Hash Join  (cost=79366.51..173503.70 rows=120580 width=0) (actual time=1300.780..3194.843 rows=377943 loops=1)
  Hash Cond: (mk.movie_id = t.id)
  ->  Seq Scan on movie_keyword mk  (cost=0.00..81003.12 rows=919538 width=4) (actual time=0.028..1336.360 rows=909252 loops=1)
        Filter: (keyword_id > 20342)
        Rows Removed by Filter: 3614678
  ->  Hash  (cost=73925.90..73925.90 rows=331568 width=4) (actual time=1299.895..1299.895 rows=445194 loops=1)
        Buckets: 131072  Batches: 8  Memory Usage: 2999kB
        ->  Seq Scan on title t  (cost=0.00..73925.90 rows=331568 width=4) (actual time=0.025..1143.151 rows=445194 loops=1)
              Filter: ((kind_id < 7) AND (production_year < 1996))
              Rows Removed by Filter: 2083118
Planning time: 0.777 ms
Execution time: 3243.005 ms
