Seq Scan on cast_info ci  (cost=0.00..796071.18 rows=176 width=0) (actual time=12924.115..13628.204 rows=339 loops=1)
  Filter: ((role_id < 2) AND (person_id = 1682084))
  Rows Removed by Filter: 36244005
Planning time: 0.379 ms
Execution time: 13628.382 ms
