Seq Scan on movie_companies mc  (cost=0.00..51404.11 rows=104 width=0) (actual time=469.698..789.301 rows=11 loops=1)
  Filter: (company_id = 104979)
  Rows Removed by Filter: 2609118
Planning time: 0.356 ms
Execution time: 789.378 ms
