Hash Join  (cost=187299.52..1343472.30 rows=11912161 width=0) (actual time=3887.912..38018.040 rows=13228130 loops=1)
  Hash Cond: (ci.movie_id = t.id)
  ->  Seq Scan on cast_info ci  (cost=0.00..614943.12 rows=36225612 width=4) (actual time=0.022..12824.699 rows=36244344 loops=1)
  ->  Hash  (cost=173658.25..173658.25 rows=831462 width=8) (actual time=3886.914..3886.914 rows=331788 loops=1)
        Buckets: 131072  Batches: 16  Memory Usage: 1817kB
        ->  Hash Join  (cost=87146.10..173658.25 rows=831462 width=8) (actual time=1972.351..3786.495 rows=331788 loops=1)
              Hash Cond: (mc.movie_id = t.id)
              ->  Seq Scan on movie_companies mc  (cost=0.00..44881.29 rows=2609129 width=4) (actual time=0.021..815.541 rows=2609129 loops=1)
              ->  Hash  (cost=73925.90..73925.90 rows=805776 width=4) (actual time=1514.579..1514.579 rows=881945 loops=1)
                    Buckets: 131072  Batches: 16  Memory Usage: 2970kB
                    ->  Seq Scan on title t  (cost=0.00..73925.90 rows=805776 width=4) (actual time=0.014..1249.345 rows=881945 loops=1)
                          Filter: ((production_year > 2001) AND (kind_id = 7))
                          Rows Removed by Filter: 1646367
Planning time: 1.223 ms
Execution time: 39564.666 ms
