Hash Join  (cost=73994.33..825567.74 rows=78425 width=0) (actual time=1132.210..17615.050 rows=161751 loops=1)
  Hash Cond: (ci.movie_id = t.id)
  ->  Seq Scan on cast_info ci  (cost=0.00..614943.12 rows=36225612 width=4) (actual time=0.022..8252.584 rows=36244344 loops=1)
  ->  Hash  (cost=73925.90..73925.90 rows=5474 width=4) (actual time=1131.837..1131.837 rows=11034 loops=1)
        Buckets: 16384 (originally 8192)  Batches: 1 (originally 1)  Memory Usage: 516kB
        ->  Seq Scan on title t  (cost=0.00..73925.90 rows=5474 width=4) (actual time=0.205..1126.174 rows=11034 loops=1)
              Filter: ((kind_id > 1) AND (production_year = 1983))
              Rows Removed by Filter: 2517278
Planning time: 0.663 ms
Execution time: 17641.612 ms
