Seq Scan on cast_info ci  (cost=0.00..705507.15 rows=500 width=0) (actual time=896.306..11063.919 rows=9 loops=1)
  Filter: (person_id = 2708773)
  Rows Removed by Filter: 36244335
Planning time: 0.442 ms
Execution time: 11064.025 ms
