Hash Join  (cost=128551.33..207386.96 rows=274611 width=0) (actual time=2759.376..5303.966 rows=369894 loops=1)
  Hash Cond: (mc.movie_id = t.id)
  ->  Seq Scan on movie_companies mc  (cost=0.00..44881.29 rows=2609129 width=4) (actual time=0.023..900.404 rows=2609129 loops=1)
  ->  Hash  (cost=124184.73..124184.73 rows=266128 width=8) (actual time=2758.330..2758.330 rows=147537 loops=1)
        Buckets: 131072  Batches: 4  Memory Usage: 2447kB
        ->  Hash Join  (cost=81925.97..124184.73 rows=266128 width=8) (actual time=1580.825..2716.345 rows=147537 loops=1)
              Hash Cond: (mi_idx.movie_id = t.id)
              ->  Seq Scan on movie_info_idx mi_idx  (cost=0.00..21735.35 rows=1380035 width=4) (actual time=0.020..473.798 rows=1380035 loops=1)
              ->  Hash  (cost=73925.90..73925.90 rows=487605 width=4) (actual time=1580.051..1580.051 rows=501779 loops=1)
                    Buckets: 131072  Batches: 8  Memory Usage: 3231kB
                    ->  Seq Scan on title t  (cost=0.00..73925.90 rows=487605 width=4) (actual time=0.030..1412.255 rows=501779 loops=1)
                          Filter: ((kind_id > 1) AND (production_year > 2008))
                          Rows Removed by Filter: 2026533
Planning time: 1.125 ms
Execution time: 5341.137 ms
