Hash Join  (cost=215616.49..722122.36 rows=4299350 width=0) (actual time=5550.420..28284.748 rows=42424146 loops=1)
  Hash Cond: (mi.movie_id = t.id)
  ->  Seq Scan on movie_info mi  (cost=0.00..346232.03 rows=9767026 width=4) (actual time=0.006..6919.136 rows=9911754 loops=1)
        Filter: (info_type_id > 4)
        Rows Removed by Filter: 4923966
  ->  Hash  (cost=197355.58..197355.58 rows=1113033 width=8) (actual time=5549.270..5549.270 rows=1274246 loops=1)
        Buckets: 131072 (originally 131072)  Batches: 32 (originally 16)  Memory Usage: 3073kB
        ->  Hash Join  (cost=102767.86..197355.58 rows=1113033 width=8) (actual time=2545.176..5191.531 rows=1274246 loops=1)
              Hash Cond: (mc.movie_id = t.id)
              ->  Seq Scan on movie_companies mc  (cost=0.00..57926.93 rows=1113033 width=4) (actual time=0.025..1241.828 rows=1274246 loops=1)
                    Filter: ((company_id < 89087) AND (company_type_id < 2))
                    Rows Removed by Filter: 1334883
              ->  Hash  (cost=61283.27..61283.27 rows=2528527 width=4) (actual time=2543.829..2543.829 rows=2528312 loops=1)
                    Buckets: 131072  Batches: 64  Memory Usage: 2415kB
                    ->  Seq Scan on title t  (cost=0.00..61283.27 rows=2528527 width=4) (actual time=0.014..1090.881 rows=2528312 loops=1)
Planning time: 1.163 ms
Execution time: 32873.511 ms
