Hash Join  (cost=666650.12..2234318.02 rows=36757626 width=0) (actual time=16353.486..52551.264 rows=24437742 loops=1)
  Hash Cond: (ci.movie_id = t.id)
  ->  Seq Scan on cast_info ci  (cost=0.00..705507.15 rows=29108510 width=4) (actual time=829.245..16152.854 rows=29181255 loops=1)
        Filter: (person_id > 682231)
        Rows Removed by Filter: 7063089
  ->  Hash  (cost=614264.97..614264.97 rows=3192972 width=8) (actual time=15522.172..15522.172 rows=1702800 loops=1)
        Buckets: 131072  Batches: 64  Memory Usage: 2029kB
        ->  Hash Join  (cost=84171.54..614264.97 rows=3192972 width=8) (actual time=1331.990..15055.206 rows=1702800 loops=1)
              Hash Cond: (mi.movie_id = t.id)
              ->  Seq Scan on movie_info mi  (cost=0.00..346232.03 rows=12928982 width=4) (actual time=0.029..6938.997 rows=12970088 loops=1)
                    Filter: (info_type_id < 18)
                    Rows Removed by Filter: 1865632
              ->  Hash  (cost=73925.90..73925.90 rows=624451 width=4) (actual time=1331.012..1331.012 rows=521141 loops=1)
                    Buckets: 131072  Batches: 16  Memory Usage: 2174kB
                    ->  Seq Scan on title t  (cost=0.00..73925.90 rows=624451 width=4) (actual time=327.887..1155.224 rows=521141 loops=1)
                          Filter: ((production_year < 2000) AND (kind_id = 7))
                          Rows Removed by Filter: 2007171
Planning time: 1.148 ms
Execution time: 55337.274 ms
