Hash Join  (cost=563184.36..1901056.06 rows=7559646 width=0) (actual time=13272.587..46165.648 rows=10556210 loops=1)
  Hash Cond: (ci.movie_id = t.id)
  ->  Seq Scan on cast_info ci  (cost=0.00..614943.12 rows=36225612 width=4) (actual time=0.039..13134.692 rows=36244344 loops=1)
  ->  Hash  (cost=554526.62..554526.62 rows=527659 width=8) (actual time=13270.683..13270.683 rows=769577 loops=1)
        Buckets: 131072 (originally 131072)  Batches: 16 (originally 8)  Memory Usage: 3073kB
        ->  Hash Join  (cost=69090.10..554526.62 rows=527659 width=8) (actual time=1655.778..13027.000 rows=769577 loops=1)
              Hash Cond: (mi.movie_id = t.id)
              ->  Seq Scan on movie_info mi  (cost=0.00..309384.22 rows=14739122 width=4) (actual time=0.006..6408.159 rows=14835720 loops=1)
              ->  Hash  (cost=67604.59..67604.59 rows=90521 width=4) (actual time=1078.811..1078.811 rows=90852 loops=1)
                    Buckets: 131072  Batches: 2  Memory Usage: 2632kB
                    ->  Seq Scan on title t  (cost=0.00..67604.59 rows=90521 width=4) (actual time=0.008..1043.767 rows=90852 loops=1)
                          Filter: (kind_id = 2)
                          Rows Removed by Filter: 2437460
Planning time: 1.046 ms
Execution time: 47400.866 ms
