Hash Join  (cost=159510.30..245267.82 rows=776700 width=0) (actual time=3856.796..6407.003 rows=1410888 loops=1)
  Hash Cond: (mc.movie_id = t.id)
  ->  Seq Scan on movie_companies mc  (cost=0.00..44881.29 rows=2609129 width=4) (actual time=0.019..1018.771 rows=2609129 loops=1)
  ->  Hash  (cost=147160.47..147160.47 rows=752706 width=8) (actual time=3855.858..3855.858 rows=617706 loops=1)
        Buckets: 131072  Batches: 16  Memory Usage: 2548kB
        ->  Hash Join  (cost=96552.93..147160.47 rows=752706 width=8) (actual time=2074.768..3659.256 rows=617706 loops=1)
              Hash Cond: (mi_idx.movie_id = t.id)
              ->  Seq Scan on movie_info_idx mi_idx  (cost=0.00..21735.35 rows=1380035 width=4) (actual time=0.028..492.243 rows=1380035 loops=1)
              ->  Hash  (cost=73925.90..73925.90 rows=1379122 width=4) (actual time=2073.130..2073.130 rows=1506535 loops=1)
                    Buckets: 131072  Batches: 32  Memory Usage: 2690kB
                    ->  Seq Scan on title t  (cost=0.00..73925.90 rows=1379122 width=4) (actual time=0.017..1573.076 rows=1506535 loops=1)
                          Filter: ((kind_id > 1) AND (production_year > 1984))
                          Rows Removed by Filter: 1021777
Planning time: 1.111 ms
Execution time: 6562.005 ms
