Seq Scan on cast_info ci  (cost=0.00..796071.18 rows=8985687 width=0) (actual time=0.017..15835.127 rows=12670688 loops=1)
  Filter: ((person_id < 2643005) AND (role_id = 1))
  Rows Removed by Filter: 23573656
Planning time: 0.404 ms
Execution time: 17391.318 ms
