Seq Scan on movie_keyword mk  (cost=0.00..81003.12 rows=246 width=0) (actual time=3.106..1304.867 rows=1562 loops=1)
  Filter: (keyword_id = 3309)
  Rows Removed by Filter: 4522368
Planning time: 0.350 ms
Execution time: 1305.371 ms
