Hash Join  (cost=141953.15..285264.69 rows=847456 width=0) (actual time=5273.329..6710.355 rows=669546 loops=1)
  Hash Cond: (mk.movie_id = t.id)
  ->  Seq Scan on movie_keyword mk  (cost=0.00..81003.12 rows=4494629 width=4) (actual time=0.022..1835.980 rows=4497668 loops=1)
        Filter: (keyword_id > 18)
        Rows Removed by Filter: 26262
  ->  Hash  (cost=134130.77..134130.77 rows=476750 width=8) (actual time=2967.581..2967.581 rows=237921 loops=1)
        Buckets: 131072  Batches: 8  Memory Usage: 2182kB
        ->  Hash Join  (cost=88257.79..134130.77 rows=476750 width=8) (actual time=1800.062..2896.855 rows=237921 loops=1)
              Hash Cond: (mi_idx.movie_id = t.id)
              ->  Seq Scan on movie_info_idx mi_idx  (cost=0.00..21735.35 rows=1380035 width=4) (actual time=0.020..439.284 rows=1380035 loops=1)
              ->  Hash  (cost=73925.90..73925.90 rows=873511 width=4) (actual time=1625.463..1625.463 rows=957299 loops=1)
                    Buckets: 131072  Batches: 16  Memory Usage: 3134kB
                    ->  Seq Scan on title t  (cost=0.00..73925.90 rows=873511 width=4) (actual time=0.023..1324.814 rows=957299 loops=1)
                          Filter: ((production_year > 1999) AND (kind_id = 7))
                          Rows Removed by Filter: 1571013
Planning time: 1.153 ms
Execution time: 6788.973 ms
