Hash Join  (cost=130386.76..218872.65 rows=1204 width=0) (actual time=2193.490..3968.010 rows=18214 loops=1)
  Hash Cond: (mk.movie_id = t.id)
  ->  Seq Scan on movie_keyword mk  (cost=0.00..81003.12 rows=1992194 width=4) (actual time=0.027..1456.361 rows=1998763 loops=1)
        Filter: (keyword_id > 6259)
        Rows Removed by Filter: 2525167
  ->  Hash  (cost=130367.65..130367.65 rows=1528 width=8) (actual time=2192.239..2192.239 rows=5661 loops=1)
        Buckets: 8192 (originally 2048)  Batches: 1 (originally 1)  Memory Usage: 286kB
        ->  Hash Join  (cost=73962.22..130367.65 rows=1528 width=8) (actual time=1167.337..2189.568 rows=5661 loops=1)
              Hash Cond: (mc.movie_id = t.id)
              ->  Seq Scan on movie_companies mc  (cost=0.00..51404.11 rows=1329612 width=4) (actual time=93.998..898.066 rows=1334883 loops=1)
                    Filter: (company_type_id = 2)
                    Rows Removed by Filter: 1274246
              ->  Hash  (cost=73925.90..73925.90 rows=2905 width=4) (actual time=1073.135..1073.135 rows=6093 loops=1)
                    Buckets: 8192 (originally 4096)  Batches: 1 (originally 1)  Memory Usage: 279kB
                    ->  Seq Scan on title t  (cost=0.00..73925.90 rows=2905 width=4) (actual time=6.605..1070.272 rows=6093 loops=1)
                          Filter: ((kind_id < 7) AND (production_year = 1977))
                          Rows Removed by Filter: 2522219
Planning time: 1.814 ms
Execution time: 3970.648 ms
