Hash Join  (cost=299432.96..978668.16 rows=15237047 width=0) (actual time=6805.238..50054.275 rows=142250217 loops=1)
  Hash Cond: (mi.movie_id = t.id)
  ->  Seq Scan on movie_info mi  (cost=0.00..309384.22 rows=14739122 width=4) (actual time=0.021..6228.494 rows=14835720 loops=1)
  ->  Hash  (cost=256547.62..256547.62 rows=2613947 width=8) (actual time=6801.359..6801.359 rows=2605989 loops=1)
        Buckets: 131072  Batches: 64  Memory Usage: 2716kB
        ->  Hash Join  (cost=102767.86..256547.62 rows=2613947 width=8) (actual time=1982.628..6075.906 rows=2605989 loops=1)
              Hash Cond: (mk.movie_id = t.id)
              ->  Seq Scan on movie_keyword mk  (cost=0.00..81003.12 rows=2613947 width=4) (actual time=0.049..1794.634 rows=2605989 loops=1)
                    Filter: (keyword_id > 3304)
                    Rows Removed by Filter: 1917941
              ->  Hash  (cost=61283.27..61283.27 rows=2528527 width=4) (actual time=1980.818..1980.818 rows=2528312 loops=1)
                    Buckets: 131072  Batches: 64  Memory Usage: 2425kB
                    ->  Seq Scan on title t  (cost=0.00..61283.27 rows=2528527 width=4) (actual time=0.039..1110.723 rows=2528312 loops=1)
Planning time: 1.130 ms
Execution time: 65399.195 ms
