Seq Scan on movie_info mi  (cost=0.00..346232.03 rows=17937 width=0) (actual time=645.297..4128.776 rows=6527 loops=1)
  Filter: (info_type_id = 76)
  Rows Removed by Filter: 14829193
Planning time: 3.570 ms
Execution time: 4129.791 ms
