Hash Join  (cost=484103.28..1309039.59 rows=2549292 width=0) (actual time=18258.213..26293.978 rows=1758147 loops=1)
  Hash Cond: (ci.movie_id = t.id)
  ->  Seq Scan on cast_info ci  (cost=0.00..705507.15 rows=7846468 width=4) (actual time=9433.587..13618.917 rows=7712640 loops=1)
        Filter: (role_id > 6)
        Rows Removed by Filter: 28531704
  ->  Hash  (cost=470624.40..470624.40 rows=821510 width=8) (actual time=8823.406..8823.406 rows=358313 loops=1)
        Buckets: 131072  Batches: 16  Memory Usage: 1895kB
        ->  Hash Join  (cost=92883.59..470624.40 rows=821510 width=8) (actual time=3252.469..8719.348 rows=358313 loops=1)
              Hash Cond: (mi.movie_id = t.id)
              ->  Seq Scan on movie_info mi  (cost=0.00..346232.03 rows=1348138 width=4) (actual time=1425.481..5781.767 rows=1298989 loops=1)
                    Filter: (info_type_id = 4)
                    Rows Removed by Filter: 13536731
              ->  Hash  (cost=67604.59..67604.59 rows=1540800 width=4) (actual time=1825.801..1825.801 rows=1543264 loops=1)
                    Buckets: 131072  Batches: 32  Memory Usage: 2728kB
                    ->  Seq Scan on title t  (cost=0.00..67604.59 rows=1540800 width=4) (actual time=305.351..1329.398 rows=1543264 loops=1)
                          Filter: (kind_id = 7)
                          Rows Removed by Filter: 985048
Planning time: 0.817 ms
Execution time: 26484.716 ms
