Hash Join  (cost=191743.86..1302534.05 rows=7494302 width=0) (actual time=4195.580..41864.526 rows=28344020 loops=1)
  Hash Cond: (ci.movie_id = t.id)
  ->  Seq Scan on cast_info ci  (cost=0.00..614943.12 rows=36225612 width=4) (actual time=0.023..13897.356 rows=36244344 loops=1)
  ->  Hash  (cost=183161.14..183161.14 rows=523098 width=8) (actual time=4194.543..4194.543 rows=732096 loops=1)
        Buckets: 131072 (originally 131072)  Batches: 16 (originally 8)  Memory Usage: 3073kB
        ->  Hash Join  (cost=102767.86..183161.14 rows=523098 width=8) (actual time=1947.981..3966.934 rows=732096 loops=1)
              Hash Cond: (mc.movie_id = t.id)
              ->  Seq Scan on movie_companies mc  (cost=0.00..57926.93 rows=523098 width=4) (actual time=0.026..986.788 rows=732096 loops=1)
                    Filter: ((company_id < 6393) AND (company_type_id = 1))
                    Rows Removed by Filter: 1877033
              ->  Hash  (cost=61283.27..61283.27 rows=2528527 width=4) (actual time=1946.248..1946.248 rows=2528312 loops=1)
                    Buckets: 131072  Batches: 64  Memory Usage: 2415kB
                    ->  Seq Scan on title t  (cost=0.00..61283.27 rows=2528527 width=4) (actual time=0.022..1085.790 rows=2528312 loops=1)
Planning time: 1.088 ms
Execution time: 44858.127 ms
