Hash Join  (cost=67697.55..153311.76 rows=3588 width=0) (actual time=821.790..2389.236 rows=13282 loops=1)
  Hash Cond: (mk.movie_id = t.id)
  ->  Seq Scan on movie_keyword mk  (cost=0.00..81003.12 rows=1220055 width=4) (actual time=0.022..1318.488 rows=1228441 loops=1)
        Filter: (keyword_id < 1558)
        Rows Removed by Filter: 3295489
  ->  Hash  (cost=67604.59..67604.59 rows=7437 width=4) (actual time=821.685..821.685 rows=20122 loops=1)
        Buckets: 32768 (originally 8192)  Batches: 1 (originally 1)  Memory Usage: 964kB
        ->  Seq Scan on title t  (cost=0.00..67604.59 rows=7437 width=4) (actual time=0.015..813.268 rows=20122 loops=1)
              Filter: (production_year = 1987)
              Rows Removed by Filter: 2508190
Planning time: 0.721 ms
Execution time: 2391.521 ms
