Seq Scan on movie_companies mc  (cost=0.00..51404.11 rows=1594733 width=0) (actual time=0.025..912.926 rows=1586409 loops=1)
  Filter: (company_id < 15845)
  Rows Removed by Filter: 1022720
Planning time: 0.320 ms
Execution time: 1093.092 ms
