Hash Join  (cost=73962.22..825167.57 rows=41619 width=0) (actual time=1223.849..18413.009 rows=140950 loops=1)
  Hash Cond: (ci.movie_id = t.id)
  ->  Seq Scan on cast_info ci  (cost=0.00..614943.12 rows=36225612 width=4) (actual time=0.012..8724.391 rows=36244344 loops=1)
  ->  Hash  (cost=73925.90..73925.90 rows=2905 width=4) (actual time=1223.708..1223.708 rows=8126 loops=1)
        Buckets: 8192 (originally 4096)  Batches: 1 (originally 1)  Memory Usage: 350kB
        ->  Seq Scan on title t  (cost=0.00..73925.90 rows=2905 width=4) (actual time=3.462..1219.825 rows=8126 loops=1)
              Filter: ((kind_id < 7) AND (production_year = 1987))
              Rows Removed by Filter: 2520186
Planning time: 0.630 ms
Execution time: 18441.102 ms
