Seq Scan on movie_companies mc  (cost=0.00..57926.93 rows=401342 width=0) (actual time=335.036..937.525 rows=575186 loops=1)
  Filter: ((company_id < 1865) AND (company_type_id = 1))
  Rows Removed by Filter: 2033943
Planning time: 0.410 ms
Execution time: 1008.484 ms
