Hash Join  (cost=67697.55..123769.07 rows=3632 width=0) (actual time=1069.461..2291.986 rows=10380 loops=1)
  Hash Cond: (mc.movie_id = t.id)
  ->  Seq Scan on movie_companies mc  (cost=0.00..51404.11 rows=1234958 width=4) (actual time=0.013..977.925 rows=1223559 loops=1)
        Filter: (company_id < 11141)
        Rows Removed by Filter: 1385570
  ->  Hash  (cost=67604.59..67604.59 rows=7437 width=4) (actual time=1067.469..1067.469 rows=11121 loops=1)
        Buckets: 16384 (originally 8192)  Batches: 1 (originally 1)  Memory Usage: 519kB
        ->  Seq Scan on title t  (cost=0.00..67604.59 rows=7437 width=4) (actual time=0.235..1061.740 rows=11121 loops=1)
              Filter: (production_year = 1960)
              Rows Removed by Filter: 2517191
Planning time: 0.711 ms
Execution time: 2293.769 ms
