Hash Join  (cost=218586.79..1192075.29 rows=7601747 width=0) (actual time=6891.744..35602.399 rows=23374824 loops=1)
  Hash Cond: (ci.movie_id = t.id)
  ->  Seq Scan on cast_info ci  (cost=0.00..705507.15 rows=16201301 width=4) (actual time=1243.442..13749.308 rows=16121683 loops=1)
        Filter: (role_id > 2)
        Rows Removed by Filter: 20122661
  ->  Hash  (cost=199121.79..199121.79 rows=1186400 width=8) (actual time=5647.371..5647.371 rows=1274246 loops=1)
        Buckets: 131072 (originally 131072)  Batches: 32 (originally 16)  Memory Usage: 3073kB
        ->  Hash Join  (cost=102767.86..199121.79 rows=1186400 width=8) (actual time=2258.639..4650.466 rows=1274246 loops=1)
              Hash Cond: (mc.movie_id = t.id)
              ->  Seq Scan on movie_companies mc  (cost=0.00..57926.93 rows=1186400 width=4) (actual time=133.970..1067.866 rows=1274246 loops=1)
                    Filter: ((company_id < 116487) AND (company_type_id < 2))
                    Rows Removed by Filter: 1334883
              ->  Hash  (cost=61283.27..61283.27 rows=2528527 width=4) (actual time=2123.542..2123.542 rows=2528312 loops=1)
                    Buckets: 131072  Batches: 64  Memory Usage: 2415kB
                    ->  Seq Scan on title t  (cost=0.00..61283.27 rows=2528527 width=4) (actual time=0.024..1260.391 rows=2528312 loops=1)
Planning time: 0.890 ms
Execution time: 38353.581 ms
