Hash Join  (cost=102767.86..214515.15 rows=867087 width=0) (actual time=2011.313..4532.198 rows=876065 loops=1)
  Hash Cond: (mk.movie_id = t.id)
  ->  Seq Scan on movie_keyword mk  (cost=0.00..81003.12 rows=867087 width=4) (actual time=0.016..1466.975 rows=876065 loops=1)
        Filter: (keyword_id > 21072)
        Rows Removed by Filter: 3647865
  ->  Hash  (cost=61283.27..61283.27 rows=2528527 width=4) (actual time=2007.984..2007.984 rows=2528312 loops=1)
        Buckets: 131072  Batches: 64  Memory Usage: 2425kB
        ->  Seq Scan on title t  (cost=0.00..61283.27 rows=2528527 width=4) (actual time=0.015..1168.258 rows=2528312 loops=1)
Planning time: 0.622 ms
Execution time: 4633.297 ms
