Seq Scan on title t  (cost=0.00..73925.90 rows=1963 width=0) (actual time=641.794..1053.793 rows=3753 loops=1)
  Filter: ((kind_id < 2) AND (production_year = 1965))
  Rows Removed by Filter: 2524559
Planning time: 0.425 ms
Execution time: 1054.739 ms
