Hash Join  (cost=153673.79..1202475.78 rows=1459983 width=0) (actual time=3981.806..31116.039 rows=1971967 loops=1)
  Hash Cond: (ci.movie_id = t.id)
  ->  Seq Scan on cast_info ci  (cost=0.00..614943.12 rows=36225612 width=4) (actual time=0.007..12725.875 rows=36244344 loops=1)
  ->  Hash  (cost=152000.96..152000.96 rows=101906 width=8) (actual time=3980.964..3980.964 rows=48095 loops=1)
        Buckets: 131072  Batches: 2  Memory Usage: 1956kB
        ->  Hash Join  (cost=75546.38..152000.96 rows=101906 width=8) (actual time=1267.958..3960.546 rows=48095 loops=1)
              Hash Cond: (mc.movie_id = t.id)
              ->  Seq Scan on movie_companies mc  (cost=0.00..44881.29 rows=2609129 width=4) (actual time=0.012..1005.442 rows=2609129 loops=1)
              ->  Hash  (cost=73925.90..73925.90 rows=98758 width=4) (actual time=1265.042..1265.042 rows=106661 loops=1)
                    Buckets: 131072  Batches: 2  Memory Usage: 2897kB
                    ->  Seq Scan on title t  (cost=0.00..73925.90 rows=98758 width=4) (actual time=0.023..1225.688 rows=106661 loops=1)
                          Filter: ((kind_id > 4) AND (production_year = 2011))
                          Rows Removed by Filter: 2421651
Planning time: 1.140 ms
Execution time: 31353.961 ms
