Hash Join  (cost=207785.32..1039774.72 rows=368716 width=0) (actual time=6748.182..19185.427 rows=1035933 loops=1)
  Hash Cond: (ci.movie_id = t.id)
  ->  Seq Scan on cast_info ci  (cost=0.00..796071.18 rows=2669350 width=4) (actual time=2239.581..13084.130 rows=2838738 loops=1)
        Filter: ((person_id > 2334050) AND (role_id = 2))
        Rows Removed by Filter: 33405606
  ->  Hash  (cost=202054.52..202054.52 rows=349264 width=8) (actual time=4503.270..4503.270 rows=363692 loops=1)
        Buckets: 131072  Batches: 8  Memory Usage: 2828kB
        ->  Hash Join  (cost=102767.86..202054.52 rows=349264 width=8) (actual time=2402.372..4397.122 rows=363692 loops=1)
              Hash Cond: (mk.movie_id = t.id)
              ->  Seq Scan on movie_keyword mk  (cost=0.00..81003.12 rows=349264 width=4) (actual time=0.028..1298.075 rows=363692 loops=1)
                    Filter: (keyword_id < 335)
                    Rows Removed by Filter: 4160238
              ->  Hash  (cost=61283.27..61283.27 rows=2528527 width=4) (actual time=2400.893..2400.893 rows=2528312 loops=1)
                    Buckets: 131072  Batches: 64  Memory Usage: 2425kB
                    ->  Seq Scan on title t  (cost=0.00..61283.27 rows=2528527 width=4) (actual time=0.016..1227.865 rows=2528312 loops=1)
Planning time: 1.143 ms
Execution time: 19307.158 ms
