Hash Join  (cost=263115.61..1344544.61 rows=11645682 width=0) (actual time=8422.043..37430.548 rows=27322258 loops=1)
  Hash Cond: (ci.movie_id = t.id)
  ->  Seq Scan on cast_info ci  (cost=0.00..796071.18 rows=11285920 width=4) (actual time=2322.308..17229.123 rows=12670688 loops=1)
        Filter: ((person_id < 3299476) AND (role_id = 1))
        Rows Removed by Filter: 23573656
  ->  Hash  (cost=220309.49..220309.49 rows=2609129 width=8) (actual time=6098.478..6098.478 rows=2609129 loops=1)
        Buckets: 131072  Batches: 64  Memory Usage: 2610kB
        ->  Hash Join  (cost=102767.86..220309.49 rows=2609129 width=8) (actual time=1923.337..5397.925 rows=2609129 loops=1)
              Hash Cond: (mc.movie_id = t.id)
              ->  Seq Scan on movie_companies mc  (cost=0.00..44881.29 rows=2609129 width=4) (actual time=0.024..984.940 rows=2609129 loops=1)
              ->  Hash  (cost=61283.27..61283.27 rows=2528527 width=4) (actual time=1921.396..1921.396 rows=2528312 loops=1)
                    Buckets: 131072  Batches: 64  Memory Usage: 2415kB
                    ->  Seq Scan on title t  (cost=0.00..61283.27 rows=2528527 width=4) (actual time=0.020..1062.854 rows=2528312 loops=1)
Planning time: 1.160 ms
Execution time: 40480.734 ms
