Nested Loop  (cost=0.43..83072.90 rows=5 width=0) (actual time=458.867..1359.385 rows=3 loops=1)
  ->  Seq Scan on movie_keyword mk  (cost=0.00..81003.12 rows=246 width=4) (actual time=1.576..1306.956 rows=1600 loops=1)
        Filter: (keyword_id = 10474)
        Rows Removed by Filter: 4522330
  ->  Index Scan using title_pkey on title t  (cost=0.43..8.40 rows=1 width=4) (actual time=0.032..0.032 rows=0 loops=1600)
        Index Cond: (id = mk.movie_id)
        Filter: ((kind_id > 1) AND (production_year = 2013))
        Rows Removed by Filter: 1
Planning time: 0.796 ms
Execution time: 1359.480 ms
