Hash Join  (cost=102767.86..178746.02 rows=339645 width=0) (actual time=1994.911..3346.301 rows=33444 loops=1)
  Hash Cond: (mc.movie_id = t.id)
  ->  Seq Scan on movie_companies mc  (cost=0.00..57926.93 rows=339645 width=4) (actual time=0.023..941.996 rows=33444 loops=1)
        Filter: ((company_id > 45802) AND (company_type_id = 1))
        Rows Removed by Filter: 2575685
  ->  Hash  (cost=61283.27..61283.27 rows=2528527 width=4) (actual time=1993.820..1993.820 rows=2528312 loops=1)
        Buckets: 131072  Batches: 64  Memory Usage: 2415kB
        ->  Seq Scan on title t  (cost=0.00..61283.27 rows=2528527 width=4) (actual time=0.017..1156.478 rows=2528312 loops=1)
Planning time: 0.786 ms
Execution time: 3350.380 ms
