Seq Scan on cast_info ci  (cost=0.00..796071.18 rows=21932015 width=0) (actual time=0.016..15936.585 rows=24153735 loops=1)
  Filter: ((person_id < 2599749) AND (role_id < 10))
  Rows Removed by Filter: 12090609
Planning time: 0.283 ms
Execution time: 18940.112 ms
