Seq Scan on movie_companies mc  (cost=0.00..51404.11 rows=2044593 width=0) (actual time=0.021..909.799 rows=2039670 loops=1)
  Filter: (company_id < 71396)
  Rows Removed by Filter: 569459
Planning time: 0.325 ms
Execution time: 1155.528 ms
