Hash Join  (cost=423356.82..481226.91 rows=20383 width=0) (actual time=6627.529..7868.184 rows=93916 loops=1)
  Hash Cond: (mc.movie_id = t.id)
  ->  Seq Scan on movie_companies mc  (cost=0.00..51404.11 rows=1669906 width=4) (actual time=0.016..912.292 rows=1669687 loops=1)
        Filter: (company_id > 3464)
        Rows Removed by Filter: 939442
  ->  Hash  (cost=422971.02..422971.02 rows=30864 width=8) (actual time=6627.241..6627.241 rows=11024 loops=1)
        Buckets: 32768  Batches: 1  Memory Usage: 687kB
        ->  Hash Join  (cost=70308.29..422971.02 rows=30864 width=8) (actual time=4998.634..6623.058 rows=11024 loops=1)
              Hash Cond: (mi.movie_id = t.id)
              ->  Seq Scan on movie_info mi  (cost=0.00..346232.03 rows=473617 width=4) (actual time=3896.348..5302.183 rows=486554 loops=1)
                    Filter: (info_type_id = 5)
                    Rows Removed by Filter: 14349166
              ->  Hash  (cost=67604.59..67604.59 rows=164776 width=4) (actual time=1100.251..1100.251 rows=164307 loops=1)
                    Buckets: 131072  Batches: 4  Memory Usage: 2488kB
                    ->  Seq Scan on title t  (cost=0.00..67604.59 rows=164776 width=4) (actual time=0.021..1037.435 rows=164307 loops=1)
                          Filter: (production_year = 2012)
                          Rows Removed by Filter: 2364005
Planning time: 1.474 ms
Execution time: 7880.709 ms
