Hash Join  (cost=165990.34..1026654.09 rows=707938 width=0) (actual time=10469.408..23189.081 rows=6610730 loops=1)
  Hash Cond: (ci.movie_id = t.id)
  ->  Seq Scan on cast_info ci  (cost=0.00..796071.18 rows=4849386 width=4) (actual time=6869.148..14255.761 rows=8202172 loops=1)
        Filter: ((person_id > 2203672) AND (role_id > 3))
        Rows Removed by Filter: 28042172
  ->  Hash  (cost=159934.25..159934.25 rows=369127 width=8) (actual time=3599.126..3599.126 rows=505570 loops=1)
        Buckets: 131072  Batches: 8  Memory Usage: 3472kB
        ->  Hash Join  (cost=79795.46..159934.25 rows=369127 width=8) (actual time=1244.773..3462.862 rows=505570 loops=1)
              Hash Cond: (mc.movie_id = t.id)
              ->  Seq Scan on movie_companies mc  (cost=0.00..44881.29 rows=2609129 width=4) (actual time=0.023..891.137 rows=2609129 loops=1)
              ->  Hash  (cost=73925.90..73925.90 rows=357724 width=4) (actual time=1243.885..1243.885 rows=285602 loops=1)
                    Buckets: 131072  Batches: 8  Memory Usage: 2279kB
                    ->  Seq Scan on title t  (cost=0.00..73925.90 rows=357724 width=4) (actual time=0.023..1152.321 rows=285602 loops=1)
                          Filter: ((kind_id < 3) AND (production_year > 2003))
                          Rows Removed by Filter: 2242710
Planning time: 1.916 ms
Execution time: 23884.408 ms
