Seq Scan on movie_companies mc  (cost=0.00..57926.93 rows=952536 width=0) (actual time=0.059..1077.189 rows=800556 loops=1)
  Filter: ((company_id > 963) AND (company_type_id < 2))
  Rows Removed by Filter: 1808573
Planning time: 0.404 ms
Execution time: 1176.872 ms
