Nested Loop  (cost=0.43..798787.41 rows=324 width=0) (actual time=4679.616..13632.616 rows=559 loops=1)
  ->  Seq Scan on cast_info ci  (cost=0.00..796071.18 rows=324 width=4) (actual time=4678.866..13617.404 rows=559 loops=1)
        Filter: ((role_id > 1) AND (person_id = 181300))
        Rows Removed by Filter: 36243785
  ->  Index Only Scan using title_pkey on title t  (cost=0.43..8.37 rows=1 width=4) (actual time=0.026..0.027 rows=1 loops=559)
        Index Cond: (id = ci.movie_id)
        Heap Fetches: 559
Planning time: 0.850 ms
Execution time: 13632.855 ms
