Hash Join  (cost=74344.78..101438.15 rows=18289 width=0) (actual time=1289.848..1709.205 rows=24604 loops=1)
  Hash Cond: (mi_idx.movie_id = t.id)
  ->  Seq Scan on movie_info_idx mi_idx  (cost=0.00..21735.35 rows=1380035 width=4) (actual time=0.026..324.935 rows=1380035 loops=1)
  ->  Hash  (cost=73925.90..73925.90 rows=33510 width=4) (actual time=1090.697..1090.697 rows=22107 loops=1)
        Buckets: 65536  Batches: 1  Memory Usage: 1290kB
        ->  Seq Scan on title t  (cost=0.00..73925.90 rows=33510 width=4) (actual time=165.433..1082.071 rows=22107 loops=1)
              Filter: ((kind_id = 1) AND (production_year = 2008))
              Rows Removed by Filter: 2506205
Planning time: 0.767 ms
Execution time: 1712.854 ms
