Hash Join  (cost=66239.96..431004.02 rows=10813 width=0) (actual time=910.522..7760.880 rows=66002 loops=1)
  Hash Cond: (mi.movie_id = t.id)
  ->  Seq Scan on movie_info mi  (cost=0.00..309384.22 rows=14739122 width=4) (actual time=0.013..4020.536 rows=14835720 loops=1)
  ->  Hash  (cost=66216.77..66216.77 rows=1855 width=8) (actual time=910.299..910.299 rows=4712 loops=1)
        Buckets: 8192 (originally 2048)  Batches: 1 (originally 1)  Memory Usage: 249kB
        ->  Nested Loop  (cost=0.43..66216.77 rows=1855 width=8) (actual time=0.676..907.679 rows=4712 loops=1)
              ->  Seq Scan on movie_companies mc  (cost=0.00..51404.11 rows=1855 width=4) (actual time=0.630..767.050 rows=4712 loops=1)
                    Filter: (company_id < 6)
                    Rows Removed by Filter: 2604417
              ->  Index Only Scan using title_pkey on title t  (cost=0.43..7.98 rows=1 width=4) (actual time=0.029..0.029 rows=1 loops=4712)
                    Index Cond: (id = mc.movie_id)
                    Heap Fetches: 4712
Planning time: 1.604 ms
Execution time: 7771.116 ms
