Hash Join  (cost=77062.89..999370.37 rows=3533823 width=0) (actual time=1800.869..24099.407 rows=3563723 loops=1)
  Hash Cond: (ci.movie_id = t.id)
  ->  Seq Scan on cast_info ci  (cost=0.00..705507.15 rows=15499228 width=4) (actual time=0.014..13984.074 rows=15371624 loops=1)
        Filter: (person_id < 1515097)
        Rows Removed by Filter: 20872720
  ->  Hash  (cost=67604.59..67604.59 rows=576504 width=4) (actual time=1799.924..1799.924 rows=568449 loops=1)
        Buckets: 131072  Batches: 8  Memory Usage: 3513kB
        ->  Seq Scan on title t  (cost=0.00..67604.59 rows=576504 width=4) (actual time=0.026..1232.751 rows=568449 loops=1)
              Filter: (production_year < 1984)
              Rows Removed by Filter: 1959863
Planning time: 2.090 ms
Execution time: 24511.550 ms
