Seq Scan on cast_info ci  (cost=0.00..796071.18 rows=435 width=0) (actual time=2748.164..13888.394 rows=165 loops=1)
  Filter: ((role_id < 10) AND (person_id = 1278396))
  Rows Removed by Filter: 36244179
Planning time: 0.365 ms
Execution time: 13888.560 ms
