Hash Join  (cost=187971.44..325475.21 rows=1272373 width=0) (actual time=3875.210..7769.158 rows=1315464 loops=1)
  Hash Cond: (mk.movie_id = t.id)
  ->  Seq Scan on movie_keyword mk  (cost=0.00..69693.30 rows=4523930 width=4) (actual time=0.016..1340.719 rows=4523930 loops=1)
  ->  Hash  (cost=176303.96..176303.96 rows=711158 width=8) (actual time=3873.899..3873.899 rows=388056 loops=1)
        Buckets: 131072  Batches: 16  Memory Usage: 1984kB
        ->  Hash Join  (cost=98137.04..176303.96 rows=711158 width=8) (actual time=1813.070..3751.893 rows=388056 loops=1)
              Hash Cond: (mc.movie_id = t.id)
              ->  Seq Scan on movie_companies mc  (cost=0.00..51404.11 rows=966247 width=4) (actual time=0.025..993.840 rows=976369 loops=1)
                    Filter: (company_id > 17473)
                    Rows Removed by Filter: 1632760
              ->  Hash  (cost=67604.59..67604.59 rows=1860996 width=4) (actual time=1811.662..1811.662 rows=1865487 loops=1)
                    Buckets: 131072  Batches: 32  Memory Usage: 3079kB
                    ->  Seq Scan on title t  (cost=0.00..67604.59 rows=1860996 width=4) (actual time=0.009..1235.842 rows=1865487 loops=1)
                          Filter: (kind_id > 1)
                          Rows Removed by Filter: 662825
Planning time: 1.226 ms
Execution time: 7922.855 ms
