Nested Loop  (cost=0.43..52284.21 rows=34 width=0) (actual time=0.964..780.178 rows=10 loops=1)
  ->  Seq Scan on movie_companies mc  (cost=0.00..51404.11 rows=104 width=4) (actual time=0.928..777.679 rows=42 loops=1)
        Filter: (company_id = 10672)
        Rows Removed by Filter: 2609087
  ->  Index Scan using title_pkey on title t  (cost=0.43..8.45 rows=1 width=4) (actual time=0.056..0.057 rows=0 loops=42)
        Index Cond: (id = mc.movie_id)
        Filter: ((production_year < 2005) AND (kind_id = 7))
        Rows Removed by Filter: 1
Planning time: 0.795 ms
Execution time: 780.287 ms
