Seq Scan on movie_companies mc  (cost=0.00..57926.93 rows=51 width=0) (actual time=9.710..911.477 rows=15 loops=1)
  Filter: ((company_type_id < 2) AND (company_id = 13212))
  Rows Removed by Filter: 2609114
Planning time: 0.436 ms
Execution time: 911.580 ms
