Seq Scan on title t  (cost=0.00..73925.90 rows=951988 width=0) (actual time=0.012..1367.117 rows=956688 loops=1)
  Filter: ((kind_id < 7) AND (production_year > 1908))
  Rows Removed by Filter: 1571624
Planning time: 0.368 ms
Execution time: 1488.696 ms
