Hash Join  (cost=798791.46..853460.32 rows=334 width=0) (actual time=14384.964..15197.997 rows=123 loops=1)
  Hash Cond: (mc.movie_id = t.id)
  ->  Seq Scan on movie_companies mc  (cost=0.00..44881.29 rows=2609129 width=4) (actual time=0.017..658.751 rows=2609129 loops=1)
  ->  Hash  (cost=798787.41..798787.41 rows=324 width=8) (actual time=14089.034..14089.034 rows=19 loops=1)
        Buckets: 1024  Batches: 1  Memory Usage: 9kB
        ->  Nested Loop  (cost=0.43..798787.41 rows=324 width=8) (actual time=9781.364..14088.959 rows=19 loops=1)
              ->  Seq Scan on cast_info ci  (cost=0.00..796071.18 rows=324 width=4) (actual time=9781.212..14088.472 rows=19 loops=1)
                    Filter: ((role_id > 1) AND (person_id = 84025))
                    Rows Removed by Filter: 36244325
              ->  Index Only Scan using title_pkey on title t  (cost=0.43..8.37 rows=1 width=4) (actual time=0.018..0.019 rows=1 loops=19)
                    Index Cond: (id = ci.movie_id)
                    Heap Fetches: 19
Planning time: 1.212 ms
Execution time: 15198.153 ms
