Hash Join  (cost=102767.86..260342.72 rows=2771676 width=0) (actual time=1921.670..6171.843 rows=2766993 loops=1)
  Hash Cond: (mk.movie_id = t.id)
  ->  Seq Scan on movie_keyword mk  (cost=0.00..81003.12 rows=2771676 width=4) (actual time=0.020..1587.971 rows=2766993 loops=1)
        Filter: (keyword_id < 7897)
        Rows Removed by Filter: 1756937
  ->  Hash  (cost=61283.27..61283.27 rows=2528527 width=4) (actual time=1920.173..1920.173 rows=2528312 loops=1)
        Buckets: 131072  Batches: 64  Memory Usage: 2425kB
        ->  Seq Scan on title t  (cost=0.00..61283.27 rows=2528527 width=4) (actual time=0.013..1049.404 rows=2528312 loops=1)
Planning time: 0.709 ms
Execution time: 6497.690 ms
