Hash Join  (cost=217164.40..652034.24 rows=1431915 width=0) (actual time=5268.337..18724.182 rows=23548332 loops=1)
  Hash Cond: (mi.movie_id = t.id)
  ->  Seq Scan on movie_info mi  (cost=0.00..346232.03 rows=6231111 width=4) (actual time=459.194..6265.918 rows=6223494 loops=1)
        Filter: (info_type_id > 8)
        Rows Removed by Filter: 8612226
  ->  Hash  (cost=207631.18..207631.18 rows=581058 width=8) (actual time=4538.959..4538.959 rows=578369 loops=1)
        Buckets: 131072  Batches: 8  Memory Usage: 3943kB
        ->  Hash Join  (cost=102767.86..207631.18 rows=581058 width=8) (actual time=2057.816..4355.456 rows=578369 loops=1)
              Hash Cond: (mk.movie_id = t.id)
              ->  Seq Scan on movie_keyword mk  (cost=0.00..81003.12 rows=581058 width=4) (actual time=0.031..1396.314 rows=578369 loops=1)
                    Filter: (keyword_id > 31691)
                    Rows Removed by Filter: 3945561
              ->  Hash  (cost=61283.27..61283.27 rows=2528527 width=4) (actual time=2056.570..2056.570 rows=2528312 loops=1)
                    Buckets: 131072  Batches: 64  Memory Usage: 2425kB
                    ->  Seq Scan on title t  (cost=0.00..61283.27 rows=2528527 width=4) (actual time=0.014..1182.365 rows=2528312 loops=1)
Planning time: 1.168 ms
Execution time: 21245.305 ms
