Hash Join  (cost=239820.10..715845.77 rows=3802719 width=0) (actual time=5535.790..27388.338 rows=58174579 loops=1)
  Hash Cond: (mi.movie_id = t.id)
  ->  Seq Scan on movie_info mi  (cost=0.00..346232.03 rows=7503588 width=4) (actual time=1.020..6024.489 rows=7548855 loops=1)
        Filter: (info_type_id > 7)
        Rows Removed by Filter: 7286865
  ->  Hash  (cost=218796.30..218796.30 rows=1281424 width=8) (actual time=5534.022..5534.022 rows=1694709 loops=1)
        Buckets: 131072  Batches: 32  Memory Usage: 3141kB
        ->  Hash Join  (cost=84417.00..218796.30 rows=1281424 width=8) (actual time=1546.923..5064.777 rows=1694709 loops=1)
              Hash Cond: (mk.movie_id = t.id)
              ->  Seq Scan on movie_keyword mk  (cost=0.00..81003.12 rows=3161850 width=4) (actual time=0.006..1592.829 rows=3145598 loops=1)
                    Filter: (keyword_id < 12109)
                    Rows Removed by Filter: 1378332
              ->  Hash  (cost=67604.59..67604.59 rows=1024753 width=4) (actual time=1545.060..1545.060 rows=1021752 loops=1)
                    Buckets: 131072  Batches: 16  Memory Usage: 3281kB
                    ->  Seq Scan on title t  (cost=0.00..67604.59 rows=1024753 width=4) (actual time=0.013..1213.909 rows=1021752 loops=1)
                          Filter: (production_year < 2000)
                          Rows Removed by Filter: 1506560
Planning time: 1.203 ms
Execution time: 33312.104 ms
