Hash Join  (cost=437707.22..1376883.47 rows=431299 width=0) (actual time=8989.120..30127.564 rows=2175539 loops=1)
  Hash Cond: (ci.movie_id = t.id)
  ->  Seq Scan on cast_info ci  (cost=0.00..796071.18 rows=11972816 width=4) (actual time=907.716..14892.074 rows=13964889 loops=1)
        Filter: ((person_id < 1593057) AND (role_id < 5))
        Rows Removed by Filter: 22279455
  ->  Hash  (cost=436212.65..436212.65 rows=91086 width=8) (actual time=8080.584..8080.584 rows=210809 loops=1)
        Buckets: 131072 (originally 131072)  Batches: 4 (originally 2)  Memory Usage: 3086kB
        ->  Hash Join  (cost=78593.13..436212.65 rows=91086 width=8) (actual time=7208.947..8011.800 rows=210809 loops=1)
              Hash Cond: (mi.movie_id = t.id)
              ->  Seq Scan on movie_info mi  (cost=0.00..346232.03 rows=809768 width=4) (actual time=4672.434..5114.936 rows=802140 loops=1)
                    Filter: (info_type_id < 2)
                    Rows Removed by Filter: 14033580
              ->  Hash  (cost=73925.90..73925.90 rows=284418 width=4) (actual time=2358.010..2358.010 rows=382296 loops=1)
                    Buckets: 131072 (originally 131072)  Batches: 8 (originally 4)  Memory Usage: 3073kB
                    ->  Seq Scan on title t  (cost=0.00..73925.90 rows=284418 width=4) (actual time=210.243..1207.491 rows=382296 loops=1)
                          Filter: ((production_year < 2001) AND (kind_id = 1))
                          Rows Removed by Filter: 2146016
Planning time: 1.249 ms
Execution time: 30417.437 ms
