Seq Scan on cast_info ci  (cost=0.00..705507.15 rows=500 width=0) (actual time=8577.892..10877.254 rows=92 loops=1)
  Filter: (person_id = 2479241)
  Rows Removed by Filter: 36244252
Planning time: 0.380 ms
Execution time: 10877.353 ms
