Nested Loop  (cost=0.43..83072.29 rows=11 width=0) (actual time=50.594..1294.162 rows=80 loops=1)
  ->  Seq Scan on movie_keyword mk  (cost=0.00..81003.12 rows=246 width=4) (actual time=1.085..1238.088 rows=1192 loops=1)
        Filter: (keyword_id = 224)
        Rows Removed by Filter: 4522738
  ->  Index Scan using title_pkey on title t  (cost=0.43..8.40 rows=1 width=4) (actual time=0.046..0.046 rows=0 loops=1192)
        Index Cond: (id = mk.movie_id)
        Filter: (production_year = 2007)
        Rows Removed by Filter: 1
Planning time: 0.791 ms
Execution time: 1294.387 ms
