Hash Join  (cost=102767.86..187162.23 rows=960508 width=0) (actual time=2236.116..4234.572 rows=961872 loops=1)
  Hash Cond: (mc.movie_id = t.id)
  ->  Seq Scan on movie_companies mc  (cost=0.00..51404.11 rows=960508 width=4) (actual time=0.032..917.406 rows=961872 loops=1)
        Filter: (company_id < 3929)
        Rows Removed by Filter: 1647257
  ->  Hash  (cost=61283.27..61283.27 rows=2528527 width=4) (actual time=2234.543..2234.543 rows=2528312 loops=1)
        Buckets: 131072  Batches: 64  Memory Usage: 2415kB
        ->  Seq Scan on title t  (cost=0.00..61283.27 rows=2528527 width=4) (actual time=0.019..1127.234 rows=2528312 loops=1)
Planning time: 0.810 ms
Execution time: 4342.051 ms
