Seq Scan on movie_companies mc  (cost=0.00..57926.93 rows=925050 width=0) (actual time=161.817..1226.674 rows=1104531 loops=1)
  Filter: ((company_id > 1695) AND (company_type_id = 2))
  Rows Removed by Filter: 1504598
Planning time: 0.299 ms
Execution time: 1363.170 ms
