Hash Join  (cost=156209.36..229590.99 rows=271619 width=0) (actual time=3308.009..5593.640 rows=728063 loops=1)
  Hash Cond: (mc.movie_id = t.id)
  ->  Seq Scan on movie_companies mc  (cost=0.00..51404.11 rows=1512355 width=4) (actual time=0.021..1047.786 rows=1519714 loops=1)
        Filter: (company_id > 7224)
        Rows Removed by Filter: 1089415
  ->  Hash  (cost=148758.81..148758.81 rows=454124 width=8) (actual time=3307.183..3307.183 rows=459925 loops=1)
        Buckets: 131072  Batches: 8  Memory Usage: 3275kB
        ->  Hash Join  (cost=102767.86..148758.81 rows=454124 width=8) (actual time=1897.034..3164.678 rows=459925 loops=1)
              Hash Cond: (mi_idx.movie_id = t.id)
              ->  Seq Scan on movie_info_idx mi_idx  (cost=0.00..25185.44 rows=454124 width=4) (actual time=0.015..425.360 rows=459925 loops=1)
                    Filter: (info_type_id = 100)
                    Rows Removed by Filter: 920110
              ->  Hash  (cost=61283.27..61283.27 rows=2528527 width=4) (actual time=1895.810..1895.810 rows=2528312 loops=1)
                    Buckets: 131072  Batches: 64  Memory Usage: 2415kB
                    ->  Seq Scan on title t  (cost=0.00..61283.27 rows=2528527 width=4) (actual time=0.010..1070.509 rows=2528312 loops=1)
Planning time: 1.219 ms
Execution time: 5681.620 ms
