Hash Join  (cost=102767.86..175122.40 rows=460088 width=0) (actual time=2012.005..3709.445 rows=462961 loops=1)
  Hash Cond: (mc.movie_id = t.id)
  ->  Seq Scan on movie_companies mc  (cost=0.00..51404.11 rows=460088 width=4) (actual time=28.055..965.037 rows=462961 loops=1)
        Filter: (company_id > 76379)
        Rows Removed by Filter: 2146168
  ->  Hash  (cost=61283.27..61283.27 rows=2528527 width=4) (actual time=1982.841..1982.841 rows=2528312 loops=1)
        Buckets: 131072  Batches: 64  Memory Usage: 2415kB
        ->  Seq Scan on title t  (cost=0.00..61283.27 rows=2528527 width=4) (actual time=0.021..1145.785 rows=2528312 loops=1)
Planning time: 0.667 ms
Execution time: 3764.060 ms
