Hash Join  (cost=83074.74..109963.59 rows=44 width=0) (actual time=1208.698..1734.518 rows=18 loops=1)
  Hash Cond: (mi_idx.movie_id = t.id)
  ->  Seq Scan on movie_info_idx mi_idx  (cost=0.00..25185.44 rows=454124 width=4) (actual time=0.018..470.046 rows=459925 loops=1)
        Filter: (info_type_id = 100)
        Rows Removed by Filter: 920110
  ->  Hash  (cost=83071.67..83071.67 rows=246 width=8) (actual time=1201.296..1201.296 rows=25 loops=1)
        Buckets: 1024  Batches: 1  Memory Usage: 9kB
        ->  Nested Loop  (cost=0.43..83071.67 rows=246 width=8) (actual time=23.159..1201.251 rows=25 loops=1)
              ->  Seq Scan on movie_keyword mk  (cost=0.00..81003.12 rows=246 width=4) (actual time=23.047..1199.932 rows=25 loops=1)
                    Filter: (keyword_id = 38375)
                    Rows Removed by Filter: 4523905
              ->  Index Only Scan using title_pkey on title t  (cost=0.43..8.40 rows=1 width=4) (actual time=0.044..0.045 rows=1 loops=25)
                    Index Cond: (id = mk.movie_id)
                    Heap Fetches: 25
Planning time: 1.989 ms
Execution time: 1734.631 ms
