Nested Loop  (cost=0.43..709671.90 rows=500 width=0) (actual time=4046.173..9919.632 rows=31 loops=1)
  ->  Seq Scan on cast_info ci  (cost=0.00..705507.15 rows=500 width=4) (actual time=4046.044..9919.012 rows=31 loops=1)
        Filter: (person_id = 2749381)
        Rows Removed by Filter: 36244313
  ->  Index Only Scan using title_pkey on title t  (cost=0.43..8.32 rows=1 width=4) (actual time=0.017..0.017 rows=1 loops=31)
        Index Cond: (id = ci.movie_id)
        Heap Fetches: 31
Planning time: 0.550 ms
Execution time: 9919.699 ms
