Seq Scan on movie_companies mc  (cost=0.00..51404.11 rows=2434295 width=0) (actual time=0.018..1051.778 rows=2434448 loops=1)
  Filter: (company_id < 122153)
  Rows Removed by Filter: 174681
Planning time: 0.336 ms
Execution time: 1353.514 ms
