Nested Loop  (cost=0.43..83072.29 rows=52 width=0) (actual time=91.126..1302.159 rows=46 loops=1)
  ->  Seq Scan on movie_keyword mk  (cost=0.00..81003.12 rows=246 width=4) (actual time=22.704..1294.689 rows=250 loops=1)
        Filter: (keyword_id = 8832)
        Rows Removed by Filter: 4523680
  ->  Index Scan using title_pkey on title t  (cost=0.43..8.40 rows=1 width=4) (actual time=0.027..0.027 rows=0 loops=250)
        Index Cond: (id = mk.movie_id)
        Filter: (production_year > 2009)
        Rows Removed by Filter: 1
Planning time: 0.977 ms
Execution time: 1302.293 ms
