Hash Join  (cost=138683.62..269958.30 rows=761064 width=0) (actual time=3141.596..7884.361 rows=6616384 loops=1)
  Hash Cond: (mk.movie_id = t.id)
  ->  Seq Scan on movie_keyword mk  (cost=0.00..69693.30 rows=4523930 width=4) (actual time=0.014..1385.071 rows=4523930 loops=1)
  ->  Hash  (cost=131704.42..131704.42 rows=425376 width=8) (actual time=3140.826..3140.826 rows=730593 loops=1)
        Buckets: 131072 (originally 131072)  Batches: 16 (originally 8)  Memory Usage: 3073kB
        ->  Hash Join  (cost=86713.18..131704.42 rows=425376 width=8) (actual time=1463.816..2902.600 rows=730593 loops=1)
              Hash Cond: (mi_idx.movie_id = t.id)
              ->  Seq Scan on movie_info_idx mi_idx  (cost=0.00..21735.35 rows=1380035 width=4) (actual time=0.014..469.790 rows=1380035 loops=1)
              ->  Hash  (cost=73925.90..73925.90 rows=779382 width=4) (actual time=1463.074..1463.074 rows=689555 loops=1)
                    Buckets: 131072  Batches: 16  Memory Usage: 2540kB
                    ->  Seq Scan on title t  (cost=0.00..73925.90 rows=779382 width=4) (actual time=0.017..1225.014 rows=689555 loops=1)
                          Filter: ((kind_id < 7) AND (production_year > 1976))
                          Rows Removed by Filter: 1838757
Planning time: 0.716 ms
Execution time: 8609.262 ms
