Hash Join  (cost=94699.36..905380.93 rows=6228 width=0) (actual time=6033.708..15550.547 rows=64684 loops=1)
  Hash Cond: (ci.movie_id = t.id)
  ->  Seq Scan on cast_info ci  (cost=0.00..796071.18 rows=3879495 width=4) (actual time=4377.588..12522.351 rows=7890548 loops=1)
        Filter: ((person_id < 1076719) AND (role_id = 1))
        Rows Removed by Filter: 28353796
  ->  Hash  (cost=94648.62..94648.62 rows=4059 width=8) (actual time=1655.808..1655.808 rows=9719 loops=1)
        Buckets: 16384 (originally 4096)  Batches: 1 (originally 1)  Memory Usage: 508kB
        ->  Hash Join  (cost=67697.55..94648.62 rows=4059 width=8) (actual time=1014.850..1652.152 rows=9719 loops=1)
              Hash Cond: (mi_idx.movie_id = t.id)
              ->  Seq Scan on movie_info_idx mi_idx  (cost=0.00..21735.35 rows=1380035 width=4) (actual time=0.019..330.786 rows=1380035 loops=1)
              ->  Hash  (cost=67604.59..67604.59 rows=7437 width=4) (actual time=1014.617..1014.617 rows=14054 loops=1)
                    Buckets: 16384 (originally 8192)  Batches: 1 (originally 1)  Memory Usage: 623kB
                    ->  Seq Scan on title t  (cost=0.00..67604.59 rows=7437 width=4) (actual time=0.044..1007.896 rows=14054 loops=1)
                          Filter: (production_year = 1975)
                          Rows Removed by Filter: 2514258
Planning time: 2.469 ms
Execution time: 15560.560 ms
