Hash Join  (cost=114895.04..188485.60 rows=60692 width=0) (actual time=2500.513..3940.304 rows=470474 loops=1)
  Hash Cond: (mc.movie_id = t.id)
  ->  Seq Scan on movie_companies mc  (cost=0.00..57926.93 rows=1260991 width=4) (actual time=0.018..1102.194 rows=1274246 loops=1)
        Filter: ((company_id < 202035) AND (company_type_id < 2))
        Rows Removed by Filter: 1334883
  ->  Hash  (cost=112897.81..112897.81 rows=121698 width=8) (actual time=2186.250..2186.250 rows=209880 loops=1)
        Buckets: 131072 (originally 131072)  Batches: 4 (originally 2)  Memory Usage: 3075kB
        ->  Hash Join  (cost=78556.72..112897.81 rows=121698 width=8) (actual time=1286.593..2119.591 rows=209880 loops=1)
              Hash Cond: (mi_idx.movie_id = t.id)
              ->  Seq Scan on movie_info_idx mi_idx  (cost=0.00..25185.44 rows=460978 width=4) (actual time=0.013..460.715 rows=459925 loops=1)
                    Filter: (info_type_id < 100)
                    Rows Removed by Filter: 920110
              ->  Hash  (cost=67604.59..67604.59 rows=667531 width=4) (actual time=1285.600..1285.600 rows=662825 loops=1)
                    Buckets: 131072  Batches: 16  Memory Usage: 2476kB
                    ->  Seq Scan on title t  (cost=0.00..67604.59 rows=667531 width=4) (actual time=512.061..1093.719 rows=662825 loops=1)
                          Filter: (kind_id = 1)
                          Rows Removed by Filter: 1865487
Planning time: 1.143 ms
Execution time: 3991.650 ms
