Hash Join  (cost=127917.55..1186787.21 rows=2440055 width=0) (actual time=2623.125..33901.879 rows=8506633 loops=1)
  Hash Cond: (ci.movie_id = t.id)
  ->  Seq Scan on cast_info ci  (cost=0.00..614943.12 rows=36225612 width=4) (actual time=0.019..13360.539 rows=36244344 loops=1)
  ->  Hash  (cost=125122.62..125122.62 rows=170314 width=8) (actual time=2621.870..2621.870 rows=315828 loops=1)
        Buckets: 131072 (originally 131072)  Batches: 8 (originally 4)  Memory Usage: 3073kB
        ->  Hash Join  (cost=89253.38..125122.62 rows=170314 width=8) (actual time=1521.093..2518.637 rows=315828 loops=1)
              Hash Cond: (mi_idx.movie_id = t.id)
              ->  Seq Scan on movie_info_idx mi_idx  (cost=0.00..25185.44 rows=460978 width=4) (actual time=0.023..455.355 rows=459925 loops=1)
                    Filter: (info_type_id < 100)
                    Rows Removed by Filter: 920110
              ->  Hash  (cost=73925.90..73925.90 rows=934198 width=4) (actual time=1520.003..1520.003 rows=950693 loops=1)
                    Buckets: 131072  Batches: 16  Memory Usage: 3114kB
                    ->  Seq Scan on title t  (cost=0.00..73925.90 rows=934198 width=4) (actual time=0.032..1213.919 rows=950693 loops=1)
                          Filter: ((kind_id < 7) AND (production_year < 2013))
                          Rows Removed by Filter: 1577619
Planning time: 1.196 ms
Execution time: 34855.907 ms
