Seq Scan on movie_companies mc  (cost=0.00..51404.11 rows=1282283 width=0) (actual time=0.017..606.176 rows=1292258 loops=1)
  Filter: (company_id > 11369)
  Rows Removed by Filter: 1316871
Planning time: 0.210 ms
Execution time: 734.844 ms
