Seq Scan on cast_info ci  (cost=0.00..705507.15 rows=500 width=0) (actual time=1123.497..11238.716 rows=1279 loops=1)
  Filter: (person_id = 1626671)
  Rows Removed by Filter: 36243065
Planning time: 0.416 ms
Execution time: 11238.973 ms
