Hash Join  (cost=99217.91..971314.04 rows=2554657 width=0) (actual time=4623.644..17084.289 rows=1327976 loops=1)
  Hash Cond: (ci.movie_id = t.id)
  ->  Seq Scan on cast_info ci  (cost=0.00..796071.18 rows=3352275 width=4) (actual time=2478.614..13353.861 rows=1681800 loops=1)
        Filter: ((person_id < 1261997) AND (role_id > 4))
        Rows Removed by Filter: 34562544
  ->  Hash  (cost=67604.59..67604.59 rows=1926906 width=4) (actual time=2144.233..2144.233 rows=1918028 loops=1)
        Buckets: 131072  Batches: 32  Memory Usage: 3139kB
        ->  Seq Scan on title t  (cost=0.00..67604.59 rows=1926906 width=4) (actual time=0.016..1248.223 rows=1918028 loops=1)
              Filter: (production_year > 1981)
              Rows Removed by Filter: 610284
Planning time: 0.554 ms
Execution time: 17242.462 ms
