Hash Join  (cost=245373.00..1390353.66 rows=12254804 width=0) (actual time=5485.061..37684.480 rows=28505695 loops=1)
  Hash Cond: (ci.movie_id = t.id)
  ->  Seq Scan on cast_info ci  (cost=0.00..705507.15 rows=24347488 width=4) (actual time=0.021..15250.135 rows=24289846 loops=1)
        Filter: (person_id < 2494077)
        Rows Removed by Filter: 11954498
  ->  Hash  (cost=224492.48..224492.48 rows=1272682 width=8) (actual time=5482.722..5482.722 rows=806124 loops=1)
        Buckets: 131072  Batches: 32  Memory Usage: 2024kB
        ->  Hash Join  (cost=80562.70..224492.48 rows=1272682 width=8) (actual time=1402.729..5248.628 rows=806124 loops=1)
              Hash Cond: (mk.movie_id = t.id)
              ->  Seq Scan on movie_keyword mk  (cost=0.00..81003.12 rows=4074622 width=4) (actual time=0.024..1819.010 rows=4062203 loops=1)
                    Filter: (keyword_id > 348)
                    Rows Removed by Filter: 461727
              ->  Hash  (cost=67604.59..67604.59 rows=789769 width=4) (actual time=1400.324..1400.324 rows=784926 loops=1)
                    Buckets: 131072  Batches: 16  Memory Usage: 2756kB
                    ->  Seq Scan on title t  (cost=0.00..67604.59 rows=789769 width=4) (actual time=0.019..1142.218 rows=784926 loops=1)
                          Filter: (production_year > 2007)
                          Rows Removed by Filter: 1743386
Planning time: 1.183 ms
Execution time: 40630.132 ms
