Seq Scan on cast_info ci  (cost=0.00..796071.18 rows=11667908 width=0) (actual time=5537.350..15844.523 rows=12670688 loops=1)
  Filter: ((person_id < 3493260) AND (role_id = 1))
  Rows Removed by Filter: 23573656
Planning time: 0.435 ms
Execution time: 17408.678 ms
