Hash Join  (cost=76373.24..565456.15 rows=869398 width=0) (actual time=992.060..11871.526 rows=265957 loops=1)
  Hash Cond: (mi.movie_id = t.id)
  ->  Seq Scan on movie_info mi  (cost=0.00..309384.22 rows=14739122 width=4) (actual time=0.021..5952.822 rows=14835720 loops=1)
  ->  Hash  (cost=73925.90..73925.90 rows=149147 width=4) (actual time=988.170..988.170 rows=46428 loops=1)
        Buckets: 131072  Batches: 2  Memory Usage: 1845kB
        ->  Seq Scan on title t  (cost=0.00..73925.90 rows=149147 width=4) (actual time=8.797..931.238 rows=46428 loops=1)
              Filter: ((kind_id > 4) AND (production_year < 1960))
              Rows Removed by Filter: 2481884
Planning time: 0.758 ms
Execution time: 11901.727 ms
