Hash Join  (cost=104570.16..195207.38 rows=34084 width=0) (actual time=2108.742..3738.633 rows=29867 loops=1)
  Hash Cond: (mk.movie_id = t.id)
  ->  Seq Scan on movie_keyword mk  (cost=0.00..81003.12 rows=38251 width=4) (actual time=0.033..1231.713 rows=35684 loops=1)
        Filter: (keyword_id > 107084)
        Rows Removed by Filter: 4488246
  ->  Hash  (cost=67604.59..67604.59 rows=2253086 width=4) (actual time=2105.803..2105.803 rows=2244594 loops=1)
        Buckets: 131072  Batches: 32  Memory Usage: 3502kB
        ->  Seq Scan on title t  (cost=0.00..67604.59 rows=2253086 width=4) (actual time=0.019..1377.859 rows=2244594 loops=1)
              Filter: (production_year > 1956)
              Rows Removed by Filter: 283718
Planning time: 0.809 ms
Execution time: 3742.222 ms
