Seq Scan on movie_keyword mk  (cost=0.00..81003.12 rows=2555993 width=0) (actual time=0.015..1436.884 rows=2546629 loops=1)
  Filter: (keyword_id < 6405)
  Rows Removed by Filter: 1977301
Planning time: 0.243 ms
Execution time: 1756.259 ms
