Hash Join  (cost=102767.86..1143612.84 rows=9761834 width=0) (actual time=6508.592..23694.590 rows=7603929 loops=1)
  Hash Cond: (ci.movie_id = t.id)
  ->  Seq Scan on cast_info ci  (cost=0.00..796071.18 rows=9761834 width=4) (actual time=3843.883..13804.698 rows=7603929 loops=1)
        Filter: ((person_id > 2581834) AND (role_id < 10))
        Rows Removed by Filter: 28640415
  ->  Hash  (cost=61283.27..61283.27 rows=2528527 width=4) (actual time=2663.680..2663.680 rows=2528312 loops=1)
        Buckets: 131072  Batches: 64  Memory Usage: 2415kB
        ->  Seq Scan on title t  (cost=0.00..61283.27 rows=2528527 width=4) (actual time=0.026..1028.560 rows=2528312 loops=1)
Planning time: 0.739 ms
Execution time: 24568.621 ms
