Hash Join  (cost=69090.10..807801.66 rows=98654 width=0) (actual time=3145.218..14048.434 rows=60734 loops=1)
  Hash Cond: (ci.movie_id = t.id)
  ->  Seq Scan on cast_info ci  (cost=0.00..705507.15 rows=2755698 width=4) (actual time=1290.159..10697.449 rows=2716938 loops=1)
        Filter: (person_id < 260636)
        Rows Removed by Filter: 33527406
  ->  Hash  (cost=67604.59..67604.59 rows=90521 width=4) (actual time=1825.257..1825.257 rows=90852 loops=1)
        Buckets: 131072  Batches: 2  Memory Usage: 2626kB
        ->  Seq Scan on title t  (cost=0.00..67604.59 rows=90521 width=4) (actual time=0.029..1053.671 rows=90852 loops=1)
              Filter: (kind_id = 2)
              Rows Removed by Filter: 2437460
Planning time: 0.740 ms
Execution time: 14058.111 ms
