Hash Join  (cost=165428.63..668883.22 rows=2216266 width=0) (actual time=3503.034..25594.450 rows=40167150 loops=1)
  Hash Cond: (mi.movie_id = t.id)
  ->  Seq Scan on movie_info mi  (cost=0.00..309384.22 rows=14739122 width=4) (actual time=0.028..5788.079 rows=14835720 loops=1)
  ->  Hash  (cost=159190.07..159190.07 rows=380205 width=8) (actual time=3501.297..3501.297 rows=843495 loops=1)
        Buckets: 131072 (originally 131072)  Batches: 16 (originally 8)  Memory Usage: 3159kB
        ->  Hash Join  (cost=86252.72..159190.07 rows=380205 width=8) (actual time=1740.141..3315.819 rows=843495 loops=1)
              Hash Cond: (mc.movie_id = t.id)
              ->  Seq Scan on movie_companies mc  (cost=0.00..51404.11 rows=1279517 width=4) (actual time=222.152..940.216 rows=1274246 loops=1)
                    Filter: (company_type_id < 2)
                    Rows Removed by Filter: 1334883
              ->  Hash  (cost=73925.90..73925.90 rows=751345 width=4) (actual time=1516.886..1516.886 rows=793943 loops=1)
                    Buckets: 131072  Batches: 16  Memory Usage: 2771kB
                    ->  Seq Scan on title t  (cost=0.00..73925.90 rows=751345 width=4) (actual time=0.036..1272.746 rows=793943 loops=1)
                          Filter: ((kind_id < 7) AND (production_year < 2010))
                          Rows Removed by Filter: 1734369
Planning time: 1.222 ms
Execution time: 30145.825 ms
