Hash Join  (cost=52283.96..803073.27 rows=14 width=0) (actual time=1011.330..14891.933 rows=128 loops=1)
  Hash Cond: (ci.movie_id = t.id)
  ->  Seq Scan on cast_info ci  (cost=0.00..614943.12 rows=36225612 width=4) (actual time=0.009..7735.005 rows=36244344 loops=1)
  ->  Hash  (cost=52283.95..52283.95 rows=1 width=8) (actual time=762.265..762.265 rows=5 loops=1)
        Buckets: 1024  Batches: 1  Memory Usage: 9kB
        ->  Nested Loop  (cost=0.43..52283.95 rows=1 width=8) (actual time=492.320..762.250 rows=5 loops=1)
              ->  Seq Scan on movie_companies mc  (cost=0.00..51404.11 rows=104 width=4) (actual time=115.867..754.897 rows=273 loops=1)
                    Filter: (company_id = 45648)
                    Rows Removed by Filter: 2608856
              ->  Index Scan using title_pkey on title t  (cost=0.43..8.45 rows=1 width=4) (actual time=0.026..0.026 rows=0 loops=273)
                    Index Cond: (id = mc.movie_id)
                    Filter: (production_year = 1974)
                    Rows Removed by Filter: 1
Planning time: 2.652 ms
Execution time: 14892.163 ms
