Nested Loop  (cost=0.43..52284.21 rows=25 width=0) (actual time=539.098..818.853 rows=9 loops=1)
  ->  Seq Scan on movie_companies mc  (cost=0.00..51404.11 rows=104 width=4) (actual time=455.044..817.650 rows=15 loops=1)
        Filter: (company_id = 106325)
        Rows Removed by Filter: 2609114
  ->  Index Scan using title_pkey on title t  (cost=0.43..8.45 rows=1 width=4) (actual time=0.074..0.075 rows=1 loops=15)
        Index Cond: (id = mc.movie_id)
        Filter: ((kind_id < 7) AND (production_year < 2007))
        Rows Removed by Filter: 0
Planning time: 0.727 ms
Execution time: 818.963 ms
