Hash Join  (cost=144766.58..656977.48 rows=3036898 width=0) (actual time=2934.282..15868.534 rows=3143961 loops=1)
  Hash Cond: (mi.movie_id = t.id)
  ->  Seq Scan on movie_info mi  (cost=0.00..309384.22 rows=14739122 width=4) (actual time=0.010..5960.614 rows=14835720 loops=1)
  ->  Hash  (cost=136218.26..136218.26 rows=520986 width=8) (actual time=2933.438..2933.438 rows=339984 loops=1)
        Buckets: 131072  Batches: 8  Memory Usage: 2701kB
        ->  Hash Join  (cost=89586.92..136218.26 rows=520986 width=8) (actual time=1574.764..2827.305 rows=339984 loops=1)
              Hash Cond: (mi_idx.movie_id = t.id)
              ->  Seq Scan on movie_info_idx mi_idx  (cost=0.00..21735.35 rows=1380035 width=4) (actual time=0.016..409.188 rows=1380035 loops=1)
              ->  Hash  (cost=73925.90..73925.90 rows=954561 width=4) (actual time=1573.845..1573.845 rows=873022 loops=1)
                    Buckets: 131072  Batches: 16  Memory Usage: 2945kB
                    ->  Seq Scan on title t  (cost=0.00..73925.90 rows=954561 width=4) (actual time=0.019..1288.943 rows=873022 loops=1)
                          Filter: ((kind_id > 3) AND (production_year < 2006))
                          Rows Removed by Filter: 1655290
Planning time: 1.139 ms
Execution time: 16215.447 ms
