Seq Scan on movie_companies mc  (cost=0.00..51404.11 rows=683975 width=0) (actual time=35.871..928.635 rows=690084 loops=1)
  Filter: (company_id > 47127)
  Rows Removed by Filter: 1919045
Planning time: 0.339 ms
Execution time: 1016.292 ms
