Seq Scan on cast_info ci  (cost=0.00..796071.18 rows=17346596 width=0) (actual time=1859.160..14641.015 rows=15939209 loops=1)
  Filter: ((person_id > 1521944) AND (role_id < 9))
  Rows Removed by Filter: 20305135
Planning time: 0.322 ms
Execution time: 16542.063 ms
