Seq Scan on movie_companies mc  (cost=0.00..57926.93 rows=827187 width=0) (actual time=0.030..1010.273 rows=1040079 loops=1)
  Filter: ((company_id > 4534) AND (company_type_id > 1))
  Rows Removed by Filter: 1569050
Planning time: 0.314 ms
Execution time: 1136.271 ms
