Seq Scan on cast_info ci  (cost=0.00..796071.18 rows=6839074 width=0) (actual time=3186.818..13012.105 rows=10549605 loops=1)
  Filter: ((person_id > 2654157) AND (role_id > 1))
  Rows Removed by Filter: 25694739
Planning time: 0.382 ms
Execution time: 14311.698 ms
