Seq Scan on cast_info ci  (cost=0.00..796071.18 rows=13790403 width=0) (actual time=0.017..17049.014 rows=14652959 loops=1)
  Filter: ((person_id > 512909) AND (role_id > 2))
  Rows Removed by Filter: 21591385
Planning time: 0.366 ms
Execution time: 18868.693 ms
