Hash Join  (cost=156487.41..266331.19 rows=368267 width=0) (actual time=3363.749..6263.956 rows=1553224 loops=1)
  Hash Cond: (mk.movie_id = t.id)
  ->  Seq Scan on movie_keyword mk  (cost=0.00..81003.12 rows=2019995 width=4) (actual time=0.024..1605.213 rows=2025586 loops=1)
        Filter: (keyword_id > 6101)
        Rows Removed by Filter: 2498344
  ->  Hash  (cost=148924.19..148924.19 rows=460978 width=8) (actual time=3362.880..3362.880 rows=459925 loops=1)
        Buckets: 131072  Batches: 8  Memory Usage: 3284kB
        ->  Hash Join  (cost=102767.86..148924.19 rows=460978 width=8) (actual time=1821.166..3212.608 rows=459925 loops=1)
              Hash Cond: (mi_idx.movie_id = t.id)
              ->  Seq Scan on movie_info_idx mi_idx  (cost=0.00..25185.44 rows=460978 width=4) (actual time=0.035..504.113 rows=459925 loops=1)
                    Filter: (info_type_id = 99)
                    Rows Removed by Filter: 920110
              ->  Hash  (cost=61283.27..61283.27 rows=2528527 width=4) (actual time=1820.352..1820.352 rows=2528312 loops=1)
                    Buckets: 131072  Batches: 64  Memory Usage: 2415kB
                    ->  Seq Scan on title t  (cost=0.00..61283.27 rows=2528527 width=4) (actual time=0.019..985.199 rows=2528312 loops=1)
Planning time: 2.924 ms
Execution time: 6446.250 ms
