Hash Join  (cost=143213.65..271256.94 rows=495825 width=0) (actual time=2925.841..6414.115 rows=889705 loops=1)
  Hash Cond: (mk.movie_id = t.id)
  ->  Seq Scan on movie_keyword mk  (cost=0.00..69693.30 rows=4523930 width=4) (actual time=0.014..1404.336 rows=4523930 loops=1)
  ->  Hash  (cost=138666.55..138666.55 rows=277128 width=8) (actual time=2924.235..2924.235 rows=223674 loops=1)
        Buckets: 131072  Batches: 4  Memory Usage: 3213kB
        ->  Hash Join  (cost=98864.94..138666.55 rows=277128 width=8) (actual time=1937.148..2850.786 rows=223674 loops=1)
              Hash Cond: (mi_idx.movie_id = t.id)
              ->  Seq Scan on movie_info_idx mi_idx  (cost=0.00..25185.44 rows=460978 width=4) (actual time=0.017..376.162 rows=459925 loops=1)
                    Filter: (info_type_id = 99)
                    Rows Removed by Filter: 920110
              ->  Hash  (cost=73925.90..73925.90 rows=1520083 width=4) (actual time=1935.900..1935.900 rows=1507233 loops=1)
                    Buckets: 131072  Batches: 32  Memory Usage: 2679kB
                    ->  Seq Scan on title t  (cost=0.00..73925.90 rows=1520083 width=4) (actual time=0.027..1432.569 rows=1507233 loops=1)
                          Filter: ((kind_id > 1) AND (production_year < 2011))
                          Rows Removed by Filter: 1021079
Planning time: 1.341 ms
Execution time: 6508.290 ms
