Hash Join  (cost=494918.85..581164.53 rows=812116 width=0) (actual time=9170.509..11815.091 rows=1943270 loops=1)
  Hash Cond: (mc.movie_id = t.id)
  ->  Seq Scan on movie_companies mc  (cost=0.00..44881.29 rows=2609129 width=4) (actual time=0.017..850.353 rows=2609129 loops=1)
  ->  Hash  (cost=482006.00..482006.00 rows=787028 width=8) (actual time=9169.592..9169.592 rows=800360 loops=1)
        Buckets: 131072  Batches: 16  Memory Usage: 2969kB
        ->  Hash Join  (cost=107928.35..482006.00 rows=787028 width=8) (actual time=2347.088..8928.467 rows=800360 loops=1)
              Hash Cond: (mi.movie_id = t.id)
              ->  Seq Scan on movie_info mi  (cost=0.00..346232.03 rows=809669 width=4) (actual time=18.211..5546.844 rows=802140 loops=1)
                    Filter: (info_type_id = 1)
                    Rows Removed by Filter: 14033580
              ->  Hash  (cost=67604.59..67604.59 rows=2457821 width=4) (actual time=2327.885..2327.885 rows=2456218 loops=1)
                    Buckets: 131072  Batches: 64  Memory Usage: 2385kB
                    ->  Seq Scan on title t  (cost=0.00..67604.59 rows=2457821 width=4) (actual time=0.027..1476.985 rows=2456218 loops=1)
                          Filter: (production_year > 0)
                          Rows Removed by Filter: 72094
Planning time: 1.193 ms
Execution time: 12026.593 ms
