Hash Join  (cost=254684.96..1192668.95 rows=4407291 width=0) (actual time=14629.901..46688.171 rows=70087005 loops=1)
  Hash Cond: (ci.movie_id = t.id)
  ->  Seq Scan on cast_info ci  (cost=0.00..796071.18 rows=7161775 width=4) (actual time=7553.784..15050.408 rows=12670688 loops=1)
        Filter: ((person_id < 2038970) AND (role_id = 1))
        Rows Removed by Filter: 23573656
  ->  Hash  (cost=229155.55..229155.55 rows=1556033 width=8) (actual time=7073.860..7073.860 rows=3752349 loops=1)
        Buckets: 131072 (originally 131072)  Batches: 64 (originally 32)  Memory Usage: 3365kB
        ->  Hash Join  (cost=88195.18..229155.55 rows=1556033 width=8) (actual time=1470.433..6045.406 rows=3752349 loops=1)
              Hash Cond: (mk.movie_id = t.id)
              ->  Seq Scan on movie_keyword mk  (cost=0.00..69693.30 rows=4523930 width=4) (actual time=0.027..1491.136 rows=4523930 loops=1)
              ->  Hash  (cost=73925.90..73925.90 rows=869702 width=4) (actual time=1469.623..1469.623 rows=896788 loops=1)
                    Buckets: 131072  Batches: 16  Memory Usage: 3007kB
                    ->  Seq Scan on title t  (cost=0.00..73925.90 rows=869702 width=4) (actual time=0.026..1181.109 rows=896788 loops=1)
                          Filter: ((kind_id < 7) AND (production_year < 2012))
                          Rows Removed by Filter: 1631524
Planning time: 1.108 ms
Execution time: 54936.614 ms
