Seq Scan on cast_info ci  (cost=0.00..796071.18 rows=3781511 width=42) (actual time=0.069..14272.668 rows=5859488 loops=1)
  Filter: ((person_id > 3058239) AND (role_id > 1))
  Rows Removed by Filter: 30384856
Planning time: 0.460 ms
Execution time: 14596.295 ms
