Hash Join  (cost=197676.86..1146999.19 rows=5324030 width=0) (actual time=8298.397..30823.899 rows=10660720 loops=1)
  Hash Cond: (ci.movie_id = t.id)
  ->  Seq Scan on cast_info ci  (cost=0.00..705507.15 rows=16201301 width=4) (actual time=3847.436..15560.279 rows=16121683 loops=1)
        Filter: (role_id > 2)
        Rows Removed by Filter: 20122661
  ->  Hash  (cost=184044.39..184044.39 rows=830918 width=8) (actual time=4449.978..4449.978 rows=839846 loops=1)
        Buckets: 131072  Batches: 16  Memory Usage: 3085kB
        ->  Hash Join  (cost=102767.86..184044.39 rows=830918 width=8) (actual time=2084.784..4212.288 rows=839846 loops=1)
              Hash Cond: (mc.movie_id = t.id)
              ->  Seq Scan on movie_companies mc  (cost=0.00..51404.11 rows=830918 width=4) (actual time=0.031..1038.270 rows=839846 loops=1)
                    Filter: (company_id > 26260)
                    Rows Removed by Filter: 1769283
              ->  Hash  (cost=61283.27..61283.27 rows=2528527 width=4) (actual time=2083.582..2083.582 rows=2528312 loops=1)
                    Buckets: 131072  Batches: 64  Memory Usage: 2415kB
                    ->  Seq Scan on title t  (cost=0.00..61283.27 rows=2528527 width=4) (actual time=0.016..1195.949 rows=2528312 loops=1)
Planning time: 1.146 ms
Execution time: 31917.137 ms
