Hash Join  (cost=1062395.15..1904100.98 rows=27010329 width=0) (actual time=24394.319..76743.889 rows=151948141 loops=1)
  Hash Cond: (mi.movie_id = t.id)
  ->  Seq Scan on movie_info mi  (cost=0.00..309384.22 rows=14739122 width=4) (actual time=0.011..6385.866 rows=14835720 loops=1)
  ->  Hash  (cost=986373.18..986373.18 rows=4633678 width=8) (actual time=24390.565..24390.565 rows=5162925 loops=1)
        Buckets: 131072 (originally 131072)  Batches: 128 (originally 64)  Memory Usage: 3073kB
        ->  Hash Join  (cost=89678.24..986373.18 rows=4633678 width=8) (actual time=1442.665..22950.677 rows=5162925 loops=1)
              Hash Cond: (ci.movie_id = t.id)
              ->  Seq Scan on cast_info ci  (cost=0.00..705507.15 rows=12203201 width=4) (actual time=0.012..13245.945 rows=12113646 loops=1)
                    Filter: (role_id > 3)
                    Rows Removed by Filter: 24130698
              ->  Hash  (cost=73925.90..73925.90 rows=960107 width=4) (actual time=1441.468..1441.468 rows=977778 loops=1)
                    Buckets: 131072  Batches: 16  Memory Usage: 3172kB
                    ->  Seq Scan on title t  (cost=0.00..73925.90 rows=960107 width=4) (actual time=0.015..1181.880 rows=977778 loops=1)
                          Filter: ((kind_id < 7) AND (production_year > 0))
                          Rows Removed by Filter: 1550534
Planning time: 8.611 ms
Execution time: 92988.151 ms
