Hash Join  (cost=80613.38..1174399.42 rows=5838988 width=0) (actual time=1333.168..30411.482 rows=3115205 loops=1)
  Hash Cond: (ci.movie_id = t.id)
  ->  Seq Scan on cast_info ci  (cost=0.00..614943.12 rows=36225612 width=4) (actual time=0.019..12863.578 rows=36244344 loops=1)
  ->  Hash  (cost=73925.90..73925.90 rows=407558 width=4) (actual time=1331.742..1331.742 rows=270281 loops=1)
        Buckets: 131072  Batches: 8  Memory Usage: 2203kB
        ->  Seq Scan on title t  (cost=0.00..73925.90 rows=407558 width=4) (actual time=0.031..1241.811 rows=270281 loops=1)
              Filter: ((kind_id > 1) AND (production_year < 1983))
              Rows Removed by Filter: 2258031
Planning time: 0.772 ms
Execution time: 30786.214 ms
