Seq Scan on cast_info ci  (cost=0.00..796071.18 rows=28318 width=0) (actual time=6514.619..9707.799 rows=50475 loops=1)
  Filter: ((person_id < 8384) AND (role_id = 1))
  Rows Removed by Filter: 36193869
Planning time: 11.779 ms
Execution time: 9714.462 ms
