Hash Join  (cost=167108.99..554336.25 rows=127225 width=0) (actual time=5658.340..9123.812 rows=168198 loops=1)
  Hash Cond: (mi.movie_id = t.id)
  ->  Seq Scan on movie_info mi  (cost=0.00..346232.03 rows=3068194 width=4) (actual time=2342.370..4941.474 rows=3036719 loops=1)
        Filter: (info_type_id = 16)
        Rows Removed by Filter: 11799001
  ->  Hash  (cost=165388.39..165388.39 rows=104848 width=8) (actual time=3308.018..3308.018 rows=37414 loops=1)
        Buckets: 131072  Batches: 2  Memory Usage: 1774kB
        ->  Hash Join  (cost=68438.72..165388.39 rows=104848 width=8) (actual time=1003.781..3290.037 rows=37414 loops=1)
              Hash Cond: (mk.movie_id = t.id)
              ->  Seq Scan on movie_keyword mk  (cost=0.00..81003.12 rows=3972817 width=4) (actual time=0.033..1645.839 rows=3976009 loops=1)
                    Filter: (keyword_id < 33599)
                    Rows Removed by Filter: 547921
              ->  Hash  (cost=67604.59..67604.59 rows=66731 width=4) (actual time=1002.820..1002.820 rows=67342 loops=1)
                    Buckets: 131072  Batches: 1  Memory Usage: 3392kB
                    ->  Seq Scan on title t  (cost=0.00..67604.59 rows=66731 width=4) (actual time=0.020..974.941 rows=67342 loops=1)
                          Filter: (production_year > 2012)
                          Rows Removed by Filter: 2460970
Planning time: 1.203 ms
Execution time: 9138.091 ms
