Seq Scan on cast_info ci  (cost=0.00..705507.15 rows=500 width=0) (actual time=1053.996..11523.609 rows=13 loops=1)
  Filter: (person_id = 379172)
  Rows Removed by Filter: 36244331
Planning time: 0.402 ms
Execution time: 11523.704 ms
