Hash Join  (cost=83074.74..142928.79 rows=219 width=0) (actual time=1365.260..2696.225 rows=300 loops=1)
  Hash Cond: (mc.movie_id = t.id)
  ->  Seq Scan on movie_companies mc  (cost=0.00..51404.11 rows=2252730 width=4) (actual time=0.011..1070.146 rows=2258452 loops=1)
        Filter: (company_id > 166)
        Rows Removed by Filter: 350677
  ->  Hash  (cost=83071.67..83071.67 rows=246 width=8) (actual time=1313.889..1313.889 rows=39 loops=1)
        Buckets: 1024  Batches: 1  Memory Usage: 10kB
        ->  Nested Loop  (cost=0.43..83071.67 rows=246 width=8) (actual time=20.298..1313.821 rows=39 loops=1)
              ->  Seq Scan on movie_keyword mk  (cost=0.00..81003.12 rows=246 width=4) (actual time=20.210..1311.788 rows=39 loops=1)
                    Filter: (keyword_id = 19386)
                    Rows Removed by Filter: 4523891
              ->  Index Only Scan using title_pkey on title t  (cost=0.43..8.40 rows=1 width=4) (actual time=0.044..0.045 rows=1 loops=39)
                    Index Cond: (id = mk.movie_id)
                    Heap Fetches: 39
Planning time: 0.898 ms
Execution time: 2696.430 ms
