Hash Join  (cost=798789.78..825700.94 rows=68 width=0) (actual time=14418.611..14859.978 rows=6 loops=1)
  Hash Cond: (mi_idx.movie_id = t.id)
  ->  Seq Scan on movie_info_idx mi_idx  (cost=0.00..21735.35 rows=1380035 width=4) (actual time=0.008..326.299 rows=1380035 loops=1)
  ->  Hash  (cost=798788.22..798788.22 rows=125 width=8) (actual time=14268.823..14268.823 rows=4 loops=1)
        Buckets: 1024  Batches: 1  Memory Usage: 9kB
        ->  Nested Loop  (cost=0.43..798788.22 rows=125 width=8) (actual time=1121.062..14268.805 rows=4 loops=1)
              ->  Seq Scan on cast_info ci  (cost=0.00..796071.18 rows=324 width=4) (actual time=1119.759..14267.376 rows=4 loops=1)
                    Filter: ((role_id > 1) AND (person_id = 2700539))
                    Rows Removed by Filter: 36244340
              ->  Index Scan using title_pkey on title t  (cost=0.43..8.38 rows=1 width=4) (actual time=0.352..0.352 rows=1 loops=4)
                    Index Cond: (id = ci.movie_id)
                    Filter: (production_year < 1999)
Planning time: 0.787 ms
Execution time: 14860.129 ms
