Hash Join  (cost=595796.56..2063113.75 rows=20160700 width=0) (actual time=14482.579..47408.483 rows=11377042 loops=1)
  Hash Cond: (ci.movie_id = t.id)
  ->  Seq Scan on cast_info ci  (cost=0.00..614943.12 rows=36225612 width=4) (actual time=0.015..13608.703 rows=36244344 loops=1)
  ->  Hash  (cost=572709.49..572709.49 rows=1407205 width=8) (actual time=14480.617..14480.617 rows=458388 loops=1)
        Buckets: 131072  Batches: 32  Memory Usage: 1579kB
        ->  Hash Join  (cost=77887.52..572709.49 rows=1407205 width=8) (actual time=1305.806..14336.727 rows=458388 loops=1)
              Hash Cond: (mi.movie_id = t.id)
              ->  Seq Scan on movie_info mi  (cost=0.00..309384.22 rows=14739122 width=4) (actual time=0.023..6519.093 rows=14835720 loops=1)
              ->  Hash  (cost=73925.90..73925.90 rows=241409 width=4) (actual time=1301.853..1301.853 rows=257849 loops=1)
                    Buckets: 131072  Batches: 4  Memory Usage: 3311kB
                    ->  Seq Scan on title t  (cost=0.00..73925.90 rows=241409 width=4) (actual time=0.018..1214.667 rows=257849 loops=1)
                          Filter: ((kind_id > 4) AND (production_year > 2010))
                          Rows Removed by Filter: 2270463
Planning time: 1.113 ms
Execution time: 48578.767 ms
