Hash Join  (cost=58375.58..423032.72 rows=122 width=0) (actual time=1977.641..6951.710 rows=12 loops=1)
  Hash Cond: (mi.movie_id = t.id)
  ->  Seq Scan on movie_info mi  (cost=0.00..309384.22 rows=14739122 width=4) (actual time=0.023..3652.122 rows=14835720 loops=1)
  ->  Hash  (cost=58375.31..58375.31 rows=21 width=8) (actual time=833.335..833.335 rows=1 loops=1)
        Buckets: 1024  Batches: 1  Memory Usage: 9kB
        ->  Nested Loop  (cost=0.43..58375.31 rows=21 width=8) (actual time=158.846..833.329 rows=1 loops=1)
              ->  Seq Scan on movie_companies mc  (cost=0.00..57926.93 rows=53 width=4) (actual time=96.159..833.033 rows=5 loops=1)
                    Filter: ((company_id = 41167) AND (company_type_id = 2))
                    Rows Removed by Filter: 2609124
              ->  Index Scan using title_pkey on title t  (cost=0.43..8.45 rows=1 width=4) (actual time=0.052..0.052 rows=0 loops=5)
                    Index Cond: (id = mc.movie_id)
                    Filter: (production_year < 2000)
                    Rows Removed by Filter: 1
Planning time: 5.471 ms
Execution time: 6951.893 ms
