Seq Scan on cast_info ci  (cost=0.00..705507.15 rows=11875885 width=0) (actual time=0.023..10734.056 rows=11794581 loops=1)
  Filter: (person_id < 1158712)
  Rows Removed by Filter: 24449763
Planning time: 0.327 ms
Execution time: 12190.923 ms
