Hash Join  (cost=200466.10..716582.83 rows=1676291 width=0) (actual time=4191.624..18134.690 rows=6490039 loops=1)
  Hash Cond: (mi.movie_id = t.id)
  ->  Seq Scan on movie_info mi  (cost=0.00..309384.22 rows=14739122 width=4) (actual time=0.022..5940.025 rows=14835720 loops=1)
  ->  Hash  (cost=195747.46..195747.46 rows=287571 width=8) (actual time=4190.743..4190.743 rows=147733 loops=1)
        Buckets: 131072  Batches: 4  Memory Usage: 2551kB
        ->  Hash Join  (cost=70241.71..195747.46 rows=287571 width=8) (actual time=1171.949..4144.459 rows=147733 loops=1)
              Hash Cond: (mk.movie_id = t.id)
              ->  Seq Scan on movie_keyword mk  (cost=0.00..69693.30 rows=4523930 width=4) (actual time=0.022..1337.394 rows=4523930 loops=1)
              ->  Hash  (cost=67604.59..67604.59 rows=160730 width=4) (actual time=1170.996..1170.996 rows=160017 loops=1)
                    Buckets: 131072  Batches: 4  Memory Usage: 2442kB
                    ->  Seq Scan on title t  (cost=0.00..67604.59 rows=160730 width=4) (actual time=0.013..1113.016 rows=160017 loops=1)
                          Filter: (production_year = 2011)
                          Rows Removed by Filter: 2368295
Planning time: 1.196 ms
Execution time: 18946.598 ms
