Hash Join  (cost=156116.51..283284.13 rows=423958 width=0) (actual time=3253.562..7709.284 rows=4344051 loops=1)
  Hash Cond: (mk.movie_id = t.id)
  ->  Seq Scan on movie_keyword mk  (cost=0.00..69693.30 rows=4523930 width=4) (actual time=0.023..1382.792 rows=4523930 loops=1)
  ->  Hash  (cost=152228.51..152228.51 rows=236960 width=8) (actual time=3251.841..3251.841 rows=319665 loops=1)
        Buckets: 131072 (originally 131072)  Batches: 8 (originally 4)  Memory Usage: 3073kB
        ->  Hash Join  (cost=81319.76..152228.51 rows=236960 width=8) (actual time=1950.114..3147.109 rows=319665 loops=1)
              Hash Cond: (mc.movie_id = t.id)
              ->  Seq Scan on movie_companies mc  (cost=0.00..51404.11 rows=1329612 width=4) (actual time=228.244..1002.971 rows=1334883 loops=1)
                    Filter: (company_type_id > 1)
                    Rows Removed by Filter: 1274246
              ->  Hash  (cost=73925.90..73925.90 rows=450628 width=4) (actual time=1343.055..1343.055 rows=325089 loops=1)
                    Buckets: 131072  Batches: 8  Memory Usage: 2458kB
                    ->  Seq Scan on title t  (cost=0.00..73925.90 rows=450628 width=4) (actual time=0.020..1240.950 rows=325089 loops=1)
                          Filter: ((production_year > 1992) AND (kind_id = 1))
                          Rows Removed by Filter: 2203223
Planning time: 1.055 ms
Execution time: 8205.691 ms
