Hash Join  (cost=83810.17..1117413.15 rows=5900919 width=0) (actual time=1415.127..29557.723 rows=7870915 loops=1)
  Hash Cond: (ci.movie_id = t.id)
  ->  Seq Scan on cast_info ci  (cost=0.00..796071.18 rows=15106029 width=4) (actual time=0.016..16752.594 rows=19998986 loops=1)
        Filter: ((person_id > 1274064) AND (role_id > 1))
        Rows Removed by Filter: 16245358
  ->  Hash  (cost=67604.59..67604.59 rows=987727 width=4) (actual time=1414.275..1414.275 rows=985048 loops=1)
        Buckets: 131072  Batches: 16  Memory Usage: 3188kB
        ->  Seq Scan on title t  (cost=0.00..67604.59 rows=987727 width=4) (actual time=0.016..1111.996 rows=985048 loops=1)
              Filter: (kind_id < 7)
              Rows Removed by Filter: 1543264
Planning time: 0.741 ms
Execution time: 30377.667 ms
