Hash Join  (cost=83074.74..109986.57 rows=134 width=0) (actual time=1351.487..1915.394 rows=810 loops=1)
  Hash Cond: (mi_idx.movie_id = t.id)
  ->  Seq Scan on movie_info_idx mi_idx  (cost=0.00..21735.35 rows=1380035 width=4) (actual time=0.017..320.907 rows=1380035 loops=1)
  ->  Hash  (cost=83071.67..83071.67 rows=246 width=8) (actual time=1344.215..1344.215 rows=291 loops=1)
        Buckets: 1024  Batches: 1  Memory Usage: 20kB
        ->  Nested Loop  (cost=0.43..83071.67 rows=246 width=8) (actual time=3.064..1343.912 rows=291 loops=1)
              ->  Seq Scan on movie_keyword mk  (cost=0.00..81003.12 rows=246 width=4) (actual time=2.997..1323.390 rows=291 loops=1)
                    Filter: (keyword_id = 272)
                    Rows Removed by Filter: 4523639
              ->  Index Only Scan using title_pkey on title t  (cost=0.43..8.40 rows=1 width=4) (actual time=0.067..0.067 rows=1 loops=291)
                    Index Cond: (id = mk.movie_id)
                    Heap Fetches: 291
Planning time: 1.109 ms
Execution time: 1915.643 ms
