Seq Scan on movie_companies mc  (cost=0.00..51404.11 rows=570081 width=0) (actual time=274.270..830.287 rows=573190 loops=1)
  Filter: (company_id > 71236)
  Rows Removed by Filter: 2035939
Planning time: 0.986 ms
Execution time: 902.842 ms
