Hash Join  (cost=126296.79..615965.16 rows=924245 width=0) (actual time=2566.807..16227.505 rows=5526243 loops=1)
  Hash Cond: (mi.movie_id = t.id)
  ->  Seq Scan on movie_info mi  (cost=0.00..309384.22 rows=14739122 width=4) (actual time=0.024..5862.553 rows=14835720 loops=1)
  ->  Hash  (cost=123694.85..123694.85 rows=158556 width=8) (actual time=2566.054..2566.054 rows=305141 loops=1)
        Buckets: 131072  Batches: 4  Memory Usage: 4017kB
        ->  Hash Join  (cost=88195.18..123694.85 rows=158556 width=8) (actual time=1510.830..2464.529 rows=305141 loops=1)
              Hash Cond: (mi_idx.movie_id = t.id)
              ->  Seq Scan on movie_info_idx mi_idx  (cost=0.00..25185.44 rows=460978 width=4) (actual time=0.017..457.530 rows=459925 loops=1)
                    Filter: (info_type_id = 99)
                    Rows Removed by Filter: 920110
              ->  Hash  (cost=73925.90..73925.90 rows=869702 width=4) (actual time=1510.154..1510.154 rows=896788 loops=1)
                    Buckets: 131072  Batches: 16  Memory Usage: 2998kB
                    ->  Seq Scan on title t  (cost=0.00..73925.90 rows=869702 width=4) (actual time=0.019..1224.580 rows=896788 loops=1)
                          Filter: ((kind_id < 7) AND (production_year < 2012))
                          Rows Removed by Filter: 1631524
Planning time: 1.160 ms
Execution time: 16828.209 ms
