Seq Scan on movie_keyword mk  (cost=0.00..81003.12 rows=246 width=0) (actual time=23.426..1369.137 rows=23 loops=1)
  Filter: (keyword_id = 85758)
  Rows Removed by Filter: 4523907
Planning time: 0.342 ms
Execution time: 1369.242 ms
