Hash Join  (cost=605537.65..1686963.56 rows=17489976 width=0) (actual time=21015.568..42329.053 rows=23321623 loops=1)
  Hash Cond: (ci.movie_id = t.id)
  ->  Seq Scan on cast_info ci  (cost=0.00..705507.15 rows=12203201 width=4) (actual time=7159.928..14365.306 rows=12113646 loops=1)
        Filter: (role_id > 3)
        Rows Removed by Filter: 24130698
  ->  Hash  (cost=546081.18..546081.18 rows=3623957 width=8) (actual time=13853.685..13853.685 rows=3624977 loops=1)
        Buckets: 131072  Batches: 64  Memory Usage: 3234kB
        ->  Hash Join  (cost=102767.86..546081.18 rows=3623957 width=8) (actual time=2340.803..12606.243 rows=3624977 loops=1)
              Hash Cond: (mi.movie_id = t.id)
              ->  Seq Scan on movie_info mi  (cost=0.00..346232.03 rows=3623957 width=4) (actual time=0.040..6015.893 rows=3624977 loops=1)
                    Filter: (info_type_id < 4)
                    Rows Removed by Filter: 11210743
              ->  Hash  (cost=61283.27..61283.27 rows=2528527 width=4) (actual time=2339.691..2339.691 rows=2528312 loops=1)
                    Buckets: 131072  Batches: 64  Memory Usage: 2425kB
                    ->  Seq Scan on title t  (cost=0.00..61283.27 rows=2528527 width=4) (actual time=0.020..1248.863 rows=2528312 loops=1)
Planning time: 1.240 ms
Execution time: 44901.654 ms
