Hash Join  (cost=94978.31..197991.75 rows=526602 width=0) (actual time=1856.229..4120.590 rows=653369 loops=1)
  Hash Cond: (mk.movie_id = t.id)
  ->  Seq Scan on movie_keyword mk  (cost=0.00..81003.12 rows=798059 width=4) (actual time=0.016..1391.896 rows=797854 loops=1)
        Filter: (keyword_id < 769)
        Rows Removed by Filter: 3726076
  ->  Hash  (cost=67604.59..67604.59 rows=1668458 width=4) (actual time=1855.229..1855.229 rows=1671292 loops=1)
        Buckets: 131072  Batches: 32  Memory Usage: 2866kB
        ->  Seq Scan on title t  (cost=0.00..67604.59 rows=1668458 width=4) (actual time=0.010..1305.270 rows=1671292 loops=1)
              Filter: (production_year < 2008)
              Rows Removed by Filter: 857020
Planning time: 0.542 ms
Execution time: 4197.424 ms
