Hash Join  (cost=92883.59..174246.47 rows=561319 width=0) (actual time=2388.221..4081.685 rows=280772 loops=1)
  Hash Cond: (mc.movie_id = t.id)
  ->  Seq Scan on movie_companies mc  (cost=0.00..57926.93 rows=921151 width=4) (actual time=426.040..1233.888 rows=1104013 loops=1)
        Filter: ((company_id > 1716) AND (company_type_id = 2))
        Rows Removed by Filter: 1505116
  ->  Hash  (cost=67604.59..67604.59 rows=1540800 width=4) (actual time=1961.008..1961.008 rows=1543264 loops=1)
        Buckets: 131072  Batches: 32  Memory Usage: 2722kB
        ->  Seq Scan on title t  (cost=0.00..67604.59 rows=1540800 width=4) (actual time=0.037..1182.622 rows=1543264 loops=1)
              Filter: (kind_id = 7)
              Rows Removed by Filter: 985048
Planning time: 15.970 ms
Execution time: 4113.241 ms
