Seq Scan on movie_keyword mk  (cost=0.00..81003.12 rows=2550111 width=0) (actual time=0.016..840.792 rows=2541506 loops=1)
  Filter: (keyword_id < 6369)
  Rows Removed by Filter: 1982424
Planning time: 0.215 ms
Execution time: 1048.353 ms
