Hash Join  (cost=102767.86..295294.92 rows=4224242 width=0) (actual time=1924.305..7873.637 rows=4228921 loops=1)
  Hash Cond: (mk.movie_id = t.id)
  ->  Seq Scan on movie_keyword mk  (cost=0.00..81003.12 rows=4224242 width=4) (actual time=0.023..1779.003 rows=4228921 loops=1)
        Filter: (keyword_id < 54483)
        Rows Removed by Filter: 295009
  ->  Hash  (cost=61283.27..61283.27 rows=2528527 width=4) (actual time=1923.346..1923.346 rows=2528312 loops=1)
        Buckets: 131072  Batches: 64  Memory Usage: 2425kB
        ->  Seq Scan on title t  (cost=0.00..61283.27 rows=2528527 width=4) (actual time=0.023..1052.738 rows=2528312 loops=1)
Planning time: 0.706 ms
Execution time: 8380.654 ms
