Hash Join  (cost=189997.37..336122.17 rows=1126147 width=0) (actual time=4052.967..8799.516 rows=4279564 loops=1)
  Hash Cond: (mk.movie_id = t.id)
  ->  Seq Scan on movie_keyword mk  (cost=0.00..81003.12 rows=4441387 width=4) (actual time=0.019..1987.646 rows=4442974 loops=1)
        Filter: (keyword_id < 87523)
        Rows Removed by Filter: 80956
  ->  Hash  (cost=179478.28..179478.28 rows=641127 width=8) (actual time=4051.736..4051.736 rows=646617 loops=1)
        Buckets: 131072  Batches: 16  Memory Usage: 2628kB
        ->  Hash Join  (cost=102767.86..179478.28 rows=641127 width=8) (actual time=1939.691..3846.842 rows=646617 loops=1)
              Hash Cond: (mc.movie_id = t.id)
              ->  Seq Scan on movie_companies mc  (cost=0.00..51404.11 rows=641127 width=4) (actual time=0.014..900.170 rows=646617 loops=1)
                    Filter: (company_id > 55566)
                    Rows Removed by Filter: 1962512
              ->  Hash  (cost=61283.27..61283.27 rows=2528527 width=4) (actual time=1938.485..1938.485 rows=2528312 loops=1)
                    Buckets: 131072  Batches: 64  Memory Usage: 2415kB
                    ->  Seq Scan on title t  (cost=0.00..61283.27 rows=2528527 width=4) (actual time=0.014..1082.430 rows=2528312 loops=1)
Planning time: 0.820 ms
Execution time: 9226.372 ms
