Hash Join  (cost=451280.36..1513013.43 rows=2718785 width=0) (actual time=7131.278..34089.409 rows=700024 loops=1)
  Hash Cond: (ci.movie_id = t.id)
  ->  Seq Scan on cast_info ci  (cost=0.00..614943.12 rows=36225612 width=4) (actual time=0.017..12967.685 rows=36244344 loops=1)
  ->  Hash  (cost=448166.24..448166.24 rows=189770 width=8) (actual time=7130.330..7130.330 rows=19721 loops=1)
        Buckets: 131072  Batches: 4  Memory Usage: 1216kB
        ->  Hash Join  (cost=90606.68..448166.24 rows=189770 width=8) (actual time=4998.792..7122.075 rows=19721 loops=1)
              Hash Cond: (mi.movie_id = t.id)
              ->  Seq Scan on movie_info mi  (cost=0.00..346232.03 rows=471955 width=4) (actual time=3340.677..5120.008 rows=543367 loops=1)
                    Filter: (info_type_id > 98)
                    Rows Removed by Filter: 14292353
              ->  Hash  (cost=73925.90..73925.90 rows=1016702 width=4) (actual time=1574.646..1574.646 rows=960113 loops=1)
                    Buckets: 131072  Batches: 16  Memory Usage: 3141kB
                    ->  Seq Scan on title t  (cost=0.00..73925.90 rows=1016702 width=4) (actual time=0.021..1260.835 rows=960113 loops=1)
                          Filter: ((production_year < 2008) AND (kind_id = 7))
                          Rows Removed by Filter: 1568199
Planning time: 1.171 ms
Execution time: 34178.428 ms
