Hash Join  (cost=73962.22..827338.30 rows=14621 width=0) (actual time=1184.792..17116.662 rows=10130 loops=1)
  Hash Cond: (ci.movie_id = t.id)
  ->  Seq Scan on cast_info ci  (cost=0.00..705507.15 rows=12726058 width=4) (actual time=0.021..13876.337 rows=12670688 loops=1)
        Filter: (role_id < 2)
        Rows Removed by Filter: 23573656
  ->  Hash  (cost=73925.90..73925.90 rows=2905 width=4) (actual time=1178.243..1178.243 rows=3065 loops=1)
        Buckets: 4096  Batches: 1  Memory Usage: 140kB
        ->  Seq Scan on title t  (cost=0.00..73925.90 rows=2905 width=4) (actual time=0.244..1176.659 rows=3065 loops=1)
              Filter: ((kind_id < 7) AND (production_year = 1922))
              Rows Removed by Filter: 2525247
Planning time: 0.796 ms
Execution time: 17119.121 ms
