Hash Join  (cost=961946.36..1468963.58 rows=4638002 width=0) (actual time=21696.119..44981.420 rows=40403717 loops=1)
  Hash Cond: (mi.movie_id = t.id)
  ->  Seq Scan on movie_info mi  (cost=0.00..346232.03 rows=9476311 width=4) (actual time=0.013..6905.364 rows=9565151 loops=1)
        Filter: (info_type_id < 16)
        Rows Removed by Filter: 5270569
  ->  Hash  (cost=941642.11..941642.11 rows=1237540 width=8) (actual time=21694.974..21694.974 rows=2880073 loops=1)
        Buckets: 131072 (originally 131072)  Batches: 64 (originally 32)  Memory Usage: 3073kB
        ->  Hash Join  (cost=88195.18..941642.11 rows=1237540 width=8) (actual time=9834.144..20747.511 rows=2880073 loops=1)
              Hash Cond: (ci.movie_id = t.id)
              ->  Seq Scan on cast_info ci  (cost=0.00..796071.18 rows=3597961 width=4) (actual time=8222.649..14080.444 rows=7249191 loops=1)
                    Filter: ((person_id < 990156) AND (role_id < 2))
                    Rows Removed by Filter: 28995153
              ->  Hash  (cost=73925.90..73925.90 rows=869702 width=4) (actual time=1610.575..1610.575 rows=896788 loops=1)
                    Buckets: 131072  Batches: 16  Memory Usage: 2998kB
                    ->  Seq Scan on title t  (cost=0.00..73925.90 rows=869702 width=4) (actual time=0.027..1320.494 rows=896788 loops=1)
                          Filter: ((kind_id < 7) AND (production_year < 2012))
                          Rows Removed by Filter: 1631524
Planning time: 1.180 ms
Execution time: 49387.621 ms
