Hash Join  (cost=224702.72..1524750.94 rows=21509804 width=0) (actual time=4926.549..43249.595 rows=20223077 loops=1)
  Hash Cond: (ci.movie_id = t.id)
  ->  Seq Scan on cast_info ci  (cost=0.00..614943.12 rows=36225612 width=4) (actual time=0.028..12955.099 rows=36244344 loops=1)
  ->  Hash  (cost=200070.57..200070.57 rows=1501372 width=8) (actual time=4925.445..4925.445 rows=646439 loops=1)
        Buckets: 131072  Batches: 32  Memory Usage: 1787kB
        ->  Hash Join  (cost=98407.57..200070.57 rows=1501372 width=8) (actual time=2205.790..4730.980 rows=646439 loops=1)
              Hash Cond: (mc.movie_id = t.id)
              ->  Seq Scan on movie_companies mc  (cost=0.00..51404.11 rows=2544046 width=4) (actual time=0.025..1203.764 rows=2542342 loops=1)
                    Filter: (company_id > 6)
                    Rows Removed by Filter: 66787
              ->  Hash  (cost=73925.90..73925.90 rows=1492213 width=4) (actual time=1882.050..1882.050 rows=1478439 loops=1)
                    Buckets: 131072  Batches: 32  Memory Usage: 2651kB
                    ->  Seq Scan on title t  (cost=0.00..73925.90 rows=1492213 width=4) (actual time=286.519..1417.508 rows=1478439 loops=1)
                          Filter: ((production_year > 1901) AND (kind_id = 7))
                          Rows Removed by Filter: 1049873
Planning time: 1.280 ms
Execution time: 45477.164 ms
