Seq Scan on movie_keyword mk  (cost=0.00..81003.12 rows=4141762 width=0) (actual time=0.023..1756.588 rows=4144183 loops=1)
  Filter: (keyword_id < 44950)
  Rows Removed by Filter: 379747
Planning time: 0.323 ms
Execution time: 2268.451 ms
