Hash Join  (cost=245443.63..702787.83 rows=3954869 width=0) (actual time=7236.496..17571.024 rows=8061918 loops=1)
  Hash Cond: (mi.movie_id = t.id)
  ->  Seq Scan on movie_info mi  (cost=0.00..346232.03 rows=4972096 width=4) (actual time=1292.087..6284.473 rows=4923966 loops=1)
        Filter: (info_type_id < 5)
        Rows Removed by Filter: 9911754
  ->  Hash  (cost=212446.34..212446.34 rows=2011223 width=8) (actual time=5943.495..5943.495 rows=2005699 loops=1)
        Buckets: 131072  Batches: 32  Memory Usage: 3514kB
        ->  Hash Join  (cost=102767.86..212446.34 rows=2011223 width=8) (actual time=1986.613..5340.829 rows=2005699 loops=1)
              Hash Cond: (mc.movie_id = t.id)
              ->  Seq Scan on movie_companies mc  (cost=0.00..51404.11 rows=2011223 width=4) (actual time=0.033..1177.625 rows=2005699 loops=1)
                    Filter: (company_id < 66616)
                    Rows Removed by Filter: 603430
              ->  Hash  (cost=61283.27..61283.27 rows=2528527 width=4) (actual time=1985.554..1985.554 rows=2528312 loops=1)
                    Buckets: 131072  Batches: 64  Memory Usage: 2415kB
                    ->  Seq Scan on title t  (cost=0.00..61283.27 rows=2528527 width=4) (actual time=0.020..1149.035 rows=2528312 loops=1)
Planning time: 1.217 ms
Execution time: 18427.373 ms
