Seq Scan on movie_keyword mk  (cost=0.00..81003.12 rows=246 width=0) (actual time=14.679..1205.895 rows=247 loops=1)
  Filter: (keyword_id = 10242)
  Rows Removed by Filter: 4523683
Planning time: 0.378 ms
Execution time: 1206.135 ms
