Hash Join  (cost=102767.86..1588189.89 rows=32001531 width=0) (actual time=1994.283..47040.370 rows=32150672 loops=1)
  Hash Cond: (ci.movie_id = t.id)
  ->  Seq Scan on cast_info ci  (cost=0.00..705507.15 rows=32001531 width=4) (actual time=0.017..16731.877 rows=32150672 loops=1)
        Filter: (person_id > 393430)
        Rows Removed by Filter: 4093672
  ->  Hash  (cost=61283.27..61283.27 rows=2528527 width=4) (actual time=1993.082..1993.082 rows=2528312 loops=1)
        Buckets: 131072  Batches: 64  Memory Usage: 2415kB
        ->  Seq Scan on title t  (cost=0.00..61283.27 rows=2528527 width=4) (actual time=0.013..1153.228 rows=2528312 loops=1)
Planning time: 0.788 ms
Execution time: 50887.619 ms
