Seq Scan on movie_companies mc  (cost=0.00..51404.11 rows=1953600 width=0) (actual time=0.027..1058.403 rows=1948587 loops=1)
  Filter: (company_id < 52463)
  Rows Removed by Filter: 660542
Planning time: 0.400 ms
Execution time: 1305.647 ms
