Hash Join  (cost=102767.86..194560.50 rows=37878 width=0) (actual time=2289.501..3554.218 rows=35361 loops=1)
  Hash Cond: (mk.movie_id = t.id)
  ->  Seq Scan on movie_keyword mk  (cost=0.00..81003.12 rows=37878 width=4) (actual time=392.399..1209.830 rows=35361 loops=1)
        Filter: (keyword_id > 107266)
        Rows Removed by Filter: 4488569
  ->  Hash  (cost=61283.27..61283.27 rows=2528527 width=4) (actual time=1895.652..1895.652 rows=2528312 loops=1)
        Buckets: 131072  Batches: 64  Memory Usage: 2425kB
        ->  Seq Scan on title t  (cost=0.00..61283.27 rows=2528527 width=4) (actual time=0.033..1043.468 rows=2528312 loops=1)
Planning time: 0.765 ms
Execution time: 3558.619 ms
