Hash Join  (cost=77280.64..171981.62 rows=84306 width=0) (actual time=1252.815..3667.944 rows=277333 loops=1)
  Hash Cond: (mk.movie_id = t.id)
  ->  Seq Scan on movie_keyword mk  (cost=0.00..81003.12 rows=1042611 width=4) (actual time=0.024..1412.830 rows=1042777 loops=1)
        Filter: (keyword_id < 1038)
        Rows Removed by Filter: 3481153
  ->  Hash  (cost=73925.90..73925.90 rows=204459 width=4) (actual time=1251.921..1251.921 rows=313929 loops=1)
        Buckets: 131072  Batches: 4  Memory Usage: 3792kB
        ->  Seq Scan on title t  (cost=0.00..73925.90 rows=204459 width=4) (actual time=0.567..1148.817 rows=313929 loops=1)
              Filter: ((kind_id < 7) AND (production_year < 1981))
              Rows Removed by Filter: 2214383
Planning time: 0.779 ms
Execution time: 3703.162 ms
