Hash Join  (cost=857179.34..1405348.11 rows=4680194 width=0) (actual time=16708.576..33129.920 rows=16469749 loops=1)
  Hash Cond: (mi.movie_id = t.id)
  ->  Seq Scan on movie_info mi  (cost=0.00..309384.22 rows=14739122 width=4) (actual time=0.021..5915.436 rows=14835720 loops=1)
  ->  Hash  (cost=844006.12..844006.12 rows=802897 width=8) (actual time=16558.079..16558.079 rows=604799 loops=1)
        Buckets: 131072  Batches: 16  Memory Usage: 2532kB
        ->  Hash Join  (cost=82257.13..844006.12 rows=802897 width=8) (actual time=1447.205..16366.873 rows=604799 loops=1)
              Hash Cond: (ci.movie_id = t.id)
              ->  Seq Scan on cast_info ci  (cost=0.00..705507.15 rows=3998100 width=4) (actual time=0.019..12790.333 rows=4008037 loops=1)
                    Filter: (role_id = 3)
                    Rows Removed by Filter: 32236307
              ->  Hash  (cost=73925.90..73925.90 rows=507778 width=4) (actual time=1445.974..1445.974 rows=524129 loops=1)
                    Buckets: 131072  Batches: 8  Memory Usage: 3340kB
                    ->  Seq Scan on title t  (cost=0.00..73925.90 rows=507778 width=4) (actual time=20.490..1285.836 rows=524129 loops=1)
                          Filter: ((production_year < 2010) AND (kind_id = 1))
                          Rows Removed by Filter: 2004183
Planning time: 1.281 ms
Execution time: 34848.273 ms
