Hash Join  (cost=83440.39..172944.36 rows=103175 width=0) (actual time=1406.328..3573.839 rows=179471 loops=1)
  Hash Cond: (mk.movie_id = t.id)
  ->  Seq Scan on movie_keyword mk  (cost=0.00..81003.12 rows=449890 width=4) (actual time=0.031..1568.759 rows=449145 loops=1)
        Filter: (keyword_id > 39559)
        Rows Removed by Filter: 4074785
  ->  Hash  (cost=73925.90..73925.90 rows=579879 width=4) (actual time=1405.682..1405.682 rows=492958 loops=1)
        Buckets: 131072  Batches: 8  Memory Usage: 3196kB
        ->  Seq Scan on title t  (cost=0.00..73925.90 rows=579879 width=4) (actual time=0.014..1251.702 rows=492958 loops=1)
              Filter: ((kind_id < 7) AND (production_year > 1998))
              Rows Removed by Filter: 2035354
Planning time: 0.799 ms
Execution time: 3595.108 ms
