Hash Join  (cost=85303.03..608240.09 rows=4042213 width=0) (actual time=1677.326..16255.698 rows=6543970 loops=1)
  Hash Cond: (mi.movie_id = t.id)
  ->  Seq Scan on movie_info mi  (cost=0.00..309384.22 rows=14739122 width=4) (actual time=0.027..6135.647 rows=14835720 loops=1)
  ->  Hash  (cost=73925.90..73925.90 rows=693450 width=4) (actual time=1676.226..1676.226 rows=595167 loops=1)
        Buckets: 131072  Batches: 16  Memory Usage: 2338kB
        ->  Seq Scan on title t  (cost=0.00..73925.90 rows=693450 width=4) (actual time=0.032..1217.360 rows=595167 loops=1)
              Filter: ((kind_id < 7) AND (production_year > 1989))
              Rows Removed by Filter: 1933145
Planning time: 7.259 ms
Execution time: 16961.778 ms
