Hash Join  (cost=214139.17..707833.52 rows=3135796 width=0) (actual time=5278.469..40581.672 rows=100544552 loops=1)
  Hash Cond: (mi.movie_id = t.id)
  ->  Seq Scan on movie_info mi  (cost=0.00..346232.03 rows=9767026 width=4) (actual time=157.938..6751.054 rows=9911754 loops=1)
        Filter: (info_type_id > 4)
        Rows Removed by Filter: 4923966
  ->  Hash  (cost=200819.57..200819.57 rows=811808 width=8) (actual time=5117.649..5117.649 rows=1759286 loops=1)
        Buckets: 131072 (originally 131072)  Batches: 32 (originally 16)  Memory Usage: 3241kB
        ->  Hash Join  (cost=83810.17..200819.57 rows=811808 width=8) (actual time=1544.399..4563.837 rows=1759286 loops=1)
              Hash Cond: (mk.movie_id = t.id)
              ->  Seq Scan on movie_keyword mk  (cost=0.00..81003.12 rows=2078183 width=4) (actual time=0.029..1420.115 rows=2075520 loops=1)
                    Filter: (keyword_id > 5831)
                    Rows Removed by Filter: 2448410
              ->  Hash  (cost=67604.59..67604.59 rows=987727 width=4) (actual time=1543.536..1543.536 rows=985048 loops=1)
                    Buckets: 131072  Batches: 16  Memory Usage: 3197kB
                    ->  Seq Scan on title t  (cost=0.00..67604.59 rows=987727 width=4) (actual time=0.015..1234.705 rows=985048 loops=1)
                          Filter: (kind_id < 7)
                          Rows Removed by Filter: 1543264
Planning time: 1.160 ms
Execution time: 51097.687 ms
