Hash Join  (cost=102767.86..1480370.12 rows=27520684 width=0) (actual time=1991.172..41313.988 rows=27537022 loops=1)
  Hash Cond: (ci.movie_id = t.id)
  ->  Seq Scan on cast_info ci  (cost=0.00..705507.15 rows=27520684 width=4) (actual time=0.023..16219.678 rows=27537022 loops=1)
        Filter: (person_id < 2819319)
        Rows Removed by Filter: 8707322
  ->  Hash  (cost=61283.27..61283.27 rows=2528527 width=4) (actual time=1989.179..1989.179 rows=2528312 loops=1)
        Buckets: 131072  Batches: 64  Memory Usage: 2415kB
        ->  Seq Scan on title t  (cost=0.00..61283.27 rows=2528527 width=4) (actual time=0.011..1162.755 rows=2528312 loops=1)
Planning time: 1.308 ms
Execution time: 44544.367 ms
