Hash Join  (cost=73962.22..166205.58 rows=3433 width=0) (actual time=1034.857..2350.449 rows=27034 loops=1)
  Hash Cond: (mk.movie_id = t.id)
  ->  Seq Scan on movie_keyword mk  (cost=0.00..81003.12 rows=2988242 width=4) (actual time=0.024..967.194 rows=2973255 loops=1)
        Filter: (keyword_id < 10180)
        Rows Removed by Filter: 1550675
  ->  Hash  (cost=73925.90..73925.90 rows=2905 width=4) (actual time=1034.751..1034.751 rows=7852 loops=1)
        Buckets: 8192 (originally 4096)  Batches: 1 (originally 1)  Memory Usage: 341kB
        ->  Seq Scan on title t  (cost=0.00..73925.90 rows=2905 width=4) (actual time=0.147..1030.986 rows=7852 loops=1)
              Filter: ((kind_id < 7) AND (production_year = 1986))
              Rows Removed by Filter: 2520460
Planning time: 0.757 ms
Execution time: 2353.399 ms
