Seq Scan on movie_companies mc  (cost=0.00..51404.11 rows=987423 width=0) (actual time=0.025..679.638 rows=996690 loops=1)
  Filter: (company_id > 16777)
  Rows Removed by Filter: 1612439
Planning time: 0.339 ms
Execution time: 794.050 ms
