Hash Join  (cost=151178.27..1136843.07 rows=1502397 width=0) (actual time=3183.861..27752.903 rows=1149979 loops=1)
  Hash Cond: (ci.movie_id = t.id)
  ->  Seq Scan on cast_info ci  (cost=0.00..705507.15 rows=22874314 width=4) (actual time=0.017..14874.038 rows=22751681 loops=1)
        Filter: (person_id < 2323174)
        Rows Removed by Filter: 13492663
  ->  Hash  (cost=148453.33..148453.33 rows=166075 width=8) (actual time=3181.155..3181.155 rows=99144 loops=1)
        Buckets: 131072  Batches: 4  Memory Usage: 1995kB
        ->  Hash Join  (cost=79310.28..148453.33 rows=166075 width=8) (actual time=1510.301..3150.185 rows=99144 loops=1)
              Hash Cond: (mc.movie_id = t.id)
              ->  Seq Scan on movie_companies mc  (cost=0.00..51404.11 rows=1279517 width=4) (actual time=0.021..1030.562 rows=1274246 loops=1)
                    Filter: (company_type_id = 1)
                    Rows Removed by Filter: 1334883
              ->  Hash  (cost=73925.90..73925.90 rows=328190 width=4) (actual time=1508.971..1508.971 rows=217611 loops=1)
                    Buckets: 131072  Batches: 8  Memory Usage: 1969kB
                    ->  Seq Scan on title t  (cost=0.00..73925.90 rows=328190 width=4) (actual time=0.022..1149.799 rows=217611 loops=1)
                          Filter: ((production_year < 1982) AND (kind_id = 7))
                          Rows Removed by Filter: 2310701
Planning time: 1.237 ms
Execution time: 27892.642 ms
