Hash Join  (cost=83073.10..137739.29 rows=67 width=0) (actual time=1206.399..2196.461 rows=632 loops=1)
  Hash Cond: (mc.movie_id = t.id)
  ->  Seq Scan on movie_companies mc  (cost=0.00..44881.29 rows=2609129 width=4) (actual time=0.019..536.301 rows=2609129 loops=1)
  ->  Hash  (cost=83072.29..83072.29 rows=65 width=8) (actual time=1204.371..1204.371 rows=63 loops=1)
        Buckets: 1024  Batches: 1  Memory Usage: 11kB
        ->  Nested Loop  (cost=0.43..83072.29 rows=65 width=8) (actual time=29.123..1204.255 rows=63 loops=1)
              ->  Seq Scan on movie_keyword mk  (cost=0.00..81003.12 rows=246 width=4) (actual time=29.047..1199.789 rows=99 loops=1)
                    Filter: (keyword_id = 51584)
                    Rows Removed by Filter: 4523831
              ->  Index Scan using title_pkey on title t  (cost=0.43..8.40 rows=1 width=4) (actual time=0.041..0.041 rows=1 loops=99)
                    Index Cond: (id = mk.movie_id)
                    Filter: (kind_id < 2)
                    Rows Removed by Filter: 0
Planning time: 1.613 ms
Execution time: 2196.737 ms
