Hash Join  (cost=162263.85..966497.27 rows=816226 width=0) (actual time=3129.476..20926.304 rows=409137 loops=1)
  Hash Cond: (ci.movie_id = t.id)
  ->  Seq Scan on cast_info ci  (cost=0.00..614943.12 rows=36225612 width=4) (actual time=0.012..9522.415 rows=36244344 loops=1)
  ->  Hash  (cost=161551.70..161551.70 rows=56972 width=8) (actual time=3128.465..3128.465 rows=12672 loops=1)
        Buckets: 65536  Batches: 1  Memory Usage: 1007kB
        ->  Hash Join  (cost=74323.94..161551.70 rows=56972 width=8) (actual time=2505.654..3124.385 rows=12672 loops=1)
              Hash Cond: (mk.movie_id = t.id)
              ->  Seq Scan on movie_keyword mk  (cost=0.00..69693.30 rows=4523930 width=4) (actual time=0.008..971.580 rows=4523930 loops=1)
              ->  Hash  (cost=73925.90..73925.90 rows=31843 width=4) (actual time=1299.180..1299.180 rows=35656 loops=1)
                    Buckets: 65536 (originally 32768)  Batches: 1 (originally 1)  Memory Usage: 1766kB
                    ->  Seq Scan on title t  (cost=0.00..73925.90 rows=31843 width=4) (actual time=0.042..1283.331 rows=35656 loops=1)
                          Filter: ((kind_id = 7) AND (production_year = 2000))
                          Rows Removed by Filter: 2492656
Planning time: 7.748 ms
Execution time: 20981.809 ms
