Hash Join  (cost=81055.23..1178807.04 rows=6225065 width=0) (actual time=1357.613..31272.882 rows=3930438 loops=1)
  Hash Cond: (ci.movie_id = t.id)
  ->  Seq Scan on cast_info ci  (cost=0.00..614943.12 rows=36225612 width=4) (actual time=0.013..13268.770 rows=36244344 loops=1)
  ->  Hash  (cost=73925.90..73925.90 rows=434506 width=4) (actual time=1356.704..1356.704 rows=315167 loops=1)
        Buckets: 131072  Batches: 8  Memory Usage: 2397kB
        ->  Seq Scan on title t  (cost=0.00..73925.90 rows=434506 width=4) (actual time=188.413..1247.004 rows=315167 loops=1)
              Filter: ((production_year < 1991) AND (kind_id = 7))
              Rows Removed by Filter: 2213145
Planning time: 0.799 ms
Execution time: 31727.286 ms
