Seq Scan on cast_info ci  (cost=0.00..796071.18 rows=6068319 width=0) (actual time=2587.133..12727.571 rows=7451973 loops=1)
  Filter: ((person_id < 3032982) AND (role_id = 2))
  Rows Removed by Filter: 28792371
Planning time: 0.465 ms
Execution time: 13516.395 ms
