Hash Join  (cost=77854.63..791835.21 rows=57040 width=0) (actual time=2093.397..12724.701 rows=52678 loops=1)
  Hash Cond: (ci.movie_id = t.id)
  ->  Seq Scan on cast_info ci  (cost=0.00..705507.15 rows=602408 width=4) (actual time=875.014..11237.937 rows=501386 loops=1)
        Filter: (person_id < 55755)
        Rows Removed by Filter: 35742958
  ->  Hash  (cost=73925.90..73925.90 rows=239418 width=4) (actual time=1217.377..1217.377 rows=256906 loops=1)
        Buckets: 131072  Batches: 4  Memory Usage: 3296kB
        ->  Seq Scan on title t  (cost=0.00..73925.90 rows=239418 width=4) (actual time=17.420..1130.734 rows=256906 loops=1)
              Filter: ((production_year > 2010) AND (kind_id = 7))
              Rows Removed by Filter: 2271406
Planning time: 0.828 ms
Execution time: 12731.401 ms
