Hash Join  (cost=159555.45..964127.90 rows=819371 width=0) (actual time=3370.820..20316.766 rows=1604499 loops=1)
  Hash Cond: (ci.movie_id = t.id)
  ->  Seq Scan on cast_info ci  (cost=0.00..705507.15 rows=7768956 width=4) (actual time=75.749..12890.493 rows=7667128 loops=1)
        Filter: (person_id < 744001)
        Rows Removed by Filter: 28577216
  ->  Hash  (cost=155179.99..155179.99 rows=266677 width=8) (actual time=3294.183..3294.183 rows=300444 loops=1)
        Buckets: 131072  Batches: 4  Memory Usage: 3952kB
        ->  Hash Join  (cost=82423.69..155179.99 rows=266677 width=8) (actual time=1413.460..3211.313 rows=300444 loops=1)
              Hash Cond: (mc.movie_id = t.id)
              ->  Seq Scan on movie_companies mc  (cost=0.00..57926.93 rows=746560 width=4) (actual time=0.023..1111.822 rows=963864 loops=1)
                    Filter: ((company_id > 8603) AND (company_type_id = 2))
                    Rows Removed by Filter: 1645265
              ->  Hash  (cost=67604.59..67604.59 rows=903208 width=4) (actual time=1412.379..1412.379 rows=904491 loops=1)
                    Buckets: 131072  Batches: 16  Memory Usage: 3010kB
                    ->  Seq Scan on title t  (cost=0.00..67604.59 rows=903208 width=4) (actual time=0.019..1129.169 rows=904491 loops=1)
                          Filter: (production_year > 2006)
                          Rows Removed by Filter: 1623821
Planning time: 1.300 ms
Execution time: 20513.822 ms
