Hash Join  (cost=28266.73..82932.26 rows=1 width=0) (actual time=473.940..1528.584 rows=54 loops=1)
  Hash Cond: (mc.movie_id = t.id)
  ->  Seq Scan on movie_companies mc  (cost=0.00..44881.29 rows=2609129 width=4) (actual time=0.025..644.632 rows=2609129 loops=1)
  ->  Hash  (cost=28266.72..28266.72 rows=1 width=8) (actual time=431.401..431.401 rows=2 loops=1)
        Buckets: 1024  Batches: 1  Memory Usage: 9kB
        ->  Nested Loop  (cost=0.43..28266.72 rows=1 width=8) (actual time=101.806..431.393 rows=2 loops=1)
              ->  Seq Scan on movie_info_idx mi_idx  (cost=0.00..25185.44 rows=368 width=4) (actual time=100.786..417.510 rows=260 loops=1)
                    Filter: (info_type_id > 101)
                    Rows Removed by Filter: 1379775
              ->  Index Scan using title_pkey on title t  (cost=0.43..8.36 rows=1 width=4) (actual time=0.053..0.053 rows=0 loops=260)
                    Index Cond: (id = mi_idx.movie_id)
                    Filter: (production_year = 1958)
                    Rows Removed by Filter: 1
Planning time: 1.216 ms
Execution time: 1528.748 ms
