Seq Scan on movie_companies mc  (cost=0.00..57926.93 rows=1156873 width=0) (actual time=0.022..1178.715 rows=1274246 loops=1)
  Filter: ((company_id < 100618) AND (company_type_id < 2))
  Rows Removed by Filter: 1334883
Planning time: 0.342 ms
Execution time: 1332.120 ms
