Seq Scan on movie_companies mc  (cost=0.00..51404.11 rows=2870 width=0) (actual time=0.053..922.379 rows=3722 loops=1)
  Filter: (company_id = 139)
  Rows Removed by Filter: 2605407
Planning time: 0.389 ms
Execution time: 923.324 ms
