Seq Scan on cast_info ci  (cost=0.00..796071.18 rows=324 width=0) (actual time=13276.493..14444.515 rows=21 loops=1)
  Filter: ((role_id > 1) AND (person_id = 1613003))
  Rows Removed by Filter: 36244323
Planning time: 0.411 ms
Execution time: 14444.650 ms
