Hash Join  (cost=287669.93..762781.08 rows=5002955 width=0) (actual time=8038.039..23463.633 rows=29313442 loops=1)
  Hash Cond: (mi.movie_id = t.id)
  ->  Seq Scan on movie_info mi  (cost=0.00..346232.03 rows=5445713 width=4) (actual time=166.467..5802.258 rows=5410520 loops=1)
        Filter: (info_type_id < 6)
        Rows Removed by Filter: 9425200
  ->  Hash  (cost=249558.08..249558.08 rows=2322948 width=8) (actual time=7870.394..7870.394 rows=2954705 loops=1)
        Buckets: 131072 (originally 131072)  Batches: 64 (originally 32)  Memory Usage: 3073kB
        ->  Hash Join  (cost=89762.59..249558.08 rows=2322948 width=8) (actual time=2092.932..6951.428 rows=2954705 loops=1)
              Hash Cond: (mk.movie_id = t.id)
              ->  Seq Scan on movie_keyword mk  (cost=0.00..81003.12 rows=4349038 width=4) (actual time=0.027..1803.031 rows=4352803 loops=1)
                    Filter: (keyword_id < 72106)
                    Rows Removed by Filter: 171127
              ->  Hash  (cost=67604.59..67604.59 rows=1350560 width=4) (actual time=2091.163..2091.163 rows=1348293 loops=1)
                    Buckets: 131072  Batches: 32  Memory Usage: 2513kB
                    ->  Seq Scan on title t  (cost=0.00..67604.59 rows=1350560 width=4) (actual time=0.014..1342.236 rows=1348293 loops=1)
                          Filter: (production_year < 2005)
                          Rows Removed by Filter: 1180019
Planning time: 1.219 ms
Execution time: 26656.197 ms
