Hash Join  (cost=81236.34..438996.38 rows=2229 width=0) (actual time=5288.697..7374.746 rows=122 loops=1)
  Hash Cond: (mi.movie_id = t.id)
  ->  Seq Scan on movie_info mi  (cost=0.00..346232.03 rows=3068194 width=4) (actual time=4172.286..5915.175 rows=3036719 loops=1)
        Filter: (info_type_id = 16)
        Rows Removed by Filter: 11799001
  ->  Hash  (cost=81213.37..81213.37 rows=1837 width=8) (actual time=1024.778..1024.778 rows=81 loops=1)
        Buckets: 2048  Batches: 1  Memory Usage: 20kB
        ->  Nested Loop  (cost=0.43..81213.37 rows=1837 width=8) (actual time=132.699..1024.716 rows=81 loops=1)
              ->  Seq Scan on movie_companies mc  (cost=0.00..57926.93 rows=3014 width=4) (actual time=122.840..906.993 rows=2423 loops=1)
                    Filter: ((company_id = 73) AND (company_type_id = 2))
                    Rows Removed by Filter: 2606706
              ->  Index Scan using title_pkey on title t  (cost=0.43..7.72 rows=1 width=4) (actual time=0.048..0.048 rows=0 loops=2423)
                    Index Cond: (id = mc.movie_id)
                    Filter: (kind_id = 7)
                    Rows Removed by Filter: 1
Planning time: 1.205 ms
Execution time: 7375.222 ms
