Hash Join  (cost=65413.97..159479.18 rows=489 width=0) (actual time=947.905..2934.978 rows=4552 loops=1)
  Hash Cond: (mk.movie_id = t.id)
  ->  Seq Scan on movie_keyword mk  (cost=0.00..81003.12 rows=3481919 width=4) (actual time=0.028..1484.798 rows=3481153 loops=1)
        Filter: (keyword_id > 1037)
        Rows Removed by Filter: 1042777
  ->  Hash  (cost=65409.54..65409.54 rows=355 width=8) (actual time=938.492..938.492 rows=1758 loops=1)
        Buckets: 2048 (originally 1024)  Batches: 1 (originally 1)  Memory Usage: 85kB
        ->  Nested Loop  (cost=0.43..65409.54 rows=355 width=8) (actual time=293.713..937.428 rows=1758 loops=1)
              ->  Seq Scan on movie_companies mc  (cost=0.00..57926.93 rows=910 width=4) (actual time=293.671..830.653 rows=3969 loops=1)
                    Filter: ((company_id < 6) AND (company_type_id < 2))
                    Rows Removed by Filter: 2605160
              ->  Index Scan using title_pkey on title t  (cost=0.43..8.21 rows=1 width=4) (actual time=0.026..0.026 rows=0 loops=3969)
                    Index Cond: (id = mc.movie_id)
                    Filter: (kind_id < 7)
                    Rows Removed by Filter: 1
Planning time: 1.140 ms
Execution time: 2936.662 ms
