Seq Scan on movie_companies mc  (cost=0.00..51404.11 rows=104 width=0) (actual time=6.547..763.982 rows=59 loops=1)
  Filter: (company_id = 4867)
  Rows Removed by Filter: 2609070
Planning time: 0.361 ms
Execution time: 764.092 ms
