Hash Join  (cost=435018.46..1188874.98 rows=306734 width=0) (actual time=7001.514..27776.668 rows=5438209 loops=1)
  Hash Cond: (ci.movie_id = t.id)
  ->  Seq Scan on cast_info ci  (cost=0.00..614943.12 rows=36225612 width=4) (actual time=0.012..8976.728 rows=36244344 loops=1)
  ->  Hash  (cost=434750.83..434750.83 rows=21410 width=8) (actual time=7001.199..7001.199 rows=50243 loops=1)
        Buckets: 65536 (originally 32768)  Batches: 1 (originally 1)  Memory Usage: 2475kB
        ->  Hash Join  (cost=83810.17..434750.83 rows=21410 width=8) (actual time=6334.668..6984.725 rows=50243 loops=1)
              Hash Cond: (mi.movie_id = t.id)
              ->  Seq Scan on movie_info mi  (cost=0.00..346232.03 rows=54808 width=4) (actual time=4819.603..5290.698 rows=50267 loops=1)
                    Filter: (info_type_id > 107)
                    Rows Removed by Filter: 14785453
              ->  Hash  (cost=67604.59..67604.59 rows=987727 width=4) (actual time=1475.960..1475.960 rows=985048 loops=1)
                    Buckets: 131072  Batches: 16  Memory Usage: 3197kB
                    ->  Seq Scan on title t  (cost=0.00..67604.59 rows=987727 width=4) (actual time=0.033..1185.344 rows=985048 loops=1)
                          Filter: (kind_id < 7)
                          Rows Removed by Filter: 1543264
Planning time: 1.164 ms
Execution time: 28464.307 ms
