Seq Scan on movie_keyword mk  (cost=0.00..81003.12 rows=4019980 width=0) (actual time=0.019..1581.282 rows=4027463 loops=1)
  Filter: (keyword_id < 36329)
  Rows Removed by Filter: 496467
Planning time: 0.301 ms
Execution time: 2074.129 ms
