Hash Join  (cost=75553.24..106638.11 rows=18076 width=0) (actual time=1097.043..1784.908 rows=9514 loops=1)
  Hash Cond: (mi_idx.movie_id = t.id)
  ->  Seq Scan on movie_info_idx mi_idx  (cost=0.00..25185.44 rows=460978 width=4) (actual time=0.026..497.112 rows=459925 loops=1)
        Filter: (info_type_id = 99)
        Rows Removed by Filter: 920110
  ->  Hash  (cost=73925.90..73925.90 rows=99147 width=4) (actual time=1095.908..1095.908 rows=104093 loops=1)
        Buckets: 131072  Batches: 2  Memory Usage: 2855kB
        ->  Seq Scan on title t  (cost=0.00..73925.90 rows=99147 width=4) (actual time=0.012..1058.185 rows=104093 loops=1)
              Filter: ((kind_id > 2) AND (production_year = 2010))
              Rows Removed by Filter: 2424219
Planning time: 0.784 ms
Execution time: 1786.734 ms
