Nested Loop  (cost=44377.22..431427.55 rows=5965 width=0) (actual time=2445.364..6818.458 rows=6564 loops=1)
  Join Filter: (mi.movie_id = t.id)
  ->  Hash Join  (cost=44376.79..399813.99 rows=53320 width=8) (actual time=2445.246..6357.383 rows=44315 loops=1)
        Hash Cond: (mi.movie_id = mi_idx.movie_id)
        ->  Seq Scan on movie_info mi  (cost=0.00..346232.03 rows=17937 width=4) (actual time=1571.197..5255.654 rows=16086 loops=1)
              Filter: (info_type_id = 12)
              Rows Removed by Filter: 14819634
        ->  Hash  (cost=21735.35..21735.35 rows=1380035 width=4) (actual time=856.746..856.746 rows=1380035 loops=1)
              Buckets: 131072  Batches: 32  Memory Usage: 2557kB
              ->  Seq Scan on movie_info_idx mi_idx  (cost=0.00..21735.35 rows=1380035 width=4) (actual time=0.030..435.576 rows=1380035 loops=1)
  ->  Index Scan using title_pkey on title t  (cost=0.43..0.58 rows=1 width=4) (actual time=0.010..0.010 rows=0 loops=44315)
        Index Cond: (id = mi_idx.movie_id)
        Filter: (kind_id = 7)
        Rows Removed by Filter: 1
Planning time: 1.095 ms
Execution time: 6819.801 ms
