Seq Scan on movie_companies mc  (cost=0.00..51404.11 rows=2281275 width=0) (actual time=0.015..1054.283 rows=2277905 loops=1)
  Filter: (company_id < 90516)
  Rows Removed by Filter: 331224
Planning time: 0.328 ms
Execution time: 1325.727 ms
