Hash Join  (cost=73982.55..100904.92 rows=826 width=0) (actual time=1223.904..1753.361 rows=1492 loops=1)
  Hash Cond: (mi_idx.movie_id = t.id)
  ->  Seq Scan on movie_info_idx mi_idx  (cost=0.00..25185.44 rows=460978 width=4) (actual time=0.010..429.965 rows=459925 loops=1)
        Filter: (info_type_id < 100)
        Rows Removed by Filter: 920110
  ->  Hash  (cost=73925.90..73925.90 rows=4532 width=4) (actual time=1223.522..1223.522 rows=10614 loops=1)
        Buckets: 16384 (originally 8192)  Batches: 1 (originally 1)  Memory Usage: 502kB
        ->  Seq Scan on title t  (cost=0.00..73925.90 rows=4532 width=4) (actual time=0.027..1218.366 rows=10614 loops=1)
              Filter: ((kind_id = 7) AND (production_year = 1985))
              Rows Removed by Filter: 2517698
Planning time: 0.915 ms
Execution time: 1753.832 ms
