Hash Join  (cost=224534.01..820324.07 rows=9143224 width=0) (actual time=5067.139..21452.452 rows=12391869 loops=1)
  Hash Cond: (mi.movie_id = t.id)
  ->  Seq Scan on movie_info mi  (cost=0.00..309384.22 rows=14739122 width=4) (actual time=0.011..6071.286 rows=14835720 loops=1)
  ->  Hash  (cost=198799.27..198799.27 rows=1568539 width=8) (actual time=5065.655..5065.655 rows=1119781 loops=1)
        Buckets: 131072  Batches: 32  Memory Usage: 2376kB
        ->  Hash Join  (cost=98864.94..198799.27 rows=1568539 width=8) (actual time=2128.313..4747.476 rows=1119781 loops=1)
              Hash Cond: (mc.movie_id = t.id)
              ->  Seq Scan on movie_companies mc  (cost=0.00..44881.29 rows=2609129 width=4) (actual time=0.036..839.326 rows=2609129 loops=1)
              ->  Hash  (cost=73925.90..73925.90 rows=1520083 width=4) (actual time=2127.157..2127.157 rows=1507233 loops=1)
                    Buckets: 131072  Batches: 32  Memory Usage: 2679kB
                    ->  Seq Scan on title t  (cost=0.00..73925.90 rows=1520083 width=4) (actual time=0.023..1517.669 rows=1507233 loops=1)
                          Filter: ((kind_id > 1) AND (production_year < 2011))
                          Rows Removed by Filter: 1021079
Planning time: 1.252 ms
Execution time: 22767.409 ms
