Hash Join  (cost=92883.59..944636.62 rows=1600685 width=0) (actual time=10502.378..18640.046 rows=2545829 loops=1)
  Hash Cond: (ci.movie_id = t.id)
  ->  Seq Scan on cast_info ci  (cost=0.00..796071.18 rows=2626801 width=4) (actual time=8811.752..13520.921 rows=3771162 loops=1)
        Filter: ((person_id > 1393761) AND (role_id = 10))
        Rows Removed by Filter: 32473182
  ->  Hash  (cost=67604.59..67604.59 rows=1540800 width=4) (actual time=1689.016..1689.016 rows=1543264 loops=1)
        Buckets: 131072  Batches: 32  Memory Usage: 2722kB
        ->  Seq Scan on title t  (cost=0.00..67604.59 rows=1540800 width=4) (actual time=0.012..1167.813 rows=1543264 loops=1)
              Filter: (kind_id = 7)
              Rows Removed by Filter: 985048
Planning time: 0.827 ms
Execution time: 18947.702 ms
