Hash Join  (cost=94616.01..978057.94 rows=12290 width=0) (actual time=3212.749..21632.560 rows=494 loops=1)
  Hash Cond: (ci.movie_id = t.id)
  ->  Seq Scan on cast_info ci  (cost=0.00..796071.18 rows=23266086 width=4) (actual time=1689.156..16940.917 rows=23496926 loops=1)
        Filter: ((person_id > 35462) AND (role_id > 1))
        Rows Removed by Filter: 12747418
  ->  Hash  (cost=94599.31..94599.31 rows=1336 width=8) (actual time=1464.917..1464.917 rows=352 loops=1)
        Buckets: 2048  Batches: 1  Memory Usage: 30kB
        ->  Hash Join  (cost=67697.55..94599.31 rows=1336 width=8) (actual time=987.123..1464.691 rows=352 loops=1)
              Hash Cond: (mi_idx.movie_id = t.id)
              ->  Seq Scan on movie_info_idx mi_idx  (cost=0.00..25185.44 rows=454124 width=4) (actual time=0.027..432.288 rows=459925 loops=1)
                    Filter: (info_type_id = 100)
                    Rows Removed by Filter: 920110
              ->  Hash  (cost=67604.59..67604.59 rows=7437 width=4) (actual time=963.257..963.257 rows=791 loops=1)
                    Buckets: 8192  Batches: 1  Memory Usage: 92kB
                    ->  Seq Scan on title t  (cost=0.00..67604.59 rows=7437 width=4) (actual time=0.049..962.759 rows=791 loops=1)
                          Filter: (production_year = 1896)
                          Rows Removed by Filter: 2527521
Planning time: 1.274 ms
Execution time: 21632.844 ms
