Hash Join  (cost=129702.70..496230.07 rows=187144 width=0) (actual time=2718.755..14770.255 rows=1777694 loops=1)
  Hash Cond: (mi.movie_id = t.id)
  ->  Seq Scan on movie_info mi  (cost=0.00..309384.22 rows=14739122 width=4) (actual time=0.012..4425.388 rows=14835720 loops=1)
  ->  Hash  (cost=129301.39..129301.39 rows=32105 width=8) (actual time=2514.884..2514.884 rows=150239 loops=1)
        Buckets: 131072 (originally 32768)  Batches: 2 (originally 1)  Memory Usage: 3956kB
        ->  Hash Join  (cost=74314.82..129301.39 rows=32105 width=8) (actual time=1134.424..2456.980 rows=150239 loops=1)
              Hash Cond: (mc.movie_id = t.id)
              ->  Seq Scan on movie_companies mc  (cost=0.00..44881.29 rows=2609129 width=4) (actual time=0.015..540.792 rows=2609129 loops=1)
              ->  Hash  (cost=73925.90..73925.90 rows=31113 width=4) (actual time=1134.225..1134.225 rows=77864 loops=1)
                    Buckets: 131072 (originally 32768)  Batches: 1 (originally 1)  Memory Usage: 3762kB
                    ->  Seq Scan on title t  (cost=0.00..73925.90 rows=31113 width=4) (actual time=0.013..1102.639 rows=77864 loops=1)
                          Filter: ((kind_id < 7) AND (production_year < 1918))
                          Rows Removed by Filter: 2450448
Planning time: 1.120 ms
Execution time: 14992.973 ms
