Hash Join  (cost=439319.78..1420809.03 rows=429007 width=0) (actual time=8350.782..26883.046 rows=873835 loops=1)
  Hash Cond: (ci.movie_id = t.id)
  ->  Seq Scan on cast_info ci  (cost=0.00..614943.12 rows=36225612 width=4) (actual time=0.045..8218.587 rows=36244344 loops=1)
  ->  Hash  (cost=438945.48..438945.48 rows=29944 width=8) (actual time=8349.811..8349.811 rows=30543 loops=1)
        Buckets: 32768  Batches: 1  Memory Usage: 1450kB
        ->  Hash Join  (cost=73990.12..438945.48 rows=29944 width=8) (actual time=982.696..8334.779 rows=30543 loops=1)
              Hash Cond: (mi.movie_id = t.id)
              ->  Seq Scan on movie_info mi  (cost=0.00..309384.22 rows=14739122 width=4) (actual time=0.020..4390.597 rows=14835720 loops=1)
              ->  Hash  (cost=73925.90..73925.90 rows=5137 width=4) (actual time=982.535..982.535 rows=3640 loops=1)
                    Buckets: 8192  Batches: 1  Memory Usage: 192kB
                    ->  Seq Scan on title t  (cost=0.00..73925.90 rows=5137 width=4) (actual time=0.024..980.670 rows=3640 loops=1)
                          Filter: ((kind_id = 3) AND (production_year = 2008))
                          Rows Removed by Filter: 2524672
Planning time: 1.258 ms
Execution time: 26996.700 ms
