Hash Join  (cost=73950.44..100871.63 rows=1071 width=0) (actual time=1206.735..1617.077 rows=3973 loops=1)
  Hash Cond: (mi_idx.movie_id = t.id)
  ->  Seq Scan on movie_info_idx mi_idx  (cost=0.00..21735.35 rows=1380035 width=4) (actual time=0.012..298.398 rows=1380035 loops=1)
  ->  Hash  (cost=73925.90..73925.90 rows=1963 width=4) (actual time=1048.949..1048.949 rows=3338 loops=1)
        Buckets: 4096 (originally 2048)  Batches: 1 (originally 1)  Memory Usage: 150kB
        ->  Seq Scan on title t  (cost=0.00..73925.90 rows=1963 width=4) (actual time=0.266..1047.269 rows=3338 loops=1)
              Filter: ((kind_id < 2) AND (production_year = 1962))
              Rows Removed by Filter: 2524974
Planning time: 0.709 ms
Execution time: 1617.796 ms
