Seq Scan on cast_info ci  (cost=0.00..796071.18 rows=274328 width=0) (actual time=10208.563..11385.193 rows=222835 loops=1)
  Filter: ((person_id < 1345433) AND (role_id = 6))
  Rows Removed by Filter: 36021509
Planning time: 0.422 ms
Execution time: 11413.990 ms
