Hash Join  (cost=102767.86..292372.52 rows=4102741 width=0) (actual time=1799.218..6952.567 rows=4109689 loops=1)
  Hash Cond: (mk.movie_id = t.id)
  ->  Seq Scan on movie_keyword mk  (cost=0.00..81003.12 rows=4102741 width=4) (actual time=0.023..1799.265 rows=4109689 loops=1)
        Filter: (keyword_id < 41918)
        Rows Removed by Filter: 414241
  ->  Hash  (cost=61283.27..61283.27 rows=2528527 width=4) (actual time=1795.111..1795.111 rows=2528312 loops=1)
        Buckets: 131072  Batches: 64  Memory Usage: 2425kB
        ->  Seq Scan on title t  (cost=0.00..61283.27 rows=2528527 width=4) (actual time=0.005..955.405 rows=2528312 loops=1)
Planning time: 0.571 ms
Execution time: 7439.173 ms
