Hash Join  (cost=662016.36..1826292.89 rows=23013038 width=0) (actual time=20023.572..39735.259 rows=17751504 loops=1)
  Hash Cond: (ci.movie_id = t.id)
  ->  Seq Scan on cast_info ci  (cost=0.00..705507.15 rows=12726058 width=4) (actual time=6477.028..13812.664 rows=12670688 loops=1)
        Filter: (role_id = 1)
        Rows Removed by Filter: 23573656
  ->  Hash  (cost=586998.91..586998.91 rows=4572436 width=8) (actual time=13545.418..13545.418 rows=2574603 loops=1)
        Buckets: 131072  Batches: 64  Memory Usage: 2563kB
        ->  Hash Join  (cost=92883.59..586998.91 rows=4572436 width=8) (actual time=2452.024..12815.180 rows=2574603 loops=1)
              Hash Cond: (mi.movie_id = t.id)
              ->  Seq Scan on movie_info mi  (cost=0.00..346232.03 rows=7503588 width=4) (actual time=800.558..6335.917 rows=7548855 loops=1)
                    Filter: (info_type_id > 7)
                    Rows Removed by Filter: 7286865
              ->  Hash  (cost=67604.59..67604.59 rows=1540800 width=4) (actual time=1650.638..1650.638 rows=1543264 loops=1)
                    Buckets: 131072  Batches: 32  Memory Usage: 2728kB
                    ->  Seq Scan on title t  (cost=0.00..67604.59 rows=1540800 width=4) (actual time=0.021..1161.175 rows=1543264 loops=1)
                          Filter: (kind_id = 7)
                          Rows Removed by Filter: 985048
Planning time: 1.145 ms
Execution time: 41636.473 ms
