Hash Join  (cost=797070.64..856630.21 rows=101 width=0) (actual time=13598.068..14977.462 rows=384 loops=1)
  Hash Cond: (mc.movie_id = t.id)
  ->  Seq Scan on movie_companies mc  (cost=0.00..51404.11 rows=2174518 width=4) (actual time=0.030..1106.954 rows=2173857 loops=1)
        Filter: (company_id > 312)
        Rows Removed by Filter: 435272
  ->  Hash  (cost=797069.17..797069.17 rows=118 width=8) (actual time=13565.475..13565.475 rows=24 loops=1)
        Buckets: 1024  Batches: 1  Memory Usage: 9kB
        ->  Nested Loop  (cost=0.43..797069.17 rows=118 width=8) (actual time=5756.622..13565.458 rows=24 loops=1)
              ->  Seq Scan on cast_info ci  (cost=0.00..796071.18 rows=118 width=4) (actual time=5756.510..13564.847 rows=24 loops=1)
                    Filter: ((role_id > 5) AND (person_id = 2772075))
                    Rows Removed by Filter: 36244320
              ->  Index Only Scan using title_pkey on title t  (cost=0.43..8.45 rows=1 width=4) (actual time=0.023..0.023 rows=1 loops=24)
                    Index Cond: (id = ci.movie_id)
                    Heap Fetches: 24
Planning time: 1.214 ms
Execution time: 14977.701 ms
