Seq Scan on cast_info ci  (cost=0.00..796071.18 rows=2307916 width=0) (actual time=4391.230..12495.124 rows=745658 loops=1)
  Filter: ((person_id < 1924849) AND (role_id = 10))
  Rows Removed by Filter: 35498686
Planning time: 0.429 ms
Execution time: 12590.533 ms
