Hash Join  (cost=1123845.84..2007981.62 rows=30986824 width=0) (actual time=21819.244..54910.701 rows=71209616 loops=1)
  Hash Cond: (mi.movie_id = t.id)
  ->  Seq Scan on movie_info mi  (cost=0.00..309384.22 rows=14739122 width=4) (actual time=0.045..5708.702 rows=14835720 loops=1)
  ->  Hash  (cost=1036631.67..1036631.67 rows=5315854 width=8) (actual time=21817.060..21817.060 rows=5744466 loops=1)
        Buckets: 131072  Batches: 128  Memory Usage: 2825kB
        ->  Hash Join  (cost=102767.86..1036631.67 rows=5315854 width=8) (actual time=2759.606..19842.457 rows=5744466 loops=1)
              Hash Cond: (ci.movie_id = t.id)
              ->  Seq Scan on cast_info ci  (cost=0.00..796071.18 rows=5315854 width=4) (actual time=905.195..12472.536 rows=5744466 loops=1)
                    Filter: ((person_id < 580613) AND (role_id < 10))
                    Rows Removed by Filter: 30499878
              ->  Hash  (cost=61283.27..61283.27 rows=2528527 width=4) (actual time=1830.247..1830.247 rows=2528312 loops=1)
                    Buckets: 131072  Batches: 64  Memory Usage: 2415kB
                    ->  Seq Scan on title t  (cost=0.00..61283.27 rows=2528527 width=4) (actual time=0.037..1033.952 rows=2528312 loops=1)
Planning time: 1.218 ms
Execution time: 62882.347 ms
