Hash Join  (cost=94616.01..181297.95 rows=2390 width=0) (actual time=1523.727..3031.974 rows=40117 loops=1)
  Hash Cond: (mk.movie_id = t.id)
  ->  Seq Scan on movie_keyword mk  (cost=0.00..69693.30 rows=4523930 width=4) (actual time=0.022..763.491 rows=4523930 loops=1)
  ->  Hash  (cost=94599.31..94599.31 rows=1336 width=8) (actual time=1520.334..1520.334 rows=5064 loops=1)
        Buckets: 8192 (originally 2048)  Batches: 1 (originally 1)  Memory Usage: 262kB
        ->  Hash Join  (cost=67697.55..94599.31 rows=1336 width=8) (actual time=994.970..1517.879 rows=5064 loops=1)
              Hash Cond: (mi_idx.movie_id = t.id)
              ->  Seq Scan on movie_info_idx mi_idx  (cost=0.00..25185.44 rows=454124 width=4) (actual time=0.029..415.558 rows=459925 loops=1)
                    Filter: (info_type_id = 100)
                    Rows Removed by Filter: 920110
              ->  Hash  (cost=67604.59..67604.59 rows=7437 width=4) (actual time=994.810..994.810 rows=19861 loops=1)
                    Buckets: 32768 (originally 8192)  Batches: 1 (originally 1)  Memory Usage: 955kB
                    ->  Seq Scan on title t  (cost=0.00..67604.59 rows=7437 width=4) (actual time=0.017..985.254 rows=19861 loops=1)
                          Filter: (production_year = 1988)
                          Rows Removed by Filter: 2508451
Planning time: 1.175 ms
Execution time: 3037.411 ms
