Seq Scan on movie_keyword mk  (cost=0.00..81003.12 rows=1560563 width=0) (actual time=0.020..1282.688 rows=1576498 loops=1)
  Filter: (keyword_id > 9913)
  Rows Removed by Filter: 2947432
Planning time: 1.450 ms
Execution time: 1485.734 ms
