Hash Join  (cost=91397.28..1281927.59 rows=15256715 width=0) (actual time=1772.109..37787.690 rows=13283201 loops=1)
  Hash Cond: (ci.movie_id = t.id)
  ->  Seq Scan on cast_info ci  (cost=0.00..614943.12 rows=36225612 width=4) (actual time=0.020..14043.113 rows=36244344 loops=1)
  ->  Hash  (cost=73925.90..73925.90 rows=1064910 width=4) (actual time=1771.101..1771.101 rows=1003269 loops=1)
        Buckets: 131072  Batches: 16  Memory Usage: 3233kB
        ->  Seq Scan on title t  (cost=0.00..73925.90 rows=1064910 width=4) (actual time=0.024..1453.375 rows=1003269 loops=1)
              Filter: ((kind_id > 1) AND (production_year < 2006))
              Rows Removed by Filter: 1525043
Planning time: 0.827 ms
Execution time: 39300.281 ms
