Hash Join  (cost=98439.97..194744.44 rows=1541795 width=0) (actual time=1937.204..5084.916 rows=704352 loops=1)
  Hash Cond: (mc.movie_id = t.id)
  ->  Seq Scan on movie_companies mc  (cost=0.00..44881.29 rows=2609129 width=4) (actual time=0.012..863.296 rows=2609129 loops=1)
  ->  Hash  (cost=73925.90..73925.90 rows=1494165 width=4) (actual time=1936.250..1936.250 rows=1478440 loops=1)
        Buckets: 131072  Batches: 32  Memory Usage: 2651kB
        ->  Seq Scan on title t  (cost=0.00..73925.90 rows=1494165 width=4) (actual time=0.012..1462.342 rows=1478440 loops=1)
              Filter: ((production_year > 1898) AND (kind_id = 7))
              Rows Removed by Filter: 1049872
Planning time: 0.764 ms
Execution time: 5167.127 ms
