Hash Join  (cost=100948.70..182164.02 rows=55 width=0) (actual time=1792.276..2786.061 rows=102 loops=1)
  Hash Cond: (mk.movie_id = t.id)
  ->  Seq Scan on movie_keyword mk  (cost=0.00..81003.12 rows=56439 width=4) (actual time=0.032..1149.028 rows=57603 loops=1)
        Filter: (keyword_id < 56)
        Rows Removed by Filter: 4466327
  ->  Hash  (cost=100917.78..100917.78 rows=2474 width=8) (actual time=1621.497..1621.497 rows=4077 loops=1)
        Buckets: 4096  Batches: 1  Memory Usage: 192kB
        ->  Hash Join  (cost=73982.55..100917.78 rows=2474 width=8) (actual time=1241.216..1620.044 rows=4077 loops=1)
              Hash Cond: (mi_idx.movie_id = t.id)
              ->  Seq Scan on movie_info_idx mi_idx  (cost=0.00..21735.35 rows=1380035 width=4) (actual time=0.023..252.037 rows=1380035 loops=1)
              ->  Hash  (cost=73925.90..73925.90 rows=4532 width=4) (actual time=1088.858..1088.858 rows=11542 loops=1)
                    Buckets: 16384 (originally 8192)  Batches: 1 (originally 1)  Memory Usage: 534kB
                    ->  Seq Scan on title t  (cost=0.00..73925.90 rows=4532 width=4) (actual time=0.043..1083.277 rows=11542 loops=1)
                          Filter: ((kind_id = 7) AND (production_year = 1988))
                          Rows Removed by Filter: 2516770
Planning time: 1.182 ms
Execution time: 2786.324 ms
