Hash Join  (cost=74246.92..101223.08 rows=4722 width=0) (actual time=1188.034..1695.440 rows=2180 loops=1)
  Hash Cond: (mi_idx.movie_id = t.id)
  ->  Seq Scan on movie_info_idx mi_idx  (cost=0.00..25185.44 rows=464934 width=4) (actual time=0.023..398.986 rows=460185 loops=1)
        Filter: (info_type_id > 100)
        Rows Removed by Filter: 919850
  ->  Hash  (cost=73925.90..73925.90 rows=25681 width=4) (actual time=1187.619..1187.619 rows=23707 loops=1)
        Buckets: 32768  Batches: 1  Memory Usage: 1090kB
        ->  Seq Scan on title t  (cost=0.00..73925.90 rows=25681 width=4) (actual time=0.336..1177.565 rows=23707 loops=1)
              Filter: ((kind_id < 7) AND (production_year = 2013))
              Rows Removed by Filter: 2504605
Planning time: 0.772 ms
Execution time: 1696.070 ms
