Hash Join  (cost=365418.15..1653713.55 rows=29345697 width=0) (actual time=8288.335..52378.246 rows=100909137 loops=1)
  Hash Cond: (ci.movie_id = t.id)
  ->  Seq Scan on cast_info ci  (cost=0.00..705507.15 rows=16401975 width=4) (actual time=0.015..12454.996 rows=16263132 loops=1)
        Filter: (person_id < 1610235)
        Rows Removed by Filter: 19981212
  ->  Hash  (cost=291197.02..291197.02 rows=4523930 width=8) (actual time=8285.997..8285.997 rows=4523930 loops=1)
        Buckets: 131072  Batches: 64  Memory Usage: 3816kB
        ->  Hash Join  (cost=102767.86..291197.02 rows=4523930 width=8) (actual time=1896.710..6904.791 rows=4523930 loops=1)
              Hash Cond: (mk.movie_id = t.id)
              ->  Seq Scan on movie_keyword mk  (cost=0.00..69693.30 rows=4523930 width=4) (actual time=0.017..1379.783 rows=4523930 loops=1)
              ->  Hash  (cost=61283.27..61283.27 rows=2528527 width=4) (actual time=1894.278..1894.278 rows=2528312 loops=1)
                    Buckets: 131072  Batches: 64  Memory Usage: 2425kB
                    ->  Seq Scan on title t  (cost=0.00..61283.27 rows=2528527 width=4) (actual time=0.008..1045.660 rows=2528312 loops=1)
Planning time: 0.730 ms
Execution time: 62858.419 ms
