Hash Join  (cost=155692.98..282526.33 rows=396531 width=0) (actual time=3695.812..6679.324 rows=410153 loops=1)
  Hash Cond: (mk.movie_id = t.id)
  ->  Seq Scan on movie_keyword mk  (cost=0.00..69693.30 rows=4523930 width=4) (actual time=0.020..1272.483 rows=4523930 loops=1)
  ->  Hash  (cost=152056.61..152056.61 rows=221630 width=8) (actual time=3694.824..3694.824 rows=138115 loops=1)
        Buckets: 131072  Batches: 4  Memory Usage: 2381kB
        ->  Hash Join  (cost=87301.44..152056.61 rows=221630 width=8) (actual time=1532.801..3645.701 rows=138115 loops=1)
              Hash Cond: (mc.movie_id = t.id)
              ->  Seq Scan on movie_companies mc  (cost=0.00..51404.11 rows=687400 width=4) (actual time=0.187..906.118 rows=693743 loops=1)
                    Filter: (company_id > 46600)
                    Rows Removed by Filter: 1915386
              ->  Hash  (cost=73925.90..73925.90 rows=815243 width=4) (actual time=1531.822..1531.822 rows=876186 loops=1)
                    Buckets: 131072  Batches: 16  Memory Usage: 2955kB
                    ->  Seq Scan on title t  (cost=0.00..73925.90 rows=815243 width=4) (actual time=0.018..1248.988 rows=876186 loops=1)
                          Filter: ((kind_id > 1) AND (production_year > 2004))
                          Rows Removed by Filter: 1652126
Planning time: 1.137 ms
Execution time: 6729.406 ms
