Hash Join  (cost=561499.07..1549569.36 rows=9613926 width=0) (actual time=14543.927..43348.267 rows=38736494 loops=1)
  Hash Cond: (ci.movie_id = t.id)
  ->  Seq Scan on cast_info ci  (cost=0.00..705507.15 rows=12726058 width=4) (actual time=2049.964..12939.842 rows=12670688 loops=1)
        Filter: (role_id = 1)
        Rows Removed by Filter: 23573656
  ->  Hash  (cost=530159.81..530159.81 rows=1910181 width=8) (actual time=12491.859..12491.859 rows=4431147 loops=1)
        Buckets: 131072 (originally 131072)  Batches: 64 (originally 32)  Memory Usage: 3736kB
        ->  Hash Join  (cost=78556.72..530159.81 rows=1910181 width=8) (actual time=2781.000..11196.822 rows=4431147 loops=1)
              Hash Cond: (mi.movie_id = t.id)
              ->  Seq Scan on movie_info mi  (cost=0.00..346232.03 rows=7235534 width=4) (actual time=1586.214..5288.089 rows=7286865 loops=1)
                    Filter: (info_type_id < 8)
                    Rows Removed by Filter: 7548855
              ->  Hash  (cost=67604.59..67604.59 rows=667531 width=4) (actual time=1101.174..1101.174 rows=662825 loops=1)
                    Buckets: 131072  Batches: 16  Memory Usage: 2485kB
                    ->  Seq Scan on title t  (cost=0.00..67604.59 rows=667531 width=4) (actual time=0.024..888.132 rows=662825 loops=1)
                          Filter: (kind_id = 1)
                          Rows Removed by Filter: 1865487
Planning time: 1.358 ms
Execution time: 47899.744 ms
