Seq Scan on cast_info ci  (cost=0.00..796071.18 rows=9672981 width=0) (actual time=0.014..13232.257 rows=15074457 loops=1)
  Filter: ((person_id > 2138414) AND (role_id > 1))
  Rows Removed by Filter: 21169887
Planning time: 0.408 ms
Execution time: 15095.515 ms
