Seq Scan on movie_companies mc  (cost=0.00..57926.93 rows=509043 width=0) (actual time=0.019..843.921 rows=820579 loops=1)
  Filter: ((company_id > 16433) AND (company_type_id = 2))
  Rows Removed by Filter: 1788550
Planning time: 0.367 ms
Execution time: 949.827 ms
