Hash Join  (cost=130480.27..495395.65 rows=25945 width=0) (actual time=1111.364..9332.808 rows=387913 loops=1)
  Hash Cond: (mi.movie_id = t.id)
  ->  Seq Scan on movie_info mi  (cost=0.00..309384.22 rows=14739122 width=4) (actual time=0.016..4564.961 rows=14835720 loops=1)
  ->  Hash  (cost=130424.63..130424.63 rows=4451 width=8) (actual time=1046.125..1046.125 rows=20957 loops=1)
        Buckets: 32768 (originally 8192)  Batches: 1 (originally 1)  Memory Usage: 1075kB
        ->  Nested Loop  (cost=0.43..130424.63 rows=4451 width=8) (actual time=495.250..1037.368 rows=20957 loops=1)
              ->  Seq Scan on movie_companies mc  (cost=0.00..57926.93 rows=11395 width=4) (actual time=495.192..799.284 rows=20957 loops=1)
                    Filter: ((company_id > 215514) AND (company_type_id > 1))
                    Rows Removed by Filter: 2588172
              ->  Index Scan using title_pkey on title t  (cost=0.43..6.35 rows=1 width=4) (actual time=0.011..0.011 rows=1 loops=20957)
                    Index Cond: (id = mc.movie_id)
                    Filter: (kind_id < 7)
Planning time: 1.175 ms
Execution time: 9384.569 ms
