Hash Join  (cost=102767.86..990961.72 rows=3417888 width=0) (actual time=7136.996..15843.541 rows=1710647 loops=1)
  Hash Cond: (ci.movie_id = t.id)
  ->  Seq Scan on cast_info ci  (cost=0.00..796071.18 rows=3417888 width=4) (actual time=5503.887..11882.680 rows=1710647 loops=1)
        Filter: ((person_id < 1287594) AND (role_id > 4))
        Rows Removed by Filter: 34533697
  ->  Hash  (cost=61283.27..61283.27 rows=2528527 width=4) (actual time=1631.691..1631.691 rows=2528312 loops=1)
        Buckets: 131072  Batches: 64  Memory Usage: 2415kB
        ->  Seq Scan on title t  (cost=0.00..61283.27 rows=2528527 width=4) (actual time=0.006..815.162 rows=2528312 loops=1)
Planning time: 3.611 ms
Execution time: 16052.425 ms
