Hash Join  (cost=1071594.56..1941810.18 rows=27385875 width=0) (actual time=24649.481..69528.977 rows=127609305 loops=1)
  Hash Cond: (mi.movie_id = t.id)
  ->  Seq Scan on movie_info mi  (cost=0.00..346232.03 rows=13929354 width=4) (actual time=0.010..6941.912 rows=14033580 loops=1)
        Filter: (info_type_id > 1)
        Rows Removed by Filter: 802140
  ->  Hash  (cost=990035.27..990035.27 rows=4971223 width=8) (actual time=24646.503..24646.503 rows=5440084 loops=1)
        Buckets: 131072  Batches: 128  Memory Usage: 2806kB
        ->  Hash Join  (cost=83810.17..990035.27 rows=4971223 width=8) (actual time=1384.391..23034.783 rows=5440084 loops=1)
              Hash Cond: (ci.movie_id = t.id)
              ->  Seq Scan on cast_info ci  (cost=0.00..705507.15 rows=12726058 width=4) (actual time=0.025..13295.364 rows=12670688 loops=1)
                    Filter: (role_id = 1)
                    Rows Removed by Filter: 23573656
              ->  Hash  (cost=67604.59..67604.59 rows=987727 width=4) (actual time=1383.487..1383.487 rows=985048 loops=1)
                    Buckets: 131072  Batches: 16  Memory Usage: 3188kB
                    ->  Seq Scan on title t  (cost=0.00..67604.59 rows=987727 width=4) (actual time=0.016..1078.026 rows=985048 loops=1)
                          Filter: (kind_id < 7)
                          Rows Removed by Filter: 1543264
Planning time: 1.176 ms
Execution time: 83062.560 ms
