Hash Join  (cost=94420.17..1360276.14 rows=8450283 width=136) (actual time=1661.776..37016.273 rows=8973631 loops=1)
  Hash Cond: (ci.movie_id = t.id)
  ->  Seq Scan on cast_info ci  (cost=0.00..705507.15 rows=21632262 width=42) (actual time=0.083..16936.662 rows=21495642 loops=1)
        Filter: (person_id < 2178748)
        Rows Removed by Filter: 14748702
  ->  Hash  (cost=67604.59..67604.59 rows=987727 width=94) (actual time=1660.592..1660.592 rows=985048 loops=1)
        Buckets: 32768  Batches: 64  Memory Usage: 1938kB
        ->  Seq Scan on title t  (cost=0.00..67604.59 rows=987727 width=94) (actual time=0.018..1256.064 rows=985048 loops=1)
              Filter: (kind_id < 7)
              Rows Removed by Filter: 1543264
Planning time: 1.039 ms
Execution time: 37500.584 ms
