Seq Scan on cast_info ci  (cost=0.00..705507.15 rows=18480618 width=0) (actual time=0.019..11317.345 rows=18643197 loops=1)
  Filter: (person_id > 1741845)
  Rows Removed by Filter: 17601147
Planning time: 0.383 ms
Execution time: 13676.996 ms
