Hash Join  (cost=164950.27..925501.70 rows=1222623 width=0) (actual time=5772.637..16747.857 rows=2286420 loops=1)
  Hash Cond: (ci.movie_id = t.id)
  ->  Seq Scan on cast_info ci  (cost=0.00..705507.15 rows=3395482 width=4) (actual time=2512.644..10926.676 rows=3396486 loops=1)
        Filter: (person_id > 3439214)
        Rows Removed by Filter: 32847858
  ->  Hash  (cost=150012.59..150012.59 rows=910455 width=8) (actual time=3258.478..3258.478 rows=525930 loops=1)
        Buckets: 131072  Batches: 16  Memory Usage: 2312kB
        ->  Hash Join  (cost=94973.51..150012.59 rows=910455 width=8) (actual time=1651.124..3101.899 rows=525930 loops=1)
              Hash Cond: (mi_idx.movie_id = t.id)
              ->  Seq Scan on movie_info_idx mi_idx  (cost=0.00..21735.35 rows=1380035 width=4) (actual time=0.028..389.714 rows=1380035 loops=1)
              ->  Hash  (cost=67604.59..67604.59 rows=1668154 width=4) (actual time=1646.652..1646.652 rows=1674098 loops=1)
                    Buckets: 131072  Batches: 32  Memory Usage: 2869kB
                    ->  Seq Scan on title t  (cost=0.00..67604.59 rows=1668154 width=4) (actual time=0.027..1070.314 rows=1674098 loops=1)
                          Filter: (kind_id > 3)
                          Rows Removed by Filter: 854214
Planning time: 1.141 ms
Execution time: 17032.124 ms
