Hash Join  (cost=102767.86..196826.47 rows=1091057 width=0) (actual time=1902.000..4695.752 rows=1216468 loops=1)
  Hash Cond: (mc.movie_id = t.id)
  ->  Seq Scan on movie_companies mc  (cost=0.00..57926.93 rows=1091057 width=4) (actual time=0.014..1102.212 rows=1216468 loops=1)
        Filter: ((company_id > 398) AND (company_type_id = 2))
        Rows Removed by Filter: 1392661
  ->  Hash  (cost=61283.27..61283.27 rows=2528527 width=4) (actual time=1900.820..1900.820 rows=2528312 loops=1)
        Buckets: 131072  Batches: 64  Memory Usage: 2415kB
        ->  Seq Scan on title t  (cost=0.00..61283.27 rows=2528527 width=4) (actual time=0.021..1050.527 rows=2528312 loops=1)
Planning time: 1.071 ms
Execution time: 4841.590 ms
