Hash Join  (cost=101762.73..855474.98 rows=292303 width=0) (actual time=1657.012..19674.482 rows=805915 loops=1)
  Hash Cond: (ci.movie_id = t.id)
  ->  Seq Scan on cast_info ci  (cost=0.00..614943.12 rows=36225612 width=4) (actual time=0.024..8633.372 rows=36244344 loops=1)
  ->  Hash  (cost=101507.69..101507.69 rows=20403 width=8) (actual time=1656.037..1656.037 rows=26531 loops=1)
        Buckets: 32768  Batches: 1  Memory Usage: 1293kB
        ->  Hash Join  (cost=74393.18..101507.69 rows=20403 width=8) (actual time=1034.867..1647.595 rows=26531 loops=1)
              Hash Cond: (mi_idx.movie_id = t.id)
              ->  Seq Scan on movie_info_idx mi_idx  (cost=0.00..21735.35 rows=1380035 width=4) (actual time=0.019..304.724 rows=1380035 loops=1)
              ->  Hash  (cost=73925.90..73925.90 rows=37382 width=4) (actual time=1034.471..1034.471 rows=33190 loops=1)
                    Buckets: 65536  Batches: 1  Memory Usage: 1679kB
                    ->  Seq Scan on title t  (cost=0.00..73925.90 rows=37382 width=4) (actual time=6.228..1021.327 rows=33190 loops=1)
                          Filter: ((kind_id = 1) AND (production_year = 2010))
                          Rows Removed by Filter: 2495122
Planning time: 1.252 ms
Execution time: 19787.468 ms
