Hash Join  (cost=100900.43..890923.92 rows=8327 width=0) (actual time=1673.548..16987.499 rows=41614 loops=1)
  Hash Cond: (ci.movie_id = t.id)
  ->  Seq Scan on cast_info ci  (cost=0.00..705507.15 rows=22515488 width=4) (actual time=0.014..11297.657 rows=22368723 loops=1)
        Filter: (person_id < 2280437)
        Rows Removed by Filter: 13875621
  ->  Hash  (cost=100888.74..100888.74 rows=935 width=8) (actual time=1672.577..1672.577 rows=2297 loops=1)
        Buckets: 4096 (originally 1024)  Batches: 1 (originally 1)  Memory Usage: 122kB
        ->  Hash Join  (cost=73990.99..100888.74 rows=935 width=8) (actual time=1117.263..1671.474 rows=2297 loops=1)
              Hash Cond: (mi_idx.movie_id = t.id)
              ->  Seq Scan on movie_info_idx mi_idx  (cost=0.00..25185.44 rows=454124 width=4) (actual time=0.027..450.722 rows=459925 loops=1)
                    Filter: (info_type_id = 100)
                    Rows Removed by Filter: 920110
              ->  Hash  (cost=73925.90..73925.90 rows=5207 width=4) (actual time=1116.882..1116.882 rows=14009 loops=1)
                    Buckets: 16384 (originally 8192)  Batches: 1 (originally 1)  Memory Usage: 621kB
                    ->  Seq Scan on title t  (cost=0.00..73925.90 rows=5207 width=4) (actual time=0.236..1110.122 rows=14009 loops=1)
                          Filter: ((kind_id > 2) AND (production_year = 1988))
                          Rows Removed by Filter: 2514303
Planning time: 1.141 ms
Execution time: 16995.844 ms
