Nested Loop  (cost=0.43..58358.52 rows=1 width=0) (actual time=471.974..764.012 rows=10 loops=1)
  ->  Seq Scan on movie_companies mc  (cost=0.00..57926.93 rows=51 width=4) (actual time=466.870..756.753 rows=79 loops=1)
        Filter: ((company_type_id < 2) AND (company_id = 15276))
        Rows Removed by Filter: 2609050
  ->  Index Scan using title_pkey on title t  (cost=0.43..8.45 rows=1 width=4) (actual time=0.090..0.090 rows=0 loops=79)
        Index Cond: (id = mc.movie_id)
        Filter: ((kind_id < 7) AND (production_year = 2008))
        Rows Removed by Filter: 1
Planning time: 6.641 ms
Execution time: 764.134 ms
