Hash Join  (cost=83074.80..137742.39 rows=207 width=0) (actual time=1150.388..2058.734 rows=5258 loops=1)
  Hash Cond: (mc.movie_id = t.id)
  ->  Seq Scan on movie_companies mc  (cost=0.00..44881.29 rows=2609129 width=4) (actual time=0.023..453.218 rows=2609129 loops=1)
  ->  Hash  (cost=83072.29..83072.29 rows=201 width=8) (actual time=1150.153..1150.153 rows=920 loops=1)
        Buckets: 1024  Batches: 1  Memory Usage: 44kB
        ->  Nested Loop  (cost=0.43..83072.29 rows=201 width=8) (actual time=0.737..1149.556 rows=920 loops=1)
              ->  Seq Scan on movie_keyword mk  (cost=0.00..81003.12 rows=246 width=4) (actual time=0.702..1121.269 rows=1362 loops=1)
                    Filter: (keyword_id = 4885)
                    Rows Removed by Filter: 4522568
              ->  Index Scan using title_pkey on title t  (cost=0.43..8.40 rows=1 width=4) (actual time=0.020..0.020 rows=1 loops=1362)
                    Index Cond: (id = mk.movie_id)
                    Filter: (production_year < 2011)
                    Rows Removed by Filter: 0
Planning time: 1.155 ms
Execution time: 2059.654 ms
