Hash Join  (cost=95252.32..189176.82 rows=21755 width=0) (actual time=1572.706..3682.945 rows=125415 loops=1)
  Hash Cond: (mk.movie_id = t.id)
  ->  Seq Scan on movie_keyword mk  (cost=0.00..81003.12 rows=3387685 width=4) (actual time=0.030..1538.993 rows=3377245 loops=1)
        Filter: (keyword_id < 16264)
        Rows Removed by Filter: 1146685
  ->  Hash  (cost=95049.35..95049.35 rows=16238 width=8) (actual time=1572.289..1572.289 rows=21438 loops=1)
        Buckets: 32768 (originally 16384)  Batches: 1 (originally 1)  Memory Usage: 1094kB
        ->  Hash Join  (cost=67976.49..95049.35 rows=16238 width=8) (actual time=970.705..1564.459 rows=21438 loops=1)
              Hash Cond: (mi_idx.movie_id = t.id)
              ->  Seq Scan on movie_info_idx mi_idx  (cost=0.00..21735.35 rows=1380035 width=4) (actual time=0.013..268.296 rows=1380035 loops=1)
              ->  Hash  (cost=67604.59..67604.59 rows=29752 width=4) (actual time=970.469..970.469 rows=30027 loops=1)
                    Buckets: 32768  Batches: 1  Memory Usage: 1312kB
                    ->  Seq Scan on title t  (cost=0.00..67604.59 rows=29752 width=4) (actual time=0.073..957.425 rows=30027 loops=1)
                          Filter: (production_year = 1994)
                          Rows Removed by Filter: 2498285
Planning time: 1.208 ms
Execution time: 3699.626 ms
