Hash Join  (cost=102767.86..1614317.15 rows=33087270 width=0) (actual time=2301.967..45059.892 rows=33056583 loops=1)
  Hash Cond: (ci.movie_id = t.id)
  ->  Seq Scan on cast_info ci  (cost=0.00..705507.15 rows=33087270 width=4) (actual time=0.023..15626.643 rows=33056583 loops=1)
        Filter: (person_id < 3474206)
        Rows Removed by Filter: 3187761
  ->  Hash  (cost=61283.27..61283.27 rows=2528527 width=4) (actual time=2300.472..2300.472 rows=2528312 loops=1)
        Buckets: 131072  Batches: 64  Memory Usage: 2415kB
        ->  Seq Scan on title t  (cost=0.00..61283.27 rows=2528527 width=4) (actual time=0.010..885.945 rows=2528312 loops=1)
Planning time: 1.080 ms
Execution time: 48849.897 ms
