Hash Join  (cost=562258.54..1895574.68 rows=7116195 width=0) (actual time=11751.999..46314.845 rows=18175047 loops=1)
  Hash Cond: (ci.movie_id = t.id)
  ->  Seq Scan on cast_info ci  (cost=0.00..614943.12 rows=36225612 width=4) (actual time=0.018..12226.751 rows=36244344 loops=1)
  ->  Hash  (cost=554108.71..554108.71 rows=496706 width=8) (actual time=11750.842..11750.842 rows=466862 loops=1)
        Buckets: 131072  Batches: 8  Memory Usage: 3226kB
        ->  Hash Join  (cost=69002.72..554108.71 rows=496706 width=8) (actual time=871.313..11001.307 rows=466862 loops=1)
              Hash Cond: (mi.movie_id = t.id)
              ->  Seq Scan on movie_info mi  (cost=0.00..309384.22 rows=14739122 width=4) (actual time=0.018..5044.748 rows=14835720 loops=1)
              ->  Hash  (cost=67604.59..67604.59 rows=85211 width=4) (actual time=870.289..870.289 rows=84593 loops=1)
                    Buckets: 131072  Batches: 2  Memory Usage: 2524kB
                    ->  Seq Scan on title t  (cost=0.00..67604.59 rows=85211 width=4) (actual time=0.029..836.762 rows=84593 loops=1)
                          Filter: (production_year = 2004)
                          Rows Removed by Filter: 2443719
Planning time: 1.184 ms
Execution time: 48207.854 ms
