Hash Join  (cost=92883.59..176013.66 rows=618291 width=0) (actual time=2605.316..4105.601 rows=228641 loops=1)
  Hash Cond: (mc.movie_id = t.id)
  ->  Seq Scan on movie_companies mc  (cost=0.00..57926.93 rows=1014646 width=4) (actual time=212.187..986.263 rows=723352 loops=1)
        Filter: ((company_id < 61757) AND (company_type_id > 1))
        Rows Removed by Filter: 1885777
  ->  Hash  (cost=67604.59..67604.59 rows=1540800 width=4) (actual time=2391.803..2391.803 rows=1543264 loops=1)
        Buckets: 131072  Batches: 32  Memory Usage: 2722kB
        ->  Seq Scan on title t  (cost=0.00..67604.59 rows=1540800 width=4) (actual time=0.017..1221.108 rows=1543264 loops=1)
              Filter: (kind_id = 7)
              Rows Removed by Filter: 985048
Planning time: 2.949 ms
Execution time: 4136.237 ms
