Hash Join  (cost=798388.90..825300.89 rows=151 width=0) (actual time=11028.135..11555.670 rows=21 loops=1)
  Hash Cond: (mi_idx.movie_id = t.id)
  ->  Seq Scan on movie_info_idx mi_idx  (cost=0.00..21735.35 rows=1380035 width=4) (actual time=0.015..297.170 rows=1380035 loops=1)
  ->  Hash  (cost=798385.45..798385.45 rows=276 width=8) (actual time=11008.584..11008.584 rows=18 loops=1)
        Buckets: 1024  Batches: 1  Memory Usage: 9kB
        ->  Nested Loop  (cost=0.43..798385.45 rows=276 width=8) (actual time=7360.064..11008.563 rows=18 loops=1)
              ->  Seq Scan on cast_info ci  (cost=0.00..796071.18 rows=276 width=4) (actual time=7359.927..11007.934 rows=18 loops=1)
                    Filter: ((role_id < 3) AND (person_id = 1104286))
                    Rows Removed by Filter: 36244326
              ->  Index Only Scan using title_pkey on title t  (cost=0.43..8.38 rows=1 width=4) (actual time=0.031..0.031 rows=1 loops=18)
                    Index Cond: (id = ci.movie_id)
                    Heap Fetches: 18
Planning time: 1.101 ms
Execution time: 11555.775 ms
