Hash Join  (cost=102767.86..1562099.78 rows=30917217 width=0) (actual time=1751.086..42393.042 rows=31029366 loops=1)
  Hash Cond: (ci.movie_id = t.id)
  ->  Seq Scan on cast_info ci  (cost=0.00..705507.15 rows=30917217 width=4) (actual time=0.014..15348.742 rows=31029366 loops=1)
        Filter: (person_id > 504430)
        Rows Removed by Filter: 5214978
  ->  Hash  (cost=61283.27..61283.27 rows=2528527 width=4) (actual time=1750.205..1750.205 rows=2528312 loops=1)
        Buckets: 131072  Batches: 64  Memory Usage: 2415kB
        ->  Seq Scan on title t  (cost=0.00..61283.27 rows=2528527 width=4) (actual time=0.020..939.845 rows=2528312 loops=1)
Planning time: 0.731 ms
Execution time: 45755.233 ms
