Nested Loop  (cost=0.43..83071.67 rows=246 width=0) (actual time=2.387..984.116 rows=112 loops=1)
  ->  Seq Scan on movie_keyword mk  (cost=0.00..81003.12 rows=246 width=4) (actual time=2.332..979.833 rows=112 loops=1)
        Filter: (keyword_id = 11365)
        Rows Removed by Filter: 4523818
  ->  Index Only Scan using title_pkey on title t  (cost=0.43..8.40 rows=1 width=4) (actual time=0.035..0.035 rows=1 loops=112)
        Index Cond: (id = mk.movie_id)
        Heap Fetches: 112
Planning time: 0.741 ms
Execution time: 984.250 ms
