Hash Join  (cost=129412.96..216495.63 rows=42464 width=0) (actual time=2301.043..4386.172 rows=1158064 loops=1)
  Hash Cond: (mk.movie_id = t.id)
  ->  Seq Scan on movie_keyword mk  (cost=0.00..69693.30 rows=4523930 width=4) (actual time=0.019..956.221 rows=4523930 loops=1)
  ->  Hash  (cost=129116.28..129116.28 rows=23734 width=8) (actual time=2300.721..2300.721 rows=40550 loops=1)
        Buckets: 65536 (originally 32768)  Batches: 1 (originally 1)  Memory Usage: 2096kB
        ->  Hash Join  (cost=74213.42..129116.28 rows=23734 width=8) (actual time=1123.986..2284.258 rows=40550 loops=1)
              Hash Cond: (mc.movie_id = t.id)
              ->  Seq Scan on movie_companies mc  (cost=0.00..44881.29 rows=2609129 width=4) (actual time=0.016..555.739 rows=2609129 loops=1)
              ->  Hash  (cost=73925.90..73925.90 rows=23001 width=4) (actual time=1123.755..1123.755 rows=17208 loops=1)
                    Buckets: 32768  Batches: 1  Memory Usage: 861kB
                    ->  Seq Scan on title t  (cost=0.00..73925.90 rows=23001 width=4) (actual time=0.595..1115.873 rows=17208 loops=1)
                          Filter: ((kind_id < 4) AND (production_year = 2003))
                          Rows Removed by Filter: 2511104
Planning time: 0.931 ms
Execution time: 4533.399 ms
