Seq Scan on movie_companies mc  (cost=0.00..57926.93 rows=390438 width=0) (actual time=153.759..841.788 rows=72900 loops=1)
  Filter: ((company_id > 30109) AND (company_type_id = 1))
  Rows Removed by Filter: 2536229
Planning time: 0.339 ms
Execution time: 851.130 ms
