Hash Join  (cost=209053.55..688061.65 rows=1028751 width=0) (actual time=4647.275..14855.983 rows=2706856 loops=1)
  Hash Cond: (mi.movie_id = t.id)
  ->  Seq Scan on movie_info mi  (cost=0.00..346232.03 rows=9476311 width=4) (actual time=0.009..5827.877 rows=9565151 loops=1)
        Filter: (info_type_id < 16)
        Rows Removed by Filter: 5270569
  ->  Hash  (cost=204549.32..204549.32 rows=274498 width=8) (actual time=4646.499..4646.499 rows=140665 loops=1)
        Buckets: 131072  Batches: 4  Memory Usage: 2480kB
        ->  Hash Join  (cost=70241.71..204549.32 rows=274498 width=8) (actual time=1135.384..4603.068 rows=140665 loops=1)
              Hash Cond: (mk.movie_id = t.id)
              ->  Seq Scan on movie_keyword mk  (cost=0.00..81003.12 rows=4318268 width=4) (actual time=0.020..1618.686 rows=4316766 loops=1)
                    Filter: (keyword_id < 67152)
                    Rows Removed by Filter: 207164
              ->  Hash  (cost=67604.59..67604.59 rows=160730 width=4) (actual time=1134.690..1134.690 rows=160017 loops=1)
                    Buckets: 131072  Batches: 4  Memory Usage: 2442kB
                    ->  Seq Scan on title t  (cost=0.00..67604.59 rows=160730 width=4) (actual time=0.024..1077.221 rows=160017 loops=1)
                          Filter: (production_year = 2011)
                          Rows Removed by Filter: 2368295
Planning time: 1.189 ms
Execution time: 15193.906 ms
