Nested Loop  (cost=0.43..52283.69 rows=104 width=0) (actual time=0.094..618.265 rows=806 loops=1)
  ->  Seq Scan on movie_companies mc  (cost=0.00..51404.11 rows=104 width=4) (actual time=0.054..600.848 rows=806 loops=1)
        Filter: (company_id = 168)
        Rows Removed by Filter: 2608323
  ->  Index Only Scan using title_pkey on title t  (cost=0.43..8.45 rows=1 width=4) (actual time=0.021..0.021 rows=1 loops=806)
        Index Cond: (id = mc.movie_id)
        Heap Fetches: 806
Planning time: 0.534 ms
Execution time: 618.554 ms
