Hash Join  (cost=52284.99..80917.27 rows=38 width=0) (actual time=706.717..1274.883 rows=412 loops=1)
  Hash Cond: (mi_idx.movie_id = t.id)
  ->  Seq Scan on movie_info_idx mi_idx  (cost=0.00..25185.44 rows=919057 width=4) (actual time=0.023..444.594 rows=920110 loops=1)
        Filter: (info_type_id > 99)
        Rows Removed by Filter: 459925
  ->  Hash  (cost=52283.69..52283.69 rows=104 width=8) (actual time=699.565..699.565 rows=220 loops=1)
        Buckets: 1024  Batches: 1  Memory Usage: 17kB
        ->  Nested Loop  (cost=0.43..52283.69 rows=104 width=8) (actual time=135.753..699.401 rows=220 loops=1)
              ->  Seq Scan on movie_companies mc  (cost=0.00..51404.11 rows=104 width=4) (actual time=135.670..694.364 rows=220 loops=1)
                    Filter: (company_id = 13746)
                    Rows Removed by Filter: 2608909
              ->  Index Only Scan using title_pkey on title t  (cost=0.43..8.45 rows=1 width=4) (actual time=0.021..0.021 rows=1 loops=220)
                    Index Cond: (id = mc.movie_id)
                    Heap Fetches: 220
Planning time: 1.176 ms
Execution time: 1275.119 ms
