Hash Join  (cost=128695.20..493525.88 rows=17476 width=0) (actual time=2107.476..8900.862 rows=136172 loops=1)
  Hash Cond: (mi.movie_id = t.id)
  ->  Seq Scan on movie_info mi  (cost=0.00..309384.22 rows=14739122 width=4) (actual time=0.014..3717.690 rows=14835720 loops=1)
  ->  Hash  (cost=128657.72..128657.72 rows=2998 width=8) (actual time=2107.393..2107.393 rows=6534 loops=1)
        Buckets: 8192 (originally 4096)  Batches: 1 (originally 1)  Memory Usage: 320kB
        ->  Hash Join  (cost=73962.22..128657.72 rows=2998 width=8) (actual time=1120.343..2104.480 rows=6534 loops=1)
              Hash Cond: (mc.movie_id = t.id)
              ->  Seq Scan on movie_companies mc  (cost=0.00..44881.29 rows=2609129 width=4) (actual time=0.016..496.388 rows=2609129 loops=1)
              ->  Hash  (cost=73925.90..73925.90 rows=2905 width=4) (actual time=1107.983..1107.983 rows=2493 loops=1)
                    Buckets: 4096  Batches: 1  Memory Usage: 120kB
                    ->  Seq Scan on title t  (cost=0.00..73925.90 rows=2905 width=4) (actual time=658.860..1106.776 rows=2493 loops=1)
                          Filter: ((kind_id < 7) AND (production_year = 1934))
                          Rows Removed by Filter: 2525819
Planning time: 1.137 ms
Execution time: 8920.596 ms
