Seq Scan on movie_keyword mk  (cost=0.00..81003.12 rows=178250 width=0) (actual time=0.036..1172.379 rows=175673 loops=1)
  Filter: (keyword_id > 71849)
  Rows Removed by Filter: 4348257
Planning time: 0.348 ms
Execution time: 1197.153 ms
