Seq Scan on movie_companies mc  (cost=0.00..57926.93 rows=1173554 width=0) (actual time=0.014..975.121 rows=1028109 loops=1)
  Filter: ((company_id < 93117) AND (company_type_id > 1))
  Rows Removed by Filter: 1581020
Planning time: 0.369 ms
Execution time: 1092.470 ms
