Hash Join  (cost=207199.95..700455.89 rows=3391775 width=0) (actual time=5177.492..20430.204 rows=23008208 loops=1)
  Hash Cond: (mi.movie_id = t.id)
  ->  Seq Scan on movie_info mi  (cost=0.00..346232.03 rows=9476311 width=4) (actual time=412.267..5963.361 rows=9565151 loops=1)
        Filter: (info_type_id < 16)
        Rows Removed by Filter: 5270569
  ->  Hash  (cost=192351.27..192351.27 rows=905014 width=8) (actual time=4764.409..4764.409 rows=1214533 loops=1)
        Buckets: 131072  Batches: 16  Memory Usage: 4040kB
        ->  Hash Join  (cost=102767.86..192351.27 rows=905014 width=8) (actual time=1826.206..4385.143 rows=1214533 loops=1)
              Hash Cond: (mc.movie_id = t.id)
              ->  Seq Scan on movie_companies mc  (cost=0.00..57926.93 rows=905014 width=4) (actual time=0.026..1116.923 rows=1214533 loops=1)
                    Filter: ((company_id < 34097) AND (company_type_id = 1))
                    Rows Removed by Filter: 1394596
              ->  Hash  (cost=61283.27..61283.27 rows=2528527 width=4) (actual time=1825.109..1825.109 rows=2528312 loops=1)
                    Buckets: 131072  Batches: 64  Memory Usage: 2415kB
                    ->  Seq Scan on title t  (cost=0.00..61283.27 rows=2528527 width=4) (actual time=0.020..985.718 rows=2528312 loops=1)
Planning time: 1.143 ms
Execution time: 22792.769 ms
