Hash Join  (cost=131386.47..888831.97 rows=619140 width=0) (actual time=6006.801..15488.093 rows=1080679 loops=1)
  Hash Cond: (ci.movie_id = t.id)
  ->  Seq Scan on cast_info ci  (cost=0.00..705507.15 rows=3817855 width=4) (actual time=3162.373..10025.498 rows=3855521 loops=1)
        Filter: (person_id > 3355182)
        Rows Removed by Filter: 32388823
  ->  Hash  (cost=124658.84..124658.84 rows=410050 width=8) (actual time=2843.505..2843.505 rows=504823 loops=1)
        Buckets: 131072  Batches: 8  Memory Usage: 3499kB
        ->  Hash Join  (cost=79930.86..124658.84 rows=410050 width=8) (actual time=1339.721..2696.772 rows=504823 loops=1)
              Hash Cond: (mi_idx.movie_id = t.id)
              ->  Seq Scan on movie_info_idx mi_idx  (cost=0.00..21735.35 rows=1380035 width=4) (actual time=0.012..473.510 rows=1380035 loops=1)
              ->  Hash  (cost=67604.59..67604.59 rows=751302 width=4) (actual time=1338.994..1338.994 rows=755902 loops=1)
                    Buckets: 131072  Batches: 16  Memory Usage: 2685kB
                    ->  Seq Scan on title t  (cost=0.00..67604.59 rows=751302 width=4) (actual time=0.027..1100.179 rows=755902 loops=1)
                          Filter: (production_year < 1993)
                          Rows Removed by Filter: 1772410
Planning time: 1.169 ms
Execution time: 15624.761 ms
