Hash Join  (cost=867963.85..1233037.38 rows=41760 width=0) (actual time=14087.348..21458.528 rows=68879 loops=1)
  Hash Cond: (mi.movie_id = t.id)
  ->  Seq Scan on movie_info mi  (cost=0.00..309384.22 rows=14739122 width=4) (actual time=0.008..4256.108 rows=14835720 loops=1)
  ->  Hash  (cost=867874.30..867874.30 rows=7164 width=8) (actual time=14086.832..14086.832 rows=4696 loops=1)
        Buckets: 8192  Batches: 1  Memory Usage: 248kB
        ->  Hash Join  (cost=69283.60..867874.30 rows=7164 width=8) (actual time=10096.718..14085.059 rows=4696 loops=1)
              Hash Cond: (ci.movie_id = t.id)
              ->  Seq Scan on cast_info ci  (cost=0.00..796071.18 rows=177034 width=4) (actual time=9312.660..13258.086 rows=72340 loops=1)
                    Filter: ((person_id < 1808020) AND (role_id > 10))
                    Rows Removed by Filter: 36172004
              ->  Hash  (cost=67604.59..67604.59 rows=102321 width=4) (actual time=783.153..783.153 rows=100537 loops=1)
                    Buckets: 131072  Batches: 2  Memory Usage: 2797kB
                    ->  Seq Scan on title t  (cost=0.00..67604.59 rows=102321 width=4) (actual time=0.026..751.387 rows=100537 loops=1)
                          Filter: (kind_id = 3)
                          Rows Removed by Filter: 2427775
Planning time: 0.777 ms
Execution time: 21470.265 ms
