Hash Join  (cost=365418.15..1398684.44 rows=11399502 width=0) (actual time=12640.624..41903.219 rows=51768625 loops=1)
  Hash Cond: (ci.movie_id = t.id)
  ->  Seq Scan on cast_info ci  (cost=0.00..796071.18 rows=6371440 width=4) (actual time=3765.842..13079.949 rows=8249573 loops=1)
        Filter: ((person_id < 1124040) AND (role_id < 3))
        Rows Removed by Filter: 27994771
  ->  Hash  (cost=291197.02..291197.02 rows=4523930 width=8) (actual time=8872.782..8872.782 rows=4523930 loops=1)
        Buckets: 131072  Batches: 64  Memory Usage: 3816kB
        ->  Hash Join  (cost=102767.86..291197.02 rows=4523930 width=8) (actual time=1756.505..7497.306 rows=4523930 loops=1)
              Hash Cond: (mk.movie_id = t.id)
              ->  Seq Scan on movie_keyword mk  (cost=0.00..69693.30 rows=4523930 width=4) (actual time=0.024..1410.082 rows=4523930 loops=1)
              ->  Hash  (cost=61283.27..61283.27 rows=2528527 width=4) (actual time=1754.407..1754.407 rows=2528312 loops=1)
                    Buckets: 131072  Batches: 64  Memory Usage: 2425kB
                    ->  Seq Scan on title t  (cost=0.00..61283.27 rows=2528527 width=4) (actual time=0.024..917.928 rows=2528312 loops=1)
Planning time: 1.148 ms
Execution time: 47777.192 ms
