Hash Join  (cost=102767.86..1008556.87 rows=7912853 width=0) (actual time=1668.451..19674.530 rows=7790679 loops=1)
  Hash Cond: (ci.movie_id = t.id)
  ->  Seq Scan on cast_info ci  (cost=0.00..705507.15 rows=7912853 width=4) (actual time=1.377..11017.762 rows=7790679 loops=1)
        Filter: (person_id < 758825)
        Rows Removed by Filter: 28453665
  ->  Hash  (cost=61283.27..61283.27 rows=2528527 width=4) (actual time=1664.733..1664.733 rows=2528312 loops=1)
        Buckets: 131072  Batches: 64  Memory Usage: 2415kB
        ->  Seq Scan on title t  (cost=0.00..61283.27 rows=2528527 width=4) (actual time=0.014..865.512 rows=2528312 loops=1)
Planning time: 0.758 ms
Execution time: 20562.601 ms
