Hash Join  (cost=432550.15..519427.37 rows=21919 width=0) (actual time=6382.177..8888.320 rows=3045724 loops=1)
  Hash Cond: (mk.movie_id = t.id)
  ->  Seq Scan on movie_keyword mk  (cost=0.00..69693.30 rows=4523930 width=4) (actual time=0.032..966.884 rows=4523930 loops=1)
  ->  Hash  (cost=432397.01..432397.01 rows=12251 width=8) (actual time=6344.987..6344.987 rows=37191 loops=1)
        Buckets: 65536 (originally 16384)  Batches: 1 (originally 1)  Memory Usage: 1965kB
        ->  Hash Join  (cost=83198.94..432397.01 rows=12251 width=8) (actual time=2048.403..6332.564 rows=37191 loops=1)
              Hash Cond: (mi.movie_id = t.id)
              ->  Seq Scan on movie_info mi  (cost=0.00..346232.03 rows=54808 width=4) (actual time=652.927..4872.314 rows=50267 loops=1)
                    Filter: (info_type_id > 107)
                    Rows Removed by Filter: 14785453
              ->  Hash  (cost=73925.90..73925.90 rows=565203 width=4) (actual time=1327.349..1327.349 rows=641785 loops=1)
                    Buckets: 131072  Batches: 8  Memory Usage: 3871kB
                    ->  Seq Scan on title t  (cost=0.00..73925.90 rows=565203 width=4) (actual time=0.044..1121.668 rows=641785 loops=1)
                          Filter: ((kind_id < 7) AND (production_year < 2006))
                          Rows Removed by Filter: 1886527
Planning time: 1.770 ms
Execution time: 9272.736 ms
