Hash Join  (cost=102767.86..250939.15 rows=2380810 width=0) (actual time=1857.644..5496.710 rows=2371781 loops=1)
  Hash Cond: (mk.movie_id = t.id)
  ->  Seq Scan on movie_keyword mk  (cost=0.00..81003.12 rows=2380810 width=4) (actual time=0.025..1476.107 rows=2371781 loops=1)
        Filter: (keyword_id > 4043)
        Rows Removed by Filter: 2152149
  ->  Hash  (cost=61283.27..61283.27 rows=2528527 width=4) (actual time=1855.985..1855.985 rows=2528312 loops=1)
        Buckets: 131072  Batches: 64  Memory Usage: 2425kB
        ->  Seq Scan on title t  (cost=0.00..61283.27 rows=2528527 width=4) (actual time=0.015..983.657 rows=2528312 loops=1)
Planning time: 1.804 ms
Execution time: 5779.729 ms
