Hash Join  (cost=129737.67..203166.82 rows=152413 width=0) (actual time=3348.061..5144.382 rows=579065 loops=1)
  Hash Cond: (mc.movie_id = t.id)
  ->  Seq Scan on movie_companies mc  (cost=0.00..51404.11 rows=1696240 width=4) (actual time=0.021..937.360 rows=1687639 loops=1)
        Filter: (company_id < 20059)
        Rows Removed by Filter: 921490
  ->  Hash  (cost=126009.70..126009.70 rows=227198 width=8) (actual time=3347.265..3347.265 rows=279975 loops=1)
        Buckets: 131072  Batches: 4  Memory Usage: 3767kB
        ->  Hash Join  (cost=88359.31..126009.70 rows=227198 width=8) (actual time=2279.573..3260.779 rows=279975 loops=1)
              Hash Cond: (mi_idx.movie_id = t.id)
              ->  Seq Scan on movie_info_idx mi_idx  (cost=0.00..25185.44 rows=454124 width=4) (actual time=0.014..449.024 rows=459925 loops=1)
                    Filter: (info_type_id = 100)
                    Rows Removed by Filter: 920110
              ->  Hash  (cost=67604.59..67604.59 rows=1265018 width=4) (actual time=2278.835..2278.835 rows=1263700 loops=1)
                    Buckets: 131072  Batches: 32  Memory Usage: 2410kB
                    ->  Seq Scan on title t  (cost=0.00..67604.59 rows=1265018 width=4) (actual time=0.012..1148.477 rows=1263700 loops=1)
                          Filter: (production_year < 2004)
                          Rows Removed by Filter: 1264612
Planning time: 1.178 ms
Execution time: 5204.301 ms
