Hash Join  (cost=102767.86..195715.85 rows=85838 width=0) (actual time=1758.051..3312.193 rows=90016 loops=1)
  Hash Cond: (mk.movie_id = t.id)
  ->  Seq Scan on movie_keyword mk  (cost=0.00..81003.12 rows=85838 width=4) (actual time=0.028..1096.023 rows=90016 loops=1)
        Filter: (keyword_id < 77)
        Rows Removed by Filter: 4433914
  ->  Hash  (cost=61283.27..61283.27 rows=2528527 width=4) (actual time=1751.923..1751.923 rows=2528312 loops=1)
        Buckets: 131072  Batches: 64  Memory Usage: 2425kB
        ->  Seq Scan on title t  (cost=0.00..61283.27 rows=2528527 width=4) (actual time=0.038..901.406 rows=2528312 loops=1)
Planning time: 0.690 ms
Execution time: 3323.211 ms
