Nested Loop  (cost=0.43..147773.60 rows=5024 width=0) (actual time=555.112..1169.225 rows=46 loops=1)
  ->  Seq Scan on movie_keyword mk  (cost=0.00..81003.12 rows=10254 width=4) (actual time=0.036..1024.893 rows=8567 loops=1)
        Filter: (keyword_id = 3636)
        Rows Removed by Filter: 4515363
  ->  Index Scan using title_pkey on title t  (cost=0.43..6.50 rows=1 width=4) (actual time=0.016..0.016 rows=0 loops=8567)
        Index Cond: (id = mk.movie_id)
        Filter: ((production_year > 1973) AND (kind_id = 7))
        Rows Removed by Filter: 1
Planning time: 0.751 ms
Execution time: 1169.361 ms
