Hash Join  (cost=103324.96..171136.24 rows=55378 width=0) (actual time=1925.160..3114.064 rows=80445 loops=1)
  Hash Cond: (mc.movie_id = t.id)
  ->  Seq Scan on movie_companies mc  (cost=0.00..57926.93 rows=64313 width=4) (actual time=0.008..802.203 rows=111266 loops=1)
        Filter: ((company_id < 27) AND (company_type_id < 2))
        Rows Removed by Filter: 2497863
  ->  Hash  (cost=67604.59..67604.59 rows=2177230 width=4) (actual time=1923.100..1923.100 rows=2171163 loops=1)
        Buckets: 131072  Batches: 32  Memory Usage: 3412kB
        ->  Seq Scan on title t  (cost=0.00..67604.59 rows=2177230 width=4) (actual time=0.021..1245.526 rows=2171163 loops=1)
              Filter: (production_year > 1963)
              Rows Removed by Filter: 357149
Planning time: 1.771 ms
Execution time: 3122.480 ms
