Hash Join  (cost=438900.73..515435.24 rows=107699 width=0) (actual time=7279.960..8603.503 rows=51669 loops=1)
  Hash Cond: (mc.movie_id = t.id)
  ->  Seq Scan on movie_companies mc  (cost=0.00..44881.29 rows=2609129 width=4) (actual time=0.023..730.765 rows=2609129 loops=1)
  ->  Hash  (cost=437188.08..437188.08 rows=104372 width=8) (actual time=7031.463..7031.463 rows=24428 loops=1)
        Buckets: 131072  Batches: 2  Memory Usage: 1506kB
        ->  Hash Join  (cost=79273.71..437188.08 rows=104372 width=8) (actual time=2939.148..7022.448 rows=24428 loops=1)
              Hash Cond: (mi.movie_id = t.id)
              ->  Seq Scan on movie_info mi  (cost=0.00..346232.03 rows=809768 width=4) (actual time=1893.713..4772.512 rows=802140 loops=1)
                    Filter: (info_type_id < 2)
                    Rows Removed by Filter: 14033580
              ->  Hash  (cost=73925.90..73925.90 rows=325904 width=4) (actual time=1044.557..1044.557 rows=349534 loops=1)
                    Buckets: 131072  Batches: 8  Memory Usage: 2572kB
                    ->  Seq Scan on title t  (cost=0.00..73925.90 rows=325904 width=4) (actual time=62.343..929.914 rows=349534 loops=1)
                          Filter: ((production_year > 2009) AND (kind_id = 7))
                          Rows Removed by Filter: 2178778
Planning time: 1.983 ms
Execution time: 8610.228 ms
