Hash Join  (cost=102925.83..854641.80 rows=92682 width=0) (actual time=1662.474..15918.475 rows=54658 loops=1)
  Hash Cond: (ci.movie_id = t.id)
  ->  Seq Scan on cast_info ci  (cost=0.00..614943.12 rows=36225612 width=4) (actual time=0.014..7418.054 rows=36244344 loops=1)
  ->  Hash  (cost=102844.97..102844.97 rows=6469 width=8) (actual time=1659.972..1659.972 rows=2298 loops=1)
        Buckets: 8192  Batches: 1  Memory Usage: 154kB
        ->  Hash Join  (cost=74148.38..102844.97 rows=6469 width=8) (actual time=989.768..1658.844 rows=2298 loops=1)
              Hash Cond: (mi_idx.movie_id = t.id)
              ->  Seq Scan on movie_info_idx mi_idx  (cost=0.00..25185.44 rows=919057 width=4) (actual time=0.020..490.636 rows=920110 loops=1)
                    Filter: (info_type_id > 99)
                    Rows Removed by Filter: 459925
              ->  Hash  (cost=73925.90..73925.90 rows=17798 width=4) (actual time=989.353..989.353 rows=13346 loops=1)
                    Buckets: 32768  Batches: 1  Memory Usage: 726kB
                    ->  Seq Scan on title t  (cost=0.00..73925.90 rows=17798 width=4) (actual time=249.283..983.598 rows=13346 loops=1)
                          Filter: ((production_year > 2010) AND (kind_id = 4))
                          Rows Removed by Filter: 2514966
Planning time: 1.260 ms
Execution time: 15928.478 ms
