Hash Join  (cost=263115.61..1289923.90 rows=9333987 width=0) (actual time=5986.782..26377.079 rows=12701365 loops=1)
  Hash Cond: (ci.movie_id = t.id)
  ->  Seq Scan on cast_info ci  (cost=0.00..796071.18 rows=9045639 width=4) (actual time=0.056..13823.573 rows=5219187 loops=1)
        Filter: ((person_id < 2019960) AND (role_id > 2))
        Rows Removed by Filter: 31025157
  ->  Hash  (cost=220309.49..220309.49 rows=2609129 width=8) (actual time=5985.233..5985.233 rows=2609129 loops=1)
        Buckets: 131072  Batches: 64  Memory Usage: 2610kB
        ->  Hash Join  (cost=102767.86..220309.49 rows=2609129 width=8) (actual time=1871.007..5253.109 rows=2609129 loops=1)
              Hash Cond: (mc.movie_id = t.id)
              ->  Seq Scan on movie_companies mc  (cost=0.00..44881.29 rows=2609129 width=4) (actual time=0.019..838.117 rows=2609129 loops=1)
              ->  Hash  (cost=61283.27..61283.27 rows=2528527 width=4) (actual time=1869.331..1869.331 rows=2528312 loops=1)
                    Buckets: 131072  Batches: 64  Memory Usage: 2415kB
                    ->  Seq Scan on title t  (cost=0.00..61283.27 rows=2528527 width=4) (actual time=0.010..1020.742 rows=2528312 loops=1)
Planning time: 1.080 ms
Execution time: 27820.383 ms
