Seq Scan on cast_info ci  (cost=0.00..705507.15 rows=4801670 width=0) (actual time=142.462..10539.570 rows=4697197 loops=1)
  Filter: (person_id < 455440)
  Rows Removed by Filter: 31547147
Planning time: 0.397 ms
Execution time: 11119.512 ms
