Hash Join  (cost=214037.47..781639.98 rows=8228259 width=0) (actual time=4703.131..19654.652 rows=6193588 loops=1)
  Hash Cond: (mi.movie_id = t.id)
  ->  Seq Scan on movie_info mi  (cost=0.00..309384.22 rows=14739122 width=4) (actual time=0.013..5650.158 rows=14835720 loops=1)
  ->  Hash  (cost=190878.78..190878.78 rows=1411575 width=8) (actual time=4691.737..4691.737 rows=674077 loops=1)
        Buckets: 131072  Batches: 32  Memory Usage: 1830kB
        ->  Hash Join  (cost=96369.51..190878.78 rows=1411575 width=8) (actual time=1853.188..4483.979 rows=674077 loops=1)
              Hash Cond: (mc.movie_id = t.id)
              ->  Seq Scan on movie_companies mc  (cost=0.00..44881.29 rows=2609129 width=4) (actual time=0.013..905.786 rows=2609129 loops=1)
              ->  Hash  (cost=73925.90..73925.90 rows=1367968 width=4) (actual time=1851.548..1851.548 rows=1339686 loops=1)
                    Buckets: 131072  Batches: 32  Memory Usage: 2491kB
                    ->  Seq Scan on title t  (cost=0.00..73925.90 rows=1367968 width=4) (actual time=0.022..1413.991 rows=1339686 loops=1)
                          Filter: ((kind_id > 4) AND (production_year < 2012))
                          Rows Removed by Filter: 1188626
Planning time: 1.086 ms
Execution time: 20329.643 ms
