Hash Join  (cost=219807.22..817748.99 rows=9344894 width=0) (actual time=4491.623..18492.895 rows=6544156 loops=1)
  Hash Cond: (mi.movie_id = t.id)
  ->  Seq Scan on movie_info mi  (cost=0.00..309384.22 rows=14739122 width=4) (actual time=0.010..5371.890 rows=14835720 loops=1)
  ->  Hash  (cost=193505.02..193505.02 rows=1603136 width=8) (actual time=4477.721..4477.721 rows=747310 loops=1)
        Buckets: 131072  Batches: 32  Memory Usage: 1913kB
        ->  Hash Join  (cost=93093.72..193505.02 rows=1603136 width=8) (actual time=1693.326..4254.585 rows=747310 loops=1)
              Hash Cond: (mc.movie_id = t.id)
              ->  Seq Scan on movie_companies mc  (cost=0.00..44881.29 rows=2609129 width=4) (actual time=0.024..865.035 rows=2609129 loops=1)
              ->  Hash  (cost=67604.59..67604.59 rows=1553611 width=4) (actual time=1688.181..1688.181 rows=1555864 loops=1)
                    Buckets: 131072  Batches: 32  Memory Usage: 2734kB
                    ->  Seq Scan on title t  (cost=0.00..67604.59 rows=1553611 width=4) (actual time=0.024..1182.190 rows=1555864 loops=1)
                          Filter: (kind_id > 4)
                          Rows Removed by Filter: 972448
Planning time: 1.152 ms
Execution time: 19124.415 ms
