Seq Scan on movie_companies mc  (cost=0.00..51404.11 rows=104 width=0) (actual time=376.434..751.062 rows=1 loops=1)
  Filter: (company_id = 56426)
  Rows Removed by Filter: 2609128
Planning time: 0.412 ms
Execution time: 751.144 ms
