Hash Join  (cost=167327.89..222272.36 rows=27894 width=0) (actual time=2819.914..3980.416 rows=15598 loops=1)
  Hash Cond: (mc.movie_id = t.id)
  ->  Seq Scan on movie_companies mc  (cost=0.00..44881.29 rows=2609129 width=4) (actual time=0.015..632.216 rows=2609129 loops=1)
  ->  Hash  (cost=166989.99..166989.99 rows=27032 width=8) (actual time=2818.417..2818.417 rows=7513 loops=1)
        Buckets: 32768  Batches: 1  Memory Usage: 550kB
        ->  Hash Join  (cost=75195.76..166989.99 rows=27032 width=8) (actual time=1828.223..2815.527 rows=7513 loops=1)
              Hash Cond: (mk.movie_id = t.id)
              ->  Seq Scan on movie_keyword mk  (cost=0.00..81003.12 rows=883678 width=4) (actual time=0.026..1298.997 rows=891734 loops=1)
                    Filter: (keyword_id < 844)
                    Rows Removed by Filter: 3632196
              ->  Hash  (cost=73925.90..73925.90 rows=77348 width=4) (actual time=1214.095..1214.095 rows=84109 loops=1)
                    Buckets: 131072  Batches: 2  Memory Usage: 2515kB
                    ->  Seq Scan on title t  (cost=0.00..73925.90 rows=77348 width=4) (actual time=0.015..1180.763 rows=84109 loops=1)
                          Filter: ((kind_id = 7) AND (production_year = 2008))
                          Rows Removed by Filter: 2444203
Planning time: 1.134 ms
Execution time: 3982.841 ms
