Seq Scan on movie_keyword mk  (cost=0.00..81003.12 rows=440401 width=0) (actual time=0.024..1296.313 rows=436758 loops=1)
  Filter: (keyword_id > 40237)
  Rows Removed by Filter: 4087172
Planning time: 0.305 ms
Execution time: 1352.216 ms
