Seq Scan on cast_info ci  (cost=0.00..705507.15 rows=14840454 width=0) (actual time=57.111..11394.623 rows=14743927 loops=1)
  Filter: (person_id < 1453752)
  Rows Removed by Filter: 21500417
Planning time: 3.015 ms
Execution time: 13271.143 ms
