Hash Join  (cost=83074.55..447741.02 rows=1055 width=0) (actual time=1188.613..7313.428 rows=1282 loops=1)
  Hash Cond: (mi.movie_id = t.id)
  ->  Seq Scan on movie_info mi  (cost=0.00..309384.22 rows=14739122 width=4) (actual time=0.008..3464.187 rows=14835720 loops=1)
  ->  Hash  (cost=83072.29..83072.29 rows=181 width=8) (actual time=1169.351..1169.351 rows=78 loops=1)
        Buckets: 1024  Batches: 1  Memory Usage: 12kB
        ->  Nested Loop  (cost=0.43..83072.29 rows=181 width=8) (actual time=21.269..1169.216 rows=78 loops=1)
              ->  Seq Scan on movie_keyword mk  (cost=0.00..81003.12 rows=246 width=4) (actual time=0.688..1154.654 rows=342 loops=1)
                    Filter: (keyword_id = 5016)
                    Rows Removed by Filter: 4523588
              ->  Index Scan using title_pkey on title t  (cost=0.43..8.40 rows=1 width=4) (actual time=0.040..0.040 rows=0 loops=342)
                    Index Cond: (id = mk.movie_id)
                    Filter: (kind_id > 1)
                    Rows Removed by Filter: 1
Planning time: 1.154 ms
Execution time: 7314.005 ms
