Hash Join  (cost=146017.87..269949.41 rows=158351 width=0) (actual time=2422.453..5950.515 rows=3496638 loops=1)
  Hash Cond: (mk.movie_id = t.id)
  ->  Seq Scan on movie_keyword mk  (cost=0.00..69693.30 rows=4523930 width=4) (actual time=0.013..1318.518 rows=4523930 loops=1)
  ->  Hash  (cost=144565.54..144565.54 rows=88506 width=8) (actual time=2421.717..2421.717 rows=93566 loops=1)
        Buckets: 131072  Batches: 2  Memory Usage: 2835kB
        ->  Hash Join  (cost=76796.18..144565.54 rows=88506 width=8) (actual time=1312.079..2389.444 rows=93566 loops=1)
              Hash Cond: (mc.movie_id = t.id)
              ->  Seq Scan on movie_companies mc  (cost=0.00..51404.11 rows=1279517 width=4) (actual time=55.650..872.648 rows=1274246 loops=1)
                    Filter: (company_type_id = 1)
                    Rows Removed by Filter: 1334883
              ->  Hash  (cost=73925.90..73925.90 rows=174902 width=4) (actual time=950.801..950.801 rows=160286 loops=1)
                    Buckets: 131072  Batches: 4  Memory Usage: 2435kB
                    ->  Seq Scan on title t  (cost=0.00..73925.90 rows=174902 width=4) (actual time=237.657..900.587 rows=160286 loops=1)
                          Filter: ((production_year > 2008) AND (kind_id = 1))
                          Rows Removed by Filter: 2368026
Planning time: 1.118 ms
Execution time: 6392.005 ms
