Hash Join  (cost=102767.86..196533.42 rows=1078808 width=0) (actual time=2096.616..4259.531 rows=1274246 loops=1)
  Hash Cond: (mc.movie_id = t.id)
  ->  Seq Scan on movie_companies mc  (cost=0.00..57926.93 rows=1078808 width=4) (actual time=408.805..1122.780 rows=1274246 loops=1)
        Filter: ((company_id < 80781) AND (company_type_id = 1))
        Rows Removed by Filter: 1334883
  ->  Hash  (cost=61283.27..61283.27 rows=2528527 width=4) (actual time=1686.516..1686.516 rows=2528312 loops=1)
        Buckets: 131072  Batches: 64  Memory Usage: 2415kB
        ->  Seq Scan on title t  (cost=0.00..61283.27 rows=2528527 width=4) (actual time=0.024..836.138 rows=2528312 loops=1)
Planning time: 0.699 ms
Execution time: 4419.058 ms
