Hash Join  (cost=156209.36..964247.95 rows=137029 width=0) (actual time=7851.568..13209.171 rows=165021 loops=1)
  Hash Cond: (ci.movie_id = t.id)
  ->  Seq Scan on cast_info ci  (cost=0.00..796071.18 rows=762965 width=4) (actual time=4735.814..9776.315 rows=379104 loops=1)
        Filter: ((person_id < 277297) AND (role_id > 4))
        Rows Removed by Filter: 35865240
  ->  Hash  (cost=148758.81..148758.81 rows=454124 width=8) (actual time=3114.837..3114.837 rows=459925 loops=1)
        Buckets: 131072  Batches: 8  Memory Usage: 3275kB
        ->  Hash Join  (cost=102767.86..148758.81 rows=454124 width=8) (actual time=1764.464..2980.282 rows=459925 loops=1)
              Hash Cond: (mi_idx.movie_id = t.id)
              ->  Seq Scan on movie_info_idx mi_idx  (cost=0.00..25185.44 rows=454124 width=4) (actual time=0.022..426.078 rows=459925 loops=1)
                    Filter: (info_type_id = 100)
                    Rows Removed by Filter: 920110
              ->  Hash  (cost=61283.27..61283.27 rows=2528527 width=4) (actual time=1762.985..1762.985 rows=2528312 loops=1)
                    Buckets: 131072  Batches: 64  Memory Usage: 2415kB
                    ->  Seq Scan on title t  (cost=0.00..61283.27 rows=2528527 width=4) (actual time=0.008..916.185 rows=2528312 loops=1)
Planning time: 1.165 ms
Execution time: 13231.432 ms
