Nested Loop  (cost=0.43..83072.90 rows=2 width=0) (actual time=3.185..1305.232 rows=56 loops=1)
  ->  Seq Scan on movie_keyword mk  (cost=0.00..81003.12 rows=246 width=4) (actual time=0.145..1224.060 rows=1793 loops=1)
        Filter: (keyword_id = 11652)
        Rows Removed by Filter: 4522137
  ->  Index Scan using title_pkey on title t  (cost=0.43..8.40 rows=1 width=4) (actual time=0.045..0.045 rows=0 loops=1793)
        Index Cond: (id = mk.movie_id)
        Filter: ((kind_id < 7) AND (production_year = 2000))
        Rows Removed by Filter: 1
Planning time: 0.748 ms
Execution time: 1305.369 ms
