Hash Join  (cost=146960.28..556361.59 rows=194438 width=0) (actual time=4826.878..10895.101 rows=1227471 loops=1)
  Hash Cond: (mi.movie_id = t.id)
  ->  Seq Scan on movie_info mi  (cost=0.00..346232.03 rows=5263441 width=4) (actual time=0.008..5565.368 rows=5270569 loops=1)
        Filter: (info_type_id > 15)
        Rows Removed by Filter: 9565151
  ->  Hash  (cost=145427.69..145427.69 rows=93407 width=8) (actual time=3117.454..3117.454 rows=194257 loops=1)
        Buckets: 131072 (originally 131072)  Batches: 4 (originally 2)  Memory Usage: 3073kB
        ->  Hash Join  (cost=69090.10..145427.69 rows=93407 width=8) (actual time=1630.579..3045.577 rows=194257 loops=1)
              Hash Cond: (mc.movie_id = t.id)
              ->  Seq Scan on movie_companies mc  (cost=0.00..44881.29 rows=2609129 width=4) (actual time=0.013..806.246 rows=2609129 loops=1)
              ->  Hash  (cost=67604.59..67604.59 rows=90521 width=4) (actual time=916.033..916.033 rows=90852 loops=1)
                    Buckets: 131072  Batches: 2  Memory Usage: 2626kB
                    ->  Seq Scan on title t  (cost=0.00..67604.59 rows=90521 width=4) (actual time=0.024..883.338 rows=90852 loops=1)
                          Filter: (kind_id = 2)
                          Rows Removed by Filter: 2437460
Planning time: 1.161 ms
Execution time: 11014.221 ms
