Seq Scan on cast_info ci  (cost=0.00..705507.15 rows=12967093 width=0) (actual time=0.022..10738.517 rows=13097547 loops=1)
  Filter: (person_id > 2366571)
  Rows Removed by Filter: 23146797
Planning time: 0.357 ms
Execution time: 12376.437 ms
