Hash Join  (cost=709678.15..1064144.33 rows=434 width=0) (actual time=10008.125..15393.359 rows=1416 loops=1)
  Hash Cond: (mi.movie_id = t.id)
  ->  Seq Scan on movie_info mi  (cost=0.00..346232.03 rows=2194617 width=4) (actual time=0.065..5150.489 rows=2233850 loops=1)
        Filter: (info_type_id > 16)
        Rows Removed by Filter: 12601870
  ->  Hash  (cost=709671.90..709671.90 rows=500 width=8) (actual time=9921.413..9921.413 rows=101 loops=1)
        Buckets: 1024  Batches: 1  Memory Usage: 12kB
        ->  Nested Loop  (cost=0.43..709671.90 rows=500 width=8) (actual time=4775.462..9921.327 rows=101 loops=1)
              ->  Seq Scan on cast_info ci  (cost=0.00..705507.15 rows=500 width=4) (actual time=4775.283..9910.663 rows=101 loops=1)
                    Filter: (person_id = 1260213)
                    Rows Removed by Filter: 36244243
              ->  Index Only Scan using title_pkey on title t  (cost=0.43..8.32 rows=1 width=4) (actual time=0.104..0.104 rows=1 loops=101)
                    Index Cond: (id = ci.movie_id)
                    Heap Fetches: 101
Planning time: 1.340 ms
Execution time: 15393.764 ms
