Hash Join  (cost=110591.56..198071.16 rows=82156 width=0) (actual time=2146.960..4799.533 rows=1225450 loops=1)
  Hash Cond: (mk.movie_id = t.id)
  ->  Seq Scan on movie_keyword mk  (cost=0.00..69693.30 rows=4523930 width=4) (actual time=0.011..942.043 rows=4523930 loops=1)
  ->  Hash  (cost=110017.57..110017.57 rows=45919 width=8) (actual time=2146.577..2146.577 rows=106328 loops=1)
        Buckets: 131072 (originally 65536)  Batches: 2 (originally 1)  Memory Usage: 3105kB
        ->  Hash Join  (cost=78058.28..110017.57 rows=45919 width=8) (actual time=1282.021..2107.210 rows=106328 loops=1)
              Hash Cond: (mi_idx.movie_id = t.id)
              ->  Seq Scan on movie_info_idx mi_idx  (cost=0.00..25185.44 rows=460978 width=4) (actual time=0.015..482.935 rows=459925 loops=1)
                    Filter: (info_type_id = 99)
                    Rows Removed by Filter: 920110
              ->  Hash  (cost=73925.90..73925.90 rows=251870 width=4) (actual time=1281.288..1281.288 rows=365623 loops=1)
                    Buckets: 131072 (originally 131072)  Batches: 8 (originally 4)  Memory Usage: 3073kB
                    ->  Seq Scan on title t  (cost=0.00..73925.90 rows=251870 width=4) (actual time=0.010..1156.477 rows=365623 loops=1)
                          Filter: ((kind_id < 7) AND (production_year < 1988))
                          Rows Removed by Filter: 2162689
Planning time: 1.112 ms
Execution time: 4947.435 ms
