Seq Scan on movie_keyword mk  (cost=0.00..81003.12 rows=246 width=0) (actual time=7.731..1235.241 rows=193 loops=1)
  Filter: (keyword_id = 16403)
  Rows Removed by Filter: 4523737
Planning time: 0.318 ms
Execution time: 1235.464 ms
