Hash Join  (cost=197801.01..683987.17 rows=597923 width=0) (actual time=3501.162..15382.274 rows=4795913 loops=1)
  Hash Cond: (mi.movie_id = t.id)
  ->  Seq Scan on movie_info mi  (cost=0.00..309384.22 rows=14739122 width=4) (actual time=0.021..5184.007 rows=14835720 loops=1)
  ->  Hash  (cost=196117.83..196117.83 rows=102575 width=8) (actual time=3500.384..3500.384 rows=116602 loops=1)
        Buckets: 131072  Batches: 2  Memory Usage: 3338kB
        ->  Hash Join  (cost=102767.86..196117.83 rows=102575 width=8) (actual time=1842.618..3459.848 rows=116602 loops=1)
              Hash Cond: (mk.movie_id = t.id)
              ->  Seq Scan on movie_keyword mk  (cost=0.00..81003.12 rows=102575 width=4) (actual time=0.033..1108.920 rows=116602 loops=1)
                    Filter: (keyword_id < 113)
                    Rows Removed by Filter: 4407328
              ->  Hash  (cost=61283.27..61283.27 rows=2528527 width=4) (actual time=1841.615..1841.615 rows=2528312 loops=1)
                    Buckets: 131072  Batches: 64  Memory Usage: 2425kB
                    ->  Seq Scan on title t  (cost=0.00..61283.27 rows=2528527 width=4) (actual time=0.020..907.847 rows=2528312 loops=1)
Planning time: 1.104 ms
Execution time: 15941.668 ms
