Hash Join  (cost=74222.22..454508.28 rows=83059 width=0) (actual time=1033.696..8925.376 rows=566951 loops=1)
  Hash Cond: (mi.movie_id = t.id)
  ->  Seq Scan on movie_info mi  (cost=0.00..346232.03 rows=8859586 width=4) (actual time=0.018..5463.075 rows=8966694 loops=1)
        Filter: (info_type_id < 15)
        Rows Removed by Filter: 5869026
  ->  Hash  (cost=73925.90..73925.90 rows=23705 width=4) (actual time=1033.383..1033.383 rows=59846 loops=1)
        Buckets: 65536 (originally 32768)  Batches: 1 (originally 1)  Memory Usage: 2616kB
        ->  Seq Scan on title t  (cost=0.00..73925.90 rows=23705 width=4) (actual time=513.739..1011.264 rows=59846 loops=1)
              Filter: ((kind_id < 7) AND (production_year < 1915))
              Rows Removed by Filter: 2468466
Planning time: 0.682 ms
Execution time: 8999.300 ms
