Hash Join  (cost=208292.32..1402964.87 rows=11736870 width=0) (actual time=4716.172..41719.020 rows=26845768 loops=1)
  Hash Cond: (ci.movie_id = t.id)
  ->  Seq Scan on cast_info ci  (cost=0.00..705507.15 rows=31840455 width=4) (actual time=0.026..15223.167 rows=31992973 loops=1)
        Filter: (person_id > 409892)
        Rows Removed by Filter: 4251371
  ->  Hash  (cost=193000.65..193000.65 rows=932053 width=8) (actual time=4715.539..4715.539 rows=779937 loops=1)
        Buckets: 131072  Batches: 16  Memory Usage: 2910kB
        ->  Hash Join  (cost=102767.86..193000.65 rows=932053 width=8) (actual time=2375.119..4483.702 rows=779937 loops=1)
              Hash Cond: (mc.movie_id = t.id)
              ->  Seq Scan on movie_companies mc  (cost=0.00..57926.93 rows=932053 width=4) (actual time=0.019..1039.125 rows=779937 loops=1)
                    Filter: ((company_id > 1284) AND (company_type_id < 2))
                    Rows Removed by Filter: 1829192
              ->  Hash  (cost=61283.27..61283.27 rows=2528527 width=4) (actual time=2374.135..2374.135 rows=2528312 loops=1)
                    Buckets: 131072  Batches: 64  Memory Usage: 2415kB
                    ->  Seq Scan on title t  (cost=0.00..61283.27 rows=2528527 width=4) (actual time=0.012..854.996 rows=2528312 loops=1)
Planning time: 1.176 ms
Execution time: 44602.034 ms
