Seq Scan on movie_companies mc  (cost=0.00..57926.93 rows=571400 width=0) (actual time=194.788..927.122 rows=297187 loops=1)
  Filter: ((company_id > 12743) AND (company_type_id = 1))
  Rows Removed by Filter: 2311942
Planning time: 0.357 ms
Execution time: 963.232 ms
