Hash Join  (cost=201260.18..589070.01 rows=171285 width=0) (actual time=7355.606..10141.667 rows=558672 loops=1)
  Hash Cond: (mi.movie_id = t.id)
  ->  Seq Scan on movie_info mi  (cost=0.00..346232.03 rows=3068194 width=4) (actual time=1823.914..4565.915 rows=3036719 loops=1)
        Filter: (info_type_id = 16)
        Rows Removed by Filter: 11799001
  ->  Hash  (cost=198943.71..198943.71 rows=141157 width=8) (actual time=4277.097..4277.097 rows=214458 loops=1)
        Buckets: 131072 (originally 131072)  Batches: 4 (originally 2)  Memory Usage: 3132kB
        ->  Hash Join  (cost=75221.10..198943.71 rows=141157 width=8) (actual time=1071.920..3706.854 rows=214458 loops=1)
              Hash Cond: (mk.movie_id = t.id)
              ->  Seq Scan on movie_keyword mk  (cost=0.00..69693.30 rows=4523930 width=4) (actual time=0.022..1232.960 rows=4523930 loops=1)
              ->  Hash  (cost=73925.90..73925.90 rows=78896 width=4) (actual time=1070.753..1070.753 rows=78341 loops=1)
                    Buckets: 131072  Batches: 2  Memory Usage: 2410kB
                    ->  Seq Scan on title t  (cost=0.00..73925.90 rows=78896 width=4) (actual time=115.057..1040.801 rows=78341 loops=1)
                          Filter: ((production_year > 1979) AND (kind_id = 3))
                          Rows Removed by Filter: 2449971
Planning time: 0.737 ms
Execution time: 10204.316 ms
