Hash Join  (cost=164336.44..529250.12 rows=25775 width=0) (actual time=2349.008..8418.516 rows=16245 loops=1)
  Hash Cond: (mi.movie_id = t.id)
  ->  Seq Scan on movie_info mi  (cost=0.00..309384.22 rows=14739122 width=4) (actual time=0.025..3670.705 rows=14835720 loops=1)
  ->  Hash  (cost=164281.16..164281.16 rows=4422 width=8) (actual time=1919.543..1919.543 rows=1430 loops=1)
        Buckets: 8192  Batches: 1  Memory Usage: 120kB
        ->  Hash Join  (cost=73982.55..164281.16 rows=4422 width=8) (actual time=847.292..1918.899 rows=1430 loops=1)
              Hash Cond: (mk.movie_id = t.id)
              ->  Seq Scan on movie_keyword mk  (cost=0.00..81003.12 rows=2467003 width=4) (actual time=0.016..1118.979 rows=2457688 loops=1)
                    Filter: (keyword_id > 3663)
                    Rows Removed by Filter: 2066242
              ->  Hash  (cost=73925.90..73925.90 rows=4532 width=4) (actual time=480.433..480.433 rows=6454 loops=1)
                    Buckets: 8192  Batches: 1  Memory Usage: 291kB
                    ->  Seq Scan on title t  (cost=0.00..73925.90 rows=4532 width=4) (actual time=85.840..478.765 rows=6454 loops=1)
                          Filter: ((kind_id = 7) AND (production_year = 1964))
                          Rows Removed by Filter: 2521858
Planning time: 1.122 ms
Execution time: 8420.896 ms
