Seq Scan on movie_companies mc  (cost=0.00..51404.11 rows=1060438 width=0) (actual time=114.503..872.557 rows=1070908 loops=1)
  Filter: (company_id > 14490)
  Rows Removed by Filter: 1538221
Planning time: 0.305 ms
Execution time: 1007.040 ms
