Hash Join  (cost=216456.44..1144748.78 rows=7019047 width=0) (actual time=7416.009..24850.730 rows=5923125 loops=1)
  Hash Cond: (ci.movie_id = t.id)
  ->  Seq Scan on cast_info ci  (cost=0.00..705507.15 rows=12726058 width=4) (actual time=2493.419..12317.514 rows=12670688 loops=1)
        Filter: (role_id < 2)
        Rows Removed by Filter: 23573656
  ->  Hash  (cost=193575.85..193575.85 rows=1394607 width=8) (actual time=4921.410..4921.410 rows=717308 loops=1)
        Buckets: 131072  Batches: 32  Memory Usage: 1871kB
        ->  Hash Join  (cost=92883.59..193575.85 rows=1394607 width=8) (actual time=1940.852..4739.858 rows=717308 loops=1)
              Hash Cond: (mc.movie_id = t.id)
              ->  Seq Scan on movie_companies mc  (cost=0.00..51404.11 rows=2288617 width=4) (actual time=0.019..1096.285 rows=2285670 loops=1)
                    Filter: (company_id < 91418)
                    Rows Removed by Filter: 323459
              ->  Hash  (cost=67604.59..67604.59 rows=1540800 width=4) (actual time=1690.771..1690.771 rows=1543264 loops=1)
                    Buckets: 131072  Batches: 32  Memory Usage: 2722kB
                    ->  Seq Scan on title t  (cost=0.00..67604.59 rows=1540800 width=4) (actual time=199.232..1208.237 rows=1543264 loops=1)
                          Filter: (kind_id = 7)
                          Rows Removed by Filter: 985048
Planning time: 18.996 ms
Execution time: 25515.179 ms
