Hash Join  (cost=68100.81..95227.96 rows=21667 width=0) (actual time=1169.458..1786.478 rows=23456 loops=1)
  Hash Cond: (mi_idx.movie_id = t.id)
  ->  Seq Scan on movie_info_idx mi_idx  (cost=0.00..21735.35 rows=1380035 width=4) (actual time=0.020..296.220 rows=1380035 loops=1)
  ->  Hash  (cost=67604.59..67604.59 rows=39698 width=4) (actual time=1168.957..1168.957 rows=36437 loops=1)
        Buckets: 65536  Batches: 1  Memory Usage: 1793kB
        ->  Seq Scan on title t  (cost=0.00..67604.59 rows=39698 width=4) (actual time=0.011..1152.929 rows=36437 loops=1)
              Filter: (production_year = 1995)
              Rows Removed by Filter: 2491875
Planning time: 0.807 ms
Execution time: 1790.921 ms
