Nested Loop  (cost=0.43..798787.41 rows=324 width=0) (actual time=7026.179..12641.258 rows=16 loops=1)
  ->  Seq Scan on cast_info ci  (cost=0.00..796071.18 rows=324 width=4) (actual time=7024.888..12639.605 rows=16 loops=1)
        Filter: ((role_id > 1) AND (person_id = 556076))
        Rows Removed by Filter: 36244328
  ->  Index Only Scan using title_pkey on title t  (cost=0.43..8.37 rows=1 width=4) (actual time=0.095..0.096 rows=1 loops=16)
        Index Cond: (id = ci.movie_id)
        Heap Fetches: 16
Planning time: 0.662 ms
Execution time: 12641.337 ms
