Hash Join  (cost=102353.06..161132.74 rows=2902 width=0) (actual time=1711.338..2254.476 rows=901 loops=1)
  Hash Cond: (mc.movie_id = t.id)
  ->  Seq Scan on movie_companies mc  (cost=0.00..57926.93 rows=219661 width=4) (actual time=4.603..677.701 rows=102927 loops=1)
        Filter: ((company_id < 312) AND (company_type_id = 2))
        Rows Removed by Filter: 2506202
  ->  Hash  (cost=101935.50..101935.50 rows=33405 width=8) (actual time=1548.608..1548.608 rows=26859 loops=1)
        Buckets: 65536  Batches: 1  Memory Usage: 1562kB
        ->  Hash Join  (cost=74690.97..101935.50 rows=33405 width=8) (actual time=907.736..1538.901 rows=26859 loops=1)
              Hash Cond: (mi_idx.movie_id = t.id)
              ->  Seq Scan on movie_info_idx mi_idx  (cost=0.00..21735.35 rows=1380035 width=4) (actual time=0.011..267.763 rows=1380035 loops=1)
              ->  Hash  (cost=73925.90..73925.90 rows=61205 width=4) (actual time=907.299..907.299 rows=61581 loops=1)
                    Buckets: 65536  Batches: 1  Memory Usage: 2677kB
                    ->  Seq Scan on title t  (cost=0.00..73925.90 rows=61205 width=4) (actual time=53.296..882.932 rows=61581 loops=1)
                          Filter: ((production_year > 2011) AND (kind_id = 1))
                          Rows Removed by Filter: 2466731
Planning time: 0.718 ms
Execution time: 2254.928 ms
