Nested Loop  (cost=0.43..77172.26 rows=1 width=0) (actual time=977.145..1162.738 rows=1 loops=1)
  Join Filter: (mc.movie_id = t.id)
  ->  Nested Loop  (cost=0.00..77163.89 rows=1 width=8) (actual time=977.038..1162.629 rows=1 loops=1)
        Join Filter: (mc.movie_id = mi_idx.movie_id)
        Rows Removed by Join Filter: 43419
        ->  Seq Scan on movie_info_idx mi_idx  (cost=0.00..25185.44 rows=368 width=4) (actual time=253.554..438.729 rows=260 loops=1)
              Filter: (info_type_id > 101)
              Rows Removed by Filter: 1379775
        ->  Materialize  (cost=0.00..51404.63 rows=104 width=4) (actual time=0.000..2.755 rows=167 loops=260)
              ->  Seq Scan on movie_companies mc  (cost=0.00..51404.11 rows=104 width=4) (actual time=0.039..712.337 rows=167 loops=1)
                    Filter: (company_id = 73622)
                    Rows Removed by Filter: 2608962
  ->  Index Only Scan using title_pkey on title t  (cost=0.43..8.36 rows=1 width=4) (actual time=0.079..0.081 rows=1 loops=1)
        Index Cond: (id = mi_idx.movie_id)
        Heap Fetches: 1
Planning time: 1.014 ms
Execution time: 1162.809 ms
