Nested Loop  (cost=0.43..83071.67 rows=246 width=0) (actual time=0.207..1152.122 rows=122 loops=1)
  ->  Seq Scan on movie_keyword mk  (cost=0.00..81003.12 rows=246 width=4) (actual time=0.127..1148.293 rows=122 loops=1)
        Filter: (keyword_id = 5710)
        Rows Removed by Filter: 4523808
  ->  Index Only Scan using title_pkey on title t  (cost=0.43..8.40 rows=1 width=4) (actual time=0.028..0.028 rows=1 loops=122)
        Index Cond: (id = mk.movie_id)
        Heap Fetches: 122
Planning time: 0.724 ms
Execution time: 1152.251 ms
