Hash Join  (cost=491650.71..1301752.49 rows=235685 width=0) (actual time=10469.933..19212.039 rows=671544 loops=1)
  Hash Cond: (ci.movie_id = t.id)
  ->  Seq Scan on cast_info ci  (cost=0.00..796071.18 rows=735934 width=4) (actual time=2435.909..10261.270 rows=1455408 loops=1)
        Filter: ((person_id < 199740) AND (role_id < 2))
        Rows Removed by Filter: 34788936
  ->  Hash  (cost=478364.61..478364.61 rows=809768 width=8) (actual time=8032.925..8032.925 rows=802140 loops=1)
        Buckets: 131072  Batches: 16  Memory Usage: 2973kB
        ->  Hash Join  (cost=102767.86..478364.61 rows=809768 width=8) (actual time=4208.489..7794.717 rows=802140 loops=1)
              Hash Cond: (mi.movie_id = t.id)
              ->  Seq Scan on movie_info mi  (cost=0.00..346232.03 rows=809768 width=4) (actual time=2277.787..4785.964 rows=802140 loops=1)
                    Filter: (info_type_id < 2)
                    Rows Removed by Filter: 14033580
              ->  Hash  (cost=61283.27..61283.27 rows=2528527 width=4) (actual time=1929.646..1929.646 rows=2528312 loops=1)
                    Buckets: 131072  Batches: 64  Memory Usage: 2425kB
                    ->  Seq Scan on title t  (cost=0.00..61283.27 rows=2528527 width=4) (actual time=0.019..1070.525 rows=2528312 loops=1)
Planning time: 1.013 ms
Execution time: 19279.072 ms
