Hash Join  (cost=79110.05..578567.08 rows=1841610 width=0) (actual time=1131.207..14844.393 rows=4844028 loops=1)
  Hash Cond: (mi.movie_id = t.id)
  ->  Seq Scan on movie_info mi  (cost=0.00..309384.22 rows=14739122 width=4) (actual time=0.021..5289.345 rows=14835720 loops=1)
  ->  Hash  (cost=73925.90..73925.90 rows=315932 width=4) (actual time=1129.630..1129.630 rows=433359 loops=1)
        Buckets: 131072  Batches: 8  Memory Usage: 2946kB
        ->  Seq Scan on title t  (cost=0.00..73925.90 rows=315932 width=4) (actual time=0.063..984.972 rows=433359 loops=1)
              Filter: ((kind_id < 7) AND (production_year < 1995))
              Rows Removed by Filter: 2094953
Planning time: 0.737 ms
Execution time: 15377.347 ms
