Seq Scan on movie_keyword mk  (cost=0.00..81003.12 rows=246 width=0) (actual time=14.355..1241.616 rows=117 loops=1)
  Filter: (keyword_id = 31052)
  Rows Removed by Filter: 4523813
Planning time: 0.314 ms
Execution time: 1241.773 ms
