Seq Scan on movie_keyword mk  (cost=0.00..81003.12 rows=756700 width=0) (actual time=0.027..1076.450 rows=763962 loops=1)
  Filter: (keyword_id > 24514)
  Rows Removed by Filter: 3759968
Planning time: 0.294 ms
Execution time: 1167.382 ms
