Nested Loop  (cost=0.43..150060.35 rows=4562 width=0) (actual time=3.399..1157.389 rows=5492 loops=1)
  ->  Seq Scan on movie_keyword mk  (cost=0.00..81003.12 rows=10707 width=4) (actual time=3.343..1002.748 rows=9226 loops=1)
        Filter: (keyword_id = 875)
        Rows Removed by Filter: 4514704
  ->  Index Scan using title_pkey on title t  (cost=0.43..6.44 rows=1 width=4) (actual time=0.016..0.016 rows=1 loops=9226)
        Index Cond: (id = mk.movie_id)
        Filter: (production_year < 2001)
        Rows Removed by Filter: 0
Planning time: 0.473 ms
Execution time: 1159.058 ms
