Seq Scan on movie_keyword mk  (cost=0.00..81003.12 rows=4492190 width=0) (actual time=0.024..1595.469 rows=4496771 loops=1)
  Filter: (keyword_id > 23)
  Rows Removed by Filter: 27159
Planning time: 0.295 ms
Execution time: 2156.279 ms
