Hash Join  (cost=908558.50..1405649.99 rows=1619957 width=0) (actual time=16055.475..26988.258 rows=961555 loops=1)
  Hash Cond: (mi.movie_id = t.id)
  ->  Seq Scan on movie_info mi  (cost=0.00..309384.22 rows=14739122 width=4) (actual time=0.029..5322.877 rows=14835720 loops=1)
  ->  Hash  (cost=903998.66..903998.66 rows=277907 width=8) (actual time=16053.622..16053.622 rows=62105 loops=1)
        Buckets: 131072  Batches: 4  Memory Usage: 1640kB
        ->  Hash Join  (cost=71711.64..903998.66 rows=277907 width=8) (actual time=3536.709..16032.166 rows=62105 loops=1)
              Hash Cond: (ci.movie_id = t.id)
              ->  Seq Scan on cast_info ci  (cost=0.00..796071.18 rows=2807139 width=4) (actual time=2533.707..13788.235 rows=1648281 loops=1)
                    Filter: ((person_id < 2627527) AND (role_id = 3))
                    Rows Removed by Filter: 34596063
              ->  Hash  (cost=67604.59..67604.59 rows=250324 width=4) (actual time=999.667..999.667 rows=252521 loops=1)
                    Buckets: 131072  Batches: 4  Memory Usage: 3244kB
                    ->  Seq Scan on title t  (cost=0.00..67604.59 rows=250324 width=4) (actual time=0.037..919.300 rows=252521 loops=1)
                          Filter: (production_year < 1961)
                          Rows Removed by Filter: 2275791
Planning time: 2.310 ms
Execution time: 27093.942 ms
