Seq Scan on movie_keyword mk  (cost=0.00..81003.12 rows=2246416 width=0) (actual time=0.026..1427.775 rows=2248999 loops=1)
  Filter: (keyword_id < 4630)
  Rows Removed by Filter: 2274931
Planning time: 0.353 ms
Execution time: 1716.758 ms
