Hash Join  (cost=100918.31..902798.11 rows=12517 width=0) (actual time=1674.893..13318.233 rows=26839 loops=1)
  Hash Cond: (ci.movie_id = t.id)
  ->  Seq Scan on cast_info ci  (cost=0.00..796071.18 rows=1515587 width=4) (actual time=0.026..11076.094 rows=2466182 loops=1)
        Filter: ((person_id > 2277819) AND (role_id = 3))
        Rows Removed by Filter: 33778162
  ->  Hash  (cost=100657.29..100657.29 rows=20882 width=8) (actual time=1674.648..1674.648 rows=27850 loops=1)
        Buckets: 32768  Batches: 1  Memory Usage: 1344kB
        ->  Hash Join  (cost=69484.36..100657.29 rows=20882 width=8) (actual time=1195.213..1663.745 rows=27850 loops=1)
              Hash Cond: (mi_idx.movie_id = t.id)
              ->  Seq Scan on movie_info_idx mi_idx  (cost=0.00..25185.44 rows=460978 width=4) (actual time=0.020..436.634 rows=459925 loops=1)
                    Filter: (info_type_id < 100)
                    Rows Removed by Filter: 920110
              ->  Hash  (cost=67604.59..67604.59 rows=114542 width=4) (actual time=1022.908..1022.908 rows=118234 loops=1)
                    Buckets: 131072  Batches: 2  Memory Usage: 3101kB
                    ->  Seq Scan on title t  (cost=0.00..67604.59 rows=114542 width=4) (actual time=502.021..981.257 rows=118234 loops=1)
                          Filter: (kind_id = 4)
                          Rows Removed by Filter: 2410078
Planning time: 2.024 ms
Execution time: 13322.792 ms
