Hash Join  (cost=356255.66..2117256.16 rows=57565529 width=0) (actual time=8305.523..86725.424 rows=191426108 loops=1)
  Hash Cond: (ci.movie_id = t.id)
  ->  Seq Scan on cast_info ci  (cost=0.00..614943.12 rows=36225612 width=4) (actual time=0.014..12195.972 rows=36244344 loops=1)
  ->  Hash  (cost=290334.15..290334.15 rows=4018041 width=8) (actual time=8303.348..8303.348 rows=4026243 loops=1)
        Buckets: 131072  Batches: 64  Memory Usage: 3501kB
        ->  Hash Join  (cost=102767.86..290334.15 rows=4018041 width=8) (actual time=1888.901..7083.213 rows=4026243 loops=1)
              Hash Cond: (mk.movie_id = t.id)
              ->  Seq Scan on movie_keyword mk  (cost=0.00..81003.12 rows=4018041 width=4) (actual time=0.017..1709.722 rows=4026243 loops=1)
                    Filter: (keyword_id < 36234)
                    Rows Removed by Filter: 497687
              ->  Hash  (cost=61283.27..61283.27 rows=2528527 width=4) (actual time=1886.496..1886.496 rows=2528312 loops=1)
                    Buckets: 131072  Batches: 64  Memory Usage: 2425kB
                    ->  Seq Scan on title t  (cost=0.00..61283.27 rows=2528527 width=4) (actual time=0.018..995.254 rows=2528312 loops=1)
Planning time: 1.078 ms
Execution time: 107193.383 ms
