Hash Join  (cost=102767.86..1180440.26 rows=11292383 width=0) (actual time=1723.978..20760.784 rows=5870914 loops=1)
  Hash Cond: (ci.movie_id = t.id)
  ->  Seq Scan on cast_info ci  (cost=0.00..796071.18 rows=11292383 width=4) (actual time=4.783..13968.544 rows=5870914 loops=1)
        Filter: ((person_id < 2607452) AND (role_id > 2))
        Rows Removed by Filter: 30373430
  ->  Hash  (cost=61283.27..61283.27 rows=2528527 width=4) (actual time=1717.601..1717.601 rows=2528312 loops=1)
        Buckets: 131072  Batches: 64  Memory Usage: 2415kB
        ->  Seq Scan on title t  (cost=0.00..61283.27 rows=2528527 width=4) (actual time=0.072..860.159 rows=2528312 loops=1)
Planning time: 0.703 ms
Execution time: 21386.324 ms
