Seq Scan on movie_keyword mk  (cost=0.00..81003.12 rows=246 width=0) (actual time=7.979..1120.216 rows=106 loops=1)
  Filter: (keyword_id = 35089)
  Rows Removed by Filter: 4523824
Planning time: 0.327 ms
Execution time: 1120.404 ms
