Hash Join  (cost=83074.66..109989.03 rows=26 width=0) (actual time=1281.024..1619.919 rows=3 loops=1)
  Hash Cond: (mi_idx.movie_id = t.id)
  ->  Seq Scan on movie_info_idx mi_idx  (cost=0.00..25185.44 rows=460978 width=4) (actual time=0.011..429.082 rows=459925 loops=1)
        Filter: (info_type_id = 99)
        Rows Removed by Filter: 920110
  ->  Hash  (cost=83072.90..83072.90 rows=141 width=8) (actual time=1126.351..1126.351 rows=5 loops=1)
        Buckets: 1024  Batches: 1  Memory Usage: 9kB
        ->  Nested Loop  (cost=0.43..83072.90 rows=141 width=8) (actual time=559.057..1126.340 rows=5 loops=1)
              ->  Seq Scan on movie_keyword mk  (cost=0.00..81003.12 rows=246 width=4) (actual time=81.046..1125.692 rows=12 loops=1)
                    Filter: (keyword_id = 15613)
                    Rows Removed by Filter: 4523918
              ->  Index Scan using title_pkey on title t  (cost=0.43..8.40 rows=1 width=4) (actual time=0.049..0.049 rows=0 loops=12)
                    Index Cond: (id = mk.movie_id)
                    Filter: ((production_year > 1920) AND (kind_id = 7))
                    Rows Removed by Filter: 1
Planning time: 0.751 ms
Execution time: 1620.033 ms
