Seq Scan on movie_keyword mk  (cost=0.00..81003.12 rows=1232744 width=0) (actual time=0.023..1215.146 rows=1244720 loops=1)
  Filter: (keyword_id > 14520)
  Rows Removed by Filter: 3279210
Planning time: 1.317 ms
Execution time: 1372.987 ms
