Seq Scan on movie_keyword mk  (cost=0.00..81003.12 rows=1533585 width=0) (actual time=0.019..1380.211 rows=1544143 loops=1)
  Filter: (keyword_id < 2276)
  Rows Removed by Filter: 2979787
Planning time: 0.346 ms
Execution time: 1580.324 ms
