Hash Join  (cost=74341.98..912419.50 rows=142460 width=0) (actual time=1823.587..14049.529 rows=106653 loops=1)
  Hash Cond: (ci.movie_id = t.id)
  ->  Seq Scan on cast_info ci  (cost=0.00..796071.18 rows=10821798 width=4) (actual time=1012.111..11562.048 rows=8210265 loops=1)
        Filter: ((person_id > 1633959) AND (role_id < 3))
        Rows Removed by Filter: 28034079
  ->  Hash  (cost=73925.90..73925.90 rows=33286 width=4) (actual time=811.061..811.061 rows=28113 loops=1)
        Buckets: 65536  Batches: 1  Memory Usage: 1501kB
        ->  Seq Scan on title t  (cost=0.00..73925.90 rows=33286 width=4) (actual time=0.178..800.532 rows=28113 loops=1)
              Filter: ((kind_id < 7) AND (production_year = 2004))
              Rows Removed by Filter: 2500199
Planning time: 1.175 ms
Execution time: 14065.102 ms
