Hash Join  (cost=74173.24..101191.71 rows=10799 width=144) (actual time=1371.354..1981.931 rows=21002 loops=1)
  Hash Cond: (mi_idx.movie_id = t.id)
  ->  Seq Scan on movie_info_idx mi_idx  (cost=0.00..21735.35 rows=1380035 width=50) (actual time=0.013..297.075 rows=1380035 loops=1)
  ->  Hash  (cost=73925.90..73925.90 rows=19787 width=94) (actual time=1370.303..1370.303 rows=15791 loops=1)
        Buckets: 32768  Batches: 1  Memory Usage: 2007kB
        ->  Seq Scan on title t  (cost=0.00..73925.90 rows=19787 width=94) (actual time=0.125..1363.220 rows=15791 loops=1)
              Filter: ((kind_id < 7) AND (production_year = 1999))
              Rows Removed by Filter: 2512521
Planning time: 0.872 ms
Execution time: 1983.366 ms
