Hash Join  (cost=80135.37..456506.83 rows=328462 width=0) (actual time=2779.185..8209.204 rows=775174 loops=1)
  Hash Cond: (mi.movie_id = t.id)
  ->  Seq Scan on movie_info mi  (cost=0.00..346232.03 rows=2194617 width=4) (actual time=1320.732..5732.320 rows=2233850 loops=1)
        Filter: (info_type_id > 16)
        Rows Removed by Filter: 12601870
  ->  Hash  (cost=73925.90..73925.90 rows=378437 width=4) (actual time=1285.829..1285.829 rows=282115 loops=1)
        Buckets: 131072  Batches: 8  Memory Usage: 2273kB
        ->  Seq Scan on title t  (cost=0.00..73925.90 rows=378437 width=4) (actual time=186.939..1189.551 rows=282115 loops=1)
              Filter: ((production_year > 1999) AND (kind_id = 1))
              Rows Removed by Filter: 2246197
Planning time: 0.723 ms
Execution time: 8297.262 ms
