Hash Join  (cost=1018504.83..4865951.73 rows=205819979 width=0) (actual time=25169.283..172402.455 rows=438415884 loops=1)
  Hash Cond: (ci.movie_id = t.id)
  ->  Seq Scan on cast_info ci  (cost=0.00..705507.15 rows=35308845 width=4) (actual time=0.015..17638.666 rows=35292320 loops=1)
        Filter: (person_id < 3879318)
        Rows Removed by Filter: 952024
  ->  Hash  (cost=776690.81..776690.81 rows=14739122 width=8) (actual time=25168.485..25168.485 rows=14835720 loops=1)
        Buckets: 131072  Batches: 256  Memory Usage: 3268kB
        ->  Hash Join  (cost=102767.86..776690.81 rows=14739122 width=8) (actual time=2016.953..20847.304 rows=14835720 loops=1)
              Hash Cond: (mi.movie_id = t.id)
              ->  Seq Scan on movie_info mi  (cost=0.00..309384.22 rows=14739122 width=4) (actual time=0.026..6229.378 rows=14835720 loops=1)
              ->  Hash  (cost=61283.27..61283.27 rows=2528527 width=4) (actual time=2015.797..2015.797 rows=2528312 loops=1)
                    Buckets: 131072  Batches: 64  Memory Usage: 2425kB
                    ->  Seq Scan on title t  (cost=0.00..61283.27 rows=2528527 width=4) (actual time=0.035..1178.799 rows=2528312 loops=1)
Planning time: 1.173 ms
Execution time: 217947.288 ms
