Hash Join  (cost=97725.07..1036244.62 rows=4893066 width=0) (actual time=2289.246..20795.029 rows=5265778 loops=1)
  Hash Cond: (ci.movie_id = t.id)
  ->  Seq Scan on cast_info ci  (cost=0.00..796071.18 rows=6739142 width=4) (actual time=529.641..12791.093 rows=7305934 loops=1)
        Filter: ((person_id < 740497) AND (role_id < 10))
        Rows Removed by Filter: 28938410
  ->  Hash  (cost=67604.59..67604.59 rows=1835879 width=4) (actual time=1758.744..1758.744 rows=1833367 loops=1)
        Buckets: 131072  Batches: 32  Memory Usage: 3045kB
        ->  Seq Scan on title t  (cost=0.00..67604.59 rows=1835879 width=4) (actual time=0.050..1145.235 rows=1833367 loops=1)
              Filter: (production_year > 1986)
              Rows Removed by Filter: 694945
Planning time: 0.803 ms
Execution time: 21413.597 ms
