Hash Join  (cost=83074.74..442900.14 rows=353 width=0) (actual time=1713.622..7645.338 rows=193 loops=1)
  Hash Cond: (mi.movie_id = t.id)
  ->  Seq Scan on movie_info mi  (cost=0.00..346232.03 rows=3623957 width=4) (actual time=377.965..5845.228 rows=3624977 loops=1)
        Filter: (info_type_id < 4)
        Rows Removed by Filter: 11210743
  ->  Hash  (cost=83071.67..83071.67 rows=246 width=8) (actual time=1303.885..1303.885 rows=79 loops=1)
        Buckets: 1024  Batches: 1  Memory Usage: 12kB
        ->  Nested Loop  (cost=0.43..83071.67 rows=246 width=8) (actual time=57.865..1303.772 rows=79 loops=1)
              ->  Seq Scan on movie_keyword mk  (cost=0.00..81003.12 rows=246 width=4) (actual time=57.765..1301.559 rows=79 loops=1)
                    Filter: (keyword_id = 10009)
                    Rows Removed by Filter: 4523851
              ->  Index Only Scan using title_pkey on title t  (cost=0.43..8.40 rows=1 width=4) (actual time=0.024..0.024 rows=1 loops=79)
                    Index Cond: (id = mk.movie_id)
                    Heap Fetches: 79
Planning time: 1.214 ms
Execution time: 7645.530 ms
