Hash Join  (cost=74539.83..101516.44 rows=8821 width=0) (actual time=1419.337..2017.397 rows=3449 loops=1)
  Hash Cond: (mi_idx.movie_id = t.id)
  ->  Seq Scan on movie_info_idx mi_idx  (cost=0.00..25185.44 rows=454124 width=4) (actual time=0.024..454.470 rows=459925 loops=1)
        Filter: (info_type_id = 100)
        Rows Removed by Filter: 920110
  ->  Hash  (cost=73925.90..73925.90 rows=49114 width=4) (actual time=1418.220..1418.220 rows=45321 loops=1)
        Buckets: 65536  Batches: 1  Memory Usage: 2106kB
        ->  Seq Scan on title t  (cost=0.00..73925.90 rows=49114 width=4) (actual time=0.038..1398.821 rows=45321 loops=1)
              Filter: ((kind_id > 1) AND (production_year > 2012))
              Rows Removed by Filter: 2482991
Planning time: 0.795 ms
Execution time: 2018.147 ms
