Hash Join  (cost=77280.64..114636.70 rows=74316 width=0) (actual time=1173.417..2160.376 rows=169127 loops=1)
  Hash Cond: (mi_idx.movie_id = t.id)
  ->  Seq Scan on movie_info_idx mi_idx  (cost=0.00..25185.44 rows=919057 width=4) (actual time=0.022..524.256 rows=920110 loops=1)
        Filter: (info_type_id > 99)
        Rows Removed by Filter: 459925
  ->  Hash  (cost=73925.90..73925.90 rows=204459 width=4) (actual time=1171.943..1171.943 rows=313929 loops=1)
        Buckets: 131072  Batches: 4  Memory Usage: 3786kB
        ->  Seq Scan on title t  (cost=0.00..73925.90 rows=204459 width=4) (actual time=0.021..1070.907 rows=313929 loops=1)
              Filter: ((kind_id < 7) AND (production_year < 1981))
              Rows Removed by Filter: 2214383
Planning time: 0.730 ms
Execution time: 2178.837 ms
