Hash Join  (cost=96356.06..480037.39 rows=1074298 width=0) (actual time=2334.128..8925.525 rows=976338 loops=1)
  Hash Cond: (mi.movie_id = t.id)
  ->  Seq Scan on movie_info mi  (cost=0.00..346232.03 rows=1550064 width=4) (actual time=302.608..5374.033 rows=1533909 loops=1)
        Filter: (info_type_id = 3)
        Rows Removed by Filter: 13301811
  ->  Hash  (cost=67604.59..67604.59 rows=1752438 width=4) (actual time=2030.583..2030.583 rows=1749032 loops=1)
        Buckets: 131072  Batches: 32  Memory Usage: 2958kB
        ->  Seq Scan on title t  (cost=0.00..67604.59 rows=1752438 width=4) (actual time=0.028..1432.377 rows=1749032 loops=1)
              Filter: (production_year > 1990)
              Rows Removed by Filter: 779280
Planning time: 0.737 ms
Execution time: 9036.618 ms
