Seq Scan on cast_info ci  (cost=0.00..705507.15 rows=23153728 width=0) (actual time=0.018..12084.018 rows=23216807 loops=1)
  Filter: (person_id > 1287094)
  Rows Removed by Filter: 13027537
Planning time: 0.322 ms
Execution time: 14756.763 ms
