Hash Join  (cost=299355.01..1281230.29 rows=7643934 width=0) (actual time=10290.164..27002.240 rows=3355716 loops=1)
  Hash Cond: (ci.movie_id = t.id)
  ->  Seq Scan on cast_info ci  (cost=0.00..796071.18 rows=7011162 width=4) (actual time=4283.307..16359.944 rows=7451802 loops=1)
        Filter: ((person_id > 134863) AND (role_id = 2))
        Rows Removed by Filter: 28792542
  ->  Hash  (cost=254126.86..254126.86 rows=2756732 width=8) (actual time=6005.448..6005.448 rows=645461 loops=1)
        Buckets: 131072  Batches: 64  Memory Usage: 1402kB
        ->  Hash Join  (cost=92883.59..254126.86 rows=2756732 width=8) (actual time=2260.569..5830.117 rows=645461 loops=1)
              Hash Cond: (mk.movie_id = t.id)
              ->  Seq Scan on movie_keyword mk  (cost=0.00..69693.30 rows=4523930 width=4) (actual time=0.026..1298.630 rows=4523930 loops=1)
              ->  Hash  (cost=67604.59..67604.59 rows=1540800 width=4) (actual time=2259.304..2259.304 rows=1543264 loops=1)
                    Buckets: 131072  Batches: 32  Memory Usage: 2728kB
                    ->  Seq Scan on title t  (cost=0.00..67604.59 rows=1540800 width=4) (actual time=118.586..1230.323 rows=1543264 loops=1)
                          Filter: (kind_id = 7)
                          Rows Removed by Filter: 985048
Planning time: 1.195 ms
Execution time: 27409.156 ms
