Hash Join  (cost=165811.79..656026.24 rows=975453 width=0) (actual time=3301.462..16319.146 rows=3155214 loops=1)
  Hash Cond: (mi.movie_id = t.id)
  ->  Seq Scan on movie_info mi  (cost=0.00..309384.22 rows=14739122 width=4) (actual time=0.018..5817.569 rows=14835720 loops=1)
  ->  Hash  (cost=163066.02..163066.02 rows=167341 width=8) (actual time=3299.920..3299.920 rows=168099 loops=1)
        Buckets: 131072  Batches: 4  Memory Usage: 2677kB
        ->  Hash Join  (cost=99591.38..163066.02 rows=167341 width=8) (actual time=1984.166..3252.599 rows=168099 loops=1)
              Hash Cond: (mc.movie_id = t.id)
              ->  Seq Scan on movie_companies mc  (cost=0.00..51404.11 rows=217025 width=4) (actual time=0.048..826.809 rows=218412 loops=1)
                    Filter: (company_id > 108363)
                    Rows Removed by Filter: 2390717
              ->  Hash  (cost=67604.59..67604.59 rows=1949663 width=4) (actual time=1982.748..1982.748 rows=1947263 loops=1)
                    Buckets: 131072  Batches: 32  Memory Usage: 3171kB
                    ->  Seq Scan on title t  (cost=0.00..67604.59 rows=1949663 width=4) (actual time=0.017..1370.509 rows=1947263 loops=1)
                          Filter: (production_year > 1979)
                          Rows Removed by Filter: 581049
Planning time: 1.383 ms
Execution time: 16675.035 ms
