Seq Scan on movie_companies mc  (cost=0.00..57926.93 rows=118093 width=0) (actual time=0.030..826.518 rows=52390 loops=1)
  Filter: ((company_id < 91) AND (company_type_id > 1))
  Rows Removed by Filter: 2556739
Planning time: 0.322 ms
Execution time: 833.772 ms
