Seq Scan on movie_keyword mk  (cost=0.00..81003.12 rows=538474 width=0) (actual time=0.030..1400.983 rows=531230 loops=1)
  Filter: (keyword_id > 34361)
  Rows Removed by Filter: 3992700
Planning time: 0.311 ms
Execution time: 1469.809 ms
