Hash Join  (cost=82699.12..964355.26 rows=2691327 width=0) (actual time=1381.408..23852.830 rows=2476178 loops=1)
  Hash Cond: (ci.movie_id = t.id)
  ->  Seq Scan on cast_info ci  (cost=0.00..705507.15 rows=12726058 width=4) (actual time=0.014..14188.462 rows=12670688 loops=1)
        Filter: (role_id = 1)
        Rows Removed by Filter: 23573656
  ->  Hash  (cost=73925.90..73925.90 rows=534737 width=4) (actual time=1380.334..1380.334 rows=408101 loops=1)
        Buckets: 131072  Batches: 8  Memory Usage: 2825kB
        ->  Seq Scan on title t  (cost=0.00..73925.90 rows=534737 width=4) (actual time=431.301..1249.026 rows=408101 loops=1)
              Filter: ((production_year > 1974) AND (kind_id = 1))
              Rows Removed by Filter: 2120211
Planning time: 0.763 ms
Execution time: 24140.628 ms
