Hash Join  (cost=161551.43..546543.86 rows=191261 width=0) (actual time=3000.775..12315.340 rows=5325048 loops=1)
  Hash Cond: (mi.movie_id = t.id)
  ->  Seq Scan on movie_info mi  (cost=0.00..309384.22 rows=14739122 width=4) (actual time=0.017..4380.378 rows=14835720 loops=1)
  ->  Hash  (cost=161141.29..161141.29 rows=32811 width=8) (actual time=3000.118..3000.118 rows=78521 loops=1)
        Buckets: 131072 (originally 65536)  Batches: 1 (originally 1)  Memory Usage: 4092kB
        ->  Hash Join  (cost=74155.14..161141.29 rows=32811 width=8) (actual time=1078.534..2973.202 rows=78521 loops=1)
              Hash Cond: (mk.movie_id = t.id)
              ->  Seq Scan on movie_keyword mk  (cost=0.00..69693.30 rows=4523930 width=4) (actual time=0.021..997.902 rows=4523930 loops=1)
              ->  Hash  (cost=73925.90..73925.90 rows=18339 width=4) (actual time=1078.113..1078.113 rows=14449 loops=1)
                    Buckets: 32768  Batches: 1  Memory Usage: 764kB
                    ->  Seq Scan on title t  (cost=0.00..73925.90 rows=18339 width=4) (actual time=0.030..1071.220 rows=14449 loops=1)
                          Filter: ((kind_id < 7) AND (production_year = 1998))
                          Rows Removed by Filter: 2513863
Planning time: 5.104 ms
Execution time: 12971.373 ms
