Seq Scan on movie_companies mc  (cost=0.00..51404.11 rows=496818 width=0) (actual time=0.034..945.557 rows=492894 loops=1)
  Filter: (company_id < 436)
  Rows Removed by Filter: 2116235
Planning time: 1.298 ms
Execution time: 1007.369 ms
