Hash Join  (cost=161973.64..547800.74 rows=274727 width=0) (actual time=3229.831..11883.092 rows=1978766 loops=1)
  Hash Cond: (mi.movie_id = t.id)
  ->  Seq Scan on movie_info mi  (cost=0.00..309384.22 rows=14739122 width=4) (actual time=0.022..4553.848 rows=14835720 loops=1)
  ->  Hash  (cost=161384.52..161384.52 rows=47130 width=8) (actual time=3163.574..3163.574 rows=55651 loops=1)
        Buckets: 65536  Batches: 1  Memory Usage: 2686kB
        ->  Hash Join  (cost=74255.18..161384.52 rows=47130 width=8) (actual time=2208.592..3145.717 rows=55651 loops=1)
              Hash Cond: (mk.movie_id = t.id)
              ->  Seq Scan on movie_keyword mk  (cost=0.00..69693.30 rows=4523930 width=4) (actual time=0.019..1106.200 rows=4523930 loops=1)
              ->  Hash  (cost=73925.90..73925.90 rows=26342 width=4) (actual time=1169.484..1169.484 rows=25652 loops=1)
                    Buckets: 32768  Batches: 1  Memory Usage: 1158kB
                    ->  Seq Scan on title t  (cost=0.00..73925.90 rows=26342 width=4) (actual time=16.933..1158.389 rows=25652 loops=1)
                          Filter: ((production_year < 1992) AND (kind_id = 2))
                          Rows Removed by Filter: 2502660
Planning time: 1.175 ms
Execution time: 12115.116 ms
