Hash Join  (cost=172417.20..649265.51 rows=1905912 width=0) (actual time=4141.298..16123.553 rows=1940207 loops=1)
  Hash Cond: (mi.movie_id = t.id)
  ->  Seq Scan on movie_info mi  (cost=0.00..346232.03 rows=9476311 width=4) (actual time=0.024..6777.051 rows=9565151 loops=1)
        Filter: (info_type_id < 16)
        Rows Removed by Filter: 5270569
  ->  Hash  (cost=164073.36..164073.36 rows=508547 width=8) (actual time=3499.837..3499.837 rows=302787 loops=1)
        Buckets: 131072  Batches: 8  Memory Usage: 2505kB
        ->  Hash Join  (cost=82012.37..164073.36 rows=508547 width=8) (actual time=1205.390..3398.438 rows=302787 loops=1)
              Hash Cond: (mc.movie_id = t.id)
              ->  Seq Scan on movie_companies mc  (cost=0.00..44881.29 rows=2609129 width=4) (actual time=0.019..845.597 rows=2609129 loops=1)
              ->  Hash  (cost=73925.90..73925.90 rows=492837 width=4) (actual time=1204.510..1204.510 rows=379345 loops=1)
                    Buckets: 131072  Batches: 8  Memory Usage: 2677kB
                    ->  Seq Scan on title t  (cost=0.00..73925.90 rows=492837 width=4) (actual time=0.011..1081.767 rows=379345 loops=1)
                          Filter: ((production_year < 1995) AND (kind_id = 7))
                          Rows Removed by Filter: 2148967
Planning time: 1.138 ms
Execution time: 16341.543 ms
