Hash Join  (cost=102767.86..1297436.59 rows=19918251 width=0) (actual time=1924.095..33358.744 rows=19798547 loops=1)
  Hash Cond: (ci.movie_id = t.id)
  ->  Seq Scan on cast_info ci  (cost=0.00..705507.15 rows=19918251 width=4) (actual time=0.014..14425.317 rows=19798547 loops=1)
        Filter: (person_id < 1986153)
        Rows Removed by Filter: 16445797
  ->  Hash  (cost=61283.27..61283.27 rows=2528527 width=4) (actual time=1921.380..1921.380 rows=2528312 loops=1)
        Buckets: 131072  Batches: 64  Memory Usage: 2415kB
        ->  Seq Scan on title t  (cost=0.00..61283.27 rows=2528527 width=4) (actual time=0.011..1067.109 rows=2528312 loops=1)
Planning time: 0.592 ms
Execution time: 35695.816 ms
