Hash Join  (cost=28268.36..392931.92 rows=766 width=0) (actual time=418.671..6907.469 rows=13626 loops=1)
  Hash Cond: (mi.movie_id = t.id)
  ->  Seq Scan on movie_info mi  (cost=0.00..309384.22 rows=14739122 width=4) (actual time=0.019..3894.751 rows=14835720 loops=1)
  ->  Hash  (cost=28266.72..28266.72 rows=131 width=8) (actual time=392.093..392.093 rows=41 loops=1)
        Buckets: 1024  Batches: 1  Memory Usage: 10kB
        ->  Nested Loop  (cost=0.43..28266.72 rows=131 width=8) (actual time=326.716..392.055 rows=41 loops=1)
              ->  Seq Scan on movie_info_idx mi_idx  (cost=0.00..25185.44 rows=368 width=4) (actual time=326.518..386.652 rows=260 loops=1)
                    Filter: (info_type_id > 101)
                    Rows Removed by Filter: 1379775
              ->  Index Scan using title_pkey on title t  (cost=0.43..8.36 rows=1 width=4) (actual time=0.020..0.020 rows=0 loops=260)
                    Index Cond: (id = mi_idx.movie_id)
                    Filter: (production_year > 2006)
                    Rows Removed by Filter: 1
Planning time: 1.968 ms
Execution time: 6909.530 ms
