Hash Join  (cost=75818.69..118199.64 rows=273247 width=0) (actual time=1212.259..2429.545 rows=307019 loops=1)
  Hash Cond: (mi_idx.movie_id = t.id)
  ->  Seq Scan on movie_info_idx mi_idx  (cost=0.00..21735.35 rows=1380035 width=4) (actual time=0.021..418.665 rows=1380035 loops=1)
  ->  Hash  (cost=67604.59..67604.59 rows=500648 width=4) (actual time=1211.149..1211.149 rows=494029 loops=1)
        Buckets: 131072  Batches: 8  Memory Usage: 3188kB
        ->  Seq Scan on title t  (cost=0.00..67604.59 rows=500648 width=4) (actual time=0.006..1052.008 rows=494029 loops=1)
              Filter: (production_year < 1979)
              Rows Removed by Filter: 2034283
Planning time: 0.532 ms
Execution time: 2470.109 ms
