Seq Scan on cast_info ci  (cost=0.00..705507.15 rows=500 width=0) (actual time=1792.246..10744.646 rows=548 loops=1)
  Filter: (person_id = 1248690)
  Rows Removed by Filter: 36243796
Planning time: 0.291 ms
Execution time: 10744.785 ms
