Nested Loop  (cost=0.43..796747.98 rows=31 width=0) (actual time=3605.762..10720.380 rows=3 loops=1)
  ->  Seq Scan on cast_info ci  (cost=0.00..796071.18 rows=80 width=4) (actual time=3603.952..10715.209 rows=263 loops=1)
        Filter: ((role_id > 8) AND (person_id = 3815950))
        Rows Removed by Filter: 36244081
  ->  Index Scan using title_pkey on title t  (cost=0.43..8.45 rows=1 width=4) (actual time=0.019..0.019 rows=0 loops=263)
        Index Cond: (id = ci.movie_id)
        Filter: (kind_id < 7)
        Rows Removed by Filter: 1
Planning time: 0.745 ms
Execution time: 10720.514 ms
