Hash Join  (cost=160364.78..1248107.63 rows=2970759 width=0) (actual time=3268.818..33395.287 rows=2741782 loops=1)
  Hash Cond: (ci.movie_id = t.id)
  ->  Seq Scan on cast_info ci  (cost=0.00..705507.15 rows=30405364 width=4) (actual time=0.024..16996.884 rows=30511650 loops=1)
        Filter: (role_id < 9)
        Rows Removed by Filter: 5732694
  ->  Hash  (cost=156310.65..156310.65 rows=247050 width=8) (actual time=3267.738..3267.738 rows=106005 loops=1)
        Buckets: 131072  Batches: 4  Memory Usage: 2072kB
        ->  Hash Join  (cost=77854.63..156310.65 rows=247050 width=8) (actual time=1467.196..3231.359 rows=106005 loops=1)
              Hash Cond: (mc.movie_id = t.id)
              ->  Seq Scan on movie_companies mc  (cost=0.00..44881.29 rows=2609129 width=4) (actual time=0.023..830.572 rows=2609129 loops=1)
              ->  Hash  (cost=73925.90..73925.90 rows=239418 width=4) (actual time=1201.258..1201.258 rows=256906 loops=1)
                    Buckets: 131072  Batches: 4  Memory Usage: 3296kB
                    ->  Seq Scan on title t  (cost=0.00..73925.90 rows=239418 width=4) (actual time=0.022..1115.728 rows=256906 loops=1)
                          Filter: ((production_year > 2010) AND (kind_id = 7))
                          Rows Removed by Filter: 2271406
Planning time: 1.170 ms
Execution time: 33707.218 ms
