Seq Scan on movie_keyword mk  (cost=0.00..81003.12 rows=1633115 width=0) (actual time=0.024..1024.431 rows=1643521 loops=1)
  Filter: (keyword_id > 8975)
  Rows Removed by Filter: 2880409
Planning time: 0.306 ms
Execution time: 1190.433 ms
