Nested Loop  (cost=0.43..83072.29 rows=116 width=0) (actual time=0.760..1398.508 rows=414 loops=1)
  ->  Seq Scan on movie_keyword mk  (cost=0.00..81003.12 rows=246 width=4) (actual time=0.710..1356.811 rows=1026 loops=1)
        Filter: (keyword_id = 412)
        Rows Removed by Filter: 4522904
  ->  Index Scan using title_pkey on title t  (cost=0.43..8.40 rows=1 width=4) (actual time=0.039..0.039 rows=0 loops=1026)
        Index Cond: (id = mk.movie_id)
        Filter: (production_year > 2003)
        Rows Removed by Filter: 1
Planning time: 0.779 ms
Execution time: 1398.825 ms
