Hash Join  (cost=100856.18..929430.21 rows=1557 width=0) (actual time=9196.955..15146.883 rows=550 loops=1)
  Hash Cond: (ci.movie_id = t.id)
  ->  Seq Scan on cast_info ci  (cost=0.00..796071.18 rows=8663268 width=4) (actual time=7635.548..12943.028 rows=4930873 loops=1)
        Filter: ((person_id > 2057939) AND (role_id < 3))
        Rows Removed by Filter: 31313471
  ->  Hash  (cost=100850.49..100850.49 rows=455 width=8) (actual time=1555.891..1555.891 rows=251 loops=1)
        Buckets: 1024  Batches: 1  Memory Usage: 18kB
        ->  Hash Join  (cost=73957.54..100850.49 rows=455 width=8) (actual time=1220.557..1555.671 rows=251 loops=1)
              Hash Cond: (mi_idx.movie_id = t.id)
              ->  Seq Scan on movie_info_idx mi_idx  (cost=0.00..25185.44 rows=454124 width=4) (actual time=0.023..473.781 rows=459925 loops=1)
                    Filter: (info_type_id = 100)
                    Rows Removed by Filter: 920110
              ->  Hash  (cost=73925.90..73925.90 rows=2531 width=4) (actual time=998.802..998.802 rows=3627 loops=1)
                    Buckets: 4096  Batches: 1  Memory Usage: 160kB
                    ->  Seq Scan on title t  (cost=0.00..73925.90 rows=2531 width=4) (actual time=0.812..997.013 rows=3627 loops=1)
                          Filter: ((kind_id < 4) AND (production_year = 1921))
                          Rows Removed by Filter: 2524685
Planning time: 1.184 ms
Execution time: 15147.255 ms
