Hash Join  (cost=102767.86..1211442.37 rows=16344453 width=0) (actual time=2097.308..30271.813 rows=16215128 loops=1)
  Hash Cond: (ci.movie_id = t.id)
  ->  Seq Scan on cast_info ci  (cost=0.00..705507.15 rows=16344453 width=4) (actual time=25.046..14016.040 rows=16215128 loops=1)
        Filter: (person_id < 1605824)
        Rows Removed by Filter: 20029216
  ->  Hash  (cost=61283.27..61283.27 rows=2528527 width=4) (actual time=1901.859..1901.859 rows=2528312 loops=1)
        Buckets: 131072  Batches: 64  Memory Usage: 2415kB
        ->  Seq Scan on title t  (cost=0.00..61283.27 rows=2528527 width=4) (actual time=0.022..1062.668 rows=2528312 loops=1)
Planning time: 0.718 ms
Execution time: 32188.842 ms
