Hash Join  (cost=796579.24..883237.94 rows=66 width=0) (actual time=10432.068..11661.480 rows=166 loops=1)
  Hash Cond: (mk.movie_id = t.id)
  ->  Seq Scan on movie_keyword mk  (cost=0.00..69693.30 rows=4523930 width=4) (actual time=0.022..877.574 rows=4523930 loops=1)
  ->  Hash  (cost=796578.78..796578.78 rows=37 width=8) (actual time=10029.350..10029.350 rows=222 loops=1)
        Buckets: 1024  Batches: 1  Memory Usage: 17kB
        ->  Nested Loop  (cost=0.43..796578.78 rows=37 width=8) (actual time=2755.527..10029.227 rows=222 loops=1)
              ->  Seq Scan on cast_info ci  (cost=0.00..796071.18 rows=60 width=4) (actual time=2755.395..10026.230 rows=222 loops=1)
                    Filter: ((person_id = 3838472) AND (role_id = 10))
                    Rows Removed by Filter: 36244122
              ->  Index Scan using title_pkey on title t  (cost=0.43..8.45 rows=1 width=4) (actual time=0.012..0.013 rows=1 loops=222)
                    Index Cond: (id = ci.movie_id)
                    Filter: (kind_id = 7)
Planning time: 1.257 ms
Execution time: 11661.641 ms
