Seq Scan on movie_keyword mk  (cost=0.00..81003.12 rows=545942 width=0) (actual time=0.026..1296.544 rows=541238 loops=1)
  Filter: (keyword_id > 33916)
  Rows Removed by Filter: 3982692
Planning time: 0.342 ms
Execution time: 1363.322 ms
