Seq Scan on movie_companies mc  (cost=0.00..57926.93 rows=51 width=0) (actual time=153.641..785.133 rows=268 loops=1)
  Filter: ((company_id = 4155) AND (company_type_id = 1))
  Rows Removed by Filter: 2608861
Planning time: 0.352 ms
Execution time: 785.310 ms
