Hash Join  (cost=83074.74..447745.01 rows=1434 width=0) (actual time=1408.690..7480.707 rows=29402 loops=1)
  Hash Cond: (mi.movie_id = t.id)
  ->  Seq Scan on movie_info mi  (cost=0.00..309384.22 rows=14739122 width=4) (actual time=0.006..3350.988 rows=14835720 loops=1)
  ->  Hash  (cost=83071.67..83071.67 rows=246 width=8) (actual time=1384.680..1384.680 rows=2925 loops=1)
        Buckets: 4096 (originally 1024)  Batches: 1 (originally 1)  Memory Usage: 147kB
        ->  Nested Loop  (cost=0.43..83071.67 rows=246 width=8) (actual time=0.103..1382.532 rows=2925 loops=1)
              ->  Seq Scan on movie_keyword mk  (cost=0.00..81003.12 rows=246 width=4) (actual time=0.052..1248.481 rows=2925 loops=1)
                    Filter: (keyword_id = 15855)
                    Rows Removed by Filter: 4521005
              ->  Index Only Scan using title_pkey on title t  (cost=0.43..8.40 rows=1 width=4) (actual time=0.044..0.045 rows=1 loops=2925)
                    Index Cond: (id = mk.movie_id)
                    Heap Fetches: 2925
Planning time: 0.763 ms
Execution time: 7486.226 ms
