Hash Join  (cost=190230.21..273920.62 rows=862394 width=0) (actual time=4214.575..7117.218 rows=2586956 loops=1)
  Hash Cond: (mc.movie_id = t.id)
  ->  Seq Scan on movie_companies mc  (cost=0.00..51404.11 rows=1580095 width=4) (actual time=0.025..1118.501 rows=1571418 loops=1)
        Filter: (company_id < 15301)
        Rows Removed by Filter: 1037711
  ->  Hash  (cost=167588.78..167588.78 rows=1380035 width=8) (actual time=4213.594..4213.594 rows=1380035 loops=1)
        Buckets: 131072  Batches: 32  Memory Usage: 2708kB
        ->  Hash Join  (cost=102767.86..167588.78 rows=1380035 width=8) (actual time=1955.837..3839.308 rows=1380035 loops=1)
              Hash Cond: (mi_idx.movie_id = t.id)
              ->  Seq Scan on movie_info_idx mi_idx  (cost=0.00..21735.35 rows=1380035 width=4) (actual time=0.016..434.178 rows=1380035 loops=1)
              ->  Hash  (cost=61283.27..61283.27 rows=2528527 width=4) (actual time=1953.717..1953.717 rows=2528312 loops=1)
                    Buckets: 131072  Batches: 64  Memory Usage: 2415kB
                    ->  Seq Scan on title t  (cost=0.00..61283.27 rows=2528527 width=4) (actual time=0.024..1114.581 rows=2528312 loops=1)
Planning time: 1.043 ms
Execution time: 7444.782 ms
