Hash Join  (cost=134359.11..501635.41 rows=262037 width=0) (actual time=3405.690..10328.068 rows=185135 loops=1)
  Hash Cond: (mi.movie_id = t.id)
  ->  Seq Scan on movie_info mi  (cost=0.00..309384.22 rows=14739122 width=4) (actual time=0.022..4305.318 rows=14835720 loops=1)
  ->  Hash  (cost=133797.20..133797.20 rows=44953 width=8) (actual time=2784.770..2784.770 rows=16744 loops=1)
        Buckets: 65536  Batches: 1  Memory Usage: 1167kB
        ->  Hash Join  (cost=74657.14..133797.20 rows=44953 width=8) (actual time=1347.940..2778.491 rows=16744 loops=1)
              Hash Cond: (mc.movie_id = t.id)
              ->  Seq Scan on movie_companies mc  (cost=0.00..51404.11 rows=1943044 width=4) (actual time=0.024..1012.157 rows=1937707 loops=1)
                    Filter: (company_id < 50343)
                    Rows Removed by Filter: 671422
              ->  Hash  (cost=73925.90..73925.90 rows=58499 width=4) (actual time=1233.121..1233.121 rows=62752 loops=1)
                    Buckets: 65536  Batches: 1  Memory Usage: 2719kB
                    ->  Seq Scan on title t  (cost=0.00..73925.90 rows=58499 width=4) (actual time=0.031..1208.507 rows=62752 loops=1)
                          Filter: ((kind_id = 7) AND (production_year = 2005))
                          Rows Removed by Filter: 2465560
Planning time: 1.138 ms
Execution time: 10352.165 ms
