Hash Join  (cost=102767.86..199263.78 rows=1192307 width=0) (actual time=2181.729..4627.095 rows=1131906 loops=1)
  Hash Cond: (mc.movie_id = t.id)
  ->  Seq Scan on movie_companies mc  (cost=0.00..57926.93 rows=1192307 width=4) (actual time=0.025..1143.981 rows=1131906 loops=1)
        Filter: ((company_id > 34) AND (company_type_id < 2))
        Rows Removed by Filter: 1477223
  ->  Hash  (cost=61283.27..61283.27 rows=2528527 width=4) (actual time=2180.506..2180.506 rows=2528312 loops=1)
        Buckets: 131072  Batches: 64  Memory Usage: 2415kB
        ->  Seq Scan on title t  (cost=0.00..61283.27 rows=2528527 width=4) (actual time=0.020..1055.598 rows=2528312 loops=1)
Planning time: 0.661 ms
Execution time: 4764.749 ms
