Hash Join  (cost=107308.20..196807.73 rows=1224583 width=0) (actual time=2505.238..4584.922 rows=1228241 loops=1)
  Hash Cond: (mc.movie_id = t.id)
  ->  Seq Scan on movie_companies mc  (cost=0.00..51404.11 rows=1279517 width=4) (actual time=259.463..1025.266 rows=1274246 loops=1)
        Filter: (company_type_id = 1)
        Rows Removed by Filter: 1334883
  ->  Hash  (cost=67604.59..67604.59 rows=2419969 width=4) (actual time=2244.957..2244.957 rows=2413398 loops=1)
        Buckets: 131072  Batches: 32  Memory Usage: 3676kB
        ->  Seq Scan on title t  (cost=0.00..67604.59 rows=2419969 width=4) (actual time=0.024..1486.442 rows=2413398 loops=1)
              Filter: (production_year > 1912)
              Rows Removed by Filter: 114914
Planning time: 0.712 ms
Execution time: 4706.746 ms
