Hash Join  (cost=180521.48..219917.04 rows=99208 width=0) (actual time=3591.334..5100.214 rows=1287208 loops=1)
  Hash Cond: (mi_idx.movie_id = t.id)
  ->  Seq Scan on movie_info_idx mi_idx  (cost=0.00..21735.35 rows=1380035 width=4) (actual time=0.012..531.959 rows=1380035 loops=1)
  ->  Hash  (cost=177538.34..177538.34 rows=181771 width=8) (actual time=3590.451..3590.451 rows=553246 loops=1)
        Buckets: 131072 (originally 131072)  Batches: 8 (originally 4)  Memory Usage: 3771kB
        ->  Hash Join  (cost=82581.58..177538.34 rows=181771 width=8) (actual time=1425.482..3426.667 rows=553246 loops=1)
              Hash Cond: (mk.movie_id = t.id)
              ->  Seq Scan on movie_keyword mk  (cost=0.00..81003.12 rows=871181 width=4) (actual time=0.023..1350.711 rows=873331 loops=1)
                    Filter: (keyword_id < 830)
                    Rows Removed by Filter: 3650599
              ->  Hash  (cost=73925.90..73925.90 rows=527574 width=4) (actual time=1424.098..1424.098 rows=609532 loops=1)
                    Buckets: 131072  Batches: 8  Memory Usage: 3723kB
                    ->  Seq Scan on title t  (cost=0.00..73925.90 rows=527574 width=4) (actual time=0.035..1228.742 rows=609532 loops=1)
                          Filter: ((kind_id < 7) AND (production_year < 2005))
                          Rows Removed by Filter: 1918780
Planning time: 1.208 ms
Execution time: 5252.590 ms
