Hash Join  (cost=102767.86..217276.35 rows=981869 width=0) (actual time=1896.776..4572.293 rows=987211 loops=1)
  Hash Cond: (mk.movie_id = t.id)
  ->  Seq Scan on movie_keyword mk  (cost=0.00..81003.12 rows=981869 width=4) (actual time=0.018..1410.912 rows=987211 loops=1)
        Filter: (keyword_id > 18722)
        Rows Removed by Filter: 3536719
  ->  Hash  (cost=61283.27..61283.27 rows=2528527 width=4) (actual time=1895.806..1895.806 rows=2528312 loops=1)
        Buckets: 131072  Batches: 64  Memory Usage: 2425kB
        ->  Seq Scan on title t  (cost=0.00..61283.27 rows=2528527 width=4) (actual time=0.020..1035.044 rows=2528312 loops=1)
Planning time: 9.247 ms
Execution time: 4695.862 ms
