Hash Join  (cost=205446.52..748875.01 rows=5962656 width=0) (actual time=4613.067..23410.829 rows=18504471 loops=1)
  Hash Cond: (mi.movie_id = t.id)
  ->  Seq Scan on movie_info mi  (cost=0.00..309384.22 rows=14739122 width=4) (actual time=0.016..6199.094 rows=14835720 loops=1)
  ->  Hash  (cost=188664.19..188664.19 rows=1022906 width=8) (actual time=4612.241..4612.241 rows=1033019 loops=1)
        Buckets: 131072  Batches: 16  Memory Usage: 3572kB
        ->  Hash Join  (cost=102767.86..188664.19 rows=1022906 width=8) (actual time=1964.172..4307.435 rows=1033019 loops=1)
              Hash Cond: (mc.movie_id = t.id)
              ->  Seq Scan on movie_companies mc  (cost=0.00..51404.11 rows=1022906 width=4) (actual time=0.025..1077.408 rows=1033019 loops=1)
                    Filter: (company_id > 15489)
                    Rows Removed by Filter: 1576110
              ->  Hash  (cost=61283.27..61283.27 rows=2528527 width=4) (actual time=1961.981..1961.981 rows=2528312 loops=1)
                    Buckets: 131072  Batches: 64  Memory Usage: 2415kB
                    ->  Seq Scan on title t  (cost=0.00..61283.27 rows=2528527 width=4) (actual time=0.011..1110.447 rows=2528312 loops=1)
Planning time: 1.126 ms
Execution time: 25673.832 ms
