Hash Join  (cost=102767.86..1089636.19 rows=7518717 width=0) (actual time=1953.657..21353.982 rows=4391498 loops=1)
  Hash Cond: (ci.movie_id = t.id)
  ->  Seq Scan on cast_info ci  (cost=0.00..796071.18 rows=7518717 width=4) (actual time=0.018..14722.292 rows=4391498 loops=1)
        Filter: ((person_id < 3242037) AND (role_id > 5))
        Rows Removed by Filter: 31852846
  ->  Hash  (cost=61283.27..61283.27 rows=2528527 width=4) (actual time=1952.714..1952.714 rows=2528312 loops=1)
        Buckets: 131072  Batches: 64  Memory Usage: 2415kB
        ->  Seq Scan on title t  (cost=0.00..61283.27 rows=2528527 width=4) (actual time=0.012..1127.942 rows=2528312 loops=1)
Planning time: 1.606 ms
Execution time: 21839.055 ms
