Seq Scan on movie_keyword mk  (cost=0.00..81003.12 rows=535319 width=0) (actual time=0.016..1336.704 rows=526063 loops=1)
  Filter: (keyword_id > 34549)
  Rows Removed by Filter: 3997867
Planning time: 0.314 ms
Execution time: 1406.853 ms
