Hash Join  (cost=438999.16..1418624.49 rows=242603 width=0) (actual time=8932.344..28501.630 rows=378388 loops=1)
  Hash Cond: (ci.movie_id = t.id)
  ->  Seq Scan on cast_info ci  (cost=0.00..614943.12 rows=36225612 width=4) (actual time=0.029..9251.066 rows=36244344 loops=1)
  ->  Hash  (cost=438787.48..438787.48 rows=16934 width=8) (actual time=8894.804..8894.804 rows=47785 loops=1)
        Buckets: 65536 (originally 32768)  Batches: 1 (originally 1)  Memory Usage: 2379kB
        ->  Hash Join  (cost=73962.22..438787.48 rows=16934 width=8) (actual time=1138.965..8872.168 rows=47785 loops=1)
              Hash Cond: (mi.movie_id = t.id)
              ->  Seq Scan on movie_info mi  (cost=0.00..309384.22 rows=14739122 width=4) (actual time=0.019..4680.013 rows=14835720 loops=1)
              ->  Hash  (cost=73925.90..73925.90 rows=2905 width=4) (actual time=1138.802..1138.802 rows=4513 loops=1)
                    Buckets: 8192 (originally 4096)  Batches: 1 (originally 1)  Memory Usage: 223kB
                    ->  Seq Scan on title t  (cost=0.00..73925.90 rows=2905 width=4) (actual time=0.206..1136.585 rows=4513 loops=1)
                          Filter: ((kind_id < 7) AND (production_year = 1917))
                          Rows Removed by Filter: 2523799
Planning time: 1.110 ms
Execution time: 28552.207 ms
