Nested Loop  (cost=0.43..83072.90 rows=43 width=0) (actual time=0.159..1426.719 rows=1676 loops=1)
  ->  Seq Scan on movie_keyword mk  (cost=0.00..81003.12 rows=246 width=4) (actual time=0.103..1256.821 rows=3040 loops=1)
        Filter: (keyword_id = 580)
        Rows Removed by Filter: 4520890
  ->  Index Scan using title_pkey on title t  (cost=0.43..8.40 rows=1 width=4) (actual time=0.055..0.055 rows=1 loops=3040)
        Index Cond: (id = mk.movie_id)
        Filter: ((kind_id < 7) AND (production_year < 2002))
        Rows Removed by Filter: 0
Planning time: 0.714 ms
Execution time: 1427.379 ms
