Hash Join  (cost=256554.53..881386.19 rows=8836295 width=0) (actual time=5628.631..40229.424 rows=73575216 loops=1)
  Hash Cond: (mi.movie_id = t.id)
  ->  Seq Scan on movie_info mi  (cost=0.00..346232.03 rows=14373737 width=4) (actual time=0.022..7856.560 rows=14407069 loops=1)
        Filter: (info_type_id < 105)
        Rows Removed by Filter: 428651
  ->  Hash  (cost=231052.29..231052.29 rows=1554419 width=8) (actual time=5627.506..5627.506 rows=1569305 loops=1)
        Buckets: 131072  Batches: 32  Memory Usage: 3010kB
        ->  Hash Join  (cost=102767.86..231052.29 rows=1554419 width=8) (actual time=1949.505..5148.009 rows=1569305 loops=1)
              Hash Cond: (mk.movie_id = t.id)
              ->  Seq Scan on movie_keyword mk  (cost=0.00..81003.12 rows=1554419 width=4) (actual time=0.012..1541.887 rows=1569305 loops=1)
                    Filter: (keyword_id > 9985)
                    Rows Removed by Filter: 2954625
              ->  Hash  (cost=61283.27..61283.27 rows=2528527 width=4) (actual time=1948.379..1948.379 rows=2528312 loops=1)
                    Buckets: 131072  Batches: 64  Memory Usage: 2425kB
                    ->  Seq Scan on title t  (cost=0.00..61283.27 rows=2528527 width=4) (actual time=0.014..1060.126 rows=2528312 loops=1)
Planning time: 1.103 ms
Execution time: 48959.079 ms
