Hash Join  (cost=102767.86..195601.04 rows=1311204 width=0) (actual time=1980.275..4447.226 rows=1319592 loops=1)
  Hash Cond: (mc.movie_id = t.id)
  ->  Seq Scan on movie_companies mc  (cost=0.00..51404.11 rows=1311204 width=4) (actual time=0.019..1041.208 rows=1319592 loops=1)
        Filter: (company_id > 11244)
        Rows Removed by Filter: 1289537
  ->  Hash  (cost=61283.27..61283.27 rows=2528527 width=4) (actual time=1979.002..1979.002 rows=2528312 loops=1)
        Buckets: 131072  Batches: 64  Memory Usage: 2415kB
        ->  Seq Scan on title t  (cost=0.00..61283.27 rows=2528527 width=4) (actual time=0.020..1153.876 rows=2528312 loops=1)
Planning time: 0.469 ms
Execution time: 4602.761 ms
