Seq Scan on movie_companies mc  (cost=0.00..57926.93 rows=646410 width=0) (actual time=0.026..1019.131 rows=899314 loops=1)
  Filter: ((company_id > 11390) AND (company_type_id > 1))
  Rows Removed by Filter: 1709815
Planning time: 0.317 ms
Execution time: 1132.718 ms
