Seq Scan on movie_keyword mk  (cost=0.00..81003.12 rows=246 width=0) (actual time=1.384..1311.025 rows=757 loops=1)
  Filter: (keyword_id = 6254)
  Rows Removed by Filter: 4523173
Planning time: 0.297 ms
Execution time: 1311.384 ms
