Hash Join  (cost=101348.87..188110.75 rows=10384 width=0) (actual time=1678.355..3374.384 rows=89213 loops=1)
  Hash Cond: (mk.movie_id = t.id)
  ->  Seq Scan on movie_keyword mk  (cost=0.00..69693.30 rows=4523930 width=4) (actual time=0.013..892.799 rows=4523930 loops=1)
  ->  Hash  (cost=101276.32..101276.32 rows=5804 width=8) (actual time=1677.933..1677.933 rows=9566 loops=1)
        Buckets: 16384 (originally 8192)  Batches: 1 (originally 1)  Memory Usage: 502kB
        ->  Hash Join  (cost=74329.88..101276.32 rows=5804 width=8) (actual time=1114.949..1673.543 rows=9566 loops=1)
              Hash Cond: (mi_idx.movie_id = t.id)
              ->  Seq Scan on movie_info_idx mi_idx  (cost=0.00..25185.44 rows=454124 width=4) (actual time=0.018..426.310 rows=459925 loops=1)
                    Filter: (info_type_id = 100)
                    Rows Removed by Filter: 920110
              ->  Hash  (cost=73925.90..73925.90 rows=32318 width=4) (actual time=1114.695..1114.695 rows=20209 loops=1)
                    Buckets: 32768  Batches: 1  Memory Usage: 967kB
                    ->  Seq Scan on title t  (cost=0.00..73925.90 rows=32318 width=4) (actual time=0.202..1105.864 rows=20209 loops=1)
                          Filter: ((kind_id < 3) AND (production_year = 2006))
                          Rows Removed by Filter: 2508103
Planning time: 1.126 ms
Execution time: 3385.636 ms
