Hash Join  (cost=154073.66..535997.05 rows=15520 width=0) (actual time=3136.569..10550.157 rows=133453 loops=1)
  Hash Cond: (mi.movie_id = t.id)
  ->  Seq Scan on movie_info mi  (cost=0.00..346232.03 rows=9476311 width=4) (actual time=215.876..6252.583 rows=9565151 loops=1)
        Filter: (info_type_id < 16)
        Rows Removed by Filter: 5270569
  ->  Hash  (cost=154021.90..154021.90 rows=4141 width=8) (actual time=2833.706..2833.706 rows=5984 loops=1)
        Buckets: 8192  Batches: 1  Memory Usage: 298kB
        ->  Hash Join  (cost=67697.55..154021.90 rows=4141 width=8) (actual time=1159.941..2831.331 rows=5984 loops=1)
              Hash Cond: (mk.movie_id = t.id)
              ->  Seq Scan on movie_keyword mk  (cost=0.00..81003.12 rows=1407951 width=4) (actual time=0.028..1457.041 rows=1421325 loops=1)
                    Filter: (keyword_id > 11739)
                    Rows Removed by Filter: 3102605
              ->  Hash  (cost=67604.59..67604.59 rows=7437 width=4) (actual time=1159.023..1159.023 rows=1831 loops=1)
                    Buckets: 8192  Batches: 1  Memory Usage: 129kB
                    ->  Seq Scan on title t  (cost=0.00..67604.59 rows=7437 width=4) (actual time=0.125..1157.955 rows=1831 loops=1)
                          Filter: (production_year = 1944)
                          Rows Removed by Filter: 2526481
Planning time: 1.118 ms
Execution time: 10567.619 ms
