Hash Join  (cost=83073.60..109984.65 rows=57 width=0) (actual time=1318.263..1906.212 rows=1741 loops=1)
  Hash Cond: (mi_idx.movie_id = t.id)
  ->  Seq Scan on movie_info_idx mi_idx  (cost=0.00..21735.35 rows=1380035 width=4) (actual time=0.021..333.676 rows=1380035 loops=1)
  ->  Hash  (cost=83072.29..83072.29 rows=105 width=8) (actual time=1318.198..1318.198 rows=638 loops=1)
        Buckets: 1024  Batches: 1  Memory Usage: 33kB
        ->  Nested Loop  (cost=0.43..83072.29 rows=105 width=8) (actual time=13.574..1317.647 rows=638 loops=1)
              ->  Seq Scan on movie_keyword mk  (cost=0.00..81003.12 rows=246 width=4) (actual time=2.518..1251.441 rows=1063 loops=1)
                    Filter: (keyword_id = 1582)
                    Rows Removed by Filter: 4522867
              ->  Index Scan using title_pkey on title t  (cost=0.43..8.40 rows=1 width=4) (actual time=0.061..0.061 rows=1 loops=1063)
                    Index Cond: (id = mk.movie_id)
                    Filter: (production_year < 2001)
                    Rows Removed by Filter: 0
Planning time: 1.053 ms
Execution time: 1906.661 ms
