Seq Scan on cast_info ci  (cost=0.00..705507.15 rows=29988734 width=0) (actual time=0.025..13284.642 rows=29933311 loops=1)
  Filter: (person_id < 3021582)
  Rows Removed by Filter: 6311033
Planning time: 0.304 ms
Execution time: 16990.656 ms
