Nested Loop  (cost=0.43..83072.29 rows=151 width=0) (actual time=352.540..1256.279 rows=35 loops=1)
  ->  Seq Scan on movie_keyword mk  (cost=0.00..81003.12 rows=246 width=4) (actual time=1.037..1219.504 rows=977 loops=1)
        Filter: (keyword_id = 15084)
        Rows Removed by Filter: 4522953
  ->  Index Scan using title_pkey on title t  (cost=0.43..8.40 rows=1 width=4) (actual time=0.036..0.036 rows=0 loops=977)
        Index Cond: (id = mk.movie_id)
        Filter: (kind_id > 4)
        Rows Removed by Filter: 1
Planning time: 0.709 ms
Execution time: 1256.391 ms
