Seq Scan on movie_keyword mk  (cost=0.00..81003.12 rows=4066637 width=0) (actual time=0.027..1665.812 rows=4070372 loops=1)
  Filter: (keyword_id < 39030)
  Rows Removed by Filter: 453558
Planning time: 0.307 ms
Execution time: 2160.500 ms
