Seq Scan on movie_keyword mk  (cost=0.00..81003.12 rows=246 width=0) (actual time=9.360..1305.346 rows=160 loops=1)
  Filter: (keyword_id = 9259)
  Rows Removed by Filter: 4523770
Planning time: 0.345 ms
Execution time: 1305.545 ms
