Hash Join  (cost=93038.76..240434.53 rows=2084274 width=0) (actual time=3448.111..5593.104 rows=519159 loops=1)
  Hash Cond: (mk.movie_id = t.id)
  ->  Seq Scan on movie_keyword mk  (cost=0.00..69693.30 rows=4523930 width=4) (actual time=0.021..1437.345 rows=4523930 loops=1)
  ->  Hash  (cost=73925.90..73925.90 rows=1164948 width=4) (actual time=1847.341..1847.341 rows=1252934 loops=1)
        Buckets: 131072  Batches: 16  Memory Usage: 3794kB
        ->  Seq Scan on title t  (cost=0.00..73925.90 rows=1164948 width=4) (actual time=220.126..1441.857 rows=1252934 loops=1)
              Filter: ((production_year > 1982) AND (kind_id = 7))
              Rows Removed by Filter: 1275378
Planning time: 0.712 ms
Execution time: 5656.570 ms
