Seq Scan on cast_info ci  (cost=0.00..796071.18 rows=6493228 width=0) (actual time=6.377..12427.016 rows=7533283 loops=1)
  Filter: ((person_id < 853859) AND (role_id < 5))
  Rows Removed by Filter: 28711061
Planning time: 0.325 ms
Execution time: 13298.962 ms
