Hash Join  (cost=450826.12..1533745.86 rows=4781256 width=0) (actual time=8495.278..43108.725 rows=10403488 loops=1)
  Hash Cond: (ci.movie_id = t.id)
  ->  Seq Scan on cast_info ci  (cost=0.00..614943.12 rows=36225612 width=4) (actual time=0.018..13299.783 rows=36244344 loops=1)
  ->  Hash  (cost=445350.51..445350.51 rows=333729 width=8) (actual time=8494.445..8494.445 rows=625110 loops=1)
        Buckets: 131072  Batches: 8  Memory Usage: 4078kB
        ->  Hash Join  (cost=78556.72..445350.51 rows=333729 width=8) (actual time=6736.553..8298.792 rows=625110 loops=1)
              Hash Cond: (mi.movie_id = t.id)
              ->  Seq Scan on movie_info mi  (cost=0.00..346232.03 rows=1264125 width=4) (actual time=5083.182..5728.782 rows=1288928 loops=1)
                    Filter: (info_type_id = 2)
                    Rows Removed by Filter: 13546792
              ->  Hash  (cost=67604.59..67604.59 rows=667531 width=4) (actual time=1295.404..1295.404 rows=662825 loops=1)
                    Buckets: 131072  Batches: 16  Memory Usage: 2485kB
                    ->  Seq Scan on title t  (cost=0.00..67604.59 rows=667531 width=4) (actual time=197.246..1088.366 rows=662825 loops=1)
                          Filter: (kind_id = 1)
                          Rows Removed by Filter: 1865487
Planning time: 1.246 ms
Execution time: 44273.534 ms
