Hash Join  (cost=83810.17..204057.46 rows=893538 width=0) (actual time=1459.492..4647.029 rows=1945613 loops=1)
  Hash Cond: (mk.movie_id = t.id)
  ->  Seq Scan on movie_keyword mk  (cost=0.00..81003.12 rows=2287408 width=4) (actual time=0.025..1568.433 rows=2294429 loops=1)
        Filter: (keyword_id > 4584)
        Rows Removed by Filter: 2229501
  ->  Hash  (cost=67604.59..67604.59 rows=987727 width=4) (actual time=1458.274..1458.274 rows=985048 loops=1)
        Buckets: 131072  Batches: 16  Memory Usage: 3197kB
        ->  Seq Scan on title t  (cost=0.00..67604.59 rows=987727 width=4) (actual time=0.016..1137.366 rows=985048 loops=1)
              Filter: (kind_id < 7)
              Rows Removed by Filter: 1543264
Planning time: 13.880 ms
Execution time: 4873.825 ms
