Hash Join  (cost=174067.92..687734.19 rows=3173334 width=0) (actual time=4558.262..28434.600 rows=41495391 loops=1)
  Hash Cond: (mi.movie_id = t.id)
  ->  Seq Scan on movie_info mi  (cost=0.00..309384.22 rows=14739122 width=4) (actual time=0.014..6123.888 rows=14835720 loops=1)
  ->  Hash  (cost=165136.02..165136.02 rows=544392 width=8) (actual time=4557.571..4557.571 rows=1250619 loops=1)
        Buckets: 131072 (originally 131072)  Batches: 32 (originally 8)  Memory Usage: 4157kB
        ->  Hash Join  (cost=82581.58..165136.02 rows=544392 width=8) (actual time=1514.460..4183.549 rows=1250619 loops=1)
              Hash Cond: (mc.movie_id = t.id)
              ->  Seq Scan on movie_companies mc  (cost=0.00..44881.29 rows=2609129 width=4) (actual time=0.018..941.640 rows=2609129 loops=1)
              ->  Hash  (cost=73925.90..73925.90 rows=527574 width=4) (actual time=1513.702..1513.702 rows=609532 loops=1)
                    Buckets: 131072  Batches: 8  Memory Usage: 3715kB
                    ->  Seq Scan on title t  (cost=0.00..73925.90 rows=527574 width=4) (actual time=0.017..1143.913 rows=609532 loops=1)
                          Filter: ((kind_id < 7) AND (production_year < 2005))
                          Rows Removed by Filter: 1918780
Planning time: 0.755 ms
Execution time: 33029.949 ms
