Hash Join  (cost=58375.57..809166.17 rows=143 width=0) (actual time=1093.545..16663.782 rows=55 loops=1)
  Hash Cond: (ci.movie_id = t.id)
  ->  Seq Scan on cast_info ci  (cost=0.00..614943.12 rows=36225612 width=4) (actual time=0.019..9087.640 rows=36244344 loops=1)
  ->  Hash  (cost=58375.45..58375.45 rows=10 width=8) (actual time=837.910..837.910 rows=6 loops=1)
        Buckets: 1024  Batches: 1  Memory Usage: 9kB
        ->  Nested Loop  (cost=0.43..58375.45 rows=10 width=8) (actual time=68.784..837.897 rows=6 loops=1)
              ->  Seq Scan on movie_companies mc  (cost=0.00..57926.93 rows=53 width=4) (actual time=51.078..837.229 rows=20 loops=1)
                    Filter: ((company_id = 9213) AND (company_type_id = 2))
                    Rows Removed by Filter: 2609109
              ->  Index Scan using title_pkey on title t  (cost=0.43..8.45 rows=1 width=4) (actual time=0.030..0.030 rows=0 loops=20)
                    Index Cond: (id = mc.movie_id)
                    Filter: ((production_year < 2009) AND (kind_id = 1))
                    Rows Removed by Filter: 1
Planning time: 1.154 ms
Execution time: 16663.979 ms
