Hash Join  (cost=443201.72..601831.71 rows=685639 width=0) (actual time=10471.759..14009.112 rows=871549 loops=1)
  Hash Cond: (mk.movie_id = t.id)
  ->  Seq Scan on movie_keyword mk  (cost=0.00..69693.30 rows=4523930 width=4) (actual time=0.023..1502.110 rows=4523930 loops=1)
  ->  Hash  (cost=436914.48..436914.48 rows=383219 width=8) (actual time=10465.975..10465.975 rows=268350 loops=1)
        Buckets: 131072  Batches: 8  Memory Usage: 2341kB
        ->  Hash Join  (cost=68426.36..436914.48 rows=383219 width=8) (actual time=1138.305..9724.436 rows=268350 loops=1)
              Hash Cond: (mi.movie_id = t.id)
              ->  Seq Scan on movie_info mi  (cost=0.00..309384.22 rows=14739122 width=4) (actual time=0.028..4467.745 rows=14835720 loops=1)
              ->  Hash  (cost=67604.59..67604.59 rows=65742 width=4) (actual time=1137.522..1137.522 rows=63827 loops=1)
                    Buckets: 131072  Batches: 1  Memory Usage: 3268kB
                    ->  Seq Scan on title t  (cost=0.00..67604.59 rows=65742 width=4) (actual time=0.035..1110.982 rows=63827 loops=1)
                          Filter: (production_year = 2013)
                          Rows Removed by Filter: 2464485
Planning time: 1.205 ms
Execution time: 14112.379 ms
