Hash Join  (cost=90757.62..162832.33 rows=263362 width=0) (actual time=2077.111..3380.158 rows=169517 loops=1)
  Hash Cond: (mc.movie_id = t.id)
  ->  Seq Scan on movie_companies mc  (cost=0.00..57926.93 rows=649108 width=4) (actual time=372.986..1035.451 rows=902741 loops=1)
        Filter: ((company_id > 11385) AND (company_type_id > 1))
        Rows Removed by Filter: 1706388
  ->  Hash  (cost=73925.90..73925.90 rows=1025897 width=4) (actual time=1703.019..1703.019 rows=957256 loops=1)
        Buckets: 131072  Batches: 16  Memory Usage: 3131kB
        ->  Seq Scan on title t  (cost=0.00..73925.90 rows=1025897 width=4) (actual time=0.022..1368.228 rows=957256 loops=1)
              Filter: ((kind_id > 3) AND (production_year < 2007))
              Rows Removed by Filter: 1571056
Planning time: 0.742 ms
Execution time: 3399.817 ms
