Seq Scan on movie_keyword mk  (cost=0.00..81003.12 rows=2991989 width=0) (actual time=0.020..1518.730 rows=2978504 loops=1)
  Filter: (keyword_id < 10219)
  Rows Removed by Filter: 1545426
Planning time: 0.293 ms
Execution time: 1889.305 ms
