Hash Join  (cost=865954.21..3571721.90 rows=127494647 width=0) (actual time=18675.153..79370.685 rows=95491405 loops=1)
  Hash Cond: (ci.movie_id = t.id)
  ->  Seq Scan on cast_info ci  (cost=0.00..614943.12 rows=36225612 width=4) (actual time=0.025..13496.929 rows=36244344 loops=1)
  ->  Hash  (cost=719954.05..719954.05 rows=8899053 width=8) (actual time=18673.426..18673.426 rows=4078162 loops=1)
        Buckets: 131072  Batches: 128  Memory Usage: 2234kB
        ->  Hash Join  (cost=93093.72..719954.05 rows=8899053 width=8) (actual time=1594.726..17510.602 rows=4078162 loops=1)
              Hash Cond: (mi.movie_id = t.id)
              ->  Seq Scan on movie_info mi  (cost=0.00..346232.03 rows=14483353 width=4) (actual time=0.027..7309.890 rows=14528932 loops=1)
                    Filter: (info_type_id < 106)
                    Rows Removed by Filter: 306788
              ->  Hash  (cost=67604.59..67604.59 rows=1553611 width=4) (actual time=1593.598..1593.598 rows=1555864 loops=1)
                    Buckets: 131072  Batches: 32  Memory Usage: 2740kB
                    ->  Seq Scan on title t  (cost=0.00..67604.59 rows=1553611 width=4) (actual time=0.013..1098.555 rows=1555864 loops=1)
                          Filter: (kind_id > 4)
                          Rows Removed by Filter: 972448
Planning time: 1.190 ms
Execution time: 90268.807 ms
