Seq Scan on movie_keyword mk  (cost=0.00..81003.12 rows=4327667 width=0) (actual time=0.013..1518.553 rows=4324619 loops=1)
  Filter: (keyword_id < 68949)
  Rows Removed by Filter: 199311
Planning time: 0.316 ms
Execution time: 2059.397 ms
