Hash Join  (cost=79907.83..1167364.79 rows=5222879 width=0) (actual time=1315.609..31396.272 rows=4911717 loops=1)
  Hash Cond: (ci.movie_id = t.id)
  ->  Seq Scan on cast_info ci  (cost=0.00..614943.12 rows=36225612 width=4) (actual time=0.015..12864.926 rows=36244344 loops=1)
  ->  Hash  (cost=73925.90..73925.90 rows=364554 width=4) (actual time=1314.937..1314.937 rows=274015 loops=1)
        Buckets: 131072  Batches: 8  Memory Usage: 2229kB
        ->  Seq Scan on title t  (cost=0.00..73925.90 rows=364554 width=4) (actual time=0.020..1229.953 rows=274015 loops=1)
              Filter: ((production_year > 2000) AND (kind_id = 1))
              Rows Removed by Filter: 2254297
Planning time: 3.561 ms
Execution time: 31973.292 ms
