Hash Join  (cost=531090.69..1775240.41 rows=11660260 width=0) (actual time=13505.650..58241.362 rows=55447771 loops=1)
  Hash Cond: (ci.movie_id = t.id)
  ->  Seq Scan on cast_info ci  (cost=0.00..614943.12 rows=36225612 width=4) (actual time=0.013..13798.587 rows=36244344 loops=1)
  ->  Hash  (cost=517737.20..517737.20 rows=813879 width=8) (actual time=13504.085..13504.085 rows=2697369 loops=1)
        Buckets: 131072 (originally 131072)  Batches: 64 (originally 16)  Memory Usage: 3073kB
        ->  Hash Join  (cost=78593.13..517737.20 rows=813879 width=8) (actual time=3775.515..12699.978 rows=2697369 loops=1)
              Hash Cond: (mi.movie_id = t.id)
              ->  Seq Scan on movie_info mi  (cost=0.00..346232.03 rows=7235534 width=4) (actual time=1531.159..6380.706 rows=7286865 loops=1)
                    Filter: (info_type_id < 8)
                    Rows Removed by Filter: 7548855
              ->  Hash  (cost=73925.90..73925.90 rows=284418 width=4) (actual time=2150.786..2150.786 rows=382296 loops=1)
                    Buckets: 131072 (originally 131072)  Batches: 8 (originally 4)  Memory Usage: 3073kB
                    ->  Seq Scan on title t  (cost=0.00..73925.90 rows=284418 width=4) (actual time=0.022..2017.979 rows=382296 loops=1)
                          Filter: ((production_year < 2001) AND (kind_id = 1))
                          Rows Removed by Filter: 2146016
Planning time: 1.151 ms
Execution time: 64176.493 ms
