Hash Join  (cost=177434.70..649904.16 rows=2159030 width=0) (actual time=3888.124..20654.298 rows=25170753 loops=1)
  Hash Cond: (mi.movie_id = t.id)
  ->  Seq Scan on movie_info mi  (cost=0.00..346232.03 rows=8841901 width=4) (actual time=0.026..6808.753 rows=8950757 loops=1)
        Filter: (info_type_id > 6)
        Rows Removed by Filter: 5884963
  ->  Hash  (cost=167304.95..167304.95 rows=617420 width=8) (actual time=3887.254..3887.254 rows=924679 loops=1)
        Buckets: 131072  Batches: 16  Memory Usage: 3315kB
        ->  Hash Join  (cost=83743.23..167304.95 rows=617420 width=8) (actual time=1314.824..3638.936 rows=924679 loops=1)
              Hash Cond: (mc.movie_id = t.id)
              ->  Seq Scan on movie_companies mc  (cost=0.00..44881.29 rows=2609129 width=4) (actual time=0.020..817.879 rows=2609129 loops=1)
              ->  Hash  (cost=73925.90..73925.90 rows=598346 width=4) (actual time=1313.925..1313.925 rows=507407 loops=1)
                    Buckets: 131072  Batches: 8  Memory Usage: 3251kB
                    ->  Seq Scan on title t  (cost=0.00..73925.90 rows=598346 width=4) (actual time=0.027..1153.921 rows=507407 loops=1)
                          Filter: ((kind_id < 7) AND (production_year > 1997))
                          Rows Removed by Filter: 2020905
Planning time: 1.195 ms
Execution time: 23414.224 ms
