Seq Scan on movie_keyword mk  (cost=0.00..81003.12 rows=4422742 width=0) (actual time=0.016..1042.857 rows=4412394 loops=1)
  Filter: (keyword_id > 108)
  Rows Removed by Filter: 111536
Planning time: 0.312 ms
Execution time: 1435.266 ms
