Hash Join  (cost=206566.63..1371260.03 rows=12741523 width=0) (actual time=4143.415..38491.900 rows=13341508 loops=1)
  Hash Cond: (ci.movie_id = t.id)
  ->  Seq Scan on cast_info ci  (cost=0.00..614943.12 rows=36225612 width=4) (actual time=0.011..13429.930 rows=36244344 loops=1)
  ->  Hash  (cost=191974.75..191974.75 rows=889351 width=8) (actual time=4142.422..4142.422 rows=568288 loops=1)
        Buckets: 131072  Batches: 16  Memory Usage: 2402kB
        ->  Hash Join  (cost=102767.86..191974.75 rows=889351 width=8) (actual time=1984.530..3971.800 rows=568288 loops=1)
              Hash Cond: (mc.movie_id = t.id)
              ->  Seq Scan on movie_companies mc  (cost=0.00..57926.93 rows=889351 width=4) (actual time=0.025..1075.361 rows=568288 loops=1)
                    Filter: ((company_id < 23583) AND (company_type_id > 1))
                    Rows Removed by Filter: 2040841
              ->  Hash  (cost=61283.27..61283.27 rows=2528527 width=4) (actual time=1982.719..1982.719 rows=2528312 loops=1)
                    Buckets: 131072  Batches: 64  Memory Usage: 2415kB
                    ->  Seq Scan on title t  (cost=0.00..61283.27 rows=2528527 width=4) (actual time=0.013..1143.342 rows=2528312 loops=1)
Planning time: 1.126 ms
Execution time: 40084.260 ms
