Seq Scan on movie_companies mc  (cost=0.00..51404.11 rows=1276238 width=0) (actual time=18.226..921.952 rows=1286857 loops=1)
  Filter: (company_id > 11373)
  Rows Removed by Filter: 1322272
Planning time: 0.331 ms
Execution time: 1082.780 ms
