Seq Scan on movie_keyword mk  (cost=0.00..81003.12 rows=246 width=0) (actual time=72.102..1213.374 rows=35 loops=1)
  Filter: (keyword_id = 3698)
  Rows Removed by Filter: 4523895
Planning time: 0.375 ms
Execution time: 1213.477 ms
