Hash Join  (cost=102767.86..231487.77 rows=1572479 width=0) (actual time=1995.262..5207.022 rows=1581203 loops=1)
  Hash Cond: (mk.movie_id = t.id)
  ->  Seq Scan on movie_keyword mk  (cost=0.00..81003.12 rows=1572479 width=4) (actual time=0.028..1570.908 rows=1581203 loops=1)
        Filter: (keyword_id < 2401)
        Rows Removed by Filter: 2942727
  ->  Hash  (cost=61283.27..61283.27 rows=2528527 width=4) (actual time=1993.963..1993.963 rows=2528312 loops=1)
        Buckets: 131072  Batches: 64  Memory Usage: 2425kB
        ->  Seq Scan on title t  (cost=0.00..61283.27 rows=2528527 width=4) (actual time=0.012..1149.842 rows=2528312 loops=1)
Planning time: 0.761 ms
Execution time: 5396.892 ms
