Hash Join  (cost=83074.74..109986.57 rows=134 width=0) (actual time=1365.193..1879.459 rows=279 loops=1)
  Hash Cond: (mi_idx.movie_id = t.id)
  ->  Seq Scan on movie_info_idx mi_idx  (cost=0.00..21735.35 rows=1380035 width=4) (actual time=0.019..320.913 rows=1380035 loops=1)
  ->  Hash  (cost=83071.67..83071.67 rows=246 width=8) (actual time=1302.851..1302.851 rows=108 loops=1)
        Buckets: 1024  Batches: 1  Memory Usage: 13kB
        ->  Nested Loop  (cost=0.43..83071.67 rows=246 width=8) (actual time=0.289..1302.706 rows=108 loops=1)
              ->  Seq Scan on movie_keyword mk  (cost=0.00..81003.12 rows=246 width=4) (actual time=0.216..1298.666 rows=108 loops=1)
                    Filter: (keyword_id = 1649)
                    Rows Removed by Filter: 4523822
              ->  Index Only Scan using title_pkey on title t  (cost=0.43..8.40 rows=1 width=4) (actual time=0.032..0.033 rows=1 loops=108)
                    Index Cond: (id = mk.movie_id)
                    Heap Fetches: 108
Planning time: 1.164 ms
Execution time: 1879.666 ms
