Nested Loop  (cost=0.43..52283.69 rows=104 width=0) (actual time=100.660..958.531 rows=2058 loops=1)
  ->  Seq Scan on movie_companies mc  (cost=0.00..51404.11 rows=104 width=4) (actual time=100.569..861.490 rows=2058 loops=1)
        Filter: (company_id = 741)
        Rows Removed by Filter: 2607071
  ->  Index Only Scan using title_pkey on title t  (cost=0.43..8.45 rows=1 width=4) (actual time=0.046..0.046 rows=1 loops=2058)
        Index Cond: (id = mc.movie_id)
        Heap Fetches: 2058
Planning time: 0.751 ms
Execution time: 959.170 ms
