Hash Join  (cost=74389.43..136108.92 rows=14274 width=0) (actual time=1553.311..2725.228 rows=5012 loops=1)
  Hash Cond: (mc.movie_id = t.id)
  ->  Seq Scan on movie_companies mc  (cost=0.00..57926.93 rows=973283 width=4) (actual time=291.455..1170.510 rows=1137199 loops=1)
        Filter: ((company_id > 1257) AND (company_type_id > 1))
        Rows Removed by Filter: 1471930
  ->  Hash  (cost=73925.90..73925.90 rows=37082 width=4) (actual time=1261.343..1261.343 rows=41935 loops=1)
        Buckets: 65536  Batches: 1  Memory Usage: 1987kB
        ->  Seq Scan on title t  (cost=0.00..73925.90 rows=37082 width=4) (actual time=0.037..1243.673 rows=41935 loops=1)
              Filter: ((kind_id = 7) AND (production_year = 2002))
              Rows Removed by Filter: 2486377
Planning time: 0.738 ms
Execution time: 2726.135 ms
