Seq Scan on movie_companies mc  (cost=0.00..57926.93 rows=1105258 width=0) (actual time=359.750..1014.410 rows=1274246 loops=1)
  Filter: ((company_id < 87044) AND (company_type_id < 2))
  Rows Removed by Filter: 1334883
Planning time: 0.311 ms
Execution time: 1172.692 ms
