Seq Scan on movie_keyword mk  (cost=0.00..81003.12 rows=3279506 width=0) (actual time=3.007..1142.176 rows=3264956 loops=1)
  Filter: (keyword_id > 1603)
  Rows Removed by Filter: 1258974
Planning time: 0.299 ms
Execution time: 1478.456 ms
