Seq Scan on title t  (cost=0.00..73925.90 rows=2905 width=0) (actual time=0.035..1187.504 rows=5945 loops=1)
  Filter: ((kind_id < 7) AND (production_year = 1911))
  Rows Removed by Filter: 2522367
Planning time: 0.357 ms
Execution time: 1188.730 ms
