Seq Scan on cast_info ci  (cost=0.00..705507.15 rows=500 width=0) (actual time=401.903..10240.040 rows=194 loops=1)
  Filter: (person_id = 506202)
  Rows Removed by Filter: 36244150
Planning time: 0.319 ms
Execution time: 10240.173 ms
