Seq Scan on cast_info ci  (cost=0.00..796071.18 rows=6808822 width=0) (actual time=6964.128..14648.817 rows=8894283 loops=1)
  Filter: ((person_id > 1573537) AND (role_id > 3))
  Rows Removed by Filter: 27350061
Planning time: 0.376 ms
Execution time: 15716.614 ms
