Hash Join  (cost=217006.33..1089224.14 rows=1541108 width=0) (actual time=5509.786..29660.136 rows=17716133 loops=1)
  Hash Cond: (ci.movie_id = t.id)
  ->  Seq Scan on cast_info ci  (cost=0.00..796071.18 rows=4988680 width=4) (actual time=0.021..16157.615 rows=7450148 loops=1)
        Filter: ((person_id > 1117357) AND (role_id = 2))
        Rows Removed by Filter: 28794196
  ->  Hash  (cost=204190.39..204190.39 rows=781115 width=8) (actual time=5508.183..5508.183 rows=1885066 loops=1)
        Buckets: 131072 (originally 131072)  Batches: 32 (originally 16)  Memory Usage: 3311kB
        ->  Hash Join  (cost=78556.72..204190.39 rows=781115 width=8) (actual time=1322.181..4942.204 rows=1885066 loops=1)
              Hash Cond: (mk.movie_id = t.id)
              ->  Seq Scan on movie_keyword mk  (cost=0.00..81003.12 rows=2958771 width=4) (actual time=0.018..1695.890 rows=2949101 loops=1)
                    Filter: (keyword_id > 2375)
                    Rows Removed by Filter: 1574829
              ->  Hash  (cost=67604.59..67604.59 rows=667531 width=4) (actual time=1321.193..1321.193 rows=662825 loops=1)
                    Buckets: 131072  Batches: 16  Memory Usage: 2486kB
                    ->  Seq Scan on title t  (cost=0.00..67604.59 rows=667531 width=4) (actual time=0.022..1111.183 rows=662825 loops=1)
                          Filter: (kind_id = 1)
                          Rows Removed by Filter: 1865487
Planning time: 1.152 ms
Execution time: 31670.852 ms
