Seq Scan on cast_info ci  (cost=0.00..705507.15 rows=33014503 width=0) (actual time=0.014..12470.981 rows=32993052 loops=1)
  Filter: (person_id < 3463358)
  Rows Removed by Filter: 3251292
Planning time: 0.321 ms
Execution time: 16318.477 ms
