Seq Scan on movie_companies mc  (cost=0.00..57926.93 rows=333580 width=0) (actual time=0.028..1033.928 rows=182257 loops=1)
  Filter: ((company_id < 868) AND (company_type_id = 2))
  Rows Removed by Filter: 2426872
Planning time: 0.360 ms
Execution time: 1057.357 ms
