Hash Join  (cost=74043.18..439246.00 rows=54689 width=0) (actual time=1009.366..8420.450 rows=34313 loops=1)
  Hash Cond: (mi.movie_id = t.id)
  ->  Seq Scan on movie_info mi  (cost=0.00..309384.22 rows=14739122 width=4) (actual time=0.018..4430.003 rows=14835720 loops=1)
  ->  Hash  (cost=73925.90..73925.90 rows=9382 width=4) (actual time=1008.725..1008.725 rows=4696 loops=1)
        Buckets: 16384  Batches: 1  Memory Usage: 294kB
        ->  Seq Scan on title t  (cost=0.00..73925.90 rows=9382 width=4) (actual time=0.022..1006.512 rows=4696 loops=1)
              Filter: ((production_year > 2011) AND (kind_id = 3))
              Rows Removed by Filter: 2523616
Planning time: 0.741 ms
Execution time: 8427.381 ms
