Hash Join  (cost=98137.04..908201.02 rows=245262 width=0) (actual time=10928.013..13608.770 rows=169422 loops=1)
  Hash Cond: (ci.movie_id = t.id)
  ->  Seq Scan on cast_info ci  (cost=0.00..796071.18 rows=333237 width=4) (actual time=9012.448..11253.154 rows=223146 loops=1)
        Filter: ((person_id < 286180) AND (role_id = 3))
        Rows Removed by Filter: 36021198
  ->  Hash  (cost=67604.59..67604.59 rows=1860996 width=4) (actual time=1914.470..1914.470 rows=1865487 loops=1)
        Buckets: 131072  Batches: 32  Memory Usage: 3079kB
        ->  Seq Scan on title t  (cost=0.00..67604.59 rows=1860996 width=4) (actual time=0.040..1338.001 rows=1865487 loops=1)
              Filter: (kind_id > 1)
              Rows Removed by Filter: 662825
Planning time: 0.784 ms
Execution time: 13627.500 ms
