Hash Join  (cost=78556.72..938471.29 rows=2821677 width=0) (actual time=1372.743..21764.454 rows=3199884 loops=1)
  Hash Cond: (ci.movie_id = t.id)
  ->  Seq Scan on cast_info ci  (cost=0.00..705507.15 rows=10688171 width=4) (actual time=114.327..13095.488 rows=10529529 loops=1)
        Filter: (person_id < 1033259)
        Rows Removed by Filter: 25714815
  ->  Hash  (cost=67604.59..67604.59 rows=667531 width=4) (actual time=1257.560..1257.560 rows=662825 loops=1)
        Buckets: 131072  Batches: 16  Memory Usage: 2476kB
        ->  Seq Scan on title t  (cost=0.00..67604.59 rows=667531 width=4) (actual time=0.032..1055.858 rows=662825 loops=1)
              Filter: (kind_id = 1)
              Rows Removed by Filter: 1865487
Planning time: 0.778 ms
Execution time: 22150.131 ms
