Hash Join  (cost=102767.86..257869.36 rows=2668823 width=0) (actual time=1941.122..6538.526 rows=2663418 loops=1)
  Hash Cond: (mk.movie_id = t.id)
  ->  Seq Scan on movie_keyword mk  (cost=0.00..81003.12 rows=2668823 width=4) (actual time=0.026..1657.145 rows=2663418 loops=1)
        Filter: (keyword_id < 7420)
        Rows Removed by Filter: 1860512
  ->  Hash  (cost=61283.27..61283.27 rows=2528527 width=4) (actual time=1939.116..1939.116 rows=2528312 loops=1)
        Buckets: 131072  Batches: 64  Memory Usage: 2425kB
        ->  Seq Scan on title t  (cost=0.00..61283.27 rows=2528527 width=4) (actual time=0.017..1068.367 rows=2528312 loops=1)
Planning time: 0.733 ms
Execution time: 6830.375 ms
