Hash Join  (cost=111622.37..1098361.18 rows=913235 width=0) (actual time=2808.347..27764.712 rows=1542183 loops=1)
  Hash Cond: (ci.movie_id = t.id)
  ->  Seq Scan on cast_info ci  (cost=0.00..705507.15 rows=23499554 width=4) (actual time=0.026..16425.543 rows=23573656 loops=1)
        Filter: (role_id > 1)
        Rows Removed by Filter: 12670688
  ->  Hash  (cost=110010.08..110010.08 rows=98263 width=8) (actual time=2807.473..2807.473 rows=64063 loops=1)
        Buckets: 131072  Batches: 2  Memory Usage: 2272kB
        ->  Hash Join  (cost=76379.89..110010.08 rows=98263 width=8) (actual time=1990.198..2785.513 rows=64063 loops=1)
              Hash Cond: (mi_idx.movie_id = t.id)
              ->  Seq Scan on movie_info_idx mi_idx  (cost=0.00..25185.44 rows=464566 width=4) (actual time=0.019..491.607 rows=459925 loops=1)
                    Filter: (info_type_id = 101)
                    Rows Removed by Filter: 920110
              ->  Hash  (cost=67604.59..67604.59 rows=534824 width=4) (actual time=1989.369..1989.369 rows=533369 loops=1)
                    Buckets: 131072  Batches: 8  Memory Usage: 3369kB
                    ->  Seq Scan on title t  (cost=0.00..67604.59 rows=534824 width=4) (actual time=0.016..1133.336 rows=533369 loops=1)
                          Filter: (production_year > 2009)
                          Rows Removed by Filter: 1994943
Planning time: 2.442 ms
Execution time: 27956.628 ms
