Seq Scan on cast_info ci  (cost=0.00..796071.18 rows=1248965 width=0) (actual time=3910.867..13747.023 rows=1142102 loops=1)
  Filter: ((person_id < 1623553) AND (role_id = 4))
  Rows Removed by Filter: 35102242
Planning time: 0.399 ms
Execution time: 13892.664 ms
