Seq Scan on movie_companies mc  (cost=0.00..57926.93 rows=53 width=0) (actual time=350.659..978.268 rows=2 loops=1)
  Filter: ((company_type_id > 1) AND (company_id = 11801))
  Rows Removed by Filter: 2609127
Planning time: 5.137 ms
Execution time: 978.380 ms
