Seq Scan on cast_info ci  (cost=0.00..705507.15 rows=27245040 width=42) (actual time=0.016..11866.604 rows=27248481 loops=1)
  Filter: (person_id < 2796982)
  Rows Removed by Filter: 8995863
Planning time: 0.302 ms
Execution time: 13274.037 ms
