Seq Scan on movie_keyword mk  (cost=0.00..81003.12 rows=246 width=0) (actual time=0.219..1205.977 rows=239 loops=1)
  Filter: (keyword_id = 6253)
  Rows Removed by Filter: 4523691
Planning time: 0.333 ms
Execution time: 1206.197 ms
