Seq Scan on movie_keyword mk  (cost=0.00..81003.12 rows=246 width=0) (actual time=143.981..1212.647 rows=28 loops=1)
  Filter: (keyword_id = 3727)
  Rows Removed by Filter: 4523902
Planning time: 0.387 ms
Execution time: 1212.752 ms
