Hash Join  (cost=122312.22..501266.79 rows=19656 width=0) (actual time=1434.866..7966.814 rows=59662 loops=1)
  Hash Cond: (mi.movie_id = t.id)
  ->  Seq Scan on movie_info mi  (cost=0.00..346232.03 rows=8673596 width=4) (actual time=0.020..5162.629 rows=8786582 loops=1)
        Filter: (info_type_id < 13)
        Rows Removed by Filter: 6049138
  ->  Hash  (cost=122240.60..122240.60 rows=5730 width=8) (actual time=1434.455..1434.455 rows=4517 loops=1)
        Buckets: 8192  Batches: 1  Memory Usage: 241kB
        ->  Nested Loop  (cost=0.43..122240.60 rows=5730 width=8) (actual time=0.152..1431.635 rows=4517 loops=1)
              ->  Seq Scan on movie_keyword mk  (cost=0.00..81003.12 rows=5730 width=4) (actual time=0.097..1279.936 rows=4517 loops=1)
                    Filter: (keyword_id = 115)
                    Rows Removed by Filter: 4519413
              ->  Index Only Scan using title_pkey on title t  (cost=0.43..7.19 rows=1 width=4) (actual time=0.032..0.033 rows=1 loops=4517)
                    Index Cond: (id = mk.movie_id)
                    Heap Fetches: 4517
Planning time: 3.370 ms
Execution time: 7976.469 ms
