Hash Join  (cost=146136.19..1259784.64 rows=7772527 width=0) (actual time=3171.626..34669.364 rows=12442494 loops=1)
  Hash Cond: (ci.movie_id = t.id)
  ->  Seq Scan on cast_info ci  (cost=0.00..614943.12 rows=36225612 width=4) (actual time=0.024..13034.861 rows=36244344 loops=1)
  ->  Hash  (cost=137234.72..137234.72 rows=542518 width=8) (actual time=3170.750..3170.750 rows=456969 loops=1)
        Buckets: 131072  Batches: 8  Memory Usage: 3269kB
        ->  Hash Join  (cost=90234.05..137234.72 rows=542518 width=8) (actual time=1639.718..3018.554 rows=456969 loops=1)
              Hash Cond: (mi_idx.movie_id = t.id)
              ->  Seq Scan on movie_info_idx mi_idx  (cost=0.00..21735.35 rows=1380035 width=4) (actual time=0.029..425.507 rows=1380035 loops=1)
              ->  Hash  (cost=73925.90..73925.90 rows=994012 width=4) (actual time=1638.586..1638.586 rows=923721 loops=1)
                    Buckets: 131072  Batches: 16  Memory Usage: 3057kB
                    ->  Seq Scan on title t  (cost=0.00..73925.90 rows=994012 width=4) (actual time=0.023..1334.994 rows=923721 loops=1)
                          Filter: ((kind_id > 1) AND (production_year < 2005))
                          Rows Removed by Filter: 1604591
Planning time: 1.231 ms
Execution time: 36005.896 ms
