Hash Join  (cost=142371.15..169482.92 rows=20128 width=0) (actual time=2897.601..3790.350 rows=241158 loops=1)
  Hash Cond: (mi_idx.movie_id = t.id)
  ->  Seq Scan on movie_info_idx mi_idx  (cost=0.00..21735.35 rows=1380035 width=4) (actual time=0.030..296.643 rows=1380035 loops=1)
  ->  Hash  (cost=141910.18..141910.18 rows=36878 width=8) (actual time=2818.540..2818.540 rows=172598 loops=1)
        Buckets: 131072 (originally 65536)  Batches: 4 (originally 1)  Memory Usage: 3073kB
        ->  Hash Join  (cost=78846.40..141910.18 rows=36878 width=8) (actual time=1684.789..2748.775 rows=172598 loops=1)
              Hash Cond: (mc.movie_id = t.id)
              ->  Seq Scan on movie_companies mc  (cost=0.00..57926.93 rows=310949 width=4) (actual time=109.585..958.270 rows=606347 loops=1)
                    Filter: ((company_id > 63639) AND (company_type_id > 1))
                    Rows Removed by Filter: 2002782
              ->  Hash  (cost=73925.90..73925.90 rows=299880 width=4) (actual time=1323.638..1323.638 rows=391036 loops=1)
                    Buckets: 131072 (originally 131072)  Batches: 8 (originally 4)  Memory Usage: 3073kB
                    ->  Seq Scan on title t  (cost=0.00..73925.90 rows=299880 width=4) (actual time=277.881..1193.477 rows=391036 loops=1)
                          Filter: ((production_year < 2002) AND (kind_id = 1))
                          Rows Removed by Filter: 2137276
Planning time: 1.161 ms
Execution time: 3821.734 ms
