Seq Scan on movie_keyword mk  (cost=0.00..81003.12 rows=4268990 width=0) (actual time=0.014..1566.290 rows=4271437 loops=1)
  Filter: (keyword_id < 60133)
  Rows Removed by Filter: 252493
Planning time: 0.323 ms
Execution time: 2096.943 ms
