Hash Join  (cost=191684.45..1363737.09 rows=13457947 width=0) (actual time=5554.817..51509.046 rows=53334090 loops=1)
  Hash Cond: (ci.movie_id = t.id)
  ->  Seq Scan on cast_info ci  (cost=0.00..614943.12 rows=36225612 width=4) (actual time=0.013..13026.944 rows=36244344 loops=1)
  ->  Hash  (cost=176272.49..176272.49 rows=939357 width=8) (actual time=5553.857..5553.857 rows=1685833 loops=1)
        Buckets: 131072 (originally 131072)  Batches: 32 (originally 16)  Memory Usage: 3073kB
        ->  Hash Join  (cost=83810.17..176272.49 rows=939357 width=8) (actual time=1344.205..4313.347 rows=1685833 loops=1)
              Hash Cond: (mc.movie_id = t.id)
              ->  Seq Scan on movie_companies mc  (cost=0.00..51404.11 rows=2404702 width=4) (actual time=0.014..1089.008 rows=2403141 loops=1)
                    Filter: (company_id < 111741)
                    Rows Removed by Filter: 205988
              ->  Hash  (cost=67604.59..67604.59 rows=987727 width=4) (actual time=1343.349..1343.349 rows=985048 loops=1)
                    Buckets: 131072  Batches: 16  Memory Usage: 3188kB
                    ->  Seq Scan on title t  (cost=0.00..67604.59 rows=987727 width=4) (actual time=0.019..1041.048 rows=985048 loops=1)
                          Filter: (kind_id < 7)
                          Rows Removed by Filter: 1543264
Planning time: 1.020 ms
Execution time: 57379.235 ms
