Seq Scan on cast_info ci  (cost=0.00..796071.18 rows=118 width=0) (actual time=8162.050..12650.272 rows=26 loops=1)
  Filter: ((role_id > 5) AND (person_id = 3357344))
  Rows Removed by Filter: 36244318
Planning time: 0.447 ms
Execution time: 12650.417 ms
