Hash Join  (cost=578333.99..1569603.86 rows=2966195 width=0) (actual time=21743.438..33327.546 rows=5937098 loops=1)
  Hash Cond: (ci.movie_id = t.id)
  ->  Seq Scan on cast_info ci  (cost=0.00..796071.18 rows=9112771 width=4) (actual time=8114.270..15165.199 rows=5380763 loops=1)
        Filter: ((person_id > 995054) AND (role_id < 2))
        Rows Removed by Filter: 30863581
  ->  Hash  (cost=564831.07..564831.07 rows=823033 width=8) (actual time=13627.398..13627.398 rows=1388469 loops=1)
        Buckets: 131072 (originally 131072)  Batches: 32 (originally 16)  Memory Usage: 3073kB
        ->  Hash Join  (cost=76242.82..564831.07 rows=823033 width=8) (actual time=1133.888..12948.047 rows=1388469 loops=1)
              Hash Cond: (mi.movie_id = t.id)
              ->  Seq Scan on movie_info mi  (cost=0.00..309384.22 rows=14739122 width=4) (actual time=0.030..5741.732 rows=14835720 loops=1)
              ->  Hash  (cost=73925.90..73925.90 rows=141193 width=4) (actual time=1132.478..1132.478 rows=132182 loops=1)
                    Buckets: 131072  Batches: 2  Memory Usage: 3346kB
                    ->  Seq Scan on title t  (cost=0.00..73925.90 rows=141193 width=4) (actual time=381.181..1079.427 rows=132182 loops=1)
                          Filter: ((production_year > 2009) AND (kind_id = 1))
                          Rows Removed by Filter: 2396130
Planning time: 1.220 ms
Execution time: 34005.601 ms
