Nested Loop  (cost=84496.27..487940.61 rows=3777 width=0) (actual time=6426.705..20423.499 rows=2782937 loops=1)
  ->  Hash Join  (cost=84495.84..447335.62 rows=73932 width=8) (actual time=6426.596..8272.508 rows=2786902 loops=1)
        Hash Cond: (mi.movie_id = mc.movie_id)
        ->  Seq Scan on movie_info mi  (cost=0.00..346232.03 rows=17937 width=4) (actual time=4699.010..5381.094 rows=147487 loops=1)
              Filter: (info_type_id = 107)
              Rows Removed by Filter: 14688233
        ->  Hash  (cost=51404.11..51404.11 rows=2017018 width=4) (actual time=1699.521..1699.521 rows=2010170 loops=1)
              Buckets: 131072  Batches: 32  Memory Usage: 3278kB
              ->  Seq Scan on movie_companies mc  (cost=0.00..51404.11 rows=2017018 width=4) (actual time=0.041..1046.525 rows=2010170 loops=1)
                    Filter: (company_id < 68086)
                    Rows Removed by Filter: 598959
  ->  Index Scan using title_pkey on title t  (cost=0.43..0.54 rows=1 width=4) (actual time=0.004..0.004 rows=1 loops=2786902)
        Index Cond: (id = mc.movie_id)
        Filter: (kind_id = 1)
        Rows Removed by Filter: 0
Planning time: 1.221 ms
Execution time: 20860.931 ms
