Seq Scan on movie_keyword mk  (cost=0.00..81003.12 rows=246 width=0) (actual time=0.301..1296.316 rows=2846 loops=1)
  Filter: (keyword_id = 71)
  Rows Removed by Filter: 4521084
Planning time: 0.366 ms
Execution time: 1297.197 ms
