Seq Scan on movie_companies mc  (cost=0.00..51404.11 rows=104 width=0) (actual time=102.234..768.552 rows=94 loops=1)
  Filter: (company_id = 101748)
  Rows Removed by Filter: 2609035
Planning time: 0.390 ms
Execution time: 768.659 ms
