Hash Join  (cost=73929.23..160592.03 rows=476 width=0) (actual time=1067.062..2792.846 rows=2577 loops=1)
  Hash Cond: (mk.movie_id = t.id)
  ->  Seq Scan on movie_keyword mk  (cost=0.00..69693.30 rows=4523930 width=4) (actual time=0.017..951.461 rows=4523930 loops=1)
  ->  Hash  (cost=73925.90..73925.90 rows=266 width=4) (actual time=1066.536..1066.536 rows=1154 loops=1)
        Buckets: 2048 (originally 1024)  Batches: 1 (originally 1)  Memory Usage: 57kB
        ->  Seq Scan on title t  (cost=0.00..73925.90 rows=266 width=4) (actual time=0.358..1065.753 rows=1154 loops=1)
              Filter: ((kind_id = 2) AND (production_year = 1991))
              Rows Removed by Filter: 2527158
Planning time: 0.995 ms
Execution time: 2793.318 ms
