Hash Join  (cost=156188.23..907804.19 rows=82678 width=0) (actual time=2784.267..18465.099 rows=15873 loops=1)
  Hash Cond: (ci.movie_id = t.id)
  ->  Seq Scan on cast_info ci  (cost=0.00..614943.12 rows=36225612 width=4) (actual time=0.018..8655.518 rows=36244344 loops=1)
  ->  Hash  (cost=156116.09..156116.09 rows=5771 width=8) (actual time=2765.634..2765.634 rows=1081 loops=1)
        Buckets: 8192  Batches: 1  Memory Usage: 107kB
        ->  Hash Join  (cost=67697.55..156116.09 rows=5771 width=8) (actual time=1072.392..2764.854 rows=1081 loops=1)
              Hash Cond: (mk.movie_id = t.id)
              ->  Seq Scan on movie_keyword mk  (cost=0.00..81003.12 rows=1962055 width=4) (actual time=0.026..1369.418 rows=1966349 loops=1)
                    Filter: (keyword_id > 6441)
                    Rows Removed by Filter: 2557581
              ->  Hash  (cost=67604.59..67604.59 rows=7437 width=4) (actual time=1071.156..1071.156 rows=8125 loops=1)
                    Buckets: 8192  Batches: 1  Memory Usage: 350kB
                    ->  Seq Scan on title t  (cost=0.00..67604.59 rows=7437 width=4) (actual time=0.016..1067.869 rows=8125 loops=1)
                          Filter: (production_year = 1914)
                          Rows Removed by Filter: 2520187
Planning time: 1.183 ms
Execution time: 18468.390 ms
