Seq Scan on movie_keyword mk  (cost=0.00..81003.12 rows=246 width=0) (actual time=11.697..1216.417 rows=65 loops=1)
  Filter: (keyword_id = 22123)
  Rows Removed by Filter: 4523865
Planning time: 0.356 ms
Execution time: 1216.561 ms
