Hash Join  (cost=369983.67..1474020.25 rows=15405418 width=0) (actual time=13079.748..31008.569 rows=22929684 loops=1)
  Hash Cond: (ci.movie_id = t.id)
  ->  Seq Scan on cast_info ci  (cost=0.00..796071.18 rows=8939763 width=4) (actual time=4123.479..13680.439 rows=3819772 loops=1)
        Filter: ((person_id < 1354993) AND (role_id > 1))
        Rows Removed by Filter: 32424572
  ->  Hash  (cost=298496.72..298496.72 rows=4357276 width=8) (actual time=8925.673..8925.673 rows=4342256 loops=1)
        Buckets: 131072  Batches: 64  Memory Usage: 3702kB
        ->  Hash Join  (cost=102767.86..298496.72 rows=4357276 width=8) (actual time=2164.350..7741.232 rows=4342256 loops=1)
              Hash Cond: (mk.movie_id = t.id)
              ->  Seq Scan on movie_keyword mk  (cost=0.00..81003.12 rows=4357276 width=4) (actual time=0.032..1880.515 rows=4342256 loops=1)
                    Filter: (keyword_id > 132)
                    Rows Removed by Filter: 181674
              ->  Hash  (cost=61283.27..61283.27 rows=2528527 width=4) (actual time=2162.575..2162.575 rows=2528312 loops=1)
                    Buckets: 131072  Batches: 64  Memory Usage: 2425kB
                    ->  Seq Scan on title t  (cost=0.00..61283.27 rows=2528527 width=4) (actual time=0.017..1298.071 rows=2528312 loops=1)
Planning time: 1.156 ms
Execution time: 33615.150 ms
