Seq Scan on movie_keyword mk  (cost=0.00..81003.12 rows=1842181 width=0) (actual time=0.026..1346.969 rows=1845802 loops=1)
  Filter: (keyword_id > 7509)
  Rows Removed by Filter: 2678128
Planning time: 0.301 ms
Execution time: 1580.084 ms
