Hash Join  (cost=211456.55..260118.53 rows=639350 width=0) (actual time=4717.172..6496.865 rows=2023338 loops=1)
  Hash Cond: (mi_idx.movie_id = t.id)
  ->  Seq Scan on movie_info_idx mi_idx  (cost=0.00..21735.35 rows=1380035 width=4) (actual time=0.027..419.398 rows=1380035 loops=1)
  ->  Hash  (cost=192237.69..192237.69 rows=1171429 width=8) (actual time=4716.323..4716.323 rows=1166503 loops=1)
        Buckets: 131072  Batches: 16  Memory Usage: 3843kB
        ->  Hash Join  (cost=102767.86..192237.69 rows=1171429 width=8) (actual time=1998.606..4368.688 rows=1166503 loops=1)
              Hash Cond: (mc.movie_id = t.id)
              ->  Seq Scan on movie_companies mc  (cost=0.00..51404.11 rows=1171429 width=4) (actual time=0.024..974.613 rows=1166503 loops=1)
                    Filter: (company_id < 9749)
                    Rows Removed by Filter: 1442626
              ->  Hash  (cost=61283.27..61283.27 rows=2528527 width=4) (actual time=1997.501..1997.501 rows=2528312 loops=1)
                    Buckets: 131072  Batches: 64  Memory Usage: 2415kB
                    ->  Seq Scan on title t  (cost=0.00..61283.27 rows=2528527 width=4) (actual time=0.020..1144.100 rows=2528312 loops=1)
Planning time: 1.043 ms
Execution time: 6745.241 ms
