Seq Scan on movie_keyword mk  (cost=0.00..81003.12 rows=1283524 width=0) (actual time=0.022..1438.195 rows=1296814 loops=1)
  Filter: (keyword_id < 1683)
  Rows Removed by Filter: 3227116
Planning time: 0.339 ms
Execution time: 1600.300 ms
