Seq Scan on movie_keyword mk  (cost=0.00..81003.12 rows=3063785 width=0) (actual time=0.021..1587.688 rows=3053776 loops=1)
  Filter: (keyword_id < 11206)
  Rows Removed by Filter: 1470154
Planning time: 0.319 ms
Execution time: 1978.604 ms
