Seq Scan on cast_info ci  (cost=0.00..705507.15 rows=22232146 width=0) (actual time=0.020..12194.537 rows=22273062 loops=1)
  Filter: (person_id > 1376682)
  Rows Removed by Filter: 13971282
Planning time: 0.301 ms
Execution time: 14919.864 ms
