Hash Join  (cost=797557.14..884215.99 rows=81 width=0) (actual time=11411.220..13247.135 rows=2575 loops=1)
  Hash Cond: (mk.movie_id = t.id)
  ->  Seq Scan on movie_keyword mk  (cost=0.00..69693.30 rows=4523930 width=4) (actual time=0.014..1069.939 rows=4523930 loops=1)
  ->  Hash  (cost=797556.58..797556.58 rows=45 width=8) (actual time=11410.978..11410.978 rows=405 loops=1)
        Buckets: 1024  Batches: 1  Memory Usage: 24kB
        ->  Nested Loop  (cost=0.43..797556.58 rows=45 width=8) (actual time=8936.442..11410.526 rows=405 loops=1)
              ->  Seq Scan on cast_info ci  (cost=0.00..796071.18 rows=176 width=4) (actual time=8936.364..11358.089 rows=554 loops=1)
                    Filter: ((person_id = 1486972) AND (role_id = 1))
                    Rows Removed by Filter: 36243790
              ->  Index Scan using title_pkey on title t  (cost=0.43..8.43 rows=1 width=4) (actual time=0.094..0.094 rows=1 loops=554)
                    Index Cond: (id = ci.movie_id)
                    Filter: ((kind_id < 7) AND (production_year > 1994))
                    Rows Removed by Filter: 0
Planning time: 1.190 ms
Execution time: 13247.686 ms
