Hash Join  (cost=150538.18..976503.54 rows=190377 width=0) (actual time=3708.419..18706.359 rows=516458 loops=1)
  Hash Cond: (ci.movie_id = t.id)
  ->  Seq Scan on cast_info ci  (cost=0.00..796071.18 rows=2351576 width=4) (actual time=319.134..14091.651 rows=2384513 loops=1)
        Filter: ((person_id > 481349) AND (role_id = 4))
        Rows Removed by Filter: 33859831
  ->  Hash  (cost=147179.40..147179.40 rows=204702 width=8) (actual time=3388.522..3388.522 rows=401882 loops=1)
        Buckets: 131072 (originally 131072)  Batches: 8 (originally 4)  Memory Usage: 3073kB
        ->  Hash Join  (cost=83810.17..147179.40 rows=204702 width=8) (actual time=1640.026..3259.300 rows=401882 loops=1)
              Hash Cond: (mc.movie_id = t.id)
              ->  Seq Scan on movie_companies mc  (cost=0.00..51404.11 rows=524025 width=4) (actual time=0.069..1054.082 rows=528451 loops=1)
                    Filter: (company_id > 72837)
                    Rows Removed by Filter: 2080678
              ->  Hash  (cost=67604.59..67604.59 rows=987727 width=4) (actual time=1637.861..1637.861 rows=985048 loops=1)
                    Buckets: 131072  Batches: 16  Memory Usage: 3188kB
                    ->  Seq Scan on title t  (cost=0.00..67604.59 rows=987727 width=4) (actual time=0.018..1334.029 rows=985048 loops=1)
                          Filter: (kind_id < 7)
                          Rows Removed by Filter: 1543264
Planning time: 1.199 ms
Execution time: 18760.517 ms
