Hash Join  (cost=94403.79..187208.70 rows=1287938 width=0) (actual time=2134.701..4344.686 rows=541656 loops=1)
  Hash Cond: (mc.movie_id = t.id)
  ->  Seq Scan on movie_companies mc  (cost=0.00..44881.29 rows=2609129 width=4) (actual time=0.024..878.431 rows=2609129 loops=1)
  ->  Hash  (cost=73925.90..73925.90 rows=1248151 width=4) (actual time=1959.478..1959.478 rows=1332982 loops=1)
        Buckets: 131072  Batches: 32  Memory Usage: 2493kB
        ->  Seq Scan on title t  (cost=0.00..73925.90 rows=1248151 width=4) (actual time=0.017..1508.627 rows=1332982 loops=1)
              Filter: ((production_year > 1972) AND (kind_id = 7))
              Rows Removed by Filter: 1195330
Planning time: 0.761 ms
Execution time: 4408.511 ms
