Hash Join  (cost=83073.86..833874.06 rows=1101 width=0) (actual time=1456.129..17906.341 rows=169 loops=1)
  Hash Cond: (ci.movie_id = t.id)
  ->  Seq Scan on cast_info ci  (cost=0.00..614943.12 rows=36225612 width=4) (actual time=0.020..9617.377 rows=36244344 loops=1)
  ->  Hash  (cost=83072.90..83072.90 rows=77 width=8) (actual time=1440.827..1440.827 rows=5 loops=1)
        Buckets: 1024  Batches: 1  Memory Usage: 9kB
        ->  Nested Loop  (cost=0.43..83072.90 rows=77 width=8) (actual time=1002.229..1440.808 rows=5 loops=1)
              ->  Seq Scan on movie_keyword mk  (cost=0.00..81003.12 rows=246 width=4) (actual time=0.261..1426.554 rows=142 loops=1)
                    Filter: (keyword_id = 3048)
                    Rows Removed by Filter: 4523788
              ->  Index Scan using title_pkey on title t  (cost=0.43..8.40 rows=1 width=4) (actual time=0.096..0.096 rows=0 loops=142)
                    Index Cond: (id = mk.movie_id)
                    Filter: ((kind_id > 3) AND (production_year < 2003))
                    Rows Removed by Filter: 1
Planning time: 1.311 ms
Execution time: 17906.649 ms
