Hash Join  (cost=796926.67..1161587.37 rows=478 width=0) (actual time=11148.398..18245.639 rows=646 loops=1)
  Hash Cond: (mi.movie_id = t.id)
  ->  Seq Scan on movie_info mi  (cost=0.00..309384.22 rows=14739122 width=4) (actual time=0.016..4493.561 rows=14835720 loops=1)
  ->  Hash  (cost=796925.64..796925.64 rows=82 width=8) (actual time=11068.559..11068.559 rows=24 loops=1)
        Buckets: 1024  Batches: 1  Memory Usage: 9kB
        ->  Nested Loop  (cost=0.43..796925.64 rows=82 width=8) (actual time=2734.109..11068.528 rows=24 loops=1)
              ->  Seq Scan on cast_info ci  (cost=0.00..796071.18 rows=101 width=4) (actual time=2734.040..11067.893 rows=24 loops=1)
                    Filter: ((person_id = 2212865) AND (role_id = 2))
                    Rows Removed by Filter: 36244320
              ->  Index Scan using title_pkey on title t  (cost=0.43..8.45 rows=1 width=4) (actual time=0.025..0.025 rows=1 loops=24)
                    Index Cond: (id = ci.movie_id)
                    Filter: (production_year < 2011)
Planning time: 1.036 ms
Execution time: 18246.024 ms
