Seq Scan on movie_keyword mk  (cost=0.00..81003.12 rows=1596409 width=0) (actual time=0.024..1529.475 rows=1603641 loops=1)
  Filter: (keyword_id < 2486)
  Rows Removed by Filter: 2920289
Planning time: 0.327 ms
Execution time: 1730.549 ms
