Seq Scan on movie_keyword mk  (cost=0.00..81003.12 rows=1042011 width=0) (actual time=0.013..1328.968 rows=1039994 loops=1)
  Filter: (keyword_id < 1037)
  Rows Removed by Filter: 3483936
Planning time: 0.235 ms
Execution time: 1457.027 ms
