Hash Join  (cost=510374.62..1815777.72 rows=18041282 width=0) (actual time=9370.902..51728.177 rows=22912043 loops=1)
  Hash Cond: (ci.movie_id = t.id)
  ->  Seq Scan on cast_info ci  (cost=0.00..705507.15 rows=35849632 width=4) (actual time=0.024..17485.503 rows=35925721 loops=1)
        Filter: (person_id > 36851)
        Rows Removed by Filter: 318623
  ->  Hash  (cost=489497.65..489497.65 rows=1272478 width=8) (actual time=9369.598..9369.598 rows=1325361 loops=1)
        Buckets: 131072  Batches: 32  Memory Usage: 2635kB
        ->  Hash Join  (cost=102767.86..489497.65 rows=1272478 width=8) (actual time=5088.425..8981.034 rows=1325361 loops=1)
              Hash Cond: (mi.movie_id = t.id)
              ->  Seq Scan on movie_info mi  (cost=0.00..346232.03 rows=1272478 width=4) (actual time=2965.123..5380.492 rows=1325361 loops=1)
                    Filter: (info_type_id = 8)
                    Rows Removed by Filter: 13510359
              ->  Hash  (cost=61283.27..61283.27 rows=2528527 width=4) (actual time=2121.847..2121.847 rows=2528312 loops=1)
                    Buckets: 131072  Batches: 64  Memory Usage: 2425kB
                    ->  Seq Scan on title t  (cost=0.00..61283.27 rows=2528527 width=4) (actual time=0.028..1030.793 rows=2528312 loops=1)
Planning time: 1.189 ms
Execution time: 54304.355 ms
