Hash Join  (cost=172407.20..1281025.76 rows=7282939 width=0) (actual time=3963.915..42119.839 rows=26975885 loops=1)
  Hash Cond: (ci.movie_id = t.id)
  ->  Seq Scan on cast_info ci  (cost=0.00..614943.12 rows=36225612 width=4) (actual time=0.011..13642.594 rows=36244344 loops=1)
  ->  Hash  (cost=164066.89..164066.89 rows=508345 width=8) (actual time=3962.783..3962.783 rows=739855 loops=1)
        Buckets: 131072 (originally 131072)  Batches: 16 (originally 8)  Memory Usage: 3073kB
        ->  Hash Join  (cost=82008.92..164066.89 rows=508345 width=8) (actual time=1437.988..3743.479 rows=739855 loops=1)
              Hash Cond: (mc.movie_id = t.id)
              ->  Seq Scan on movie_companies mc  (cost=0.00..44881.29 rows=2609129 width=4) (actual time=0.027..875.156 rows=2609129 loops=1)
              ->  Hash  (cost=73925.90..73925.90 rows=492641 width=4) (actual time=1437.233..1437.233 rows=420285 loops=1)
                    Buckets: 131072  Batches: 8  Memory Usage: 2868kB
                    ->  Seq Scan on title t  (cost=0.00..73925.90 rows=492641 width=4) (actual time=0.025..1300.286 rows=420285 loops=1)
                          Filter: ((kind_id < 7) AND (production_year > 2002))
                          Rows Removed by Filter: 2108027
Planning time: 1.179 ms
Execution time: 45190.912 ms
