Seq Scan on movie_companies mc  (cost=0.00..57926.93 rows=824632 width=0) (actual time=13.167..1096.426 rows=616986 loops=1)
  Filter: ((company_id > 3270) AND (company_type_id < 2))
  Rows Removed by Filter: 1992143
Planning time: 0.299 ms
Execution time: 1174.488 ms
