Hash Join  (cost=86275.83..467357.80 rows=653313 width=0) (actual time=2524.735..9829.795 rows=1401253 loops=1)
  Hash Cond: (mi.movie_id = t.id)
  ->  Seq Scan on movie_info mi  (cost=0.00..346232.03 rows=2194617 width=4) (actual time=901.845..5858.378 rows=2233850 loops=1)
        Filter: (info_type_id > 16)
        Rows Removed by Filter: 12601870
  ->  Hash  (cost=73925.90..73925.90 rows=752714 width=4) (actual time=1556.312..1556.312 rows=657199 loops=1)
        Buckets: 131072  Batches: 16  Memory Usage: 2477kB
        ->  Seq Scan on title t  (cost=0.00..73925.90 rows=752714 width=4) (actual time=0.027..1331.550 rows=657199 loops=1)
              Filter: ((kind_id < 7) AND (production_year > 1981))
              Rows Removed by Filter: 1871113
Planning time: 0.747 ms
Execution time: 10006.828 ms
