Hash Join  (cost=190230.21..1079105.77 rows=5707096 width=0) (actual time=4582.577..25283.869 rows=12166233 loops=1)
  Hash Cond: (ci.movie_id = t.id)
  ->  Seq Scan on cast_info ci  (cost=0.00..705507.15 rows=10456653 width=4) (actual time=209.880..12441.073 rows=10465841 loops=1)
        Filter: (person_id > 2663345)
        Rows Removed by Filter: 25778503
  ->  Hash  (cost=167588.78..167588.78 rows=1380035 width=8) (actual time=4371.741..4371.741 rows=1380035 loops=1)
        Buckets: 131072  Batches: 32  Memory Usage: 2708kB
        ->  Hash Join  (cost=102767.86..167588.78 rows=1380035 width=8) (actual time=1999.644..3969.793 rows=1380035 loops=1)
              Hash Cond: (mi_idx.movie_id = t.id)
              ->  Seq Scan on movie_info_idx mi_idx  (cost=0.00..21735.35 rows=1380035 width=4) (actual time=0.017..447.811 rows=1380035 loops=1)
              ->  Hash  (cost=61283.27..61283.27 rows=2528527 width=4) (actual time=1998.112..1998.112 rows=2528312 loops=1)
                    Buckets: 131072  Batches: 64  Memory Usage: 2415kB
                    ->  Seq Scan on title t  (cost=0.00..61283.27 rows=2528527 width=4) (actual time=0.021..1164.823 rows=2528312 loops=1)
Planning time: 1.163 ms
Execution time: 26658.424 ms
