Hash Join  (cost=98831.11..917232.38 rows=1243 width=0) (actual time=4090.037..14434.090 rows=1782 loops=1)
  Hash Cond: (ci.movie_id = t.id)
  ->  Seq Scan on cast_info ci  (cost=0.00..796071.18 rows=5951375 width=4) (actual time=3077.445..12223.099 rows=7064703 loops=1)
        Filter: ((person_id < 870794) AND (role_id < 4))
        Rows Removed by Filter: 29179641
  ->  Hash  (cost=98824.51..98824.51 rows=528 width=8) (actual time=988.398..988.398 rows=5759 loops=1)
        Buckets: 8192 (originally 1024)  Batches: 1 (originally 1)  Memory Usage: 289kB
        ->  Nested Loop  (cost=0.43..98824.51 rows=528 width=8) (actual time=481.416..985.771 rows=5759 loops=1)
              ->  Seq Scan on movie_companies mc  (cost=0.00..57926.93 rows=5673 width=4) (actual time=481.282..819.732 rows=5759 loops=1)
                    Filter: ((company_id = 11203) AND (company_type_id = 2))
                    Rows Removed by Filter: 2603370
              ->  Index Scan using title_pkey on title t  (cost=0.43..7.20 rows=1 width=4) (actual time=0.028..0.028 rows=1 loops=5759)
                    Index Cond: (id = mc.movie_id)
                    Filter: (production_year < 1959)
Planning time: 1.230 ms
Execution time: 14434.746 ms
