Hash Join  (cost=58375.85..423034.86 rows=309 width=0) (actual time=900.859..7746.756 rows=1011 loops=1)
  Hash Cond: (mi.movie_id = t.id)
  ->  Seq Scan on movie_info mi  (cost=0.00..309384.22 rows=14739122 width=4) (actual time=0.025..4225.639 rows=14835720 loops=1)
  ->  Hash  (cost=58375.18..58375.18 rows=53 width=8) (actual time=898.224..898.224 rows=140 loops=1)
        Buckets: 1024  Batches: 1  Memory Usage: 14kB
        ->  Nested Loop  (cost=0.43..58375.18 rows=53 width=8) (actual time=0.905..898.114 rows=140 loops=1)
              ->  Seq Scan on movie_companies mc  (cost=0.00..57926.93 rows=53 width=4) (actual time=0.861..894.321 rows=140 loops=1)
                    Filter: ((company_type_id > 1) AND (company_id = 45857))
                    Rows Removed by Filter: 2608989
              ->  Index Only Scan using title_pkey on title t  (cost=0.43..8.45 rows=1 width=4) (actual time=0.025..0.025 rows=1 loops=140)
                    Index Cond: (id = mc.movie_id)
                    Heap Fetches: 140
Planning time: 1.210 ms
Execution time: 7747.355 ms
