Hash Join  (cost=147783.42..1197958.11 rows=1593652 width=0) (actual time=2884.780..28323.036 rows=3698697 loops=1)
  Hash Cond: (ci.movie_id = t.id)
  ->  Seq Scan on cast_info ci  (cost=0.00..614943.12 rows=36225612 width=4) (actual time=0.027..11885.979 rows=36244344 loops=1)
  ->  Hash  (cost=145957.97..145957.97 rows=111236 width=8) (actual time=2883.983..2883.983 rows=98794 loops=1)
        Buckets: 131072  Batches: 2  Memory Usage: 2927kB
        ->  Hash Join  (cost=69374.09..145957.97 rows=111236 width=8) (actual time=1020.182..2851.511 rows=98794 loops=1)
              Hash Cond: (mc.movie_id = t.id)
              ->  Seq Scan on movie_companies mc  (cost=0.00..44881.29 rows=2609129 width=4) (actual time=0.009..884.544 rows=2609129 loops=1)
              ->  Hash  (cost=67604.59..67604.59 rows=107800 width=4) (actual time=1019.270..1019.270 rows=108429 loops=1)
                    Buckets: 131072  Batches: 2  Memory Usage: 2931kB
                    ->  Seq Scan on title t  (cost=0.00..67604.59 rows=107800 width=4) (actual time=0.029..979.717 rows=108429 loops=1)
                          Filter: (production_year = 2006)
                          Rows Removed by Filter: 2419883
Planning time: 1.139 ms
Execution time: 28740.891 ms
