Hash Join  (cost=92883.59..146729.58 rows=840947 width=0) (actual time=1846.299..3115.210 rows=425718 loops=1)
  Hash Cond: (mi_idx.movie_id = t.id)
  ->  Seq Scan on movie_info_idx mi_idx  (cost=0.00..21735.35 rows=1380035 width=4) (actual time=0.014..437.710 rows=1380035 loops=1)
  ->  Hash  (cost=67604.59..67604.59 rows=1540800 width=4) (actual time=1704.456..1704.456 rows=1543264 loops=1)
        Buckets: 131072  Batches: 32  Memory Usage: 2722kB
        ->  Seq Scan on title t  (cost=0.00..67604.59 rows=1540800 width=4) (actual time=0.024..1202.213 rows=1543264 loops=1)
              Filter: (kind_id > 6)
              Rows Removed by Filter: 985048
Planning time: 0.738 ms
Execution time: 3166.404 ms
