Hash Join  (cost=68237.77..864264.25 rows=459052 width=0) (actual time=1147.913..20942.168 rows=453392 loops=1)
  Hash Cond: (ci.movie_id = t.id)
  ->  Seq Scan on cast_info ci  (cost=0.00..705507.15 rows=22914349 width=4) (actual time=0.020..12666.430 rows=22790689 loops=1)
        Filter: (person_id < 2326666)
        Rows Removed by Filter: 13453655
  ->  Hash  (cost=67604.59..67604.59 rows=50655 width=4) (actual time=1147.375..1147.375 rows=50564 loops=1)
        Buckets: 65536  Batches: 1  Memory Usage: 2290kB
        ->  Seq Scan on title t  (cost=0.00..67604.59 rows=50655 width=4) (actual time=0.026..1125.705 rows=50564 loops=1)
              Filter: (production_year = 1999)
              Rows Removed by Filter: 2477748
Planning time: 3.213 ms
Execution time: 21011.139 ms
