Seq Scan on movie_companies mc  (cost=0.00..57926.93 rows=621752 width=0) (actual time=0.024..1043.929 rows=378533 loops=1)
  Filter: ((company_id > 11393) AND (company_type_id < 2))
  Rows Removed by Filter: 2230596
Planning time: 0.308 ms
Execution time: 1090.858 ms
