Seq Scan on cast_info ci  (cost=0.00..796071.18 rows=28256264 width=0) (actual time=0.017..17566.240 rows=28094944 loops=1)
  Filter: ((person_id > 351161) AND (role_id < 10))
  Rows Removed by Filter: 8149400
Planning time: 0.370 ms
Execution time: 21108.461 ms
