Seq Scan on movie_companies mc  (cost=0.00..57926.93 rows=749123 width=0) (actual time=0.016..962.780 rows=468247 loops=1)
  Filter: ((company_id < 13165) AND (company_type_id > 1))
  Rows Removed by Filter: 2140882
Planning time: 0.351 ms
Execution time: 1021.457 ms
