Nested Loop  (cost=0.43..52283.69 rows=104 width=0) (actual time=0.109..869.195 rows=524 loops=1)
  ->  Seq Scan on movie_companies mc  (cost=0.00..51404.11 rows=104 width=4) (actual time=0.037..835.905 rows=524 loops=1)
        Filter: (company_id = 29121)
        Rows Removed by Filter: 2608605
  ->  Index Only Scan using title_pkey on title t  (cost=0.43..8.45 rows=1 width=4) (actual time=0.062..0.062 rows=1 loops=524)
        Index Cond: (id = mc.movie_id)
        Heap Fetches: 524
Planning time: 0.690 ms
Execution time: 869.442 ms
