Hash Join  (cost=188172.14..705049.06 rows=3474199 width=0) (actual time=3866.371..19550.267 rows=9173834 loops=1)
  Hash Cond: (mi.movie_id = t.id)
  ->  Seq Scan on movie_info mi  (cost=0.00..309384.22 rows=14739122 width=4) (actual time=0.013..6047.636 rows=14835720 loops=1)
  ->  Hash  (cost=178393.07..178393.07 rows=596006 width=8) (actual time=3865.504..3865.504 rows=601879 loops=1)
        Buckets: 131072  Batches: 8  Memory Usage: 3987kB
        ->  Hash Join  (cost=102767.86..178393.07 rows=596006 width=8) (actual time=2239.891..3682.233 rows=601879 loops=1)
              Hash Cond: (mc.movie_id = t.id)
              ->  Seq Scan on movie_companies mc  (cost=0.00..51404.11 rows=596006 width=4) (actual time=341.808..878.671 rows=601879 loops=1)
                    Filter: (company_id > 67098)
                    Rows Removed by Filter: 2007250
              ->  Hash  (cost=61283.27..61283.27 rows=2528527 width=4) (actual time=1894.384..1894.384 rows=2528312 loops=1)
                    Buckets: 131072  Batches: 64  Memory Usage: 2415kB
                    ->  Seq Scan on title t  (cost=0.00..61283.27 rows=2528527 width=4) (actual time=0.030..1044.308 rows=2528312 loops=1)
Planning time: 1.381 ms
Execution time: 20606.465 ms
