Hash Join  (cost=92883.59..1158841.25 rows=11423717 width=0) (actual time=1815.482..29124.899 rows=10737527 loops=1)
  Hash Cond: (ci.movie_id = t.id)
  ->  Seq Scan on cast_info ci  (cost=0.00..705507.15 rows=18746869 width=4) (actual time=0.023..14061.992 rows=18640638 loops=1)
        Filter: (person_id < 1856372)
        Rows Removed by Filter: 17603706
  ->  Hash  (cost=67604.59..67604.59 rows=1540800 width=4) (actual time=1813.942..1813.942 rows=1543264 loops=1)
        Buckets: 131072  Batches: 32  Memory Usage: 2722kB
        ->  Seq Scan on title t  (cost=0.00..67604.59 rows=1540800 width=4) (actual time=0.012..1337.432 rows=1543264 loops=1)
              Filter: (kind_id = 7)
              Rows Removed by Filter: 985048
Planning time: 2.477 ms
Execution time: 30386.906 ms
