Hash Join  (cost=73950.44..447371.89 rows=5617 width=0) (actual time=1593.309..8458.914 rows=26489 loops=1)
  Hash Cond: (mi.movie_id = t.id)
  ->  Seq Scan on movie_info mi  (cost=0.00..346232.03 rows=7235534 width=4) (actual time=511.921..6245.444 rows=7286865 loops=1)
        Filter: (info_type_id < 8)
        Rows Removed by Filter: 7548855
  ->  Hash  (cost=73925.90..73925.90 rows=1963 width=4) (actual time=1048.094..1048.094 rows=4142 loops=1)
        Buckets: 8192 (originally 2048)  Batches: 1 (originally 1)  Memory Usage: 210kB
        ->  Seq Scan on title t  (cost=0.00..73925.90 rows=1963 width=4) (actual time=29.292..1046.124 rows=4142 loops=1)
              Filter: ((kind_id = 1) AND (production_year = 1973))
              Rows Removed by Filter: 2524170
Planning time: 0.863 ms
Execution time: 8463.892 ms
