Hash Join  (cost=207721.02..744619.79 rows=5350684 width=0) (actual time=4916.385..23919.050 rows=16591936 loops=1)
  Hash Cond: (mi.movie_id = t.id)
  ->  Seq Scan on movie_info mi  (cost=0.00..309384.22 rows=14739122 width=4) (actual time=0.023..6054.308 rows=14835720 loops=1)
  ->  Hash  (cost=192661.01..192661.01 rows=917921 width=8) (actual time=4915.201..4915.201 rows=1102320 loops=1)
        Buckets: 131072  Batches: 16  Memory Usage: 3726kB
        ->  Hash Join  (cost=102767.86..192661.01 rows=917921 width=8) (actual time=1918.606..4577.917 rows=1102320 loops=1)
              Hash Cond: (mc.movie_id = t.id)
              ->  Seq Scan on movie_companies mc  (cost=0.00..57926.93 rows=917921 width=4) (actual time=73.431..1164.600 rows=1102320 loops=1)
                    Filter: ((company_id > 1772) AND (company_type_id = 2))
                    Rows Removed by Filter: 1506809
              ->  Hash  (cost=61283.27..61283.27 rows=2528527 width=4) (actual time=1843.835..1843.835 rows=2528312 loops=1)
                    Buckets: 131072  Batches: 64  Memory Usage: 2415kB
                    ->  Seq Scan on title t  (cost=0.00..61283.27 rows=2528527 width=4) (actual time=0.013..997.380 rows=2528312 loops=1)
Planning time: 1.161 ms
Execution time: 25926.412 ms
