Nested Loop  (cost=0.43..86919.28 rows=3839 width=0) (actual time=0.090..1031.537 rows=4375 loops=1)
  ->  Seq Scan on movie_companies mc  (cost=0.00..57926.93 rows=3839 width=4) (actual time=0.019..912.310 rows=4375 loops=1)
        Filter: ((company_id = 159) AND (company_type_id = 1))
        Rows Removed by Filter: 2604754
  ->  Index Only Scan using title_pkey on title t  (cost=0.43..7.54 rows=1 width=4) (actual time=0.026..0.027 rows=1 loops=4375)
        Index Cond: (id = mc.movie_id)
        Heap Fetches: 4375
Planning time: 0.753 ms
Execution time: 1032.784 ms
