Hash Join  (cost=74146.12..896644.44 rows=48205 width=0) (actual time=10758.064..14676.004 rows=40046 loops=1)
  Hash Cond: (ci.movie_id = t.id)
  ->  Seq Scan on cast_info ci  (cost=0.00..796071.18 rows=6918691 width=4) (actual time=9597.136..12882.157 rows=2595882 loops=1)
        Filter: ((person_id > 2665834) AND (role_id < 4))
        Rows Removed by Filter: 33648462
  ->  Hash  (cost=73925.90..73925.90 rows=17617 width=4) (actual time=1160.444..1160.444 rows=22021 loops=1)
        Buckets: 32768  Batches: 1  Memory Usage: 1031kB
        ->  Seq Scan on title t  (cost=0.00..73925.90 rows=17617 width=4) (actual time=0.027..1148.688 rows=22021 loops=1)
              Filter: ((production_year > 2012) AND (kind_id = 1))
              Rows Removed by Filter: 2506291
Planning time: 0.552 ms
Execution time: 14682.606 ms
