Hash Join  (cost=73929.23..134524.54 rows=75 width=0) (actual time=1743.780..1989.677 rows=257 loops=1)
  Hash Cond: (mc.movie_id = t.id)
  ->  Seq Scan on movie_companies mc  (cost=0.00..57926.93 rows=711367 width=4) (actual time=0.026..923.604 rows=447908 loops=1)
        Filter: ((company_id < 11974) AND (company_type_id > 1))
        Rows Removed by Filter: 2161221
  ->  Hash  (cost=73925.90..73925.90 rows=266 width=4) (actual time=1001.633..1001.633 rows=309 loops=1)
        Buckets: 1024  Batches: 1  Memory Usage: 19kB
        ->  Seq Scan on title t  (cost=0.00..73925.90 rows=266 width=4) (actual time=68.781..1001.330 rows=309 loops=1)
              Filter: ((kind_id = 2) AND (production_year = 1958))
              Rows Removed by Filter: 2528003
Planning time: 3.521 ms
Execution time: 1989.818 ms
