Seq Scan on cast_info ci  (cost=0.00..705507.15 rows=500 width=0) (actual time=3267.483..11057.521 rows=9 loops=1)
  Filter: (person_id = 397032)
  Rows Removed by Filter: 36244335
Planning time: 0.355 ms
Execution time: 11057.631 ms
