Seq Scan on cast_info ci  (cost=0.00..705507.15 rows=29217176 width=0) (actual time=0.014..13203.842 rows=29302872 loops=1)
  Filter: (person_id > 671262)
  Rows Removed by Filter: 6941472
Planning time: 0.329 ms
Execution time: 16877.841 ms
