Seq Scan on title t  (cost=0.00..73925.90 rows=115376 width=0) (actual time=0.023..1085.336 rows=119207 loops=1)
  Filter: ((kind_id > 2) AND (production_year = 2012))
  Rows Removed by Filter: 2409105
Planning time: 0.347 ms
Execution time: 1102.294 ms
