Hash Join  (cost=263115.61..425196.24 rows=3000046 width=0) (actual time=7127.515..15973.691 rows=22106104 loops=1)
  Hash Cond: (mk.movie_id = t.id)
  ->  Seq Scan on movie_keyword mk  (cost=0.00..81003.12 rows=2907368 width=4) (actual time=0.028..1612.703 rows=2897166 loops=1)
        Filter: (keyword_id < 9181)
        Rows Removed by Filter: 1626764
  ->  Hash  (cost=220309.49..220309.49 rows=2609129 width=8) (actual time=7125.528..7125.528 rows=2609129 loops=1)
        Buckets: 131072  Batches: 64  Memory Usage: 2691kB
        ->  Hash Join  (cost=102767.86..220309.49 rows=2609129 width=8) (actual time=2408.309..6240.810 rows=2609129 loops=1)
              Hash Cond: (mc.movie_id = t.id)
              ->  Seq Scan on movie_companies mc  (cost=0.00..44881.29 rows=2609129 width=4) (actual time=0.012..865.391 rows=2609129 loops=1)
              ->  Hash  (cost=61283.27..61283.27 rows=2528527 width=4) (actual time=2406.664..2406.664 rows=2528312 loops=1)
                    Buckets: 131072  Batches: 64  Memory Usage: 2415kB
                    ->  Seq Scan on title t  (cost=0.00..61283.27 rows=2528527 width=4) (actual time=0.017..1237.018 rows=2528312 loops=1)
Planning time: 1.078 ms
Execution time: 18614.271 ms
