Hash Join  (cost=52284.04..450751.53 rows=39 width=0) (actual time=903.837..9430.085 rows=193 loops=1)
  Hash Cond: (mi.movie_id = t.id)
  ->  Seq Scan on movie_info mi  (cost=0.00..346232.03 rows=13929354 width=4) (actual time=0.015..6651.656 rows=14033580 loops=1)
        Filter: (info_type_id > 1)
        Rows Removed by Filter: 802140
  ->  Hash  (cost=52283.95..52283.95 rows=7 width=8) (actual time=832.346..832.346 rows=7 loops=1)
        Buckets: 1024  Batches: 1  Memory Usage: 9kB
        ->  Nested Loop  (cost=0.43..52283.95 rows=7 width=8) (actual time=112.085..832.331 rows=7 loops=1)
              ->  Seq Scan on movie_companies mc  (cost=0.00..51404.11 rows=104 width=4) (actual time=112.010..830.902 rows=44 loops=1)
                    Filter: (company_id = 7276)
                    Rows Removed by Filter: 2609085
              ->  Index Scan using title_pkey on title t  (cost=0.43..8.45 rows=1 width=4) (actual time=0.028..0.029 rows=0 loops=44)
                    Index Cond: (id = mc.movie_id)
                    Filter: (production_year = 2011)
                    Rows Removed by Filter: 1
Planning time: 1.291 ms
Execution time: 9430.327 ms
