Hash Join  (cost=102767.86..1076019.17 rows=10716441 width=0) (actual time=2036.478..24506.673 rows=10560175 loops=1)
  Hash Cond: (ci.movie_id = t.id)
  ->  Seq Scan on cast_info ci  (cost=0.00..705507.15 rows=10716441 width=4) (actual time=10.442..13072.514 rows=10560175 loops=1)
        Filter: (person_id < 1036167)
        Rows Removed by Filter: 25684169
  ->  Hash  (cost=61283.27..61283.27 rows=2528527 width=4) (actual time=2000.418..2000.418 rows=2528312 loops=1)
        Buckets: 131072  Batches: 64  Memory Usage: 2415kB
        ->  Seq Scan on title t  (cost=0.00..61283.27 rows=2528527 width=4) (actual time=0.027..1158.663 rows=2528312 loops=1)
Planning time: 0.752 ms
Execution time: 25683.042 ms
