Hash Join  (cost=73950.44..472515.69 rows=10812 width=0) (actual time=1044.106..9701.777 rows=49189 loops=1)
  Hash Cond: (mi.movie_id = t.id)
  ->  Seq Scan on movie_info mi  (cost=0.00..346232.03 rows=13926693 width=4) (actual time=0.014..6423.617 rows=13963496 loops=1)
        Filter: (info_type_id < 98)
        Rows Removed by Filter: 872224
  ->  Hash  (cost=73925.90..73925.90 rows=1963 width=4) (actual time=1043.666..1043.666 rows=4606 loops=1)
        Buckets: 8192 (originally 2048)  Batches: 1 (originally 1)  Memory Usage: 226kB
        ->  Seq Scan on title t  (cost=0.00..73925.90 rows=1963 width=4) (actual time=0.118..1041.426 rows=4606 loops=1)
              Filter: ((kind_id = 1) AND (production_year = 1970))
              Rows Removed by Filter: 2523706
Planning time: 0.777 ms
Execution time: 9710.443 ms
