Seq Scan on movie_companies mc  (cost=0.00..51404.11 rows=1258518 width=0) (actual time=0.024..802.539 rows=1251345 loops=1)
  Filter: (company_id < 11153)
  Rows Removed by Filter: 1357784
Planning time: 0.340 ms
Execution time: 952.670 ms
