Seq Scan on movie_companies mc  (cost=0.00..57926.93 rows=281247 width=0) (actual time=142.089..924.113 rows=556636 loops=1)
  Filter: ((company_id > 71722) AND (company_type_id = 2))
  Rows Removed by Filter: 2052493
Planning time: 0.403 ms
Execution time: 994.048 ms
