Hash Join  (cost=198393.35..662544.00 rows=452828 width=0) (actual time=4513.306..16954.259 rows=7373503 loops=1)
  Hash Cond: (mi.movie_id = t.id)
  ->  Seq Scan on movie_info mi  (cost=0.00..346232.03 rows=9767026 width=4) (actual time=0.015..6587.079 rows=9911754 loops=1)
        Filter: (info_type_id > 4)
        Rows Removed by Filter: 4923966
  ->  Hash  (cost=196469.97..196469.97 rows=117230 width=8) (actual time=4512.578..4512.578 rows=115497 loops=1)
        Buckets: 131072  Batches: 2  Memory Usage: 3293kB
        ->  Hash Join  (cost=102767.86..196469.97 rows=117230 width=8) (actual time=2135.445..4473.118 rows=115497 loops=1)
              Hash Cond: (mk.movie_id = t.id)
              ->  Seq Scan on movie_keyword mk  (cost=0.00..81003.12 rows=117230 width=4) (actual time=141.608..1329.115 rows=115497 loops=1)
                    Filter: (keyword_id > 78983)
                    Rows Removed by Filter: 4408433
              ->  Hash  (cost=61283.27..61283.27 rows=2528527 width=4) (actual time=1993.285..1993.285 rows=2528312 loops=1)
                    Buckets: 131072  Batches: 64  Memory Usage: 2425kB
                    ->  Seq Scan on title t  (cost=0.00..61283.27 rows=2528527 width=4) (actual time=0.010..1113.500 rows=2528312 loops=1)
Planning time: 1.142 ms
Execution time: 17882.795 ms
