Seq Scan on movie_keyword mk  (cost=0.00..81003.12 rows=3833949 width=0) (actual time=0.027..1564.238 rows=3837618 loops=1)
  Filter: (keyword_id > 568)
  Rows Removed by Filter: 686312
Planning time: 9.838 ms
Execution time: 2034.992 ms
