Hash Join  (cost=145094.03..513153.37 rows=57493 width=0) (actual time=5662.884..9708.959 rows=534822 loops=1)
  Hash Cond: (mi.movie_id = t.id)
  ->  Seq Scan on movie_info mi  (cost=0.00..346232.03 rows=1810770 width=4) (actual time=2209.862..5442.040 rows=1865632 loops=1)
        Filter: (info_type_id > 17)
        Rows Removed by Filter: 12970088
  ->  Hash  (cost=143776.51..143776.51 rows=80282 width=8) (actual time=3295.291..3295.291 rows=69670 loops=1)
        Buckets: 131072  Batches: 2  Memory Usage: 2380kB
        ->  Hash Join  (cost=69374.09..143776.51 rows=80282 width=8) (actual time=969.709..3268.851 rows=69670 loops=1)
              Hash Cond: (mc.movie_id = t.id)
              ->  Seq Scan on movie_companies mc  (cost=0.00..51404.11 rows=1883063 width=4) (actual time=0.045..1061.742 rows=1890867 loops=1)
                    Filter: (company_id > 1390)
                    Rows Removed by Filter: 718262
              ->  Hash  (cost=67604.59..67604.59 rows=107800 width=4) (actual time=968.803..968.803 rows=108429 loops=1)
                    Buckets: 131072  Batches: 2  Memory Usage: 2931kB
                    ->  Seq Scan on title t  (cost=0.00..67604.59 rows=107800 width=4) (actual time=0.021..930.334 rows=108429 loops=1)
                          Filter: (production_year = 2006)
                          Rows Removed by Filter: 2419883
Planning time: 1.204 ms
Execution time: 9773.970 ms
