Hash Join  (cost=92883.59..263959.04 rows=2709073 width=0) (actual time=4027.910..5823.009 rows=645461 loops=1)
  Hash Cond: (mk.movie_id = t.id)
  ->  Seq Scan on movie_keyword mk  (cost=0.00..81003.12 rows=4445719 width=4) (actual time=0.013..1818.465 rows=4446793 loops=1)
        Filter: (keyword_id < 88690)
        Rows Removed by Filter: 77137
  ->  Hash  (cost=67604.59..67604.59 rows=1540800 width=4) (actual time=1729.336..1729.336 rows=1543264 loops=1)
        Buckets: 131072  Batches: 32  Memory Usage: 2728kB
        ->  Seq Scan on title t  (cost=0.00..67604.59 rows=1540800 width=4) (actual time=59.404..1228.253 rows=1543264 loops=1)
              Filter: (kind_id = 7)
              Rows Removed by Filter: 985048
Planning time: 0.707 ms
Execution time: 5895.875 ms
