Hash Join  (cost=709674.55..796332.80 rows=21 width=0) (actual time=11679.761..12872.621 rows=10 loops=1)
  Hash Cond: (mk.movie_id = t.id)
  ->  Seq Scan on movie_keyword mk  (cost=0.00..69693.30 rows=4523930 width=4) (actual time=0.013..910.217 rows=4523930 loops=1)
  ->  Hash  (cost=709674.40..709674.40 rows=12 width=8) (actual time=11238.202..11238.202 rows=2 loops=1)
        Buckets: 1024  Batches: 1  Memory Usage: 9kB
        ->  Nested Loop  (cost=0.43..709674.40 rows=12 width=8) (actual time=1665.369..11238.147 rows=2 loops=1)
              ->  Seq Scan on cast_info ci  (cost=0.00..705507.15 rows=500 width=4) (actual time=1664.707..11236.076 rows=83 loops=1)
                    Filter: (person_id = 848539)
                    Rows Removed by Filter: 36244261
              ->  Index Scan using title_pkey on title t  (cost=0.43..8.32 rows=1 width=4) (actual time=0.024..0.024 rows=0 loops=83)
                    Index Cond: (id = ci.movie_id)
                    Filter: ((kind_id < 7) AND (production_year = 2011))
                    Rows Removed by Filter: 1
Planning time: 1.211 ms
Execution time: 12872.772 ms
