Hash Join  (cost=127043.47..206177.12 rows=296212 width=0) (actual time=2613.126..4784.343 rows=618034 loops=1)
  Hash Cond: (mc.movie_id = t.id)
  ->  Seq Scan on movie_companies mc  (cost=0.00..44881.29 rows=2609129 width=4) (actual time=0.012..968.942 rows=2609129 loops=1)
  ->  Hash  (cost=122333.21..122333.21 rows=287061 width=8) (actual time=2612.344..2612.344 rows=207444 loops=1)
        Buckets: 131072  Batches: 4  Memory Usage: 3038kB
        ->  Hash Join  (cost=80562.70..122333.21 rows=287061 width=8) (actual time=1352.917..2550.588 rows=207444 loops=1)
              Hash Cond: (mi_idx.movie_id = t.id)
              ->  Seq Scan on movie_info_idx mi_idx  (cost=0.00..25185.44 rows=919057 width=4) (actual time=0.015..559.696 rows=920110 loops=1)
                    Filter: (info_type_id > 99)
                    Rows Removed by Filter: 459925
              ->  Hash  (cost=67604.59..67604.59 rows=789769 width=4) (actual time=1351.314..1351.314 rows=784926 loops=1)
                    Buckets: 131072  Batches: 16  Memory Usage: 2749kB
                    ->  Seq Scan on title t  (cost=0.00..67604.59 rows=789769 width=4) (actual time=0.029..1099.997 rows=784926 loops=1)
                          Filter: (production_year > 2007)
                          Rows Removed by Filter: 1743386
Planning time: 1.193 ms
Execution time: 4855.173 ms
