Hash Join  (cost=847899.67..992589.13 rows=1376061 width=0) (actual time=16840.083..20110.877 rows=428483 loops=1)
  Hash Cond: (mk.movie_id = t.id)
  ->  Seq Scan on movie_keyword mk  (cost=0.00..81003.12 rows=4025792 width=4) (actual time=0.021..1796.737 rows=4021945 loops=1)
        Filter: (keyword_id > 359)
        Rows Removed by Filter: 501985
  ->  Hash  (cost=833719.19..833719.19 rows=864279 width=8) (actual time=16613.752..16613.752 rows=647530 loops=1)
        Buckets: 131072  Batches: 16  Memory Usage: 2596kB
        ->  Hash Join  (cost=94574.69..833719.19 rows=864279 width=8) (actual time=6750.992..16396.025 rows=647530 loops=1)
              Hash Cond: (ci.movie_id = t.id)
              ->  Seq Scan on cast_info ci  (cost=0.00..705507.15 rows=1736414 width=4) (actual time=4842.977..13167.337 rows=1703543 loops=1)
                    Filter: (role_id = 8)
                    Rows Removed by Filter: 34540801
              ->  Hash  (cost=73925.90..73925.90 rows=1258543 width=4) (actual time=1906.575..1906.575 rows=1221534 loops=1)
                    Buckets: 131072  Batches: 32  Memory Usage: 2363kB
                    ->  Seq Scan on title t  (cost=0.00..73925.90 rows=1258543 width=4) (actual time=0.025..1209.142 rows=1221534 loops=1)
                          Filter: ((production_year < 2011) AND (kind_id = 7))
                          Rows Removed by Filter: 1306778
Planning time: 1.168 ms
Execution time: 20153.006 ms
