Hash Join  (cost=98864.94..256335.11 rows=2252382 width=0) (actual time=1920.372..5730.124 rows=1253167 loops=1)
  Hash Cond: (mk.movie_id = t.id)
  ->  Seq Scan on movie_keyword mk  (cost=0.00..81003.12 rows=3746644 width=4) (actual time=0.022..1778.181 rows=3738186 loops=1)
        Filter: (keyword_id < 23977)
        Rows Removed by Filter: 785744
  ->  Hash  (cost=73925.90..73925.90 rows=1520083 width=4) (actual time=1918.986..1918.986 rows=1507233 loops=1)
        Buckets: 131072  Batches: 32  Memory Usage: 2686kB
        ->  Seq Scan on title t  (cost=0.00..73925.90 rows=1520083 width=4) (actual time=0.014..1429.000 rows=1507233 loops=1)
              Filter: ((kind_id > 1) AND (production_year < 2011))
              Rows Removed by Filter: 1021079
Planning time: 0.498 ms
Execution time: 5847.133 ms
