Nested Loop  (cost=0.43..83072.29 rows=201 width=0) (actual time=11.503..1240.417 rows=147 loops=1)
  ->  Seq Scan on movie_keyword mk  (cost=0.00..81003.12 rows=246 width=4) (actual time=11.449..1217.937 rows=175 loops=1)
        Filter: (keyword_id = 2412)
        Rows Removed by Filter: 4523755
  ->  Index Scan using title_pkey on title t  (cost=0.43..8.40 rows=1 width=4) (actual time=0.125..0.125 rows=1 loops=175)
        Index Cond: (id = mk.movie_id)
        Filter: (production_year < 2011)
        Rows Removed by Filter: 0
Planning time: 0.708 ms
Execution time: 1240.608 ms
