Hash Join  (cost=76067.34..587956.10 rows=3006784 width=0) (actual time=1303.680..15810.213 rows=4396697 loops=1)
  Hash Cond: (mi.movie_id = t.id)
  ->  Seq Scan on movie_info mi  (cost=0.00..309384.22 rows=14739122 width=4) (actual time=0.008..6179.951 rows=14835720 loops=1)
  ->  Hash  (cost=67604.59..67604.59 rows=515820 width=4) (actual time=1302.718..1302.718 rows=508955 loops=1)
        Buckets: 131072  Batches: 8  Memory Usage: 3262kB
        ->  Seq Scan on title t  (cost=0.00..67604.59 rows=515820 width=4) (actual time=0.009..1135.730 rows=508955 loops=1)
              Filter: (production_year < 1980)
              Rows Removed by Filter: 2019357
Planning time: 0.718 ms
Execution time: 16369.895 ms
