Hash Join  (cost=100972.04..155668.40 rows=3083 width=0) (actual time=1793.284..3003.999 rows=10014 loops=1)
  Hash Cond: (mc.movie_id = t.id)
  ->  Seq Scan on movie_companies mc  (cost=0.00..44881.29 rows=2609129 width=4) (actual time=0.029..709.494 rows=2609129 loops=1)
  ->  Hash  (cost=100934.69..100934.69 rows=2988 width=8) (actual time=1791.691..1791.691 rows=3942 loops=1)
        Buckets: 4096  Batches: 1  Memory Usage: 186kB
        ->  Hash Join  (cost=73994.33..100934.69 rows=2988 width=8) (actual time=1212.651..1790.219 rows=3942 loops=1)
              Hash Cond: (mi_idx.movie_id = t.id)
              ->  Seq Scan on movie_info_idx mi_idx  (cost=0.00..21735.35 rows=1380035 width=4) (actual time=0.009..302.102 rows=1380035 loops=1)
              ->  Hash  (cost=73925.90..73925.90 rows=5474 width=4) (actual time=1212.326..1212.326 rows=9371 loops=1)
                    Buckets: 16384 (originally 8192)  Batches: 1 (originally 1)  Memory Usage: 458kB
                    ->  Seq Scan on title t  (cost=0.00..73925.90 rows=5474 width=4) (actual time=0.082..1206.390 rows=9371 loops=1)
                          Filter: ((kind_id > 1) AND (production_year = 1972))
                          Rows Removed by Filter: 2518941
Planning time: 1.250 ms
Execution time: 3005.674 ms
