Hash Join  (cost=69283.60..481086.75 rows=220370 width=0) (actual time=1251.490..9019.685 rows=393380 loops=1)
  Hash Cond: (mi.movie_id = t.id)
  ->  Seq Scan on movie_info mi  (cost=0.00..346232.03 rows=5445713 width=4) (actual time=172.577..6026.730 rows=5410520 loops=1)
        Filter: (info_type_id < 6)
        Rows Removed by Filter: 9425200
  ->  Hash  (cost=67604.59..67604.59 rows=102321 width=4) (actual time=986.306..986.306 rows=100537 loops=1)
        Buckets: 131072  Batches: 2  Memory Usage: 2803kB
        ->  Seq Scan on title t  (cost=0.00..67604.59 rows=102321 width=4) (actual time=34.693..949.701 rows=100537 loops=1)
              Filter: (kind_id = 3)
              Rows Removed by Filter: 2427775
Planning time: 0.808 ms
Execution time: 9064.526 ms
