Hash Join  (cost=73950.44..162517.78 rows=1563 width=0) (actual time=1012.141..2744.024 rows=13520 loops=1)
  Hash Cond: (mk.movie_id = t.id)
  ->  Seq Scan on movie_keyword mk  (cost=0.00..81003.12 rows=2012956 width=4) (actual time=0.018..1406.908 rows=2018342 loops=1)
        Filter: (keyword_id > 6141)
        Rows Removed by Filter: 2505588
  ->  Hash  (cost=73925.90..73925.90 rows=1963 width=4) (actual time=1012.069..1012.069 rows=5190 loops=1)
        Buckets: 8192 (originally 2048)  Batches: 1 (originally 1)  Memory Usage: 247kB
        ->  Seq Scan on title t  (cost=0.00..73925.90 rows=1963 width=4) (actual time=0.010..1009.637 rows=5190 loops=1)
              Filter: ((kind_id = 1) AND (production_year = 1992))
              Rows Removed by Filter: 2523122
Planning time: 0.529 ms
Execution time: 2745.991 ms
