Seq Scan on cast_info ci  (cost=0.00..796071.18 rows=4170091 width=0) (actual time=6493.763..15866.909 rows=3204376 loops=1)
  Filter: ((person_id < 3812921) AND (role_id = 10))
  Rows Removed by Filter: 33039968
Planning time: 0.418 ms
Execution time: 16254.221 ms
