Hash Join  (cost=83074.74..476813.70 rows=1232 width=0) (actual time=1307.275..9905.058 rows=4937 loops=1)
  Hash Cond: (mi.movie_id = t.id)
  ->  Seq Scan on movie_info mi  (cost=0.00..346232.03 rows=12665229 width=4) (actual time=0.008..6885.652 rows=12744652 loops=1)
        Filter: (info_type_id > 2)
        Rows Removed by Filter: 2091068
  ->  Hash  (cost=83071.67..83071.67 rows=246 width=8) (actual time=1306.880..1306.880 rows=50 loops=1)
        Buckets: 1024  Batches: 1  Memory Usage: 10kB
        ->  Nested Loop  (cost=0.43..83071.67 rows=246 width=8) (actual time=49.595..1306.795 rows=50 loops=1)
              ->  Seq Scan on movie_keyword mk  (cost=0.00..81003.12 rows=246 width=4) (actual time=49.496..1303.276 rows=50 loops=1)
                    Filter: (keyword_id = 8728)
                    Rows Removed by Filter: 4523880
              ->  Index Only Scan using title_pkey on title t  (cost=0.43..8.40 rows=1 width=4) (actual time=0.063..0.064 rows=1 loops=50)
                    Index Cond: (id = mk.movie_id)
                    Heap Fetches: 50
Planning time: 1.084 ms
Execution time: 9906.128 ms
