Hash Join  (cost=83074.74..109986.57 rows=134 width=0) (actual time=1266.296..1760.868 rows=417 loops=1)
  Hash Cond: (mi_idx.movie_id = t.id)
  ->  Seq Scan on movie_info_idx mi_idx  (cost=0.00..21735.35 rows=1380035 width=4) (actual time=0.022..268.317 rows=1380035 loops=1)
  ->  Hash  (cost=83071.67..83071.67 rows=246 width=8) (actual time=1253.331..1253.331 rows=148 loops=1)
        Buckets: 1024  Batches: 1  Memory Usage: 14kB
        ->  Nested Loop  (cost=0.43..83071.67 rows=246 width=8) (actual time=11.768..1253.134 rows=148 loops=1)
              ->  Seq Scan on movie_keyword mk  (cost=0.00..81003.12 rows=246 width=4) (actual time=11.661..1243.887 rows=148 loops=1)
                    Filter: (keyword_id = 12340)
                    Rows Removed by Filter: 4523782
              ->  Index Only Scan using title_pkey on title t  (cost=0.43..8.40 rows=1 width=4) (actual time=0.057..0.058 rows=1 loops=148)
                    Index Cond: (id = mk.movie_id)
                    Heap Fetches: 148
Planning time: 2.272 ms
Execution time: 1761.072 ms
