Hash Join  (cost=75210.03..198918.08 rows=140001 width=0) (actual time=1236.619..3885.757 rows=46194 loops=1)
  Hash Cond: (mk.movie_id = t.id)
  ->  Seq Scan on movie_keyword mk  (cost=0.00..69693.30 rows=4523930 width=4) (actual time=0.036..1363.134 rows=4523930 loops=1)
  ->  Hash  (cost=73925.90..73925.90 rows=78250 width=4) (actual time=1204.323..1204.323 rows=85111 loops=1)
        Buckets: 131072  Batches: 2  Memory Usage: 2526kB
        ->  Seq Scan on title t  (cost=0.00..73925.90 rows=78250 width=4) (actual time=0.027..1168.025 rows=85111 loops=1)
              Filter: ((kind_id > 4) AND (production_year = 2009))
              Rows Removed by Filter: 2443201
Planning time: 0.714 ms
Execution time: 3891.802 ms
