Nested Loop  (cost=0.43..133027.52 rows=1991 width=0) (actual time=0.166..1410.806 rows=3677 loops=1)
  ->  Seq Scan on movie_keyword mk  (cost=0.00..81003.12 rows=7540 width=4) (actual time=0.128..1195.761 rows=7692 loops=1)
        Filter: (keyword_id = 186)
        Rows Removed by Filter: 4516238
  ->  Index Scan using title_pkey on title t  (cost=0.43..6.89 rows=1 width=4) (actual time=0.027..0.027 rows=0 loops=7692)
        Index Cond: (id = mk.movie_id)
        Filter: (kind_id = 1)
        Rows Removed by Filter: 1
Planning time: 0.763 ms
Execution time: 1412.045 ms
