Seq Scan on movie_companies mc  (cost=0.00..51404.11 rows=2072474 width=0) (actual time=0.016..1005.846 rows=2069731 loops=1)
  Filter: (company_id < 72204)
  Rows Removed by Filter: 539398
Planning time: 0.307 ms
Execution time: 1270.293 ms
