Hash Join  (cost=139599.66..646759.01 rows=2563544 width=0) (actual time=2987.972..15295.483 rows=1669245 loops=1)
  Hash Cond: (mi.movie_id = t.id)
  ->  Seq Scan on movie_info mi  (cost=0.00..309384.22 rows=14739122 width=4) (actual time=0.013..6234.593 rows=14835720 loops=1)
  ->  Hash  (cost=132384.40..132384.40 rows=439781 width=8) (actual time=2767.509..2767.509 rows=215175 loops=1)
        Buckets: 131072  Batches: 8  Memory Usage: 2072kB
        ->  Hash Join  (cost=87146.10..132384.40 rows=439781 width=8) (actual time=1618.705..2707.443 rows=215175 loops=1)
              Hash Cond: (mi_idx.movie_id = t.id)
              ->  Seq Scan on movie_info_idx mi_idx  (cost=0.00..21735.35 rows=1380035 width=4) (actual time=0.034..390.182 rows=1380035 loops=1)
              ->  Hash  (cost=73925.90..73925.90 rows=805776 width=4) (actual time=1555.041..1555.041 rows=881945 loops=1)
                    Buckets: 131072  Batches: 16  Memory Usage: 2970kB
                    ->  Seq Scan on title t  (cost=0.00..73925.90 rows=805776 width=4) (actual time=342.325..1288.927 rows=881945 loops=1)
                          Filter: ((production_year > 2001) AND (kind_id = 7))
                          Rows Removed by Filter: 1646367
Planning time: 0.809 ms
Execution time: 15479.225 ms
