Seq Scan on movie_keyword mk  (cost=0.00..81003.12 rows=246 width=0) (actual time=6.732..1211.679 rows=306 loops=1)
  Filter: (keyword_id = 7097)
  Rows Removed by Filter: 4523624
Planning time: 0.353 ms
Execution time: 1211.941 ms
