Seq Scan on movie_companies mc  (cost=0.00..51404.11 rows=104 width=0) (actual time=438.343..753.790 rows=33 loops=1)
  Filter: (company_id = 82653)
  Rows Removed by Filter: 2609096
Planning time: 0.345 ms
Execution time: 753.866 ms
