Seq Scan on cast_info ci  (cost=0.00..796071.18 rows=3664198 width=0) (actual time=7080.504..11734.495 rows=1598598 loops=1)
  Filter: ((person_id > 3280765) AND (role_id < 10))
  Rows Removed by Filter: 34645746
Planning time: 1.047 ms
Execution time: 11943.916 ms
