Hash Join  (cost=236581.58..792239.50 rows=5382111 width=0) (actual time=5858.758..42755.875 rows=106705976 loops=1)
  Hash Cond: (mi.movie_id = t.id)
  ->  Seq Scan on movie_info mi  (cost=0.00..309384.22 rows=14739122 width=4) (actual time=0.022..6655.580 rows=14835720 loops=1)
  ->  Hash  (cost=221433.18..221433.18 rows=923312 width=8) (actual time=5854.694..5854.694 rows=1601938 loops=1)
        Buckets: 131072 (originally 131072)  Batches: 32 (originally 16)  Memory Usage: 3080kB
        ->  Hash Join  (cost=83743.23..221433.18 rows=923312 width=8) (actual time=1377.143..5372.083 rows=1601938 loops=1)
              Hash Cond: (mk.movie_id = t.id)
              ->  Seq Scan on movie_keyword mk  (cost=0.00..81003.12 rows=3901789 width=4) (actual time=0.018..1900.112 rows=3898864 loops=1)
                    Filter: (keyword_id < 29319)
                    Rows Removed by Filter: 625066
              ->  Hash  (cost=73925.90..73925.90 rows=598346 width=4) (actual time=1375.898..1375.898 rows=507407 loops=1)
                    Buckets: 131072  Batches: 8  Memory Usage: 3259kB
                    ->  Seq Scan on title t  (cost=0.00..73925.90 rows=598346 width=4) (actual time=0.015..1211.728 rows=507407 loops=1)
                          Filter: ((kind_id < 7) AND (production_year > 1997))
                          Rows Removed by Filter: 2020905
Planning time: 1.155 ms
Execution time: 54252.408 ms
