Nested Loop  (cost=0.43..709673.15 rows=28 width=0) (actual time=4854.749..11742.402 rows=1 loops=1)
  ->  Seq Scan on cast_info ci  (cost=0.00..705507.15 rows=500 width=4) (actual time=4854.624..11742.246 rows=3 loops=1)
        Filter: (person_id = 2431099)
        Rows Removed by Filter: 36244341
  ->  Index Scan using title_pkey on title t  (cost=0.43..8.32 rows=1 width=4) (actual time=0.043..0.043 rows=0 loops=3)
        Index Cond: (id = ci.movie_id)
        Filter: (production_year = 2010)
        Rows Removed by Filter: 1
Planning time: 0.792 ms
Execution time: 11742.530 ms
