Hash Join  (cost=130059.46..932706.93 rows=1123287 width=0) (actual time=5125.172..20552.556 rows=2216416 loops=1)
  Hash Cond: (ci.movie_id = t.id)
  ->  Seq Scan on cast_info ci  (cost=0.00..705507.15 rows=7298253 width=4) (actual time=2201.730..13921.223 rows=7451973 loops=1)
        Filter: (role_id = 2)
        Rows Removed by Filter: 28792371
  ->  Hash  (cost=123673.83..123673.83 rows=389170 width=8) (actual time=2922.482..2922.482 rows=469277 loops=1)
        Buckets: 131072  Batches: 8  Memory Usage: 3321kB
        ->  Hash Join  (cost=79303.65..123673.83 rows=389170 width=8) (actual time=1457.682..2786.413 rows=469277 loops=1)
              Hash Cond: (mi_idx.movie_id = t.id)
              ->  Seq Scan on movie_info_idx mi_idx  (cost=0.00..21735.35 rows=1380035 width=4) (actual time=0.026..468.961 rows=1380035 loops=1)
              ->  Hash  (cost=67604.59..67604.59 rows=713045 width=4) (actual time=1456.615..1456.615 rows=707186 loops=1)
                    Buckets: 131072  Batches: 16  Memory Usage: 2578kB
                    ->  Seq Scan on title t  (cost=0.00..67604.59 rows=713045 width=4) (actual time=0.028..1217.659 rows=707186 loops=1)
                          Filter: (production_year < 1991)
                          Rows Removed by Filter: 1821126
Planning time: 1.131 ms
Execution time: 20793.360 ms
