Seq Scan on movie_companies mc  (cost=0.00..51404.11 rows=104 width=0) (actual time=0.194..462.033 rows=171 loops=1)
  Filter: (company_id = 536)
  Rows Removed by Filter: 2608958
Planning time: 0.244 ms
Execution time: 462.129 ms
