Seq Scan on movie_companies mc  (cost=0.00..51404.11 rows=2783 width=0) (actual time=64.564..750.135 rows=2328 loops=1)
  Filter: (company_id = 13543)
  Rows Removed by Filter: 2606801
Planning time: 0.402 ms
Execution time: 750.702 ms
