Hash Join  (cost=170733.35..706642.87 rows=5257961 width=0) (actual time=3973.196..19089.535 rows=7132920 loops=1)
  Hash Cond: (mi.movie_id = t.id)
  ->  Seq Scan on movie_info mi  (cost=0.00..309384.22 rows=14739122 width=4) (actual time=0.018..6548.794 rows=14835720 loops=1)
  ->  Hash  (cost=155934.17..155934.17 rows=902014 width=8) (actual time=3971.681..3971.681 rows=739674 loops=1)
        Buckets: 131072  Batches: 16  Memory Usage: 2848kB
        ->  Hash Join  (cost=101040.51..155934.17 rows=902014 width=8) (actual time=2095.661..3733.091 rows=739674 loops=1)
              Hash Cond: (mi_idx.movie_id = t.id)
              ->  Seq Scan on movie_info_idx mi_idx  (cost=0.00..21735.35 rows=1380035 width=4) (actual time=0.015..418.036 rows=1380035 loops=1)
              ->  Hash  (cost=73925.90..73925.90 rows=1652688 width=4) (actual time=2094.275..2094.275 rows=1761969 loops=1)
                    Buckets: 131072  Batches: 32  Memory Usage: 2964kB
                    ->  Seq Scan on title t  (cost=0.00..73925.90 rows=1652688 width=4) (actual time=0.028..1519.086 rows=1761969 loops=1)
                          Filter: ((kind_id > 1) AND (production_year > 1957))
                          Rows Removed by Filter: 766343
Planning time: 1.836 ms
Execution time: 19855.836 ms
