Hash Join  (cost=96651.52..152648.06 rows=966301 width=0) (actual time=1788.972..3164.136 rows=637077 loops=1)
  Hash Cond: (mi_idx.movie_id = t.id)
  ->  Seq Scan on movie_info_idx mi_idx  (cost=0.00..21735.35 rows=1380035 width=4) (actual time=0.025..421.305 rows=1380035 loops=1)
  ->  Hash  (cost=67604.59..67604.59 rows=1770475 width=4) (actual time=1787.937..1787.937 rows=1774635 loops=1)
        Buckets: 131072  Batches: 32  Memory Usage: 2978kB
        ->  Seq Scan on title t  (cost=0.00..67604.59 rows=1770475 width=4) (actual time=0.015..1236.056 rows=1774635 loops=1)
              Filter: (kind_id > 2)
              Rows Removed by Filter: 753677
Planning time: 8.544 ms
Execution time: 3225.747 ms
