Seq Scan on cast_info ci  (cost=0.00..796071.18 rows=1104206 width=42) (actual time=736.170..13566.558 rows=2195173 loops=1)
  Filter: ((person_id < 295830) AND (role_id = 1))
  Rows Removed by Filter: 34049171
Planning time: 0.502 ms
Execution time: 13699.626 ms
