Hash Join  (cost=74335.01..161578.60 rows=58556 width=0) (actual time=1176.819..3186.769 rows=98736 loops=1)
  Hash Cond: (mk.movie_id = t.id)
  ->  Seq Scan on movie_keyword mk  (cost=0.00..69693.30 rows=4523930 width=4) (actual time=0.011..1126.049 rows=4523930 loops=1)
  ->  Hash  (cost=73925.90..73925.90 rows=32728 width=4) (actual time=1176.585..1176.585 rows=43053 loops=1)
        Buckets: 65536 (originally 32768)  Batches: 1 (originally 1)  Memory Usage: 2026kB
        ->  Seq Scan on title t  (cost=0.00..73925.90 rows=32728 width=4) (actual time=598.981..1158.426 rows=43053 loops=1)
              Filter: ((production_year < 1995) AND (kind_id = 3))
              Rows Removed by Filter: 2485259
Planning time: 0.790 ms
Execution time: 3199.891 ms
