Hash Join  (cost=93408.25..943964.64 rows=4539598 width=0) (actual time=9025.648..20416.638 rows=5003057 loops=1)
  Hash Cond: (ci.movie_id = t.id)
  ->  Seq Scan on cast_info ci  (cost=0.00..705507.15 rows=7298253 width=4) (actual time=7258.329..12775.531 rows=7451973 loops=1)
        Filter: (role_id = 2)
        Rows Removed by Filter: 28792371
  ->  Hash  (cost=67604.59..67604.59 rows=1572773 width=4) (actual time=1766.144..1766.144 rows=1570568 loops=1)
        Buckets: 131072  Batches: 32  Memory Usage: 2751kB
        ->  Seq Scan on title t  (cost=0.00..67604.59 rows=1572773 width=4) (actual time=0.038..1249.075 rows=1570568 loops=1)
              Filter: (production_year > 1996)
              Rows Removed by Filter: 957744
Planning time: 0.764 ms
Execution time: 20994.046 ms
