Hash Join  (cost=136065.21..512134.95 rows=169926 width=0) (actual time=2623.227..10511.436 rows=975004 loops=1)
  Hash Cond: (mi.movie_id = t.id)
  ->  Seq Scan on movie_info mi  (cost=0.00..346232.03 rows=7503588 width=4) (actual time=0.026..5981.207 rows=7548855 loops=1)
        Filter: (info_type_id > 7)
        Rows Removed by Filter: 7286865
  ->  Hash  (cost=135349.45..135349.45 rows=57261 width=8) (actual time=2622.783..2622.783 rows=45801 loops=1)
        Buckets: 65536  Batches: 1  Memory Usage: 2302kB
        ->  Hash Join  (cost=69687.24..135349.45 rows=57261 width=8) (actual time=1180.905..2605.587 rows=45801 loops=1)
              Hash Cond: (mc.movie_id = t.id)
              ->  Seq Scan on movie_companies mc  (cost=0.00..51404.11 rows=1140663 width=4) (actual time=0.018..969.761 rows=1136733 loops=1)
                    Filter: (company_id < 8475)
                    Rows Removed by Filter: 1472396
              ->  Hash  (cost=67604.59..67604.59 rows=126932 width=4) (actual time=1180.049..1180.049 rows=122861 loops=1)
                    Buckets: 131072  Batches: 2  Memory Usage: 3191kB
                    ->  Seq Scan on title t  (cost=0.00..67604.59 rows=126932 width=4) (actual time=0.021..1134.268 rows=122861 loops=1)
                          Filter: (production_year = 2008)
                          Rows Removed by Filter: 2405451
Planning time: 1.173 ms
Execution time: 10632.772 ms
