Hash Join  (cost=478241.75..612330.05 rows=992026 width=0) (actual time=9545.786..13722.616 rows=4314794 loops=1)
  Hash Cond: (mk.movie_id = t.id)
  ->  Seq Scan on movie_keyword mk  (cost=0.00..69693.30 rows=4523930 width=4) (actual time=0.022..1429.659 rows=4523930 loops=1)
  ->  Hash  (cost=469144.92..469144.92 rows=554466 width=8) (actual time=9544.524..9544.524 rows=838273 loops=1)
        Buckets: 131072 (originally 131072)  Batches: 16 (originally 8)  Memory Usage: 3073kB
        ->  Hash Join  (cost=73952.40..469144.92 rows=554466 width=8) (actual time=1207.649..9297.720 rows=838273 loops=1)
              Hash Cond: (mi.movie_id = t.id)
              ->  Seq Scan on movie_info mi  (cost=0.00..346232.03 rows=3623957 width=4) (actual time=0.009..5692.848 rows=3624977 loops=1)
                    Filter: (info_type_id < 4)
                    Rows Removed by Filter: 11210743
              ->  Hash  (cost=67604.59..67604.59 rows=386865 width=4) (actual time=1206.814..1206.814 rows=381430 loops=1)
                    Buckets: 131072  Batches: 8  Memory Usage: 2699kB
                    ->  Seq Scan on title t  (cost=0.00..67604.59 rows=386865 width=4) (actual time=0.027..1082.521 rows=381430 loops=1)
                          Filter: (production_year < 1971)
                          Rows Removed by Filter: 2146882
Planning time: 1.113 ms
Execution time: 14141.424 ms
