Hash Join  (cost=163565.84..512075.87 rows=2046 width=0) (actual time=3923.527..8228.077 rows=16105 loops=1)
  Hash Cond: (mi.movie_id = t.id)
  ->  Seq Scan on movie_info mi  (cost=0.00..346232.03 rows=451508 width=4) (actual time=737.094..4952.784 rows=474443 loops=1)
        Filter: (info_type_id = 6)
        Rows Removed by Filter: 14361277
  ->  Hash  (cost=163422.63..163422.63 rows=11457 width=8) (actual time=3186.157..3186.157 rows=17164 loops=1)
        Buckets: 32768 (originally 16384)  Batches: 1 (originally 1)  Memory Usage: 927kB
        ->  Hash Join  (cost=67697.55..163422.63 rows=11457 width=8) (actual time=946.254..3178.999 rows=17164 loops=1)
              Hash Cond: (mk.movie_id = t.id)
              ->  Seq Scan on movie_keyword mk  (cost=0.00..81003.12 rows=3895303 width=4) (actual time=0.038..1612.872 rows=3895751 loops=1)
                    Filter: (keyword_id > 486)
                    Rows Removed by Filter: 628179
              ->  Hash  (cost=67604.59..67604.59 rows=7437 width=4) (actual time=944.429..944.429 rows=11416 loops=1)
                    Buckets: 16384 (originally 8192)  Batches: 1 (originally 1)  Memory Usage: 530kB
                    ->  Seq Scan on title t  (cost=0.00..67604.59 rows=7437 width=4) (actual time=0.024..938.000 rows=11416 loops=1)
                          Filter: (production_year = 1964)
                          Rows Removed by Filter: 2516896
Planning time: 3.463 ms
Execution time: 8230.598 ms
