Hash Join  (cost=94009.45..148498.02 rows=878404 width=0) (actual time=1801.582..3370.959 rows=810457 loops=1)
  Hash Cond: (mi_idx.movie_id = t.id)
  ->  Seq Scan on movie_info_idx mi_idx  (cost=0.00..21735.35 rows=1380035 width=4) (actual time=0.025..490.735 rows=1380035 loops=1)
  ->  Hash  (cost=67604.59..67604.59 rows=1609429 width=4) (actual time=1800.329..1800.329 rows=1607077 loops=1)
        Buckets: 131072  Batches: 32  Memory Usage: 2791kB
        ->  Seq Scan on title t  (cost=0.00..67604.59 rows=1609429 width=4) (actual time=0.016..1280.524 rows=1607077 loops=1)
              Filter: (production_year > 1995)
              Rows Removed by Filter: 921235
Planning time: 0.749 ms
Execution time: 3461.657 ms
