Seq Scan on movie_keyword mk  (cost=0.00..81003.12 rows=246 width=0) (actual time=218.830..1259.904 rows=16 loops=1)
  Filter: (keyword_id = 74229)
  Rows Removed by Filter: 4523914
Planning time: 0.405 ms
Execution time: 1260.005 ms
