Hash Join  (cost=697533.99..2301624.04 rows=49641437 width=0) (actual time=14966.361..66894.390 rows=75305235 loops=1)
  Hash Cond: (ci.movie_id = t.id)
  ->  Seq Scan on cast_info ci  (cost=0.00..705507.15 rows=21284553 width=4) (actual time=0.027..15485.090 rows=21134960 loops=1)
        Filter: (person_id < 2134639)
        Rows Removed by Filter: 15109384
  ->  Hash  (cost=600781.72..600781.72 rows=5897221 width=8) (actual time=14965.512..14965.512 rows=5884963 loops=1)
        Buckets: 131072  Batches: 128  Memory Usage: 2812kB
        ->  Hash Join  (cost=102767.86..600781.72 rows=5897221 width=8) (actual time=2903.198..13345.742 rows=5884963 loops=1)
              Hash Cond: (mi.movie_id = t.id)
              ->  Seq Scan on movie_info mi  (cost=0.00..346232.03 rows=5897221 width=4) (actual time=904.333..6080.964 rows=5884963 loops=1)
                    Filter: (info_type_id < 7)
                    Rows Removed by Filter: 8950757
              ->  Hash  (cost=61283.27..61283.27 rows=2528527 width=4) (actual time=1998.010..1998.010 rows=2528312 loops=1)
                    Buckets: 131072  Batches: 64  Memory Usage: 2425kB
                    ->  Seq Scan on title t  (cost=0.00..61283.27 rows=2528527 width=4) (actual time=0.028..1146.395 rows=2528312 loops=1)
Planning time: 1.321 ms
Execution time: 75080.302 ms
