Seq Scan on cast_info ci  (cost=0.00..796071.18 rows=324 width=0) (actual time=7472.842..13795.391 rows=156 loops=1)
  Filter: ((role_id > 1) AND (person_id = 3163537))
  Rows Removed by Filter: 36244188
Planning time: 0.405 ms
Execution time: 13795.538 ms
