Hash Join  (cost=100948.70..157351.87 rows=1301 width=0) (actual time=1847.088..3058.737 rows=3471 loops=1)
  Hash Cond: (mc.movie_id = t.id)
  ->  Seq Scan on movie_companies mc  (cost=0.00..51404.11 rows=1329612 width=4) (actual time=0.014..1001.200 rows=1334883 loops=1)
        Filter: (company_type_id = 2)
        Rows Removed by Filter: 1274246
  ->  Hash  (cost=100917.78..100917.78 rows=2474 width=8) (actual time=1846.790..1846.790 rows=3309 loops=1)
        Buckets: 4096  Batches: 1  Memory Usage: 162kB
        ->  Hash Join  (cost=73982.55..100917.78 rows=2474 width=8) (actual time=1397.844..1845.499 rows=3309 loops=1)
              Hash Cond: (mi_idx.movie_id = t.id)
              ->  Seq Scan on movie_info_idx mi_idx  (cost=0.00..21735.35 rows=1380035 width=4) (actual time=0.012..302.767 rows=1380035 loops=1)
              ->  Hash  (cost=73925.90..73925.90 rows=4532 width=4) (actual time=1259.261..1259.261 rows=8404 loops=1)
                    Buckets: 16384 (originally 8192)  Batches: 1 (originally 1)  Memory Usage: 424kB
                    ->  Seq Scan on title t  (cost=0.00..73925.90 rows=4532 width=4) (actual time=0.030..1254.963 rows=8404 loops=1)
                          Filter: ((kind_id = 7) AND (production_year = 1983))
                          Rows Removed by Filter: 2519908
Planning time: 1.151 ms
Execution time: 3059.385 ms
