Hash Join  (cost=120730.70..1222345.44 rows=1847117 width=0) (actual time=2248.901..29756.492 rows=898317 loops=1)
  Hash Cond: (ci.movie_id = t.id)
  ->  Seq Scan on cast_info ci  (cost=0.00..705507.15 rows=32611856 width=4) (actual time=0.017..15973.902 rows=32748519 loops=1)
        Filter: (person_id > 335269)
        Rows Removed by Filter: 3495825
  ->  Hash  (cost=118380.53..118380.53 rows=143214 width=8) (actual time=2247.274..2247.274 rows=53958 loops=1)
        Buckets: 131072  Batches: 2  Memory Usage: 2088kB
        ->  Hash Join  (cost=78230.90..118380.53 rows=143214 width=8) (actual time=1226.395..2232.780 rows=53958 loops=1)
              Hash Cond: (mi_idx.movie_id = t.id)
              ->  Seq Scan on movie_info_idx mi_idx  (cost=0.00..21735.35 rows=1380035 width=4) (actual time=0.012..497.323 rows=1380035 loops=1)
              ->  Hash  (cost=73925.90..73925.90 rows=262400 width=4) (actual time=1224.934..1224.934 rows=129927 loops=1)
                    Buckets: 131072  Batches: 4  Memory Usage: 2165kB
                    ->  Seq Scan on title t  (cost=0.00..73925.90 rows=262400 width=4) (actual time=0.022..1180.131 rows=129927 loops=1)
                          Filter: ((kind_id > 1) AND (production_year < 1969))
                          Rows Removed by Filter: 2398385
Planning time: 1.229 ms
Execution time: 29871.347 ms
