Hash Join  (cost=81925.97..847625.75 rows=833173 width=0) (actual time=7478.971..17027.197 rows=1279693 loops=1)
  Hash Cond: (ci.movie_id = t.id)
  ->  Seq Scan on cast_info ci  (cost=0.00..705507.15 rows=4320508 width=4) (actual time=6048.874..13173.875 rows=4323018 loops=1)
        Filter: (role_id = 10)
        Rows Removed by Filter: 31921326
  ->  Hash  (cost=73925.90..73925.90 rows=487605 width=4) (actual time=1429.110..1429.110 rows=501779 loops=1)
        Buckets: 131072  Batches: 8  Memory Usage: 3231kB
        ->  Seq Scan on title t  (cost=0.00..73925.90 rows=487605 width=4) (actual time=0.024..1268.134 rows=501779 loops=1)
              Filter: ((kind_id > 1) AND (production_year > 2008))
              Rows Removed by Filter: 2026533
Planning time: 0.743 ms
Execution time: 17183.142 ms
