Hash Join  (cost=198658.18..1117309.18 rows=1864923 width=0) (actual time=4075.912..28528.988 rows=19329282 loops=1)
  Hash Cond: (ci.movie_id = t.id)
  ->  Seq Scan on cast_info ci  (cost=0.00..796071.18 rows=8807627 width=4) (actual time=0.025..14839.743 rows=11560530 loops=1)
        Filter: ((person_id > 1622531) AND (role_id > 2))
        Rows Removed by Filter: 24683814
  ->  Hash  (cost=189873.82..189873.82 rows=535389 width=8) (actual time=4074.663..4074.663 rows=1168156 loops=1)
        Buckets: 131072 (originally 131072)  Batches: 16 (originally 8)  Memory Usage: 3938kB
        ->  Hash Join  (cost=83810.17..189873.82 rows=535389 width=8) (actual time=1494.540..3799.707 rows=1168156 loops=1)
              Hash Cond: (mk.movie_id = t.id)
              ->  Seq Scan on movie_keyword mk  (cost=0.00..81003.12 rows=1370567 width=4) (actual time=0.013..1308.105 rows=1386579 loops=1)
                    Filter: (keyword_id > 12029)
                    Rows Removed by Filter: 3137351
              ->  Hash  (cost=67604.59..67604.59 rows=987727 width=4) (actual time=1492.930..1492.930 rows=985048 loops=1)
                    Buckets: 131072  Batches: 16  Memory Usage: 3197kB
                    ->  Seq Scan on title t  (cost=0.00..67604.59 rows=987727 width=4) (actual time=0.023..1178.722 rows=985048 loops=1)
                          Filter: (kind_id < 7)
                          Rows Removed by Filter: 1543264
Planning time: 0.794 ms
Execution time: 30416.953 ms
