Seq Scan on movie_companies mc  (cost=0.00..57926.93 rows=53 width=0) (actual time=205.614..898.696 rows=106 loops=1)
  Filter: ((company_id = 80137) AND (company_type_id = 2))
  Rows Removed by Filter: 2609023
Planning time: 0.379 ms
Execution time: 898.802 ms
