Seq Scan on cast_info ci  (cost=0.00..705507.15 rows=35954543 width=0) (actual time=0.023..12638.017 rows=35945126 loops=1)
  Filter: (person_id < 4007679)
  Rows Removed by Filter: 299218
Planning time: 0.323 ms
Execution time: 16965.012 ms
