Hash Join  (cost=83074.74..447745.01 rows=1434 width=0) (actual time=1179.991..8254.141 rows=10944 loops=1)
  Hash Cond: (mi.movie_id = t.id)
  ->  Seq Scan on movie_info mi  (cost=0.00..309384.22 rows=14739122 width=4) (actual time=0.021..4234.560 rows=14835720 loops=1)
  ->  Hash  (cost=83071.67..83071.67 rows=246 width=8) (actual time=1178.252..1178.252 rows=1188 loops=1)
        Buckets: 2048 (originally 1024)  Batches: 1 (originally 1)  Memory Usage: 63kB
        ->  Nested Loop  (cost=0.43..83071.67 rows=246 width=8) (actual time=26.040..1177.564 rows=1188 loops=1)
              ->  Seq Scan on movie_keyword mk  (cost=0.00..81003.12 rows=246 width=4) (actual time=25.916..1146.317 rows=1188 loops=1)
                    Filter: (keyword_id = 2892)
                    Rows Removed by Filter: 4522742
              ->  Index Only Scan using title_pkey on title t  (cost=0.43..8.40 rows=1 width=4) (actual time=0.025..0.025 rows=1 loops=1188)
                    Index Cond: (id = mk.movie_id)
                    Heap Fetches: 1188
Planning time: 1.153 ms
Execution time: 8256.391 ms
