Hash Join  (cost=206888.38..1194462.80 rows=8929439 width=0) (actual time=4788.163..35148.907 rows=20090187 loops=1)
  Hash Cond: (ci.movie_id = t.id)
  ->  Seq Scan on cast_info ci  (cost=0.00..705507.15 rows=16201301 width=4) (actual time=0.093..15135.945 rows=16121683 loops=1)
        Filter: (role_id > 2)
        Rows Removed by Filter: 20122661
  ->  Hash  (cost=184024.23..184024.23 rows=1393612 width=8) (actual time=4787.285..4787.285 rows=1667421 loops=1)
        Buckets: 131072  Batches: 32  Memory Usage: 3029kB
        ->  Hash Join  (cost=89762.59..184024.23 rows=1393612 width=8) (actual time=1668.469..4393.490 rows=1667421 loops=1)
              Hash Cond: (mc.movie_id = t.id)
              ->  Seq Scan on movie_companies mc  (cost=0.00..44881.29 rows=2609129 width=4) (actual time=0.010..894.346 rows=2609129 loops=1)
              ->  Hash  (cost=67604.59..67604.59 rows=1350560 width=4) (actual time=1667.265..1667.265 rows=1348293 loops=1)
                    Buckets: 131072  Batches: 32  Memory Usage: 2505kB
                    ->  Seq Scan on title t  (cost=0.00..67604.59 rows=1350560 width=4) (actual time=0.021..1224.671 rows=1348293 loops=1)
                          Filter: (production_year < 2005)
                          Rows Removed by Filter: 1180019
Planning time: 1.179 ms
Execution time: 37362.631 ms
