Hash Join  (cost=102767.86..930059.52 rows=886922 width=0) (actual time=3879.114..14696.570 rows=2022510 loops=1)
  Hash Cond: (ci.movie_id = t.id)
  ->  Seq Scan on cast_info ci  (cost=0.00..796071.18 rows=886922 width=4) (actual time=1957.500..10129.796 rows=2022510 loops=1)
        Filter: ((person_id > 3665069) AND (role_id > 2))
        Rows Removed by Filter: 34221834
  ->  Hash  (cost=61283.27..61283.27 rows=2528527 width=4) (actual time=1919.265..1919.265 rows=2528312 loops=1)
        Buckets: 131072  Batches: 64  Memory Usage: 2415kB
        ->  Seq Scan on title t  (cost=0.00..61283.27 rows=2528527 width=4) (actual time=0.020..1074.631 rows=2528312 loops=1)
Planning time: 0.774 ms
Execution time: 14940.156 ms
