Hash Join  (cost=88295.76..928591.40 rows=3913523 width=0) (actual time=4593.136..21937.910 rows=4656989 loops=1)
  Hash Cond: (ci.movie_id = t.id)
  ->  Seq Scan on cast_info ci  (cost=0.00..705507.15 rows=7846468 width=4) (actual time=2421.998..14129.528 rows=7712640 loops=1)
        Filter: (role_id > 6)
        Rows Removed by Filter: 28531704
  ->  Hash  (cost=67604.59..67604.59 rows=1261134 width=4) (actual time=2169.659..2169.659 rows=1260295 loops=1)
        Buckets: 131072  Batches: 32  Memory Usage: 2413kB
        ->  Seq Scan on title t  (cost=0.00..67604.59 rows=1261134 width=4) (actual time=0.021..1228.476 rows=1260295 loops=1)
              Filter: (production_year > 2002)
              Rows Removed by Filter: 1268017
Planning time: 1.144 ms
Execution time: 22429.587 ms
