Hash Join  (cost=161021.74..714549.38 rows=4589195 width=0) (actual time=4280.648..22310.374 rows=13956725 loops=1)
  Hash Cond: (mi.movie_id = t.id)
  ->  Seq Scan on movie_info mi  (cost=0.00..346232.03 rows=13672446 width=4) (actual time=0.028..7625.956 rows=13707135 loops=1)
        Filter: (info_type_id < 62)
        Rows Removed by Filter: 1128585
  ->  Hash  (cost=147096.91..147096.91 rows=848707 width=8) (actual time=4279.586..4279.586 rows=1010682 loops=1)
        Buckets: 131072  Batches: 16  Memory Usage: 3521kB
        ->  Hash Join  (cost=93117.31..147096.91 rows=848707 width=8) (actual time=2139.423..3960.944 rows=1010682 loops=1)
              Hash Cond: (mi_idx.movie_id = t.id)
              ->  Seq Scan on movie_info_idx mi_idx  (cost=0.00..21735.35 rows=1380035 width=4) (actual time=0.021..545.388 rows=1380035 loops=1)
              ->  Hash  (cost=67604.59..67604.59 rows=1555018 width=4) (actual time=2138.258..2138.258 rows=1551727 loops=1)
                    Buckets: 131072  Batches: 32  Memory Usage: 2728kB
                    ->  Seq Scan on title t  (cost=0.00..67604.59 rows=1555018 width=4) (actual time=0.031..1357.819 rows=1551727 loops=1)
                          Filter: (production_year < 2007)
                          Rows Removed by Filter: 976585
Planning time: 1.145 ms
Execution time: 23823.442 ms
