Hash Join  (cost=58358.90..85273.10 rows=9 width=0) (actual time=855.038..1419.420 rows=797 loops=1)
  Hash Cond: (mi_idx.movie_id = t.id)
  ->  Seq Scan on movie_info_idx mi_idx  (cost=0.00..25185.44 rows=460978 width=4) (actual time=0.015..495.173 rows=459925 loops=1)
        Filter: (info_type_id = 99)
        Rows Removed by Filter: 920110
  ->  Hash  (cost=58358.27..58358.27 rows=51 width=8) (actual time=854.959..854.959 rows=1039 loops=1)
        Buckets: 2048 (originally 1024)  Batches: 1 (originally 1)  Memory Usage: 57kB
        ->  Nested Loop  (cost=0.43..58358.27 rows=51 width=8) (actual time=293.547..854.359 rows=1039 loops=1)
              ->  Seq Scan on movie_companies mc  (cost=0.00..57926.93 rows=51 width=4) (actual time=293.447..821.566 rows=1039 loops=1)
                    Filter: ((company_id = 11209) AND (company_type_id = 1))
                    Rows Removed by Filter: 2608090
              ->  Index Only Scan using title_pkey on title t  (cost=0.43..8.45 rows=1 width=4) (actual time=0.030..0.031 rows=1 loops=1039)
                    Index Cond: (id = mc.movie_id)
                    Heap Fetches: 1039
Planning time: 1.184 ms
Execution time: 1419.697 ms
