Hash Join  (cost=102767.86..234670.80 rows=1704727 width=0) (actual time=1935.137..5045.084 rows=1712524 loops=1)
  Hash Cond: (mk.movie_id = t.id)
  ->  Seq Scan on movie_keyword mk  (cost=0.00..81003.12 rows=1704727 width=4) (actual time=0.019..1527.752 rows=1712524 loops=1)
        Filter: (keyword_id > 8342)
        Rows Removed by Filter: 2811406
  ->  Hash  (cost=61283.27..61283.27 rows=2528527 width=4) (actual time=1934.012..1934.012 rows=2528312 loops=1)
        Buckets: 131072  Batches: 64  Memory Usage: 2425kB
        ->  Seq Scan on title t  (cost=0.00..61283.27 rows=2528527 width=4) (actual time=0.017..1081.172 rows=2528312 loops=1)
Planning time: 0.734 ms
Execution time: 5228.343 ms
