Hash Join  (cost=247845.57..1311908.77 rows=7824923 width=0) (actual time=5625.019..30704.006 rows=7840692 loops=1)
  Hash Cond: (ci.movie_id = t.id)
  ->  Seq Scan on cast_info ci  (cost=0.00..796071.18 rows=14389958 width=4) (actual time=0.028..17074.349 rows=15026756 loops=1)
        Filter: ((person_id > 376356) AND (role_id > 2))
        Rows Removed by Filter: 21217588
  ->  Hash  (cost=225287.65..225287.65 rows=1374954 width=8) (actual time=5622.218..5622.218 rows=349415 loops=1)
        Buckets: 131072  Batches: 32  Memory Usage: 1466kB
        ->  Hash Join  (cost=86534.07..225287.65 rows=1374954 width=8) (actual time=1434.511..4856.335 rows=349415 loops=1)
              Hash Cond: (mk.movie_id = t.id)
              ->  Seq Scan on movie_keyword mk  (cost=0.00..69693.30 rows=4523930 width=4) (actual time=0.027..1394.443 rows=4523930 loops=1)
              ->  Hash  (cost=73925.90..73925.90 rows=768493 width=4) (actual time=1433.557..1433.557 rows=840010 loops=1)
                    Buckets: 131072  Batches: 16  Memory Usage: 2883kB
                    ->  Seq Scan on title t  (cost=0.00..73925.90 rows=768493 width=4) (actual time=80.776..1163.260 rows=840010 loops=1)
                          Filter: ((production_year > 2002) AND (kind_id = 7))
                          Rows Removed by Filter: 1688302
Planning time: 1.218 ms
Execution time: 31488.066 ms
