Seq Scan on cast_info ci  (cost=0.00..796071.18 rows=3770185 width=0) (actual time=4124.580..15796.269 rows=4008037 loops=1)
  Filter: ((person_id < 3650100) AND (role_id = 3))
  Rows Removed by Filter: 32236307
Planning time: 0.408 ms
Execution time: 16302.263 ms
