Hash Join  (cost=102767.86..171131.83 rows=23202 width=0) (actual time=1952.626..3214.354 rows=42064 loops=1)
  Hash Cond: (mc.movie_id = t.id)
  ->  Seq Scan on movie_companies mc  (cost=0.00..57926.93 rows=23202 width=4) (actual time=0.048..848.576 rows=42064 loops=1)
        Filter: ((company_id = 19) AND (company_type_id = 1))
        Rows Removed by Filter: 2567065
  ->  Hash  (cost=61283.27..61283.27 rows=2528527 width=4) (actual time=1948.406..1948.406 rows=2528312 loops=1)
        Buckets: 131072  Batches: 64  Memory Usage: 2415kB
        ->  Seq Scan on title t  (cost=0.00..61283.27 rows=2528527 width=4) (actual time=0.017..1067.302 rows=2528312 loops=1)
Planning time: 0.549 ms
Execution time: 3219.763 ms
