Hash Join  (cost=74657.79..129927.49 rows=60417 width=0) (actual time=1334.304..2691.136 rows=139564 loops=1)
  Hash Cond: (mc.movie_id = t.id)
  ->  Seq Scan on movie_companies mc  (cost=0.00..44881.29 rows=2609129 width=4) (actual time=0.024..623.582 rows=2609129 loops=1)
  ->  Hash  (cost=73925.90..73925.90 rows=58551 width=4) (actual time=1333.920..1333.920 rows=73511 loops=1)
        Buckets: 131072 (originally 65536)  Batches: 1 (originally 1)  Memory Usage: 3609kB
        ->  Seq Scan on title t  (cost=0.00..73925.90 rows=58551 width=4) (actual time=555.451..1304.968 rows=73511 loops=1)
              Filter: ((production_year < 2006) AND (kind_id = 3))
              Rows Removed by Filter: 2454801
Planning time: 0.882 ms
Execution time: 2709.325 ms
