Hash Join  (cost=83580.70..480910.47 rows=1181602 width=0) (actual time=4352.068..8820.385 rows=1109355 loops=1)
  Hash Cond: (mi.movie_id = t.id)
  ->  Seq Scan on movie_info mi  (cost=0.00..346232.03 rows=3068194 width=4) (actual time=2881.289..5354.782 rows=3036719 loops=1)
        Filter: (info_type_id = 16)
        Rows Removed by Filter: 11799001
  ->  Hash  (cost=67604.59..67604.59 rows=973769 width=4) (actual time=1469.345..1469.345 rows=971188 loops=1)
        Buckets: 131072  Batches: 16  Memory Usage: 3169kB
        ->  Seq Scan on title t  (cost=0.00..67604.59 rows=973769 width=4) (actual time=0.030..1147.073 rows=971188 loops=1)
              Filter: (production_year < 1999)
              Rows Removed by Filter: 1557124
Planning time: 0.794 ms
Execution time: 8948.749 ms
