Nested Loop  (cost=0.43..83072.90 rows=84 width=0) (actual time=507.731..1162.056 rows=3 loops=1)
  ->  Seq Scan on movie_keyword mk  (cost=0.00..81003.12 rows=246 width=4) (actual time=25.327..1160.939 rows=31 loops=1)
        Filter: (keyword_id = 34562)
        Rows Removed by Filter: 4523899
  ->  Index Scan using title_pkey on title t  (cost=0.43..8.40 rows=1 width=4) (actual time=0.032..0.032 rows=0 loops=31)
        Index Cond: (id = mk.movie_id)
        Filter: ((kind_id < 7) AND (production_year > 1959))
        Rows Removed by Filter: 1
Planning time: 0.653 ms
Execution time: 1162.156 ms
