Hash Join  (cost=130750.84..846657.05 rows=14268 width=0) (actual time=10633.369..16009.247 rows=20315 loops=1)
  Hash Cond: (ci.movie_id = t.id)
  ->  Seq Scan on cast_info ci  (cost=0.00..705507.15 rows=2735034 width=4) (actual time=8376.483..13220.786 rows=2728943 loops=1)
        Filter: (role_id = 4)
        Rows Removed by Filter: 33515401
  ->  Hash  (cost=130585.95..130585.95 rows=13191 width=8) (actual time=2256.457..2256.457 rows=12717 loops=1)
        Buckets: 16384  Batches: 1  Memory Usage: 625kB
        ->  Hash Join  (cost=74251.74..130585.95 rows=13191 width=8) (actual time=1385.538..2251.386 rows=12717 loops=1)
              Hash Cond: (mc.movie_id = t.id)
              ->  Seq Scan on movie_companies mc  (cost=0.00..51404.11 rows=1279517 width=4) (actual time=262.728..856.204 rows=1274246 loops=1)
                    Filter: (company_type_id = 1)
                    Rows Removed by Filter: 1334883
              ->  Hash  (cost=73925.90..73925.90 rows=26067 width=4) (actual time=1122.600..1122.600 rows=27085 loops=1)
                    Buckets: 32768  Batches: 1  Memory Usage: 1209kB
                    ->  Seq Scan on title t  (cost=0.00..73925.90 rows=26067 width=4) (actual time=0.026..1111.625 rows=27085 loops=1)
                          Filter: ((kind_id < 7) AND (production_year > 2012))
                          Rows Removed by Filter: 2501227
Planning time: 1.183 ms
Execution time: 16012.727 ms
