Seq Scan on movie_keyword mk  (cost=0.00..81003.12 rows=1229456 width=0) (actual time=0.025..1399.743 rows=1237304 loops=1)
  Filter: (keyword_id < 1574)
  Rows Removed by Filter: 3286626
Planning time: 0.314 ms
Execution time: 1555.695 ms
