Seq Scan on movie_keyword mk  (cost=0.00..81003.12 rows=3937927 width=0) (actual time=0.008..1391.628 rows=3933090 loops=1)
  Filter: (keyword_id > 429)
  Rows Removed by Filter: 590840
Planning time: 0.314 ms
Execution time: 1877.409 ms
