Hash Join  (cost=171415.15..1272637.64 rows=6562933 width=0) (actual time=3727.034..37011.758 rows=17807312 loops=1)
  Hash Cond: (ci.movie_id = t.id)
  ->  Seq Scan on cast_info ci  (cost=0.00..614943.12 rows=36225612 width=4) (actual time=0.022..12938.484 rows=36244344 loops=1)
  ->  Hash  (cost=163899.04..163899.04 rows=458089 width=8) (actual time=3726.140..3726.140 rows=379083 loops=1)
        Buckets: 131072  Batches: 8  Memory Usage: 2838kB
        ->  Hash Join  (cost=84197.31..163899.04 rows=458089 width=8) (actual time=1486.433..3618.494 rows=379083 loops=1)
              Hash Cond: (mc.movie_id = t.id)
              ->  Seq Scan on movie_companies mc  (cost=0.00..57926.93 rows=1145306 width=4) (actual time=0.017..1243.285 rows=1274246 loops=1)
                    Filter: ((company_id < 96606) AND (company_type_id = 1))
                    Rows Removed by Filter: 1334883
              ->  Hash  (cost=67604.59..67604.59 rows=1011338 width=4) (actual time=1485.257..1485.257 rows=1012920 loops=1)
                    Buckets: 131072  Batches: 16  Memory Usage: 3250kB
                    ->  Seq Scan on title t  (cost=0.00..67604.59 rows=1011338 width=4) (actual time=0.013..1178.893 rows=1012920 loops=1)
                          Filter: (production_year > 2005)
                          Rows Removed by Filter: 1515392
Planning time: 1.198 ms
Execution time: 38924.888 ms
