Seq Scan on cast_info ci  (cost=0.00..796071.18 rows=8251134 width=0) (actual time=4013.668..13061.097 rows=5205442 loops=1)
  Filter: ((person_id > 2666617) AND (role_id < 8))
  Rows Removed by Filter: 31038902
Planning time: 0.361 ms
Execution time: 13700.305 ms
