Hash Join  (cost=109031.43..168901.72 rows=52365 width=0) (actual time=1963.682..3768.215 rows=163509 loops=1)
  Hash Cond: (mc.movie_id = t.id)
  ->  Seq Scan on movie_companies mc  (cost=0.00..51404.11 rows=2118006 width=4) (actual time=0.026..1034.647 rows=2120611 loops=1)
        Filter: (company_id > 426)
        Rows Removed by Filter: 488518
  ->  Hash  (cost=108249.99..108249.99 rows=62515 width=8) (actual time=1963.221..1963.221 rows=83550 loops=1)
        Buckets: 131072 (originally 65536)  Batches: 2 (originally 1)  Memory Usage: 3073kB
        ->  Hash Join  (cost=69484.36..108249.99 rows=62515 width=8) (actual time=1188.490..1933.412 rows=83550 loops=1)
              Hash Cond: (mi_idx.movie_id = t.id)
              ->  Seq Scan on movie_info_idx mi_idx  (cost=0.00..21735.35 rows=1380035 width=4) (actual time=0.023..451.581 rows=1380035 loops=1)
              ->  Hash  (cost=67604.59..67604.59 rows=114542 width=4) (actual time=1008.548..1008.548 rows=118234 loops=1)
                    Buckets: 131072  Batches: 2  Memory Usage: 3101kB
                    ->  Seq Scan on title t  (cost=0.00..67604.59 rows=114542 width=4) (actual time=290.364..966.435 rows=118234 loops=1)
                          Filter: (kind_id = 4)
                          Rows Removed by Filter: 2410078
Planning time: 1.251 ms
Execution time: 3789.996 ms
