Hash Join  (cost=797960.46..852628.29 rows=231 width=0) (actual time=12103.060..13233.859 rows=16 loops=1)
  Hash Cond: (mc.movie_id = t.id)
  ->  Seq Scan on movie_companies mc  (cost=0.00..44881.29 rows=2609129 width=4) (actual time=0.016..701.032 rows=2609129 loops=1)
  ->  Hash  (cost=797957.66..797957.66 rows=224 width=8) (actual time=12061.485..12061.485 rows=22 loops=1)
        Buckets: 1024  Batches: 1  Memory Usage: 9kB
        ->  Nested Loop  (cost=0.43..797957.66 rows=224 width=8) (actual time=2463.117..12061.451 rows=22 loops=1)
              ->  Seq Scan on cast_info ci  (cost=0.00..796071.18 rows=224 width=4) (actual time=2463.006..12060.764 rows=22 loops=1)
                    Filter: ((role_id > 2) AND (person_id = 2910102))
                    Rows Removed by Filter: 36244322
              ->  Index Only Scan using title_pkey on title t  (cost=0.43..8.41 rows=1 width=4) (actual time=0.027..0.027 rows=1 loops=22)
                    Index Cond: (id = ci.movie_id)
                    Heap Fetches: 22
Planning time: 1.461 ms
Execution time: 13234.037 ms
