Hash Join  (cost=128695.20..479714.10 rows=1509 width=0) (actual time=2422.855..8258.641 rows=22851 loops=1)
  Hash Cond: (mi.movie_id = t.id)
  ->  Seq Scan on movie_info mi  (cost=0.00..346232.03 rows=1272478 width=4) (actual time=0.021..5576.772 rows=1325361 loops=1)
        Filter: (info_type_id = 8)
        Rows Removed by Filter: 13510359
  ->  Hash  (cost=128657.72..128657.72 rows=2998 width=8) (actual time=2422.398..2422.398 rows=18505 loops=1)
        Buckets: 32768 (originally 4096)  Batches: 1 (originally 1)  Memory Usage: 979kB
        ->  Hash Join  (cost=73962.22..128657.72 rows=2998 width=8) (actual time=1138.222..2414.607 rows=18505 loops=1)
              Hash Cond: (mc.movie_id = t.id)
              ->  Seq Scan on movie_companies mc  (cost=0.00..44881.29 rows=2609129 width=4) (actual time=0.009..706.307 rows=2609129 loops=1)
              ->  Hash  (cost=73925.90..73925.90 rows=2905 width=4) (actual time=1138.002..1138.002 rows=9408 loops=1)
                    Buckets: 16384 (originally 4096)  Batches: 1 (originally 1)  Memory Usage: 459kB
                    ->  Seq Scan on title t  (cost=0.00..73925.90 rows=2905 width=4) (actual time=0.278..1133.528 rows=9408 loops=1)
                          Filter: ((kind_id < 7) AND (production_year = 1990))
                          Rows Removed by Filter: 2518904
Planning time: 1.176 ms
Execution time: 8262.082 ms
