Hash Join  (cost=67942.77..130217.45 rows=12061 width=0) (actual time=1101.486..2491.617 rows=12537 loops=1)
  Hash Cond: (mc.movie_id = t.id)
  ->  Seq Scan on movie_companies mc  (cost=0.00..57926.93 rows=1127235 width=4) (actual time=0.021..1100.161 rows=1240845 loops=1)
        Filter: ((company_id > 240) AND (company_type_id > 1))
        Rows Removed by Filter: 1368284
  ->  Hash  (cost=67604.59..67604.59 rows=27055 width=4) (actual time=1101.256..1101.256 rows=26775 loops=1)
        Buckets: 32768  Batches: 1  Memory Usage: 1198kB
        ->  Seq Scan on title t  (cost=0.00..67604.59 rows=27055 width=4) (actual time=0.078..1089.579 rows=26775 loops=1)
              Filter: (production_year = 1993)
              Rows Removed by Filter: 2501537
Planning time: 0.705 ms
Execution time: 2493.679 ms
