Seq Scan on cast_info ci  (cost=0.00..796071.18 rows=2878110 width=0) (actual time=7735.379..12373.360 rows=5822983 loops=1)
  Filter: ((person_id < 788878) AND (role_id = 1))
  Rows Removed by Filter: 30421361
Planning time: 0.306 ms
Execution time: 13089.556 ms
