Hash Join  (cost=215731.79..1225722.24 rows=4184565 width=0) (actual time=4774.594..26914.915 rows=3422042 loops=1)
  Hash Cond: (ci.movie_id = t.id)
  ->  Seq Scan on cast_info ci  (cost=0.00..796071.18 rows=14637762 width=4) (actual time=0.026..15579.822 rows=12992185 loops=1)
        Filter: ((person_id > 1740234) AND (role_id < 8))
        Rows Removed by Filter: 23252159
  ->  Hash  (cost=203872.27..203872.27 rows=722842 width=8) (actual time=4773.342..4773.342 rows=418831 loops=1)
        Buckets: 131072  Batches: 16  Memory Usage: 2043kB
        ->  Hash Join  (cost=92703.08..203872.27 rows=722842 width=8) (actual time=2220.824..4662.985 rows=418831 loops=1)
              Hash Cond: (mk.movie_id = t.id)
              ->  Seq Scan on movie_keyword mk  (cost=0.00..81003.12 rows=1596972 width=4) (actual time=0.024..1496.681 rows=1606189 loops=1)
                    Filter: (keyword_id < 2488)
                    Rows Removed by Filter: 2917741
              ->  Hash  (cost=73925.90..73925.90 rows=1144494 width=4) (actual time=2219.628..2219.628 rows=1095581 loops=1)
                    Buckets: 131072  Batches: 16  Memory Usage: 3443kB
                    ->  Seq Scan on title t  (cost=0.00..73925.90 rows=1144494 width=4) (actual time=0.012..1591.900 rows=1095581 loops=1)
                          Filter: ((kind_id > 1) AND (production_year < 2007))
                          Rows Removed by Filter: 1432731
Planning time: 3.579 ms
Execution time: 27320.810 ms
