Seq Scan on movie_keyword mk  (cost=0.00..81003.12 rows=1342025 width=0) (actual time=0.035..1584.704 rows=1360761 loops=1)
  Filter: (keyword_id < 1773)
  Rows Removed by Filter: 3163169
Planning time: 0.348 ms
Execution time: 1768.125 ms
