Seq Scan on movie_keyword mk  (cost=0.00..81003.12 rows=246 width=0) (actual time=6.786..1088.144 rows=164 loops=1)
  Filter: (keyword_id = 30582)
  Rows Removed by Filter: 4523766
Planning time: 0.376 ms
Execution time: 1088.355 ms
