Hash Join  (cost=98137.04..187097.19 rows=1104955 width=0) (actual time=1844.982..4280.473 rows=510345 loops=1)
  Hash Cond: (mc.movie_id = t.id)
  ->  Seq Scan on movie_companies mc  (cost=0.00..51404.11 rows=1501298 width=4) (actual time=0.029..972.857 rows=1508073 loops=1)
        Filter: (company_id > 7562)
        Rows Removed by Filter: 1101056
  ->  Hash  (cost=67604.59..67604.59 rows=1860996 width=4) (actual time=1843.729..1843.729 rows=1865487 loops=1)
        Buckets: 131072  Batches: 32  Memory Usage: 3079kB
        ->  Seq Scan on title t  (cost=0.00..67604.59 rows=1860996 width=4) (actual time=0.022..1239.148 rows=1865487 loops=1)
              Filter: (kind_id > 1)
              Rows Removed by Filter: 662825
Planning time: 0.686 ms
Execution time: 4339.817 ms
