Seq Scan on movie_companies mc  (cost=0.00..57926.93 rows=477186 width=0) (actual time=202.290..1046.039 rows=683328 loops=1)
  Filter: ((company_id < 4234) AND (company_type_id = 1))
  Rows Removed by Filter: 1925801
Planning time: 0.356 ms
Execution time: 1135.275 ms
