Hash Join  (cost=102767.86..1340161.62 rows=17930128 width=0) (actual time=1979.521..39033.511 rows=21215206 loops=1)
  Hash Cond: (ci.movie_id = t.id)
  ->  Seq Scan on cast_info ci  (cost=0.00..796071.18 rows=17930128 width=4) (actual time=0.015..17999.695 rows=21215206 loops=1)
        Filter: ((person_id > 831688) AND (role_id > 1))
        Rows Removed by Filter: 15029138
  ->  Hash  (cost=61283.27..61283.27 rows=2528527 width=4) (actual time=1978.134..1978.134 rows=2528312 loops=1)
        Buckets: 131072  Batches: 64  Memory Usage: 2415kB
        ->  Seq Scan on title t  (cost=0.00..61283.27 rows=2528527 width=4) (actual time=0.024..1128.800 rows=2528312 loops=1)
Planning time: 1.133 ms
Execution time: 41511.522 ms
