Hash Join  (cost=101539.12..186615.33 rows=3271 width=0) (actual time=1258.523..2669.221 rows=26645 loops=1)
  Hash Cond: (mk.movie_id = t.id)
  ->  Seq Scan on movie_keyword mk  (cost=0.00..81003.12 rows=1077434 width=4) (actual time=0.015..1218.102 rows=1088237 loops=1)
        Filter: (keyword_id > 16264)
        Rows Removed by Filter: 3435693
  ->  Hash  (cost=101443.15..101443.15 rows=7677 width=8) (actual time=1258.291..1258.291 rows=13785 loops=1)
        Buckets: 16384 (originally 8192)  Batches: 1 (originally 1)  Memory Usage: 667kB
        ->  Hash Join  (cost=74452.28..101443.15 rows=7677 width=8) (actual time=675.593..1252.174 rows=13785 loops=1)
              Hash Cond: (mi_idx.movie_id = t.id)
              ->  Seq Scan on movie_info_idx mi_idx  (cost=0.00..25185.44 rows=460978 width=4) (actual time=0.013..443.992 rows=459925 loops=1)
                    Filter: (info_type_id = 99)
                    Rows Removed by Filter: 920110
              ->  Hash  (cost=73925.90..73925.90 rows=42110 width=4) (actual time=675.221..675.221 rows=33905 loops=1)
                    Buckets: 65536  Batches: 1  Memory Usage: 1704kB
                    ->  Seq Scan on title t  (cost=0.00..73925.90 rows=42110 width=4) (actual time=0.055..665.049 rows=33905 loops=1)
                          Filter: ((kind_id < 7) AND (production_year = 2006))
                          Rows Removed by Filter: 2494407
Planning time: 1.197 ms
Execution time: 2673.308 ms
