Hash Join  (cost=113278.59..481780.70 rows=384617 width=0) (actual time=2149.792..14204.854 rows=2796501 loops=1)
  Hash Cond: (mi.movie_id = t.id)
  ->  Seq Scan on movie_info mi  (cost=0.00..309384.22 rows=14739122 width=4) (actual time=0.020..4572.902 rows=14835720 loops=1)
  ->  Hash  (cost=112453.82..112453.82 rows=65982 width=8) (actual time=2149.056..2149.056 rows=151163 loops=1)
        Buckets: 131072 (originally 131072)  Batches: 2 (originally 1)  Memory Usage: 3980kB
        ->  Hash Join  (cost=79863.89..112453.82 rows=65982 width=8) (actual time=1293.567..2097.879 rows=151163 loops=1)
              Hash Cond: (mi_idx.movie_id = t.id)
              ->  Seq Scan on movie_info_idx mi_idx  (cost=0.00..25185.44 rows=460978 width=4) (actual time=0.021..458.676 rows=459925 loops=1)
                    Filter: (info_type_id = 99)
                    Rows Removed by Filter: 920110
              ->  Hash  (cost=73925.90..73925.90 rows=361919 width=4) (actual time=1291.850..1291.850 rows=470371 loops=1)
                    Buckets: 131072  Batches: 8  Memory Usage: 3103kB
                    ->  Seq Scan on title t  (cost=0.00..73925.90 rows=361919 width=4) (actual time=0.018..1146.468 rows=470371 loops=1)
                          Filter: ((kind_id < 7) AND (production_year < 1998))
                          Rows Removed by Filter: 2057941
Planning time: 3.775 ms
Execution time: 14574.698 ms
