Seq Scan on movie_keyword mk  (cost=0.00..81003.12 rows=487212 width=0) (actual time=0.023..1318.484 rows=481995 loops=1)
  Filter: (keyword_id > 37149)
  Rows Removed by Filter: 4041935
Planning time: 0.319 ms
Execution time: 1383.332 ms
