Hash Join  (cost=52284.99..79196.04 rows=57 width=0) (actual time=865.118..1403.375 rows=66 loops=1)
  Hash Cond: (mi_idx.movie_id = t.id)
  ->  Seq Scan on movie_info_idx mi_idx  (cost=0.00..21735.35 rows=1380035 width=4) (actual time=0.024..304.995 rows=1380035 loops=1)
  ->  Hash  (cost=52283.69..52283.69 rows=104 width=8) (actual time=853.669..853.669 rows=44 loops=1)
        Buckets: 1024  Batches: 1  Memory Usage: 10kB
        ->  Nested Loop  (cost=0.43..52283.69 rows=104 width=8) (actual time=242.526..853.613 rows=44 loops=1)
              ->  Seq Scan on movie_companies mc  (cost=0.00..51404.11 rows=104 width=4) (actual time=242.431..851.477 rows=44 loops=1)
                    Filter: (company_id = 748)
                    Rows Removed by Filter: 2609085
              ->  Index Only Scan using title_pkey on title t  (cost=0.43..8.45 rows=1 width=4) (actual time=0.044..0.045 rows=1 loops=44)
                    Index Cond: (id = mc.movie_id)
                    Heap Fetches: 44
Planning time: 2.038 ms
Execution time: 1403.501 ms
