Hash Join  (cost=74789.33..426140.76 rows=34761 width=0) (actual time=6153.665..7138.342 rows=63701 loops=1)
  Hash Cond: (mi.movie_id = t.id)
  ->  Seq Scan on movie_info mi  (cost=0.00..346232.03 rows=1272478 width=4) (actual time=4374.226..5275.779 rows=1325361 loops=1)
        Filter: (info_type_id = 8)
        Rows Removed by Filter: 13510359
  ->  Hash  (cost=73925.90..73925.90 rows=69074 width=4) (actual time=1496.012..1496.012 rows=60698 loops=1)
        Buckets: 131072  Batches: 1  Memory Usage: 3158kB
        ->  Seq Scan on title t  (cost=0.00..73925.90 rows=69074 width=4) (actual time=187.770..1473.768 rows=60698 loops=1)
              Filter: ((production_year > 1992) AND (kind_id = 3))
              Rows Removed by Filter: 2467614
Planning time: 1.222 ms
Execution time: 7146.723 ms
