Seq Scan on cast_info ci  (cost=0.00..705507.15 rows=500 width=0) (actual time=6783.547..11039.303 rows=81 loops=1)
  Filter: (person_id = 2743304)
  Rows Removed by Filter: 36244263
Planning time: 0.368 ms
Execution time: 11039.414 ms
