Hash Join  (cost=169912.91..675667.57 rows=2431874 width=0) (actual time=4228.091..16593.440 rows=1299981 loops=1)
  Hash Cond: (mi.movie_id = t.id)
  ->  Seq Scan on movie_info mi  (cost=0.00..309384.22 rows=14739122 width=4) (actual time=0.014..6109.568 rows=14835720 loops=1)
  ->  Hash  (cost=163067.99..163067.99 rows=417193 width=8) (actual time=3328.060..3328.060 rows=148218 loops=1)
        Buckets: 131072  Batches: 8  Memory Usage: 1745kB
        ->  Hash Join  (cost=82778.48..163067.99 rows=417193 width=8) (actual time=1329.176..3283.950 rows=148218 loops=1)
              Hash Cond: (mc.movie_id = t.id)
              ->  Seq Scan on movie_companies mc  (cost=0.00..51404.11 rows=1955059 width=4) (actual time=0.025..1003.531 rows=1962666 loops=1)
                    Filter: (company_id > 865)
                    Rows Removed by Filter: 646463
              ->  Hash  (cost=73925.90..73925.90 rows=539566 width=4) (actual time=1271.767..1271.767 rows=428248 loops=1)
                    Buckets: 131072  Batches: 8  Memory Usage: 2890kB
                    ->  Seq Scan on title t  (cost=0.00..73925.90 rows=539566 width=4) (actual time=359.400..1140.097 rows=428248 loops=1)
                          Filter: ((production_year < 1997) AND (kind_id = 7))
                          Rows Removed by Filter: 2100064
Planning time: 1.258 ms
Execution time: 16741.724 ms
