Seq Scan on cast_info ci  (cost=0.00..796071.18 rows=6610685 width=0) (actual time=0.014..14332.068 rows=3220565 loops=1)
  Filter: ((person_id < 2857366) AND (role_id > 5))
  Rows Removed by Filter: 33023779
Planning time: 0.353 ms
Execution time: 14732.558 ms
