Seq Scan on cast_info ci  (cost=0.00..796071.18 rows=2506336 width=0) (actual time=9181.647..12755.887 rows=3929064 loops=1)
  Filter: ((person_id > 1647619) AND (role_id > 9))
  Rows Removed by Filter: 32315280
Planning time: 0.353 ms
Execution time: 13244.139 ms
