Hash Join  (cost=122535.74..470558.20 rows=1437 width=0) (actual time=3472.620..7801.273 rows=41605 loops=1)
  Hash Cond: (mi.movie_id = t.id)
  ->  Seq Scan on movie_info mi  (cost=0.00..346232.03 rows=473617 width=4) (actual time=1089.971..5319.023 rows=486554 loops=1)
        Filter: (info_type_id = 5)
        Rows Removed by Filter: 14349166
  ->  Hash  (cost=122439.81..122439.81 rows=7674 width=8) (actual time=2381.520..2381.520 rows=19485 loops=1)
        Buckets: 32768 (originally 8192)  Batches: 1 (originally 1)  Memory Usage: 1018kB
        ->  Hash Join  (cost=67697.55..122439.81 rows=7674 width=8) (actual time=1072.093..2373.117 rows=19485 loops=1)
              Hash Cond: (mc.movie_id = t.id)
              ->  Seq Scan on movie_companies mc  (cost=0.00..44881.29 rows=2609129 width=4) (actual time=0.026..678.152 rows=2609129 loops=1)
              ->  Hash  (cost=67604.59..67604.59 rows=7437 width=4) (actual time=1071.388..1071.388 rows=14770 loops=1)
                    Buckets: 16384 (originally 8192)  Batches: 1 (originally 1)  Memory Usage: 648kB
                    ->  Seq Scan on title t  (cost=0.00..67604.59 rows=7437 width=4) (actual time=0.055..1063.925 rows=14770 loops=1)
                          Filter: (production_year = 1982)
                          Rows Removed by Filter: 2513542
Planning time: 1.155 ms
Execution time: 7807.173 ms
