Hash Join  (cost=74050.79..587940.33 rows=1967991 width=0) (actual time=1248.491..14634.434 rows=1461998 loops=1)
  Hash Cond: (mi.movie_id = t.id)
  ->  Seq Scan on movie_info mi  (cost=0.00..346232.03 rows=12665229 width=4) (actual time=7.356..7048.367 rows=12744652 loops=1)
        Filter: (info_type_id > 2)
        Rows Removed by Filter: 2091068
  ->  Hash  (cost=67604.59..67604.59 rows=392896 width=4) (actual time=1240.136..1240.136 rows=391666 loops=1)
        Buckets: 131072  Batches: 8  Memory Usage: 2759kB
        ->  Seq Scan on title t  (cost=0.00..67604.59 rows=392896 width=4) (actual time=0.010..1103.534 rows=391666 loops=1)
              Filter: (production_year > 2010)
              Rows Removed by Filter: 2136646
Planning time: 0.839 ms
Execution time: 14813.598 ms
