Hash Join  (cost=186990.06..1171974.71 rows=2282433 width=0) (actual time=4116.182..27454.615 rows=5553166 loops=1)
  Hash Cond: (ci.movie_id = t.id)
  ->  Seq Scan on cast_info ci  (cost=0.00..796071.18 rows=14227239 width=4) (actual time=0.016..15218.844 rows=12249892 loops=1)
        Filter: ((person_id > 1664475) AND (role_id < 5))
        Rows Removed by Filter: 23994452
  ->  Hash  (cost=180334.51..180334.51 rows=405644 width=8) (actual time=4115.287..4115.287 rows=729678 loops=1)
        Buckets: 131072 (originally 131072)  Batches: 16 (originally 8)  Memory Usage: 3073kB
        ->  Hash Join  (cost=102767.86..180334.51 rows=405644 width=8) (actual time=1925.147..3896.546 rows=729678 loops=1)
              Hash Cond: (mc.movie_id = t.id)
              ->  Seq Scan on movie_companies mc  (cost=0.00..57926.93 rows=405644 width=4) (actual time=23.769..961.811 rows=729678 loops=1)
                    Filter: ((company_id > 30127) AND (company_type_id > 1))
                    Rows Removed by Filter: 1879451
              ->  Hash  (cost=61283.27..61283.27 rows=2528527 width=4) (actual time=1900.228..1900.228 rows=2528312 loops=1)
                    Buckets: 131072  Batches: 64  Memory Usage: 2415kB
                    ->  Seq Scan on title t  (cost=0.00..61283.27 rows=2528527 width=4) (actual time=0.018..1091.823 rows=2528312 loops=1)
Planning time: 7.551 ms
Execution time: 28137.275 ms
