Hash Join  (cost=160526.42..300745.38 rows=1249372 width=0) (actual time=5339.189..7248.585 rows=905097 loops=1)
  Hash Cond: (mk.movie_id = t.id)
  ->  Seq Scan on movie_keyword mk  (cost=0.00..81003.12 rows=3756564 width=4) (actual time=0.026..1734.919 rows=3748154 loops=1)
        Filter: (keyword_id < 24315)
        Rows Removed by Filter: 775776
  ->  Hash  (cost=146729.58..146729.58 rows=840947 width=8) (actual time=3653.884..3653.884 rows=425718 loops=1)
        Buckets: 131072  Batches: 16  Memory Usage: 2068kB
        ->  Hash Join  (cost=92883.59..146729.58 rows=840947 width=8) (actual time=1987.232..3526.493 rows=425718 loops=1)
              Hash Cond: (mi_idx.movie_id = t.id)
              ->  Seq Scan on movie_info_idx mi_idx  (cost=0.00..21735.35 rows=1380035 width=4) (actual time=0.022..493.123 rows=1380035 loops=1)
              ->  Hash  (cost=67604.59..67604.59 rows=1540800 width=4) (actual time=1986.073..1986.073 rows=1543264 loops=1)
                    Buckets: 131072  Batches: 32  Memory Usage: 2722kB
                    ->  Seq Scan on title t  (cost=0.00..67604.59 rows=1540800 width=4) (actual time=0.018..1239.539 rows=1543264 loops=1)
                          Filter: (kind_id = 7)
                          Rows Removed by Filter: 985048
Planning time: 1.184 ms
Execution time: 7349.317 ms
