Hash Join  (cost=185149.83..1107098.02 rows=4496792 width=0) (actual time=4132.112..27711.558 rows=9300634 loops=1)
  Hash Cond: (ci.movie_id = t.id)
  ->  Seq Scan on cast_info ci  (cost=0.00..705507.15 rows=14566163 width=4) (actual time=0.035..13810.449 rows=14721576 loops=1)
        Filter: (person_id > 2182174)
        Rows Removed by Filter: 21522768
  ->  Hash  (cost=172342.41..172342.41 rows=780594 width=8) (actual time=4131.135..4131.135 rows=665752 loops=1)
        Buckets: 131072  Batches: 16  Memory Usage: 2633kB
        ->  Hash Join  (cost=91959.31..172342.41 rows=780594 width=8) (actual time=1772.775..3932.473 rows=665752 loops=1)
              Hash Cond: (mc.movie_id = t.id)
              ->  Seq Scan on movie_companies mc  (cost=0.00..51404.11 rows=1329612 width=4) (actual time=0.022..1048.898 rows=1334883 loops=1)
                    Filter: (company_type_id > 1)
                    Rows Removed by Filter: 1274246
              ->  Hash  (cost=67604.59..67604.59 rows=1484458 width=4) (actual time=1771.308..1771.308 rows=1485030 loops=1)
                    Buckets: 131072  Batches: 32  Memory Usage: 2655kB
                    ->  Seq Scan on title t  (cost=0.00..67604.59 rows=1484458 width=4) (actual time=0.022..1286.827 rows=1485030 loops=1)
                          Filter: (production_year > 1998)
                          Rows Removed by Filter: 1043282
Planning time: 1.195 ms
Execution time: 28713.296 ms
