Hash Join  (cost=69374.09..131571.68 rows=13686 width=0) (actual time=1572.213..2482.742 rows=20821 loops=1)
  Hash Cond: (mc.movie_id = t.id)
  ->  Seq Scan on movie_companies mc  (cost=0.00..57926.93 rows=321012 width=4) (actual time=182.319..891.932 rows=464481 loops=1)
        Filter: ((company_id < 868) AND (company_type_id = 1))
        Rows Removed by Filter: 2144648
  ->  Hash  (cost=67604.59..67604.59 rows=107800 width=4) (actual time=1388.969..1388.969 rows=108429 loops=1)
        Buckets: 131072  Batches: 2  Memory Usage: 2931kB
        ->  Seq Scan on title t  (cost=0.00..67604.59 rows=107800 width=4) (actual time=0.028..1100.040 rows=108429 loops=1)
              Filter: (production_year = 2006)
              Rows Removed by Filter: 2419883
Planning time: 0.803 ms
Execution time: 2486.058 ms
