Seq Scan on cast_info ci  (cost=0.00..705507.15 rows=25224877 width=0) (actual time=0.021..12928.849 rows=25247664 loops=1)
  Filter: (person_id < 2604792)
  Rows Removed by Filter: 10996680
Planning time: 0.268 ms
Execution time: 16012.961 ms
