Hash Join  (cost=709678.15..764719.25 rows=192 width=0) (actual time=11379.011..12470.195 rows=367 loops=1)
  Hash Cond: (mc.movie_id = t.id)
  ->  Seq Scan on movie_companies mc  (cost=0.00..51404.11 rows=969352 width=4) (actual time=0.027..985.750 rows=969272 loops=1)
        Filter: (company_id < 4144)
        Rows Removed by Filter: 1639857
  ->  Hash  (cost=709671.90..709671.90 rows=500 width=8) (actual time=11351.851..11351.851 rows=82 loops=1)
        Buckets: 1024  Batches: 1  Memory Usage: 12kB
        ->  Nested Loop  (cost=0.43..709671.90 rows=500 width=8) (actual time=4736.963..11351.798 rows=82 loops=1)
              ->  Seq Scan on cast_info ci  (cost=0.00..705507.15 rows=500 width=4) (actual time=4736.852..11347.442 rows=82 loops=1)
                    Filter: (person_id = 2948635)
                    Rows Removed by Filter: 36244262
              ->  Index Only Scan using title_pkey on title t  (cost=0.43..8.32 rows=1 width=4) (actual time=0.052..0.052 rows=1 loops=82)
                    Index Cond: (id = ci.movie_id)
                    Heap Fetches: 82
Planning time: 1.210 ms
Execution time: 12470.350 ms
