Seq Scan on movie_keyword mk  (cost=0.00..81003.12 rows=246 width=0) (actual time=540.795..1199.859 rows=1 loops=1)
  Filter: (keyword_id = 58474)
  Rows Removed by Filter: 4523929
Planning time: 2.274 ms
Execution time: 1199.948 ms
