Hash Join  (cost=87731.24..232439.71 rows=1350283 width=0) (actual time=1605.150..5429.248 rows=346304 loops=1)
  Hash Cond: (mk.movie_id = t.id)
  ->  Seq Scan on movie_keyword mk  (cost=0.00..81003.12 rows=4057469 width=4) (actual time=0.022..1771.169 rows=4060714 loops=1)
        Filter: (keyword_id < 38375)
        Rows Removed by Filter: 463216
  ->  Hash  (cost=73925.90..73925.90 rows=841467 width=4) (actual time=1604.157..1604.157 rows=921643 loops=1)
        Buckets: 131072  Batches: 16  Memory Usage: 3062kB
        ->  Seq Scan on title t  (cost=0.00..73925.90 rows=841467 width=4) (actual time=0.023..1312.584 rows=921643 loops=1)
              Filter: ((production_year > 2000) AND (kind_id = 7))
              Rows Removed by Filter: 1606669
Planning time: 1.079 ms
Execution time: 5470.633 ms
