Hash Join  (cost=532159.52..1843496.39 rows=21467532 width=0) (actual time=11002.014..61512.635 rows=76116853 loops=1)
  Hash Cond: (ci.movie_id = t.id)
  ->  Seq Scan on cast_info ci  (cost=0.00..705507.15 rows=29976880 width=4) (actual time=0.022..15583.653 rows=29919441 loops=1)
        Filter: (person_id < 3020558)
        Rows Removed by Filter: 6324903
  ->  Hash  (cost=502450.90..502450.90 rows=1810770 width=8) (actual time=11001.235..11001.235 rows=1865632 loops=1)
        Buckets: 131072  Batches: 32  Memory Usage: 3181kB
        ->  Hash Join  (cost=102767.86..502450.90 rows=1810770 width=8) (actual time=4123.372..10498.497 rows=1865632 loops=1)
              Hash Cond: (mi.movie_id = t.id)
              ->  Seq Scan on movie_info mi  (cost=0.00..346232.03 rows=1810770 width=4) (actual time=1475.710..5223.477 rows=1865632 loops=1)
                    Filter: (info_type_id > 17)
                    Rows Removed by Filter: 12970088
              ->  Hash  (cost=61283.27..61283.27 rows=2528527 width=4) (actual time=2646.667..2646.667 rows=2528312 loops=1)
                    Buckets: 131072  Batches: 64  Memory Usage: 2425kB
                    ->  Seq Scan on title t  (cost=0.00..61283.27 rows=2528527 width=4) (actual time=0.024..1070.640 rows=2528312 loops=1)
Planning time: 1.170 ms
Execution time: 69249.449 ms
