Nested Loop  (cost=0.43..52283.95 rows=5 width=0) (actual time=208.328..874.007 rows=3 loops=1)
  ->  Seq Scan on movie_companies mc  (cost=0.00..51404.11 rows=104 width=4) (actual time=3.305..872.035 rows=55 loops=1)
        Filter: (company_id = 44721)
        Rows Removed by Filter: 2609074
  ->  Index Scan using title_pkey on title t  (cost=0.43..8.45 rows=1 width=4) (actual time=0.033..0.033 rows=0 loops=55)
        Index Cond: (id = mc.movie_id)
        Filter: (production_year = 2007)
        Rows Removed by Filter: 1
Planning time: 0.725 ms
Execution time: 874.108 ms
