Hash Join  (cost=193758.05..340208.83 rows=1255894 width=0) (actual time=3963.033..9314.890 rows=7243403 loops=1)
  Hash Cond: (mk.movie_id = t.id)
  ->  Seq Scan on movie_keyword mk  (cost=0.00..81003.12 rows=4326056 width=4) (actual time=0.014..1772.660 rows=4323593 loops=1)
        Filter: (keyword_id < 68641)
        Rows Removed by Filter: 200337
  ->  Hash  (cost=181714.36..181714.36 rows=734055 width=8) (actual time=3962.130..3962.130 rows=726951 loops=1)
        Buckets: 131072  Batches: 16  Memory Usage: 2821kB
        ->  Hash Join  (cost=102767.86..181714.36 rows=734055 width=8) (actual time=1890.654..3758.722 rows=726951 loops=1)
              Hash Cond: (mc.movie_id = t.id)
              ->  Seq Scan on movie_companies mc  (cost=0.00..51404.11 rows=734055 width=4) (actual time=0.024..917.118 rows=726951 loops=1)
                    Filter: (company_id < 1427)
                    Rows Removed by Filter: 1882178
              ->  Hash  (cost=61283.27..61283.27 rows=2528527 width=4) (actual time=1889.216..1889.216 rows=2528312 loops=1)
                    Buckets: 131072  Batches: 64  Memory Usage: 2415kB
                    ->  Seq Scan on title t  (cost=0.00..61283.27 rows=2528527 width=4) (actual time=1.276..1040.741 rows=2528312 loops=1)
Planning time: 1.113 ms
Execution time: 10157.514 ms
