Hash Join  (cost=1256601.15..2418469.11 rows=50109081 width=0) (actual time=21488.220..47759.099 rows=48892784 loops=1)
  Hash Cond: (mi.movie_id = t.id)
  ->  Seq Scan on movie_info mi  (cost=0.00..309384.22 rows=14739122 width=4) (actual time=0.005..6219.286 rows=14835720 loops=1)
  ->  Hash  (cost=1115567.19..1115567.19 rows=8596317 width=8) (actual time=21486.085..21486.085 rows=4829699 loops=1)
        Buckets: 131072  Batches: 128  Memory Usage: 2507kB
        ->  Hash Join  (cost=102767.86..1115567.19 rows=8596317 width=8) (actual time=4738.511..20065.184 rows=4829699 loops=1)
              Hash Cond: (ci.movie_id = t.id)
              ->  Seq Scan on cast_info ci  (cost=0.00..796071.18 rows=8596317 width=4) (actual time=2466.665..13497.056 rows=4829699 loops=1)
                    Filter: ((person_id > 2070426) AND (role_id < 3))
                    Rows Removed by Filter: 31414645
              ->  Hash  (cost=61283.27..61283.27 rows=2528527 width=4) (actual time=2270.478..2270.478 rows=2528312 loops=1)
                    Buckets: 131072  Batches: 64  Memory Usage: 2415kB
                    ->  Seq Scan on title t  (cost=0.00..61283.27 rows=2528527 width=4) (actual time=0.019..1119.566 rows=2528312 loops=1)
Planning time: 0.791 ms
Execution time: 52965.322 ms
