Hash Join  (cost=102767.86..222210.76 rows=2417033 width=0) (actual time=2138.691..5620.321 rows=2417919 loops=1)
  Hash Cond: (mc.movie_id = t.id)
  ->  Seq Scan on movie_companies mc  (cost=0.00..51404.11 rows=2417033 width=4) (actual time=0.024..1154.102 rows=2417919 loops=1)
        Filter: (company_id > 49)
        Rows Removed by Filter: 191210
  ->  Hash  (cost=61283.27..61283.27 rows=2528527 width=4) (actual time=2137.412..2137.412 rows=2528312 loops=1)
        Buckets: 131072  Batches: 64  Memory Usage: 2415kB
        ->  Seq Scan on title t  (cost=0.00..61283.27 rows=2528527 width=4) (actual time=0.020..1078.663 rows=2528312 loops=1)
Planning time: 0.739 ms
Execution time: 5894.754 ms
