Hash Join  (cost=440776.27..1304498.72 rows=463313 width=0) (actual time=9582.991..25053.827 rows=33580 loops=1)
  Hash Cond: (ci.movie_id = t.id)
  ->  Seq Scan on cast_info ci  (cost=0.00..705507.15 rows=13252845 width=4) (actual time=2511.910..12876.501 rows=13391694 loops=1)
        Filter: (person_id > 2333660)
        Rows Removed by Filter: 22852650
  ->  Hash  (cost=439325.32..439325.32 rows=88396 width=8) (actual time=7068.563..7068.563 rows=8348 loops=1)
        Buckets: 131072  Batches: 2  Memory Usage: 1190kB
        ->  Hash Join  (cost=76808.54..439325.32 rows=88396 width=8) (actual time=3506.320..7064.549 rows=8348 loops=1)
              Hash Cond: (mi.movie_id = t.id)
              ->  Seq Scan on movie_info mi  (cost=0.00..346232.03 rows=1272478 width=4) (actual time=2311.474..5221.824 rows=1325361 loops=1)
                    Filter: (info_type_id = 8)
                    Rows Removed by Filter: 13510359
              ->  Hash  (cost=73925.90..73925.90 rows=175651 width=4) (actual time=1189.739..1189.739 rows=72638 loops=1)
                    Buckets: 131072  Batches: 4  Memory Usage: 1667kB
                    ->  Seq Scan on title t  (cost=0.00..73925.90 rows=175651 width=4) (actual time=0.032..1162.433 rows=72638 loops=1)
                          Filter: ((production_year < 1964) AND (kind_id = 7))
                          Rows Removed by Filter: 2455674
Planning time: 3.178 ms
Execution time: 25059.908 ms
