Seq Scan on movie_keyword mk  (cost=0.00..81003.12 rows=1596972 width=0) (actual time=0.013..1541.349 rows=1606189 loops=1)
  Filter: (keyword_id < 2488)
  Rows Removed by Filter: 2917741
Planning time: 0.360 ms
Execution time: 1742.615 ms
