Hash Join  (cost=194470.93..1315181.93 rows=8460084 width=0) (actual time=3909.849..36496.164 rows=11351116 loops=1)
  Hash Cond: (ci.movie_id = t.id)
  ->  Seq Scan on cast_info ci  (cost=0.00..614943.12 rows=36225612 width=4) (actual time=0.021..13672.666 rows=36244344 loops=1)
  ->  Hash  (cost=184782.56..184782.56 rows=590509 width=8) (actual time=3908.991..3908.991 rows=329426 loops=1)
        Buckets: 131072  Batches: 8  Memory Usage: 2639kB
        ->  Hash Join  (cost=102767.86..184782.56 rows=590509 width=8) (actual time=2186.593..3806.833 rows=329426 loops=1)
              Hash Cond: (mc.movie_id = t.id)
              ->  Seq Scan on movie_companies mc  (cost=0.00..57926.93 rows=590509 width=4) (actual time=0.020..931.188 rows=329426 loops=1)
                    Filter: ((company_id > 12116) AND (company_type_id < 2))
                    Rows Removed by Filter: 2279703
              ->  Hash  (cost=61283.27..61283.27 rows=2528527 width=4) (actual time=2185.752..2185.752 rows=2528312 loops=1)
                    Buckets: 131072  Batches: 64  Memory Usage: 2415kB
                    ->  Seq Scan on title t  (cost=0.00..61283.27 rows=2528527 width=4) (actual time=0.008..1199.870 rows=2528312 loops=1)
Planning time: 1.231 ms
Execution time: 37669.090 ms
