Hash Join  (cost=100972.04..947004.05 rows=15692 width=0) (actual time=3458.093..18544.327 rows=56223 loops=1)
  Hash Cond: (ci.movie_id = t.id)
  ->  Seq Scan on cast_info ci  (cost=0.00..796071.18 rows=13281036 width=4) (actual time=34.035..14355.336 rows=14840360 loops=1)
        Filter: ((person_id < 1552439) AND (role_id < 9))
        Rows Removed by Filter: 21403984
  ->  Hash  (cost=100934.69..100934.69 rows=2988 width=8) (actual time=1896.524..1896.524 rows=4878 loops=1)
        Buckets: 8192 (originally 4096)  Batches: 1 (originally 1)  Memory Usage: 255kB
        ->  Hash Join  (cost=73994.33..100934.69 rows=2988 width=8) (actual time=1247.168..1894.559 rows=4878 loops=1)
              Hash Cond: (mi_idx.movie_id = t.id)
              ->  Seq Scan on movie_info_idx mi_idx  (cost=0.00..21735.35 rows=1380035 width=4) (actual time=0.041..362.400 rows=1380035 loops=1)
              ->  Hash  (cost=73925.90..73925.90 rows=5474 width=4) (actual time=1243.361..1243.361 rows=9310 loops=1)
                    Buckets: 16384 (originally 8192)  Batches: 1 (originally 1)  Memory Usage: 456kB
                    ->  Seq Scan on title t  (cost=0.00..73925.90 rows=5474 width=4) (actual time=0.192..1238.629 rows=9310 loops=1)
                          Filter: ((kind_id > 1) AND (production_year = 1965))
                          Rows Removed by Filter: 2519002
Planning time: 1.255 ms
Execution time: 18552.959 ms
