Hash Join  (cost=78556.72..154684.35 rows=411060 width=0) (actual time=2137.770..4289.931 rows=1019325 loops=1)
  Hash Cond: (mc.movie_id = t.id)
  ->  Seq Scan on movie_companies mc  (cost=0.00..51404.11 rows=1557044 width=4) (actual time=0.019..1015.276 rows=1559575 loops=1)
        Filter: (company_id > 6150)
        Rows Removed by Filter: 1049554
  ->  Hash  (cost=67604.59..67604.59 rows=667531 width=4) (actual time=2136.972..2136.972 rows=662825 loops=1)
        Buckets: 131072  Batches: 16  Memory Usage: 2476kB
        ->  Seq Scan on title t  (cost=0.00..67604.59 rows=667531 width=4) (actual time=441.903..1288.175 rows=662825 loops=1)
              Filter: (kind_id = 1)
              Rows Removed by Filter: 1865487
Planning time: 0.772 ms
Execution time: 4413.201 ms
