Hash Join  (cost=102767.86..245549.70 rows=2156844 width=0) (actual time=2020.626..5648.802 rows=2153419 loops=1)
  Hash Cond: (mk.movie_id = t.id)
  ->  Seq Scan on movie_keyword mk  (cost=0.00..81003.12 rows=2156844 width=4) (actual time=0.027..1604.651 rows=2153419 loops=1)
        Filter: (keyword_id > 5371)
        Rows Removed by Filter: 2370511
  ->  Hash  (cost=61283.27..61283.27 rows=2528527 width=4) (actual time=2019.063..2019.063 rows=2528312 loops=1)
        Buckets: 131072  Batches: 64  Memory Usage: 2425kB
        ->  Seq Scan on title t  (cost=0.00..61283.27 rows=2528527 width=4) (actual time=0.016..1158.413 rows=2528312 loops=1)
Planning time: 5.545 ms
Execution time: 5903.984 ms
