Seq Scan on movie_info mi  (cost=0.00..346232.03 rows=13649610 width=0) (actual time=52.262..6755.019 rows=13681409 loops=1)
  Filter: (info_type_id < 51)
  Rows Removed by Filter: 1154311
Planning time: 0.330 ms
Execution time: 8462.453 ms
