Hash Join  (cost=365418.15..1161554.17 rows=22445207 width=0) (actual time=8938.635..56576.738 rows=150153205 loops=1)
  Hash Cond: (mi.movie_id = t.id)
  ->  Seq Scan on movie_info mi  (cost=0.00..346232.03 rows=12545135 width=4) (actual time=0.015..7230.675 rows=12601870 loops=1)
        Filter: (info_type_id < 17)
        Rows Removed by Filter: 2233850
  ->  Hash  (cost=291197.02..291197.02 rows=4523930 width=8) (actual time=8937.452..8937.452 rows=4523930 loops=1)
        Buckets: 131072  Batches: 64  Memory Usage: 3893kB
        ->  Hash Join  (cost=102767.86..291197.02 rows=4523930 width=8) (actual time=2267.262..7603.538 rows=4523930 loops=1)
              Hash Cond: (mk.movie_id = t.id)
              ->  Seq Scan on movie_keyword mk  (cost=0.00..69693.30 rows=4523930 width=4) (actual time=0.033..1543.378 rows=4523930 loops=1)
              ->  Hash  (cost=61283.27..61283.27 rows=2528527 width=4) (actual time=2265.175..2265.175 rows=2528312 loops=1)
                    Buckets: 131072  Batches: 64  Memory Usage: 2425kB
                    ->  Seq Scan on title t  (cost=0.00..61283.27 rows=2528527 width=4) (actual time=0.016..1152.034 rows=2528312 loops=1)
Planning time: 1.157 ms
Execution time: 72687.635 ms
