Hash Join  (cost=102767.86..198617.00 rows=206401 width=0) (actual time=2608.214..4537.531 rows=222109 loops=1)
  Hash Cond: (mk.movie_id = t.id)
  ->  Seq Scan on movie_keyword mk  (cost=0.00..81003.12 rows=206401 width=4) (actual time=0.019..1316.670 rows=222109 loops=1)
        Filter: (keyword_id < 178)
        Rows Removed by Filter: 4301821
  ->  Hash  (cost=61283.27..61283.27 rows=2528527 width=4) (actual time=2606.260..2606.260 rows=2528312 loops=1)
        Buckets: 131072  Batches: 64  Memory Usage: 2425kB
        ->  Seq Scan on title t  (cost=0.00..61283.27 rows=2528527 width=4) (actual time=0.008..1083.933 rows=2528312 loops=1)
Planning time: 0.577 ms
Execution time: 4565.308 ms
