Seq Scan on movie_companies mc  (cost=0.00..57926.93 rows=1036781 width=0) (actual time=0.016..1042.991 rows=914017 loops=1)
  Filter: ((company_id > 428) AND (company_type_id < 2))
  Rows Removed by Filter: 1695112
Planning time: 0.388 ms
Execution time: 1150.266 ms
