Hash Join  (cost=75580.59..112106.67 rows=36501 width=0) (actual time=1251.410..2231.051 rows=54710 loops=1)
  Hash Cond: (mi_idx.movie_id = t.id)
  ->  Seq Scan on movie_info_idx mi_idx  (cost=0.00..25185.44 rows=915101 width=4) (actual time=0.030..638.920 rows=919850 loops=1)
        Filter: (info_type_id < 101)
        Rows Removed by Filter: 460185
  ->  Hash  (cost=73925.90..73925.90 rows=100855 width=4) (actual time=1250.615..1250.615 rows=111586 loops=1)
        Buckets: 131072  Batches: 2  Memory Usage: 2982kB
        ->  Seq Scan on title t  (cost=0.00..73925.90 rows=100855 width=4) (actual time=420.242..1213.035 rows=111586 loops=1)
              Filter: ((production_year < 2012) AND (kind_id = 4))
              Rows Removed by Filter: 2416726
Planning time: 0.774 ms
Execution time: 2237.615 ms
