Hash Join  (cost=83074.74..464852.16 rows=922 width=0) (actual time=1728.723..7953.231 rows=39942 loops=1)
  Hash Cond: (mi.movie_id = t.id)
  ->  Seq Scan on movie_info mi  (cost=0.00..346232.03 rows=9476311 width=4) (actual time=769.934..5679.037 rows=9565151 loops=1)
        Filter: (info_type_id < 16)
        Rows Removed by Filter: 5270569
  ->  Hash  (cost=83071.67..83071.67 rows=246 width=8) (actual time=952.361..952.361 rows=1617 loops=1)
        Buckets: 2048 (originally 1024)  Batches: 1 (originally 1)  Memory Usage: 80kB
        ->  Nested Loop  (cost=0.43..83071.67 rows=246 width=8) (actual time=3.645..951.380 rows=1617 loops=1)
              ->  Seq Scan on movie_keyword mk  (cost=0.00..81003.12 rows=246 width=4) (actual time=3.570..922.455 rows=1617 loops=1)
                    Filter: (keyword_id = 1613)
                    Rows Removed by Filter: 4522313
              ->  Index Only Scan using title_pkey on title t  (cost=0.43..8.40 rows=1 width=4) (actual time=0.017..0.017 rows=1 loops=1617)
                    Index Cond: (id = mk.movie_id)
                    Heap Fetches: 1617
Planning time: 1.130 ms
Execution time: 7959.143 ms
