Hash Join  (cost=74545.71..872035.10 rows=7048 width=0) (actual time=2972.591..12244.608 rows=4004 loops=1)
  Hash Cond: (ci.movie_id = t.id)
  ->  Seq Scan on cast_info ci  (cost=0.00..796071.18 rows=359397 width=4) (actual time=1863.562..11067.092 rows=238692 loops=1)
        Filter: ((person_id < 304509) AND (role_id = 3))
        Rows Removed by Filter: 36005652
  ->  Hash  (cost=73925.90..73925.90 rows=49584 width=4) (actual time=1108.490..1108.490 rows=38752 loops=1)
        Buckets: 65536  Batches: 1  Memory Usage: 1875kB
        ->  Seq Scan on title t  (cost=0.00..73925.90 rows=49584 width=4) (actual time=0.031..1093.364 rows=38752 loops=1)
              Filter: ((kind_id < 7) AND (production_year = 2008))
              Rows Removed by Filter: 2489560
Planning time: 0.550 ms
Execution time: 12245.811 ms
