Nested Loop  (cost=0.43..83072.29 rows=150 width=0) (actual time=302.813..1395.347 rows=187 loops=1)
  ->  Seq Scan on movie_keyword mk  (cost=0.00..81003.12 rows=246 width=4) (actual time=0.218..1292.207 rows=2672 loops=1)
        Filter: (keyword_id = 851)
        Rows Removed by Filter: 4521258
  ->  Index Scan using title_pkey on title t  (cost=0.43..8.40 rows=1 width=4) (actual time=0.038..0.038 rows=0 loops=2672)
        Index Cond: (id = mk.movie_id)
        Filter: (kind_id = 7)
        Rows Removed by Filter: 1
Planning time: 0.724 ms
Execution time: 1395.501 ms
