Hash Join  (cost=126233.00..1027274.47 rows=1417753 width=0) (actual time=2771.601..26611.174 rows=6844106 loops=1)
  Hash Cond: (ci.movie_id = t.id)
  ->  Seq Scan on cast_info ci  (cost=0.00..705507.15 rows=15607150 width=4) (actual time=0.137..14028.093 rows=15490447 loops=1)
        Filter: (person_id < 1527564)
        Rows Removed by Filter: 20753897
  ->  Hash  (cost=122463.86..122463.86 rows=229691 width=8) (actual time=2770.638..2770.638 rows=517314 loops=1)
        Buckets: 131072 (originally 131072)  Batches: 8 (originally 4)  Memory Usage: 3562kB
        ->  Hash Join  (cost=80830.47..122463.86 rows=229691 width=8) (actual time=1339.720..2633.574 rows=517314 loops=1)
              Hash Cond: (mi_idx.movie_id = t.id)
              ->  Seq Scan on movie_info_idx mi_idx  (cost=0.00..21735.35 rows=1380035 width=4) (actual time=0.024..476.345 rows=1380035 loops=1)
              ->  Hash  (cost=73925.90..73925.90 rows=420845 width=4) (actual time=1338.781..1338.781 rows=517968 loops=1)
                    Buckets: 131072  Batches: 8  Memory Usage: 3313kB
                    ->  Seq Scan on title t  (cost=0.00..73925.90 rows=420845 width=4) (actual time=0.061..1184.964 rows=517968 loops=1)
                          Filter: ((kind_id < 7) AND (production_year < 2001))
                          Rows Removed by Filter: 2010344
Planning time: 1.202 ms
Execution time: 27283.348 ms
