Seq Scan on movie_keyword mk  (cost=0.00..81003.12 rows=3528841 width=0) (actual time=0.023..1579.385 rows=3518978 loops=1)
  Filter: (keyword_id < 18357)
  Rows Removed by Filter: 1004952
Planning time: 0.310 ms
Execution time: 2016.311 ms
