Nested Loop  (cost=0.43..83072.29 rows=150 width=0) (actual time=57.551..1891.548 rows=2 loops=1)
  ->  Seq Scan on movie_keyword mk  (cost=0.00..81003.12 rows=246 width=4) (actual time=38.744..1330.302 rows=626 loops=1)
        Filter: (keyword_id = 2385)
        Rows Removed by Filter: 4523304
  ->  Index Scan using title_pkey on title t  (cost=0.43..8.40 rows=1 width=4) (actual time=0.895..0.895 rows=0 loops=626)
        Index Cond: (id = mk.movie_id)
        Filter: (kind_id = 7)
        Rows Removed by Filter: 1
Planning time: 0.708 ms
Execution time: 1891.642 ms
