Hash Join  (cost=220015.99..718522.30 rows=2464116 width=0) (actual time=5618.721..47034.140 rows=133705319 loops=1)
  Hash Cond: (mi.movie_id = t.id)
  ->  Seq Scan on movie_info mi  (cost=0.00..346232.03 rows=9767026 width=4) (actual time=0.021..6724.814 rows=9911754 loops=1)
        Filter: (info_type_id > 4)
        Rows Removed by Filter: 4923966
  ->  Hash  (cost=209549.99..209549.99 rows=637920 width=8) (actual time=5617.444..5617.444 rows=2108809 loops=1)
        Buckets: 131072 (originally 131072)  Batches: 32 (originally 16)  Memory Usage: 3617kB
        ->  Hash Join  (cost=79775.76..209549.99 rows=637920 width=8) (actual time=1367.426..5066.597 rows=2108809 loops=1)
              Hash Cond: (mk.movie_id = t.id)
              ->  Seq Scan on movie_keyword mk  (cost=0.00..69693.30 rows=4523930 width=4) (actual time=0.019..1411.458 rows=4523930 loops=1)
              ->  Hash  (cost=73925.90..73925.90 rows=356548 width=4) (actual time=1366.591..1366.591 rows=424572 loops=1)
                    Buckets: 131072  Batches: 8  Memory Usage: 2905kB
                    ->  Seq Scan on title t  (cost=0.00..73925.90 rows=356548 width=4) (actual time=0.014..1231.262 rows=424572 loops=1)
                          Filter: ((production_year < 2005) AND (kind_id = 1))
                          Rows Removed by Filter: 2103740
Planning time: 1.210 ms
Execution time: 62046.895 ms
