Seq Scan on cast_info ci  (cost=0.00..705507.15 rows=28688153 width=0) (actual time=0.020..12508.125 rows=28784900 loops=1)
  Filter: (person_id > 722094)
  Rows Removed by Filter: 7459444
Planning time: 0.354 ms
Execution time: 16092.555 ms
