Hash Join  (cost=69223.25..145676.33 rows=101756 width=0) (actual time=990.153..2794.301 rows=186625 loops=1)
  Hash Cond: (mc.movie_id = t.id)
  ->  Seq Scan on movie_companies mc  (cost=0.00..44881.29 rows=2609129 width=4) (actual time=0.019..832.653 rows=2609129 loops=1)
  ->  Hash  (cost=67604.59..67604.59 rows=98613 width=4) (actual time=989.363..989.363 rows=98579 loops=1)
        Buckets: 131072  Batches: 2  Memory Usage: 2754kB
        ->  Seq Scan on title t  (cost=0.00..67604.59 rows=98613 width=4) (actual time=0.035..954.417 rows=98579 loops=1)
              Filter: (production_year < 1924)
              Rows Removed by Filter: 2429733
Planning time: 0.763 ms
Execution time: 2817.785 ms
