Hash Join  (cost=121013.29..227412.52 rows=119313 width=0) (actual time=2932.141..5868.241 rows=2064196 loops=1)
  Hash Cond: (mk.movie_id = t.id)
  ->  Seq Scan on movie_keyword mk  (cost=0.00..81003.12 rows=2043195 width=4) (actual time=0.031..1543.400 rows=2051093 loops=1)
        Filter: (keyword_id < 3660)
        Rows Removed by Filter: 2472837
  ->  Hash  (cost=118590.61..118590.61 rows=147654 width=8) (actual time=2931.059..2931.059 rows=357502 loops=1)
        Buckets: 131072 (originally 131072)  Batches: 8 (originally 2)  Memory Usage: 3073kB
        ->  Hash Join  (cost=78364.59..118590.61 rows=147654 width=8) (actual time=1536.230..2808.877 rows=357502 loops=1)
              Hash Cond: (mi_idx.movie_id = t.id)
              ->  Seq Scan on movie_info_idx mi_idx  (cost=0.00..21735.35 rows=1380035 width=4) (actual time=0.032..471.293 rows=1380035 loops=1)
              ->  Hash  (cost=73925.90..73925.90 rows=270535 width=4) (actual time=1535.251..1535.251 rows=374196 loops=1)
                    Buckets: 131072 (originally 131072)  Batches: 8 (originally 4)  Memory Usage: 3073kB
                    ->  Seq Scan on title t  (cost=0.00..73925.90 rows=270535 width=4) (actual time=9.718..1062.534 rows=374196 loops=1)
                          Filter: ((production_year < 2000) AND (kind_id = 1))
                          Rows Removed by Filter: 2154116
Planning time: 1.572 ms
Execution time: 6101.379 ms
