Seq Scan on movie_keyword mk  (cost=0.00..81003.12 rows=2643468 width=0) (actual time=0.015..1541.921 rows=2635614 loops=1)
  Filter: (keyword_id < 7242)
  Rows Removed by Filter: 1888316
Planning time: 0.267 ms
Execution time: 1861.663 ms
