Seq Scan on cast_info ci  (cost=0.00..796071.18 rows=20037448 width=0) (actual time=3326.597..15001.680 rows=19402455 loops=1)
  Filter: ((person_id > 572658) AND (role_id < 4))
  Rows Removed by Filter: 16841889
Planning time: 0.381 ms
Execution time: 17277.210 ms
