Seq Scan on movie_companies mc  (cost=0.00..51404.11 rows=1153502 width=0) (actual time=0.020..962.401 rows=1148707 loops=1)
  Filter: (company_id < 8948)
  Rows Removed by Filter: 1460422
Planning time: 0.360 ms
Execution time: 1107.021 ms
