Hash Join  (cost=96184.51..164921.43 rows=174582 width=0) (actual time=3129.963..3639.792 rows=83229 loops=1)
  Hash Cond: (mc.movie_id = t.id)
  ->  Seq Scan on movie_companies mc  (cost=0.00..57926.93 rows=325378 width=4) (actual time=0.030..858.788 rows=177705 loops=1)
        Filter: ((company_id < 846) AND (company_type_id > 1))
        Rows Removed by Filter: 2431424
  ->  Hash  (cost=73925.90..73925.90 rows=1356688 width=4) (actual time=2451.517..2451.517 rows=1327781 loops=1)
        Buckets: 131072  Batches: 32  Memory Usage: 2479kB
        ->  Seq Scan on title t  (cost=0.00..73925.90 rows=1356688 width=4) (actual time=0.028..1321.787 rows=1327781 loops=1)
              Filter: ((production_year < 2012) AND (kind_id = 7))
              Rows Removed by Filter: 1200531
Planning time: 0.817 ms
Execution time: 3651.001 ms
