Seq Scan on title t  (cost=0.00..73925.90 rows=1963 width=94) (actual time=634.816..1433.882 rows=4371 loops=1)
  Filter: ((kind_id = 1) AND (production_year = 1975))
  Rows Removed by Filter: 2523941
Planning time: 0.576 ms
Execution time: 1434.250 ms
