Hash Join  (cost=70241.71..1058721.54 rows=1471343 width=0) (actual time=1111.340..27505.874 rows=1414314 loops=1)
  Hash Cond: (ci.movie_id = t.id)
  ->  Seq Scan on cast_info ci  (cost=0.00..705507.15 rows=23146467 width=4) (actual time=0.020..14565.546 rows=23042622 loops=1)
        Filter: (person_id < 2354298)
        Rows Removed by Filter: 13201722
  ->  Hash  (cost=67604.59..67604.59 rows=160730 width=4) (actual time=1110.472..1110.472 rows=160017 loops=1)
        Buckets: 131072  Batches: 4  Memory Usage: 2436kB
        ->  Seq Scan on title t  (cost=0.00..67604.59 rows=160730 width=4) (actual time=0.025..1053.706 rows=160017 loops=1)
              Filter: (production_year = 2011)
              Rows Removed by Filter: 2368295
Planning time: 0.721 ms
Execution time: 27692.880 ms
