Hash Join  (cost=156649.15..968136.23 rows=186578 width=0) (actual time=5257.015..15953.985 rows=191529 loops=1)
  Hash Cond: (ci.movie_id = t.id)
  ->  Seq Scan on cast_info ci  (cost=0.00..796071.18 rows=1014699 width=4) (actual time=1642.268..12032.623 rows=327079 loops=1)
        Filter: ((person_id < 823045) AND (role_id = 10))
        Rows Removed by Filter: 35917265
  ->  Hash  (cost=149020.47..149020.47 rows=464934 width=8) (actual time=3613.557..3613.557 rows=460185 loops=1)
        Buckets: 131072  Batches: 8  Memory Usage: 3276kB
        ->  Hash Join  (cost=102767.86..149020.47 rows=464934 width=8) (actual time=2341.118..3496.583 rows=460185 loops=1)
              Hash Cond: (mi_idx.movie_id = t.id)
              ->  Seq Scan on movie_info_idx mi_idx  (cost=0.00..25185.44 rows=464934 width=4) (actual time=0.026..457.467 rows=460185 loops=1)
                    Filter: (info_type_id > 100)
                    Rows Removed by Filter: 919850
              ->  Hash  (cost=61283.27..61283.27 rows=2528527 width=4) (actual time=2339.271..2339.271 rows=2528312 loops=1)
                    Buckets: 131072  Batches: 64  Memory Usage: 2415kB
                    ->  Seq Scan on title t  (cost=0.00..61283.27 rows=2528527 width=4) (actual time=0.020..1296.464 rows=2528312 loops=1)
Planning time: 2.779 ms
Execution time: 15977.724 ms
