Seq Scan on cast_info ci  (cost=0.00..796071.18 rows=6379543 width=0) (actual time=5533.242..12047.037 rows=4298224 loops=1)
  Filter: ((person_id > 2932216) AND (role_id < 10))
  Rows Removed by Filter: 31946120
Planning time: 0.333 ms
Execution time: 12572.061 ms
