Seq Scan on title t  (cost=0.00..67604.59 rows=2364341 width=0) (actual time=0.017..1320.713 rows=2360253 loops=1)
  Filter: (production_year > 1922)
  Rows Removed by Filter: 168059
Planning time: 0.297 ms
Execution time: 1622.642 ms
