Hash Join  (cost=119738.00..600597.33 rows=560843 width=0) (actual time=3252.878..17484.233 rows=5643503 loops=1)
  Hash Cond: (mi.movie_id = t.id)
  ->  Seq Scan on movie_info mi  (cost=0.00..346232.03 rows=11115165 width=4) (actual time=0.028..7017.476 rows=11210743 loops=1)
        Filter: (info_type_id > 3)
        Rows Removed by Filter: 3624977
  ->  Hash  (cost=117644.22..117644.22 rows=127583 width=8) (actual time=3250.422..3250.422 rows=327111 loops=1)
        Buckets: 131072 (originally 131072)  Batches: 8 (originally 2)  Memory Usage: 3073kB
        ->  Hash Join  (cost=77761.90..117644.22 rows=127583 width=8) (actual time=1456.493..3105.942 rows=327111 loops=1)
              Hash Cond: (mi_idx.movie_id = t.id)
              ->  Seq Scan on movie_info_idx mi_idx  (cost=0.00..21735.35 rows=1380035 width=4) (actual time=0.018..480.794 rows=1380035 loops=1)
              ->  Hash  (cost=73925.90..73925.90 rows=233760 width=4) (actual time=1161.788..1161.788 rows=353075 loops=1)
                    Buckets: 131072 (originally 131072)  Batches: 8 (originally 4)  Memory Usage: 3073kB
                    ->  Seq Scan on title t  (cost=0.00..73925.90 rows=233760 width=4) (actual time=0.013..1043.692 rows=353075 loops=1)
                          Filter: ((production_year < 1997) AND (kind_id = 1))
                          Rows Removed by Filter: 2175237
Planning time: 1.104 ms
Execution time: 18084.105 ms
