Seq Scan on cast_info ci  (cost=0.00..796071.18 rows=64 width=0) (actual time=6464.763..12753.767 rows=7 loops=1)
  Filter: ((role_id > 9) AND (person_id = 1421741))
  Rows Removed by Filter: 36244337
Planning time: 0.365 ms
Execution time: 12753.903 ms
