Hash Join  (cost=119769.60..606517.13 rows=650562 width=0) (actual time=2436.983..16329.335 rows=4425581 loops=1)
  Hash Cond: (mi.movie_id = t.id)
  ->  Seq Scan on movie_info mi  (cost=0.00..309384.22 rows=14739122 width=4) (actual time=0.005..6038.213 rows=14835720 loops=1)
  ->  Hash  (cost=117938.54..117938.54 rows=111605 width=8) (actual time=2436.300..2436.300 rows=240106 loops=1)
        Buckets: 131072 (originally 131072)  Batches: 4 (originally 2)  Memory Usage: 3385kB
        ->  Hash Join  (cost=83891.93..117938.54 rows=111605 width=8) (actual time=1422.634..2353.067 rows=240106 loops=1)
              Hash Cond: (mi_idx.movie_id = t.id)
              ->  Seq Scan on movie_info_idx mi_idx  (cost=0.00..25185.44 rows=464566 width=4) (actual time=0.025..487.028 rows=459925 loops=1)
                    Filter: (info_type_id = 101)
                    Rows Removed by Filter: 920110
              ->  Hash  (cost=73925.90..73925.90 rows=607442 width=4) (actual time=1421.765..1421.765 rows=675690 loops=1)
                    Buckets: 131072  Batches: 8  Memory Usage: 4012kB
                    ->  Seq Scan on title t  (cost=0.00..73925.90 rows=607442 width=4) (actual time=0.024..1205.802 rows=675690 loops=1)
                          Filter: ((kind_id < 7) AND (production_year < 2007))
                          Rows Removed by Filter: 1852622
Planning time: 1.079 ms
Execution time: 16854.440 ms
