Hash Join  (cost=81812.24..942872.87 rows=891099 width=0) (actual time=1831.303..20265.644 rows=1052867 loops=1)
  Hash Cond: (ci.movie_id = t.id)
  ->  Seq Scan on cast_info ci  (cost=0.00..796071.18 rows=4687588 width=4) (actual time=476.830..15128.883 rows=7449743 loops=1)
        Filter: ((person_id > 1275957) AND (role_id = 2))
        Rows Removed by Filter: 28794601
  ->  Hash  (cost=73925.90..73925.90 rows=480667 width=4) (actual time=1353.314..1353.314 rows=350545 loops=1)
        Buckets: 131072  Batches: 8  Memory Usage: 2572kB
        ->  Seq Scan on title t  (cost=0.00..73925.90 rows=480667 width=4) (actual time=75.043..1240.786 rows=350545 loops=1)
              Filter: ((production_year > 1987) AND (kind_id = 1))
              Rows Removed by Filter: 2177767
Planning time: 0.814 ms
Execution time: 20399.934 ms
