Nested Loop  (cost=0.43..138958.31 rows=2123 width=0) (actual time=698.310..1609.793 rows=1718 loops=1)
  ->  Seq Scan on movie_keyword mk  (cost=0.00..81003.12 rows=8595 width=4) (actual time=8.557..1323.795 rows=9060 loops=1)
        Filter: (keyword_id = 47)
        Rows Removed by Filter: 4514870
  ->  Index Scan using title_pkey on title t  (cost=0.43..6.73 rows=1 width=4) (actual time=0.031..0.031 rows=0 loops=9060)
        Index Cond: (id = mk.movie_id)
        Filter: ((production_year < 2000) AND (kind_id = 7))
        Rows Removed by Filter: 1
Planning time: 0.665 ms
Execution time: 1610.262 ms
