Hash Join  (cost=444177.67..1403114.88 rows=675941 width=0) (actual time=19565.370..27469.112 rows=1650593 loops=1)
  Hash Cond: (ci.movie_id = t.id)
  ->  Seq Scan on cast_info ci  (cost=0.00..796071.18 rows=8720866 width=4) (actual time=9561.899..15190.927 rows=4514452 loops=1)
        Filter: ((person_id > 1111309) AND (role_id = 1))
        Rows Removed by Filter: 31729892
  ->  Hash  (cost=440961.90..440961.90 rows=195981 width=8) (actual time=10001.866..10001.866 rows=359770 loops=1)
        Buckets: 131072 (originally 131072)  Batches: 8 (originally 4)  Memory Usage: 3073kB
        ->  Hash Join  (cost=74346.17..440961.90 rows=195981 width=8) (actual time=1126.934..9860.347 rows=359770 loops=1)
              Hash Cond: (mi.movie_id = t.id)
              ->  Seq Scan on movie_info mi  (cost=0.00..309384.22 rows=14739122 width=4) (actual time=0.018..4922.369 rows=14835720 loops=1)
              ->  Hash  (cost=73925.90..73925.90 rows=33621 width=4) (actual time=1124.283..1124.283 rows=28104 loops=1)
                    Buckets: 65536  Batches: 1  Memory Usage: 1501kB
                    ->  Seq Scan on title t  (cost=0.00..73925.90 rows=33621 width=4) (actual time=426.221..1113.163 rows=28104 loops=1)
                          Filter: ((kind_id = 1) AND (production_year = 2009))
                          Rows Removed by Filter: 2500208
Planning time: 1.204 ms
Execution time: 27638.373 ms
