Seq Scan on cast_info ci  (cost=0.00..705507.15 rows=1288642 width=0) (actual time=6254.911..10818.800 rows=1314146 loops=1)
  Filter: (person_id > 3807702)
  Rows Removed by Filter: 34930198
Planning time: 1.974 ms
Execution time: 10982.024 ms
