Hash Join  (cost=188291.71..705355.14 rows=3491750 width=0) (actual time=3844.312..20138.167 rows=12773131 loops=1)
  Hash Cond: (mi.movie_id = t.id)
  ->  Seq Scan on movie_info mi  (cost=0.00..309384.22 rows=14739122 width=4) (actual time=0.014..6246.328 rows=14835720 loops=1)
  ->  Hash  (cost=178464.00..178464.00 rows=599017 width=8) (actual time=3843.626..3843.626 rows=595912 loops=1)
        Buckets: 131072  Batches: 8  Memory Usage: 3958kB
        ->  Hash Join  (cost=102767.86..178464.00 rows=599017 width=8) (actual time=1941.823..3662.873 rows=595912 loops=1)
              Hash Cond: (mc.movie_id = t.id)
              ->  Seq Scan on movie_companies mc  (cost=0.00..51404.11 rows=599017 width=4) (actual time=0.027..842.249 rows=595912 loops=1)
                    Filter: (company_id < 687)
                    Rows Removed by Filter: 2013217
              ->  Hash  (cost=61283.27..61283.27 rows=2528527 width=4) (actual time=1905.932..1905.932 rows=2528312 loops=1)
                    Buckets: 131072  Batches: 64  Memory Usage: 2415kB
                    ->  Seq Scan on title t  (cost=0.00..61283.27 rows=2528527 width=4) (actual time=0.021..1087.286 rows=2528312 loops=1)
Planning time: 1.081 ms
Execution time: 21574.596 ms
