Seq Scan on movie_keyword mk  (cost=0.00..81003.12 rows=3800516 width=0) (actual time=0.014..1479.572 rows=3805385 loops=1)
  Filter: (keyword_id > 631)
  Rows Removed by Filter: 718545
Planning time: 0.306 ms
Execution time: 1968.488 ms
