Nested Loop  (cost=0.43..83071.67 rows=246 width=0) (actual time=85.943..1448.727 rows=87 loops=1)
  ->  Seq Scan on movie_keyword mk  (cost=0.00..81003.12 rows=246 width=4) (actual time=85.846..1442.123 rows=87 loops=1)
        Filter: (keyword_id = 7948)
        Rows Removed by Filter: 4523843
  ->  Index Only Scan using title_pkey on title t  (cost=0.43..8.40 rows=1 width=4) (actual time=0.070..0.071 rows=1 loops=87)
        Index Cond: (id = mk.movie_id)
        Heap Fetches: 87
Planning time: 0.736 ms
Execution time: 1448.874 ms
