Hash Join  (cost=102767.86..289457.56 rows=3981574 width=0) (actual time=1884.596..6641.974 rows=3980918 loops=1)
  Hash Cond: (mk.movie_id = t.id)
  ->  Seq Scan on movie_keyword mk  (cost=0.00..81003.12 rows=3981574 width=4) (actual time=0.017..1714.808 rows=3980918 loops=1)
        Filter: (keyword_id > 384)
        Rows Removed by Filter: 543012
  ->  Hash  (cost=61283.27..61283.27 rows=2528527 width=4) (actual time=1883.619..1883.619 rows=2528312 loops=1)
        Buckets: 131072  Batches: 64  Memory Usage: 2425kB
        ->  Seq Scan on title t  (cost=0.00..61283.27 rows=2528527 width=4) (actual time=0.020..1016.297 rows=2528312 loops=1)
Planning time: 0.748 ms
Execution time: 7064.587 ms
