Hash Join  (cost=161472.76..527356.25 rows=122753 width=0) (actual time=2725.688..10478.042 rows=31779 loops=1)
  Hash Cond: (mi.movie_id = t.id)
  ->  Seq Scan on movie_info mi  (cost=0.00..309384.22 rows=14739122 width=4) (actual time=0.021..4773.318 rows=14835720 loops=1)
  ->  Hash  (cost=161209.52..161209.52 rows=21059 width=8) (actual time=2698.776..2698.776 rows=3542 loops=1)
        Buckets: 32768  Batches: 1  Memory Usage: 395kB
        ->  Hash Join  (cost=74369.53..161209.52 rows=21059 width=8) (actual time=1118.594..2697.688 rows=3542 loops=1)
              Hash Cond: (mk.movie_id = t.id)
              ->  Seq Scan on movie_keyword mk  (cost=0.00..81003.12 rows=1500341 width=4) (actual time=0.029..1310.845 rows=1508941 loops=1)
                    Filter: (keyword_id < 2185)
                    Rows Removed by Filter: 3014989
              ->  Hash  (cost=73925.90..73925.90 rows=35490 width=4) (actual time=1117.478..1117.478 rows=39698 loops=1)
                    Buckets: 65536  Batches: 1  Memory Usage: 1908kB
                    ->  Seq Scan on title t  (cost=0.00..73925.90 rows=35490 width=4) (actual time=203.670..1101.367 rows=39698 loops=1)
                          Filter: ((kind_id = 7) AND (production_year = 2001))
                          Rows Removed by Filter: 2488614
Planning time: 0.932 ms
Execution time: 10482.929 ms
