Hash Join  (cost=102767.86..236519.24 rows=1781554 width=0) (actual time=1934.617..5179.230 rows=1785988 loops=1)
  Hash Cond: (mk.movie_id = t.id)
  ->  Seq Scan on movie_keyword mk  (cost=0.00..81003.12 rows=1781554 width=4) (actual time=0.020..1556.637 rows=1785988 loops=1)
        Filter: (keyword_id > 7771)
        Rows Removed by Filter: 2737942
  ->  Hash  (cost=61283.27..61283.27 rows=2528527 width=4) (actual time=1933.019..1933.019 rows=2528312 loops=1)
        Buckets: 131072  Batches: 64  Memory Usage: 2425kB
        ->  Seq Scan on title t  (cost=0.00..61283.27 rows=2528527 width=4) (actual time=0.015..1092.687 rows=2528312 loops=1)
Planning time: 0.706 ms
Execution time: 5384.352 ms
