Hash Join  (cost=260536.51..1347333.40 rows=11886419 width=0) (actual time=11975.667..58939.896 rows=93686788 loops=1)
  Hash Cond: (ci.movie_id = t.id)
  ->  Seq Scan on cast_info ci  (cost=0.00..705507.15 rows=20024311 width=4) (actual time=4149.233..15769.640 rows=20122661 loops=1)
        Filter: (role_id < 3)
        Rows Removed by Filter: 16121683
  ->  Hash  (cost=235910.86..235910.86 rows=1500932 width=8) (actual time=7824.186..7824.186 rows=3440089 loops=1)
        Buckets: 131072 (originally 131072)  Batches: 64 (originally 32)  Memory Usage: 3154kB
        ->  Hash Join  (cost=89241.26..235910.86 rows=1500932 width=8) (actual time=1645.091..6862.001 rows=3440089 loops=1)
              Hash Cond: (mk.movie_id = t.id)
              ->  Seq Scan on movie_keyword mk  (cost=0.00..81003.12 rows=4065643 width=4) (actual time=0.028..1809.901 rows=4069463 loops=1)
                    Filter: (keyword_id < 38959)
                    Rows Removed by Filter: 454467
              ->  Hash  (cost=73925.90..73925.90 rows=933468 width=4) (actual time=1644.043..1644.043 rows=904427 loops=1)
                    Buckets: 131072  Batches: 16  Memory Usage: 3021kB
                    ->  Seq Scan on title t  (cost=0.00..73925.90 rows=933468 width=4) (actual time=0.017..1362.028 rows=904427 loops=1)
                          Filter: ((kind_id < 7) AND (production_year > 1916))
                          Rows Removed by Filter: 1623885
Planning time: 1.134 ms
Execution time: 69005.369 ms
