Hash Join  (cost=78905.82..105830.98 rows=1467 width=0) (actual time=958.165..1280.002 rows=14049 loops=1)
  Hash Cond: (mi_idx.movie_id = t.id)
  ->  Seq Scan on movie_info_idx mi_idx  (cost=0.00..21735.35 rows=1380035 width=4) (actual time=0.020..146.625 rows=1380035 loops=1)
  ->  Hash  (cost=78872.24..78872.24 rows=2687 width=8) (actual time=957.497..957.497 rows=5156 loops=1)
        Buckets: 8192 (originally 4096)  Batches: 1 (originally 1)  Memory Usage: 266kB
        ->  Nested Loop  (cost=0.43..78872.24 rows=2687 width=8) (actual time=142.043..954.769 rows=5156 loops=1)
              ->  Seq Scan on movie_companies mc  (cost=0.00..57926.93 rows=2687 width=4) (actual time=141.939..829.219 rows=5156 loops=1)
                    Filter: ((company_id = 49) AND (company_type_id = 1))
                    Rows Removed by Filter: 2603973
              ->  Index Only Scan using title_pkey on title t  (cost=0.43..7.79 rows=1 width=4) (actual time=0.023..0.024 rows=1 loops=5156)
                    Index Cond: (id = mc.movie_id)
                    Heap Fetches: 5156
Planning time: 1.264 ms
Execution time: 1281.321 ms
