Seq Scan on movie_companies mc  (cost=0.00..51404.11 rows=1546343 width=0) (actual time=0.020..983.180 rows=1535721 loops=1)
  Filter: (company_id < 14490)
  Rows Removed by Filter: 1073408
Planning time: 0.491 ms
Execution time: 1175.000 ms
