Hash Join  (cost=190111.10..1318685.32 rows=9225505 width=0) (actual time=4095.873..40205.631 rows=16803237 loops=1)
  Hash Cond: (ci.movie_id = t.id)
  ->  Seq Scan on cast_info ci  (cost=0.00..614943.12 rows=36225612 width=4) (actual time=0.022..13216.691 rows=36244344 loops=1)
  ->  Hash  (cost=179545.91..179545.91 rows=643935 width=8) (actual time=4094.860..4094.860 rows=649190 loops=1)
        Buckets: 131072  Batches: 16  Memory Usage: 2620kB
        ->  Hash Join  (cost=102767.86..179545.91 rows=643935 width=8) (actual time=1940.673..3893.229 rows=649190 loops=1)
              Hash Cond: (mc.movie_id = t.id)
              ->  Seq Scan on movie_companies mc  (cost=0.00..51404.11 rows=643935 width=4) (actual time=0.019..943.730 rows=649190 loops=1)
                    Filter: (company_id > 54961)
                    Rows Removed by Filter: 1959939
              ->  Hash  (cost=61283.27..61283.27 rows=2528527 width=4) (actual time=1939.886..1939.886 rows=2528312 loops=1)
                    Buckets: 131072  Batches: 64  Memory Usage: 2415kB
                    ->  Seq Scan on title t  (cost=0.00..61283.27 rows=2528527 width=4) (actual time=0.011..1137.556 rows=2528312 loops=1)
Planning time: 1.124 ms
Execution time: 42173.371 ms
