Seq Scan on movie_companies mc  (cost=0.00..57926.93 rows=51 width=0) (actual time=0.856..916.087 rows=242 loops=1)
  Filter: ((company_type_id < 2) AND (company_id = 2266))
  Rows Removed by Filter: 2608887
Planning time: 0.383 ms
Execution time: 916.208 ms
