Hash Join  (cost=102767.86..226110.51 rows=1349017 width=0) (actual time=2065.786..4961.825 rows=1358476 loops=1)
  Hash Cond: (mk.movie_id = t.id)
  ->  Seq Scan on movie_keyword mk  (cost=0.00..81003.12 rows=1349017 width=4) (actual time=0.026..1484.080 rows=1358476 loops=1)
        Filter: (keyword_id > 12351)
        Rows Removed by Filter: 3165454
  ->  Hash  (cost=61283.27..61283.27 rows=2528527 width=4) (actual time=2064.743..2064.743 rows=2528312 loops=1)
        Buckets: 131072  Batches: 64  Memory Usage: 2425kB
        ->  Seq Scan on title t  (cost=0.00..61283.27 rows=2528527 width=4) (actual time=0.020..1202.207 rows=2528312 loops=1)
Planning time: 0.765 ms
Execution time: 5115.657 ms
