Hash Join  (cost=75819.10..562801.45 rows=672542 width=0) (actual time=1092.784..12364.242 rows=248624 loops=1)
  Hash Cond: (mi.movie_id = t.id)
  ->  Seq Scan on movie_info mi  (cost=0.00..309384.22 rows=14739122 width=4) (actual time=0.007..5208.543 rows=14835720 loops=1)
  ->  Hash  (cost=73925.90..73925.90 rows=115376 width=4) (actual time=1091.330..1091.330 rows=119207 loops=1)
        Buckets: 131072  Batches: 2  Memory Usage: 3125kB
        ->  Seq Scan on title t  (cost=0.00..73925.90 rows=115376 width=4) (actual time=0.031..1049.838 rows=119207 loops=1)
              Filter: ((kind_id > 2) AND (production_year = 2012))
              Rows Removed by Filter: 2409105
Planning time: 0.845 ms
Execution time: 12402.553 ms
