Hash Join  (cost=177434.70..662860.37 rows=2384929 width=0) (actual time=4409.916..22032.719 rows=28381504 loops=1)
  Hash Cond: (mi.movie_id = t.id)
  ->  Seq Scan on movie_info mi  (cost=0.00..346232.03 rows=9767026 width=4) (actual time=0.020..7090.569 rows=9911754 loops=1)
        Filter: (info_type_id > 4)
        Rows Removed by Filter: 4923966
  ->  Hash  (cost=167304.95..167304.95 rows=617420 width=8) (actual time=4408.414..4408.414 rows=924679 loops=1)
        Buckets: 131072  Batches: 16  Memory Usage: 3315kB
        ->  Hash Join  (cost=83743.23..167304.95 rows=617420 width=8) (actual time=1644.273..4117.195 rows=924679 loops=1)
              Hash Cond: (mc.movie_id = t.id)
              ->  Seq Scan on movie_companies mc  (cost=0.00..44881.29 rows=2609129 width=4) (actual time=0.019..909.635 rows=2609129 loops=1)
              ->  Hash  (cost=73925.90..73925.90 rows=598346 width=4) (actual time=1643.327..1643.327 rows=507407 loops=1)
                    Buckets: 131072  Batches: 8  Memory Usage: 3251kB
                    ->  Seq Scan on title t  (cost=0.00..73925.90 rows=598346 width=4) (actual time=0.025..1259.857 rows=507407 loops=1)
                          Filter: ((kind_id < 7) AND (production_year > 1997))
                          Rows Removed by Filter: 2020905
Planning time: 1.160 ms
Execution time: 24863.437 ms
