Hash Join  (cost=67697.55..413997.37 rows=53 width=0) (actual time=3078.623..6449.136 rows=215 loops=1)
  Hash Cond: (mi.movie_id = t.id)
  ->  Seq Scan on movie_info mi  (cost=0.00..346232.03 rows=17937 width=4) (actual time=1987.568..5344.910 rows=68025 loops=1)
        Filter: (info_type_id = 94)
        Rows Removed by Filter: 14767695
  ->  Hash  (cost=67604.59..67604.59 rows=7437 width=4) (actual time=1090.462..1090.462 rows=14428 loops=1)
        Buckets: 16384 (originally 8192)  Batches: 1 (originally 1)  Memory Usage: 636kB
        ->  Seq Scan on title t  (cost=0.00..67604.59 rows=7437 width=4) (actual time=0.098..1083.355 rows=14428 loops=1)
              Filter: (production_year = 1978)
              Rows Removed by Filter: 2513884
Planning time: 3.246 ms
Execution time: 6449.430 ms
