Hash Join  (cost=832324.71..1260603.00 rows=862960 width=0) (actual time=15204.313..25207.573 rows=2352045 loops=1)
  Hash Cond: (mi.movie_id = t.id)
  ->  Seq Scan on movie_info mi  (cost=0.00..346232.03 rows=6231111 width=4) (actual time=0.008..5932.779 rows=6223494 loops=1)
        Filter: (info_type_id > 8)
        Rows Removed by Filter: 8612226
  ->  Hash  (cost=826579.45..826579.45 rows=350181 width=8) (actual time=15203.429..15203.429 rows=316118 loops=1)
        Buckets: 131072  Batches: 8  Memory Usage: 2577kB
        ->  Hash Join  (cost=102767.86..826579.45 rows=350181 width=8) (actual time=13901.511..15108.943 rows=316118 loops=1)
              Hash Cond: (ci.movie_id = t.id)
              ->  Seq Scan on cast_info ci  (cost=0.00..705507.15 rows=350181 width=4) (actual time=12006.035..12536.192 rows=316118 loops=1)
                    Filter: (role_id > 10)
                    Rows Removed by Filter: 35928226
              ->  Hash  (cost=61283.27..61283.27 rows=2528527 width=4) (actual time=1894.567..1894.567 rows=2528312 loops=1)
                    Buckets: 131072  Batches: 64  Memory Usage: 2415kB
                    ->  Seq Scan on title t  (cost=0.00..61283.27 rows=2528527 width=4) (actual time=0.020..1100.709 rows=2528312 loops=1)
Planning time: 1.132 ms
Execution time: 25484.876 ms
