Hash Join  (cost=85855.67..1090166.47 rows=4090858 width=0) (actual time=1515.763..27506.343 rows=5458623 loops=1)
  Hash Cond: (ci.movie_id = t.id)
  ->  Seq Scan on cast_info ci  (cost=0.00..796071.18 rows=14226146 width=4) (actual time=0.020..17707.861 rows=14929262 loops=1)
        Filter: ((person_id > 413234) AND (role_id > 2))
        Rows Removed by Filter: 21315082
  ->  Hash  (cost=73925.90..73925.90 rows=727101 width=4) (actual time=1514.366..1514.366 rows=796159 loops=1)
        Buckets: 131072  Batches: 16  Memory Usage: 2780kB
        ->  Seq Scan on title t  (cost=0.00..73925.90 rows=727101 width=4) (actual time=0.023..1264.560 rows=796159 loops=1)
              Filter: ((production_year > 2003) AND (kind_id = 7))
              Rows Removed by Filter: 1732153
Planning time: 0.649 ms
Execution time: 28065.245 ms
