Hash Join  (cost=133397.28..498781.27 rows=72806 width=0) (actual time=2291.401..9209.204 rows=149558 loops=1)
  Hash Cond: (mi.movie_id = t.id)
  ->  Seq Scan on movie_info mi  (cost=0.00..309384.22 rows=14739122 width=4) (actual time=0.011..4145.325 rows=14835720 loops=1)
  ->  Hash  (cost=133241.16..133241.16 rows=12490 width=8) (actual time=2289.204..2289.204 rows=1405 loops=1)
        Buckets: 16384  Batches: 1  Memory Usage: 183kB
        ->  Hash Join  (cost=78556.72..133241.16 rows=12490 width=8) (actual time=1478.905..2288.389 rows=1405 loops=1)
              Hash Cond: (mc.movie_id = t.id)
              ->  Seq Scan on movie_companies mc  (cost=0.00..51404.11 rows=47312 width=4) (actual time=0.284..806.047 rows=47252 loops=1)
                    Filter: (company_id = 19)
                    Rows Removed by Filter: 2561877
              ->  Hash  (cost=67604.59..67604.59 rows=667531 width=4) (actual time=1363.565..1363.565 rows=662825 loops=1)
                    Buckets: 131072  Batches: 16  Memory Usage: 2476kB
                    ->  Seq Scan on title t  (cost=0.00..67604.59 rows=667531 width=4) (actual time=443.955..1161.612 rows=662825 loops=1)
                          Filter: (kind_id = 1)
                          Rows Removed by Filter: 1865487
Planning time: 1.196 ms
Execution time: 9230.885 ms
