Hash Join  (cost=145564.10..631806.84 rows=603181 width=0) (actual time=2614.401..13842.780 rows=486103 loops=1)
  Hash Cond: (mi.movie_id = t.id)
  ->  Seq Scan on movie_info mi  (cost=0.00..309384.22 rows=14739122 width=4) (actual time=0.012..6120.010 rows=14835720 loops=1)
  ->  Hash  (cost=143865.64..143865.64 rows=103477 width=8) (actual time=2610.761..2610.761 rows=67050 loops=1)
        Buckets: 131072  Batches: 2  Memory Usage: 2334kB
        ->  Hash Join  (cost=77854.63..143865.64 rows=103477 width=8) (actual time=1422.628..2586.114 rows=67050 loops=1)
              Hash Cond: (mc.movie_id = t.id)
              ->  Seq Scan on movie_companies mc  (cost=0.00..51404.11 rows=1092833 width=4) (actual time=0.020..910.433 rows=1085832 loops=1)
                    Filter: (company_id < 7104)
                    Rows Removed by Filter: 1523297
              ->  Hash  (cost=73925.90..73925.90 rows=239418 width=4) (actual time=1116.110..1116.110 rows=256906 loops=1)
                    Buckets: 131072  Batches: 4  Memory Usage: 3296kB
                    ->  Seq Scan on title t  (cost=0.00..73925.90 rows=239418 width=4) (actual time=0.033..1029.389 rows=256906 loops=1)
                          Filter: ((production_year > 2010) AND (kind_id = 7))
                          Rows Removed by Filter: 2271406
Planning time: 1.236 ms
Execution time: 13903.965 ms
