Seq Scan on movie_keyword mk  (cost=0.00..81003.12 rows=246 width=0) (actual time=4.952..1225.098 rows=31 loops=1)
  Filter: (keyword_id = 23404)
  Rows Removed by Filter: 4523899
Planning time: 0.366 ms
Execution time: 1225.213 ms
