Seq Scan on cast_info ci  (cost=0.00..796071.18 rows=224 width=0) (actual time=11009.217..14264.465 rows=1 loops=1)
  Filter: ((role_id > 2) AND (person_id = 2331147))
  Rows Removed by Filter: 36244343
Planning time: 0.389 ms
Execution time: 14264.583 ms
