Hash Join  (cost=74313.05..101392.58 rows=16904 width=0) (actual time=1296.274..2013.189 rows=13074 loops=1)
  Hash Cond: (mi_idx.movie_id = t.id)
  ->  Seq Scan on movie_info_idx mi_idx  (cost=0.00..21735.35 rows=1380035 width=4) (actual time=0.024..392.804 rows=1380035 loops=1)
  ->  Hash  (cost=73925.90..73925.90 rows=30972 width=4) (actual time=1295.966..1295.966 rows=35195 loops=1)
        Buckets: 65536 (originally 32768)  Batches: 1 (originally 1)  Memory Usage: 1750kB
        ->  Seq Scan on title t  (cost=0.00..73925.90 rows=30972 width=4) (actual time=0.224..1279.580 rows=35195 loops=1)
              Filter: ((kind_id > 3) AND (production_year = 1998))
              Rows Removed by Filter: 2493117
Planning time: 0.749 ms
Execution time: 2015.115 ms
