Seq Scan on movie_keyword mk  (cost=0.00..81003.12 rows=3317027 width=0) (actual time=0.040..1565.183 rows=3319318 loops=1)
  Filter: (keyword_id > 1512)
  Rows Removed by Filter: 1204612
Planning time: 0.369 ms
Execution time: 1971.090 ms
