Hash Join  (cost=74175.98..886954.66 rows=221655 width=0) (actual time=1033.370..19036.345 rows=321999 loops=1)
  Hash Cond: (ci.movie_id = t.id)
  ->  Seq Scan on cast_info ci  (cost=0.00..705507.15 rows=28014660 width=4) (actual time=0.015..11467.701 rows=28079276 loops=1)
        Filter: (person_id < 2865202)
        Rows Removed by Filter: 8165068
  ->  Hash  (cost=73925.90..73925.90 rows=20006 width=4) (actual time=1032.996..1032.996 rows=24331 loops=1)
        Buckets: 32768  Batches: 1  Memory Usage: 1112kB
        ->  Seq Scan on title t  (cost=0.00..73925.90 rows=20006 width=4) (actual time=0.027..1023.024 rows=24331 loops=1)
              Filter: ((kind_id < 3) AND (production_year > 2012))
              Rows Removed by Filter: 2503981
Planning time: 1.039 ms
Execution time: 19085.980 ms
