Seq Scan on movie_companies mc  (cost=0.00..57926.93 rows=53 width=0) (actual time=773.472..888.304 rows=4 loops=1)
  Filter: ((company_id = 75074) AND (company_type_id = 2))
  Rows Removed by Filter: 2609125
Planning time: 0.378 ms
Execution time: 888.385 ms
