Hash Join  (cost=83810.17..201611.57 rows=831808 width=0) (actual time=1501.326..4477.392 rows=1804791 loops=1)
  Hash Cond: (mk.movie_id = t.id)
  ->  Seq Scan on movie_keyword mk  (cost=0.00..81003.12 rows=2129383 width=4) (actual time=0.025..1470.859 rows=2128204 loops=1)
        Filter: (keyword_id > 5563)
        Rows Removed by Filter: 2395726
  ->  Hash  (cost=67604.59..67604.59 rows=987727 width=4) (actual time=1500.323..1500.323 rows=985048 loops=1)
        Buckets: 131072  Batches: 16  Memory Usage: 3197kB
        ->  Seq Scan on title t  (cost=0.00..67604.59 rows=987727 width=4) (actual time=0.015..1186.458 rows=985048 loops=1)
              Filter: (kind_id < 7)
              Rows Removed by Filter: 1543264
Planning time: 10.087 ms
Execution time: 4672.852 ms
