Seq Scan on cast_info ci  (cost=0.00..796071.18 rows=168 width=0) (actual time=10967.837..13162.738 rows=20 loops=1)
  Filter: ((role_id > 3) AND (person_id = 958575))
  Rows Removed by Filter: 36244324
Planning time: 0.391 ms
Execution time: 13162.840 ms
