Seq Scan on movie_keyword mk  (cost=0.00..81003.12 rows=523506 width=0) (actual time=0.033..1320.685 rows=513994 loops=1)
  Filter: (keyword_id > 35253)
  Rows Removed by Filter: 4009936
Planning time: 0.474 ms
Execution time: 1387.435 ms
