Hash Join  (cost=80042.24..881795.98 rows=56004 width=0) (actual time=2433.016..12593.867 rows=30770 loops=1)
  Hash Cond: (ci.movie_id = t.id)
  ->  Seq Scan on cast_info ci  (cost=0.00..796071.18 rows=186805 width=4) (actual time=1065.710..11056.978 rows=79154 loops=1)
        Filter: ((person_id < 64871) AND (role_id > 4))
        Rows Removed by Filter: 36165190
  ->  Hash  (cost=67604.59..67604.59 rows=758052 width=4) (actual time=1366.590..1366.590 rows=753677 loops=1)
        Buckets: 131072  Batches: 16  Memory Usage: 2677kB
        ->  Seq Scan on title t  (cost=0.00..67604.59 rows=758052 width=4) (actual time=0.028..1124.387 rows=753677 loops=1)
              Filter: (kind_id < 3)
              Rows Removed by Filter: 1774635
Planning time: 0.783 ms
Execution time: 12598.054 ms
