Hash Join  (cost=67697.55..94648.62 rows=4059 width=0) (actual time=991.463..1216.310 rows=732 loops=1)
  Hash Cond: (mi_idx.movie_id = t.id)
  ->  Seq Scan on movie_info_idx mi_idx  (cost=0.00..21735.35 rows=1380035 width=4) (actual time=0.020..105.413 rows=1380035 loops=1)
  ->  Hash  (cost=67604.59..67604.59 rows=7437 width=4) (actual time=990.029..990.029 rows=4012 loops=1)
        Buckets: 8192  Batches: 1  Memory Usage: 206kB
        ->  Seq Scan on title t  (cost=0.00..67604.59 rows=7437 width=4) (actual time=0.075..988.495 rows=4012 loops=1)
              Filter: (production_year = 1920)
              Rows Removed by Filter: 2524300
Planning time: 0.753 ms
Execution time: 1216.479 ms
