Hash Join  (cost=169929.59..520783.91 rows=27911 width=0) (actual time=7445.977..9332.047 rows=1792405 loops=1)
  Hash Cond: (mi.movie_id = t.id)
  ->  Seq Scan on movie_info mi  (cost=0.00..346232.03 rows=1158179 width=4) (actual time=4514.985..5522.753 rows=1204709 loops=1)
        Filter: (info_type_id > 18)
        Rows Removed by Filter: 13631011
  ->  Hash  (cost=169167.88..169167.88 rows=60937 width=8) (actual time=2770.087..2770.087 rows=120107 loops=1)
        Buckets: 131072 (originally 65536)  Batches: 2 (originally 1)  Memory Usage: 3367kB
        ->  Hash Join  (cost=74478.21..169167.88 rows=60937 width=8) (actual time=1062.401..2733.183 rows=120107 loops=1)
              Hash Cond: (mk.movie_id = t.id)
              ->  Seq Scan on movie_keyword mk  (cost=0.00..81003.12 rows=3487247 width=4) (actual time=0.033..1178.107 rows=3478958 loops=1)
                    Filter: (keyword_id < 16981)
                    Rows Removed by Filter: 1044972
              ->  Hash  (cost=73925.90..73925.90 rows=44184 width=4) (actual time=1061.775..1061.775 rows=35489 loops=1)
                    Buckets: 65536  Batches: 1  Memory Usage: 1760kB
                    ->  Seq Scan on title t  (cost=0.00..73925.90 rows=44184 width=4) (actual time=0.030..1047.281 rows=35489 loops=1)
                          Filter: ((kind_id < 7) AND (production_year = 2007))
                          Rows Removed by Filter: 2492823
Planning time: 1.208 ms
Execution time: 9560.988 ms
