Hash Join  (cost=52284.99..147007.51 rows=150 width=0) (actual time=790.661..2123.782 rows=1476 loops=1)
  Hash Cond: (mk.movie_id = t.id)
  ->  Seq Scan on movie_keyword mk  (cost=0.00..81003.12 rows=3658105 width=4) (actual time=0.026..1015.640 rows=3657295 loops=1)
        Filter: (keyword_id > 824)
        Rows Removed by Filter: 866635
  ->  Hash  (cost=52283.69..52283.69 rows=104 width=8) (actual time=755.431..755.431 rows=238 loops=1)
        Buckets: 1024  Batches: 1  Memory Usage: 18kB
        ->  Nested Loop  (cost=0.43..52283.69 rows=104 width=8) (actual time=2.254..755.317 rows=238 loops=1)
              ->  Seq Scan on movie_companies mc  (cost=0.00..51404.11 rows=104 width=4) (actual time=2.206..750.310 rows=238 loops=1)
                    Filter: (company_id = 71258)
                    Rows Removed by Filter: 2608891
              ->  Index Only Scan using title_pkey on title t  (cost=0.43..8.45 rows=1 width=4) (actual time=0.020..0.020 rows=1 loops=238)
                    Index Cond: (id = mc.movie_id)
                    Heap Fetches: 238
Planning time: 1.888 ms
Execution time: 2124.043 ms
