Hash Join  (cost=101278.39..155993.58 rows=4967 width=0) (actual time=1727.721..3020.866 rows=33625 loops=1)
  Hash Cond: (mc.movie_id = t.id)
  ->  Seq Scan on movie_companies mc  (cost=0.00..44881.29 rows=2609129 width=4) (actual time=0.014..705.317 rows=2609129 loops=1)
  ->  Hash  (cost=101218.21..101218.21 rows=4814 width=8) (actual time=1727.595..1727.595 rows=10597 loops=1)
        Buckets: 16384 (originally 8192)  Batches: 1 (originally 1)  Memory Usage: 542kB
        ->  Hash Join  (cost=74255.97..101218.21 rows=4814 width=8) (actual time=1160.271..1722.568 rows=10597 loops=1)
              Hash Cond: (mi_idx.movie_id = t.id)
              ->  Seq Scan on movie_info_idx mi_idx  (cost=0.00..25185.44 rows=460978 width=4) (actual time=0.014..438.113 rows=459925 loops=1)
                    Filter: (info_type_id < 100)
                    Rows Removed by Filter: 920110
              ->  Hash  (cost=73925.90..73925.90 rows=26405 width=4) (actual time=1159.889..1159.889 rows=23926 loops=1)
                    Buckets: 32768  Batches: 1  Memory Usage: 1098kB
                    ->  Seq Scan on title t  (cost=0.00..73925.90 rows=26405 width=4) (actual time=0.021..1149.449 rows=23926 loops=1)
                          Filter: ((kind_id < 7) AND (production_year = 2003))
                          Rows Removed by Filter: 2504386
Planning time: 1.317 ms
Execution time: 3026.392 ms
