Hash Join  (cost=89387.37..231931.64 rows=1686024 width=0) (actual time=1711.073..6360.441 rows=3850266 loops=1)
  Hash Cond: (mk.movie_id = t.id)
  ->  Seq Scan on movie_keyword mk  (cost=0.00..69693.30 rows=4523930 width=4) (actual time=0.017..1440.075 rows=4523930 loops=1)
  ->  Hash  (cost=73925.90..73925.90 rows=942357 width=4) (actual time=1710.460..1710.460 rows=926057 loops=1)
        Buckets: 131072  Batches: 16  Memory Usage: 3068kB
        ->  Seq Scan on title t  (cost=0.00..73925.90 rows=942357 width=4) (actual time=0.026..1406.424 rows=926057 loops=1)
              Filter: ((kind_id < 7) AND (production_year > 1913))
              Rows Removed by Filter: 1602255
Planning time: 0.554 ms
Execution time: 6854.196 ms
