Hash Join  (cost=75514.60..538796.18 rows=373820 width=0) (actual time=1321.389..11425.476 rows=426366 loops=1)
  Hash Cond: (mi.movie_id = t.id)
  ->  Seq Scan on movie_info mi  (cost=0.00..346232.03 rows=9767026 width=4) (actual time=0.021..6523.333 rows=9911754 loops=1)
        Filter: (info_type_id > 4)
        Rows Removed by Filter: 4923966
  ->  Hash  (cost=73925.90..73925.90 rows=96776 width=4) (actual time=1320.612..1320.612 rows=99004 loops=1)
        Buckets: 131072  Batches: 2  Memory Usage: 2775kB
        ->  Seq Scan on title t  (cost=0.00..73925.90 rows=96776 width=4) (actual time=446.943..1282.795 rows=99004 loops=1)
              Filter: ((production_year < 2013) AND (kind_id = 3))
              Rows Removed by Filter: 2429308
Planning time: 0.818 ms
Execution time: 11488.341 ms
