Seq Scan on cast_info ci  (cost=0.00..705507.15 rows=500 width=0) (actual time=9382.936..10996.876 rows=2 loops=1)
  Filter: (person_id = 862901)
  Rows Removed by Filter: 36244342
Planning time: 0.406 ms
Execution time: 10996.963 ms
