Seq Scan on movie_keyword mk  (cost=0.00..81003.12 rows=246 width=0) (actual time=4.683..1200.261 rows=4361 loops=1)
  Filter: (keyword_id = 29032)
  Rows Removed by Filter: 4519569
Planning time: 0.320 ms
Execution time: 1200.890 ms
