Hash Join  (cost=447549.09..573696.25 rows=340212 width=0) (actual time=7492.813..10554.205 rows=217239 loops=1)
  Hash Cond: (mk.movie_id = t.id)
  ->  Seq Scan on movie_keyword mk  (cost=0.00..69693.30 rows=4523930 width=4) (actual time=0.030..1384.493 rows=4523930 loops=1)
  ->  Hash  (cost=444429.19..444429.19 rows=190152 width=8) (actual time=7491.372..7491.372 rows=150351 loops=1)
        Buckets: 131072  Batches: 4  Memory Usage: 2512kB
        ->  Hash Join  (cost=71408.55..444429.19 rows=190152 width=8) (actual time=2589.612..7438.056 rows=150351 loops=1)
              Hash Cond: (mi.movie_id = t.id)
              ->  Seq Scan on movie_info mi  (cost=0.00..346232.03 rows=2073893 width=4) (actual time=1424.230..5286.391 rows=2091068 loops=1)
                    Filter: (info_type_id < 3)
                    Rows Removed by Filter: 12744652
              ->  Hash  (cost=67604.59..67604.59 rows=231837 width=4) (actual time=1164.365..1164.365 rows=231649 loops=1)
                    Buckets: 131072  Batches: 4  Memory Usage: 3082kB
                    ->  Seq Scan on title t  (cost=0.00..67604.59 rows=231837 width=4) (actual time=0.027..1079.993 rows=231649 loops=1)
                          Filter: (production_year > 2011)
                          Rows Removed by Filter: 2296663
Planning time: 5.394 ms
Execution time: 10582.122 ms
