Seq Scan on cast_info ci  (cost=0.00..796071.18 rows=324 width=0) (actual time=3962.258..14022.011 rows=600 loops=1)
  Filter: ((role_id > 1) AND (person_id = 3027588))
  Rows Removed by Filter: 36243744
Planning time: 1.411 ms
Execution time: 14022.226 ms
