Hash Join  (cost=216826.83..363742.55 rows=2044868 width=0) (actual time=4939.423..14840.589 rows=26443187 loops=1)
  Hash Cond: (mk.movie_id = t.id)
  ->  Seq Scan on movie_keyword mk  (cost=0.00..69693.30 rows=4523930 width=4) (actual time=0.018..1486.605 rows=4523930 loops=1)
  ->  Hash  (cost=198075.29..198075.29 rows=1142923 width=8) (actual time=4938.563..4938.563 rows=1274246 loops=1)
        Buckets: 131072 (originally 131072)  Batches: 32 (originally 16)  Memory Usage: 3073kB
        ->  Hash Join  (cost=102767.86..198075.29 rows=1142923 width=8) (actual time=2177.068..4555.374 rows=1274246 loops=1)
              Hash Cond: (mc.movie_id = t.id)
              ->  Seq Scan on movie_companies mc  (cost=0.00..57926.93 rows=1142923 width=4) (actual time=190.021..1163.893 rows=1274246 loops=1)
                    Filter: ((company_id < 95844) AND (company_type_id < 2))
                    Rows Removed by Filter: 1334883
              ->  Hash  (cost=61283.27..61283.27 rows=2528527 width=4) (actual time=1985.723..1985.723 rows=2528312 loops=1)
                    Buckets: 131072  Batches: 64  Memory Usage: 2415kB
                    ->  Seq Scan on title t  (cost=0.00..61283.27 rows=2528527 width=4) (actual time=0.023..1124.703 rows=2528312 loops=1)
Planning time: 1.218 ms
Execution time: 17853.921 ms
