Hash Join  (cost=83073.30..109983.95 rows=17 width=0) (actual time=1364.562..1890.414 rows=3 loops=1)
  Hash Cond: (mi_idx.movie_id = t.id)
  ->  Seq Scan on movie_info_idx mi_idx  (cost=0.00..21735.35 rows=1380035 width=4) (actual time=0.018..283.966 rows=1380035 loops=1)
  ->  Hash  (cost=83072.90..83072.90 rows=32 width=8) (actual time=1351.761..1351.761 rows=3 loops=1)
        Buckets: 1024  Batches: 1  Memory Usage: 9kB
        ->  Nested Loop  (cost=0.43..83072.90 rows=32 width=8) (actual time=554.606..1351.748 rows=3 loops=1)
              ->  Seq Scan on movie_keyword mk  (cost=0.00..81003.12 rows=246 width=4) (actual time=2.849..1328.097 rows=615 loops=1)
                    Filter: (keyword_id = 3755)
                    Rows Removed by Filter: 4523315
              ->  Index Scan using title_pkey on title t  (cost=0.43..8.40 rows=1 width=4) (actual time=0.037..0.037 rows=0 loops=615)
                    Index Cond: (id = mk.movie_id)
                    Filter: ((production_year > 2009) AND (kind_id = 7))
                    Rows Removed by Filter: 1
Planning time: 1.265 ms
Execution time: 1890.561 ms
