Hash Join  (cost=190493.66..1215386.71 rows=4574757 width=0) (actual time=3341.427..30228.560 rows=3498516 loops=1)
  Hash Cond: (ci.movie_id = t.id)
  ->  Seq Scan on cast_info ci  (cost=0.00..705507.15 rows=23499554 width=4) (actual time=0.018..15604.125 rows=23573656 loops=1)
        Filter: (role_id > 1)
        Rows Removed by Filter: 12670688
  ->  Hash  (cost=182417.68..182417.68 rows=492239 width=8) (actual time=3340.632..3340.632 rows=189222 loops=1)
        Buckets: 131072  Batches: 8  Memory Usage: 1959kB
        ->  Hash Join  (cost=102767.86..182417.68 rows=492239 width=8) (actual time=2196.114..3282.297 rows=189222 loops=1)
              Hash Cond: (mc.movie_id = t.id)
              ->  Seq Scan on movie_companies mc  (cost=0.00..57926.93 rows=492239 width=4) (actual time=399.929..924.716 rows=189222 loops=1)
                    Filter: ((company_id > 16288) AND (company_type_id = 1))
                    Rows Removed by Filter: 2419907
              ->  Hash  (cost=61283.27..61283.27 rows=2528527 width=4) (actual time=1795.345..1795.345 rows=2528312 loops=1)
                    Buckets: 131072  Batches: 64  Memory Usage: 2415kB
                    ->  Seq Scan on title t  (cost=0.00..61283.27 rows=2528527 width=4) (actual time=0.014..973.751 rows=2528312 loops=1)
Planning time: 1.326 ms
Execution time: 30644.321 ms
