Hash Join  (cost=94699.36..180335.32 rows=1975 width=0) (actual time=1761.166..3319.920 rows=13732 loops=1)
  Hash Cond: (mk.movie_id = t.id)
  ->  Seq Scan on movie_keyword mk  (cost=0.00..81003.12 rows=1230156 width=4) (actual time=0.021..1370.417 rows=1241268 loops=1)
        Filter: (keyword_id > 14569)
        Rows Removed by Filter: 3282662
  ->  Hash  (cost=94648.62..94648.62 rows=4059 width=8) (actual time=1759.184..1759.184 rows=4352 loops=1)
        Buckets: 8192 (originally 4096)  Batches: 1 (originally 1)  Memory Usage: 234kB
        ->  Hash Join  (cost=67697.55..94648.62 rows=4059 width=8) (actual time=1146.984..1757.300 rows=4352 loops=1)
              Hash Cond: (mi_idx.movie_id = t.id)
              ->  Seq Scan on movie_info_idx mi_idx  (cost=0.00..21735.35 rows=1380035 width=4) (actual time=0.018..332.970 rows=1380035 loops=1)
              ->  Hash  (cost=67604.59..67604.59 rows=7437 width=4) (actual time=1146.740..1146.740 rows=7199 loops=1)
                    Buckets: 8192  Batches: 1  Memory Usage: 318kB
                    ->  Seq Scan on title t  (cost=0.00..67604.59 rows=7437 width=4) (actual time=2.764..1143.027 rows=7199 loops=1)
                          Filter: (production_year = 1954)
                          Rows Removed by Filter: 2521113
Planning time: 1.236 ms
Execution time: 3322.053 ms
