Hash Join  (cost=75831.78..957206.31 rows=670257 width=0) (actual time=1318.182..21963.081 rows=1285585 loops=1)
  Hash Cond: (ci.movie_id = t.id)
  ->  Seq Scan on cast_info ci  (cost=0.00..705507.15 rows=14591149 width=4) (actual time=0.026..13329.004 rows=14514689 loops=1)
        Filter: (person_id < 1429675)
        Rows Removed by Filter: 21729655
  ->  Hash  (cost=73925.90..73925.90 rows=116150 width=4) (actual time=1314.441..1314.441 rows=233682 loops=1)
        Buckets: 131072 (originally 131072)  Batches: 4 (originally 2)  Memory Usage: 3079kB
        ->  Seq Scan on title t  (cost=0.00..73925.90 rows=116150 width=4) (actual time=0.019..1226.541 rows=233682 loops=1)
              Filter: ((kind_id < 4) AND (production_year < 1968))
              Rows Removed by Filter: 2294630
Planning time: 0.858 ms
Execution time: 22108.642 ms
