Seq Scan on movie_keyword mk  (cost=0.00..81003.12 rows=2893297 width=0) (actual time=0.009..1510.026 rows=2881582 loops=1)
  Filter: (keyword_id < 8998)
  Rows Removed by Filter: 1642348
Planning time: 0.377 ms
Execution time: 1870.065 ms
