Hash Join  (cost=87846.69..129999.44 rows=307068 width=0) (actual time=1577.479..2711.487 rows=157576 loops=1)
  Hash Cond: (mi_idx.movie_id = t.id)
  ->  Seq Scan on movie_info_idx mi_idx  (cost=0.00..25185.44 rows=915101 width=4) (actual time=0.022..542.374 rows=919850 loops=1)
        Filter: (info_type_id < 101)
        Rows Removed by Filter: 460185
  ->  Hash  (cost=73925.90..73925.90 rows=848463 width=4) (actual time=1576.399..1576.399 rows=926957 loops=1)
        Buckets: 131072  Batches: 16  Memory Usage: 3069kB
        ->  Seq Scan on title t  (cost=0.00..73925.90 rows=848463 width=4) (actual time=0.057..1290.880 rows=926957 loops=1)
              Filter: ((kind_id > 4) AND (production_year > 2000))
              Rows Removed by Filter: 1601355
Planning time: 0.885 ms
Execution time: 2728.625 ms
