Hash Join  (cost=99161.12..1521323.15 rows=26417631 width=0) (actual time=1981.371..47687.548 rows=26505302 loops=1)
  Hash Cond: (ci.movie_id = t.id)
  ->  Seq Scan on cast_info ci  (cost=0.00..705507.15 rows=34728912 width=4) (actual time=0.019..16682.071 rows=34822733 loops=1)
        Filter: (person_id > 142718)
        Rows Removed by Filter: 1421611
  ->  Hash  (cost=67604.59..67604.59 rows=1923403 width=4) (actual time=1980.461..1980.461 rows=1922849 loops=1)
        Buckets: 131072  Batches: 32  Memory Usage: 3132kB
        ->  Seq Scan on title t  (cost=0.00..67604.59 rows=1923403 width=4) (actual time=0.017..1341.090 rows=1922849 loops=1)
              Filter: (production_year < 2010)
              Rows Removed by Filter: 605463
Planning time: 0.782 ms
Execution time: 50590.192 ms
