Seq Scan on movie_companies mc  (cost=0.00..57926.93 rows=735102 width=0) (actual time=238.464..999.265 rows=519894 loops=1)
  Filter: ((company_id > 7641) AND (company_type_id = 1))
  Rows Removed by Filter: 2089235
Planning time: 0.289 ms
Execution time: 1068.007 ms
