Hash Join  (cost=635625.48..2161923.90 rows=25902212 width=0) (actual time=15151.998..48062.578 rows=14273631 loops=1)
  Hash Cond: (ci.movie_id = t.id)
  ->  Seq Scan on cast_info ci  (cost=0.00..614943.12 rows=36225612 width=4) (actual time=0.017..12880.274 rows=36244344 loops=1)
  ->  Hash  (cost=605962.98..605962.98 rows=1807960 width=8) (actual time=15149.570..15149.570 rows=901469 loops=1)
        Buckets: 131072  Batches: 32  Memory Usage: 2059kB
        ->  Hash Join  (cost=79310.28..605962.98 rows=1807960 width=8) (actual time=1727.504..14610.378 rows=901469 loops=1)
              Hash Cond: (mi.movie_id = t.id)
              ->  Seq Scan on movie_info mi  (cost=0.00..346232.03 rows=13929354 width=4) (actual time=0.025..7416.815 rows=14033580 loops=1)
                    Filter: (info_type_id > 1)
                    Rows Removed by Filter: 802140
              ->  Hash  (cost=73925.90..73925.90 rows=328190 width=4) (actual time=1259.878..1259.878 rows=217611 loops=1)
                    Buckets: 131072  Batches: 8  Memory Usage: 1975kB
                    ->  Seq Scan on title t  (cost=0.00..73925.90 rows=328190 width=4) (actual time=92.633..1185.550 rows=217611 loops=1)
                          Filter: ((production_year < 1982) AND (kind_id = 7))
                          Rows Removed by Filter: 2310701
Planning time: 1.209 ms
Execution time: 49584.738 ms
