Seq Scan on cast_info ci  (cost=0.00..705507.15 rows=500 width=0) (actual time=8248.267..10994.844 rows=15 loops=1)
  Filter: (person_id = 375444)
  Rows Removed by Filter: 36244329
Planning time: 0.728 ms
Execution time: 10994.949 ms
