Hash Join  (cost=58358.90..145017.85 rows=91 width=0) (actual time=1142.244..2706.695 rows=44430 loops=1)
  Hash Cond: (mk.movie_id = t.id)
  ->  Seq Scan on movie_keyword mk  (cost=0.00..69693.30 rows=4523930 width=4) (actual time=0.019..1055.137 rows=4523930 loops=1)
  ->  Hash  (cost=58358.27..58358.27 rows=51 width=8) (actual time=871.640..871.640 rows=727 loops=1)
        Buckets: 1024  Batches: 1  Memory Usage: 37kB
        ->  Nested Loop  (cost=0.43..58358.27 rows=51 width=8) (actual time=90.461..871.157 rows=727 loops=1)
              ->  Seq Scan on movie_companies mc  (cost=0.00..57926.93 rows=51 width=4) (actual time=90.379..835.673 rows=727 loops=1)
                    Filter: ((company_id = 3422) AND (company_type_id = 1))
                    Rows Removed by Filter: 2608402
              ->  Index Only Scan using title_pkey on title t  (cost=0.43..8.45 rows=1 width=4) (actual time=0.047..0.048 rows=1 loops=727)
                    Index Cond: (id = mc.movie_id)
                    Heap Fetches: 727
Planning time: 1.367 ms
Execution time: 2712.489 ms
