Seq Scan on cast_info ci  (cost=0.00..705507.15 rows=500 width=0) (actual time=4595.898..10963.777 rows=242 loops=1)
  Filter: (person_id = 1972134)
  Rows Removed by Filter: 36244102
Planning time: 0.420 ms
Execution time: 10963.904 ms
