Seq Scan on movie_companies mc  (cost=0.00..51404.11 rows=104 width=0) (actual time=276.790..764.672 rows=1 loops=1)
  Filter: (company_id = 146753)
  Rows Removed by Filter: 2609128
Planning time: 0.377 ms
Execution time: 764.744 ms
