Seq Scan on cast_info ci  (cost=0.00..705507.15 rows=3206766 width=0) (actual time=42.397..10928.245 rows=3101993 loops=1)
  Filter: (person_id < 300444)
  Rows Removed by Filter: 33142351
Planning time: 2.605 ms
Execution time: 11320.475 ms
