Hash Join  (cost=52284.62..803078.52 rows=473 width=0) (actual time=993.542..16750.966 rows=256 loops=1)
  Hash Cond: (ci.movie_id = t.id)
  ->  Seq Scan on cast_info ci  (cost=0.00..614943.12 rows=36225612 width=4) (actual time=0.015..9262.137 rows=36244344 loops=1)
  ->  Hash  (cost=52284.21..52284.21 rows=33 width=8) (actual time=777.483..777.483 rows=8 loops=1)
        Buckets: 1024  Batches: 1  Memory Usage: 9kB
        ->  Nested Loop  (cost=0.43..52284.21 rows=33 width=8) (actual time=40.736..777.459 rows=8 loops=1)
              ->  Seq Scan on movie_companies mc  (cost=0.00..51404.11 rows=104 width=4) (actual time=40.671..777.060 rows=9 loops=1)
                    Filter: (company_id = 13337)
                    Rows Removed by Filter: 2609120
              ->  Index Scan using title_pkey on title t  (cost=0.43..8.45 rows=1 width=4) (actual time=0.037..0.038 rows=1 loops=9)
                    Index Cond: (id = mc.movie_id)
                    Filter: ((kind_id < 4) AND (production_year > 1929))
                    Rows Removed by Filter: 0
Planning time: 1.261 ms
Execution time: 16751.295 ms
