Seq Scan on movie_keyword mk  (cost=0.00..81003.12 rows=246 width=0) (actual time=1.530..769.457 rows=249 loops=1)
  Filter: (keyword_id = 9222)
  Rows Removed by Filter: 4523681
Planning time: 0.377 ms
Execution time: 769.644 ms
