Seq Scan on cast_info ci  (cost=0.00..796071.18 rows=1775350 width=0) (actual time=5469.686..12538.870 rows=3563338 loops=1)
  Filter: ((person_id < 478937) AND (role_id = 1))
  Rows Removed by Filter: 32681006
Planning time: 0.388 ms
Execution time: 12998.567 ms
