Nested Loop  (cost=0.43..52283.95 rows=63 width=0) (actual time=639.875..832.679 rows=3 loops=1)
  ->  Seq Scan on movie_companies mc  (cost=0.00..51404.11 rows=104 width=4) (actual time=0.316..816.667 rows=453 loops=1)
        Filter: (company_id = 3094)
        Rows Removed by Filter: 2608676
  ->  Index Scan using title_pkey on title t  (cost=0.43..8.45 rows=1 width=4) (actual time=0.034..0.034 rows=0 loops=453)
        Index Cond: (id = mc.movie_id)
        Filter: (kind_id = 7)
        Rows Removed by Filter: 1
Planning time: 0.743 ms
Execution time: 832.784 ms
