Seq Scan on movie_keyword mk  (cost=0.00..81003.12 rows=246 width=0) (actual time=2.414..1358.286 rows=150 loops=1)
  Filter: (keyword_id = 18549)
  Rows Removed by Filter: 4523780
Planning time: 0.358 ms
Execution time: 1358.487 ms
