Seq Scan on movie_keyword mk  (cost=0.00..81003.12 rows=533323 width=0) (actual time=0.026..1197.898 rows=522460 loops=1)
  Filter: (keyword_id > 34668)
  Rows Removed by Filter: 4001470
Planning time: 0.313 ms
Execution time: 1255.809 ms
