Seq Scan on movie_keyword mk  (cost=0.00..81003.12 rows=2009074 width=0) (actual time=0.019..1490.910 rows=2013895 loops=1)
  Filter: (keyword_id < 3593)
  Rows Removed by Filter: 2510035
Planning time: 0.376 ms
Execution time: 1740.380 ms
