Hash Join  (cost=52285.01..425652.72 rows=243 width=0) (actual time=1186.578..7856.908 rows=1137 loops=1)
  Hash Cond: (mi.movie_id = t.id)
  ->  Seq Scan on movie_info mi  (cost=0.00..346232.03 rows=7235534 width=4) (actual time=349.357..6022.304 rows=7286865 loops=1)
        Filter: (info_type_id < 8)
        Rows Removed by Filter: 7548855
  ->  Hash  (cost=52283.95..52283.95 rows=85 width=8) (actual time=832.805..832.805 rows=112 loops=1)
        Buckets: 1024  Batches: 1  Memory Usage: 13kB
        ->  Nested Loop  (cost=0.43..52283.95 rows=85 width=8) (actual time=0.731..832.692 rows=112 loops=1)
              ->  Seq Scan on movie_companies mc  (cost=0.00..51404.11 rows=104 width=4) (actual time=0.697..826.380 rows=194 loops=1)
                    Filter: (company_id = 576)
                    Rows Removed by Filter: 2608935
              ->  Index Scan using title_pkey on title t  (cost=0.43..8.45 rows=1 width=4) (actual time=0.030..0.031 rows=1 loops=194)
                    Index Cond: (id = mc.movie_id)
                    Filter: (production_year < 2011)
                    Rows Removed by Filter: 0
Planning time: 1.248 ms
Execution time: 7857.445 ms
