Hash Join  (cost=78576.13..105506.07 rows=1946 width=0) (actual time=972.527..1516.408 rows=7649 loops=1)
  Hash Cond: (mi_idx.movie_id = t.id)
  ->  Seq Scan on movie_info_idx mi_idx  (cost=0.00..21735.35 rows=1380035 width=4) (actual time=0.015..291.503 rows=1380035 loops=1)
  ->  Hash  (cost=78531.56..78531.56 rows=3566 width=8) (actual time=972.404..972.404 rows=3982 loops=1)
        Buckets: 4096  Batches: 1  Memory Usage: 188kB
        ->  Nested Loop  (cost=0.43..78531.56 rows=3566 width=8) (actual time=3.405..970.142 rows=3982 loops=1)
              ->  Seq Scan on movie_companies mc  (cost=0.00..51404.11 rows=3566 width=4) (actual time=3.349..816.071 rows=3982 loops=1)
                    Filter: (company_id = 312)
                    Rows Removed by Filter: 2605147
              ->  Index Only Scan using title_pkey on title t  (cost=0.43..7.60 rows=1 width=4) (actual time=0.037..0.038 rows=1 loops=3982)
                    Index Cond: (id = mc.movie_id)
                    Heap Fetches: 3982
Planning time: 1.120 ms
Execution time: 1517.531 ms
