Hash Join  (cost=201908.07..1328931.82 rows=4666558 width=0) (actual time=4592.548..39646.267 rows=19169307 loops=1)
  Hash Cond: (ci.movie_id = t.id)
  ->  Seq Scan on cast_info ci  (cost=0.00..614943.12 rows=36225612 width=4) (actual time=0.020..13548.068 rows=36244344 loops=1)
  ->  Hash  (cost=196563.53..196563.53 rows=325723 width=8) (actual time=4591.680..4591.680 rows=580760 loops=1)
        Buckets: 131072  Batches: 8  Memory Usage: 3894kB
        ->  Hash Join  (cost=70592.26..196563.53 rows=325723 width=8) (actual time=1275.418..4420.448 rows=580760 loops=1)
              Hash Cond: (mk.movie_id = t.id)
              ->  Seq Scan on movie_keyword mk  (cost=0.00..69693.30 rows=4523930 width=4) (actual time=0.019..1365.841 rows=4523930 loops=1)
              ->  Hash  (cost=67604.59..67604.59 rows=182054 width=4) (actual time=1274.597..1274.597 rows=180956 loops=1)
                    Buckets: 131072  Batches: 4  Memory Usage: 2618kB
                    ->  Seq Scan on title t  (cost=0.00..67604.59 rows=182054 width=4) (actual time=0.037..1170.862 rows=180956 loops=1)
                          Filter: (production_year < 1953)
                          Rows Removed by Filter: 2347356
Planning time: 1.162 ms
Execution time: 41797.178 ms
