Seq Scan on movie_keyword mk  (cost=0.00..81003.12 rows=246 width=0) (actual time=49.379..1265.895 rows=111 loops=1)
  Filter: (keyword_id = 14650)
  Rows Removed by Filter: 4523819
Planning time: 8.330 ms
Execution time: 1266.087 ms
