Hash Join  (cost=65412.06..152070.46 rows=36 width=0) (actual time=1028.190..2845.768 rows=303 loops=1)
  Hash Cond: (mk.movie_id = t.id)
  ->  Seq Scan on movie_keyword mk  (cost=0.00..69693.30 rows=4523930 width=4) (actual time=0.017..1071.613 rows=4523930 loops=1)
  ->  Hash  (cost=65411.81..65411.81 rows=20 width=8) (actual time=1023.121..1023.121 rows=160 loops=1)
        Buckets: 1024  Batches: 1  Memory Usage: 15kB
        ->  Nested Loop  (cost=0.43..65411.81 rows=20 width=8) (actual time=0.159..1022.962 rows=160 loops=1)
              ->  Seq Scan on movie_companies mc  (cost=0.00..57926.93 rows=910 width=4) (actual time=0.020..887.224 rows=3969 loops=1)
                    Filter: ((company_id < 6) AND (company_type_id = 1))
                    Rows Removed by Filter: 2605160
              ->  Index Scan using title_pkey on title t  (cost=0.43..8.22 rows=1 width=4) (actual time=0.034..0.034 rows=0 loops=3969)
                    Index Cond: (id = mc.movie_id)
                    Filter: ((kind_id < 7) AND (production_year = 2010))
                    Rows Removed by Filter: 1
Planning time: 1.246 ms
Execution time: 2845.985 ms
