Nested Loop  (cost=0.43..709671.90 rows=500 width=0) (actual time=802.461..10925.791 rows=84 loops=1)
  ->  Seq Scan on cast_info ci  (cost=0.00..705507.15 rows=500 width=4) (actual time=802.370..10922.522 rows=84 loops=1)
        Filter: (person_id = 1602921)
        Rows Removed by Filter: 36244260
  ->  Index Only Scan using title_pkey on title t  (cost=0.43..8.32 rows=1 width=4) (actual time=0.038..0.038 rows=1 loops=84)
        Index Cond: (id = ci.movie_id)
        Heap Fetches: 84
Planning time: 0.624 ms
Execution time: 10925.879 ms
