Seq Scan on cast_info ci  (cost=0.00..796071.18 rows=435 width=0) (actual time=1419.035..15344.980 rows=6 loops=1)
  Filter: ((role_id < 10) AND (person_id = 585647))
  Rows Removed by Filter: 36244338
Planning time: 0.442 ms
Execution time: 15345.101 ms
