Seq Scan on cast_info ci  (cost=0.00..796071.18 rows=101 width=0) (actual time=8186.833..12226.847 rows=223 loops=1)
  Filter: ((person_id = 1821037) AND (role_id = 2))
  Rows Removed by Filter: 36244121
Planning time: 1.238 ms
Execution time: 12227.006 ms
