Hash Join  (cost=83073.40..833868.30 rows=579 width=0) (actual time=1304.092..16620.818 rows=6163 loops=1)
  Hash Cond: (ci.movie_id = t.id)
  ->  Seq Scan on cast_info ci  (cost=0.00..614943.12 rows=36225612 width=4) (actual time=0.030..8602.568 rows=36244344 loops=1)
  ->  Hash  (cost=83072.90..83072.90 rows=40 width=8) (actual time=1301.675..1301.675 rows=68 loops=1)
        Buckets: 1024  Batches: 1  Memory Usage: 11kB
        ->  Nested Loop  (cost=0.43..83072.90 rows=40 width=8) (actual time=27.636..1301.554 rows=68 loops=1)
              ->  Seq Scan on movie_keyword mk  (cost=0.00..81003.12 rows=246 width=4) (actual time=27.577..1295.582 rows=126 loops=1)
                    Filter: (keyword_id = 13371)
                    Rows Removed by Filter: 4523804
              ->  Index Scan using title_pkey on title t  (cost=0.43..8.40 rows=1 width=4) (actual time=0.042..0.043 rows=1 loops=126)
                    Index Cond: (id = mk.movie_id)
                    Filter: ((production_year > 1996) AND (kind_id = 1))
                    Rows Removed by Filter: 0
Planning time: 1.266 ms
Execution time: 16623.533 ms
