Hash Join  (cost=185143.25..217722.63 rows=65628 width=0) (actual time=4093.362..5025.293 rows=299784 loops=1)
  Hash Cond: (mi_idx.movie_id = t.id)
  ->  Seq Scan on movie_info_idx mi_idx  (cost=0.00..25185.44 rows=460978 width=4) (actual time=0.023..531.798 rows=459925 loops=1)
        Filter: (info_type_id < 100)
        Rows Removed by Filter: 920110
  ->  Hash  (cost=179236.48..179236.48 rows=359981 width=8) (actual time=4092.488..4092.488 rows=516509 loops=1)
        Buckets: 131072  Batches: 8  Memory Usage: 3539kB
        ->  Hash Join  (cost=102767.86..179236.48 rows=359981 width=8) (actual time=2596.948..3947.930 rows=516509 loops=1)
              Hash Cond: (mc.movie_id = t.id)
              ->  Seq Scan on movie_companies mc  (cost=0.00..57926.93 rows=359981 width=4) (actual time=368.434..932.841 rows=516509 loops=1)
                    Filter: ((company_id < 1427) AND (company_type_id < 2))
                    Rows Removed by Filter: 2092620
              ->  Hash  (cost=61283.27..61283.27 rows=2528527 width=4) (actual time=2227.241..2227.241 rows=2528312 loops=1)
                    Buckets: 131072  Batches: 64  Memory Usage: 2415kB
                    ->  Seq Scan on title t  (cost=0.00..61283.27 rows=2528527 width=4) (actual time=0.016..840.447 rows=2528312 loops=1)
Planning time: 1.169 ms
Execution time: 5063.279 ms
