Hash Join  (cost=240180.93..707467.64 rows=3290143 width=0) (actual time=5488.586..18797.712 rows=15224340 loops=1)
  Hash Cond: (mi.movie_id = t.id)
  ->  Seq Scan on movie_info mi  (cost=0.00..346232.03 rows=7235534 width=4) (actual time=0.023..5831.357 rows=7286865 loops=1)
        Filter: (info_type_id < 8)
        Rows Removed by Filter: 7548855
  ->  Hash  (cost=221316.78..221316.78 rows=1149772 width=8) (actual time=5483.909..5483.909 rows=1165948 loops=1)
        Buckets: 131072  Batches: 16  Memory Usage: 4012kB
        ->  Hash Join  (cost=102767.86..221316.78 rows=1149772 width=8) (actual time=1911.775..5107.224 rows=1165948 loops=1)
              Hash Cond: (mk.movie_id = t.id)
              ->  Seq Scan on movie_keyword mk  (cost=0.00..81003.12 rows=1149772 width=4) (actual time=0.030..1495.324 rows=1165948 loops=1)
                    Filter: (keyword_id > 16055)
                    Rows Removed by Filter: 3357982
              ->  Hash  (cost=61283.27..61283.27 rows=2528527 width=4) (actual time=1910.051..1910.051 rows=2528312 loops=1)
                    Buckets: 131072  Batches: 64  Memory Usage: 2425kB
                    ->  Seq Scan on title t  (cost=0.00..61283.27 rows=2528527 width=4) (actual time=0.011..1036.877 rows=2528312 loops=1)
Planning time: 1.151 ms
Execution time: 20541.002 ms
