Hash Join  (cost=102767.86..191075.50 rows=851982 width=0) (actual time=1966.084..3745.046 rows=537032 loops=1)
  Hash Cond: (mc.movie_id = t.id)
  ->  Seq Scan on movie_companies mc  (cost=0.00..57926.93 rows=851982 width=4) (actual time=53.126..968.374 rows=537032 loops=1)
        Filter: ((company_id < 18775) AND (company_type_id = 2))
        Rows Removed by Filter: 2072097
  ->  Hash  (cost=61283.27..61283.27 rows=2528527 width=4) (actual time=1911.602..1911.602 rows=2528312 loops=1)
        Buckets: 131072  Batches: 64  Memory Usage: 2415kB
        ->  Seq Scan on title t  (cost=0.00..61283.27 rows=2528527 width=4) (actual time=0.052..1074.399 rows=2528312 loops=1)
Planning time: 0.710 ms
Execution time: 3810.993 ms
