Hash Join  (cost=941039.13..1646558.02 rows=17700316 width=0) (actual time=17552.753..42288.585 rows=38325437 loops=1)
  Hash Cond: (mi.movie_id = t.id)
  ->  Seq Scan on movie_info mi  (cost=0.00..309384.22 rows=14739122 width=4) (actual time=0.015..6602.185 rows=14835720 loops=1)
  ->  Hash  (cost=891220.56..891220.56 rows=3036526 width=8) (actual time=17551.652..17551.652 rows=2955949 loops=1)
        Buckets: 131072  Batches: 64  Memory Usage: 2874kB
        ->  Hash Join  (cost=102767.86..891220.56 rows=3036526 width=8) (actual time=3903.120..16742.152 rows=2955949 loops=1)
              Hash Cond: (ci.movie_id = t.id)
              ->  Seq Scan on cast_info ci  (cost=0.00..705507.15 rows=3036526 width=4) (actual time=0.596..11765.011 rows=2955949 loops=1)
                    Filter: (person_id < 287586)
                    Rows Removed by Filter: 33288395
              ->  Hash  (cost=61283.27..61283.27 rows=2528527 width=4) (actual time=1934.182..1934.182 rows=2528312 loops=1)
                    Buckets: 131072  Batches: 64  Memory Usage: 2415kB
                    ->  Seq Scan on title t  (cost=0.00..61283.27 rows=2528527 width=4) (actual time=0.022..1103.790 rows=2528312 loops=1)
Planning time: 1.112 ms
Execution time: 46655.951 ms
