Hash Join  (cost=83074.74..139466.19 rows=129 width=0) (actual time=1615.700..2508.486 rows=4 loops=1)
  Hash Cond: (mc.movie_id = t.id)
  ->  Seq Scan on movie_companies mc  (cost=0.00..51404.11 rows=1329612 width=4) (actual time=0.016..980.363 rows=1334883 loops=1)
        Filter: (company_type_id = 2)
        Rows Removed by Filter: 1274246
  ->  Hash  (cost=83071.67..83071.67 rows=246 width=8) (actual time=1335.637..1335.637 rows=3 loops=1)
        Buckets: 1024  Batches: 1  Memory Usage: 9kB
        ->  Nested Loop  (cost=0.43..83071.67 rows=246 width=8) (actual time=804.690..1335.629 rows=3 loops=1)
              ->  Seq Scan on movie_keyword mk  (cost=0.00..81003.12 rows=246 width=4) (actual time=804.586..1335.407 rows=3 loops=1)
                    Filter: (keyword_id = 19620)
                    Rows Removed by Filter: 4523927
              ->  Index Only Scan using title_pkey on title t  (cost=0.43..8.40 rows=1 width=4) (actual time=0.061..0.062 rows=1 loops=3)
                    Index Cond: (id = mk.movie_id)
                    Heap Fetches: 3
Planning time: 1.379 ms
Execution time: 2508.618 ms
