Hash Join  (cost=91446.37..641782.27 rows=5348927 width=0) (actual time=1821.907..16454.246 rows=2332841 loops=1)
  Hash Cond: (mi.movie_id = t.id)
  ->  Seq Scan on movie_info mi  (cost=0.00..346232.03 rows=12665229 width=4) (actual time=0.021..7475.739 rows=12744652 loops=1)
        Filter: (info_type_id > 2)
        Rows Removed by Filter: 2091068
  ->  Hash  (cost=73925.90..73925.90 rows=1067877 width=4) (actual time=1779.905..1779.905 rows=1163273 loops=1)
        Buckets: 131072  Batches: 16  Memory Usage: 3594kB
        ->  Seq Scan on title t  (cost=0.00..73925.90 rows=1067877 width=4) (actual time=330.132..1380.198 rows=1163273 loops=1)
              Filter: ((production_year > 1990) AND (kind_id = 7))
              Rows Removed by Filter: 1365039
Planning time: 0.714 ms
Execution time: 16722.422 ms
