Hash Join  (cost=638511.03..1747573.14 rows=13402239 width=0) (actual time=15564.537..42655.183 rows=20935589 loops=1)
  Hash Cond: (ci.movie_id = t.id)
  ->  Seq Scan on cast_info ci  (cost=0.00..705507.15 rows=15766690 width=4) (actual time=0.013..13703.207 rows=15877988 loops=1)
        Filter: (person_id > 2047537)
        Rows Removed by Filter: 20366356
  ->  Hash  (cost=603248.32..603248.32 rows=2149337 width=8) (actual time=15563.306..15563.306 rows=1593358 loops=1)
        Buckets: 131072  Batches: 32  Memory Usage: 2929kB
        ->  Hash Join  (cost=74050.79..603248.32 rows=2149337 width=8) (actual time=1394.182..15045.304 rows=1593358 loops=1)
              Hash Cond: (mi.movie_id = t.id)
              ->  Seq Scan on movie_info mi  (cost=0.00..346232.03 rows=13832302 width=4) (actual time=230.120..7215.992 rows=13867355 loops=1)
                    Filter: (info_type_id < 94)
                    Rows Removed by Filter: 968365
              ->  Hash  (cost=67604.59..67604.59 rows=392896 width=4) (actual time=1162.554..1162.554 rows=391666 loops=1)
                    Buckets: 131072  Batches: 8  Memory Usage: 2759kB
                    ->  Seq Scan on title t  (cost=0.00..67604.59 rows=392896 width=4) (actual time=0.026..1032.912 rows=391666 loops=1)
                          Filter: (production_year > 2010)
                          Rows Removed by Filter: 2136646
Planning time: 1.115 ms
Execution time: 45003.999 ms
