Seq Scan on movie_keyword mk  (cost=0.00..81003.12 rows=3512778 width=0) (actual time=0.018..1475.522 rows=3505409 loops=1)
  Filter: (keyword_id < 17703)
  Rows Removed by Filter: 1018521
Planning time: 0.312 ms
Execution time: 1909.708 ms
