Hash Join  (cost=439481.23..539367.23 rows=101242 width=0) (actual time=7322.723..10083.324 rows=2904461 loops=1)
  Hash Cond: (mk.movie_id = t.id)
  ->  Seq Scan on movie_keyword mk  (cost=0.00..81003.12 rows=1487320 width=4) (actual time=0.033..1439.795 rows=1502241 loops=1)
        Filter: (keyword_id > 10793)
        Rows Removed by Filter: 3021689
  ->  Hash  (cost=436656.77..436656.77 rows=172117 width=8) (actual time=7321.401..7321.401 rows=363552 loops=1)
        Buckets: 131072 (originally 131072)  Batches: 8 (originally 4)  Memory Usage: 3073kB
        ->  Hash Join  (cost=78556.72..436656.77 rows=172117 width=8) (actual time=4697.170..7205.252 rows=363552 loops=1)
              Hash Cond: (mi.movie_id = t.id)
              ->  Seq Scan on movie_info mi  (cost=0.00..346232.03 rows=651960 width=4) (actual time=3245.286..5411.390 rows=660923 loops=1)
                    Filter: (info_type_id = 18)
                    Rows Removed by Filter: 14174797
              ->  Hash  (cost=67604.59..67604.59 rows=667531 width=4) (actual time=1265.215..1265.215 rows=662825 loops=1)
                    Buckets: 131072  Batches: 16  Memory Usage: 2485kB
                    ->  Seq Scan on title t  (cost=0.00..67604.59 rows=667531 width=4) (actual time=0.029..1061.603 rows=662825 loops=1)
                          Filter: (kind_id = 1)
                          Rows Removed by Filter: 1865487
Planning time: 1.112 ms
Execution time: 10412.895 ms
