Seq Scan on movie_info mi  (cost=0.00..346232.03 rows=383217 width=75) (actual time=2935.577..6085.607 rows=368218 loops=1)
  Filter: (info_type_id = 17)
  Rows Removed by Filter: 14467502
Planning time: 0.513 ms
Execution time: 6108.516 ms
