Hash Join  (cost=102767.86..234424.49 rows=1694493 width=0) (actual time=2015.270..5065.711 rows=1703013 loops=1)
  Hash Cond: (mk.movie_id = t.id)
  ->  Seq Scan on movie_keyword mk  (cost=0.00..81003.12 rows=1694493 width=4) (actual time=0.018..1514.020 rows=1703013 loops=1)
        Filter: (keyword_id < 2661)
        Rows Removed by Filter: 2820917
  ->  Hash  (cost=61283.27..61283.27 rows=2528527 width=4) (actual time=2012.923..2012.923 rows=2528312 loops=1)
        Buckets: 131072  Batches: 64  Memory Usage: 2425kB
        ->  Seq Scan on title t  (cost=0.00..61283.27 rows=2528527 width=4) (actual time=0.025..1172.157 rows=2528312 loops=1)
Planning time: 0.699 ms
Execution time: 5230.978 ms
