Seq Scan on cast_info ci  (cost=0.00..705507.15 rows=8046262 width=0) (actual time=0.020..11221.449 rows=8016274 loops=1)
  Filter: (person_id > 2878664)
  Rows Removed by Filter: 28228070
Planning time: 0.330 ms
Execution time: 12192.670 ms
