Hash Join  (cost=128303.11..202848.25 rows=239129 width=0) (actual time=2765.600..4613.693 rows=468501 loops=1)
  Hash Cond: (mc.movie_id = t.id)
  ->  Seq Scan on movie_companies mc  (cost=0.00..51404.11 rows=1672195 width=4) (actual time=0.030..1014.521 rows=1663552 loops=1)
        Filter: (company_id < 18790)
        Rows Removed by Filter: 945577
  ->  Hash  (cost=122370.28..122370.28 rows=361587 width=8) (actual time=2764.654..2764.654 rows=252549 loops=1)
        Buckets: 131072  Batches: 8  Memory Usage: 2244kB
        ->  Hash Join  (cost=78473.92..122370.28 rows=361587 width=8) (actual time=1454.802..2687.175 rows=252549 loops=1)
              Hash Cond: (mi_idx.movie_id = t.id)
              ->  Seq Scan on movie_info_idx mi_idx  (cost=0.00..21735.35 rows=1380035 width=4) (actual time=0.027..440.127 rows=1380035 loops=1)
              ->  Hash  (cost=67604.59..67604.59 rows=662507 width=4) (actual time=1453.643..1453.643 rows=662065 loops=1)
                    Buckets: 131072  Batches: 16  Memory Usage: 2481kB
                    ->  Seq Scan on title t  (cost=0.00..67604.59 rows=662507 width=4) (actual time=0.019..1237.623 rows=662065 loops=1)
                          Filter: (production_year > 2008)
                          Rows Removed by Filter: 1866247
Planning time: 1.221 ms
Execution time: 4668.355 ms
