Hash Join  (cost=186832.79..1279762.15 rows=5755620 width=0) (actual time=4619.273..43890.802 rows=18574052 loops=1)
  Hash Cond: (ci.movie_id = t.id)
  ->  Seq Scan on cast_info ci  (cost=0.00..614943.12 rows=36225612 width=4) (actual time=0.024..13190.273 rows=36244344 loops=1)
  ->  Hash  (cost=180241.05..180241.05 rows=401739 width=8) (actual time=4618.449..4618.449 rows=726068 loops=1)
        Buckets: 131072 (originally 131072)  Batches: 16 (originally 8)  Memory Usage: 3073kB
        ->  Hash Join  (cost=102767.86..180241.05 rows=401739 width=8) (actual time=1838.792..4384.240 rows=726068 loops=1)
              Hash Cond: (mc.movie_id = t.id)
              ->  Seq Scan on movie_companies mc  (cost=0.00..57926.93 rows=401739 width=4) (actual time=0.009..934.576 rows=726068 loops=1)
                    Filter: ((company_id > 31000) AND (company_type_id > 1))
                    Rows Removed by Filter: 1883061
              ->  Hash  (cost=61283.27..61283.27 rows=2528527 width=4) (actual time=1837.666..1837.666 rows=2528312 loops=1)
                    Buckets: 131072  Batches: 64  Memory Usage: 2415kB
                    ->  Seq Scan on title t  (cost=0.00..61283.27 rows=2528527 width=4) (actual time=0.025..997.443 rows=2528312 loops=1)
Planning time: 1.096 ms
Execution time: 45882.048 ms
