Hash Join  (cost=102767.86..1438608.80 rows=22021401 width=0) (actual time=1959.626..39268.328 rows=21791550 loops=1)
  Hash Cond: (ci.movie_id = t.id)
  ->  Seq Scan on cast_info ci  (cost=0.00..796071.18 rows=22021401 width=4) (actual time=0.023..19041.055 rows=21791550 loops=1)
        Filter: ((person_id > 286028) AND (role_id < 4))
        Rows Removed by Filter: 14452794
  ->  Hash  (cost=61283.27..61283.27 rows=2528527 width=4) (actual time=1957.723..1957.723 rows=2528312 loops=1)
        Buckets: 131072  Batches: 64  Memory Usage: 2415kB
        ->  Seq Scan on title t  (cost=0.00..61283.27 rows=2528527 width=4) (actual time=0.009..1089.905 rows=2528312 loops=1)
Planning time: 0.780 ms
Execution time: 41685.998 ms
