Seq Scan on title t  (cost=0.00..73925.90 rows=1963 width=0) (actual time=324.877..1101.926 rows=4860 loops=1)
  Filter: ((kind_id = 1) AND (production_year = 1988))
  Rows Removed by Filter: 2523452
Planning time: 0.356 ms
Execution time: 1103.065 ms
