Seq Scan on movie_companies mc  (cost=0.00..57926.93 rows=53 width=0) (actual time=665.374..773.969 rows=3 loops=1)
  Filter: ((company_id = 218365) AND (company_type_id = 2))
  Rows Removed by Filter: 2609126
Planning time: 1.859 ms
Execution time: 774.062 ms
