Seq Scan on movie_companies mc  (cost=0.00..57926.93 rows=541256 width=0) (actual time=0.015..1006.919 rows=749271 loops=1)
  Filter: ((company_id < 7435) AND (company_type_id = 1))
  Rows Removed by Filter: 1859858
Planning time: 0.388 ms
Execution time: 1099.687 ms
