Hash Join  (cost=198471.07..721154.06 rows=4018407 width=0) (actual time=3812.281..21084.318 rows=18009928 loops=1)
  Hash Cond: (mi.movie_id = t.id)
  ->  Seq Scan on movie_info mi  (cost=0.00..309384.22 rows=14739122 width=4) (actual time=0.017..5998.979 rows=14835720 loops=1)
  ->  Hash  (cost=187160.99..187160.99 rows=689366 width=8) (actual time=3811.351..3811.351 rows=474392 loops=1)
        Buckets: 131072  Batches: 16  Memory Usage: 2214kB
        ->  Hash Join  (cost=102767.86..187160.99 rows=689366 width=8) (actual time=1870.427..3670.609 rows=474392 loops=1)
              Hash Cond: (mc.movie_id = t.id)
              ->  Seq Scan on movie_companies mc  (cost=0.00..57926.93 rows=689366 width=4) (actual time=0.018..1014.769 rows=474392 loops=1)
                    Filter: ((company_id > 10700) AND (company_type_id < 2))
                    Rows Removed by Filter: 2134737
              ->  Hash  (cost=61283.27..61283.27 rows=2528527 width=4) (actual time=1869.327..1869.327 rows=2528312 loops=1)
                    Buckets: 131072  Batches: 64  Memory Usage: 2415kB
                    ->  Seq Scan on title t  (cost=0.00..61283.27 rows=2528527 width=4) (actual time=0.018..1023.113 rows=2528312 loops=1)
Planning time: 1.323 ms
Execution time: 23179.116 ms
