Hash Join  (cost=67697.55..416258.05 rows=1812 width=0) (actual time=1989.389..6350.853 rows=4 loops=1)
  Hash Cond: (mi.movie_id = t.id)
  ->  Seq Scan on movie_info mi  (cost=0.00..346232.03 rows=616095 width=4) (actual time=871.692..5488.478 rows=598457 loops=1)
        Filter: (info_type_id = 15)
        Rows Removed by Filter: 14237263
  ->  Hash  (cost=67604.59..67604.59 rows=7437 width=4) (actual time=769.067..769.067 rows=3417 loops=1)
        Buckets: 8192  Batches: 1  Memory Usage: 185kB
        ->  Seq Scan on title t  (cost=0.00..67604.59 rows=7437 width=4) (actual time=0.108..767.429 rows=3417 loops=1)
              Filter: (production_year = 1909)
              Rows Removed by Filter: 2524895
Planning time: 0.849 ms
Execution time: 6350.938 ms
