Seq Scan on title t  (cost=0.00..73925.90 rows=2905 width=0) (actual time=60.040..1232.267 rows=2800 loops=1)
  Filter: ((kind_id < 7) AND (production_year = 1929))
  Rows Removed by Filter: 2525512
Planning time: 0.383 ms
Execution time: 1233.083 ms
