Hash Join  (cost=102767.86..278199.27 rows=3513741 width=0) (actual time=1938.667..6635.577 rows=3506730 loops=1)
  Hash Cond: (mk.movie_id = t.id)
  ->  Seq Scan on movie_keyword mk  (cost=0.00..81003.12 rows=3513741 width=4) (actual time=0.020..1773.585 rows=3506730 loops=1)
        Filter: (keyword_id < 17734)
        Rows Removed by Filter: 1017200
  ->  Hash  (cost=61283.27..61283.27 rows=2528527 width=4) (actual time=1937.673..1937.673 rows=2528312 loops=1)
        Buckets: 131072  Batches: 64  Memory Usage: 2425kB
        ->  Seq Scan on title t  (cost=0.00..61283.27 rows=2528527 width=4) (actual time=0.022..1101.729 rows=2528312 loops=1)
Planning time: 0.723 ms
Execution time: 7038.189 ms
