Seq Scan on movie_keyword mk  (cost=0.00..81003.12 rows=2673918 width=0) (actual time=0.017..1519.016 rows=2662724 loops=1)
  Filter: (keyword_id > 3117)
  Rows Removed by Filter: 1861206
Planning time: 0.298 ms
Execution time: 1853.997 ms
