Hash Join  (cost=196251.78..1381011.29 rows=14694934 width=0) (actual time=4566.149..40264.280 rows=16404589 loops=1)
  Hash Cond: (ci.movie_id = t.id)
  ->  Seq Scan on cast_info ci  (cost=0.00..614943.12 rows=36225612 width=4) (actual time=0.007..12923.002 rows=36244344 loops=1)
  ->  Hash  (cost=179423.56..179423.56 rows=1025698 width=8) (actual time=4565.444..4565.444 rows=752883 loops=1)
        Buckets: 131072  Batches: 16  Memory Usage: 2866kB
        ->  Hash Join  (cost=90234.05..179423.56 rows=1025698 width=8) (actual time=1737.393..4348.433 rows=752883 loops=1)
              Hash Cond: (mc.movie_id = t.id)
              ->  Seq Scan on movie_companies mc  (cost=0.00..44881.29 rows=2609129 width=4) (actual time=0.009..963.051 rows=2609129 loops=1)
              ->  Hash  (cost=73925.90..73925.90 rows=994012 width=4) (actual time=1736.415..1736.415 rows=923721 loops=1)
                    Buckets: 131072  Batches: 16  Memory Usage: 3057kB
                    ->  Seq Scan on title t  (cost=0.00..73925.90 rows=994012 width=4) (actual time=0.019..1436.409 rows=923721 loops=1)
                          Filter: ((kind_id > 1) AND (production_year < 2005))
                          Rows Removed by Filter: 1604591
Planning time: 0.849 ms
Execution time: 41979.747 ms
