Hash Join  (cost=365418.15..1658478.28 rows=24890308 width=0) (actual time=9194.923..56438.615 rows=93388571 loops=1)
  Hash Cond: (ci.movie_id = t.id)
  ->  Seq Scan on cast_info ci  (cost=0.00..796071.18 rows=13911757 width=4) (actual time=6.273..15588.087 rows=15690115 loops=1)
        Filter: ((person_id < 1725699) AND (role_id < 8))
        Rows Removed by Filter: 20554229
  ->  Hash  (cost=291197.02..291197.02 rows=4523930 width=8) (actual time=8697.044..8697.044 rows=4523930 loops=1)
        Buckets: 131072  Batches: 64  Memory Usage: 3816kB
        ->  Hash Join  (cost=102767.86..291197.02 rows=4523930 width=8) (actual time=2020.199..7059.694 rows=4523930 loops=1)
              Hash Cond: (mk.movie_id = t.id)
              ->  Seq Scan on movie_keyword mk  (cost=0.00..69693.30 rows=4523930 width=4) (actual time=0.023..1516.337 rows=4523930 loops=1)
              ->  Hash  (cost=61283.27..61283.27 rows=2528527 width=4) (actual time=2017.957..2017.957 rows=2528312 loops=1)
                    Buckets: 131072  Batches: 64  Memory Usage: 2425kB
                    ->  Seq Scan on title t  (cost=0.00..61283.27 rows=2528527 width=4) (actual time=0.019..1130.514 rows=2528312 loops=1)
Planning time: 1.294 ms
Execution time: 66950.953 ms
