Seq Scan on cast_info ci  (cost=0.00..705507.15 rows=1229852 width=0) (actual time=1182.592..10610.403 rows=1133129 loops=1)
  Filter: (person_id < 115698)
  Rows Removed by Filter: 35111215
Planning time: 0.333 ms
Execution time: 10748.402 ms
