Hash Join  (cost=155886.50..654652.79 rows=1776936 width=0) (actual time=3708.537..19034.470 rows=9329675 loops=1)
  Hash Cond: (mi.movie_id = t.id)
  ->  Seq Scan on movie_info mi  (cost=0.00..309384.22 rows=14739122 width=4) (actual time=0.027..5962.378 rows=14835720 loops=1)
  ->  Hash  (cost=150885.04..150885.04 rows=304837 width=8) (actual time=3707.609..3707.609 rows=518719 loops=1)
        Buckets: 131072 (originally 131072)  Batches: 8 (originally 4)  Memory Usage: 3569kB
        ->  Hash Join  (cost=75071.77..150885.04 rows=304837 width=8) (actual time=1414.868..3545.510 rows=518719 loops=1)
              Hash Cond: (mc.movie_id = t.id)
              ->  Seq Scan on movie_companies mc  (cost=0.00..51404.11 rows=1693541 width=4) (actual time=0.013..1071.447 rows=1691821 loops=1)
                    Filter: (company_id > 3117)
                    Rows Removed by Filter: 917308
              ->  Hash  (cost=67604.59..67604.59 rows=455135 width=4) (actual time=1413.987..1413.987 rows=451569 loops=1)
                    Buckets: 131072  Batches: 8  Memory Usage: 3003kB
                    ->  Seq Scan on title t  (cost=0.00..67604.59 rows=455135 width=4) (actual time=0.022..1268.484 rows=451569 loops=1)
                          Filter: (production_year < 1976)
                          Rows Removed by Filter: 2076743
Planning time: 1.849 ms
Execution time: 20172.420 ms
