Hash Join  (cost=164747.11..665833.66 rows=1994362 width=0) (actual time=4330.545..23728.898 rows=25754120 loops=1)
  Hash Cond: (mi.movie_id = t.id)
  ->  Seq Scan on movie_info mi  (cost=0.00..309384.22 rows=14739122 width=4) (actual time=0.015..5784.886 rows=14835720 loops=1)
  ->  Hash  (cost=159133.40..159133.40 rows=342137 width=8) (actual time=4329.509..4329.509 rows=903250 loops=1)
        Buckets: 131072 (originally 131072)  Batches: 16 (originally 8)  Memory Usage: 3291kB
        ->  Hash Join  (cost=79366.51..159133.40 rows=342137 width=8) (actual time=1625.897..4043.968 rows=903250 loops=1)
              Hash Cond: (mc.movie_id = t.id)
              ->  Seq Scan on movie_companies mc  (cost=0.00..44881.29 rows=2609129 width=4) (actual time=0.010..830.888 rows=2609129 loops=1)
              ->  Hash  (cost=73925.90..73925.90 rows=331568 width=4) (actual time=1624.934..1624.934 rows=445194 loops=1)
                    Buckets: 131072  Batches: 8  Memory Usage: 2992kB
                    ->  Seq Scan on title t  (cost=0.00..73925.90 rows=331568 width=4) (actual time=0.055..1199.924 rows=445194 loops=1)
                          Filter: ((kind_id < 7) AND (production_year < 1996))
                          Rows Removed by Filter: 2083118
Planning time: 1.197 ms
Execution time: 26615.578 ms
