Hash Join  (cost=207676.76..253955.00 rows=500376 width=0) (actual time=4244.262..5545.353 rows=736850 loops=1)
  Hash Cond: (mi_idx.movie_id = t.id)
  ->  Seq Scan on movie_info_idx mi_idx  (cost=0.00..21735.35 rows=1380035 width=4) (actual time=0.026..438.966 rows=1380035 loops=1)
  ->  Hash  (cost=192634.78..192634.78 rows=916799 width=8) (actual time=4242.820..4242.820 rows=596931 loops=1)
        Buckets: 131072  Batches: 16  Memory Usage: 2471kB
        ->  Hash Join  (cost=102767.86..192634.78 rows=916799 width=8) (actual time=2035.812..4065.401 rows=596931 loops=1)
              Hash Cond: (mc.movie_id = t.id)
              ->  Seq Scan on movie_companies mc  (cost=0.00..57926.93 rows=916799 width=4) (actual time=43.715..1163.008 rows=596931 loops=1)
                    Filter: ((company_id < 28437) AND (company_type_id = 2))
                    Rows Removed by Filter: 2012198
              ->  Hash  (cost=61283.27..61283.27 rows=2528527 width=4) (actual time=1990.792..1990.792 rows=2528312 loops=1)
                    Buckets: 131072  Batches: 64  Memory Usage: 2415kB
                    ->  Seq Scan on title t  (cost=0.00..61283.27 rows=2528527 width=4) (actual time=0.014..1128.708 rows=2528312 loops=1)
Planning time: 5.829 ms
Execution time: 5629.222 ms
