Seq Scan on cast_info ci  (cost=0.00..705507.15 rows=6167972 width=0) (actual time=0.020..11743.461 rows=6236582 loops=1)
  Filter: (person_id > 3027534)
  Rows Removed by Filter: 30007762
Planning time: 0.341 ms
Execution time: 12489.885 ms
