Hash Join  (cost=250271.08..1489985.87 rows=20044563 width=0) (actual time=5452.418..53268.612 rows=66337770 loops=1)
  Hash Cond: (ci.movie_id = t.id)
  ->  Seq Scan on cast_info ci  (cost=0.00..614943.12 rows=36225612 width=4) (actual time=0.017..13332.599 rows=36244344 loops=1)
  ->  Hash  (cost=227316.34..227316.34 rows=1399099 width=8) (actual time=5451.140..5451.140 rows=1412953 loops=1)
        Buckets: 131072  Batches: 32  Memory Usage: 2738kB
        ->  Hash Join  (cost=102767.86..227316.34 rows=1399099 width=8) (actual time=2051.944..5041.045 rows=1412953 loops=1)
              Hash Cond: (mk.movie_id = t.id)
              ->  Seq Scan on movie_keyword mk  (cost=0.00..81003.12 rows=1399099 width=4) (actual time=0.032..1487.265 rows=1412953 loops=1)
                    Filter: (keyword_id > 11824)
                    Rows Removed by Filter: 3110977
              ->  Hash  (cost=61283.27..61283.27 rows=2528527 width=4) (actual time=2049.681..2049.681 rows=2528312 loops=1)
                    Buckets: 131072  Batches: 64  Memory Usage: 2425kB
                    ->  Seq Scan on title t  (cost=0.00..61283.27 rows=2528527 width=4) (actual time=0.066..1180.942 rows=2528312 loops=1)
Planning time: 1.173 ms
Execution time: 60871.626 ms
