Hash Join  (cost=148712.82..663725.94 rows=723800 width=0) (actual time=3139.017..16422.458 rows=2650761 loops=1)
  Hash Cond: (mi.movie_id = t.id)
  ->  Seq Scan on movie_info mi  (cost=0.00..346232.03 rows=13926693 width=4) (actual time=0.014..7642.098 rows=13963496 loops=1)
        Filter: (info_type_id < 98)
        Rows Removed by Filter: 872224
  ->  Hash  (cost=146556.15..146556.15 rows=131413 width=8) (actual time=3138.205..3138.205 rows=115325 loops=1)
        Buckets: 131072  Batches: 2  Memory Usage: 3277kB
        ->  Hash Join  (cost=69694.50..146556.15 rows=131413 width=8) (actual time=1127.369..3094.875 rows=115325 loops=1)
              Hash Cond: (mc.movie_id = t.id)
              ->  Seq Scan on movie_companies mc  (cost=0.00..44881.29 rows=2609129 width=4) (actual time=0.014..940.353 rows=2609129 loops=1)
              ->  Hash  (cost=67604.59..67604.59 rows=127353 width=4) (actual time=1126.505..1126.505 rows=128696 loops=1)
                    Buckets: 131072  Batches: 2  Memory Usage: 3284kB
                    ->  Seq Scan on title t  (cost=0.00..67604.59 rows=127353 width=4) (actual time=0.024..1078.680 rows=128696 loops=1)
                          Filter: (production_year = 2009)
                          Rows Removed by Filter: 2399616
Planning time: 1.119 ms
Execution time: 16725.634 ms
