Hash Join  (cost=121061.19..198068.08 rows=141937 width=0) (actual time=2450.574..4532.363 rows=676002 loops=1)
  Hash Cond: (mc.movie_id = t.id)
  ->  Seq Scan on movie_companies mc  (cost=0.00..44881.29 rows=2609129 width=4) (actual time=7.844..891.669 rows=2609129 loops=1)
  ->  Hash  (cost=118803.79..118803.79 rows=137552 width=8) (actual time=2371.831..2371.831 rows=181623 loops=1)
        Buckets: 131072 (originally 131072)  Batches: 4 (originally 2)  Memory Usage: 3073kB
        ->  Hash Join  (cost=80135.37..118803.79 rows=137552 width=8) (actual time=1312.466..2321.578 rows=181623 loops=1)
              Hash Cond: (mi_idx.movie_id = t.id)
              ->  Seq Scan on movie_info_idx mi_idx  (cost=0.00..25185.44 rows=919057 width=4) (actual time=0.032..563.255 rows=920110 loops=1)
                    Filter: (info_type_id > 99)
                    Rows Removed by Filter: 459925
              ->  Hash  (cost=73925.90..73925.90 rows=378437 width=4) (actual time=1311.642..1311.642 rows=282115 loops=1)
                    Buckets: 131072  Batches: 8  Memory Usage: 2266kB
                    ->  Seq Scan on title t  (cost=0.00..73925.90 rows=378437 width=4) (actual time=0.020..1221.334 rows=282115 loops=1)
                          Filter: ((kind_id < 2) AND (production_year > 1999))
                          Rows Removed by Filter: 2246197
Planning time: 1.159 ms
Execution time: 4621.648 ms
