Hash Join  (cost=102767.86..201099.36 rows=1268589 width=0) (actual time=1989.021..4749.687 rows=1274246 loops=1)
  Hash Cond: (mc.movie_id = t.id)
  ->  Seq Scan on movie_companies mc  (cost=0.00..57926.93 rows=1268589 width=4) (actual time=0.022..1332.900 rows=1274246 loops=1)
        Filter: ((company_id < 215583) AND (company_type_id < 2))
        Rows Removed by Filter: 1334883
  ->  Hash  (cost=61283.27..61283.27 rows=2528527 width=4) (actual time=1986.680..1986.680 rows=2528312 loops=1)
        Buckets: 131072  Batches: 64  Memory Usage: 2415kB
        ->  Seq Scan on title t  (cost=0.00..61283.27 rows=2528527 width=4) (actual time=0.019..1130.514 rows=2528312 loops=1)
Planning time: 0.794 ms
Execution time: 4911.471 ms
