Nested Loop  (cost=0.43..709671.90 rows=500 width=0) (actual time=182.735..10703.843 rows=113 loops=1)
  ->  Seq Scan on cast_info ci  (cost=0.00..705507.15 rows=500 width=4) (actual time=182.647..10699.653 rows=113 loops=1)
        Filter: (person_id = 893952)
        Rows Removed by Filter: 36244231
  ->  Index Only Scan using title_pkey on title t  (cost=0.43..8.32 rows=1 width=4) (actual time=0.035..0.035 rows=1 loops=113)
        Index Cond: (id = ci.movie_id)
        Heap Fetches: 113
Planning time: 0.781 ms
Execution time: 10703.955 ms
