Hash Join  (cost=93093.72..246571.54 rows=2152310 width=0) (actual time=1877.359..5831.108 rows=589743 loops=1)
  Hash Cond: (mk.movie_id = t.id)
  ->  Seq Scan on movie_keyword mk  (cost=0.00..81003.12 rows=3502919 width=4) (actual time=0.017..1739.035 rows=3495574 loops=1)
        Filter: (keyword_id > 1002)
        Rows Removed by Filter: 1028356
  ->  Hash  (cost=67604.59..67604.59 rows=1553611 width=4) (actual time=1875.941..1875.941 rows=1555864 loops=1)
        Buckets: 131072  Batches: 32  Memory Usage: 2740kB
        ->  Seq Scan on title t  (cost=0.00..67604.59 rows=1553611 width=4) (actual time=0.040..1369.694 rows=1555864 loops=1)
              Filter: (kind_id > 4)
              Rows Removed by Filter: 972448
Planning time: 1.801 ms
Execution time: 5905.169 ms
