Hash Join  (cost=79405.47..179773.04 rows=185128 width=0) (actual time=1327.788..3643.226 rows=610140 loops=1)
  Hash Cond: (mk.movie_id = t.id)
  ->  Seq Scan on movie_keyword mk  (cost=0.00..81003.12 rows=1401645 width=4) (actual time=0.013..1502.606 rows=1415602 loops=1)
        Filter: (keyword_id > 11800)
        Rows Removed by Filter: 3108328
  ->  Hash  (cost=73925.90..73925.90 rows=333965 width=4) (actual time=1326.931..1326.931 rows=411522 loops=1)
        Buckets: 131072  Batches: 8  Memory Usage: 2849kB
        ->  Seq Scan on title t  (cost=0.00..73925.90 rows=333965 width=4) (actual time=0.029..1190.498 rows=411522 loops=1)
              Filter: ((production_year < 2004) AND (kind_id = 1))
              Rows Removed by Filter: 2116790
Planning time: 0.723 ms
Execution time: 3715.264 ms
