Hash Join  (cost=83073.50..109984.24 rows=26 width=0) (actual time=1224.646..1686.028 rows=33 loops=1)
  Hash Cond: (mi_idx.movie_id = t.id)
  ->  Seq Scan on movie_info_idx mi_idx  (cost=0.00..21735.35 rows=1380035 width=4) (actual time=0.017..293.823 rows=1380035 loops=1)
  ->  Hash  (cost=83072.90..83072.90 rows=48 width=8) (actual time=1150.593..1150.593 rows=13 loops=1)
        Buckets: 1024  Batches: 1  Memory Usage: 9kB
        ->  Nested Loop  (cost=0.43..83072.90 rows=48 width=8) (actual time=2.818..1150.576 rows=13 loops=1)
              ->  Seq Scan on movie_keyword mk  (cost=0.00..81003.12 rows=246 width=4) (actual time=2.773..1143.019 rows=226 loops=1)
                    Filter: (keyword_id = 7109)
                    Rows Removed by Filter: 4523704
              ->  Index Scan using title_pkey on title t  (cost=0.43..8.40 rows=1 width=4) (actual time=0.031..0.031 rows=0 loops=226)
                    Index Cond: (id = mk.movie_id)
                    Filter: ((kind_id > 3) AND (production_year < 1993))
                    Rows Removed by Filter: 1
Planning time: 1.196 ms
Execution time: 1686.160 ms
