Seq Scan on movie_companies mc  (cost=0.00..57926.93 rows=1115073 width=0) (actual time=388.898..986.233 rows=908809 loops=1)
  Filter: ((company_id < 79655) AND (company_type_id = 2))
  Rows Removed by Filter: 1700320
Planning time: 0.416 ms
Execution time: 1085.530 ms
