Hash Join  (cost=242927.13..1455935.72 rows=17444842 width=0) (actual time=5951.273..50250.594 rows=57017355 loops=1)
  Hash Cond: (ci.movie_id = t.id)
  ->  Seq Scan on cast_info ci  (cost=0.00..614943.12 rows=36225612 width=4) (actual time=0.017..13695.562 rows=36244344 loops=1)
  ->  Hash  (cost=222949.63..222949.63 rows=1217640 width=8) (actual time=5950.390..5950.390 rows=1226903 loops=1)
        Buckets: 131072  Batches: 16  Memory Usage: 4086kB
        ->  Hash Join  (cost=102767.86..222949.63 rows=1217640 width=8) (actual time=2576.363..5584.210 rows=1226903 loops=1)
              Hash Cond: (mk.movie_id = t.id)
              ->  Seq Scan on movie_keyword mk  (cost=0.00..81003.12 rows=1217640 width=4) (actual time=0.022..1573.983 rows=1226903 loops=1)
                    Filter: (keyword_id > 14806)
                    Rows Removed by Filter: 3297027
              ->  Hash  (cost=61283.27..61283.27 rows=2528527 width=4) (actual time=2575.413..2575.413 rows=2528312 loops=1)
                    Buckets: 131072  Batches: 64  Memory Usage: 2425kB
                    ->  Seq Scan on title t  (cost=0.00..61283.27 rows=2528527 width=4) (actual time=0.019..1084.758 rows=2528312 loops=1)
Planning time: 1.160 ms
Execution time: 56259.448 ms
