Seq Scan on cast_info ci  (cost=0.00..796071.18 rows=64 width=0) (actual time=5693.043..11568.522 rows=7 loops=1)
  Filter: ((role_id > 9) AND (person_id = 3190027))
  Rows Removed by Filter: 36244337
Planning time: 0.406 ms
Execution time: 11568.663 ms
