Hash Join  (cost=1039670.41..1769380.57 rows=20514441 width=0) (actual time=20955.074..48385.760 rows=47275242 loops=1)
  Hash Cond: (mi.movie_id = t.id)
  ->  Seq Scan on movie_info mi  (cost=0.00..346232.03 rows=9476311 width=4) (actual time=398.395..6895.081 rows=9565151 loops=1)
        Filter: (info_type_id < 16)
        Rows Removed by Filter: 5270569
  ->  Hash  (cost=949866.06..949866.06 rows=5473788 width=8) (actual time=20555.580..20555.580 rows=5547182 loops=1)
        Buckets: 131072  Batches: 128  Memory Usage: 2748kB
        ->  Hash Join  (cost=102767.86..949866.06 rows=5473788 width=8) (actual time=7070.140..18840.319 rows=5547182 loops=1)
              Hash Cond: (ci.movie_id = t.id)
              ->  Seq Scan on cast_info ci  (cost=0.00..705507.15 rows=5473788 width=4) (actual time=5315.353..11961.985 rows=5547182 loops=1)
                    Filter: (person_id > 3098589)
                    Rows Removed by Filter: 30697162
              ->  Hash  (cost=61283.27..61283.27 rows=2528527 width=4) (actual time=1753.292..1753.292 rows=2528312 loops=1)
                    Buckets: 131072  Batches: 64  Memory Usage: 2415kB
                    ->  Seq Scan on title t  (cost=0.00..61283.27 rows=2528527 width=4) (actual time=0.015..964.202 rows=2528312 loops=1)
Planning time: 2.050 ms
Execution time: 53661.345 ms
