Hash Join  (cost=69179.59..964121.83 rows=313137 width=0) (actual time=1049.291..19321.061 rows=327197 loops=1)
  Hash Cond: (ci.movie_id = t.id)
  ->  Seq Scan on cast_info ci  (cost=0.00..796071.18 rows=8247652 width=4) (actual time=0.020..14997.614 rows=8339438 loops=1)
        Filter: ((person_id > 128905) AND (role_id > 5))
        Rows Removed by Filter: 27904906
  ->  Hash  (cost=67604.59..67604.59 rows=96000 width=4) (actual time=1048.680..1048.680 rows=95005 loops=1)
        Buckets: 131072  Batches: 2  Memory Usage: 2716kB
        ->  Seq Scan on title t  (cost=0.00..67604.59 rows=96000 width=4) (actual time=0.019..1009.078 rows=95005 loops=1)
              Filter: (production_year = 2005)
              Rows Removed by Filter: 2433307
Planning time: 0.645 ms
Execution time: 19366.274 ms
