Seq Scan on movie_keyword mk  (cost=0.00..81003.12 rows=4287751 width=0) (actual time=0.024..1673.849 rows=4287341 loops=1)
  Filter: (keyword_id < 62445)
  Rows Removed by Filter: 236589
Planning time: 0.325 ms
Execution time: 2215.389 ms
