Seq Scan on cast_info ci  (cost=0.00..796071.18 rows=4298560 width=0) (actual time=3769.280..12947.029 rows=6713229 loops=1)
  Filter: ((person_id > 2989413) AND (role_id > 1))
  Rows Removed by Filter: 29531115
Planning time: 0.257 ms
Execution time: 13797.423 ms
