Seq Scan on movie_companies mc  (cost=0.00..51404.11 rows=1847720 width=0) (actual time=0.038..974.609 rows=1842131 loops=1)
  Filter: (company_id < 34391)
  Rows Removed by Filter: 766998
Planning time: 0.323 ms
Execution time: 1190.418 ms
