Hash Join  (cost=216768.44..1401716.76 rows=10305317 width=0) (actual time=5107.806..41945.980 rows=32986559 loops=1)
  Hash Cond: (ci.movie_id = t.id)
  ->  Seq Scan on cast_info ci  (cost=0.00..614943.12 rows=36225612 width=4) (actual time=0.019..13142.132 rows=36244344 loops=1)
  ->  Hash  (cost=204967.12..204967.12 rows=719305 width=8) (actual time=5106.809..5106.809 rows=1006425 loops=1)
        Buckets: 131072  Batches: 16  Memory Usage: 3538kB
        ->  Hash Join  (cost=74201.04..204967.12 rows=719305 width=8) (actual time=1254.951..4817.677 rows=1006425 loops=1)
              Hash Cond: (mk.movie_id = t.id)
              ->  Seq Scan on movie_keyword mk  (cost=0.00..69693.30 rows=4523930 width=4) (actual time=0.021..1453.329 rows=4523930 loops=1)
              ->  Hash  (cost=67604.59..67604.59 rows=402036 width=4) (actual time=1254.111..1254.111 rows=395872 loops=1)
                    Buckets: 131072  Batches: 8  Memory Usage: 2765kB
                    ->  Seq Scan on title t  (cost=0.00..67604.59 rows=402036 width=4) (actual time=0.020..1120.569 rows=395872 loops=1)
                          Filter: (production_year < 1972)
                          Rows Removed by Filter: 2132440
Planning time: 1.176 ms
Execution time: 45428.028 ms
