Hash Join  (cost=52284.99..803089.06 rows=1490 width=0) (actual time=877.918..17000.595 rows=90249 loops=1)
  Hash Cond: (ci.movie_id = t.id)
  ->  Seq Scan on cast_info ci  (cost=0.00..614943.12 rows=36225612 width=4) (actual time=0.021..8920.880 rows=36244344 loops=1)
  ->  Hash  (cost=52283.69..52283.69 rows=104 width=8) (actual time=877.317..877.317 rows=1070 loops=1)
        Buckets: 2048 (originally 1024)  Batches: 1 (originally 1)  Memory Usage: 58kB
        ->  Nested Loop  (cost=0.43..52283.69 rows=104 width=8) (actual time=18.402..876.542 rows=1070 loops=1)
              ->  Seq Scan on movie_companies mc  (cost=0.00..51404.11 rows=104 width=4) (actual time=18.311..834.802 rows=1070 loops=1)
                    Filter: (company_id = 607)
                    Rows Removed by Filter: 2608059
              ->  Index Only Scan using title_pkey on title t  (cost=0.43..8.45 rows=1 width=4) (actual time=0.037..0.038 rows=1 loops=1070)
                    Index Cond: (id = mc.movie_id)
                    Heap Fetches: 1070
Planning time: 8.027 ms
Execution time: 17019.066 ms
