Seq Scan on title t  (cost=0.00..73925.90 rows=1092561 width=0) (actual time=0.012..1336.374 rows=1195337 loops=1)
  Filter: ((kind_id > 1) AND (production_year > 1998))
  Rows Removed by Filter: 1332975
Planning time: 0.348 ms
Execution time: 1487.881 ms
