Hash Join  (cost=161938.76..964592.66 rows=658277 width=0) (actual time=3087.127..21277.930 rows=1425166 loops=1)
  Hash Cond: (ci.movie_id = t.id)
  ->  Seq Scan on cast_info ci  (cost=0.00..614943.12 rows=36225612 width=4) (actual time=0.038..8843.321 rows=36244344 loops=1)
  ->  Hash  (cost=161364.42..161364.42 rows=45947 width=8) (actual time=3082.191..3082.191 rows=29821 loops=1)
        Buckets: 65536  Batches: 1  Memory Usage: 1677kB
        ->  Hash Join  (cost=74246.92..161364.42 rows=45947 width=8) (actual time=1194.852..3071.402 rows=29821 loops=1)
              Hash Cond: (mk.movie_id = t.id)
              ->  Seq Scan on movie_keyword mk  (cost=0.00..69693.30 rows=4523930 width=4) (actual time=0.019..1012.662 rows=4523930 loops=1)
              ->  Hash  (cost=73925.90..73925.90 rows=25681 width=4) (actual time=1194.252..1194.252 rows=23707 loops=1)
                    Buckets: 32768  Batches: 1  Memory Usage: 1090kB
                    ->  Seq Scan on title t  (cost=0.00..73925.90 rows=25681 width=4) (actual time=0.026..1183.933 rows=23707 loops=1)
                          Filter: ((kind_id < 7) AND (production_year = 2013))
                          Rows Removed by Filter: 2504605
Planning time: 0.987 ms
Execution time: 21465.311 ms
