Hash Join  (cost=864675.83..1415982.09 rows=6700933 width=0) (actual time=16749.303..33628.139 rows=10562510 loops=1)
  Hash Cond: (mi.movie_id = t.id)
  ->  Seq Scan on movie_info mi  (cost=0.00..309384.22 rows=14739122 width=4) (actual time=0.013..6181.813 rows=14835720 loops=1)
  ->  Hash  (cost=845815.34..845815.34 rows=1149559 width=8) (actual time=16748.405..16748.405 rows=1093558 loops=1)
        Buckets: 131072  Batches: 16  Memory Usage: 3685kB
        ->  Hash Join  (cost=102767.86..845815.34 rows=1149559 width=8) (actual time=3290.547..16427.761 rows=1093558 loops=1)
              Hash Cond: (ci.movie_id = t.id)
              ->  Seq Scan on cast_info ci  (cost=0.00..705507.15 rows=1149559 width=4) (actual time=1393.146..13226.578 rows=1093558 loops=1)
                    Filter: (role_id = 9)
                    Rows Removed by Filter: 35150786
              ->  Hash  (cost=61283.27..61283.27 rows=2528527 width=4) (actual time=1896.194..1896.194 rows=2528312 loops=1)
                    Buckets: 131072  Batches: 64  Memory Usage: 2415kB
                    ->  Seq Scan on title t  (cost=0.00..61283.27 rows=2528527 width=4) (actual time=0.023..1070.417 rows=2528312 loops=1)
Planning time: 1.144 ms
Execution time: 34797.009 ms
