Hash Join  (cost=609261.00..2111956.12 rows=27334542 width=0) (actual time=16270.173..76665.576 rows=82743863 loops=1)
  Hash Cond: (ci.movie_id = t.id)
  ->  Seq Scan on cast_info ci  (cost=0.00..796071.18 rows=27658195 width=4) (actual time=0.016..19973.338 rows=27810971 loops=1)
        Filter: ((person_id > 84135) AND (role_id < 7))
        Rows Removed by Filter: 8433373
  ->  Hash  (cost=568262.26..568262.26 rows=2498939 width=8) (actual time=16268.468..16268.468 rows=4157337 loops=1)
        Buckets: 131072  Batches: 64  Memory Usage: 3523kB
        ->  Hash Join  (cost=84865.68..568262.26 rows=2498939 width=8) (actual time=1593.426..14253.139 rows=4157337 loops=1)
              Hash Cond: (mi.movie_id = t.id)
              ->  Seq Scan on movie_info mi  (cost=0.00..346232.03 rows=9476311 width=4) (actual time=158.981..6828.510 rows=9565151 loops=1)
                    Filter: (info_type_id < 16)
                    Rows Removed by Filter: 5270569
              ->  Hash  (cost=73925.90..73925.90 rows=666782 width=4) (actual time=1433.646..1433.646 rows=566088 loops=1)
                    Buckets: 131072  Batches: 16  Memory Usage: 2272kB
                    ->  Seq Scan on title t  (cost=0.00..73925.90 rows=666782 width=4) (actual time=0.057..1245.687 rows=566088 loops=1)
                          Filter: ((kind_id < 7) AND (production_year > 1992))
                          Rows Removed by Filter: 1962224
Planning time: 2.878 ms
Execution time: 85820.977 ms
