Seq Scan on cast_info ci  (cost=0.00..705507.15 rows=3624917 width=0) (actual time=275.575..10870.540 rows=3514890 loops=1)
  Filter: (person_id < 336313)
  Rows Removed by Filter: 32729454
Planning time: 0.313 ms
Execution time: 11312.786 ms
