Seq Scan on movie_companies mc  (cost=0.00..51404.11 rows=1870203 width=0) (actual time=0.022..960.422 rows=1877030 loops=1)
  Filter: (company_id > 1427)
  Rows Removed by Filter: 732099
Planning time: 0.618 ms
Execution time: 1192.485 ms
