Hash Join  (cost=76243.83..930221.16 rows=681818 width=0) (actual time=1164.063..20519.867 rows=763707 loops=1)
  Hash Cond: (ci.movie_id = t.id)
  ->  Seq Scan on cast_info ci  (cost=0.00..705507.15 rows=12203201 width=4) (actual time=0.030..14152.117 rows=12113646 loops=1)
        Filter: (role_id > 3)
        Rows Removed by Filter: 24130698
  ->  Hash  (cost=73925.90..73925.90 rows=141274 width=4) (actual time=1163.221..1163.221 rows=150659 loops=1)
        Buckets: 131072  Batches: 2  Memory Usage: 3673kB
        ->  Seq Scan on title t  (cost=0.00..73925.90 rows=141274 width=4) (actual time=0.018..1107.757 rows=150659 loops=1)
              Filter: ((production_year > 2011) AND (kind_id = 7))
              Rows Removed by Filter: 2377653
Planning time: 4.741 ms
Execution time: 20615.623 ms
