Hash Join  (cost=52284.45..138942.83 rows=34 width=0) (actual time=2038.747..2525.626 rows=1 loops=1)
  Hash Cond: (mk.movie_id = t.id)
  ->  Seq Scan on movie_keyword mk  (cost=0.00..69693.30 rows=4523930 width=4) (actual time=0.016..963.613 rows=4523930 loops=1)
  ->  Hash  (cost=52284.21..52284.21 rows=19 width=8) (actual time=809.857..809.857 rows=3 loops=1)
        Buckets: 1024  Batches: 1  Memory Usage: 9kB
        ->  Nested Loop  (cost=0.43..52284.21 rows=19 width=8) (actual time=190.802..809.849 rows=3 loops=1)
              ->  Seq Scan on movie_companies mc  (cost=0.00..51404.11 rows=104 width=4) (actual time=190.734..809.678 rows=3 loops=1)
                    Filter: (company_id = 124835)
                    Rows Removed by Filter: 2609126
              ->  Index Scan using title_pkey on title t  (cost=0.43..8.45 rows=1 width=4) (actual time=0.049..0.050 rows=1 loops=3)
                    Index Cond: (id = mc.movie_id)
                    Filter: ((kind_id < 7) AND (production_year < 2003))
Planning time: 4.256 ms
Execution time: 2525.795 ms
