Seq Scan on movie_keyword mk  (cost=0.00..81003.12 rows=2919286 width=0) (actual time=0.015..1493.957 rows=2907477 loops=1)
  Filter: (keyword_id < 9336)
  Rows Removed by Filter: 1616453
Planning time: 0.326 ms
Execution time: 1854.339 ms
