Hash Join  (cost=102490.41..469269.89 rows=212356 width=0) (actual time=1964.610..10641.470 rows=775761 loops=1)
  Hash Cond: (mi.movie_id = t.id)
  ->  Seq Scan on movie_info mi  (cost=0.00..309384.22 rows=14739122 width=4) (actual time=0.016..4497.097 rows=14835720 loops=1)
  ->  Hash  (cost=102035.04..102035.04 rows=36430 width=8) (actual time=1964.121..1964.121 rows=71829 loops=1)
        Buckets: 131072 (originally 65536)  Batches: 1 (originally 1)  Memory Usage: 3830kB
        ->  Hash Join  (cost=74760.26..102035.04 rows=36430 width=8) (actual time=1223.787..1938.455 rows=71829 loops=1)
              Hash Cond: (mi_idx.movie_id = t.id)
              ->  Seq Scan on movie_info_idx mi_idx  (cost=0.00..21735.35 rows=1380035 width=4) (actual time=0.013..363.082 rows=1380035 loops=1)
              ->  Hash  (cost=73925.90..73925.90 rows=66748 width=4) (actual time=1223.050..1223.050 rows=57405 loops=1)
                    Buckets: 131072  Batches: 1  Memory Usage: 3043kB
                    ->  Seq Scan on title t  (cost=0.00..73925.90 rows=66748 width=4) (actual time=306.110..1200.577 rows=57405 loops=1)
                          Filter: ((production_year > 1994) AND (kind_id = 3))
                          Rows Removed by Filter: 2470907
Planning time: 1.241 ms
Execution time: 10742.172 ms
