Seq Scan on cast_info ci  (cost=0.00..705507.15 rows=500 width=0) (actual time=1223.674..10153.554 rows=2426 loops=1)
  Filter: (person_id = 1464192)
  Rows Removed by Filter: 36241918
Planning time: 0.372 ms
Execution time: 10153.820 ms
