Hash Join  (cost=463979.28..594641.33 rows=710801 width=0) (actual time=9387.270..11250.723 rows=376821 loops=1)
  Hash Cond: (mk.movie_id = t.id)
  ->  Seq Scan on movie_keyword mk  (cost=0.00..69693.30 rows=4523930 width=4) (actual time=0.032..1465.777 rows=4523930 loops=1)
  ->  Hash  (cost=457461.24..457461.24 rows=397283 width=8) (actual time=7933.932..7933.932 rows=167328 loops=1)
        Buckets: 131072  Batches: 8  Memory Usage: 1850kB
        ->  Hash Join  (cost=92883.59..457461.24 rows=397283 width=8) (actual time=3481.404..7881.226 rows=167328 loops=1)
              Hash Cond: (mi.movie_id = t.id)
              ->  Seq Scan on movie_info mi  (cost=0.00..346232.03 rows=651960 width=4) (actual time=1457.338..5227.383 rows=660923 loops=1)
                    Filter: (info_type_id = 18)
                    Rows Removed by Filter: 14174797
              ->  Hash  (cost=67604.59..67604.59 rows=1540800 width=4) (actual time=2023.182..2023.182 rows=1543264 loops=1)
                    Buckets: 131072  Batches: 32  Memory Usage: 2728kB
                    ->  Seq Scan on title t  (cost=0.00..67604.59 rows=1540800 width=4) (actual time=0.028..1248.114 rows=1543264 loops=1)
                          Filter: (kind_id = 7)
                          Rows Removed by Filter: 985048
Planning time: 3.764 ms
Execution time: 11295.975 ms
