Hash Join  (cost=190199.64..700168.02 rows=2826745 width=0) (actual time=4038.897..18073.886 rows=3573197 loops=1)
  Hash Cond: (mi.movie_id = t.id)
  ->  Seq Scan on movie_info mi  (cost=0.00..309384.22 rows=14739122 width=4) (actual time=0.006..6403.490 rows=14835720 loops=1)
  ->  Hash  (cost=182242.97..182242.97 rows=484934 width=8) (actual time=4038.198..4038.198 rows=279592 loops=1)
        Buckets: 131072  Batches: 8  Memory Usage: 2399kB
        ->  Hash Join  (cost=102767.86..182242.97 rows=484934 width=8) (actual time=2371.056..3958.174 rows=279592 loops=1)
              Hash Cond: (mc.movie_id = t.id)
              ->  Seq Scan on movie_companies mc  (cost=0.00..57926.93 rows=484934 width=4) (actual time=0.023..990.515 rows=279592 loops=1)
                    Filter: ((company_id < 3729) AND (company_type_id > 1))
                    Rows Removed by Filter: 2329537
              ->  Hash  (cost=61283.27..61283.27 rows=2528527 width=4) (actual time=2369.025..2369.025 rows=2528312 loops=1)
                    Buckets: 131072  Batches: 64  Memory Usage: 2415kB
                    ->  Seq Scan on title t  (cost=0.00..61283.27 rows=2528527 width=4) (actual time=0.022..1040.605 rows=2528312 loops=1)
Planning time: 1.217 ms
Execution time: 18460.213 ms
