Nested Loop  (cost=0.43..83072.90 rows=1 width=0) (actual time=751.152..1267.945 rows=1 loops=1)
  ->  Seq Scan on movie_keyword mk  (cost=0.00..81003.12 rows=246 width=4) (actual time=25.325..1257.066 rows=244 loops=1)
        Filter: (keyword_id = 14798)
        Rows Removed by Filter: 4523686
  ->  Index Scan using title_pkey on title t  (cost=0.43..8.40 rows=1 width=4) (actual time=0.042..0.042 rows=0 loops=244)
        Index Cond: (id = mk.movie_id)
        Filter: ((kind_id < 7) AND (production_year = 1988))
        Rows Removed by Filter: 1
Planning time: 0.763 ms
Execution time: 1268.042 ms
