Hash Join  (cost=102767.86..198358.39 rows=195656 width=0) (actual time=1891.747..3647.219 rows=198523 loops=1)
  Hash Cond: (mk.movie_id = t.id)
  ->  Seq Scan on movie_keyword mk  (cost=0.00..81003.12 rows=195656 width=4) (actual time=0.027..1246.242 rows=198523 loops=1)
        Filter: (keyword_id > 69065)
        Rows Removed by Filter: 4325407
  ->  Hash  (cost=61283.27..61283.27 rows=2528527 width=4) (actual time=1890.289..1890.289 rows=2528312 loops=1)
        Buckets: 131072  Batches: 64  Memory Usage: 2425kB
        ->  Seq Scan on title t  (cost=0.00..61283.27 rows=2528527 width=4) (actual time=0.018..1034.109 rows=2528312 loops=1)
Planning time: 5.146 ms
Execution time: 3669.953 ms
