Hash Join  (cost=149390.61..944072.53 rows=421733 width=0) (actual time=3061.397..19575.207 rows=681001 loops=1)
  Hash Cond: (ci.movie_id = t.id)
  ->  Seq Scan on cast_info ci  (cost=0.00..705507.15 rows=7298253 width=4) (actual time=30.653..13648.074 rows=7451973 loops=1)
        Filter: (role_id = 2)
        Rows Removed by Filter: 28792371
  ->  Hash  (cost=146993.21..146993.21 rows=146112 width=8) (actual time=3030.035..3030.035 rows=114616 loops=1)
        Buckets: 131072  Batches: 2  Memory Usage: 3241kB
        ->  Hash Join  (cost=69928.56..146993.21 rows=146112 width=8) (actual time=1109.017..2991.131 rows=114616 loops=1)
              Hash Cond: (mc.movie_id = t.id)
              ->  Seq Scan on movie_companies mc  (cost=0.00..44881.29 rows=2609129 width=4) (actual time=0.018..850.144 rows=2609129 loops=1)
              ->  Hash  (cost=67604.59..67604.59 rows=141598 width=4) (actual time=1108.372..1108.372 rows=141703 loops=1)
                    Buckets: 131072  Batches: 2  Memory Usage: 3511kB
                    ->  Seq Scan on title t  (cost=0.00..67604.59 rows=141598 width=4) (actual time=0.019..1056.093 rows=141703 loops=1)
                          Filter: (production_year = 2010)
                          Rows Removed by Filter: 2386609
Planning time: 1.254 ms
Execution time: 19653.180 ms
