Hash Join  (cost=102767.86..175062.25 rows=186551 width=0) (actual time=1918.370..3230.980 rows=83915 loops=1)
  Hash Cond: (mc.movie_id = t.id)
  ->  Seq Scan on movie_companies mc  (cost=0.00..57926.93 rows=186551 width=4) (actual time=10.678..888.309 rows=83915 loops=1)
        Filter: ((company_id < 191) AND (company_type_id = 2))
        Rows Removed by Filter: 2525214
  ->  Hash  (cost=61283.27..61283.27 rows=2528527 width=4) (actual time=1906.391..1906.391 rows=2528312 loops=1)
        Buckets: 131072  Batches: 64  Memory Usage: 2415kB
        ->  Seq Scan on title t  (cost=0.00..61283.27 rows=2528527 width=4) (actual time=0.024..1062.290 rows=2528312 loops=1)
Planning time: 0.724 ms
Execution time: 3240.387 ms
