Hash Join  (cost=102035.39..186430.84 rows=9192 width=0) (actual time=1803.818..3134.912 rows=2373 loops=1)
  Hash Cond: (mk.movie_id = t.id)
  ->  Seq Scan on movie_keyword mk  (cost=0.00..81003.12 rows=880107 width=4) (actual time=0.028..1259.492 rows=887132 loops=1)
        Filter: (keyword_id < 840)
        Rows Removed by Filter: 3636798
  ->  Hash  (cost=101705.29..101705.29 rows=26408 width=8) (actual time=1718.064..1718.064 rows=10347 loops=1)
        Buckets: 32768  Batches: 1  Memory Usage: 661kB
        ->  Hash Join  (cost=74530.73..101705.29 rows=26408 width=8) (actual time=1119.683..1714.518 rows=10347 loops=1)
              Hash Cond: (mi_idx.movie_id = t.id)
              ->  Seq Scan on movie_info_idx mi_idx  (cost=0.00..21735.35 rows=1380035 width=4) (actual time=0.025..269.342 rows=1380035 loops=1)
              ->  Hash  (cost=73925.90..73925.90 rows=48386 width=4) (actual time=1118.502..1118.502 rows=45023 loops=1)
                    Buckets: 65536  Batches: 1  Memory Usage: 2095kB
                    ->  Seq Scan on title t  (cost=0.00..73925.90 rows=48386 width=4) (actual time=0.050..1100.390 rows=45023 loops=1)
                          Filter: ((kind_id > 1) AND (production_year = 2013))
                          Rows Removed by Filter: 2483289
Planning time: 1.244 ms
Execution time: 3135.567 ms
