Seq Scan on movie_keyword mk  (cost=0.00..81003.12 rows=3946448 width=0) (actual time=0.020..1677.361 rows=3941424 loops=1)
  Filter: (keyword_id > 412)
  Rows Removed by Filter: 582506
Planning time: 0.336 ms
Execution time: 2173.995 ms
