Hash Join  (cost=140212.95..227602.44 rows=73146 width=0) (actual time=2573.115..4622.737 rows=253773 loops=1)
  Hash Cond: (mk.movie_id = t.id)
  ->  Seq Scan on movie_keyword mk  (cost=0.00..69693.30 rows=4523930 width=4) (actual time=0.025..1101.820 rows=4523930 loops=1)
  ->  Hash  (cost=139701.91..139701.91 rows=40883 width=8) (actual time=2572.703..2572.703 rows=72070 loops=1)
        Buckets: 131072 (originally 65536)  Batches: 1 (originally 1)  Memory Usage: 3840kB
        ->  Hash Join  (cost=69283.60..139701.91 rows=40883 width=8) (actual time=1053.628..2549.098 rows=72070 loops=1)
              Hash Cond: (mc.movie_id = t.id)
              ->  Seq Scan on movie_companies mc  (cost=0.00..57926.93 rows=1010278 width=4) (actual time=0.027..1097.410 rows=717116 loops=1)
                    Filter: ((company_id < 59517) AND (company_type_id > 1))
                    Rows Removed by Filter: 1892013
              ->  Hash  (cost=67604.59..67604.59 rows=102321 width=4) (actual time=1052.673..1052.673 rows=100537 loops=1)
                    Buckets: 131072  Batches: 2  Memory Usage: 2797kB
                    ->  Seq Scan on title t  (cost=0.00..67604.59 rows=102321 width=4) (actual time=0.021..1013.245 rows=100537 loops=1)
                          Filter: (kind_id = 3)
                          Rows Removed by Filter: 2427775
Planning time: 1.283 ms
Execution time: 4655.784 ms
