Hash Join  (cost=307499.18..991465.31 rows=15680438 width=0) (actual time=6920.629..21938.818 rows=6670447 loops=1)
  Hash Cond: (mi.movie_id = t.id)
  ->  Seq Scan on movie_info mi  (cost=0.00..309384.22 rows=14739122 width=4) (actual time=0.006..6346.953 rows=14835720 loops=1)
  ->  Hash  (cost=263366.03..263366.03 rows=2690012 width=8) (actual time=6918.152..6918.152 rows=645461 loops=1)
        Buckets: 131072  Batches: 64  Memory Usage: 1408kB
        ->  Hash Join  (cost=92883.59..263366.03 rows=2690012 width=8) (actual time=2619.660..6707.879 rows=645461 loops=1)
              Hash Cond: (mk.movie_id = t.id)
              ->  Seq Scan on movie_keyword mk  (cost=0.00..81003.12 rows=4414439 width=4) (actual time=0.046..1823.176 rows=4414658 loops=1)
                    Filter: (keyword_id < 80262)
                    Rows Removed by Filter: 109272
              ->  Hash  (cost=67604.59..67604.59 rows=1540800 width=4) (actual time=1746.083..1746.083 rows=1543264 loops=1)
                    Buckets: 131072  Batches: 32  Memory Usage: 2728kB
                    ->  Seq Scan on title t  (cost=0.00..67604.59 rows=1540800 width=4) (actual time=0.020..1238.740 rows=1543264 loops=1)
                          Filter: (kind_id = 7)
                          Rows Removed by Filter: 985048
Planning time: 1.071 ms
Execution time: 22665.692 ms
