Hash Join  (cost=127615.31..482134.10 rows=5695 width=0) (actual time=2503.509..7984.399 rows=302027 loops=1)
  Hash Cond: (mi.movie_id = t.id)
  ->  Seq Scan on movie_info mi  (cost=0.00..346232.03 rows=2194617 width=4) (actual time=0.017..5121.039 rows=2233850 loops=1)
        Filter: (info_type_id > 16)
        Rows Removed by Filter: 12601870
  ->  Hash  (cost=127533.29..127533.29 rows=6562 width=8) (actual time=2502.869..2502.869 rows=20705 loops=1)
        Buckets: 32768 (originally 8192)  Batches: 1 (originally 1)  Memory Usage: 1065kB
        ->  Hash Join  (cost=67697.55..127533.29 rows=6562 width=8) (actual time=1056.131..2494.100 rows=20705 loops=1)
              Hash Cond: (mc.movie_id = t.id)
              ->  Seq Scan on movie_companies mc  (cost=0.00..51404.11 rows=2230934 width=4) (actual time=0.027..971.235 rows=2227488 loops=1)
                    Filter: (company_id < 84089)
                    Rows Removed by Filter: 381641
              ->  Hash  (cost=67604.59..67604.59 rows=7437 width=4) (actual time=1054.562..1054.562 rows=20122 loops=1)
                    Buckets: 32768 (originally 8192)  Batches: 1 (originally 1)  Memory Usage: 964kB
                    ->  Seq Scan on title t  (cost=0.00..67604.59 rows=7437 width=4) (actual time=0.054..1044.819 rows=20122 loops=1)
                          Filter: (production_year = 1987)
                          Rows Removed by Filter: 2508190
Planning time: 1.652 ms
Execution time: 8006.739 ms
