Seq Scan on movie_keyword mk  (cost=0.00..81003.12 rows=38572 width=0) (actual time=0.033..1328.984 rows=30106 loops=1)
  Filter: (keyword_id < 37)
  Rows Removed by Filter: 4493824
Planning time: 0.306 ms
Execution time: 1334.038 ms
