Hash Join  (cost=73957.54..100881.83 rows=1381 width=0) (actual time=1195.680..1862.040 rows=3361 loops=1)
  Hash Cond: (mi_idx.movie_id = t.id)
  ->  Seq Scan on movie_info_idx mi_idx  (cost=0.00..21735.35 rows=1380035 width=4) (actual time=0.025..390.909 rows=1380035 loops=1)
  ->  Hash  (cost=73925.90..73925.90 rows=2531 width=4) (actual time=1195.470..1195.470 rows=2720 loops=1)
        Buckets: 4096  Batches: 1  Memory Usage: 128kB
        ->  Seq Scan on title t  (cost=0.00..73925.90 rows=2531 width=4) (actual time=0.854..1193.941 rows=2720 loops=1)
              Filter: ((kind_id < 4) AND (production_year = 1950))
              Rows Removed by Filter: 2525592
Planning time: 3.185 ms
Execution time: 1862.683 ms
