Seq Scan on movie_companies mc  (cost=0.00..51404.11 rows=104 width=0) (actual time=37.722..645.978 rows=917 loops=1)
  Filter: (company_id = 1454)
  Rows Removed by Filter: 2608212
Planning time: 0.380 ms
Execution time: 646.202 ms
