Hash Join  (cost=128608.74..493293.82 rows=2915 width=0) (actual time=2387.597..9588.792 rows=2319 loops=1)
  Hash Cond: (mi.movie_id = t.id)
  ->  Seq Scan on movie_info mi  (cost=0.00..309384.22 rows=14739122 width=4) (actual time=0.016..4505.647 rows=14835720 loops=1)
  ->  Hash  (cost=128602.49..128602.49 rows=500 width=8) (actual time=2371.214..2371.214 rows=343 loops=1)
        Buckets: 1024  Batches: 1  Memory Usage: 22kB
        ->  Hash Join  (cost=73931.97..128602.49 rows=500 width=8) (actual time=1246.247..2370.929 rows=343 loops=1)
              Hash Cond: (mc.movie_id = t.id)
              ->  Seq Scan on movie_companies mc  (cost=0.00..44881.29 rows=2609129 width=4) (actual time=0.016..645.409 rows=2609129 loops=1)
              ->  Hash  (cost=73925.90..73925.90 rows=485 width=4) (actual time=1243.598..1243.598 rows=298 loops=1)
                    Buckets: 1024  Batches: 1  Memory Usage: 19kB
                    ->  Seq Scan on title t  (cost=0.00..73925.90 rows=485 width=4) (actual time=0.121..1243.246 rows=298 loops=1)
                          Filter: ((kind_id > 1) AND (production_year > 2013))
                          Rows Removed by Filter: 2528014
Planning time: 2.057 ms
Execution time: 9589.648 ms
