Seq Scan on cast_info ci  (cost=0.00..705507.15 rows=34548541 width=0) (actual time=0.017..14151.734 rows=34547087 loops=1)
  Filter: (person_id < 3725273)
  Rows Removed by Filter: 1697257
Planning time: 0.337 ms
Execution time: 18574.896 ms
