Seq Scan on movie_keyword mk  (cost=0.00..81003.12 rows=246 width=0) (actual time=8.179..1260.784 rows=48 loops=1)
  Filter: (keyword_id = 157)
  Rows Removed by Filter: 4523882
Planning time: 0.243 ms
Execution time: 1260.893 ms
