Hash Join  (cost=74246.92..816221.34 rows=96164 width=0) (actual time=6132.706..16574.450 rows=128238 loops=1)
  Hash Cond: (ci.movie_id = t.id)
  ->  Seq Scan on cast_info ci  (cost=0.00..705507.15 rows=9468168 width=4) (actual time=4877.823..13194.550 rows=9384703 loops=1)
        Filter: (role_id > 4)
        Rows Removed by Filter: 26859641
  ->  Hash  (cost=73925.90..73925.90 rows=25681 width=4) (actual time=1254.599..1254.599 rows=23707 loops=1)
        Buckets: 32768  Batches: 1  Memory Usage: 1090kB
        ->  Seq Scan on title t  (cost=0.00..73925.90 rows=25681 width=4) (actual time=0.041..1244.465 rows=23707 loops=1)
              Filter: ((kind_id < 7) AND (production_year = 2013))
              Rows Removed by Filter: 2504605
Planning time: 0.766 ms
Execution time: 16594.175 ms
