Seq Scan on movie_keyword mk  (cost=0.00..81003.12 rows=2649675 width=0) (actual time=0.023..1545.520 rows=2637639 loops=1)
  Filter: (keyword_id > 3221)
  Rows Removed by Filter: 1886291
Planning time: 0.327 ms
Execution time: 1881.938 ms
