Hash Join  (cost=300220.87..894747.55 rows=10417470 width=0) (actual time=6230.240..18257.969 rows=5525533 loops=1)
  Hash Cond: (mi.movie_id = t.id)
  ->  Seq Scan on movie_info mi  (cost=0.00..346232.03 rows=9476311 width=4) (actual time=325.829..6928.061 rows=9565151 loops=1)
        Filter: (info_type_id < 16)
        Rows Removed by Filter: 5270569
  ->  Hash  (cost=254616.21..254616.21 rows=2779653 width=8) (actual time=5897.224..5897.224 rows=730679 loops=1)
        Buckets: 131072  Batches: 64  Memory Usage: 1455kB
        ->  Hash Join  (cost=93093.72..254616.21 rows=2779653 width=8) (actual time=1822.428..5696.140 rows=730679 loops=1)
              Hash Cond: (mk.movie_id = t.id)
              ->  Seq Scan on movie_keyword mk  (cost=0.00..69693.30 rows=4523930 width=4) (actual time=0.037..1570.944 rows=4523930 loops=1)
              ->  Hash  (cost=67604.59..67604.59 rows=1553611 width=4) (actual time=1786.898..1786.898 rows=1555864 loops=1)
                    Buckets: 131072  Batches: 32  Memory Usage: 2740kB
                    ->  Seq Scan on title t  (cost=0.00..67604.59 rows=1553611 width=4) (actual time=0.025..1279.404 rows=1555864 loops=1)
                          Filter: (kind_id > 4)
                          Rows Removed by Filter: 972448
Planning time: 1.127 ms
Execution time: 18826.447 ms
