Nested Loop  (cost=0.43..58358.39 rows=39 width=0) (actual time=1.253..895.688 rows=437 loops=1)
  ->  Seq Scan on movie_companies mc  (cost=0.00..57926.93 rows=51 width=4) (actual time=1.208..880.502 rows=518 loops=1)
        Filter: ((company_id = 264) AND (company_type_id = 1))
        Rows Removed by Filter: 2608611
  ->  Index Scan using title_pkey on title t  (cost=0.43..8.45 rows=1 width=4) (actual time=0.028..0.028 rows=1 loops=518)
        Index Cond: (id = mc.movie_id)
        Filter: (production_year < 2010)
        Rows Removed by Filter: 0
Planning time: 0.785 ms
Execution time: 895.953 ms
