Hash Join  (cost=123311.50..250579.91 rows=432237 width=0) (actual time=3282.230..7969.947 rows=5006610 loops=1)
  Hash Cond: (mk.movie_id = t.id)
  ->  Seq Scan on movie_keyword mk  (cost=0.00..69693.30 rows=4523930 width=4) (actual time=0.007..1579.263 rows=4523930 loops=1)
  ->  Hash  (cost=119347.66..119347.66 rows=241587 width=8) (actual time=3281.194..3281.194 rows=419760 loops=1)
        Buckets: 131072 (originally 131072)  Batches: 8 (originally 4)  Memory Usage: 3091kB
        ->  Hash Join  (cost=78556.72..119347.66 rows=241587 width=8) (actual time=2047.662..3140.476 rows=419760 loops=1)
              Hash Cond: (mi_idx.movie_id = t.id)
              ->  Seq Scan on movie_info_idx mi_idx  (cost=0.00..25185.44 rows=915101 width=4) (actual time=0.016..531.617 rows=919850 loops=1)
                    Filter: (info_type_id < 101)
                    Rows Removed by Filter: 460185
              ->  Hash  (cost=67604.59..67604.59 rows=667531 width=4) (actual time=1925.914..1925.914 rows=662825 loops=1)
                    Buckets: 131072  Batches: 16  Memory Usage: 2476kB
                    ->  Seq Scan on title t  (cost=0.00..67604.59 rows=667531 width=4) (actual time=138.924..1073.081 rows=662825 loops=1)
                          Filter: (kind_id = 1)
                          Rows Removed by Filter: 1865487
Planning time: 1.240 ms
Execution time: 8570.995 ms
