Seq Scan on cast_info ci  (cost=0.00..796071.18 rows=3144460 width=0) (actual time=6319.748..13009.413 rows=1563945 loops=1)
  Filter: ((person_id < 1307082) AND (role_id > 5))
  Rows Removed by Filter: 34680399
Planning time: 0.775 ms
Execution time: 13214.936 ms
