Hash Join  (cost=89167.69..626756.61 rows=5415399 width=0) (actual time=1581.370..17655.799 rows=9948436 loops=1)
  Hash Cond: (mi.movie_id = t.id)
  ->  Seq Scan on movie_info mi  (cost=0.00..309384.22 rows=14739122 width=4) (actual time=0.021..6182.333 rows=14835720 loops=1)
  ->  Hash  (cost=73925.90..73925.90 rows=929023 width=4) (actual time=1580.120..1580.120 rows=896133 loops=1)
        Buckets: 131072  Batches: 16  Memory Usage: 3004kB
        ->  Seq Scan on title t  (cost=0.00..73925.90 rows=929023 width=4) (actual time=0.007..1282.132 rows=896133 loops=1)
              Filter: ((kind_id < 7) AND (production_year > 1918))
              Rows Removed by Filter: 1632179
Planning time: 0.774 ms
Execution time: 18729.734 ms
