Hash Join  (cost=83073.90..808148.22 rows=265 width=0) (actual time=4727.951..11257.258 rows=1 loops=1)
  Hash Cond: (ci.movie_id = t.id)
  ->  Seq Scan on cast_info ci  (cost=0.00..705507.15 rows=5217204 width=4) (actual time=21.974..9410.696 rows=5121931 loops=1)
        Filter: (person_id < 495035)
        Rows Removed by Filter: 31122413
  ->  Hash  (cost=83072.29..83072.29 rows=129 width=8) (actual time=1313.080..1313.080 rows=12 loops=1)
        Buckets: 1024  Batches: 1  Memory Usage: 9kB
        ->  Nested Loop  (cost=0.43..83072.29 rows=129 width=8) (actual time=1117.106..1313.065 rows=12 loops=1)
              ->  Seq Scan on movie_keyword mk  (cost=0.00..81003.12 rows=246 width=4) (actual time=88.187..1312.789 rows=13 loops=1)
                    Filter: (keyword_id = 45231)
                    Rows Removed by Filter: 4523917
              ->  Index Scan using title_pkey on title t  (cost=0.43..8.40 rows=1 width=4) (actual time=0.019..0.020 rows=1 loops=13)
                    Index Cond: (id = mk.movie_id)
                    Filter: (production_year > 2001)
                    Rows Removed by Filter: 0
Planning time: 1.252 ms
Execution time: 11257.398 ms
