Hash Join  (cost=110103.71..477227.64 rows=246802 width=0) (actual time=1879.343..9302.538 rows=177313 loops=1)
  Hash Cond: (mi.movie_id = t.id)
  ->  Seq Scan on movie_info mi  (cost=0.00..309384.22 rows=14739122 width=4) (actual time=0.018..4255.343 rows=14835720 loops=1)
  ->  Hash  (cost=109574.47..109574.47 rows=42339 width=8) (actual time=1835.076..1835.076 rows=15210 loops=1)
        Buckets: 65536  Batches: 1  Memory Usage: 1107kB
        ->  Hash Join  (cost=77793.68..109574.47 rows=42339 width=8) (actual time=1115.362..1829.374 rows=15210 loops=1)
              Hash Cond: (mi_idx.movie_id = t.id)
              ->  Seq Scan on movie_info_idx mi_idx  (cost=0.00..25185.44 rows=454124 width=4) (actual time=0.018..506.783 rows=459925 loops=1)
                    Filter: (info_type_id = 100)
                    Rows Removed by Filter: 920110
              ->  Hash  (cost=73925.90..73925.90 rows=235742 width=4) (actual time=1114.352..1114.352 rows=129555 loops=1)
                    Buckets: 131072  Batches: 4  Memory Usage: 2160kB
                    ->  Seq Scan on title t  (cost=0.00..73925.90 rows=235742 width=4) (actual time=0.014..1069.829 rows=129555 loops=1)
                          Filter: ((production_year < 1971) AND (kind_id = 7))
                          Rows Removed by Filter: 2398757
Planning time: 5.366 ms
Execution time: 9323.205 ms
