Hash Join  (cost=238284.15..392281.56 rows=2490399 width=0) (actual time=5904.534..13831.439 rows=18369502 loops=1)
  Hash Cond: (mk.movie_id = t.id)
  ->  Seq Scan on movie_keyword mk  (cost=0.00..81003.12 rows=3142259 width=4) (actual time=0.014..1761.890 rows=3127449 loops=1)
        Filter: (keyword_id > 1884)
        Rows Removed by Filter: 1396481
  ->  Hash  (cost=205405.33..205405.33 rows=2003985 width=8) (actual time=5903.487..5903.487 rows=1726648 loops=1)
        Buckets: 131072  Batches: 32  Memory Usage: 3180kB
        ->  Hash Join  (cost=99467.55..205405.33 rows=2003985 width=8) (actual time=2041.643..5403.638 rows=1726648 loops=1)
              Hash Cond: (mc.movie_id = t.id)
              ->  Seq Scan on movie_companies mc  (cost=0.00..44881.29 rows=2609129 width=4) (actual time=0.015..967.823 rows=2609129 loops=1)
              ->  Hash  (cost=67604.59..67604.59 rows=1942077 width=4) (actual time=2040.307..2040.307 rows=1932484 loops=1)
                    Buckets: 131072  Batches: 32  Memory Usage: 3155kB
                    ->  Seq Scan on title t  (cost=0.00..67604.59 rows=1942077 width=4) (actual time=0.015..1408.127 rows=1932484 loops=1)
                          Filter: (production_year > 1980)
                          Rows Removed by Filter: 595828
Planning time: 0.823 ms
Execution time: 15919.010 ms
