Hash Join  (cost=1213699.82..2291207.29 rows=43929523 width=0) (actual time=20958.865..46449.154 rows=36618731 loops=1)
  Hash Cond: (mi.movie_id = t.id)
  ->  Seq Scan on movie_info mi  (cost=0.00..309384.22 rows=14739122 width=4) (actual time=0.018..6895.168 rows=14835720 loops=1)
  ->  Hash  (cost=1090058.30..1090058.30 rows=7536201 width=8) (actual time=20958.042..20958.042 rows=4344864 loops=1)
        Buckets: 131072  Batches: 128  Memory Usage: 2335kB
        ->  Hash Join  (cost=102767.86..1090058.30 rows=7536201 width=8) (actual time=8558.408..19490.997 rows=4344864 loops=1)
              Hash Cond: (ci.movie_id = t.id)
              ->  Seq Scan on cast_info ci  (cost=0.00..796071.18 rows=7536201 width=4) (actual time=6546.449..13127.359 rows=4344864 loops=1)
                    Filter: ((person_id > 2748302) AND (role_id < 7))
                    Rows Removed by Filter: 31899480
              ->  Hash  (cost=61283.27..61283.27 rows=2528527 width=4) (actual time=2010.543..2010.543 rows=2528312 loops=1)
                    Buckets: 131072  Batches: 64  Memory Usage: 2415kB
                    ->  Seq Scan on title t  (cost=0.00..61283.27 rows=2528527 width=4) (actual time=0.010..1142.522 rows=2528312 loops=1)
Planning time: 15.521 ms
Execution time: 50532.433 ms
