Seq Scan on movie_companies mc  (cost=0.00..51404.11 rows=1617222 width=0) (actual time=0.024..971.544 rows=1615109 loops=1)
  Filter: (company_id > 4617)
  Rows Removed by Filter: 994020
Planning time: 0.348 ms
Execution time: 1178.528 ms
