Seq Scan on cast_info ci  (cost=0.00..705507.15 rows=500 width=0) (actual time=6190.040..11069.333 rows=1635 loops=1)
  Filter: (person_id = 234797)
  Rows Removed by Filter: 36242709
Planning time: 0.277 ms
Execution time: 11069.644 ms
