Hash Join  (cost=80661.47..586001.44 rows=2393005 width=0) (actual time=1378.714..15877.724 rows=5942907 loops=1)
  Hash Cond: (mi.movie_id = t.id)
  ->  Seq Scan on movie_info mi  (cost=0.00..309384.22 rows=14739122 width=4) (actual time=0.012..6043.157 rows=14835720 loops=1)
  ->  Hash  (cost=73925.90..73925.90 rows=410525 width=4) (actual time=1377.921..1377.921 rows=456146 loops=1)
        Buckets: 131072  Batches: 8  Memory Usage: 3048kB
        ->  Seq Scan on title t  (cost=0.00..73925.90 rows=410525 width=4) (actual time=226.108..1229.094 rows=456146 loops=1)
              Filter: ((production_year < 2007) AND (kind_id = 1))
              Rows Removed by Filter: 2072166
Planning time: 0.746 ms
Execution time: 16512.810 ms
