Hash Join  (cost=99574.92..200124.81 rows=1613196 width=0) (actual time=2275.552..5095.331 rows=1129651 loops=1)
  Hash Cond: (mc.movie_id = t.id)
  ->  Seq Scan on movie_companies mc  (cost=0.00..44881.29 rows=2609129 width=4) (actual time=0.015..1018.931 rows=2609129 loops=1)
  ->  Hash  (cost=73925.90..73925.90 rows=1563361 width=4) (actual time=2274.387..2274.387 rows=1679658 loops=1)
        Buckets: 131072  Batches: 32  Memory Usage: 2875kB
        ->  Seq Scan on title t  (cost=0.00..73925.90 rows=1563361 width=4) (actual time=0.027..1468.566 rows=1679658 loops=1)
              Filter: ((kind_id > 1) AND (production_year > 1967))
              Rows Removed by Filter: 848654
Planning time: 0.886 ms
Execution time: 5219.175 ms
