Hash Join  (cost=97190.75..451800.05 rows=14746 width=0) (actual time=1454.294..7361.781 rows=72046 loops=1)
  Hash Cond: (mi.movie_id = t.id)
  ->  Seq Scan on movie_info mi  (cost=0.00..346232.03 rows=2194617 width=4) (actual time=0.015..5438.339 rows=2233850 loops=1)
        Filter: (info_type_id > 16)
        Rows Removed by Filter: 12601870
  ->  Hash  (cost=96978.38..96978.38 rows=16990 width=8) (actual time=1453.780..1453.780 rows=19186 loops=1)
        Buckets: 32768  Batches: 1  Memory Usage: 1006kB
        ->  Hash Join  (cost=68191.41..96978.38 rows=16990 width=8) (actual time=894.370..1447.967 rows=19186 loops=1)
              Hash Cond: (mi_idx.movie_id = t.id)
              ->  Seq Scan on movie_info_idx mi_idx  (cost=0.00..25185.44 rows=915101 width=4) (actual time=0.024..385.195 rows=919850 loops=1)
                    Filter: (info_type_id < 101)
                    Rows Removed by Filter: 460185
              ->  Hash  (cost=67604.59..67604.59 rows=46946 width=4) (actual time=894.020..894.020 rows=46583 loops=1)
                    Buckets: 65536  Batches: 1  Memory Usage: 2150kB
                    ->  Seq Scan on title t  (cost=0.00..67604.59 rows=46946 width=4) (actual time=0.022..875.714 rows=46583 loops=1)
                          Filter: (production_year = 1998)
                          Rows Removed by Filter: 2481729
Planning time: 1.222 ms
Execution time: 7371.139 ms
