Seq Scan on title t  (cost=0.00..67604.59 rows=2389627 width=0) (actual time=0.019..1290.075 rows=2382866 loops=1)
  Filter: (production_year > 1916)
  Rows Removed by Filter: 145446
Planning time: 13.011 ms
Execution time: 1597.213 ms
