Hash Join  (cost=953217.90..1501415.70 rows=6409587 width=0) (actual time=14842.107..39451.313 rows=27734583 loops=1)
  Hash Cond: (mi.movie_id = t.id)
  ->  Seq Scan on movie_info mi  (cost=0.00..309384.22 rows=14739122 width=4) (actual time=0.017..6188.642 rows=14835720 loops=1)
  ->  Hash  (cost=935177.18..935177.18 rows=1099578 width=8) (actual time=14840.974..14840.974 rows=2187887 loops=1)
        Buckets: 131072 (originally 131072)  Batches: 32 (originally 16)  Memory Usage: 3711kB
        ->  Hash Join  (cost=102767.86..935177.18 rows=1099578 width=8) (actual time=2956.830..14268.256 rows=2187887 loops=1)
              Hash Cond: (ci.movie_id = t.id)
              ->  Seq Scan on cast_info ci  (cost=0.00..796071.18 rows=1099578 width=4) (actual time=1078.394..10360.464 rows=2187887 loops=1)
                    Filter: ((person_id < 294751) AND (role_id < 2))
                    Rows Removed by Filter: 34056457
              ->  Hash  (cost=61283.27..61283.27 rows=2528527 width=4) (actual time=1877.305..1877.305 rows=2528312 loops=1)
                    Buckets: 131072  Batches: 64  Memory Usage: 2415kB
                    ->  Seq Scan on title t  (cost=0.00..61283.27 rows=2528527 width=4) (actual time=0.020..1059.448 rows=2528312 loops=1)
Planning time: 1.031 ms
Execution time: 42685.083 ms
