Hash Join  (cost=107058.56..219578.06 rows=2481456 width=0) (actual time=2896.679..7166.402 rows=2468210 loops=1)
  Hash Cond: (mc.movie_id = t.id)
  ->  Seq Scan on movie_companies mc  (cost=0.00..44881.29 rows=2609129 width=4) (actual time=0.027..970.463 rows=2609129 loops=1)
  ->  Hash  (cost=67604.59..67604.59 rows=2404798 width=4) (actual time=2895.627..2895.627 rows=2396371 loops=1)
        Buckets: 131072  Batches: 32  Memory Usage: 3657kB
        ->  Seq Scan on title t  (cost=0.00..67604.59 rows=2404798 width=4) (actual time=0.022..1397.378 rows=2396371 loops=1)
              Filter: (production_year > 1914)
              Rows Removed by Filter: 131941
Planning time: 0.739 ms
Execution time: 7412.562 ms
