Hash Join  (cost=102767.86..189865.30 rows=801754 width=0) (actual time=1886.238..4201.976 rows=1101517 loops=1)
  Hash Cond: (mc.movie_id = t.id)
  ->  Seq Scan on movie_companies mc  (cost=0.00..57926.93 rows=801754 width=4) (actual time=0.021..1094.786 rows=1101517 loops=1)
        Filter: ((company_id < 17206) AND (company_type_id = 1))
        Rows Removed by Filter: 1507612
  ->  Hash  (cost=61283.27..61283.27 rows=2528527 width=4) (actual time=1884.165..1884.165 rows=2528312 loops=1)
        Buckets: 131072  Batches: 64  Memory Usage: 2415kB
        ->  Seq Scan on title t  (cost=0.00..61283.27 rows=2528527 width=4) (actual time=0.011..1064.558 rows=2528312 loops=1)
Planning time: 1.034 ms
Execution time: 4329.162 ms
