Hash Join  (cost=67612.84..159740.13 rows=774 width=0) (actual time=961.759..2862.785 rows=3386 loops=1)
  Hash Cond: (mk.movie_id = t.id)
  ->  Seq Scan on movie_keyword mk  (cost=0.00..81003.12 rows=2964381 width=4) (actual time=0.020..1451.315 rows=2957743 loops=1)
        Filter: (keyword_id > 2354)
        Rows Removed by Filter: 1566187
  ->  Hash  (cost=67604.59..67604.59 rows=660 width=4) (actual time=961.332..961.332 rows=3515 loops=1)
        Buckets: 4096 (originally 1024)  Batches: 1 (originally 1)  Memory Usage: 156kB
        ->  Seq Scan on title t  (cost=0.00..67604.59 rows=660 width=4) (actual time=3.477..959.553 rows=3515 loops=1)
              Filter: (production_year > 2013)
              Rows Removed by Filter: 2524797
Planning time: 0.798 ms
Execution time: 2863.542 ms
