Hash Join  (cost=76428.64..153648.18 rows=157401 width=0) (actual time=1476.198..2801.888 rows=69608 loops=1)
  Hash Cond: (mc.movie_id = t.id)
  ->  Seq Scan on movie_companies mc  (cost=0.00..44881.29 rows=2609129 width=4) (actual time=0.026..843.543 rows=2609129 loops=1)
  ->  Hash  (cost=73925.90..73925.90 rows=152539 width=4) (actual time=1071.332..1071.332 rows=53426 loops=1)
        Buckets: 131072  Batches: 2  Memory Usage: 1963kB
        ->  Seq Scan on title t  (cost=0.00..73925.90 rows=152539 width=4) (actual time=291.521..1050.506 rows=53426 loops=1)
              Filter: ((production_year < 1961) AND (kind_id = 7))
              Rows Removed by Filter: 2474886
Planning time: 0.902 ms
Execution time: 2811.027 ms
