Nested Loop  (cost=32807.94..125959.94 rows=1829 width=0) (actual time=632.204..2326.844 rows=8427 loops=1)
  ->  Hash Join  (cost=32807.51..117545.01 rows=9960 width=8) (actual time=630.461..2082.371 rows=8427 loops=1)
        Hash Cond: (mk.movie_id = mi_idx.movie_id)
        ->  Seq Scan on movie_keyword mk  (cost=0.00..81003.12 rows=9953 width=4) (actual time=0.127..1356.795 rows=10799 loops=1)
              Filter: (keyword_id = 347)
              Rows Removed by Filter: 4513131
        ->  Hash  (cost=25185.44..25185.44 rows=464566 width=4) (actual time=628.102..628.102 rows=459925 loops=1)
              Buckets: 131072  Batches: 8  Memory Usage: 3059kB
              ->  Seq Scan on movie_info_idx mi_idx  (cost=0.00..25185.44 rows=464566 width=4) (actual time=0.019..483.643 rows=459925 loops=1)
                    Filter: (info_type_id = 101)
                    Rows Removed by Filter: 920110
  ->  Index Only Scan using title_pkey on title t  (cost=0.43..0.83 rows=1 width=4) (actual time=0.028..0.028 rows=1 loops=8427)
        Index Cond: (id = mi_idx.movie_id)
        Heap Fetches: 8427
Planning time: 1.148 ms
Execution time: 2329.546 ms
