Seq Scan on movie_keyword mk  (cost=0.00..81003.12 rows=920489 width=0) (actual time=0.020..1363.978 rows=914173 loops=1)
  Filter: (keyword_id > 20334)
  Rows Removed by Filter: 3609757
Planning time: 0.320 ms
Execution time: 1479.577 ms
