Seq Scan on cast_info ci  (cost=0.00..705507.15 rows=33656609 width=0) (actual time=0.021..13698.250 rows=33630508 loops=1)
  Filter: (person_id < 3556190)
  Rows Removed by Filter: 2613836
Planning time: 0.329 ms
Execution time: 17944.521 ms
