Hash Join  (cost=190230.21..335789.27 rows=1897177 width=0) (actual time=4223.515..9490.325 rows=8141239 loops=1)
  Hash Cond: (mk.movie_id = t.id)
  ->  Seq Scan on movie_keyword mk  (cost=0.00..81003.12 rows=3476044 width=4) (actual time=0.027..1734.328 rows=3471074 loops=1)
        Filter: (keyword_id > 1047)
        Rows Removed by Filter: 1052856
  ->  Hash  (cost=167588.78..167588.78 rows=1380035 width=8) (actual time=4221.797..4221.797 rows=1380035 loops=1)
        Buckets: 131072  Batches: 32  Memory Usage: 2726kB
        ->  Hash Join  (cost=102767.86..167588.78 rows=1380035 width=8) (actual time=1940.270..3850.343 rows=1380035 loops=1)
              Hash Cond: (mi_idx.movie_id = t.id)
              ->  Seq Scan on movie_info_idx mi_idx  (cost=0.00..21735.35 rows=1380035 width=4) (actual time=0.017..491.711 rows=1380035 loops=1)
              ->  Hash  (cost=61283.27..61283.27 rows=2528527 width=4) (actual time=1939.144..1939.144 rows=2528312 loops=1)
                    Buckets: 131072  Batches: 64  Memory Usage: 2415kB
                    ->  Seq Scan on title t  (cost=0.00..61283.27 rows=2528527 width=4) (actual time=0.023..1081.700 rows=2528312 loops=1)
Planning time: 1.160 ms
Execution time: 10387.960 ms
