Hash Join  (cost=109435.59..196005.58 rows=840947 width=144) (actual time=2239.149..4209.913 rows=425718 loops=1)
  Hash Cond: (mi_idx.movie_id = t.id)
  ->  Seq Scan on movie_info_idx mi_idx  (cost=0.00..21735.35 rows=1380035 width=50) (actual time=0.014..490.889 rows=1380035 loops=1)
  ->  Hash  (cost=67604.59..67604.59 rows=1540800 width=94) (actual time=2238.487..2238.487 rows=1543264 loops=1)
        Buckets: 32768  Batches: 64  Memory Usage: 3011kB
        ->  Seq Scan on title t  (cost=0.00..67604.59 rows=1540800 width=94) (actual time=0.024..1562.964 rows=1543264 loops=1)
              Filter: (kind_id = 7)
              Rows Removed by Filter: 985048
Planning time: 2.930 ms
Execution time: 4232.026 ms
