Seq Scan on cast_info ci  (cost=0.00..705507.15 rows=500 width=42) (actual time=5541.886..12091.549 rows=15 loops=1)
  Filter: (person_id = 2639997)
  Rows Removed by Filter: 36244329
Planning time: 0.339 ms
Execution time: 12091.585 ms
