Seq Scan on cast_info ci  (cost=0.00..705507.15 rows=7790819 width=0) (actual time=0.024..12192.873 rows=7792706 loops=1)
  Filter: (person_id > 2898395)
  Rows Removed by Filter: 28451638
Planning time: 0.373 ms
Execution time: 13171.928 ms
