Hash Join  (cost=191898.91..642644.87 rows=3111335 width=0) (actual time=4487.923..15484.506 rows=6943521 loops=1)
  Hash Cond: (mi.movie_id = t.id)
  ->  Seq Scan on movie_info mi  (cost=0.00..346232.03 rows=5897221 width=4) (actual time=0.021..6006.804 rows=5884963 loops=1)
        Filter: (info_type_id < 7)
        Rows Removed by Filter: 8950757
  ->  Hash  (cost=170011.49..170011.49 rows=1334034 width=8) (actual time=4486.985..4486.985 rows=1373708 loops=1)
        Buckets: 131072  Batches: 32  Memory Usage: 2717kB
        ->  Hash Join  (cost=107705.62..170011.49 rows=1334034 width=8) (actual time=2121.646..4070.477 rows=1373708 loops=1)
              Hash Cond: (mi_idx.movie_id = t.id)
              ->  Seq Scan on movie_info_idx mi_idx  (cost=0.00..21735.35 rows=1380035 width=4) (actual time=0.024..467.414 rows=1380035 loops=1)
              ->  Hash  (cost=67604.59..67604.59 rows=2444243 width=4) (actual time=2120.742..2120.742 rows=2441230 loops=1)
                    Buckets: 131072  Batches: 32  Memory Usage: 3705kB
                    ->  Seq Scan on title t  (cost=0.00..67604.59 rows=2444243 width=4) (actual time=0.021..1361.587 rows=2441230 loops=1)
                          Filter: (production_year > 1904)
                          Rows Removed by Filter: 87082
Planning time: 1.430 ms
Execution time: 16205.966 ms
