Hash Join  (cost=101132.29..179979.68 rows=488905 width=0) (actual time=2116.593..4062.846 rows=374530 loops=1)
  Hash Cond: (mc.movie_id = t.id)
  ->  Seq Scan on movie_companies mc  (cost=0.00..57926.93 rows=745481 width=4) (actual time=0.022..1094.434 rows=962962 loops=1)
        Filter: ((company_id > 8681) AND (company_type_id > 1))
        Rows Removed by Filter: 1646167
  ->  Hash  (cost=73925.90..73925.90 rows=1658271 width=4) (actual time=2115.676..2115.676 rows=1768410 loops=1)
        Buckets: 131072  Batches: 32  Memory Usage: 2971kB
        ->  Seq Scan on title t  (cost=0.00..73925.90 rows=1658271 width=4) (actual time=0.006..1545.147 rows=1768410 loops=1)
              Filter: ((kind_id > 1) AND (production_year > 1956))
              Rows Removed by Filter: 759902
Planning time: 0.789 ms
Execution time: 4104.031 ms
