Hash Join  (cost=106934.74..286846.56 rows=4288987 width=0) (actual time=2223.891..7428.256 rows=4477091 loops=1)
  Hash Cond: (mk.movie_id = t.id)
  ->  Seq Scan on movie_keyword mk  (cost=0.00..69693.30 rows=4523930 width=4) (actual time=0.012..1401.777 rows=4523930 loops=1)
  ->  Hash  (cost=67604.59..67604.59 rows=2397212 width=4) (actual time=2222.971..2222.971 rows=2388701 loops=1)
        Buckets: 131072  Batches: 32  Memory Usage: 3659kB
        ->  Seq Scan on title t  (cost=0.00..67604.59 rows=2397212 width=4) (actual time=0.010..1402.532 rows=2388701 loops=1)
              Filter: (production_year > 1915)
              Rows Removed by Filter: 139611
Planning time: 0.750 ms
Execution time: 7922.791 ms
