Seq Scan on movie_keyword mk  (cost=0.00..81003.12 rows=1538377 width=0) (actual time=0.023..1489.502 rows=1552513 loops=1)
  Filter: (keyword_id > 10152)
  Rows Removed by Filter: 2971417
Planning time: 0.345 ms
Execution time: 1687.865 ms
