Hash Join  (cost=77354.40..193261.29 rows=227329 width=0) (actual time=1138.681..4187.529 rows=212873 loops=1)
  Hash Cond: (mk.movie_id = t.id)
  ->  Seq Scan on movie_keyword mk  (cost=0.00..81003.12 rows=2751325 width=4) (actual time=0.027..1735.099 rows=2743825 loops=1)
        Filter: (keyword_id > 2879)
        Rows Removed by Filter: 1780105
  ->  Hash  (cost=73925.90..73925.90 rows=208920 width=4) (actual time=1137.973..1137.973 rows=183835 loops=1)
        Buckets: 131072  Batches: 4  Memory Usage: 2655kB
        ->  Seq Scan on title t  (cost=0.00..73925.90 rows=208920 width=4) (actual time=0.063..1075.782 rows=183835 loops=1)
              Filter: ((kind_id < 7) AND (production_year > 2009))
              Rows Removed by Filter: 2344477
Planning time: 0.792 ms
Execution time: 4215.351 ms
