Hash Join  (cost=73962.22..825167.57 rows=41619 width=0) (actual time=958.484..16546.381 rows=64321 loops=1)
  Hash Cond: (ci.movie_id = t.id)
  ->  Seq Scan on cast_info ci  (cost=0.00..614943.12 rows=36225612 width=4) (actual time=0.012..7869.114 rows=36244344 loops=1)
  ->  Hash  (cost=73925.90..73925.90 rows=2905 width=4) (actual time=957.695..957.695 rows=4339 loops=1)
        Buckets: 8192 (originally 4096)  Batches: 1 (originally 1)  Memory Usage: 217kB
        ->  Seq Scan on title t  (cost=0.00..73925.90 rows=2905 width=4) (actual time=0.072..955.514 rows=4339 loops=1)
              Filter: ((kind_id < 7) AND (production_year = 1961))
              Rows Removed by Filter: 2523973
Planning time: 0.693 ms
Execution time: 16559.150 ms
