Seq Scan on cast_info ci  (cost=0.00..796071.18 rows=6569987 width=0) (actual time=0.031..9553.241 rows=3228402 loops=1)
  Filter: ((person_id > 2827803) AND (role_id < 6))
  Rows Removed by Filter: 33015942
Planning time: 0.311 ms
Execution time: 9944.951 ms
