Seq Scan on movie_keyword mk  (cost=0.00..81003.12 rows=1870861 width=0) (actual time=0.017..1334.527 rows=1879598 loops=1)
  Filter: (keyword_id > 7293)
  Rows Removed by Filter: 2644332
Planning time: 0.366 ms
Execution time: 1575.807 ms
