Hash Join  (cost=156632.57..278349.68 rows=533337 width=0) (actual time=2908.158..6901.364 rows=2225955 loops=1)
  Hash Cond: (mk.movie_id = t.id)
  ->  Seq Scan on movie_keyword mk  (cost=0.00..81003.12 rows=2902832 width=4) (actual time=0.030..1455.171 rows=2893011 loops=1)
        Filter: (keyword_id < 9122)
        Rows Removed by Filter: 1630919
  ->  Hash  (cost=149010.49..149010.49 rows=464566 width=8) (actual time=2907.442..2907.442 rows=459925 loops=1)
        Buckets: 131072  Batches: 8  Memory Usage: 3284kB
        ->  Hash Join  (cost=102767.86..149010.49 rows=464566 width=8) (actual time=1515.688..2757.838 rows=459925 loops=1)
              Hash Cond: (mi_idx.movie_id = t.id)
              ->  Seq Scan on movie_info_idx mi_idx  (cost=0.00..25185.44 rows=464566 width=4) (actual time=0.022..408.723 rows=459925 loops=1)
                    Filter: (info_type_id = 101)
                    Rows Removed by Filter: 920110
              ->  Hash  (cost=61283.27..61283.27 rows=2528527 width=4) (actual time=1514.746..1514.746 rows=2528312 loops=1)
                    Buckets: 131072  Batches: 64  Memory Usage: 2415kB
                    ->  Seq Scan on title t  (cost=0.00..61283.27 rows=2528527 width=4) (actual time=0.017..768.575 rows=2528312 loops=1)
Planning time: 1.155 ms
Execution time: 7167.312 ms
