Seq Scan on cast_info ci  (cost=0.00..796071.18 rows=1914315 width=0) (actual time=3574.648..9335.869 rows=3879193 loops=1)
  Filter: ((person_id < 518069) AND (role_id < 2))
  Rows Removed by Filter: 32365151
Planning time: 0.327 ms
Execution time: 9807.593 ms
