Hash Join  (cost=705269.31..2711597.52 rows=72631099 width=0) (actual time=22208.552..139776.966 rows=348151416 loops=1)
  Hash Cond: (ci.movie_id = t.id)
  ->  Seq Scan on cast_info ci  (cost=0.00..614943.12 rows=36225612 width=4) (actual time=0.012..13230.806 rows=36244344 loops=1)
  ->  Hash  (cost=622095.20..622095.20 rows=5069609 width=8) (actual time=22204.870..22204.870 rows=10099080 loops=1)
        Buckets: 131072 (originally 131072)  Batches: 256 (originally 128)  Memory Usage: 3073kB
        ->  Hash Join  (cost=88195.18..622095.20 rows=5069609 width=8) (actual time=1464.206..19197.675 rows=10099080 loops=1)
              Hash Cond: (mi.movie_id = t.id)
              ->  Seq Scan on movie_info mi  (cost=0.00..309384.22 rows=14739122 width=4) (actual time=0.014..6178.969 rows=14835720 loops=1)
              ->  Hash  (cost=73925.90..73925.90 rows=869702 width=4) (actual time=1462.805..1462.805 rows=896788 loops=1)
                    Buckets: 131072  Batches: 16  Memory Usage: 3007kB
                    ->  Seq Scan on title t  (cost=0.00..73925.90 rows=869702 width=4) (actual time=0.031..1176.508 rows=896788 loops=1)
                          Filter: ((kind_id < 7) AND (production_year < 2012))
                          Rows Removed by Filter: 1631524
Planning time: 1.297 ms
Execution time: 178468.113 ms
