Hash Join  (cost=52284.99..803089.06 rows=1490 width=0) (actual time=729.402..14461.959 rows=557 loops=1)
  Hash Cond: (ci.movie_id = t.id)
  ->  Seq Scan on cast_info ci  (cost=0.00..614943.12 rows=36225612 width=4) (actual time=0.026..7103.385 rows=36244344 loops=1)
  ->  Hash  (cost=52283.69..52283.69 rows=104 width=8) (actual time=714.264..714.264 rows=16 loops=1)
        Buckets: 1024  Batches: 1  Memory Usage: 9kB
        ->  Nested Loop  (cost=0.43..52283.69 rows=104 width=8) (actual time=136.316..714.237 rows=16 loops=1)
              ->  Seq Scan on movie_companies mc  (cost=0.00..51404.11 rows=104 width=4) (actual time=136.208..713.346 rows=16 loops=1)
                    Filter: (company_id = 91709)
                    Rows Removed by Filter: 2609113
              ->  Index Only Scan using title_pkey on title t  (cost=0.43..8.45 rows=1 width=4) (actual time=0.048..0.049 rows=1 loops=16)
                    Index Cond: (id = mc.movie_id)
                    Heap Fetches: 16
Planning time: 1.644 ms
Execution time: 14462.517 ms
