Hash Join  (cost=797557.82..824469.03 rows=73 width=0) (actual time=10015.531..10576.667 rows=230 loops=1)
  Hash Cond: (mi_idx.movie_id = t.id)
  ->  Seq Scan on movie_info_idx mi_idx  (cost=0.00..21735.35 rows=1380035 width=4) (actual time=0.015..310.504 rows=1380035 loops=1)
  ->  Hash  (cost=797556.14..797556.14 rows=134 width=8) (actual time=10005.389..10005.389 rows=190 loops=1)
        Buckets: 1024  Batches: 1  Memory Usage: 16kB
        ->  Nested Loop  (cost=0.43..797556.14 rows=134 width=8) (actual time=6188.390..10005.265 rows=190 loops=1)
              ->  Seq Scan on cast_info ci  (cost=0.00..796071.18 rows=176 width=4) (actual time=6188.239..10001.586 rows=190 loops=1)
                    Filter: ((person_id = 1236868) AND (role_id = 1))
                    Rows Removed by Filter: 36244154
              ->  Index Scan using title_pkey on title t  (cost=0.43..8.43 rows=1 width=4) (actual time=0.018..0.018 rows=1 loops=190)
                    Index Cond: (id = ci.movie_id)
                    Filter: (production_year < 2010)
Planning time: 1.176 ms
Execution time: 10576.856 ms
