Hash Join  (cost=190230.21..1010398.40 rows=3503921 width=0) (actual time=4104.937..20124.670 rows=7385407 loops=1)
  Hash Cond: (ci.movie_id = t.id)
  ->  Seq Scan on cast_info ci  (cost=0.00..705507.15 rows=6419953 width=4) (actual time=0.019..11137.233 rows=6319884 loops=1)
        Filter: (person_id < 609921)
        Rows Removed by Filter: 29924460
  ->  Hash  (cost=167588.78..167588.78 rows=1380035 width=8) (actual time=4103.410..4103.410 rows=1380035 loops=1)
        Buckets: 131072  Batches: 32  Memory Usage: 2708kB
        ->  Hash Join  (cost=102767.86..167588.78 rows=1380035 width=8) (actual time=1720.850..3675.310 rows=1380035 loops=1)
              Hash Cond: (mi_idx.movie_id = t.id)
              ->  Seq Scan on movie_info_idx mi_idx  (cost=0.00..21735.35 rows=1380035 width=4) (actual time=0.011..390.110 rows=1380035 loops=1)
              ->  Hash  (cost=61283.27..61283.27 rows=2528527 width=4) (actual time=1718.764..1718.764 rows=2528312 loops=1)
                    Buckets: 131072  Batches: 64  Memory Usage: 2415kB
                    ->  Seq Scan on title t  (cost=0.00..61283.27 rows=2528527 width=4) (actual time=0.013..885.622 rows=2528312 loops=1)
Planning time: 1.088 ms
Execution time: 20902.722 ms
