Hash Join  (cost=67697.55..151519.85 rows=2194 width=0) (actual time=920.136..2167.188 rows=5055 loops=1)
  Hash Cond: (mk.movie_id = t.id)
  ->  Seq Scan on movie_keyword mk  (cost=0.00..81003.12 rows=745929 width=4) (actual time=0.020..1116.603 rows=752025 loops=1)
        Filter: (keyword_id > 24881)
        Rows Removed by Filter: 3771905
  ->  Hash  (cost=67604.59..67604.59 rows=7437 width=4) (actual time=919.576..919.576 rows=14926 loops=1)
        Buckets: 16384 (originally 8192)  Batches: 1 (originally 1)  Memory Usage: 653kB
        ->  Seq Scan on title t  (cost=0.00..67604.59 rows=7437 width=4) (actual time=0.047..912.601 rows=14926 loops=1)
              Filter: (production_year = 1979)
              Rows Removed by Filter: 2513386
Planning time: 0.729 ms
Execution time: 2168.153 ms
