Seq Scan on cast_info ci  (cost=0.00..705507.15 rows=1252514 width=0) (actual time=1486.097..10228.203 rows=1158846 loops=1)
  Filter: (person_id < 118220)
  Rows Removed by Filter: 35085498
Planning time: 0.348 ms
Execution time: 10367.034 ms
