Hash Join  (cost=73931.97..161489.37 rows=335 width=0) (actual time=1217.901..2574.875 rows=61 loops=1)
  Hash Cond: (mk.movie_id = t.id)
  ->  Seq Scan on movie_keyword mk  (cost=0.00..81003.12 rows=1746913 width=4) (actual time=0.018..1224.058 rows=1753703 loops=1)
        Filter: (keyword_id > 7924)
        Rows Removed by Filter: 2770227
  ->  Hash  (cost=73925.90..73925.90 rows=485 width=4) (actual time=1124.521..1124.521 rows=298 loops=1)
        Buckets: 1024  Batches: 1  Memory Usage: 19kB
        ->  Seq Scan on title t  (cost=0.00..73925.90 rows=485 width=4) (actual time=11.980..1124.188 rows=298 loops=1)
              Filter: ((kind_id > 1) AND (production_year > 2013))
              Rows Removed by Filter: 2528014
Planning time: 0.576 ms
Execution time: 2574.978 ms
