Hash Join  (cost=160212.76..696242.64 rows=4147760 width=0) (actual time=3488.482..17644.112 rows=8345940 loops=1)
  Hash Cond: (mi.movie_id = t.id)
  ->  Seq Scan on movie_info mi  (cost=0.00..346232.03 rows=12545135 width=4) (actual time=0.025..6553.233 rows=12601870 loops=1)
        Filter: (info_type_id < 17)
        Rows Removed by Filter: 2233850
  ->  Hash  (cost=146496.78..146496.78 rows=835999 width=8) (actual time=3486.677..3486.677 rows=758770 loops=1)
        Buckets: 131072  Batches: 16  Memory Usage: 2886kB
        ->  Hash Join  (cost=92735.26..146496.78 rows=835999 width=8) (actual time=1685.166..3243.816 rows=758770 loops=1)
              Hash Cond: (mi_idx.movie_id = t.id)
              ->  Seq Scan on movie_info_idx mi_idx  (cost=0.00..21735.35 rows=1380035 width=4) (actual time=0.029..378.432 rows=1380035 loops=1)
              ->  Hash  (cost=67604.59..67604.59 rows=1531734 width=4) (actual time=1683.847..1683.847 rows=1531613 loops=1)
                    Buckets: 131072  Batches: 32  Memory Usage: 2708kB
                    ->  Seq Scan on title t  (cost=0.00..67604.59 rows=1531734 width=4) (actual time=0.010..1183.377 rows=1531613 loops=1)
                          Filter: (production_year > 1997)
                          Rows Removed by Filter: 996699
Planning time: 2.238 ms
Execution time: 18516.959 ms
