Hash Join  (cost=697533.99..2793549.24 rows=77532445 width=0) (actual time=14538.992..80370.482 rows=113576916 loops=1)
  Hash Cond: (ci.movie_id = t.id)
  ->  Seq Scan on cast_info ci  (cost=0.00..705507.15 rows=33243265 width=4) (actual time=0.014..15365.360 rows=33190593 loops=1)
        Filter: (person_id < 3497750)
        Rows Removed by Filter: 3053751
  ->  Hash  (cost=600781.72..600781.72 rows=5897221 width=8) (actual time=14535.669..14535.669 rows=5884963 loops=1)
        Buckets: 131072  Batches: 128  Memory Usage: 2812kB
        ->  Hash Join  (cost=102767.86..600781.72 rows=5897221 width=8) (actual time=3378.380..12493.326 rows=5884963 loops=1)
              Hash Cond: (mi.movie_id = t.id)
              ->  Seq Scan on movie_info mi  (cost=0.00..346232.03 rows=5897221 width=4) (actual time=1567.319..5405.887 rows=5884963 loops=1)
                    Filter: (info_type_id < 7)
                    Rows Removed by Filter: 8950757
              ->  Hash  (cost=61283.27..61283.27 rows=2528527 width=4) (actual time=1810.213..1810.213 rows=2528312 loops=1)
                    Buckets: 131072  Batches: 64  Memory Usage: 2425kB
                    ->  Seq Scan on title t  (cost=0.00..61283.27 rows=2528527 width=4) (actual time=0.023..946.545 rows=2528312 loops=1)
Planning time: 1.108 ms
Execution time: 92826.740 ms
