Seq Scan on movie_companies mc  (cost=0.00..57926.93 rows=1009738 width=0) (actual time=412.745..1052.078 rows=1161359 loops=1)
  Filter: ((company_id > 784) AND (company_type_id = 2))
  Rows Removed by Filter: 1447770
Planning time: 22.035 ms
Execution time: 1197.269 ms
