Seq Scan on movie_keyword mk  (cost=0.00..81003.12 rows=246 width=0) (actual time=24.227..1133.059 rows=90 loops=1)
  Filter: (keyword_id = 18576)
  Rows Removed by Filter: 4523840
Planning time: 0.396 ms
Execution time: 1133.253 ms
