Hash Join  (cost=67976.49..913024.62 rows=149002 width=0) (actual time=1854.105..17818.606 rows=193718 loops=1)
  Hash Cond: (ci.movie_id = t.id)
  ->  Seq Scan on cast_info ci  (cost=0.00..796071.18 rows=12663183 width=4) (actual time=1006.635..13388.888 rows=14299597 loops=1)
        Filter: ((person_id < 1572160) AND (role_id < 8))
        Rows Removed by Filter: 21944747
  ->  Hash  (cost=67604.59..67604.59 rows=29752 width=4) (actual time=847.120..847.120 rows=30027 loops=1)
        Buckets: 32768  Batches: 1  Memory Usage: 1312kB
        ->  Seq Scan on title t  (cost=0.00..67604.59 rows=29752 width=4) (actual time=0.064..834.680 rows=30027 loops=1)
              Filter: (production_year = 1994)
              Rows Removed by Filter: 2498285
Planning time: 0.754 ms
Execution time: 17848.392 ms
