Hash Join  (cost=102767.86..219415.79 rows=1070819 width=0) (actual time=1766.208..4813.750 rows=1081303 loops=1)
  Hash Cond: (mk.movie_id = t.id)
  ->  Seq Scan on movie_keyword mk  (cost=0.00..81003.12 rows=1070819 width=4) (actual time=0.014..1325.834 rows=1081303 loops=1)
        Filter: (keyword_id < 1087)
        Rows Removed by Filter: 3442627
  ->  Hash  (cost=61283.27..61283.27 rows=2528527 width=4) (actual time=1765.346..1765.346 rows=2528312 loops=1)
        Buckets: 131072  Batches: 64  Memory Usage: 2425kB
        ->  Seq Scan on title t  (cost=0.00..61283.27 rows=2528527 width=4) (actual time=0.021..902.573 rows=2528312 loops=1)
Planning time: 1.614 ms
Execution time: 4940.055 ms
