Hash Join  (cost=81598.21..1184223.76 rows=6699539 width=0) (actual time=1274.603..32682.234 rows=7980582 loops=1)
  Hash Cond: (ci.movie_id = t.id)
  ->  Seq Scan on cast_info ci  (cost=0.00..614943.12 rows=36225612 width=4) (actual time=0.013..12011.571 rows=36244344 loops=1)
  ->  Hash  (cost=73925.90..73925.90 rows=467624 width=4) (actual time=1273.543..1273.543 rows=557493 loops=1)
        Buckets: 131072  Batches: 8  Memory Usage: 3486kB
        ->  Seq Scan on title t  (cost=0.00..73925.90 rows=467624 width=4) (actual time=0.034..1096.945 rows=557493 loops=1)
              Filter: ((kind_id < 7) AND (production_year < 2003))
              Rows Removed by Filter: 1970819
Planning time: 0.759 ms
Execution time: 33610.680 ms
