Hash Join  (cost=170694.20..302967.60 rows=843036 width=0) (actual time=3829.945..11802.599 rows=18433506 loops=1)
  Hash Cond: (mk.movie_id = t.id)
  ->  Seq Scan on movie_keyword mk  (cost=0.00..69693.30 rows=4523930 width=4) (actual time=0.018..1336.611 rows=4523930 loops=1)
  ->  Hash  (cost=162963.30..162963.30 rows=471192 width=8) (actual time=3828.766..3828.766 rows=614502 loops=1)
        Buckets: 131072  Batches: 8  Memory Usage: 4086kB
        ->  Hash Join  (cost=81417.85..162963.30 rows=471192 width=8) (actual time=1127.714..3659.994 rows=614502 loops=1)
              Hash Cond: (mc.movie_id = t.id)
              ->  Seq Scan on movie_companies mc  (cost=0.00..44881.29 rows=2609129 width=4) (actual time=0.012..736.798 rows=2609129 loops=1)
              ->  Hash  (cost=73925.90..73925.90 rows=456636 width=4) (actual time=1126.841..1126.841 rows=330279 loops=1)
                    Buckets: 131072  Batches: 8  Memory Usage: 2482kB
                    ->  Seq Scan on title t  (cost=0.00..73925.90 rows=456636 width=4) (actual time=188.453..1026.128 rows=330279 loops=1)
                          Filter: ((kind_id < 2) AND (production_year > 1991))
                          Rows Removed by Filter: 2198033
Planning time: 1.042 ms
Execution time: 13754.556 ms
