Hash Join  (cost=167092.38..206811.64 rows=118077 width=0) (actual time=3452.493..4165.139 rows=389745 loops=1)
  Hash Cond: (mi_idx.movie_id = t.id)
  ->  Seq Scan on movie_info_idx mi_idx  (cost=0.00..21735.35 rows=1380035 width=4) (actual time=0.020..371.160 rows=1380035 loops=1)
  ->  Hash  (cost=163542.10..163542.10 rows=216343 width=8) (actual time=3112.899..3112.899 rows=274342 loops=1)
        Buckets: 131072  Batches: 4  Memory Usage: 3692kB
        ->  Hash Join  (cost=92883.59..163542.10 rows=216343 width=8) (actual time=1585.681..3029.523 rows=274342 loops=1)
              Hash Cond: (mc.movie_id = t.id)
              ->  Seq Scan on movie_companies mc  (cost=0.00..57926.93 rows=355029 width=4) (actual time=0.015..845.853 rows=505264 loops=1)
                    Filter: ((company_id < 1374) AND (company_type_id < 2))
                    Rows Removed by Filter: 2103865
              ->  Hash  (cost=67604.59..67604.59 rows=1540800 width=4) (actual time=1584.846..1584.846 rows=1543264 loops=1)
                    Buckets: 131072  Batches: 32  Memory Usage: 2722kB
                    ->  Seq Scan on title t  (cost=0.00..67604.59 rows=1540800 width=4) (actual time=0.018..1090.998 rows=1543264 loops=1)
                          Filter: (kind_id = 7)
                          Rows Removed by Filter: 985048
Planning time: 1.168 ms
Execution time: 4212.403 ms
