Nested Loop  (cost=0.43..83072.29 rows=96 width=0) (actual time=57.824..1138.454 rows=7 loops=1)
  ->  Seq Scan on movie_keyword mk  (cost=0.00..81003.12 rows=246 width=4) (actual time=57.765..1137.910 rows=10 loops=1)
        Filter: (keyword_id = 2773)
        Rows Removed by Filter: 4523920
  ->  Index Scan using title_pkey on title t  (cost=0.43..8.40 rows=1 width=4) (actual time=0.047..0.048 rows=1 loops=10)
        Index Cond: (id = mk.movie_id)
        Filter: (kind_id < 7)
        Rows Removed by Filter: 0
Planning time: 0.797 ms
Execution time: 1138.576 ms
