Seq Scan on cast_info ci  (cost=0.00..796071.18 rows=4214586 width=0) (actual time=8322.643..13285.633 rows=8597683 loops=1)
  Filter: ((person_id < 1171341) AND (role_id = 1))
  Rows Removed by Filter: 27646661
Planning time: 0.406 ms
Execution time: 14385.495 ms
