Seq Scan on movie_companies mc  (cost=0.00..51404.11 rows=104 width=0) (actual time=348.956..773.955 rows=182 loops=1)
  Filter: (company_id = 76336)
  Rows Removed by Filter: 2608947
Planning time: 0.376 ms
Execution time: 774.080 ms
