Seq Scan on movie_companies mc  (cost=0.00..57926.93 rows=509060 width=0) (actual time=0.016..891.313 rows=302809 loops=1)
  Filter: ((company_id < 4712) AND (company_type_id > 1))
  Rows Removed by Filter: 2306320
Planning time: 0.319 ms
Execution time: 930.863 ms
