Hash Join  (cost=154216.51..280747.36 rows=371681 width=0) (actual time=2890.096..6441.860 rows=2422970 loops=1)
  Hash Cond: (mk.movie_id = t.id)
  ->  Seq Scan on movie_keyword mk  (cost=0.00..69693.30 rows=4523930 width=4) (actual time=0.014..1300.089 rows=4523930 loops=1)
  ->  Hash  (cost=150807.75..150807.75 rows=207741 width=8) (actual time=2888.990..2888.990 rows=302701 loops=1)
        Buckets: 131072  Batches: 4  Memory Usage: 3983kB
        ->  Hash Join  (cost=80408.18..150807.75 rows=207741 width=8) (actual time=1483.255..2794.319 rows=302701 loops=1)
              Hash Cond: (mc.movie_id = t.id)
              ->  Seq Scan on movie_companies mc  (cost=0.00..51404.11 rows=1329612 width=4) (actual time=313.876..905.413 rows=1334883 loops=1)
                    Filter: (company_type_id = 2)
                    Rows Removed by Filter: 1274246
              ->  Hash  (cost=73925.90..73925.90 rows=395062 width=4) (actual time=1168.570..1168.570 rows=335993 loops=1)
                    Buckets: 131072  Batches: 8  Memory Usage: 2492kB
                    ->  Seq Scan on title t  (cost=0.00..73925.90 rows=395062 width=4) (actual time=0.042..1062.883 rows=335993 loops=1)
                          Filter: ((kind_id < 7) AND (production_year > 2005))
                          Rows Removed by Filter: 2192319
Planning time: 1.071 ms
Execution time: 6735.520 ms
