Hash Join  (cost=102767.86..1069527.67 rows=6682993 width=0) (actual time=1774.048..22490.008 rows=7160466 loops=1)
  Hash Cond: (ci.movie_id = t.id)
  ->  Seq Scan on cast_info ci  (cost=0.00..796071.18 rows=6682993 width=4) (actual time=0.013..14653.769 rows=7160466 loops=1)
        Filter: ((person_id > 510935) AND (role_id > 6))
        Rows Removed by Filter: 29083878
  ->  Hash  (cost=61283.27..61283.27 rows=2528527 width=4) (actual time=1772.697..1772.697 rows=2528312 loops=1)
        Buckets: 131072  Batches: 64  Memory Usage: 2415kB
        ->  Seq Scan on title t  (cost=0.00..61283.27 rows=2528527 width=4) (actual time=0.013..922.648 rows=2528312 loops=1)
Planning time: 1.597 ms
Execution time: 23313.303 ms
