Hash Join  (cost=86907.34..172813.01 rows=38553 width=0) (actual time=1426.661..2824.556 rows=87237 loops=1)
  Hash Cond: (mk.movie_id = t.id)
  ->  Seq Scan on movie_keyword mk  (cost=0.00..81003.12 rows=123204 width=4) (actual time=0.034..1195.892 rows=120205 loops=1)
        Filter: (keyword_id > 78021)
        Rows Removed by Filter: 4403725
  ->  Hash  (cost=73925.90..73925.90 rows=791235 width=4) (actual time=1425.098..1425.098 rows=701949 loops=1)
        Buckets: 131072  Batches: 16  Memory Usage: 2575kB
        ->  Seq Scan on title t  (cost=0.00..73925.90 rows=791235 width=4) (actual time=0.018..1186.821 rows=701949 loops=1)
              Filter: ((kind_id < 7) AND (production_year > 1974))
              Rows Removed by Filter: 1826363
Planning time: 0.707 ms
Execution time: 2836.509 ms
