Hash Join  (cost=98137.04..842699.45 rows=1159692 width=0) (actual time=10468.365..13645.612 rows=1200591 loops=1)
  Hash Cond: (ci.movie_id = t.id)
  ->  Seq Scan on cast_info ci  (cost=0.00..705507.15 rows=1575668 width=4) (actual time=8689.622..10301.075 rows=1585891 loops=1)
        Filter: (person_id > 3748017)
        Rows Removed by Filter: 34658453
  ->  Hash  (cost=67604.59..67604.59 rows=1860996 width=4) (actual time=1777.361..1777.361 rows=1865487 loops=1)
        Buckets: 131072  Batches: 32  Memory Usage: 3079kB
        ->  Seq Scan on title t  (cost=0.00..67604.59 rows=1860996 width=4) (actual time=0.022..1175.310 rows=1865487 loops=1)
              Filter: (kind_id > 1)
              Rows Removed by Filter: 662825
Planning time: 0.674 ms
Execution time: 13775.682 ms
