Hash Join  (cost=688047.12..2247305.45 rows=41761062 width=0) (actual time=15365.637..52586.532 rows=29181486 loops=1)
  Hash Cond: (ci.movie_id = t.id)
  ->  Seq Scan on cast_info ci  (cost=0.00..705507.15 rows=23499554 width=4) (actual time=0.028..15008.473 rows=23573656 loops=1)
        Filter: (role_id > 1)
        Rows Removed by Filter: 12670688
  ->  Hash  (cost=614326.04..614326.04 rows=4493446 width=8) (actual time=15364.267..15364.267 rows=2256332 loops=1)
        Buckets: 131072  Batches: 64  Memory Usage: 2358kB
        ->  Hash Join  (cost=86573.65..614326.04 rows=4493446 width=8) (actual time=2082.469..14744.660 rows=2256332 loops=1)
              Hash Cond: (mi.movie_id = t.id)
              ->  Seq Scan on movie_info mi  (cost=0.00..309384.22 rows=14739122 width=4) (actual time=0.028..5155.839 rows=14835720 loops=1)
              ->  Hash  (cost=73925.90..73925.90 rows=770860 width=4) (actual time=1612.350..1612.350 rows=682281 loops=1)
                    Buckets: 131072  Batches: 16  Memory Usage: 2528kB
                    ->  Seq Scan on title t  (cost=0.00..73925.90 rows=770860 width=4) (actual time=0.022..1084.366 rows=682281 loops=1)
                          Filter: ((production_year < 2004) AND (kind_id = 7))
                          Rows Removed by Filter: 1846031
Planning time: 1.206 ms
Execution time: 55613.685 ms
