Hash Join  (cost=82581.58..154194.96 rows=277422 width=0) (actual time=1302.172..3121.117 rows=589979 loops=1)
  Hash Cond: (mc.movie_id = t.id)
  ->  Seq Scan on movie_companies mc  (cost=0.00..51404.11 rows=1329612 width=4) (actual time=0.053..905.463 rows=1334883 loops=1)
        Filter: (company_type_id = 2)
        Rows Removed by Filter: 1274246
  ->  Hash  (cost=73925.90..73925.90 rows=527574 width=4) (actual time=1301.258..1301.258 rows=609532 loops=1)
        Buckets: 131072  Batches: 8  Memory Usage: 3715kB
        ->  Seq Scan on title t  (cost=0.00..73925.90 rows=527574 width=4) (actual time=0.024..1109.273 rows=609532 loops=1)
              Filter: ((kind_id < 7) AND (production_year < 2005))
              Rows Removed by Filter: 1918780
Planning time: 0.752 ms
Execution time: 3189.947 ms
