Hash Join  (cost=853013.61..1399271.77 rows=6227823 width=0) (actual time=15491.073..32317.861 rows=16580245 loops=1)
  Hash Cond: (mi.movie_id = t.id)
  ->  Seq Scan on movie_info mi  (cost=0.00..309384.22 rows=14739122 width=4) (actual time=0.013..5697.246 rows=14835720 loops=1)
  ->  Hash  (cost=835484.66..835484.66 rows=1068396 width=8) (actual time=15490.167..15490.167 rows=1021171 loops=1)
        Buckets: 131072  Batches: 16  Memory Usage: 3521kB
        ->  Hash Join  (cost=83810.17..835484.66 rows=1068396 width=8) (actual time=2587.829..15203.468 rows=1021171 loops=1)
              Hash Cond: (ci.movie_id = t.id)
              ->  Seq Scan on cast_info ci  (cost=0.00..705507.15 rows=2735034 width=4) (actual time=1196.688..12041.968 rows=2728943 loops=1)
                    Filter: (role_id = 4)
                    Rows Removed by Filter: 33515401
              ->  Hash  (cost=67604.59..67604.59 rows=987727 width=4) (actual time=1390.127..1390.127 rows=985048 loops=1)
                    Buckets: 131072  Batches: 16  Memory Usage: 3188kB
                    ->  Seq Scan on title t  (cost=0.00..67604.59 rows=987727 width=4) (actual time=0.031..1076.670 rows=985048 loops=1)
                          Filter: (kind_id < 7)
                          Rows Removed by Filter: 1543264
Planning time: 1.148 ms
Execution time: 33989.123 ms
