Hash Join  (cost=325203.63..1055896.53 rows=20059614 width=0) (actual time=8434.261..71689.129 rows=214736359 loops=1)
  Hash Cond: (mi.movie_id = t.id)
  ->  Seq Scan on movie_info mi  (cost=0.00..309384.22 rows=14739122 width=4) (actual time=0.018..6050.627 rows=14835720 loops=1)
  ->  Hash  (cost=268744.77..268744.77 rows=3441269 width=8) (actual time=8431.193..8431.193 rows=4024094 loops=1)
        Buckets: 131072  Batches: 64  Memory Usage: 3570kB
        ->  Hash Join  (cost=99161.12..268744.77 rows=3441269 width=8) (actual time=1894.050..7215.390 rows=4024094 loops=1)
              Hash Cond: (mk.movie_id = t.id)
              ->  Seq Scan on movie_keyword mk  (cost=0.00..69693.30 rows=4523930 width=4) (actual time=0.020..1359.743 rows=4523930 loops=1)
              ->  Hash  (cost=67604.59..67604.59 rows=1923403 width=4) (actual time=1893.070..1893.070 rows=1922849 loops=1)
                    Buckets: 131072  Batches: 32  Memory Usage: 3141kB
                    ->  Seq Scan on title t  (cost=0.00..67604.59 rows=1923403 width=4) (actual time=0.013..1266.934 rows=1922849 loops=1)
                          Filter: (production_year < 2010)
                          Rows Removed by Filter: 605463
Planning time: 1.140 ms
Execution time: 95940.663 ms
