Hash Join  (cost=75199.97..143463.55 rows=25939 width=0) (actual time=1231.744..2179.013 rows=1468 loops=1)
  Hash Cond: (mc.movie_id = t.id)
  ->  Seq Scan on movie_companies mc  (cost=0.00..57926.93 rows=845135 width=4) (actual time=207.601..914.975 rows=649182 loops=1)
        Filter: ((company_id > 2640) AND (company_type_id < 2))
        Rows Removed by Filter: 1959947
  ->  Hash  (cost=73925.90..73925.90 rows=77605 width=4) (actual time=1022.146..1022.146 rows=84684 loops=1)
        Buckets: 131072  Batches: 2  Memory Usage: 2512kB
        ->  Seq Scan on title t  (cost=0.00..73925.90 rows=77605 width=4) (actual time=30.339..993.428 rows=84684 loops=1)
              Filter: ((kind_id = 7) AND (production_year = 2009))
              Rows Removed by Filter: 2443628
Planning time: 0.725 ms
Execution time: 2179.323 ms
