Seq Scan on title t  (cost=0.00..73925.90 rows=744344 width=0) (actual time=0.026..1156.917 rows=796638 loops=1)
  Filter: ((kind_id > 1) AND (production_year > 2005))
  Rows Removed by Filter: 1731674
Planning time: 1.796 ms
Execution time: 1259.580 ms
