Hash Join  (cost=74121.73..130594.27 rows=8238 width=0) (actual time=1109.679..2098.886 rows=11949 loops=1)
  Hash Cond: (mc.movie_id = t.id)
  ->  Seq Scan on movie_companies mc  (cost=0.00..51404.11 rows=1329612 width=4) (actual time=120.863..856.835 rows=1334883 loops=1)
        Filter: (company_type_id = 2)
        Rows Removed by Filter: 1274246
  ->  Hash  (cost=73925.90..73925.90 rows=15666 width=4) (actual time=988.569..988.569 rows=10437 loops=1)
        Buckets: 16384  Batches: 1  Memory Usage: 495kB
        ->  Seq Scan on title t  (cost=0.00..73925.90 rows=15666 width=4) (actual time=0.142..983.438 rows=10437 loops=1)
              Filter: ((kind_id < 3) AND (production_year = 2000))
              Rows Removed by Filter: 2517875
Planning time: 1.872 ms
Execution time: 2100.937 ms
