Seq Scan on movie_keyword mk  (cost=0.00..81003.12 rows=3302910 width=0) (actual time=0.026..1561.072 rows=3293757 loops=1)
  Filter: (keyword_id < 14742)
  Rows Removed by Filter: 1230173
Planning time: 0.315 ms
Execution time: 1979.964 ms
