Hash Join  (cost=175027.18..319580.90 rows=1434045 width=0) (actual time=3811.171..8921.380 rows=6159110 loops=1)
  Hash Cond: (mk.movie_id = t.id)
  ->  Seq Scan on movie_keyword mk  (cost=0.00..81003.12 rows=3945371 width=4) (actual time=0.023..1706.874 rows=3938540 loops=1)
        Filter: (keyword_id > 414)
        Rows Removed by Filter: 585390
  ->  Hash  (cost=159947.97..159947.97 rows=919057 width=8) (actual time=3810.261..3810.261 rows=920110 loops=1)
        Buckets: 131072  Batches: 16  Memory Usage: 3283kB
        ->  Hash Join  (cost=102767.86..159947.97 rows=919057 width=8) (actual time=1819.999..3533.012 rows=920110 loops=1)
              Hash Cond: (mi_idx.movie_id = t.id)
              ->  Seq Scan on movie_info_idx mi_idx  (cost=0.00..25185.44 rows=919057 width=4) (actual time=0.017..530.591 rows=920110 loops=1)
                    Filter: (info_type_id > 99)
                    Rows Removed by Filter: 459925
              ->  Hash  (cost=61283.27..61283.27 rows=2528527 width=4) (actual time=1818.719..1818.719 rows=2528312 loops=1)
                    Buckets: 131072  Batches: 64  Memory Usage: 2415kB
                    ->  Seq Scan on title t  (cost=0.00..61283.27 rows=2528527 width=4) (actual time=0.024..971.367 rows=2528312 loops=1)
Planning time: 1.110 ms
Execution time: 9606.735 ms
