Seq Scan on movie_keyword mk  (cost=0.00..81003.12 rows=246 width=0) (actual time=0.182..1106.727 rows=3721 loops=1)
  Filter: (keyword_id = 3664)
  Rows Removed by Filter: 4520209
Planning time: 0.347 ms
Execution time: 1107.673 ms
