Hash Join  (cost=102767.86..243187.30 rows=2058727 width=0) (actual time=1900.304..4852.543 rows=2060413 loops=1)
  Hash Cond: (mk.movie_id = t.id)
  ->  Seq Scan on movie_keyword mk  (cost=0.00..81003.12 rows=2058727 width=4) (actual time=0.026..1233.875 rows=2060413 loops=1)
        Filter: (keyword_id > 5911)
        Rows Removed by Filter: 2463517
  ->  Hash  (cost=61283.27..61283.27 rows=2528527 width=4) (actual time=1897.975..1897.975 rows=2528312 loops=1)
        Buckets: 131072  Batches: 64  Memory Usage: 2425kB
        ->  Seq Scan on title t  (cost=0.00..61283.27 rows=2528527 width=4) (actual time=0.010..992.903 rows=2528312 loops=1)
Planning time: 0.726 ms
Execution time: 5081.133 ms
