Hash Join  (cost=75323.62..113813.98 rows=46488 width=0) (actual time=1120.452..2013.479 rows=125036 loops=1)
  Hash Cond: (mi_idx.movie_id = t.id)
  ->  Seq Scan on movie_info_idx mi_idx  (cost=0.00..21735.35 rows=1380035 width=4) (actual time=0.020..349.222 rows=1380035 loops=1)
  ->  Hash  (cost=73925.90..73925.90 rows=85177 width=4) (actual time=1119.628..1119.628 rows=199092 loops=1)
        Buckets: 131072 (originally 131072)  Batches: 4 (originally 2)  Memory Usage: 3073kB
        ->  Seq Scan on title t  (cost=0.00..73925.90 rows=85177 width=4) (actual time=0.018..1032.708 rows=199092 loops=1)
              Filter: ((kind_id < 4) AND (production_year < 1961))
              Rows Removed by Filter: 2329220
Planning time: 0.774 ms
Execution time: 2028.140 ms
