Seq Scan on movie_keyword mk  (cost=0.00..81003.12 rows=2256791 width=0) (actual time=0.021..1359.150 rows=2254135 loops=1)
  Filter: (keyword_id > 4754)
  Rows Removed by Filter: 2269795
Planning time: 0.351 ms
Execution time: 1643.818 ms
