Hash Join  (cost=83810.17..178367.51 rows=992267 width=0) (actual time=1307.669..4218.093 rows=1823643 loops=1)
  Hash Cond: (mc.movie_id = t.id)
  ->  Seq Scan on movie_companies mc  (cost=0.00..51404.11 rows=2540148 width=4) (actual time=0.023..1002.112 rows=2540951 loops=1)
        Filter: (company_id < 178054)
        Rows Removed by Filter: 68178
  ->  Hash  (cost=67604.59..67604.59 rows=987727 width=4) (actual time=1306.562..1306.562 rows=985048 loops=1)
        Buckets: 131072  Batches: 16  Memory Usage: 3188kB
        ->  Seq Scan on title t  (cost=0.00..67604.59 rows=987727 width=4) (actual time=0.030..978.532 rows=985048 loops=1)
              Filter: (kind_id < 7)
              Rows Removed by Filter: 1543264
Planning time: 0.647 ms
Execution time: 4434.326 ms
