Seq Scan on movie_companies mc  (cost=0.00..57926.93 rows=53 width=0) (actual time=5.949..492.157 rows=81 loops=1)
  Filter: ((company_type_id > 1) AND (company_id = 18544))
  Rows Removed by Filter: 2609048
Planning time: 0.356 ms
Execution time: 492.287 ms
