Hash Join  (cost=136641.91..889896.85 rows=246578 width=0) (actual time=2152.135..17745.770 rows=471777 loops=1)
  Hash Cond: (ci.movie_id = t.id)
  ->  Seq Scan on cast_info ci  (cost=0.00..614943.12 rows=36225612 width=4) (actual time=0.024..7326.153 rows=36244344 loops=1)
  ->  Hash  (cost=136426.77..136426.77 rows=17211 width=8) (actual time=2151.818..2151.818 rows=17808 loops=1)
        Buckets: 32768  Batches: 1  Memory Usage: 952kB
        ->  Hash Join  (cost=74452.28..136426.77 rows=17211 width=8) (actual time=1085.992..2145.292 rows=17808 loops=1)
              Hash Cond: (mc.movie_id = t.id)
              ->  Seq Scan on movie_companies mc  (cost=0.00..57926.93 rows=1033452 width=4) (actual time=0.015..888.153 rows=746542 loops=1)
                    Filter: ((company_id < 70864) AND (company_type_id > 1))
                    Rows Removed by Filter: 1862587
              ->  Hash  (cost=73925.90..73925.90 rows=42110 width=4) (actual time=1084.390..1084.390 rows=33905 loops=1)
                    Buckets: 65536  Batches: 1  Memory Usage: 1704kB
                    ->  Seq Scan on title t  (cost=0.00..73925.90 rows=42110 width=4) (actual time=0.073..1069.858 rows=33905 loops=1)
                          Filter: ((kind_id < 7) AND (production_year = 2006))
                          Rows Removed by Filter: 2494407
Planning time: 1.191 ms
Execution time: 17821.263 ms
