Seq Scan on cast_info ci  (cost=0.00..705507.15 rows=19693664 width=0) (actual time=0.041..11718.174 rows=19578633 loops=1)
  Filter: (person_id < 1961489)
  Rows Removed by Filter: 16665711
Planning time: 0.337 ms
Execution time: 14175.405 ms
