Seq Scan on cast_info ci  (cost=0.00..796071.18 rows=435 width=0) (actual time=1035.548..13635.748 rows=447 loops=1)
  Filter: ((role_id < 10) AND (person_id = 976066))
  Rows Removed by Filter: 36243897
Planning time: 0.344 ms
Execution time: 13635.935 ms
