Hash Join  (cost=83074.05..139276.82 rows=47 width=0) (actual time=1774.103..2231.954 rows=76 loops=1)
  Hash Cond: (mc.movie_id = t.id)
  ->  Seq Scan on movie_companies mc  (cost=0.00..51404.11 rows=1279517 width=4) (actual time=0.018..886.499 rows=1274246 loops=1)
        Filter: (company_type_id = 1)
        Rows Removed by Filter: 1334883
  ->  Hash  (cost=83072.90..83072.90 rows=92 width=8) (actual time=1171.259..1171.259 rows=55 loops=1)
        Buckets: 1024  Batches: 1  Memory Usage: 11kB
        ->  Nested Loop  (cost=0.43..83072.90 rows=92 width=8) (actual time=723.589..1171.193 rows=55 loops=1)
              ->  Seq Scan on movie_keyword mk  (cost=0.00..81003.12 rows=246 width=4) (actual time=0.109..1131.803 rows=1307 loops=1)
                    Filter: (keyword_id = 128)
                    Rows Removed by Filter: 4522623
              ->  Index Scan using title_pkey on title t  (cost=0.43..8.40 rows=1 width=4) (actual time=0.029..0.029 rows=0 loops=1307)
                    Index Cond: (id = mk.movie_id)
                    Filter: ((production_year < 2007) AND (kind_id = 7))
                    Rows Removed by Filter: 1
Planning time: 0.942 ms
Execution time: 2235.074 ms
