Seq Scan on movie_companies mc  (cost=0.00..57926.93 rows=388764 width=0) (actual time=21.065..765.201 rows=224446 loops=1)
  Filter: ((company_id < 1507) AND (company_type_id = 2))
  Rows Removed by Filter: 2384683
Planning time: 0.360 ms
Execution time: 794.113 ms
