Seq Scan on cast_info ci  (cost=0.00..796071.18 rows=14771298 width=0) (actual time=0.014..15759.128 rows=12881112 loops=1)
  Filter: ((person_id < 3465286) AND (role_id > 2))
  Rows Removed by Filter: 23363232
Planning time: 0.339 ms
Execution time: 17399.253 ms
