Hash Join  (cost=74438.43..161830.06 rows=73359 width=0) (actual time=1139.976..2907.177 rows=9005 loops=1)
  Hash Cond: (mk.movie_id = t.id)
  ->  Seq Scan on movie_keyword mk  (cost=0.00..69693.30 rows=4523930 width=4) (actual time=0.011..899.455 rows=4523930 loops=1)
  ->  Hash  (cost=73925.90..73925.90 rows=41002 width=4) (actual time=1119.070..1119.070 rows=40409 loops=1)
        Buckets: 65536  Batches: 1  Memory Usage: 1933kB
        ->  Seq Scan on title t  (cost=0.00..73925.90 rows=41002 width=4) (actual time=0.019..1102.199 rows=40409 loops=1)
              Filter: ((kind_id > 4) AND (production_year > 2012))
              Rows Removed by Filter: 2487903
Planning time: 0.678 ms
Execution time: 2908.689 ms
