Hash Join  (cost=305151.33..986670.46 rows=15451040 width=0) (actual time=7131.042..46678.640 rows=128420879 loops=1)
  Hash Cond: (mi.movie_id = t.id)
  ->  Seq Scan on movie_info mi  (cost=0.00..309384.22 rows=14739122 width=4) (actual time=0.015..5408.991 rows=14835720 loops=1)
  ->  Hash  (cost=261663.10..261663.10 rows=2650658 width=8) (actual time=7129.171..7129.171 rows=2219042 loops=1)
        Buckets: 131072  Batches: 64  Memory Usage: 2456kB
        ->  Hash Join  (cost=93408.25..261663.10 rows=2650658 width=8) (actual time=1694.325..6188.964 rows=2219042 loops=1)
              Hash Cond: (mk.movie_id = t.id)
              ->  Seq Scan on movie_keyword mk  (cost=0.00..81003.12 rows=4261429 width=4) (actual time=0.026..1749.667 rows=4243816 loops=1)
                    Filter: (keyword_id > 231)
                    Rows Removed by Filter: 280114
              ->  Hash  (cost=67604.59..67604.59 rows=1572773 width=4) (actual time=1693.329..1693.329 rows=1570568 loops=1)
                    Buckets: 131072  Batches: 32  Memory Usage: 2759kB
                    ->  Seq Scan on title t  (cost=0.00..67604.59 rows=1572773 width=4) (actual time=0.023..1159.731 rows=1570568 loops=1)
                          Filter: (production_year > 1996)
                          Rows Removed by Filter: 957744
Planning time: 1.104 ms
Execution time: 59327.825 ms
