Hash Join  (cost=172417.20..1020239.51 rows=2079235 width=0) (actual time=3919.737..20477.330 rows=1526187 loops=1)
  Hash Cond: (ci.movie_id = t.id)
  ->  Seq Scan on cast_info ci  (cost=0.00..705507.15 rows=10338083 width=4) (actual time=178.755..11581.568 rows=10345482 loops=1)
        Filter: (person_id > 2676180)
        Rows Removed by Filter: 25898862
  ->  Hash  (cost=164073.36..164073.36 rows=508547 width=8) (actual time=3739.655..3739.655 rows=302787 loops=1)
        Buckets: 131072  Batches: 8  Memory Usage: 2499kB
        ->  Hash Join  (cost=82012.37..164073.36 rows=508547 width=8) (actual time=1236.962..3629.304 rows=302787 loops=1)
              Hash Cond: (mc.movie_id = t.id)
              ->  Seq Scan on movie_companies mc  (cost=0.00..44881.29 rows=2609129 width=4) (actual time=0.019..801.797 rows=2609129 loops=1)
              ->  Hash  (cost=73925.90..73925.90 rows=492837 width=4) (actual time=1117.762..1117.762 rows=379345 loops=1)
                    Buckets: 131072  Batches: 8  Memory Usage: 2677kB
                    ->  Seq Scan on title t  (cost=0.00..73925.90 rows=492837 width=4) (actual time=0.037..998.888 rows=379345 loops=1)
                          Filter: ((production_year < 1995) AND (kind_id = 7))
                          Rows Removed by Filter: 2148967
Planning time: 1.135 ms
Execution time: 20659.043 ms
