Nested Loop  (cost=0.43..52284.21 rows=11 width=0) (actual time=245.041..804.585 rows=8 loops=1)
  ->  Seq Scan on movie_companies mc  (cost=0.00..51404.11 rows=104 width=4) (actual time=5.739..792.353 rows=573 loops=1)
        Filter: (company_id = 11456)
        Rows Removed by Filter: 2608556
  ->  Index Scan using title_pkey on title t  (cost=0.43..8.45 rows=1 width=4) (actual time=0.021..0.021 rows=0 loops=573)
        Index Cond: (id = mc.movie_id)
        Filter: ((kind_id < 7) AND (production_year > 2008))
        Rows Removed by Filter: 1
Planning time: 0.756 ms
Execution time: 804.685 ms
