Hash Join  (cost=285835.90..925556.30 rows=13260359 width=0) (actual time=6806.396..39527.340 rows=98081940 loops=1)
  Hash Cond: (mi.movie_id = t.id)
  ->  Seq Scan on movie_info mi  (cost=0.00..309384.22 rows=14739122 width=4) (actual time=0.020..5049.424 rows=14835720 loops=1)
  ->  Hash  (cost=248513.37..248513.37 rows=2274842 width=8) (actual time=6805.195..6805.195 rows=1788126 loops=1)
        Buckets: 131072  Batches: 32  Memory Usage: 3366kB
        ->  Hash Join  (cost=89299.55..248513.37 rows=2274842 width=8) (actual time=1669.573..6334.817 rows=1788126 loops=1)
              Hash Cond: (mk.movie_id = t.id)
              ->  Seq Scan on movie_keyword mk  (cost=0.00..81003.12 rows=4349940 width=4) (actual time=0.015..1739.903 rows=4354814 loops=1)
                    Filter: (keyword_id < 72175)
                    Rows Removed by Filter: 169116
              ->  Hash  (cost=67604.59..67604.59 rows=1322317 width=4) (actual time=1667.389..1667.389 rows=1322863 loops=1)
                    Buckets: 131072  Batches: 32  Memory Usage: 2489kB
                    ->  Seq Scan on title t  (cost=0.00..67604.59 rows=1322317 width=4) (actual time=0.010..1218.309 rows=1322863 loops=1)
                          Filter: (production_year > 2001)
                          Rows Removed by Filter: 1205449
Planning time: 1.154 ms
Execution time: 50086.321 ms
