Hash Join  (cost=199155.39..746674.17 rows=6345986 width=0) (actual time=4440.094..18718.899 rows=7347347 loops=1)
  Hash Cond: (mi.movie_id = t.id)
  ->  Seq Scan on movie_info mi  (cost=0.00..309384.22 rows=14739122 width=4) (actual time=0.019..5297.753 rows=14835720 loops=1)
  ->  Hash  (cost=181294.05..181294.05 rows=1088667 width=8) (actual time=4439.212..4439.212 rows=711477 loops=1)
        Buckets: 131072  Batches: 16  Memory Usage: 2739kB
        ->  Hash Join  (cost=91235.85..181294.05 rows=1088667 width=8) (actual time=1638.389..4237.398 rows=711477 loops=1)
              Hash Cond: (mc.movie_id = t.id)
              ->  Seq Scan on movie_companies mc  (cost=0.00..44881.29 rows=2609129 width=4) (actual time=0.013..788.054 rows=2609129 loops=1)
              ->  Hash  (cost=73925.90..73925.90 rows=1055036 width=4) (actual time=1637.491..1637.491 rows=1152351 loops=1)
                    Buckets: 131072  Batches: 16  Memory Usage: 3561kB
                    ->  Seq Scan on title t  (cost=0.00..73925.90 rows=1055036 width=4) (actual time=0.013..1282.099 rows=1152351 loops=1)
                          Filter: ((kind_id > 1) AND (production_year > 1999))
                          Rows Removed by Filter: 1375961
Planning time: 1.136 ms
Execution time: 19552.318 ms
