Hash Join  (cost=711045.32..2007718.53 rows=27644302 width=0) (actual time=17718.081..62908.395 rows=94208244 loops=1)
  Hash Cond: (ci.movie_id = t.id)
  ->  Seq Scan on cast_info ci  (cost=0.00..796071.18 rows=11217801 width=4) (actual time=2792.870..15659.701 rows=12670688 loops=1)
        Filter: ((person_id < 3266042) AND (role_id = 1))
        Rows Removed by Filter: 23573656
  ->  Hash  (cost=608815.44..608815.44 rows=6231111 width=8) (actual time=14923.963..14923.963 rows=6223494 loops=1)
        Buckets: 131072  Batches: 128  Memory Usage: 2920kB
        ->  Hash Join  (cost=102767.86..608815.44 rows=6231111 width=8) (actual time=1817.255..12833.613 rows=6223494 loops=1)
              Hash Cond: (mi.movie_id = t.id)
              ->  Seq Scan on movie_info mi  (cost=0.00..346232.03 rows=6231111 width=4) (actual time=0.030..5517.994 rows=6223494 loops=1)
                    Filter: (info_type_id > 8)
                    Rows Removed by Filter: 8612226
              ->  Hash  (cost=61283.27..61283.27 rows=2528527 width=4) (actual time=1815.572..1815.572 rows=2528312 loops=1)
                    Buckets: 131072  Batches: 64  Memory Usage: 2425kB
                    ->  Seq Scan on title t  (cost=0.00..61283.27 rows=2528527 width=4) (actual time=0.019..960.477 rows=2528312 loops=1)
Planning time: 1.154 ms
Execution time: 73448.931 ms
