Hash Join  (cost=102767.86..1191146.27 rows=15501001 width=0) (actual time=1969.852..27647.333 rows=15621924 loops=1)
  Hash Cond: (ci.movie_id = t.id)
  ->  Seq Scan on cast_info ci  (cost=0.00..705507.15 rows=15501001 width=4) (actual time=0.014..13397.783 rows=15621924 loops=1)
        Filter: (person_id > 2075626)
        Rows Removed by Filter: 20622420
  ->  Hash  (cost=61283.27..61283.27 rows=2528527 width=4) (actual time=1968.071..1968.071 rows=2528312 loops=1)
        Buckets: 131072  Batches: 64  Memory Usage: 2415kB
        ->  Seq Scan on title t  (cost=0.00..61283.27 rows=2528527 width=4) (actual time=0.015..1131.743 rows=2528312 loops=1)
Planning time: 0.612 ms
Execution time: 29298.765 ms
