Hash Join  (cost=100944.53..851877.82 rows=14409 width=0) (actual time=1610.485..16756.534 rows=34545 loops=1)
  Hash Cond: (ci.movie_id = t.id)
  ->  Seq Scan on cast_info ci  (cost=0.00..614943.12 rows=36225612 width=4) (actual time=0.015..7633.462 rows=36244344 loops=1)
  ->  Hash  (cost=100931.95..100931.95 rows=1006 width=8) (actual time=1609.789..1609.789 rows=1555 loops=1)
        Buckets: 2048 (originally 1024)  Batches: 1 (originally 1)  Memory Usage: 77kB
        ->  Hash Join  (cost=73994.33..100931.95 rows=1006 width=8) (actual time=1117.384..1609.074 rows=1555 loops=1)
              Hash Cond: (mi_idx.movie_id = t.id)
              ->  Seq Scan on movie_info_idx mi_idx  (cost=0.00..25185.44 rows=464566 width=4) (actual time=0.026..399.361 rows=459925 loops=1)
                    Filter: (info_type_id = 101)
                    Rows Removed by Filter: 920110
              ->  Hash  (cost=73925.90..73925.90 rows=5474 width=4) (actual time=1116.967..1116.967 rows=9567 loops=1)
                    Buckets: 16384 (originally 8192)  Batches: 1 (originally 1)  Memory Usage: 465kB
                    ->  Seq Scan on title t  (cost=0.00..73925.90 rows=5474 width=4) (actual time=0.145..1112.152 rows=9567 loops=1)
                          Filter: ((kind_id > 1) AND (production_year = 1974))
                          Rows Removed by Filter: 2518745
Planning time: 1.785 ms
Execution time: 16763.884 ms
