Hash Join  (cost=196218.90..1302980.57 rows=7102145 width=0) (actual time=4096.215..47261.137 rows=63079592 loops=1)
  Hash Cond: (ci.movie_id = t.id)
  ->  Seq Scan on cast_info ci  (cost=0.00..614943.12 rows=36225612 width=4) (actual time=0.022..11961.592 rows=36244344 loops=1)
  ->  Hash  (cost=188085.33..188085.33 rows=495726 width=8) (actual time=4095.046..4095.046 rows=1085841 loops=1)
        Buckets: 131072 (originally 131072)  Batches: 16 (originally 8)  Memory Usage: 3738kB
        ->  Hash Join  (cost=80042.24..188085.33 rows=495726 width=8) (actual time=1184.040..3760.066 rows=1085841 loops=1)
              Hash Cond: (mk.movie_id = t.id)
              ->  Seq Scan on movie_keyword mk  (cost=0.00..81003.12 rows=1653522 width=4) (actual time=0.032..1375.410 rows=1661883 loops=1)
                    Filter: (keyword_id > 8791)
                    Rows Removed by Filter: 2862047
              ->  Hash  (cost=67604.59..67604.59 rows=758052 width=4) (actual time=1182.629..1182.629 rows=753677 loops=1)
                    Buckets: 131072  Batches: 16  Memory Usage: 2686kB
                    ->  Seq Scan on title t  (cost=0.00..67604.59 rows=758052 width=4) (actual time=0.013..954.105 rows=753677 loops=1)
                          Filter: (kind_id < 3)
                          Rows Removed by Filter: 1774635
Planning time: 1.110 ms
Execution time: 53949.228 ms
