Seq Scan on cast_info ci  (cost=0.00..705507.15 rows=32200304 width=0) (actual time=0.025..11551.406 rows=32185434 loops=1)
  Filter: (person_id < 3312428)
  Rows Removed by Filter: 4058910
Planning time: 0.291 ms
Execution time: 15375.650 ms
