Hash Join  (cost=201215.09..1230037.92 rows=1337049 width=0) (actual time=3658.976..26738.961 rows=1541282 loops=1)
  Hash Cond: (ci.movie_id = t.id)
  ->  Seq Scan on cast_info ci  (cost=0.00..705507.15 rows=24148047 width=4) (actual time=0.011..13642.816 rows=24252258 loops=1)
        Filter: (person_id > 1180255)
        Rows Removed by Filter: 11992086
  ->  Hash  (cost=198918.08..198918.08 rows=140001 width=8) (actual time=3657.765..3657.765 rows=46194 loops=1)
        Buckets: 131072  Batches: 2  Memory Usage: 1921kB
        ->  Hash Join  (cost=75210.03..198918.08 rows=140001 width=8) (actual time=1088.054..3641.271 rows=46194 loops=1)
              Hash Cond: (mk.movie_id = t.id)
              ->  Seq Scan on movie_keyword mk  (cost=0.00..69693.30 rows=4523930 width=4) (actual time=0.011..1205.324 rows=4523930 loops=1)
              ->  Hash  (cost=73925.90..73925.90 rows=78250 width=4) (actual time=1057.993..1057.993 rows=85111 loops=1)
                    Buckets: 131072  Batches: 2  Memory Usage: 2526kB
                    ->  Seq Scan on title t  (cost=0.00..73925.90 rows=78250 width=4) (actual time=0.026..1024.258 rows=85111 loops=1)
                          Filter: ((kind_id > 4) AND (production_year = 2009))
                          Rows Removed by Filter: 2443201
Planning time: 1.119 ms
Execution time: 26900.092 ms
