Hash Join  (cost=74330.09..130696.02 rows=16363 width=0) (actual time=1113.973..1927.276 rows=32829 loops=1)
  Hash Cond: (mc.movie_id = t.id)
  ->  Seq Scan on movie_companies mc  (cost=0.00..51404.11 rows=1279517 width=4) (actual time=239.964..774.630 rows=1274246 loops=1)
        Filter: (company_type_id = 1)
        Rows Removed by Filter: 1334883
  ->  Hash  (cost=73925.90..73925.90 rows=32335 width=4) (actual time=873.726..873.726 rows=29827 loops=1)
        Buckets: 32768  Batches: 1  Memory Usage: 1305kB
        ->  Seq Scan on title t  (cost=0.00..73925.90 rows=32335 width=4) (actual time=0.037..862.315 rows=29827 loops=1)
              Filter: ((production_year > 2006) AND (kind_id = 2))
              Rows Removed by Filter: 2498485
Planning time: 0.724 ms
Execution time: 1931.886 ms
