Hash Join  (cost=83074.74..143380.92 rows=231 width=0) (actual time=1213.678..2472.509 rows=60 loops=1)
  Hash Cond: (mc.movie_id = t.id)
  ->  Seq Scan on movie_companies mc  (cost=0.00..51404.11 rows=2373267 width=4) (actual time=0.015..947.927 rows=2371209 loops=1)
        Filter: (company_id < 103572)
        Rows Removed by Filter: 237920
  ->  Hash  (cost=83071.67..83071.67 rows=246 width=8) (actual time=1203.333..1203.333 rows=3 loops=1)
        Buckets: 1024  Batches: 1  Memory Usage: 9kB
        ->  Nested Loop  (cost=0.43..83071.67 rows=246 width=8) (actual time=488.496..1203.323 rows=3 loops=1)
              ->  Seq Scan on movie_keyword mk  (cost=0.00..81003.12 rows=246 width=4) (actual time=488.401..1203.109 rows=3 loops=1)
                    Filter: (keyword_id = 73307)
                    Rows Removed by Filter: 4523927
              ->  Index Only Scan using title_pkey on title t  (cost=0.43..8.40 rows=1 width=4) (actual time=0.058..0.058 rows=1 loops=3)
                    Index Cond: (id = mk.movie_id)
                    Heap Fetches: 3
Planning time: 1.117 ms
Execution time: 2472.625 ms
