Seq Scan on movie_companies mc  (cost=0.00..57926.93 rows=943802 width=0) (actual time=0.025..951.097 rows=1242974 loops=1)
  Filter: ((company_id < 47035) AND (company_type_id < 2))
  Rows Removed by Filter: 1366155
Planning time: 0.324 ms
Execution time: 1096.190 ms
