Nested Loop  (cost=44377.22..150575.15 rows=5514 width=0) (actual time=887.601..2751.330 rows=20246 loops=1)
  ->  Hash Join  (cost=44376.79..132919.26 rows=30032 width=8) (actual time=887.536..2481.020 rows=20246 loops=1)
        Hash Cond: (mk.movie_id = mi_idx.movie_id)
        ->  Seq Scan on movie_keyword mk  (cost=0.00..81003.12 rows=10103 width=4) (actual time=0.079..1363.837 rows=10544 loops=1)
              Filter: (keyword_id = 398)
              Rows Removed by Filter: 4513386
        ->  Hash  (cost=21735.35..21735.35 rows=1380035 width=4) (actual time=879.013..879.013 rows=1380035 loops=1)
              Buckets: 131072  Batches: 32  Memory Usage: 2556kB
              ->  Seq Scan on movie_info_idx mi_idx  (cost=0.00..21735.35 rows=1380035 width=4) (actual time=0.014..437.535 rows=1380035 loops=1)
  ->  Index Only Scan using title_pkey on title t  (cost=0.43..0.58 rows=1 width=4) (actual time=0.013..0.013 rows=1 loops=20246)
        Index Cond: (id = mi_idx.movie_id)
        Heap Fetches: 20246
Planning time: 0.994 ms
Execution time: 2755.226 ms
