Hash Join  (cost=799707.63..826620.48 rows=237 width=0) (actual time=11627.003..12080.409 rows=12 loops=1)
  Hash Cond: (mi_idx.movie_id = t.id)
  ->  Seq Scan on movie_info_idx mi_idx  (cost=0.00..21735.35 rows=1380035 width=4) (actual time=0.015..267.199 rows=1380035 loops=1)
  ->  Hash  (cost=799702.19..799702.19 rows=435 width=8) (actual time=11564.209..11564.209 rows=5 loops=1)
        Buckets: 1024  Batches: 1  Memory Usage: 9kB
        ->  Nested Loop  (cost=0.43..799702.19 rows=435 width=8) (actual time=8064.993..11564.192 rows=5 loops=1)
              ->  Seq Scan on cast_info ci  (cost=0.00..796071.18 rows=435 width=4) (actual time=8064.874..11563.967 rows=5 loops=1)
                    Filter: ((role_id < 10) AND (person_id = 2883318))
                    Rows Removed by Filter: 36244339
              ->  Index Only Scan using title_pkey on title t  (cost=0.43..8.34 rows=1 width=4) (actual time=0.035..0.036 rows=1 loops=5)
                    Index Cond: (id = ci.movie_id)
                    Heap Fetches: 5
Planning time: 1.102 ms
Execution time: 12080.561 ms
