Hash Join  (cost=102767.86..962073.87 rows=2217405 width=0) (actual time=4316.493..14800.447 rows=1336441 loops=1)
  Hash Cond: (ci.movie_id = t.id)
  ->  Seq Scan on cast_info ci  (cost=0.00..796071.18 rows=2217405 width=4) (actual time=2469.370..10854.674 rows=1336441 loops=1)
        Filter: ((person_id < 469803) AND (role_id > 2))
        Rows Removed by Filter: 34907903
  ->  Hash  (cost=61283.27..61283.27 rows=2528527 width=4) (actual time=1845.966..1845.966 rows=2528312 loops=1)
        Buckets: 131072  Batches: 64  Memory Usage: 2415kB
        ->  Seq Scan on title t  (cost=0.00..61283.27 rows=2528527 width=4) (actual time=0.023..983.957 rows=2528312 loops=1)
Planning time: 0.732 ms
Execution time: 14963.228 ms
