Hash Join  (cost=74427.74..101557.34 rows=21912 width=0) (actual time=1056.415..1664.042 rows=18303 loops=1)
  Hash Cond: (mi_idx.movie_id = t.id)
  ->  Seq Scan on movie_info_idx mi_idx  (cost=0.00..21735.35 rows=1380035 width=4) (actual time=0.017..271.157 rows=1380035 loops=1)
  ->  Hash  (cost=73925.90..73925.90 rows=40147 width=4) (actual time=1056.050..1056.050 rows=47124 loops=1)
        Buckets: 65536  Batches: 1  Memory Usage: 2169kB
        ->  Seq Scan on title t  (cost=0.00..73925.90 rows=40147 width=4) (actual time=0.016..1036.517 rows=47124 loops=1)
              Filter: ((kind_id > 3) AND (production_year = 2002))
              Rows Removed by Filter: 2481188
Planning time: 7.984 ms
Execution time: 1666.810 ms
