Hash Join  (cost=52284.99..818553.68 rows=666 width=0) (actual time=2269.572..16516.369 rows=9468 loops=1)
  Hash Cond: (ci.movie_id = t.id)
  ->  Seq Scan on cast_info ci  (cost=0.00..705507.15 rows=16201301 width=4) (actual time=1463.332..13160.988 rows=16121683 loops=1)
        Filter: (role_id > 2)
        Rows Removed by Filter: 20122661
  ->  Hash  (cost=52283.69..52283.69 rows=104 width=8) (actual time=776.867..776.867 rows=1923 loops=1)
        Buckets: 2048 (originally 1024)  Batches: 1 (originally 1)  Memory Usage: 92kB
        ->  Nested Loop  (cost=0.43..52283.69 rows=104 width=8) (actual time=71.327..775.998 rows=1923 loops=1)
              ->  Seq Scan on movie_companies mc  (cost=0.00..51404.11 rows=104 width=4) (actual time=71.176..752.560 rows=1923 loops=1)
                    Filter: (company_id = 43863)
                    Rows Removed by Filter: 2607206
              ->  Index Only Scan using title_pkey on title t  (cost=0.43..8.45 rows=1 width=4) (actual time=0.011..0.012 rows=1 loops=1923)
                    Index Cond: (id = mc.movie_id)
                    Heap Fetches: 1923
Planning time: 1.105 ms
Execution time: 16518.165 ms
