Hash Join  (cost=74210.29..101244.94 rows=12417 width=0) (actual time=1131.755..1686.750 rows=25587 loops=1)
  Hash Cond: (mi_idx.movie_id = t.id)
  ->  Seq Scan on movie_info_idx mi_idx  (cost=0.00..21735.35 rows=1380035 width=4) (actual time=0.019..253.475 rows=1380035 loops=1)
  ->  Hash  (cost=73925.90..73925.90 rows=22751 width=4) (actual time=1131.245..1131.245 rows=18892 loops=1)
        Buckets: 32768  Batches: 1  Memory Usage: 921kB
        ->  Seq Scan on title t  (cost=0.00..73925.90 rows=22751 width=4) (actual time=0.935..1123.137 rows=18892 loops=1)
              Filter: ((kind_id < 7) AND (production_year = 2001))
              Rows Removed by Filter: 2509420
Planning time: 0.693 ms
Execution time: 1690.545 ms
