Hash Join  (cost=719034.50..2105684.44 rows=36999875 width=0) (actual time=14839.555..43551.757 rows=25956400 loops=1)
  Hash Cond: (ci.movie_id = t.id)
  ->  Seq Scan on cast_info ci  (cost=0.00..705507.15 rows=16201301 width=4) (actual time=0.014..13553.057 rows=16121683 loops=1)
        Filter: (role_id > 2)
        Rows Removed by Filter: 20122661
  ->  Hash  (cost=624295.65..624295.65 rows=5774548 width=8) (actual time=14837.484..14837.484 rows=1950840 loops=1)
        Buckets: 131072  Batches: 128  Memory Usage: 1591kB
        ->  Hash Join  (cost=92883.59..624295.65 rows=5774548 width=8) (actual time=2754.546..14270.511 rows=1950840 loops=1)
              Hash Cond: (mi.movie_id = t.id)
              ->  Seq Scan on movie_info mi  (cost=0.00..346232.03 rows=9476311 width=4) (actual time=0.024..5574.768 rows=9565151 loops=1)
                    Filter: (info_type_id < 16)
                    Rows Removed by Filter: 5270569
              ->  Hash  (cost=67604.59..67604.59 rows=1540800 width=4) (actual time=2185.683..2185.683 rows=1543264 loops=1)
                    Buckets: 131072  Batches: 32  Memory Usage: 2728kB
                    ->  Seq Scan on title t  (cost=0.00..67604.59 rows=1540800 width=4) (actual time=0.201..1044.812 rows=1543264 loops=1)
                          Filter: (kind_id = 7)
                          Rows Removed by Filter: 985048
Planning time: 1.158 ms
Execution time: 46659.626 ms
