Hash Join  (cost=83074.74..140268.48 rows=150 width=0) (actual time=1251.805..2021.020 rows=6807 loops=1)
  Hash Cond: (mc.movie_id = t.id)
  ->  Seq Scan on movie_companies mc  (cost=0.00..51404.11 rows=1543499 width=4) (actual time=0.019..605.027 rows=1532255 loops=1)
        Filter: (company_id < 14423)
        Rows Removed by Filter: 1076874
  ->  Hash  (cost=83071.67..83071.67 rows=246 width=8) (actual time=1245.970..1245.970 rows=1690 loops=1)
        Buckets: 2048 (originally 1024)  Batches: 1 (originally 1)  Memory Usage: 83kB
        ->  Nested Loop  (cost=0.43..83071.67 rows=246 width=8) (actual time=0.294..1244.799 rows=1690 loops=1)
              ->  Seq Scan on movie_keyword mk  (cost=0.00..81003.12 rows=246 width=4) (actual time=0.242..1206.440 rows=1690 loops=1)
                    Filter: (keyword_id = 842)
                    Rows Removed by Filter: 4522240
              ->  Index Only Scan using title_pkey on title t  (cost=0.43..8.40 rows=1 width=4) (actual time=0.021..0.022 rows=1 loops=1690)
                    Index Cond: (id = mk.movie_id)
                    Heap Fetches: 1690
Planning time: 1.053 ms
Execution time: 2021.770 ms
