Seq Scan on movie_keyword mk  (cost=0.00..81003.12 rows=3289285 width=0) (actual time=0.018..1327.545 rows=3276937 loops=1)
  Filter: (keyword_id < 14484)
  Rows Removed by Filter: 1246993
Planning time: 0.203 ms
Execution time: 1739.549 ms
