Hash Join  (cost=250548.97..1663736.33 rows=32523418 width=0) (actual time=5915.870..59513.744 rows=71677437 loops=1)
  Hash Cond: (ci.movie_id = t.id)
  ->  Seq Scan on cast_info ci  (cost=0.00..614943.12 rows=36225612 width=4) (actual time=0.014..12061.747 rows=36244344 loops=1)
  ->  Hash  (cost=213304.52..213304.52 rows=2270116 width=8) (actual time=5914.821..5914.821 rows=2072758 loops=1)
        Buckets: 131072  Batches: 32  Memory Usage: 3514kB
        ->  Hash Join  (cost=103698.42..213304.52 rows=2270116 width=8) (actual time=2204.326..5295.195 rows=2072758 loops=1)
              Hash Cond: (mc.movie_id = t.id)
              ->  Seq Scan on movie_companies mc  (cost=0.00..44881.29 rows=2609129 width=4) (actual time=0.036..769.391 rows=2609129 loops=1)
              ->  Hash  (cost=67604.59..67604.59 rows=2199987 width=4) (actual time=2203.025..2203.025 rows=2192624 loops=1)
                    Buckets: 131072  Batches: 32  Memory Usage: 3436kB
                    ->  Seq Scan on title t  (cost=0.00..67604.59 rows=2199987 width=4) (actual time=0.013..1168.951 rows=2192624 loops=1)
                          Filter: (production_year > 1961)
                          Rows Removed by Filter: 335688
Planning time: 1.081 ms
Execution time: 67476.142 ms
