Seq Scan on movie_keyword mk  (cost=0.00..81003.12 rows=3329056 width=0) (actual time=0.019..1382.589 rows=3320059 loops=1)
  Filter: (keyword_id < 15253)
  Rows Removed by Filter: 1203871
Planning time: 0.278 ms
Execution time: 1810.380 ms
