Hash Join  (cost=211469.99..372565.87 rows=2510305 width=0) (actual time=5089.629..13405.892 rows=23127603 loops=1)
  Hash Cond: (mk.movie_id = t.id)
  ->  Seq Scan on movie_keyword mk  (cost=0.00..81003.12 rows=4251388 width=4) (actual time=0.009..1742.116 rows=4230445 loops=1)
        Filter: (keyword_id > 236)
        Rows Removed by Filter: 293485
  ->  Hash  (cost=186974.34..186974.34 rows=1493012 width=8) (actual time=5088.521..5088.521 rows=1754914 loops=1)
        Buckets: 131072  Batches: 32  Memory Usage: 3186kB
        ->  Hash Join  (cost=91342.70..186974.34 rows=1493012 width=8) (actual time=1593.640..4549.796 rows=1754914 loops=1)
              Hash Cond: (mc.movie_id = t.id)
              ->  Seq Scan on movie_companies mc  (cost=0.00..44881.29 rows=2609129 width=4) (actual time=0.026..819.043 rows=2609129 loops=1)
              ->  Hash  (cost=67604.59..67604.59 rows=1446889 width=4) (actual time=1592.626..1592.626 rows=1443298 loops=1)
                    Buckets: 131072  Batches: 32  Memory Usage: 2608kB
                    ->  Seq Scan on title t  (cost=0.00..67604.59 rows=1446889 width=4) (actual time=0.023..1128.123 rows=1443298 loops=1)
                          Filter: (production_year < 2006)
                          Rows Removed by Filter: 1085014
Planning time: 0.708 ms
Execution time: 15729.402 ms
