Hash Join  (cost=67697.55..94640.16 rows=1367 width=144) (actual time=1288.534..1673.368 rows=1762 loops=1)
  Hash Cond: (mi_idx.movie_id = t.id)
  ->  Seq Scan on movie_info_idx mi_idx  (cost=0.00..25185.44 rows=464934 width=50) (actual time=0.030..299.987 rows=460185 loops=1)
        Filter: (info_type_id > 100)
        Rows Removed by Filter: 919850
  ->  Hash  (cost=67604.59..67604.59 rows=7437 width=94) (actual time=1287.696..1287.696 rows=8007 loops=1)
        Buckets: 8192  Batches: 1  Memory Usage: 981kB
        ->  Seq Scan on title t  (cost=0.00..67604.59 rows=7437 width=94) (actual time=1.792..1282.441 rows=8007 loops=1)
              Filter: (production_year = 1955)
              Rows Removed by Filter: 2520305
Planning time: 1.017 ms
Execution time: 1673.600 ms
