Seq Scan on movie_companies mc  (cost=0.00..57926.93 rows=926427 width=0) (actual time=406.897..989.866 rows=774472 loops=1)
  Filter: ((company_id > 1344) AND (company_type_id < 2))
  Rows Removed by Filter: 1834657
Planning time: 0.283 ms
Execution time: 1083.853 ms
