Hash Join  (cost=451619.08..1349318.05 rows=1864330 width=0) (actual time=7370.674..28624.100 rows=4989118 loops=1)
  Hash Cond: (ci.movie_id = t.id)
  ->  Seq Scan on cast_info ci  (cost=0.00..705507.15 rows=14902544 width=4) (actual time=0.011..12102.033 rows=15067334 loops=1)
        Filter: (person_id > 2139530)
        Rows Removed by Filter: 21177010
  ->  Hash  (cost=446429.05..446429.05 rows=316322 width=8) (actual time=7369.927..7369.927 rows=633102 loops=1)
        Buckets: 131072 (originally 131072)  Batches: 16 (originally 8)  Memory Usage: 3073kB
        ->  Hash Join  (cost=83810.17..446429.05 rows=316322 width=8) (actual time=2448.988..7168.655 rows=633102 loops=1)
              Hash Cond: (mi.movie_id = t.id)
              ->  Seq Scan on movie_info mi  (cost=0.00..346232.03 rows=809768 width=4) (actual time=916.366..4840.773 rows=802140 loops=1)
                    Filter: (info_type_id < 2)
                    Rows Removed by Filter: 14033580
              ->  Hash  (cost=67604.59..67604.59 rows=987727 width=4) (actual time=1531.827..1531.827 rows=985048 loops=1)
                    Buckets: 131072  Batches: 16  Memory Usage: 3197kB
                    ->  Seq Scan on title t  (cost=0.00..67604.59 rows=987727 width=4) (actual time=0.038..966.013 rows=985048 loops=1)
                          Filter: (kind_id < 7)
                          Rows Removed by Filter: 1543264
Planning time: 1.084 ms
Execution time: 29232.563 ms
