Seq Scan on title t  (cost=0.00..73925.90 rows=64936 width=0) (actual time=189.415..1036.592 rows=91220 loops=1)
  Filter: ((production_year > 1999) AND (kind_id = 4))
  Rows Removed by Filter: 2437092
Planning time: 0.387 ms
Execution time: 1048.377 ms
