Hash Join  (cost=461804.96..586923.23 rows=255724 width=0) (actual time=7098.002..10204.085 rows=2465002 loops=1)
  Hash Cond: (mk.movie_id = t.id)
  ->  Seq Scan on movie_keyword mk  (cost=0.00..69693.30 rows=4523930 width=4) (actual time=0.030..1260.762 rows=4523930 loops=1)
  ->  Hash  (cost=459459.33..459459.33 rows=142930 width=8) (actual time=7097.076..7097.076 rows=133343 loops=1)
        Buckets: 131072  Batches: 2  Memory Usage: 3621kB
        ->  Hash Join  (cost=75859.28..459459.33 rows=142930 width=8) (actual time=4349.020..7049.708 rows=133343 loops=1)
              Hash Cond: (mi.movie_id = t.id)
              ->  Seq Scan on movie_info mi  (cost=0.00..346232.03 rows=3068194 width=4) (actual time=3360.418..4867.021 rows=3036719 loops=1)
                    Filter: (info_type_id = 16)
                    Rows Removed by Filter: 11799001
              ->  Hash  (cost=73925.90..73925.90 rows=117790 width=4) (actual time=987.868..987.868 rows=112195 loops=1)
                    Buckets: 131072  Batches: 2  Memory Usage: 3000kB
                    ->  Seq Scan on title t  (cost=0.00..73925.90 rows=117790 width=4) (actual time=0.028..941.482 rows=112195 loops=1)
                          Filter: ((kind_id < 3) AND (production_year > 2010))
                          Rows Removed by Filter: 2416117
Planning time: 1.425 ms
Execution time: 10476.557 ms
