Hash Join  (cost=96729.52..152770.82 rows=968877 width=0) (actual time=1768.529..3376.620 rows=927541 loops=1)
  Hash Cond: (mi_idx.movie_id = t.id)
  ->  Seq Scan on movie_info_idx mi_idx  (cost=0.00..21735.35 rows=1380035 width=4) (actual time=0.017..390.610 rows=1380035 loops=1)
  ->  Hash  (cost=67604.59..67604.59 rows=1775195 width=4) (actual time=1767.782..1767.782 rows=1772072 loops=1)
        Buckets: 131072  Batches: 32  Memory Usage: 2976kB
        ->  Seq Scan on title t  (cost=0.00..67604.59 rows=1775195 width=4) (actual time=0.024..1194.852 rows=1772072 loops=1)
              Filter: (production_year > 1989)
              Rows Removed by Filter: 756240
Planning time: 0.676 ms
Execution time: 3489.984 ms
