Seq Scan on title t  (cost=0.00..67604.59 rows=7437 width=0) (actual time=638.169..872.519 rows=1799 loops=1)
  Filter: (production_year = 1902)
  Rows Removed by Filter: 2526513
Planning time: 0.379 ms
Execution time: 872.975 ms
