Hash Join  (cost=58375.58..809167.75 rows=301 width=0) (actual time=723.143..15727.757 rows=799 loops=1)
  Hash Cond: (ci.movie_id = t.id)
  ->  Seq Scan on cast_info ci  (cost=0.00..614943.12 rows=36225612 width=4) (actual time=0.025..8097.323 rows=36244344 loops=1)
  ->  Hash  (cost=58375.31..58375.31 rows=21 width=8) (actual time=708.144..708.144 rows=22 loops=1)
        Buckets: 1024  Batches: 1  Memory Usage: 9kB
        ->  Nested Loop  (cost=0.43..58375.31 rows=21 width=8) (actual time=80.177..708.117 rows=22 loops=1)
              ->  Seq Scan on movie_companies mc  (cost=0.00..57926.93 rows=53 width=4) (actual time=80.121..707.244 rows=22 loops=1)
                    Filter: ((company_id = 88957) AND (company_type_id = 2))
                    Rows Removed by Filter: 2609107
              ->  Index Scan using title_pkey on title t  (cost=0.43..8.45 rows=1 width=4) (actual time=0.036..0.036 rows=1 loops=22)
                    Index Cond: (id = mc.movie_id)
                    Filter: (kind_id < 7)
Planning time: 1.083 ms
Execution time: 15728.491 ms
