Hash Join  (cost=214747.55..707317.64 rows=1924993 width=0) (actual time=6586.890..34744.912 rows=67379722 loops=1)
  Hash Cond: (mi.movie_id = t.id)
  ->  Seq Scan on movie_info mi  (cost=0.00..346232.03 rows=9767026 width=4) (actual time=0.022..6352.489 rows=9911754 loops=1)
        Filter: (info_type_id > 4)
        Rows Removed by Filter: 4923966
  ->  Hash  (cost=206571.18..206571.18 rows=498350 width=8) (actual time=6581.057..6581.057 rows=1600655 loops=1)
        Buckets: 131072 (originally 131072)  Batches: 32 (originally 8)  Memory Usage: 3073kB
        ->  Hash Join  (cost=78496.64..206571.18 rows=498350 width=8) (actual time=1871.379..5529.337 rows=1600655 loops=1)
              Hash Cond: (mk.movie_id = t.id)
              ->  Seq Scan on movie_keyword mk  (cost=0.00..69693.30 rows=4523930 width=4) (actual time=0.021..1263.727 rows=4523930 loops=1)
              ->  Hash  (cost=73925.90..73925.90 rows=278539 width=4) (actual time=1870.332..1870.332 rows=392019 loops=1)
                    Buckets: 131072 (originally 131072)  Batches: 8 (originally 4)  Memory Usage: 3073kB
                    ->  Seq Scan on title t  (cost=0.00..73925.90 rows=278539 width=4) (actual time=0.019..1007.893 rows=392019 loops=1)
                          Filter: ((kind_id < 7) AND (production_year < 1991))
                          Rows Removed by Filter: 2136293
Planning time: 1.100 ms
Execution time: 42420.222 ms
