Seq Scan on movie_companies mc  (cost=0.00..57926.93 rows=903048 width=0) (actual time=0.044..932.169 rows=1091127 loops=1)
  Filter: ((company_id > 2090) AND (company_type_id > 1))
  Rows Removed by Filter: 1518002
Planning time: 0.351 ms
Execution time: 1065.302 ms
