Hash Join  (cost=76352.87..153506.71 rows=152632 width=0) (actual time=901.750..2595.721 rows=60071 loops=1)
  Hash Cond: (mc.movie_id = t.id)
  ->  Seq Scan on movie_companies mc  (cost=0.00..44881.29 rows=2609129 width=4) (actual time=0.021..766.777 rows=2609129 loops=1)
  ->  Hash  (cost=73925.90..73925.90 rows=147917 width=4) (actual time=899.362..899.362 rows=46427 loops=1)
        Buckets: 131072  Batches: 2  Memory Usage: 1840kB
        ->  Seq Scan on title t  (cost=0.00..73925.90 rows=147917 width=4) (actual time=0.035..882.981 rows=46427 loops=1)
              Filter: ((production_year < 1960) AND (kind_id = 7))
              Rows Removed by Filter: 2481885
Planning time: 0.717 ms
Execution time: 2603.643 ms
