Hash Join  (cost=74093.07..439528.53 rows=77953 width=0) (actual time=1186.970..8235.568 rows=117453 loops=1)
  Hash Cond: (mi.movie_id = t.id)
  ->  Seq Scan on movie_info mi  (cost=0.00..309384.22 rows=14739122 width=4) (actual time=0.012..3923.402 rows=14835720 loops=1)
  ->  Hash  (cost=73925.90..73925.90 rows=13373 width=4) (actual time=1186.674..1186.674 rows=7578 loops=1)
        Buckets: 16384  Batches: 1  Memory Usage: 395kB
        ->  Seq Scan on title t  (cost=0.00..73925.90 rows=13373 width=4) (actual time=0.015..1183.335 rows=7578 loops=1)
              Filter: ((kind_id = 1) AND (production_year = 1999))
              Rows Removed by Filter: 2520734
Planning time: 0.783 ms
Execution time: 8254.466 ms
