Hash Join  (cost=78556.72..216392.26 rows=1007927 width=0) (actual time=1667.948..5058.806 rows=2409973 loops=1)
  Hash Cond: (mk.movie_id = t.id)
  ->  Seq Scan on movie_keyword mk  (cost=0.00..81003.12 rows=3817905 width=4) (actual time=0.014..1578.381 rows=3811596 loops=1)
        Filter: (keyword_id < 26511)
        Rows Removed by Filter: 712334
  ->  Hash  (cost=67604.59..67604.59 rows=667531 width=4) (actual time=1190.109..1190.109 rows=662825 loops=1)
        Buckets: 131072  Batches: 16  Memory Usage: 2486kB
        ->  Seq Scan on title t  (cost=0.00..67604.59 rows=667531 width=4) (actual time=254.813..981.357 rows=662825 loops=1)
              Filter: (kind_id = 1)
              Rows Removed by Filter: 1865487
Planning time: 0.738 ms
Execution time: 5329.259 ms
