Hash Join  (cost=52284.46..79195.17 rows=22 width=0) (actual time=966.406..1515.492 rows=24 loops=1)
  Hash Cond: (mi_idx.movie_id = t.id)
  ->  Seq Scan on movie_info_idx mi_idx  (cost=0.00..21735.35 rows=1380035 width=4) (actual time=0.018..339.801 rows=1380035 loops=1)
  ->  Hash  (cost=52283.95..52283.95 rows=41 width=8) (actual time=920.327..920.327 rows=10 loops=1)
        Buckets: 1024  Batches: 1  Memory Usage: 9kB
        ->  Nested Loop  (cost=0.43..52283.95 rows=41 width=8) (actual time=316.106..920.305 rows=10 loops=1)
              ->  Seq Scan on movie_companies mc  (cost=0.00..51404.11 rows=104 width=4) (actual time=315.252..919.071 rows=10 loops=1)
                    Filter: (company_id = 103202)
                    Rows Removed by Filter: 2609119
              ->  Index Scan using title_pkey on title t  (cost=0.43..8.45 rows=1 width=4) (actual time=0.118..0.119 rows=1 loops=10)
                    Index Cond: (id = mc.movie_id)
                    Filter: (kind_id < 7)
Planning time: 1.261 ms
Execution time: 1515.673 ms
