Hash Join  (cost=83074.74..109986.57 rows=134 width=0) (actual time=1095.397..1612.132 rows=2979 loops=1)
  Hash Cond: (mi_idx.movie_id = t.id)
  ->  Seq Scan on movie_info_idx mi_idx  (cost=0.00..21735.35 rows=1380035 width=4) (actual time=0.021..251.813 rows=1380035 loops=1)
  ->  Hash  (cost=83071.67..83071.67 rows=246 width=8) (actual time=1093.571..1093.571 rows=1042 loops=1)
        Buckets: 2048 (originally 1024)  Batches: 1 (originally 1)  Memory Usage: 57kB
        ->  Nested Loop  (cost=0.43..83071.67 rows=246 width=8) (actual time=0.944..1092.870 rows=1042 loops=1)
              ->  Seq Scan on movie_keyword mk  (cost=0.00..81003.12 rows=246 width=4) (actual time=0.881..1070.285 rows=1042 loops=1)
                    Filter: (keyword_id = 6933)
                    Rows Removed by Filter: 4522888
              ->  Index Only Scan using title_pkey on title t  (cost=0.43..8.40 rows=1 width=4) (actual time=0.020..0.021 rows=1 loops=1042)
                    Index Cond: (id = mk.movie_id)
                    Heap Fetches: 1042
Planning time: 1.097 ms
Execution time: 1612.780 ms
