Seq Scan on cast_info ci  (cost=0.00..796071.18 rows=176 width=0) (actual time=908.346..12454.505 rows=3179 loops=1)
  Filter: ((role_id < 2) AND (person_id = 257757))
  Rows Removed by Filter: 36241165
Planning time: 0.381 ms
Execution time: 12455.047 ms
