Hash Join  (cost=156209.36..229459.41 rows=182162 width=0) (actual time=3507.549..4983.004 rows=555243 loops=1)
  Hash Cond: (mc.movie_id = t.id)
  ->  Seq Scan on movie_companies mc  (cost=0.00..57926.93 rows=1014266 width=4) (actual time=353.634..1174.295 rows=875065 loops=1)
        Filter: ((company_id > 530) AND (company_type_id < 2))
        Rows Removed by Filter: 1734064
  ->  Hash  (cost=148758.81..148758.81 rows=454124 width=8) (actual time=3153.102..3153.102 rows=459925 loops=1)
        Buckets: 131072  Batches: 8  Memory Usage: 3275kB
        ->  Hash Join  (cost=102767.86..148758.81 rows=454124 width=8) (actual time=1764.373..3020.602 rows=459925 loops=1)
              Hash Cond: (mi_idx.movie_id = t.id)
              ->  Seq Scan on movie_info_idx mi_idx  (cost=0.00..25185.44 rows=454124 width=4) (actual time=0.041..503.506 rows=459925 loops=1)
                    Filter: (info_type_id = 100)
                    Rows Removed by Filter: 920110
              ->  Hash  (cost=61283.27..61283.27 rows=2528527 width=4) (actual time=1762.458..1762.458 rows=2528312 loops=1)
                    Buckets: 131072  Batches: 64  Memory Usage: 2415kB
                    ->  Seq Scan on title t  (cost=0.00..61283.27 rows=2528527 width=4) (actual time=0.020..933.751 rows=2528312 loops=1)
Planning time: 0.752 ms
Execution time: 5053.832 ms
