Hash Join  (cost=150729.99..951648.58 rows=38647 width=0) (actual time=4044.609..17153.465 rows=44104 loops=1)
  Hash Cond: (ci.movie_id = t.id)
  ->  Seq Scan on cast_info ci  (cost=0.00..796071.18 rows=257319 width=4) (actual time=668.413..13650.381 rows=87097 loops=1)
        Filter: ((person_id < 2749312) AND (role_id > 10))
        Rows Removed by Filter: 36157247
  ->  Hash  (cost=144498.95..144498.95 rows=379763 width=8) (actual time=3375.165..3375.165 rows=416275 loops=1)
        Buckets: 131072  Batches: 8  Memory Usage: 3063kB
        ->  Hash Join  (cost=101489.21..144498.95 rows=379763 width=8) (actual time=2037.656..3240.885 rows=416275 loops=1)
              Hash Cond: (mi_idx.movie_id = t.id)
              ->  Seq Scan on movie_info_idx mi_idx  (cost=0.00..25185.44 rows=464934 width=4) (actual time=0.020..432.543 rows=460185 loops=1)
                    Filter: (info_type_id > 100)
                    Rows Removed by Filter: 919850
              ->  Hash  (cost=67604.59..67604.59 rows=2065330 width=4) (actual time=2036.171..2036.171 rows=2064552 loops=1)
                    Buckets: 131072  Batches: 32  Memory Usage: 3289kB
                    ->  Seq Scan on title t  (cost=0.00..67604.59 rows=2065330 width=4) (actual time=0.022..1157.246 rows=2064552 loops=1)
                          Filter: (production_year < 2011)
                          Rows Removed by Filter: 463760
Planning time: 0.764 ms
Execution time: 17159.723 ms
