Hash Join  (cost=52284.99..803089.06 rows=1490 width=0) (actual time=779.779..15985.460 rows=4587 loops=1)
  Hash Cond: (ci.movie_id = t.id)
  ->  Seq Scan on cast_info ci  (cost=0.00..614943.12 rows=36225612 width=4) (actual time=0.023..8276.608 rows=36244344 loops=1)
  ->  Hash  (cost=52283.69..52283.69 rows=104 width=8) (actual time=710.079..710.079 rows=165 loops=1)
        Buckets: 1024  Batches: 1  Memory Usage: 15kB
        ->  Nested Loop  (cost=0.43..52283.69 rows=104 width=8) (actual time=145.508..709.969 rows=165 loops=1)
              ->  Seq Scan on movie_companies mc  (cost=0.00..51404.11 rows=104 width=4) (actual time=145.399..704.329 rows=165 loops=1)
                    Filter: (company_id = 33010)
                    Rows Removed by Filter: 2608964
              ->  Index Only Scan using title_pkey on title t  (cost=0.43..8.45 rows=1 width=4) (actual time=0.032..0.033 rows=1 loops=165)
                    Index Cond: (id = mc.movie_id)
                    Heap Fetches: 165
Planning time: 1.140 ms
Execution time: 15987.148 ms
