Hash Join  (cost=83074.74..961831.59 rows=2145 width=0) (actual time=3673.309..21280.362 rows=12076 loops=1)
  Hash Cond: (ci.movie_id = t.id)
  ->  Seq Scan on cast_info ci  (cost=0.00..796071.18 rows=22043791 width=4) (actual time=2437.931..16828.699 rows=21812779 loops=1)
        Filter: ((person_id > 283262) AND (role_id < 4))
        Rows Removed by Filter: 14431565
  ->  Hash  (cost=83071.67..83071.67 rows=246 width=8) (actual time=1234.798..1234.798 rows=521 loops=1)
        Buckets: 1024  Batches: 1  Memory Usage: 29kB
        ->  Nested Loop  (cost=0.43..83071.67 rows=246 width=8) (actual time=5.460..1234.342 rows=521 loops=1)
              ->  Seq Scan on movie_keyword mk  (cost=0.00..81003.12 rows=246 width=4) (actual time=5.360..1215.172 rows=521 loops=1)
                    Filter: (keyword_id = 1700)
                    Rows Removed by Filter: 4523409
              ->  Index Only Scan using title_pkey on title t  (cost=0.43..8.40 rows=1 width=4) (actual time=0.034..0.035 rows=1 loops=521)
                    Index Cond: (id = mk.movie_id)
                    Heap Fetches: 521
Planning time: 1.197 ms
Execution time: 21284.132 ms
