Hash Join  (cost=189632.99..321672.77 rows=1216307 width=0) (actual time=4948.510..13264.687 rows=22698494 loops=1)
  Hash Cond: (mk.movie_id = t.id)
  ->  Seq Scan on movie_keyword mk  (cost=0.00..81003.12 rows=3017489 width=4) (actual time=0.028..1679.454 rows=3003274 loops=1)
        Filter: (keyword_id > 2199)
        Rows Removed by Filter: 1520656
  ->  Hash  (cost=172910.83..172910.83 rows=1019213 width=8) (actual time=4946.711..4946.711 rows=1891821 loops=1)
        Buckets: 131072 (originally 131072)  Batches: 32 (originally 16)  Memory Usage: 3402kB
        ->  Hash Join  (cost=83810.17..172910.83 rows=1019213 width=8) (actual time=1459.925..4344.249 rows=1891821 loops=1)
              Hash Cond: (mc.movie_id = t.id)
              ->  Seq Scan on movie_companies mc  (cost=0.00..44881.29 rows=2609129 width=4) (actual time=0.021..826.292 rows=2609129 loops=1)
              ->  Hash  (cost=67604.59..67604.59 rows=987727 width=4) (actual time=1458.878..1458.878 rows=985048 loops=1)
                    Buckets: 131072  Batches: 16  Memory Usage: 3188kB
                    ->  Seq Scan on title t  (cost=0.00..67604.59 rows=987727 width=4) (actual time=0.025..1157.592 rows=985048 loops=1)
                          Filter: (kind_id < 7)
                          Rows Removed by Filter: 1543264
Planning time: 1.092 ms
Execution time: 15776.570 ms
