Hash Join  (cost=102767.86..1163493.37 rows=14351776 width=0) (actual time=1801.907..26971.372 rows=14506570 loops=1)
  Hash Cond: (ci.movie_id = t.id)
  ->  Seq Scan on cast_info ci  (cost=0.00..705507.15 rows=14351776 width=4) (actual time=0.025..12556.059 rows=14506570 loops=1)
        Filter: (person_id > 2209190)
        Rows Removed by Filter: 21737774
  ->  Hash  (cost=61283.27..61283.27 rows=2528527 width=4) (actual time=1800.558..1800.558 rows=2528312 loops=1)
        Buckets: 131072  Batches: 64  Memory Usage: 2415kB
        ->  Seq Scan on title t  (cost=0.00..61283.27 rows=2528527 width=4) (actual time=0.016..977.653 rows=2528312 loops=1)
Planning time: 0.718 ms
Execution time: 28699.794 ms
