Hash Join  (cost=74175.98..439998.09 rows=116618 width=0) (actual time=1015.670..8736.219 rows=211942 loops=1)
  Hash Cond: (mi.movie_id = t.id)
  ->  Seq Scan on movie_info mi  (cost=0.00..309384.22 rows=14739122 width=4) (actual time=0.017..4098.506 rows=14835720 loops=1)
  ->  Hash  (cost=73925.90..73925.90 rows=20006 width=4) (actual time=1015.416..1015.416 rows=24331 loops=1)
        Buckets: 32768  Batches: 1  Memory Usage: 1112kB
        ->  Seq Scan on title t  (cost=0.00..73925.90 rows=20006 width=4) (actual time=0.239..1005.250 rows=24331 loops=1)
              Filter: ((kind_id < 3) AND (production_year > 2012))
              Rows Removed by Filter: 2503981
Planning time: 0.797 ms
Execution time: 8768.002 ms
