Hash Join  (cost=93633.68..142575.04 rows=655588 width=0) (actual time=1477.912..2888.437 rows=419355 loops=1)
  Hash Cond: (mi_idx.movie_id = t.id)
  ->  Seq Scan on movie_info_idx mi_idx  (cost=0.00..21735.35 rows=1380035 width=4) (actual time=0.013..438.672 rows=1380035 loops=1)
  ->  Hash  (cost=73925.90..73925.90 rows=1201182 width=4) (actual time=1477.208..1477.208 rows=1325344 loops=1)
        Buckets: 131072  Batches: 16  Memory Usage: 3950kB
        ->  Seq Scan on title t  (cost=0.00..73925.90 rows=1201182 width=4) (actual time=0.010..1089.067 rows=1325344 loops=1)
              Filter: ((kind_id > 3) AND (production_year > 1987))
              Rows Removed by Filter: 1202968
Planning time: 0.547 ms
Execution time: 2939.637 ms
