Seq Scan on movie_companies mc  (cost=0.00..57926.93 rows=51 width=0) (actual time=4.927..875.870 rows=18 loops=1)
  Filter: ((company_type_id < 2) AND (company_id = 21587))
  Rows Removed by Filter: 2609111
Planning time: 0.419 ms
Execution time: 875.987 ms
