Hash Join  (cost=101819.29..185332.51 rows=2815 width=0) (actual time=1805.012..3283.789 rows=2764 loops=1)
  Hash Cond: (mk.movie_id = t.id)
  ->  Seq Scan on movie_keyword mk  (cost=0.00..81003.12 rows=661852 width=4) (actual time=0.038..1373.890 rows=668020 loops=1)
        Filter: (keyword_id > 28038)
        Rows Removed by Filter: 3855910
  ->  Hash  (cost=101684.86..101684.86 rows=10754 width=8) (actual time=1793.648..1793.648 rows=6396 loops=1)
        Buckets: 16384  Batches: 1  Memory Usage: 378kB
        ->  Hash Join  (cost=74663.22..101684.86 rows=10754 width=8) (actual time=1177.078..1790.827 rows=6396 loops=1)
              Hash Cond: (mi_idx.movie_id = t.id)
              ->  Seq Scan on movie_info_idx mi_idx  (cost=0.00..25185.44 rows=460978 width=4) (actual time=0.021..458.012 rows=459925 loops=1)
                    Filter: (info_type_id = 99)
                    Rows Removed by Filter: 920110
              ->  Hash  (cost=73925.90..73925.90 rows=58985 width=4) (actual time=1176.596..1176.596 rows=63200 loops=1)
                    Buckets: 65536  Batches: 1  Memory Usage: 2734kB
                    ->  Seq Scan on title t  (cost=0.00..73925.90 rows=58985 width=4) (actual time=0.059..1151.925 rows=63200 loops=1)
                          Filter: ((kind_id > 4) AND (production_year = 2005))
                          Rows Removed by Filter: 2465112
Planning time: 1.237 ms
Execution time: 3284.525 ms
