Seq Scan on movie_companies mc  (cost=0.00..51404.11 rows=236999 width=0) (actual time=83.961..810.186 rows=239339 loops=1)
  Filter: (company_id > 103286)
  Rows Removed by Filter: 2369790
Planning time: 0.300 ms
Execution time: 840.929 ms
