Hash Join  (cost=178509.48..1264893.88 rows=5118523 width=0) (actual time=3608.383..38499.494 rows=10361411 loops=1)
  Hash Cond: (ci.movie_id = t.id)
  ->  Seq Scan on cast_info ci  (cost=0.00..614943.12 rows=36225612 width=4) (actual time=0.021..13175.019 rows=36244344 loops=1)
  ->  Hash  (cost=172647.61..172647.61 rows=357270 width=8) (actual time=3607.507..3607.507 rows=351495 loops=1)
        Buckets: 131072  Batches: 8  Memory Usage: 2747kB
        ->  Hash Join  (cost=102767.86..172647.61 rows=357270 width=8) (actual time=2007.578..3509.047 rows=351495 loops=1)
              Hash Cond: (mc.movie_id = t.id)
              ->  Seq Scan on movie_companies mc  (cost=0.00..51404.11 rows=357270 width=4) (actual time=0.030..854.562 rows=351495 loops=1)
                    Filter: (company_id < 169)
                    Rows Removed by Filter: 2257634
              ->  Hash  (cost=61283.27..61283.27 rows=2528527 width=4) (actual time=2006.139..2006.139 rows=2528312 loops=1)
                    Buckets: 131072  Batches: 64  Memory Usage: 2415kB
                    ->  Seq Scan on title t  (cost=0.00..61283.27 rows=2528527 width=4) (actual time=0.027..1138.246 rows=2528312 loops=1)
Planning time: 1.189 ms
Execution time: 39706.808 ms
