Hash Join  (cost=293923.22..407481.19 rows=2556803 width=0) (actual time=6588.433..13836.100 rows=18522446 loops=1)
  Hash Cond: (mc.movie_id = t.id)
  ->  Seq Scan on movie_companies mc  (cost=0.00..44881.29 rows=2609129 width=4) (actual time=0.035..1005.763 rows=2609129 loops=1)
  ->  Hash  (cost=253271.51..253271.51 rows=2477817 width=8) (actual time=6586.390..6586.390 rows=2473494 loops=1)
        Buckets: 131072  Batches: 64  Memory Usage: 2550kB
        ->  Hash Join  (cost=102767.86..253271.51 rows=2477817 width=8) (actual time=1878.491..5861.854 rows=2473494 loops=1)
              Hash Cond: (mk.movie_id = t.id)
              ->  Seq Scan on movie_keyword mk  (cost=0.00..81003.12 rows=2477817 width=4) (actual time=0.032..1615.132 rows=2473494 loops=1)
                    Filter: (keyword_id < 5972)
                    Rows Removed by Filter: 2050436
              ->  Hash  (cost=61283.27..61283.27 rows=2528527 width=4) (actual time=1875.940..1875.940 rows=2528312 loops=1)
                    Buckets: 131072  Batches: 64  Memory Usage: 2425kB
                    ->  Seq Scan on title t  (cost=0.00..61283.27 rows=2528527 width=4) (actual time=0.013..976.656 rows=2528312 loops=1)
Planning time: 4.421 ms
Execution time: 15985.903 ms
