Hash Join  (cost=155071.66..1023216.81 rows=1437528 width=0) (actual time=8919.130..23918.246 rows=4183835 loops=1)
  Hash Cond: (ci.movie_id = t.id)
  ->  Seq Scan on cast_info ci  (cost=0.00..705507.15 rows=12726058 width=4) (actual time=5558.098..14341.730 rows=12670688 loops=1)
        Filter: (role_id < 2)
        Rows Removed by Filter: 23573656
  ->  Hash  (cost=150385.40..150385.40 rows=285621 width=8) (actual time=3360.002..3360.002 rows=338706 loops=1)
        Buckets: 131072 (originally 131072)  Batches: 8 (originally 4)  Memory Usage: 3073kB
        ->  Hash Join  (cost=83810.17..150385.40 rows=285621 width=8) (actual time=1594.287..3247.816 rows=338706 loops=1)
              Hash Cond: (mc.movie_id = t.id)
              ->  Seq Scan on movie_companies mc  (cost=0.00..51404.11 rows=731174 width=4) (actual time=0.041..993.581 rows=722902 loops=1)
                    Filter: (company_id < 1405)
                    Rows Removed by Filter: 1886227
              ->  Hash  (cost=67604.59..67604.59 rows=987727 width=4) (actual time=1593.143..1593.143 rows=985048 loops=1)
                    Buckets: 131072  Batches: 16  Memory Usage: 3188kB
                    ->  Seq Scan on title t  (cost=0.00..67604.59 rows=987727 width=4) (actual time=0.024..1291.830 rows=985048 loops=1)
                          Filter: (kind_id < 7)
                          Rows Removed by Filter: 1543264
Planning time: 1.102 ms
Execution time: 24314.690 ms
