Seq Scan on cast_info ci  (cost=0.00..796071.18 rows=755984 width=0) (actual time=9554.377..12598.451 rows=687877 loops=1)
  Filter: ((person_id < 964465) AND (role_id = 4))
  Rows Removed by Filter: 35556467
Planning time: 0.669 ms
Execution time: 12680.654 ms
