Seq Scan on movie_keyword mk  (cost=0.00..81003.12 rows=246 width=0) (actual time=19.328..1212.030 rows=37 loops=1)
  Filter: (keyword_id = 21736)
  Rows Removed by Filter: 4523893
Planning time: 0.358 ms
Execution time: 1212.156 ms
