Hash Join  (cost=83072.40..447728.85 rows=51 width=0) (actual time=1566.897..7902.826 rows=687 loops=1)
  Hash Cond: (mi.movie_id = t.id)
  ->  Seq Scan on movie_info mi  (cost=0.00..309384.22 rows=14739122 width=4) (actual time=0.012..4056.668 rows=14835720 loops=1)
  ->  Hash  (cost=83072.29..83072.29 rows=9 width=8) (actual time=1217.051..1217.051 rows=24 loops=1)
        Buckets: 1024  Batches: 1  Memory Usage: 9kB
        ->  Nested Loop  (cost=0.43..83072.29 rows=9 width=8) (actual time=696.889..1217.008 rows=24 loops=1)
              ->  Seq Scan on movie_keyword mk  (cost=0.00..81003.12 rows=246 width=4) (actual time=2.332..1165.739 rows=646 loops=1)
                    Filter: (keyword_id = 9841)
                    Rows Removed by Filter: 4523284
              ->  Index Scan using title_pkey on title t  (cost=0.43..8.40 rows=1 width=4) (actual time=0.078..0.078 rows=0 loops=646)
                    Index Cond: (id = mk.movie_id)
                    Filter: (kind_id = 2)
                    Rows Removed by Filter: 1
Planning time: 1.182 ms
Execution time: 7903.193 ms
