Nested Loop  (cost=0.43..83072.29 rows=72 width=0) (actual time=2.291..1281.240 rows=222 loops=1)
  ->  Seq Scan on movie_keyword mk  (cost=0.00..81003.12 rows=246 width=4) (actual time=0.422..1209.819 rows=1508 loops=1)
        Filter: (keyword_id = 843)
        Rows Removed by Filter: 4522422
  ->  Index Scan using title_pkey on title t  (cost=0.43..8.40 rows=1 width=4) (actual time=0.046..0.046 rows=0 loops=1508)
        Index Cond: (id = mk.movie_id)
        Filter: (production_year < 1992)
        Rows Removed by Filter: 1
Planning time: 0.764 ms
Execution time: 1281.493 ms
