Hash Join  (cost=117473.11..193868.17 rows=97552 width=0) (actual time=2322.489..4446.999 rows=505024 loops=1)
  Hash Cond: (mc.movie_id = t.id)
  ->  Seq Scan on movie_companies mc  (cost=0.00..44881.29 rows=2609129 width=4) (actual time=0.024..970.681 rows=2609129 loops=1)
  ->  Hash  (cost=115921.38..115921.38 rows=94539 width=8) (actual time=2321.722..2321.722 rows=140876 loops=1)
        Buckets: 131072  Batches: 2  Memory Usage: 3781kB
        ->  Hash Join  (cost=82433.88..115921.38 rows=94539 width=8) (actual time=1417.329..2274.372 rows=140876 loops=1)
              Hash Cond: (mi_idx.movie_id = t.id)
              ->  Seq Scan on movie_info_idx mi_idx  (cost=0.00..25185.44 rows=460978 width=4) (actual time=0.020..515.392 rows=459925 loops=1)
                    Filter: (info_type_id < 100)
                    Rows Removed by Filter: 920110
              ->  Hash  (cost=73925.90..73925.90 rows=518558 width=4) (actual time=1416.586..1416.586 rows=395282 loops=1)
                    Buckets: 131072  Batches: 8  Memory Usage: 2770kB
                    ->  Seq Scan on title t  (cost=0.00..73925.90 rows=518558 width=4) (actual time=0.022..1288.774 rows=395282 loops=1)
                          Filter: ((kind_id < 3) AND (production_year > 1991))
                          Rows Removed by Filter: 2133030
Planning time: 1.098 ms
Execution time: 4512.348 ms
