Seq Scan on movie_keyword mk  (cost=0.00..81003.12 rows=246 width=0) (actual time=377.780..1308.344 rows=1 loops=1)
  Filter: (keyword_id = 130750)
  Rows Removed by Filter: 4523929
Planning time: 0.339 ms
Execution time: 1308.428 ms
