Hash Join  (cost=414700.04..1217068.14 rows=728 width=0) (actual time=13326.878..19827.363 rows=4367 loops=1)
  Hash Cond: (ci.movie_id = t.id)
  ->  Seq Scan on cast_info ci  (cost=0.00..796071.18 rows=1677239 width=4) (actual time=7036.067..13171.984 rows=2525547 loops=1)
        Filter: ((person_id > 2106951) AND (role_id = 3))
        Rows Removed by Filter: 33718797
  ->  Hash  (cost=414686.31..414686.31 rows=1098 width=8) (actual time=6290.300..6290.300 rows=1866 loops=1)
        Buckets: 2048  Batches: 1  Memory Usage: 89kB
        ->  Hash Join  (cost=68237.77..414686.31 rows=1098 width=8) (actual time=2656.753..6289.685 rows=1866 loops=1)
              Hash Cond: (mi.movie_id = t.id)
              ->  Seq Scan on movie_info mi  (cost=0.00..346232.03 rows=54808 width=4) (actual time=1475.962..5201.369 rows=50267 loops=1)
                    Filter: (info_type_id > 107)
                    Rows Removed by Filter: 14785453
              ->  Hash  (cost=67604.59..67604.59 rows=50655 width=4) (actual time=1075.792..1075.792 rows=50564 loops=1)
                    Buckets: 65536  Batches: 1  Memory Usage: 2290kB
                    ->  Seq Scan on title t  (cost=0.00..67604.59 rows=50655 width=4) (actual time=0.064..1053.883 rows=50564 loops=1)
                          Filter: (production_year = 1999)
                          Rows Removed by Filter: 2477748
Planning time: 1.192 ms
Execution time: 19828.488 ms
