Hash Join  (cost=28270.40..89575.36 rows=131 width=0) (actual time=422.742..1492.693 rows=314 loops=1)
  Hash Cond: (mc.movie_id = t.id)
  ->  Seq Scan on movie_companies mc  (cost=0.00..57926.93 rows=900458 width=4) (actual time=0.022..1002.545 rows=579139 loops=1)
        Filter: ((company_id < 25046) AND (company_type_id > 1))
        Rows Removed by Filter: 2029990
  ->  Hash  (cost=28265.80..28265.80 rows=368 width=8) (actual time=409.901..409.901 rows=260 loops=1)
        Buckets: 1024  Batches: 1  Memory Usage: 19kB
        ->  Nested Loop  (cost=0.43..28265.80 rows=368 width=8) (actual time=60.909..409.770 rows=260 loops=1)
              ->  Seq Scan on movie_info_idx mi_idx  (cost=0.00..25185.44 rows=368 width=4) (actual time=60.792..404.414 rows=260 loops=1)
                    Filter: (info_type_id > 101)
                    Rows Removed by Filter: 1379775
              ->  Index Only Scan using title_pkey on title t  (cost=0.43..8.36 rows=1 width=4) (actual time=0.019..0.020 rows=1 loops=260)
                    Index Cond: (id = mi_idx.movie_id)
                    Heap Fetches: 260
Planning time: 0.728 ms
Execution time: 1492.909 ms
