Seq Scan on movie_keyword mk  (cost=0.00..81003.12 rows=246 width=0) (actual time=6.731..1194.806 rows=172 loops=1)
  Filter: (keyword_id = 12099)
  Rows Removed by Filter: 4523758
Planning time: 0.300 ms
Execution time: 1194.978 ms
