Hash Join  (cost=101887.88..467893.77 rows=134999 width=0) (actual time=1855.151..9608.951 rows=483223 loops=1)
  Hash Cond: (mi.movie_id = t.id)
  ->  Seq Scan on movie_info mi  (cost=0.00..309384.22 rows=14739122 width=4) (actual time=0.022..4353.258 rows=14835720 loops=1)
  ->  Hash  (cost=101598.39..101598.39 rows=23159 width=8) (actual time=1805.064..1805.064 rows=25731 loops=1)
        Buckets: 32768  Batches: 1  Memory Usage: 1262kB
        ->  Hash Join  (cost=74456.32..101598.39 rows=23159 width=8) (actual time=1290.468..1796.620 rows=25731 loops=1)
              Hash Cond: (mi_idx.movie_id = t.id)
              ->  Seq Scan on movie_info_idx mi_idx  (cost=0.00..21735.35 rows=1380035 width=4) (actual time=0.019..349.520 rows=1380035 loops=1)
              ->  Hash  (cost=73925.90..73925.90 rows=42433 width=4) (actual time=1117.374..1117.374 rows=37411 loops=1)
                    Buckets: 65536  Batches: 1  Memory Usage: 1828kB
                    ->  Seq Scan on title t  (cost=0.00..73925.90 rows=42433 width=4) (actual time=527.107..1102.490 rows=37411 loops=1)
                          Filter: ((kind_id = 1) AND (production_year = 2011))
                          Rows Removed by Filter: 2490901
Planning time: 1.172 ms
Execution time: 9672.299 ms
