Nested Loop  (cost=0.43..83072.29 rows=181 width=0) (actual time=227.380..1298.991 rows=9 loops=1)
  ->  Seq Scan on movie_keyword mk  (cost=0.00..81003.12 rows=246 width=4) (actual time=18.657..1296.808 rows=46 loops=1)
        Filter: (keyword_id = 11552)
        Rows Removed by Filter: 4523884
  ->  Index Scan using title_pkey on title t  (cost=0.43..8.40 rows=1 width=4) (actual time=0.042..0.043 rows=0 loops=46)
        Index Cond: (id = mk.movie_id)
        Filter: (kind_id > 1)
        Rows Removed by Filter: 1
Planning time: 0.772 ms
Execution time: 1299.103 ms
