Hash Join  (cost=172189.38..657096.49 rows=478020 width=0) (actual time=3007.445..14829.944 rows=4364468 loops=1)
  Hash Cond: (mi.movie_id = t.id)
  ->  Seq Scan on movie_info mi  (cost=0.00..309384.22 rows=14739122 width=4) (actual time=0.013..5936.660 rows=14835720 loops=1)
  ->  Hash  (cost=170843.32..170843.32 rows=82005 width=8) (actual time=3006.661..3006.661 rows=80071 loops=1)
        Buckets: 131072  Batches: 2  Memory Usage: 2568kB
        ->  Hash Join  (cost=69694.50..170843.32 rows=82005 width=8) (actual time=1097.097..2980.470 rows=80071 loops=1)
              Hash Cond: (mk.movie_id = t.id)
              ->  Seq Scan on movie_keyword mk  (cost=0.00..81003.12 rows=1628172 width=4) (actual time=0.024..1310.459 rows=1639231 loops=1)
                    Filter: (keyword_id > 9030)
                    Rows Removed by Filter: 2884699
              ->  Hash  (cost=67604.59..67604.59 rows=127353 width=4) (actual time=1096.267..1096.267 rows=128696 loops=1)
                    Buckets: 131072  Batches: 2  Memory Usage: 3290kB
                    ->  Seq Scan on title t  (cost=0.00..67604.59 rows=127353 width=4) (actual time=0.021..1047.167 rows=128696 loops=1)
                          Filter: (production_year = 2009)
                          Rows Removed by Filter: 2399616
Planning time: 2.046 ms
Execution time: 15333.261 ms
