Seq Scan on cast_info ci  (cost=0.00..705507.15 rows=500 width=0) (actual time=7327.303..11435.215 rows=25 loops=1)
  Filter: (person_id = 184647)
  Rows Removed by Filter: 36244319
Planning time: 0.394 ms
Execution time: 11435.304 ms
