Hash Join  (cost=170396.17..1308357.86 rows=5451049 width=0) (actual time=4035.490..39134.904 rows=9815134 loops=1)
  Hash Cond: (ci.movie_id = t.id)
  ->  Seq Scan on cast_info ci  (cost=0.00..705507.15 rows=32543749 width=4) (actual time=0.036..16414.091 rows=32536112 loops=1)
        Filter: (person_id < 3387618)
        Rows Removed by Filter: 3708232
  ->  Hash  (cost=163447.09..163447.09 rows=423526 width=8) (actual time=4034.559..4034.559 rows=371783 loops=1)
        Buckets: 131072  Batches: 8  Memory Usage: 2836kB
        ->  Hash Join  (cost=92883.59..163447.09 rows=423526 width=8) (actual time=2571.804..3933.180 rows=371783 loops=1)
              Hash Cond: (mc.movie_id = t.id)
              ->  Seq Scan on movie_companies mc  (cost=0.00..51404.11 rows=695026 width=4) (actual time=0.020..981.370 rows=685640 loops=1)
                    Filter: (company_id < 1219)
                    Rows Removed by Filter: 1923489
              ->  Hash  (cost=67604.59..67604.59 rows=1540800 width=4) (actual time=2264.516..2264.516 rows=1543264 loops=1)
                    Buckets: 131072  Batches: 32  Memory Usage: 2722kB
                    ->  Seq Scan on title t  (cost=0.00..67604.59 rows=1540800 width=4) (actual time=0.025..1268.111 rows=1543264 loops=1)
                          Filter: (kind_id = 7)
                          Rows Removed by Filter: 985048
Planning time: 1.129 ms
Execution time: 40219.422 ms
