Hash Join  (cost=346280.71..1115941.37 rows=21985003 width=0) (actual time=8317.478..68708.792 rows=193702516 loops=1)
  Hash Cond: (mi.movie_id = t.id)
  ->  Seq Scan on movie_info mi  (cost=0.00..309384.22 rows=14739122 width=4) (actual time=0.021..6380.019 rows=14835720 loops=1)
  ->  Hash  (cost=284403.04..284403.04 rows=3771573 width=8) (actual time=8314.970..8314.970 rows=3763608 loops=1)
        Buckets: 131072  Batches: 64  Memory Usage: 3427kB
        ->  Hash Join  (cost=102767.86..284403.04 rows=3771573 width=8) (actual time=1858.371..7234.996 rows=3763608 loops=1)
              Hash Cond: (mk.movie_id = t.id)
              ->  Seq Scan on movie_keyword mk  (cost=0.00..81003.12 rows=3771573 width=4) (actual time=0.030..1803.236 rows=3763608 loops=1)
                    Filter: (keyword_id < 24662)
                    Rows Removed by Filter: 760322
              ->  Hash  (cost=61283.27..61283.27 rows=2528527 width=4) (actual time=1856.700..1856.700 rows=2528312 loops=1)
                    Buckets: 131072  Batches: 64  Memory Usage: 2425kB
                    ->  Seq Scan on title t  (cost=0.00..61283.27 rows=2528527 width=4) (actual time=0.016..1026.129 rows=2528312 loops=1)
Planning time: 1.137 ms
Execution time: 90873.368 ms
