Hash Join  (cost=531819.17..1848148.88 rows=21596443 width=0) (actual time=10147.143..61874.014 rows=82866960 loops=1)
  Hash Cond: (ci.movie_id = t.id)
  ->  Seq Scan on cast_info ci  (cost=0.00..705507.15 rows=30268019 width=4) (actual time=0.013..16099.053 rows=30229341 loops=1)
        Filter: (person_id < 3045939)
        Rows Removed by Filter: 6015003
  ->  Hash  (cost=502219.64..502219.64 rows=1804122 width=8) (actual time=10146.101..10146.101 rows=1815959 loops=1)
        Buckets: 131072  Batches: 32  Memory Usage: 3104kB
        ->  Hash Join  (cost=101707.31..502219.64 rows=1804122 width=8) (actual time=2071.060..9618.897 rows=1815959 loops=1)
              Hash Cond: (mi.movie_id = t.id)
              ->  Seq Scan on movie_info mi  (cost=0.00..346232.03 rows=2194617 width=4) (actual time=0.021..5530.326 rows=2233850 loops=1)
                    Filter: (info_type_id > 16)
                    Rows Removed by Filter: 12601870
              ->  Hash  (cost=67604.59..67604.59 rows=2078618 width=4) (actual time=2068.765..2068.765 rows=2074788 loops=1)
                    Buckets: 131072  Batches: 32  Memory Usage: 3318kB
                    ->  Seq Scan on title t  (cost=0.00..67604.59 rows=2078618 width=4) (actual time=0.020..1380.330 rows=2074788 loops=1)
                          Filter: (production_year > 1970)
                          Rows Removed by Filter: 453524
Planning time: 1.123 ms
Execution time: 70916.458 ms
