Hash Join  (cost=216082.07..1331459.34 rows=7940810 width=0) (actual time=4422.363..43467.772 rows=21556686 loops=1)
  Hash Cond: (ci.movie_id = t.id)
  ->  Seq Scan on cast_info ci  (cost=0.00..614943.12 rows=36225612 width=4) (actual time=0.023..13388.680 rows=36244344 loops=1)
  ->  Hash  (cost=206987.77..206987.77 rows=554264 width=8) (actual time=4421.379..4421.379 rows=555726 loops=1)
        Buckets: 131072  Batches: 8  Memory Usage: 3773kB
        ->  Hash Join  (cost=102767.86..206987.77 rows=554264 width=8) (actual time=1986.782..4266.041 rows=555726 loops=1)
              Hash Cond: (mk.movie_id = t.id)
              ->  Seq Scan on movie_keyword mk  (cost=0.00..81003.12 rows=554264 width=4) (actual time=0.025..1410.252 rows=555726 loops=1)
                    Filter: (keyword_id < 398)
                    Rows Removed by Filter: 3968204
              ->  Hash  (cost=61283.27..61283.27 rows=2528527 width=4) (actual time=1985.697..1985.697 rows=2528312 loops=1)
                    Buckets: 131072  Batches: 64  Memory Usage: 2425kB
                    ->  Seq Scan on title t  (cost=0.00..61283.27 rows=2528527 width=4) (actual time=0.028..1136.223 rows=2528312 loops=1)
Planning time: 1.063 ms
Execution time: 45984.569 ms
