Hash Join  (cost=83257.67..1200770.75 rows=8148792 width=0) (actual time=1502.015..34267.898 rows=8050671 loops=1)
  Hash Cond: (ci.movie_id = t.id)
  ->  Seq Scan on cast_info ci  (cost=0.00..614943.12 rows=36225612 width=4) (actual time=0.022..13105.582 rows=36244344 loops=1)
  ->  Hash  (cost=73925.90..73925.90 rows=568781 width=4) (actual time=1501.059..1501.059 rows=446559 loops=1)
        Buckets: 131072  Batches: 8  Memory Usage: 3000kB
        ->  Seq Scan on title t  (cost=0.00..73925.90 rows=568781 width=4) (actual time=637.060..1349.807 rows=446559 loops=1)
              Filter: ((production_year > 1965) AND (kind_id = 1))
              Rows Removed by Filter: 2081753
Planning time: 0.764 ms
Execution time: 35169.574 ms
