Seq Scan on movie_companies mc  (cost=0.00..57926.93 rows=299015 width=0) (actual time=0.043..874.221 rows=160992 loops=1)
  Filter: ((company_id < 656) AND (company_type_id = 2))
  Rows Removed by Filter: 2448137
Planning time: 0.358 ms
Execution time: 895.171 ms
