Seq Scan on movie_keyword mk  (cost=0.00..81003.12 rows=246 width=0) (actual time=0.069..1182.207 rows=1072 loops=1)
  Filter: (keyword_id = 171)
  Rows Removed by Filter: 4522858
Planning time: 0.349 ms
Execution time: 1182.683 ms
