Hash Join  (cost=67608.71..861269.86 rows=3067 width=0) (actual time=4291.863..18920.388 rows=2616 loops=1)
  Hash Cond: (ci.movie_id = t.id)
  ->  Seq Scan on cast_info ci  (cost=0.00..705507.15 rows=23499554 width=4) (actual time=3195.941..14404.947 rows=23573656 loops=1)
        Filter: (role_id > 1)
        Rows Removed by Filter: 12670688
  ->  Hash  (cost=67604.59..67604.59 rows=330 width=4) (actual time=1088.619..1088.619 rows=438 loops=1)
        Buckets: 1024  Batches: 1  Memory Usage: 24kB
        ->  Seq Scan on title t  (cost=0.00..67604.59 rows=330 width=4) (actual time=216.400..1088.251 rows=438 loops=1)
              Filter: (production_year > 2014)
              Rows Removed by Filter: 2527874
Planning time: 0.763 ms
Execution time: 18923.426 ms
