Nested Loop  (cost=67236.69..775402.87 rows=112 width=0) (actual time=4751.091..11533.347 rows=53 loops=1)
  ->  Hash Join  (cost=67236.26..775185.96 rows=280 width=8) (actual time=4750.987..11532.073 rows=53 loops=1)
        Hash Cond: (ci.movie_id = mc.movie_id)
        ->  Seq Scan on cast_info ci  (cost=0.00..705507.15 rows=500 width=4) (actual time=3634.113..10377.485 rows=113 loops=1)
              Filter: (person_id = 2094461)
              Rows Removed by Filter: 36244231
        ->  Hash  (cost=57926.93..57926.93 rows=567386 width=4) (actual time=1115.697..1115.697 rows=353518 loops=1)
              Buckets: 131072  Batches: 8  Memory Usage: 2578kB
              ->  Seq Scan on movie_companies mc  (cost=0.00..57926.93 rows=567386 width=4) (actual time=96.163..1008.154 rows=353518 loops=1)
                    Filter: ((company_id < 7752) AND (company_type_id = 2))
                    Rows Removed by Filter: 2255611
  ->  Index Only Scan using title_pkey on title t  (cost=0.43..0.76 rows=1 width=4) (actual time=0.022..0.022 rows=1 loops=53)
        Index Cond: (id = mc.movie_id)
        Heap Fetches: 53
Planning time: 1.147 ms
Execution time: 11533.459 ms
