Seq Scan on cast_info ci  (cost=0.00..796071.18 rows=4827377 width=0) (actual time=0.026..14281.172 rows=5391877 loops=1)
  Filter: ((person_id > 586831) AND (role_id > 8))
  Rows Removed by Filter: 30852467
Planning time: 0.371 ms
Execution time: 14929.322 ms
