Hash Join  (cost=74317.90..439146.20 rows=17237 width=0) (actual time=891.717..8139.860 rows=40440 loops=1)
  Hash Cond: (mi.movie_id = t.id)
  ->  Seq Scan on movie_info mi  (cost=0.00..309384.22 rows=14739122 width=4) (actual time=0.018..4257.257 rows=14835720 loops=1)
  ->  Hash  (cost=74280.94..74280.94 rows=2957 width=8) (actual time=891.379..891.379 rows=3172 loops=1)
        Buckets: 4096  Batches: 1  Memory Usage: 156kB
        ->  Nested Loop  (cost=0.43..74280.94 rows=2957 width=8) (actual time=0.173..889.651 rows=3172 loops=1)
              ->  Seq Scan on movie_companies mc  (cost=0.00..51404.11 rows=2957 width=4) (actual time=0.109..796.509 rows=3172 loops=1)
                    Filter: (company_id = 137)
                    Rows Removed by Filter: 2605957
              ->  Index Only Scan using title_pkey on title t  (cost=0.43..7.73 rows=1 width=4) (actual time=0.028..0.029 rows=1 loops=3172)
                    Index Cond: (id = mc.movie_id)
                    Heap Fetches: 3172
Planning time: 1.143 ms
Execution time: 8146.375 ms
