Hash Join  (cost=128695.20..942050.83 rows=33992 width=0) (actual time=2411.825..23268.175 rows=307848 loops=1)
  Hash Cond: (ci.movie_id = t.id)
  ->  Seq Scan on cast_info ci  (cost=0.00..705507.15 rows=28668949 width=4) (actual time=0.028..15339.028 rows=28808107 loops=1)
        Filter: (role_id < 8)
        Rows Removed by Filter: 7436237
  ->  Hash  (cost=128657.72..128657.72 rows=2998 width=8) (actual time=2411.626..2411.626 rows=12997 loops=1)
        Buckets: 16384 (originally 4096)  Batches: 1 (originally 1)  Memory Usage: 636kB
        ->  Hash Join  (cost=73962.22..128657.72 rows=2998 width=8) (actual time=1199.712..2406.270 rows=12997 loops=1)
              Hash Cond: (mc.movie_id = t.id)
              ->  Seq Scan on movie_companies mc  (cost=0.00..44881.29 rows=2609129 width=4) (actual time=0.018..661.582 rows=2609129 loops=1)
              ->  Hash  (cost=73925.90..73925.90 rows=2905 width=4) (actual time=1199.636..1199.636 rows=6875 loops=1)
                    Buckets: 8192 (originally 4096)  Batches: 1 (originally 1)  Memory Usage: 306kB
                    ->  Seq Scan on title t  (cost=0.00..73925.90 rows=2905 width=4) (actual time=0.206..1196.081 rows=6875 loops=1)
                          Filter: ((kind_id < 7) AND (production_year = 1982))
                          Rows Removed by Filter: 2521437
Planning time: 3.941 ms
Execution time: 23314.411 ms
