Hash Join  (cost=83950.71..150805.07 rows=113034 width=0) (actual time=1954.109..2661.451 rows=99025 loops=1)
  Hash Cond: (mc.movie_id = t.id)
  ->  Seq Scan on movie_companies mc  (cost=0.00..57926.93 rows=467756 width=4) (actual time=425.280..906.909 rows=158864 loops=1)
        Filter: ((company_id > 18016) AND (company_type_id = 1))
        Rows Removed by Filter: 2450265
  ->  Hash  (cost=73925.90..73925.90 rows=611024 width=4) (actual time=1527.961..1527.961 rows=650218 loops=1)
        Buckets: 131072  Batches: 8  Memory Usage: 3893kB
        ->  Seq Scan on title t  (cost=0.00..73925.90 rows=611024 width=4) (actual time=1.434..1304.555 rows=650218 loops=1)
              Filter: ((kind_id < 4) AND (production_year < 2009))
              Rows Removed by Filter: 1878094
Planning time: 0.696 ms
Execution time: 2674.923 ms
