Hash Join  (cost=307959.69..818391.16 rows=6960881 width=0) (actual time=7431.516..17764.309 rows=4765057 loops=1)
  Hash Cond: (mi.movie_id = t.id)
  ->  Seq Scan on movie_info mi  (cost=0.00..346232.03 rows=5897221 width=4) (actual time=437.428..5676.844 rows=5884963 loops=1)
        Filter: (info_type_id < 7)
        Rows Removed by Filter: 8950757
  ->  Hash  (cost=258993.34..258993.34 rows=2984588 width=8) (actual time=6982.121..6982.121 rows=1203219 loops=1)
        Buckets: 131072  Batches: 64  Memory Usage: 1753kB
        ->  Hash Join  (cost=94973.51..258993.34 rows=2984588 width=8) (actual time=2007.637..6651.022 rows=1203219 loops=1)
              Hash Cond: (mk.movie_id = t.id)
              ->  Seq Scan on movie_keyword mk  (cost=0.00..69693.30 rows=4523930 width=4) (actual time=0.029..1507.059 rows=4523930 loops=1)
              ->  Hash  (cost=67604.59..67604.59 rows=1668154 width=4) (actual time=2005.496..2005.496 rows=1674098 loops=1)
                    Buckets: 131072  Batches: 32  Memory Usage: 2875kB
                    ->  Seq Scan on title t  (cost=0.00..67604.59 rows=1668154 width=4) (actual time=0.019..1121.111 rows=1674098 loops=1)
                          Filter: (kind_id > 3)
                          Rows Removed by Filter: 854214
Planning time: 1.549 ms
Execution time: 18338.418 ms
