Nested Loop  (cost=0.43..58358.52 rows=9 width=0) (actual time=162.751..915.989 rows=36 loops=1)
  ->  Seq Scan on movie_companies mc  (cost=0.00..57926.93 rows=51 width=4) (actual time=162.659..914.287 rows=36 loops=1)
        Filter: ((company_id = 1926) AND (company_type_id = 1))
        Rows Removed by Filter: 2609093
  ->  Index Scan using title_pkey on title t  (cost=0.43..8.45 rows=1 width=4) (actual time=0.042..0.042 rows=1 loops=36)
        Index Cond: (id = mc.movie_id)
        Filter: ((kind_id < 7) AND (production_year < 2002))
Planning time: 0.632 ms
Execution time: 916.113 ms
