Seq Scan on movie_companies mc  (cost=0.00..57926.93 rows=1238877 width=0) (actual time=0.030..1003.203 rows=1274246 loops=1)
  Filter: ((company_id < 168216) AND (company_type_id = 1))
  Rows Removed by Filter: 1334883
Planning time: 0.386 ms
Execution time: 1152.831 ms
