Hash Join  (cost=70069.02..107015.85 rows=54592 width=0) (actual time=1207.941..2165.156 rows=47735 loops=1)
  Hash Cond: (mi_idx.movie_id = t.id)
  ->  Seq Scan on movie_info_idx mi_idx  (cost=0.00..25185.44 rows=919057 width=4) (actual time=0.020..589.464 rows=920110 loops=1)
        Filter: (info_type_id > 99)
        Rows Removed by Filter: 459925
  ->  Hash  (cost=67604.59..67604.59 rows=150195 width=4) (actual time=1207.098..1207.098 rows=153241 loops=1)
        Buckets: 131072  Batches: 2  Memory Usage: 3716kB
        ->  Seq Scan on title t  (cost=0.00..67604.59 rows=150195 width=4) (actual time=0.388..1155.519 rows=153241 loops=1)
              Filter: (production_year < 1946)
              Rows Removed by Filter: 2375071
Planning time: 0.680 ms
Execution time: 2172.099 ms
