Seq Scan on movie_keyword mk  (cost=0.00..81003.12 rows=246 width=0) (actual time=2.083..1176.243 rows=96 loops=1)
  Filter: (keyword_id = 43595)
  Rows Removed by Filter: 4523834
Planning time: 0.344 ms
Execution time: 1176.374 ms
