Seq Scan on movie_companies mc  (cost=0.00..51404.11 rows=2572845 width=0) (actual time=0.030..1097.935 rows=2573894 loops=1)
  Filter: (company_id < 203340)
  Rows Removed by Filter: 35235
Planning time: 0.319 ms
Execution time: 1410.896 ms
