Seq Scan on cast_info ci  (cost=0.00..796071.18 rows=276 width=0) (actual time=2660.336..13411.676 rows=15 loops=1)
  Filter: ((role_id < 3) AND (person_id = 845387))
  Rows Removed by Filter: 36244329
Planning time: 0.348 ms
Execution time: 13411.805 ms
