Seq Scan on movie_keyword mk  (cost=0.00..81003.12 rows=3057870 width=0) (actual time=0.023..1546.387 rows=3046345 loops=1)
  Filter: (keyword_id < 11115)
  Rows Removed by Filter: 1477585
Planning time: 0.326 ms
Execution time: 1923.091 ms
