Seq Scan on movie_keyword mk  (cost=0.00..81003.12 rows=3711806 width=0) (actual time=0.027..1543.346 rows=3708405 loops=1)
  Filter: (keyword_id < 22458)
  Rows Removed by Filter: 815525
Planning time: 0.309 ms
Execution time: 1991.459 ms
