Hash Join  (cost=366907.18..1168269.12 rows=24956031 width=0) (actual time=8572.577..73603.598 rows=220885974 loops=1)
  Hash Cond: (mi.movie_id = t.id)
  ->  Seq Scan on movie_info mi  (cost=0.00..309384.22 rows=14739122 width=4) (actual time=0.019..6030.184 rows=14835720 loops=1)
  ->  Hash  (cost=296667.44..296667.44 rows=4281259 width=8) (actual time=8570.899..8570.899 rows=4282445 loops=1)
        Buckets: 131072  Batches: 64  Memory Usage: 3736kB
        ->  Hash Join  (cost=102767.86..296667.44 rows=4281259 width=8) (actual time=1824.056..7268.922 rows=4282445 loops=1)
              Hash Cond: (mk.movie_id = t.id)
              ->  Seq Scan on movie_keyword mk  (cost=0.00..81003.12 rows=4281259 width=4) (actual time=0.025..1797.018 rows=4282445 loops=1)
                    Filter: (keyword_id < 61645)
                    Rows Removed by Filter: 241485
              ->  Hash  (cost=61283.27..61283.27 rows=2528527 width=4) (actual time=1821.770..1821.770 rows=2528312 loops=1)
                    Buckets: 131072  Batches: 64  Memory Usage: 2425kB
                    ->  Seq Scan on title t  (cost=0.00..61283.27 rows=2528527 width=4) (actual time=0.022..956.153 rows=2528312 loops=1)
Planning time: 1.081 ms
Execution time: 98027.605 ms
