Hash Join  (cost=92883.59..167250.85 rows=546115 width=0) (actual time=1718.514..3367.907 rows=194913 loops=1)
  Hash Cond: (mc.movie_id = t.id)
  ->  Seq Scan on movie_companies mc  (cost=0.00..51404.11 rows=896201 width=4) (actual time=0.026..928.414 rows=903606 loops=1)
        Filter: (company_id > 21170)
        Rows Removed by Filter: 1705523
  ->  Hash  (cost=67604.59..67604.59 rows=1540800 width=4) (actual time=1717.356..1717.356 rows=1543264 loops=1)
        Buckets: 131072  Batches: 32  Memory Usage: 2722kB
        ->  Seq Scan on title t  (cost=0.00..67604.59 rows=1540800 width=4) (actual time=0.012..1212.438 rows=1543264 loops=1)
              Filter: (kind_id = 7)
              Rows Removed by Filter: 985048
Planning time: 0.766 ms
Execution time: 3389.338 ms
