Seq Scan on movie_keyword mk  (cost=0.00..81003.12 rows=3892451 width=0) (actual time=0.024..1622.345 rows=3892576 loops=1)
  Filter: (keyword_id > 492)
  Rows Removed by Filter: 631354
Planning time: 0.302 ms
Execution time: 2111.853 ms
