Seq Scan on movie_keyword mk  (cost=0.00..81003.12 rows=246 width=0) (actual time=56.302..1281.084 rows=46 loops=1)
  Filter: (keyword_id = 10917)
  Rows Removed by Filter: 4523884
Planning time: 0.340 ms
Execution time: 1281.211 ms
