Nested Loop  (cost=0.43..128098.43 rows=12263 width=0) (actual time=530.994..937.994 rows=12948 loops=1)
  ->  Seq Scan on movie_companies mc  (cost=0.00..51404.11 rows=12263 width=4) (actual time=530.899..772.790 rows=12948 loops=1)
        Filter: (company_id = 11137)
        Rows Removed by Filter: 2596181
  ->  Index Only Scan using title_pkey on title t  (cost=0.43..6.24 rows=1 width=4) (actual time=0.012..0.012 rows=1 loops=12948)
        Index Cond: (id = mc.movie_id)
        Heap Fetches: 12948
Planning time: 0.801 ms
Execution time: 941.094 ms
