Seq Scan on movie_keyword mk  (cost=0.00..81003.12 rows=4115870 width=0) (actual time=0.019..1612.836 rows=4120939 loops=1)
  Filter: (keyword_id < 43081)
  Rows Removed by Filter: 402991
Planning time: 0.231 ms
Execution time: 2109.495 ms
