Hash Join  (cost=234704.89..1014989.06 rows=1888451 width=0) (actual time=15055.808..24350.957 rows=10616827 loops=1)
  Hash Cond: (ci.movie_id = t.id)
  ->  Seq Scan on cast_info ci  (cost=0.00..705507.15 rows=3998100 width=4) (actual time=8488.692..12981.654 rows=4008037 loops=1)
        Filter: (role_id = 3)
        Rows Removed by Filter: 32236307
  ->  Hash  (cost=215109.93..215109.93 rows=1194317 width=8) (actual time=6565.052..6565.052 rows=2886675 loops=1)
        Buckets: 131072 (originally 131072)  Batches: 64 (originally 16)  Memory Usage: 3073kB
        ->  Hash Join  (cost=78556.72..215109.93 rows=1194317 width=8) (actual time=2041.277..5762.603 rows=2886675 loops=1)
              Hash Cond: (mk.movie_id = t.id)
              ->  Seq Scan on movie_keyword mk  (cost=0.00..69693.30 rows=4523930 width=4) (actual time=0.025..1342.786 rows=4523930 loops=1)
              ->  Hash  (cost=67604.59..67604.59 rows=667531 width=4) (actual time=1697.072..1697.072 rows=662825 loops=1)
                    Buckets: 131072  Batches: 16  Memory Usage: 2486kB
                    ->  Seq Scan on title t  (cost=0.00..67604.59 rows=667531 width=4) (actual time=0.018..1268.341 rows=662825 loops=1)
                          Filter: (kind_id = 1)
                          Rows Removed by Filter: 1865487
Planning time: 1.143 ms
Execution time: 25527.998 ms
