Hash Join  (cost=69460.45..196635.65 rows=170329 width=0) (actual time=1326.342..4340.297 rows=153494 loops=1)
  Hash Cond: (mk.movie_id = t.id)
  ->  Seq Scan on movie_keyword mk  (cost=0.00..81003.12 rows=3807676 width=4) (actual time=0.024..1833.169 rows=3808083 loops=1)
        Filter: (keyword_id > 613)
        Rows Removed by Filter: 715847
  ->  Hash  (cost=67604.59..67604.59 rows=113109 width=4) (actual time=1027.005..1027.005 rows=119565 loops=1)
        Buckets: 131072  Batches: 2  Memory Usage: 3121kB
        ->  Seq Scan on title t  (cost=0.00..67604.59 rows=113109 width=4) (actual time=0.024..968.025 rows=119565 loops=1)
              Filter: (production_year = 2007)
              Rows Removed by Filter: 2408747
Planning time: 0.762 ms
Execution time: 4359.957 ms
