Hash Join  (cost=202421.76..715176.59 rows=3087891 width=0) (actual time=4317.339..18756.330 rows=10078626 loops=1)
  Hash Cond: (mi.movie_id = t.id)
  ->  Seq Scan on movie_info mi  (cost=0.00..309384.22 rows=14739122 width=4) (actual time=0.024..6148.658 rows=14835720 loops=1)
  ->  Hash  (cost=193730.09..193730.09 rows=529734 width=8) (actual time=4316.302..4316.302 rows=248646 loops=1)
        Buckets: 131072  Batches: 8  Memory Usage: 2253kB
        ->  Hash Join  (cost=76379.89..193730.09 rows=529734 width=8) (actual time=1394.892..4234.771 rows=248646 loops=1)
              Hash Cond: (mk.movie_id = t.id)
              ->  Seq Scan on movie_keyword mk  (cost=0.00..81003.12 rows=2504463 width=4) (actual time=0.031..1656.152 rows=2498398 loops=1)
                    Filter: (keyword_id < 6104)
                    Rows Removed by Filter: 2025532
              ->  Hash  (cost=67604.59..67604.59 rows=534824 width=4) (actual time=1393.971..1393.971 rows=533369 loops=1)
                    Buckets: 131072  Batches: 8  Memory Usage: 3376kB
                    ->  Seq Scan on title t  (cost=0.00..67604.59 rows=534824 width=4) (actual time=0.022..1215.590 rows=533369 loops=1)
                          Filter: (production_year > 2009)
                          Rows Removed by Filter: 1994943
Planning time: 4.428 ms
Execution time: 19859.066 ms
