Hash Join  (cost=93155.63..1019223.67 rows=3589042 width=0) (actual time=2615.765..18793.409 rows=1060749 loops=1)
  Hash Cond: (ci.movie_id = t.id)
  ->  Seq Scan on cast_info ci  (cost=0.00..796071.18 rows=7742783 width=4) (actual time=91.532..14634.241 rows=2457268 loops=1)
        Filter: ((person_id > 1392463) AND (role_id = 1))
        Rows Removed by Filter: 33787076
  ->  Hash  (cost=73925.90..73925.90 rows=1172058 width=4) (actual time=2523.107..2523.107 rows=1128906 loops=1)
        Buckets: 131072  Batches: 16  Memory Usage: 3503kB
        ->  Seq Scan on title t  (cost=0.00..73925.90 rows=1172058 width=4) (actual time=0.022..1463.433 rows=1128906 loops=1)
              Filter: ((production_year < 2010) AND (kind_id = 7))
              Rows Removed by Filter: 1399406
Planning time: 6.321 ms
Execution time: 18901.869 ms
