Hash Join  (cost=83073.54..110002.57 rows=9 width=0) (actual time=1275.539..1717.624 rows=16 loops=1)
  Hash Cond: (mi_idx.movie_id = t.id)
  ->  Seq Scan on movie_info_idx mi_idx  (cost=0.00..25185.44 rows=464934 width=4) (actual time=0.028..393.871 rows=460185 loops=1)
        Filter: (info_type_id > 100)
        Rows Removed by Filter: 919850
  ->  Hash  (cost=83072.90..83072.90 rows=51 width=8) (actual time=1265.006..1265.006 rows=17 loops=1)
        Buckets: 1024  Batches: 1  Memory Usage: 9kB
        ->  Nested Loop  (cost=0.43..83072.90 rows=51 width=8) (actual time=110.741..1264.968 rows=17 loops=1)
              ->  Seq Scan on movie_keyword mk  (cost=0.00..81003.12 rows=246 width=4) (actual time=66.956..1263.159 rows=29 loops=1)
                    Filter: (keyword_id = 76965)
                    Rows Removed by Filter: 4523901
              ->  Index Scan using title_pkey on title t  (cost=0.43..8.40 rows=1 width=4) (actual time=0.055..0.056 rows=1 loops=29)
                    Index Cond: (id = mk.movie_id)
                    Filter: ((production_year > 1976) AND (kind_id = 1))
                    Rows Removed by Filter: 0
Planning time: 1.143 ms
Execution time: 1717.779 ms
