Hash Join  (cost=97476.44..896563.67 rows=3111054 width=0) (actual time=1856.232..18762.408 rows=3840027 loops=1)
  Hash Cond: (ci.movie_id = t.id)
  ->  Seq Scan on cast_info ci  (cost=0.00..705507.15 rows=4320508 width=4) (actual time=0.020..13487.820 rows=4323018 loops=1)
        Filter: (role_id = 10)
        Rows Removed by Filter: 31921326
  ->  Hash  (cost=67604.59..67604.59 rows=1820708 width=4) (actual time=1855.467..1855.467 rows=1813245 loops=1)
        Buckets: 131072  Batches: 32  Memory Usage: 3022kB
        ->  Seq Scan on title t  (cost=0.00..67604.59 rows=1820708 width=4) (actual time=0.020..1273.187 rows=1813245 loops=1)
              Filter: (production_year > 1987)
              Rows Removed by Filter: 715067
Planning time: 0.775 ms
Execution time: 19145.835 ms
