Seq Scan on cast_info ci  (cost=0.00..796071.18 rows=5566453 width=0) (actual time=4517.123..14597.994 rows=7450425 loops=1)
  Filter: ((person_id > 832850) AND (role_id = 2))
  Rows Removed by Filter: 28793919
Planning time: 0.380 ms
Execution time: 15540.736 ms
