Hash Join  (cost=709678.15..736591.36 rows=273 width=0) (actual time=10847.526..11390.086 rows=9 loops=1)
  Hash Cond: (mi_idx.movie_id = t.id)
  ->  Seq Scan on movie_info_idx mi_idx  (cost=0.00..21735.35 rows=1380035 width=4) (actual time=0.021..337.388 rows=1380035 loops=1)
  ->  Hash  (cost=709671.90..709671.90 rows=500 width=8) (actual time=10816.719..10816.719 rows=63 loops=1)
        Buckets: 1024  Batches: 1  Memory Usage: 11kB
        ->  Nested Loop  (cost=0.43..709671.90 rows=500 width=8) (actual time=1262.096..10816.689 rows=63 loops=1)
              ->  Seq Scan on cast_info ci  (cost=0.00..705507.15 rows=500 width=4) (actual time=1261.997..10809.569 rows=63 loops=1)
                    Filter: (person_id = 1031426)
                    Rows Removed by Filter: 36244281
              ->  Index Only Scan using title_pkey on title t  (cost=0.43..8.32 rows=1 width=4) (actual time=0.111..0.111 rows=1 loops=63)
                    Index Cond: (id = ci.movie_id)
                    Heap Fetches: 63
Planning time: 5.030 ms
Execution time: 11390.195 ms
