Seq Scan on cast_info ci  (cost=0.00..796071.18 rows=5557684 width=0) (actual time=0.041..11866.675 rows=8562403 loops=1)
  Filter: ((person_id > 2831183) AND (role_id > 1))
  Rows Removed by Filter: 27681941
Planning time: 0.362 ms
Execution time: 12803.216 ms
