Hash Join  (cost=146730.98..678297.99 rows=3329932 width=0) (actual time=3170.428..18081.456 rows=6095542 loops=1)
  Hash Cond: (mi.movie_id = t.id)
  ->  Seq Scan on movie_info mi  (cost=0.00..346232.03 rows=12928982 width=4) (actual time=0.020..7543.521 rows=12970088 loops=1)
        Filter: (info_type_id < 18)
        Rows Removed by Filter: 1865632
  ->  Hash  (cost=136046.53..136046.53 rows=651236 width=8) (actual time=3169.385..3169.385 rows=539725 loops=1)
        Buckets: 131072  Batches: 16  Memory Usage: 2341kB
        ->  Hash Join  (cost=87180.69..136046.53 rows=651236 width=8) (actual time=1535.083..2991.430 rows=539725 loops=1)
              Hash Cond: (mi_idx.movie_id = t.id)
              ->  Seq Scan on movie_info_idx mi_idx  (cost=0.00..21735.35 rows=1380035 width=4) (actual time=0.016..438.240 rows=1380035 loops=1)
              ->  Hash  (cost=67604.59..67604.59 rows=1193208 width=4) (actual time=1534.064..1534.064 rows=1192518 loops=1)
                    Buckets: 131072  Batches: 16  Memory Usage: 3646kB
                    ->  Seq Scan on title t  (cost=0.00..67604.59 rows=1193208 width=4) (actual time=0.014..1168.628 rows=1192518 loops=1)
                          Filter: (production_year > 2003)
                          Rows Removed by Filter: 1335794
Planning time: 1.136 ms
Execution time: 18772.577 ms
