Hash Join  (cost=442407.41..526697.79 rows=218387 width=0) (actual time=7608.562..10320.183 rows=1159507 loops=1)
  Hash Cond: (mc.movie_id = t.id)
  ->  Seq Scan on movie_companies mc  (cost=0.00..51404.11 rows=2583037 width=4) (actual time=0.009..1170.036 rows=2584421 loops=1)
        Filter: (company_id < 212252)
        Rows Removed by Filter: 24708
  ->  Hash  (cost=438899.17..438899.17 rows=213779 width=8) (actual time=7607.840..7607.840 rows=443040 loops=1)
        Buckets: 131072 (originally 131072)  Batches: 8 (originally 4)  Memory Usage: 3204kB
        ->  Hash Join  (cost=78556.72..438899.17 rows=213779 width=8) (actual time=5313.269..7470.175 rows=443040 loops=1)
              Hash Cond: (mi.movie_id = t.id)
              ->  Seq Scan on movie_info mi  (cost=0.00..346232.03 rows=809768 width=4) (actual time=3739.461..5446.525 rows=802140 loops=1)
                    Filter: (info_type_id < 2)
                    Rows Removed by Filter: 14033580
              ->  Hash  (cost=67604.59..67604.59 rows=667531 width=4) (actual time=1410.454..1410.454 rows=662825 loops=1)
                    Buckets: 131072  Batches: 16  Memory Usage: 2485kB
                    ->  Seq Scan on title t  (cost=0.00..67604.59 rows=667531 width=4) (actual time=0.021..1200.719 rows=662825 loops=1)
                          Filter: (kind_id < 2)
                          Rows Removed by Filter: 1865487
Planning time: 0.815 ms
Execution time: 10455.083 ms
