Hash Join  (cost=156209.36..222950.08 rows=182340 width=0) (actual time=4244.256..6633.430 rows=487118 loops=1)
  Hash Cond: (mc.movie_id = t.id)
  ->  Seq Scan on movie_companies mc  (cost=0.00..51404.11 rows=1015256 width=4) (actual time=130.353..965.080 rows=1024192 loops=1)
        Filter: (company_id > 15809)
        Rows Removed by Filter: 1584937
  ->  Hash  (cost=148758.81..148758.81 rows=454124 width=8) (actual time=4113.002..4113.002 rows=459925 loops=1)
        Buckets: 131072  Batches: 8  Memory Usage: 3275kB
        ->  Hash Join  (cost=102767.86..148758.81 rows=454124 width=8) (actual time=2670.422..3962.972 rows=459925 loops=1)
              Hash Cond: (mi_idx.movie_id = t.id)
              ->  Seq Scan on movie_info_idx mi_idx  (cost=0.00..25185.44 rows=454124 width=4) (actual time=0.040..454.751 rows=459925 loops=1)
                    Filter: (info_type_id = 100)
                    Rows Removed by Filter: 920110
              ->  Hash  (cost=61283.27..61283.27 rows=2528527 width=4) (actual time=2668.457..2668.457 rows=2528312 loops=1)
                    Buckets: 131072  Batches: 64  Memory Usage: 2415kB
                    ->  Seq Scan on title t  (cost=0.00..61283.27 rows=2528527 width=4) (actual time=0.018..1144.648 rows=2528312 loops=1)
Planning time: 1.046 ms
Execution time: 6702.569 ms
