Hash Join  (cost=73954.59..438744.30 rows=13378 width=0) (actual time=973.014..8673.561 rows=21995 loops=1)
  Hash Cond: (mi.movie_id = t.id)
  ->  Seq Scan on movie_info mi  (cost=0.00..309384.22 rows=14739122 width=4) (actual time=0.014..4657.612 rows=14835720 loops=1)
  ->  Hash  (cost=73925.90..73925.90 rows=2295 width=4) (actual time=972.262..972.262 rows=3114 loops=1)
        Buckets: 4096  Batches: 1  Memory Usage: 142kB
        ->  Seq Scan on title t  (cost=0.00..73925.90 rows=2295 width=4) (actual time=308.634..970.744 rows=3114 loops=1)
              Filter: ((kind_id = 4) AND (production_year = 1999))
              Rows Removed by Filter: 2525198
Planning time: 0.796 ms
Execution time: 8678.202 ms
