Seq Scan on movie_keyword mk  (cost=0.00..81003.12 rows=2816138 width=0) (actual time=0.020..1311.568 rows=2809215 loops=1)
  Filter: (keyword_id < 8309)
  Rows Removed by Filter: 1714715
Planning time: 1.749 ms
Execution time: 1620.067 ms
