Hash Join  (cost=74816.49..835813.05 rows=1020739 width=0) (actual time=1234.840..26288.818 rows=1173027 loops=1)
  Hash Cond: (ci.movie_id = t.id)
  ->  Seq Scan on cast_info ci  (cost=0.00..614943.12 rows=36225612 width=4) (actual time=0.021..9151.137 rows=36244344 loops=1)
  ->  Hash  (cost=73925.90..73925.90 rows=71247 width=4) (actual time=1233.679..1233.679 rows=99366 loops=1)
        Buckets: 131072 (originally 131072)  Batches: 2 (originally 1)  Memory Usage: 3073kB
        ->  Seq Scan on title t  (cost=0.00..73925.90 rows=71247 width=4) (actual time=338.589..1190.048 rows=99366 loops=1)
              Filter: ((production_year > 1996) AND (kind_id = 4))
              Rows Removed by Filter: 2428946
Planning time: 0.713 ms
Execution time: 26452.992 ms
