Hash Join  (cost=83074.74..462538.84 rows=862 width=0) (actual time=1620.888..8810.040 rows=97501 loops=1)
  Hash Cond: (mi.movie_id = t.id)
  ->  Seq Scan on movie_info mi  (cost=0.00..346232.03 rows=8859586 width=4) (actual time=204.163..5920.653 rows=8966694 loops=1)
        Filter: (info_type_id < 15)
        Rows Removed by Filter: 5869026
  ->  Hash  (cost=83071.67..83071.67 rows=246 width=8) (actual time=1413.451..1413.451 rows=3924 loops=1)
        Buckets: 4096 (originally 1024)  Batches: 1 (originally 1)  Memory Usage: 186kB
        ->  Nested Loop  (cost=0.43..83071.67 rows=246 width=8) (actual time=0.420..1410.784 rows=3924 loops=1)
              ->  Seq Scan on movie_keyword mk  (cost=0.00..81003.12 rows=246 width=4) (actual time=0.349..1293.605 rows=3924 loops=1)
                    Filter: (keyword_id = 1741)
                    Rows Removed by Filter: 4520006
              ->  Index Only Scan using title_pkey on title t  (cost=0.43..8.40 rows=1 width=4) (actual time=0.029..0.029 rows=1 loops=3924)
                    Index Cond: (id = mk.movie_id)
                    Heap Fetches: 3924
Planning time: 3.795 ms
Execution time: 8824.273 ms
