Hash Join  (cost=74574.97..132593.67 rows=476 width=0) (actual time=1741.488..2233.699 rows=559 loops=1)
  Hash Cond: (mc.movie_id = t.id)
  ->  Seq Scan on movie_companies mc  (cost=0.00..57926.93 rows=23202 width=4) (actual time=0.052..863.541 rows=42064 loops=1)
        Filter: ((company_type_id < 2) AND (company_id = 19))
        Rows Removed by Filter: 2567065
  ->  Hash  (cost=73925.90..73925.90 rows=51925 width=4) (actual time=1351.891..1351.891 rows=56480 loops=1)
        Buckets: 65536  Batches: 1  Memory Usage: 2498kB
        ->  Seq Scan on title t  (cost=0.00..73925.90 rows=51925 width=4) (actual time=0.013..1326.546 rows=56480 loops=1)
              Filter: ((kind_id = 7) AND (production_year = 2004))
              Rows Removed by Filter: 2471832
Planning time: 0.760 ms
Execution time: 2233.948 ms
