Seq Scan on movie_companies mc  (cost=0.00..51404.11 rows=602728 width=0) (actual time=245.311..925.810 rows=607613 loops=1)
  Filter: (company_id > 65419)
  Rows Removed by Filter: 2001516
Planning time: 0.326 ms
Execution time: 1001.508 ms
