Hash Join  (cost=275362.37..899176.76 rows=11769656 width=0) (actual time=6198.076..40888.584 rows=98861208 loops=1)
  Hash Cond: (mi.movie_id = t.id)
  ->  Seq Scan on movie_info mi  (cost=0.00..309384.22 rows=14739122 width=4) (actual time=0.029..6050.860 rows=14835720 loops=1)
  ->  Hash  (cost=242235.50..242235.50 rows=2019109 width=8) (actual time=6196.496..6196.496 rows=2023603 loops=1)
        Buckets: 131072  Batches: 32  Memory Usage: 3559kB
        ->  Hash Join  (cost=102767.86..242235.50 rows=2019109 width=8) (actual time=2041.100..5595.232 rows=2023603 loops=1)
              Hash Cond: (mk.movie_id = t.id)
              ->  Seq Scan on movie_keyword mk  (cost=0.00..81003.12 rows=2019109 width=4) (actual time=0.012..1601.120 rows=2023603 loops=1)
                    Filter: (keyword_id < 3627)
                    Rows Removed by Filter: 2500327
              ->  Hash  (cost=61283.27..61283.27 rows=2528527 width=4) (actual time=2039.458..2039.458 rows=2528312 loops=1)
                    Buckets: 131072  Batches: 64  Memory Usage: 2425kB
                    ->  Seq Scan on title t  (cost=0.00..61283.27 rows=2528527 width=4) (actual time=0.010..1159.801 rows=2528312 loops=1)
Planning time: 1.601 ms
Execution time: 51502.665 ms
