Hash Join  (cost=129928.86..540348.23 rows=651960 width=169) (actual time=7008.241..11186.947 rows=660923 loops=1)
  Hash Cond: (mi.movie_id = t.id)
  ->  Seq Scan on movie_info mi  (cost=0.00..346232.03 rows=651960 width=75) (actual time=3643.135..6055.359 rows=660923 loops=1)
        Filter: (info_type_id = 18)
        Rows Removed by Filter: 14174797
  ->  Hash  (cost=61283.27..61283.27 rows=2528527 width=94) (actual time=3364.594..3364.594 rows=2528312 loops=1)
        Buckets: 32768  Batches: 128  Memory Usage: 2470kB
        ->  Seq Scan on title t  (cost=0.00..61283.27 rows=2528527 width=94) (actual time=0.024..1185.817 rows=2528312 loops=1)
Planning time: 0.918 ms
Execution time: 11225.851 ms
