Hash Join  (cost=92280.96..183245.34 rows=1154386 width=0) (actual time=2316.511..4397.183 rows=453324 loops=1)
  Hash Cond: (mc.movie_id = t.id)
  ->  Seq Scan on movie_companies mc  (cost=0.00..44881.29 rows=2609129 width=4) (actual time=0.014..912.285 rows=2609129 loops=1)
  ->  Hash  (cost=73925.90..73925.90 rows=1118724 width=4) (actual time=1860.625..1860.625 rows=1213086 loops=1)
        Buckets: 131072  Batches: 16  Memory Usage: 3701kB
        ->  Seq Scan on title t  (cost=0.00..73925.90 rows=1118724 width=4) (actual time=0.031..1479.673 rows=1213086 loops=1)
              Filter: ((production_year > 1986) AND (kind_id = 7))
              Rows Removed by Filter: 1315226
Planning time: 4.791 ms
Execution time: 4451.598 ms
