Hash Join  (cost=434768.64..1184237.92 rows=183313 width=0) (actual time=8918.973..20041.813 rows=148264 loops=1)
  Hash Cond: (ci.movie_id = t.id)
  ->  Seq Scan on cast_info ci  (cost=0.00..705507.15 rows=3600002 width=4) (actual time=1986.069..11637.429 rows=3615120 loops=1)
        Filter: (person_id > 3407143)
        Rows Removed by Filter: 32629224
  ->  Hash  (cost=432656.22..432656.22 rows=128753 width=8) (actual time=6931.975..6931.975 rows=168810 loops=1)
        Buckets: 131072 (originally 131072)  Batches: 4 (originally 2)  Memory Usage: 3073kB
        ->  Hash Join  (cost=74201.04..432656.22 rows=128753 width=8) (actual time=2235.658..6874.872 rows=168810 loops=1)
              Hash Cond: (mi.movie_id = t.id)
              ->  Seq Scan on movie_info mi  (cost=0.00..346232.03 rows=809768 width=4) (actual time=1000.419..5132.653 rows=802140 loops=1)
                    Filter: (info_type_id < 2)
                    Rows Removed by Filter: 14033580
              ->  Hash  (cost=67604.59..67604.59 rows=402036 width=4) (actual time=1234.232..1234.232 rows=395872 loops=1)
                    Buckets: 131072  Batches: 8  Memory Usage: 2765kB
                    ->  Seq Scan on title t  (cost=0.00..67604.59 rows=402036 width=4) (actual time=0.032..1095.649 rows=395872 loops=1)
                          Filter: (production_year < 1972)
                          Rows Removed by Filter: 2132440
Planning time: 1.212 ms
Execution time: 20058.923 ms
