Hash Join  (cost=920937.24..1335494.01 rows=628484 width=0) (actual time=17577.613..25920.705 rows=961824 loops=1)
  Hash Cond: (mi.movie_id = t.id)
  ->  Seq Scan on movie_info mi  (cost=0.00..346232.03 rows=5263441 width=4) (actual time=85.054..6119.710 rows=5270569 loops=1)
        Filter: (info_type_id > 15)
        Rows Removed by Filter: 9565151
  ->  Hash  (cost=915983.24..915983.24 rows=301920 width=8) (actual time=17491.739..17491.739 rows=113139 loops=1)
        Buckets: 131072  Batches: 4  Memory Usage: 2132kB
        ->  Hash Join  (cost=102767.86..915983.24 rows=301920 width=8) (actual time=8363.162..17453.683 rows=113139 loops=1)
              Hash Cond: (ci.movie_id = t.id)
              ->  Seq Scan on cast_info ci  (cost=0.00..796071.18 rows=301920 width=4) (actual time=6457.257..15088.078 rows=113139 loops=1)
                    Filter: ((person_id < 3165922) AND (role_id > 10))
                    Rows Removed by Filter: 36131205
              ->  Hash  (cost=61283.27..61283.27 rows=2528527 width=4) (actual time=1904.314..1904.314 rows=2528312 loops=1)
                    Buckets: 131072  Batches: 64  Memory Usage: 2415kB
                    ->  Seq Scan on title t  (cost=0.00..61283.27 rows=2528527 width=4) (actual time=0.024..1042.569 rows=2528312 loops=1)
Planning time: 1.151 ms
Execution time: 26036.385 ms
