Seq Scan on movie_companies mc  (cost=0.00..57926.93 rows=902191 width=0) (actual time=558.698..1062.565 rows=580468 loops=1)
  Filter: ((company_id < 25414) AND (company_type_id = 2))
  Rows Removed by Filter: 2028661
Planning time: 0.691 ms
Execution time: 1133.232 ms
