Seq Scan on cast_info ci  (cost=0.00..796071.18 rows=106246 width=0) (actual time=9492.367..12416.874 rows=43621 loops=1)
  Filter: ((person_id < 1070815) AND (role_id > 10))
  Rows Removed by Filter: 36200723
Planning time: 0.358 ms
Execution time: 12422.706 ms
