Seq Scan on movie_companies mc  (cost=0.00..51404.11 rows=611888 width=0) (actual time=0.027..801.951 rows=616119 loops=1)
  Filter: (company_id > 63232)
  Rows Removed by Filter: 1993010
Planning time: 0.328 ms
Execution time: 877.983 ms
