Hash Join  (cost=74440.79..420743.00 rows=292 width=0) (actual time=3838.009..6188.036 rows=703 loops=1)
  Hash Cond: (mi.movie_id = t.id)
  ->  Seq Scan on movie_info mi  (cost=0.00..346232.03 rows=17937 width=4) (actual time=2495.097..4974.637 rows=61128 loops=1)
        Filter: (info_type_id = 103)
        Rows Removed by Filter: 14774592
  ->  Hash  (cost=73925.90..73925.90 rows=41191 width=4) (actual time=1193.701..1193.701 rows=43851 loops=1)
        Buckets: 65536  Batches: 1  Memory Usage: 2054kB
        ->  Seq Scan on title t  (cost=0.00..73925.90 rows=41191 width=4) (actual time=0.032..1175.892 rows=43851 loops=1)
              Filter: ((kind_id = 7) AND (production_year = 2003))
              Rows Removed by Filter: 2484461
Planning time: 0.776 ms
Execution time: 6188.358 ms
