Hash Join  (cost=74179.22..101200.30 rows=11060 width=0) (actual time=1004.138..1607.839 rows=20523 loops=1)
  Hash Cond: (mi_idx.movie_id = t.id)
  ->  Seq Scan on movie_info_idx mi_idx  (cost=0.00..21735.35 rows=1380035 width=4) (actual time=0.030..304.492 rows=1380035 loops=1)
  ->  Hash  (cost=73925.90..73925.90 rows=20265 width=4) (actual time=1003.818..1003.818 rows=13840 loops=1)
        Buckets: 32768  Batches: 1  Memory Usage: 743kB
        ->  Seq Scan on title t  (cost=0.00..73925.90 rows=20265 width=4) (actual time=0.064..997.362 rows=13840 loops=1)
              Filter: ((kind_id < 3) AND (production_year = 2003))
              Rows Removed by Filter: 2514472
Planning time: 0.747 ms
Execution time: 1610.874 ms
