Hash Join  (cost=234704.89..1380826.23 rows=9303087 width=0) (actual time=9342.619..51115.934 rows=67122869 loops=1)
  Hash Cond: (ci.movie_id = t.id)
  ->  Seq Scan on cast_info ci  (cost=0.00..796071.18 rows=19695861 width=4) (actual time=2996.039..16884.255 rows=18723801 loops=1)
        Filter: ((person_id > 1007931) AND (role_id < 6))
        Rows Removed by Filter: 17520543
  ->  Hash  (cost=215109.93..215109.93 rows=1194317 width=8) (actual time=6344.343..6344.343 rows=2886675 loops=1)
        Buckets: 131072 (originally 131072)  Batches: 64 (originally 16)  Memory Usage: 3073kB
        ->  Hash Join  (cost=78556.72..215109.93 rows=1194317 width=8) (actual time=1228.889..5606.404 rows=2886675 loops=1)
              Hash Cond: (mk.movie_id = t.id)
              ->  Seq Scan on movie_keyword mk  (cost=0.00..69693.30 rows=4523930 width=4) (actual time=0.036..1486.358 rows=4523930 loops=1)
              ->  Hash  (cost=67604.59..67604.59 rows=667531 width=4) (actual time=1227.712..1227.712 rows=662825 loops=1)
                    Buckets: 131072  Batches: 16  Memory Usage: 2486kB
                    ->  Seq Scan on title t  (cost=0.00..67604.59 rows=667531 width=4) (actual time=0.018..1013.763 rows=662825 loops=1)
                          Filter: (kind_id < 2)
                          Rows Removed by Filter: 1865487
Planning time: 1.148 ms
Execution time: 58547.342 ms
