Hash Join  (cost=877727.04..1031817.10 rows=2633702 width=0) (actual time=14900.527..20622.338 rows=8328384 loops=1)
  Hash Cond: (mk.movie_id = t.id)
  ->  Seq Scan on movie_keyword mk  (cost=0.00..69693.30 rows=4523930 width=4) (actual time=0.018..1393.081 rows=4523930 loops=1)
  ->  Hash  (cost=853575.59..853575.59 rows=1472036 width=8) (actual time=14898.499..14898.499 rows=1396148 loops=1)
        Buckets: 131072  Batches: 32  Memory Usage: 2750kB
        ->  Hash Join  (cost=102767.86..853575.59 rows=1472036 width=8) (actual time=3755.395..14460.753 rows=1396148 loops=1)
              Hash Cond: (ci.movie_id = t.id)
              ->  Seq Scan on cast_info ci  (cost=0.00..705507.15 rows=1472036 width=4) (actual time=1822.241..10895.059 rows=1396148 loops=1)
                    Filter: (person_id < 140097)
                    Rows Removed by Filter: 34848196
              ->  Hash  (cost=61283.27..61283.27 rows=2528527 width=4) (actual time=1917.992..1917.992 rows=2528312 loops=1)
                    Buckets: 131072  Batches: 64  Memory Usage: 2415kB
                    ->  Seq Scan on title t  (cost=0.00..61283.27 rows=2528527 width=4) (actual time=0.015..1059.462 rows=2528312 loops=1)
Planning time: 1.102 ms
Execution time: 21620.062 ms
