Seq Scan on movie_companies mc  (cost=0.00..51404.11 rows=104 width=0) (actual time=117.485..764.571 rows=453 loops=1)
  Filter: (company_id = 1758)
  Rows Removed by Filter: 2608676
Planning time: 0.391 ms
Execution time: 764.777 ms
