Hash Join  (cost=102767.86..972226.04 rows=2639323 width=0) (actual time=4621.515..20098.691 rows=5546130 loops=1)
  Hash Cond: (ci.movie_id = t.id)
  ->  Seq Scan on cast_info ci  (cost=0.00..796071.18 rows=2639323 width=4) (actual time=2596.780..13198.568 rows=5546130 loops=1)
        Filter: ((person_id > 2460062) AND (role_id > 6))
        Rows Removed by Filter: 30698214
  ->  Hash  (cost=61283.27..61283.27 rows=2528527 width=4) (actual time=2023.327..2023.327 rows=2528312 loops=1)
        Buckets: 131072  Batches: 64  Memory Usage: 2415kB
        ->  Seq Scan on title t  (cost=0.00..61283.27 rows=2528527 width=4) (actual time=0.024..1136.661 rows=2528312 loops=1)
Planning time: 0.771 ms
Execution time: 20736.946 ms
