Seq Scan on movie_companies mc  (cost=0.00..57926.93 rows=454666 width=0) (actual time=0.021..919.875 rows=656031 loops=1)
  Filter: ((company_id < 3263) AND (company_type_id < 2))
  Rows Removed by Filter: 1953098
Planning time: 0.389 ms
Execution time: 1007.430 ms
