Hash Join  (cost=179823.00..1236945.93 rows=2270071 width=0) (actual time=3777.582..38543.655 rows=18332381 loops=1)
  Hash Cond: (ci.movie_id = t.id)
  ->  Seq Scan on cast_info ci  (cost=0.00..614943.12 rows=36225612 width=4) (actual time=0.016..13030.077 rows=36244344 loops=1)
  ->  Hash  (cost=177223.38..177223.38 rows=158450 width=8) (actual time=3776.495..3776.495 rows=507190 loops=1)
        Buckets: 131072 (originally 131072)  Batches: 8 (originally 4)  Memory Usage: 3543kB
        ->  Hash Join  (cost=79366.51..177223.38 rows=158450 width=8) (actual time=1349.496..3623.650 rows=507190 loops=1)
              Hash Cond: (mk.movie_id = t.id)
              ->  Seq Scan on movie_keyword mk  (cost=0.00..81003.12 rows=1208332 width=4) (actual time=0.038..1501.715 rows=1209487 loops=1)
                    Filter: (keyword_id < 1517)
                    Rows Removed by Filter: 3314443
              ->  Hash  (cost=73925.90..73925.90 rows=331568 width=4) (actual time=1348.687..1348.687 rows=445194 loops=1)
                    Buckets: 131072  Batches: 8  Memory Usage: 2999kB
                    ->  Seq Scan on title t  (cost=0.00..73925.90 rows=331568 width=4) (actual time=0.017..1199.620 rows=445194 loops=1)
                          Filter: ((kind_id < 7) AND (production_year < 1996))
                          Rows Removed by Filter: 2083118
Planning time: 1.196 ms
Execution time: 40723.986 ms
