Hash Join  (cost=83074.05..833883.41 rows=2017 width=0) (actual time=1408.899..16560.012 rows=41295 loops=1)
  Hash Cond: (ci.movie_id = t.id)
  ->  Seq Scan on cast_info ci  (cost=0.00..614943.12 rows=36225612 width=4) (actual time=0.022..8242.446 rows=36244344 loops=1)
  ->  Hash  (cost=83072.29..83072.29 rows=141 width=8) (actual time=1408.371..1408.371 rows=1111 loops=1)
        Buckets: 2048 (originally 1024)  Batches: 1 (originally 1)  Memory Usage: 60kB
        ->  Nested Loop  (cost=0.43..83072.29 rows=141 width=8) (actual time=2.229..1407.398 rows=1111 loops=1)
              ->  Seq Scan on movie_keyword mk  (cost=0.00..81003.12 rows=246 width=4) (actual time=2.194..1346.280 rows=1293 loops=1)
                    Filter: (keyword_id = 3534)
                    Rows Removed by Filter: 4522637
              ->  Index Scan using title_pkey on title t  (cost=0.43..8.40 rows=1 width=4) (actual time=0.045..0.046 rows=1 loops=1293)
                    Index Cond: (id = mk.movie_id)
                    Filter: (production_year < 2006)
                    Rows Removed by Filter: 0
Planning time: 1.178 ms
Execution time: 16570.049 ms
