Seq Scan on movie_companies mc  (cost=0.00..51404.11 rows=1242157 width=0) (actual time=0.018..901.275 rows=1257335 loops=1)
  Filter: (company_id > 11613)
  Rows Removed by Filter: 1351794
Planning time: 0.320 ms
Execution time: 1057.098 ms
