Hash Join  (cost=74814.85..162745.27 rows=127238 width=0) (actual time=1202.366..3798.052 rows=575449 loops=1)
  Hash Cond: (mk.movie_id = t.id)
  ->  Seq Scan on movie_keyword mk  (cost=0.00..69693.30 rows=4523930 width=4) (actual time=0.011..1097.492 rows=4523930 loops=1)
  ->  Hash  (cost=73925.90..73925.90 rows=71116 width=4) (actual time=1201.625..1201.625 rows=170723 loops=1)
        Buckets: 131072 (originally 131072)  Batches: 2 (originally 1)  Memory Usage: 4028kB
        ->  Seq Scan on title t  (cost=0.00..73925.90 rows=71116 width=4) (actual time=0.239..1136.208 rows=170723 loops=1)
              Filter: ((kind_id < 7) AND (production_year < 1953))
              Rows Removed by Filter: 2357589
Planning time: 0.780 ms
Execution time: 3859.332 ms
