Seq Scan on movie_keyword mk  (cost=0.00..81003.12 rows=246 width=0) (actual time=3.312..1295.402 rows=20 loops=1)
  Filter: (keyword_id = 74657)
  Rows Removed by Filter: 4523910
Planning time: 0.399 ms
Execution time: 1295.510 ms
