Hash Join  (cost=101856.13..154221.01 rows=1118 width=0) (actual time=2139.014..2754.529 rows=6217 loops=1)
  Hash Cond: (mc.movie_id = t.id)
  ->  Seq Scan on movie_companies mc  (cost=0.00..51404.11 rows=253226 width=4) (actual time=192.277..757.033 rows=256719 loops=1)
        Filter: (company_id > 100031)
        Rows Removed by Filter: 2352410
  ->  Hash  (cost=101716.65..101716.65 rows=11158 width=8) (actual time=1946.488..1946.488 rows=8951 loops=1)
        Buckets: 16384  Batches: 1  Memory Usage: 478kB
        ->  Hash Join  (cost=74690.97..101716.65 rows=11158 width=8) (actual time=1277.712..1942.727 rows=8951 loops=1)
              Hash Cond: (mi_idx.movie_id = t.id)
              ->  Seq Scan on movie_info_idx mi_idx  (cost=0.00..25185.44 rows=460978 width=4) (actual time=0.021..519.158 rows=459925 loops=1)
                    Filter: (info_type_id = 99)
                    Rows Removed by Filter: 920110
              ->  Hash  (cost=73925.90..73925.90 rows=61205 width=4) (actual time=1265.069..1265.069 rows=61581 loops=1)
                    Buckets: 65536  Batches: 1  Memory Usage: 2677kB
                    ->  Seq Scan on title t  (cost=0.00..73925.90 rows=61205 width=4) (actual time=0.022..1241.547 rows=61581 loops=1)
                          Filter: ((production_year > 2011) AND (kind_id = 1))
                          Rows Removed by Filter: 2466731
Planning time: 1.140 ms
Execution time: 2755.736 ms
