Hash Join  (cost=799164.61..1163842.05 rows=2151 width=0) (actual time=14811.404..21406.607 rows=36 loops=1)
  Hash Cond: (mi.movie_id = t.id)
  ->  Seq Scan on movie_info mi  (cost=0.00..309384.22 rows=14739122 width=4) (actual time=0.021..4313.334 rows=14835720 loops=1)
  ->  Hash  (cost=799160.00..799160.00 rows=369 width=8) (actual time=14583.539..14583.539 rows=2 loops=1)
        Buckets: 1024  Batches: 1  Memory Usage: 9kB
        ->  Nested Loop  (cost=0.43..799160.00 rows=369 width=8) (actual time=7018.579..14583.505 rows=2 loops=1)
              ->  Seq Scan on cast_info ci  (cost=0.00..796071.18 rows=369 width=4) (actual time=7018.388..14583.225 rows=2 loops=1)
                    Filter: ((role_id < 5) AND (person_id = 2839376))
                    Rows Removed by Filter: 36244342
              ->  Index Only Scan using title_pkey on title t  (cost=0.43..8.36 rows=1 width=4) (actual time=0.083..0.084 rows=1 loops=2)
                    Index Cond: (id = ci.movie_id)
                    Heap Fetches: 2
Planning time: 1.243 ms
Execution time: 21406.773 ms
