Seq Scan on movie_keyword mk  (cost=0.00..81003.12 rows=2587701 width=0) (actual time=0.015..1572.803 rows=2574170 loops=1)
  Filter: (keyword_id > 3379)
  Rows Removed by Filter: 1949760
Planning time: 2.983 ms
Execution time: 1891.225 ms
