Hash Join  (cost=102767.86..1392958.06 rows=23887942 width=0) (actual time=1808.266..36213.562 rows=23812583 loops=1)
  Hash Cond: (ci.movie_id = t.id)
  ->  Seq Scan on cast_info ci  (cost=0.00..705507.15 rows=23887942 width=4) (actual time=0.021..15534.892 rows=23812583 loops=1)
        Filter: (person_id < 2441085)
        Rows Removed by Filter: 12431761
  ->  Hash  (cost=61283.27..61283.27 rows=2528527 width=4) (actual time=1806.702..1806.702 rows=2528312 loops=1)
        Buckets: 131072  Batches: 64  Memory Usage: 2415kB
        ->  Seq Scan on title t  (cost=0.00..61283.27 rows=2528527 width=4) (actual time=0.013..988.794 rows=2528312 loops=1)
Planning time: 0.785 ms
Execution time: 38795.829 ms
