Hash Join  (cost=368790.89..1173047.07 rows=25227255 width=0) (actual time=8709.996..73995.993 rows=227459974 loops=1)
  Hash Cond: (mi.movie_id = t.id)
  ->  Seq Scan on movie_info mi  (cost=0.00..309384.22 rows=14739122 width=4) (actual time=0.010..6453.498 rows=14835720 loops=1)
  ->  Hash  (cost=297787.54..297787.54 rows=4327788 width=8) (actual time=8703.834..8703.834 rows=4308082 loops=1)
        Buckets: 131072  Batches: 64  Memory Usage: 3756kB
        ->  Hash Join  (cost=102767.86..297787.54 rows=4327788 width=8) (actual time=1977.241..7533.980 rows=4308082 loops=1)
              Hash Cond: (mk.movie_id = t.id)
              ->  Seq Scan on movie_keyword mk  (cost=0.00..81003.12 rows=4327788 width=4) (actual time=0.014..1821.749 rows=4308082 loops=1)
                    Filter: (keyword_id > 141)
                    Rows Removed by Filter: 215848
              ->  Hash  (cost=61283.27..61283.27 rows=2528527 width=4) (actual time=1974.692..1974.692 rows=2528312 loops=1)
                    Buckets: 131072  Batches: 64  Memory Usage: 2425kB
                    ->  Seq Scan on title t  (cost=0.00..61283.27 rows=2528527 width=4) (actual time=0.016..1106.300 rows=2528312 loops=1)
Planning time: 1.116 ms
Execution time: 99383.937 ms
