Hash Join  (cost=256337.17..1594340.98 rows=22080529 width=0) (actual time=7254.156..74937.155 rows=156408676 loops=1)
  Hash Cond: (ci.movie_id = t.id)
  ->  Seq Scan on cast_info ci  (cost=0.00..705507.15 rows=31593073 width=4) (actual time=0.029..17226.251 rows=31571482 loops=1)
        Filter: (person_id < 3214745)
        Rows Removed by Filter: 4672862
  ->  Hash  (cost=227343.19..227343.19 rows=1767198 width=8) (actual time=7251.122..7251.122 rows=3878469 loops=1)
        Buckets: 131072 (originally 131072)  Batches: 64 (originally 32)  Memory Usage: 3438kB
        ->  Hash Join  (cost=83810.17..227343.19 rows=1767198 width=8) (actual time=1614.980..6132.600 rows=3878469 loops=1)
              Hash Cond: (mk.movie_id = t.id)
              ->  Seq Scan on movie_keyword mk  (cost=0.00..69693.30 rows=4523930 width=4) (actual time=0.018..1374.687 rows=4523930 loops=1)
              ->  Hash  (cost=67604.59..67604.59 rows=987727 width=4) (actual time=1613.972..1613.972 rows=985048 loops=1)
                    Buckets: 131072  Batches: 16  Memory Usage: 3197kB
                    ->  Seq Scan on title t  (cost=0.00..67604.59 rows=987727 width=4) (actual time=0.031..1152.789 rows=985048 loops=1)
                          Filter: (kind_id < 7)
                          Rows Removed by Filter: 1543264
Planning time: 1.162 ms
Execution time: 90822.660 ms
