Hash Join  (cost=102767.86..1141389.47 rows=9669442 width=0) (actual time=1877.203..29155.399 rows=12670688 loops=1)
  Hash Cond: (ci.movie_id = t.id)
  ->  Seq Scan on cast_info ci  (cost=0.00..796071.18 rows=9669442 width=4) (actual time=59.073..16806.524 rows=12670688 loops=1)
        Filter: ((person_id < 2819669) AND (role_id < 2))
        Rows Removed by Filter: 23573656
  ->  Hash  (cost=61283.27..61283.27 rows=2528527 width=4) (actual time=1816.817..1816.817 rows=2528312 loops=1)
        Buckets: 131072  Batches: 64  Memory Usage: 2415kB
        ->  Seq Scan on title t  (cost=0.00..61283.27 rows=2528527 width=4) (actual time=0.024..1011.466 rows=2528312 loops=1)
Planning time: 0.799 ms
Execution time: 30588.859 ms
