Nested Loop  (cost=0.43..798787.41 rows=324 width=0) (actual time=7898.244..14022.412 rows=67 loops=1)
  ->  Seq Scan on cast_info ci  (cost=0.00..796071.18 rows=324 width=4) (actual time=7898.129..14021.177 rows=67 loops=1)
        Filter: ((role_id > 1) AND (person_id = 2701863))
        Rows Removed by Filter: 36244277
  ->  Index Only Scan using title_pkey on title t  (cost=0.43..8.37 rows=1 width=4) (actual time=0.017..0.017 rows=1 loops=67)
        Index Cond: (id = ci.movie_id)
        Heap Fetches: 67
Planning time: 0.805 ms
Execution time: 14022.502 ms
