Hash Join  (cost=102767.86..920135.58 rows=474495 width=0) (actual time=12961.408..15208.945 rows=667724 loops=1)
  Hash Cond: (ci.movie_id = t.id)
  ->  Seq Scan on cast_info ci  (cost=0.00..796071.18 rows=474495 width=4) (actual time=11029.351..12416.519 rows=667724 loops=1)
        Filter: ((person_id > 1672166) AND (role_id = 5))
        Rows Removed by Filter: 35576620
  ->  Hash  (cost=61283.27..61283.27 rows=2528527 width=4) (actual time=1931.009..1931.009 rows=2528312 loops=1)
        Buckets: 131072  Batches: 64  Memory Usage: 2415kB
        ->  Seq Scan on title t  (cost=0.00..61283.27 rows=2528527 width=4) (actual time=0.023..1093.343 rows=2528312 loops=1)
Planning time: 0.815 ms
Execution time: 15280.327 ms
