Hash Join  (cost=83074.31..447739.68 rows=946 width=0) (actual time=1352.941..8388.278 rows=873 loops=1)
  Hash Cond: (mi.movie_id = t.id)
  ->  Seq Scan on movie_info mi  (cost=0.00..309384.22 rows=14739122 width=4) (actual time=0.017..4287.330 rows=14835720 loops=1)
  ->  Hash  (cost=83072.29..83072.29 rows=162 width=8) (actual time=1350.634..1350.634 rows=59 loops=1)
        Buckets: 1024  Batches: 1  Memory Usage: 11kB
        ->  Nested Loop  (cost=0.43..83072.29 rows=162 width=8) (actual time=529.455..1350.555 rows=59 loops=1)
              ->  Seq Scan on movie_keyword mk  (cost=0.00..81003.12 rows=246 width=4) (actual time=2.684..1339.005 rows=176 loops=1)
                    Filter: (keyword_id = 13643)
                    Rows Removed by Filter: 4523754
              ->  Index Scan using title_pkey on title t  (cost=0.43..8.40 rows=1 width=4) (actual time=0.062..0.062 rows=0 loops=176)
                    Index Cond: (id = mk.movie_id)
                    Filter: (kind_id > 3)
                    Rows Removed by Filter: 1
Planning time: 1.209 ms
Execution time: 8388.727 ms
