Hash Join  (cost=508567.53..1299722.78 rows=2524136 width=0) (actual time=14616.553..23966.698 rows=1921383 loops=1)
  Hash Cond: (ci.movie_id = t.id)
  ->  Seq Scan on cast_info ci  (cost=0.00..705507.15 rows=4772466 width=4) (actual time=5516.653..11815.020 rows=4808133 loops=1)
        Filter: (person_id > 3195806)
        Rows Removed by Filter: 31436211
  ->  Hash  (cost=486626.96..486626.96 rows=1337326 width=8) (actual time=9097.166..9097.166 rows=370692 loops=1)
        Buckets: 131072  Batches: 32  Memory Usage: 1463kB
        ->  Hash Join  (cost=92883.59..486626.96 rows=1337326 width=8) (actual time=2039.005..8983.823 rows=370692 loops=1)
              Hash Cond: (mi.movie_id = t.id)
              ->  Seq Scan on movie_info mi  (cost=0.00..346232.03 rows=2194617 width=4) (actual time=236.865..5778.722 rows=2233850 loops=1)
                    Filter: (info_type_id > 16)
                    Rows Removed by Filter: 12601870
              ->  Hash  (cost=67604.59..67604.59 rows=1540800 width=4) (actual time=1772.092..1772.092 rows=1543264 loops=1)
                    Buckets: 131072  Batches: 32  Memory Usage: 2728kB
                    ->  Seq Scan on title t  (cost=0.00..67604.59 rows=1540800 width=4) (actual time=163.066..1268.993 rows=1543264 loops=1)
                          Filter: (kind_id = 7)
                          Rows Removed by Filter: 985048
Planning time: 1.177 ms
Execution time: 24180.729 ms
