Hash Join  (cost=156209.36..873185.35 rows=130339 width=0) (actual time=6693.294..16354.120 rows=323023 loops=1)
  Hash Cond: (ci.movie_id = t.id)
  ->  Seq Scan on cast_info ci  (cost=0.00..705507.15 rows=725720 width=4) (actual time=3503.135..12670.455 rows=773674 loops=1)
        Filter: (role_id = 6)
        Rows Removed by Filter: 35470670
  ->  Hash  (cost=148758.81..148758.81 rows=454124 width=8) (actual time=3189.421..3189.421 rows=459925 loops=1)
        Buckets: 131072  Batches: 8  Memory Usage: 3275kB
        ->  Hash Join  (cost=102767.86..148758.81 rows=454124 width=8) (actual time=1860.290..3064.145 rows=459925 loops=1)
              Hash Cond: (mi_idx.movie_id = t.id)
              ->  Seq Scan on movie_info_idx mi_idx  (cost=0.00..25185.44 rows=454124 width=4) (actual time=0.020..467.644 rows=459925 loops=1)
                    Filter: (info_type_id = 100)
                    Rows Removed by Filter: 920110
              ->  Hash  (cost=61283.27..61283.27 rows=2528527 width=4) (actual time=1859.215..1859.215 rows=2528312 loops=1)
                    Buckets: 131072  Batches: 64  Memory Usage: 2415kB
                    ->  Seq Scan on title t  (cost=0.00..61283.27 rows=2528527 width=4) (actual time=0.012..1017.705 rows=2528312 loops=1)
Planning time: 4.099 ms
Execution time: 16388.510 ms
