Hash Join  (cost=156632.57..222686.31 rows=86543 width=0) (actual time=3716.028..5080.939 rows=422493 loops=1)
  Hash Cond: (mc.movie_id = t.id)
  ->  Seq Scan on movie_companies mc  (cost=0.00..57926.93 rows=471033 width=4) (actual time=281.156..1121.261 rows=676839 loops=1)
        Filter: ((company_id < 3929) AND (company_type_id < 2))
        Rows Removed by Filter: 1932290
  ->  Hash  (cost=149010.49..149010.49 rows=464566 width=8) (actual time=3434.022..3434.022 rows=459925 loops=1)
        Buckets: 131072  Batches: 8  Memory Usage: 3275kB
        ->  Hash Join  (cost=102767.86..149010.49 rows=464566 width=8) (actual time=2117.300..3304.150 rows=459925 loops=1)
              Hash Cond: (mi_idx.movie_id = t.id)
              ->  Seq Scan on movie_info_idx mi_idx  (cost=0.00..25185.44 rows=464566 width=4) (actual time=0.028..421.873 rows=459925 loops=1)
                    Filter: (info_type_id = 101)
                    Rows Removed by Filter: 920110
              ->  Hash  (cost=61283.27..61283.27 rows=2528527 width=4) (actual time=2116.240..2116.240 rows=2528312 loops=1)
                    Buckets: 131072  Batches: 64  Memory Usage: 2415kB
                    ->  Seq Scan on title t  (cost=0.00..61283.27 rows=2528527 width=4) (actual time=0.028..993.805 rows=2528312 loops=1)
Planning time: 1.176 ms
Execution time: 5135.384 ms
