Seq Scan on movie_keyword mk  (cost=0.00..81003.12 rows=1537993 width=0) (actual time=0.022..1454.203 rows=1552364 loops=1)
  Filter: (keyword_id > 10156)
  Rows Removed by Filter: 2971566
Planning time: 0.328 ms
Execution time: 1668.197 ms
