Hash Join  (cost=220121.39..776078.39 rows=7136807 width=0) (actual time=6477.804..26070.627 rows=18995801 loops=1)
  Hash Cond: (mi.movie_id = t.id)
  ->  Seq Scan on movie_info mi  (cost=0.00..309384.22 rows=14739122 width=4) (actual time=0.019..5624.941 rows=14835720 loops=1)
  ->  Hash  (cost=200034.22..200034.22 rows=1224334 width=8) (actual time=6476.665..6476.665 rows=1291703 loops=1)
        Buckets: 131072 (originally 131072)  Batches: 32 (originally 16)  Memory Usage: 3073kB
        ->  Hash Join  (cost=102767.86..200034.22 rows=1224334 width=8) (actual time=2838.246..5564.541 rows=1291703 loops=1)
              Hash Cond: (mc.movie_id = t.id)
              ->  Seq Scan on movie_companies mc  (cost=0.00..57926.93 rows=1224334 width=4) (actual time=21.355..1115.443 rows=1291703 loops=1)
                    Filter: ((company_id > 67) AND (company_type_id = 2))
                    Rows Removed by Filter: 1317426
              ->  Hash  (cost=61283.27..61283.27 rows=2528527 width=4) (actual time=2815.661..2815.661 rows=2528312 loops=1)
                    Buckets: 131072  Batches: 64  Memory Usage: 2415kB
                    ->  Seq Scan on title t  (cost=0.00..61283.27 rows=2528527 width=4) (actual time=0.025..988.871 rows=2528312 loops=1)
Planning time: 1.319 ms
Execution time: 28164.837 ms
