Seq Scan on title t  (cost=0.00..73925.90 rows=54052 width=0) (actual time=231.058..1062.685 rows=72269 loops=1)
  Filter: ((production_year > 2003) AND (kind_id = 4))
  Rows Removed by Filter: 2456043
Planning time: 0.388 ms
Execution time: 1072.277 ms
