Seq Scan on movie_companies mc  (cost=0.00..51404.11 rows=104 width=0) (actual time=55.717..746.247 rows=4 loops=1)
  Filter: (company_id = 118322)
  Rows Removed by Filter: 2609125
Planning time: 0.373 ms
Execution time: 746.324 ms
