Hash Join  (cost=102767.86..177332.33 rows=280833 width=0) (actual time=1947.141..3625.302 rows=555353 loops=1)
  Hash Cond: (mc.movie_id = t.id)
  ->  Seq Scan on movie_companies mc  (cost=0.00..57926.93 rows=280833 width=4) (actual time=27.134..884.081 rows=555353 loops=1)
        Filter: ((company_id > 71742) AND (company_type_id > 1))
        Rows Removed by Filter: 2053776
  ->  Hash  (cost=61283.27..61283.27 rows=2528527 width=4) (actual time=1917.077..1917.077 rows=2528312 loops=1)
        Buckets: 131072  Batches: 64  Memory Usage: 2415kB
        ->  Seq Scan on title t  (cost=0.00..61283.27 rows=2528527 width=4) (actual time=0.019..1076.528 rows=2528312 loops=1)
Planning time: 0.716 ms
Execution time: 3687.860 ms
