Hash Join  (cost=255727.64..847886.42 rows=8802897 width=0) (actual time=5559.504..37140.266 rows=84031587 loops=1)
  Hash Cond: (mi.movie_id = t.id)
  ->  Seq Scan on movie_info mi  (cost=0.00..309384.22 rows=14739122 width=4) (actual time=0.023..5958.295 rows=14835720 loops=1)
  ->  Hash  (cost=230950.70..230950.70 rows=1510155 width=8) (actual time=5557.250..5557.250 rows=1449519 loops=1)
        Buckets: 131072  Batches: 32  Memory Usage: 2837kB
        ->  Hash Join  (cost=104196.70..230950.70 rows=1510155 width=8) (actual time=2029.326..5116.723 rows=1449519 loops=1)
              Hash Cond: (mk.movie_id = t.id)
              ->  Seq Scan on movie_keyword mk  (cost=0.00..81003.12 rows=1712065 width=4) (actual time=0.018..1466.443 rows=1719013 loops=1)
                    Filter: (keyword_id > 8263)
                    Rows Removed by Filter: 2804917
              ->  Hash  (cost=67604.59..67604.59 rows=2230329 width=4) (actual time=2028.255..2028.255 rows=2225335 loops=1)
                    Buckets: 131072  Batches: 32  Memory Usage: 3481kB
                    ->  Seq Scan on title t  (cost=0.00..67604.59 rows=2230329 width=4) (actual time=0.018..1288.697 rows=2225335 loops=1)
                          Filter: (production_year > 1958)
                          Rows Removed by Filter: 302977
Planning time: 1.105 ms
Execution time: 46310.013 ms
