Seq Scan on movie_keyword mk  (cost=0.00..81003.12 rows=2038463 width=0) (actual time=0.018..1541.947 rows=2044016 loops=1)
  Filter: (keyword_id > 6009)
  Rows Removed by Filter: 2479914
Planning time: 5.354 ms
Execution time: 1786.890 ms
