Hash Join  (cost=83440.39..126563.77 rows=316490 width=0) (actual time=1462.681..2772.283 rows=481644 loops=1)
  Hash Cond: (mi_idx.movie_id = t.id)
  ->  Seq Scan on movie_info_idx mi_idx  (cost=0.00..21735.35 rows=1380035 width=4) (actual time=0.021..453.708 rows=1380035 loops=1)
  ->  Hash  (cost=73925.90..73925.90 rows=579879 width=4) (actual time=1461.861..1461.861 rows=492958 loops=1)
        Buckets: 131072  Batches: 8  Memory Usage: 3188kB
        ->  Seq Scan on title t  (cost=0.00..73925.90 rows=579879 width=4) (actual time=0.024..1264.439 rows=492958 loops=1)
              Filter: ((kind_id < 7) AND (production_year > 1998))
              Rows Removed by Filter: 2035354
Planning time: 0.795 ms
Execution time: 2835.220 ms
