Seq Scan on cast_info ci  (cost=0.00..796071.18 rows=158662 width=0) (actual time=497.627..10541.366 rows=179620 loops=1)
  Filter: ((person_id < 28241) AND (role_id < 3))
  Rows Removed by Filter: 36064724
Planning time: 0.233 ms
Execution time: 10564.370 ms
