Hash Join  (cost=83073.10..109983.93 rows=35 width=0) (actual time=1285.094..1864.697 rows=2059 loops=1)
  Hash Cond: (mi_idx.movie_id = t.id)
  ->  Seq Scan on movie_info_idx mi_idx  (cost=0.00..21735.35 rows=1380035 width=4) (actual time=0.028..309.290 rows=1380035 loops=1)
  ->  Hash  (cost=83072.29..83072.29 rows=65 width=8) (actual time=1284.464..1284.464 rows=770 loops=1)
        Buckets: 1024  Batches: 1  Memory Usage: 39kB
        ->  Nested Loop  (cost=0.43..83072.29 rows=65 width=8) (actual time=0.248..1283.852 rows=770 loops=1)
              ->  Seq Scan on movie_keyword mk  (cost=0.00..81003.12 rows=246 width=4) (actual time=0.207..1246.979 rows=1086 loops=1)
                    Filter: (keyword_id = 512)
                    Rows Removed by Filter: 4522844
              ->  Index Scan using title_pkey on title t  (cost=0.43..8.40 rows=1 width=4) (actual time=0.032..0.033 rows=1 loops=1086)
                    Index Cond: (id = mk.movie_id)
                    Filter: (kind_id = 1)
                    Rows Removed by Filter: 0
Planning time: 0.730 ms
Execution time: 1865.208 ms
