Hash Join  (cost=132844.97..263097.74 rows=491054 width=0) (actual time=3074.851..6357.369 rows=513759 loops=1)
  Hash Cond: (mk.movie_id = t.id)
  ->  Seq Scan on movie_keyword mk  (cost=0.00..81003.12 rows=3721895 width=4) (actual time=0.024..1793.872 rows=3715729 loops=1)
        Filter: (keyword_id < 22901)
        Rows Removed by Filter: 808201
  ->  Hash  (cost=127370.91..127370.91 rows=333605 width=8) (actual time=3072.286..3072.286 rows=195168 loops=1)
        Buckets: 131072  Batches: 8  Memory Usage: 1992kB
        ->  Hash Join  (cost=83954.38..127370.91 rows=333605 width=8) (actual time=1523.625..3007.982 rows=195168 loops=1)
              Hash Cond: (mi_idx.movie_id = t.id)
              ->  Seq Scan on movie_info_idx mi_idx  (cost=0.00..21735.35 rows=1380035 width=4) (actual time=0.019..455.955 rows=1380035 loops=1)
              ->  Hash  (cost=73925.90..73925.90 rows=611238 width=4) (actual time=1522.653..1522.653 rows=481054 loops=1)
                    Buckets: 131072  Batches: 8  Memory Usage: 3125kB
                    ->  Seq Scan on title t  (cost=0.00..73925.90 rows=611238 width=4) (actual time=0.011..1368.248 rows=481054 loops=1)
                          Filter: ((kind_id > 3) AND (production_year < 1998))
                          Rows Removed by Filter: 2047258
Planning time: 1.177 ms
Execution time: 6409.248 ms
