Seq Scan on title t  (cost=0.00..67604.59 rows=7437 width=0) (actual time=0.033..1025.051 rows=13736 loops=1)
  Filter: (production_year = 1974)
  Rows Removed by Filter: 2514576
Planning time: 0.365 ms
Execution time: 1028.107 ms
