Hash Join  (cost=232371.63..1453495.56 rows=13826883 width=0) (actual time=6223.836..59935.003 rows=98857431 loops=1)
  Hash Cond: (ci.movie_id = t.id)
  ->  Seq Scan on cast_info ci  (cost=0.00..614943.12 rows=36225612 width=4) (actual time=0.017..13378.093 rows=36244344 loops=1)
  ->  Hash  (cost=216537.78..216537.78 rows=965108 width=8) (actual time=6220.758..6220.758 rows=1592510 loops=1)
        Buckets: 131072 (originally 131072)  Batches: 32 (originally 16)  Memory Usage: 3073kB
        ->  Hash Join  (cost=82776.67..216537.78 rows=965108 width=8) (actual time=1961.167..5723.771 rows=1592510 loops=1)
              Hash Cond: (mk.movie_id = t.id)
              ->  Seq Scan on movie_keyword mk  (cost=0.00..69693.30 rows=4523930 width=4) (actual time=0.022..1395.189 rows=4523930 loops=1)
              ->  Hash  (cost=73925.90..73925.90 rows=539421 width=4) (actual time=1959.661..1959.661 rows=459810 loops=1)
                    Buckets: 131072  Batches: 8  Memory Usage: 3049kB
                    ->  Seq Scan on title t  (cost=0.00..73925.90 rows=539421 width=4) (actual time=0.022..1169.374 rows=459810 loops=1)
                          Filter: ((kind_id < 7) AND (production_year > 2000))
                          Rows Removed by Filter: 2068502
Planning time: 1.122 ms
Execution time: 70656.998 ms
