Hash Join  (cost=77312.52..494982.61 rows=1163470 width=0) (actual time=4108.507..10086.519 rows=1535291 loops=1)
  Hash Cond: (mi.movie_id = t.id)
  ->  Seq Scan on movie_info mi  (cost=0.00..346232.03 rows=4972096 width=4) (actual time=2750.522..5982.725 rows=4923966 loops=1)
        Filter: (info_type_id < 5)
        Rows Removed by Filter: 9911754
  ->  Hash  (cost=67604.59..67604.59 rows=591675 width=4) (actual time=1356.593..1356.593 rows=585020 loops=1)
        Buckets: 131072  Batches: 8  Memory Usage: 3593kB
        ->  Seq Scan on title t  (cost=0.00..67604.59 rows=591675 width=4) (actual time=0.037..1162.174 rows=585020 loops=1)
              Filter: (production_year < 1985)
              Rows Removed by Filter: 1943292
Planning time: 0.821 ms
Execution time: 10248.757 ms
