Seq Scan on movie_keyword mk  (cost=0.00..81003.12 rows=2748530 width=0) (actual time=0.026..1542.950 rows=2746804 loops=1)
  Filter: (keyword_id < 7780)
  Rows Removed by Filter: 1777126
Planning time: 1.304 ms
Execution time: 1889.260 ms
