Seq Scan on cast_info ci  (cost=0.00..705507.15 rows=500 width=0) (actual time=10155.443..11047.666 rows=4 loops=1)
  Filter: (person_id = 2291562)
  Rows Removed by Filter: 36244340
Planning time: 0.384 ms
Execution time: 11047.745 ms
