Hash Join  (cost=170241.40..212054.40 rows=240152 width=0) (actual time=3810.953..5101.348 rows=818078 loops=1)
  Hash Cond: (mi_idx.movie_id = t.id)
  ->  Seq Scan on movie_info_idx mi_idx  (cost=0.00..21735.35 rows=1380035 width=4) (actual time=0.018..406.609 rows=1380035 loops=1)
  ->  Hash  (cost=163022.25..163022.25 rows=440012 width=8) (actual time=3810.204..3810.204 rows=577046 loops=1)
        Buckets: 131072  Batches: 8  Memory Usage: 3840kB
        ->  Hash Join  (cost=83810.17..163022.25 rows=440012 width=8) (actual time=1813.781..3623.532 rows=577046 loops=1)
              Hash Cond: (mc.movie_id = t.id)
              ->  Seq Scan on movie_companies mc  (cost=0.00..57926.93 rows=1126406 width=4) (actual time=293.189..1223.139 rows=931140 loops=1)
                    Filter: ((company_id < 81813) AND (company_type_id = 2))
                    Rows Removed by Filter: 1677989
              ->  Hash  (cost=67604.59..67604.59 rows=987727 width=4) (actual time=1519.713..1519.713 rows=985048 loops=1)
                    Buckets: 131072  Batches: 16  Memory Usage: 3188kB
                    ->  Seq Scan on title t  (cost=0.00..67604.59 rows=987727 width=4) (actual time=0.037..1229.486 rows=985048 loops=1)
                          Filter: (kind_id < 7)
                          Rows Removed by Filter: 1543264
Planning time: 1.750 ms
Execution time: 5196.334 ms
