Hash Join  (cost=167021.88..1096752.65 rows=1199816 width=0) (actual time=3378.005..27320.689 rows=4394639 loops=1)
  Hash Cond: (ci.movie_id = t.id)
  ->  Seq Scan on cast_info ci  (cost=0.00..705507.15 rows=18298524 width=4) (actual time=0.060..14425.526 rows=18190344 loops=1)
        Filter: (person_id < 1806072)
        Rows Removed by Filter: 18054000
  ->  Hash  (cost=164301.46..164301.46 rows=165793 width=8) (actual time=3376.763..3376.763 rows=292563 loops=1)
        Buckets: 131072  Batches: 4  Memory Usage: 3883kB
        ->  Hash Join  (cost=94978.31..164301.46 rows=165793 width=8) (actual time=1730.358..3288.952 rows=292563 loops=1)
              Hash Cond: (mc.movie_id = t.id)
              ->  Seq Scan on movie_companies mc  (cost=0.00..57926.93 rows=251257 width=4) (actual time=27.686..1026.750 rows=375853 loops=1)
                    Filter: ((company_id < 474) AND (company_type_id < 2))
                    Rows Removed by Filter: 2233276
              ->  Hash  (cost=67604.59..67604.59 rows=1668458 width=4) (actual time=1701.493..1701.493 rows=1671292 loops=1)
                    Buckets: 131072  Batches: 32  Memory Usage: 2858kB
                    ->  Seq Scan on title t  (cost=0.00..67604.59 rows=1668458 width=4) (actual time=0.026..1181.498 rows=1671292 loops=1)
                          Filter: (production_year < 2008)
                          Rows Removed by Filter: 857020
Planning time: 1.262 ms
Execution time: 27808.656 ms
