Hash Join  (cost=193925.80..1355307.24 rows=12419128 width=0) (actual time=3808.186..34773.319 rows=6540040 loops=1)
  Hash Cond: (ci.movie_id = t.id)
  ->  Seq Scan on cast_info ci  (cost=0.00..614943.12 rows=36225612 width=4) (actual time=0.019..13338.141 rows=36244344 loops=1)
  ->  Hash  (cost=179703.20..179703.20 rows=866848 width=8) (actual time=3807.096..3807.096 rows=235143 loops=1)
        Buckets: 131072  Batches: 16  Memory Usage: 1589kB
        ->  Hash Join  (cost=94574.69..179703.20 rows=866848 width=8) (actual time=1661.892..3737.150 rows=235143 loops=1)
              Hash Cond: (mc.movie_id = t.id)
              ->  Seq Scan on movie_companies mc  (cost=0.00..51404.11 rows=1741577 width=4) (actual time=0.020..1018.401 rows=1746844 loops=1)
                    Filter: (company_id > 2528)
                    Rows Removed by Filter: 862285
              ->  Hash  (cost=73925.90..73925.90 rows=1258543 width=4) (actual time=1638.189..1638.189 rows=1221534 loops=1)
                    Buckets: 131072  Batches: 32  Memory Usage: 2363kB
                    ->  Seq Scan on title t  (cost=0.00..73925.90 rows=1258543 width=4) (actual time=99.236..1245.711 rows=1221534 loops=1)
                          Filter: ((production_year < 2011) AND (kind_id = 7))
                          Rows Removed by Filter: 1306778
Planning time: 1.118 ms
Execution time: 35436.344 ms
