Hash Join  (cost=709676.20..796336.82 rows=258 width=0) (actual time=11128.782..12731.869 rows=301 loops=1)
  Hash Cond: (mk.movie_id = t.id)
  ->  Seq Scan on movie_keyword mk  (cost=0.00..69693.30 rows=4523930 width=4) (actual time=0.025..1003.688 rows=4523930 loops=1)
  ->  Hash  (cost=709674.40..709674.40 rows=144 width=8) (actual time=11002.572..11002.572 rows=37 loops=1)
        Buckets: 1024  Batches: 1  Memory Usage: 10kB
        ->  Nested Loop  (cost=0.43..709674.40 rows=144 width=8) (actual time=1713.086..11002.485 rows=37 loops=1)
              ->  Seq Scan on cast_info ci  (cost=0.00..705507.15 rows=500 width=4) (actual time=1712.919..10993.054 rows=255 loops=1)
                    Filter: (person_id = 1860189)
                    Rows Removed by Filter: 36244089
              ->  Index Scan using title_pkey on title t  (cost=0.43..8.32 rows=1 width=4) (actual time=0.036..0.036 rows=0 loops=255)
                    Index Cond: (id = ci.movie_id)
                    Filter: ((kind_id < 7) AND (production_year > 1985))
                    Rows Removed by Filter: 1
Planning time: 1.205 ms
Execution time: 12732.034 ms
