Hash Join  (cost=215740.35..1360728.79 rows=10823322 width=0) (actual time=4084.474..35400.744 rows=4946795 loops=1)
  Hash Cond: (ci.movie_id = t.id)
  ->  Seq Scan on cast_info ci  (cost=0.00..614943.12 rows=36225612 width=4) (actual time=0.027..13934.636 rows=36244344 loops=1)
  ->  Hash  (cost=203345.08..203345.08 rows=755462 width=8) (actual time=4083.089..4083.089 rows=153510 loops=1)
        Buckets: 131072  Batches: 16  Memory Usage: 1402kB
        ->  Hash Join  (cost=92883.59..203345.08 rows=755462 width=8) (actual time=1814.863..4038.247 rows=153510 loops=1)
              Hash Cond: (mk.movie_id = t.id)
              ->  Seq Scan on movie_keyword mk  (cost=0.00..81003.12 rows=1239749 width=4) (actual time=0.023..1386.764 rows=1253357 loops=1)
                    Filter: (keyword_id < 1603)
                    Rows Removed by Filter: 3270573
              ->  Hash  (cost=67604.59..67604.59 rows=1540800 width=4) (actual time=1796.010..1796.010 rows=1543264 loops=1)
                    Buckets: 131072  Batches: 32  Memory Usage: 2728kB
                    ->  Seq Scan on title t  (cost=0.00..67604.59 rows=1540800 width=4) (actual time=0.021..1285.618 rows=1543264 loops=1)
                          Filter: (kind_id = 7)
                          Rows Removed by Filter: 985048
Planning time: 2.586 ms
Execution time: 35984.850 ms
