Hash Join  (cost=244650.31..673641.22 rows=2854510 width=0) (actual time=7592.484..15454.725 rows=6310345 loops=1)
  Hash Cond: (mi.movie_id = t.id)
  ->  Seq Scan on movie_info mi  (cost=0.00..346232.03 rows=3623957 width=4) (actual time=2039.450..6074.036 rows=3624977 loops=1)
        Filter: (info_type_id < 4)
        Rows Removed by Filter: 11210743
  ->  Hash  (cost=211974.51..211974.51 rows=1991664 width=8) (actual time=5552.085..5552.085 rows=1993408 loops=1)
        Buckets: 131072  Batches: 32  Memory Usage: 3512kB
        ->  Hash Join  (cost=102767.86..211974.51 rows=1991664 width=8) (actual time=1919.261..4970.299 rows=1993408 loops=1)
              Hash Cond: (mc.movie_id = t.id)
              ->  Seq Scan on movie_companies mc  (cost=0.00..51404.11 rows=1991664 width=4) (actual time=0.037..1054.866 rows=1993408 loops=1)
                    Filter: (company_id > 742)
                    Rows Removed by Filter: 615721
              ->  Hash  (cost=61283.27..61283.27 rows=2528527 width=4) (actual time=1918.215..1918.215 rows=2528312 loops=1)
                    Buckets: 131072  Batches: 64  Memory Usage: 2415kB
                    ->  Seq Scan on title t  (cost=0.00..61283.27 rows=2528527 width=4) (actual time=0.015..1113.924 rows=2528312 loops=1)
Planning time: 1.096 ms
Execution time: 16194.076 ms
