Seq Scan on movie_keyword mk  (cost=0.00..81003.12 rows=1363141 width=0) (actual time=0.025..1391.712 rows=1379113 loops=1)
  Filter: (keyword_id > 12099)
  Rows Removed by Filter: 3144817
Planning time: 0.314 ms
Execution time: 1573.488 ms
