Hash Join  (cost=74528.24..101701.72 rows=26300 width=0) (actual time=1144.100..1785.419 rows=31788 loops=1)
  Hash Cond: (mi_idx.movie_id = t.id)
  ->  Seq Scan on movie_info_idx mi_idx  (cost=0.00..21735.35 rows=1380035 width=4) (actual time=0.021..303.681 rows=1380035 loops=1)
  ->  Hash  (cost=73925.90..73925.90 rows=48187 width=4) (actual time=1143.711..1143.711 rows=42764 loops=1)
        Buckets: 65536  Batches: 1  Memory Usage: 2016kB
        ->  Seq Scan on title t  (cost=0.00..73925.90 rows=48187 width=4) (actual time=0.022..1126.382 rows=42764 loops=1)
              Filter: ((kind_id < 3) AND (production_year = 2011))
              Rows Removed by Filter: 2485548
Planning time: 0.734 ms
Execution time: 1790.208 ms
