Hash Join  (cost=102767.86..174739.13 rows=173067 width=0) (actual time=2268.138..3238.431 rows=69352 loops=1)
  Hash Cond: (mc.movie_id = t.id)
  ->  Seq Scan on movie_companies mc  (cost=0.00..57926.93 rows=173067 width=4) (actual time=324.868..852.368 rows=69352 loops=1)
        Filter: ((company_id < 166) AND (company_type_id = 2))
        Rows Removed by Filter: 2539777
  ->  Hash  (cost=61283.27..61283.27 rows=2528527 width=4) (actual time=1941.894..1941.894 rows=2528312 loops=1)
        Buckets: 131072  Batches: 64  Memory Usage: 2415kB
        ->  Seq Scan on title t  (cost=0.00..61283.27 rows=2528527 width=4) (actual time=0.021..1093.847 rows=2528312 loops=1)
Planning time: 0.743 ms
Execution time: 3247.148 ms
