Hash Join  (cost=144239.74..1253500.38 rows=7345450 width=0) (actual time=3315.540..42672.581 rows=25694286 loops=1)
  Hash Cond: (ci.movie_id = t.id)
  ->  Seq Scan on cast_info ci  (cost=0.00..614943.12 rows=36225612 width=4) (actual time=0.022..13740.497 rows=36244344 loops=1)
  ->  Hash  (cost=135827.89..135827.89 rows=512708 width=8) (actual time=3314.690..3314.690 rows=941381 loops=1)
        Buckets: 131072 (originally 131072)  Batches: 16 (originally 8)  Memory Usage: 3321kB
        ->  Hash Join  (cost=89338.33..135827.89 rows=512708 width=8) (actual time=1639.963..3081.441 rows=941381 loops=1)
              Hash Cond: (mi_idx.movie_id = t.id)
              ->  Seq Scan on movie_info_idx mi_idx  (cost=0.00..21735.35 rows=1380035 width=4) (actual time=0.015..452.607 rows=1380035 loops=1)
              ->  Hash  (cost=73925.90..73925.90 rows=939394 width=4) (actual time=1639.142..1639.142 rows=917932 loops=1)
                    Buckets: 131072  Batches: 16  Memory Usage: 3041kB
                    ->  Seq Scan on title t  (cost=0.00..73925.90 rows=939394 width=4) (actual time=0.022..1347.542 rows=917932 loops=1)
                          Filter: ((kind_id < 7) AND (production_year > 1914))
                          Rows Removed by Filter: 1610380
Planning time: 1.148 ms
Execution time: 45405.766 ms
