Seq Scan on movie_companies mc  (cost=0.00..51404.11 rows=104 width=0) (actual time=226.431..828.518 rows=21 loops=1)
  Filter: (company_id = 79492)
  Rows Removed by Filter: 2609108
Planning time: 0.330 ms
Execution time: 828.583 ms
