Nested Loop  (cost=0.43..83072.29 rows=9 width=0) (actual time=344.847..1271.835 rows=6 loops=1)
  ->  Seq Scan on movie_keyword mk  (cost=0.00..81003.12 rows=246 width=4) (actual time=1.459..1260.646 rows=310 loops=1)
        Filter: (keyword_id = 6491)
        Rows Removed by Filter: 4523620
  ->  Index Scan using title_pkey on title t  (cost=0.43..8.40 rows=1 width=4) (actual time=0.034..0.034 rows=0 loops=310)
        Index Cond: (id = mk.movie_id)
        Filter: (kind_id = 2)
        Rows Removed by Filter: 1
Planning time: 0.699 ms
Execution time: 1271.931 ms
