Hash Join  (cost=160526.42..987815.57 rows=623960 width=0) (actual time=3300.267..20122.948 rows=2923896 loops=1)
  Hash Cond: (ci.movie_id = t.id)
  ->  Seq Scan on cast_info ci  (cost=0.00..796071.18 rows=1876099 width=4) (actual time=0.020..13326.842 rows=4456368 loops=1)
        Filter: ((person_id > 2519813) AND (role_id > 8))
        Rows Removed by Filter: 31787976
  ->  Hash  (cost=146729.58..146729.58 rows=840947 width=8) (actual time=3299.348..3299.348 rows=425718 loops=1)
        Buckets: 131072  Batches: 16  Memory Usage: 2062kB
        ->  Hash Join  (cost=92883.59..146729.58 rows=840947 width=8) (actual time=1724.498..3168.336 rows=425718 loops=1)
              Hash Cond: (mi_idx.movie_id = t.id)
              ->  Seq Scan on movie_info_idx mi_idx  (cost=0.00..21735.35 rows=1380035 width=4) (actual time=0.040..430.861 rows=1380035 loops=1)
              ->  Hash  (cost=67604.59..67604.59 rows=1540800 width=4) (actual time=1723.359..1723.359 rows=1543264 loops=1)
                    Buckets: 131072  Batches: 32  Memory Usage: 2722kB
                    ->  Seq Scan on title t  (cost=0.00..67604.59 rows=1540800 width=4) (actual time=0.014..1230.223 rows=1543264 loops=1)
                          Filter: (kind_id = 7)
                          Rows Removed by Filter: 985048
Planning time: 1.181 ms
Execution time: 20454.980 ms
