Seq Scan on movie_keyword mk  (cost=0.00..81003.12 rows=1420799 width=0) (actual time=0.019..1346.675 rows=1436464 loops=1)
  Filter: (keyword_id < 1994)
  Rows Removed by Filter: 3087466
Planning time: 0.314 ms
Execution time: 1522.039 ms
