Hash Join  (cost=428593.18..1247053.95 rows=13069 width=0) (actual time=8094.698..20661.951 rows=24574 loops=1)
  Hash Cond: (ci.movie_id = t.id)
  ->  Seq Scan on cast_info ci  (cost=0.00..796071.18 rows=5935709 width=4) (actual time=1654.299..12618.741 rows=9151334 loops=1)
        Filter: ((person_id > 2783909) AND (role_id > 1))
        Rows Removed by Filter: 27093010
  ->  Hash  (cost=428523.59..428523.59 rows=5567 width=8) (actual time=6440.167..6440.167 rows=5845 loops=1)
        Buckets: 8192  Batches: 1  Memory Usage: 293kB
        ->  Hash Join  (cost=74006.08..428523.59 rows=5567 width=8) (actual time=2797.252..6437.337 rows=5845 loops=1)
              Hash Cond: (mi.movie_id = t.id)
              ->  Seq Scan on movie_info mi  (cost=0.00..346232.03 rows=2194617 width=4) (actual time=1684.850..5037.448 rows=2233850 loops=1)
                    Filter: (info_type_id > 16)
                    Rows Removed by Filter: 12601870
              ->  Hash  (cost=73925.90..73925.90 rows=6414 width=4) (actual time=999.651..999.651 rows=7736 loops=1)
                    Buckets: 8192  Batches: 1  Memory Usage: 336kB
                    ->  Seq Scan on title t  (cost=0.00..73925.90 rows=6414 width=4) (actual time=149.999..996.317 rows=7736 loops=1)
                          Filter: ((kind_id = 4) AND (production_year = 2010))
                          Rows Removed by Filter: 2520576
Planning time: 1.126 ms
Execution time: 20666.548 ms
