Hash Join  (cost=709678.15..765973.03 rows=258 width=0) (actual time=12238.734..13187.744 rows=43 loops=1)
  Hash Cond: (mc.movie_id = t.id)
  ->  Seq Scan on movie_companies mc  (cost=0.00..51404.11 rows=1303516 width=4) (actual time=0.019..978.522 rows=1293357 loops=1)
        Filter: (company_id < 11261)
        Rows Removed by Filter: 1315772
  ->  Hash  (cost=709671.90..709671.90 rows=500 width=8) (actual time=12006.182..12006.182 rows=626 loops=1)
        Buckets: 1024  Batches: 1  Memory Usage: 33kB
        ->  Nested Loop  (cost=0.43..709671.90 rows=500 width=8) (actual time=1810.209..12005.965 rows=626 loops=1)
              ->  Seq Scan on cast_info ci  (cost=0.00..705507.15 rows=500 width=4) (actual time=1810.045..11835.979 rows=626 loops=1)
                    Filter: (person_id = 343429)
                    Rows Removed by Filter: 36243718
              ->  Index Only Scan using title_pkey on title t  (cost=0.43..8.32 rows=1 width=4) (actual time=0.271..0.271 rows=1 loops=626)
                    Index Cond: (id = ci.movie_id)
                    Heap Fetches: 626
Planning time: 1.173 ms
Execution time: 13187.916 ms
