Seq Scan on cast_info ci  (cost=0.00..705507.15 rows=500 width=0) (actual time=6709.392..11203.598 rows=151 loops=1)
  Filter: (person_id = 2749179)
  Rows Removed by Filter: 36244193
Planning time: 0.808 ms
Execution time: 11203.719 ms
