Hash Join  (cost=129534.55..499804.69 rows=67145 width=0) (actual time=2233.676..9050.492 rows=1532271 loops=1)
  Hash Cond: (mi.movie_id = t.id)
  ->  Seq Scan on movie_info mi  (cost=0.00..346232.03 rows=6231111 width=4) (actual time=0.021..5075.798 rows=6223494 loops=1)
        Filter: (info_type_id > 8)
        Rows Removed by Filter: 8612226
  ->  Hash  (cost=129193.96..129193.96 rows=27247 width=8) (actual time=2233.262..2233.262 rows=51151 loops=1)
        Buckets: 65536 (originally 32768)  Batches: 1 (originally 1)  Memory Usage: 2511kB
        ->  Hash Join  (cost=74255.97..129193.96 rows=27247 width=8) (actual time=1150.662..2215.022 rows=51151 loops=1)
              Hash Cond: (mc.movie_id = t.id)
              ->  Seq Scan on movie_companies mc  (cost=0.00..44881.29 rows=2609129 width=4) (actual time=0.023..521.374 rows=2609129 loops=1)
              ->  Hash  (cost=73925.90..73925.90 rows=26405 width=4) (actual time=1150.463..1150.463 rows=23926 loops=1)
                    Buckets: 32768  Batches: 1  Memory Usage: 1098kB
                    ->  Seq Scan on title t  (cost=0.00..73925.90 rows=26405 width=4) (actual time=0.096..1139.882 rows=23926 loops=1)
                          Filter: ((kind_id < 7) AND (production_year = 2003))
                          Rows Removed by Filter: 2504386
Planning time: 1.159 ms
Execution time: 9240.937 ms
