Hash Join  (cost=237564.15..1021576.23 rows=1884039 width=0) (actual time=5200.120..20130.458 rows=3133355 loops=1)
  Hash Cond: (ci.movie_id = t.id)
  ->  Seq Scan on cast_info ci  (cost=0.00..705507.15 rows=4320508 width=4) (actual time=0.015..12393.662 rows=4323018 loops=1)
        Filter: (role_id = 10)
        Rows Removed by Filter: 31921326
  ->  Hash  (cost=219473.50..219473.50 rows=1102612 width=8) (actual time=5197.895..5197.895 rows=280254 loops=1)
        Buckets: 131072  Batches: 16  Memory Usage: 1724kB
        ->  Hash Join  (cost=84037.34..219473.50 rows=1102612 width=8) (actual time=1544.159..5108.259 rows=280254 loops=1)
              Hash Cond: (mk.movie_id = t.id)
              ->  Seq Scan on movie_keyword mk  (cost=0.00..69693.30 rows=4523930 width=4) (actual time=0.014..1482.242 rows=4523930 loops=1)
              ->  Hash  (cost=73925.90..73925.90 rows=616275 width=4) (actual time=1543.044..1543.044 rows=676927 loops=1)
                    Buckets: 131072  Batches: 16  Memory Usage: 2522kB
                    ->  Seq Scan on title t  (cost=0.00..73925.90 rows=616275 width=4) (actual time=299.394..1306.870 rows=676927 loops=1)
                          Filter: ((production_year > 2005) AND (kind_id = 7))
                          Rows Removed by Filter: 1851385
Planning time: 1.134 ms
Execution time: 20454.722 ms
