Seq Scan on movie_keyword mk  (cost=0.00..81003.12 rows=1662727 width=0) (actual time=0.024..1280.280 rows=1672477 loops=1)
  Filter: (keyword_id > 8708)
  Rows Removed by Filter: 2851453
Planning time: 0.297 ms
Execution time: 1471.065 ms
