Hash Join  (cost=74747.02..874710.26 rows=25216 width=0) (actual time=7124.931..13102.223 rows=54916 loops=1)
  Hash Cond: (ci.movie_id = t.id)
  ->  Seq Scan on cast_info ci  (cost=0.00..796071.18 rows=970641 width=4) (actual time=5891.627..11270.289 rows=1960205 loops=1)
        Filter: ((person_id < 261380) AND (role_id = 1))
        Rows Removed by Filter: 34284139
  ->  Hash  (cost=73925.90..73925.90 rows=65689 width=4) (actual time=1232.314..1232.314 rows=74524 loops=1)
        Buckets: 131072  Batches: 1  Memory Usage: 3644kB
        ->  Seq Scan on title t  (cost=0.00..73925.90 rows=65689 width=4) (actual time=0.043..1201.541 rows=74524 loops=1)
              Filter: ((kind_id = 7) AND (production_year = 2006))
              Rows Removed by Filter: 2453788
Planning time: 0.571 ms
Execution time: 13123.104 ms
