Seq Scan on movie_companies mc  (cost=0.00..57926.93 rows=1145969 width=0) (actual time=42.119..1146.017 rows=971602 loops=1)
  Filter: ((company_id < 86394) AND (company_type_id > 1))
  Rows Removed by Filter: 1637527
Planning time: 0.341 ms
Execution time: 1270.760 ms
