Hash Join  (cost=176304.94..266844.97 rows=1123651 width=0) (actual time=4122.108..7058.531 rows=3118712 loops=1)
  Hash Cond: (mc.movie_id = t.id)
  ->  Seq Scan on movie_companies mc  (cost=0.00..44881.29 rows=2609129 width=4) (actual time=0.021..895.949 rows=2609129 loops=1)
  ->  Hash  (cost=158439.20..158439.20 rows=1088939 width=8) (actual time=4121.103..4121.103 rows=1094400 loops=1)
        Buckets: 131072  Batches: 16  Memory Usage: 3707kB
        ->  Hash Join  (cost=100338.29..158439.20 rows=1088939 width=8) (actual time=2090.276..3813.885 rows=1094400 loops=1)
              Hash Cond: (mi_idx.movie_id = t.id)
              ->  Seq Scan on movie_info_idx mi_idx  (cost=0.00..21735.35 rows=1380035 width=4) (actual time=0.024..438.378 rows=1380035 loops=1)
              ->  Hash  (cost=67604.59..67604.59 rows=1995176 width=4) (actual time=2089.226..2089.226 rows=1990655 loops=1)
                    Buckets: 131072  Batches: 32  Memory Usage: 3218kB
                    ->  Seq Scan on title t  (cost=0.00..67604.59 rows=1995176 width=4) (actual time=0.014..1450.047 rows=1990655 loops=1)
                          Filter: (production_year > 1976)
                          Rows Removed by Filter: 537657
Planning time: 2.627 ms
Execution time: 7398.283 ms
