Hash Join  (cost=455090.14..1546348.91 rows=3514090 width=0) (actual time=10495.974..39011.483 rows=4521923 loops=1)
  Hash Cond: (ci.movie_id = t.id)
  ->  Seq Scan on cast_info ci  (cost=0.00..796071.18 rows=22356188 width=4) (actual time=2815.910..18695.335 rows=23095034 loops=1)
        Filter: ((person_id > 168234) AND (role_id > 1))
        Rows Removed by Filter: 13149310
  ->  Hash  (cost=448569.02..448569.02 rows=397450 width=8) (actual time=7679.060..7679.060 rows=351888 loops=1)
        Buckets: 131072  Batches: 8  Memory Usage: 2726kB
        ->  Hash Join  (cost=80562.70..448569.02 rows=397450 width=8) (actual time=2336.753..7571.193 rows=351888 loops=1)
              Hash Cond: (mi.movie_id = t.id)
              ->  Seq Scan on movie_info mi  (cost=0.00..346232.03 rows=1272478 width=4) (actual time=496.758..4845.608 rows=1325361 loops=1)
                    Filter: (info_type_id = 8)
                    Rows Removed by Filter: 13510359
              ->  Hash  (cost=67604.59..67604.59 rows=789769 width=4) (actual time=1839.124..1839.124 rows=784926 loops=1)
                    Buckets: 131072  Batches: 16  Memory Usage: 2755kB
                    ->  Seq Scan on title t  (cost=0.00..67604.59 rows=789769 width=4) (actual time=0.029..1250.460 rows=784926 loops=1)
                          Filter: (production_year > 2007)
                          Rows Removed by Filter: 1743386
Planning time: 1.244 ms
Execution time: 39534.736 ms
