Hash Join  (cost=95642.88..152163.66 rows=13062 width=0) (actual time=2487.831..2975.669 rows=11028 loops=1)
  Hash Cond: (mc.movie_id = t.id)
  ->  Seq Scan on movie_companies mc  (cost=0.00..51404.11 rows=1329612 width=4) (actual time=391.715..941.612 rows=1334883 loops=1)
        Filter: (company_type_id > 1)
        Rows Removed by Filter: 1274246
  ->  Hash  (cost=95332.38..95332.38 rows=24840 width=8) (actual time=1794.082..1794.082 rows=11502 loops=1)
        Buckets: 32768  Batches: 1  Memory Usage: 706kB
        ->  Hash Join  (cost=68173.50..95332.38 rows=24840 width=8) (actual time=1330.818..1789.570 rows=11502 loops=1)
              Hash Cond: (mi_idx.movie_id = t.id)
              ->  Seq Scan on movie_info_idx mi_idx  (cost=0.00..21735.35 rows=1380035 width=4) (actual time=0.013..337.277 rows=1380035 loops=1)
              ->  Hash  (cost=67604.59..67604.59 rows=45513 width=4) (actual time=1113.611..1113.611 rows=42820 loops=1)
                    Buckets: 65536  Batches: 1  Memory Usage: 2018kB
                    ->  Seq Scan on title t  (cost=0.00..67604.59 rows=45513 width=4) (actual time=45.042..1096.613 rows=42820 loops=1)
                          Filter: (production_year < 1913)
                          Rows Removed by Filter: 2485492
Planning time: 1.147 ms
Execution time: 2977.559 ms
