Seq Scan on movie_companies mc  (cost=0.00..51404.11 rows=1103999 width=0) (actual time=0.021..875.448 rows=1095285 loops=1)
  Filter: (company_id < 7444)
  Rows Removed by Filter: 1513844
Planning time: 0.304 ms
Execution time: 1007.154 ms
