Hash Join  (cost=83113.43..192734.74 rows=424835 width=0) (actual time=1641.681..4393.016 rows=716963 loops=1)
  Hash Cond: (mk.movie_id = t.id)
  ->  Seq Scan on movie_keyword mk  (cost=0.00..81003.12 rows=1918357 width=4) (actual time=0.024..1675.749 rows=1928024 loops=1)
        Filter: (keyword_id > 6933)
        Rows Removed by Filter: 2595906
  ->  Hash  (cost=73925.90..73925.90 rows=559962 width=4) (actual time=1640.865..1640.865 rows=477167 loops=1)
        Buckets: 131072  Batches: 8  Memory Usage: 3126kB
        ->  Seq Scan on title t  (cost=0.00..73925.90 rows=559962 width=4) (actual time=0.028..1182.743 rows=477167 loops=1)
              Filter: ((kind_id < 7) AND (production_year > 1999))
              Rows Removed by Filter: 2051145
Planning time: 0.729 ms
Execution time: 4483.626 ms
