Hash Join  (cost=102767.86..198735.30 rows=1441436 width=0) (actual time=1982.858..4594.935 rows=1446547 loops=1)
  Hash Cond: (mc.movie_id = t.id)
  ->  Seq Scan on movie_companies mc  (cost=0.00..51404.11 rows=1441436 width=4) (actual time=0.051..968.758 rows=1446547 loops=1)
        Filter: (company_id > 9581)
        Rows Removed by Filter: 1162582
  ->  Hash  (cost=61283.27..61283.27 rows=2528527 width=4) (actual time=1981.376..1981.376 rows=2528312 loops=1)
        Buckets: 131072  Batches: 64  Memory Usage: 2415kB
        ->  Seq Scan on title t  (cost=0.00..61283.27 rows=2528527 width=4) (actual time=0.019..1120.185 rows=2528312 loops=1)
Planning time: 0.714 ms
Execution time: 4762.848 ms
