Nested Loop  (cost=0.43..52283.69 rows=104 width=0) (actual time=32.106..565.981 rows=69 loops=1)
  ->  Seq Scan on movie_companies mc  (cost=0.00..51404.11 rows=104 width=4) (actual time=32.014..564.809 rows=69 loops=1)
        Filter: (company_id = 71758)
        Rows Removed by Filter: 2609060
  ->  Index Only Scan using title_pkey on title t  (cost=0.43..8.45 rows=1 width=4) (actual time=0.016..0.016 rows=1 loops=69)
        Index Cond: (id = mc.movie_id)
        Heap Fetches: 69
Planning time: 0.779 ms
Execution time: 566.061 ms
