Hash Join  (cost=77815.08..142003.82 rows=88934 width=0) (actual time=1335.573..2888.281 rows=174292 loops=1)
  Hash Cond: (mc.movie_id = t.id)
  ->  Seq Scan on movie_companies mc  (cost=0.00..51404.11 rows=948609 width=4) (actual time=0.027..979.196 rows=947068 loops=1)
        Filter: (company_id < 3665)
        Rows Removed by Filter: 1662061
  ->  Hash  (cost=73925.90..73925.90 rows=237054 width=4) (actual time=1334.175..1334.175 rows=349645 loops=1)
        Buckets: 131072 (originally 131072)  Batches: 8 (originally 4)  Memory Usage: 3073kB
        ->  Seq Scan on title t  (cost=0.00..73925.90 rows=237054 width=4) (actual time=0.055..1213.636 rows=349645 loops=1)
              Filter: ((kind_id < 7) AND (production_year < 1986))
              Rows Removed by Filter: 2178667
Planning time: 0.850 ms
Execution time: 2911.585 ms
