Seq Scan on movie_companies mc  (cost=0.00..57926.93 rows=51 width=0) (actual time=319.357..802.621 rows=414 loops=1)
  Filter: ((company_type_id < 2) AND (company_id = 11353))
  Rows Removed by Filter: 2608715
Planning time: 0.372 ms
Execution time: 802.857 ms
