Hash Join  (cost=190230.21..326587.66 rows=1602134 width=0) (actual time=5106.649..9747.138 rows=6778233 loops=1)
  Hash Cond: (mk.movie_id = t.id)
  ->  Seq Scan on movie_keyword mk  (cost=0.00..81003.12 rows=2935461 width=4) (actual time=0.028..1638.896 rows=2922176 loops=1)
        Filter: (keyword_id < 9547)
        Rows Removed by Filter: 1601754
  ->  Hash  (cost=167588.78..167588.78 rows=1380035 width=8) (actual time=5105.258..5105.258 rows=1380035 loops=1)
        Buckets: 131072  Batches: 32  Memory Usage: 2726kB
        ->  Hash Join  (cost=102767.86..167588.78 rows=1380035 width=8) (actual time=2660.805..4683.556 rows=1380035 loops=1)
              Hash Cond: (mi_idx.movie_id = t.id)
              ->  Seq Scan on movie_info_idx mi_idx  (cost=0.00..21735.35 rows=1380035 width=4) (actual time=0.014..451.675 rows=1380035 loops=1)
              ->  Hash  (cost=61283.27..61283.27 rows=2528527 width=4) (actual time=2658.649..2658.649 rows=2528312 loops=1)
                    Buckets: 131072  Batches: 64  Memory Usage: 2415kB
                    ->  Seq Scan on title t  (cost=0.00..61283.27 rows=2528527 width=4) (actual time=0.029..1110.886 rows=2528312 loops=1)
Planning time: 1.156 ms
Execution time: 10478.987 ms
