Hash Join  (cost=168991.84..304437.11 rows=682120 width=0) (actual time=4345.872..11778.520 rows=15433164 loops=1)
  Hash Cond: (mk.movie_id = t.id)
  ->  Seq Scan on movie_keyword mk  (cost=0.00..81003.12 rows=3971718 width=4) (actual time=0.015..1787.049 rows=3974411 loops=1)
        Filter: (keyword_id < 33529)
        Rows Removed by Filter: 549519
  ->  Hash  (cost=161866.59..161866.59 rows=434260 width=8) (actual time=4343.901..4343.901 rows=1053136 loops=1)
        Buckets: 131072 (originally 131072)  Batches: 16 (originally 8)  Memory Usage: 3651kB
        ->  Hash Join  (cost=80830.47..161866.59 rows=434260 width=8) (actual time=1367.354..4003.183 rows=1053136 loops=1)
              Hash Cond: (mc.movie_id = t.id)
              ->  Seq Scan on movie_companies mc  (cost=0.00..44881.29 rows=2609129 width=4) (actual time=0.021..918.766 rows=2609129 loops=1)
              ->  Hash  (cost=73925.90..73925.90 rows=420845 width=4) (actual time=1366.389..1366.389 rows=517968 loops=1)
                    Buckets: 131072  Batches: 8  Memory Usage: 3313kB
                    ->  Seq Scan on title t  (cost=0.00..73925.90 rows=420845 width=4) (actual time=0.007..1197.814 rows=517968 loops=1)
                          Filter: ((kind_id < 7) AND (production_year < 2001))
                          Rows Removed by Filter: 2010344
Planning time: 0.729 ms
Execution time: 13532.719 ms
