Hash Join  (cost=430122.15..1237628.86 rows=65866 width=0) (actual time=14506.520..19654.680 rows=113479 loops=1)
  Hash Cond: (ci.movie_id = t.id)
  ->  Seq Scan on cast_info ci  (cost=0.00..796071.18 rows=2873833 width=4) (actual time=7744.304..11606.789 rows=4471500 loops=1)
        Filter: ((person_id > 3245333) AND (role_id > 1))
        Rows Removed by Filter: 31772844
  ->  Hash  (cost=429397.75..429397.75 rows=57952 width=8) (actual time=6761.677..6761.677 rows=42977 loops=1)
        Buckets: 65536  Batches: 1  Memory Usage: 2191kB
        ->  Hash Join  (cost=74809.10..429397.75 rows=57952 width=8) (actual time=3869.766..6744.049 rows=42977 loops=1)
              Hash Cond: (mi.movie_id = t.id)
              ->  Seq Scan on movie_info mi  (cost=0.00..346232.03 rows=2073893 width=4) (actual time=2979.437..5269.921 rows=2091068 loops=1)
                    Filter: (info_type_id < 3)
                    Rows Removed by Filter: 12744652
              ->  Hash  (cost=73925.90..73925.90 rows=70656 width=4) (actual time=889.602..889.602 rows=79548 loops=1)
                    Buckets: 131072  Batches: 1  Memory Usage: 3821kB
                    ->  Seq Scan on title t  (cost=0.00..73925.90 rows=70656 width=4) (actual time=0.035..860.342 rows=79548 loops=1)
                          Filter: ((kind_id > 1) AND (production_year = 2005))
                          Rows Removed by Filter: 2448764
Planning time: 1.033 ms
Execution time: 19671.256 ms
