Hash Join  (cost=125713.02..876511.93 rows=974 width=0) (actual time=1992.024..17743.041 rows=18038 loops=1)
  Hash Cond: (ci.movie_id = t.id)
  ->  Seq Scan on cast_info ci  (cost=0.00..614943.12 rows=36225612 width=4) (actual time=0.006..8817.508 rows=36244344 loops=1)
  ->  Hash  (cost=125712.17..125712.17 rows=68 width=8) (actual time=1988.784..1988.784 rows=471 loops=1)
        Buckets: 1024  Batches: 1  Memory Usage: 27kB
        ->  Hash Join  (cost=67697.55..125712.17 rows=68 width=8) (actual time=1273.997..1988.503 rows=471 loops=1)
              Hash Cond: (mc.movie_id = t.id)
              ->  Seq Scan on movie_companies mc  (cost=0.00..57926.93 rows=23202 width=4) (actual time=196.009..897.229 rows=42064 loops=1)
                    Filter: ((company_type_id < 2) AND (company_id = 19))
                    Rows Removed by Filter: 2567065
              ->  Hash  (cost=67604.59..67604.59 rows=7437 width=4) (actual time=1075.682..1075.682 rows=23040 loops=1)
                    Buckets: 32768 (originally 8192)  Batches: 1 (originally 1)  Memory Usage: 1066kB
                    ->  Seq Scan on title t  (cost=0.00..67604.59 rows=7437 width=4) (actual time=0.039..1065.377 rows=23040 loops=1)
                          Filter: (production_year = 1990)
                          Rows Removed by Filter: 2505272
Planning time: 1.118 ms
Execution time: 17747.791 ms
