Seq Scan on movie_keyword mk  (cost=0.00..81003.12 rows=671921 width=0) (actual time=0.026..1273.859 rows=676458 loops=1)
  Filter: (keyword_id > 27697)
  Rows Removed by Filter: 3847472
Planning time: 0.330 ms
Execution time: 1361.641 ms
