Hash Join  (cost=203434.00..1328260.05 rows=8860685 width=0) (actual time=5038.412..50882.829 rows=71748619 loops=1)
  Hash Cond: (ci.movie_id = t.id)
  ->  Seq Scan on cast_info ci  (cost=0.00..614943.12 rows=36225612 width=4) (actual time=0.019..12727.988 rows=36244344 loops=1)
  ->  Hash  (cost=193287.11..193287.11 rows=618471 width=8) (actual time=5037.208..5037.208 rows=1377655 loops=1)
        Buckets: 131072 (originally 131072)  Batches: 32 (originally 16)  Memory Usage: 3073kB
        ->  Hash Join  (cost=81720.25..193287.11 rows=618471 width=8) (actual time=1485.579..4641.414 rows=1377655 loops=1)
              Hash Cond: (mk.movie_id = t.id)
              ->  Seq Scan on movie_keyword mk  (cost=0.00..81003.12 rows=1817607 width=4) (actual time=0.571..1536.324 rows=1822755 loops=1)
                    Filter: (keyword_id < 2989)
                    Rows Removed by Filter: 2701175
              ->  Hash  (cost=67604.59..67604.59 rows=860373 width=4) (actual time=1483.771..1483.771 rows=854214 loops=1)
                    Buckets: 131072  Batches: 16  Memory Usage: 2906kB
                    ->  Seq Scan on title t  (cost=0.00..67604.59 rows=860373 width=4) (actual time=0.026..1196.897 rows=854214 loops=1)
                          Filter: (kind_id < 4)
                          Rows Removed by Filter: 1674098
Planning time: 6.626 ms
Execution time: 58012.821 ms
