Hash Join  (cost=161085.36..535825.24 rows=36941 width=0) (actual time=2766.975..10267.567 rows=63659 loops=1)
  Hash Cond: (mi.movie_id = t.id)
  ->  Seq Scan on movie_info mi  (cost=0.00..346232.03 rows=7503588 width=4) (actual time=0.010..6196.131 rows=7548855 loops=1)
        Filter: (info_type_id > 7)
        Rows Removed by Filter: 7286865
  ->  Hash  (cost=160929.76..160929.76 rows=12448 width=8) (actual time=2760.191..2760.191 rows=8458 loops=1)
        Buckets: 16384  Batches: 1  Memory Usage: 459kB
        ->  Hash Join  (cost=74188.74..160929.76 rows=12448 width=8) (actual time=1108.145..2756.647 rows=8458 loops=1)
              Hash Cond: (mk.movie_id = t.id)
              ->  Seq Scan on movie_keyword mk  (cost=0.00..81003.12 rows=1496909 width=4) (actual time=0.018..1363.193 rows=1516258 loops=1)
                    Filter: (keyword_id > 10662)
                    Rows Removed by Filter: 3007672
              ->  Hash  (cost=73925.90..73925.90 rows=21027 width=4) (actual time=1107.624..1107.624 rows=77864 loops=1)
                    Buckets: 131072 (originally 32768)  Batches: 1 (originally 1)  Memory Usage: 3762kB
                    ->  Seq Scan on title t  (cost=0.00..73925.90 rows=21027 width=4) (actual time=1.912..1075.443 rows=77864 loops=1)
                          Filter: ((production_year < 1918) AND (kind_id = 1))
                          Rows Removed by Filter: 2450448
Planning time: 1.163 ms
Execution time: 10277.008 ms
