Seq Scan on movie_keyword mk  (cost=0.00..81003.12 rows=246 width=0) (actual time=0.602..1328.577 rows=1968 loops=1)
  Filter: (keyword_id = 1768)
  Rows Removed by Filter: 4521962
Planning time: 0.529 ms
Execution time: 1329.248 ms
