Hash Join  (cost=219239.56..268193.29 rows=656325 width=0) (actual time=5127.768..7032.268 rows=2319675 loops=1)
  Hash Cond: (mi_idx.movie_id = t.id)
  ->  Seq Scan on movie_info_idx mi_idx  (cost=0.00..21735.35 rows=1380035 width=4) (actual time=0.013..431.030 rows=1380035 loops=1)
  ->  Hash  (cost=199509.92..199509.92 rows=1202531 width=8) (actual time=5126.878..5126.878 rows=1274246 loops=1)
        Buckets: 131072 (originally 131072)  Batches: 32 (originally 16)  Memory Usage: 3073kB
        ->  Hash Join  (cost=102767.86..199509.92 rows=1202531 width=8) (actual time=2270.970..4738.023 rows=1274246 loops=1)
              Hash Cond: (mc.movie_id = t.id)
              ->  Seq Scan on movie_companies mc  (cost=0.00..57926.93 rows=1202531 width=4) (actual time=287.621..1195.722 rows=1274246 loops=1)
                    Filter: ((company_id < 129706) AND (company_type_id = 1))
                    Rows Removed by Filter: 1334883
              ->  Hash  (cost=61283.27..61283.27 rows=2528527 width=4) (actual time=1981.980..1981.980 rows=2528312 loops=1)
                    Buckets: 131072  Batches: 64  Memory Usage: 2415kB
                    ->  Seq Scan on title t  (cost=0.00..61283.27 rows=2528527 width=4) (actual time=0.015..1132.386 rows=2528312 loops=1)
Planning time: 2.986 ms
Execution time: 7298.274 ms
