Hash Join  (cost=203606.84..245576.59 rows=296685 width=0) (actual time=3885.203..5052.790 rows=414966 loops=1)
  Hash Cond: (mi_idx.movie_id = t.id)
  ->  Seq Scan on movie_info_idx mi_idx  (cost=0.00..25185.44 rows=919057 width=4) (actual time=0.007..550.627 rows=920110 loops=1)
        Filter: (info_type_id > 99)
        Rows Removed by Filter: 459925
  ->  Hash  (cost=190214.77..190214.77 rows=816245 width=8) (actual time=3884.563..3884.563 rows=509159 loops=1)
        Buckets: 131072  Batches: 16  Memory Usage: 2257kB
        ->  Hash Join  (cost=102767.86..190214.77 rows=816245 width=8) (actual time=2022.788..3734.488 rows=509159 loops=1)
              Hash Cond: (mc.movie_id = t.id)
              ->  Seq Scan on movie_companies mc  (cost=0.00..57926.93 rows=816245 width=4) (actual time=283.998..1129.687 rows=509159 loops=1)
                    Filter: ((company_id < 16138) AND (company_type_id = 2))
                    Rows Removed by Filter: 2099970
              ->  Hash  (cost=61283.27..61283.27 rows=2528527 width=4) (actual time=1737.576..1737.576 rows=2528312 loops=1)
                    Buckets: 131072  Batches: 64  Memory Usage: 2415kB
                    ->  Seq Scan on title t  (cost=0.00..61283.27 rows=2528527 width=4) (actual time=0.022..900.578 rows=2528312 loops=1)
Planning time: 0.798 ms
Execution time: 5103.101 ms
