Hash Join  (cost=135833.27..501389.85 rows=90066 width=0) (actual time=2420.011..9934.857 rows=56779 loops=1)
  Hash Cond: (mi.movie_id = t.id)
  ->  Seq Scan on movie_info mi  (cost=0.00..309384.22 rows=14739122 width=4) (actual time=0.010..4286.888 rows=14835720 loops=1)
  ->  Hash  (cost=135640.13..135640.13 rows=15451 width=8) (actual time=2419.826..2419.826 rows=9559 loops=1)
        Buckets: 16384  Batches: 1  Memory Usage: 502kB
        ->  Hash Join  (cost=74530.73..135640.13 rows=15451 width=8) (actual time=1402.536..2415.745 rows=9559 loops=1)
              Hash Cond: (mc.movie_id = t.id)
              ->  Seq Scan on movie_companies mc  (cost=0.00..57926.93 rows=807454 width=4) (actual time=260.497..1018.661 rows=1022535 loops=1)
                    Filter: ((company_id > 5503) AND (company_type_id = 2))
                    Rows Removed by Filter: 1586594
              ->  Hash  (cost=73925.90..73925.90 rows=48386 width=4) (actual time=1140.625..1140.625 rows=45023 loops=1)
                    Buckets: 65536  Batches: 1  Memory Usage: 2095kB
                    ->  Seq Scan on title t  (cost=0.00..73925.90 rows=48386 width=4) (actual time=0.041..1122.161 rows=45023 loops=1)
                          Filter: ((kind_id > 1) AND (production_year = 2013))
                          Rows Removed by Filter: 2483289
Planning time: 1.283 ms
Execution time: 9950.013 ms
