Nested Loop  (cost=0.43..83072.90 rows=16 width=0) (actual time=694.035..1277.571 rows=3 loops=1)
  ->  Seq Scan on movie_keyword mk  (cost=0.00..81003.12 rows=246 width=4) (actual time=8.880..1256.384 rows=551 loops=1)
        Filter: (keyword_id = 661)
        Rows Removed by Filter: 4523379
  ->  Index Scan using title_pkey on title t  (cost=0.43..8.40 rows=1 width=4) (actual time=0.037..0.037 rows=0 loops=551)
        Index Cond: (id = mk.movie_id)
        Filter: ((kind_id > 1) AND (production_year < 1958))
        Rows Removed by Filter: 1
Planning time: 0.742 ms
Execution time: 1277.679 ms
