Seq Scan on movie_companies mc  (cost=0.00..51404.11 rows=1970342 width=0) (actual time=0.033..1027.261 rows=1965311 loops=1)
  Filter: (company_id < 56199)
  Rows Removed by Filter: 643818
Planning time: 0.367 ms
Execution time: 1270.361 ms
