Nested Loop  (cost=32807.94..123786.76 rows=878 width=0) (actual time=1239.233..2158.017 rows=430 loops=1)
  ->  Hash Join  (cost=32807.51..117138.27 rows=7846 width=8) (actual time=662.099..2001.221 rows=5932 loops=1)
        Hash Cond: (mk.movie_id = mi_idx.movie_id)
        ->  Seq Scan on movie_keyword mk  (cost=0.00..81003.12 rows=7841 width=4) (actual time=0.101..1257.373 rows=7419 loops=1)
              Filter: (keyword_id = 373)
              Rows Removed by Filter: 4516511
        ->  Hash  (cost=25185.44..25185.44 rows=464566 width=4) (actual time=659.378..659.378 rows=459925 loops=1)
              Buckets: 131072  Batches: 8  Memory Usage: 3059kB
              ->  Seq Scan on movie_info_idx mi_idx  (cost=0.00..25185.44 rows=464566 width=4) (actual time=0.022..513.891 rows=459925 loops=1)
                    Filter: (info_type_id = 101)
                    Rows Removed by Filter: 920110
  ->  Index Scan using title_pkey on title t  (cost=0.43..0.84 rows=1 width=4) (actual time=0.026..0.026 rows=0 loops=5932)
        Index Cond: (id = mi_idx.movie_id)
        Filter: (kind_id = 7)
        Rows Removed by Filter: 1
Planning time: 1.198 ms
Execution time: 2158.316 ms
