Hash Join  (cost=76618.24..125015.51 rows=36037 width=144) (actual time=1457.572..2495.262 rows=19028 loops=1)
  Hash Cond: (mi_idx.movie_id = t.id)
  ->  Seq Scan on movie_info_idx mi_idx  (cost=0.00..25185.44 rows=919057 width=50) (actual time=0.017..622.939 rows=920110 loops=1)
        Filter: (info_type_id > 99)
        Rows Removed by Filter: 459925
  ->  Hash  (cost=73925.90..73925.90 rows=99147 width=94) (actual time=1457.216..1457.216 rows=104093 loops=1)
        Buckets: 32768  Batches: 4  Memory Usage: 3204kB
        ->  Seq Scan on title t  (cost=0.00..73925.90 rows=99147 width=94) (actual time=0.025..1413.891 rows=104093 loops=1)
              Filter: ((kind_id > 2) AND (production_year = 2010))
              Rows Removed by Filter: 2424219
Planning time: 1.078 ms
Execution time: 2496.849 ms
