Hash Join  (cost=28270.40..810073.35 rows=2960 width=0) (actual time=3698.495..16238.569 rows=16849 loops=1)
  Hash Cond: (ci.movie_id = t.id)
  ->  Seq Scan on cast_info ci  (cost=0.00..705507.15 rows=20337655 width=4) (actual time=3271.553..12472.583 rows=20458604 loops=1)
        Filter: (person_id > 1559614)
        Rows Removed by Filter: 15785740
  ->  Hash  (cost=28265.80..28265.80 rows=368 width=8) (actual time=424.026..424.026 rows=260 loops=1)
        Buckets: 1024  Batches: 1  Memory Usage: 19kB
        ->  Nested Loop  (cost=0.43..28265.80 rows=368 width=8) (actual time=340.493..423.919 rows=260 loops=1)
              ->  Seq Scan on movie_info_idx mi_idx  (cost=0.00..25185.44 rows=368 width=4) (actual time=340.343..418.021 rows=260 loops=1)
                    Filter: (info_type_id > 101)
                    Rows Removed by Filter: 1379775
              ->  Index Only Scan using title_pkey on title t  (cost=0.43..8.36 rows=1 width=4) (actual time=0.021..0.022 rows=1 loops=260)
                    Index Cond: (id = mi_idx.movie_id)
                    Heap Fetches: 260
Planning time: 1.169 ms
Execution time: 16243.175 ms
