Hash Join  (cost=83810.17..176917.82 rows=955649 width=0) (actual time=1478.477..4468.719 rows=1854919 loops=1)
  Hash Cond: (mc.movie_id = t.id)
  ->  Seq Scan on movie_companies mc  (cost=0.00..51404.11 rows=2446410 width=4) (actual time=0.016..1143.927 rows=2443493 loops=1)
        Filter: (company_id > 31)
        Rows Removed by Filter: 165636
  ->  Hash  (cost=67604.59..67604.59 rows=987727 width=4) (actual time=1477.583..1477.583 rows=985048 loops=1)
        Buckets: 131072  Batches: 16  Memory Usage: 3188kB
        ->  Seq Scan on title t  (cost=0.00..67604.59 rows=987727 width=4) (actual time=0.030..1176.948 rows=985048 loops=1)
              Filter: (kind_id < 7)
              Rows Removed by Filter: 1543264
Planning time: 0.789 ms
Execution time: 4691.127 ms
