Hash Join  (cost=52284.82..138944.08 rows=123 width=0) (actual time=2128.535..2602.843 rows=314 loops=1)
  Hash Cond: (mk.movie_id = t.id)
  ->  Seq Scan on movie_keyword mk  (cost=0.00..69693.30 rows=4523930 width=4) (actual time=0.011..994.995 rows=4523930 loops=1)
  ->  Hash  (cost=52283.95..52283.95 rows=69 width=8) (actual time=835.234..835.234 rows=528 loops=1)
        Buckets: 1024  Batches: 1  Memory Usage: 29kB
        ->  Nested Loop  (cost=0.43..52283.95 rows=69 width=8) (actual time=299.511..834.991 rows=528 loops=1)
              ->  Seq Scan on movie_companies mc  (cost=0.00..51404.11 rows=104 width=4) (actual time=13.675..811.037 rows=703 loops=1)
                    Filter: (company_id = 1191)
                    Rows Removed by Filter: 2608426
              ->  Index Scan using title_pkey on title t  (cost=0.43..8.45 rows=1 width=4) (actual time=0.033..0.033 rows=1 loops=703)
                    Index Cond: (id = mc.movie_id)
                    Filter: (kind_id > 3)
                    Rows Removed by Filter: 0
Planning time: 1.128 ms
Execution time: 2603.050 ms
