Hash Join  (cost=84240.62..156418.98 rows=208733 width=0) (actual time=1361.316..3205.969 rows=399987 loops=1)
  Hash Cond: (mc.movie_id = t.id)
  ->  Seq Scan on movie_companies mc  (cost=0.00..57926.93 rows=839492 width=4) (actual time=0.015..1106.686 rows=1150729 loops=1)
        Filter: ((company_id < 21092) AND (company_type_id < 2))
        Rows Removed by Filter: 1458400
  ->  Hash  (cost=73925.90..73925.90 rows=628697 width=4) (actual time=1360.321..1360.321 rows=532584 loops=1)
        Buckets: 131072  Batches: 16  Memory Usage: 2188kB
        ->  Seq Scan on title t  (cost=0.00..73925.90 rows=628697 width=4) (actual time=0.021..1192.662 rows=532584 loops=1)
              Filter: ((kind_id < 7) AND (production_year > 1995))
              Rows Removed by Filter: 1995728
Planning time: 0.722 ms
Execution time: 3255.273 ms
