Hash Join  (cost=94537.60..602330.75 rows=4708295 width=0) (actual time=2514.098..14481.150 rows=2526108 loops=1)
  Hash Cond: (mi.movie_id = t.id)
  ->  Seq Scan on movie_info mi  (cost=0.00..346232.03 rows=9476311 width=4) (actual time=279.001..6886.987 rows=9565151 loops=1)
        Filter: (info_type_id < 16)
        Rows Removed by Filter: 5270569
  ->  Hash  (cost=73925.90..73925.90 rows=1256296 width=4) (actual time=2233.370..2233.370 rows=1375227 loops=1)
        Buckets: 131072  Batches: 32  Memory Usage: 2548kB
        ->  Seq Scan on title t  (cost=0.00..73925.90 rows=1256296 width=4) (actual time=0.044..1481.973 rows=1375227 loops=1)
              Filter: ((kind_id > 1) AND (production_year > 1992))
              Rows Removed by Filter: 1153085
Planning time: 0.743 ms
Execution time: 14778.079 ms
