Hash Join  (cost=107058.56..288968.98 rows=3898820 width=0) (actual time=2204.595..7222.032 rows=4052358 loops=1)
  Hash Cond: (mk.movie_id = t.id)
  ->  Seq Scan on movie_keyword mk  (cost=0.00..81003.12 rows=4099418 width=4) (actual time=0.025..1918.420 rows=4087742 loops=1)
        Filter: (keyword_id > 335)
        Rows Removed by Filter: 436188
  ->  Hash  (cost=67604.59..67604.59 rows=2404798 width=4) (actual time=2203.904..2203.904 rows=2396371 loops=1)
        Buckets: 131072  Batches: 32  Memory Usage: 3667kB
        ->  Seq Scan on title t  (cost=0.00..67604.59 rows=2404798 width=4) (actual time=0.024..1411.317 rows=2396371 loops=1)
              Filter: (production_year > 1914)
              Rows Removed by Filter: 131941
Planning time: 0.739 ms
Execution time: 7646.712 ms
