Hash Join  (cost=438911.53..1380657.54 rows=124330 width=0) (actual time=8250.500..27941.775 rows=223524 loops=1)
  Hash Cond: (ci.movie_id = t.id)
  ->  Seq Scan on cast_info ci  (cost=0.00..705507.15 rows=23499554 width=4) (actual time=0.015..14780.984 rows=23573656 loops=1)
        Filter: (role_id > 1)
        Rows Removed by Filter: 12670688
  ->  Hash  (cost=438744.30..438744.30 rows=13378 width=8) (actual time=8248.484..8248.484 rows=21995 loops=1)
        Buckets: 32768 (originally 16384)  Batches: 1 (originally 1)  Memory Usage: 1116kB
        ->  Hash Join  (cost=73954.59..438744.30 rows=13378 width=8) (actual time=1001.547..8236.622 rows=21995 loops=1)
              Hash Cond: (mi.movie_id = t.id)
              ->  Seq Scan on movie_info mi  (cost=0.00..309384.22 rows=14739122 width=4) (actual time=0.012..4165.897 rows=14835720 loops=1)
              ->  Hash  (cost=73925.90..73925.90 rows=2295 width=4) (actual time=1001.139..1001.139 rows=3114 loops=1)
                    Buckets: 4096  Batches: 1  Memory Usage: 142kB
                    ->  Seq Scan on title t  (cost=0.00..73925.90 rows=2295 width=4) (actual time=270.249..999.566 rows=3114 loops=1)
                          Filter: ((kind_id = 4) AND (production_year = 1999))
                          Rows Removed by Filter: 2525198
Planning time: 8.449 ms
Execution time: 27971.560 ms
