Seq Scan on movie_keyword mk  (cost=0.00..81003.12 rows=246 width=0) (actual time=0.120..1190.357 rows=1610 loops=1)
  Filter: (keyword_id = 826)
  Rows Removed by Filter: 4522320
Planning time: 0.242 ms
Execution time: 1190.956 ms
