Hash Join  (cost=121377.73..925552.84 rows=4741 width=0) (actual time=1571.851..15244.006 rows=16670 loops=1)
  Hash Cond: (ci.movie_id = t.id)
  ->  Seq Scan on cast_info ci  (cost=0.00..796071.18 rows=2148407 width=4) (actual time=0.018..13268.565 rows=2732693 loops=1)
        Filter: ((person_id > 1644948) AND (role_id = 3))
        Rows Removed by Filter: 33511651
  ->  Hash  (cost=121307.98..121307.98 rows=5580 width=8) (actual time=1571.430..1571.430 rows=5762 loops=1)
        Buckets: 8192  Batches: 1  Memory Usage: 290kB
        ->  Nested Loop  (cost=0.43..121307.98 rows=5580 width=8) (actual time=0.585..1567.847 rows=5762 loops=1)
              ->  Seq Scan on movie_keyword mk  (cost=0.00..81003.12 rows=5580 width=4) (actual time=0.532..1379.458 rows=5762 loops=1)
                    Filter: (keyword_id = 750)
                    Rows Removed by Filter: 4518168
              ->  Index Only Scan using title_pkey on title t  (cost=0.43..7.21 rows=1 width=4) (actual time=0.031..0.032 rows=1 loops=5762)
                    Index Cond: (id = mk.movie_id)
                    Heap Fetches: 5762
Planning time: 1.183 ms
Execution time: 15246.594 ms
