Hash Join  (cost=83113.43..942112.76 rows=976345 width=0) (actual time=9855.219..18001.368 rows=690079 loops=1)
  Hash Cond: (ci.movie_id = t.id)
  ->  Seq Scan on cast_info ci  (cost=0.00..796071.18 rows=4408719 width=4) (actual time=8504.184..14618.903 rows=3640754 loops=1)
        Filter: ((person_id < 2210360) AND (role_id = 2))
        Rows Removed by Filter: 32603590
  ->  Hash  (cost=73925.90..73925.90 rows=559962 width=4) (actual time=1349.945..1349.945 rows=477167 loops=1)
        Buckets: 131072  Batches: 8  Memory Usage: 3118kB
        ->  Seq Scan on title t  (cost=0.00..73925.90 rows=559962 width=4) (actual time=0.023..1199.765 rows=477167 loops=1)
              Filter: ((kind_id < 7) AND (production_year > 1999))
              Rows Removed by Filter: 2051145
Planning time: 0.573 ms
Execution time: 18087.194 ms
