Seq Scan on movie_keyword mk  (cost=0.00..81003.12 rows=3685198 width=0) (actual time=0.015..1602.528 rows=3680271 loops=1)
  Filter: (keyword_id < 21737)
  Rows Removed by Filter: 843659
Planning time: 0.328 ms
Execution time: 2071.386 ms
