Hash Join  (cost=191804.73..945875.42 rows=187168 width=0) (actual time=11424.588..17153.943 rows=158290 loops=1)
  Hash Cond: (ci.movie_id = t.id)
  ->  Seq Scan on cast_info ci  (cost=0.00..705507.15 rows=3998100 width=4) (actual time=7542.769..11774.005 rows=4008037 loops=1)
        Filter: (role_id = 3)
        Rows Removed by Filter: 32236307
  ->  Hash  (cost=189862.10..189862.10 rows=118370 width=8) (actual time=3881.131..3881.131 rows=105134 loops=1)
        Buckets: 131072  Batches: 2  Memory Usage: 3063kB
        ->  Hash Join  (cost=69090.10..189862.10 rows=118370 width=8) (actual time=2304.590..3850.117 rows=105134 loops=1)
              Hash Cond: (mk.movie_id = t.id)
              ->  Seq Scan on movie_keyword mk  (cost=0.00..81003.12 rows=3306448 width=4) (actual time=0.023..1621.403 rows=3299327 loops=1)
                    Filter: (keyword_id > 1549)
                    Rows Removed by Filter: 1224603
              ->  Hash  (cost=67604.59..67604.59 rows=90521 width=4) (actual time=1195.557..1195.557 rows=90852 loops=1)
                    Buckets: 131072  Batches: 2  Memory Usage: 2632kB
                    ->  Seq Scan on title t  (cost=0.00..67604.59 rows=90521 width=4) (actual time=0.013..1030.850 rows=90852 loops=1)
                          Filter: (kind_id = 2)
                          Rows Removed by Filter: 2437460
Planning time: 1.219 ms
Execution time: 17174.834 ms
