Seq Scan on movie_keyword mk  (cost=0.00..81003.12 rows=246 width=0) (actual time=35.395..1337.281 rows=64 loops=1)
  Filter: (keyword_id = 15895)
  Rows Removed by Filter: 4523866
Planning time: 0.352 ms
Execution time: 1337.434 ms
