Seq Scan on movie_companies mc  (cost=0.00..57926.93 rows=53 width=0) (actual time=268.031..959.932 rows=94 loops=1)
  Filter: ((company_type_id > 1) AND (company_id = 76772))
  Rows Removed by Filter: 2609035
Planning time: 0.337 ms
Execution time: 960.045 ms
