Seq Scan on movie_companies mc  (cost=0.00..51404.11 rows=109154 width=0) (actual time=568.318..814.473 rows=109410 loops=1)
  Filter: (company_id > 152191)
  Rows Removed by Filter: 2499719
Planning time: 0.311 ms
Execution time: 828.217 ms
