Hash Join  (cost=73962.22..438787.48 rows=16934 width=0) (actual time=1112.577..8630.891 rows=46523 loops=1)
  Hash Cond: (mi.movie_id = t.id)
  ->  Seq Scan on movie_info mi  (cost=0.00..309384.22 rows=14739122 width=4) (actual time=0.016..4530.551 rows=14835720 loops=1)
  ->  Hash  (cost=73925.90..73925.90 rows=2905 width=4) (actual time=1112.235..1112.235 rows=4390 loops=1)
        Buckets: 8192 (originally 4096)  Batches: 1 (originally 1)  Memory Usage: 219kB
        ->  Seq Scan on title t  (cost=0.00..73925.90 rows=2905 width=4) (actual time=0.243..1109.895 rows=4390 loops=1)
              Filter: ((kind_id < 7) AND (production_year = 1962))
              Rows Removed by Filter: 2523922
Planning time: 0.817 ms
Execution time: 8640.109 ms
