Seq Scan on movie_companies mc  (cost=0.00..57926.93 rows=584297 width=0) (actual time=0.028..976.028 rows=372061 loops=1)
  Filter: ((company_id < 8693) AND (company_type_id = 2))
  Rows Removed by Filter: 2237068
Planning time: 0.422 ms
Execution time: 1024.812 ms
