Seq Scan on cast_info ci  (cost=0.00..796071.18 rows=5757923 width=0) (actual time=2221.639..13535.042 rows=7375453 loops=1)
  Filter: ((person_id < 1007186) AND (role_id < 3))
  Rows Removed by Filter: 28868891
Planning time: 0.370 ms
Execution time: 14421.133 ms
