Hash Join  (cost=68449.54..156316.97 rows=120940 width=0) (actual time=1084.070..2834.202 rows=145251 loops=1)
  Hash Cond: (mk.movie_id = t.id)
  ->  Seq Scan on movie_keyword mk  (cost=0.00..69693.30 rows=4523930 width=4) (actual time=0.007..914.185 rows=4523930 loops=1)
  ->  Hash  (cost=67604.59..67604.59 rows=67596 width=4) (actual time=1083.386..1083.386 rows=67777 loops=1)
        Buckets: 131072  Batches: 1  Memory Usage: 3407kB
        ->  Seq Scan on title t  (cost=0.00..67604.59 rows=67596 width=4) (actual time=0.032..1055.568 rows=67777 loops=1)
              Filter: (production_year = 2003)
              Rows Removed by Filter: 2460535
Planning time: 1.044 ms
Execution time: 2852.120 ms
