Hash Join  (cost=71961.27..914602.59 rows=379053 width=0) (actual time=3618.169..17883.840 rows=750259 loops=1)
  Hash Cond: (ci.movie_id = t.id)
  ->  Seq Scan on cast_info ci  (cost=0.00..796071.18 rows=3610029 width=4) (actual time=2455.687..13349.628 rows=7279742 loops=1)
        Filter: ((person_id < 994013) AND (role_id = 1))
        Rows Removed by Filter: 28964602
  ->  Hash  (cost=67604.59..67604.59 rows=265495 width=4) (actual time=1161.442..1161.442 rows=263594 loops=1)
        Buckets: 131072  Batches: 4  Memory Usage: 3340kB
        ->  Seq Scan on title t  (cost=0.00..67604.59 rows=265495 width=4) (actual time=0.030..1079.276 rows=263594 loops=1)
              Filter: (production_year < 1962)
              Rows Removed by Filter: 2264718
Planning time: 0.561 ms
Execution time: 17973.660 ms
