Hash Join  (cost=83074.74..137742.81 rows=254 width=0) (actual time=1400.961..2427.969 rows=174 loops=1)
  Hash Cond: (mc.movie_id = t.id)
  ->  Seq Scan on movie_companies mc  (cost=0.00..44881.29 rows=2609129 width=4) (actual time=0.013..700.759 rows=2609129 loops=1)
  ->  Hash  (cost=83071.67..83071.67 rows=246 width=8) (actual time=1268.831..1268.831 rows=16 loops=1)
        Buckets: 1024  Batches: 1  Memory Usage: 9kB
        ->  Nested Loop  (cost=0.43..83071.67 rows=246 width=8) (actual time=183.249..1268.797 rows=16 loops=1)
              ->  Seq Scan on movie_keyword mk  (cost=0.00..81003.12 rows=246 width=4) (actual time=182.075..1266.924 rows=16 loops=1)
                    Filter: (keyword_id = 75601)
                    Rows Removed by Filter: 4523914
              ->  Index Only Scan using title_pkey on title t  (cost=0.43..8.40 rows=1 width=4) (actual time=0.109..0.110 rows=1 loops=16)
                    Index Cond: (id = mk.movie_id)
                    Heap Fetches: 16
Planning time: 1.082 ms
Execution time: 2428.096 ms
