Hash Join  (cost=796537.08..823447.76 rows=20 width=0) (actual time=11617.315..11662.044 rows=3 loops=1)
  Hash Cond: (mi_idx.movie_id = t.id)
  ->  Seq Scan on movie_info_idx mi_idx  (cost=0.00..21735.35 rows=1380035 width=4) (actual time=0.022..358.478 rows=1380035 loops=1)
  ->  Hash  (cost=796536.62..796536.62 rows=37 width=8) (actual time=11049.766..11049.766 rows=1 loops=1)
        Buckets: 1024  Batches: 1  Memory Usage: 9kB
        ->  Nested Loop  (cost=0.43..796536.62 rows=37 width=8) (actual time=4845.376..11049.730 rows=1 loops=1)
              ->  Seq Scan on cast_info ci  (cost=0.00..796071.18 rows=55 width=4) (actual time=4845.221..11049.569 rows=1 loops=1)
                    Filter: ((person_id = 1363067) AND (role_id = 3))
                    Rows Removed by Filter: 36244343
              ->  Index Scan using title_pkey on title t  (cost=0.43..8.45 rows=1 width=4) (actual time=0.091..0.092 rows=1 loops=1)
                    Index Cond: (id = ci.movie_id)
                    Filter: ((kind_id > 1) AND (production_year > 1940))
Planning time: 1.241 ms
Execution time: 11662.183 ms
