Seq Scan on movie_keyword mk  (cost=0.00..81003.12 rows=3389878 width=0) (actual time=0.016..1590.292 rows=3382033 loops=1)
  Filter: (keyword_id > 1294)
  Rows Removed by Filter: 1141897
Planning time: 0.709 ms
Execution time: 2010.457 ms
