Hash Join  (cost=73982.55..426055.10 rows=2778 width=0) (actual time=2288.028..6977.082 rows=140 loops=1)
  Hash Cond: (mi.movie_id = t.id)
  ->  Seq Scan on movie_info mi  (cost=0.00..346232.03 rows=1550064 width=4) (actual time=1073.755..5501.696 rows=1533909 loops=1)
        Filter: (info_type_id = 3)
        Rows Removed by Filter: 13301811
  ->  Hash  (cost=73925.90..73925.90 rows=4532 width=4) (actual time=1212.624..1212.624 rows=7945 loops=1)
        Buckets: 8192  Batches: 1  Memory Usage: 344kB
        ->  Seq Scan on title t  (cost=0.00..73925.90 rows=4532 width=4) (actual time=67.942..1208.596 rows=7945 loops=1)
              Filter: ((kind_id = 7) AND (production_year = 1977))
              Rows Removed by Filter: 2520367
Planning time: 0.778 ms
Execution time: 6977.214 ms
