Seq Scan on cast_info ci  (cost=0.00..705507.15 rows=139049 width=0) (actual time=3115.304..11228.968 rows=120967 loops=1)
  Filter: (person_id < 14175)
  Rows Removed by Filter: 36123377
Planning time: 0.370 ms
Execution time: 11244.054 ms
