Seq Scan on movie_companies mc  (cost=0.00..51404.11 rows=2301658 width=0) (actual time=0.033..1004.570 rows=2301402 loops=1)
  Filter: (company_id < 92970)
  Rows Removed by Filter: 307727
Planning time: 0.367 ms
Execution time: 1288.704 ms
