Hash Join  (cost=189632.99..1067879.16 rows=2021267 width=0) (actual time=15938.113..20819.877 rows=2964544 loops=1)
  Hash Cond: (ci.movie_id = t.id)
  ->  Seq Scan on cast_info ci  (cost=0.00..796071.18 rows=5014484 width=4) (actual time=9951.498..12434.322 rows=2367357 loops=1)
        Filter: ((person_id > 3013001) AND (role_id < 8))
        Rows Removed by Filter: 33876987
  ->  Hash  (cost=172910.83..172910.83 rows=1019213 width=8) (actual time=5985.411..5985.411 rows=1891821 loops=1)
        Buckets: 131072 (originally 131072)  Batches: 32 (originally 16)  Memory Usage: 3321kB
        ->  Hash Join  (cost=83810.17..172910.83 rows=1019213 width=8) (actual time=1499.559..5415.267 rows=1891821 loops=1)
              Hash Cond: (mc.movie_id = t.id)
              ->  Seq Scan on movie_companies mc  (cost=0.00..44881.29 rows=2609129 width=4) (actual time=0.026..958.677 rows=2609129 loops=1)
              ->  Hash  (cost=67604.59..67604.59 rows=987727 width=4) (actual time=1498.655..1498.655 rows=985048 loops=1)
                    Buckets: 131072  Batches: 16  Memory Usage: 3188kB
                    ->  Seq Scan on title t  (cost=0.00..67604.59 rows=987727 width=4) (actual time=0.021..1200.082 rows=985048 loops=1)
                          Filter: (kind_id < 7)
                          Rows Removed by Filter: 1543264
Planning time: 1.204 ms
Execution time: 21141.669 ms
