Hash Join  (cost=89649.84..136317.11 rows=523079 width=0) (actual time=1630.729..3017.081 rows=267702 loops=1)
  Hash Cond: (mi_idx.movie_id = t.id)
  ->  Seq Scan on movie_info_idx mi_idx  (cost=0.00..21735.35 rows=1380035 width=4) (actual time=0.010..479.146 rows=1380035 loops=1)
  ->  Hash  (cost=73925.90..73925.90 rows=958395 width=4) (actual time=1629.640..1629.640 rows=1050192 loops=1)
        Buckets: 131072  Batches: 16  Memory Usage: 3340kB
        ->  Seq Scan on title t  (cost=0.00..73925.90 rows=958395 width=4) (actual time=0.040..1305.114 rows=1050192 loops=1)
              Filter: ((production_year > 1996) AND (kind_id = 7))
              Rows Removed by Filter: 1478120
Planning time: 0.593 ms
Execution time: 3051.182 ms
