Hash Join  (cost=263115.61..1521660.55 rows=19141635 width=0) (actual time=9206.590..40573.147 rows=33053589 loops=1)
  Hash Cond: (ci.movie_id = t.id)
  ->  Seq Scan on cast_info ci  (cost=0.00..796071.18 rows=18550306 width=4) (actual time=2954.221..17575.453 rows=15906883 loops=1)
        Filter: ((person_id < 2909498) AND (role_id > 1))
        Rows Removed by Filter: 20337461
  ->  Hash  (cost=220309.49..220309.49 rows=2609129 width=8) (actual time=6251.060..6251.060 rows=2609129 loops=1)
        Buckets: 131072  Batches: 64  Memory Usage: 2610kB
        ->  Hash Join  (cost=102767.86..220309.49 rows=2609129 width=8) (actual time=1919.118..5475.226 rows=2609129 loops=1)
              Hash Cond: (mc.movie_id = t.id)
              ->  Seq Scan on movie_companies mc  (cost=0.00..44881.29 rows=2609129 width=4) (actual time=0.026..935.953 rows=2609129 loops=1)
              ->  Hash  (cost=61283.27..61283.27 rows=2528527 width=4) (actual time=1917.275..1917.275 rows=2528312 loops=1)
                    Buckets: 131072  Batches: 64  Memory Usage: 2415kB
                    ->  Seq Scan on title t  (cost=0.00..61283.27 rows=2528527 width=4) (actual time=0.014..1096.248 rows=2528312 loops=1)
Planning time: 1.208 ms
Execution time: 44127.390 ms
