Hash Join  (cost=102767.86..262933.02 rows=2879264 width=0) (actual time=1852.808..5987.328 rows=2866746 loops=1)
  Hash Cond: (mk.movie_id = t.id)
  ->  Seq Scan on movie_keyword mk  (cost=0.00..81003.12 rows=2879264 width=4) (actual time=0.018..1709.563 rows=2866746 loops=1)
        Filter: (keyword_id > 2529)
        Rows Removed by Filter: 1657184
  ->  Hash  (cost=61283.27..61283.27 rows=2528527 width=4) (actual time=1851.790..1851.790 rows=2528312 loops=1)
        Buckets: 131072  Batches: 64  Memory Usage: 2425kB
        ->  Seq Scan on title t  (cost=0.00..61283.27 rows=2528527 width=4) (actual time=0.020..1018.984 rows=2528312 loops=1)
Planning time: 0.743 ms
Execution time: 6309.306 ms
