Hash Join  (cost=83073.38..447731.52 rows=222 width=0) (actual time=1051.294..7113.763 rows=5517 loops=1)
  Hash Cond: (mi.movie_id = t.id)
  ->  Seq Scan on movie_info mi  (cost=0.00..309384.22 rows=14739122 width=4) (actual time=0.015..3562.487 rows=14835720 loops=1)
  ->  Hash  (cost=83072.90..83072.90 rows=38 width=8) (actual time=1049.064..1049.064 rows=54 loops=1)
        Buckets: 1024  Batches: 1  Memory Usage: 11kB
        ->  Nested Loop  (cost=0.43..83072.90 rows=38 width=8) (actual time=6.194..1048.986 rows=54 loops=1)
              ->  Seq Scan on movie_keyword mk  (cost=0.00..81003.12 rows=246 width=4) (actual time=0.277..1028.773 rows=977 loops=1)
                    Filter: (keyword_id = 15084)
                    Rows Removed by Filter: 4522953
              ->  Index Scan using title_pkey on title t  (cost=0.43..8.40 rows=1 width=4) (actual time=0.020..0.020 rows=0 loops=977)
                    Index Cond: (id = mk.movie_id)
                    Filter: ((production_year > 1998) AND (kind_id = 1))
                    Rows Removed by Filter: 1
Planning time: 1.123 ms
Execution time: 7115.040 ms
