Hash Join  (cost=73962.22..158515.54 rows=1084 width=0) (actual time=1227.599..2787.245 rows=1619 loops=1)
  Hash Cond: (mk.movie_id = t.id)
  ->  Seq Scan on movie_keyword mk  (cost=0.00..81003.12 rows=943829 width=4) (actual time=0.018..1391.732 rows=946324 loops=1)
        Filter: (keyword_id < 889)
        Rows Removed by Filter: 3577606
  ->  Hash  (cost=73925.90..73925.90 rows=2905 width=4) (actual time=1226.703..1226.703 rows=2915 loops=1)
        Buckets: 4096  Batches: 1  Memory Usage: 135kB
        ->  Seq Scan on title t  (cost=0.00..73925.90 rows=2905 width=4) (actual time=0.078..1225.169 rows=2915 loops=1)
              Filter: ((kind_id < 7) AND (production_year = 1927))
              Rows Removed by Filter: 2525397
Planning time: 0.746 ms
Execution time: 2787.673 ms
