Hash Join  (cost=269161.76..1622864.78 rows=26732884 width=0) (actual time=6186.607..61308.882 rows=90756472 loops=1)
  Hash Cond: (ci.movie_id = t.id)
  ->  Seq Scan on cast_info ci  (cost=0.00..614943.12 rows=36225612 width=4) (actual time=0.019..13658.752 rows=36244344 loops=1)
  ->  Hash  (cost=238548.51..238548.51 rows=1865940 width=8) (actual time=6185.593..6185.593 rows=1872624 loops=1)
        Buckets: 131072  Batches: 32  Memory Usage: 3298kB
        ->  Hash Join  (cost=102767.86..238548.51 rows=1865940 width=8) (actual time=1955.093..5522.347 rows=1872624 loops=1)
              Hash Cond: (mk.movie_id = t.id)
              ->  Seq Scan on movie_keyword mk  (cost=0.00..81003.12 rows=1865940 width=4) (actual time=0.024..1436.392 rows=1872624 loops=1)
                    Filter: (keyword_id > 7341)
                    Rows Removed by Filter: 2651306
              ->  Hash  (cost=61283.27..61283.27 rows=2528527 width=4) (actual time=1952.848..1952.848 rows=2528312 loops=1)
                    Buckets: 131072  Batches: 64  Memory Usage: 2425kB
                    ->  Seq Scan on title t  (cost=0.00..61283.27 rows=2528527 width=4) (actual time=0.015..1089.709 rows=2528312 loops=1)
Planning time: 1.095 ms
Execution time: 71899.540 ms
