Seq Scan on cast_info ci  (cost=0.00..705507.15 rows=8109585 width=0) (actual time=566.722..11503.477 rows=7983691 loops=1)
  Filter: (person_id < 780348)
  Rows Removed by Filter: 28260653
Planning time: 0.359 ms
Execution time: 12513.767 ms
