Nested Loop  (cost=0.43..83071.67 rows=246 width=0) (actual time=0.376..1264.481 rows=117 loops=1)
  ->  Seq Scan on movie_keyword mk  (cost=0.00..81003.12 rows=246 width=4) (actual time=0.315..1257.061 rows=117 loops=1)
        Filter: (keyword_id = 759)
        Rows Removed by Filter: 4523813
  ->  Index Only Scan using title_pkey on title t  (cost=0.43..8.40 rows=1 width=4) (actual time=0.058..0.059 rows=1 loops=117)
        Index Cond: (id = mk.movie_id)
        Heap Fetches: 117
Planning time: 0.694 ms
Execution time: 1264.657 ms
