Hash Join  (cost=74174.82..155616.40 rows=902 width=0) (actual time=1236.919..2466.302 rows=252 loops=1)
  Hash Cond: (mk.movie_id = t.id)
  ->  Seq Scan on movie_keyword mk  (cost=0.00..81003.12 rows=114516 width=4) (actual time=0.033..1206.599 rows=113602 loops=1)
        Filter: (keyword_id > 79420)
        Rows Removed by Filter: 4410328
  ->  Hash  (cost=73925.90..73925.90 rows=19913 width=4) (actual time=1232.986..1232.986 rows=21707 loops=1)
        Buckets: 32768  Batches: 1  Memory Usage: 1020kB
        ->  Seq Scan on title t  (cost=0.00..73925.90 rows=19913 width=4) (actual time=0.157..1222.840 rows=21707 loops=1)
              Filter: ((kind_id > 1) AND (production_year = 1993))
              Rows Removed by Filter: 2506605
Planning time: 0.857 ms
Execution time: 2466.567 ms
