Hash Join  (cost=935410.36..1019842.72 rows=680584 width=0) (actual time=16919.788..19243.928 rows=984736 loops=1)
  Hash Cond: (mc.movie_id = t.id)
  ->  Seq Scan on movie_companies mc  (cost=0.00..44881.29 rows=2609129 width=4) (actual time=0.030..892.602 rows=2609129 loops=1)
  ->  Hash  (cost=924588.87..924588.87 rows=659559 width=8) (actual time=16918.610..16918.610 rows=862135 loops=1)
        Buckets: 131072  Batches: 16  Memory Usage: 3120kB
        ->  Hash Join  (cost=102767.86..924588.87 rows=659559 width=8) (actual time=8558.685..15998.088 rows=862135 loops=1)
              Hash Cond: (ci.movie_id = t.id)
              ->  Seq Scan on cast_info ci  (cost=0.00..796071.18 rows=659559 width=4) (actual time=6526.364..12841.084 rows=862135 loops=1)
                    Filter: ((person_id > 2274554) AND (role_id = 8))
                    Rows Removed by Filter: 35382209
              ->  Hash  (cost=61283.27..61283.27 rows=2528527 width=4) (actual time=2031.045..2031.045 rows=2528312 loops=1)
                    Buckets: 131072  Batches: 64  Memory Usage: 2415kB
                    ->  Seq Scan on title t  (cost=0.00..61283.27 rows=2528527 width=4) (actual time=0.028..1182.859 rows=2528312 loops=1)
Planning time: 2.255 ms
Execution time: 19334.613 ms
