Nested Loop  (cost=0.43..83071.67 rows=246 width=0) (actual time=13.780..1192.167 rows=213 loops=1)
  ->  Seq Scan on movie_keyword mk  (cost=0.00..81003.12 rows=246 width=4) (actual time=13.707..1172.895 rows=213 loops=1)
        Filter: (keyword_id = 1877)
        Rows Removed by Filter: 4523717
  ->  Index Only Scan using title_pkey on title t  (cost=0.43..8.40 rows=1 width=4) (actual time=0.087..0.088 rows=1 loops=213)
        Index Cond: (id = mk.movie_id)
        Heap Fetches: 213
Planning time: 0.696 ms
Execution time: 1192.362 ms
