Seq Scan on movie_companies mc  (cost=0.00..57926.93 rows=703860 width=0) (actual time=0.026..939.546 rows=443982 loops=1)
  Filter: ((company_id < 11780) AND (company_type_id > 1))
  Rows Removed by Filter: 2165147
Planning time: 0.338 ms
Execution time: 989.985 ms
