Seq Scan on cast_info ci  (cost=0.00..796071.18 rows=11806138 width=0) (actual time=0.024..14021.406 rows=9607428 loops=1)
  Filter: ((person_id > 2137562) AND (role_id < 8))
  Rows Removed by Filter: 26636916
Planning time: 0.407 ms
Execution time: 15237.139 ms
