Hash Join  (cost=174403.47..1262018.14 rows=7234639 width=0) (actual time=4867.470..47150.314 rows=34187859 loops=1)
  Hash Cond: (ci.movie_id = t.id)
  ->  Seq Scan on cast_info ci  (cost=0.00..705507.15 rows=26557366 width=4) (actual time=0.020..15486.826 rows=26609401 loops=1)
        Filter: (person_id < 2744312)
        Rows Removed by Filter: 9634943
  ->  Hash  (cost=163102.35..163102.35 rows=688810 width=8) (actual time=4866.234..4866.234 rows=1307690 loops=1)
        Buckets: 131072 (originally 131072)  Batches: 32 (originally 16)  Memory Usage: 3073kB
        ->  Hash Join  (cost=78556.72..163102.35 rows=688810 width=8) (actual time=1313.550..4460.054 rows=1307690 loops=1)
              Hash Cond: (mc.movie_id = t.id)
              ->  Seq Scan on movie_companies mc  (cost=0.00..44881.29 rows=2609129 width=4) (actual time=0.027..852.483 rows=2609129 loops=1)
              ->  Hash  (cost=67604.59..67604.59 rows=667531 width=4) (actual time=1312.672..1312.672 rows=662825 loops=1)
                    Buckets: 131072  Batches: 16  Memory Usage: 2476kB
                    ->  Seq Scan on title t  (cost=0.00..67604.59 rows=667531 width=4) (actual time=0.013..1108.584 rows=662825 loops=1)
                          Filter: (kind_id = 1)
                          Rows Removed by Filter: 1865487
Planning time: 1.141 ms
Execution time: 51093.085 ms
