Hash Join  (cost=156363.68..1233942.52 rows=4261367 width=0) (actual time=3872.209..36408.500 rows=8997744 loops=1)
  Hash Cond: (ci.movie_id = t.id)
  ->  Seq Scan on cast_info ci  (cost=0.00..614943.12 rows=36225612 width=4) (actual time=0.025..13270.021 rows=36244344 loops=1)
  ->  Hash  (cost=151483.67..151483.67 rows=297441 width=8) (actual time=3870.963..3870.963 rows=544719 loops=1)
        Buckets: 131072 (originally 131072)  Batches: 8 (originally 4)  Memory Usage: 3672kB
        ->  Hash Join  (cost=72333.74..151483.67 rows=297441 width=8) (actual time=1093.988..3453.889 rows=544719 loops=1)
              Hash Cond: (mc.movie_id = t.id)
              ->  Seq Scan on movie_companies mc  (cost=0.00..44881.29 rows=2609129 width=4) (actual time=0.016..929.469 rows=2609129 loops=1)
              ->  Hash  (cost=67604.59..67604.59 rows=288252 width=4) (actual time=1093.167..1093.167 rows=285055 loops=1)
                    Buckets: 131072  Batches: 4  Memory Usage: 3527kB
                    ->  Seq Scan on title t  (cost=0.00..67604.59 rows=288252 width=4) (actual time=0.021..1002.223 rows=285055 loops=1)
                          Filter: (production_year < 1964)
                          Rows Removed by Filter: 2243257
Planning time: 1.332 ms
Execution time: 37502.923 ms
