Nested Loop  (cost=0.43..113837.07 rows=8232 width=0) (actual time=2.529..1036.393 rows=8081 loops=1)
  ->  Seq Scan on movie_companies mc  (cost=0.00..57926.93 rows=8232 width=4) (actual time=2.464..865.190 rows=8081 loops=1)
        Filter: ((company_type_id < 2) AND (company_id = 166))
        Rows Removed by Filter: 2601048
  ->  Index Only Scan using title_pkey on title t  (cost=0.43..6.78 rows=1 width=4) (actual time=0.020..0.021 rows=1 loops=8081)
        Index Cond: (id = mc.movie_id)
        Heap Fetches: 8081
Planning time: 1.040 ms
Execution time: 1038.402 ms
