Hash Join  (cost=73994.33..100918.42 rows=998 width=0) (actual time=1152.929..1694.838 rows=1536 loops=1)
  Hash Cond: (mi_idx.movie_id = t.id)
  ->  Seq Scan on movie_info_idx mi_idx  (cost=0.00..25185.44 rows=460978 width=4) (actual time=0.028..456.325 rows=459925 loops=1)
        Filter: (info_type_id < 100)
        Rows Removed by Filter: 920110
  ->  Hash  (cost=73925.90..73925.90 rows=5474 width=4) (actual time=1152.788..1152.788 rows=9683 loops=1)
        Buckets: 16384 (originally 8192)  Batches: 1 (originally 1)  Memory Usage: 469kB
        ->  Seq Scan on title t  (cost=0.00..73925.90 rows=5474 width=4) (actual time=0.216..1148.045 rows=9683 loops=1)
              Filter: ((kind_id > 1) AND (production_year = 1975))
              Rows Removed by Filter: 2518629
Planning time: 5.275 ms
Execution time: 1695.301 ms
