Hash Join  (cost=74530.73..875855.15 rows=465211 width=0) (actual time=1134.564..21274.238 rows=404204 loops=1)
  Hash Cond: (ci.movie_id = t.id)
  ->  Seq Scan on cast_info ci  (cost=0.00..705507.15 rows=24310710 width=4) (actual time=0.030..12932.598 rows=24407396 loops=1)
        Filter: (person_id > 1163035)
        Rows Removed by Filter: 11836948
  ->  Hash  (cost=73925.90..73925.90 rows=48386 width=4) (actual time=1130.436..1130.436 rows=45023 loops=1)
        Buckets: 65536  Batches: 1  Memory Usage: 2095kB
        ->  Seq Scan on title t  (cost=0.00..73925.90 rows=48386 width=4) (actual time=0.109..1111.361 rows=45023 loops=1)
              Filter: ((kind_id > 1) AND (production_year = 2013))
              Rows Removed by Filter: 2483289
Planning time: 1.010 ms
Execution time: 21333.542 ms
