Hash Join  (cost=145234.06..902586.18 rows=656295 width=0) (actual time=2439.583..19315.034 rows=37515 loops=1)
  Hash Cond: (ci.movie_id = t.id)
  ->  Seq Scan on cast_info ci  (cost=0.00..614943.12 rows=36225612 width=4) (actual time=0.025..8676.436 rows=36244344 loops=1)
  ->  Hash  (cost=144661.45..144661.45 rows=45809 width=8) (actual time=2435.431..2435.431 rows=1685 loops=1)
        Buckets: 65536  Batches: 1  Memory Usage: 578kB
        ->  Hash Join  (cost=76243.83..144661.45 rows=45809 width=8) (actual time=1413.320..2434.505 rows=1685 loops=1)
              Hash Cond: (mc.movie_id = t.id)
              ->  Seq Scan on movie_companies mc  (cost=0.00..57926.93 rows=819892 width=4) (actual time=273.709..1070.516 rows=613242 loops=1)
                    Filter: ((company_id > 3422) AND (company_type_id = 1))
                    Rows Removed by Filter: 1995887
              ->  Hash  (cost=73925.90..73925.90 rows=141274 width=4) (actual time=1135.833..1135.833 rows=150659 loops=1)
                    Buckets: 131072  Batches: 2  Memory Usage: 3673kB
                    ->  Seq Scan on title t  (cost=0.00..73925.90 rows=141274 width=4) (actual time=267.126..1082.228 rows=150659 loops=1)
                          Filter: ((production_year > 2011) AND (kind_id = 7))
                          Rows Removed by Filter: 2377653
Planning time: 1.035 ms
Execution time: 19322.680 ms
