Hash Join  (cost=86956.38..122082.66 rows=146034 width=0) (actual time=1433.931..2318.210 rows=250670 loops=1)
  Hash Cond: (mi_idx.movie_id = t.id)
  ->  Seq Scan on movie_info_idx mi_idx  (cost=0.00..25185.44 rows=464934 width=4) (actual time=0.028..450.385 rows=460185 loops=1)
        Filter: (info_type_id > 100)
        Rows Removed by Filter: 919850
  ->  Hash  (cost=73925.90..73925.90 rows=794198 width=4) (actual time=1433.086..1433.086 rows=707863 loops=1)
        Buckets: 131072  Batches: 16  Memory Usage: 2579kB
        ->  Seq Scan on title t  (cost=0.00..73925.90 rows=794198 width=4) (actual time=0.025..1202.709 rows=707863 loops=1)
              Filter: ((kind_id < 7) AND (production_year > 1973))
              Rows Removed by Filter: 1820449
Planning time: 0.762 ms
Execution time: 2349.546 ms
