Hash Join  (cost=83810.17..146981.16 rows=34952 width=0) (actual time=1748.895..2533.324 rows=175514 loops=1)
  Hash Cond: (mc.movie_id = t.id)
  ->  Seq Scan on movie_companies mc  (cost=0.00..57926.93 rows=89475 width=4) (actual time=361.140..828.112 rows=175514 loops=1)
        Filter: ((company_id > 121837) AND (company_type_id = 2))
        Rows Removed by Filter: 2433615
  ->  Hash  (cost=67604.59..67604.59 rows=987727 width=4) (actual time=1386.771..1386.771 rows=985048 loops=1)
        Buckets: 131072  Batches: 16  Memory Usage: 3188kB
        ->  Seq Scan on title t  (cost=0.00..67604.59 rows=987727 width=4) (actual time=0.048..1099.631 rows=985048 loops=1)
              Filter: (kind_id < 7)
              Rows Removed by Filter: 1543264
Planning time: 2.544 ms
Execution time: 2555.880 ms
