Hash Join  (cost=69374.09..157366.75 rows=23352 width=0) (actual time=1196.419..2648.407 rows=23528 loops=1)
  Hash Cond: (mk.movie_id = t.id)
  ->  Seq Scan on movie_keyword mk  (cost=0.00..81003.12 rows=547738 width=4) (actual time=0.020..1242.381 rows=547506 loops=1)
        Filter: (keyword_id < 394)
        Rows Removed by Filter: 3976424
  ->  Hash  (cost=67604.59..67604.59 rows=107800 width=4) (actual time=1192.110..1192.110 rows=108429 loops=1)
        Buckets: 131072  Batches: 2  Memory Usage: 2938kB
        ->  Seq Scan on title t  (cost=0.00..67604.59 rows=107800 width=4) (actual time=0.015..1149.948 rows=108429 loops=1)
              Filter: (production_year = 2006)
              Rows Removed by Filter: 2419883
Planning time: 0.546 ms
Execution time: 2651.840 ms
