Hash Join  (cost=149390.61..638284.59 rows=851706 width=0) (actual time=2864.764..14927.279 rows=2676940 loops=1)
  Hash Cond: (mi.movie_id = t.id)
  ->  Seq Scan on movie_info mi  (cost=0.00..309384.22 rows=14739122 width=4) (actual time=0.004..6193.038 rows=14835720 loops=1)
  ->  Hash  (cost=146993.21..146993.21 rows=146112 width=8) (actual time=2863.937..2863.937 rows=114616 loops=1)
        Buckets: 131072  Batches: 2  Memory Usage: 3247kB
        ->  Hash Join  (cost=69928.56..146993.21 rows=146112 width=8) (actual time=1118.201..2821.830 rows=114616 loops=1)
              Hash Cond: (mc.movie_id = t.id)
              ->  Seq Scan on movie_companies mc  (cost=0.00..44881.29 rows=2609129 width=4) (actual time=0.024..778.029 rows=2609129 loops=1)
              ->  Hash  (cost=67604.59..67604.59 rows=141598 width=4) (actual time=1117.314..1117.314 rows=141703 loops=1)
                    Buckets: 131072  Batches: 2  Memory Usage: 3511kB
                    ->  Seq Scan on title t  (cost=0.00..67604.59 rows=141598 width=4) (actual time=0.021..1066.893 rows=141703 loops=1)
                          Filter: (production_year = 2010)
                          Rows Removed by Filter: 2386609
Planning time: 3.127 ms
Execution time: 15244.216 ms
