Hash Join  (cost=73980.43..128690.96 rows=4501 width=0) (actual time=1307.835..2281.379 rows=9305 loops=1)
  Hash Cond: (mc.movie_id = t.id)
  ->  Seq Scan on movie_companies mc  (cost=0.00..44881.29 rows=2609129 width=4) (actual time=0.011..607.580 rows=2609129 loops=1)
  ->  Hash  (cost=73925.90..73925.90 rows=4362 width=4) (actual time=1161.965..1161.965 rows=3986 loops=1)
        Buckets: 8192  Batches: 1  Memory Usage: 205kB
        ->  Seq Scan on title t  (cost=0.00..73925.90 rows=4362 width=4) (actual time=340.180..1159.962 rows=3986 loops=1)
              Filter: ((kind_id = 3) AND (production_year = 2006))
              Rows Removed by Filter: 2524326
Planning time: 0.761 ms
Execution time: 2283.071 ms
