Hash Join  (cost=81720.25..174553.41 rows=865527 width=0) (actual time=1478.679..4623.534 rows=1693257 loops=1)
  Hash Cond: (mc.movie_id = t.id)
  ->  Seq Scan on movie_companies mc  (cost=0.00..51404.11 rows=2543675 width=4) (actual time=0.028..1214.546 rows=2541052 loops=1)
        Filter: (company_id > 7)
        Rows Removed by Filter: 68077
  ->  Hash  (cost=67604.59..67604.59 rows=860373 width=4) (actual time=1476.379..1476.379 rows=854214 loops=1)
        Buckets: 131072  Batches: 16  Memory Usage: 2897kB
        ->  Seq Scan on title t  (cost=0.00..67604.59 rows=860373 width=4) (actual time=0.019..1211.342 rows=854214 loops=1)
              Filter: (kind_id < 4)
              Rows Removed by Filter: 1674098
Planning time: 0.748 ms
Execution time: 4831.487 ms
