Seq Scan on movie_companies mc  (cost=0.00..57926.93 rows=1182801 width=0) (actual time=0.025..1182.972 rows=1270647 loops=1)
  Filter: ((company_id > 150) AND (company_type_id > 1))
  Rows Removed by Filter: 1338482
Planning time: 0.367 ms
Execution time: 1336.539 ms
