Hash Join  (cost=130680.86..218418.90 rows=108001 width=0) (actual time=2799.270..4104.478 rows=75252 loops=1)
  Hash Cond: (mk.movie_id = t.id)
  ->  Seq Scan on movie_keyword mk  (cost=0.00..69693.30 rows=4523930 width=4) (actual time=0.028..662.449 rows=4523930 loops=1)
  ->  Hash  (cost=129926.31..129926.31 rows=60364 width=8) (actual time=2798.500..2798.500 rows=21415 loops=1)
        Buckets: 65536  Batches: 1  Memory Usage: 1349kB
        ->  Hash Join  (cost=74657.14..129926.31 rows=60364 width=8) (actual time=1323.704..2791.143 rows=21415 loops=1)
              Hash Cond: (mc.movie_id = t.id)
              ->  Seq Scan on movie_companies mc  (cost=0.00..44881.29 rows=2609129 width=4) (actual time=0.014..739.955 rows=2609129 loops=1)
              ->  Hash  (cost=73925.90..73925.90 rows=58499 width=4) (actual time=1323.366..1323.366 rows=62752 loops=1)
                    Buckets: 65536  Batches: 1  Memory Usage: 2719kB
                    ->  Seq Scan on title t  (cost=0.00..73925.90 rows=58499 width=4) (actual time=252.400..1297.863 rows=62752 loops=1)
                          Filter: ((kind_id = 7) AND (production_year = 2005))
                          Rows Removed by Filter: 2465560
Planning time: 0.889 ms
Execution time: 4113.725 ms
