Seq Scan on movie_keyword mk  (cost=0.00..81003.12 rows=25862 width=0) (actual time=625.839..1243.162 rows=22392 loops=1)
  Filter: (keyword_id > 115592)
  Rows Removed by Filter: 4501538
Planning time: 0.304 ms
Execution time: 1246.761 ms
