Seq Scan on cast_info ci  (cost=0.00..796071.18 rows=324 width=0) (actual time=4027.776..14749.745 rows=422 loops=1)
  Filter: ((role_id > 1) AND (person_id = 2470767))
  Rows Removed by Filter: 36243922
Planning time: 0.393 ms
Execution time: 14749.917 ms
