Hash Join  (cost=102767.86..287783.16 rows=3912011 width=0) (actual time=2655.281..8277.276 rows=3911232 loops=1)
  Hash Cond: (mk.movie_id = t.id)
  ->  Seq Scan on movie_keyword mk  (cost=0.00..81003.12 rows=3912011 width=4) (actual time=0.013..1797.124 rows=3911232 loops=1)
        Filter: (keyword_id > 461)
        Rows Removed by Filter: 612698
  ->  Hash  (cost=61283.27..61283.27 rows=2528527 width=4) (actual time=2653.017..2653.017 rows=2528312 loops=1)
        Buckets: 131072  Batches: 64  Memory Usage: 2425kB
        ->  Seq Scan on title t  (cost=0.00..61283.27 rows=2528527 width=4) (actual time=0.015..1155.467 rows=2528312 loops=1)
Planning time: 0.689 ms
Execution time: 8699.049 ms
