Seq Scan on movie_companies mc  (cost=0.00..51404.11 rows=104 width=0) (actual time=203.431..782.732 rows=166 loops=1)
  Filter: (company_id = 11995)
  Rows Removed by Filter: 2608963
Planning time: 0.408 ms
Execution time: 782.848 ms
