Hash Join  (cost=228869.76..1044145.59 rows=362506 width=0) (actual time=14344.700..20266.162 rows=683480 loops=1)
  Hash Cond: (ci.movie_id = t.id)
  ->  Seq Scan on cast_info ci  (cost=0.00..796071.18 rows=1053223 width=4) (actual time=9611.824..14682.274 rows=1054684 loops=1)
        Filter: ((person_id > 287527) AND (role_id = 9))
        Rows Removed by Filter: 35189660
  ->  Hash  (cost=214591.16..214591.16 rows=870288 width=8) (actual time=4731.856..4731.856 rows=871950 loops=1)
        Buckets: 131072  Batches: 16  Memory Usage: 3178kB
        ->  Hash Join  (cost=102767.86..214591.16 rows=870288 width=8) (actual time=1777.473..4225.252 rows=871950 loops=1)
              Hash Cond: (mk.movie_id = t.id)
              ->  Seq Scan on movie_keyword mk  (cost=0.00..81003.12 rows=870288 width=4) (actual time=1.821..1348.820 rows=871950 loops=1)
                    Filter: (keyword_id < 829)
                    Rows Removed by Filter: 3651980
              ->  Hash  (cost=61283.27..61283.27 rows=2528527 width=4) (actual time=1773.753..1773.753 rows=2528312 loops=1)
                    Buckets: 131072  Batches: 64  Memory Usage: 2425kB
                    ->  Seq Scan on title t  (cost=0.00..61283.27 rows=2528527 width=4) (actual time=0.013..935.270 rows=2528312 loops=1)
Planning time: 1.190 ms
Execution time: 20353.444 ms
