Hash Join  (cost=73982.55..100917.78 rows=2474 width=0) (actual time=1216.357..1867.537 rows=1968 loops=1)
  Hash Cond: (mi_idx.movie_id = t.id)
  ->  Seq Scan on movie_info_idx mi_idx  (cost=0.00..21735.35 rows=1380035 width=4) (actual time=0.022..381.116 rows=1380035 loops=1)
  ->  Hash  (cost=73925.90..73925.90 rows=4532 width=4) (actual time=1202.574..1202.574 rows=6092 loops=1)
        Buckets: 8192  Batches: 1  Memory Usage: 279kB
        ->  Seq Scan on title t  (cost=0.00..73925.90 rows=4532 width=4) (actual time=161.372..1199.491 rows=6092 loops=1)
              Filter: ((kind_id = 7) AND (production_year = 1958))
              Rows Removed by Filter: 2522220
Planning time: 0.778 ms
Execution time: 1867.896 ms
