Seq Scan on movie_companies mc  (cost=0.00..51404.11 rows=661203 width=0) (actual time=0.020..906.255 rows=666315 loops=1)
  Filter: (company_id > 51245)
  Rows Removed by Filter: 1942814
Planning time: 0.327 ms
Execution time: 989.602 ms
