Hash Join  (cost=304159.23..1822224.12 rows=38324776 width=0) (actual time=6152.988..46174.250 rows=37499081 loops=1)
  Hash Cond: (ci.movie_id = t.id)
  ->  Seq Scan on cast_info ci  (cost=0.00..614943.12 rows=36225612 width=4) (actual time=0.015..13926.626 rows=36244344 loops=1)
  ->  Hash  (cost=260271.14..260271.14 rows=2675047 width=8) (actual time=6150.776..6150.776 rows=1237506 loops=1)
        Buckets: 131072  Batches: 64  Memory Usage: 1776kB
        ->  Hash Join  (cost=96651.52..260271.14 rows=2675047 width=8) (actual time=1902.384..5853.284 rows=1237506 loops=1)
              Hash Cond: (mk.movie_id = t.id)
              ->  Seq Scan on movie_keyword mk  (cost=0.00..81003.12 rows=3820404 width=4) (actual time=0.026..1812.742 rows=3814258 loops=1)
                    Filter: (keyword_id < 26618)
                    Rows Removed by Filter: 709672
              ->  Hash  (cost=67604.59..67604.59 rows=1770475 width=4) (actual time=1900.146..1900.146 rows=1774635 loops=1)
                    Buckets: 131072  Batches: 32  Memory Usage: 2984kB
                    ->  Seq Scan on title t  (cost=0.00..67604.59 rows=1770475 width=4) (actual time=0.021..1325.815 rows=1774635 loops=1)
                          Filter: (kind_id > 2)
                          Rows Removed by Filter: 753677
Planning time: 1.167 ms
Execution time: 50039.610 ms
