Seq Scan on movie_keyword mk  (cost=0.00..81003.12 rows=2920131 width=0) (actual time=0.023..1450.443 rows=2907882 loops=1)
  Filter: (keyword_id < 9347)
  Rows Removed by Filter: 1616048
Planning time: 0.317 ms
Execution time: 1817.299 ms
