Hash Join  (cost=127056.13..1191820.22 rows=3013891 width=0) (actual time=2704.733..30973.113 rows=4197394 loops=1)
  Hash Cond: (ci.movie_id = t.id)
  ->  Seq Scan on cast_info ci  (cost=0.00..614943.12 rows=36225612 width=4) (actual time=0.022..13158.715 rows=36244344 loops=1)
  ->  Hash  (cost=123604.53..123604.53 rows=210368 width=8) (actual time=2703.850..2703.850 rows=121022 loops=1)
        Buckets: 131072  Batches: 4  Memory Usage: 2198kB
        ->  Hash Join  (cost=83462.78..123604.53 rows=210368 width=8) (actual time=1555.868..2663.395 rows=121022 loops=1)
              Hash Cond: (mi_idx.movie_id = t.id)
              ->  Seq Scan on movie_info_idx mi_idx  (cost=0.00..25185.44 rows=915101 width=4) (actual time=0.016..554.626 rows=919850 loops=1)
                    Filter: (info_type_id < 101)
                    Rows Removed by Filter: 460185
              ->  Hash  (cost=73925.90..73925.90 rows=581270 width=4) (actual time=1554.408..1554.408 rows=602533 loops=1)
                    Buckets: 131072  Batches: 8  Memory Usage: 3669kB
                    ->  Seq Scan on title t  (cost=0.00..73925.90 rows=581270 width=4) (actual time=0.018..1363.665 rows=602533 loops=1)
                          Filter: ((kind_id > 1) AND (production_year > 2007))
                          Rows Removed by Filter: 1925779
Planning time: 1.157 ms
Execution time: 31449.301 ms
