Hash Join  (cost=540297.94..1449555.44 rows=1339337 width=0) (actual time=19827.620..28930.166 rows=1557767 loops=1)
  Hash Cond: (ci.movie_id = t.id)
  ->  Seq Scan on cast_info ci  (cost=0.00..796071.18 rows=6381592 width=4) (actual time=7477.085..14163.505 rows=3659252 loops=1)
        Filter: ((person_id < 1878372) AND (role_id > 3))
        Rows Removed by Filter: 32585092
  ->  Hash  (cost=531591.50..531591.50 rows=530675 width=8) (actual time=12344.102..12344.102 rows=1341311 loops=1)
        Buckets: 131072 (originally 131072)  Batches: 32 (originally 8)  Memory Usage: 3073kB
        ->  Hash Join  (cost=69928.56..531591.50 rows=530675 width=8) (actual time=1249.700..11676.994 rows=1341311 loops=1)
              Hash Cond: (mi.movie_id = t.id)
              ->  Seq Scan on movie_info mi  (cost=0.00..346232.03 rows=9476311 width=4) (actual time=0.032..6505.993 rows=9565151 loops=1)
                    Filter: (info_type_id < 16)
                    Rows Removed by Filter: 5270569
              ->  Hash  (cost=67604.59..67604.59 rows=141598 width=4) (actual time=1248.889..1248.889 rows=143333 loops=1)
                    Buckets: 131072  Batches: 2  Memory Usage: 3547kB
                    ->  Seq Scan on title t  (cost=0.00..67604.59 rows=141598 width=4) (actual time=0.023..967.024 rows=143333 loops=1)
                          Filter: (production_year < 1941)
                          Rows Removed by Filter: 2384979
Planning time: 1.170 ms
Execution time: 29100.549 ms
