Hash Join  (cost=83074.17..447738.90 rows=881 width=0) (actual time=2387.528..7445.957 rows=1 loops=1)
  Hash Cond: (mi.movie_id = t.id)
  ->  Seq Scan on movie_info mi  (cost=0.00..309384.22 rows=14739122 width=4) (actual time=0.018..3771.915 rows=14835720 loops=1)
  ->  Hash  (cost=83072.29..83072.29 rows=151 width=8) (actual time=1184.121..1184.121 rows=1 loops=1)
        Buckets: 1024  Batches: 1  Memory Usage: 9kB
        ->  Nested Loop  (cost=0.43..83072.29 rows=151 width=8) (actual time=954.092..1184.104 rows=1 loops=1)
              ->  Seq Scan on movie_keyword mk  (cost=0.00..81003.12 rows=246 width=4) (actual time=30.891..1182.947 rows=20 loops=1)
                    Filter: (keyword_id = 24731)
                    Rows Removed by Filter: 4523910
              ->  Index Scan using title_pkey on title t  (cost=0.43..8.40 rows=1 width=4) (actual time=0.052..0.052 rows=0 loops=20)
                    Index Cond: (id = mk.movie_id)
                    Filter: (kind_id > 4)
                    Rows Removed by Filter: 1
Planning time: 0.787 ms
Execution time: 7446.092 ms
