Seq Scan on movie_companies mc  (cost=0.00..51404.11 rows=104 width=0) (actual time=0.071..609.099 rows=959 loops=1)
  Filter: (company_id = 192)
  Rows Removed by Filter: 2608170
Planning time: 0.377 ms
Execution time: 609.337 ms
