Hash Join  (cost=280955.34..913391.49 rows=12577733 width=0) (actual time=6189.694..43444.288 rows=108288162 loops=1)
  Hash Cond: (mi.movie_id = t.id)
  ->  Seq Scan on movie_info mi  (cost=0.00..309384.22 rows=14739122 width=4) (actual time=0.023..6222.813 rows=14835720 loops=1)
  ->  Hash  (cost=245554.64..245554.64 rows=2157736 width=8) (actual time=6188.699..6188.699 rows=1911687 loops=1)
        Buckets: 131072  Batches: 32  Memory Usage: 3396kB
        ->  Hash Join  (cost=97725.07..245554.64 rows=2157736 width=8) (actual time=1982.190..5688.626 rows=1911687 loops=1)
              Hash Cond: (mk.movie_id = t.id)
              ->  Seq Scan on movie_keyword mk  (cost=0.00..81003.12 rows=2971816 width=4) (actual time=0.023..1663.557 rows=2957211 loops=1)
                    Filter: (keyword_id < 10009)
                    Rows Removed by Filter: 1566719
              ->  Hash  (cost=67604.59..67604.59 rows=1835879 width=4) (actual time=1980.604..1980.604 rows=1833367 loops=1)
                    Buckets: 131072  Batches: 32  Memory Usage: 3053kB
                    ->  Seq Scan on title t  (cost=0.00..67604.59 rows=1835879 width=4) (actual time=0.010..1378.133 rows=1833367 loops=1)
                          Filter: (production_year > 1986)
                          Rows Removed by Filter: 694945
Planning time: 1.124 ms
Execution time: 55193.707 ms
