Hash Join  (cost=449294.51..1464659.88 rows=1675089 width=0) (actual time=10931.347..37133.365 rows=8055075 loops=1)
  Hash Cond: (ci.movie_id = t.id)
  ->  Seq Scan on cast_info ci  (cost=0.00..796071.18 rows=11288532 width=4) (actual time=0.025..15426.423 rows=17530285 loops=1)
        Filter: ((person_id > 1864963) AND (role_id > 1))
        Rows Removed by Filter: 18714059
  ->  Hash  (cost=443138.46..443138.46 rows=375204 width=8) (actual time=10930.409..10930.409 rows=511682 loops=1)
        Buckets: 131072  Batches: 8  Memory Usage: 3479kB
        ->  Hash Join  (cost=74730.49..443138.46 rows=375204 width=8) (actual time=1166.530..10129.812 rows=511682 loops=1)
              Hash Cond: (mi.movie_id = t.id)
              ->  Seq Scan on movie_info mi  (cost=0.00..309384.22 rows=14739122 width=4) (actual time=0.029..4505.181 rows=14835720 loops=1)
              ->  Hash  (cost=73925.90..73925.90 rows=64367 width=4) (actual time=1166.163..1166.163 rows=53905 loops=1)
                    Buckets: 65536  Batches: 1  Memory Usage: 2408kB
                    ->  Seq Scan on title t  (cost=0.00..73925.90 rows=64367 width=4) (actual time=0.095..1145.004 rows=53905 loops=1)
                          Filter: ((kind_id < 7) AND (production_year = 2012))
                          Rows Removed by Filter: 2474407
Planning time: 1.211 ms
Execution time: 37995.188 ms
