Seq Scan on cast_info ci  (cost=0.00..705507.15 rows=35276495 width=0) (actual time=0.018..13976.985 rows=35262226 loops=1)
  Filter: (person_id < 3872972)
  Rows Removed by Filter: 982118
Planning time: 0.353 ms
Execution time: 18447.009 ms
