Hash Join  (cost=153458.74..250902.63 rows=72799 width=0) (actual time=2568.819..4580.413 rows=130165 loops=1)
  Hash Cond: (mk.movie_id = t.id)
  ->  Seq Scan on movie_keyword mk  (cost=0.00..81003.12 rows=1311408 width=4) (actual time=0.015..1548.911 rows=1319458 loops=1)
        Filter: (keyword_id < 1731)
        Rows Removed by Filter: 3204472
  ->  Hash  (cost=151155.20..151155.20 rows=140363 width=8) (actual time=2567.966..2567.966 rows=46558 loops=1)
        Buckets: 131072  Batches: 2  Memory Usage: 1945kB
        ->  Hash Join  (cost=83810.17..151155.20 rows=140363 width=8) (actual time=1534.102..2551.701 rows=46558 loops=1)
              Hash Cond: (mc.movie_id = t.id)
              ->  Seq Scan on movie_companies mc  (cost=0.00..57926.93 rows=359322 width=4) (actual time=48.250..860.597 rows=46558 loops=1)
                    Filter: ((company_id > 39296) AND (company_type_id = 1))
                    Rows Removed by Filter: 2562571
              ->  Hash  (cost=67604.59..67604.59 rows=987727 width=4) (actual time=1485.157..1485.157 rows=985048 loops=1)
                    Buckets: 131072  Batches: 16  Memory Usage: 3188kB
                    ->  Seq Scan on title t  (cost=0.00..67604.59 rows=987727 width=4) (actual time=0.026..1173.933 rows=985048 loops=1)
                          Filter: (kind_id < 7)
                          Rows Removed by Filter: 1543264
Planning time: 1.198 ms
Execution time: 4597.875 ms
