Hash Join  (cost=52284.46..416942.78 rows=239 width=0) (actual time=940.970..7885.982 rows=164 loops=1)
  Hash Cond: (mi.movie_id = t.id)
  ->  Seq Scan on movie_info mi  (cost=0.00..309384.22 rows=14739122 width=4) (actual time=0.008..4404.303 rows=14835720 loops=1)
  ->  Hash  (cost=52283.95..52283.95 rows=41 width=8) (actual time=804.984..804.984 rows=11 loops=1)
        Buckets: 1024  Batches: 1  Memory Usage: 9kB
        ->  Nested Loop  (cost=0.43..52283.95 rows=41 width=8) (actual time=12.765..804.959 rows=11 loops=1)
              ->  Seq Scan on movie_companies mc  (cost=0.00..51404.11 rows=104 width=4) (actual time=12.704..802.815 rows=103 loops=1)
                    Filter: (company_id = 73889)
                    Rows Removed by Filter: 2609026
              ->  Index Scan using title_pkey on title t  (cost=0.43..8.45 rows=1 width=4) (actual time=0.020..0.020 rows=0 loops=103)
                    Index Cond: (id = mc.movie_id)
                    Filter: (kind_id < 7)
                    Rows Removed by Filter: 1
Planning time: 1.205 ms
Execution time: 7886.239 ms
