Hash Join  (cost=84171.54..168104.64 rows=644357 width=0) (actual time=1299.079..3523.605 rows=350975 loops=1)
  Hash Cond: (mc.movie_id = t.id)
  ->  Seq Scan on movie_companies mc  (cost=0.00..44881.29 rows=2609129 width=4) (actual time=0.024..846.220 rows=2609129 loops=1)
  ->  Hash  (cost=73925.90..73925.90 rows=624451 width=4) (actual time=1297.919..1297.919 rows=521141 loops=1)
        Buckets: 131072  Batches: 16  Memory Usage: 2168kB
        ->  Seq Scan on title t  (cost=0.00..73925.90 rows=624451 width=4) (actual time=128.169..1132.801 rows=521141 loops=1)
              Filter: ((production_year < 2000) AND (kind_id = 7))
              Rows Removed by Filter: 2007171
Planning time: 0.807 ms
Execution time: 3569.563 ms
