Hash Join  (cost=77134.53..913396.24 rows=247189 width=0) (actual time=5450.221..14316.574 rows=370126 loops=1)
  Hash Cond: (ci.movie_id = t.id)
  ->  Seq Scan on cast_info ci  (cost=0.00..796071.18 rows=3195905 width=4) (actual time=4269.558..10974.079 rows=4963014 loops=1)
        Filter: ((person_id > 3174940) AND (role_id > 1))
        Rows Removed by Filter: 31281330
  ->  Hash  (cost=73925.90..73925.90 rows=195570 width=4) (actual time=1179.600..1179.600 rows=300646 loops=1)
        Buckets: 131072  Batches: 4  Memory Usage: 3670kB
        ->  Seq Scan on title t  (cost=0.00..73925.90 rows=195570 width=4) (actual time=0.086..1089.428 rows=300646 loops=1)
              Filter: ((kind_id < 7) AND (production_year < 1979))
              Rows Removed by Filter: 2227666
Planning time: 0.787 ms
Execution time: 14355.834 ms
