Hash Join  (cost=107376.84..163457.43 rows=10560 width=0) (actual time=2548.540..3717.420 rows=97576 loops=1)
  Hash Cond: (mc.movie_id = t.id)
  ->  Seq Scan on movie_companies mc  (cost=0.00..51404.11 rows=1218900 width=4) (actual time=0.022..849.421 rows=1206226 loops=1)
        Filter: (company_id < 11137)
        Rows Removed by Filter: 1402903
  ->  Hash  (cost=107103.02..107103.02 rows=21906 width=8) (actual time=2522.582..2522.582 rows=64258 loops=1)
        Buckets: 65536 (originally 32768)  Batches: 1 (originally 1)  Memory Usage: 3023kB
        ->  Hash Join  (cost=75897.85..107103.02 rows=21906 width=8) (actual time=1779.409..2495.250 rows=64258 loops=1)
              Hash Cond: (mi_idx.movie_id = t.id)
              ->  Seq Scan on movie_info_idx mi_idx  (cost=0.00..25185.44 rows=460978 width=4) (actual time=0.009..426.161 rows=459925 loops=1)
                    Filter: (info_type_id < 100)
                    Rows Removed by Filter: 920110
              ->  Hash  (cost=73925.90..73925.90 rows=120156 width=4) (actual time=1778.613..1778.613 rows=252581 loops=1)
                    Buckets: 131072 (originally 131072)  Batches: 4 (originally 2)  Memory Usage: 3246kB
                    ->  Seq Scan on title t  (cost=0.00..73925.90 rows=120156 width=4) (actual time=116.213..1105.428 rows=252581 loops=1)
                          Filter: ((production_year < 1976) AND (kind_id = 1))
                          Rows Removed by Filter: 2275731
Planning time: 1.243 ms
Execution time: 3730.754 ms
