Hash Join  (cost=709678.15..1074363.23 rows=2915 width=0) (actual time=11015.425..18126.434 rows=3364 loops=1)
  Hash Cond: (mi.movie_id = t.id)
  ->  Seq Scan on movie_info mi  (cost=0.00..309384.22 rows=14739122 width=4) (actual time=0.018..4374.610 rows=14835720 loops=1)
  ->  Hash  (cost=709671.90..709671.90 rows=500 width=8) (actual time=11011.941..11011.941 rows=443 loops=1)
        Buckets: 1024  Batches: 1  Memory Usage: 26kB
        ->  Nested Loop  (cost=0.43..709671.90 rows=500 width=8) (actual time=1532.836..11011.781 rows=443 loops=1)
              ->  Seq Scan on cast_info ci  (cost=0.00..705507.15 rows=500 width=4) (actual time=1532.698..10816.082 rows=443 loops=1)
                    Filter: (person_id = 2076362)
                    Rows Removed by Filter: 36243901
              ->  Index Only Scan using title_pkey on title t  (cost=0.43..8.32 rows=1 width=4) (actual time=0.441..0.441 rows=1 loops=443)
                    Index Cond: (id = ci.movie_id)
                    Heap Fetches: 443
Planning time: 1.241 ms
Execution time: 18127.517 ms
