Seq Scan on cast_info ci  (cost=0.00..796071.18 rows=17657448 width=0) (actual time=0.022..15202.516 rows=14558748 loops=1)
  Filter: ((person_id < 2795032) AND (role_id > 1))
  Rows Removed by Filter: 21685596
Planning time: 0.315 ms
Execution time: 16906.509 ms
