Seq Scan on movie_keyword mk  (cost=0.00..81003.12 rows=179687 width=0) (actual time=0.025..1329.087 rows=177553 loops=1)
  Filter: (keyword_id > 71739)
  Rows Removed by Filter: 4346377
Planning time: 0.309 ms
Execution time: 1353.825 ms
