Hash Join  (cost=798791.46..853460.32 rows=334 width=0) (actual time=14126.811..15230.750 rows=126 loops=1)
  Hash Cond: (mc.movie_id = t.id)
  ->  Seq Scan on movie_companies mc  (cost=0.00..44881.29 rows=2609129 width=4) (actual time=0.040..641.708 rows=2609129 loops=1)
  ->  Hash  (cost=798787.41..798787.41 rows=324 width=8) (actual time=14124.149..14124.149 rows=32 loops=1)
        Buckets: 1024  Batches: 1  Memory Usage: 10kB
        ->  Nested Loop  (cost=0.43..798787.41 rows=324 width=8) (actual time=7018.972..14124.128 rows=32 loops=1)
              ->  Seq Scan on cast_info ci  (cost=0.00..796071.18 rows=324 width=4) (actual time=7018.822..14121.417 rows=32 loops=1)
                    Filter: ((role_id > 1) AND (person_id = 2628932))
                    Rows Removed by Filter: 36244312
              ->  Index Only Scan using title_pkey on title t  (cost=0.43..8.37 rows=1 width=4) (actual time=0.082..0.082 rows=1 loops=32)
                    Index Cond: (id = ci.movie_id)
                    Heap Fetches: 32
Planning time: 1.207 ms
Execution time: 15230.910 ms
