Hash Join  (cost=217149.60..1032764.11 rows=424995 width=0) (actual time=8859.808..16306.623 rows=405175 loops=1)
  Hash Cond: (ci.movie_id = t.id)
  ->  Seq Scan on cast_info ci  (cost=0.00..796071.18 rows=933702 width=4) (actual time=4254.418..11145.807 rows=576876 loops=1)
        Filter: ((person_id < 199053) AND (role_id > 2))
        Rows Removed by Filter: 35667468
  ->  Hash  (cost=198267.16..198267.16 rows=1150915 width=8) (actual time=4604.384..4604.384 rows=979185 loops=1)
        Buckets: 131072  Batches: 16  Memory Usage: 3399kB
        ->  Hash Join  (cost=102767.86..198267.16 rows=1150915 width=8) (actual time=2264.092..4339.174 rows=979185 loops=1)
              Hash Cond: (mc.movie_id = t.id)
              ->  Seq Scan on movie_companies mc  (cost=0.00..57926.93 rows=1150915 width=4) (actual time=291.565..1177.385 rows=979185 loops=1)
                    Filter: ((company_id < 87649) AND (company_type_id > 1))
                    Rows Removed by Filter: 1629944
              ->  Hash  (cost=61283.27..61283.27 rows=2528527 width=4) (actual time=1971.331..1971.331 rows=2528312 loops=1)
                    Buckets: 131072  Batches: 64  Memory Usage: 2415kB
                    ->  Seq Scan on title t  (cost=0.00..61283.27 rows=2528527 width=4) (actual time=0.026..1132.357 rows=2528312 loops=1)
Planning time: 1.169 ms
Execution time: 16354.288 ms
