Hash Join  (cost=251384.31..1292939.98 rows=7867784 width=0) (actual time=5608.419..32538.235 rows=17826717 loops=1)
  Hash Cond: (ci.movie_id = t.id)
  ->  Seq Scan on cast_info ci  (cost=0.00..796071.18 rows=13944439 width=4) (actual time=0.022..17123.719 rows=11022633 loops=1)
        Filter: ((person_id < 3158080) AND (role_id > 2))
        Rows Removed by Filter: 25221711
  ->  Hash  (cost=227978.13..227978.13 rows=1426655 width=8) (actual time=5607.048..5607.048 rows=1441400 loops=1)
        Buckets: 131072  Batches: 32  Memory Usage: 2773kB
        ->  Hash Join  (cost=102767.86..227978.13 rows=1426655 width=8) (actual time=1778.842..5179.582 rows=1441400 loops=1)
              Hash Cond: (mk.movie_id = t.id)
              ->  Seq Scan on movie_keyword mk  (cost=0.00..81003.12 rows=1426655 width=4) (actual time=0.016..1529.055 rows=1441400 loops=1)
                    Filter: (keyword_id < 2014)
                    Rows Removed by Filter: 3082530
              ->  Hash  (cost=61283.27..61283.27 rows=2528527 width=4) (actual time=1775.748..1775.748 rows=2528312 loops=1)
                    Buckets: 131072  Batches: 64  Memory Usage: 2425kB
                    ->  Seq Scan on title t  (cost=0.00..61283.27 rows=2528527 width=4) (actual time=0.017..929.894 rows=2528312 loops=1)
Planning time: 1.182 ms
Execution time: 34481.643 ms
