Seq Scan on movie_keyword mk  (cost=0.00..81003.12 rows=34714 width=0) (actual time=450.944..1279.591 rows=32019 loops=1)
  Filter: (keyword_id > 109242)
  Rows Removed by Filter: 4491911
Planning time: 0.359 ms
Execution time: 1284.673 ms
