Seq Scan on cast_info ci  (cost=0.00..796071.18 rows=195592 width=0) (actual time=5337.998..10771.993 rows=342814 loops=1)
  Filter: ((person_id < 51840) AND (role_id < 2))
  Rows Removed by Filter: 35901530
Planning time: 0.354 ms
Execution time: 10823.166 ms
