Seq Scan on movie_companies mc  (cost=0.00..57926.93 rows=12424 width=0) (actual time=364.267..794.341 rows=22986 loops=1)
  Filter: ((company_id > 213749) AND (company_type_id > 1))
  Rows Removed by Filter: 2586143
Planning time: 0.302 ms
Execution time: 797.300 ms
