Hash Join  (cost=73990.33..443716.03 rows=12701 width=0) (actual time=1023.343..7621.605 rows=10475 loops=1)
  Hash Cond: (mi.movie_id = t.id)
  ->  Seq Scan on movie_info mi  (cost=0.00..346232.03 rows=6231111 width=4) (actual time=0.009..5601.930 rows=6223494 loops=1)
        Filter: (info_type_id > 8)
        Rows Removed by Filter: 8612226
  ->  Hash  (cost=73925.90..73925.90 rows=5154 width=4) (actual time=1022.787..1022.787 rows=3618 loops=1)
        Buckets: 8192  Batches: 1  Memory Usage: 192kB
        ->  Seq Scan on title t  (cost=0.00..73925.90 rows=5154 width=4) (actual time=86.064..1020.953 rows=3618 loops=1)
              Filter: ((kind_id = 3) AND (production_year = 2009))
              Rows Removed by Filter: 2524694
Planning time: 0.964 ms
Execution time: 7623.830 ms
