Hash Join  (cost=263115.61..1161329.52 rows=3891576 width=0) (actual time=8015.880..24397.366 rows=5618422 loops=1)
  Hash Cond: (ci.movie_id = t.id)
  ->  Seq Scan on cast_info ci  (cost=0.00..796071.18 rows=3771356 width=4) (actual time=546.491..12663.895 rows=2312787 loops=1)
        Filter: ((person_id < 814615) AND (role_id > 2))
        Rows Removed by Filter: 33931557
  ->  Hash  (cost=220309.49..220309.49 rows=2609129 width=8) (actual time=7467.471..7467.471 rows=2609129 loops=1)
        Buckets: 131072  Batches: 64  Memory Usage: 2610kB
        ->  Hash Join  (cost=102767.86..220309.49 rows=2609129 width=8) (actual time=2604.094..6634.148 rows=2609129 loops=1)
              Hash Cond: (mc.movie_id = t.id)
              ->  Seq Scan on movie_companies mc  (cost=0.00..44881.29 rows=2609129 width=4) (actual time=0.027..883.815 rows=2609129 loops=1)
              ->  Hash  (cost=61283.27..61283.27 rows=2528527 width=4) (actual time=2603.177..2603.177 rows=2528312 loops=1)
                    Buckets: 131072  Batches: 64  Memory Usage: 2415kB
                    ->  Seq Scan on title t  (cost=0.00..61283.27 rows=2528527 width=4) (actual time=0.036..1087.670 rows=2528312 loops=1)
Planning time: 1.197 ms
Execution time: 25073.593 ms
