Seq Scan on movie_keyword mk  (cost=0.00..81003.12 rows=246 width=12) (actual time=0.580..1080.177 rows=249 loops=1)
  Filter: (keyword_id = 15560)
  Rows Removed by Filter: 4523681
Planning time: 0.339 ms
Execution time: 1080.239 ms
