Hash Join  (cost=81573.24..470759.89 rows=565589 width=0) (actual time=1272.024..8554.045 rows=617448 loops=1)
  Hash Cond: (mi.movie_id = t.id)
  ->  Seq Scan on movie_info mi  (cost=0.00..346232.03 rows=3068194 width=4) (actual time=0.020..5602.885 rows=3036719 loops=1)
        Filter: (info_type_id = 16)
        Rows Removed by Filter: 11799001
  ->  Hash  (cost=73925.90..73925.90 rows=466107 width=4) (actual time=1271.211..1271.211 rows=396359 loops=1)
        Buckets: 131072  Batches: 8  Memory Usage: 2769kB
        ->  Seq Scan on title t  (cost=0.00..73925.90 rows=466107 width=4) (actual time=0.013..1146.812 rows=396359 loops=1)
              Filter: ((kind_id < 7) AND (production_year > 2003))
              Rows Removed by Filter: 2131953
Planning time: 0.531 ms
Execution time: 8667.312 ms
