Hash Join  (cost=102767.86..246384.35 rows=2191592 width=0) (actual time=2110.182..5797.197 rows=2191872 loops=1)
  Hash Cond: (mk.movie_id = t.id)
  ->  Seq Scan on movie_keyword mk  (cost=0.00..81003.12 rows=2191592 width=4) (actual time=0.009..1589.397 rows=2191872 loops=1)
        Filter: (keyword_id < 4340)
        Rows Removed by Filter: 2332058
  ->  Hash  (cost=61283.27..61283.27 rows=2528527 width=4) (actual time=2108.724..2108.724 rows=2528312 loops=1)
        Buckets: 131072  Batches: 64  Memory Usage: 2425kB
        ->  Seq Scan on title t  (cost=0.00..61283.27 rows=2528527 width=4) (actual time=0.006..1231.639 rows=2528312 loops=1)
Planning time: 0.755 ms
Execution time: 6052.873 ms
