Seq Scan on movie_keyword mk  (cost=0.00..81003.12 rows=246 width=0) (actual time=8.629..1225.932 rows=29 loops=1)
  Filter: (keyword_id = 52487)
  Rows Removed by Filter: 4523901
Planning time: 0.350 ms
Execution time: 1226.039 ms
