Hash Join  (cost=96190.11..446542.22 rows=15430 width=0) (actual time=3676.441..7018.742 rows=100870 loops=1)
  Hash Cond: (mi.movie_id = t.id)
  ->  Seq Scan on movie_info mi  (cost=0.00..346232.03 rows=1057541 width=4) (actual time=1847.339..5067.711 rows=1108940 loops=1)
        Filter: (info_type_id > 64)
        Rows Removed by Filter: 13726780
  ->  Hash  (cost=95728.95..95728.95 rows=36893 width=8) (actual time=1694.206..1694.206 rows=45309 loops=1)
        Buckets: 65536  Batches: 1  Memory Usage: 2282kB
        ->  Hash Join  (cost=68449.54..95728.95 rows=36893 width=8) (actual time=1039.373..1678.771 rows=45309 loops=1)
              Hash Cond: (mi_idx.movie_id = t.id)
              ->  Seq Scan on movie_info_idx mi_idx  (cost=0.00..21735.35 rows=1380035 width=4) (actual time=0.028..292.508 rows=1380035 loops=1)
              ->  Hash  (cost=67604.59..67604.59 rows=67596 width=4) (actual time=1038.673..1038.673 rows=67777 loops=1)
                    Buckets: 131072  Batches: 1  Memory Usage: 3407kB
                    ->  Seq Scan on title t  (cost=0.00..67604.59 rows=67596 width=4) (actual time=0.031..1010.367 rows=67777 loops=1)
                          Filter: (production_year = 2003)
                          Rows Removed by Filter: 2460535
Planning time: 1.158 ms
Execution time: 7032.806 ms
