Seq Scan on title t  (cost=0.00..73925.90 rows=1900 width=0) (actual time=0.077..1178.329 rows=2295 loops=1)
  Filter: ((kind_id = 3) AND (production_year = 1998))
  Rows Removed by Filter: 2526017
Planning time: 0.298 ms
Execution time: 1179.064 ms
