Seq Scan on movie_companies mc  (cost=0.00..51404.11 rows=2142955 width=0) (actual time=0.018..1010.663 rows=2138119 loops=1)
  Filter: (company_id < 75976)
  Rows Removed by Filter: 471010
Planning time: 1.715 ms
Execution time: 1261.012 ms
