Hash Join  (cost=133013.34..498871.47 rows=120220 width=0) (actual time=2173.572..10295.526 rows=385270 loops=1)
  Hash Cond: (mi.movie_id = t.id)
  ->  Seq Scan on movie_info mi  (cost=0.00..309384.22 rows=14739122 width=4) (actual time=0.019..4423.853 rows=14835720 loops=1)
  ->  Hash  (cost=132755.54..132755.54 rows=20624 width=8) (actual time=2173.264..2173.264 rows=21421 loops=1)
        Buckets: 32768  Batches: 1  Memory Usage: 1093kB
        ->  Hash Join  (cost=70241.71..132755.54 rows=20624 width=8) (actual time=1026.542..2165.451 rows=21421 loops=1)
              Hash Cond: (mc.movie_id = t.id)
              ->  Seq Scan on movie_companies mc  (cost=0.00..57926.93 rows=324442 width=4) (actual time=10.514..911.589 rows=470475 loops=1)
                    Filter: ((company_id < 917) AND (company_type_id = 1))
                    Rows Removed by Filter: 2138654
              ->  Hash  (cost=67604.59..67604.59 rows=160730 width=4) (actual time=1015.202..1015.202 rows=160017 loops=1)
                    Buckets: 131072  Batches: 4  Memory Usage: 2436kB
                    ->  Seq Scan on title t  (cost=0.00..67604.59 rows=160730 width=4) (actual time=0.035..960.992 rows=160017 loops=1)
                          Filter: (production_year = 2011)
                          Rows Removed by Filter: 2368295
Planning time: 1.144 ms
Execution time: 10348.926 ms
