Hash Join  (cost=77180.21..569322.87 rows=1156174 width=0) (actual time=1243.037..16232.674 rows=3974226 loops=1)
  Hash Cond: (mi.movie_id = t.id)
  ->  Seq Scan on movie_info mi  (cost=0.00..309384.22 rows=14739122 width=4) (actual time=0.007..5860.470 rows=14835720 loops=1)
  ->  Hash  (cost=73925.90..73925.90 rows=198344 width=4) (actual time=1242.355..1242.355 rows=331222 loops=1)
        Buckets: 131072  Batches: 4  Memory Usage: 3944kB
        ->  Seq Scan on title t  (cost=0.00..73925.90 rows=198344 width=4) (actual time=0.017..1132.540 rows=331222 loops=1)
              Filter: ((production_year < 1993) AND (kind_id = 1))
              Rows Removed by Filter: 2197090
Planning time: 0.492 ms
Execution time: 16711.501 ms
