Hash Join  (cost=116949.60..1102285.09 rows=778504 width=0) (actual time=2156.770..25881.161 rows=1466186 loops=1)
  Hash Cond: (ci.movie_id = t.id)
  ->  Seq Scan on cast_info ci  (cost=0.00..705507.15 rows=23499554 width=4) (actual time=0.015..15606.234 rows=23573656 loops=1)
        Filter: (role_id > 1)
        Rows Removed by Filter: 12670688
  ->  Hash  (cost=115574.52..115574.52 rows=83766 width=8) (actual time=2155.702..2155.702 rows=76581 loops=1)
        Buckets: 131072  Batches: 2  Memory Usage: 2511kB
        ->  Hash Join  (cost=76444.38..115574.52 rows=83766 width=8) (actual time=1136.322..2130.969 rows=76581 loops=1)
              Hash Cond: (mi_idx.movie_id = t.id)
              ->  Seq Scan on movie_info_idx mi_idx  (cost=0.00..21735.35 rows=1380035 width=4) (actual time=0.033..413.868 rows=1380035 loops=1)
              ->  Hash  (cost=73925.90..73925.90 rows=153478 width=4) (actual time=1135.415..1135.415 rows=134760 loops=1)
                    Buckets: 131072  Batches: 4  Memory Usage: 2216kB
                    ->  Seq Scan on title t  (cost=0.00..73925.90 rows=153478 width=4) (actual time=0.018..1089.717 rows=134760 loops=1)
                          Filter: ((kind_id < 7) AND (production_year > 2010))
                          Rows Removed by Filter: 2393552
Planning time: 0.756 ms
Execution time: 26049.218 ms
