Hash Join  (cost=143761.26..1266538.73 rows=8661236 width=0) (actual time=3161.925..36193.860 rows=15986383 loops=1)
  Hash Cond: (ci.movie_id = t.id)
  ->  Seq Scan on cast_info ci  (cost=0.00..614943.12 rows=36225612 width=4) (actual time=0.010..13029.309 rows=36244344 loops=1)
  ->  Hash  (cost=133842.40..133842.40 rows=604549 width=8) (actual time=3161.027..3161.027 rows=488617 loops=1)
        Buckets: 131072  Batches: 8  Memory Usage: 3403kB
        ->  Hash Join  (cost=85777.42..133842.40 rows=604549 width=8) (actual time=1645.123..3027.754 rows=488617 loops=1)
              Hash Cond: (mi_idx.movie_id = t.id)
              ->  Seq Scan on movie_info_idx mi_idx  (cost=0.00..21735.35 rows=1380035 width=4) (actual time=0.024..459.020 rows=1380035 loops=1)
              ->  Hash  (cost=67604.59..67604.59 rows=1107667 width=4) (actual time=1644.074..1644.074 rows=1107925 loops=1)
                    Buckets: 131072  Batches: 16  Memory Usage: 3460kB
                    ->  Seq Scan on title t  (cost=0.00..67604.59 rows=1107667 width=4) (actual time=0.017..1286.062 rows=1107925 loops=1)
                          Filter: (production_year > 2004)
                          Rows Removed by Filter: 1420387
Planning time: 1.117 ms
Execution time: 37900.958 ms
