Hash Join  (cost=102767.86..950830.29 rows=1750108 width=0) (actual time=9112.055..16119.630 rows=578069 loops=1)
  Hash Cond: (ci.movie_id = t.id)
  ->  Seq Scan on cast_info ci  (cost=0.00..796071.18 rows=1750108 width=4) (actual time=7019.044..13145.581 rows=578069 loops=1)
        Filter: ((person_id < 1333528) AND (role_id > 9))
        Rows Removed by Filter: 35666275
  ->  Hash  (cost=61283.27..61283.27 rows=2528527 width=4) (actual time=2091.744..2091.744 rows=2528312 loops=1)
        Buckets: 131072  Batches: 64  Memory Usage: 2415kB
        ->  Seq Scan on title t  (cost=0.00..61283.27 rows=2528527 width=4) (actual time=0.025..1242.112 rows=2528312 loops=1)
Planning time: 0.497 ms
Execution time: 16187.582 ms
