Hash Join  (cost=74617.32..133350.29 rows=4443 width=0) (actual time=888.391..1812.637 rows=3606 loops=1)
  Hash Cond: (mc.movie_id = t.id)
  ->  Seq Scan on movie_companies mc  (cost=0.00..57926.93 rows=203096 width=4) (actual time=0.017..819.433 rows=317030 loops=1)
        Filter: ((company_id < 284) AND (company_type_id < 2))
        Rows Removed by Filter: 2292099
  ->  Hash  (cost=73925.90..73925.90 rows=55313 width=4) (actual time=887.935..887.935 rows=49075 loops=1)
        Buckets: 65536  Batches: 1  Memory Usage: 2238kB
        ->  Seq Scan on title t  (cost=0.00..73925.90 rows=55313 width=4) (actual time=0.026..870.041 rows=49075 loops=1)
              Filter: ((kind_id < 7) AND (production_year = 2010))
              Rows Removed by Filter: 2479237
Planning time: 0.524 ms
Execution time: 1813.482 ms
