Hash Join  (cost=102767.86..196498.10 rows=1077373 width=0) (actual time=2032.244..5124.600 rows=1203149 loops=1)
  Hash Cond: (mc.movie_id = t.id)
  ->  Seq Scan on movie_companies mc  (cost=0.00..57926.93 rows=1077373 width=4) (actual time=0.025..1132.156 rows=1203149 loops=1)
        Filter: ((company_id > 428) AND (company_type_id > 1))
        Rows Removed by Filter: 1405980
  ->  Hash  (cost=61283.27..61283.27 rows=2528527 width=4) (actual time=2030.380..2030.380 rows=2528312 loops=1)
        Buckets: 131072  Batches: 64  Memory Usage: 2415kB
        ->  Seq Scan on title t  (cost=0.00..61283.27 rows=2528527 width=4) (actual time=0.017..1137.236 rows=2528312 loops=1)
Planning time: 0.747 ms
Execution time: 5272.775 ms
