Seq Scan on cast_info ci  (cost=0.00..796071.18 rows=8182266 width=0) (actual time=4392.117..14190.668 rows=12727576 loops=1)
  Filter: ((person_id > 2407867) AND (role_id > 1))
  Rows Removed by Filter: 23516768
Planning time: 0.253 ms
Execution time: 15750.469 ms
