Hash Join  (cost=74434.21..160604.65 rows=21249 width=0) (actual time=2005.720..2666.057 rows=1874 loops=1)
  Hash Cond: (mk.movie_id = t.id)
  ->  Seq Scan on movie_keyword mk  (cost=0.00..81003.12 rows=1321289 width=4) (actual time=0.012..1387.275 rows=1332412 loops=1)
        Filter: (keyword_id < 1741)
        Rows Removed by Filter: 3191518
  ->  Hash  (cost=73925.90..73925.90 rows=40664 width=4) (actual time=1014.555..1014.555 rows=40257 loops=1)
        Buckets: 65536  Batches: 1  Memory Usage: 1928kB
        ->  Seq Scan on title t  (cost=0.00..73925.90 rows=40664 width=4) (actual time=0.034..998.047 rows=40257 loops=1)
              Filter: ((production_year > 2012) AND (kind_id = 7))
              Rows Removed by Filter: 2488055
Planning time: 1.942 ms
Execution time: 2666.575 ms
