Hash Join  (cost=1018504.83..3091814.62 rows=81388230 width=0) (actual time=25632.867..104078.477 rows=205426437 loops=1)
  Hash Cond: (ci.movie_id = t.id)
  ->  Seq Scan on cast_info ci  (cost=0.00..796071.18 rows=13962320 width=4) (actual time=0.018..16973.311 rows=14771916 loops=1)
        Filter: ((person_id > 474412) AND (role_id > 2))
        Rows Removed by Filter: 21472428
  ->  Hash  (cost=776690.81..776690.81 rows=14739122 width=8) (actual time=25628.278..25628.278 rows=14835720 loops=1)
        Buckets: 131072  Batches: 256  Memory Usage: 3268kB
        ->  Hash Join  (cost=102767.86..776690.81 rows=14739122 width=8) (actual time=2077.006..20774.791 rows=14835720 loops=1)
              Hash Cond: (mi.movie_id = t.id)
              ->  Seq Scan on movie_info mi  (cost=0.00..309384.22 rows=14739122 width=4) (actual time=0.026..6376.073 rows=14835720 loops=1)
              ->  Hash  (cost=61283.27..61283.27 rows=2528527 width=4) (actual time=2076.129..2076.129 rows=2528312 loops=1)
                    Buckets: 131072  Batches: 64  Memory Usage: 2425kB
                    ->  Seq Scan on title t  (cost=0.00..61283.27 rows=2528527 width=4) (actual time=0.013..1199.010 rows=2528312 loops=1)
Planning time: 1.160 ms
Execution time: 125208.635 ms
