Hash Join  (cost=102767.86..247598.23 rows=2242046 width=0) (actual time=1924.781..5434.826 rows=2237668 loops=1)
  Hash Cond: (mk.movie_id = t.id)
  ->  Seq Scan on movie_keyword mk  (cost=0.00..81003.12 rows=2242046 width=4) (actual time=0.023..1553.313 rows=2237668 loops=1)
        Filter: (keyword_id < 4608)
        Rows Removed by Filter: 2286262
  ->  Hash  (cost=61283.27..61283.27 rows=2528527 width=4) (actual time=1923.524..1923.524 rows=2528312 loops=1)
        Buckets: 131072  Batches: 64  Memory Usage: 2425kB
        ->  Seq Scan on title t  (cost=0.00..61283.27 rows=2528527 width=4) (actual time=0.013..1062.407 rows=2528312 loops=1)
Planning time: 0.703 ms
Execution time: 5673.972 ms
