Hash Join  (cost=162910.07..652315.44 rows=3228507 width=0) (actual time=4021.964..17641.370 rows=8030207 loops=1)
  Hash Cond: (mi.movie_id = t.id)
  ->  Seq Scan on movie_info mi  (cost=0.00..346232.03 rows=9293409 width=4) (actual time=0.026..7166.939 rows=9425200 loops=1)
        Filter: (info_type_id > 5)
        Rows Removed by Filter: 5410520
  ->  Hash  (cost=148498.02..148498.02 rows=878404 width=8) (actual time=4020.882..4020.882 rows=810457 loops=1)
        Buckets: 131072  Batches: 16  Memory Usage: 3014kB
        ->  Hash Join  (cost=94009.45..148498.02 rows=878404 width=8) (actual time=1884.339..3536.539 rows=810457 loops=1)
              Hash Cond: (mi_idx.movie_id = t.id)
              ->  Seq Scan on movie_info_idx mi_idx  (cost=0.00..21735.35 rows=1380035 width=4) (actual time=0.013..498.136 rows=1380035 loops=1)
              ->  Hash  (cost=67604.59..67604.59 rows=1609429 width=4) (actual time=1883.446..1883.446 rows=1607077 loops=1)
                    Buckets: 131072  Batches: 32  Memory Usage: 2791kB
                    ->  Seq Scan on title t  (cost=0.00..67604.59 rows=1609429 width=4) (actual time=0.017..1355.242 rows=1607077 loops=1)
                          Filter: (production_year > 1995)
                          Rows Removed by Filter: 921235
Planning time: 1.971 ms
Execution time: 18530.662 ms
