Hash Join  (cost=187047.23..674903.43 rows=2902801 width=0) (actual time=4236.204..16017.197 rows=2934982 loops=1)
  Hash Cond: (mi.movie_id = t.id)
  ->  Seq Scan on movie_info mi  (cost=0.00..346232.03 rows=9476311 width=4) (actual time=131.751..6850.286 rows=9565151 loops=1)
        Filter: (info_type_id < 16)
        Rows Removed by Filter: 5270569
  ->  Hash  (cost=174339.45..174339.45 rows=774543 width=8) (actual time=4103.565..4103.565 rows=518277 loops=1)
        Buckets: 131072  Batches: 16  Memory Usage: 2275kB
        ->  Hash Join  (cost=92883.59..174339.45 rows=774543 width=8) (actual time=1945.853..3943.766 rows=518277 loops=1)
              Hash Cond: (mc.movie_id = t.id)
              ->  Seq Scan on movie_companies mc  (cost=0.00..51404.11 rows=1271063 width=4) (actual time=0.024..985.512 rows=1261997 loops=1)
                    Filter: (company_id < 11192)
                    Rows Removed by Filter: 1347132
              ->  Hash  (cost=67604.59..67604.59 rows=1540800 width=4) (actual time=1907.660..1907.660 rows=1543264 loops=1)
                    Buckets: 131072  Batches: 32  Memory Usage: 2722kB
                    ->  Seq Scan on title t  (cost=0.00..67604.59 rows=1540800 width=4) (actual time=0.025..1304.245 rows=1543264 loops=1)
                          Filter: (kind_id = 7)
                          Rows Removed by Filter: 985048
Planning time: 2.720 ms
Execution time: 16349.902 ms
