Hash Join  (cost=416632.02..503503.25 rows=21320 width=0) (actual time=5584.251..7404.815 rows=15614 loops=1)
  Hash Cond: (mk.movie_id = t.id)
  ->  Seq Scan on movie_keyword mk  (cost=0.00..69693.30 rows=4523930 width=4) (actual time=0.019..950.537 rows=4523930 loops=1)
  ->  Hash  (cost=416483.07..416483.07 rows=11916 width=8) (actual time=5583.929..5583.929 rows=3426 loops=1)
        Buckets: 16384  Batches: 1  Memory Usage: 262kB
        ->  Hash Join  (cost=68438.72..416483.07 rows=11916 width=8) (actual time=3980.238..5582.931 rows=3426 loops=1)
              Hash Cond: (mi.movie_id = t.id)
              ->  Seq Scan on movie_info mi  (cost=0.00..346232.03 rows=451508 width=4) (actual time=3304.180..4843.760 rows=474443 loops=1)
                    Filter: (info_type_id = 6)
                    Rows Removed by Filter: 14361277
              ->  Hash  (cost=67604.59..67604.59 rows=66731 width=4) (actual time=675.192..675.192 rows=67342 loops=1)
                    Buckets: 131072  Batches: 1  Memory Usage: 3392kB
                    ->  Seq Scan on title t  (cost=0.00..67604.59 rows=66731 width=4) (actual time=0.033..653.848 rows=67342 loops=1)
                          Filter: (production_year > 2012)
                          Rows Removed by Filter: 2460970
Planning time: 1.177 ms
Execution time: 7407.413 ms
