Seq Scan on movie_companies mc  (cost=0.00..51404.11 rows=1944729 width=0) (actual time=0.016..830.454 rows=1950805 loops=1)
  Filter: (company_id > 942)
  Rows Removed by Filter: 658324
Planning time: 0.331 ms
Execution time: 1069.257 ms
