Seq Scan on movie_companies mc  (cost=0.00..51404.11 rows=1183547 width=0) (actual time=0.019..871.819 rows=1177867 loops=1)
  Filter: (company_id < 10114)
  Rows Removed by Filter: 1431262
Planning time: 0.334 ms
Execution time: 1012.337 ms
