Hash Join  (cost=446336.99..571456.80 rows=255878 width=0) (actual time=8000.583..11056.409 rows=1483383 loops=1)
  Hash Cond: (mk.movie_id = t.id)
  ->  Seq Scan on movie_keyword mk  (cost=0.00..69693.30 rows=4523930 width=4) (actual time=0.015..1387.820 rows=4523930 loops=1)
  ->  Hash  (cost=443990.29..443990.29 rows=143016 width=8) (actual time=7999.709..7999.709 rows=95507 loops=1)
        Buckets: 131072  Batches: 2  Memory Usage: 2878kB
        ->  Hash Join  (cost=70308.29..443990.29 rows=143016 width=8) (actual time=2396.791..7965.461 rows=95507 loops=1)
              Hash Cond: (mi.movie_id = t.id)
              ->  Seq Scan on movie_info mi  (cost=0.00..346232.03 rows=2194617 width=4) (actual time=1377.997..5705.584 rows=2233850 loops=1)
                    Filter: (info_type_id > 16)
                    Rows Removed by Filter: 12601870
              ->  Hash  (cost=67604.59..67604.59 rows=164776 width=4) (actual time=1017.666..1017.666 rows=164307 loops=1)
                    Buckets: 131072  Batches: 4  Memory Usage: 2488kB
                    ->  Seq Scan on title t  (cost=0.00..67604.59 rows=164776 width=4) (actual time=0.031..959.344 rows=164307 loops=1)
                          Filter: (production_year = 2012)
                          Rows Removed by Filter: 2364005
Planning time: 1.115 ms
Execution time: 11228.229 ms
