Hash Join  (cost=92917.42..229503.43 rows=1448210 width=0) (actual time=1802.493..5113.497 rows=752552 loops=1)
  Hash Cond: (mk.movie_id = t.id)
  ->  Seq Scan on movie_keyword mk  (cost=0.00..81003.12 rows=3163409 width=4) (actual time=0.019..1648.400 rows=3148481 loops=1)
        Filter: (keyword_id > 1820)
        Rows Removed by Filter: 1375449
  ->  Hash  (cost=73925.90..73925.90 rows=1157561 width=4) (actual time=1799.922..1799.922 rows=1267332 loops=1)
        Buckets: 131072  Batches: 16  Memory Usage: 3821kB
        ->  Seq Scan on title t  (cost=0.00..73925.90 rows=1157561 width=4) (actual time=0.008..1386.469 rows=1267332 loops=1)
              Filter: ((kind_id > 1) AND (production_year > 1996))
              Rows Removed by Filter: 1260980
Planning time: 0.588 ms
Execution time: 5191.396 ms
