Hash Join  (cost=441421.94..529154.23 rows=107426 width=0) (actual time=8546.374..9320.743 rows=166 loops=1)
  Hash Cond: (mk.movie_id = t.id)
  ->  Seq Scan on movie_keyword mk  (cost=0.00..69693.30 rows=4523930 width=4) (actual time=0.017..1060.532 rows=4523930 loops=1)
  ->  Hash  (cost=440671.40..440671.40 rows=60043 width=8) (actual time=7450.570..7450.570 rows=478 loops=1)
        Buckets: 65536  Batches: 1  Memory Usage: 531kB
        ->  Hash Join  (cost=75533.21..440671.40 rows=60043 width=8) (actual time=3005.699..7449.648 rows=478 loops=1)
              Hash Cond: (mi.movie_id = t.id)
              ->  Seq Scan on movie_info mi  (cost=0.00..346232.03 rows=1550064 width=4) (actual time=1800.304..5702.672 rows=1533909 loops=1)
                    Filter: (info_type_id = 3)
                    Rows Removed by Filter: 13301811
              ->  Hash  (cost=73925.90..73925.90 rows=97944 width=4) (actual time=1201.999..1201.999 rows=106247 loops=1)
                    Buckets: 131072  Batches: 2  Memory Usage: 2896kB
                    ->  Seq Scan on title t  (cost=0.00..73925.90 rows=97944 width=4) (actual time=0.027..1160.860 rows=106247 loops=1)
                          Filter: ((kind_id = 7) AND (production_year = 2011))
                          Rows Removed by Filter: 2422065
Planning time: 1.242 ms
Execution time: 9320.992 ms
