Hash Join  (cost=358099.45..1157358.46 rows=22385883 width=0) (actual time=8465.242..65227.749 rows=205682449 loops=1)
  Hash Cond: (mi.movie_id = t.id)
  ->  Seq Scan on movie_info mi  (cost=0.00..346232.03 rows=13929354 width=4) (actual time=0.022..7633.114 rows=14033580 loops=1)
        Filter: (info_type_id > 1)
        Rows Removed by Filter: 802140
  ->  Hash  (cost=291430.47..291430.47 rows=4063599 width=8) (actual time=8463.603..8463.603 rows=4066946 loops=1)
        Buckets: 131072  Batches: 64  Memory Usage: 3607kB
        ->  Hash Join  (cost=102767.86..291430.47 rows=4063599 width=8) (actual time=1979.833..7271.064 rows=4066946 loops=1)
              Hash Cond: (mk.movie_id = t.id)
              ->  Seq Scan on movie_keyword mk  (cost=0.00..81003.12 rows=4063599 width=4) (actual time=0.024..1850.184 rows=4066946 loops=1)
                    Filter: (keyword_id < 38813)
                    Rows Removed by Filter: 456984
              ->  Hash  (cost=61283.27..61283.27 rows=2528527 width=4) (actual time=1978.180..1978.180 rows=2528312 loops=1)
                    Buckets: 131072  Batches: 64  Memory Usage: 2425kB
                    ->  Seq Scan on title t  (cost=0.00..61283.27 rows=2528527 width=4) (actual time=0.016..1115.874 rows=2528312 loops=1)
Planning time: 1.179 ms
Execution time: 86345.290 ms
