Seq Scan on cast_info ci  (cost=0.00..705507.15 rows=500 width=0) (actual time=7330.322..10885.916 rows=26 loops=1)
  Filter: (person_id = 1842481)
  Rows Removed by Filter: 36244318
Planning time: 0.265 ms
Execution time: 10886.016 ms
