Hash Join  (cost=102964.04..186655.81 rows=665976 width=0) (actual time=2718.061..4760.194 rows=498748 loops=1)
  Hash Cond: (mc.movie_id = t.id)
  ->  Seq Scan on movie_companies mc  (cost=0.00..57926.93 rows=951414 width=4) (actual time=0.029..1003.782 rows=1117278 loops=1)
        Filter: ((company_id > 1435) AND (company_type_id > 1))
        Rows Removed by Filter: 1491851
  ->  Hash  (cost=73925.90..73925.90 rows=1769931 width=4) (actual time=2717.039..2717.039 rows=1799906 loops=1)
        Buckets: 131072  Batches: 32  Memory Usage: 3007kB
        ->  Seq Scan on title t  (cost=0.00..73925.90 rows=1769931 width=4) (actual time=0.022..1403.032 rows=1799906 loops=1)
              Filter: ((kind_id > 1) AND (production_year > 1914))
              Rows Removed by Filter: 728406
Planning time: 1.134 ms
Execution time: 4823.922 ms
