Seq Scan on title t  (cost=0.00..73925.90 rows=681833 width=0) (actual time=0.016..1282.837 rows=567712 loops=1)
  Filter: ((kind_id > 2) AND (production_year < 1999))
  Rows Removed by Filter: 1960600
Planning time: 0.411 ms
Execution time: 1355.910 ms
