Hash Join  (cost=189036.29..282423.17 rows=1330136 width=0) (actual time=5019.618..8114.120 rows=4025169 loops=1)
  Hash Cond: (mc.movie_id = t.id)
  ->  Seq Scan on movie_companies mc  (cost=0.00..44881.29 rows=2609129 width=4) (actual time=0.015..828.476 rows=2609129 loops=1)
  ->  Hash  (cost=167887.23..167887.23 rows=1289045 width=8) (actual time=5018.851..5018.851 rows=1360773 loops=1)
        Buckets: 131072  Batches: 32  Memory Usage: 2686kB
        ->  Hash Join  (cost=106353.25..167887.23 rows=1289045 width=8) (actual time=2127.154..4639.593 rows=1360773 loops=1)
              Hash Cond: (mi_idx.movie_id = t.id)
              ->  Seq Scan on movie_info_idx mi_idx  (cost=0.00..21735.35 rows=1380035 width=4) (actual time=0.022..415.007 rows=1380035 loops=1)
              ->  Hash  (cost=67604.59..67604.59 rows=2361813 width=4) (actual time=2126.004..2126.004 rows=2357639 loops=1)
                    Buckets: 131072  Batches: 32  Memory Usage: 3617kB
                    ->  Seq Scan on title t  (cost=0.00..67604.59 rows=2361813 width=4) (actual time=0.020..1375.842 rows=2357639 loops=1)
                          Filter: (production_year > 1923)
                          Rows Removed by Filter: 170673
Planning time: 1.190 ms
Execution time: 8504.027 ms
