Hash Join  (cost=201394.87..1238222.39 rows=2901056 width=0) (actual time=4351.788..32607.357 rows=7791186 loops=1)
  Hash Cond: (ci.movie_id = t.id)
  ->  Seq Scan on cast_info ci  (cost=0.00..705507.15 rows=23499554 width=4) (actual time=0.022..15666.463 rows=23573656 loops=1)
        Filter: (role_id > 1)
        Rows Removed by Filter: 12670688
  ->  Hash  (cost=196272.98..196272.98 rows=312151 width=8) (actual time=4350.172..4350.172 rows=557961 loops=1)
        Buckets: 131072  Batches: 8  Memory Usage: 3762kB
        ->  Hash Join  (cost=70467.44..196272.98 rows=312151 width=8) (actual time=1041.217..4193.314 rows=557961 loops=1)
              Hash Cond: (mk.movie_id = t.id)
              ->  Seq Scan on movie_keyword mk  (cost=0.00..69693.30 rows=4523930 width=4) (actual time=0.016..1392.404 rows=4523930 loops=1)
              ->  Hash  (cost=67604.59..67604.59 rows=174468 width=4) (actual time=1040.351..1040.351 rows=174610 loops=1)
                    Buckets: 131072  Batches: 4  Memory Usage: 2563kB
                    ->  Seq Scan on title t  (cost=0.00..67604.59 rows=174468 width=4) (actual time=0.061..977.902 rows=174610 loops=1)
                          Filter: (production_year < 1952)
                          Rows Removed by Filter: 2353702
Planning time: 1.171 ms
Execution time: 33441.822 ms
