Hash Join  (cost=797557.90..824469.34 rows=96 width=0) (actual time=11026.818..11542.552 rows=357 loops=1)
  Hash Cond: (mi_idx.movie_id = t.id)
  ->  Seq Scan on movie_info_idx mi_idx  (cost=0.00..21735.35 rows=1380035 width=4) (actual time=0.023..280.616 rows=1380035 loops=1)
  ->  Hash  (cost=797555.70..797555.70 rows=176 width=8) (actual time=11010.013..11010.013 rows=147 loops=1)
        Buckets: 1024  Batches: 1  Memory Usage: 14kB
        ->  Nested Loop  (cost=0.43..797555.70 rows=176 width=8) (actual time=3904.883..11009.929 rows=147 loops=1)
              ->  Seq Scan on cast_info ci  (cost=0.00..796071.18 rows=176 width=4) (actual time=3904.746..11007.419 rows=147 loops=1)
                    Filter: ((person_id = 1077787) AND (role_id = 1))
                    Rows Removed by Filter: 36244197
              ->  Index Only Scan using title_pkey on title t  (cost=0.43..8.42 rows=1 width=4) (actual time=0.016..0.016 rows=1 loops=147)
                    Index Cond: (id = ci.movie_id)
                    Heap Fetches: 147
Planning time: 1.206 ms
Execution time: 11542.736 ms
