Seq Scan on movie_keyword mk  (cost=0.00..81003.12 rows=4028410 width=0) (actual time=0.010..1627.255 rows=4034474 loops=1)
  Filter: (keyword_id < 36742)
  Rows Removed by Filter: 489456
Planning time: 0.333 ms
Execution time: 2139.703 ms
