Hash Join  (cost=709678.47..796342.34 rows=583 width=0) (actual time=10701.554..11446.162 rows=653 loops=1)
  Hash Cond: (mk.movie_id = t.id)
  ->  Seq Scan on movie_keyword mk  (cost=0.00..69693.30 rows=4523930 width=4) (actual time=0.024..948.578 rows=4523930 loops=1)
  ->  Hash  (cost=709674.40..709674.40 rows=326 width=8) (actual time=9752.415..9752.415 rows=675 loops=1)
        Buckets: 1024  Batches: 1  Memory Usage: 35kB
        ->  Nested Loop  (cost=0.43..709674.40 rows=326 width=8) (actual time=8051.088..9752.074 rows=675 loops=1)
              ->  Seq Scan on cast_info ci  (cost=0.00..705507.15 rows=500 width=4) (actual time=8050.932..9737.977 rows=676 loops=1)
                    Filter: (person_id = 2166280)
                    Rows Removed by Filter: 36243668
              ->  Index Scan using title_pkey on title t  (cost=0.43..8.32 rows=1 width=4) (actual time=0.020..0.020 rows=1 loops=676)
                    Index Cond: (id = ci.movie_id)
                    Filter: ((kind_id > 2) AND (production_year > 1926))
                    Rows Removed by Filter: 0
Planning time: 2.470 ms
Execution time: 11446.408 ms
