Hash Join  (cost=137927.01..1098098.02 rows=3135295 width=0) (actual time=3408.100..29162.107 rows=11086504 loops=1)
  Hash Cond: (ci.movie_id = t.id)
  ->  Seq Scan on cast_info ci  (cost=0.00..705507.15 rows=19173574 width=4) (actual time=0.014..14098.333 rows=19315347 loops=1)
        Filter: (person_id > 1673250)
        Rows Removed by Filter: 16928997
  ->  Hash  (cost=131142.65..131142.65 rows=413469 width=8) (actual time=3407.178..3407.178 rows=817502 loops=1)
        Buckets: 131072 (originally 131072)  Batches: 16 (originally 8)  Memory Usage: 3073kB
        ->  Hash Join  (cost=86355.48..131142.65 rows=413469 width=8) (actual time=1474.634..2879.320 rows=817502 loops=1)
              Hash Cond: (mi_idx.movie_id = t.id)
              ->  Seq Scan on movie_info_idx mi_idx  (cost=0.00..21735.35 rows=1380035 width=4) (actual time=0.029..438.029 rows=1380035 loops=1)
              ->  Hash  (cost=73925.90..73925.90 rows=757566 width=4) (actual time=1473.545..1473.545 rows=773297 loops=1)
                    Buckets: 131072  Batches: 16  Memory Usage: 2723kB
                    ->  Seq Scan on title t  (cost=0.00..73925.90 rows=757566 width=4) (actual time=0.011..1226.455 rows=773297 loops=1)
                          Filter: ((kind_id < 4) AND (production_year < 2012))
                          Rows Removed by Filter: 1755015
Planning time: 0.975 ms
Execution time: 30394.804 ms
