Hash Join  (cost=169285.23..535743.29 rows=180213 width=0) (actual time=3389.482..11057.734 rows=332972 loops=1)
  Hash Cond: (mi.movie_id = t.id)
  ->  Seq Scan on movie_info mi  (cost=0.00..309384.22 rows=14739122 width=4) (actual time=0.008..4375.624 rows=14835720 loops=1)
  ->  Hash  (cost=168898.78..168898.78 rows=30916 width=8) (actual time=3388.830..3388.830 rows=22751 loops=1)
        Buckets: 32768  Batches: 1  Memory Usage: 1145kB
        ->  Hash Join  (cost=74199.63..168898.78 rows=30916 width=8) (actual time=1255.195..3380.220 rows=22751 loops=1)
              Hash Cond: (mk.movie_id = t.id)
              ->  Seq Scan on movie_keyword mk  (cost=0.00..81003.12 rows=3569831 width=4) (actual time=0.019..1546.976 rows=3565962 loops=1)
                    Filter: (keyword_id > 895)
                    Rows Removed by Filter: 957968
              ->  Hash  (cost=73925.90..73925.90 rows=21898 width=4) (actual time=1254.518..1254.518 rows=24691 loops=1)
                    Buckets: 32768  Batches: 1  Memory Usage: 1125kB
                    ->  Seq Scan on title t  (cost=0.00..73925.90 rows=21898 width=4) (actual time=0.019..1243.023 rows=24691 loops=1)
                          Filter: ((kind_id > 1) AND (production_year = 1994))
                          Rows Removed by Filter: 2503621
Planning time: 1.288 ms
Execution time: 11101.704 ms
