Hash Join  (cost=210311.87..761216.15 rows=6663236 width=0) (actual time=4936.408..24706.368 rows=22311210 loops=1)
  Hash Cond: (mi.movie_id = t.id)
  ->  Seq Scan on movie_info mi  (cost=0.00..309384.22 rows=14739122 width=4) (actual time=0.008..6337.901 rows=14835720 loops=1)
  ->  Hash  (cost=191557.22..191557.22 rows=1143092 width=8) (actual time=4935.380..4935.380 rows=1152085 loops=1)
        Buckets: 131072  Batches: 16  Memory Usage: 3869kB
        ->  Hash Join  (cost=102767.86..191557.22 rows=1143092 width=8) (actual time=2288.437..4587.147 rows=1152085 loops=1)
              Hash Cond: (mc.movie_id = t.id)
              ->  Seq Scan on movie_companies mc  (cost=0.00..51404.11 rows=1143092 width=4) (actual time=87.368..1016.944 rows=1152085 loops=1)
                    Filter: (company_id > 13093)
                    Rows Removed by Filter: 1457044
              ->  Hash  (cost=61283.27..61283.27 rows=2528527 width=4) (actual time=2200.038..2200.038 rows=2528312 loops=1)
                    Buckets: 131072  Batches: 64  Memory Usage: 2415kB
                    ->  Seq Scan on title t  (cost=0.00..61283.27 rows=2528527 width=4) (actual time=0.016..1113.067 rows=2528312 loops=1)
Planning time: 1.377 ms
Execution time: 27286.126 ms
