Hash Join  (cost=176564.65..1232149.71 rows=2120290 width=0) (actual time=3985.733..28843.532 rows=1394472 loops=1)
  Hash Cond: (ci.movie_id = t.id)
  ->  Seq Scan on cast_info ci  (cost=0.00..614943.12 rows=36225612 width=4) (actual time=0.012..12211.929 rows=36244344 loops=1)
  ->  Hash  (cost=174135.71..174135.71 rows=147995 width=8) (actual time=3984.915..3984.915 rows=64646 loops=1)
        Buckets: 131072  Batches: 2  Memory Usage: 2289kB
        ->  Hash Join  (cost=102767.86..174135.71 rows=147995 width=8) (actual time=2656.004..3964.009 rows=64646 loops=1)
              Hash Cond: (mc.movie_id = t.id)
              ->  Seq Scan on movie_companies mc  (cost=0.00..57926.93 rows=147995 width=4) (actual time=0.025..916.609 rows=64646 loops=1)
                    Filter: ((company_id < 158) AND (company_type_id > 1))
                    Rows Removed by Filter: 2544483
              ->  Hash  (cost=61283.27..61283.27 rows=2528527 width=4) (actual time=2651.284..2651.284 rows=2528312 loops=1)
                    Buckets: 131072  Batches: 64  Memory Usage: 2415kB
                    ->  Seq Scan on title t  (cost=0.00..61283.27 rows=2528527 width=4) (actual time=0.015..1103.889 rows=2528312 loops=1)
Planning time: 1.163 ms
Execution time: 29019.004 ms
