Seq Scan on movie_companies mc  (cost=0.00..51404.11 rows=1499834 width=0) (actual time=0.028..897.277 rows=1504433 loops=1)
  Filter: (company_id > 7612)
  Rows Removed by Filter: 1104696
Planning time: 0.329 ms
Execution time: 1082.677 ms
