Seq Scan on movie_companies mc  (cost=0.00..57926.93 rows=53 width=0) (actual time=3.600..846.414 rows=105 loops=1)
  Filter: ((company_id = 7838) AND (company_type_id = 2))
  Rows Removed by Filter: 2609024
Planning time: 0.419 ms
Execution time: 846.534 ms
