Hash Join  (cost=135174.28..234154.34 rows=223365 width=0) (actual time=3712.410..6681.701 rows=2162308 loops=1)
  Hash Cond: (mk.movie_id = t.id)
  ->  Seq Scan on movie_keyword mk  (cost=0.00..81003.12 rows=1202742 width=4) (actual time=0.009..1354.689 rows=1211445 loops=1)
        Filter: (keyword_id > 15098)
        Rows Removed by Filter: 3312485
  ->  Hash  (cost=127469.53..127469.53 rows=469580 width=8) (actual time=3710.645..3710.645 rows=854105 loops=1)
        Buckets: 131072 (originally 131072)  Batches: 16 (originally 8)  Memory Usage: 3120kB
        ->  Hash Join  (cost=81720.25..127469.53 rows=469580 width=8) (actual time=2003.730..3441.809 rows=854105 loops=1)
              Hash Cond: (mi_idx.movie_id = t.id)
              ->  Seq Scan on movie_info_idx mi_idx  (cost=0.00..21735.35 rows=1380035 width=4) (actual time=0.023..411.058 rows=1380035 loops=1)
              ->  Hash  (cost=67604.59..67604.59 rows=860373 width=4) (actual time=2002.385..2002.385 rows=854214 loops=1)
                    Buckets: 131072  Batches: 16  Memory Usage: 2897kB
                    ->  Seq Scan on title t  (cost=0.00..67604.59 rows=860373 width=4) (actual time=0.015..1200.839 rows=854214 loops=1)
                          Filter: (kind_id < 4)
                          Rows Removed by Filter: 1674098
Planning time: 3.556 ms
Execution time: 6894.477 ms
