Seq Scan on movie_companies mc  (cost=0.00..57926.93 rows=3989 width=0) (actual time=0.061..553.280 rows=2708 loops=1)
  Filter: ((company_type_id > 1) AND (company_id = 302))
  Rows Removed by Filter: 2606421
Planning time: 0.386 ms
Execution time: 553.836 ms
