Hash Join  (cost=141427.65..196099.63 rows=646 width=0) (actual time=1565.483..2595.516 rows=7546 loops=1)
  Hash Cond: (mc.movie_id = t.id)
  ->  Seq Scan on movie_companies mc  (cost=0.00..44881.29 rows=2609129 width=4) (actual time=0.019..612.221 rows=2609129 loops=1)
  ->  Hash  (cost=141419.83..141419.83 rows=626 width=8) (actual time=1490.510..1490.510 rows=963 loops=1)
        Buckets: 1024  Batches: 1  Memory Usage: 46kB
        ->  Nested Loop  (cost=0.43..141419.83 rows=626 width=8) (actual time=242.004..1489.694 rows=963 loops=1)
              ->  Seq Scan on movie_keyword mk  (cost=0.00..81003.12 rows=9048 width=4) (actual time=5.855..1201.097 rows=9942 loops=1)
                    Filter: (keyword_id = 56)
                    Rows Removed by Filter: 4513988
              ->  Index Scan using title_pkey on title t  (cost=0.43..6.67 rows=1 width=4) (actual time=0.028..0.028 rows=0 loops=9942)
                    Index Cond: (id = mk.movie_id)
                    Filter: ((kind_id < 2) AND (production_year > 2008))
                    Rows Removed by Filter: 1
Planning time: 1.296 ms
Execution time: 2596.797 ms
