Hash Join  (cost=80246.23..444525.64 rows=192592 width=0) (actual time=3553.601..7539.258 rows=122580 loops=1)
  Hash Cond: (mi.movie_id = t.id)
  ->  Seq Scan on movie_info mi  (cost=0.00..346232.03 rows=1264125 width=4) (actual time=2146.852..5467.472 rows=1288928 loops=1)
        Filter: (info_type_id = 2)
        Rows Removed by Filter: 13546792
  ->  Hash  (cost=73925.90..73925.90 rows=385226 width=4) (actual time=1405.507..1405.507 rows=249532 loops=1)
        Buckets: 131072  Batches: 8  Memory Usage: 2119kB
        ->  Seq Scan on title t  (cost=0.00..73925.90 rows=385226 width=4) (actual time=0.045..1320.979 rows=249532 loops=1)
              Filter: ((kind_id > 1) AND (production_year < 1981))
              Rows Removed by Filter: 2278780
Planning time: 0.748 ms
Execution time: 7555.686 ms
