Hash Join  (cost=233167.32..803149.09 rows=6724497 width=0) (actual time=5737.701..35633.901 rows=69727915 loops=1)
  Hash Cond: (mi.movie_id = t.id)
  ->  Seq Scan on movie_info mi  (cost=0.00..309384.22 rows=14739122 width=4) (actual time=0.015..6273.024 rows=14835720 loops=1)
  ->  Hash  (cost=214240.31..214240.31 rows=1153601 width=8) (actual time=5736.372..5736.372 rows=1602058 loops=1)
        Buckets: 131072 (originally 131072)  Batches: 32 (originally 16)  Memory Usage: 3073kB
        ->  Hash Join  (cost=78183.26..214240.31 rows=1153601 width=8) (actual time=1340.237..5080.076 rows=1602058 loops=1)
              Hash Cond: (mk.movie_id = t.id)
              ->  Seq Scan on movie_keyword mk  (cost=0.00..69693.30 rows=4523930 width=4) (actual time=0.023..1415.421 rows=4523930 loops=1)
              ->  Hash  (cost=67604.59..67604.59 rows=644774 width=4) (actual time=1338.557..1338.557 rows=642973 loops=1)
                    Buckets: 131072  Batches: 16  Memory Usage: 2439kB
                    ->  Seq Scan on title t  (cost=0.00..67604.59 rows=644774 width=4) (actual time=0.048..1136.546 rows=642973 loops=1)
                          Filter: (production_year < 1988)
                          Rows Removed by Filter: 1885339
Planning time: 1.213 ms
Execution time: 43361.992 ms
