Hash Join  (cost=76113.69..144114.03 rows=70118 width=0) (actual time=1240.713..2927.688 rows=222254 loops=1)
  Hash Cond: (mc.movie_id = t.id)
  ->  Seq Scan on movie_companies mc  (cost=0.00..51404.11 rows=1329612 width=4) (actual time=0.016..1011.704 rows=1334883 loops=1)
        Filter: (company_type_id > 1)
        Rows Removed by Filter: 1274246
  ->  Hash  (cost=73925.90..73925.90 rows=133343 width=4) (actual time=1239.850..1239.850 rows=233692 loops=1)
        Buckets: 131072 (originally 131072)  Batches: 4 (originally 2)  Memory Usage: 3079kB
        ->  Seq Scan on title t  (cost=0.00..73925.90 rows=133343 width=4) (actual time=0.013..1154.448 rows=233692 loops=1)
              Filter: ((kind_id < 7) AND (production_year < 1968))
              Rows Removed by Filter: 2294620
Planning time: 0.843 ms
Execution time: 2954.997 ms
