Hash Join  (cost=74119.74..171225.30 rows=25910 width=0) (actual time=1243.404..3459.444 rows=58841 loops=1)
  Hash Cond: (mk.movie_id = t.id)
  ->  Seq Scan on movie_keyword mk  (cost=0.00..81003.12 rows=4224889 width=4) (actual time=0.014..1564.646 rows=4206711 loops=1)
        Filter: (keyword_id > 249)
        Rows Removed by Filter: 317219
  ->  Hash  (cost=73925.90..73925.90 rows=15507 width=4) (actual time=1243.273..1243.273 rows=11835 loops=1)
        Buckets: 16384  Batches: 1  Memory Usage: 545kB
        ->  Seq Scan on title t  (cost=0.00..73925.90 rows=15507 width=4) (actual time=0.338..1237.903 rows=11835 loops=1)
              Filter: ((kind_id < 7) AND (production_year = 1995))
              Rows Removed by Filter: 2516477
Planning time: 0.803 ms
Execution time: 3467.177 ms
