Hash Join  (cost=102767.86..1217275.27 rows=12823153 width=0) (actual time=1813.052..36207.333 rows=19024492 loops=1)
  Hash Cond: (ci.movie_id = t.id)
  ->  Seq Scan on cast_info ci  (cost=0.00..796071.18 rows=12823153 width=4) (actual time=0.029..17491.526 rows=19024492 loops=1)
        Filter: ((person_id > 1615546) AND (role_id > 1))
        Rows Removed by Filter: 17219852
  ->  Hash  (cost=61283.27..61283.27 rows=2528527 width=4) (actual time=1811.316..1811.316 rows=2528312 loops=1)
        Buckets: 131072  Batches: 64  Memory Usage: 2415kB
        ->  Seq Scan on title t  (cost=0.00..61283.27 rows=2528527 width=4) (actual time=0.020..991.302 rows=2528312 loops=1)
Planning time: 0.793 ms
Execution time: 38382.924 ms
