Seq Scan on movie_keyword mk  (cost=0.00..81003.12 rows=246 width=0) (actual time=19.500..1242.681 rows=193 loops=1)
  Filter: (keyword_id = 8494)
  Rows Removed by Filter: 4523737
Planning time: 0.373 ms
Execution time: 1242.897 ms
