Hash Join  (cost=423007.91..1217168.88 rows=53045 width=0) (actual time=6972.765..25084.788 rows=52405 loops=1)
  Hash Cond: (ci.movie_id = t.id)
  ->  Seq Scan on cast_info ci  (cost=0.00..705507.15 rows=23499554 width=4) (actual time=0.022..14610.359 rows=23573656 loops=1)
        Filter: (role_id > 1)
        Rows Removed by Filter: 12670688
  ->  Hash  (cost=422936.56..422936.56 rows=5708 width=8) (actual time=6971.515..6971.515 rows=2522 loops=1)
        Buckets: 8192  Batches: 1  Memory Usage: 163kB
        ->  Hash Join  (cost=74202.60..422936.56 rows=5708 width=8) (actual time=3755.723..6970.427 rows=2522 loops=1)
              Hash Cond: (mi.movie_id = t.id)
              ->  Seq Scan on movie_info mi  (cost=0.00..346232.03 rows=651960 width=4) (actual time=2465.919..5546.120 rows=660923 loops=1)
                    Filter: (info_type_id = 18)
                    Rows Removed by Filter: 14174797
              ->  Hash  (cost=73925.90..73925.90 rows=22136 width=4) (actual time=1289.028..1289.028 rows=24301 loops=1)
                    Buckets: 32768  Batches: 1  Memory Usage: 1111kB
                    ->  Seq Scan on title t  (cost=0.00..73925.90 rows=22136 width=4) (actual time=0.035..1277.932 rows=24301 loops=1)
                          Filter: ((kind_id = 7) AND (production_year = 1996))
                          Rows Removed by Filter: 2504011
Planning time: 2.346 ms
Execution time: 25093.420 ms
