Hash Join  (cost=90745.35..178120.15 rows=61440 width=0) (actual time=1799.671..3411.106 rows=23824 loops=1)
  Hash Cond: (mk.movie_id = t.id)
  ->  Seq Scan on movie_keyword mk  (cost=0.00..81003.12 rows=151540 width=4) (actual time=0.021..1372.887 rows=163809 loops=1)
        Filter: (keyword_id < 121)
        Rows Removed by Filter: 4360121
  ->  Hash  (cost=73925.90..73925.90 rows=1025156 width=4) (actual time=1789.646..1789.646 rows=970290 loops=1)
        Buckets: 131072  Batches: 16  Memory Usage: 3164kB
        ->  Seq Scan on title t  (cost=0.00..73925.90 rows=1025156 width=4) (actual time=0.019..1454.757 rows=970290 loops=1)
              Filter: ((kind_id > 4) AND (production_year < 2008))
              Rows Removed by Filter: 1558022
Planning time: 1.502 ms
Execution time: 3414.497 ms
