Hash Join  (cost=79388.64..540799.21 rows=1164241 width=0) (actual time=1758.880..12541.977 rows=1793390 loops=1)
  Hash Cond: (mi.movie_id = t.id)
  ->  Seq Scan on movie_info mi  (cost=0.00..346232.03 rows=8841901 width=4) (actual time=0.018..6690.805 rows=8950757 loops=1)
        Filter: (info_type_id > 6)
        Rows Removed by Filter: 5884963
  ->  Hash  (cost=73925.90..73925.90 rows=332939 width=4) (actual time=1444.287..1444.287 rows=255571 loops=1)
        Buckets: 131072  Batches: 8  Memory Usage: 2153kB
        ->  Seq Scan on title t  (cost=0.00..73925.90 rows=332939 width=4) (actual time=135.420..1357.499 rows=255571 loops=1)
              Filter: ((production_year > 2002) AND (kind_id = 1))
              Rows Removed by Filter: 2272741
Planning time: 0.776 ms
Execution time: 12753.697 ms
