Seq Scan on movie_companies mc  (cost=0.00..51404.11 rows=104 width=0) (actual time=130.181..878.705 rows=105 loops=1)
  Filter: (company_id = 13488)
  Rows Removed by Filter: 2609024
Planning time: 0.365 ms
Execution time: 878.834 ms
