Seq Scan on cast_info ci  (cost=0.00..705507.15 rows=14537087 width=0) (actual time=0.012..11451.560 rows=14693927 loops=1)
  Filter: (person_id > 2185838)
  Rows Removed by Filter: 21550417
Planning time: 2.794 ms
Execution time: 13162.112 ms
