Nested Loop  (cost=0.43..83072.29 rows=150 width=0) (actual time=814.310..1253.437 rows=28 loops=1)
  ->  Seq Scan on movie_keyword mk  (cost=0.00..81003.12 rows=246 width=4) (actual time=13.643..1241.408 rows=260 loops=1)
        Filter: (keyword_id = 2373)
        Rows Removed by Filter: 4523670
  ->  Index Scan using title_pkey on title t  (cost=0.43..8.40 rows=1 width=4) (actual time=0.044..0.044 rows=0 loops=260)
        Index Cond: (id = mk.movie_id)
        Filter: (kind_id = 7)
        Rows Removed by Filter: 1
Planning time: 0.718 ms
Execution time: 1253.556 ms
