Hash Join  (cost=198320.44..1282299.42 rows=4884384 width=0) (actual time=3930.870..33539.137 rows=4524099 loops=1)
  Hash Cond: (ci.movie_id = t.id)
  ->  Seq Scan on cast_info ci  (cost=0.00..614943.12 rows=36225612 width=4) (actual time=0.013..13481.952 rows=36244344 loops=1)
  ->  Hash  (cost=192726.85..192726.85 rows=340927 width=8) (actual time=3929.574..3929.574 rows=172238 loops=1)
        Buckets: 131072  Batches: 8  Memory Usage: 1852kB
        ->  Hash Join  (cost=95609.53..192726.85 rows=340927 width=8) (actual time=1965.033..3873.883 rows=172238 loops=1)
              Hash Cond: (mk.movie_id = t.id)
              ->  Seq Scan on movie_keyword mk  (cost=0.00..81003.12 rows=652248 width=4) (actual time=0.023..1320.234 rows=662076 loops=1)
                    Filter: (keyword_id > 28392)
                    Rows Removed by Filter: 3861854
              ->  Hash  (cost=73925.90..73925.90 rows=1321650 width=4) (actual time=1962.816..1962.816 rows=1298128 loops=1)
                    Buckets: 131072  Batches: 32  Memory Usage: 2456kB
                    ->  Seq Scan on title t  (cost=0.00..73925.90 rows=1321650 width=4) (actual time=0.025..1518.286 rows=1298128 loops=1)
                          Filter: ((kind_id > 1) AND (production_year < 2009))
                          Rows Removed by Filter: 1230184
Planning time: 2.024 ms
Execution time: 34055.045 ms
