Seq Scan on movie_companies mc  (cost=0.00..57926.93 rows=51 width=0) (actual time=109.977..834.007 rows=461 loops=1)
  Filter: ((company_id = 293) AND (company_type_id = 1))
  Rows Removed by Filter: 2608668
Planning time: 0.384 ms
Execution time: 834.186 ms
