Hash Join  (cost=191969.25..1194642.45 rows=1045945 width=0) (actual time=4366.949..26812.579 rows=2746746 loops=1)
  Hash Cond: (ci.movie_id = t.id)
  ->  Seq Scan on cast_info ci  (cost=0.00..796071.18 rows=16910821 width=4) (actual time=556.312..15981.157 rows=13387753 loops=1)
        Filter: ((person_id < 2696819) AND (role_id > 1))
        Rows Removed by Filter: 22856591
  ->  Hash  (cost=189403.36..189403.36 rows=156391 width=8) (actual time=3809.638..3809.638 rows=124587 loops=1)
        Buckets: 131072  Batches: 4  Memory Usage: 2247kB
        ->  Hash Join  (cost=76444.38..189403.36 rows=156391 width=8) (actual time=1185.819..3770.410 rows=124587 loops=1)
              Hash Cond: (mk.movie_id = t.id)
              ->  Seq Scan on movie_keyword mk  (cost=0.00..81003.12 rows=2576518 width=4) (actual time=0.029..1599.702 rows=2564589 loops=1)
                    Filter: (keyword_id > 3412)
                    Rows Removed by Filter: 1959341
              ->  Hash  (cost=73925.90..73925.90 rows=153478 width=4) (actual time=1183.957..1183.957 rows=134760 loops=1)
                    Buckets: 131072  Batches: 4  Memory Usage: 2222kB
                    ->  Seq Scan on title t  (cost=0.00..73925.90 rows=153478 width=4) (actual time=0.030..1134.021 rows=134760 loops=1)
                          Filter: ((kind_id < 7) AND (production_year > 2010))
                          Rows Removed by Filter: 2393552
Planning time: 1.212 ms
Execution time: 27145.020 ms
