Hash Join  (cost=83072.95..447729.11 rows=25 width=0) (actual time=943.653..7613.897 rows=1178 loops=1)
  Hash Cond: (mi.movie_id = t.id)
  ->  Seq Scan on movie_info mi  (cost=0.00..309384.22 rows=14739122 width=4) (actual time=0.013..4019.604 rows=14835720 loops=1)
  ->  Hash  (cost=83072.90..83072.90 rows=4 width=8) (actual time=901.862..901.862 rows=56 loops=1)
        Buckets: 1024  Batches: 1  Memory Usage: 11kB
        ->  Nested Loop  (cost=0.43..83072.90 rows=4 width=8) (actual time=8.256..901.794 rows=56 loops=1)
              ->  Seq Scan on movie_keyword mk  (cost=0.00..81003.12 rows=246 width=4) (actual time=0.669..876.447 rows=1389 loops=1)
                    Filter: (keyword_id = 1531)
                    Rows Removed by Filter: 4522541
              ->  Index Scan using title_pkey on title t  (cost=0.43..8.40 rows=1 width=4) (actual time=0.018..0.018 rows=0 loops=1389)
                    Index Cond: (id = mk.movie_id)
                    Filter: ((kind_id < 7) AND (production_year = 2007))
                    Rows Removed by Filter: 1
Planning time: 0.759 ms
Execution time: 7614.447 ms
