Seq Scan on movie_keyword mk  (cost=0.00..81003.12 rows=957812 width=0) (actual time=0.020..1375.013 rows=959646 loops=1)
  Filter: (keyword_id < 902)
  Rows Removed by Filter: 3564284
Planning time: 0.322 ms
Execution time: 1495.559 ms
