Hash Join  (cost=110047.81..197456.01 rows=75016 width=0) (actual time=2186.917..4969.074 rows=1347970 loops=1)
  Hash Cond: (mk.movie_id = t.id)
  ->  Seq Scan on movie_keyword mk  (cost=0.00..69693.30 rows=4523930 width=4) (actual time=0.017..1062.140 rows=4523930 loops=1)
  ->  Hash  (cost=109523.71..109523.71 rows=41928 width=8) (actual time=2167.873..2167.873 rows=112337 loops=1)
        Buckets: 131072 (originally 65536)  Batches: 2 (originally 1)  Memory Usage: 3220kB
        ->  Hash Join  (cost=77756.03..109523.71 rows=41928 width=8) (actual time=1303.238..2124.625 rows=112337 loops=1)
              Hash Cond: (mi_idx.movie_id = t.id)
              ->  Seq Scan on movie_info_idx mi_idx  (cost=0.00..25185.44 rows=454124 width=4) (actual time=0.024..473.725 rows=459925 loops=1)
                    Filter: (info_type_id = 100)
                    Rows Removed by Filter: 920110
              ->  Hash  (cost=73925.90..73925.90 rows=233450 width=4) (actual time=1302.519..1302.519 rows=364548 loops=1)
                    Buckets: 131072 (originally 131072)  Batches: 8 (originally 4)  Memory Usage: 3073kB
                    ->  Seq Scan on title t  (cost=0.00..73925.90 rows=233450 width=4) (actual time=0.025..1173.029 rows=364548 loops=1)
                          Filter: ((kind_id < 3) AND (production_year < 1994))
                          Rows Removed by Filter: 2163764
Planning time: 1.168 ms
Execution time: 5133.979 ms
