Hash Join  (cost=78922.27..501634.86 rows=710199 width=0) (actual time=2514.694..9662.071 rows=1346121 loops=1)
  Hash Cond: (mi.movie_id = t.id)
  ->  Seq Scan on movie_info mi  (cost=0.00..346232.03 rows=5897221 width=4) (actual time=1229.300..5261.828 rows=5884963 loops=1)
        Filter: (info_type_id < 7)
        Rows Removed by Filter: 8950757
  ->  Hash  (cost=73925.90..73925.90 rows=304509 width=4) (actual time=1283.962..1283.962 rows=264342 loops=1)
        Buckets: 131072  Batches: 4  Memory Usage: 3356kB
        ->  Seq Scan on title t  (cost=0.00..73925.90 rows=304509 width=4) (actual time=0.022..1160.087 rows=264342 loops=1)
              Filter: ((kind_id < 6) AND (production_year > 2007))
              Rows Removed by Filter: 2263970
Planning time: 0.736 ms
Execution time: 9814.899 ms
