Hash Join  (cost=83568.99..1116589.82 rows=5443769 width=0) (actual time=1452.536..29027.597 rows=5782088 loops=1)
  Hash Cond: (ci.movie_id = t.id)
  ->  Seq Scan on cast_info ci  (cost=0.00..705507.15 rows=23418663 width=4) (actual time=0.016..14970.430 rows=23470821 loops=1)
        Filter: (person_id > 1259808)
        Rows Removed by Filter: 12773523
  ->  Hash  (cost=73925.90..73925.90 rows=587767 width=4) (actual time=1451.802..1451.802 rows=594730 loops=1)
        Buckets: 131072  Batches: 8  Memory Usage: 3648kB
        ->  Seq Scan on title t  (cost=0.00..73925.90 rows=587767 width=4) (actual time=197.291..1274.273 rows=594730 loops=1)
              Filter: ((production_year < 2012) AND (kind_id = 1))
              Rows Removed by Filter: 1933582
Planning time: 4.021 ms
Execution time: 29669.180 ms
