Hash Join  (cost=83074.16..137741.23 rows=155 width=0) (actual time=1272.820..2304.618 rows=789 loops=1)
  Hash Cond: (mc.movie_id = t.id)
  ->  Seq Scan on movie_companies mc  (cost=0.00..44881.29 rows=2609129 width=4) (actual time=0.015..580.608 rows=2609129 loops=1)
  ->  Hash  (cost=83072.29..83072.29 rows=150 width=8) (actual time=1271.368..1271.368 rows=208 loops=1)
        Buckets: 1024  Batches: 1  Memory Usage: 17kB
        ->  Nested Loop  (cost=0.43..83072.29 rows=150 width=8) (actual time=42.283..1271.203 rows=208 loops=1)
              ->  Seq Scan on movie_keyword mk  (cost=0.00..81003.12 rows=246 width=4) (actual time=0.369..1198.121 rows=2186 loops=1)
                    Filter: (keyword_id = 745)
                    Rows Removed by Filter: 4521744
              ->  Index Scan using title_pkey on title t  (cost=0.43..8.40 rows=1 width=4) (actual time=0.032..0.033 rows=0 loops=2186)
                    Index Cond: (id = mk.movie_id)
                    Filter: (kind_id = 7)
                    Rows Removed by Filter: 1
Planning time: 2.737 ms
Execution time: 2304.919 ms
