Hash Join  (cost=190230.21..342747.43 rows=2120293 width=0) (actual time=4476.130..10235.853 rows=9104201 loops=1)
  Hash Cond: (mk.movie_id = t.id)
  ->  Seq Scan on movie_keyword mk  (cost=0.00..81003.12 rows=3884842 width=4) (actual time=0.020..1758.702 rows=3884292 loops=1)
        Filter: (keyword_id > 495)
        Rows Removed by Filter: 639638
  ->  Hash  (cost=167588.78..167588.78 rows=1380035 width=8) (actual time=4475.228..4475.228 rows=1380035 loops=1)
        Buckets: 131072  Batches: 32  Memory Usage: 2726kB
        ->  Hash Join  (cost=102767.86..167588.78 rows=1380035 width=8) (actual time=1875.859..4085.981 rows=1380035 loops=1)
              Hash Cond: (mi_idx.movie_id = t.id)
              ->  Seq Scan on movie_info_idx mi_idx  (cost=0.00..21735.35 rows=1380035 width=4) (actual time=0.022..492.043 rows=1380035 loops=1)
              ->  Hash  (cost=61283.27..61283.27 rows=2528527 width=4) (actual time=1874.698..1874.698 rows=2528312 loops=1)
                    Buckets: 131072  Batches: 64  Memory Usage: 2415kB
                    ->  Seq Scan on title t  (cost=0.00..61283.27 rows=2528527 width=4) (actual time=0.013..1043.963 rows=2528312 loops=1)
Planning time: 1.112 ms
Execution time: 11275.763 ms
