Seq Scan on movie_companies mc  (cost=0.00..57926.93 rows=880638 width=0) (actual time=0.029..1047.478 rows=1194002 loops=1)
  Filter: ((company_id < 28319) AND (company_type_id < 2))
  Rows Removed by Filter: 1415127
Planning time: 0.329 ms
Execution time: 1191.667 ms
