Hash Join  (cost=263115.61..1229046.92 rows=10590458 width=0) (actual time=7501.628..31319.217 rows=22719096 loops=1)
  Hash Cond: (ci.movie_id = t.id)
  ->  Seq Scan on cast_info ci  (cost=0.00..705507.15 rows=10263294 width=4) (actual time=1141.355..12620.591 rows=10097333 loops=1)
        Filter: (person_id < 992564)
        Rows Removed by Filter: 26147011
  ->  Hash  (cost=220309.49..220309.49 rows=2609129 width=8) (actual time=6314.578..6314.578 rows=2609129 loops=1)
        Buckets: 131072  Batches: 64  Memory Usage: 2610kB
        ->  Hash Join  (cost=102767.86..220309.49 rows=2609129 width=8) (actual time=2074.948..5566.414 rows=2609129 loops=1)
              Hash Cond: (mc.movie_id = t.id)
              ->  Seq Scan on movie_companies mc  (cost=0.00..44881.29 rows=2609129 width=4) (actual time=0.016..968.874 rows=2609129 loops=1)
              ->  Hash  (cost=61283.27..61283.27 rows=2528527 width=4) (actual time=2073.805..2073.805 rows=2528312 loops=1)
                    Buckets: 131072  Batches: 64  Memory Usage: 2415kB
                    ->  Seq Scan on title t  (cost=0.00..61283.27 rows=2528527 width=4) (actual time=0.017..1226.514 rows=2528312 loops=1)
Planning time: 1.229 ms
Execution time: 33909.322 ms
