Hash Join  (cost=83074.74..109986.57 rows=134 width=0) (actual time=1402.530..2024.652 rows=14421 loops=1)
  Hash Cond: (mi_idx.movie_id = t.id)
  ->  Seq Scan on movie_info_idx mi_idx  (cost=0.00..21735.35 rows=1380035 width=4) (actual time=0.017..337.614 rows=1380035 loops=1)
  ->  Hash  (cost=83071.67..83071.67 rows=246 width=8) (actual time=1394.789..1394.789 rows=5916 loops=1)
        Buckets: 8192 (originally 1024)  Batches: 1 (originally 1)  Memory Usage: 296kB
        ->  Nested Loop  (cost=0.43..83071.67 rows=246 width=8) (actual time=1.173..1391.263 rows=5916 loops=1)
              ->  Seq Scan on movie_keyword mk  (cost=0.00..81003.12 rows=246 width=4) (actual time=1.058..1229.084 rows=5916 loops=1)
                    Filter: (keyword_id = 807)
                    Rows Removed by Filter: 4518014
              ->  Index Only Scan using title_pkey on title t  (cost=0.43..8.40 rows=1 width=4) (actual time=0.026..0.027 rows=1 loops=5916)
                    Index Cond: (id = mk.movie_id)
                    Heap Fetches: 5916
Planning time: 1.363 ms
Execution time: 2026.959 ms
