Hash Join  (cost=226112.65..387198.28 rows=2743768 width=0) (actual time=4969.193..14003.138 rows=24476121 loops=1)
  Hash Cond: (mk.movie_id = t.id)
  ->  Seq Scan on movie_keyword mk  (cost=0.00..69693.30 rows=4523930 width=4) (actual time=0.022..1512.786 rows=4523930 loops=1)
  ->  Hash  (cost=200952.22..200952.22 rows=1533554 width=8) (actual time=4968.481..4968.481 rows=1520477 loops=1)
        Buckets: 131072  Batches: 32  Memory Usage: 2916kB
        ->  Hash Join  (cost=102767.86..200952.22 rows=1533554 width=8) (actual time=1864.782..4530.810 rows=1520477 loops=1)
              Hash Cond: (mc.movie_id = t.id)
              ->  Seq Scan on movie_companies mc  (cost=0.00..51404.11 rows=1533554 width=4) (actual time=0.026..967.639 rows=1520477 loops=1)
                    Filter: (company_id < 14251)
                    Rows Removed by Filter: 1088652
              ->  Hash  (cost=61283.27..61283.27 rows=2528527 width=4) (actual time=1863.885..1863.885 rows=2528312 loops=1)
                    Buckets: 131072  Batches: 64  Memory Usage: 2415kB
                    ->  Seq Scan on title t  (cost=0.00..61283.27 rows=2528527 width=4) (actual time=0.015..1023.385 rows=2528312 loops=1)
Planning time: 1.128 ms
Execution time: 16708.838 ms
