Seq Scan on cast_info ci  (cost=0.00..705507.15 rows=1088185 width=0) (actual time=9880.316..10952.535 rows=1112531 loops=1)
  Filter: (person_id > 3845796)
  Rows Removed by Filter: 35131813
Planning time: 0.414 ms
Execution time: 11092.538 ms
