Seq Scan on cast_info ci  (cost=0.00..796071.18 rows=2757299 width=0) (actual time=6527.987..14282.927 rows=3814330 loops=1)
  Filter: ((person_id > 1290521) AND (role_id = 10))
  Rows Removed by Filter: 32430014
Planning time: 0.402 ms
Execution time: 14747.092 ms
