Nested Loop  (cost=0.43..83071.67 rows=246 width=0) (actual time=18.770..1224.102 rows=43 loops=1)
  ->  Seq Scan on movie_keyword mk  (cost=0.00..81003.12 rows=246 width=4) (actual time=18.672..1222.156 rows=43 loops=1)
        Filter: (keyword_id = 1254)
        Rows Removed by Filter: 4523887
  ->  Index Only Scan using title_pkey on title t  (cost=0.43..8.40 rows=1 width=4) (actual time=0.039..0.040 rows=1 loops=43)
        Index Cond: (id = mk.movie_id)
        Heap Fetches: 43
Planning time: 0.733 ms
Execution time: 1224.203 ms
