Hash Join  (cost=79111.30..111490.35 rows=58111 width=0) (actual time=1266.786..2122.711 rows=132964 loops=1)
  Hash Cond: (mi_idx.movie_id = t.id)
  ->  Seq Scan on movie_info_idx mi_idx  (cost=0.00..25185.44 rows=464934 width=4) (actual time=0.016..512.209 rows=460185 loops=1)
        Filter: (info_type_id > 100)
        Rows Removed by Filter: 919850
  ->  Hash  (cost=73925.90..73925.90 rows=316032 width=4) (actual time=1266.089..1266.089 rows=400740 loops=1)
        Buckets: 131072  Batches: 8  Memory Usage: 2793kB
        ->  Seq Scan on title t  (cost=0.00..73925.90 rows=316032 width=4) (actual time=5.940..1134.817 rows=400740 loops=1)
              Filter: ((production_year < 2003) AND (kind_id = 1))
              Rows Removed by Filter: 2127572
Planning time: 0.733 ms
Execution time: 2140.571 ms
