Seq Scan on cast_info ci  (cost=0.00..705507.15 rows=500 width=0) (actual time=43.284..10076.295 rows=179 loops=1)
  Filter: (person_id = 2767090)
  Rows Removed by Filter: 36244165
Planning time: 0.249 ms
Execution time: 10076.383 ms
