Hash Join  (cost=137143.65..224330.17 rows=52848 width=0) (actual time=2288.971..4311.073 rows=528342 loops=1)
  Hash Cond: (mk.movie_id = t.id)
  ->  Seq Scan on movie_keyword mk  (cost=0.00..69693.30 rows=4523930 width=4) (actual time=0.015..1034.726 rows=4523930 loops=1)
  ->  Hash  (cost=136774.43..136774.43 rows=29538 width=8) (actual time=2288.578..2288.578 rows=18475 loops=1)
        Buckets: 32768  Batches: 1  Memory Usage: 978kB
        ->  Hash Join  (cost=69179.59..136774.43 rows=29538 width=8) (actual time=1551.906..2281.726 rows=18475 loops=1)
              Hash Cond: (mc.movie_id = t.id)
              ->  Seq Scan on movie_companies mc  (cost=0.00..57926.93 rows=778007 width=4) (actual time=490.962..1011.037 rows=562360 loops=1)
                    Filter: ((company_id > 5451) AND (company_type_id = 1))
                    Rows Removed by Filter: 2046769
              ->  Hash  (cost=67604.59..67604.59 rows=96000 width=4) (actual time=1059.936..1059.936 rows=95005 loops=1)
                    Buckets: 131072  Batches: 2  Memory Usage: 2716kB
                    ->  Seq Scan on title t  (cost=0.00..67604.59 rows=96000 width=4) (actual time=0.027..1022.764 rows=95005 loops=1)
                          Filter: (production_year = 2005)
                          Rows Removed by Filter: 2433307
Planning time: 1.188 ms
Execution time: 4377.417 ms
