Hash Join  (cost=251622.93..884446.12 rows=12614036 width=0) (actual time=6548.330..34765.545 rows=59947460 loops=1)
  Hash Cond: (mi.movie_id = t.id)
  ->  Seq Scan on movie_info mi  (cost=0.00..309384.22 rows=14739122 width=4) (actual time=0.020..6416.866 rows=14835720 loops=1)
  ->  Hash  (cost=216120.39..216120.39 rows=2163964 width=8) (actual time=6546.876..6546.876 rows=2159562 loops=1)
        Buckets: 131072  Batches: 32  Memory Usage: 3699kB
        ->  Hash Join  (cost=102767.86..216120.39 rows=2163964 width=8) (actual time=2592.072..5909.475 rows=2159562 loops=1)
              Hash Cond: (mc.movie_id = t.id)
              ->  Seq Scan on movie_companies mc  (cost=0.00..51404.11 rows=2163964 width=4) (actual time=0.022..1164.990 rows=2159562 loops=1)
                    Filter: (company_id < 77346)
                    Rows Removed by Filter: 449567
              ->  Hash  (cost=61283.27..61283.27 rows=2528527 width=4) (actual time=2590.999..2590.999 rows=2528312 loops=1)
                    Buckets: 131072  Batches: 64  Memory Usage: 2415kB
                    ->  Seq Scan on title t  (cost=0.00..61283.27 rows=2528527 width=4) (actual time=0.012..1081.038 rows=2528312 loops=1)
Planning time: 1.078 ms
Execution time: 41285.662 ms
