Hash Join  (cost=88767.14..532873.59 rows=2229176 width=0) (actual time=2565.254..12585.668 rows=1465281 loops=1)
  Hash Cond: (mi.movie_id = t.id)
  ->  Seq Scan on movie_info mi  (cost=0.00..346232.03 rows=6231111 width=4) (actual time=0.013..6118.192 rows=6223494 loops=1)
        Filter: (info_type_id > 8)
        Rows Removed by Filter: 8612226
  ->  Hash  (cost=73925.90..73925.90 rows=904579 width=4) (actual time=1639.073..1639.073 rows=992072 loops=1)
        Buckets: 131072  Batches: 16  Memory Usage: 3217kB
        ->  Seq Scan on title t  (cost=0.00..73925.90 rows=904579 width=4) (actual time=0.022..1311.222 rows=992072 loops=1)
              Filter: ((production_year > 1998) AND (kind_id = 7))
              Rows Removed by Filter: 1536240
Planning time: 0.775 ms
Execution time: 12749.566 ms
