Seq Scan on cast_info ci  (cost=0.00..796071.18 rows=6691236 width=0) (actual time=1122.209..12679.803 rows=7747759 loops=1)
  Filter: ((person_id < 878428) AND (role_id < 5))
  Rows Removed by Filter: 28496585
Planning time: 0.417 ms
Execution time: 13636.802 ms
