Hash Join  (cost=58358.57..85269.07 rows=2 width=0) (actual time=870.786..1316.759 rows=274 loops=1)
  Hash Cond: (mi_idx.movie_id = t.id)
  ->  Seq Scan on movie_info_idx mi_idx  (cost=0.00..21735.35 rows=1380035 width=4) (actual time=0.013..280.466 rows=1380035 loops=1)
  ->  Hash  (cost=58358.52..58358.52 rows=4 width=8) (actual time=795.939..795.939 rows=82 loops=1)
        Buckets: 1024  Batches: 1  Memory Usage: 12kB
        ->  Nested Loop  (cost=0.43..58358.52 rows=4 width=8) (actual time=319.028..795.861 rows=82 loops=1)
              ->  Seq Scan on movie_companies mc  (cost=0.00..57926.93 rows=51 width=4) (actual time=215.938..787.085 rows=265 loops=1)
                    Filter: ((company_id = 5427) AND (company_type_id = 1))
                    Rows Removed by Filter: 2608864
              ->  Index Scan using title_pkey on title t  (cost=0.43..8.45 rows=1 width=4) (actual time=0.032..0.032 rows=0 loops=265)
                    Index Cond: (id = mc.movie_id)
                    Filter: ((kind_id < 2) AND (production_year < 1993))
                    Rows Removed by Filter: 1
Planning time: 0.820 ms
Execution time: 1316.957 ms
