Seq Scan on cast_info ci  (cost=0.00..705507.15 rows=14957776 width=0) (actual time=0.055..12247.323 rows=15126771 loops=1)
  Filter: (person_id > 2132516)
  Rows Removed by Filter: 21117573
Planning time: 0.305 ms
Execution time: 14127.796 ms
