Seq Scan on cast_info ci  (cost=0.00..796071.18 rows=1928700 width=0) (actual time=9065.972..11012.518 rows=1653 loops=1)
  Filter: ((person_id < 924649) AND (role_id = 2))
  Rows Removed by Filter: 36242691
Planning time: 0.410 ms
Execution time: 11012.987 ms
