Seq Scan on movie_companies mc  (cost=0.00..51404.11 rows=2491009 width=0) (actual time=0.012..1028.764 rows=2491216 loops=1)
  Filter: (company_id < 147493)
  Rows Removed by Filter: 117913
Planning time: 3.849 ms
Execution time: 1335.981 ms
