Hash Join  (cost=97335.96..667056.29 rows=7147170 width=0) (actual time=1838.356..17184.077 rows=3422045 loops=1)
  Hash Cond: (mi.movie_id = t.id)
  ->  Seq Scan on movie_info mi  (cost=0.00..346232.03 rows=12665229 width=4) (actual time=0.011..7372.505 rows=12744652 loops=1)
        Filter: (info_type_id > 2)
        Rows Removed by Filter: 2091068
  ->  Hash  (cost=73925.90..73925.90 rows=1426884 width=4) (actual time=1837.330..1837.330 rows=1478437 loops=1)
        Buckets: 131072  Batches: 32  Memory Usage: 2656kB
        ->  Seq Scan on title t  (cost=0.00..73925.90 rows=1426884 width=4) (actual time=240.402..1361.371 rows=1478437 loops=1)
              Filter: ((production_year > 1932) AND (kind_id = 7))
              Rows Removed by Filter: 1049875
Planning time: 0.815 ms
Execution time: 17599.029 ms
