Seq Scan on movie_companies mc  (cost=0.00..57926.93 rows=2815 width=0) (actual time=4.750..928.707 rows=72 loops=1)
  Filter: ((company_type_id < 2) AND (company_id = 1284))
  Rows Removed by Filter: 2609057
Planning time: 0.404 ms
Execution time: 928.846 ms
