Seq Scan on cast_info ci  (cost=0.00..705507.15 rows=500 width=0) (actual time=10424.638..10879.855 rows=317 loops=1)
  Filter: (person_id = 3685281)
  Rows Removed by Filter: 36244027
Planning time: 0.389 ms
Execution time: 10879.981 ms
