Seq Scan on movie_keyword mk  (cost=0.00..81003.12 rows=4309852 width=0) (actual time=0.011..1655.219 rows=4308780 loops=1)
  Filter: (keyword_id < 65543)
  Rows Removed by Filter: 215150
Planning time: 0.230 ms
Execution time: 2189.875 ms
