Seq Scan on movie_keyword mk  (cost=0.00..81003.12 rows=2144412 width=0) (actual time=0.020..1467.814 rows=2141680 loops=1)
  Filter: (keyword_id > 5460)
  Rows Removed by Filter: 2382250
Planning time: 0.330 ms
Execution time: 1733.893 ms
