Seq Scan on movie_keyword mk  (cost=0.00..81003.12 rows=3985103 width=0) (actual time=0.015..1491.057 rows=3990471 loops=1)
  Filter: (keyword_id < 34340)
  Rows Removed by Filter: 533459
Planning time: 3.340 ms
Execution time: 1993.325 ms
