Seq Scan on movie_keyword mk  (cost=0.00..81003.12 rows=3020103 width=0) (actual time=0.012..926.748 rows=3010710 loops=1)
  Filter: (keyword_id > 2193)
  Rows Removed by Filter: 1513220
Planning time: 0.227 ms
Execution time: 1201.058 ms
