Seq Scan on cast_info ci  (cost=0.00..705507.15 rows=32192416 width=0) (actual time=0.022..13687.279 rows=32176981 loops=1)
  Filter: (person_id < 3311050)
  Rows Removed by Filter: 4067363
Planning time: 0.339 ms
Execution time: 17786.200 ms
