Hash Join  (cost=94420.17..146716.30 rows=181619 width=144) (actual time=1769.184..3266.583 rows=318279 loops=1)
  Hash Cond: (mi_idx.movie_id = t.id)
  ->  Seq Scan on movie_info_idx mi_idx  (cost=0.00..25185.44 rows=464934 width=50) (actual time=0.016..473.998 rows=460185 loops=1)
        Filter: (info_type_id > 100)
        Rows Removed by Filter: 919850
  ->  Hash  (cost=67604.59..67604.59 rows=987727 width=94) (actual time=1768.272..1768.272 rows=985048 loops=1)
        Buckets: 32768  Batches: 64  Memory Usage: 1938kB
        ->  Seq Scan on title t  (cost=0.00..67604.59 rows=987727 width=94) (actual time=0.019..1346.192 rows=985048 loops=1)
              Filter: (kind_id < 7)
              Rows Removed by Filter: 1543264
Planning time: 0.968 ms
Execution time: 3284.067 ms
