Hash Join  (cost=156209.36..1117190.32 rows=2193278 width=0) (actual time=6786.244..28855.481 rows=4798120 loops=1)
  Hash Cond: (ci.movie_id = t.id)
  ->  Seq Scan on cast_info ci  (cost=0.00..796071.18 rows=12212001 width=4) (actual time=3303.781..16350.220 rows=12670688 loops=1)
        Filter: ((person_id < 3773221) AND (role_id < 2))
        Rows Removed by Filter: 23573656
  ->  Hash  (cost=148758.81..148758.81 rows=454124 width=8) (actual time=3481.451..3481.451 rows=459925 loops=1)
        Buckets: 131072  Batches: 8  Memory Usage: 3275kB
        ->  Hash Join  (cost=102767.86..148758.81 rows=454124 width=8) (actual time=2052.250..3344.463 rows=459925 loops=1)
              Hash Cond: (mi_idx.movie_id = t.id)
              ->  Seq Scan on movie_info_idx mi_idx  (cost=0.00..25185.44 rows=454124 width=4) (actual time=0.039..499.175 rows=459925 loops=1)
                    Filter: (info_type_id = 100)
                    Rows Removed by Filter: 920110
              ->  Hash  (cost=61283.27..61283.27 rows=2528527 width=4) (actual time=2050.328..2050.328 rows=2528312 loops=1)
                    Buckets: 131072  Batches: 64  Memory Usage: 2415kB
                    ->  Seq Scan on title t  (cost=0.00..61283.27 rows=2528527 width=4) (actual time=0.020..1215.057 rows=2528312 loops=1)
Planning time: 1.170 ms
Execution time: 29417.223 ms
