Hash Join  (cost=83073.25..109984.15 rows=42 width=0) (actual time=1386.237..1846.995 rows=18 loops=1)
  Hash Cond: (mi_idx.movie_id = t.id)
  ->  Seq Scan on movie_info_idx mi_idx  (cost=0.00..21735.35 rows=1380035 width=4) (actual time=0.021..305.814 rows=1380035 loops=1)
  ->  Hash  (cost=83072.29..83072.29 rows=77 width=8) (actual time=1306.931..1306.931 rows=7 loops=1)
        Buckets: 1024  Batches: 1  Memory Usage: 9kB
        ->  Nested Loop  (cost=0.43..83072.29 rows=77 width=8) (actual time=149.803..1306.904 rows=7 loops=1)
              ->  Seq Scan on movie_keyword mk  (cost=0.00..81003.12 rows=246 width=4) (actual time=27.221..1297.996 rows=101 loops=1)
                    Filter: (keyword_id = 7762)
                    Rows Removed by Filter: 4523829
              ->  Index Scan using title_pkey on title t  (cost=0.43..8.40 rows=1 width=4) (actual time=0.084..0.084 rows=0 loops=101)
                    Index Cond: (id = mk.movie_id)
                    Filter: (production_year > 2007)
                    Rows Removed by Filter: 1
Planning time: 3.126 ms
Execution time: 1847.860 ms
