Seq Scan on movie_companies mc  (cost=0.00..57926.93 rows=1226105 width=0) (actual time=511.841..1148.094 rows=1130289 loops=1)
  Filter: ((company_id < 112093) AND (company_type_id = 2))
  Rows Removed by Filter: 1478840
Planning time: 0.361 ms
Execution time: 1279.126 ms
