Hash Join  (cost=74050.79..1184926.80 rows=4784086 width=0) (actual time=1178.653..35396.959 rows=5161268 loops=1)
  Hash Cond: (ci.movie_id = t.id)
  ->  Seq Scan on cast_info ci  (cost=0.00..705507.15 rows=30788533 width=4) (actual time=0.030..16170.280 rows=30889896 loops=1)
        Filter: (person_id > 516817)
        Rows Removed by Filter: 5354448
  ->  Hash  (cost=67604.59..67604.59 rows=392896 width=4) (actual time=1177.700..1177.700 rows=391666 loops=1)
        Buckets: 131072  Batches: 8  Memory Usage: 2753kB
        ->  Seq Scan on title t  (cost=0.00..67604.59 rows=392896 width=4) (actual time=0.018..1056.752 rows=391666 loops=1)
              Filter: (production_year > 2010)
              Rows Removed by Filter: 2136646
Planning time: 0.774 ms
Execution time: 35964.360 ms
