Hash Join  (cost=190230.21..1133345.14 rows=4542324 width=0) (actual time=4349.008..28895.035 rows=11491278 loops=1)
  Hash Cond: (ci.movie_id = t.id)
  ->  Seq Scan on cast_info ci  (cost=0.00..796071.18 rows=8322534 width=4) (actual time=0.017..16552.553 rows=8821837 loops=1)
        Filter: ((person_id > 409687) AND (role_id > 4))
        Rows Removed by Filter: 27422507
  ->  Hash  (cost=167588.78..167588.78 rows=1380035 width=8) (actual time=4347.682..4347.682 rows=1380035 loops=1)
        Buckets: 131072  Batches: 32  Memory Usage: 2708kB
        ->  Hash Join  (cost=102767.86..167588.78 rows=1380035 width=8) (actual time=1896.591..3937.753 rows=1380035 loops=1)
              Hash Cond: (mi_idx.movie_id = t.id)
              ->  Seq Scan on movie_info_idx mi_idx  (cost=0.00..21735.35 rows=1380035 width=4) (actual time=0.027..495.408 rows=1380035 loops=1)
              ->  Hash  (cost=61283.27..61283.27 rows=2528527 width=4) (actual time=1895.533..1895.533 rows=2528312 loops=1)
                    Buckets: 131072  Batches: 64  Memory Usage: 2415kB
                    ->  Seq Scan on title t  (cost=0.00..61283.27 rows=2528527 width=4) (actual time=0.013..1047.235 rows=2528312 loops=1)
Planning time: 1.178 ms
Execution time: 30133.722 ms
