Hash Join  (cost=67841.64..94855.62 rows=10350 width=0) (actual time=1064.257..1696.800 rows=6945 loops=1)
  Hash Cond: (mi_idx.movie_id = t.id)
  ->  Seq Scan on movie_info_idx mi_idx  (cost=0.00..21735.35 rows=1380035 width=4) (actual time=0.018..338.265 rows=1380035 loops=1)
  ->  Hash  (cost=67604.59..67604.59 rows=18964 width=4) (actual time=1064.041..1064.041 rows=16892 loops=1)
        Buckets: 32768  Batches: 1  Memory Usage: 850kB
        ->  Seq Scan on title t  (cost=0.00..67604.59 rows=18964 width=4) (actual time=284.340..1057.212 rows=16892 loops=1)
              Filter: (production_year < 1907)
              Rows Removed by Filter: 2511420
Planning time: 0.563 ms
Execution time: 1699.078 ms
