Seq Scan on movie_companies mc  (cost=0.00..51404.11 rows=2289927 width=0) (actual time=0.011..1037.193 rows=2289935 loops=1)
  Filter: (company_id < 91574)
  Rows Removed by Filter: 319194
Planning time: 0.349 ms
Execution time: 1330.743 ms
