Hash Join  (cost=141657.65..897989.42 rows=554260 width=0) (actual time=2544.528..21892.783 rows=1434557 loops=1)
  Hash Cond: (ci.movie_id = t.id)
  ->  Seq Scan on cast_info ci  (cost=0.00..614943.12 rows=36225612 width=4) (actual time=0.019..9783.875 rows=36244344 loops=1)
  ->  Hash  (cost=141174.06..141174.06 rows=38687 width=8) (actual time=2544.129..2544.129 rows=22173 loops=1)
        Buckets: 65536  Batches: 1  Memory Usage: 1379kB
        ->  Hash Join  (cost=78556.72..141174.06 rows=38687 width=8) (actual time=1523.309..2537.209 rows=22173 loops=1)
              Hash Cond: (mc.movie_id = t.id)
              ->  Seq Scan on movie_companies mc  (cost=0.00..57926.93 rows=146542 width=4) (actual time=0.017..820.861 rows=224384 loops=1)
                    Filter: ((company_id < 160) AND (company_type_id = 1))
                    Rows Removed by Filter: 2384745
              ->  Hash  (cost=67604.59..67604.59 rows=667531 width=4) (actual time=1522.177..1522.177 rows=662825 loops=1)
                    Buckets: 131072  Batches: 16  Memory Usage: 2476kB
                    ->  Seq Scan on title t  (cost=0.00..67604.59 rows=667531 width=4) (actual time=649.249..1311.624 rows=662825 loops=1)
                          Filter: (kind_id = 1)
                          Rows Removed by Filter: 1865487
Planning time: 2.722 ms
Execution time: 22084.397 ms
