Hash Join  (cost=78544.72..118873.62 rows=153642 width=0) (actual time=1281.554..2228.324 rows=56163 loops=1)
  Hash Cond: (mi_idx.movie_id = t.id)
  ->  Seq Scan on movie_info_idx mi_idx  (cost=0.00..21735.35 rows=1380035 width=4) (actual time=0.020..411.984 rows=1380035 loops=1)
  ->  Hash  (cost=73925.90..73925.90 rows=281505 width=4) (actual time=1280.576..1280.576 rows=151289 loops=1)
        Buckets: 131072  Batches: 4  Memory Usage: 2351kB
        ->  Seq Scan on title t  (cost=0.00..73925.90 rows=281505 width=4) (actual time=0.047..1227.285 rows=151289 loops=1)
              Filter: ((kind_id > 2) AND (production_year < 1972))
              Rows Removed by Filter: 2377023
Planning time: 4.165 ms
Execution time: 2234.891 ms
