Hash Join  (cost=167911.73..1016742.06 rows=156088 width=0) (actual time=3307.781..18763.710 rows=874619 loops=1)
  Hash Cond: (ci.movie_id = t.id)
  ->  Seq Scan on cast_info ci  (cost=0.00..796071.18 rows=13652866 width=4) (actual time=0.019..12644.184 rows=12015010 loops=1)
        Filter: ((person_id > 2057818) AND (role_id < 10))
        Rows Removed by Filter: 24229334
  ->  Hash  (cost=167550.38..167550.38 rows=28908 width=8) (actual time=3307.332..3307.332 rows=74043 loops=1)
        Buckets: 131072 (originally 32768)  Batches: 1 (originally 1)  Memory Usage: 3917kB
        ->  Hash Join  (cost=74210.29..167550.38 rows=28908 width=8) (actual time=1150.584..3282.009 rows=74043 loops=1)
              Hash Cond: (mk.movie_id = t.id)
              ->  Seq Scan on movie_keyword mk  (cost=0.00..81003.12 rows=3212768 width=4) (actual time=0.032..1589.974 rows=3200867 loops=1)
                    Filter: (keyword_id < 13091)
                    Rows Removed by Filter: 1323063
              ->  Hash  (cost=73925.90..73925.90 rows=22751 width=4) (actual time=1150.024..1150.024 rows=18892 loops=1)
                    Buckets: 32768  Batches: 1  Memory Usage: 921kB
                    ->  Seq Scan on title t  (cost=0.00..73925.90 rows=22751 width=4) (actual time=0.027..1141.697 rows=18892 loops=1)
                          Filter: ((kind_id < 7) AND (production_year = 2001))
                          Rows Removed by Filter: 2509420
Planning time: 9.162 ms
Execution time: 18867.952 ms
