Hash Join  (cost=83074.74..142096.34 rows=198 width=0) (actual time=1308.933..2463.135 rows=56 loops=1)
  Hash Cond: (mc.movie_id = t.id)
  ->  Seq Scan on movie_companies mc  (cost=0.00..51404.11 rows=2030800 width=4) (actual time=0.021..947.867 rows=2033356 loops=1)
        Filter: (company_id > 624)
        Rows Removed by Filter: 575773
  ->  Hash  (cost=83071.67..83071.67 rows=246 width=8) (actual time=1232.443..1232.443 rows=4 loops=1)
        Buckets: 1024  Batches: 1  Memory Usage: 9kB
        ->  Nested Loop  (cost=0.43..83071.67 rows=246 width=8) (actual time=23.601..1232.429 rows=4 loops=1)
              ->  Seq Scan on movie_keyword mk  (cost=0.00..81003.12 rows=246 width=4) (actual time=23.500..1232.134 rows=4 loops=1)
                    Filter: (keyword_id = 68690)
                    Rows Removed by Filter: 4523926
              ->  Index Only Scan using title_pkey on title t  (cost=0.43..8.40 rows=1 width=4) (actual time=0.061..0.062 rows=1 loops=4)
                    Index Cond: (id = mk.movie_id)
                    Heap Fetches: 4
Planning time: 1.484 ms
Execution time: 2463.274 ms
