Seq Scan on cast_info ci  (cost=0.00..705507.15 rows=13275362 width=0) (actual time=301.540..12612.897 rows=13243446 loops=1)
  Filter: (person_id < 1305828)
  Rows Removed by Filter: 23000898
Planning time: 0.212 ms
Execution time: 14284.261 ms
