Hash Join  (cost=102767.86..206416.48 rows=530554 width=0) (actual time=2210.749..4439.000 rows=519482 loops=1)
  Hash Cond: (mk.movie_id = t.id)
  ->  Seq Scan on movie_keyword mk  (cost=0.00..81003.12 rows=530554 width=4) (actual time=0.021..1416.643 rows=519482 loops=1)
        Filter: (keyword_id > 34833)
        Rows Removed by Filter: 4004448
  ->  Hash  (cost=61283.27..61283.27 rows=2528527 width=4) (actual time=2208.521..2208.521 rows=2528312 loops=1)
        Buckets: 131072  Batches: 64  Memory Usage: 2425kB
        ->  Seq Scan on title t  (cost=0.00..61283.27 rows=2528527 width=4) (actual time=0.019..1081.867 rows=2528312 loops=1)
Planning time: 0.760 ms
Execution time: 4503.806 ms
