Hash Join  (cost=131590.14..218802.32 rows=55414 width=0) (actual time=2460.209..4452.894 rows=529505 loops=1)
  Hash Cond: (mk.movie_id = t.id)
  ->  Seq Scan on movie_keyword mk  (cost=0.00..69693.30 rows=4523930 width=4) (actual time=0.018..1009.661 rows=4523930 loops=1)
  ->  Hash  (cost=131202.99..131202.99 rows=30972 width=8) (actual time=2459.527..2459.527 rows=26771 loops=1)
        Buckets: 32768  Batches: 1  Memory Usage: 1302kB
        ->  Hash Join  (cost=74690.97..131202.99 rows=30972 width=8) (actual time=1605.698..2449.607 rows=26771 loops=1)
              Hash Cond: (mc.movie_id = t.id)
              ->  Seq Scan on movie_companies mc  (cost=0.00..51404.11 rows=1279517 width=4) (actual time=158.074..976.895 rows=1274246 loops=1)
                    Filter: (company_type_id = 1)
                    Rows Removed by Filter: 1334883
              ->  Hash  (cost=73925.90..73925.90 rows=61205 width=4) (actual time=1148.172..1148.172 rows=61581 loops=1)
                    Buckets: 65536  Batches: 1  Memory Usage: 2677kB
                    ->  Seq Scan on title t  (cost=0.00..73925.90 rows=61205 width=4) (actual time=27.777..1124.138 rows=61581 loops=1)
                          Filter: ((production_year > 2011) AND (kind_id = 1))
                          Rows Removed by Filter: 2466731
Planning time: 1.260 ms
Execution time: 4519.877 ms
