Seq Scan on movie_keyword mk  (cost=0.00..81003.12 rows=246 width=0) (actual time=3.991..1217.510 rows=386 loops=1)
  Filter: (keyword_id = 5785)
  Rows Removed by Filter: 4523544
Planning time: 0.356 ms
Execution time: 1217.780 ms
