Hash Join  (cost=75867.62..459475.82 rows=143545 width=0) (actual time=1324.837..8008.749 rows=136606 loops=1)
  Hash Cond: (mi.movie_id = t.id)
  ->  Seq Scan on movie_info mi  (cost=0.00..346232.03 rows=3068194 width=4) (actual time=0.016..5605.920 rows=3036719 loops=1)
        Filter: (info_type_id = 16)
        Rows Removed by Filter: 11799001
  ->  Hash  (cost=73925.90..73925.90 rows=118297 width=4) (actual time=1323.842..1323.842 rows=122606 loops=1)
        Buckets: 131072  Batches: 2  Memory Usage: 3185kB
        ->  Seq Scan on title t  (cost=0.00..73925.90 rows=118297 width=4) (actual time=0.047..1277.010 rows=122606 loops=1)
              Filter: ((kind_id > 1) AND (production_year = 2011))
              Rows Removed by Filter: 2405706
Planning time: 0.552 ms
Execution time: 8023.452 ms
