Seq Scan on movie_companies mc  (cost=0.00..57926.93 rows=394552 width=0) (actual time=27.980..847.860 rows=76719 loops=1)
  Filter: ((company_id > 29121) AND (company_type_id = 1))
  Rows Removed by Filter: 2532410
Planning time: 0.382 ms
Execution time: 858.359 ms
