Seq Scan on cast_info ci  (cost=0.00..796071.18 rows=396 width=0) (actual time=8742.818..14278.068 rows=1 loops=1)
  Filter: ((role_id < 8) AND (person_id = 3238793))
  Rows Removed by Filter: 36244343
Planning time: 0.665 ms
Execution time: 14278.196 ms
