Nested Loop  (cost=0.43..83072.90 rows=106 width=0) (actual time=664.850..946.732 rows=69 loops=1)
  ->  Seq Scan on movie_keyword mk  (cost=0.00..81003.12 rows=246 width=4) (actual time=0.620..887.851 rows=2885 loops=1)
        Filter: (keyword_id = 2102)
        Rows Removed by Filter: 4521045
  ->  Index Scan using title_pkey on title t  (cost=0.43..8.40 rows=1 width=4) (actual time=0.020..0.020 rows=0 loops=2885)
        Index Cond: (id = mk.movie_id)
        Filter: ((production_year < 2009) AND (kind_id = 7))
        Rows Removed by Filter: 1
Planning time: 0.813 ms
Execution time: 946.873 ms
