Seq Scan on movie_keyword mk  (cost=0.00..81003.12 rows=590981 width=0) (actual time=0.024..1299.777 rows=591025 loops=1)
  Filter: (keyword_id > 31095)
  Rows Removed by Filter: 3932905
Planning time: 0.406 ms
Execution time: 1376.533 ms
