Hash Join  (cost=190230.21..352705.61 rows=2439672 width=0) (actual time=4295.121..10372.024 rows=10297796 loops=1)
  Hash Cond: (mk.movie_id = t.id)
  ->  Seq Scan on movie_keyword mk  (cost=0.00..81003.12 rows=4470015 width=4) (actual time=0.032..1775.520 rows=4473696 loops=1)
        Filter: (keyword_id < 99445)
        Rows Removed by Filter: 50234
  ->  Hash  (cost=167588.78..167588.78 rows=1380035 width=8) (actual time=4293.011..4293.011 rows=1380035 loops=1)
        Buckets: 131072  Batches: 32  Memory Usage: 2726kB
        ->  Hash Join  (cost=102767.86..167588.78 rows=1380035 width=8) (actual time=1861.128..3870.740 rows=1380035 loops=1)
              Hash Cond: (mi_idx.movie_id = t.id)
              ->  Seq Scan on movie_info_idx mi_idx  (cost=0.00..21735.35 rows=1380035 width=4) (actual time=0.032..490.731 rows=1380035 loops=1)
              ->  Hash  (cost=61283.27..61283.27 rows=2528527 width=4) (actual time=1860.185..1860.185 rows=2528312 loops=1)
                    Buckets: 131072  Batches: 64  Memory Usage: 2415kB
                    ->  Seq Scan on title t  (cost=0.00..61283.27 rows=2528527 width=4) (actual time=0.018..1035.060 rows=2528312 loops=1)
Planning time: 1.216 ms
Execution time: 11453.679 ms
