Hash Join  (cost=74712.48..103573.10 rows=22872 width=0) (actual time=1371.927..1885.404 rows=57722 loops=1)
  Hash Cond: (mi_idx.movie_id = t.id)
  ->  Seq Scan on movie_info_idx mi_idx  (cost=0.00..25185.44 rows=919057 width=4) (actual time=0.020..374.516 rows=920110 loops=1)
        Filter: (info_type_id > 99)
        Rows Removed by Filter: 459925
  ->  Hash  (cost=73925.90..73925.90 rows=62926 width=4) (actual time=1306.003..1306.003 rows=77497 loops=1)
        Buckets: 131072 (originally 65536)  Batches: 1 (originally 1)  Memory Usage: 3749kB
        ->  Seq Scan on title t  (cost=0.00..73925.90 rows=62926 width=4) (actual time=0.024..1276.014 rows=77497 loops=1)
              Filter: ((production_year < 2007) AND (kind_id = 3))
              Rows Removed by Filter: 2450815
Planning time: 0.721 ms
Execution time: 1891.859 ms
