Nested Loop  (cost=0.43..796536.34 rows=55 width=0) (actual time=2985.869..10675.032 rows=36 loops=1)
  ->  Seq Scan on cast_info ci  (cost=0.00..796071.18 rows=55 width=4) (actual time=2985.791..10674.506 rows=36 loops=1)
        Filter: ((person_id = 2651351) AND (role_id = 3))
        Rows Removed by Filter: 36244308
  ->  Index Only Scan using title_pkey on title t  (cost=0.43..8.45 rows=1 width=4) (actual time=0.013..0.014 rows=1 loops=36)
        Index Cond: (id = ci.movie_id)
        Heap Fetches: 36
Planning time: 0.830 ms
Execution time: 10675.124 ms
