Hash Join  (cost=69687.24..1032294.94 rows=690882 width=0) (actual time=1185.720..24976.023 rows=998848 loops=1)
  Hash Cond: (ci.movie_id = t.id)
  ->  Seq Scan on cast_info ci  (cost=0.00..796071.18 rows=13762587 width=4) (actual time=0.009..16329.391 rows=19090050 loops=1)
        Filter: ((person_id < 2568172) AND (role_id < 3))
        Rows Removed by Filter: 17154294
  ->  Hash  (cost=67604.59..67604.59 rows=126932 width=4) (actual time=1184.922..1184.922 rows=122861 loops=1)
        Buckets: 131072  Batches: 2  Memory Usage: 3191kB
        ->  Seq Scan on title t  (cost=0.00..67604.59 rows=126932 width=4) (actual time=0.041..1140.497 rows=122861 loops=1)
              Filter: (production_year = 2008)
              Rows Removed by Filter: 2405451
Planning time: 0.724 ms
Execution time: 25108.113 ms
