Seq Scan on movie_companies mc  (cost=0.00..57926.93 rows=51 width=0) (actual time=145.442..392.839 rows=80 loops=1)
  Filter: ((company_type_id < 2) AND (company_id = 4290))
  Rows Removed by Filter: 2609049
Planning time: 0.245 ms
Execution time: 392.951 ms
