Seq Scan on movie_keyword mk  (cost=0.00..81003.12 rows=246 width=0) (actual time=4.672..1178.576 rows=57 loops=1)
  Filter: (keyword_id = 3703)
  Rows Removed by Filter: 4523873
Planning time: 0.361 ms
Execution time: 1178.707 ms
