Hash Join  (cost=132235.95..905922.29 rows=52719 width=0) (actual time=2468.116..16125.453 rows=261583 loops=1)
  Hash Cond: (ci.movie_id = t.id)
  ->  Seq Scan on cast_info ci  (cost=0.00..705507.15 rows=18040532 width=4) (actual time=1044.026..11129.920 rows=18191759 loops=1)
        Filter: (person_id > 1791611)
        Rows Removed by Filter: 18052585
  ->  Hash  (cost=132143.59..132143.59 rows=7389 width=8) (actual time=1423.963..1423.963 rows=9638 loops=1)
        Buckets: 16384 (originally 8192)  Batches: 1 (originally 1)  Memory Usage: 505kB
        ->  Nested Loop  (cost=0.43..132143.59 rows=7389 width=8) (actual time=0.251..1418.222 rows=9638 loops=1)
              ->  Seq Scan on movie_keyword mk  (cost=0.00..81003.12 rows=7389 width=4) (actual time=0.190..1207.938 rows=9638 loops=1)
                    Filter: (keyword_id = 236)
                    Rows Removed by Filter: 4514292
              ->  Index Only Scan using title_pkey on title t  (cost=0.43..6.91 rows=1 width=4) (actual time=0.021..0.021 rows=1 loops=9638)
                    Index Cond: (id = mk.movie_id)
                    Heap Fetches: 9638
Planning time: 6.189 ms
Execution time: 16163.757 ms
