Hash Join  (cost=81925.97..121362.72 rows=176469 width=0) (actual time=1337.535..2411.791 rows=98358 loops=1)
  Hash Cond: (mi_idx.movie_id = t.id)
  ->  Seq Scan on movie_info_idx mi_idx  (cost=0.00..25185.44 rows=915101 width=4) (actual time=0.016..587.744 rows=919850 loops=1)
        Filter: (info_type_id < 101)
        Rows Removed by Filter: 460185
  ->  Hash  (cost=73925.90..73925.90 rows=487605 width=4) (actual time=1336.671..1336.671 rows=501779 loops=1)
        Buckets: 131072  Batches: 8  Memory Usage: 3231kB
        ->  Seq Scan on title t  (cost=0.00..73925.90 rows=487605 width=4) (actual time=0.010..1173.872 rows=501779 loops=1)
              Filter: ((kind_id > 1) AND (production_year > 2008))
              Rows Removed by Filter: 2026533
Planning time: 0.533 ms
Execution time: 2422.985 ms
