Hash Join  (cost=435601.72..1487179.61 rows=1730276 width=0) (actual time=5808.719..34726.096 rows=6643652 loops=1)
  Hash Cond: (ci.movie_id = t.id)
  ->  Seq Scan on cast_info ci  (cost=0.00..614943.12 rows=36225612 width=4) (actual time=0.011..12287.956 rows=36244344 loops=1)
  ->  Hash  (cost=433620.07..433620.07 rows=120772 width=8) (actual time=5807.956..5807.956 rows=164637 loops=1)
        Buckets: 131072 (originally 131072)  Batches: 4 (originally 2)  Memory Usage: 3073kB
        ->  Hash Join  (cost=78183.26..433620.07 rows=120772 width=8) (actual time=2501.442..5750.510 rows=164637 loops=1)
              Hash Cond: (mi.movie_id = t.id)
              ->  Seq Scan on movie_info mi  (cost=0.00..346232.03 rows=473617 width=4) (actual time=1243.451..4119.714 rows=486554 loops=1)
                    Filter: (info_type_id = 5)
                    Rows Removed by Filter: 14349166
              ->  Hash  (cost=67604.59..67604.59 rows=644774 width=4) (actual time=1237.259..1237.259 rows=642973 loops=1)
                    Buckets: 131072  Batches: 16  Memory Usage: 2439kB
                    ->  Seq Scan on title t  (cost=0.00..67604.59 rows=644774 width=4) (actual time=0.030..1025.745 rows=642973 loops=1)
                          Filter: (production_year < 1988)
                          Rows Removed by Filter: 1885339
Planning time: 1.108 ms
Execution time: 35524.824 ms
