Hash Join  (cost=83810.17..1007064.54 rows=5401292 width=0) (actual time=1992.152..24370.671 rows=5543318 loops=1)
  Hash Cond: (ci.movie_id = t.id)
  ->  Seq Scan on cast_info ci  (cost=0.00..705507.15 rows=13827012 width=4) (actual time=538.887..13596.629 rows=13999759 loops=1)
        Filter: (person_id > 2266629)
        Rows Removed by Filter: 22244585
  ->  Hash  (cost=67604.59..67604.59 rows=987727 width=4) (actual time=1452.253..1452.253 rows=985048 loops=1)
        Buckets: 131072  Batches: 16  Memory Usage: 3188kB
        ->  Seq Scan on title t  (cost=0.00..67604.59 rows=987727 width=4) (actual time=0.033..1143.605 rows=985048 loops=1)
              Filter: (kind_id < 7)
              Rows Removed by Filter: 1543264
Planning time: 0.764 ms
Execution time: 25002.456 ms
