Hash Join  (cost=100932.04..465710.79 rows=12280 width=0) (actual time=2154.669..9517.224 rows=62616 loops=1)
  Hash Cond: (mi.movie_id = t.id)
  ->  Seq Scan on movie_info mi  (cost=0.00..309384.22 rows=14739122 width=4) (actual time=0.010..4834.194 rows=14835720 loops=1)
  ->  Hash  (cost=100905.71..100905.71 rows=2107 width=8) (actual time=1640.274..1640.274 rows=5973 loops=1)
        Buckets: 8192 (originally 4096)  Batches: 1 (originally 1)  Memory Usage: 298kB
        ->  Hash Join  (cost=73974.15..100905.71 rows=2107 width=8) (actual time=1015.129..1637.800 rows=5973 loops=1)
              Hash Cond: (mi_idx.movie_id = t.id)
              ->  Seq Scan on movie_info_idx mi_idx  (cost=0.00..21735.35 rows=1380035 width=4) (actual time=0.024..327.548 rows=1380035 loops=1)
              ->  Hash  (cost=73925.90..73925.90 rows=3860 width=4) (actual time=1015.071..1015.071 rows=7727 loops=1)
                    Buckets: 8192 (originally 4096)  Batches: 1 (originally 1)  Memory Usage: 336kB
                    ->  Seq Scan on title t  (cost=0.00..73925.90 rows=3860 width=4) (actual time=0.057..1011.907 rows=7727 loops=1)
                          Filter: ((kind_id = 4) AND (production_year = 2004))
                          Rows Removed by Filter: 2520585
Planning time: 1.159 ms
Execution time: 9527.445 ms
