Hash Join  (cost=502969.35..593517.30 rows=1124242 width=0) (actual time=9175.830..14113.631 rows=12838373 loops=1)
  Hash Cond: (mc.movie_id = t.id)
  ->  Seq Scan on movie_companies mc  (cost=0.00..44881.29 rows=2609129 width=4) (actual time=0.019..889.010 rows=2609129 loops=1)
  ->  Hash  (cost=485094.45..485094.45 rows=1089512 width=8) (actual time=9174.756..9174.756 rows=1147717 loops=1)
        Buckets: 131072  Batches: 16  Memory Usage: 3756kB
        ->  Hash Join  (cost=102767.86..485094.45 rows=1089512 width=8) (actual time=5547.102..8835.062 rows=1147717 loops=1)
              Hash Cond: (mi.movie_id = t.id)
              ->  Seq Scan on movie_info mi  (cost=0.00..346232.03 rows=1089512 width=4) (actual time=3566.689..5484.374 rows=1147717 loops=1)
                    Filter: (info_type_id > 51)
                    Rows Removed by Filter: 13688003
              ->  Hash  (cost=61283.27..61283.27 rows=2528527 width=4) (actual time=1977.198..1977.198 rows=2528312 loops=1)
                    Buckets: 131072  Batches: 64  Memory Usage: 2425kB
                    ->  Seq Scan on title t  (cost=0.00..61283.27 rows=2528527 width=4) (actual time=0.028..1138.382 rows=2528312 loops=1)
Planning time: 2.639 ms
Execution time: 15458.170 ms
