Seq Scan on movie_info mi  (cost=0.00..346232.03 rows=815474 width=0) (actual time=546.272..5531.686 rows=872224 loops=1)
  Filter: (info_type_id > 97)
  Rows Removed by Filter: 13963496
Planning time: 0.346 ms
Execution time: 5643.752 ms
