Hash Join  (cost=431800.47..1183187.20 rows=59751 width=0) (actual time=7225.840..23545.620 rows=51079 loops=1)
  Hash Cond: (ci.movie_id = t.id)
  ->  Seq Scan on cast_info ci  (cost=0.00..614943.12 rows=36225612 width=4) (actual time=0.021..8903.175 rows=36244344 loops=1)
  ->  Hash  (cost=431748.33..431748.33 rows=4171 width=8) (actual time=7224.947..7224.947 rows=3857 loops=1)
        Buckets: 8192  Batches: 1  Memory Usage: 215kB
        ->  Hash Join  (cost=73968.87..431748.33 rows=4171 width=8) (actual time=1818.276..7222.907 rows=3857 loops=1)
              Hash Cond: (mi.movie_id = t.id)
              ->  Seq Scan on movie_info mi  (cost=0.00..346232.03 rows=3068194 width=4) (actual time=709.625..5624.151 rows=3036719 loops=1)
                    Filter: (info_type_id = 16)
                    Rows Removed by Filter: 11799001
              ->  Hash  (cost=73925.90..73925.90 rows=3437 width=4) (actual time=1107.138..1107.138 rows=3625 loops=1)
                    Buckets: 4096  Batches: 1  Memory Usage: 160kB
                    ->  Seq Scan on title t  (cost=0.00..73925.90 rows=3437 width=4) (actual time=0.081..1105.009 rows=3625 loops=1)
                          Filter: ((kind_id = 2) AND (production_year = 2005))
                          Rows Removed by Filter: 2524687
Planning time: 1.148 ms
Execution time: 23557.330 ms
