Hash Join  (cost=468657.47..1372082.98 rows=2760469 width=0) (actual time=9104.388..29060.668 rows=2252567 loops=1)
  Hash Cond: (ci.movie_id = t.id)
  ->  Seq Scan on cast_info ci  (cost=0.00..705507.15 rows=14567921 width=4) (actual time=536.146..13997.570 rows=14494147 loops=1)
        Filter: (person_id < 1427404)
        Rows Removed by Filter: 21750197
  ->  Hash  (cost=460796.36..460796.36 rows=479129 width=8) (actual time=8169.925..8169.925 rows=281763 loops=1)
        Buckets: 131072  Batches: 8  Memory Usage: 2398kB
        ->  Hash Join  (cost=83509.94..460796.36 rows=479129 width=8) (actual time=1529.593..8080.764 rows=281763 loops=1)
              Hash Cond: (mi.movie_id = t.id)
              ->  Seq Scan on movie_info mi  (cost=0.00..346232.03 rows=2073893 width=4) (actual time=32.124..5428.912 rows=2091068 loops=1)
                    Filter: (info_type_id < 3)
                    Rows Removed by Filter: 12744652
              ->  Hash  (cost=73925.90..73925.90 rows=584163 width=4) (actual time=1496.583..1496.583 rows=452484 loops=1)
                    Buckets: 131072  Batches: 8  Memory Usage: 3006kB
                    ->  Seq Scan on title t  (cost=0.00..73925.90 rows=584163 width=4) (actual time=0.030..1344.505 rows=452484 loops=1)
                          Filter: ((kind_id > 3) AND (production_year < 1997))
                          Rows Removed by Filter: 2075828
Planning time: 1.193 ms
Execution time: 29309.521 ms
