Seq Scan on movie_keyword mk  (cost=0.00..81003.12 rows=246671 width=0) (actual time=0.043..1428.630 rows=244952 loops=1)
  Filter: (keyword_id > 61152)
  Rows Removed by Filter: 4278978
Planning time: 0.306 ms
Execution time: 1460.668 ms
