Hash Join  (cost=920725.21..1558409.98 rows=13069594 width=0) (actual time=17407.726..33617.307 rows=9028877 loops=1)
  Hash Cond: (mi.movie_id = t.id)
  ->  Seq Scan on movie_info mi  (cost=0.00..309384.22 rows=14739122 width=4) (actual time=0.016..6035.657 rows=14835720 loops=1)
  ->  Hash  (cost=883939.76..883939.76 rows=2242116 width=8) (actual time=17405.950..17405.950 rows=2278226 loops=1)
        Buckets: 131072  Batches: 32  Memory Usage: 3792kB
        ->  Hash Join  (cost=91901.05..883939.76 rows=2242116 width=8) (actual time=2788.475..16708.525 rows=2278226 loops=1)
              Hash Cond: (ci.movie_id = t.id)
              ->  Seq Scan on cast_info ci  (cost=0.00..705507.15 rows=5174506 width=4) (actual time=983.812..11228.606 rows=5074582 loops=1)
                    Filter: (person_id < 490636)
                    Rows Removed by Filter: 31169762
              ->  Hash  (cost=73925.90..73925.90 rows=1095612 width=4) (actual time=1800.193..1800.193 rows=1189548 loops=1)
                    Buckets: 131072  Batches: 16  Memory Usage: 3647kB
                    ->  Seq Scan on title t  (cost=0.00..73925.90 rows=1095612 width=4) (actual time=0.030..1419.723 rows=1189548 loops=1)
                          Filter: ((production_year > 1988) AND (kind_id = 7))
                          Rows Removed by Filter: 1338764
Planning time: 1.200 ms
Execution time: 34564.135 ms
