Hash Join  (cost=146960.28..888323.42 rows=109880 width=0) (actual time=9342.431..15898.234 rows=254258 loops=1)
  Hash Cond: (ci.movie_id = t.id)
  ->  Seq Scan on cast_info ci  (cost=0.00..705507.15 rows=2974449 width=4) (actual time=6334.044..11503.138 rows=3044742 loops=1)
        Filter: (person_id > 3498942)
        Rows Removed by Filter: 33199602
  ->  Hash  (cost=145427.69..145427.69 rows=93407 width=8) (actual time=3007.135..3007.135 rows=194257 loops=1)
        Buckets: 131072 (originally 131072)  Batches: 4 (originally 2)  Memory Usage: 3073kB
        ->  Hash Join  (cost=69090.10..145427.69 rows=93407 width=8) (actual time=1339.945..2937.755 rows=194257 loops=1)
              Hash Cond: (mc.movie_id = t.id)
              ->  Seq Scan on movie_companies mc  (cost=0.00..44881.29 rows=2609129 width=4) (actual time=0.026..858.484 rows=2609129 loops=1)
              ->  Hash  (cost=67604.59..67604.59 rows=90521 width=4) (actual time=1101.683..1101.683 rows=90852 loops=1)
                    Buckets: 131072  Batches: 2  Memory Usage: 2626kB
                    ->  Seq Scan on title t  (cost=0.00..67604.59 rows=90521 width=4) (actual time=75.365..1067.779 rows=90852 loops=1)
                          Filter: (kind_id = 2)
                          Rows Removed by Filter: 2437460
Planning time: 1.190 ms
Execution time: 15932.499 ms
