Hash Join  (cost=100216.43..698114.75 rows=9340849 width=0) (actual time=2112.070..17802.923 rows=6012776 loops=1)
  Hash Cond: (mi.movie_id = t.id)
  ->  Seq Scan on movie_info mi  (cost=0.00..309384.22 rows=14739122 width=4) (actual time=0.013..5957.845 rows=14835720 loops=1)
  ->  Hash  (cost=73925.90..73925.90 rows=1602442 width=4) (actual time=2110.892..2110.892 rows=1717159 loops=1)
        Buckets: 131072  Batches: 32  Memory Usage: 2921kB
        ->  Seq Scan on title t  (cost=0.00..73925.90 rows=1602442 width=4) (actual time=0.028..1539.142 rows=1717159 loops=1)
              Filter: ((kind_id > 1) AND (production_year > 1963))
              Rows Removed by Filter: 811153
Planning time: 2.643 ms
Execution time: 18519.161 ms
