Hash Join  (cost=195723.15..615850.80 rows=348807 width=0) (actual time=5469.318..12835.841 rows=1285242 loops=1)
  Hash Cond: (mi.movie_id = t.id)
  ->  Seq Scan on movie_info mi  (cost=0.00..346232.03 rows=5445713 width=4) (actual time=1506.965..6132.490 rows=5410520 loops=1)
        Filter: (info_type_id < 6)
        Rows Removed by Filter: 9425200
  ->  Hash  (cost=193065.70..193065.70 rows=161956 width=8) (actual time=3961.296..3961.296 rows=183129 loops=1)
        Buckets: 131072  Batches: 4  Memory Usage: 2840kB
        ->  Hash Join  (cost=69090.10..193065.70 rows=161956 width=8) (actual time=1627.423..3904.117 rows=183129 loops=1)
              Hash Cond: (mk.movie_id = t.id)
              ->  Seq Scan on movie_keyword mk  (cost=0.00..69693.30 rows=4523930 width=4) (actual time=0.038..1484.640 rows=4523930 loops=1)
              ->  Hash  (cost=67604.59..67604.59 rows=90521 width=4) (actual time=1037.413..1037.413 rows=90852 loops=1)
                    Buckets: 131072  Batches: 2  Memory Usage: 2632kB
                    ->  Seq Scan on title t  (cost=0.00..67604.59 rows=90521 width=4) (actual time=0.023..1002.063 rows=90852 loops=1)
                          Filter: (kind_id = 2)
                          Rows Removed by Filter: 2437460
Planning time: 1.156 ms
Execution time: 12963.892 ms
