Hash Join  (cost=103631.51..913374.97 rows=26683 width=0) (actual time=7538.041..15336.398 rows=57408 loops=1)
  Hash Cond: (ci.movie_id = t.id)
  ->  Seq Scan on cast_info ci  (cost=0.00..796071.18 rows=3574789 width=4) (actual time=5559.397..12231.191 rows=7184807 loops=1)
        Filter: ((person_id < 982750) AND (role_id = 1))
        Rows Removed by Filter: 29059537
  ->  Hash  (cost=103395.60..103395.60 rows=18873 width=8) (actual time=1977.258..1977.258 rows=10080 loops=1)
        Buckets: 32768  Batches: 1  Memory Usage: 650kB
        ->  Hash Join  (cost=74574.97..103395.60 rows=18873 width=8) (actual time=1637.623..1973.287 rows=10080 loops=1)
              Hash Cond: (mi_idx.movie_id = t.id)
              ->  Seq Scan on movie_info_idx mi_idx  (cost=0.00..25185.44 rows=919057 width=4) (actual time=0.029..513.372 rows=920110 loops=1)
                    Filter: (info_type_id > 99)
                    Rows Removed by Filter: 459925
              ->  Hash  (cost=73925.90..73925.90 rows=51925 width=4) (actual time=1237.722..1237.722 rows=56480 loops=1)
                    Buckets: 65536  Batches: 1  Memory Usage: 2498kB
                    ->  Seq Scan on title t  (cost=0.00..73925.90 rows=51925 width=4) (actual time=0.033..1215.365 rows=56480 loops=1)
                          Filter: ((kind_id = 7) AND (production_year = 2004))
                          Rows Removed by Filter: 2471832
Planning time: 2.135 ms
Execution time: 15344.215 ms
