Hash Join  (cost=129926.62..215990.74 rows=19784 width=0) (actual time=2347.766..4035.610 rows=409357 loops=1)
  Hash Cond: (mk.movie_id = t.id)
  ->  Seq Scan on movie_keyword mk  (cost=0.00..81003.12 rows=1296843 width=4) (actual time=0.016..1338.440 rows=1311523 loops=1)
        Filter: (keyword_id > 13395)
        Rows Removed by Filter: 3212407
  ->  Hash  (cost=129444.44..129444.44 rows=38574 width=8) (actual time=2347.221..2347.221 rows=48213 loops=1)
        Buckets: 65536  Batches: 1  Memory Usage: 2396kB
        ->  Hash Join  (cost=74393.18..129444.44 rows=38574 width=8) (actual time=1037.891..2329.899 rows=48213 loops=1)
              Hash Cond: (mc.movie_id = t.id)
              ->  Seq Scan on movie_companies mc  (cost=0.00..44881.29 rows=2609129 width=4) (actual time=0.024..614.816 rows=2609129 loops=1)
              ->  Hash  (cost=73925.90..73925.90 rows=37382 width=4) (actual time=1037.513..1037.513 rows=33190 loops=1)
                    Buckets: 65536  Batches: 1  Memory Usage: 1679kB
                    ->  Seq Scan on title t  (cost=0.00..73925.90 rows=37382 width=4) (actual time=420.090..1023.749 rows=33190 loops=1)
                          Filter: ((kind_id = 1) AND (production_year = 2010))
                          Rows Removed by Filter: 2495122
Planning time: 1.198 ms
Execution time: 4085.750 ms
