Seq Scan on cast_info ci  (cost=0.00..796071.18 rows=24 width=0) (actual time=668.361..11012.396 rows=1 loops=1)
  Filter: ((person_id = 2759292) AND (role_id = 8))
  Rows Removed by Filter: 36244343
Planning time: 0.434 ms
Execution time: 11012.510 ms
