Seq Scan on movie_keyword mk  (cost=0.00..81003.12 rows=3946749 width=0) (actual time=0.019..1601.810 rows=3949038 loops=1)
  Filter: (keyword_id < 31938)
  Rows Removed by Filter: 574892
Planning time: 0.334 ms
Execution time: 2090.807 ms
