Hash Join  (cost=102205.59..731608.52 rows=12293410 width=0) (actual time=2352.437..19425.851 rows=11399509 loops=1)
  Hash Cond: (mi.movie_id = t.id)
  ->  Seq Scan on movie_info mi  (cost=0.00..309384.22 rows=14739122 width=4) (actual time=0.010..6094.679 rows=14835720 loops=1)
  ->  Hash  (cost=67604.59..67604.59 rows=2108960 width=4) (actual time=2351.010..2351.010 rows=2104137 loops=1)
        Buckets: 131072  Batches: 32  Memory Usage: 3350kB
        ->  Seq Scan on title t  (cost=0.00..67604.59 rows=2108960 width=4) (actual time=0.019..1355.529 rows=2104137 loops=1)
              Filter: (production_year > 1968)
              Rows Removed by Filter: 424175
Planning time: 0.761 ms
Execution time: 20680.904 ms
