Hash Join  (cost=136662.72..1229114.04 rows=4248499 width=0) (actual time=3645.507..36599.158 rows=8438603 loops=1)
  Hash Cond: (ci.movie_id = t.id)
  ->  Seq Scan on cast_info ci  (cost=0.00..796071.18 rows=21791784 width=4) (actual time=0.017..18058.784 rows=22839164 loops=1)
        Filter: ((person_id > 249688) AND (role_id > 1))
        Rows Removed by Filter: 13405180
  ->  Hash  (cost=128574.75..128574.75 rows=492958 width=8) (actual time=3644.721..3644.721 rows=369173 loops=1)
        Buckets: 131072  Batches: 8  Memory Usage: 2811kB
        ->  Hash Join  (cost=82423.69..128574.75 rows=492958 width=8) (actual time=2143.967..3530.730 rows=369173 loops=1)
              Hash Cond: (mi_idx.movie_id = t.id)
              ->  Seq Scan on movie_info_idx mi_idx  (cost=0.00..21735.35 rows=1380035 width=4) (actual time=0.016..490.284 rows=1380035 loops=1)
              ->  Hash  (cost=67604.59..67604.59 rows=903208 width=4) (actual time=2142.914..2142.914 rows=904491 loops=1)
                    Buckets: 131072  Batches: 16  Memory Usage: 3010kB
                    ->  Seq Scan on title t  (cost=0.00..67604.59 rows=903208 width=4) (actual time=0.031..1192.259 rows=904491 loops=1)
                          Filter: (production_year > 2006)
                          Rows Removed by Filter: 1623821
Planning time: 1.209 ms
Execution time: 37586.519 ms
