Hash Join  (cost=69687.24..200314.50 rows=204414 width=0) (actual time=1238.483..4237.516 rows=181584 loops=1)
  Hash Cond: (mk.movie_id = t.id)
  ->  Seq Scan on movie_keyword mk  (cost=0.00..81003.12 rows=4071999 width=4) (actual time=0.014..1798.767 rows=4058790 loops=1)
        Filter: (keyword_id > 353)
        Rows Removed by Filter: 465140
  ->  Hash  (cost=67604.59..67604.59 rows=126932 width=4) (actual time=1236.814..1236.814 rows=122861 loops=1)
        Buckets: 131072  Batches: 2  Memory Usage: 3197kB
        ->  Seq Scan on title t  (cost=0.00..67604.59 rows=126932 width=4) (actual time=0.020..1189.058 rows=122861 loops=1)
              Filter: (production_year = 2008)
              Rows Removed by Filter: 2405451
Planning time: 0.774 ms
Execution time: 4258.615 ms
