Hash Join  (cost=76915.85..496298.71 rows=425025 width=0) (actual time=1309.876..10928.055 rows=1548622 loops=1)
  Hash Cond: (mi.movie_id = t.id)
  ->  Seq Scan on movie_info mi  (cost=0.00..346232.03 rows=5897221 width=4) (actual time=0.014..6393.334 rows=5884963 loops=1)
        Filter: (info_type_id < 7)
        Rows Removed by Filter: 8950757
  ->  Hash  (cost=73925.90..73925.90 rows=182236 width=4) (actual time=1309.061..1309.061 rows=315565 loops=1)
        Buckets: 131072  Batches: 4  Memory Usage: 3805kB
        ->  Seq Scan on title t  (cost=0.00..73925.90 rows=182236 width=4) (actual time=0.012..1207.826 rows=315565 loops=1)
              Filter: ((production_year < 1990) AND (kind_id = 1))
              Rows Removed by Filter: 2212747
Planning time: 0.801 ms
Execution time: 11117.092 ms
