Hash Join  (cost=160537.39..289187.02 rows=545560 width=0) (actual time=3342.846..7989.619 rows=4477970 loops=1)
  Hash Cond: (mk.movie_id = t.id)
  ->  Seq Scan on movie_keyword mk  (cost=0.00..69693.30 rows=4523930 width=4) (actual time=0.022..1481.135 rows=4523930 loops=1)
  ->  Hash  (cost=155533.81..155533.81 rows=304926 width=8) (actual time=3341.838..3341.838 rows=465426 loops=1)
        Buckets: 131072 (originally 131072)  Batches: 8 (originally 4)  Memory Usage: 3311kB
        ->  Hash Join  (cost=83440.39..155533.81 rows=304926 width=8) (actual time=1770.649..3205.647 rows=465426 loops=1)
              Hash Cond: (mc.movie_id = t.id)
              ->  Seq Scan on movie_companies mc  (cost=0.00..51404.11 rows=1329612 width=4) (actual time=478.363..1087.422 rows=1334883 loops=1)
                    Filter: (company_type_id = 2)
                    Rows Removed by Filter: 1274246
              ->  Hash  (cost=73925.90..73925.90 rows=579879 width=4) (actual time=1291.396..1291.396 rows=492958 loops=1)
                    Buckets: 131072  Batches: 8  Memory Usage: 3188kB
                    ->  Seq Scan on title t  (cost=0.00..73925.90 rows=579879 width=4) (actual time=0.026..1139.362 rows=492958 loops=1)
                          Filter: ((kind_id < 7) AND (production_year > 1998))
                          Rows Removed by Filter: 2035354
Planning time: 1.147 ms
Execution time: 8498.187 ms
