Hash Join  (cost=75721.74..106782.67 rows=19653 width=0) (actual time=1323.660..1945.808 rows=32 loops=1)
  Hash Cond: (mi_idx.movie_id = t.id)
  ->  Seq Scan on movie_info_idx mi_idx  (cost=0.00..25185.44 rows=454124 width=4) (actual time=0.030..505.429 rows=459925 loops=1)
        Filter: (info_type_id = 100)
        Rows Removed by Filter: 920110
  ->  Hash  (cost=73925.90..73925.90 rows=109427 width=4) (actual time=1275.922..1275.922 rows=376 loops=1)
        Buckets: 131072  Batches: 2  Memory Usage: 1032kB
        ->  Seq Scan on title t  (cost=0.00..73925.90 rows=109427 width=4) (actual time=0.491..1275.476 rows=376 loops=1)
              Filter: ((kind_id > 1) AND (production_year < 1945))
              Rows Removed by Filter: 2527936
Planning time: 0.829 ms
Execution time: 1945.919 ms
