Hash Join  (cost=709675.69..798342.43 rows=164 width=0) (actual time=11074.223..12686.452 rows=12 loops=1)
  Hash Cond: (mk.movie_id = t.id)
  ->  Seq Scan on movie_keyword mk  (cost=0.00..81003.12 rows=2043195 width=4) (actual time=0.014..1478.084 rows=2051093 loops=1)
        Filter: (keyword_id < 3660)
        Rows Removed by Filter: 2472837
  ->  Hash  (cost=709673.15..709673.15 rows=203 width=8) (actual time=10934.244..10934.244 rows=41 loops=1)
        Buckets: 1024  Batches: 1  Memory Usage: 10kB
        ->  Nested Loop  (cost=0.43..709673.15 rows=203 width=8) (actual time=1097.466..10934.217 rows=41 loops=1)
              ->  Seq Scan on cast_info ci  (cost=0.00..705507.15 rows=500 width=4) (actual time=1097.400..10928.317 rows=50 loops=1)
                    Filter: (person_id = 2444049)
                    Rows Removed by Filter: 36244294
              ->  Index Scan using title_pkey on title t  (cost=0.43..8.32 rows=1 width=4) (actual time=0.115..0.115 rows=1 loops=50)
                    Index Cond: (id = ci.movie_id)
                    Filter: (production_year < 2000)
                    Rows Removed by Filter: 0
Planning time: 1.260 ms
Execution time: 12686.587 ms
