Hash Join  (cost=65695.08..416950.78 rows=500 width=0) (actual time=5151.708..6776.473 rows=245 loops=1)
  Hash Cond: (mi.movie_id = t.id)
  ->  Seq Scan on movie_info mi  (cost=0.00..346232.03 rows=1338312 width=4) (actual time=4284.943..5700.584 rows=1401902 loops=1)
        Filter: (info_type_id = 7)
        Rows Removed by Filter: 13433818
  ->  Hash  (cost=65683.27..65683.27 rows=945 width=8) (actual time=860.646..860.646 rows=743 loops=1)
        Buckets: 1024  Batches: 1  Memory Usage: 38kB
        ->  Nested Loop  (cost=0.43..65683.27 rows=945 width=8) (actual time=402.967..860.233 rows=743 loops=1)
              ->  Seq Scan on movie_companies mc  (cost=0.00..57926.93 rows=945 width=4) (actual time=401.905..835.748 rows=743 loops=1)
                    Filter: ((company_id < 6) AND (company_type_id > 1))
                    Rows Removed by Filter: 2608386
              ->  Index Only Scan using title_pkey on title t  (cost=0.43..8.20 rows=1 width=4) (actual time=0.032..0.032 rows=1 loops=743)
                    Index Cond: (id = mc.movie_id)
                    Heap Fetches: 743
Planning time: 1.256 ms
Execution time: 6776.629 ms
