Seq Scan on movie_companies mc  (cost=0.00..57926.93 rows=53 width=0) (actual time=429.791..825.299 rows=40 loops=1)
  Filter: ((company_id = 4610) AND (company_type_id = 2))
  Rows Removed by Filter: 2609089
Planning time: 0.403 ms
Execution time: 825.410 ms
