Hash Join  (cost=78931.38..207583.74 rows=545832 width=0) (actual time=1603.561..4394.542 rows=104541 loops=1)
  Hash Cond: (mk.movie_id = t.id)
  ->  Seq Scan on movie_keyword mk  (cost=0.00..69693.30 rows=4523930 width=4) (actual time=0.029..1473.120 rows=4523930 loops=1)
  ->  Hash  (cost=73925.90..73925.90 rows=305078 width=4) (actual time=1226.561..1226.561 rows=193383 loops=1)
        Buckets: 131072  Batches: 4  Memory Usage: 2724kB
        ->  Seq Scan on title t  (cost=0.00..73925.90 rows=305078 width=4) (actual time=137.955..1159.259 rows=193383 loops=1)
              Filter: ((production_year < 1979) AND (kind_id = 7))
              Rows Removed by Filter: 2334929
Planning time: 0.771 ms
Execution time: 4407.580 ms
