Hash Join  (cost=79422.14..117762.61 rows=121757 width=0) (actual time=1367.880..2343.195 rows=54918 loops=1)
  Hash Cond: (mi_idx.movie_id = t.id)
  ->  Seq Scan on movie_info_idx mi_idx  (cost=0.00..25185.44 rows=919057 width=4) (actual time=0.029..570.491 rows=920110 loops=1)
        Filter: (info_type_id > 99)
        Rows Removed by Filter: 459925
  ->  Hash  (cost=73925.90..73925.90 rows=334979 width=4) (actual time=1366.736..1366.736 rows=198988 loops=1)
        Buckets: 131072  Batches: 8  Memory Usage: 1894kB
        ->  Seq Scan on title t  (cost=0.00..73925.90 rows=334979 width=4) (actual time=0.029..1300.154 rows=198988 loops=1)
              Filter: ((kind_id > 1) AND (production_year < 1976))
              Rows Removed by Filter: 2329324
Planning time: 0.775 ms
Execution time: 2349.905 ms
