Hash Join  (cost=103781.64..163932.21 rows=37324 width=0) (actual time=1972.709..3091.987 rows=53839 loops=1)
  Hash Cond: (mc.movie_id = t.id)
  ->  Seq Scan on movie_companies mc  (cost=0.00..51404.11 rows=2232858 width=4) (actual time=0.029..735.643 rows=2232693 loops=1)
        Filter: (company_id > 222)
        Rows Removed by Filter: 376436
  ->  Hash  (cost=103253.31..103253.31 rows=42266 width=8) (actual time=1972.222..1972.222 rows=23155 loops=1)
        Buckets: 65536  Batches: 1  Memory Usage: 1417kB
        ->  Hash Join  (cost=71408.55..103253.31 rows=42266 width=8) (actual time=1229.929..1964.168 rows=23155 loops=1)
              Hash Cond: (mi_idx.movie_id = t.id)
              ->  Seq Scan on movie_info_idx mi_idx  (cost=0.00..25185.44 rows=460978 width=4) (actual time=0.026..513.344 rows=459925 loops=1)
                    Filter: (info_type_id = 99)
                    Rows Removed by Filter: 920110
              ->  Hash  (cost=67604.59..67604.59 rows=231837 width=4) (actual time=1229.030..1229.030 rows=231649 loops=1)
                    Buckets: 131072  Batches: 4  Memory Usage: 3076kB
                    ->  Seq Scan on title t  (cost=0.00..67604.59 rows=231837 width=4) (actual time=0.015..1152.131 rows=231649 loops=1)
                          Filter: (production_year > 2011)
                          Rows Removed by Filter: 2296663
Planning time: 1.189 ms
Execution time: 3099.129 ms
