Hash Join  (cost=96390.27..461203.76 rows=15757 width=0) (actual time=1841.053..8747.764 rows=157401 loops=1)
  Hash Cond: (mi.movie_id = t.id)
  ->  Seq Scan on movie_info mi  (cost=0.00..309384.22 rows=14739122 width=4) (actual time=0.023..3933.181 rows=14835720 loops=1)
  ->  Hash  (cost=96356.48..96356.48 rows=2703 width=8) (actual time=1840.818..1840.818 rows=10133 loops=1)
        Buckets: 16384 (originally 4096)  Batches: 1 (originally 1)  Memory Usage: 524kB
        ->  Hash Join  (cost=67697.55..96356.48 rows=2703 width=8) (actual time=1205.237..1836.726 rows=10133 loops=1)
              Hash Cond: (mi_idx.movie_id = t.id)
              ->  Seq Scan on movie_info_idx mi_idx  (cost=0.00..25185.44 rows=919057 width=4) (actual time=0.016..448.859 rows=920110 loops=1)
                    Filter: (info_type_id > 99)
                    Rows Removed by Filter: 459925
              ->  Hash  (cost=67604.59..67604.59 rows=7437 width=4) (actual time=1205.036..1205.036 rows=19861 loops=1)
                    Buckets: 32768 (originally 8192)  Batches: 1 (originally 1)  Memory Usage: 955kB
                    ->  Seq Scan on title t  (cost=0.00..67604.59 rows=7437 width=4) (actual time=0.034..1193.890 rows=19861 loops=1)
                          Filter: (production_year = 1988)
                          Rows Removed by Filter: 2508451
Planning time: 3.581 ms
Execution time: 8769.002 ms
