Hash Join  (cost=103750.56..195366.64 rows=23179 width=0) (actual time=3370.260..3999.052 rows=19416 loops=1)
  Hash Cond: (mk.movie_id = t.id)
  ->  Seq Scan on movie_keyword mk  (cost=0.00..81003.12 rows=2768313 width=4) (actual time=0.016..1496.797 rows=2765423 loops=1)
        Filter: (keyword_id < 7880)
        Rows Removed by Filter: 1758507
  ->  Hash  (cost=103485.92..103485.92 rows=21171 width=8) (actual time=2058.583..2058.583 rows=12140 loops=1)
        Buckets: 32768  Batches: 1  Memory Usage: 731kB
        ->  Hash Join  (cost=74657.14..103485.92 rows=21171 width=8) (actual time=1500.425..2053.855 rows=12140 loops=1)
              Hash Cond: (mi_idx.movie_id = t.id)
              ->  Seq Scan on movie_info_idx mi_idx  (cost=0.00..25185.44 rows=915101 width=4) (actual time=0.017..480.205 rows=919850 loops=1)
                    Filter: (info_type_id < 101)
                    Rows Removed by Filter: 460185
              ->  Hash  (cost=73925.90..73925.90 rows=58499 width=4) (actual time=1327.874..1327.874 rows=62752 loops=1)
                    Buckets: 65536  Batches: 1  Memory Usage: 2719kB
                    ->  Seq Scan on title t  (cost=0.00..73925.90 rows=58499 width=4) (actual time=0.019..1302.103 rows=62752 loops=1)
                          Filter: ((kind_id = 7) AND (production_year = 2005))
                          Rows Removed by Filter: 2465560
Planning time: 0.767 ms
Execution time: 4001.743 ms
