Seq Scan on cast_info ci  (cost=0.00..796071.18 rows=179912 width=0) (actual time=2315.879..13161.905 rows=453758 loops=1)
  Filter: ((person_id > 2796977) AND (role_id = 6))
  Rows Removed by Filter: 35790586
Planning time: 0.309 ms
Execution time: 13219.265 ms
