Hash Join  (cost=190230.21..1202898.36 rows=6772637 width=0) (actual time=8115.593..32604.475 rows=13766050 loops=1)
  Hash Cond: (ci.movie_id = t.id)
  ->  Seq Scan on cast_info ci  (cost=0.00..796071.18 rows=12408958 width=4) (actual time=3756.876..15869.857 rows=12096973 loops=1)
        Filter: ((person_id > 82326) AND (role_id = 1))
        Rows Removed by Filter: 24147371
  ->  Hash  (cost=167588.78..167588.78 rows=1380035 width=8) (actual time=4357.413..4357.413 rows=1380035 loops=1)
        Buckets: 131072  Batches: 32  Memory Usage: 2708kB
        ->  Hash Join  (cost=102767.86..167588.78 rows=1380035 width=8) (actual time=1815.907..3984.663 rows=1380035 loops=1)
              Hash Cond: (mi_idx.movie_id = t.id)
              ->  Seq Scan on movie_info_idx mi_idx  (cost=0.00..21735.35 rows=1380035 width=4) (actual time=0.032..427.672 rows=1380035 loops=1)
              ->  Hash  (cost=61283.27..61283.27 rows=2528527 width=4) (actual time=1814.172..1814.172 rows=2528312 loops=1)
                    Buckets: 131072  Batches: 64  Memory Usage: 2415kB
                    ->  Seq Scan on title t  (cost=0.00..61283.27 rows=2528527 width=4) (actual time=0.019..1008.897 rows=2528312 loops=1)
Planning time: 3.674 ms
Execution time: 34194.992 ms
