Seq Scan on cast_info ci  (cost=0.00..796071.18 rows=2428639 width=0) (actual time=125.004..11316.314 rows=1479552 loops=1)
  Filter: ((person_id < 516125) AND (role_id > 2))
  Rows Removed by Filter: 34764792
Planning time: 0.347 ms
Execution time: 11500.391 ms
