Hash Join  (cost=83074.74..895013.11 rows=412 width=0) (actual time=2886.115..15457.890 rows=188 loops=1)
  Hash Cond: (ci.movie_id = t.id)
  ->  Seq Scan on cast_info ci  (cost=0.00..796071.18 rows=4230151 width=4) (actual time=1610.462..13797.778 rows=2881113 loops=1)
        Filter: ((person_id < 2103523) AND (role_id = 2))
        Rows Removed by Filter: 33363231
  ->  Hash  (cost=83071.67..83071.67 rows=246 width=8) (actual time=1258.418..1258.418 rows=128 loops=1)
        Buckets: 1024  Batches: 1  Memory Usage: 13kB
        ->  Nested Loop  (cost=0.43..83071.67 rows=246 width=8) (actual time=2.040..1258.253 rows=128 loops=1)
              ->  Seq Scan on movie_keyword mk  (cost=0.00..81003.12 rows=246 width=4) (actual time=1.931..1249.007 rows=128 loops=1)
                    Filter: (keyword_id = 11837)
                    Rows Removed by Filter: 4523802
              ->  Index Only Scan using title_pkey on title t  (cost=0.43..8.40 rows=1 width=4) (actual time=0.067..0.068 rows=1 loops=128)
                    Index Cond: (id = mk.movie_id)
                    Heap Fetches: 128
Planning time: 1.339 ms
Execution time: 15458.132 ms
