Hash Join  (cost=96729.52..196557.20 rows=420840 width=0) (actual time=2288.463..4408.356 rows=372170 loops=1)
  Hash Cond: (mk.movie_id = t.id)
  ->  Seq Scan on movie_keyword mk  (cost=0.00..81003.12 rows=599430 width=4) (actual time=0.015..1410.425 rows=603050 loops=1)
        Filter: (keyword_id < 449)
        Rows Removed by Filter: 3920880
  ->  Hash  (cost=67604.59..67604.59 rows=1775195 width=4) (actual time=2287.587..2287.587 rows=1772072 loops=1)
        Buckets: 131072  Batches: 32  Memory Usage: 2984kB
        ->  Seq Scan on title t  (cost=0.00..67604.59 rows=1775195 width=4) (actual time=0.032..1451.169 rows=1772072 loops=1)
              Filter: (production_year > 1989)
              Rows Removed by Filter: 756240
Planning time: 0.733 ms
Execution time: 4453.081 ms
