Seq Scan on cast_info ci  (cost=0.00..796071.18 rows=90601 width=0) (actual time=7245.594..11167.406 rows=227736 loops=1)
  Filter: ((person_id > 2766935) AND (role_id > 10))
  Rows Removed by Filter: 36016608
Planning time: 0.382 ms
Execution time: 11196.377 ms
