Seq Scan on movie_keyword mk  (cost=0.00..81003.12 rows=2270982 width=0) (actual time=0.024..1452.516 rows=2271182 loops=1)
  Filter: (keyword_id < 4777)
  Rows Removed by Filter: 2252748
Planning time: 0.325 ms
Execution time: 1733.648 ms
