Seq Scan on cast_info ci  (cost=0.00..705507.15 rows=9366035 width=0) (actual time=3906.983..11795.925 rows=9352437 loops=1)
  Filter: (person_id > 2767420)
  Rows Removed by Filter: 26891907
Planning time: 0.344 ms
Execution time: 12947.132 ms
