Hash Join  (cost=163467.27..1223696.58 rows=2572414 width=0) (actual time=3955.294..36877.098 rows=5424686 loops=1)
  Hash Cond: (ci.movie_id = t.id)
  ->  Seq Scan on cast_info ci  (cost=0.00..614943.12 rows=36225612 width=4) (actual time=0.014..13112.932 rows=36244344 loops=1)
  ->  Hash  (cost=160520.86..160520.86 rows=179553 width=8) (actual time=3954.486..3954.486 rows=215583 loops=1)
        Buckets: 131072  Batches: 4  Memory Usage: 3136kB
        ->  Hash Join  (cost=97066.09..160520.86 rows=179553 width=8) (actual time=1930.373..3900.113 rows=215583 loops=1)
              Hash Cond: (mc.movie_id = t.id)
              ->  Seq Scan on movie_companies mc  (cost=0.00..51404.11 rows=252826 width=4) (actual time=0.028..893.255 rows=248921 loops=1)
                    Filter: (company_id < 119)
                    Rows Removed by Filter: 2360208
              ->  Hash  (cost=67604.59..67604.59 rows=1795720 width=4) (actual time=1929.191..1929.191 rows=1794153 loops=1)
                    Buckets: 131072  Batches: 32  Memory Usage: 2992kB
                    ->  Seq Scan on title t  (cost=0.00..67604.59 rows=1795720 width=4) (actual time=0.029..1363.578 rows=1794153 loops=1)
                          Filter: (production_year < 2009)
                          Rows Removed by Filter: 734159
Planning time: 1.176 ms
Execution time: 37539.560 ms
