Seq Scan on cast_info ci  (cost=0.00..705507.15 rows=500 width=0) (actual time=9563.584..11297.357 rows=23 loops=1)
  Filter: (person_id = 3984926)
  Rows Removed by Filter: 36244321
Planning time: 0.290 ms
Execution time: 11297.445 ms
