Hash Join  (cost=94574.69..184625.47 rows=1015032 width=0) (actual time=1788.807..4187.265 rows=474688 loops=1)
  Hash Cond: (mc.movie_id = t.id)
  ->  Seq Scan on movie_companies mc  (cost=0.00..51404.11 rows=2039291 width=4) (actual time=0.027..1096.076 rows=2035974 loops=1)
        Filter: (company_id < 71243)
        Rows Removed by Filter: 573155
  ->  Hash  (cost=73925.90..73925.90 rows=1258543 width=4) (actual time=1745.827..1745.827 rows=1221534 loops=1)
        Buckets: 131072  Batches: 32  Memory Usage: 2363kB
        ->  Seq Scan on title t  (cost=0.00..73925.90 rows=1258543 width=4) (actual time=0.012..1343.570 rows=1221534 loops=1)
              Filter: ((production_year < 2011) AND (kind_id = 7))
              Rows Removed by Filter: 1306778
Planning time: 0.786 ms
Execution time: 4246.663 ms
