Hash Join  (cost=156285.35..1016875.84 rows=654558 width=0) (actual time=3465.891..19258.917 rows=2795363 loops=1)
  Hash Cond: (ci.movie_id = t.id)
  ->  Seq Scan on cast_info ci  (cost=0.00..796071.18 rows=4899662 width=4) (actual time=0.017..13113.517 rows=3037206 loops=1)
        Filter: ((person_id < 1066171) AND (role_id > 2))
        Rows Removed by Filter: 33207138
  ->  Hash  (cost=150742.95..150742.95 rows=337792 width=8) (actual time=3464.801..3464.801 rows=667070 loops=1)
        Buckets: 131072 (originally 131072)  Batches: 16 (originally 8)  Memory Usage: 3073kB
        ->  Hash Join  (cost=78556.72..150742.95 rows=337792 width=8) (actual time=1264.056..3263.747 rows=667070 loops=1)
              Hash Cond: (mc.movie_id = t.id)
              ->  Seq Scan on movie_companies mc  (cost=0.00..51404.11 rows=1279517 width=4) (actual time=0.025..1048.222 rows=1274246 loops=1)
                    Filter: (company_type_id < 2)
                    Rows Removed by Filter: 1334883
              ->  Hash  (cost=67604.59..67604.59 rows=667531 width=4) (actual time=1263.159..1263.159 rows=662825 loops=1)
                    Buckets: 131072  Batches: 16  Memory Usage: 2476kB
                    ->  Seq Scan on title t  (cost=0.00..67604.59 rows=667531 width=4) (actual time=0.023..1041.425 rows=662825 loops=1)
                          Filter: (kind_id < 2)
                          Rows Removed by Filter: 1865487
Planning time: 1.156 ms
Execution time: 19598.220 ms
