Seq Scan on movie_companies mc  (cost=0.00..51404.11 rows=86239 width=0) (actual time=226.854..808.433 rows=86256 loops=1)
  Filter: (company_id > 166012)
  Rows Removed by Filter: 2522873
Planning time: 0.335 ms
Execution time: 819.446 ms
