Hash Join  (cost=73962.22..100855.84 rows=522 width=0) (actual time=1095.345..1665.827 rows=1569 loops=1)
  Hash Cond: (mi_idx.movie_id = t.id)
  ->  Seq Scan on movie_info_idx mi_idx  (cost=0.00..25185.44 rows=454124 width=4) (actual time=0.024..483.262 rows=459925 loops=1)
        Filter: (info_type_id = 100)
        Rows Removed by Filter: 920110
  ->  Hash  (cost=73925.90..73925.90 rows=2905 width=4) (actual time=1095.164..1095.164 rows=4390 loops=1)
        Buckets: 8192 (originally 4096)  Batches: 1 (originally 1)  Memory Usage: 219kB
        ->  Seq Scan on title t  (cost=0.00..73925.90 rows=2905 width=4) (actual time=6.727..1092.926 rows=4390 loops=1)
              Filter: ((kind_id < 7) AND (production_year = 1962))
              Rows Removed by Filter: 2523922
Planning time: 0.734 ms
Execution time: 1666.351 ms
