Hash Join  (cost=605537.65..2308577.47 rows=47542998 width=0) (actual time=11705.804..63306.707 rows=59218813 loops=1)
  Hash Cond: (ci.movie_id = t.id)
  ->  Seq Scan on cast_info ci  (cost=0.00..705507.15 rows=33171959 width=4) (actual time=0.030..16469.619 rows=33273570 loops=1)
        Filter: (person_id > 288989)
        Rows Removed by Filter: 2970774
  ->  Hash  (cost=546081.18..546081.18 rows=3623957 width=8) (actual time=11704.386..11704.386 rows=3624977 loops=1)
        Buckets: 131072  Batches: 64  Memory Usage: 3234kB
        ->  Hash Join  (cost=102767.86..546081.18 rows=3623957 width=8) (actual time=4478.680..10710.493 rows=3624977 loops=1)
              Hash Cond: (mi.movie_id = t.id)
              ->  Seq Scan on movie_info mi  (cost=0.00..346232.03 rows=3623957 width=4) (actual time=2629.915..5416.683 rows=3624977 loops=1)
                    Filter: (info_type_id < 4)
                    Rows Removed by Filter: 11210743
              ->  Hash  (cost=61283.27..61283.27 rows=2528527 width=4) (actual time=1847.513..1847.513 rows=2528312 loops=1)
                    Buckets: 131072  Batches: 64  Memory Usage: 2425kB
                    ->  Seq Scan on title t  (cost=0.00..61283.27 rows=2528527 width=4) (actual time=0.020..1006.925 rows=2528312 loops=1)
Planning time: 1.216 ms
Execution time: 70087.773 ms
