Seq Scan on cast_info ci  (cost=0.00..705507.15 rows=500 width=0) (actual time=795.310..10382.815 rows=20 loops=1)
  Filter: (person_id = 3070485)
  Rows Removed by Filter: 36244324
Planning time: 0.393 ms
Execution time: 10382.938 ms
