Hash Join  (cost=89253.38..485948.98 rows=1133585 width=0) (actual time=5779.818..9084.885 rows=1371079 loops=1)
  Hash Cond: (mi.movie_id = t.id)
  ->  Seq Scan on movie_info mi  (cost=0.00..346232.03 rows=3068194 width=4) (actual time=4226.706..5714.670 rows=3036719 loops=1)
        Filter: (info_type_id = 16)
        Rows Removed by Filter: 11799001
  ->  Hash  (cost=73925.90..73925.90 rows=934198 width=4) (actual time=1551.789..1551.789 rows=950693 loops=1)
        Buckets: 131072  Batches: 16  Memory Usage: 3123kB
        ->  Seq Scan on title t  (cost=0.00..73925.90 rows=934198 width=4) (actual time=0.021..1253.768 rows=950693 loops=1)
              Filter: ((kind_id < 7) AND (production_year < 2013))
              Rows Removed by Filter: 1577619
Planning time: 0.851 ms
Execution time: 9231.514 ms
