Seq Scan on movie_keyword mk  (cost=0.00..81003.12 rows=3675271 width=0) (actual time=0.023..1448.099 rows=3668770 loops=1)
  Filter: (keyword_id < 21488)
  Rows Removed by Filter: 855160
Planning time: 0.330 ms
Execution time: 1887.307 ms
