Hash Join  (cost=144743.13..274452.22 rows=809743 width=0) (actual time=3326.854..7905.786 rows=4810161 loops=1)
  Hash Cond: (mk.movie_id = t.id)
  ->  Seq Scan on movie_keyword mk  (cost=0.00..81003.12 rows=3302541 width=4) (actual time=0.020..1644.130 rows=3293303 loops=1)
        Filter: (keyword_id < 14735)
        Rows Removed by Filter: 1230627
  ->  Hash  (cost=134571.58..134571.58 rows=619964 width=8) (actual time=3325.542..3325.542 rows=753294 loops=1)
        Buckets: 131072  Batches: 16  Memory Usage: 2878kB
        ->  Hash Join  (cost=86241.46..134571.58 rows=619964 width=8) (actual time=1539.472..3091.721 rows=753294 loops=1)
              Hash Cond: (mi_idx.movie_id = t.id)
              ->  Seq Scan on movie_info_idx mi_idx  (cost=0.00..21735.35 rows=1380035 width=4) (actual time=0.017..452.696 rows=1380035 loops=1)
              ->  Hash  (cost=67604.59..67604.59 rows=1135910 width=4) (actual time=1538.278..1538.278 rows=1133355 loops=1)
                    Buckets: 131072  Batches: 16  Memory Usage: 3516kB
                    ->  Seq Scan on title t  (cost=0.00..67604.59 rows=1135910 width=4) (actual time=0.011..1179.806 rows=1133355 loops=1)
                          Filter: (production_year < 2002)
                          Rows Removed by Filter: 1394957
Planning time: 1.136 ms
Execution time: 8459.536 ms
