Hash Join  (cost=1157809.03..2074387.05 rows=32300658 width=0) (actual time=30664.337..56809.049 rows=36478496 loops=1)
  Hash Cond: (mi.movie_id = t.id)
  ->  Seq Scan on movie_info mi  (cost=0.00..309384.22 rows=14739122 width=4) (actual time=0.009..6345.205 rows=14835720 loops=1)
  ->  Hash  (cost=1066897.47..1066897.47 rows=5541245 width=8) (actual time=30661.954..30661.954 rows=8575740 loops=1)
        Buckets: 131072  Batches: 128  Memory Usage: 3535kB
        ->  Hash Join  (cost=92883.59..1066897.47 rows=5541245 width=8) (actual time=1811.066..28076.786 rows=8575740 loops=1)
              Hash Cond: (ci.movie_id = t.id)
              ->  Seq Scan on cast_info ci  (cost=0.00..796071.18 rows=9093450 width=4) (actual time=0.026..14376.352 rows=14198528 loops=1)
                    Filter: ((person_id > 2245178) AND (role_id > 1))
                    Rows Removed by Filter: 22045816
              ->  Hash  (cost=67604.59..67604.59 rows=1540800 width=4) (actual time=1809.489..1809.489 rows=1543264 loops=1)
                    Buckets: 131072  Batches: 32  Memory Usage: 2722kB
                    ->  Seq Scan on title t  (cost=0.00..67604.59 rows=1540800 width=4) (actual time=0.027..1303.379 rows=1543264 loops=1)
                          Filter: (kind_id = 7)
                          Rows Removed by Filter: 985048
Planning time: 1.192 ms
Execution time: 60946.682 ms
