Nested Loop  (cost=0.43..58375.45 rows=12 width=0) (actual time=91.744..829.980 rows=9 loops=1)
  ->  Seq Scan on movie_companies mc  (cost=0.00..57926.93 rows=53 width=4) (actual time=91.684..829.407 rows=11 loops=1)
        Filter: ((company_type_id > 1) AND (company_id = 31100))
        Rows Removed by Filter: 2609118
  ->  Index Scan using title_pkey on title t  (cost=0.43..8.45 rows=1 width=4) (actual time=0.046..0.047 rows=1 loops=11)
        Index Cond: (id = mc.movie_id)
        Filter: ((production_year > 1966) AND (kind_id = 1))
        Rows Removed by Filter: 0
Planning time: 2.762 ms
Execution time: 830.118 ms
