Hash Join  (cost=110288.84..165647.22 rows=17402 width=0) (actual time=2146.466..3077.209 rows=26169 loops=1)
  Hash Cond: (mc.movie_id = t.id)
  ->  Seq Scan on movie_companies mc  (cost=0.00..51404.11 rows=1008067 width=4) (actual time=0.011..868.855 rows=1009720 loops=1)
        Filter: (company_id < 4974)
        Rows Removed by Filter: 1599409
  ->  Hash  (cost=109743.23..109743.23 rows=43649 width=8) (actual time=1976.870..1976.870 rows=18315 loops=1)
        Buckets: 65536  Batches: 1  Memory Usage: 1228kB
        ->  Hash Join  (cost=77854.63..109743.23 rows=43649 width=8) (actual time=1185.691..1968.851 rows=18315 loops=1)
              Hash Cond: (mi_idx.movie_id = t.id)
              ->  Seq Scan on movie_info_idx mi_idx  (cost=0.00..25185.44 rows=460978 width=4) (actual time=0.019..531.267 rows=459925 loops=1)
                    Filter: (info_type_id < 100)
                    Rows Removed by Filter: 920110
              ->  Hash  (cost=73925.90..73925.90 rows=239418 width=4) (actual time=1184.730..1184.730 rows=256906 loops=1)
                    Buckets: 131072  Batches: 4  Memory Usage: 3296kB
                    ->  Seq Scan on title t  (cost=0.00..73925.90 rows=239418 width=4) (actual time=0.016..1102.187 rows=256906 loops=1)
                          Filter: ((production_year > 2010) AND (kind_id = 7))
                          Rows Removed by Filter: 2271406
Planning time: 1.140 ms
Execution time: 3080.798 ms
