Seq Scan on title t  (cost=0.00..73925.90 rows=504698 width=0) (actual time=0.012..1237.378 rows=373632 loops=1)
  Filter: ((production_year > 1982) AND (kind_id = 1))
  Rows Removed by Filter: 2154680
Planning time: 0.371 ms
Execution time: 1283.610 ms
