Hash Join  (cost=102767.86..911554.25 rows=117859 width=0) (actual time=10432.809..14608.885 rows=235041 loops=1)
  Hash Cond: (ci.movie_id = t.id)
  ->  Seq Scan on cast_info ci  (cost=0.00..796071.18 rows=117859 width=4) (actual time=8626.047..12209.975 rows=235041 loops=1)
        Filter: ((person_id > 2459184) AND (role_id > 10))
        Rows Removed by Filter: 36009303
  ->  Hash  (cost=61283.27..61283.27 rows=2528527 width=4) (actual time=1805.692..1805.692 rows=2528312 loops=1)
        Buckets: 131072  Batches: 64  Memory Usage: 2415kB
        ->  Seq Scan on title t  (cost=0.00..61283.27 rows=2528527 width=4) (actual time=0.023..953.365 rows=2528312 loops=1)
Planning time: 0.584 ms
Execution time: 14639.117 ms
