Hash Join  (cost=201626.88..1282046.93 rows=4537881 width=0) (actual time=4312.848..33579.918 rows=6897102 loops=1)
  Hash Cond: (ci.movie_id = t.id)
  ->  Seq Scan on cast_info ci  (cost=0.00..614943.12 rows=36225612 width=4) (actual time=0.024..13120.884 rows=36244344 loops=1)
  ->  Hash  (cost=196429.61..196429.61 rows=316742 width=8) (actual time=4309.473..4309.473 rows=118341 loops=1)
        Buckets: 131072  Batches: 8  Memory Usage: 1561kB
        ->  Hash Join  (cost=71408.55..196429.61 rows=316742 width=8) (actual time=1112.774..4279.894 rows=118341 loops=1)
              Hash Cond: (mk.movie_id = t.id)
              ->  Seq Scan on movie_keyword mk  (cost=0.00..81003.12 rows=3454537 width=4) (actual time=0.030..1705.407 rows=3443626 loops=1)
                    Filter: (keyword_id > 1084)
                    Rows Removed by Filter: 1080304
              ->  Hash  (cost=67604.59..67604.59 rows=231837 width=4) (actual time=1110.892..1110.892 rows=231649 loops=1)
                    Buckets: 131072  Batches: 4  Memory Usage: 3082kB
                    ->  Seq Scan on title t  (cost=0.00..67604.59 rows=231837 width=4) (actual time=0.022..1029.172 rows=231649 loops=1)
                          Filter: (production_year > 2011)
                          Rows Removed by Filter: 2296663
Planning time: 1.228 ms
Execution time: 34347.054 ms
