Hash Join  (cost=100586.94..207495.19 rows=2074432 width=0) (actual time=2014.714..5699.610 rows=1820068 loops=1)
  Hash Cond: (mc.movie_id = t.id)
  ->  Seq Scan on movie_companies mc  (cost=0.00..44881.29 rows=2609129 width=4) (actual time=0.023..855.628 rows=2609129 loops=1)
  ->  Hash  (cost=67604.59..67604.59 rows=2010348 width=4) (actual time=2013.485..2013.485 rows=2004649 loops=1)
        Buckets: 131072  Batches: 32  Memory Usage: 3233kB
        ->  Seq Scan on title t  (cost=0.00..67604.59 rows=2010348 width=4) (actual time=0.013..1351.496 rows=2004649 loops=1)
              Filter: (production_year > 1975)
              Rows Removed by Filter: 523663
Planning time: 0.799 ms
Execution time: 5918.462 ms
