Hash Join  (cost=76796.18..916312.49 rows=241370 width=0) (actual time=9314.766..16249.118 rows=103198 loops=1)
  Hash Cond: (ci.movie_id = t.id)
  ->  Seq Scan on cast_info ci  (cost=0.00..796071.18 rows=3489447 width=4) (actual time=8206.598..14423.903 rows=1510822 loops=1)
        Filter: ((person_id < 2961701) AND (role_id = 10))
        Rows Removed by Filter: 34733522
  ->  Hash  (cost=73925.90..73925.90 rows=174902 width=4) (actual time=1107.414..1107.414 rows=160286 loops=1)
        Buckets: 131072  Batches: 4  Memory Usage: 2435kB
        ->  Seq Scan on title t  (cost=0.00..73925.90 rows=174902 width=4) (actual time=93.808..1054.254 rows=160286 loops=1)
              Filter: ((production_year > 2008) AND (kind_id = 1))
              Rows Removed by Filter: 2368026
Planning time: 3.385 ms
Execution time: 16263.812 ms
