Hash Join  (cost=83074.74..447745.01 rows=1434 width=0) (actual time=1171.251..8029.097 rows=35457 loops=1)
  Hash Cond: (mi.movie_id = t.id)
  ->  Seq Scan on movie_info mi  (cost=0.00..309384.22 rows=14739122 width=4) (actual time=0.016..3963.217 rows=14835720 loops=1)
  ->  Hash  (cost=83071.67..83071.67 rows=246 width=8) (actual time=1171.180..1171.180 rows=683 loops=1)
        Buckets: 1024  Batches: 1  Memory Usage: 35kB
        ->  Nested Loop  (cost=0.43..83071.67 rows=246 width=8) (actual time=0.595..1170.648 rows=683 loops=1)
              ->  Seq Scan on movie_keyword mk  (cost=0.00..81003.12 rows=246 width=4) (actual time=0.533..1154.457 rows=683 loops=1)
                    Filter: (keyword_id = 1044)
                    Rows Removed by Filter: 4523247
              ->  Index Only Scan using title_pkey on title t  (cost=0.43..8.40 rows=1 width=4) (actual time=0.022..0.022 rows=1 loops=683)
                    Index Cond: (id = mk.movie_id)
                    Heap Fetches: 683
Planning time: 3.800 ms
Execution time: 8035.193 ms
