Hash Join  (cost=102767.86..254476.43 rows=2527843 width=0) (actual time=1878.328..5796.428 rows=2520827 loops=1)
  Hash Cond: (mk.movie_id = t.id)
  ->  Seq Scan on movie_keyword mk  (cost=0.00..81003.12 rows=2527843 width=4) (actual time=0.013..1557.971 rows=2520827 loops=1)
        Filter: (keyword_id > 3549)
        Rows Removed by Filter: 2003103
  ->  Hash  (cost=61283.27..61283.27 rows=2528527 width=4) (actual time=1877.123..1877.123 rows=2528312 loops=1)
        Buckets: 131072  Batches: 64  Memory Usage: 2425kB
        ->  Seq Scan on title t  (cost=0.00..61283.27 rows=2528527 width=4) (actual time=0.012..1021.058 rows=2528312 loops=1)
Planning time: 0.731 ms
Execution time: 6111.662 ms
