Hash Join  (cost=190230.21..991775.78 rows=2906759 width=0) (actual time=8741.883..19274.404 rows=6763759 loops=1)
  Hash Cond: (ci.movie_id = t.id)
  ->  Seq Scan on cast_info ci  (cost=0.00..705507.15 rows=5325820 width=4) (actual time=4634.533..10479.656 rows=5402393 loops=1)
        Filter: (person_id > 3117267)
        Rows Removed by Filter: 30841951
  ->  Hash  (cost=167588.78..167588.78 rows=1380035 width=8) (actual time=4105.442..4105.442 rows=1380035 loops=1)
        Buckets: 131072  Batches: 32  Memory Usage: 2708kB
        ->  Hash Join  (cost=102767.86..167588.78 rows=1380035 width=8) (actual time=1763.804..3722.724 rows=1380035 loops=1)
              Hash Cond: (mi_idx.movie_id = t.id)
              ->  Seq Scan on movie_info_idx mi_idx  (cost=0.00..21735.35 rows=1380035 width=4) (actual time=0.024..457.571 rows=1380035 loops=1)
              ->  Hash  (cost=61283.27..61283.27 rows=2528527 width=4) (actual time=1762.795..1762.795 rows=2528312 loops=1)
                    Buckets: 131072  Batches: 64  Memory Usage: 2415kB
                    ->  Seq Scan on title t  (cost=0.00..61283.27 rows=2528527 width=4) (actual time=0.027..906.707 rows=2528312 loops=1)
Planning time: 1.179 ms
Execution time: 20037.732 ms
