Seq Scan on movie_companies mc  (cost=0.00..57926.93 rows=821860 width=0) (actual time=282.839..1067.394 rows=1128780 loops=1)
  Filter: ((company_id < 18958) AND (company_type_id < 2))
  Rows Removed by Filter: 1480349
Planning time: 0.352 ms
Execution time: 1213.876 ms
