Seq Scan on cast_info ci  (cost=0.00..796071.18 rows=5326980 width=0) (actual time=7644.364..13196.401 rows=10834276 loops=1)
  Filter: ((person_id < 1484105) AND (role_id = 1))
  Rows Removed by Filter: 25410068
Planning time: 0.373 ms
Execution time: 14551.504 ms
