Nested Loop  (cost=0.43..83072.29 rows=150 width=0) (actual time=589.462..1036.319 rows=46 loops=1)
  ->  Seq Scan on movie_keyword mk  (cost=0.00..81003.12 rows=246 width=4) (actual time=8.773..1026.594 rows=232 loops=1)
        Filter: (keyword_id = 1554)
        Rows Removed by Filter: 4523698
  ->  Index Scan using title_pkey on title t  (cost=0.43..8.40 rows=1 width=4) (actual time=0.040..0.040 rows=0 loops=232)
        Index Cond: (id = mk.movie_id)
        Filter: (kind_id > 6)
        Rows Removed by Filter: 1
Planning time: 0.730 ms
Execution time: 1036.455 ms
