Hash Join  (cost=219197.63..356793.03 rows=1658515 width=0) (actual time=5660.502..7719.725 rows=873253 loops=1)
  Hash Cond: (mk.movie_id = t.id)
  ->  Seq Scan on movie_keyword mk  (cost=0.00..81003.12 rows=2637624 width=4) (actual time=0.017..1659.063 rows=2631138 loops=1)
        Filter: (keyword_id < 7185)
        Rows Removed by Filter: 1892792
  ->  Hash  (cost=193112.68..193112.68 rows=1589916 width=8) (actual time=4582.924..4582.924 rows=717308 loops=1)
        Buckets: 131072  Batches: 32  Memory Usage: 1877kB
        ->  Hash Join  (cost=92883.59..193112.68 rows=1589916 width=8) (actual time=2078.372..4368.192 rows=717308 loops=1)
              Hash Cond: (mc.movie_id = t.id)
              ->  Seq Scan on movie_companies mc  (cost=0.00..44881.29 rows=2609129 width=4) (actual time=0.024..945.743 rows=2609129 loops=1)
              ->  Hash  (cost=67604.59..67604.59 rows=1540800 width=4) (actual time=1699.822..1699.822 rows=1543264 loops=1)
                    Buckets: 131072  Batches: 32  Memory Usage: 2722kB
                    ->  Seq Scan on title t  (cost=0.00..67604.59 rows=1540800 width=4) (actual time=0.024..1190.588 rows=1543264 loops=1)
                          Filter: (kind_id = 7)
                          Rows Removed by Filter: 985048
Planning time: 1.150 ms
Execution time: 7816.402 ms
