Hash Join  (cost=101755.29..158437.07 rows=11029 width=0) (actual time=2043.153..2805.379 rows=6036 loops=1)
  Hash Cond: (mc.movie_id = t.id)
  ->  Seq Scan on movie_companies mc  (cost=0.00..51404.11 rows=1377966 width=4) (actual time=0.018..889.465 rows=1389955 loops=1)
        Filter: (company_id > 11137)
        Rows Removed by Filter: 1219174
  ->  Hash  (cost=101502.30..101502.30 rows=20239 width=8) (actual time=1678.056..1678.056 rows=12699 loops=1)
        Buckets: 32768  Batches: 1  Memory Usage: 753kB
        ->  Hash Join  (cost=74389.43..101502.30 rows=20239 width=8) (actual time=1074.865..1673.312 rows=12699 loops=1)
              Hash Cond: (mi_idx.movie_id = t.id)
              ->  Seq Scan on movie_info_idx mi_idx  (cost=0.00..21735.35 rows=1380035 width=4) (actual time=3.103..294.853 rows=1380035 loops=1)
              ->  Hash  (cost=73925.90..73925.90 rows=37082 width=4) (actual time=1071.420..1071.420 rows=41935 loops=1)
                    Buckets: 65536  Batches: 1  Memory Usage: 1987kB
                    ->  Seq Scan on title t  (cost=0.00..73925.90 rows=37082 width=4) (actual time=11.741..1053.321 rows=41935 loops=1)
                          Filter: ((kind_id = 7) AND (production_year = 2002))
                          Rows Removed by Filter: 2486377
Planning time: 0.951 ms
Execution time: 2806.357 ms
