Hash Join  (cost=194012.01..327639.49 rows=832659 width=0) (actual time=3438.951..7294.777 rows=1559640 loops=1)
  Hash Cond: (mk.movie_id = t.id)
  ->  Seq Scan on movie_keyword mk  (cost=0.00..81003.12 rows=3635405 width=4) (actual time=0.019..1651.679 rows=3628479 loops=1)
        Filter: (keyword_id < 20603)
        Rows Removed by Filter: 895451
  ->  Hash  (cost=184509.79..184509.79 rows=579138 width=8) (actual time=3437.932..3437.932 rows=366702 loops=1)
        Buckets: 131072  Batches: 8  Memory Usage: 2822kB
        ->  Hash Join  (cost=102767.86..184509.79 rows=579138 width=8) (actual time=1773.330..3326.307 rows=366702 loops=1)
              Hash Cond: (mc.movie_id = t.id)
              ->  Seq Scan on movie_companies mc  (cost=0.00..57926.93 rows=579138 width=4) (actual time=0.033..861.025 rows=366702 loops=1)
                    Filter: ((company_id < 8320) AND (company_type_id > 1))
                    Rows Removed by Filter: 2242427
              ->  Hash  (cost=61283.27..61283.27 rows=2528527 width=4) (actual time=1771.503..1771.503 rows=2528312 loops=1)
                    Buckets: 131072  Batches: 64  Memory Usage: 2415kB
                    ->  Seq Scan on title t  (cost=0.00..61283.27 rows=2528527 width=4) (actual time=0.010..868.479 rows=2528312 loops=1)
Planning time: 1.117 ms
Execution time: 7480.377 ms
