Hash Join  (cost=69687.24..182744.71 rows=131313 width=0) (actual time=910.831..3212.105 rows=115328 loops=1)
  Hash Cond: (mk.movie_id = t.id)
  ->  Seq Scan on movie_keyword mk  (cost=0.00..81003.12 rows=2615792 width=4) (actual time=0.012..1458.458 rows=2605195 loops=1)
        Filter: (keyword_id < 7050)
        Rows Removed by Filter: 1918735
  ->  Hash  (cost=67604.59..67604.59 rows=126932 width=4) (actual time=910.075..910.075 rows=122861 loops=1)
        Buckets: 131072  Batches: 2  Memory Usage: 3197kB
        ->  Seq Scan on title t  (cost=0.00..67604.59 rows=126932 width=4) (actual time=0.026..864.819 rows=122861 loops=1)
              Filter: (production_year = 2008)
              Rows Removed by Filter: 2405451
Planning time: 0.756 ms
Execution time: 3226.795 ms
