Seq Scan on cast_info ci  (cost=0.00..796071.18 rows=3685622 width=0) (actual time=96.773..10836.188 rows=2256029 loops=1)
  Filter: ((person_id < 794381) AND (role_id > 2))
  Rows Removed by Filter: 33988315
Planning time: 0.326 ms
Execution time: 11126.843 ms
