Hash Join  (cost=78964.21..454437.18 rows=266514 width=0) (actual time=1519.954..6901.267 rows=106034 loops=1)
  Hash Cond: (mi.movie_id = t.id)
  ->  Seq Scan on movie_info mi  (cost=0.00..346232.03 rows=2194617 width=4) (actual time=335.196..4841.340 rows=2233850 loops=1)
        Filter: (info_type_id > 16)
        Rows Removed by Filter: 12601870
  ->  Hash  (cost=73925.90..73925.90 rows=307064 width=4) (actual time=1183.736..1183.736 rows=169596 loops=1)
        Buckets: 131072  Batches: 8  Memory Usage: 1773kB
        ->  Seq Scan on title t  (cost=0.00..73925.90 rows=307064 width=4) (actual time=0.044..1123.081 rows=169596 loops=1)
              Filter: ((kind_id > 1) AND (production_year < 1973))
              Rows Removed by Filter: 2358716
Planning time: 0.936 ms
Execution time: 6911.364 ms
