Seq Scan on movie_keyword mk  (cost=0.00..81003.12 rows=911808 width=0) (actual time=0.032..1157.841 rows=917718 loops=1)
  Filter: (keyword_id < 869)
  Rows Removed by Filter: 3606212
Planning time: 0.320 ms
Execution time: 1271.393 ms
