Seq Scan on movie_companies mc  (cost=0.00..57926.93 rows=53 width=0) (actual time=170.355..872.039 rows=32 loops=1)
  Filter: ((company_type_id > 1) AND (company_id = 100242))
  Rows Removed by Filter: 2609097
Planning time: 0.452 ms
Execution time: 872.166 ms
