Seq Scan on movie_keyword mk  (cost=0.00..81003.12 rows=246 width=0) (actual time=5.317..496.110 rows=25 loops=1)
  Filter: (keyword_id = 34355)
  Rows Removed by Filter: 4523905
Planning time: 0.349 ms
Execution time: 496.191 ms
