Seq Scan on movie_keyword mk  (cost=0.00..81003.12 rows=3918036 width=0) (actual time=0.020..1443.178 rows=3913099 loops=1)
  Filter: (keyword_id < 30245)
  Rows Removed by Filter: 610831
Planning time: 0.280 ms
Execution time: 1943.165 ms
