Hash Join  (cost=995633.06..1622013.32 rows=12010143 width=0) (actual time=13956.633..27432.048 rows=777392 loops=1)
  Hash Cond: (mi.movie_id = t.id)
  ->  Seq Scan on movie_info mi  (cost=0.00..309384.22 rows=14739122 width=4) (actual time=0.034..5039.273 rows=14835720 loops=1)
  ->  Hash  (cost=961829.50..961829.50 rows=2060365 width=8) (actual time=13955.155..13955.155 rows=239274 loops=1)
        Buckets: 131072  Batches: 32  Memory Usage: 1324kB
        ->  Hash Join  (cost=97285.43..961829.50 rows=2060365 width=8) (actual time=9931.460..13873.568 rows=239274 loops=1)
              Hash Cond: (ci.movie_id = t.id)
              ->  Seq Scan on cast_info ci  (cost=0.00..796071.18 rows=3658998 width=4) (actual time=8238.738..11052.546 rows=393002 loops=1)
                    Filter: ((person_id < 1788644) AND (role_id = 2))
                    Rows Removed by Filter: 35851342
              ->  Hash  (cost=73925.90..73925.90 rows=1423802 width=4) (actual time=1691.809..1691.809 rows=1478437 loops=1)
                    Buckets: 131072  Batches: 32  Memory Usage: 2651kB
                    ->  Seq Scan on title t  (cost=0.00..73925.90 rows=1423802 width=4) (actual time=226.068..1234.185 rows=1478437 loops=1)
                          Filter: ((production_year > 1934) AND (kind_id = 7))
                          Rows Removed by Filter: 1049875
Planning time: 1.270 ms
Execution time: 27517.891 ms
