Hash Join  (cost=216752.05..1038909.36 rows=468590 width=0) (actual time=9253.028..17721.765 rows=526622 loops=1)
  Hash Cond: (ci.movie_id = t.id)
  ->  Seq Scan on cast_info ci  (cost=0.00..796071.18 rows=1600596 width=4) (actual time=4886.165..12125.939 rows=2518383 loops=1)
        Filter: ((person_id > 3571429) AND (role_id > 1))
        Rows Removed by Filter: 33725961
  ->  Hash  (cost=204606.91..204606.91 rows=740251 width=8) (actual time=4365.516..4365.516 rows=161544 loops=1)
        Buckets: 131072  Batches: 16  Memory Usage: 1412kB
        ->  Hash Join  (cost=93155.63..204606.91 rows=740251 width=8) (actual time=3236.467..4318.048 rows=161544 loops=1)
              Hash Cond: (mk.movie_id = t.id)
              ->  Seq Scan on movie_keyword mk  (cost=0.00..81003.12 rows=1596972 width=4) (actual time=0.031..1593.902 rows=1606189 loops=1)
                    Filter: (keyword_id < 2488)
                    Rows Removed by Filter: 2917741
              ->  Hash  (cost=73925.90..73925.90 rows=1172058 width=4) (actual time=1786.371..1786.371 rows=1128906 loops=1)
                    Buckets: 131072  Batches: 16  Memory Usage: 3509kB
                    ->  Seq Scan on title t  (cost=0.00..73925.90 rows=1172058 width=4) (actual time=0.021..1421.927 rows=1128906 loops=1)
                          Filter: ((production_year < 2010) AND (kind_id = 7))
                          Rows Removed by Filter: 1399406
Planning time: 2.582 ms
Execution time: 17783.060 ms
