Hash Join  (cost=128750.78..215451.94 rows=4312 width=0) (actual time=2012.996..3773.655 rows=154021 loops=1)
  Hash Cond: (mk.movie_id = t.id)
  ->  Seq Scan on movie_keyword mk  (cost=0.00..69693.30 rows=4523930 width=4) (actual time=0.024..894.032 rows=4523930 loops=1)
  ->  Hash  (cost=128720.66..128720.66 rows=2410 width=8) (actual time=2011.168..2011.168 rows=5353 loops=1)
        Buckets: 8192 (originally 4096)  Batches: 1 (originally 1)  Memory Usage: 274kB
        ->  Hash Join  (cost=67697.55..128720.66 rows=2410 width=8) (actual time=1027.210..2008.714 rows=5353 loops=1)
              Hash Cond: (mc.movie_id = t.id)
              ->  Seq Scan on movie_companies mc  (cost=0.00..57926.93 rows=819219 width=4) (actual time=97.029..939.545 rows=611418 loops=1)
                    Filter: ((company_id > 3451) AND (company_type_id = 1))
                    Rows Removed by Filter: 1997711
              ->  Hash  (cost=67604.59..67604.59 rows=7437 width=4) (actual time=929.728..929.728 rows=23799 loops=1)
                    Buckets: 32768 (originally 8192)  Batches: 1 (originally 1)  Memory Usage: 1093kB
                    ->  Seq Scan on title t  (cost=0.00..67604.59 rows=7437 width=4) (actual time=0.040..919.212 rows=23799 loops=1)
                          Filter: (production_year = 1991)
                          Rows Removed by Filter: 2504513
Planning time: 1.184 ms
Execution time: 3798.277 ms
