Hash Join  (cost=102767.86..250061.84 rows=2344422 width=0) (actual time=1610.807..5272.684 rows=2344428 loops=1)
  Hash Cond: (mk.movie_id = t.id)
  ->  Seq Scan on movie_keyword mk  (cost=0.00..81003.12 rows=2344422 width=4) (actual time=0.015..1443.788 rows=2344428 loops=1)
        Filter: (keyword_id < 5218)
        Rows Removed by Filter: 2179502
  ->  Hash  (cost=61283.27..61283.27 rows=2528527 width=4) (actual time=1610.087..1610.087 rows=2528312 loops=1)
        Buckets: 131072  Batches: 64  Memory Usage: 2425kB
        ->  Seq Scan on title t  (cost=0.00..61283.27 rows=2528527 width=4) (actual time=0.015..807.426 rows=2528312 loops=1)
Planning time: 0.747 ms
Execution time: 5564.376 ms
