Nested Loop  (cost=0.43..52283.69 rows=104 width=0) (actual time=10.662..720.946 rows=1202 loops=1)
  ->  Seq Scan on movie_companies mc  (cost=0.00..51404.11 rows=104 width=4) (actual time=10.551..686.083 rows=1202 loops=1)
        Filter: (company_id = 44018)
        Rows Removed by Filter: 2607927
  ->  Index Only Scan using title_pkey on title t  (cost=0.43..8.45 rows=1 width=4) (actual time=0.028..0.028 rows=1 loops=1202)
        Index Cond: (id = mc.movie_id)
        Heap Fetches: 1202
Planning time: 0.782 ms
Execution time: 721.330 ms
