Seq Scan on movie_keyword mk  (cost=0.00..81003.12 rows=246 width=0) (actual time=1.755..1135.443 rows=136 loops=1)
  Filter: (keyword_id = 11233)
  Rows Removed by Filter: 4523794
Planning time: 0.362 ms
Execution time: 1135.615 ms
