Hash Join  (cost=83810.17..142834.15 rows=94943 width=0) (actual time=1776.080..2442.114 rows=245542 loops=1)
  Hash Cond: (mc.movie_id = t.id)
  ->  Seq Scan on movie_companies mc  (cost=0.00..51404.11 rows=243050 width=4) (actual time=489.542..791.108 rows=245542 loops=1)
        Filter: (company_id > 101936)
        Rows Removed by Filter: 2363587
  ->  Hash  (cost=67604.59..67604.59 rows=987727 width=4) (actual time=1285.707..1285.707 rows=985048 loops=1)
        Buckets: 131072  Batches: 16  Memory Usage: 3188kB
        ->  Seq Scan on title t  (cost=0.00..67604.59 rows=987727 width=4) (actual time=0.023..976.062 rows=985048 loops=1)
              Filter: (kind_id < 7)
              Rows Removed by Filter: 1543264
Planning time: 1.638 ms
Execution time: 2472.887 ms
