Seq Scan on movie_companies mc  (cost=0.00..57926.93 rows=53 width=0) (actual time=0.087..906.040 rows=1619 loops=1)
  Filter: ((company_type_id > 1) AND (company_id = 4626))
  Rows Removed by Filter: 2607510
Planning time: 0.382 ms
Execution time: 906.430 ms
