Hash Join  (cost=195335.91..1172490.12 rows=4964074 width=0) (actual time=4953.632..23614.813 rows=6146950 loops=1)
  Hash Cond: (ci.movie_id = t.id)
  ->  Seq Scan on cast_info ci  (cost=0.00..796071.18 rows=10981679 width=4) (actual time=837.166..13863.146 rows=8412454 loops=1)
        Filter: ((person_id > 1607186) AND (role_id < 3))
        Rows Removed by Filter: 27831890
  ->  Hash  (cost=176583.71..176583.71 rows=1142976 width=8) (actual time=4115.271..4115.271 rows=917132 loops=1)
        Buckets: 131072  Batches: 16  Memory Usage: 3242kB
        ->  Hash Join  (cost=85777.42..176583.71 rows=1142976 width=8) (actual time=1298.691..3842.067 rows=917132 loops=1)
              Hash Cond: (mc.movie_id = t.id)
              ->  Seq Scan on movie_companies mc  (cost=0.00..44881.29 rows=2609129 width=4) (actual time=0.026..776.067 rows=2609129 loops=1)
              ->  Hash  (cost=67604.59..67604.59 rows=1107667 width=4) (actual time=1297.712..1297.712 rows=1107925 loops=1)
                    Buckets: 131072  Batches: 16  Memory Usage: 3460kB
                    ->  Seq Scan on title t  (cost=0.00..67604.59 rows=1107667 width=4) (actual time=0.021..953.769 rows=1107925 loops=1)
                          Filter: (production_year > 2004)
                          Rows Removed by Filter: 1420387
Planning time: 1.136 ms
Execution time: 24323.872 ms
