Seq Scan on movie_keyword mk  (cost=0.00..81003.12 rows=2243756 width=0) (actual time=0.015..1384.630 rows=2244389 loops=1)
  Filter: (keyword_id > 4832)
  Rows Removed by Filter: 2279541
Planning time: 0.334 ms
Execution time: 1668.392 ms
