Hash Join  (cost=213116.07..719538.95 rows=2908598 width=0) (actual time=4332.373..18909.981 rows=14020601 loops=1)
  Hash Cond: (mi.movie_id = t.id)
  ->  Seq Scan on movie_info mi  (cost=0.00..346232.03 rows=11115165 width=4) (actual time=0.022..7146.815 rows=11210743 loops=1)
        Filter: (info_type_id > 3)
        Rows Removed by Filter: 3624977
  ->  Hash  (cost=202260.30..202260.30 rows=661661 width=8) (actual time=4331.136..4331.136 rows=337253 loops=1)
        Buckets: 131072  Batches: 16  Memory Usage: 1917kB
        ->  Hash Join  (cost=76379.89..202260.30 rows=661661 width=8) (actual time=1281.432..4230.914 rows=337253 loops=1)
              Hash Cond: (mk.movie_id = t.id)
              ->  Seq Scan on movie_keyword mk  (cost=0.00..81003.12 rows=3128182 width=4) (actual time=0.012..1610.139 rows=3113897 loops=1)
                    Filter: (keyword_id > 1929)
                    Rows Removed by Filter: 1410033
              ->  Hash  (cost=67604.59..67604.59 rows=534824 width=4) (actual time=1280.572..1280.572 rows=533369 loops=1)
                    Buckets: 131072  Batches: 8  Memory Usage: 3376kB
                    ->  Seq Scan on title t  (cost=0.00..67604.59 rows=534824 width=4) (actual time=0.022..1099.916 rows=533369 loops=1)
                          Filter: (production_year > 2009)
                          Rows Removed by Filter: 1994943
Planning time: 0.845 ms
Execution time: 20307.818 ms
