Hash Join  (cost=71627.34..822550.04 rows=13353 width=0) (actual time=802.938..16368.403 rows=24791 loops=1)
  Hash Cond: (ci.movie_id = t.id)
  ->  Seq Scan on cast_info ci  (cost=0.00..614943.12 rows=36225612 width=4) (actual time=0.009..8122.177 rows=36244344 loops=1)
  ->  Hash  (cost=71615.69..71615.69 rows=932 width=8) (actual time=801.849..801.849 rows=2104 loops=1)
        Buckets: 4096 (originally 1024)  Batches: 1 (originally 1)  Memory Usage: 115kB
        ->  Nested Loop  (cost=0.43..71615.69 rows=932 width=8) (actual time=10.807..800.731 rows=2104 loops=1)
              ->  Seq Scan on movie_companies mc  (cost=0.00..57926.93 rows=1706 width=4) (actual time=10.759..759.226 rows=2396 loops=1)
                    Filter: ((company_id = 419) AND (company_type_id = 1))
                    Rows Removed by Filter: 2606733
              ->  Index Scan using title_pkey on title t  (cost=0.43..8.01 rows=1 width=4) (actual time=0.016..0.017 rows=1 loops=2396)
                    Index Cond: (id = mc.movie_id)
                    Filter: (production_year > 2000)
                    Rows Removed by Filter: 0
Planning time: 0.800 ms
Execution time: 16374.471 ms
