Hash Join  (cost=73957.54..167698.40 rows=3391 width=0) (actual time=958.927..2592.912 rows=12732 loops=1)
  Hash Cond: (mk.movie_id = t.id)
  ->  Seq Scan on movie_keyword mk  (cost=0.00..81003.12 rows=3387685 width=4) (actual time=0.014..1191.094 rows=3377245 loops=1)
        Filter: (keyword_id < 16264)
        Rows Removed by Filter: 1146685
  ->  Hash  (cost=73925.90..73925.90 rows=2531 width=4) (actual time=955.327..955.327 rows=3646 loops=1)
        Buckets: 4096  Batches: 1  Memory Usage: 161kB
        ->  Seq Scan on title t  (cost=0.00..73925.90 rows=2531 width=4) (actual time=0.549..953.318 rows=3646 loops=1)
              Filter: ((kind_id < 4) AND (production_year = 1957))
              Rows Removed by Filter: 2524666
Planning time: 0.660 ms
Execution time: 2594.552 ms
