Seq Scan on movie_companies mc  (cost=0.00..51404.11 rows=1588768 width=0) (actual time=0.067..876.150 rows=1588955 loops=1)
  Filter: (company_id > 5376)
  Rows Removed by Filter: 1020174
Planning time: 0.301 ms
Execution time: 1079.156 ms
