Seq Scan on movie_companies mc  (cost=0.00..51404.11 rows=1186292 width=0) (actual time=0.038..629.573 rows=1180688 loops=1)
  Filter: (company_id < 10212)
  Rows Removed by Filter: 1428441
Planning time: 0.323 ms
Execution time: 746.539 ms
