Seq Scan on cast_info ci  (cost=0.00..705507.15 rows=32478822 width=0) (actual time=0.013..12266.236 rows=32471980 loops=1)
  Filter: (person_id < 3372132)
  Rows Removed by Filter: 3772364
Planning time: 0.353 ms
Execution time: 16424.075 ms
