Seq Scan on cast_info ci  (cost=0.00..796071.18 rows=18434613 width=0) (actual time=0.020..15343.210 rows=15767573 loops=1)
  Filter: ((person_id < 2897224) AND (role_id > 1))
  Rows Removed by Filter: 20476771
Planning time: 0.341 ms
Execution time: 17349.911 ms
