Hash Join  (cost=211543.33..735494.03 rows=2410487 width=0) (actual time=5062.421..31332.811 rows=60033351 loops=1)
  Hash Cond: (mi.movie_id = t.id)
  ->  Seq Scan on movie_info mi  (cost=0.00..309384.22 rows=14739122 width=4) (actual time=0.013..5720.610 rows=14835720 loops=1)
  ->  Hash  (cost=204758.28..204758.28 rows=413524 width=8) (actual time=5061.087..5061.087 rows=1334995 loops=1)
        Buckets: 131072 (originally 131072)  Batches: 32 (originally 8)  Memory Usage: 3073kB
        ->  Hash Join  (cost=77718.01..204758.28 rows=413524 width=8) (actual time=1235.776..4629.109 rows=1334995 loops=1)
              Hash Cond: (mk.movie_id = t.id)
              ->  Seq Scan on movie_keyword mk  (cost=0.00..69693.30 rows=4523930 width=4) (actual time=0.029..1282.318 rows=4523930 loops=1)
              ->  Hash  (cost=73925.90..73925.90 rows=231128 width=4) (actual time=1234.996..1234.996 rows=341868 loops=1)
                    Buckets: 131072  Batches: 4  Memory Usage: 4038kB
                    ->  Seq Scan on title t  (cost=0.00..73925.90 rows=231128 width=4) (actual time=0.027..1122.100 rows=341868 loops=1)
                          Filter: ((kind_id < 7) AND (production_year < 1985))
                          Rows Removed by Filter: 2186444
Planning time: 9.040 ms
Execution time: 38122.914 ms
