Seq Scan on cast_info ci  (cost=0.00..796071.18 rows=396 width=0) (actual time=220.846..13229.802 rows=24 loops=1)
  Filter: ((role_id < 8) AND (person_id = 963740))
  Rows Removed by Filter: 36244320
Planning time: 1.917 ms
Execution time: 13229.922 ms
