Seq Scan on movie_companies mc  (cost=0.00..57926.93 rows=53 width=0) (actual time=497.102..890.878 rows=7 loops=1)
  Filter: ((company_type_id > 1) AND (company_id = 30720))
  Rows Removed by Filter: 2609122
Planning time: 0.362 ms
Execution time: 890.978 ms
