Seq Scan on movie_keyword mk  (cost=0.00..81003.12 rows=3202641 width=0) (actual time=0.020..1539.102 rows=3187594 loops=1)
  Filter: (keyword_id > 1741)
  Rows Removed by Filter: 1336336
Planning time: 0.369 ms
Execution time: 1922.954 ms
