Hash Join  (cost=83073.25..833866.43 rows=403 width=0) (actual time=2963.094..14011.276 rows=16 loops=1)
  Hash Cond: (ci.movie_id = t.id)
  ->  Seq Scan on cast_info ci  (cost=0.00..614943.12 rows=36225612 width=4) (actual time=0.012..6675.885 rows=36244344 loops=1)
  ->  Hash  (cost=83072.90..83072.90 rows=28 width=8) (actual time=1086.084..1086.084 rows=2 loops=1)
        Buckets: 1024  Batches: 1  Memory Usage: 9kB
        ->  Nested Loop  (cost=0.43..83072.90 rows=28 width=8) (actual time=485.065..1086.072 rows=2 loops=1)
              ->  Seq Scan on movie_keyword mk  (cost=0.00..81003.12 rows=246 width=4) (actual time=15.252..1080.244 rows=90 loops=1)
                    Filter: (keyword_id = 22033)
                    Rows Removed by Filter: 4523840
              ->  Index Scan using title_pkey on title t  (cost=0.43..8.40 rows=1 width=4) (actual time=0.060..0.060 rows=0 loops=90)
                    Index Cond: (id = mk.movie_id)
                    Filter: ((kind_id > 1) AND (production_year > 2010))
                    Rows Removed by Filter: 1
Planning time: 1.131 ms
Execution time: 14011.427 ms
