Hash Join  (cost=207281.29..715433.93 rows=4740845 width=0) (actual time=5029.337..15571.391 rows=2893041 loops=1)
  Hash Cond: (mi.movie_id = t.id)
  ->  Seq Scan on movie_info mi  (cost=0.00..346232.03 rows=9476311 width=4) (actual time=268.789..5662.568 rows=9565151 loops=1)
        Filter: (info_type_id < 16)
        Rows Removed by Filter: 5270569
  ->  Hash  (cost=186527.03..186527.03 rows=1264981 width=8) (actual time=4759.236..4759.236 rows=546641 loops=1)
        Buckets: 131072  Batches: 32  Memory Usage: 1684kB
        ->  Hash Join  (cost=94038.69..186527.03 rows=1264981 width=8) (actual time=1646.296..4581.343 rows=546641 loops=1)
              Hash Cond: (mc.movie_id = t.id)
              ->  Seq Scan on movie_companies mc  (cost=0.00..44881.29 rows=2609129 width=4) (actual time=0.021..980.568 rows=2609129 loops=1)
              ->  Hash  (cost=73925.90..73925.90 rows=1225903 width=4) (actual time=1645.167..1645.167 rows=1313114 loops=1)
                    Buckets: 131072  Batches: 32  Memory Usage: 2473kB
                    ->  Seq Scan on title t  (cost=0.00..73925.90 rows=1225903 width=4) (actual time=0.018..1216.045 rows=1313114 loops=1)
                          Filter: ((kind_id > 4) AND (production_year > 1976))
                          Rows Removed by Filter: 1215198
Planning time: 2.154 ms
Execution time: 15920.340 ms
