Hash Join  (cost=513437.85..1442246.56 rows=6880990 width=0) (actual time=8788.897..31495.055 rows=8765553 loops=1)
  Hash Cond: (ci.movie_id = t.id)
  ->  Seq Scan on cast_info ci  (cost=0.00..705507.15 rows=12905777 width=4) (actual time=0.024..12295.788 rows=12874592 loops=1)
        Filter: (person_id < 1270807)
        Rows Removed by Filter: 23369752
  ->  Hash  (cost=491319.12..491319.12 rows=1348138 width=8) (actual time=8787.297..8787.297 rows=1298989 loops=1)
        Buckets: 131072  Batches: 32  Memory Usage: 2598kB
        ->  Hash Join  (cost=102767.86..491319.12 rows=1348138 width=8) (actual time=4163.480..8396.426 rows=1298989 loops=1)
              Hash Cond: (mi.movie_id = t.id)
              ->  Seq Scan on movie_info mi  (cost=0.00..346232.03 rows=1348138 width=4) (actual time=1821.158..4224.205 rows=1298989 loops=1)
                    Filter: (info_type_id = 4)
                    Rows Removed by Filter: 13536731
              ->  Hash  (cost=61283.27..61283.27 rows=2528527 width=4) (actual time=2341.089..2341.089 rows=2528312 loops=1)
                    Buckets: 131072  Batches: 64  Memory Usage: 2425kB
                    ->  Seq Scan on title t  (cost=0.00..61283.27 rows=2528527 width=4) (actual time=0.026..922.475 rows=2528312 loops=1)
Planning time: 1.279 ms
Execution time: 32475.856 ms
