Hash Join  (cost=799270.72..853940.18 rows=394 width=0) (actual time=13592.482..14699.288 rows=473 loops=1)
  Hash Cond: (mc.movie_id = t.id)
  ->  Seq Scan on movie_companies mc  (cost=0.00..44881.29 rows=2609129 width=4) (actual time=0.026..718.617 rows=2609129 loops=1)
  ->  Hash  (cost=799265.94..799265.94 rows=382 width=8) (actual time=13506.259..13506.259 rows=110 loops=1)
        Buckets: 1024  Batches: 1  Memory Usage: 13kB
        ->  Nested Loop  (cost=0.43..799265.94 rows=382 width=8) (actual time=13423.811..13506.186 rows=110 loops=1)
              ->  Seq Scan on cast_info ci  (cost=0.00..796071.18 rows=382 width=4) (actual time=13423.648..13504.047 rows=110 loops=1)
                    Filter: ((role_id < 6) AND (person_id = 873171))
                    Rows Removed by Filter: 36244234
              ->  Index Only Scan using title_pkey on title t  (cost=0.43..8.35 rows=1 width=4) (actual time=0.018..0.018 rows=1 loops=110)
                    Index Cond: (id = ci.movie_id)
                    Heap Fetches: 110
Planning time: 1.176 ms
Execution time: 14699.505 ms
