Seq Scan on movie_keyword mk  (cost=0.00..81003.12 rows=246 width=0) (actual time=15.704..1162.843 rows=59 loops=1)
  Filter: (keyword_id = 14204)
  Rows Removed by Filter: 4523871
Planning time: 0.453 ms
Execution time: 1163.015 ms
