Hash Join  (cost=77184.65..116737.18 rows=108404 width=0) (actual time=1036.722..1996.942 rows=128424 loops=1)
  Hash Cond: (mi_idx.movie_id = t.id)
  ->  Seq Scan on movie_info_idx mi_idx  (cost=0.00..21735.35 rows=1380035 width=4) (actual time=0.022..373.967 rows=1380035 loops=1)
  ->  Hash  (cost=73925.90..73925.90 rows=198620 width=4) (actual time=1035.901..1035.901 rows=182023 loops=1)
        Buckets: 131072  Batches: 4  Memory Usage: 2629kB
        ->  Seq Scan on title t  (cost=0.00..73925.90 rows=198620 width=4) (actual time=0.016..973.854 rows=182023 loops=1)
              Filter: ((kind_id < 3) AND (production_year > 2008))
              Rows Removed by Filter: 2346289
Planning time: 0.713 ms
Execution time: 2013.687 ms
