Seq Scan on movie_companies mc  (cost=0.00..51404.11 rows=104 width=0) (actual time=163.821..681.268 rows=249 loops=1)
  Filter: (company_id = 11586)
  Rows Removed by Filter: 2608880
Planning time: 0.333 ms
Execution time: 681.427 ms
