Hash Join  (cost=101600.60..853586.34 rows=119663 width=0) (actual time=1809.056..19410.562 rows=185528 loops=1)
  Hash Cond: (ci.movie_id = t.id)
  ->  Seq Scan on cast_info ci  (cost=0.00..614943.12 rows=36225612 width=4) (actual time=0.016..9345.304 rows=36244344 loops=1)
  ->  Hash  (cost=101496.21..101496.21 rows=8352 width=8) (actual time=1808.480..1808.480 rows=8474 loops=1)
        Buckets: 16384  Batches: 1  Memory Usage: 460kB
        ->  Hash Join  (cost=74498.58..101496.21 rows=8352 width=8) (actual time=1219.724..1804.926 rows=8474 loops=1)
              Hash Cond: (mi_idx.movie_id = t.id)
              ->  Seq Scan on movie_info_idx mi_idx  (cost=0.00..25185.44 rows=460978 width=4) (actual time=0.019..442.351 rows=459925 loops=1)
                    Filter: (info_type_id < 100)
                    Rows Removed by Filter: 920110
              ->  Hash  (cost=73925.90..73925.90 rows=45814 width=4) (actual time=1219.412..1219.412 rows=55711 loops=1)
                    Buckets: 65536  Batches: 1  Memory Usage: 2471kB
                    ->  Seq Scan on title t  (cost=0.00..73925.90 rows=45814 width=4) (actual time=0.009..1196.928 rows=55711 loops=1)
                          Filter: ((production_year > 2005) AND (kind_id = 4))
                          Rows Removed by Filter: 2472601
Planning time: 0.826 ms
Execution time: 19443.969 ms
