Seq Scan on cast_info ci  (cost=0.00..705507.15 rows=19348463 width=0) (actual time=0.015..10534.465 rows=19257144 loops=1)
  Filter: (person_id < 1924561)
  Rows Removed by Filter: 16987200
Planning time: 0.343 ms
Execution time: 12866.336 ms
