Hash Join  (cost=58375.53..416113.49 rows=21 width=0) (actual time=3279.166..5956.426 rows=3 loops=1)
  Hash Cond: (mi.movie_id = t.id)
  ->  Seq Scan on movie_info mi  (cost=0.00..346232.03 rows=3068194 width=4) (actual time=1681.424..4897.798 rows=3036719 loops=1)
        Filter: (info_type_id = 16)
        Rows Removed by Filter: 11799001
  ->  Hash  (cost=58375.31..58375.31 rows=17 width=8) (actual time=639.660..639.660 rows=5 loops=1)
        Buckets: 1024  Batches: 1  Memory Usage: 9kB
        ->  Nested Loop  (cost=0.43..58375.31 rows=17 width=8) (actual time=34.091..639.644 rows=5 loops=1)
              ->  Seq Scan on movie_companies mc  (cost=0.00..57926.93 rows=53 width=4) (actual time=1.408..628.708 rows=455 loops=1)
                    Filter: ((company_id = 561) AND (company_type_id = 2))
                    Rows Removed by Filter: 2608674
              ->  Index Scan using title_pkey on title t  (cost=0.43..8.45 rows=1 width=4) (actual time=0.023..0.023 rows=0 loops=455)
                    Index Cond: (id = mc.movie_id)
                    Filter: (production_year < 1995)
                    Rows Removed by Filter: 1
Planning time: 1.283 ms
Execution time: 5956.599 ms
