Hash Join  (cost=224303.76..1052858.65 rows=3021931 width=0) (actual time=5413.718..26275.783 rows=24731775 loops=1)
  Hash Cond: (ci.movie_id = t.id)
  ->  Seq Scan on cast_info ci  (cost=0.00..705507.15 rows=7692641 width=4) (actual time=15.410..10976.595 rows=7591229 loops=1)
        Filter: (person_id < 736140)
        Rows Removed by Filter: 28653115
  ->  Hash  (cost=208006.61..208006.61 rows=993292 width=8) (actual time=5397.038..5397.038 rows=2160839 loops=1)
        Buckets: 131072 (originally 131072)  Batches: 32 (originally 16)  Memory Usage: 3652kB
        ->  Hash Join  (cost=83810.17..208006.61 rows=993292 width=8) (actual time=1341.485..4767.264 rows=2160839 loops=1)
              Hash Cond: (mk.movie_id = t.id)
              ->  Seq Scan on movie_keyword mk  (cost=0.00..81003.12 rows=2542772 width=4) (actual time=0.022..1527.465 rows=2541599 loops=1)
                    Filter: (keyword_id > 3501)
                    Rows Removed by Filter: 1982331
              ->  Hash  (cost=67604.59..67604.59 rows=987727 width=4) (actual time=1340.633..1340.633 rows=985048 loops=1)
                    Buckets: 131072  Batches: 16  Memory Usage: 3197kB
                    ->  Seq Scan on title t  (cost=0.00..67604.59 rows=987727 width=4) (actual time=0.023..1028.561 rows=985048 loops=1)
                          Filter: (kind_id < 7)
                          Rows Removed by Filter: 1543264
Planning time: 1.215 ms
Execution time: 28975.274 ms
