Seq Scan on movie_keyword mk  (cost=0.00..81003.12 rows=3152269 width=0) (actual time=0.014..1280.110 rows=3141008 loops=1)
  Filter: (keyword_id > 1852)
  Rows Removed by Filter: 1382922
Planning time: 0.307 ms
Execution time: 1665.228 ms
