Hash Join  (cost=69687.24..186792.74 rows=148149 width=0) (actual time=1537.675..4080.214 rows=132841 loops=1)
  Hash Cond: (mk.movie_id = t.id)
  ->  Seq Scan on movie_keyword mk  (cost=0.00..81003.12 rows=2951170 width=4) (actual time=0.014..1588.898 rows=2941811 loops=1)
        Filter: (keyword_id > 2402)
        Rows Removed by Filter: 1582119
  ->  Hash  (cost=67604.59..67604.59 rows=126932 width=4) (actual time=1536.251..1536.251 rows=122861 loops=1)
        Buckets: 131072  Batches: 2  Memory Usage: 3197kB
        ->  Seq Scan on title t  (cost=0.00..67604.59 rows=126932 width=4) (actual time=0.019..1081.092 rows=122861 loops=1)
              Filter: (production_year = 2008)
              Rows Removed by Filter: 2405451
Planning time: 0.596 ms
Execution time: 4097.858 ms
