Hash Join  (cost=129717.78..251324.39 rows=350161 width=0) (actual time=2620.800..6078.940 rows=2548682 loops=1)
  Hash Cond: (mk.movie_id = t.id)
  ->  Seq Scan on movie_keyword mk  (cost=0.00..81003.12 rows=3112500 width=4) (actual time=0.018..1687.857 rows=3095115 loops=1)
        Filter: (keyword_id > 1962)
        Rows Removed by Filter: 1428815
  ->  Hash  (cost=125049.99..125049.99 rows=284463 width=8) (actual time=2470.533..2470.533 rows=428167 loops=1)
        Buckets: 131072 (originally 131072)  Batches: 8 (originally 4)  Memory Usage: 3138kB
        ->  Hash Join  (cost=82476.88..125049.99 rows=284463 width=8) (actual time=1186.353..2352.302 rows=428167 loops=1)
              Hash Cond: (mi_idx.movie_id = t.id)
              ->  Seq Scan on movie_info_idx mi_idx  (cost=0.00..21735.35 rows=1380035 width=4) (actual time=0.021..409.898 rows=1380035 loops=1)
              ->  Hash  (cost=73925.90..73925.90 rows=521198 width=4) (actual time=1184.085..1184.085 rows=403873 loops=1)
                    Buckets: 131072  Batches: 8  Memory Usage: 2798kB
                    ->  Seq Scan on title t  (cost=0.00..73925.90 rows=521198 width=4) (actual time=0.027..1056.151 rows=403873 loops=1)
                          Filter: ((kind_id < 4) AND (production_year > 1997))
                          Rows Removed by Filter: 2124439
Planning time: 1.147 ms
Execution time: 6383.408 ms
