Seq Scan on cast_info ci  (cost=0.00..796071.18 rows=276 width=0) (actual time=10977.077..11399.733 rows=1 loops=1)
  Filter: ((role_id < 3) AND (person_id = 95456))
  Rows Removed by Filter: 36244343
Planning time: 0.415 ms
Execution time: 11399.861 ms
