Seq Scan on cast_info ci  (cost=0.00..796071.18 rows=224 width=0) (actual time=4033.711..12729.914 rows=7 loops=1)
  Filter: ((role_id > 2) AND (person_id = 20143))
  Rows Removed by Filter: 36244337
Planning time: 0.482 ms
Execution time: 12730.134 ms
