Hash Join  (cost=893576.77..1008233.02 rows=98927 width=0) (actual time=13566.454..19168.428 rows=16023642 loops=1)
  Hash Cond: (mk.movie_id = t.id)
  ->  Seq Scan on movie_keyword mk  (cost=0.00..81003.12 rows=2794626 width=4) (actual time=0.016..1547.955 rows=2785270 loops=1)
        Filter: (keyword_id > 2837)
        Rows Removed by Filter: 1738660
  ->  Hash  (cost=892107.93..892107.93 rows=89507 width=8) (actual time=13563.157..13563.157 rows=680149 loops=1)
        Buckets: 131072 (originally 131072)  Batches: 16 (originally 2)  Memory Usage: 3073kB
        ->  Hash Join  (cost=88716.22..892107.93 rows=89507 width=8) (actual time=9391.109..13354.091 rows=680149 loops=1)
              Hash Cond: (ci.movie_id = t.id)
              ->  Seq Scan on cast_info ci  (cost=0.00..796071.18 rows=251058 width=4) (actual time=7959.321..10672.369 rows=1970970 loops=1)
                    Filter: ((person_id > 3642804) AND (role_id = 10))
                    Rows Removed by Filter: 34273374
              ->  Hash  (cost=73925.90..73925.90 rows=901465 width=4) (actual time=1430.760..1430.760 rows=822656 loops=1)
                    Buckets: 131072  Batches: 16  Memory Usage: 2832kB
                    ->  Seq Scan on title t  (cost=0.00..73925.90 rows=901465 width=4) (actual time=0.023..1169.045 rows=822656 loops=1)
                          Filter: ((kind_id < 7) AND (production_year > 1946))
                          Rows Removed by Filter: 1705656
Planning time: 1.280 ms
Execution time: 20631.373 ms
