Hash Join  (cost=80827.88..793758.45 rows=72688 width=0) (actual time=2164.788..12778.141 rows=43902 loops=1)
  Hash Cond: (ci.movie_id = t.id)
  ->  Seq Scan on cast_info ci  (cost=0.00..705507.15 rows=436943 width=4) (actual time=890.464..11245.728 rows=457939 loops=1)
        Filter: (person_id > 3974242)
        Rows Removed by Filter: 35786405
  ->  Hash  (cost=73925.90..73925.90 rows=420638 width=4) (actual time=1273.260..1273.260 rows=301535 loops=1)
        Buckets: 131072  Batches: 8  Memory Usage: 2337kB
        ->  Seq Scan on title t  (cost=0.00..73925.90 rows=420638 width=4) (actual time=336.309..1175.309 rows=301535 loops=1)
              Filter: ((production_year < 1990) AND (kind_id = 7))
              Rows Removed by Filter: 2226777
Planning time: 0.756 ms
Execution time: 12784.251 ms
