Hash Join  (cost=158074.22..960752.21 rows=105169 width=0) (actual time=2487.858..19107.773 rows=36105 loops=1)
  Hash Cond: (ci.movie_id = t.id)
  ->  Seq Scan on cast_info ci  (cost=0.00..705507.15 rows=25631764 width=4) (actual time=0.017..12120.450 rows=25646507 loops=1)
        Filter: (person_id < 2648702)
        Rows Removed by Filter: 10597837
  ->  Hash  (cost=157944.54..157944.54 rows=10375 width=8) (actual time=2484.060..2484.060 rows=1684 loops=1)
        Buckets: 16384  Batches: 1  Memory Usage: 194kB
        ->  Hash Join  (cost=74438.43..157944.54 rows=10375 width=8) (actual time=1169.407..2483.122 rows=1684 loops=1)
              Hash Cond: (mk.movie_id = t.id)
              ->  Seq Scan on movie_keyword mk  (cost=0.00..81003.12 rows=639795 width=4) (actual time=0.023..1276.233 rows=651328 loops=1)
                    Filter: (keyword_id > 28851)
                    Rows Removed by Filter: 3872602
              ->  Hash  (cost=73925.90..73925.90 rows=41002 width=4) (actual time=1076.905..1076.905 rows=40409 loops=1)
                    Buckets: 65536  Batches: 1  Memory Usage: 1933kB
                    ->  Seq Scan on title t  (cost=0.00..73925.90 rows=41002 width=4) (actual time=0.038..1059.926 rows=40409 loops=1)
                          Filter: ((kind_id > 4) AND (production_year > 2012))
                          Rows Removed by Filter: 2487903
Planning time: 1.156 ms
Execution time: 19113.933 ms
