Hash Join  (cost=70135.59..931155.35 rows=776289 width=0) (actual time=1860.932..18998.386 rows=638953 loops=1)
  Hash Cond: (ci.movie_id = t.id)
  ->  Seq Scan on cast_info ci  (cost=0.00..705507.15 rows=12726058 width=4) (actual time=918.954..13022.711 rows=12670688 loops=1)
        Filter: (role_id < 2)
        Rows Removed by Filter: 23573656
  ->  Hash  (cost=67604.59..67604.59 rows=154240 width=4) (actual time=941.010..941.010 rows=157497 loops=1)
        Buckets: 131072  Batches: 4  Memory Usage: 2405kB
        ->  Seq Scan on title t  (cost=0.00..67604.59 rows=154240 width=4) (actual time=0.633..888.807 rows=157497 loops=1)
              Filter: (production_year < 1948)
              Rows Removed by Filter: 2370815
Planning time: 0.675 ms
Execution time: 19075.793 ms
