Hash Join  (cost=184760.56..314404.15 rows=627155 width=0) (actual time=3633.998..7885.264 rows=4408327 loops=1)
  Hash Cond: (mk.movie_id = t.id)
  ->  Seq Scan on movie_keyword mk  (cost=0.00..69693.30 rows=4523930 width=4) (actual time=0.018..1260.483 rows=4523930 loops=1)
  ->  Hash  (cost=179008.92..179008.92 rows=350531 width=8) (actual time=3632.126..3632.126 rows=661828 loops=1)
        Buckets: 131072 (originally 131072)  Batches: 16 (originally 8)  Memory Usage: 3073kB
        ->  Hash Join  (cost=102767.86..179008.92 rows=350531 width=8) (actual time=1928.908..3441.923 rows=661828 loops=1)
              Hash Cond: (mc.movie_id = t.id)
              ->  Seq Scan on movie_companies mc  (cost=0.00..57926.93 rows=350531 width=4) (actual time=288.276..865.332 rows=661828 loops=1)
                    Filter: ((company_id > 46530) AND (company_type_id = 2))
                    Rows Removed by Filter: 1947301
              ->  Hash  (cost=61283.27..61283.27 rows=2528527 width=4) (actual time=1639.388..1639.388 rows=2528312 loops=1)
                    Buckets: 131072  Batches: 64  Memory Usage: 2415kB
                    ->  Seq Scan on title t  (cost=0.00..61283.27 rows=2528527 width=4) (actual time=0.027..832.265 rows=2528312 loops=1)
Planning time: 1.141 ms
Execution time: 8338.631 ms
