Hash Join  (cost=83073.36..109984.31 rows=47 width=0) (actual time=1229.007..1760.870 rows=1277 loops=1)
  Hash Cond: (mi_idx.movie_id = t.id)
  ->  Seq Scan on movie_info_idx mi_idx  (cost=0.00..21735.35 rows=1380035 width=4) (actual time=0.014..296.996 rows=1380035 loops=1)
  ->  Hash  (cost=83072.29..83072.29 rows=86 width=8) (actual time=1212.745..1212.745 rows=489 loops=1)
        Buckets: 1024  Batches: 1  Memory Usage: 28kB
        ->  Nested Loop  (cost=0.43..83072.29 rows=86 width=8) (actual time=0.072..1212.307 rows=489 loops=1)
              ->  Seq Scan on movie_keyword mk  (cost=0.00..81003.12 rows=246 width=4) (actual time=0.034..1180.733 rows=804 loops=1)
                    Filter: (keyword_id = 542)
                    Rows Removed by Filter: 4523126
              ->  Index Scan using title_pkey on title t  (cost=0.43..8.40 rows=1 width=4) (actual time=0.038..0.038 rows=1 loops=804)
                    Index Cond: (id = mk.movie_id)
                    Filter: (production_year < 1997)
                    Rows Removed by Filter: 0
Planning time: 1.239 ms
Execution time: 1761.262 ms
