Hash Join  (cost=158847.18..268972.66 rows=211090 width=0) (actual time=3367.464..7499.500 rows=7936232 loops=1)
  Hash Cond: (mk.movie_id = t.id)
  ->  Seq Scan on movie_keyword mk  (cost=0.00..81003.12 rows=2256123 width=4) (actual time=0.010..1504.965 rows=2253378 loops=1)
        Filter: (keyword_id > 4758)
        Rows Removed by Filter: 2270552
  ->  Hash  (cost=154964.97..154964.97 rows=236577 width=8) (actual time=3366.432..3366.432 rows=507366 loops=1)
        Buckets: 131072 (originally 131072)  Batches: 8 (originally 4)  Memory Usage: 3539kB
        ->  Hash Join  (cost=83810.17..154964.97 rows=236577 width=8) (actual time=1644.291..3191.392 rows=507366 loops=1)
              Hash Cond: (mc.movie_id = t.id)
              ->  Seq Scan on movie_companies mc  (cost=0.00..57926.93 rows=605623 width=4) (actual time=268.397..1057.973 rows=824205 loops=1)
                    Filter: ((company_id < 11141) AND (company_type_id = 1))
                    Rows Removed by Filter: 1784924
              ->  Hash  (cost=67604.59..67604.59 rows=987727 width=4) (actual time=1375.093..1375.093 rows=985048 loops=1)
                    Buckets: 131072  Batches: 16  Memory Usage: 3188kB
                    ->  Seq Scan on title t  (cost=0.00..67604.59 rows=987727 width=4) (actual time=0.027..1066.712 rows=985048 loops=1)
                          Filter: (kind_id < 7)
                          Rows Removed by Filter: 1543264
Planning time: 1.080 ms
Execution time: 8294.991 ms
