Hash Join  (cost=93117.31..223780.99 rows=1413527 width=0) (actual time=1625.005..4898.393 rows=1736638 loops=1)
  Hash Cond: (mk.movie_id = t.id)
  ->  Seq Scan on movie_keyword mk  (cost=0.00..81003.12 rows=2298457 width=4) (actual time=0.028..1464.788 rows=2302439 loops=1)
        Filter: (keyword_id > 4536)
        Rows Removed by Filter: 2221491
  ->  Hash  (cost=67604.59..67604.59 rows=1555018 width=4) (actual time=1623.335..1623.335 rows=1551727 loops=1)
        Buckets: 131072  Batches: 32  Memory Usage: 2736kB
        ->  Seq Scan on title t  (cost=0.00..67604.59 rows=1555018 width=4) (actual time=0.021..1126.682 rows=1551727 loops=1)
              Filter: (production_year < 2007)
              Rows Removed by Filter: 976585
Planning time: 0.736 ms
Execution time: 5111.494 ms
