Nested Loop  (cost=0.43..83072.29 rows=14 width=0) (actual time=43.565..1284.047 rows=96 loops=1)
  ->  Seq Scan on movie_keyword mk  (cost=0.00..81003.12 rows=246 width=4) (actual time=0.623..1171.961 rows=3418 loops=1)
        Filter: (keyword_id = 763)
        Rows Removed by Filter: 4520512
  ->  Index Scan using title_pkey on title t  (cost=0.43..8.40 rows=1 width=4) (actual time=0.032..0.032 rows=0 loops=3418)
        Index Cond: (id = mk.movie_id)
        Filter: (production_year = 2010)
        Rows Removed by Filter: 1
Planning time: 0.710 ms
Execution time: 1284.221 ms
