Hash Join  (cost=82131.75..169777.06 rows=913679 width=0) (actual time=1488.359..4267.249 rows=1248606 loops=1)
  Hash Cond: (mc.movie_id = t.id)
  ->  Seq Scan on movie_companies mc  (cost=0.00..44881.29 rows=2609129 width=4) (actual time=0.031..888.430 rows=2609129 loops=1)
  ->  Hash  (cost=67604.59..67604.59 rows=885453 width=4) (actual time=1487.441..1487.441 rows=885650 loops=1)
        Buckets: 131072  Batches: 16  Memory Usage: 2972kB
        ->  Seq Scan on title t  (cost=0.00..67604.59 rows=885453 width=4) (actual time=0.014..1217.964 rows=885650 loops=1)
              Filter: (production_year < 1997)
              Rows Removed by Filter: 1642662
Planning time: 0.751 ms
Execution time: 4425.262 ms
