Hash Join  (cost=122841.38..249825.53 rows=199250 width=0) (actual time=2852.046..5019.624 rows=148415 loops=1)
  Hash Cond: (mk.movie_id = t.id)
  ->  Seq Scan on movie_keyword mk  (cost=0.00..81003.12 rows=3759073 width=4) (actual time=0.015..1583.174 rows=3758910 loops=1)
        Filter: (keyword_id > 720)
        Rows Removed by Filter: 765020
  ->  Hash  (cost=120642.07..120642.07 rows=134025 width=8) (actual time=2304.499..2304.499 rows=74364 loops=1)
        Buckets: 131072  Batches: 2  Memory Usage: 2487kB
        ->  Hash Join  (cost=85894.26..120642.07 rows=134025 width=8) (actual time=1738.002..2276.156 rows=74364 loops=1)
              Hash Cond: (mi_idx.movie_id = t.id)
              ->  Seq Scan on movie_info_idx mi_idx  (cost=0.00..25185.44 rows=464566 width=4) (actual time=0.010..449.019 rows=459925 loops=1)
                    Filter: (info_type_id = 101)
                    Rows Removed by Filter: 920110
              ->  Hash  (cost=73925.90..73925.90 rows=729468 width=4) (actual time=1463.720..1463.720 rows=638430 loops=1)
                    Buckets: 131072  Batches: 16  Memory Usage: 2425kB
                    ->  Seq Scan on title t  (cost=0.00..73925.90 rows=729468 width=4) (actual time=0.020..1260.617 rows=638430 loops=1)
                          Filter: ((production_year < 2003) AND (kind_id = 7))
                          Rows Removed by Filter: 1889882
Planning time: 1.164 ms
Execution time: 5038.473 ms
