Hash Join  (cost=709678.15..796345.14 rows=895 width=0) (actual time=10679.410..11341.419 rows=947 loops=1)
  Hash Cond: (mk.movie_id = t.id)
  ->  Seq Scan on movie_keyword mk  (cost=0.00..69693.30 rows=4523930 width=4) (actual time=0.020..570.982 rows=4523930 loops=1)
  ->  Hash  (cost=709671.90..709671.90 rows=500 width=8) (actual time=10277.385..10277.385 rows=10 loops=1)
        Buckets: 1024  Batches: 1  Memory Usage: 9kB
        ->  Nested Loop  (cost=0.43..709671.90 rows=500 width=8) (actual time=8039.526..10277.343 rows=10 loops=1)
              ->  Seq Scan on cast_info ci  (cost=0.00..705507.15 rows=500 width=4) (actual time=8039.316..10276.880 rows=10 loops=1)
                    Filter: (person_id = 3974709)
                    Rows Removed by Filter: 36244334
              ->  Index Only Scan using title_pkey on title t  (cost=0.43..8.32 rows=1 width=4) (actual time=0.034..0.034 rows=1 loops=10)
                    Index Cond: (id = ci.movie_id)
                    Heap Fetches: 10
Planning time: 1.106 ms
Execution time: 11341.592 ms
