Hash Join  (cost=224082.26..265508.81 rows=272148 width=0) (actual time=4428.561..5591.260 rows=1164584 loops=1)
  Hash Cond: (mi_idx.movie_id = t.id)
  ->  Seq Scan on movie_info_idx mi_idx  (cost=0.00..25185.44 rows=915101 width=4) (actual time=0.010..468.475 rows=919850 loops=1)
        Filter: (info_type_id < 101)
        Rows Removed by Filter: 460185
  ->  Hash  (cost=211744.58..211744.58 rows=751975 width=8) (actual time=4427.534..4427.534 rows=758989 loops=1)
        Buckets: 131072  Batches: 16  Memory Usage: 2913kB
        ->  Hash Join  (cost=102767.86..211744.58 rows=751975 width=8) (actual time=1852.489..4208.082 rows=758989 loops=1)
              Hash Cond: (mk.movie_id = t.id)
              ->  Seq Scan on movie_keyword mk  (cost=0.00..81003.12 rows=751975 width=4) (actual time=0.025..1325.957 rows=758989 loops=1)
                    Filter: (keyword_id > 24675)
                    Rows Removed by Filter: 3764941
              ->  Hash  (cost=61283.27..61283.27 rows=2528527 width=4) (actual time=1851.019..1851.019 rows=2528312 loops=1)
                    Buckets: 131072  Batches: 64  Memory Usage: 2425kB
                    ->  Seq Scan on title t  (cost=0.00..61283.27 rows=2528527 width=4) (actual time=0.011..981.497 rows=2528312 loops=1)
Planning time: 1.139 ms
Execution time: 5696.324 ms
