Hash Join  (cost=137214.02..253031.47 rows=291685 width=0) (actual time=2875.465..5265.224 rows=199349 loops=1)
  Hash Cond: (mk.movie_id = t.id)
  ->  Seq Scan on movie_keyword mk  (cost=0.00..81003.12 rows=2665192 width=4) (actual time=0.015..1615.677 rows=2658897 loops=1)
        Filter: (keyword_id < 7395)
        Rows Removed by Filter: 1865033
  ->  Hash  (cost=132673.92..132673.92 rows=276728 width=8) (actual time=2599.961..2599.961 rows=141906 loops=1)
        Buckets: 131072  Batches: 4  Memory Usage: 2413kB
        ->  Hash Join  (cost=92883.59..132673.92 rows=276728 width=8) (actual time=1790.497..2555.355 rows=141906 loops=1)
              Hash Cond: (mi_idx.movie_id = t.id)
              ->  Seq Scan on movie_info_idx mi_idx  (cost=0.00..25185.44 rows=454124 width=4) (actual time=0.014..427.545 rows=459925 loops=1)
                    Filter: (info_type_id = 100)
                    Rows Removed by Filter: 920110
              ->  Hash  (cost=67604.59..67604.59 rows=1540800 width=4) (actual time=1628.535..1628.535 rows=1543264 loops=1)
                    Buckets: 131072  Batches: 32  Memory Usage: 2722kB
                    ->  Seq Scan on title t  (cost=0.00..67604.59 rows=1540800 width=4) (actual time=141.391..1115.711 rows=1543264 loops=1)
                          Filter: (kind_id = 7)
                          Rows Removed by Filter: 985048
Planning time: 8.226 ms
Execution time: 5290.888 ms
