Seq Scan on movie_keyword mk  (cost=0.00..81003.12 rows=2487535 width=0) (actual time=0.014..1262.358 rows=2481413 loops=1)
  Filter: (keyword_id < 6019)
  Rows Removed by Filter: 2042517
Planning time: 0.308 ms
Execution time: 1568.888 ms
