Seq Scan on movie_companies mc  (cost=0.00..57926.93 rows=1248820 width=0) (actual time=325.477..678.200 rows=1296872 loops=1)
  Filter: ((company_id > 27) AND (company_type_id > 1))
  Rows Removed by Filter: 1312257
Planning time: 3.266 ms
Execution time: 768.606 ms
