Seq Scan on movie_companies mc  (cost=0.00..51404.11 rows=1156510 width=0) (actual time=0.017..924.724 rows=1152481 loops=1)
  Filter: (company_id < 9078)
  Rows Removed by Filter: 1456648
Planning time: 0.391 ms
Execution time: 1069.649 ms
