Seq Scan on movie_keyword mk  (cost=0.00..81003.12 rows=3690979 width=0) (actual time=0.035..1348.256 rows=3684127 loops=1)
  Filter: (keyword_id < 21882)
  Rows Removed by Filter: 839803
Planning time: 0.345 ms
Execution time: 1815.136 ms
