Hash Join  (cost=100245.54..187778.82 rows=10607 width=0) (actual time=1640.087..3233.064 rows=41739 loops=1)
  Hash Cond: (mk.movie_id = t.id)
  ->  Seq Scan on movie_keyword mk  (cost=0.00..81003.12 rows=1713087 width=4) (actual time=0.015..1291.960 rows=1719429 loops=1)
        Filter: (keyword_id > 8252)
        Rows Removed by Filter: 2804501
  ->  Hash  (cost=100049.85..100049.85 rows=15656 width=8) (actual time=1639.768..1639.768 rows=17034 loops=1)
        Buckets: 32768 (originally 16384)  Batches: 1 (originally 1)  Memory Usage: 922kB
        ->  Hash Join  (cost=69002.72..100049.85 rows=15656 width=8) (actual time=970.738..1632.186 rows=17034 loops=1)
              Hash Cond: (mi_idx.movie_id = t.id)
              ->  Seq Scan on movie_info_idx mi_idx  (cost=0.00..25185.44 rows=464566 width=4) (actual time=0.022..467.813 rows=459925 loops=1)
                    Filter: (info_type_id = 101)
                    Rows Removed by Filter: 920110
              ->  Hash  (cost=67604.59..67604.59 rows=85211 width=4) (actual time=969.953..969.953 rows=84593 loops=1)
                    Buckets: 131072  Batches: 2  Memory Usage: 2518kB
                    ->  Seq Scan on title t  (cost=0.00..67604.59 rows=85211 width=4) (actual time=0.016..937.487 rows=84593 loops=1)
                          Filter: (production_year = 2004)
                          Rows Removed by Filter: 2443719
Planning time: 7.426 ms
Execution time: 3239.030 ms
