Hash Join  (cost=217858.32..1047391.09 rows=3714797 width=0) (actual time=11084.459..22672.198 rows=7528570 loops=1)
  Hash Cond: (ci.movie_id = t.id)
  ->  Seq Scan on cast_info ci  (cost=0.00..705507.15 rows=7064441 width=4) (actual time=5650.784..10931.267 rows=7134724 loops=1)
        Filter: (person_id > 2953786)
        Rows Removed by Filter: 29109620
  ->  Hash  (cost=196044.17..196044.17 rows=1329612 width=8) (actual time=5432.684..5432.684 rows=1334883 loops=1)
        Buckets: 131072  Batches: 32  Memory Usage: 2639kB
        ->  Hash Join  (cost=102767.86..196044.17 rows=1329612 width=8) (actual time=2020.053..4960.602 rows=1334883 loops=1)
              Hash Cond: (mc.movie_id = t.id)
              ->  Seq Scan on movie_companies mc  (cost=0.00..51404.11 rows=1329612 width=4) (actual time=105.342..958.656 rows=1334883 loops=1)
                    Filter: (company_type_id = 2)
                    Rows Removed by Filter: 1274246
              ->  Hash  (cost=61283.27..61283.27 rows=2528527 width=4) (actual time=1913.311..1913.311 rows=2528312 loops=1)
                    Buckets: 131072  Batches: 64  Memory Usage: 2415kB
                    ->  Seq Scan on title t  (cost=0.00..61283.27 rows=2528527 width=4) (actual time=0.028..1080.752 rows=2528312 loops=1)
Planning time: 2.560 ms
Execution time: 23552.949 ms
