Hash Join  (cost=101489.21..246993.08 rows=2197007 width=0) (actual time=2099.970..6057.232 rows=2483912 loops=1)
  Hash Cond: (mk.movie_id = t.id)
  ->  Seq Scan on movie_keyword mk  (cost=0.00..81003.12 rows=2689735 width=4) (actual time=0.015..1605.891 rows=2680613 loops=1)
        Filter: (keyword_id > 3052)
        Rows Removed by Filter: 1843317
  ->  Hash  (cost=67604.59..67604.59 rows=2065330 width=4) (actual time=2098.970..2098.970 rows=2064552 loops=1)
        Buckets: 131072  Batches: 32  Memory Usage: 3298kB
        ->  Seq Scan on title t  (cost=0.00..67604.59 rows=2065330 width=4) (actual time=0.009..1405.678 rows=2064552 loops=1)
              Filter: (production_year < 2011)
              Rows Removed by Filter: 463760
Planning time: 0.732 ms
Execution time: 6323.072 ms
