Seq Scan on movie_companies mc  (cost=0.00..57926.93 rows=1220250 width=0) (actual time=470.763..1100.692 rows=1118877 loops=1)
  Filter: ((company_id < 109012) AND (company_type_id > 1))
  Rows Removed by Filter: 1490252
Planning time: 0.331 ms
Execution time: 1240.222 ms
