Hash Join  (cost=147027.23..216371.98 rows=177444 width=0) (actual time=3200.546..5139.434 rows=676323 loops=1)
  Hash Cond: (mc.movie_id = t.id)
  ->  Seq Scan on movie_companies mc  (cost=0.00..51404.11 rows=1279517 width=4) (actual time=217.729..996.622 rows=1274246 loops=1)
        Filter: (company_type_id = 1)
        Rows Removed by Filter: 1334883
  ->  Hash  (cost=141274.02..141274.02 rows=350657 width=8) (actual time=2981.890..2981.890 rows=395802 loops=1)
        Buckets: 131072  Batches: 8  Memory Usage: 2963kB
        ->  Hash Join  (cost=99161.12..141274.02 rows=350657 width=8) (actual time=1768.531..2867.503 rows=395802 loops=1)
              Hash Cond: (mi_idx.movie_id = t.id)
              ->  Seq Scan on movie_info_idx mi_idx  (cost=0.00..25185.44 rows=460978 width=4) (actual time=0.021..415.764 rows=459925 loops=1)
                    Filter: (info_type_id < 100)
                    Rows Removed by Filter: 920110
              ->  Hash  (cost=67604.59..67604.59 rows=1923403 width=4) (actual time=1767.386..1767.386 rows=1922849 loops=1)
                    Buckets: 131072  Batches: 32  Memory Usage: 3132kB
                    ->  Seq Scan on title t  (cost=0.00..67604.59 rows=1923403 width=4) (actual time=0.027..1165.298 rows=1922849 loops=1)
                          Filter: (production_year < 2010)
                          Rows Removed by Filter: 605463
Planning time: 2.000 ms
Execution time: 5224.159 ms
