Hash Join  (cost=102767.86..173658.82 rows=128248 width=0) (actual time=1941.947..3063.095 rows=57700 loops=1)
  Hash Cond: (mc.movie_id = t.id)
  ->  Seq Scan on movie_companies mc  (cost=0.00..57926.93 rows=128248 width=4) (actual time=135.664..773.348 rows=57700 loops=1)
        Filter: ((company_id < 115) AND (company_type_id > 1))
        Rows Removed by Filter: 2551429
  ->  Hash  (cost=61283.27..61283.27 rows=2528527 width=4) (actual time=1804.983..1804.983 rows=2528312 loops=1)
        Buckets: 131072  Batches: 64  Memory Usage: 2415kB
        ->  Seq Scan on title t  (cost=0.00..61283.27 rows=2528527 width=4) (actual time=0.029..980.355 rows=2528312 loops=1)
Planning time: 0.684 ms
Execution time: 3070.824 ms
