Hash Join  (cost=141953.15..274347.99 rows=852980 width=0) (actual time=2788.682..6628.565 rows=672330 loops=1)
  Hash Cond: (mk.movie_id = t.id)
  ->  Seq Scan on movie_keyword mk  (cost=0.00..69693.30 rows=4523930 width=4) (actual time=0.008..1221.886 rows=4523930 loops=1)
  ->  Hash  (cost=134130.77..134130.77 rows=476750 width=8) (actual time=2785.475..2785.475 rows=237921 loops=1)
        Buckets: 131072  Batches: 8  Memory Usage: 2182kB
        ->  Hash Join  (cost=88257.79..134130.77 rows=476750 width=8) (actual time=1875.354..2710.545 rows=237921 loops=1)
              Hash Cond: (mi_idx.movie_id = t.id)
              ->  Seq Scan on movie_info_idx mi_idx  (cost=0.00..21735.35 rows=1380035 width=4) (actual time=0.014..394.867 rows=1380035 loops=1)
              ->  Hash  (cost=73925.90..73925.90 rows=873511 width=4) (actual time=1484.250..1484.250 rows=957299 loops=1)
                    Buckets: 131072  Batches: 16  Memory Usage: 3134kB
                    ->  Seq Scan on title t  (cost=0.00..73925.90 rows=873511 width=4) (actual time=136.555..1183.007 rows=957299 loops=1)
                          Filter: ((production_year > 1999) AND (kind_id = 7))
                          Rows Removed by Filter: 1571013
Planning time: 7.160 ms
Execution time: 6703.240 ms
