Hash Join  (cost=129534.55..884227.32 rows=390361 width=0) (actual time=2366.909..20918.755 rows=1906149 loops=1)
  Hash Cond: (ci.movie_id = t.id)
  ->  Seq Scan on cast_info ci  (cost=0.00..614943.12 rows=36225612 width=4) (actual time=0.015..7688.313 rows=36244344 loops=1)
  ->  Hash  (cost=129193.96..129193.96 rows=27247 width=8) (actual time=2366.577..2366.577 rows=51151 loops=1)
        Buckets: 65536 (originally 32768)  Batches: 1 (originally 1)  Memory Usage: 2511kB
        ->  Hash Join  (cost=74255.97..129193.96 rows=27247 width=8) (actual time=1156.947..2346.301 rows=51151 loops=1)
              Hash Cond: (mc.movie_id = t.id)
              ->  Seq Scan on movie_companies mc  (cost=0.00..44881.29 rows=2609129 width=4) (actual time=0.022..553.918 rows=2609129 loops=1)
              ->  Hash  (cost=73925.90..73925.90 rows=26405 width=4) (actual time=1156.137..1156.137 rows=23926 loops=1)
                    Buckets: 32768  Batches: 1  Memory Usage: 1098kB
                    ->  Seq Scan on title t  (cost=0.00..73925.90 rows=26405 width=4) (actual time=0.046..1146.075 rows=23926 loops=1)
                          Filter: ((kind_id < 7) AND (production_year = 2003))
                          Rows Removed by Filter: 2504386
Planning time: 1.206 ms
Execution time: 21174.375 ms
