Hash Join  (cost=217858.32..728685.17 rows=4983066 width=0) (actual time=4614.644..19770.183 rows=11791138 loops=1)
  Hash Cond: (mi.movie_id = t.id)
  ->  Seq Scan on movie_info mi  (cost=0.00..346232.03 rows=9476311 width=4) (actual time=0.014..5995.624 rows=9565151 loops=1)
        Filter: (info_type_id < 16)
        Rows Removed by Filter: 5270569
  ->  Hash  (cost=196044.17..196044.17 rows=1329612 width=8) (actual time=4613.764..4613.764 rows=1334883 loops=1)
        Buckets: 131072  Batches: 32  Memory Usage: 2657kB
        ->  Hash Join  (cost=102767.86..196044.17 rows=1329612 width=8) (actual time=1832.232..4212.756 rows=1334883 loops=1)
              Hash Cond: (mc.movie_id = t.id)
              ->  Seq Scan on movie_companies mc  (cost=0.00..51404.11 rows=1329612 width=4) (actual time=9.709..879.855 rows=1334883 loops=1)
                    Filter: (company_type_id > 1)
                    Rows Removed by Filter: 1274246
              ->  Hash  (cost=61283.27..61283.27 rows=2528527 width=4) (actual time=1821.177..1821.177 rows=2528312 loops=1)
                    Buckets: 131072  Batches: 64  Memory Usage: 2415kB
                    ->  Seq Scan on title t  (cost=0.00..61283.27 rows=2528527 width=4) (actual time=0.018..976.465 rows=2528312 loops=1)
Planning time: 4.154 ms
Execution time: 21174.441 ms
