Hash Join  (cost=128695.20..493525.88 rows=17476 width=0) (actual time=2302.474..9561.648 rows=354187 loops=1)
  Hash Cond: (mi.movie_id = t.id)
  ->  Seq Scan on movie_info mi  (cost=0.00..309384.22 rows=14739122 width=4) (actual time=0.019..3943.286 rows=14835720 loops=1)
  ->  Hash  (cost=128657.72..128657.72 rows=2998 width=8) (actual time=2302.269..2302.269 rows=11780 loops=1)
        Buckets: 16384 (originally 4096)  Batches: 1 (originally 1)  Memory Usage: 589kB
        ->  Hash Join  (cost=73962.22..128657.72 rows=2998 width=8) (actual time=1128.015..2297.062 rows=11780 loops=1)
              Hash Cond: (mc.movie_id = t.id)
              ->  Seq Scan on movie_companies mc  (cost=0.00..44881.29 rows=2609129 width=4) (actual time=0.026..637.972 rows=2609129 loops=1)
              ->  Hash  (cost=73925.90..73925.90 rows=2905 width=4) (actual time=1127.876..1127.876 rows=6196 loops=1)
                    Buckets: 8192 (originally 4096)  Batches: 1 (originally 1)  Memory Usage: 282kB
                    ->  Seq Scan on title t  (cost=0.00..73925.90 rows=2905 width=4) (actual time=1.903..1124.765 rows=6196 loops=1)
                          Filter: ((kind_id < 7) AND (production_year = 1975))
                          Rows Removed by Filter: 2522116
Planning time: 1.184 ms
Execution time: 9609.568 ms
