Hash Join  (cost=320928.38..1033199.73 rows=18333162 width=0) (actual time=7856.064..55499.524 rows=161702536 loops=1)
  Hash Cond: (mi.movie_id = t.id)
  ->  Seq Scan on movie_info mi  (cost=0.00..309384.22 rows=14739122 width=4) (actual time=0.020..6417.594 rows=14835720 loops=1)
  ->  Hash  (cost=269328.73..269328.73 rows=3145092 width=8) (actual time=7853.570..7853.570 rows=3129446 loops=1)
        Buckets: 131072  Batches: 64  Memory Usage: 3033kB
        ->  Hash Join  (cost=102767.86..269328.73 rows=3145092 width=8) (actual time=1959.020..6941.273 rows=3129446 loops=1)
              Hash Cond: (mk.movie_id = t.id)
              ->  Seq Scan on movie_keyword mk  (cost=0.00..81003.12 rows=3145092 width=4) (actual time=0.013..1803.044 rows=3129446 loops=1)
                    Filter: (keyword_id < 12015)
                    Rows Removed by Filter: 1394484
              ->  Hash  (cost=61283.27..61283.27 rows=2528527 width=4) (actual time=1958.186..1958.186 rows=2528312 loops=1)
                    Buckets: 131072  Batches: 64  Memory Usage: 2425kB
                    ->  Seq Scan on title t  (cost=0.00..61283.27 rows=2528527 width=4) (actual time=0.023..1101.895 rows=2528312 loops=1)
Planning time: 1.153 ms
Execution time: 72346.296 ms
