Hash Join  (cost=224524.61..758753.81 rows=5100530 width=0) (actual time=5200.114..42556.319 rows=115455233 loops=1)
  Hash Cond: (mi.movie_id = t.id)
  ->  Seq Scan on movie_info mi  (cost=0.00..309384.22 rows=14739122 width=4) (actual time=0.012..5212.875 rows=14835720 loops=1)
  ->  Hash  (cost=210169.04..210169.04 rows=875006 width=8) (actual time=5199.344..5199.344 rows=2032739 loops=1)
        Buckets: 131072 (originally 131072)  Batches: 32 (originally 16)  Memory Usage: 3582kB
        ->  Hash Join  (cost=89030.74..210169.04 rows=875006 width=8) (actual time=1426.406..4631.732 rows=2032739 loops=1)
              Hash Cond: (mk.movie_id = t.id)
              ->  Seq Scan on movie_keyword mk  (cost=0.00..81003.12 rows=2403229 width=4) (actual time=0.023..1491.667 rows=2406387 loops=1)
                    Filter: (keyword_id < 5614)
                    Rows Removed by Filter: 2117543
              ->  Hash  (cost=73925.90..73925.90 rows=920627 width=4) (actual time=1425.252..1425.252 rows=873801 loops=1)
                    Buckets: 131072  Batches: 16  Memory Usage: 2955kB
                    ->  Seq Scan on title t  (cost=0.00..73925.90 rows=920627 width=4) (actual time=0.023..1150.809 rows=873801 loops=1)
                          Filter: ((kind_id < 7) AND (production_year > 1925))
                          Rows Removed by Filter: 1654511
Planning time: 1.161 ms
Execution time: 54932.529 ms
