Seq Scan on movie_keyword mk  (cost=0.00..81003.12 rows=246 width=0) (actual time=15.826..1175.908 rows=474 loops=1)
  Filter: (keyword_id = 3588)
  Rows Removed by Filter: 4523456
Planning time: 0.361 ms
Execution time: 1176.204 ms
