Seq Scan on movie_keyword mk  (cost=0.00..81003.12 rows=246 width=0) (actual time=4.340..1177.560 rows=393 loops=1)
  Filter: (keyword_id = 4497)
  Rows Removed by Filter: 4523537
Planning time: 0.265 ms
Execution time: 1177.815 ms
