Hash Join  (cost=74341.98..973681.75 rows=350225 width=0) (actual time=1102.463..23957.071 rows=371976 loops=1)
  Hash Cond: (ci.movie_id = t.id)
  ->  Seq Scan on cast_info ci  (cost=0.00..796071.18 rows=26604357 width=4) (actual time=0.023..16464.819 rows=28681264 loops=1)
        Filter: ((person_id < 3072520) AND (role_id < 10))
        Rows Removed by Filter: 7563080
  ->  Hash  (cost=73925.90..73925.90 rows=33286 width=4) (actual time=1102.081..1102.081 rows=28113 loops=1)
        Buckets: 65536  Batches: 1  Memory Usage: 1501kB
        ->  Seq Scan on title t  (cost=0.00..73925.90 rows=33286 width=4) (actual time=0.057..1090.372 rows=28113 loops=1)
              Filter: ((kind_id < 7) AND (production_year = 2004))
              Rows Removed by Filter: 2500199
Planning time: 0.741 ms
Execution time: 24015.183 ms
