Nested Loop  (cost=0.43..709671.90 rows=500 width=136) (actual time=5354.971..12133.056 rows=3 loops=1)
  ->  Seq Scan on cast_info ci  (cost=0.00..705507.15 rows=500 width=42) (actual time=5354.868..12132.873 rows=3 loops=1)
        Filter: (person_id = 1888431)
        Rows Removed by Filter: 36244341
  ->  Index Scan using title_pkey on title t  (cost=0.43..8.32 rows=1 width=94) (actual time=0.049..0.050 rows=1 loops=3)
        Index Cond: (id = ci.movie_id)
Planning time: 0.760 ms
Execution time: 12133.127 ms
