Hash Join  (cost=140210.11..267813.57 rows=459742 width=0) (actual time=4516.710..6132.123 rows=369034 loops=1)
  Hash Cond: (mk.movie_id = t.id)
  ->  Seq Scan on movie_keyword mk  (cost=0.00..69693.30 rows=4523930 width=4) (actual time=0.020..1393.981 rows=4523930 loops=1)
  ->  Hash  (cost=135994.11..135994.11 rows=256960 width=8) (actual time=2979.700..2979.700 rows=141856 loops=1)
        Buckets: 131072  Batches: 4  Memory Usage: 2413kB
        ->  Hash Join  (cost=97399.10..135994.11 rows=256960 width=8) (actual time=1902.782..2936.251 rows=141856 loops=1)
              Hash Cond: (mi_idx.movie_id = t.id)
              ->  Seq Scan on movie_info_idx mi_idx  (cost=0.00..25185.44 rows=454124 width=4) (actual time=0.012..544.080 rows=459925 loops=1)
                    Filter: (info_type_id = 100)
                    Rows Removed by Filter: 920110
              ->  Hash  (cost=73925.90..73925.90 rows=1430736 width=4) (actual time=1902.072..1902.072 rows=1478437 loops=1)
                    Buckets: 131072  Batches: 32  Memory Usage: 2651kB
                    ->  Seq Scan on title t  (cost=0.00..73925.90 rows=1430736 width=4) (actual time=117.212..1430.820 rows=1478437 loops=1)
                          Filter: ((production_year > 1929) AND (kind_id = 7))
                          Rows Removed by Filter: 1049875
Planning time: 0.786 ms
Execution time: 6178.170 ms
