Seq Scan on movie_companies mc  (cost=0.00..57926.93 rows=992026 width=0) (actual time=0.025..970.141 rows=853363 loops=1)
  Filter: ((company_id > 654) AND (company_type_id = 1))
  Rows Removed by Filter: 1755766
Planning time: 0.368 ms
Execution time: 1071.579 ms
