Hash Join  (cost=98098.54..139912.67 rows=341487 width=0) (actual time=1851.158..2840.834 rows=329797 loops=1)
  Hash Cond: (mi_idx.movie_id = t.id)
  ->  Seq Scan on movie_info_idx mi_idx  (cost=0.00..25185.44 rows=464566 width=4) (actual time=0.011..492.224 rows=459925 loops=1)
        Filter: (info_type_id = 101)
        Rows Removed by Filter: 920110
  ->  Hash  (cost=67604.59..67604.59 rows=1858636 width=4) (actual time=1849.819..1849.819 rows=1852807 loops=1)
        Buckets: 131072  Batches: 32  Memory Usage: 3067kB
        ->  Seq Scan on title t  (cost=0.00..67604.59 rows=1858636 width=4) (actual time=0.015..1257.794 rows=1852807 loops=1)
              Filter: (production_year > 1985)
              Rows Removed by Filter: 675505
Planning time: 0.747 ms
Execution time: 2868.412 ms
