Hash Join  (cost=83075.27..137743.27 rows=247 width=0) (actual time=1223.287..2192.747 rows=12750 loops=1)
  Hash Cond: (mc.movie_id = t.id)
  ->  Seq Scan on movie_companies mc  (cost=0.00..44881.29 rows=2609129 width=4) (actual time=0.024..497.074 rows=2609129 loops=1)
  ->  Hash  (cost=83072.29..83072.29 rows=239 width=8) (actual time=1221.021..1221.021 rows=1403 loops=1)
        Buckets: 2048 (originally 1024)  Batches: 1 (originally 1)  Memory Usage: 71kB
        ->  Nested Loop  (cost=0.43..83072.29 rows=239 width=8) (actual time=0.358..1219.965 rows=1403 loops=1)
              ->  Seq Scan on movie_keyword mk  (cost=0.00..81003.12 rows=246 width=4) (actual time=0.316..1172.204 rows=1412 loops=1)
                    Filter: (keyword_id = 958)
                    Rows Removed by Filter: 4522518
              ->  Index Scan using title_pkey on title t  (cost=0.43..8.40 rows=1 width=4) (actual time=0.032..0.033 rows=1 loops=1412)
                    Index Cond: (id = mk.movie_id)
                    Filter: (production_year > 0)
                    Rows Removed by Filter: 0
Planning time: 1.048 ms
Execution time: 2194.608 ms
