Hash Join  (cost=197777.00..334432.03 rows=1202699 width=0) (actual time=4074.665..8725.543 rows=6240028 loops=1)
  Hash Cond: (mk.movie_id = t.id)
  ->  Seq Scan on movie_keyword mk  (cost=0.00..69693.30 rows=4523930 width=4) (actual time=0.018..1252.602 rows=4523930 loops=1)
  ->  Hash  (cost=186748.30..186748.30 rows=672216 width=8) (actual time=4073.311..4073.311 rows=916125 loops=1)
        Buckets: 131072  Batches: 16  Memory Usage: 3280kB
        ->  Hash Join  (cost=102767.86..186748.30 rows=672216 width=8) (actual time=1886.695..3803.664 rows=916125 loops=1)
              Hash Cond: (mc.movie_id = t.id)
              ->  Seq Scan on movie_companies mc  (cost=0.00..57926.93 rows=672216 width=4) (actual time=130.157..958.941 rows=916125 loops=1)
                    Filter: ((company_id > 11226) AND (company_type_id = 2))
                    Rows Removed by Filter: 1693004
              ->  Hash  (cost=61283.27..61283.27 rows=2528527 width=4) (actual time=1755.217..1755.217 rows=2528312 loops=1)
                    Buckets: 131072  Batches: 64  Memory Usage: 2415kB
                    ->  Seq Scan on title t  (cost=0.00..61283.27 rows=2528527 width=4) (actual time=0.020..911.549 rows=2528312 loops=1)
Planning time: 3.027 ms
Execution time: 9411.289 ms
