Seq Scan on movie_companies mc  (cost=0.00..51404.11 rows=104 width=0) (actual time=191.110..712.519 rows=113 loops=1)
  Filter: (company_id = 2543)
  Rows Removed by Filter: 2609016
Planning time: 0.239 ms
Execution time: 712.626 ms
