Seq Scan on cast_info ci  (cost=0.00..796071.18 rows=7351008 width=0) (actual time=4440.614..11720.652 rows=3178537 loops=1)
  Filter: ((person_id > 2595528) AND (role_id < 4))
  Rows Removed by Filter: 33065807
Planning time: 0.342 ms
Execution time: 12132.374 ms
