Hash Join  (cost=129041.08..215703.47 rows=435 width=0) (actual time=2082.675..3798.112 rows=2807 loops=1)
  Hash Cond: (mk.movie_id = t.id)
  ->  Seq Scan on movie_keyword mk  (cost=0.00..69693.30 rows=4523930 width=4) (actual time=0.019..885.161 rows=4523930 loops=1)
  ->  Hash  (cost=129038.05..129038.05 rows=243 width=8) (actual time=2082.210..2082.210 rows=1316 loops=1)
        Buckets: 2048 (originally 1024)  Batches: 1 (originally 1)  Memory Usage: 68kB
        ->  Hash Join  (cost=67612.84..129038.05 rows=243 width=8) (actual time=870.499..2081.437 rows=1316 loops=1)
              Hash Cond: (mc.movie_id = t.id)
              ->  Seq Scan on movie_companies mc  (cost=0.00..57926.93 rows=932225 width=4) (actual time=0.018..999.443 rows=1236206 loops=1)
                    Filter: ((company_id < 43414) AND (company_type_id < 2))
                    Rows Removed by Filter: 1372923
              ->  Hash  (cost=67604.59..67604.59 rows=660 width=4) (actual time=866.822..866.822 rows=3515 loops=1)
                    Buckets: 4096 (originally 1024)  Batches: 1 (originally 1)  Memory Usage: 156kB
                    ->  Seq Scan on title t  (cost=0.00..67604.59 rows=660 width=4) (actual time=0.030..865.241 rows=3515 loops=1)
                          Filter: (production_year > 2013)
                          Rows Removed by Filter: 2524797
Planning time: 1.119 ms
Execution time: 3798.716 ms
