Seq Scan on movie_companies mc  (cost=0.00..57926.93 rows=715591 width=0) (actual time=191.999..938.643 rows=987241 loops=1)
  Filter: ((company_id < 13015) AND (company_type_id = 1))
  Rows Removed by Filter: 1621888
Planning time: 0.358 ms
Execution time: 1064.275 ms
