Hash Join  (cost=190230.21..311468.18 rows=1117304 width=0) (actual time=4400.726..8291.650 rows=4742858 loops=1)
  Hash Cond: (mk.movie_id = t.id)
  ->  Seq Scan on movie_keyword mk  (cost=0.00..81003.12 rows=2047147 width=4) (actual time=0.021..1697.096 rows=2050961 loops=1)
        Filter: (keyword_id > 5967)
        Rows Removed by Filter: 2472969
  ->  Hash  (cost=167588.78..167588.78 rows=1380035 width=8) (actual time=4399.291..4399.291 rows=1380035 loops=1)
        Buckets: 131072  Batches: 32  Memory Usage: 2726kB
        ->  Hash Join  (cost=102767.86..167588.78 rows=1380035 width=8) (actual time=1723.104..3687.032 rows=1380035 loops=1)
              Hash Cond: (mi_idx.movie_id = t.id)
              ->  Seq Scan on movie_info_idx mi_idx  (cost=0.00..21735.35 rows=1380035 width=4) (actual time=0.005..416.065 rows=1380035 loops=1)
              ->  Hash  (cost=61283.27..61283.27 rows=2528527 width=4) (actual time=1721.468..1721.468 rows=2528312 loops=1)
                    Buckets: 131072  Batches: 64  Memory Usage: 2415kB
                    ->  Seq Scan on title t  (cost=0.00..61283.27 rows=2528527 width=4) (actual time=0.015..883.212 rows=2528312 loops=1)
Planning time: 1.116 ms
Execution time: 8808.637 ms
