Nested Loop  (cost=0.43..83072.29 rows=10 width=0) (actual time=31.711..1133.984 rows=36 loops=1)
  ->  Seq Scan on movie_keyword mk  (cost=0.00..81003.12 rows=246 width=4) (actual time=0.067..1112.545 rows=736 loops=1)
        Filter: (keyword_id = 1885)
        Rows Removed by Filter: 4523194
  ->  Index Scan using title_pkey on title t  (cost=0.43..8.40 rows=1 width=4) (actual time=0.028..0.028 rows=0 loops=736)
        Index Cond: (id = mk.movie_id)
        Filter: (production_year = 2006)
        Rows Removed by Filter: 1
Planning time: 0.682 ms
Execution time: 1134.105 ms
