Seq Scan on cast_info ci  (cost=0.00..796071.18 rows=176 width=0) (actual time=7427.078..11589.125 rows=7 loops=1)
  Filter: ((role_id < 2) AND (person_id = 1234882))
  Rows Removed by Filter: 36244337
Planning time: 0.380 ms
Execution time: 11589.210 ms
