Hash Join  (cost=67697.55..432786.99 rows=43351 width=0) (actual time=573.528..8280.055 rows=34409 loops=1)
  Hash Cond: (mi.movie_id = t.id)
  ->  Seq Scan on movie_info mi  (cost=0.00..309384.22 rows=14739122 width=4) (actual time=0.014..4842.508 rows=14835720 loops=1)
  ->  Hash  (cost=67604.59..67604.59 rows=7437 width=4) (actual time=573.137..573.137 rows=2181 loops=1)
        Buckets: 8192  Batches: 1  Memory Usage: 141kB
        ->  Seq Scan on title t  (cost=0.00..67604.59 rows=7437 width=4) (actual time=114.043..572.216 rows=2181 loops=1)
              Filter: (production_year = 1942)
              Rows Removed by Filter: 2526131
Planning time: 0.627 ms
Execution time: 8286.337 ms
