Nested Loop  (cost=0.43..83072.29 rows=150 width=0) (actual time=623.761..1205.417 rows=18 loops=1)
  ->  Seq Scan on movie_keyword mk  (cost=0.00..81003.12 rows=246 width=4) (actual time=0.074..1160.387 rows=1501 loops=1)
        Filter: (keyword_id = 10190)
        Rows Removed by Filter: 4522429
  ->  Index Scan using title_pkey on title t  (cost=0.43..8.40 rows=1 width=4) (actual time=0.029..0.029 rows=0 loops=1501)
        Index Cond: (id = mk.movie_id)
        Filter: (kind_id = 7)
        Rows Removed by Filter: 1
Planning time: 0.668 ms
Execution time: 1205.507 ms
