Seq Scan on movie_keyword mk  (cost=0.00..81003.12 rows=246 width=0) (actual time=1.440..1159.373 rows=406 loops=1)
  Filter: (keyword_id = 6425)
  Rows Removed by Filter: 4523524
Planning time: 0.306 ms
Execution time: 1159.622 ms
