Nested Loop  (cost=0.43..83072.90 rows=6 width=0) (actual time=190.815..1234.625 rows=12 loops=1)
  ->  Seq Scan on movie_keyword mk  (cost=0.00..81003.12 rows=246 width=4) (actual time=1.092..1222.987 rows=476 loops=1)
        Filter: (keyword_id = 4372)
        Rows Removed by Filter: 4523454
  ->  Index Scan using title_pkey on title t  (cost=0.43..8.40 rows=1 width=4) (actual time=0.023..0.023 rows=0 loops=476)
        Index Cond: (id = mk.movie_id)
        Filter: ((kind_id < 7) AND (production_year = 2011))
        Rows Removed by Filter: 1
Planning time: 0.768 ms
Execution time: 1234.738 ms
