Hash Join  (cost=194698.45..584815.85 rows=155653 width=0) (actual time=3724.589..9677.737 rows=275439 loops=1)
  Hash Cond: (mi.movie_id = t.id)
  ->  Seq Scan on movie_info mi  (cost=0.00..346232.03 rows=3623957 width=4) (actual time=65.885..4692.128 rows=3624977 loops=1)
        Filter: (info_type_id < 4)
        Rows Removed by Filter: 11210743
  ->  Hash  (cost=192915.92..192915.92 rows=108603 width=8) (actual time=3657.854..3657.854 rows=71375 loops=1)
        Buckets: 131072  Batches: 2  Memory Usage: 2399kB
        ->  Hash Join  (cost=75411.94..192915.92 rows=108603 width=8) (actual time=1094.529..3631.898 rows=71375 loops=1)
              Hash Cond: (mk.movie_id = t.id)
              ->  Seq Scan on movie_keyword mk  (cost=0.00..81003.12 rows=3032218 width=4) (actual time=0.036..1564.133 rows=3014434 loops=1)
                    Filter: (keyword_id < 10733)
                    Rows Removed by Filter: 1509496
              ->  Hash  (cost=73925.90..73925.90 rows=90563 width=4) (actual time=1093.668..1093.668 rows=80990 loops=1)
                    Buckets: 131072  Batches: 2  Memory Usage: 2456kB
                    ->  Seq Scan on title t  (cost=0.00..73925.90 rows=90563 width=4) (actual time=0.136..1061.349 rows=80990 loops=1)
                          Filter: ((kind_id < 7) AND (production_year > 2011))
                          Rows Removed by Filter: 2447322
Planning time: 1.456 ms
Execution time: 9711.890 ms
