Hash Join  (cost=173042.27..522698.86 rows=16477 width=0) (actual time=5620.187..7462.984 rows=291883 loops=1)
  Hash Cond: (mi.movie_id = t.id)
  ->  Seq Scan on movie_info mi  (cost=0.00..346232.03 rows=651960 width=4) (actual time=2548.147..4220.566 rows=660923 loops=1)
        Filter: (info_type_id = 18)
        Rows Removed by Filter: 14174797
  ->  Hash  (cost=172243.52..172243.52 rows=63900 width=8) (actual time=2923.101..2923.101 rows=87605 loops=1)
        Buckets: 131072 (originally 65536)  Batches: 2 (originally 1)  Memory Usage: 3073kB
        ->  Hash Join  (cost=74393.18..172243.52 rows=63900 width=8) (actual time=653.802..2889.970 rows=87605 loops=1)
              Hash Cond: (mk.movie_id = t.id)
              ->  Seq Scan on movie_keyword mk  (cost=0.00..81003.12 rows=4322191 width=4) (actual time=0.027..1516.368 rows=4320285 loops=1)
                    Filter: (keyword_id < 67902)
                    Rows Removed by Filter: 203645
              ->  Hash  (cost=73925.90..73925.90 rows=37382 width=4) (actual time=652.822..652.822 rows=33190 loops=1)
                    Buckets: 65536  Batches: 1  Memory Usage: 1679kB
                    ->  Seq Scan on title t  (cost=0.00..73925.90 rows=37382 width=4) (actual time=0.030..640.006 rows=33190 loops=1)
                          Filter: ((kind_id = 1) AND (production_year = 2010))
                          Rows Removed by Filter: 2495122
Planning time: 1.142 ms
Execution time: 7511.513 ms
