Hash Join  (cost=107998.09..867157.09 rows=836989 width=0) (actual time=1958.722..18898.697 rows=1394039 loops=1)
  Hash Cond: (ci.movie_id = t.id)
  ->  Seq Scan on cast_info ci  (cost=0.00..614943.12 rows=36225612 width=4) (actual time=0.014..7332.827 rows=36244344 loops=1)
  ->  Hash  (cost=107267.82..107267.82 rows=58421 width=8) (actual time=1958.309..1958.309 rows=41372 loops=1)
        Buckets: 65536  Batches: 1  Memory Usage: 2129kB
        ->  Hash Join  (cost=70241.71..107267.82 rows=58421 width=8) (actual time=1060.922..1944.320 rows=41372 loops=1)
              Hash Cond: (mi_idx.movie_id = t.id)
              ->  Seq Scan on movie_info_idx mi_idx  (cost=0.00..25185.44 rows=919057 width=4) (actual time=0.015..483.252 rows=920110 loops=1)
                    Filter: (info_type_id > 99)
                    Rows Removed by Filter: 459925
              ->  Hash  (cost=67604.59..67604.59 rows=160730 width=4) (actual time=1059.976..1059.976 rows=160017 loops=1)
                    Buckets: 131072  Batches: 4  Memory Usage: 2436kB
                    ->  Seq Scan on title t  (cost=0.00..67604.59 rows=160730 width=4) (actual time=0.028..1003.727 rows=160017 loops=1)
                          Filter: (production_year = 2011)
                          Rows Removed by Filter: 2368295
Planning time: 1.122 ms
Execution time: 19076.369 ms
