Seq Scan on movie_companies mc  (cost=0.00..51404.11 rows=1581721 width=0) (actual time=0.020..956.419 rows=1572405 loops=1)
  Filter: (company_id < 15347)
  Rows Removed by Filter: 1036724
Planning time: 0.291 ms
Execution time: 1159.503 ms
