Hash Join  (cost=109434.47..205192.37 rows=100462 width=0) (actual time=2863.440..5000.176 rows=325231 loops=1)
  Hash Cond: (mk.movie_id = t.id)
  ->  Seq Scan on movie_keyword mk  (cost=0.00..81003.12 rows=3666706 width=4) (actual time=0.024..1477.031 rows=3657705 loops=1)
        Filter: (keyword_id < 21290)
        Rows Removed by Filter: 866225
  ->  Hash  (cost=108568.50..108568.50 rows=69278 width=8) (actual time=2862.735..2862.735 rows=58600 loops=1)
        Buckets: 131072  Batches: 1  Memory Usage: 3314kB
        ->  Hash Join  (cost=69687.24..108568.50 rows=69278 width=8) (actual time=1078.453..2843.307 rows=58600 loops=1)
              Hash Cond: (mi_idx.movie_id = t.id)
              ->  Seq Scan on movie_info_idx mi_idx  (cost=0.00..21735.35 rows=1380035 width=4) (actual time=0.020..436.484 rows=1380035 loops=1)
              ->  Hash  (cost=67604.59..67604.59 rows=126932 width=4) (actual time=1077.646..1077.646 rows=122861 loops=1)
                    Buckets: 131072  Batches: 2  Memory Usage: 3191kB
                    ->  Seq Scan on title t  (cost=0.00..67604.59 rows=126932 width=4) (actual time=0.013..1031.837 rows=122861 loops=1)
                          Filter: (production_year = 2008)
                          Rows Removed by Filter: 2405451
Planning time: 1.125 ms
Execution time: 5042.252 ms
