Seq Scan on movie_companies mc  (cost=0.00..51404.11 rows=1900335 width=0) (actual time=6.276..857.447 rows=1909319 loops=1)
  Filter: (company_id > 1286)
  Rows Removed by Filter: 699810
Planning time: 12.029 ms
Execution time: 1087.108 ms
