Hash Join  (cost=1145016.32..2019623.44 rows=30093859 width=0) (actual time=27213.584..67391.101 rows=101463455 loops=1)
  Hash Cond: (mi.movie_id = t.id)
  ->  Seq Scan on movie_info mi  (cost=0.00..309384.22 rows=14739122 width=4) (actual time=0.022..5706.742 rows=14835720 loops=1)
  ->  Hash  (cost=1060316.02..1060316.02 rows=5162664 width=8) (actual time=27210.697..27210.697 rows=6849546 loops=1)
        Buckets: 131072  Batches: 128  Memory Usage: 3175kB
        ->  Hash Join  (cost=88359.31..1060316.02 rows=5162664 width=8) (actual time=6152.730..25207.230 rows=6849546 loops=1)
              Hash Cond: (ci.movie_id = t.id)
              ->  Seq Scan on cast_info ci  (cost=0.00..796071.18 rows=10319169 width=4) (actual time=4615.778..15075.571 rows=12670688 loops=1)
                    Filter: ((person_id < 2971289) AND (role_id = 1))
                    Rows Removed by Filter: 23573656
              ->  Hash  (cost=67604.59..67604.59 rows=1265018 width=4) (actual time=1535.945..1535.945 rows=1263700 loops=1)
                    Buckets: 131072  Batches: 32  Memory Usage: 2410kB
                    ->  Seq Scan on title t  (cost=0.00..67604.59 rows=1265018 width=4) (actual time=0.038..1142.397 rows=1263700 loops=1)
                          Filter: (production_year < 2004)
                          Rows Removed by Filter: 1264612
Planning time: 1.131 ms
Execution time: 77980.889 ms
