Hash Join  (cost=83810.17..156777.78 rows=282333 width=0) (actual time=1894.894..3325.351 rows=506486 loops=1)
  Hash Cond: (mc.movie_id = t.id)
  ->  Seq Scan on movie_companies mc  (cost=0.00..57926.93 rows=722758 width=4) (actual time=0.019..918.151 rows=509607 loops=1)
        Filter: ((company_id > 8278) AND (company_type_id < 2))
        Rows Removed by Filter: 2099522
  ->  Hash  (cost=67604.59..67604.59 rows=987727 width=4) (actual time=1893.855..1893.855 rows=985048 loops=1)
        Buckets: 131072  Batches: 16  Memory Usage: 3188kB
        ->  Seq Scan on title t  (cost=0.00..67604.59 rows=987727 width=4) (actual time=0.018..971.277 rows=985048 loops=1)
              Filter: (kind_id < 7)
              Rows Removed by Filter: 1543264
Planning time: 0.706 ms
Execution time: 3380.223 ms
