Seq Scan on movie_keyword mk  (cost=0.00..81003.12 rows=3211355 width=0) (actual time=0.019..1440.147 rows=3199893 loops=1)
  Filter: (keyword_id < 13061)
  Rows Removed by Filter: 1324037
Planning time: 0.295 ms
Execution time: 1847.812 ms
