Hash Join  (cost=181329.31..663342.05 rows=666783 width=0) (actual time=3252.183..17312.801 rows=10320105 loops=1)
  Hash Cond: (mi.movie_id = t.id)
  ->  Seq Scan on movie_info mi  (cost=0.00..346232.03 rows=11115165 width=4) (actual time=3.280..6322.248 rows=11210743 loops=1)
        Filter: (info_type_id > 3)
        Rows Removed by Filter: 3624977
  ->  Hash  (cost=178840.27..178840.27 rows=151683 width=8) (actual time=3247.430..3247.430 rows=181886 loops=1)
        Buckets: 131072 (originally 131072)  Batches: 4 (originally 2)  Memory Usage: 3073kB
        ->  Hash Join  (cost=78171.87..178840.27 rows=151683 width=8) (actual time=1206.043..3183.027 rows=181886 loops=1)
              Hash Cond: (mk.movie_id = t.id)
              ->  Seq Scan on movie_keyword mk  (cost=0.00..81003.12 rows=1481987 width=4) (actual time=0.024..1310.147 rows=1494182 loops=1)
                    Filter: (keyword_id > 10870)
                    Rows Removed by Filter: 3029748
              ->  Hash  (cost=73925.90..73925.90 rows=258797 width=4) (actual time=1205.044..1205.044 rows=227847 loops=1)
                    Buckets: 131072  Batches: 4  Memory Usage: 3038kB
                    ->  Seq Scan on title t  (cost=0.00..73925.90 rows=258797 width=4) (actual time=0.035..1128.525 rows=227847 loops=1)
                          Filter: ((kind_id < 7) AND (production_year > 2008))
                          Rows Removed by Filter: 2300465
Planning time: 1.104 ms
Execution time: 18449.033 ms
