Seq Scan on movie_companies mc  (cost=0.00..51404.11 rows=142352 width=0) (actual time=89.243..828.460 rows=141255 loops=1)
  Filter: (company_id > 135793)
  Rows Removed by Filter: 2467874
Planning time: 0.324 ms
Execution time: 845.198 ms
