Seq Scan on movie_companies mc  (cost=0.00..51404.11 rows=104 width=0) (actual time=11.156..656.503 rows=127 loops=1)
  Filter: (company_id = 2121)
  Rows Removed by Filter: 2609002
Planning time: 0.359 ms
Execution time: 656.644 ms
