Seq Scan on cast_info ci  (cost=0.00..705507.15 rows=13921865 width=0) (actual time=2195.458..10855.040 rows=14101050 loops=1)
  Filter: (person_id > 2255424)
  Rows Removed by Filter: 22143294
Planning time: 0.287 ms
Execution time: 12617.760 ms
