Seq Scan on cast_info ci  (cost=0.00..705507.15 rows=28130496 width=0) (actual time=0.019..11143.685 rows=28277661 loops=1)
  Filter: (person_id > 778696)
  Rows Removed by Filter: 7966683
Planning time: 0.349 ms
Execution time: 14432.015 ms
