Hash Join  (cost=145679.77..172722.37 rows=13212 width=0) (actual time=2205.033..2754.160 rows=9975 loops=1)
  Hash Cond: (mi_idx.movie_id = t.id)
  ->  Seq Scan on movie_info_idx mi_idx  (cost=0.00..21735.35 rows=1380035 width=4) (actual time=0.029..285.657 rows=1380035 loops=1)
  ->  Hash  (cost=145377.18..145377.18 rows=24207 width=8) (actual time=2183.225..2183.225 rows=6047 loops=1)
        Buckets: 32768  Batches: 1  Memory Usage: 493kB
        ->  Hash Join  (cost=83692.58..145377.18 rows=24207 width=8) (actual time=1411.110..2180.886 rows=6047 loops=1)
              Hash Cond: (mc.movie_id = t.id)
              ->  Seq Scan on movie_companies mc  (cost=0.00..57926.93 rows=102826 width=4) (actual time=86.258..697.005 rows=203393 loops=1)
                    Filter: ((company_id > 112451) AND (company_type_id > 1))
                    Rows Removed by Filter: 2405736
              ->  Hash  (cost=73925.90..73925.90 rows=595254 width=4) (actual time=1323.841..1323.841 rows=471078 loops=1)
                    Buckets: 131072  Batches: 8  Memory Usage: 3086kB
                    ->  Seq Scan on title t  (cost=0.00..73925.90 rows=595254 width=4) (actual time=0.010..1169.318 rows=471078 loops=1)
                          Filter: ((kind_id > 1) AND (production_year < 1995))
                          Rows Removed by Filter: 2057234
Planning time: 5.566 ms
Execution time: 2755.876 ms
