Seq Scan on cast_info ci  (cost=0.00..796071.18 rows=31155575 width=0) (actual time=0.015..17108.370 rows=31605208 loops=1)
  Filter: ((person_id < 3969846) AND (role_id < 10))
  Rows Removed by Filter: 4639136
Planning time: 0.354 ms
Execution time: 21027.658 ms
