Seq Scan on movie_keyword mk  (cost=0.00..81003.12 rows=246 width=0) (actual time=0.771..1149.496 rows=3171 loops=1)
  Filter: (keyword_id = 769)
  Rows Removed by Filter: 4520759
Planning time: 0.273 ms
Execution time: 1150.721 ms
