Hash Join  (cost=92883.59..222321.49 rows=1367067 width=0) (actual time=1606.815..4285.003 rows=341448 loops=1)
  Hash Cond: (mk.movie_id = t.id)
  ->  Seq Scan on movie_keyword mk  (cost=0.00..81003.12 rows=2243422 width=4) (actual time=0.026..1423.714 rows=2242990 loops=1)
        Filter: (keyword_id > 4834)
        Rows Removed by Filter: 2280940
  ->  Hash  (cost=67604.59..67604.59 rows=1540800 width=4) (actual time=1535.879..1535.879 rows=1543264 loops=1)
        Buckets: 131072  Batches: 32  Memory Usage: 2728kB
        ->  Seq Scan on title t  (cost=0.00..67604.59 rows=1540800 width=4) (actual time=0.022..1029.802 rows=1543264 loops=1)
              Filter: (kind_id = 7)
              Rows Removed by Filter: 985048
Planning time: 0.734 ms
Execution time: 4325.698 ms
