Hash Join  (cost=121661.12..247103.91 rows=282375 width=0) (actual time=2604.370..5539.041 rows=205923 loops=1)
  Hash Cond: (mk.movie_id = t.id)
  ->  Seq Scan on movie_keyword mk  (cost=0.00..69693.30 rows=4523930 width=4) (actual time=0.016..1262.664 rows=4523930 loops=1)
  ->  Hash  (cost=119071.30..119071.30 rows=157826 width=8) (actual time=2599.084..2599.084 rows=78936 loops=1)
        Buckets: 131072  Batches: 4  Memory Usage: 1803kB
        ->  Hash Join  (cost=78670.55..119071.30 rows=157826 width=8) (actual time=1569.577..2574.765 rows=78936 loops=1)
              Hash Cond: (mi_idx.movie_id = t.id)
              ->  Seq Scan on movie_info_idx mi_idx  (cost=0.00..21735.35 rows=1380035 width=4) (actual time=0.018..404.384 rows=1380035 loops=1)
              ->  Hash  (cost=73925.90..73925.90 rows=289172 width=4) (actual time=1568.027..1568.027 rows=292674 loops=1)
                    Buckets: 131072  Batches: 4  Memory Usage: 3617kB
                    ->  Seq Scan on title t  (cost=0.00..73925.90 rows=289172 width=4) (actual time=0.035..1134.048 rows=292674 loops=1)
                          Filter: ((kind_id > 1) AND (production_year > 2010))
                          Rows Removed by Filter: 2235638
Planning time: 1.103 ms
Execution time: 5566.278 ms
