Hash Join  (cost=724661.20..2733790.80 rows=77311835 width=0) (actual time=20552.850..105935.788 rows=196176756 loops=1)
  Hash Cond: (ci.movie_id = t.id)
  ->  Seq Scan on cast_info ci  (cost=0.00..614943.12 rows=36225612 width=4) (actual time=0.017..12007.199 rows=36244344 loops=1)
  ->  Hash  (cost=636127.18..636127.18 rows=5396322 width=8) (actual time=20549.260..20549.260 rows=6719835 loops=1)
        Buckets: 131072  Batches: 128  Memory Usage: 3063kB
        ->  Hash Join  (cost=85280.32..636127.18 rows=5396322 width=8) (actual time=1436.685..17214.831 rows=6719835 loops=1)
              Hash Cond: (mi.movie_id = t.id)
              ->  Seq Scan on movie_info mi  (cost=0.00..346232.03 rows=12665229 width=4) (actual time=0.011..6433.047 rows=12744652 loops=1)
                    Filter: (info_type_id > 2)
                    Rows Removed by Filter: 2091068
              ->  Hash  (cost=67604.59..67604.59 rows=1077339 width=4) (actual time=1435.581..1435.581 rows=1074765 loops=1)
                    Buckets: 131072  Batches: 16  Memory Usage: 3396kB
                    ->  Seq Scan on title t  (cost=0.00..67604.59 rows=1077339 width=4) (actual time=0.013..1073.992 rows=1074765 loops=1)
                          Filter: (production_year < 2001)
                          Rows Removed by Filter: 1453547
Planning time: 1.086 ms
Execution time: 128122.024 ms
