Hash Join  (cost=128695.20..215406.87 rows=5364 width=0) (actual time=2163.697..3895.354 rows=168374 loops=1)
  Hash Cond: (mk.movie_id = t.id)
  ->  Seq Scan on movie_keyword mk  (cost=0.00..69693.30 rows=4523930 width=4) (actual time=0.023..843.274 rows=4523930 loops=1)
  ->  Hash  (cost=128657.72..128657.72 rows=2998 width=8) (actual time=2163.187..2163.187 rows=6382 loops=1)
        Buckets: 8192 (originally 4096)  Batches: 1 (originally 1)  Memory Usage: 314kB
        ->  Hash Join  (cost=73962.22..128657.72 rows=2998 width=8) (actual time=1104.028..2160.389 rows=6382 loops=1)
              Hash Cond: (mc.movie_id = t.id)
              ->  Seq Scan on movie_companies mc  (cost=0.00..44881.29 rows=2609129 width=4) (actual time=0.011..569.711 rows=2609129 loops=1)
              ->  Hash  (cost=73925.90..73925.90 rows=2905 width=4) (actual time=1088.467..1088.467 rows=2201 loops=1)
                    Buckets: 4096  Batches: 1  Memory Usage: 110kB
                    ->  Seq Scan on title t  (cost=0.00..73925.90 rows=2905 width=4) (actual time=196.327..1087.332 rows=2201 loops=1)
                          Filter: ((kind_id < 7) AND (production_year = 1940))
                          Rows Removed by Filter: 2526111
Planning time: 1.093 ms
Execution time: 3917.466 ms
