Hash Join  (cost=102767.86..300072.54 rows=4422742 width=0) (actual time=1868.192..7061.735 rows=4412394 loops=1)
  Hash Cond: (mk.movie_id = t.id)
  ->  Seq Scan on movie_keyword mk  (cost=0.00..81003.12 rows=4422742 width=4) (actual time=0.016..1847.703 rows=4412394 loops=1)
        Filter: (keyword_id > 108)
        Rows Removed by Filter: 111536
  ->  Hash  (cost=61283.27..61283.27 rows=2528527 width=4) (actual time=1866.439..1866.439 rows=2528312 loops=1)
        Buckets: 131072  Batches: 64  Memory Usage: 2425kB
        ->  Seq Scan on title t  (cost=0.00..61283.27 rows=2528527 width=4) (actual time=0.017..1017.877 rows=2528312 loops=1)
Planning time: 0.535 ms
Execution time: 7526.906 ms
