Hash Join  (cost=102767.86..854131.39 rows=1495162 width=0) (actual time=1954.767..13260.300 rows=1420847 loops=1)
  Hash Cond: (ci.movie_id = t.id)
  ->  Seq Scan on cast_info ci  (cost=0.00..705507.15 rows=1495162 width=4) (actual time=186.260..9972.830 rows=1420847 loops=1)
        Filter: (person_id < 142567)
        Rows Removed by Filter: 34823497
  ->  Hash  (cost=61283.27..61283.27 rows=2528527 width=4) (actual time=1766.160..1766.160 rows=2528312 loops=1)
        Buckets: 131072  Batches: 64  Memory Usage: 2415kB
        ->  Seq Scan on title t  (cost=0.00..61283.27 rows=2528527 width=4) (actual time=0.033..921.618 rows=2528312 loops=1)
Planning time: 0.569 ms
Execution time: 13427.136 ms
