Hash Join  (cost=195976.21..628622.31 rows=1984665 width=0) (actual time=4177.062..13534.348 rows=3723669 loops=1)
  Hash Cond: (mi.movie_id = t.id)
  ->  Seq Scan on movie_info mi  (cost=0.00..346232.03 rows=5445713 width=4) (actual time=0.016..5390.080 rows=5410520 loops=1)
        Filter: (info_type_id < 6)
        Rows Removed by Filter: 9425200
  ->  Hash  (cost=180857.34..180857.34 rows=921510 width=8) (actual time=4176.178..4176.178 rows=794787 loops=1)
        Buckets: 131072  Batches: 16  Memory Usage: 2965kB
        ->  Hash Join  (cost=96356.06..180857.34 rows=921510 width=8) (actual time=1793.204..3940.295 rows=794787 loops=1)
              Hash Cond: (mc.movie_id = t.id)
              ->  Seq Scan on movie_companies mc  (cost=0.00..51404.11 rows=1329612 width=4) (actual time=0.012..948.074 rows=1334883 loops=1)
                    Filter: (company_type_id > 1)
                    Rows Removed by Filter: 1274246
              ->  Hash  (cost=67604.59..67604.59 rows=1752438 width=4) (actual time=1791.715..1791.715 rows=1749032 loops=1)
                    Buckets: 131072  Batches: 32  Memory Usage: 2950kB
                    ->  Seq Scan on title t  (cost=0.00..67604.59 rows=1752438 width=4) (actual time=0.023..1245.973 rows=1749032 loops=1)
                          Filter: (production_year > 1990)
                          Rows Removed by Filter: 779280
Planning time: 1.132 ms
Execution time: 13917.376 ms
