Hash Join  (cost=74580.37..129786.15 rows=54026 width=0) (actual time=1145.250..2316.462 rows=17766 loops=1)
  Hash Cond: (mc.movie_id = t.id)
  ->  Seq Scan on movie_companies mc  (cost=0.00..44881.29 rows=2609129 width=4) (actual time=0.017..559.643 rows=2609129 loops=1)
  ->  Hash  (cost=73925.90..73925.90 rows=52357 width=4) (actual time=1144.704..1144.704 rows=56910 loops=1)
        Buckets: 65536  Batches: 1  Memory Usage: 2513kB
        ->  Seq Scan on title t  (cost=0.00..73925.90 rows=52357 width=4) (actual time=0.020..1121.316 rows=56910 loops=1)
              Filter: ((kind_id > 4) AND (production_year = 2004))
              Rows Removed by Filter: 2471402
Planning time: 0.724 ms
Execution time: 2319.294 ms
