Seq Scan on title t  (cost=0.00..73925.90 rows=34415 width=0) (actual time=258.794..985.940 rows=101191 loops=1)
  Filter: ((kind_id < 4) AND (production_year < 1925))
  Rows Removed by Filter: 2427121
Planning time: 0.318 ms
Execution time: 999.961 ms
