Hash Join  (cost=67697.55..94648.62 rows=4059 width=0) (actual time=818.011..1167.363 rows=2985 loops=1)
  Hash Cond: (mi_idx.movie_id = t.id)
  ->  Seq Scan on movie_info_idx mi_idx  (cost=0.00..21735.35 rows=1380035 width=4) (actual time=0.024..161.972 rows=1380035 loops=1)
  ->  Hash  (cost=67604.59..67604.59 rows=7437 width=4) (actual time=813.994..813.994 rows=2483 loops=1)
        Buckets: 8192  Batches: 1  Memory Usage: 152kB
        ->  Seq Scan on title t  (cost=0.00..67604.59 rows=7437 width=4) (actual time=0.021..812.714 rows=2483 loops=1)
              Filter: (production_year = 1939)
              Rows Removed by Filter: 2525829
Planning time: 0.693 ms
Execution time: 1167.874 ms
