Seq Scan on cast_info ci  (cost=0.00..705507.15 rows=22433309 width=0) (actual time=0.016..10175.284 rows=22473165 loops=1)
  Filter: (person_id > 1356224)
  Rows Removed by Filter: 13771179
Planning time: 0.221 ms
Execution time: 12839.410 ms
