Hash Join  (cost=102767.86..922115.26 rows=4320508 width=0) (actual time=1960.468..19519.328 rows=4323018 loops=1)
  Hash Cond: (ci.movie_id = t.id)
  ->  Seq Scan on cast_info ci  (cost=0.00..705507.15 rows=4320508 width=4) (actual time=0.025..13554.104 rows=4323018 loops=1)
        Filter: (role_id = 10)
        Rows Removed by Filter: 31921326
  ->  Hash  (cost=61283.27..61283.27 rows=2528527 width=4) (actual time=1959.346..1959.346 rows=2528312 loops=1)
        Buckets: 131072  Batches: 64  Memory Usage: 2415kB
        ->  Seq Scan on title t  (cost=0.00..61283.27 rows=2528527 width=4) (actual time=0.011..1102.866 rows=2528312 loops=1)
Planning time: 0.740 ms
Execution time: 20025.923 ms
