Hash Join  (cost=154200.11..519505.10 rows=64910 width=0) (actual time=2316.528..8767.241 rows=769798 loops=1)
  Hash Cond: (mi.movie_id = t.id)
  ->  Seq Scan on movie_info mi  (cost=0.00..309384.22 rows=14739122 width=4) (actual time=0.021..3290.015 rows=14835720 loops=1)
  ->  Hash  (cost=154060.92..154060.92 rows=11135 width=8) (actual time=2316.357..2316.357 rows=10106 loops=1)
        Buckets: 16384  Batches: 1  Memory Usage: 523kB
        ->  Hash Join  (cost=69179.59..154060.92 rows=11135 width=8) (actual time=966.963..2312.552 rows=10106 loops=1)
              Hash Cond: (mk.movie_id = t.id)
              ->  Seq Scan on movie_keyword mk  (cost=0.00..81003.12 rows=293295 width=4) (actual time=0.025..1230.681 rows=290196 loops=1)
                    Filter: (keyword_id > 55405)
                    Rows Removed by Filter: 4233734
              ->  Hash  (cost=67604.59..67604.59 rows=96000 width=4) (actual time=965.023..965.023 rows=95005 loops=1)
                    Buckets: 131072  Batches: 2  Memory Usage: 2722kB
                    ->  Seq Scan on title t  (cost=0.00..67604.59 rows=96000 width=4) (actual time=0.027..927.971 rows=95005 loops=1)
                          Filter: (production_year = 2005)
                          Rows Removed by Filter: 2433307
Planning time: 1.121 ms
Execution time: 8864.730 ms
