Seq Scan on movie_companies mc  (cost=0.00..51404.11 rows=1039743 width=0) (actual time=0.026..819.639 rows=1037919 loops=1)
  Filter: (company_id < 5898)
  Rows Removed by Filter: 1571210
Planning time: 0.320 ms
Execution time: 953.773 ms
