Hash Join  (cost=465534.04..1458584.05 rows=1045393 width=0) (actual time=7397.123..33343.633 rows=6947128 loops=1)
  Hash Cond: (ci.movie_id = t.id)
  ->  Seq Scan on cast_info ci  (cost=0.00..796071.18 rows=16076239 width=4) (actual time=0.019..17295.538 rows=15017554 loops=1)
        Filter: ((person_id > 684783) AND (role_id < 3))
        Rows Removed by Filter: 21226790
  ->  Hash  (cost=462835.76..462835.76 rows=164423 width=8) (actual time=7396.431..7396.431 rows=197754 loops=1)
        Buckets: 131072  Batches: 4  Memory Usage: 2874kB
        ->  Hash Join  (cost=102767.86..462835.76 rows=164423 width=8) (actual time=2953.696..7345.329 rows=197754 loops=1)
              Hash Cond: (mi.movie_id = t.id)
              ->  Seq Scan on movie_info mi  (cost=0.00..346232.03 rows=164423 width=4) (actual time=973.984..4907.794 rows=197754 loops=1)
                    Filter: (info_type_id > 106)
                    Rows Removed by Filter: 14637966
              ->  Hash  (cost=61283.27..61283.27 rows=2528527 width=4) (actual time=1926.141..1926.141 rows=2528312 loops=1)
                    Buckets: 131072  Batches: 64  Memory Usage: 2425kB
                    ->  Seq Scan on title t  (cost=0.00..61283.27 rows=2528527 width=4) (actual time=0.015..1041.749 rows=2528312 loops=1)
Planning time: 1.264 ms
Execution time: 34097.373 ms
