Seq Scan on movie_keyword mk  (cost=0.00..81003.12 rows=246 width=0) (actual time=10.478..1231.894 rows=214 loops=1)
  Filter: (keyword_id = 34344)
  Rows Removed by Filter: 4523716
Planning time: 0.358 ms
Execution time: 1232.013 ms
