Hash Join  (cost=92883.59..187087.34 rows=231451 width=0) (actual time=1721.977..3517.339 rows=39160 loops=1)
  Hash Cond: (mk.movie_id = t.id)
  ->  Seq Scan on movie_keyword mk  (cost=0.00..81003.12 rows=379823 width=4) (actual time=0.023..1347.933 rows=377945 loops=1)
        Filter: (keyword_id > 45109)
        Rows Removed by Filter: 4145985
  ->  Hash  (cost=67604.59..67604.59 rows=1540800 width=4) (actual time=1719.854..1719.854 rows=1543264 loops=1)
        Buckets: 131072  Batches: 32  Memory Usage: 2728kB
        ->  Seq Scan on title t  (cost=0.00..67604.59 rows=1540800 width=4) (actual time=0.019..1219.597 rows=1543264 loops=1)
              Filter: (kind_id = 7)
              Rows Removed by Filter: 985048
Planning time: 0.707 ms
Execution time: 3521.740 ms
