Hash Join  (cost=83074.74..109986.57 rows=134 width=0) (actual time=1192.882..1737.236 rows=535 loops=1)
  Hash Cond: (mi_idx.movie_id = t.id)
  ->  Seq Scan on movie_info_idx mi_idx  (cost=0.00..21735.35 rows=1380035 width=4) (actual time=0.018..296.640 rows=1380035 loops=1)
  ->  Hash  (cost=83071.67..83071.67 rows=246 width=8) (actual time=1189.750..1189.750 rows=217 loops=1)
        Buckets: 1024  Batches: 1  Memory Usage: 17kB
        ->  Nested Loop  (cost=0.43..83071.67 rows=246 width=8) (actual time=5.021..1189.517 rows=217 loops=1)
              ->  Seq Scan on movie_keyword mk  (cost=0.00..81003.12 rows=246 width=4) (actual time=4.927..1181.744 rows=217 loops=1)
                    Filter: (keyword_id = 16666)
                    Rows Removed by Filter: 4523713
              ->  Index Only Scan using title_pkey on title t  (cost=0.43..8.40 rows=1 width=4) (actual time=0.032..0.033 rows=1 loops=217)
                    Index Cond: (id = mk.movie_id)
                    Heap Fetches: 217
Planning time: 1.121 ms
Execution time: 1737.455 ms
