Hash Join  (cost=81598.21..114793.84 rows=85253 width=0) (actual time=1456.863..2336.957 rows=190511 loops=1)
  Hash Cond: (mi_idx.movie_id = t.id)
  ->  Seq Scan on movie_info_idx mi_idx  (cost=0.00..25185.44 rows=460978 width=4) (actual time=0.020..530.641 rows=459925 loops=1)
        Filter: (info_type_id < 100)
        Rows Removed by Filter: 920110
  ->  Hash  (cost=73925.90..73925.90 rows=467624 width=4) (actual time=1456.001..1456.001 rows=557493 loops=1)
        Buckets: 131072  Batches: 8  Memory Usage: 3486kB
        ->  Seq Scan on title t  (cost=0.00..73925.90 rows=467624 width=4) (actual time=0.016..1279.596 rows=557493 loops=1)
              Filter: ((kind_id < 7) AND (production_year < 2003))
              Rows Removed by Filter: 1970819
Planning time: 0.717 ms
Execution time: 2359.035 ms
