Hash Join  (cost=52284.25..416940.35 rows=17 width=0) (actual time=816.992..8099.151 rows=174 loops=1)
  Hash Cond: (mi.movie_id = t.id)
  ->  Seq Scan on movie_info mi  (cost=0.00..309384.22 rows=14739122 width=4) (actual time=0.022..4631.668 rows=14835720 loops=1)
  ->  Hash  (cost=52284.21..52284.21 rows=3 width=8) (actual time=808.770..808.770 rows=18 loops=1)
        Buckets: 1024  Batches: 1  Memory Usage: 9kB
        ->  Nested Loop  (cost=0.43..52284.21 rows=3 width=8) (actual time=92.358..808.742 rows=18 loops=1)
              ->  Seq Scan on movie_companies mc  (cost=0.00..51404.11 rows=104 width=4) (actual time=92.286..760.236 rows=2012 loops=1)
                    Filter: (company_id = 31716)
                    Rows Removed by Filter: 2607117
              ->  Index Scan using title_pkey on title t  (cost=0.43..8.45 rows=1 width=4) (actual time=0.024..0.024 rows=0 loops=2012)
                    Index Cond: (id = mc.movie_id)
                    Filter: ((production_year < 2008) AND (kind_id = 3))
                    Rows Removed by Filter: 1
Planning time: 1.164 ms
Execution time: 8099.450 ms
