Hash Join  (cost=85456.44..119999.76 rows=128121 width=0) (actual time=1557.827..2410.102 rows=260586 loops=1)
  Hash Cond: (mi_idx.movie_id = t.id)
  ->  Seq Scan on movie_info_idx mi_idx  (cost=0.00..25185.44 rows=460978 width=4) (actual time=0.025..469.772 rows=459925 loops=1)
        Filter: (info_type_id < 100)
        Rows Removed by Filter: 920110
  ->  Hash  (cost=73925.90..73925.90 rows=702763 width=4) (actual time=1556.765..1556.765 rows=726953 loops=1)
        Buckets: 131072  Batches: 16  Memory Usage: 2621kB
        ->  Seq Scan on title t  (cost=0.00..73925.90 rows=702763 width=4) (actual time=0.015..1335.619 rows=726953 loops=1)
              Filter: ((kind_id < 4) AND (production_year < 2011))
              Rows Removed by Filter: 1801359
Planning time: 0.690 ms
Execution time: 2437.709 ms
