Seq Scan on title t  (cost=0.00..73925.90 rows=1234284 width=0) (actual time=0.022..1443.356 rows=1316754 loops=1)
  Filter: ((production_year > 1974) AND (kind_id = 7))
  Rows Removed by Filter: 1211558
Planning time: 0.372 ms
Execution time: 1610.747 ms
