Hash Join  (cost=199590.97..1115840.65 rows=3426116 width=0) (actual time=6433.966..26545.625 rows=10468755 loops=1)
  Hash Cond: (ci.movie_id = t.id)
  ->  Seq Scan on cast_info ci  (cost=0.00..796071.18 rows=7013159 width=4) (actual time=1622.319..13782.639 rows=8304229 loops=1)
        Filter: ((person_id < 1022496) AND (role_id < 4))
        Rows Removed by Filter: 27940115
  ->  Hash  (cost=179324.30..179324.30 rows=1235253 width=8) (actual time=4810.310..4810.310 rows=1526120 loops=1)
        Buckets: 131072  Batches: 32  Memory Usage: 2856kB
        ->  Hash Join  (cost=87245.25..179324.30 rows=1235253 width=8) (actual time=1650.843..4394.275 rows=1526120 loops=1)
              Hash Cond: (mc.movie_id = t.id)
              ->  Seq Scan on movie_companies mc  (cost=0.00..44881.29 rows=2609129 width=4) (actual time=0.028..902.168 rows=2609129 loops=1)
              ->  Hash  (cost=67604.59..67604.59 rows=1197093 width=4) (actual time=1650.057..1650.057 rows=1195923 loops=1)
                    Buckets: 131072  Batches: 16  Memory Usage: 3653kB
                    ->  Seq Scan on title t  (cost=0.00..67604.59 rows=1197093 width=4) (actual time=0.025..1276.740 rows=1195923 loops=1)
                          Filter: (production_year < 2003)
                          Rows Removed by Filter: 1332389
Planning time: 1.406 ms
Execution time: 27754.514 ms
