Hash Join  (cost=263115.61..1707439.84 rows=30837233 width=0) (actual time=6067.017..56746.471 rows=66258331 loops=1)
  Hash Cond: (ci.movie_id = t.id)
  ->  Seq Scan on cast_info ci  (cost=0.00..705507.15 rows=29884600 width=4) (actual time=0.017..15902.103 rows=29998138 loops=1)
        Filter: (person_id > 601740)
        Rows Removed by Filter: 6246206
  ->  Hash  (cost=220309.49..220309.49 rows=2609129 width=8) (actual time=6065.655..6065.655 rows=2609129 loops=1)
        Buckets: 131072  Batches: 64  Memory Usage: 2610kB
        ->  Hash Join  (cost=102767.86..220309.49 rows=2609129 width=8) (actual time=1903.442..5340.106 rows=2609129 loops=1)
              Hash Cond: (mc.movie_id = t.id)
              ->  Seq Scan on movie_companies mc  (cost=0.00..44881.29 rows=2609129 width=4) (actual time=0.015..920.612 rows=2609129 loops=1)
              ->  Hash  (cost=61283.27..61283.27 rows=2528527 width=4) (actual time=1901.702..1901.702 rows=2528312 loops=1)
                    Buckets: 131072  Batches: 64  Memory Usage: 2415kB
                    ->  Seq Scan on title t  (cost=0.00..61283.27 rows=2528527 width=4) (actual time=0.012..1054.309 rows=2528312 loops=1)
Planning time: 0.722 ms
Execution time: 64526.984 ms
