Hash Join  (cost=460242.98..1540359.03 rows=4508294 width=0) (actual time=7894.645..40219.079 rows=2962986 loops=1)
  Hash Cond: (ci.movie_id = t.id)
  ->  Seq Scan on cast_info ci  (cost=0.00..614943.12 rows=36225612 width=4) (actual time=0.022..13449.240 rows=36244344 loops=1)
  ->  Hash  (cost=455079.53..455079.53 rows=314676 width=8) (actual time=7893.839..7893.839 rows=176448 loops=1)
        Buckets: 131072  Batches: 8  Memory Usage: 1883kB
        ->  Hash Join  (cost=80220.64..455079.53 rows=314676 width=8) (actual time=2407.963..7845.929 rows=176448 loops=1)
              Hash Cond: (mi.movie_id = t.id)
              ->  Seq Scan on movie_info mi  (cost=0.00..346232.03 rows=2073893 width=4) (actual time=1217.390..5715.002 rows=2091068 loops=1)
                    Filter: (info_type_id < 3)
                    Rows Removed by Filter: 12744652
              ->  Hash  (cost=73925.90..73925.90 rows=383659 width=4) (actual time=1189.671..1189.671 rows=265354 loops=1)
                    Buckets: 131072  Batches: 8  Memory Usage: 2184kB
                    ->  Seq Scan on title t  (cost=0.00..73925.90 rows=383659 width=4) (actual time=193.518..1100.438 rows=265354 loops=1)
                          Filter: ((production_year < 1987) AND (kind_id = 7))
                          Rows Removed by Filter: 2262958
Planning time: 1.178 ms
Execution time: 40568.035 ms
