Hash Join  (cost=257931.80..716337.80 rows=3766577 width=0) (actual time=5606.035..21813.953 rows=34007928 loops=1)
  Hash Cond: (mi.movie_id = t.id)
  ->  Seq Scan on movie_info mi  (cost=0.00..346232.03 rows=5263441 width=4) (actual time=0.019..6092.974 rows=5270569 loops=1)
        Filter: (info_type_id > 15)
        Rows Removed by Filter: 9565151
  ->  Hash  (cost=228244.77..228244.77 rows=1809442 width=8) (actual time=5605.094..5605.094 rows=1253091 loops=1)
        Buckets: 131072  Batches: 32  Memory Usage: 2674kB
        ->  Hash Join  (cost=84197.31..228244.77 rows=1809442 width=8) (actual time=1523.947..5233.773 rows=1253091 loops=1)
              Hash Cond: (mk.movie_id = t.id)
              ->  Seq Scan on movie_keyword mk  (cost=0.00..69693.30 rows=4523930 width=4) (actual time=0.010..1359.556 rows=4523930 loops=1)
              ->  Hash  (cost=67604.59..67604.59 rows=1011338 width=4) (actual time=1522.924..1522.924 rows=1012920 loops=1)
                    Buckets: 131072  Batches: 16  Memory Usage: 3257kB
                    ->  Seq Scan on title t  (cost=0.00..67604.59 rows=1011338 width=4) (actual time=0.018..1188.536 rows=1012920 loops=1)
                          Filter: (production_year > 2005)
                          Rows Removed by Filter: 1515392
Planning time: 1.185 ms
Execution time: 25500.097 ms
