Hash Join  (cost=83074.16..805569.48 rows=269 width=0) (actual time=1363.945..12067.673 rows=326 loops=1)
  Hash Cond: (ci.movie_id = t.id)
  ->  Seq Scan on cast_info ci  (cost=0.00..705507.15 rows=4529462 width=4) (actual time=0.014..10111.131 rows=4559764 loops=1)
        Filter: (person_id > 3230296)
        Rows Removed by Filter: 31684580
  ->  Hash  (cost=83072.29..83072.29 rows=150 width=8) (actual time=1350.584..1350.584 rows=39 loops=1)
        Buckets: 1024  Batches: 1  Memory Usage: 10kB
        ->  Nested Loop  (cost=0.43..83072.29 rows=150 width=8) (actual time=1060.758..1350.536 rows=39 loops=1)
              ->  Seq Scan on movie_keyword mk  (cost=0.00..81003.12 rows=246 width=4) (actual time=15.939..1328.531 rows=436 loops=1)
                    Filter: (keyword_id = 11663)
                    Rows Removed by Filter: 4523494
              ->  Index Scan using title_pkey on title t  (cost=0.43..8.40 rows=1 width=4) (actual time=0.049..0.049 rows=0 loops=436)
                    Index Cond: (id = mk.movie_id)
                    Filter: (kind_id = 7)
                    Rows Removed by Filter: 1
Planning time: 2.267 ms
Execution time: 12067.966 ms
