Hash Join  (cost=74478.21..135581.59 rows=14143 width=0) (actual time=954.968..2175.136 rows=8919 loops=1)
  Hash Cond: (mc.movie_id = t.id)
  ->  Seq Scan on movie_companies mc  (cost=0.00..57926.93 rows=809338 width=4) (actual time=0.025..1077.771 rows=504694 loops=1)
        Filter: ((company_id < 15571) AND (company_type_id = 2))
        Rows Removed by Filter: 2104435
  ->  Hash  (cost=73925.90..73925.90 rows=44184 width=4) (actual time=954.589..954.589 rows=35489 loops=1)
        Buckets: 65536  Batches: 1  Memory Usage: 1760kB
        ->  Seq Scan on title t  (cost=0.00..73925.90 rows=44184 width=4) (actual time=0.134..940.415 rows=35489 loops=1)
              Filter: ((kind_id < 7) AND (production_year = 2007))
              Rows Removed by Filter: 2492823
Planning time: 0.730 ms
Execution time: 2176.818 ms
