Hash Join  (cost=67697.55..436217.60 rows=17345 width=0) (actual time=2087.250..8238.357 rows=38607 loops=1)
  Hash Cond: (mi.movie_id = t.id)
  ->  Seq Scan on movie_info mi  (cost=0.00..346232.03 rows=5897221 width=4) (actual time=1005.558..5920.734 rows=5884963 loops=1)
        Filter: (info_type_id < 7)
        Rows Removed by Filter: 8950757
  ->  Hash  (cost=67604.59..67604.59 rows=7437 width=4) (actual time=1080.364..1080.364 rows=15000 loops=1)
        Buckets: 16384 (originally 8192)  Batches: 1 (originally 1)  Memory Usage: 656kB
        ->  Seq Scan on title t  (cost=0.00..67604.59 rows=7437 width=4) (actual time=0.040..1068.336 rows=15000 loops=1)
              Filter: (production_year = 1970)
              Rows Removed by Filter: 2513312
Planning time: 11.827 ms
Execution time: 8245.303 ms
