Hash Join  (cost=102544.35..902366.24 rows=14313 width=0) (actual time=4818.609..17406.182 rows=23682 loops=1)
  Hash Cond: (ci.movie_id = t.id)
  ->  Seq Scan on cast_info ci  (cost=0.00..796071.18 rows=962024 width=4) (actual time=2974.076..15354.013 rows=1018461 loops=1)
        Filter: ((person_id > 564022) AND (role_id = 9))
        Rows Removed by Filter: 35225883
  ->  Hash  (cost=102074.13..102074.13 rows=37618 width=8) (actual time=1843.261..1843.261 rows=19569 loops=1)
        Buckets: 65536  Batches: 1  Memory Usage: 1277kB
        ->  Hash Join  (cost=74787.47..102074.13 rows=37618 width=8) (actual time=1280.950..1837.223 rows=19569 loops=1)
              Hash Cond: (mi_idx.movie_id = t.id)
              ->  Seq Scan on movie_info_idx mi_idx  (cost=0.00..21735.35 rows=1380035 width=4) (actual time=0.023..270.403 rows=1380035 loops=1)
              ->  Hash  (cost=73925.90..73925.90 rows=68925 width=4) (actual time=1280.058..1280.058 rows=84076 loops=1)
                    Buckets: 131072  Batches: 1  Memory Usage: 3980kB
                    ->  Seq Scan on title t  (cost=0.00..73925.90 rows=68925 width=4) (actual time=261.889..1245.473 rows=84076 loops=1)
                          Filter: ((kind_id = 7) AND (production_year = 2007))
                          Rows Removed by Filter: 2444236
Planning time: 1.115 ms
Execution time: 17409.427 ms
