Hash Join  (cost=156649.15..264691.74 rows=346068 width=0) (actual time=3299.795..6077.541 rows=1441536 loops=1)
  Hash Cond: (mk.movie_id = t.id)
  ->  Seq Scan on movie_keyword mk  (cost=0.00..81003.12 rows=1882076 width=4) (actual time=0.019..1614.122 rows=1894445 loops=1)
        Filter: (keyword_id < 3243)
        Rows Removed by Filter: 2629485
  ->  Hash  (cost=149020.47..149020.47 rows=464934 width=8) (actual time=3298.868..3298.868 rows=460185 loops=1)
        Buckets: 131072  Batches: 8  Memory Usage: 3286kB
        ->  Hash Join  (cost=102767.86..149020.47 rows=464934 width=8) (actual time=2003.642..3181.613 rows=460185 loops=1)
              Hash Cond: (mi_idx.movie_id = t.id)
              ->  Seq Scan on movie_info_idx mi_idx  (cost=0.00..25185.44 rows=464934 width=4) (actual time=0.021..472.104 rows=460185 loops=1)
                    Filter: (info_type_id > 100)
                    Rows Removed by Filter: 919850
              ->  Hash  (cost=61283.27..61283.27 rows=2528527 width=4) (actual time=2001.477..2001.477 rows=2528312 loops=1)
                    Buckets: 131072  Batches: 64  Memory Usage: 2415kB
                    ->  Seq Scan on title t  (cost=0.00..61283.27 rows=2528527 width=4) (actual time=0.022..1152.371 rows=2528312 loops=1)
Planning time: 0.823 ms
Execution time: 6221.065 ms
