Hash Join  (cost=190230.21..352290.81 rows=2426347 width=0) (actual time=4525.220..11070.468 rows=10230788 loops=1)
  Hash Cond: (mk.movie_id = t.id)
  ->  Seq Scan on movie_keyword mk  (cost=0.00..81003.12 rows=4445600 width=4) (actual time=0.026..1933.275 rows=4446636 loops=1)
        Filter: (keyword_id < 88658)
        Rows Removed by Filter: 77294
  ->  Hash  (cost=167588.78..167588.78 rows=1380035 width=8) (actual time=4524.328..4524.328 rows=1380035 loops=1)
        Buckets: 131072  Batches: 32  Memory Usage: 2726kB
        ->  Hash Join  (cost=102767.86..167588.78 rows=1380035 width=8) (actual time=2159.076..4106.426 rows=1380035 loops=1)
              Hash Cond: (mi_idx.movie_id = t.id)
              ->  Seq Scan on movie_info_idx mi_idx  (cost=0.00..21735.35 rows=1380035 width=4) (actual time=0.017..430.846 rows=1380035 loops=1)
              ->  Hash  (cost=61283.27..61283.27 rows=2528527 width=4) (actual time=2158.212..2158.212 rows=2528312 loops=1)
                    Buckets: 131072  Batches: 64  Memory Usage: 2415kB
                    ->  Seq Scan on title t  (cost=0.00..61283.27 rows=2528527 width=4) (actual time=0.015..1061.406 rows=2528312 loops=1)
Planning time: 1.038 ms
Execution time: 12262.781 ms
