Seq Scan on movie_keyword mk  (cost=0.00..81003.12 rows=246 width=0) (actual time=29.370..1320.512 rows=50 loops=1)
  Filter: (keyword_id = 56904)
  Rows Removed by Filter: 4523880
Planning time: 6.788 ms
Execution time: 1320.654 ms
