Nested Loop  (cost=0.43..83071.67 rows=246 width=0) (actual time=0.092..1354.944 rows=3193 loops=1)
  ->  Seq Scan on movie_keyword mk  (cost=0.00..81003.12 rows=246 width=4) (actual time=0.033..1232.726 rows=3193 loops=1)
        Filter: (keyword_id = 3511)
        Rows Removed by Filter: 4520737
  ->  Index Only Scan using title_pkey on title t  (cost=0.43..8.40 rows=1 width=4) (actual time=0.037..0.037 rows=1 loops=3193)
        Index Cond: (id = mk.movie_id)
        Heap Fetches: 3193
Planning time: 1.622 ms
Execution time: 1356.006 ms
