Hash Join  (cost=119813.52..990731.17 rows=380753 width=0) (actual time=2775.043..24410.138 rows=3024039 loops=1)
  Hash Cond: (ci.movie_id = t.id)
  ->  Seq Scan on cast_info ci  (cost=0.00..796071.18 rows=6090383 width=4) (actual time=40.123..15328.635 rows=12411876 loops=1)
        Filter: ((person_id < 1701071) AND (role_id = 1))
        Rows Removed by Filter: 23832468
  ->  Hash  (cost=117219.57..117219.57 rows=158076 width=8) (actual time=2734.084..2734.084 rows=284615 loops=1)
        Buckets: 131072  Batches: 4  Memory Usage: 3809kB
        ->  Hash Join  (cost=81720.25..117219.57 rows=158076 width=8) (actual time=1410.302..2643.720 rows=284615 loops=1)
              Hash Cond: (mi_idx.movie_id = t.id)
              ->  Seq Scan on movie_info_idx mi_idx  (cost=0.00..25185.44 rows=464566 width=4) (actual time=0.024..566.892 rows=459925 loops=1)
                    Filter: (info_type_id = 101)
                    Rows Removed by Filter: 920110
              ->  Hash  (cost=67604.59..67604.59 rows=860373 width=4) (actual time=1409.132..1409.132 rows=854214 loops=1)
                    Buckets: 131072  Batches: 16  Memory Usage: 2897kB
                    ->  Seq Scan on title t  (cost=0.00..67604.59 rows=860373 width=4) (actual time=0.016..1139.563 rows=854214 loops=1)
                          Filter: (kind_id < 4)
                          Rows Removed by Filter: 1674098
Planning time: 1.143 ms
Execution time: 24767.657 ms
