Hash Join  (cost=98347.17..203313.49 rows=1933538 width=0) (actual time=1889.535..4750.620 rows=1648227 loops=1)
  Hash Cond: (mc.movie_id = t.id)
  ->  Seq Scan on movie_companies mc  (cost=0.00..44881.29 rows=2609129 width=4) (actual time=0.045..913.056 rows=2609129 loops=1)
  ->  Hash  (cost=67604.59..67604.59 rows=1873807 width=4) (actual time=1888.815..1888.815 rows=1871198 loops=1)
        Buckets: 131072  Batches: 32  Memory Usage: 3088kB
        ->  Seq Scan on title t  (cost=0.00..67604.59 rows=1873807 width=4) (actual time=0.011..1298.459 rows=1871198 loops=1)
              Filter: (production_year > 1984)
              Rows Removed by Filter: 657114
Planning time: 0.671 ms
Execution time: 4921.218 ms
