Seq Scan on movie_keyword mk  (cost=0.00..81003.12 rows=3658105 width=0) (actual time=0.019..1520.921 rows=3657295 loops=1)
  Filter: (keyword_id > 824)
  Rows Removed by Filter: 866635
Planning time: 0.298 ms
Execution time: 1953.624 ms
