Seq Scan on cast_info ci  (cost=0.00..705507.15 rows=500 width=0) (actual time=364.757..10835.283 rows=51 loops=1)
  Filter: (person_id = 1332123)
  Rows Removed by Filter: 36244293
Planning time: 0.292 ms
Execution time: 10835.381 ms
