Hash Join  (cost=96144.17..180367.79 rows=11742 width=0) (actual time=1681.621..3164.227 rows=7566 loops=1)
  Hash Cond: (mk.movie_id = t.id)
  ->  Seq Scan on movie_keyword mk  (cost=0.00..81003.12 rows=827489 width=4) (actual time=0.025..1342.896 rows=835704 loops=1)
        Filter: (keyword_id > 22019)
        Rows Removed by Filter: 3688226
  ->  Hash  (cost=95695.65..95695.65 rows=35881 width=8) (actual time=1681.153..1681.153 rows=14808 loops=1)
        Buckets: 65536  Batches: 1  Memory Usage: 1091kB
        ->  Hash Join  (cost=68426.36..95695.65 rows=35881 width=8) (actual time=1009.465..1675.604 rows=14808 loops=1)
              Hash Cond: (mi_idx.movie_id = t.id)
              ->  Seq Scan on movie_info_idx mi_idx  (cost=0.00..21735.35 rows=1380035 width=4) (actual time=0.014..322.184 rows=1380035 loops=1)
              ->  Hash  (cost=67604.59..67604.59 rows=65742 width=4) (actual time=1008.713..1008.713 rows=63827 loops=1)
                    Buckets: 131072  Batches: 1  Memory Usage: 3268kB
                    ->  Seq Scan on title t  (cost=0.00..67604.59 rows=65742 width=4) (actual time=0.024..982.402 rows=63827 loops=1)
                          Filter: (production_year = 2013)
                          Rows Removed by Filter: 2464485
Planning time: 1.091 ms
Execution time: 3165.685 ms
