Hash Join  (cost=359774.82..2170638.12 rows=62419509 width=0) (actual time=9221.508..93315.241 rows=215505862 loops=1)
  Hash Cond: (ci.movie_id = t.id)
  ->  Seq Scan on cast_info ci  (cost=0.00..614943.12 rows=36225612 width=4) (actual time=0.022..13683.424 rows=36244344 loops=1)
  ->  Hash  (cost=288295.25..288295.25 rows=4356846 width=8) (actual time=9219.395..9219.395 rows=4492555 loops=1)
        Buckets: 131072  Batches: 64  Memory Usage: 3792kB
        ->  Hash Join  (cost=107556.84..288295.25 rows=4356846 width=8) (actual time=2373.795..7996.100 rows=4492555 loops=1)
              Hash Cond: (mk.movie_id = t.id)
              ->  Seq Scan on movie_keyword mk  (cost=0.00..69693.30 rows=4523930 width=4) (actual time=0.011..1442.101 rows=4523930 loops=1)
              ->  Hash  (cost=67604.59..67604.59 rows=2435140 width=4) (actual time=2372.628..2372.628 rows=2431710 loops=1)
                    Buckets: 131072  Batches: 32  Memory Usage: 3705kB
                    ->  Seq Scan on title t  (cost=0.00..67604.59 rows=2435140 width=4) (actual time=0.024..1562.479 rows=2431710 loops=1)
                          Filter: (production_year > 1909)
                          Rows Removed by Filter: 96602
Planning time: 1.129 ms
Execution time: 117498.611 ms
