Hash Join  (cost=128346.22..932795.77 rows=10558 width=0) (actual time=12955.897..14347.778 rows=1 loops=1)
  Hash Cond: (ci.movie_id = t.id)
  ->  Seq Scan on cast_info ci  (cost=0.00..796071.18 rows=2206078 width=4) (actual time=10354.555..12196.142 rows=1792 loops=1)
        Filter: ((person_id < 1065464) AND (role_id = 2))
        Rows Removed by Filter: 36242552
  ->  Hash  (cost=128194.96..128194.96 rows=12101 width=8) (actual time=2150.564..2150.564 rows=4033 loops=1)
        Buckets: 16384  Batches: 1  Memory Usage: 286kB
        ->  Hash Join  (cost=68449.54..128194.96 rows=12101 width=8) (actual time=1476.562..2143.712 rows=4033 loops=1)
              Hash Cond: (mc.movie_id = t.id)
              ->  Seq Scan on movie_companies mc  (cost=0.00..57926.93 rows=452660 width=4) (actual time=343.412..964.884 rows=139023 loops=1)
                    Filter: ((company_id > 19433) AND (company_type_id < 2))
                    Rows Removed by Filter: 2470106
              ->  Hash  (cost=67604.59..67604.59 rows=67596 width=4) (actual time=1132.026..1132.026 rows=67777 loops=1)
                    Buckets: 131072  Batches: 1  Memory Usage: 3407kB
                    ->  Seq Scan on title t  (cost=0.00..67604.59 rows=67596 width=4) (actual time=0.032..1103.585 rows=67777 loops=1)
                          Filter: (production_year = 2003)
                          Rows Removed by Filter: 2460535
Planning time: 1.133 ms
Execution time: 14348.179 ms
