Seq Scan on movie_companies mc  (cost=0.00..57926.93 rows=905145 width=0) (actual time=0.022..1053.104 rows=583758 loops=1)
  Filter: ((company_id < 26041) AND (company_type_id > 1))
  Rows Removed by Filter: 2025371
Planning time: 0.300 ms
Execution time: 1127.202 ms
