Hash Join  (cost=130579.45..487524.40 rows=60729 width=0) (actual time=3810.827..7228.583 rows=30034 loops=1)
  Hash Cond: (mi.movie_id = t.id)
  ->  Seq Scan on movie_info mi  (cost=0.00..346232.03 rows=809768 width=4) (actual time=1104.008..4203.273 rows=802140 loops=1)
        Filter: (info_type_id < 2)
        Rows Removed by Filter: 14033580
  ->  Hash  (cost=127468.09..127468.09 rows=189629 width=8) (actual time=2705.992..2705.992 rows=99350 loops=1)
        Buckets: 131072  Batches: 4  Memory Usage: 1993kB
        ->  Hash Join  (cost=90991.69..127468.09 rows=189629 width=8) (actual time=1777.215..2680.286 rows=99350 loops=1)
              Hash Cond: (mi_idx.movie_id = t.id)
              ->  Seq Scan on movie_info_idx mi_idx  (cost=0.00..25185.44 rows=460978 width=4) (actual time=0.034..508.568 rows=459925 loops=1)
                    Filter: (info_type_id < 100)
                    Rows Removed by Filter: 920110
              ->  Hash  (cost=73925.90..73925.90 rows=1040143 width=4) (actual time=1776.116..1776.116 rows=1134228 loops=1)
                    Buckets: 131072  Batches: 16  Memory Usage: 3525kB
                    ->  Seq Scan on title t  (cost=0.00..73925.90 rows=1040143 width=4) (actual time=223.846..1412.420 rows=1134228 loops=1)
                          Filter: ((production_year > 1992) AND (kind_id = 7))
                          Rows Removed by Filter: 1394084
Planning time: 1.117 ms
Execution time: 7232.187 ms
