Hash Join  (cost=85377.17..129605.92 rows=380927 width=0) (actual time=1611.465..2798.130 rows=218586 loops=1)
  Hash Cond: (mi_idx.movie_id = t.id)
  ->  Seq Scan on movie_info_idx mi_idx  (cost=0.00..21735.35 rows=1380035 width=4) (actual time=0.023..431.788 rows=1380035 loops=1)
  ->  Hash  (cost=73925.90..73925.90 rows=697941 width=4) (actual time=1610.528..1610.528 rows=604056 loops=1)
        Buckets: 131072  Batches: 16  Memory Usage: 2349kB
        ->  Seq Scan on title t  (cost=0.00..73925.90 rows=697941 width=4) (actual time=0.022..1408.970 rows=604056 loops=1)
              Filter: ((kind_id > 4) AND (production_year < 2002))
              Rows Removed by Filter: 1924256
Planning time: 0.730 ms
Execution time: 2824.328 ms
