Seq Scan on movie_keyword mk  (cost=0.00..81003.12 rows=851750 width=0) (actual time=0.013..1309.893 rows=858204 loops=1)
  Filter: (keyword_id > 21411)
  Rows Removed by Filter: 3665726
Planning time: 0.288 ms
Execution time: 1418.492 ms
