Hash Join  (cost=190230.21..1152093.02 rows=8047542 width=0) (actual time=4799.909..32166.735 rows=17252112 loops=1)
  Hash Cond: (ci.movie_id = t.id)
  ->  Seq Scan on cast_info ci  (cost=0.00..705507.15 rows=14744863 width=4) (actual time=112.062..13312.170 rows=14653963 loops=1)
        Filter: (person_id < 1444112)
        Rows Removed by Filter: 21590381
  ->  Hash  (cost=167588.78..167588.78 rows=1380035 width=8) (actual time=4686.679..4686.679 rows=1380035 loops=1)
        Buckets: 131072  Batches: 32  Memory Usage: 2708kB
        ->  Hash Join  (cost=102767.86..167588.78 rows=1380035 width=8) (actual time=2003.636..4325.208 rows=1380035 loops=1)
              Hash Cond: (mi_idx.movie_id = t.id)
              ->  Seq Scan on movie_info_idx mi_idx  (cost=0.00..21735.35 rows=1380035 width=4) (actual time=0.025..454.076 rows=1380035 loops=1)
              ->  Hash  (cost=61283.27..61283.27 rows=2528527 width=4) (actual time=2002.830..2002.830 rows=2528312 loops=1)
                    Buckets: 131072  Batches: 64  Memory Usage: 2415kB
                    ->  Seq Scan on title t  (cost=0.00..61283.27 rows=2528527 width=4) (actual time=0.018..1154.441 rows=2528312 loops=1)
Planning time: 1.264 ms
Execution time: 34082.417 ms
