Seq Scan on cast_info ci  (cost=0.00..705507.15 rows=27694973 width=0) (actual time=0.059..13407.181 rows=27727006 loops=1)
  Filter: (person_id < 2834762)
  Rows Removed by Filter: 8517338
Planning time: 6.505 ms
Execution time: 16892.028 ms
