Hash Join  (cost=84497.07..168712.31 rows=664872 width=0) (actual time=1818.608..4311.820 rows=1001058 loops=1)
  Hash Cond: (mc.movie_id = t.id)
  ->  Seq Scan on movie_companies mc  (cost=0.00..44881.29 rows=2609129 width=4) (actual time=0.020..889.825 rows=2609129 loops=1)
  ->  Hash  (cost=73925.90..73925.90 rows=644333 width=4) (actual time=1817.603..1817.603 rows=544419 loops=1)
        Buckets: 131072  Batches: 16  Memory Usage: 2215kB
        ->  Seq Scan on title t  (cost=0.00..73925.90 rows=644333 width=4) (actual time=0.006..1372.868 rows=544419 loops=1)
              Filter: ((kind_id < 7) AND (production_year > 1994))
              Rows Removed by Filter: 1983893
Planning time: 0.800 ms
Execution time: 4430.914 ms
