Hash Join  (cost=137516.40..201554.46 rows=44169 width=0) (actual time=3572.701..4532.387 rows=138120 loops=1)
  Hash Cond: (mc.movie_id = t.id)
  ->  Seq Scan on movie_companies mc  (cost=0.00..57926.93 rows=394515 width=4) (actual time=329.136..972.758 rows=567500 loops=1)
        Filter: ((company_id < 1742) AND (company_type_id = 1))
        Rows Removed by Filter: 2041629
  ->  Hash  (cost=132871.77..132871.77 rows=283091 width=8) (actual time=3242.715..3242.715 rows=141906 loops=1)
        Buckets: 131072  Batches: 4  Memory Usage: 2407kB
        ->  Hash Join  (cost=92883.59..132871.77 rows=283091 width=8) (actual time=2466.880..3199.322 rows=141906 loops=1)
              Hash Cond: (mi_idx.movie_id = t.id)
              ->  Seq Scan on movie_info_idx mi_idx  (cost=0.00..25185.44 rows=464566 width=4) (actual time=0.039..494.930 rows=459925 loops=1)
                    Filter: (info_type_id = 101)
                    Rows Removed by Filter: 920110
              ->  Hash  (cost=67604.59..67604.59 rows=1540800 width=4) (actual time=2167.914..2167.914 rows=1543264 loops=1)
                    Buckets: 131072  Batches: 32  Memory Usage: 2722kB
                    ->  Seq Scan on title t  (cost=0.00..67604.59 rows=1540800 width=4) (actual time=0.015..1351.374 rows=1543264 loops=1)
                          Filter: (kind_id = 7)
                          Rows Removed by Filter: 985048
Planning time: 1.120 ms
Execution time: 4549.438 ms
