Hash Join  (cost=94978.31..1343786.75 rows=18247216 width=0) (actual time=4726.522..38118.134 rows=18326584 loops=1)
  Hash Cond: (ci.movie_id = t.id)
  ->  Seq Scan on cast_info ci  (cost=0.00..705507.15 rows=27653425 width=4) (actual time=2752.495..16271.432 rows=27758030 loops=1)
        Filter: (role_id < 6)
        Rows Removed by Filter: 8486314
  ->  Hash  (cost=67604.59..67604.59 rows=1668458 width=4) (actual time=1972.837..1972.837 rows=1671292 loops=1)
        Buckets: 131072  Batches: 32  Memory Usage: 2858kB
        ->  Seq Scan on title t  (cost=0.00..67604.59 rows=1668458 width=4) (actual time=0.034..1420.553 rows=1671292 loops=1)
              Filter: (production_year < 2008)
              Rows Removed by Filter: 857020
Planning time: 0.657 ms
Execution time: 40206.968 ms
