Hash Join  (cost=1018504.83..4537084.74 rows=183874620 width=0) (actual time=25947.658..159964.074 rows=376116485 loops=1)
  Hash Cond: (ci.movie_id = t.id)
  ->  Seq Scan on cast_info ci  (cost=0.00..705507.15 rows=31544073 width=4) (actual time=0.019..16741.838 rows=31524774 loops=1)
        Filter: (person_id < 3208113)
        Rows Removed by Filter: 4719570
  ->  Hash  (cost=776690.81..776690.81 rows=14739122 width=8) (actual time=25945.777..25945.777 rows=14835720 loops=1)
        Buckets: 131072  Batches: 256  Memory Usage: 3268kB
        ->  Hash Join  (cost=102767.86..776690.81 rows=14739122 width=8) (actual time=2208.805..21473.146 rows=14835720 loops=1)
              Hash Cond: (mi.movie_id = t.id)
              ->  Seq Scan on movie_info mi  (cost=0.00..309384.22 rows=14739122 width=4) (actual time=0.025..6371.409 rows=14835720 loops=1)
              ->  Hash  (cost=61283.27..61283.27 rows=2528527 width=4) (actual time=2207.458..2207.458 rows=2528312 loops=1)
                    Buckets: 131072  Batches: 64  Memory Usage: 2425kB
                    ->  Seq Scan on title t  (cost=0.00..61283.27 rows=2528527 width=4) (actual time=0.016..1067.268 rows=2528312 loops=1)
Planning time: 1.025 ms
Execution time: 201122.363 ms
