Hash Join  (cost=173813.41..975700.73 rows=2438002 width=0) (actual time=4173.148..21552.327 rows=5844901 loops=1)
  Hash Cond: (ci.movie_id = t.id)
  ->  Seq Scan on cast_info ci  (cost=0.00..705507.15 rows=5872307 width=4) (actual time=0.020..12534.746 rows=5902774 loops=1)
        Filter: (person_id > 3054120)
        Rows Removed by Filter: 30341570
  ->  Hash  (cost=156590.32..156590.32 rows=1049767 width=8) (actual time=4172.199..4172.199 rows=1187646 loops=1)
        Buckets: 131072  Batches: 16  Memory Usage: 3930kB
        ->  Hash Join  (cost=99161.12..156590.32 rows=1049767 width=8) (actual time=2028.906..3823.791 rows=1187646 loops=1)
              Hash Cond: (mi_idx.movie_id = t.id)
              ->  Seq Scan on movie_info_idx mi_idx  (cost=0.00..21735.35 rows=1380035 width=4) (actual time=0.014..452.962 rows=1380035 loops=1)
              ->  Hash  (cost=67604.59..67604.59 rows=1923403 width=4) (actual time=2027.428..2027.428 rows=1922849 loops=1)
                    Buckets: 131072  Batches: 32  Memory Usage: 3132kB
                    ->  Seq Scan on title t  (cost=0.00..67604.59 rows=1923403 width=4) (actual time=0.018..1399.456 rows=1922849 loops=1)
                          Filter: (production_year < 2010)
                          Rows Removed by Filter: 605463
Planning time: 1.546 ms
Execution time: 22302.902 ms
