Seq Scan on cast_info ci  (cost=0.00..705507.15 rows=1636259 width=0) (actual time=0.023..10373.105 rows=1563815 loops=1)
  Filter: (person_id < 155831)
  Rows Removed by Filter: 34680529
Planning time: 0.352 ms
Execution time: 10567.540 ms
