Hash Join  (cost=140062.73..270086.06 rows=658329 width=0) (actual time=4301.261..6688.793 rows=488830 loops=1)
  Hash Cond: (mk.movie_id = t.id)
  ->  Seq Scan on movie_keyword mk  (cost=0.00..69693.30 rows=4523930 width=4) (actual time=0.012..1461.803 rows=4523930 loops=1)
  ->  Hash  (cost=134025.30..134025.30 rows=367955 width=8) (actual time=2998.027..2998.027 rows=206476 loops=1)
        Buckets: 131072  Batches: 8  Memory Usage: 2039kB
        ->  Hash Join  (cost=90606.68..134025.30 rows=367955 width=8) (actual time=1728.665..2933.485 rows=206476 loops=1)
              Hash Cond: (mi_idx.movie_id = t.id)
              ->  Seq Scan on movie_info_idx mi_idx  (cost=0.00..25185.44 rows=915101 width=4) (actual time=0.020..545.278 rows=919850 loops=1)
                    Filter: (info_type_id < 101)
                    Rows Removed by Filter: 460185
              ->  Hash  (cost=73925.90..73925.90 rows=1016702 width=4) (actual time=1727.793..1727.793 rows=960113 loops=1)
                    Buckets: 131072  Batches: 16  Memory Usage: 3135kB
                    ->  Seq Scan on title t  (cost=0.00..73925.90 rows=1016702 width=4) (actual time=0.013..1439.089 rows=960113 loops=1)
                          Filter: ((production_year < 2008) AND (kind_id = 7))
                          Rows Removed by Filter: 1568199
Planning time: 1.928 ms
Execution time: 6748.436 ms
