Nested Loop  (cost=0.43..709673.15 rows=307 width=0) (actual time=1167.123..11218.150 rows=228 loops=1)
  ->  Seq Scan on cast_info ci  (cost=0.00..705507.15 rows=500 width=4) (actual time=1166.917..11211.930 rows=409 loops=1)
        Filter: (person_id = 1585359)
        Rows Removed by Filter: 36243935
  ->  Index Scan using title_pkey on title t  (cost=0.43..8.32 rows=1 width=4) (actual time=0.014..0.014 rows=1 loops=409)
        Index Cond: (id = ci.movie_id)
        Filter: (production_year < 2007)
        Rows Removed by Filter: 0
Planning time: 0.748 ms
Execution time: 11218.316 ms
