Seq Scan on movie_keyword mk  (cost=0.00..81003.12 rows=1120762 width=0) (actual time=0.017..1335.612 rows=1130729 loops=1)
  Filter: (keyword_id < 1229)
  Rows Removed by Filter: 3393201
Planning time: 0.229 ms
Execution time: 1469.948 ms
