Hash Join  (cost=885520.38..973545.23 rows=136681 width=0) (actual time=17138.115..19104.204 rows=198719 loops=1)
  Hash Cond: (mk.movie_id = t.id)
  ->  Seq Scan on movie_keyword mk  (cost=0.00..69693.30 rows=4523930 width=4) (actual time=0.019..1060.696 rows=4523930 loops=1)
  ->  Hash  (cost=884565.45..884565.45 rows=76394 width=8) (actual time=17137.268..17137.268 rows=78079 loops=1)
        Buckets: 131072  Batches: 1  Memory Usage: 4074kB
        ->  Hash Join  (cost=69694.50..884565.45 rows=76394 width=8) (actual time=9828.022..17101.647 rows=78079 loops=1)
              Hash Cond: (ci.movie_id = t.id)
              ->  Seq Scan on cast_info ci  (cost=0.00..796071.18 rows=1516756 width=4) (actual time=8718.170..15380.455 rows=1452009 loops=1)
                    Filter: ((person_id < 3222255) AND (role_id = 8))
                    Rows Removed by Filter: 34792335
              ->  Hash  (cost=67604.59..67604.59 rows=127353 width=4) (actual time=1109.049..1109.049 rows=128696 loops=1)
                    Buckets: 131072  Batches: 2  Memory Usage: 3284kB
                    ->  Seq Scan on title t  (cost=0.00..67604.59 rows=127353 width=4) (actual time=0.063..1061.831 rows=128696 loops=1)
                          Filter: (production_year = 2009)
                          Rows Removed by Filter: 2399616
Planning time: 1.156 ms
Execution time: 19129.966 ms
