Hash Join  (cost=177928.10..931117.14 rows=239988 width=0) (actual time=1360.062..19046.022 rows=929808 loops=1)
  Hash Cond: (ci.movie_id = t.id)
  ->  Seq Scan on cast_info ci  (cost=0.00..614943.12 rows=36225612 width=4) (actual time=0.017..9342.295 rows=36244344 loops=1)
  ->  Hash  (cost=177718.71..177718.71 rows=16751 width=8) (actual time=1359.397..1359.397 rows=13678 loops=1)
        Buckets: 32768  Batches: 1  Memory Usage: 791kB
        ->  Nested Loop  (cost=0.43..177718.71 rows=16751 width=8) (actual time=909.874..1353.121 rows=13678 loops=1)
              ->  Seq Scan on movie_keyword mk  (cost=0.00..81003.12 rows=16751 width=4) (actual time=909.786..1212.656 rows=13678 loops=1)
                    Filter: (keyword_id > 122128)
                    Rows Removed by Filter: 4510252
              ->  Index Only Scan using title_pkey on title t  (cost=0.43..5.76 rows=1 width=4) (actual time=0.009..0.010 rows=1 loops=13678)
                    Index Cond: (id = mk.movie_id)
                    Heap Fetches: 13678
Planning time: 1.075 ms
Execution time: 19170.024 ms
