Hash Join  (cost=117269.85..193647.81 rows=96344 width=0) (actual time=2430.997..4644.460 rows=689488 loops=1)
  Hash Cond: (mc.movie_id = t.id)
  ->  Seq Scan on movie_companies mc  (cost=0.00..44881.29 rows=2609129 width=4) (actual time=0.018..909.596 rows=2609129 loops=1)
  ->  Hash  (cost=115737.75..115737.75 rows=93368 width=8) (actual time=2430.419..2430.419 rows=183752 loops=1)
        Buckets: 131072 (originally 131072)  Batches: 4 (originally 2)  Memory Usage: 3073kB
        ->  Hash Join  (cost=82257.13..115737.75 rows=93368 width=8) (actual time=1620.052..2368.619 rows=183752 loops=1)
              Hash Cond: (mi_idx.movie_id = t.id)
              ->  Seq Scan on movie_info_idx mi_idx  (cost=0.00..25185.44 rows=464934 width=4) (actual time=0.025..517.385 rows=460185 loops=1)
                    Filter: (info_type_id > 100)
                    Rows Removed by Filter: 919850
              ->  Hash  (cost=73925.90..73925.90 rows=507778 width=4) (actual time=1489.135..1489.135 rows=524129 loops=1)
                    Buckets: 131072  Batches: 8  Memory Usage: 3340kB
                    ->  Seq Scan on title t  (cost=0.00..73925.90 rows=507778 width=4) (actual time=105.767..1331.460 rows=524129 loops=1)
                          Filter: ((production_year < 2010) AND (kind_id = 1))
                          Rows Removed by Filter: 2004183
Planning time: 0.753 ms
Execution time: 4733.782 ms
