Nested Loop  (cost=0.43..83072.90 rows=73 width=0) (actual time=3.413..1339.001 rows=794 loops=1)
  ->  Seq Scan on movie_keyword mk  (cost=0.00..81003.12 rows=246 width=4) (actual time=3.373..1291.711 rows=935 loops=1)
        Filter: (keyword_id = 5443)
        Rows Removed by Filter: 4522995
  ->  Index Scan using title_pkey on title t  (cost=0.43..8.40 rows=1 width=4) (actual time=0.049..0.049 rows=1 loops=935)
        Index Cond: (id = mk.movie_id)
        Filter: ((kind_id < 7) AND (production_year < 2010))
        Rows Removed by Filter: 0
Planning time: 0.756 ms
Execution time: 1339.436 ms
