Seq Scan on cast_info ci  (cost=0.00..796071.18 rows=14264945 width=0) (actual time=0.026..14480.808 rows=12297457 loops=1)
  Filter: ((person_id > 1660107) AND (role_id < 5))
  Rows Removed by Filter: 23946887
Planning time: 0.326 ms
Execution time: 15974.151 ms
