Seq Scan on movie_companies mc  (cost=0.00..57926.93 rows=612458 width=0) (actual time=168.152..1028.075 rows=885497 loops=1)
  Filter: ((company_id > 12152) AND (company_type_id = 2))
  Rows Removed by Filter: 1723632
Planning time: 0.400 ms
Execution time: 1139.257 ms
