Hash Join  (cost=798791.46..885455.30 rows=580 width=148) (actual time=14862.513..15714.365 rows=588 loops=1)
  Hash Cond: (mk.movie_id = t.id)
  ->  Seq Scan on movie_keyword mk  (cost=0.00..69693.30 rows=4523930 width=12) (actual time=0.014..670.758 rows=4523930 loops=1)
  ->  Hash  (cost=798787.41..798787.41 rows=324 width=136) (actual time=14490.822..14490.822 rows=577 loops=1)
        Buckets: 1024  Batches: 1  Memory Usage: 97kB
        ->  Nested Loop  (cost=0.43..798787.41 rows=324 width=136) (actual time=3843.533..14490.256 rows=577 loops=1)
              ->  Seq Scan on cast_info ci  (cost=0.00..796071.18 rows=324 width=42) (actual time=3843.438..14483.280 rows=577 loops=1)
                    Filter: ((role_id > 1) AND (person_id = 1762636))
                    Rows Removed by Filter: 36243767
              ->  Index Scan using title_pkey on title t  (cost=0.43..8.37 rows=1 width=94) (actual time=0.011..0.011 rows=1 loops=577)
                    Index Cond: (id = ci.movie_id)
Planning time: 1.333 ms
Execution time: 15714.504 ms
