Seq Scan on movie_keyword mk  (cost=0.00..81003.12 rows=2866660 width=0) (actual time=0.042..1472.424 rows=2854509 loops=1)
  Filter: (keyword_id > 2555)
  Rows Removed by Filter: 1669421
Planning time: 0.316 ms
Execution time: 1829.176 ms
