Hash Join  (cost=169457.68..309116.36 rows=1377611 width=0) (actual time=3793.893..8295.147 rows=5071500 loops=1)
  Hash Cond: (mk.movie_id = t.id)
  ->  Seq Scan on movie_keyword mk  (cost=0.00..81003.12 rows=3549717 width=4) (actual time=0.018..1903.824 rows=3543931 loops=1)
        Filter: (keyword_id > 917)
        Rows Removed by Filter: 979999
  ->  Hash  (cost=153357.47..153357.47 rows=981297 width=8) (actual time=3793.015..3793.015 rows=944574 loops=1)
        Buckets: 131072  Batches: 16  Memory Usage: 3346kB
        ->  Hash Join  (cost=97102.97..153357.47 rows=981297 width=8) (actual time=1835.853..3514.329 rows=944574 loops=1)
              Hash Cond: (mi_idx.movie_id = t.id)
              ->  Seq Scan on movie_info_idx mi_idx  (cost=0.00..21735.35 rows=1380035 width=4) (actual time=0.025..479.361 rows=1380035 loops=1)
              ->  Hash  (cost=67604.59..67604.59 rows=1797951 width=4) (actual time=1834.466..1834.466 rows=1793384 loops=1)
                    Buckets: 131072  Batches: 32  Memory Usage: 2998kB
                    ->  Seq Scan on title t  (cost=0.00..67604.59 rows=1797951 width=4) (actual time=0.011..1248.056 rows=1793384 loops=1)
                          Filter: (production_year > 1988)
                          Rows Removed by Filter: 734928
Planning time: 1.506 ms
Execution time: 8802.486 ms
