Seq Scan on movie_keyword mk  (cost=0.00..81003.12 rows=246 width=0) (actual time=2.278..1300.358 rows=1105 loops=1)
  Filter: (keyword_id = 8386)
  Rows Removed by Filter: 4522825
Planning time: 0.342 ms
Execution time: 1300.865 ms
