Hash Join  (cost=77187.44..203522.66 rows=355618 width=0) (actual time=3933.511..4824.016 rows=57714 loops=1)
  Hash Cond: (mk.movie_id = t.id)
  ->  Seq Scan on movie_keyword mk  (cost=0.00..69693.30 rows=4523930 width=4) (actual time=0.028..1392.159 rows=4523930 loops=1)
  ->  Hash  (cost=73925.90..73925.90 rows=198763 width=4) (actual time=1075.212..1075.212 rows=95336 loops=1)
        Buckets: 131072  Batches: 4  Memory Usage: 1866kB
        ->  Seq Scan on title t  (cost=0.00..73925.90 rows=198763 width=4) (actual time=0.019..1034.590 rows=95336 loops=1)
              Filter: ((production_year < 1967) AND (kind_id = 7))
              Rows Removed by Filter: 2432976
Planning time: 0.712 ms
Execution time: 4830.486 ms
