Hash Join  (cost=67697.55..413997.37 rows=53 width=0) (actual time=2984.325..6585.657 rows=91 loops=1)
  Hash Cond: (mi.movie_id = t.id)
  ->  Seq Scan on movie_info mi  (cost=0.00..346232.03 rows=17937 width=4) (actual time=1893.981..5512.751 rows=16086 loops=1)
        Filter: (info_type_id = 12)
        Rows Removed by Filter: 14819634
  ->  Hash  (cost=67604.59..67604.59 rows=7437 width=4) (actual time=1068.780..1068.780 rows=14038 loops=1)
        Buckets: 16384 (originally 8192)  Batches: 1 (originally 1)  Memory Usage: 622kB
        ->  Seq Scan on title t  (cost=0.00..67604.59 rows=7437 width=4) (actual time=0.142..1062.089 rows=14038 loops=1)
              Filter: (production_year = 1977)
              Rows Removed by Filter: 2514274
Planning time: 0.792 ms
Execution time: 6585.899 ms
