Hash Join  (cost=133544.49..1218062.53 rows=4936786 width=0) (actual time=2943.197..40517.939 rows=18470226 loops=1)
  Hash Cond: (ci.movie_id = t.id)
  ->  Seq Scan on cast_info ci  (cost=0.00..614943.12 rows=36225612 width=4) (actual time=0.020..13523.352 rows=36244344 loops=1)
  ->  Hash  (cost=127890.17..127890.17 rows=344585 width=8) (actual time=2942.144..2942.144 rows=625433 loops=1)
        Buckets: 131072 (originally 131072)  Batches: 16 (originally 8)  Memory Usage: 4085kB
        ->  Hash Join  (cost=84284.84..127890.17 rows=344585 width=8) (actual time=1528.617..2777.077 rows=625433 loops=1)
              Hash Cond: (mi_idx.movie_id = t.id)
              ->  Seq Scan on movie_info_idx mi_idx  (cost=0.00..21735.35 rows=1380035 width=4) (actual time=0.051..414.942 rows=1380035 loops=1)
              ->  Hash  (cost=73925.90..73925.90 rows=631355 width=4) (actual time=1527.675..1527.675 rows=634290 loops=1)
                    Buckets: 131072  Batches: 16  Memory Usage: 2416kB
                    ->  Seq Scan on title t  (cost=0.00..73925.90 rows=631355 width=4) (actual time=0.024..1331.976 rows=634290 loops=1)
                          Filter: ((production_year < 2013) AND (kind_id = 1))
                          Rows Removed by Filter: 1894022
Planning time: 1.176 ms
Execution time: 42625.597 ms
