Hash Join  (cost=86252.72..176046.70 rows=119711 width=0) (actual time=1721.941..3579.038 rows=314744 loops=1)
  Hash Cond: (mk.movie_id = t.id)
  ->  Seq Scan on movie_keyword mk  (cost=0.00..81003.12 rows=402867 width=4) (actual time=0.017..1435.275 rows=397641 loops=1)
        Filter: (keyword_id > 43541)
        Rows Removed by Filter: 4126289
  ->  Hash  (cost=73925.90..73925.90 rows=751345 width=4) (actual time=1721.087..1721.087 rows=793943 loops=1)
        Buckets: 131072  Batches: 16  Memory Usage: 2779kB
        ->  Seq Scan on title t  (cost=0.00..73925.90 rows=751345 width=4) (actual time=0.023..1464.833 rows=793943 loops=1)
              Filter: ((kind_id < 7) AND (production_year < 2010))
              Rows Removed by Filter: 1734369
Planning time: 0.805 ms
Execution time: 3618.211 ms
