Hash Join  (cost=1018504.83..3107384.79 rows=82427268 width=0) (actual time=25119.482..120185.801 rows=243781849 loops=1)
  Hash Cond: (ci.movie_id = t.id)
  ->  Seq Scan on cast_info ci  (cost=0.00..796071.18 rows=14140569 width=4) (actual time=0.012..17154.804 rows=19578942 loops=1)
        Filter: ((person_id > 1413655) AND (role_id > 1))
        Rows Removed by Filter: 16665402
  ->  Hash  (cost=776690.81..776690.81 rows=14739122 width=8) (actual time=25118.268..25118.268 rows=14835720 loops=1)
        Buckets: 131072  Batches: 256  Memory Usage: 3268kB
        ->  Hash Join  (cost=102767.86..776690.81 rows=14739122 width=8) (actual time=1974.561..20665.353 rows=14835720 loops=1)
              Hash Cond: (mi.movie_id = t.id)
              ->  Seq Scan on movie_info mi  (cost=0.00..309384.22 rows=14739122 width=4) (actual time=0.032..6304.016 rows=14835720 loops=1)
              ->  Hash  (cost=61283.27..61283.27 rows=2528527 width=4) (actual time=1973.249..1973.249 rows=2528312 loops=1)
                    Buckets: 131072  Batches: 64  Memory Usage: 2425kB
                    ->  Seq Scan on title t  (cost=0.00..61283.27 rows=2528527 width=4) (actual time=0.013..1109.749 rows=2528312 loops=1)
Planning time: 1.534 ms
Execution time: 146223.200 ms
