Seq Scan on movie_companies mc  (cost=0.00..51404.11 rows=549008 width=0) (actual time=0.038..877.610 rows=553170 loops=1)
  Filter: (company_id > 71793)
  Rows Removed by Filter: 2055959
Planning time: 0.309 ms
Execution time: 955.035 ms
