Hash Join  (cost=176557.11..1298424.47 rows=8572620 width=0) (actual time=4357.057..43409.518 rows=33322475 loops=1)
  Hash Cond: (ci.movie_id = t.id)
  ->  Seq Scan on cast_info ci  (cost=0.00..614943.12 rows=36225612 width=4) (actual time=0.012..13235.108 rows=36244344 loops=1)
  ->  Hash  (cost=166739.56..166739.56 rows=598364 width=8) (actual time=4356.013..4356.013 rows=895401 loops=1)
        Buckets: 131072 (originally 131072)  Batches: 16 (originally 8)  Memory Usage: 3189kB
        ->  Hash Join  (cost=83440.39..166739.56 rows=598364 width=8) (actual time=1348.706..4101.140 rows=895401 loops=1)
              Hash Cond: (mc.movie_id = t.id)
              ->  Seq Scan on movie_companies mc  (cost=0.00..44881.29 rows=2609129 width=4) (actual time=0.017..879.996 rows=2609129 loops=1)
              ->  Hash  (cost=73925.90..73925.90 rows=579879 width=4) (actual time=1347.849..1347.849 rows=492958 loops=1)
                    Buckets: 131072  Batches: 8  Memory Usage: 3188kB
                    ->  Seq Scan on title t  (cost=0.00..73925.90 rows=579879 width=4) (actual time=0.016..1186.986 rows=492958 loops=1)
                          Filter: ((kind_id < 7) AND (production_year > 1998))
                          Rows Removed by Filter: 2035354
Planning time: 5.619 ms
Execution time: 47108.808 ms
