Seq Scan on movie_companies mc  (cost=0.00..57926.93 rows=881146 width=0) (actual time=6.140..1016.363 rows=1078882 loops=1)
  Filter: ((company_id > 2561) AND (company_type_id = 2))
  Rows Removed by Filter: 1530247
Planning time: 0.365 ms
Execution time: 1152.436 ms
