Hash Join  (cost=83810.17..172869.13 rows=105962 width=0) (actual time=1284.646..3230.414 rows=255037 loops=1)
  Hash Cond: (mk.movie_id = t.id)
  ->  Seq Scan on movie_keyword mk  (cost=0.00..81003.12 rows=271257 width=4) (actual time=0.021..1330.505 rows=271303 loops=1)
        Filter: (keyword_id > 58126)
        Rows Removed by Filter: 4252627
  ->  Hash  (cost=67604.59..67604.59 rows=987727 width=4) (actual time=1283.696..1283.696 rows=985048 loops=1)
        Buckets: 131072  Batches: 16  Memory Usage: 3197kB
        ->  Seq Scan on title t  (cost=0.00..67604.59 rows=987727 width=4) (actual time=0.017..965.316 rows=985048 loops=1)
              Filter: (kind_id < 7)
              Rows Removed by Filter: 1543264
Planning time: 0.698 ms
Execution time: 3261.425 ms
