Hash Join  (cost=73982.55..160721.67 rows=8108 width=0) (actual time=1160.961..2998.964 rows=4497 loops=1)
  Hash Cond: (mk.movie_id = t.id)
  ->  Seq Scan on movie_keyword mk  (cost=0.00..69693.30 rows=4523930 width=4) (actual time=0.023..988.091 rows=4523930 loops=1)
  ->  Hash  (cost=73925.90..73925.90 rows=4532 width=4) (actual time=1158.935..1158.935 rows=7822 loops=1)
        Buckets: 8192  Batches: 1  Memory Usage: 339kB
        ->  Seq Scan on title t  (cost=0.00..73925.90 rows=4532 width=4) (actual time=0.031..1154.984 rows=7822 loops=1)
              Filter: ((kind_id = 7) AND (production_year = 1974))
              Rows Removed by Filter: 2520490
Planning time: 0.746 ms
Execution time: 2999.655 ms
