Hash Join  (cost=221022.51..370198.15 rows=2230360 width=0) (actual time=5002.678..15401.794 rows=26443187 loops=1)
  Hash Cond: (mk.movie_id = t.id)
  ->  Seq Scan on movie_keyword mk  (cost=0.00..69693.30 rows=4523930 width=4) (actual time=0.023..1442.727 rows=4523930 loops=1)
  ->  Hash  (cost=200570.03..200570.03 rows=1246599 width=8) (actual time=5001.426..5001.426 rows=1274246 loops=1)
        Buckets: 131072  Batches: 32  Memory Usage: 2633kB
        ->  Hash Join  (cost=102767.86..200570.03 rows=1246599 width=8) (actual time=1957.122..4627.736 rows=1274246 loops=1)
              Hash Cond: (mc.movie_id = t.id)
              ->  Seq Scan on movie_companies mc  (cost=0.00..57926.93 rows=1246599 width=4) (actual time=0.030..1216.394 rows=1274246 loops=1)
                    Filter: ((company_id < 179394) AND (company_type_id < 2))
                    Rows Removed by Filter: 1334883
              ->  Hash  (cost=61283.27..61283.27 rows=2528527 width=4) (actual time=1954.777..1954.777 rows=2528312 loops=1)
                    Buckets: 131072  Batches: 64  Memory Usage: 2415kB
                    ->  Seq Scan on title t  (cost=0.00..61283.27 rows=2528527 width=4) (actual time=0.019..1121.555 rows=2528312 loops=1)
Planning time: 1.159 ms
Execution time: 18774.100 ms
