Hash Join  (cost=216434.07..766724.32 rows=6605732 width=0) (actual time=4836.173..25040.894 rows=18507865 loops=1)
  Hash Cond: (mi.movie_id = t.id)
  ->  Seq Scan on movie_info mi  (cost=0.00..309384.22 rows=14739122 width=4) (actual time=0.027..5726.439 rows=14835720 loops=1)
  ->  Hash  (cost=197841.73..197841.73 rows=1133227 width=8) (actual time=4835.264..4835.264 rows=1243174 loops=1)
        Buckets: 131072  Batches: 16  Memory Usage: 4068kB
        ->  Hash Join  (cost=102767.86..197841.73 rows=1133227 width=8) (actual time=1933.462..4460.895 rows=1243174 loops=1)
              Hash Cond: (mc.movie_id = t.id)
              ->  Seq Scan on movie_companies mc  (cost=0.00..57926.93 rows=1133227 width=4) (actual time=0.015..1110.158 rows=1243174 loops=1)
                    Filter: ((company_id > 225) AND (company_type_id = 2))
                    Rows Removed by Filter: 1365955
              ->  Hash  (cost=61283.27..61283.27 rows=2528527 width=4) (actual time=1932.186..1932.186 rows=2528312 loops=1)
                    Buckets: 131072  Batches: 64  Memory Usage: 2415kB
                    ->  Seq Scan on title t  (cost=0.00..61283.27 rows=2528527 width=4) (actual time=0.024..1099.795 rows=2528312 loops=1)
Planning time: 1.112 ms
Execution time: 27294.531 ms
