Seq Scan on cast_info ci  (cost=0.00..796071.18 rows=7168155 width=0) (actual time=10088.862..15002.092 rows=3937097 loops=1)
  Filter: ((person_id < 3048263) AND (role_id > 5))
  Rows Removed by Filter: 32307247
Planning time: 0.240 ms
Execution time: 15506.016 ms
