Hash Join  (cost=798791.46..853460.32 rows=334 width=0) (actual time=14127.502..15083.658 rows=5 loops=1)
  Hash Cond: (mc.movie_id = t.id)
  ->  Seq Scan on movie_companies mc  (cost=0.00..44881.29 rows=2609129 width=4) (actual time=0.034..589.553 rows=2609129 loops=1)
  ->  Hash  (cost=798787.41..798787.41 rows=324 width=8) (actual time=14030.557..14030.557 rows=4 loops=1)
        Buckets: 1024  Batches: 1  Memory Usage: 9kB
        ->  Nested Loop  (cost=0.43..798787.41 rows=324 width=8) (actual time=1570.852..14030.497 rows=4 loops=1)
              ->  Seq Scan on cast_info ci  (cost=0.00..796071.18 rows=324 width=4) (actual time=1570.630..14030.103 rows=4 loops=1)
                    Filter: ((role_id > 1) AND (person_id = 2829881))
                    Rows Removed by Filter: 36244340
              ->  Index Only Scan using title_pkey on title t  (cost=0.43..8.37 rows=1 width=4) (actual time=0.065..0.066 rows=1 loops=4)
                    Index Cond: (id = ci.movie_id)
                    Heap Fetches: 4
Planning time: 1.182 ms
Execution time: 15083.753 ms
