Seq Scan on cast_info ci  (cost=0.00..796071.18 rows=9107044 width=0) (actual time=0.016..13629.077 rows=3885180 loops=1)
  Filter: ((person_id < 1380422) AND (role_id > 1))
  Rows Removed by Filter: 32359164
Planning time: 0.359 ms
Execution time: 14117.381 ms
