Seq Scan on title t  (cost=0.00..73925.90 rows=2531 width=0) (actual time=0.041..1167.681 rows=4597 loops=1)
  Filter: ((kind_id < 4) AND (production_year = 1910))
  Rows Removed by Filter: 2523715
Planning time: 0.386 ms
Execution time: 1168.799 ms
