Seq Scan on movie_keyword mk  (cost=0.00..81003.12 rows=246 width=0) (actual time=0.114..1127.818 rows=2382 loops=1)
  Filter: (keyword_id = 927)
  Rows Removed by Filter: 4521548
Planning time: 0.408 ms
Execution time: 1128.535 ms
