Seq Scan on cast_info ci  (cost=0.00..705507.15 rows=500 width=0) (actual time=7095.265..10942.652 rows=261 loops=1)
  Filter: (person_id = 2830886)
  Rows Removed by Filter: 36244083
Planning time: 0.380 ms
Execution time: 10942.793 ms
