Hash Join  (cost=75601.55..114250.46 rows=55742 width=0) (actual time=1525.720..2367.523 rows=166041 loops=1)
  Hash Cond: (mi_idx.movie_id = t.id)
  ->  Seq Scan on movie_info_idx mi_idx  (cost=0.00..21735.35 rows=1380035 width=4) (actual time=0.028..457.051 rows=1380035 loops=1)
  ->  Hash  (cost=73925.90..73925.90 rows=102132 width=4) (actual time=1268.536..1268.536 rows=231062 loops=1)
        Buckets: 131072 (originally 131072)  Batches: 4 (originally 2)  Memory Usage: 3073kB
        ->  Seq Scan on title t  (cost=0.00..73925.90 rows=102132 width=4) (actual time=316.068..968.771 rows=231062 loops=1)
              Filter: ((production_year < 1971) AND (kind_id = 1))
              Rows Removed by Filter: 2297250
Planning time: 0.784 ms
Execution time: 2388.892 ms
