Seq Scan on movie_keyword mk  (cost=0.00..81003.12 rows=1498153 width=0) (actual time=0.017..1429.573 rows=1519071 loops=1)
  Filter: (keyword_id > 10645)
  Rows Removed by Filter: 3004859
Planning time: 0.340 ms
Execution time: 1624.940 ms
