Seq Scan on cast_info ci  (cost=0.00..705507.15 rows=35092374 width=0) (actual time=0.016..13386.712 rows=35216704 loops=1)
  Filter: (person_id > 104946)
  Rows Removed by Filter: 1027640
Planning time: 0.330 ms
Execution time: 17693.540 ms
