Seq Scan on movie_companies mc  (cost=0.00..57926.93 rows=51 width=0) (actual time=314.622..926.285 rows=123 loops=1)
  Filter: ((company_type_id < 2) AND (company_id = 1254))
  Rows Removed by Filter: 2609006
Planning time: 0.281 ms
Execution time: 926.398 ms
