Seq Scan on movie_companies mc  (cost=0.00..57926.93 rows=542303 width=0) (actual time=0.022..881.398 rows=750332 loops=1)
  Filter: ((company_id < 7500) AND (company_type_id = 1))
  Rows Removed by Filter: 1858797
Planning time: 0.436 ms
Execution time: 974.258 ms
