Hash Join  (cost=995595.62..1104444.93 rows=2215237 width=0) (actual time=19347.254..25157.264 rows=9422027 loops=1)
  Hash Cond: (mc.movie_id = t.id)
  ->  Seq Scan on movie_companies mc  (cost=0.00..44881.29 rows=2609129 width=4) (actual time=0.016..899.487 rows=2609129 loops=1)
  ->  Hash  (cost=960374.59..960374.59 rows=2146803 width=8) (actual time=19345.481..19345.481 rows=4346332 loops=1)
        Buckets: 131072 (originally 131072)  Batches: 64 (originally 32)  Memory Usage: 3693kB
        ->  Hash Join  (cost=102767.86..960374.59 rows=2146803 width=8) (actual time=8230.713..18149.805 rows=4346332 loops=1)
              Hash Cond: (ci.movie_id = t.id)
              ->  Seq Scan on cast_info ci  (cost=0.00..796071.18 rows=2146803 width=4) (actual time=6219.211..12188.520 rows=4346332 loops=1)
                    Filter: ((person_id < 581382) AND (role_id = 1))
                    Rows Removed by Filter: 31898012
              ->  Hash  (cost=61283.27..61283.27 rows=2528527 width=4) (actual time=2010.208..2010.208 rows=2528312 loops=1)
                    Buckets: 131072  Batches: 64  Memory Usage: 2415kB
                    ->  Seq Scan on title t  (cost=0.00..61283.27 rows=2528527 width=4) (actual time=0.020..1161.682 rows=2528312 loops=1)
Planning time: 1.216 ms
Execution time: 26184.953 ms
