Hash Join  (cost=91850.92..463608.37 rows=578276 width=0) (actual time=5654.550..8644.499 rows=84831 loops=1)
  Hash Cond: (mi.movie_id = t.id)
  ->  Seq Scan on movie_info mi  (cost=0.00..346232.03 rows=1338312 width=4) (actual time=3498.908..5644.931 rows=1401902 loops=1)
        Filter: (info_type_id = 7)
        Rows Removed by Filter: 13433818
  ->  Hash  (cost=73925.90..73925.90 rows=1092561 width=4) (actual time=2154.836..2154.836 rows=1195337 loops=1)
        Buckets: 131072  Batches: 16  Memory Usage: 3662kB
        ->  Seq Scan on title t  (cost=0.00..73925.90 rows=1092561 width=4) (actual time=0.021..1444.511 rows=1195337 loops=1)
              Filter: ((kind_id > 1) AND (production_year > 1998))
              Rows Removed by Filter: 1332975
Planning time: 0.741 ms
Execution time: 8655.401 ms
