Hash Join  (cost=79605.72..209153.84 rows=619308 width=0) (actual time=1233.500..4478.484 rows=149855 loops=1)
  Hash Cond: (mk.movie_id = t.id)
  ->  Seq Scan on movie_keyword mk  (cost=0.00..69693.30 rows=4523930 width=4) (actual time=0.012..1399.959 rows=4523930 loops=1)
  ->  Hash  (cost=73925.90..73925.90 rows=346145 width=4) (actual time=1230.520..1230.520 rows=208615 loops=1)
        Buckets: 131072  Batches: 8  Memory Usage: 1941kB
        ->  Seq Scan on title t  (cost=0.00..73925.90 rows=346145 width=4) (actual time=0.012..1150.150 rows=208615 loops=1)
              Filter: ((kind_id > 1) AND (production_year < 1977))
              Rows Removed by Filter: 2319697
Planning time: 0.503 ms
Execution time: 4497.179 ms
