Hash Join  (cost=98137.04..203691.63 rows=630451 width=0) (actual time=1940.698..4070.341 rows=289148 loops=1)
  Hash Cond: (mk.movie_id = t.id)
  ->  Seq Scan on movie_keyword mk  (cost=0.00..81003.12 rows=856591 width=4) (actual time=0.016..1343.825 rows=864018 loops=1)
        Filter: (keyword_id > 21304)
        Rows Removed by Filter: 3659912
  ->  Hash  (cost=67604.59..67604.59 rows=1860996 width=4) (actual time=1938.885..1938.885 rows=1865487 loops=1)
        Buckets: 131072  Batches: 32  Memory Usage: 3085kB
        ->  Seq Scan on title t  (cost=0.00..67604.59 rows=1860996 width=4) (actual time=0.019..1327.749 rows=1865487 loops=1)
              Filter: (kind_id > 1)
              Rows Removed by Filter: 662825
Planning time: 0.737 ms
Execution time: 4106.186 ms
