Nested Loop  (cost=448399.95..462677.49 rows=224 width=0) (actual time=6118.230..6337.630 rows=8933 loops=1)
  Join Filter: (mi.movie_id = t.id)
  ->  Merge Join  (cost=448399.52..449563.26 rows=9477 width=8) (actual time=6118.151..6213.918 rows=10121 loops=1)
        Merge Cond: (mk.movie_id = mi.movie_id)
        ->  Sort  (cost=100900.17..101389.83 rows=195865 width=4) (actual time=1474.583..1534.954 rows=208574 loops=1)
              Sort Key: mk.movie_id
              Sort Method: external merge  Disk: 2856kB
              ->  Seq Scan on movie_keyword mk  (cost=0.00..81003.12 rows=195865 width=4) (actual time=0.016..1246.731 rows=208584 loops=1)
                    Filter: (keyword_id < 140)
                    Rows Removed by Filter: 4315346
        ->  Sort  (cost=347499.33..347544.17 rows=17937 width=4) (actual time=4643.375..4646.369 rows=15286 loops=1)
              Sort Key: mi.movie_id
              Sort Method: quicksort  Memory: 835kB
              ->  Seq Scan on movie_info mi  (cost=0.00..346232.03 rows=17937 width=4) (actual time=1013.539..4640.086 rows=9621 loops=1)
                    Filter: (info_type_id = 96)
                    Rows Removed by Filter: 14826099
  ->  Index Scan using title_pkey on title t  (cost=0.43..1.37 rows=1 width=4) (actual time=0.011..0.012 rows=1 loops=10121)
        Index Cond: (id = mk.movie_id)
        Filter: ((kind_id < 4) AND (production_year < 2003))
        Rows Removed by Filter: 0
Planning time: 1.213 ms
Execution time: 6341.060 ms
