Seq Scan on movie_companies mc  (cost=0.00..57926.93 rows=140102 width=0) (actual time=118.978..926.673 rows=63886 loops=1)
  Filter: ((company_id < 143) AND (company_type_id > 1))
  Rows Removed by Filter: 2545243
Planning time: 0.318 ms
Execution time: 935.477 ms
