Hash Join  (cost=83072.98..447729.25 rows=36 width=0) (actual time=1496.576..8459.835 rows=3876 loops=1)
  Hash Cond: (mi.movie_id = t.id)
  ->  Seq Scan on movie_info mi  (cost=0.00..309384.22 rows=14739122 width=4) (actual time=0.012..4289.938 rows=14835720 loops=1)
  ->  Hash  (cost=83072.90..83072.90 rows=6 width=8) (actual time=1479.304..1479.304 rows=90 loops=1)
        Buckets: 1024  Batches: 1  Memory Usage: 12kB
        ->  Nested Loop  (cost=0.43..83072.90 rows=6 width=8) (actual time=2.078..1479.120 rows=90 loops=1)
              ->  Seq Scan on movie_keyword mk  (cost=0.00..81003.12 rows=246 width=4) (actual time=0.577..1364.616 rows=2386 loops=1)
                    Filter: (keyword_id = 232)
                    Rows Removed by Filter: 4521544
              ->  Index Scan using title_pkey on title t  (cost=0.43..8.40 rows=1 width=4) (actual time=0.047..0.047 rows=0 loops=2386)
                    Index Cond: (id = mk.movie_id)
                    Filter: ((kind_id < 7) AND (production_year = 2011))
                    Rows Removed by Filter: 1
Planning time: 1.185 ms
Execution time: 8460.973 ms
