Seq Scan on cast_info ci  (cost=0.00..705507.15 rows=500 width=0) (actual time=5676.409..11142.676 rows=2 loops=1)
  Filter: (person_id = 2480134)
  Rows Removed by Filter: 36244342
Planning time: 0.379 ms
Execution time: 11142.763 ms
