Seq Scan on cast_info ci  (cost=0.00..705507.15 rows=8062248 width=0) (actual time=0.036..11190.604 rows=8030159 loops=1)
  Filter: (person_id > 2877401)
  Rows Removed by Filter: 28214185
Planning time: 0.334 ms
Execution time: 12218.249 ms
