Hash Join  (cost=67697.55..94599.31 rows=1336 width=0) (actual time=439.035..686.250 rows=221 loops=1)
  Hash Cond: (mi_idx.movie_id = t.id)
  ->  Seq Scan on movie_info_idx mi_idx  (cost=0.00..25185.44 rows=454124 width=4) (actual time=0.028..194.123 rows=459925 loops=1)
        Filter: (info_type_id = 100)
        Rows Removed by Filter: 920110
  ->  Hash  (cost=67604.59..67604.59 rows=7437 width=4) (actual time=438.588..438.588 rows=8902 loops=1)
        Buckets: 16384 (originally 8192)  Batches: 1 (originally 1)  Memory Usage: 441kB
        ->  Seq Scan on title t  (cost=0.00..67604.59 rows=7437 width=4) (actual time=0.175..435.999 rows=8902 loops=1)
              Filter: (production_year = 1913)
              Rows Removed by Filter: 2519410
Planning time: 0.762 ms
Execution time: 686.468 ms
