Hash Join  (cost=106653.54..989199.43 rows=147998 width=0) (actual time=4828.653..24362.234 rows=249395 loops=1)
  Hash Cond: (ci.movie_id = t.id)
  ->  Seq Scan on cast_info ci  (cost=0.00..796071.18 rows=22665248 width=4) (actual time=2913.558..17636.351 rows=23239184 loops=1)
        Filter: ((person_id > 120885) AND (role_id > 1))
        Rows Removed by Filter: 13005160
  ->  Hash  (cost=106447.16..106447.16 rows=16511 width=8) (actual time=1914.646..1914.646 rows=12868 loops=1)
        Buckets: 32768  Batches: 1  Memory Usage: 759kB
        ->  Hash Join  (cost=75411.94..106447.16 rows=16511 width=8) (actual time=1223.711..1909.098 rows=12868 loops=1)
              Hash Cond: (mi_idx.movie_id = t.id)
              ->  Seq Scan on movie_info_idx mi_idx  (cost=0.00..25185.44 rows=460978 width=4) (actual time=0.044..500.202 rows=459925 loops=1)
                    Filter: (info_type_id = 99)
                    Rows Removed by Filter: 920110
              ->  Hash  (cost=73925.90..73925.90 rows=90563 width=4) (actual time=1222.765..1222.765 rows=80990 loops=1)
                    Buckets: 131072  Batches: 2  Memory Usage: 2450kB
                    ->  Seq Scan on title t  (cost=0.00..73925.90 rows=90563 width=4) (actual time=0.198..1191.934 rows=80990 loops=1)
                          Filter: ((kind_id < 7) AND (production_year > 2011))
                          Rows Removed by Filter: 2447322
Planning time: 1.219 ms
Execution time: 24403.049 ms
