Seq Scan on movie_companies mc  (cost=0.00..57926.93 rows=274252 width=0) (actual time=131.243..920.270 rows=542112 loops=1)
  Filter: ((company_id > 72128) AND (company_type_id = 2))
  Rows Removed by Filter: 2067017
Planning time: 0.392 ms
Execution time: 988.106 ms
