Hash Join  (cost=704786.31..2739859.26 rows=75429276 width=0) (actual time=17870.372..85272.198 rows=139697205 loops=1)
  Hash Cond: (ci.movie_id = t.id)
  ->  Seq Scan on cast_info ci  (cost=0.00..614943.12 rows=36225612 width=4) (actual time=0.036..13629.827 rows=36244344 loops=1)
  ->  Hash  (cost=618407.81..618407.81 rows=5264920 width=8) (actual time=17867.137..17867.137 rows=4351816 loops=1)
        Buckets: 131072  Batches: 128  Memory Usage: 2375kB
        ->  Hash Join  (cost=82423.69..618407.81 rows=5264920 width=8) (actual time=1690.400..16593.066 rows=4351816 loops=1)
              Hash Cond: (mi.movie_id = t.id)
              ->  Seq Scan on movie_info mi  (cost=0.00..309384.22 rows=14739122 width=4) (actual time=0.019..6272.693 rows=14835720 loops=1)
              ->  Hash  (cost=67604.59..67604.59 rows=903208 width=4) (actual time=1689.360..1689.360 rows=904491 loops=1)
                    Buckets: 131072  Batches: 16  Memory Usage: 3017kB
                    ->  Seq Scan on title t  (cost=0.00..67604.59 rows=903208 width=4) (actual time=0.024..1373.137 rows=904491 loops=1)
                          Filter: (production_year > 2006)
                          Rows Removed by Filter: 1623821
Planning time: 2.628 ms
Execution time: 100875.341 ms
