Hash Join  (cost=102767.86..218066.25 rows=2244817 width=0) (actual time=2033.990..5235.420 rows=2241254 loops=1)
  Hash Cond: (mc.movie_id = t.id)
  ->  Seq Scan on movie_companies mc  (cost=0.00..51404.11 rows=2244817 width=4) (actual time=0.026..1152.754 rows=2241254 loops=1)
        Filter: (company_id < 85884)
        Rows Removed by Filter: 367875
  ->  Hash  (cost=61283.27..61283.27 rows=2528527 width=4) (actual time=2032.761..2032.761 rows=2528312 loops=1)
        Buckets: 131072  Batches: 64  Memory Usage: 2415kB
        ->  Seq Scan on title t  (cost=0.00..61283.27 rows=2528527 width=4) (actual time=0.026..1176.365 rows=2528312 loops=1)
Planning time: 0.717 ms
Execution time: 5475.024 ms
