Hash Join  (cost=206539.22..968813.80 rows=444292 width=0) (actual time=14941.388..19885.794 rows=1212303 loops=1)
  Hash Cond: (ci.movie_id = t.id)
  ->  Seq Scan on cast_info ci  (cost=0.00..705507.15 rows=3998100 width=4) (actual time=9920.791..12653.838 rows=4008037 loops=1)
        Filter: (role_id = 3)
        Rows Removed by Filter: 32236307
  ->  Hash  (cost=201928.91..201928.91 rows=280985 width=8) (actual time=5017.705..5017.705 rows=930104 loops=1)
        Buckets: 131072 (originally 131072)  Batches: 16 (originally 4)  Memory Usage: 3373kB
        ->  Hash Join  (cost=76503.02..201928.91 rows=280985 width=8) (actual time=1284.579..4715.367 rows=930104 loops=1)
              Hash Cond: (mk.movie_id = t.id)
              ->  Seq Scan on movie_keyword mk  (cost=0.00..69693.30 rows=4523930 width=4) (actual time=0.030..1407.396 rows=4523930 loops=1)
              ->  Hash  (cost=73925.90..73925.90 rows=157049 width=4) (actual time=1283.566..1283.566 rows=258048 loops=1)
                    Buckets: 131072  Batches: 4  Memory Usage: 3301kB
                    ->  Seq Scan on title t  (cost=0.00..73925.90 rows=157049 width=4) (actual time=0.027..1195.876 rows=258048 loops=1)
                          Filter: ((kind_id < 7) AND (production_year < 1972))
                          Rows Removed by Filter: 2270264
Planning time: 1.241 ms
Execution time: 20034.430 ms
