Hash Join  (cost=178906.55..1047312.80 rows=470549 width=0) (actual time=3462.937..22042.659 rows=875715 loops=1)
  Hash Cond: (ci.movie_id = t.id)
  ->  Seq Scan on cast_info ci  (cost=0.00..796071.18 rows=5779353 width=4) (actual time=0.032..14063.400 rows=10507304 loops=1)
        Filter: ((person_id > 2371859) AND (role_id > 2))
        Rows Removed by Filter: 25737040
  ->  Hash  (cost=175528.18..175528.18 rows=205870 width=8) (actual time=3462.122..3462.122 rows=94658 loops=1)
        Buckets: 131072  Batches: 4  Memory Usage: 1953kB
        ->  Hash Join  (cost=102767.86..175528.18 rows=205870 width=8) (actual time=2392.411..3430.950 rows=94658 loops=1)
              Hash Cond: (mc.movie_id = t.id)
              ->  Seq Scan on movie_companies mc  (cost=0.00..57926.93 rows=205870 width=4) (actual time=436.272..939.812 rows=94658 loops=1)
                    Filter: ((company_id < 258) AND (company_type_id = 2))
                    Rows Removed by Filter: 2514471
              ->  Hash  (cost=61283.27..61283.27 rows=2528527 width=4) (actual time=1954.836..1954.836 rows=2528312 loops=1)
                    Buckets: 131072  Batches: 64  Memory Usage: 2415kB
                    ->  Seq Scan on title t  (cost=0.00..61283.27 rows=2528527 width=4) (actual time=0.014..1132.160 rows=2528312 loops=1)
Planning time: 1.217 ms
Execution time: 22153.725 ms
