Seq Scan on movie_companies mc  (cost=0.00..51404.11 rows=395993 width=0) (actual time=282.989..880.625 rows=401349 loops=1)
  Filter: (company_id > 82112)
  Rows Removed by Filter: 2207780
Planning time: 0.326 ms
Execution time: 931.849 ms
