Hash Join  (cost=798791.46..853460.32 rows=334 width=0) (actual time=14281.647..15028.270 rows=26 loops=1)
  Hash Cond: (mc.movie_id = t.id)
  ->  Seq Scan on movie_companies mc  (cost=0.00..44881.29 rows=2609129 width=4) (actual time=0.008..645.888 rows=2609129 loops=1)
  ->  Hash  (cost=798787.41..798787.41 rows=324 width=8) (actual time=13932.526..13932.526 rows=41 loops=1)
        Buckets: 1024  Batches: 1  Memory Usage: 10kB
        ->  Nested Loop  (cost=0.43..798787.41 rows=324 width=8) (actual time=3916.427..13932.437 rows=41 loops=1)
              ->  Seq Scan on cast_info ci  (cost=0.00..796071.18 rows=324 width=4) (actual time=3916.225..13931.092 rows=41 loops=1)
                    Filter: ((role_id > 1) AND (person_id = 3209374))
                    Rows Removed by Filter: 36244303
              ->  Index Only Scan using title_pkey on title t  (cost=0.43..8.37 rows=1 width=4) (actual time=0.028..0.029 rows=1 loops=41)
                    Index Cond: (id = ci.movie_id)
                    Heap Fetches: 41
Planning time: 1.218 ms
Execution time: 15028.421 ms
