Seq Scan on cast_info ci  (cost=0.00..796071.18 rows=18208409 width=0) (actual time=0.027..16471.374 rows=21345144 loops=1)
  Filter: ((person_id > 784744) AND (role_id > 1))
  Rows Removed by Filter: 14899200
Planning time: 0.392 ms
Execution time: 19036.211 ms
