Nested Loop  (cost=67573.04..866295.20 rows=92 width=0) (actual time=13364.501..13535.038 rows=3 loops=1)
  ->  Hash Join  (cost=67572.61..866120.33 rows=229 width=8) (actual time=13364.427..13534.877 rows=3 loops=1)
        Hash Cond: (ci.movie_id = mc.movie_id)
        ->  Seq Scan on cast_info ci  (cost=0.00..796071.18 rows=396 width=4) (actual time=6082.456..11605.837 rows=36 loops=1)
              Filter: ((role_id < 8) AND (person_id = 3000482))
              Rows Removed by Filter: 36244308
        ->  Hash  (cost=57926.93..57926.93 rows=587894 width=4) (actual time=1363.062..1363.062 rows=872003 loops=1)
              Buckets: 131072 (originally 131072)  Batches: 16 (originally 8)  Memory Usage: 3073kB
              ->  Seq Scan on movie_companies mc  (cost=0.00..57926.93 rows=587894 width=4) (actual time=1.869..989.042 rows=872003 loops=1)
                    Filter: ((company_id > 12948) AND (company_type_id > 1))
                    Rows Removed by Filter: 1737126
  ->  Index Only Scan using title_pkey on title t  (cost=0.43..0.75 rows=1 width=4) (actual time=0.040..0.041 rows=1 loops=3)
        Index Cond: (id = mc.movie_id)
        Heap Fetches: 3
Planning time: 0.835 ms
Execution time: 13535.457 ms
