Hash Join  (cost=74665.01..162380.93 rows=105789 width=0) (actual time=1111.667..4471.545 rows=611543 loops=1)
  Hash Cond: (mk.movie_id = t.id)
  ->  Seq Scan on movie_keyword mk  (cost=0.00..69693.30 rows=4523930 width=4) (actual time=0.021..964.510 rows=4523930 loops=1)
  ->  Hash  (cost=73925.90..73925.90 rows=59128 width=4) (actual time=1111.092..1111.092 rows=175935 loops=1)
        Buckets: 131072 (originally 65536)  Batches: 4 (originally 1)  Memory Usage: 3073kB
        ->  Seq Scan on title t  (cost=0.00..73925.90 rows=59128 width=4) (actual time=0.365..1038.387 rows=175935 loops=1)
              Filter: ((kind_id < 3) AND (production_year < 1955))
              Rows Removed by Filter: 2352377
Planning time: 0.800 ms
Execution time: 4538.722 ms
