Seq Scan on movie_keyword mk  (cost=0.00..81003.12 rows=246 width=0) (actual time=42.697..1333.185 rows=55 loops=1)
  Filter: (keyword_id = 16378)
  Rows Removed by Filter: 4523875
Planning time: 0.362 ms
Execution time: 1333.325 ms
