Hash Join  (cost=76960.10..116384.73 rows=100914 width=0) (actual time=1174.970..2124.715 rows=25809 loops=1)
  Hash Cond: (mi_idx.movie_id = t.id)
  ->  Seq Scan on movie_info_idx mi_idx  (cost=0.00..21735.35 rows=1380035 width=4) (actual time=0.019..461.176 rows=1380035 loops=1)
  ->  Hash  (cost=73925.90..73925.90 rows=184896 width=4) (actual time=1172.975..1172.975 rows=79092 loops=1)
        Buckets: 131072  Batches: 4  Memory Usage: 1718kB
        ->  Seq Scan on title t  (cost=0.00..73925.90 rows=184896 width=4) (actual time=0.025..1142.313 rows=79092 loops=1)
              Filter: ((production_year < 1965) AND (kind_id = 7))
              Rows Removed by Filter: 2449220
Planning time: 0.786 ms
Execution time: 2127.681 ms
