Seq Scan on movie_companies mc  (cost=0.00..51404.11 rows=104 width=0) (actual time=219.058..750.183 rows=2 loops=1)
  Filter: (company_id = 75441)
  Rows Removed by Filter: 2609127
Planning time: 11.629 ms
Execution time: 750.257 ms
