Hash Join  (cost=138722.40..226643.82 rows=126338 width=0) (actual time=2596.967..4755.572 rows=1237866 loops=1)
  Hash Cond: (mk.movie_id = t.id)
  ->  Seq Scan on movie_keyword mk  (cost=0.00..69693.30 rows=4523930 width=4) (actual time=0.022..1040.957 rows=4523930 loops=1)
  ->  Hash  (cost=137839.74..137839.74 rows=70613 width=8) (actual time=2596.385..2596.385 rows=47442 loops=1)
        Buckets: 131072  Batches: 1  Memory Usage: 2878kB
        ->  Hash Join  (cost=80042.24..137839.74 rows=70613 width=8) (actual time=1423.799..2579.947 rows=47442 loops=1)
              Hash Cond: (mc.movie_id = t.id)
              ->  Seq Scan on movie_companies mc  (cost=0.00..51404.11 rows=235535 width=4) (actual time=0.015..922.813 rows=232665 loops=1)
                    Filter: (company_id < 93)
                    Rows Removed by Filter: 2376464
              ->  Hash  (cost=67604.59..67604.59 rows=758052 width=4) (actual time=1422.291..1422.291 rows=753677 loops=1)
                    Buckets: 131072  Batches: 16  Memory Usage: 2677kB
                    ->  Seq Scan on title t  (cost=0.00..67604.59 rows=758052 width=4) (actual time=0.018..1179.609 rows=753677 loops=1)
                          Filter: (kind_id < 3)
                          Rows Removed by Filter: 1774635
Planning time: 5.062 ms
Execution time: 4909.012 ms
