Hash Join  (cost=81925.97..592060.05 rows=2842315 width=0) (actual time=1475.340..14345.603 rows=1373033 loops=1)
  Hash Cond: (mi.movie_id = t.id)
  ->  Seq Scan on movie_info mi  (cost=0.00..309384.22 rows=14739122 width=4) (actual time=0.019..6012.694 rows=14835720 loops=1)
  ->  Hash  (cost=73925.90..73925.90 rows=487605 width=4) (actual time=1474.373..1474.373 rows=501779 loops=1)
        Buckets: 131072  Batches: 8  Memory Usage: 3237kB
        ->  Seq Scan on title t  (cost=0.00..73925.90 rows=487605 width=4) (actual time=0.026..1306.615 rows=501779 loops=1)
              Filter: ((kind_id > 1) AND (production_year > 2008))
              Rows Removed by Filter: 2026533
Planning time: 0.761 ms
Execution time: 14502.253 ms
