Hash Join  (cost=139277.18..166412.02 rows=22436 width=0) (actual time=2671.339..3291.829 rows=80610 loops=1)
  Hash Cond: (mi_idx.movie_id = t.id)
  ->  Seq Scan on movie_info_idx mi_idx  (cost=0.00..21735.35 rows=1380035 width=4) (actual time=0.016..340.032 rows=1380035 loops=1)
  ->  Hash  (cost=138763.33..138763.33 rows=41108 width=8) (actual time=2474.844..2474.844 rows=79946 loops=1)
        Buckets: 131072 (originally 65536)  Batches: 2 (originally 1)  Memory Usage: 3073kB
        ->  Hash Join  (cost=69484.36..138763.33 rows=41108 width=8) (actual time=1193.297..2441.427 rows=79946 loops=1)
              Hash Cond: (mc.movie_id = t.id)
              ->  Seq Scan on movie_companies mc  (cost=0.00..57926.93 rows=907455 width=4) (actual time=1.372..1122.364 rows=744802 loops=1)
                    Filter: ((company_id > 1475) AND (company_type_id < 2))
                    Rows Removed by Filter: 1864327
              ->  Hash  (cost=67604.59..67604.59 rows=114542 width=4) (actual time=1014.026..1014.026 rows=118234 loops=1)
                    Buckets: 131072  Batches: 2  Memory Usage: 3101kB
                    ->  Seq Scan on title t  (cost=0.00..67604.59 rows=114542 width=4) (actual time=530.079..974.155 rows=118234 loops=1)
                          Filter: (kind_id = 4)
                          Rows Removed by Filter: 2410078
Planning time: 2.013 ms
Execution time: 3300.363 ms
