Seq Scan on movie_keyword mk  (cost=0.00..81003.12 rows=246 width=0) (actual time=39.943..1121.997 rows=20 loops=1)
  Filter: (keyword_id = 17889)
  Rows Removed by Filter: 4523910
Planning time: 0.392 ms
Execution time: 1122.119 ms
