Hash Join  (cost=73994.33..825567.74 rows=78425 width=0) (actual time=1213.606..17966.837 rows=59491 loops=1)
  Hash Cond: (ci.movie_id = t.id)
  ->  Seq Scan on cast_info ci  (cost=0.00..614943.12 rows=36225612 width=4) (actual time=0.021..8729.710 rows=36244344 loops=1)
  ->  Hash  (cost=73925.90..73925.90 rows=5474 width=4) (actual time=1212.691..1212.691 rows=6441 loops=1)
        Buckets: 8192  Batches: 1  Memory Usage: 291kB
        ->  Seq Scan on title t  (cost=0.00..73925.90 rows=5474 width=4) (actual time=0.077..1209.329 rows=6441 loops=1)
              Filter: ((kind_id > 1) AND (production_year = 1957))
              Rows Removed by Filter: 2521871
Planning time: 0.696 ms
Execution time: 17977.838 ms
