Hash Join  (cost=162729.21..536792.90 rows=151447 width=0) (actual time=3355.394..9634.887 rows=25079 loops=1)
  Hash Cond: (mi.movie_id = t.id)
  ->  Seq Scan on movie_info mi  (cost=0.00..346232.03 rows=5263441 width=4) (actual time=432.970..5704.532 rows=5270569 loops=1)
        Filter: (info_type_id > 15)
        Rows Removed by Filter: 9565151
  ->  Hash  (cost=161819.78..161819.78 rows=72754 width=8) (actual time=2916.354..2916.354 rows=8805 loops=1)
        Buckets: 131072  Batches: 1  Memory Usage: 1368kB
        ->  Hash Join  (cost=74434.21..161819.78 rows=72754 width=8) (actual time=1843.812..2912.177 rows=8805 loops=1)
              Hash Cond: (mk.movie_id = t.id)
              ->  Seq Scan on movie_keyword mk  (cost=0.00..69693.30 rows=4523930 width=4) (actual time=0.019..959.192 rows=4523930 loops=1)
              ->  Hash  (cost=73925.90..73925.90 rows=40664 width=4) (actual time=1077.514..1077.514 rows=40257 loops=1)
                    Buckets: 65536  Batches: 1  Memory Usage: 1928kB
                    ->  Seq Scan on title t  (cost=0.00..73925.90 rows=40664 width=4) (actual time=0.014..1060.888 rows=40257 loops=1)
                          Filter: ((production_year > 2012) AND (kind_id = 7))
                          Rows Removed by Filter: 2488055
Planning time: 1.175 ms
Execution time: 9638.799 ms
