Hash Join  (cost=842679.89..1602956.96 rows=3838741 width=0) (actual time=23689.568..40489.582 rows=11514015 loops=1)
  Hash Cond: (mi.movie_id = t.id)
  ->  Seq Scan on movie_info mi  (cost=0.00..309384.22 rows=14739122 width=4) (actual time=0.022..5904.213 rows=14835720 loops=1)
  ->  Hash  (cost=831875.08..831875.08 rows=658544 width=8) (actual time=23687.942..23687.942 rows=1053808 loops=1)
        Buckets: 131072  Batches: 16  Memory Usage: 3624kB
        ->  Hash Join  (cost=74500.48..831875.08 rows=658544 width=8) (actual time=1199.857..22708.100 rows=1053808 loops=1)
              Hash Cond: (ci.movie_id = t.id)
              ->  Seq Scan on cast_info ci  (cost=0.00..614943.12 rows=36225612 width=4) (actual time=0.016..8866.814 rows=36244344 loops=1)
              ->  Hash  (cost=73925.90..73925.90 rows=45966 width=4) (actual time=1199.481..1199.481 rows=59574 loops=1)
                    Buckets: 65536  Batches: 1  Memory Usage: 2607kB
                    ->  Seq Scan on title t  (cost=0.00..73925.90 rows=45966 width=4) (actual time=380.926..1176.654 rows=59574 loops=1)
                          Filter: ((production_year < 2002) AND (kind_id = 3))
                          Rows Removed by Filter: 2468738
Planning time: 1.160 ms
Execution time: 41951.602 ms
