Hash Join  (cost=501028.05..647987.40 rows=1781571 width=0) (actual time=9485.823..19426.132 rows=30312023 loops=1)
  Hash Cond: (mk.movie_id = t.id)
  ->  Seq Scan on movie_keyword mk  (cost=0.00..81003.12 rows=3758535 width=4) (actual time=0.025..1779.816 rows=3758507 loops=1)
        Filter: (keyword_id > 721)
        Rows Removed by Filter: 765423
  ->  Hash  (cost=481364.32..481364.32 rows=1198539 width=8) (actual time=9485.063..9485.063 rows=1394915 loops=1)
        Buckets: 131072 (originally 131072)  Batches: 32 (originally 16)  Memory Usage: 3073kB
        ->  Hash Join  (cost=83810.17..481364.32 rows=1198539 width=8) (actual time=4970.932..9059.258 rows=1394915 loops=1)
              Hash Cond: (mi.movie_id = t.id)
              ->  Seq Scan on movie_info mi  (cost=0.00..346232.03 rows=3068194 width=4) (actual time=3523.603..5547.223 rows=3036719 loops=1)
                    Filter: (info_type_id = 16)
                    Rows Removed by Filter: 11799001
              ->  Hash  (cost=67604.59..67604.59 rows=987727 width=4) (actual time=1442.035..1442.035 rows=985048 loops=1)
                    Buckets: 131072  Batches: 16  Memory Usage: 3197kB
                    ->  Seq Scan on title t  (cost=0.00..67604.59 rows=987727 width=4) (actual time=0.024..1132.943 rows=985048 loops=1)
                          Filter: (kind_id < 7)
                          Rows Removed by Filter: 1543264
Planning time: 2.352 ms
Execution time: 22669.839 ms
