Hash Join  (cost=90601.07..227450.18 rows=1338103 width=0) (actual time=1780.634..5656.053 rows=652242 loops=1)
  Hash Cond: (mk.movie_id = t.id)
  ->  Seq Scan on movie_keyword mk  (cost=0.00..81003.12 rows=3329056 width=4) (actual time=0.021..1748.348 rows=3320059 loops=1)
        Filter: (keyword_id < 15253)
        Rows Removed by Filter: 1203871
  ->  Hash  (cost=73925.90..73925.90 rows=1016333 width=4) (actual time=1779.145..1779.145 rows=1107438 loops=1)
        Buckets: 131072  Batches: 16  Memory Usage: 3469kB
        ->  Seq Scan on title t  (cost=0.00..73925.90 rows=1016333 width=4) (actual time=0.025..1422.799 rows=1107438 loops=1)
              Filter: ((kind_id > 1) AND (production_year > 2000))
              Rows Removed by Filter: 1420874
Planning time: 0.824 ms
Execution time: 5737.699 ms
