Seq Scan on cast_info ci  (cost=0.00..705507.15 rows=500 width=0) (actual time=7892.836..10874.257 rows=111 loops=1)
  Filter: (person_id = 888133)
  Rows Removed by Filter: 36244233
Planning time: 0.394 ms
Execution time: 10874.364 ms
