Hash Join  (cost=97174.37..192381.56 rows=1462167 width=0) (actual time=1854.547..5066.723 rows=734036 loops=1)
  Hash Cond: (mc.movie_id = t.id)
  ->  Seq Scan on movie_companies mc  (cost=0.00..44881.29 rows=2609129 width=4) (actual time=0.019..922.942 rows=2609129 loops=1)
  ->  Hash  (cost=73925.90..73925.90 rows=1416997 width=4) (actual time=1853.591..1853.591 rows=1490586 loops=1)
        Buckets: 131072  Batches: 32  Memory Usage: 2663kB
        ->  Seq Scan on title t  (cost=0.00..73925.90 rows=1416997 width=4) (actual time=0.017..1370.549 rows=1490586 loops=1)
              Filter: ((kind_id > 4) AND (production_year > 1947))
              Rows Removed by Filter: 1037726
Planning time: 0.516 ms
Execution time: 5143.678 ms
