Hash Join  (cost=131092.40..259766.34 rows=547591 width=0) (actual time=2964.920..8174.381 rows=5570574 loops=1)
  Hash Cond: (mk.movie_id = t.id)
  ->  Seq Scan on movie_keyword mk  (cost=0.00..69693.30 rows=4523930 width=4) (actual time=0.019..1455.656 rows=4523930 loops=1)
  ->  Hash  (cost=126070.63..126070.63 rows=306061 width=8) (actual time=2963.928..2963.928 rows=479659 loops=1)
        Buckets: 131072 (originally 131072)  Batches: 8 (originally 4)  Memory Usage: 3391kB
        ->  Hash Join  (cost=83126.54..126070.63 rows=306061 width=8) (actual time=1490.704..2808.993 rows=479659 loops=1)
              Hash Cond: (mi_idx.movie_id = t.id)
              ->  Seq Scan on movie_info_idx mi_idx  (cost=0.00..21735.35 rows=1380035 width=4) (actual time=0.023..486.014 rows=1380035 loops=1)
              ->  Hash  (cost=73925.90..73925.90 rows=560771 width=4) (actual time=1489.733..1489.733 rows=438714 loops=1)
                    Buckets: 131072  Batches: 8  Memory Usage: 2965kB
                    ->  Seq Scan on title t  (cost=0.00..73925.90 rows=560771 width=4) (actual time=0.013..1350.194 rows=438714 loops=1)
                          Filter: ((production_year > 1967) AND (kind_id = 1))
                          Rows Removed by Filter: 2089598
Planning time: 1.130 ms
Execution time: 8816.252 ms
