Hash Join  (cost=74657.14..877773.83 rows=567208 width=0) (actual time=1331.269..22791.426 rows=569166 loops=1)
  Hash Cond: (ci.movie_id = t.id)
  ->  Seq Scan on cast_info ci  (cost=0.00..705507.15 rows=24516656 width=4) (actual time=0.008..13192.435 rows=24474251 loops=1)
        Filter: (person_id < 2515101)
        Rows Removed by Filter: 11770093
  ->  Hash  (cost=73925.90..73925.90 rows=58499 width=4) (actual time=1330.784..1330.784 rows=62752 loops=1)
        Buckets: 65536  Batches: 1  Memory Usage: 2719kB
        ->  Seq Scan on title t  (cost=0.00..73925.90 rows=58499 width=4) (actual time=78.929..1305.950 rows=62752 loops=1)
              Filter: ((kind_id = 7) AND (production_year = 2005))
              Rows Removed by Filter: 2465560
Planning time: 1.317 ms
Execution time: 22871.681 ms
