Nested Loop  (cost=76374.83..969647.36 rows=36184 width=0) (actual time=9435.095..19368.292 rows=238258 loops=1)
  ->  Hash Join  (cost=76374.40..913977.16 rows=90146 width=8) (actual time=9435.023..14853.907 rows=238258 loops=1)
        Hash Cond: (ci.movie_id = mc.movie_id)
        ->  Seq Scan on cast_info ci  (cost=0.00..796071.18 rows=81374 width=4) (actual time=7398.445..12357.940 rows=223898 loops=1)
              Filter: ((person_id > 2845198) AND (role_id > 10))
              Rows Removed by Filter: 36020446
        ->  Hash  (cost=57926.93..57926.93 rows=1124357 width=4) (actual time=2035.446..2035.446 rows=1274246 loops=1)
              Buckets: 131072  Batches: 16  Memory Usage: 3804kB
              ->  Seq Scan on movie_companies mc  (cost=0.00..57926.93 rows=1124357 width=4) (actual time=90.797..1293.141 rows=1274246 loops=1)
                    Filter: ((company_id < 91908) AND (company_type_id < 2))
                    Rows Removed by Filter: 1334883
  ->  Index Only Scan using title_pkey on title t  (cost=0.43..0.61 rows=1 width=4) (actual time=0.018..0.018 rows=1 loops=238258)
        Index Cond: (id = mc.movie_id)
        Heap Fetches: 238258
Planning time: 1.170 ms
Execution time: 19413.496 ms
