Seq Scan on movie_companies mc  (cost=0.00..57926.93 rows=797246 width=0) (actual time=0.028..1085.435 rows=1015649 loops=1)
  Filter: ((company_id > 6012) AND (company_type_id = 2))
  Rows Removed by Filter: 1593480
Planning time: 0.393 ms
Execution time: 1212.534 ms
