Hash Join  (cost=181514.48..1254081.48 rows=3773482 width=0) (actual time=3749.394..36386.331 rows=12004955 loops=1)
  Hash Cond: (ci.movie_id = t.id)
  ->  Seq Scan on cast_info ci  (cost=0.00..614943.12 rows=36225612 width=4) (actual time=0.014..12668.482 rows=36244344 loops=1)
  ->  Hash  (cost=177193.14..177193.14 rows=263387 width=8) (actual time=3748.478..3748.478 rows=363913 loops=1)
        Buckets: 131072 (originally 131072)  Batches: 8 (originally 4)  Memory Usage: 3073kB
        ->  Hash Join  (cost=80874.21..177193.14 rows=263387 width=8) (actual time=1602.313..3633.659 rows=363913 loops=1)
              Hash Cond: (mk.movie_id = t.id)
              ->  Seq Scan on movie_keyword mk  (cost=0.00..81003.12 rows=823449 width=4) (actual time=0.011..1380.860 rows=823308 loops=1)
                    Filter: (keyword_id < 788)
                    Rows Removed by Filter: 3700622
              ->  Hash  (cost=67604.59..67604.59 rows=808770 width=4) (actual time=1601.311..1601.311 rows=812704 loops=1)
                    Buckets: 131072  Batches: 16  Memory Usage: 2819kB
                    ->  Seq Scan on title t  (cost=0.00..67604.59 rows=808770 width=4) (actual time=0.017..1333.697 rows=812704 loops=1)
                          Filter: (production_year < 1995)
                          Rows Removed by Filter: 1715608
Planning time: 1.197 ms
Execution time: 37750.010 ms
