Nested Loop  (cost=0.43..67324.85 rows=491 width=0) (actual time=3.223..1024.594 rows=92 loops=1)
  ->  Seq Scan on movie_companies mc  (cost=0.00..57926.93 rows=1152 width=4) (actual time=1.252..955.307 rows=2433 loops=1)
        Filter: ((company_id = 252) AND (company_type_id = 1))
        Rows Removed by Filter: 2606696
  ->  Index Scan using title_pkey on title t  (cost=0.43..8.15 rows=1 width=4) (actual time=0.028..0.028 rows=0 loops=2433)
        Index Cond: (id = mc.movie_id)
        Filter: (production_year < 2001)
        Rows Removed by Filter: 1
Planning time: 0.786 ms
Execution time: 1024.734 ms
