Hash Join  (cost=189632.99..1032026.94 rows=1094468 width=0) (actual time=4815.940..24593.139 rows=11162062 loops=1)
  Hash Cond: (ci.movie_id = t.id)
  ->  Seq Scan on cast_info ci  (cost=0.00..796071.18 rows=2715225 width=4) (actual time=0.018..14949.590 rows=3799921 loops=1)
        Filter: ((person_id > 1323070) AND (role_id = 10))
        Rows Removed by Filter: 32444423
  ->  Hash  (cost=172910.83..172910.83 rows=1019213 width=8) (actual time=4815.011..4815.011 rows=1891821 loops=1)
        Buckets: 131072 (originally 131072)  Batches: 32 (originally 16)  Memory Usage: 3321kB
        ->  Hash Join  (cost=83810.17..172910.83 rows=1019213 width=8) (actual time=1506.881..4311.460 rows=1891821 loops=1)
              Hash Cond: (mc.movie_id = t.id)
              ->  Seq Scan on movie_companies mc  (cost=0.00..44881.29 rows=2609129 width=4) (actual time=0.023..873.140 rows=2609129 loops=1)
              ->  Hash  (cost=67604.59..67604.59 rows=987727 width=4) (actual time=1505.876..1505.876 rows=985048 loops=1)
                    Buckets: 131072  Batches: 16  Memory Usage: 3188kB
                    ->  Seq Scan on title t  (cost=0.00..67604.59 rows=987727 width=4) (actual time=0.016..1192.080 rows=985048 loops=1)
                          Filter: (kind_id < 7)
                          Rows Removed by Filter: 1543264
Planning time: 1.141 ms
Execution time: 25724.981 ms
