Seq Scan on title t  (cost=0.00..73925.90 rows=5474 width=0) (actual time=0.154..1325.480 rows=10047 loops=1)
  Filter: ((kind_id > 1) AND (production_year = 1969))
  Rows Removed by Filter: 2518265
Planning time: 0.352 ms
Execution time: 1327.834 ms
