Hash Join  (cost=155279.78..281051.06 rows=309324 width=0) (actual time=2723.253..5589.130 rows=1025988 loops=1)
  Hash Cond: (mk.movie_id = t.id)
  ->  Seq Scan on movie_keyword mk  (cost=0.00..69693.30 rows=4523930 width=4) (actual time=0.025..1208.222 rows=4523930 loops=1)
  ->  Hash  (cost=152442.68..152442.68 rows=172888 width=8) (actual time=2722.385..2722.385 rows=123171 loops=1)
        Buckets: 131072  Batches: 4  Memory Usage: 2237kB
        ->  Hash Join  (cost=83810.17..152442.68 rows=172888 width=8) (actual time=1667.717..2679.212 rows=123171 loops=1)
              Hash Cond: (mc.movie_id = t.id)
              ->  Seq Scan on movie_companies mc  (cost=0.00..57926.93 rows=442585 width=4) (actual time=186.006..863.324 rows=252321 loops=1)
                    Filter: ((company_id < 2541) AND (company_type_id > 1))
                    Rows Removed by Filter: 2356808
              ->  Hash  (cost=67604.59..67604.59 rows=987727 width=4) (actual time=1480.912..1480.912 rows=985048 loops=1)
                    Buckets: 131072  Batches: 16  Memory Usage: 3188kB
                    ->  Seq Scan on title t  (cost=0.00..67604.59 rows=987727 width=4) (actual time=0.027..1169.478 rows=985048 loops=1)
                          Filter: (kind_id < 7)
                          Rows Removed by Filter: 1543264
Planning time: 1.174 ms
Execution time: 5682.906 ms
