Seq Scan on movie_keyword mk  (cost=0.00..81003.12 rows=3166222 width=0) (actual time=0.028..1662.964 rows=3154377 loops=1)
  Filter: (keyword_id < 12190)
  Rows Removed by Filter: 1369553
Planning time: 0.360 ms
Execution time: 2062.908 ms
