Seq Scan on cast_info ci  (cost=0.00..705507.15 rows=16263191 width=0) (actual time=0.023..12536.406 rows=16129895 loops=1)
  Filter: (person_id < 1598141)
  Rows Removed by Filter: 20114449
Planning time: 0.330 ms
Execution time: 14555.229 ms
