Hash Join  (cost=457036.02..1319773.45 rows=528627 width=0) (actual time=10601.801..26353.304 rows=504142 loops=1)
  Hash Cond: (ci.movie_id = t.id)
  ->  Seq Scan on cast_info ci  (cost=0.00..705507.15 rows=10770400 width=4) (actual time=1228.858..12973.142 rows=10773095 loops=1)
        Filter: (person_id > 2629754)
        Rows Removed by Filter: 25471249
  ->  Hash  (cost=454999.72..454999.72 rows=124104 width=8) (actual time=9371.983..9371.983 rows=70882 loops=1)
        Buckets: 131072  Batches: 2  Memory Usage: 2406kB
        ->  Hash Join  (cost=74369.53..454999.72 rows=124104 width=8) (actual time=1546.947..9342.168 rows=70882 loops=1)
              Hash Cond: (mi.movie_id = t.id)
              ->  Seq Scan on movie_info mi  (cost=0.00..346232.03 rows=8841901 width=4) (actual time=0.024..6119.232 rows=8950757 loops=1)
                    Filter: (info_type_id > 6)
                    Rows Removed by Filter: 5884963
              ->  Hash  (cost=73925.90..73925.90 rows=35490 width=4) (actual time=1231.036..1231.036 rows=39698 loops=1)
                    Buckets: 65536  Batches: 1  Memory Usage: 1908kB
                    ->  Seq Scan on title t  (cost=0.00..73925.90 rows=35490 width=4) (actual time=0.035..1214.811 rows=39698 loops=1)
                          Filter: ((kind_id = 7) AND (production_year = 2001))
                          Rows Removed by Filter: 2488614
Planning time: 15.608 ms
Execution time: 26417.889 ms
