Hash Join  (cost=91959.31..162150.74 rows=217696 width=0) (actual time=1713.147..2836.304 rows=94172 loops=1)
  Hash Cond: (mc.movie_id = t.id)
  ->  Seq Scan on movie_companies mc  (cost=0.00..57926.93 rows=370809 width=4) (actual time=0.083..817.362 rows=209859 loops=1)
        Filter: ((company_id < 1402) AND (company_type_id = 2))
        Rows Removed by Filter: 2399270
  ->  Hash  (cost=67604.59..67604.59 rows=1484458 width=4) (actual time=1711.879..1711.879 rows=1485030 loops=1)
        Buckets: 131072  Batches: 32  Memory Usage: 2655kB
        ->  Seq Scan on title t  (cost=0.00..67604.59 rows=1484458 width=4) (actual time=0.016..1240.554 rows=1485030 loops=1)
              Filter: (production_year > 1998)
              Rows Removed by Filter: 1043282
Planning time: 1.719 ms
Execution time: 2844.940 ms
