Nested Loop  (cost=44377.22..138813.04 rows=55 width=0) (actual time=1258.713..2998.618 rows=385 loops=1)
  ->  Hash Join  (cost=44376.79..131636.55 rows=12104 width=8) (actual time=1194.852..2758.974 rows=14843 loops=1)
        Hash Cond: (mk.movie_id = mi_idx.movie_id)
        ->  Seq Scan on movie_keyword mk  (cost=0.00..81003.12 rows=4072 width=4) (actual time=0.076..1332.866 rows=6011 loops=1)
              Filter: (keyword_id = 1732)
              Rows Removed by Filter: 4517919
        ->  Hash  (cost=21735.35..21735.35 rows=1380035 width=4) (actual time=1190.899..1190.899 rows=1380035 loops=1)
              Buckets: 131072  Batches: 32  Memory Usage: 2556kB
              ->  Seq Scan on movie_info_idx mi_idx  (cost=0.00..21735.35 rows=1380035 width=4) (actual time=0.028..491.676 rows=1380035 loops=1)
  ->  Index Scan using title_pkey on title t  (cost=0.43..0.58 rows=1 width=4) (actual time=0.016..0.016 rows=0 loops=14843)
        Index Cond: (id = mi_idx.movie_id)
        Filter: ((kind_id < 7) AND (production_year = 2011))
        Rows Removed by Filter: 1
Planning time: 1.131 ms
Execution time: 2998.868 ms
