Hash Join  (cost=74291.13..880587.02 rows=30565 width=0) (actual time=3486.065..17171.256 rows=29234 loops=1)
  Hash Cond: (ci.movie_id = t.id)
  ->  Seq Scan on cast_info ci  (cost=0.00..796071.18 rows=2645082 width=4) (actual time=2428.482..15459.291 rows=2728943 loops=1)
        Filter: ((person_id < 3826178) AND (role_id = 4))
        Rows Removed by Filter: 33515401
  ->  Hash  (cost=73925.90..73925.90 rows=29218 width=4) (actual time=1057.217..1057.217 rows=30850 loops=1)
        Buckets: 32768  Batches: 1  Memory Usage: 1341kB
        ->  Seq Scan on title t  (cost=0.00..73925.90 rows=29218 width=4) (actual time=0.099..1044.142 rows=30850 loops=1)
              Filter: ((kind_id > 1) AND (production_year = 1995))
              Rows Removed by Filter: 2497462
Planning time: 0.551 ms
Execution time: 17175.695 ms
