Hash Join  (cost=842176.52..1347246.08 rows=1714361 width=0) (actual time=24457.337..32694.583 rows=2287331 loops=1)
  Hash Cond: (mi.movie_id = t.id)
  ->  Seq Scan on movie_info mi  (cost=0.00..346232.03 rows=4972096 width=4) (actual time=942.872..6024.713 rows=4923966 loops=1)
        Filter: (info_type_id < 5)
        Rows Removed by Filter: 9911754
  ->  Hash  (cost=827872.69..827872.69 rows=871827 width=8) (actual time=23513.259..23513.259 rows=929303 loops=1)
        Buckets: 131072  Batches: 16  Memory Usage: 3403kB
        ->  Hash Join  (cost=68365.25..827872.69 rows=871827 width=8) (actual time=788.755..23096.748 rows=929303 loops=1)
              Hash Cond: (ci.movie_id = t.id)
              ->  Seq Scan on cast_info ci  (cost=0.00..614943.12 rows=36225612 width=4) (actual time=0.024..9549.608 rows=36244344 loops=1)
              ->  Hash  (cost=67604.59..67604.59 rows=60853 width=4) (actual time=788.319..788.319 rows=62568 loops=1)
                    Buckets: 65536  Batches: 1  Memory Usage: 2712kB
                    ->  Seq Scan on title t  (cost=0.00..67604.59 rows=60853 width=4) (actual time=0.021..765.331 rows=62568 loops=1)
                          Filter: (production_year = 2002)
                          Rows Removed by Filter: 2465744
Planning time: 1.166 ms
Execution time: 32949.020 ms
