Hash Join  (cost=83074.00..833875.78 rows=1261 width=0) (actual time=1542.959..17341.167 rows=5805 loops=1)
  Hash Cond: (ci.movie_id = t.id)
  ->  Seq Scan on cast_info ci  (cost=0.00..614943.12 rows=36225612 width=4) (actual time=0.017..8993.596 rows=36244344 loops=1)
  ->  Hash  (cost=83072.90..83072.90 rows=88 width=8) (actual time=1542.684..1542.684 rows=107 loops=1)
        Buckets: 1024  Batches: 1  Memory Usage: 13kB
        ->  Nested Loop  (cost=0.43..83072.90 rows=88 width=8) (actual time=779.791..1542.589 rows=107 loops=1)
              ->  Seq Scan on movie_keyword mk  (cost=0.00..81003.12 rows=246 width=4) (actual time=0.820..1448.846 rows=2005 loops=1)
                    Filter: (keyword_id = 3792)
                    Rows Removed by Filter: 4521925
              ->  Index Scan using title_pkey on title t  (cost=0.43..8.40 rows=1 width=4) (actual time=0.046..0.046 rows=0 loops=2005)
                    Index Cond: (id = mk.movie_id)
                    Filter: ((production_year > 1998) AND (kind_id = 7))
                    Rows Removed by Filter: 1
Planning time: 1.165 ms
Execution time: 17343.474 ms
