Nested Loop  (cost=0.43..83072.29 rows=205 width=0) (actual time=0.420..1301.462 rows=1629 loops=1)
  ->  Seq Scan on movie_keyword mk  (cost=0.00..81003.12 rows=246 width=4) (actual time=0.390..1229.292 rows=1665 loops=1)
        Filter: (keyword_id = 8716)
        Rows Removed by Filter: 4522265
  ->  Index Scan using title_pkey on title t  (cost=0.43..8.40 rows=1 width=4) (actual time=0.042..0.042 rows=1 loops=1665)
        Index Cond: (id = mk.movie_id)
        Filter: (production_year > 1968)
        Rows Removed by Filter: 0
Planning time: 0.528 ms
Execution time: 1302.072 ms
