Hash Join  (cost=200413.74..245011.41 rows=402419 width=0) (actual time=4330.906..5838.611 rows=1249012 loops=1)
  Hash Cond: (mi_idx.movie_id = t.id)
  ->  Seq Scan on movie_info_idx mi_idx  (cost=0.00..21735.35 rows=1380035 width=4) (actual time=0.006..424.700 rows=1380035 loops=1)
  ->  Hash  (cost=188316.24..188316.24 rows=737320 width=8) (actual time=4329.672..4329.672 rows=957257 loops=1)
        Buckets: 131072  Batches: 16  Memory Usage: 3363kB
        ->  Hash Join  (cost=102767.86..188316.24 rows=737320 width=8) (actual time=1851.247..4061.368 rows=957257 loops=1)
              Hash Cond: (mc.movie_id = t.id)
              ->  Seq Scan on movie_companies mc  (cost=0.00..57926.93 rows=737320 width=4) (actual time=0.020..1048.379 rows=957257 loops=1)
                    Filter: ((company_id > 9337) AND (company_type_id = 2))
                    Rows Removed by Filter: 1651872
              ->  Hash  (cost=61283.27..61283.27 rows=2528527 width=4) (actual time=1850.039..1850.039 rows=2528312 loops=1)
                    Buckets: 131072  Batches: 64  Memory Usage: 2415kB
                    ->  Seq Scan on title t  (cost=0.00..61283.27 rows=2528527 width=4) (actual time=0.041..1011.885 rows=2528312 loops=1)
Planning time: 0.769 ms
Execution time: 5981.826 ms
