Hash Join  (cost=104570.16..194409.77 rows=947949 width=0) (actual time=2139.843..4880.862 rows=1034187 loops=1)
  Hash Cond: (mc.movie_id = t.id)
  ->  Seq Scan on movie_companies mc  (cost=0.00..57926.93 rows=1063836 width=4) (actual time=63.892..1150.255 rows=1274246 loops=1)
        Filter: ((company_id < 77727) AND (company_type_id < 2))
        Rows Removed by Filter: 1334883
  ->  Hash  (cost=67604.59..67604.59 rows=2253086 width=4) (actual time=2075.095..2075.095 rows=2244594 loops=1)
        Buckets: 131072  Batches: 32  Memory Usage: 3493kB
        ->  Seq Scan on title t  (cost=0.00..67604.59 rows=2253086 width=4) (actual time=0.021..1381.206 rows=2244594 loops=1)
              Filter: (production_year > 1956)
              Rows Removed by Filter: 283718
Planning time: 0.841 ms
Execution time: 4998.942 ms
