Seq Scan on cast_info ci  (cost=0.00..705507.15 rows=500 width=0) (actual time=500.528..11358.942 rows=102 loops=1)
  Filter: (person_id = 3767701)
  Rows Removed by Filter: 36244242
Planning time: 0.348 ms
Execution time: 11359.067 ms
