Seq Scan on cast_info ci  (cost=0.00..705507.15 rows=6320533 width=0) (actual time=0.021..12003.290 rows=6224104 loops=1)
  Filter: (person_id < 599442)
  Rows Removed by Filter: 30020240
Planning time: 0.315 ms
Execution time: 12772.967 ms
