Seq Scan on cast_info ci  (cost=0.00..705507.15 rows=20928267 width=0) (actual time=0.026..13005.101 rows=20803196 loops=1)
  Filter: (person_id < 2096152)
  Rows Removed by Filter: 15441148
Planning time: 0.341 ms
Execution time: 15554.692 ms
