Hash Join  (cost=102767.86..1096211.75 rows=11555615 width=0) (actual time=1841.399..26729.156 rows=11580652 loops=1)
  Hash Cond: (ci.movie_id = t.id)
  ->  Seq Scan on cast_info ci  (cost=0.00..705507.15 rows=11555615 width=4) (actual time=0.031..13415.864 rows=11580652 loops=1)
        Filter: (person_id > 2537687)
        Rows Removed by Filter: 24663692
  ->  Hash  (cost=61283.27..61283.27 rows=2528527 width=4) (actual time=1839.615..1839.615 rows=2528312 loops=1)
        Buckets: 131072  Batches: 64  Memory Usage: 2415kB
        ->  Seq Scan on title t  (cost=0.00..61283.27 rows=2528527 width=4) (actual time=0.020..1014.850 rows=2528312 loops=1)
Planning time: 0.754 ms
Execution time: 27990.992 ms
