Hash Join  (cost=215346.54..1180531.05 rows=3529816 width=0) (actual time=5879.931..33721.746 rows=21485298 loops=1)
  Hash Cond: (ci.movie_id = t.id)
  ->  Seq Scan on cast_info ci  (cost=0.00..705507.15 rows=17355645 width=4) (actual time=0.023..13949.052 rows=17480634 loops=1)
        Filter: (person_id > 1870112)
        Rows Removed by Filter: 18763710
  ->  Hash  (cost=206909.36..206909.36 rows=514255 width=8) (actual time=5878.825..5878.825 rows=1649085 loops=1)
        Buckets: 131072 (originally 131072)  Batches: 32 (originally 8)  Memory Usage: 3073kB
        ->  Hash Join  (cost=78641.77..206909.36 rows=514255 width=8) (actual time=1365.707..5403.533 rows=1649085 loops=1)
              Hash Cond: (mk.movie_id = t.id)
              ->  Seq Scan on movie_keyword mk  (cost=0.00..69693.30 rows=4523930 width=4) (actual time=0.024..1446.074 rows=4523930 loops=1)
              ->  Hash  (cost=73925.90..73925.90 rows=287429 width=4) (actual time=1364.734..1364.734 rows=401493 loops=1)
                    Buckets: 131072 (originally 131072)  Batches: 8 (originally 4)  Memory Usage: 3073kB
                    ->  Seq Scan on title t  (cost=0.00..73925.90 rows=287429 width=4) (actual time=0.020..1224.613 rows=401493 loops=1)
                          Filter: ((kind_id < 7) AND (production_year < 1992))
                          Rows Removed by Filter: 2126819
Planning time: 1.241 ms
Execution time: 36268.741 ms
