Nested Loop  (cost=0.43..709671.90 rows=500 width=0) (actual time=1969.177..10991.658 rows=38 loops=1)
  ->  Seq Scan on cast_info ci  (cost=0.00..705507.15 rows=500 width=4) (actual time=1969.014..10987.985 rows=38 loops=1)
        Filter: (person_id = 3252443)
        Rows Removed by Filter: 36244306
  ->  Index Only Scan using title_pkey on title t  (cost=0.43..8.32 rows=1 width=4) (actual time=0.094..0.095 rows=1 loops=38)
        Index Cond: (id = ci.movie_id)
        Heap Fetches: 38
Planning time: 2.263 ms
Execution time: 10991.739 ms
