Hash Join  (cost=156487.41..227941.40 rows=159705 width=0) (actual time=3416.863..4960.976 rows=228200 loops=1)
  Hash Cond: (mc.movie_id = t.id)
  ->  Seq Scan on movie_companies mc  (cost=0.00..57926.93 rows=876001 width=4) (actual time=0.013..1115.986 rows=557482 loops=1)
        Filter: ((company_id < 21610) AND (company_type_id > 1))
        Rows Removed by Filter: 2051647
  ->  Hash  (cost=148924.19..148924.19 rows=460978 width=8) (actual time=3415.983..3415.983 rows=459925 loops=1)
        Buckets: 131072  Batches: 8  Memory Usage: 3275kB
        ->  Hash Join  (cost=102767.86..148924.19 rows=460978 width=8) (actual time=2003.737..3286.971 rows=459925 loops=1)
              Hash Cond: (mi_idx.movie_id = t.id)
              ->  Seq Scan on movie_info_idx mi_idx  (cost=0.00..25185.44 rows=460978 width=4) (actual time=0.056..527.176 rows=459925 loops=1)
                    Filter: (info_type_id = 99)
                    Rows Removed by Filter: 920110
              ->  Hash  (cost=61283.27..61283.27 rows=2528527 width=4) (actual time=2002.304..2002.304 rows=2528312 loops=1)
                    Buckets: 131072  Batches: 64  Memory Usage: 2415kB
                    ->  Seq Scan on title t  (cost=0.00..61283.27 rows=2528527 width=4) (actual time=0.020..1149.849 rows=2528312 loops=1)
Planning time: 0.981 ms
Execution time: 4989.900 ms
