Seq Scan on movie_keyword mk  (cost=0.00..81003.12 rows=246 width=0) (actual time=2.735..1221.073 rows=292 loops=1)
  Filter: (keyword_id = 8695)
  Rows Removed by Filter: 4523638
Planning time: 0.349 ms
Execution time: 1221.294 ms
