Hash Join  (cost=160717.46..867981.79 rows=628 width=0) (actual time=11680.312..16288.222 rows=19 loops=1)
  Hash Cond: (ci.movie_id = t.id)
  ->  Seq Scan on cast_info ci  (cost=0.00..705507.15 rows=350181 width=4) (actual time=8658.807..13331.801 rows=316118 loops=1)
        Filter: (role_id > 10)
        Rows Removed by Filter: 35928226
  ->  Hash  (cost=160660.86..160660.86 rows=4528 width=8) (actual time=2909.128..2909.128 rows=597 loops=1)
        Buckets: 8192  Batches: 1  Memory Usage: 88kB
        ->  Hash Join  (cost=73957.54..160660.86 rows=4528 width=8) (actual time=1084.407..2908.508 rows=597 loops=1)
              Hash Cond: (mk.movie_id = t.id)
              ->  Seq Scan on movie_keyword mk  (cost=0.00..69693.30 rows=4523930 width=4) (actual time=0.028..1025.872 rows=4523930 loops=1)
              ->  Hash  (cost=73925.90..73925.90 rows=2531 width=4) (actual time=1083.455..1083.455 rows=1787 loops=1)
                    Buckets: 4096  Batches: 1  Memory Usage: 95kB
                    ->  Seq Scan on title t  (cost=0.00..73925.90 rows=2531 width=4) (actual time=245.448..1082.406 rows=1787 loops=1)
                          Filter: ((kind_id < 4) AND (production_year = 1899))
                          Rows Removed by Filter: 2526525
Planning time: 1.140 ms
Execution time: 16288.340 ms
