Hash Join  (cost=83072.94..137738.49 rows=3 width=0) (actual time=1684.258..2260.628 rows=1 loops=1)
  Hash Cond: (mc.movie_id = t.id)
  ->  Seq Scan on movie_companies mc  (cost=0.00..44881.29 rows=2609129 width=4) (actual time=0.016..593.847 rows=2609129 loops=1)
  ->  Hash  (cost=83072.90..83072.90 rows=3 width=8) (actual time=1216.757..1216.757 rows=1 loops=1)
        Buckets: 1024  Batches: 1  Memory Usage: 9kB
        ->  Nested Loop  (cost=0.43..83072.90 rows=3 width=8) (actual time=773.286..1216.749 rows=1 loops=1)
              ->  Seq Scan on movie_keyword mk  (cost=0.00..81003.12 rows=246 width=4) (actual time=1.162..1181.327 rows=720 loops=1)
                    Filter: (keyword_id = 453)
                    Rows Removed by Filter: 4523210
              ->  Index Scan using title_pkey on title t  (cost=0.43..8.40 rows=1 width=4) (actual time=0.048..0.048 rows=0 loops=720)
                    Index Cond: (id = mk.movie_id)
                    Filter: ((production_year < 1993) AND (kind_id = 4))
                    Rows Removed by Filter: 1
Planning time: 3.108 ms
Execution time: 2260.792 ms
