Seq Scan on title t  (cost=0.00..73925.90 rows=79340 width=0) (actual time=0.024..1318.383 rows=92312 loops=1)
  Filter: ((kind_id > 1) AND (production_year = 2006))
  Rows Removed by Filter: 2436000
Planning time: 0.286 ms
Execution time: 1332.401 ms
