Nested Loop  (cost=0.43..83072.90 rows=5 width=0) (actual time=26.559..1439.353 rows=59 loops=1)
  ->  Seq Scan on movie_keyword mk  (cost=0.00..81003.12 rows=246 width=4) (actual time=0.703..1310.109 rows=2923 loops=1)
        Filter: (keyword_id = 1535)
        Rows Removed by Filter: 4521007
  ->  Index Scan using title_pkey on title t  (cost=0.43..8.40 rows=1 width=4) (actual time=0.043..0.043 rows=0 loops=2923)
        Index Cond: (id = mk.movie_id)
        Filter: ((kind_id > 1) AND (production_year = 2003))
        Rows Removed by Filter: 1
Planning time: 0.788 ms
Execution time: 1439.509 ms
