Seq Scan on movie_companies mc  (cost=0.00..57926.93 rows=555904 width=0) (actual time=1067.686..1875.088 rows=276532 loops=1)
  Filter: ((company_id > 13270) AND (company_type_id < 2))
  Rows Removed by Filter: 2332597
Planning time: 0.337 ms
Execution time: 1914.181 ms
