Hash Join  (cost=169434.39..196725.64 rows=38076 width=0) (actual time=3197.023..4282.878 rows=581374 loops=1)
  Hash Cond: (mi_idx.movie_id = t.id)
  ->  Seq Scan on movie_info_idx mi_idx  (cost=0.00..21735.35 rows=1380035 width=4) (actual time=0.024..316.567 rows=1380035 loops=1)
  ->  Hash  (cost=168562.36..168562.36 rows=69763 width=8) (actual time=3192.729..3192.729 rows=225161 loops=1)
        Buckets: 131072 (originally 131072)  Batches: 4 (originally 1)  Memory Usage: 3243kB
        ->  Hash Join  (cost=79647.52..168562.36 rows=69763 width=8) (actual time=1523.642..3120.516 rows=225161 loops=1)
              Hash Cond: (mk.movie_id = t.id)
              ->  Seq Scan on movie_keyword mk  (cost=0.00..81003.12 rows=505889 width=4) (actual time=0.017..1244.443 rows=497658 loops=1)
                    Filter: (keyword_id > 36234)
                    Rows Removed by Filter: 4026272
              ->  Hash  (cost=73925.90..73925.90 rows=348689 width=4) (actual time=1522.474..1522.474 rows=467220 loops=1)
                    Buckets: 131072  Batches: 8  Memory Usage: 3093kB
                    ->  Seq Scan on title t  (cost=0.00..73925.90 rows=348689 width=4) (actual time=0.035..1372.593 rows=467220 loops=1)
                          Filter: ((kind_id < 4) AND (production_year < 2000))
                          Rows Removed by Filter: 2061092
Planning time: 1.212 ms
Execution time: 4353.898 ms
