Nested Loop  (cost=0.43..83071.67 rows=246 width=0) (actual time=6.363..844.770 rows=147 loops=1)
  ->  Seq Scan on movie_keyword mk  (cost=0.00..81003.12 rows=246 width=4) (actual time=6.287..840.346 rows=147 loops=1)
        Filter: (keyword_id = 2757)
        Rows Removed by Filter: 4523783
  ->  Index Only Scan using title_pkey on title t  (cost=0.43..8.40 rows=1 width=4) (actual time=0.027..0.028 rows=1 loops=147)
        Index Cond: (id = mk.movie_id)
        Heap Fetches: 147
Planning time: 0.719 ms
Execution time: 844.906 ms
