Hash Join  (cost=161021.74..1319733.17 rows=12159229 width=0) (actual time=3721.116..43916.690 rows=28595167 loops=1)
  Hash Cond: (ci.movie_id = t.id)
  ->  Seq Scan on cast_info ci  (cost=0.00..614943.12 rows=36225612 width=4) (actual time=0.401..13377.011 rows=36244344 loops=1)
  ->  Hash  (cost=147096.91..147096.91 rows=848707 width=8) (actual time=3719.759..3719.759 rows=1010682 loops=1)
        Buckets: 131072  Batches: 16  Memory Usage: 3504kB
        ->  Hash Join  (cost=93117.31..147096.91 rows=848707 width=8) (actual time=1757.649..3430.408 rows=1010682 loops=1)
              Hash Cond: (mi_idx.movie_id = t.id)
              ->  Seq Scan on movie_info_idx mi_idx  (cost=0.00..21735.35 rows=1380035 width=4) (actual time=0.019..440.411 rows=1380035 loops=1)
              ->  Hash  (cost=67604.59..67604.59 rows=1555018 width=4) (actual time=1756.712..1756.712 rows=1551727 loops=1)
                    Buckets: 131072  Batches: 32  Memory Usage: 2728kB
                    ->  Seq Scan on title t  (cost=0.00..67604.59 rows=1555018 width=4) (actual time=0.027..1257.975 rows=1551727 loops=1)
                          Filter: (production_year < 2007)
                          Rows Removed by Filter: 976585
Planning time: 3.501 ms
Execution time: 46956.471 ms
