Hash Join  (cost=1007651.06..1600296.69 rows=7121890 width=0) (actual time=18062.200..35429.205 rows=15233164 loops=1)
  Hash Cond: (mi.movie_id = t.id)
  ->  Seq Scan on movie_info mi  (cost=0.00..309384.22 rows=14739122 width=4) (actual time=0.015..6058.997 rows=14835720 loops=1)
  ->  Hash  (cost=987605.87..987605.87 rows=1221775 width=8) (actual time=18061.199..18061.199 rows=477163 loops=1)
        Buckets: 131072  Batches: 16  Memory Usage: 2200kB
        ->  Hash Join  (cost=79907.83..987605.87 rows=1221775 width=8) (actual time=10400.860..17898.552 rows=477163 loops=1)
              Hash Cond: (ci.movie_id = t.id)
              ->  Seq Scan on cast_info ci  (cost=0.00..796071.18 rows=8474163 width=4) (actual time=9260.839..14764.226 rows=3997181 loops=1)
                    Filter: ((person_id > 1183108) AND (role_id < 2))
                    Rows Removed by Filter: 32247163
              ->  Hash  (cost=73925.90..73925.90 rows=364554 width=4) (actual time=1139.156..1139.156 rows=274015 loops=1)
                    Buckets: 131072  Batches: 8  Memory Usage: 2229kB
                    ->  Seq Scan on title t  (cost=0.00..73925.90 rows=364554 width=4) (actual time=132.430..1054.989 rows=274015 loops=1)
                          Filter: ((production_year > 2000) AND (kind_id = 1))
                          Rows Removed by Filter: 2254297
Planning time: 1.302 ms
Execution time: 37190.659 ms
