Nested Loop  (cost=0.43..709671.90 rows=500 width=0) (actual time=3203.621..10838.318 rows=31 loops=1)
  ->  Seq Scan on cast_info ci  (cost=0.00..705507.15 rows=500 width=4) (actual time=3203.545..10837.782 rows=31 loops=1)
        Filter: (person_id = 2829728)
        Rows Removed by Filter: 36244313
  ->  Index Only Scan using title_pkey on title t  (cost=0.43..8.32 rows=1 width=4) (actual time=0.015..0.015 rows=1 loops=31)
        Index Cond: (id = ci.movie_id)
        Heap Fetches: 31
Planning time: 0.750 ms
Execution time: 10838.399 ms
