Hash Join  (cost=74391.93..129442.15 rows=38470 width=0) (actual time=1155.903..2640.718 rows=24253 loops=1)
  Hash Cond: (mc.movie_id = t.id)
  ->  Seq Scan on movie_companies mc  (cost=0.00..44881.29 rows=2609129 width=4) (actual time=0.018..763.144 rows=2609129 loops=1)
  ->  Hash  (cost=73925.90..73925.90 rows=37282 width=4) (actual time=1155.431..1155.431 rows=42986 loops=1)
        Buckets: 65536  Batches: 1  Memory Usage: 2024kB
        ->  Seq Scan on title t  (cost=0.00..73925.90 rows=37282 width=4) (actual time=0.015..1137.702 rows=42986 loops=1)
              Filter: ((kind_id > 1) AND (production_year = 1999))
              Rows Removed by Filter: 2485326
Planning time: 0.723 ms
Execution time: 2644.694 ms
