Hash Join  (cost=211472.55..258628.94 rows=551591 width=0) (actual time=4806.542..6323.240 rows=1530597 loops=1)
  Hash Cond: (mi_idx.movie_id = t.id)
  ->  Seq Scan on movie_info_idx mi_idx  (cost=0.00..21735.35 rows=1380035 width=4) (actual time=0.017..420.933 rows=1380035 loops=1)
  ->  Hash  (cost=194891.61..194891.61 rows=1010635 width=8) (actual time=4805.612..4805.612 rows=1161571 loops=1)
        Buckets: 131072  Batches: 16  Memory Usage: 3850kB
        ->  Hash Join  (cost=102767.86..194891.61 rows=1010635 width=8) (actual time=1998.460..4470.711 rows=1161571 loops=1)
              Hash Cond: (mc.movie_id = t.id)
              ->  Seq Scan on movie_companies mc  (cost=0.00..57926.93 rows=1010635 width=4) (actual time=0.018..1117.166 rows=1161571 loops=1)
                    Filter: ((company_id > 774) AND (company_type_id = 2))
                    Rows Removed by Filter: 1447558
              ->  Hash  (cost=61283.27..61283.27 rows=2528527 width=4) (actual time=1997.437..1997.437 rows=2528312 loops=1)
                    Buckets: 131072  Batches: 64  Memory Usage: 2415kB
                    ->  Seq Scan on title t  (cost=0.00..61283.27 rows=2528527 width=4) (actual time=0.047..1160.001 rows=2528312 loops=1)
Planning time: 1.257 ms
Execution time: 6474.965 ms
