Hash Join  (cost=226422.47..1532332.75 rows=22080410 width=0) (actual time=5335.387..47852.693 rows=43140552 loops=1)
  Hash Cond: (ci.movie_id = t.id)
  ->  Seq Scan on cast_info ci  (cost=0.00..614943.12 rows=36225612 width=4) (actual time=0.024..13027.269 rows=36244344 loops=1)
  ->  Hash  (cost=201136.47..201136.47 rows=1541200 width=8) (actual time=5334.512..5334.512 rows=1543309 loops=1)
        Buckets: 131072  Batches: 32  Memory Usage: 2898kB
        ->  Hash Join  (cost=102767.86..201136.47 rows=1541200 width=8) (actual time=1972.014..4892.946 rows=1543309 loops=1)
              Hash Cond: (mc.movie_id = t.id)
              ->  Seq Scan on movie_companies mc  (cost=0.00..51404.11 rows=1541200 width=4) (actual time=0.019..1062.277 rows=1543309 loops=1)
                    Filter: (company_id > 6430)
                    Rows Removed by Filter: 1065820
              ->  Hash  (cost=61283.27..61283.27 rows=2528527 width=4) (actual time=1971.319..1971.319 rows=2528312 loops=1)
                    Buckets: 131072  Batches: 64  Memory Usage: 2415kB
                    ->  Seq Scan on title t  (cost=0.00..61283.27 rows=2528527 width=4) (actual time=0.019..1106.129 rows=2528312 loops=1)
Planning time: 1.197 ms
Execution time: 52515.894 ms
