Hash Join  (cost=101095.26..936413.83 rows=11568 width=0) (actual time=1730.717..17440.792 rows=23084 loops=1)
  Hash Cond: (ci.movie_id = t.id)
  ->  Seq Scan on cast_info ci  (cost=0.00..796071.18 rows=10435120 width=4) (actual time=0.031..14657.906 rows=5617639 loops=1)
        Filter: ((person_id < 2375348) AND (role_id > 2))
        Rows Removed by Filter: 30626705
  ->  Hash  (cost=101060.23..101060.23 rows=2803 width=8) (actual time=1730.561..1730.561 rows=4452 loops=1)
        Buckets: 8192 (originally 4096)  Batches: 1 (originally 1)  Memory Usage: 238kB
        ->  Hash Join  (cost=74118.09..101060.23 rows=2803 width=8) (actual time=1175.850..1728.311 rows=4452 loops=1)
              Hash Cond: (mi_idx.movie_id = t.id)
              ->  Seq Scan on movie_info_idx mi_idx  (cost=0.00..25185.44 rows=460978 width=4) (actual time=0.019..454.801 rows=459925 loops=1)
                    Filter: (info_type_id < 100)
                    Rows Removed by Filter: 920110
              ->  Hash  (cost=73925.90..73925.90 rows=15375 width=4) (actual time=1175.710..1175.710 rows=8740 loops=1)
                    Buckets: 16384  Batches: 1  Memory Usage: 436kB
                    ->  Seq Scan on title t  (cost=0.00..73925.90 rows=15375 width=4) (actual time=506.442..1171.864 rows=8740 loops=1)
                          Filter: ((kind_id = 1) AND (production_year = 2001))
                          Rows Removed by Filter: 2519572
Planning time: 1.292 ms
Execution time: 17446.447 ms
