Seq Scan on cast_info ci  (cost=0.00..705507.15 rows=500 width=0) (actual time=616.820..9468.320 rows=417 loops=1)
  Filter: (person_id = 224858)
  Rows Removed by Filter: 36243927
Planning time: 0.358 ms
Execution time: 9468.477 ms
