Hash Join  (cost=74382.78..101336.82 rows=6564 width=0) (actual time=1109.043..1671.244 rows=8188 loops=1)
  Hash Cond: (mi_idx.movie_id = t.id)
  ->  Seq Scan on movie_info_idx mi_idx  (cost=0.00..25185.44 rows=454124 width=4) (actual time=0.028..434.660 rows=459925 loops=1)
        Filter: (info_type_id = 100)
        Rows Removed by Filter: 920110
  ->  Hash  (cost=73925.90..73925.90 rows=36550 width=4) (actual time=1108.651..1108.651 rows=22961 loops=1)
        Buckets: 65536  Batches: 1  Memory Usage: 1320kB
        ->  Seq Scan on title t  (cost=0.00..73925.90 rows=36550 width=4) (actual time=554.144..1098.045 rows=22961 loops=1)
              Filter: ((production_year > 2006) AND (kind_id = 3))
              Rows Removed by Filter: 2505351
Planning time: 0.751 ms
Execution time: 1672.733 ms
