Hash Join  (cost=92883.59..1077701.38 rows=8808433 width=0) (actual time=1671.595..26752.700 rows=8254432 loops=1)
  Hash Cond: (ci.movie_id = t.id)
  ->  Seq Scan on cast_info ci  (cost=0.00..705507.15 rows=14455063 width=4) (actual time=0.021..13642.151 rows=14383833 loops=1)
        Filter: (person_id < 1416370)
        Rows Removed by Filter: 21860511
  ->  Hash  (cost=67604.59..67604.59 rows=1540800 width=4) (actual time=1669.795..1669.795 rows=1543264 loops=1)
        Buckets: 131072  Batches: 32  Memory Usage: 2722kB
        ->  Seq Scan on title t  (cost=0.00..67604.59 rows=1540800 width=4) (actual time=0.021..1182.934 rows=1543264 loops=1)
              Filter: (kind_id = 7)
              Rows Removed by Filter: 985048
Planning time: 0.770 ms
Execution time: 27651.131 ms
