Hash Join  (cost=91219.03..1125725.22 rows=6209013 width=0) (actual time=2356.358..30509.111 rows=8266389 loops=1)
  Hash Cond: (ci.movie_id = t.id)
  ->  Seq Scan on cast_info ci  (cost=0.00..796071.18 rows=14895169 width=4) (actual time=671.575..16579.882 rows=18352511 loops=1)
        Filter: ((person_id < 2274095) AND (role_id < 4))
        Rows Removed by Filter: 17891833
  ->  Hash  (cost=73925.90..73925.90 rows=1054010 width=4) (actual time=1683.658..1683.658 rows=1148948 loops=1)
        Buckets: 131072  Batches: 16  Memory Usage: 3556kB
        ->  Seq Scan on title t  (cost=0.00..73925.90 rows=1054010 width=4) (actual time=140.905..1315.988 rows=1148948 loops=1)
              Filter: ((production_year > 1991) AND (kind_id = 7))
              Rows Removed by Filter: 1379364
Planning time: 0.840 ms
Execution time: 31492.030 ms
