Hash Join  (cost=827649.71..964255.21 rows=770564 width=0) (actual time=14981.246..17235.029 rows=746533 loops=1)
  Hash Cond: (mk.movie_id = t.id)
  ->  Seq Scan on movie_keyword mk  (cost=0.00..81003.12 rows=3976730 width=4) (actual time=0.015..1362.993 rows=3976424 loops=1)
        Filter: (keyword_id > 393)
        Rows Removed by Filter: 547506
  ->  Hash  (cost=819611.36..819611.36 rows=489948 width=8) (actual time=14175.488..14175.488 rows=533763 loops=1)
        Buckets: 131072  Batches: 8  Memory Usage: 3621kB
        ->  Hash Join  (cost=92883.59..819611.36 rows=489948 width=8) (actual time=1948.326..14005.202 rows=533763 loops=1)
              Hash Cond: (ci.movie_id = t.id)
              ->  Seq Scan on cast_info ci  (cost=0.00..705507.15 rows=804028 width=4) (actual time=307.687..11482.392 rows=835090 loops=1)
                    Filter: (person_id > 3901434)
                    Rows Removed by Filter: 35409254
              ->  Hash  (cost=67604.59..67604.59 rows=1540800 width=4) (actual time=1639.329..1639.329 rows=1543264 loops=1)
                    Buckets: 131072  Batches: 32  Memory Usage: 2722kB
                    ->  Seq Scan on title t  (cost=0.00..67604.59 rows=1540800 width=4) (actual time=0.027..1153.055 rows=1543264 loops=1)
                          Filter: (kind_id = 7)
                          Rows Removed by Filter: 985048
Planning time: 1.209 ms
Execution time: 17319.920 ms
