Hash Join  (cost=129075.48..207466.17 rows=242317 width=0) (actual time=3201.913..5555.371 rows=1546164 loops=1)
  Hash Cond: (mc.movie_id = t.id)
  ->  Seq Scan on movie_companies mc  (cost=0.00..44881.29 rows=2609129 width=4) (actual time=0.027..1058.828 rows=2609129 loops=1)
  ->  Hash  (cost=125222.09..125222.09 rows=234831 width=8) (actual time=2903.372..2903.372 rows=419758 loops=1)
        Buckets: 131072 (originally 131072)  Batches: 8 (originally 4)  Memory Usage: 3078kB
        ->  Hash Join  (cost=84571.72..125222.09 rows=234831 width=8) (actual time=1591.403..2778.030 rows=419758 loops=1)
              Hash Cond: (mi_idx.movie_id = t.id)
              ->  Seq Scan on movie_info_idx mi_idx  (cost=0.00..25185.44 rows=915101 width=4) (actual time=0.020..509.491 rows=919850 loops=1)
                    Filter: (info_type_id < 101)
                    Rows Removed by Filter: 460185
              ->  Hash  (cost=73925.90..73925.90 rows=648865 width=4) (actual time=1590.299..1590.299 rows=656311 loops=1)
                    Buckets: 131072  Batches: 16  Memory Usage: 2462kB
                    ->  Seq Scan on title t  (cost=0.00..73925.90 rows=648865 width=4) (actual time=336.292..1373.379 rows=656311 loops=1)
                          Filter: ((production_year > 0) AND (kind_id = 1))
                          Rows Removed by Filter: 1872001
Planning time: 1.098 ms
Execution time: 5732.829 ms
