Hash Join  (cost=145459.16..1021331.01 rows=815990 width=0) (actual time=5982.566..17575.880 rows=669492 loops=1)
  Hash Cond: (ci.movie_id = t.id)
  ->  Seq Scan on cast_info ci  (cost=0.00..796071.18 rows=6081272 width=4) (actual time=2881.072..12413.574 rows=4018418 loops=1)
        Filter: ((person_id > 2960607) AND (role_id < 10))
        Rows Removed by Filter: 32225926
  ->  Hash  (cost=139892.16..139892.16 rows=339280 width=8) (actual time=3100.280..3100.280 rows=250045 loops=1)
        Buckets: 131072  Batches: 8  Memory Usage: 2248kB
        ->  Hash Join  (cost=98137.04..139892.16 rows=339280 width=8) (actual time=1785.767..3015.498 rows=250045 loops=1)
              Hash Cond: (mi_idx.movie_id = t.id)
              ->  Seq Scan on movie_info_idx mi_idx  (cost=0.00..25185.44 rows=460978 width=4) (actual time=0.031..512.890 rows=459925 loops=1)
                    Filter: (info_type_id < 100)
                    Rows Removed by Filter: 920110
              ->  Hash  (cost=67604.59..67604.59 rows=1860996 width=4) (actual time=1784.874..1784.874 rows=1865487 loops=1)
                    Buckets: 131072  Batches: 32  Memory Usage: 3079kB
                    ->  Seq Scan on title t  (cost=0.00..67604.59 rows=1860996 width=4) (actual time=0.021..1188.842 rows=1865487 loops=1)
                          Filter: (kind_id > 1)
                          Rows Removed by Filter: 662825
Planning time: 1.209 ms
Execution time: 17658.607 ms
