Hash Join  (cost=170621.42..303731.92 rows=911747 width=0) (actual time=4150.609..9644.790 rows=8960116 loops=1)
  Hash Cond: (mk.movie_id = t.id)
  ->  Seq Scan on movie_keyword mk  (cost=0.00..69693.30 rows=4523930 width=4) (actual time=0.021..1487.922 rows=4523930 loops=1)
  ->  Hash  (cost=162260.47..162260.47 rows=509596 width=8) (actual time=4148.863..4148.863 rows=788545 loops=1)
        Buckets: 131072 (originally 131072)  Batches: 16 (originally 8)  Memory Usage: 3073kB
        ->  Hash Join  (cost=76690.42..162260.47 rows=509596 width=8) (actual time=1303.532..3896.492 rows=788545 loops=1)
              Hash Cond: (mc.movie_id = t.id)
              ->  Seq Scan on movie_companies mc  (cost=0.00..51404.11 rows=2326925 width=4) (actual time=0.031..1106.963 rows=2331492 loops=1)
                    Filter: (company_id > 145)
                    Rows Removed by Filter: 277637
              ->  Hash  (cost=67604.59..67604.59 rows=553747 width=4) (actual time=1302.661..1302.661 rows=552960 loops=1)
                    Buckets: 131072  Batches: 8  Memory Usage: 3445kB
                    ->  Seq Scan on title t  (cost=0.00..67604.59 rows=553747 width=4) (actual time=0.020..1130.938 rows=552960 loops=1)
                          Filter: (production_year < 1983)
                          Rows Removed by Filter: 1975352
Planning time: 1.096 ms
Execution time: 10663.449 ms
