Hash Join  (cost=177430.54..267213.73 rows=74555 width=0) (actual time=3741.542..5419.844 rows=243699 loops=1)
  Hash Cond: (mk.movie_id = t.id)
  ->  Seq Scan on movie_keyword mk  (cost=0.00..81003.12 rows=586003 width=4) (actual time=0.021..1277.353 rows=587834 loops=1)
        Filter: (keyword_id < 429)
        Rows Removed by Filter: 3936096
  ->  Hash  (cost=172152.35..172152.35 rows=321695 width=8) (actual time=3740.089..3740.089 rows=458083 loops=1)
        Buckets: 131072  Batches: 8  Memory Usage: 3246kB
        ->  Hash Join  (cost=98137.04..172152.35 rows=321695 width=8) (actual time=2181.112..3602.384 rows=458083 loops=1)
              Hash Cond: (mc.movie_id = t.id)
              ->  Seq Scan on movie_companies mc  (cost=0.00..57926.93 rows=437086 width=4) (actual time=317.839..955.361 rows=630034 loops=1)
                    Filter: ((company_id < 2716) AND (company_type_id = 1))
                    Rows Removed by Filter: 1979095
              ->  Hash  (cost=67604.59..67604.59 rows=1860996 width=4) (actual time=1862.444..1862.444 rows=1865487 loops=1)
                    Buckets: 131072  Batches: 32  Memory Usage: 3079kB
                    ->  Seq Scan on title t  (cost=0.00..67604.59 rows=1860996 width=4) (actual time=0.020..1252.876 rows=1865487 loops=1)
                          Filter: (kind_id > 1)
                          Rows Removed by Filter: 662825
Planning time: 1.164 ms
Execution time: 5448.822 ms
