Hash Join  (cost=251716.01..347176.45 rows=1480592 width=0) (actual time=5472.577..10132.378 rows=10489141 loops=1)
  Hash Cond: (mc.movie_id = t.id)
  ->  Seq Scan on movie_companies mc  (cost=0.00..44881.29 rows=2609129 width=4) (actual time=0.024..975.368 rows=2609129 loops=1)
  ->  Hash  (cost=228175.34..228175.34 rows=1434853 width=8) (actual time=5471.402..5471.402 rows=1450815 loops=1)
        Buckets: 131072  Batches: 32  Memory Usage: 2784kB
        ->  Hash Join  (cost=102767.86..228175.34 rows=1434853 width=8) (actual time=1947.612..5030.321 rows=1450815 loops=1)
              Hash Cond: (mk.movie_id = t.id)
              ->  Seq Scan on movie_keyword mk  (cost=0.00..81003.12 rows=1434853 width=4) (actual time=0.014..1473.375 rows=1450815 loops=1)
                    Filter: (keyword_id < 2042)
                    Rows Removed by Filter: 3073115
              ->  Hash  (cost=61283.27..61283.27 rows=2528527 width=4) (actual time=1946.319..1946.319 rows=2528312 loops=1)
                    Buckets: 131072  Batches: 64  Memory Usage: 2425kB
                    ->  Seq Scan on title t  (cost=0.00..61283.27 rows=2528527 width=4) (actual time=0.011..1074.976 rows=2528312 loops=1)
Planning time: 7.247 ms
Execution time: 11212.597 ms
