Hash Join  (cost=73960.37..100885.90 rows=1505 width=0) (actual time=1128.180..1709.248 rows=4689 loops=1)
  Hash Cond: (mi_idx.movie_id = t.id)
  ->  Seq Scan on movie_info_idx mi_idx  (cost=0.00..21735.35 rows=1380035 width=4) (actual time=0.024..300.043 rows=1380035 loops=1)
  ->  Hash  (cost=73925.90..73925.90 rows=2757 width=4) (actual time=1128.087..1128.087 rows=4737 loops=1)
        Buckets: 8192 (originally 4096)  Batches: 1 (originally 1)  Memory Usage: 231kB
        ->  Seq Scan on title t  (cost=0.00..73925.90 rows=2757 width=4) (actual time=431.607..1125.770 rows=4737 loops=1)
              Filter: ((kind_id = 4) AND (production_year = 2002))
              Rows Removed by Filter: 2523575
Planning time: 0.837 ms
Execution time: 1710.145 ms
