Hash Join  (cost=69002.72..137171.36 rows=28057 width=0) (actual time=1409.291..2765.045 rows=33746 loops=1)
  Hash Cond: (mc.movie_id = t.id)
  ->  Seq Scan on movie_companies mc  (cost=0.00..57926.93 rows=832568 width=4) (actual time=250.378..1201.232 rows=1142407 loops=1)
        Filter: ((company_id < 20151) AND (company_type_id < 2))
        Rows Removed by Filter: 1466722
  ->  Hash  (cost=67604.59..67604.59 rows=85211 width=4) (actual time=1158.064..1158.064 rows=84593 loops=1)
        Buckets: 131072  Batches: 2  Memory Usage: 2518kB
        ->  Seq Scan on title t  (cost=0.00..67604.59 rows=85211 width=4) (actual time=0.034..1125.094 rows=84593 loops=1)
              Filter: (production_year = 2004)
              Rows Removed by Filter: 2443719
Planning time: 0.692 ms
Execution time: 2770.281 ms
