Hash Join  (cost=83075.25..110004.63 rows=44 width=0) (actual time=1478.038..1899.406 rows=178 loops=1)
  Hash Cond: (mi_idx.movie_id = t.id)
  ->  Seq Scan on movie_info_idx mi_idx  (cost=0.00..25185.44 rows=464934 width=4) (actual time=0.028..440.144 rows=460185 loops=1)
        Filter: (info_type_id > 100)
        Rows Removed by Filter: 919850
  ->  Hash  (cost=83072.29..83072.29 rows=237 width=8) (actual time=1393.462..1393.462 rows=869 loops=1)
        Buckets: 1024  Batches: 1  Memory Usage: 42kB
        ->  Nested Loop  (cost=0.43..83072.29 rows=237 width=8) (actual time=14.203..1392.870 rows=869 loops=1)
              ->  Seq Scan on movie_keyword mk  (cost=0.00..81003.12 rows=246 width=4) (actual time=14.134..1363.002 rows=963 loops=1)
                    Filter: (keyword_id = 59192)
                    Rows Removed by Filter: 4522967
              ->  Index Scan using title_pkey on title t  (cost=0.43..8.40 rows=1 width=4) (actual time=0.029..0.030 rows=1 loops=963)
                    Index Cond: (id = mk.movie_id)
                    Filter: (production_year > 1908)
                    Rows Removed by Filter: 0
Planning time: 1.187 ms
Execution time: 1899.639 ms
