Nested Loop  (cost=32807.94..740418.07 rows=24 width=0) (actual time=11843.846..11850.156 rows=1 loops=1)
  Join Filter: (ci.movie_id = t.id)
  ->  Hash Join  (cost=32807.51..740223.45 rows=229 width=8) (actual time=11828.389..11850.026 rows=2 loops=1)
        Hash Cond: (ci.movie_id = mi_idx.movie_id)
        ->  Seq Scan on cast_info ci  (cost=0.00..705507.15 rows=500 width=4) (actual time=2422.359..11118.380 rows=983 loops=1)
              Filter: (person_id = 734946)
              Rows Removed by Filter: 36243361
        ->  Hash  (cost=25185.44..25185.44 rows=464566 width=4) (actual time=669.820..669.820 rows=459925 loops=1)
              Buckets: 131072  Batches: 8  Memory Usage: 3050kB
              ->  Seq Scan on movie_info_idx mi_idx  (cost=0.00..25185.44 rows=464566 width=4) (actual time=0.046..533.149 rows=459925 loops=1)
                    Filter: (info_type_id = 101)
                    Rows Removed by Filter: 920110
  ->  Index Scan using title_pkey on title t  (cost=0.43..0.84 rows=1 width=4) (actual time=0.050..0.051 rows=0 loops=2)
        Index Cond: (id = mi_idx.movie_id)
        Filter: (kind_id = 1)
        Rows Removed by Filter: 0
Planning time: 1.217 ms
Execution time: 11850.268 ms
