Seq Scan on movie_companies mc  (cost=0.00..57926.93 rows=1017229 width=0) (actual time=429.039..1084.530 rows=726447 loops=1)
  Filter: ((company_id < 62967) AND (company_type_id = 2))
  Rows Removed by Filter: 1882682
Planning time: 0.384 ms
Execution time: 1172.461 ms
