Hash Join  (cost=28270.40..90687.84 rows=174 width=0) (actual time=954.158..1496.558 rows=729 loops=1)
  Hash Cond: (mc.movie_id = t.id)
  ->  Seq Scan on movie_companies mc  (cost=0.00..57926.93 rows=1197004 width=4) (actual time=467.675..1069.779 rows=1275091 loops=1)
        Filter: ((company_id > 125) AND (company_type_id > 1))
        Rows Removed by Filter: 1334038
  ->  Hash  (cost=28265.80..28265.80 rows=368 width=8) (actual time=262.693..262.693 rows=260 loops=1)
        Buckets: 1024  Batches: 1  Memory Usage: 19kB
        ->  Nested Loop  (cost=0.43..28265.80 rows=368 width=8) (actual time=236.780..262.625 rows=260 loops=1)
              ->  Seq Scan on movie_info_idx mi_idx  (cost=0.00..25185.44 rows=368 width=4) (actual time=236.704..258.873 rows=260 loops=1)
                    Filter: (info_type_id > 101)
                    Rows Removed by Filter: 1379775
              ->  Index Only Scan using title_pkey on title t  (cost=0.43..8.36 rows=1 width=4) (actual time=0.014..0.014 rows=1 loops=260)
                    Index Cond: (id = mi_idx.movie_id)
                    Heap Fetches: 260
Planning time: 11.623 ms
Execution time: 1496.863 ms
