Hash Join  (cost=102767.86..172068.54 rows=333204 width=0) (actual time=2571.646..4090.406 rows=329013 loops=1)
  Hash Cond: (mc.movie_id = t.id)
  ->  Seq Scan on movie_companies mc  (cost=0.00..51404.11 rows=333204 width=4) (actual time=0.025..848.070 rows=329013 loops=1)
        Filter: (company_id < 161)
        Rows Removed by Filter: 2280116
  ->  Hash  (cost=61283.27..61283.27 rows=2528527 width=4) (actual time=2570.189..2570.189 rows=2528312 loops=1)
        Buckets: 131072  Batches: 64  Memory Usage: 2415kB
        ->  Seq Scan on title t  (cost=0.00..61283.27 rows=2528527 width=4) (actual time=0.015..1159.020 rows=2528312 loops=1)
Planning time: 0.755 ms
Execution time: 4129.635 ms
