Seq Scan on movie_companies mc  (cost=0.00..57926.93 rows=621184 width=0) (actual time=0.020..1086.811 rows=849681 loops=1)
  Filter: ((company_id < 11173) AND (company_type_id = 1))
  Rows Removed by Filter: 1759448
Planning time: 0.317 ms
Execution time: 1195.706 ms
