Hash Join  (cost=236680.42..373808.13 rows=1750809 width=0) (actual time=6335.350..12593.349 rows=14289012 loops=1)
  Hash Cond: (mk.movie_id = t.id)
  ->  Seq Scan on movie_keyword mk  (cost=0.00..81003.12 rows=2466698 width=4) (actual time=0.015..1707.858 rows=2453967 loops=1)
        Filter: (keyword_id > 3664)
        Rows Removed by Filter: 2069963
  ->  Hash  (cost=207235.75..207235.75 rows=1794694 width=8) (actual time=6334.603..6334.603 rows=1802586 loops=1)
        Buckets: 131072  Batches: 32  Memory Usage: 3282kB
        ->  Hash Join  (cost=102767.86..207235.75 rows=1794694 width=8) (actual time=2626.852..5778.918 rows=1802586 loops=1)
              Hash Cond: (mc.movie_id = t.id)
              ->  Seq Scan on movie_companies mc  (cost=0.00..51404.11 rows=1794694 width=4) (actual time=0.009..1107.762 rows=1802586 loops=1)
                    Filter: (company_id > 1830)
                    Rows Removed by Filter: 806543
              ->  Hash  (cost=61283.27..61283.27 rows=2528527 width=4) (actual time=2624.729..2624.729 rows=2528312 loops=1)
                    Buckets: 131072  Batches: 64  Memory Usage: 2415kB
                    ->  Seq Scan on title t  (cost=0.00..61283.27 rows=2528527 width=4) (actual time=0.015..1144.773 rows=2528312 loops=1)
Planning time: 0.670 ms
Execution time: 14171.514 ms
