Hash Join  (cost=58375.85..423034.86 rows=309 width=0) (actual time=849.664..7497.962 rows=15819 loops=1)
  Hash Cond: (mi.movie_id = t.id)
  ->  Seq Scan on movie_info mi  (cost=0.00..309384.22 rows=14739122 width=4) (actual time=0.008..4033.899 rows=14835720 loops=1)
  ->  Hash  (cost=58375.18..58375.18 rows=53 width=8) (actual time=835.017..835.017 rows=1034 loops=1)
        Buckets: 2048 (originally 1024)  Batches: 1 (originally 1)  Memory Usage: 57kB
        ->  Nested Loop  (cost=0.43..58375.18 rows=53 width=8) (actual time=18.006..834.539 rows=1034 loops=1)
              ->  Seq Scan on movie_companies mc  (cost=0.00..57926.93 rows=53 width=4) (actual time=17.895..818.275 rows=1034 loops=1)
                    Filter: ((company_id = 74784) AND (company_type_id = 2))
                    Rows Removed by Filter: 2608095
              ->  Index Only Scan using title_pkey on title t  (cost=0.43..8.45 rows=1 width=4) (actual time=0.015..0.015 rows=1 loops=1034)
                    Index Cond: (id = mc.movie_id)
                    Heap Fetches: 1034
Planning time: 1.266 ms
Execution time: 7500.157 ms
