Hash Join  (cost=102767.86..197156.80 rows=1104739 width=0) (actual time=1866.617..4814.526 rows=1001060 loops=1)
  Hash Cond: (mc.movie_id = t.id)
  ->  Seq Scan on movie_companies mc  (cost=0.00..57926.93 rows=1104739 width=4) (actual time=0.027..1149.701 rows=1001060 loops=1)
        Filter: ((company_id > 166) AND (company_type_id < 2))
        Rows Removed by Filter: 1608069
  ->  Hash  (cost=61283.27..61283.27 rows=2528527 width=4) (actual time=1865.496..1865.496 rows=2528312 loops=1)
        Buckets: 131072  Batches: 64  Memory Usage: 2415kB
        ->  Seq Scan on title t  (cost=0.00..61283.27 rows=2528527 width=4) (actual time=0.019..1039.489 rows=2528312 loops=1)
Planning time: 0.758 ms
Execution time: 4935.712 ms
