Hash Join  (cost=75461.39..886796.25 rows=46195 width=0) (actual time=5555.671..13917.270 rows=82775 loops=1)
  Hash Cond: (ci.movie_id = t.id)
  ->  Seq Scan on cast_info ci  (cost=0.00..796071.18 rows=1248461 width=4) (actual time=4342.274..11741.993 rows=2466441 loops=1)
        Filter: ((person_id < 329664) AND (role_id = 1))
        Rows Removed by Filter: 33777903
  ->  Hash  (cost=73925.90..73925.90 rows=93559 width=4) (actual time=1212.356..1212.356 rows=104574 loops=1)
        Buckets: 131072  Batches: 2  Memory Usage: 2857kB
        ->  Seq Scan on title t  (cost=0.00..73925.90 rows=93559 width=4) (actual time=493.366..1175.610 rows=104574 loops=1)
              Filter: ((production_year < 2011) AND (kind_id = 4))
              Rows Removed by Filter: 2423738
Planning time: 0.771 ms
Execution time: 13928.543 ms
