Hash Join  (cost=102767.86..1420344.58 rows=25026066 width=0) (actual time=1935.718..38772.625 rows=25052600 loops=1)
  Hash Cond: (ci.movie_id = t.id)
  ->  Seq Scan on cast_info ci  (cost=0.00..705507.15 rows=25026066 width=4) (actual time=0.026..15292.991 rows=25052600 loops=1)
        Filter: (person_id < 2582647)
        Rows Removed by Filter: 11191744
  ->  Hash  (cost=61283.27..61283.27 rows=2528527 width=4) (actual time=1933.919..1933.919 rows=2528312 loops=1)
        Buckets: 131072  Batches: 64  Memory Usage: 2415kB
        ->  Seq Scan on title t  (cost=0.00..61283.27 rows=2528527 width=4) (actual time=0.015..1077.639 rows=2528312 loops=1)
Planning time: 0.734 ms
Execution time: 41606.073 ms
