Hash Join  (cost=76125.53..144132.58 rows=70489 width=0) (actual time=1621.073..2479.048 rows=23002 loops=1)
  Hash Cond: (mc.movie_id = t.id)
  ->  Seq Scan on movie_companies mc  (cost=0.00..51404.11 rows=1329612 width=4) (actual time=0.033..984.972 rows=1334883 loops=1)
        Filter: (company_type_id = 2)
        Rows Removed by Filter: 1274246
  ->  Hash  (cost=73925.90..73925.90 rows=134050 width=4) (actual time=1067.160..1067.160 rows=33653 loops=1)
        Buckets: 131072  Batches: 2  Memory Usage: 1617kB
        ->  Seq Scan on title t  (cost=0.00..73925.90 rows=134050 width=4) (actual time=178.715..1053.458 rows=33653 loops=1)
              Filter: ((production_year < 1958) AND (kind_id = 7))
              Rows Removed by Filter: 2494659
Planning time: 0.751 ms
Execution time: 2481.736 ms
