Hash Join  (cost=166343.60..692841.59 rows=4375910 width=0) (actual time=4187.956..20553.495 rows=12942642 loops=1)
  Hash Cond: (mi.movie_id = t.id)
  ->  Seq Scan on movie_info mi  (cost=0.00..309384.22 rows=14739122 width=4) (actual time=0.012..6155.079 rows=14835720 loops=1)
  ->  Hash  (cost=154026.89..154026.89 rows=750696 width=8) (actual time=4186.987..4186.987 rows=832302 loops=1)
        Buckets: 131072  Batches: 16  Memory Usage: 3072kB
        ->  Hash Join  (cost=101489.21..154026.89 rows=750696 width=8) (actual time=2280.664..3928.794 rows=832302 loops=1)
              Hash Cond: (mi_idx.movie_id = t.id)
              ->  Seq Scan on movie_info_idx mi_idx  (cost=0.00..25185.44 rows=919057 width=4) (actual time=0.025..549.031 rows=920110 loops=1)
                    Filter: (info_type_id > 99)
                    Rows Removed by Filter: 459925
              ->  Hash  (cost=67604.59..67604.59 rows=2065330 width=4) (actual time=2279.565..2279.565 rows=2064552 loops=1)
                    Buckets: 131072  Batches: 32  Memory Usage: 3289kB
                    ->  Seq Scan on title t  (cost=0.00..67604.59 rows=2065330 width=4) (actual time=0.039..1372.702 rows=2064552 loops=1)
                          Filter: (production_year < 2011)
                          Rows Removed by Filter: 463760
Planning time: 2.992 ms
Execution time: 21950.143 ms
