Seq Scan on title t  (cost=0.00..67604.59 rows=265495 width=0) (actual time=0.022..926.293 rows=263594 loops=1)
  Filter: (production_year < 1962)
  Rows Removed by Filter: 2264718
Planning time: 0.308 ms
Execution time: 962.219 ms
