Hash Join  (cost=709677.89..795820.16 rows=151 width=0) (actual time=11558.876..12627.102 rows=106 loops=1)
  Hash Cond: (mk.movie_id = t.id)
  ->  Seq Scan on movie_keyword mk  (cost=0.00..81003.12 rows=1370036 width=4) (actual time=0.030..1467.941 rows=1386212 loops=1)
        Filter: (keyword_id > 12034)
        Rows Removed by Filter: 3137718
  ->  Hash  (cost=709674.40..709674.40 rows=279 width=8) (actual time=10966.476..10966.476 rows=20 loops=1)
        Buckets: 1024  Batches: 1  Memory Usage: 9kB
        ->  Nested Loop  (cost=0.43..709674.40 rows=279 width=8) (actual time=3000.607..10966.387 rows=20 loops=1)
              ->  Seq Scan on cast_info ci  (cost=0.00..705507.15 rows=500 width=4) (actual time=2998.725..10960.935 rows=64 loops=1)
                    Filter: (person_id = 1391000)
                    Rows Removed by Filter: 36244280
              ->  Index Scan using title_pkey on title t  (cost=0.43..8.32 rows=1 width=4) (actual time=0.082..0.082 rows=0 loops=64)
                    Index Cond: (id = ci.movie_id)
                    Filter: ((production_year > 1943) AND (kind_id = 7))
                    Rows Removed by Filter: 1
Planning time: 1.197 ms
Execution time: 12627.241 ms
