Hash Join  (cost=189632.99..1161860.38 rows=6791724 width=0) (actual time=4875.878..33986.086 rows=28067097 loops=1)
  Hash Cond: (ci.movie_id = t.id)
  ->  Seq Scan on cast_info ci  (cost=0.00..705507.15 rows=16849332 width=4) (actual time=0.022..14218.782 rows=16705837 loops=1)
        Filter: (person_id < 1653805)
        Rows Removed by Filter: 19538507
  ->  Hash  (cost=172910.83..172910.83 rows=1019213 width=8) (actual time=4875.018..4875.018 rows=1891821 loops=1)
        Buckets: 131072 (originally 131072)  Batches: 32 (originally 16)  Memory Usage: 3321kB
        ->  Hash Join  (cost=83810.17..172910.83 rows=1019213 width=8) (actual time=1465.002..4358.673 rows=1891821 loops=1)
              Hash Cond: (mc.movie_id = t.id)
              ->  Seq Scan on movie_companies mc  (cost=0.00..44881.29 rows=2609129 width=4) (actual time=0.009..926.218 rows=2609129 loops=1)
              ->  Hash  (cost=67604.59..67604.59 rows=987727 width=4) (actual time=1464.223..1464.223 rows=985048 loops=1)
                    Buckets: 131072  Batches: 16  Memory Usage: 3188kB
                    ->  Seq Scan on title t  (cost=0.00..67604.59 rows=987727 width=4) (actual time=0.032..1168.380 rows=985048 loops=1)
                          Filter: (kind_id < 7)
                          Rows Removed by Filter: 1543264
Planning time: 1.173 ms
Execution time: 36738.179 ms
