Seq Scan on cast_info ci  (cost=0.00..796071.18 rows=38 width=0) (actual time=8392.027..9399.510 rows=1 loops=1)
  Filter: ((person_id = 2363547) AND (role_id = 4))
  Rows Removed by Filter: 36244343
Planning time: 0.264 ms
Execution time: 9399.580 ms
