Hash Join  (cost=797070.64..1161733.45 rows=688 width=0) (actual time=19610.986..20599.823 rows=76 loops=1)
  Hash Cond: (mi.movie_id = t.id)
  ->  Seq Scan on movie_info mi  (cost=0.00..309384.22 rows=14739122 width=4) (actual time=0.019..4513.172 rows=14835720 loops=1)
  ->  Hash  (cost=797069.17..797069.17 rows=118 width=8) (actual time=13386.026..13386.026 rows=75 loops=1)
        Buckets: 1024  Batches: 1  Memory Usage: 11kB
        ->  Nested Loop  (cost=0.43..797069.17 rows=118 width=8) (actual time=7345.852..13385.950 rows=75 loops=1)
              ->  Seq Scan on cast_info ci  (cost=0.00..796071.18 rows=118 width=4) (actual time=7345.673..13384.761 rows=75 loops=1)
                    Filter: ((role_id > 5) AND (person_id = 3217576))
                    Rows Removed by Filter: 36244269
              ->  Index Only Scan using title_pkey on title t  (cost=0.43..8.45 rows=1 width=4) (actual time=0.014..0.014 rows=1 loops=75)
                    Index Cond: (id = ci.movie_id)
                    Heap Fetches: 75
Planning time: 1.974 ms
Execution time: 20599.941 ms
