Hash Join  (cost=173449.22..296962.20 rows=947975 width=0) (actual time=3835.649..6985.495 rows=1607262 loops=1)
  Hash Cond: (mk.movie_id = t.id)
  ->  Seq Scan on movie_keyword mk  (cost=0.00..81003.12 rows=2537362 width=4) (actual time=0.022..1588.354 rows=2531279 loops=1)
        Filter: (keyword_id > 3518)
        Rows Removed by Filter: 1992651
  ->  Hash  (cost=157949.79..157949.79 rows=944674 width=8) (actual time=3832.206..3832.206 rows=749958 loops=1)
        Buckets: 131072  Batches: 16  Memory Usage: 2873kB
        ->  Hash Join  (cost=102323.53..157949.79 rows=944674 width=8) (actual time=2144.511..3635.458 rows=749958 loops=1)
              Hash Cond: (mi_idx.movie_id = t.id)
              ->  Seq Scan on movie_info_idx mi_idx  (cost=0.00..21735.35 rows=1380035 width=4) (actual time=0.024..431.802 rows=1380035 loops=1)
              ->  Hash  (cost=73925.90..73925.90 rows=1730850 width=4) (actual time=2143.158..2143.158 rows=1799904 loops=1)
                    Buckets: 131072  Batches: 32  Memory Usage: 3007kB
                    ->  Seq Scan on title t  (cost=0.00..73925.90 rows=1730850 width=4) (actual time=0.011..1572.848 rows=1799904 loops=1)
                          Filter: ((kind_id > 1) AND (production_year > 1927))
                          Rows Removed by Filter: 728408
Planning time: 1.150 ms
Execution time: 7168.502 ms
