Seq Scan on movie_keyword mk  (cost=0.00..81003.12 rows=3500755 width=0) (actual time=0.044..782.387 rows=3496454 loops=1)
  Filter: (keyword_id < 17363)
  Rows Removed by Filter: 1027476
Planning time: 0.333 ms
Execution time: 1045.886 ms
