Hash Join  (cost=102767.86..253157.96 rows=2473045 width=0) (actual time=1979.656..5603.424 rows=2465197 loops=1)
  Hash Cond: (mk.movie_id = t.id)
  ->  Seq Scan on movie_keyword mk  (cost=0.00..81003.12 rows=2473045 width=4) (actual time=0.018..1638.155 rows=2465197 loops=1)
        Filter: (keyword_id > 3660)
        Rows Removed by Filter: 2058733
  ->  Hash  (cost=61283.27..61283.27 rows=2528527 width=4) (actual time=1978.127..1978.127 rows=2528312 loops=1)
        Buckets: 131072  Batches: 64  Memory Usage: 2425kB
        ->  Seq Scan on title t  (cost=0.00..61283.27 rows=2528527 width=4) (actual time=0.016..1114.224 rows=2528312 loops=1)
Planning time: 0.751 ms
Execution time: 5844.047 ms
