Hash Join  (cost=163683.90..608364.93 rows=1032855 width=0) (actual time=3721.965..16844.256 rows=12995231 loops=1)
  Hash Cond: (mi.movie_id = t.id)
  ->  Seq Scan on movie_info mi  (cost=0.00..346232.03 rows=7503588 width=4) (actual time=155.521..6749.044 rows=7548855 loops=1)
        Filter: (info_type_id > 7)
        Rows Removed by Filter: 7286865
  ->  Hash  (cost=157973.31..157973.31 rows=348047 width=8) (actual time=3565.565..3565.565 rows=612451 loops=1)
        Buckets: 131072  Batches: 8  Memory Usage: 4031kB
        ->  Hash Join  (cost=83743.23..157973.31 rows=348047 width=8) (actual time=1387.360..3393.766 rows=612451 loops=1)
              Hash Cond: (mc.movie_id = t.id)
              ->  Seq Scan on movie_companies mc  (cost=0.00..51404.11 rows=1470800 width=4) (actual time=0.025..1036.915 rows=1474828 loops=1)
                    Filter: (company_id > 8389)
                    Rows Removed by Filter: 1134301
              ->  Hash  (cost=73925.90..73925.90 rows=598346 width=4) (actual time=1385.588..1385.588 rows=507407 loops=1)
                    Buckets: 131072  Batches: 8  Memory Usage: 3251kB
                    ->  Seq Scan on title t  (cost=0.00..73925.90 rows=598346 width=4) (actual time=0.030..1224.491 rows=507407 loops=1)
                          Filter: ((kind_id < 7) AND (production_year > 1997))
                          Rows Removed by Filter: 2020905
Planning time: 1.191 ms
Execution time: 18216.997 ms
