Hash Join  (cost=126008.10..491033.25 rows=36922 width=0) (actual time=1316.854..9074.480 rows=319128 loops=1)
  Hash Cond: (mi.movie_id = t.id)
  ->  Seq Scan on movie_info mi  (cost=0.00..309384.22 rows=14739122 width=4) (actual time=0.024..4554.522 rows=14835720 loops=1)
  ->  Hash  (cost=125928.93..125928.93 rows=6334 width=8) (actual time=1316.372..1316.372 rows=5403 loops=1)
        Buckets: 8192  Batches: 1  Memory Usage: 276kB
        ->  Nested Loop  (cost=0.43..125928.93 rows=6334 width=8) (actual time=0.088..1313.004 rows=5403 loops=1)
              ->  Seq Scan on movie_keyword mk  (cost=0.00..81003.12 rows=6334 width=4) (actual time=0.030..1218.096 rows=5403 loops=1)
                    Filter: (keyword_id = 107)
                    Rows Removed by Filter: 4518527
              ->  Index Only Scan using title_pkey on title t  (cost=0.43..7.08 rows=1 width=4) (actual time=0.016..0.017 rows=1 loops=5403)
                    Index Cond: (id = mk.movie_id)
                    Heap Fetches: 5403
Planning time: 1.112 ms
Execution time: 9119.953 ms
