Hash Join  (cost=168801.85..297002.87 rows=508798 width=0) (actual time=3955.156..7632.434 rows=1508650 loops=1)
  Hash Cond: (mk.movie_id = t.id)
  ->  Seq Scan on movie_keyword mk  (cost=0.00..69693.30 rows=4523930 width=4) (actual time=0.017..1438.035 rows=4523930 loops=1)
  ->  Hash  (cost=164136.12..164136.12 rows=284379 width=8) (actual time=3954.032..3954.032 rows=332072 loops=1)
        Buckets: 131072 (originally 131072)  Batches: 8 (originally 4)  Memory Usage: 3073kB
        ->  Hash Join  (cost=91397.28..164136.12 rows=284379 width=8) (actual time=1765.497..3844.306 rows=332072 loops=1)
              Hash Cond: (mc.movie_id = t.id)
              ->  Seq Scan on movie_companies mc  (cost=0.00..57926.93 rows=675230 width=4) (actual time=0.021..1058.489 rows=921840 loops=1)
                    Filter: ((company_id < 11728) AND (company_type_id < 2))
                    Rows Removed by Filter: 1687289
              ->  Hash  (cost=73925.90..73925.90 rows=1064910 width=4) (actual time=1764.421..1764.421 rows=1003269 loops=1)
                    Buckets: 131072  Batches: 16  Memory Usage: 3233kB
                    ->  Seq Scan on title t  (cost=0.00..73925.90 rows=1064910 width=4) (actual time=0.019..1440.533 rows=1003269 loops=1)
                          Filter: ((kind_id > 1) AND (production_year < 2006))
                          Rows Removed by Filter: 1525043
Planning time: 1.134 ms
Execution time: 7824.967 ms
