Hash Join  (cost=80955.69..432264.10 rows=2087 width=0) (actual time=2227.917..5217.254 rows=3427 loops=1)
  Hash Cond: (mi.movie_id = t.id)
  ->  Seq Scan on movie_info mi  (cost=0.00..346232.03 rows=1348138 width=4) (actual time=1567.044..4565.164 rows=1298989 loops=1)
        Filter: (info_type_id = 4)
        Rows Removed by Filter: 13536731
  ->  Hash  (cost=80906.77..80906.77 rows=3914 width=8) (actual time=434.584..434.584 rows=3796 loops=1)
        Buckets: 4096  Batches: 1  Memory Usage: 181kB
        ->  Nested Loop  (cost=0.43..80906.77 rows=3914 width=8) (actual time=0.593..433.310 rows=3796 loops=1)
              ->  Seq Scan on movie_companies mc  (cost=0.00..51404.11 rows=3914 width=4) (actual time=0.505..407.512 rows=3796 loops=1)
                    Filter: (company_id = 11244)
                    Rows Removed by Filter: 2605333
              ->  Index Only Scan using title_pkey on title t  (cost=0.43..7.53 rows=1 width=4) (actual time=0.006..0.006 rows=1 loops=3796)
                    Index Cond: (id = mc.movie_id)
                    Heap Fetches: 3796
Planning time: 1.343 ms
Execution time: 5217.937 ms
