Hash Join  (cost=194882.11..1317084.12 rows=8605185 width=0) (actual time=3697.696..37027.824 rows=10103049 loops=1)
  Hash Cond: (ci.movie_id = t.id)
  ->  Seq Scan on cast_info ci  (cost=0.00..614943.12 rows=36225612 width=4) (actual time=0.018..12847.281 rows=36244344 loops=1)
  ->  Hash  (cost=185027.14..185027.14 rows=600637 width=8) (actual time=3696.904..3696.904 rows=386464 loops=1)
        Buckets: 131072  Batches: 8  Memory Usage: 2906kB
        ->  Hash Join  (cost=102767.86..185027.14 rows=600637 width=8) (actual time=2060.380..3583.809 rows=386464 loops=1)
              Hash Cond: (mc.movie_id = t.id)
              ->  Seq Scan on movie_companies mc  (cost=0.00..57926.93 rows=600637 width=4) (actual time=154.614..965.081 rows=386464 loops=1)
                    Filter: ((company_id < 9939) AND (company_type_id > 1))
                    Rows Removed by Filter: 2222665
              ->  Hash  (cost=61283.27..61283.27 rows=2528527 width=4) (actual time=1904.529..1904.529 rows=2528312 loops=1)
                    Buckets: 131072  Batches: 64  Memory Usage: 2415kB
                    ->  Seq Scan on title t  (cost=0.00..61283.27 rows=2528527 width=4) (actual time=0.015..1052.642 rows=2528312 loops=1)
Planning time: 1.134 ms
Execution time: 38194.789 ms
