Hash Join  (cost=940433.73..1432438.12 rows=3278420 width=0) (actual time=17384.328..30860.069 rows=9720214 loops=1)
  Hash Cond: (mi.movie_id = t.id)
  ->  Seq Scan on movie_info mi  (cost=0.00..346232.03 rows=9476311 width=4) (actual time=833.099..6653.785 rows=9565151 loops=1)
        Filter: (info_type_id < 16)
        Rows Removed by Filter: 5270569
  ->  Hash  (cost=926081.13..926081.13 rows=874768 width=8) (actual time=16547.626..16547.626 rows=2101698 loops=1)
        Buckets: 131072 (originally 131072)  Batches: 32 (originally 16)  Memory Usage: 3574kB
        ->  Hash Join  (cost=98969.27..926081.13 rows=874768 width=8) (actual time=9571.448..15933.885 rows=2101698 loops=1)
              Hash Cond: (ci.movie_id = t.id)
              ->  Seq Scan on cast_info ci  (cost=0.00..796071.18 rows=1156999 width=4) (actual time=7513.478..11674.590 rows=2346520 loops=1)
                    Filter: ((person_id > 2660509) AND (role_id = 3))
                    Rows Removed by Filter: 33897824
              ->  Hash  (cost=67604.59..67604.59 rows=1911735 width=4) (actual time=2056.960..2056.960 rows=1903258 loops=1)
                    Buckets: 131072  Batches: 32  Memory Usage: 3122kB
                    ->  Seq Scan on title t  (cost=0.00..67604.59 rows=1911735 width=4) (actual time=0.032..1432.327 rows=1903258 loops=1)
                          Filter: (production_year > 1982)
                          Rows Removed by Filter: 625054
Planning time: 1.173 ms
Execution time: 31815.473 ms
