Hash Join  (cost=67697.55..154488.65 rows=13306 width=0) (actual time=1130.348..2797.472 rows=32452 loops=1)
  Hash Cond: (mk.movie_id = t.id)
  ->  Seq Scan on movie_keyword mk  (cost=0.00..69693.30 rows=4523930 width=4) (actual time=0.021..781.792 rows=4523930 loops=1)
  ->  Hash  (cost=67604.59..67604.59 rows=7437 width=4) (actual time=1129.378..1129.378 rows=14038 loops=1)
        Buckets: 16384 (originally 8192)  Batches: 1 (originally 1)  Memory Usage: 622kB
        ->  Seq Scan on title t  (cost=0.00..67604.59 rows=7437 width=4) (actual time=0.033..1122.501 rows=14038 loops=1)
              Filter: (production_year = 1977)
              Rows Removed by Filter: 2514274
Planning time: 0.614 ms
Execution time: 2802.070 ms
