Seq Scan on movie_companies mc  (cost=0.00..57926.93 rows=51 width=0) (actual time=393.050..762.849 rows=75 loops=1)
  Filter: ((company_id = 2062) AND (company_type_id = 1))
  Rows Removed by Filter: 2609054
Planning time: 7.907 ms
Execution time: 762.978 ms
