Hash Join  (cost=247122.04..809109.67 rows=7701970 width=0) (actual time=5330.804..33006.574 rows=61183343 loops=1)
  Hash Cond: (mi.movie_id = t.id)
  ->  Seq Scan on movie_info mi  (cost=0.00..309384.22 rows=14739122 width=4) (actual time=0.014..5793.929 rows=14835720 loops=1)
  ->  Hash  (cost=225443.93..225443.93 rows=1321289 width=8) (actual time=5329.515..5329.515 rows=1332412 loops=1)
        Buckets: 131072  Batches: 32  Memory Usage: 2728kB
        ->  Hash Join  (cost=102767.86..225443.93 rows=1321289 width=8) (actual time=1976.561..4922.161 rows=1332412 loops=1)
              Hash Cond: (mk.movie_id = t.id)
              ->  Seq Scan on movie_keyword mk  (cost=0.00..81003.12 rows=1321289 width=4) (actual time=0.026..1437.178 rows=1332412 loops=1)
                    Filter: (keyword_id < 1741)
                    Rows Removed by Filter: 3191518
              ->  Hash  (cost=61283.27..61283.27 rows=2528527 width=4) (actual time=1975.623..1975.623 rows=2528312 loops=1)
                    Buckets: 131072  Batches: 64  Memory Usage: 2425kB
                    ->  Seq Scan on title t  (cost=0.00..61283.27 rows=2528527 width=4) (actual time=0.014..1109.679 rows=2528312 loops=1)
Planning time: 1.134 ms
Execution time: 39971.591 ms
