Seq Scan on cast_info ci  (cost=0.00..705507.15 rows=8949686 width=0) (actual time=0.019..11738.340 rows=8819122 loops=1)
  Filter: (person_id < 868284)
  Rows Removed by Filter: 27425222
Planning time: 0.422 ms
Execution time: 12834.832 ms
