Nested Loop  (cost=0.43..58375.31 rows=11 width=0) (actual time=184.641..839.883 rows=22 loops=1)
  ->  Seq Scan on movie_companies mc  (cost=0.00..57926.93 rows=53 width=4) (actual time=184.587..835.415 rows=197 loops=1)
        Filter: ((company_type_id > 1) AND (company_id = 125))
        Rows Removed by Filter: 2608932
  ->  Index Scan using title_pkey on title t  (cost=0.43..8.45 rows=1 width=4) (actual time=0.021..0.021 rows=0 loops=197)
        Index Cond: (id = mc.movie_id)
        Filter: (production_year > 2009)
        Rows Removed by Filter: 1
Planning time: 0.837 ms
Execution time: 839.997 ms
