Nested Loop  (cost=44377.22..182660.36 rows=21769 width=0) (actual time=1510.188..2740.997 rows=27954 loops=1)
  Join Filter: (mc.movie_id = t.id)
  ->  Hash Join  (cost=44376.79..116113.74 rows=112714 width=8) (actual time=1510.110..2478.591 rows=27954 loops=1)
        Hash Cond: (mc.movie_id = mi_idx.movie_id)
        ->  Seq Scan on movie_companies mc  (cost=0.00..57926.93 rows=39885 width=4) (actual time=0.819..785.382 rows=16546 loops=1)
              Filter: ((company_id < 12) AND (company_type_id > 1))
              Rows Removed by Filter: 2592583
        ->  Hash  (cost=21735.35..21735.35 rows=1380035 width=4) (actual time=1451.630..1451.630 rows=1380035 loops=1)
              Buckets: 131072  Batches: 32  Memory Usage: 2540kB
              ->  Seq Scan on movie_info_idx mi_idx  (cost=0.00..21735.35 rows=1380035 width=4) (actual time=0.030..464.463 rows=1380035 loops=1)
  ->  Index Only Scan using title_pkey on title t  (cost=0.43..0.58 rows=1 width=4) (actual time=0.008..0.009 rows=1 loops=27954)
        Index Cond: (id = mi_idx.movie_id)
        Heap Fetches: 27954
Planning time: 1.174 ms
Execution time: 2745.988 ms
