Seq Scan on movie_companies mc  (cost=0.00..51404.11 rows=907682 width=0) (actual time=130.218..924.650 rows=916886 loops=1)
  Filter: (company_id > 20380)
  Rows Removed by Filter: 1692243
Planning time: 0.248 ms
Execution time: 1039.714 ms
