Hash Join  (cost=68438.72..151352.58 rows=12563 width=0) (actual time=1080.397..2656.112 rows=5933 loops=1)
  Hash Cond: (mk.movie_id = t.id)
  ->  Seq Scan on movie_keyword mk  (cost=0.00..81003.12 rows=476027 width=4) (actual time=0.030..1469.922 rows=472915 loops=1)
        Filter: (keyword_id > 37697)
        Rows Removed by Filter: 4051015
  ->  Hash  (cost=67604.59..67604.59 rows=66731 width=4) (actual time=1079.341..1079.341 rows=67342 loops=1)
        Buckets: 131072  Batches: 1  Memory Usage: 3392kB
        ->  Seq Scan on title t  (cost=0.00..67604.59 rows=66731 width=4) (actual time=0.039..1051.464 rows=67342 loops=1)
              Filter: (production_year > 2012)
              Rows Removed by Filter: 2460970
Planning time: 0.723 ms
Execution time: 2657.468 ms
