Seq Scan on movie_keyword mk  (cost=0.00..81003.12 rows=354159 width=0) (actual time=0.025..900.915 rows=351300 loops=1)
  Filter: (keyword_id > 47389)
  Rows Removed by Filter: 4172630
Planning time: 0.304 ms
Execution time: 937.638 ms
