Hash Join  (cost=301514.78..1121012.61 rows=4550096 width=0) (actual time=9862.922..29300.942 rows=30210480 loops=1)
  Hash Cond: (ci.movie_id = t.id)
  ->  Seq Scan on cast_info ci  (cost=0.00..705507.15 rows=4088593 width=4) (actual time=2746.823..11670.375 rows=4129071 loops=1)
        Filter: (person_id > 3301373)
        Rows Removed by Filter: 32115273
  ->  Hash  (cost=255348.57..255348.57 rows=2813937 width=8) (actual time=7114.087..7114.087 rows=2351567 loops=1)
        Buckets: 131072  Batches: 64  Memory Usage: 2451kB
        ->  Hash Join  (cost=93408.25..255348.57 rows=2813937 width=8) (actual time=1862.963..6456.938 rows=2351567 loops=1)
              Hash Cond: (mk.movie_id = t.id)
              ->  Seq Scan on movie_keyword mk  (cost=0.00..69693.30 rows=4523930 width=4) (actual time=0.024..1430.064 rows=4523930 loops=1)
              ->  Hash  (cost=67604.59..67604.59 rows=1572773 width=4) (actual time=1861.225..1861.225 rows=1570568 loops=1)
                    Buckets: 131072  Batches: 32  Memory Usage: 2759kB
                    ->  Seq Scan on title t  (cost=0.00..67604.59 rows=1572773 width=4) (actual time=0.023..1328.871 rows=1570568 loops=1)
                          Filter: (production_year > 1996)
                          Rows Removed by Filter: 957744
Planning time: 1.131 ms
Execution time: 32911.097 ms
