Seq Scan on cast_info ci  (cost=0.00..705507.15 rows=500 width=0) (actual time=9818.429..11043.364 rows=40 loops=1)
  Filter: (person_id = 1936950)
  Rows Removed by Filter: 36244304
Planning time: 0.392 ms
Execution time: 11043.457 ms
