Seq Scan on movie_keyword mk  (cost=0.00..81003.12 rows=1469765 width=0) (actual time=0.028..731.915 rows=1481420 loops=1)
  Filter: (keyword_id > 11058)
  Rows Removed by Filter: 3042510
Planning time: 0.317 ms
Execution time: 845.199 ms
