Seq Scan on movie_keyword mk  (cost=0.00..81003.12 rows=246 width=0) (actual time=0.082..683.146 rows=1056 loops=1)
  Filter: (keyword_id = 6291)
  Rows Removed by Filter: 4522874
Planning time: 0.276 ms
Execution time: 683.504 ms
