Hash Join  (cost=135789.59..222734.95 rows=28732 width=0) (actual time=2530.259..4319.803 rows=349015 loops=1)
  Hash Cond: (mk.movie_id = t.id)
  ->  Seq Scan on movie_keyword mk  (cost=0.00..69693.30 rows=4523930 width=4) (actual time=0.018..831.567 rows=4523930 loops=1)
  ->  Hash  (cost=135588.85..135588.85 rows=16059 width=8) (actual time=2529.973..2529.973 rows=65220 loops=1)
        Buckets: 65536 (originally 16384)  Batches: 1 (originally 1)  Memory Usage: 3060kB
        ->  Hash Join  (cost=74576.74..135588.85 rows=16059 width=8) (actual time=1201.829..2506.825 rows=65220 loops=1)
              Hash Cond: (mc.movie_id = t.id)
              ->  Seq Scan on movie_companies mc  (cost=0.00..57926.93 rows=779889 width=4) (actual time=0.026..1067.888 rows=486472 loops=1)
                    Filter: ((company_id < 14198) AND (company_type_id > 1))
                    Rows Removed by Filter: 2122657
              ->  Hash  (cost=73925.90..73925.90 rows=52067 width=4) (actual time=1201.365..1201.365 rows=174398 loops=1)
                    Buckets: 131072 (originally 65536)  Batches: 2 (originally 1)  Memory Usage: 4093kB
                    ->  Seq Scan on title t  (cost=0.00..73925.90 rows=52067 width=4) (actual time=611.975..1135.809 rows=174398 loops=1)
                          Filter: ((production_year < 1955) AND (kind_id = 1))
                          Rows Removed by Filter: 2353914
Planning time: 1.173 ms
Execution time: 4367.120 ms
