Hash Join  (cost=130169.55..887490.57 rows=653186 width=0) (actual time=2333.742..23675.495 rows=2619808 loops=1)
  Hash Cond: (ci.movie_id = t.id)
  ->  Seq Scan on cast_info ci  (cost=0.00..614943.12 rows=36225612 width=4) (actual time=0.015..9320.809 rows=36244344 loops=1)
  ->  Hash  (cost=129599.65..129599.65 rows=45592 width=8) (actual time=2333.278..2333.278 rows=72198 loops=1)
        Buckets: 131072 (originally 65536)  Batches: 1 (originally 1)  Memory Usage: 3845kB
        ->  Hash Join  (cost=74478.21..129599.65 rows=45592 width=8) (actual time=1142.755..2305.835 rows=72198 loops=1)
              Hash Cond: (mc.movie_id = t.id)
              ->  Seq Scan on movie_companies mc  (cost=0.00..44881.29 rows=2609129 width=4) (actual time=0.019..525.341 rows=2609129 loops=1)
              ->  Hash  (cost=73925.90..73925.90 rows=44184 width=4) (actual time=1142.404..1142.404 rows=35489 loops=1)
                    Buckets: 65536  Batches: 1  Memory Usage: 1760kB
                    ->  Seq Scan on title t  (cost=0.00..73925.90 rows=44184 width=4) (actual time=0.027..1127.769 rows=35489 loops=1)
                          Filter: ((kind_id < 7) AND (production_year = 2007))
                          Rows Removed by Filter: 2492823
Planning time: 1.309 ms
Execution time: 24024.577 ms
