Hash Join  (cost=223136.83..1115307.38 rows=3666968 width=0) (actual time=4636.322..27424.993 rows=10569966 loops=1)
  Hash Cond: (ci.movie_id = t.id)
  ->  Seq Scan on cast_info ci  (cost=0.00..705507.15 rows=12726058 width=4) (actual time=0.030..14098.236 rows=12670688 loops=1)
        Filter: (role_id = 1)
        Rows Removed by Filter: 23573656
  ->  Hash  (cost=211182.51..211182.51 rows=728586 width=8) (actual time=4635.307..4635.307 rows=724508 loops=1)
        Buckets: 131072  Batches: 16  Memory Usage: 2820kB
        ->  Hash Join  (cost=102767.86..211182.51 rows=728586 width=8) (actual time=1923.842..4414.174 rows=724508 loops=1)
              Hash Cond: (mk.movie_id = t.id)
              ->  Seq Scan on movie_keyword mk  (cost=0.00..81003.12 rows=728586 width=4) (actual time=0.025..1462.761 rows=724508 loops=1)
                    Filter: (keyword_id < 644)
                    Rows Removed by Filter: 3799422
              ->  Hash  (cost=61283.27..61283.27 rows=2528527 width=4) (actual time=1921.602..1921.602 rows=2528312 loops=1)
                    Buckets: 131072  Batches: 64  Memory Usage: 2425kB
                    ->  Seq Scan on title t  (cost=0.00..61283.27 rows=2528527 width=4) (actual time=0.024..1063.140 rows=2528312 loops=1)
Planning time: 3.754 ms
Execution time: 28608.547 ms
