Hash Join  (cost=148849.74..499822.80 rows=57 width=0) (actual time=4009.736..6072.920 rows=48 loops=1)
  Hash Cond: (mi.movie_id = t.id)
  ->  Seq Scan on movie_info mi  (cost=0.00..346232.03 rows=1264125 width=4) (actual time=1713.317..3821.075 rows=1288928 loops=1)
        Filter: (info_type_id = 2)
        Rows Removed by Filter: 13546792
  ->  Hash  (cost=148848.30..148848.30 rows=115 width=8) (actual time=2075.635..2075.635 rows=48 loops=1)
        Buckets: 1024  Batches: 1  Memory Usage: 10kB
        ->  Hash Join  (cost=67697.55..148848.30 rows=115 width=8) (actual time=1041.418..2075.535 rows=48 loops=1)
              Hash Cond: (mk.movie_id = t.id)
              ->  Seq Scan on movie_keyword mk  (cost=0.00..81003.12 rows=39060 width=4) (actual time=0.046..1027.496 rows=31860 loops=1)
                    Filter: (keyword_id < 38)
                    Rows Removed by Filter: 4492070
              ->  Hash  (cost=67604.59..67604.59 rows=7437 width=4) (actual time=1039.953..1039.953 rows=2773 loops=1)
                    Buckets: 8192  Batches: 1  Memory Usage: 162kB
                    ->  Seq Scan on title t  (cost=0.00..67604.59 rows=7437 width=4) (actual time=392.023..1038.488 rows=2773 loops=1)
                          Filter: (production_year = 1928)
                          Rows Removed by Filter: 2525539
Planning time: 1.155 ms
Execution time: 6073.078 ms
