Hash Join  (cost=149531.14..635315.57 rows=560250 width=0) (actual time=3378.700..15764.242 rows=2675323 loops=1)
  Hash Cond: (mi.movie_id = t.id)
  ->  Seq Scan on movie_info mi  (cost=0.00..309384.22 rows=14739122 width=4) (actual time=0.016..5796.717 rows=14835720 loops=1)
  ->  Hash  (cost=147953.74..147953.74 rows=96112 width=8) (actual time=3374.414..3374.414 rows=182776 loops=1)
        Buckets: 131072 (originally 131072)  Batches: 4 (originally 2)  Memory Usage: 3073kB
        ->  Hash Join  (cost=82423.69..147953.74 rows=96112 width=8) (actual time=1581.750..3302.568 rows=182776 loops=1)
              Hash Cond: (mc.movie_id = t.id)
              ->  Seq Scan on movie_companies mc  (cost=0.00..57926.93 rows=269066 width=4) (actual time=0.022..979.814 rows=531819 loops=1)
                    Filter: ((company_id > 72638) AND (company_type_id > 1))
                    Rows Removed by Filter: 2077310
              ->  Hash  (cost=67604.59..67604.59 rows=903208 width=4) (actual time=1580.671..1580.671 rows=904491 loops=1)
                    Buckets: 131072  Batches: 16  Memory Usage: 3010kB
                    ->  Seq Scan on title t  (cost=0.00..67604.59 rows=903208 width=4) (actual time=0.025..1282.701 rows=904491 loops=1)
                          Filter: (production_year > 2006)
                          Rows Removed by Filter: 1623821
Planning time: 1.231 ms
Execution time: 16077.839 ms
