Seq Scan on movie_companies mc  (cost=0.00..51404.11 rows=2344370 width=0) (actual time=0.032..944.894 rows=2340838 loops=1)
  Filter: (company_id < 98004)
  Rows Removed by Filter: 268291
Planning time: 2.817 ms
Execution time: 1239.941 ms
