Seq Scan on movie_keyword mk  (cost=0.00..81003.12 rows=4249797 width=0) (actual time=0.024..1542.970 rows=4229626 loops=1)
  Filter: (keyword_id > 239)
  Rows Removed by Filter: 294304
Planning time: 0.281 ms
Execution time: 2065.732 ms
