Hash Join  (cost=73982.55..102630.93 rows=1647 width=0) (actual time=1293.436..1799.631 rows=422 loops=1)
  Hash Cond: (mi_idx.movie_id = t.id)
  ->  Seq Scan on movie_info_idx mi_idx  (cost=0.00..25185.44 rows=919057 width=4) (actual time=0.028..470.504 rows=920110 loops=1)
        Filter: (info_type_id > 99)
        Rows Removed by Filter: 459925
  ->  Hash  (cost=73925.90..73925.90 rows=4532 width=4) (actual time=1193.042..1193.042 rows=3303 loops=1)
        Buckets: 8192  Batches: 1  Memory Usage: 181kB
        ->  Seq Scan on title t  (cost=0.00..73925.90 rows=4532 width=4) (actual time=0.066..1191.151 rows=3303 loops=1)
              Filter: ((kind_id = 7) AND (production_year = 1952))
              Rows Removed by Filter: 2525009
Planning time: 0.643 ms
Execution time: 1799.776 ms
