Hash Join  (cost=102767.86..184721.16 rows=859027 width=0) (actual time=1924.541..3986.011 rows=865416 loops=1)
  Hash Cond: (mc.movie_id = t.id)
  ->  Seq Scan on movie_companies mc  (cost=0.00..51404.11 rows=859027 width=4) (actual time=24.618..980.794 rows=865416 loops=1)
        Filter: (company_id > 23899)
        Rows Removed by Filter: 1743713
  ->  Hash  (cost=61283.27..61283.27 rows=2528527 width=4) (actual time=1897.717..1897.717 rows=2528312 loops=1)
        Buckets: 131072  Batches: 64  Memory Usage: 2415kB
        ->  Seq Scan on title t  (cost=0.00..61283.27 rows=2528527 width=4) (actual time=0.015..1053.318 rows=2528312 loops=1)
Planning time: 0.713 ms
Execution time: 4090.122 ms
