Hash Join  (cost=77761.90..148881.23 rows=90904 width=0) (actual time=1289.769..3297.015 rows=406395 loops=1)
  Hash Cond: (mc.movie_id = t.id)
  ->  Seq Scan on movie_companies mc  (cost=0.00..57926.93 rows=983292 width=4) (actual time=0.022..1219.303 rows=1267875 loops=1)
        Filter: ((company_id < 65104) AND (company_type_id < 2))
        Rows Removed by Filter: 1341254
  ->  Hash  (cost=73925.90..73925.90 rows=233760 width=4) (actual time=1288.994..1288.994 rows=353075 loops=1)
        Buckets: 131072 (originally 131072)  Batches: 8 (originally 4)  Memory Usage: 3073kB
        ->  Seq Scan on title t  (cost=0.00..73925.90 rows=233760 width=4) (actual time=34.357..1175.100 rows=353075 loops=1)
              Filter: ((production_year < 1997) AND (kind_id = 1))
              Rows Removed by Filter: 2175237
Planning time: 0.761 ms
Execution time: 3349.193 ms
