Hash Join  (cost=73962.22..825167.57 rows=41619 width=0) (actual time=1052.180..17847.783 rows=119453 loops=1)
  Hash Cond: (ci.movie_id = t.id)
  ->  Seq Scan on cast_info ci  (cost=0.00..614943.12 rows=36225612 width=4) (actual time=0.038..8621.860 rows=36244344 loops=1)
  ->  Hash  (cost=73925.90..73925.90 rows=2905 width=4) (actual time=1047.952..1047.952 rows=7329 loops=1)
        Buckets: 8192 (originally 4096)  Batches: 1 (originally 1)  Memory Usage: 322kB
        ->  Seq Scan on title t  (cost=0.00..73925.90 rows=2905 width=4) (actual time=0.034..1044.355 rows=7329 loops=1)
              Filter: ((kind_id < 7) AND (production_year = 1984))
              Rows Removed by Filter: 2520983
Planning time: 0.731 ms
Execution time: 17872.106 ms
