Hash Join  (cost=74555.58..425812.91 rows=25351 width=0) (actual time=3761.861..7446.090 rows=131615 loops=1)
  Hash Cond: (mi.movie_id = t.id)
  ->  Seq Scan on movie_info mi  (cost=0.00..346232.03 rows=1272478 width=4) (actual time=2230.213..5609.285 rows=1325361 loops=1)
        Filter: (info_type_id = 8)
        Rows Removed by Filter: 13510359
  ->  Hash  (cost=73925.90..73925.90 rows=50374 width=4) (actual time=1271.740..1271.740 rows=130321 loops=1)
        Buckets: 131072 (originally 65536)  Batches: 2 (originally 1)  Memory Usage: 3310kB
        ->  Seq Scan on title t  (cost=0.00..73925.90 rows=50374 width=4) (actual time=0.042..1218.243 rows=130321 loops=1)
              Filter: ((kind_id < 7) AND (production_year < 1936))
              Rows Removed by Filter: 2397991
Planning time: 0.817 ms
Execution time: 7462.944 ms
