Seq Scan on movie_keyword mk  (cost=0.00..81003.12 rows=1074146 width=0) (actual time=0.022..1402.301 rows=1083373 loops=1)
  Filter: (keyword_id < 1094)
  Rows Removed by Filter: 3440557
Planning time: 0.327 ms
Execution time: 1537.037 ms
