Hash Join  (cost=83810.17..1299090.50 rows=10488791 width=0) (actual time=2752.630..38949.123 rows=11099147 loops=1)
  Hash Cond: (ci.movie_id = t.id)
  ->  Seq Scan on cast_info ci  (cost=0.00..796071.18 rows=26850729 width=4) (actual time=1274.486..19390.085 rows=26517363 loops=1)
        Filter: ((person_id > 513919) AND (role_id < 10))
        Rows Removed by Filter: 9726981
  ->  Hash  (cost=67604.59..67604.59 rows=987727 width=4) (actual time=1477.138..1477.138 rows=985048 loops=1)
        Buckets: 131072  Batches: 16  Memory Usage: 3188kB
        ->  Seq Scan on title t  (cost=0.00..67604.59 rows=987727 width=4) (actual time=0.021..1167.540 rows=985048 loops=1)
              Filter: (kind_id < 7)
              Rows Removed by Filter: 1543264
Planning time: 0.779 ms
Execution time: 40235.230 ms
