Seq Scan on cast_info ci  (cost=0.00..705507.15 rows=23101661 width=0) (actual time=0.031..13144.602 rows=22996410 loops=1)
  Filter: (person_id < 2348990)
  Rows Removed by Filter: 13247934
Planning time: 0.307 ms
Execution time: 16009.686 ms
