Nested Loop  (cost=0.43..58375.31 rows=23 width=0) (actual time=282.685..934.442 rows=1 loops=1)
  ->  Seq Scan on movie_companies mc  (cost=0.00..57926.93 rows=53 width=4) (actual time=282.623..934.378 rows=1 loops=1)
        Filter: ((company_type_id > 1) AND (company_id = 137693))
        Rows Removed by Filter: 2609128
  ->  Index Scan using title_pkey on title t  (cost=0.43..8.45 rows=1 width=4) (actual time=0.058..0.058 rows=1 loops=1)
        Index Cond: (id = mc.movie_id)
        Filter: (production_year > 2004)
Planning time: 0.806 ms
Execution time: 934.542 ms
