Hash Join  (cost=210015.51..690489.27 rows=1371070 width=0) (actual time=4675.655..21429.670 rows=31017070 loops=1)
  Hash Cond: (mi.movie_id = t.id)
  ->  Seq Scan on movie_info mi  (cost=0.00..346232.03 rows=9293409 width=4) (actual time=0.016..6714.200 rows=9425200 loops=1)
        Filter: (info_type_id > 5)
        Rows Removed by Filter: 5410520
  ->  Hash  (cost=203894.55..203894.55 rows=373037 width=8) (actual time=4613.398..4613.398 rows=490353 loops=1)
        Buckets: 131072  Batches: 8  Memory Usage: 3353kB
        ->  Hash Join  (cost=77347.14..203894.55 rows=373037 width=8) (actual time=1253.107..4465.260 rows=490353 loops=1)
              Hash Cond: (mk.movie_id = t.id)
              ->  Seq Scan on movie_keyword mk  (cost=0.00..69693.30 rows=4523930 width=4) (actual time=0.012..1421.736 rows=4523930 loops=1)
              ->  Hash  (cost=73925.90..73925.90 rows=208499 width=4) (actual time=1252.440..1252.440 rows=182393 loops=1)
                    Buckets: 131072  Batches: 4  Memory Usage: 2634kB
                    ->  Seq Scan on title t  (cost=0.00..73925.90 rows=208499 width=4) (actual time=0.026..1187.754 rows=182393 loops=1)
                          Filter: ((production_year > 2007) AND (kind_id = 1))
                          Rows Removed by Filter: 2345919
Planning time: 1.176 ms
Execution time: 24685.388 ms
