Hash Join  (cost=102767.86..1090891.97 rows=7570888 width=0) (actual time=7019.918..28585.746 rows=12670688 loops=1)
  Hash Cond: (ci.movie_id = t.id)
  ->  Seq Scan on cast_info ci  (cost=0.00..796071.18 rows=7570888 width=4) (actual time=5012.207..15922.533 rows=12670688 loops=1)
        Filter: ((person_id < 2168483) AND (role_id = 1))
        Rows Removed by Filter: 23573656
  ->  Hash  (cost=61283.27..61283.27 rows=2528527 width=4) (actual time=2006.245..2006.245 rows=2528312 loops=1)
        Buckets: 131072  Batches: 64  Memory Usage: 2415kB
        ->  Seq Scan on title t  (cost=0.00..61283.27 rows=2528527 width=4) (actual time=0.022..1159.528 rows=2528312 loops=1)
Planning time: 0.824 ms
Execution time: 29970.494 ms
