Seq Scan on cast_info ci  (cost=0.00..705507.15 rows=3998100 width=42) (actual time=1375.637..15952.137 rows=4008037 loops=1)
  Filter: (role_id = 3)
  Rows Removed by Filter: 32236307
Planning time: 0.397 ms
Execution time: 16162.416 ms
