Hash Join  (cost=129928.86..931215.74 rows=1736414 width=136) (actual time=12932.213..17807.794 rows=1703543 loops=1)
  Hash Cond: (ci.movie_id = t.id)
  ->  Seq Scan on cast_info ci  (cost=0.00..705507.15 rows=1736414 width=42) (actual time=10156.952..12526.338 rows=1703543 loops=1)
        Filter: (role_id = 8)
        Rows Removed by Filter: 34540801
  ->  Hash  (cost=61283.27..61283.27 rows=2528527 width=94) (actual time=2774.002..2774.002 rows=2528312 loops=1)
        Buckets: 32768  Batches: 128  Memory Usage: 2453kB
        ->  Seq Scan on title t  (cost=0.00..61283.27 rows=2528527 width=94) (actual time=0.021..1260.834 rows=2528312 loops=1)
Planning time: 0.953 ms
Execution time: 17905.674 ms
