Seq Scan on cast_info ci  (cost=0.00..796071.18 rows=3211146 width=0) (actual time=6470.613..12568.864 rows=7515621 loops=1)
  Filter: ((person_id > 2754890) AND (role_id > 3))
  Rows Removed by Filter: 28728723
Planning time: 0.408 ms
Execution time: 13480.306 ms
