Hash Join  (cost=67983.86..434408.47 rows=176868 width=0) (actual time=1014.643..8863.417 rows=291771 loops=1)
  Hash Cond: (mi.movie_id = t.id)
  ->  Seq Scan on movie_info mi  (cost=0.00..309384.22 rows=14739122 width=4) (actual time=0.020..4213.765 rows=14835720 loops=1)
  ->  Hash  (cost=67604.59..67604.59 rows=30342 width=4) (actual time=956.468..956.468 rows=29105 loops=1)
        Buckets: 32768  Batches: 1  Memory Usage: 1280kB
        ->  Seq Scan on title t  (cost=0.00..67604.59 rows=30342 width=4) (actual time=223.808..945.698 rows=29105 loops=1)
              Filter: (production_year < 1911)
              Rows Removed by Filter: 2499207
Planning time: 0.743 ms
Execution time: 8901.659 ms
