Hash Join  (cost=102767.86..1429963.51 rows=21662183 width=0) (actual time=2116.675..40446.586 rows=22787661 loops=1)
  Hash Cond: (ci.movie_id = t.id)
  ->  Seq Scan on cast_info ci  (cost=0.00..796071.18 rows=21662183 width=4) (actual time=0.021..19295.993 rows=22787661 loops=1)
        Filter: ((person_id > 268454) AND (role_id > 1))
        Rows Removed by Filter: 13456683
  ->  Hash  (cost=61283.27..61283.27 rows=2528527 width=4) (actual time=2115.725..2115.725 rows=2528312 loops=1)
        Buckets: 131072  Batches: 64  Memory Usage: 2415kB
        ->  Seq Scan on title t  (cost=0.00..61283.27 rows=2528527 width=4) (actual time=0.024..1272.707 rows=2528312 loops=1)
Planning time: 0.744 ms
Execution time: 42958.473 ms
