Hash Join  (cost=710988.68..2452561.79 rows=50159156 width=0) (actual time=21688.360..109521.817 rows=200343605 loops=1)
  Hash Cond: (ci.movie_id = t.id)
  ->  Seq Scan on cast_info ci  (cost=0.00..796071.18 rows=25635126 width=4) (actual time=0.030..19680.398 rows=25505178 loops=1)
        Filter: ((person_id > 324882) AND (role_id < 7))
        Rows Removed by Filter: 10739166
  ->  Hash  (cost=629818.42..629818.42 rows=4947461 width=8) (actual time=21683.418..21683.418 rows=9302357 loops=1)
        Buckets: 131072 (originally 131072)  Batches: 256 (originally 128)  Memory Usage: 3884kB
        ->  Hash Join  (cost=83810.17..629818.42 rows=4947461 width=8) (actual time=1570.119..18914.128 rows=9302357 loops=1)
              Hash Cond: (mi.movie_id = t.id)
              ->  Seq Scan on movie_info mi  (cost=0.00..346232.03 rows=12665229 width=4) (actual time=0.029..7455.905 rows=12744652 loops=1)
                    Filter: (info_type_id > 2)
                    Rows Removed by Filter: 2091068
              ->  Hash  (cost=67604.59..67604.59 rows=987727 width=4) (actual time=1567.850..1567.850 rows=985048 loops=1)
                    Buckets: 131072  Batches: 16  Memory Usage: 3197kB
                    ->  Seq Scan on title t  (cost=0.00..67604.59 rows=987727 width=4) (actual time=0.022..1249.980 rows=985048 loops=1)
                          Filter: (kind_id < 7)
                          Rows Removed by Filter: 1543264
Planning time: 5.837 ms
Execution time: 131837.338 ms
