Seq Scan on movie_companies mc  (cost=0.00..57926.93 rows=53 width=0) (actual time=245.117..821.586 rows=1252 loops=1)
  Filter: ((company_id = 7777) AND (company_type_id = 2))
  Rows Removed by Filter: 2607877
Planning time: 0.427 ms
Execution time: 821.918 ms
