Hash Join  (cost=102587.25..909997.00 rows=398240 width=0) (actual time=2041.042..22748.750 rows=758415 loops=1)
  Hash Cond: (ci.movie_id = t.id)
  ->  Seq Scan on cast_info ci  (cost=0.00..705507.15 rows=26112056 width=4) (actual time=0.018..13737.391 rows=26105674 loops=1)
        Filter: (person_id < 2701987)
        Rows Removed by Filter: 10138670
  ->  Hash  (cost=102105.22..102105.22 rows=38563 width=8) (actual time=2040.653..2040.653 rows=36360 loops=1)
        Buckets: 65536  Batches: 1  Memory Usage: 1933kB
        ->  Hash Join  (cost=74809.10..102105.22 rows=38563 width=8) (actual time=1351.741..2027.454 rows=36360 loops=1)
              Hash Cond: (mi_idx.movie_id = t.id)
              ->  Seq Scan on movie_info_idx mi_idx  (cost=0.00..21735.35 rows=1380035 width=4) (actual time=0.014..310.800 rows=1380035 loops=1)
              ->  Hash  (cost=73925.90..73925.90 rows=70656 width=4) (actual time=1350.929..1350.929 rows=79548 loops=1)
                    Buckets: 131072  Batches: 1  Memory Usage: 3821kB
                    ->  Seq Scan on title t  (cost=0.00..73925.90 rows=70656 width=4) (actual time=0.025..1317.560 rows=79548 loops=1)
                          Filter: ((kind_id > 1) AND (production_year = 2005))
                          Rows Removed by Filter: 2448764
Planning time: 1.149 ms
Execution time: 22856.976 ms
