Seq Scan on movie_companies mc  (cost=0.00..57926.93 rows=1193491 width=0) (actual time=0.013..1192.814 rows=1274246 loops=1)
  Filter: ((company_id < 121904) AND (company_type_id < 2))
  Rows Removed by Filter: 1334883
Planning time: 0.330 ms
Execution time: 1355.093 ms
