Seq Scan on movie_keyword mk  (cost=0.00..81003.12 rows=246 width=0) (actual time=19.893..1272.491 rows=69 loops=1)
  Filter: (keyword_id = 22798)
  Rows Removed by Filter: 4523861
Planning time: 0.326 ms
Execution time: 1272.625 ms
