Hash Join  (cost=95678.39..150523.55 rows=9054 width=0) (actual time=1642.327..2741.040 rows=22975 loops=1)
  Hash Cond: (mc.movie_id = t.id)
  ->  Seq Scan on movie_companies mc  (cost=0.00..51404.11 rows=893470 width=4) (actual time=0.030..885.259 rows=900846 loops=1)
        Filter: (company_id > 21368)
        Rows Removed by Filter: 1708283
  ->  Hash  (cost=95358.11..95358.11 rows=25622 width=8) (actual time=1641.772..1641.772 rows=28786 loops=1)
        Buckets: 32768  Batches: 1  Memory Usage: 1381kB
        ->  Hash Join  (cost=68191.41..95358.11 rows=25622 width=8) (actual time=1005.462..1631.887 rows=28786 loops=1)
              Hash Cond: (mi_idx.movie_id = t.id)
              ->  Seq Scan on movie_info_idx mi_idx  (cost=0.00..21735.35 rows=1380035 width=4) (actual time=0.015..285.809 rows=1380035 loops=1)
              ->  Hash  (cost=67604.59..67604.59 rows=46946 width=4) (actual time=1005.091..1005.091 rows=46583 loops=1)
                    Buckets: 65536  Batches: 1  Memory Usage: 2150kB
                    ->  Seq Scan on title t  (cost=0.00..67604.59 rows=46946 width=4) (actual time=0.008..985.811 rows=46583 loops=1)
                          Filter: (production_year = 1998)
                          Rows Removed by Filter: 2481729
Planning time: 1.165 ms
Execution time: 2744.659 ms
