Nested Loop  (cost=0.43..447802.20 rows=17937 width=0) (actual time=2794.154..5419.433 rows=6142 loops=1)
  ->  Seq Scan on movie_info mi  (cost=0.00..346232.03 rows=17937 width=4) (actual time=2794.002..5315.242 rows=6142 loops=1)
        Filter: (info_type_id = 46)
        Rows Removed by Filter: 14829578
  ->  Index Only Scan using title_pkey on title t  (cost=0.43..5.65 rows=1 width=4) (actual time=0.016..0.016 rows=1 loops=6142)
        Index Cond: (id = mi.movie_id)
        Heap Fetches: 6142
Planning time: 0.786 ms
Execution time: 5420.766 ms
