Nested Loop  (cost=0.43..83072.29 rows=150 width=0) (actual time=428.156..1205.644 rows=2 loops=1)
  ->  Seq Scan on movie_keyword mk  (cost=0.00..81003.12 rows=246 width=4) (actual time=1.521..1203.922 rows=37 loops=1)
        Filter: (keyword_id = 42627)
        Rows Removed by Filter: 4523893
  ->  Index Scan using title_pkey on title t  (cost=0.43..8.40 rows=1 width=4) (actual time=0.042..0.042 rows=0 loops=37)
        Index Cond: (id = mk.movie_id)
        Filter: (kind_id = 7)
        Rows Removed by Filter: 1
Planning time: 0.753 ms
Execution time: 1205.737 ms
