Hash Join  (cost=190230.21..285410.58 rows=1230838 width=0) (actual time=4199.551..7371.483 rows=3581866 loops=1)
  Hash Cond: (mc.movie_id = t.id)
  ->  Seq Scan on movie_companies mc  (cost=0.00..51404.11 rows=2255165 width=4) (actual time=0.019..1095.273 rows=2250496 loops=1)
        Filter: (company_id < 87222)
        Rows Removed by Filter: 358633
  ->  Hash  (cost=167588.78..167588.78 rows=1380035 width=8) (actual time=4198.317..4198.317 rows=1380035 loops=1)
        Buckets: 131072  Batches: 32  Memory Usage: 2708kB
        ->  Hash Join  (cost=102767.86..167588.78 rows=1380035 width=8) (actual time=1936.786..3833.857 rows=1380035 loops=1)
              Hash Cond: (mi_idx.movie_id = t.id)
              ->  Seq Scan on movie_info_idx mi_idx  (cost=0.00..21735.35 rows=1380035 width=4) (actual time=0.022..463.135 rows=1380035 loops=1)
              ->  Hash  (cost=61283.27..61283.27 rows=2528527 width=4) (actual time=1935.305..1935.305 rows=2528312 loops=1)
                    Buckets: 131072  Batches: 64  Memory Usage: 2415kB
                    ->  Seq Scan on title t  (cost=0.00..61283.27 rows=2528527 width=4) (actual time=0.015..1094.968 rows=2528312 loops=1)
Planning time: 1.106 ms
Execution time: 7745.340 ms
