Hash Join  (cost=147521.74..1011471.12 rows=235148 width=0) (actual time=5174.724..19946.160 rows=902708 loops=1)
  Hash Cond: (ci.movie_id = t.id)
  ->  Seq Scan on cast_info ci  (cost=0.00..796071.18 rows=5631392 width=4) (actual time=1915.647..12881.469 rows=6097192 loops=1)
        Filter: ((person_id < 614969) AND (role_id < 10))
        Rows Removed by Filter: 30147152
  ->  Hash  (cost=145788.95..145788.95 rows=105583 width=8) (actual time=3043.881..3043.881 rows=200368 loops=1)
        Buckets: 131072 (originally 131072)  Batches: 4 (originally 2)  Memory Usage: 3073kB
        ->  Hash Join  (cost=69283.60..145788.95 rows=105583 width=8) (actual time=1022.276..2964.545 rows=200368 loops=1)
              Hash Cond: (mc.movie_id = t.id)
              ->  Seq Scan on movie_companies mc  (cost=0.00..44881.29 rows=2609129 width=4) (actual time=0.027..878.643 rows=2609129 loops=1)
              ->  Hash  (cost=67604.59..67604.59 rows=102321 width=4) (actual time=1020.738..1020.738 rows=100537 loops=1)
                    Buckets: 131072  Batches: 2  Memory Usage: 2797kB
                    ->  Seq Scan on title t  (cost=0.00..67604.59 rows=102321 width=4) (actual time=385.340..985.133 rows=100537 loops=1)
                          Filter: (kind_id = 3)
                          Rows Removed by Filter: 2427775
Planning time: 1.127 ms
Execution time: 20036.850 ms
