Hash Join  (cost=152035.44..1116727.82 rows=1681592 width=0) (actual time=3472.076..29276.565 rows=2724058 loops=1)
  Hash Cond: (ci.movie_id = t.id)
  ->  Seq Scan on cast_info ci  (cost=0.00..705507.15 rows=20892881 width=4) (actual time=0.026..14150.021 rows=21031775 loops=1)
        Filter: (person_id > 1499091)
        Rows Removed by Filter: 15212569
  ->  Hash  (cost=148696.54..148696.54 rows=203512 width=8) (actual time=3471.037..3471.037 rows=399410 loops=1)
        Buckets: 131072 (originally 131072)  Batches: 8 (originally 4)  Memory Usage: 3073kB
        ->  Hash Join  (cost=70840.90..148696.54 rows=203512 width=8) (actual time=1143.071..3338.605 rows=399410 loops=1)
              Hash Cond: (mc.movie_id = t.id)
              ->  Seq Scan on movie_companies mc  (cost=0.00..44881.29 rows=2609129 width=4) (actual time=0.020..854.222 rows=2609129 loops=1)
              ->  Hash  (cost=67604.59..67604.59 rows=197225 width=4) (actual time=1142.268..1142.268 rows=194989 loops=1)
                    Buckets: 131072  Batches: 4  Memory Usage: 2738kB
                    ->  Seq Scan on title t  (cost=0.00..67604.59 rows=197225 width=4) (actual time=0.028..1076.710 rows=194989 loops=1)
                          Filter: (production_year < 1955)
                          Rows Removed by Filter: 2333323
Planning time: 1.149 ms
Execution time: 29611.768 ms
