Hash Join  (cost=131211.77..885098.82 rows=309788 width=0) (actual time=2398.439..22445.313 rows=1410296 loops=1)
  Hash Cond: (ci.movie_id = t.id)
  ->  Seq Scan on cast_info ci  (cost=0.00..614943.12 rows=36225612 width=4) (actual time=0.023..8935.131 rows=36244344 loops=1)
  ->  Hash  (cost=130941.48..130941.48 rows=21623 width=8) (actual time=2398.198..2398.198 rows=42677 loops=1)
        Buckets: 65536 (originally 32768)  Batches: 1 (originally 1)  Memory Usage: 2180kB
        ->  Hash Join  (cost=74452.28..130941.48 rows=21623 width=8) (actual time=1118.235..2380.974 rows=42677 loops=1)
              Hash Cond: (mc.movie_id = t.id)
              ->  Seq Scan on movie_companies mc  (cost=0.00..51404.11 rows=1298363 width=4) (actual time=0.023..943.557 rows=1307303 loops=1)
                    Filter: (company_id > 11299)
                    Rows Removed by Filter: 1301826
              ->  Hash  (cost=73925.90..73925.90 rows=42110 width=4) (actual time=1117.873..1117.873 rows=33905 loops=1)
                    Buckets: 65536  Batches: 1  Memory Usage: 1704kB
                    ->  Seq Scan on title t  (cost=0.00..73925.90 rows=42110 width=4) (actual time=0.056..1103.583 rows=33905 loops=1)
                          Filter: ((kind_id < 7) AND (production_year = 2006))
                          Rows Removed by Filter: 2494407
Planning time: 1.131 ms
Execution time: 22636.089 ms
