Hash Join  (cost=671884.81..2276338.28 rows=48917222 width=0) (actual time=17146.393..80360.830 rows=136819067 loops=1)
  Hash Cond: (ci.movie_id = t.id)
  ->  Seq Scan on cast_info ci  (cost=0.00..705507.15 rows=23499554 width=4) (actual time=0.012..16237.284 rows=23573656 loops=1)
        Filter: (role_id > 1)
        Rows Removed by Filter: 12670688
  ->  Hash  (cost=585530.80..585530.80 rows=5263441 width=8) (actual time=17144.707..17144.707 rows=5270569 loops=1)
        Buckets: 131072  Batches: 128  Memory Usage: 2642kB
        ->  Hash Join  (cost=102767.86..585530.80 rows=5263441 width=8) (actual time=2886.529..14235.937 rows=5270569 loops=1)
              Hash Cond: (mi.movie_id = t.id)
              ->  Seq Scan on movie_info mi  (cost=0.00..346232.03 rows=5263441 width=4) (actual time=235.475..6124.463 rows=5270569 loops=1)
                    Filter: (info_type_id > 15)
                    Rows Removed by Filter: 9565151
              ->  Hash  (cost=61283.27..61283.27 rows=2528527 width=4) (actual time=2650.237..2650.237 rows=2528312 loops=1)
                    Buckets: 131072  Batches: 64  Memory Usage: 2425kB
                    ->  Seq Scan on title t  (cost=0.00..61283.27 rows=2528527 width=4) (actual time=0.034..1005.283 rows=2528312 loops=1)
Planning time: 1.144 ms
Execution time: 95771.475 ms
