Seq Scan on movie_companies mc  (cost=0.00..51404.11 rows=1288413 width=0) (actual time=0.026..968.750 rows=1280274 loops=1)
  Filter: (company_id < 11219)
  Rows Removed by Filter: 1328855
Planning time: 0.197 ms
Execution time: 1130.930 ms
