Hash Join  (cost=709678.65..736591.53 rows=240 width=0) (actual time=10776.613..11196.257 rows=30 loops=1)
  Hash Cond: (mi_idx.movie_id = t.id)
  ->  Seq Scan on movie_info_idx mi_idx  (cost=0.00..21735.35 rows=1380035 width=4) (actual time=0.048..303.377 rows=1380035 loops=1)
  ->  Hash  (cost=709673.15..709673.15 rows=440 width=8) (actual time=10639.596..10639.596 rows=164 loops=1)
        Buckets: 1024  Batches: 1  Memory Usage: 15kB
        ->  Nested Loop  (cost=0.43..709673.15 rows=440 width=8) (actual time=4663.062..10639.453 rows=164 loops=1)
              ->  Seq Scan on cast_info ci  (cost=0.00..705507.15 rows=500 width=4) (actual time=4662.927..10635.916 rows=191 loops=1)
                    Filter: (person_id = 166331)
                    Rows Removed by Filter: 36244153
              ->  Index Scan using title_pkey on title t  (cost=0.43..8.32 rows=1 width=4) (actual time=0.017..0.017 rows=1 loops=191)
                    Index Cond: (id = ci.movie_id)
                    Filter: (production_year < 2012)
                    Rows Removed by Filter: 0
Planning time: 5.372 ms
Execution time: 11196.417 ms
