Hash Join  (cost=156735.32..281691.70 rows=242434 width=0) (actual time=3038.860..5894.704 rows=284002 loops=1)
  Hash Cond: (mk.movie_id = t.id)
  ->  Seq Scan on movie_keyword mk  (cost=0.00..69693.30 rows=4523930 width=4) (actual time=0.017..1462.462 rows=4523930 loops=1)
  ->  Hash  (cost=154511.55..154511.55 rows=135502 width=8) (actual time=3038.215..3038.215 rows=150289 loops=1)
        Buckets: 131072  Batches: 2  Memory Usage: 3973kB
        ->  Hash Join  (cost=92883.59..154511.55 rows=135502 width=8) (actual time=1692.192..2990.361 rows=150289 loops=1)
              Hash Cond: (mc.movie_id = t.id)
              ->  Seq Scan on movie_companies mc  (cost=0.00..51404.11 rows=222366 width=4) (actual time=0.019..882.040 rows=221625 loops=1)
                    Filter: (company_id < 77)
                    Rows Removed by Filter: 2387504
              ->  Hash  (cost=67604.59..67604.59 rows=1540800 width=4) (actual time=1690.779..1690.779 rows=1543264 loops=1)
                    Buckets: 131072  Batches: 32  Memory Usage: 2722kB
                    ->  Seq Scan on title t  (cost=0.00..67604.59 rows=1540800 width=4) (actual time=276.366..1204.779 rows=1543264 loops=1)
                          Filter: (kind_id = 7)
                          Rows Removed by Filter: 985048
Planning time: 2.624 ms
Execution time: 5923.647 ms
