Hash Join  (cost=83073.49..833876.40 rows=1377 width=0) (actual time=1362.661..17867.719 rows=28239 loops=1)
  Hash Cond: (ci.movie_id = t.id)
  ->  Seq Scan on cast_info ci  (cost=0.00..614943.12 rows=36225612 width=4) (actual time=0.030..9063.119 rows=36244344 loops=1)
  ->  Hash  (cost=83072.29..83072.29 rows=96 width=8) (actual time=1362.256..1362.256 rows=890 loops=1)
        Buckets: 1024  Batches: 1  Memory Usage: 43kB
        ->  Nested Loop  (cost=0.43..83072.29 rows=96 width=8) (actual time=15.480..1361.676 rows=890 loops=1)
              ->  Seq Scan on movie_keyword mk  (cost=0.00..81003.12 rows=246 width=4) (actual time=15.419..1265.062 rows=1844 loops=1)
                    Filter: (keyword_id = 496)
                    Rows Removed by Filter: 4522086
              ->  Index Scan using title_pkey on title t  (cost=0.43..8.40 rows=1 width=4) (actual time=0.051..0.052 rows=0 loops=1844)
                    Index Cond: (id = mk.movie_id)
                    Filter: (kind_id < 7)
                    Rows Removed by Filter: 1
Planning time: 1.177 ms
Execution time: 17874.768 ms
