Hash Join  (cost=125411.81..216061.41 rows=30182 width=0) (actual time=2444.605..4290.001 rows=149880 loops=1)
  Hash Cond: (mk.movie_id = t.id)
  ->  Seq Scan on movie_keyword mk  (cost=0.00..81003.12 rows=2491910 width=4) (actual time=0.026..1404.347 rows=2487830 loops=1)
        Filter: (keyword_id > 3636)
        Rows Removed by Filter: 2036100
  ->  Hash  (cost=125028.99..125028.99 rows=30625 width=8) (actual time=2443.899..2443.899 rows=26865 loops=1)
        Buckets: 32768  Batches: 1  Memory Usage: 1306kB
        ->  Hash Join  (cost=68332.59..125028.99 rows=30625 width=8) (actual time=1483.231..2433.344 rows=26865 loops=1)
              Hash Cond: (mc.movie_id = t.id)
              ->  Seq Scan on movie_companies mc  (cost=0.00..51404.11 rows=1329612 width=4) (actual time=285.099..875.566 rows=1334883 loops=1)
                    Filter: (company_type_id > 1)
                    Rows Removed by Filter: 1274246
              ->  Hash  (cost=67604.59..67604.59 rows=58240 width=4) (actual time=1197.643..1197.643 rows=58590 loops=1)
                    Buckets: 65536  Batches: 1  Memory Usage: 2572kB
                    ->  Seq Scan on title t  (cost=0.00..67604.59 rows=58240 width=4) (actual time=0.026..1172.378 rows=58590 loops=1)
                          Filter: (production_year = 2001)
                          Rows Removed by Filter: 2469722
Planning time: 1.146 ms
Execution time: 4309.351 ms
