Hash Join  (cost=52284.84..825355.85 rows=506 width=0) (actual time=5669.795..15599.582 rows=2 loops=1)
  Hash Cond: (ci.movie_id = t.id)
  ->  Seq Scan on cast_info ci  (cost=0.00..705507.15 rows=18015680 width=4) (actual time=1883.359..12165.446 rows=18158614 loops=1)
        Filter: (person_id > 1794779)
        Rows Removed by Filter: 18085730
  ->  Hash  (cost=52283.95..52283.95 rows=71 width=8) (actual time=555.092..555.092 rows=1 loops=1)
        Buckets: 1024  Batches: 1  Memory Usage: 9kB
        ->  Nested Loop  (cost=0.43..52283.95 rows=71 width=8) (actual time=400.316..555.074 rows=1 loops=1)
              ->  Seq Scan on movie_companies mc  (cost=0.00..51404.11 rows=104 width=4) (actual time=348.644..547.607 rows=439 loops=1)
                    Filter: (company_id = 95052)
                    Rows Removed by Filter: 2608690
              ->  Index Scan using title_pkey on title t  (cost=0.43..8.45 rows=1 width=4) (actual time=0.016..0.016 rows=0 loops=439)
                    Index Cond: (id = mc.movie_id)
                    Filter: (production_year > 1991)
                    Rows Removed by Filter: 1
Planning time: 1.193 ms
Execution time: 15599.754 ms
