Hash Join  (cost=181408.95..1242477.44 rows=2654140 width=0) (actual time=3363.911..35858.750 rows=16030732 loops=1)
  Hash Cond: (ci.movie_id = t.id)
  ->  Seq Scan on cast_info ci  (cost=0.00..614943.12 rows=36225612 width=4) (actual time=0.013..13240.562 rows=36244344 loops=1)
  ->  Hash  (cost=178369.23..178369.23 rows=185257 width=8) (actual time=3363.079..3363.079 rows=252093 loops=1)
        Buckets: 131072  Batches: 4  Memory Usage: 3460kB
        ->  Hash Join  (cost=80587.02..178369.23 rows=185257 width=8) (actual time=1224.646..3292.569 rows=252093 loops=1)
              Hash Cond: (mk.movie_id = t.id)
              ->  Seq Scan on movie_keyword mk  (cost=0.00..81003.12 rows=1153739 width=4) (actual time=0.024..1449.420 rows=1158308 loops=1)
                    Filter: (keyword_id < 1375)
                    Rows Removed by Filter: 3365622
              ->  Hash  (cost=73925.90..73925.90 rows=406009 width=4) (actual time=1223.469..1223.469 rows=320078 loops=1)
                    Buckets: 131072  Batches: 8  Memory Usage: 2433kB
                    ->  Seq Scan on title t  (cost=0.00..73925.90 rows=406009 width=4) (actual time=0.031..1109.794 rows=320078 loops=1)
                          Filter: ((kind_id < 4) AND (production_year > 2003))
                          Rows Removed by Filter: 2208234
Planning time: 1.095 ms
Execution time: 37742.593 ms
