Hash Join  (cost=69283.60..166533.69 rows=53580 width=0) (actual time=1163.720..3107.487 rows=90168 loops=1)
  Hash Cond: (mk.movie_id = t.id)
  ->  Seq Scan on movie_keyword mk  (cost=0.00..81003.12 rows=1324044 width=4) (actual time=0.025..1476.900 rows=1339909 loops=1)
        Filter: (keyword_id < 1748)
        Rows Removed by Filter: 3184021
  ->  Hash  (cost=67604.59..67604.59 rows=102321 width=4) (actual time=1162.921..1162.921 rows=100537 loops=1)
        Buckets: 131072  Batches: 2  Memory Usage: 2803kB
        ->  Seq Scan on title t  (cost=0.00..67604.59 rows=102321 width=4) (actual time=626.795..1125.297 rows=100537 loops=1)
              Filter: (kind_id = 3)
              Rows Removed by Filter: 2427775
Planning time: 4.523 ms
Execution time: 3119.457 ms
