Hash Join  (cost=165064.16..294643.39 rows=621920 width=0) (actual time=3440.493..11715.247 rows=18581311 loops=1)
  Hash Cond: (mk.movie_id = t.id)
  ->  Seq Scan on movie_keyword mk  (cost=0.00..69693.30 rows=4523930 width=4) (actual time=0.023..1491.284 rows=4523930 loops=1)
  ->  Hash  (cost=159361.09..159361.09 rows=347605 width=8) (actual time=3438.837..3438.837 rows=689273 loops=1)
        Buckets: 131072 (originally 131072)  Batches: 16 (originally 8)  Memory Usage: 3073kB
        ->  Hash Join  (cost=83810.17..159361.09 rows=347605 width=8) (actual time=1464.583..3235.179 rows=689273 loops=1)
              Hash Cond: (mc.movie_id = t.id)
              ->  Seq Scan on movie_companies mc  (cost=0.00..57926.93 rows=889849 width=4) (actual time=0.022..1042.814 rows=720902 loops=1)
                    Filter: ((company_id > 1700) AND (company_type_id < 2))
                    Rows Removed by Filter: 1888227
              ->  Hash  (cost=67604.59..67604.59 rows=987727 width=4) (actual time=1463.645..1463.645 rows=985048 loops=1)
                    Buckets: 131072  Batches: 16  Memory Usage: 3188kB
                    ->  Seq Scan on title t  (cost=0.00..67604.59 rows=987727 width=4) (actual time=0.013..1159.662 rows=985048 loops=1)
                          Filter: (kind_id < 7)
                          Rows Removed by Filter: 1543264
Planning time: 1.150 ms
Execution time: 13741.319 ms
