Hash Join  (cost=835034.84..1577881.00 rows=2205150 width=0) (actual time=21072.484..36657.692 rows=13509707 loops=1)
  Hash Cond: (mi.movie_id = t.id)
  ->  Seq Scan on movie_info mi  (cost=0.00..309384.22 rows=14739122 width=4) (actual time=0.022..6490.867 rows=14835720 loops=1)
  ->  Hash  (cost=828828.11..828828.11 rows=378298 width=8) (actual time=21071.416..21071.416 rows=414655 loops=1)
        Buckets: 131072  Batches: 8  Memory Usage: 3102kB
        ->  Hash Join  (cost=74255.97..828828.11 rows=378298 width=8) (actual time=1215.468..20606.656 rows=414655 loops=1)
              Hash Cond: (ci.movie_id = t.id)
              ->  Seq Scan on cast_info ci  (cost=0.00..614943.12 rows=36225612 width=4) (actual time=0.013..9363.989 rows=36244344 loops=1)
              ->  Hash  (cost=73925.90..73925.90 rows=26405 width=4) (actual time=1215.082..1215.082 rows=23926 loops=1)
                    Buckets: 32768  Batches: 1  Memory Usage: 1098kB
                    ->  Seq Scan on title t  (cost=0.00..73925.90 rows=26405 width=4) (actual time=0.220..1205.139 rows=23926 loops=1)
                          Filter: ((kind_id < 7) AND (production_year = 2003))
                          Rows Removed by Filter: 2504386
Planning time: 1.158 ms
Execution time: 37929.367 ms
