Seq Scan on cast_info ci  (cost=0.00..796071.18 rows=479291 width=0) (actual time=2918.798..11242.332 rows=232764 loops=1)
  Filter: ((person_id < 193077) AND (role_id > 5))
  Rows Removed by Filter: 36011580
Planning time: 0.363 ms
Execution time: 11271.697 ms
