Seq Scan on movie_companies mc  (cost=0.00..57926.93 rows=595359 width=0) (actual time=457.094..1015.094 rows=336871 loops=1)
  Filter: ((company_id > 11961) AND (company_type_id < 2))
  Rows Removed by Filter: 2272258
Planning time: 0.308 ms
Execution time: 1057.208 ms
