Hash Join  (cost=217858.32..369636.03 rows=2050073 width=0) (actual time=5493.249..11861.801 rows=7378251 loops=1)
  Hash Cond: (mk.movie_id = t.id)
  ->  Seq Scan on movie_keyword mk  (cost=0.00..81003.12 rows=3898630 width=4) (actual time=0.016..1836.855 rows=3900441 loops=1)
        Filter: (keyword_id > 479)
        Rows Removed by Filter: 623489
  ->  Hash  (cost=196044.17..196044.17 rows=1329612 width=8) (actual time=5492.059..5492.059 rows=1334883 loops=1)
        Buckets: 131072  Batches: 32  Memory Usage: 2660kB
        ->  Hash Join  (cost=102767.86..196044.17 rows=1329612 width=8) (actual time=1906.581..5104.598 rows=1334883 loops=1)
              Hash Cond: (mc.movie_id = t.id)
              ->  Seq Scan on movie_companies mc  (cost=0.00..51404.11 rows=1329612 width=4) (actual time=0.306..1032.610 rows=1334883 loops=1)
                    Filter: (company_type_id > 1)
                    Rows Removed by Filter: 1274246
              ->  Hash  (cost=61283.27..61283.27 rows=2528527 width=4) (actual time=1904.967..1904.967 rows=2528312 loops=1)
                    Buckets: 131072  Batches: 64  Memory Usage: 2415kB
                    ->  Seq Scan on title t  (cost=0.00..61283.27 rows=2528527 width=4) (actual time=0.014..1038.835 rows=2528312 loops=1)
Planning time: 1.067 ms
Execution time: 12814.597 ms
