Hash Join  (cost=77945.24..115606.61 rows=89047 width=0) (actual time=2041.007..2517.229 rows=31790 loops=1)
  Hash Cond: (mi_idx.movie_id = t.id)
  ->  Seq Scan on movie_info_idx mi_idx  (cost=0.00..25185.44 rows=919057 width=4) (actual time=0.026..495.482 rows=920110 loops=1)
        Filter: (info_type_id > 99)
        Rows Removed by Filter: 459925
  ->  Hash  (cost=73925.90..73925.90 rows=244987 width=4) (actual time=1628.007..1628.007 rows=137824 loops=1)
        Buckets: 131072  Batches: 4  Memory Usage: 2233kB
        ->  Seq Scan on title t  (cost=0.00..73925.90 rows=244987 width=4) (actual time=0.093..975.511 rows=137824 loops=1)
              Filter: ((production_year < 1972) AND (kind_id = 7))
              Rows Removed by Filter: 2390488
Planning time: 0.759 ms
Execution time: 2521.738 ms
