Hash Join  (cost=102767.86..224491.92 rows=1281781 width=0) (actual time=2038.157..5450.589 rows=1293455 loops=1)
  Hash Cond: (mk.movie_id = t.id)
  ->  Seq Scan on movie_keyword mk  (cost=0.00..81003.12 rows=1281781 width=4) (actual time=0.026..1403.472 rows=1293455 loops=1)
        Filter: (keyword_id < 1680)
        Rows Removed by Filter: 3230475
  ->  Hash  (cost=61283.27..61283.27 rows=2528527 width=4) (actual time=2036.633..2036.633 rows=2528312 loops=1)
        Buckets: 131072  Batches: 64  Memory Usage: 2425kB
        ->  Seq Scan on title t  (cost=0.00..61283.27 rows=2528527 width=4) (actual time=0.014..1159.791 rows=2528312 loops=1)
Planning time: 0.697 ms
Execution time: 5593.588 ms
