Hash Join  (cost=222042.45..1374167.22 rows=11518055 width=0) (actual time=5492.873..57999.226 rows=89402196 loops=1)
  Hash Cond: (ci.movie_id = t.id)
  ->  Seq Scan on cast_info ci  (cost=0.00..614943.12 rows=36225612 width=4) (actual time=0.024..13680.081 rows=36244344 loops=1)
  ->  Hash  (cost=208852.03..208852.03 rows=803954 width=8) (actual time=5491.393..5491.393 rows=1627419 loops=1)
        Buckets: 131072 (originally 131072)  Batches: 32 (originally 16)  Memory Usage: 3073kB
        ->  Hash Join  (cost=86810.27..208852.03 rows=803954 width=8) (actual time=1277.956..5018.615 rows=1627419 loops=1)
              Hash Cond: (mk.movie_id = t.id)
              ->  Seq Scan on movie_keyword mk  (cost=0.00..81003.12 rows=2588559 width=4) (actual time=0.027..1448.463 rows=2578783 loops=1)
                    Filter: (keyword_id < 6708)
                    Rows Removed by Filter: 1945147
              ->  Hash  (cost=73925.90..73925.90 rows=785309 width=4) (actual time=1276.864..1276.864 rows=695753 loops=1)
                    Buckets: 131072  Batches: 16  Memory Usage: 2562kB
                    ->  Seq Scan on title t  (cost=0.00..73925.90 rows=785309 width=4) (actual time=0.023..1052.977 rows=695753 loops=1)
                          Filter: ((kind_id < 7) AND (production_year > 1975))
                          Rows Removed by Filter: 1832559
Planning time: 1.131 ms
Execution time: 67725.838 ms
