Seq Scan on cast_info ci  (cost=0.00..705507.15 rows=2335622 width=0) (actual time=412.839..11192.303 rows=2280470 loops=1)
  Filter: (person_id < 222229)
  Rows Removed by Filter: 33963874
Planning time: 0.341 ms
Execution time: 11475.535 ms
