Hash Join  (cost=75321.41..1178746.33 rows=4233630 width=0) (actual time=4610.680..32273.921 rows=2814445 loops=1)
  Hash Cond: (ci.movie_id = t.id)
  ->  Seq Scan on cast_info ci  (cost=0.00..796071.18 rows=22761450 width=4) (actual time=3333.203..18784.299 rows=23294914 loops=1)
        Filter: ((person_id > 105456) AND (role_id > 1))
        Rows Removed by Filter: 12949430
  ->  Hash  (cost=67604.59..67604.59 rows=470306 width=4) (actual time=1276.597..1276.597 rows=465563 loops=1)
        Buckets: 131072  Batches: 8  Memory Usage: 3063kB
        ->  Seq Scan on title t  (cost=0.00..67604.59 rows=470306 width=4) (actual time=0.096..1127.675 rows=465563 loops=1)
              Filter: (production_year < 1977)
              Rows Removed by Filter: 2062749
Planning time: 0.792 ms
Execution time: 32620.827 ms
