Hash Join  (cost=208726.85..769162.34 rows=7556557 width=0) (actual time=4833.509..22150.056 rows=9117078 loops=1)
  Hash Cond: (mi.movie_id = t.id)
  ->  Seq Scan on movie_info mi  (cost=0.00..309384.22 rows=14739122 width=4) (actual time=0.013..6299.402 rows=14835720 loops=1)
  ->  Hash  (cost=187458.56..187458.56 rows=1296343 width=8) (actual time=4831.699..4831.699 rows=854295 loops=1)
        Buckets: 131072  Batches: 32  Memory Usage: 2060kB
        ->  Hash Join  (cost=94537.60..187458.56 rows=1296343 width=8) (actual time=1829.289..4571.836 rows=854295 loops=1)
              Hash Cond: (mc.movie_id = t.id)
              ->  Seq Scan on movie_companies mc  (cost=0.00..44881.29 rows=2609129 width=4) (actual time=0.025..929.667 rows=2609129 loops=1)
              ->  Hash  (cost=73925.90..73925.90 rows=1256296 width=4) (actual time=1828.385..1828.385 rows=1375227 loops=1)
                    Buckets: 131072  Batches: 32  Memory Usage: 2542kB
                    ->  Seq Scan on title t  (cost=0.00..73925.90 rows=1256296 width=4) (actual time=0.016..1378.526 rows=1375227 loops=1)
                          Filter: ((kind_id > 1) AND (production_year > 1992))
                          Rows Removed by Filter: 1153085
Planning time: 1.286 ms
Execution time: 23188.503 ms
