Seq Scan on movie_keyword mk  (cost=0.00..81003.12 rows=246 width=0) (actual time=0.396..1310.573 rows=562 loops=1)
  Filter: (keyword_id = 1248)
  Rows Removed by Filter: 4523368
Planning time: 0.281 ms
Execution time: 1310.908 ms
