Seq Scan on movie_companies mc  (cost=0.00..57926.93 rows=582541 width=0) (actual time=64.183..538.915 rows=791124 loops=1)
  Filter: ((company_id < 10269) AND (company_type_id < 2))
  Rows Removed by Filter: 1818005
Planning time: 0.338 ms
Execution time: 612.840 ms
