Hash Join  (cost=493888.91..575445.86 rows=615911 width=0) (actual time=9351.392..11644.572 rows=783482 loops=1)
  Hash Cond: (mc.movie_id = t.id)
  ->  Seq Scan on movie_companies mc  (cost=0.00..51404.11 rows=1779394 width=4) (actual time=0.015..1088.578 rows=1770394 loops=1)
        Filter: (company_id < 26388)
        Rows Removed by Filter: 838735
  ->  Hash  (cost=479529.76..479529.76 rows=875212 width=8) (actual time=9350.235..9350.235 rows=644930 loops=1)
        Buckets: 131072  Batches: 16  Memory Usage: 2597kB
        ->  Hash Join  (cost=100857.93..479529.76 rows=875212 width=8) (actual time=4477.965..9154.240 rows=644930 loops=1)
              Hash Cond: (mi.movie_id = t.id)
              ->  Seq Scan on movie_info mi  (cost=0.00..346232.03 rows=1348138 width=4) (actual time=2167.936..5642.309 rows=1298989 loops=1)
                    Filter: (info_type_id = 4)
                    Rows Removed by Filter: 13536731
              ->  Hash  (cost=73925.90..73925.90 rows=1641522 width=4) (actual time=2309.024..2309.024 rows=1755233 loops=1)
                    Buckets: 131072  Batches: 32  Memory Usage: 2963kB
                    ->  Seq Scan on title t  (cost=0.00..73925.90 rows=1641522 width=4) (actual time=0.032..1570.539 rows=1755233 loops=1)
                          Filter: ((kind_id > 1) AND (production_year > 1958))
                          Rows Removed by Filter: 773079
Planning time: 1.253 ms
Execution time: 11739.815 ms
