Seq Scan on movie_companies mc  (cost=0.00..51404.11 rows=1842975 width=0) (actual time=0.025..936.143 rows=1849989 loops=1)
  Filter: (company_id > 1532)
  Rows Removed by Filter: 759140
Planning time: 0.351 ms
Execution time: 1166.365 ms
