Seq Scan on movie_keyword mk  (cost=0.00..81003.12 rows=1318463 width=0) (actual time=0.027..1368.904 rows=1331919 loops=1)
  Filter: (keyword_id > 12936)
  Rows Removed by Filter: 3192011
Planning time: 0.319 ms
Execution time: 1538.938 ms
