Seq Scan on cast_info ci  (cost=0.00..705507.15 rows=22294637 width=0) (actual time=0.024..13039.711 rows=22134038 loops=1)
  Filter: (person_id < 2254421)
  Rows Removed by Filter: 14110306
Planning time: 0.337 ms
Execution time: 15798.663 ms
