Hash Join  (cost=190230.21..1167757.59 rows=8549863 width=0) (actual time=7665.148..31152.809 rows=17406108 loops=1)
  Hash Cond: (ci.movie_id = t.id)
  ->  Seq Scan on cast_info ci  (cost=0.00..705507.15 rows=15665226 width=4) (actual time=3446.414..13535.345 rows=15777524 loops=1)
        Filter: (person_id > 2058695)
        Rows Removed by Filter: 20466820
  ->  Hash  (cost=167588.78..167588.78 rows=1380035 width=8) (actual time=4217.735..4217.735 rows=1380035 loops=1)
        Buckets: 131072  Batches: 32  Memory Usage: 2708kB
        ->  Hash Join  (cost=102767.86..167588.78 rows=1380035 width=8) (actual time=1919.798..3839.474 rows=1380035 loops=1)
              Hash Cond: (mi_idx.movie_id = t.id)
              ->  Seq Scan on movie_info_idx mi_idx  (cost=0.00..21735.35 rows=1380035 width=4) (actual time=0.024..468.463 rows=1380035 loops=1)
              ->  Hash  (cost=61283.27..61283.27 rows=2528527 width=4) (actual time=1918.846..1918.846 rows=2528312 loops=1)
                    Buckets: 131072  Batches: 64  Memory Usage: 2415kB
                    ->  Seq Scan on title t  (cost=0.00..61283.27 rows=2528527 width=4) (actual time=0.017..1101.597 rows=2528312 loops=1)
Planning time: 1.189 ms
Execution time: 33041.912 ms
