Hash Join  (cost=102767.86..296043.07 rows=4255267 width=0) (actual time=1842.799..7529.038 rows=4255190 loops=1)
  Hash Cond: (mk.movie_id = t.id)
  ->  Seq Scan on movie_keyword mk  (cost=0.00..81003.12 rows=4255267 width=4) (actual time=0.014..1909.975 rows=4255190 loops=1)
        Filter: (keyword_id < 58445)
        Rows Removed by Filter: 268740
  ->  Hash  (cost=61283.27..61283.27 rows=2528527 width=4) (actual time=1840.947..1840.947 rows=2528312 loops=1)
        Buckets: 131072  Batches: 64  Memory Usage: 2425kB
        ->  Seq Scan on title t  (cost=0.00..61283.27 rows=2528527 width=4) (actual time=0.019..991.173 rows=2528312 loops=1)
Planning time: 0.953 ms
Execution time: 8012.542 ms
