Seq Scan on title t  (cost=0.00..73925.90 rows=237054 width=0) (actual time=0.025..1066.972 rows=349645 loops=1)
  Filter: ((kind_id < 7) AND (production_year < 1986))
  Rows Removed by Filter: 2178667
Planning time: 0.378 ms
Execution time: 1112.390 ms
