Nested Loop  (cost=87687.83..503407.02 rows=18509 width=0) (actual time=5018.612..8010.502 rows=73667 loops=1)
  ->  Hash Join  (cost=87687.40..453057.22 rows=95636 width=8) (actual time=5018.503..7224.607 rows=73667 loops=1)
        Hash Cond: (mi.movie_id = mc.movie_id)
        ->  Seq Scan on movie_info mi  (cost=0.00..346232.03 rows=17937 width=4) (actual time=3075.386..4816.161 rows=16603 loops=1)
              Filter: (info_type_id = 102)
              Rows Removed by Filter: 14819117
        ->  Hash  (cost=44881.29..44881.29 rows=2609129 width=4) (actual time=1899.591..1899.591 rows=2609129 loops=1)
              Buckets: 131072  Batches: 64  Memory Usage: 2532kB
              ->  Seq Scan on movie_companies mc  (cost=0.00..44881.29 rows=2609129 width=4) (actual time=0.042..1030.338 rows=2609129 loops=1)
  ->  Index Only Scan using title_pkey on title t  (cost=0.43..0.52 rows=1 width=4) (actual time=0.010..0.010 rows=1 loops=73667)
        Index Cond: (id = mc.movie_id)
        Heap Fetches: 73667
Planning time: 1.082 ms
Execution time: 8023.477 ms
