Seq Scan on cast_info ci  (cost=0.00..796071.18 rows=176 width=0) (actual time=1160.432..11173.003 rows=1 loops=1)
  Filter: ((person_id = 331676) AND (role_id = 1))
  Rows Removed by Filter: 36244343
Planning time: 0.407 ms
Execution time: 11173.113 ms
