Seq Scan on cast_info ci  (cost=0.00..705507.15 rows=29733863 width=0) (actual time=0.028..13301.502 rows=29658144 loops=1)
  Filter: (person_id < 3000128)
  Rows Removed by Filter: 6586200
Planning time: 0.361 ms
Execution time: 16993.276 ms
