Hash Join  (cost=73953.78..166326.95 rows=2668 width=0) (actual time=1082.525..3103.931 rows=1721 loops=1)
  Hash Cond: (mk.movie_id = t.id)
  ->  Seq Scan on movie_keyword mk  (cost=0.00..81003.12 rows=3024896 width=4) (actual time=0.012..1551.812 rows=3015041 loops=1)
        Filter: (keyword_id > 2182)
        Rows Removed by Filter: 1508889
  ->  Hash  (cost=73925.90..73925.90 rows=2230 width=4) (actual time=1081.912..1081.912 rows=8125 loops=1)
        Buckets: 8192 (originally 4096)  Batches: 1 (originally 1)  Memory Usage: 350kB
        ->  Seq Scan on title t  (cost=0.00..73925.90 rows=2230 width=4) (actual time=320.919..1078.423 rows=8125 loops=1)
              Filter: ((kind_id < 3) AND (production_year = 1914))
              Rows Removed by Filter: 2520187
Planning time: 0.797 ms
Execution time: 3104.515 ms
