Hash Join  (cost=102767.86..933581.46 rows=1033257 width=0) (actual time=4220.065..16563.170 rows=1907965 loops=1)
  Hash Cond: (ci.movie_id = t.id)
  ->  Seq Scan on cast_info ci  (cost=0.00..796071.18 rows=1033257 width=4) (actual time=2267.019..12591.588 rows=1907965 loops=1)
        Filter: ((person_id > 2767721) AND (role_id = 3))
        Rows Removed by Filter: 34336379
  ->  Hash  (cost=61283.27..61283.27 rows=2528527 width=4) (actual time=1951.843..1951.843 rows=2528312 loops=1)
        Buckets: 131072  Batches: 64  Memory Usage: 2415kB
        ->  Seq Scan on title t  (cost=0.00..61283.27 rows=2528527 width=4) (actual time=0.032..1105.790 rows=2528312 loops=1)
Planning time: 0.811 ms
Execution time: 16793.374 ms
