Hash Join  (cost=190230.21..346169.45 rows=2230070 width=0) (actual time=4275.497..10405.249 rows=9411134 loops=1)
  Hash Cond: (mk.movie_id = t.id)
  ->  Seq Scan on movie_keyword mk  (cost=0.00..81003.12 rows=4085977 width=4) (actual time=0.032..1771.784 rows=4090409 loops=1)
        Filter: (keyword_id < 40433)
        Rows Removed by Filter: 433521
  ->  Hash  (cost=167588.78..167588.78 rows=1380035 width=8) (actual time=4273.578..4273.578 rows=1380035 loops=1)
        Buckets: 131072  Batches: 32  Memory Usage: 2726kB
        ->  Hash Join  (cost=102767.86..167588.78 rows=1380035 width=8) (actual time=1969.437..3869.400 rows=1380035 loops=1)
              Hash Cond: (mi_idx.movie_id = t.id)
              ->  Seq Scan on movie_info_idx mi_idx  (cost=0.00..21735.35 rows=1380035 width=4) (actual time=0.014..438.060 rows=1380035 loops=1)
              ->  Hash  (cost=61283.27..61283.27 rows=2528527 width=4) (actual time=1967.784..1967.784 rows=2528312 loops=1)
                    Buckets: 131072  Batches: 64  Memory Usage: 2415kB
                    ->  Seq Scan on title t  (cost=0.00..61283.27 rows=2528527 width=4) (actual time=0.014..1137.104 rows=2528312 loops=1)
Planning time: 1.139 ms
Execution time: 11541.814 ms
