Hash Join  (cost=913085.31..1399603.16 rows=628993 width=0) (actual time=14910.399..27659.051 rows=2347309 loops=1)
  Hash Cond: (mi.movie_id = t.id)
  ->  Seq Scan on movie_info mi  (cost=0.00..309384.22 rows=14739122 width=4) (actual time=0.006..5776.339 rows=14835720 loops=1)
  ->  Hash  (cost=911314.49..911314.49 rows=107905 width=8) (actual time=14909.634..14909.634 rows=233381 loops=1)
        Buckets: 131072 (originally 131072)  Batches: 4 (originally 2)  Memory Usage: 3310kB
        ->  Hash Join  (cost=102767.86..911314.49 rows=107905 width=8) (actual time=11411.454..14834.444 rows=233381 loops=1)
              Hash Cond: (ci.movie_id = t.id)
              ->  Seq Scan on cast_info ci  (cost=0.00..796071.18 rows=107905 width=4) (actual time=9374.979..12217.139 rows=233381 loops=1)
                    Filter: ((person_id > 2586816) AND (role_id > 10))
                    Rows Removed by Filter: 36010963
              ->  Hash  (cost=61283.27..61283.27 rows=2528527 width=4) (actual time=2035.456..2035.456 rows=2528312 loops=1)
                    Buckets: 131072  Batches: 64  Memory Usage: 2415kB
                    ->  Seq Scan on title t  (cost=0.00..61283.27 rows=2528527 width=4) (actual time=0.022..1187.165 rows=2528312 loops=1)
Planning time: 1.218 ms
Execution time: 27934.148 ms
