Hash Join  (cost=97626.44..207804.37 rows=778195 width=0) (actual time=2947.041..4571.087 rows=166998 loops=1)
  Hash Cond: (mk.movie_id = t.id)
  ->  Seq Scan on movie_keyword mk  (cost=0.00..81003.12 rows=1362095 width=4) (actual time=0.018..1520.253 rows=1375650 loops=1)
        Filter: (keyword_id < 1824)
        Rows Removed by Filter: 3148280
  ->  Hash  (cost=73925.90..73925.90 rows=1444603 width=4) (actual time=1899.114..1899.114 rows=1478438 loops=1)
        Buckets: 131072  Batches: 32  Memory Usage: 2656kB
        ->  Seq Scan on title t  (cost=0.00..73925.90 rows=1444603 width=4) (actual time=285.454..1415.685 rows=1478438 loops=1)
              Filter: ((production_year > 1920) AND (kind_id = 7))
              Rows Removed by Filter: 1049874
Planning time: 0.519 ms
Execution time: 4590.476 ms
