Seq Scan on movie_keyword mk  (cost=0.00..81003.12 rows=246 width=0) (actual time=21.398..1213.445 rows=232 loops=1)
  Filter: (keyword_id = 31051)
  Rows Removed by Filter: 4523698
Planning time: 0.395 ms
Execution time: 1213.662 ms
