Hash Join  (cost=495550.49..542093.47 rows=515850 width=0) (actual time=10298.031..11988.737 rows=2335482 loops=1)
  Hash Cond: (mi_idx.movie_id = t.id)
  ->  Seq Scan on movie_info_idx mi_idx  (cost=0.00..21735.35 rows=1380035 width=4) (actual time=0.013..443.242 rows=1380035 loops=1)
  ->  Hash  (cost=480044.11..480044.11 rows=945151 width=8) (actual time=10297.153..10297.153 rows=999911 loops=1)
        Buckets: 131072  Batches: 16  Memory Usage: 3400kB
        ->  Hash Join  (cost=101458.67..480044.11 rows=945151 width=8) (actual time=4944.457..10016.471 rows=999911 loops=1)
              Hash Cond: (mi.movie_id = t.id)
              ->  Seq Scan on movie_info mi  (cost=0.00..346232.03 rows=1158179 width=4) (actual time=2666.385..5887.941 rows=1204709 loops=1)
                    Filter: (info_type_id > 18)
                    Rows Removed by Filter: 13631011
              ->  Hash  (cost=67604.59..67604.59 rows=2063447 width=4) (actual time=2212.193..2212.193 rows=2060346 loops=1)
                    Buckets: 131072  Batches: 32  Memory Usage: 3302kB
                    ->  Seq Scan on title t  (cost=0.00..67604.59 rows=2063447 width=4) (actual time=0.031..1515.363 rows=2060346 loops=1)
                          Filter: (production_year > 1971)
                          Rows Removed by Filter: 467966
Planning time: 1.061 ms
Execution time: 12237.304 ms
