Hash Join  (cost=133993.08..635672.21 rows=2049920 width=0) (actual time=2713.786..17225.031 rows=9723139 loops=1)
  Hash Cond: (mi.movie_id = t.id)
  ->  Seq Scan on movie_info mi  (cost=0.00..309384.22 rows=14739122 width=4) (actual time=0.011..5852.026 rows=14835720 loops=1)
  ->  Hash  (cost=128223.23..128223.23 rows=351668 width=8) (actual time=2712.973..2712.973 rows=549636 loops=1)
        Buckets: 131072  Batches: 8  Memory Usage: 3726kB
        ->  Hash Join  (cost=84497.07..128223.23 rows=351668 width=8) (actual time=1321.050..2560.627 rows=549636 loops=1)
              Hash Cond: (mi_idx.movie_id = t.id)
              ->  Seq Scan on movie_info_idx mi_idx  (cost=0.00..21735.35 rows=1380035 width=4) (actual time=0.021..440.448 rows=1380035 loops=1)
              ->  Hash  (cost=73925.90..73925.90 rows=644333 width=4) (actual time=1319.556..1319.556 rows=544419 loops=1)
                    Buckets: 131072  Batches: 16  Memory Usage: 2215kB
                    ->  Seq Scan on title t  (cost=0.00..73925.90 rows=644333 width=4) (actual time=0.020..1147.545 rows=544419 loops=1)
                          Filter: ((kind_id < 7) AND (production_year > 1994))
                          Rows Removed by Filter: 1983893
Planning time: 1.254 ms
Execution time: 18213.829 ms
