Seq Scan on title t  (cost=0.00..73925.90 rows=1435640 width=0) (actual time=0.048..1297.844 rows=1490871 loops=1)
  Filter: ((kind_id > 4) AND (production_year > 1934))
  Rows Removed by Filter: 1037441
Planning time: 0.353 ms
Execution time: 1493.648 ms
