Hash Join  (cost=83074.74..137742.81 rows=254 width=0) (actual time=1375.329..2490.529 rows=12009 loops=1)
  Hash Cond: (mc.movie_id = t.id)
  ->  Seq Scan on movie_companies mc  (cost=0.00..44881.29 rows=2609129 width=4) (actual time=0.017..631.854 rows=2609129 loops=1)
  ->  Hash  (cost=83071.67..83071.67 rows=246 width=8) (actual time=1374.763..1374.763 rows=1429 loops=1)
        Buckets: 2048 (originally 1024)  Batches: 1 (originally 1)  Memory Usage: 72kB
        ->  Nested Loop  (cost=0.43..83071.67 rows=246 width=8) (actual time=1.009..1373.597 rows=1429 loops=1)
              ->  Seq Scan on movie_keyword mk  (cost=0.00..81003.12 rows=246 width=4) (actual time=0.948..1314.132 rows=1429 loops=1)
                    Filter: (keyword_id = 50)
                    Rows Removed by Filter: 4522501
              ->  Index Only Scan using title_pkey on title t  (cost=0.43..8.40 rows=1 width=4) (actual time=0.040..0.040 rows=1 loops=1429)
                    Index Cond: (id = mk.movie_id)
                    Heap Fetches: 1429
Planning time: 1.224 ms
Execution time: 2492.504 ms
