Seq Scan on movie_keyword mk  (cost=0.00..81003.12 rows=246 width=0) (actual time=7.558..1130.652 rows=1182 loops=1)
  Filter: (keyword_id = 956)
  Rows Removed by Filter: 4522748
Planning time: 0.360 ms
Execution time: 1131.040 ms
