Seq Scan on cast_info ci  (cost=0.00..796071.18 rows=13598940 width=0) (actual time=0.023..15146.194 rows=19337680 loops=1)
  Filter: ((person_id > 1493304) AND (role_id > 1))
  Rows Removed by Filter: 16906664
Planning time: 0.333 ms
Execution time: 17508.407 ms
