Hash Join  (cost=74142.85..157392.79 rows=4039 width=0) (actual time=1112.282..2574.789 rows=2935 loops=1)
  Hash Cond: (mk.movie_id = t.id)
  ->  Seq Scan on movie_keyword mk  (cost=0.00..81003.12 rows=588379 width=4) (actual time=0.023..1328.468 rows=595028 loops=1)
        Filter: (keyword_id < 434)
        Rows Removed by Filter: 3928902
  ->  Hash  (cost=73925.90..73925.90 rows=17356 width=4) (actual time=1110.627..1110.627 rows=18804 loops=1)
        Buckets: 32768  Batches: 1  Memory Usage: 918kB
        ->  Seq Scan on title t  (cost=0.00..73925.90 rows=17356 width=4) (actual time=14.422..1102.785 rows=18804 loops=1)
              Filter: ((kind_id = 1) AND (production_year = 2013))
              Rows Removed by Filter: 2509508
Planning time: 0.770 ms
Execution time: 2575.650 ms
