Hash Join  (cost=130552.70..209835.97 rows=307075 width=0) (actual time=3193.248..6362.128 rows=2146156 loops=1)
  Hash Cond: (mc.movie_id = t.id)
  ->  Seq Scan on movie_companies mc  (cost=0.00..44881.29 rows=2609129 width=4) (actual time=0.010..893.129 rows=2609129 loops=1)
  ->  Hash  (cost=125669.85..125669.85 rows=297588 width=8) (actual time=3192.415..3192.415 rows=577307 loops=1)
        Buckets: 131072 (originally 131072)  Batches: 8 (originally 4)  Memory Usage: 3854kB
        ->  Hash Join  (cost=82871.49..125669.85 rows=297588 width=8) (actual time=1875.281..3023.288 rows=577307 loops=1)
              Hash Cond: (mi_idx.movie_id = t.id)
              ->  Seq Scan on movie_info_idx mi_idx  (cost=0.00..21735.35 rows=1380035 width=4) (actual time=0.018..440.880 rows=1380035 loops=1)
              ->  Hash  (cost=73925.90..73925.90 rows=545247 width=4) (actual time=1728.130..1728.130 rows=557319 loops=1)
                    Buckets: 131072  Batches: 8  Memory Usage: 3485kB
                    ->  Seq Scan on title t  (cost=0.00..73925.90 rows=545247 width=4) (actual time=0.028..1169.159 rows=557319 loops=1)
                          Filter: ((production_year < 2011) AND (kind_id = 1))
                          Rows Removed by Filter: 1970993
Planning time: 1.210 ms
Execution time: 6602.596 ms
