Seq Scan on cast_info ci  (cost=0.00..705507.15 rows=24169813 width=0) (actual time=7.236..11630.132 rows=24129023 loops=1)
  Filter: (person_id < 2475147)
  Rows Removed by Filter: 12115321
Planning time: 0.335 ms
Execution time: 14452.873 ms
