Seq Scan on cast_info ci  (cost=0.00..705507.15 rows=500 width=0) (actual time=2982.385..9799.465 rows=20 loops=1)
  Filter: (person_id = 833848)
  Rows Removed by Filter: 36244324
Planning time: 0.380 ms
Execution time: 9799.576 ms
