Hash Join  (cost=69305.46..122566.44 rows=4966 width=0) (actual time=1619.691..2436.861 rows=2803 loops=1)
  Hash Cond: (mc.movie_id = t.id)
  ->  Seq Scan on movie_companies mc  (cost=0.00..51404.11 rows=121121 width=4) (actual time=214.723..972.650 rows=120703 loops=1)
        Filter: (company_id > 145956)
        Rows Removed by Filter: 2488426
  ->  Hash  (cost=67604.59..67604.59 rows=103670 width=4) (actual time=1404.069..1404.069 rows=103980 loops=1)
        Buckets: 131072  Batches: 2  Memory Usage: 2847kB
        ->  Seq Scan on title t  (cost=0.00..67604.59 rows=103670 width=4) (actual time=40.739..1125.313 rows=103980 loops=1)
              Filter: (production_year < 1926)
              Rows Removed by Filter: 2424332
Planning time: 0.566 ms
Execution time: 2437.808 ms
