Hash Join  (cost=130807.97..496303.34 rows=83945 width=0) (actual time=2954.320..10450.084 rows=1516357 loops=1)
  Hash Cond: (mi.movie_id = t.id)
  ->  Seq Scan on movie_info mi  (cost=0.00..309384.22 rows=14739122 width=4) (actual time=0.009..4504.073 rows=14835720 loops=1)
  ->  Hash  (cost=130627.95..130627.95 rows=14401 width=8) (actual time=2303.077..2303.077 rows=18312 loops=1)
        Buckets: 32768 (originally 16384)  Batches: 1 (originally 1)  Memory Usage: 972kB
        ->  Hash Join  (cost=74281.64..130627.95 rows=14401 width=8) (actual time=1383.130..2296.023 rows=18312 loops=1)
              Hash Cond: (mc.movie_id = t.id)
              ->  Seq Scan on movie_companies mc  (cost=0.00..51404.11 rows=1279517 width=4) (actual time=45.359..949.248 rows=1274246 loops=1)
                    Filter: (company_type_id < 2)
                    Rows Removed by Filter: 1334883
              ->  Hash  (cost=73925.90..73925.90 rows=28459 width=4) (actual time=1096.854..1096.854 rows=16117 loops=1)
                    Buckets: 32768  Batches: 1  Memory Usage: 823kB
                    ->  Seq Scan on title t  (cost=0.00..73925.90 rows=28459 width=4) (actual time=31.592..1090.125 rows=16117 loops=1)
                          Filter: ((kind_id = 1) AND (production_year = 2006))
                          Rows Removed by Filter: 2512195
Planning time: 1.235 ms
Execution time: 10646.927 ms
