Hash Join  (cost=83074.74..434079.80 rows=124 width=0) (actual time=2403.711..6873.528 rows=218 loops=1)
  Hash Cond: (mi.movie_id = t.id)
  ->  Seq Scan on movie_info mi  (cost=0.00..346232.03 rows=1272478 width=4) (actual time=1057.893..5370.005 rows=1325361 loops=1)
        Filter: (info_type_id = 8)
        Rows Removed by Filter: 13510359
  ->  Hash  (cost=83071.67..83071.67 rows=246 width=8) (actual time=1318.402..1318.402 rows=183 loops=1)
        Buckets: 1024  Batches: 1  Memory Usage: 16kB
        ->  Nested Loop  (cost=0.43..83071.67 rows=246 width=8) (actual time=3.208..1318.170 rows=183 loops=1)
              ->  Seq Scan on movie_keyword mk  (cost=0.00..81003.12 rows=246 width=4) (actual time=3.127..1312.267 rows=183 loops=1)
                    Filter: (keyword_id = 14526)
                    Rows Removed by Filter: 4523747
              ->  Index Only Scan using title_pkey on title t  (cost=0.43..8.40 rows=1 width=4) (actual time=0.028..0.029 rows=1 loops=183)
                    Index Cond: (id = mk.movie_id)
                    Heap Fetches: 183
Planning time: 1.162 ms
Execution time: 6873.713 ms
