Seq Scan on movie_keyword mk  (cost=0.00..81003.12 rows=1450907 width=0) (actual time=0.023..1433.591 rows=1468260 loops=1)
  Filter: (keyword_id < 2089)
  Rows Removed by Filter: 3055670
Planning time: 0.395 ms
Execution time: 1619.764 ms
