Seq Scan on movie_keyword mk  (cost=0.00..81003.12 rows=246 width=0) (actual time=19.861..1418.094 rows=188 loops=1)
  Filter: (keyword_id = 13682)
  Rows Removed by Filter: 4523742
Planning time: 0.347 ms
Execution time: 1418.298 ms
