Hash Join  (cost=986680.65..1092396.24 rows=1987866 width=0) (actual time=19209.285..22262.805 rows=2427364 loops=1)
  Hash Cond: (mc.movie_id = t.id)
  ->  Seq Scan on movie_companies mc  (cost=0.00..44881.29 rows=2609129 width=4) (actual time=0.017..882.758 rows=2609129 loops=1)
  ->  Hash  (cost=955073.95..955073.95 rows=1926456 width=8) (actual time=19208.231..19208.231 rows=1424543 loops=1)
        Buckets: 131072  Batches: 32  Memory Usage: 2755kB
        ->  Hash Join  (cost=102767.86..955073.95 rows=1926456 width=8) (actual time=6900.551..18821.519 rows=1424543 loops=1)
              Hash Cond: (ci.movie_id = t.id)
              ->  Seq Scan on cast_info ci  (cost=0.00..796071.18 rows=1926456 width=4) (actual time=4617.327..15009.957 rows=1424543 loops=1)
                    Filter: ((person_id < 2636339) AND (role_id = 4))
                    Rows Removed by Filter: 34819801
              ->  Hash  (cost=61283.27..61283.27 rows=2528527 width=4) (actual time=2281.239..2281.239 rows=2528312 loops=1)
                    Buckets: 131072  Batches: 64  Memory Usage: 2415kB
                    ->  Seq Scan on title t  (cost=0.00..61283.27 rows=2528527 width=4) (actual time=0.032..1155.460 rows=2528312 loops=1)
Planning time: 0.783 ms
Execution time: 22563.564 ms
