Hash Join  (cost=75071.77..137095.79 rows=119089 width=0) (actual time=1202.139..2611.581 rows=156092 loops=1)
  Hash Cond: (mc.movie_id = t.id)
  ->  Seq Scan on movie_companies mc  (cost=0.00..51404.11 rows=661603 width=4) (actual time=0.029..966.030 rows=666880 loops=1)
        Filter: (company_id > 51171)
        Rows Removed by Filter: 1942249
  ->  Hash  (cost=67604.59..67604.59 rows=455135 width=4) (actual time=1201.220..1201.220 rows=451569 loops=1)
        Buckets: 131072  Batches: 8  Memory Usage: 3003kB
        ->  Seq Scan on title t  (cost=0.00..67604.59 rows=455135 width=4) (actual time=0.015..1049.761 rows=451569 loops=1)
              Filter: (production_year < 1976)
              Rows Removed by Filter: 2076743
Planning time: 0.804 ms
Execution time: 2631.130 ms
