Nested Loop  (cost=0.43..83072.90 rows=61 width=0) (actual time=994.971..1286.741 rows=47 loops=1)
  ->  Seq Scan on movie_keyword mk  (cost=0.00..81003.12 rows=246 width=4) (actual time=0.023..1256.798 rows=405 loops=1)
        Filter: (keyword_id = 3175)
        Rows Removed by Filter: 4523525
  ->  Index Scan using title_pkey on title t  (cost=0.43..8.40 rows=1 width=4) (actual time=0.072..0.072 rows=0 loops=405)
        Index Cond: (id = mk.movie_id)
        Filter: ((production_year < 2000) AND (kind_id = 7))
        Rows Removed by Filter: 1
Planning time: 0.766 ms
Execution time: 1286.857 ms
