Hash Join  (cost=83074.74..110002.76 rows=45 width=0) (actual time=1303.247..1848.298 rows=798 loops=1)
  Hash Cond: (mi_idx.movie_id = t.id)
  ->  Seq Scan on movie_info_idx mi_idx  (cost=0.00..25185.44 rows=464566 width=4) (actual time=0.015..477.005 rows=459925 loops=1)
        Filter: (info_type_id = 101)
        Rows Removed by Filter: 920110
  ->  Hash  (cost=83071.67..83071.67 rows=246 width=8) (actual time=1293.357..1293.357 rows=816 loops=1)
        Buckets: 1024  Batches: 1  Memory Usage: 40kB
        ->  Nested Loop  (cost=0.43..83071.67 rows=246 width=8) (actual time=0.838..1292.735 rows=816 loops=1)
              ->  Seq Scan on movie_keyword mk  (cost=0.00..81003.12 rows=246 width=4) (actual time=0.785..1250.820 rows=816 loops=1)
                    Filter: (keyword_id = 1936)
                    Rows Removed by Filter: 4523114
              ->  Index Only Scan using title_pkey on title t  (cost=0.43..8.40 rows=1 width=4) (actual time=0.049..0.050 rows=1 loops=816)
                    Index Cond: (id = mk.movie_id)
                    Heap Fetches: 816
Planning time: 0.856 ms
Execution time: 1848.626 ms
