Nested Loop  (cost=0.43..83072.29 rows=4 width=0) (actual time=87.198..1432.160 rows=114 loops=1)
  ->  Seq Scan on movie_keyword mk  (cost=0.00..81003.12 rows=246 width=4) (actual time=0.599..1272.935 rows=5252 loops=1)
        Filter: (keyword_id = 3311)
        Rows Removed by Filter: 4518678
  ->  Index Scan using title_pkey on title t  (cost=0.43..8.40 rows=1 width=4) (actual time=0.030..0.030 rows=0 loops=5252)
        Index Cond: (id = mk.movie_id)
        Filter: (production_year = 1995)
        Rows Removed by Filter: 1
Planning time: 0.748 ms
Execution time: 1432.371 ms
