Hash Join  (cost=95609.14..136346.83 rows=306564 width=0) (actual time=1792.512..3954.772 rows=291639 loops=1)
  Hash Cond: (mi_idx.movie_id = t.id)
  ->  Seq Scan on movie_info_idx mi_idx  (cost=0.00..25185.44 rows=454124 width=4) (actual time=0.026..472.905 rows=459925 loops=1)
        Filter: (info_type_id = 100)
        Rows Removed by Filter: 920110
  ->  Hash  (cost=67604.59..67604.59 rows=1706924 width=4) (actual time=1791.663..1791.663 rows=1700316 loops=1)
        Buckets: 131072  Batches: 32  Memory Usage: 2895kB
        ->  Seq Scan on title t  (cost=0.00..67604.59 rows=1706924 width=4) (actual time=0.018..1258.673 rows=1700316 loops=1)
              Filter: (production_year > 1992)
              Rows Removed by Filter: 827996
Planning time: 0.773 ms
Execution time: 3991.700 ms
