Hash Join  (cost=69687.24..490050.60 rows=306387 width=0) (actual time=1037.466..9241.283 rows=305051 loops=1)
  Hash Cond: (mi.movie_id = t.id)
  ->  Seq Scan on movie_info mi  (cost=0.00..346232.03 rows=6103325 width=4) (actual time=0.016..6025.849 rows=6083429 loops=1)
        Filter: (info_type_id > 9)
        Rows Removed by Filter: 8752291
  ->  Hash  (cost=67604.59..67604.59 rows=126932 width=4) (actual time=1035.930..1035.930 rows=122861 loops=1)
        Buckets: 131072  Batches: 2  Memory Usage: 3197kB
        ->  Seq Scan on title t  (cost=0.00..67604.59 rows=126932 width=4) (actual time=0.017..988.451 rows=122861 loops=1)
              Filter: (production_year = 2008)
              Rows Removed by Filter: 2405451
Planning time: 0.709 ms
Execution time: 9280.273 ms
