Hash Join  (cost=102767.86..192580.65 rows=914576 width=0) (actual time=1898.468..4646.520 rows=1101679 loops=1)
  Hash Cond: (mc.movie_id = t.id)
  ->  Seq Scan on movie_companies mc  (cost=0.00..57926.93 rows=914576 width=4) (actual time=75.905..1204.588 rows=1101679 loops=1)
        Filter: ((company_id > 1830) AND (company_type_id = 2))
        Rows Removed by Filter: 1507450
  ->  Hash  (cost=61283.27..61283.27 rows=2528527 width=4) (actual time=1821.314..1821.314 rows=2528312 loops=1)
        Buckets: 131072  Batches: 64  Memory Usage: 2415kB
        ->  Seq Scan on title t  (cost=0.00..61283.27 rows=2528527 width=4) (actual time=0.029..998.705 rows=2528312 loops=1)
Planning time: 0.724 ms
Execution time: 4789.165 ms
