Hash Join  (cost=71961.27..142751.88 rows=152742 width=0) (actual time=1131.876..3008.852 rows=356833 loops=1)
  Hash Cond: (mc.movie_id = t.id)
  ->  Seq Scan on movie_companies mc  (cost=0.00..51404.11 rows=1454687 width=4) (actual time=0.033..1040.832 rows=1458481 loops=1)
        Filter: (company_id > 8985)
        Rows Removed by Filter: 1150648
  ->  Hash  (cost=67604.59..67604.59 rows=265495 width=4) (actual time=1125.754..1125.754 rows=263594 loops=1)
        Buckets: 131072  Batches: 4  Memory Usage: 3340kB
        ->  Seq Scan on title t  (cost=0.00..67604.59 rows=265495 width=4) (actual time=0.024..1041.295 rows=263594 loops=1)
              Filter: (production_year < 1962)
              Rows Removed by Filter: 2264718
Planning time: 0.760 ms
Execution time: 3056.109 ms
