Hash Join  (cost=93341.87..170966.07 rows=622304 width=0) (actual time=2435.966..3788.137 rows=274231 loops=1)
  Hash Cond: (mc.movie_id = t.id)
  ->  Seq Scan on movie_companies mc  (cost=0.00..51404.11 rows=1329612 width=4) (actual time=0.039..1005.712 rows=1334883 loops=1)
        Filter: (company_type_id = 2)
        Rows Removed by Filter: 1274246
  ->  Hash  (cost=73925.90..73925.90 rows=1183437 width=4) (actual time=1807.150..1807.150 rows=1268635 loops=1)
        Buckets: 131072  Batches: 16  Memory Usage: 3823kB
        ->  Seq Scan on title t  (cost=0.00..73925.90 rows=1183437 width=4) (actual time=0.019..1406.082 rows=1268635 loops=1)
              Filter: ((production_year > 1980) AND (kind_id = 7))
              Rows Removed by Filter: 1259677
Planning time: 0.755 ms
Execution time: 3820.664 ms
