Seq Scan on movie_keyword mk  (cost=0.00..81003.12 rows=3831087 width=0) (actual time=0.024..1571.176 rows=3825591 loops=1)
  Filter: (keyword_id < 27003)
  Rows Removed by Filter: 698339
Planning time: 0.322 ms
Execution time: 2049.525 ms
