Hash Join  (cost=74458.52..129563.71 rows=43967 width=0) (actual time=1264.885..2630.866 rows=28558 loops=1)
  Hash Cond: (mc.movie_id = t.id)
  ->  Seq Scan on movie_companies mc  (cost=0.00..44881.29 rows=2609129 width=4) (actual time=0.006..646.684 rows=2609129 loops=1)
  ->  Hash  (cost=73925.90..73925.90 rows=42609 width=4) (actual time=1262.554..1262.554 rows=50164 loops=1)
        Buckets: 65536  Batches: 1  Memory Usage: 2276kB
        ->  Seq Scan on title t  (cost=0.00..73925.90 rows=42609 width=4) (actual time=0.011..1241.885 rows=50164 loops=1)
              Filter: ((kind_id > 2) AND (production_year = 2002))
              Rows Removed by Filter: 2478148
Planning time: 0.686 ms
Execution time: 2635.359 ms
