Seq Scan on movie_companies mc  (cost=0.00..57926.93 rows=394887 width=0) (actual time=155.158..935.879 rows=716130 loops=1)
  Filter: ((company_id > 32635) AND (company_type_id > 1))
  Rows Removed by Filter: 1892999
Planning time: 0.355 ms
Execution time: 1023.894 ms
