Seq Scan on movie_keyword mk  (cost=0.00..81003.12 rows=4173410 width=0) (actual time=0.013..1567.499 rows=4175642 loops=1)
  Filter: (keyword_id < 47802)
  Rows Removed by Filter: 348288
Planning time: 0.233 ms
Execution time: 2095.710 ms
