Seq Scan on cast_info ci  (cost=0.00..705507.15 rows=500 width=0) (actual time=2046.629..11017.133 rows=682 loops=1)
  Filter: (person_id = 959655)
  Rows Removed by Filter: 36243662
Planning time: 0.401 ms
Execution time: 11017.343 ms
