Hash Join  (cost=433282.17..1191140.60 rows=706926 width=0) (actual time=7407.997..26207.294 rows=577566 loops=1)
  Hash Cond: (ci.movie_id = t.id)
  ->  Seq Scan on cast_info ci  (cost=0.00..614943.12 rows=36225612 width=4) (actual time=0.021..8422.718 rows=36244344 loops=1)
  ->  Hash  (cost=432665.39..432665.39 rows=49343 width=8) (actual time=7406.199..7406.199 rows=41338 loops=1)
        Buckets: 65536  Batches: 1  Memory Usage: 2127kB
        ->  Hash Join  (cost=74434.21..432665.39 rows=49343 width=8) (actual time=2418.229..7386.596 rows=41338 loops=1)
              Hash Cond: (mi.movie_id = t.id)
              ->  Seq Scan on movie_info mi  (cost=0.00..346232.03 rows=3068194 width=4) (actual time=1305.263..5536.725 rows=3036719 loops=1)
                    Filter: (info_type_id = 16)
                    Rows Removed by Filter: 11799001
              ->  Hash  (cost=73925.90..73925.90 rows=40664 width=4) (actual time=1112.565..1112.565 rows=40257 loops=1)
                    Buckets: 65536  Batches: 1  Memory Usage: 1928kB
                    ->  Seq Scan on title t  (cost=0.00..73925.90 rows=40664 width=4) (actual time=0.031..1095.616 rows=40257 loops=1)
                          Filter: ((production_year > 2012) AND (kind_id = 7))
                          Rows Removed by Filter: 2488055
Planning time: 1.212 ms
Execution time: 26286.007 ms
