Seq Scan on title t  (cost=0.00..73925.90 rows=75501 width=0) (actual time=0.026..1516.912 rows=83429 loops=1)
  Filter: ((production_year > 1968) AND (kind_id = 2))
  Rows Removed by Filter: 2444883
Planning time: 0.452 ms
Execution time: 1529.106 ms
