Hash Join  (cost=83074.74..970525.26 rows=2370 width=0) (actual time=1344.189..21590.374 rows=63477 loops=1)
  Hash Cond: (ci.movie_id = t.id)
  ->  Seq Scan on cast_info ci  (cost=0.00..796071.18 rows=24361504 width=4) (actual time=0.021..16561.132 rows=23811449 loops=1)
        Filter: ((person_id > 796349) AND (role_id < 10))
        Rows Removed by Filter: 12432895
  ->  Hash  (cost=83071.67..83071.67 rows=246 width=8) (actual time=1343.717..1343.717 rows=2382 loops=1)
        Buckets: 4096 (originally 1024)  Batches: 1 (originally 1)  Memory Usage: 126kB
        ->  Nested Loop  (cost=0.43..83071.67 rows=246 width=8) (actual time=0.545..1342.148 rows=2382 loops=1)
              ->  Seq Scan on movie_keyword mk  (cost=0.00..81003.12 rows=246 width=4) (actual time=0.491..1260.488 rows=2382 loops=1)
                    Filter: (keyword_id = 927)
                    Rows Removed by Filter: 4521548
              ->  Index Only Scan using title_pkey on title t  (cost=0.43..8.40 rows=1 width=4) (actual time=0.033..0.033 rows=1 loops=2382)
                    Index Cond: (id = mk.movie_id)
                    Heap Fetches: 2382
Planning time: 1.249 ms
Execution time: 21603.741 ms
