Nested Loop  (cost=0.43..78531.56 rows=3566 width=0) (actual time=0.124..842.775 rows=3044 loops=1)
  ->  Seq Scan on movie_companies mc  (cost=0.00..51404.11 rows=3566 width=4) (actual time=0.068..758.922 rows=3044 loops=1)
        Filter: (company_id = 11156)
        Rows Removed by Filter: 2606085
  ->  Index Only Scan using title_pkey on title t  (cost=0.43..7.60 rows=1 width=4) (actual time=0.027..0.027 rows=1 loops=3044)
        Index Cond: (id = mc.movie_id)
        Heap Fetches: 3044
Planning time: 0.792 ms
Execution time: 843.643 ms
