Seq Scan on movie_keyword mk  (cost=0.00..81003.12 rows=3307878 width=0) (actual time=0.027..1514.462 rows=3301239 loops=1)
  Filter: (keyword_id > 1544)
  Rows Removed by Filter: 1222691
Planning time: 0.223 ms
Execution time: 1900.830 ms
