Nested Loop  (cost=0.43..83072.29 rows=184 width=0) (actual time=35.215..1353.310 rows=62 loops=1)
  ->  Seq Scan on movie_keyword mk  (cost=0.00..81003.12 rows=246 width=4) (actual time=11.993..1347.779 rows=101 loops=1)
        Filter: (keyword_id = 12008)
        Rows Removed by Filter: 4523829
  ->  Index Scan using title_pkey on title t  (cost=0.43..8.40 rows=1 width=4) (actual time=0.050..0.050 rows=1 loops=101)
        Index Cond: (id = mk.movie_id)
        Filter: (production_year > 1983)
        Rows Removed by Filter: 0
Planning time: 0.791 ms
Execution time: 1353.494 ms
