Hash Join  (cost=139597.14..1134375.39 rows=3060759 width=0) (actual time=3099.708..27143.593 rows=7699590 loops=1)
  Hash Cond: (ci.movie_id = t.id)
  ->  Seq Scan on cast_info ci  (cost=0.00..796071.18 rows=14356126 width=4) (actual time=0.013..15082.048 rows=12543755 loops=1)
        Filter: ((person_id > 1897617) AND (role_id < 9))
        Rows Removed by Filter: 23700589
  ->  Hash  (cost=130752.54..130752.54 rows=539088 width=8) (actual time=3098.694..3098.694 rows=954317 loops=1)
        Buckets: 131072 (originally 131072)  Batches: 16 (originally 8)  Memory Usage: 3354kB
        ->  Hash Join  (cost=83810.17..130752.54 rows=539088 width=8) (actual time=1396.511..2835.511 rows=954317 loops=1)
              Hash Cond: (mi_idx.movie_id = t.id)
              ->  Seq Scan on movie_info_idx mi_idx  (cost=0.00..21735.35 rows=1380035 width=4) (actual time=0.020..425.062 rows=1380035 loops=1)
              ->  Hash  (cost=67604.59..67604.59 rows=987727 width=4) (actual time=1395.599..1395.599 rows=985048 loops=1)
                    Buckets: 131072  Batches: 16  Memory Usage: 3188kB
                    ->  Seq Scan on title t  (cost=0.00..67604.59 rows=987727 width=4) (actual time=0.024..1087.102 rows=985048 loops=1)
                          Filter: (kind_id < 7)
                          Rows Removed by Filter: 1543264
Planning time: 1.125 ms
Execution time: 28013.371 ms
