Hash Join  (cost=102767.86..1070897.32 rows=6739956 width=0) (actual time=2584.997..25176.915 rows=7451973 loops=1)
  Hash Cond: (ci.movie_id = t.id)
  ->  Seq Scan on cast_info ci  (cost=0.00..796071.18 rows=6739956 width=4) (actual time=0.016..16671.714 rows=7451973 loops=1)
        Filter: ((person_id < 3528578) AND (role_id = 2))
        Rows Removed by Filter: 28792371
  ->  Hash  (cost=61283.27..61283.27 rows=2528527 width=4) (actual time=2583.838..2583.838 rows=2528312 loops=1)
        Buckets: 131072  Batches: 64  Memory Usage: 2415kB
        ->  Seq Scan on title t  (cost=0.00..61283.27 rows=2528527 width=4) (actual time=3.638..1295.928 rows=2528312 loops=1)
Planning time: 0.541 ms
Execution time: 25885.613 ms
