Hash Join  (cost=241576.65..1498578.37 rows=17319355 width=0) (actual time=6023.849..67249.577 rows=132655293 loops=1)
  Hash Cond: (ci.movie_id = t.id)
  ->  Seq Scan on cast_info ci  (cost=0.00..614943.12 rows=36225612 width=4) (actual time=0.037..13777.243 rows=36244344 loops=1)
  ->  Hash  (cost=221742.64..221742.64 rows=1208881 width=8) (actual time=6022.383..6022.383 rows=2215402 loops=1)
        Buckets: 131072 (originally 131072)  Batches: 32 (originally 16)  Memory Usage: 3726kB
        ->  Hash Join  (cost=85011.79..221742.64 rows=1208881 width=8) (actual time=1496.018..5450.665 rows=2215402 loops=1)
              Hash Cond: (mk.movie_id = t.id)
              ->  Seq Scan on movie_keyword mk  (cost=0.00..69693.30 rows=4523930 width=4) (actual time=0.011..1499.434 rows=4523930 loops=1)
              ->  Hash  (cost=73925.90..73925.90 rows=675671 width=4) (actual time=1495.238..1495.238 rows=576285 loops=1)
                    Buckets: 131072  Batches: 16  Memory Usage: 2295kB
                    ->  Seq Scan on title t  (cost=0.00..73925.90 rows=675671 width=4) (actual time=0.015..1306.415 rows=576285 loops=1)
                          Filter: ((kind_id < 7) AND (production_year > 1991))
                          Rows Removed by Filter: 1952027
Planning time: 0.947 ms
Execution time: 81490.122 ms
