Hash Join  (cost=485541.85..1362334.88 rows=2792487 width=0) (actual time=16627.072..29619.491 rows=957156 loops=1)
  Hash Cond: (ci.movie_id = t.id)
  ->  Seq Scan on cast_info ci  (cost=0.00..705507.15 rows=12203201 width=4) (actual time=6850.852..13944.569 rows=12113646 loops=1)
        Filter: (role_id > 3)
        Rows Removed by Filter: 24130698
  ->  Hash  (cost=476048.23..476048.23 rows=578609 width=8) (actual time=9774.250..9774.250 rows=87229 loops=1)
        Buckets: 131072  Batches: 8  Memory Usage: 1448kB
        ->  Hash Join  (cost=80549.28..476048.23 rows=578609 width=8) (actual time=2140.599..9745.439 rows=87229 loops=1)
              Hash Cond: (mi.movie_id = t.id)
              ->  Seq Scan on movie_info mi  (cost=0.00..346232.03 rows=3623957 width=4) (actual time=393.115..5637.614 rows=3624977 loops=1)
                    Filter: (info_type_id < 4)
                    Rows Removed by Filter: 11210743
              ->  Hash  (cost=73925.90..73925.90 rows=403710 width=4) (actual time=1746.644..1746.644 rows=434218 loops=1)
                    Buckets: 131072  Batches: 8  Memory Usage: 2941kB
                    ->  Seq Scan on title t  (cost=0.00..73925.90 rows=403710 width=4) (actual time=0.031..1028.290 rows=434218 loops=1)
                          Filter: ((production_year > 2008) AND (kind_id = 7))
                          Rows Removed by Filter: 2094094
Planning time: 1.142 ms
Execution time: 29729.946 ms
