Hash Join  (cost=67697.55..955707.41 rows=71549 width=0) (actual time=1161.163..23279.702 rows=117210 loops=1)
  Hash Cond: (ci.movie_id = t.id)
  ->  Seq Scan on cast_info ci  (cost=0.00..796071.18 rows=24326183 width=4) (actual time=0.028..16909.134 rows=23759888 loops=1)
        Filter: ((person_id > 800979) AND (role_id < 10))
        Rows Removed by Filter: 12484456
  ->  Hash  (cost=67604.59..67604.59 rows=7437 width=4) (actual time=1161.030..1161.030 rows=14235 loops=1)
        Buckets: 16384 (originally 8192)  Batches: 1 (originally 1)  Memory Usage: 629kB
        ->  Seq Scan on title t  (cost=0.00..67604.59 rows=7437 width=4) (actual time=0.038..1154.059 rows=14235 loops=1)
              Filter: (production_year = 1968)
              Rows Removed by Filter: 2514077
Planning time: 0.750 ms
Execution time: 23300.686 ms
