Hash Join  (cost=1287170.16..2488803.57 rows=53835926 width=0) (actual time=20487.768..49331.032 rows=59746673 loops=1)
  Hash Cond: (mi.movie_id = t.id)
  ->  Seq Scan on movie_info mi  (cost=0.00..309384.22 rows=14739122 width=4) (actual time=0.016..6431.981 rows=14835720 loops=1)
  ->  Hash  (cost=1135647.35..1135647.35 rows=9235665 width=8) (actual time=20485.791..20485.791 rows=4011162 loops=1)
        Buckets: 131072  Batches: 128  Memory Usage: 2309kB
        ->  Hash Join  (cost=104131.46..1135647.35 rows=9235665 width=8) (actual time=2278.359..19263.028 rows=4011162 loops=1)
              Hash Cond: (ci.movie_id = t.id)
              ->  Seq Scan on cast_info ci  (cost=0.00..796071.18 rows=10489011 width=4) (actual time=14.148..12488.613 rows=4485024 loops=1)
                    Filter: ((person_id < 1589231) AND (role_id > 1))
                    Rows Removed by Filter: 31759320
              ->  Hash  (cost=67604.59..67604.59 rows=2226390 width=4) (actual time=2096.779..2096.779 rows=2224569 loops=1)
                    Buckets: 131072  Batches: 32  Memory Usage: 3463kB
                    ->  Seq Scan on title t  (cost=0.00..67604.59 rows=2226390 width=4) (actual time=0.028..1377.839 rows=2224569 loops=1)
                          Filter: (production_year < 2012)
                          Rows Removed by Filter: 303743
Planning time: 1.228 ms
Execution time: 55589.412 ms
