Hash Join  (cost=52284.46..79212.10 rows=8 width=0) (actual time=878.000..1326.159 rows=276 loops=1)
  Hash Cond: (mi_idx.movie_id = t.id)
  ->  Seq Scan on movie_info_idx mi_idx  (cost=0.00..25185.44 rows=464566 width=4) (actual time=0.024..380.570 rows=459925 loops=1)
        Filter: (info_type_id = 101)
        Rows Removed by Filter: 920110
  ->  Hash  (cost=52283.95..52283.95 rows=41 width=8) (actual time=875.954..875.954 rows=403 loops=1)
        Buckets: 1024  Batches: 1  Memory Usage: 24kB
        ->  Nested Loop  (cost=0.43..52283.95 rows=41 width=8) (actual time=0.288..875.686 rows=403 loops=1)
              ->  Seq Scan on movie_companies mc  (cost=0.00..51404.11 rows=104 width=4) (actual time=0.238..834.802 rows=403 loops=1)
                    Filter: (company_id = 15192)
                    Rows Removed by Filter: 2608726
              ->  Index Scan using title_pkey on title t  (cost=0.43..8.45 rows=1 width=4) (actual time=0.100..0.100 rows=1 loops=403)
                    Index Cond: (id = mc.movie_id)
                    Filter: (kind_id < 7)
Planning time: 1.167 ms
Execution time: 1326.380 ms
