Seq Scan on movie_companies mc  (cost=0.00..51404.11 rows=104 width=0) (actual time=175.809..817.384 rows=59 loops=1)
  Filter: (company_id = 13702)
  Rows Removed by Filter: 2609070
Planning time: 0.336 ms
Execution time: 817.484 ms
