Hash Join  (cost=144955.58..221563.16 rows=247225 width=0) (actual time=3081.218..5011.729 rows=668179 loops=1)
  Hash Cond: (mc.movie_id = t.id)
  ->  Seq Scan on movie_companies mc  (cost=0.00..51404.11 rows=1851793 width=4) (actual time=0.031..925.664 rows=1846281 loops=1)
        Filter: (company_id < 35057)
        Rows Removed by Filter: 762848
  ->  Hash  (cost=139416.91..139416.91 rows=337573 width=8) (actual time=3080.037..3080.037 rows=325165 loops=1)
        Buckets: 131072  Batches: 8  Memory Usage: 2613kB
        ->  Hash Join  (cost=97725.07..139416.91 rows=337573 width=8) (actual time=1914.434..2994.068 rows=325165 loops=1)
              Hash Cond: (mi_idx.movie_id = t.id)
              ->  Seq Scan on movie_info_idx mi_idx  (cost=0.00..25185.44 rows=464934 width=4) (actual time=0.039..490.358 rows=460185 loops=1)
                    Filter: (info_type_id > 100)
                    Rows Removed by Filter: 919850
              ->  Hash  (cost=67604.59..67604.59 rows=1835879 width=4) (actual time=1913.513..1913.513 rows=1833367 loops=1)
                    Buckets: 131072  Batches: 32  Memory Usage: 3045kB
                    ->  Seq Scan on title t  (cost=0.00..67604.59 rows=1835879 width=4) (actual time=0.013..1333.682 rows=1833367 loops=1)
                          Filter: (production_year > 1986)
                          Rows Removed by Filter: 694945
Planning time: 1.204 ms
Execution time: 5088.796 ms
