Hash Join  (cost=457249.59..1301001.56 rows=146721 width=0) (actual time=12289.414..28462.365 rows=698233 loops=1)
  Hash Cond: (ci.movie_id = t.id)
  ->  Seq Scan on cast_info ci  (cost=0.00..796071.18 rows=6161810 width=4) (actual time=2997.911..16554.251 rows=7450676 loops=1)
        Filter: ((person_id > 536765) AND (role_id = 2))
        Rows Removed by Filter: 28793668
  ->  Hash  (cost=456496.99..456496.99 rows=60208 width=8) (actual time=9290.585..9290.585 rows=92367 loops=1)
        Buckets: 131072 (originally 65536)  Batches: 2 (originally 1)  Memory Usage: 3073kB
        ->  Hash Join  (cost=74126.72..456496.99 rows=60208 width=8) (actual time=1200.459..9247.507 rows=92367 loops=1)
              Hash Cond: (mi.movie_id = t.id)
              ->  Seq Scan on movie_info mi  (cost=0.00..346232.03 rows=9476311 width=4) (actual time=0.035..6339.562 rows=9565151 loops=1)
                    Filter: (info_type_id < 16)
                    Rows Removed by Filter: 5270569
              ->  Hash  (cost=73925.90..73925.90 rows=16065 width=4) (actual time=1200.115..1200.115 rows=9704 loops=1)
                    Buckets: 16384  Batches: 1  Memory Usage: 470kB
                    ->  Seq Scan on title t  (cost=0.00..73925.90 rows=16065 width=4) (actual time=0.026..1195.712 rows=9704 loops=1)
                          Filter: ((kind_id = 1) AND (production_year = 2002))
                          Rows Removed by Filter: 2518608
Planning time: 1.245 ms
Execution time: 28535.383 ms
