Hash Join  (cost=69687.24..167156.30 rows=66445 width=0) (actual time=1052.686..2927.840 rows=61499 loops=1)
  Hash Cond: (mk.movie_id = t.id)
  ->  Seq Scan on movie_keyword mk  (cost=0.00..81003.12 rows=1323597 width=4) (actual time=0.023..1431.932 rows=1339139 loops=1)
        Filter: (keyword_id > 12827)
        Rows Removed by Filter: 3184791
  ->  Hash  (cost=67604.59..67604.59 rows=126932 width=4) (actual time=1051.906..1051.906 rows=122861 loops=1)
        Buckets: 131072  Batches: 2  Memory Usage: 3197kB
        ->  Seq Scan on title t  (cost=0.00..67604.59 rows=126932 width=4) (actual time=0.021..1003.239 rows=122861 loops=1)
              Filter: (production_year = 2008)
              Rows Removed by Filter: 2405451
Planning time: 0.553 ms
Execution time: 2936.264 ms
