Hash Join  (cost=178987.26..677446.82 rows=1748163 width=0) (actual time=3514.000..16508.647 rows=1793642 loops=1)
  Hash Cond: (mi.movie_id = t.id)
  ->  Seq Scan on movie_info mi  (cost=0.00..309384.22 rows=14739122 width=4) (actual time=0.020..6281.312 rows=14835720 loops=1)
  ->  Hash  (cost=174066.50..174066.50 rows=299901 width=8) (actual time=3512.974..3512.974 rows=200848 loops=1)
        Buckets: 131072  Batches: 4  Memory Usage: 2989kB
        ->  Hash Join  (cost=100809.69..174066.50 rows=299901 width=8) (actual time=2504.182..3449.998 rows=200848 loops=1)
              Hash Cond: (mc.movie_id = t.id)
              ->  Seq Scan on movie_companies mc  (cost=0.00..57926.93 rows=462772 width=4) (actual time=448.830..899.602 rows=264036 loops=1)
                    Filter: ((company_id < 2978) AND (company_type_id = 2))
                    Rows Removed by Filter: 2345093
              ->  Hash  (cost=73925.90..73925.90 rows=1638623 width=4) (actual time=2054.498..2054.498 rows=1629839 loops=1)
                    Buckets: 131072  Batches: 32  Memory Usage: 2813kB
                    ->  Seq Scan on title t  (cost=0.00..73925.90 rows=1638623 width=4) (actual time=0.033..1502.616 rows=1629839 loops=1)
                          Filter: ((kind_id > 1) AND (production_year < 2012))
                          Rows Removed by Filter: 898473
Planning time: 1.184 ms
Execution time: 16737.146 ms
