Hash Join  (cost=217858.32..1393491.06 rows=14534352 width=0) (actual time=5505.233..41842.942 rows=23930766 loops=1)
  Hash Cond: (ci.movie_id = t.id)
  ->  Seq Scan on cast_info ci  (cost=0.00..705507.15 rows=27640020 width=4) (actual time=0.019..15634.278 rows=27660542 loops=1)
        Filter: (person_id < 2829615)
        Rows Removed by Filter: 8583802
  ->  Hash  (cost=196044.17..196044.17 rows=1329612 width=8) (actual time=5504.520..5504.520 rows=1334883 loops=1)
        Buckets: 131072  Batches: 32  Memory Usage: 2639kB
        ->  Hash Join  (cost=102767.86..196044.17 rows=1329612 width=8) (actual time=2224.049..4845.560 rows=1334883 loops=1)
              Hash Cond: (mc.movie_id = t.id)
              ->  Seq Scan on movie_companies mc  (cost=0.00..51404.11 rows=1329612 width=4) (actual time=0.018..1073.130 rows=1334883 loops=1)
                    Filter: (company_type_id > 1)
                    Rows Removed by Filter: 1274246
              ->  Hash  (cost=61283.27..61283.27 rows=2528527 width=4) (actual time=2222.459..2222.459 rows=2528312 loops=1)
                    Buckets: 131072  Batches: 64  Memory Usage: 2415kB
                    ->  Seq Scan on title t  (cost=0.00..61283.27 rows=2528527 width=4) (actual time=0.018..1158.388 rows=2528312 loops=1)
Planning time: 0.733 ms
Execution time: 44444.834 ms
