Hash Join  (cost=83074.17..447738.90 rows=882 width=0) (actual time=1033.569..7637.095 rows=9254 loops=1)
  Hash Cond: (mi.movie_id = t.id)
  ->  Seq Scan on movie_info mi  (cost=0.00..309384.22 rows=14739122 width=4) (actual time=0.008..3971.436 rows=14835720 loops=1)
  ->  Hash  (cost=83072.29..83072.29 rows=151 width=8) (actual time=1032.065..1032.065 rows=93 loops=1)
        Buckets: 1024  Batches: 1  Memory Usage: 12kB
        ->  Nested Loop  (cost=0.43..83072.29 rows=151 width=8) (actual time=14.506..1031.942 rows=93 loops=1)
              ->  Seq Scan on movie_keyword mk  (cost=0.00..81003.12 rows=246 width=4) (actual time=14.415..1026.952 rows=127 loops=1)
                    Filter: (keyword_id = 11800)
                    Rows Removed by Filter: 4523803
              ->  Index Scan using title_pkey on title t  (cost=0.43..8.40 rows=1 width=4) (actual time=0.035..0.036 rows=1 loops=127)
                    Index Cond: (id = mk.movie_id)
                    Filter: (production_year < 2007)
                    Rows Removed by Filter: 0
Planning time: 1.214 ms
Execution time: 7638.954 ms
