Hash Join  (cost=129915.89..951416.99 rows=98640 width=0) (actual time=9337.810..15903.626 rows=423 loops=1)
  Hash Cond: (ci.movie_id = t.id)
  ->  Seq Scan on cast_info ci  (cost=0.00..796071.18 rows=6518272 width=4) (actual time=6794.423..13351.655 rows=42124 loops=1)
        Filter: ((person_id > 1735238) AND (role_id = 1))
        Rows Removed by Filter: 36202220
  ->  Hash  (cost=129437.59..129437.59 rows=38264 width=8) (actual time=2542.333..2542.333 rows=13210 loops=1)
        Buckets: 65536  Batches: 1  Memory Usage: 1029kB
        ->  Hash Join  (cost=74389.43..129437.59 rows=38264 width=8) (actual time=1217.888..2536.691 rows=13210 loops=1)
              Hash Cond: (mc.movie_id = t.id)
              ->  Seq Scan on movie_companies mc  (cost=0.00..44881.29 rows=2609129 width=4) (actual time=0.027..611.797 rows=2609129 loops=1)
              ->  Hash  (cost=73925.90..73925.90 rows=37082 width=4) (actual time=1217.526..1217.526 rows=41935 loops=1)
                    Buckets: 65536  Batches: 1  Memory Usage: 1987kB
                    ->  Seq Scan on title t  (cost=0.00..73925.90 rows=37082 width=4) (actual time=0.033..1199.645 rows=41935 loops=1)
                          Filter: ((kind_id = 7) AND (production_year = 2002))
                          Rows Removed by Filter: 2486377
Planning time: 1.365 ms
Execution time: 15903.985 ms
