Hash Join  (cost=107376.84..162268.41 rows=22604 width=0) (actual time=2136.892..3552.936 rows=235720 loops=1)
  Hash Cond: (mc.movie_id = t.id)
  ->  Seq Scan on movie_companies mc  (cost=0.00..44881.29 rows=2609129 width=4) (actual time=0.020..600.676 rows=2609129 loops=1)
  ->  Hash  (cost=107103.02..107103.02 rows=21906 width=8) (actual time=2136.640..2136.640 rows=64258 loops=1)
        Buckets: 65536 (originally 32768)  Batches: 1 (originally 1)  Memory Usage: 3023kB
        ->  Hash Join  (cost=75897.85..107103.02 rows=21906 width=8) (actual time=1341.718..2111.495 rows=64258 loops=1)
              Hash Cond: (mi_idx.movie_id = t.id)
              ->  Seq Scan on movie_info_idx mi_idx  (cost=0.00..25185.44 rows=460978 width=4) (actual time=0.017..462.258 rows=459925 loops=1)
                    Filter: (info_type_id < 100)
                    Rows Removed by Filter: 920110
              ->  Hash  (cost=73925.90..73925.90 rows=120156 width=4) (actual time=1340.935..1340.935 rows=252581 loops=1)
                    Buckets: 131072 (originally 131072)  Batches: 4 (originally 2)  Memory Usage: 3246kB
                    ->  Seq Scan on title t  (cost=0.00..73925.90 rows=120156 width=4) (actual time=0.024..1246.188 rows=252581 loops=1)
                          Filter: ((kind_id < 2) AND (production_year < 1976))
                          Rows Removed by Filter: 2275731
Planning time: 1.377 ms
Execution time: 3583.672 ms
