Seq Scan on cast_info ci  (cost=0.00..796071.18 rows=176 width=0) (actual time=8663.623..10845.705 rows=3 loops=1)
  Filter: ((person_id = 499296) AND (role_id = 1))
  Rows Removed by Filter: 36244341
Planning time: 2.205 ms
Execution time: 10845.827 ms
