Hash Join  (cost=73930.97..438610.51 rows=2361 width=0) (actual time=1489.905..7968.316 rows=207 loops=1)
  Hash Cond: (mi.movie_id = t.id)
  ->  Seq Scan on movie_info mi  (cost=0.00..309384.22 rows=14739122 width=4) (actual time=0.017..4174.282 rows=14835720 loops=1)
  ->  Hash  (cost=73925.90..73925.90 rows=405 width=4) (actual time=1096.718..1096.718 rows=145 loops=1)
        Buckets: 1024  Batches: 1  Memory Usage: 14kB
        ->  Seq Scan on title t  (cost=0.00..73925.90 rows=405 width=4) (actual time=94.073..1096.533 rows=145 loops=1)
              Filter: ((kind_id > 4) AND (production_year > 2013))
              Rows Removed by Filter: 2528167
Planning time: 0.781 ms
Execution time: 7968.521 ms
