Hash Join  (cost=69460.45..189689.83 rows=144455 width=0) (actual time=928.857..3661.901 rows=130973 loops=1)
  Hash Cond: (mk.movie_id = t.id)
  ->  Seq Scan on movie_keyword mk  (cost=0.00..81003.12 rows=3229254 width=4) (actual time=0.020..1677.209 rows=3216388 loops=1)
        Filter: (keyword_id < 13441)
        Rows Removed by Filter: 1307542
  ->  Hash  (cost=67604.59..67604.59 rows=113109 width=4) (actual time=928.064..928.064 rows=119565 loops=1)
        Buckets: 131072  Batches: 2  Memory Usage: 3121kB
        ->  Seq Scan on title t  (cost=0.00..67604.59 rows=113109 width=4) (actual time=0.023..881.772 rows=119565 loops=1)
              Filter: (production_year = 2007)
              Rows Removed by Filter: 2408747
Planning time: 0.702 ms
Execution time: 3679.468 ms
