Hash Join  (cost=52284.99..406294.97 rows=85 width=0) (actual time=2627.400..6555.151 rows=27 loops=1)
  Hash Cond: (mi.movie_id = t.id)
  ->  Seq Scan on movie_info mi  (cost=0.00..346232.03 rows=2073893 width=4) (actual time=1613.080..5503.387 rows=2091068 loops=1)
        Filter: (info_type_id < 3)
        Rows Removed by Filter: 12744652
  ->  Hash  (cost=52283.69..52283.69 rows=104 width=8) (actual time=754.731..754.731 rows=11 loops=1)
        Buckets: 1024  Batches: 1  Memory Usage: 9kB
        ->  Nested Loop  (cost=0.43..52283.69 rows=104 width=8) (actual time=0.767..754.706 rows=11 loops=1)
              ->  Seq Scan on movie_companies mc  (cost=0.00..51404.11 rows=104 width=4) (actual time=0.703..754.156 rows=11 loops=1)
                    Filter: (company_id = 61486)
                    Rows Removed by Filter: 2609118
              ->  Index Only Scan using title_pkey on title t  (cost=0.43..8.45 rows=1 width=4) (actual time=0.042..0.043 rows=1 loops=11)
                    Index Cond: (id = mc.movie_id)
                    Heap Fetches: 11
Planning time: 1.364 ms
Execution time: 6555.289 ms
