Hash Join  (cost=83192.60..126174.56 rows=308247 width=0) (actual time=1385.207..2484.870 rows=484623 loops=1)
  Hash Cond: (mi_idx.movie_id = t.id)
  ->  Seq Scan on movie_info_idx mi_idx  (cost=0.00..21735.35 rows=1380035 width=4) (actual time=0.024..439.432 rows=1380035 loops=1)
  ->  Hash  (cost=73925.90..73925.90 rows=564776 width=4) (actual time=1266.743..1266.743 rows=442767 loops=1)
        Buckets: 131072  Batches: 8  Memory Usage: 2984kB
        ->  Seq Scan on title t  (cost=0.00..73925.90 rows=564776 width=4) (actual time=16.579..1121.392 rows=442767 loops=1)
              Filter: ((kind_id < 2) AND (production_year > 1966))
              Rows Removed by Filter: 2085545
Planning time: 0.789 ms
Execution time: 2542.503 ms
