Hash Join  (cost=79147.78..164508.84 rows=321111 width=0) (actual time=1281.210..3503.356 rows=212878 loops=1)
  Hash Cond: (mc.movie_id = t.id)
  ->  Seq Scan on movie_companies mc  (cost=0.00..51404.11 rows=2551422 width=4) (actual time=0.013..1079.272 rows=2552499 loops=1)
        Filter: (company_id < 186322)
        Rows Removed by Filter: 56630
  ->  Hash  (cost=73925.90..73925.90 rows=318230 width=4) (actual time=1280.149..1280.149 rows=179738 loops=1)
        Buckets: 131072  Batches: 8  Memory Usage: 1812kB
        ->  Seq Scan on title t  (cost=0.00..73925.90 rows=318230 width=4) (actual time=0.028..1212.627 rows=179738 loops=1)
              Filter: ((kind_id > 1) AND (production_year < 1974))
              Rows Removed by Filter: 2348574
Planning time: 0.770 ms
Execution time: 3527.557 ms
