Hash Join  (cost=208328.38..605003.11 rows=1131998 width=0) (actual time=6382.802..13735.028 rows=2781963 loops=1)
  Hash Cond: (mi.movie_id = t.id)
  ->  Seq Scan on movie_info mi  (cost=0.00..346232.03 rows=3068194 width=4) (actual time=904.085..5929.706 rows=3036719 loops=1)
        Filter: (info_type_id = 16)
        Rows Removed by Filter: 11799001
  ->  Hash  (cost=193022.26..193022.26 rows=932890 width=8) (actual time=5477.532..5477.532 rows=1105651 loops=1)
        Buckets: 131072  Batches: 16  Memory Usage: 3733kB
        ->  Hash Join  (cost=102767.86..193022.26 rows=932890 width=8) (actual time=2682.619..5154.458 rows=1105651 loops=1)
              Hash Cond: (mc.movie_id = t.id)
              ->  Seq Scan on movie_companies mc  (cost=0.00..57926.93 rows=932890 width=4) (actual time=0.023..1092.130 rows=1105651 loops=1)
                    Filter: ((company_id > 1621) AND (company_type_id > 1))
                    Rows Removed by Filter: 1503478
              ->  Hash  (cost=61283.27..61283.27 rows=2528527 width=4) (actual time=2468.100..2468.100 rows=2528312 loops=1)
                    Buckets: 131072  Batches: 64  Memory Usage: 2415kB
                    ->  Seq Scan on title t  (cost=0.00..61283.27 rows=2528527 width=4) (actual time=0.019..1045.567 rows=2528312 loops=1)
Planning time: 1.165 ms
Execution time: 14047.558 ms
