Seq Scan on cast_info ci  (cost=0.00..705507.15 rows=12382555 width=0) (actual time=0.016..11915.615 rows=12300904 loops=1)
  Filter: (person_id < 1212285)
  Rows Removed by Filter: 23943440
Planning time: 8.769 ms
Execution time: 13470.554 ms
