Hash Join  (cost=100930.24..187603.17 rows=1490 width=0) (actual time=2206.403..3619.105 rows=3234 loops=1)
  Hash Cond: (mk.movie_id = t.id)
  ->  Seq Scan on movie_keyword mk  (cost=0.00..69693.30 rows=4523930 width=4) (actual time=0.020..1025.996 rows=4523930 loops=1)
  ->  Hash  (cost=100919.82..100919.82 rows=833 width=8) (actual time=1819.674..1819.674 rows=990 loops=1)
        Buckets: 1024  Batches: 1  Memory Usage: 47kB
        ->  Hash Join  (cost=73982.55..100919.82 rows=833 width=8) (actual time=1252.412..1819.198 rows=990 loops=1)
              Hash Cond: (mi_idx.movie_id = t.id)
              ->  Seq Scan on movie_info_idx mi_idx  (cost=0.00..25185.44 rows=464934 width=4) (actual time=0.017..467.245 rows=460185 loops=1)
                    Filter: (info_type_id > 100)
                    Rows Removed by Filter: 919850
              ->  Hash  (cost=73925.90..73925.90 rows=4532 width=4) (actual time=1250.998..1250.998 rows=7822 loops=1)
                    Buckets: 8192  Batches: 1  Memory Usage: 339kB
                    ->  Seq Scan on title t  (cost=0.00..73925.90 rows=4532 width=4) (actual time=0.075..1247.236 rows=7822 loops=1)
                          Filter: ((kind_id = 7) AND (production_year = 1974))
                          Rows Removed by Filter: 2520490
Planning time: 4.237 ms
Execution time: 3619.570 ms
