Hash Join  (cost=67697.55..432786.99 rows=43351 width=0) (actual time=1123.937..8562.140 rows=30270 loops=1)
  Hash Cond: (mi.movie_id = t.id)
  ->  Seq Scan on movie_info mi  (cost=0.00..309384.22 rows=14739122 width=4) (actual time=0.012..4486.347 rows=14835720 loops=1)
  ->  Hash  (cost=67604.59..67604.59 rows=7437 width=4) (actual time=1123.814..1123.814 rows=2786 loops=1)
        Buckets: 8192  Batches: 1  Memory Usage: 162kB
        ->  Seq Scan on title t  (cost=0.00..67604.59 rows=7437 width=4) (actual time=133.695..1122.323 rows=2786 loops=1)
              Filter: (production_year = 1925)
              Rows Removed by Filter: 2525526
Planning time: 0.750 ms
Execution time: 8567.980 ms
