Seq Scan on title t  (cost=0.00..73925.90 rows=644333 width=0) (actual time=0.012..1102.758 rows=544419 loops=1)
  Filter: ((kind_id < 7) AND (production_year > 1994))
  Rows Removed by Filter: 1983893
Planning time: 0.341 ms
Execution time: 1176.066 ms
