Hash Join  (cost=510035.48..1410019.46 rows=2987677 width=0) (actual time=16904.797..33035.608 rows=7534847 loops=1)
  Hash Cond: (ci.movie_id = t.id)
  ->  Seq Scan on cast_info ci  (cost=0.00..796071.18 rows=5976008 width=4) (actual time=7681.632..15438.715 rows=12169545 loops=1)
        Filter: ((person_id < 1669170) AND (role_id = 1))
        Rows Removed by Filter: 24074799
  ->  Hash  (cost=489295.91..489295.91 rows=1264125 width=8) (actual time=9222.291..9222.291 rows=1288928 loops=1)
        Buckets: 131072  Batches: 32  Memory Usage: 2584kB
        ->  Hash Join  (cost=102767.86..489295.91 rows=1264125 width=8) (actual time=4477.382..8873.554 rows=1288928 loops=1)
              Hash Cond: (mi.movie_id = t.id)
              ->  Seq Scan on movie_info mi  (cost=0.00..346232.03 rows=1264125 width=4) (actual time=2320.786..5265.455 rows=1288928 loops=1)
                    Filter: (info_type_id = 2)
                    Rows Removed by Filter: 13546792
              ->  Hash  (cost=61283.27..61283.27 rows=2528527 width=4) (actual time=2155.336..2155.336 rows=2528312 loops=1)
                    Buckets: 131072  Batches: 64  Memory Usage: 2425kB
                    ->  Seq Scan on title t  (cost=0.00..61283.27 rows=2528527 width=4) (actual time=0.007..1255.749 rows=2528312 loops=1)
Planning time: 1.208 ms
Execution time: 33910.504 ms
