Hash Join  (cost=94009.45..143032.09 rows=582470 width=0) (actual time=1813.341..3250.263 rows=540240 loops=1)
  Hash Cond: (mi_idx.movie_id = t.id)
  ->  Seq Scan on movie_info_idx mi_idx  (cost=0.00..25185.44 rows=915101 width=4) (actual time=0.015..544.031 rows=919850 loops=1)
        Filter: (info_type_id < 101)
        Rows Removed by Filter: 460185
  ->  Hash  (cost=67604.59..67604.59 rows=1609429 width=4) (actual time=1812.139..1812.139 rows=1607077 loops=1)
        Buckets: 131072  Batches: 32  Memory Usage: 2791kB
        ->  Seq Scan on title t  (cost=0.00..67604.59 rows=1609429 width=4) (actual time=0.012..1302.726 rows=1607077 loops=1)
              Filter: (production_year > 1995)
              Rows Removed by Filter: 921235
Planning time: 4.770 ms
Execution time: 3316.376 ms
