Hash Join  (cost=83810.17..904772.86 rows=2818118 width=0) (actual time=1738.347..18938.309 rows=3008822 loops=1)
  Hash Cond: (ci.movie_id = t.id)
  ->  Seq Scan on cast_info ci  (cost=0.00..705507.15 rows=7214227 width=4) (actual time=141.044..12526.857 rows=7158283 loops=1)
        Filter: (person_id < 692035)
        Rows Removed by Filter: 29086061
  ->  Hash  (cost=67604.59..67604.59 rows=987727 width=4) (actual time=1596.422..1596.422 rows=985048 loops=1)
        Buckets: 131072  Batches: 16  Memory Usage: 3188kB
        ->  Seq Scan on title t  (cost=0.00..67604.59 rows=987727 width=4) (actual time=0.020..1283.352 rows=985048 loops=1)
              Filter: (kind_id < 7)
              Rows Removed by Filter: 1543264
Planning time: 0.807 ms
Execution time: 19298.502 ms
