Hash Join  (cost=168459.79..536118.18 rows=300248 width=0) (actual time=3982.959..10998.730 rows=144410 loops=1)
  Hash Cond: (mi.movie_id = t.id)
  ->  Seq Scan on movie_info mi  (cost=0.00..309384.22 rows=14739122 width=4) (actual time=0.024..4387.813 rows=14835720 loops=1)
  ->  Hash  (cost=167815.93..167815.93 rows=51508 width=8) (actual time=3483.758..3483.758 rows=14151 loops=1)
        Buckets: 65536  Batches: 1  Memory Usage: 1065kB
        ->  Hash Join  (cost=74440.79..167815.93 rows=51508 width=8) (actual time=2574.687..3478.448 rows=14151 loops=1)
              Hash Cond: (mk.movie_id = t.id)
              ->  Seq Scan on movie_keyword mk  (cost=0.00..81003.12 rows=3161850 width=4) (actual time=0.016..1626.994 rows=3145598 loops=1)
                    Filter: (keyword_id < 12109)
                    Rows Removed by Filter: 1378332
              ->  Hash  (cost=73925.90..73925.90 rows=41191 width=4) (actual time=1344.006..1344.006 rows=43851 loops=1)
                    Buckets: 65536  Batches: 1  Memory Usage: 2054kB
                    ->  Seq Scan on title t  (cost=0.00..73925.90 rows=41191 width=4) (actual time=296.781..1325.908 rows=43851 loops=1)
                          Filter: ((kind_id = 7) AND (production_year = 2003))
                          Rows Removed by Filter: 2484461
Planning time: 4.942 ms
Execution time: 11016.275 ms
