Hash Join  (cost=195378.47..238811.04 rows=334509 width=0) (actual time=4278.053..5980.638 rows=1573017 loops=1)
  Hash Cond: (mi_idx.movie_id = t.id)
  ->  Seq Scan on movie_info_idx mi_idx  (cost=0.00..21735.35 rows=1380035 width=4) (actual time=0.028..526.512 rows=1380035 loops=1)
  ->  Hash  (cost=185322.30..185322.30 rows=612893 width=8) (actual time=4277.201..4277.201 rows=836247 loops=1)
        Buckets: 131072  Batches: 16  Memory Usage: 3041kB
        ->  Hash Join  (cost=102767.86..185322.30 rows=612893 width=8) (actual time=1907.760..4039.974 rows=836247 loops=1)
              Hash Cond: (mc.movie_id = t.id)
              ->  Seq Scan on movie_companies mc  (cost=0.00..57926.93 rows=612893 width=4) (actual time=0.017..1057.618 rows=836247 loops=1)
                    Filter: ((company_id < 11147) AND (company_type_id < 2))
                    Rows Removed by Filter: 1772882
              ->  Hash  (cost=61283.27..61283.27 rows=2528527 width=4) (actual time=1905.585..1905.585 rows=2528312 loops=1)
                    Buckets: 131072  Batches: 64  Memory Usage: 2415kB
                    ->  Seq Scan on title t  (cost=0.00..61283.27 rows=2528527 width=4) (actual time=0.013..1076.010 rows=2528312 loops=1)
Planning time: 1.121 ms
Execution time: 6167.657 ms
