Seq Scan on movie_companies mc  (cost=0.00..51404.11 rows=104 width=0) (actual time=256.957..771.854 rows=84 loops=1)
  Filter: (company_id = 79789)
  Rows Removed by Filter: 2609045
Planning time: 0.240 ms
Execution time: 771.934 ms
