Hash Join  (cost=210126.39..359618.66 rows=2256323 width=0) (actual time=4875.355..8415.448 rows=898377 loops=1)
  Hash Cond: (mk.movie_id = t.id)
  ->  Seq Scan on movie_keyword mk  (cost=0.00..69693.30 rows=4523930 width=4) (actual time=0.019..1492.369 rows=4523930 loops=1)
  ->  Hash  (cost=189435.52..189435.52 rows=1261110 width=8) (actual time=4347.313..4347.313 rows=410293 loops=1)
        Buckets: 131072  Batches: 32  Memory Usage: 1516kB
        ->  Hash Join  (cost=92883.59..189435.52 rows=1261110 width=8) (actual time=1979.225..4229.258 rows=410293 loops=1)
              Hash Cond: (mc.movie_id = t.id)
              ->  Seq Scan on movie_companies mc  (cost=0.00..51404.11 rows=2069543 width=4) (actual time=0.015..1139.657 rows=2070506 loops=1)
                    Filter: (company_id > 525)
                    Rows Removed by Filter: 538623
              ->  Hash  (cost=67604.59..67604.59 rows=1540800 width=4) (actual time=1707.943..1707.943 rows=1543264 loops=1)
                    Buckets: 131072  Batches: 32  Memory Usage: 2722kB
                    ->  Seq Scan on title t  (cost=0.00..67604.59 rows=1540800 width=4) (actual time=0.010..1221.435 rows=1543264 loops=1)
                          Filter: (kind_id = 7)
                          Rows Removed by Filter: 985048
Planning time: 1.285 ms
Execution time: 8519.216 ms
