Hash Join  (cost=189632.99..1332653.11 rows=8865610 width=0) (actual time=7189.592..43192.696 rows=29790285 loops=1)
  Hash Cond: (ci.movie_id = t.id)
  ->  Seq Scan on cast_info ci  (cost=0.00..796071.18 rows=21994356 width=4) (actual time=1511.760..17207.447 rows=21328002 loops=1)
        Filter: ((person_id > 814760) AND (role_id < 8))
        Rows Removed by Filter: 14916342
  ->  Hash  (cost=172910.83..172910.83 rows=1019213 width=8) (actual time=5676.407..5676.407 rows=1891821 loops=1)
        Buckets: 131072 (originally 131072)  Batches: 32 (originally 16)  Memory Usage: 3321kB
        ->  Hash Join  (cost=83810.17..172910.83 rows=1019213 width=8) (actual time=1422.605..5087.454 rows=1891821 loops=1)
              Hash Cond: (mc.movie_id = t.id)
              ->  Seq Scan on movie_companies mc  (cost=0.00..44881.29 rows=2609129 width=4) (actual time=0.023..891.839 rows=2609129 loops=1)
              ->  Hash  (cost=67604.59..67604.59 rows=987727 width=4) (actual time=1421.554..1421.554 rows=985048 loops=1)
                    Buckets: 131072  Batches: 16  Memory Usage: 3188kB
                    ->  Seq Scan on title t  (cost=0.00..67604.59 rows=987727 width=4) (actual time=0.020..1108.969 rows=985048 loops=1)
                          Filter: (kind_id < 7)
                          Rows Removed by Filter: 1543264
Planning time: 2.176 ms
Execution time: 46266.881 ms
