Seq Scan on movie_keyword mk  (cost=0.00..81003.12 rows=246 width=0) (actual time=1.224..1290.900 rows=977 loops=1)
  Filter: (keyword_id = 15084)
  Rows Removed by Filter: 4522953
Planning time: 0.389 ms
Execution time: 1291.347 ms
