Seq Scan on movie_keyword mk  (cost=0.00..81003.12 rows=1505839 width=0) (actual time=0.026..1445.424 rows=1524391 loops=1)
  Filter: (keyword_id > 10540)
  Rows Removed by Filter: 2999539
Planning time: 0.345 ms
Execution time: 1642.497 ms
