Seq Scan on cast_info ci  (cost=0.00..705507.15 rows=726020 width=0) (actual time=1078.290..10592.808 rows=613005 loops=1)
  Filter: (person_id < 65840)
  Rows Removed by Filter: 35631339
Planning time: 0.365 ms
Execution time: 10668.800 ms
