Nested Loop  (cost=0.43..83072.29 rows=14 width=0) (actual time=5.223..1376.558 rows=83 loops=1)
  ->  Seq Scan on movie_keyword mk  (cost=0.00..81003.12 rows=246 width=4) (actual time=0.339..1344.537 rows=1119 loops=1)
        Filter: (keyword_id = 5265)
        Rows Removed by Filter: 4522811
  ->  Index Scan using title_pkey on title t  (cost=0.43..8.40 rows=1 width=4) (actual time=0.027..0.027 rows=0 loops=1119)
        Index Cond: (id = mk.movie_id)
        Filter: (production_year = 2010)
        Rows Removed by Filter: 1
Planning time: 0.810 ms
Execution time: 1376.764 ms
