Hash Join  (cost=259042.50..1584118.95 rows=23946130 width=0) (actual time=7845.451..91424.958 rows=192274762 loops=1)
  Hash Cond: (ci.movie_id = t.id)
  ->  Seq Scan on cast_info ci  (cost=0.00..614943.12 rows=36225612 width=4) (actual time=0.014..14166.218 rows=36244344 loops=1)
  ->  Hash  (cost=231619.68..231619.68 rows=1671426 width=8) (actual time=7844.614..7844.614 rows=3829069 loops=1)
        Buckets: 131072 (originally 131072)  Batches: 64 (originally 32)  Memory Usage: 3408kB
        ->  Hash Join  (cost=89253.38..231619.68 rows=1671426 width=8) (actual time=2340.591..6801.310 rows=3829069 loops=1)
              Hash Cond: (mk.movie_id = t.id)
              ->  Seq Scan on movie_keyword mk  (cost=0.00..69693.30 rows=4523930 width=4) (actual time=0.012..1446.277 rows=4523930 loops=1)
              ->  Hash  (cost=73925.90..73925.90 rows=934198 width=4) (actual time=2339.398..2339.398 rows=950693 loops=1)
                    Buckets: 131072  Batches: 16  Memory Usage: 3123kB
                    ->  Seq Scan on title t  (cost=0.00..73925.90 rows=934198 width=4) (actual time=0.017..1303.430 rows=950693 loops=1)
                          Filter: ((kind_id < 7) AND (production_year < 2013))
                          Rows Removed by Filter: 1577619
Planning time: 1.185 ms
Execution time: 112022.806 ms
