Hash Join  (cost=83075.01..137742.78 rows=225 width=0) (actual time=1271.433..2196.532 rows=3726 loops=1)
  Hash Cond: (mc.movie_id = t.id)
  ->  Seq Scan on movie_companies mc  (cost=0.00..44881.29 rows=2609129 width=4) (actual time=0.016..494.227 rows=2609129 loops=1)
  ->  Hash  (cost=83072.29..83072.29 rows=218 width=8) (actual time=1263.823..1263.823 rows=786 loops=1)
        Buckets: 1024  Batches: 1  Memory Usage: 39kB
        ->  Nested Loop  (cost=0.43..83072.29 rows=218 width=8) (actual time=0.187..1263.237 rows=786 loops=1)
              ->  Seq Scan on movie_keyword mk  (cost=0.00..81003.12 rows=246 width=4) (actual time=0.151..1218.414 rows=1442 loops=1)
                    Filter: (keyword_id = 837)
                    Rows Removed by Filter: 4522488
              ->  Index Scan using title_pkey on title t  (cost=0.43..8.40 rows=1 width=4) (actual time=0.030..0.030 rows=1 loops=1442)
                    Index Cond: (id = mk.movie_id)
                    Filter: (production_year > 1957)
                    Rows Removed by Filter: 0
Planning time: 1.125 ms
Execution time: 2197.223 ms
