Hash Join  (cost=95642.13..872752.17 rows=91403 width=0) (actual time=1609.598..18000.701 rows=83689 loops=1)
  Hash Cond: (ci.movie_id = t.id)
  ->  Seq Scan on cast_info ci  (cost=0.00..705507.15 rows=18850373 width=4) (actual time=0.017..12670.799 rows=18740294 loops=1)
        Filter: (person_id < 1867925)
        Rows Removed by Filter: 17504050
  ->  Hash  (cost=95488.88..95488.88 rows=12260 width=8) (actual time=1609.197..1609.197 rows=4937 loops=1)
        Buckets: 16384  Batches: 1  Memory Usage: 321kB
        ->  Hash Join  (cost=68438.72..95488.88 rows=12260 width=8) (actual time=995.813..1606.544 rows=4937 loops=1)
              Hash Cond: (mi_idx.movie_id = t.id)
              ->  Seq Scan on movie_info_idx mi_idx  (cost=0.00..25185.44 rows=464566 width=4) (actual time=0.012..460.810 rows=459925 loops=1)
                    Filter: (info_type_id = 101)
                    Rows Removed by Filter: 920110
              ->  Hash  (cost=67604.59..67604.59 rows=66731 width=4) (actual time=995.157..995.157 rows=67342 loops=1)
                    Buckets: 131072  Batches: 1  Memory Usage: 3392kB
                    ->  Seq Scan on title t  (cost=0.00..67604.59 rows=66731 width=4) (actual time=0.010..968.271 rows=67342 loops=1)
                          Filter: (production_year > 2012)
                          Rows Removed by Filter: 2460970
Planning time: 1.132 ms
Execution time: 18016.705 ms
