Seq Scan on movie_keyword mk  (cost=0.00..81003.12 rows=3045259 width=0) (actual time=0.015..1490.912 rows=3033363 loops=1)
  Filter: (keyword_id < 10921)
  Rows Removed by Filter: 1490567
Planning time: 0.313 ms
Execution time: 1865.337 ms
