Hash Join  (cost=160872.73..570921.48 rows=49057 width=0) (actual time=3133.323..12141.281 rows=258176 loops=1)
  Hash Cond: (mi.movie_id = t.id)
  ->  Seq Scan on movie_info mi  (cost=0.00..346232.03 rows=12665229 width=4) (actual time=0.016..6761.008 rows=12744652 loops=1)
        Filter: (info_type_id > 2)
        Rows Removed by Filter: 2091068
  ->  Hash  (cost=160750.31..160750.31 rows=9794 width=8) (actual time=3132.971..3132.971 rows=19157 loops=1)
        Buckets: 32768 (originally 16384)  Batches: 1 (originally 1)  Memory Usage: 1005kB
        ->  Hash Join  (cost=73994.33..160750.31 rows=9794 width=8) (actual time=1227.555..3125.834 rows=19157 loops=1)
              Hash Cond: (mk.movie_id = t.id)
              ->  Seq Scan on movie_keyword mk  (cost=0.00..69693.30 rows=4523930 width=4) (actual time=0.018..1063.545 rows=4523930 loops=1)
              ->  Hash  (cost=73925.90..73925.90 rows=5474 width=4) (actual time=1222.836..1222.836 rows=13598 loops=1)
                    Buckets: 16384 (originally 8192)  Batches: 1 (originally 1)  Memory Usage: 607kB
                    ->  Seq Scan on title t  (cost=0.00..73925.90 rows=5474 width=4) (actual time=0.656..1216.253 rows=13598 loops=1)
                          Filter: ((kind_id > 1) AND (production_year = 1985))
                          Rows Removed by Filter: 2514714
Planning time: 1.186 ms
Execution time: 12175.094 ms
