Seq Scan on movie_keyword mk  (cost=0.00..81003.12 rows=246 width=0) (actual time=57.893..1289.756 rows=30 loops=1)
  Filter: (keyword_id = 21557)
  Rows Removed by Filter: 4523900
Planning time: 0.372 ms
Execution time: 1289.889 ms
