Seq Scan on cast_info ci  (cost=0.00..796071.18 rows=7784975 width=0) (actual time=3049.444..14438.144 rows=12670688 loops=1)
  Filter: ((person_id < 2240165) AND (role_id = 1))
  Rows Removed by Filter: 23573656
Planning time: 0.376 ms
Execution time: 16015.140 ms
