Seq Scan on cast_info ci  (cost=0.00..796071.18 rows=101 width=0) (actual time=9887.955..10865.000 rows=10 loops=1)
  Filter: ((person_id = 2671814) AND (role_id = 2))
  Rows Removed by Filter: 36244334
Planning time: 0.412 ms
Execution time: 10865.110 ms
