Seq Scan on movie_keyword mk  (cost=0.00..81003.12 rows=246 width=0) (actual time=0.737..1332.443 rows=495 loops=1)
  Filter: (keyword_id = 1707)
  Rows Removed by Filter: 4523435
Planning time: 0.326 ms
Execution time: 1332.752 ms
