Nested Loop  (cost=0.43..796925.64 rows=39 width=0) (actual time=9518.464..10595.060 rows=55 loops=1)
  ->  Seq Scan on cast_info ci  (cost=0.00..796071.18 rows=101 width=4) (actual time=9518.365..10593.104 rows=109 loops=1)
        Filter: ((person_id = 2656918) AND (role_id = 2))
        Rows Removed by Filter: 36244235
  ->  Index Scan using title_pkey on title t  (cost=0.43..8.45 rows=1 width=4) (actual time=0.017..0.017 rows=1 loops=109)
        Index Cond: (id = ci.movie_id)
        Filter: (kind_id < 7)
        Rows Removed by Filter: 0
Planning time: 0.550 ms
Execution time: 10595.160 ms
