Seq Scan on movie_keyword mk  (cost=0.00..81003.12 rows=4703 width=0) (actual time=793.238..1260.362 rows=3610 loops=1)
  Filter: (keyword_id > 130770)
  Rows Removed by Filter: 4520320
Planning time: 0.383 ms
Execution time: 1260.946 ms
