Hash Join  (cost=203099.32..713140.43 rows=1106928 width=0) (actual time=5725.934..26889.504 rows=36864358 loops=1)
  Hash Cond: (mi.movie_id = t.id)
  ->  Seq Scan on movie_info mi  (cost=0.00..309384.22 rows=14739122 width=4) (actual time=0.022..6221.562 rows=14835720 loops=1)
  ->  Hash  (cost=199983.61..199983.61 rows=189896 width=8) (actual time=5533.737..5533.737 rows=896388 loops=1)
        Buckets: 131072 (originally 131072)  Batches: 16 (originally 4)  Memory Usage: 3333kB
        ->  Hash Join  (cost=75667.62..199983.61 rows=189896 width=8) (actual time=1240.019..5271.859 rows=896388 loops=1)
              Hash Cond: (mk.movie_id = t.id)
              ->  Seq Scan on movie_keyword mk  (cost=0.00..69693.30 rows=4523930 width=4) (actual time=0.011..1468.164 rows=4523930 loops=1)
              ->  Hash  (cost=73925.90..73925.90 rows=106137 width=4) (actual time=1239.179..1239.179 rows=235647 loops=1)
                    Buckets: 131072 (originally 131072)  Batches: 4 (originally 2)  Memory Usage: 3102kB
                    ->  Seq Scan on title t  (cost=0.00..73925.90 rows=106137 width=4) (actual time=482.680..1153.597 rows=235647 loops=1)
                          Filter: ((production_year < 1972) AND (kind_id = 1))
                          Rows Removed by Filter: 2292665
Planning time: 1.307 ms
Execution time: 31001.647 ms
