Seq Scan on movie_companies mc  (cost=0.00..51404.11 rows=385607 width=0) (actual time=0.020..811.124 rows=390256 loops=1)
  Filter: (company_id > 83236)
  Rows Removed by Filter: 2218873
Planning time: 0.213 ms
Execution time: 861.911 ms
