Seq Scan on cast_info ci  (cost=0.00..705507.15 rows=17146310 width=0) (actual time=4075.684..12554.766 rows=17274414 loops=1)
  Filter: (person_id > 1892620)
  Rows Removed by Filter: 18969930
Planning time: 0.357 ms
Execution time: 14704.114 ms
