Hash Join  (cost=128478.61..1149110.63 rows=3476029 width=0) (actual time=5490.391..35696.628 rows=11839404 loops=1)
  Hash Cond: (ci.movie_id = t.id)
  ->  Seq Scan on cast_info ci  (cost=0.00..705507.15 rows=24124427 width=4) (actual time=1909.719..14760.744 rows=24232967 loops=1)
        Filter: (person_id > 1182872)
        Rows Removed by Filter: 12011377
  ->  Hash  (cost=122500.50..122500.50 rows=364329 width=8) (actual time=3579.694..3579.694 rows=629900 loops=1)
        Buckets: 131072 (originally 131072)  Batches: 16 (originally 8)  Memory Usage: 3073kB
        ->  Hash Join  (cost=78556.72..122500.50 rows=364329 width=8) (actual time=1221.293..3284.012 rows=629900 loops=1)
              Hash Cond: (mi_idx.movie_id = t.id)
              ->  Seq Scan on movie_info_idx mi_idx  (cost=0.00..21735.35 rows=1380035 width=4) (actual time=0.038..411.962 rows=1380035 loops=1)
              ->  Hash  (cost=67604.59..67604.59 rows=667531 width=4) (actual time=1219.925..1219.925 rows=662825 loops=1)
                    Buckets: 131072  Batches: 16  Memory Usage: 2476kB
                    ->  Seq Scan on title t  (cost=0.00..67604.59 rows=667531 width=4) (actual time=0.251..1020.745 rows=662825 loops=1)
                          Filter: (kind_id = 1)
                          Rows Removed by Filter: 1865487
Planning time: 1.469 ms
Execution time: 37062.096 ms
