Seq Scan on movie_keyword mk  (cost=0.00..81003.12 rows=3173240 width=0) (actual time=0.020..1558.103 rows=3161782 loops=1)
  Filter: (keyword_id < 12320)
  Rows Removed by Filter: 1362148
Planning time: 0.295 ms
Execution time: 1949.520 ms
