Hash Join  (cost=215666.61..258944.25 rows=325516 width=0) (actual time=5095.876..6578.685 rows=1446961 loops=1)
  Hash Cond: (mi_idx.movie_id = t.id)
  ->  Seq Scan on movie_info_idx mi_idx  (cost=0.00..21735.35 rows=1380035 width=4) (actual time=0.027..397.093 rows=1380035 loops=1)
  ->  Hash  (cost=205881.39..205881.39 rows=596417 width=8) (actual time=5094.900..5094.900 rows=680513 loops=1)
        Buckets: 131072 (originally 131072)  Batches: 16 (originally 8)  Memory Usage: 3073kB
        ->  Hash Join  (cost=101489.21..205881.39 rows=596417 width=8) (actual time=2014.947..4900.594 rows=680513 loops=1)
              Hash Cond: (mk.movie_id = t.id)
              ->  Seq Scan on movie_keyword mk  (cost=0.00..81003.12 rows=730177 width=4) (actual time=0.031..1238.263 rows=725769 loops=1)
                    Filter: (keyword_id < 648)
                    Rows Removed by Filter: 3798161
              ->  Hash  (cost=67604.59..67604.59 rows=2065330 width=4) (actual time=2014.026..2014.026 rows=2064552 loops=1)
                    Buckets: 131072  Batches: 32  Memory Usage: 3298kB
                    ->  Seq Scan on title t  (cost=0.00..67604.59 rows=2065330 width=4) (actual time=1.437..1335.686 rows=2064552 loops=1)
                          Filter: (production_year < 2011)
                          Rows Removed by Filter: 463760
Planning time: 5.128 ms
Execution time: 6751.267 ms
