Hash Join  (cost=168618.66..208014.96 rows=99281 width=0) (actual time=3389.878..4478.237 rows=296449 loops=1)
  Hash Cond: (mi_idx.movie_id = t.id)
  ->  Seq Scan on movie_info_idx mi_idx  (cost=0.00..21735.35 rows=1380035 width=4) (actual time=0.012..426.912 rows=1380035 loops=1)
  ->  Hash  (cost=165633.86..165633.86 rows=181904 width=8) (actual time=3389.246..3389.246 rows=208677 loops=1)
        Buckets: 131072  Batches: 4  Memory Usage: 3068kB
        ->  Hash Join  (cost=101489.21..165633.86 rows=181904 width=8) (actual time=1988.800..3327.734 rows=208677 loops=1)
              Hash Cond: (mc.movie_id = t.id)
              ->  Seq Scan on movie_companies mc  (cost=0.00..51404.11 rows=222700 width=4) (actual time=0.021..806.187 rows=222351 loops=1)
                    Filter: (company_id < 78)
                    Rows Removed by Filter: 2386778
              ->  Hash  (cost=67604.59..67604.59 rows=2065330 width=4) (actual time=1987.434..1987.434 rows=2064552 loops=1)
                    Buckets: 131072  Batches: 32  Memory Usage: 3289kB
                    ->  Seq Scan on title t  (cost=0.00..67604.59 rows=2065330 width=4) (actual time=0.016..1330.698 rows=2064552 loops=1)
                          Filter: (production_year < 2011)
                          Rows Removed by Filter: 463760
Planning time: 0.781 ms
Execution time: 4516.664 ms
