Hash Join  (cost=476742.54..628220.04 rows=562682 width=0) (actual time=12329.288..17032.534 rows=5848848 loops=1)
  Hash Cond: (mk.movie_id = t.id)
  ->  Seq Scan on movie_keyword mk  (cost=0.00..69693.30 rows=4523930 width=4) (actual time=0.012..1470.629 rows=4523930 loops=1)
  ->  Hash  (cost=471582.34..471582.34 rows=314496 width=8) (actual time=12327.098..12327.098 rows=439092 loops=1)
        Buckets: 131072  Batches: 8  Memory Usage: 3200kB
        ->  Hash Join  (cost=74710.74..471582.34 rows=314496 width=8) (actual time=1175.213..11524.114 rows=439092 loops=1)
              Hash Cond: (mi.movie_id = t.id)
              ->  Seq Scan on movie_info mi  (cost=0.00..346232.03 rows=12665229 width=4) (actual time=0.026..7077.755 rows=12744652 loops=1)
                    Filter: (info_type_id > 2)
                    Rows Removed by Filter: 2091068
              ->  Hash  (cost=73925.90..73925.90 rows=62787 width=4) (actual time=1174.843..1174.843 rows=53770 loops=1)
                    Buckets: 65536  Batches: 1  Memory Usage: 2403kB
                    ->  Seq Scan on title t  (cost=0.00..73925.90 rows=62787 width=4) (actual time=0.078..1155.407 rows=53770 loops=1)
                          Filter: ((kind_id < 7) AND (production_year = 2011))
                          Rows Removed by Filter: 2474542
Planning time: 1.299 ms
Execution time: 17727.300 ms
