Hash Join  (cost=521607.22..1524490.94 rows=6496928 width=0) (actual time=11991.689..34958.416 rows=8892209 loops=1)
  Hash Cond: (ci.movie_id = t.id)
  ->  Seq Scan on cast_info ci  (cost=0.00..796071.18 rows=10598052 width=4) (actual time=2090.374..16875.647 rows=11173691 loops=1)
        Filter: ((person_id > 451519) AND (role_id > 3))
        Rows Removed by Filter: 25070653
  ->  Hash  (cost=496176.42..496176.42 rows=1550064 width=8) (actual time=9899.922..9899.922 rows=1533909 loops=1)
        Buckets: 131072  Batches: 32  Memory Usage: 2883kB
        ->  Hash Join  (cost=102767.86..496176.42 rows=1550064 width=8) (actual time=3522.321..9446.480 rows=1533909 loops=1)
              Hash Cond: (mi.movie_id = t.id)
              ->  Seq Scan on movie_info mi  (cost=0.00..346232.03 rows=1550064 width=4) (actual time=1474.370..5753.767 rows=1533909 loops=1)
                    Filter: (info_type_id = 3)
                    Rows Removed by Filter: 13301811
              ->  Hash  (cost=61283.27..61283.27 rows=2528527 width=4) (actual time=2046.901..2046.901 rows=2528312 loops=1)
                    Buckets: 131072  Batches: 64  Memory Usage: 2425kB
                    ->  Seq Scan on title t  (cost=0.00..61283.27 rows=2528527 width=4) (actual time=0.025..1194.973 rows=2528312 loops=1)
Planning time: 1.210 ms
Execution time: 35946.630 ms
