Seq Scan on movie_companies mc  (cost=0.00..57926.93 rows=943982 width=0) (actual time=0.021..1053.350 rows=629400 loops=1)
  Filter: ((company_id < 35157) AND (company_type_id > 1))
  Rows Removed by Filter: 1979729
Planning time: 1.948 ms
Execution time: 1125.908 ms
