Hash Join  (cost=150654.28..990747.20 rows=672529 width=0) (actual time=5202.997..17783.352 rows=738970 loops=1)
  Hash Cond: (ci.movie_id = t.id)
  ->  Seq Scan on cast_info ci  (cost=0.00..796071.18 rows=3036388 width=4) (actual time=1353.334..12187.978 rows=1883738 loops=1)
        Filter: ((person_id < 649493) AND (role_id > 2))
        Rows Removed by Filter: 34360606
  ->  Hash  (cost=141465.74..141465.74 rows=560043 width=8) (actual time=3845.689..3845.689 rows=283812 loops=1)
        Buckets: 131072  Batches: 8  Memory Usage: 2409kB
        ->  Hash Join  (cost=92883.59..141465.74 rows=560043 width=8) (actual time=2196.712..3761.991 rows=283812 loops=1)
              Hash Cond: (mi_idx.movie_id = t.id)
              ->  Seq Scan on movie_info_idx mi_idx  (cost=0.00..25185.44 rows=919057 width=4) (actual time=0.021..540.796 rows=920110 loops=1)
                    Filter: (info_type_id > 99)
                    Rows Removed by Filter: 459925
              ->  Hash  (cost=67604.59..67604.59 rows=1540800 width=4) (actual time=1764.290..1764.290 rows=1543264 loops=1)
                    Buckets: 131072  Batches: 32  Memory Usage: 2722kB
                    ->  Seq Scan on title t  (cost=0.00..67604.59 rows=1540800 width=4) (actual time=0.073..1271.862 rows=1543264 loops=1)
                          Filter: (kind_id = 7)
                          Rows Removed by Filter: 985048
Planning time: 1.292 ms
Execution time: 17862.331 ms
