Hash Join  (cost=286602.30..1213614.88 rows=5059897 width=0) (actual time=9899.724..31753.125 rows=31890527 loops=1)
  Hash Cond: (ci.movie_id = t.id)
  ->  Seq Scan on cast_info ci  (cost=0.00..796071.18 rows=5570285 width=4) (actual time=3031.571..14154.726 rows=7428059 loops=1)
        Filter: ((person_id > 1461115) AND (role_id > 4))
        Rows Removed by Filter: 28816285
  ->  Hash  (cost=248918.73..248918.73 rows=2296846 width=8) (actual time=6866.803..6866.803 rows=2301231 loops=1)
        Buckets: 131072  Batches: 32  Memory Usage: 3815kB
        ->  Hash Join  (cost=102767.86..248918.73 rows=2296846 width=8) (actual time=1846.296..6200.204 rows=2301231 loops=1)
              Hash Cond: (mk.movie_id = t.id)
              ->  Seq Scan on movie_keyword mk  (cost=0.00..81003.12 rows=2296846 width=4) (actual time=0.032..1708.367 rows=2301231 loops=1)
                    Filter: (keyword_id > 4543)
                    Rows Removed by Filter: 2222699
              ->  Hash  (cost=61283.27..61283.27 rows=2528527 width=4) (actual time=1844.227..1844.227 rows=2528312 loops=1)
                    Buckets: 131072  Batches: 64  Memory Usage: 2425kB
                    ->  Seq Scan on title t  (cost=0.00..61283.27 rows=2528527 width=4) (actual time=0.015..990.671 rows=2528312 loops=1)
Planning time: 1.067 ms
Execution time: 35019.895 ms
