Seq Scan on movie_companies mc  (cost=0.00..57926.93 rows=53 width=0) (actual time=78.501..1092.838 rows=1 loops=1)
  Filter: ((company_type_id > 1) AND (company_id = 200630))
  Rows Removed by Filter: 2609128
Planning time: 0.393 ms
Execution time: 1092.933 ms
