Hash Join  (cost=79303.65..177709.29 rows=286572 width=0) (actual time=1512.734..3672.952 rows=392650 loops=1)
  Hash Cond: (mk.movie_id = t.id)
  ->  Seq Scan on movie_keyword mk  (cost=0.00..81003.12 rows=1016212 width=4) (actual time=0.012..1442.623 rows=1020820 loops=1)
        Filter: (keyword_id < 994)
        Rows Removed by Filter: 3503110
  ->  Hash  (cost=67604.59..67604.59 rows=713045 width=4) (actual time=1511.295..1511.295 rows=707186 loops=1)
        Buckets: 131072  Batches: 16  Memory Usage: 2584kB
        ->  Seq Scan on title t  (cost=0.00..67604.59 rows=713045 width=4) (actual time=0.016..1277.044 rows=707186 loops=1)
              Filter: (production_year < 1991)
              Rows Removed by Filter: 1821126
Planning time: 0.743 ms
Execution time: 3721.310 ms
