Hash Join  (cost=460214.35..547526.11 rows=65372 width=0) (actual time=7514.992..10007.218 rows=2613859 loops=1)
  Hash Cond: (mk.movie_id = t.id)
  ->  Seq Scan on movie_keyword mk  (cost=0.00..69693.30 rows=4523930 width=4) (actual time=0.032..1030.152 rows=4523930 loops=1)
  ->  Hash  (cost=459757.62..459757.62 rows=36538 width=8) (actual time=7514.583..7514.583 rows=32053 loops=1)
        Buckets: 65536  Batches: 1  Memory Usage: 1765kB
        ->  Hash Join  (cost=102767.86..459757.62 rows=36538 width=8) (actual time=5494.743..7505.325 rows=32053 loops=1)
              Hash Cond: (mi.movie_id = t.id)
              ->  Seq Scan on movie_info mi  (cost=0.00..346232.03 rows=36538 width=4) (actual time=3410.104..5040.307 rows=32053 loops=1)
                    Filter: (info_type_id > 108)
                    Rows Removed by Filter: 14803667
              ->  Hash  (cost=61283.27..61283.27 rows=2528527 width=4) (actual time=2047.997..2047.997 rows=2528312 loops=1)
                    Buckets: 131072  Batches: 64  Memory Usage: 2425kB
                    ->  Seq Scan on title t  (cost=0.00..61283.27 rows=2528527 width=4) (actual time=0.032..1208.945 rows=2528312 loops=1)
Planning time: 1.089 ms
Execution time: 10330.778 ms
