Seq Scan on movie_keyword mk  (cost=0.00..81003.12 rows=246 width=0) (actual time=5.124..1178.920 rows=399 loops=1)
  Filter: (keyword_id = 17854)
  Rows Removed by Filter: 4523531
Planning time: 0.363 ms
Execution time: 1179.178 ms
