Hash Join  (cost=102767.86..237924.79 rows=1839988 width=0) (actual time=1931.677..5220.945 rows=1848441 loops=1)
  Hash Cond: (mk.movie_id = t.id)
  ->  Seq Scan on movie_keyword mk  (cost=0.00..81003.12 rows=1839988 width=4) (actual time=0.013..1539.123 rows=1848441 loops=1)
        Filter: (keyword_id < 3074)
        Rows Removed by Filter: 2675489
  ->  Hash  (cost=61283.27..61283.27 rows=2528527 width=4) (actual time=1928.779..1928.779 rows=2528312 loops=1)
        Buckets: 131072  Batches: 64  Memory Usage: 2425kB
        ->  Seq Scan on title t  (cost=0.00..61283.27 rows=2528527 width=4) (actual time=0.022..1057.199 rows=2528312 loops=1)
Planning time: 0.765 ms
Execution time: 5435.327 ms
