Seq Scan on cast_info ci  (cost=0.00..705507.15 rows=12364972 width=0) (actual time=2743.509..12169.057 rows=12464087 loops=1)
  Filter: (person_id > 2437686)
  Rows Removed by Filter: 23780257
Planning time: 0.349 ms
Execution time: 13700.521 ms
