Hash Join  (cost=83072.96..111690.05 rows=2 width=0) (actual time=1551.305..1853.142 rows=8 loops=1)
  Hash Cond: (mi_idx.movie_id = t.id)
  ->  Seq Scan on movie_info_idx mi_idx  (cost=0.00..25185.44 rows=915101 width=4) (actual time=0.017..447.900 rows=919850 loops=1)
        Filter: (info_type_id < 101)
        Rows Removed by Filter: 460185
  ->  Hash  (cost=83072.90..83072.90 rows=5 width=8) (actual time=1289.999..1289.999 rows=4 loops=1)
        Buckets: 1024  Batches: 1  Memory Usage: 9kB
        ->  Nested Loop  (cost=0.43..83072.90 rows=5 width=8) (actual time=207.834..1289.984 rows=4 loops=1)
              ->  Seq Scan on movie_keyword mk  (cost=0.00..81003.12 rows=246 width=4) (actual time=0.815..1268.097 rows=340 loops=1)
                    Filter: (keyword_id = 2878)
                    Rows Removed by Filter: 4523590
              ->  Index Scan using title_pkey on title t  (cost=0.43..8.40 rows=1 width=4) (actual time=0.062..0.062 rows=0 loops=340)
                    Index Cond: (id = mk.movie_id)
                    Filter: ((kind_id < 4) AND (production_year = 2012))
                    Rows Removed by Filter: 1
Planning time: 1.204 ms
Execution time: 1853.305 ms
