Seq Scan on cast_info ci  (cost=0.00..705507.15 rows=29951005 width=0) (actual time=0.014..12686.990 rows=29890852 loops=1)
  Filter: (person_id < 3018323)
  Rows Removed by Filter: 6353492
Planning time: 0.356 ms
Execution time: 16231.627 ms
