Hash Join  (cost=100932.65..162089.56 rows=2176 width=0) (actual time=1718.394..3221.073 rows=16008 loops=1)
  Hash Cond: (mc.movie_id = t.id)
  ->  Seq Scan on movie_companies mc  (cost=0.00..51404.11 rows=2594944 width=4) (actual time=0.019..1106.776 rows=2596073 loops=1)
        Filter: (company_id < 222632)
        Rows Removed by Filter: 13056
  ->  Hash  (cost=100906.15..100906.15 rows=2120 width=8) (actual time=1698.527..1698.527 rows=5337 loops=1)
        Buckets: 8192 (originally 4096)  Batches: 1 (originally 1)  Memory Usage: 273kB
        ->  Hash Join  (cost=73974.47..100906.15 rows=2120 width=8) (actual time=1101.118..1696.397 rows=5337 loops=1)
              Hash Cond: (mi_idx.movie_id = t.id)
              ->  Seq Scan on movie_info_idx mi_idx  (cost=0.00..21735.35 rows=1380035 width=4) (actual time=0.012..319.002 rows=1380035 loops=1)
              ->  Hash  (cost=73925.90..73925.90 rows=3885 width=4) (actual time=1099.812..1099.812 rows=3892 loops=1)
                    Buckets: 4096  Batches: 1  Memory Usage: 169kB
                    ->  Seq Scan on title t  (cost=0.00..73925.90 rows=3885 width=4) (actual time=514.279..1097.974 rows=3892 loops=1)
                          Filter: ((kind_id = 3) AND (production_year = 2005))
                          Rows Removed by Filter: 2524420
Planning time: 1.311 ms
Execution time: 3223.620 ms
