Hash Join  (cost=102767.86..190475.14 rows=827098 width=0) (actual time=1839.954..4370.005 rows=1039788 loops=1)
  Hash Cond: (mc.movie_id = t.id)
  ->  Seq Scan on movie_companies mc  (cost=0.00..57926.93 rows=827098 width=4) (actual time=0.025..1178.276 rows=1039788 loops=1)
        Filter: ((company_id > 4538) AND (company_type_id > 1))
        Rows Removed by Filter: 1569341
  ->  Hash  (cost=61283.27..61283.27 rows=2528527 width=4) (actual time=1837.644..1837.644 rows=2528312 loops=1)
        Buckets: 131072  Batches: 64  Memory Usage: 2415kB
        ->  Seq Scan on title t  (cost=0.00..61283.27 rows=2528527 width=4) (actual time=0.019..996.340 rows=2528312 loops=1)
Planning time: 0.813 ms
Execution time: 4496.236 ms
