Hash Join  (cost=75240.21..507738.70 rows=229222 width=0) (actual time=2590.083..11146.257 rows=1630382 loops=1)
  Hash Cond: (mi.movie_id = t.id)
  ->  Seq Scan on movie_info mi  (cost=0.00..346232.03 rows=7235534 width=4) (actual time=1225.048..6357.367 rows=7286865 loops=1)
        Filter: (info_type_id < 8)
        Rows Removed by Filter: 7548855
  ->  Hash  (cost=73925.90..73925.90 rows=80104 width=4) (actual time=1275.991..1275.991 rows=205999 loops=1)
        Buckets: 131072 (originally 131072)  Batches: 4 (originally 2)  Memory Usage: 3073kB
        ->  Seq Scan on title t  (cost=0.00..73925.90 rows=80104 width=4) (actual time=0.033..1195.670 rows=205999 loops=1)
              Filter: ((production_year < 1965) AND (kind_id = 1))
              Rows Removed by Filter: 2322313
Planning time: 4.815 ms
Execution time: 11338.920 ms
