Hash Join  (cost=128057.44..618573.38 rows=1003699 width=0) (actual time=2598.828..17841.971 rows=5762359 loops=1)
  Hash Cond: (mi.movie_id = t.id)
  ->  Seq Scan on movie_info mi  (cost=0.00..309384.22 rows=14739122 width=4) (actual time=0.021..5795.128 rows=14835720 loops=1)
  ->  Hash  (cost=125232.10..125232.10 rows=172187 width=8) (actual time=2598.010..2598.010 rows=313708 loops=1)
        Buckets: 131072 (originally 131072)  Batches: 8 (originally 4)  Memory Usage: 3073kB
        ->  Hash Join  (cost=89289.29..125232.10 rows=172187 width=8) (actual time=1499.286..2491.473 rows=313708 loops=1)
              Hash Cond: (mi_idx.movie_id = t.id)
              ->  Seq Scan on movie_info_idx mi_idx  (cost=0.00..25185.44 rows=464934 width=4) (actual time=0.017..495.428 rows=460185 loops=1)
                    Filter: (info_type_id > 100)
                    Rows Removed by Filter: 919850
              ->  Hash  (cost=73925.90..73925.90 rows=936431 width=4) (actual time=1498.247..1498.247 rows=910262 loops=1)
                    Buckets: 131072  Batches: 16  Memory Usage: 3024kB
                    ->  Seq Scan on title t  (cost=0.00..73925.90 rows=936431 width=4) (actual time=0.017..1215.955 rows=910262 loops=1)
                          Filter: ((kind_id < 7) AND (production_year > 1915))
                          Rows Removed by Filter: 1618050
Planning time: 1.439 ms
Execution time: 18455.837 ms
