Hash Join  (cost=222961.63..267437.05 rows=395294 width=0) (actual time=4875.536..6398.133 rows=1680716 loops=1)
  Hash Cond: (mi_idx.movie_id = t.id)
  ->  Seq Scan on movie_info_idx mi_idx  (cost=0.00..21735.35 rows=1380035 width=4) (actual time=0.022..452.792 rows=1380035 loops=1)
  ->  Hash  (cost=211078.30..211078.30 rows=724266 width=8) (actual time=4874.213..4874.213 rows=729334 loops=1)
        Buckets: 131072  Batches: 16  Memory Usage: 2841kB
        ->  Hash Join  (cost=102767.86..211078.30 rows=724266 width=8) (actual time=1907.654..4670.517 rows=729334 loops=1)
              Hash Cond: (mk.movie_id = t.id)
              ->  Seq Scan on movie_keyword mk  (cost=0.00..81003.12 rows=724266 width=4) (actual time=0.024..1492.138 rows=729334 loops=1)
                    Filter: (keyword_id > 25730)
                    Rows Removed by Filter: 3794596
              ->  Hash  (cost=61283.27..61283.27 rows=2528527 width=4) (actual time=1904.791..1904.791 rows=2528312 loops=1)
                    Buckets: 131072  Batches: 64  Memory Usage: 2425kB
                    ->  Seq Scan on title t  (cost=0.00..61283.27 rows=2528527 width=4) (actual time=0.015..1071.654 rows=2528312 loops=1)
Planning time: 1.127 ms
Execution time: 6578.381 ms
