Seq Scan on movie_keyword mk  (cost=0.00..81003.12 rows=1448561 width=0) (actual time=0.016..1417.119 rows=1464550 loops=1)
  Filter: (keyword_id < 2084)
  Rows Removed by Filter: 3059380
Planning time: 0.231 ms
Execution time: 1601.568 ms
