Seq Scan on movie_keyword mk  (cost=0.00..81003.12 rows=2389107 width=0) (actual time=0.025..1313.929 rows=2384932 loops=1)
  Filter: (keyword_id > 3987)
  Rows Removed by Filter: 2138998
Planning time: 0.323 ms
Execution time: 1558.918 ms
