Hash Join  (cost=209548.43..1336611.43 rows=4670388 width=0) (actual time=4855.347..38118.182 rows=18889428 loops=1)
  Hash Cond: (ci.movie_id = t.id)
  ->  Seq Scan on cast_info ci  (cost=0.00..614943.12 rows=36225612 width=4) (actual time=0.027..13490.018 rows=36244344 loops=1)
  ->  Hash  (cost=204199.55..204199.55 rows=325990 width=8) (actual time=4853.870..4853.870 rows=565955 loops=1)
        Buckets: 131072  Batches: 8  Memory Usage: 3824kB
        ->  Hash Join  (cost=70840.90..204199.55 rows=325990 width=8) (actual time=1262.768..4683.666 rows=565955 loops=1)
              Hash Cond: (mk.movie_id = t.id)
              ->  Seq Scan on movie_keyword mk  (cost=0.00..81003.12 rows=4179367 width=4) (actual time=0.014..1767.222 rows=4180932 loops=1)
                    Filter: (keyword_id < 48478)
                    Rows Removed by Filter: 342998
              ->  Hash  (cost=67604.59..67604.59 rows=197225 width=4) (actual time=1261.885..1261.885 rows=194989 loops=1)
                    Buckets: 131072  Batches: 4  Memory Usage: 2744kB
                    ->  Seq Scan on title t  (cost=0.00..67604.59 rows=197225 width=4) (actual time=0.466..1184.557 rows=194989 loops=1)
                          Filter: (production_year < 1955)
                          Rows Removed by Filter: 2333323
Planning time: 1.243 ms
Execution time: 40094.797 ms
