Hash Join  (cost=257100.59..1566937.54 rows=22462677 width=0) (actual time=5665.715..57113.862 rows=75681879 loops=1)
  Hash Cond: (ci.movie_id = t.id)
  ->  Seq Scan on cast_info ci  (cost=0.00..614943.12 rows=36225612 width=4) (actual time=0.024..13881.890 rows=36244344 loops=1)
  ->  Hash  (cost=231377.07..231377.07 rows=1567882 width=8) (actual time=5664.545..5664.545 rows=1584668 loops=1)
        Buckets: 131072  Batches: 32  Memory Usage: 2947kB
        ->  Hash Join  (cost=102767.86..231377.07 rows=1567882 width=8) (actual time=2006.980..5204.466 rows=1584668 loops=1)
              Hash Cond: (mk.movie_id = t.id)
              ->  Seq Scan on movie_keyword mk  (cost=0.00..81003.12 rows=1567882 width=4) (actual time=0.019..1585.196 rows=1584668 loops=1)
                    Filter: (keyword_id > 9817)
                    Rows Removed by Filter: 2939262
              ->  Hash  (cost=61283.27..61283.27 rows=2528527 width=4) (actual time=2004.481..2004.481 rows=2528312 loops=1)
                    Buckets: 131072  Batches: 64  Memory Usage: 2425kB
                    ->  Seq Scan on title t  (cost=0.00..61283.27 rows=2528527 width=4) (actual time=0.020..1123.741 rows=2528312 loops=1)
Planning time: 1.186 ms
Execution time: 65767.950 ms
