Seq Scan on movie_companies mc  (cost=0.00..57926.93 rows=345127 width=0) (actual time=0.020..1023.042 rows=653718 loops=1)
  Filter: ((company_id > 48280) AND (company_type_id = 2))
  Rows Removed by Filter: 1955411
Planning time: 0.399 ms
Execution time: 1104.229 ms
