Hash Join  (cost=74111.10..827022.92 rows=212265 width=0) (actual time=1166.052..16806.028 rows=58372 loops=1)
  Hash Cond: (ci.movie_id = t.id)
  ->  Seq Scan on cast_info ci  (cost=0.00..614943.12 rows=36225612 width=4) (actual time=0.023..7136.168 rows=36244344 loops=1)
  ->  Hash  (cost=73925.90..73925.90 rows=14816 width=4) (actual time=1165.427..1165.427 rows=35049 loops=1)
        Buckets: 65536 (originally 16384)  Batches: 1 (originally 1)  Memory Usage: 1745kB
        ->  Seq Scan on title t  (cost=0.00..73925.90 rows=14816 width=4) (actual time=456.329..1151.890 rows=35049 loops=1)
              Filter: ((kind_id < 7) AND (production_year < 1912))
              Rows Removed by Filter: 2493263
Planning time: 2.494 ms
Execution time: 16814.842 ms
