Seq Scan on movie_companies mc  (cost=0.00..57926.93 rows=731633 width=0) (actual time=167.203..1058.611 rows=1006952 loops=1)
  Filter: ((company_id < 13562) AND (company_type_id = 1))
  Rows Removed by Filter: 1602177
Planning time: 0.361 ms
Execution time: 1170.451 ms
