Seq Scan on movie_keyword mk  (cost=0.00..81003.12 rows=3232273 width=0) (actual time=0.017..1644.837 rows=3222096 loops=1)
  Filter: (keyword_id > 1697)
  Rows Removed by Filter: 1301834
Planning time: 0.328 ms
Execution time: 2050.076 ms
