Hash Join  (cost=78556.72..220947.54 rows=1092592 width=0) (actual time=1630.434..6716.538 rows=2611793 loops=1)
  Hash Cond: (mk.movie_id = t.id)
  ->  Seq Scan on movie_keyword mk  (cost=0.00..81003.12 rows=4138605 width=4) (actual time=0.011..1909.617 rows=4140498 loops=1)
        Filter: (keyword_id < 44736)
        Rows Removed by Filter: 383432
  ->  Hash  (cost=67604.59..67604.59 rows=667531 width=4) (actual time=1557.476..1557.476 rows=662825 loops=1)
        Buckets: 131072  Batches: 16  Memory Usage: 2486kB
        ->  Seq Scan on title t  (cost=0.00..67604.59 rows=667531 width=4) (actual time=218.253..828.101 rows=662825 loops=1)
              Filter: (kind_id = 1)
              Rows Removed by Filter: 1865487
Planning time: 0.504 ms
Execution time: 7020.222 ms
