Seq Scan on movie_companies mc  (cost=0.00..57926.93 rows=51 width=40) (actual time=7.100..1018.012 rows=274 loops=1)
  Filter: ((company_id = 11662) AND (company_type_id = 1))
  Rows Removed by Filter: 2608855
Planning time: 0.464 ms
Execution time: 1018.067 ms
