Hash Join  (cost=709676.11..1060681.12 rows=119 width=0) (actual time=10879.551..16548.868 rows=31 loops=1)
  Hash Cond: (mi.movie_id = t.id)
  ->  Seq Scan on movie_info mi  (cost=0.00..346232.03 rows=1272478 width=4) (actual time=0.013..5565.650 rows=1325361 loops=1)
        Filter: (info_type_id = 8)
        Rows Removed by Filter: 13510359
  ->  Hash  (cost=709673.15..709673.15 rows=237 width=8) (actual time=10797.021..10797.021 rows=40 loops=1)
        Buckets: 1024  Batches: 1  Memory Usage: 10kB
        ->  Nested Loop  (cost=0.43..709673.15 rows=237 width=8) (actual time=5563.645..10796.980 rows=40 loops=1)
              ->  Seq Scan on cast_info ci  (cost=0.00..705507.15 rows=500 width=4) (actual time=5563.577..10796.101 rows=40 loops=1)
                    Filter: (person_id = 746694)
                    Rows Removed by Filter: 36244304
              ->  Index Scan using title_pkey on title t  (cost=0.43..8.32 rows=1 width=4) (actual time=0.020..0.020 rows=1 loops=40)
                    Index Cond: (id = ci.movie_id)
                    Filter: (production_year < 2003)
Planning time: 1.244 ms
Execution time: 16549.044 ms
