Nested Loop  (cost=0.43..86108.01 rows=120 width=0) (actual time=14.891..884.942 rows=82 loops=1)
  ->  Seq Scan on movie_companies mc  (cost=0.00..51404.11 rows=4696 width=4) (actual time=3.944..801.321 rows=3552 loops=1)
        Filter: (company_id = 82)
        Rows Removed by Filter: 2605577
  ->  Index Scan using title_pkey on title t  (cost=0.43..7.38 rows=1 width=4) (actual time=0.023..0.023 rows=0 loops=3552)
        Index Cond: (id = mc.movie_id)
        Filter: ((kind_id < 7) AND (production_year = 2012))
        Rows Removed by Filter: 1
Planning time: 0.864 ms
Execution time: 885.115 ms
