Hash Join  (cost=101383.15..853010.58 rows=83819 width=0) (actual time=1641.901..18657.284 rows=129880 loops=1)
  Hash Cond: (ci.movie_id = t.id)
  ->  Seq Scan on cast_info ci  (cost=0.00..614943.12 rows=36225612 width=4) (actual time=0.012..9491.194 rows=36244344 loops=1)
  ->  Hash  (cost=101310.01..101310.01 rows=5851 width=8) (actual time=1637.510..1637.510 rows=3626 loops=1)
        Buckets: 8192  Batches: 1  Memory Usage: 206kB
        ->  Hash Join  (cost=74323.94..101310.01 rows=5851 width=8) (actual time=1148.458..1635.895 rows=3626 loops=1)
              Hash Cond: (mi_idx.movie_id = t.id)
              ->  Seq Scan on movie_info_idx mi_idx  (cost=0.00..25185.44 rows=464566 width=4) (actual time=0.014..378.679 rows=459925 loops=1)
                    Filter: (info_type_id = 101)
                    Rows Removed by Filter: 920110
              ->  Hash  (cost=73925.90..73925.90 rows=31843 width=4) (actual time=1148.300..1148.300 rows=35656 loops=1)
                    Buckets: 65536 (originally 32768)  Batches: 1 (originally 1)  Memory Usage: 1766kB
                    ->  Seq Scan on title t  (cost=0.00..73925.90 rows=31843 width=4) (actual time=0.021..1132.766 rows=35656 loops=1)
                          Filter: ((kind_id = 7) AND (production_year = 2000))
                          Rows Removed by Filter: 2492656
Planning time: 0.795 ms
Execution time: 18679.124 ms
