Hash Join  (cost=871626.34..1236565.91 rows=28365 width=0) (actual time=14484.125..22248.632 rows=101547 loops=1)
  Hash Cond: (mi.movie_id = t.id)
  ->  Seq Scan on movie_info mi  (cost=0.00..309384.22 rows=14739122 width=4) (actual time=0.021..4454.092 rows=14835720 loops=1)
  ->  Hash  (cost=871565.51..871565.51 rows=4866 width=8) (actual time=14482.394..14482.394 rows=7092 loops=1)
        Buckets: 8192  Batches: 1  Memory Usage: 342kB
        ->  Hash Join  (cost=74710.74..871565.51 rows=4866 width=8) (actual time=3585.567..14479.771 rows=7092 loops=1)
              Hash Cond: (ci.movie_id = t.id)
              ->  Seq Scan on cast_info ci  (cost=0.00..796071.18 rows=195981 width=4) (actual time=2515.107..13343.717 rows=252999 loops=1)
                    Filter: ((person_id > 1566687) AND (role_id > 10))
                    Rows Removed by Filter: 35991345
              ->  Hash  (cost=73925.90..73925.90 rows=62787 width=4) (actual time=1070.121..1070.121 rows=53770 loops=1)
                    Buckets: 65536  Batches: 1  Memory Usage: 2403kB
                    ->  Seq Scan on title t  (cost=0.00..73925.90 rows=62787 width=4) (actual time=0.023..1050.946 rows=53770 loops=1)
                          Filter: ((kind_id < 7) AND (production_year = 2011))
                          Rows Removed by Filter: 2474542
Planning time: 1.168 ms
Execution time: 22265.867 ms
