Hash Join  (cost=102767.86..197633.09 rows=165545 width=0) (actual time=1931.699..4411.752 rows=178682 loops=1)
  Hash Cond: (mk.movie_id = t.id)
  ->  Seq Scan on movie_keyword mk  (cost=0.00..81003.12 rows=165545 width=4) (actual time=0.024..1349.677 rows=178682 loops=1)
        Filter: (keyword_id < 128)
        Rows Removed by Filter: 4345248
  ->  Hash  (cost=61283.27..61283.27 rows=2528527 width=4) (actual time=1928.176..1928.176 rows=2528312 loops=1)
        Buckets: 131072  Batches: 64  Memory Usage: 2425kB
        ->  Seq Scan on title t  (cost=0.00..61283.27 rows=2528527 width=4) (actual time=0.019..1026.037 rows=2528312 loops=1)
Planning time: 0.679 ms
Execution time: 4434.889 ms
