Hash Join  (cost=834752.42..1576953.98 rows=2144690 width=0) (actual time=21552.129..36062.126 rows=5855979 loops=1)
  Hash Cond: (mi.movie_id = t.id)
  ->  Seq Scan on movie_info mi  (cost=0.00..309384.22 rows=14739122 width=4) (actual time=0.013..5841.218 rows=14835720 loops=1)
  ->  Hash  (cost=828715.34..828715.34 rows=367926 width=8) (actual time=21550.587..21550.587 rows=433412 loops=1)
        Buckets: 131072  Batches: 8  Memory Usage: 3040kB
        ->  Hash Join  (cost=74246.92..828715.34 rows=367926 width=8) (actual time=1266.524..21042.361 rows=433412 loops=1)
              Hash Cond: (ci.movie_id = t.id)
              ->  Seq Scan on cast_info ci  (cost=0.00..614943.12 rows=36225612 width=4) (actual time=0.016..9761.812 rows=36244344 loops=1)
              ->  Hash  (cost=73925.90..73925.90 rows=25681 width=4) (actual time=1265.560..1265.560 rows=23707 loops=1)
                    Buckets: 32768  Batches: 1  Memory Usage: 1090kB
                    ->  Seq Scan on title t  (cost=0.00..73925.90 rows=25681 width=4) (actual time=0.077..1255.496 rows=23707 loops=1)
                          Filter: ((kind_id < 7) AND (production_year = 2013))
                          Rows Removed by Filter: 2504605
Planning time: 1.257 ms
Execution time: 36744.126 ms
