Hash Join  (cost=185624.27..264175.26 rows=253947 width=0) (actual time=3431.895..5301.976 rows=141720 loops=1)
  Hash Cond: (mc.movie_id = t.id)
  ->  Seq Scan on movie_companies mc  (cost=0.00..44881.29 rows=2609129 width=4) (actual time=0.008..836.295 rows=2609129 loops=1)
  ->  Hash  (cost=181585.99..181585.99 rows=246102 width=8) (actual time=3431.069..3431.069 rows=55037 loops=1)
        Buckets: 131072  Batches: 4  Memory Usage: 1564kB
        ->  Hash Join  (cost=84037.34..181585.99 rows=246102 width=8) (actual time=2079.643..3412.162 rows=55037 loops=1)
              Hash Cond: (mk.movie_id = t.id)
              ->  Seq Scan on movie_keyword mk  (cost=0.00..81003.12 rows=1009735 width=4) (actual time=0.022..1381.931 rows=1013208 loops=1)
                    Filter: (keyword_id < 983)
                    Rows Removed by Filter: 3510722
              ->  Hash  (cost=73925.90..73925.90 rows=616275 width=4) (actual time=1435.325..1435.325 rows=676927 loops=1)
                    Buckets: 131072  Batches: 16  Memory Usage: 2522kB
                    ->  Seq Scan on title t  (cost=0.00..73925.90 rows=616275 width=4) (actual time=0.013..1214.270 rows=676927 loops=1)
                          Filter: ((production_year > 2005) AND (kind_id = 7))
                          Rows Removed by Filter: 1851385
Planning time: 0.798 ms
Execution time: 5319.603 ms
