Seq Scan on movie_keyword mk  (cost=0.00..81003.12 rows=186053 width=0) (actual time=0.030..1183.382 rows=190259 loops=1)
  Filter: (keyword_id > 70901)
  Rows Removed by Filter: 4333671
Planning time: 0.352 ms
Execution time: 1209.612 ms
