Seq Scan on movie_keyword mk  (cost=0.00..81003.12 rows=1333416 width=0) (actual time=0.014..1520.168 rows=1347394 loops=1)
  Filter: (keyword_id > 12640)
  Rows Removed by Filter: 3176536
Planning time: 0.330 ms
Execution time: 1690.990 ms
