Seq Scan on movie_companies mc  (cost=0.00..51404.11 rows=104 width=0) (actual time=151.137..794.518 rows=164 loops=1)
  Filter: (company_id = 780)
  Rows Removed by Filter: 2608965
Planning time: 0.332 ms
Execution time: 794.660 ms
