Seq Scan on title t  (cost=0.00..73925.90 rows=55830 width=0) (actual time=301.869..1057.021 rows=1 loops=1)
  Filter: ((kind_id > 1) AND (production_year < 1917))
  Rows Removed by Filter: 2528311
Planning time: 0.324 ms
Execution time: 1057.137 ms
