Hash Join  (cost=87180.69..179203.65 rows=1231244 width=0) (actual time=1971.913..4563.434 rows=992855 loops=1)
  Hash Cond: (mc.movie_id = t.id)
  ->  Seq Scan on movie_companies mc  (cost=0.00..44881.29 rows=2609129 width=4) (actual time=0.025..809.649 rows=2609129 loops=1)
  ->  Hash  (cost=67604.59..67604.59 rows=1193208 width=4) (actual time=1970.693..1970.693 rows=1192518 loops=1)
        Buckets: 131072  Batches: 16  Memory Usage: 3646kB
        ->  Seq Scan on title t  (cost=0.00..67604.59 rows=1193208 width=4) (actual time=0.014..1248.778 rows=1192518 loops=1)
              Filter: (production_year > 2003)
              Rows Removed by Filter: 1335794
Planning time: 0.766 ms
Execution time: 4694.999 ms
