Seq Scan on movie_companies mc  (cost=0.00..57926.93 rows=1124291 width=0) (actual time=0.017..1176.511 rows=1274246 loops=1)
  Filter: ((company_id < 91892) AND (company_type_id < 2))
  Rows Removed by Filter: 1334883
Planning time: 0.354 ms
Execution time: 1340.221 ms
