Nested Loop  (cost=0.43..138936.83 rows=3357 width=0) (actual time=0.191..1436.167 rows=7913 loops=1)
  ->  Seq Scan on movie_keyword mk  (cost=0.00..81003.12 rows=8595 width=4) (actual time=0.159..1227.068 rows=8337 loops=1)
        Filter: (keyword_id = 865)
        Rows Removed by Filter: 4515593
  ->  Index Scan using title_pkey on title t  (cost=0.43..6.73 rows=1 width=4) (actual time=0.024..0.024 rows=1 loops=8337)
        Index Cond: (id = mk.movie_id)
        Filter: (kind_id < 7)
        Rows Removed by Filter: 0
Planning time: 0.738 ms
Execution time: 1438.531 ms
