Hash Join  (cost=83074.55..464163.51 rows=665 width=0) (actual time=1244.016..8745.155 rows=1716 loops=1)
  Hash Cond: (mi.movie_id = t.id)
  ->  Seq Scan on movie_info mi  (cost=0.00..346232.03 rows=9293409 width=4) (actual time=0.019..6196.080 rows=9425200 loops=1)
        Filter: (info_type_id > 5)
        Rows Removed by Filter: 5410520
  ->  Hash  (cost=83072.29..83072.29 rows=181 width=8) (actual time=1232.454..1232.454 rows=297 loops=1)
        Buckets: 1024  Batches: 1  Memory Usage: 20kB
        ->  Nested Loop  (cost=0.43..83072.29 rows=181 width=8) (actual time=0.921..1232.231 rows=297 loops=1)
              ->  Seq Scan on movie_keyword mk  (cost=0.00..81003.12 rows=246 width=4) (actual time=0.878..1219.431 rows=372 loops=1)
                    Filter: (keyword_id = 1326)
                    Rows Removed by Filter: 4523558
              ->  Index Scan using title_pkey on title t  (cost=0.43..8.40 rows=1 width=4) (actual time=0.032..0.032 rows=1 loops=372)
                    Index Cond: (id = mk.movie_id)
                    Filter: (kind_id > 1)
                    Rows Removed by Filter: 0
Planning time: 1.162 ms
Execution time: 8745.884 ms
