Seq Scan on movie_keyword mk  (cost=0.00..81003.12 rows=246 width=0) (actual time=0.454..1258.599 rows=1042 loops=1)
  Filter: (keyword_id = 6271)
  Rows Removed by Filter: 4522888
Planning time: 0.347 ms
Execution time: 1259.016 ms
