Hash Join  (cost=99161.12..258889.55 rows=2652818 width=0) (actual time=1954.569..6179.961 rows=3107191 loops=1)
  Hash Cond: (mk.movie_id = t.id)
  ->  Seq Scan on movie_keyword mk  (cost=0.00..81003.12 rows=3487424 width=4) (actual time=0.014..1735.007 rows=3479050 loops=1)
        Filter: (keyword_id < 16986)
        Rows Removed by Filter: 1044880
  ->  Hash  (cost=67604.59..67604.59 rows=1923403 width=4) (actual time=1953.503..1953.503 rows=1922849 loops=1)
        Buckets: 131072  Batches: 32  Memory Usage: 3141kB
        ->  Seq Scan on title t  (cost=0.00..67604.59 rows=1923403 width=4) (actual time=0.012..1320.676 rows=1922849 loops=1)
              Filter: (production_year < 2010)
              Rows Removed by Filter: 605463
Planning time: 0.761 ms
Execution time: 6496.803 ms
