Seq Scan on cast_info ci  (cost=0.00..705507.15 rows=500 width=0) (actual time=6423.014..10260.612 rows=159 loops=1)
  Filter: (person_id = 1969357)
  Rows Removed by Filter: 36244185
Planning time: 0.411 ms
Execution time: 10260.706 ms
