Hash Join  (cost=156845.23..973289.07 rows=2338523 width=0) (actual time=13024.026..22446.243 rows=3874585 loops=1)
  Hash Cond: (ci.movie_id = t.id)
  ->  Seq Scan on cast_info ci  (cost=0.00..705507.15 rows=7298253 width=4) (actual time=9029.738..13587.343 rows=7451973 loops=1)
        Filter: (role_id = 2)
        Rows Removed by Filter: 28792371
  ->  Hash  (cost=143552.76..143552.76 rows=810197 width=8) (actual time=3993.353..3993.353 rows=729984 loops=1)
        Buckets: 131072  Batches: 16  Memory Usage: 2801kB
        ->  Hash Join  (cost=91959.31..143552.76 rows=810197 width=8) (actual time=1688.338..3730.747 rows=729984 loops=1)
              Hash Cond: (mi_idx.movie_id = t.id)
              ->  Seq Scan on movie_info_idx mi_idx  (cost=0.00..21735.35 rows=1380035 width=4) (actual time=0.029..452.265 rows=1380035 loops=1)
              ->  Hash  (cost=67604.59..67604.59 rows=1484458 width=4) (actual time=1687.165..1687.165 rows=1485030 loops=1)
                    Buckets: 131072  Batches: 32  Memory Usage: 2655kB
                    ->  Seq Scan on title t  (cost=0.00..67604.59 rows=1484458 width=4) (actual time=0.019..1205.090 rows=1485030 loops=1)
                          Filter: (production_year > 1998)
                          Rows Removed by Filter: 1043282
Planning time: 1.230 ms
Execution time: 22920.272 ms
