Hash Join  (cost=130834.00..966195.72 rows=251292 width=0) (actual time=5237.388..19407.784 rows=451269 loops=1)
  Hash Cond: (ci.movie_id = t.id)
  ->  Seq Scan on cast_info ci  (cost=0.00..796071.18 rows=9807366 width=4) (actual time=2550.549..14179.819 rows=6744672 loops=1)
        Filter: ((person_id > 802068) AND (role_id = 1))
        Rows Removed by Filter: 29499672
  ->  Hash  (cost=130024.15..130024.15 rows=64788 width=8) (actual time=2685.711..2685.711 rows=79358 loops=1)
        Buckets: 131072 (originally 65536)  Batches: 2 (originally 1)  Memory Usage: 3073kB
        ->  Hash Join  (cost=74710.74..130024.15 rows=64788 width=8) (actual time=1121.728..2650.741 rows=79358 loops=1)
              Hash Cond: (mc.movie_id = t.id)
              ->  Seq Scan on movie_companies mc  (cost=0.00..44881.29 rows=2609129 width=4) (actual time=0.023..760.026 rows=2609129 loops=1)
              ->  Hash  (cost=73925.90..73925.90 rows=62787 width=4) (actual time=1121.339..1121.339 rows=53770 loops=1)
                    Buckets: 65536  Batches: 1  Memory Usage: 2403kB
                    ->  Seq Scan on title t  (cost=0.00..73925.90 rows=62787 width=4) (actual time=0.119..1100.246 rows=53770 loops=1)
                          Filter: ((kind_id < 7) AND (production_year = 2011))
                          Rows Removed by Filter: 2474542
Planning time: 1.237 ms
Execution time: 19470.561 ms
