Seq Scan on movie_keyword mk  (cost=0.00..81003.12 rows=2582813 width=0) (actual time=0.025..1451.352 rows=2574499 loops=1)
  Filter: (keyword_id < 6632)
  Rows Removed by Filter: 1949431
Planning time: 0.333 ms
Execution time: 1778.775 ms
