Seq Scan on cast_info ci  (cost=0.00..796071.18 rows=3435598 width=0) (actual time=10755.706..14511.432 rows=1441662 loops=1)
  Filter: ((person_id < 2924227) AND (role_id = 10))
  Rows Removed by Filter: 34802682
Planning time: 0.415 ms
Execution time: 14654.257 ms
