Hash Join  (cost=78922.27..158303.95 rows=314216 width=0) (actual time=1220.213..3405.237 rows=414944 loops=1)
  Hash Cond: (mc.movie_id = t.id)
  ->  Seq Scan on movie_companies mc  (cost=0.00..44881.29 rows=2609129 width=4) (actual time=0.034..869.895 rows=2609129 loops=1)
  ->  Hash  (cost=73925.90..73925.90 rows=304509 width=4) (actual time=1219.393..1219.393 rows=264342 loops=1)
        Buckets: 131072  Batches: 4  Memory Usage: 3350kB
        ->  Seq Scan on title t  (cost=0.00..73925.90 rows=304509 width=4) (actual time=0.015..1126.447 rows=264342 loops=1)
              Filter: ((kind_id < 6) AND (production_year > 2007))
              Rows Removed by Filter: 2263970
Planning time: 2.551 ms
Execution time: 3457.357 ms
