Hash Join  (cost=87245.25..982189.83 rows=5367408 width=0) (actual time=1605.054..22211.365 rows=4293471 loops=1)
  Hash Cond: (ci.movie_id = t.id)
  ->  Seq Scan on cast_info ci  (cost=0.00..705507.15 rows=11337161 width=4) (actual time=0.025..12515.396 rows=11327122 loops=1)
        Filter: (person_id > 2567136)
        Rows Removed by Filter: 24917222
  ->  Hash  (cost=67604.59..67604.59 rows=1197093 width=4) (actual time=1603.935..1603.935 rows=1195923 loops=1)
        Buckets: 131072  Batches: 16  Memory Usage: 3653kB
        ->  Seq Scan on title t  (cost=0.00..67604.59 rows=1197093 width=4) (actual time=0.016..1227.917 rows=1195923 loops=1)
              Filter: (production_year < 2003)
              Rows Removed by Filter: 1332389
Planning time: 0.856 ms
Execution time: 22717.675 ms
