Nested Loop  (cost=0.43..709671.90 rows=500 width=0) (actual time=8107.299..10232.280 rows=12 loops=1)
  ->  Seq Scan on cast_info ci  (cost=0.00..705507.15 rows=500 width=4) (actual time=8107.133..10231.960 rows=12 loops=1)
        Filter: (person_id = 420978)
        Rows Removed by Filter: 36244332
  ->  Index Only Scan using title_pkey on title t  (cost=0.43..8.32 rows=1 width=4) (actual time=0.018..0.019 rows=1 loops=12)
        Index Cond: (id = ci.movie_id)
        Heap Fetches: 12
Planning time: 0.583 ms
Execution time: 10232.344 ms
