Hash Join  (cost=195254.19..697971.14 rows=2147204 width=0) (actual time=3866.020..29094.400 rows=61043410 loops=1)
  Hash Cond: (mi.movie_id = t.id)
  ->  Seq Scan on movie_info mi  (cost=0.00..309384.22 rows=14739122 width=4) (actual time=0.020..5138.901 rows=14835720 loops=1)
  ->  Hash  (cost=189210.73..189210.73 rows=368357 width=8) (actual time=3864.991..3864.991 rows=779877 loops=1)
        Buckets: 131072 (originally 131072)  Batches: 16 (originally 8)  Memory Usage: 3073kB
        ->  Hash Join  (cost=83126.54..189210.73 rows=368357 width=8) (actual time=1358.316..3615.775 rows=779877 loops=1)
              Hash Cond: (mk.movie_id = t.id)
              ->  Seq Scan on movie_keyword mk  (cost=0.00..81003.12 rows=1660930 width=4) (actual time=0.023..1347.587 rows=1675117 loops=1)
                    Filter: (keyword_id < 2567)
                    Rows Removed by Filter: 2848813
              ->  Hash  (cost=73925.90..73925.90 rows=560771 width=4) (actual time=1216.929..1216.929 rows=438714 loops=1)
                    Buckets: 131072  Batches: 8  Memory Usage: 2974kB
                    ->  Seq Scan on title t  (cost=0.00..73925.90 rows=560771 width=4) (actual time=169.136..1082.494 rows=438714 loops=1)
                          Filter: ((production_year > 1967) AND (kind_id = 1))
                          Rows Removed by Filter: 2089598
Planning time: 1.200 ms
Execution time: 35708.110 ms
