Seq Scan on movie_companies mc  (cost=0.00..51404.11 rows=104 width=0) (actual time=0.021..777.237 rows=1859 loops=1)
  Filter: (company_id = 594)
  Rows Removed by Filter: 2607270
Planning time: 0.375 ms
Execution time: 777.701 ms
