Hash Join  (cost=233331.01..1143023.13 rows=2757300 width=0) (actual time=17739.665..28227.280 rows=7728255 loops=1)
  Hash Cond: (ci.movie_id = t.id)
  ->  Seq Scan on cast_info ci  (cost=0.00..796071.18 rows=7110650 width=4) (actual time=12021.387..17167.963 rows=7451973 loops=1)
        Filter: ((person_id < 3876489) AND (role_id = 2))
        Rows Removed by Filter: 28792371
  ->  Hash  (cost=217243.91..217243.91 rows=980488 width=8) (actual time=5717.038..5717.038 rows=984652 loops=1)
        Buckets: 131072  Batches: 16  Memory Usage: 3480kB
        ->  Hash Join  (cost=102767.86..217243.91 rows=980488 width=8) (actual time=2004.614..5447.196 rows=984652 loops=1)
              Hash Cond: (mk.movie_id = t.id)
              ->  Seq Scan on movie_keyword mk  (cost=0.00..81003.12 rows=980488 width=4) (actual time=0.029..1591.560 rows=984652 loops=1)
                    Filter: (keyword_id > 18779)
                    Rows Removed by Filter: 3539278
              ->  Hash  (cost=61283.27..61283.27 rows=2528527 width=4) (actual time=2002.881..2002.881 rows=2528312 loops=1)
                    Buckets: 131072  Batches: 64  Memory Usage: 2425kB
                    ->  Seq Scan on title t  (cost=0.00..61283.27 rows=2528527 width=4) (actual time=0.026..1156.113 rows=2528312 loops=1)
Planning time: 0.907 ms
Execution time: 29040.994 ms
