Seq Scan on movie_keyword mk  (cost=0.00..81003.12 rows=246 width=0) (actual time=4.066..1191.378 rows=1010 loops=1)
  Filter: (keyword_id = 21181)
  Rows Removed by Filter: 4522920
Planning time: 0.352 ms
Execution time: 1191.766 ms
