Seq Scan on movie_keyword mk  (cost=0.00..81003.12 rows=4090640 width=0) (actual time=0.027..1441.926 rows=4095245 loops=1)
  Filter: (keyword_id < 40846)
  Rows Removed by Filter: 428685
Planning time: 0.310 ms
Execution time: 1961.914 ms
