Hash Join  (cost=152319.20..286778.20 rows=914762 width=0) (actual time=4745.461..6673.961 rows=687255 loops=1)
  Hash Cond: (mk.movie_id = t.id)
  ->  Seq Scan on movie_keyword mk  (cost=0.00..81003.12 rows=3615799 width=4) (actual time=0.024..1713.641 rows=3620557 loops=1)
        Filter: (keyword_id < 20438)
        Rows Removed by Filter: 903373
  ->  Hash  (cost=141824.04..141824.04 rows=639693 width=8) (actual time=3065.643..3065.643 rows=349320 loops=1)
        Buckets: 131072  Batches: 16  Memory Usage: 1884kB
        ->  Hash Join  (cost=93155.63..141824.04 rows=639693 width=8) (actual time=1857.885..2956.270 rows=349320 loops=1)
              Hash Cond: (mi_idx.movie_id = t.id)
              ->  Seq Scan on movie_info_idx mi_idx  (cost=0.00..21735.35 rows=1380035 width=4) (actual time=0.029..433.530 rows=1380035 loops=1)
              ->  Hash  (cost=73925.90..73925.90 rows=1172058 width=4) (actual time=1616.609..1616.609 rows=1128906 loops=1)
                    Buckets: 131072  Batches: 16  Memory Usage: 3503kB
                    ->  Seq Scan on title t  (cost=0.00..73925.90 rows=1172058 width=4) (actual time=0.014..1268.209 rows=1128906 loops=1)
                          Filter: ((production_year < 2010) AND (kind_id = 7))
                          Rows Removed by Filter: 1399406
Planning time: 1.139 ms
Execution time: 6752.629 ms
