Hash Join  (cost=146730.98..984431.42 rows=712023 width=0) (actual time=15119.814..17900.642 rows=1062024 loops=1)
  Hash Cond: (ci.movie_id = t.id)
  ->  Seq Scan on cast_info ci  (cost=0.00..796071.18 rows=2764542 width=4) (actual time=12044.187..13711.841 rows=1637641 loops=1)
        Filter: ((person_id < 2585199) AND (role_id = 3))
        Rows Removed by Filter: 34606703
  ->  Hash  (cost=136046.53..136046.53 rows=651236 width=8) (actual time=3074.587..3074.587 rows=539725 loops=1)
        Buckets: 131072  Batches: 16  Memory Usage: 2333kB
        ->  Hash Join  (cost=87180.69..136046.53 rows=651236 width=8) (actual time=1458.865..2906.122 rows=539725 loops=1)
              Hash Cond: (mi_idx.movie_id = t.id)
              ->  Seq Scan on movie_info_idx mi_idx  (cost=0.00..21735.35 rows=1380035 width=4) (actual time=0.021..404.643 rows=1380035 loops=1)
              ->  Hash  (cost=67604.59..67604.59 rows=1193208 width=4) (actual time=1457.736..1457.736 rows=1192518 loops=1)
                    Buckets: 131072  Batches: 16  Memory Usage: 3646kB
                    ->  Seq Scan on title t  (cost=0.00..67604.59 rows=1193208 width=4) (actual time=0.022..1090.502 rows=1192518 loops=1)
                          Filter: (production_year > 2003)
                          Rows Removed by Filter: 1335794
Planning time: 1.180 ms
Execution time: 18033.244 ms
