Seq Scan on movie_keyword mk  (cost=0.00..81003.12 rows=2689882 width=0) (actual time=0.026..1369.320 rows=2683502 loops=1)
  Filter: (keyword_id < 7565)
  Rows Removed by Filter: 1840428
Planning time: 0.321 ms
Execution time: 1707.841 ms
