Hash Join  (cost=132019.12..937460.02 rows=35011 width=0) (actual time=12237.324..15628.975 rows=91965 loops=1)
  Hash Cond: (ci.movie_id = t.id)
  ->  Seq Scan on cast_info ci  (cost=0.00..796071.18 rows=2405228 width=4) (actual time=9861.113..12617.858 rows=2435359 loops=1)
        Filter: ((person_id > 408086) AND (role_id = 4))
        Rows Removed by Filter: 33808985
  ->  Hash  (cost=131559.05..131559.05 rows=36806 width=8) (actual time=2375.502..2375.502 rows=75135 loops=1)
        Buckets: 131072 (originally 65536)  Batches: 1 (originally 1)  Memory Usage: 3959kB
        ->  Hash Join  (cost=74800.83..131559.05 rows=36806 width=8) (actual time=1161.076..2347.050 rows=75135 loops=1)
              Hash Cond: (mc.movie_id = t.id)
              ->  Seq Scan on movie_companies mc  (cost=0.00..51404.11 rows=1329612 width=4) (actual time=0.040..840.553 rows=1334883 loops=1)
                    Filter: (company_type_id = 2)
                    Rows Removed by Filter: 1274246
              ->  Hash  (cost=73925.90..73925.90 rows=69994 width=4) (actual time=1160.328..1160.328 rows=62227 loops=1)
                    Buckets: 131072  Batches: 1  Memory Usage: 3212kB
                    ->  Seq Scan on title t  (cost=0.00..73925.90 rows=69994 width=4) (actual time=14.496..1136.073 rows=62227 loops=1)
                          Filter: ((production_year > 1991) AND (kind_id = 3))
                          Rows Removed by Filter: 2466085
Planning time: 1.187 ms
Execution time: 15642.309 ms
