Hash Join  (cost=176791.77..306971.36 rows=671155 width=0) (actual time=3895.260..7823.354 rows=1160173 loops=1)
  Hash Cond: (mk.movie_id = t.id)
  ->  Seq Scan on movie_keyword mk  (cost=0.00..69693.30 rows=4523930 width=4) (actual time=0.023..1266.653 rows=4523930 loops=1)
  ->  Hash  (cost=170636.73..170636.73 rows=375124 width=8) (actual time=3894.553..3894.553 rows=192719 loops=1)
        Buckets: 131072  Batches: 8  Memory Usage: 1972kB
        ->  Hash Join  (cost=95159.82..170636.73 rows=375124 width=8) (actual time=2402.816..3831.504 rows=192719 loops=1)
              Hash Cond: (mc.movie_id = t.id)
              ->  Seq Scan on movie_companies mc  (cost=0.00..57926.93 rows=564745 width=4) (actual time=0.025..916.167 rows=349694 loops=1)
                    Filter: ((company_id < 7575) AND (company_type_id = 2))
                    Rows Removed by Filter: 2259435
              ->  Hash  (cost=67604.59..67604.59 rows=1679539 width=4) (actual time=2401.367..2401.367 rows=1673541 loops=1)
                    Buckets: 131072  Batches: 32  Memory Usage: 2866kB
                    ->  Seq Scan on title t  (cost=0.00..67604.59 rows=1679539 width=4) (actual time=0.027..1183.911 rows=1673541 loops=1)
                          Filter: (production_year > 1993)
                          Rows Removed by Filter: 854771
Planning time: 1.183 ms
Execution time: 7947.834 ms
