Seq Scan on movie_companies mc  (cost=0.00..57926.93 rows=51 width=0) (actual time=66.733..898.279 rows=2 loops=1)
  Filter: ((company_type_id < 2) AND (company_id = 27108))
  Rows Removed by Filter: 2609127
Planning time: 0.348 ms
Execution time: 898.362 ms
