Seq Scan on cast_info ci  (cost=0.00..796071.18 rows=10280984 width=0) (actual time=0.022..12730.917 rows=4404451 loops=1)
  Filter: ((person_id < 1555245) AND (role_id > 1))
  Rows Removed by Filter: 31839893
Planning time: 0.359 ms
Execution time: 13292.764 ms
