Hash Join  (cost=102767.86..864098.73 rows=1909398 width=0) (actual time=4084.411..14209.406 rows=1850562 loops=1)
  Hash Cond: (ci.movie_id = t.id)
  ->  Seq Scan on cast_info ci  (cost=0.00..705507.15 rows=1909398 width=4) (actual time=2308.079..10306.789 rows=1850562 loops=1)
        Filter: (person_id < 182518)
        Rows Removed by Filter: 34393782
  ->  Hash  (cost=61283.27..61283.27 rows=2528527 width=4) (actual time=1752.399..1752.399 rows=2528312 loops=1)
        Buckets: 131072  Batches: 64  Memory Usage: 2415kB
        ->  Seq Scan on title t  (cost=0.00..61283.27 rows=2528527 width=4) (actual time=0.027..926.156 rows=2528312 loops=1)
Planning time: 0.775 ms
Execution time: 14418.232 ms
