Hash Join  (cost=74617.32..127575.96 rows=8568 width=0) (actual time=1210.878..2159.916 rows=4696 loops=1)
  Hash Cond: (mc.movie_id = t.id)
  ->  Seq Scan on movie_companies mc  (cost=0.00..51404.11 rows=391692 width=4) (actual time=0.044..821.110 rows=391263 loops=1)
        Filter: (company_id < 236)
        Rows Removed by Filter: 2217866
  ->  Hash  (cost=73925.90..73925.90 rows=55313 width=4) (actual time=1210.352..1210.352 rows=49075 loops=1)
        Buckets: 65536  Batches: 1  Memory Usage: 2238kB
        ->  Seq Scan on title t  (cost=0.00..73925.90 rows=55313 width=4) (actual time=0.026..1190.778 rows=49075 loops=1)
              Filter: ((kind_id < 7) AND (production_year = 2010))
              Rows Removed by Filter: 2479237
Planning time: 0.773 ms
Execution time: 2161.053 ms
