Hash Join  (cost=73994.33..783405.47 rows=2241 width=0) (actual time=1492.414..11543.872 rows=3207 loops=1)
  Hash Cond: (ci.movie_id = t.id)
  ->  Seq Scan on cast_info ci  (cost=0.00..705507.15 rows=1035087 width=4) (actual time=421.559..10279.857 rows=914072 loops=1)
        Filter: (person_id < 95292)
        Rows Removed by Filter: 35330272
  ->  Hash  (cost=73925.90..73925.90 rows=5474 width=4) (actual time=1069.085..1069.085 rows=9371 loops=1)
        Buckets: 16384 (originally 8192)  Batches: 1 (originally 1)  Memory Usage: 458kB
        ->  Seq Scan on title t  (cost=0.00..73925.90 rows=5474 width=4) (actual time=0.371..1063.841 rows=9371 loops=1)
              Filter: ((kind_id > 1) AND (production_year = 1972))
              Rows Removed by Filter: 2518941
Planning time: 0.784 ms
Execution time: 11544.621 ms
