Seq Scan on movie_companies mc  (cost=0.00..57926.93 rows=1102746 width=0) (actual time=0.019..926.256 rows=996922 loops=1)
  Filter: ((company_id > 180) AND (company_type_id = 1))
  Rows Removed by Filter: 1612207
Planning time: 0.270 ms
Execution time: 1043.694 ms
