Seq Scan on cast_info ci  (cost=0.00..796071.18 rows=10085662 width=0) (actual time=3547.700..14725.786 rows=6050947 loops=1)
  Filter: ((person_id < 3017340) AND (role_id > 3))
  Rows Removed by Filter: 30193397
Planning time: 0.383 ms
Execution time: 15487.733 ms
