Seq Scan on cast_info ci  (cost=0.00..796071.18 rows=25122177 width=0) (actual time=0.014..13611.834 rows=24594942 loops=1)
  Filter: ((person_id > 708286) AND (role_id < 10))
  Rows Removed by Filter: 11649402
Planning time: 0.369 ms
Execution time: 16301.681 ms
