Hash Join  (cost=267005.29..455772.11 rows=4551696 width=0) (actual time=6354.351..18672.197 rows=34676857 loops=1)
  Hash Cond: (mk.movie_id = t.id)
  ->  Seq Scan on movie_keyword mk  (cost=0.00..69693.30 rows=4523930 width=4) (actual time=0.024..1668.480 rows=4523930 loops=1)
  ->  Hash  (cost=225266.72..225266.72 rows=2544046 width=8) (actual time=6352.993..6352.993 rows=2542342 loops=1)
        Buckets: 131072  Batches: 64  Memory Usage: 2652kB
        ->  Hash Join  (cost=102767.86..225266.72 rows=2544046 width=8) (actual time=1800.172..5590.924 rows=2542342 loops=1)
              Hash Cond: (mc.movie_id = t.id)
              ->  Seq Scan on movie_companies mc  (cost=0.00..51404.11 rows=2544046 width=4) (actual time=0.011..1233.067 rows=2542342 loops=1)
                    Filter: (company_id > 6)
                    Rows Removed by Filter: 66787
              ->  Hash  (cost=61283.27..61283.27 rows=2528527 width=4) (actual time=1799.101..1799.101 rows=2528312 loops=1)
                    Buckets: 131072  Batches: 64  Memory Usage: 2415kB
                    ->  Seq Scan on title t  (cost=0.00..61283.27 rows=2528527 width=4) (actual time=0.020..963.111 rows=2528312 loops=1)
Planning time: 1.109 ms
Execution time: 22658.549 ms
