Hash Join  (cost=177141.88..653833.53 rows=2079334 width=0) (actual time=3529.636..14947.934 rows=3085531 loops=1)
  Hash Cond: (mi.movie_id = t.id)
  ->  Seq Scan on movie_info mi  (cost=0.00..346232.03 rows=9293409 width=4) (actual time=87.119..6396.442 rows=9425200 loops=1)
        Filter: (info_type_id > 5)
        Rows Removed by Filter: 5410520
  ->  Hash  (cost=167860.13..167860.13 rows=565740 width=8) (actual time=3441.605..3441.605 rows=437826 loops=1)
        Buckets: 131072  Batches: 8  Memory Usage: 3153kB
        ->  Hash Join  (cost=92883.59..167860.13 rows=565740 width=8) (actual time=1957.112..3311.867 rows=437826 loops=1)
              Hash Cond: (mc.movie_id = t.id)
              ->  Seq Scan on movie_companies mc  (cost=0.00..51404.11 rows=928406 width=4) (actual time=0.023..897.759 rows=928277 loops=1)
                    Filter: (company_id < 3283)
                    Rows Removed by Filter: 1680852
              ->  Hash  (cost=67604.59..67604.59 rows=1540800 width=4) (actual time=1583.190..1583.190 rows=1543264 loops=1)
                    Buckets: 131072  Batches: 32  Memory Usage: 2722kB
                    ->  Seq Scan on title t  (cost=0.00..67604.59 rows=1540800 width=4) (actual time=0.025..1092.389 rows=1543264 loops=1)
                          Filter: (kind_id = 7)
                          Rows Removed by Filter: 985048
Planning time: 1.114 ms
Execution time: 15297.541 ms
