Seq Scan on cast_info ci  (cost=0.00..796071.18 rows=9666074 width=0) (actual time=0.026..13425.414 rows=12670688 loops=1)
  Filter: ((person_id < 2818842) AND (role_id < 2))
  Rows Removed by Filter: 23573656
Planning time: 0.356 ms
Execution time: 14867.664 ms
