Hash Join  (cost=796926.65..1161588.47 rows=589 width=0) (actual time=10630.590..17050.765 rows=481 loops=1)
  Hash Cond: (mi.movie_id = t.id)
  ->  Seq Scan on movie_info mi  (cost=0.00..309384.22 rows=14739122 width=4) (actual time=0.011..3716.292 rows=14835720 loops=1)
  ->  Hash  (cost=796925.39..796925.39 rows=101 width=8) (actual time=10628.426..10628.426 rows=89 loops=1)
        Buckets: 1024  Batches: 1  Memory Usage: 12kB
        ->  Nested Loop  (cost=0.43..796925.39 rows=101 width=8) (actual time=7956.416..10628.373 rows=89 loops=1)
              ->  Seq Scan on cast_info ci  (cost=0.00..796071.18 rows=101 width=4) (actual time=7956.297..10626.398 rows=89 loops=1)
                    Filter: ((person_id = 2024906) AND (role_id = 2))
                    Rows Removed by Filter: 36244255
              ->  Index Only Scan using title_pkey on title t  (cost=0.43..8.45 rows=1 width=4) (actual time=0.021..0.021 rows=1 loops=89)
                    Index Cond: (id = ci.movie_id)
                    Heap Fetches: 89
Planning time: 1.854 ms
Execution time: 17051.086 ms
