Seq Scan on cast_info ci  (cost=0.00..796071.18 rows=8024699 width=0) (actual time=498.015..12492.679 rows=3963780 loops=1)
  Filter: ((person_id > 2188327) AND (role_id < 3))
  Rows Removed by Filter: 32280564
Planning time: 0.356 ms
Execution time: 12967.613 ms
