Hash Join  (cost=102767.86..1003677.58 rows=3946372 width=0) (actual time=6257.252..15647.582 rows=1671997 loops=1)
  Hash Cond: (ci.movie_id = t.id)
  ->  Seq Scan on cast_info ci  (cost=0.00..796071.18 rows=3946372 width=4) (actual time=4504.187..11845.983 rows=1671997 loops=1)
        Filter: ((person_id < 1950032) AND (role_id = 2))
        Rows Removed by Filter: 34572347
  ->  Hash  (cost=61283.27..61283.27 rows=2528527 width=4) (actual time=1751.549..1751.549 rows=2528312 loops=1)
        Buckets: 131072  Batches: 64  Memory Usage: 2415kB
        ->  Seq Scan on title t  (cost=0.00..61283.27 rows=2528527 width=4) (actual time=0.026..912.564 rows=2528312 loops=1)
Planning time: 7.431 ms
Execution time: 15853.376 ms
