Hash Join  (cost=52284.55..434053.75 rows=101 width=0) (actual time=1478.661..7695.660 rows=10 loops=1)
  Hash Cond: (mi.movie_id = t.id)
  ->  Seq Scan on movie_info mi  (cost=0.00..346232.03 rows=9476311 width=4) (actual time=196.334..5584.339 rows=9565151 loops=1)
        Filter: (info_type_id < 16)
        Rows Removed by Filter: 5270569
  ->  Hash  (cost=52284.21..52284.21 rows=27 width=8) (actual time=764.311..764.311 rows=1 loops=1)
        Buckets: 1024  Batches: 1  Memory Usage: 9kB
        ->  Nested Loop  (cost=0.43..52284.21 rows=27 width=8) (actual time=644.836..764.303 rows=1 loops=1)
              ->  Seq Scan on movie_companies mc  (cost=0.00..51404.11 rows=104 width=4) (actual time=8.082..762.977 rows=49 loops=1)
                    Filter: (company_id = 85420)
                    Rows Removed by Filter: 2609080
              ->  Index Scan using title_pkey on title t  (cost=0.43..8.45 rows=1 width=4) (actual time=0.025..0.025 rows=0 loops=49)
                    Index Cond: (id = mc.movie_id)
                    Filter: ((kind_id < 7) AND (production_year < 2008))
                    Rows Removed by Filter: 1
Planning time: 1.398 ms
Execution time: 7695.828 ms
