Hash Join  (cost=158938.46..606698.46 rows=1304952 width=0) (actual time=3596.248..13401.028 rows=4072754 loops=1)
  Hash Cond: (mi.movie_id = t.id)
  ->  Seq Scan on movie_info mi  (cost=0.00..346232.03 rows=7503588 width=4) (actual time=148.960..5602.046 rows=7548855 loops=1)
        Filter: (info_type_id > 7)
        Rows Removed by Filter: 7286865
  ->  Hash  (cost=151723.75..151723.75 rows=439737 width=8) (actual time=3446.483..3446.483 rows=455188 loops=1)
        Buckets: 131072  Batches: 8  Memory Usage: 3262kB
        ->  Hash Join  (cost=106840.27..151723.75 rows=439737 width=8) (actual time=1963.130..3303.318 rows=455188 loops=1)
              Hash Cond: (mi_idx.movie_id = t.id)
              ->  Seq Scan on movie_info_idx mi_idx  (cost=0.00..25185.44 rows=464934 width=4) (actual time=0.023..516.287 rows=460185 loops=1)
                    Filter: (info_type_id > 100)
                    Rows Removed by Filter: 919850
              ->  Hash  (cost=67604.59..67604.59 rows=2391495 width=4) (actual time=1961.974..1961.974 rows=2388876 loops=1)
                    Buckets: 131072  Batches: 32  Memory Usage: 3646kB
                    ->  Seq Scan on title t  (cost=0.00..67604.59 rows=2391495 width=4) (actual time=0.036..1211.857 rows=2388876 loops=1)
                          Filter: (production_year < 2013)
                          Rows Removed by Filter: 139436
Planning time: 1.167 ms
Execution time: 13831.323 ms
