Seq Scan on cast_info ci  (cost=0.00..796071.18 rows=3814127 width=0) (actual time=3560.278..14015.956 rows=4162134 loops=1)
  Filter: ((person_id > 395753) AND (role_id = 10))
  Rows Removed by Filter: 32082210
Planning time: 0.383 ms
Execution time: 14543.842 ms
