Hash Join  (cost=94699.36..449196.43 rows=3523 width=0) (actual time=3594.175..6634.577 rows=2037 loops=1)
  Hash Cond: (mi.movie_id = t.id)
  ->  Seq Scan on movie_info mi  (cost=0.00..346232.03 rows=2194617 width=4) (actual time=2005.519..4844.954 rows=2233850 loops=1)
        Filter: (info_type_id > 16)
        Rows Removed by Filter: 12601870
  ->  Hash  (cost=94648.62..94648.62 rows=4059 width=8) (actual time=1464.189..1464.189 rows=777 loops=1)
        Buckets: 4096  Batches: 1  Memory Usage: 63kB
        ->  Hash Join  (cost=67697.55..94648.62 rows=4059 width=8) (actual time=927.610..1463.796 rows=777 loops=1)
              Hash Cond: (mi_idx.movie_id = t.id)
              ->  Seq Scan on movie_info_idx mi_idx  (cost=0.00..21735.35 rows=1380035 width=4) (actual time=0.021..255.211 rows=1380035 loops=1)
              ->  Hash  (cost=67604.59..67604.59 rows=7437 width=4) (actual time=917.477..917.477 rows=7670 loops=1)
                    Buckets: 8192  Batches: 1  Memory Usage: 334kB
                    ->  Seq Scan on title t  (cost=0.00..67604.59 rows=7437 width=4) (actual time=0.035..914.209 rows=7670 loops=1)
                          Filter: (production_year = 1915)
                          Rows Removed by Filter: 2520642
Planning time: 1.160 ms
Execution time: 6635.065 ms
