Seq Scan on cast_info ci  (cost=0.00..796071.18 rows=19860718 width=0) (actual time=5079.362..15943.033 rows=19936808 loops=1)
  Filter: ((person_id > 29125) AND (role_id < 3))
  Rows Removed by Filter: 16307536
Planning time: 0.347 ms
Execution time: 18432.572 ms
