Hash Join  (cost=505750.53..1378050.26 rows=2034509 width=0) (actual time=12883.234..31661.125 rows=24161727 loops=1)
  Hash Cond: (ci.movie_id = t.id)
  ->  Seq Scan on cast_info ci  (cost=0.00..796071.18 rows=4441723 width=4) (actual time=4390.323..12741.021 rows=9915072 loops=1)
        Filter: ((person_id > 2721774) AND (role_id > 2))
        Rows Removed by Filter: 26329272
  ->  Hash  (cost=486748.29..486748.29 rows=1158179 width=8) (actual time=8491.972..8491.972 rows=1204709 loops=1)
        Buckets: 131072  Batches: 16  Memory Usage: 3882kB
        ->  Hash Join  (cost=102767.86..486748.29 rows=1158179 width=8) (actual time=2003.046..8124.906 rows=1204709 loops=1)
              Hash Cond: (mi.movie_id = t.id)
              ->  Seq Scan on movie_info mi  (cost=0.00..346232.03 rows=1158179 width=4) (actual time=220.894..4864.207 rows=1204709 loops=1)
                    Filter: (info_type_id > 18)
                    Rows Removed by Filter: 13631011
              ->  Hash  (cost=61283.27..61283.27 rows=2528527 width=4) (actual time=1779.723..1779.723 rows=2528312 loops=1)
                    Buckets: 131072  Batches: 64  Memory Usage: 2425kB
                    ->  Seq Scan on title t  (cost=0.00..61283.27 rows=2528527 width=4) (actual time=0.019..911.756 rows=2528312 loops=1)
Planning time: 1.152 ms
Execution time: 34238.217 ms
