Seq Scan on movie_companies mc  (cost=0.00..51404.11 rows=104 width=0) (actual time=279.728..690.482 rows=309 loops=1)
  Filter: (company_id = 73762)
  Rows Removed by Filter: 2608820
Planning time: 0.347 ms
Execution time: 690.602 ms
