Hash Join  (cost=80661.47..1089002.92 rows=2593884 width=0) (actual time=3423.902..30300.367 rows=3928069 loops=1)
  Hash Cond: (ci.movie_id = t.id)
  ->  Seq Scan on cast_info ci  (cost=0.00..796071.18 rows=15976383 width=4) (actual time=1660.391..15945.969 rows=19931500 loops=1)
        Filter: ((person_id < 2466522) AND (role_id < 4))
        Rows Removed by Filter: 16312844
  ->  Hash  (cost=73925.90..73925.90 rows=410525 width=4) (actual time=1762.653..1762.653 rows=456146 loops=1)
        Buckets: 131072  Batches: 8  Memory Usage: 3040kB
        ->  Seq Scan on title t  (cost=0.00..73925.90 rows=410525 width=4) (actual time=0.317..1118.638 rows=456146 loops=1)
              Filter: ((production_year < 2007) AND (kind_id = 1))
              Rows Removed by Filter: 2072166
Planning time: 0.787 ms
Execution time: 30744.490 ms
