Hash Join  (cost=102767.86..994770.81 rows=3576232 width=0) (actual time=2018.949..19582.593 rows=4008037 loops=1)
  Hash Cond: (ci.movie_id = t.id)
  ->  Seq Scan on cast_info ci  (cost=0.00..796071.18 rows=3576232 width=4) (actual time=289.999..14424.271 rows=4008037 loops=1)
        Filter: ((person_id < 3354092) AND (role_id = 3))
        Rows Removed by Filter: 32236307
  ->  Hash  (cost=61283.27..61283.27 rows=2528527 width=4) (actual time=1727.888..1727.888 rows=2528312 loops=1)
        Buckets: 131072  Batches: 64  Memory Usage: 2415kB
        ->  Seq Scan on title t  (cost=0.00..61283.27 rows=2528527 width=4) (actual time=0.017..862.104 rows=2528312 loops=1)
Planning time: 0.775 ms
Execution time: 20007.538 ms
