Hash Join  (cost=263115.61..1150011.57 rows=3412533 width=0) (actual time=11742.101..25796.849 rows=9988103 loops=1)
  Hash Cond: (ci.movie_id = t.id)
  ->  Seq Scan on cast_info ci  (cost=0.00..796071.18 rows=3307112 width=4) (actual time=5793.944..12828.771 rows=5589105 loops=1)
        Filter: ((person_id > 1974220) AND (role_id = 2))
        Rows Removed by Filter: 30655239
  ->  Hash  (cost=220309.49..220309.49 rows=2609129 width=8) (actual time=5946.558..5946.558 rows=2609129 loops=1)
        Buckets: 131072  Batches: 64  Memory Usage: 2610kB
        ->  Hash Join  (cost=102767.86..220309.49 rows=2609129 width=8) (actual time=1691.868..5159.860 rows=2609129 loops=1)
              Hash Cond: (mc.movie_id = t.id)
              ->  Seq Scan on movie_companies mc  (cost=0.00..44881.29 rows=2609129 width=4) (actual time=0.031..862.478 rows=2609129 loops=1)
              ->  Hash  (cost=61283.27..61283.27 rows=2528527 width=4) (actual time=1690.950..1690.950 rows=2528312 loops=1)
                    Buckets: 131072  Batches: 64  Memory Usage: 2415kB
                    ->  Seq Scan on title t  (cost=0.00..61283.27 rows=2528527 width=4) (actual time=0.021..836.300 rows=2528312 loops=1)
Planning time: 1.133 ms
Execution time: 26938.590 ms
