Hash Join  (cost=179723.98..316267.30 rows=1193528 width=0) (actual time=4180.603..13923.202 rows=29928030 loops=1)
  Hash Cond: (mk.movie_id = t.id)
  ->  Seq Scan on movie_keyword mk  (cost=0.00..69693.30 rows=4523930 width=4) (actual time=0.010..1342.146 rows=4523930 loops=1)
  ->  Hash  (cost=168779.35..168779.35 rows=667090 width=8) (actual time=4178.685..4178.685 rows=1279578 loops=1)
        Buckets: 131072 (originally 131072)  Batches: 32 (originally 16)  Memory Usage: 3073kB
        ->  Hash Join  (cost=84532.93..168779.35 rows=667090 width=8) (actual time=1395.236..3844.914 rows=1279578 loops=1)
              Hash Cond: (mc.movie_id = t.id)
              ->  Seq Scan on movie_companies mc  (cost=0.00..44881.29 rows=2609129 width=4) (actual time=0.020..867.059 rows=2609129 loops=1)
              ->  Hash  (cost=73925.90..73925.90 rows=646482 width=4) (actual time=1394.243..1394.243 rows=646877 loops=1)
                    Buckets: 131072  Batches: 16  Memory Usage: 2442kB
                    ->  Seq Scan on title t  (cost=0.00..73925.90 rows=646482 width=4) (actual time=0.016..1191.759 rows=646877 loops=1)
                          Filter: ((production_year > 1901) AND (kind_id = 1))
                          Rows Removed by Filter: 1881435
Planning time: 0.758 ms
Execution time: 17049.696 ms
