Hash Join  (cost=129161.14..1197679.85 rows=3379356 width=0) (actual time=2625.688..34989.946 rows=13500000 loops=1)
  Hash Cond: (ci.movie_id = t.id)
  ->  Seq Scan on cast_info ci  (cost=0.00..614943.12 rows=36225612 width=4) (actual time=0.010..11893.897 rows=36244344 loops=1)
  ->  Hash  (cost=125290.68..125290.68 rows=235877 width=8) (actual time=2624.927..2624.927 rows=505844 loops=1)
        Buckets: 131072 (originally 131072)  Batches: 8 (originally 4)  Memory Usage: 3512kB
        ->  Hash Join  (cost=84618.84..125290.68 rows=235877 width=8) (actual time=1296.759..2485.619 rows=505844 loops=1)
              Hash Cond: (mi_idx.movie_id = t.id)
              ->  Seq Scan on movie_info_idx mi_idx  (cost=0.00..25185.44 rows=915101 width=4) (actual time=0.011..531.282 rows=919850 loops=1)
                    Filter: (info_type_id < 101)
                    Rows Removed by Filter: 460185
              ->  Hash  (cost=73925.90..73925.90 rows=651755 width=4) (actual time=1295.898..1295.898 rows=711179 loops=1)
                    Buckets: 131072  Batches: 16  Memory Usage: 2590kB
                    ->  Seq Scan on title t  (cost=0.00..73925.90 rows=651755 width=4) (actual time=0.020..1075.559 rows=711179 loops=1)
                          Filter: ((kind_id < 7) AND (production_year < 2008))
                          Rows Removed by Filter: 1817133
Planning time: 1.190 ms
Execution time: 36525.142 ms
