Hash Join  (cost=102767.86..1074005.62 rows=6869082 width=0) (actual time=1767.984..27297.788 rows=12670688 loops=1)
  Hash Cond: (ci.movie_id = t.id)
  ->  Seq Scan on cast_info ci  (cost=0.00..796071.18 rows=6869082 width=4) (actual time=0.016..14814.035 rows=12670688 loops=1)
        Filter: ((person_id < 1947553) AND (role_id = 1))
        Rows Removed by Filter: 23573656
  ->  Hash  (cost=61283.27..61283.27 rows=2528527 width=4) (actual time=1767.046..1767.046 rows=2528312 loops=1)
        Buckets: 131072  Batches: 64  Memory Usage: 2415kB
        ->  Seq Scan on title t  (cost=0.00..61283.27 rows=2528527 width=4) (actual time=0.006..915.447 rows=2528312 loops=1)
Planning time: 0.536 ms
Execution time: 28800.795 ms
