Hash Join  (cost=128632.04..493327.32 rows=3935 width=0) (actual time=1890.984..8274.739 rows=80411 loops=1)
  Hash Cond: (mi.movie_id = t.id)
  ->  Seq Scan on movie_info mi  (cost=0.00..309384.22 rows=14739122 width=4) (actual time=0.011..3707.928 rows=14835720 loops=1)
  ->  Hash  (cost=128623.61..128623.61 rows=675 width=8) (actual time=1890.338..1890.338 rows=1401 loops=1)
        Buckets: 2048 (originally 1024)  Batches: 1 (originally 1)  Memory Usage: 71kB
        ->  Hash Join  (cost=73950.44..128623.61 rows=675 width=8) (actual time=975.471..1889.635 rows=1401 loops=1)
              Hash Cond: (mc.movie_id = t.id)
              ->  Seq Scan on movie_companies mc  (cost=0.00..51404.11 rows=869947 width=4) (actual time=0.014..767.077 rows=864467 loops=1)
                    Filter: (company_id < 2561)
                    Rows Removed by Filter: 1744662
              ->  Hash  (cost=73925.90..73925.90 rows=1963 width=4) (actual time=972.934..972.934 rows=4053 loops=1)
                    Buckets: 4096 (originally 2048)  Batches: 1 (originally 1)  Memory Usage: 175kB
                    ->  Seq Scan on title t  (cost=0.00..73925.90 rows=1963 width=4) (actual time=0.059..971.112 rows=4053 loops=1)
                          Filter: ((kind_id = 1) AND (production_year = 1967))
                          Rows Removed by Filter: 2524259
Planning time: 2.796 ms
Execution time: 8284.731 ms
