Hash Join  (cost=100844.74..183760.34 rows=37 width=0) (actual time=1595.670..3031.686 rows=240 loops=1)
  Hash Cond: (mk.movie_id = t.id)
  ->  Seq Scan on movie_keyword mk  (cost=0.00..81003.12 rows=509895 width=4) (actual time=0.015..1365.279 rows=509486 loops=1)
        Filter: (keyword_id < 373)
        Rows Removed by Filter: 4014444
  ->  Hash  (cost=100842.44..100842.44 rows=184 width=8) (actual time=1594.875..1594.875 rows=282 loops=1)
        Buckets: 1024  Batches: 1  Memory Usage: 20kB
        ->  Hash Join  (cost=73930.12..100842.44 rows=184 width=8) (actual time=1178.754..1594.700 rows=282 loops=1)
              Hash Cond: (mi_idx.movie_id = t.id)
              ->  Seq Scan on movie_info_idx mi_idx  (cost=0.00..21735.35 rows=1380035 width=4) (actual time=0.016..313.195 rows=1380035 loops=1)
              ->  Hash  (cost=73925.90..73925.90 rows=337 width=4) (actual time=1043.300..1043.300 rows=169 loops=1)
                    Buckets: 1024  Batches: 1  Memory Usage: 14kB
                    ->  Seq Scan on title t  (cost=0.00..73925.90 rows=337 width=4) (actual time=6.028..1043.136 rows=169 loops=1)
                          Filter: ((kind_id = 4) AND (production_year = 1983))
                          Rows Removed by Filter: 2528143
Planning time: 0.732 ms
Execution time: 3031.843 ms
