Hash Join  (cost=83072.91..137738.45 rows=1 width=0) (actual time=1281.170..2165.265 rows=3 loops=1)
  Hash Cond: (mc.movie_id = t.id)
  ->  Seq Scan on movie_companies mc  (cost=0.00..44881.29 rows=2609129 width=4) (actual time=0.022..499.768 rows=2609129 loops=1)
  ->  Hash  (cost=83072.90..83072.90 rows=1 width=8) (actual time=1197.414..1197.414 rows=1 loops=1)
        Buckets: 1024  Batches: 1  Memory Usage: 9kB
        ->  Nested Loop  (cost=0.43..83072.90 rows=1 width=8) (actual time=651.706..1197.397 rows=1 loops=1)
              ->  Seq Scan on movie_keyword mk  (cost=0.00..81003.12 rows=246 width=4) (actual time=0.326..1148.571 rows=2024 loops=1)
                    Filter: (keyword_id = 2241)
                    Rows Removed by Filter: 4521906
              ->  Index Scan using title_pkey on title t  (cost=0.43..8.40 rows=1 width=4) (actual time=0.023..0.023 rows=0 loops=2024)
                    Index Cond: (id = mk.movie_id)
                    Filter: ((kind_id = 2) AND (production_year = 2013))
                    Rows Removed by Filter: 1
Planning time: 0.972 ms
Execution time: 2165.382 ms
