Seq Scan on movie_keyword mk  (cost=0.00..81003.12 rows=246 width=0) (actual time=0.179..741.719 rows=548 loops=1)
  Filter: (keyword_id = 1757)
  Rows Removed by Filter: 4523382
Planning time: 0.239 ms
Execution time: 741.975 ms
