Hash Join  (cost=797558.08..824469.41 rows=85 width=0) (actual time=8749.149..9320.663 rows=282 loops=1)
  Hash Cond: (mi_idx.movie_id = t.id)
  ->  Seq Scan on movie_info_idx mi_idx  (cost=0.00..21735.35 rows=1380035 width=4) (actual time=0.008..319.430 rows=1380035 loops=1)
  ->  Hash  (cost=797556.14..797556.14 rows=155 width=8) (actual time=8742.099..8742.099 rows=147 loops=1)
        Buckets: 1024  Batches: 1  Memory Usage: 14kB
        ->  Nested Loop  (cost=0.43..797556.14 rows=155 width=8) (actual time=2477.312..8742.010 rows=147 loops=1)
              ->  Seq Scan on cast_info ci  (cost=0.00..796071.18 rows=176 width=4) (actual time=2477.227..8738.717 rows=150 loops=1)
                    Filter: ((person_id = 1033422) AND (role_id = 1))
                    Rows Removed by Filter: 36244194
              ->  Index Scan using title_pkey on title t  (cost=0.43..8.43 rows=1 width=4) (actual time=0.021..0.021 rows=1 loops=150)
                    Index Cond: (id = ci.movie_id)
                    Filter: (production_year < 2012)
                    Rows Removed by Filter: 0
Planning time: 1.174 ms
Execution time: 9320.867 ms
