Seq Scan on cast_info ci  (cost=0.00..705507.15 rows=28769456 width=0) (actual time=0.017..12653.393 rows=28857530 loops=1)
  Filter: (person_id > 714735)
  Rows Removed by Filter: 7386814
Planning time: 0.332 ms
Execution time: 16328.780 ms
