Seq Scan on movie_companies mc  (cost=0.00..57926.93 rows=1219854 width=0) (actual time=275.894..1093.052 rows=1118129 loops=1)
  Filter: ((company_id < 108804) AND (company_type_id = 2))
  Rows Removed by Filter: 1491000
Planning time: 0.348 ms
Execution time: 1230.909 ms
