Nested Loop  (cost=0.43..83072.90 rows=73 width=0) (actual time=1.414..1137.024 rows=90 loops=1)
  ->  Seq Scan on movie_keyword mk  (cost=0.00..81003.12 rows=246 width=4) (actual time=1.362..1132.817 rows=123 loops=1)
        Filter: (keyword_id = 7319)
        Rows Removed by Filter: 4523807
  ->  Index Scan using title_pkey on title t  (cost=0.43..8.40 rows=1 width=4) (actual time=0.030..0.031 rows=1 loops=123)
        Index Cond: (id = mk.movie_id)
        Filter: ((kind_id < 7) AND (production_year < 2010))
        Rows Removed by Filter: 0
Planning time: 0.651 ms
Execution time: 1137.180 ms
