Hash Join  (cost=73994.33..471794.02 rows=29599 width=0) (actual time=1177.205..8926.989 rows=40783 loops=1)
  Hash Cond: (mi.movie_id = t.id)
  ->  Seq Scan on movie_info mi  (cost=0.00..346232.03 rows=13672446 width=4) (actual time=0.014..5555.271 rows=13707135 loops=1)
        Filter: (info_type_id < 62)
        Rows Removed by Filter: 1128585
  ->  Hash  (cost=73925.90..73925.90 rows=5474 width=4) (actual time=1172.333..1172.333 rows=9627 loops=1)
        Buckets: 16384 (originally 8192)  Batches: 1 (originally 1)  Memory Usage: 467kB
        ->  Seq Scan on title t  (cost=0.00..73925.90 rows=5474 width=4) (actual time=0.136..1167.552 rows=9627 loops=1)
              Filter: ((kind_id > 1) AND (production_year = 1976))
              Rows Removed by Filter: 2518685
Planning time: 0.851 ms
Execution time: 8933.790 ms
