Nested Loop  (cost=0.43..83071.67 rows=246 width=0) (actual time=0.810..1194.501 rows=158 loops=1)
  ->  Seq Scan on movie_keyword mk  (cost=0.00..81003.12 rows=246 width=4) (actual time=0.758..1187.561 rows=158 loops=1)
        Filter: (keyword_id = 20948)
        Rows Removed by Filter: 4523772
  ->  Index Only Scan using title_pkey on title t  (cost=0.43..8.40 rows=1 width=4) (actual time=0.041..0.041 rows=1 loops=158)
        Index Cond: (id = mk.movie_id)
        Heap Fetches: 158
Planning time: 1.182 ms
Execution time: 1194.672 ms
