Hash Join  (cost=74019.21..957492.27 rows=68263 width=0) (actual time=905.770..21590.672 rows=39115 loops=1)
  Hash Cond: (ci.movie_id = t.id)
  ->  Seq Scan on cast_info ci  (cost=0.00..796071.18 rows=23125134 width=4) (actual time=0.020..16879.586 rows=22973772 loops=1)
        Filter: ((person_id < 3945588) AND (role_id > 1))
        Rows Removed by Filter: 13270572
  ->  Hash  (cost=73925.90..73925.90 rows=7464 width=4) (actual time=905.073..905.073 rows=5186 loops=1)
        Buckets: 8192  Batches: 1  Memory Usage: 247kB
        ->  Seq Scan on title t  (cost=0.00..73925.90 rows=7464 width=4) (actual time=409.458..902.556 rows=5186 loops=1)
              Filter: ((kind_id = 4) AND (production_year = 2012))
              Rows Removed by Filter: 2523126
Planning time: 0.563 ms
Execution time: 21599.225 ms
