Hash Join  (cost=138065.72..506232.59 rows=351095 width=0) (actual time=2699.771..10949.253 rows=650620 loops=1)
  Hash Cond: (mi.movie_id = t.id)
  ->  Seq Scan on movie_info mi  (cost=0.00..309384.22 rows=14739122 width=4) (actual time=0.007..4155.264 rows=14835720 loops=1)
  ->  Hash  (cost=137312.83..137312.83 rows=60231 width=8) (actual time=2466.119..2466.119 rows=69964 loops=1)
        Buckets: 131072 (originally 65536)  Batches: 1 (originally 1)  Memory Usage: 3757kB
        ->  Hash Join  (cost=69484.36..137312.83 rows=60231 width=8) (actual time=977.284..2438.760 rows=69964 loops=1)
              Hash Cond: (mc.movie_id = t.id)
              ->  Seq Scan on movie_companies mc  (cost=0.00..51404.11 rows=1329612 width=4) (actual time=0.022..915.776 rows=1334883 loops=1)
                    Filter: (company_type_id > 1)
                    Rows Removed by Filter: 1274246
              ->  Hash  (cost=67604.59..67604.59 rows=114542 width=4) (actual time=976.600..976.600 rows=118234 loops=1)
                    Buckets: 131072  Batches: 2  Memory Usage: 3101kB
                    ->  Seq Scan on title t  (cost=0.00..67604.59 rows=114542 width=4) (actual time=41.485..935.274 rows=118234 loops=1)
                          Filter: (kind_id = 4)
                          Rows Removed by Filter: 2410078
Planning time: 1.562 ms
Execution time: 11041.934 ms
