Hash Join  (cost=84873.07..559529.70 rows=2337816 width=0) (actual time=1413.564..11544.370 rows=774638 loops=1)
  Hash Cond: (mi.movie_id = t.id)
  ->  Seq Scan on movie_info mi  (cost=0.00..346232.03 rows=8859586 width=4) (actual time=0.020..5680.570 rows=8966694 loops=1)
        Filter: (info_type_id < 15)
        Rows Removed by Filter: 5869026
  ->  Hash  (cost=73925.90..73925.90 rows=667213 width=4) (actual time=1412.546..1412.546 rows=735772 loops=1)
        Buckets: 131072  Batches: 16  Memory Usage: 2653kB
        ->  Seq Scan on title t  (cost=0.00..73925.90 rows=667213 width=4) (actual time=0.020..1174.393 rows=735772 loops=1)
              Filter: ((kind_id > 3) AND (production_year > 2005))
              Rows Removed by Filter: 1792540
Planning time: 0.744 ms
Execution time: 11642.107 ms
