Hash Join  (cost=849667.47..988644.18 rows=1393268 width=0) (actual time=13251.739..17489.462 rows=3927249 loops=1)
  Hash Cond: (mk.movie_id = t.id)
  ->  Seq Scan on movie_keyword mk  (cost=0.00..69693.30 rows=4523930 width=4) (actual time=0.018..1307.289 rows=4523930 loops=1)
  ->  Hash  (cost=836891.35..836891.35 rows=778729 width=8) (actual time=13250.022..13250.022 rows=665417 loops=1)
        Buckets: 131072  Batches: 16  Memory Usage: 2640kB
        ->  Hash Join  (cost=102767.86..836891.35 rows=778729 width=8) (actual time=2018.139..13058.851 rows=665417 loops=1)
              Hash Cond: (ci.movie_id = t.id)
              ->  Seq Scan on cast_info ci  (cost=0.00..705507.15 rows=778729 width=4) (actual time=257.737..10325.617 rows=665417 loops=1)
                    Filter: (person_id < 71225)
                    Rows Removed by Filter: 35578927
              ->  Hash  (cost=61283.27..61283.27 rows=2528527 width=4) (actual time=1759.332..1759.332 rows=2528312 loops=1)
                    Buckets: 131072  Batches: 64  Memory Usage: 2415kB
                    ->  Seq Scan on title t  (cost=0.00..61283.27 rows=2528527 width=4) (actual time=0.022..896.589 rows=2528312 loops=1)
Planning time: 1.087 ms
Execution time: 17931.921 ms
