Hash Join  (cost=102767.86..1334431.11 rows=21455637 width=0) (actual time=1971.231..35206.600 rows=21303029 loops=1)
  Hash Cond: (ci.movie_id = t.id)
  ->  Seq Scan on cast_info ci  (cost=0.00..705507.15 rows=21455637 width=4) (actual time=0.020..15215.010 rows=21303029 loops=1)
        Filter: (person_id < 2156365)
        Rows Removed by Filter: 14941315
  ->  Hash  (cost=61283.27..61283.27 rows=2528527 width=4) (actual time=1970.372..1970.372 rows=2528312 loops=1)
        Buckets: 131072  Batches: 64  Memory Usage: 2415kB
        ->  Seq Scan on title t  (cost=0.00..61283.27 rows=2528527 width=4) (actual time=0.017..1131.822 rows=2528312 loops=1)
Planning time: 0.805 ms
Execution time: 37595.109 ms
