Hash Join  (cost=102767.86..192578.67 rows=914454 width=0) (actual time=2065.351..3656.123 rows=592478 loops=1)
  Hash Cond: (mc.movie_id = t.id)
  ->  Seq Scan on movie_companies mc  (cost=0.00..57926.93 rows=914454 width=4) (actual time=234.024..960.306 rows=592478 loops=1)
        Filter: ((company_id < 28158) AND (company_type_id > 1))
        Rows Removed by Filter: 2016651
  ->  Hash  (cost=61283.27..61283.27 rows=2528527 width=4) (actual time=1829.988..1829.988 rows=2528312 loops=1)
        Buckets: 131072  Batches: 64  Memory Usage: 2415kB
        ->  Seq Scan on title t  (cost=0.00..61283.27 rows=2528527 width=4) (actual time=0.024..964.136 rows=2528312 loops=1)
Planning time: 0.575 ms
Execution time: 3726.026 ms
