Hash Join  (cost=102767.86..275579.05 rows=3404804 width=0) (actual time=1814.768..6902.628 rows=3395956 loops=1)
  Hash Cond: (mk.movie_id = t.id)
  ->  Seq Scan on movie_keyword mk  (cost=0.00..81003.12 rows=3404804 width=4) (actual time=0.013..1619.164 rows=3395956 loops=1)
        Filter: (keyword_id > 1221)
        Rows Removed by Filter: 1127974
  ->  Hash  (cost=61283.27..61283.27 rows=2528527 width=4) (actual time=1812.303..1812.303 rows=2528312 loops=1)
        Buckets: 131072  Batches: 64  Memory Usage: 2425kB
        ->  Seq Scan on title t  (cost=0.00..61283.27 rows=2528527 width=4) (actual time=0.010..948.867 rows=2528312 loops=1)
Planning time: 0.638 ms
Execution time: 7293.920 ms
