Hash Join  (cost=263115.61..1129033.81 rows=2524707 width=0) (actual time=9872.576..26725.660 rows=17712701 loops=1)
  Hash Cond: (ci.movie_id = t.id)
  ->  Seq Scan on cast_info ci  (cost=0.00..796071.18 rows=2446713 width=4) (actual time=3920.608..12161.027 rows=6502350 loops=1)
        Filter: ((person_id > 2937278) AND (role_id > 3))
        Rows Removed by Filter: 29741994
  ->  Hash  (cost=220309.49..220309.49 rows=2609129 width=8) (actual time=5949.726..5949.726 rows=2609129 loops=1)
        Buckets: 131072  Batches: 64  Memory Usage: 2610kB
        ->  Hash Join  (cost=102767.86..220309.49 rows=2609129 width=8) (actual time=1797.403..5245.172 rows=2609129 loops=1)
              Hash Cond: (mc.movie_id = t.id)
              ->  Seq Scan on movie_companies mc  (cost=0.00..44881.29 rows=2609129 width=4) (actual time=0.026..881.851 rows=2609129 loops=1)
              ->  Hash  (cost=61283.27..61283.27 rows=2528527 width=4) (actual time=1795.326..1795.326 rows=2528312 loops=1)
                    Buckets: 131072  Batches: 64  Memory Usage: 2415kB
                    ->  Seq Scan on title t  (cost=0.00..61283.27 rows=2528527 width=4) (actual time=0.024..975.857 rows=2528312 loops=1)
Planning time: 1.195 ms
Execution time: 28874.051 ms
