Hash Join  (cost=131110.87..884360.95 rows=246091 width=0) (actual time=2312.393..18938.504 rows=799037 loops=1)
  Hash Cond: (ci.movie_id = t.id)
  ->  Seq Scan on cast_info ci  (cost=0.00..614943.12 rows=36225612 width=4) (actual time=0.013..7492.570 rows=36244344 loops=1)
  ->  Hash  (cost=130896.16..130896.16 rows=17177 width=8) (actual time=2312.122..2312.122 rows=26728 loops=1)
        Buckets: 32768  Batches: 1  Memory Usage: 1301kB
        ->  Hash Join  (cost=74334.23..130896.16 rows=17177 width=8) (actual time=1096.153..2301.699 rows=26728 loops=1)
              Hash Cond: (mc.movie_id = t.id)
              ->  Seq Scan on movie_companies mc  (cost=0.00..51404.11 rows=1329612 width=4) (actual time=0.016..907.087 rows=1334883 loops=1)
                    Filter: (company_type_id = 2)
                    Rows Removed by Filter: 1274246
              ->  Hash  (cost=73925.90..73925.90 rows=32666 width=4) (actual time=1095.904..1095.904 rows=22974 loops=1)
                    Buckets: 32768  Batches: 1  Memory Usage: 1064kB
                    ->  Seq Scan on title t  (cost=0.00..73925.90 rows=32666 width=4) (actual time=0.114..1085.380 rows=22974 loops=1)
                          Filter: ((kind_id < 4) AND (production_year = 2005))
                          Rows Removed by Filter: 2505338
Planning time: 1.163 ms
Execution time: 19052.388 ms
