Hash Join  (cost=889403.79..1272716.44 rows=23282 width=0) (actual time=14940.730..22225.706 rows=909040 loops=1)
  Hash Cond: (mi.movie_id = t.id)
  ->  Seq Scan on movie_info mi  (cost=0.00..309384.22 rows=14739122 width=4) (actual time=0.008..3581.163 rows=14835720 loops=1)
  ->  Hash  (cost=889353.86..889353.86 rows=3994 width=8) (actual time=14940.620..14940.620 rows=24082 loops=1)
        Buckets: 32768 (originally 4096)  Batches: 1 (originally 1)  Memory Usage: 1197kB
        ->  Hash Join  (cost=73950.44..889353.86 rows=3994 width=8) (actual time=6049.033..14927.228 rows=24082 loops=1)
              Hash Cond: (ci.movie_id = t.id)
              ->  Seq Scan on cast_info ci  (cost=0.00..796071.18 rows=5144613 width=4) (actual time=5253.008..12372.627 rows=10314842 loops=1)
                    Filter: ((person_id > 2545408) AND (role_id > 2))
                    Rows Removed by Filter: 25929502
              ->  Hash  (cost=73925.90..73925.90 rows=1963 width=4) (actual time=795.401..795.401 rows=4939 loops=1)
                    Buckets: 8192 (originally 2048)  Batches: 1 (originally 1)  Memory Usage: 238kB
                    ->  Seq Scan on title t  (cost=0.00..73925.90 rows=1963 width=4) (actual time=0.171..793.071 rows=4939 loops=1)
                          Filter: ((kind_id = 1) AND (production_year = 1989))
                          Rows Removed by Filter: 2523373
Planning time: 1.176 ms
Execution time: 22334.826 ms
