Seq Scan on movie_companies mc  (cost=0.00..51404.11 rows=2051230 width=0) (actual time=0.010..965.029 rows=2053864 loops=1)
  Filter: (company_id > 575)
  Rows Removed by Filter: 555265
Planning time: 0.294 ms
Execution time: 1218.564 ms
