Seq Scan on cast_info ci  (cost=0.00..796071.18 rows=320326 width=0) (actual time=1058.283..14130.378 rows=305336 loops=1)
  Filter: ((person_id > 291838) AND (role_id > 10))
  Rows Removed by Filter: 35939008
Planning time: 9.617 ms
Execution time: 14168.648 ms
