Hash Join  (cost=1200768.95..2173679.78 rows=37580139 width=0) (actual time=24093.749..41885.050 rows=18172165 loops=1)
  Hash Cond: (mi.movie_id = t.id)
  ->  Seq Scan on movie_info mi  (cost=0.00..309384.22 rows=14739122 width=4) (actual time=0.021..5406.514 rows=14835720 loops=1)
  ->  Hash  (cost=1094998.06..1094998.06 rows=6446951 width=8) (actual time=23867.705..23867.705 rows=4715968 loops=1)
        Buckets: 131072  Batches: 128  Memory Usage: 2445kB
        ->  Hash Join  (cost=92883.59..1094998.06 rows=6446951 width=8) (actual time=1603.548..22457.062 rows=4715968 loops=1)
              Hash Cond: (ci.movie_id = t.id)
              ->  Seq Scan on cast_info ci  (cost=0.00..796071.18 rows=10579757 width=4) (actual time=0.023..14704.046 rows=8326142 loops=1)
                    Filter: ((person_id > 581250) AND (role_id < 2))
                    Rows Removed by Filter: 27918202
              ->  Hash  (cost=67604.59..67604.59 rows=1540800 width=4) (actual time=1602.290..1602.290 rows=1543264 loops=1)
                    Buckets: 131072  Batches: 32  Memory Usage: 2722kB
                    ->  Seq Scan on title t  (cost=0.00..67604.59 rows=1540800 width=4) (actual time=0.029..1108.207 rows=1543264 loops=1)
                          Filter: (kind_id = 7)
                          Rows Removed by Filter: 985048
Planning time: 1.206 ms
Execution time: 43882.761 ms
