Seq Scan on cast_info ci  (cost=0.00..796071.18 rows=224 width=0) (actual time=2458.943..11469.518 rows=2107 loops=1)
  Filter: ((role_id > 2) AND (person_id = 1301581))
  Rows Removed by Filter: 36242237
Planning time: 0.411 ms
Execution time: 11469.822 ms
