Hash Join  (cost=567211.30..1893781.91 rows=6459537 width=0) (actual time=12654.395..41701.830 rows=5288386 loops=1)
  Hash Cond: (ci.movie_id = t.id)
  ->  Seq Scan on cast_info ci  (cost=0.00..614943.12 rows=36225612 width=4) (actual time=0.026..12961.912 rows=36244344 loops=1)
  ->  Hash  (cost=559813.40..559813.40 rows=450872 width=8) (actual time=12652.300..12652.300 rows=187492 loops=1)
        Buckets: 131072  Batches: 8  Memory Usage: 1929kB
        ->  Hash Join  (cost=75195.76..559813.40 rows=450872 width=8) (actual time=1474.738..12580.312 rows=187492 loops=1)
              Hash Cond: (mi.movie_id = t.id)
              ->  Seq Scan on movie_info mi  (cost=0.00..309384.22 rows=14739122 width=4) (actual time=0.016..6068.982 rows=14835720 loops=1)
              ->  Hash  (cost=73925.90..73925.90 rows=77348 width=4) (actual time=1313.506..1313.506 rows=84109 loops=1)
                    Buckets: 131072  Batches: 2  Memory Usage: 2515kB
                    ->  Seq Scan on title t  (cost=0.00..73925.90 rows=77348 width=4) (actual time=0.022..1274.686 rows=84109 loops=1)
                          Filter: ((kind_id = 7) AND (production_year = 2008))
                          Rows Removed by Filter: 2444203
Planning time: 1.184 ms
Execution time: 42278.610 ms
