Hash Join  (cost=146153.72..514669.06 rows=385941 width=0) (actual time=2117.394..8438.457 rows=12191 loops=1)
  Hash Cond: (mi.movie_id = t.id)
  ->  Seq Scan on movie_info mi  (cost=0.00..309384.22 rows=14739122 width=4) (actual time=0.011..3318.134 rows=14835720 loops=1)
  ->  Hash  (cost=145326.11..145326.11 rows=66209 width=8) (actual time=2116.554..2116.554 rows=1099 loops=1)
        Buckets: 131072  Batches: 1  Memory Usage: 1067kB
        ->  Hash Join  (cost=80154.44..145326.11 rows=66209 width=8) (actual time=1325.101..2115.253 rows=1099 loops=1)
              Hash Cond: (mc.movie_id = t.id)
              ->  Seq Scan on movie_companies mc  (cost=0.00..57926.93 rows=440972 width=4) (actual time=110.866..812.145 rows=124586 loops=1)
                    Filter: ((company_id > 20952) AND (company_type_id < 2))
                    Rows Removed by Filter: 2484543
              ->  Hash  (cost=73925.90..73925.90 rows=379643 width=4) (actual time=1210.172..1210.172 rows=239219 loops=1)
                    Buckets: 131072  Batches: 8  Memory Usage: 2069kB
                    ->  Seq Scan on title t  (cost=0.00..73925.90 rows=379643 width=4) (actual time=0.041..1129.753 rows=239219 loops=1)
                          Filter: ((kind_id > 1) AND (production_year < 1980))
                          Rows Removed by Filter: 2289093
Planning time: 1.201 ms
Execution time: 8441.005 ms
