Nested Loop  (cost=0.43..83071.67 rows=246 width=0) (actual time=0.108..476.980 rows=1726 loops=1)
  ->  Seq Scan on movie_keyword mk  (cost=0.00..81003.12 rows=246 width=4) (actual time=0.065..456.082 rows=1726 loops=1)
        Filter: (keyword_id = 3779)
        Rows Removed by Filter: 4522204
  ->  Index Only Scan using title_pkey on title t  (cost=0.43..8.40 rows=1 width=4) (actual time=0.011..0.012 rows=1 loops=1726)
        Index Cond: (id = mk.movie_id)
        Heap Fetches: 1726
Planning time: 0.478 ms
Execution time: 477.421 ms
