Hash Join  (cost=122800.39..271039.23 rows=1320459 width=106) (actual time=2959.975..6617.900 rows=1253177 loops=1)
  Hash Cond: (mk.movie_id = t.id)
  ->  Seq Scan on movie_keyword mk  (cost=0.00..81003.12 rows=1642226 width=12) (actual time=0.014..1907.063 rows=1651629 loops=1)
        Filter: (keyword_id < 2521)
        Rows Removed by Filter: 2872301
  ->  Hash  (cost=67604.59..67604.59 rows=2033104 width=94) (actual time=2957.903..2957.903 rows=2032439 loops=1)
        Buckets: 32768  Batches: 128  Memory Usage: 2038kB
        ->  Seq Scan on title t  (cost=0.00..67604.59 rows=2033104 width=94) (actual time=0.018..1643.946 rows=2032439 loops=1)
              Filter: (production_year > 1973)
              Rows Removed by Filter: 495873
Planning time: 0.873 ms
Execution time: 6680.468 ms
