Hash Join  (cost=153776.53..290222.22 rows=1185466 width=0) (actual time=3312.267..7134.564 rows=1995243 loops=1)
  Hash Cond: (mk.movie_id = t.id)
  ->  Seq Scan on movie_keyword mk  (cost=0.00..69693.30 rows=4523930 width=4) (actual time=0.012..1356.144 rows=4523930 loops=1)
  ->  Hash  (cost=142905.23..142905.23 rows=662584 width=8) (actual time=3310.908..3310.908 rows=515229 loops=1)
        Buckets: 131072  Batches: 16  Memory Usage: 2297kB
        ->  Hash Join  (cost=93843.90..142905.23 rows=662584 width=8) (actual time=1763.664..3146.282 rows=515229 loops=1)
              Hash Cond: (mi_idx.movie_id = t.id)
              ->  Seq Scan on movie_info_idx mi_idx  (cost=0.00..21735.35 rows=1380035 width=4) (actual time=0.013..377.773 rows=1380035 loops=1)
              ->  Hash  (cost=73925.90..73925.90 rows=1214000 width=4) (actual time=1762.392..1762.392 rows=1328829 loops=1)
                    Buckets: 131072  Batches: 16  Memory Usage: 3951kB
                    ->  Seq Scan on title t  (cost=0.00..73925.90 rows=1214000 width=4) (actual time=0.022..1343.613 rows=1328829 loops=1)
                          Filter: ((kind_id > 1) AND (production_year > 1994))
                          Rows Removed by Filter: 1199483
Planning time: 1.073 ms
Execution time: 7382.091 ms
