Seq Scan on movie_companies mc  (cost=0.00..51404.11 rows=104 width=0) (actual time=1.148..829.111 rows=424 loops=1)
  Filter: (company_id = 11420)
  Rows Removed by Filter: 2608705
Planning time: 0.352 ms
Execution time: 829.351 ms
