Seq Scan on movie_keyword mk  (cost=0.00..81003.12 rows=2954904 width=0) (actual time=0.025..1341.360 rows=2937331 loops=1)
  Filter: (keyword_id < 9802)
  Rows Removed by Filter: 1586599
Planning time: 0.307 ms
Execution time: 1702.167 ms
