Hash Join  (cost=102767.86..177551.54 rows=290015 width=0) (actual time=1840.893..3170.197 rows=425903 loops=1)
  Hash Cond: (mc.movie_id = t.id)
  ->  Seq Scan on movie_companies mc  (cost=0.00..57926.93 rows=290015 width=4) (actual time=228.420..804.655 rows=425903 loops=1)
        Filter: ((company_id < 677) AND (company_type_id < 2))
        Rows Removed by Filter: 2183226
  ->  Hash  (cost=61283.27..61283.27 rows=2528527 width=4) (actual time=1611.076..1611.076 rows=2528312 loops=1)
        Buckets: 131072  Batches: 64  Memory Usage: 2415kB
        ->  Seq Scan on title t  (cost=0.00..61283.27 rows=2528527 width=4) (actual time=0.027..815.630 rows=2528312 loops=1)
Planning time: 0.750 ms
Execution time: 3221.761 ms
