Seq Scan on cast_info ci  (cost=0.00..796071.18 rows=6868520 width=0) (actual time=842.248..10736.113 rows=8927856 loops=1)
  Filter: ((person_id < 1217089) AND (role_id < 3))
  Rows Removed by Filter: 27316488
Planning time: 0.231 ms
Execution time: 11721.139 ms
