Hash Join  (cost=76243.83..876471.64 rows=16606 width=0) (actual time=3351.073..12476.638 rows=52311 loops=1)
  Hash Cond: (ci.movie_id = t.id)
  ->  Seq Scan on cast_info ci  (cost=0.00..796071.18 rows=297218 width=4) (actual time=2429.554..11223.716 rows=792917 loops=1)
        Filter: ((person_id > 2767414) AND (role_id = 9))
        Rows Removed by Filter: 35451427
  ->  Hash  (cost=73925.90..73925.90 rows=141274 width=4) (actual time=920.592..920.592 rows=150659 loops=1)
        Buckets: 131072  Batches: 2  Memory Usage: 3673kB
        ->  Seq Scan on title t  (cost=0.00..73925.90 rows=141274 width=4) (actual time=0.031..868.402 rows=150659 loops=1)
              Filter: ((production_year > 2011) AND (kind_id = 7))
              Rows Removed by Filter: 2377653
Planning time: 0.781 ms
Execution time: 12482.174 ms
