Hash Join  (cost=205773.86..1304613.57 rows=6330949 width=0) (actual time=3697.665..31908.170 rows=5628889 loops=1)
  Hash Cond: (ci.movie_id = t.id)
  ->  Seq Scan on cast_info ci  (cost=0.00..614943.12 rows=36225612 width=4) (actual time=0.024..11673.817 rows=36244344 loops=1)
  ->  Hash  (cost=198523.15..198523.15 rows=441897 width=8) (actual time=3696.802..3696.802 rows=188804 loops=1)
        Buckets: 131072  Batches: 8  Memory Usage: 1945kB
        ->  Hash Join  (cost=98137.04..198523.15 rows=441897 width=8) (actual time=1785.109..3647.501 rows=188804 loops=1)
              Hash Cond: (mk.movie_id = t.id)
              ->  Seq Scan on movie_keyword mk  (cost=0.00..81003.12 rows=600403 width=4) (actual time=0.032..1289.035 rows=604063 loops=1)
                    Filter: (keyword_id > 30558)
                    Rows Removed by Filter: 3919867
              ->  Hash  (cost=67604.59..67604.59 rows=1860996 width=4) (actual time=1778.660..1778.660 rows=1865487 loops=1)
                    Buckets: 131072  Batches: 32  Memory Usage: 3085kB
                    ->  Seq Scan on title t  (cost=0.00..67604.59 rows=1860996 width=4) (actual time=0.011..1158.933 rows=1865487 loops=1)
                          Filter: (kind_id > 1)
                          Rows Removed by Filter: 662825
Planning time: 9.109 ms
Execution time: 32557.860 ms
