Hash Join  (cost=263115.61..1188661.03 rows=5048305 width=0) (actual time=6208.815..22333.956 rows=7373001 loops=1)
  Hash Cond: (ci.movie_id = t.id)
  ->  Seq Scan on cast_info ci  (cost=0.00..796071.18 rows=4892351 width=4) (actual time=0.027..12254.731 rows=3031245 loops=1)
        Filter: ((person_id < 1064033) AND (role_id > 2))
        Rows Removed by Filter: 33213099
  ->  Hash  (cost=220309.49..220309.49 rows=2609129 width=8) (actual time=6206.964..6206.964 rows=2609129 loops=1)
        Buckets: 131072  Batches: 64  Memory Usage: 2610kB
        ->  Hash Join  (cost=102767.86..220309.49 rows=2609129 width=8) (actual time=1917.323..5487.514 rows=2609129 loops=1)
              Hash Cond: (mc.movie_id = t.id)
              ->  Seq Scan on movie_companies mc  (cost=0.00..44881.29 rows=2609129 width=4) (actual time=0.020..824.156 rows=2609129 loops=1)
              ->  Hash  (cost=61283.27..61283.27 rows=2528527 width=4) (actual time=1916.371..1916.371 rows=2528312 loops=1)
                    Buckets: 131072  Batches: 64  Memory Usage: 2415kB
                    ->  Seq Scan on title t  (cost=0.00..61283.27 rows=2528527 width=4) (actual time=0.022..1070.696 rows=2528312 loops=1)
Planning time: 1.112 ms
Execution time: 23170.500 ms
