Seq Scan on movie_keyword mk  (cost=0.00..81003.12 rows=2998425 width=0) (actual time=0.021..1428.530 rows=2982757 loops=1)
  Filter: (keyword_id < 10286)
  Rows Removed by Filter: 1541173
Planning time: 0.305 ms
Execution time: 1805.906 ms
