Hash Join  (cost=372406.44..1182219.44 rows=25748036 width=0) (actual time=8817.097..70028.080 rows=227999641 loops=1)
  Hash Cond: (mi.movie_id = t.id)
  ->  Seq Scan on movie_info mi  (cost=0.00..309384.22 rows=14739122 width=4) (actual time=0.012..5507.643 rows=14835720 loops=1)
  ->  Hash  (cost=299937.33..299937.33 rows=4417129 width=8) (actual time=8815.416..8815.416 rows=4418182 loops=1)
        Buckets: 131072  Batches: 64  Memory Usage: 3821kB
        ->  Hash Join  (cost=102767.86..299937.33 rows=4417129 width=8) (actual time=1781.976..7478.108 rows=4418182 loops=1)
              Hash Cond: (mk.movie_id = t.id)
              ->  Seq Scan on movie_keyword mk  (cost=0.00..81003.12 rows=4417129 width=4) (actual time=0.023..1773.632 rows=4418182 loops=1)
                    Filter: (keyword_id < 80987)
                    Rows Removed by Filter: 105748
              ->  Hash  (cost=61283.27..61283.27 rows=2528527 width=4) (actual time=1780.613..1780.613 rows=2528312 loops=1)
                    Buckets: 131072  Batches: 64  Memory Usage: 2425kB
                    ->  Seq Scan on title t  (cost=0.00..61283.27 rows=2528527 width=4) (actual time=0.021..918.494 rows=2528312 loops=1)
Planning time: 1.231 ms
Execution time: 93722.212 ms
