Hash Join  (cost=74373.12..457482.15 rows=134084 width=0) (actual time=1883.692..8044.788 rows=229082 loops=1)
  Hash Cond: (mi.movie_id = t.id)
  ->  Seq Scan on movie_info mi  (cost=0.00..346232.03 rows=9476311 width=4) (actual time=868.815..4901.816 rows=9565151 loops=1)
        Filter: (info_type_id < 16)
        Rows Removed by Filter: 5270569
  ->  Hash  (cost=73925.90..73925.90 rows=35777 width=4) (actual time=1009.611..1009.611 rows=37357 loops=1)
        Buckets: 65536  Batches: 1  Memory Usage: 1826kB
        ->  Seq Scan on title t  (cost=0.00..73925.90 rows=35777 width=4) (actual time=139.539..994.794 rows=37357 loops=1)
              Filter: ((production_year > 2007) AND (kind_id = 4))
              Rows Removed by Filter: 2490955
Planning time: 6.906 ms
Execution time: 8075.823 ms
