Hash Join  (cost=97267.33..152122.03 rows=18917 width=0) (actual time=1582.637..2478.211 rows=53706 loops=1)
  Hash Cond: (mc.movie_id = t.id)
  ->  Seq Scan on movie_companies mc  (cost=0.00..44881.29 rows=2609129 width=4) (actual time=0.022..408.019 rows=2609129 loops=1)
  ->  Hash  (cost=97038.17..97038.17 rows=18333 width=8) (actual time=1582.332..1582.332 rows=20944 loops=1)
        Buckets: 32768  Batches: 1  Memory Usage: 1075kB
        ->  Hash Join  (cost=68237.77..97038.17 rows=18333 width=8) (actual time=917.957..1574.355 rows=20944 loops=1)
              Hash Cond: (mi_idx.movie_id = t.id)
              ->  Seq Scan on movie_info_idx mi_idx  (cost=0.00..25185.44 rows=915101 width=4) (actual time=0.022..440.972 rows=919850 loops=1)
                    Filter: (info_type_id < 101)
                    Rows Removed by Filter: 460185
              ->  Hash  (cost=67604.59..67604.59 rows=50655 width=4) (actual time=917.545..917.545 rows=50564 loops=1)
                    Buckets: 65536  Batches: 1  Memory Usage: 2290kB
                    ->  Seq Scan on title t  (cost=0.00..67604.59 rows=50655 width=4) (actual time=0.039..895.626 rows=50564 loops=1)
                          Filter: (production_year = 1999)
                          Rows Removed by Filter: 2477748
Planning time: 1.138 ms
Execution time: 2484.684 ms
