Hash Join  (cost=75574.02..492729.43 rows=234181 width=0) (actual time=2941.784..8645.178 rows=28128 loops=1)
  Hash Cond: (mi.movie_id = t.id)
  ->  Seq Scan on movie_info mi  (cost=0.00..346232.03 rows=5897221 width=4) (actual time=1856.197..5354.965 rows=5884963 loops=1)
        Filter: (info_type_id < 7)
        Rows Removed by Filter: 8950757
  ->  Hash  (cost=73925.90..73925.90 rows=100409 width=4) (actual time=1083.638..1083.638 rows=110402 loops=1)
        Buckets: 131072  Batches: 2  Memory Usage: 2970kB
        ->  Seq Scan on title t  (cost=0.00..73925.90 rows=100409 width=4) (actual time=0.037..1042.337 rows=110402 loops=1)
              Filter: ((kind_id = 7) AND (production_year = 2012))
              Rows Removed by Filter: 2417910
Planning time: 0.759 ms
Execution time: 8649.316 ms
