Hash Join  (cost=102065.08..161842.50 rows=5135 width=0) (actual time=1523.354..2445.583 rows=8031 loops=1)
  Hash Cond: (mc.movie_id = t.id)
  ->  Seq Scan on movie_companies mc  (cost=0.00..57926.93 rows=479770 width=4) (actual time=0.050..851.931 rows=277552 loops=1)
        Filter: ((company_id < 3512) AND (company_type_id = 2))
        Rows Removed by Filter: 2331577
  ->  Hash  (cost=101726.81..101726.81 rows=27062 width=8) (actual time=1523.052..1523.052 rows=39613 loops=1)
        Buckets: 65536 (originally 32768)  Batches: 1 (originally 1)  Memory Usage: 2060kB
        ->  Hash Join  (cost=74545.71..101726.81 rows=27062 width=8) (actual time=951.820..1509.314 rows=39613 loops=1)
              Hash Cond: (mi_idx.movie_id = t.id)
              ->  Seq Scan on movie_info_idx mi_idx  (cost=0.00..21735.35 rows=1380035 width=4) (actual time=0.021..236.794 rows=1380035 loops=1)
              ->  Hash  (cost=73925.90..73925.90 rows=49584 width=4) (actual time=951.450..951.450 rows=38752 loops=1)
                    Buckets: 65536  Batches: 1  Memory Usage: 1875kB
                    ->  Seq Scan on title t  (cost=0.00..73925.90 rows=49584 width=4) (actual time=0.028..935.353 rows=38752 loops=1)
                          Filter: ((kind_id < 7) AND (production_year = 2008))
                          Rows Removed by Filter: 2489560
Planning time: 1.141 ms
Execution time: 2447.048 ms
