Hash Join  (cost=206000.19..1334246.79 rows=9193636 width=0) (actual time=4790.443..41848.374 rows=32143338 loops=1)
  Hash Cond: (ci.movie_id = t.id)
  ->  Seq Scan on cast_info ci  (cost=0.00..614943.12 rows=36225612 width=4) (actual time=0.021..12819.691 rows=36244344 loops=1)
  ->  Hash  (cost=195471.80..195471.80 rows=641711 width=8) (actual time=4789.192..4789.192 rows=900945 loops=1)
        Buckets: 131072  Batches: 16  Memory Usage: 3226kB
        ->  Hash Join  (cost=79677.10..195471.80 rows=641711 width=8) (actual time=1504.716..4524.927 rows=900945 loops=1)
              Hash Cond: (mk.movie_id = t.id)
              ->  Seq Scan on movie_keyword mk  (cost=0.00..81003.12 rows=2205192 width=4) (actual time=0.027..1659.988 rows=2203742 loops=1)
                    Filter: (keyword_id > 5058)
                    Rows Removed by Filter: 2320188
              ->  Hash  (cost=67604.59..67604.59 rows=735801 width=4) (actual time=1503.720..1503.720 rows=730985 loops=1)
                    Buckets: 131072  Batches: 16  Memory Usage: 2638kB
                    ->  Seq Scan on title t  (cost=0.00..67604.59 rows=735801 width=4) (actual time=0.018..1242.587 rows=730985 loops=1)
                          Filter: (production_year < 1992)
                          Rows Removed by Filter: 1797327
Planning time: 1.048 ms
Execution time: 45195.460 ms
