Hash Join  (cost=100972.04..465802.14 rows=17415 width=0) (actual time=1667.314..8443.237 rows=64128 loops=1)
  Hash Cond: (mi.movie_id = t.id)
  ->  Seq Scan on movie_info mi  (cost=0.00..309384.22 rows=14739122 width=4) (actual time=0.021..3767.853 rows=14835720 loops=1)
  ->  Hash  (cost=100934.69..100934.69 rows=2988 width=8) (actual time=1663.939..1663.939 rows=6162 loops=1)
        Buckets: 8192 (originally 4096)  Batches: 1 (originally 1)  Memory Usage: 305kB
        ->  Hash Join  (cost=73994.33..100934.69 rows=2988 width=8) (actual time=1075.391..1661.327 rows=6162 loops=1)
              Hash Cond: (mi_idx.movie_id = t.id)
              ->  Seq Scan on movie_info_idx mi_idx  (cost=0.00..21735.35 rows=1380035 width=4) (actual time=0.030..295.173 rows=1380035 loops=1)
              ->  Hash  (cost=73925.90..73925.90 rows=5474 width=4) (actual time=1065.526..1065.526 rows=11034 loops=1)
                    Buckets: 16384 (originally 8192)  Batches: 1 (originally 1)  Memory Usage: 516kB
                    ->  Seq Scan on title t  (cost=0.00..73925.90 rows=5474 width=4) (actual time=0.181..1060.094 rows=11034 loops=1)
                          Filter: ((kind_id > 1) AND (production_year = 1983))
                          Rows Removed by Filter: 2517278
Planning time: 1.135 ms
Execution time: 8453.048 ms
