Hash Join  (cost=121321.50..874831.75 rows=28039 width=0) (actual time=3901.557..14627.310 rows=85771 loops=1)
  Hash Cond: (ci.movie_id = t.id)
  ->  Seq Scan on cast_info ci  (cost=0.00..705507.15 rows=12726058 width=4) (actual time=2695.361..11561.325 rows=12670688 loops=1)
        Filter: (role_id < 2)
        Rows Removed by Filter: 23573656
  ->  Hash  (cost=121251.86..121251.86 rows=5571 width=8) (actual time=1205.833..1205.833 rows=4298 loops=1)
        Buckets: 8192  Batches: 1  Memory Usage: 232kB
        ->  Nested Loop  (cost=0.43..121251.86 rows=5571 width=8) (actual time=919.152..1203.970 rows=4298 loops=1)
              ->  Seq Scan on movie_keyword mk  (cost=0.00..81003.12 rows=5571 width=4) (actual time=919.067..1158.751 rows=4298 loops=1)
                    Filter: (keyword_id > 130148)
                    Rows Removed by Filter: 4519632
              ->  Index Only Scan using title_pkey on title t  (cost=0.43..7.21 rows=1 width=4) (actual time=0.010..0.010 rows=1 loops=4298)
                    Index Cond: (id = mk.movie_id)
                    Heap Fetches: 4298
Planning time: 1.120 ms
Execution time: 14640.400 ms
