Hash Join  (cost=87255.85..122325.47 rows=145921 width=0) (actual time=1492.270..2295.924 rows=74548 loops=1)
  Hash Cond: (mi_idx.movie_id = t.id)
  ->  Seq Scan on movie_info_idx mi_idx  (cost=0.00..25185.44 rows=454124 width=4) (actual time=0.021..431.580 rows=459925 loops=1)
        Filter: (info_type_id = 100)
        Rows Removed by Filter: 920110
  ->  Hash  (cost=73925.90..73925.90 rows=812476 width=4) (actual time=1491.308..1491.308 rows=886818 loops=1)
        Buckets: 131072  Batches: 16  Memory Usage: 2981kB
        ->  Seq Scan on title t  (cost=0.00..73925.90 rows=812476 width=4) (actual time=0.018..1208.690 rows=886818 loops=1)
              Filter: ((kind_id > 4) AND (production_year > 2001))
              Rows Removed by Filter: 1641494
Planning time: 0.723 ms
Execution time: 2304.774 ms
