Seq Scan on cast_info ci  (cost=0.00..705507.15 rows=11875813 width=0) (actual time=19.962..10705.527 rows=11792225 loops=1)
  Filter: (person_id < 1158704)
  Rows Removed by Filter: 24452119
Planning time: 0.305 ms
Execution time: 12212.333 ms
