Hash Join  (cost=846332.74..1587606.96 rows=3969361 width=0) (actual time=21267.131..37904.033 rows=14699608 loops=1)
  Hash Cond: (mi.movie_id = t.id)
  ->  Seq Scan on movie_info mi  (cost=0.00..346232.03 rows=12665229 width=4) (actual time=0.019..6696.578 rows=12744652 loops=1)
        Filter: (info_type_id > 2)
        Rows Removed by Filter: 2091068
  ->  Hash  (cost=833331.04..833331.04 rows=792456 width=8) (actual time=21265.150..21265.150 rows=759827 loops=1)
        Buckets: 131072  Batches: 16  Memory Usage: 2920kB
        ->  Hash Join  (cost=74617.32..833331.04 rows=792456 width=8) (actual time=1146.835..20379.998 rows=759827 loops=1)
              Hash Cond: (ci.movie_id = t.id)
              ->  Seq Scan on cast_info ci  (cost=0.00..614943.12 rows=36225612 width=4) (actual time=0.018..7896.456 rows=36244344 loops=1)
              ->  Hash  (cost=73925.90..73925.90 rows=55313 width=4) (actual time=1146.439..1146.439 rows=49075 loops=1)
                    Buckets: 65536  Batches: 1  Memory Usage: 2238kB
                    ->  Seq Scan on title t  (cost=0.00..73925.90 rows=55313 width=4) (actual time=0.150..1126.946 rows=49075 loops=1)
                          Filter: ((kind_id < 7) AND (production_year = 2010))
                          Rows Removed by Filter: 2479237
Planning time: 1.170 ms
Execution time: 39460.746 ms
