Hash Join  (cost=832324.71..941036.23 rows=281746 width=0) (actual time=13488.945..16836.146 rows=846986 loops=1)
  Hash Cond: (mk.movie_id = t.id)
  ->  Seq Scan on movie_keyword mk  (cost=0.00..81003.12 rows=2034381 width=4) (actual time=0.021..1539.993 rows=2039123 loops=1)
        Filter: (keyword_id < 3644)
        Rows Removed by Filter: 2484807
  ->  Hash  (cost=826579.45..826579.45 rows=350181 width=8) (actual time=13487.934..13487.934 rows=316118 loops=1)
        Buckets: 131072  Batches: 8  Memory Usage: 2577kB
        ->  Hash Join  (cost=102767.86..826579.45 rows=350181 width=8) (actual time=3138.936..13387.424 rows=316118 loops=1)
              Hash Cond: (ci.movie_id = t.id)
              ->  Seq Scan on cast_info ci  (cost=0.00..705507.15 rows=350181 width=4) (actual time=823.804..10369.768 rows=316118 loops=1)
                    Filter: (role_id > 10)
                    Rows Removed by Filter: 35928226
              ->  Hash  (cost=61283.27..61283.27 rows=2528527 width=4) (actual time=2314.231..2314.231 rows=2528312 loops=1)
                    Buckets: 131072  Batches: 64  Memory Usage: 2415kB
                    ->  Seq Scan on title t  (cost=0.00..61283.27 rows=2528527 width=4) (actual time=0.013..917.067 rows=2528312 loops=1)
Planning time: 4.106 ms
Execution time: 16945.200 ms
