Seq Scan on movie_keyword mk  (cost=0.00..81003.12 rows=246 width=0) (actual time=2.145..1182.125 rows=722 loops=1)
  Filter: (keyword_id = 1946)
  Rows Removed by Filter: 4523208
Planning time: 0.319 ms
Execution time: 1182.457 ms
