Seq Scan on cast_info ci  (cost=0.00..796071.18 rows=101 width=0) (actual time=9972.159..10490.795 rows=191 loops=1)
  Filter: ((person_id = 2693459) AND (role_id = 2))
  Rows Removed by Filter: 36244153
Planning time: 0.419 ms
Execution time: 10490.913 ms
