Nested Loop  (cost=0.43..83072.29 rows=181 width=0) (actual time=81.159..1192.038 rows=54 loops=1)
  ->  Seq Scan on movie_keyword mk  (cost=0.00..81003.12 rows=246 width=4) (actual time=3.735..1177.865 rows=159 loops=1)
        Filter: (keyword_id = 311)
        Rows Removed by Filter: 4523771
  ->  Index Scan using title_pkey on title t  (cost=0.43..8.40 rows=1 width=4) (actual time=0.086..0.086 rows=0 loops=159)
        Index Cond: (id = mk.movie_id)
        Filter: (kind_id > 1)
        Rows Removed by Filter: 1
Planning time: 0.728 ms
Execution time: 1192.217 ms
