Seq Scan on movie_keyword mk  (cost=0.00..81003.12 rows=3511318 width=0) (actual time=0.022..1400.181 rows=3508903 loops=1)
  Filter: (keyword_id > 988)
  Rows Removed by Filter: 1015027
Planning time: 1.801 ms
Execution time: 1818.955 ms
