Hash Join  (cost=74576.74..155936.73 rows=1858 width=0) (actual time=977.772..2196.618 rows=14133 loops=1)
  Hash Cond: (mk.movie_id = t.id)
  ->  Seq Scan on movie_keyword mk  (cost=0.00..81003.12 rows=90210 width=4) (actual time=14.028..1173.495 rows=88065 loops=1)
        Filter: (keyword_id > 85457)
        Rows Removed by Filter: 4435865
  ->  Hash  (cost=73925.90..73925.90 rows=52067 width=4) (actual time=963.325..963.325 rows=174398 loops=1)
        Buckets: 131072 (originally 65536)  Batches: 2 (originally 1)  Memory Usage: 4093kB
        ->  Seq Scan on title t  (cost=0.00..73925.90 rows=52067 width=4) (actual time=0.023..896.235 rows=174398 loops=1)
              Filter: ((production_year < 1955) AND (kind_id = 1))
              Rows Removed by Filter: 2353914
Planning time: 0.698 ms
Execution time: 2199.167 ms
