Hash Join  (cost=73994.33..160750.31 rows=9794 width=0) (actual time=1089.751..2889.821 rows=8560 loops=1)
  Hash Cond: (mk.movie_id = t.id)
  ->  Seq Scan on movie_keyword mk  (cost=0.00..69693.30 rows=4523930 width=4) (actual time=0.008..936.300 rows=4523930 loops=1)
  ->  Hash  (cost=73925.90..73925.90 rows=5474 width=4) (actual time=1089.604..1089.604 rows=10544 loops=1)
        Buckets: 16384 (originally 8192)  Batches: 1 (originally 1)  Memory Usage: 499kB
        ->  Seq Scan on title t  (cost=0.00..73925.90 rows=5474 width=4) (actual time=0.029..1084.279 rows=10544 loops=1)
              Filter: ((kind_id > 1) AND (production_year = 1979))
              Rows Removed by Filter: 2517768
Planning time: 1.448 ms
Execution time: 2891.326 ms
