Hash Join  (cost=175027.18..251237.73 rows=351360 width=0) (actual time=3732.653..6038.143 rows=1533627 loops=1)
  Hash Cond: (mc.movie_id = t.id)
  ->  Seq Scan on movie_companies mc  (cost=0.00..57926.93 rows=966669 width=4) (actual time=0.011..1105.505 rows=1257000 loops=1)
        Filter: ((company_id < 56429) AND (company_type_id < 2))
        Rows Removed by Filter: 1352129
  ->  Hash  (cost=159947.97..159947.97 rows=919057 width=8) (actual time=3731.788..3731.788 rows=920110 loops=1)
        Buckets: 131072  Batches: 16  Memory Usage: 3269kB
        ->  Hash Join  (cost=102767.86..159947.97 rows=919057 width=8) (actual time=1786.105..3456.259 rows=920110 loops=1)
              Hash Cond: (mi_idx.movie_id = t.id)
              ->  Seq Scan on movie_info_idx mi_idx  (cost=0.00..25185.44 rows=919057 width=4) (actual time=0.032..470.458 rows=920110 loops=1)
                    Filter: (info_type_id > 99)
                    Rows Removed by Filter: 459925
              ->  Hash  (cost=61283.27..61283.27 rows=2528527 width=4) (actual time=1784.454..1784.454 rows=2528312 loops=1)
                    Buckets: 131072  Batches: 64  Memory Usage: 2415kB
                    ->  Seq Scan on title t  (cost=0.00..61283.27 rows=2528527 width=4) (actual time=0.012..932.014 rows=2528312 loops=1)
Planning time: 1.097 ms
Execution time: 6237.093 ms
