Hash Join  (cost=97010.87..143367.15 rows=509222 width=0) (actual time=1767.758..3101.424 rows=420158 loops=1)
  Hash Cond: (mi_idx.movie_id = t.id)
  ->  Seq Scan on movie_info_idx mi_idx  (cost=0.00..25185.44 rows=915101 width=4) (actual time=0.015..500.496 rows=919850 loops=1)
        Filter: (info_type_id < 101)
        Rows Removed by Filter: 460185
  ->  Hash  (cost=73925.90..73925.90 rows=1407037 width=4) (actual time=1766.551..1766.551 rows=1529626 loops=1)
        Buckets: 131072  Batches: 32  Memory Usage: 2715kB
        ->  Seq Scan on title t  (cost=0.00..73925.90 rows=1407037 width=4) (actual time=0.028..1281.239 rows=1529626 loops=1)
              Filter: ((kind_id > 1) AND (production_year > 1982))
              Rows Removed by Filter: 998686
Planning time: 0.479 ms
Execution time: 3153.729 ms
