Seq Scan on movie_keyword mk  (cost=0.00..81003.12 rows=3945910 width=0) (actual time=0.024..1089.282 rows=3940478 loops=1)
  Filter: (keyword_id > 413)
  Rows Removed by Filter: 583452
Planning time: 0.335 ms
Execution time: 1482.705 ms
