Hash Join  (cost=190230.21..329803.44 rows=1705258 width=0) (actual time=4146.702..9178.368 rows=7240002 loops=1)
  Hash Cond: (mk.movie_id = t.id)
  ->  Seq Scan on movie_keyword mk  (cost=0.00..81003.12 rows=3124406 width=4) (actual time=0.017..1616.655 rows=3109729 loops=1)
        Filter: (keyword_id < 11820)
        Rows Removed by Filter: 1414201
  ->  Hash  (cost=167588.78..167588.78 rows=1380035 width=8) (actual time=4145.770..4145.770 rows=1380035 loops=1)
        Buckets: 131072  Batches: 32  Memory Usage: 2726kB
        ->  Hash Join  (cost=102767.86..167588.78 rows=1380035 width=8) (actual time=1785.621..3712.386 rows=1380035 loops=1)
              Hash Cond: (mi_idx.movie_id = t.id)
              ->  Seq Scan on movie_info_idx mi_idx  (cost=0.00..21735.35 rows=1380035 width=4) (actual time=0.013..394.209 rows=1380035 loops=1)
              ->  Hash  (cost=61283.27..61283.27 rows=2528527 width=4) (actual time=1784.197..1784.197 rows=2528312 loops=1)
                    Buckets: 131072  Batches: 64  Memory Usage: 2415kB
                    ->  Seq Scan on title t  (cost=0.00..61283.27 rows=2528527 width=4) (actual time=0.012..928.291 rows=2528312 loops=1)
Planning time: 1.080 ms
Execution time: 10051.524 ms
