Hash Join  (cost=237518.43..982286.26 rows=1155182 width=0) (actual time=6252.091..17801.959 rows=2318490 loops=1)
  Hash Cond: (ci.movie_id = t.id)
  ->  Seq Scan on cast_info ci  (cost=0.00..705507.15 rows=1608971 width=4) (actual time=535.345..10418.614 rows=1535936 loops=1)
        Filter: (person_id < 153744)
        Rows Removed by Filter: 34708408
  ->  Hash  (cost=207734.06..207734.06 rows=1815390 width=8) (actual time=5715.350..5715.350 rows=1827617 loops=1)
        Buckets: 131072  Batches: 32  Memory Usage: 3240kB
        ->  Hash Join  (cost=102767.86..207734.06 rows=1815390 width=8) (actual time=2126.186..5168.811 rows=1827617 loops=1)
              Hash Cond: (mc.movie_id = t.id)
              ->  Seq Scan on movie_companies mc  (cost=0.00..51404.11 rows=1815390 width=4) (actual time=0.022..1095.010 rows=1827617 loops=1)
                    Filter: (company_id > 1694)
                    Rows Removed by Filter: 781512
              ->  Hash  (cost=61283.27..61283.27 rows=2528527 width=4) (actual time=2124.199..2124.199 rows=2528312 loops=1)
                    Buckets: 131072  Batches: 64  Memory Usage: 2415kB
                    ->  Seq Scan on title t  (cost=0.00..61283.27 rows=2528527 width=4) (actual time=0.024..825.223 rows=2528312 loops=1)
Planning time: 6.859 ms
Execution time: 18062.736 ms
