Seq Scan on movie_companies mc  (cost=0.00..57926.93 rows=904175 width=0) (actual time=359.922..1079.160 rows=1213851 loops=1)
  Filter: ((company_id < 33874) AND (company_type_id < 2))
  Rows Removed by Filter: 1395278
Planning time: 0.354 ms
Execution time: 1234.910 ms
