Seq Scan on cast_info ci  (cost=0.00..796071.18 rows=12659580 width=0) (actual time=0.014..13384.889 rows=18964873 loops=1)
  Filter: ((person_id > 1640094) AND (role_id > 1))
  Rows Removed by Filter: 17279471
Planning time: 0.395 ms
Execution time: 15567.209 ms
