Hash Join  (cost=135306.31..888136.04 rows=204056 width=0) (actual time=2109.239..19541.864 rows=958765 loops=1)
  Hash Cond: (ci.movie_id = t.id)
  ->  Seq Scan on cast_info ci  (cost=0.00..614943.12 rows=36225612 width=4) (actual time=0.021..8399.028 rows=36244344 loops=1)
  ->  Hash  (cost=135128.27..135128.27 rows=14243 width=8) (actual time=2109.069..2109.069 rows=19290 loops=1)
        Buckets: 32768 (originally 16384)  Batches: 1 (originally 1)  Memory Usage: 1010kB
        ->  Hash Join  (cost=74617.32..135128.27 rows=14243 width=8) (actual time=1098.193..2101.065 rows=19290 loops=1)
              Hash Cond: (mc.movie_id = t.id)
              ->  Seq Scan on movie_companies mc  (cost=0.00..57926.93 rows=651091 width=4) (actual time=255.386..1028.421 rows=888083 loops=1)
                    Filter: ((company_id < 11373) AND (company_type_id < 2))
                    Rows Removed by Filter: 1721046
              ->  Hash  (cost=73925.90..73925.90 rows=55313 width=4) (actual time=842.447..842.447 rows=49075 loops=1)
                    Buckets: 65536  Batches: 1  Memory Usage: 2238kB
                    ->  Seq Scan on title t  (cost=0.00..73925.90 rows=55313 width=4) (actual time=0.367..823.389 rows=49075 loops=1)
                          Filter: ((kind_id < 7) AND (production_year = 2010))
                          Rows Removed by Filter: 2479237
Planning time: 2.104 ms
Execution time: 19672.600 ms
