Hash Join  (cost=181353.67..1254358.75 rows=3816091 width=0) (actual time=3493.871..34601.215 rows=3677867 loops=1)
  Hash Cond: (ci.movie_id = t.id)
  ->  Seq Scan on cast_info ci  (cost=0.00..614943.12 rows=36225612 width=4) (actual time=0.011..11562.549 rows=36244344 loops=1)
  ->  Hash  (cost=176983.16..176983.16 rows=266361 width=8) (actual time=3493.028..3493.028 rows=140362 loops=1)
        Buckets: 131072  Batches: 4  Memory Usage: 2398kB
        ->  Hash Join  (cost=102767.86..176983.16 rows=266361 width=8) (actual time=1795.762..3446.997 rows=140362 loops=1)
              Hash Cond: (mc.movie_id = t.id)
              ->  Seq Scan on movie_companies mc  (cost=0.00..57926.93 rows=266361 width=4) (actual time=0.039..633.908 rows=140362 loops=1)
                    Filter: ((company_id < 483) AND (company_type_id = 2))
                    Rows Removed by Filter: 2468767
              ->  Hash  (cost=61283.27..61283.27 rows=2528527 width=4) (actual time=1793.526..1793.526 rows=2528312 loops=1)
                    Buckets: 131072  Batches: 64  Memory Usage: 2415kB
                    ->  Seq Scan on title t  (cost=0.00..61283.27 rows=2528527 width=4) (actual time=0.017..951.849 rows=2528312 loops=1)
Planning time: 1.147 ms
Execution time: 35047.617 ms
