Hash Join  (cost=709678.15..736591.36 rows=273 width=0) (actual time=9709.622..10262.084 rows=369 loops=1)
  Hash Cond: (mi_idx.movie_id = t.id)
  ->  Seq Scan on movie_info_idx mi_idx  (cost=0.00..21735.35 rows=1380035 width=4) (actual time=0.012..297.448 rows=1380035 loops=1)
  ->  Hash  (cost=709671.90..709671.90 rows=500 width=8) (actual time=9708.844..9708.844 rows=142 loops=1)
        Buckets: 1024  Batches: 1  Memory Usage: 14kB
        ->  Nested Loop  (cost=0.43..709671.90 rows=500 width=8) (actual time=1160.817..9708.752 rows=142 loops=1)
              ->  Seq Scan on cast_info ci  (cost=0.00..705507.15 rows=500 width=4) (actual time=1160.711..9706.323 rows=142 loops=1)
                    Filter: (person_id = 2784830)
                    Rows Removed by Filter: 36244202
              ->  Index Only Scan using title_pkey on title t  (cost=0.43..8.32 rows=1 width=4) (actual time=0.016..0.016 rows=1 loops=142)
                    Index Cond: (id = ci.movie_id)
                    Heap Fetches: 142
Planning time: 0.835 ms
Execution time: 10262.224 ms
