Hash Join  (cost=365418.15..1382018.07 rows=15236940 width=0) (actual time=8281.072..36880.538 rows=52885256 loops=1)
  Hash Cond: (ci.movie_id = t.id)
  ->  Seq Scan on cast_info ci  (cost=0.00..705507.15 rows=8516271 width=4) (actual time=0.043..11444.610 rows=8401510 loops=1)
        Filter: (person_id < 823985)
        Rows Removed by Filter: 27842834
  ->  Hash  (cost=291197.02..291197.02 rows=4523930 width=8) (actual time=8277.984..8277.984 rows=4523930 loops=1)
        Buckets: 131072  Batches: 64  Memory Usage: 3816kB
        ->  Hash Join  (cost=102767.86..291197.02 rows=4523930 width=8) (actual time=1775.532..6996.129 rows=4523930 loops=1)
              Hash Cond: (mk.movie_id = t.id)
              ->  Seq Scan on movie_keyword mk  (cost=0.00..69693.30 rows=4523930 width=4) (actual time=0.017..1306.340 rows=4523930 loops=1)
              ->  Hash  (cost=61283.27..61283.27 rows=2528527 width=4) (actual time=1774.263..1774.263 rows=2528312 loops=1)
                    Buckets: 131072  Batches: 64  Memory Usage: 2425kB
                    ->  Seq Scan on title t  (cost=0.00..61283.27 rows=2528527 width=4) (actual time=0.013..916.270 rows=2528312 loops=1)
Planning time: 1.135 ms
Execution time: 42634.506 ms
