Hash Join  (cost=94009.45..1095249.47 rows=6600924 width=0) (actual time=8147.661..27026.661 rows=7817379 loops=1)
  Hash Cond: (ci.movie_id = t.id)
  ->  Seq Scan on cast_info ci  (cost=0.00..796071.18 rows=10370520 width=4) (actual time=6543.679..14896.968 rows=12670688 loops=1)
        Filter: ((person_id < 2983145) AND (role_id = 1))
        Rows Removed by Filter: 23573656
  ->  Hash  (cost=67604.59..67604.59 rows=1609429 width=4) (actual time=1603.026..1603.026 rows=1607077 loops=1)
        Buckets: 131072  Batches: 32  Memory Usage: 2791kB
        ->  Seq Scan on title t  (cost=0.00..67604.59 rows=1609429 width=4) (actual time=0.032..1080.796 rows=1607077 loops=1)
              Filter: (production_year > 1995)
              Rows Removed by Filter: 921235
Planning time: 0.737 ms
Execution time: 27986.883 ms
