Hash Join  (cost=100872.60..187537.05 rows=641 width=0) (actual time=1549.251..3284.237 rows=325 loops=1)
  Hash Cond: (mk.movie_id = t.id)
  ->  Seq Scan on movie_keyword mk  (cost=0.00..69693.30 rows=4523930 width=4) (actual time=0.016..948.635 rows=4523930 loops=1)
  ->  Hash  (cost=100868.13..100868.13 rows=358 width=8) (actual time=1548.959..1548.959 rows=371 loops=1)
        Buckets: 1024  Batches: 1  Memory Usage: 23kB
        ->  Hash Join  (cost=73950.44..100868.13 rows=358 width=8) (actual time=1135.943..1548.697 rows=371 loops=1)
              Hash Cond: (mi_idx.movie_id = t.id)
              ->  Seq Scan on movie_info_idx mi_idx  (cost=0.00..25185.44 rows=460978 width=4) (actual time=0.013..418.788 rows=459925 loops=1)
                    Filter: (info_type_id = 99)
                    Rows Removed by Filter: 920110
              ->  Hash  (cost=73925.90..73925.90 rows=1963 width=4) (actual time=1049.813..1049.813 rows=3417 loops=1)
                    Buckets: 4096 (originally 2048)  Batches: 1 (originally 1)  Memory Usage: 153kB
                    ->  Seq Scan on title t  (cost=0.00..73925.90 rows=1963 width=4) (actual time=37.321..1048.139 rows=3417 loops=1)
                          Filter: ((kind_id = 1) AND (production_year = 1909))
                          Rows Removed by Filter: 2524895
Planning time: 0.972 ms
Execution time: 3284.481 ms
