Seq Scan on cast_info ci  (cost=0.00..705507.15 rows=500 width=0) (actual time=1571.978..9973.508 rows=1 loops=1)
  Filter: (person_id = 3415990)
  Rows Removed by Filter: 36244343
Planning time: 0.278 ms
Execution time: 9973.593 ms
