Hash Join  (cost=210528.22..258975.65 rows=626795 width=0) (actual time=4673.086..6469.531 rows=1981116 loops=1)
  Hash Cond: (mi_idx.movie_id = t.id)
  ->  Seq Scan on movie_info_idx mi_idx  (cost=0.00..21735.35 rows=1380035 width=4) (actual time=0.026..422.644 rows=1380035 loops=1)
  ->  Hash  (cost=191685.89..191685.89 rows=1148426 width=8) (actual time=4672.004..4672.004 rows=1144736 loops=1)
        Buckets: 131072  Batches: 16  Memory Usage: 3793kB
        ->  Hash Join  (cost=102767.86..191685.89 rows=1148426 width=8) (actual time=1804.765..4351.510 rows=1144736 loops=1)
              Hash Cond: (mc.movie_id = t.id)
              ->  Seq Scan on movie_companies mc  (cost=0.00..51404.11 rows=1148426 width=4) (actual time=0.016..951.295 rows=1144736 loops=1)
                    Filter: (company_id < 8761)
                    Rows Removed by Filter: 1464393
              ->  Hash  (cost=61283.27..61283.27 rows=2528527 width=4) (actual time=1803.534..1803.534 rows=2528312 loops=1)
                    Buckets: 131072  Batches: 64  Memory Usage: 2415kB
                    ->  Seq Scan on title t  (cost=0.00..61283.27 rows=2528527 width=4) (actual time=0.012..952.486 rows=2528312 loops=1)
Planning time: 1.094 ms
Execution time: 6721.764 ms
