Hash Join  (cost=100885.02..851827.63 rows=15349 width=0) (actual time=1506.149..16763.964 rows=99153 loops=1)
  Hash Cond: (ci.movie_id = t.id)
  ->  Seq Scan on cast_info ci  (cost=0.00..614943.12 rows=36225612 width=4) (actual time=0.013..7920.644 rows=36244344 loops=1)
  ->  Hash  (cost=100871.63..100871.63 rows=1071 width=8) (actual time=1505.949..1505.949 rows=3518 loops=1)
        Buckets: 4096 (originally 2048)  Batches: 1 (originally 1)  Memory Usage: 170kB
        ->  Hash Join  (cost=73950.44..100871.63 rows=1071 width=8) (actual time=945.603..1504.376 rows=3518 loops=1)
              Hash Cond: (mi_idx.movie_id = t.id)
              ->  Seq Scan on movie_info_idx mi_idx  (cost=0.00..21735.35 rows=1380035 width=4) (actual time=0.023..253.471 rows=1380035 loops=1)
              ->  Hash  (cost=73925.90..73925.90 rows=1963 width=4) (actual time=944.914..944.914 rows=3109 loops=1)
                    Buckets: 4096 (originally 2048)  Batches: 1 (originally 1)  Memory Usage: 142kB
                    ->  Seq Scan on title t  (cost=0.00..73925.90 rows=1963 width=4) (actual time=163.895..943.332 rows=3109 loops=1)
                          Filter: ((kind_id = 1) AND (production_year = 1960))
                          Rows Removed by Filter: 2525203
Planning time: 1.128 ms
Execution time: 16780.550 ms
