Hash Join  (cost=461281.50..1568053.91 rows=7103219 width=0) (actual time=7230.916..38899.937 rows=9035087 loops=1)
  Hash Cond: (ci.movie_id = t.id)
  ->  Seq Scan on cast_info ci  (cost=0.00..614943.12 rows=36225612 width=4) (actual time=0.022..12026.217 rows=36244344 loops=1)
  ->  Hash  (cost=453146.99..453146.99 rows=495801 width=8) (actual time=7229.858..7229.858 rows=597562 loops=1)
        Buckets: 131072  Batches: 8  Memory Usage: 3957kB
        ->  Hash Join  (cost=80874.21..453146.99 rows=495801 width=8) (actual time=5142.737..7059.580 rows=597562 loops=1)
              Hash Cond: (mi.movie_id = t.id)
              ->  Seq Scan on movie_info mi  (cost=0.00..346232.03 rows=1550064 width=4) (actual time=3816.874..4728.915 rows=1533909 loops=1)
                    Filter: (info_type_id = 3)
                    Rows Removed by Filter: 13301811
              ->  Hash  (cost=67604.59..67604.59 rows=808770 width=4) (actual time=1324.735..1324.735 rows=812704 loops=1)
                    Buckets: 131072  Batches: 16  Memory Usage: 2819kB
                    ->  Seq Scan on title t  (cost=0.00..67604.59 rows=808770 width=4) (actual time=0.023..1048.807 rows=812704 loops=1)
                          Filter: (production_year < 1995)
                          Rows Removed by Filter: 1715608
Planning time: 1.108 ms
Execution time: 39839.752 ms
