Hash Join  (cost=190230.21..1221045.68 rows=10258617 width=0) (actual time=3827.794..30522.403 rows=20496790 loops=1)
  Hash Cond: (ci.movie_id = t.id)
  ->  Seq Scan on cast_info ci  (cost=0.00..705507.15 rows=18796038 width=4) (actual time=0.025..12787.432 rows=18925600 loops=1)
        Filter: (person_id > 1710524)
        Rows Removed by Filter: 17318744
  ->  Hash  (cost=167588.78..167588.78 rows=1380035 width=8) (actual time=3826.740..3826.740 rows=1380035 loops=1)
        Buckets: 131072  Batches: 32  Memory Usage: 2708kB
        ->  Hash Join  (cost=102767.86..167588.78 rows=1380035 width=8) (actual time=1648.017..3445.860 rows=1380035 loops=1)
              Hash Cond: (mi_idx.movie_id = t.id)
              ->  Seq Scan on movie_info_idx mi_idx  (cost=0.00..21735.35 rows=1380035 width=4) (actual time=0.034..391.086 rows=1380035 loops=1)
              ->  Hash  (cost=61283.27..61283.27 rows=2528527 width=4) (actual time=1645.934..1645.934 rows=2528312 loops=1)
                    Buckets: 131072  Batches: 64  Memory Usage: 2415kB
                    ->  Seq Scan on title t  (cost=0.00..61283.27 rows=2528527 width=4) (actual time=0.018..835.048 rows=2528312 loops=1)
Planning time: 1.121 ms
Execution time: 32654.950 ms
