Hash Join  (cost=166361.78..517947.13 rows=33466 width=0) (actual time=3617.369..8076.255 rows=118225 loops=1)
  Hash Cond: (mi.movie_id = t.id)
  ->  Seq Scan on movie_info mi  (cost=0.00..346232.03 rows=1338312 width=4) (actual time=481.950..4647.392 rows=1401902 loops=1)
        Filter: (info_type_id = 7)
        Rows Removed by Filter: 13433818
  ->  Hash  (cost=165571.43..165571.43 rows=63228 width=8) (actual time=3135.081..3135.081 rows=62075 loops=1)
        Buckets: 65536  Batches: 1  Memory Usage: 2937kB
        ->  Hash Join  (cost=102767.86..165571.43 rows=63228 width=8) (actual time=1903.439..3113.315 rows=62075 loops=1)
              Hash Cond: (mc.movie_id = t.id)
              ->  Seq Scan on movie_companies mc  (cost=0.00..51404.11 rows=63228 width=4) (actual time=0.450..769.410 rows=62075 loops=1)
                    Filter: (company_id = 6)
                    Rows Removed by Filter: 2547054
              ->  Hash  (cost=61283.27..61283.27 rows=2528527 width=4) (actual time=1890.999..1890.999 rows=2528312 loops=1)
                    Buckets: 131072  Batches: 64  Memory Usage: 2415kB
                    ->  Seq Scan on title t  (cost=0.00..61283.27 rows=2528527 width=4) (actual time=0.016..1028.773 rows=2528312 loops=1)
Planning time: 1.137 ms
Execution time: 8087.162 ms
