Hash Join  (cost=168643.23..654184.96 rows=537479 width=0) (actual time=2993.955..18296.777 rows=13970693 loops=1)
  Hash Cond: (mi.movie_id = t.id)
  ->  Seq Scan on movie_info mi  (cost=0.00..309384.22 rows=14739122 width=4) (actual time=0.021..5938.661 rows=14835720 loops=1)
  ->  Hash  (cost=167129.65..167129.65 rows=92206 width=8) (actual time=2993.143..2993.143 rows=222087 loops=1)
        Buckets: 131072 (originally 131072)  Batches: 4 (originally 2)  Memory Usage: 3229kB
        ->  Hash Join  (cost=78556.72..167129.65 rows=92206 width=8) (actual time=1265.768..2913.282 rows=222087 loops=1)
              Hash Cond: (mk.movie_id = t.id)
              ->  Seq Scan on movie_keyword mk  (cost=0.00..81003.12 rows=349264 width=4) (actual time=0.027..1279.247 rows=363692 loops=1)
                    Filter: (keyword_id < 335)
                    Rows Removed by Filter: 4160238
              ->  Hash  (cost=67604.59..67604.59 rows=667531 width=4) (actual time=1264.474..1264.474 rows=662825 loops=1)
                    Buckets: 131072  Batches: 16  Memory Usage: 2486kB
                    ->  Seq Scan on title t  (cost=0.00..67604.59 rows=667531 width=4) (actual time=535.064..1051.138 rows=662825 loops=1)
                          Filter: (kind_id = 1)
                          Rows Removed by Filter: 1865487
Planning time: 1.139 ms
Execution time: 19832.369 ms
