Hash Join  (cost=263115.61..1165654.17 rows=7907456 width=0) (actual time=6297.861..25859.423 rows=17066173 loops=1)
  Hash Cond: (ci.movie_id = t.id)
  ->  Seq Scan on cast_info ci  (cost=0.00..705507.15 rows=7663176 width=4) (actual time=315.661..11217.304 rows=7568861 loops=1)
        Filter: (person_id < 733473)
        Rows Removed by Filter: 28675483
  ->  Hash  (cost=220309.49..220309.49 rows=2609129 width=8) (actual time=5980.409..5980.409 rows=2609129 loops=1)
        Buckets: 131072  Batches: 64  Memory Usage: 2610kB
        ->  Hash Join  (cost=102767.86..220309.49 rows=2609129 width=8) (actual time=1854.312..5223.732 rows=2609129 loops=1)
              Hash Cond: (mc.movie_id = t.id)
              ->  Seq Scan on movie_companies mc  (cost=0.00..44881.29 rows=2609129 width=4) (actual time=0.029..830.252 rows=2609129 loops=1)
              ->  Hash  (cost=61283.27..61283.27 rows=2528527 width=4) (actual time=1852.326..1852.326 rows=2528312 loops=1)
                    Buckets: 131072  Batches: 64  Memory Usage: 2415kB
                    ->  Seq Scan on title t  (cost=0.00..61283.27 rows=2528527 width=4) (actual time=0.024..1005.738 rows=2528312 loops=1)
Planning time: 3.383 ms
Execution time: 27728.563 ms
