Hash Join  (cost=102767.86..231241.07 rows=1562221 width=0) (actual time=1726.784..5666.074 rows=1569752 loops=1)
  Hash Cond: (mk.movie_id = t.id)
  ->  Seq Scan on movie_keyword mk  (cost=0.00..81003.12 rows=1562221 width=4) (actual time=0.024..1455.633 rows=1569752 loops=1)
        Filter: (keyword_id < 2364)
        Rows Removed by Filter: 2954178
  ->  Hash  (cost=61283.27..61283.27 rows=2528527 width=4) (actual time=1725.514..1725.514 rows=2528312 loops=1)
        Buckets: 131072  Batches: 64  Memory Usage: 2425kB
        ->  Seq Scan on title t  (cost=0.00..61283.27 rows=2528527 width=4) (actual time=0.013..890.724 rows=2528312 loops=1)
Planning time: 0.792 ms
Execution time: 5862.081 ms
