Hash Join  (cost=90991.69..134650.25 rows=378066 width=0) (actual time=2150.990..2848.693 rows=198700 loops=1)
  Hash Cond: (mi_idx.movie_id = t.id)
  ->  Seq Scan on movie_info_idx mi_idx  (cost=0.00..25185.44 rows=919057 width=4) (actual time=0.035..501.912 rows=920110 loops=1)
        Filter: (info_type_id > 99)
        Rows Removed by Filter: 459925
  ->  Hash  (cost=73925.90..73925.90 rows=1040143 width=4) (actual time=1672.783..1672.783 rows=1134228 loops=1)
        Buckets: 131072  Batches: 16  Memory Usage: 3525kB
        ->  Seq Scan on title t  (cost=0.00..73925.90 rows=1040143 width=4) (actual time=175.130..1316.533 rows=1134228 loops=1)
              Filter: ((production_year > 1992) AND (kind_id = 7))
              Rows Removed by Filter: 1394084
Planning time: 0.785 ms
Execution time: 2872.916 ms
