Seq Scan on movie_keyword mk  (cost=0.00..81003.12 rows=974162 width=0) (actual time=0.020..1265.098 rows=978288 loops=1)
  Filter: (keyword_id > 19040)
  Rows Removed by Filter: 3545642
Planning time: 0.229 ms
Execution time: 1387.547 ms
