Hash Join  (cost=226858.66..1175431.53 rows=3013048 width=0) (actual time=4393.119..22029.205 rows=656567 loops=1)
  Hash Cond: (ci.movie_id = t.id)
  ->  Seq Scan on cast_info ci  (cost=0.00..796071.18 rows=9301042 width=4) (actual time=0.018..14848.528 rows=5798815 loops=1)
        Filter: ((person_id > 940389) AND (role_id = 1))
        Rows Removed by Filter: 30445529
  ->  Hash  (cost=213419.78..213419.78 rows=819110 width=8) (actual time=4391.694..4391.694 rows=171072 loops=1)
        Buckets: 131072  Batches: 16  Memory Usage: 1416kB
        ->  Hash Join  (cost=81437.64..213419.78 rows=819110 width=8) (actual time=2159.043..4349.246 rows=171072 loops=1)
              Hash Cond: (mk.movie_id = t.id)
              ->  Seq Scan on movie_keyword mk  (cost=0.00..69693.30 rows=4523930 width=4) (actual time=0.018..1305.116 rows=4523930 loops=1)
              ->  Hash  (cost=73925.90..73925.90 rows=457819 width=4) (actual time=1214.238..1214.238 rows=344212 loops=1)
                    Buckets: 131072  Batches: 8  Memory Usage: 2529kB
                    ->  Seq Scan on title t  (cost=0.00..73925.90 rows=457819 width=4) (actual time=177.083..1098.575 rows=344212 loops=1)
                          Filter: ((production_year < 1993) AND (kind_id = 7))
                          Rows Removed by Filter: 2184100
Planning time: 8.359 ms
Execution time: 22100.635 ms
