Seq Scan on cast_info ci  (cost=0.00..796071.18 rows=1352749 width=0) (actual time=386.368..10884.581 rows=788424 loops=1)
  Filter: ((person_id < 372983) AND (role_id > 3))
  Rows Removed by Filter: 35455920
Planning time: 2.750 ms
Execution time: 10984.120 ms
