Hash Join  (cost=901450.25..1028591.03 rows=421774 width=0) (actual time=12028.217..15343.730 rows=471707 loops=1)
  Hash Cond: (mk.movie_id = t.id)
  ->  Seq Scan on movie_keyword mk  (cost=0.00..69693.30 rows=4523930 width=4) (actual time=0.018..1286.268 rows=4523930 loops=1)
  ->  Hash  (cost=897582.51..897582.51 rows=235739 width=8) (actual time=12027.365..12027.365 rows=352317 loops=1)
        Buckets: 131072 (originally 131072)  Batches: 8 (originally 4)  Memory Usage: 3073kB
        ->  Hash Join  (cost=87642.27..897582.51 rows=235739 width=8) (actual time=7299.957..11903.848 rows=352317 loops=1)
              Hash Cond: (ci.movie_id = t.id)
              ->  Seq Scan on cast_info ci  (cost=0.00..796071.18 rows=712980 width=4) (actual time=5862.157..9646.650 rows=1212532 loops=1)
                    Filter: ((person_id > 2761590) AND (role_id = 4))
                    Rows Removed by Filter: 35031812
              ->  Hash  (cost=73925.90..73925.90 rows=836029 width=4) (actual time=1436.454..1436.454 rows=742319 loops=1)
                    Buckets: 131072  Batches: 16  Memory Usage: 2657kB
                    ->  Seq Scan on title t  (cost=0.00..73925.90 rows=836029 width=4) (actual time=0.035..1201.591 rows=742319 loops=1)
                          Filter: ((kind_id > 1) AND (production_year < 2002))
                          Rows Removed by Filter: 1785993
Planning time: 1.195 ms
Execution time: 15404.156 ms
