Hash Join  (cost=68426.36..97297.22 rows=23896 width=0) (actual time=996.779..1712.656 rows=9872 loops=1)
  Hash Cond: (mi_idx.movie_id = t.id)
  ->  Seq Scan on movie_info_idx mi_idx  (cost=0.00..25185.44 rows=919057 width=4) (actual time=0.017..510.658 rows=920110 loops=1)
        Filter: (info_type_id > 99)
        Rows Removed by Filter: 459925
  ->  Hash  (cost=67604.59..67604.59 rows=65742 width=4) (actual time=995.812..995.812 rows=63827 loops=1)
        Buckets: 131072  Batches: 1  Memory Usage: 3268kB
        ->  Seq Scan on title t  (cost=0.00..67604.59 rows=65742 width=4) (actual time=0.104..967.714 rows=63827 loops=1)
              Filter: (production_year = 2013)
              Rows Removed by Filter: 2464485
Planning time: 0.721 ms
Execution time: 1714.360 ms
