Hash Join  (cost=102767.86..288127.34 rows=3926299 width=0) (actual time=1973.447..6733.184 rows=3925950 loops=1)
  Hash Cond: (mk.movie_id = t.id)
  ->  Seq Scan on movie_keyword mk  (cost=0.00..81003.12 rows=3926299 width=4) (actual time=0.022..1691.425 rows=3925950 loops=1)
        Filter: (keyword_id < 30716)
        Rows Removed by Filter: 597980
  ->  Hash  (cost=61283.27..61283.27 rows=2528527 width=4) (actual time=1972.397..1972.397 rows=2528312 loops=1)
        Buckets: 131072  Batches: 64  Memory Usage: 2425kB
        ->  Seq Scan on title t  (cost=0.00..61283.27 rows=2528527 width=4) (actual time=0.017..1101.414 rows=2528312 loops=1)
Planning time: 0.723 ms
Execution time: 7159.394 ms
