Seq Scan on movie_keyword mk  (cost=0.00..81003.12 rows=246 width=0) (actual time=39.560..1245.198 rows=57 loops=1)
  Filter: (keyword_id = 12188)
  Rows Removed by Filter: 4523873
Planning time: 0.345 ms
Execution time: 1245.345 ms
