Hash Join  (cost=76379.89..615223.81 rows=2946282 width=0) (actual time=1300.883..15375.615 rows=2276477 loops=1)
  Hash Cond: (mi.movie_id = t.id)
  ->  Seq Scan on movie_info mi  (cost=0.00..346232.03 rows=13929354 width=4) (actual time=0.008..6970.160 rows=14033580 loops=1)
        Filter: (info_type_id > 1)
        Rows Removed by Filter: 802140
  ->  Hash  (cost=67604.59..67604.59 rows=534824 width=4) (actual time=1299.701..1299.701 rows=533369 loops=1)
        Buckets: 131072  Batches: 8  Memory Usage: 3376kB
        ->  Seq Scan on title t  (cost=0.00..67604.59 rows=534824 width=4) (actual time=0.017..1121.722 rows=533369 loops=1)
              Filter: (production_year > 2009)
              Rows Removed by Filter: 1994943
Planning time: 0.744 ms
Execution time: 15629.987 ms
