Hash Join  (cost=102767.86..185841.97 rows=634534 width=0) (actual time=1686.709..4276.785 rows=895100 loops=1)
  Hash Cond: (mc.movie_id = t.id)
  ->  Seq Scan on movie_companies mc  (cost=0.00..57926.93 rows=634534 width=4) (actual time=0.026..957.061 rows=895100 loops=1)
        Filter: ((company_id > 11580) AND (company_type_id > 1))
        Rows Removed by Filter: 1714029
  ->  Hash  (cost=61283.27..61283.27 rows=2528527 width=4) (actual time=1685.294..1685.294 rows=2528312 loops=1)
        Buckets: 131072  Batches: 64  Memory Usage: 2415kB
        ->  Seq Scan on title t  (cost=0.00..61283.27 rows=2528527 width=4) (actual time=0.016..875.689 rows=2528312 loops=1)
Planning time: 0.717 ms
Execution time: 4376.966 ms
