Seq Scan on movie_companies mc  (cost=0.00..57926.93 rows=698883 width=0) (actual time=0.033..857.012 rows=440861 loops=1)
  Filter: ((company_id < 11662) AND (company_type_id = 2))
  Rows Removed by Filter: 2168268
Planning time: 0.368 ms
Execution time: 916.543 ms
