Hash Join  (cost=77406.83..570408.50 rows=1236674 width=0) (actual time=1033.438..13402.966 rows=492281 loops=1)
  Hash Cond: (mi.movie_id = t.id)
  ->  Seq Scan on movie_info mi  (cost=0.00..309384.22 rows=14739122 width=4) (actual time=0.019..5311.642 rows=14835720 loops=1)
  ->  Hash  (cost=73925.90..73925.90 rows=212154 width=4) (actual time=1024.088..1024.088 rows=82748 loops=1)
        Buckets: 131072  Batches: 4  Memory Usage: 1757kB
        ->  Seq Scan on title t  (cost=0.00..73925.90 rows=212154 width=4) (actual time=0.030..991.964 rows=82748 loops=1)
              Filter: ((kind_id > 1) AND (production_year < 1964))
              Rows Removed by Filter: 2445564
Planning time: 0.798 ms
Execution time: 13465.854 ms
