Seq Scan on movie_keyword mk  (cost=0.00..81003.12 rows=2936812 width=0) (actual time=0.025..1340.749 rows=2926363 loops=1)
  Filter: (keyword_id > 2453)
  Rows Removed by Filter: 1597567
Planning time: 0.312 ms
Execution time: 1702.361 ms
