Nested Loop  (cost=0.43..86096.27 rows=2862 width=0) (actual time=49.487..926.546 rows=2224 loops=1)
  ->  Seq Scan on movie_companies mc  (cost=0.00..51404.11 rows=4696 width=4) (actual time=2.334..814.382 rows=3552 loops=1)
        Filter: (company_id = 82)
        Rows Removed by Filter: 2605577
  ->  Index Scan using title_pkey on title t  (cost=0.43..7.38 rows=1 width=4) (actual time=0.031..0.031 rows=1 loops=3552)
        Index Cond: (id = mc.movie_id)
        Filter: (kind_id = 7)
        Rows Removed by Filter: 0
Planning time: 0.769 ms
Execution time: 927.173 ms
