Hash Join  (cost=74469.67..843518.99 rows=278729 width=0) (actual time=1549.140..16800.773 rows=354109 loops=1)
  Hash Cond: (ci.movie_id = t.id)
  ->  Seq Scan on cast_info ci  (cost=0.00..705507.15 rows=16201301 width=4) (actual time=520.195..11920.447 rows=16121683 loops=1)
        Filter: (role_id > 2)
        Rows Removed by Filter: 20122661
  ->  Hash  (cost=73925.90..73925.90 rows=43501 width=4) (actual time=1028.527..1028.527 rows=39560 loops=1)
        Buckets: 65536  Batches: 1  Memory Usage: 1903kB
        ->  Seq Scan on title t  (cost=0.00..73925.90 rows=43501 width=4) (actual time=0.015..1013.066 rows=39560 loops=1)
              Filter: ((kind_id = 1) AND (production_year = 2012))
              Rows Removed by Filter: 2488752
Planning time: 0.530 ms
Execution time: 16849.394 ms
