Hash Join  (cost=156487.41..227774.02 rows=246244 width=0) (actual time=3777.971..5551.242 rows=652140 loops=1)
  Hash Cond: (mc.movie_id = t.id)
  ->  Seq Scan on movie_companies mc  (cost=0.00..51404.11 rows=1350682 width=4) (actual time=0.013..852.930 rows=1357836 loops=1)
        Filter: (company_id > 11151)
        Rows Removed by Filter: 1251293
  ->  Hash  (cost=148924.19..148924.19 rows=460978 width=8) (actual time=3777.135..3777.135 rows=459925 loops=1)
        Buckets: 131072  Batches: 8  Memory Usage: 3275kB
        ->  Hash Join  (cost=102767.86..148924.19 rows=460978 width=8) (actual time=2407.225..3642.913 rows=459925 loops=1)
              Hash Cond: (mi_idx.movie_id = t.id)
              ->  Seq Scan on movie_info_idx mi_idx  (cost=0.00..25185.44 rows=460978 width=4) (actual time=0.024..448.803 rows=459925 loops=1)
                    Filter: (info_type_id = 99)
                    Rows Removed by Filter: 920110
              ->  Hash  (cost=61283.27..61283.27 rows=2528527 width=4) (actual time=2405.782..2405.782 rows=2528312 loops=1)
                    Buckets: 131072  Batches: 64  Memory Usage: 2415kB
                    ->  Seq Scan on title t  (cost=0.00..61283.27 rows=2528527 width=4) (actual time=0.014..979.018 rows=2528312 loops=1)
Planning time: 1.114 ms
Execution time: 5629.917 ms
