Hash Join  (cost=74040.98..133637.99 rows=7878 width=0) (actual time=844.836..2196.441 rows=13849 loops=1)
  Hash Cond: (mc.movie_id = t.id)
  ->  Seq Scan on movie_companies mc  (cost=0.00..51404.11 rows=2163764 width=4) (actual time=0.029..965.209 rows=2158913 loops=1)
        Filter: (company_id < 77333)
        Rows Removed by Filter: 450216
  ->  Hash  (cost=73925.90..73925.90 rows=9206 width=4) (actual time=844.650..844.650 rows=7999 loops=1)
        Buckets: 16384  Batches: 1  Memory Usage: 410kB
        ->  Seq Scan on title t  (cost=0.00..73925.90 rows=9206 width=4) (actual time=0.025..841.120 rows=7999 loops=1)
              Filter: ((kind_id < 4) AND (production_year = 1993))
              Rows Removed by Filter: 2520313
Planning time: 0.707 ms
Execution time: 2198.927 ms
