Hash Join  (cost=137528.28..1239363.40 rows=3491562 width=0) (actual time=2578.147..32614.271 rows=4377625 loops=1)
  Hash Cond: (ci.movie_id = t.id)
  ->  Seq Scan on cast_info ci  (cost=0.00..705507.15 rows=31161434 width=4) (actual time=0.021..15681.514 rows=31300520 loops=1)
        Filter: (person_id > 479942)
        Rows Removed by Filter: 4943824
  ->  Hash  (cost=132879.85..132879.85 rows=283315 width=8) (actual time=2577.122..2577.122 rows=141906 loops=1)
        Buckets: 131072  Batches: 4  Memory Usage: 2407kB
        ->  Hash Join  (cost=92883.59..132879.85 rows=283315 width=8) (actual time=1684.004..2534.297 rows=141906 loops=1)
              Hash Cond: (mi_idx.movie_id = t.id)
              ->  Seq Scan on movie_info_idx mi_idx  (cost=0.00..25185.44 rows=464934 width=4) (actual time=0.024..348.408 rows=460185 loops=1)
                    Filter: (info_type_id > 100)
                    Rows Removed by Filter: 919850
              ->  Hash  (cost=67604.59..67604.59 rows=1540800 width=4) (actual time=1682.886..1682.886 rows=1543264 loops=1)
                    Buckets: 131072  Batches: 32  Memory Usage: 2722kB
                    ->  Seq Scan on title t  (cost=0.00..67604.59 rows=1540800 width=4) (actual time=0.036..1184.890 rows=1543264 loops=1)
                          Filter: (kind_id = 7)
                          Rows Removed by Filter: 985048
Planning time: 1.099 ms
Execution time: 33116.855 ms
