Hash Join  (cost=79110.05..948899.75 rows=1590083 width=0) (actual time=8686.668..22054.629 rows=2532489 loops=1)
  Hash Cond: (ci.movie_id = t.id)
  ->  Seq Scan on cast_info ci  (cost=0.00..705507.15 rows=12726058 width=4) (actual time=7285.693..13733.901 rows=12670688 loops=1)
        Filter: (role_id = 1)
        Rows Removed by Filter: 23573656
  ->  Hash  (cost=73925.90..73925.90 rows=315932 width=4) (actual time=1400.054..1400.054 rows=433359 loops=1)
        Buckets: 131072  Batches: 8  Memory Usage: 2939kB
        ->  Seq Scan on title t  (cost=0.00..73925.90 rows=315932 width=4) (actual time=0.028..1261.410 rows=433359 loops=1)
              Filter: ((kind_id < 7) AND (production_year < 1995))
              Rows Removed by Filter: 2094953
Planning time: 0.509 ms
Execution time: 22349.615 ms
