Hash Join  (cost=74351.33..883800.45 rows=360155 width=0) (actual time=969.713..19704.080 rows=84675 loops=1)
  Hash Cond: (ci.movie_id = t.id)
  ->  Seq Scan on cast_info ci  (cost=0.00..705507.15 rows=26757444 width=4) (actual time=0.009..13779.289 rows=26859641 loops=1)
        Filter: (role_id < 5)
        Rows Removed by Filter: 9384703
  ->  Hash  (cost=73925.90..73925.90 rows=34034 width=4) (actual time=968.783..968.783 rows=9253 loops=1)
        Buckets: 65536  Batches: 1  Memory Usage: 838kB
        ->  Seq Scan on title t  (cost=0.00..73925.90 rows=34034 width=4) (actual time=170.744..964.469 rows=9253 loops=1)
              Filter: ((production_year < 1993) AND (kind_id = 4))
              Rows Removed by Filter: 2519059
Planning time: 0.765 ms
Execution time: 19718.714 ms
