Hash Join  (cost=140413.61..274898.62 rows=486298 width=0) (actual time=3139.363..7182.396 rows=2620286 loops=1)
  Hash Cond: (mk.movie_id = t.id)
  ->  Seq Scan on movie_keyword mk  (cost=0.00..81003.12 rows=4103441 width=4) (actual time=0.019..1709.917 rows=4110436 loops=1)
        Filter: (keyword_id < 41980)
        Rows Removed by Filter: 413494
  ->  Hash  (cost=135496.92..135496.92 rows=299655 width=8) (actual time=3138.544..3138.544 rows=356160 loops=1)
        Buckets: 131072 (originally 131072)  Batches: 8 (originally 4)  Memory Usage: 3073kB
        ->  Hash Join  (cost=94978.31..135496.92 rows=299655 width=8) (actual time=1838.998..3013.961 rows=356160 loops=1)
              Hash Cond: (mi_idx.movie_id = t.id)
              ->  Seq Scan on movie_info_idx mi_idx  (cost=0.00..25185.44 rows=454124 width=4) (actual time=0.025..484.479 rows=459925 loops=1)
                    Filter: (info_type_id = 100)
                    Rows Removed by Filter: 920110
              ->  Hash  (cost=67604.59..67604.59 rows=1668458 width=4) (actual time=1838.293..1838.293 rows=1671292 loops=1)
                    Buckets: 131072  Batches: 32  Memory Usage: 2858kB
                    ->  Seq Scan on title t  (cost=0.00..67604.59 rows=1668458 width=4) (actual time=0.037..1265.616 rows=1671292 loops=1)
                          Filter: (production_year < 2008)
                          Rows Removed by Filter: 857020
Planning time: 1.133 ms
Execution time: 7459.112 ms
