Hash Join  (cost=67697.55..94648.62 rows=4059 width=0) (actual time=965.496..1441.094 rows=2981 loops=1)
  Hash Cond: (mi_idx.movie_id = t.id)
  ->  Seq Scan on movie_info_idx mi_idx  (cost=0.00..21735.35 rows=1380035 width=4) (actual time=0.013..222.700 rows=1380035 loops=1)
  ->  Hash  (cost=67604.59..67604.59 rows=7437 width=4) (actual time=964.802..964.802 rows=2206 loops=1)
        Buckets: 8192  Batches: 1  Memory Usage: 142kB
        ->  Seq Scan on title t  (cost=0.00..67604.59 rows=7437 width=4) (actual time=216.086..963.603 rows=2206 loops=1)
              Filter: (production_year = 1941)
              Rows Removed by Filter: 2526106
Planning time: 0.913 ms
Execution time: 1441.684 ms
