Hash Join  (cost=162199.93..1225422.29 rows=2863820 width=0) (actual time=3263.750..32529.087 rows=6835781 loops=1)
  Hash Cond: (ci.movie_id = t.id)
  ->  Seq Scan on cast_info ci  (cost=0.00..614943.12 rows=36225612 width=4) (actual time=0.023..11695.122 rows=36244344 loops=1)
  ->  Hash  (cost=158920.27..158920.27 rows=199893 width=8) (actual time=3262.829..3262.829 rows=204903 loops=1)
        Buckets: 131072  Batches: 4  Memory Usage: 3018kB
        ->  Hash Join  (cost=95920.39..158920.27 rows=199893 width=8) (actual time=2082.191..3206.351 rows=204903 loops=1)
              Hash Cond: (mc.movie_id = t.id)
              ->  Seq Scan on movie_companies mc  (cost=0.00..51404.11 rows=377022 width=4) (actual time=0.032..855.622 rows=376622 loops=1)
                    Filter: (company_id < 225)
                    Rows Removed by Filter: 2232507
              ->  Hash  (cost=73925.90..73925.90 rows=1340599 width=4) (actual time=1905.747..1905.747 rows=1418280 loops=1)
                    Buckets: 131072  Batches: 32  Memory Usage: 2584kB
                    ->  Seq Scan on title t  (cost=0.00..73925.90 rows=1340599 width=4) (actual time=0.024..1346.536 rows=1418280 loops=1)
                          Filter: ((production_year > 1961) AND (kind_id = 7))
                          Rows Removed by Filter: 1110032
Planning time: 1.156 ms
Execution time: 33411.276 ms
