Hash Join  (cost=102767.86..981429.66 rows=3021823 width=0) (actual time=1685.473..13695.066 rows=2660 loops=1)
  Hash Cond: (ci.movie_id = t.id)
  ->  Seq Scan on cast_info ci  (cost=0.00..796071.18 rows=3021823 width=4) (actual time=22.434..11681.073 rows=2660 loops=1)
        Filter: ((person_id < 1469753) AND (role_id = 2))
        Rows Removed by Filter: 36241684
  ->  Hash  (cost=61283.27..61283.27 rows=2528527 width=4) (actual time=1615.609..1615.609 rows=2528312 loops=1)
        Buckets: 131072  Batches: 64  Memory Usage: 2415kB
        ->  Seq Scan on title t  (cost=0.00..61283.27 rows=2528527 width=4) (actual time=0.019..863.713 rows=2528312 loops=1)
Planning time: 0.819 ms
Execution time: 13695.572 ms
