Hash Join  (cost=101399.47..203531.44 rows=1727904 width=0) (actual time=2023.741..4781.384 rows=1075144 loops=1)
  Hash Cond: (mc.movie_id = t.id)
  ->  Seq Scan on movie_companies mc  (cost=0.00..44881.29 rows=2609129 width=4) (actual time=0.025..822.369 rows=2609129 loops=1)
  ->  Hash  (cost=73925.90..73925.90 rows=1674525 width=4) (actual time=2022.296..2022.296 rows=1666241 loops=1)
        Buckets: 131072  Batches: 32  Memory Usage: 2857kB
        ->  Seq Scan on title t  (cost=0.00..73925.90 rows=1674525 width=4) (actual time=0.017..1469.725 rows=1666241 loops=1)
              Filter: ((kind_id > 2) AND (production_year < 2013))
              Rows Removed by Filter: 862071
Planning time: 0.720 ms
Execution time: 4918.474 ms
