Seq Scan on movie_keyword mk  (cost=0.00..81003.12 rows=246 width=0) (actual time=13.247..1240.612 rows=508 loops=1)
  Filter: (keyword_id = 20003)
  Rows Removed by Filter: 4523422
Planning time: 0.383 ms
Execution time: 1240.908 ms
