Hash Join  (cost=75203.83..151361.50 rows=80315 width=0) (actual time=1207.698..3030.377 rows=175089 loops=1)
  Hash Cond: (mc.movie_id = t.id)
  ->  Seq Scan on movie_companies mc  (cost=0.00..44881.29 rows=2609129 width=4) (actual time=0.026..880.920 rows=2609129 loops=1)
  ->  Hash  (cost=73925.90..73925.90 rows=77834 width=4) (actual time=1206.904..1206.904 rows=88893 loops=1)
        Buckets: 131072  Batches: 2  Memory Usage: 2591kB
        ->  Seq Scan on title t  (cost=0.00..73925.90 rows=77834 width=4) (actual time=0.012..1176.091 rows=88893 loops=1)
              Filter: ((production_year < 2010) AND (kind_id = 3))
              Rows Removed by Filter: 2439419
Planning time: 0.818 ms
Execution time: 3052.784 ms
