Hash Join  (cost=83073.00..833863.32 rows=116 width=0) (actual time=1286.501..16737.371 rows=1116 loops=1)
  Hash Cond: (ci.movie_id = t.id)
  ->  Seq Scan on cast_info ci  (cost=0.00..614943.12 rows=36225612 width=4) (actual time=0.020..8674.631 rows=36244344 loops=1)
  ->  Hash  (cost=83072.90..83072.90 rows=8 width=8) (actual time=1275.345..1275.345 rows=32 loops=1)
        Buckets: 1024  Batches: 1  Memory Usage: 10kB
        ->  Nested Loop  (cost=0.43..83072.90 rows=8 width=8) (actual time=248.579..1275.287 rows=32 loops=1)
              ->  Seq Scan on movie_keyword mk  (cost=0.00..81003.12 rows=246 width=4) (actual time=4.392..1265.477 rows=323 loops=1)
                    Filter: (keyword_id = 3877)
                    Rows Removed by Filter: 4523607
              ->  Index Scan using title_pkey on title t  (cost=0.43..8.40 rows=1 width=4) (actual time=0.028..0.028 rows=0 loops=323)
                    Index Cond: (id = mk.movie_id)
                    Filter: ((production_year < 2011) AND (kind_id = 3))
                    Rows Removed by Filter: 1
Planning time: 2.921 ms
Execution time: 16738.444 ms
