Hash Join  (cost=190230.21..1195695.67 rows=9445734 width=0) (actual time=4157.170..31993.504 rows=18993216 loops=1)
  Hash Cond: (ci.movie_id = t.id)
  ->  Seq Scan on cast_info ci  (cost=0.00..705507.15 rows=17306657 width=4) (actual time=0.023..14282.808 rows=17417478 loops=1)
        Filter: (person_id > 1875580)
        Rows Removed by Filter: 18826866
  ->  Hash  (cost=167588.78..167588.78 rows=1380035 width=8) (actual time=4155.885..4155.885 rows=1380035 loops=1)
        Buckets: 131072  Batches: 32  Memory Usage: 2708kB
        ->  Hash Join  (cost=102767.86..167588.78 rows=1380035 width=8) (actual time=1906.005..3775.176 rows=1380035 loops=1)
              Hash Cond: (mi_idx.movie_id = t.id)
              ->  Seq Scan on movie_info_idx mi_idx  (cost=0.00..21735.35 rows=1380035 width=4) (actual time=0.014..433.435 rows=1380035 loops=1)
              ->  Hash  (cost=61283.27..61283.27 rows=2528527 width=4) (actual time=1904.663..1904.663 rows=2528312 loops=1)
                    Buckets: 131072  Batches: 64  Memory Usage: 2415kB
                    ->  Seq Scan on title t  (cost=0.00..61283.27 rows=2528527 width=4) (actual time=0.019..1088.773 rows=2528312 loops=1)
Planning time: 1.182 ms
Execution time: 33867.266 ms
