Hash Join  (cost=58358.90..86991.00 rows=19 width=0) (actual time=995.432..1540.189 rows=10 loops=1)
  Hash Cond: (mi_idx.movie_id = t.id)
  ->  Seq Scan on movie_info_idx mi_idx  (cost=0.00..25185.44 rows=919057 width=4) (actual time=0.018..463.872 rows=920110 loops=1)
        Filter: (info_type_id > 99)
        Rows Removed by Filter: 459925
  ->  Hash  (cost=58358.27..58358.27 rows=51 width=8) (actual time=958.047..958.047 rows=6 loops=1)
        Buckets: 1024  Batches: 1  Memory Usage: 9kB
        ->  Nested Loop  (cost=0.43..58358.27 rows=51 width=8) (actual time=4.511..958.034 rows=6 loops=1)
              ->  Seq Scan on movie_companies mc  (cost=0.00..57926.93 rows=51 width=4) (actual time=4.452..957.653 rows=6 loops=1)
                    Filter: ((company_type_id < 2) AND (company_id = 3855))
                    Rows Removed by Filter: 2609123
              ->  Index Only Scan using title_pkey on title t  (cost=0.43..8.45 rows=1 width=4) (actual time=0.054..0.055 rows=1 loops=6)
                    Index Cond: (id = mc.movie_id)
                    Heap Fetches: 6
Planning time: 1.075 ms
Execution time: 1540.281 ms
