Seq Scan on cast_info ci  (cost=0.00..796071.18 rows=5 width=0) (actual time=1396.449..12284.844 rows=1 loops=1)
  Filter: ((role_id > 10) AND (person_id = 4050021))
  Rows Removed by Filter: 36244343
Planning time: 0.373 ms
Execution time: 12284.951 ms
