Seq Scan on movie_keyword mk  (cost=0.00..81003.12 rows=7691 width=0) (actual time=0.885..1227.454 rows=7640 loops=1)
  Filter: (keyword_id = 3660)
  Rows Removed by Filter: 4516290
Planning time: 0.439 ms
Execution time: 1229.165 ms
