Seq Scan on title t  (cost=0.00..73925.90 rows=681899 width=0) (actual time=0.024..1331.598 rows=565062 loops=1)
  Filter: ((kind_id > 1) AND (production_year < 1998))
  Rows Removed by Filter: 1963250
Planning time: 0.829 ms
Execution time: 1405.066 ms
