Hash Join  (cost=102767.86..284840.83 rows=3789775 width=0) (actual time=2027.488..7243.519 rows=3789018 loops=1)
  Hash Cond: (mk.movie_id = t.id)
  ->  Seq Scan on movie_keyword mk  (cost=0.00..81003.12 rows=3789775 width=4) (actual time=0.022..1772.656 rows=3789018 loops=1)
        Filter: (keyword_id > 658)
        Rows Removed by Filter: 734912
  ->  Hash  (cost=61283.27..61283.27 rows=2528527 width=4) (actual time=2026.323..2026.323 rows=2528312 loops=1)
        Buckets: 131072  Batches: 64  Memory Usage: 2425kB
        ->  Seq Scan on title t  (cost=0.00..61283.27 rows=2528527 width=4) (actual time=0.019..1157.450 rows=2528312 loops=1)
Planning time: 0.716 ms
Execution time: 7708.348 ms
