Hash Join  (cost=149390.61..533444.33 rows=177297 width=0) (actual time=6555.608..10391.698 rows=629966 loops=1)
  Hash Cond: (mi.movie_id = t.id)
  ->  Seq Scan on movie_info mi  (cost=0.00..346232.03 rows=3068194 width=4) (actual time=3362.516..5993.123 rows=3036719 loops=1)
        Filter: (info_type_id = 16)
        Rows Removed by Filter: 11799001
  ->  Hash  (cost=146993.21..146993.21 rows=146112 width=8) (actual time=3192.049..3192.049 rows=114616 loops=1)
        Buckets: 131072  Batches: 2  Memory Usage: 3247kB
        ->  Hash Join  (cost=69928.56..146993.21 rows=146112 width=8) (actual time=1209.054..3149.826 rows=114616 loops=1)
              Hash Cond: (mc.movie_id = t.id)
              ->  Seq Scan on movie_companies mc  (cost=0.00..44881.29 rows=2609129 width=4) (actual time=0.023..923.388 rows=2609129 loops=1)
              ->  Hash  (cost=67604.59..67604.59 rows=141598 width=4) (actual time=1204.114..1204.114 rows=141703 loops=1)
                    Buckets: 131072  Batches: 2  Memory Usage: 3511kB
                    ->  Seq Scan on title t  (cost=0.00..67604.59 rows=141598 width=4) (actual time=0.026..1151.571 rows=141703 loops=1)
                          Filter: (production_year = 2010)
                          Rows Removed by Filter: 2386609
Planning time: 1.243 ms
Execution time: 10465.869 ms
