Seq Scan on movie_companies mc  (cost=0.00..57926.93 rows=51 width=0) (actual time=194.682..859.983 rows=951 loops=1)
  Filter: ((company_id = 11428) AND (company_type_id = 1))
  Rows Removed by Filter: 2608178
Planning time: 0.345 ms
Execution time: 860.292 ms
