Hash Join  (cost=157800.17..197309.03 rows=105838 width=0) (actual time=3963.284..5063.869 rows=495816 loops=1)
  Hash Cond: (mi_idx.movie_id = t.id)
  ->  Seq Scan on movie_info_idx mi_idx  (cost=0.00..21735.35 rows=1380035 width=4) (actual time=0.014..395.340 rows=1380035 loops=1)
  ->  Hash  (cost=154618.18..154618.18 rows=193919 width=8) (actual time=3962.274..3962.274 rows=369899 loops=1)
        Buckets: 131072 (originally 131072)  Batches: 8 (originally 4)  Memory Usage: 3073kB
        ->  Hash Join  (cost=85280.32..154618.18 rows=193919 width=8) (actual time=1731.173..3844.479 rows=369899 loops=1)
              Hash Cond: (mc.movie_id = t.id)
              ->  Seq Scan on movie_companies mc  (cost=0.00..57926.93 rows=455129 width=4) (actual time=228.454..986.133 rows=779420 loops=1)
                    Filter: ((company_id > 21394) AND (company_type_id = 2))
                    Rows Removed by Filter: 1829709
              ->  Hash  (cost=67604.59..67604.59 rows=1077339 width=4) (actual time=1501.539..1501.539 rows=1074765 loops=1)
                    Buckets: 131072  Batches: 16  Memory Usage: 3388kB
                    ->  Seq Scan on title t  (cost=0.00..67604.59 rows=1077339 width=4) (actual time=0.029..1170.860 rows=1074765 loops=1)
                          Filter: (production_year < 2001)
                          Rows Removed by Filter: 1453547
Planning time: 3.273 ms
Execution time: 5116.516 ms
