Hash Join  (cost=215833.08..1168822.83 rows=7381691 width=0) (actual time=6550.557..32321.127 rows=19623474 loops=1)
  Hash Cond: (ci.movie_id = t.id)
  ->  Seq Scan on cast_info ci  (cost=0.00..705507.15 rows=14587383 width=4) (actual time=0.022..13773.790 rows=14741808 loops=1)
        Filter: (person_id > 2179500)
        Rows Removed by Filter: 21502536
  ->  Hash  (cost=194840.12..194840.12 rows=1279517 width=8) (actual time=6549.739..6549.739 rows=1274246 loops=1)
        Buckets: 131072  Batches: 32  Memory Usage: 2553kB
        ->  Hash Join  (cost=102767.86..194840.12 rows=1279517 width=8) (actual time=2053.437..6205.503 rows=1274246 loops=1)
              Hash Cond: (mc.movie_id = t.id)
              ->  Seq Scan on movie_companies mc  (cost=0.00..51404.11 rows=1279517 width=4) (actual time=0.021..2752.745 rows=1274246 loops=1)
                    Filter: (company_type_id < 2)
                    Rows Removed by Filter: 1334883
              ->  Hash  (cost=61283.27..61283.27 rows=2528527 width=4) (actual time=2052.504..2052.504 rows=2528312 loops=1)
                    Buckets: 131072  Batches: 64  Memory Usage: 2415kB
                    ->  Seq Scan on title t  (cost=0.00..61283.27 rows=2528527 width=4) (actual time=0.016..1223.461 rows=2528312 loops=1)
Planning time: 1.757 ms
Execution time: 34392.540 ms
