Hash Join  (cost=84618.84..118926.20 rows=119842 width=0) (actual time=1336.126..2245.174 rows=253148 loops=1)
  Hash Cond: (mi_idx.movie_id = t.id)
  ->  Seq Scan on movie_info_idx mi_idx  (cost=0.00..25185.44 rows=464934 width=4) (actual time=0.024..487.778 rows=460185 loops=1)
        Filter: (info_type_id > 100)
        Rows Removed by Filter: 919850
  ->  Hash  (cost=73925.90..73925.90 rows=651755 width=4) (actual time=1335.295..1335.295 rows=711179 loops=1)
        Buckets: 131072  Batches: 16  Memory Usage: 2590kB
        ->  Seq Scan on title t  (cost=0.00..73925.90 rows=651755 width=4) (actual time=0.012..1133.744 rows=711179 loops=1)
              Filter: ((kind_id < 7) AND (production_year < 2008))
              Rows Removed by Filter: 1817133
Planning time: 0.500 ms
Execution time: 2277.253 ms
