Seq Scan on movie_companies mc  (cost=0.00..51404.11 rows=2209708 width=0) (actual time=0.020..948.250 rows=2204552 loops=1)
  Filter: (company_id < 81741)
  Rows Removed by Filter: 404577
Planning time: 0.316 ms
Execution time: 1203.006 ms
