Hash Join  (cost=113464.20..1166156.76 rows=1838744 width=0) (actual time=2243.861..29432.350 rows=3093842 loops=1)
  Hash Cond: (ci.movie_id = t.id)
  ->  Seq Scan on cast_info ci  (cost=0.00..614943.12 rows=36225612 width=4) (actual time=0.019..13241.469 rows=36244344 loops=1)
  ->  Hash  (cost=111357.91..111357.91 rows=128343 width=8) (actual time=2242.370..2242.370 rows=125931 loops=1)
        Buckets: 131072  Batches: 2  Memory Usage: 3481kB
        ->  Hash Join  (cost=71463.00..111357.91 rows=128343 width=8) (actual time=1147.447..2202.724 rows=125931 loops=1)
              Hash Cond: (mi_idx.movie_id = t.id)
              ->  Seq Scan on movie_info_idx mi_idx  (cost=0.00..21735.35 rows=1380035 width=4) (actual time=0.024..439.168 rows=1380035 loops=1)
              ->  Hash  (cost=67604.59..67604.59 rows=235153 width=4) (actual time=1146.694..1146.694 rows=230883 loops=1)
                    Buckets: 131072  Batches: 4  Memory Usage: 3052kB
                    ->  Seq Scan on title t  (cost=0.00..67604.59 rows=235153 width=4) (actual time=0.026..1062.678 rows=230883 loops=1)
                          Filter: (production_year < 1959)
                          Rows Removed by Filter: 2297429
Planning time: 3.172 ms
Execution time: 29797.751 ms
