Hash Join  (cost=83074.74..449049.79 rows=512 width=0) (actual time=1873.490..7769.703 rows=24825 loops=1)
  Hash Cond: (mi.movie_id = t.id)
  ->  Seq Scan on movie_info mi  (cost=0.00..346232.03 rows=5263441 width=4) (actual time=403.700..5452.839 rows=5270569 loops=1)
        Filter: (info_type_id > 15)
        Rows Removed by Filter: 9565151
  ->  Hash  (cost=83071.67..83071.67 rows=246 width=8) (actual time=1457.779..1457.779 rows=3714 loops=1)
        Buckets: 4096 (originally 1024)  Batches: 1 (originally 1)  Memory Usage: 178kB
        ->  Nested Loop  (cost=0.43..83071.67 rows=246 width=8) (actual time=0.458..1455.436 rows=3714 loops=1)
              ->  Seq Scan on movie_keyword mk  (cost=0.00..81003.12 rows=246 width=4) (actual time=0.383..1320.553 rows=3714 loops=1)
                    Filter: (keyword_id = 3673)
                    Rows Removed by Filter: 4520216
              ->  Index Only Scan using title_pkey on title t  (cost=0.43..8.40 rows=1 width=4) (actual time=0.035..0.035 rows=1 loops=3714)
                    Index Cond: (id = mk.movie_id)
                    Heap Fetches: 3714
Planning time: 0.779 ms
Execution time: 7773.348 ms
