Seq Scan on cast_info ci  (cost=0.00..796071.18 rows=7026157 width=0) (actual time=6767.222..14246.773 rows=12670688 loops=1)
  Filter: ((person_id < 1994448) AND (role_id = 1))
  Rows Removed by Filter: 23573656
Planning time: 0.333 ms
Execution time: 15816.354 ms
