Seq Scan on movie_keyword mk  (cost=0.00..81003.12 rows=1645426 width=0) (actual time=6.593..1416.558 rows=1651373 loops=1)
  Filter: (keyword_id > 8864)
  Rows Removed by Filter: 2872557
Planning time: 0.307 ms
Execution time: 1635.348 ms
