Seq Scan on movie_companies mc  (cost=0.00..51404.11 rows=2440966 width=0) (actual time=0.029..1071.785 rows=2441899 loops=1)
  Filter: (company_id < 124987)
  Rows Removed by Filter: 167230
Planning time: 0.297 ms
Execution time: 1382.603 ms
