Hash Join  (cost=1019361.29..1706067.09 rows=15937207 width=0) (actual time=16599.939..37883.356 rows=23744558 loops=1)
  Hash Cond: (mi.movie_id = t.id)
  ->  Seq Scan on movie_info mi  (cost=0.00..309384.22 rows=14739122 width=4) (actual time=0.011..6372.940 rows=14835720 loops=1)
  ->  Hash  (cost=974505.53..974505.53 rows=2734061 width=8) (actual time=16597.763..16597.763 rows=1669702 loops=1)
        Buckets: 131072  Batches: 64  Memory Usage: 2065kB
        ->  Hash Join  (cost=102767.86..974505.53 rows=2734061 width=8) (actual time=4547.592..16141.901 rows=1669702 loops=1)
              Hash Cond: (ci.movie_id = t.id)
              ->  Seq Scan on cast_info ci  (cost=0.00..796071.18 rows=2734061 width=4) (actual time=2641.858..12531.044 rows=1669702 loops=1)
                    Filter: ((person_id < 581590) AND (role_id > 2))
                    Rows Removed by Filter: 34574642
              ->  Hash  (cost=61283.27..61283.27 rows=2528527 width=4) (actual time=1904.579..1904.579 rows=2528312 loops=1)
                    Buckets: 131072  Batches: 64  Memory Usage: 2415kB
                    ->  Seq Scan on title t  (cost=0.00..61283.27 rows=2528527 width=4) (actual time=0.025..1052.776 rows=2528312 loops=1)
Planning time: 1.165 ms
Execution time: 40561.061 ms
