Hash Join  (cost=78556.72..203703.00 rows=772051 width=0) (actual time=1327.325..4954.213 rows=1881761 loops=1)
  Hash Cond: (mk.movie_id = t.id)
  ->  Seq Scan on movie_keyword mk  (cost=0.00..81003.12 rows=2924437 width=4) (actual time=0.020..1775.053 rows=2911123 loops=1)
        Filter: (keyword_id < 9403)
        Rows Removed by Filter: 1612807
  ->  Hash  (cost=67604.59..67604.59 rows=667531 width=4) (actual time=1326.522..1326.522 rows=662825 loops=1)
        Buckets: 131072  Batches: 16  Memory Usage: 2486kB
        ->  Seq Scan on title t  (cost=0.00..67604.59 rows=667531 width=4) (actual time=0.023..1108.611 rows=662825 loops=1)
              Filter: (kind_id = 1)
              Rows Removed by Filter: 1865487
Planning time: 0.811 ms
Execution time: 5172.697 ms
