Seq Scan on cast_info ci  (cost=0.00..796071.18 rows=9445835 width=42) (actual time=5948.874..17948.840 rows=12670688 loops=1)
  Filter: ((person_id < 2769578) AND (role_id = 1))
  Rows Removed by Filter: 23573656
Planning time: 3.689 ms
Execution time: 18691.031 ms
