Hash Join  (cost=982524.85..3081802.54 rows=89022431 width=0) (actual time=25606.864..103266.292 rows=201109557 loops=1)
  Hash Cond: (ci.movie_id = t.id)
  ->  Seq Scan on cast_info ci  (cost=0.00..705507.15 rows=16147063 width=4) (actual time=0.021..14373.789 rows=16301705 loops=1)
        Filter: (person_id > 2003092)
        Rows Removed by Filter: 19942639
  ->  Hash  (cost=753815.55..753815.55 rows=13940344 width=8) (actual time=25603.113..25603.113 rows=14487892 loops=1)
        Buckets: 131072  Batches: 256  Memory Usage: 3211kB
        ->  Hash Join  (cost=106840.27..753815.55 rows=13940344 width=8) (actual time=1996.371..21192.661 rows=14487892 loops=1)
              Hash Cond: (mi.movie_id = t.id)
              ->  Seq Scan on movie_info mi  (cost=0.00..309384.22 rows=14739122 width=4) (actual time=0.022..6448.827 rows=14835720 loops=1)
              ->  Hash  (cost=67604.59..67604.59 rows=2391495 width=4) (actual time=1995.003..1995.003 rows=2388876 loops=1)
                    Buckets: 131072  Batches: 32  Memory Usage: 3656kB
                    ->  Seq Scan on title t  (cost=0.00..67604.59 rows=2391495 width=4) (actual time=0.032..1204.791 rows=2388876 loops=1)
                          Filter: (production_year < 2013)
                          Rows Removed by Filter: 139436
Planning time: 1.352 ms
Execution time: 125546.149 ms
