Hash Join  (cost=94072.72..242842.33 rows=2197057 width=0) (actual time=1913.654..5865.140 rows=1225880 loops=1)
  Hash Cond: (mk.movie_id = t.id)
  ->  Seq Scan on movie_keyword mk  (cost=0.00..69693.30 rows=4523930 width=4) (actual time=0.045..1415.138 rows=4523930 loops=1)
  ->  Hash  (cost=73925.90..73925.90 rows=1227985 width=4) (actual time=1911.836..1911.836 rows=1197374 loops=1)
        Buckets: 131072  Batches: 32  Memory Usage: 2346kB
        ->  Seq Scan on title t  (cost=0.00..73925.90 rows=1227985 width=4) (actual time=0.019..1500.294 rows=1197374 loops=1)
              Filter: ((kind_id > 1) AND (production_year < 2008))
              Rows Removed by Filter: 1330938
Planning time: 0.785 ms
Execution time: 6017.889 ms
