Hash Join  (cost=80110.18..121332.74 rows=205708 width=0) (actual time=1335.081..2561.210 rows=277234 loops=1)
  Hash Cond: (mi_idx.movie_id = t.id)
  ->  Seq Scan on movie_info_idx mi_idx  (cost=0.00..21735.35 rows=1380035 width=4) (actual time=0.032..463.427 rows=1380035 loops=1)
  ->  Hash  (cost=73925.90..73925.90 rows=376902 width=4) (actual time=1334.124..1334.124 rows=300122 loops=1)
        Buckets: 131072  Batches: 8  Memory Usage: 2339kB
        ->  Seq Scan on title t  (cost=0.00..73925.90 rows=376902 width=4) (actual time=0.050..1235.556 rows=300122 loops=1)
              Filter: ((kind_id < 4) AND (production_year > 2004))
              Rows Removed by Filter: 2228190
Planning time: 0.831 ms
Execution time: 2598.041 ms
