Seq Scan on movie_companies mc  (cost=0.00..51404.11 rows=104 width=0) (actual time=11.276..540.749 rows=63 loops=1)
  Filter: (company_id = 1932)
  Rows Removed by Filter: 2609066
Planning time: 0.310 ms
Execution time: 540.852 ms
