Hash Join  (cost=83074.55..137783.34 rows=46 width=0) (actual time=1759.116..2404.574 rows=6 loops=1)
  Hash Cond: (mc.movie_id = t.id)
  ->  Seq Scan on movie_companies mc  (cost=0.00..51404.11 rows=881124 width=4) (actual time=0.018..1015.910 rows=875153 loops=1)
        Filter: (company_id < 2576)
        Rows Removed by Filter: 1733976
  ->  Hash  (cost=83072.90..83072.90 rows=132 width=8) (actual time=1267.116..1267.116 rows=3 loops=1)
        Buckets: 1024  Batches: 1  Memory Usage: 9kB
        ->  Nested Loop  (cost=0.43..83072.90 rows=132 width=8) (actual time=876.351..1267.105 rows=3 loops=1)
              ->  Seq Scan on movie_keyword mk  (cost=0.00..81003.12 rows=246 width=4) (actual time=9.852..1266.302 rows=15 loops=1)
                    Filter: (keyword_id = 20687)
                    Rows Removed by Filter: 4523915
              ->  Index Scan using title_pkey on title t  (cost=0.43..8.40 rows=1 width=4) (actual time=0.047..0.048 rows=0 loops=15)
                    Index Cond: (id = mk.movie_id)
                    Filter: ((production_year < 2012) AND (kind_id = 7))
                    Rows Removed by Filter: 1
Planning time: 1.125 ms
Execution time: 2404.743 ms
