Hash Join  (cost=881582.99..968800.55 rows=55952 width=0) (actual time=13680.461..15634.422 rows=216220 loops=1)
  Hash Cond: (mk.movie_id = t.id)
  ->  Seq Scan on movie_keyword mk  (cost=0.00..69693.30 rows=4523930 width=4) (actual time=0.025..1011.545 rows=4523930 loops=1)
  ->  Hash  (cost=881192.08..881192.08 rows=31273 width=8) (actual time=13680.170..13680.170 rows=71702 loops=1)
        Buckets: 131072 (originally 32768)  Batches: 1 (originally 1)  Memory Usage: 3825kB
        ->  Hash Join  (cost=80562.70..881192.08 rows=31273 width=8) (actual time=8568.588..13657.521 rows=71702 loops=1)
              Hash Cond: (ci.movie_id = t.id)
              ->  Seq Scan on cast_info ci  (cost=0.00..796071.18 rows=100125 width=4) (actual time=7026.479..11888.951 rows=232166 loops=1)
                    Filter: ((person_id > 2673895) AND (role_id > 10))
                    Rows Removed by Filter: 36012178
              ->  Hash  (cost=67604.59..67604.59 rows=789769 width=4) (actual time=1540.719..1540.719 rows=784926 loops=1)
                    Buckets: 131072  Batches: 16  Memory Usage: 2749kB
                    ->  Seq Scan on title t  (cost=0.00..67604.59 rows=789769 width=4) (actual time=0.038..1296.837 rows=784926 loops=1)
                          Filter: (production_year > 2007)
                          Rows Removed by Filter: 1743386
Planning time: 1.194 ms
Execution time: 15663.083 ms
