Hash Join  (cost=102767.86..1577280.38 rows=31548146 width=0) (actual time=1885.600..44943.294 rows=31668161 loops=1)
  Hash Cond: (ci.movie_id = t.id)
  ->  Seq Scan on cast_info ci  (cost=0.00..705507.15 rows=31548146 width=4) (actual time=0.025..16799.037 rows=31668161 loops=1)
        Filter: (person_id > 441894)
        Rows Removed by Filter: 4576183
  ->  Hash  (cost=61283.27..61283.27 rows=2528527 width=4) (actual time=1883.544..1883.544 rows=2528312 loops=1)
        Buckets: 131072  Batches: 64  Memory Usage: 2415kB
        ->  Seq Scan on title t  (cost=0.00..61283.27 rows=2528527 width=4) (actual time=0.016..1014.976 rows=2528312 loops=1)
Planning time: 0.516 ms
Execution time: 48356.787 ms
