Hash Join  (cost=73962.22..130652.14 rows=1614 width=0) (actual time=1048.643..2277.940 rows=5405 loops=1)
  Hash Cond: (mc.movie_id = t.id)
  ->  Seq Scan on movie_companies mc  (cost=0.00..51404.11 rows=1405246 width=4) (actual time=0.026..972.014 rows=1394354 loops=1)
        Filter: (company_id < 12120)
        Rows Removed by Filter: 1214775
  ->  Hash  (cost=73925.90..73925.90 rows=2905 width=4) (actual time=1048.320..1048.320 rows=5861 loops=1)
        Buckets: 8192 (originally 4096)  Batches: 1 (originally 1)  Memory Usage: 271kB
        ->  Seq Scan on title t  (cost=0.00..73925.90 rows=2905 width=4) (actual time=0.785..1045.387 rows=5861 loops=1)
              Filter: ((kind_id < 7) AND (production_year = 1969))
              Rows Removed by Filter: 2522451
Planning time: 1.939 ms
Execution time: 2279.172 ms
