Seq Scan on movie_keyword mk  (cost=0.00..81003.12 rows=306421 width=0) (actual time=0.025..1302.927 rows=303070 loops=1)
  Filter: (keyword_id > 53512)
  Rows Removed by Filter: 4220860
Planning time: 2.709 ms
Execution time: 1342.272 ms
