Hash Join  (cost=150113.16..241175.36 rows=66734 width=0) (actual time=3202.612..6260.511 rows=3721331 loops=1)
  Hash Cond: (mk.movie_id = t.id)
  ->  Seq Scan on movie_keyword mk  (cost=0.00..81003.12 rows=2504463 width=4) (actual time=0.025..1451.528 rows=2498398 loops=1)
        Filter: (keyword_id < 6104)
        Rows Removed by Filter: 2025532
  ->  Hash  (cost=149270.98..149270.98 rows=67375 width=8) (actual time=3201.693..3201.693 rows=321866 loops=1)
        Buckets: 131072 (originally 131072)  Batches: 2 (originally 1)  Memory Usage: 7348kB
        ->  Hash Join  (cost=76259.21..149270.98 rows=67375 width=8) (actual time=1769.824..3093.175 rows=321866 loops=1)
              Hash Cond: (mc.movie_id = t.id)
              ->  Seq Scan on movie_companies mc  (cost=0.00..57926.93 rows=1198156 width=4) (actual time=184.282..1225.158 rows=1274246 loops=1)
                    Filter: ((company_id < 125945) AND (company_type_id < 2))
                    Rows Removed by Filter: 1334883
              ->  Hash  (cost=73925.90..73925.90 rows=142184 width=4) (actual time=1167.972..1167.972 rows=278391 loops=1)
                    Buckets: 131072 (originally 131072)  Batches: 4 (originally 2)  Memory Usage: 3470kB
                    ->  Seq Scan on title t  (cost=0.00..73925.90 rows=142184 width=4) (actual time=144.084..1071.116 rows=278391 loops=1)
                          Filter: ((production_year < 1982) AND (kind_id = 1))
                          Rows Removed by Filter: 2249921
Planning time: 1.159 ms
Execution time: 6682.511 ms
