Seq Scan on movie_keyword mk  (cost=0.00..81003.12 rows=246 width=0) (actual time=10.019..1413.065 rows=791 loops=1)
  Filter: (keyword_id = 64187)
  Rows Removed by Filter: 4523139
Planning time: 0.348 ms
Execution time: 1413.477 ms
