Seq Scan on cast_info ci  (cost=0.00..705507.15 rows=500 width=0) (actual time=8796.103..10453.365 rows=510 loops=1)
  Filter: (person_id = 3585530)
  Rows Removed by Filter: 36243834
Planning time: 0.274 ms
Execution time: 10453.508 ms
