Hash Join  (cost=102767.86..195353.71 rows=1029841 width=0) (actual time=2140.166..4104.585 rows=904388 loops=1)
  Hash Cond: (mc.movie_id = t.id)
  ->  Seq Scan on movie_companies mc  (cost=0.00..57926.93 rows=1029841 width=4) (actual time=287.926..1154.630 rows=904388 loops=1)
        Filter: ((company_id > 460) AND (company_type_id = 1))
        Rows Removed by Filter: 1704741
  ->  Hash  (cost=61283.27..61283.27 rows=2528527 width=4) (actual time=1850.923..1850.923 rows=2528312 loops=1)
        Buckets: 131072  Batches: 64  Memory Usage: 2415kB
        ->  Seq Scan on title t  (cost=0.00..61283.27 rows=2528527 width=4) (actual time=0.024..1024.351 rows=2528312 loops=1)
Planning time: 0.710 ms
Execution time: 4208.724 ms
