Hash Join  (cost=196247.76..725538.86 rows=4637717 width=0) (actual time=4511.665..22374.246 rows=19234463 loops=1)
  Hash Cond: (mi.movie_id = t.id)
  ->  Seq Scan on movie_info mi  (cost=0.00..309384.22 rows=14739122 width=4) (actual time=0.016..5881.803 rows=14835720 loops=1)
  ->  Hash  (cost=183194.63..183194.63 rows=795610 width=8) (actual time=4510.845..4510.845 rows=785673 loops=1)
        Buckets: 131072  Batches: 16  Memory Usage: 2969kB
        ->  Hash Join  (cost=102767.86..183194.63 rows=795610 width=8) (actual time=1997.630..4287.301 rows=785673 loops=1)
              Hash Cond: (mc.movie_id = t.id)
              ->  Seq Scan on movie_companies mc  (cost=0.00..51404.11 rows=795610 width=4) (actual time=0.017..979.097 rows=785673 loops=1)
                    Filter: (company_id < 1709)
                    Rows Removed by Filter: 1823456
              ->  Hash  (cost=61283.27..61283.27 rows=2528527 width=4) (actual time=1993.712..1993.712 rows=2528312 loops=1)
                    Buckets: 131072  Batches: 64  Memory Usage: 2415kB
                    ->  Seq Scan on title t  (cost=0.00..61283.27 rows=2528527 width=4) (actual time=0.014..1162.803 rows=2528312 loops=1)
Planning time: 0.716 ms
Execution time: 24598.952 ms
