Hash Join  (cost=194044.22..1371751.92 rows=14008453 width=0) (actual time=4076.425..38358.692 rows=11741275 loops=1)
  Hash Cond: (ci.movie_id = t.id)
  ->  Seq Scan on cast_info ci  (cost=0.00..614943.12 rows=36225612 width=4) (actual time=0.017..13291.595 rows=36244344 loops=1)
  ->  Hash  (cost=178001.95..178001.95 rows=977782 width=8) (actual time=4075.480..4075.480 rows=465794 loops=1)
        Buckets: 131072  Batches: 16  Memory Usage: 2154kB
        ->  Hash Join  (cost=89472.60..178001.95 rows=977782 width=8) (actual time=1553.095..3933.024 rows=465794 loops=1)
              Hash Cond: (mc.movie_id = t.id)
              ->  Seq Scan on movie_companies mc  (cost=0.00..44881.29 rows=2609129 width=4) (actual time=0.014..907.786 rows=2609129 loops=1)
              ->  Hash  (cost=73925.90..73925.90 rows=947576 width=4) (actual time=1552.000..1552.000 rows=876037 loops=1)
                    Buckets: 131072  Batches: 16  Memory Usage: 2949kB
                    ->  Seq Scan on title t  (cost=0.00..73925.90 rows=947576 width=4) (actual time=290.477..1280.636 rows=876037 loops=1)
                          Filter: ((production_year < 2007) AND (kind_id = 7))
                          Rows Removed by Filter: 1652275
Planning time: 1.143 ms
Execution time: 39667.759 ms
