Hash Join  (cost=74710.74..869590.96 rows=555050 width=0) (actual time=1110.756..20691.522 rows=460695 loops=1)
  Hash Cond: (ci.movie_id = t.id)
  ->  Seq Scan on cast_info ci  (cost=0.00..705507.15 rows=22352684 width=4) (actual time=0.334..12693.169 rows=22194039 loops=1)
        Filter: (person_id < 2261205)
        Rows Removed by Filter: 14050305
  ->  Hash  (cost=73925.90..73925.90 rows=62787 width=4) (actual time=1108.151..1108.151 rows=53770 loops=1)
        Buckets: 65536  Batches: 1  Memory Usage: 2403kB
        ->  Seq Scan on title t  (cost=0.00..73925.90 rows=62787 width=4) (actual time=0.008..1087.303 rows=53770 loops=1)
              Filter: ((kind_id < 7) AND (production_year = 2011))
              Rows Removed by Filter: 2474542
Planning time: 0.830 ms
Execution time: 20764.175 ms
