Hash Join  (cost=94616.01..901566.72 rows=14270 width=0) (actual time=1605.268..19569.983 rows=2179 loops=1)
  Hash Cond: (ci.movie_id = t.id)
  ->  Seq Scan on cast_info ci  (cost=0.00..705507.15 rows=27013555 width=4) (actual time=0.027..13456.906 rows=27175684 loops=1)
        Filter: (person_id > 893136)
        Rows Removed by Filter: 9068660
  ->  Hash  (cost=94599.31..94599.31 rows=1336 width=8) (actual time=1570.055..1570.055 rows=371 loops=1)
        Buckets: 2048  Batches: 1  Memory Usage: 31kB
        ->  Hash Join  (cost=67697.55..94599.31 rows=1336 width=8) (actual time=1069.398..1569.795 rows=371 loops=1)
              Hash Cond: (mi_idx.movie_id = t.id)
              ->  Seq Scan on movie_info_idx mi_idx  (cost=0.00..25185.44 rows=454124 width=4) (actual time=0.019..424.811 rows=459925 loops=1)
                    Filter: (info_type_id = 100)
                    Rows Removed by Filter: 920110
              ->  Hash  (cost=67604.59..67604.59 rows=7437 width=4) (actual time=1069.220..1069.220 rows=3417 loops=1)
                    Buckets: 8192  Batches: 1  Memory Usage: 185kB
                    ->  Seq Scan on title t  (cost=0.00..67604.59 rows=7437 width=4) (actual time=0.026..1067.564 rows=3417 loops=1)
                          Filter: (production_year = 1909)
                          Rows Removed by Filter: 2524895
Planning time: 1.177 ms
Execution time: 19570.754 ms
