Hash Join  (cost=88836.39..453498.56 rows=624 width=0) (actual time=995.383..7781.584 rows=1719 loops=1)
  Hash Cond: (mi.movie_id = t.id)
  ->  Seq Scan on movie_info mi  (cost=0.00..309384.22 rows=14739122 width=4) (actual time=0.021..4080.968 rows=14835720 loops=1)
  ->  Hash  (cost=88835.05..88835.05 rows=107 width=8) (actual time=963.965..963.965 rows=230 loops=1)
        Buckets: 1024  Batches: 1  Memory Usage: 17kB
        ->  Nested Loop  (cost=0.43..88835.05 rows=107 width=8) (actual time=97.750..963.792 rows=230 loops=1)
              ->  Seq Scan on movie_companies mc  (cost=0.00..57926.93 rows=4122 width=4) (actual time=96.454..849.028 rows=7822 loops=1)
                    Filter: ((company_type_id > 1) AND (company_id = 424))
                    Rows Removed by Filter: 2601307
              ->  Index Scan using title_pkey on title t  (cost=0.43..7.49 rows=1 width=4) (actual time=0.014..0.014 rows=0 loops=7822)
                    Index Cond: (id = mc.movie_id)
                    Filter: (production_year = 2013)
                    Rows Removed by Filter: 1
Planning time: 1.167 ms
Execution time: 7782.137 ms
