Hash Join  (cost=83073.01..137738.63 rows=9 width=0) (actual time=1372.748..2481.108 rows=2182 loops=1)
  Hash Cond: (mc.movie_id = t.id)
  ->  Seq Scan on movie_companies mc  (cost=0.00..44881.29 rows=2609129 width=4) (actual time=0.022..619.189 rows=2609129 loops=1)
  ->  Hash  (cost=83072.90..83072.90 rows=9 width=8) (actual time=1368.501..1368.501 rows=400 loops=1)
        Buckets: 1024  Batches: 1  Memory Usage: 24kB
        ->  Nested Loop  (cost=0.43..83072.90 rows=9 width=8) (actual time=0.212..1368.090 rows=400 loops=1)
              ->  Seq Scan on movie_keyword mk  (cost=0.00..81003.12 rows=246 width=4) (actual time=0.154..1297.506 rows=1705 loops=1)
                    Filter: (keyword_id = 2546)
                    Rows Removed by Filter: 4522225
              ->  Index Scan using title_pkey on title t  (cost=0.43..8.40 rows=1 width=4) (actual time=0.040..0.040 rows=0 loops=1705)
                    Index Cond: (id = mk.movie_id)
                    Filter: ((kind_id < 3) AND (production_year < 1966))
                    Rows Removed by Filter: 1
Planning time: 5.418 ms
Execution time: 2481.654 ms
