Hash Join  (cost=83074.44..447737.53 rows=718 width=0) (actual time=1339.640..7165.148 rows=153 loops=1)
  Hash Cond: (mi.movie_id = t.id)
  ->  Seq Scan on movie_info mi  (cost=0.00..309384.22 rows=14739122 width=4) (actual time=0.014..3474.529 rows=14835720 loops=1)
  ->  Hash  (cost=83072.90..83072.90 rows=123 width=8) (actual time=1223.694..1223.694 rows=23 loops=1)
        Buckets: 1024  Batches: 1  Memory Usage: 9kB
        ->  Nested Loop  (cost=0.43..83072.90 rows=123 width=8) (actual time=148.227..1223.659 rows=23 loops=1)
              ->  Seq Scan on movie_keyword mk  (cost=0.00..81003.12 rows=246 width=4) (actual time=8.220..1219.478 rows=113 loops=1)
                    Filter: (keyword_id = 30518)
                    Rows Removed by Filter: 4523817
              ->  Index Scan using title_pkey on title t  (cost=0.43..8.40 rows=1 width=4) (actual time=0.033..0.033 rows=0 loops=113)
                    Index Cond: (id = mk.movie_id)
                    Filter: ((production_year > 1970) AND (kind_id = 7))
                    Rows Removed by Filter: 1
Planning time: 1.203 ms
Execution time: 7165.367 ms
