Hash Join  (cost=198078.64..1019889.36 rows=91304 width=0) (actual time=6139.329..15387.818 rows=184026 loops=1)
  Hash Cond: (ci.movie_id = t.id)
  ->  Seq Scan on cast_info ci  (cost=0.00..796071.18 rows=2110001 width=4) (actual time=2470.123..11201.024 rows=1039636 loops=1)
        Filter: ((person_id < 864970) AND (role_id > 5))
        Rows Removed by Filter: 35204708
  ->  Hash  (cost=196282.96..196282.96 rows=109414 width=8) (actual time=3668.346..3668.346 rows=121921 loops=1)
        Buckets: 131072  Batches: 2  Memory Usage: 3430kB
        ->  Hash Join  (cost=102767.86..196282.96 rows=109414 width=8) (actual time=1889.304..3626.719 rows=121921 loops=1)
              Hash Cond: (mk.movie_id = t.id)
              ->  Seq Scan on movie_keyword mk  (cost=0.00..81003.12 rows=109414 width=4) (actual time=0.042..1184.152 rows=121921 loops=1)
                    Filter: (keyword_id < 117)
                    Rows Removed by Filter: 4402009
              ->  Hash  (cost=61283.27..61283.27 rows=2528527 width=4) (actual time=1887.751..1887.751 rows=2528312 loops=1)
                    Buckets: 131072  Batches: 64  Memory Usage: 2425kB
                    ->  Seq Scan on title t  (cost=0.00..61283.27 rows=2528527 width=4) (actual time=0.008..1025.160 rows=2528312 loops=1)
Planning time: 1.127 ms
Execution time: 15412.590 ms
