Seq Scan on movie_keyword mk  (cost=0.00..81003.12 rows=246 width=0) (actual time=14.402..1217.438 rows=33 loops=1)
  Filter: (keyword_id = 19207)
  Rows Removed by Filter: 4523897
Planning time: 2.748 ms
Execution time: 1217.561 ms
