Hash Join  (cost=102767.86..286483.81 rows=3858020 width=0) (actual time=2061.748..7106.269 rows=3858115 loops=1)
  Hash Cond: (mk.movie_id = t.id)
  ->  Seq Scan on movie_keyword mk  (cost=0.00..81003.12 rows=3858020 width=4) (actual time=0.022..1807.297 rows=3858115 loops=1)
        Filter: (keyword_id > 519)
        Rows Removed by Filter: 665815
  ->  Hash  (cost=61283.27..61283.27 rows=2528527 width=4) (actual time=2059.659..2059.659 rows=2528312 loops=1)
        Buckets: 131072  Batches: 64  Memory Usage: 2425kB
        ->  Seq Scan on title t  (cost=0.00..61283.27 rows=2528527 width=4) (actual time=0.003..1204.475 rows=2528312 loops=1)
Planning time: 0.946 ms
Execution time: 7575.288 ms
