Hash Join  (cost=197346.41..1094881.28 rows=598882 width=0) (actual time=3987.057..20181.621 rows=996638 loops=1)
  Hash Cond: (ci.movie_id = t.id)
  ->  Seq Scan on cast_info ci  (cost=0.00..796071.18 rows=7389171 width=4) (actual time=0.015..14080.071 rows=4557549 loops=1)
        Filter: ((person_id < 1621579) AND (role_id > 2))
        Rows Removed by Filter: 31686795
  ->  Hash  (cost=193983.74..193983.74 rows=204934 width=8) (actual time=3985.676..3985.676 rows=472540 loops=1)
        Buckets: 131072 (originally 131072)  Batches: 8 (originally 4)  Memory Usage: 3332kB
        ->  Hash Join  (cost=69484.36..193983.74 rows=204934 width=8) (actual time=1128.040..3842.440 rows=472540 loops=1)
              Hash Cond: (mk.movie_id = t.id)
              ->  Seq Scan on movie_keyword mk  (cost=0.00..69693.30 rows=4523930 width=4) (actual time=0.030..1315.979 rows=4523930 loops=1)
              ->  Hash  (cost=67604.59..67604.59 rows=114542 width=4) (actual time=1127.237..1127.237 rows=118234 loops=1)
                    Buckets: 131072  Batches: 2  Memory Usage: 3107kB
                    ->  Seq Scan on title t  (cost=0.00..67604.59 rows=114542 width=4) (actual time=271.201..1084.307 rows=118234 loops=1)
                          Filter: (kind_id = 4)
                          Rows Removed by Filter: 2410078
Planning time: 1.140 ms
Execution time: 20279.689 ms
