Seq Scan on cast_info ci  (cost=0.00..705507.15 rows=21801138 width=0) (actual time=0.025..11299.932 rows=21662770 loops=1)
  Filter: (person_id < 2200029)
  Rows Removed by Filter: 14581574
Planning time: 2.101 ms
Execution time: 13803.002 ms
