Hash Join  (cost=112729.07..167792.97 rows=39837 width=0) (actual time=2243.679..3918.465 rows=333580 loops=1)
  Hash Cond: (mc.movie_id = t.id)
  ->  Seq Scan on movie_companies mc  (cost=0.00..44881.29 rows=2609129 width=4) (actual time=0.014..690.795 rows=2609129 loops=1)
  ->  Hash  (cost=112246.48..112246.48 rows=38607 width=8) (actual time=2243.233..2243.233 rows=89534 loops=1)
        Buckets: 131072 (originally 65536)  Batches: 2 (originally 1)  Memory Usage: 3073kB
        ->  Hash Join  (cost=75676.34..112246.48 rows=38607 width=8) (actual time=1227.130..2209.283 rows=89534 loops=1)
              Hash Cond: (mi_idx.movie_id = t.id)
              ->  Seq Scan on movie_info_idx mi_idx  (cost=0.00..25185.44 rows=915101 width=4) (actual time=0.026..537.990 rows=919850 loops=1)
                    Filter: (info_type_id < 101)
                    Rows Removed by Filter: 460185
              ->  Hash  (cost=73925.90..73925.90 rows=106675 width=4) (actual time=1226.315..1226.315 rows=207824 loops=1)
                    Buckets: 131072 (originally 131072)  Batches: 4 (originally 2)  Memory Usage: 3073kB
                    ->  Seq Scan on title t  (cost=0.00..73925.90 rows=106675 width=4) (actual time=0.120..1157.454 rows=207824 loops=1)
                          Filter: ((kind_id < 7) AND (production_year < 1963))
                          Rows Removed by Filter: 2320488
Planning time: 5.407 ms
Execution time: 3953.366 ms
