Seq Scan on cast_info ci  (cost=0.00..796071.18 rows=22314208 width=0) (actual time=0.027..16898.594 rows=22121053 loops=1)
  Filter: ((person_id > 244652) AND (role_id < 4))
  Rows Removed by Filter: 14123291
Planning time: 0.892 ms
Execution time: 19483.060 ms
