Seq Scan on movie_keyword mk  (cost=0.00..81003.12 rows=246 width=0) (actual time=33.581..1271.691 rows=62 loops=1)
  Filter: (keyword_id = 5616)
  Rows Removed by Filter: 4523868
Planning time: 0.349 ms
Execution time: 1271.828 ms
