Hash Join  (cost=511900.86..1612434.51 rows=3435164 width=0) (actual time=10614.659..38687.065 rows=4011652 loops=1)
  Hash Cond: (ci.movie_id = t.id)
  ->  Seq Scan on cast_info ci  (cost=0.00..705507.15 rows=25553412 width=4) (actual time=0.026..15830.307 rows=25747328 loops=1)
        Filter: (person_id > 1031170)
        Rows Removed by Filter: 10497016
  ->  Hash  (cost=506323.96..506323.96 rows=339912 width=8) (actual time=10613.783..10613.783 rows=327870 loops=1)
        Buckets: 131072  Batches: 8  Memory Usage: 2619kB
        ->  Hash Join  (cost=69484.36..506323.96 rows=339912 width=8) (actual time=1101.342..10500.741 rows=327870 loops=1)
              Hash Cond: (mi.movie_id = t.id)
              ->  Seq Scan on movie_info mi  (cost=0.00..346232.03 rows=7503588 width=4) (actual time=0.025..6460.328 rows=7548855 loops=1)
                    Filter: (info_type_id > 7)
                    Rows Removed by Filter: 7286865
              ->  Hash  (cost=67604.59..67604.59 rows=114542 width=4) (actual time=1100.580..1100.580 rows=118234 loops=1)
                    Buckets: 131072  Batches: 2  Memory Usage: 3107kB
                    ->  Seq Scan on title t  (cost=0.00..67604.59 rows=114542 width=4) (actual time=256.480..1050.892 rows=118234 loops=1)
                          Filter: (kind_id = 4)
                          Rows Removed by Filter: 2410078
Planning time: 1.167 ms
Execution time: 39127.250 ms
