Seq Scan on cast_info ci  (cost=0.00..796071.18 rows=5150808 width=0) (actual time=5190.867..14273.719 rows=8277677 loops=1)
  Filter: ((person_id > 2096905) AND (role_id > 3))
  Rows Removed by Filter: 27966667
Planning time: 0.375 ms
Execution time: 15290.597 ms
