Hash Join  (cost=190313.01..660054.48 rows=1451018 width=0) (actual time=3856.461..19597.723 rows=21824045 loops=1)
  Hash Cond: (mi.movie_id = t.id)
  ->  Seq Scan on movie_info mi  (cost=0.00..346232.03 rows=9293409 width=4) (actual time=0.013..6988.041 rows=9425200 loops=1)
        Filter: (info_type_id > 5)
        Rows Removed by Filter: 5410520
  ->  Hash  (cost=183835.14..183835.14 rows=394789 width=8) (actual time=3852.327..3852.327 rows=538140 loops=1)
        Buckets: 131072  Batches: 8  Memory Usage: 3700kB
        ->  Hash Join  (cost=82805.75..183835.14 rows=394789 width=8) (actual time=1465.223..3689.303 rows=538140 loops=1)
              Hash Cond: (mk.movie_id = t.id)
              ->  Seq Scan on movie_keyword mk  (cost=0.00..81003.12 rows=1077434 width=4) (actual time=0.029..1426.191 rows=1088237 loops=1)
                    Filter: (keyword_id > 16264)
                    Rows Removed by Filter: 3435693
              ->  Hash  (cost=67604.59..67604.59 rows=926493 width=4) (actual time=1463.219..1463.219 rows=924605 loops=1)
                    Buckets: 131072  Batches: 16  Memory Usage: 3063kB
                    ->  Seq Scan on title t  (cost=0.00..67604.59 rows=926493 width=4) (actual time=1.200..1156.003 rows=924605 loops=1)
                          Filter: (production_year < 1998)
                          Rows Removed by Filter: 1603707
Planning time: 1.212 ms
Execution time: 21808.289 ms
