Hash Join  (cost=83073.49..890723.09 rows=117 width=0) (actual time=5759.759..13492.117 rows=10446 loops=1)
  Hash Cond: (ci.movie_id = t.id)
  ->  Seq Scan on cast_info ci  (cost=0.00..796071.18 rows=3087269 width=4) (actual time=4513.604..11290.920 rows=6254439 loops=1)
        Filter: ((person_id < 853554) AND (role_id = 1))
        Rows Removed by Filter: 29989905
  ->  Hash  (cost=83072.29..83072.29 rows=96 width=8) (actual time=1246.021..1246.021 rows=2281 loops=1)
        Buckets: 4096 (originally 1024)  Batches: 1 (originally 1)  Memory Usage: 122kB
        ->  Nested Loop  (cost=0.43..83072.29 rows=96 width=8) (actual time=0.504..1244.693 rows=2281 loops=1)
              ->  Seq Scan on movie_keyword mk  (cost=0.00..81003.12 rows=246 width=4) (actual time=0.457..1156.872 rows=2495 loops=1)
                    Filter: (keyword_id = 3337)
                    Rows Removed by Filter: 4521435
              ->  Index Scan using title_pkey on title t  (cost=0.43..8.40 rows=1 width=4) (actual time=0.034..0.034 rows=1 loops=2495)
                    Index Cond: (id = mk.movie_id)
                    Filter: (kind_id < 7)
                    Rows Removed by Filter: 0
Planning time: 1.226 ms
Execution time: 13494.601 ms
