Seq Scan on movie_keyword mk  (cost=0.00..81003.12 rows=1623405 width=0) (actual time=0.014..1427.476 rows=1632382 loops=1)
  Filter: (keyword_id > 9092)
  Rows Removed by Filter: 2891548
Planning time: 0.359 ms
Execution time: 1629.983 ms
