Hash Join  (cost=73931.97..160598.68 rows=868 width=0) (actual time=1265.077..3076.439 rows=145 loops=1)
  Hash Cond: (mk.movie_id = t.id)
  ->  Seq Scan on movie_keyword mk  (cost=0.00..69693.30 rows=4523930 width=4) (actual time=0.019..1035.167 rows=4523930 loops=1)
  ->  Hash  (cost=73925.90..73925.90 rows=485 width=4) (actual time=1249.996..1249.996 rows=298 loops=1)
        Buckets: 1024  Batches: 1  Memory Usage: 19kB
        ->  Seq Scan on title t  (cost=0.00..73925.90 rows=485 width=4) (actual time=0.332..1249.641 rows=298 loops=1)
              Filter: ((kind_id > 1) AND (production_year > 2013))
              Rows Removed by Filter: 2528014
Planning time: 0.496 ms
Execution time: 3076.559 ms
