Hash Join  (cost=74026.03..100928.82 rows=1439 width=0) (actual time=1033.159..1601.579 rows=3346 loops=1)
  Hash Cond: (mi_idx.movie_id = t.id)
  ->  Seq Scan on movie_info_idx mi_idx  (cost=0.00..25185.44 rows=454124 width=4) (actual time=0.030..446.530 rows=459925 loops=1)
        Filter: (info_type_id = 100)
        Rows Removed by Filter: 920110
  ->  Hash  (cost=73925.90..73925.90 rows=8010 width=4) (actual time=1032.641..1032.641 rows=29104 loops=1)
        Buckets: 32768 (originally 8192)  Batches: 1 (originally 1)  Memory Usage: 1280kB
        ->  Seq Scan on title t  (cost=0.00..73925.90 rows=8010 width=4) (actual time=47.834..1021.441 rows=29104 loops=1)
              Filter: ((production_year < 1911) AND (kind_id = 1))
              Rows Removed by Filter: 2499208
Planning time: 0.763 ms
Execution time: 1602.399 ms
