Hash Join  (cost=150730.31..237724.24 rows=33590 width=0) (actual time=2826.539..4781.983 rows=164741 loops=1)
  Hash Cond: (mk.movie_id = t.id)
  ->  Seq Scan on movie_keyword mk  (cost=0.00..69693.30 rows=4523930 width=4) (actual time=0.026..1025.901 rows=4523930 loops=1)
  ->  Hash  (cost=150495.63..150495.63 rows=18774 width=8) (actual time=2826.302..2826.302 rows=51769 loops=1)
        Buckets: 65536 (originally 32768)  Batches: 1 (originally 1)  Memory Usage: 2535kB
        ->  Hash Join  (cost=87245.25..150495.63 rows=18774 width=8) (actual time=1698.028..2806.080 rows=51769 loops=1)
              Hash Cond: (mc.movie_id = t.id)
              ->  Seq Scan on movie_companies mc  (cost=0.00..57926.93 rows=39655 width=4) (actual time=0.053..821.879 rows=66520 loops=1)
                    Filter: ((company_id < 19) AND (company_type_id = 1))
                    Rows Removed by Filter: 2542609
              ->  Hash  (cost=67604.59..67604.59 rows=1197093 width=4) (actual time=1697.113..1697.113 rows=1195923 loops=1)
                    Buckets: 131072  Batches: 16  Memory Usage: 3653kB
                    ->  Seq Scan on title t  (cost=0.00..67604.59 rows=1197093 width=4) (actual time=0.026..1313.870 rows=1195923 loops=1)
                          Filter: (production_year < 2003)
                          Rows Removed by Filter: 1332389
Planning time: 1.173 ms
Execution time: 4803.567 ms
