Hash Join  (cost=782730.90..2727988.53 rows=73166103 width=0) (actual time=24214.432..96715.383 rows=172075939 loops=1)
  Hash Cond: (ci.movie_id = t.id)
  ->  Seq Scan on cast_info ci  (cost=0.00..705507.15 rows=23499554 width=4) (actual time=2787.429..16233.948 rows=23573656 loops=1)
        Filter: (role_id > 1)
        Rows Removed by Filter: 12670688
  ->  Hash  (cost=653570.46..653570.46 rows=7872595 width=8) (actual time=21424.145..21424.145 rows=9334799 loops=1)
        Buckets: 131072 (originally 131072)  Batches: 256 (originally 128)  Memory Usage: 3818kB
        ->  Hash Join  (cost=89762.59..653570.46 rows=7872595 width=8) (actual time=1734.399..18673.681 rows=9334799 loops=1)
              Hash Cond: (mi.movie_id = t.id)
              ->  Seq Scan on movie_info mi  (cost=0.00..309384.22 rows=14739122 width=4) (actual time=0.010..6614.410 rows=14835720 loops=1)
              ->  Hash  (cost=67604.59..67604.59 rows=1350560 width=4) (actual time=1733.595..1733.595 rows=1348293 loops=1)
                    Buckets: 131072  Batches: 32  Memory Usage: 2514kB
                    ->  Seq Scan on title t  (cost=0.00..67604.59 rows=1350560 width=4) (actual time=0.020..1297.393 rows=1348293 loops=1)
                          Filter: (production_year < 2005)
                          Rows Removed by Filter: 1180019
Planning time: 1.099 ms
Execution time: 115281.908 ms
