Hash Join  (cost=74794.63..443501.69 rows=405113 width=0) (actual time=1320.171..10448.407 rows=195177 loops=1)
  Hash Cond: (mi.movie_id = t.id)
  ->  Seq Scan on movie_info mi  (cost=0.00..309384.22 rows=14739122 width=4) (actual time=0.019..4730.766 rows=14835720 loops=1)
  ->  Hash  (cost=73925.90..73925.90 rows=69498 width=4) (actual time=1319.465..1319.465 rows=84506 loops=1)
        Buckets: 131072  Batches: 1  Memory Usage: 3995kB
        ->  Seq Scan on title t  (cost=0.00..73925.90 rows=69498 width=4) (actual time=4.788..1286.360 rows=84506 loops=1)
              Filter: ((kind_id > 4) AND (production_year = 2007))
              Rows Removed by Filter: 2443806
Planning time: 3.176 ms
Execution time: 10475.543 ms
