Seq Scan on movie_keyword mk  (cost=0.00..81003.12 rows=3929254 width=0) (actual time=0.021..1576.539 rows=3923351 loops=1)
  Filter: (keyword_id > 439)
  Rows Removed by Filter: 600579
Planning time: 0.289 ms
Execution time: 2051.951 ms
