Seq Scan on movie_keyword mk  (cost=0.00..81003.12 rows=1066066 width=0) (actual time=0.020..1414.161 rows=1072717 loops=1)
  Filter: (keyword_id < 1077)
  Rows Removed by Filter: 3451213
Planning time: 0.314 ms
Execution time: 1547.755 ms
