Seq Scan on cast_info ci  (cost=0.00..796071.18 rows=1611715 width=0) (actual time=2259.936..11644.412 rows=1883653 loops=1)
  Filter: ((person_id < 230725) AND (role_id < 4))
  Rows Removed by Filter: 34360691
Planning time: 0.379 ms
Execution time: 11876.212 ms
