Hash Join  (cost=196349.34..1031105.31 rows=279423 width=0) (actual time=3857.844..23855.653 rows=1579896 loops=1)
  Hash Cond: (ci.movie_id = t.id)
  ->  Seq Scan on cast_info ci  (cost=0.00..796071.18 rows=9570818 width=4) (actual time=0.028..16374.900 rows=12670688 loops=1)
        Filter: ((person_id < 2796902) AND (role_id = 1))
        Rows Removed by Filter: 23573656
  ->  Hash  (cost=195426.57..195426.57 rows=73821 width=8) (actual time=3857.062..3857.062 rows=73639 loops=1)
        Buckets: 131072  Batches: 1  Memory Usage: 3901kB
        ->  Hash Join  (cost=102767.86..195426.57 rows=73821 width=8) (actual time=1987.846..3834.809 rows=73639 loops=1)
              Hash Cond: (mk.movie_id = t.id)
              ->  Seq Scan on movie_keyword mk  (cost=0.00..81003.12 rows=73821 width=4) (actual time=0.029..1310.929 rows=73639 loops=1)
                    Filter: (keyword_id > 89873)
                    Rows Removed by Filter: 4450291
              ->  Hash  (cost=61283.27..61283.27 rows=2528527 width=4) (actual time=1982.104..1982.104 rows=2528312 loops=1)
                    Buckets: 131072  Batches: 64  Memory Usage: 2425kB
                    ->  Seq Scan on title t  (cost=0.00..61283.27 rows=2528527 width=4) (actual time=0.025..1147.463 rows=2528312 loops=1)
Planning time: 1.096 ms
Execution time: 24052.398 ms
