Nested Loop  (cost=0.43..83072.90 rows=66 width=0) (actual time=2.037..1332.924 rows=80 loops=1)
  ->  Seq Scan on movie_keyword mk  (cost=0.00..81003.12 rows=246 width=4) (actual time=2.010..1327.216 rows=130 loops=1)
        Filter: (keyword_id = 14069)
        Rows Removed by Filter: 4523800
  ->  Index Scan using title_pkey on title t  (cost=0.43..8.40 rows=1 width=4) (actual time=0.040..0.040 rows=1 loops=130)
        Index Cond: (id = mk.movie_id)
        Filter: ((kind_id < 7) AND (production_year > 1991))
        Rows Removed by Filter: 0
Planning time: 0.523 ms
Execution time: 1333.065 ms
