Seq Scan on cast_info ci  (cost=0.00..705507.15 rows=500 width=0) (actual time=9097.466..10720.319 rows=1 loops=1)
  Filter: (person_id = 2547021)
  Rows Removed by Filter: 36244343
Planning time: 0.358 ms
Execution time: 10720.449 ms
