Hash Join  (cost=75867.62..1127081.91 rows=1694813 width=0) (actual time=1283.550..28055.206 rows=1866118 loops=1)
  Hash Cond: (ci.movie_id = t.id)
  ->  Seq Scan on cast_info ci  (cost=0.00..614943.12 rows=36225612 width=4) (actual time=0.026..12868.671 rows=36244344 loops=1)
  ->  Hash  (cost=73925.90..73925.90 rows=118297 width=4) (actual time=1282.734..1282.734 rows=122606 loops=1)
        Buckets: 131072  Batches: 2  Memory Usage: 3179kB
        ->  Seq Scan on title t  (cost=0.00..73925.90 rows=118297 width=4) (actual time=0.025..1236.697 rows=122606 loops=1)
              Filter: ((kind_id > 1) AND (production_year = 2011))
              Rows Removed by Filter: 2405706
Planning time: 0.740 ms
Execution time: 28287.459 ms
