Nested Loop  (cost=0.43..141419.83 rows=875 width=0) (actual time=0.280..1519.905 rows=3939 loops=1)
  ->  Seq Scan on movie_keyword mk  (cost=0.00..81003.12 rows=9048 width=4) (actual time=0.249..1298.369 rows=9234 loops=1)
        Filter: (keyword_id = 784)
        Rows Removed by Filter: 4514696
  ->  Index Scan using title_pkey on title t  (cost=0.43..6.67 rows=1 width=4) (actual time=0.023..0.023 rows=0 loops=9234)
        Index Cond: (id = mk.movie_id)
        Filter: ((production_year < 1998) AND (kind_id = 1))
        Rows Removed by Filter: 1
Planning time: 0.729 ms
Execution time: 1521.199 ms
