Hash Join  (cost=211808.91..719524.80 rows=2615696 width=0) (actual time=4073.958..22211.943 rows=25147937 loops=1)
  Hash Cond: (mi.movie_id = t.id)
  ->  Seq Scan on movie_info mi  (cost=0.00..309384.22 rows=14739122 width=4) (actual time=0.023..6128.888 rows=14835720 loops=1)
  ->  Hash  (cost=204446.81..204446.81 rows=448728 width=8) (actual time=4073.135..4073.135 rows=447863 loops=1)
        Buckets: 131072  Batches: 8  Memory Usage: 3289kB
        ->  Hash Join  (cost=102767.86..204446.81 rows=448728 width=8) (actual time=1875.607..3938.961 rows=447863 loops=1)
              Hash Cond: (mk.movie_id = t.id)
              ->  Seq Scan on movie_keyword mk  (cost=0.00..81003.12 rows=448728 width=4) (actual time=0.023..1286.547 rows=447863 loops=1)
                    Filter: (keyword_id > 39642)
                    Rows Removed by Filter: 4076067
              ->  Hash  (cost=61283.27..61283.27 rows=2528527 width=4) (actual time=1872.397..1872.397 rows=2528312 loops=1)
                    Buckets: 131072  Batches: 64  Memory Usage: 2425kB
                    ->  Seq Scan on title t  (cost=0.00..61283.27 rows=2528527 width=4) (actual time=0.014..1000.547 rows=2528312 loops=1)
Planning time: 1.100 ms
Execution time: 25000.871 ms
