Hash Join  (cost=218780.56..782702.86 rows=7883338 width=0) (actual time=4922.854..27971.929 rows=38752469 loops=1)
  Hash Cond: (mi.movie_id = t.id)
  ->  Seq Scan on movie_info mi  (cost=0.00..309384.22 rows=14739122 width=4) (actual time=0.020..6011.781 rows=14835720 loops=1)
  ->  Hash  (cost=196592.52..196592.52 rows=1352403 width=8) (actual time=4921.780..4921.780 rows=1340327 loops=1)
        Buckets: 131072  Batches: 32  Memory Usage: 2692kB
        ->  Hash Join  (cost=102767.86..196592.52 rows=1352403 width=8) (actual time=1988.178..4514.683 rows=1340327 loops=1)
              Hash Cond: (mc.movie_id = t.id)
              ->  Seq Scan on movie_companies mc  (cost=0.00..51404.11 rows=1352403 width=4) (actual time=0.019..1006.826 rows=1340327 loops=1)
                    Filter: (company_id < 11453)
                    Rows Removed by Filter: 1268802
              ->  Hash  (cost=61283.27..61283.27 rows=2528527 width=4) (actual time=1986.878..1986.878 rows=2528312 loops=1)
                    Buckets: 131072  Batches: 64  Memory Usage: 2415kB
                    ->  Seq Scan on title t  (cost=0.00..61283.27 rows=2528527 width=4) (actual time=0.020..1113.645 rows=2528312 loops=1)
Planning time: 1.164 ms
Execution time: 32436.569 ms
