Hash Join  (cost=136044.76..268581.22 rows=864642 width=0) (actual time=2880.848..7471.387 rows=5267956 loops=1)
  Hash Cond: (mk.movie_id = t.id)
  ->  Seq Scan on movie_keyword mk  (cost=0.00..69693.30 rows=4523930 width=4) (actual time=0.013..1408.761 rows=4523930 loops=1)
  ->  Hash  (cost=128115.91..128115.91 rows=483268 width=8) (actual time=2880.030..2880.030 rows=594087 loops=1)
        Buckets: 131072  Batches: 8  Memory Usage: 3947kB
        ->  Hash Join  (cost=82131.75..128115.91 rows=483268 width=8) (actual time=1379.902..2734.188 rows=594087 loops=1)
              Hash Cond: (mi_idx.movie_id = t.id)
              ->  Seq Scan on movie_info_idx mi_idx  (cost=0.00..21735.35 rows=1380035 width=4) (actual time=0.027..493.689 rows=1380035 loops=1)
              ->  Hash  (cost=67604.59..67604.59 rows=885453 width=4) (actual time=1378.685..1378.685 rows=885650 loops=1)
                    Buckets: 131072  Batches: 16  Memory Usage: 2972kB
                    ->  Seq Scan on title t  (cost=0.00..67604.59 rows=885453 width=4) (actual time=0.013..1093.198 rows=885650 loops=1)
                          Filter: (production_year < 1997)
                          Rows Removed by Filter: 1642662
Planning time: 1.070 ms
Execution time: 8096.443 ms
