Hash Join  (cost=210831.80..365076.47 rows=2646463 width=0) (actual time=4791.288..14423.382 rows=17519537 loops=1)
  Hash Cond: (mk.movie_id = t.id)
  ->  Seq Scan on movie_keyword mk  (cost=0.00..69693.30 rows=4523930 width=4) (actual time=0.024..1565.964 rows=4523930 loops=1)
  ->  Hash  (cost=186564.20..186564.20 rows=1479168 width=8) (actual time=4789.670..4789.670 rows=1217080 loops=1)
        Buckets: 131072  Batches: 32  Memory Usage: 2556kB
        ->  Hash Join  (cost=91123.00..186564.20 rows=1479168 width=8) (actual time=1725.225..4438.073 rows=1217080 loops=1)
              Hash Cond: (mc.movie_id = t.id)
              ->  Seq Scan on movie_companies mc  (cost=0.00..44881.29 rows=2609129 width=4) (actual time=0.030..878.643 rows=2609129 loops=1)
              ->  Hash  (cost=67604.59..67604.59 rows=1433473 width=4) (actual time=1724.428..1724.428 rows=1434466 loops=1)
                    Buckets: 131072  Batches: 32  Memory Usage: 2600kB
                    ->  Seq Scan on title t  (cost=0.00..67604.59 rows=1433473 width=4) (actual time=0.021..1256.863 rows=1434466 loops=1)
                          Filter: (production_year > 1999)
                          Rows Removed by Filter: 1093846
Planning time: 1.150 ms
Execution time: 16565.247 ms
