Seq Scan on cast_info ci  (cost=0.00..705507.15 rows=34908050 width=0) (actual time=0.013..11831.709 rows=34904163 loops=1)
  Filter: (person_id < 3802206)
  Rows Removed by Filter: 1340181
Planning time: 0.351 ms
Execution time: 15857.344 ms
