Hash Join  (cost=180218.49..674046.01 rows=3147915 width=0) (actual time=4851.950..17869.843 rows=11786625 loops=1)
  Hash Cond: (mi.movie_id = t.id)
  ->  Seq Scan on movie_info mi  (cost=0.00..346232.03 rows=9767026 width=4) (actual time=625.226..6720.616 rows=9911754 loops=1)
        Filter: (info_type_id > 4)
        Rows Removed by Filter: 4923966
  ->  Hash  (cost=166847.67..166847.67 rows=814945 width=8) (actual time=4225.823..4225.823 rows=630339 loops=1)
        Buckets: 131072  Batches: 16  Memory Usage: 2547kB
        ->  Hash Join  (cost=80562.70..166847.67 rows=814945 width=8) (actual time=1426.816..4028.904 rows=630339 loops=1)
              Hash Cond: (mc.movie_id = t.id)
              ->  Seq Scan on movie_companies mc  (cost=0.00..44881.29 rows=2609129 width=4) (actual time=0.019..776.753 rows=2609129 loops=1)
              ->  Hash  (cost=67604.59..67604.59 rows=789769 width=4) (actual time=1426.022..1426.022 rows=784926 loops=1)
                    Buckets: 131072  Batches: 16  Memory Usage: 2749kB
                    ->  Seq Scan on title t  (cost=0.00..67604.59 rows=789769 width=4) (actual time=0.030..1172.539 rows=784926 loops=1)
                          Filter: (production_year > 2007)
                          Rows Removed by Filter: 1743386
Planning time: 1.196 ms
Execution time: 19073.867 ms
