Hash Join  (cost=103246.11..158036.48 rows=12484 width=0) (actual time=1705.567..2914.400 rows=77093 loops=1)
  Hash Cond: (mc.movie_id = t.id)
  ->  Seq Scan on movie_companies mc  (cost=0.00..44881.29 rows=2609129 width=4) (actual time=0.014..606.640 rows=2609129 loops=1)
  ->  Hash  (cost=103094.87..103094.87 rows=12099 width=8) (actual time=1705.009..1705.009 rows=23994 loops=1)
        Buckets: 32768 (originally 16384)  Batches: 1 (originally 1)  Memory Usage: 1194kB
        ->  Hash Join  (cost=74341.98..103094.87 rows=12099 width=8) (actual time=1088.211..1696.274 rows=23994 loops=1)
              Hash Cond: (mi_idx.movie_id = t.id)
              ->  Seq Scan on movie_info_idx mi_idx  (cost=0.00..25185.44 rows=919057 width=4) (actual time=0.024..414.665 rows=920110 loops=1)
                    Filter: (info_type_id > 99)
                    Rows Removed by Filter: 459925
              ->  Hash  (cost=73925.90..73925.90 rows=33286 width=4) (actual time=1087.566..1087.566 rows=28113 loops=1)
                    Buckets: 65536  Batches: 1  Memory Usage: 1501kB
                    ->  Seq Scan on title t  (cost=0.00..73925.90 rows=33286 width=4) (actual time=0.023..1076.019 rows=28113 loops=1)
                          Filter: ((kind_id < 7) AND (production_year = 2004))
                          Rows Removed by Filter: 2500199
Planning time: 1.135 ms
Execution time: 2925.006 ms
