Seq Scan on movie_keyword mk  (cost=0.00..81003.12 rows=1509206 width=0) (actual time=0.024..1376.585 rows=1527705 loops=1)
  Filter: (keyword_id > 10494)
  Rows Removed by Filter: 2996225
Planning time: 0.304 ms
Execution time: 1563.389 ms
