Hash Join  (cost=74283.51..167231.27 rows=34983 width=0) (actual time=1144.275..2991.637 rows=6274 loops=1)
  Hash Cond: (mk.movie_id = t.id)
  ->  Seq Scan on movie_keyword mk  (cost=0.00..81003.12 rows=3091950 width=4) (actual time=0.021..1406.064 rows=3077810 loops=1)
        Filter: (keyword_id < 11555)
        Rows Removed by Filter: 1446120
  ->  Hash  (cost=73925.90..73925.90 rows=28608 width=4) (actual time=1087.081..1087.081 rows=32134 loops=1)
        Buckets: 32768  Batches: 1  Memory Usage: 1386kB
        ->  Seq Scan on title t  (cost=0.00..73925.90 rows=28608 width=4) (actual time=0.059..1074.455 rows=32134 loops=1)
              Filter: ((kind_id = 7) AND (production_year = 1998))
              Rows Removed by Filter: 2496178
Planning time: 0.687 ms
Execution time: 2992.794 ms
