Seq Scan on movie_keyword mk  (cost=0.00..81003.12 rows=246 width=0) (actual time=309.292..1133.755 rows=6 loops=1)
  Filter: (keyword_id = 30970)
  Rows Removed by Filter: 4523924
Planning time: 0.306 ms
Execution time: 1133.831 ms
