Seq Scan on cast_info ci  (cost=0.00..796071.18 rows=13493285 width=0) (actual time=6296.119..16035.684 rows=14472211 loops=1)
  Filter: ((person_id > 576882) AND (role_id > 2))
  Rows Removed by Filter: 21772133
Planning time: 0.275 ms
Execution time: 17838.612 ms
