Hash Join  (cost=90601.07..185618.06 rows=1022571 width=0) (actual time=1697.545..4587.100 rows=672193 loops=1)
  Hash Cond: (mc.movie_id = t.id)
  ->  Seq Scan on movie_companies mc  (cost=0.00..51404.11 rows=2544046 width=4) (actual time=0.013..1146.799 rows=2542342 loops=1)
        Filter: (company_id > 6)
        Rows Removed by Filter: 66787
  ->  Hash  (cost=73925.90..73925.90 rows=1016333 width=4) (actual time=1696.759..1696.759 rows=1107438 loops=1)
        Buckets: 131072  Batches: 16  Memory Usage: 3463kB
        ->  Seq Scan on title t  (cost=0.00..73925.90 rows=1016333 width=4) (actual time=0.021..1356.530 rows=1107438 loops=1)
              Filter: ((kind_id > 1) AND (production_year > 2000))
              Rows Removed by Filter: 1420874
Planning time: 0.741 ms
Execution time: 4667.522 ms
