Hash Join  (cost=136044.76..207252.16 rows=254124 width=0) (actual time=3116.230..5079.556 rows=712670 loops=1)
  Hash Cond: (mc.movie_id = t.id)
  ->  Seq Scan on movie_companies mc  (cost=0.00..51404.11 rows=1329612 width=4) (actual time=0.014..1017.471 rows=1334883 loops=1)
        Filter: (company_type_id > 1)
        Rows Removed by Filter: 1274246
  ->  Hash  (cost=128115.91..128115.91 rows=483268 width=8) (actual time=3115.386..3115.386 rows=594087 loops=1)
        Buckets: 131072  Batches: 8  Memory Usage: 3938kB
        ->  Hash Join  (cost=82131.75..128115.91 rows=483268 width=8) (actual time=1457.528..2927.117 rows=594087 loops=1)
              Hash Cond: (mi_idx.movie_id = t.id)
              ->  Seq Scan on movie_info_idx mi_idx  (cost=0.00..21735.35 rows=1380035 width=4) (actual time=0.025..501.422 rows=1380035 loops=1)
              ->  Hash  (cost=67604.59..67604.59 rows=885453 width=4) (actual time=1456.404..1456.404 rows=885650 loops=1)
                    Buckets: 131072  Batches: 16  Memory Usage: 2972kB
                    ->  Seq Scan on title t  (cost=0.00..67604.59 rows=885453 width=4) (actual time=0.021..1170.150 rows=885650 loops=1)
                          Filter: (production_year < 1997)
                          Rows Removed by Filter: 1642662
Planning time: 1.154 ms
Execution time: 5170.244 ms
