Hash Join  (cost=102767.86..214712.20 rows=875275 width=0) (actual time=2007.140..4647.708 rows=882349 loops=1)
  Hash Cond: (mk.movie_id = t.id)
  ->  Seq Scan on movie_keyword mk  (cost=0.00..81003.12 rows=875275 width=4) (actual time=0.014..1545.055 rows=882349 loops=1)
        Filter: (keyword_id > 20891)
        Rows Removed by Filter: 3641581
  ->  Hash  (cost=61283.27..61283.27 rows=2528527 width=4) (actual time=2006.459..2006.459 rows=2528312 loops=1)
        Buckets: 131072  Batches: 64  Memory Usage: 2425kB
        ->  Seq Scan on title t  (cost=0.00..61283.27 rows=2528527 width=4) (actual time=0.018..1144.854 rows=2528312 loops=1)
Planning time: 0.728 ms
Execution time: 4756.231 ms
