Seq Scan on cast_info ci  (cost=0.00..796071.18 rows=9959267 width=0) (actual time=0.017..14101.128 rows=5478793 loops=1)
  Filter: ((person_id < 2251656) AND (role_id > 2))
  Rows Removed by Filter: 30765551
Planning time: 0.335 ms
Execution time: 14795.087 ms
