Hash Join  (cost=460104.71..1171567.33 rows=15513 width=0) (actual time=17485.673..21038.678 rows=100355 loops=1)
  Hash Cond: (ci.movie_id = t.id)
  ->  Seq Scan on cast_info ci  (cost=0.00..705507.15 rows=350181 width=4) (actual time=9258.470..12612.579 rows=316118 loops=1)
        Filter: (role_id > 10)
        Rows Removed by Filter: 35928226
  ->  Hash  (cost=458266.71..458266.71 rows=112000 width=8) (actual time=8225.896..8225.896 rows=186856 loops=1)
        Buckets: 131072 (originally 131072)  Batches: 4 (originally 2)  Memory Usage: 3073kB
        ->  Hash Join  (cost=74288.34..458266.71 rows=112000 width=8) (actual time=985.910..8113.394 rows=186856 loops=1)
              Hash Cond: (mi.movie_id = t.id)
              ->  Seq Scan on movie_info mi  (cost=0.00..346232.03 rows=9767026 width=4) (actual time=143.591..5449.841 rows=9911754 loops=1)
                    Filter: (info_type_id > 4)
                    Rows Removed by Filter: 4923966
              ->  Hash  (cost=73925.90..73925.90 rows=28995 width=4) (actual time=842.064..842.064 rows=19956 loops=1)
                    Buckets: 32768  Batches: 1  Memory Usage: 958kB
                    ->  Seq Scan on title t  (cost=0.00..73925.90 rows=28995 width=4) (actual time=0.041..835.337 rows=19956 loops=1)
                          Filter: ((kind_id < 4) AND (production_year = 2004))
                          Rows Removed by Filter: 2508356
Planning time: 1.175 ms
Execution time: 21052.242 ms
