Hash Join  (cost=170346.65..258140.97 rows=924479 width=0) (actual time=3763.150..6683.374 rows=1713765 loops=1)
  Hash Cond: (mc.movie_id = t.id)
  ->  Seq Scan on movie_companies mc  (cost=0.00..44881.29 rows=2609129 width=4) (actual time=0.011..917.618 rows=2609129 loops=1)
  ->  Hash  (cost=155647.65..155647.65 rows=895920 width=8) (actual time=3762.220..3762.220 rows=737184 loops=1)
        Buckets: 131072  Batches: 16  Memory Usage: 2835kB
        ->  Hash Join  (cost=100857.93..155647.65 rows=895920 width=8) (actual time=1980.166..3569.422 rows=737184 loops=1)
              Hash Cond: (mi_idx.movie_id = t.id)
              ->  Seq Scan on movie_info_idx mi_idx  (cost=0.00..21735.35 rows=1380035 width=4) (actual time=0.016..482.510 rows=1380035 loops=1)
              ->  Hash  (cost=73925.90..73925.90 rows=1641522 width=4) (actual time=1978.965..1978.965 rows=1755233 loops=1)
                    Buckets: 131072  Batches: 32  Memory Usage: 2957kB
                    ->  Seq Scan on title t  (cost=0.00..73925.90 rows=1641522 width=4) (actual time=0.025..1412.664 rows=1755233 loops=1)
                          Filter: ((kind_id > 1) AND (production_year > 1958))
                          Rows Removed by Filter: 773079
Planning time: 1.134 ms
Execution time: 6874.382 ms
