Seq Scan on movie_companies mc  (cost=0.00..51404.11 rows=431046 width=0) (actual time=0.403..908.238 rows=431290 loops=1)
  Filter: (company_id < 312)
  Rows Removed by Filter: 2177839
Planning time: 0.377 ms
Execution time: 967.445 ms
