Hash Join  (cost=210397.90..337844.00 rows=1076450 width=0) (actual time=5014.825..11270.855 rows=13920589 loops=1)
  Hash Cond: (mk.movie_id = t.id)
  ->  Seq Scan on movie_keyword mk  (cost=0.00..81003.12 rows=2751325 width=4) (actual time=0.021..1648.559 rows=2743825 loops=1)
        Filter: (keyword_id > 2879)
        Rows Removed by Filter: 1780105
  ->  Hash  (cost=194166.89..194166.89 rows=989281 width=8) (actual time=5014.028..5014.028 rows=972014 loops=1)
        Buckets: 131072  Batches: 16  Memory Usage: 3445kB
        ->  Hash Join  (cost=103076.32..194166.89 rows=989281 width=8) (actual time=2729.840..4732.986 rows=972014 loops=1)
              Hash Cond: (mc.movie_id = t.id)
              ->  Seq Scan on movie_companies mc  (cost=0.00..57926.93 rows=1156964 width=4) (actual time=477.304..1215.756 rows=1274246 loops=1)
                    Filter: ((company_id < 100653) AND (company_type_id = 1))
                    Rows Removed by Filter: 1334883
              ->  Hash  (cost=67604.59..67604.59 rows=2162059 width=4) (actual time=2251.642..2251.642 rows=2159747 loops=1)
                    Buckets: 131072  Batches: 32  Memory Usage: 3400kB
                    ->  Seq Scan on title t  (cost=0.00..67604.59 rows=2162059 width=4) (actual time=0.026..1354.207 rows=2159747 loops=1)
                          Filter: (production_year > 1964)
                          Rows Removed by Filter: 368565
Planning time: 1.186 ms
Execution time: 12818.077 ms
