Hash Join  (cost=65413.09..92327.71 rows=52 width=0) (actual time=768.251..1293.706 rows=1421 loops=1)
  Hash Cond: (mi_idx.movie_id = t.id)
  ->  Seq Scan on movie_info_idx mi_idx  (cost=0.00..25185.44 rows=460978 width=4) (actual time=0.021..443.499 rows=459925 loops=1)
        Filter: (info_type_id < 100)
        Rows Removed by Filter: 920110
  ->  Hash  (cost=65409.54..65409.54 rows=284 width=8) (actual time=767.548..767.548 rows=2876 loops=1)
        Buckets: 4096 (originally 1024)  Batches: 1 (originally 1)  Memory Usage: 145kB
        ->  Nested Loop  (cost=0.43..65409.54 rows=284 width=8) (actual time=234.019..766.059 rows=2876 loops=1)
              ->  Seq Scan on movie_companies mc  (cost=0.00..57926.93 rows=910 width=4) (actual time=233.936..679.779 rows=3969 loops=1)
                    Filter: ((company_id < 6) AND (company_type_id = 1))
                    Rows Removed by Filter: 2605160
              ->  Index Scan using title_pkey on title t  (cost=0.43..8.21 rows=1 width=4) (actual time=0.021..0.021 rows=1 loops=3969)
                    Index Cond: (id = mc.movie_id)
                    Filter: (production_year > 2007)
                    Rows Removed by Filter: 0
Planning time: 1.207 ms
Execution time: 1294.108 ms
