Hash Join  (cost=83073.49..109984.49 rows=52 width=0) (actual time=1477.019..2024.055 rows=2060 loops=1)
  Hash Cond: (mi_idx.movie_id = t.id)
  ->  Seq Scan on movie_info_idx mi_idx  (cost=0.00..21735.35 rows=1380035 width=4) (actual time=0.014..290.308 rows=1380035 loops=1)
  ->  Hash  (cost=83072.29..83072.29 rows=96 width=8) (actual time=1462.871..1462.871 rows=786 loops=1)
        Buckets: 1024  Batches: 1  Memory Usage: 39kB
        ->  Nested Loop  (cost=0.43..83072.29 rows=96 width=8) (actual time=0.686..1462.211 rows=786 loops=1)
              ->  Seq Scan on movie_keyword mk  (cost=0.00..81003.12 rows=246 width=4) (actual time=0.642..1400.649 rows=951 loops=1)
                    Filter: (keyword_id = 3085)
                    Rows Removed by Filter: 4522979
              ->  Index Scan using title_pkey on title t  (cost=0.43..8.40 rows=1 width=4) (actual time=0.063..0.063 rows=1 loops=951)
                    Index Cond: (id = mk.movie_id)
                    Filter: (kind_id < 7)
                    Rows Removed by Filter: 0
Planning time: 1.193 ms
Execution time: 2024.578 ms
