Hash Join  (cost=1010349.47..1632450.13 rows=9882393 width=0) (actual time=22367.952..37535.870 rows=6945073 loops=1)
  Hash Cond: (mi.movie_id = t.id)
  ->  Seq Scan on movie_info mi  (cost=0.00..309384.22 rows=14739122 width=4) (actual time=0.014..6391.575 rows=14835720 loops=1)
  ->  Hash  (cost=982534.65..982534.65 rows=1695345 width=8) (actual time=22305.993..22305.993 rows=1116979 loops=1)
        Buckets: 131072  Batches: 32  Memory Usage: 2388kB
        ->  Hash Join  (cost=83661.18..982534.65 rows=1695345 width=8) (actual time=11834.013..21928.596 rows=1116979 loops=1)
              Hash Cond: (ci.movie_id = t.id)
              ->  Seq Scan on cast_info ci  (cost=0.00..796071.18 rows=7224225 width=4) (actual time=10423.275..16012.694 rows=8271297 loops=1)
                    Filter: ((person_id > 831677) AND (role_id > 4))
                    Rows Removed by Filter: 27973047
              ->  Hash  (cost=73925.90..73925.90 rows=593382 width=4) (actual time=1409.683..1409.683 rows=486368 loops=1)
                    Buckets: 131072  Batches: 8  Memory Usage: 3147kB
                    ->  Seq Scan on title t  (cost=0.00..73925.90 rows=593382 width=4) (actual time=0.024..1246.742 rows=486368 loops=1)
                          Filter: ((production_year < 1999) AND (kind_id = 7))
                          Rows Removed by Filter: 2041944
Planning time: 1.185 ms
Execution time: 38246.312 ms
