Seq Scan on cast_info ci  (cost=0.00..796071.18 rows=7905446 width=0) (actual time=0.147..13355.796 rows=11108028 loops=1)
  Filter: ((person_id > 1834971) AND (role_id > 2))
  Rows Removed by Filter: 25136316
Planning time: 0.337 ms
Execution time: 14767.927 ms
