Hash Join  (cost=799164.43..1163836.74 rows=1638 width=0) (actual time=13792.604..20657.655 rows=101 loops=1)
  Hash Cond: (mi.movie_id = t.id)
  ->  Seq Scan on movie_info mi  (cost=0.00..309384.22 rows=14739122 width=4) (actual time=0.012..4222.558 rows=14835720 loops=1)
  ->  Hash  (cost=799160.92..799160.92 rows=281 width=8) (actual time=13759.569..13759.569 rows=22 loops=1)
        Buckets: 1024  Batches: 1  Memory Usage: 9kB
        ->  Nested Loop  (cost=0.43..799160.92 rows=281 width=8) (actual time=9911.140..13759.540 rows=22 loops=1)
              ->  Seq Scan on cast_info ci  (cost=0.00..796071.18 rows=369 width=4) (actual time=9911.041..13758.800 rows=34 loops=1)
                    Filter: ((role_id < 5) AND (person_id = 214660))
                    Rows Removed by Filter: 36244310
              ->  Index Scan using title_pkey on title t  (cost=0.43..8.36 rows=1 width=4) (actual time=0.020..0.020 rows=1 loops=34)
                    Index Cond: (id = ci.movie_id)
                    Filter: (production_year < 2010)
                    Rows Removed by Filter: 0
Planning time: 4.615 ms
Execution time: 20658.114 ms
