Hash Join  (cost=102506.10..486082.54 rows=1067909 width=0) (actual time=4513.752..8491.997 rows=422996 loops=1)
  Hash Cond: (mi.movie_id = t.id)
  ->  Seq Scan on movie_info mi  (cost=0.00..346232.03 rows=1550064 width=4) (actual time=2452.152..5244.158 rows=1533909 loops=1)
        Filter: (info_type_id = 3)
        Rows Removed by Filter: 13301811
  ->  Hash  (cost=73925.90..73925.90 rows=1742016 width=4) (actual time=2060.426..2060.426 rows=1799905 loops=1)
        Buckets: 131072  Batches: 32  Memory Usage: 3013kB
        ->  Seq Scan on title t  (cost=0.00..73925.90 rows=1742016 width=4) (actual time=0.035..1446.549 rows=1799905 loops=1)
              Filter: ((kind_id > 1) AND (production_year > 1921))
              Rows Removed by Filter: 728407
Planning time: 0.776 ms
Execution time: 8546.138 ms
