Hash Join  (cost=118060.16..242223.40 rows=177320 width=0) (actual time=2664.162..5765.171 rows=1186265 loops=1)
  Hash Cond: (mk.movie_id = t.id)
  ->  Seq Scan on movie_keyword mk  (cost=0.00..69693.30 rows=4523930 width=4) (actual time=0.027..1417.249 rows=4523930 loops=1)
  ->  Hash  (cost=116433.31..116433.31 rows=99108 width=8) (actual time=2663.256..2663.256 rows=145633 loops=1)
        Buckets: 131072  Batches: 2  Memory Usage: 3877kB
        ->  Hash Join  (cost=82776.67..116433.31 rows=99108 width=8) (actual time=1434.914..2615.346 rows=145633 loops=1)
              Hash Cond: (mi_idx.movie_id = t.id)
              ->  Seq Scan on movie_info_idx mi_idx  (cost=0.00..25185.44 rows=464566 width=4) (actual time=0.014..535.757 rows=459925 loops=1)
                    Filter: (info_type_id = 101)
                    Rows Removed by Filter: 920110
              ->  Hash  (cost=73925.90..73925.90 rows=539421 width=4) (actual time=1434.102..1434.102 rows=459810 loops=1)
                    Buckets: 131072  Batches: 8  Memory Usage: 3041kB
                    ->  Seq Scan on title t  (cost=0.00..73925.90 rows=539421 width=4) (actual time=0.007..1288.892 rows=459810 loops=1)
                          Filter: ((kind_id < 7) AND (production_year > 2000))
                          Rows Removed by Filter: 2068502
Planning time: 1.148 ms
Execution time: 5914.465 ms
