Hash Join  (cost=177984.92..1238736.39 rows=2623231 width=0) (actual time=3383.603..32133.027 rows=2084037 loops=1)
  Hash Cond: (ci.movie_id = t.id)
  ->  Seq Scan on cast_info ci  (cost=0.00..614943.12 rows=36225612 width=4) (actual time=0.022..13345.138 rows=36244344 loops=1)
  ->  Hash  (cost=174980.17..174980.17 rows=183100 width=8) (actual time=3382.592..3382.592 rows=79018 loops=1)
        Buckets: 131072  Batches: 4  Memory Usage: 1801kB
        ->  Hash Join  (cost=102767.86..174980.17 rows=183100 width=8) (actual time=2074.907..3360.966 rows=79018 loops=1)
              Hash Cond: (mc.movie_id = t.id)
              ->  Seq Scan on movie_companies mc  (cost=0.00..57926.93 rows=183100 width=4) (actual time=0.021..894.404 rows=79018 loops=1)
                    Filter: ((company_id < 176) AND (company_type_id = 2))
                    Rows Removed by Filter: 2530111
              ->  Hash  (cost=61283.27..61283.27 rows=2528527 width=4) (actual time=2073.992..2073.992 rows=2528312 loops=1)
                    Buckets: 131072  Batches: 64  Memory Usage: 2415kB
                    ->  Seq Scan on title t  (cost=0.00..61283.27 rows=2528527 width=4) (actual time=0.017..1218.845 rows=2528312 loops=1)
Planning time: 1.098 ms
Execution time: 32390.733 ms
