Hash Join  (cost=185613.21..1113553.16 rows=5288732 width=0) (actual time=5014.386..30870.986 rows=9441094 loops=1)
  Hash Cond: (ci.movie_id = t.id)
  ->  Seq Scan on cast_info ci  (cost=0.00..705507.15 rows=14348393 width=4) (actual time=11.472..13889.634 rows=14281155 loops=1)
        Filter: (person_id < 1405941)
        Rows Removed by Filter: 21963189
  ->  Hash  (cost=170322.21..170322.21 rows=932000 width=8) (actual time=4997.959..4997.959 rows=730845 loops=1)
        Buckets: 131072  Batches: 16  Memory Usage: 2780kB
        ->  Hash Join  (cost=82423.69..170322.21 rows=932000 width=8) (actual time=1690.726..4798.206 rows=730845 loops=1)
              Hash Cond: (mc.movie_id = t.id)
              ->  Seq Scan on movie_companies mc  (cost=0.00..44881.29 rows=2609129 width=4) (actual time=0.020..932.359 rows=2609129 loops=1)
              ->  Hash  (cost=67604.59..67604.59 rows=903208 width=4) (actual time=1689.560..1689.560 rows=904491 loops=1)
                    Buckets: 131072  Batches: 16  Memory Usage: 3010kB
                    ->  Seq Scan on title t  (cost=0.00..67604.59 rows=903208 width=4) (actual time=0.025..1400.800 rows=904491 loops=1)
                          Filter: (production_year > 2006)
                          Rows Removed by Filter: 1623821
Planning time: 1.161 ms
Execution time: 31938.322 ms
