Seq Scan on movie_keyword mk  (cost=0.00..81003.12 rows=1616562 width=0) (actual time=0.018..1349.084 rows=1626420 loops=1)
  Filter: (keyword_id > 9181)
  Rows Removed by Filter: 2897510
Planning time: 0.339 ms
Execution time: 1552.563 ms
