Hash Join  (cost=123311.50..201797.90 rows=249288 width=0) (actual time=2828.442..5266.585 rows=1546168 loops=1)
  Hash Cond: (mc.movie_id = t.id)
  ->  Seq Scan on movie_companies mc  (cost=0.00..44881.29 rows=2609129 width=4) (actual time=0.015..1002.630 rows=2609129 loops=1)
  ->  Hash  (cost=119347.66..119347.66 rows=241587 width=8) (actual time=2618.700..2618.700 rows=419760 loops=1)
        Buckets: 131072 (originally 131072)  Batches: 8 (originally 4)  Memory Usage: 3078kB
        ->  Hash Join  (cost=78556.72..119347.66 rows=241587 width=8) (actual time=1243.724..2492.591 rows=419760 loops=1)
              Hash Cond: (mi_idx.movie_id = t.id)
              ->  Seq Scan on movie_info_idx mi_idx  (cost=0.00..25185.44 rows=915101 width=4) (actual time=0.022..589.359 rows=919850 loops=1)
                    Filter: (info_type_id < 101)
                    Rows Removed by Filter: 460185
              ->  Hash  (cost=67604.59..67604.59 rows=667531 width=4) (actual time=1242.963..1242.963 rows=662825 loops=1)
                    Buckets: 131072  Batches: 16  Memory Usage: 2476kB
                    ->  Seq Scan on title t  (cost=0.00..67604.59 rows=667531 width=4) (actual time=402.845..1036.291 rows=662825 loops=1)
                          Filter: (kind_id = 1)
                          Rows Removed by Filter: 1865487
Planning time: 1.262 ms
Execution time: 5450.806 ms
