Hash Join  (cost=66238.11..419270.10 rows=957 width=0) (actual time=1076.885..7244.363 rows=8704 loops=1)
  Hash Cond: (mi.movie_id = t.id)
  ->  Seq Scan on movie_info mi  (cost=0.00..346232.03 rows=1810770 width=4) (actual time=76.936..5936.387 rows=1865632 loops=1)
        Filter: (info_type_id > 17)
        Rows Removed by Filter: 12970088
  ->  Hash  (cost=66221.41..66221.41 rows=1336 width=8) (actual time=999.862..999.862 rows=4533 loops=1)
        Buckets: 8192 (originally 2048)  Batches: 1 (originally 1)  Memory Usage: 242kB
        ->  Nested Loop  (cost=0.43..66221.41 rows=1336 width=8) (actual time=0.115..997.351 rows=4533 loops=1)
              ->  Seq Scan on movie_companies mc  (cost=0.00..51404.11 rows=1855 width=4) (actual time=0.047..852.481 rows=4712 loops=1)
                    Filter: (company_id < 6)
                    Rows Removed by Filter: 2604417
              ->  Index Scan using title_pkey on title t  (cost=0.43..7.98 rows=1 width=4) (actual time=0.030..0.030 rows=1 loops=4712)
                    Index Cond: (id = mc.movie_id)
                    Filter: (production_year > 1987)
                    Rows Removed by Filter: 0
Planning time: 1.194 ms
Execution time: 7245.947 ms
