Seq Scan on cast_info ci  (cost=0.00..705507.15 rows=18926346 width=0) (actual time=0.025..12807.778 rows=18834218 loops=1)
  Filter: (person_id < 1876405)
  Rows Removed by Filter: 17410126
Planning time: 0.347 ms
Execution time: 15129.524 ms
