Nested Loop  (cost=0.43..58375.45 rows=12 width=0) (actual time=369.087..698.877 rows=222 loops=1)
  ->  Seq Scan on movie_companies mc  (cost=0.00..57926.93 rows=53 width=4) (actual time=360.495..693.745 rows=434 loops=1)
        Filter: ((company_id = 73691) AND (company_type_id = 2))
        Rows Removed by Filter: 2608695
  ->  Index Scan using title_pkey on title t  (cost=0.43..8.45 rows=1 width=4) (actual time=0.011..0.011 rows=1 loops=434)
        Index Cond: (id = mc.movie_id)
        Filter: ((production_year > 2006) AND (kind_id = 7))
        Rows Removed by Filter: 0
Planning time: 5.412 ms
Execution time: 699.044 ms
