Hash Join  (cost=220019.62..263814.28 rows=355618 width=0) (actual time=4348.825..5801.404 rows=1512803 loops=1)
  Hash Cond: (mi_idx.movie_id = t.id)
  ->  Seq Scan on movie_info_idx mi_idx  (cost=0.00..21735.35 rows=1380035 width=4) (actual time=0.020..468.872 rows=1380035 loops=1)
  ->  Hash  (cost=209328.99..209328.99 rows=651570 width=8) (actual time=4347.856..4347.856 rows=661715 loops=1)
        Buckets: 131072  Batches: 16  Memory Usage: 2676kB
        ->  Hash Join  (cost=102767.86..209328.99 rows=651570 width=8) (actual time=1916.198..4166.963 rows=661715 loops=1)
              Hash Cond: (mk.movie_id = t.id)
              ->  Seq Scan on movie_keyword mk  (cost=0.00..81003.12 rows=651570 width=4) (actual time=0.017..1347.418 rows=661715 loops=1)
                    Filter: (keyword_id > 28417)
                    Rows Removed by Filter: 3862215
              ->  Hash  (cost=61283.27..61283.27 rows=2528527 width=4) (actual time=1915.208..1915.208 rows=2528312 loops=1)
                    Buckets: 131072  Batches: 64  Memory Usage: 2425kB
                    ->  Seq Scan on title t  (cost=0.00..61283.27 rows=2528527 width=4) (actual time=0.011..1046.460 rows=2528312 loops=1)
Planning time: 5.196 ms
Execution time: 5961.669 ms
