Hash Join  (cost=74726.94..443118.35 rows=373548 width=0) (actual time=1149.065..13267.059 rows=2270697 loops=1)
  Hash Cond: (mi.movie_id = t.id)
  ->  Seq Scan on movie_info mi  (cost=0.00..309384.22 rows=14739122 width=4) (actual time=0.018..4542.307 rows=14835720 loops=1)
  ->  Hash  (cost=73925.90..73925.90 rows=64083 width=4) (actual time=1148.585..1148.585 rows=189170 loops=1)
        Buckets: 131072 (originally 65536)  Batches: 4 (originally 1)  Memory Usage: 3073kB
        ->  Seq Scan on title t  (cost=0.00..73925.90 rows=64083 width=4) (actual time=0.022..1078.552 rows=189170 loops=1)
              Filter: ((production_year < 1960) AND (kind_id = 1))
              Rows Removed by Filter: 2339142
Planning time: 0.719 ms
Execution time: 13529.071 ms
