Hash Join  (cost=111952.53..168514.83 rows=14902 width=0) (actual time=2358.857..3294.524 rows=28646 loops=1)
  Hash Cond: (mc.movie_id = t.id)
  ->  Seq Scan on movie_companies mc  (cost=0.00..51404.11 rows=1335782 width=4) (actual time=0.017..896.713 rows=1325898 loops=1)
        Filter: (company_id < 11387)
        Rows Removed by Filter: 1283231
  ->  Hash  (cost=111599.94..111599.94 rows=28207 width=8) (actual time=2144.167..2144.167 rows=13746 loops=1)
        Buckets: 32768  Batches: 1  Memory Usage: 793kB
        ->  Hash Join  (cost=75199.97..111599.94 rows=28207 width=8) (actual time=1262.069..2138.922 rows=13746 loops=1)
              Hash Cond: (mi_idx.movie_id = t.id)
              ->  Seq Scan on movie_info_idx mi_idx  (cost=0.00..25185.44 rows=919057 width=4) (actual time=0.013..553.122 rows=920110 loops=1)
                    Filter: (info_type_id > 99)
                    Rows Removed by Filter: 459925
              ->  Hash  (cost=73925.90..73925.90 rows=77605 width=4) (actual time=1261.245..1261.245 rows=84684 loops=1)
                    Buckets: 131072  Batches: 2  Memory Usage: 2512kB
                    ->  Seq Scan on title t  (cost=0.00..73925.90 rows=77605 width=4) (actual time=0.019..1228.999 rows=84684 loops=1)
                          Filter: ((kind_id = 7) AND (production_year = 2009))
                          Rows Removed by Filter: 2443628
Planning time: 0.790 ms
Execution time: 3298.394 ms
