Hash Join  (cost=70840.90..139797.73 rows=64826 width=0) (actual time=1275.682..2722.191 rows=87800 loops=1)
  Hash Cond: (mc.movie_id = t.id)
  ->  Seq Scan on movie_companies mc  (cost=0.00..57926.93 rows=831103 width=4) (actual time=345.507..1030.793 rows=521043 loops=1)
        Filter: ((company_id < 17072) AND (company_type_id = 2))
        Rows Removed by Filter: 2088086
  ->  Hash  (cost=67604.59..67604.59 rows=197225 width=4) (actual time=928.305..928.305 rows=194989 loops=1)
        Buckets: 131072  Batches: 4  Memory Usage: 2738kB
        ->  Seq Scan on title t  (cost=0.00..67604.59 rows=197225 width=4) (actual time=0.086..868.576 rows=194989 loops=1)
              Filter: (production_year < 1955)
              Rows Removed by Filter: 2333323
Planning time: 0.832 ms
Execution time: 2733.801 ms
