Seq Scan on cast_info ci  (cost=0.00..705507.15 rows=30904895 width=0) (actual time=0.020..13431.947 rows=30847795 loops=1)
  Filter: (person_id < 3118012)
  Rows Removed by Filter: 5396549
Planning time: 0.362 ms
Execution time: 17257.097 ms
