Hash Join  (cost=129928.86..538855.43 rows=616095 width=169) (actual time=5396.814..11412.666 rows=598457 loops=1)
  Hash Cond: (mi.movie_id = t.id)
  ->  Seq Scan on movie_info mi  (cost=0.00..346232.03 rows=616095 width=75) (actual time=1972.981..6031.358 rows=598457 loops=1)
        Filter: (info_type_id = 15)
        Rows Removed by Filter: 14237263
  ->  Hash  (cost=61283.27..61283.27 rows=2528527 width=94) (actual time=3359.972..3359.972 rows=2528312 loops=1)
        Buckets: 32768  Batches: 128  Memory Usage: 2470kB
        ->  Seq Scan on title t  (cost=0.00..61283.27 rows=2528527 width=94) (actual time=0.009..1327.157 rows=2528312 loops=1)
Planning time: 0.776 ms
Execution time: 11446.373 ms
