Nested Loop  (cost=0.43..709673.15 rows=305 width=0) (actual time=6106.034..10731.637 rows=18 loops=1)
  ->  Seq Scan on cast_info ci  (cost=0.00..705507.15 rows=500 width=4) (actual time=1248.751..10724.931 rows=40 loops=1)
        Filter: (person_id = 885247)
        Rows Removed by Filter: 36244304
  ->  Index Scan using title_pkey on title t  (cost=0.43..8.32 rows=1 width=4) (actual time=0.163..0.163 rows=0 loops=40)
        Index Cond: (id = ci.movie_id)
        Filter: (kind_id = 7)
        Rows Removed by Filter: 1
Planning time: 0.800 ms
Execution time: 10731.797 ms
