Seq Scan on movie_keyword mk  (cost=0.00..81003.12 rows=1233536 width=0) (actual time=0.025..1368.482 rows=1246068 loops=1)
  Filter: (keyword_id > 14505)
  Rows Removed by Filter: 3277862
Planning time: 0.336 ms
Execution time: 1529.671 ms
