Hash Join  (cost=80605.23..1223429.39 rows=5325310 width=0) (actual time=1334.217..35175.834 rows=5996267 loops=1)
  Hash Cond: (ci.movie_id = t.id)
  ->  Seq Scan on cast_info ci  (cost=0.00..705507.15 rows=33078643 width=4) (actual time=0.022..15896.310 rows=33047935 loops=1)
        Filter: (person_id < 3472904)
        Rows Removed by Filter: 3196409
  ->  Hash  (cost=73925.90..73925.90 rows=407066 width=4) (actual time=1333.296..1333.296 rows=436028 loops=1)
        Buckets: 131072  Batches: 8  Memory Usage: 2943kB
        ->  Seq Scan on title t  (cost=0.00..73925.90 rows=407066 width=4) (actual time=0.428..1201.214 rows=436028 loops=1)
              Filter: ((kind_id > 4) AND (production_year > 2008))
              Rows Removed by Filter: 2092284
Planning time: 0.830 ms
Execution time: 35906.878 ms
