Hash Join  (cost=277087.93..903557.25 rows=12018549 width=0) (actual time=6448.868..41726.122 rows=99983087 loops=1)
  Hash Cond: (mi.movie_id = t.id)
  ->  Seq Scan on movie_info mi  (cost=0.00..309384.22 rows=14739122 width=4) (actual time=0.015..5937.534 rows=14835720 loops=1)
  ->  Hash  (cost=243261.35..243261.35 rows=2061807 width=8) (actual time=6447.743..6447.743 rows=2079760 loops=1)
        Buckets: 131072  Batches: 32  Memory Usage: 3630kB
        ->  Hash Join  (cost=102767.86..243261.35 rows=2061807 width=8) (actual time=1829.771..5845.922 rows=2079760 loops=1)
              Hash Cond: (mk.movie_id = t.id)
              ->  Seq Scan on movie_keyword mk  (cost=0.00..81003.12 rows=2061807 width=4) (actual time=0.028..1613.519 rows=2079760 loops=1)
                    Filter: (keyword_id < 3679)
                    Rows Removed by Filter: 2444170
              ->  Hash  (cost=61283.27..61283.27 rows=2528527 width=4) (actual time=1828.588..1828.588 rows=2528312 loops=1)
                    Buckets: 131072  Batches: 64  Memory Usage: 2425kB
                    ->  Seq Scan on title t  (cost=0.00..61283.27 rows=2528527 width=4) (actual time=0.012..992.385 rows=2528312 loops=1)
Planning time: 1.139 ms
Execution time: 52203.691 ms
