Seq Scan on movie_companies mc  (cost=0.00..57926.93 rows=51 width=0) (actual time=29.868..880.224 rows=50 loops=1)
  Filter: ((company_id = 26269) AND (company_type_id = 1))
  Rows Removed by Filter: 2609079
Planning time: 0.383 ms
Execution time: 880.363 ms
