Seq Scan on movie_companies mc  (cost=0.00..57926.93 rows=527438 width=0) (actual time=315.528..1013.119 rows=315973 loops=1)
  Filter: ((company_id < 5774) AND (company_type_id = 2))
  Rows Removed by Filter: 2293156
Planning time: 0.375 ms
Execution time: 1052.489 ms
