Seq Scan on movie_companies mc  (cost=0.00..57926.93 rows=1048091 width=0) (actual time=0.019..888.497 rows=1191902 loops=1)
  Filter: ((company_id > 554) AND (company_type_id = 2))
  Rows Removed by Filter: 1417227
Planning time: 0.382 ms
Execution time: 999.467 ms
