Hash Join  (cost=121266.39..222489.80 rows=96756 width=0) (actual time=2682.419..5269.178 rows=1589763 loops=1)
  Hash Cond: (mk.movie_id = t.id)
  ->  Seq Scan on movie_keyword mk  (cost=0.00..81003.12 rows=1613794 width=4) (actual time=0.021..1439.091 rows=1625362 loops=1)
        Filter: (keyword_id > 9217)
        Rows Removed by Filter: 2898568
  ->  Hash  (cost=118778.40..118778.40 rows=151599 width=8) (actual time=2681.302..2681.302 rows=378376 loops=1)
        Buckets: 131072 (originally 131072)  Batches: 8 (originally 2)  Memory Usage: 3073kB
        ->  Hash Join  (cost=78483.93..118778.40 rows=151599 width=8) (actual time=1219.071..2545.924 rows=378376 loops=1)
              Hash Cond: (mi_idx.movie_id = t.id)
              ->  Seq Scan on movie_info_idx mi_idx  (cost=0.00..21735.35 rows=1380035 width=4) (actual time=0.024..493.515 rows=1380035 loops=1)
              ->  Hash  (cost=73925.90..73925.90 rows=277762 width=4) (actual time=1218.252..1218.252 rows=394383 loops=1)
                    Buckets: 131072 (originally 131072)  Batches: 8 (originally 4)  Memory Usage: 3073kB
                    ->  Seq Scan on title t  (cost=0.00..73925.90 rows=277762 width=4) (actual time=0.024..1078.141 rows=394383 loops=1)
                          Filter: ((kind_id < 3) AND (production_year < 1998))
                          Rows Removed by Filter: 2133929
Planning time: 1.161 ms
Execution time: 5470.403 ms
