Seq Scan on movie_keyword mk  (cost=0.00..81003.12 rows=3014003 width=0) (actual time=0.014..1516.696 rows=3001026 loops=1)
  Filter: (keyword_id > 2207)
  Rows Removed by Filter: 1522904
Planning time: 0.301 ms
Execution time: 1897.712 ms
