Seq Scan on cast_info ci  (cost=0.00..796071.18 rows=863191 width=0) (actual time=6620.679..12069.915 rows=1318740 loops=1)
  Filter: ((person_id > 2555749) AND (role_id = 4))
  Rows Removed by Filter: 34925604
Planning time: 0.273 ms
Execution time: 12238.012 ms
