Hash Join  (cost=223014.23..267501.80 rows=396008 width=0) (actual time=4652.224..6233.336 rows=1688319 loops=1)
  Hash Cond: (mi_idx.movie_id = t.id)
  ->  Seq Scan on movie_info_idx mi_idx  (cost=0.00..21735.35 rows=1380035 width=4) (actual time=0.024..446.669 rows=1380035 loops=1)
  ->  Hash  (cost=211109.56..211109.56 rows=725574 width=8) (actual time=4651.099..4651.099 rows=732827 loops=1)
        Buckets: 131072  Batches: 16  Memory Usage: 2848kB
        ->  Hash Join  (cost=102767.86..211109.56 rows=725574 width=8) (actual time=1881.607..4441.089 rows=732827 loops=1)
              Hash Cond: (mk.movie_id = t.id)
              ->  Seq Scan on movie_keyword mk  (cost=0.00..81003.12 rows=725574 width=4) (actual time=0.020..1552.729 rows=732827 loops=1)
                    Filter: (keyword_id > 25674)
                    Rows Removed by Filter: 3791103
              ->  Hash  (cost=61283.27..61283.27 rows=2528527 width=4) (actual time=1880.772..1880.772 rows=2528312 loops=1)
                    Buckets: 131072  Batches: 64  Memory Usage: 2425kB
                    ->  Seq Scan on title t  (cost=0.00..61283.27 rows=2528527 width=4) (actual time=0.007..1029.432 rows=2528312 loops=1)
Planning time: 13.027 ms
Execution time: 6432.020 ms
