Seq Scan on movie_keyword mk  (cost=0.00..81003.12 rows=3987620 width=0) (actual time=0.014..1527.681 rows=3996603 loops=1)
  Filter: (keyword_id < 34490)
  Rows Removed by Filter: 527327
Planning time: 0.339 ms
Execution time: 2011.313 ms
