Hash Join  (cost=167651.43..525392.92 rows=96721 width=0) (actual time=8573.063..9929.184 rows=792559 loops=1)
  Hash Cond: (mi.movie_id = t.id)
  ->  Seq Scan on movie_info mi  (cost=0.00..346232.03 rows=809669 width=4) (actual time=4703.468..5316.288 rows=802140 loops=1)
        Filter: (info_type_id = 1)
        Rows Removed by Filter: 14033580
  ->  Hash  (cost=162695.78..162695.78 rows=302052 width=8) (actual time=3868.761..3868.761 rows=837415 loops=1)
        Buckets: 131072 (originally 131072)  Batches: 16 (originally 4)  Memory Usage: 3143kB
        ->  Hash Join  (cost=88195.18..162695.78 rows=302052 width=8) (actual time=1917.215..3603.489 rows=837415 loops=1)
              Hash Cond: (mc.movie_id = t.id)
              ->  Seq Scan on movie_companies mc  (cost=0.00..57926.93 rows=878171 width=4) (actual time=409.666..1117.575 rows=1191385 loops=1)
                    Filter: ((company_id < 27696) AND (company_type_id < 2))
                    Rows Removed by Filter: 1417744
              ->  Hash  (cost=73925.90..73925.90 rows=869702 width=4) (actual time=1506.709..1506.709 rows=896788 loops=1)
                    Buckets: 131072  Batches: 16  Memory Usage: 2998kB
                    ->  Seq Scan on title t  (cost=0.00..73925.90 rows=869702 width=4) (actual time=0.032..1230.892 rows=896788 loops=1)
                          Filter: ((kind_id < 7) AND (production_year < 2012))
                          Rows Removed by Filter: 1631524
Planning time: 0.801 ms
Execution time: 10026.430 ms
