Seq Scan on cast_info ci  (cost=0.00..705507.15 rows=500 width=0) (actual time=1209.196..10400.816 rows=310 loops=1)
  Filter: (person_id = 1858209)
  Rows Removed by Filter: 36244034
Planning time: 0.273 ms
Execution time: 10400.970 ms
