Seq Scan on movie_companies mc  (cost=0.00..51404.11 rows=123307 width=0) (actual time=530.302..771.318 rows=122725 loops=1)
  Filter: (company_id > 144894)
  Rows Removed by Filter: 2486404
Planning time: 0.354 ms
Execution time: 786.376 ms
