Hash Join  (cost=75220.98..1120634.96 rows=1130181 width=0) (actual time=1244.522..27497.822 rows=1206256 loops=1)
  Hash Cond: (ci.movie_id = t.id)
  ->  Seq Scan on cast_info ci  (cost=0.00..614943.12 rows=36225612 width=4) (actual time=0.021..12412.389 rows=36244344 loops=1)
  ->  Hash  (cost=73925.90..73925.90 rows=78886 width=4) (actual time=1243.702..1243.702 rows=74127 loops=1)
        Buckets: 131072  Batches: 2  Memory Usage: 2328kB
        ->  Seq Scan on title t  (cost=0.00..73925.90 rows=78886 width=4) (actual time=0.149..1214.599 rows=74127 loops=1)
              Filter: ((kind_id < 4) AND (production_year > 2011))
              Rows Removed by Filter: 2454185
Planning time: 0.825 ms
Execution time: 27666.129 ms
