Hash Join  (cost=100960.39..260551.18 rows=2723924 width=0) (actual time=2012.760..6369.242 rows=2549567 loops=1)
  Hash Cond: (mk.movie_id = t.id)
  ->  Seq Scan on movie_keyword mk  (cost=0.00..81003.12 rows=3387685 width=4) (actual time=0.022..1835.972 rows=3377245 loops=1)
        Filter: (keyword_id < 16264)
        Rows Removed by Filter: 1146685
  ->  Hash  (cost=67604.59..67604.59 rows=2033104 width=4) (actual time=2011.097..2011.097 rows=2032439 loops=1)
        Buckets: 131072  Batches: 32  Memory Usage: 3269kB
        ->  Seq Scan on title t  (cost=0.00..67604.59 rows=2033104 width=4) (actual time=0.024..1322.292 rows=2032439 loops=1)
              Filter: (production_year > 1973)
              Rows Removed by Filter: 495873
Planning time: 0.786 ms
Execution time: 6665.997 ms
