Hash Join  (cost=365418.15..1380057.33 rows=10432238 width=0) (actual time=16785.061..37825.615 rows=35798533 loops=1)
  Hash Cond: (ci.movie_id = t.id)
  ->  Seq Scan on cast_info ci  (cost=0.00..796071.18 rows=5830814 width=4) (actual time=8156.870..15925.350 rows=7450603 loops=1)
        Filter: ((person_id > 699056) AND (role_id = 2))
        Rows Removed by Filter: 28793741
  ->  Hash  (cost=291197.02..291197.02 rows=4523930 width=8) (actual time=8626.759..8626.759 rows=4523930 loops=1)
        Buckets: 131072  Batches: 64  Memory Usage: 3816kB
        ->  Hash Join  (cost=102767.86..291197.02 rows=4523930 width=8) (actual time=1986.843..7284.950 rows=4523930 loops=1)
              Hash Cond: (mk.movie_id = t.id)
              ->  Seq Scan on movie_keyword mk  (cost=0.00..69693.30 rows=4523930 width=4) (actual time=0.028..1409.079 rows=4523930 loops=1)
              ->  Hash  (cost=61283.27..61283.27 rows=2528527 width=4) (actual time=1986.018..1986.018 rows=2528312 loops=1)
                    Buckets: 131072  Batches: 64  Memory Usage: 2425kB
                    ->  Seq Scan on title t  (cost=0.00..61283.27 rows=2528527 width=4) (actual time=0.015..1102.953 rows=2528312 loops=1)
Planning time: 1.202 ms
Execution time: 41893.743 ms
