Nested Loop  (cost=0.43..83071.67 rows=246 width=0) (actual time=25.536..1285.895 rows=79 loops=1)
  ->  Seq Scan on movie_keyword mk  (cost=0.00..81003.12 rows=246 width=4) (actual time=25.465..1283.168 rows=79 loops=1)
        Filter: (keyword_id = 10009)
        Rows Removed by Filter: 4523851
  ->  Index Only Scan using title_pkey on title t  (cost=0.43..8.40 rows=1 width=4) (actual time=0.031..0.032 rows=1 loops=79)
        Index Cond: (id = mk.movie_id)
        Heap Fetches: 79
Planning time: 0.691 ms
Execution time: 1285.988 ms
