Hash Join  (cost=92811.40..196271.89 rows=507327 width=0) (actual time=3205.323..4007.414 rows=111807 loops=1)
  Hash Cond: (mk.movie_id = t.id)
  ->  Seq Scan on movie_keyword mk  (cost=0.00..81003.12 rows=1114423 width=4) (actual time=0.029..1447.470 rows=1120975 loops=1)
        Filter: (keyword_id < 1198)
        Rows Removed by Filter: 3402955
  ->  Hash  (cost=73925.90..73925.90 rows=1151080 width=4) (actual time=1817.974..1817.974 rows=1244530 loops=1)
        Buckets: 131072  Batches: 16  Memory Usage: 3777kB
        ->  Seq Scan on title t  (cost=0.00..73925.90 rows=1151080 width=4) (actual time=0.029..1408.212 rows=1244530 loops=1)
              Filter: ((production_year > 1983) AND (kind_id = 7))
              Rows Removed by Filter: 1283782
Planning time: 5.127 ms
Execution time: 4020.015 ms
