Hash Join  (cost=190230.21..343192.83 rows=2134602 width=0) (actual time=4339.832..10095.703 rows=9158540 loops=1)
  Hash Cond: (mk.movie_id = t.id)
  ->  Seq Scan on movie_keyword mk  (cost=0.00..81003.12 rows=3911060 width=4) (actual time=0.021..1811.460 rows=3910108 loops=1)
        Filter: (keyword_id > 463)
        Rows Removed by Filter: 613822
  ->  Hash  (cost=167588.78..167588.78 rows=1380035 width=8) (actual time=4338.708..4338.708 rows=1380035 loops=1)
        Buckets: 131072  Batches: 32  Memory Usage: 2726kB
        ->  Hash Join  (cost=102767.86..167588.78 rows=1380035 width=8) (actual time=2048.990..3947.673 rows=1380035 loops=1)
              Hash Cond: (mi_idx.movie_id = t.id)
              ->  Seq Scan on movie_info_idx mi_idx  (cost=0.00..21735.35 rows=1380035 width=4) (actual time=0.012..469.350 rows=1380035 loops=1)
              ->  Hash  (cost=61283.27..61283.27 rows=2528527 width=4) (actual time=2048.028..2048.028 rows=2528312 loops=1)
                    Buckets: 131072  Batches: 64  Memory Usage: 2415kB
                    ->  Seq Scan on title t  (cost=0.00..61283.27 rows=2528527 width=4) (actual time=0.028..1180.877 rows=2528312 loops=1)
Planning time: 1.119 ms
Execution time: 11109.839 ms
