Seq Scan on movie_companies mc  (cost=0.00..51404.11 rows=104 width=0) (actual time=1.570..789.263 rows=248 loops=1)
  Filter: (company_id = 81484)
  Rows Removed by Filter: 2608881
Planning time: 0.360 ms
Execution time: 789.403 ms
