Seq Scan on movie_companies mc  (cost=0.00..51404.11 rows=104 width=0) (actual time=163.423..807.473 rows=3 loops=1)
  Filter: (company_id = 117707)
  Rows Removed by Filter: 2609126
Planning time: 0.373 ms
Execution time: 807.549 ms
