Seq Scan on movie_keyword mk  (cost=0.00..81003.12 rows=3229395 width=0) (actual time=0.014..1487.295 rows=3217052 loops=1)
  Filter: (keyword_id < 13444)
  Rows Removed by Filter: 1306878
Planning time: 0.318 ms
Execution time: 1894.596 ms
