Hash Join  (cost=140881.64..250191.10 rows=419440 width=0) (actual time=3619.785..6613.608 rows=2499776 loops=1)
  Hash Cond: (mk.movie_id = t.id)
  ->  Seq Scan on movie_keyword mk  (cost=0.00..81003.12 rows=1896250 width=4) (actual time=0.029..1585.080 rows=1905334 loops=1)
        Filter: (keyword_id > 7088)
        Rows Removed by Filter: 2618596
  ->  Hash  (cost=131705.44..131705.44 rows=559296 width=8) (actual time=3618.185..3618.185 rows=681292 loops=1)
        Buckets: 131072 (originally 131072)  Batches: 16 (originally 8)  Memory Usage: 3073kB
        ->  Hash Join  (cost=84417.00..131705.44 rows=559296 width=8) (actual time=1828.979..3408.071 rows=681292 loops=1)
              Hash Cond: (mi_idx.movie_id = t.id)
              ->  Seq Scan on movie_info_idx mi_idx  (cost=0.00..21735.35 rows=1380035 width=4) (actual time=0.014..554.854 rows=1380035 loops=1)
              ->  Hash  (cost=67604.59..67604.59 rows=1024753 width=4) (actual time=1827.954..1827.954 rows=1021752 loops=1)
                    Buckets: 131072  Batches: 16  Memory Usage: 3274kB
                    ->  Seq Scan on title t  (cost=0.00..67604.59 rows=1024753 width=4) (actual time=0.035..1251.001 rows=1021752 loops=1)
                          Filter: (production_year < 2000)
                          Rows Removed by Filter: 1506560
Planning time: 7.291 ms
Execution time: 6868.374 ms
