Seq Scan on movie_keyword mk  (cost=0.00..81003.12 rows=246 width=0) (actual time=1.976..1207.824 rows=1018 loops=1)
  Filter: (keyword_id = 2399)
  Rows Removed by Filter: 4522912
Planning time: 0.381 ms
Execution time: 1208.277 ms
