Hash Join  (cost=102767.86..233194.70 rows=1643429 width=0) (actual time=1961.485..5148.297 rows=1650714 loops=1)
  Hash Cond: (mk.movie_id = t.id)
  ->  Seq Scan on movie_keyword mk  (cost=0.00..81003.12 rows=1643429 width=4) (actual time=0.023..1579.350 rows=1650714 loops=1)
        Filter: (keyword_id > 8882)
        Rows Removed by Filter: 2873216
  ->  Hash  (cost=61283.27..61283.27 rows=2528527 width=4) (actual time=1959.706..1959.706 rows=2528312 loops=1)
        Buckets: 131072  Batches: 64  Memory Usage: 2425kB
        ->  Seq Scan on title t  (cost=0.00..61283.27 rows=2528527 width=4) (actual time=0.021..1090.391 rows=2528312 loops=1)
Planning time: 0.741 ms
Execution time: 5328.275 ms
