Hash Join  (cost=216532.50..299625.71 rows=583469 width=0) (actual time=4291.428..7711.141 rows=3363832 loops=1)
  Hash Cond: (mc.movie_id = t.id)
  ->  Seq Scan on movie_companies mc  (cost=0.00..44881.29 rows=2609129 width=4) (actual time=0.011..937.797 rows=2609129 loops=1)
  ->  Hash  (cost=207255.45..207255.45 rows=565444 width=8) (actual time=4290.759..4290.759 rows=566520 loops=1)
        Buckets: 131072  Batches: 8  Memory Usage: 3827kB
        ->  Hash Join  (cost=102767.86..207255.45 rows=565444 width=8) (actual time=1864.950..4124.198 rows=566520 loops=1)
              Hash Cond: (mk.movie_id = t.id)
              ->  Seq Scan on movie_keyword mk  (cost=0.00..81003.12 rows=565444 width=4) (actual time=0.012..1366.198 rows=566520 loops=1)
                    Filter: (keyword_id < 400)
                    Rows Removed by Filter: 3957410
              ->  Hash  (cost=61283.27..61283.27 rows=2528527 width=4) (actual time=1864.039..1864.039 rows=2528312 loops=1)
                    Buckets: 131072  Batches: 64  Memory Usage: 2425kB
                    ->  Seq Scan on title t  (cost=0.00..61283.27 rows=2528527 width=4) (actual time=0.017..1014.736 rows=2528312 loops=1)
Planning time: 0.764 ms
Execution time: 8110.602 ms
