Hash Join  (cost=173066.04..559848.94 rows=370310 width=0) (actual time=3523.460..11343.399 rows=127099 loops=1)
  Hash Cond: (mi.movie_id = t.id)
  ->  Seq Scan on movie_info mi  (cost=0.00..309384.22 rows=14739122 width=4) (actual time=0.017..4610.753 rows=14835720 loops=1)
  ->  Hash  (cost=172271.96..172271.96 rows=63527 width=8) (actual time=3517.107..3517.107 rows=15582 loops=1)
        Buckets: 65536  Batches: 1  Memory Usage: 1121kB
        ->  Hash Join  (cost=74389.43..172271.96 rows=63527 width=8) (actual time=1240.773..3511.307 rows=15582 loops=1)
              Hash Cond: (mk.movie_id = t.id)
              ->  Seq Scan on movie_keyword mk  (cost=0.00..81003.12 rows=4331768 width=4) (actual time=0.022..1610.790 rows=4328540 loops=1)
                    Filter: (keyword_id < 69733)
                    Rows Removed by Filter: 195390
              ->  Hash  (cost=73925.90..73925.90 rows=37082 width=4) (actual time=1229.540..1229.540 rows=41935 loops=1)
                    Buckets: 65536  Batches: 1  Memory Usage: 1987kB
                    ->  Seq Scan on title t  (cost=0.00..73925.90 rows=37082 width=4) (actual time=0.018..1211.869 rows=41935 loops=1)
                          Filter: ((kind_id = 7) AND (production_year = 2002))
                          Rows Removed by Filter: 2486377
Planning time: 1.176 ms
Execution time: 11360.205 ms
