Seq Scan on movie_companies mc  (cost=0.00..57926.93 rows=51 width=0) (actual time=23.104..778.237 rows=52 loops=1)
  Filter: ((company_id = 24) AND (company_type_id = 1))
  Rows Removed by Filter: 2609077
Planning time: 0.399 ms
Execution time: 778.357 ms
