Hash Join  (cost=167741.34..194932.06 rows=28025 width=0) (actual time=2752.997..3599.996 rows=207713 loops=1)
  Hash Cond: (mi_idx.movie_id = t.id)
  ->  Seq Scan on movie_info_idx mi_idx  (cost=0.00..21735.35 rows=1380035 width=4) (actual time=0.008..338.223 rows=1380035 loops=1)
  ->  Hash  (cost=167099.51..167099.51 rows=51347 width=8) (actual time=2752.111..2752.111 rows=80047 loops=1)
        Buckets: 131072 (originally 65536)  Batches: 2 (originally 1)  Memory Usage: 3073kB
        ->  Hash Join  (cost=80135.37..167099.51 rows=51347 width=8) (actual time=1198.986..2721.058 rows=80047 loops=1)
              Hash Cond: (mk.movie_id = t.id)
              ->  Seq Scan on movie_keyword mk  (cost=0.00..81003.12 rows=343078 width=4) (actual time=0.022..1273.345 rows=359202 loops=1)
                    Filter: (keyword_id < 323)
                    Rows Removed by Filter: 4164728
              ->  Hash  (cost=73925.90..73925.90 rows=378437 width=4) (actual time=1197.217..1197.217 rows=282115 loops=1)
                    Buckets: 131072  Batches: 8  Memory Usage: 2273kB
                    ->  Seq Scan on title t  (cost=0.00..73925.90 rows=378437 width=4) (actual time=0.030..1103.103 rows=282115 loops=1)
                          Filter: ((kind_id < 2) AND (production_year > 1999))
                          Rows Removed by Filter: 2246197
Planning time: 1.308 ms
Execution time: 3623.029 ms
