Hash Join  (cost=124697.07..924003.30 rows=12721 width=0) (actual time=4103.469..13840.549 rows=17741 loops=1)
  Hash Cond: (ci.movie_id = t.id)
  ->  Seq Scan on cast_info ci  (cost=0.00..796071.18 rows=218892 width=4) (actual time=1618.558..11281.888 rows=65654 loops=1)
        Filter: ((person_id < 175380) AND (role_id = 10))
        Rows Removed by Filter: 36178690
  ->  Hash  (cost=122285.17..122285.17 rows=146952 width=8) (actual time=2484.019..2484.019 rows=255125 loops=1)
        Buckets: 131072 (originally 131072)  Batches: 4 (originally 2)  Memory Usage: 3517kB
        ->  Hash Join  (cost=87150.54..122285.17 rows=146952 width=8) (actual time=1517.095..2395.772 rows=255125 loops=1)
              Hash Cond: (mi_idx.movie_id = t.id)
              ->  Seq Scan on movie_info_idx mi_idx  (cost=0.00..25185.44 rows=460978 width=4) (actual time=0.032..451.762 rows=459925 loops=1)
                    Filter: (info_type_id = 99)
                    Rows Removed by Filter: 920110
              ->  Hash  (cost=73925.90..73925.90 rows=806051 width=4) (actual time=1516.282..1516.282 rows=719730 loops=1)
                    Buckets: 131072  Batches: 16  Memory Usage: 2606kB
                    ->  Seq Scan on title t  (cost=0.00..73925.90 rows=806051 width=4) (actual time=0.027..1305.144 rows=719730 loops=1)
                          Filter: ((kind_id < 7) AND (production_year > 1971))
                          Rows Removed by Filter: 1808582
Planning time: 1.206 ms
Execution time: 13842.976 ms
