Seq Scan on movie_keyword mk  (cost=0.00..81003.12 rows=246 width=0) (actual time=0.084..1315.917 rows=444 loops=1)
  Filter: (keyword_id = 2499)
  Rows Removed by Filter: 4523486
Planning time: 1.663 ms
Execution time: 1316.231 ms
