Seq Scan on cast_info ci  (cost=0.00..796071.18 rows=12573560 width=0) (actual time=0.015..16816.148 rows=12670688 loops=1)
  Filter: ((person_id < 3974824) AND (role_id < 2))
  Rows Removed by Filter: 23573656
Planning time: 0.347 ms
Execution time: 18357.322 ms
