Hash Join  (cost=121694.26..486809.00 rows=45881 width=0) (actual time=2181.426..9837.402 rows=194636 loops=1)
  Hash Cond: (mi.movie_id = t.id)
  ->  Seq Scan on movie_info mi  (cost=0.00..309384.22 rows=14739122 width=4) (actual time=0.022..4385.432 rows=14835720 loops=1)
  ->  Hash  (cost=121595.87..121595.87 rows=7871 width=8) (actual time=2179.868..2179.868 rows=7672 loops=1)
        Buckets: 8192  Batches: 1  Memory Usage: 364kB
        ->  Hash Join  (cost=68058.67..121595.87 rows=7871 width=8) (actual time=1090.319..2176.389 rows=7672 loops=1)
              Hash Cond: (mc.movie_id = t.id)
              ->  Seq Scan on movie_companies mc  (cost=0.00..51404.11 rows=547833 width=4) (actual time=0.014..938.745 rows=545762 loops=1)
                    Filter: (company_id < 545)
                    Rows Removed by Filter: 2063367
              ->  Hash  (cost=67604.59..67604.59 rows=36327 width=4) (actual time=1089.065..1089.065 rows=36509 loops=1)
                    Buckets: 65536  Batches: 1  Memory Usage: 1796kB
                    ->  Seq Scan on title t  (cost=0.00..67604.59 rows=36327 width=4) (actual time=0.036..1072.878 rows=36509 loops=1)
                          Filter: (production_year = 1996)
                          Rows Removed by Filter: 2491803
Planning time: 1.168 ms
Execution time: 9865.345 ms
