Seq Scan on title t  (cost=0.00..73925.90 rows=2905 width=0) (actual time=0.160..1047.120 rows=6198 loops=1)
  Filter: ((kind_id < 7) AND (production_year = 1976))
  Rows Removed by Filter: 2522114
Planning time: 0.373 ms
Execution time: 1048.661 ms
