Hash Join  (cost=103767.46..469662.84 rows=123944 width=0) (actual time=1871.161..8540.295 rows=100540 loops=1)
  Hash Cond: (mi.movie_id = t.id)
  ->  Seq Scan on movie_info mi  (cost=0.00..309384.22 rows=14739122 width=4) (actual time=0.013..3763.156 rows=14835720 loops=1)
  ->  Hash  (cost=103501.67..103501.67 rows=21263 width=8) (actual time=1869.327..1869.327 rows=12140 loops=1)
        Buckets: 32768  Batches: 1  Memory Usage: 731kB
        ->  Hash Join  (cost=74657.14..103501.67 rows=21263 width=8) (actual time=1346.596..1865.125 rows=12140 loops=1)
              Hash Cond: (mi_idx.movie_id = t.id)
              ->  Seq Scan on movie_info_idx mi_idx  (cost=0.00..25185.44 rows=919057 width=4) (actual time=0.021..481.086 rows=920110 loops=1)
                    Filter: (info_type_id > 99)
                    Rows Removed by Filter: 459925
              ->  Hash  (cost=73925.90..73925.90 rows=58499 width=4) (actual time=1150.101..1150.101 rows=62752 loops=1)
                    Buckets: 65536  Batches: 1  Memory Usage: 2719kB
                    ->  Seq Scan on title t  (cost=0.00..73925.90 rows=58499 width=4) (actual time=54.159..1121.832 rows=62752 loops=1)
                          Filter: ((kind_id = 7) AND (production_year = 2005))
                          Rows Removed by Filter: 2465560
Planning time: 1.186 ms
Execution time: 8553.992 ms
