Hash Join  (cost=78556.72..151023.38 rows=221765 width=0) (actual time=1355.485..3850.495 rows=572619 loops=1)
  Hash Cond: (mc.movie_id = t.id)
  ->  Seq Scan on movie_companies mc  (cost=0.00..57926.93 rows=840020 width=4) (actual time=0.015..1112.370 rows=1151300 loops=1)
        Filter: ((company_id < 21170) AND (company_type_id = 1))
        Rows Removed by Filter: 1457829
  ->  Hash  (cost=67604.59..67604.59 rows=667531 width=4) (actual time=1354.651..1354.651 rows=662825 loops=1)
        Buckets: 131072  Batches: 16  Memory Usage: 2476kB
        ->  Seq Scan on title t  (cost=0.00..67604.59 rows=667531 width=4) (actual time=0.019..1152.886 rows=662825 loops=1)
              Filter: (kind_id = 1)
              Rows Removed by Filter: 1865487
Planning time: 0.699 ms
Execution time: 3923.729 ms
