Hash Join  (cost=197656.15..1297653.23 rows=6443686 width=0) (actual time=4289.011..40809.703 rows=22204681 loops=1)
  Hash Cond: (ci.movie_id = t.id)
  ->  Seq Scan on cast_info ci  (cost=0.00..614943.12 rows=36225612 width=4) (actual time=0.013..13606.878 rows=36244344 loops=1)
  ->  Hash  (cost=190277.08..190277.08 rows=449766 width=8) (actual time=4288.110..4288.110 rows=585489 loops=1)
        Buckets: 131072  Batches: 8  Memory Usage: 3930kB
        ->  Hash Join  (cost=89762.59..190277.08 rows=449766 width=8) (actual time=1749.987..4115.835 rows=585489 loops=1)
              Hash Cond: (mk.movie_id = t.id)
              ->  Seq Scan on movie_keyword mk  (cost=0.00..81003.12 rows=842054 width=4) (actual time=0.031..1518.853 rows=841659 loops=1)
                    Filter: (keyword_id < 807)
                    Rows Removed by Filter: 3682271
              ->  Hash  (cost=67604.59..67604.59 rows=1350560 width=4) (actual time=1749.138..1749.138 rows=1348293 loops=1)
                    Buckets: 131072  Batches: 32  Memory Usage: 2513kB
                    ->  Seq Scan on title t  (cost=0.00..67604.59 rows=1350560 width=4) (actual time=0.015..1311.155 rows=1348293 loops=1)
                          Filter: (production_year < 2005)
                          Rows Removed by Filter: 1180019
Planning time: 1.109 ms
Execution time: 43391.255 ms
