Hash Join  (cost=157347.07..580536.75 rows=423699 width=0) (actual time=3274.089..11876.178 rows=359131 loops=1)
  Hash Cond: (mi.movie_id = t.id)
  ->  Seq Scan on movie_info mi  (cost=0.00..346232.03 rows=6231111 width=4) (actual time=0.018..6210.582 rows=6223494 loops=1)
        Filter: (info_type_id > 8)
        Rows Removed by Filter: 8612226
  ->  Hash  (cost=154525.91..154525.91 rows=171933 width=8) (actual time=3273.105..3273.105 rows=57255 loops=1)
        Buckets: 131072  Batches: 4  Memory Usage: 1593kB
        ->  Hash Join  (cost=80154.44..154525.91 rows=171933 width=8) (actual time=1827.756..3252.571 rows=57255 loops=1)
              Hash Cond: (mc.movie_id = t.id)
              ->  Seq Scan on movie_companies mc  (cost=0.00..57926.93 rows=1145120 width=4) (actual time=390.760..1291.672 rows=1067315 loops=1)
                    Filter: ((company_id > 140) AND (company_type_id = 1))
                    Rows Removed by Filter: 1541814
              ->  Hash  (cost=73925.90..73925.90 rows=379643 width=4) (actual time=1435.727..1435.727 rows=239219 loops=1)
                    Buckets: 131072  Batches: 8  Memory Usage: 2069kB
                    ->  Seq Scan on title t  (cost=0.00..73925.90 rows=379643 width=4) (actual time=0.028..1354.584 rows=239219 loops=1)
                          Filter: ((kind_id > 1) AND (production_year < 1980))
                          Rows Removed by Filter: 2289093
Planning time: 1.268 ms
Execution time: 11920.236 ms
