Hash Join  (cost=110337.92..481020.62 rows=108401 width=0) (actual time=2227.812..9225.939 rows=70655 loops=1)
  Hash Cond: (mi.movie_id = t.id)
  ->  Seq Scan on movie_info mi  (cost=0.00..346232.03 rows=6231111 width=4) (actual time=0.013..5999.257 rows=6223494 loops=1)
        Filter: (info_type_id > 8)
        Rows Removed by Filter: 8612226
  ->  Hash  (cost=109788.07..109788.07 rows=43988 width=8) (actual time=2013.267..2013.267 rows=18315 loops=1)
        Buckets: 65536  Batches: 1  Memory Usage: 1228kB
        ->  Hash Join  (cost=77854.63..109788.07 rows=43988 width=8) (actual time=1289.653..2006.125 rows=18315 loops=1)
              Hash Cond: (mi_idx.movie_id = t.id)
              ->  Seq Scan on movie_info_idx mi_idx  (cost=0.00..25185.44 rows=464566 width=4) (actual time=0.031..515.906 rows=459925 loops=1)
                    Filter: (info_type_id = 101)
                    Rows Removed by Filter: 920110
              ->  Hash  (cost=73925.90..73925.90 rows=239418 width=4) (actual time=1235.720..1235.720 rows=256906 loops=1)
                    Buckets: 131072  Batches: 4  Memory Usage: 3296kB
                    ->  Seq Scan on title t  (cost=0.00..73925.90 rows=239418 width=4) (actual time=104.984..1146.948 rows=256906 loops=1)
                          Filter: ((production_year > 2010) AND (kind_id = 7))
                          Rows Removed by Filter: 2271406
Planning time: 1.236 ms
Execution time: 9236.066 ms
