Hash Join  (cost=93721.77..214078.97 rows=1011945 width=0) (actual time=3042.810..4556.472 rows=262759 loops=1)
  Hash Cond: (mk.movie_id = t.id)
  ->  Seq Scan on movie_keyword mk  (cost=0.00..81003.12 rows=2120701 width=4) (actual time=0.021..1526.521 rows=2117351 loops=1)
        Filter: (keyword_id > 5614)
        Rows Removed by Filter: 2406579
  ->  Hash  (cost=73925.90..73925.90 rows=1206549 width=4) (actual time=1806.143..1806.143 rows=1293155 loops=1)
        Buckets: 131072  Batches: 16  Memory Usage: 3882kB
        ->  Seq Scan on title t  (cost=0.00..73925.90 rows=1206549 width=4) (actual time=82.659..1388.998 rows=1293155 loops=1)
              Filter: ((production_year > 1977) AND (kind_id = 7))
              Rows Removed by Filter: 1235157
Planning time: 0.812 ms
Execution time: 4588.235 ms
