Hash Join  (cost=69460.45..180537.68 rows=110370 width=0) (actual time=1061.113..3384.171 rows=97047 loops=1)
  Hash Cond: (mk.movie_id = t.id)
  ->  Seq Scan on movie_keyword mk  (cost=0.00..81003.12 rows=2467308 width=4) (actual time=0.013..1561.022 rows=2459956 loops=1)
        Filter: (keyword_id > 3662)
        Rows Removed by Filter: 2063974
  ->  Hash  (cost=67604.59..67604.59 rows=113109 width=4) (actual time=1060.303..1060.303 rows=119565 loops=1)
        Buckets: 131072  Batches: 2  Memory Usage: 3121kB
        ->  Seq Scan on title t  (cost=0.00..67604.59 rows=113109 width=4) (actual time=0.033..1011.105 rows=119565 loops=1)
              Filter: (production_year = 2007)
              Rows Removed by Filter: 2408747
Planning time: 0.693 ms
Execution time: 3396.023 ms
