Seq Scan on movie_companies mc  (cost=0.00..57926.93 rows=580466 width=0) (actual time=163.268..1030.845 rows=368527 loops=1)
  Filter: ((company_id < 8416) AND (company_type_id > 1))
  Rows Removed by Filter: 2240602
Planning time: 0.307 ms
Execution time: 1074.989 ms
