Hash Join  (cost=162697.39..549955.25 rows=417806 width=0) (actual time=3136.457..10741.731 rows=47290 loops=1)
  Hash Cond: (mi.movie_id = t.id)
  ->  Seq Scan on movie_info mi  (cost=0.00..309384.22 rows=14739122 width=4) (actual time=0.017..4360.357 rows=14835720 loops=1)
  ->  Hash  (cost=161801.46..161801.46 rows=71675 width=8) (actual time=3135.323..3135.323 rows=8804 loops=1)
        Buckets: 131072  Batches: 1  Memory Usage: 1368kB
        ->  Hash Join  (cost=74426.67..161801.46 rows=71675 width=8) (actual time=2000.158..3131.079 rows=8804 loops=1)
              Hash Cond: (mk.movie_id = t.id)
              ->  Seq Scan on movie_keyword mk  (cost=0.00..69693.30 rows=4523930 width=4) (actual time=0.029..1058.939 rows=4523930 loops=1)
              ->  Hash  (cost=73925.90..73925.90 rows=40061 width=4) (actual time=1217.971..1217.971 rows=40120 loops=1)
                    Buckets: 65536  Batches: 1  Memory Usage: 1923kB
                    ->  Seq Scan on title t  (cost=0.00..73925.90 rows=40061 width=4) (actual time=0.016..1201.447 rows=40120 loops=1)
                          Filter: ((kind_id = 7) AND (production_year = 2013))
                          Rows Removed by Filter: 2488192
Planning time: 1.563 ms
Execution time: 10748.169 ms
