Hash Join  (cost=74617.32..134636.13 rows=11530 width=0) (actual time=1313.369..2420.910 rows=10842 loops=1)
  Hash Cond: (mc.movie_id = t.id)
  ->  Seq Scan on movie_companies mc  (cost=0.00..57926.93 rows=527087 width=4) (actual time=0.028..972.005 rows=315644 loops=1)
        Filter: ((company_id < 5756) AND (company_type_id > 1))
        Rows Removed by Filter: 2293485
  ->  Hash  (cost=73925.90..73925.90 rows=55313 width=4) (actual time=1312.993..1312.993 rows=143299 loops=1)
        Buckets: 131072 (originally 65536)  Batches: 2 (originally 1)  Memory Usage: 3540kB
        ->  Seq Scan on title t  (cost=0.00..73925.90 rows=55313 width=4) (actual time=88.375..1247.387 rows=143299 loops=1)
              Filter: ((kind_id < 7) AND (production_year < 1941))
              Rows Removed by Filter: 2385013
Planning time: 0.724 ms
Execution time: 2422.700 ms
