Nested Loop  (cost=44377.22..142595.50 rows=3292 width=0) (actual time=871.362..2501.005 rows=18471 loops=1)
  ->  Hash Join  (cost=44376.79..132053.82 rows=17931 width=8) (actual time=871.287..2254.431 rows=18471 loops=1)
        Hash Cond: (mk.movie_id = mi_idx.movie_id)
        ->  Seq Scan on movie_keyword mk  (cost=0.00..81003.12 rows=6032 width=4) (actual time=0.026..1146.982 rows=6673 loops=1)
              Filter: (keyword_id = 2879)
              Rows Removed by Filter: 4517257
        ->  Hash  (cost=21735.35..21735.35 rows=1380035 width=4) (actual time=861.919..861.919 rows=1380035 loops=1)
              Buckets: 131072  Batches: 32  Memory Usage: 2556kB
              ->  Seq Scan on movie_info_idx mi_idx  (cost=0.00..21735.35 rows=1380035 width=4) (actual time=0.020..436.813 rows=1380035 loops=1)
  ->  Index Only Scan using title_pkey on title t  (cost=0.43..0.58 rows=1 width=4) (actual time=0.013..0.013 rows=1 loops=18471)
        Index Cond: (id = mi_idx.movie_id)
        Heap Fetches: 18471
Planning time: 1.271 ms
Execution time: 2504.719 ms
