Seq Scan on movie_keyword mk  (cost=0.00..81003.12 rows=246 width=0) (actual time=0.358..1338.609 rows=1144 loops=1)
  Filter: (keyword_id = 20325)
  Rows Removed by Filter: 4522786
Planning time: 0.323 ms
Execution time: 1339.026 ms
