Hash Join  (cost=186120.99..674076.78 rows=763786 width=0) (actual time=3594.358..15586.439 rows=76008 loops=1)
  Hash Cond: (mi.movie_id = t.id)
  ->  Seq Scan on movie_info mi  (cost=0.00..309384.22 rows=14739122 width=4) (actual time=0.023..5839.881 rows=14835720 loops=1)
  ->  Hash  (cost=183971.13..183971.13 rows=131029 width=8) (actual time=3438.402..3438.402 rows=6695 loops=1)
        Buckets: 131072  Batches: 2  Memory Usage: 1162kB
        ->  Hash Join  (cost=92883.59..183971.13 rows=131029 width=8) (actual time=2639.473..3434.908 rows=6695 loops=1)
              Hash Cond: (mk.movie_id = t.id)
              ->  Seq Scan on movie_keyword mk  (cost=0.00..81003.12 rows=215025 width=4) (actual time=0.034..1232.800 rows=216684 loops=1)
                    Filter: (keyword_id > 65362)
                    Rows Removed by Filter: 4307246
              ->  Hash  (cost=67604.59..67604.59 rows=1540800 width=4) (actual time=1872.136..1872.136 rows=1543264 loops=1)
                    Buckets: 131072  Batches: 32  Memory Usage: 2728kB
                    ->  Seq Scan on title t  (cost=0.00..67604.59 rows=1540800 width=4) (actual time=0.020..1365.642 rows=1543264 loops=1)
                          Filter: (kind_id = 7)
                          Rows Removed by Filter: 985048
Planning time: 1.240 ms
Execution time: 15595.035 ms
