Seq Scan on movie_keyword mk  (cost=0.00..81003.12 rows=246 width=0) (actual time=2.325..1292.658 rows=121 loops=1)
  Filter: (keyword_id = 19870)
  Rows Removed by Filter: 4523809
Planning time: 0.351 ms
Execution time: 1292.812 ms
