Hash Join  (cost=173813.41..718912.65 rows=6119230 width=0) (actual time=4060.370..23094.349 rows=18558564 loops=1)
  Hash Cond: (mi.movie_id = t.id)
  ->  Seq Scan on movie_info mi  (cost=0.00..309384.22 rows=14739122 width=4) (actual time=0.020..5971.129 rows=14835720 loops=1)
  ->  Hash  (cost=156590.32..156590.32 rows=1049767 width=8) (actual time=4059.227..4059.227 rows=1187646 loops=1)
        Buckets: 131072  Batches: 16  Memory Usage: 3947kB
        ->  Hash Join  (cost=99161.12..156590.32 rows=1049767 width=8) (actual time=1856.486..3696.372 rows=1187646 loops=1)
              Hash Cond: (mi_idx.movie_id = t.id)
              ->  Seq Scan on movie_info_idx mi_idx  (cost=0.00..21735.35 rows=1380035 width=4) (actual time=0.013..472.875 rows=1380035 loops=1)
              ->  Hash  (cost=67604.59..67604.59 rows=1923403 width=4) (actual time=1855.521..1855.521 rows=1922849 loops=1)
                    Buckets: 131072  Batches: 32  Memory Usage: 3132kB
                    ->  Seq Scan on title t  (cost=0.00..67604.59 rows=1923403 width=4) (actual time=0.021..1232.587 rows=1922849 loops=1)
                          Filter: (production_year < 2010)
                          Rows Removed by Filter: 605463
Planning time: 1.135 ms
Execution time: 25255.613 ms
