Seq Scan on movie_keyword mk  (cost=0.00..81003.12 rows=1048361 width=0) (actual time=0.377..1312.707 rows=1052856 loops=1)
  Filter: (keyword_id < 1048)
  Rows Removed by Filter: 3471074
Planning time: 0.344 ms
Execution time: 1440.816 ms
