Hash Join  (cost=217205.93..1055609.92 rows=4272739 width=0) (actual time=10352.813..23805.247 rows=3299692 loops=1)
  Hash Cond: (ci.movie_id = t.id)
  ->  Seq Scan on cast_info ci  (cost=0.00..705507.15 rows=7298253 width=4) (actual time=5563.850..13915.136 rows=7451973 loops=1)
        Filter: (role_id = 2)
        Rows Removed by Filter: 28792371
  ->  Hash  (cost=192918.96..192918.96 rows=1480318 width=8) (actual time=4786.957..4786.957 rows=704352 loops=1)
        Buckets: 131072  Batches: 32  Memory Usage: 1857kB
        ->  Hash Join  (cost=97462.26..192918.96 rows=1480318 width=8) (actual time=2003.045..4588.450 rows=704352 loops=1)
              Hash Cond: (mc.movie_id = t.id)
              ->  Seq Scan on movie_companies mc  (cost=0.00..44881.29 rows=2609129 width=4) (actual time=0.025..887.592 rows=2609129 loops=1)
              ->  Hash  (cost=73925.90..73925.90 rows=1434588 width=4) (actual time=2001.778..2001.778 rows=1478437 loops=1)
                    Buckets: 131072  Batches: 32  Memory Usage: 2651kB
                    ->  Seq Scan on title t  (cost=0.00..73925.90 rows=1434588 width=4) (actual time=0.026..1527.794 rows=1478437 loops=1)
                          Filter: ((production_year > 1926) AND (kind_id = 7))
                          Rows Removed by Filter: 1049875
Planning time: 0.953 ms
Execution time: 24188.975 ms
