Hash Join  (cost=67697.55..162943.91 rows=11084 width=0) (actual time=1010.317..3250.577 rows=16979 loops=1)
  Hash Cond: (mk.movie_id = t.id)
  ->  Seq Scan on movie_keyword mk  (cost=0.00..81003.12 rows=3768638 width=4) (actual time=0.018..1650.043 rows=3760696 loops=1)
        Filter: (keyword_id < 24562)
        Rows Removed by Filter: 763234
  ->  Hash  (cost=67604.59..67604.59 rows=7437 width=4) (actual time=1009.931..1009.931 rows=9491 loops=1)
        Buckets: 16384 (originally 8192)  Batches: 1 (originally 1)  Memory Usage: 462kB
        ->  Seq Scan on title t  (cost=0.00..67604.59 rows=7437 width=4) (actual time=0.026..1004.546 rows=9491 loops=1)
              Filter: (production_year = 1957)
              Rows Removed by Filter: 2518821
Planning time: 0.678 ms
Execution time: 3253.147 ms
