Nested Loop  (cost=0.43..709673.15 rows=342 width=0) (actual time=413.702..10141.770 rows=3 loops=1)
  ->  Seq Scan on cast_info ci  (cost=0.00..705507.15 rows=500 width=4) (actual time=413.614..10141.600 rows=3 loops=1)
        Filter: (person_id = 3940342)
        Rows Removed by Filter: 36244341
  ->  Index Scan using title_pkey on title t  (cost=0.43..8.32 rows=1 width=4) (actual time=0.048..0.049 rows=1 loops=3)
        Index Cond: (id = ci.movie_id)
        Filter: (production_year > 1991)
Planning time: 0.762 ms
Execution time: 10141.921 ms
