Seq Scan on cast_info ci  (cost=0.00..796071.18 rows=13574660 width=0) (actual time=1619.292..13667.006 rows=8130293 loops=1)
  Filter: ((person_id < 2095902) AND (role_id > 1))
  Rows Removed by Filter: 28114051
Planning time: 3.481 ms
Execution time: 14607.566 ms
