Hash Join  (cost=89678.24..171315.18 rows=493410 width=0) (actual time=1570.598..3795.354 rows=867540 loops=1)
  Hash Cond: (mc.movie_id = t.id)
  ->  Seq Scan on movie_companies mc  (cost=0.00..57926.93 rows=1299440 width=4) (actual time=112.983..1276.961 rows=1276675 loops=1)
        Filter: ((company_id < 185155) AND (company_type_id > 1))
        Rows Removed by Filter: 1332454
  ->  Hash  (cost=73925.90..73925.90 rows=960107 width=4) (actual time=1456.739..1456.739 rows=977778 loops=1)
        Buckets: 131072  Batches: 16  Memory Usage: 3172kB
        ->  Seq Scan on title t  (cost=0.00..73925.90 rows=960107 width=4) (actual time=0.032..1159.399 rows=977778 loops=1)
              Filter: ((kind_id < 7) AND (production_year > 0))
              Rows Removed by Filter: 1550534
Planning time: 0.827 ms
Execution time: 3895.309 ms
