Hash Join  (cost=174865.45..262715.32 rows=783568 width=0) (actual time=3861.395..7224.500 rows=2276664 loops=1)
  Hash Cond: (mc.movie_id = t.id)
  ->  Seq Scan on movie_companies mc  (cost=0.00..51404.11 rows=2165087 width=4) (actual time=0.024..1190.106 rows=2165144 loops=1)
        Filter: (company_id > 336)
        Rows Removed by Filter: 443985
  ->  Hash  (cost=159851.69..159851.69 rows=915101 width=8) (actual time=3860.400..3860.400 rows=919850 loops=1)
        Buckets: 131072  Batches: 16  Memory Usage: 3269kB
        ->  Hash Join  (cost=102767.86..159851.69 rows=915101 width=8) (actual time=1837.070..3579.691 rows=919850 loops=1)
              Hash Cond: (mi_idx.movie_id = t.id)
              ->  Seq Scan on movie_info_idx mi_idx  (cost=0.00..25185.44 rows=915101 width=4) (actual time=0.016..600.661 rows=919850 loops=1)
                    Filter: (info_type_id < 101)
                    Rows Removed by Filter: 460185
              ->  Hash  (cost=61283.27..61283.27 rows=2528527 width=4) (actual time=1836.009..1836.009 rows=2528312 loops=1)
                    Buckets: 131072  Batches: 64  Memory Usage: 2415kB
                    ->  Seq Scan on title t  (cost=0.00..61283.27 rows=2528527 width=4) (actual time=0.008..1000.239 rows=2528312 loops=1)
Planning time: 1.147 ms
Execution time: 7471.521 ms
