Seq Scan on movie_companies mc  (cost=0.00..51404.11 rows=1664148 width=0) (actual time=0.026..956.930 rows=1655558 loops=1)
  Filter: (company_id < 18424)
  Rows Removed by Filter: 953571
Planning time: 0.366 ms
Execution time: 1163.957 ms
