Hash Join  (cost=231929.92..781985.93 rows=6583806 width=0) (actual time=6066.814..53546.712 rows=152077162 loops=1)
  Hash Cond: (mi.movie_id = t.id)
  ->  Seq Scan on movie_info mi  (cost=0.00..309384.22 rows=14739122 width=4) (actual time=0.014..5939.000 rows=14835720 loops=1)
  ->  Hash  (cost=213399.60..213399.60 rows=1129466 width=8) (actual time=6065.667..6065.667 rows=2443022 loops=1)
        Buckets: 131072 (originally 131072)  Batches: 64 (originally 16)  Memory Usage: 4076kB
        ->  Hash Join  (cost=83810.17..213399.60 rows=1129466 width=8) (actual time=1630.542..5340.897 rows=2443022 loops=1)
              Hash Cond: (mk.movie_id = t.id)
              ->  Seq Scan on movie_keyword mk  (cost=0.00..81003.12 rows=2891370 width=4) (actual time=0.037..1622.189 rows=2883031 loops=1)
                    Filter: (keyword_id > 2488)
                    Rows Removed by Filter: 1640899
              ->  Hash  (cost=67604.59..67604.59 rows=987727 width=4) (actual time=1629.507..1629.507 rows=985048 loops=1)
                    Buckets: 131072  Batches: 16  Memory Usage: 3197kB
                    ->  Seq Scan on title t  (cost=0.00..67604.59 rows=987727 width=4) (actual time=0.019..1308.471 rows=985048 loops=1)
                          Filter: (kind_id < 7)
                          Rows Removed by Filter: 1543264
Planning time: 1.124 ms
Execution time: 70103.962 ms
