Hash Join  (cost=76503.02..1008345.95 rows=1150703 width=0) (actual time=3555.520..23981.767 rows=1190657 loops=1)
  Hash Cond: (ci.movie_id = t.id)
  ->  Seq Scan on cast_info ci  (cost=0.00..705507.15 rows=18526602 width=4) (actual time=2215.575..13800.346 rows=18695973 loops=1)
        Filter: (person_id > 1737040)
        Rows Removed by Filter: 17548371
  ->  Hash  (cost=73925.90..73925.90 rows=157049 width=4) (actual time=1338.886..1338.886 rows=258048 loops=1)
        Buckets: 131072  Batches: 4  Memory Usage: 3295kB
        ->  Seq Scan on title t  (cost=0.00..73925.90 rows=157049 width=4) (actual time=0.032..1253.368 rows=258048 loops=1)
              Filter: ((kind_id < 7) AND (production_year < 1972))
              Rows Removed by Filter: 2270264
Planning time: 0.636 ms
Execution time: 24144.563 ms
