Seq Scan on cast_info ci  (cost=0.00..705507.15 rows=500 width=0) (actual time=7452.088..9269.141 rows=68 loops=1)
  Filter: (person_id = 1054895)
  Rows Removed by Filter: 36244276
Planning time: 0.271 ms
Execution time: 9269.227 ms
