Nested Loop  (cost=0.43..58375.18 rows=53 width=0) (actual time=199.673..882.766 rows=474 loops=1)
  ->  Seq Scan on movie_companies mc  (cost=0.00..57926.93 rows=53 width=4) (actual time=199.582..872.709 rows=474 loops=1)
        Filter: ((company_id = 47390) AND (company_type_id = 2))
        Rows Removed by Filter: 2608655
  ->  Index Only Scan using title_pkey on title t  (cost=0.43..8.45 rows=1 width=4) (actual time=0.020..0.020 rows=1 loops=474)
        Index Cond: (id = mc.movie_id)
        Heap Fetches: 474
Planning time: 0.788 ms
Execution time: 882.966 ms
