Hash Join  (cost=263115.61..1534496.10 rows=23517790 width=0) (actual time=6107.100..49706.676 rows=50318262 loops=1)
  Hash Cond: (ci.movie_id = t.id)
  ->  Seq Scan on cast_info ci  (cost=0.00..705507.15 rows=22791271 width=4) (actual time=0.012..14880.493 rows=22846702 loops=1)
        Filter: (person_id > 1321209)
        Rows Removed by Filter: 13397642
  ->  Hash  (cost=220309.49..220309.49 rows=2609129 width=8) (actual time=6106.151..6106.151 rows=2609129 loops=1)
        Buckets: 131072  Batches: 64  Memory Usage: 2610kB
        ->  Hash Join  (cost=102767.86..220309.49 rows=2609129 width=8) (actual time=1906.611..5394.152 rows=2609129 loops=1)
              Hash Cond: (mc.movie_id = t.id)
              ->  Seq Scan on movie_companies mc  (cost=0.00..44881.29 rows=2609129 width=4) (actual time=0.023..925.234 rows=2609129 loops=1)
              ->  Hash  (cost=61283.27..61283.27 rows=2528527 width=4) (actual time=1904.869..1904.869 rows=2528312 loops=1)
                    Buckets: 131072  Batches: 64  Memory Usage: 2415kB
                    ->  Seq Scan on title t  (cost=0.00..61283.27 rows=2528527 width=4) (actual time=0.030..1062.470 rows=2528312 loops=1)
Planning time: 0.961 ms
Execution time: 54988.050 ms
