Hash Join  (cost=457324.43..586072.57 rows=553710 width=0) (actual time=8265.707..11149.638 rows=174285 loops=1)
  Hash Cond: (mk.movie_id = t.id)
  ->  Seq Scan on movie_keyword mk  (cost=0.00..69693.30 rows=4523930 width=4) (actual time=0.020..1453.886 rows=4523930 loops=1)
  ->  Hash  (cost=452246.92..452246.92 rows=309481 width=8) (actual time=7919.355..7919.355 rows=76742 loops=1)
        Buckets: 131072  Batches: 8  Memory Usage: 1401kB
        ->  Hash Join  (cost=89780.46..452246.92 rows=309481 width=8) (actual time=5042.081..7894.716 rows=76742 loops=1)
              Hash Cond: (mi.movie_id = t.id)
              ->  Seq Scan on movie_info mi  (cost=0.00..346232.03 rows=809768 width=4) (actual time=3190.473..5489.505 rows=802140 loops=1)
                    Filter: (info_type_id < 2)
                    Rows Removed by Filter: 14033580
              ->  Hash  (cost=73925.90..73925.90 rows=966364 width=4) (actual time=1850.439..1850.439 rows=1056944 loops=1)
                    Buckets: 131072  Batches: 16  Memory Usage: 3362kB
                    ->  Seq Scan on title t  (cost=0.00..73925.90 rows=966364 width=4) (actual time=0.026..1512.458 rows=1056944 loops=1)
                          Filter: ((kind_id > 4) AND (production_year > 1996))
                          Rows Removed by Filter: 1471368
Planning time: 4.380 ms
Execution time: 11170.361 ms
