Seq Scan on movie_keyword mk  (cost=0.00..81003.12 rows=1936883 width=0) (actual time=0.027..1183.742 rows=1945588 loops=1)
  Filter: (keyword_id > 6688)
  Rows Removed by Filter: 2578342
Planning time: 0.308 ms
Execution time: 1402.781 ms
