Hash Join  (cost=87977.22..133689.95 rows=467425 width=0) (actual time=1472.479..3424.213 rows=819918 loops=1)
  Hash Cond: (mi_idx.movie_id = t.id)
  ->  Seq Scan on movie_info_idx mi_idx  (cost=0.00..21735.35 rows=1380035 width=4) (actual time=0.035..492.599 rows=1380035 loops=1)
  ->  Hash  (cost=73925.90..73925.90 rows=856425 width=4) (actual time=1468.900..1468.900 rows=769954 loops=1)
        Buckets: 131072  Batches: 16  Memory Usage: 2718kB
        ->  Seq Scan on title t  (cost=0.00..73925.90 rows=856425 width=4) (actual time=0.025..1234.604 rows=769954 loops=1)
              Filter: ((kind_id < 7) AND (production_year > 1962))
              Rows Removed by Filter: 1758358
Planning time: 0.730 ms
Execution time: 3519.042 ms
