Hash Join  (cost=365418.15..1348983.14 rows=8818587 width=0) (actual time=9829.994..43255.351 rows=62937710 loops=1)
  Hash Cond: (ci.movie_id = t.id)
  ->  Seq Scan on cast_info ci  (cost=0.00..796071.18 rows=4928908 width=4) (actual time=1182.120..14813.154 rows=10120691 loops=1)
        Filter: ((person_id < 1379728) AND (role_id < 2))
        Rows Removed by Filter: 26123653
  ->  Hash  (cost=291197.02..291197.02 rows=4523930 width=8) (actual time=8645.741..8645.741 rows=4523930 loops=1)
        Buckets: 131072  Batches: 64  Memory Usage: 3816kB
        ->  Hash Join  (cost=102767.86..291197.02 rows=4523930 width=8) (actual time=2491.502..7453.486 rows=4523930 loops=1)
              Hash Cond: (mk.movie_id = t.id)
              ->  Seq Scan on movie_keyword mk  (cost=0.00..69693.30 rows=4523930 width=4) (actual time=0.031..1436.319 rows=4523930 loops=1)
              ->  Hash  (cost=61283.27..61283.27 rows=2528527 width=4) (actual time=2489.912..2489.912 rows=2528312 loops=1)
                    Buckets: 131072  Batches: 64  Memory Usage: 2425kB
                    ->  Seq Scan on title t  (cost=0.00..61283.27 rows=2528527 width=4) (actual time=0.020..1082.437 rows=2528312 loops=1)
Planning time: 1.203 ms
Execution time: 49857.864 ms
