Seq Scan on movie_keyword mk  (cost=0.00..81003.12 rows=1172854 width=0) (actual time=0.023..1388.034 rows=1174384 loops=1)
  Filter: (keyword_id < 1384)
  Rows Removed by Filter: 3349546
Planning time: 0.322 ms
Execution time: 1526.957 ms
