Hash Join  (cost=76405.93..115514.21 rows=82480 width=0) (actual time=1341.278..2492.320 rows=181824 loops=1)
  Hash Cond: (mi_idx.movie_id = t.id)
  ->  Seq Scan on movie_info_idx mi_idx  (cost=0.00..21735.35 rows=1380035 width=4) (actual time=0.018..500.845 rows=1380035 loops=1)
  ->  Hash  (cost=73925.90..73925.90 rows=151122 width=4) (actual time=1340.347..1340.347 rows=251875 loops=1)
        Buckets: 131072 (originally 131072)  Batches: 4 (originally 2)  Memory Usage: 3239kB
        ->  Seq Scan on title t  (cost=0.00..73925.90 rows=151122 width=4) (actual time=0.038..1250.257 rows=251875 loops=1)
              Filter: ((kind_id < 7) AND (production_year < 1971))
              Rows Removed by Filter: 2276437
Planning time: 0.796 ms
Execution time: 2515.802 ms
