Hash Join  (cost=474357.47..556462.42 rows=511743 width=0) (actual time=8280.527..11189.188 rows=2625606 loops=1)
  Hash Cond: (mc.movie_id = t.id)
  ->  Seq Scan on movie_companies mc  (cost=0.00..44881.29 rows=2609129 width=4) (actual time=0.022..968.931 rows=2609129 loops=1)
  ->  Hash  (cost=466220.29..466220.29 rows=495934 width=8) (actual time=8279.731..8279.731 rows=541058 loops=1)
        Buckets: 131072  Batches: 8  Memory Usage: 3663kB
        ->  Hash Join  (cost=99161.12..466220.29 rows=495934 width=8) (actual time=4985.407..8116.256 rows=541058 loops=1)
              Hash Cond: (mi.movie_id = t.id)
              ->  Seq Scan on movie_info mi  (cost=0.00..346232.03 rows=651960 width=4) (actual time=2953.290..5245.951 rows=660923 loops=1)
                    Filter: (info_type_id = 18)
                    Rows Removed by Filter: 14174797
              ->  Hash  (cost=67604.59..67604.59 rows=1923403 width=4) (actual time=2031.241..2031.241 rows=1922849 loops=1)
                    Buckets: 131072  Batches: 32  Memory Usage: 3141kB
                    ->  Seq Scan on title t  (cost=0.00..67604.59 rows=1923403 width=4) (actual time=0.025..1375.843 rows=1922849 loops=1)
                          Filter: (production_year < 2010)
                          Rows Removed by Filter: 605463
Planning time: 1.169 ms
Execution time: 11479.162 ms
