Hash Join  (cost=131674.15..885520.36 rows=305705 width=0) (actual time=2447.278..21516.696 rows=1401330 loops=1)
  Hash Cond: (ci.movie_id = t.id)
  ->  Seq Scan on cast_info ci  (cost=0.00..614943.12 rows=36225612 width=4) (actual time=0.011..8989.996 rows=36244344 loops=1)
  ->  Hash  (cost=131407.42..131407.42 rows=21338 width=8) (actual time=2445.981..2445.981 rows=31422 loops=1)
        Buckets: 32768  Batches: 1  Memory Usage: 1484kB
        ->  Hash Join  (cost=74394.67..131407.42 rows=21338 width=8) (actual time=1122.346..2432.313 rows=31422 loops=1)
              Hash Cond: (mc.movie_id = t.id)
              ->  Seq Scan on movie_companies mc  (cost=0.00..51404.11 rows=1438737 width=4) (actual time=0.036..965.599 rows=1430279 loops=1)
                    Filter: (company_id < 12651)
                    Rows Removed by Filter: 1178850
              ->  Hash  (cost=73925.90..73925.90 rows=37501 width=4) (actual time=1121.959..1121.959 rows=32253 loops=1)
                    Buckets: 65536  Batches: 1  Memory Usage: 1646kB
                    ->  Seq Scan on title t  (cost=0.00..73925.90 rows=37501 width=4) (actual time=0.025..1108.280 rows=32253 loops=1)
                          Filter: ((kind_id < 7) AND (production_year = 2005))
                          Rows Removed by Filter: 2496059
Planning time: 1.120 ms
Execution time: 21707.705 ms
