Hash Join  (cost=219065.23..1055894.76 rows=1125014 width=0) (actual time=9331.862..20731.787 rows=2272974 loops=1)
  Hash Cond: (ci.movie_id = t.id)
  ->  Seq Scan on cast_info ci  (cost=0.00..796071.18 rows=2092588 width=4) (actual time=4261.635..13371.177 rows=2685690 loops=1)
        Filter: ((person_id > 1693802) AND (role_id = 3))
        Rows Removed by Filter: 33558654
  ->  Hash  (cost=196761.94..196761.94 rows=1359383 width=8) (actual time=5069.284..5069.284 rows=1368208 loops=1)
        Buckets: 131072  Batches: 32  Memory Usage: 2687kB
        ->  Hash Join  (cost=102767.86..196761.94 rows=1359383 width=8) (actual time=2048.855..4655.352 rows=1368208 loops=1)
              Hash Cond: (mc.movie_id = t.id)
              ->  Seq Scan on movie_companies mc  (cost=0.00..51404.11 rows=1359383 width=4) (actual time=0.023..1047.102 rows=1368208 loops=1)
                    Filter: (company_id > 11146)
                    Rows Removed by Filter: 1240921
              ->  Hash  (cost=61283.27..61283.27 rows=2528527 width=4) (actual time=2047.529..2047.529 rows=2528312 loops=1)
                    Buckets: 131072  Batches: 64  Memory Usage: 2415kB
                    ->  Seq Scan on title t  (cost=0.00..61283.27 rows=2528527 width=4) (actual time=0.016..1179.169 rows=2528312 loops=1)
Planning time: 1.151 ms
Execution time: 21035.077 ms
