Nested Loop  (cost=0.43..83072.29 rows=181 width=0) (actual time=13.670..1359.680 rows=1696 loops=1)
  ->  Seq Scan on movie_keyword mk  (cost=0.00..81003.12 rows=246 width=4) (actual time=0.178..1253.263 rows=4059 loops=1)
        Filter: (keyword_id = 648)
        Rows Removed by Filter: 4519871
  ->  Index Scan using title_pkey on title t  (cost=0.43..8.40 rows=1 width=4) (actual time=0.025..0.025 rows=0 loops=4059)
        Index Cond: (id = mk.movie_id)
        Filter: (kind_id > 1)
        Rows Removed by Filter: 1
Planning time: 1.938 ms
Execution time: 1360.342 ms
