Seq Scan on movie_companies mc  (cost=0.00..57926.93 rows=1189084 width=0) (actual time=0.030..1215.595 rows=1274246 loops=1)
  Filter: ((company_id < 118398) AND (company_type_id = 1))
  Rows Removed by Filter: 1334883
Planning time: 0.373 ms
Execution time: 1373.917 ms
