Seq Scan on movie_companies mc  (cost=0.00..57926.93 rows=1226681 width=0) (actual time=0.021..1130.930 rows=1131330 loops=1)
  Filter: ((company_id < 112396) AND (company_type_id = 2))
  Rows Removed by Filter: 1477799
Planning time: 0.363 ms
Execution time: 1272.746 ms
