Hash Join  (cost=137719.72..222247.11 rows=10300 width=0) (actual time=2728.419..4375.350 rows=227483 loops=1)
  Hash Cond: (mk.movie_id = t.id)
  ->  Seq Scan on movie_keyword mk  (cost=0.00..81003.12 rows=912338 width=4) (actual time=0.024..1393.446 rows=920332 loops=1)
        Filter: (keyword_id < 870)
        Rows Removed by Filter: 3603598
  ->  Hash  (cost=137362.89..137362.89 rows=28546 width=8) (actual time=2728.163..2728.163 rows=58627 loops=1)
        Buckets: 65536 (originally 32768)  Batches: 1 (originally 1)  Memory Usage: 2803kB
        ->  Hash Join  (cost=75288.02..137362.89 rows=28546 width=8) (actual time=1308.318..2705.397 rows=58627 loops=1)
              Hash Cond: (mc.movie_id = t.id)
              ->  Seq Scan on movie_companies mc  (cost=0.00..51404.11 rows=869947 width=4) (actual time=0.023..971.349 rows=864467 loops=1)
                    Filter: (company_id < 2561)
                    Rows Removed by Filter: 1744662
              ->  Hash  (cost=73925.90..73925.90 rows=82969 width=4) (actual time=1307.448..1307.448 rows=183816 loops=1)
                    Buckets: 131072 (originally 131072)  Batches: 4 (originally 2)  Memory Usage: 3073kB
                    ->  Seq Scan on title t  (cost=0.00..73925.90 rows=82969 width=4) (actual time=0.024..1080.218 rows=183816 loops=1)
                          Filter: ((kind_id < 7) AND (production_year < 1957))
                          Rows Removed by Filter: 2344496
Planning time: 1.164 ms
Execution time: 4405.350 ms
