Hash Join  (cost=566195.59..1918890.50 rows=9002660 width=0) (actual time=12522.899..48298.534 rows=21293568 loops=1)
  Hash Cond: (ci.movie_id = t.id)
  ->  Seq Scan on cast_info ci  (cost=0.00..614943.12 rows=36225612 width=4) (actual time=0.011..13594.607 rows=36244344 loops=1)
  ->  Hash  (cost=555885.82..555885.82 rows=628381 width=8) (actual time=12521.532..12521.532 rows=570543 loops=1)
        Buckets: 131072  Batches: 16  Memory Usage: 2435kB
        ->  Hash Join  (cost=69374.09..555885.82 rows=628381 width=8) (actual time=1039.485..12317.294 rows=570543 loops=1)
              Hash Cond: (mi.movie_id = t.id)
              ->  Seq Scan on movie_info mi  (cost=0.00..309384.22 rows=14739122 width=4) (actual time=0.012..5852.608 rows=14835720 loops=1)
              ->  Hash  (cost=67604.59..67604.59 rows=107800 width=4) (actual time=1038.674..1038.674 rows=108429 loops=1)
                    Buckets: 131072  Batches: 2  Memory Usage: 2938kB
                    ->  Seq Scan on title t  (cost=0.00..67604.59 rows=107800 width=4) (actual time=0.020..998.598 rows=108429 loops=1)
                          Filter: (production_year = 2006)
                          Rows Removed by Filter: 2419883
Planning time: 1.115 ms
Execution time: 50706.641 ms
