Hash Join  (cost=128708.54..522775.09 rows=33991 width=0) (actual time=1566.633..10016.427 rows=327364 loops=1)
  Hash Cond: (mi.movie_id = t.id)
  ->  Seq Scan on movie_info mi  (cost=0.00..346232.03 rows=12665229 width=4) (actual time=0.022..6228.519 rows=12744652 loops=1)
        Filter: (info_type_id > 2)
        Rows Removed by Filter: 2091068
  ->  Hash  (cost=128623.72..128623.72 rows=6786 width=8) (actual time=1565.752..1565.752 rows=5733 loops=1)
        Buckets: 8192  Batches: 1  Memory Usage: 288kB
        ->  Nested Loop  (cost=0.43..128623.72 rows=6786 width=8) (actual time=0.088..1562.286 rows=5733 loops=1)
              ->  Seq Scan on movie_keyword mk  (cost=0.00..81003.12 rows=6786 width=4) (actual time=0.028..1330.562 rows=5733 loops=1)
                    Filter: (keyword_id = 249)
                    Rows Removed by Filter: 4518197
              ->  Index Only Scan using title_pkey on title t  (cost=0.43..7.01 rows=1 width=4) (actual time=0.039..0.039 rows=1 loops=5733)
                    Index Cond: (id = mk.movie_id)
                    Heap Fetches: 5733
Planning time: 1.185 ms
Execution time: 10059.069 ms
