Hash Join  (cost=156008.54..520786.59 rows=12212 width=0) (actual time=2456.937..10451.045 rows=525534 loops=1)
  Hash Cond: (mi.movie_id = t.id)
  ->  Seq Scan on movie_info mi  (cost=0.00..309384.22 rows=14739122 width=4) (actual time=0.020..4447.354 rows=14835720 loops=1)
  ->  Hash  (cost=155982.35..155982.35 rows=2095 width=8) (actual time=2456.724..2456.724 rows=17197 loops=1)
        Buckets: 32768 (originally 4096)  Batches: 1 (originally 1)  Memory Usage: 928kB
        ->  Hash Join  (cost=74576.74..155982.35 rows=2095 width=8) (actual time=1116.788..2450.770 rows=17197 loops=1)
              Hash Cond: (mk.movie_id = t.id)
              ->  Seq Scan on movie_keyword mk  (cost=0.00..81003.12 rows=101743 width=4) (actual time=0.026..1255.302 rows=111546 loops=1)
                    Filter: (keyword_id < 110)
                    Rows Removed by Filter: 4412384
              ->  Hash  (cost=73925.90..73925.90 rows=52067 width=4) (actual time=1116.179..1116.179 rows=174398 loops=1)
                    Buckets: 131072 (originally 65536)  Batches: 2 (originally 1)  Memory Usage: 4093kB
                    ->  Seq Scan on title t  (cost=0.00..73925.90 rows=52067 width=4) (actual time=0.021..1053.577 rows=174398 loops=1)
                          Filter: ((production_year < 1955) AND (kind_id = 1))
                          Rows Removed by Filter: 2353914
Planning time: 1.163 ms
Execution time: 10522.749 ms
