Nested Loop  (cost=0.43..83072.29 rows=217 width=0) (actual time=0.446..1373.738 rows=782 loops=1)
  ->  Seq Scan on movie_keyword mk  (cost=0.00..81003.12 rows=246 width=4) (actual time=0.387..1322.614 rows=801 loops=1)
        Filter: (keyword_id = 339)
        Rows Removed by Filter: 4523129
  ->  Index Scan using title_pkey on title t  (cost=0.43..8.40 rows=1 width=4) (actual time=0.062..0.062 rows=1 loops=801)
        Index Cond: (id = mk.movie_id)
        Filter: (production_year < 2012)
        Rows Removed by Filter: 0
Planning time: 1.833 ms
Execution time: 1374.549 ms
