Seq Scan on movie_keyword mk  (cost=0.00..81003.12 rows=1232955 width=0) (actual time=0.013..1414.004 rows=1245290 loops=1)
  Filter: (keyword_id > 14516)
  Rows Removed by Filter: 3278640
Planning time: 0.310 ms
Execution time: 1579.913 ms
