Nested Loop  (cost=0.43..83072.29 rows=96 width=0) (actual time=277.177..1173.480 rows=8 loops=1)
  ->  Seq Scan on movie_keyword mk  (cost=0.00..81003.12 rows=246 width=4) (actual time=24.075..1172.985 rows=9 loops=1)
        Filter: (keyword_id = 7117)
        Rows Removed by Filter: 4523921
  ->  Index Scan using title_pkey on title t  (cost=0.43..8.40 rows=1 width=4) (actual time=0.047..0.048 rows=1 loops=9)
        Index Cond: (id = mk.movie_id)
        Filter: (kind_id < 7)
        Rows Removed by Filter: 0
Planning time: 0.702 ms
Execution time: 1173.636 ms
