Hash Join  (cost=71961.27..163969.54 rows=82975 width=0) (actual time=1255.559..3050.378 rows=144831 loops=1)
  Hash Cond: (mk.movie_id = t.id)
  ->  Seq Scan on movie_keyword mk  (cost=0.00..81003.12 rows=790238 width=4) (actual time=0.026..1407.544 rows=794642 loops=1)
        Filter: (keyword_id > 23419)
        Rows Removed by Filter: 3729288
  ->  Hash  (cost=67604.59..67604.59 rows=265495 width=4) (actual time=1252.661..1252.661 rows=263594 loops=1)
        Buckets: 131072  Batches: 4  Memory Usage: 3346kB
        ->  Seq Scan on title t  (cost=0.00..67604.59 rows=265495 width=4) (actual time=0.025..1162.254 rows=263594 loops=1)
              Filter: (production_year < 1962)
              Rows Removed by Filter: 2264718
Planning time: 0.737 ms
Execution time: 3067.013 ms
