Hash Join  (cost=137809.60..271864.33 rows=149870 width=156) (actual time=2677.840..6626.314 rows=398339 loops=1)
  Hash Cond: (mk.movie_id = t.id)
  ->  Seq Scan on movie_keyword mk  (cost=0.00..69693.30 rows=4523930 width=12) (actual time=0.018..1310.194 rows=4523930 loops=1)
  ->  Hash  (cost=135044.52..135044.52 rows=83766 width=144) (actual time=2676.759..2676.759 rows=76581 loops=1)
        Buckets: 32768  Batches: 4  Memory Usage: 2706kB
        ->  Hash Join  (cost=78093.38..135044.52 rows=83766 width=144) (actual time=1514.453..2617.457 rows=76581 loops=1)
              Hash Cond: (mi_idx.movie_id = t.id)
              ->  Seq Scan on movie_info_idx mi_idx  (cost=0.00..21735.35 rows=1380035 width=50) (actual time=0.022..387.454 rows=1380035 loops=1)
              ->  Hash  (cost=73925.90..73925.90 rows=153478 width=94) (actual time=1514.121..1514.121 rows=134760 loops=1)
                    Buckets: 32768  Batches: 8  Memory Usage: 2088kB
                    ->  Seq Scan on title t  (cost=0.00..73925.90 rows=153478 width=94) (actual time=0.020..1459.437 rows=134760 loops=1)
                          Filter: ((kind_id < 7) AND (production_year > 2010))
                          Rows Removed by Filter: 2393552
Planning time: 1.353 ms
Execution time: 6652.508 ms
