Hash Join  (cost=80874.21..167907.64 rows=62157 width=0) (actual time=1416.146..2977.453 rows=94070 loops=1)
  Hash Cond: (mk.movie_id = t.id)
  ->  Seq Scan on movie_keyword mk  (cost=0.00..81003.12 rows=194328 width=4) (actual time=0.021..1312.407 rows=197217 loops=1)
        Filter: (keyword_id > 69319)
        Rows Removed by Filter: 4326713
  ->  Hash  (cost=67604.59..67604.59 rows=808770 width=4) (actual time=1415.577..1415.577 rows=812704 loops=1)
        Buckets: 131072  Batches: 16  Memory Usage: 2819kB
        ->  Seq Scan on title t  (cost=0.00..67604.59 rows=808770 width=4) (actual time=0.008..1146.912 rows=812704 loops=1)
              Filter: (production_year < 1995)
              Rows Removed by Filter: 1715608
Planning time: 0.489 ms
Execution time: 2988.385 ms
