Hash Join  (cost=441350.50..566252.14 rows=237960 width=0) (actual time=7763.116..11449.492 rows=3568502 loops=1)
  Hash Cond: (mk.movie_id = t.id)
  ->  Seq Scan on movie_keyword mk  (cost=0.00..69693.30 rows=4523930 width=4) (actual time=0.023..1346.731 rows=4523930 loops=1)
  ->  Hash  (cost=439167.99..439167.99 rows=133001 width=8) (actual time=7762.314..7762.314 rows=214650 loops=1)
        Buckets: 131072 (originally 131072)  Batches: 4 (originally 2)  Memory Usage: 3135kB
        ->  Hash Join  (cost=83810.17..439167.99 rows=133001 width=8) (actual time=5244.120..7695.140 rows=214650 loops=1)
              Hash Cond: (mi.movie_id = t.id)
              ->  Seq Scan on movie_info mi  (cost=0.00..346232.03 rows=340474 width=4) (actual time=3528.282..5602.448 rows=328857 loops=1)
                    Filter: (info_type_id = 98)
                    Rows Removed by Filter: 14506863
              ->  Hash  (cost=67604.59..67604.59 rows=987727 width=4) (actual time=1714.963..1714.963 rows=985048 loops=1)
                    Buckets: 131072  Batches: 16  Memory Usage: 3197kB
                    ->  Seq Scan on title t  (cost=0.00..67604.59 rows=987727 width=4) (actual time=0.016..1124.828 rows=985048 loops=1)
                          Filter: (kind_id < 7)
                          Rows Removed by Filter: 1543264
Planning time: 1.974 ms
Execution time: 11834.244 ms
