Hash Join  (cost=52284.99..779620.46 rows=239 width=0) (actual time=10871.807..14789.648 rows=3361 loops=1)
  Hash Cond: (ci.movie_id = t.id)
  ->  Seq Scan on cast_info ci  (cost=0.00..705507.15 rows=5820248 width=4) (actual time=10048.502..13095.701 rows=5732694 loops=1)
        Filter: (role_id > 8)
        Rows Removed by Filter: 30511650
  ->  Hash  (cost=52283.69..52283.69 rows=104 width=8) (actual time=815.086..815.086 rows=643 loops=1)
        Buckets: 1024  Batches: 1  Memory Usage: 34kB
        ->  Nested Loop  (cost=0.43..52283.69 rows=104 width=8) (actual time=63.870..814.713 rows=643 loops=1)
              ->  Seq Scan on movie_companies mc  (cost=0.00..51404.11 rows=104 width=4) (actual time=63.779..803.869 rows=643 loops=1)
                    Filter: (company_id = 4568)
                    Rows Removed by Filter: 2608486
              ->  Index Only Scan using title_pkey on title t  (cost=0.43..8.45 rows=1 width=4) (actual time=0.016..0.016 rows=1 loops=643)
                    Index Cond: (id = mc.movie_id)
                    Heap Fetches: 643
Planning time: 2.032 ms
Execution time: 14790.352 ms
