Hash Join  (cost=263115.61..1674499.98 rows=29443077 width=0) (actual time=6535.660..53933.165 rows=60277021 loops=1)
  Hash Cond: (ci.movie_id = t.id)
  ->  Seq Scan on cast_info ci  (cost=0.00..705507.15 rows=28533513 width=4) (actual time=0.019..15741.849 rows=28527558 loops=1)
        Filter: (person_id < 2905189)
        Rows Removed by Filter: 7716786
  ->  Hash  (cost=220309.49..220309.49 rows=2609129 width=8) (actual time=6533.499..6533.499 rows=2609129 loops=1)
        Buckets: 131072  Batches: 64  Memory Usage: 2610kB
        ->  Hash Join  (cost=102767.86..220309.49 rows=2609129 width=8) (actual time=2017.624..5773.552 rows=2609129 loops=1)
              Hash Cond: (mc.movie_id = t.id)
              ->  Seq Scan on movie_companies mc  (cost=0.00..44881.29 rows=2609129 width=4) (actual time=0.015..985.781 rows=2609129 loops=1)
              ->  Hash  (cost=61283.27..61283.27 rows=2528527 width=4) (actual time=2016.588..2016.588 rows=2528312 loops=1)
                    Buckets: 131072  Batches: 64  Memory Usage: 2415kB
                    ->  Seq Scan on title t  (cost=0.00..61283.27 rows=2528527 width=4) (actual time=0.021..1197.864 rows=2528312 loops=1)
Planning time: 1.118 ms
Execution time: 60507.952 ms
