Hash Join  (cost=128753.29..215494.99 rows=8366 width=0) (actual time=3395.101..4469.330 rows=6820 loops=1)
  Hash Cond: (mk.movie_id = t.id)
  ->  Seq Scan on movie_keyword mk  (cost=0.00..69693.30 rows=4523930 width=4) (actual time=0.029..1079.614 rows=4523930 loops=1)
  ->  Hash  (cost=128694.84..128694.84 rows=4676 width=8) (actual time=2568.821..2568.821 rows=6687 loops=1)
        Buckets: 8192  Batches: 1  Memory Usage: 326kB
        ->  Hash Join  (cost=73982.55..128694.84 rows=4676 width=8) (actual time=1697.077..2566.068 rows=6687 loops=1)
              Hash Cond: (mc.movie_id = t.id)
              ->  Seq Scan on movie_companies mc  (cost=0.00..44881.29 rows=2609129 width=4) (actual time=0.018..700.203 rows=2609129 loops=1)
              ->  Hash  (cost=73925.90..73925.90 rows=4532 width=4) (actual time=1287.163..1287.163 rows=11996 loops=1)
                    Buckets: 16384 (originally 8192)  Batches: 1 (originally 1)  Memory Usage: 550kB
                    ->  Seq Scan on title t  (cost=0.00..73925.90 rows=4532 width=4) (actual time=0.078..1281.079 rows=11996 loops=1)
                          Filter: ((kind_id = 7) AND (production_year = 1987))
                          Rows Removed by Filter: 2516316
Planning time: 1.124 ms
Execution time: 4470.373 ms
