Hash Join  (cost=102767.86..910673.17 rows=81239 width=0) (actual time=11273.061..13597.676 rows=21504 loops=1)
  Hash Cond: (ci.movie_id = t.id)
  ->  Seq Scan on cast_info ci  (cost=0.00..796071.18 rows=81239 width=4) (actual time=9419.799..11336.285 rows=21504 loops=1)
        Filter: ((person_id < 61992) AND (role_id = 10))
        Rows Removed by Filter: 36222840
  ->  Hash  (cost=61283.27..61283.27 rows=2528527 width=4) (actual time=1852.218..1852.218 rows=2528312 loops=1)
        Buckets: 131072  Batches: 64  Memory Usage: 2415kB
        ->  Seq Scan on title t  (cost=0.00..61283.27 rows=2528527 width=4) (actual time=0.015..1040.720 rows=2528312 loops=1)
Planning time: 0.771 ms
Execution time: 13600.400 ms
