Hash Join  (cost=106561.27..161341.63 rows=859341 width=0) (actual time=2238.335..4944.492 rows=908982 loops=1)
  Hash Cond: (mi_idx.movie_id = t.id)
  ->  Seq Scan on movie_info_idx mi_idx  (cost=0.00..25185.44 rows=915101 width=4) (actual time=0.025..559.457 rows=919850 loops=1)
        Filter: (info_type_id < 101)
        Rows Removed by Filter: 460185
  ->  Hash  (cost=67604.59..67604.59 rows=2374455 width=4) (actual time=2237.018..2237.018 rows=2370958 loops=1)
        Buckets: 131072  Batches: 32  Memory Usage: 3631kB
        ->  Seq Scan on title t  (cost=0.00..67604.59 rows=2374455 width=4) (actual time=0.022..1481.821 rows=2370958 loops=1)
              Filter: (production_year > 1919)
              Rows Removed by Filter: 157354
Planning time: 0.733 ms
Execution time: 5057.819 ms
