Hash Join  (cost=167673.43..924442.10 rows=353882 width=0) (actual time=3054.322..18931.854 rows=1117586 loops=1)
  Hash Cond: (ci.movie_id = t.id)
  ->  Seq Scan on cast_info ci  (cost=0.00..705507.15 rows=12726058 width=4) (actual time=0.014..12859.433 rows=12670688 loops=1)
        Filter: (role_id < 2)
        Rows Removed by Filter: 23573656
  ->  Hash  (cost=166794.53..166794.53 rows=70312 width=8) (actual time=3053.554..3053.554 rows=48262 loops=1)
        Buckets: 131072  Batches: 1  Memory Usage: 2910kB
        ->  Hash Join  (cost=74730.49..166794.53 rows=70312 width=8) (actual time=1101.628..3035.866 rows=48262 loops=1)
              Hash Cond: (mk.movie_id = t.id)
              ->  Seq Scan on movie_keyword mk  (cost=0.00..81003.12 rows=2762079 width=4) (actual time=0.015..1450.694 rows=2754759 loops=1)
                    Filter: (keyword_id > 2867)
                    Rows Removed by Filter: 1769171
              ->  Hash  (cost=73925.90..73925.90 rows=64367 width=4) (actual time=1101.295..1101.295 rows=53905 loops=1)
                    Buckets: 65536  Batches: 1  Memory Usage: 2408kB
                    ->  Seq Scan on title t  (cost=0.00..73925.90 rows=64367 width=4) (actual time=0.017..1079.771 rows=53905 loops=1)
                          Filter: ((kind_id < 7) AND (production_year = 2012))
                          Rows Removed by Filter: 2474407
Planning time: 5.554 ms
Execution time: 19068.706 ms
