Seq Scan on cast_info ci  (cost=0.00..796071.18 rows=493425 width=0) (actual time=923.708..10053.895 rows=471831 loops=1)
  Filter: ((person_id < 58109) AND (role_id < 7))
  Rows Removed by Filter: 35772513
Planning time: 0.371 ms
Execution time: 10113.092 ms
