Nested Loop  (cost=0.43..68602.72 rows=2174 width=0) (actual time=0.134..970.597 rows=2164 loops=1)
  ->  Seq Scan on movie_companies mc  (cost=0.00..51404.11 rows=2174 width=4) (actual time=0.083..878.093 rows=2164 loops=1)
        Filter: (company_id = 439)
        Rows Removed by Filter: 2606965
  ->  Index Only Scan using title_pkey on title t  (cost=0.43..7.90 rows=1 width=4) (actual time=0.042..0.042 rows=1 loops=2164)
        Index Cond: (id = mc.movie_id)
        Heap Fetches: 2164
Planning time: 0.698 ms
Execution time: 971.308 ms
