Hash Join  (cost=83073.82..833880.61 rows=1763 width=0) (actual time=1324.864..16902.074 rows=11047 loops=1)
  Hash Cond: (ci.movie_id = t.id)
  ->  Seq Scan on cast_info ci  (cost=0.00..614943.12 rows=36225612 width=4) (actual time=0.017..8738.075 rows=36244344 loops=1)
  ->  Hash  (cost=83072.29..83072.29 rows=123 width=8) (actual time=1323.993..1323.993 rows=178 loops=1)
        Buckets: 1024  Batches: 1  Memory Usage: 15kB
        ->  Nested Loop  (cost=0.43..83072.29 rows=123 width=8) (actual time=3.438..1323.755 rows=178 loops=1)
              ->  Seq Scan on movie_keyword mk  (cost=0.00..81003.12 rows=246 width=4) (actual time=3.400..1295.448 rows=310 loops=1)
                    Filter: (keyword_id = 1396)
                    Rows Removed by Filter: 4523620
              ->  Index Scan using title_pkey on title t  (cost=0.43..8.40 rows=1 width=4) (actual time=0.088..0.088 rows=1 loops=310)
                    Index Cond: (id = mk.movie_id)
                    Filter: (production_year < 2004)
                    Rows Removed by Filter: 0
Planning time: 1.166 ms
Execution time: 16905.929 ms
