Seq Scan on movie_keyword mk  (cost=0.00..81003.12 rows=2731562 width=0) (actual time=0.025..1457.268 rows=2725321 loops=1)
  Filter: (keyword_id < 7745)
  Rows Removed by Filter: 1798609
Planning time: 0.387 ms
Execution time: 1803.916 ms
