Hash Join  (cost=102767.86..916587.65 rows=327053 width=0) (actual time=12441.945..18252.031 rows=136130 loops=1)
  Hash Cond: (ci.movie_id = t.id)
  ->  Seq Scan on cast_info ci  (cost=0.00..796071.18 rows=327053 width=4) (actual time=10457.337..15756.805 rows=136130 loops=1)
        Filter: ((person_id < 3586273) AND (role_id = 11))
        Rows Removed by Filter: 36108214
  ->  Hash  (cost=61283.27..61283.27 rows=2528527 width=4) (actual time=1983.651..1983.651 rows=2528312 loops=1)
        Buckets: 131072  Batches: 64  Memory Usage: 2415kB
        ->  Seq Scan on title t  (cost=0.00..61283.27 rows=2528527 width=4) (actual time=0.014..1165.184 rows=2528312 loops=1)
Planning time: 0.555 ms
Execution time: 18270.317 ms
