Hash Join  (cost=74043.18..131631.24 rows=6059 width=0) (actual time=933.083..1588.699 rows=5979 loops=1)
  Hash Cond: (mc.movie_id = t.id)
  ->  Seq Scan on movie_companies mc  (cost=0.00..51404.11 rows=1632896 width=4) (actual time=0.027..500.604 rows=1622297 loops=1)
        Filter: (company_id < 17139)
        Rows Removed by Filter: 986832
  ->  Hash  (cost=73925.90..73925.90 rows=9382 width=4) (actual time=932.936..932.936 rows=4696 loops=1)
        Buckets: 16384  Batches: 1  Memory Usage: 294kB
        ->  Seq Scan on title t  (cost=0.00..73925.90 rows=9382 width=4) (actual time=523.814..930.652 rows=4696 loops=1)
              Filter: ((production_year > 2011) AND (kind_id = 3))
              Rows Removed by Filter: 2523616
Planning time: 0.738 ms
Execution time: 1589.630 ms
