Hash Join  (cost=76365.90..115451.08 rows=81169 width=0) (actual time=1207.181..2087.336 rows=6516 loops=1)
  Hash Cond: (mi_idx.movie_id = t.id)
  ->  Seq Scan on movie_info_idx mi_idx  (cost=0.00..21735.35 rows=1380035 width=4) (actual time=0.016..453.541 rows=1380035 loops=1)
  ->  Hash  (cost=73925.90..73925.90 rows=148720 width=4) (actual time=1205.761..1205.761 rows=29412 loops=1)
        Buckets: 131072  Batches: 2  Memory Usage: 1543kB
        ->  Seq Scan on title t  (cost=0.00..73925.90 rows=148720 width=4) (actual time=0.054..1193.523 rows=29412 loops=1)
              Filter: ((kind_id > 2) AND (production_year < 1957))
              Rows Removed by Filter: 2498900
Planning time: 0.742 ms
Execution time: 2088.322 ms
