Hash Join  (cost=744394.16..2943362.98 rows=91383860 width=0) (actual time=17409.510..66705.057 rows=67346272 loops=1)
  Hash Cond: (ci.movie_id = t.id)
  ->  Seq Scan on cast_info ci  (cost=0.00..614943.12 rows=36225612 width=4) (actual time=0.023..13898.112 rows=36244344 loops=1)
  ->  Hash  (cost=639745.39..639745.39 rows=6378541 width=8) (actual time=17406.128..17406.128 rows=3081587 loops=1)
        Buckets: 131072  Batches: 128  Memory Usage: 1937kB
        ->  Hash Join  (cost=91879.05..639745.39 rows=6378541 width=8) (actual time=1877.077..16347.947 rows=3081587 loops=1)
              Hash Cond: (mi.movie_id = t.id)
              ->  Seq Scan on movie_info mi  (cost=0.00..309384.22 rows=14739122 width=4) (actual time=0.013..6436.832 rows=14835720 loops=1)
              ->  Hash  (cost=73925.90..73925.90 rows=1094252 width=4) (actual time=1753.267..1753.267 rows=1044222 loops=1)
                    Buckets: 131072  Batches: 16  Memory Usage: 3325kB
                    ->  Seq Scan on title t  (cost=0.00..73925.90 rows=1094252 width=4) (actual time=0.017..1421.021 rows=1044222 loops=1)
                          Filter: ((production_year < 2009) AND (kind_id = 7))
                          Rows Removed by Filter: 1484090
Planning time: 1.264 ms
Execution time: 73665.180 ms
