Hash Join  (cost=67697.55..121329.89 rows=1734 width=0) (actual time=968.349..1828.523 rows=756 loops=1)
  Hash Cond: (mc.movie_id = t.id)
  ->  Seq Scan on movie_companies mc  (cost=0.00..51404.11 rows=589569 width=4) (actual time=45.644..820.606 rows=596629 loops=1)
        Filter: (company_id > 68731)
        Rows Removed by Filter: 2012500
  ->  Hash  (cost=67604.59..67604.59 rows=7437 width=4) (actual time=915.486..915.486 rows=2202 loops=1)
        Buckets: 8192  Batches: 1  Memory Usage: 142kB
        ->  Seq Scan on title t  (cost=0.00..67604.59 rows=7437 width=4) (actual time=516.940..914.418 rows=2202 loops=1)
              Filter: (production_year = 1940)
              Rows Removed by Filter: 2526110
Planning time: 0.761 ms
Execution time: 1828.790 ms
