Hash Join  (cost=521607.22..1450963.06 rows=7048263 width=0) (actual time=13358.917..31022.706 rows=8448983 loops=1)
  Hash Cond: (ci.movie_id = t.id)
  ->  Seq Scan on cast_info ci  (cost=0.00..705507.15 rows=11497411 width=4) (actual time=3765.456..12775.715 rows=11515492 loops=1)
        Filter: (person_id > 2546260)
        Rows Removed by Filter: 24728852
  ->  Hash  (cost=496176.42..496176.42 rows=1550064 width=8) (actual time=9592.577..9592.577 rows=1533909 loops=1)
        Buckets: 131072  Batches: 32  Memory Usage: 2883kB
        ->  Hash Join  (cost=102767.86..496176.42 rows=1550064 width=8) (actual time=2471.142..9147.355 rows=1533909 loops=1)
              Hash Cond: (mi.movie_id = t.id)
              ->  Seq Scan on movie_info mi  (cost=0.00..346232.03 rows=1550064 width=4) (actual time=683.370..5433.861 rows=1533909 loops=1)
                    Filter: (info_type_id = 3)
                    Rows Removed by Filter: 13301811
              ->  Hash  (cost=61283.27..61283.27 rows=2528527 width=4) (actual time=1786.756..1786.756 rows=2528312 loops=1)
                    Buckets: 131072  Batches: 64  Memory Usage: 2425kB
                    ->  Seq Scan on title t  (cost=0.00..61283.27 rows=2528527 width=4) (actual time=0.028..940.460 rows=2528312 loops=1)
Planning time: 4.074 ms
Execution time: 31948.729 ms
