Seq Scan on movie_keyword mk  (cost=0.00..81003.12 rows=246 width=0) (actual time=214.260..1279.888 rows=54 loops=1)
  Filter: (keyword_id = 45919)
  Rows Removed by Filter: 4523876
Planning time: 10.755 ms
Execution time: 1279.996 ms
