Hash Join  (cost=128600.92..481625.29 rows=196 width=0) (actual time=2070.608..7519.770 rows=5439 loops=1)
  Hash Cond: (mi.movie_id = t.id)
  ->  Seq Scan on movie_info mi  (cost=0.00..346232.03 rows=1810770 width=4) (actual time=12.365..5295.556 rows=1865632 loops=1)
        Filter: (info_type_id > 17)
        Rows Removed by Filter: 12970088
  ->  Hash  (cost=128597.49..128597.49 rows=274 width=8) (actual time=1934.971..1934.971 rows=771 loops=1)
        Buckets: 1024  Batches: 1  Memory Usage: 39kB
        ->  Hash Join  (cost=73929.23..128597.49 rows=274 width=8) (actual time=929.512..1934.532 rows=771 loops=1)
              Hash Cond: (mc.movie_id = t.id)
              ->  Seq Scan on movie_companies mc  (cost=0.00..44881.29 rows=2609129 width=4) (actual time=0.014..618.464 rows=2609129 loops=1)
              ->  Hash  (cost=73925.90..73925.90 rows=266 width=4) (actual time=855.218..855.218 rows=377 loops=1)
                    Buckets: 1024  Batches: 1  Memory Usage: 22kB
                    ->  Seq Scan on title t  (cost=0.00..73925.90 rows=266 width=4) (actual time=0.999..854.977 rows=377 loops=1)
                          Filter: ((kind_id = 2) AND (production_year = 1959))
                          Rows Removed by Filter: 2527935
Planning time: 0.796 ms
Execution time: 7520.604 ms
