Hash Join  (cost=165379.43..530844.04 rows=80868 width=0) (actual time=1597.702..9561.097 rows=282150 loops=1)
  Hash Cond: (mi.movie_id = t.id)
  ->  Seq Scan on movie_info mi  (cost=0.00..309384.22 rows=14739122 width=4) (actual time=0.012..4351.562 rows=14835720 loops=1)
  ->  Hash  (cost=165206.02..165206.02 rows=13873 width=8) (actual time=1597.417..1597.417 rows=14364 loops=1)
        Buckets: 16384  Batches: 1  Memory Usage: 690kB
        ->  Nested Loop  (cost=0.43..165206.02 rows=13873 width=8) (actual time=0.098..1589.784 rows=14364 loops=1)
              ->  Seq Scan on movie_keyword mk  (cost=0.00..81003.12 rows=13873 width=4) (actual time=0.028..1263.972 rows=14364 loops=1)
                    Filter: (keyword_id = 1)
                    Rows Removed by Filter: 4509566
              ->  Index Only Scan using title_pkey on title t  (cost=0.43..6.06 rows=1 width=4) (actual time=0.022..0.022 rows=1 loops=14364)
                    Index Cond: (id = mk.movie_id)
                    Heap Fetches: 14364
Planning time: 1.215 ms
Execution time: 9602.421 ms
