Seq Scan on movie_keyword mk  (cost=0.00..81003.12 rows=246 width=0) (actual time=1.089..1219.173 rows=255 loops=1)
  Filter: (keyword_id = 5921)
  Rows Removed by Filter: 4523675
Planning time: 0.346 ms
Execution time: 1219.387 ms
