Seq Scan on movie_companies mc  (cost=0.00..57926.93 rows=5459 width=0) (actual time=482.210..812.943 rows=6058 loops=1)
  Filter: ((company_type_id < 2) AND (company_id = 11203))
  Rows Removed by Filter: 2603071
Planning time: 1.840 ms
Execution time: 813.937 ms
