Seq Scan on cast_info ci  (cost=0.00..705507.15 rows=20457562 width=0) (actual time=0.013..12684.236 rows=20587055 loops=1)
  Filter: (person_id > 1546151)
  Rows Removed by Filter: 15657289
Planning time: 0.288 ms
Execution time: 15230.982 ms
