Hash Join  (cost=100888.25..191322.03 rows=527 width=0) (actual time=1440.644..2738.516 rows=21823 loops=1)
  Hash Cond: (mk.movie_id = t.id)
  ->  Seq Scan on movie_keyword mk  (cost=0.00..81003.12 rows=2513437 width=4) (actual time=0.014..1012.070 rows=2506504 loops=1)
        Filter: (keyword_id < 6155)
        Rows Removed by Filter: 2017426
  ->  Hash  (cost=100881.62..100881.62 rows=530 width=8) (actual time=1440.524..1440.524 rows=3705 loops=1)
        Buckets: 4096 (originally 1024)  Batches: 1 (originally 1)  Memory Usage: 177kB
        ->  Hash Join  (cost=73962.22..100881.62 rows=530 width=8) (actual time=956.673..1438.745 rows=3705 loops=1)
              Hash Cond: (mi_idx.movie_id = t.id)
              ->  Seq Scan on movie_info_idx mi_idx  (cost=0.00..25185.44 rows=460978 width=4) (actual time=0.014..393.265 rows=459925 loops=1)
                    Filter: (info_type_id < 100)
                    Rows Removed by Filter: 920110
              ->  Hash  (cost=73925.90..73925.90 rows=2905 width=4) (actual time=956.608..956.608 rows=8319 loops=1)
                    Buckets: 16384 (originally 4096)  Batches: 1 (originally 1)  Memory Usage: 421kB
                    ->  Seq Scan on title t  (cost=0.00..73925.90 rows=2905 width=4) (actual time=0.062..952.522 rows=8319 loops=1)
                          Filter: ((kind_id < 7) AND (production_year = 1988))
                          Rows Removed by Filter: 2519993
Planning time: 0.793 ms
Execution time: 2740.924 ms
