Hash Join  (cost=207631.28..1067476.99 rows=567517 width=0) (actual time=6972.585..22403.111 rows=2178240 loops=1)
  Hash Cond: (ci.movie_id = t.id)
  ->  Seq Scan on cast_info ci  (cost=0.00..796071.18 rows=4926226 width=4) (actual time=2686.635..14856.622 rows=5964578 loops=1)
        Filter: ((person_id < 2505665) AND (role_id = 2))
        Rows Removed by Filter: 30279766
  ->  Hash  (cost=202852.09..202852.09 rows=291295 width=8) (actual time=4284.498..4284.498 rows=270580 loops=1)
        Buckets: 131072  Batches: 4  Memory Usage: 3629kB
        ->  Hash Join  (cost=77354.40..202852.09 rows=291295 width=8) (actual time=1218.647..4204.095 rows=270580 loops=1)
              Hash Cond: (mk.movie_id = t.id)
              ->  Seq Scan on movie_keyword mk  (cost=0.00..81003.12 rows=3525497 width=4) (actual time=0.036..1637.698 rows=3517749 loops=1)
                    Filter: (keyword_id > 962)
                    Rows Removed by Filter: 1006181
              ->  Hash  (cost=73925.90..73925.90 rows=208920 width=4) (actual time=1217.327..1217.327 rows=183835 loops=1)
                    Buckets: 131072  Batches: 4  Memory Usage: 2655kB
                    ->  Seq Scan on title t  (cost=0.00..73925.90 rows=208920 width=4) (actual time=0.066..1151.299 rows=183835 loops=1)
                          Filter: ((kind_id < 7) AND (production_year > 2009))
                          Rows Removed by Filter: 2344477
Planning time: 1.194 ms
Execution time: 22649.579 ms
