Hash Join  (cost=87146.10..891887.86 rows=119287 width=0) (actual time=7298.902..12598.595 rows=528057 loops=1)
  Hash Cond: (ci.movie_id = t.id)
  ->  Seq Scan on cast_info ci  (cost=0.00..796071.18 rows=374322 width=4) (actual time=5756.585..10146.608 rows=1135344 loops=1)
        Filter: ((person_id > 3841425) AND (role_id > 3))
        Rows Removed by Filter: 35109000
  ->  Hash  (cost=73925.90..73925.90 rows=805776 width=4) (actual time=1541.311..1541.311 rows=881945 loops=1)
        Buckets: 131072  Batches: 16  Memory Usage: 2970kB
        ->  Seq Scan on title t  (cost=0.00..73925.90 rows=805776 width=4) (actual time=96.160..1259.651 rows=881945 loops=1)
              Filter: ((production_year > 2001) AND (kind_id = 7))
              Rows Removed by Filter: 1646367
Planning time: 4.335 ms
Execution time: 12660.860 ms
