Nested Loop  (cost=0.43..58358.27 rows=51 width=0) (actual time=216.524..874.945 rows=727 loops=1)
  ->  Seq Scan on movie_companies mc  (cost=0.00..57926.93 rows=51 width=4) (actual time=216.422..856.599 rows=727 loops=1)
        Filter: ((company_id = 3422) AND (company_type_id = 1))
        Rows Removed by Filter: 2608402
  ->  Index Only Scan using title_pkey on title t  (cost=0.43..8.45 rows=1 width=4) (actual time=0.024..0.024 rows=1 loops=727)
        Index Cond: (id = mc.movie_id)
        Heap Fetches: 727
Planning time: 0.745 ms
Execution time: 875.251 ms
