Seq Scan on title t  (cost=0.00..73925.90 rows=68858 width=0) (actual time=346.019..1173.130 rows=73032 loops=1)
  Filter: ((production_year < 2010) AND (kind_id = 2))
  Rows Removed by Filter: 2455280
Planning time: 0.391 ms
Execution time: 1184.594 ms
