Hash Join  (cost=236199.59..783373.67 rows=6313715 width=0) (actual time=6027.286..17896.909 rows=2855016 loops=1)
  Hash Cond: (mi.movie_id = t.id)
  ->  Seq Scan on movie_info mi  (cost=0.00..309384.22 rows=14739122 width=4) (actual time=0.024..5981.052 rows=14835720 loops=1)
  ->  Hash  (cost=218429.46..218429.46 rows=1083131 width=8) (actual time=5132.777..5132.777 rows=265238 loops=1)
        Buckets: 131072  Batches: 16  Memory Usage: 1679kB
        ->  Hash Join  (cost=89472.60..218429.46 rows=1083131 width=8) (actual time=2774.767..5050.807 rows=265238 loops=1)
              Hash Cond: (mk.movie_id = t.id)
              ->  Seq Scan on movie_keyword mk  (cost=0.00..81003.12 rows=2890244 width=4) (actual time=0.027..1692.250 rows=2879820 loops=1)
                    Filter: (keyword_id > 2492)
                    Rows Removed by Filter: 1644110
              ->  Hash  (cost=73925.90..73925.90 rows=947576 width=4) (actual time=1661.210..1661.210 rows=876037 loops=1)
                    Buckets: 131072  Batches: 16  Memory Usage: 2955kB
                    ->  Seq Scan on title t  (cost=0.00..73925.90 rows=947576 width=4) (actual time=0.015..1377.559 rows=876037 loops=1)
                          Filter: ((production_year < 2007) AND (kind_id = 7))
                          Rows Removed by Filter: 1652275
Planning time: 18.208 ms
Execution time: 18193.402 ms
