Seq Scan on movie_companies mc  (cost=0.00..57926.93 rows=53 width=0) (actual time=123.660..766.383 rows=431 loops=1)
  Filter: ((company_id = 17009) AND (company_type_id = 2))
  Rows Removed by Filter: 2608698
Planning time: 0.401 ms
Execution time: 766.582 ms
