Hash Join  (cost=106840.27..211430.23 rows=604902 width=0) (actual time=2088.943..4359.902 rows=629580 loops=1)
  Hash Cond: (mk.movie_id = t.id)
  ->  Seq Scan on movie_keyword mk  (cost=0.00..81003.12 rows=639563 width=4) (actual time=0.025..1339.321 rows=639638 loops=1)
        Filter: (keyword_id < 496)
        Rows Removed by Filter: 3884292
  ->  Hash  (cost=67604.59..67604.59 rows=2391495 width=4) (actual time=2087.881..2087.881 rows=2388876 loops=1)
        Buckets: 131072  Batches: 32  Memory Usage: 3656kB
        ->  Seq Scan on title t  (cost=0.00..67604.59 rows=2391495 width=4) (actual time=1.941..1330.702 rows=2388876 loops=1)
              Filter: (production_year < 2013)
              Rows Removed by Filter: 139436
Planning time: 0.954 ms
Execution time: 4431.213 ms
