Seq Scan on movie_companies mc  (cost=0.00..51404.11 rows=104 width=0) (actual time=31.487..740.937 rows=1689 loops=1)
  Filter: (company_id = 868)
  Rows Removed by Filter: 2607440
Planning time: 0.402 ms
Execution time: 741.318 ms
