Hash Join  (cost=709678.15..1091465.08 rows=1874 width=0) (actual time=10952.449..18455.552 rows=133 loops=1)
  Hash Cond: (mi.movie_id = t.id)
  ->  Seq Scan on movie_info mi  (cost=0.00..346232.03 rows=9476311 width=4) (actual time=0.024..6283.459 rows=9565151 loops=1)
        Filter: (info_type_id < 16)
        Rows Removed by Filter: 5270569
  ->  Hash  (cost=709671.90..709671.90 rows=500 width=8) (actual time=10870.933..10870.933 rows=78 loops=1)
        Buckets: 1024  Batches: 1  Memory Usage: 12kB
        ->  Nested Loop  (cost=0.43..709671.90 rows=500 width=8) (actual time=391.245..10870.858 rows=78 loops=1)
              ->  Seq Scan on cast_info ci  (cost=0.00..705507.15 rows=500 width=4) (actual time=391.173..10864.642 rows=78 loops=1)
                    Filter: (person_id = 1705535)
                    Rows Removed by Filter: 36244266
              ->  Index Only Scan using title_pkey on title t  (cost=0.43..8.32 rows=1 width=4) (actual time=0.078..0.078 rows=1 loops=78)
                    Index Cond: (id = ci.movie_id)
                    Heap Fetches: 78
Planning time: 1.146 ms
Execution time: 18455.724 ms
