Seq Scan on cast_info ci  (cost=0.00..796071.18 rows=3007583 width=0) (actual time=545.392..12347.540 rows=1862700 loops=1)
  Filter: ((person_id < 643100) AND (role_id > 2))
  Rows Removed by Filter: 34381644
Planning time: 0.344 ms
Execution time: 12584.411 ms
