Hash Join  (cost=102767.86..1233176.38 rows=17247715 width=0) (actual time=1985.445..31145.995 rows=17125608 loops=1)
  Hash Cond: (ci.movie_id = t.id)
  ->  Seq Scan on cast_info ci  (cost=0.00..705507.15 rows=17247715 width=4) (actual time=0.022..14476.119 rows=17125608 loops=1)
        Filter: (person_id < 1692040)
        Rows Removed by Filter: 19118736
  ->  Hash  (cost=61283.27..61283.27 rows=2528527 width=4) (actual time=1983.885..1983.885 rows=2528312 loops=1)
        Buckets: 131072  Batches: 64  Memory Usage: 2415kB
        ->  Seq Scan on title t  (cost=0.00..61283.27 rows=2528527 width=4) (actual time=0.017..1128.019 rows=2528312 loops=1)
Planning time: 1.044 ms
Execution time: 33117.589 ms
