Hash Join  (cost=83810.17..434750.83 rows=21410 width=0) (actual time=2263.203..6976.272 rows=50243 loops=1)
  Hash Cond: (mi.movie_id = t.id)
  ->  Seq Scan on movie_info mi  (cost=0.00..346232.03 rows=54808 width=4) (actual time=682.476..5243.231 rows=50267 loops=1)
        Filter: (info_type_id > 107)
        Rows Removed by Filter: 14785453
  ->  Hash  (cost=67604.59..67604.59 rows=987727 width=4) (actual time=1521.984..1521.984 rows=985048 loops=1)
        Buckets: 131072  Batches: 16  Memory Usage: 3197kB
        ->  Seq Scan on title t  (cost=0.00..67604.59 rows=987727 width=4) (actual time=0.029..1204.097 rows=985048 loops=1)
              Filter: (kind_id < 7)
              Rows Removed by Filter: 1543264
Planning time: 0.583 ms
Execution time: 6982.732 ms
