Hash Join  (cost=78553.99..883370.43 rows=339 width=0) (actual time=1103.120..13081.155 rows=733 loops=1)
  Hash Cond: (ci.movie_id = t.id)
  ->  Seq Scan on cast_info ci  (cost=0.00..796071.18 rows=2331165 width=4) (actual time=184.523..11940.370 rows=1386698 loops=1)
        Filter: ((person_id < 662483) AND (role_id > 3))
        Rows Removed by Filter: 34857646
  ->  Hash  (cost=78549.39..78549.39 rows=368 width=8) (actual time=917.181..917.181 rows=895 loops=1)
        Buckets: 1024  Batches: 1  Memory Usage: 43kB
        ->  Nested Loop  (cost=0.43..78549.39 rows=368 width=8) (actual time=5.180..916.561 rows=895 loops=1)
              ->  Seq Scan on movie_companies mc  (cost=0.00..51404.11 rows=3566 width=4) (actual time=0.338..773.254 rows=3982 loops=1)
                    Filter: (company_id = 312)
                    Rows Removed by Filter: 2605147
              ->  Index Scan using title_pkey on title t  (cost=0.43..7.60 rows=1 width=4) (actual time=0.035..0.035 rows=0 loops=3982)
                    Index Cond: (id = mc.movie_id)
                    Filter: ((kind_id < 7) AND (production_year < 1989))
                    Rows Removed by Filter: 1
Planning time: 3.449 ms
Execution time: 13081.668 ms
