Seq Scan on title t  (cost=0.00..73925.90 rows=1663854 width=0) (actual time=0.020..1433.894 rows=1774110 loops=1)
  Filter: ((kind_id > 1) AND (production_year > 1955))
  Rows Removed by Filter: 754202
Planning time: 0.343 ms
Execution time: 1655.017 ms
