Hash Join  (cost=120452.98..252132.56 rows=263963 width=0) (actual time=2395.308..5893.932 rows=1621823 loops=1)
  Hash Cond: (mk.movie_id = t.id)
  ->  Seq Scan on movie_keyword mk  (cost=0.00..81003.12 rows=4099418 width=4) (actual time=0.022..1765.157 rows=4087742 loops=1)
        Filter: (keyword_id > 335)
        Rows Removed by Filter: 436188
  ->  Hash  (cost=117781.82..117781.82 rows=162813 width=8) (actual time=2394.479..2394.479 rows=198139 loops=1)
        Buckets: 131072  Batches: 4  Memory Usage: 2974kB
        ->  Hash Join  (cost=82131.75..117781.82 rows=162813 width=8) (actual time=1493.254..2342.001 rows=198139 loops=1)
              Hash Cond: (mi_idx.movie_id = t.id)
              ->  Seq Scan on movie_info_idx mi_idx  (cost=0.00..25185.44 rows=464934 width=4) (actual time=0.025..473.675 rows=460185 loops=1)
                    Filter: (info_type_id > 100)
                    Rows Removed by Filter: 919850
              ->  Hash  (cost=67604.59..67604.59 rows=885453 width=4) (actual time=1492.389..1492.389 rows=885650 loops=1)
                    Buckets: 131072  Batches: 16  Memory Usage: 2972kB
                    ->  Seq Scan on title t  (cost=0.00..67604.59 rows=885453 width=4) (actual time=0.011..1211.195 rows=885650 loops=1)
                          Filter: (production_year < 1997)
                          Rows Removed by Filter: 1642662
Planning time: 1.199 ms
Execution time: 6055.885 ms
