Seq Scan on movie_keyword mk  (cost=0.00..81003.12 rows=246 width=0) (actual time=123.150..1237.409 rows=19 loops=1)
  Filter: (keyword_id = 52966)
  Rows Removed by Filter: 4523911
Planning time: 0.368 ms
Execution time: 1237.501 ms
