Hash Join  (cost=162407.36..286972.79 rows=210340 width=0) (actual time=4027.239..6087.943 rows=68505 loops=1)
  Hash Cond: (mk.movie_id = t.id)
  ->  Seq Scan on movie_keyword mk  (cost=0.00..69693.30 rows=4523930 width=4) (actual time=0.023..1423.850 rows=4523930 loops=1)
  ->  Hash  (cost=160477.81..160477.81 rows=117564 width=8) (actual time=3375.021..3375.021 rows=34118 loops=1)
        Buckets: 131072  Batches: 2  Memory Usage: 1697kB
        ->  Hash Join  (cost=92883.59..160477.81 rows=117564 width=8) (actual time=2751.590..3362.353 rows=34118 loops=1)
              Hash Cond: (mc.movie_id = t.id)
              ->  Seq Scan on movie_companies mc  (cost=0.00..57926.93 rows=192929 width=4) (actual time=0.028..997.349 rows=382049 loops=1)
                    Filter: ((company_id > 84038) AND (company_type_id = 2))
                    Rows Removed by Filter: 2227080
              ->  Hash  (cost=67604.59..67604.59 rows=1540800 width=4) (actual time=1919.713..1919.713 rows=1543264 loops=1)
                    Buckets: 131072  Batches: 32  Memory Usage: 2722kB
                    ->  Seq Scan on title t  (cost=0.00..67604.59 rows=1540800 width=4) (actual time=0.026..1417.959 rows=1543264 loops=1)
                          Filter: (kind_id = 7)
                          Rows Removed by Filter: 985048
Planning time: 2.380 ms
Execution time: 6094.484 ms
