Hash Join  (cost=74590.21..832993.19 rows=761382 width=0) (actual time=1138.263..22461.269 rows=495986 loops=1)
  Hash Cond: (ci.movie_id = t.id)
  ->  Seq Scan on cast_info ci  (cost=0.00..614943.12 rows=36225612 width=4) (actual time=0.023..9625.345 rows=36244344 loops=1)
  ->  Hash  (cost=73925.90..73925.90 rows=53144 width=4) (actual time=1137.843..1137.843 rows=53797 loops=1)
        Buckets: 65536  Batches: 1  Memory Usage: 2404kB
        ->  Seq Scan on title t  (cost=0.00..73925.90 rows=53144 width=4) (actual time=219.704..1117.133 rows=53797 loops=1)
              Filter: ((production_year > 1998) AND (kind_id = 2))
              Rows Removed by Filter: 2474515
Planning time: 6.038 ms
Execution time: 22538.741 ms
