Hash Join  (cost=102767.86..1139149.73 rows=13340106 width=0) (actual time=1931.909..26500.770 rows=13477930 loops=1)
  Hash Cond: (ci.movie_id = t.id)
  ->  Seq Scan on cast_info ci  (cost=0.00..705507.15 rows=13340106 width=4) (actual time=0.024..13401.385 rows=13477930 loops=1)
        Filter: (person_id > 2324514)
        Rows Removed by Filter: 22766414
  ->  Hash  (cost=61283.27..61283.27 rows=2528527 width=4) (actual time=1930.874..1930.874 rows=2528312 loops=1)
        Buckets: 131072  Batches: 64  Memory Usage: 2415kB
        ->  Seq Scan on title t  (cost=0.00..61283.27 rows=2528527 width=4) (actual time=0.019..1118.499 rows=2528312 loops=1)
Planning time: 0.679 ms
Execution time: 28026.283 ms
