Hash Join  (cost=154603.67..618960.20 rows=471516 width=0) (actual time=3209.544..12969.762 rows=465898 loops=1)
  Hash Cond: (mi.movie_id = t.id)
  ->  Seq Scan on movie_info mi  (cost=0.00..346232.03 rows=9767026 width=4) (actual time=0.018..6347.417 rows=9911754 loops=1)
        Filter: (info_type_id > 4)
        Rows Removed by Filter: 4923966
  ->  Hash  (cost=152600.82..152600.82 rows=122068 width=8) (actual time=3208.742..3208.742 rows=75459 loops=1)
        Buckets: 131072  Batches: 2  Memory Usage: 2498kB
        ->  Hash Join  (cost=75867.62..152600.82 rows=122068 width=8) (actual time=1376.571..3180.645 rows=75459 loops=1)
              Hash Cond: (mc.movie_id = t.id)
              ->  Seq Scan on movie_companies mc  (cost=0.00..44881.29 rows=2609129 width=4) (actual time=0.020..841.084 rows=2609129 loops=1)
              ->  Hash  (cost=73925.90..73925.90 rows=118297 width=4) (actual time=1375.780..1375.780 rows=122606 loops=1)
                    Buckets: 131072  Batches: 2  Memory Usage: 3179kB
                    ->  Seq Scan on title t  (cost=0.00..73925.90 rows=118297 width=4) (actual time=0.076..1330.524 rows=122606 loops=1)
                          Filter: ((kind_id > 1) AND (production_year = 2011))
                          Rows Removed by Filter: 2405706
Planning time: 1.214 ms
Execution time: 13023.493 ms
