Hash Join  (cost=83074.74..447745.01 rows=1434 width=0) (actual time=1454.569..8871.509 rows=37340 loops=1)
  Hash Cond: (mi.movie_id = t.id)
  ->  Seq Scan on movie_info mi  (cost=0.00..309384.22 rows=14739122 width=4) (actual time=0.026..4655.492 rows=14835720 loops=1)
  ->  Hash  (cost=83071.67..83071.67 rows=246 width=8) (actual time=1412.038..1412.038 rows=635 loops=1)
        Buckets: 1024  Batches: 1  Memory Usage: 33kB
        ->  Nested Loop  (cost=0.43..83071.67 rows=246 width=8) (actual time=5.729..1411.526 rows=635 loops=1)
              ->  Seq Scan on movie_keyword mk  (cost=0.00..81003.12 rows=246 width=4) (actual time=5.675..1387.998 rows=635 loops=1)
                    Filter: (keyword_id = 17174)
                    Rows Removed by Filter: 4523295
              ->  Index Only Scan using title_pkey on title t  (cost=0.43..8.40 rows=1 width=4) (actual time=0.035..0.035 rows=1 loops=635)
                    Index Cond: (id = mk.movie_id)
                    Heap Fetches: 635
Planning time: 1.207 ms
Execution time: 8877.675 ms
