Hash Join  (cost=424963.87..1223605.47 rows=373 width=0) (actual time=13962.862..17250.535 rows=1 loops=1)
  Hash Cond: (ci.movie_id = t.id)
  ->  Seq Scan on cast_info ci  (cost=0.00..796071.18 rows=684453 width=4) (actual time=7933.193..11519.007 rows=871 loops=1)
        Filter: ((person_id < 316948) AND (role_id = 2))
        Rows Removed by Filter: 36243473
  ->  Hash  (cost=424946.64..424946.64 rows=1378 width=8) (actual time=5730.953..5730.953 rows=4782 loops=1)
        Buckets: 8192 (originally 2048)  Batches: 1 (originally 1)  Memory Usage: 251kB
        ->  Hash Join  (cost=73960.37..424946.64 rows=1378 width=8) (actual time=4800.580..5729.694 rows=4782 loops=1)
              Hash Cond: (mi.movie_id = t.id)
              ->  Seq Scan on movie_info mi  (cost=0.00..346232.03 rows=1264125 width=4) (actual time=4121.070..5053.648 rows=1288928 loops=1)
                    Filter: (info_type_id = 2)
                    Rows Removed by Filter: 13546792
              ->  Hash  (cost=73925.90..73925.90 rows=2757 width=4) (actual time=554.857..554.857 rows=4737 loops=1)
                    Buckets: 8192 (originally 4096)  Batches: 1 (originally 1)  Memory Usage: 231kB
                    ->  Seq Scan on title t  (cost=0.00..73925.90 rows=2757 width=4) (actual time=274.147..553.524 rows=4737 loops=1)
                          Filter: ((kind_id = 4) AND (production_year = 2002))
                          Rows Removed by Filter: 2523575
Planning time: 0.806 ms
Execution time: 17250.710 ms
