Hash Join  (cost=160971.88..980298.97 rows=448341 width=0) (actual time=11584.160..16850.443 rows=699831 loops=1)
  Hash Cond: (ci.movie_id = t.id)
  ->  Seq Scan on cast_info ci  (cost=0.00..796071.18 rows=1336937 width=4) (actual time=8359.880..12935.637 rows=919049 loops=1)
        Filter: ((person_id < 1184247) AND (role_id = 3))
        Rows Removed by Filter: 35325295
  ->  Hash  (cost=147059.64..147059.64 rows=847939 width=8) (actual time=3222.051..3222.051 rows=442380 loops=1)
        Buckets: 131072  Batches: 16  Memory Usage: 2104kB
        ->  Hash Join  (cost=93093.72..147059.64 rows=847939 width=8) (actual time=1707.593..3108.433 rows=442380 loops=1)
              Hash Cond: (mi_idx.movie_id = t.id)
              ->  Seq Scan on movie_info_idx mi_idx  (cost=0.00..21735.35 rows=1380035 width=4) (actual time=0.031..457.123 rows=1380035 loops=1)
              ->  Hash  (cost=67604.59..67604.59 rows=1553611 width=4) (actual time=1706.568..1706.568 rows=1555864 loops=1)
                    Buckets: 131072  Batches: 32  Memory Usage: 2734kB
                    ->  Seq Scan on title t  (cost=0.00..67604.59 rows=1553611 width=4) (actual time=0.023..1225.454 rows=1555864 loops=1)
                          Filter: (kind_id > 4)
                          Rows Removed by Filter: 972448
Planning time: 1.141 ms
Execution time: 16935.399 ms
