Hash Join  (cost=835578.63..1579664.47 rows=2321318 width=0) (actual time=22376.567..35409.056 rows=2249668 loops=1)
  Hash Cond: (mi.movie_id = t.id)
  ->  Seq Scan on movie_info mi  (cost=0.00..309384.22 rows=14739122 width=4) (actual time=0.024..5775.279 rows=14835720 loops=1)
  ->  Hash  (cost=829044.79..829044.79 rows=398227 width=8) (actual time=22375.442..22375.442 rows=379555 loops=1)
        Buckets: 131072  Batches: 8  Memory Usage: 2853kB
        ->  Hash Join  (cost=74273.35..829044.79 rows=398227 width=8) (actual time=1125.346..20830.324 rows=379555 loops=1)
              Hash Cond: (ci.movie_id = t.id)
              ->  Seq Scan on cast_info ci  (cost=0.00..614943.12 rows=36225612 width=4) (actual time=0.023..9321.994 rows=36244344 loops=1)
              ->  Hash  (cost=73925.90..73925.90 rows=27796 width=4) (actual time=1125.119..1125.119 rows=29246 loops=1)
                    Buckets: 32768  Batches: 1  Memory Usage: 1285kB
                    ->  Seq Scan on title t  (cost=0.00..73925.90 rows=27796 width=4) (actual time=0.063..1112.057 rows=29246 loops=1)
                          Filter: ((kind_id > 2) AND (production_year = 1995))
                          Rows Removed by Filter: 2499066
Planning time: 1.182 ms
Execution time: 35667.232 ms
