Seq Scan on movie_companies mc  (cost=0.00..57926.93 rows=89693 width=0) (actual time=621.291..882.839 rows=176129 loops=1)
  Filter: ((company_id > 121655) AND (company_type_id > 1))
  Rows Removed by Filter: 2433000
Planning time: 0.372 ms
Execution time: 905.694 ms
