Hash Join  (cost=73926.28..824719.75 rows=430 width=0) (actual time=1146.069..16742.346 rows=198 loops=1)
  Hash Cond: (ci.movie_id = t.id)
  ->  Seq Scan on cast_info ci  (cost=0.00..614943.12 rows=36225612 width=4) (actual time=0.019..8976.386 rows=36244344 loops=1)
  ->  Hash  (cost=73925.90..73925.90 rows=30 width=4) (actual time=1079.865..1079.865 rows=12 loops=1)
        Buckets: 1024  Batches: 1  Memory Usage: 9kB
        ->  Seq Scan on title t  (cost=0.00..73925.90 rows=30 width=4) (actual time=45.227..1079.837 rows=12 loops=1)
              Filter: ((production_year > 2013) AND (kind_id = 4))
              Rows Removed by Filter: 2528300
Planning time: 0.760 ms
Execution time: 16742.633 ms
