Nested Loop  (cost=0.43..83072.29 rows=108 width=0) (actual time=11.586..1389.281 rows=308 loops=1)
  ->  Seq Scan on movie_keyword mk  (cost=0.00..81003.12 rows=246 width=4) (actual time=0.038..1346.298 rows=649 loops=1)
        Filter: (keyword_id = 2984)
        Rows Removed by Filter: 4523281
  ->  Index Scan using title_pkey on title t  (cost=0.43..8.40 rows=1 width=4) (actual time=0.064..0.065 rows=0 loops=649)
        Index Cond: (id = mk.movie_id)
        Filter: (production_year > 2004)
        Rows Removed by Filter: 1
Planning time: 0.792 ms
Execution time: 1389.581 ms
