Nested Loop  (cost=0.43..709671.90 rows=500 width=0) (actual time=2974.522..10131.331 rows=602 loops=1)
  ->  Seq Scan on cast_info ci  (cost=0.00..705507.15 rows=500 width=4) (actual time=2974.409..10118.565 rows=602 loops=1)
        Filter: (person_id = 2394433)
        Rows Removed by Filter: 36243742
  ->  Index Only Scan using title_pkey on title t  (cost=0.43..8.32 rows=1 width=4) (actual time=0.020..0.020 rows=1 loops=602)
        Index Cond: (id = ci.movie_id)
        Heap Fetches: 602
Planning time: 0.748 ms
Execution time: 10131.565 ms
