Seq Scan on movie_companies mc  (cost=0.00..57926.93 rows=53 width=0) (actual time=9.337..750.526 rows=133 loops=1)
  Filter: ((company_id = 1479) AND (company_type_id = 2))
  Rows Removed by Filter: 2608996
Planning time: 0.430 ms
Execution time: 750.666 ms
