Hash Join  (cost=470208.65..512176.65 rows=249152 width=0) (actual time=7688.137..8888.569 rows=357909 loops=1)
  Hash Cond: (mi_idx.movie_id = t.id)
  ->  Seq Scan on movie_info_idx mi_idx  (cost=0.00..21735.35 rows=1380035 width=4) (actual time=0.020..488.366 rows=1380035 loops=1)
  ->  Hash  (cost=462718.37..462718.37 rows=456502 width=8) (actual time=7687.130..7687.130 rows=246066 loops=1)
        Buckets: 131072  Batches: 8  Memory Usage: 2226kB
        ->  Hash Join  (cost=96651.52..462718.37 rows=456502 width=8) (actual time=4282.085..7610.467 rows=246066 loops=1)
              Hash Cond: (mi.movie_id = t.id)
              ->  Seq Scan on movie_info mi  (cost=0.00..346232.03 rows=651960 width=4) (actual time=2372.601..4981.327 rows=660923 loops=1)
                    Filter: (info_type_id = 18)
                    Rows Removed by Filter: 14174797
              ->  Hash  (cost=67604.59..67604.59 rows=1770475 width=4) (actual time=1908.576..1908.576 rows=1774635 loops=1)
                    Buckets: 131072  Batches: 32  Memory Usage: 2984kB
                    ->  Seq Scan on title t  (cost=0.00..67604.59 rows=1770475 width=4) (actual time=0.020..1329.310 rows=1774635 loops=1)
                          Filter: (kind_id > 2)
                          Rows Removed by Filter: 753677
Planning time: 1.049 ms
Execution time: 8934.196 ms
