Hash Join  (cost=91446.37..236429.05 rows=1600038 width=0) (actual time=2381.130..5478.117 rows=416389 loops=1)
  Hash Cond: (mk.movie_id = t.id)
  ->  Seq Scan on movie_keyword mk  (cost=0.00..81003.12 rows=3788582 width=4) (actual time=0.016..1746.252 rows=3786245 loops=1)
        Filter: (keyword_id > 661)
        Rows Removed by Filter: 737685
  ->  Hash  (cost=73925.90..73925.90 rows=1067877 width=4) (actual time=1915.862..1915.862 rows=1163273 loops=1)
        Buckets: 131072  Batches: 16  Memory Usage: 3594kB
        ->  Seq Scan on title t  (cost=0.00..73925.90 rows=1067877 width=4) (actual time=0.014..1541.513 rows=1163273 loops=1)
              Filter: ((production_year > 1990) AND (kind_id = 7))
              Rows Removed by Filter: 1365039
Planning time: 0.790 ms
Execution time: 5522.410 ms
