Hash Join  (cost=160526.42..953745.15 rows=1885966 width=0) (actual time=3618.426..18540.881 rows=2262315 loops=1)
  Hash Cond: (ci.movie_id = t.id)
  ->  Seq Scan on cast_info ci  (cost=0.00..705507.15 rows=5670647 width=4) (actual time=105.063..11509.007 rows=5588062 loops=1)
        Filter: (person_id < 539922)
        Rows Removed by Filter: 30656282
  ->  Hash  (cost=146729.58..146729.58 rows=840947 width=8) (actual time=3511.553..3511.553 rows=425718 loops=1)
        Buckets: 131072  Batches: 16  Memory Usage: 2062kB
        ->  Hash Join  (cost=92883.59..146729.58 rows=840947 width=8) (actual time=1841.000..3383.469 rows=425718 loops=1)
              Hash Cond: (mi_idx.movie_id = t.id)
              ->  Seq Scan on movie_info_idx mi_idx  (cost=0.00..21735.35 rows=1380035 width=4) (actual time=0.043..481.792 rows=1380035 loops=1)
              ->  Hash  (cost=67604.59..67604.59 rows=1540800 width=4) (actual time=1839.859..1839.859 rows=1543264 loops=1)
                    Buckets: 131072  Batches: 32  Memory Usage: 2722kB
                    ->  Seq Scan on title t  (cost=0.00..67604.59 rows=1540800 width=4) (actual time=0.028..1181.425 rows=1543264 loops=1)
                          Filter: (kind_id = 7)
                          Rows Removed by Filter: 985048
Planning time: 1.167 ms
Execution time: 18809.473 ms
