Seq Scan on cast_info ci  (cost=0.00..705507.15 rows=500 width=0) (actual time=948.685..11006.426 rows=38 loops=1)
  Filter: (person_id = 2901999)
  Rows Removed by Filter: 36244306
Planning time: 0.255 ms
Execution time: 11006.518 ms
