Hash Join  (cost=165941.09..1248252.99 rows=4722073 width=0) (actual time=3370.585..34718.009 rows=9686216 loops=1)
  Hash Cond: (ci.movie_id = t.id)
  ->  Seq Scan on cast_info ci  (cost=0.00..614943.12 rows=36225612 width=4) (actual time=0.024..13083.664 rows=36244344 loops=1)
  ->  Hash  (cost=160533.11..160533.11 rows=329598 width=8) (actual time=3369.725..3369.725 rows=307235 loops=1)
        Buckets: 131072  Batches: 8  Memory Usage: 2525kB
        ->  Hash Join  (cost=92883.59..160533.11 rows=329598 width=8) (actual time=1869.520..3283.575 rows=307235 loops=1)
              Hash Cond: (mc.movie_id = t.id)
              ->  Seq Scan on movie_companies mc  (cost=0.00..51404.11 rows=540887 width=4) (actual time=0.018..924.078 rows=538931 loops=1)
                    Filter: (company_id < 530)
                    Rows Removed by Filter: 2070198
              ->  Hash  (cost=67604.59..67604.59 rows=1540800 width=4) (actual time=1734.977..1734.977 rows=1543264 loops=1)
                    Buckets: 131072  Batches: 32  Memory Usage: 2722kB
                    ->  Seq Scan on title t  (cost=0.00..67604.59 rows=1540800 width=4) (actual time=0.567..1241.717 rows=1543264 loops=1)
                          Filter: (kind_id = 7)
                          Rows Removed by Filter: 985048
Planning time: 1.028 ms
Execution time: 35733.149 ms
