Seq Scan on cast_info ci  (cost=0.00..796071.18 rows=19487262 width=0) (actual time=0.024..15148.959 rows=21278696 loops=1)
  Filter: ((person_id < 2263454) AND (role_id < 10))
  Rows Removed by Filter: 14965648
Planning time: 0.341 ms
Execution time: 17770.153 ms
