Seq Scan on movie_keyword mk  (cost=0.00..81003.12 rows=674604 width=0) (actual time=0.026..1322.392 rows=678246 loops=1)
  Filter: (keyword_id > 27608)
  Rows Removed by Filter: 3845684
Planning time: 0.298 ms
Execution time: 1410.154 ms
