Hash Join  (cost=83074.74..139466.19 rows=129 width=0) (actual time=1671.985..2412.854 rows=1800 loops=1)
  Hash Cond: (mc.movie_id = t.id)
  ->  Seq Scan on movie_companies mc  (cost=0.00..51404.11 rows=1329612 width=4) (actual time=401.774..947.217 rows=1334883 loops=1)
        Filter: (company_type_id > 1)
        Rows Removed by Filter: 1274246
  ->  Hash  (cost=83071.67..83071.67 rows=246 width=8) (actual time=1268.766..1268.766 rows=978 loops=1)
        Buckets: 1024  Batches: 1  Memory Usage: 47kB
        ->  Nested Loop  (cost=0.43..83071.67 rows=246 width=8) (actual time=12.783..1267.954 rows=978 loops=1)
              ->  Seq Scan on movie_keyword mk  (cost=0.00..81003.12 rows=246 width=4) (actual time=12.675..1234.027 rows=978 loops=1)
                    Filter: (keyword_id = 1799)
                    Rows Removed by Filter: 4522952
              ->  Index Only Scan using title_pkey on title t  (cost=0.43..8.40 rows=1 width=4) (actual time=0.033..0.033 rows=1 loops=978)
                    Index Cond: (id = mk.movie_id)
                    Heap Fetches: 978
Planning time: 3.133 ms
Execution time: 2413.354 ms
