Seq Scan on movie_companies mc  (cost=0.00..51404.11 rows=104 width=0) (actual time=2.806..802.428 rows=161 loops=1)
  Filter: (company_id = 3881)
  Rows Removed by Filter: 2608968
Planning time: 0.379 ms
Execution time: 802.571 ms
