Hash Join  (cost=74576.74..429490.49 rows=45191 width=0) (actual time=1446.649..8057.025 rows=203062 loops=1)
  Hash Cond: (mi.movie_id = t.id)
  ->  Seq Scan on movie_info mi  (cost=0.00..346232.03 rows=2194617 width=4) (actual time=213.821..5765.988 rows=2233850 loops=1)
        Filter: (info_type_id > 16)
        Rows Removed by Filter: 12601870
  ->  Hash  (cost=73925.90..73925.90 rows=52067 width=4) (actual time=1130.991..1130.991 rows=174398 loops=1)
        Buckets: 131072 (originally 65536)  Batches: 2 (originally 1)  Memory Usage: 4093kB
        ->  Seq Scan on title t  (cost=0.00..73925.90 rows=52067 width=4) (actual time=0.020..1066.984 rows=174398 loops=1)
              Filter: ((production_year < 1955) AND (kind_id = 1))
              Rows Removed by Filter: 2353914
Planning time: 0.811 ms
Execution time: 8085.461 ms
