Seq Scan on cast_info ci  (cost=0.00..796071.18 rows=845954 width=0) (actual time=7223.558..11176.524 rows=2554808 loops=1)
  Filter: ((person_id > 3564079) AND (role_id > 3))
  Rows Removed by Filter: 33689536
Planning time: 0.340 ms
Execution time: 11500.486 ms
