Hash Join  (cost=100381.55..449703.52 rows=5331 width=0) (actual time=6858.584..7436.538 rows=25142 loops=1)
  Hash Cond: (mi.movie_id = t.id)
  ->  Seq Scan on movie_info mi  (cost=0.00..346232.03 rows=809768 width=4) (actual time=5123.933..5495.394 rows=802140 loops=1)
        Filter: (info_type_id < 2)
        Rows Removed by Filter: 14033580
  ->  Hash  (cost=100173.49..100173.49 rows=16645 width=8) (actual time=1734.245..1734.245 rows=37686 loops=1)
        Buckets: 65536 (originally 32768)  Batches: 1 (originally 1)  Memory Usage: 1985kB
        ->  Hash Join  (cost=69090.10..100173.49 rows=16645 width=8) (actual time=1068.958..1721.867 rows=37686 loops=1)
              Hash Cond: (mi_idx.movie_id = t.id)
              ->  Seq Scan on movie_info_idx mi_idx  (cost=0.00..25185.44 rows=464934 width=4) (actual time=0.027..474.766 rows=460185 loops=1)
                    Filter: (info_type_id > 100)
                    Rows Removed by Filter: 919850
              ->  Hash  (cost=67604.59..67604.59 rows=90521 width=4) (actual time=1068.131..1068.131 rows=90852 loops=1)
                    Buckets: 131072  Batches: 2  Memory Usage: 2626kB
                    ->  Seq Scan on title t  (cost=0.00..67604.59 rows=90521 width=4) (actual time=0.026..1037.410 rows=90852 loops=1)
                          Filter: (kind_id = 2)
                          Rows Removed by Filter: 2437460
Planning time: 1.087 ms
Execution time: 7440.158 ms
