Hash Join  (cost=168589.68..641381.13 rows=1538526 width=0) (actual time=4145.608..22231.200 rows=21731591 loops=1)
  Hash Cond: (mi.movie_id = t.id)
  ->  Seq Scan on movie_info mi  (cost=0.00..346232.03 rows=9476311 width=4) (actual time=0.027..6713.499 rows=9565151 loops=1)
        Filter: (info_type_id < 16)
        Rows Removed by Filter: 5270569
  ->  Hash  (cost=161854.19..161854.19 rows=410519 width=8) (actual time=4144.680..4144.680 rows=957407 loops=1)
        Buckets: 131072 (originally 131072)  Batches: 16 (originally 8)  Memory Usage: 3432kB
        ->  Hash Join  (cost=83810.17..161854.19 rows=410519 width=8) (actual time=1470.916..3588.131 rows=957407 loops=1)
              Hash Cond: (mc.movie_id = t.id)
              ->  Seq Scan on movie_companies mc  (cost=0.00..57926.93 rows=1050905 width=4) (actual time=102.272..1120.539 rows=1274246 loops=1)
                    Filter: ((company_id < 75976) AND (company_type_id < 2))
                    Rows Removed by Filter: 1334883
              ->  Hash  (cost=67604.59..67604.59 rows=987727 width=4) (actual time=1367.821..1367.821 rows=985048 loops=1)
                    Buckets: 131072  Batches: 16  Memory Usage: 3188kB
                    ->  Seq Scan on title t  (cost=0.00..67604.59 rows=987727 width=4) (actual time=0.027..1078.822 rows=985048 loops=1)
                          Filter: (kind_id < 7)
                          Rows Removed by Filter: 1543264
Planning time: 1.097 ms
Execution time: 24682.873 ms
