Hash Join  (cost=73987.23..133150.14 rows=636 width=0) (actual time=1517.655..1936.646 rows=5 loops=1)
  Hash Cond: (mc.movie_id = t.id)
  ->  Seq Scan on movie_companies mc  (cost=0.00..57926.93 rows=327896 width=4) (actual time=387.247..861.944 rows=26719 loops=1)
        Filter: ((company_id > 49873) AND (company_type_id < 2))
        Rows Removed by Filter: 2582410
  ->  Hash  (cost=73925.90..73925.90 rows=4906 width=4) (actual time=1067.909..1067.909 rows=8279 loops=1)
        Buckets: 16384 (originally 8192)  Batches: 1 (originally 1)  Memory Usage: 420kB
        ->  Seq Scan on title t  (cost=0.00..73925.90 rows=4906 width=4) (actual time=0.030..1063.367 rows=8279 loops=1)
              Filter: ((kind_id > 3) AND (production_year = 1971))
              Rows Removed by Filter: 2520033
Planning time: 0.677 ms
Execution time: 1936.823 ms
