Hash Join  (cost=114767.63..213914.49 rows=69624 width=0) (actual time=2844.868..5011.216 rows=798493 loops=1)
  Hash Cond: (mk.movie_id = t.id)
  ->  Seq Scan on movie_keyword mk  (cost=0.00..81003.12 rows=1468400 width=4) (actual time=0.024..1417.626 rows=1479536 loops=1)
        Filter: (keyword_id > 11079)
        Rows Removed by Filter: 3044394
  ->  Hash  (cost=112800.02..112800.02 rows=119889 width=8) (actual time=2844.010..2844.010 rows=209880 loops=1)
        Buckets: 131072 (originally 131072)  Batches: 4 (originally 2)  Memory Usage: 3084kB
        ->  Hash Join  (cost=78556.72..112800.02 rows=119889 width=8) (actual time=1987.832..2769.322 rows=209880 loops=1)
              Hash Cond: (mi_idx.movie_id = t.id)
              ->  Seq Scan on movie_info_idx mi_idx  (cost=0.00..25185.44 rows=454124 width=4) (actual time=0.027..492.718 rows=459925 loops=1)
                    Filter: (info_type_id = 100)
                    Rows Removed by Filter: 920110
              ->  Hash  (cost=67604.59..67604.59 rows=667531 width=4) (actual time=1245.833..1245.833 rows=662825 loops=1)
                    Buckets: 131072  Batches: 16  Memory Usage: 2476kB
                    ->  Seq Scan on title t  (cost=0.00..67604.59 rows=667531 width=4) (actual time=254.519..1042.009 rows=662825 loops=1)
                          Filter: (kind_id = 1)
                          Rows Removed by Filter: 1865487
Planning time: 2.569 ms
Execution time: 5092.551 ms
