Hash Join  (cost=79303.65..472451.71 rows=865231 width=0) (actual time=3828.023..8944.435 rows=816108 loops=1)
  Hash Cond: (mi.movie_id = t.id)
  ->  Seq Scan on movie_info mi  (cost=0.00..346232.03 rows=3068194 width=4) (actual time=2329.796..5794.910 rows=3036719 loops=1)
        Filter: (info_type_id = 16)
        Rows Removed by Filter: 11799001
  ->  Hash  (cost=67604.59..67604.59 rows=713045 width=4) (actual time=1496.853..1496.853 rows=707186 loops=1)
        Buckets: 131072  Batches: 16  Memory Usage: 2585kB
        ->  Seq Scan on title t  (cost=0.00..67604.59 rows=713045 width=4) (actual time=0.019..1258.732 rows=707186 loops=1)
              Filter: (production_year < 1991)
              Rows Removed by Filter: 1821126
Planning time: 0.716 ms
Execution time: 9023.653 ms
