Hash Join  (cost=73950.44..438720.80 rows=11443 width=0) (actual time=1075.210..8505.687 rows=15512 loops=1)
  Hash Cond: (mi.movie_id = t.id)
  ->  Seq Scan on movie_info mi  (cost=0.00..309384.22 rows=14739122 width=4) (actual time=0.023..4513.384 rows=14835720 loops=1)
  ->  Hash  (cost=73925.90..73925.90 rows=1963 width=4) (actual time=1074.305..1074.305 rows=1487 loops=1)
        Buckets: 2048  Batches: 1  Memory Usage: 69kB
        ->  Seq Scan on title t  (cost=0.00..73925.90 rows=1963 width=4) (actual time=397.266..1073.482 rows=1487 loops=1)
              Filter: ((kind_id = 1) AND (production_year = 1907))
              Rows Removed by Filter: 2526825
Planning time: 0.772 ms
Execution time: 8508.839 ms
