Seq Scan on movie_companies mc  (cost=0.00..51404.11 rows=104 width=0) (actual time=0.715..823.588 rows=251 loops=1)
  Filter: (company_id = 9366)
  Rows Removed by Filter: 2608878
Planning time: 0.364 ms
Execution time: 823.760 ms
