Hash Join  (cost=477150.74..1582160.52 rows=5320742 width=0) (actual time=9066.756..41421.254 rows=8358149 loops=1)
  Hash Cond: (ci.movie_id = t.id)
  ->  Seq Scan on cast_info ci  (cost=0.00..705507.15 rows=29797122 width=4) (actual time=0.023..16037.720 rows=29724903 loops=1)
        Filter: (person_id < 3005161)
        Rows Removed by Filter: 6519441
  ->  Hash  (cost=469742.89..469742.89 rows=451508 width=8) (actual time=9065.886..9065.886 rows=474443 loops=1)
        Buckets: 131072  Batches: 8  Memory Usage: 3338kB
        ->  Hash Join  (cost=102767.86..469742.89 rows=451508 width=8) (actual time=5296.705..8926.091 rows=474443 loops=1)
              Hash Cond: (mi.movie_id = t.id)
              ->  Seq Scan on movie_info mi  (cost=0.00..346232.03 rows=451508 width=4) (actual time=3110.017..5726.343 rows=474443 loops=1)
                    Filter: (info_type_id = 6)
                    Rows Removed by Filter: 14361277
              ->  Hash  (cost=61283.27..61283.27 rows=2528527 width=4) (actual time=2185.283..2185.283 rows=2528312 loops=1)
                    Buckets: 131072  Batches: 64  Memory Usage: 2425kB
                    ->  Seq Scan on title t  (cost=0.00..61283.27 rows=2528527 width=4) (actual time=0.036..1288.713 rows=2528312 loops=1)
Planning time: 1.227 ms
Execution time: 42411.145 ms
