Hash Join  (cost=74434.21..131038.19 rows=21383 width=0) (actual time=1967.410..2359.162 rows=8729 loops=1)
  Hash Cond: (mc.movie_id = t.id)
  ->  Seq Scan on movie_companies mc  (cost=0.00..51404.11 rows=1329612 width=4) (actual time=0.018..966.245 rows=1334883 loops=1)
        Filter: (company_type_id > 1)
        Rows Removed by Filter: 1274246
  ->  Hash  (cost=73925.90..73925.90 rows=40664 width=4) (actual time=1096.764..1096.764 rows=40257 loops=1)
        Buckets: 65536  Batches: 1  Memory Usage: 1928kB
        ->  Seq Scan on title t  (cost=0.00..73925.90 rows=40664 width=4) (actual time=0.026..1080.527 rows=40257 loops=1)
              Filter: ((production_year > 2012) AND (kind_id = 7))
              Rows Removed by Filter: 2488055
Planning time: 0.731 ms
Execution time: 2360.433 ms
