Hash Join  (cost=518612.74..1392571.71 rows=5340319 width=0) (actual time=16832.249..31544.089 rows=7596177 loops=1)
  Hash Cond: (ci.movie_id = t.id)
  ->  Seq Scan on cast_info ci  (cost=0.00..705507.15 rows=9468168 width=4) (actual time=6879.526..14193.762 rows=9384703 loops=1)
        Filter: (role_id > 4)
        Rows Removed by Filter: 26859641
  ->  Hash  (cost=495214.71..495214.71 rows=1426162 width=8) (actual time=9951.728..9951.728 rows=1306613 loops=1)
        Buckets: 131072  Batches: 32  Memory Usage: 2611kB
        ->  Hash Join  (cost=105772.75..495214.71 rows=1426162 width=8) (actual time=4249.272..9545.411 rows=1306613 loops=1)
              Hash Cond: (mi.movie_id = t.id)
              ->  Seq Scan on movie_info mi  (cost=0.00..346232.03 rows=1550064 width=4) (actual time=1875.753..5544.054 rows=1533909 loops=1)
                    Filter: (info_type_id = 3)
                    Rows Removed by Filter: 13301811
              ->  Hash  (cost=67604.59..67604.59 rows=2326413 width=4) (actual time=2372.694..2372.694 rows=2320300 loops=1)
                    Buckets: 131072  Batches: 32  Memory Usage: 3586kB
                    ->  Seq Scan on title t  (cost=0.00..67604.59 rows=2326413 width=4) (actual time=0.026..1597.845 rows=2320300 loops=1)
                          Filter: (production_year > 1937)
                          Rows Removed by Filter: 208012
Planning time: 1.216 ms
Execution time: 32471.687 ms
