Hash Join  (cost=78556.72..138123.06 rows=103213 width=0) (actual time=1653.709..2567.418 rows=292116 loops=1)
  Hash Cond: (mc.movie_id = t.id)
  ->  Seq Scan on movie_companies mc  (cost=0.00..51404.11 rows=390957 width=4) (actual time=228.946..879.149 rows=396123 loops=1)
        Filter: (company_id > 82657)
        Rows Removed by Filter: 2213006
  ->  Hash  (cost=67604.59..67604.59 rows=667531 width=4) (actual time=1322.415..1322.415 rows=662825 loops=1)
        Buckets: 131072  Batches: 16  Memory Usage: 2476kB
        ->  Seq Scan on title t  (cost=0.00..67604.59 rows=667531 width=4) (actual time=268.297..1110.827 rows=662825 loops=1)
              Filter: (kind_id < 2)
              Rows Removed by Filter: 1865487
Planning time: 0.740 ms
Execution time: 2599.146 ms
