Hash Join  (cost=164429.70..923434.30 rows=182095 width=0) (actual time=5942.007..18274.021 rows=373926 loops=1)
  Hash Cond: (ci.movie_id = t.id)
  ->  Seq Scan on cast_info ci  (cost=0.00..705507.15 rows=3998100 width=4) (actual time=2818.293..13679.611 rows=4008037 loops=1)
        Filter: (role_id = 3)
        Rows Removed by Filter: 32236307
  ->  Hash  (cost=162540.16..162540.16 rows=115163 width=8) (actual time=3122.858..3122.858 rows=76720 loops=1)
        Buckets: 131072  Batches: 2  Memory Usage: 2476kB
        ->  Hash Join  (cost=74730.49..162540.16 rows=115163 width=8) (actual time=1199.874..3090.978 rows=76720 loops=1)
              Hash Cond: (mk.movie_id = t.id)
              ->  Seq Scan on movie_keyword mk  (cost=0.00..69693.30 rows=4523930 width=4) (actual time=0.025..985.405 rows=4523930 loops=1)
              ->  Hash  (cost=73925.90..73925.90 rows=64367 width=4) (actual time=1199.304..1199.304 rows=53905 loops=1)
                    Buckets: 65536  Batches: 1  Memory Usage: 2408kB
                    ->  Seq Scan on title t  (cost=0.00..73925.90 rows=64367 width=4) (actual time=0.029..1177.993 rows=53905 loops=1)
                          Filter: ((kind_id < 7) AND (production_year = 2012))
                          Rows Removed by Filter: 2474407
Planning time: 4.822 ms
Execution time: 18320.906 ms
