Seq Scan on cast_info ci  (cost=0.00..705507.15 rows=500 width=0) (actual time=884.741..10712.192 rows=63 loops=1)
  Filter: (person_id = 1252244)
  Rows Removed by Filter: 36244281
Planning time: 0.379 ms
Execution time: 10712.310 ms
