Hash Join  (cost=89435.42..1262365.50 rows=13543392 width=0) (actual time=1525.475..36656.455 rows=14696287 loops=1)
  Hash Cond: (ci.movie_id = t.id)
  ->  Seq Scan on cast_info ci  (cost=0.00..614943.12 rows=36225612 width=4) (actual time=0.017..13086.086 rows=36244344 loops=1)
  ->  Hash  (cost=73925.90..73925.90 rows=945321 width=4) (actual time=1524.389..1524.389 rows=934959 loops=1)
        Buckets: 131072  Batches: 16  Memory Usage: 3079kB
        ->  Seq Scan on title t  (cost=0.00..73925.90 rows=945321 width=4) (actual time=0.040..1243.743 rows=934959 loops=1)
              Filter: ((kind_id < 7) AND (production_year > 1912))
              Rows Removed by Filter: 1593353
Planning time: 0.754 ms
Execution time: 38272.636 ms
