Seq Scan on movie_keyword mk  (cost=0.00..81003.12 rows=3007258 width=12) (actual time=0.020..1523.065 rows=2989179 loops=1)
  Filter: (keyword_id < 10392)
  Rows Removed by Filter: 1534751
Planning time: 0.302 ms
Execution time: 1682.982 ms
