Seq Scan on cast_info ci  (cost=0.00..796071.18 rows=273200 width=0) (actual time=9662.945..13187.743 rows=283752 loops=1)
  Filter: ((person_id > 764325) AND (role_id > 10))
  Rows Removed by Filter: 35960592
Planning time: 0.365 ms
Execution time: 13224.314 ms
