Hash Join  (cost=799584.24..826496.41 rows=169 width=0) (actual time=15532.285..15900.270 rows=9 loops=1)
  Hash Cond: (mi_idx.movie_id = t.id)
  ->  Seq Scan on movie_info_idx mi_idx  (cost=0.00..21735.35 rows=1380035 width=4) (actual time=0.013..359.728 rows=1380035 loops=1)
  ->  Hash  (cost=799580.38..799580.38 rows=309 width=8) (actual time=15266.396..15266.396 rows=4976 loops=1)
        Buckets: 8192 (originally 1024)  Batches: 1 (originally 1)  Memory Usage: 259kB
        ->  Nested Loop  (cost=0.43..799580.38 rows=309 width=8) (actual time=4208.212..15264.194 rows=4976 loops=1)
              ->  Seq Scan on cast_info ci  (cost=0.00..796071.18 rows=420 width=4) (actual time=4208.060..15163.508 rows=4979 loops=1)
                    Filter: ((role_id < 9) AND (person_id = 3132179))
                    Rows Removed by Filter: 36239365
              ->  Index Scan using title_pkey on title t  (cost=0.43..8.35 rows=1 width=4) (actual time=0.019..0.020 rows=1 loops=4979)
                    Index Cond: (id = ci.movie_id)
                    Filter: (kind_id > 1)
                    Rows Removed by Filter: 0
Planning time: 0.783 ms
Execution time: 15900.389 ms
