Seq Scan on movie_keyword mk  (cost=0.00..81003.12 rows=246 width=0) (actual time=2.828..1167.552 rows=820 loops=1)
  Filter: (keyword_id = 5251)
  Rows Removed by Filter: 4523110
Planning time: 0.358 ms
Execution time: 1167.962 ms
