Seq Scan on cast_info ci  (cost=0.00..796071.18 rows=1878216 width=0) (actual time=673.439..11010.560 rows=1608 loops=1)
  Filter: ((person_id < 902579) AND (role_id = 2))
  Rows Removed by Filter: 36242736
Planning time: 0.401 ms
Execution time: 11010.975 ms
