Seq Scan on cast_info ci  (cost=0.00..705507.15 rows=6038 width=0) (actual time=3748.894..11035.903 rows=2397 loops=1)
  Filter: (person_id = 1304809)
  Rows Removed by Filter: 36241947
Planning time: 0.392 ms
Execution time: 11036.267 ms
