Seq Scan on cast_info ci  (cost=0.00..705507.15 rows=9012523 width=0) (actual time=3913.399..11898.455 rows=9021982 loops=1)
  Filter: (person_id > 2794519)
  Rows Removed by Filter: 27222362
Planning time: 0.243 ms
Execution time: 13020.391 ms
