Seq Scan on movie_info mi  (cost=0.00..346232.03 rows=17937 width=0) (actual time=2939.412..4789.884 rows=4797 loops=1)
  Filter: (info_type_id = 95)
  Rows Removed by Filter: 14830923
Planning time: 0.380 ms
Execution time: 4790.772 ms
