Hash Join  (cost=796926.42..883585.56 rows=111 width=0) (actual time=10846.415..12610.318 rows=292 loops=1)
  Hash Cond: (mk.movie_id = t.id)
  ->  Seq Scan on movie_keyword mk  (cost=0.00..69693.30 rows=4523930 width=4) (actual time=0.017..992.321 rows=4523930 loops=1)
  ->  Hash  (cost=796925.64..796925.64 rows=62 width=8) (actual time=10846.092..10846.092 rows=197 loops=1)
        Buckets: 1024  Batches: 1  Memory Usage: 16kB
        ->  Nested Loop  (cost=0.43..796925.64 rows=62 width=8) (actual time=7897.669..10845.969 rows=197 loops=1)
              ->  Seq Scan on cast_info ci  (cost=0.00..796071.18 rows=101 width=4) (actual time=7896.695..10841.517 rows=237 loops=1)
                    Filter: ((person_id = 2233739) AND (role_id = 2))
                    Rows Removed by Filter: 36244107
              ->  Index Scan using title_pkey on title t  (cost=0.43..8.45 rows=1 width=4) (actual time=0.018..0.018 rows=1 loops=237)
                    Index Cond: (id = ci.movie_id)
                    Filter: (kind_id = 7)
                    Rows Removed by Filter: 0
Planning time: 1.147 ms
Execution time: 12610.526 ms
