Nested Loop  (cost=0.43..709671.90 rows=500 width=0) (actual time=5003.975..10100.463 rows=57 loops=1)
  ->  Seq Scan on cast_info ci  (cost=0.00..705507.15 rows=500 width=4) (actual time=5003.881..10099.225 rows=57 loops=1)
        Filter: (person_id = 1716827)
        Rows Removed by Filter: 36244287
  ->  Index Only Scan using title_pkey on title t  (cost=0.43..8.32 rows=1 width=4) (actual time=0.020..0.021 rows=1 loops=57)
        Index Cond: (id = ci.movie_id)
        Heap Fetches: 57
Planning time: 0.516 ms
Execution time: 10100.535 ms
