Seq Scan on cast_info ci  (cost=0.00..705507.15 rows=500 width=0) (actual time=1352.912..11036.480 rows=1 loops=1)
  Filter: (person_id = 322693)
  Rows Removed by Filter: 36244343
Planning time: 0.369 ms
Execution time: 11036.561 ms
