Seq Scan on cast_info ci  (cost=0.00..796071.18 rows=1265433 width=0) (actual time=4097.971..12473.044 rows=877928 loops=1)
  Filter: ((person_id < 1117562) AND (role_id = 3))
  Rows Removed by Filter: 35366416
Planning time: 2.244 ms
Execution time: 12583.372 ms
