Seq Scan on cast_info ci  (cost=0.00..705507.15 rows=500 width=0) (actual time=8812.770..11320.489 rows=191 loops=1)
  Filter: (person_id = 291929)
  Rows Removed by Filter: 36244153
Planning time: 0.373 ms
Execution time: 11320.606 ms
