Hash Join  (cost=215387.57..1041569.79 rows=3196263 width=0) (actual time=4678.858..23668.443 rows=5183518 loops=1)
  Hash Cond: (ci.movie_id = t.id)
  ->  Seq Scan on cast_info ci  (cost=0.00..705507.15 rows=7298253 width=4) (actual time=0.026..13481.233 rows=7451973 loops=1)
        Filter: (role_id = 2)
        Rows Removed by Filter: 28792371
  ->  Hash  (cost=197219.49..197219.49 rows=1107366 width=8) (actual time=4677.860..4677.860 rows=1230652 loops=1)
        Buckets: 131072  Batches: 16  Memory Usage: 4021kB
        ->  Hash Join  (cost=102767.86..197219.49 rows=1107366 width=8) (actual time=2218.411..4346.260 rows=1230652 loops=1)
              Hash Cond: (mc.movie_id = t.id)
              ->  Seq Scan on movie_companies mc  (cost=0.00..57926.93 rows=1107366 width=4) (actual time=420.215..1153.081 rows=1230652 loops=1)
                    Filter: ((company_id > 319) AND (company_type_id > 1))
                    Rows Removed by Filter: 1378477
              ->  Hash  (cost=61283.27..61283.27 rows=2528527 width=4) (actual time=1797.042..1797.042 rows=2528312 loops=1)
                    Buckets: 131072  Batches: 64  Memory Usage: 2415kB
                    ->  Seq Scan on title t  (cost=0.00..61283.27 rows=2528527 width=4) (actual time=0.025..981.374 rows=2528312 loops=1)
Planning time: 1.183 ms
Execution time: 24241.221 ms
