Hash Join  (cost=469219.65..1404456.82 rows=331998 width=0) (actual time=9929.070..28274.785 rows=397920 loops=1)
  Hash Cond: (ci.movie_id = t.id)
  ->  Seq Scan on cast_info ci  (cost=0.00..614943.12 rows=36225612 width=4) (actual time=0.019..8818.381 rows=36244344 loops=1)
  ->  Hash  (cost=468929.99..468929.99 rows=23173 width=8) (actual time=9927.975..9927.975 rows=24230 loops=1)
        Buckets: 32768  Batches: 1  Memory Usage: 1203kB
        ->  Hash Join  (cost=73982.55..468929.99 rows=23173 width=8) (actual time=1859.736..9916.584 rows=24230 loops=1)
              Hash Cond: (mi.movie_id = t.id)
              ->  Seq Scan on movie_info mi  (cost=0.00..346232.03 rows=12928982 width=4) (actual time=0.012..6357.944 rows=12970088 loops=1)
                    Filter: (info_type_id < 18)
                    Rows Removed by Filter: 1865632
              ->  Hash  (cost=73925.90..73925.90 rows=4532 width=4) (actual time=1297.360..1297.360 rows=8269 loops=1)
                    Buckets: 16384 (originally 8192)  Batches: 1 (originally 1)  Memory Usage: 419kB
                    ->  Seq Scan on title t  (cost=0.00..73925.90 rows=4532 width=4) (actual time=0.049..1293.189 rows=8269 loops=1)
                          Filter: ((kind_id = 7) AND (production_year = 1971))
                          Rows Removed by Filter: 2520043
Planning time: 1.255 ms
Execution time: 28332.607 ms
