Hash Join  (cost=102767.86..276947.07 rows=3461667 width=0) (actual time=1971.458..6459.876 rows=3456153 loops=1)
  Hash Cond: (mk.movie_id = t.id)
  ->  Seq Scan on movie_keyword mk  (cost=0.00..81003.12 rows=3461667 width=4) (actual time=0.025..1701.639 rows=3456153 loops=1)
        Filter: (keyword_id > 1069)
        Rows Removed by Filter: 1067777
  ->  Hash  (cost=61283.27..61283.27 rows=2528527 width=4) (actual time=1969.909..1969.909 rows=2528312 loops=1)
        Buckets: 131072  Batches: 64  Memory Usage: 2425kB
        ->  Seq Scan on title t  (cost=0.00..61283.27 rows=2528527 width=4) (actual time=0.023..1095.501 rows=2528312 loops=1)
Planning time: 0.728 ms
Execution time: 6844.153 ms
