Hash Join  (cost=343376.88..1530964.34 rows=18932043 width=0) (actual time=8348.407..37365.684 rows=35276398 loops=1)
  Hash Cond: (ci.movie_id = t.id)
  ->  Seq Scan on cast_info ci  (cost=0.00..796071.18 rows=12203848 width=4) (actual time=0.024..14503.773 rows=10051792 loops=1)
        Filter: ((person_id > 2083170) AND (role_id < 8))
        Rows Removed by Filter: 26192552
  ->  Hash  (cost=279022.03..279022.03 rows=3922548 width=8) (actual time=8346.899..8346.899 rows=3719847 loops=1)
        Buckets: 131072  Batches: 64  Memory Usage: 3257kB
        ->  Hash Join  (cost=103574.60..279022.03 rows=3922548 width=8) (actual time=2024.536..7268.338 rows=3719847 loops=1)
              Hash Cond: (mk.movie_id = t.id)
              ->  Seq Scan on movie_keyword mk  (cost=0.00..69693.30 rows=4523930 width=4) (actual time=0.026..1264.289 rows=4523930 loops=1)
              ->  Hash  (cost=67604.59..67604.59 rows=2192401 width=4) (actual time=2023.682..2023.682 rows=2182316 loops=1)
                    Buckets: 131072  Batches: 32  Memory Usage: 3434kB
                    ->  Seq Scan on title t  (cost=0.00..67604.59 rows=2192401 width=4) (actual time=0.024..1291.151 rows=2182316 loops=1)
                          Filter: (production_year > 1962)
                          Rows Removed by Filter: 345996
Planning time: 1.168 ms
Execution time: 41174.524 ms
