Hash Join  (cost=74055.54..434026.05 rows=14864 width=0) (actual time=1461.354..7519.946 rows=69998 loops=1)
  Hash Cond: (mi.movie_id = t.id)
  ->  Seq Scan on movie_info mi  (cost=0.00..346232.03 rows=3623957 width=4) (actual time=9.024..5514.754 rows=3624977 loops=1)
        Filter: (info_type_id < 4)
        Rows Removed by Filter: 11210743
  ->  Hash  (cost=73925.90..73925.90 rows=10371 width=4) (actual time=1172.095..1172.095 rows=24507 loops=1)
        Buckets: 32768 (originally 16384)  Batches: 1 (originally 1)  Memory Usage: 1118kB
        ->  Seq Scan on title t  (cost=0.00..73925.90 rows=10371 width=4) (actual time=700.889..1162.575 rows=24507 loops=1)
              Filter: ((kind_id < 7) AND (production_year < 1910))
              Rows Removed by Filter: 2503805
Planning time: 0.780 ms
Execution time: 7529.899 ms
