Hash Join  (cost=171645.95..1162279.86 rows=4914248 width=0) (actual time=10964.556..29793.007 rows=6984864 loops=1)
  Hash Cond: (ci.movie_id = t.id)
  ->  Seq Scan on cast_info ci  (cost=0.00..796071.18 rows=12233668 width=4) (actual time=6437.581..16520.303 rows=12670688 loops=1)
        Filter: ((person_id < 3786232) AND (role_id = 1))
        Rows Removed by Filter: 23573656
  ->  Hash  (cost=154981.62..154981.62 rows=1015706 width=8) (actual time=4525.845..4525.845 rows=750135 loops=1)
        Buckets: 131072  Batches: 16  Memory Usage: 2867kB
        ->  Hash Join  (cost=98137.04..154981.62 rows=1015706 width=8) (actual time=2722.379..4301.189 rows=750135 loops=1)
              Hash Cond: (mi_idx.movie_id = t.id)
              ->  Seq Scan on movie_info_idx mi_idx  (cost=0.00..21735.35 rows=1380035 width=4) (actual time=0.026..406.669 rows=1380035 loops=1)
              ->  Hash  (cost=67604.59..67604.59 rows=1860996 width=4) (actual time=2721.369..2721.369 rows=1865487 loops=1)
                    Buckets: 131072  Batches: 32  Memory Usage: 3079kB
                    ->  Seq Scan on title t  (cost=0.00..67604.59 rows=1860996 width=4) (actual time=0.029..1345.045 rows=1865487 loops=1)
                          Filter: (kind_id > 1)
                          Rows Removed by Filter: 662825
Planning time: 1.154 ms
Execution time: 30650.286 ms
