Hash Join  (cost=864400.72..1013284.17 rows=2206341 width=0) (actual time=16538.183..20911.781 rows=3817300 loops=1)
  Hash Cond: (mk.movie_id = t.id)
  ->  Seq Scan on movie_keyword mk  (cost=0.00..69693.30 rows=4523930 width=4) (actual time=0.008..1418.830 rows=4523930 loops=1)
  ->  Hash  (cost=844168.05..844168.05 rows=1233174 width=8) (actual time=16537.030..16537.030 rows=1218768 loops=1)
        Buckets: 131072  Batches: 32  Memory Usage: 2509kB
        ->  Hash Join  (cost=97066.09..844168.05 rows=1233174 width=8) (actual time=2016.430..16173.639 rows=1218768 loops=1)
              Hash Cond: (ci.movie_id = t.id)
              ->  Seq Scan on cast_info ci  (cost=0.00..705507.15 rows=1736414 width=4) (actual time=120.796..12627.696 rows=1703543 loops=1)
                    Filter: (role_id = 8)
                    Rows Removed by Filter: 34540801
              ->  Hash  (cost=67604.59..67604.59 rows=1795720 width=4) (actual time=1894.437..1894.437 rows=1794153 loops=1)
                    Buckets: 131072  Batches: 32  Memory Usage: 2992kB
                    ->  Seq Scan on title t  (cost=0.00..67604.59 rows=1795720 width=4) (actual time=0.026..1309.459 rows=1794153 loops=1)
                          Filter: (production_year < 2009)
                          Rows Removed by Filter: 734159
Planning time: 1.239 ms
Execution time: 21308.149 ms
