Hash Join  (cost=83074.16..833884.82 rows=2148 width=0) (actual time=1130.290..16441.305 rows=35724 loops=1)
  Hash Cond: (ci.movie_id = t.id)
  ->  Seq Scan on cast_info ci  (cost=0.00..614943.12 rows=36225612 width=4) (actual time=0.012..8204.998 rows=36244344 loops=1)
  ->  Hash  (cost=83072.29..83072.29 rows=150 width=8) (actual time=1129.523..1129.523 rows=1012 loops=1)
        Buckets: 1024  Batches: 1  Memory Usage: 48kB
        ->  Nested Loop  (cost=0.43..83072.29 rows=150 width=8) (actual time=414.823..1128.896 rows=1012 loops=1)
              ->  Seq Scan on movie_keyword mk  (cost=0.00..81003.12 rows=246 width=4) (actual time=5.243..1060.344 rows=1690 loops=1)
                    Filter: (keyword_id = 842)
                    Rows Removed by Filter: 4522240
              ->  Index Scan using title_pkey on title t  (cost=0.43..8.40 rows=1 width=4) (actual time=0.039..0.040 rows=1 loops=1690)
                    Index Cond: (id = mk.movie_id)
                    Filter: (kind_id = 7)
                    Rows Removed by Filter: 0
Planning time: 1.190 ms
Execution time: 16449.162 ms
