Seq Scan on movie_keyword mk  (cost=0.00..81003.12 rows=1072913 width=0) (actual time=0.027..1382.271 rows=1083382 loops=1)
  Filter: (keyword_id > 16327)
  Rows Removed by Filter: 3440548
Planning time: 4.310 ms
Execution time: 1513.566 ms
