Hash Join  (cost=102767.86..267000.77 rows=3048356 width=0) (actual time=1908.762..6133.483 rows=3031717 loops=1)
  Hash Cond: (mk.movie_id = t.id)
  ->  Seq Scan on movie_keyword mk  (cost=0.00..81003.12 rows=3048356 width=4) (actual time=0.021..1711.826 rows=3031717 loops=1)
        Filter: (keyword_id > 2130)
        Rows Removed by Filter: 1492213
  ->  Hash  (cost=61283.27..61283.27 rows=2528527 width=4) (actual time=1907.041..1907.041 rows=2528312 loops=1)
        Buckets: 131072  Batches: 64  Memory Usage: 2425kB
        ->  Seq Scan on title t  (cost=0.00..61283.27 rows=2528527 width=4) (actual time=0.034..1050.874 rows=2528312 loops=1)
Planning time: 2.287 ms
Execution time: 6456.416 ms
