Seq Scan on cast_info ci  (cost=0.00..796071.18 rows=176 width=0) (actual time=6129.031..13473.184 rows=7 loops=1)
  Filter: ((role_id < 2) AND (person_id = 937445))
  Rows Removed by Filter: 36244337
Planning time: 0.410 ms
Execution time: 13473.312 ms
