Hash Join  (cost=83810.17..1231260.52 rows=11062881 width=0) (actual time=1528.859..35536.949 rows=11595153 loops=1)
  Hash Cond: (ci.movie_id = t.id)
  ->  Seq Scan on cast_info ci  (cost=0.00..705507.15 rows=28320368 width=4) (actual time=0.015..15935.194 rows=28358860 loops=1)
        Filter: (person_id < 2889805)
        Rows Removed by Filter: 7885484
  ->  Hash  (cost=67604.59..67604.59 rows=987727 width=4) (actual time=1527.781..1527.781 rows=985048 loops=1)
        Buckets: 131072  Batches: 16  Memory Usage: 3188kB
        ->  Seq Scan on title t  (cost=0.00..67604.59 rows=987727 width=4) (actual time=0.016..1223.084 rows=985048 loops=1)
              Filter: (kind_id < 7)
              Rows Removed by Filter: 1543264
Planning time: 0.622 ms
Execution time: 36939.502 ms
