Hash Join  (cost=876642.23..1241876.53 rows=57837 width=0) (actual time=15216.247..22007.028 rows=74397 loops=1)
  Hash Cond: (mi.movie_id = t.id)
  ->  Seq Scan on movie_info mi  (cost=0.00..309384.22 rows=14739122 width=4) (actual time=0.010..4026.890 rows=14835720 loops=1)
  ->  Hash  (cost=876518.21..876518.21 rows=9922 width=8) (actual time=15215.468..15215.468 rows=3833 loops=1)
        Buckets: 16384  Batches: 1  Memory Usage: 278kB
        ->  Hash Join  (cost=67697.55..876518.21 rows=9922 width=8) (actual time=997.337..15213.056 rows=3833 loops=1)
              Hash Cond: (ci.movie_id = t.id)
              ->  Seq Scan on cast_info ci  (cost=0.00..796071.18 rows=3373402 width=4) (actual time=0.019..13914.701 rows=1120582 loops=1)
                    Filter: ((person_id < 2103469) AND (role_id > 8))
                    Rows Removed by Filter: 35123762
              ->  Hash  (cost=67604.59..67604.59 rows=7437 width=4) (actual time=997.085..997.085 rows=14601 loops=1)
                    Buckets: 16384 (originally 8192)  Batches: 1 (originally 1)  Memory Usage: 642kB
                    ->  Seq Scan on title t  (cost=0.00..67604.59 rows=7437 width=4) (actual time=0.017..989.974 rows=14601 loops=1)
                          Filter: (production_year = 1967)
                          Rows Removed by Filter: 2513711
Planning time: 1.853 ms
Execution time: 22018.497 ms
