Nested Loop  (cost=32749.09..877015.23 rows=5749 width=0) (actual time=8305.645..11871.974 rows=6045 loops=1)
  Join Filter: (ci.movie_id = t.id)
  ->  Hash Join  (cost=32748.66..845745.82 rows=36663 width=8) (actual time=8303.428..11605.797 rows=10275 loops=1)
        Hash Cond: (ci.movie_id = mi_idx.movie_id)
        ->  Seq Scan on cast_info ci  (cost=0.00..796071.18 rows=80722 width=4) (actual time=7643.862..10848.207 rows=21472 loops=1)
              Filter: ((person_id < 57785) AND (role_id > 9))
              Rows Removed by Filter: 36222872
        ->  Hash  (cost=25185.44..25185.44 rows=460978 width=4) (actual time=658.454..658.454 rows=459925 loops=1)
              Buckets: 131072  Batches: 8  Memory Usage: 3050kB
              ->  Seq Scan on movie_info_idx mi_idx  (cost=0.00..25185.44 rows=460978 width=4) (actual time=0.023..509.153 rows=459925 loops=1)
                    Filter: (info_type_id < 100)
                    Rows Removed by Filter: 920110
  ->  Index Scan using title_pkey on title t  (cost=0.43..0.84 rows=1 width=4) (actual time=0.025..0.025 rows=1 loops=10275)
        Index Cond: (id = mi_idx.movie_id)
        Filter: (kind_id < 7)
        Rows Removed by Filter: 0
Planning time: 1.390 ms
Execution time: 11873.572 ms
