Seq Scan on movie_keyword mk  (cost=0.00..81003.12 rows=246 width=0) (actual time=15.623..1339.673 rows=285 loops=1)
  Filter: (keyword_id = 4211)
  Rows Removed by Filter: 4523645
Planning time: 0.377 ms
Execution time: 1339.948 ms
