Seq Scan on cast_info ci  (cost=0.00..705507.15 rows=2200877 width=0) (actual time=8598.562..11085.111 rows=2239023 loops=1)
  Filter: (person_id > 3624264)
  Rows Removed by Filter: 34005321
Planning time: 0.339 ms
Execution time: 11358.015 ms
