Seq Scan on movie_keyword mk  (cost=0.00..81003.12 rows=246 width=0) (actual time=0.040..1168.617 rows=103 loops=1)
  Filter: (keyword_id = 34424)
  Rows Removed by Filter: 4523827
Planning time: 0.851 ms
Execution time: 1168.757 ms
