Seq Scan on movie_keyword mk  (cost=0.00..81003.12 rows=2761389 width=0) (actual time=0.024..870.105 rows=2755568 loops=1)
  Filter: (keyword_id < 7845)
  Rows Removed by Filter: 1768362
Planning time: 0.348 ms
Execution time: 1087.822 ms
