Hash Join  (cost=81152.82..1131081.36 rows=4487115 width=0) (actual time=1444.405..30949.129 rows=4953636 loops=1)
  Hash Cond: (ci.movie_id = t.id)
  ->  Seq Scan on cast_info ci  (cost=0.00..705507.15 rows=25758199 width=4) (actual time=0.023..15262.759 rows=25950721 loops=1)
        Filter: (person_id > 1012076)
        Rows Removed by Filter: 10293623
  ->  Hash  (cost=73925.90..73925.90 rows=440473 width=4) (actual time=1443.296..1443.296 rows=473918 loops=1)
        Buckets: 131072  Batches: 8  Memory Usage: 3117kB
        ->  Seq Scan on title t  (cost=0.00..73925.90 rows=440473 width=4) (actual time=94.957..1296.875 rows=473918 loops=1)
              Filter: ((production_year < 2008) AND (kind_id = 1))
              Rows Removed by Filter: 2054394
Planning time: 0.774 ms
Execution time: 31526.810 ms
