Hash Join  (cost=67697.55..938181.73 rows=57910 width=0) (actual time=931.936..20250.294 rows=107864 loops=1)
  Hash Cond: (ci.movie_id = t.id)
  ->  Seq Scan on cast_info ci  (cost=0.00..796071.18 rows=19689039 width=4) (actual time=0.016..14940.089 rows=22743902 loops=1)
        Filter: ((person_id < 2566042) AND (role_id < 8))
        Rows Removed by Filter: 13500442
  ->  Hash  (cost=67604.59..67604.59 rows=7437 width=4) (actual time=931.627..931.627 rows=11416 loops=1)
        Buckets: 16384 (originally 8192)  Batches: 1 (originally 1)  Memory Usage: 530kB
        ->  Seq Scan on title t  (cost=0.00..67604.59 rows=7437 width=4) (actual time=0.086..926.098 rows=11416 loops=1)
              Filter: (production_year = 1964)
              Rows Removed by Filter: 2516896
Planning time: 0.797 ms
Execution time: 20269.198 ms
