Hash Join  (cost=73944.28..472492.36 rows=8098 width=0) (actual time=1064.651..9673.764 rows=16667 loops=1)
  Hash Cond: (mi.movie_id = t.id)
  ->  Seq Scan on movie_info mi  (cost=0.00..346232.03 rows=13929354 width=4) (actual time=0.029..6480.854 rows=14033580 loops=1)
        Filter: (info_type_id > 1)
        Rows Removed by Filter: 802140
  ->  Hash  (cost=73925.90..73925.90 rows=1470 width=4) (actual time=1063.080..1063.080 rows=2056 loops=1)
        Buckets: 4096 (originally 2048)  Batches: 1 (originally 1)  Memory Usage: 105kB
        ->  Seq Scan on title t  (cost=0.00..73925.90 rows=1470 width=4) (actual time=0.112..1061.943 rows=2056 loops=1)
              Filter: ((kind_id = 3) AND (production_year = 1996))
              Rows Removed by Filter: 2526256
Planning time: 0.779 ms
Execution time: 9677.657 ms
