Hash Join  (cost=212090.13..1332147.88 rows=8396459 width=0) (actual time=4315.256..37489.288 rows=7732835 loops=1)
  Hash Cond: (ci.movie_id = t.id)
  ->  Seq Scan on cast_info ci  (cost=0.00..614943.12 rows=36225612 width=4) (actual time=0.022..13243.486 rows=36244344 loops=1)
  ->  Hash  (cost=202474.28..202474.28 rows=586068 width=8) (actual time=4314.255..4314.255 rows=321998 loops=1)
        Buckets: 131072  Batches: 8  Memory Usage: 2603kB
        ->  Hash Join  (cost=98137.04..202474.28 rows=586068 width=8) (actual time=1966.162..4218.707 rows=321998 loops=1)
              Hash Cond: (mk.movie_id = t.id)
              ->  Seq Scan on movie_keyword mk  (cost=0.00..81003.12 rows=796288 width=4) (actual time=0.026..1439.940 rows=795406 loops=1)
                    Filter: (keyword_id < 766)
                    Rows Removed by Filter: 3728524
              ->  Hash  (cost=67604.59..67604.59 rows=1860996 width=4) (actual time=1964.925..1964.925 rows=1865487 loops=1)
                    Buckets: 131072  Batches: 32  Memory Usage: 3085kB
                    ->  Seq Scan on title t  (cost=0.00..67604.59 rows=1860996 width=4) (actual time=0.022..1343.087 rows=1865487 loops=1)
                          Filter: (kind_id > 1)
                          Rows Removed by Filter: 662825
Planning time: 1.224 ms
Execution time: 38321.186 ms
