Seq Scan on movie_keyword mk  (cost=0.00..81003.12 rows=1324044 width=0) (actual time=0.017..1365.216 rows=1339909 loops=1)
  Filter: (keyword_id < 1748)
  Rows Removed by Filter: 3184021
Planning time: 0.394 ms
Execution time: 1538.348 ms
