Hash Join  (cost=126026.26..477305.21 rows=2825 width=0) (actual time=4743.870..7664.840 rows=18231 loops=1)
  Hash Cond: (mi.movie_id = t.id)
  ->  Seq Scan on movie_info mi  (cost=0.00..346232.03 rows=1338312 width=4) (actual time=2399.630..5097.271 rows=1401902 loops=1)
        Filter: (info_type_id = 7)
        Rows Removed by Filter: 13433818
  ->  Hash  (cost=125959.55..125959.55 rows=5337 width=8) (actual time=2341.778..2341.778 rows=5589 loops=1)
        Buckets: 8192  Batches: 1  Memory Usage: 283kB
        ->  Hash Join  (cost=67697.55..125959.55 rows=5337 width=8) (actual time=1048.007..2339.112 rows=5589 loops=1)
              Hash Cond: (mc.movie_id = t.id)
              ->  Seq Scan on movie_companies mc  (cost=0.00..51404.11 rows=1814538 width=4) (actual time=0.030..975.009 rows=1825415 loops=1)
                    Filter: (company_id > 1700)
                    Rows Removed by Filter: 783714
              ->  Hash  (cost=67604.59..67604.59 rows=7437 width=4) (actual time=1047.660..1047.660 rows=4763 loops=1)
                    Buckets: 8192  Batches: 1  Memory Usage: 232kB
                    ->  Seq Scan on title t  (cost=0.00..67604.59 rows=7437 width=4) (actual time=0.093..1044.992 rows=4763 loops=1)
                          Filter: (production_year = 1950)
                          Rows Removed by Filter: 2523549
Planning time: 1.111 ms
Execution time: 7667.330 ms
