Hash Join  (cost=256000.62..850057.92 rows=8980847 width=0) (actual time=5998.773..39525.089 rows=83503768 loops=1)
  Hash Cond: (mi.movie_id = t.id)
  ->  Seq Scan on movie_info mi  (cost=0.00..309384.22 rows=14739122 width=4) (actual time=0.022..6168.961 rows=14835720 loops=1)
  ->  Hash  (cost=230723.08..230723.08 rows=1540683 width=8) (actual time=5997.907..5997.907 rows=1555262 loops=1)
        Buckets: 131072  Batches: 32  Memory Usage: 2992kB
        ->  Hash Join  (cost=102767.86..230723.08 rows=1540683 width=8) (actual time=2348.786..5551.757 rows=1555262 loops=1)
              Hash Cond: (mk.movie_id = t.id)
              ->  Seq Scan on movie_keyword mk  (cost=0.00..81003.12 rows=1540683 width=4) (actual time=0.016..1626.402 rows=1555262 loops=1)
                    Filter: (keyword_id > 10128)
                    Rows Removed by Filter: 2968668
              ->  Hash  (cost=61283.27..61283.27 rows=2528527 width=4) (actual time=2347.168..2347.168 rows=2528312 loops=1)
                    Buckets: 131072  Batches: 64  Memory Usage: 2425kB
                    ->  Seq Scan on title t  (cost=0.00..61283.27 rows=2528527 width=4) (actual time=0.037..1156.813 rows=2528312 loops=1)
Planning time: 1.147 ms
Execution time: 48852.037 ms
