Hash Join  (cost=128753.29..479749.16 rows=2338 width=0) (actual time=8165.756..8482.356 rows=4610 loops=1)
  Hash Cond: (mi.movie_id = t.id)
  ->  Seq Scan on movie_info mi  (cost=0.00..346232.03 rows=1264125 width=4) (actual time=0.016..5627.262 rows=1288928 loops=1)
        Filter: (info_type_id = 2)
        Rows Removed by Filter: 13546792
  ->  Hash  (cost=128694.84..128694.84 rows=4676 width=8) (actual time=2634.355..2634.355 rows=6221 loops=1)
        Buckets: 8192  Batches: 1  Memory Usage: 308kB
        ->  Hash Join  (cost=73982.55..128694.84 rows=4676 width=8) (actual time=1581.353..2631.626 rows=6221 loops=1)
              Hash Cond: (mc.movie_id = t.id)
              ->  Seq Scan on movie_companies mc  (cost=0.00..44881.29 rows=2609129 width=4) (actual time=0.016..675.671 rows=2609129 loops=1)
              ->  Hash  (cost=73925.90..73925.90 rows=4532 width=4) (actual time=1341.080..1341.080 rows=13632 loops=1)
                    Buckets: 16384 (originally 8192)  Batches: 1 (originally 1)  Memory Usage: 608kB
                    ->  Seq Scan on title t  (cost=0.00..73925.90 rows=4532 width=4) (actual time=0.028..1334.653 rows=13632 loops=1)
                          Filter: ((kind_id = 7) AND (production_year = 1990))
                          Rows Removed by Filter: 2514680
Planning time: 1.276 ms
Execution time: 8483.290 ms
