Hash Join  (cost=102544.35..498155.25 rows=188428 width=0) (actual time=1272.993..9999.863 rows=156972 loops=1)
  Hash Cond: (mi.movie_id = t.id)
  ->  Seq Scan on movie_info mi  (cost=0.00..346232.03 rows=12665229 width=4) (actual time=0.014..6353.530 rows=12744652 loops=1)
        Filter: (info_type_id > 2)
        Rows Removed by Filter: 2091068
  ->  Hash  (cost=102074.13..102074.13 rows=37618 width=8) (actual time=1235.726..1235.726 rows=19569 loops=1)
        Buckets: 65536  Batches: 1  Memory Usage: 1277kB
        ->  Hash Join  (cost=74787.47..102074.13 rows=37618 width=8) (actual time=918.179..1231.844 rows=19569 loops=1)
              Hash Cond: (mi_idx.movie_id = t.id)
              ->  Seq Scan on movie_info_idx mi_idx  (cost=0.00..21735.35 rows=1380035 width=4) (actual time=0.017..121.824 rows=1380035 loops=1)
              ->  Hash  (cost=73925.90..73925.90 rows=68925 width=4) (actual time=910.996..910.996 rows=84076 loops=1)
                    Buckets: 131072  Batches: 1  Memory Usage: 3980kB
                    ->  Seq Scan on title t  (cost=0.00..73925.90 rows=68925 width=4) (actual time=0.019..884.007 rows=84076 loops=1)
                          Filter: ((kind_id = 7) AND (production_year = 2007))
                          Rows Removed by Filter: 2444236
Planning time: 1.251 ms
Execution time: 10020.740 ms
