Seq Scan on movie_keyword mk  (cost=0.00..81003.12 rows=1380420 width=0) (actual time=0.023..1429.257 rows=1392971 loops=1)
  Filter: (keyword_id < 1880)
  Rows Removed by Filter: 3130959
Planning time: 0.349 ms
Execution time: 1605.539 ms
