Seq Scan on movie_companies mc  (cost=0.00..57926.93 rows=238990 width=0) (actual time=0.017..933.452 rows=472675 loops=1)
  Filter: ((company_id > 75790) AND (company_type_id = 2))
  Rows Removed by Filter: 2136454
Planning time: 0.418 ms
Execution time: 994.364 ms
