Seq Scan on movie_companies mc  (cost=0.00..51404.11 rows=1606549 width=0) (actual time=0.016..1039.919 rows=1597095 loops=1)
  Filter: (company_id < 16323)
  Rows Removed by Filter: 1012034
Planning time: 0.332 ms
Execution time: 1247.822 ms
