Seq Scan on cast_info ci  (cost=0.00..705507.15 rows=9953287 width=0) (actual time=0.021..11909.087 rows=9940594 loops=1)
  Filter: (person_id > 2719914)
  Rows Removed by Filter: 26303750
Planning time: 0.307 ms
Execution time: 13140.707 ms
