Hash Join  (cost=122535.74..480366.61 rows=9312 width=0) (actual time=2325.319..8502.624 rows=48289 loops=1)
  Hash Cond: (mi.movie_id = t.id)
  ->  Seq Scan on movie_info mi  (cost=0.00..346232.03 rows=3068194 width=4) (actual time=0.020..5603.341 rows=3036719 loops=1)
        Filter: (info_type_id = 16)
        Rows Removed by Filter: 11799001
  ->  Hash  (cost=122439.81..122439.81 rows=7674 width=8) (actual time=2324.786..2324.786 rows=18797 loops=1)
        Buckets: 32768 (originally 8192)  Batches: 1 (originally 1)  Memory Usage: 991kB
        ->  Hash Join  (cost=67697.55..122439.81 rows=7674 width=8) (actual time=1106.469..2316.659 rows=18797 loops=1)
              Hash Cond: (mc.movie_id = t.id)
              ->  Seq Scan on movie_companies mc  (cost=0.00..44881.29 rows=2609129 width=4) (actual time=0.010..599.829 rows=2609129 loops=1)
              ->  Hash  (cost=67604.59..67604.59 rows=7437 width=4) (actual time=1106.196..1106.196 rows=13994 loops=1)
                    Buckets: 16384 (originally 8192)  Batches: 1 (originally 1)  Memory Usage: 620kB
                    ->  Seq Scan on title t  (cost=0.00..67604.59 rows=7437 width=4) (actual time=0.266..1098.995 rows=13994 loops=1)
                          Filter: (production_year = 1976)
                          Rows Removed by Filter: 2514318
Planning time: 1.818 ms
Execution time: 8509.110 ms
