Hash Join  (cost=83810.17..146094.81 rows=12587 width=0) (actual time=1452.854..2353.215 rows=605 loops=1)
  Hash Cond: (mc.movie_id = t.id)
  ->  Seq Scan on movie_companies mc  (cost=0.00..57926.93 rows=32221 width=4) (actual time=0.955..754.683 rows=6578 loops=1)
        Filter: ((company_id = 6) AND (company_type_id = 2))
        Rows Removed by Filter: 2602551
  ->  Hash  (cost=67604.59..67604.59 rows=987727 width=4) (actual time=1448.833..1448.833 rows=985048 loops=1)
        Buckets: 131072  Batches: 16  Memory Usage: 3188kB
        ->  Seq Scan on title t  (cost=0.00..67604.59 rows=987727 width=4) (actual time=0.021..1145.777 rows=985048 loops=1)
              Filter: (kind_id < 7)
              Rows Removed by Filter: 1543264
Planning time: 0.780 ms
Execution time: 2353.411 ms
