Hash Join  (cost=83074.74..447745.01 rows=1434 width=0) (actual time=1332.810..9093.302 rows=62952 loops=1)
  Hash Cond: (mi.movie_id = t.id)
  ->  Seq Scan on movie_info mi  (cost=0.00..309384.22 rows=14739122 width=4) (actual time=0.020..4690.427 rows=14835720 loops=1)
  ->  Hash  (cost=83071.67..83071.67 rows=246 width=8) (actual time=1332.591..1332.591 rows=3714 loops=1)
        Buckets: 4096 (originally 1024)  Batches: 1 (originally 1)  Memory Usage: 178kB
        ->  Nested Loop  (cost=0.43..83071.67 rows=246 width=8) (actual time=2.306..1330.468 rows=3714 loops=1)
              ->  Seq Scan on movie_keyword mk  (cost=0.00..81003.12 rows=246 width=4) (actual time=2.240..1227.145 rows=3714 loops=1)
                    Filter: (keyword_id = 3673)
                    Rows Removed by Filter: 4520216
              ->  Index Only Scan using title_pkey on title t  (cost=0.43..8.40 rows=1 width=4) (actual time=0.027..0.027 rows=1 loops=3714)
                    Index Cond: (id = mk.movie_id)
                    Heap Fetches: 3714
Planning time: 1.186 ms
Execution time: 9103.380 ms
