Hash Join  (cost=226602.64..608208.56 rows=947557 width=0) (actual time=8898.804..12198.462 rows=2283644 loops=1)
  Hash Cond: (mi.movie_id = t.id)
  ->  Seq Scan on movie_info mi  (cost=0.00..346232.03 rows=1550064 width=4) (actual time=3065.305..4749.328 rows=1533909 loops=1)
        Filter: (info_type_id = 3)
        Rows Removed by Filter: 13301811
  ->  Hash  (cost=201243.48..201243.48 rows=1545693 width=8) (actual time=5832.561..5832.561 rows=1548972 loops=1)
        Buckets: 131072  Batches: 32  Memory Usage: 2952kB
        ->  Hash Join  (cost=102767.86..201243.48 rows=1545693 width=8) (actual time=1896.778..5355.567 rows=1548972 loops=1)
              Hash Cond: (mc.movie_id = t.id)
              ->  Seq Scan on movie_companies mc  (cost=0.00..51404.11 rows=1545693 width=4) (actual time=0.027..1064.442 rows=1548972 loops=1)
                    Filter: (company_id > 6316)
                    Rows Removed by Filter: 1060157
              ->  Hash  (cost=61283.27..61283.27 rows=2528527 width=4) (actual time=1895.450..1895.450 rows=2528312 loops=1)
                    Buckets: 131072  Batches: 64  Memory Usage: 2415kB
                    ->  Seq Scan on title t  (cost=0.00..61283.27 rows=2528527 width=4) (actual time=0.017..1061.515 rows=2528312 loops=1)
Planning time: 1.338 ms
Execution time: 12468.054 ms
