Hash Join  (cost=124755.09..490581.98 rows=117096 width=0) (actual time=2329.752..9835.588 rows=915509 loops=1)
  Hash Cond: (mi.movie_id = t.id)
  ->  Seq Scan on movie_info mi  (cost=0.00..309384.22 rows=14739122 width=4) (actual time=0.014..4059.099 rows=14835720 loops=1)
  ->  Hash  (cost=124503.99..124503.99 rows=20088 width=8) (actual time=2329.007..2329.007 rows=15972 loops=1)
        Buckets: 32768  Batches: 1  Memory Usage: 880kB
        ->  Hash Join  (cost=68100.81..124503.99 rows=20088 width=8) (actual time=1061.101..2322.467 rows=15972 loops=1)
              Hash Cond: (mc.movie_id = t.id)
              ->  Seq Scan on movie_companies mc  (cost=0.00..51404.11 rows=1279517 width=4) (actual time=0.015..979.519 rows=1274246 loops=1)
                    Filter: (company_type_id = 1)
                    Rows Removed by Filter: 1334883
              ->  Hash  (cost=67604.59..67604.59 rows=39698 width=4) (actual time=1060.686..1060.686 rows=36437 loops=1)
                    Buckets: 65536  Batches: 1  Memory Usage: 1793kB
                    ->  Seq Scan on title t  (cost=0.00..67604.59 rows=39698 width=4) (actual time=0.032..1045.033 rows=36437 loops=1)
                          Filter: (production_year = 1995)
                          Rows Removed by Filter: 2491875
Planning time: 1.166 ms
Execution time: 9950.735 ms
