Nested Loop  (cost=0.43..83072.29 rows=150 width=0) (actual time=694.925..1326.238 rows=50 loops=1)
  ->  Seq Scan on movie_keyword mk  (cost=0.00..81003.12 rows=246 width=4) (actual time=1.801..1302.167 rows=494 loops=1)
        Filter: (keyword_id = 5760)
        Rows Removed by Filter: 4523436
  ->  Index Scan using title_pkey on title t  (cost=0.43..8.40 rows=1 width=4) (actual time=0.047..0.047 rows=0 loops=494)
        Index Cond: (id = mk.movie_id)
        Filter: (kind_id = 7)
        Rows Removed by Filter: 1
Planning time: 0.547 ms
Execution time: 1326.352 ms
