Hash Join  (cost=82699.12..165355.47 rows=551783 width=0) (actual time=1355.856..3728.119 rows=772774 loops=1)
  Hash Cond: (mc.movie_id = t.id)
  ->  Seq Scan on movie_companies mc  (cost=0.00..44881.29 rows=2609129 width=4) (actual time=0.021..875.316 rows=2609129 loops=1)
  ->  Hash  (cost=73925.90..73925.90 rows=534737 width=4) (actual time=1354.877..1354.877 rows=408101 loops=1)
        Buckets: 131072  Batches: 8  Memory Usage: 2825kB
        ->  Seq Scan on title t  (cost=0.00..73925.90 rows=534737 width=4) (actual time=112.201..1228.222 rows=408101 loops=1)
              Filter: ((production_year > 1974) AND (kind_id = 1))
              Rows Removed by Filter: 2120211
Planning time: 3.632 ms
Execution time: 3822.223 ms
