Hash Join  (cost=75482.18..431753.51 rows=30367 width=0) (actual time=4119.775..7589.880 rows=72343 loops=1)
  Hash Cond: (mi.movie_id = t.id)
  ->  Seq Scan on movie_info mi  (cost=0.00..346232.03 rows=809768 width=4) (actual time=2362.588..5419.375 rows=802140 loops=1)
        Filter: (info_type_id < 2)
        Rows Removed by Filter: 14033580
  ->  Hash  (cost=73925.90..73925.90 rows=94822 width=4) (actual time=1756.153..1756.153 rows=194973 loops=1)
        Buckets: 131072 (originally 131072)  Batches: 4 (originally 2)  Memory Usage: 3073kB
        ->  Seq Scan on title t  (cost=0.00..73925.90 rows=94822 width=4) (actual time=0.030..1141.637 rows=194973 loops=1)
              Filter: ((kind_id < 7) AND (production_year < 1960))
              Rows Removed by Filter: 2333339
Planning time: 0.797 ms
Execution time: 7598.733 ms
