Hash Join  (cost=139022.77..504179.71 rows=50101 width=0) (actual time=1485.489..8946.017 rows=589939 loops=1)
  Hash Cond: (mi.movie_id = t.id)
  ->  Seq Scan on movie_info mi  (cost=0.00..309384.22 rows=14739122 width=4) (actual time=0.010..4204.565 rows=14835720 loops=1)
  ->  Hash  (cost=138915.34..138915.34 rows=8595 width=8) (actual time=1485.258..1485.258 rows=8337 loops=1)
        Buckets: 16384  Batches: 1  Memory Usage: 454kB
        ->  Nested Loop  (cost=0.43..138915.34 rows=8595 width=8) (actual time=0.376..1480.364 rows=8337 loops=1)
              ->  Seq Scan on movie_keyword mk  (cost=0.00..81003.12 rows=8595 width=4) (actual time=0.307..1278.977 rows=8337 loops=1)
                    Filter: (keyword_id = 865)
                    Rows Removed by Filter: 4515593
              ->  Index Only Scan using title_pkey on title t  (cost=0.43..6.73 rows=1 width=4) (actual time=0.023..0.023 rows=1 loops=8337)
                    Index Cond: (id = mk.movie_id)
                    Heap Fetches: 8337
Planning time: 7.415 ms
Execution time: 9023.433 ms
