Hash Join  (cost=79690.18..1090934.87 rows=3264921 width=0) (actual time=1307.863..28097.882 rows=1486254 loops=1)
  Hash Cond: (ci.movie_id = t.id)
  ->  Seq Scan on cast_info ci  (cost=0.00..705507.15 rows=23499554 width=4) (actual time=0.017..16160.351 rows=23573656 loops=1)
        Filter: (role_id > 1)
        Rows Removed by Filter: 12670688
  ->  Hash  (cost=73925.90..73925.90 rows=351302 width=4) (actual time=1306.849..1306.849 rows=233910 loops=1)
        Buckets: 131072  Batches: 8  Memory Usage: 2039kB
        ->  Seq Scan on title t  (cost=0.00..73925.90 rows=351302 width=4) (actual time=0.010..1228.634 rows=233910 loops=1)
              Filter: ((production_year < 1984) AND (kind_id = 7))
              Rows Removed by Filter: 2294402
Planning time: 4.107 ms
Execution time: 28277.653 ms
