Hash Join  (cost=829599.85..1336143.06 rows=2505729 width=0) (actual time=15769.508..29219.451 rows=1653058 loops=1)
  Hash Cond: (mi.movie_id = t.id)
  ->  Seq Scan on movie_info mi  (cost=0.00..309384.22 rows=14739122 width=4) (actual time=0.013..6388.470 rows=14835720 loops=1)
  ->  Hash  (cost=822546.56..822546.56 rows=429863 width=8) (actual time=15768.759..15768.759 rows=353580 loops=1)
        Buckets: 131072  Batches: 8  Memory Usage: 2748kB
        ->  Hash Join  (cost=98498.33..822546.56 rows=429863 width=8) (actual time=3061.788..15661.207 rows=353580 loops=1)
              Hash Cond: (ci.movie_id = t.id)
              ->  Seq Scan on cast_info ci  (cost=0.00..705507.15 rows=725720 width=4) (actual time=955.787..12830.547 rows=773674 loops=1)
                    Filter: (role_id = 6)
                    Rows Removed by Filter: 35470670
              ->  Hash  (cost=73925.90..73925.90 rows=1497714 width=4) (actual time=2104.800..2104.800 rows=1478440 loops=1)
                    Buckets: 131072  Batches: 32  Memory Usage: 2651kB
                    ->  Seq Scan on title t  (cost=0.00..73925.90 rows=1497714 width=4) (actual time=0.023..1568.042 rows=1478440 loops=1)
                          Filter: ((production_year > 0) AND (kind_id = 7))
                          Rows Removed by Filter: 1049872
Planning time: 0.827 ms
Execution time: 29414.468 ms
