Hash Join  (cost=88238.62..123649.81 rows=156679 width=0) (actual time=1657.055..2575.033 rows=90590 loops=1)
  Hash Cond: (mi_idx.movie_id = t.id)
  ->  Seq Scan on movie_info_idx mi_idx  (cost=0.00..25185.44 rows=454124 width=4) (actual time=0.017..515.620 rows=459925 loops=1)
        Filter: (info_type_id = 100)
        Rows Removed by Filter: 920110
  ->  Hash  (cost=73925.90..73925.90 rows=872377 width=4) (actual time=1655.645..1655.645 rows=970133 loops=1)
        Buckets: 131072  Batches: 16  Memory Usage: 3166kB
        ->  Seq Scan on title t  (cost=0.00..73925.90 rows=872377 width=4) (actual time=0.020..1357.398 rows=970133 loops=1)
              Filter: ((kind_id > 3) AND (production_year > 2001))
              Rows Removed by Filter: 1558179
Planning time: 0.790 ms
Execution time: 2586.025 ms
