Seq Scan on movie_companies mc  (cost=0.00..57926.93 rows=803784 width=0) (actual time=0.023..1067.743 rows=592230 loops=1)
  Filter: ((company_id > 4162) AND (company_type_id < 2))
  Rows Removed by Filter: 2016899
Planning time: 0.330 ms
Execution time: 1144.395 ms
