Hash Join  (cost=77838.49..146177.41 rows=120662 width=0) (actual time=1685.282..3046.973 rows=134848 loops=1)
  Hash Cond: (mc.movie_id = t.id)
  ->  Seq Scan on movie_companies mc  (cost=0.00..51404.11 rows=1279517 width=4) (actual time=0.025..1045.805 rows=1274246 loops=1)
        Filter: (company_type_id = 1)
        Rows Removed by Filter: 1334883
  ->  Hash  (cost=73925.90..73925.90 rows=238447 width=4) (actual time=1437.426..1437.426 rows=200165 loops=1)
        Buckets: 131072  Batches: 4  Memory Usage: 2784kB
        ->  Seq Scan on title t  (cost=0.00..73925.90 rows=238447 width=4) (actual time=200.474..1100.990 rows=200165 loops=1)
              Filter: ((production_year > 2006) AND (kind_id = 1))
              Rows Removed by Filter: 2328147
Planning time: 0.752 ms
Execution time: 3062.756 ms
