Seq Scan on movie_keyword mk  (cost=0.00..81003.12 rows=2656435 width=0) (actual time=0.024..1521.226 rows=2647016 loops=1)
  Filter: (keyword_id > 3192)
  Rows Removed by Filter: 1876914
Planning time: 0.315 ms
Execution time: 1847.508 ms
