Hash Join  (cost=58375.85..145034.83 rows=95 width=0) (actual time=2506.194..2647.139 rows=54 loops=1)
  Hash Cond: (mk.movie_id = t.id)
  ->  Seq Scan on movie_keyword mk  (cost=0.00..69693.30 rows=4523930 width=4) (actual time=0.013..1042.656 rows=4523930 loops=1)
  ->  Hash  (cost=58375.18..58375.18 rows=53 width=8) (actual time=831.495..831.495 rows=1 loops=1)
        Buckets: 1024  Batches: 1  Memory Usage: 9kB
        ->  Nested Loop  (cost=0.43..58375.18 rows=53 width=8) (actual time=240.526..831.489 rows=1 loops=1)
              ->  Seq Scan on movie_companies mc  (cost=0.00..57926.93 rows=53 width=4) (actual time=240.402..831.364 rows=1 loops=1)
                    Filter: ((company_id = 114675) AND (company_type_id = 2))
                    Rows Removed by Filter: 2609128
              ->  Index Only Scan using title_pkey on title t  (cost=0.43..8.45 rows=1 width=4) (actual time=0.100..0.101 rows=1 loops=1)
                    Index Cond: (id = mc.movie_id)
                    Heap Fetches: 1
Planning time: 3.582 ms
Execution time: 2647.246 ms
