Seq Scan on movie_keyword mk  (cost=0.00..81003.12 rows=3000922 width=0) (actual time=0.018..1599.278 rows=2985162 loops=1)
  Filter: (keyword_id < 10312)
  Rows Removed by Filter: 1538768
Planning time: 0.331 ms
Execution time: 1973.130 ms
