Hash Join  (cost=121788.28..610709.05 rows=854183 width=0) (actual time=2301.168..17177.093 rows=6905478 loops=1)
  Hash Cond: (mi.movie_id = t.id)
  ->  Seq Scan on movie_info mi  (cost=0.00..309384.22 rows=14739122 width=4) (actual time=0.003..6322.882 rows=14835720 loops=1)
  ->  Hash  (cost=119383.57..119383.57 rows=146537 width=8) (actual time=2300.185..2300.185 rows=333816 loops=1)
        Buckets: 131072 (originally 131072)  Batches: 8 (originally 2)  Memory Usage: 3073kB
        ->  Hash Join  (cost=80569.13..119383.57 rows=146537 width=8) (actual time=1152.305..2206.104 rows=333816 loops=1)
              Hash Cond: (mi_idx.movie_id = t.id)
              ->  Seq Scan on movie_info_idx mi_idx  (cost=0.00..25185.44 rows=915101 width=4) (actual time=0.025..509.086 rows=919850 loops=1)
                    Filter: (info_type_id < 101)
                    Rows Removed by Filter: 460185
              ->  Hash  (cost=73925.90..73925.90 rows=404898 width=4) (actual time=1151.461..1151.461 rows=477683 loops=1)
                    Buckets: 131072  Batches: 8  Memory Usage: 3135kB
                    ->  Seq Scan on title t  (cost=0.00..73925.90 rows=404898 width=4) (actual time=0.030..1007.699 rows=477683 loops=1)
                          Filter: ((kind_id < 3) AND (production_year < 2005))
                          Rows Removed by Filter: 2050629
Planning time: 1.173 ms
Execution time: 17936.220 ms
