Seq Scan on cast_info ci  (cost=0.00..705507.15 rows=14909331 width=0) (actual time=307.084..11907.738 rows=14809121 loops=1)
  Filter: (person_id < 1460698)
  Rows Removed by Filter: 21435223
Planning time: 0.318 ms
Execution time: 13762.244 ms
