Hash Join  (cost=156544.64..662180.85 rows=2420730 width=0) (actual time=3444.105..18313.815 rows=6512864 loops=1)
  Hash Cond: (mi.movie_id = t.id)
  ->  Seq Scan on movie_info mi  (cost=0.00..309384.22 rows=14739122 width=4) (actual time=0.017..6210.871 rows=14835720 loops=1)
  ->  Hash  (cost=149730.63..149730.63 rows=415281 width=8) (actual time=3442.277..3442.277 rows=437607 loops=1)
        Buckets: 131072  Batches: 8  Memory Usage: 3178kB
        ->  Hash Join  (cost=105540.76..149730.63 rows=415281 width=8) (actual time=2078.219..3314.964 rows=437607 loops=1)
              Hash Cond: (mi_idx.movie_id = t.id)
              ->  Seq Scan on movie_info_idx mi_idx  (cost=0.00..25185.44 rows=454124 width=4) (actual time=0.017..481.192 rows=459925 loops=1)
                    Filter: (info_type_id = 100)
                    Rows Removed by Filter: 920110
              ->  Hash  (cost=67604.59..67604.59 rows=2312254 width=4) (actual time=2077.393..2077.393 rows=2306538 loops=1)
                    Buckets: 131072  Batches: 32  Memory Usage: 3561kB
                    ->  Seq Scan on title t  (cost=0.00..67604.59 rows=2312254 width=4) (actual time=0.019..1366.287 rows=2306538 loops=1)
                          Filter: (production_year > 1943)
                          Rows Removed by Filter: 221774
Planning time: 1.204 ms
Execution time: 19061.271 ms
