Nested Loop  (cost=0.43..83072.29 rows=65 width=0) (actual time=0.091..1237.960 rows=75 loops=1)
  ->  Seq Scan on movie_keyword mk  (cost=0.00..81003.12 rows=246 width=4) (actual time=0.048..1233.398 rows=108 loops=1)
        Filter: (keyword_id = 17286)
        Rows Removed by Filter: 4523822
  ->  Index Scan using title_pkey on title t  (cost=0.43..8.40 rows=1 width=4) (actual time=0.038..0.039 rows=1 loops=108)
        Index Cond: (id = mk.movie_id)
        Filter: (kind_id = 1)
        Rows Removed by Filter: 0
Planning time: 0.820 ms
Execution time: 1238.134 ms
