Nested Loop  (cost=81655.55..890282.54 rows=2651 width=0) (actual time=9540.956..26707.983 rows=239749 loops=1)
  ->  Hash Join  (cost=81655.12..886616.10 rows=6605 width=8) (actual time=9540.795..13604.434 rows=239749 loops=1)
        Hash Cond: (ci.movie_id = mc.movie_id)
        ->  Seq Scan on cast_info ci  (cost=0.00..796071.18 rows=3636 width=4) (actual time=7850.233..11409.368 rows=161237 loops=1)
              Filter: ((person_id > 3986659) AND (role_id = 11))
              Rows Removed by Filter: 36083107
        ->  Hash  (cost=51404.11..51404.11 rows=1843841 width=4) (actual time=1689.269..1689.269 rows=1838307 loops=1)
              Buckets: 131072  Batches: 32  Memory Usage: 3009kB
              ->  Seq Scan on movie_companies mc  (cost=0.00..51404.11 rows=1843841 width=4) (actual time=0.034..1117.673 rows=1838307 loops=1)
                    Filter: (company_id < 33886)
                    Rows Removed by Filter: 770822
  ->  Index Only Scan using title_pkey on title t  (cost=0.43..0.55 rows=1 width=4) (actual time=0.054..0.054 rows=1 loops=239749)
        Index Cond: (id = mc.movie_id)
        Heap Fetches: 239749
Planning time: 1.244 ms
Execution time: 26753.997 ms
