Seq Scan on cast_info ci  (cost=0.00..705507.15 rows=500 width=0) (actual time=7051.200..11104.762 rows=16 loops=1)
  Filter: (person_id = 2050579)
  Rows Removed by Filter: 36244328
Planning time: 0.356 ms
Execution time: 11104.847 ms
