Hash Join  (cost=521607.22..1400656.98 rows=2489374 width=0) (actual time=13887.910..28466.631 rows=3106069 loops=1)
  Hash Cond: (ci.movie_id = t.id)
  ->  Seq Scan on cast_info ci  (cost=0.00..796071.18 rows=4060767 width=4) (actual time=4497.965..15991.692 rows=4242283 loops=1)
        Filter: ((person_id > 207699) AND (role_id = 10))
        Rows Removed by Filter: 32002061
  ->  Hash  (cost=496176.42..496176.42 rows=1550064 width=8) (actual time=9388.487..9388.487 rows=1533909 loops=1)
        Buckets: 131072  Batches: 32  Memory Usage: 2883kB
        ->  Hash Join  (cost=102767.86..496176.42 rows=1550064 width=8) (actual time=4673.093..8950.654 rows=1533909 loops=1)
              Hash Cond: (mi.movie_id = t.id)
              ->  Seq Scan on movie_info mi  (cost=0.00..346232.03 rows=1550064 width=4) (actual time=2694.239..5322.994 rows=1533909 loops=1)
                    Filter: (info_type_id = 3)
                    Rows Removed by Filter: 13301811
              ->  Hash  (cost=61283.27..61283.27 rows=2528527 width=4) (actual time=1977.764..1977.764 rows=2528312 loops=1)
                    Buckets: 131072  Batches: 64  Memory Usage: 2425kB
                    ->  Seq Scan on title t  (cost=0.00..61283.27 rows=2528527 width=4) (actual time=0.023..1103.197 rows=2528312 loops=1)
Planning time: 1.888 ms
Execution time: 28848.149 ms
