Hash Join  (cost=69687.24..1074713.52 rows=1244222 width=0) (actual time=1069.764..26654.993 rows=1310193 loops=1)
  Hash Cond: (ci.movie_id = t.id)
  ->  Seq Scan on cast_info ci  (cost=0.00..705507.15 rows=24785311 width=4) (actual time=0.007..14953.675 rows=24805782 loops=1)
        Filter: (person_id < 2554672)
        Rows Removed by Filter: 11438562
  ->  Hash  (cost=67604.59..67604.59 rows=126932 width=4) (actual time=1069.142..1069.142 rows=122861 loops=1)
        Buckets: 131072  Batches: 2  Memory Usage: 3191kB
        ->  Seq Scan on title t  (cost=0.00..67604.59 rows=126932 width=4) (actual time=0.016..1023.782 rows=122861 loops=1)
              Filter: (production_year = 2008)
              Rows Removed by Filter: 2405451
Planning time: 0.418 ms
Execution time: 26822.274 ms
