Seq Scan on cast_info ci  (cost=0.00..796071.18 rows=476444 width=0) (actual time=4095.521..13756.526 rows=669225 loops=1)
  Filter: ((person_id > 1664309) AND (role_id = 5))
  Rows Removed by Filter: 35575119
Planning time: 0.410 ms
Execution time: 13830.622 ms
