Hash Join  (cost=201900.37..1349632.02 rows=11090449 width=0) (actual time=4298.102..40817.465 rows=19930379 loops=1)
  Hash Cond: (ci.movie_id = t.id)
  ->  Seq Scan on cast_info ci  (cost=0.00..614943.12 rows=36225612 width=4) (actual time=0.018..12718.865 rows=36244344 loops=1)
  ->  Hash  (cost=189200.03..189200.03 rows=774107 width=8) (actual time=4297.164..4297.164 rows=559742 loops=1)
        Buckets: 131072  Batches: 16  Memory Usage: 2389kB
        ->  Hash Join  (cost=102767.86..189200.03 rows=774107 width=8) (actual time=2505.370..3898.800 rows=559742 loops=1)
              Hash Cond: (mc.movie_id = t.id)
              ->  Seq Scan on movie_companies mc  (cost=0.00..57926.93 rows=774107 width=4) (actual time=577.200..1075.423 rows=559742 loops=1)
                    Filter: ((company_id > 5659) AND (company_type_id = 1))
                    Rows Removed by Filter: 2049387
              ->  Hash  (cost=61283.27..61283.27 rows=2528527 width=4) (actual time=1927.241..1927.241 rows=2528312 loops=1)
                    Buckets: 131072  Batches: 64  Memory Usage: 2415kB
                    ->  Seq Scan on title t  (cost=0.00..61283.27 rows=2528527 width=4) (actual time=0.017..1087.596 rows=2528312 loops=1)
Planning time: 1.091 ms
Execution time: 43188.846 ms
