Hash Join  (cost=140719.26..227841.81 rows=19729 width=0) (actual time=2541.489..3792.987 rows=64648 loops=1)
  Hash Cond: (mk.movie_id = t.id)
  ->  Seq Scan on movie_keyword mk  (cost=0.00..81003.12 rows=1579236 width=4) (actual time=0.018..1019.357 rows=1586556 loops=1)
        Filter: (keyword_id < 2425)
        Rows Removed by Filter: 2937374
  ->  Hash  (cost=140324.41..140324.41 rows=31588 width=8) (actual time=2541.215..2541.215 rows=12962 loops=1)
        Buckets: 32768  Batches: 1  Memory Usage: 763kB
        ->  Hash Join  (cost=83810.17..140324.41 rows=31588 width=8) (actual time=1494.093..2535.872 rows=12962 loops=1)
              Hash Cond: (mc.movie_id = t.id)
              ->  Seq Scan on movie_companies mc  (cost=0.00..51404.11 rows=80864 width=4) (actual time=0.111..816.214 rows=84071 loops=1)
                    Filter: (company_id < 19)
                    Rows Removed by Filter: 2525058
              ->  Hash  (cost=67604.59..67604.59 rows=987727 width=4) (actual time=1492.317..1492.317 rows=985048 loops=1)
                    Buckets: 131072  Batches: 16  Memory Usage: 3188kB
                    ->  Seq Scan on title t  (cost=0.00..67604.59 rows=987727 width=4) (actual time=0.028..1212.120 rows=985048 loops=1)
                          Filter: (kind_id < 7)
                          Rows Removed by Filter: 1543264
Planning time: 1.129 ms
Execution time: 3799.706 ms
