Hash Join  (cost=85855.67..1005128.64 rows=2397174 width=0) (actual time=10035.216..17950.020 rows=1064887 loops=1)
  Hash Cond: (ci.movie_id = t.id)
  ->  Seq Scan on cast_info ci  (cost=0.00..796071.18 rows=8336281 width=4) (actual time=8476.834..13396.533 rows=3691787 loops=1)
        Filter: ((person_id > 1224891) AND (role_id = 1))
        Rows Removed by Filter: 32552557
  ->  Hash  (cost=73925.90..73925.90 rows=727101 width=4) (actual time=1557.001..1557.001 rows=796159 loops=1)
        Buckets: 131072  Batches: 16  Memory Usage: 2780kB
        ->  Seq Scan on title t  (cost=0.00..73925.90 rows=727101 width=4) (actual time=126.272..1296.101 rows=796159 loops=1)
              Filter: ((production_year > 2003) AND (kind_id = 7))
              Rows Removed by Filter: 1732153
Planning time: 4.033 ms
Execution time: 18070.391 ms
