Hash Join  (cost=782730.90..3097106.12 rows=95504381 width=0) (actual time=20131.094..112998.369 rows=232065368 loops=1)
  Hash Cond: (ci.movie_id = t.id)
  ->  Seq Scan on cast_info ci  (cost=0.00..705507.15 rows=30674181 width=4) (actual time=0.011..16346.989 rows=30772134 loops=1)
        Filter: (person_id > 528059)
        Rows Removed by Filter: 5472210
  ->  Hash  (cost=653570.46..653570.46 rows=7872595 width=8) (actual time=20130.101..20130.101 rows=9334799 loops=1)
        Buckets: 131072 (originally 131072)  Batches: 256 (originally 128)  Memory Usage: 3818kB
        ->  Hash Join  (cost=89762.59..653570.46 rows=7872595 width=8) (actual time=1697.140..17420.262 rows=9334799 loops=1)
              Hash Cond: (mi.movie_id = t.id)
              ->  Seq Scan on movie_info mi  (cost=0.00..309384.22 rows=14739122 width=4) (actual time=0.017..5687.456 rows=14835720 loops=1)
              ->  Hash  (cost=67604.59..67604.59 rows=1350560 width=4) (actual time=1695.855..1695.855 rows=1348293 loops=1)
                    Buckets: 131072  Batches: 32  Memory Usage: 2514kB
                    ->  Seq Scan on title t  (cost=0.00..67604.59 rows=1350560 width=4) (actual time=0.014..1235.872 rows=1348293 loops=1)
                          Filter: (production_year < 2005)
                          Rows Removed by Filter: 1180019
Planning time: 1.213 ms
Execution time: 137456.116 ms
