Hash Join  (cost=204721.10..340372.73 rows=1460838 width=0) (actual time=4732.212..8237.375 rows=781411 loops=1)
  Hash Cond: (mk.movie_id = t.id)
  ->  Seq Scan on movie_keyword mk  (cost=0.00..81003.12 rows=3054165 width=4) (actual time=0.013..1645.762 rows=3042004 loops=1)
        Filter: (keyword_id < 11058)
        Rows Removed by Filter: 1481926
  ->  Hash  (cost=184878.35..184878.35 rows=1209420 width=8) (actual time=4403.697..4403.697 rows=558885 loops=1)
        Buckets: 131072  Batches: 16  Memory Usage: 2379kB
        ->  Hash Join  (cost=93155.63..184878.35 rows=1209420 width=8) (actual time=2004.876..4252.320 rows=558885 loops=1)
              Hash Cond: (mc.movie_id = t.id)
              ->  Seq Scan on movie_companies mc  (cost=0.00..44881.29 rows=2609129 width=4) (actual time=0.030..866.509 rows=2609129 loops=1)
              ->  Hash  (cost=73925.90..73925.90 rows=1172058 width=4) (actual time=1906.615..1906.615 rows=1128906 loops=1)
                    Buckets: 131072  Batches: 16  Memory Usage: 3503kB
                    ->  Seq Scan on title t  (cost=0.00..73925.90 rows=1172058 width=4) (actual time=221.879..1536.343 rows=1128906 loops=1)
                          Filter: ((production_year < 2010) AND (kind_id = 7))
                          Rows Removed by Filter: 1399406
Planning time: 1.167 ms
Execution time: 8329.267 ms
