Nested Loop  (cost=353975.89..1152615.28 rows=11 width=0) (actual time=16137.716..16173.185 rows=1 loops=1)
  Join Filter: (ci.movie_id = t.id)
  ->  Hash Join  (cost=353975.46..1152575.62 rows=47 width=8) (actual time=16137.640..16173.106 rows=1 loops=1)
        Hash Cond: (ci.movie_id = mi.movie_id)
        ->  Seq Scan on cast_info ci  (cost=0.00..796071.18 rows=101 width=4) (actual time=2560.259..10883.298 rows=6 loops=1)
              Filter: ((person_id = 2072982) AND (role_id = 2))
              Rows Removed by Filter: 36244338
        ->  Hash  (cost=346232.03..346232.03 rows=471955 width=4) (actual time=5240.689..5240.689 rows=543367 loops=1)
              Buckets: 131072  Batches: 8  Memory Usage: 3408kB
              ->  Seq Scan on movie_info mi  (cost=0.00..346232.03 rows=471955 width=4) (actual time=1593.478..5088.829 rows=543367 loops=1)
                    Filter: (info_type_id > 98)
                    Rows Removed by Filter: 14292353
  ->  Index Scan using title_pkey on title t  (cost=0.43..0.83 rows=1 width=4) (actual time=0.060..0.061 rows=1 loops=1)
        Index Cond: (id = mi.movie_id)
        Filter: (production_year > 1998)
Planning time: 4.780 ms
Execution time: 16173.322 ms
