Hash Join  (cost=74490.27..889334.28 rows=496951 width=0) (actual time=1100.939..21463.370 rows=253469 loops=1)
  Hash Cond: (ci.movie_id = t.id)
  ->  Seq Scan on cast_info ci  (cost=0.00..705507.15 rows=27831293 width=4) (actual time=1.065..12541.925 rows=27885459 loops=1)
        Filter: (person_id < 2847566)
        Rows Removed by Filter: 8358885
  ->  Hash  (cost=73925.90..73925.90 rows=45149 width=4) (actual time=1099.441..1099.441 rows=43871 loops=1)
        Buckets: 65536  Batches: 1  Memory Usage: 2055kB
        ->  Seq Scan on title t  (cost=0.00..73925.90 rows=45149 width=4) (actual time=23.451..1079.488 rows=43871 loops=1)
              Filter: ((production_year > 2002) AND (kind_id = 2))
              Rows Removed by Filter: 2484441
Planning time: 1.979 ms
Execution time: 21505.092 ms
