Hash Join  (cost=28267.90..779060.08 rows=303 width=0) (actual time=445.040..16224.471 rows=6147 loops=1)
  Hash Cond: (ci.movie_id = t.id)
  ->  Seq Scan on cast_info ci  (cost=0.00..614943.12 rows=36225612 width=4) (actual time=0.012..8947.620 rows=36244344 loops=1)
  ->  Hash  (cost=28267.64..28267.64 rows=21 width=8) (actual time=441.487..441.487 rows=84 loops=1)
        Buckets: 1024  Batches: 1  Memory Usage: 12kB
        ->  Nested Loop  (cost=0.43..28267.64 rows=21 width=8) (actual time=93.417..441.429 rows=84 loops=1)
              ->  Seq Scan on movie_info_idx mi_idx  (cost=0.00..25185.44 rows=368 width=4) (actual time=93.200..431.713 rows=260 loops=1)
                    Filter: (info_type_id > 101)
                    Rows Removed by Filter: 1379775
              ->  Index Scan using title_pkey on title t  (cost=0.43..8.37 rows=1 width=4) (actual time=0.037..0.037 rows=0 loops=260)
                    Index Cond: (id = mi_idx.movie_id)
                    Filter: ((kind_id < 7) AND (production_year < 1970))
                    Rows Removed by Filter: 1
Planning time: 1.184 ms
Execution time: 16227.158 ms
