Hash Join  (cost=186901.72..1256168.65 rows=3452174 width=0) (actual time=3938.292..38703.195 rows=12380173 loops=1)
  Hash Cond: (ci.movie_id = t.id)
  ->  Seq Scan on cast_info ci  (cost=0.00..614943.12 rows=36225612 width=4) (actual time=0.015..13368.618 rows=36244344 loops=1)
  ->  Hash  (cost=182947.72..182947.72 rows=240960 width=8) (actual time=3937.217..3937.217 rows=375818 loops=1)
        Buckets: 131072 (originally 131072)  Batches: 8 (originally 4)  Memory Usage: 3073kB
        ->  Hash Join  (cost=71961.27..182947.72 rows=240960 width=8) (actual time=1157.345..3817.407 rows=375818 loops=1)
              Hash Cond: (mk.movie_id = t.id)
              ->  Seq Scan on movie_keyword mk  (cost=0.00..81003.12 rows=2294858 width=4) (actual time=0.014..1635.800 rows=2295971 loops=1)
                    Filter: (keyword_id < 4918)
                    Rows Removed by Filter: 2227959
              ->  Hash  (cost=67604.59..67604.59 rows=265495 width=4) (actual time=1156.432..1156.432 rows=263594 loops=1)
                    Buckets: 131072  Batches: 4  Memory Usage: 3346kB
                    ->  Seq Scan on title t  (cost=0.00..67604.59 rows=265495 width=4) (actual time=0.018..1065.137 rows=263594 loops=1)
                          Filter: (production_year < 1962)
                          Rows Removed by Filter: 2264718
Planning time: 1.183 ms
Execution time: 40103.907 ms
