Seq Scan on movie_companies mc  (cost=0.00..57926.93 rows=366626 width=0) (actual time=313.324..943.468 rows=682012 loops=1)
  Filter: ((company_id > 41700) AND (company_type_id = 2))
  Rows Removed by Filter: 1927117
Planning time: 0.385 ms
Execution time: 1029.523 ms
