Seq Scan on movie_companies mc  (cost=0.00..51404.11 rows=1475154 width=0) (actual time=0.008..894.272 rows=1479877 loops=1)
  Filter: (company_id > 8229)
  Rows Removed by Filter: 1129252
Planning time: 0.321 ms
Execution time: 1074.005 ms
