Hash Join  (cost=1332674.31..2629885.05 rows=61066669 width=0) (actual time=33502.858..93988.886 rows=174253485 loops=1)
  Hash Cond: (mi.movie_id = t.id)
  ->  Seq Scan on movie_info mi  (cost=0.00..309384.22 rows=14739122 width=4) (actual time=0.019..6646.034 rows=14835720 loops=1)
  ->  Hash  (cost=1160799.89..1160799.89 rows=10476114 width=8) (actual time=33499.796..33499.796 rows=12582722 loops=1)
        Buckets: 131072  Batches: 256  Memory Usage: 3010kB
        ->  Hash Join  (cost=102767.86..1160799.89 rows=10476114 width=8) (actual time=1982.958..29177.653 rows=12582722 loops=1)
              Hash Cond: (ci.movie_id = t.id)
              ->  Seq Scan on cast_info ci  (cost=0.00..796071.18 rows=10476114 width=4) (actual time=0.014..16069.041 rows=12582722 loops=1)
                    Filter: ((person_id > 1259162) AND (role_id > 2))
                    Rows Removed by Filter: 23661622
              ->  Hash  (cost=61283.27..61283.27 rows=2528527 width=4) (actual time=1981.314..1981.314 rows=2528312 loops=1)
                    Buckets: 131072  Batches: 64  Memory Usage: 2415kB
                    ->  Seq Scan on title t  (cost=0.00..61283.27 rows=2528527 width=4) (actual time=0.018..1140.879 rows=2528312 loops=1)
Planning time: 1.138 ms
Execution time: 112984.198 ms
