Seq Scan on movie_companies mc  (cost=0.00..57926.93 rows=421980 width=0) (actual time=0.018..1030.970 rows=748929 loops=1)
  Filter: ((company_id > 26569) AND (company_type_id = 2))
  Rows Removed by Filter: 1860200
Planning time: 0.377 ms
Execution time: 1122.228 ms
