Hash Join  (cost=74184.73..101208.22 rows=11301 width=0) (actual time=1125.634..1798.691 rows=23224 loops=1)
  Hash Cond: (mi_idx.movie_id = t.id)
  ->  Seq Scan on movie_info_idx mi_idx  (cost=0.00..21735.35 rows=1380035 width=4) (actual time=0.021..374.071 rows=1380035 loops=1)
  ->  Hash  (cost=73925.90..73925.90 rows=20706 width=4) (actual time=1125.273..1125.273 rows=15444 loops=1)
        Buckets: 32768  Batches: 1  Memory Usage: 799kB
        ->  Seq Scan on title t  (cost=0.00..73925.90 rows=20706 width=4) (actual time=0.024..1118.196 rows=15444 loops=1)
              Filter: ((kind_id < 4) AND (production_year = 2002))
              Rows Removed by Filter: 2512868
Planning time: 0.740 ms
Execution time: 1802.238 ms
