Hash Join  (cost=128096.74..265997.65 rows=454762 width=0) (actual time=2841.610..5714.194 rows=310038 loops=1)
  Hash Cond: (mk.movie_id = t.id)
  ->  Seq Scan on movie_keyword mk  (cost=0.00..81003.12 rows=4440044 width=4) (actual time=0.021..1795.192 rows=4434952 loops=1)
        Filter: (keyword_id > 73)
        Rows Removed by Filter: 88978
  ->  Hash  (cost=123847.50..123847.50 rows=258979 width=8) (actual time=2382.257..2382.257 rows=134070 loops=1)
        Buckets: 131072  Batches: 4  Memory Usage: 2352kB
        ->  Hash Join  (cost=81711.23..123847.50 rows=258979 width=8) (actual time=1225.283..2337.635 rows=134070 loops=1)
              Hash Cond: (mi_idx.movie_id = t.id)
              ->  Seq Scan on movie_info_idx mi_idx  (cost=0.00..21735.35 rows=1380035 width=4) (actual time=0.020..432.640 rows=1380035 loops=1)
              ->  Hash  (cost=73925.90..73925.90 rows=474506 width=4) (actual time=1223.698..1223.698 rows=360459 loops=1)
                    Buckets: 131072  Batches: 8  Memory Usage: 2595kB
                    ->  Seq Scan on title t  (cost=0.00..73925.90 rows=474506 width=4) (actual time=0.019..1107.703 rows=360459 loops=1)
                          Filter: ((production_year < 1994) AND (kind_id = 7))
                          Rows Removed by Filter: 2167853
Planning time: 1.159 ms
Execution time: 5747.552 ms
