Seq Scan on title t  (cost=0.00..67604.59 rows=2351699 width=94) (actual time=0.019..1870.516 rows=2346476 loops=1)
  Filter: (production_year > 1927)
  Rows Removed by Filter: 181836
Planning time: 0.482 ms
Execution time: 2011.758 ms
