Hash Join  (cost=236565.23..1426436.14 rows=15192474 width=0) (actual time=5011.964..47934.510 rows=51271521 loops=1)
  Hash Cond: (ci.movie_id = t.id)
  ->  Seq Scan on cast_info ci  (cost=0.00..614943.12 rows=36225612 width=4) (actual time=0.024..13004.218 rows=36244344 loops=1)
  ->  Hash  (cost=219166.91..219166.91 rows=1060426 width=8) (actual time=5010.700..5010.700 rows=1064196 loops=1)
        Buckets: 131072  Batches: 16  Memory Usage: 3681kB
        ->  Hash Join  (cost=102767.86..219166.91 rows=1060426 width=8) (actual time=1888.252..4733.367 rows=1064196 loops=1)
              Hash Cond: (mk.movie_id = t.id)
              ->  Seq Scan on movie_keyword mk  (cost=0.00..81003.12 rows=1060426 width=4) (actual time=0.015..1407.529 rows=1064196 loops=1)
                    Filter: (keyword_id > 16501)
                    Rows Removed by Filter: 3459734
              ->  Hash  (cost=61283.27..61283.27 rows=2528527 width=4) (actual time=1886.249..1886.249 rows=2528312 loops=1)
                    Buckets: 131072  Batches: 64  Memory Usage: 2425kB
                    ->  Seq Scan on title t  (cost=0.00..61283.27 rows=2528527 width=4) (actual time=0.015..1023.204 rows=2528312 loops=1)
Planning time: 1.166 ms
Execution time: 53342.009 ms
