Seq Scan on movie_companies mc  (cost=0.00..57926.93 rows=899890 width=0) (actual time=277.556..1039.361 rows=1089688 loops=1)
  Filter: ((company_id > 2179) AND (company_type_id = 2))
  Rows Removed by Filter: 1519441
Planning time: 0.584 ms
Execution time: 1165.832 ms
