Hash Join  (cost=102767.86..299945.55 rows=4417512 width=0) (actual time=2054.128..7225.557 rows=4418611 loops=1)
  Hash Cond: (mk.movie_id = t.id)
  ->  Seq Scan on movie_keyword mk  (cost=0.00..81003.12 rows=4417512 width=4) (actual time=0.025..1776.348 rows=4418611 loops=1)
        Filter: (keyword_id < 81090)
        Rows Removed by Filter: 105319
  ->  Hash  (cost=61283.27..61283.27 rows=2528527 width=4) (actual time=2052.829..2052.829 rows=2528312 loops=1)
        Buckets: 131072  Batches: 64  Memory Usage: 2425kB
        ->  Seq Scan on title t  (cost=0.00..61283.27 rows=2528527 width=4) (actual time=0.018..1192.126 rows=2528312 loops=1)
Planning time: 0.711 ms
Execution time: 7710.229 ms
