Hash Join  (cost=74099.03..102766.22 rows=5012 width=0) (actual time=1102.351..1728.230 rows=5362 loops=1)
  Hash Cond: (mi_idx.movie_id = t.id)
  ->  Seq Scan on movie_info_idx mi_idx  (cost=0.00..25185.44 rows=915101 width=4) (actual time=0.024..463.871 rows=919850 loops=1)
        Filter: (info_type_id < 101)
        Rows Removed by Filter: 460185
  ->  Hash  (cost=73925.90..73925.90 rows=13850 width=4) (actual time=1102.187..1102.187 rows=8380 loops=1)
        Buckets: 16384  Batches: 1  Memory Usage: 423kB
        ->  Seq Scan on title t  (cost=0.00..73925.90 rows=13850 width=4) (actual time=0.300..1097.948 rows=8380 loops=1)
              Filter: ((production_year < 1971) AND (kind_id = 2))
              Rows Removed by Filter: 2519932
Planning time: 0.650 ms
Execution time: 1729.137 ms
