Hash Join  (cost=1397028.74..2829994.52 rows=70336193 width=0) (actual time=34751.225..96711.423 rows=160233289 loops=1)
  Hash Cond: (mi.movie_id = t.id)
  ->  Seq Scan on movie_info mi  (cost=0.00..309384.22 rows=14739122 width=4) (actual time=0.018..6023.526 rows=14835720 loops=1)
  ->  Hash  (cost=1199064.74..1199064.74 rows=12066320 width=8) (actual time=34748.943..34748.943 rows=12670688 loops=1)
        Buckets: 131072  Batches: 256  Memory Usage: 3036kB
        ->  Hash Join  (cost=102767.86..1199064.74 rows=12066320 width=8) (actual time=3280.882..30728.748 rows=12670688 loops=1)
              Hash Cond: (ci.movie_id = t.id)
              ->  Seq Scan on cast_info ci  (cost=0.00..796071.18 rows=12066320 width=4) (actual time=1442.597..17500.785 rows=12670688 loops=1)
                    Filter: ((person_id < 3684276) AND (role_id < 2))
                    Rows Removed by Filter: 23573656
              ->  Hash  (cost=61283.27..61283.27 rows=2528527 width=4) (actual time=1837.094..1837.094 rows=2528312 loops=1)
                    Buckets: 131072  Batches: 64  Memory Usage: 2415kB
                    ->  Seq Scan on title t  (cost=0.00..61283.27 rows=2528527 width=4) (actual time=0.026..1012.348 rows=2528312 loops=1)
Planning time: 1.111 ms
Execution time: 114212.457 ms
