Hash Join  (cost=81615.04..123696.35 rows=255783 width=0) (actual time=1322.770..2552.448 rows=352768 loops=1)
  Hash Cond: (mi_idx.movie_id = t.id)
  ->  Seq Scan on movie_info_idx mi_idx  (cost=0.00..21735.35 rows=1380035 width=4) (actual time=0.022..464.975 rows=1380035 loops=1)
  ->  Hash  (cost=73925.90..73925.90 rows=468651 width=4) (actual time=1321.847..1321.847 rows=340746 loops=1)
        Buckets: 131072  Batches: 8  Memory Usage: 2526kB
        ->  Seq Scan on title t  (cost=0.00..73925.90 rows=468651 width=4) (actual time=26.732..1199.479 rows=340746 loops=1)
              Filter: ((kind_id < 2) AND (production_year > 1989))
              Rows Removed by Filter: 2187566
Planning time: 0.704 ms
Execution time: 2594.784 ms
