Seq Scan on cast_info ci  (cost=0.00..705507.15 rows=11113923 width=0) (actual time=12.281..11436.819 rows=11029822 loops=1)
  Filter: (person_id < 1083072)
  Rows Removed by Filter: 25214522
Planning time: 0.204 ms
Execution time: 12799.964 ms
