Hash Join  (cost=204244.44..777013.65 rows=5645967 width=0) (actual time=4340.774..23302.427 rows=16184305 loops=1)
  Hash Cond: (mi.movie_id = t.id)
  ->  Seq Scan on movie_info mi  (cost=0.00..346232.03 rows=14373737 width=4) (actual time=0.024..7453.314 rows=14407069 loops=1)
        Filter: (info_type_id < 105)
        Rows Removed by Filter: 428651
  ->  Hash  (cost=187949.45..187949.45 rows=993199 width=8) (actual time=4339.232..4339.232 rows=1002764 loops=1)
        Buckets: 131072  Batches: 16  Memory Usage: 3497kB
        ->  Hash Join  (cost=102767.86..187949.45 rows=993199 width=8) (actual time=1980.916..4074.974 rows=1002764 loops=1)
              Hash Cond: (mc.movie_id = t.id)
              ->  Seq Scan on movie_companies mc  (cost=0.00..51404.11 rows=993199 width=4) (actual time=0.021..980.138 rows=1002764 loops=1)
                    Filter: (company_id > 16604)
                    Rows Removed by Filter: 1606365
              ->  Hash  (cost=61283.27..61283.27 rows=2528527 width=4) (actual time=1979.997..1979.997 rows=2528312 loops=1)
                    Buckets: 131072  Batches: 64  Memory Usage: 2415kB
                    ->  Seq Scan on title t  (cost=0.00..61283.27 rows=2528527 width=4) (actual time=0.017..1113.424 rows=2528312 loops=1)
Planning time: 1.118 ms
Execution time: 25016.293 ms
