Nested Loop  (cost=0.43..118456.73 rows=5127 width=0) (actual time=0.165..1451.182 rows=4958 loops=1)
  ->  Seq Scan on movie_keyword mk  (cost=0.00..81003.12 rows=5127 width=4) (actual time=0.113..1274.962 rows=4958 loops=1)
        Filter: (keyword_id = 2632)
        Rows Removed by Filter: 4518972
  ->  Index Only Scan using title_pkey on title t  (cost=0.43..7.30 rows=1 width=4) (actual time=0.034..0.035 rows=1 loops=4958)
        Index Cond: (id = mk.movie_id)
        Heap Fetches: 4958
Planning time: 0.704 ms
Execution time: 1452.658 ms
