Hash Join  (cost=75570.05..157526.10 rows=500953 width=0) (actual time=1193.699..3693.476 rows=801925 loops=1)
  Hash Cond: (mc.movie_id = t.id)
  ->  Seq Scan on movie_companies mc  (cost=0.00..44881.29 rows=2609129 width=4) (actual time=0.016..986.121 rows=2609129 loops=1)
  ->  Hash  (cost=67604.59..67604.59 rows=485477 width=4) (actual time=1192.811..1192.811 rows=479601 loops=1)
        Buckets: 131072  Batches: 8  Memory Usage: 3125kB
        ->  Seq Scan on title t  (cost=0.00..67604.59 rows=485477 width=4) (actual time=0.016..1039.602 rows=479601 loops=1)
              Filter: (production_year < 1978)
              Rows Removed by Filter: 2048711
Planning time: 0.777 ms
Execution time: 3786.451 ms
