Seq Scan on movie_companies mc  (cost=0.00..57926.93 rows=53 width=0) (actual time=4.712..814.050 rows=135 loops=1)
  Filter: ((company_id = 79657) AND (company_type_id = 2))
  Rows Removed by Filter: 2608994
Planning time: 0.395 ms
Execution time: 814.164 ms
