Hash Join  (cost=83568.99..170802.24 rows=65824 width=0) (actual time=1390.419..3231.910 rows=202707 loops=1)
  Hash Cond: (mk.movie_id = t.id)
  ->  Seq Scan on movie_keyword mk  (cost=0.00..81003.12 rows=283170 width=4) (actual time=0.027..1336.782 rows=282310 loops=1)
        Filter: (keyword_id > 56661)
        Rows Removed by Filter: 4241620
  ->  Hash  (cost=73925.90..73925.90 rows=587767 width=4) (actual time=1389.562..1389.562 rows=594730 loops=1)
        Buckets: 131072  Batches: 8  Memory Usage: 3657kB
        ->  Seq Scan on title t  (cost=0.00..73925.90 rows=587767 width=4) (actual time=0.022..1202.220 rows=594730 loops=1)
              Filter: ((production_year < 2012) AND (kind_id = 1))
              Rows Removed by Filter: 1933582
Planning time: 0.752 ms
Execution time: 3250.735 ms
