Hash Join  (cost=204775.73..345200.13 rows=1512036 width=0) (actual time=4006.403..8162.441 rows=2969234 loops=1)
  Hash Cond: (mk.movie_id = t.id)
  ->  Seq Scan on movie_keyword mk  (cost=0.00..69693.30 rows=4523930 width=4) (actual time=0.024..1437.064 rows=4523930 loops=1)
  ->  Hash  (cost=190909.85..190909.85 rows=845111 width=8) (actual time=4005.323..4005.323 rows=532341 loops=1)
        Buckets: 131072  Batches: 16  Memory Usage: 2322kB
        ->  Hash Join  (cost=102767.86..190909.85 rows=845111 width=8) (actual time=2394.240..3846.967 rows=532341 loops=1)
              Hash Cond: (mc.movie_id = t.id)
              ->  Seq Scan on movie_companies mc  (cost=0.00..57926.93 rows=845111 width=4) (actual time=450.462..1026.073 rows=532341 loops=1)
                    Filter: ((company_id < 18158) AND (company_type_id > 1))
                    Rows Removed by Filter: 2076788
              ->  Hash  (cost=61283.27..61283.27 rows=2528527 width=4) (actual time=1942.550..1942.550 rows=2528312 loops=1)
                    Buckets: 131072  Batches: 64  Memory Usage: 2415kB
                    ->  Seq Scan on title t  (cost=0.00..61283.27 rows=2528527 width=4) (actual time=0.021..1105.153 rows=2528312 loops=1)
Planning time: 1.153 ms
Execution time: 8512.645 ms
