Seq Scan on movie_companies mc  (cost=0.00..57926.93 rows=812128 width=0) (actual time=258.692..946.463 rows=506094 loops=1)
  Filter: ((company_id < 15800) AND (company_type_id = 2))
  Rows Removed by Filter: 2103035
Planning time: 0.385 ms
Execution time: 1009.061 ms
