Hash Join  (cost=94658.34..459395.53 rows=8125 width=0) (actual time=1800.540..9007.370 rows=9428 loops=1)
  Hash Cond: (mi.movie_id = t.id)
  ->  Seq Scan on movie_info mi  (cost=0.00..309384.22 rows=14739122 width=4) (actual time=0.007..4504.030 rows=14835720 loops=1)
  ->  Hash  (cost=94640.91..94640.91 rows=1394 width=8) (actual time=1635.999..1635.999 rows=1156 loops=1)
        Buckets: 2048  Batches: 1  Memory Usage: 62kB
        ->  Hash Join  (cost=67699.41..94640.91 rows=1394 width=8) (actual time=1058.913..1635.309 rows=1156 loops=1)
              Hash Cond: (mi_idx.movie_id = t.id)
              ->  Seq Scan on movie_info_idx mi_idx  (cost=0.00..25185.44 rows=464566 width=4) (actual time=0.018..483.279 rows=459925 loops=1)
                    Filter: (info_type_id = 101)
                    Rows Removed by Filter: 920110
              ->  Hash  (cost=67604.59..67604.59 rows=7586 width=4) (actual time=1058.185..1058.185 rows=5872 loops=1)
                    Buckets: 8192  Batches: 1  Memory Usage: 271kB
                    ->  Seq Scan on title t  (cost=0.00..67604.59 rows=7586 width=4) (actual time=82.628..1055.530 rows=5872 loops=1)
                          Filter: (production_year < 1900)
                          Rows Removed by Filter: 2522440
Planning time: 1.154 ms
Execution time: 9009.714 ms
