Hash Join  (cost=128927.77..215759.66 rows=17385 width=0) (actual time=2437.630..4349.300 rows=246659 loops=1)
  Hash Cond: (mk.movie_id = t.id)
  ->  Seq Scan on movie_keyword mk  (cost=0.00..69693.30 rows=4523930 width=4) (actual time=0.013..976.589 rows=4523930 loops=1)
  ->  Hash  (cost=128806.31..128806.31 rows=9717 width=8) (actual time=2436.211..2436.211 rows=23918 loops=1)
        Buckets: 32768 (originally 16384)  Batches: 1 (originally 1)  Memory Usage: 1191kB
        ->  Hash Join  (cost=74043.62..128806.31 rows=9717 width=8) (actual time=1176.528..2426.494 rows=23918 loops=1)
              Hash Cond: (mc.movie_id = t.id)
              ->  Seq Scan on movie_companies mc  (cost=0.00..44881.29 rows=2609129 width=4) (actual time=0.020..754.542 rows=2609129 loops=1)
              ->  Hash  (cost=73925.90..73925.90 rows=9417 width=4) (actual time=1097.485..1097.485 rows=10009 loops=1)
                    Buckets: 16384  Batches: 1  Memory Usage: 480kB
                    ->  Seq Scan on title t  (cost=0.00..73925.90 rows=9417 width=4) (actual time=0.032..1093.113 rows=10009 loops=1)
                          Filter: ((production_year > 1985) AND (kind_id = 6))
                          Rows Removed by Filter: 2518303
Planning time: 1.138 ms
Execution time: 4380.888 ms
