Hash Join  (cost=102767.86..1079373.21 rows=7092195 width=0) (actual time=1945.684..23921.414 rows=8202311 loops=1)
  Hash Cond: (ci.movie_id = t.id)
  ->  Seq Scan on cast_info ci  (cost=0.00..796071.18 rows=7092195 width=4) (actual time=0.027..15455.454 rows=8202311 loops=1)
        Filter: ((person_id > 881611) AND (role_id > 4))
        Rows Removed by Filter: 28042033
  ->  Hash  (cost=61283.27..61283.27 rows=2528527 width=4) (actual time=1944.713..1944.713 rows=2528312 loops=1)
        Buckets: 131072  Batches: 64  Memory Usage: 2415kB
        ->  Seq Scan on title t  (cost=0.00..61283.27 rows=2528527 width=4) (actual time=0.017..1075.944 rows=2528312 loops=1)
Planning time: 0.696 ms
Execution time: 24765.090 ms
