Hash Join  (cost=102767.86..202287.84 rows=358945 width=0) (actual time=2453.523..4444.283 rows=356373 loops=1)
  Hash Cond: (mk.movie_id = t.id)
  ->  Seq Scan on movie_keyword mk  (cost=0.00..81003.12 rows=358945 width=4) (actual time=7.368..1377.838 rows=356373 loops=1)
        Filter: (keyword_id > 46846)
        Rows Removed by Filter: 4167557
  ->  Hash  (cost=61283.27..61283.27 rows=2528527 width=4) (actual time=1951.514..1951.514 rows=2528312 loops=1)
        Buckets: 131072  Batches: 64  Memory Usage: 2425kB
        ->  Seq Scan on title t  (cost=0.00..61283.27 rows=2528527 width=4) (actual time=0.017..1100.811 rows=2528312 loops=1)
Planning time: 0.725 ms
Execution time: 4483.578 ms
