Seq Scan on movie_keyword mk  (cost=0.00..81003.12 rows=547200 width=0) (actual time=0.027..1203.480 rows=545354 loops=1)
  Filter: (keyword_id < 393)
  Rows Removed by Filter: 3978576
Planning time: 0.322 ms
Execution time: 1273.175 ms
