Hash Join  (cost=74617.32..161832.18 rows=34239 width=0) (actual time=1387.689..3287.723 rows=41932 loops=1)
  Hash Cond: (mk.movie_id = t.id)
  ->  Seq Scan on movie_keyword mk  (cost=0.00..81003.12 rows=1565159 width=4) (actual time=0.018..1593.032 rows=1572372 loops=1)
        Filter: (keyword_id < 2375)
        Rows Removed by Filter: 2951558
  ->  Hash  (cost=73925.90..73925.90 rows=55313 width=4) (actual time=1387.233..1387.233 rows=49075 loops=1)
        Buckets: 65536  Batches: 1  Memory Usage: 2238kB
        ->  Seq Scan on title t  (cost=0.00..73925.90 rows=55313 width=4) (actual time=0.676..1367.057 rows=49075 loops=1)
              Filter: ((kind_id < 7) AND (production_year = 2010))
              Rows Removed by Filter: 2479237
Planning time: 4.524 ms
Execution time: 3293.733 ms
