Hash Join  (cost=256320.94..1687939.86 rows=34317674 width=0) (actual time=6224.573..60828.633 rows=76916256 loops=1)
  Hash Cond: (ci.movie_id = t.id)
  ->  Seq Scan on cast_info ci  (cost=0.00..614943.12 rows=36225612 width=4) (actual time=0.022..13532.479 rows=36244344 loops=1)
  ->  Hash  (cost=217022.01..217022.01 rows=2395354 width=8) (actual time=6223.721..6223.721 rows=2298079 loops=1)
        Buckets: 131072  Batches: 32  Memory Usage: 3798kB
        ->  Hash Join  (cost=105689.54..217022.01 rows=2395354 width=8) (actual time=2197.421..5554.478 rows=2298079 loops=1)
              Hash Cond: (mc.movie_id = t.id)
              ->  Seq Scan on movie_companies mc  (cost=0.00..44881.29 rows=2609129 width=4) (actual time=0.016..946.633 rows=2609129 loops=1)
              ->  Hash  (cost=67604.59..67604.59 rows=2321356 width=4) (actual time=2196.569..2196.569 rows=2315087 loops=1)
                    Buckets: 131072  Batches: 32  Memory Usage: 3571kB
                    ->  Seq Scan on title t  (cost=0.00..67604.59 rows=2321356 width=4) (actual time=0.008..1452.834 rows=2315087 loops=1)
                          Filter: (production_year > 1939)
                          Rows Removed by Filter: 213225
Planning time: 1.245 ms
Execution time: 69623.282 ms
