Hash Join  (cost=163811.07..547569.76 rows=67886 width=0) (actual time=3305.204..11758.430 rows=2747989 loops=1)
  Hash Cond: (mi.movie_id = t.id)
  ->  Seq Scan on movie_info mi  (cost=0.00..309384.22 rows=14739122 width=4) (actual time=0.010..4499.562 rows=14835720 loops=1)
  ->  Hash  (cost=163665.49..163665.49 rows=11646 width=8) (actual time=3304.460..3304.460 rows=46748 loops=1)
        Buckets: 65536 (originally 16384)  Batches: 1 (originally 1)  Memory Usage: 2339kB
        ->  Hash Join  (cost=67697.55..163665.49 rows=11646 width=8) (actual time=999.649..3288.192 rows=46748 loops=1)
              Hash Cond: (mk.movie_id = t.id)
              ->  Seq Scan on movie_keyword mk  (cost=0.00..81003.12 rows=3959562 width=4) (actual time=0.018..1654.333 rows=3957660 loops=1)
                    Filter: (keyword_id > 398)
                    Rows Removed by Filter: 566270
              ->  Hash  (cost=67604.59..67604.59 rows=7437 width=4) (actual time=999.563..999.563 rows=23040 loops=1)
                    Buckets: 32768 (originally 8192)  Batches: 1 (originally 1)  Memory Usage: 1066kB
                    ->  Seq Scan on title t  (cost=0.00..67604.59 rows=7437 width=4) (actual time=0.079..988.958 rows=23040 loops=1)
                          Filter: (production_year = 1990)
                          Rows Removed by Filter: 2505272
Planning time: 0.972 ms
Execution time: 12083.473 ms
