Seq Scan on movie_keyword mk  (cost=0.00..81003.12 rows=1307342 width=0) (actual time=0.028..1404.611 rows=1312699 loops=1)
  Filter: (keyword_id < 1724)
  Rows Removed by Filter: 3211231
Planning time: 0.330 ms
Execution time: 1576.992 ms
