Seq Scan on cast_info ci  (cost=0.00..796071.18 rows=9243501 width=0) (actual time=0.019..14090.636 rows=14405199 loops=1)
  Filter: ((person_id > 2220599) AND (role_id > 1))
  Rows Removed by Filter: 21839145
Planning time: 0.383 ms
Execution time: 15851.120 ms
