Hash Join  (cost=351191.61..1128400.10 rows=22692386 width=0) (actual time=8149.199..69783.648 rows=210684879 loops=1)
  Hash Cond: (mi.movie_id = t.id)
  ->  Seq Scan on movie_info mi  (cost=0.00..309384.22 rows=14739122 width=4) (actual time=0.791..6135.249 rows=14835720 loops=1)
  ->  Hash  (cost=287323.03..287323.03 rows=3892926 width=8) (actual time=8147.332..8147.332 rows=3893549 loops=1)
        Buckets: 131072  Batches: 64  Memory Usage: 3502kB
        ->  Hash Join  (cost=102767.86..287323.03 rows=3892926 width=8) (actual time=1963.222..7003.118 rows=3893549 loops=1)
              Hash Cond: (mk.movie_id = t.id)
              ->  Seq Scan on movie_keyword mk  (cost=0.00..81003.12 rows=3892926 width=4) (actual time=0.025..1749.328 rows=3893549 loops=1)
                    Filter: (keyword_id > 491)
                    Rows Removed by Filter: 630381
              ->  Hash  (cost=61283.27..61283.27 rows=2528527 width=4) (actual time=1962.242..1962.242 rows=2528312 loops=1)
                    Buckets: 131072  Batches: 64  Memory Usage: 2425kB
                    ->  Seq Scan on title t  (cost=0.00..61283.27 rows=2528527 width=4) (actual time=0.013..1096.206 rows=2528312 loops=1)
Planning time: 5.985 ms
Execution time: 93506.643 ms
