Seq Scan on movie_keyword mk  (cost=0.00..81003.12 rows=728096 width=0) (actual time=0.024..1280.356 rows=736698 loops=1)
  Filter: (keyword_id > 25566)
  Rows Removed by Filter: 3787232
Planning time: 0.327 ms
Execution time: 1373.595 ms
