Hash Join  (cost=83074.74..481555.40 rows=1355 width=0) (actual time=1094.734..9928.213 rows=55994 loops=1)
  Hash Cond: (mi.movie_id = t.id)
  ->  Seq Scan on movie_info mi  (cost=0.00..346232.03 rows=13929354 width=4) (actual time=0.013..6812.798 rows=14033580 loops=1)
        Filter: (info_type_id > 1)
        Rows Removed by Filter: 802140
  ->  Hash  (cost=83071.67..83071.67 rows=246 width=8) (actual time=1094.413..1094.413 rows=556 loops=1)
        Buckets: 1024  Batches: 1  Memory Usage: 30kB
        ->  Nested Loop  (cost=0.43..83071.67 rows=246 width=8) (actual time=3.063..1093.975 rows=556 loops=1)
              ->  Seq Scan on movie_keyword mk  (cost=0.00..81003.12 rows=246 width=4) (actual time=2.992..1068.473 rows=556 loops=1)
                    Filter: (keyword_id = 1905)
                    Rows Removed by Filter: 4523374
              ->  Index Only Scan using title_pkey on title t  (cost=0.43..8.40 rows=1 width=4) (actual time=0.044..0.044 rows=1 loops=556)
                    Index Cond: (id = mk.movie_id)
                    Heap Fetches: 556
Planning time: 1.132 ms
Execution time: 9936.288 ms
