Seq Scan on movie_companies mc  (cost=0.00..51404.11 rows=104 width=0) (actual time=241.928..813.061 rows=299 loops=1)
  Filter: (company_id = 5808)
  Rows Removed by Filter: 2608830
Planning time: 0.396 ms
Execution time: 813.230 ms
