Seq Scan on cast_info ci  (cost=0.00..796071.18 rows=205965 width=0) (actual time=5965.692..14117.817 rows=76952 loops=1)
  Filter: ((person_id < 2137458) AND (role_id > 10))
  Rows Removed by Filter: 36167392
Planning time: 0.362 ms
Execution time: 14127.074 ms
