Hash Join  (cost=167662.88..672685.81 rows=2363300 width=0) (actual time=3870.903..16870.172 rows=2290481 loops=1)
  Hash Cond: (mi.movie_id = t.id)
  ->  Seq Scan on movie_info mi  (cost=0.00..309384.22 rows=14739122 width=4) (actual time=0.017..6451.412 rows=14835720 loops=1)
  ->  Hash  (cost=161011.02..161011.02 rows=405429 width=8) (actual time=3767.930..3767.930 rows=257715 loops=1)
        Buckets: 131072  Batches: 8  Memory Usage: 2293kB
        ->  Hash Join  (cost=80372.21..161011.02 rows=405429 width=8) (actual time=1207.031..3685.517 rows=257715 loops=1)
              Hash Cond: (mc.movie_id = t.id)
              ->  Seq Scan on movie_companies mc  (cost=0.00..44881.29 rows=2609129 width=4) (actual time=0.017..881.733 rows=2609129 loops=1)
              ->  Hash  (cost=73925.90..73925.90 rows=392904 width=4) (actual time=1205.932..1205.932 rows=277350 loops=1)
                    Buckets: 131072  Batches: 8  Memory Usage: 2231kB
                    ->  Seq Scan on title t  (cost=0.00..73925.90 rows=392904 width=4) (actual time=0.025..1116.600 rows=277350 loops=1)
                          Filter: ((production_year < 1988) AND (kind_id = 7))
                          Rows Removed by Filter: 2250962
Planning time: 1.240 ms
Execution time: 17124.471 ms
