Hash Join  (cost=135214.49..500373.77 rows=50335 width=0) (actual time=2687.958..10303.918 rows=56472 loops=1)
  Hash Cond: (mi.movie_id = t.id)
  ->  Seq Scan on movie_info mi  (cost=0.00..309384.22 rows=14739122 width=4) (actual time=0.016..4553.308 rows=14835720 loops=1)
  ->  Hash  (cost=135106.55..135106.55 rows=8635 width=8) (actual time=2687.157..2687.157 rows=6051 loops=1)
        Buckets: 16384  Batches: 1  Memory Usage: 365kB
        ->  Hash Join  (cost=74291.13..135106.55 rows=8635 width=8) (actual time=1327.460..2684.443 rows=6051 loops=1)
              Hash Cond: (mc.movie_id = t.id)
              ->  Seq Scan on movie_companies mc  (cost=0.00..57926.93 rows=747237 width=4) (actual time=0.014..1110.494 rows=964523 loops=1)
                    Filter: ((company_id > 8554) AND (company_type_id > 1))
                    Rows Removed by Filter: 1644606
              ->  Hash  (cost=73925.90..73925.90 rows=29218 width=4) (actual time=1327.240..1327.240 rows=30850 loops=1)
                    Buckets: 32768  Batches: 1  Memory Usage: 1341kB
                    ->  Seq Scan on title t  (cost=0.00..73925.90 rows=29218 width=4) (actual time=0.043..1313.461 rows=30850 loops=1)
                          Filter: ((kind_id > 1) AND (production_year = 1995))
                          Rows Removed by Filter: 2497462
Planning time: 1.158 ms
Execution time: 10313.886 ms
