Hash Join  (cost=83810.17..645398.01 rows=5340914 width=0) (actual time=1493.890..20678.495 rows=9889546 loops=1)
  Hash Cond: (mi.movie_id = t.id)
  ->  Seq Scan on movie_info mi  (cost=0.00..346232.03 rows=13672446 width=4) (actual time=0.013..7420.574 rows=13707135 loops=1)
        Filter: (info_type_id < 62)
        Rows Removed by Filter: 1128585
  ->  Hash  (cost=67604.59..67604.59 rows=987727 width=4) (actual time=1492.738..1492.738 rows=985048 loops=1)
        Buckets: 131072  Batches: 16  Memory Usage: 3197kB
        ->  Seq Scan on title t  (cost=0.00..67604.59 rows=987727 width=4) (actual time=0.015..1171.583 rows=985048 loops=1)
              Filter: (kind_id < 7)
              Rows Removed by Filter: 1543264
Planning time: 0.756 ms
Execution time: 21831.369 ms
