Hash Join  (cost=76960.10..202993.22 rows=330808 width=0) (actual time=3098.319..4088.051 rows=48445 loops=1)
  Hash Cond: (mk.movie_id = t.id)
  ->  Seq Scan on movie_keyword mk  (cost=0.00..69693.30 rows=4523930 width=4) (actual time=0.027..1369.883 rows=4523930 loops=1)
  ->  Hash  (cost=73925.90..73925.90 rows=184896 width=4) (actual time=1182.891..1182.891 rows=79092 loops=1)
        Buckets: 131072  Batches: 4  Memory Usage: 1724kB
        ->  Seq Scan on title t  (cost=0.00..73925.90 rows=184896 width=4) (actual time=0.019..1153.790 rows=79092 loops=1)
              Filter: ((production_year < 1965) AND (kind_id = 7))
              Rows Removed by Filter: 2449220
Planning time: 3.524 ms
Execution time: 4093.229 ms
