Seq Scan on cast_info ci  (cost=0.00..705507.15 rows=500 width=0) (actual time=2155.950..10973.610 rows=367 loops=1)
  Filter: (person_id = 3301040)
  Rows Removed by Filter: 36243977
Planning time: 0.394 ms
Execution time: 10973.741 ms
