Hash Join  (cost=160526.42..1211518.47 rows=5621148 width=0) (actual time=3335.441..33248.962 rows=6487659 loops=1)
  Hash Cond: (ci.movie_id = t.id)
  ->  Seq Scan on cast_info ci  (cost=0.00..796071.18 rows=16901444 width=4) (actual time=0.017..18099.442 rows=20122661 loops=1)
        Filter: ((person_id < 3076727) AND (role_id < 3))
        Rows Removed by Filter: 16121683
  ->  Hash  (cost=146729.58..146729.58 rows=840947 width=8) (actual time=3334.161..3334.161 rows=425718 loops=1)
        Buckets: 131072  Batches: 16  Memory Usage: 2062kB
        ->  Hash Join  (cost=92883.59..146729.58 rows=840947 width=8) (actual time=1753.550..3212.865 rows=425718 loops=1)
              Hash Cond: (mi_idx.movie_id = t.id)
              ->  Seq Scan on movie_info_idx mi_idx  (cost=0.00..21735.35 rows=1380035 width=4) (actual time=0.017..437.024 rows=1380035 loops=1)
              ->  Hash  (cost=67604.59..67604.59 rows=1540800 width=4) (actual time=1752.730..1752.730 rows=1543264 loops=1)
                    Buckets: 131072  Batches: 32  Memory Usage: 2722kB
                    ->  Seq Scan on title t  (cost=0.00..67604.59 rows=1540800 width=4) (actual time=0.029..1260.747 rows=1543264 loops=1)
                          Filter: (kind_id = 7)
                          Rows Removed by Filter: 985048
Planning time: 1.226 ms
Execution time: 33904.254 ms
