Hash Join  (cost=263115.61..1391329.65 rows=13625703 width=0) (actual time=6997.400..45489.656 rows=37162376 loops=1)
  Hash Cond: (ci.movie_id = t.id)
  ->  Seq Scan on cast_info ci  (cost=0.00..796071.18 rows=13204774 width=4) (actual time=0.024..16196.598 rows=18124436 loops=1)
        Filter: ((person_id < 2441156) AND (role_id < 3))
        Rows Removed by Filter: 18119908
  ->  Hash  (cost=220309.49..220309.49 rows=2609129 width=8) (actual time=6995.912..6995.912 rows=2609129 loops=1)
        Buckets: 131072  Batches: 64  Memory Usage: 2610kB
        ->  Hash Join  (cost=102767.86..220309.49 rows=2609129 width=8) (actual time=2006.286..5577.160 rows=2609129 loops=1)
              Hash Cond: (mc.movie_id = t.id)
              ->  Seq Scan on movie_companies mc  (cost=0.00..44881.29 rows=2609129 width=4) (actual time=0.042..988.851 rows=2609129 loops=1)
              ->  Hash  (cost=61283.27..61283.27 rows=2528527 width=4) (actual time=2005.194..2005.194 rows=2528312 loops=1)
                    Buckets: 131072  Batches: 64  Memory Usage: 2415kB
                    ->  Seq Scan on title t  (cost=0.00..61283.27 rows=2528527 width=4) (actual time=0.015..1158.343 rows=2528312 loops=1)
Planning time: 1.156 ms
Execution time: 49595.135 ms
