Seq Scan on movie_keyword mk  (cost=0.00..81003.12 rows=32596 width=0) (actual time=0.033..1254.801 rows=29618 loops=1)
  Filter: (keyword_id > 110761)
  Rows Removed by Filter: 4494312
Planning time: 0.329 ms
Execution time: 1259.430 ms
