Hash Join  (cost=91879.05..237733.97 rows=1957788 width=0) (actual time=3002.391..5189.671 rows=458671 loops=1)
  Hash Cond: (mk.movie_id = t.id)
  ->  Seq Scan on movie_keyword mk  (cost=0.00..69693.30 rows=4523930 width=4) (actual time=0.023..1350.447 rows=4523930 loops=1)
  ->  Hash  (cost=73925.90..73925.90 rows=1094252 width=4) (actual time=1791.726..1791.726 rows=1044222 loops=1)
        Buckets: 131072  Batches: 16  Memory Usage: 3325kB
        ->  Seq Scan on title t  (cost=0.00..73925.90 rows=1094252 width=4) (actual time=0.020..1456.115 rows=1044222 loops=1)
              Filter: ((production_year < 2009) AND (kind_id = 7))
              Rows Removed by Filter: 1484090
Planning time: 0.706 ms
Execution time: 5244.170 ms
