Hash Join  (cost=102767.86..189500.17 rows=786546 width=0) (actual time=2371.076..3809.051 rows=491861 loops=1)
  Hash Cond: (mc.movie_id = t.id)
  ->  Seq Scan on movie_companies mc  (cost=0.00..57926.93 rows=786546 width=4) (actual time=432.869..1079.643 rows=491861 loops=1)
        Filter: ((company_id < 14422) AND (company_type_id > 1))
        Rows Removed by Filter: 2117268
  ->  Hash  (cost=61283.27..61283.27 rows=2528527 width=4) (actual time=1937.181..1937.181 rows=2528312 loops=1)
        Buckets: 131072  Batches: 64  Memory Usage: 2415kB
        ->  Seq Scan on title t  (cost=0.00..61283.27 rows=2528527 width=4) (actual time=0.021..1095.678 rows=2528312 loops=1)
Planning time: 0.743 ms
Execution time: 3866.054 ms
