Hash Join  (cost=118494.58..173180.78 rows=2067 width=0) (actual time=1505.772..2405.721 rows=40 loops=1)
  Hash Cond: (mc.movie_id = t.id)
  ->  Seq Scan on movie_companies mc  (cost=0.00..44881.29 rows=2609129 width=4) (actual time=0.018..614.249 rows=2609129 loops=1)
  ->  Hash  (cost=118469.54..118469.54 rows=2003 width=8) (actual time=1340.869..1340.869 rows=6 loops=1)
        Buckets: 2048  Batches: 1  Memory Usage: 17kB
        ->  Nested Loop  (cost=0.43..118469.54 rows=2003 width=8) (actual time=202.086..1340.847 rows=6 loops=1)
              ->  Seq Scan on movie_keyword mk  (cost=0.00..81003.12 rows=5127 width=4) (actual time=186.955..1286.068 rows=4338 loops=1)
                    Filter: (keyword_id = 3662)
                    Rows Removed by Filter: 4519592
              ->  Index Scan using title_pkey on title t  (cost=0.43..7.30 rows=1 width=4) (actual time=0.012..0.012 rows=0 loops=4338)
                    Index Cond: (id = mk.movie_id)
                    Filter: (kind_id < 7)
                    Rows Removed by Filter: 1
Planning time: 1.197 ms
Execution time: 2405.905 ms
