Seq Scan on cast_info ci  (cost=0.00..705507.15 rows=500 width=0) (actual time=6095.105..11107.182 rows=12 loops=1)
  Filter: (person_id = 179779)
  Rows Removed by Filter: 36244332
Planning time: 0.265 ms
Execution time: 11107.296 ms
