Hash Join  (cost=102767.86..227168.13 rows=1392932 width=0) (actual time=2090.018..5223.822 rows=1408388 loops=1)
  Hash Cond: (mk.movie_id = t.id)
  ->  Seq Scan on movie_keyword mk  (cost=0.00..81003.12 rows=1392932 width=4) (actual time=0.017..1587.203 rows=1408388 loops=1)
        Filter: (keyword_id < 1920)
        Rows Removed by Filter: 3115542
  ->  Hash  (cost=61283.27..61283.27 rows=2528527 width=4) (actual time=2088.904..2088.904 rows=2528312 loops=1)
        Buckets: 131072  Batches: 64  Memory Usage: 2425kB
        ->  Seq Scan on title t  (cost=0.00..61283.27 rows=2528527 width=4) (actual time=0.023..1192.389 rows=2528312 loops=1)
Planning time: 0.566 ms
Execution time: 5394.599 ms
