Hash Join  (cost=83074.74..109989.30 rows=45 width=0) (actual time=1073.795..1434.071 rows=25 loops=1)
  Hash Cond: (mi_idx.movie_id = t.id)
  ->  Seq Scan on movie_info_idx mi_idx  (cost=0.00..25185.44 rows=460978 width=4) (actual time=0.011..318.679 rows=459925 loops=1)
        Filter: (info_type_id = 99)
        Rows Removed by Filter: 920110
  ->  Hash  (cost=83071.67..83071.67 rows=246 width=8) (actual time=1070.912..1070.912 rows=25 loops=1)
        Buckets: 1024  Batches: 1  Memory Usage: 9kB
        ->  Nested Loop  (cost=0.43..83071.67 rows=246 width=8) (actual time=38.720..1070.863 rows=25 loops=1)
              ->  Seq Scan on movie_keyword mk  (cost=0.00..81003.12 rows=246 width=4) (actual time=38.626..1069.592 rows=25 loops=1)
                    Filter: (keyword_id = 41897)
                    Rows Removed by Filter: 4523905
              ->  Index Only Scan using title_pkey on title t  (cost=0.43..8.40 rows=1 width=4) (actual time=0.043..0.044 rows=1 loops=25)
                    Index Cond: (id = mk.movie_id)
                    Heap Fetches: 25
Planning time: 1.228 ms
Execution time: 1434.199 ms
