Seq Scan on cast_info ci  (cost=0.00..796071.18 rows=860807 width=0) (actual time=210.802..10862.387 rows=1159 loops=1)
  Filter: ((person_id < 397858) AND (role_id = 2))
  Rows Removed by Filter: 36243185
Planning time: 0.405 ms
Execution time: 10862.630 ms
