Seq Scan on cast_info ci  (cost=0.00..796071.18 rows=21286975 width=0) (actual time=2825.808..17112.155 rows=20162016 loops=1)
  Filter: ((person_id < 3437069) AND (role_id > 1))
  Rows Removed by Filter: 16082328
Planning time: 0.390 ms
Execution time: 19583.568 ms
