Hash Join  (cost=85777.42..824237.14 rows=786493 width=0) (actual time=2114.650..15055.352 rows=748205 loops=1)
  Hash Cond: (ci.movie_id = t.id)
  ->  Seq Scan on cast_info ci  (cost=0.00..705507.15 rows=1795368 width=4) (actual time=525.841..12028.337 rows=1721889 loops=1)
        Filter: (person_id < 171457)
        Rows Removed by Filter: 34522455
  ->  Hash  (cost=67604.59..67604.59 rows=1107667 width=4) (actual time=1587.864..1587.864 rows=1107925 loops=1)
        Buckets: 131072  Batches: 16  Memory Usage: 3460kB
        ->  Seq Scan on title t  (cost=0.00..67604.59 rows=1107667 width=4) (actual time=0.033..1251.484 rows=1107925 loops=1)
              Filter: (production_year > 2004)
              Rows Removed by Filter: 1420387
Planning time: 0.762 ms
Execution time: 15144.048 ms
