Hash Join  (cost=240086.83..412279.43 rows=3655465 width=0) (actual time=5527.976..15275.225 rows=26613213 loops=1)
  Hash Cond: (mk.movie_id = t.id)
  ->  Seq Scan on movie_keyword mk  (cost=0.00..69693.30 rows=4523930 width=4) (actual time=0.016..1428.366 rows=4523930 loops=1)
  ->  Hash  (cost=206566.80..206566.80 rows=2043122 width=8) (actual time=5526.099..5526.099 rows=1782628 loops=1)
        Buckets: 131072  Batches: 32  Memory Usage: 3249kB
        ->  Hash Join  (cost=100089.65..206566.80 rows=2043122 width=8) (actual time=1957.671..4986.419 rows=1782628 loops=1)
              Hash Cond: (mc.movie_id = t.id)
              ->  Seq Scan on movie_companies mc  (cost=0.00..44881.29 rows=2609129 width=4) (actual time=0.013..856.793 rows=2609129 loops=1)
              ->  Hash  (cost=67604.59..67604.59 rows=1980005 width=4) (actual time=1956.919..1956.919 rows=1976617 loops=1)
                    Buckets: 131072  Batches: 32  Memory Usage: 3203kB
                    ->  Seq Scan on title t  (cost=0.00..67604.59 rows=1980005 width=4) (actual time=0.015..1339.972 rows=1976617 loops=1)
                          Filter: (production_year > 1977)
                          Rows Removed by Filter: 551695
Planning time: 0.731 ms
Execution time: 18378.075 ms
