Seq Scan on movie_keyword mk  (cost=0.00..81003.12 rows=436722 width=0) (actual time=0.019..1102.937 rows=432180 loops=1)
  Filter: (keyword_id > 40542)
  Rows Removed by Filter: 4091750
Planning time: 0.308 ms
Execution time: 1153.886 ms
