Nested Loop  (cost=0.43..83072.29 rows=129 width=0) (actual time=0.615..1315.875 rows=704 loops=1)
  ->  Seq Scan on movie_keyword mk  (cost=0.00..81003.12 rows=246 width=4) (actual time=0.576..1266.837 rows=1118 loops=1)
        Filter: (keyword_id = 3086)
        Rows Removed by Filter: 4522812
  ->  Index Scan using title_pkey on title t  (cost=0.43..8.40 rows=1 width=4) (actual time=0.043..0.043 rows=1 loops=1118)
        Index Cond: (id = mk.movie_id)
        Filter: (production_year > 2001)
        Rows Removed by Filter: 0
Planning time: 0.847 ms
Execution time: 1316.255 ms
