Hash Join  (cost=138304.79..644199.03 rows=2444930 width=0) (actual time=2802.126..15107.556 rows=1573815 loops=1)
  Hash Cond: (mi.movie_id = t.id)
  ->  Seq Scan on movie_info mi  (cost=0.00..309384.22 rows=14739122 width=4) (actual time=0.009..5859.708 rows=14835720 loops=1)
  ->  Hash  (cost=131422.88..131422.88 rows=419433 width=8) (actual time=2801.332..2801.332 rows=202476 loops=1)
        Buckets: 131072  Batches: 8  Memory Usage: 2010kB
        ->  Hash Join  (cost=86534.07..131422.88 rows=419433 width=8) (actual time=2029.451..2747.794 rows=202476 loops=1)
              Hash Cond: (mi_idx.movie_id = t.id)
              ->  Seq Scan on movie_info_idx mi_idx  (cost=0.00..21735.35 rows=1380035 width=4) (actual time=0.008..394.636 rows=1380035 loops=1)
              ->  Hash  (cost=73925.90..73925.90 rows=768493 width=4) (actual time=1579.296..1579.296 rows=840010 loops=1)
                    Buckets: 131072  Batches: 16  Memory Usage: 2877kB
                    ->  Seq Scan on title t  (cost=0.00..73925.90 rows=768493 width=4) (actual time=0.014..1306.768 rows=840010 loops=1)
                          Filter: ((production_year > 2002) AND (kind_id = 7))
                          Rows Removed by Filter: 1688302
Planning time: 2.558 ms
Execution time: 15262.901 ms
