Hash Join  (cost=161551.43..996924.28 rows=99420 width=0) (actual time=4077.216..18007.281 rows=596384 loops=1)
  Hash Cond: (ci.movie_id = t.id)
  ->  Seq Scan on cast_info ci  (cost=0.00..796071.18 rows=7661499 width=4) (actual time=1013.607..13597.886 rows=4742764 loops=1)
        Filter: ((person_id < 1680389) AND (role_id > 2))
        Rows Removed by Filter: 31501580
  ->  Hash  (cost=161141.29..161141.29 rows=32811 width=8) (actual time=3063.031..3063.031 rows=78521 loops=1)
        Buckets: 131072 (originally 65536)  Batches: 1 (originally 1)  Memory Usage: 4092kB
        ->  Hash Join  (cost=74155.14..161141.29 rows=32811 width=8) (actual time=1072.240..3034.640 rows=78521 loops=1)
              Hash Cond: (mk.movie_id = t.id)
              ->  Seq Scan on movie_keyword mk  (cost=0.00..69693.30 rows=4523930 width=4) (actual time=0.028..1092.417 rows=4523930 loops=1)
              ->  Hash  (cost=73925.90..73925.90 rows=18339 width=4) (actual time=1071.818..1071.818 rows=14449 loops=1)
                    Buckets: 32768  Batches: 1  Memory Usage: 764kB
                    ->  Seq Scan on title t  (cost=0.00..73925.90 rows=18339 width=4) (actual time=0.052..1064.820 rows=14449 loops=1)
                          Filter: ((kind_id < 7) AND (production_year = 1998))
                          Rows Removed by Filter: 2513863
Planning time: 1.155 ms
Execution time: 18083.299 ms
