Hash Join  (cost=98595.81..483647.17 rows=1158001 width=0) (actual time=5033.290..8693.115 rows=1048004 loops=1)
  Hash Cond: (mi.movie_id = t.id)
  ->  Seq Scan on movie_info mi  (cost=0.00..346232.03 rows=1550064 width=4) (actual time=3066.142..5451.234 rows=1533909 loops=1)
        Filter: (info_type_id = 3)
        Rows Removed by Filter: 13301811
  ->  Hash  (cost=67604.59..67604.59 rows=1888978 width=4) (actual time=1966.040..1966.040 rows=1887769 loops=1)
        Buckets: 131072  Batches: 32  Memory Usage: 3114kB
        ->  Seq Scan on title t  (cost=0.00..67604.59 rows=1888978 width=4) (actual time=0.037..1337.335 rows=1887769 loops=1)
              Filter: (production_year > 1983)
              Rows Removed by Filter: 640543
Planning time: 0.783 ms
Execution time: 8802.277 ms
