Hash Join  (cost=79017.37..182695.27 rows=205913 width=0) (actual time=1315.604..4056.489 rows=41198 loops=1)
  Hash Cond: (mk.movie_id = t.id)
  ->  Seq Scan on movie_keyword mk  (cost=0.00..81003.12 rows=1678040 width=4) (actual time=0.015..1548.520 rows=1688951 loops=1)
        Filter: (keyword_id > 8574)
        Rows Removed by Filter: 2834979
  ->  Hash  (cost=73925.90..73925.90 rows=310277 width=4) (actual time=1301.651..1301.651 rows=177813 loops=1)
        Buckets: 131072  Batches: 8  Memory Usage: 1803kB
        ->  Seq Scan on title t  (cost=0.00..73925.90 rows=310277 width=4) (actual time=0.028..1238.253 rows=177813 loops=1)
              Filter: ((kind_id > 3) AND (production_year < 1977))
              Rows Removed by Filter: 2350499
Planning time: 0.750 ms
Execution time: 4061.924 ms
