Hash Join  (cost=73930.93..789698.81 rows=435 width=0) (actual time=3440.892..14496.721 rows=189 loops=1)
  Hash Cond: (ci.movie_id = t.id)
  ->  Seq Scan on cast_info ci  (cost=0.00..705507.15 rows=2735034 width=4) (actual time=2273.662..12981.577 rows=2728943 loops=1)
        Filter: (role_id = 4)
        Rows Removed by Filter: 33515401
  ->  Hash  (cost=73925.90..73925.90 rows=402 width=4) (actual time=1163.734..1163.734 rows=137 loops=1)
        Buckets: 1024  Batches: 1  Memory Usage: 13kB
        ->  Seq Scan on title t  (cost=0.00..73925.90 rows=402 width=4) (actual time=246.968..1163.583 rows=137 loops=1)
              Filter: ((production_year > 2013) AND (kind_id = 7))
              Rows Removed by Filter: 2528175
Planning time: 0.824 ms
Execution time: 14496.885 ms
