Hash Join  (cost=102767.86..1250177.91 rows=17954271 width=0) (actual time=3474.204..32699.364 rows=18086691 loops=1)
  Hash Cond: (ci.movie_id = t.id)
  ->  Seq Scan on cast_info ci  (cost=0.00..705507.15 rows=17954271 width=4) (actual time=1571.005..14098.105 rows=18086691 loops=1)
        Filter: (person_id > 1802607)
        Rows Removed by Filter: 18157653
  ->  Hash  (cost=61283.27..61283.27 rows=2528527 width=4) (actual time=1902.031..1902.031 rows=2528312 loops=1)
        Buckets: 131072  Batches: 64  Memory Usage: 2415kB
        ->  Seq Scan on title t  (cost=0.00..61283.27 rows=2528527 width=4) (actual time=0.018..1040.820 rows=2528312 loops=1)
Planning time: 0.725 ms
Execution time: 34721.823 ms
