Hash Join  (cost=92883.59..236634.23 rows=1828403 width=0) (actual time=2069.181..5346.043 rows=450456 loops=1)
  Hash Cond: (mk.movie_id = t.id)
  ->  Seq Scan on movie_keyword mk  (cost=0.00..81003.12 rows=3000497 width=4) (actual time=0.019..1698.734 rows=2989837 loops=1)
        Filter: (keyword_id > 2238)
        Rows Removed by Filter: 1534093
  ->  Hash  (cost=67604.59..67604.59 rows=1540800 width=4) (actual time=1905.074..1905.074 rows=1543264 loops=1)
        Buckets: 131072  Batches: 32  Memory Usage: 2728kB
        ->  Seq Scan on title t  (cost=0.00..67604.59 rows=1540800 width=4) (actual time=0.019..1385.831 rows=1543264 loops=1)
              Filter: (kind_id = 7)
              Rows Removed by Filter: 985048
Planning time: 0.606 ms
Execution time: 5402.657 ms
