Seq Scan on title t  (cost=0.00..73925.90 rows=30012 width=0) (actual time=15.868..1167.351 rows=28831 loops=1)
  Filter: ((production_year > 2008) AND (kind_id = 4))
  Rows Removed by Filter: 2499481
Planning time: 0.365 ms
Execution time: 1171.907 ms
