Hash Join  (cost=101994.24..189108.55 rows=45627 width=0) (actual time=1921.822..3681.181 rows=15834 loops=1)
  Hash Cond: (mk.movie_id = t.id)
  ->  Seq Scan on movie_keyword mk  (cost=0.00..69693.30 rows=4523930 width=4) (actual time=0.015..991.867 rows=4523930 loops=1)
  ->  Hash  (cost=101675.47..101675.47 rows=25502 width=8) (actual time=1882.691..1882.691 rows=9165 loops=1)
        Buckets: 32768  Batches: 1  Memory Usage: 615kB
        ->  Hash Join  (cost=74509.97..101675.47 rows=25502 width=8) (actual time=1269.578..1875.106 rows=9165 loops=1)
              Hash Cond: (mi_idx.movie_id = t.id)
              ->  Seq Scan on movie_info_idx mi_idx  (cost=0.00..21735.35 rows=1380035 width=4) (actual time=0.019..290.239 rows=1380035 loops=1)
              ->  Hash  (cost=73925.90..73925.90 rows=46725 width=4) (actual time=1268.741..1268.741 rows=43011 loops=1)
                    Buckets: 65536  Batches: 1  Memory Usage: 2025kB
                    ->  Seq Scan on title t  (cost=0.00..73925.90 rows=46725 width=4) (actual time=0.025..1250.435 rows=43011 loops=1)
                          Filter: ((kind_id > 2) AND (production_year > 2012))
                          Rows Removed by Filter: 2485301
Planning time: 1.104 ms
Execution time: 3683.499 ms
