Seq Scan on movie_companies mc  (cost=0.00..57926.93 rows=53 width=0) (actual time=35.297..771.130 rows=1156 loops=1)
  Filter: ((company_id = 6209) AND (company_type_id = 2))
  Rows Removed by Filter: 2607973
Planning time: 0.403 ms
Execution time: 771.354 ms
