Seq Scan on movie_companies mc  (cost=0.00..51404.11 rows=1729093 width=0) (actual time=0.019..902.135 rows=1734502 loops=1)
  Filter: (company_id > 2561)
  Rows Removed by Filter: 874627
Planning time: 0.360 ms
Execution time: 1120.444 ms
