Seq Scan on movie_keyword mk  (cost=0.00..81003.12 rows=2255441 width=0) (actual time=0.016..1235.134 rows=2259927 loops=1)
  Filter: (keyword_id < 4684)
  Rows Removed by Filter: 2264003
Planning time: 0.322 ms
Execution time: 1493.145 ms
