Hash Join  (cost=75292.52..138029.41 rows=12413 width=0) (actual time=1215.258..2070.874 rows=828 loops=1)
  Hash Cond: (mc.movie_id = t.id)
  ->  Seq Scan on movie_companies mc  (cost=0.00..57926.93 rows=377022 width=4) (actual time=0.035..820.423 rows=61773 loops=1)
        Filter: ((company_id > 33428) AND (company_type_id = 1))
        Rows Removed by Filter: 2547356
  ->  Hash  (cost=73925.90..73925.90 rows=83249 width=4) (actual time=1214.007..1214.007 rows=101793 loops=1)
        Buckets: 131072  Batches: 2  Memory Usage: 2803kB
        ->  Seq Scan on title t  (cost=0.00..73925.90 rows=83249 width=4) (actual time=0.056..1175.887 rows=101793 loops=1)
              Filter: ((kind_id > 1) AND (production_year = 2007))
              Rows Removed by Filter: 2426519
Planning time: 0.857 ms
Execution time: 2071.158 ms
