Hash Join  (cost=452201.99..532278.28 rows=364577 width=0) (actual time=7032.116..10230.778 rows=4048215 loops=1)
  Hash Cond: (mc.movie_id = t.id)
  ->  Seq Scan on movie_companies mc  (cost=0.00..44881.29 rows=2609129 width=4) (actual time=0.007..957.146 rows=2609129 loops=1)
  ->  Hash  (cost=446404.56..446404.56 rows=353314 width=8) (actual time=7031.331..7031.331 rows=992730 loops=1)
        Buckets: 131072 (originally 131072)  Batches: 16 (originally 8)  Memory Usage: 3439kB
        ->  Hash Join  (cost=78556.72..446404.56 rows=353314 width=8) (actual time=3534.186..6763.285 rows=992730 loops=1)
              Hash Cond: (mi.movie_id = t.id)
              ->  Seq Scan on movie_info mi  (cost=0.00..346232.03 rows=1338312 width=4) (actual time=2001.557..4325.294 rows=1401902 loops=1)
                    Filter: (info_type_id = 7)
                    Rows Removed by Filter: 13433818
              ->  Hash  (cost=67604.59..67604.59 rows=667531 width=4) (actual time=1288.380..1288.380 rows=662825 loops=1)
                    Buckets: 131072  Batches: 16  Memory Usage: 2485kB
                    ->  Seq Scan on title t  (cost=0.00..67604.59 rows=667531 width=4) (actual time=157.834..1071.971 rows=662825 loops=1)
                          Filter: (kind_id = 1)
                          Rows Removed by Filter: 1865487
Planning time: 1.155 ms
Execution time: 10654.690 ms
