Hash Join  (cost=73982.55..160721.67 rows=8108 width=0) (actual time=2116.896..2811.360 rows=3212 loops=1)
  Hash Cond: (mk.movie_id = t.id)
  ->  Seq Scan on movie_keyword mk  (cost=0.00..69693.30 rows=4523930 width=4) (actual time=0.023..888.344 rows=4523930 loops=1)
  ->  Hash  (cost=73925.90..73925.90 rows=4532 width=4) (actual time=1097.743..1097.743 rows=8488 loops=1)
        Buckets: 16384 (originally 8192)  Batches: 1 (originally 1)  Memory Usage: 427kB
        ->  Seq Scan on title t  (cost=0.00..73925.90 rows=4532 width=4) (actual time=0.031..1093.451 rows=8488 loops=1)
              Filter: ((kind_id = 7) AND (production_year = 1969))
              Rows Removed by Filter: 2519824
Planning time: 12.177 ms
Execution time: 2812.021 ms
