Hash Join  (cost=126246.03..154910.70 rows=3277 width=0) (actual time=2303.647..2685.159 rows=4741 loops=1)
  Hash Cond: (mi_idx.movie_id = t.id)
  ->  Seq Scan on movie_info_idx mi_idx  (cost=0.00..25185.44 rows=919057 width=4) (actual time=0.038..515.963 rows=920110 loops=1)
        Filter: (info_type_id > 99)
        Rows Removed by Filter: 459925
  ->  Hash  (cost=126133.34..126133.34 rows=9015 width=8) (actual time=2009.479..2009.479 rows=7056 loops=1)
        Buckets: 16384  Batches: 1  Memory Usage: 404kB
        ->  Hash Join  (cost=72583.38..126133.34 rows=9015 width=8) (actual time=1347.822..2006.553 rows=7056 loops=1)
              Hash Cond: (mc.movie_id = t.id)
              ->  Seq Scan on movie_companies mc  (cost=0.00..51404.11 rows=75121 width=4) (actual time=146.582..722.988 rows=74440 loops=1)
                    Filter: (company_id > 173623)
                    Rows Removed by Filter: 2534689
              ->  Hash  (cost=67604.59..67604.59 rows=303423 width=4) (actual time=1200.387..1200.387 rows=296471 loops=1)
                    Buckets: 131072  Batches: 4  Memory Usage: 3625kB
                    ->  Seq Scan on title t  (cost=0.00..67604.59 rows=303423 width=4) (actual time=0.017..1098.663 rows=296471 loops=1)
                          Filter: (production_year < 1965)
                          Rows Removed by Filter: 2231841
Planning time: 19.019 ms
Execution time: 2686.064 ms
