Seq Scan on cast_info ci  (cost=0.00..705507.15 rows=500 width=0) (actual time=246.654..10106.500 rows=269 loops=1)
  Filter: (person_id = 338814)
  Rows Removed by Filter: 36244075
Planning time: 0.345 ms
Execution time: 10106.650 ms
