Seq Scan on movie_companies mc  (cost=0.00..57926.93 rows=698666 width=0) (actual time=348.711..905.548 rows=484239 loops=1)
  Filter: ((company_id > 10146) AND (company_type_id < 2))
  Rows Removed by Filter: 2124890
Planning time: 0.329 ms
Execution time: 968.860 ms
