Hash Join  (cost=67697.55..96356.48 rows=2703 width=0) (actual time=1206.475..1877.387 rows=9774 loops=1)
  Hash Cond: (mi_idx.movie_id = t.id)
  ->  Seq Scan on movie_info_idx mi_idx  (cost=0.00..25185.44 rows=919057 width=4) (actual time=0.027..491.043 rows=920110 loops=1)
        Filter: (info_type_id > 99)
        Rows Removed by Filter: 459925
  ->  Hash  (cost=67604.59..67604.59 rows=7437 width=4) (actual time=1206.024..1206.024 rows=18391 loops=1)
        Buckets: 32768 (originally 8192)  Batches: 1 (originally 1)  Memory Usage: 903kB
        ->  Seq Scan on title t  (cost=0.00..67604.59 rows=7437 width=4) (actual time=0.035..1197.313 rows=18391 loops=1)
              Filter: (production_year = 1985)
              Rows Removed by Filter: 2509921
Planning time: 0.554 ms
Execution time: 1879.005 ms
