Hash Join  (cost=260792.35..1222520.58 rows=8645583 width=0) (actual time=12031.405..45291.997 rows=72313543 loops=1)
  Hash Cond: (ci.movie_id = t.id)
  ->  Seq Scan on cast_info ci  (cost=0.00..705507.15 rows=12726058 width=4) (actual time=5069.432..13418.667 rows=12670688 loops=1)
        Filter: (role_id = 1)
        Rows Removed by Filter: 23573656
  ->  Hash  (cost=232609.09..232609.09 rows=1717781 width=8) (actual time=6958.974..6958.974 rows=3864487 loops=1)
        Buckets: 131072 (originally 131072)  Batches: 64 (originally 32)  Memory Usage: 3424kB
        ->  Hash Join  (cost=89678.24..232609.09 rows=1717781 width=8) (actual time=1410.539..5930.579 rows=3864487 loops=1)
              Hash Cond: (mk.movie_id = t.id)
              ->  Seq Scan on movie_keyword mk  (cost=0.00..69693.30 rows=4523930 width=4) (actual time=0.025..1316.738 rows=4523930 loops=1)
              ->  Hash  (cost=73925.90..73925.90 rows=960107 width=4) (actual time=1409.505..1409.505 rows=977778 loops=1)
                    Buckets: 131072  Batches: 16  Memory Usage: 3181kB
                    ->  Seq Scan on title t  (cost=0.00..73925.90 rows=960107 width=4) (actual time=0.023..1128.580 rows=977778 loops=1)
                          Filter: ((kind_id < 7) AND (production_year > 0))
                          Rows Removed by Filter: 1550534
Planning time: 1.175 ms
Execution time: 53265.373 ms
