Seq Scan on cast_info ci  (cost=0.00..796071.18 rows=14344095 width=0) (actual time=0.029..15567.737 rows=11927818 loops=1)
  Filter: ((person_id < 3290182) AND (role_id > 2))
  Rows Removed by Filter: 24316526
Planning time: 0.358 ms
Execution time: 17046.543 ms
