Seq Scan on movie_keyword mk  (cost=0.00..81003.12 rows=2397522 width=0) (actual time=0.025..1487.811 rows=2392146 loops=1)
  Filter: (keyword_id > 3935)
  Rows Removed by Filter: 2131784
Planning time: 0.332 ms
Execution time: 1778.195 ms
