Hash Join  (cost=167181.85..562666.48 rows=577476 width=0) (actual time=4265.236..11388.212 rows=2447406 loops=1)
  Hash Cond: (mi.movie_id = t.id)
  ->  Seq Scan on movie_info mi  (cost=0.00..346232.03 rows=3623957 width=4) (actual time=440.467..5226.337 rows=3624977 loops=1)
        Filter: (info_type_id < 4)
        Rows Removed by Filter: 11210743
  ->  Hash  (cost=160571.35..160571.35 rows=402920 width=8) (actual time=3823.892..3823.892 rows=627435 loops=1)
        Buckets: 131072 (originally 131072)  Batches: 16 (originally 8)  Memory Usage: 3073kB
        ->  Hash Join  (cost=88195.18..160571.35 rows=402920 width=8) (actual time=1710.246..3627.988 rows=627435 loops=1)
              Hash Cond: (mc.movie_id = t.id)
              ->  Seq Scan on movie_companies mc  (cost=0.00..51404.11 rows=1171429 width=4) (actual time=0.034..987.521 rows=1166503 loops=1)
                    Filter: (company_id < 9749)
                    Rows Removed by Filter: 1442626
              ->  Hash  (cost=73925.90..73925.90 rows=869702 width=4) (actual time=1709.453..1709.453 rows=896788 loops=1)
                    Buckets: 131072  Batches: 16  Memory Usage: 2998kB
                    ->  Seq Scan on title t  (cost=0.00..73925.90 rows=869702 width=4) (actual time=0.014..1424.899 rows=896788 loops=1)
                          Filter: ((kind_id < 7) AND (production_year < 2012))
                          Rows Removed by Filter: 1631524
Planning time: 1.398 ms
Execution time: 11667.059 ms
