Hash Join  (cost=278891.84..1477464.60 rows=18423181 width=0) (actual time=6214.378..34922.718 rows=11611531 loops=1)
  Hash Cond: (ci.movie_id = t.id)
  ->  Seq Scan on cast_info ci  (cost=0.00..705507.15 rows=23499554 width=4) (actual time=0.016..14996.434 rows=23573656 loops=1)
        Filter: (role_id > 1)
        Rows Removed by Filter: 12670688
  ->  Hash  (cost=246368.90..246368.90 rows=1982315 width=8) (actual time=6213.175..6213.175 rows=494238 loops=1)
        Buckets: 131072  Batches: 32  Memory Usage: 1616kB
        ->  Hash Join  (cost=94574.69..246368.90 rows=1982315 width=8) (actual time=1942.276..6087.497 rows=494238 loops=1)
              Hash Cond: (mk.movie_id = t.id)
              ->  Seq Scan on movie_keyword mk  (cost=0.00..81003.12 rows=3982650 width=4) (actual time=0.019..1711.961 rows=3982530 loops=1)
                    Filter: (keyword_id > 382)
                    Rows Removed by Filter: 541400
              ->  Hash  (cost=73925.90..73925.90 rows=1258543 width=4) (actual time=1782.851..1782.851 rows=1221534 loops=1)
                    Buckets: 131072  Batches: 32  Memory Usage: 2369kB
                    ->  Seq Scan on title t  (cost=0.00..73925.90 rows=1258543 width=4) (actual time=0.013..1364.988 rows=1221534 loops=1)
                          Filter: ((production_year < 2011) AND (kind_id = 7))
                          Rows Removed by Filter: 1306778
Planning time: 0.790 ms
Execution time: 36295.423 ms
