Nested Loop  (cost=0.43..798787.41 rows=324 width=0) (actual time=5089.927..11642.166 rows=240 loops=1)
  ->  Seq Scan on cast_info ci  (cost=0.00..796071.18 rows=324 width=4) (actual time=5089.819..11637.871 rows=240 loops=1)
        Filter: ((role_id > 1) AND (person_id = 2580205))
        Rows Removed by Filter: 36244104
  ->  Index Only Scan using title_pkey on title t  (cost=0.43..8.37 rows=1 width=4) (actual time=0.017..0.017 rows=1 loops=240)
        Index Cond: (id = ci.movie_id)
        Heap Fetches: 240
Planning time: 0.799 ms
Execution time: 11642.302 ms
