Seq Scan on movie_keyword mk  (cost=0.00..81003.12 rows=2357168 width=0) (actual time=0.027..1391.208 rows=2358130 loops=1)
  Filter: (keyword_id < 5300)
  Rows Removed by Filter: 2165800
Planning time: 0.369 ms
Execution time: 1697.083 ms
