Hash Join  (cost=312226.06..920434.22 rows=11318022 width=0) (actual time=8005.472..49204.064 rows=142795422 loops=1)
  Hash Cond: (mi.movie_id = t.id)
  ->  Seq Scan on movie_info mi  (cost=0.00..346232.03 rows=9767026 width=4) (actual time=0.027..6145.099 rows=9911754 loops=1)
        Filter: (info_type_id > 4)
        Rows Removed by Filter: 4923966
  ->  Hash  (cost=264154.38..264154.38 rows=2930055 width=8) (actual time=8003.796..8003.796 rows=2923217 loops=1)
        Buckets: 131072  Batches: 64  Memory Usage: 2916kB
        ->  Hash Join  (cost=102767.86..264154.38 rows=2930055 width=8) (actual time=2477.258..7087.303 rows=2923217 loops=1)
              Hash Cond: (mk.movie_id = t.id)
              ->  Seq Scan on movie_keyword mk  (cost=0.00..81003.12 rows=2930055 width=4) (actual time=0.042..1628.022 rows=2923217 loops=1)
                    Filter: (keyword_id > 2477)
                    Rows Removed by Filter: 1600713
              ->  Hash  (cost=61283.27..61283.27 rows=2528527 width=4) (actual time=2475.806..2475.806 rows=2528312 loops=1)
                    Buckets: 131072  Batches: 64  Memory Usage: 2425kB
                    ->  Seq Scan on title t  (cost=0.00..61283.27 rows=2528527 width=4) (actual time=0.008..880.764 rows=2528312 loops=1)
Planning time: 8.271 ms
Execution time: 64268.790 ms
