Hash Join  (cost=167685.01..679340.07 rows=2984814 width=0) (actual time=3487.115..17312.957 rows=8854393 loops=1)
  Hash Cond: (mi.movie_id = t.id)
  ->  Seq Scan on movie_info mi  (cost=0.00..309384.22 rows=14739122 width=4) (actual time=0.011..5415.020 rows=14835720 loops=1)
  ->  Hash  (cost=159283.37..159283.37 rows=512051 width=8) (actual time=3486.199..3486.199 rows=649038 loops=1)
        Buckets: 131072 (originally 131072)  Batches: 16 (originally 8)  Memory Usage: 3073kB
        ->  Hash Join  (cost=83580.70..159283.37 rows=512051 width=8) (actual time=1730.589..3310.065 rows=649038 loops=1)
              Hash Cond: (mc.movie_id = t.id)
              ->  Seq Scan on movie_companies mc  (cost=0.00..51404.11 rows=1329612 width=4) (actual time=331.926..944.519 rows=1334883 loops=1)
                    Filter: (company_type_id = 2)
                    Rows Removed by Filter: 1274246
              ->  Hash  (cost=67604.59..67604.59 rows=973769 width=4) (actual time=1397.558..1397.558 rows=971188 loops=1)
                    Buckets: 131072  Batches: 16  Memory Usage: 3161kB
                    ->  Seq Scan on title t  (cost=0.00..67604.59 rows=973769 width=4) (actual time=0.023..1093.976 rows=971188 loops=1)
                          Filter: (production_year < 1999)
                          Rows Removed by Filter: 1557124
Planning time: 1.196 ms
Execution time: 18203.845 ms
