Hash Join  (cost=109748.56..826318.17 rows=80608 width=0) (actual time=8826.860..14813.611 rows=89604 loops=1)
  Hash Cond: (ci.movie_id = t.id)
  ->  Seq Scan on cast_info ci  (cost=0.00..705507.15 rows=2735034 width=4) (actual time=6917.134..12225.852 rows=2728943 loops=1)
        Filter: (role_id = 4)
        Rows Removed by Filter: 33515401
  ->  Hash  (cost=108817.04..108817.04 rows=74522 width=8) (actual time=1908.459..1908.459 rows=51871 loops=1)
        Buckets: 131072  Batches: 1  Memory Usage: 3051kB
        ->  Hash Join  (cost=69845.34..108817.04 rows=74522 width=8) (actual time=1268.696..1890.994 rows=51871 loops=1)
              Hash Cond: (mi_idx.movie_id = t.id)
              ->  Seq Scan on movie_info_idx mi_idx  (cost=0.00..21735.35 rows=1380035 width=4) (actual time=0.028..373.342 rows=1380035 loops=1)
              ->  Hash  (cost=67604.59..67604.59 rows=136540 width=4) (actual time=1031.819..1031.819 rows=138648 loops=1)
                    Buckets: 131072  Batches: 2  Memory Usage: 3458kB
                    ->  Seq Scan on title t  (cost=0.00..67604.59 rows=136540 width=4) (actual time=0.022..986.045 rows=138648 loops=1)
                          Filter: (production_year < 1939)
                          Rows Removed by Filter: 2389664
Planning time: 1.030 ms
Execution time: 14826.413 ms
