Hash Join  (cost=83074.74..447745.01 rows=1434 width=0) (actual time=1245.541..7721.453 rows=8529 loops=1)
  Hash Cond: (mi.movie_id = t.id)
  ->  Seq Scan on movie_info mi  (cost=0.00..309384.22 rows=14739122 width=4) (actual time=0.012..3803.939 rows=14835720 loops=1)
  ->  Hash  (cost=83071.67..83071.67 rows=246 width=8) (actual time=1208.673..1208.673 rows=112 loops=1)
        Buckets: 1024  Batches: 1  Memory Usage: 13kB
        ->  Nested Loop  (cost=0.43..83071.67 rows=246 width=8) (actual time=19.113..1208.532 rows=112 loops=1)
              ->  Seq Scan on movie_keyword mk  (cost=0.00..81003.12 rows=246 width=4) (actual time=19.027..1201.646 rows=112 loops=1)
                    Filter: (keyword_id = 28168)
                    Rows Removed by Filter: 4523818
              ->  Index Only Scan using title_pkey on title t  (cost=0.43..8.40 rows=1 width=4) (actual time=0.057..0.058 rows=1 loops=112)
                    Index Cond: (id = mk.movie_id)
                    Heap Fetches: 112
Planning time: 1.183 ms
Execution time: 7723.153 ms
