Nested Loop  (cost=0.43..83071.67 rows=246 width=0) (actual time=2.846..1101.720 rows=770 loops=1)
  ->  Seq Scan on movie_keyword mk  (cost=0.00..81003.12 rows=246 width=4) (actual time=2.792..1078.451 rows=770 loops=1)
        Filter: (keyword_id = 707)
        Rows Removed by Filter: 4523160
  ->  Index Only Scan using title_pkey on title t  (cost=0.43..8.40 rows=1 width=4) (actual time=0.029..0.029 rows=1 loops=770)
        Index Cond: (id = mk.movie_id)
        Heap Fetches: 770
Planning time: 0.706 ms
Execution time: 1102.075 ms
