Hash Join  (cost=102767.86..215331.71 rows=901091 width=0) (actual time=1739.348..4281.191 rows=906014 loops=1)
  Hash Cond: (mk.movie_id = t.id)
  ->  Seq Scan on movie_keyword mk  (cost=0.00..81003.12 rows=901091 width=4) (actual time=0.025..1282.427 rows=906014 loops=1)
        Filter: (keyword_id < 865)
        Rows Removed by Filter: 3617916
  ->  Hash  (cost=61283.27..61283.27 rows=2528527 width=4) (actual time=1736.933..1736.933 rows=2528312 loops=1)
        Buckets: 131072  Batches: 64  Memory Usage: 2425kB
        ->  Seq Scan on title t  (cost=0.00..61283.27 rows=2528527 width=4) (actual time=0.014..877.842 rows=2528312 loops=1)
Planning time: 0.715 ms
Execution time: 4367.899 ms
