Seq Scan on cast_info ci  (cost=0.00..705507.15 rows=500 width=0) (actual time=2635.334..8394.867 rows=59 loops=1)
  Filter: (person_id = 1589174)
  Rows Removed by Filter: 36244285
Planning time: 0.251 ms
Execution time: 8394.949 ms
