Seq Scan on cast_info ci  (cost=0.00..796071.18 rows=268457 width=0) (actual time=2186.258..13466.748 rows=282397 loops=1)
  Filter: ((person_id > 817077) AND (role_id > 10))
  Rows Removed by Filter: 35961947
Planning time: 0.992 ms
Execution time: 13503.729 ms
