Nested Loop  (cost=0.43..797555.70 rows=176 width=0) (actual time=6642.958..12180.130 rows=5 loops=1)
  ->  Seq Scan on cast_info ci  (cost=0.00..796071.18 rows=176 width=4) (actual time=6642.866..12179.921 rows=5 loops=1)
        Filter: ((role_id < 2) AND (person_id = 1477276))
        Rows Removed by Filter: 36244339
  ->  Index Only Scan using title_pkey on title t  (cost=0.43..8.42 rows=1 width=4) (actual time=0.035..0.035 rows=1 loops=5)
        Index Cond: (id = ci.movie_id)
        Heap Fetches: 5
Planning time: 0.747 ms
Execution time: 12180.204 ms
