Seq Scan on movie_keyword mk  (cost=0.00..81003.12 rows=108786 width=0) (actual time=0.018..1176.449 rows=108451 loops=1)
  Filter: (keyword_id > 80452)
  Rows Removed by Filter: 4415479
Planning time: 0.234 ms
Execution time: 1191.367 ms
