Seq Scan on movie_companies mc  (cost=0.00..57926.93 rows=1269910 width=0) (actual time=80.243..1144.691 rows=1274246 loops=1)
  Filter: ((company_id < 217936) AND (company_type_id = 1))
  Rows Removed by Filter: 1334883
Planning time: 0.355 ms
Execution time: 1306.216 ms
