Hash Join  (cost=73982.71..438903.51 rows=26488 width=0) (actual time=892.380..7707.346 rows=31102 loops=1)
  Hash Cond: (mi.movie_id = t.id)
  ->  Seq Scan on movie_info mi  (cost=0.00..309384.22 rows=14739122 width=4) (actual time=0.010..3834.454 rows=14835720 loops=1)
  ->  Hash  (cost=73925.90..73925.90 rows=4544 width=4) (actual time=874.507..874.507 rows=4032 loops=1)
        Buckets: 8192  Batches: 1  Memory Usage: 206kB
        ->  Seq Scan on title t  (cost=0.00..73925.90 rows=4544 width=4) (actual time=53.523..872.350 rows=4032 loops=1)
              Filter: ((kind_id = 2) AND (production_year = 2008))
              Rows Removed by Filter: 2524280
Planning time: 0.794 ms
Execution time: 7712.785 ms
