Seq Scan on cast_info ci  (cost=0.00..705507.15 rows=21644211 width=0) (actual time=1543.095..11126.173 rows=21739778 loops=1)
  Filter: (person_id > 1428722)
  Rows Removed by Filter: 14504566
Planning time: 0.335 ms
Execution time: 13764.654 ms
