Hash Join  (cost=709676.11..736587.88 rows=129 width=0) (actual time=8386.928..8761.792 rows=15 loops=1)
  Hash Cond: (mi_idx.movie_id = t.id)
  ->  Seq Scan on movie_info_idx mi_idx  (cost=0.00..21735.35 rows=1380035 width=4) (actual time=0.014..256.099 rows=1380035 loops=1)
  ->  Hash  (cost=709673.15..709673.15 rows=237 width=8) (actual time=8259.233..8259.233 rows=21 loops=1)
        Buckets: 1024  Batches: 1  Memory Usage: 9kB
        ->  Nested Loop  (cost=0.43..709673.15 rows=237 width=8) (actual time=2590.591..8259.202 rows=21 loops=1)
              ->  Seq Scan on cast_info ci  (cost=0.00..705507.15 rows=500 width=4) (actual time=2590.347..8257.128 rows=308 loops=1)
                    Filter: (person_id = 1774747)
                    Rows Removed by Filter: 36244036
              ->  Index Scan using title_pkey on title t  (cost=0.43..8.32 rows=1 width=4) (actual time=0.006..0.006 rows=0 loops=308)
                    Index Cond: (id = ci.movie_id)
                    Filter: (production_year < 2003)
                    Rows Removed by Filter: 1
Planning time: 1.113 ms
Execution time: 8761.916 ms
