Hash Join  (cost=102767.86..195446.21 rows=1033687 width=0) (actual time=2049.542..4232.417 rows=1176520 loops=1)
  Hash Cond: (mc.movie_id = t.id)
  ->  Seq Scan on movie_companies mc  (cost=0.00..57926.93 rows=1033687 width=4) (actual time=0.030..1007.957 rows=1176520 loops=1)
        Filter: ((company_id > 633) AND (company_type_id = 2))
        Rows Removed by Filter: 1432609
  ->  Hash  (cost=61283.27..61283.27 rows=2528527 width=4) (actual time=2048.279..2048.279 rows=2528312 loops=1)
        Buckets: 131072  Batches: 64  Memory Usage: 2415kB
        ->  Seq Scan on title t  (cost=0.00..61283.27 rows=2528527 width=4) (actual time=0.015..855.427 rows=2528312 loops=1)
Planning time: 0.660 ms
Execution time: 4358.093 ms
