Nested Loop  (cost=0.43..709673.15 rows=486 width=0) (actual time=3633.312..10097.392 rows=34 loops=1)
  ->  Seq Scan on cast_info ci  (cost=0.00..705507.15 rows=500 width=4) (actual time=3633.151..10096.750 rows=35 loops=1)
        Filter: (person_id = 1692148)
        Rows Removed by Filter: 36244309
  ->  Index Scan using title_pkey on title t  (cost=0.43..8.32 rows=1 width=4) (actual time=0.015..0.015 rows=1 loops=35)
        Index Cond: (id = ci.movie_id)
        Filter: (production_year > 0)
        Rows Removed by Filter: 0
Planning time: 0.776 ms
Execution time: 10097.536 ms
