Hash Join  (cost=128753.29..943611.16 rows=9219 width=0) (actual time=6041.032..15211.620 rows=9428 loops=1)
  Hash Cond: (ci.movie_id = t.id)
  ->  Seq Scan on cast_info ci  (cost=0.00..796071.18 rows=4985200 width=4) (actual time=3921.550..12613.199 rows=2412448 loops=1)
        Filter: ((person_id < 1891942) AND (role_id > 4))
        Rows Removed by Filter: 33831896
  ->  Hash  (cost=128694.84..128694.84 rows=4676 width=8) (actual time=2112.743..2112.743 rows=7304 loops=1)
        Buckets: 8192  Batches: 1  Memory Usage: 350kB
        ->  Hash Join  (cost=73982.55..128694.84 rows=4676 width=8) (actual time=1002.716..2109.897 rows=7304 loops=1)
              Hash Cond: (mc.movie_id = t.id)
              ->  Seq Scan on movie_companies mc  (cost=0.00..44881.29 rows=2609129 width=4) (actual time=0.032..542.565 rows=2609129 loops=1)
              ->  Hash  (cost=73925.90..73925.90 rows=4532 width=4) (actual time=1002.293..1002.293 rows=8145 loops=1)
                    Buckets: 8192  Batches: 1  Memory Usage: 351kB
                    ->  Seq Scan on title t  (cost=0.00..73925.90 rows=4532 width=4) (actual time=72.228..998.432 rows=8145 loops=1)
                          Filter: ((kind_id = 7) AND (production_year = 1968))
                          Rows Removed by Filter: 2520167
Planning time: 1.223 ms
Execution time: 15213.209 ms
