Hash Join  (cost=70308.29..153315.51 rows=7256 width=0) (actual time=997.675..2285.958 rows=3584 loops=1)
  Hash Cond: (mk.movie_id = t.id)
  ->  Seq Scan on movie_keyword mk  (cost=0.00..81003.12 rows=111342 width=4) (actual time=0.018..1234.782 rows=111118 loops=1)
        Filter: (keyword_id > 79931)
        Rows Removed by Filter: 4412812
  ->  Hash  (cost=67604.59..67604.59 rows=164776 width=4) (actual time=994.085..994.085 rows=164307 loops=1)
        Buckets: 131072  Batches: 4  Memory Usage: 2488kB
        ->  Seq Scan on title t  (cost=0.00..67604.59 rows=164776 width=4) (actual time=0.016..935.112 rows=164307 loops=1)
              Filter: (production_year = 2012)
              Rows Removed by Filter: 2364005
Planning time: 2.104 ms
Execution time: 2286.467 ms
