Hash Join  (cost=83074.09..447735.55 rows=556 width=0) (actual time=1138.572..7492.070 rows=202 loops=1)
  Hash Cond: (mi.movie_id = t.id)
  ->  Seq Scan on movie_info mi  (cost=0.00..309384.22 rows=14739122 width=4) (actual time=0.011..3689.848 rows=14835720 loops=1)
  ->  Hash  (cost=83072.90..83072.90 rows=95 width=8) (actual time=1106.425..1106.425 rows=9 loops=1)
        Buckets: 1024  Batches: 1  Memory Usage: 9kB
        ->  Nested Loop  (cost=0.43..83072.90 rows=95 width=8) (actual time=268.824..1106.404 rows=9 loops=1)
              ->  Seq Scan on movie_keyword mk  (cost=0.00..81003.12 rows=246 width=4) (actual time=13.906..1105.294 rows=20 loops=1)
                    Filter: (keyword_id = 31114)
                    Rows Removed by Filter: 4523910
              ->  Index Scan using title_pkey on title t  (cost=0.43..8.40 rows=1 width=4) (actual time=0.050..0.050 rows=0 loops=20)
                    Index Cond: (id = mk.movie_id)
                    Filter: ((production_year > 1995) AND (kind_id = 7))
                    Rows Removed by Filter: 1
Planning time: 1.138 ms
Execution time: 7492.279 ms
