Hash Join  (cost=127813.57..872120.23 rows=26961 width=0) (actual time=3028.635..15994.817 rows=41787 loops=1)
  Hash Cond: (ci.movie_id = t.id)
  ->  Seq Scan on cast_info ci  (cost=0.00..705507.15 rows=10274639 width=4) (actual time=0.025..10791.148 rows=10289848 loops=1)
        Filter: (person_id > 2682748)
        Rows Removed by Filter: 25954496
  ->  Hash  (cost=127730.64..127730.64 rows=6635 width=8) (actual time=3026.999..3026.999 rows=6649 loops=1)
        Buckets: 8192  Batches: 1  Memory Usage: 324kB
        ->  Nested Loop  (cost=0.43..127730.64 rows=6635 width=8) (actual time=0.265..3023.310 rows=6649 loops=1)
              ->  Seq Scan on movie_keyword mk  (cost=0.00..81003.12 rows=6635 width=4) (actual time=0.226..1140.375 rows=6649 loops=1)
                    Filter: (keyword_id = 500)
                    Rows Removed by Filter: 4517281
              ->  Index Only Scan using title_pkey on title t  (cost=0.43..7.03 rows=1 width=4) (actual time=0.282..0.282 rows=1 loops=6649)
                    Index Cond: (id = mk.movie_id)
                    Heap Fetches: 6649
Planning time: 1.127 ms
Execution time: 16003.336 ms
