Seq Scan on cast_info ci  (cost=0.00..705507.15 rows=500 width=0) (actual time=5062.790..9281.472 rows=523 loops=1)
  Filter: (person_id = 2920610)
  Rows Removed by Filter: 36243821
Planning time: 1.140 ms
Execution time: 9281.643 ms
