Hash Join  (cost=67697.55..94640.16 rows=1367 width=0) (actual time=858.036..1328.885 rows=226 loops=1)
  Hash Cond: (mi_idx.movie_id = t.id)
  ->  Seq Scan on movie_info_idx mi_idx  (cost=0.00..25185.44 rows=464934 width=4) (actual time=0.018..399.877 rows=460185 loops=1)
        Filter: (info_type_id > 100)
        Rows Removed by Filter: 919850
  ->  Hash  (cost=67604.59..67604.59 rows=7437 width=4) (actual time=857.208..857.208 rows=2712 loops=1)
        Buckets: 8192  Batches: 1  Memory Usage: 160kB
        ->  Seq Scan on title t  (cost=0.00..67604.59 rows=7437 width=4) (actual time=47.401..855.793 rows=2712 loops=1)
              Filter: (production_year = 1908)
              Rows Removed by Filter: 2525600
Planning time: 0.703 ms
Execution time: 1329.059 ms
