Seq Scan on movie_keyword mk  (cost=0.00..81003.12 rows=246 width=0) (actual time=1.043..1184.800 rows=984 loops=1)
  Filter: (keyword_id = 650)
  Rows Removed by Filter: 4522946
Planning time: 0.372 ms
Execution time: 1185.220 ms
