Hash Join  (cost=101515.10..853366.31 rows=106211 width=0) (actual time=1489.734..16292.117 rows=105641 loops=1)
  Hash Cond: (ci.movie_id = t.id)
  ->  Seq Scan on cast_info ci  (cost=0.00..614943.12 rows=36225612 width=4) (actual time=0.011..7467.056 rows=36244344 loops=1)
  ->  Hash  (cost=101422.44..101422.44 rows=7413 width=8) (actual time=1489.248..1489.248 rows=2756 loops=1)
        Buckets: 8192  Batches: 1  Memory Usage: 172kB
        ->  Hash Join  (cost=74434.21..101422.44 rows=7413 width=8) (actual time=1195.418..1488.027 rows=2756 loops=1)
              Hash Cond: (mi_idx.movie_id = t.id)
              ->  Seq Scan on movie_info_idx mi_idx  (cost=0.00..25185.44 rows=460978 width=4) (actual time=0.021..407.057 rows=459925 loops=1)
                    Filter: (info_type_id = 99)
                    Rows Removed by Filter: 920110
              ->  Hash  (cost=73925.90..73925.90 rows=40664 width=4) (actual time=939.061..939.061 rows=40257 loops=1)
                    Buckets: 65536  Batches: 1  Memory Usage: 1928kB
                    ->  Seq Scan on title t  (cost=0.00..73925.90 rows=40664 width=4) (actual time=217.720..923.135 rows=40257 loops=1)
                          Filter: ((production_year > 2012) AND (kind_id = 7))
                          Rows Removed by Filter: 2488055
Planning time: 1.129 ms
Execution time: 16310.425 ms
