Hash Join  (cost=262186.39..1530509.83 rows=18898257 width=0) (actual time=5304.695..38480.093 rows=9925295 loops=1)
  Hash Cond: (ci.movie_id = t.id)
  ->  Seq Scan on cast_info ci  (cost=0.00..705507.15 rows=28668949 width=4) (actual time=0.022..17014.191 rows=28808107 loops=1)
        Filter: (role_id < 8)
        Rows Removed by Filter: 7436237
  ->  Hash  (cost=234840.68..234840.68 rows=1666777 width=8) (actual time=5303.795..5303.795 rows=398451 loops=1)
        Buckets: 131072  Batches: 32  Memory Usage: 1503kB
        ->  Hash Join  (cost=96906.53..234840.68 rows=1666777 width=8) (actual time=3823.604..5195.108 rows=398451 loops=1)
              Hash Cond: (mk.movie_id = t.id)
              ->  Seq Scan on movie_keyword mk  (cost=0.00..81003.12 rows=3008868 width=4) (actual time=0.015..1640.729 rows=2990111 loops=1)
                    Filter: (keyword_id < 10414)
                    Rows Removed by Filter: 1533819
              ->  Hash  (cost=73925.90..73925.90 rows=1400690 width=4) (actual time=1957.642..1957.642 rows=1474425 loops=1)
                    Buckets: 131072  Batches: 32  Memory Usage: 2652kB
                    ->  Seq Scan on title t  (cost=0.00..73925.90 rows=1400690 width=4) (actual time=0.030..1449.921 rows=1474425 loops=1)
                          Filter: ((production_year > 1950) AND (kind_id = 7))
                          Rows Removed by Filter: 1053887
Planning time: 1.211 ms
Execution time: 39638.687 ms
