Hash Join  (cost=921029.35..1048269.14 rows=429875 width=0) (actual time=15638.502..18922.056 rows=894796 loops=1)
  Hash Cond: (mk.movie_id = t.id)
  ->  Seq Scan on movie_keyword mk  (cost=0.00..69693.30 rows=4523930 width=4) (actual time=0.013..1440.234 rows=4523930 loops=1)
  ->  Hash  (cost=917087.01..917087.01 rows=240267 width=8) (actual time=15637.741..15637.741 rows=86727 loops=1)
        Buckets: 131072  Batches: 4  Memory Usage: 1876kB
        ->  Hash Join  (cost=106125.41..917087.01 rows=240267 width=8) (actual time=6963.946..15615.981 rows=86727 loops=1)
              Hash Cond: (ci.movie_id = t.id)
              ->  Seq Scan on cast_info ci  (cost=0.00..796071.18 rows=258750 width=4) (actual time=4429.893..12757.296 rows=87714 loops=1)
                    Filter: ((person_id < 2760466) AND (role_id = 11))
                    Rows Removed by Filter: 36156630
              ->  Hash  (cost=67604.59..67604.59 rows=2347906 width=4) (actual time=2532.776..2532.776 rows=2340903 loops=1)
                    Buckets: 131072  Batches: 32  Memory Usage: 3600kB
                    ->  Seq Scan on title t  (cost=0.00..67604.59 rows=2347906 width=4) (actual time=0.023..1259.747 rows=2340903 loops=1)
                          Filter: (production_year > 1929)
                          Rows Removed by Filter: 187409
Planning time: 0.627 ms
Execution time: 19024.345 ms
