Seq Scan on cast_info ci  (cost=0.00..796071.18 rows=176 width=0) (actual time=4162.017..8172.598 rows=3 loops=1)
  Filter: ((person_id = 1142003) AND (role_id = 1))
  Rows Removed by Filter: 36244341
Planning time: 0.398 ms
Execution time: 8172.696 ms
