Hash Join  (cost=1103198.73..1677959.64 rows=11208120 width=0) (actual time=24589.115..40555.443 rows=22608346 loops=1)
  Hash Cond: (mi.movie_id = t.id)
  ->  Seq Scan on movie_info mi  (cost=0.00..346232.03 rows=5897221 width=4) (actual time=150.038..5440.249 rows=5884963 loops=1)
        Filter: (info_type_id < 7)
        Rows Removed by Filter: 8950757
  ->  Hash  (cost=1024355.00..1024355.00 rows=4805659 width=8) (actual time=24437.998..24437.998 rows=7450003 loops=1)
        Buckets: 131072 (originally 131072)  Batches: 128 (originally 64)  Memory Usage: 3316kB
        ->  Hash Join  (cost=102767.86..1024355.00 rows=4805659 width=8) (actual time=10161.937..21941.238 rows=7450003 loops=1)
              Hash Cond: (ci.movie_id = t.id)
              ->  Seq Scan on cast_info ci  (cost=0.00..796071.18 rows=4805659 width=4) (actual time=8359.438..13576.496 rows=7450003 loops=1)
                    Filter: ((person_id > 1211137) AND (role_id = 2))
                    Rows Removed by Filter: 28794341
              ->  Hash  (cost=61283.27..61283.27 rows=2528527 width=4) (actual time=1801.028..1801.028 rows=2528312 loops=1)
                    Buckets: 131072  Batches: 64  Memory Usage: 2415kB
                    ->  Seq Scan on title t  (cost=0.00..61283.27 rows=2528527 width=4) (actual time=0.034..943.337 rows=2528312 loops=1)
Planning time: 5.012 ms
Execution time: 43052.625 ms
