Hash Join  (cost=80830.47..179022.29 rows=195590 width=0) (actual time=1160.128..3317.734 rows=570175 loops=1)
  Hash Cond: (mk.movie_id = t.id)
  ->  Seq Scan on movie_keyword mk  (cost=0.00..81003.12 rows=1175146 width=4) (actual time=0.014..1384.604 rows=1187240 loops=1)
        Filter: (keyword_id > 15630)
        Rows Removed by Filter: 3336690
  ->  Hash  (cost=73925.90..73925.90 rows=420845 width=4) (actual time=1159.437..1159.437 rows=517968 loops=1)
        Buckets: 131072  Batches: 8  Memory Usage: 3320kB
        ->  Seq Scan on title t  (cost=0.00..73925.90 rows=420845 width=4) (actual time=0.030..994.036 rows=517968 loops=1)
              Filter: ((kind_id < 7) AND (production_year < 2001))
              Rows Removed by Filter: 2010344
Planning time: 0.713 ms
Execution time: 3391.444 ms
