Seq Scan on movie_companies mc  (cost=0.00..57926.93 rows=352632 width=0) (actual time=398.472..795.020 rows=194254 loops=1)
  Filter: ((company_id < 1191) AND (company_type_id = 2))
  Rows Removed by Filter: 2414875
Planning time: 0.363 ms
Execution time: 820.086 ms
