Hash Join  (cost=102767.86..1221716.05 rows=13007693 width=0) (actual time=6684.667..25439.093 rows=8914809 loops=1)
  Hash Cond: (ci.movie_id = t.id)
  ->  Seq Scan on cast_info ci  (cost=0.00..796071.18 rows=13007693 width=4) (actual time=4659.594..15610.722 rows=8914809 loops=1)
        Filter: ((person_id < 2947484) AND (role_id > 2))
        Rows Removed by Filter: 27329535
  ->  Hash  (cost=61283.27..61283.27 rows=2528527 width=4) (actual time=2023.858..2023.858 rows=2528312 loops=1)
        Buckets: 131072  Batches: 64  Memory Usage: 2415kB
        ->  Seq Scan on title t  (cost=0.00..61283.27 rows=2528527 width=4) (actual time=0.018..1170.175 rows=2528312 loops=1)
Planning time: 0.721 ms
Execution time: 26451.940 ms
