Seq Scan on cast_info ci  (cost=0.00..705507.15 rows=8561600 width=0) (actual time=0.042..9201.540 rows=8556010 loops=1)
  Filter: (person_id > 2831685)
  Rows Removed by Filter: 27688334
Planning time: 0.330 ms
Execution time: 10175.439 ms
