Hash Join  (cost=73987.23..438929.14 rows=28598 width=0) (actual time=799.493..7576.465 rows=50412 loops=1)
  Hash Cond: (mi.movie_id = t.id)
  ->  Seq Scan on movie_info mi  (cost=0.00..309384.22 rows=14739122 width=4) (actual time=0.010..3554.470 rows=14835720 loops=1)
  ->  Hash  (cost=73925.90..73925.90 rows=4906 width=4) (actual time=796.835..796.835 rows=13906 loops=1)
        Buckets: 16384 (originally 8192)  Batches: 1 (originally 1)  Memory Usage: 617kB
        ->  Seq Scan on title t  (cost=0.00..73925.90 rows=4906 width=4) (actual time=0.026..791.082 rows=13906 loops=1)
              Filter: ((kind_id > 3) AND (production_year = 1989))
              Rows Removed by Filter: 2514406
Planning time: 0.758 ms
Execution time: 7584.708 ms
