Hash Join  (cost=94666.80..627040.41 rows=6062454 width=0) (actual time=2427.021..16340.580 rows=5267772 loops=1)
  Hash Cond: (mi.movie_id = t.id)
  ->  Seq Scan on movie_info mi  (cost=0.00..346232.03 rows=9293409 width=4) (actual time=0.023..6131.616 rows=9425200 loops=1)
        Filter: (info_type_id > 5)
        Rows Removed by Filter: 5410520
  ->  Hash  (cost=67604.59..67604.59 rows=1649457 width=4) (actual time=2425.989..2425.989 rows=1643514 loops=1)
        Buckets: 131072  Batches: 32  Memory Usage: 2839kB
        ->  Seq Scan on title t  (cost=0.00..67604.59 rows=1649457 width=4) (actual time=0.014..1183.322 rows=1643514 loops=1)
              Filter: (production_year > 1994)
              Rows Removed by Filter: 884798
Planning time: 0.827 ms
Execution time: 16994.521 ms
