Hash Join  (cost=75227.65..134487.73 rows=19936 width=0) (actual time=1126.807..2260.522 rows=23345 loops=1)
  Hash Cond: (mc.movie_id = t.id)
  ->  Seq Scan on movie_companies mc  (cost=0.00..51404.11 rows=635362 width=4) (actual time=0.014..879.091 rows=628724 loops=1)
        Filter: (company_id < 828)
        Rows Removed by Filter: 1980405
  ->  Hash  (cost=73925.90..73925.90 rows=79340 width=4) (actual time=1126.053..1126.053 rows=92312 loops=1)
        Buckets: 131072  Batches: 2  Memory Usage: 2648kB
        ->  Seq Scan on title t  (cost=0.00..73925.90 rows=79340 width=4) (actual time=0.029..1091.470 rows=92312 loops=1)
              Filter: ((kind_id > 1) AND (production_year = 2006))
              Rows Removed by Filter: 2436000
Planning time: 0.599 ms
Execution time: 2264.465 ms
