Hash Join  (cost=238643.10..862003.20 rows=11727127 width=0) (actual time=5323.319..30363.607 rows=50714480 loops=1)
  Hash Cond: (mi.movie_id = t.id)
  ->  Seq Scan on movie_info mi  (cost=0.00..309384.22 rows=14739122 width=4) (actual time=0.021..5210.744 rows=14835720 loops=1)
  ->  Hash  (cost=205636.44..205636.44 rows=2011813 width=8) (actual time=5322.525..5322.525 rows=1744631 loops=1)
        Buckets: 131072  Batches: 32  Memory Usage: 3202kB
        ->  Hash Join  (cost=99591.38..205636.44 rows=2011813 width=8) (actual time=1727.475..4769.460 rows=1744631 loops=1)
              Hash Cond: (mc.movie_id = t.id)
              ->  Seq Scan on movie_companies mc  (cost=0.00..44881.29 rows=2609129 width=4) (actual time=0.013..810.217 rows=2609129 loops=1)
              ->  Hash  (cost=67604.59..67604.59 rows=1949663 width=4) (actual time=1726.439..1726.439 rows=1947263 loops=1)
                    Buckets: 131072  Batches: 32  Memory Usage: 3171kB
                    ->  Seq Scan on title t  (cost=0.00..67604.59 rows=1949663 width=4) (actual time=0.023..1111.608 rows=1947263 loops=1)
                          Filter: (production_year > 1979)
                          Rows Removed by Filter: 581049
Planning time: 1.101 ms
Execution time: 36209.876 ms
