Seq Scan on cast_info ci  (cost=0.00..796071.18 rows=747840 width=0) (actual time=0.022..13911.140 rows=822287 loops=1)
  Filter: ((person_id > 570828) AND (role_id = 5))
  Rows Removed by Filter: 35422057
Planning time: 0.452 ms
Execution time: 14011.814 ms
