Hash Join  (cost=671884.81..1689973.63 rows=16262575 width=0) (actual time=15813.286..42590.851 rows=45279281 loops=1)
  Hash Cond: (ci.movie_id = t.id)
  ->  Seq Scan on cast_info ci  (cost=0.00..705507.15 rows=7812448 width=4) (actual time=5.490..11568.932 rows=7703015 loops=1)
        Filter: (person_id < 747933)
        Rows Removed by Filter: 28541329
  ->  Hash  (cost=585530.80..585530.80 rows=5263441 width=8) (actual time=14467.890..14467.890 rows=5270569 loops=1)
        Buckets: 131072  Batches: 128  Memory Usage: 2642kB
        ->  Hash Join  (cost=102767.86..585530.80 rows=5263441 width=8) (actual time=2098.628..12907.146 rows=5270569 loops=1)
              Hash Cond: (mi.movie_id = t.id)
              ->  Seq Scan on movie_info mi  (cost=0.00..346232.03 rows=5263441 width=4) (actual time=186.885..5731.502 rows=5270569 loops=1)
                    Filter: (info_type_id > 15)
                    Rows Removed by Filter: 9565151
              ->  Hash  (cost=61283.27..61283.27 rows=2528527 width=4) (actual time=1888.955..1888.955 rows=2528312 loops=1)
                    Buckets: 131072  Batches: 64  Memory Usage: 2425kB
                    ->  Seq Scan on title t  (cost=0.00..61283.27 rows=2528527 width=4) (actual time=0.014..1023.242 rows=2528312 loops=1)
Planning time: 1.180 ms
Execution time: 47740.724 ms
