Hash Join  (cost=79273.71..150650.75 rows=187519 width=0) (actual time=1252.831..2688.766 rows=48226 loops=1)
  Hash Cond: (mc.movie_id = t.id)
  ->  Seq Scan on movie_companies mc  (cost=0.00..51404.11 rows=1454864 width=4) (actual time=0.012..918.466 rows=1458639 loops=1)
        Filter: (company_id > 8977)
        Rows Removed by Filter: 1150490
  ->  Hash  (cost=73925.90..73925.90 rows=325904 width=4) (actual time=1130.922..1130.922 rows=349534 loops=1)
        Buckets: 131072  Batches: 8  Memory Usage: 2566kB
        ->  Seq Scan on title t  (cost=0.00..73925.90 rows=325904 width=4) (actual time=0.025..1017.778 rows=349534 loops=1)
              Filter: ((production_year > 2009) AND (kind_id = 7))
              Rows Removed by Filter: 2178778
Planning time: 0.666 ms
Execution time: 2694.603 ms
