Hash Join  (cost=166305.56..296863.77 rows=702217 width=0) (actual time=3392.356..9304.336 rows=13717784 loops=1)
  Hash Cond: (mk.movie_id = t.id)
  ->  Seq Scan on movie_keyword mk  (cost=0.00..69693.30 rows=4523930 width=4) (actual time=0.018..1552.268 rows=4523930 loops=1)
  ->  Hash  (cost=159865.50..159865.50 rows=392485 width=8) (actual time=3391.685..3391.685 rows=533689 loops=1)
        Buckets: 131072  Batches: 8  Memory Usage: 3666kB
        ->  Hash Join  (cost=87150.54..159865.50 rows=392485 width=8) (actual time=1405.194..3220.496 rows=533689 loops=1)
              Hash Cond: (mc.movie_id = t.id)
              ->  Seq Scan on movie_companies mc  (cost=0.00..51404.11 rows=1231199 width=4) (actual time=0.017..962.025 rows=1219174 loops=1)
                    Filter: (company_id < 11138)
                    Rows Removed by Filter: 1389955
              ->  Hash  (cost=73925.90..73925.90 rows=806051 width=4) (actual time=1403.796..1403.796 rows=719730 loops=1)
                    Buckets: 131072  Batches: 16  Memory Usage: 2606kB
                    ->  Seq Scan on title t  (cost=0.00..73925.90 rows=806051 width=4) (actual time=0.018..1201.381 rows=719730 loops=1)
                          Filter: ((kind_id < 7) AND (production_year > 1971))
                          Rows Removed by Filter: 1808582
Planning time: 0.776 ms
Execution time: 10615.916 ms
