Seq Scan on movie_keyword mk  (cost=0.00..81003.12 rows=246 width=0) (actual time=2.148..1140.910 rows=313 loops=1)
  Filter: (keyword_id = 1313)
  Rows Removed by Filter: 4523617
Planning time: 0.342 ms
Execution time: 1141.169 ms
