Hash Join  (cost=154232.73..640515.71 rows=607005 width=0) (actual time=2595.234..12434.449 rows=217872 loops=1)
  Hash Cond: (mi.movie_id = t.id)
  ->  Seq Scan on movie_info mi  (cost=0.00..309384.22 rows=14739122 width=4) (actual time=0.016..5045.994 rows=14835720 loops=1)
  ->  Hash  (cost=152524.07..152524.07 rows=104133 width=8) (actual time=2594.498..2594.498 rows=27478 loops=1)
        Buckets: 131072  Batches: 2  Memory Usage: 1569kB
        ->  Hash Join  (cost=76049.74..152524.07 rows=104133 width=8) (actual time=976.837..2583.746 rows=27478 loops=1)
              Hash Cond: (mc.movie_id = t.id)
              ->  Seq Scan on movie_companies mc  (cost=0.00..51404.11 rows=2034369 width=4) (actual time=0.011..968.203 rows=2029919 loops=1)
                    Filter: (company_id < 71101)
                    Rows Removed by Filter: 579210
              ->  Hash  (cost=73925.90..73925.90 rows=129427 width=4) (actual time=974.419..974.419 rows=27808 loops=1)
                    Buckets: 131072  Batches: 2  Memory Usage: 1513kB
                    ->  Seq Scan on title t  (cost=0.00..73925.90 rows=129427 width=4) (actual time=0.043..963.131 rows=27808 loops=1)
                          Filter: ((production_year < 1957) AND (kind_id = 7))
                          Rows Removed by Filter: 2500504
Planning time: 4.547 ms
Execution time: 12461.536 ms
