Hash Join  (cost=205267.99..247669.73 rows=274426 width=0) (actual time=3880.909..4987.038 rows=858349 loops=1)
  Hash Cond: (mi_idx.movie_id = t.id)
  ->  Seq Scan on movie_info_idx mi_idx  (cost=0.00..21735.35 rows=1380035 width=4) (actual time=0.013..390.782 rows=1380035 loops=1)
  ->  Hash  (cost=197017.89..197017.89 rows=502808 width=8) (actual time=3880.106..3880.106 rows=427009 loops=1)
        Buckets: 131072  Batches: 8  Memory Usage: 3125kB
        ->  Hash Join  (cost=94666.80..197017.89 rows=502808 width=8) (actual time=1744.836..3773.758 rows=427009 loops=1)
              Hash Cond: (mk.movie_id = t.id)
              ->  Seq Scan on movie_keyword mk  (cost=0.00..81003.12 rows=770777 width=4) (actual time=0.020..1329.126 rows=771771 loops=1)
                    Filter: (keyword_id < 731)
                    Rows Removed by Filter: 3752159
              ->  Hash  (cost=67604.59..67604.59 rows=1649457 width=4) (actual time=1743.662..1743.662 rows=1643514 loops=1)
                    Buckets: 131072  Batches: 32  Memory Usage: 2839kB
                    ->  Seq Scan on title t  (cost=0.00..67604.59 rows=1649457 width=4) (actual time=0.021..1189.969 rows=1643514 loops=1)
                          Filter: (production_year > 1994)
                          Rows Removed by Filter: 884798
Planning time: 1.135 ms
Execution time: 5065.613 ms
