Hash Join  (cost=884073.79..1413356.58 rows=1878144 width=0) (actual time=22889.540..33098.450 rows=2714498 loops=1)
  Hash Cond: (mi.movie_id = t.id)
  ->  Seq Scan on movie_info mi  (cost=0.00..346232.03 rows=7503588 width=4) (actual time=314.986..5574.381 rows=7548855 loops=1)
        Filter: (info_type_id > 7)
        Rows Removed by Filter: 7286865
  ->  Hash  (cost=873689.67..873689.67 rows=632889 width=8) (actual time=22573.068..22573.068 rows=869951 loops=1)
        Buckets: 131072  Batches: 16  Memory Usage: 3168kB
        ->  Hash Join  (cost=74787.47..873689.67 rows=632889 width=8) (actual time=1136.779..20487.706 rows=869951 loops=1)
              Hash Cond: (ci.movie_id = t.id)
              ->  Seq Scan on cast_info ci  (cost=0.00..705507.15 rows=23217644 width=4) (actual time=0.028..11679.320 rows=23282600 loops=1)
                    Filter: (person_id > 1280827)
                    Rows Removed by Filter: 12961744
              ->  Hash  (cost=73925.90..73925.90 rows=68925 width=4) (actual time=1135.854..1135.854 rows=84076 loops=1)
                    Buckets: 131072  Batches: 1  Memory Usage: 3980kB
                    ->  Seq Scan on title t  (cost=0.00..73925.90 rows=68925 width=4) (actual time=0.022..1100.664 rows=84076 loops=1)
                          Filter: ((kind_id = 7) AND (production_year = 2007))
                          Rows Removed by Filter: 2444236
Planning time: 1.152 ms
Execution time: 33416.455 ms
