Hash Join  (cost=74809.10..444737.41 rows=164330 width=0) (actual time=1638.260..8011.276 rows=137612 loops=1)
  Hash Cond: (mi.movie_id = t.id)
  ->  Seq Scan on movie_info mi  (cost=0.00..346232.03 rows=5880796 width=4) (actual time=331.684..5262.661 rows=5869026 loops=1)
        Filter: (info_type_id > 13)
        Rows Removed by Filter: 8966694
  ->  Hash  (cost=73925.90..73925.90 rows=70656 width=4) (actual time=1305.826..1305.826 rows=79548 loops=1)
        Buckets: 131072  Batches: 1  Memory Usage: 3821kB
        ->  Seq Scan on title t  (cost=0.00..73925.90 rows=70656 width=4) (actual time=0.037..1273.216 rows=79548 loops=1)
              Filter: ((kind_id > 1) AND (production_year = 2005))
              Rows Removed by Filter: 2448764
Planning time: 0.894 ms
Execution time: 8030.640 ms
