Hash Join  (cost=103601.52..145129.04 rows=332325 width=0) (actual time=2003.886..3056.760 rows=249986 loops=1)
  Hash Cond: (mi_idx.movie_id = t.id)
  ->  Seq Scan on movie_info_idx mi_idx  (cost=0.00..25185.44 rows=464566 width=4) (actual time=0.031..406.822 rows=459925 loops=1)
        Filter: (info_type_id = 101)
        Rows Removed by Filter: 920110
  ->  Hash  (cost=73925.90..73925.90 rows=1808769 width=4) (actual time=2002.951..2002.951 rows=1799609 loops=1)
        Buckets: 131072  Batches: 32  Memory Usage: 3007kB
        ->  Seq Scan on title t  (cost=0.00..73925.90 rows=1808769 width=4) (actual time=0.024..1424.173 rows=1799609 loops=1)
              Filter: ((kind_id > 1) AND (production_year < 2014))
              Rows Removed by Filter: 728703
Planning time: 0.726 ms
Execution time: 3087.794 ms
