Hash Join  (cost=344912.45..1794076.99 rows=36833672 width=0) (actual time=10019.210..64318.064 rows=126195500 loops=1)
  Hash Cond: (ci.movie_id = t.id)
  ->  Seq Scan on cast_info ci  (cost=0.00..705507.15 rows=23499554 width=4) (actual time=2128.799..15107.744 rows=23573656 loops=1)
        Filter: (role_id > 1)
        Rows Removed by Filter: 12670688
  ->  Hash  (cost=279889.65..279889.65 rows=3963264 width=8) (actual time=7889.127..7889.127 rows=3757120 loops=1)
        Buckets: 131072  Batches: 64  Memory Usage: 3276kB
        ->  Hash Join  (cost=103947.06..279889.65 rows=3963264 width=8) (actual time=1972.937..6788.116 rows=3757120 loops=1)
              Hash Cond: (mk.movie_id = t.id)
              ->  Seq Scan on movie_keyword mk  (cost=0.00..69693.30 rows=4523930 width=4) (actual time=0.043..1410.908 rows=4523930 loops=1)
              ->  Hash  (cost=67604.59..67604.59 rows=2215158 width=4) (actual time=1971.625..1971.625 rows=2203697 loops=1)
                    Buckets: 131072  Batches: 32  Memory Usage: 3457kB
                    ->  Seq Scan on title t  (cost=0.00..67604.59 rows=2215158 width=4) (actual time=0.028..1251.463 rows=2203697 loops=1)
                          Filter: (production_year > 1960)
                          Rows Removed by Filter: 324615
Planning time: 1.196 ms
Execution time: 77387.901 ms
