Hash Join  (cost=82337.76..920243.16 rows=594275 width=0) (actual time=5917.049..15454.745 rows=1033916 loops=1)
  Hash Cond: (ci.movie_id = t.id)
  ->  Seq Scan on cast_info ci  (cost=0.00..796071.18 rows=2930794 width=4) (actual time=4672.752..10976.777 rows=4549650 loops=1)
        Filter: ((person_id > 3232039) AND (role_id > 1))
        Rows Removed by Filter: 31694694
  ->  Hash  (cost=73925.90..73925.90 rows=512708 width=4) (actual time=1243.451..1243.451 rows=382109 loops=1)
        Buckets: 131072  Batches: 8  Memory Usage: 2709kB
        ->  Seq Scan on title t  (cost=0.00..73925.90 rows=512708 width=4) (actual time=0.014..1095.897 rows=382109 loops=1)
              Filter: ((production_year > 1980) AND (kind_id = 1))
              Rows Removed by Filter: 2146203
Planning time: 0.785 ms
Execution time: 15589.217 ms
