Hash Join  (cost=58375.85..809172.60 rows=759 width=0) (actual time=996.863..16605.580 rows=11 loops=1)
  Hash Cond: (ci.movie_id = t.id)
  ->  Seq Scan on cast_info ci  (cost=0.00..614943.12 rows=36225612 width=4) (actual time=0.014..9231.645 rows=36244344 loops=1)
  ->  Hash  (cost=58375.18..58375.18 rows=53 width=8) (actual time=804.478..804.478 rows=1 loops=1)
        Buckets: 1024  Batches: 1  Memory Usage: 9kB
        ->  Nested Loop  (cost=0.43..58375.18 rows=53 width=8) (actual time=266.699..804.473 rows=1 loops=1)
              ->  Seq Scan on movie_companies mc  (cost=0.00..57926.93 rows=53 width=4) (actual time=266.600..804.370 rows=1 loops=1)
                    Filter: ((company_id = 167101) AND (company_type_id = 2))
                    Rows Removed by Filter: 2609128
              ->  Index Only Scan using title_pkey on title t  (cost=0.43..8.45 rows=1 width=4) (actual time=0.073..0.074 rows=1 loops=1)
                    Index Cond: (id = mc.movie_id)
                    Heap Fetches: 1
Planning time: 1.174 ms
Execution time: 16605.701 ms
