Hash Join  (cost=81151.82..984235.66 rows=1378391 width=0) (actual time=12353.559..16493.933 rows=318613 loops=1)
  Hash Cond: (ci.movie_id = t.id)
  ->  Seq Scan on cast_info ci  (cost=0.00..796071.18 rows=7914067 width=4) (actual time=11038.881..13815.737 rows=2794747 loops=1)
        Filter: ((person_id > 1345878) AND (role_id < 2))
        Rows Removed by Filter: 33449597
  ->  Hash  (cost=73925.90..73925.90 rows=440393 width=4) (actual time=1313.306..1313.306 rows=296173 loops=1)
        Buckets: 131072  Batches: 8  Memory Usage: 2313kB
        ->  Seq Scan on title t  (cost=0.00..73925.90 rows=440393 width=4) (actual time=0.039..1212.785 rows=296173 loops=1)
              Filter: ((kind_id > 3) AND (production_year < 1989))
              Rows Removed by Filter: 2232139
Planning time: 0.567 ms
Execution time: 16535.419 ms
