Hash Join  (cost=102205.59..145466.55 rows=387786 width=0) (actual time=2467.706..3687.134 rows=390266 loops=1)
  Hash Cond: (mi_idx.movie_id = t.id)
  ->  Seq Scan on movie_info_idx mi_idx  (cost=0.00..25185.44 rows=464934 width=4) (actual time=0.014..498.512 rows=460185 loops=1)
        Filter: (info_type_id > 100)
        Rows Removed by Filter: 919850
  ->  Hash  (cost=67604.59..67604.59 rows=2108960 width=4) (actual time=2466.919..2466.919 rows=2104137 loops=1)
        Buckets: 131072  Batches: 32  Memory Usage: 3341kB
        ->  Seq Scan on title t  (cost=0.00..67604.59 rows=2108960 width=4) (actual time=0.018..1294.659 rows=2104137 loops=1)
              Filter: (production_year > 1968)
              Rows Removed by Filter: 424175
Planning time: 0.747 ms
Execution time: 3734.503 ms
