Hash Join  (cost=81206.46..149327.14 rows=197410 width=0) (actual time=1248.056..2892.413 rows=506637 loops=1)
  Hash Cond: (mc.movie_id = t.id)
  ->  Seq Scan on movie_companies mc  (cost=0.00..51404.11 rows=1124927 width=4) (actual time=0.015..856.968 rows=1135343 loops=1)
        Filter: (company_id > 13456)
        Rows Removed by Filter: 1473786
  ->  Hash  (cost=73925.90..73925.90 rows=443724 width=4) (actual time=1246.875..1246.875 rows=536860 loops=1)
        Buckets: 131072  Batches: 8  Memory Usage: 3395kB
        ->  Seq Scan on title t  (cost=0.00..73925.90 rows=443724 width=4) (actual time=0.012..1071.785 rows=536860 loops=1)
              Filter: ((kind_id < 7) AND (production_year < 2002))
              Rows Removed by Filter: 1991452
Planning time: 0.732 ms
Execution time: 2950.277 ms
