Hash Join  (cost=196859.52..1326251.01 rows=9305033 width=0) (actual time=3600.412..36086.202 rows=14990804 loops=1)
  Hash Cond: (ci.movie_id = t.id)
  ->  Seq Scan on cast_info ci  (cost=0.00..614943.12 rows=36225612 width=4) (actual time=0.013..11482.789 rows=36244344 loops=1)
  ->  Hash  (cost=186202.94..186202.94 rows=649486 width=8) (actual time=3598.969..3598.969 rows=414785 loops=1)
        Buckets: 131072  Batches: 16  Memory Usage: 2040kB
        ->  Hash Join  (cost=102767.86..186202.94 rows=649486 width=8) (actual time=2109.617..3476.064 rows=414785 loops=1)
              Hash Cond: (mc.movie_id = t.id)
              ->  Seq Scan on movie_companies mc  (cost=0.00..57926.93 rows=649486 width=4) (actual time=340.801..944.372 rows=414785 loops=1)
                    Filter: ((company_id > 11203) AND (company_type_id = 1))
                    Rows Removed by Filter: 2194344
              ->  Hash  (cost=61283.27..61283.27 rows=2528527 width=4) (actual time=1767.099..1767.099 rows=2528312 loops=1)
                    Buckets: 131072  Batches: 64  Memory Usage: 2415kB
                    ->  Seq Scan on title t  (cost=0.00..61283.27 rows=2528527 width=4) (actual time=0.019..961.368 rows=2528312 loops=1)
Planning time: 1.142 ms
Execution time: 37893.143 ms
