Hash Join  (cost=78473.92..452976.79 rows=474445 width=0) (actual time=2538.950..7479.067 rows=398490 loops=1)
  Hash Cond: (mi.movie_id = t.id)
  ->  Seq Scan on movie_info mi  (cost=0.00..346232.03 rows=1810770 width=4) (actual time=968.227..4996.856 rows=1865632 loops=1)
        Filter: (info_type_id > 17)
        Rows Removed by Filter: 12970088
  ->  Hash  (cost=67604.59..67604.59 rows=662507 width=4) (actual time=1401.220..1401.220 rows=662065 loops=1)
        Buckets: 131072  Batches: 16  Memory Usage: 2487kB
        ->  Seq Scan on title t  (cost=0.00..67604.59 rows=662507 width=4) (actual time=0.026..1177.591 rows=662065 loops=1)
              Filter: (production_year > 2008)
              Rows Removed by Filter: 1866247
Planning time: 0.725 ms
Execution time: 7529.719 ms
