Seq Scan on movie_keyword mk  (cost=0.00..81003.12 rows=3069051 width=0) (actual time=0.031..1436.462 rows=3058517 loops=1)
  Filter: (keyword_id < 11287)
  Rows Removed by Filter: 1465413
Planning time: 0.305 ms
Execution time: 1831.705 ms
