Hash Join  (cost=94699.36..848133.52 rows=20429 width=0) (actual time=1944.705..15330.371 rows=132 loops=1)
  Hash Cond: (ci.movie_id = t.id)
  ->  Seq Scan on cast_info ci  (cost=0.00..705507.15 rows=12726058 width=4) (actual time=0.018..12078.712 rows=12670688 loops=1)
        Filter: (role_id < 2)
        Rows Removed by Filter: 23573656
  ->  Hash  (cost=94648.62..94648.62 rows=4059 width=8) (actual time=1419.849..1419.849 rows=1056 loops=1)
        Buckets: 4096  Batches: 1  Memory Usage: 74kB
        ->  Hash Join  (cost=67697.55..94648.62 rows=4059 width=8) (actual time=920.489..1419.345 rows=1056 loops=1)
              Hash Cond: (mi_idx.movie_id = t.id)
              ->  Seq Scan on movie_info_idx mi_idx  (cost=0.00..21735.35 rows=1380035 width=4) (actual time=0.008..247.542 rows=1380035 loops=1)
              ->  Hash  (cost=67604.59..67604.59 rows=7437 width=4) (actual time=919.571..919.571 rows=791 loops=1)
                    Buckets: 8192  Batches: 1  Memory Usage: 92kB
                    ->  Seq Scan on title t  (cost=0.00..67604.59 rows=7437 width=4) (actual time=0.279..919.103 rows=791 loops=1)
                          Filter: (production_year = 1896)
                          Rows Removed by Filter: 2527521
Planning time: 1.174 ms
Execution time: 15330.550 ms
