Hash Join  (cost=136994.87..1229497.05 rows=5714107 width=0) (actual time=2980.790..32496.642 rows=8194923 loops=1)
  Hash Cond: (ci.movie_id = t.id)
  ->  Seq Scan on cast_info ci  (cost=0.00..614943.12 rows=36225612 width=4) (actual time=0.013..12174.999 rows=36244344 loops=1)
  ->  Hash  (cost=130451.36..130451.36 rows=398841 width=8) (actual time=2979.891..2979.891 rows=211383 loops=1)
        Buckets: 131072  Batches: 8  Memory Usage: 2048kB
        ->  Hash Join  (cost=85915.47..130451.36 rows=398841 width=8) (actual time=1681.069..2910.700 rows=211383 loops=1)
              Hash Cond: (mi_idx.movie_id = t.id)
              ->  Seq Scan on movie_info_idx mi_idx  (cost=0.00..21735.35 rows=1380035 width=4) (actual time=0.025..404.959 rows=1380035 loops=1)
              ->  Hash  (cost=73925.90..73925.90 rows=730765 width=4) (actual time=1679.971..1679.971 rows=807803 loops=1)
                    Buckets: 131072  Batches: 16  Memory Usage: 2806kB
                    ->  Seq Scan on title t  (cost=0.00..73925.90 rows=730765 width=4) (actual time=0.018..1174.108 rows=807803 loops=1)
                          Filter: ((kind_id > 3) AND (production_year > 2004))
                          Rows Removed by Filter: 1720509
Planning time: 1.146 ms
Execution time: 33444.886 ms
