Hash Join  (cost=102767.86..219622.81 rows=1079374 width=0) (actual time=1839.222..4378.821 rows=1085678 loops=1)
  Hash Cond: (mk.movie_id = t.id)
  ->  Seq Scan on movie_keyword mk  (cost=0.00..81003.12 rows=1079374 width=4) (actual time=0.020..1283.468 rows=1085678 loops=1)
        Filter: (keyword_id < 1105)
        Rows Removed by Filter: 3438252
  ->  Hash  (cost=61283.27..61283.27 rows=2528527 width=4) (actual time=1838.335..1838.335 rows=2528312 loops=1)
        Buckets: 131072  Batches: 64  Memory Usage: 2425kB
        ->  Seq Scan on title t  (cost=0.00..61283.27 rows=2528527 width=4) (actual time=0.010..988.092 rows=2528312 loops=1)
Planning time: 0.491 ms
Execution time: 4511.646 ms
