Seq Scan on movie_keyword mk  (cost=0.00..81003.12 rows=246 width=0) (actual time=1.658..1179.539 rows=424 loops=1)
  Filter: (keyword_id = 8396)
  Rows Removed by Filter: 4523506
Planning time: 0.276 ms
Execution time: 1179.789 ms
