Hash Join  (cost=210924.48..358174.32 rows=2072280 width=0) (actual time=4816.214..12370.170 rows=17161170 loops=1)
  Hash Cond: (mk.movie_id = t.id)
  ->  Seq Scan on movie_keyword mk  (cost=0.00..69693.30 rows=4523930 width=4) (actual time=0.029..1373.694 rows=4523930 loops=1)
  ->  Hash  (cost=191921.43..191921.43 rows=1158244 width=8) (actual time=4814.996..4814.996 rows=1153906 loops=1)
        Buckets: 131072  Batches: 16  Memory Usage: 3864kB
        ->  Hash Join  (cost=102767.86..191921.43 rows=1158244 width=8) (actual time=2159.610..4470.507 rows=1153906 loops=1)
              Hash Cond: (mc.movie_id = t.id)
              ->  Seq Scan on movie_companies mc  (cost=0.00..51404.11 rows=1158244 width=4) (actual time=0.025..952.609 rows=1153906 loops=1)
                    Filter: (company_id < 9156)
                    Rows Removed by Filter: 1455223
              ->  Hash  (cost=61283.27..61283.27 rows=2528527 width=4) (actual time=2158.370..2158.370 rows=2528312 loops=1)
                    Buckets: 131072  Batches: 64  Memory Usage: 2415kB
                    ->  Seq Scan on title t  (cost=0.00..61283.27 rows=2528527 width=4) (actual time=0.019..1028.431 rows=2528312 loops=1)
Planning time: 2.125 ms
Execution time: 14323.356 ms
