Seq Scan on movie_companies mc  (cost=0.00..57926.93 rows=486699 width=0) (actual time=152.339..895.504 rows=803916 loops=1)
  Filter: ((company_id > 17959) AND (company_type_id > 1))
  Rows Removed by Filter: 1805213
Planning time: 0.375 ms
Execution time: 994.811 ms
