Hash Join  (cost=75489.76..1123314.74 rows=1364882 width=0) (actual time=1077.698..26014.849 rows=1949055 loops=1)
  Hash Cond: (ci.movie_id = t.id)
  ->  Seq Scan on cast_info ci  (cost=0.00..614943.12 rows=36225612 width=4) (actual time=0.016..11123.177 rows=36244344 loops=1)
  ->  Hash  (cost=73925.90..73925.90 rows=95268 width=4) (actual time=1076.829..1076.829 rows=100458 loops=1)
        Buckets: 131072  Batches: 2  Memory Usage: 2795kB
        ->  Seq Scan on title t  (cost=0.00..73925.90 rows=95268 width=4) (actual time=42.962..1042.906 rows=100458 loops=1)
              Filter: ((production_year > 1926) AND (kind_id = 3))
              Rows Removed by Filter: 2427854
Planning time: 0.724 ms
Execution time: 26276.198 ms
