Hash Join  (cost=70308.29..1016529.35 rows=797663 width=0) (actual time=2390.504..22055.386 rows=669972 loops=1)
  Hash Cond: (ci.movie_id = t.id)
  ->  Seq Scan on cast_info ci  (cost=0.00..796071.18 rows=12240334 width=4) (actual time=1424.762..15513.022 rows=11734037 loops=1)
        Filter: ((person_id > 130149) AND (role_id = 1))
        Rows Removed by Filter: 24510307
  ->  Hash  (cost=67604.59..67604.59 rows=164776 width=4) (actual time=964.755..964.755 rows=164307 loops=1)
        Buckets: 131072  Batches: 4  Memory Usage: 2482kB
        ->  Seq Scan on title t  (cost=0.00..67604.59 rows=164776 width=4) (actual time=0.031..908.626 rows=164307 loops=1)
              Filter: (production_year = 2012)
              Rows Removed by Filter: 2364005
Planning time: 0.752 ms
Execution time: 22142.282 ms
