Hash Join  (cost=102767.86..1649407.14 rows=34545608 width=0) (actual time=5443.437..92899.191 rows=34542470 loops=1)
  Hash Cond: (ci.movie_id = t.id)
  ->  Seq Scan on cast_info ci  (cost=0.00..705507.15 rows=34545608 width=4) (actual time=0.019..50168.654 rows=34542470 loops=1)
        Filter: (person_id < 3724615)
        Rows Removed by Filter: 1701874
  ->  Hash  (cost=61283.27..61283.27 rows=2528527 width=4) (actual time=5442.067..5442.067 rows=2528312 loops=1)
        Buckets: 131072  Batches: 64  Memory Usage: 2415kB
        ->  Seq Scan on title t  (cost=0.00..61283.27 rows=2528527 width=4) (actual time=0.004..4182.954 rows=2528312 loops=1)
Planning time: 0.644 ms
Execution time: 97873.618 ms
