Hash Join  (cost=94699.36..459591.89 rows=23660 width=0) (actual time=1702.046..8513.839 rows=235391 loops=1)
  Hash Cond: (mi.movie_id = t.id)
  ->  Seq Scan on movie_info mi  (cost=0.00..309384.22 rows=14739122 width=4) (actual time=0.013..3587.237 rows=14835720 loops=1)
  ->  Hash  (cost=94648.62..94648.62 rows=4059 width=8) (actual time=1701.849..1701.849 rows=15197 loops=1)
        Buckets: 16384 (originally 4096)  Batches: 1 (originally 1)  Memory Usage: 722kB
        ->  Hash Join  (cost=67697.55..94648.62 rows=4059 width=8) (actual time=1074.944..1696.337 rows=15197 loops=1)
              Hash Cond: (mi_idx.movie_id = t.id)
              ->  Seq Scan on movie_info_idx mi_idx  (cost=0.00..21735.35 rows=1380035 width=4) (actual time=0.014..324.033 rows=1380035 loops=1)
              ->  Hash  (cost=67604.59..67604.59 rows=7437 width=4) (actual time=1074.849..1074.849 rows=19861 loops=1)
                    Buckets: 32768 (originally 8192)  Batches: 1 (originally 1)  Memory Usage: 955kB
                    ->  Seq Scan on title t  (cost=0.00..67604.59 rows=7437 width=4) (actual time=0.030..1065.368 rows=19861 loops=1)
                          Filter: (production_year = 1988)
                          Rows Removed by Filter: 2508451
Planning time: 1.143 ms
Execution time: 8545.957 ms
