Seq Scan on movie_companies mc  (cost=0.00..51404.11 rows=2319918 width=0) (actual time=0.013..867.585 rows=2315517 loops=1)
  Filter: (company_id < 94782)
  Rows Removed by Filter: 293612
Planning time: 0.213 ms
Execution time: 1152.316 ms
