Hash Join  (cost=136022.27..956595.96 rows=126391 width=0) (actual time=3638.902..14745.272 rows=444369 loops=1)
  Hash Cond: (ci.movie_id = t.id)
  ->  Seq Scan on cast_info ci  (cost=0.00..796071.18 rows=6196960 width=4) (actual time=1043.410..10126.770 rows=6936559 loops=1)
        Filter: ((person_id < 749878) AND (role_id < 8))
        Rows Removed by Filter: 29307785
  ->  Hash  (cost=135377.63..135377.63 rows=51571 width=8) (actual time=2595.052..2595.052 rows=72391 loops=1)
        Buckets: 131072 (originally 65536)  Batches: 1 (originally 1)  Memory Usage: 3852kB
        ->  Hash Join  (cost=74617.32..135377.63 rows=51571 width=8) (actual time=1042.301..2564.488 rows=72391 loops=1)
              Hash Cond: (mc.movie_id = t.id)
              ->  Seq Scan on movie_companies mc  (cost=0.00..51404.11 rows=2357465 width=4) (actual time=0.024..927.105 rows=2360568 loops=1)
                    Filter: (company_id > 115)
                    Rows Removed by Filter: 248561
              ->  Hash  (cost=73925.90..73925.90 rows=55313 width=4) (actual time=1041.623..1041.623 rows=49075 loops=1)
                    Buckets: 65536  Batches: 1  Memory Usage: 2238kB
                    ->  Seq Scan on title t  (cost=0.00..73925.90 rows=55313 width=4) (actual time=0.018..1022.006 rows=49075 loops=1)
                          Filter: ((kind_id < 7) AND (production_year = 2010))
                          Rows Removed by Filter: 2479237
Planning time: 1.162 ms
Execution time: 14804.505 ms
