Seq Scan on movie_keyword mk  (cost=0.00..81003.12 rows=246 width=0) (actual time=15.461..1121.872 rows=221 loops=1)
  Filter: (keyword_id = 3833)
  Rows Removed by Filter: 4523709
Planning time: 1.354 ms
Execution time: 1122.131 ms
