Seq Scan on movie_keyword mk  (cost=0.00..81003.12 rows=3152833 width=0) (actual time=0.014..4807.447 rows=3136699 loops=1)
  Filter: (keyword_id < 12024)
  Rows Removed by Filter: 1387231
Planning time: 3.550 ms
Execution time: 5340.868 ms
