Hash Join  (cost=857666.96..2816741.29 rows=70184997 width=0) (actual time=22609.678..61649.371 rows=57536928 loops=1)
  Hash Cond: (ci.movie_id = t.id)
  ->  Seq Scan on cast_info ci  (cost=0.00..796071.18 rows=18579277 width=4) (actual time=3435.553..15621.228 rows=17443659 loops=1)
        Filter: ((person_id > 1459381) AND (role_id < 10))
        Rows Removed by Filter: 18800685
  ->  Hash  (cost=700958.05..700958.05 rows=9551753 width=8) (actual time=19171.634..19171.634 rows=6121858 loops=1)
        Buckets: 131072  Batches: 128  Memory Usage: 2855kB
        ->  Hash Join  (cost=100809.69..700958.05 rows=9551753 width=8) (actual time=1752.659..17100.102 rows=6121858 loops=1)
              Hash Cond: (mi.movie_id = t.id)
              ->  Seq Scan on movie_info mi  (cost=0.00..309384.22 rows=14739122 width=4) (actual time=0.032..5237.926 rows=14835720 loops=1)
              ->  Hash  (cost=73925.90..73925.90 rows=1638623 width=4) (actual time=1751.231..1751.231 rows=1629839 loops=1)
                    Buckets: 131072  Batches: 32  Memory Usage: 2820kB
                    ->  Seq Scan on title t  (cost=0.00..73925.90 rows=1638623 width=4) (actual time=0.023..1242.556 rows=1629839 loops=1)
                          Filter: ((kind_id > 1) AND (production_year < 2012))
                          Rows Removed by Filter: 898473
Planning time: 0.783 ms
Execution time: 68138.253 ms
