Hash Join  (cost=156649.15..251276.57 rows=161981 width=0) (actual time=3063.721..5032.258 rows=695834 loops=1)
  Hash Cond: (mk.movie_id = t.id)
  ->  Seq Scan on movie_keyword mk  (cost=0.00..81003.12 rows=880930 width=4) (actual time=0.016..1368.576 rows=888749 loops=1)
        Filter: (keyword_id > 20766)
        Rows Removed by Filter: 3635181
  ->  Hash  (cost=149020.47..149020.47 rows=464934 width=8) (actual time=3062.741..3062.741 rows=460185 loops=1)
        Buckets: 131072  Batches: 8  Memory Usage: 3286kB
        ->  Hash Join  (cost=102767.86..149020.47 rows=464934 width=8) (actual time=1775.740..2931.012 rows=460185 loops=1)
              Hash Cond: (mi_idx.movie_id = t.id)
              ->  Seq Scan on movie_info_idx mi_idx  (cost=0.00..25185.44 rows=464934 width=4) (actual time=0.013..438.972 rows=460185 loops=1)
                    Filter: (info_type_id > 100)
                    Rows Removed by Filter: 919850
              ->  Hash  (cost=61283.27..61283.27 rows=2528527 width=4) (actual time=1770.016..1770.016 rows=2528312 loops=1)
                    Buckets: 131072  Batches: 64  Memory Usage: 2415kB
                    ->  Seq Scan on title t  (cost=0.00..61283.27 rows=2528527 width=4) (actual time=0.023..901.220 rows=2528312 loops=1)
Planning time: 1.076 ms
Execution time: 5107.819 ms
