Hash Join  (cost=167322.02..208374.12 rows=195762 width=0) (actual time=3715.204..4855.620 rows=423864 loops=1)
  Hash Cond: (mi_idx.movie_id = t.id)
  ->  Seq Scan on movie_info_idx mi_idx  (cost=0.00..21735.35 rows=1380035 width=4) (actual time=0.008..404.869 rows=1380035 loops=1)
  ->  Hash  (cost=161436.53..161436.53 rows=358679 width=8) (actual time=3697.495..3697.495 rows=329585 loops=1)
        Buckets: 131072  Batches: 8  Memory Usage: 2635kB
        ->  Hash Join  (cost=92883.59..161436.53 rows=358679 width=8) (actual time=2083.616..3601.944 rows=329585 loops=1)
              Hash Cond: (mc.movie_id = t.id)
              ->  Seq Scan on movie_companies mc  (cost=0.00..51404.11 rows=588609 width=4) (actual time=0.032..875.341 rows=583994 loops=1)
                    Filter: (company_id < 663)
                    Rows Removed by Filter: 2025135
              ->  Hash  (cost=67604.59..67604.59 rows=1540800 width=4) (actual time=1929.488..1929.488 rows=1543264 loops=1)
                    Buckets: 131072  Batches: 32  Memory Usage: 2722kB
                    ->  Seq Scan on title t  (cost=0.00..67604.59 rows=1540800 width=4) (actual time=0.025..1136.472 rows=1543264 loops=1)
                          Filter: (kind_id = 7)
                          Rows Removed by Filter: 985048
Planning time: 1.118 ms
Execution time: 4909.268 ms
