Hash Join  (cost=139597.14..1059289.73 rows=3301738 width=0) (actual time=6633.771..27264.380 rows=10302521 loops=1)
  Hash Cond: (ci.movie_id = t.id)
  ->  Seq Scan on cast_info ci  (cost=0.00..705507.15 rows=15486412 width=4) (actual time=3389.647..12385.840 rows=15610183 loops=1)
        Filter: (person_id > 2077130)
        Rows Removed by Filter: 20634161
  ->  Hash  (cost=130752.54..130752.54 rows=539088 width=8) (actual time=3243.092..3243.092 rows=954317 loops=1)
        Buckets: 131072 (originally 131072)  Batches: 16 (originally 8)  Memory Usage: 3354kB
        ->  Hash Join  (cost=83810.17..130752.54 rows=539088 width=8) (actual time=1447.894..2942.788 rows=954317 loops=1)
              Hash Cond: (mi_idx.movie_id = t.id)
              ->  Seq Scan on movie_info_idx mi_idx  (cost=0.00..21735.35 rows=1380035 width=4) (actual time=0.027..373.711 rows=1380035 loops=1)
              ->  Hash  (cost=67604.59..67604.59 rows=987727 width=4) (actual time=1446.863..1446.863 rows=985048 loops=1)
                    Buckets: 131072  Batches: 16  Memory Usage: 3188kB
                    ->  Seq Scan on title t  (cost=0.00..67604.59 rows=987727 width=4) (actual time=0.024..1142.801 rows=985048 loops=1)
                          Filter: (kind_id < 7)
                          Rows Removed by Filter: 1543264
Planning time: 2.359 ms
Execution time: 28495.196 ms
