Seq Scan on cast_info ci  (cost=0.00..705507.15 rows=10110211 width=0) (actual time=286.184..10794.405 rows=9908243 loops=1)
  Filter: (person_id < 975376)
  Rows Removed by Filter: 26336101
Planning time: 0.274 ms
Execution time: 12038.244 ms
