Seq Scan on cast_info ci  (cost=0.00..796071.18 rows=10179550 width=0) (actual time=0.013..11683.786 rows=13306871 loops=1)
  Filter: ((person_id < 1819914) AND (role_id < 3))
  Rows Removed by Filter: 22937473
Planning time: 0.328 ms
Execution time: 13232.044 ms
