Hash Join  (cost=129926.62..867303.38 rows=124582 width=0) (actual time=6333.293..13300.903 rows=689300 loops=1)
  Hash Cond: (ci.movie_id = t.id)
  ->  Seq Scan on cast_info ci  (cost=0.00..705507.15 rows=8166344 width=4) (actual time=3999.920..8800.131 rows=8119989 loops=1)
        Filter: (person_id > 2869177)
        Rows Removed by Filter: 28124355
  ->  Hash  (cost=129444.44..129444.44 rows=38574 width=8) (actual time=2332.891..2332.891 rows=48213 loops=1)
        Buckets: 65536  Batches: 1  Memory Usage: 2396kB
        ->  Hash Join  (cost=74393.18..129444.44 rows=38574 width=8) (actual time=1034.049..2312.636 rows=48213 loops=1)
              Hash Cond: (mc.movie_id = t.id)
              ->  Seq Scan on movie_companies mc  (cost=0.00..44881.29 rows=2609129 width=4) (actual time=0.024..608.521 rows=2609129 loops=1)
              ->  Hash  (cost=73925.90..73925.90 rows=37382 width=4) (actual time=1033.630..1033.630 rows=33190 loops=1)
                    Buckets: 65536  Batches: 1  Memory Usage: 1679kB
                    ->  Seq Scan on title t  (cost=0.00..73925.90 rows=37382 width=4) (actual time=359.103..1019.841 rows=33190 loops=1)
                          Filter: ((kind_id = 1) AND (production_year = 2010))
                          Rows Removed by Filter: 2495122
Planning time: 3.584 ms
Execution time: 13387.288 ms
