Hash Join  (cost=74393.18..161720.04 rows=66882 width=0) (actual time=931.201..2748.859 rows=94279 loops=1)
  Hash Cond: (mk.movie_id = t.id)
  ->  Seq Scan on movie_keyword mk  (cost=0.00..69693.30 rows=4523930 width=4) (actual time=0.012..929.642 rows=4523930 loops=1)
  ->  Hash  (cost=73925.90..73925.90 rows=37382 width=4) (actual time=930.337..930.337 rows=33190 loops=1)
        Buckets: 65536  Batches: 1  Memory Usage: 1679kB
        ->  Seq Scan on title t  (cost=0.00..73925.90 rows=37382 width=4) (actual time=0.019..917.209 rows=33190 loops=1)
              Filter: ((kind_id = 1) AND (production_year = 2010))
              Rows Removed by Filter: 2495122
Planning time: 0.521 ms
Execution time: 2761.441 ms
