Seq Scan on movie_keyword mk  (cost=0.00..81003.12 rows=246 width=0) (actual time=0.819..1133.812 rows=3527 loops=1)
  Filter: (keyword_id = 20329)
  Rows Removed by Filter: 4520403
Planning time: 0.308 ms
Execution time: 1134.660 ms
