Seq Scan on movie_keyword mk  (cost=0.00..81003.12 rows=374793 width=0) (actual time=0.020..1241.942 rows=372511 loops=1)
  Filter: (keyword_id > 45450)
  Rows Removed by Filter: 4151419
Planning time: 0.217 ms
Execution time: 1291.179 ms
