Hash Join  (cost=128600.64..215263.44 rows=476 width=0) (actual time=2044.432..3766.441 rows=13731 loops=1)
  Hash Cond: (mk.movie_id = t.id)
  ->  Seq Scan on movie_keyword mk  (cost=0.00..69693.30 rows=4523930 width=4) (actual time=0.025..889.303 rows=4523930 loops=1)
  ->  Hash  (cost=128597.31..128597.31 rows=266 width=8) (actual time=2018.450..2018.450 rows=6315 loops=1)
        Buckets: 8192 (originally 1024)  Batches: 1 (originally 1)  Memory Usage: 311kB
        ->  Hash Join  (cost=73929.13..128597.31 rows=266 width=8) (actual time=950.037..2015.708 rows=6315 loops=1)
              Hash Cond: (mc.movie_id = t.id)
              ->  Seq Scan on movie_companies mc  (cost=0.00..44881.29 rows=2609129 width=4) (actual time=0.011..529.376 rows=2609129 loops=1)
              ->  Hash  (cost=73925.90..73925.90 rows=258 width=4) (actual time=950.000..950.000 rows=3378 loops=1)
                    Buckets: 4096 (originally 1024)  Batches: 1 (originally 1)  Memory Usage: 151kB
                    ->  Seq Scan on title t  (cost=0.00..73925.90 rows=258 width=4) (actual time=8.326..948.392 rows=3378 loops=1)
                          Filter: ((kind_id < 7) AND (production_year > 2013))
                          Rows Removed by Filter: 2524934
Planning time: 1.054 ms
Execution time: 3768.575 ms
