Hash Join  (cost=1238861.30..2491979.21 rows=56934286 width=0) (actual time=29176.401..60000.024 rows=53553135 loops=1)
  Hash Cond: (mi.movie_id = t.id)
  ->  Seq Scan on movie_info mi  (cost=0.00..309384.22 rows=14739122 width=4) (actual time=0.021..5559.192 rows=14835720 loops=1)
  ->  Hash  (cost=1078617.36..1078617.36 rows=9767195 width=8) (actual time=29174.378..29174.378 rows=9669946 loops=1)
        Buckets: 131072  Batches: 128  Memory Usage: 3890kB
        ->  Hash Join  (cost=98137.04..1078617.36 rows=9767195 width=8) (actual time=5406.902..25884.800 rows=9669946 loops=1)
              Hash Cond: (ci.movie_id = t.id)
              ->  Seq Scan on cast_info ci  (cost=0.00..705507.15 rows=13270645 width=4) (actual time=2828.053..11936.907 rows=13411448 loops=1)
                    Filter: (person_id > 2331529)
                    Rows Removed by Filter: 22832896
              ->  Hash  (cost=67604.59..67604.59 rows=1860996 width=4) (actual time=2577.368..2577.368 rows=1865487 loops=1)
                    Buckets: 131072  Batches: 32  Memory Usage: 3079kB
                    ->  Seq Scan on title t  (cost=0.00..67604.59 rows=1860996 width=4) (actual time=0.032..1220.370 rows=1865487 loops=1)
                          Filter: (kind_id > 1)
                          Rows Removed by Filter: 662825
Planning time: 2.770 ms
Execution time: 66380.433 ms
