Hash Join  (cost=573212.89..1671135.94 rows=7734064 width=0) (actual time=18158.489..47256.854 rows=42068804 loops=1)
  Hash Cond: (ci.movie_id = t.id)
  ->  Seq Scan on cast_info ci  (cost=0.00..796071.18 rows=14313363 width=4) (actual time=5618.783..15850.935 rows=14984751 loops=1)
        Filter: ((person_id > 393140) AND (role_id > 2))
        Rows Removed by Filter: 21259593
  ->  Hash  (cost=550797.63..550797.63 rows=1366261 width=8) (actual time=12538.803..12538.803 rows=2236634 loops=1)
        Buckets: 131072  Batches: 32  Memory Usage: 3693kB
        ->  Hash Join  (cost=79907.83..550797.63 rows=1366261 width=8) (actual time=1430.475..11898.920 rows=2236634 loops=1)
              Hash Cond: (mi.movie_id = t.id)
              ->  Seq Scan on movie_info mi  (cost=0.00..346232.03 rows=9476311 width=4) (actual time=314.321..5888.505 rows=9565151 loops=1)
                    Filter: (info_type_id < 16)
                    Rows Removed by Filter: 5270569
              ->  Hash  (cost=73925.90..73925.90 rows=364554 width=4) (actual time=1108.421..1108.421 rows=274015 loops=1)
                    Buckets: 131072  Batches: 8  Memory Usage: 2236kB
                    ->  Seq Scan on title t  (cost=0.00..73925.90 rows=364554 width=4) (actual time=47.320..1019.612 rows=274015 loops=1)
                          Filter: ((production_year > 2000) AND (kind_id = 1))
                          Rows Removed by Filter: 2254297
Planning time: 1.176 ms
Execution time: 52040.353 ms
