Hash Join  (cost=58358.46..809148.34 rows=72 width=0) (actual time=749.166..13733.756 rows=2977 loops=1)
  Hash Cond: (ci.movie_id = t.id)
  ->  Seq Scan on cast_info ci  (cost=0.00..614943.12 rows=36225612 width=4) (actual time=0.013..6859.772 rows=36244344 loops=1)
  ->  Hash  (cost=58358.39..58358.39 rows=5 width=8) (actual time=735.861..735.861 rows=37 loops=1)
        Buckets: 1024  Batches: 1  Memory Usage: 10kB
        ->  Nested Loop  (cost=0.43..58358.39 rows=5 width=8) (actual time=153.277..735.802 rows=37 loops=1)
              ->  Seq Scan on movie_companies mc  (cost=0.00..57926.93 rows=51 width=4) (actual time=7.097..706.819 rows=954 loops=1)
                    Filter: ((company_id = 588) AND (company_type_id = 1))
                    Rows Removed by Filter: 2608175
              ->  Index Scan using title_pkey on title t  (cost=0.43..8.45 rows=1 width=4) (actual time=0.030..0.030 rows=0 loops=954)
                    Index Cond: (id = mc.movie_id)
                    Filter: (production_year > 2011)
                    Rows Removed by Filter: 1
Planning time: 1.237 ms
Execution time: 13735.221 ms
