Seq Scan on cast_info ci  (cost=0.00..705507.15 rows=26130275 width=0) (actual time=0.021..12020.981 rows=26352304 loops=1)
  Filter: (person_id > 973706)
  Rows Removed by Filter: 9892040
Planning time: 1.965 ms
Execution time: 15399.639 ms
