Hash Join  (cost=111502.84..202820.11 rows=54325 width=0) (actual time=1885.894..3710.186 rows=34615 loops=1)
  Hash Cond: (mk.movie_id = t.id)
  ->  Seq Scan on movie_keyword mk  (cost=0.00..81003.12 rows=2605573 width=4) (actual time=0.019..1382.394 rows=2594864 loops=1)
        Filter: (keyword_id < 6933)
        Rows Removed by Filter: 1929066
  ->  Hash  (cost=110843.85..110843.85 rows=52719 width=8) (actual time=1885.481..1885.481 rows=26312 loops=1)
        Buckets: 65536  Batches: 1  Memory Usage: 1540kB
        ->  Hash Join  (cost=78670.55..110843.85 rows=52719 width=8) (actual time=1218.375..1875.488 rows=26312 loops=1)
              Hash Cond: (mi_idx.movie_id = t.id)
              ->  Seq Scan on movie_info_idx mi_idx  (cost=0.00..25185.44 rows=460978 width=4) (actual time=0.019..410.883 rows=459925 loops=1)
                    Filter: (info_type_id < 100)
                    Rows Removed by Filter: 920110
              ->  Hash  (cost=73925.90..73925.90 rows=289172 width=4) (actual time=1217.618..1217.618 rows=292674 loops=1)
                    Buckets: 131072  Batches: 4  Memory Usage: 3617kB
                    ->  Seq Scan on title t  (cost=0.00..73925.90 rows=289172 width=4) (actual time=0.015..1120.000 rows=292674 loops=1)
                          Filter: ((kind_id > 1) AND (production_year > 2010))
                          Rows Removed by Filter: 2235638
Planning time: 0.858 ms
Execution time: 3715.449 ms
