Seq Scan on title t  (cost=0.00..67604.59 rows=144126 width=0) (actual time=0.022..2879.035 rows=145539 loops=1)
  Filter: (production_year < 1942)
  Rows Removed by Filter: 2382773
Planning time: 0.336 ms
Execution time: 2910.434 ms
