Seq Scan on movie_keyword mk  (cost=0.00..81003.12 rows=246 width=0) (actual time=0.081..1120.791 rows=916 loops=1)
  Filter: (keyword_id = 7599)
  Rows Removed by Filter: 4523014
Planning time: 0.312 ms
Execution time: 1121.184 ms
