Hash Join  (cost=139609.47..220917.55 rows=453955 width=0) (actual time=2887.255..6065.921 rows=2504088 loops=1)
  Hash Cond: (mc.movie_id = t.id)
  ->  Seq Scan on movie_companies mc  (cost=0.00..44881.29 rows=2609129 width=4) (actual time=0.023..873.047 rows=2609129 loops=1)
  ->  Hash  (cost=132391.33..132391.33 rows=439931 width=8) (actual time=2886.164..2886.164 rows=765550 loops=1)
        Buckets: 131072 (originally 131072)  Batches: 16 (originally 8)  Memory Usage: 3073kB
        ->  Hash Join  (cost=87150.54..132391.33 rows=439931 width=8) (actual time=1340.247..2666.127 rows=765550 loops=1)
              Hash Cond: (mi_idx.movie_id = t.id)
              ->  Seq Scan on movie_info_idx mi_idx  (cost=0.00..21735.35 rows=1380035 width=4) (actual time=0.015..388.173 rows=1380035 loops=1)
              ->  Hash  (cost=73925.90..73925.90 rows=806051 width=4) (actual time=1338.772..1338.772 rows=719730 loops=1)
                    Buckets: 131072  Batches: 16  Memory Usage: 2606kB
                    ->  Seq Scan on title t  (cost=0.00..73925.90 rows=806051 width=4) (actual time=0.023..1120.490 rows=719730 loops=1)
                          Filter: ((kind_id < 7) AND (production_year > 1971))
                          Rows Removed by Filter: 1808582
Planning time: 1.081 ms
Execution time: 6362.337 ms
