Hash Join  (cost=107928.35..1364331.21 rows=23350665 width=0) (actual time=2029.570..39493.243 rows=23878480 loops=1)
  Hash Cond: (ci.movie_id = t.id)
  ->  Seq Scan on cast_info ci  (cost=0.00..705507.15 rows=24022411 width=4) (actual time=0.023..15464.986 rows=24130698 loops=1)
        Filter: (role_id < 4)
        Rows Removed by Filter: 12113646
  ->  Hash  (cost=67604.59..67604.59 rows=2457821 width=4) (actual time=2028.706..2028.706 rows=2456218 loops=1)
        Buckets: 131072  Batches: 64  Memory Usage: 2375kB
        ->  Seq Scan on title t  (cost=0.00..67604.59 rows=2457821 width=4) (actual time=0.024..1207.703 rows=2456218 loops=1)
              Filter: (production_year > 0)
              Rows Removed by Filter: 72094
Planning time: 0.744 ms
Execution time: 42072.443 ms
