Hash Join  (cost=160687.50..543972.05 rows=20473 width=0) (actual time=2677.377..9599.158 rows=917262 loops=1)
  Hash Cond: (mi.movie_id = t.id)
  ->  Seq Scan on movie_info mi  (cost=0.00..309384.22 rows=14739122 width=4) (actual time=0.024..3837.099 rows=14835720 loops=1)
  ->  Hash  (cost=160643.60..160643.60 rows=3512 width=8) (actual time=2677.199..2677.199 rows=15910 loops=1)
        Buckets: 16384 (originally 4096)  Batches: 1 (originally 1)  Memory Usage: 750kB
        ->  Hash Join  (cost=73950.44..160643.60 rows=3512 width=8) (actual time=957.610..2671.524 rows=15910 loops=1)
              Hash Cond: (mk.movie_id = t.id)
              ->  Seq Scan on movie_keyword mk  (cost=0.00..69693.30 rows=4523930 width=4) (actual time=0.016..896.730 rows=4523930 loops=1)
              ->  Hash  (cost=73925.90..73925.90 rows=1963 width=4) (actual time=957.405..957.405 rows=3753 loops=1)
                    Buckets: 4096 (originally 2048)  Batches: 1 (originally 1)  Memory Usage: 164kB
                    ->  Seq Scan on title t  (cost=0.00..73925.90 rows=1963 width=4) (actual time=0.223..955.572 rows=3753 loops=1)
                          Filter: ((kind_id = 1) AND (production_year = 1965))
                          Rows Removed by Filter: 2524559
Planning time: 1.133 ms
Execution time: 9711.266 ms
