Seq Scan on cast_info ci  (cost=0.00..705507.15 rows=28649582 width=0) (actual time=0.021..10810.190 rows=28627445 loops=1)
  Filter: (person_id < 2913177)
  Rows Removed by Filter: 7616899
Planning time: 0.307 ms
Execution time: 14072.741 ms
