Hash Join  (cost=91132.79..1279290.78 rows=15025782 width=0) (actual time=1663.472..36335.036 rows=16892441 loops=1)
  Hash Cond: (ci.movie_id = t.id)
  ->  Seq Scan on cast_info ci  (cost=0.00..614943.12 rows=36225612 width=4) (actual time=0.020..12116.020 rows=36244344 loops=1)
  ->  Hash  (cost=73925.90..73925.90 rows=1048791 width=4) (actual time=1662.182..1662.182 rows=1142131 loops=1)
        Buckets: 131072  Batches: 16  Memory Usage: 3543kB
        ->  Seq Scan on title t  (cost=0.00..73925.90 rows=1048791 width=4) (actual time=0.027..1307.736 rows=1142131 loops=1)
              Filter: ((kind_id > 4) AND (production_year > 1992))
              Rows Removed by Filter: 1386181
Planning time: 0.789 ms
Execution time: 38130.157 ms
