Hash Join  (cost=83074.55..109986.02 rows=99 width=0) (actual time=1205.008..1614.248 rows=6 loops=1)
  Hash Cond: (mi_idx.movie_id = t.id)
  ->  Seq Scan on movie_info_idx mi_idx  (cost=0.00..21735.35 rows=1380035 width=4) (actual time=0.025..235.861 rows=1380035 loops=1)
  ->  Hash  (cost=83072.29..83072.29 rows=181 width=8) (actual time=1123.217..1123.217 rows=4 loops=1)
        Buckets: 1024  Batches: 1  Memory Usage: 9kB
        ->  Nested Loop  (cost=0.43..83072.29 rows=181 width=8) (actual time=126.887..1123.176 rows=4 loops=1)
              ->  Seq Scan on movie_keyword mk  (cost=0.00..81003.12 rows=246 width=4) (actual time=62.010..1122.081 rows=20 loops=1)
                    Filter: (keyword_id = 46539)
                    Rows Removed by Filter: 4523910
              ->  Index Scan using title_pkey on title t  (cost=0.43..8.40 rows=1 width=4) (actual time=0.047..0.047 rows=0 loops=20)
                    Index Cond: (id = mk.movie_id)
                    Filter: (kind_id > 1)
                    Rows Removed by Filter: 1
Planning time: 1.082 ms
Execution time: 1614.434 ms
