Seq Scan on movie_companies mc  (cost=0.00..51404.11 rows=1124881 width=0) (actual time=0.026..851.217 rows=1135213 loops=1)
  Filter: (company_id > 13457)
  Rows Removed by Filter: 1473916
Planning time: 0.284 ms
Execution time: 991.543 ms
