Nested Loop  (cost=0.43..121307.98 rows=5580 width=0) (actual time=0.108..1327.441 rows=4889 loops=1)
  ->  Seq Scan on movie_keyword mk  (cost=0.00..81003.12 rows=5580 width=4) (actual time=0.046..1215.122 rows=4889 loops=1)
        Filter: (keyword_id = 1962)
        Rows Removed by Filter: 4519041
  ->  Index Only Scan using title_pkey on title t  (cost=0.43..7.21 rows=1 width=4) (actual time=0.022..0.022 rows=1 loops=4889)
        Index Cond: (id = mk.movie_id)
        Heap Fetches: 4889
Planning time: 0.735 ms
Execution time: 1329.034 ms
