Hash Join  (cost=102767.86..1090070.67 rows=7536716 width=0) (actual time=7614.245..16585.028 rows=2087606 loops=1)
  Hash Cond: (ci.movie_id = t.id)
  ->  Seq Scan on cast_info ci  (cost=0.00..796071.18 rows=7536716 width=4) (actual time=5822.612..12635.807 rows=2087606 loops=1)
        Filter: ((person_id > 1446831) AND (role_id < 2))
        Rows Removed by Filter: 34156738
  ->  Hash  (cost=61283.27..61283.27 rows=2528527 width=4) (actual time=1790.742..1790.742 rows=2528312 loops=1)
        Buckets: 131072  Batches: 64  Memory Usage: 2415kB
        ->  Seq Scan on title t  (cost=0.00..61283.27 rows=2528527 width=4) (actual time=0.021..967.985 rows=2528312 loops=1)
Planning time: 0.785 ms
Execution time: 16847.639 ms
