Seq Scan on movie_keyword mk  (cost=0.00..81003.12 rows=1206955 width=0) (actual time=0.012..1315.177 rows=1215441 loops=1)
  Filter: (keyword_id > 15015)
  Rows Removed by Filter: 3308489
Planning time: 0.236 ms
Execution time: 1469.698 ms
