Seq Scan on movie_keyword mk  (cost=0.00..81003.12 rows=1076429 width=0) (actual time=0.028..1253.744 rows=1086399 loops=1)
  Filter: (keyword_id > 16278)
  Rows Removed by Filter: 3437531
Planning time: 0.291 ms
Execution time: 1391.303 ms
