Seq Scan on cast_info ci  (cost=0.00..796071.18 rows=15650868 width=0) (actual time=2021.138..15083.766 rows=20235520 loops=1)
  Filter: ((person_id > 1182641) AND (role_id > 1))
  Rows Removed by Filter: 16008824
Planning time: 0.355 ms
Execution time: 17571.911 ms
