Seq Scan on cast_info ci  (cost=0.00..705507.15 rows=17331050 width=42) (actual time=0.017..15374.292 rows=17216083 loops=1)
  Filter: (person_id < 1700496)
  Rows Removed by Filter: 19028261
Planning time: 0.405 ms
Execution time: 16361.770 ms
