Seq Scan on title t  (cost=0.00..73925.90 rows=2905 width=94) (actual time=0.035..1390.886 rows=5783 loops=1)
  Filter: ((kind_id < 7) AND (production_year = 1967))
  Rows Removed by Filter: 2522529
Planning time: 0.540 ms
Execution time: 1391.356 ms
