Seq Scan on movie_companies mc  (cost=0.00..57926.93 rows=1216975 width=0) (actual time=994.199..3250.045 rows=1284305 loops=1)
  Filter: ((company_id > 73) AND (company_type_id = 2))
  Rows Removed by Filter: 1324824
Planning time: 0.450 ms
Execution time: 3516.663 ms
