Hash Join  (cost=711045.32..2162508.68 rows=36629007 width=0) (actual time=17893.605..77018.987 rows=133014357 loops=1)
  Hash Cond: (ci.movie_id = t.id)
  ->  Seq Scan on cast_info ci  (cost=0.00..796071.18 rows=14863711 width=4) (actual time=1828.850..17871.529 rows=15304289 loops=1)
        Filter: ((person_id > 283841) AND (role_id > 2))
        Rows Removed by Filter: 20940055
  ->  Hash  (cost=608815.44..608815.44 rows=6231111 width=8) (actual time=16062.336..16062.336 rows=6223494 loops=1)
        Buckets: 131072  Batches: 128  Memory Usage: 2920kB
        ->  Hash Join  (cost=102767.86..608815.44 rows=6231111 width=8) (actual time=1957.837..14090.663 rows=6223494 loops=1)
              Hash Cond: (mi.movie_id = t.id)
              ->  Seq Scan on movie_info mi  (cost=0.00..346232.03 rows=6231111 width=4) (actual time=0.027..6770.037 rows=6223494 loops=1)
                    Filter: (info_type_id > 8)
                    Rows Removed by Filter: 8612226
              ->  Hash  (cost=61283.27..61283.27 rows=2528527 width=4) (actual time=1956.018..1956.018 rows=2528312 loops=1)
                    Buckets: 131072  Batches: 64  Memory Usage: 2425kB
                    ->  Seq Scan on title t  (cost=0.00..61283.27 rows=2528527 width=4) (actual time=0.024..1083.107 rows=2528312 loops=1)
Planning time: 1.113 ms
Execution time: 91434.037 ms
