Seq Scan on cast_info ci  (cost=0.00..705507.15 rows=796855 width=0) (actual time=123.388..11243.956 rows=679512 loops=1)
  Filter: (person_id < 72465)
  Rows Removed by Filter: 35564832
Planning time: 0.493 ms
Execution time: 11330.737 ms
