Hash Join  (cost=68449.54..122158.99 rows=15341 width=0) (actual time=1019.962..1991.028 rows=14561 loops=1)
  Hash Cond: (mc.movie_id = t.id)
  ->  Seq Scan on movie_companies mc  (cost=0.00..51404.11 rows=573848 width=4) (actual time=0.027..812.977 rows=572637 loops=1)
        Filter: (company_id < 607)
        Rows Removed by Filter: 2036492
  ->  Hash  (cost=67604.59..67604.59 rows=67596 width=4) (actual time=1019.192..1019.192 rows=67777 loops=1)
        Buckets: 131072  Batches: 1  Memory Usage: 3407kB
        ->  Seq Scan on title t  (cost=0.00..67604.59 rows=67596 width=4) (actual time=0.050..992.516 rows=67777 loops=1)
              Filter: (production_year = 2003)
              Rows Removed by Filter: 2460535
Planning time: 20.476 ms
Execution time: 1993.629 ms
