Hash Join  (cost=102767.86..1532539.36 rows=29688760 width=0) (actual time=1974.149..43485.970 rows=29794932 loops=1)
  Hash Cond: (ci.movie_id = t.id)
  ->  Seq Scan on cast_info ci  (cost=0.00..705507.15 rows=29688760 width=4) (actual time=0.019..17037.577 rows=29794932 loops=1)
        Filter: (person_id > 623039)
        Rows Removed by Filter: 6449412
  ->  Hash  (cost=61283.27..61283.27 rows=2528527 width=4) (actual time=1972.630..1972.630 rows=2528312 loops=1)
        Buckets: 131072  Batches: 64  Memory Usage: 2415kB
        ->  Seq Scan on title t  (cost=0.00..61283.27 rows=2528527 width=4) (actual time=0.012..1132.577 rows=2528312 loops=1)
Planning time: 0.708 ms
Execution time: 46511.754 ms
