Seq Scan on title t  (cost=0.00..73925.90 rows=599563 width=0) (actual time=0.027..1135.445 rows=665943 loops=1)
  Filter: ((kind_id < 6) AND (production_year < 2007))
  Rows Removed by Filter: 1862369
Planning time: 0.286 ms
Execution time: 1212.236 ms
