Nested Loop  (cost=0.43..58358.27 rows=51 width=0) (actual time=0.524..1007.961 rows=238 loops=1)
  ->  Seq Scan on movie_companies mc  (cost=0.00..57926.93 rows=51 width=4) (actual time=0.456..999.101 rows=238 loops=1)
        Filter: ((company_type_id < 2) AND (company_id = 1781))
        Rows Removed by Filter: 2608891
  ->  Index Only Scan using title_pkey on title t  (cost=0.43..8.45 rows=1 width=4) (actual time=0.035..0.036 rows=1 loops=238)
        Index Cond: (id = mc.movie_id)
        Heap Fetches: 238
Planning time: 0.925 ms
Execution time: 1008.120 ms
