Hash Join  (cost=28268.21..852112.06 rows=572 width=0) (actual time=1248.527..18782.638 rows=4916 loops=1)
  Hash Cond: (ci.movie_id = t.id)
  ->  Seq Scan on cast_info ci  (cost=0.00..705507.15 rows=31554923 width=4) (actual time=1082.142..14445.869 rows=31605208 loops=1)
        Filter: (role_id < 10)
        Rows Removed by Filter: 4639136
  ->  Hash  (cost=28267.64..28267.64 rows=46 width=8) (actual time=163.432..163.432 rows=55 loops=1)
        Buckets: 1024  Batches: 1  Memory Usage: 11kB
        ->  Nested Loop  (cost=0.43..28267.64 rows=46 width=8) (actual time=29.682..163.402 rows=55 loops=1)
              ->  Seq Scan on movie_info_idx mi_idx  (cost=0.00..25185.44 rows=368 width=4) (actual time=29.538..160.004 rows=260 loops=1)
                    Filter: (info_type_id > 101)
                    Rows Removed by Filter: 1379775
              ->  Index Scan using title_pkey on title t  (cost=0.43..8.37 rows=1 width=4) (actual time=0.013..0.013 rows=0 loops=260)
                    Index Cond: (id = mi_idx.movie_id)
                    Filter: ((production_year > 2003) AND (kind_id = 1))
                    Rows Removed by Filter: 1
Planning time: 1.156 ms
Execution time: 18784.973 ms
