Seq Scan on movie_keyword mk  (cost=0.00..81003.12 rows=2677648 width=0) (actual time=0.020..1478.861 rows=2664981 loops=1)
  Filter: (keyword_id > 3101)
  Rows Removed by Filter: 1858949
Planning time: 0.310 ms
Execution time: 1815.982 ms
