Hash Join  (cost=67697.55..156714.89 rows=6237 width=0) (actual time=1046.286..2748.795 rows=13444 loops=1)
  Hash Cond: (mk.movie_id = t.id)
  ->  Seq Scan on movie_keyword mk  (cost=0.00..81003.12 rows=2120491 width=4) (actual time=0.020..1356.716 rows=2122683 loops=1)
        Filter: (keyword_id < 3908)
        Rows Removed by Filter: 2401247
  ->  Hash  (cost=67604.59..67604.59 rows=7437 width=4) (actual time=1045.001..1045.001 rows=15000 loops=1)
        Buckets: 16384 (originally 8192)  Batches: 1 (originally 1)  Memory Usage: 656kB
        ->  Seq Scan on title t  (cost=0.00..67604.59 rows=7437 width=4) (actual time=0.156..1037.895 rows=15000 loops=1)
              Filter: (production_year = 1970)
              Rows Removed by Filter: 2513312
Planning time: 0.682 ms
Execution time: 2750.992 ms
