Hash Join  (cost=94744.57..132597.77 rows=233326 width=0) (actual time=2160.173..3066.268 rows=147158 loops=1)
  Hash Cond: (mi_idx.movie_id = t.id)
  ->  Seq Scan on movie_info_idx mi_idx  (cost=0.00..25185.44 rows=464934 width=4) (actual time=0.023..490.474 rows=460185 loops=1)
        Filter: (info_type_id > 100)
        Rows Removed by Filter: 919850
  ->  Hash  (cost=73925.90..73925.90 rows=1268933 width=4) (actual time=2158.903..2158.903 rows=1236795 loops=1)
        Buckets: 131072  Batches: 32  Memory Usage: 2383kB
        ->  Seq Scan on title t  (cost=0.00..73925.90 rows=1268933 width=4) (actual time=0.016..1495.067 rows=1236795 loops=1)
              Filter: ((kind_id > 3) AND (production_year < 2010))
              Rows Removed by Filter: 1291517
Planning time: 1.601 ms
Execution time: 3082.487 ms
