Hash Join  (cost=104943.62..289793.34 rows=3918035 width=0) (actual time=5391.672..14790.011 rows=3761953 loops=1)
  Hash Cond: (mk.movie_id = t.id)
  ->  Seq Scan on movie_keyword mk  (cost=0.00..81003.12 rows=4353049 width=4) (actual time=0.028..5222.625 rows=4358533 loops=1)
        Filter: (keyword_id < 72413)
        Rows Removed by Filter: 165397
  ->  Hash  (cost=67604.59..67604.59 rows=2275843 width=4) (actual time=5390.645..5390.645 rows=2268428 loops=1)
        Buckets: 131072  Batches: 32  Memory Usage: 3529kB
        ->  Seq Scan on title t  (cost=0.00..67604.59 rows=2275843 width=4) (actual time=0.020..4392.028 rows=2268428 loops=1)
              Filter: (production_year > 1953)
              Rows Removed by Filter: 259884
Planning time: 8.332 ms
Execution time: 15298.532 ms
