Hash Join  (cost=52284.70..138943.44 rows=70 width=0) (actual time=926.018..2363.322 rows=77 loops=1)
  Hash Cond: (mk.movie_id = t.id)
  ->  Seq Scan on movie_keyword mk  (cost=0.00..69693.30 rows=4523930 width=4) (actual time=0.018..766.655 rows=4523930 loops=1)
  ->  Hash  (cost=52284.21..52284.21 rows=39 width=8) (actual time=864.280..864.280 rows=49 loops=1)
        Buckets: 1024  Batches: 1  Memory Usage: 10kB
        ->  Nested Loop  (cost=0.43..52284.21 rows=39 width=8) (actual time=11.937..864.206 rows=49 loops=1)
              ->  Seq Scan on movie_companies mc  (cost=0.00..51404.11 rows=104 width=4) (actual time=11.530..840.984 rows=1157 loops=1)
                    Filter: (company_id = 6209)
                    Rows Removed by Filter: 2607972
              ->  Index Scan using title_pkey on title t  (cost=0.43..8.45 rows=1 width=4) (actual time=0.019..0.020 rows=0 loops=1157)
                    Index Cond: (id = mc.movie_id)
                    Filter: ((kind_id < 7) AND (production_year > 1896))
                    Rows Removed by Filter: 1
Planning time: 1.122 ms
Execution time: 2363.506 ms
