Seq Scan on cast_info ci  (cost=0.00..796071.18 rows=224 width=0) (actual time=8686.299..12556.459 rows=14 loops=1)
  Filter: ((role_id > 2) AND (person_id = 2883391))
  Rows Removed by Filter: 36244330
Planning time: 0.378 ms
Execution time: 12556.571 ms
