Nested Loop  (cost=0.43..83072.90 rows=75 width=0) (actual time=129.368..1351.337 rows=63 loops=1)
  ->  Seq Scan on movie_keyword mk  (cost=0.00..81003.12 rows=246 width=4) (actual time=0.271..1333.008 rows=376 loops=1)
        Filter: (keyword_id = 2259)
        Rows Removed by Filter: 4523554
  ->  Index Scan using title_pkey on title t  (cost=0.43..8.40 rows=1 width=4) (actual time=0.047..0.047 rows=0 loops=376)
        Index Cond: (id = mk.movie_id)
        Filter: ((production_year > 2002) AND (kind_id = 7))
        Rows Removed by Filter: 1
Planning time: 0.551 ms
Execution time: 1351.458 ms
