Hash Join  (cost=215333.78..328555.03 rows=765685 width=0) (actual time=5632.401..10959.321 rows=10636641 loops=1)
  Hash Cond: (mk.movie_id = t.id)
  ->  Seq Scan on movie_keyword mk  (cost=0.00..81003.12 rows=1750474 width=4) (actual time=0.010..1609.899 rows=1755151 loops=1)
        Filter: (keyword_id > 7906)
        Rows Removed by Filter: 2768779
  ->  Hash  (cost=197187.57..197187.57 rows=1106017 width=8) (actual time=5631.699..5631.699 rows=1274246 loops=1)
        Buckets: 131072 (originally 131072)  Batches: 32 (originally 16)  Memory Usage: 3073kB
        ->  Hash Join  (cost=102767.86..197187.57 rows=1106017 width=8) (actual time=1917.381..5235.540 rows=1274246 loops=1)
              Hash Cond: (mc.movie_id = t.id)
              ->  Seq Scan on movie_companies mc  (cost=0.00..57926.93 rows=1106017 width=4) (actual time=113.914..1224.284 rows=1274246 loops=1)
                    Filter: ((company_id < 87244) AND (company_type_id < 2))
                    Rows Removed by Filter: 1334883
              ->  Hash  (cost=61283.27..61283.27 rows=2528527 width=4) (actual time=1802.064..1802.064 rows=2528312 loops=1)
                    Buckets: 131072  Batches: 64  Memory Usage: 2415kB
                    ->  Seq Scan on title t  (cost=0.00..61283.27 rows=2528527 width=4) (actual time=0.027..996.261 rows=2528312 loops=1)
Planning time: 1.087 ms
Execution time: 12060.872 ms
