Hash Join  (cost=888423.91..1038504.49 rows=2173757 width=0) (actual time=17429.122..21450.273 rows=3160561 loops=1)
  Hash Cond: (mk.movie_id = t.id)
  ->  Seq Scan on movie_keyword mk  (cost=0.00..81003.12 rows=3165376 width=4) (actual time=0.024..1683.584 rows=3148602 loops=1)
        Filter: (keyword_id > 1815)
        Rows Removed by Filter: 1375328
  ->  Hash  (cost=859935.74..859935.74 rows=1736414 width=8) (actual time=17427.813..17427.813 rows=1703543 loops=1)
        Buckets: 131072  Batches: 32  Memory Usage: 3094kB
        ->  Hash Join  (cost=102767.86..859935.74 rows=1736414 width=8) (actual time=10646.808..16963.712 rows=1703543 loops=1)
              Hash Cond: (ci.movie_id = t.id)
              ->  Seq Scan on cast_info ci  (cost=0.00..705507.15 rows=1736414 width=4) (actual time=8636.490..13177.429 rows=1703543 loops=1)
                    Filter: (role_id = 8)
                    Rows Removed by Filter: 34540801
              ->  Hash  (cost=61283.27..61283.27 rows=2528527 width=4) (actual time=2008.889..2008.889 rows=2528312 loops=1)
                    Buckets: 131072  Batches: 64  Memory Usage: 2415kB
                    ->  Seq Scan on title t  (cost=0.00..61283.27 rows=2528527 width=4) (actual time=0.022..1175.566 rows=2528312 loops=1)
Planning time: 1.101 ms
Execution time: 21784.160 ms
