Hash Join  (cost=102767.86..229521.83 rows=1490760 width=0) (actual time=2576.761..5309.202 rows=1506948 loops=1)
  Hash Cond: (mk.movie_id = t.id)
  ->  Seq Scan on movie_keyword mk  (cost=0.00..81003.12 rows=1490760 width=4) (actual time=0.022..1310.502 rows=1506948 loops=1)
        Filter: (keyword_id > 10746)
        Rows Removed by Filter: 3016982
  ->  Hash  (cost=61283.27..61283.27 rows=2528527 width=4) (actual time=2575.915..2575.915 rows=2528312 loops=1)
        Buckets: 131072  Batches: 64  Memory Usage: 2425kB
        ->  Seq Scan on title t  (cost=0.00..61283.27 rows=2528527 width=4) (actual time=0.014..1135.784 rows=2528312 loops=1)
Planning time: 0.736 ms
Execution time: 5472.465 ms
