Hash Join  (cost=263115.61..1817635.02 rows=35500965 width=0) (actual time=6427.142..62582.806 rows=76425783 loops=1)
  Hash Cond: (ci.movie_id = t.id)
  ->  Seq Scan on cast_info ci  (cost=0.00..705507.15 rows=34404258 width=4) (actual time=0.016..17441.444 rows=34500573 loops=1)
        Filter: (person_id > 174009)
        Rows Removed by Filter: 1743771
  ->  Hash  (cost=220309.49..220309.49 rows=2609129 width=8) (actual time=6425.244..6425.244 rows=2609129 loops=1)
        Buckets: 131072  Batches: 64  Memory Usage: 2610kB
        ->  Hash Join  (cost=102767.86..220309.49 rows=2609129 width=8) (actual time=1936.951..5700.621 rows=2609129 loops=1)
              Hash Cond: (mc.movie_id = t.id)
              ->  Seq Scan on movie_companies mc  (cost=0.00..44881.29 rows=2609129 width=4) (actual time=0.025..873.648 rows=2609129 loops=1)
              ->  Hash  (cost=61283.27..61283.27 rows=2528527 width=4) (actual time=1934.791..1934.791 rows=2528312 loops=1)
                    Buckets: 131072  Batches: 64  Memory Usage: 2415kB
                    ->  Seq Scan on title t  (cost=0.00..61283.27 rows=2528527 width=4) (actual time=0.022..1077.981 rows=2528312 loops=1)
Planning time: 0.914 ms
Execution time: 70502.385 ms
