Hash Join  (cost=900146.25..1361082.20 rows=464876 width=0) (actual time=12826.359..22037.887 rows=76231 loops=1)
  Hash Cond: (mi.movie_id = t.id)
  ->  Seq Scan on movie_info mi  (cost=0.00..346232.03 rows=9476311 width=4) (actual time=0.026..6272.645 rows=9565151 loops=1)
        Filter: (info_type_id < 16)
        Rows Removed by Filter: 5270569
  ->  Hash  (cost=898110.74..898110.74 rows=124041 width=8) (actual time=12629.870..12629.870 rows=13341 loops=1)
        Buckets: 131072  Batches: 2  Memory Usage: 1295kB
        ->  Hash Join  (cost=76428.64..898110.74 rows=124041 width=8) (actual time=4429.284..12619.886 rows=13341 loops=1)
              Hash Cond: (ci.movie_id = t.id)
              ->  Seq Scan on cast_info ci  (cost=0.00..796071.18 rows=2056135 width=4) (actual time=3408.056..10995.748 rows=1243219 loops=1)
                    Filter: ((person_id < 433090) AND (role_id > 2))
                    Rows Removed by Filter: 35001125
              ->  Hash  (cost=73925.90..73925.90 rows=152539 width=4) (actual time=1016.239..1016.239 rows=53426 loops=1)
                    Buckets: 131072  Batches: 2  Memory Usage: 1963kB
                    ->  Seq Scan on title t  (cost=0.00..73925.90 rows=152539 width=4) (actual time=0.068..994.265 rows=53426 loops=1)
                          Filter: ((production_year < 1961) AND (kind_id = 7))
                          Rows Removed by Filter: 2474886
Planning time: 1.236 ms
Execution time: 22053.506 ms
