Hash Join  (cost=209328.77..1097137.69 rows=1786050 width=0) (actual time=5330.497..33358.989 rows=28997711 loops=1)
  Hash Cond: (ci.movie_id = t.id)
  ->  Seq Scan on cast_info ci  (cost=0.00..705507.15 rows=12726058 width=4) (actual time=122.343..14377.866 rows=12670688 loops=1)
        Filter: (role_id = 1)
        Rows Removed by Filter: 23573656
  ->  Hash  (cost=203505.92..203505.92 rows=354868 width=8) (actual time=5206.277..5206.277 rows=1467872 loops=1)
        Buckets: 131072 (originally 131072)  Batches: 32 (originally 8)  Memory Usage: 3073kB
        ->  Hash Join  (cost=77180.21..203505.92 rows=354868 width=8) (actual time=1468.675..4738.239 rows=1467872 loops=1)
              Hash Cond: (mk.movie_id = t.id)
              ->  Seq Scan on movie_keyword mk  (cost=0.00..69693.30 rows=4523930 width=4) (actual time=0.025..1362.813 rows=4523930 loops=1)
              ->  Hash  (cost=73925.90..73925.90 rows=198344 width=4) (actual time=1210.981..1210.981 rows=331222 loops=1)
                    Buckets: 131072  Batches: 4  Memory Usage: 3944kB
                    ->  Seq Scan on title t  (cost=0.00..73925.90 rows=198344 width=4) (actual time=0.020..1098.015 rows=331222 loops=1)
                          Filter: ((production_year < 1993) AND (kind_id = 1))
                          Rows Removed by Filter: 2197090
Planning time: 1.239 ms
Execution time: 36499.672 ms
