Seq Scan on cast_info ci  (cost=0.00..705507.15 rows=13067420 width=0) (actual time=3131.491..11718.700 rows=13190328 loops=1)
  Filter: (person_id > 2355687)
  Rows Removed by Filter: 23054016
Planning time: 0.227 ms
Execution time: 13400.324 ms
