Seq Scan on movie_keyword mk  (cost=0.00..81003.12 rows=4011631 width=0) (actual time=0.024..1657.679 rows=4019475 loops=1)
  Filter: (keyword_id < 35920)
  Rows Removed by Filter: 504455
Planning time: 0.298 ms
Execution time: 2146.695 ms
