Hash Join  (cost=83074.16..878679.60 rows=1424 width=0) (actual time=1301.248..19188.455 rows=1179 loops=1)
  Hash Cond: (ci.movie_id = t.id)
  ->  Seq Scan on cast_info ci  (cost=0.00..705507.15 rows=24022411 width=4) (actual time=0.015..14589.481 rows=24130698 loops=1)
        Filter: (role_id < 4)
        Rows Removed by Filter: 12113646
  ->  Hash  (cost=83072.29..83072.29 rows=150 width=8) (actual time=1282.680..1282.680 rows=51 loops=1)
        Buckets: 1024  Batches: 1  Memory Usage: 10kB
        ->  Nested Loop  (cost=0.43..83072.29 rows=150 width=8) (actual time=0.383..1282.625 rows=51 loops=1)
              ->  Seq Scan on movie_keyword mk  (cost=0.00..81003.12 rows=246 width=4) (actual time=0.332..1271.752 rows=170 loops=1)
                    Filter: (keyword_id = 4222)
                    Rows Removed by Filter: 4523760
              ->  Index Scan using title_pkey on title t  (cost=0.43..8.40 rows=1 width=4) (actual time=0.061..0.061 rows=0 loops=170)
                    Index Cond: (id = mk.movie_id)
                    Filter: (kind_id = 7)
                    Rows Removed by Filter: 1
Planning time: 1.156 ms
Execution time: 19189.461 ms
