Seq Scan on movie_keyword mk  (cost=0.00..81003.12 rows=9797 width=0) (actual time=968.907..1328.920 rows=7677 loops=1)
  Filter: (keyword_id > 127116)
  Rows Removed by Filter: 4516253
Planning time: 0.306 ms
Execution time: 1330.137 ms
