Seq Scan on movie_companies mc  (cost=0.00..51404.11 rows=528833 width=0) (actual time=430.748..867.165 rows=533172 loops=1)
  Filter: (company_id > 72596)
  Rows Removed by Filter: 2075957
Planning time: 0.291 ms
Execution time: 934.951 ms
