Hash Join  (cost=571229.13..1504166.03 rows=1547740 width=0) (actual time=19468.851..26435.444 rows=35810 loops=1)
  Hash Cond: (ci.movie_id = t.id)
  ->  Seq Scan on cast_info ci  (cost=0.00..796071.18 rows=6686336 width=4) (actual time=6575.737..13344.207 rows=368323 loops=1)
        Filter: ((person_id > 1686533) AND (role_id = 1))
        Rows Removed by Filter: 35876021
  ->  Hash  (cost=561625.91..561625.91 rows=585297 width=8) (actual time=12890.760..12890.760 rows=181424 loops=1)
        Buckets: 131072  Batches: 8  Memory Usage: 1914kB
        ->  Hash Join  (cost=75574.02..561625.91 rows=585297 width=8) (actual time=1330.495..12578.429 rows=181424 loops=1)
              Hash Cond: (mi.movie_id = t.id)
              ->  Seq Scan on movie_info mi  (cost=0.00..309384.22 rows=14739122 width=4) (actual time=0.031..5779.675 rows=14835720 loops=1)
              ->  Hash  (cost=73925.90..73925.90 rows=100409 width=4) (actual time=1329.474..1329.474 rows=110402 loops=1)
                    Buckets: 131072  Batches: 2  Memory Usage: 2970kB
                    ->  Seq Scan on title t  (cost=0.00..73925.90 rows=100409 width=4) (actual time=0.023..1281.587 rows=110402 loops=1)
                          Filter: ((kind_id = 7) AND (production_year = 2012))
                          Rows Removed by Filter: 2417910
Planning time: 1.217 ms
Execution time: 26440.311 ms
