Hash Join  (cost=132362.79..943232.21 rows=3388 width=0) (actual time=6118.098..51591.273 rows=2966 loops=1)
  Hash Cond: (ci.movie_id = t.id)
  ->  Seq Scan on cast_info ci  (cost=0.00..705507.15 rows=28087572 width=4) (actual time=0.013..39060.995 rows=28237420 loops=1)
        Filter: (person_id > 782632)
        Rows Removed by Filter: 8006924
  ->  Hash  (cost=132358.97..132358.97 rows=305 width=8) (actual time=6069.192..6069.192 rows=63 loops=1)
        Buckets: 1024  Batches: 1  Memory Usage: 11kB
        ->  Hash Join  (cost=74341.98..132358.97 rows=305 width=8) (actual time=3435.844..6069.075 rows=63 loops=1)
              Hash Cond: (mc.movie_id = t.id)
              ->  Seq Scan on movie_companies mc  (cost=0.00..57926.93 rows=23202 width=4) (actual time=0.034..2758.535 rows=42064 loops=1)
                    Filter: ((company_id = 19) AND (company_type_id = 1))
                    Rows Removed by Filter: 2567065
              ->  Hash  (cost=73925.90..73925.90 rows=33286 width=4) (actual time=3295.755..3295.755 rows=28113 loops=1)
                    Buckets: 65536  Batches: 1  Memory Usage: 1501kB
                    ->  Seq Scan on title t  (cost=0.00..73925.90 rows=33286 width=4) (actual time=0.021..3283.111 rows=28113 loops=1)
                          Filter: ((kind_id < 7) AND (production_year = 2004))
                          Rows Removed by Filter: 2500199
Planning time: 1.262 ms
Execution time: 51593.500 ms
