Hash Join  (cost=171710.96..1204669.96 rows=5348752 width=0) (actual time=4264.424..34908.019 rows=9776999 loops=1)
  Hash Cond: (ci.movie_id = t.id)
  ->  Seq Scan on cast_info ci  (cost=0.00..705507.15 rows=23499554 width=4) (actual time=0.021..15904.669 rows=23573656 loops=1)
        Filter: (role_id > 1)
        Rows Removed by Filter: 12670688
  ->  Hash  (cost=162267.96..162267.96 rows=575520 width=8) (actual time=4263.431..4263.431 rows=725640 loops=1)
        Buckets: 131072 (originally 131072)  Batches: 16 (originally 8)  Memory Usage: 3073kB
        ->  Hash Join  (cost=85280.32..162267.96 rows=575520 width=8) (actual time=1828.738..4046.760 rows=725640 loops=1)
              Hash Cond: (mc.movie_id = t.id)
              ->  Seq Scan on movie_companies mc  (cost=0.00..51404.11 rows=1350753 width=4) (actual time=0.024..1097.618 rows=1359783 loops=1)
                    Filter: (company_id > 11149)
                    Rows Removed by Filter: 1249346
              ->  Hash  (cost=67604.59..67604.59 rows=1077339 width=4) (actual time=1827.650..1827.650 rows=1074765 loops=1)
                    Buckets: 131072  Batches: 16  Memory Usage: 3388kB
                    ->  Seq Scan on title t  (cost=0.00..67604.59 rows=1077339 width=4) (actual time=0.020..1487.141 rows=1074765 loops=1)
                          Filter: (production_year < 2001)
                          Rows Removed by Filter: 1453547
Planning time: 1.121 ms
Execution time: 36059.189 ms
