Nested Loop  (cost=32807.94..830881.28 rows=60 width=0) (actual time=14487.421..14497.825 rows=2 loops=1)
  Join Filter: (ci.movie_id = t.id)
  ->  Hash Join  (cost=32807.51..830755.87 rows=148 width=8) (actual time=14487.285..14497.633 rows=2 loops=1)
        Hash Cond: (ci.movie_id = mi_idx.movie_id)
        ->  Seq Scan on cast_info ci  (cost=0.00..796071.18 rows=324 width=4) (actual time=6771.877..13867.063 rows=2 loops=1)
              Filter: ((role_id > 1) AND (person_id = 1906489))
              Rows Removed by Filter: 36244342
        ->  Hash  (cost=25185.44..25185.44 rows=464566 width=4) (actual time=601.895..601.895 rows=459925 loops=1)
              Buckets: 131072  Batches: 8  Memory Usage: 3050kB
              ->  Seq Scan on movie_info_idx mi_idx  (cost=0.00..25185.44 rows=464566 width=4) (actual time=0.022..461.084 rows=459925 loops=1)
                    Filter: (info_type_id = 101)
                    Rows Removed by Filter: 920110
  ->  Index Only Scan using title_pkey on title t  (cost=0.43..0.83 rows=1 width=4) (actual time=0.072..0.072 rows=1 loops=2)
        Index Cond: (id = mi_idx.movie_id)
        Heap Fetches: 2
Planning time: 1.181 ms
Execution time: 14497.937 ms
