Hash Join  (cost=129355.52..219787.14 rows=17723 width=0) (actual time=2163.634..3961.679 rows=26127 loops=1)
  Hash Cond: (mk.movie_id = t.id)
  ->  Seq Scan on movie_keyword mk  (cost=0.00..81003.12 rows=2467003 width=4) (actual time=0.024..1431.094 rows=2457688 loops=1)
        Filter: (keyword_id > 3663)
        Rows Removed by Filter: 2066242
  ->  Hash  (cost=129128.46..129128.46 rows=18165 width=8) (actual time=2163.117..2163.117 rows=6264 loops=1)
        Buckets: 32768  Batches: 1  Memory Usage: 501kB
        ->  Hash Join  (cost=68438.72..129128.46 rows=18165 width=8) (actual time=1285.937..2160.348 rows=6264 loops=1)
              Hash Cond: (mc.movie_id = t.id)
              ->  Seq Scan on movie_companies mc  (cost=0.00..57926.93 rows=688306 width=4) (actual time=242.085..1001.397 rows=472783 loops=1)
                    Filter: ((company_id > 10761) AND (company_type_id = 1))
                    Rows Removed by Filter: 2136346
              ->  Hash  (cost=67604.59..67604.59 rows=66731 width=4) (actual time=1043.067..1043.067 rows=67342 loops=1)
                    Buckets: 131072  Batches: 1  Memory Usage: 3392kB
                    ->  Seq Scan on title t  (cost=0.00..67604.59 rows=66731 width=4) (actual time=0.036..1015.607 rows=67342 loops=1)
                          Filter: (production_year > 2012)
                          Rows Removed by Filter: 2460970
Planning time: 1.161 ms
Execution time: 3965.556 ms
