Seq Scan on title t  (cost=0.00..73925.90 rows=1372956 width=0) (actual time=0.025..1425.540 rows=1450632 loops=1)
  Filter: ((production_year > 1956) AND (kind_id = 7))
  Rows Removed by Filter: 1077680
Planning time: 0.393 ms
Execution time: 1610.417 ms
