Hash Join  (cost=181566.10..1065052.08 rows=531048 width=0) (actual time=4565.469..19091.901 rows=644809 loops=1)
  Hash Cond: (ci.movie_id = t.id)
  ->  Seq Scan on cast_info ci  (cost=0.00..796071.18 rows=7036353 width=4) (actual time=382.309..13349.033 rows=3005085 loops=1)
        Filter: ((person_id < 1051961) AND (role_id > 1))
        Rows Removed by Filter: 33239259
  ->  Hash  (cost=178434.68..178434.68 rows=190833 width=8) (actual time=4182.277..4182.277 rows=306666 loops=1)
        Buckets: 131072  Batches: 4  Memory Usage: 4063kB
        ->  Hash Join  (cost=71587.82..178434.68 rows=190833 width=8) (actual time=1243.197..3647.463 rows=306666 loops=1)
              Hash Cond: (mk.movie_id = t.id)
              ->  Seq Scan on movie_keyword mk  (cost=0.00..81003.12 rows=1987841 width=4) (actual time=0.026..1493.505 rows=1994382 loops=1)
                    Filter: (keyword_id < 3522)
                    Rows Removed by Filter: 2529548
              ->  Hash  (cost=67604.59..67604.59 rows=242739 width=4) (actual time=891.152..891.152 rows=241400 loops=1)
                    Buckets: 131072  Batches: 4  Memory Usage: 3153kB
                    ->  Seq Scan on title t  (cost=0.00..67604.59 rows=242739 width=4) (actual time=0.020..749.574 rows=241400 loops=1)
                          Filter: (production_year < 1960)
                          Rows Removed by Filter: 2286912
Planning time: 1.204 ms
Execution time: 19173.298 ms
