Hash Join  (cost=154258.90..1220478.49 rows=3155542 width=0) (actual time=8140.812..74790.274 rows=6363918 loops=1)
  Hash Cond: (ci.movie_id = t.id)
  ->  Seq Scan on cast_info ci  (cost=0.00..614943.12 rows=36225612 width=4) (actual time=0.018..43503.044 rows=36244344 loops=1)
  ->  Hash  (cost=150644.72..150644.72 rows=220255 width=8) (actual time=8139.978..8139.978 rows=178352 loops=1)
        Buckets: 131072  Batches: 4  Memory Usage: 2764kB
        ->  Hash Join  (cost=81925.97..150644.72 rows=220255 width=8) (actual time=4378.293..8075.457 rows=178352 loops=1)
              Hash Cond: (mc.movie_id = t.id)
              ->  Seq Scan on movie_companies mc  (cost=0.00..51404.11 rows=1142156 width=4) (actual time=0.018..2853.622 rows=1138438 loops=1)
                    Filter: (company_id < 8530)
                    Rows Removed by Filter: 1470691
              ->  Hash  (cost=73925.90..73925.90 rows=487605 width=4) (actual time=4377.234..4377.234 rows=501779 loops=1)
                    Buckets: 131072  Batches: 8  Memory Usage: 3231kB
                    ->  Seq Scan on title t  (cost=0.00..73925.90 rows=487605 width=4) (actual time=0.014..3844.762 rows=501779 loops=1)
                          Filter: ((kind_id > 1) AND (production_year > 2008))
                          Rows Removed by Filter: 2026533
Planning time: 2.961 ms
Execution time: 75755.833 ms
