Hash Join  (cost=928837.23..1440779.81 rows=6740011 width=0) (actual time=18688.699..34256.726 rows=11856506 loops=1)
  Hash Cond: (mi.movie_id = t.id)
  ->  Seq Scan on movie_info mi  (cost=0.00..346232.03 rows=6231111 width=4) (actual time=0.026..6285.585 rows=6223494 loops=1)
        Filter: (info_type_id > 8)
        Rows Removed by Filter: 8612226
  ->  Hash  (cost=883965.31..883965.31 rows=2735034 width=8) (actual time=18686.900..18686.900 rows=2728943 loops=1)
        Buckets: 131072  Batches: 64  Memory Usage: 2692kB
        ->  Hash Join  (cost=102767.86..883965.31 rows=2735034 width=8) (actual time=11441.529..17735.703 rows=2728943 loops=1)
              Hash Cond: (ci.movie_id = t.id)
              ->  Seq Scan on cast_info ci  (cost=0.00..705507.15 rows=2735034 width=4) (actual time=9533.117..12456.388 rows=2728943 loops=1)
                    Filter: (role_id = 4)
                    Rows Removed by Filter: 33515401
              ->  Hash  (cost=61283.27..61283.27 rows=2528527 width=4) (actual time=1906.394..1906.394 rows=2528312 loops=1)
                    Buckets: 131072  Batches: 64  Memory Usage: 2415kB
                    ->  Seq Scan on title t  (cost=0.00..61283.27 rows=2528527 width=4) (actual time=0.028..1070.570 rows=2528312 loops=1)
Planning time: 1.881 ms
Execution time: 35721.354 ms
