Hash Join  (cost=81976.40..214674.47 rows=877903 width=0) (actual time=1415.275..5777.453 rows=1623876 loops=1)
  Hash Cond: (mk.movie_id = t.id)
  ->  Seq Scan on movie_keyword mk  (cost=0.00..69693.30 rows=4523930 width=4) (actual time=0.023..1413.762 rows=4523930 loops=1)
  ->  Hash  (cost=73925.90..73925.90 rows=490680 width=4) (actual time=1414.460..1414.460 rows=359870 loops=1)
        Buckets: 131072  Batches: 8  Memory Usage: 2619kB
        ->  Seq Scan on title t  (cost=0.00..73925.90 rows=490680 width=4) (actual time=15.422..1294.619 rows=359870 loops=1)
              Filter: ((production_year > 1985) AND (kind_id = 1))
              Rows Removed by Filter: 2168442
Planning time: 0.712 ms
Execution time: 5965.897 ms
