Hash Join  (cost=81397.48..1182224.59 rows=6524495 width=0) (actual time=1443.303..31317.894 rows=3793317 loops=1)
  Hash Cond: (ci.movie_id = t.id)
  ->  Seq Scan on cast_info ci  (cost=0.00..614943.12 rows=36225612 width=4) (actual time=0.024..13331.567 rows=36244344 loops=1)
  ->  Hash  (cost=73925.90..73925.90 rows=455406 width=4) (actual time=1441.960..1441.960 rows=310079 loops=1)
        Buckets: 131072  Batches: 8  Memory Usage: 2375kB
        ->  Seq Scan on title t  (cost=0.00..73925.90 rows=455406 width=4) (actual time=0.671..1336.230 rows=310079 loops=1)
              Filter: ((kind_id > 3) AND (production_year < 1990))
              Rows Removed by Filter: 2218233
Planning time: 0.767 ms
Execution time: 31769.136 ms
