Hash Join  (cost=79317.58..171653.79 rows=101535 width=0) (actual time=1403.506..3053.582 rows=16217 loops=1)
  Hash Cond: (mk.movie_id = t.id)
  ->  Seq Scan on movie_keyword mk  (cost=0.00..81003.12 rows=781263 width=4) (actual time=0.020..1261.613 rows=784468 loops=1)
        Filter: (keyword_id < 750)
        Rows Removed by Filter: 3739462
  ->  Hash  (cost=73925.90..73925.90 rows=328614 width=4) (actual time=1392.879..1392.879 rows=350917 loops=1)
        Buckets: 131072  Batches: 8  Memory Usage: 2578kB
        ->  Seq Scan on title t  (cost=0.00..73925.90 rows=328614 width=4) (actual time=0.141..1273.729 rows=350917 loops=1)
              Filter: ((kind_id > 4) AND (production_year > 2009))
              Rows Removed by Filter: 2177395
Planning time: 1.905 ms
Execution time: 3055.909 ms
