Seq Scan on movie_companies mc  (cost=0.00..57926.93 rows=945737 width=0) (actual time=0.026..1050.902 rows=1113041 loops=1)
  Filter: ((company_id > 1451) AND (company_type_id = 2))
  Rows Removed by Filter: 1496088
Planning time: 0.363 ms
Execution time: 1190.771 ms
