Hash Join  (cost=102767.86..185520.51 rows=621152 width=0) (actual time=2402.387..3739.832 rows=399296 loops=1)
  Hash Cond: (mc.movie_id = t.id)
  ->  Seq Scan on movie_companies mc  (cost=0.00..57926.93 rows=621152 width=4) (actual time=392.350..1011.407 rows=399296 loops=1)
        Filter: ((company_id < 11137) AND (company_type_id = 2))
        Rows Removed by Filter: 2209833
  ->  Hash  (cost=61283.27..61283.27 rows=2528527 width=4) (actual time=2008.763..2008.763 rows=2528312 loops=1)
        Buckets: 131072  Batches: 64  Memory Usage: 2415kB
        ->  Seq Scan on title t  (cost=0.00..61283.27 rows=2528527 width=4) (actual time=0.022..1152.316 rows=2528312 loops=1)
Planning time: 1.727 ms
Execution time: 3786.805 ms
