Seq Scan on movie_companies mc  (cost=0.00..51404.11 rows=81094 width=0) (actual time=616.067..808.709 rows=81057 loops=1)
  Filter: (company_id > 169378)
  Rows Removed by Filter: 2528072
Planning time: 0.299 ms
Execution time: 819.107 ms
