Hash Join  (cost=155350.25..643756.71 rows=805954 width=0) (actual time=3025.367..14527.440 rows=116252 loops=1)
  Hash Cond: (mi.movie_id = t.id)
  ->  Seq Scan on movie_info mi  (cost=0.00..309384.22 rows=14739122 width=4) (actual time=0.007..6268.526 rows=14835720 loops=1)
  ->  Hash  (cost=153080.96..153080.96 rows=138263 width=8) (actual time=3018.191..3018.191 rows=13042 loops=1)
        Buckets: 131072  Batches: 2  Memory Usage: 1287kB
        ->  Hash Join  (cost=76124.80..153080.96 rows=138263 width=8) (actual time=1278.581..3011.072 rows=13042 loops=1)
              Hash Cond: (mc.movie_id = t.id)
              ->  Seq Scan on movie_companies mc  (cost=0.00..44881.29 rows=2609129 width=4) (actual time=0.727..930.694 rows=2609129 loops=1)
              ->  Hash  (cost=73925.90..73925.90 rows=133992 width=4) (actual time=1274.646..1274.646 rows=12006 loops=1)
                    Buckets: 131072  Batches: 2  Memory Usage: 1238kB
                    ->  Seq Scan on title t  (cost=0.00..73925.90 rows=133992 width=4) (actual time=0.103..1268.775 rows=12006 loops=1)
                          Filter: ((kind_id > 1) AND (production_year < 1953))
                          Rows Removed by Filter: 2516306
Planning time: 0.936 ms
Execution time: 14544.351 ms
