Hash Join  (cost=106840.27..262560.45 rows=2776375 width=0) (actual time=2235.987..6413.859 rows=2879101 loops=1)
  Hash Cond: (mk.movie_id = t.id)
  ->  Seq Scan on movie_keyword mk  (cost=0.00..81003.12 rows=2935461 width=4) (actual time=0.020..1688.156 rows=2922176 loops=1)
        Filter: (keyword_id < 9547)
        Rows Removed by Filter: 1601754
  ->  Hash  (cost=67604.59..67604.59 rows=2391495 width=4) (actual time=2234.571..2234.571 rows=2388876 loops=1)
        Buckets: 131072  Batches: 32  Memory Usage: 3656kB
        ->  Seq Scan on title t  (cost=0.00..67604.59 rows=2391495 width=4) (actual time=0.023..1459.202 rows=2388876 loops=1)
              Filter: (production_year < 2013)
              Rows Removed by Filter: 139436
Planning time: 0.710 ms
Execution time: 6757.952 ms
