Hash Join  (cost=175027.18..251211.74 rows=350770 width=0) (actual time=4202.299..5602.219 rows=541951 loops=1)
  Hash Cond: (mc.movie_id = t.id)
  ->  Seq Scan on movie_companies mc  (cost=0.00..57926.93 rows=965045 width=4) (actual time=360.184..1145.897 rows=654929 loops=1)
        Filter: ((company_id < 42315) AND (company_type_id = 2))
        Rows Removed by Filter: 1954200
  ->  Hash  (cost=159947.97..159947.97 rows=919057 width=8) (actual time=3841.246..3841.246 rows=920110 loops=1)
        Buckets: 131072  Batches: 16  Memory Usage: 3269kB
        ->  Hash Join  (cost=102767.86..159947.97 rows=919057 width=8) (actual time=1913.155..3584.819 rows=920110 loops=1)
              Hash Cond: (mi_idx.movie_id = t.id)
              ->  Seq Scan on movie_info_idx mi_idx  (cost=0.00..25185.44 rows=919057 width=4) (actual time=0.028..551.205 rows=920110 loops=1)
                    Filter: (info_type_id > 99)
                    Rows Removed by Filter: 459925
              ->  Hash  (cost=61283.27..61283.27 rows=2528527 width=4) (actual time=1912.160..1912.160 rows=2528312 loops=1)
                    Buckets: 131072  Batches: 64  Memory Usage: 2415kB
                    ->  Seq Scan on title t  (cost=0.00..61283.27 rows=2528527 width=4) (actual time=0.031..1095.109 rows=2528312 loops=1)
Planning time: 1.127 ms
Execution time: 5665.739 ms
