Hash Join  (cost=147751.35..898579.35 rows=3877 width=0) (actual time=4343.523..45462.809 rows=990 loops=1)
  Hash Cond: (ci.movie_id = t.id)
  ->  Seq Scan on cast_info ci  (cost=0.00..614943.12 rows=36225612 width=4) (actual time=0.010..32274.815 rows=36244344 loops=1)
  ->  Hash  (cost=147747.96..147747.96 rows=271 width=8) (actual time=4298.726..4298.726 rows=63 loops=1)
        Buckets: 1024  Batches: 1  Memory Usage: 11kB
        ->  Nested Loop  (cost=0.43..147747.96 rows=271 width=8) (actual time=109.546..4298.559 rows=63 loops=1)
              ->  Seq Scan on movie_keyword mk  (cost=0.00..81003.12 rows=10254 width=4) (actual time=1.777..3362.027 rows=8567 loops=1)
                    Filter: (keyword_id = 3636)
                    Rows Removed by Filter: 4515363
              ->  Index Scan using title_pkey on title t  (cost=0.43..6.50 rows=1 width=4) (actual time=0.109..0.109 rows=0 loops=8567)
                    Index Cond: (id = mk.movie_id)
                    Filter: (production_year > 2012)
                    Rows Removed by Filter: 1
Planning time: 1.168 ms
Execution time: 45463.590 ms
