Seq Scan on movie_keyword mk  (cost=0.00..81003.12 rows=1479841 width=0) (actual time=0.023..1442.049 rows=1491526 loops=1)
  Filter: (keyword_id > 10903)
  Rows Removed by Filter: 3032404
Planning time: 0.317 ms
Execution time: 1629.515 ms
