Hash Join  (cost=73962.22..163608.36 rows=2640 width=0) (actual time=1257.444..2888.051 rows=11970 loops=1)
  Hash Cond: (mk.movie_id = t.id)
  ->  Seq Scan on movie_keyword mk  (cost=0.00..81003.12 rows=2297766 width=4) (actual time=0.025..1298.636 rows=2303545 loops=1)
        Filter: (keyword_id < 4935)
        Rows Removed by Filter: 2220385
  ->  Hash  (cost=73925.90..73925.90 rows=2905 width=4) (actual time=1254.906..1254.906 rows=6090 loops=1)
        Buckets: 8192 (originally 4096)  Batches: 1 (originally 1)  Memory Usage: 279kB
        ->  Seq Scan on title t  (cost=0.00..73925.90 rows=2905 width=4) (actual time=0.077..1251.740 rows=6090 loops=1)
              Filter: ((kind_id < 7) AND (production_year = 1968))
              Rows Removed by Filter: 2522222
Planning time: 1.699 ms
Execution time: 2889.925 ms
