Seq Scan on cast_info ci  (cost=0.00..796071.18 rows=2873506 width=0) (actual time=1574.311..14489.827 rows=922720 loops=1)
  Filter: ((person_id < 2466628) AND (role_id = 10))
  Rows Removed by Filter: 35321624
Planning time: 0.404 ms
Execution time: 14608.789 ms
