Hash Join  (cost=101541.62..188477.56 rows=27791 width=0) (actual time=1824.805..3727.137 rows=250363 loops=1)
  Hash Cond: (mk.movie_id = t.id)
  ->  Seq Scan on movie_keyword mk  (cost=0.00..69693.30 rows=4523930 width=4) (actual time=0.013..971.216 rows=4523930 loops=1)
  ->  Hash  (cost=101347.45..101347.45 rows=15533 width=8) (actual time=1824.518..1824.518 rows=22502 loops=1)
        Buckets: 32768 (originally 16384)  Batches: 1 (originally 1)  Memory Usage: 1135kB
        ->  Hash Join  (cost=74281.64..101347.45 rows=15533 width=8) (actual time=1290.991..1816.129 rows=22502 loops=1)
              Hash Cond: (mi_idx.movie_id = t.id)
              ->  Seq Scan on movie_info_idx mi_idx  (cost=0.00..21735.35 rows=1380035 width=4) (actual time=0.019..341.322 rows=1380035 loops=1)
              ->  Hash  (cost=73925.90..73925.90 rows=28459 width=4) (actual time=1162.057..1162.057 rows=16117 loops=1)
                    Buckets: 32768  Batches: 1  Memory Usage: 823kB
                    ->  Seq Scan on title t  (cost=0.00..73925.90 rows=28459 width=4) (actual time=370.709..1155.545 rows=16117 loops=1)
                          Filter: ((kind_id = 1) AND (production_year = 2006))
                          Rows Removed by Filter: 2512195
Planning time: 1.178 ms
Execution time: 3760.113 ms
