Seq Scan on movie_companies mc  (cost=0.00..51404.11 rows=1997258 width=0) (actual time=0.016..899.133 rows=1998692 loops=1)
  Filter: (company_id > 711)
  Rows Removed by Filter: 610437
Planning time: 0.325 ms
Execution time: 1136.196 ms
