Hash Join  (cost=74341.98..132333.81 rows=220 width=0) (actual time=1231.958..2087.209 rows=66 loops=1)
  Hash Cond: (mc.movie_id = t.id)
  ->  Seq Scan on movie_companies mc  (cost=0.00..57926.93 rows=16719 width=4) (actual time=0.136..860.365 rows=35517 loops=1)
        Filter: ((company_id = 160) AND (company_type_id = 1))
        Rows Removed by Filter: 2573612
  ->  Hash  (cost=73925.90..73925.90 rows=33286 width=4) (actual time=1215.255..1215.255 rows=28113 loops=1)
        Buckets: 65536  Batches: 1  Memory Usage: 1501kB
        ->  Seq Scan on title t  (cost=0.00..73925.90 rows=33286 width=4) (actual time=0.186..1203.064 rows=28113 loops=1)
              Filter: ((kind_id < 7) AND (production_year = 2004))
              Rows Removed by Filter: 2500199
Planning time: 0.745 ms
Execution time: 2087.418 ms
