Nested Loop  (cost=0.43..119413.81 rows=5278 width=0) (actual time=0.461..1126.264 rows=4458 loops=1)
  ->  Seq Scan on movie_keyword mk  (cost=0.00..81003.12 rows=5278 width=4) (actual time=0.398..1011.556 rows=4458 loops=1)
        Filter: (keyword_id = 3434)
        Rows Removed by Filter: 4519472
  ->  Index Only Scan using title_pkey on title t  (cost=0.43..7.27 rows=1 width=4) (actual time=0.025..0.025 rows=1 loops=4458)
        Index Cond: (id = mk.movie_id)
        Heap Fetches: 4458
Planning time: 0.729 ms
Execution time: 1127.452 ms
