Nested Loop  (cost=0.43..83072.29 rows=198 width=0) (actual time=3.304..1291.308 rows=702 loops=1)
  ->  Seq Scan on movie_keyword mk  (cost=0.00..81003.12 rows=246 width=4) (actual time=1.345..1250.808 rows=830 loops=1)
        Filter: (keyword_id = 4918)
        Rows Removed by Filter: 4523100
  ->  Index Scan using title_pkey on title t  (cost=0.43..8.40 rows=1 width=4) (actual time=0.047..0.047 rows=1 loops=830)
        Index Cond: (id = mk.movie_id)
        Filter: (production_year > 1973)
        Rows Removed by Filter: 0
Planning time: 0.677 ms
Execution time: 1291.687 ms
