Hash Join  (cost=73982.55..438902.66 rows=26418 width=0) (actual time=1334.248..9377.714 rows=37743 loops=1)
  Hash Cond: (mi.movie_id = t.id)
  ->  Seq Scan on movie_info mi  (cost=0.00..309384.22 rows=14739122 width=4) (actual time=0.014..4699.641 rows=14835720 loops=1)
  ->  Hash  (cost=73925.90..73925.90 rows=4532 width=4) (actual time=1332.754..1332.754 rows=11588 loops=1)
        Buckets: 16384 (originally 8192)  Batches: 1 (originally 1)  Memory Usage: 536kB
        ->  Seq Scan on title t  (cost=0.00..73925.90 rows=4532 width=4) (actual time=0.093..1327.165 rows=11588 loops=1)
              Filter: ((kind_id = 7) AND (production_year = 1986))
              Rows Removed by Filter: 2516724
Planning time: 0.726 ms
Execution time: 9383.651 ms
