Seq Scan on cast_info ci  (cost=0.00..796071.18 rows=2820750 width=0) (actual time=5.458..12256.862 rows=2632 loops=1)
  Filter: ((person_id < 1377308) AND (role_id = 2))
  Rows Removed by Filter: 36241712
Planning time: 0.392 ms
Execution time: 12257.490 ms
