Hash Join  (cost=709678.15..768333.66 rows=382 width=0) (actual time=10922.063..12142.231 rows=137 loops=1)
  Hash Cond: (mc.movie_id = t.id)
  ->  Seq Scan on movie_companies mc  (cost=0.00..51404.11 rows=1932687 width=4) (actual time=0.021..1057.740 rows=1940102 loops=1)
        Filter: (company_id > 1049)
        Rows Removed by Filter: 669027
  ->  Hash  (cost=709671.90..709671.90 rows=500 width=8) (actual time=10796.482..10796.482 rows=255 loops=1)
        Buckets: 1024  Batches: 1  Memory Usage: 18kB
        ->  Nested Loop  (cost=0.43..709671.90 rows=500 width=8) (actual time=4632.420..10796.339 rows=255 loops=1)
              ->  Seq Scan on cast_info ci  (cost=0.00..705507.15 rows=500 width=4) (actual time=4632.235..10791.652 rows=255 loops=1)
                    Filter: (person_id = 2773802)
                    Rows Removed by Filter: 36244089
              ->  Index Only Scan using title_pkey on title t  (cost=0.43..8.32 rows=1 width=4) (actual time=0.017..0.017 rows=1 loops=255)
                    Index Cond: (id = ci.movie_id)
                    Heap Fetches: 255
Planning time: 1.104 ms
Execution time: 12142.432 ms
