Hash Join  (cost=357212.90..1315024.78 rows=12379584 width=0) (actual time=11450.515..37179.377 rows=35726171 loops=1)
  Hash Cond: (ci.movie_id = t.id)
  ->  Seq Scan on cast_info ci  (cost=0.00..705507.15 rows=7298253 width=4) (actual time=2189.280..13607.712 rows=7451973 loops=1)
        Filter: (role_id = 2)
        Rows Removed by Filter: 28792371
  ->  Hash  (cost=286846.56..286846.56 rows=4288987 width=8) (actual time=9259.936..9259.936 rows=4477091 loops=1)
        Buckets: 131072  Batches: 64  Memory Usage: 3785kB
        ->  Hash Join  (cost=106934.74..286846.56 rows=4288987 width=8) (actual time=2193.374..7994.631 rows=4477091 loops=1)
              Hash Cond: (mk.movie_id = t.id)
              ->  Seq Scan on movie_keyword mk  (cost=0.00..69693.30 rows=4523930 width=4) (actual time=0.040..1424.050 rows=4523930 loops=1)
              ->  Hash  (cost=67604.59..67604.59 rows=2397212 width=4) (actual time=2192.373..2192.373 rows=2388701 loops=1)
                    Buckets: 131072  Batches: 32  Memory Usage: 3659kB
                    ->  Seq Scan on title t  (cost=0.00..67604.59 rows=2397212 width=4) (actual time=0.020..1433.668 rows=2388701 loops=1)
                          Filter: (production_year > 1915)
                          Rows Removed by Filter: 139611
Planning time: 1.126 ms
Execution time: 41289.858 ms
