Hash Join  (cost=101399.47..1232056.25 rows=11178108 width=0) (actual time=1914.704..36547.684 rows=13943449 loops=1)
  Hash Cond: (ci.movie_id = t.id)
  ->  Seq Scan on cast_info ci  (cost=0.00..796071.18 rows=16878905 width=4) (actual time=0.017..17382.854 rows=20761930 loops=1)
        Filter: ((person_id > 986134) AND (role_id > 1))
        Rows Removed by Filter: 15482414
  ->  Hash  (cost=73925.90..73925.90 rows=1674525 width=4) (actual time=1913.349..1913.349 rows=1666241 loops=1)
        Buckets: 131072  Batches: 32  Memory Usage: 2857kB
        ->  Seq Scan on title t  (cost=0.00..73925.90 rows=1674525 width=4) (actual time=0.015..1369.696 rows=1666241 loops=1)
              Filter: ((kind_id > 2) AND (production_year < 2013))
              Rows Removed by Filter: 862071
Planning time: 0.826 ms
Execution time: 38209.395 ms
