Hash Join  (cost=73994.33..467995.15 rows=27419 width=0) (actual time=1096.857..9655.002 rows=39758 loops=1)
  Hash Cond: (mi.movie_id = t.id)
  ->  Seq Scan on movie_info mi  (cost=0.00..346232.03 rows=12665229 width=4) (actual time=0.014..6324.998 rows=12744652 loops=1)
        Filter: (info_type_id > 2)
        Rows Removed by Filter: 2091068
  ->  Hash  (cost=73925.90..73925.90 rows=5474 width=4) (actual time=1064.666..1064.666 rows=7744 loops=1)
        Buckets: 8192  Batches: 1  Memory Usage: 337kB
        ->  Seq Scan on title t  (cost=0.00..73925.90 rows=5474 width=4) (actual time=0.021..1060.787 rows=7744 loops=1)
              Filter: ((kind_id > 1) AND (production_year = 1961))
              Rows Removed by Filter: 2520568
Planning time: 0.542 ms
Execution time: 9661.502 ms
