Seq Scan on movie_keyword mk  (cost=0.00..81003.12 rows=3316169 width=0) (actual time=0.029..1565.983 rows=3314454 loops=1)
  Filter: (keyword_id > 1515)
  Rows Removed by Filter: 1209476
Planning time: 0.304 ms
Execution time: 1969.375 ms
