Seq Scan on cast_info ci  (cost=0.00..796071.18 rows=5515453 width=0) (actual time=6555.351..14073.023 rows=11231095 loops=1)
  Filter: ((person_id < 1538304) AND (role_id < 2))
  Rows Removed by Filter: 25013249
Planning time: 0.428 ms
Execution time: 15545.982 ms
