Hash Join  (cost=83072.76..447730.91 rows=223 width=0) (actual time=1160.650..8509.662 rows=1179 loops=1)
  Hash Cond: (mi.movie_id = t.id)
  ->  Seq Scan on movie_info mi  (cost=0.00..309384.22 rows=14739122 width=4) (actual time=0.010..4664.863 rows=14835720 loops=1)
  ->  Hash  (cost=83072.29..83072.29 rows=38 width=8) (actual time=1157.840..1157.840 rows=21 loops=1)
        Buckets: 1024  Batches: 1  Memory Usage: 9kB
        ->  Nested Loop  (cost=0.43..83072.29 rows=38 width=8) (actual time=78.694..1157.784 rows=21 loops=1)
              ->  Seq Scan on movie_keyword mk  (cost=0.00..81003.12 rows=246 width=4) (actual time=16.705..1143.690 rows=274 loops=1)
                    Filter: (keyword_id = 1548)
                    Rows Removed by Filter: 4523656
              ->  Index Scan using title_pkey on title t  (cost=0.43..8.40 rows=1 width=4) (actual time=0.049..0.049 rows=0 loops=274)
                    Index Cond: (id = mk.movie_id)
                    Filter: (production_year > 2010)
                    Rows Removed by Filter: 1
Planning time: 0.776 ms
Execution time: 8510.113 ms
