Hash Join  (cost=1225732.58..2172699.09 rows=34435693 width=0) (actual time=32546.951..85604.196 rows=137129809 loops=1)
  Hash Cond: (mi.movie_id = t.id)
  ->  Seq Scan on movie_info mi  (cost=0.00..346232.03 rows=11115165 width=4) (actual time=0.018..7211.131 rows=11210743 loops=1)
        Filter: (info_type_id > 3)
        Rows Removed by Filter: 3624977
  ->  Hash  (cost=1097212.78..1097212.78 rows=7833584 width=8) (actual time=32543.388..32543.388 rows=12670688 loops=1)
        Buckets: 131072 (originally 131072)  Batches: 256 (originally 128)  Memory Usage: 3073kB
        ->  Hash Join  (cost=102767.86..1097212.78 rows=7833584 width=8) (actual time=7645.921..28619.408 rows=12670688 loops=1)
              Hash Cond: (ci.movie_id = t.id)
              ->  Seq Scan on cast_info ci  (cost=0.00..796071.18 rows=7833584 width=4) (actual time=5682.447..16012.508 rows=12670688 loops=1)
                    Filter: ((person_id < 2254868) AND (role_id < 2))
                    Rows Removed by Filter: 23573656
              ->  Hash  (cost=61283.27..61283.27 rows=2528527 width=4) (actual time=1962.139..1962.139 rows=2528312 loops=1)
                    Buckets: 131072  Batches: 64  Memory Usage: 2415kB
                    ->  Seq Scan on title t  (cost=0.00..61283.27 rows=2528527 width=4) (actual time=0.024..1134.369 rows=2528312 loops=1)
Planning time: 5.883 ms
Execution time: 101582.935 ms
