Hash Join  (cost=709678.15..764348.83 rows=516 width=0) (actual time=28265.588..30553.294 rows=2 loops=1)
  Hash Cond: (mc.movie_id = t.id)
  ->  Seq Scan on movie_companies mc  (cost=0.00..44881.29 rows=2609129 width=4) (actual time=0.015..2053.590 rows=2609129 loops=1)
  ->  Hash  (cost=709671.90..709671.90 rows=500 width=8) (actual time=27810.720..27810.720 rows=36 loops=1)
        Buckets: 1024  Batches: 1  Memory Usage: 10kB
        ->  Nested Loop  (cost=0.43..709671.90 rows=500 width=8) (actual time=768.158..27810.654 rows=36 loops=1)
              ->  Seq Scan on cast_info ci  (cost=0.00..705507.15 rows=500 width=4) (actual time=768.061..27803.769 rows=36 loops=1)
                    Filter: (person_id = 2923886)
                    Rows Removed by Filter: 36244308
              ->  Index Only Scan using title_pkey on title t  (cost=0.43..8.32 rows=1 width=4) (actual time=0.188..0.188 rows=1 loops=36)
                    Index Cond: (id = ci.movie_id)
                    Heap Fetches: 36
Planning time: 1.522 ms
Execution time: 30553.390 ms
