Hash Join  (cost=148000.73..272582.16 rows=211639 width=0) (actual time=3256.627..8867.273 rows=11089113 loops=1)
  Hash Cond: (mk.movie_id = t.id)
  ->  Seq Scan on movie_keyword mk  (cost=0.00..69693.30 rows=4523930 width=4) (actual time=0.026..1415.681 rows=4523930 loops=1)
  ->  Hash  (cost=146059.11..146059.11 rows=118290 width=8) (actual time=3021.895..3021.895 rows=407879 loops=1)
        Buckets: 131072 (originally 131072)  Batches: 8 (originally 2)  Memory Usage: 3073kB
        ->  Hash Join  (cost=77761.90..146059.11 rows=118290 width=8) (actual time=1824.830..2882.080 rows=407879 loops=1)
              Hash Cond: (mc.movie_id = t.id)
              ->  Seq Scan on movie_companies mc  (cost=0.00..51404.11 rows=1279517 width=4) (actual time=327.202..895.051 rows=1274246 loops=1)
                    Filter: (company_type_id < 2)
                    Rows Removed by Filter: 1334883
              ->  Hash  (cost=73925.90..73925.90 rows=233760 width=4) (actual time=1204.765..1204.765 rows=353075 loops=1)
                    Buckets: 131072 (originally 131072)  Batches: 8 (originally 4)  Memory Usage: 3073kB
                    ->  Seq Scan on title t  (cost=0.00..73925.90 rows=233760 width=4) (actual time=142.311..1091.973 rows=353075 loops=1)
                          Filter: ((production_year < 1997) AND (kind_id = 1))
                          Rows Removed by Filter: 2175237
Planning time: 1.113 ms
Execution time: 10084.231 ms
