Hash Join  (cost=83073.30..440811.44 rows=38 width=0) (actual time=7168.440..19928.919 rows=28 loops=1)
  Hash Cond: (mi.movie_id = t.id)
  ->  Seq Scan on movie_info mi  (cost=0.00..346232.03 rows=3068194 width=4) (actual time=4020.466..16407.299 rows=3036719 loops=1)
        Filter: (info_type_id = 16)
        Rows Removed by Filter: 11799001
  ->  Hash  (cost=83072.90..83072.90 rows=32 width=8) (actual time=2930.425..2930.425 rows=14 loops=1)
        Buckets: 1024  Batches: 1  Memory Usage: 9kB
        ->  Nested Loop  (cost=0.43..83072.90 rows=32 width=8) (actual time=1042.748..2930.396 rows=14 loops=1)
              ->  Seq Scan on movie_keyword mk  (cost=0.00..81003.12 rows=246 width=4) (actual time=32.574..2880.096 rows=170 loops=1)
                    Filter: (keyword_id = 10283)
                    Rows Removed by Filter: 4523760
              ->  Index Scan using title_pkey on title t  (cost=0.43..8.40 rows=1 width=4) (actual time=0.293..0.293 rows=0 loops=170)
                    Index Cond: (id = mk.movie_id)
                    Filter: ((production_year > 2009) AND (kind_id = 7))
                    Rows Removed by Filter: 1
Planning time: 1.253 ms
Execution time: 19929.072 ms
