Seq Scan on title t  (cost=0.00..73925.90 rows=469870 width=0) (actual time=0.028..1143.702 rows=367087 loops=1)
  Filter: ((kind_id < 4) AND (production_year > 2000))
  Rows Removed by Filter: 2161225
Planning time: 0.440 ms
Execution time: 1192.565 ms
