Hash Join  (cost=180257.54..327350.49 rows=2059392 width=0) (actual time=4241.629..9951.254 rows=8244436 loops=1)
  Hash Cond: (mk.movie_id = t.id)
  ->  Seq Scan on movie_keyword mk  (cost=0.00..69693.30 rows=4523930 width=4) (actual time=0.018..1417.592 rows=4523930 loops=1)
  ->  Hash  (cost=161372.52..161372.52 rows=1151041 width=8) (actual time=4239.318..4239.318 rows=1170442 loops=1)
        Buckets: 131072  Batches: 16  Memory Usage: 3905kB
        ->  Hash Join  (cost=102205.59..161372.52 rows=1151041 width=8) (actual time=1956.456..3855.951 rows=1170442 loops=1)
              Hash Cond: (mi_idx.movie_id = t.id)
              ->  Seq Scan on movie_info_idx mi_idx  (cost=0.00..21735.35 rows=1380035 width=4) (actual time=0.017..465.938 rows=1380035 loops=1)
              ->  Hash  (cost=67604.59..67604.59 rows=2108960 width=4) (actual time=1951.497..1951.497 rows=2104137 loops=1)
                    Buckets: 131072  Batches: 32  Memory Usage: 3341kB
                    ->  Seq Scan on title t  (cost=0.00..67604.59 rows=2108960 width=4) (actual time=0.031..1236.772 rows=2104137 loops=1)
                          Filter: (production_year > 1968)
                          Rows Removed by Filter: 424175
Planning time: 3.190 ms
Execution time: 10898.182 ms
