Hash Join  (cost=65687.58..152348.41 rows=279 width=0) (actual time=788.548..2432.657 rows=14 loops=1)
  Hash Cond: (mk.movie_id = t.id)
  ->  Seq Scan on movie_keyword mk  (cost=0.00..69693.30 rows=4523930 width=4) (actual time=0.021..905.360 rows=4523930 loops=1)
  ->  Hash  (cost=65685.63..65685.63 rows=156 width=8) (actual time=776.512..776.512 rows=9 loops=1)
        Buckets: 1024  Batches: 1  Memory Usage: 9kB
        ->  Nested Loop  (cost=0.43..65685.63 rows=156 width=8) (actual time=337.773..776.494 rows=9 loops=1)
              ->  Seq Scan on movie_companies mc  (cost=0.00..57926.93 rows=945 width=4) (actual time=321.573..753.460 rows=743 loops=1)
                    Filter: ((company_id < 6) AND (company_type_id > 1))
                    Rows Removed by Filter: 2608386
              ->  Index Scan using title_pkey on title t  (cost=0.43..8.20 rows=1 width=4) (actual time=0.030..0.030 rows=0 loops=743)
                    Index Cond: (id = mc.movie_id)
                    Filter: (production_year < 1973)
                    Rows Removed by Filter: 1
Planning time: 1.164 ms
Execution time: 2432.789 ms
