Seq Scan on movie_keyword mk  (cost=0.00..81003.12 rows=3419116 width=0) (actual time=0.025..1594.950 rows=3409118 loops=1)
  Filter: (keyword_id > 1151)
  Rows Removed by Filter: 1114812
Planning time: 0.349 ms
Execution time: 2028.209 ms
