Hash Join  (cost=128331.06..207117.96 rows=271037 width=0) (actual time=2712.358..4495.434 rows=274029 loops=1)
  Hash Cond: (mc.movie_id = t.id)
  ->  Seq Scan on movie_companies mc  (cost=0.00..44881.29 rows=2609129 width=4) (actual time=0.024..902.692 rows=2609129 loops=1)
  ->  Hash  (cost=124020.76..124020.76 rows=262664 width=8) (actual time=2514.673..2514.673 rows=115854 loops=1)
        Buckets: 131072  Batches: 4  Memory Usage: 2149kB
        ->  Hash Join  (cost=81821.64..124020.76 rows=262664 width=8) (actual time=1548.169..2481.286 rows=115854 loops=1)
              Hash Cond: (mi_idx.movie_id = t.id)
              ->  Seq Scan on movie_info_idx mi_idx  (cost=0.00..21735.35 rows=1380035 width=4) (actual time=0.012..419.774 rows=1380035 loops=1)
              ->  Hash  (cost=73925.90..73925.90 rows=481259 width=4) (actual time=1400.763..1400.763 rows=518327 loops=1)
                    Buckets: 131072  Batches: 8  Memory Usage: 3301kB
                    ->  Seq Scan on title t  (cost=0.00..73925.90 rows=481259 width=4) (actual time=278.367..1237.926 rows=518327 loops=1)
                          Filter: ((production_year > 2007) AND (kind_id = 7))
                          Rows Removed by Filter: 2009985
Planning time: 1.363 ms
Execution time: 4524.850 ms
