Seq Scan on cast_info ci  (cost=0.00..705507.15 rows=28538046 width=0) (actual time=0.025..13313.492 rows=28530817 loops=1)
  Filter: (person_id < 2905501)
  Rows Removed by Filter: 7713527
Planning time: 0.311 ms
Execution time: 16830.166 ms
