Hash Join  (cost=100949.61..192947.93 rows=2884 width=0) (actual time=2032.314..3635.775 rows=5283 loops=1)
  Hash Cond: (mk.movie_id = t.id)
  ->  Seq Scan on movie_keyword mk  (cost=0.00..81003.12 rows=2924360 width=4) (actual time=0.015..1537.159 rows=2910791 loops=1)
        Filter: (keyword_id < 9402)
        Rows Removed by Filter: 1613139
  ->  Hash  (cost=100918.44..100918.44 rows=2494 width=8) (actual time=1670.623..1670.623 rows=2946 loops=1)
        Buckets: 4096  Batches: 1  Memory Usage: 148kB
        ->  Hash Join  (cost=73983.02..100918.44 rows=2494 width=8) (actual time=1302.673..1669.446 rows=2946 loops=1)
              Hash Cond: (mi_idx.movie_id = t.id)
              ->  Seq Scan on movie_info_idx mi_idx  (cost=0.00..21735.35 rows=1380035 width=4) (actual time=0.020..299.622 rows=1380035 loops=1)
              ->  Hash  (cost=73925.90..73925.90 rows=4569 width=4) (actual time=1074.879..1074.879 rows=8015 loops=1)
                    Buckets: 8192  Batches: 1  Memory Usage: 346kB
                    ->  Seq Scan on title t  (cost=0.00..73925.90 rows=4569 width=4) (actual time=0.049..1071.067 rows=8015 loops=1)
                          Filter: ((kind_id > 4) AND (production_year = 1975))
                          Rows Removed by Filter: 2520297
Planning time: 1.109 ms
Execution time: 3636.608 ms
