Hash Join  (cost=153250.71..279741.42 rows=871906 width=0) (actual time=3625.026..7299.854 rows=2689928 loops=1)
  Hash Cond: (mk.movie_id = t.id)
  ->  Seq Scan on movie_keyword mk  (cost=0.00..81003.12 rows=2925206 width=4) (actual time=0.017..1688.059 rows=2911832 loops=1)
        Filter: (keyword_id < 9413)
        Rows Removed by Filter: 1612098
  ->  Hash  (cost=140884.85..140884.85 rows=753669 width=8) (actual time=3624.096..3624.096 rows=664016 loops=1)
        Buckets: 131072  Batches: 16  Memory Usage: 2650kB
        ->  Hash Join  (cost=90260.67..140884.85 rows=753669 width=8) (actual time=1725.546..3417.811 rows=664016 loops=1)
              Hash Cond: (mi_idx.movie_id = t.id)
              ->  Seq Scan on movie_info_idx mi_idx  (cost=0.00..21735.35 rows=1380035 width=4) (actual time=0.013..368.746 rows=1380035 loops=1)
              ->  Hash  (cost=67604.59..67604.59 rows=1380887 width=4) (actual time=1724.567..1724.567 rows=1381453 loops=1)
                    Buckets: 131072  Batches: 32  Memory Usage: 2543kB
                    ->  Seq Scan on title t  (cost=0.00..67604.59 rows=1380887 width=4) (actual time=0.012..1268.739 rows=1381453 loops=1)
                          Filter: (production_year > 2000)
                          Rows Removed by Filter: 1146859
Planning time: 1.110 ms
Execution time: 7615.573 ms
