Hash Join  (cost=195263.34..339155.96 rows=1796758 width=0) (actual time=4386.336..8248.176 rows=2657613 loops=1)
  Hash Cond: (mk.movie_id = t.id)
  ->  Seq Scan on movie_keyword mk  (cost=0.00..69693.30 rows=4523930 width=4) (actual time=0.015..1451.383 rows=4523930 loops=1)
  ->  Hash  (cost=178787.23..178787.23 rows=1004249 width=8) (actual time=4384.501..4384.501 rows=653834 loops=1)
        Buckets: 131072  Batches: 16  Memory Usage: 2600kB
        ->  Hash Join  (cost=89893.22..178787.23 rows=1004249 width=8) (actual time=1658.387..4192.477 rows=653834 loops=1)
              Hash Cond: (mc.movie_id = t.id)
              ->  Seq Scan on movie_companies mc  (cost=0.00..44881.29 rows=2609129 width=4) (actual time=0.024..874.712 rows=2609129 loops=1)
              ->  Hash  (cost=73925.90..73925.90 rows=973225 width=4) (actual time=1657.524..1657.524 rows=1057588 loops=1)
                    Buckets: 131072  Batches: 16  Memory Usage: 3355kB
                    ->  Seq Scan on title t  (cost=0.00..73925.90 rows=973225 width=4) (actual time=0.028..1320.597 rows=1057588 loops=1)
                          Filter: ((kind_id > 1) AND (production_year > 2001))
                          Rows Removed by Filter: 1470724
Planning time: 1.322 ms
Execution time: 8517.547 ms
