Seq Scan on cast_info ci  (cost=0.00..796071.18 rows=1634486 width=0) (actual time=7569.717..11807.972 rows=3673982 loops=1)
  Filter: ((person_id > 3394106) AND (role_id > 2))
  Rows Removed by Filter: 32570362
Planning time: 0.325 ms
Execution time: 12263.076 ms
