Seq Scan on movie_keyword mk  (cost=0.00..81003.12 rows=4521812 width=0) (actual time=0.029..1435.960 rows=4522346 loops=1)
  Filter: (keyword_id < 132625)
  Rows Removed by Filter: 1584
Planning time: 0.329 ms
Execution time: 1969.717 ms
