Seq Scan on movie_companies mc  (cost=0.00..57926.93 rows=1224643 width=0) (actual time=0.023..1130.005 rows=1274246 loops=1)
  Filter: ((company_id < 150754) AND (company_type_id = 1))
  Rows Removed by Filter: 1334883
Planning time: 0.435 ms
Execution time: 1293.244 ms
