Hash Join  (cost=74015.19..428539.03 rows=6200 width=0) (actual time=7074.907..18767.932 rows=19827 loops=1)
  Hash Cond: (mi.movie_id = t.id)
  ->  Seq Scan on movie_info mi  (cost=0.00..346232.03 rows=2194617 width=4) (actual time=3516.335..15066.043 rows=2233850 loops=1)
        Filter: (info_type_id > 16)
        Rows Removed by Filter: 12601870
  ->  Hash  (cost=73925.90..73925.90 rows=7143 width=4) (actual time=3204.042..3204.042 rows=5068 loops=1)
        Buckets: 8192  Batches: 1  Memory Usage: 243kB
        ->  Seq Scan on title t  (cost=0.00..73925.90 rows=7143 width=4) (actual time=174.795..3201.374 rows=5068 loops=1)
              Filter: ((kind_id = 1) AND (production_year = 1993))
              Rows Removed by Filter: 2523244
Planning time: 0.700 ms
Execution time: 18771.161 ms
