Hash Join  (cost=177863.20..608803.68 rows=1092679 width=0) (actual time=3727.239..13266.998 rows=686853 loops=1)
  Hash Cond: (mi.movie_id = t.id)
  ->  Seq Scan on movie_info mi  (cost=0.00..346232.03 rows=6231111 width=4) (actual time=0.017..6761.498 rows=6223494 loops=1)
        Filter: (info_type_id > 8)
        Rows Removed by Filter: 8612226
  ->  Hash  (cost=170587.71..170587.71 rows=443399 width=8) (actual time=3726.375..3726.375 rows=202015 loops=1)
        Buckets: 131072  Batches: 8  Memory Usage: 2010kB
        ->  Hash Join  (cost=92883.59..170587.71 rows=443399 width=8) (actual time=2052.938..3657.224 rows=202015 loops=1)
              Hash Cond: (mc.movie_id = t.id)
              ->  Seq Scan on movie_companies mc  (cost=0.00..57926.93 rows=727639 width=4) (actual time=0.017..1014.926 rows=453862 loops=1)
                    Filter: ((company_id < 12468) AND (company_type_id = 2))
                    Rows Removed by Filter: 2155267
              ->  Hash  (cost=67604.59..67604.59 rows=1540800 width=4) (actual time=2051.902..2051.902 rows=1543264 loops=1)
                    Buckets: 131072  Batches: 32  Memory Usage: 2722kB
                    ->  Seq Scan on title t  (cost=0.00..67604.59 rows=1540800 width=4) (actual time=177.230..1284.585 rows=1543264 loops=1)
                          Filter: (kind_id = 7)
                          Rows Removed by Filter: 985048
Planning time: 1.196 ms
Execution time: 13348.910 ms
