Hash Join  (cost=473586.06..600527.22 rows=706426 width=0) (actual time=9857.563..26795.960 rows=59050054 loops=1)
  Hash Cond: (mk.movie_id = t.id)
  ->  Seq Scan on movie_keyword mk  (cost=0.00..81003.12 rows=3171673 width=4) (actual time=0.019..1817.728 rows=3155572 loops=1)
        Filter: (keyword_id > 1799)
        Rows Removed by Filter: 1368358
  ->  Hash  (cost=464346.34..464346.34 rows=563178 width=8) (actual time=9854.702..9854.702 rows=1541456 loops=1)
        Buckets: 131072 (originally 131072)  Batches: 32 (originally 8)  Memory Usage: 3073kB
        ->  Hash Join  (cost=84571.72..464346.34 rows=563178 width=8) (actual time=1670.902..9391.174 rows=1541456 loops=1)
              Hash Cond: (mi.movie_id = t.id)
              ->  Seq Scan on movie_info mi  (cost=0.00..346232.03 rows=2194617 width=4) (actual time=0.019..5833.915 rows=2233850 loops=1)
                    Filter: (info_type_id > 16)
                    Rows Removed by Filter: 12601870
              ->  Hash  (cost=73925.90..73925.90 rows=648865 width=4) (actual time=1669.920..1669.920 rows=656311 loops=1)
                    Buckets: 131072  Batches: 16  Memory Usage: 2471kB
                    ->  Seq Scan on title t  (cost=0.00..73925.90 rows=648865 width=4) (actual time=0.032..1455.907 rows=656311 loops=1)
                          Filter: ((production_year > 0) AND (kind_id = 1))
                          Rows Removed by Filter: 1872001
Planning time: 4.286 ms
Execution time: 33620.632 ms
