Seq Scan on title t  (cost=0.00..73925.90 rows=806787 width=0) (actual time=0.023..3139.538 rows=843018 loops=1)
  Filter: ((kind_id < 7) AND (production_year < 2011))
  Rows Removed by Filter: 1685294
Planning time: 0.431 ms
Execution time: 3276.247 ms
