Hash Join  (cost=102767.86..195991.60 rows=1056296 width=0) (actual time=2512.913..4231.197 rows=795834 loops=1)
  Hash Cond: (mc.movie_id = t.id)
  ->  Seq Scan on movie_companies mc  (cost=0.00..57926.93 rows=1056296 width=4) (actual time=573.033..1264.861 rows=795834 loops=1)
        Filter: ((company_id < 72220) AND (company_type_id > 1))
        Rows Removed by Filter: 1813295
  ->  Hash  (cost=61283.27..61283.27 rows=2528527 width=4) (actual time=1938.671..1938.671 rows=2528312 loops=1)
        Buckets: 131072  Batches: 64  Memory Usage: 2415kB
        ->  Seq Scan on title t  (cost=0.00..61283.27 rows=2528527 width=4) (actual time=0.018..1124.200 rows=2528312 loops=1)
Planning time: 0.570 ms
Execution time: 4324.804 ms
