Hash Join  (cost=82955.72..138281.89 rows=28062 width=0) (actual time=1420.050..2376.900 rows=13473 loops=1)
  Hash Cond: (mc.movie_id = t.id)
  ->  Seq Scan on movie_companies mc  (cost=0.00..51404.11 rows=128918 width=4) (actual time=0.034..795.411 rows=132152 loops=1)
        Filter: (company_id < 21)
        Rows Removed by Filter: 2476977
  ->  Hash  (cost=73925.90..73925.90 rows=550385 width=4) (actual time=1418.735..1418.735 rows=602403 loops=1)
        Buckets: 131072  Batches: 8  Memory Usage: 3672kB
        ->  Seq Scan on title t  (cost=0.00..73925.90 rows=550385 width=4) (actual time=0.024..1226.491 rows=602403 loops=1)
              Filter: ((production_year > 2006) AND (kind_id = 7))
              Rows Removed by Filter: 1925909
Planning time: 0.786 ms
Execution time: 2379.292 ms
