Hash Join  (cost=1077418.07..1871776.58 rows=24299688 width=0) (actual time=26049.839..72528.400 rows=122771551 loops=1)
  Hash Cond: (mi.movie_id = t.id)
  ->  Seq Scan on movie_info mi  (cost=0.00..309384.22 rows=14739122 width=4) (actual time=0.006..6680.772 rows=14835720 loops=1)
  ->  Hash  (cost=1009025.80..1009025.80 rows=4168662 width=8) (actual time=26048.703..26048.703 rows=8022337 loops=1)
        Buckets: 131072 (originally 131072)  Batches: 128 (originally 64)  Memory Usage: 3473kB
        ->  Hash Join  (cost=102767.86..1009025.80 rows=4168662 width=8) (actual time=9183.680..23162.672 rows=8022337 loops=1)
              Hash Cond: (ci.movie_id = t.id)
              ->  Seq Scan on cast_info ci  (cost=0.00..796071.18 rows=4168662 width=4) (actual time=7185.245..13838.079 rows=8022337 loops=1)
                    Filter: ((person_id > 2436461) AND (role_id > 3))
                    Rows Removed by Filter: 28222007
              ->  Hash  (cost=61283.27..61283.27 rows=2528527 width=4) (actual time=1996.254..1996.254 rows=2528312 loops=1)
                    Buckets: 131072  Batches: 64  Memory Usage: 2415kB
                    ->  Seq Scan on title t  (cost=0.00..61283.27 rows=2528527 width=4) (actual time=0.018..1176.100 rows=2528312 loops=1)
Planning time: 1.139 ms
Execution time: 85558.015 ms
