Seq Scan on movie_companies mc  (cost=0.00..57926.93 rows=53 width=0) (actual time=33.824..840.970 rows=42 loops=1)
  Filter: ((company_id = 487) AND (company_type_id = 2))
  Rows Removed by Filter: 2609087
Planning time: 0.383 ms
Execution time: 841.076 ms
