Hash Join  (cost=92883.59..197154.88 rows=555948 width=0) (actual time=1807.699..3877.312 rows=112379 loops=1)
  Hash Cond: (mk.movie_id = t.id)
  ->  Seq Scan on movie_keyword mk  (cost=0.00..81003.12 rows=912338 width=4) (actual time=0.022..1320.087 rows=920332 loops=1)
        Filter: (keyword_id < 870)
        Rows Removed by Filter: 3603598
  ->  Hash  (cost=67604.59..67604.59 rows=1540800 width=4) (actual time=1806.820..1806.820 rows=1543264 loops=1)
        Buckets: 131072  Batches: 32  Memory Usage: 2728kB
        ->  Seq Scan on title t  (cost=0.00..67604.59 rows=1540800 width=4) (actual time=0.014..1314.059 rows=1543264 loops=1)
              Filter: (kind_id = 7)
              Rows Removed by Filter: 985048
Planning time: 0.745 ms
Execution time: 3891.600 ms
