Hash Join  (cost=263115.61..445154.75 rows=3844698 width=0) (actual time=6120.114..16429.092 rows=28398651 loops=1)
  Hash Cond: (mk.movie_id = t.id)
  ->  Seq Scan on movie_keyword mk  (cost=0.00..81003.12 rows=3725926 width=4) (actual time=0.020..1845.815 rows=3722103 loops=1)
        Filter: (keyword_id < 23078)
        Rows Removed by Filter: 801827
  ->  Hash  (cost=220309.49..220309.49 rows=2609129 width=8) (actual time=6119.093..6119.093 rows=2609129 loops=1)
        Buckets: 131072  Batches: 64  Memory Usage: 2691kB
        ->  Hash Join  (cost=102767.86..220309.49 rows=2609129 width=8) (actual time=1875.116..5340.196 rows=2609129 loops=1)
              Hash Cond: (mc.movie_id = t.id)
              ->  Seq Scan on movie_companies mc  (cost=0.00..44881.29 rows=2609129 width=4) (actual time=0.019..946.099 rows=2609129 loops=1)
              ->  Hash  (cost=61283.27..61283.27 rows=2528527 width=4) (actual time=1873.273..1873.273 rows=2528312 loops=1)
                    Buckets: 131072  Batches: 64  Memory Usage: 2415kB
                    ->  Seq Scan on title t  (cost=0.00..61283.27 rows=2528527 width=4) (actual time=1.730..1047.679 rows=2528312 loops=1)
Planning time: 4.864 ms
Execution time: 19603.836 ms
