Hash Join  (cost=123675.21..220791.02 rows=1127228 width=144) (actual time=2680.071..5136.965 rows=1248329 loops=1)
  Hash Cond: (mi_idx.movie_id = t.id)
  ->  Seq Scan on movie_info_idx mi_idx  (cost=0.00..21735.35 rows=1380035 width=50) (actual time=0.008..521.657 rows=1380035 loops=1)
  ->  Hash  (cost=67604.59..67604.59 rows=2065330 width=94) (actual time=2679.482..2679.482 rows=2064552 loops=1)
        Buckets: 32768  Batches: 128  Memory Usage: 2053kB
        ->  Seq Scan on title t  (cost=0.00..67604.59 rows=2065330 width=94) (actual time=0.010..1650.329 rows=2064552 loops=1)
              Filter: (production_year < 2011)
              Rows Removed by Filter: 463760
Planning time: 0.650 ms
Execution time: 5206.433 ms
