Hash Join  (cost=799164.61..1150138.94 rows=184 width=0) (actual time=18895.908..20146.770 rows=2 loops=1)
  Hash Cond: (mi.movie_id = t.id)
  ->  Seq Scan on movie_info mi  (cost=0.00..346232.03 rows=1264125 width=4) (actual time=3912.259..5395.410 rows=1288928 loops=1)
        Filter: (info_type_id = 2)
        Rows Removed by Filter: 13546792
  ->  Hash  (cost=799160.00..799160.00 rows=369 width=8) (actual time=14563.281..14563.281 rows=2 loops=1)
        Buckets: 1024  Batches: 1  Memory Usage: 9kB
        ->  Nested Loop  (cost=0.43..799160.00 rows=369 width=8) (actual time=9474.254..14563.265 rows=2 loops=1)
              ->  Seq Scan on cast_info ci  (cost=0.00..796071.18 rows=369 width=4) (actual time=9474.158..14563.135 rows=2 loops=1)
                    Filter: ((role_id < 5) AND (person_id = 2908077))
                    Rows Removed by Filter: 36244342
              ->  Index Only Scan using title_pkey on title t  (cost=0.43..8.36 rows=1 width=4) (actual time=0.048..0.048 rows=1 loops=2)
                    Index Cond: (id = ci.movie_id)
                    Heap Fetches: 2
Planning time: 1.604 ms
Execution time: 20146.919 ms
