Hash Join  (cost=146868.26..513536.19 rows=326643 width=0) (actual time=4133.669..10055.340 rows=714495 loops=1)
  Hash Cond: (mi.movie_id = t.id)
  ->  Seq Scan on movie_info mi  (cost=0.00..346232.03 rows=1264125 width=4) (actual time=764.476..5526.056 rows=1288928 loops=1)
        Filter: (info_type_id = 2)
        Rows Removed by Filter: 13546792
  ->  Hash  (cost=136148.30..136148.30 rows=653357 width=8) (actual time=3368.149..3368.149 rows=794821 loops=1)
        Buckets: 131072  Batches: 16  Memory Usage: 2990kB
        ->  Hash Join  (cost=87245.25..136148.30 rows=653357 width=8) (actual time=1554.820..3132.899 rows=794821 loops=1)
              Hash Cond: (mi_idx.movie_id = t.id)
              ->  Seq Scan on movie_info_idx mi_idx  (cost=0.00..21735.35 rows=1380035 width=4) (actual time=0.032..522.843 rows=1380035 loops=1)
              ->  Hash  (cost=67604.59..67604.59 rows=1197093 width=4) (actual time=1553.607..1553.607 rows=1195923 loops=1)
                    Buckets: 131072  Batches: 16  Memory Usage: 3653kB
                    ->  Seq Scan on title t  (cost=0.00..67604.59 rows=1197093 width=4) (actual time=0.050..1194.951 rows=1195923 loops=1)
                          Filter: (production_year < 2003)
                          Rows Removed by Filter: 1332389
Planning time: 1.222 ms
Execution time: 10139.945 ms
