Seq Scan on movie_companies mc  (cost=0.00..57926.93 rows=642800 width=0) (actual time=62.996..1076.656 rows=874082 loops=1)
  Filter: ((company_id < 11299) AND (company_type_id < 2))
  Rows Removed by Filter: 1735047
Planning time: 0.341 ms
Execution time: 1185.357 ms
