Seq Scan on cast_info ci  (cost=0.00..796071.18 rows=101 width=0) (actual time=3440.059..10735.446 rows=91 loops=1)
  Filter: ((person_id = 1924207) AND (role_id = 2))
  Rows Removed by Filter: 36244253
Planning time: 0.375 ms
Execution time: 10735.554 ms
