Seq Scan on movie_companies mc  (cost=0.00..51404.11 rows=2342062 width=0) (actual time=0.025..984.068 rows=2346296 loops=1)
  Filter: (company_id > 136)
  Rows Removed by Filter: 262833
Planning time: 0.353 ms
Execution time: 1279.786 ms
