Hash Join  (cost=83074.55..447741.02 rows=1055 width=0) (actual time=1186.932..7369.811 rows=8066 loops=1)
  Hash Cond: (mi.movie_id = t.id)
  ->  Seq Scan on movie_info mi  (cost=0.00..309384.22 rows=14739122 width=4) (actual time=0.010..3670.368 rows=14835720 loops=1)
  ->  Hash  (cost=83072.29..83072.29 rows=181 width=8) (actual time=1185.041..1185.041 rows=496 loops=1)
        Buckets: 1024  Batches: 1  Memory Usage: 28kB
        ->  Nested Loop  (cost=0.43..83072.29 rows=181 width=8) (actual time=10.459..1184.642 rows=496 loops=1)
              ->  Seq Scan on movie_keyword mk  (cost=0.00..81003.12 rows=246 width=4) (actual time=0.392..1109.884 rows=2238 loops=1)
                    Filter: (keyword_id = 1951)
                    Rows Removed by Filter: 4521692
              ->  Index Scan using title_pkey on title t  (cost=0.43..8.40 rows=1 width=4) (actual time=0.033..0.033 rows=0 loops=2238)
                    Index Cond: (id = mk.movie_id)
                    Filter: (kind_id > 1)
                    Rows Removed by Filter: 1
Planning time: 0.823 ms
Execution time: 7371.718 ms
