Nested Loop  (cost=0.43..52283.69 rows=104 width=0) (actual time=1.635..889.490 rows=1612 loops=1)
  ->  Seq Scan on movie_companies mc  (cost=0.00..51404.11 rows=104 width=4) (actual time=1.574..857.006 rows=1612 loops=1)
        Filter: (company_id = 33)
        Rows Removed by Filter: 2607517
  ->  Index Only Scan using title_pkey on title t  (cost=0.43..8.45 rows=1 width=4) (actual time=0.019..0.019 rows=1 loops=1612)
        Index Cond: (id = mc.movie_id)
        Heap Fetches: 1612
Planning time: 0.764 ms
Execution time: 889.962 ms
