Seq Scan on movie_companies mc  (cost=0.00..57926.93 rows=832513 width=0) (actual time=293.111..959.216 rows=628129 loops=1)
  Filter: ((company_id > 3042) AND (company_type_id < 2))
  Rows Removed by Filter: 1981000
Planning time: 0.247 ms
Execution time: 1040.887 ms
