Seq Scan on cast_info ci  (cost=0.00..705507.15 rows=500 width=0) (actual time=1535.022..10876.362 rows=201 loops=1)
  Filter: (person_id = 2983008)
  Rows Removed by Filter: 36244143
Planning time: 0.380 ms
Execution time: 10876.498 ms
