Seq Scan on movie_companies mc  (cost=0.00..51404.11 rows=2429440 width=0) (actual time=0.017..1058.906 rows=2427592 loops=1)
  Filter: (company_id > 39)
  Rows Removed by Filter: 181537
Planning time: 0.299 ms
Execution time: 1343.208 ms
