Seq Scan on movie_keyword mk  (cost=0.00..81003.12 rows=246 width=0) (actual time=2.328..3407.199 rows=2153 loops=1)
  Filter: (keyword_id = 2158)
  Rows Removed by Filter: 4521777
Planning time: 0.354 ms
Execution time: 3408.007 ms
