Hash Join  (cost=800838.32..925822.78 rows=244742 width=0) (actual time=14573.863..17228.865 rows=1633685 loops=1)
  Hash Cond: (mk.movie_id = t.id)
  ->  Seq Scan on movie_keyword mk  (cost=0.00..69693.30 rows=4523930 width=4) (actual time=0.013..1075.205 rows=4523930 loops=1)
  ->  Hash  (cost=798593.42..798593.42 rows=136792 width=8) (actual time=14572.878..14572.878 rows=141265 loops=1)
        Buckets: 131072  Batches: 2  Memory Usage: 3794kB
        ->  Hash Join  (cost=83810.17..798593.42 rows=136792 width=8) (actual time=3821.278..14520.332 rows=141265 loops=1)
              Hash Cond: (ci.movie_id = t.id)
              ->  Seq Scan on cast_info ci  (cost=0.00..705507.15 rows=350181 width=4) (actual time=2319.496..12639.028 rows=316118 loops=1)
                    Filter: (role_id > 10)
                    Rows Removed by Filter: 35928226
              ->  Hash  (cost=67604.59..67604.59 rows=987727 width=4) (actual time=1500.769..1500.769 rows=985048 loops=1)
                    Buckets: 131072  Batches: 16  Memory Usage: 3188kB
                    ->  Seq Scan on title t  (cost=0.00..67604.59 rows=987727 width=4) (actual time=0.028..1191.059 rows=985048 loops=1)
                          Filter: (kind_id < 7)
                          Rows Removed by Filter: 1543264
Planning time: 1.082 ms
Execution time: 17412.733 ms
