Hash Join  (cost=85280.32..204168.59 rows=906754 width=0) (actual time=1544.907..4659.177 rows=1181401 loops=1)
  Hash Cond: (mk.movie_id = t.id)
  ->  Seq Scan on movie_keyword mk  (cost=0.00..81003.12 rows=2128161 width=4) (actual time=0.022..1636.641 rows=2132755 loops=1)
        Filter: (keyword_id < 3943)
        Rows Removed by Filter: 2391175
  ->  Hash  (cost=67604.59..67604.59 rows=1077339 width=4) (actual time=1544.024..1544.024 rows=1074765 loops=1)
        Buckets: 131072  Batches: 16  Memory Usage: 3396kB
        ->  Seq Scan on title t  (cost=0.00..67604.59 rows=1077339 width=4) (actual time=0.018..1177.764 rows=1074765 loops=1)
              Filter: (production_year < 2001)
              Rows Removed by Filter: 1453547
Planning time: 0.740 ms
Execution time: 4799.484 ms
