Hash Join  (cost=168176.83..673893.71 rows=2428295 width=0) (actual time=3961.898..16419.028 rows=1452284 loops=1)
  Hash Cond: (mi.movie_id = t.id)
  ->  Seq Scan on movie_info mi  (cost=0.00..309384.22 rows=14739122 width=4) (actual time=0.025..5809.082 rows=14835720 loops=1)
  ->  Hash  (cost=161341.59..161341.59 rows=416579 width=8) (actual time=3547.190..3547.190 rows=181381 loops=1)
        Buckets: 131072  Batches: 8  Memory Usage: 1904kB
        ->  Hash Join  (cost=80549.28..161341.59 rows=416579 width=8) (actual time=1733.222..3487.919 rows=181381 loops=1)
              Hash Cond: (mc.movie_id = t.id)
              ->  Seq Scan on movie_companies mc  (cost=0.00..44881.29 rows=2609129 width=4) (actual time=0.016..936.781 rows=2609129 loops=1)
              ->  Hash  (cost=73925.90..73925.90 rows=403710 width=4) (actual time=1277.317..1277.317 rows=434218 loops=1)
                    Buckets: 131072  Batches: 8  Memory Usage: 2935kB
                    ->  Seq Scan on title t  (cost=0.00..73925.90 rows=403710 width=4) (actual time=43.054..1138.496 rows=434218 loops=1)
                          Filter: ((production_year > 2008) AND (kind_id = 7))
                          Rows Removed by Filter: 2094094
Planning time: 1.268 ms
Execution time: 16598.941 ms
