Hash Join  (cost=130921.82..530303.31 rows=218077 width=0) (actual time=2508.772..11716.291 rows=210199 loops=1)
  Hash Cond: (mi.movie_id = t.id)
  ->  Seq Scan on movie_info mi  (cost=0.00..346232.03 rows=13591652 width=4) (actual time=0.011..6432.889 rows=13631011 loops=1)
        Filter: (info_type_id < 35)
        Rows Removed by Filter: 1204709
  ->  Hash  (cost=130414.69..130414.69 rows=40570 width=8) (actual time=2507.397..2507.397 rows=17784 loops=1)
        Buckets: 65536  Batches: 1  Memory Usage: 1207kB
        ->  Hash Join  (cost=74050.79..130414.69 rows=40570 width=8) (actual time=1447.574..2501.004 rows=17784 loops=1)
              Hash Cond: (mc.movie_id = t.id)
              ->  Seq Scan on movie_companies mc  (cost=0.00..51404.11 rows=261092 width=4) (actual time=0.029..880.916 rows=257599 loops=1)
                    Filter: (company_id < 128)
                    Rows Removed by Filter: 2351530
              ->  Hash  (cost=67604.59..67604.59 rows=392896 width=4) (actual time=1445.571..1445.571 rows=391666 loops=1)
                    Buckets: 131072  Batches: 8  Memory Usage: 2753kB
                    ->  Seq Scan on title t  (cost=0.00..67604.59 rows=392896 width=4) (actual time=0.016..1033.657 rows=391666 loops=1)
                          Filter: (production_year > 2010)
                          Rows Removed by Filter: 2136646
Planning time: 1.119 ms
Execution time: 11746.030 ms
