Hash Join  (cost=190230.21..1474884.24 rows=18398384 width=0) (actual time=4140.378..50539.560 rows=38028869 loops=1)
  Hash Cond: (ci.movie_id = t.id)
  ->  Seq Scan on cast_info ci  (cost=0.00..705507.15 rows=33709877 width=4) (actual time=0.027..16840.679 rows=33780694 loops=1)
        Filter: (person_id > 238885)
        Rows Removed by Filter: 2463650
  ->  Hash  (cost=167588.78..167588.78 rows=1380035 width=8) (actual time=4139.409..4139.409 rows=1380035 loops=1)
        Buckets: 131072  Batches: 32  Memory Usage: 2708kB
        ->  Hash Join  (cost=102767.86..167588.78 rows=1380035 width=8) (actual time=1914.967..3763.748 rows=1380035 loops=1)
              Hash Cond: (mi_idx.movie_id = t.id)
              ->  Seq Scan on movie_info_idx mi_idx  (cost=0.00..21735.35 rows=1380035 width=4) (actual time=0.016..424.556 rows=1380035 loops=1)
              ->  Hash  (cost=61283.27..61283.27 rows=2528527 width=4) (actual time=1912.991..1912.991 rows=2528312 loops=1)
                    Buckets: 131072  Batches: 64  Memory Usage: 2415kB
                    ->  Seq Scan on title t  (cost=0.00..61283.27 rows=2528527 width=4) (actual time=0.019..1072.752 rows=2528312 loops=1)
Planning time: 1.175 ms
Execution time: 54806.694 ms
