Hash Join  (cost=439368.21..1421138.98 rows=457150 width=0) (actual time=8682.772..28214.945 rows=909909 loops=1)
  Hash Cond: (ci.movie_id = t.id)
  ->  Seq Scan on cast_info ci  (cost=0.00..614943.12 rows=36225612 width=4) (actual time=0.814..8768.745 rows=36244344 loops=1)
  ->  Hash  (cost=438969.35..438969.35 rows=31909 width=8) (actual time=8681.702..8681.702 rows=45070 loops=1)
        Buckets: 65536 (originally 32768)  Batches: 1 (originally 1)  Memory Usage: 2273kB
        ->  Hash Join  (cost=73994.33..438969.35 rows=31909 width=8) (actual time=1096.258..8654.814 rows=45070 loops=1)
              Hash Cond: (mi.movie_id = t.id)
              ->  Seq Scan on movie_info mi  (cost=0.00..309384.22 rows=14739122 width=4) (actual time=0.015..4424.635 rows=14835720 loops=1)
              ->  Hash  (cost=73925.90..73925.90 rows=5474 width=4) (actual time=1096.107..1096.107 rows=10147 loops=1)
                    Buckets: 16384 (originally 8192)  Batches: 1 (originally 1)  Memory Usage: 485kB
                    ->  Seq Scan on title t  (cost=0.00..73925.90 rows=5474 width=4) (actual time=0.100..1091.013 rows=10147 loops=1)
                          Filter: ((kind_id > 1) AND (production_year = 1978))
                          Rows Removed by Filter: 2518165
Planning time: 1.185 ms
Execution time: 28330.944 ms
