Hash Join  (cost=346731.66..1149506.20 rows=21831026 width=0) (actual time=8271.890..62023.560 rows=179756383 loops=1)
  Hash Cond: (mi.movie_id = t.id)
  ->  Seq Scan on movie_info mi  (cost=0.00..346232.03 rows=14592968 width=4) (actual time=0.015..7693.479 rows=14637966 loops=1)
        Filter: (info_type_id < 107)
        Rows Removed by Filter: 197754
  ->  Hash  (cost=284671.32..284671.32 rows=3782667 width=8) (actual time=8266.902..8266.902 rows=3776901 loops=1)
        Buckets: 131072  Batches: 64  Memory Usage: 3434kB
        ->  Hash Join  (cost=102767.86..284671.32 rows=3782667 width=8) (actual time=2041.012..7177.252 rows=3776901 loops=1)
              Hash Cond: (mk.movie_id = t.id)
              ->  Seq Scan on movie_keyword mk  (cost=0.00..81003.12 rows=3782667 width=4) (actual time=0.023..1741.568 rows=3776901 loops=1)
                    Filter: (keyword_id < 25040)
                    Rows Removed by Filter: 747029
              ->  Hash  (cost=61283.27..61283.27 rows=2528527 width=4) (actual time=2039.070..2039.070 rows=2528312 loops=1)
                    Buckets: 131072  Batches: 64  Memory Usage: 2425kB
                    ->  Seq Scan on title t  (cost=0.00..61283.27 rows=2528527 width=4) (actual time=0.015..1173.553 rows=2528312 loops=1)
Planning time: 1.350 ms
Execution time: 81124.265 ms
