Seq Scan on movie_companies mc  (cost=0.00..57926.93 rows=1088414 width=0) (actual time=392.377..1093.532 rows=976686 loops=1)
  Filter: ((company_id > 228) AND (company_type_id = 1))
  Rows Removed by Filter: 1632443
Planning time: 0.456 ms
Execution time: 1215.778 ms
