Hash Join  (cost=203145.67..1308943.79 rows=7008400 width=0) (actual time=10559.890..83722.729 rows=2997523 loops=1)
  Hash Cond: (ci.movie_id = t.id)
  ->  Seq Scan on cast_info ci  (cost=0.00..614943.12 rows=36225612 width=4) (actual time=0.017..48438.740 rows=36244344 loops=1)
  ->  Hash  (cost=195119.89..195119.89 rows=489182 width=8) (actual time=10558.375..10558.375 rows=102675 loops=1)
        Buckets: 131072  Batches: 8  Memory Usage: 1531kB
        ->  Hash Join  (cost=91879.05..195119.89 rows=489182 width=8) (actual time=5029.218..10522.899 rows=102675 loops=1)
              Hash Cond: (mk.movie_id = t.id)
              ->  Seq Scan on movie_keyword mk  (cost=0.00..81003.12 rows=1130371 width=4) (actual time=0.020..4550.624 rows=1137898 loops=1)
                    Filter: (keyword_id < 1276)
                    Rows Removed by Filter: 3386032
              ->  Hash  (cost=73925.90..73925.90 rows=1094252 width=4) (actual time=5028.159..5028.159 rows=1044222 loops=1)
                    Buckets: 131072  Batches: 16  Memory Usage: 3325kB
                    ->  Seq Scan on title t  (cost=0.00..73925.90 rows=1094252 width=4) (actual time=0.025..4569.139 rows=1044222 loops=1)
                          Filter: ((production_year < 2009) AND (kind_id = 7))
                          Rows Removed by Filter: 1484090
Planning time: 1.110 ms
Execution time: 84166.498 ms
