Hash Join  (cost=168208.68..673967.72 rows=2432311 width=0) (actual time=4750.218..23727.045 rows=28218714 loops=1)
  Hash Cond: (mi.movie_id = t.id)
  ->  Seq Scan on movie_info mi  (cost=0.00..309384.22 rows=14739122 width=4) (actual time=0.020..6161.259 rows=14835720 loops=1)
  ->  Hash  (cost=161362.83..161362.83 rows=417268 width=8) (actual time=4101.848..4101.848 rows=538974 loops=1)
        Buckets: 131072  Batches: 8  Memory Usage: 3703kB
        ->  Hash Join  (cost=80560.63..161362.83 rows=417268 width=8) (actual time=1302.217..3941.306 rows=538974 loops=1)
              Hash Cond: (mc.movie_id = t.id)
              ->  Seq Scan on movie_companies mc  (cost=0.00..44881.29 rows=2609129 width=4) (actual time=0.021..877.697 rows=2609129 loops=1)
              ->  Hash  (cost=73925.90..73925.90 rows=404378 width=4) (actual time=1301.169..1301.169 rows=296768 loops=1)
                    Buckets: 131072  Batches: 8  Memory Usage: 2332kB
                    ->  Seq Scan on title t  (cost=0.00..73925.90 rows=404378 width=4) (actual time=0.031..1206.014 rows=296768 loops=1)
                          Filter: ((production_year > 1997) AND (kind_id = 1))
                          Rows Removed by Filter: 2231544
Planning time: 1.097 ms
Execution time: 27000.223 ms
