Nested Loop  (cost=0.43..447847.04 rows=13202 width=0) (actual time=4086.606..5280.322 rows=653 loops=1)
  ->  Seq Scan on movie_info mi  (cost=0.00..346232.03 rows=17937 width=4) (actual time=4086.539..5177.090 rows=6440 loops=1)
        Filter: (info_type_id = 64)
        Rows Removed by Filter: 14829280
  ->  Index Scan using title_pkey on title t  (cost=0.43..5.66 rows=1 width=4) (actual time=0.016..0.016 rows=0 loops=6440)
        Index Cond: (id = mi.movie_id)
        Filter: (kind_id > 1)
        Rows Removed by Filter: 1
Planning time: 5.266 ms
Execution time: 5280.558 ms
