Seq Scan on movie_companies mc  (cost=0.00..57926.93 rows=689185 width=0) (actual time=278.012..1015.586 rows=437885 loops=1)
  Filter: ((company_id < 11453) AND (company_type_id = 2))
  Rows Removed by Filter: 2171244
Planning time: 0.351 ms
Execution time: 1071.087 ms
