Hash Join  (cost=171455.96..264054.57 rows=28753 width=0) (actual time=3685.595..5777.308 rows=4541 loops=1)
  Hash Cond: (mk.movie_id = t.id)
  ->  Seq Scan on movie_keyword mk  (cost=0.00..81003.12 rows=3015456 width=4) (actual time=0.023..1630.149 rows=2997123 loops=1)
        Filter: (keyword_id < 10504)
        Rows Removed by Filter: 1526807
  ->  Hash  (cost=171154.58..171154.58 rows=24110 width=8) (actual time=3680.490..3680.490 rows=5188 loops=1)
        Buckets: 32768  Batches: 1  Memory Usage: 459kB
        ->  Hash Join  (cost=102767.86..171154.58 rows=24110 width=8) (actual time=2409.324..3678.225 rows=5188 loops=1)
              Hash Cond: (mc.movie_id = t.id)
              ->  Seq Scan on movie_companies mc  (cost=0.00..57926.93 rows=24110 width=4) (actual time=0.304..910.477 rows=5188 loops=1)
                    Filter: ((company_id = 19) AND (company_type_id = 2))
                    Rows Removed by Filter: 2603941
              ->  Hash  (cost=61283.27..61283.27 rows=2528527 width=4) (actual time=2373.282..2373.282 rows=2528312 loops=1)
                    Buckets: 131072  Batches: 64  Memory Usage: 2415kB
                    ->  Seq Scan on title t  (cost=0.00..61283.27 rows=2528527 width=4) (actual time=0.014..1201.438 rows=2528312 loops=1)
Planning time: 1.163 ms
Execution time: 5778.254 ms
