Hash Join  (cost=171864.67..1253817.25 rows=5437636 width=0) (actual time=3634.417..32849.689 rows=6948100 loops=1)
  Hash Cond: (ci.movie_id = t.id)
  ->  Seq Scan on cast_info ci  (cost=0.00..705507.15 rows=27686687 width=4) (actual time=0.032..15167.464 rows=27814557 loops=1)
        Filter: (person_id > 826505)
        Rows Removed by Filter: 8429787
  ->  Hash  (cost=163717.17..163717.17 rows=496600 width=8) (actual time=3633.475..3633.475 rows=210250 loops=1)
        Buckets: 131072  Batches: 8  Memory Usage: 2036kB
        ->  Hash Join  (cost=81821.64..163717.17 rows=496600 width=8) (actual time=1303.601..3566.797 rows=210250 loops=1)
              Hash Cond: (mc.movie_id = t.id)
              ->  Seq Scan on movie_companies mc  (cost=0.00..44881.29 rows=2609129 width=4) (actual time=0.017..902.771 rows=2609129 loops=1)
              ->  Hash  (cost=73925.90..73925.90 rows=481259 width=4) (actual time=1302.571..1302.571 rows=518327 loops=1)
                    Buckets: 131072  Batches: 8  Memory Usage: 3301kB
                    ->  Seq Scan on title t  (cost=0.00..73925.90 rows=481259 width=4) (actual time=0.022..1141.621 rows=518327 loops=1)
                          Filter: ((production_year > 2007) AND (kind_id = 7))
                          Rows Removed by Filter: 2009985
Planning time: 1.216 ms
Execution time: 33656.985 ms
