Hash Join  (cost=154654.97..538510.42 rows=77562 width=0) (actual time=2953.209..9153.330 rows=5779 loops=1)
  Hash Cond: (mi.movie_id = t.id)
  ->  Seq Scan on movie_info mi  (cost=0.00..309384.22 rows=14739122 width=4) (actual time=0.021..3765.124 rows=14835720 loops=1)
  ->  Hash  (cost=154488.65..154488.65 rows=13306 width=8) (actual time=2950.147..2950.147 rows=475 loops=1)
        Buckets: 16384  Batches: 1  Memory Usage: 147kB
        ->  Hash Join  (cost=67697.55..154488.65 rows=13306 width=8) (actual time=1048.332..2949.631 rows=475 loops=1)
              Hash Cond: (mk.movie_id = t.id)
              ->  Seq Scan on movie_keyword mk  (cost=0.00..69693.30 rows=4523930 width=4) (actual time=2.805..1121.562 rows=4523930 loops=1)
              ->  Hash  (cost=67604.59..67604.59 rows=7437 width=4) (actual time=1039.225..1039.225 rows=1487 loops=1)
                    Buckets: 8192  Batches: 1  Memory Usage: 117kB
                    ->  Seq Scan on title t  (cost=0.00..67604.59 rows=7437 width=4) (actual time=0.111..1038.161 rows=1487 loops=1)
                          Filter: (production_year = 1907)
                          Rows Removed by Filter: 2526825
Planning time: 2.380 ms
Execution time: 9154.476 ms
