Hash Join  (cost=190230.21..320657.51 rows=1411974 width=0) (actual time=4437.623..8939.893 rows=5930659 loops=1)
  Hash Cond: (mk.movie_id = t.id)
  ->  Seq Scan on movie_keyword mk  (cost=0.00..81003.12 rows=2587047 width=4) (actual time=0.018..1691.415 rows=2577571 loops=1)
        Filter: (keyword_id < 6688)
        Rows Removed by Filter: 1946359
  ->  Hash  (cost=167588.78..167588.78 rows=1380035 width=8) (actual time=4436.691..4436.691 rows=1380035 loops=1)
        Buckets: 131072  Batches: 32  Memory Usage: 2726kB
        ->  Hash Join  (cost=102767.86..167588.78 rows=1380035 width=8) (actual time=2088.667..4029.615 rows=1380035 loops=1)
              Hash Cond: (mi_idx.movie_id = t.id)
              ->  Seq Scan on movie_info_idx mi_idx  (cost=0.00..21735.35 rows=1380035 width=4) (actual time=0.019..479.133 rows=1380035 loops=1)
              ->  Hash  (cost=61283.27..61283.27 rows=2528527 width=4) (actual time=2087.046..2087.046 rows=2528312 loops=1)
                    Buckets: 131072  Batches: 64  Memory Usage: 2415kB
                    ->  Seq Scan on title t  (cost=0.00..61283.27 rows=2528527 width=4) (actual time=0.015..1138.343 rows=2528312 loops=1)
Planning time: 1.130 ms
Execution time: 9639.288 ms
