Hash Join  (cost=521607.22..689777.87 rows=2624917 width=0) (actual time=10475.211..16780.377 rows=8397643 loops=1)
  Hash Cond: (mk.movie_id = t.id)
  ->  Seq Scan on movie_keyword mk  (cost=0.00..81003.12 rows=4281870 width=4) (actual time=0.020..1774.547 rows=4262997 loops=1)
        Filter: (keyword_id > 228)
        Rows Removed by Filter: 260933
  ->  Hash  (cost=496176.42..496176.42 rows=1550064 width=8) (actual time=10473.876..10473.876 rows=1533909 loops=1)
        Buckets: 131072  Batches: 32  Memory Usage: 2900kB
        ->  Hash Join  (cost=102767.86..496176.42 rows=1550064 width=8) (actual time=4394.961..9980.254 rows=1533909 loops=1)
              Hash Cond: (mi.movie_id = t.id)
              ->  Seq Scan on movie_info mi  (cost=0.00..346232.03 rows=1550064 width=4) (actual time=2463.939..5756.124 rows=1533909 loops=1)
                    Filter: (info_type_id = 3)
                    Rows Removed by Filter: 13301811
              ->  Hash  (cost=61283.27..61283.27 rows=2528527 width=4) (actual time=1929.976..1929.976 rows=2528312 loops=1)
                    Buckets: 131072  Batches: 64  Memory Usage: 2425kB
                    ->  Seq Scan on title t  (cost=0.00..61283.27 rows=2528527 width=4) (actual time=0.016..1056.764 rows=2528312 loops=1)
Planning time: 1.153 ms
Execution time: 17780.114 ms
