Hash Join  (cost=52284.99..803089.06 rows=1490 width=0) (actual time=2545.920..47078.319 rows=1519 loops=1)
  Hash Cond: (ci.movie_id = t.id)
  ->  Seq Scan on cast_info ci  (cost=0.00..614943.12 rows=36225612 width=4) (actual time=0.021..34371.108 rows=36244344 loops=1)
  ->  Hash  (cost=52283.69..52283.69 rows=104 width=8) (actual time=2516.713..2516.713 rows=280 loops=1)
        Buckets: 1024  Batches: 1  Memory Usage: 19kB
        ->  Nested Loop  (cost=0.43..52283.69 rows=104 width=8) (actual time=314.642..2516.488 rows=280 loops=1)
              ->  Seq Scan on movie_companies mc  (cost=0.00..51404.11 rows=104 width=4) (actual time=314.551..2475.477 rows=280 loops=1)
                    Filter: (company_id = 32668)
                    Rows Removed by Filter: 2608849
              ->  Index Only Scan using title_pkey on title t  (cost=0.43..8.45 rows=1 width=4) (actual time=0.144..0.145 rows=1 loops=280)
                    Index Cond: (id = mc.movie_id)
                    Heap Fetches: 280
Planning time: 1.178 ms
Execution time: 47079.046 ms
