Hash Join  (cost=89144.17..135523.04 rows=506239 width=0) (actual time=1559.099..3005.699 rows=938165 loops=1)
  Hash Cond: (mi_idx.movie_id = t.id)
  ->  Seq Scan on movie_info_idx mi_idx  (cost=0.00..21735.35 rows=1380035 width=4) (actual time=0.011..458.339 rows=1380035 loops=1)
  ->  Hash  (cost=73925.90..73925.90 rows=927541 width=4) (actual time=1558.072..1558.072 rows=892520 loops=1)
        Buckets: 131072  Batches: 16  Memory Usage: 2986kB
        ->  Seq Scan on title t  (cost=0.00..73925.90 rows=927541 width=4) (actual time=0.026..1277.955 rows=892520 loops=1)
              Filter: ((kind_id < 7) AND (production_year > 1919))
              Rows Removed by Filter: 1635792
Planning time: 4.621 ms
Execution time: 3107.931 ms
