Hash Join  (cost=69374.09..141432.70 rows=48752 width=0) (actual time=1466.464..2642.426 rows=50503 loops=1)
  Hash Cond: (mc.movie_id = t.id)
  ->  Seq Scan on movie_companies mc  (cost=0.00..57926.93 rows=1143508 width=4) (actual time=430.091..1125.923 rows=1274246 loops=1)
        Filter: ((company_id < 96031) AND (company_type_id < 2))
        Rows Removed by Filter: 1334883
  ->  Hash  (cost=67604.59..67604.59 rows=107800 width=4) (actual time=1035.462..1035.462 rows=108429 loops=1)
        Buckets: 131072  Batches: 2  Memory Usage: 2931kB
        ->  Seq Scan on title t  (cost=0.00..67604.59 rows=107800 width=4) (actual time=0.034..993.960 rows=108429 loops=1)
              Filter: (production_year = 2006)
              Rows Removed by Filter: 2419883
Planning time: 0.857 ms
Execution time: 2649.674 ms
