Hash Join  (cost=218825.62..772790.72 rows=6950117 width=0) (actual time=4886.602..29075.042 rows=45094039 loops=1)
  Hash Cond: (mi.movie_id = t.id)
  ->  Seq Scan on movie_info mi  (cost=0.00..309384.22 rows=14739122 width=4) (actual time=0.019..6103.782 rows=14835720 loops=1)
  ->  Hash  (cost=199263.78..199263.78 rows=1192307 width=8) (actual time=4885.819..4885.819 rows=1131906 loops=1)
        Buckets: 131072  Batches: 16  Memory Usage: 3839kB
        ->  Hash Join  (cost=102767.86..199263.78 rows=1192307 width=8) (actual time=1979.224..4515.810 rows=1131906 loops=1)
              Hash Cond: (mc.movie_id = t.id)
              ->  Seq Scan on movie_companies mc  (cost=0.00..57926.93 rows=1192307 width=4) (actual time=0.016..1128.739 rows=1131906 loops=1)
                    Filter: ((company_id > 34) AND (company_type_id = 1))
                    Rows Removed by Filter: 1477223
              ->  Hash  (cost=61283.27..61283.27 rows=2528527 width=4) (actual time=1978.188..1978.188 rows=2528312 loops=1)
                    Buckets: 131072  Batches: 64  Memory Usage: 2415kB
                    ->  Seq Scan on title t  (cost=0.00..61283.27 rows=2528527 width=4) (actual time=0.017..1116.583 rows=2528312 loops=1)
Planning time: 1.175 ms
Execution time: 34263.741 ms
