Seq Scan on cast_info ci  (cost=0.00..705507.15 rows=26839673 width=0) (actual time=0.017..13099.528 rows=27013512 loops=1)
  Filter: (person_id > 908286)
  Rows Removed by Filter: 9230832
Planning time: 0.302 ms
Execution time: 16346.749 ms
