Seq Scan on movie_companies mc  (cost=0.00..51404.11 rows=104 width=0) (actual time=89.033..775.444 rows=282 loops=1)
  Filter: (company_id = 19559)
  Rows Removed by Filter: 2608847
Planning time: 0.368 ms
Execution time: 775.575 ms
