Hash Join  (cost=886753.15..1373455.14 rows=646206 width=0) (actual time=13070.608..24060.212 rows=794714 loops=1)
  Hash Cond: (mi.movie_id = t.id)
  ->  Seq Scan on movie_info mi  (cost=0.00..309384.22 rows=14739122 width=4) (actual time=0.013..5889.635 rows=14835720 loops=1)
  ->  Hash  (cost=884933.42..884933.42 rows=110858 width=8) (actual time=13069.742..13069.742 rows=50715 loops=1)
        Buckets: 131072  Batches: 2  Memory Usage: 2017kB
        ->  Hash Join  (cost=80562.70..884933.42 rows=110858 width=8) (actual time=2193.288..13050.884 rows=50715 loops=1)
              Hash Cond: (ci.movie_id = t.id)
              ->  Seq Scan on cast_info ci  (cost=0.00..796071.18 rows=354924 width=4) (actual time=673.234..11325.101 rows=120154 loops=1)
                    Filter: ((person_id < 210698) AND (role_id > 8))
                    Rows Removed by Filter: 36124190
              ->  Hash  (cost=67604.59..67604.59 rows=789769 width=4) (actual time=1519.242..1519.242 rows=784926 loops=1)
                    Buckets: 131072  Batches: 16  Memory Usage: 2749kB
                    ->  Seq Scan on title t  (cost=0.00..67604.59 rows=789769 width=4) (actual time=0.028..1264.164 rows=784926 loops=1)
                          Filter: (production_year > 2007)
                          Rows Removed by Filter: 1743386
Planning time: 2.673 ms
Execution time: 24163.637 ms
