Hash Join  (cost=127804.61..246931.20 rows=297201 width=0) (actual time=3038.022..6382.302 rows=1758378 loops=1)
  Hash Cond: (mk.movie_id = t.id)
  ->  Seq Scan on movie_keyword mk  (cost=0.00..81003.12 rows=2953989 width=4) (actual time=0.025..1714.646 rows=2936500 loops=1)
        Filter: (keyword_id < 9790)
        Rows Removed by Filter: 1587430
  ->  Hash  (cost=123630.67..123630.67 rows=254395 width=8) (actual time=3036.587..3036.587 rows=350758 loops=1)
        Buckets: 131072 (originally 131072)  Batches: 8 (originally 4)  Memory Usage: 3073kB
        ->  Hash Join  (cost=81573.24..123630.67 rows=254395 width=8) (actual time=1453.087..2928.296 rows=350758 loops=1)
              Hash Cond: (mi_idx.movie_id = t.id)
              ->  Seq Scan on movie_info_idx mi_idx  (cost=0.00..21735.35 rows=1380035 width=4) (actual time=0.015..473.368 rows=1380035 loops=1)
              ->  Hash  (cost=73925.90..73925.90 rows=466107 width=4) (actual time=1451.980..1451.980 rows=396359 loops=1)
                    Buckets: 131072  Batches: 8  Memory Usage: 2762kB
                    ->  Seq Scan on title t  (cost=0.00..73925.90 rows=466107 width=4) (actual time=0.025..1323.292 rows=396359 loops=1)
                          Filter: ((kind_id < 7) AND (production_year > 2003))
                          Rows Removed by Filter: 2131953
Planning time: 2.946 ms
Execution time: 6581.809 ms
