Hash Join  (cost=1398772.01..2834418.44 rows=70587458 width=0) (actual time=23810.359..58810.523 rows=80024027 loops=1)
  Hash Cond: (mi.movie_id = t.id)
  ->  Seq Scan on movie_info mi  (cost=0.00..309384.22 rows=14739122 width=4) (actual time=0.019..6974.186 rows=14835720 loops=1)
  ->  Hash  (cost=1200101.19..1200101.19 rows=12109425 width=8) (actual time=23807.769..23807.769 rows=5894153 loops=1)
        Buckets: 131072  Batches: 256  Memory Usage: 1994kB
        ->  Hash Join  (cost=102767.86..1200101.19 rows=12109425 width=8) (actual time=5239.728..22056.260 rows=5894153 loops=1)
              Hash Cond: (ci.movie_id = t.id)
              ->  Seq Scan on cast_info ci  (cost=0.00..796071.18 rows=12109425 width=4) (actual time=3225.577..14619.678 rows=5894153 loops=1)
                    Filter: ((person_id < 1847443) AND (role_id > 1))
                    Rows Removed by Filter: 30350191
              ->  Hash  (cost=61283.27..61283.27 rows=2528527 width=4) (actual time=2012.727..2012.727 rows=2528312 loops=1)
                    Buckets: 131072  Batches: 64  Memory Usage: 2415kB
                    ->  Seq Scan on title t  (cost=0.00..61283.27 rows=2528527 width=4) (actual time=0.020..1149.578 rows=2528312 loops=1)
Planning time: 1.178 ms
Execution time: 67757.814 ms
