Hash Join  (cost=101210.02..208658.64 rows=2113568 width=0) (actual time=2640.674..5737.802 rows=1873421 loops=1)
  Hash Cond: (mc.movie_id = t.id)
  ->  Seq Scan on movie_companies mc  (cost=0.00..44881.29 rows=2609129 width=4) (actual time=0.013..964.665 rows=2609129 loops=1)
  ->  Hash  (cost=67604.59..67604.59 rows=2048275 width=4) (actual time=2639.536..2639.536 rows=2046723 loops=1)
        Buckets: 131072  Batches: 32  Memory Usage: 3276kB
        ->  Seq Scan on title t  (cost=0.00..67604.59 rows=2048275 width=4) (actual time=0.020..1245.631 rows=2046723 loops=1)
              Filter: (production_year > 1972)
              Rows Removed by Filter: 481589
Planning time: 0.697 ms
Execution time: 5958.610 ms
