Hash Join  (cost=453014.12..580263.04 rows=430589 width=0) (actual time=6853.428..9884.242 rows=213603 loops=1)
  Hash Cond: (mk.movie_id = t.id)
  ->  Seq Scan on movie_keyword mk  (cost=0.00..69693.30 rows=4523930 width=4) (actual time=3.607..1364.479 rows=4523930 loops=1)
  ->  Hash  (cost=449064.79..449064.79 rows=240666 width=8) (actual time=6845.665..6845.665 rows=66619 loops=1)
        Buckets: 131072  Batches: 4  Memory Usage: 1676kB
        ->  Hash Join  (cost=89240.26..449064.79 rows=240666 width=8) (actual time=5013.520..6823.209 rows=66619 loops=1)
              Hash Cond: (mi.movie_id = t.id)
              ->  Seq Scan on movie_info mi  (cost=0.00..346232.03 rows=651960 width=4) (actual time=3420.965..4713.302 rows=660923 loops=1)
                    Filter: (info_type_id = 18)
                    Rows Removed by Filter: 14174797
              ->  Hash  (cost=73925.90..73925.90 rows=933388 width=4) (actual time=1591.654..1591.654 rows=1024206 loops=1)
                    Buckets: 131072  Batches: 16  Memory Usage: 3291kB
                    ->  Seq Scan on title t  (cost=0.00..73925.90 rows=933388 width=4) (actual time=0.024..1281.823 rows=1024206 loops=1)
                          Filter: ((production_year > 1997) AND (kind_id = 7))
                          Rows Removed by Filter: 1504106
Planning time: 1.104 ms
Execution time: 9911.304 ms
