Hash Join  (cost=95036.86..846624.74 rows=79868 width=0) (actual time=2348.277..18270.097 rows=12152 loops=1)
  Hash Cond: (ci.movie_id = t.id)
  ->  Seq Scan on cast_info ci  (cost=0.00..614943.12 rows=36225612 width=4) (actual time=0.013..9043.370 rows=36244344 loops=1)
  ->  Hash  (cost=94967.17..94967.17 rows=5575 width=8) (actual time=1765.270..1765.270 rows=3346 loops=1)
        Buckets: 8192  Batches: 1  Memory Usage: 195kB
        ->  Hash Join  (cost=67983.86..94967.17 rows=5575 width=8) (actual time=1129.028..1763.674 rows=3346 loops=1)
              Hash Cond: (mi_idx.movie_id = t.id)
              ->  Seq Scan on movie_info_idx mi_idx  (cost=0.00..25185.44 rows=464566 width=4) (actual time=0.023..495.644 rows=459925 loops=1)
                    Filter: (info_type_id = 101)
                    Rows Removed by Filter: 920110
              ->  Hash  (cost=67604.59..67604.59 rows=30342 width=4) (actual time=1128.772..1128.772 rows=29105 loops=1)
                    Buckets: 32768  Batches: 1  Memory Usage: 1280kB
                    ->  Seq Scan on title t  (cost=0.00..67604.59 rows=30342 width=4) (actual time=303.025..1117.723 rows=29105 loops=1)
                          Filter: (production_year < 1911)
                          Rows Removed by Filter: 2499207
Planning time: 1.127 ms
Execution time: 18273.279 ms
