Hash Join  (cost=709678.15..765882.98 rows=253 width=0) (actual time=32871.468..35411.931 rows=31 loops=1)
  Hash Cond: (mc.movie_id = t.id)
  ->  Seq Scan on movie_companies mc  (cost=0.00..51404.11 rows=1279517 width=4) (actual time=0.011..2374.478 rows=1274246 loops=1)
        Filter: (company_type_id = 1)
        Rows Removed by Filter: 1334883
  ->  Hash  (cost=709671.90..709671.90 rows=500 width=8) (actual time=32817.876..32817.876 rows=32 loops=1)
        Buckets: 1024  Batches: 1  Memory Usage: 10kB
        ->  Nested Loop  (cost=0.43..709671.90 rows=500 width=8) (actual time=17029.587..32817.812 rows=32 loops=1)
              ->  Seq Scan on cast_info ci  (cost=0.00..705507.15 rows=500 width=4) (actual time=17029.430..32808.150 rows=32 loops=1)
                    Filter: (person_id = 1451019)
                    Rows Removed by Filter: 36244312
              ->  Index Only Scan using title_pkey on title t  (cost=0.43..8.32 rows=1 width=4) (actual time=0.297..0.298 rows=1 loops=32)
                    Index Cond: (id = ci.movie_id)
                    Heap Fetches: 32
Planning time: 1.214 ms
Execution time: 35412.039 ms
