Hash Join  (cost=58375.71..145034.13 rows=38 width=0) (actual time=1930.644..2736.937 rows=209 loops=1)
  Hash Cond: (mk.movie_id = t.id)
  ->  Seq Scan on movie_keyword mk  (cost=0.00..69693.30 rows=4523930 width=4) (actual time=0.022..1061.118 rows=4523930 loops=1)
  ->  Hash  (cost=58375.45..58375.45 rows=21 width=8) (actual time=891.407..891.407 rows=202 loops=1)
        Buckets: 1024  Batches: 1  Memory Usage: 16kB
        ->  Nested Loop  (cost=0.43..58375.45 rows=21 width=8) (actual time=72.849..891.288 rows=202 loops=1)
              ->  Seq Scan on movie_companies mc  (cost=0.00..57926.93 rows=53 width=4) (actual time=72.781..880.254 rows=337 loops=1)
                    Filter: ((company_id = 610) AND (company_type_id = 2))
                    Rows Removed by Filter: 2608792
              ->  Index Scan using title_pkey on title t  (cost=0.43..8.45 rows=1 width=4) (actual time=0.032..0.032 rows=1 loops=337)
                    Index Cond: (id = mc.movie_id)
                    Filter: ((kind_id > 1) AND (production_year > 2000))
                    Rows Removed by Filter: 0
Planning time: 1.125 ms
Execution time: 2737.118 ms
