Hash Join  (cost=228554.68..790939.46 rows=6012494 width=0) (actual time=5645.637..32663.494 rows=59348450 loops=1)
  Hash Cond: (mi.movie_id = t.id)
  ->  Seq Scan on movie_info mi  (cost=0.00..309384.22 rows=14739122 width=4) (actual time=0.028..5958.233 rows=14835720 loops=1)
  ->  Hash  (cost=211631.48..211631.48 rows=1031456 width=8) (actual time=5642.504..5642.504 rows=1419808 loops=1)
        Buckets: 131072 (originally 131072)  Batches: 32 (originally 16)  Memory Usage: 3073kB
        ->  Hash Join  (cost=77062.89..211631.48 rows=1031456 width=8) (actual time=1449.999..5182.669 rows=1419808 loops=1)
              Hash Cond: (mk.movie_id = t.id)
              ->  Seq Scan on movie_keyword mk  (cost=0.00..69693.30 rows=4523930 width=4) (actual time=0.019..1385.439 rows=4523930 loops=1)
              ->  Hash  (cost=67604.59..67604.59 rows=576504 width=4) (actual time=1449.347..1449.347 rows=568449 loops=1)
                    Buckets: 131072  Batches: 8  Memory Usage: 3519kB
                    ->  Seq Scan on title t  (cost=0.00..67604.59 rows=576504 width=4) (actual time=0.030..1254.767 rows=568449 loops=1)
                          Filter: (production_year < 1984)
                          Rows Removed by Filter: 1959863
Planning time: 1.172 ms
Execution time: 39294.608 ms
