Seq Scan on movie_companies mc  (cost=0.00..57926.93 rows=53 width=0) (actual time=493.679..750.356 rows=48 loops=1)
  Filter: ((company_id = 23039) AND (company_type_id = 2))
  Rows Removed by Filter: 2609081
Planning time: 0.380 ms
Execution time: 750.461 ms
