Hash Join  (cost=190230.21..275763.94 rows=921509 width=0) (actual time=9166.138..15641.578 rows=2762481 loops=1)
  Hash Cond: (mc.movie_id = t.id)
  ->  Seq Scan on movie_companies mc  (cost=0.00..51404.11 rows=1688406 width=4) (actual time=0.025..3580.655 rows=1680390 loops=1)
        Filter: (company_id < 19576)
        Rows Removed by Filter: 928739
  ->  Hash  (cost=167588.78..167588.78 rows=1380035 width=8) (actual time=9164.956..9164.956 rows=1380035 loops=1)
        Buckets: 131072  Batches: 32  Memory Usage: 2708kB
        ->  Hash Join  (cost=102767.86..167588.78 rows=1380035 width=8) (actual time=4939.965..8631.243 rows=1380035 loops=1)
              Hash Cond: (mi_idx.movie_id = t.id)
              ->  Seq Scan on movie_info_idx mi_idx  (cost=0.00..21735.35 rows=1380035 width=4) (actual time=0.021..1559.626 rows=1380035 loops=1)
              ->  Hash  (cost=61283.27..61283.27 rows=2528527 width=4) (actual time=4936.038..4936.038 rows=2528312 loops=1)
                    Buckets: 131072  Batches: 64  Memory Usage: 2415kB
                    ->  Seq Scan on title t  (cost=0.00..61283.27 rows=2528527 width=4) (actual time=0.010..3368.191 rows=2528312 loops=1)
Planning time: 1.162 ms
Execution time: 16090.388 ms
