Hash Join  (cost=489685.40..1543952.58 rows=7393668 width=0) (actual time=9563.764..40541.427 rows=7534826 loops=1)
  Hash Cond: (ci.movie_id = t.id)
  ->  Seq Scan on cast_info ci  (cost=0.00..705507.15 rows=23499554 width=4) (actual time=0.025..15498.880 rows=23573656 loops=1)
        Filter: (role_id > 1)
        Rows Removed by Filter: 12670688
  ->  Hash  (cost=476633.02..476633.02 rows=795551 width=8) (actual time=9562.690..9562.690 rows=602355 loops=1)
        Buckets: 131072  Batches: 16  Memory Usage: 2493kB
        ->  Hash Join  (cost=100032.85..476633.02 rows=795551 width=8) (actual time=5452.571..9393.382 rows=602355 loops=1)
              Hash Cond: (mi.movie_id = t.id)
              ->  Seq Scan on movie_info mi  (cost=0.00..346232.03 rows=1264125 width=4) (actual time=3235.108..6060.879 rows=1288928 loops=1)
                    Filter: (info_type_id = 2)
                    Rows Removed by Filter: 13546792
              ->  Hash  (cost=73925.90..73925.90 rows=1591276 width=4) (actual time=2216.545..2216.545 rows=1709435 loops=1)
                    Buckets: 131072  Batches: 32  Memory Usage: 2913kB
                    ->  Seq Scan on title t  (cost=0.00..73925.90 rows=1591276 width=4) (actual time=0.029..1648.322 rows=1709435 loops=1)
                          Filter: ((kind_id > 1) AND (production_year > 1964))
                          Rows Removed by Filter: 818877
Planning time: 1.192 ms
Execution time: 41443.998 ms
