Seq Scan on movie_keyword mk  (cost=0.00..81003.12 rows=562319 width=0) (actual time=7.104..1478.007 rows=559550 loops=1)
  Filter: (keyword_id > 32885)
  Rows Removed by Filter: 3964380
Planning time: 0.324 ms
Execution time: 1550.670 ms
