Seq Scan on movie_companies mc  (cost=0.00..57926.93 rows=698279 width=0) (actual time=0.030..1051.641 rows=440679 loops=1)
  Filter: ((company_id < 11649) AND (company_type_id > 1))
  Rows Removed by Filter: 2168450
Planning time: 1.892 ms
Execution time: 1106.636 ms
