Hash Join  (cost=115627.01..484681.49 rows=439855 width=0) (actual time=2348.899..13568.014 rows=1701056 loops=1)
  Hash Cond: (mi.movie_id = t.id)
  ->  Seq Scan on movie_info mi  (cost=0.00..309384.22 rows=14739122 width=4) (actual time=0.021..4847.835 rows=14835720 loops=1)
  ->  Hash  (cost=114683.79..114683.79 rows=75458 width=8) (actual time=2347.942..2347.942 rows=86388 loops=1)
        Buckets: 131072 (originally 131072)  Batches: 2 (originally 1)  Memory Usage: 3073kB
        ->  Hash Join  (cost=77347.14..114683.79 rows=75458 width=8) (actual time=1451.331..2318.024 rows=86388 loops=1)
              Hash Cond: (mi_idx.movie_id = t.id)
              ->  Seq Scan on movie_info_idx mi_idx  (cost=0.00..25185.44 rows=915101 width=4) (actual time=0.010..537.611 rows=919850 loops=1)
                    Filter: (info_type_id < 101)
                    Rows Removed by Filter: 460185
              ->  Hash  (cost=73925.90..73925.90 rows=208499 width=4) (actual time=1391.769..1391.769 rows=182393 loops=1)
                    Buckets: 131072  Batches: 4  Memory Usage: 2628kB
                    ->  Seq Scan on title t  (cost=0.00..73925.90 rows=208499 width=4) (actual time=330.006..1330.952 rows=182393 loops=1)
                          Filter: ((production_year > 2007) AND (kind_id = 1))
                          Rows Removed by Filter: 2345919
Planning time: 1.192 ms
Execution time: 13763.995 ms
