Hash Join  (cost=102767.86..184610.49 rows=583366 width=0) (actual time=2106.978..4469.539 rows=868480 loops=1)
  Hash Cond: (mc.movie_id = t.id)
  ->  Seq Scan on movie_companies mc  (cost=0.00..57926.93 rows=583366 width=4) (actual time=255.182..1022.735 rows=868480 loops=1)
        Filter: ((company_id > 13063) AND (company_type_id > 1))
        Rows Removed by Filter: 1740649
  ->  Hash  (cost=61283.27..61283.27 rows=2528527 width=4) (actual time=1850.531..1850.531 rows=2528312 loops=1)
        Buckets: 131072  Batches: 64  Memory Usage: 2415kB
        ->  Seq Scan on title t  (cost=0.00..61283.27 rows=2528527 width=4) (actual time=1.446..1019.751 rows=2528312 loops=1)
Planning time: 0.712 ms
Execution time: 4571.272 ms
