Seq Scan on movie_companies mc  (cost=0.00..57926.93 rows=51 width=0) (actual time=13.731..952.024 rows=144 loops=1)
  Filter: ((company_id = 851) AND (company_type_id = 1))
  Rows Removed by Filter: 2608985
Planning time: 0.448 ms
Execution time: 952.171 ms
