Seq Scan on movie_keyword mk  (cost=0.00..81003.12 rows=1721545 width=0) (actual time=0.025..1467.628 rows=1724491 loops=1)
  Filter: (keyword_id < 2791)
  Rows Removed by Filter: 2799439
Planning time: 0.327 ms
Execution time: 1689.989 ms
