Hash Join  (cost=127973.36..618445.73 rows=999646 width=0) (actual time=3007.910..14820.943 rows=666568 loops=1)
  Hash Cond: (mi.movie_id = t.id)
  ->  Seq Scan on movie_info mi  (cost=0.00..309384.22 rows=14739122 width=4) (actual time=0.022..6324.149 rows=14835720 loops=1)
  ->  Hash  (cost=125159.73..125159.73 rows=171491 width=8) (actual time=2434.809..2434.809 rows=86047 loops=1)
        Buckets: 131072  Batches: 4  Memory Usage: 1863kB
        ->  Hash Join  (cost=89240.26..125159.73 rows=171491 width=8) (actual time=1581.611..2405.602 rows=86047 loops=1)
              Hash Cond: (mi_idx.movie_id = t.id)
              ->  Seq Scan on movie_info_idx mi_idx  (cost=0.00..25185.44 rows=464566 width=4) (actual time=0.014..518.605 rows=459925 loops=1)
                    Filter: (info_type_id = 101)
                    Rows Removed by Filter: 920110
              ->  Hash  (cost=73925.90..73925.90 rows=933388 width=4) (actual time=1472.660..1472.660 rows=1024206 loops=1)
                    Buckets: 131072  Batches: 16  Memory Usage: 3285kB
                    ->  Seq Scan on title t  (cost=0.00..73925.90 rows=933388 width=4) (actual time=0.034..1173.986 rows=1024206 loops=1)
                          Filter: ((production_year > 1997) AND (kind_id = 7))
                          Rows Removed by Filter: 1504106
Planning time: 1.186 ms
Execution time: 14900.856 ms
