Seq Scan on movie_keyword mk  (cost=0.00..81003.12 rows=59666 width=0) (actual time=0.025..1205.983 rows=56471 loops=1)
  Filter: (keyword_id > 96640)
  Rows Removed by Filter: 4467459
Planning time: 0.306 ms
Execution time: 1214.456 ms
