Hash Join  (cost=112270.47..167274.20 rows=33821 width=0) (actual time=1951.860..3202.681 rows=79356 loops=1)
  Hash Cond: (mc.movie_id = t.id)
  ->  Seq Scan on movie_companies mc  (cost=0.00..44881.29 rows=2609129 width=4) (actual time=0.016..630.719 rows=2609129 loops=1)
  ->  Hash  (cost=111860.77..111860.77 rows=32776 width=8) (actual time=1951.408..1951.408 rows=25736 loops=1)
        Buckets: 65536  Batches: 1  Memory Usage: 1518kB
        ->  Hash Join  (cost=75411.94..111860.77 rows=32776 width=8) (actual time=1092.423..1941.694 rows=25736 loops=1)
              Hash Cond: (mi_idx.movie_id = t.id)
              ->  Seq Scan on movie_info_idx mi_idx  (cost=0.00..25185.44 rows=915101 width=4) (actual time=0.023..518.021 rows=919850 loops=1)
                    Filter: (info_type_id < 101)
                    Rows Removed by Filter: 460185
              ->  Hash  (cost=73925.90..73925.90 rows=90563 width=4) (actual time=1091.656..1091.656 rows=80990 loops=1)
                    Buckets: 131072  Batches: 2  Memory Usage: 2450kB
                    ->  Seq Scan on title t  (cost=0.00..73925.90 rows=90563 width=4) (actual time=0.127..1061.453 rows=80990 loops=1)
                          Filter: ((kind_id < 7) AND (production_year > 2011))
                          Rows Removed by Filter: 2447322
Planning time: 1.166 ms
Execution time: 3213.687 ms
