Nested Loop  (cost=0.43..709671.90 rows=500 width=0) (actual time=313.319..10511.664 rows=144 loops=1)
  ->  Seq Scan on cast_info ci  (cost=0.00..705507.15 rows=500 width=4) (actual time=313.228..10508.992 rows=144 loops=1)
        Filter: (person_id = 254125)
        Rows Removed by Filter: 36244200
  ->  Index Only Scan using title_pkey on title t  (cost=0.43..8.32 rows=1 width=4) (actual time=0.017..0.017 rows=1 loops=144)
        Index Cond: (id = ci.movie_id)
        Heap Fetches: 144
Planning time: 8.386 ms
Execution time: 10511.794 ms
