Seq Scan on movie_companies mc  (cost=0.00..57926.93 rows=411341 width=0) (actual time=53.839..870.794 rows=735820 loops=1)
  Filter: ((company_id > 28795) AND (company_type_id > 1))
  Rows Removed by Filter: 1873309
Planning time: 0.337 ms
Execution time: 957.749 ms
