Hash Join  (cost=74369.53..133233.44 rows=3380 width=0) (actual time=744.948..1277.886 rows=3187 loops=1)
  Hash Cond: (mc.movie_id = t.id)
  ->  Seq Scan on movie_companies mc  (cost=0.00..57926.93 rows=240847 width=4) (actual time=0.028..458.066 rows=355623 loops=1)
        Filter: ((company_id < 426) AND (company_type_id < 2))
        Rows Removed by Filter: 2253506
  ->  Hash  (cost=73925.90..73925.90 rows=35490 width=4) (actual time=744.558..744.558 rows=39698 loops=1)
        Buckets: 65536  Batches: 1  Memory Usage: 1908kB
        ->  Seq Scan on title t  (cost=0.00..73925.90 rows=35490 width=4) (actual time=0.019..731.603 rows=39698 loops=1)
              Filter: ((kind_id = 7) AND (production_year = 2001))
              Rows Removed by Filter: 2488614
Planning time: 0.758 ms
Execution time: 1278.398 ms
