Hash Join  (cost=67697.55..96356.48 rows=2703 width=0) (actual time=1023.597..1745.768 rows=2083 loops=1)
  Hash Cond: (mi_idx.movie_id = t.id)
  ->  Seq Scan on movie_info_idx mi_idx  (cost=0.00..25185.44 rows=919057 width=4) (actual time=0.371..589.252 rows=920110 loops=1)
        Filter: (info_type_id > 99)
        Rows Removed by Filter: 459925
  ->  Hash  (cost=67604.59..67604.59 rows=7437 width=4) (actual time=1016.406..1016.406 rows=2181 loops=1)
        Buckets: 8192  Batches: 1  Memory Usage: 141kB
        ->  Seq Scan on title t  (cost=0.00..67604.59 rows=7437 width=4) (actual time=137.497..1015.199 rows=2181 loops=1)
              Filter: (production_year = 1942)
              Rows Removed by Filter: 2526131
Planning time: 0.716 ms
Execution time: 1746.237 ms
