Seq Scan on movie_companies mc  (cost=0.00..57926.93 rows=766077 width=0) (actual time=941.490..2639.785 rows=987227 loops=1)
  Filter: ((company_id > 7500) AND (company_type_id = 2))
  Rows Removed by Filter: 1621902
Planning time: 0.403 ms
Execution time: 2813.315 ms
