Hash Join  (cost=74173.24..129042.95 rows=20418 width=0) (actual time=1132.162..2382.209 rows=31698 loops=1)
  Hash Cond: (mc.movie_id = t.id)
  ->  Seq Scan on movie_companies mc  (cost=0.00..44881.29 rows=2609129 width=4) (actual time=0.028..645.761 rows=2609129 loops=1)
  ->  Hash  (cost=73925.90..73925.90 rows=19787 width=4) (actual time=1131.826..1131.826 rows=15791 loops=1)
        Buckets: 32768  Batches: 1  Memory Usage: 812kB
        ->  Seq Scan on title t  (cost=0.00..73925.90 rows=19787 width=4) (actual time=0.040..1124.600 rows=15791 loops=1)
              Filter: ((kind_id < 7) AND (production_year = 1999))
              Rows Removed by Filter: 2512521
Planning time: 0.721 ms
Execution time: 2387.775 ms
