Hash Join  (cost=171161.04..310803.61 rows=1447853 width=0) (actual time=4333.162..9791.587 rows=6804342 loops=1)
  Hash Cond: (mk.movie_id = t.id)
  ->  Seq Scan on movie_keyword mk  (cost=0.00..69693.30 rows=4523930 width=4) (actual time=0.013..1497.597 rows=4523930 loops=1)
  ->  Hash  (cost=157883.57..157883.57 rows=809238 width=8) (actual time=4332.023..4332.023 rows=873674 loops=1)
        Buckets: 131072  Batches: 16  Memory Usage: 3174kB
        ->  Hash Join  (cost=104131.46..157883.57 rows=809238 width=8) (actual time=2111.679..4019.454 rows=873674 loops=1)
              Hash Cond: (mi_idx.movie_id = t.id)
              ->  Seq Scan on movie_info_idx mi_idx  (cost=0.00..25185.44 rows=919057 width=4) (actual time=0.039..551.730 rows=920110 loops=1)
                    Filter: (info_type_id > 99)
                    Rows Removed by Filter: 459925
              ->  Hash  (cost=67604.59..67604.59 rows=2226390 width=4) (actual time=2110.759..2110.759 rows=2224569 loops=1)
                    Buckets: 131072  Batches: 32  Memory Usage: 3463kB
                    ->  Seq Scan on title t  (cost=0.00..67604.59 rows=2226390 width=4) (actual time=0.018..1374.854 rows=2224569 loops=1)
                          Filter: (production_year < 2012)
                          Rows Removed by Filter: 303743
Planning time: 1.155 ms
Execution time: 10614.749 ms
