Seq Scan on cast_info ci  (cost=0.00..796071.18 rows=5096193 width=0) (actual time=9002.140..14403.639 rows=7197782 loops=1)
  Filter: ((person_id > 1641776) AND (role_id > 4))
  Rows Removed by Filter: 29046562
Planning time: 0.368 ms
Execution time: 15309.489 ms
