Hash Join  (cost=126490.80..1190249.52 rows=2915960 width=0) (actual time=2506.125..34233.106 rows=8494365 loops=1)
  Hash Cond: (ci.movie_id = t.id)
  ->  Seq Scan on cast_info ci  (cost=0.00..614943.12 rows=36225612 width=4) (actual time=0.015..12958.594 rows=36244344 loops=1)
  ->  Hash  (cost=123150.65..123150.65 rows=203532 width=8) (actual time=2505.290..2505.290 rows=307121 loops=1)
        Buckets: 131072  Batches: 4  Memory Usage: 4031kB
        ->  Hash Join  (cost=83113.43..123150.65 rows=203532 width=8) (actual time=1307.650..2418.050 rows=307121 loops=1)
              Hash Cond: (mi_idx.movie_id = t.id)
              ->  Seq Scan on movie_info_idx mi_idx  (cost=0.00..25185.44 rows=919057 width=4) (actual time=0.027..534.451 rows=920110 loops=1)
                    Filter: (info_type_id > 99)
                    Rows Removed by Filter: 459925
              ->  Hash  (cost=73925.90..73925.90 rows=559962 width=4) (actual time=1306.838..1306.838 rows=477167 loops=1)
                    Buckets: 131072  Batches: 8  Memory Usage: 3118kB
                    ->  Seq Scan on title t  (cost=0.00..73925.90 rows=559962 width=4) (actual time=0.052..1155.406 rows=477167 loops=1)
                          Filter: ((kind_id < 7) AND (production_year > 1999))
                          Rows Removed by Filter: 2051145
Planning time: 1.217 ms
Execution time: 35297.395 ms
