Hash Join  (cost=130050.02..1206484.96 rows=4149979 width=0) (actual time=2485.541..34948.983 rows=13686319 loops=1)
  Hash Cond: (ci.movie_id = t.id)
  ->  Seq Scan on cast_info ci  (cost=0.00..614943.12 rows=36225612 width=4) (actual time=0.014..12436.370 rows=36244344 loops=1)
  ->  Hash  (cost=125297.20..125297.20 rows=289666 width=8) (actual time=2484.780..2484.780 rows=437026 loops=1)
        Buckets: 131072 (originally 131072)  Batches: 8 (originally 4)  Memory Usage: 3162kB
        ->  Hash Join  (cost=82634.05..125297.20 rows=289666 width=8) (actual time=1067.711..2339.684 rows=437026 loops=1)
              Hash Cond: (mi_idx.movie_id = t.id)
              ->  Seq Scan on movie_info_idx mi_idx  (cost=0.00..21735.35 rows=1380035 width=4) (actual time=0.026..464.253 rows=1380035 loops=1)
              ->  Hash  (cost=73925.90..73925.90 rows=530732 width=4) (actual time=1027.951..1027.951 rows=403730 loops=1)
                    Buckets: 131072  Batches: 8  Memory Usage: 2807kB
                    ->  Seq Scan on title t  (cost=0.00..73925.90 rows=530732 width=4) (actual time=4.163..903.392 rows=403730 loops=1)
                          Filter: ((production_year > 1975) AND (kind_id = 1))
                          Rows Removed by Filter: 2124582
Planning time: 2.097 ms
Execution time: 36553.422 ms
