Seq Scan on movie_companies mc  (cost=0.00..51404.11 rows=1374166 width=0) (actual time=0.025..917.126 rows=1361939 loops=1)
  Filter: (company_id < 11695)
  Rows Removed by Filter: 1247190
Planning time: 0.335 ms
Execution time: 1082.215 ms
