Hash Join  (cost=128753.29..215494.99 rows=8366 width=0) (actual time=3147.996..4188.897 rows=5413 loops=1)
  Hash Cond: (mk.movie_id = t.id)
  ->  Seq Scan on movie_keyword mk  (cost=0.00..69693.30 rows=4523930 width=4) (actual time=0.013..980.880 rows=4523930 loops=1)
  ->  Hash  (cost=128694.84..128694.84 rows=4676 width=8) (actual time=2392.362..2392.362 rows=5459 loops=1)
        Buckets: 8192  Batches: 1  Memory Usage: 278kB
        ->  Hash Join  (cost=73982.55..128694.84 rows=4676 width=8) (actual time=1203.318..2390.106 rows=5459 loops=1)
              Hash Cond: (mc.movie_id = t.id)
              ->  Seq Scan on movie_companies mc  (cost=0.00..44881.29 rows=2609129 width=4) (actual time=0.016..617.034 rows=2609129 loops=1)
              ->  Hash  (cost=73925.90..73925.90 rows=4532 width=4) (actual time=1199.527..1199.527 rows=11542 loops=1)
                    Buckets: 16384 (originally 8192)  Batches: 1 (originally 1)  Memory Usage: 534kB
                    ->  Seq Scan on title t  (cost=0.00..73925.90 rows=4532 width=4) (actual time=0.092..1193.798 rows=11542 loops=1)
                          Filter: ((kind_id = 7) AND (production_year = 1988))
                          Rows Removed by Filter: 2516770
Planning time: 1.104 ms
Execution time: 4189.803 ms
