Seq Scan on cast_info ci  (cost=0.00..705507.15 rows=500 width=0) (actual time=10044.605..10088.736 rows=474 loops=1)
  Filter: (person_id = 2118632)
  Rows Removed by Filter: 36243870
Planning time: 12.675 ms
Execution time: 10088.911 ms
