Seq Scan on movie_companies mc  (cost=0.00..51404.11 rows=582088 width=0) (actual time=900.056..2899.638 rows=589107 loops=1)
  Filter: (company_id > 70629)
  Rows Removed by Filter: 2020022
Planning time: 0.337 ms
Execution time: 3008.366 ms
