Hash Join  (cost=222505.82..1468889.49 rows=20693751 width=0) (actual time=5060.852..52139.368 rows=49048920 loops=1)
  Hash Cond: (ci.movie_id = t.id)
  ->  Seq Scan on cast_info ci  (cost=0.00..614943.12 rows=36225612 width=4) (actual time=0.015..13049.180 rows=36244344 loops=1)
  ->  Hash  (cost=198807.67..198807.67 rows=1444412 width=8) (actual time=5060.168..5060.168 rows=1436213 loops=1)
        Buckets: 131072  Batches: 32  Memory Usage: 2741kB
        ->  Hash Join  (cost=102767.86..198807.67 rows=1444412 width=8) (actual time=1875.807..4628.976 rows=1436213 loops=1)
              Hash Cond: (mc.movie_id = t.id)
              ->  Seq Scan on movie_companies mc  (cost=0.00..51404.11 rows=1444412 width=4) (actual time=0.023..1034.715 rows=1436213 loops=1)
                    Filter: (company_id < 12751)
                    Rows Removed by Filter: 1172916
              ->  Hash  (cost=61283.27..61283.27 rows=2528527 width=4) (actual time=1874.740..1874.740 rows=2528312 loops=1)
                    Buckets: 131072  Batches: 64  Memory Usage: 2415kB
                    ->  Seq Scan on title t  (cost=0.00..61283.27 rows=2528527 width=4) (actual time=0.015..1079.522 rows=2528312 loops=1)
Planning time: 1.209 ms
Execution time: 57646.454 ms
