Hash Join  (cost=798388.90..825300.89 rows=151 width=0) (actual time=12626.587..12746.702 rows=3 loops=1)
  Hash Cond: (mi_idx.movie_id = t.id)
  ->  Seq Scan on movie_info_idx mi_idx  (cost=0.00..21735.35 rows=1380035 width=4) (actual time=0.019..171.498 rows=1380035 loops=1)
  ->  Hash  (cost=798385.45..798385.45 rows=276 width=8) (actual time=12421.213..12421.213 rows=1 loops=1)
        Buckets: 1024  Batches: 1  Memory Usage: 9kB
        ->  Nested Loop  (cost=0.43..798385.45 rows=276 width=8) (actual time=9983.770..12421.200 rows=1 loops=1)
              ->  Seq Scan on cast_info ci  (cost=0.00..796071.18 rows=276 width=4) (actual time=9983.664..12421.091 rows=1 loops=1)
                    Filter: ((role_id < 3) AND (person_id = 272695))
                    Rows Removed by Filter: 36244343
              ->  Index Only Scan using title_pkey on title t  (cost=0.43..8.38 rows=1 width=4) (actual time=0.070..0.071 rows=1 loops=1)
                    Index Cond: (id = ci.movie_id)
                    Heap Fetches: 1
Planning time: 1.199 ms
Execution time: 12746.819 ms
