Hash Join  (cost=108223.61..163179.11 rows=28997 width=0) (actual time=1902.772..3111.075 rows=22973 loops=1)
  Hash Cond: (mc.movie_id = t.id)
  ->  Seq Scan on movie_companies mc  (cost=0.00..44881.29 rows=2609129 width=4) (actual time=0.015..641.351 rows=2609129 loops=1)
  ->  Hash  (cost=107872.35..107872.35 rows=28101 width=8) (actual time=1901.799..1901.799 rows=10963 loops=1)
        Buckets: 32768  Batches: 1  Memory Usage: 685kB
        ->  Hash Join  (cost=76435.78..107872.35 rows=28101 width=8) (actual time=1247.459..1897.497 rows=10963 loops=1)
              Hash Cond: (mi_idx.movie_id = t.id)
              ->  Seq Scan on movie_info_idx mi_idx  (cost=0.00..25185.44 rows=464566 width=4) (actual time=0.028..461.671 rows=459925 loops=1)
                    Filter: (info_type_id = 101)
                    Rows Removed by Filter: 920110
              ->  Hash  (cost=73925.90..73925.90 rows=152950 width=4) (actual time=1240.151..1240.151 rows=157522 loops=1)
                    Buckets: 131072  Batches: 2  Memory Usage: 3795kB
                    ->  Seq Scan on title t  (cost=0.00..73925.90 rows=152950 width=4) (actual time=0.017..1182.804 rows=157522 loops=1)
                          Filter: ((kind_id > 3) AND (production_year > 2011))
                          Rows Removed by Filter: 2370790
Planning time: 2.297 ms
Execution time: 3114.259 ms
