Hash Join  (cost=217034.44..599510.96 rows=749468 width=0) (actual time=7609.493..21351.585 rows=38037037 loops=1)
  Hash Cond: (mi.movie_id = t.id)
  ->  Seq Scan on movie_info mi  (cost=0.00..346232.03 rows=2194617 width=4) (actual time=2202.517..5603.872 rows=2233850 loops=1)
        Filter: (info_type_id > 16)
        Rows Removed by Filter: 12601870
  ->  Hash  (cost=202866.71..202866.71 rows=863499 width=8) (actual time=5331.130..5331.130 rows=1917457 loops=1)
        Buckets: 131072 (originally 131072)  Batches: 32 (originally 16)  Memory Usage: 3440kB
        ->  Hash Join  (cost=83810.17..202866.71 rows=863499 width=8) (actual time=1455.532..4766.744 rows=1917457 loops=1)
              Hash Cond: (mk.movie_id = t.id)
              ->  Seq Scan on movie_keyword mk  (cost=0.00..81003.12 rows=2210511 width=4) (actual time=0.039..1621.634 rows=2211480 loops=1)
                    Filter: (keyword_id < 4471)
                    Rows Removed by Filter: 2312450
              ->  Hash  (cost=67604.59..67604.59 rows=987727 width=4) (actual time=1454.556..1454.556 rows=985048 loops=1)
                    Buckets: 131072  Batches: 16  Memory Usage: 3197kB
                    ->  Seq Scan on title t  (cost=0.00..67604.59 rows=987727 width=4) (actual time=0.022..1143.283 rows=985048 loops=1)
                          Filter: (kind_id < 7)
                          Rows Removed by Filter: 1543264
Planning time: 2.231 ms
Execution time: 25422.537 ms
