Seq Scan on cast_info ci  (cost=0.00..796071.18 rows=11793616 width=0) (actual time=0.601..13623.314 rows=13774208 loops=1)
  Filter: ((person_id < 1568366) AND (role_id < 5))
  Rows Removed by Filter: 22470136
Planning time: 0.328 ms
Execution time: 15265.349 ms
