Hash Join  (cost=73950.44..160643.60 rows=3512 width=0) (actual time=1126.969..2877.182 rows=4217 loops=1)
  Hash Cond: (mk.movie_id = t.id)
  ->  Seq Scan on movie_keyword mk  (cost=0.00..69693.30 rows=4523930 width=4) (actual time=0.018..973.402 rows=4523930 loops=1)
  ->  Hash  (cost=73925.90..73925.90 rows=1963 width=4) (actual time=1125.757..1125.757 rows=3065 loops=1)
        Buckets: 4096 (originally 2048)  Batches: 1 (originally 1)  Memory Usage: 140kB
        ->  Seq Scan on title t  (cost=0.00..73925.90 rows=1963 width=4) (actual time=428.642..1124.171 rows=3065 loops=1)
              Filter: ((kind_id = 1) AND (production_year = 1922))
              Rows Removed by Filter: 2525247
Planning time: 0.749 ms
Execution time: 2878.038 ms
