Seq Scan on movie_keyword mk  (cost=0.00..81003.12 rows=274949 width=0) (actual time=0.009..4068.379 rows=275088 loops=1)
  Filter: (keyword_id > 57672)
  Rows Removed by Filter: 4248842
Planning time: 0.360 ms
Execution time: 4140.761 ms
