Hash Join  (cost=263115.61..436661.76 rows=3485290 width=0) (actual time=6376.605..16136.858 rows=26031168 loops=1)
  Hash Cond: (mk.movie_id = t.id)
  ->  Seq Scan on movie_keyword mk  (cost=0.00..81003.12 rows=3377621 width=4) (actual time=0.015..1809.570 rows=3360988 loops=1)
        Filter: (keyword_id < 16113)
        Rows Removed by Filter: 1162942
  ->  Hash  (cost=220309.49..220309.49 rows=2609129 width=8) (actual time=6374.076..6374.076 rows=2609129 loops=1)
        Buckets: 131072  Batches: 64  Memory Usage: 2691kB
        ->  Hash Join  (cost=102767.86..220309.49 rows=2609129 width=8) (actual time=1925.374..5559.063 rows=2609129 loops=1)
              Hash Cond: (mc.movie_id = t.id)
              ->  Seq Scan on movie_companies mc  (cost=0.00..44881.29 rows=2609129 width=4) (actual time=0.019..953.592 rows=2609129 loops=1)
              ->  Hash  (cost=61283.27..61283.27 rows=2528527 width=4) (actual time=1924.540..1924.540 rows=2528312 loops=1)
                    Buckets: 131072  Batches: 64  Memory Usage: 2415kB
                    ->  Seq Scan on title t  (cost=0.00..61283.27 rows=2528527 width=4) (actual time=0.017..1100.842 rows=2528312 loops=1)
Planning time: 1.118 ms
Execution time: 19085.786 ms
