Hash Join  (cost=97041.14..151854.91 rows=14825 width=0) (actual time=1590.292..2797.057 rows=42686 loops=1)
  Hash Cond: (mc.movie_id = t.id)
  ->  Seq Scan on movie_companies mc  (cost=0.00..44881.29 rows=2609129 width=4) (actual time=0.023..628.669 rows=2609129 loops=1)
  ->  Hash  (cost=96861.55..96861.55 rows=14367 width=8) (actual time=1589.937..1589.937 rows=15632 loops=1)
        Buckets: 16384  Batches: 1  Memory Usage: 739kB
        ->  Hash Join  (cost=68100.81..96861.55 rows=14367 width=8) (actual time=1209.231..1585.930 rows=15632 loops=1)
              Hash Cond: (mi_idx.movie_id = t.id)
              ->  Seq Scan on movie_info_idx mi_idx  (cost=0.00..25185.44 rows=915101 width=4) (actual time=0.026..250.576 rows=919850 loops=1)
                    Filter: (info_type_id < 101)
                    Rows Removed by Filter: 460185
              ->  Hash  (cost=67604.59..67604.59 rows=39698 width=4) (actual time=1208.652..1208.652 rows=36437 loops=1)
                    Buckets: 65536  Batches: 1  Memory Usage: 1793kB
                    ->  Seq Scan on title t  (cost=0.00..67604.59 rows=39698 width=4) (actual time=0.019..1193.219 rows=36437 loops=1)
                          Filter: (production_year = 1995)
                          Rows Removed by Filter: 2491875
Planning time: 1.130 ms
Execution time: 2803.158 ms
