Seq Scan on cast_info ci  (cost=0.00..796071.18 rows=869144 width=0) (actual time=1980.244..12845.484 rows=804435 loops=1)
  Filter: ((person_id < 1122481) AND (role_id = 4))
  Rows Removed by Filter: 35439909
Planning time: 0.796 ms
Execution time: 12939.571 ms
