Hash Join  (cost=189396.25..974724.82 rows=1070649 width=0) (actual time=10018.398..22412.019 rows=7243833 loops=1)
  Hash Cond: (ci.movie_id = t.id)
  ->  Seq Scan on cast_info ci  (cost=0.00..705507.15 rows=5820248 width=4) (actual time=5857.413..13522.970 rows=5732694 loops=1)
        Filter: (role_id > 8)
        Rows Removed by Filter: 30511650
  ->  Hash  (cost=181765.14..181765.14 rows=465129 width=8) (actual time=4160.028..4160.028 rows=667976 loops=1)
        Buckets: 131072 (originally 131072)  Batches: 16 (originally 8)  Memory Usage: 3073kB
        ->  Hash Join  (cost=102767.86..181765.14 rows=465129 width=8) (actual time=2209.998..3965.700 rows=667976 loops=1)
              Hash Cond: (mc.movie_id = t.id)
              ->  Seq Scan on movie_companies mc  (cost=0.00..57926.93 rows=465129 width=4) (actual time=176.351..1015.243 rows=667976 loops=1)
                    Filter: ((company_id < 3662) AND (company_type_id < 2))
                    Rows Removed by Filter: 1941153
              ->  Hash  (cost=61283.27..61283.27 rows=2528527 width=4) (actual time=2021.952..2021.952 rows=2528312 loops=1)
                    Buckets: 131072  Batches: 64  Memory Usage: 2415kB
                    ->  Seq Scan on title t  (cost=0.00..61283.27 rows=2528527 width=4) (actual time=0.016..1178.865 rows=2528312 loops=1)
Planning time: 2.325 ms
Execution time: 23265.969 ms
