Hash Join  (cost=98137.04..244454.77 rows=2117763 width=0) (actual time=1872.768..5376.961 rows=1017793 loops=1)
  Hash Cond: (mk.movie_id = t.id)
  ->  Seq Scan on movie_keyword mk  (cost=0.00..81003.12 rows=2877395 width=4) (actual time=0.023..1612.127 rows=2871331 loops=1)
        Filter: (keyword_id < 8854)
        Rows Removed by Filter: 1652599
  ->  Hash  (cost=67604.59..67604.59 rows=1860996 width=4) (actual time=1871.693..1871.693 rows=1865487 loops=1)
        Buckets: 131072  Batches: 32  Memory Usage: 3085kB
        ->  Seq Scan on title t  (cost=0.00..67604.59 rows=1860996 width=4) (actual time=0.020..1267.181 rows=1865487 loops=1)
              Filter: (kind_id > 1)
              Rows Removed by Filter: 662825
Planning time: 0.675 ms
Execution time: 5492.231 ms
