Nested Loop  (cost=0.43..798788.22 rows=199 width=0) (actual time=5074.676..13250.614 rows=553 loops=1)
  ->  Seq Scan on cast_info ci  (cost=0.00..796071.18 rows=324 width=4) (actual time=5074.586..13238.690 rows=553 loops=1)
        Filter: ((role_id > 1) AND (person_id = 3546994))
        Rows Removed by Filter: 36243791
  ->  Index Scan using title_pkey on title t  (cost=0.43..8.38 rows=1 width=4) (actual time=0.021..0.021 rows=1 loops=553)
        Index Cond: (id = ci.movie_id)
        Filter: (kind_id > 4)
Planning time: 0.735 ms
Execution time: 13250.839 ms
