Seq Scan on movie_keyword mk  (cost=0.00..81003.12 rows=1401378 width=0) (actual time=0.015..1572.470 rows=1417668 loops=1)
  Filter: (keyword_id < 1947)
  Rows Removed by Filter: 3106262
Planning time: 0.341 ms
Execution time: 1751.742 ms
