Seq Scan on movie_companies mc  (cost=0.00..51404.11 rows=1354407 width=0) (actual time=0.026..1019.346 rows=1342228 loops=1)
  Filter: (company_id < 11475)
  Rows Removed by Filter: 1266901
Planning time: 0.340 ms
Execution time: 1188.475 ms
