Seq Scan on movie_keyword mk  (cost=0.00..81003.12 rows=1128531 width=0) (actual time=0.022..1292.160 rows=1136805 loops=1)
  Filter: (keyword_id < 1267)
  Rows Removed by Filter: 3387125
Planning time: 2.706 ms
Execution time: 1425.310 ms
