Hash Join  (cost=205243.00..345919.17 rows=1532713 width=0) (actual time=4183.843..10930.811 rows=16719575 loops=1)
  Hash Cond: (mk.movie_id = t.id)
  ->  Seq Scan on movie_keyword mk  (cost=0.00..69693.30 rows=4523930 width=4) (actual time=0.014..1513.140 rows=4523930 loops=1)
  ->  Hash  (cost=191187.65..191187.65 rows=856668 width=8) (actual time=4182.918..4182.918 rows=667380 loops=1)
        Buckets: 131072  Batches: 16  Memory Usage: 2698kB
        ->  Hash Join  (cost=102767.86..191187.65 rows=856668 width=8) (actual time=2212.383..3996.796 rows=667380 loops=1)
              Hash Cond: (mc.movie_id = t.id)
              ->  Seq Scan on movie_companies mc  (cost=0.00..57926.93 rows=856668 width=4) (actual time=279.877..1138.533 rows=667380 loops=1)
                    Filter: ((company_id > 2455) AND (company_type_id < 2))
                    Rows Removed by Filter: 1941749
              ->  Hash  (cost=61283.27..61283.27 rows=2528527 width=4) (actual time=1930.854..1930.854 rows=2528312 loops=1)
                    Buckets: 131072  Batches: 64  Memory Usage: 2415kB
                    ->  Seq Scan on title t  (cost=0.00..61283.27 rows=2528527 width=4) (actual time=0.019..1091.849 rows=2528312 loops=1)
Planning time: 2.202 ms
Execution time: 12622.350 ms
