Hash Join  (cost=139597.14..1207497.20 rows=5609093 width=0) (actual time=3116.915..37480.841 rows=19158178 loops=1)
  Hash Cond: (ci.movie_id = t.id)
  ->  Seq Scan on cast_info ci  (cost=0.00..705507.15 rows=26308788 width=4) (actual time=0.010..15630.455 rows=26346710 loops=1)
        Filter: (person_id < 2723035)
        Rows Removed by Filter: 9897634
  ->  Hash  (cost=130752.54..130752.54 rows=539088 width=8) (actual time=3115.878..3115.878 rows=954317 loops=1)
        Buckets: 131072 (originally 131072)  Batches: 16 (originally 8)  Memory Usage: 3354kB
        ->  Hash Join  (cost=83810.17..130752.54 rows=539088 width=8) (actual time=1400.055..2862.375 rows=954317 loops=1)
              Hash Cond: (mi_idx.movie_id = t.id)
              ->  Seq Scan on movie_info_idx mi_idx  (cost=0.00..21735.35 rows=1380035 width=4) (actual time=0.021..430.335 rows=1380035 loops=1)
              ->  Hash  (cost=67604.59..67604.59 rows=987727 width=4) (actual time=1399.013..1399.013 rows=985048 loops=1)
                    Buckets: 131072  Batches: 16  Memory Usage: 3188kB
                    ->  Seq Scan on title t  (cost=0.00..67604.59 rows=987727 width=4) (actual time=0.025..1101.071 rows=985048 loops=1)
                          Filter: (kind_id < 7)
                          Rows Removed by Filter: 1543264
Planning time: 1.013 ms
Execution time: 39623.997 ms
