Hash Join  (cost=259836.66..663977.21 rows=2054344 width=0) (actual time=8743.448..18834.188 rows=19722737 loops=1)
  Hash Cond: (mi.movie_id = t.id)
  ->  Seq Scan on movie_info mi  (cost=0.00..346232.03 rows=2194617 width=4) (actual time=2210.434..5817.869 rows=2233850 loops=1)
        Filter: (info_type_id > 16)
        Rows Removed by Filter: 12601870
  ->  Hash  (cost=221004.27..221004.27 rows=2366911 width=8) (actual time=6523.114..6523.114 rows=2370005 loops=1)
        Buckets: 131072  Batches: 32  Memory Usage: 3965kB
        ->  Hash Join  (cost=102767.86..221004.27 rows=2366911 width=8) (actual time=2126.114..5801.613 rows=2370005 loops=1)
              Hash Cond: (mc.movie_id = t.id)
              ->  Seq Scan on movie_companies mc  (cost=0.00..51404.11 rows=2366911 width=4) (actual time=0.038..1185.547 rows=2370005 loops=1)
                    Filter: (company_id > 94)
                    Rows Removed by Filter: 239124
              ->  Hash  (cost=61283.27..61283.27 rows=2528527 width=4) (actual time=2124.647..2124.647 rows=2528312 loops=1)
                    Buckets: 131072  Batches: 64  Memory Usage: 2415kB
                    ->  Seq Scan on title t  (cost=0.00..61283.27 rows=2528527 width=4) (actual time=0.021..1256.629 rows=2528312 loops=1)
Planning time: 1.091 ms
Execution time: 21009.931 ms
