Hash Join  (cost=83810.17..897429.53 rows=345676 width=0) (actual time=11727.664..15573.210 rows=543228 loops=1)
  Hash Cond: (ci.movie_id = t.id)
  ->  Seq Scan on cast_info ci  (cost=0.00..796071.18 rows=884912 width=4) (actual time=10087.024..12890.008 rows=1331302 loops=1)
        Filter: ((person_id > 2513373) AND (role_id = 4))
        Rows Removed by Filter: 34913042
  ->  Hash  (cost=67604.59..67604.59 rows=987727 width=4) (actual time=1639.649..1639.649 rows=985048 loops=1)
        Buckets: 131072  Batches: 16  Memory Usage: 3188kB
        ->  Seq Scan on title t  (cost=0.00..67604.59 rows=987727 width=4) (actual time=0.025..1328.146 rows=985048 loops=1)
              Filter: (kind_id < 7)
              Rows Removed by Filter: 1543264
Planning time: 1.923 ms
Execution time: 15642.468 ms
