Hash Join  (cost=58358.48..145016.65 rows=13 width=0) (actual time=2025.118..6866.665 rows=6 loops=1)
  Hash Cond: (mk.movie_id = t.id)
  ->  Seq Scan on movie_keyword mk  (cost=0.00..69693.30 rows=4523930 width=4) (actual time=0.019..3727.718 rows=4523930 loops=1)
  ->  Hash  (cost=58358.39..58358.39 rows=7 width=8) (actual time=1970.097..1970.097 rows=23 loops=1)
        Buckets: 1024  Batches: 1  Memory Usage: 9kB
        ->  Nested Loop  (cost=0.43..58358.39 rows=7 width=8) (actual time=113.617..1970.070 rows=23 loops=1)
              ->  Seq Scan on movie_companies mc  (cost=0.00..57926.93 rows=51 width=4) (actual time=113.562..1963.418 rows=23 loops=1)
                    Filter: ((company_id = 6372) AND (company_type_id = 1))
                    Rows Removed by Filter: 2609106
              ->  Index Scan using title_pkey on title t  (cost=0.43..8.45 rows=1 width=4) (actual time=0.286..0.287 rows=1 loops=23)
                    Index Cond: (id = mc.movie_id)
                    Filter: (production_year < 1970)
Planning time: 1.157 ms
Execution time: 6866.828 ms
