Seq Scan on movie_companies mc  (cost=0.00..57926.93 rows=750654 width=40) (actual time=380.219..1134.827 rows=968199 loops=1)
  Filter: ((company_id > 8307) AND (company_type_id = 2))
  Rows Removed by Filter: 1640930
Planning time: 0.449 ms
Execution time: 1192.469 ms
