Hash Join  (cost=102767.86..300861.10 rows=4455515 width=0) (actual time=6262.487..17675.110 rows=4451961 loops=1)
  Hash Cond: (mk.movie_id = t.id)
  ->  Seq Scan on movie_keyword mk  (cost=0.00..81003.12 rows=4455515 width=4) (actual time=0.031..6047.597 rows=4451961 loops=1)
        Filter: (keyword_id > 62)
        Rows Removed by Filter: 71969
  ->  Hash  (cost=61283.27..61283.27 rows=2528527 width=4) (actual time=6261.124..6261.124 rows=2528312 loops=1)
        Buckets: 131072  Batches: 64  Memory Usage: 2425kB
        ->  Seq Scan on title t  (cost=0.00..61283.27 rows=2528527 width=4) (actual time=0.018..4584.733 rows=2528312 loops=1)
Planning time: 0.777 ms
Execution time: 18345.069 ms
