Seq Scan on cast_info ci  (cost=0.00..705507.15 rows=8319645 width=0) (actual time=0.088..10383.023 rows=8224484 loops=1)
  Filter: (person_id < 803368)
  Rows Removed by Filter: 28019860
Planning time: 0.333 ms
Execution time: 11367.560 ms
