Seq Scan on movie_keyword mk  (cost=0.00..81003.12 rows=246 width=0) (actual time=75.635..1165.934 rows=40 loops=1)
  Filter: (keyword_id = 12713)
  Rows Removed by Filter: 4523890
Planning time: 0.386 ms
Execution time: 1166.195 ms
