Hash Join  (cost=100972.04..465802.14 rows=17415 width=0) (actual time=1746.825..8659.248 rows=846 loops=1)
  Hash Cond: (mi.movie_id = t.id)
  ->  Seq Scan on movie_info mi  (cost=0.00..309384.22 rows=14739122 width=4) (actual time=0.004..4232.839 rows=14835720 loops=1)
  ->  Hash  (cost=100934.69..100934.69 rows=2988 width=8) (actual time=1742.925..1742.925 rows=78 loops=1)
        Buckets: 4096  Batches: 1  Memory Usage: 36kB
        ->  Hash Join  (cost=73994.33..100934.69 rows=2988 width=8) (actual time=1183.512..1742.788 rows=78 loops=1)
              Hash Cond: (mi_idx.movie_id = t.id)
              ->  Seq Scan on movie_info_idx mi_idx  (cost=0.00..21735.35 rows=1380035 width=4) (actual time=0.021..329.602 rows=1380035 loops=1)
              ->  Hash  (cost=73925.90..73925.90 rows=5474 width=4) (actual time=1163.354..1163.354 rows=636 loops=1)
                    Buckets: 8192  Batches: 1  Memory Usage: 87kB
                    ->  Seq Scan on title t  (cost=0.00..73925.90 rows=5474 width=4) (actual time=0.728..1162.875 rows=636 loops=1)
                          Filter: ((kind_id > 1) AND (production_year = 1948))
                          Rows Removed by Filter: 2527676
Planning time: 1.186 ms
Execution time: 8659.595 ms
