Hash Join  (cost=126051.53..491737.29 rows=102983 width=0) (actual time=2186.533..10112.540 rows=335624 loops=1)
  Hash Cond: (mi.movie_id = t.id)
  ->  Seq Scan on movie_info mi  (cost=0.00..309384.22 rows=14739122 width=4) (actual time=0.014..4412.884 rows=14835720 loops=1)
  ->  Hash  (cost=125830.70..125830.70 rows=17667 width=8) (actual time=2186.323..2186.323 rows=17559 loops=1)
        Buckets: 32768  Batches: 1  Memory Usage: 942kB
        ->  Hash Join  (cost=69694.50..125830.70 rows=17667 width=8) (actual time=1245.221..2179.846 rows=17559 loops=1)
              Hash Cond: (mc.movie_id = t.id)
              ->  Seq Scan on movie_companies mc  (cost=0.00..51404.11 rows=350777 width=4) (actual time=111.993..893.453 rows=355735 loops=1)
                    Filter: (company_id > 87634)
                    Rows Removed by Filter: 2253394
              ->  Hash  (cost=67604.59..67604.59 rows=127353 width=4) (actual time=1132.227..1132.227 rows=128696 loops=1)
                    Buckets: 131072  Batches: 2  Memory Usage: 3284kB
                    ->  Seq Scan on title t  (cost=0.00..67604.59 rows=127353 width=4) (actual time=0.026..1085.590 rows=128696 loops=1)
                          Filter: (production_year = 2009)
                          Rows Removed by Filter: 2399616
Planning time: 0.774 ms
Execution time: 10160.784 ms
