Hash Join  (cost=107382.98..861288.50 rows=311634 width=0) (actual time=2039.593..18696.038 rows=426638 loops=1)
  Hash Cond: (ci.movie_id = t.id)
  ->  Seq Scan on cast_info ci  (cost=0.00..614943.12 rows=36225612 width=4) (actual time=0.017..8557.347 rows=36244344 loops=1)
  ->  Hash  (cost=107111.08..107111.08 rows=21752 width=8) (actual time=2038.967..2038.967 rows=12108 loops=1)
        Buckets: 32768  Batches: 1  Memory Usage: 729kB
        ->  Hash Join  (cost=75867.62..107111.08 rows=21752 width=8) (actual time=1293.074..2033.920 rows=12108 loops=1)
              Hash Cond: (mi_idx.movie_id = t.id)
              ->  Seq Scan on movie_info_idx mi_idx  (cost=0.00..25185.44 rows=464934 width=4) (actual time=0.020..526.140 rows=460185 loops=1)
                    Filter: (info_type_id > 100)
                    Rows Removed by Filter: 919850
              ->  Hash  (cost=73925.90..73925.90 rows=118297 width=4) (actual time=1292.020..1292.020 rows=122606 loops=1)
                    Buckets: 131072  Batches: 2  Memory Usage: 3179kB
                    ->  Seq Scan on title t  (cost=0.00..73925.90 rows=118297 width=4) (actual time=0.018..1246.629 rows=122606 loops=1)
                          Filter: ((kind_id > 1) AND (production_year = 2011))
                          Rows Removed by Filter: 2405706
Planning time: 1.160 ms
Execution time: 18759.412 ms
