Seq Scan on cast_info ci  (cost=0.00..796071.18 rows=1171202 width=0) (actual time=7688.002..12772.259 rows=3772955 loops=1)
  Filter: ((person_id > 2935068) AND (role_id > 8))
  Rows Removed by Filter: 32471389
Planning time: 0.344 ms
Execution time: 13240.670 ms
