Hash Join  (cost=176817.49..976794.35 rows=888126 width=0) (actual time=9005.844..20299.286 rows=838621 loops=1)
  Hash Cond: (ci.movie_id = t.id)
  ->  Seq Scan on cast_info ci  (cost=0.00..705507.15 rows=7298253 width=4) (actual time=5590.634..12648.764 rows=7451973 loops=1)
        Filter: (role_id = 2)
        Rows Removed by Filter: 28792371
  ->  Hash  (cost=171769.28..171769.28 rows=307697 width=8) (actual time=3414.307..3414.307 rows=196996 loops=1)
        Buckets: 131072  Batches: 8  Memory Usage: 1994kB
        ->  Hash Join  (cost=98137.04..171769.28 rows=307697 width=8) (actual time=1878.187..3368.094 rows=196996 loops=1)
              Hash Cond: (mc.movie_id = t.id)
              ->  Seq Scan on movie_companies mc  (cost=0.00..57926.93 rows=418067 width=4) (actual time=0.038..1081.528 rows=234346 loops=1)
                    Filter: ((company_id < 1886) AND (company_type_id > 1))
                    Rows Removed by Filter: 2374783
              ->  Hash  (cost=67604.59..67604.59 rows=1860996 width=4) (actual time=1875.102..1875.102 rows=1865487 loops=1)
                    Buckets: 131072  Batches: 32  Memory Usage: 3079kB
                    ->  Seq Scan on title t  (cost=0.00..67604.59 rows=1860996 width=4) (actual time=0.016..1279.956 rows=1865487 loops=1)
                          Filter: (kind_id > 1)
                          Rows Removed by Filter: 662825
Planning time: 1.132 ms
Execution time: 20406.669 ms
