Hash Join  (cost=87162.74..1143972.88 rows=7529572 width=0) (actual time=2056.998..31055.856 rows=8029322 loops=1)
  Hash Cond: (ci.movie_id = t.id)
  ->  Seq Scan on cast_info ci  (cost=0.00..705507.15 rows=23598205 width=4) (actual time=0.018..14322.148 rows=23670512 loops=1)
        Filter: (person_id > 1239955)
        Rows Removed by Filter: 12573832
  ->  Hash  (cost=73925.90..73925.90 rows=806787 width=4) (actual time=2055.968..2055.968 rows=843018 loops=1)
        Buckets: 131072  Batches: 16  Memory Usage: 2879kB
        ->  Seq Scan on title t  (cost=0.00..73925.90 rows=806787 width=4) (actual time=0.024..1174.248 rows=843018 loops=1)
              Filter: ((kind_id < 7) AND (production_year < 2011))
              Rows Removed by Filter: 1685294
Planning time: 0.792 ms
Execution time: 32016.081 ms
