Hash Join  (cost=67697.55..892463.77 rows=92811 width=0) (actual time=1065.309..21442.239 rows=69113 loops=1)
  Hash Cond: (ci.movie_id = t.id)
  ->  Seq Scan on cast_info ci  (cost=0.00..705507.15 rows=31554923 width=4) (actual time=0.021..14957.158 rows=31605208 loops=1)
        Filter: (role_id < 10)
        Rows Removed by Filter: 4639136
  ->  Hash  (cost=67604.59..67604.59 rows=7437 width=4) (actual time=1064.975..1064.975 rows=5663 loops=1)
        Buckets: 8192  Batches: 1  Memory Usage: 264kB
        ->  Seq Scan on title t  (cost=0.00..67604.59 rows=7437 width=4) (actual time=0.026..1061.781 rows=5663 loops=1)
              Filter: (production_year = 1951)
              Rows Removed by Filter: 2522649
Planning time: 0.907 ms
Execution time: 21455.768 ms
