Hash Join  (cost=174462.15..319569.51 rows=1896432 width=0) (actual time=4187.629..9197.964 rows=7224584 loops=1)
  Hash Cond: (mk.movie_id = t.id)
  ->  Seq Scan on movie_keyword mk  (cost=0.00..69693.30 rows=4523930 width=4) (actual time=0.015..1408.056 rows=4523930 loops=1)
  ->  Hash  (cost=157071.66..157071.66 rows=1059959 width=8) (actual time=4186.402..4186.402 rows=1051116 loops=1)
        Buckets: 131072  Batches: 16  Memory Usage: 3615kB
        ->  Hash Join  (cost=99467.55..157071.66 rows=1059959 width=8) (actual time=1928.689..3907.828 rows=1051116 loops=1)
              Hash Cond: (mi_idx.movie_id = t.id)
              ->  Seq Scan on movie_info_idx mi_idx  (cost=0.00..21735.35 rows=1380035 width=4) (actual time=0.013..460.403 rows=1380035 loops=1)
              ->  Hash  (cost=67604.59..67604.59 rows=1942077 width=4) (actual time=1927.392..1927.392 rows=1932484 loops=1)
                    Buckets: 131072  Batches: 32  Memory Usage: 3155kB
                    ->  Seq Scan on title t  (cost=0.00..67604.59 rows=1942077 width=4) (actual time=0.014..1303.395 rows=1932484 loops=1)
                          Filter: (production_year > 1980)
                          Rows Removed by Filter: 595828
Planning time: 0.753 ms
Execution time: 9991.308 ms
