Nested Loop  (cost=0.43..83072.29 rows=150 width=0) (actual time=909.362..1338.470 rows=1 loops=1)
  ->  Seq Scan on movie_keyword mk  (cost=0.00..81003.12 rows=246 width=4) (actual time=37.219..1334.532 rows=10 loops=1)
        Filter: (keyword_id = 60004)
        Rows Removed by Filter: 4523920
  ->  Index Scan using title_pkey on title t  (cost=0.43..8.40 rows=1 width=4) (actual time=0.387..0.387 rows=0 loops=10)
        Index Cond: (id = mk.movie_id)
        Filter: (kind_id = 7)
        Rows Removed by Filter: 1
Planning time: 0.510 ms
Execution time: 1338.560 ms
