Hash Join  (cost=201759.99..1022937.74 rows=523369 width=0) (actual time=19157.908..19689.652 rows=8 loops=1)
  Hash Cond: (ci.movie_id = t.id)
  ->  Seq Scan on cast_info ci  (cost=0.00..705507.15 rows=8572187 width=4) (actual time=7724.839..12963.604 rows=8486314 loops=1)
        Filter: (role_id > 5)
        Rows Removed by Filter: 27758030
  ->  Hash  (cost=199226.28..199226.28 rows=154377 width=8) (actual time=3434.107..3434.107 rows=6 loops=1)
        Buckets: 131072  Batches: 4  Memory Usage: 1024kB
        ->  Hash Join  (cost=75342.47..199226.28 rows=154377 width=8) (actual time=2271.308..3433.953 rows=6 loops=1)
              Hash Cond: (mk.movie_id = t.id)
              ->  Seq Scan on movie_keyword mk  (cost=0.00..69693.30 rows=4523930 width=4) (actual time=0.026..1262.756 rows=4523930 loops=1)
              ->  Hash  (cost=73925.90..73925.90 rows=86285 width=4) (actual time=896.872..896.872 rows=34 loops=1)
                    Buckets: 131072  Batches: 2  Memory Usage: 1031kB
                    ->  Seq Scan on title t  (cost=0.00..73925.90 rows=86285 width=4) (actual time=44.384..896.661 rows=34 loops=1)
                          Filter: ((production_year < 1941) AND (kind_id = 7))
                          Rows Removed by Filter: 2528278
Planning time: 1.188 ms
Execution time: 19690.053 ms
