Hash Join  (cost=246220.73..1645584.11 rows=31177720 width=0) (actual time=5771.915..55361.042 rows=69087641 loops=1)
  Hash Cond: (ci.movie_id = t.id)
  ->  Seq Scan on cast_info ci  (cost=0.00..614943.12 rows=36225612 width=4) (actual time=0.011..12764.964 rows=36244344 loops=1)
  ->  Hash  (cost=210517.39..210517.39 rows=2176187 width=8) (actual time=5771.130..5771.130 rows=1946129 loops=1)
        Buckets: 131072  Batches: 32  Memory Usage: 3363kB
        ->  Hash Join  (cost=102205.59..210517.39 rows=2176187 width=8) (actual time=2048.869..5221.426 rows=1946129 loops=1)
              Hash Cond: (mc.movie_id = t.id)
              ->  Seq Scan on movie_companies mc  (cost=0.00..44881.29 rows=2609129 width=4) (actual time=0.020..882.462 rows=2609129 loops=1)
              ->  Hash  (cost=67604.59..67604.59 rows=2108960 width=4) (actual time=2047.440..2047.440 rows=2104137 loops=1)
                    Buckets: 131072  Batches: 32  Memory Usage: 3341kB
                    ->  Seq Scan on title t  (cost=0.00..67604.59 rows=2108960 width=4) (actual time=0.018..1379.724 rows=2104137 loops=1)
                          Filter: (production_year > 1968)
                          Rows Removed by Filter: 424175
Planning time: 5.915 ms
Execution time: 62743.117 ms
