Hash Join  (cost=159296.49..685710.44 rows=4368005 width=0) (actual time=3461.096..17535.903 rows=3574755 loops=1)
  Hash Cond: (mi.movie_id = t.id)
  ->  Seq Scan on movie_info mi  (cost=0.00..309384.22 rows=14739122 width=4) (actual time=0.010..5920.517 rows=14835720 loops=1)
  ->  Hash  (cost=147001.74..147001.74 rows=749340 width=8) (actual time=3459.943..3459.943 rows=419679 loops=1)
        Buckets: 131072  Batches: 16  Memory Usage: 2054kB
        ->  Hash Join  (cost=96451.85..147001.74 rows=749340 width=8) (actual time=2151.102..3328.147 rows=419679 loops=1)
              Hash Cond: (mi_idx.movie_id = t.id)
              ->  Seq Scan on movie_info_idx mi_idx  (cost=0.00..21735.35 rows=1380035 width=4) (actual time=0.013..427.638 rows=1380035 loops=1)
              ->  Hash  (cost=73925.90..73925.90 rows=1372956 width=4) (actual time=1858.203..1858.203 rows=1450632 loops=1)
                    Buckets: 131072  Batches: 32  Memory Usage: 2620kB
                    ->  Seq Scan on title t  (cost=0.00..73925.90 rows=1372956 width=4) (actual time=103.474..1409.531 rows=1450632 loops=1)
                          Filter: ((production_year > 1956) AND (kind_id = 7))
                          Rows Removed by Filter: 1077680
Planning time: 1.150 ms
Execution time: 17950.535 ms
