Hash Join  (cost=88295.76..1089814.12 rows=6042955 width=0) (actual time=2205.946..25160.487 rows=5480763 loops=1)
  Hash Cond: (ci.movie_id = t.id)
  ->  Seq Scan on cast_info ci  (cost=0.00..796071.18 rows=12115902 width=4) (actual time=478.166..16219.087 rows=11477884 loops=1)
        Filter: ((person_id > 165710) AND (role_id = 1))
        Rows Removed by Filter: 24766460
  ->  Hash  (cost=67604.59..67604.59 rows=1261134 width=4) (actual time=1727.030..1727.030 rows=1260295 loops=1)
        Buckets: 131072  Batches: 32  Memory Usage: 2413kB
        ->  Seq Scan on title t  (cost=0.00..67604.59 rows=1261134 width=4) (actual time=0.019..1321.329 rows=1260295 loops=1)
              Filter: (production_year > 2002)
              Rows Removed by Filter: 1268017
Planning time: 0.538 ms
Execution time: 25792.413 ms
