Seq Scan on movie_keyword mk  (cost=0.00..81003.12 rows=4425699 width=0) (actual time=0.027..1589.390 rows=4427703 loops=1)
  Filter: (keyword_id < 83296)
  Rows Removed by Filter: 96227
Planning time: 0.301 ms
Execution time: 2133.258 ms
