Hash Join  (cost=94642.16..191577.05 rows=2275 width=0) (actual time=1440.958..3603.353 rows=16922 loops=1)
  Hash Cond: (mk.movie_id = t.id)
  ->  Seq Scan on movie_keyword mk  (cost=0.00..81003.12 rows=4242403 width=4) (actual time=0.019..1537.579 rows=4243491 loops=1)
        Filter: (keyword_id < 56863)
        Rows Removed by Filter: 280439
  ->  Hash  (cost=94625.21..94625.21 rows=1356 width=8) (actual time=1439.274..1439.274 rows=1453 loops=1)
        Buckets: 2048  Batches: 1  Memory Usage: 73kB
        ->  Hash Join  (cost=67697.55..94625.21 rows=1356 width=8) (actual time=956.523..1438.421 rows=1453 loops=1)
              Hash Cond: (mi_idx.movie_id = t.id)
              ->  Seq Scan on movie_info_idx mi_idx  (cost=0.00..25185.44 rows=460978 width=4) (actual time=0.025..392.615 rows=459925 loops=1)
                    Filter: (info_type_id < 100)
                    Rows Removed by Filter: 920110
              ->  Hash  (cost=67604.59..67604.59 rows=7437 width=4) (actual time=950.580..950.580 rows=6834 loops=1)
                    Buckets: 8192  Batches: 1  Memory Usage: 305kB
                    ->  Seq Scan on title t  (cost=0.00..67604.59 rows=7437 width=4) (actual time=0.019..947.207 rows=6834 loops=1)
                          Filter: (production_year = 1953)
                          Rows Removed by Filter: 2521478
Planning time: 3.154 ms
Execution time: 3605.906 ms
