Hash Join  (cost=166864.43..261506.12 rows=133120 width=0) (actual time=3608.233..5820.940 rows=1298683 loops=1)
  Hash Cond: (mk.movie_id = t.id)
  ->  Seq Scan on movie_keyword mk  (cost=0.00..81003.12 rows=943829 width=4) (actual time=0.020..1411.877 rows=946324 loops=1)
        Filter: (keyword_id < 889)
        Rows Removed by Filter: 3577606
  ->  Hash  (cost=161012.54..161012.54 rows=356631 width=8) (actual time=3607.370..3607.370 rows=363686 loops=1)
        Buckets: 131072  Batches: 8  Memory Usage: 2808kB
        ->  Hash Join  (cost=85777.42..161012.54 rows=356631 width=8) (actual time=1897.255..3501.992 rows=363686 loops=1)
              Hash Cond: (mc.movie_id = t.id)
              ->  Seq Scan on movie_companies mc  (cost=0.00..57926.93 rows=814100 width=4) (actual time=398.368..1161.667 rows=1118675 loops=1)
                    Filter: ((company_id < 18236) AND (company_type_id = 1))
                    Rows Removed by Filter: 1490454
              ->  Hash  (cost=67604.59..67604.59 rows=1107667 width=4) (actual time=1498.096..1498.096 rows=1107925 loops=1)
                    Buckets: 131072  Batches: 16  Memory Usage: 3460kB
                    ->  Seq Scan on title t  (cost=0.00..67604.59 rows=1107667 width=4) (actual time=0.030..1129.218 rows=1107925 loops=1)
                          Filter: (production_year > 2004)
                          Rows Removed by Filter: 1420387
Planning time: 1.159 ms
Execution time: 5973.916 ms
