Seq Scan on cast_info ci  (cost=0.00..705507.15 rows=26869430 width=0) (actual time=1248.417..11727.481 rows=27032494 loops=1)
  Filter: (person_id > 905600)
  Rows Removed by Filter: 9211850
Planning time: 0.693 ms
Execution time: 14935.747 ms
