Seq Scan on movie_companies mc  (cost=0.00..57926.93 rows=1286156 width=0) (actual time=0.410..1062.034 rows=1249570 loops=1)
  Filter: ((company_id < 166643) AND (company_type_id > 1))
  Rows Removed by Filter: 1359559
Planning time: 0.382 ms
Execution time: 1205.224 ms
