Hash Join  (cost=202335.36..1090423.76 rows=905243 width=0) (actual time=5138.014..28139.188 rows=12347214 loops=1)
  Hash Cond: (ci.movie_id = t.id)
  ->  Seq Scan on cast_info ci  (cost=0.00..705507.15 rows=13491966 width=4) (actual time=2.355..12636.001 rows=13449838 loops=1)
        Filter: (person_id < 1326200)
        Rows Removed by Filter: 22794506
  ->  Hash  (cost=199551.73..199551.73 rows=169651 width=8) (actual time=4592.973..4592.973 rows=692274 loops=1)
        Buckets: 131072 (originally 131072)  Batches: 16 (originally 4)  Memory Usage: 3073kB
        ->  Hash Join  (cost=75482.18..199551.73 rows=169651 width=8) (actual time=1162.476..4373.541 rows=692274 loops=1)
              Hash Cond: (mk.movie_id = t.id)
              ->  Seq Scan on movie_keyword mk  (cost=0.00..69693.30 rows=4523930 width=4) (actual time=0.032..1352.990 rows=4523930 loops=1)
              ->  Hash  (cost=73925.90..73925.90 rows=94822 width=4) (actual time=1161.492..1161.492 rows=194973 loops=1)
                    Buckets: 131072 (originally 131072)  Batches: 4 (originally 2)  Memory Usage: 3073kB
                    ->  Seq Scan on title t  (cost=0.00..73925.90 rows=94822 width=4) (actual time=0.020..1090.454 rows=194973 loops=1)
                          Filter: ((kind_id < 7) AND (production_year < 1960))
                          Rows Removed by Filter: 2333339
Planning time: 1.192 ms
Execution time: 29526.952 ms
