Hash Join  (cost=85282.22..155017.07 rows=174268 width=0) (actual time=1949.399..3045.670 rows=164808 loops=1)
  Hash Cond: (mc.movie_id = t.id)
  ->  Seq Scan on movie_companies mc  (cost=0.00..57926.93 rows=636596 width=4) (actual time=0.017..1143.108 rows=867607 loops=1)
        Filter: ((company_id < 11245) AND (company_type_id < 2))
        Rows Removed by Filter: 1741522
  ->  Hash  (cost=73925.90..73925.90 rows=692185 width=4) (actual time=1362.638..1362.638 rows=596495 loops=1)
        Buckets: 131072  Batches: 16  Memory Usage: 2332kB
        ->  Seq Scan on title t  (cost=0.00..73925.90 rows=692185 width=4) (actual time=1.808..1178.616 rows=596495 loops=1)
              Filter: ((production_year < 2002) AND (kind_id = 7))
              Rows Removed by Filter: 1931817
Planning time: 0.792 ms
Execution time: 3065.173 ms
