Hash Join  (cost=448165.28..575718.89 rows=455657 width=0) (actual time=7472.840..12680.393 rows=9382932 loops=1)
  Hash Cond: (mk.movie_id = t.id)
  ->  Seq Scan on movie_keyword mk  (cost=0.00..69693.30 rows=4523930 width=4) (actual time=0.013..1433.255 rows=4523930 loops=1)
  ->  Hash  (cost=443986.82..443986.82 rows=254677 width=8) (actual time=7467.282..7467.282 rows=493595 loops=1)
        Buckets: 131072 (originally 131072)  Batches: 8 (originally 4)  Memory Usage: 3460kB
        ->  Hash Join  (cost=83810.17..443986.82 rows=254677 width=8) (actual time=4411.700..7328.992 rows=493595 loops=1)
              Hash Cond: (mi.movie_id = t.id)
              ->  Seq Scan on movie_info mi  (cost=0.00..346232.03 rows=651960 width=4) (actual time=2911.185..5191.826 rows=660923 loops=1)
                    Filter: (info_type_id = 18)
                    Rows Removed by Filter: 14174797
              ->  Hash  (cost=67604.59..67604.59 rows=987727 width=4) (actual time=1499.518..1499.518 rows=985048 loops=1)
                    Buckets: 131072  Batches: 16  Memory Usage: 3197kB
                    ->  Seq Scan on title t  (cost=0.00..67604.59 rows=987727 width=4) (actual time=0.030..1171.831 rows=985048 loops=1)
                          Filter: (kind_id < 7)
                          Rows Removed by Filter: 1543264
Planning time: 1.165 ms
Execution time: 13658.352 ms
