Hash Join  (cost=282897.73..1725594.26 rows=35396029 width=0) (actual time=6299.056..63377.713 rows=114182642 loops=1)
  Hash Cond: (ci.movie_id = t.id)
  ->  Seq Scan on cast_info ci  (cost=0.00..614943.12 rows=36225612 width=4) (actual time=0.012..13329.792 rows=36244344 loops=1)
  ->  Hash  (cost=242363.94..242363.94 rows=2470623 width=8) (actual time=6297.900..6297.900 rows=1970380 loops=1)
        Buckets: 131072  Batches: 64  Memory Usage: 2240kB
        ->  Hash Join  (cost=90260.67..242363.94 rows=2470623 width=8) (actual time=1629.879..5763.203 rows=1970380 loops=1)
              Hash Cond: (mk.movie_id = t.id)
              ->  Seq Scan on movie_keyword mk  (cost=0.00..69693.30 rows=4523930 width=4) (actual time=0.005..1469.567 rows=4523930 loops=1)
              ->  Hash  (cost=67604.59..67604.59 rows=1380887 width=4) (actual time=1629.050..1629.050 rows=1381453 loops=1)
                    Buckets: 131072  Batches: 32  Memory Usage: 2551kB
                    ->  Seq Scan on title t  (cost=0.00..67604.59 rows=1380887 width=4) (actual time=0.018..1182.471 rows=1381453 loops=1)
                          Filter: (production_year > 2000)
                          Rows Removed by Filter: 1146859
Planning time: 6.193 ms
Execution time: 75847.170 ms
