Seq Scan on title t  (cost=0.00..73925.90 rows=42609 width=0) (actual time=0.019..678.839 rows=50164 loops=1)
  Filter: ((kind_id > 2) AND (production_year = 2002))
  Rows Removed by Filter: 2478148
Planning time: 0.380 ms
Execution time: 684.959 ms
