Seq Scan on cast_info ci  (cost=0.00..705507.15 rows=500 width=0) (actual time=4731.396..10939.328 rows=107 loops=1)
  Filter: (person_id = 2803310)
  Rows Removed by Filter: 36244237
Planning time: 0.329 ms
Execution time: 10939.446 ms
