Seq Scan on movie_keyword mk  (cost=0.00..81003.12 rows=1895942 width=0) (actual time=0.020..1553.656 rows=1905048 loops=1)
  Filter: (keyword_id > 7091)
  Rows Removed by Filter: 2618882
Planning time: 0.316 ms
Execution time: 1788.767 ms
