Hash Join  (cost=74006.02..440109.36 rows=13341 width=0) (actual time=1327.880..8115.298 rows=16532 loops=1)
  Hash Cond: (mi.movie_id = t.id)
  ->  Seq Scan on movie_info mi  (cost=0.00..346232.03 rows=5263441 width=4) (actual time=0.022..5896.726 rows=5270569 loops=1)
        Filter: (info_type_id > 15)
        Rows Removed by Filter: 9565151
  ->  Hash  (cost=73925.90..73925.90 rows=6409 width=4) (actual time=1298.287..1298.287 rows=8422 loops=1)
        Buckets: 16384 (originally 8192)  Batches: 1 (originally 1)  Memory Usage: 425kB
        ->  Seq Scan on title t  (cost=0.00..73925.90 rows=6409 width=4) (actual time=468.733..1294.359 rows=8422 loops=1)
              Filter: ((production_year < 2004) AND (kind_id = 6))
              Rows Removed by Filter: 2519890
Planning time: 0.824 ms
Execution time: 8118.109 ms
