Hash Join  (cost=191963.29..1366776.59 rows=10495283 width=0) (actual time=11032.536..98274.306 rows=24425125 loops=1)
  Hash Cond: (ci.movie_id = t.id)
  ->  Seq Scan on cast_info ci  (cost=0.00..705507.15 rows=31224351 width=4) (actual time=0.022..54815.672 rows=31197417 loops=1)
        Filter: (person_id < 3164652)
        Rows Removed by Filter: 5046927
  ->  Hash  (cost=178019.53..178019.53 rows=849901 width=8) (actual time=11031.477..11031.477 rows=676575 loops=1)
        Buckets: 131072  Batches: 16  Memory Usage: 2646kB
        ->  Hash Join  (cost=95159.82..178019.53 rows=849901 width=8) (actual time=6111.986..10762.660 rows=676575 loops=1)
              Hash Cond: (mc.movie_id = t.id)
              ->  Seq Scan on movie_companies mc  (cost=0.00..51404.11 rows=1279517 width=4) (actual time=820.698..3645.340 rows=1274246 loops=1)
                    Filter: (company_type_id = 1)
                    Rows Removed by Filter: 1334883
              ->  Hash  (cost=67604.59..67604.59 rows=1679539 width=4) (actual time=5290.461..5290.461 rows=1673541 loops=1)
                    Buckets: 131072  Batches: 32  Memory Usage: 2866kB
                    ->  Seq Scan on title t  (cost=0.00..67604.59 rows=1679539 width=4) (actual time=0.025..4517.603 rows=1673541 loops=1)
                          Filter: (production_year > 1993)
                          Rows Removed by Filter: 854771
Planning time: 1.188 ms
Execution time: 101790.584 ms
