Hash Join  (cost=69460.45..904014.43 rows=141690 width=0) (actual time=8327.366..16712.240 rows=399991 loops=1)
  Hash Cond: (ci.movie_id = t.id)
  ->  Seq Scan on cast_info ci  (cost=0.00..796071.18 rows=3167440 width=4) (actual time=7209.742..12639.830 rows=7459995 loops=1)
        Filter: ((person_id > 2764662) AND (role_id > 3))
        Rows Removed by Filter: 28784349
  ->  Hash  (cost=67604.59..67604.59 rows=113109 width=4) (actual time=1116.509..1116.509 rows=119565 loops=1)
        Buckets: 131072  Batches: 2  Memory Usage: 3115kB
        ->  Seq Scan on title t  (cost=0.00..67604.59 rows=113109 width=4) (actual time=0.023..1072.584 rows=119565 loops=1)
              Filter: (production_year = 2007)
              Rows Removed by Filter: 2408747
Planning time: 0.777 ms
Execution time: 16762.790 ms
