Seq Scan on movie_keyword mk  (cost=0.00..81003.12 rows=246 width=0) (actual time=180.993..1457.466 rows=17 loops=1)
  Filter: (keyword_id = 38143)
  Rows Removed by Filter: 4523913
Planning time: 0.224 ms
Execution time: 1457.569 ms
