Seq Scan on cast_info ci  (cost=0.00..705507.15 rows=4396071 width=0) (actual time=933.229..10756.433 rows=4263537 loops=1)
  Filter: (person_id < 411060)
  Rows Removed by Filter: 31980807
Planning time: 0.270 ms
Execution time: 11289.631 ms
