Seq Scan on cast_info ci  (cost=0.00..705507.15 rows=500 width=0) (actual time=6269.664..11028.531 rows=84 loops=1)
  Filter: (person_id = 346295)
  Rows Removed by Filter: 36244260
Planning time: 0.399 ms
Execution time: 11028.611 ms
