Seq Scan on movie_companies mc  (cost=0.00..51404.11 rows=1645634 width=0) (actual time=0.044..938.724 rows=1635471 loops=1)
  Filter: (company_id < 17570)
  Rows Removed by Filter: 973658
Planning time: 0.375 ms
Execution time: 1142.602 ms
