Seq Scan on movie_companies mc  (cost=0.00..51404.11 rows=104 width=0) (actual time=245.201..842.818 rows=178 loops=1)
  Filter: (company_id = 5090)
  Rows Removed by Filter: 2608951
Planning time: 0.406 ms
Execution time: 842.916 ms
