Hash Join  (cost=94699.36..905278.85 rows=6184 width=0) (actual time=23095.610..42248.932 rows=87651 loops=1)
  Hash Cond: (ci.movie_id = t.id)
  ->  Seq Scan on cast_info ci  (cost=0.00..796071.18 rows=3852393 width=4) (actual time=18237.330..35229.969 rows=7823941 loops=1)
        Filter: ((person_id < 1067559) AND (role_id = 1))
        Rows Removed by Filter: 28420403
  ->  Hash  (cost=94648.62..94648.62 rows=4059 width=8) (actual time=4857.729..4857.729 rows=12122 loops=1)
        Buckets: 16384 (originally 4096)  Batches: 1 (originally 1)  Memory Usage: 602kB
        ->  Hash Join  (cost=67697.55..94648.62 rows=4059 width=8) (actual time=2921.152..4852.414 rows=12122 loops=1)
              Hash Cond: (mi_idx.movie_id = t.id)
              ->  Seq Scan on movie_info_idx mi_idx  (cost=0.00..21735.35 rows=1380035 width=4) (actual time=0.029..1451.722 rows=1380035 loops=1)
              ->  Hash  (cost=67604.59..67604.59 rows=7437 width=4) (actual time=2911.341..2911.341 rows=15489 loops=1)
                    Buckets: 16384 (originally 8192)  Batches: 1 (originally 1)  Memory Usage: 673kB
                    ->  Seq Scan on title t  (cost=0.00..67604.59 rows=7437 width=4) (actual time=0.122..2903.169 rows=15489 loops=1)
                          Filter: (production_year = 1983)
                          Rows Removed by Filter: 2512823
Planning time: 4.799 ms
Execution time: 42262.786 ms
