Hash Join  (cost=172022.87..265318.16 rows=49344 width=0) (actual time=3420.270..5370.426 rows=168367 loops=1)
  Hash Cond: (mk.movie_id = t.id)
  ->  Seq Scan on movie_keyword mk  (cost=0.00..81003.12 rows=3146325 width=4) (actual time=0.023..1413.427 rows=3137697 loops=1)
        Filter: (keyword_id > 1871)
        Rows Removed by Filter: 1386233
  ->  Hash  (cost=171527.19..171527.19 rows=39655 width=8) (actual time=3419.844..3419.844 rows=66520 loops=1)
        Buckets: 131072 (originally 65536)  Batches: 1 (originally 1)  Memory Usage: 3623kB
        ->  Hash Join  (cost=102767.86..171527.19 rows=39655 width=8) (actual time=2189.666..3394.208 rows=66520 loops=1)
              Hash Cond: (mc.movie_id = t.id)
              ->  Seq Scan on movie_companies mc  (cost=0.00..57926.93 rows=39655 width=4) (actual time=180.685..967.879 rows=66520 loops=1)
                    Filter: ((company_id < 19) AND (company_type_id < 2))
                    Rows Removed by Filter: 2542609
              ->  Hash  (cost=61283.27..61283.27 rows=2528527 width=4) (actual time=2007.644..2007.644 rows=2528312 loops=1)
                    Buckets: 131072  Batches: 64  Memory Usage: 2415kB
                    ->  Seq Scan on title t  (cost=0.00..61283.27 rows=2528527 width=4) (actual time=0.031..1163.529 rows=2528312 loops=1)
Planning time: 1.174 ms
Execution time: 5391.896 ms
