Hash Join  (cost=130483.89..882608.31 rows=133525 width=0) (actual time=2272.441..21752.297 rows=791342 loops=1)
  Hash Cond: (ci.movie_id = t.id)
  ->  Seq Scan on cast_info ci  (cost=0.00..614943.12 rows=36225612 width=4) (actual time=0.019..9202.646 rows=36244344 loops=1)
  ->  Hash  (cost=130367.39..130367.39 rows=9320 width=8) (actual time=2272.271..2272.271 rows=27546 loops=1)
        Buckets: 32768 (originally 16384)  Batches: 1 (originally 1)  Memory Usage: 1333kB
        ->  Hash Join  (cost=69283.60..130367.39 rows=9320 width=8) (actual time=1497.773..2261.729 rows=27546 loops=1)
              Hash Cond: (mc.movie_id = t.id)
              ->  Seq Scan on movie_companies mc  (cost=0.00..57926.93 rows=230308 width=4) (actual time=265.806..987.145 rows=454423 loops=1)
                    Filter: ((company_id > 76907) AND (company_type_id > 1))
                    Rows Removed by Filter: 2154706
              ->  Hash  (cost=67604.59..67604.59 rows=102321 width=4) (actual time=1077.530..1077.530 rows=100537 loops=1)
                    Buckets: 131072  Batches: 2  Memory Usage: 2797kB
                    ->  Seq Scan on title t  (cost=0.00..67604.59 rows=102321 width=4) (actual time=0.023..1043.357 rows=100537 loops=1)
                          Filter: (kind_id = 3)
                          Rows Removed by Filter: 2427775
Planning time: 1.171 ms
Execution time: 21866.285 ms
