Hash Join  (cost=195878.02..640375.51 rows=1284920 width=0) (actual time=5322.731..14221.986 rows=2164791 loops=1)
  Hash Cond: (mi.movie_id = t.id)
  ->  Seq Scan on movie_info mi  (cost=0.00..346232.03 rows=7235534 width=4) (actual time=1259.715..6521.157 rows=7286865 loops=1)
        Filter: (info_type_id < 8)
        Rows Removed by Filter: 7548855
  ->  Hash  (cost=188510.17..188510.17 rows=449028 width=8) (actual time=4060.976..4060.976 rows=212707 loops=1)
        Buckets: 131072  Batches: 8  Memory Usage: 2073kB
        ->  Hash Join  (cost=76379.89..188510.17 rows=449028 width=8) (actual time=1521.649..3995.961 rows=212707 loops=1)
              Hash Cond: (mk.movie_id = t.id)
              ->  Seq Scan on movie_keyword mk  (cost=0.00..81003.12 rows=2122902 width=4) (actual time=0.034..1505.139 rows=2124879 loops=1)
                    Filter: (keyword_id < 3919)
                    Rows Removed by Filter: 2399051
              ->  Hash  (cost=67604.59..67604.59 rows=534824 width=4) (actual time=1520.537..1520.537 rows=533369 loops=1)
                    Buckets: 131072  Batches: 8  Memory Usage: 3376kB
                    ->  Seq Scan on title t  (cost=0.00..67604.59 rows=534824 width=4) (actual time=0.019..1101.961 rows=533369 loops=1)
                          Filter: (production_year > 2009)
                          Rows Removed by Filter: 1994943
Planning time: 1.266 ms
Execution time: 14482.145 ms
