Seq Scan on title t  (cost=0.00..73925.90 rows=233760 width=0) (actual time=405.264..1241.240 rows=353075 loops=1)
  Filter: ((production_year < 1997) AND (kind_id = 1))
  Rows Removed by Filter: 2175237
Planning time: 0.371 ms
Execution time: 1284.542 ms
