Seq Scan on movie_keyword mk  (cost=0.00..81003.12 rows=246 width=0) (actual time=0.135..3621.946 rows=3551 loops=1)
  Filter: (keyword_id = 7105)
  Rows Removed by Filter: 4520379
Planning time: 3.614 ms
Execution time: 3623.182 ms
