Hash Join  (cost=460883.61..1219524.99 rows=785221 width=0) (actual time=7598.734..29058.882 rows=5439638 loops=1)
  Hash Cond: (ci.movie_id = t.id)
  ->  Seq Scan on cast_info ci  (cost=0.00..614943.12 rows=36225612 width=4) (actual time=0.023..9567.570 rows=36244344 loops=1)
  ->  Hash  (cost=460198.51..460198.51 rows=54808 width=8) (actual time=7598.255..7598.255 rows=50267 loops=1)
        Buckets: 65536  Batches: 1  Memory Usage: 2476kB
        ->  Hash Join  (cost=102767.86..460198.51 rows=54808 width=8) (actual time=3395.992..7581.407 rows=50267 loops=1)
              Hash Cond: (mi.movie_id = t.id)
              ->  Seq Scan on movie_info mi  (cost=0.00..346232.03 rows=54808 width=4) (actual time=1467.326..5250.762 rows=50267 loops=1)
                    Filter: (info_type_id > 107)
                    Rows Removed by Filter: 14785453
              ->  Hash  (cost=61283.27..61283.27 rows=2528527 width=4) (actual time=1897.905..1897.905 rows=2528312 loops=1)
                    Buckets: 131072  Batches: 64  Memory Usage: 2425kB
                    ->  Seq Scan on title t  (cost=0.00..61283.27 rows=2528527 width=4) (actual time=0.023..1056.370 rows=2528312 loops=1)
Planning time: 1.161 ms
Execution time: 29758.436 ms
