Seq Scan on cast_info ci  (cost=0.00..705507.15 rows=18483709 width=0) (actual time=1280.067..11751.334 rows=18649595 loops=1)
  Filter: (person_id > 1741522)
  Rows Removed by Filter: 17594749
Planning time: 4.367 ms
Execution time: 14045.759 ms
