Nested Loop  (cost=0.43..52283.95 rows=22 width=0) (actual time=49.095..864.359 rows=37 loops=1)
  ->  Seq Scan on movie_companies mc  (cost=0.00..51404.11 rows=104 width=4) (actual time=23.599..862.575 rows=67 loops=1)
        Filter: (company_id = 15427)
        Rows Removed by Filter: 2609062
  ->  Index Scan using title_pkey on title t  (cost=0.43..8.45 rows=1 width=4) (actual time=0.024..0.024 rows=1 loops=67)
        Index Cond: (id = mc.movie_id)
        Filter: (production_year > 2009)
        Rows Removed by Filter: 0
Planning time: 0.562 ms
Execution time: 864.464 ms
