Hash Join  (cost=234427.15..392066.86 rows=2572816 width=0) (actual time=5212.319..10163.184 rows=3713379 loops=1)
  Hash Cond: (mk.movie_id = t.id)
  ->  Seq Scan on movie_keyword mk  (cost=0.00..81003.12 rows=3387685 width=4) (actual time=0.020..1747.209 rows=3377245 loops=1)
        Filter: (keyword_id < 16264)
        Rows Removed by Filter: 1146685
  ->  Hash  (cost=202921.16..202921.16 rows=1920319 width=8) (actual time=5209.712..5209.712 rows=1301439 loops=1)
        Buckets: 131072  Batches: 32  Memory Usage: 2591kB
        ->  Hash Join  (cost=98137.04..202921.16 rows=1920319 width=8) (actual time=1942.654..4806.034 rows=1301439 loops=1)
              Hash Cond: (mc.movie_id = t.id)
              ->  Seq Scan on movie_companies mc  (cost=0.00..44881.29 rows=2609129 width=4) (actual time=0.024..868.568 rows=2609129 loops=1)
              ->  Hash  (cost=67604.59..67604.59 rows=1860996 width=4) (actual time=1941.424..1941.424 rows=1865487 loops=1)
                    Buckets: 131072  Batches: 32  Memory Usage: 3079kB
                    ->  Seq Scan on title t  (cost=0.00..67604.59 rows=1860996 width=4) (actual time=0.018..1342.294 rows=1865487 loops=1)
                          Filter: (kind_id > 1)
                          Rows Removed by Filter: 662825
Planning time: 1.089 ms
Execution time: 10611.321 ms
