Seq Scan on cast_info ci  (cost=0.00..796071.18 rows=14998245 width=0) (actual time=694.133..14648.788 rows=13288266 loops=1)
  Filter: ((person_id > 1336878) AND (role_id < 4))
  Rows Removed by Filter: 22956078
Planning time: 0.330 ms
Execution time: 16227.764 ms
