Hash Join  (cost=186347.06..687427.60 rows=1993763 width=0) (actual time=4372.008..19082.034 rows=7810239 loops=1)
  Hash Cond: (mi.movie_id = t.id)
  ->  Seq Scan on movie_info mi  (cost=0.00..309384.22 rows=14739122 width=4) (actual time=0.024..5867.125 rows=14835720 loops=1)
  ->  Hash  (cost=180734.63..180734.63 rows=342034 width=8) (actual time=4371.213..4371.213 rows=201268 loops=1)
        Buckets: 131072  Batches: 8  Memory Usage: 1997kB
        ->  Hash Join  (cost=80562.70..180734.63 rows=342034 width=8) (actual time=2181.127..4308.521 rows=201268 loops=1)
              Hash Cond: (mk.movie_id = t.id)
              ->  Seq Scan on movie_keyword mk  (cost=0.00..81003.12 rows=1095058 width=4) (actual time=0.023..1430.158 rows=1102686 loops=1)
                    Filter: (keyword_id < 1135)
                    Rows Removed by Filter: 3421244
              ->  Hash  (cost=67604.59..67604.59 rows=789769 width=4) (actual time=2180.217..2180.217 rows=784926 loops=1)
                    Buckets: 131072  Batches: 16  Memory Usage: 2756kB
                    ->  Seq Scan on title t  (cost=0.00..67604.59 rows=789769 width=4) (actual time=0.019..1263.803 rows=784926 loops=1)
                          Filter: (production_year > 2007)
                          Rows Removed by Filter: 1743386
Planning time: 1.350 ms
Execution time: 19997.885 ms
