Hash Join  (cost=124175.70..875525.19 rows=56032 width=0) (actual time=2323.647..19645.676 rows=104827 loops=1)
  Hash Cond: (ci.movie_id = t.id)
  ->  Seq Scan on cast_info ci  (cost=0.00..614943.12 rows=36225612 width=4) (actual time=0.023..9018.279 rows=36244344 loops=1)
  ->  Hash  (cost=124126.82..124126.82 rows=3911 width=8) (actual time=2323.265..2323.265 rows=7009 loops=1)
        Buckets: 8192 (originally 4096)  Batches: 1 (originally 1)  Memory Usage: 338kB
        ->  Hash Join  (cost=67697.55..124126.82 rows=3911 width=8) (actual time=1044.653..2319.791 rows=7009 loops=1)
              Hash Cond: (mc.movie_id = t.id)
              ->  Seq Scan on movie_companies mc  (cost=0.00..51404.11 rows=1329612 width=4) (actual time=24.232..1057.347 rows=1334883 loops=1)
                    Filter: (company_type_id = 2)
                    Rows Removed by Filter: 1274246
              ->  Hash  (cost=67604.59..67604.59 rows=7437 width=4) (actual time=1019.331..1019.331 rows=8007 loops=1)
                    Buckets: 8192  Batches: 1  Memory Usage: 346kB
                    ->  Seq Scan on title t  (cost=0.00..67604.59 rows=7437 width=4) (actual time=0.407..1015.284 rows=8007 loops=1)
                          Filter: (production_year = 1955)
                          Rows Removed by Filter: 2520305
Planning time: 1.260 ms
Execution time: 19664.714 ms
