Hash Join  (cost=232213.58..700117.89 rows=3085084 width=0) (actual time=4954.663..15020.681 rows=1725072 loops=1)
  Hash Cond: (mi.movie_id = t.id)
  ->  Seq Scan on movie_info mi  (cost=0.00..346232.03 rows=7503588 width=4) (actual time=0.011..6618.157 rows=7548855 loops=1)
        Filter: (info_type_id > 7)
        Rows Removed by Filter: 7286865
  ->  Hash  (cost=215157.60..215157.60 rows=1039598 width=8) (actual time=4953.489..4953.489 rows=243383 loops=1)
        Buckets: 131072  Batches: 16  Memory Usage: 1624kB
        ->  Hash Join  (cost=95541.49..215157.60 rows=1039598 width=8) (actual time=3634.241..4880.095 rows=243383 loops=1)
              Hash Cond: (mk.movie_id = t.id)
              ->  Seq Scan on movie_keyword mk  (cost=0.00..81003.12 rows=1995202 width=4) (actual time=0.024..1615.299 rows=2001622 loops=1)
                    Filter: (keyword_id < 3546)
                    Rows Removed by Filter: 2522308
              ->  Hash  (cost=73925.90..73925.90 rows=1317487 width=4) (actual time=2044.938..2044.938 rows=1399348 loops=1)
                    Buckets: 131072  Batches: 32  Memory Usage: 2569kB
                    ->  Seq Scan on title t  (cost=0.00..73925.90 rows=1317487 width=4) (actual time=0.024..1569.276 rows=1399348 loops=1)
                          Filter: ((production_year > 1964) AND (kind_id = 7))
                          Rows Removed by Filter: 1128964
Planning time: 1.161 ms
Execution time: 15185.121 ms
