Hash Join  (cost=175760.75..216163.27 rows=157904 width=0) (actual time=3434.249..5262.549 rows=413543 loops=1)
  Hash Cond: (mi_idx.movie_id = t.id)
  ->  Seq Scan on movie_info_idx mi_idx  (cost=0.00..21735.35 rows=1380035 width=4) (actual time=0.008..452.935 rows=1380035 loops=1)
  ->  Hash  (cost=171013.32..171013.32 rows=289314 width=8) (actual time=3433.577..3433.577 rows=293910 loops=1)
        Buckets: 131072  Batches: 4  Memory Usage: 3896kB
        ->  Hash Join  (cost=102767.86..171013.32 rows=289314 width=8) (actual time=1912.081..3344.415 rows=293910 loops=1)
              Hash Cond: (mc.movie_id = t.id)
              ->  Seq Scan on movie_companies mc  (cost=0.00..51404.11 rows=289314 width=4) (actual time=13.801..766.045 rows=293910 loops=1)
                    Filter: (company_id > 94773)
                    Rows Removed by Filter: 2315219
              ->  Hash  (cost=61283.27..61283.27 rows=2528527 width=4) (actual time=1897.374..1897.374 rows=2528312 loops=1)
                    Buckets: 131072  Batches: 64  Memory Usage: 2415kB
                    ->  Seq Scan on title t  (cost=0.00..61283.27 rows=2528527 width=4) (actual time=0.018..1056.199 rows=2528312 loops=1)
Planning time: 1.244 ms
Execution time: 5331.708 ms
