Hash Join  (cost=985143.67..1757610.27 rows=22247996 width=0) (actual time=21948.483..46953.570 rows=36115983 loops=1)
  Hash Cond: (mi.movie_id = t.id)
  ->  Seq Scan on movie_info mi  (cost=0.00..309384.22 rows=14739122 width=4) (actual time=0.019..6062.722 rows=14835720 loops=1)
  ->  Hash  (cost=922526.05..922526.05 rows=3816690 width=8) (actual time=21909.599..21909.599 rows=4214361 loops=1)
        Buckets: 131072  Batches: 64  Memory Usage: 3627kB
        ->  Hash Join  (cost=89299.55..922526.05 rows=3816690 width=8) (actual time=10216.470..20263.431 rows=4214361 loops=1)
              Hash Cond: (ci.movie_id = t.id)
              ->  Seq Scan on cast_info ci  (cost=0.00..705507.15 rows=7298253 width=4) (actual time=7845.785..12588.438 rows=7451973 loops=1)
                    Filter: (role_id = 2)
                    Rows Removed by Filter: 28792371
              ->  Hash  (cost=67604.59..67604.59 rows=1322317 width=4) (actual time=2369.667..2369.667 rows=1322863 loops=1)
                    Buckets: 131072  Batches: 32  Memory Usage: 2481kB
                    ->  Seq Scan on title t  (cost=0.00..67604.59 rows=1322317 width=4) (actual time=0.025..1260.630 rows=1322863 loops=1)
                          Filter: (production_year > 2001)
                          Rows Removed by Filter: 1205449
Planning time: 14.638 ms
Execution time: 51451.338 ms
