Seq Scan on cast_info ci  (cost=0.00..705507.15 rows=500 width=0) (actual time=924.796..10863.213 rows=8 loops=1)
  Filter: (person_id = 1272902)
  Rows Removed by Filter: 36244336
Planning time: 2.041 ms
Execution time: 10863.317 ms
