Nested Loop  (cost=0.43..118456.73 rows=5127 width=0) (actual time=0.468..1409.464 rows=4676 loops=1)
  ->  Seq Scan on movie_keyword mk  (cost=0.00..81003.12 rows=5127 width=4) (actual time=0.422..1251.324 rows=4676 loops=1)
        Filter: (keyword_id = 2849)
        Rows Removed by Filter: 4519254
  ->  Index Only Scan using title_pkey on title t  (cost=0.43..7.30 rows=1 width=4) (actual time=0.033..0.033 rows=1 loops=4676)
        Index Cond: (id = mk.movie_id)
        Heap Fetches: 4676
Planning time: 0.555 ms
Execution time: 1410.884 ms
