Nested Loop  (cost=0.43..52283.95 rows=27 width=0) (actual time=5.948..416.959 rows=89 loops=1)
  ->  Seq Scan on movie_companies mc  (cost=0.00..51404.11 rows=104 width=4) (actual time=5.901..407.311 rows=550 loops=1)
        Filter: (company_id = 494)
        Rows Removed by Filter: 2608579
  ->  Index Scan using title_pkey on title t  (cost=0.43..8.45 rows=1 width=4) (actual time=0.017..0.017 rows=0 loops=550)
        Index Cond: (id = mc.movie_id)
        Filter: (kind_id < 2)
        Rows Removed by Filter: 1
Planning time: 0.823 ms
Execution time: 417.114 ms
