Seq Scan on cast_info ci  (cost=0.00..705507.15 rows=500 width=0) (actual time=4355.537..9961.363 rows=72 loops=1)
  Filter: (person_id = 383973)
  Rows Removed by Filter: 36244272
Planning time: 0.427 ms
Execution time: 9961.512 ms
