Hash Join  (cost=82470.04..883869.35 rows=1418951 width=0) (actual time=1446.862..17741.880 rows=1804582 loops=1)
  Hash Cond: (ci.movie_id = t.id)
  ->  Seq Scan on cast_info ci  (cost=0.00..705507.15 rows=6890039 width=4) (actual time=0.034..12168.800 rows=6820598 loops=1)
        Filter: (person_id < 659495)
        Rows Removed by Filter: 29423746
  ->  Hash  (cost=73925.90..73925.90 rows=520731 width=4) (actual time=1445.982..1445.982 rows=600680 loops=1)
        Buckets: 131072  Batches: 8  Memory Usage: 3675kB
        ->  Seq Scan on title t  (cost=0.00..73925.90 rows=520731 width=4) (actual time=0.027..1253.391 rows=600680 loops=1)
              Filter: ((kind_id < 6) AND (production_year < 2005))
              Rows Removed by Filter: 1927632
Planning time: 0.741 ms
Execution time: 17959.373 ms
