Hash Join  (cost=78556.72..918421.94 rows=765560 width=0) (actual time=2283.874..16707.078 rows=1749730 loops=1)
  Hash Cond: (ci.movie_id = t.id)
  ->  Seq Scan on cast_info ci  (cost=0.00..796071.18 rows=2899850 width=4) (actual time=964.563..11949.443 rows=5875543 loops=1)
        Filter: ((person_id < 795944) AND (role_id < 2))
        Rows Removed by Filter: 30368801
  ->  Hash  (cost=67604.59..67604.59 rows=667531 width=4) (actual time=1318.358..1318.358 rows=662825 loops=1)
        Buckets: 131072  Batches: 16  Memory Usage: 2476kB
        ->  Seq Scan on title t  (cost=0.00..67604.59 rows=667531 width=4) (actual time=16.122..1111.017 rows=662825 loops=1)
              Filter: (kind_id = 1)
              Rows Removed by Filter: 1865487
Planning time: 3.921 ms
Execution time: 16923.268 ms
