Hash Join  (cost=483655.28..1364139.97 rows=3134055 width=0) (actual time=12032.272..32853.755 rows=17370304 loops=1)
  Hash Cond: (ci.movie_id = t.id)
  ->  Seq Scan on cast_info ci  (cost=0.00..705507.15 rows=12203201 width=4) (actual time=3928.252..13618.343 rows=12113646 loops=1)
        Filter: (role_id > 3)
        Rows Removed by Filter: 24130698
  ->  Hash  (cost=473001.00..473001.00 rows=649382 width=8) (actual time=8102.992..8102.992 rows=735622 loops=1)
        Buckets: 131072  Batches: 16  Memory Usage: 2838kB
        ->  Hash Join  (cost=82706.43..473001.00 rows=649382 width=8) (actual time=4551.485..7889.098 rows=735622 loops=1)
              Hash Cond: (mi.movie_id = t.id)
              ->  Seq Scan on movie_info mi  (cost=0.00..346232.03 rows=3068194 width=4) (actual time=3139.194..4821.011 rows=3036719 loops=1)
                    Filter: (info_type_id = 16)
                    Rows Removed by Filter: 11799001
              ->  Hash  (cost=73925.90..73925.90 rows=535162 width=4) (actual time=1411.179..1411.179 rows=414258 loops=1)
                    Buckets: 131072  Batches: 8  Memory Usage: 2850kB
                    ->  Seq Scan on title t  (cost=0.00..73925.90 rows=535162 width=4) (actual time=0.032..1269.658 rows=414258 loops=1)
                          Filter: ((kind_id < 4) AND (production_year > 1996))
                          Rows Removed by Filter: 2114054
Planning time: 1.156 ms
Execution time: 34662.314 ms
