Hash Join  (cost=52284.99..418940.68 rows=224 width=0) (actual time=1873.017..7309.320 rows=665 loops=1)
  Hash Cond: (mi.movie_id = t.id)
  ->  Seq Scan on movie_info mi  (cost=0.00..346232.03 rows=5445713 width=4) (actual time=738.606..5759.913 rows=5410520 loops=1)
        Filter: (info_type_id < 6)
        Rows Removed by Filter: 9425200
  ->  Hash  (cost=52283.69..52283.69 rows=104 width=8) (actual time=793.750..793.750 rows=230 loops=1)
        Buckets: 1024  Batches: 1  Memory Usage: 17kB
        ->  Nested Loop  (cost=0.43..52283.69 rows=104 width=8) (actual time=70.399..793.611 rows=230 loops=1)
              ->  Seq Scan on movie_companies mc  (cost=0.00..51404.11 rows=104 width=4) (actual time=70.303..786.921 rows=230 loops=1)
                    Filter: (company_id = 4808)
                    Rows Removed by Filter: 2608899
              ->  Index Only Scan using title_pkey on title t  (cost=0.43..8.45 rows=1 width=4) (actual time=0.028..0.028 rows=1 loops=230)
                    Index Cond: (id = mc.movie_id)
                    Heap Fetches: 230
Planning time: 1.183 ms
Execution time: 7309.536 ms
