Hash Join  (cost=83073.67..110001.43 rows=20 width=0) (actual time=1588.490..1776.114 rows=1 loops=1)
  Hash Cond: (mi_idx.movie_id = t.id)
  ->  Seq Scan on movie_info_idx mi_idx  (cost=0.00..25185.44 rows=464566 width=4) (actual time=0.025..435.696 rows=459925 loops=1)
        Filter: (info_type_id = 101)
        Rows Removed by Filter: 920110
  ->  Hash  (cost=83072.29..83072.29 rows=111 width=8) (actual time=1278.681..1278.681 rows=1 loops=1)
        Buckets: 1024  Batches: 1  Memory Usage: 9kB
        ->  Nested Loop  (cost=0.43..83072.29 rows=111 width=8) (actual time=628.552..1278.673 rows=1 loops=1)
              ->  Seq Scan on movie_keyword mk  (cost=0.00..81003.12 rows=246 width=4) (actual time=126.664..1278.509 rows=2 loops=1)
                    Filter: (keyword_id = 64766)
                    Rows Removed by Filter: 4523928
              ->  Index Scan using title_pkey on title t  (cost=0.43..8.40 rows=1 width=4) (actual time=0.072..0.073 rows=0 loops=2)
                    Index Cond: (id = mk.movie_id)
                    Filter: (production_year < 2002)
                    Rows Removed by Filter: 0
Planning time: 1.127 ms
Execution time: 1783.696 ms
