Seq Scan on movie_keyword mk  (cost=0.00..81003.12 rows=3288939 width=0) (actual time=0.024..1524.543 rows=3273125 loops=1)
  Filter: (keyword_id > 1590)
  Rows Removed by Filter: 1250805
Planning time: 0.302 ms
Execution time: 1944.947 ms
