Hash Join  (cost=100490.78..201834.77 rows=1670805 width=0) (actual time=1988.475..4911.115 rows=1194207 loops=1)
  Hash Cond: (mc.movie_id = t.id)
  ->  Seq Scan on movie_companies mc  (cost=0.00..44881.29 rows=2609129 width=4) (actual time=0.022..905.791 rows=2609129 loops=1)
  ->  Hash  (cost=73925.90..73925.90 rows=1619190 width=4) (actual time=1987.425..1987.425 rows=1731921 loops=1)
        Buckets: 131072  Batches: 32  Memory Usage: 2931kB
        ->  Seq Scan on title t  (cost=0.00..73925.90 rows=1619190 width=4) (actual time=0.022..1424.575 rows=1731921 loops=1)
              Filter: ((kind_id > 1) AND (production_year > 1961))
              Rows Removed by Filter: 796391
Planning time: 0.680 ms
Execution time: 5061.443 ms
