Seq Scan on cast_info ci  (cost=0.00..705507.15 rows=16958093 width=0) (actual time=0.025..12039.597 rows=16827489 loops=1)
  Filter: (person_id < 1663882)
  Rows Removed by Filter: 19416855
Planning time: 0.320 ms
Execution time: 14062.807 ms
