Hash Join  (cost=96071.96..659835.09 rows=7868421 width=0) (actual time=2011.913..16161.197 rows=3630404 loops=1)
  Hash Cond: (mi.movie_id = t.id)
  ->  Seq Scan on movie_info mi  (cost=0.00..309384.22 rows=14739122 width=4) (actual time=0.026..5794.636 rows=14835720 loops=1)
  ->  Hash  (cost=73925.90..73925.90 rows=1349844 width=4) (actual time=1779.388..1779.388 rows=1425014 loops=1)
        Buckets: 131072  Batches: 32  Memory Usage: 2597kB
        ->  Seq Scan on title t  (cost=0.00..73925.90 rows=1349844 width=4) (actual time=0.018..1322.685 rows=1425014 loops=1)
              Filter: ((production_year > 1960) AND (kind_id = 7))
              Rows Removed by Filter: 1103298
Planning time: 0.723 ms
Execution time: 16567.690 ms
