Seq Scan on movie_keyword mk  (cost=0.00..81003.12 rows=246 width=0) (actual time=2.030..1313.230 rows=681 loops=1)
  Filter: (keyword_id = 20630)
  Rows Removed by Filter: 4523249
Planning time: 0.347 ms
Execution time: 1313.641 ms
