Hash Join  (cost=186431.10..287267.02 rows=305974 width=0) (actual time=4723.814..5520.885 rows=76922 loops=1)
  Hash Cond: (mk.movie_id = t.id)
  ->  Seq Scan on movie_keyword mk  (cost=0.00..81003.12 rows=1239749 width=4) (actual time=0.021..1465.537 rows=1253357 loops=1)
        Filter: (keyword_id < 1603)
        Rows Removed by Filter: 3270573
  ->  Hash  (cost=176192.49..176192.49 rows=624049 width=8) (actual time=3514.276..3514.276 rows=85653 loops=1)
        Buckets: 131072  Batches: 16  Memory Usage: 1230kB
        ->  Hash Join  (cost=92883.59..176192.49 rows=624049 width=8) (actual time=2532.637..3484.967 rows=85653 loops=1)
              Hash Cond: (mc.movie_id = t.id)
              ->  Seq Scan on movie_companies mc  (cost=0.00..57926.93 rows=1024095 width=4) (actual time=0.026..1111.223 rows=892773 loops=1)
                    Filter: ((company_id > 475) AND (company_type_id < 2))
                    Rows Removed by Filter: 1716356
              ->  Hash  (cost=67604.59..67604.59 rows=1540800 width=4) (actual time=1678.460..1678.460 rows=1543264 loops=1)
                    Buckets: 131072  Batches: 32  Memory Usage: 2722kB
                    ->  Seq Scan on title t  (cost=0.00..67604.59 rows=1540800 width=4) (actual time=0.020..1203.146 rows=1543264 loops=1)
                          Filter: (kind_id = 7)
                          Rows Removed by Filter: 985048
Planning time: 1.198 ms
Execution time: 5529.198 ms
