Hash Join  (cost=102767.86..1486910.34 rows=27792451 width=0) (actual time=1774.264..40892.009 rows=27923675 loops=1)
  Hash Cond: (ci.movie_id = t.id)
  ->  Seq Scan on cast_info ci  (cost=0.00..705507.15 rows=27792451 width=4) (actual time=0.021..16490.444 rows=27923675 loops=1)
        Filter: (person_id > 814675)
        Rows Removed by Filter: 8320669
  ->  Hash  (cost=61283.27..61283.27 rows=2528527 width=4) (actual time=1773.338..1773.338 rows=2528312 loops=1)
        Buckets: 131072  Batches: 64  Memory Usage: 2415kB
        ->  Seq Scan on title t  (cost=0.00..61283.27 rows=2528527 width=4) (actual time=0.015..1003.380 rows=2528312 loops=1)
Planning time: 0.757 ms
Execution time: 44094.665 ms
