Hash Join  (cost=89602.09..165137.46 rows=502421 width=0) (actual time=1592.294..3316.816 rows=265300 loops=1)
  Hash Cond: (mc.movie_id = t.id)
  ->  Seq Scan on movie_companies mc  (cost=0.00..51404.11 rows=1329612 width=4) (actual time=0.280..964.670 rows=1334883 loops=1)
        Filter: (company_type_id = 2)
        Rows Removed by Filter: 1274246
  ->  Hash  (cost=73925.90..73925.90 rows=955455 width=4) (actual time=1591.077..1591.077 rows=885784 loops=1)
        Buckets: 131072  Batches: 16  Memory Usage: 2971kB
        ->  Seq Scan on title t  (cost=0.00..73925.90 rows=955455 width=4) (actual time=0.035..1313.594 rows=885784 loops=1)
              Filter: ((kind_id > 4) AND (production_year < 2007))
              Rows Removed by Filter: 1642528
Planning time: 1.690 ms
Execution time: 3341.472 ms
