Seq Scan on cast_info ci  (cost=0.00..705507.15 rows=14340817 width=0) (actual time=0.025..12285.589 rows=14495509 loops=1)
  Filter: (person_id > 2210571)
  Rows Removed by Filter: 21748835
Planning time: 0.330 ms
Execution time: 14088.855 ms
