Hash Join  (cost=139861.99..226604.89 rows=8486 width=0) (actual time=2348.200..4140.226 rows=2864 loops=1)
  Hash Cond: (mk.movie_id = t.id)
  ->  Seq Scan on movie_keyword mk  (cost=0.00..69693.30 rows=4523930 width=4) (actual time=0.020..1029.789 rows=4523930 loops=1)
  ->  Hash  (cost=139802.70..139802.70 rows=4743 width=8) (actual time=2334.251..2334.251 rows=471 loops=1)
        Buckets: 8192  Batches: 1  Memory Usage: 83kB
        ->  Hash Join  (cost=78930.19..139802.70 rows=4743 width=8) (actual time=1586.005..2333.901 rows=471 loops=1)
              Hash Cond: (mc.movie_id = t.id)
              ->  Seq Scan on movie_companies mc  (cost=0.00..57926.93 rows=17374 width=4) (actual time=193.691..844.062 rows=619 loops=1)
                    Filter: ((company_id = 160) AND (company_type_id = 2))
                    Rows Removed by Filter: 2608510
              ->  Hash  (cost=67604.59..67604.59 rows=690288 width=4) (actual time=1380.612..1380.612 rows=684146 loops=1)
                    Buckets: 131072  Batches: 16  Memory Usage: 2525kB
                    ->  Seq Scan on title t  (cost=0.00..67604.59 rows=690288 width=4) (actual time=0.033..1166.455 rows=684146 loops=1)
                          Filter: (production_year < 1990)
                          Rows Removed by Filter: 1844166
Planning time: 1.145 ms
Execution time: 4140.956 ms
