Hash Join  (cost=254684.96..1207640.43 rows=7831502 width=0) (actual time=12507.091..43636.561 rows=70087005 loops=1)
  Hash Cond: (ci.movie_id = t.id)
  ->  Seq Scan on cast_info ci  (cost=0.00..705507.15 rows=12726058 width=4) (actual time=5141.304..14498.049 rows=12670688 loops=1)
        Filter: (role_id = 1)
        Rows Removed by Filter: 23573656
  ->  Hash  (cost=229155.55..229155.55 rows=1556033 width=8) (actual time=7363.496..7363.496 rows=3752349 loops=1)
        Buckets: 131072 (originally 131072)  Batches: 64 (originally 32)  Memory Usage: 3365kB
        ->  Hash Join  (cost=88195.18..229155.55 rows=1556033 width=8) (actual time=1463.807..6265.671 rows=3752349 loops=1)
              Hash Cond: (mk.movie_id = t.id)
              ->  Seq Scan on movie_keyword mk  (cost=0.00..69693.30 rows=4523930 width=4) (actual time=0.022..1439.568 rows=4523930 loops=1)
              ->  Hash  (cost=73925.90..73925.90 rows=869702 width=4) (actual time=1462.942..1462.942 rows=896788 loops=1)
                    Buckets: 131072  Batches: 16  Memory Usage: 3007kB
                    ->  Seq Scan on title t  (cost=0.00..73925.90 rows=869702 width=4) (actual time=0.026..1183.580 rows=896788 loops=1)
                          Filter: ((kind_id < 7) AND (production_year < 2012))
                          Rows Removed by Filter: 1631524
Planning time: 0.805 ms
Execution time: 50827.032 ms
