Seq Scan on cast_info ci  (cost=0.00..705507.15 rows=500 width=0) (actual time=1041.479..10625.390 rows=39 loops=1)
  Filter: (person_id = 3003093)
  Rows Removed by Filter: 36244305
Planning time: 0.407 ms
Execution time: 10625.477 ms
