Seq Scan on title t  (cost=0.00..67604.59 rows=116312 width=0) (actual time=28.945..1053.362 rows=120365 loops=1)
  Filter: (production_year < 1932)
  Rows Removed by Filter: 2407947
Planning time: 0.347 ms
Execution time: 1068.452 ms
