Seq Scan on movie_keyword mk  (cost=0.00..81003.12 rows=200589 width=0) (actual time=132.589..1262.805 rows=202073 loops=1)
  Filter: (keyword_id > 68122)
  Rows Removed by Filter: 4321857
Planning time: 0.383 ms
Execution time: 1290.704 ms
