Hash Join  (cost=230871.90..786659.77 rows=5394301 width=0) (actual time=4565.246..18613.980 rows=2252669 loops=1)
  Hash Cond: (mi.movie_id = t.id)
  ->  Seq Scan on movie_info mi  (cost=0.00..309384.22 rows=14739122 width=4) (actual time=0.019..6305.921 rows=14835720 loops=1)
  ->  Hash  (cost=215689.35..215689.35 rows=925404 width=8) (actual time=4545.037..4545.037 rows=199426 loops=1)
        Buckets: 131072  Batches: 16  Memory Usage: 1494kB
        ->  Hash Join  (cost=82412.27..215689.35 rows=925404 width=8) (actual time=3142.198..4484.818 rows=199426 loops=1)
              Hash Cond: (mk.movie_id = t.id)
              ->  Seq Scan on movie_keyword mk  (cost=0.00..69693.30 rows=4523930 width=4) (actual time=0.023..1257.380 rows=4523930 loops=1)
              ->  Hash  (cost=73925.90..73925.90 rows=517229 width=4) (actual time=1393.356..1393.356 rows=403947 loops=1)
                    Buckets: 131072  Batches: 8  Memory Usage: 2790kB
                    ->  Seq Scan on title t  (cost=0.00..73925.90 rows=517229 width=4) (actual time=0.022..1086.968 rows=403947 loops=1)
                          Filter: ((production_year < 1996) AND (kind_id = 7))
                          Rows Removed by Filter: 2124365
Planning time: 1.203 ms
Execution time: 18892.405 ms
