Nested Loop  (cost=0.43..83072.29 rows=201 width=0) (actual time=158.343..1190.357 rows=31 loops=1)
  ->  Seq Scan on movie_keyword mk  (cost=0.00..81003.12 rows=246 width=4) (actual time=158.307..1186.710 rows=34 loops=1)
        Filter: (keyword_id = 12834)
        Rows Removed by Filter: 4523896
  ->  Index Scan using title_pkey on title t  (cost=0.43..8.40 rows=1 width=4) (actual time=0.101..0.102 rows=1 loops=34)
        Index Cond: (id = mk.movie_id)
        Filter: (production_year < 2011)
        Rows Removed by Filter: 0
Planning time: 0.733 ms
Execution time: 1190.492 ms
