Hash Join  (cost=217858.32..1275432.65 rows=10843675 width=0) (actual time=4696.250..34774.295 rows=18914082 loops=1)
  Hash Cond: (ci.movie_id = t.id)
  ->  Seq Scan on cast_info ci  (cost=0.00..705507.15 rows=20621448 width=4) (actual time=0.014..14940.816 rows=20756930 loops=1)
        Filter: (person_id > 1527219)
        Rows Removed by Filter: 15487414
  ->  Hash  (cost=196044.17..196044.17 rows=1329612 width=8) (actual time=4695.112..4695.112 rows=1334883 loops=1)
        Buckets: 131072  Batches: 32  Memory Usage: 2639kB
        ->  Hash Join  (cost=102767.86..196044.17 rows=1329612 width=8) (actual time=1934.419..4327.467 rows=1334883 loops=1)
              Hash Cond: (mc.movie_id = t.id)
              ->  Seq Scan on movie_companies mc  (cost=0.00..51404.11 rows=1329612 width=4) (actual time=0.024..959.626 rows=1334883 loops=1)
                    Filter: (company_type_id > 1)
                    Rows Removed by Filter: 1274246
              ->  Hash  (cost=61283.27..61283.27 rows=2528527 width=4) (actual time=1932.715..1932.715 rows=2528312 loops=1)
                    Buckets: 131072  Batches: 64  Memory Usage: 2415kB
                    ->  Seq Scan on title t  (cost=0.00..61283.27 rows=2528527 width=4) (actual time=0.016..1104.510 rows=2528312 loops=1)
Planning time: 1.178 ms
Execution time: 36798.799 ms
