Seq Scan on cast_info ci  (cost=0.00..796071.18 rows=3505829 width=0) (actual time=7713.864..15366.624 rows=3677318 loops=1)
  Filter: ((person_id > 418001) AND (role_id = 3))
  Rows Removed by Filter: 32567026
Planning time: 0.386 ms
Execution time: 15811.795 ms
