Hash Join  (cost=365418.15..1915136.26 rows=42921045 width=0) (actual time=8219.513..70985.323 rows=141383951 loops=1)
  Hash Cond: (ci.movie_id = t.id)
  ->  Seq Scan on cast_info ci  (cost=0.00..705507.15 rows=23989545 width=4) (actual time=0.020..15636.676 rows=23923716 loops=1)
        Filter: (person_id < 2453734)
        Rows Removed by Filter: 12320628
  ->  Hash  (cost=291197.02..291197.02 rows=4523930 width=8) (actual time=8217.534..8217.534 rows=4523930 loops=1)
        Buckets: 131072  Batches: 64  Memory Usage: 3816kB
        ->  Hash Join  (cost=102767.86..291197.02 rows=4523930 width=8) (actual time=1906.160..6943.163 rows=4523930 loops=1)
              Hash Cond: (mk.movie_id = t.id)
              ->  Seq Scan on movie_keyword mk  (cost=0.00..69693.30 rows=4523930 width=4) (actual time=0.020..1418.905 rows=4523930 loops=1)
              ->  Hash  (cost=61283.27..61283.27 rows=2528527 width=4) (actual time=1905.333..1905.333 rows=2528312 loops=1)
                    Buckets: 131072  Batches: 64  Memory Usage: 2425kB
                    ->  Seq Scan on title t  (cost=0.00..61283.27 rows=2528527 width=4) (actual time=0.014..1033.628 rows=2528312 loops=1)
Planning time: 0.769 ms
Execution time: 86227.482 ms
