Hash Join  (cost=209519.87..759209.71 rows=6549492 width=0) (actual time=5423.035..25404.183 rows=21537186 loops=1)
  Hash Cond: (mi.movie_id = t.id)
  ->  Seq Scan on movie_info mi  (cost=0.00..309384.22 rows=14739122 width=4) (actual time=0.020..5319.557 rows=14835720 loops=1)
  ->  Hash  (cost=191086.13..191086.13 rows=1123579 width=8) (actual time=5422.203..5422.203 rows=1134436 loops=1)
        Buckets: 131072  Batches: 16  Memory Usage: 3822kB
        ->  Hash Join  (cost=102767.86..191086.13 rows=1123579 width=8) (actual time=2043.199..4966.274 rows=1134436 loops=1)
              Hash Cond: (mc.movie_id = t.id)
              ->  Seq Scan on movie_companies mc  (cost=0.00..51404.11 rows=1123579 width=4) (actual time=0.027..1003.809 rows=1134436 loops=1)
                    Filter: (company_id > 13485)
                    Rows Removed by Filter: 1474693
              ->  Hash  (cost=61283.27..61283.27 rows=2528527 width=4) (actual time=2041.816..2041.816 rows=2528312 loops=1)
                    Buckets: 131072  Batches: 64  Memory Usage: 2415kB
                    ->  Seq Scan on title t  (cost=0.00..61283.27 rows=2528527 width=4) (actual time=0.019..1196.235 rows=2528312 loops=1)
Planning time: 1.105 ms
Execution time: 27909.190 ms
