Hash Join  (cost=97016.14..897943.79 rows=4957672 width=169) (actual time=2051.331..25094.310 rows=8343144 loops=1)
  Hash Cond: (mi.movie_id = t.id)
  ->  Seq Scan on movie_info mi  (cost=0.00..309384.22 rows=14739122 width=75) (actual time=0.017..6623.882 rows=14835720 loops=1)
  ->  Hash  (cost=73925.90..73925.90 rows=850499 width=94) (actual time=2050.978..2050.978 rows=765361 loops=1)
        Buckets: 32768  Batches: 32  Memory Usage: 2926kB
        ->  Seq Scan on title t  (cost=0.00..73925.90 rows=850499 width=94) (actual time=0.017..1475.058 rows=765361 loops=1)
              Filter: ((kind_id < 7) AND (production_year > 1963))
              Rows Removed by Filter: 1762951
Planning time: 0.937 ms
Execution time: 25582.298 ms
