Seq Scan on movie_keyword mk  (cost=0.00..81003.12 rows=35971 width=0) (actual time=0.027..1321.830 rows=33525 loops=1)
  Filter: (keyword_id > 108340)
  Rows Removed by Filter: 4490405
Planning time: 0.899 ms
Execution time: 1327.193 ms
