Seq Scan on movie_companies mc  (cost=0.00..57926.93 rows=1198032 width=0) (actual time=0.030..1128.792 rows=1274246 loops=1)
  Filter: ((company_id < 125838) AND (company_type_id = 1))
  Rows Removed by Filter: 1334883
Planning time: 0.384 ms
Execution time: 1282.192 ms
