Hash Join  (cost=83810.17..166625.80 rows=695748 width=0) (actual time=1737.916..4308.434 rows=1483072 loops=1)
  Hash Cond: (mc.movie_id = t.id)
  ->  Seq Scan on movie_companies mc  (cost=0.00..51404.11 rows=1781076 width=4) (actual time=0.026..1099.043 rows=1788254 loops=1)
        Filter: (company_id > 1961)
        Rows Removed by Filter: 820875
  ->  Hash  (cost=67604.59..67604.59 rows=987727 width=4) (actual time=1736.909..1736.909 rows=985048 loops=1)
        Buckets: 131072  Batches: 16  Memory Usage: 3188kB
        ->  Seq Scan on title t  (cost=0.00..67604.59 rows=987727 width=4) (actual time=0.017..1174.348 rows=985048 loops=1)
              Filter: (kind_id < 7)
              Rows Removed by Filter: 1543264
Planning time: 1.125 ms
Execution time: 4460.912 ms
