Hash Join  (cost=83661.18..198447.91 rows=530864 width=0) (actual time=8074.584..10735.796 rows=99074 loops=1)
  Hash Cond: (mk.movie_id = t.id)
  ->  Seq Scan on movie_keyword mk  (cost=0.00..81003.12 rows=2262125 width=4) (actual time=0.017..5041.878 rows=2265260 loops=1)
        Filter: (keyword_id < 4724)
        Rows Removed by Filter: 2258670
  ->  Hash  (cost=73925.90..73925.90 rows=593382 width=4) (actual time=4141.234..4141.234 rows=486368 loops=1)
        Buckets: 131072  Batches: 8  Memory Usage: 3153kB
        ->  Seq Scan on title t  (cost=0.00..73925.90 rows=593382 width=4) (actual time=0.026..3942.070 rows=486368 loops=1)
              Filter: ((production_year < 1999) AND (kind_id = 7))
              Rows Removed by Filter: 2041944
Planning time: 14.543 ms
Execution time: 10753.239 ms
