Hash Join  (cost=328003.35..2015027.94 rows=50364240 width=0) (actual time=7789.675..76737.866 rows=174543565 loops=1)
  Hash Cond: (ci.movie_id = t.id)
  ->  Seq Scan on cast_info ci  (cost=0.00..614943.12 rows=36225612 width=4) (actual time=0.020..13692.547 rows=36244344 loops=1)
  ->  Hash  (cost=270327.91..270327.91 rows=3515395 width=8) (actual time=7788.077..7788.077 rows=3257336 loops=1)
        Buckets: 131072  Batches: 64  Memory Usage: 3005kB
        ->  Hash Join  (cost=99841.01..270327.91 rows=3515395 width=8) (actual time=2210.166..6863.601 rows=3257336 loops=1)
              Hash Cond: (mk.movie_id = t.id)
              ->  Seq Scan on movie_keyword mk  (cost=0.00..69693.30 rows=4523930 width=4) (actual time=0.013..1440.059 rows=4523930 loops=1)
              ->  Hash  (cost=67604.59..67604.59 rows=1964834 width=4) (actual time=2208.031..2208.031 rows=1962189 loops=1)
                    Buckets: 131072  Batches: 32  Memory Usage: 3196kB
                    ->  Seq Scan on title t  (cost=0.00..67604.59 rows=1964834 width=4) (actual time=0.020..1304.315 rows=1962189 loops=1)
                          Filter: (production_year > 1978)
                          Rows Removed by Filter: 566123
Planning time: 1.198 ms
Execution time: 94487.019 ms
