Hash Join  (cost=147888.08..175191.42 rows=39286 width=0) (actual time=3312.574..4304.931 rows=692810 loops=1)
  Hash Cond: (mi_idx.movie_id = t.id)
  ->  Seq Scan on movie_info_idx mi_idx  (cost=0.00..21735.35 rows=1380035 width=4) (actual time=0.018..345.542 rows=1380035 loops=1)
  ->  Hash  (cost=146988.33..146988.33 rows=71980 width=8) (actual time=3311.796..3311.796 rows=363477 loops=1)
        Buckets: 131072 (originally 131072)  Batches: 2 (originally 1)  Memory Usage: 8154kB
        ->  Hash Join  (cost=77299.57..146988.33 rows=71980 width=8) (actual time=1377.814..3188.370 rows=363477 loops=1)
              Hash Cond: (mc.movie_id = t.id)
              ->  Seq Scan on movie_companies mc  (cost=0.00..57926.93 rows=885341 width=4) (actual time=0.026..1108.501 rows=1197974 loops=1)
                    Filter: ((company_id < 29216) AND (company_type_id < 2))
                    Rows Removed by Filter: 1411155
              ->  Hash  (cost=73925.90..73925.90 rows=205573 width=4) (actual time=1376.940..1376.940 rows=336290 loops=1)
                    Buckets: 131072  Batches: 4  Memory Usage: 3982kB
                    ->  Seq Scan on title t  (cost=0.00..73925.90 rows=205573 width=4) (actual time=290.824..1269.446 rows=336290 loops=1)
                          Filter: ((kind_id < 2) AND (production_year < 1994))
                          Rows Removed by Filter: 2192022
Planning time: 1.370 ms
Execution time: 4368.662 ms
