Hash Join  (cost=102767.86..1364949.13 rows=18960252 width=0) (actual time=4034.738..33524.508 rows=16507837 loops=1)
  Hash Cond: (ci.movie_id = t.id)
  ->  Seq Scan on cast_info ci  (cost=0.00..796071.18 rows=18960252 width=4) (actual time=2217.229..17455.408 rows=16507837 loops=1)
        Filter: ((person_id < 2959282) AND (role_id > 1))
        Rows Removed by Filter: 19736507
  ->  Hash  (cost=61283.27..61283.27 rows=2528527 width=4) (actual time=1816.266..1816.266 rows=2528312 loops=1)
        Buckets: 131072  Batches: 64  Memory Usage: 2415kB
        ->  Seq Scan on title t  (cost=0.00..61283.27 rows=2528527 width=4) (actual time=0.024..990.734 rows=2528312 loops=1)
Planning time: 0.760 ms
Execution time: 35364.403 ms
