Nested Loop  (cost=0.43..796578.78 rows=22 width=0) (actual time=468.078..10956.862 rows=5 loops=1)
  ->  Seq Scan on cast_info ci  (cost=0.00..796071.18 rows=60 width=4) (actual time=468.006..10956.678 rows=5 loops=1)
        Filter: ((person_id = 2985453) AND (role_id = 10))
        Rows Removed by Filter: 36244339
  ->  Index Scan using title_pkey on title t  (cost=0.43..8.45 rows=1 width=4) (actual time=0.030..0.031 rows=1 loops=5)
        Index Cond: (id = ci.movie_id)
        Filter: (production_year < 1998)
Planning time: 0.552 ms
Execution time: 10956.976 ms
