Hash Join  (cost=102767.86..182828.66 rows=509284 width=0) (actual time=2118.988..3434.407 rows=302900 loops=1)
  Hash Cond: (mc.movie_id = t.id)
  ->  Seq Scan on movie_companies mc  (cost=0.00..57926.93 rows=509284 width=4) (actual time=202.362..940.478 rows=302900 loops=1)
        Filter: ((company_id < 4722) AND (company_type_id = 2))
        Rows Removed by Filter: 2306229
  ->  Hash  (cost=61283.27..61283.27 rows=2528527 width=4) (actual time=1915.373..1915.373 rows=2528312 loops=1)
        Buckets: 131072  Batches: 64  Memory Usage: 2415kB
        ->  Seq Scan on title t  (cost=0.00..61283.27 rows=2528527 width=4) (actual time=0.014..1090.860 rows=2528312 loops=1)
Planning time: 0.805 ms
Execution time: 3466.293 ms
