Seq Scan on movie_keyword mk  (cost=0.00..81003.12 rows=3788990 width=0) (actual time=0.014..1592.781 rows=3780999 loops=1)
  Filter: (keyword_id < 25273)
  Rows Removed by Filter: 742931
Planning time: 0.333 ms
Execution time: 2067.246 ms
