Seq Scan on title t  (cost=0.00..73925.90 rows=15655 width=0) (actual time=0.068..1133.799 rows=12415 loops=1)
  Filter: ((production_year < 1971) AND (kind_id = 3))
  Rows Removed by Filter: 2515897
Planning time: 1.560 ms
Execution time: 1136.045 ms
