Hash Join  (cost=102767.86..235743.55 rows=1749327 width=0) (actual time=1864.735..5088.913 rows=1757686 loops=1)
  Hash Cond: (mk.movie_id = t.id)
  ->  Seq Scan on movie_keyword mk  (cost=0.00..81003.12 rows=1749327 width=4) (actual time=0.025..1521.629 rows=1757686 loops=1)
        Filter: (keyword_id < 2862)
        Rows Removed by Filter: 2766244
  ->  Hash  (cost=61283.27..61283.27 rows=2528527 width=4) (actual time=1863.152..1863.152 rows=2528312 loops=1)
        Buckets: 131072  Batches: 64  Memory Usage: 2425kB
        ->  Seq Scan on title t  (cost=0.00..61283.27 rows=2528527 width=4) (actual time=0.012..1025.831 rows=2528312 loops=1)
Planning time: 0.722 ms
Execution time: 5284.682 ms
