Nested Loop  (cost=78802.37..913946.01 rows=15444 width=0) (actual time=4756.468..16239.521 rows=219521 loops=1)
  ->  Hash Join  (cost=78801.94..892196.81 rows=38476 width=8) (actual time=4756.372..13422.172 rows=219521 loops=1)
        Hash Cond: (ci.movie_id = mc.movie_id)
        ->  Seq Scan on cast_info ci  (cost=0.00..796071.18 rows=23385 width=4) (actual time=3153.978..11322.375 rows=180091 loops=1)
              Filter: ((person_id > 3580988) AND (role_id > 10))
              Rows Removed by Filter: 36064253
        ->  Hash  (cost=51404.11..51404.11 rows=1669906 width=4) (actual time=1601.324..1601.324 rows=1669687 loops=1)
              Buckets: 131072  Batches: 32  Memory Usage: 2849kB
              ->  Seq Scan on movie_companies mc  (cost=0.00..51404.11 rows=1669906 width=4) (actual time=0.021..1074.486 rows=1669687 loops=1)
                    Filter: (company_id > 3464)
                    Rows Removed by Filter: 939442
  ->  Index Only Scan using title_pkey on title t  (cost=0.43..0.56 rows=1 width=4) (actual time=0.012..0.012 rows=1 loops=219521)
        Index Cond: (id = mc.movie_id)
        Heap Fetches: 219521
Planning time: 1.407 ms
Execution time: 16281.820 ms
