Hash Join  (cost=67697.55..417011.59 rows=2399 width=0) (actual time=1985.674..6343.373 rows=1295 loops=1)
  Hash Cond: (mi.movie_id = t.id)
  ->  Seq Scan on movie_info mi  (cost=0.00..346232.03 rows=815474 width=4) (actual time=890.324..5172.403 rows=872224 loops=1)
        Filter: (info_type_id > 97)
        Rows Removed by Filter: 13963496
  ->  Hash  (cost=67604.59..67604.59 rows=7437 width=4) (actual time=1030.851..1030.851 rows=2618 loops=1)
        Buckets: 8192  Batches: 1  Memory Usage: 157kB
        ->  Seq Scan on title t  (cost=0.00..67604.59 rows=7437 width=4) (actual time=341.070..1029.320 rows=2618 loops=1)
              Filter: (production_year = 1903)
              Rows Removed by Filter: 2525694
Planning time: 0.821 ms
Execution time: 6343.786 ms
