Hash Join  (cost=434548.50..558837.74 rows=187720 width=0) (actual time=21807.972..28983.318 rows=1002167 loops=1)
  Hash Cond: (mk.movie_id = t.id)
  ->  Seq Scan on movie_keyword mk  (cost=0.00..69693.30 rows=4523930 width=4) (actual time=0.020..4833.161 rows=4523930 loops=1)
  ->  Hash  (cost=432826.99..432826.99 rows=104921 width=8) (actual time=21806.891..21806.891 rows=75381 loops=1)
        Buckets: 131072  Batches: 2  Memory Usage: 2496kB
        ->  Hash Join  (cost=71408.55..432826.99 rows=104921 width=8) (actual time=9738.504..21773.959 rows=75381 loops=1)
              Hash Cond: (mi.movie_id = t.id)
              ->  Seq Scan on movie_info mi  (cost=0.00..346232.03 rows=1144320 width=4) (actual time=5829.270..17559.075 rows=1193772 loops=1)
                    Filter: (info_type_id > 40)
                    Rows Removed by Filter: 13641948
              ->  Hash  (cost=67604.59..67604.59 rows=231837 width=4) (actual time=3523.115..3523.115 rows=231649 loops=1)
                    Buckets: 131072  Batches: 4  Memory Usage: 3082kB
                    ->  Seq Scan on title t  (cost=0.00..67604.59 rows=231837 width=4) (actual time=0.038..3401.852 rows=231649 loops=1)
                          Filter: (production_year > 2011)
                          Rows Removed by Filter: 2296663
Planning time: 1.117 ms
Execution time: 29144.280 ms
