Hash Join  (cost=68438.72..124524.59 rows=30782 width=0) (actual time=1133.244..2324.845 rows=16998 loops=1)
  Hash Cond: (mc.movie_id = t.id)
  ->  Seq Scan on movie_companies mc  (cost=0.00..51404.11 rows=1166382 width=4) (actual time=0.019..899.689 rows=1160349 loops=1)
        Filter: (company_id < 9522)
        Rows Removed by Filter: 1448780
  ->  Hash  (cost=67604.59..67604.59 rows=66731 width=4) (actual time=1132.545..1132.545 rows=67342 loops=1)
        Buckets: 131072  Batches: 1  Memory Usage: 3392kB
        ->  Seq Scan on title t  (cost=0.00..67604.59 rows=66731 width=4) (actual time=0.061..1102.923 rows=67342 loops=1)
              Filter: (production_year > 2012)
              Rows Removed by Filter: 2460970
Planning time: 0.769 ms
Execution time: 2327.859 ms
