Hash Join  (cost=102767.86..911492.27 rows=115276 width=0) (actual time=2734.791..15213.675 rows=234640 loops=1)
  Hash Cond: (ci.movie_id = t.id)
  ->  Seq Scan on cast_info ci  (cost=0.00..796071.18 rows=115276 width=4) (actual time=878.504..12733.723 rows=234640 loops=1)
        Filter: ((person_id > 2488862) AND (role_id > 10))
        Rows Removed by Filter: 36009704
  ->  Hash  (cost=61283.27..61283.27 rows=2528527 width=4) (actual time=1855.348..1855.348 rows=2528312 loops=1)
        Buckets: 131072  Batches: 64  Memory Usage: 2415kB
        ->  Seq Scan on title t  (cost=0.00..61283.27 rows=2528527 width=4) (actual time=0.017..1023.009 rows=2528312 loops=1)
Planning time: 0.789 ms
Execution time: 15241.453 ms
