Hash Join  (cost=28267.08..81872.61 rows=7 width=0) (actual time=457.965..1459.991 rows=243 loops=1)
  Hash Cond: (mc.movie_id = t.id)
  ->  Seq Scan on movie_companies mc  (cost=0.00..51404.11 rows=587027 width=4) (actual time=0.018..924.840 rows=583032 loops=1)
        Filter: (company_id < 657)
        Rows Removed by Filter: 2026097
  ->  Hash  (cost=28266.72..28266.72 rows=29 width=8) (actual time=453.203..453.203 rows=44 loops=1)
        Buckets: 1024  Batches: 1  Memory Usage: 10kB
        ->  Nested Loop  (cost=0.43..28266.72 rows=29 width=8) (actual time=376.543..453.174 rows=44 loops=1)
              ->  Seq Scan on movie_info_idx mi_idx  (cost=0.00..25185.44 rows=368 width=4) (actual time=375.644..439.817 rows=260 loops=1)
                    Filter: (info_type_id > 101)
                    Rows Removed by Filter: 1379775
              ->  Index Scan using title_pkey on title t  (cost=0.43..8.36 rows=1 width=4) (actual time=0.051..0.051 rows=0 loops=260)
                    Index Cond: (id = mi_idx.movie_id)
                    Filter: (production_year < 1955)
                    Rows Removed by Filter: 1
Planning time: 1.208 ms
Execution time: 1460.221 ms
