Seq Scan on cast_info ci  (cost=0.00..796071.18 rows=324 width=0) (actual time=12684.850..36188.351 rows=30 loops=1)
  Filter: ((role_id > 1) AND (person_id = 1847327))
  Rows Removed by Filter: 36244314
Planning time: 4.198 ms
Execution time: 36188.519 ms
