Hash Join  (cost=83072.41..899474.74 rows=21 width=0) (actual time=5603.366..15465.183 rows=651 loops=1)
  Hash Cond: (ci.movie_id = t.id)
  ->  Seq Scan on cast_info ci  (cost=0.00..796071.18 rows=5421584 width=4) (actual time=4311.297..12882.929 rows=10403764 loops=1)
        Filter: ((person_id > 2467739) AND (role_id > 2))
        Rows Removed by Filter: 25840580
  ->  Hash  (cost=83072.29..83072.29 rows=10 width=8) (actual time=1283.001..1283.001 rows=57 loops=1)
        Buckets: 1024  Batches: 1  Memory Usage: 11kB
        ->  Nested Loop  (cost=0.43..83072.29 rows=10 width=8) (actual time=4.568..1282.912 rows=57 loops=1)
              ->  Seq Scan on movie_keyword mk  (cost=0.00..81003.12 rows=246 width=4) (actual time=2.631..1248.116 rows=1182 loops=1)
                    Filter: (keyword_id = 5)
                    Rows Removed by Filter: 4522748
              ->  Index Scan using title_pkey on title t  (cost=0.43..8.40 rows=1 width=4) (actual time=0.028..0.028 rows=0 loops=1182)
                    Index Cond: (id = mk.movie_id)
                    Filter: (kind_id = 3)
                    Rows Removed by Filter: 1
Planning time: 3.310 ms
Execution time: 15465.775 ms
