Hash Join  (cost=1202470.75..2244296.64 rows=42312154 width=0) (actual time=32100.451..91302.343 rows=160233289 loops=1)
  Hash Cond: (mi.movie_id = t.id)
  ->  Seq Scan on movie_info mi  (cost=0.00..309384.22 rows=14739122 width=4) (actual time=0.018..6096.299 rows=14835720 loops=1)
  ->  Hash  (cost=1083381.53..1083381.53 rows=7258738 width=8) (actual time=32099.145..32099.145 rows=12670688 loops=1)
        Buckets: 131072 (originally 131072)  Batches: 256 (originally 128)  Memory Usage: 3073kB
        ->  Hash Join  (cost=102767.86..1083381.53 rows=7258738 width=8) (actual time=1829.849..27937.758 rows=12670688 loops=1)
              Hash Cond: (ci.movie_id = t.id)
              ->  Seq Scan on cast_info ci  (cost=0.00..796071.18 rows=7258738 width=4) (actual time=0.015..14570.143 rows=12670688 loops=1)
                    Filter: ((person_id < 2069223) AND (role_id = 1))
                    Rows Removed by Filter: 23573656
              ->  Hash  (cost=61283.27..61283.27 rows=2528527 width=4) (actual time=1828.594..1828.594 rows=2528312 loops=1)
                    Buckets: 131072  Batches: 64  Memory Usage: 2415kB
                    ->  Seq Scan on title t  (cost=0.00..61283.27 rows=2528527 width=4) (actual time=0.009..1006.093 rows=2528312 loops=1)
Planning time: 1.188 ms
Execution time: 109725.092 ms
