Hash Join  (cost=190230.21..306796.47 rows=967477 width=0) (actual time=4156.208..8376.928 rows=4079113 loops=1)
  Hash Cond: (mk.movie_id = t.id)
  ->  Seq Scan on movie_keyword mk  (cost=0.00..81003.12 rows=1772631 width=4) (actual time=0.013..1592.266 rows=1775643 loops=1)
        Filter: (keyword_id > 7794)
        Rows Removed by Filter: 2748287
  ->  Hash  (cost=167588.78..167588.78 rows=1380035 width=8) (actual time=4154.526..4154.526 rows=1380035 loops=1)
        Buckets: 131072  Batches: 32  Memory Usage: 2726kB
        ->  Hash Join  (cost=102767.86..167588.78 rows=1380035 width=8) (actual time=1857.836..3776.377 rows=1380035 loops=1)
              Hash Cond: (mi_idx.movie_id = t.id)
              ->  Seq Scan on movie_info_idx mi_idx  (cost=0.00..21735.35 rows=1380035 width=4) (actual time=0.011..443.852 rows=1380035 loops=1)
              ->  Hash  (cost=61283.27..61283.27 rows=2528527 width=4) (actual time=1856.669..1856.669 rows=2528312 loops=1)
                    Buckets: 131072  Batches: 64  Memory Usage: 2415kB
                    ->  Seq Scan on title t  (cost=0.00..61283.27 rows=2528527 width=4) (actual time=0.019..1030.797 rows=2528312 loops=1)
Planning time: 0.956 ms
Execution time: 8812.530 ms
