Hash Join  (cost=204673.63..345477.58 rows=1264225 width=0) (actual time=4044.056..8340.755 rows=2503368 loops=1)
  Hash Cond: (mk.movie_id = t.id)
  ->  Seq Scan on movie_keyword mk  (cost=0.00..81003.12 rows=3793753 width=4) (actual time=0.019..1814.046 rows=3794102 loops=1)
        Filter: (keyword_id > 648)
        Rows Removed by Filter: 729828
  ->  Hash  (cost=190849.09..190849.09 rows=842603 width=8) (actual time=4042.628..4042.628 rows=530684 loops=1)
        Buckets: 131072  Batches: 16  Memory Usage: 2319kB
        ->  Hash Join  (cost=102767.86..190849.09 rows=842603 width=8) (actual time=2298.995..3890.110 rows=530684 loops=1)
              Hash Cond: (mc.movie_id = t.id)
              ->  Seq Scan on movie_companies mc  (cost=0.00..57926.93 rows=842603 width=4) (actual time=368.814..1149.095 rows=530684 loops=1)
                    Filter: ((company_id < 17931) AND (company_type_id > 1))
                    Rows Removed by Filter: 2078445
              ->  Hash  (cost=61283.27..61283.27 rows=2528527 width=4) (actual time=1929.104..1929.104 rows=2528312 loops=1)
                    Buckets: 131072  Batches: 64  Memory Usage: 2415kB
                    ->  Seq Scan on title t  (cost=0.00..61283.27 rows=2528527 width=4) (actual time=0.023..1080.320 rows=2528312 loops=1)
Planning time: 1.202 ms
Execution time: 8611.101 ms
