Hash Join  (cost=709678.15..1091465.08 rows=1874 width=0) (actual time=12118.166..18071.504 rows=965 loops=1)
  Hash Cond: (mi.movie_id = t.id)
  ->  Seq Scan on movie_info mi  (cost=0.00..346232.03 rows=9476311 width=4) (actual time=854.827..5544.846 rows=9565151 loops=1)
        Filter: (info_type_id < 16)
        Rows Removed by Filter: 5270569
  ->  Hash  (cost=709671.90..709671.90 rows=500 width=8) (actual time=11227.824..11227.824 rows=93 loops=1)
        Buckets: 1024  Batches: 1  Memory Usage: 12kB
        ->  Nested Loop  (cost=0.43..709671.90 rows=500 width=8) (actual time=6496.366..11227.752 rows=93 loops=1)
              ->  Seq Scan on cast_info ci  (cost=0.00..705507.15 rows=500 width=4) (actual time=6496.288..11224.089 rows=93 loops=1)
                    Filter: (person_id = 361117)
                    Rows Removed by Filter: 36244251
              ->  Index Only Scan using title_pkey on title t  (cost=0.43..8.32 rows=1 width=4) (actual time=0.038..0.038 rows=1 loops=93)
                    Index Cond: (id = ci.movie_id)
                    Heap Fetches: 93
Planning time: 1.211 ms
Execution time: 18071.999 ms
