Hash Join  (cost=232371.63..736918.52 rows=3547183 width=0) (actual time=5396.674..35324.822 rows=88722257 loops=1)
  Hash Cond: (mi.movie_id = t.id)
  ->  Seq Scan on movie_info mi  (cost=0.00..346232.03 rows=9293409 width=4) (actual time=0.016..6906.663 rows=9425200 loops=1)
        Filter: (info_type_id > 5)
        Rows Removed by Filter: 5410520
  ->  Hash  (cost=216537.78..216537.78 rows=965108 width=8) (actual time=5395.159..5395.159 rows=1592510 loops=1)
        Buckets: 131072 (originally 131072)  Batches: 32 (originally 16)  Memory Usage: 3087kB
        ->  Hash Join  (cost=82776.67..216537.78 rows=965108 width=8) (actual time=1255.762..4940.644 rows=1592510 loops=1)
              Hash Cond: (mk.movie_id = t.id)
              ->  Seq Scan on movie_keyword mk  (cost=0.00..69693.30 rows=4523930 width=4) (actual time=0.011..1441.976 rows=4523930 loops=1)
              ->  Hash  (cost=73925.90..73925.90 rows=539421 width=4) (actual time=1254.880..1254.880 rows=459810 loops=1)
                    Buckets: 131072  Batches: 8  Memory Usage: 3049kB
                    ->  Seq Scan on title t  (cost=0.00..73925.90 rows=539421 width=4) (actual time=0.023..1117.514 rows=459810 loops=1)
                          Filter: ((kind_id < 7) AND (production_year > 2000))
                          Rows Removed by Filter: 2068502
Planning time: 0.807 ms
Execution time: 44544.150 ms
