Seq Scan on cast_info ci  (cost=0.00..705507.15 rows=500 width=0) (actual time=615.511..11344.395 rows=1958 loops=1)
  Filter: (person_id = 123439)
  Rows Removed by Filter: 36242386
Planning time: 0.376 ms
Execution time: 11344.622 ms
