Seq Scan on movie_keyword mk  (cost=0.00..81003.12 rows=20961 width=0) (actual time=0.043..3677.168 rows=19528 loops=1)
  Filter: (keyword_id = 137)
  Rows Removed by Filter: 4504402
Planning time: 7.462 ms
Execution time: 3685.631 ms
