Hash Join  (cost=74530.28..128439.04 rows=12152 width=0) (actual time=1531.787..2232.215 rows=17436 loops=1)
  Hash Cond: (mc.movie_id = t.id)
  ->  Seq Scan on movie_companies mc  (cost=0.00..51404.11 rows=635502 width=4) (actual time=233.079..838.060 rows=640158 loops=1)
        Filter: (company_id > 57096)
        Rows Removed by Filter: 1968971
  ->  Hash  (cost=73925.90..73925.90 rows=48350 width=4) (actual time=1201.194..1201.194 rows=53111 loops=1)
        Buckets: 65536  Batches: 1  Memory Usage: 2380kB
        ->  Seq Scan on title t  (cost=0.00..73925.90 rows=48350 width=4) (actual time=204.957..1179.642 rows=53111 loops=1)
              Filter: ((production_year < 2005) AND (kind_id = 2))
              Rows Removed by Filter: 2475201
Planning time: 0.773 ms
Execution time: 2234.763 ms
