Hash Join  (cost=161784.19..991804.35 rows=388386 width=0) (actual time=3186.641..27884.440 rows=3771183 loops=1)
  Hash Cond: (ci.movie_id = t.id)
  ->  Seq Scan on cast_info ci  (cost=0.00..705507.15 rows=24125832 width=4) (actual time=0.013..13971.962 rows=24082331 loops=1)
        Filter: (person_id < 2470262)
        Rows Removed by Filter: 12162013
  ->  Hash  (cost=161275.38..161275.38 rows=40705 width=8) (actual time=3185.248..3185.248 rows=101621 loops=1)
        Buckets: 131072 (originally 65536)  Batches: 2 (originally 1)  Memory Usage: 3073kB
        ->  Hash Join  (cost=74210.29..161275.38 rows=40705 width=8) (actual time=1122.223..3146.494 rows=101621 loops=1)
              Hash Cond: (mk.movie_id = t.id)
              ->  Seq Scan on movie_keyword mk  (cost=0.00..69693.30 rows=4523930 width=4) (actual time=0.014..1120.052 rows=4523930 loops=1)
              ->  Hash  (cost=73925.90..73925.90 rows=22751 width=4) (actual time=1122.011..1122.011 rows=18892 loops=1)
                    Buckets: 32768  Batches: 1  Memory Usage: 921kB
                    ->  Seq Scan on title t  (cost=0.00..73925.90 rows=22751 width=4) (actual time=0.255..1113.322 rows=18892 loops=1)
                          Filter: ((kind_id < 7) AND (production_year = 2001))
                          Rows Removed by Filter: 2509420
Planning time: 2.520 ms
Execution time: 28318.222 ms
