Nested Loop  (cost=0.43..58358.52 rows=1 width=0) (actual time=881.555..938.059 rows=1 loops=1)
  ->  Seq Scan on movie_companies mc  (cost=0.00..57926.93 rows=51 width=4) (actual time=0.241..924.273 rows=537 loops=1)
        Filter: ((company_type_id < 2) AND (company_id = 1878))
        Rows Removed by Filter: 2608592
  ->  Index Scan using title_pkey on title t  (cost=0.43..8.45 rows=1 width=4) (actual time=0.025..0.025 rows=0 loops=537)
        Index Cond: (id = mc.movie_id)
        Filter: ((kind_id = 1) AND (production_year = 1973))
        Rows Removed by Filter: 1
Planning time: 0.824 ms
Execution time: 938.144 ms
