Seq Scan on movie_companies mc  (cost=0.00..57926.93 rows=577068 width=0) (actual time=0.029..994.892 rows=364129 loops=1)
  Filter: ((company_id < 8175) AND (company_type_id = 2))
  Rows Removed by Filter: 2245000
Planning time: 0.428 ms
Execution time: 1039.285 ms
