Hash Join  (cost=475636.26..1577655.69 rows=6640531 width=0) (actual time=9391.898..47101.522 rows=29589798 loops=1)
  Hash Cond: (ci.movie_id = t.id)
  ->  Seq Scan on cast_info ci  (cost=0.00..614943.12 rows=36225612 width=4) (actual time=0.033..13788.302 rows=36244344 loops=1)
  ->  Hash  (cost=468031.45..468031.45 rows=463505 width=8) (actual time=9391.047..9391.047 rows=705899 loops=1)
        Buckets: 131072 (originally 131072)  Batches: 16 (originally 8)  Memory Usage: 3073kB
        ->  Hash Join  (cost=80193.64..468031.45 rows=463505 width=8) (actual time=3014.224..9185.493 rows=705899 loops=1)
              Hash Cond: (mi.movie_id = t.id)
              ->  Seq Scan on movie_info mi  (cost=0.00..346232.03 rows=3068194 width=4) (actual time=251.333..6153.565 rows=3036719 loops=1)
                    Filter: (info_type_id = 16)
                    Rows Removed by Filter: 11799001
              ->  Hash  (cost=73925.90..73925.90 rows=381979 width=4) (actual time=1476.700..1476.700 rows=440029 loops=1)
                    Buckets: 131072  Batches: 8  Memory Usage: 2976kB
                    ->  Seq Scan on title t  (cost=0.00..73925.90 rows=381979 width=4) (actual time=33.115..1333.107 rows=440029 loops=1)
                          Filter: ((production_year < 2006) AND (kind_id = 1))
                          Rows Removed by Filter: 2088283
Planning time: 0.903 ms
Execution time: 50323.396 ms
