Seq Scan on movie_keyword mk  (cost=0.00..81003.12 rows=3542061 width=0) (actual time=0.012..1737.696 rows=3535862 loops=1)
  Filter: (keyword_id < 18722)
  Rows Removed by Filter: 988068
Planning time: 0.340 ms
Execution time: 2177.523 ms
