Hash Join  (cost=73950.44..421461.89 rows=264 width=0) (actual time=5071.614..6565.878 rows=788 loops=1)
  Hash Cond: (mi.movie_id = t.id)
  ->  Seq Scan on movie_info mi  (cost=0.00..346232.03 rows=340474 width=4) (actual time=3839.772..5434.593 rows=328857 loops=1)
        Filter: (info_type_id = 98)
        Rows Removed by Filter: 14506863
  ->  Hash  (cost=73925.90..73925.90 rows=1963 width=4) (actual time=1069.264..1069.264 rows=4371 loops=1)
        Buckets: 8192 (originally 2048)  Batches: 1 (originally 1)  Memory Usage: 218kB
        ->  Seq Scan on title t  (cost=0.00..73925.90 rows=1963 width=4) (actual time=0.449..1067.046 rows=4371 loops=1)
              Filter: ((kind_id < 2) AND (production_year = 1975))
              Rows Removed by Filter: 2523941
Planning time: 0.759 ms
Execution time: 6566.256 ms
