Hash Join  (cost=74301.05..161496.05 rows=53696 width=0) (actual time=1254.838..3040.490 rows=68961 loops=1)
  Hash Cond: (mk.movie_id = t.id)
  ->  Seq Scan on movie_keyword mk  (cost=0.00..69693.30 rows=4523930 width=4) (actual time=0.020..896.088 rows=4523930 loops=1)
  ->  Hash  (cost=73925.90..73925.90 rows=30012 width=4) (actual time=1254.457..1254.457 rows=28831 loops=1)
        Buckets: 32768  Batches: 1  Memory Usage: 1270kB
        ->  Seq Scan on title t  (cost=0.00..73925.90 rows=30012 width=4) (actual time=654.158..1243.379 rows=28831 loops=1)
              Filter: ((production_year > 2008) AND (kind_id = 4))
              Rows Removed by Filter: 2499481
Planning time: 0.719 ms
Execution time: 3049.868 ms
