Seq Scan on cast_info ci  (cost=0.00..796071.18 rows=1369014 width=0) (actual time=8775.043..10401.028 rows=2716972 loops=1)
  Filter: ((person_id < 361946) AND (role_id = 1))
  Rows Removed by Filter: 33527372
Planning time: 0.388 ms
Execution time: 10748.518 ms
