Hash Join  (cost=417346.96..1170465.65 rows=232946 width=0) (actual time=6066.205..22735.604 rows=189233 loops=1)
  Hash Cond: (ci.movie_id = t.id)
  ->  Seq Scan on cast_info ci  (cost=0.00..614943.12 rows=36225612 width=4) (actual time=0.015..9440.995 rows=36244344 loops=1)
  ->  Hash  (cost=417143.71..417143.71 rows=16260 width=8) (actual time=6065.648..6065.648 rows=2211 loops=1)
        Buckets: 16384  Batches: 1  Memory Usage: 215kB
        ->  Hash Join  (cost=68438.72..417143.71 rows=16260 width=8) (actual time=4711.025..6064.607 rows=2211 loops=1)
              Hash Cond: (mi.movie_id = t.id)
              ->  Seq Scan on movie_info mi  (cost=0.00..346232.03 rows=616095 width=4) (actual time=3570.068..4882.331 rows=598457 loops=1)
                    Filter: (info_type_id = 15)
                    Rows Removed by Filter: 14237263
              ->  Hash  (cost=67604.59..67604.59 rows=66731 width=4) (actual time=1081.775..1081.775 rows=67342 loops=1)
                    Buckets: 131072  Batches: 1  Memory Usage: 3392kB
                    ->  Seq Scan on title t  (cost=0.00..67604.59 rows=66731 width=4) (actual time=0.034..1053.345 rows=67342 loops=1)
                          Filter: (production_year > 2012)
                          Rows Removed by Filter: 2460970
Planning time: 1.170 ms
Execution time: 22763.553 ms
