Seq Scan on cast_info ci  (cost=0.00..796071.18 rows=730919 width=0) (actual time=117.545..11059.693 rows=1446803 loops=1)
  Filter: ((person_id < 198370) AND (role_id = 1))
  Rows Removed by Filter: 34797541
Planning time: 0.431 ms
Execution time: 11238.060 ms
