Seq Scan on cast_info ci  (cost=0.00..705507.15 rows=2616512 width=0) (actual time=2781.159..10975.236 rows=2657775 loops=1)
  Filter: (person_id > 3549701)
  Rows Removed by Filter: 33586569
Planning time: 0.311 ms
Execution time: 11316.886 ms
