Seq Scan on movie_companies mc  (cost=0.00..51404.11 rows=578225 width=0) (actual time=0.027..881.487 rows=582086 loops=1)
  Filter: (company_id > 71001)
  Rows Removed by Filter: 2027043
Planning time: 0.311 ms
Execution time: 954.680 ms
