Hash Join  (cost=74529.47..429410.40 rows=41909 width=0) (actual time=3352.144..7357.127 rows=41723 loops=1)
  Hash Cond: (mi.movie_id = t.id)
  ->  Seq Scan on movie_info mi  (cost=0.00..346232.03 rows=2194617 width=4) (actual time=1985.039..5676.081 rows=2233850 loops=1)
        Filter: (info_type_id > 16)
        Rows Removed by Filter: 12601870
  ->  Hash  (cost=73925.90..73925.90 rows=48285 width=4) (actual time=1192.925..1192.925 rows=34476 loops=1)
        Buckets: 65536  Batches: 1  Memory Usage: 1725kB
        ->  Seq Scan on title t  (cost=0.00..73925.90 rows=48285 width=4) (actual time=0.053..1179.491 rows=34476 loops=1)
              Filter: ((production_year > 2003) AND (kind_id = 3))
              Rows Removed by Filter: 2493836
Planning time: 0.834 ms
Execution time: 7363.738 ms
