Hash Join  (cost=73994.74..827501.78 rows=27717 width=0) (actual time=9549.960..17845.206 rows=2601 loops=1)
  Hash Cond: (ci.movie_id = t.id)
  ->  Seq Scan on cast_info ci  (cost=0.00..705507.15 rows=12726058 width=4) (actual time=8506.986..14174.177 rows=12670688 loops=1)
        Filter: (role_id < 2)
        Rows Removed by Filter: 23573656
  ->  Hash  (cost=73925.90..73925.90 rows=5507 width=4) (actual time=1039.290..1039.290 rows=18378 loops=1)
        Buckets: 32768 (originally 8192)  Batches: 1 (originally 1)  Memory Usage: 903kB
        ->  Seq Scan on title t  (cost=0.00..73925.90 rows=5507 width=4) (actual time=315.952..1031.960 rows=18378 loops=1)
              Filter: ((production_year < 1908) AND (kind_id = 1))
              Rows Removed by Filter: 2509934
Planning time: 0.739 ms
Execution time: 17846.323 ms
