Hash Join  (cost=58375.85..150046.01 rows=60 width=0) (actual time=2629.308..7124.736 rows=42 loops=1)
  Hash Cond: (mk.movie_id = t.id)
  ->  Seq Scan on movie_keyword mk  (cost=0.00..81003.12 rows=2844384 width=4) (actual time=0.015..4169.980 rows=2834060 loops=1)
        Filter: (keyword_id < 8561)
        Rows Removed by Filter: 1689870
  ->  Hash  (cost=58375.18..58375.18 rows=53 width=8) (actual time=2446.283..2446.283 rows=38 loops=1)
        Buckets: 1024  Batches: 1  Memory Usage: 10kB
        ->  Nested Loop  (cost=0.43..58375.18 rows=53 width=8) (actual time=65.420..2446.228 rows=38 loops=1)
              ->  Seq Scan on movie_companies mc  (cost=0.00..57926.93 rows=53 width=4) (actual time=65.313..2436.685 rows=38 loops=1)
                    Filter: ((company_id = 15365) AND (company_type_id = 2))
                    Rows Removed by Filter: 2609091
              ->  Index Only Scan using title_pkey on title t  (cost=0.43..8.45 rows=1 width=4) (actual time=0.245..0.246 rows=1 loops=38)
                    Index Cond: (id = mc.movie_id)
                    Heap Fetches: 38
Planning time: 1.168 ms
Execution time: 7124.890 ms
