Hash Join  (cost=58358.71..423015.51 rows=87 width=0) (actual time=860.590..7035.437 rows=912 loops=1)
  Hash Cond: (mi.movie_id = t.id)
  ->  Seq Scan on movie_info mi  (cost=0.00..309384.22 rows=14739122 width=4) (actual time=0.025..3716.153 rows=14835720 loops=1)
  ->  Hash  (cost=58358.52..58358.52 rows=15 width=8) (actual time=814.853..814.853 rows=80 loops=1)
        Buckets: 1024  Batches: 1  Memory Usage: 12kB
        ->  Nested Loop  (cost=0.43..58358.52 rows=15 width=8) (actual time=295.907..814.773 rows=80 loops=1)
              ->  Seq Scan on movie_companies mc  (cost=0.00..57926.93 rows=51 width=4) (actual time=259.727..800.386 rows=222 loops=1)
                    Filter: ((company_id = 1831) AND (company_type_id = 1))
                    Rows Removed by Filter: 2608907
              ->  Index Scan using title_pkey on title t  (cost=0.43..8.45 rows=1 width=4) (actual time=0.063..0.063 rows=0 loops=222)
                    Index Cond: (id = mc.movie_id)
                    Filter: ((kind_id < 7) AND (production_year < 2010))
                    Rows Removed by Filter: 1
Planning time: 1.201 ms
Execution time: 7036.065 ms
