Hash Join  (cost=127129.18..259569.22 rows=388526 width=0) (actual time=2359.277..5651.815 rows=423753 loops=1)
  Hash Cond: (mk.movie_id = t.id)
  ->  Seq Scan on movie_keyword mk  (cost=0.00..81003.12 rows=4030043 width=4) (actual time=0.023..1712.651 rows=4035679 loops=1)
        Filter: (keyword_id < 36822)
        Rows Removed by Filter: 488251
  ->  Hash  (cost=123129.06..123129.06 rows=243769 width=8) (actual time=2358.100..2358.100 rows=140361 loops=1)
        Buckets: 131072  Batches: 4  Memory Usage: 2410kB
        ->  Hash Join  (cost=81253.89..123129.06 rows=243769 width=8) (actual time=1251.335..2319.086 rows=140361 loops=1)
              Hash Cond: (mi_idx.movie_id = t.id)
              ->  Seq Scan on movie_info_idx mi_idx  (cost=0.00..21735.35 rows=1380035 width=4) (actual time=0.019..448.589 rows=1380035 loops=1)
              ->  Hash  (cost=73925.90..73925.90 rows=446639 width=4) (actual time=1250.222..1250.222 rows=306970 loops=1)
                    Buckets: 131072  Batches: 8  Memory Usage: 2364kB
                    ->  Seq Scan on title t  (cost=0.00..73925.90 rows=446639 width=4) (actual time=0.018..1146.515 rows=306970 loops=1)
                          Filter: ((kind_id > 1) AND (production_year < 1986))
                          Rows Removed by Filter: 2221342
Planning time: 2.848 ms
Execution time: 5703.405 ms
