Nested Loop  (cost=87687.83..938217.09 rows=25036 width=0) (actual time=15647.250..40095.424 rows=36999 loops=1)
  ->  Hash Join  (cost=87687.40..905379.37 rows=62373 width=8) (actual time=15647.194..38367.308 rows=36999 loops=1)
        Hash Cond: (ci.movie_id = mc.movie_id)
        ->  Seq Scan on cast_info ci  (cost=0.00..796071.18 rows=24263 width=4) (actual time=11084.150..32943.277 rows=8621 loops=1)
              Filter: ((person_id < 238329) AND (role_id > 10))
              Rows Removed by Filter: 36235723
        ->  Hash  (cost=44881.29..44881.29 rows=2609129 width=4) (actual time=4560.800..4560.800 rows=2609129 loops=1)
              Buckets: 131072  Batches: 64  Memory Usage: 2452kB
              ->  Seq Scan on movie_companies mc  (cost=0.00..44881.29 rows=2609129 width=4) (actual time=0.017..3210.439 rows=2609129 loops=1)
  ->  Index Only Scan using title_pkey on title t  (cost=0.43..0.52 rows=1 width=4) (actual time=0.046..0.046 rows=1 loops=36999)
        Index Cond: (id = mc.movie_id)
        Heap Fetches: 36999
Planning time: 5.465 ms
Execution time: 40102.300 ms
