Hash Join  (cost=243934.78..801025.60 rows=7243089 width=0) (actual time=5281.820..34698.031 rows=65952824 loops=1)
  Hash Cond: (mi.movie_id = t.id)
  ->  Seq Scan on movie_info mi  (cost=0.00..309384.22 rows=14739122 width=4) (actual time=0.020..5816.425 rows=14835720 loops=1)
  ->  Hash  (cost=223548.70..223548.70 rows=1242567 width=8) (actual time=5280.220..5280.220 rows=1255876 loops=1)
        Buckets: 131072  Batches: 32  Memory Usage: 2630kB
        ->  Hash Join  (cost=102767.86..223548.70 rows=1242567 width=8) (actual time=1998.862..4891.033 rows=1255876 loops=1)
              Hash Cond: (mk.movie_id = t.id)
              ->  Seq Scan on movie_keyword mk  (cost=0.00..81003.12 rows=1242567 width=4) (actual time=0.015..1445.993 rows=1255876 loops=1)
                    Filter: (keyword_id > 14334)
                    Rows Removed by Filter: 3268054
              ->  Hash  (cost=61283.27..61283.27 rows=2528527 width=4) (actual time=1998.036..1998.036 rows=2528312 loops=1)
                    Buckets: 131072  Batches: 64  Memory Usage: 2425kB
                    ->  Seq Scan on title t  (cost=0.00..61283.27 rows=2528527 width=4) (actual time=2.884..1125.884 rows=2528312 loops=1)
Planning time: 1.109 ms
Execution time: 42029.208 ms
