Hash Join  (cost=83073.49..447735.01 rows=560 width=0) (actual time=1250.739..8278.923 rows=8880 loops=1)
  Hash Cond: (mi.movie_id = t.id)
  ->  Seq Scan on movie_info mi  (cost=0.00..309384.22 rows=14739122 width=4) (actual time=0.026..4342.500 rows=14835720 loops=1)
  ->  Hash  (cost=83072.29..83072.29 rows=96 width=8) (actual time=1250.167..1250.167 rows=92 loops=1)
        Buckets: 1024  Batches: 1  Memory Usage: 12kB
        ->  Nested Loop  (cost=0.43..83072.29 rows=96 width=8) (actual time=26.394..1250.036 rows=92 loops=1)
              ->  Seq Scan on movie_keyword mk  (cost=0.00..81003.12 rows=246 width=4) (actual time=26.322..1245.330 rows=111 loops=1)
                    Filter: (keyword_id = 11178)
                    Rows Removed by Filter: 4523819
              ->  Index Scan using title_pkey on title t  (cost=0.43..8.40 rows=1 width=4) (actual time=0.038..0.038 rows=1 loops=111)
                    Index Cond: (id = mk.movie_id)
                    Filter: (kind_id < 7)
                    Rows Removed by Filter: 0
Planning time: 1.092 ms
Execution time: 8280.830 ms
