Hash Join  (cost=230300.15..1311341.62 rows=9963104 width=0) (actual time=5198.568..39380.269 rows=29597818 loops=1)
  Hash Cond: (ci.movie_id = t.id)
  ->  Seq Scan on cast_info ci  (cost=0.00..705507.15 rows=23499554 width=4) (actual time=0.018..16066.501 rows=23573656 loops=1)
        Filter: (role_id > 1)
        Rows Removed by Filter: 12670688
  ->  Hash  (cost=212711.91..212711.91 rows=1072019 width=8) (actual time=5197.878..5197.878 rows=1439178 loops=1)
        Buckets: 131072 (originally 131072)  Batches: 32 (originally 16)  Memory Usage: 3073kB
        ->  Hash Join  (cost=82131.75..212711.91 rows=1072019 width=8) (actual time=1391.559..4788.015 rows=1439178 loops=1)
              Hash Cond: (mk.movie_id = t.id)
              ->  Seq Scan on movie_keyword mk  (cost=0.00..81003.12 rows=3061292 width=4) (actual time=0.010..1583.454 rows=3042354 loops=1)
                    Filter: (keyword_id > 2114)
                    Rows Removed by Filter: 1481576
              ->  Hash  (cost=67604.59..67604.59 rows=885453 width=4) (actual time=1390.670..1390.670 rows=885650 loops=1)
                    Buckets: 131072  Batches: 16  Memory Usage: 2979kB
                    ->  Seq Scan on title t  (cost=0.00..67604.59 rows=885453 width=4) (actual time=0.024..1102.759 rows=885650 loops=1)
                          Filter: (production_year < 1997)
                          Rows Removed by Filter: 1642662
Planning time: 0.753 ms
Execution time: 42428.236 ms
