Hash Join  (cost=160221.17..201449.54 rows=206089 width=0) (actual time=4293.620..5707.324 rows=1163420 loops=1)
  Hash Cond: (mi_idx.movie_id = t.id)
  ->  Seq Scan on movie_info_idx mi_idx  (cost=0.00..21735.35 rows=1380035 width=4) (actual time=0.025..436.450 rows=1380035 loops=1)
  ->  Hash  (cost=154026.17..154026.17 rows=377600 width=8) (actual time=4291.196..4291.196 rows=780366 loops=1)
        Buckets: 131072 (originally 131072)  Batches: 16 (originally 8)  Memory Usage: 3073kB
        ->  Hash Join  (cost=83810.17..154026.17 rows=377600 width=8) (actual time=2232.226..4075.864 rows=780366 loops=1)
              Hash Cond: (mc.movie_id = t.id)
              ->  Seq Scan on movie_companies mc  (cost=0.00..51404.11 rows=966636 width=4) (actual time=0.024..937.914 rows=976779 loops=1)
                    Filter: (company_id > 17460)
                    Rows Removed by Filter: 1632350
              ->  Hash  (cost=67604.59..67604.59 rows=987727 width=4) (actual time=2231.215..2231.215 rows=985048 loops=1)
                    Buckets: 131072  Batches: 16  Memory Usage: 3188kB
                    ->  Seq Scan on title t  (cost=0.00..67604.59 rows=987727 width=4) (actual time=0.010..1060.963 rows=985048 loops=1)
                          Filter: (kind_id < 7)
                          Rows Removed by Filter: 1543264
Planning time: 5.006 ms
Execution time: 5832.874 ms
