Hash Join  (cost=91850.92..639611.68 rows=6368684 width=0) (actual time=1744.843..16219.659 rows=3796157 loops=1)
  Hash Cond: (mi.movie_id = t.id)
  ->  Seq Scan on movie_info mi  (cost=0.00..309384.22 rows=14739122 width=4) (actual time=0.011..6083.522 rows=14835720 loops=1)
  ->  Hash  (cost=73925.90..73925.90 rows=1092561 width=4) (actual time=1741.957..1741.957 rows=1195337 loops=1)
        Buckets: 131072  Batches: 16  Memory Usage: 3662kB
        ->  Seq Scan on title t  (cost=0.00..73925.90 rows=1092561 width=4) (actual time=0.011..1355.684 rows=1195337 loops=1)
              Filter: ((kind_id > 1) AND (production_year > 1998))
              Rows Removed by Filter: 1332975
Planning time: 3.602 ms
Execution time: 16657.135 ms
