Seq Scan on cast_info ci  (cost=0.00..705507.15 rows=30411757 width=0) (actual time=0.014..13453.333 rows=30399610 loops=1)
  Filter: (person_id < 3059727)
  Rows Removed by Filter: 5844734
Planning time: 0.241 ms
Execution time: 17283.747 ms
