Hash Join  (cost=148836.49..508659.86 rows=150 width=0) (actual time=2733.174..8420.146 rows=2730 loops=1)
  Hash Cond: (mi.movie_id = t.id)
  ->  Seq Scan on movie_info mi  (cost=0.00..346232.03 rows=3623957 width=4) (actual time=397.451..5558.147 rows=3624977 loops=1)
        Filter: (info_type_id < 4)
        Rows Removed by Filter: 11210743
  ->  Hash  (cost=148835.18..148835.18 rows=105 width=8) (actual time=2314.631..2314.631 rows=732 loops=1)
        Buckets: 1024  Batches: 1  Memory Usage: 37kB
        ->  Hash Join  (cost=67697.55..148835.18 rows=105 width=8) (actual time=977.532..2314.062 rows=732 loops=1)
              Hash Cond: (mk.movie_id = t.id)
              ->  Seq Scan on movie_keyword mk  (cost=0.00..81003.12 rows=35588 width=4) (actual time=0.038..1323.313 rows=34710 loops=1)
                    Filter: (keyword_id = 2488)
                    Rows Removed by Filter: 4489220
              ->  Hash  (cost=67604.59..67604.59 rows=7437 width=4) (actual time=976.347..976.347 rows=21312 loops=1)
                    Buckets: 32768 (originally 8192)  Batches: 1 (originally 1)  Memory Usage: 1006kB
                    ->  Seq Scan on title t  (cost=0.00..67604.59 rows=7437 width=4) (actual time=0.027..966.741 rows=21312 loops=1)
                          Filter: (production_year = 1989)
                          Rows Removed by Filter: 2507000
Planning time: 3.340 ms
Execution time: 8421.118 ms
