Hash Join  (cost=212262.05..360232.42 rows=2131434 width=0) (actual time=4419.782..11879.484 rows=17705723 loops=1)
  Hash Cond: (mk.movie_id = t.id)
  ->  Seq Scan on movie_keyword mk  (cost=0.00..69693.30 rows=4523930 width=4) (actual time=0.019..1518.185 rows=4523930 loops=1)
  ->  Hash  (cost=192716.71..192716.71 rows=1191307 width=8) (actual time=4418.534..4418.534 rows=1185621 loops=1)
        Buckets: 131072  Batches: 16  Memory Usage: 3940kB
        ->  Hash Join  (cost=102767.86..192716.71 rows=1191307 width=8) (actual time=1748.727..4081.005 rows=1185621 loops=1)
              Hash Cond: (mc.movie_id = t.id)
              ->  Seq Scan on movie_companies mc  (cost=0.00..51404.11 rows=1191307 width=4) (actual time=0.023..981.929 rows=1185621 loops=1)
                    Filter: (company_id < 10391)
                    Rows Removed by Filter: 1423508
              ->  Hash  (cost=61283.27..61283.27 rows=2528527 width=4) (actual time=1746.983..1746.983 rows=2528312 loops=1)
                    Buckets: 131072  Batches: 64  Memory Usage: 2415kB
                    ->  Seq Scan on title t  (cost=0.00..61283.27 rows=2528527 width=4) (actual time=0.017..948.281 rows=2528312 loops=1)
Planning time: 1.217 ms
Execution time: 13828.929 ms
