Seq Scan on cast_info ci  (cost=0.00..705507.15 rows=15490156 width=0) (actual time=14.066..11588.419 rows=15361741 loops=1)
  Filter: (person_id < 1514049)
  Rows Removed by Filter: 20882603
Planning time: 1.796 ms
Execution time: 13480.314 ms
