Hash Join  (cost=28266.73..392922.72 rows=6 width=0) (actual time=568.047..7516.371 rows=253 loops=1)
  Hash Cond: (mi.movie_id = t.id)
  ->  Seq Scan on movie_info mi  (cost=0.00..309384.22 rows=14739122 width=4) (actual time=0.015..4409.457 rows=14835720 loops=1)
  ->  Hash  (cost=28266.72..28266.72 rows=1 width=8) (actual time=457.938..457.938 rows=2 loops=1)
        Buckets: 1024  Batches: 1  Memory Usage: 9kB
        ->  Nested Loop  (cost=0.43..28266.72 rows=1 width=8) (actual time=284.517..457.925 rows=2 loops=1)
              ->  Seq Scan on movie_info_idx mi_idx  (cost=0.00..25185.44 rows=368 width=4) (actual time=278.201..446.267 rows=260 loops=1)
                    Filter: (info_type_id > 101)
                    Rows Removed by Filter: 1379775
              ->  Index Scan using title_pkey on title t  (cost=0.43..8.36 rows=1 width=4) (actual time=0.044..0.044 rows=0 loops=260)
                    Index Cond: (id = mi_idx.movie_id)
                    Filter: (production_year = 1961)
                    Rows Removed by Filter: 1
Planning time: 1.216 ms
Execution time: 7516.570 ms
