Hash Join  (cost=85157.92..1219711.53 rows=9807545 width=0) (actual time=1332.907..35430.975 rows=9651981 loops=1)
  Hash Cond: (ci.movie_id = t.id)
  ->  Seq Scan on cast_info ci  (cost=0.00..614943.12 rows=36225612 width=4) (actual time=0.009..13367.231 rows=36244344 loops=1)
  ->  Hash  (cost=73925.90..73925.90 rows=684561 width=4) (actual time=1332.016..1332.016 rows=585759 loops=1)
        Buckets: 131072  Batches: 16  Memory Usage: 2308kB
        ->  Seq Scan on title t  (cost=0.00..73925.90 rows=684561 width=4) (actual time=0.014..1150.932 rows=585759 loops=1)
              Filter: ((kind_id < 7) AND (production_year > 1990))
              Rows Removed by Filter: 1942553
Planning time: 0.766 ms
Execution time: 36522.607 ms
