Seq Scan on cast_info ci  (cost=0.00..705507.15 rows=13994608 width=0) (actual time=0.659..12380.171 rows=13972820 loops=1)
  Filter: (person_id < 1376776)
  Rows Removed by Filter: 22271524
Planning time: 0.232 ms
Execution time: 14138.496 ms
