Seq Scan on movie_companies mc  (cost=0.00..57926.93 rows=791485 width=0) (actual time=0.027..990.254 rows=576278 loops=1)
  Filter: ((company_id > 4626) AND (company_type_id < 2))
  Rows Removed by Filter: 2032851
Planning time: 0.309 ms
Execution time: 1063.837 ms
