Hash Join  (cost=939862.60..1025859.93 rows=794081 width=0) (actual time=44807.249..54689.837 rows=11381633 loops=1)
  Hash Cond: (mc.movie_id = t.id)
  ->  Seq Scan on movie_companies mc  (cost=0.00..44881.29 rows=2609129 width=4) (actual time=0.021..3642.931 rows=2609129 loops=1)
  ->  Hash  (cost=927236.22..927236.22 rows=769550 width=8) (actual time=44805.256..44805.256 rows=2865816 loops=1)
        Buckets: 131072 (originally 131072)  Batches: 64 (originally 16)  Memory Usage: 3073kB
        ->  Hash Join  (cost=102767.86..927236.22 rows=769550 width=8) (actual time=24558.230..43850.168 rows=2865816 loops=1)
              Hash Cond: (ci.movie_id = t.id)
              ->  Seq Scan on cast_info ci  (cost=0.00..796071.18 rows=769550 width=4) (actual time=19308.512..34152.728 rows=2865816 loops=1)
                    Filter: ((person_id > 3044884) AND (role_id > 9))
                    Rows Removed by Filter: 33378528
              ->  Hash  (cost=61283.27..61283.27 rows=2528527 width=4) (actual time=5241.617..5241.617 rows=2528312 loops=1)
                    Buckets: 131072  Batches: 64  Memory Usage: 2415kB
                    ->  Seq Scan on title t  (cost=0.00..61283.27 rows=2528527 width=4) (actual time=0.022..4004.233 rows=2528312 loops=1)
Planning time: 1.334 ms
Execution time: 56223.550 ms
