Hash Join  (cost=83074.74..137742.81 rows=254 width=0) (actual time=1552.250..2406.792 rows=30 loops=1)
  Hash Cond: (mc.movie_id = t.id)
  ->  Seq Scan on movie_companies mc  (cost=0.00..44881.29 rows=2609129 width=4) (actual time=0.021..678.761 rows=2609129 loops=1)
  ->  Hash  (cost=83071.67..83071.67 rows=246 width=8) (actual time=1271.727..1271.727 rows=3 loops=1)
        Buckets: 1024  Batches: 1  Memory Usage: 9kB
        ->  Nested Loop  (cost=0.43..83071.67 rows=246 width=8) (actual time=341.945..1271.716 rows=3 loops=1)
              ->  Seq Scan on movie_keyword mk  (cost=0.00..81003.12 rows=246 width=4) (actual time=341.854..1271.482 rows=3 loops=1)
                    Filter: (keyword_id = 82605)
                    Rows Removed by Filter: 4523927
              ->  Index Only Scan using title_pkey on title t  (cost=0.43..8.40 rows=1 width=4) (actual time=0.064..0.065 rows=1 loops=3)
                    Index Cond: (id = mk.movie_id)
                    Heap Fetches: 3
Planning time: 1.127 ms
Execution time: 2406.892 ms
