Hash Join  (cost=208774.15..351352.17 rows=1688799 width=0) (actual time=4358.715..12504.315 rows=20672482 loops=1)
  Hash Cond: (mk.movie_id = t.id)
  ->  Seq Scan on movie_keyword mk  (cost=0.00..69693.30 rows=4523930 width=4) (actual time=0.017..1631.926 rows=4523930 loops=1)
  ->  Hash  (cost=193287.30..193287.30 rows=943908 width=8) (actual time=4357.873..4357.873 rows=789830 loops=1)
        Buckets: 131072  Batches: 16  Memory Usage: 2998kB
        ->  Hash Join  (cost=102767.86..193287.30 rows=943908 width=8) (actual time=1926.230..4136.155 rows=789830 loops=1)
              Hash Cond: (mc.movie_id = t.id)
              ->  Seq Scan on movie_companies mc  (cost=0.00..57926.93 rows=943908 width=4) (actual time=0.018..1214.108 rows=789830 loops=1)
                    Filter: ((company_id > 1121) AND (company_type_id = 1))
                    Rows Removed by Filter: 1819299
              ->  Hash  (cost=61283.27..61283.27 rows=2528527 width=4) (actual time=1924.191..1924.191 rows=2528312 loops=1)
                    Buckets: 131072  Batches: 64  Memory Usage: 2415kB
                    ->  Seq Scan on title t  (cost=0.00..61283.27 rows=2528527 width=4) (actual time=0.011..1073.062 rows=2528312 loops=1)
Planning time: 1.092 ms
Execution time: 14701.057 ms
