Hash Join  (cost=162829.75..559130.21 rows=158473 width=0) (actual time=8029.141..33749.245 rows=2994539 loops=1)
  Hash Cond: (mi.movie_id = t.id)
  ->  Seq Scan on movie_info mi  (cost=0.00..346232.03 rows=12928982 width=4) (actual time=0.016..20596.295 rows=12970088 loops=1)
        Filter: (info_type_id < 18)
        Rows Removed by Filter: 1865632
  ->  Hash  (cost=162442.33..162442.33 rows=30993 width=8) (actual time=8028.383..8028.383 rows=61073 loops=1)
        Buckets: 65536 (originally 32768)  Batches: 1 (originally 1)  Memory Usage: 2898kB
        ->  Hash Join  (cost=74478.21..162442.33 rows=30993 width=8) (actual time=3493.826..7995.415 rows=61073 loops=1)
              Hash Cond: (mk.movie_id = t.id)
              ->  Seq Scan on movie_keyword mk  (cost=0.00..81003.12 rows=1773620 width=4) (actual time=0.015..4009.187 rows=1776338 loops=1)
                    Filter: (keyword_id > 7789)
                    Rows Removed by Filter: 2747592
              ->  Hash  (cost=73925.90..73925.90 rows=44184 width=4) (actual time=3490.838..3490.838 rows=35489 loops=1)
                    Buckets: 65536  Batches: 1  Memory Usage: 1760kB
                    ->  Seq Scan on title t  (cost=0.00..73925.90 rows=44184 width=4) (actual time=0.016..3453.052 rows=35489 loops=1)
                          Filter: ((kind_id < 7) AND (production_year = 2007))
                          Rows Removed by Filter: 2492823
Planning time: 1.215 ms
Execution time: 34310.461 ms
