Hash Join  (cost=207852.65..647355.85 rows=2148359 width=0) (actual time=6912.207..15324.378 rows=7224220 loops=1)
  Hash Cond: (mi.movie_id = t.id)
  ->  Seq Scan on movie_info mi  (cost=0.00..346232.03 rows=5897221 width=4) (actual time=2396.898..6318.450 rows=5884963 loops=1)
        Filter: (info_type_id < 7)
        Rows Removed by Filter: 8950757
  ->  Hash  (cost=192739.37..192739.37 rows=921143 width=8) (actual time=4493.707..4493.707 rows=761679 loops=1)
        Buckets: 131072  Batches: 16  Memory Usage: 2924kB
        ->  Hash Join  (cost=102767.86..192739.37 rows=921143 width=8) (actual time=2007.802..4285.682 rows=761679 loops=1)
              Hash Cond: (mc.movie_id = t.id)
              ->  Seq Scan on movie_companies mc  (cost=0.00..57926.93 rows=921143 width=4) (actual time=130.898..1145.557 rows=761679 loops=1)
                    Filter: ((company_id > 1402) AND (company_type_id = 1))
                    Rows Removed by Filter: 1847450
              ->  Hash  (cost=61283.27..61283.27 rows=2528527 width=4) (actual time=1874.857..1874.857 rows=2528312 loops=1)
                    Buckets: 131072  Batches: 64  Memory Usage: 2415kB
                    ->  Seq Scan on title t  (cost=0.00..61283.27 rows=2528527 width=4) (actual time=0.024..1070.270 rows=2528312 loops=1)
Planning time: 1.171 ms
Execution time: 16107.962 ms
