Seq Scan on cast_info ci  (cost=0.00..796071.18 rows=553270 width=0) (actual time=845.343..11725.034 rows=983656 loops=1)
  Filter: ((person_id > 2931861) AND (role_id = 4))
  Rows Removed by Filter: 35260688
Planning time: 0.398 ms
Execution time: 11846.113 ms
