Hash Join  (cost=83074.74..889605.55 rows=271 width=0) (actual time=1454.310..15115.947 rows=10266 loops=1)
  Hash Cond: (ci.movie_id = t.id)
  ->  Seq Scan on cast_info ci  (cost=0.00..796071.18 rows=2788512 width=4) (actual time=0.020..12571.445 rows=6928644 loops=1)
        Filter: ((person_id > 2858509) AND (role_id > 3))
        Rows Removed by Filter: 29315700
  ->  Hash  (cost=83071.67..83071.67 rows=246 width=8) (actual time=1454.076..1454.076 rows=894 loops=1)
        Buckets: 1024  Batches: 1  Memory Usage: 43kB
        ->  Nested Loop  (cost=0.43..83071.67 rows=246 width=8) (actual time=0.207..1453.409 rows=894 loops=1)
              ->  Seq Scan on movie_keyword mk  (cost=0.00..81003.12 rows=246 width=4) (actual time=0.161..1399.735 rows=894 loops=1)
                    Filter: (keyword_id = 12530)
                    Rows Removed by Filter: 4523036
              ->  Index Only Scan using title_pkey on title t  (cost=0.43..8.40 rows=1 width=4) (actual time=0.058..0.058 rows=1 loops=894)
                    Index Cond: (id = mk.movie_id)
                    Heap Fetches: 894
Planning time: 1.258 ms
Execution time: 15118.812 ms
