Seq Scan on movie_keyword mk  (cost=0.00..81003.12 rows=246 width=0) (actual time=36.790..1263.056 rows=41 loops=1)
  Filter: (keyword_id = 24604)
  Rows Removed by Filter: 4523889
Planning time: 0.368 ms
Execution time: 1263.180 ms
