Hash Join  (cost=74098.35..127286.78 rows=2559 width=0) (actual time=1032.851..1951.533 rows=867 loops=1)
  Hash Cond: (mc.movie_id = t.id)
  ->  Seq Scan on movie_companies mc  (cost=0.00..51404.11 rows=468993 width=4) (actual time=0.028..820.205 rows=466280 loops=1)
        Filter: (company_id < 401)
        Rows Removed by Filter: 2142849
  ->  Hash  (cost=73925.90..73925.90 rows=13796 width=4) (actual time=1032.402..1032.402 rows=8100 loops=1)
        Buckets: 16384  Batches: 1  Memory Usage: 413kB
        ->  Seq Scan on title t  (cost=0.00..73925.90 rows=13796 width=4) (actual time=0.022..1028.985 rows=8100 loops=1)
              Filter: ((kind_id = 1) AND (production_year = 2000))
              Rows Removed by Filter: 2520212
Planning time: 0.761 ms
Execution time: 1951.888 ms
