Seq Scan on cast_info ci  (cost=0.00..796071.18 rows=3799757 width=0) (actual time=9398.587..12829.679 rows=1858443 loops=1)
  Filter: ((person_id < 3255002) AND (role_id = 10))
  Rows Removed by Filter: 34385901
Planning time: 0.385 ms
Execution time: 13054.994 ms
