Hash Join  (cost=73982.55..160721.67 rows=8108 width=0) (actual time=2236.715..2981.691 rows=3524 loops=1)
  Hash Cond: (mk.movie_id = t.id)
  ->  Seq Scan on movie_keyword mk  (cost=0.00..69693.30 rows=4523930 width=4) (actual time=0.010..1039.657 rows=4523930 loops=1)
  ->  Hash  (cost=73925.90..73925.90 rows=4532 width=4) (actual time=1119.939..1119.939 rows=7895 loops=1)
        Buckets: 8192  Batches: 1  Memory Usage: 342kB
        ->  Seq Scan on title t  (cost=0.00..73925.90 rows=4532 width=4) (actual time=0.083..1116.122 rows=7895 loops=1)
              Filter: ((kind_id > 6) AND (production_year = 1982))
              Rows Removed by Filter: 2520417
Planning time: 0.765 ms
Execution time: 2982.184 ms
