Hash Join  (cost=190230.21..1266866.79 rows=11727965 width=0) (actual time=5009.418..37605.752 rows=23668215 loops=1)
  Hash Cond: (ci.movie_id = t.id)
  ->  Seq Scan on cast_info ci  (cost=0.00..705507.15 rows=21488206 width=4) (actual time=797.770..14710.915 rows=21600135 loops=1)
        Filter: (person_id > 1443360)
        Rows Removed by Filter: 14644209
  ->  Hash  (cost=167588.78..167588.78 rows=1380035 width=8) (actual time=4210.224..4210.224 rows=1380035 loops=1)
        Buckets: 131072  Batches: 32  Memory Usage: 2708kB
        ->  Hash Join  (cost=102767.86..167588.78 rows=1380035 width=8) (actual time=1828.996..3803.557 rows=1380035 loops=1)
              Hash Cond: (mi_idx.movie_id = t.id)
              ->  Seq Scan on movie_info_idx mi_idx  (cost=0.00..21735.35 rows=1380035 width=4) (actual time=0.024..449.893 rows=1380035 loops=1)
              ->  Hash  (cost=61283.27..61283.27 rows=2528527 width=4) (actual time=1827.908..1827.908 rows=2528312 loops=1)
                    Buckets: 131072  Batches: 64  Memory Usage: 2415kB
                    ->  Seq Scan on title t  (cost=0.00..61283.27 rows=2528527 width=4) (actual time=0.017..983.071 rows=2528312 loops=1)
Planning time: 1.183 ms
Execution time: 40072.211 ms
