Hash Join  (cost=67697.55..154488.65 rows=13306 width=0) (actual time=1064.776..2997.696 rows=19940 loops=1)
  Hash Cond: (mk.movie_id = t.id)
  ->  Seq Scan on movie_keyword mk  (cost=0.00..69693.30 rows=4523930 width=4) (actual time=0.023..1140.387 rows=4523930 loops=1)
  ->  Hash  (cost=67604.59..67604.59 rows=7437 width=4) (actual time=1064.040..1064.040 rows=4763 loops=1)
        Buckets: 8192  Batches: 1  Memory Usage: 232kB
        ->  Seq Scan on title t  (cost=0.00..67604.59 rows=7437 width=4) (actual time=0.676..1061.373 rows=4763 loops=1)
              Filter: (production_year = 1950)
              Rows Removed by Filter: 2523549
Planning time: 0.668 ms
Execution time: 3000.525 ms
