Hash Join  (cost=73950.44..455104.90 rows=7215 width=0) (actual time=1068.393..8921.016 rows=26375 loops=1)
  Hash Cond: (mi.movie_id = t.id)
  ->  Seq Scan on movie_info mi  (cost=0.00..346232.03 rows=9293409 width=4) (actual time=0.017..6338.956 rows=9425200 loops=1)
        Filter: (info_type_id > 5)
        Rows Removed by Filter: 5410520
  ->  Hash  (cost=73925.90..73925.90 rows=1963 width=4) (actual time=1067.084..1067.084 rows=3613 loops=1)
        Buckets: 4096 (originally 2048)  Batches: 1 (originally 1)  Memory Usage: 160kB
        ->  Seq Scan on title t  (cost=0.00..73925.90 rows=1963 width=4) (actual time=490.189..1065.307 rows=3613 loops=1)
              Filter: ((kind_id = 1) AND (production_year = 1919))
              Rows Removed by Filter: 2524699
Planning time: 0.785 ms
Execution time: 8925.649 ms
