Seq Scan on movie_companies mc  (cost=0.00..51404.11 rows=104 width=0) (actual time=57.202..803.785 rows=188 loops=1)
  Filter: (company_id = 11214)
  Rows Removed by Filter: 2608941
Planning time: 0.389 ms
Execution time: 803.955 ms
