Seq Scan on cast_info ci  (cost=0.00..796071.18 rows=80 width=0) (actual time=19584.114..32608.994 rows=31 loops=1)
  Filter: ((role_id > 8) AND (person_id = 2908454))
  Rows Removed by Filter: 36244313
Planning time: 0.417 ms
Execution time: 32609.125 ms
