Nested Loop  (cost=0.43..52283.69 rows=104 width=0) (actual time=73.192..804.588 rows=16 loops=1)
  ->  Seq Scan on movie_companies mc  (cost=0.00..51404.11 rows=104 width=4) (actual time=73.097..803.904 rows=16 loops=1)
        Filter: (company_id = 80783)
        Rows Removed by Filter: 2609113
  ->  Index Only Scan using title_pkey on title t  (cost=0.43..8.45 rows=1 width=4) (actual time=0.037..0.038 rows=1 loops=16)
        Index Cond: (id = mc.movie_id)
        Heap Fetches: 16
Planning time: 0.765 ms
Execution time: 804.670 ms
