Seq Scan on cast_info ci  (cost=0.00..796071.18 rows=6538672 width=0) (actual time=645.030..12767.169 rows=10100876 loops=1)
  Filter: ((person_id > 2706036) AND (role_id > 1))
  Rows Removed by Filter: 26143468
Planning time: 0.357 ms
Execution time: 14022.773 ms
