Hash Join  (cost=74060.24..128836.67 rows=11090 width=0) (actual time=1176.262..2347.522 rows=15316 loops=1)
  Hash Cond: (mc.movie_id = t.id)
  ->  Seq Scan on movie_companies mc  (cost=0.00..44881.29 rows=2609129 width=4) (actual time=0.015..709.375 rows=2609129 loops=1)
  ->  Hash  (cost=73925.90..73925.90 rows=10747 width=4) (actual time=1113.738..1113.738 rows=6468 loops=1)
        Buckets: 16384  Batches: 1  Memory Usage: 356kB
        ->  Seq Scan on title t  (cost=0.00..73925.90 rows=10747 width=4) (actual time=419.396..1110.599 rows=6468 loops=1)
              Filter: ((kind_id = 1) AND (production_year = 1997))
              Rows Removed by Filter: 2521844
Planning time: 0.471 ms
Execution time: 2349.977 ms
