Hash Join  (cost=227888.44..314973.34 rows=873038 width=0) (actual time=4586.736..8585.420 rows=6880997 loops=1)
  Hash Cond: (mc.movie_id = t.id)
  ->  Seq Scan on movie_companies mc  (cost=0.00..44881.29 rows=2609129 width=4) (actual time=0.031..970.882 rows=2609129 loops=1)
  ->  Hash  (cost=214007.59..214007.59 rows=846068 width=8) (actual time=4585.597..4585.597 rows=852258 loops=1)
        Buckets: 131072  Batches: 16  Memory Usage: 3145kB
        ->  Hash Join  (cost=102767.86..214007.59 rows=846068 width=8) (actual time=1951.279..4345.404 rows=852258 loops=1)
              Hash Cond: (mk.movie_id = t.id)
              ->  Seq Scan on movie_keyword mk  (cost=0.00..81003.12 rows=846068 width=4) (actual time=0.024..1317.992 rows=852258 loops=1)
                    Filter: (keyword_id > 21553)
                    Rows Removed by Filter: 3671672
              ->  Hash  (cost=61283.27..61283.27 rows=2528527 width=4) (actual time=1949.714..1949.714 rows=2528312 loops=1)
                    Buckets: 131072  Batches: 64  Memory Usage: 2425kB
                    ->  Seq Scan on title t  (cost=0.00..61283.27 rows=2528527 width=4) (actual time=0.008..1094.017 rows=2528312 loops=1)
Planning time: 1.141 ms
Execution time: 9333.755 ms
