Seq Scan on movie_keyword mk  (cost=0.00..81003.12 rows=246 width=0) (actual time=0.290..4004.107 rows=3420 loops=1)
  Filter: (keyword_id = 679)
  Rows Removed by Filter: 4520510
Planning time: 0.359 ms
Execution time: 4005.239 ms
