Hash Join  (cost=97835.13..179041.58 rows=585011 width=0) (actual time=2232.503..4453.515 rows=310128 loops=1)
  Hash Cond: (mc.movie_id = t.id)
  ->  Seq Scan on movie_companies mc  (cost=0.00..57926.93 rows=1015040 width=4) (actual time=275.248..1227.908 rows=1274246 loops=1)
        Filter: ((company_id < 72071) AND (company_type_id = 1))
        Rows Removed by Filter: 1334883
  ->  Hash  (cost=73925.90..73925.90 rows=1457298 width=4) (actual time=1955.666..1955.666 rows=1438183 loops=1)
        Buckets: 131072  Batches: 32  Memory Usage: 2604kB
        ->  Seq Scan on title t  (cost=0.00..73925.90 rows=1457298 width=4) (actual time=395.822..1511.207 rows=1438183 loops=1)
              Filter: ((production_year < 2013) AND (kind_id = 7))
              Rows Removed by Filter: 1090129
Planning time: 0.937 ms
Execution time: 4494.627 ms
