Seq Scan on movie_keyword mk  (cost=0.00..81003.12 rows=246 width=0) (actual time=1.129..1264.525 rows=520 loops=1)
  Filter: (keyword_id = 5398)
  Rows Removed by Filter: 4523410
Planning time: 0.335 ms
Execution time: 1264.877 ms
