Seq Scan on movie_companies mc  (cost=0.00..57926.93 rows=644448 width=0) (actual time=0.016..1025.295 rows=408875 loops=1)
  Filter: ((company_id < 11164) AND (company_type_id > 1))
  Rows Removed by Filter: 2200254
Planning time: 0.351 ms
Execution time: 1076.138 ms
