Hash Join  (cost=125260.42..472976.17 rows=4667 width=0) (actual time=4971.442..7772.348 rows=95309 loops=1)
  Hash Cond: (mi.movie_id = t.id)
  ->  Seq Scan on movie_info mi  (cost=0.00..346232.03 rows=383217 width=4) (actual time=2640.442..5360.461 rows=368218 loops=1)
        Filter: (info_type_id = 17)
        Rows Removed by Filter: 14467502
  ->  Hash  (cost=124875.49..124875.49 rows=30794 width=8) (actual time=2318.124..2318.124 rows=29477 loops=1)
        Buckets: 32768  Batches: 1  Memory Usage: 1408kB
        ->  Hash Join  (cost=68365.25..124875.49 rows=30794 width=8) (actual time=1120.773..2307.919 rows=29477 loops=1)
              Hash Cond: (mc.movie_id = t.id)
              ->  Seq Scan on movie_companies mc  (cost=0.00..51404.11 rows=1279517 width=4) (actual time=0.029..866.746 rows=1274246 loops=1)
                    Filter: (company_type_id = 1)
                    Rows Removed by Filter: 1334883
              ->  Hash  (cost=67604.59..67604.59 rows=60853 width=4) (actual time=1120.196..1120.196 rows=62568 loops=1)
                    Buckets: 65536  Batches: 1  Memory Usage: 2712kB
                    ->  Seq Scan on title t  (cost=0.00..67604.59 rows=60853 width=4) (actual time=0.055..1084.163 rows=62568 loops=1)
                          Filter: (production_year = 2002)
                          Rows Removed by Filter: 2465744
Planning time: 1.878 ms
Execution time: 7783.707 ms
