Hash Join  (cost=85590.92..144184.67 rows=239768 width=144) (actual time=2182.241..3620.243 rows=168348 loops=1)
  Hash Cond: (mi_idx.movie_id = t.id)
  ->  Seq Scan on movie_info_idx mi_idx  (cost=0.00..25185.44 rows=915101 width=50) (actual time=0.014..698.446 rows=919850 loops=1)
        Filter: (info_type_id < 101)
        Rows Removed by Filter: 460185
  ->  Hash  (cost=67604.59..67604.59 rows=662507 width=94) (actual time=2181.417..2181.417 rows=662065 loops=1)
        Buckets: 32768  Batches: 32  Memory Usage: 2590kB
        ->  Seq Scan on title t  (cost=0.00..67604.59 rows=662507 width=94) (actual time=0.019..1306.347 rows=662065 loops=1)
              Filter: (production_year > 2008)
              Rows Removed by Filter: 1866247
Planning time: 0.960 ms
Execution time: 3630.099 ms
