Hash Join  (cost=917251.95..1049492.02 rows=840304 width=0) (actual time=17767.685..19532.105 rows=253796 loops=1)
  Hash Cond: (mk.movie_id = t.id)
  ->  Seq Scan on movie_keyword mk  (cost=0.00..69693.30 rows=4523930 width=4) (actual time=0.014..1435.295 rows=4523930 loops=1)
  ->  Hash  (cost=909546.13..909546.13 rows=469665 width=8) (actual time=16208.711..16208.711 rows=424359 loops=1)
        Buckets: 131072  Batches: 8  Memory Usage: 3102kB
        ->  Hash Join  (cost=92883.59..909546.13 rows=469665 width=8) (actual time=9834.507..16073.373 rows=424359 loops=1)
              Hash Cond: (ci.movie_id = t.id)
              ->  Seq Scan on cast_info ci  (cost=0.00..796071.18 rows=770743 width=4) (actual time=8146.339..12206.413 rows=885602 loops=1)
                    Filter: ((person_id > 2010571) AND (role_id = 8))
                    Rows Removed by Filter: 35358742
              ->  Hash  (cost=67604.59..67604.59 rows=1540800 width=4) (actual time=1686.753..1686.753 rows=1543264 loops=1)
                    Buckets: 131072  Batches: 32  Memory Usage: 2722kB
                    ->  Seq Scan on title t  (cost=0.00..67604.59 rows=1540800 width=4) (actual time=139.473..1195.862 rows=1543264 loops=1)
                          Filter: (kind_id = 7)
                          Rows Removed by Filter: 985048
Planning time: 2.525 ms
Execution time: 19560.877 ms
