Seq Scan on movie_keyword mk  (cost=0.00..81003.12 rows=246 width=0) (actual time=28.863..1360.818 rows=65 loops=1)
  Filter: (keyword_id = 74198)
  Rows Removed by Filter: 4523865
Planning time: 0.243 ms
Execution time: 1360.964 ms
