Hash Join  (cost=449572.22..527147.22 rows=183148 width=0) (actual time=5988.708..7860.011 rows=96013 loops=1)
  Hash Cond: (mc.movie_id = t.id)
  ->  Seq Scan on movie_companies mc  (cost=0.00..44881.29 rows=2609129 width=4) (actual time=0.024..851.438 rows=2609129 loops=1)
  ->  Hash  (cost=446659.59..446659.59 rows=177490 width=8) (actual time=5987.296..5987.296 rows=38587 loops=1)
        Buckets: 131072  Batches: 4  Memory Usage: 1397kB
        ->  Hash Join  (cost=89472.60..446659.59 rows=177490 width=8) (actual time=2334.347..5974.986 rows=38587 loops=1)
              Hash Cond: (mi.movie_id = t.id)
              ->  Seq Scan on movie_info mi  (cost=0.00..346232.03 rows=473617 width=4) (actual time=725.662..4026.439 rows=486554 loops=1)
                    Filter: (info_type_id = 5)
                    Rows Removed by Filter: 14349166
              ->  Hash  (cost=73925.90..73925.90 rows=947576 width=4) (actual time=1607.962..1607.962 rows=876037 loops=1)
                    Buckets: 131072  Batches: 16  Memory Usage: 2955kB
                    ->  Seq Scan on title t  (cost=0.00..73925.90 rows=947576 width=4) (actual time=0.016..1175.841 rows=876037 loops=1)
                          Filter: ((production_year < 2007) AND (kind_id = 7))
                          Rows Removed by Filter: 1652275
Planning time: 10.682 ms
Execution time: 7883.771 ms
