Seq Scan on cast_info ci  (cost=0.00..705507.15 rows=19873506 width=0) (actual time=0.018..12736.230 rows=19758404 loops=1)
  Filter: (person_id < 1981201)
  Rows Removed by Filter: 16485940
Planning time: 0.363 ms
Execution time: 15300.288 ms
