Hash Join  (cost=83074.74..833899.15 rows=3524 width=0) (actual time=1342.813..18134.006 rows=79041 loops=1)
  Hash Cond: (ci.movie_id = t.id)
  ->  Seq Scan on cast_info ci  (cost=0.00..614943.12 rows=36225612 width=4) (actual time=0.005..9147.430 rows=36244344 loops=1)
  ->  Hash  (cost=83071.67..83071.67 rows=246 width=8) (actual time=1341.628..1341.628 rows=1022 loops=1)
        Buckets: 1024  Batches: 1  Memory Usage: 48kB
        ->  Nested Loop  (cost=0.43..83071.67 rows=246 width=8) (actual time=0.640..1340.803 rows=1022 loops=1)
              ->  Seq Scan on movie_keyword mk  (cost=0.00..81003.12 rows=246 width=4) (actual time=0.570..1293.239 rows=1022 loops=1)
                    Filter: (keyword_id = 6043)
                    Rows Removed by Filter: 4522908
              ->  Index Only Scan using title_pkey on title t  (cost=0.43..8.40 rows=1 width=4) (actual time=0.045..0.045 rows=1 loops=1022)
                    Index Cond: (id = mk.movie_id)
                    Heap Fetches: 1022
Planning time: 1.131 ms
Execution time: 18151.376 ms
