Hash Join  (cost=102767.86..220425.79 rows=1112788 width=0) (actual time=2027.053..4900.060 rows=1119632 loops=1)
  Hash Cond: (mk.movie_id = t.id)
  ->  Seq Scan on movie_keyword mk  (cost=0.00..81003.12 rows=1112788 width=4) (actual time=0.014..1400.329 rows=1119632 loops=1)
        Filter: (keyword_id < 1190)
        Rows Removed by Filter: 3404298
  ->  Hash  (cost=61283.27..61283.27 rows=2528527 width=4) (actual time=2025.106..2025.106 rows=2528312 loops=1)
        Buckets: 131072  Batches: 64  Memory Usage: 2425kB
        ->  Seq Scan on title t  (cost=0.00..61283.27 rows=2528527 width=4) (actual time=0.017..1143.733 rows=2528312 loops=1)
Planning time: 0.482 ms
Execution time: 5023.531 ms
