Hash Join  (cost=442564.60..1300140.66 rows=84709 width=0) (actual time=11446.344..21973.808 rows=242109 loops=1)
  Hash Cond: (ci.movie_id = t.id)
  ->  Seq Scan on cast_info ci  (cost=0.00..796071.18 rows=9705243 width=4) (actual time=3454.144..12197.579 rows=6587920 loops=1)
        Filter: ((person_id > 1847535) AND (role_id < 3))
        Rows Removed by Filter: 29656424
  ->  Hash  (cost=442288.73..442288.73 rows=22070 width=8) (actual time=7991.775..7991.775 rows=45867 loops=1)
        Buckets: 65536 (originally 32768)  Batches: 1 (originally 1)  Memory Usage: 2304kB
        ->  Hash Join  (cost=67697.55..442288.73 rows=22070 width=8) (actual time=1164.625..7971.480 rows=45867 loops=1)
              Hash Cond: (mi.movie_id = t.id)
              ->  Seq Scan on movie_info mi  (cost=0.00..346232.03 rows=7503588 width=4) (actual time=0.029..5372.552 rows=7548855 loops=1)
                    Filter: (info_type_id > 7)
                    Rows Removed by Filter: 7286865
              ->  Hash  (cost=67604.59..67604.59 rows=7437 width=4) (actual time=1161.079..1161.079 rows=14428 loops=1)
                    Buckets: 16384 (originally 8192)  Batches: 1 (originally 1)  Memory Usage: 636kB
                    ->  Seq Scan on title t  (cost=0.00..67604.59 rows=7437 width=4) (actual time=0.026..1154.031 rows=14428 loops=1)
                          Filter: (production_year = 1978)
                          Rows Removed by Filter: 2513884
Planning time: 0.768 ms
Execution time: 22006.222 ms
