Hash Join  (cost=268735.68..877425.54 rows=9293569 width=0) (actual time=13649.476..71091.278 rows=98381684 loops=1)
  Hash Cond: (mi.movie_id = t.id)
  ->  Seq Scan on movie_info mi  (cost=0.00..346232.03 rows=12665229 width=4) (actual time=122.179..20755.914 rows=12744652 loops=1)
        Filter: (info_type_id > 2)
        Rows Removed by Filter: 2091068
  ->  Hash  (cost=238295.20..238295.20 rows=1855398 width=8) (actual time=13523.833..13523.833 rows=1860581 loops=1)
        Buckets: 131072  Batches: 32  Memory Usage: 3365kB
        ->  Hash Join  (cost=102767.86..238295.20 rows=1855398 width=8) (actual time=6077.229..12904.542 rows=1860581 loops=1)
              Hash Cond: (mk.movie_id = t.id)
              ->  Seq Scan on movie_keyword mk  (cost=0.00..81003.12 rows=1855398 width=4) (actual time=0.027..4639.584 rows=1860581 loops=1)
                    Filter: (keyword_id > 7418)
                    Rows Removed by Filter: 2663349
              ->  Hash  (cost=61283.27..61283.27 rows=2528527 width=4) (actual time=6075.164..6075.164 rows=2528312 loops=1)
                    Buckets: 131072  Batches: 64  Memory Usage: 2425kB
                    ->  Seq Scan on title t  (cost=0.00..61283.27 rows=2528527 width=4) (actual time=0.013..4571.128 rows=2528312 loops=1)
Planning time: 4.419 ms
Execution time: 84593.391 ms
