Hash Join  (cost=329214.85..1054221.18 rows=19526659 width=0) (actual time=8456.393..58507.965 rows=183147807 loops=1)
  Hash Cond: (mi.movie_id = t.id)
  ->  Seq Scan on movie_info mi  (cost=0.00..309384.22 rows=14739122 width=4) (actual time=0.021..5942.807 rows=14835720 loops=1)
  ->  Hash  (cost=274255.87..274255.87 rows=3349839 width=8) (actual time=8455.250..8455.250 rows=3346446 loops=1)
        Buckets: 131072  Batches: 64  Memory Usage: 3166kB
        ->  Hash Join  (cost=102767.86..274255.87 rows=3349839 width=8) (actual time=2511.270..6987.581 rows=3346446 loops=1)
              Hash Cond: (mk.movie_id = t.id)
              ->  Seq Scan on movie_keyword mk  (cost=0.00..81003.12 rows=3349839 width=4) (actual time=0.563..1638.307 rows=3346446 loops=1)
                    Filter: (keyword_id > 1389)
                    Rows Removed by Filter: 1177484
              ->  Hash  (cost=61283.27..61283.27 rows=2528527 width=4) (actual time=2509.339..2509.339 rows=2528312 loops=1)
                    Buckets: 131072  Batches: 64  Memory Usage: 2425kB
                    ->  Seq Scan on title t  (cost=0.00..61283.27 rows=2528527 width=4) (actual time=0.021..1045.669 rows=2528312 loops=1)
Planning time: 1.148 ms
Execution time: 76967.704 ms
