Hash Join  (cost=83072.95..447729.11 rows=25 width=0) (actual time=1494.052..8009.668 rows=278 loops=1)
  Hash Cond: (mi.movie_id = t.id)
  ->  Seq Scan on movie_info mi  (cost=0.00..309384.22 rows=14739122 width=4) (actual time=0.020..4117.635 rows=14835720 loops=1)
  ->  Hash  (cost=83072.90..83072.90 rows=4 width=8) (actual time=1341.994..1341.994 rows=13 loops=1)
        Buckets: 1024  Batches: 1  Memory Usage: 9kB
        ->  Nested Loop  (cost=0.43..83072.90 rows=4 width=8) (actual time=2.625..1341.961 rows=13 loops=1)
              ->  Seq Scan on movie_keyword mk  (cost=0.00..81003.12 rows=246 width=4) (actual time=0.139..1298.238 rows=1270 loops=1)
                    Filter: (keyword_id = 3811)
                    Rows Removed by Filter: 4522660
              ->  Index Scan using title_pkey on title t  (cost=0.43..8.40 rows=1 width=4) (actual time=0.033..0.033 rows=0 loops=1270)
                    Index Cond: (id = mk.movie_id)
                    Filter: ((kind_id > 1) AND (production_year = 2002))
                    Rows Removed by Filter: 1
Planning time: 0.984 ms
Execution time: 8009.949 ms
