Hash Join  (cost=171024.88..539369.78 rows=368898 width=0) (actual time=3995.003..11860.460 rows=4609394 loops=1)
  Hash Cond: (mi.movie_id = t.id)
  ->  Seq Scan on movie_info mi  (cost=0.00..309384.22 rows=14739122 width=4) (actual time=0.023..4197.388 rows=14835720 loops=1)
  ->  Hash  (cost=170233.82..170233.82 rows=63285 width=8) (actual time=3244.245..3244.245 rows=61888 loops=1)
        Buckets: 65536  Batches: 1  Memory Usage: 2930kB
        ->  Hash Join  (cost=74456.32..170233.82 rows=63285 width=8) (actual time=1101.625..3224.065 rows=61888 loops=1)
              Hash Cond: (mk.movie_id = t.id)
              ->  Seq Scan on movie_keyword mk  (cost=0.00..81003.12 rows=3771074 width=4) (actual time=0.020..1500.997 rows=3762806 loops=1)
                    Filter: (keyword_id < 24645)
                    Rows Removed by Filter: 761124
              ->  Hash  (cost=73925.90..73925.90 rows=42433 width=4) (actual time=1100.193..1100.193 rows=37411 loops=1)
                    Buckets: 65536  Batches: 1  Memory Usage: 1828kB
                    ->  Seq Scan on title t  (cost=0.00..73925.90 rows=42433 width=4) (actual time=551.328..1085.815 rows=37411 loops=1)
                          Filter: ((kind_id = 1) AND (production_year = 2011))
                          Rows Removed by Filter: 2490901
Planning time: 1.163 ms
Execution time: 12396.255 ms
