Seq Scan on title t  (cost=0.00..73925.90 rows=1963 width=0) (actual time=0.032..1132.447 rows=5190 loops=1)
  Filter: ((kind_id = 1) AND (production_year = 1992))
  Rows Removed by Filter: 2523122
Planning time: 0.373 ms
Execution time: 1133.814 ms
