Hash Join  (cost=73702.75..114875.88 rows=202865 width=0) (actual time=3703.248..6194.373 rows=218781 loops=1)
  Hash Cond: (mi_idx.movie_id = t.id)
  ->  Seq Scan on movie_info_idx mi_idx  (cost=0.00..21735.35 rows=1380035 width=4) (actual time=0.025..1534.944 rows=1380035 loops=1)
  ->  Hash  (cost=67604.59..67604.59 rows=371693 width=4) (actual time=3702.414..3702.414 rows=366430 loops=1)
        Buckets: 131072  Batches: 8  Memory Usage: 2627kB
        ->  Seq Scan on title t  (cost=0.00..67604.59 rows=371693 width=4) (actual time=0.015..3540.819 rows=366430 loops=1)
              Filter: (production_year < 1970)
              Rows Removed by Filter: 2161882
Planning time: 0.683 ms
Execution time: 6225.711 ms
