Hash Join  (cost=84618.84..169743.12 rows=568272 width=0) (actual time=1544.971..4633.966 rows=1209458 loops=1)
  Hash Cond: (mc.movie_id = t.id)
  ->  Seq Scan on movie_companies mc  (cost=0.00..51404.11 rows=2204651 width=4) (actual time=0.014..1206.106 rows=2200869 loops=1)
        Filter: (company_id < 81241)
        Rows Removed by Filter: 408260
  ->  Hash  (cost=73925.90..73925.90 rows=651755 width=4) (actual time=1543.814..1543.814 rows=711179 loops=1)
        Buckets: 131072  Batches: 16  Memory Usage: 2590kB
        ->  Seq Scan on title t  (cost=0.00..73925.90 rows=651755 width=4) (actual time=0.039..1315.988 rows=711179 loops=1)
              Filter: ((kind_id < 7) AND (production_year < 2008))
              Rows Removed by Filter: 1817133
Planning time: 0.804 ms
Execution time: 4781.810 ms
