Hash Join  (cost=521607.22..672079.70 rows=2052211 width=0) (actual time=9590.022..14690.373 rows=6594440 loops=1)
  Hash Cond: (mk.movie_id = t.id)
  ->  Seq Scan on movie_keyword mk  (cost=0.00..81003.12 rows=3347649 width=4) (actual time=0.017..1742.521 rows=3336236 loops=1)
        Filter: (keyword_id < 15611)
        Rows Removed by Filter: 1187694
  ->  Hash  (cost=496176.42..496176.42 rows=1550064 width=8) (actual time=9588.332..9588.332 rows=1533909 loops=1)
        Buckets: 131072  Batches: 32  Memory Usage: 2900kB
        ->  Hash Join  (cost=102767.86..496176.42 rows=1550064 width=8) (actual time=5410.710..9150.414 rows=1533909 loops=1)
              Hash Cond: (mi.movie_id = t.id)
              ->  Seq Scan on movie_info mi  (cost=0.00..346232.03 rows=1550064 width=4) (actual time=3149.419..5327.581 rows=1533909 loops=1)
                    Filter: (info_type_id = 3)
                    Rows Removed by Filter: 13301811
              ->  Hash  (cost=61283.27..61283.27 rows=2528527 width=4) (actual time=2260.212..2260.212 rows=2528312 loops=1)
                    Buckets: 131072  Batches: 64  Memory Usage: 2425kB
                    ->  Seq Scan on title t  (cost=0.00..61283.27 rows=2528527 width=4) (actual time=0.026..1150.171 rows=2528312 loops=1)
Planning time: 1.215 ms
Execution time: 15363.989 ms
