Hash Join  (cost=474757.31..609802.02 rows=1070467 width=0) (actual time=11062.905..12236.099 rows=378199 loops=1)
  Hash Cond: (mk.movie_id = t.id)
  ->  Seq Scan on movie_keyword mk  (cost=0.00..69693.30 rows=4523930 width=4) (actual time=0.014..1407.477 rows=4523930 loops=1)
  ->  Hash  (cost=464940.46..464940.46 rows=598308 width=8) (actual time=8982.624..8982.624 rows=324156 loops=1)
        Buckets: 131072  Batches: 8  Memory Usage: 2604kB
        ->  Hash Join  (cost=85894.26..464940.46 rows=598308 width=8) (actual time=1801.795..8889.176 rows=324156 loops=1)
              Hash Cond: (mi.movie_id = t.id)
              ->  Seq Scan on movie_info mi  (cost=0.00..346232.03 rows=2073893 width=4) (actual time=402.059..5801.112 rows=2091068 loops=1)
                    Filter: (info_type_id < 3)
                    Rows Removed by Filter: 12744652
              ->  Hash  (cost=73925.90..73925.90 rows=729468 width=4) (actual time=1398.567..1398.567 rows=638430 loops=1)
                    Buckets: 131072  Batches: 16  Memory Usage: 2431kB
                    ->  Seq Scan on title t  (cost=0.00..73925.90 rows=729468 width=4) (actual time=0.030..1190.968 rows=638430 loops=1)
                          Filter: ((production_year < 2003) AND (kind_id = 7))
                          Rows Removed by Filter: 1889882
Planning time: 1.236 ms
Execution time: 12280.183 ms
