Hash Join  (cost=183734.85..1268584.54 rows=4969152 width=0) (actual time=3961.324..35697.867 rows=8309534 loops=1)
  Hash Cond: (ci.movie_id = t.id)
  ->  Seq Scan on cast_info ci  (cost=0.00..614943.12 rows=36225612 width=4) (actual time=0.019..13086.020 rows=36244344 loops=1)
  ->  Hash  (cost=178044.30..178044.30 rows=346844 width=8) (actual time=3960.554..3960.554 rows=340112 loops=1)
        Buckets: 131072  Batches: 8  Memory Usage: 2691kB
        ->  Hash Join  (cost=103376.09..178044.30 rows=346844 width=8) (actual time=2060.555..3855.064 rows=340112 loops=1)
              Hash Cond: (mc.movie_id = t.id)
              ->  Seq Scan on movie_companies mc  (cost=0.00..57926.93 rows=488567 width=4) (actual time=1.938..975.959 rows=804952 loops=1)
                    Filter: ((company_id > 17790) AND (company_type_id = 2))
                    Rows Removed by Filter: 1804177
              ->  Hash  (cost=73925.90..73925.90 rows=1795055 width=4) (actual time=2057.577..2057.577 rows=1799906 loops=1)
                    Buckets: 131072  Batches: 32  Memory Usage: 3007kB
                    ->  Seq Scan on title t  (cost=0.00..73925.90 rows=1795055 width=4) (actual time=0.016..1490.834 rows=1799906 loops=1)
                          Filter: ((kind_id > 1) AND (production_year > 1907))
                          Rows Removed by Filter: 728406
Planning time: 1.127 ms
Execution time: 36660.685 ms
