Seq Scan on cast_info ci  (cost=0.00..705507.15 rows=32430681 width=0) (actual time=0.010..12561.568 rows=32567197 loops=1)
  Filter: (person_id > 351946)
  Rows Removed by Filter: 3677147
Planning time: 0.240 ms
Execution time: 16208.705 ms
