Hash Join  (cost=709676.75..796338.15 rows=336 width=0) (actual time=11337.662..12870.281 rows=9 loops=1)
  Hash Cond: (mk.movie_id = t.id)
  ->  Seq Scan on movie_keyword mk  (cost=0.00..69693.30 rows=4523930 width=4) (actual time=0.019..987.765 rows=4523930 loops=1)
  ->  Hash  (cost=709674.40..709674.40 rows=188 width=8) (actual time=11120.291..11120.291 rows=8 loops=1)
        Buckets: 1024  Batches: 1  Memory Usage: 9kB
        ->  Nested Loop  (cost=0.43..709674.40 rows=188 width=8) (actual time=4191.971..11120.210 rows=8 loops=1)
              ->  Seq Scan on cast_info ci  (cost=0.00..705507.15 rows=500 width=4) (actual time=4191.805..11102.348 rows=1183 loops=1)
                    Filter: (person_id = 177714)
                    Rows Removed by Filter: 36243161
              ->  Index Scan using title_pkey on title t  (cost=0.43..8.32 rows=1 width=4) (actual time=0.014..0.014 rows=0 loops=1183)
                    Index Cond: (id = ci.movie_id)
                    Filter: ((kind_id < 7) AND (production_year > 1907))
                    Rows Removed by Filter: 1
Planning time: 1.174 ms
Execution time: 12870.441 ms
