Hash Join  (cost=481410.10..1407688.17 rows=4308100 width=0) (actual time=12438.537..29324.937 rows=2748566 loops=1)
  Hash Cond: (ci.movie_id = t.id)
  ->  Seq Scan on cast_info ci  (cost=0.00..705507.15 rows=15124245 width=4) (actual time=3754.010..13752.639 rows=15272454 loops=1)
        Filter: (person_id > 2114776)
        Rows Removed by Filter: 20971890
  ->  Hash  (cost=469593.05..469593.05 rows=720244 width=8) (actual time=8683.157..8683.157 rows=240378 loops=1)
        Buckets: 131072  Batches: 16  Memory Usage: 1600kB
        ->  Hash Join  (cost=87540.77..469593.05 rows=720244 width=8) (actual time=2081.178..8609.116 rows=240378 loops=1)
              Hash Cond: (mi.movie_id = t.id)
              ->  Seq Scan on movie_info mi  (cost=0.00..346232.03 rows=2194617 width=4) (actual time=483.099..5587.136 rows=2233850 loops=1)
                    Filter: (info_type_id > 16)
                    Rows Removed by Filter: 12601870
              ->  Hash  (cost=73925.90..73925.90 rows=829829 width=4) (actual time=1561.105..1561.105 rows=747613 loops=1)
                    Buckets: 131072  Batches: 16  Memory Usage: 2673kB
                    ->  Seq Scan on title t  (cost=0.00..73925.90 rows=829829 width=4) (actual time=0.016..1304.755 rows=747613 loops=1)
                          Filter: ((kind_id > 4) AND (production_year < 2005))
                          Rows Removed by Filter: 1780699
Planning time: 1.102 ms
Execution time: 29609.052 ms
