Hash Join  (cost=95162.59..173804.15 rows=680640 width=0) (actual time=1858.797..3963.303 rows=316487 loops=1)
  Hash Cond: (mc.movie_id = t.id)
  ->  Seq Scan on movie_companies mc  (cost=0.00..51404.11 rows=1329612 width=4) (actual time=0.023..954.101 rows=1334883 loops=1)
        Filter: (company_type_id = 2)
        Rows Removed by Filter: 1274246
  ->  Hash  (cost=73925.90..73925.90 rows=1294375 width=4) (actual time=1857.492..1857.492 rows=1374286 loops=1)
        Buckets: 131072  Batches: 32  Memory Usage: 2537kB
        ->  Seq Scan on title t  (cost=0.00..73925.90 rows=1294375 width=4) (actual time=0.018..1426.876 rows=1374286 loops=1)
              Filter: ((production_year > 1967) AND (kind_id = 7))
              Rows Removed by Filter: 1154026
Planning time: 0.744 ms
Execution time: 4004.151 ms
