Seq Scan on movie_keyword mk  (cost=0.00..81003.12 rows=246 width=0) (actual time=9.402..1235.217 rows=1024 loops=1)
  Filter: (keyword_id = 58)
  Rows Removed by Filter: 4522906
Planning time: 0.403 ms
Execution time: 1235.709 ms
