Hash Join  (cost=156487.41..1074231.84 rows=1632629 width=0) (actual time=7545.307..19498.280 rows=1629049 loops=1)
  Hash Cond: (ci.movie_id = t.id)
  ->  Seq Scan on cast_info ci  (cost=0.00..796071.18 rows=8955190 width=4) (actual time=4027.253..13558.692 rows=3828621 loops=1)
        Filter: ((person_id < 1357593) AND (role_id > 1))
        Rows Removed by Filter: 32415723
  ->  Hash  (cost=148924.19..148924.19 rows=460978 width=8) (actual time=3509.714..3509.714 rows=459925 loops=1)
        Buckets: 131072  Batches: 8  Memory Usage: 3275kB
        ->  Hash Join  (cost=102767.86..148924.19 rows=460978 width=8) (actual time=2035.412..3370.966 rows=459925 loops=1)
              Hash Cond: (mi_idx.movie_id = t.id)
              ->  Seq Scan on movie_info_idx mi_idx  (cost=0.00..25185.44 rows=460978 width=4) (actual time=0.280..520.504 rows=459925 loops=1)
                    Filter: (info_type_id = 99)
                    Rows Removed by Filter: 920110
              ->  Hash  (cost=61283.27..61283.27 rows=2528527 width=4) (actual time=2033.023..2033.023 rows=2528312 loops=1)
                    Buckets: 131072  Batches: 64  Memory Usage: 2415kB
                    ->  Seq Scan on title t  (cost=0.00..61283.27 rows=2528527 width=4) (actual time=0.023..1185.301 rows=2528312 loops=1)
Planning time: 1.208 ms
Execution time: 19699.362 ms
