Hash Join  (cost=137516.40..211268.46 rows=129928 width=0) (actual time=2762.540..4440.769 rows=143143 loops=1)
  Hash Cond: (mc.movie_id = t.id)
  ->  Seq Scan on movie_companies mc  (cost=0.00..57926.93 rows=1160493 width=4) (actual time=0.012..1236.790 rows=1000628 loops=1)
        Filter: ((company_id < 90023) AND (company_type_id > 1))
        Rows Removed by Filter: 1608501
  ->  Hash  (cost=132871.77..132871.77 rows=283091 width=8) (actual time=2761.780..2761.780 rows=141906 loops=1)
        Buckets: 131072  Batches: 4  Memory Usage: 2407kB
        ->  Hash Join  (cost=92883.59..132871.77 rows=283091 width=8) (actual time=2075.709..2724.286 rows=141906 loops=1)
              Hash Cond: (mi_idx.movie_id = t.id)
              ->  Seq Scan on movie_info_idx mi_idx  (cost=0.00..25185.44 rows=464566 width=4) (actual time=0.016..488.414 rows=459925 loops=1)
                    Filter: (info_type_id = 101)
                    Rows Removed by Filter: 920110
              ->  Hash  (cost=67604.59..67604.59 rows=1540800 width=4) (actual time=1783.120..1783.120 rows=1543264 loops=1)
                    Buckets: 131072  Batches: 32  Memory Usage: 2722kB
                    ->  Seq Scan on title t  (cost=0.00..67604.59 rows=1540800 width=4) (actual time=0.010..1285.913 rows=1543264 loops=1)
                          Filter: (kind_id = 7)
                          Rows Removed by Filter: 985048
Planning time: 1.145 ms
Execution time: 4457.963 ms
