Seq Scan on movie_keyword mk  (cost=0.00..81003.12 rows=2251430 width=0) (actual time=0.013..1517.095 rows=2254471 loops=1)
  Filter: (keyword_id < 4660)
  Rows Removed by Filter: 2269459
Planning time: 0.243 ms
Execution time: 1813.129 ms
