Hash Join  (cost=102767.86..235348.64 rows=1732902 width=0) (actual time=1976.494..5263.531 rows=1742119 loops=1)
  Hash Cond: (mk.movie_id = t.id)
  ->  Seq Scan on movie_keyword mk  (cost=0.00..81003.12 rows=1732902 width=4) (actual time=0.016..1502.512 rows=1742119 loops=1)
        Filter: (keyword_id < 2849)
        Rows Removed by Filter: 2781811
  ->  Hash  (cost=61283.27..61283.27 rows=2528527 width=4) (actual time=1975.502..1975.502 rows=2528312 loops=1)
        Buckets: 131072  Batches: 64  Memory Usage: 2425kB
        ->  Seq Scan on title t  (cost=0.00..61283.27 rows=2528527 width=4) (actual time=0.029..1096.931 rows=2528312 loops=1)
Planning time: 0.542 ms
Execution time: 5481.904 ms
