Nested Loop  (cost=0.43..83072.90 rows=174 width=0) (actual time=254.641..1253.869 rows=14 loops=1)
  ->  Seq Scan on movie_keyword mk  (cost=0.00..81003.12 rows=246 width=4) (actual time=156.825..1253.010 rows=17 loops=1)
        Filter: (keyword_id = 17606)
        Rows Removed by Filter: 4523913
  ->  Index Scan using title_pkey on title t  (cost=0.43..8.40 rows=1 width=4) (actual time=0.045..0.045 rows=1 loops=17)
        Index Cond: (id = mk.movie_id)
        Filter: ((kind_id > 1) AND (production_year > 1911))
        Rows Removed by Filter: 0
Planning time: 0.768 ms
Execution time: 1254.001 ms
