Hash Join  (cost=365297.21..2153759.02 rows=60238762 width=0) (actual time=9981.042..93274.996 rows=213733559 loops=1)
  Hash Cond: (ci.movie_id = t.id)
  ->  Seq Scan on cast_info ci  (cost=0.00..614943.12 rows=36225612 width=4) (actual time=0.024..14114.366 rows=36244344 loops=1)
  ->  Hash  (cost=296314.32..296314.32 rows=4204631 width=8) (actual time=9978.916..9978.916 rows=4422324 loops=1)
        Buckets: 131072  Batches: 64  Memory Usage: 3750kB
        ->  Hash Join  (cost=106311.64..296314.32 rows=4204631 width=8) (actual time=2120.154..8047.586 rows=4422324 loops=1)
              Hash Cond: (mk.movie_id = t.id)
              ->  Seq Scan on movie_keyword mk  (cost=0.00..81003.12 rows=4506250 width=4) (actual time=0.037..1844.417 rows=4509332 loops=1)
                    Filter: (keyword_id < 121461)
                    Rows Removed by Filter: 14598
              ->  Hash  (cost=67604.59..67604.59 rows=2359284 width=4) (actual time=2118.642..2118.642 rows=2355024 loops=1)
                    Buckets: 131072  Batches: 32  Memory Usage: 3624kB
                    ->  Seq Scan on title t  (cost=0.00..67604.59 rows=2359284 width=4) (actual time=0.014..1363.134 rows=2355024 loops=1)
                          Filter: (production_year > 1924)
                          Rows Removed by Filter: 173288
Planning time: 1.215 ms
Execution time: 116092.242 ms
