Seq Scan on cast_info ci  (cost=0.00..705507.15 rows=500 width=0) (actual time=1881.210..11359.295 rows=1 loops=1)
  Filter: (person_id = 1938469)
  Rows Removed by Filter: 36244343
Planning time: 0.386 ms
Execution time: 11359.398 ms
