Hash Join  (cost=94372.68..228384.26 rows=1438700 width=0) (actual time=1868.055..5373.280 rows=629013 loops=1)
  Hash Cond: (mk.movie_id = t.id)
  ->  Seq Scan on movie_keyword mk  (cost=0.00..81003.12 rows=2919055 width=4) (actual time=0.016..1859.970 rows=2907284 loops=1)
        Filter: (keyword_id < 9333)
        Rows Removed by Filter: 1616646
  ->  Hash  (cost=73925.90..73925.90 rows=1246222 width=4) (actual time=1866.161..1866.161 rows=1372507 loops=1)
        Buckets: 131072  Batches: 32  Memory Usage: 2550kB
        ->  Seq Scan on title t  (cost=0.00..73925.90 rows=1246222 width=4) (actual time=0.019..1425.344 rows=1372507 loops=1)
              Filter: ((kind_id > 3) AND (production_year > 1983))
              Rows Removed by Filter: 1155805
Planning time: 0.929 ms
Execution time: 5444.626 ms
