Seq Scan on movie_keyword mk  (cost=0.00..81003.12 rows=246 width=0) (actual time=5.487..1366.571 rows=40 loops=1)
  Filter: (keyword_id = 69167)
  Rows Removed by Filter: 4523890
Planning time: 0.247 ms
Execution time: 1366.681 ms
