Seq Scan on cast_info ci  (cost=0.00..705507.15 rows=8289728 width=0) (actual time=0.292..9781.343 rows=8184554 loops=1)
  Filter: (person_id < 799952)
  Rows Removed by Filter: 28059790
Planning time: 0.332 ms
Execution time: 10566.912 ms
