Hash Join  (cost=126008.64..212681.08 rows=1440 width=0) (actual time=1238.414..2707.100 rows=5270 loops=1)
  Hash Cond: (mk.movie_id = t.id)
  ->  Seq Scan on movie_keyword mk  (cost=0.00..69693.30 rows=4523930 width=4) (actual time=0.039..834.848 rows=4523930 loops=1)
  ->  Hash  (cost=125998.58..125998.58 rows=805 width=8) (actual time=1195.693..1195.693 rows=1415 loops=1)
        Buckets: 2048 (originally 1024)  Batches: 1 (originally 1)  Memory Usage: 72kB
        ->  Hash Join  (cost=74373.12..125998.58 rows=805 width=8) (actual time=1119.027..1195.270 rows=1415 loops=1)
              Hash Cond: (mc.movie_id = t.id)
              ->  Seq Scan on movie_companies mc  (cost=0.00..51404.11 rows=56880 width=4) (actual time=665.097..732.283 rows=55769 loops=1)
                    Filter: (company_id > 186965)
                    Rows Removed by Filter: 2553360
              ->  Hash  (cost=73925.90..73925.90 rows=35777 width=4) (actual time=453.459..453.459 rows=37357 loops=1)
                    Buckets: 65536  Batches: 1  Memory Usage: 1826kB
                    ->  Seq Scan on title t  (cost=0.00..73925.90 rows=35777 width=4) (actual time=0.028..444.151 rows=37357 loops=1)
                          Filter: ((production_year > 2007) AND (kind_id = 4))
                          Rows Removed by Filter: 2490955
Planning time: 1.186 ms
Execution time: 2708.034 ms
