Nested Loop  (cost=40265.08..417188.42 rows=3919 width=0) (actual time=2902.073..6598.570 rows=1110 loops=1)
  Join Filter: (mi.movie_id = t.id)
  ->  Hash Join  (cost=40264.65..393723.74 rows=35509 width=8) (actual time=2902.005..6473.810 rows=12416 loops=1)
        Hash Cond: (mi.movie_id = mi_idx.movie_id)
        ->  Seq Scan on movie_info mi  (cost=0.00..346232.03 rows=17937 width=4) (actual time=2079.130..5511.314 rows=6034 loops=1)
              Filter: (info_type_id = 57)
              Rows Removed by Filter: 14829686
        ->  Hash  (cost=25185.44..25185.44 rows=919057 width=4) (actual time=821.583..821.583 rows=920110 loops=1)
              Buckets: 131072  Batches: 16  Memory Usage: 3058kB
              ->  Seq Scan on movie_info_idx mi_idx  (cost=0.00..25185.44 rows=919057 width=4) (actual time=0.030..541.081 rows=920110 loops=1)
                    Filter: (info_type_id > 99)
                    Rows Removed by Filter: 459925
  ->  Index Scan using title_pkey on title t  (cost=0.43..0.65 rows=1 width=4) (actual time=0.010..0.010 rows=0 loops=12416)
        Index Cond: (id = mi_idx.movie_id)
        Filter: ((kind_id > 1) AND (production_year < 2011))
        Rows Removed by Filter: 1
Planning time: 1.203 ms
Execution time: 6598.996 ms
