Hash Join  (cost=167085.93..705608.98 rows=5502912 width=0) (actual time=4211.783..21154.448 rows=12813077 loops=1)
  Hash Cond: (mi.movie_id = t.id)
  ->  Seq Scan on movie_info mi  (cost=0.00..309384.22 rows=14739122 width=4) (actual time=0.015..6299.597 rows=14835720 loops=1)
  ->  Hash  (cost=151597.48..151597.48 rows=944036 width=8) (actual time=4210.959..4210.959 rows=893460 loops=1)
        Buckets: 131072  Batches: 16  Memory Usage: 3220kB
        ->  Hash Join  (cost=95982.60..151597.48 rows=944036 width=8) (actual time=2074.680..3964.082 rows=893460 loops=1)
              Hash Cond: (mi_idx.movie_id = t.id)
              ->  Seq Scan on movie_info_idx mi_idx  (cost=0.00..21735.35 rows=1380035 width=4) (actual time=0.018..484.649 rows=1380035 loops=1)
              ->  Hash  (cost=67604.59..67604.59 rows=1729681 width=4) (actual time=2073.714..2073.714 rows=1725233 loops=1)
                    Buckets: 131072  Batches: 32  Memory Usage: 2923kB
                    ->  Seq Scan on title t  (cost=0.00..67604.59 rows=1729681 width=4) (actual time=0.015..1505.460 rows=1725233 loops=1)
                          Filter: (production_year > 1991)
                          Rows Removed by Filter: 803079
Planning time: 1.189 ms
Execution time: 22555.749 ms
