Seq Scan on cast_info ci  (cost=0.00..796071.18 rows=11159685 width=0) (actual time=6141.799..15098.245 rows=12670688 loops=1)
  Filter: ((person_id < 3240996) AND (role_id = 1))
  Rows Removed by Filter: 23573656
Planning time: 0.479 ms
Execution time: 16608.921 ms
