Seq Scan on movie_companies mc  (cost=0.00..57926.93 rows=92335 width=0) (actual time=391.476..761.938 rows=182053 loops=1)
  Filter: ((company_id > 119521) AND (company_type_id = 2))
  Rows Removed by Filter: 2427076
Planning time: 0.375 ms
Execution time: 785.598 ms
