Hash Join  (cost=122440.10..248255.18 rows=312904 width=0) (actual time=2469.797..6866.000 rows=1888993 loops=1)
  Hash Cond: (mk.movie_id = t.id)
  ->  Seq Scan on movie_keyword mk  (cost=0.00..69693.30 rows=4523930 width=4) (actual time=0.018..1424.238 rows=4523930 loops=1)
  ->  Hash  (cost=119569.99..119569.99 rows=174889 width=8) (actual time=2468.918..2468.918 rows=216565 loops=1)
        Buckets: 131072  Batches: 4  Memory Usage: 3150kB
        ->  Hash Join  (cost=83580.70..119569.99 rows=174889 width=8) (actual time=1417.626..2394.874 rows=216565 loops=1)
              Hash Cond: (mi_idx.movie_id = t.id)
              ->  Seq Scan on movie_info_idx mi_idx  (cost=0.00..25185.44 rows=454124 width=4) (actual time=0.025..502.173 rows=459925 loops=1)
                    Filter: (info_type_id = 100)
                    Rows Removed by Filter: 920110
              ->  Hash  (cost=67604.59..67604.59 rows=973769 width=4) (actual time=1416.680..1416.680 rows=971188 loops=1)
                    Buckets: 131072  Batches: 16  Memory Usage: 3161kB
                    ->  Seq Scan on title t  (cost=0.00..67604.59 rows=973769 width=4) (actual time=0.008..1119.517 rows=971188 loops=1)
                          Filter: (production_year < 1999)
                          Rows Removed by Filter: 1557124
Planning time: 3.627 ms
Execution time: 7102.609 ms
