Nested Loop  (cost=0.43..83071.67 rows=246 width=0) (actual time=35.384..3938.770 rows=196 loops=1)
  ->  Seq Scan on movie_keyword mk  (cost=0.00..81003.12 rows=246 width=4) (actual time=35.309..3880.439 rows=196 loops=1)
        Filter: (keyword_id = 16410)
        Rows Removed by Filter: 4523734
  ->  Index Only Scan using title_pkey on title t  (cost=0.43..8.40 rows=1 width=4) (actual time=0.292..0.293 rows=1 loops=196)
        Index Cond: (id = mk.movie_id)
        Heap Fetches: 196
Planning time: 0.679 ms
Execution time: 3938.980 ms
