Seq Scan on movie_keyword mk  (cost=0.00..81003.12 rows=246 width=0) (actual time=8.663..1299.606 rows=310 loops=1)
  Filter: (keyword_id = 9713)
  Rows Removed by Filter: 4523620
Planning time: 0.364 ms
Execution time: 1299.885 ms
