Hash Join  (cost=152037.91..191273.24 rows=89885 width=0) (actual time=8349.286..11056.060 rows=363464 loops=1)
  Hash Cond: (mi_idx.movie_id = t.id)
  ->  Seq Scan on movie_info_idx mi_idx  (cost=0.00..21735.35 rows=1380035 width=4) (actual time=0.024..1804.715 rows=1380035 loops=1)
  ->  Hash  (cost=149335.30..149335.30 rows=164689 width=8) (actual time=8348.388..8348.388 rows=198344 loops=1)
        Buckets: 131072  Batches: 4  Memory Usage: 2966kB
        ->  Hash Join  (cost=87162.74..149335.30 rows=164689 width=8) (actual time=4125.102..8274.065 rows=198344 loops=1)
              Hash Cond: (mc.movie_id = t.id)
              ->  Seq Scan on movie_companies mc  (cost=0.00..51404.11 rows=516147 width=4) (actual time=0.012..3278.331 rows=516728 loops=1)
                    Filter: (company_id < 475)
                    Rows Removed by Filter: 2092401
              ->  Hash  (cost=73925.90..73925.90 rows=806787 width=4) (actual time=4123.981..4123.981 rows=843018 loops=1)
                    Buckets: 131072  Batches: 16  Memory Usage: 2879kB
                    ->  Seq Scan on title t  (cost=0.00..73925.90 rows=806787 width=4) (actual time=0.018..3733.646 rows=843018 loops=1)
                          Filter: ((kind_id < 7) AND (production_year < 2011))
                          Rows Removed by Filter: 1685294
Planning time: 1.075 ms
Execution time: 11107.405 ms
