Seq Scan on cast_info ci  (cost=0.00..796071.18 rows=168 width=0) (actual time=1549.232..13440.506 rows=160 loops=1)
  Filter: ((role_id > 3) AND (person_id = 2874148))
  Rows Removed by Filter: 36244184
Planning time: 0.403 ms
Execution time: 13440.624 ms
