Seq Scan on movie_keyword mk  (cost=0.00..81003.12 rows=246 width=0) (actual time=61.316..1316.346 rows=138 loops=1)
  Filter: (keyword_id = 42380)
  Rows Removed by Filter: 4523792
Planning time: 0.378 ms
Execution time: 1316.548 ms
