Seq Scan on movie_companies mc  (cost=0.00..51404.11 rows=1849692 width=0) (actual time=0.024..912.589 rows=1844213 loops=1)
  Filter: (company_id < 34710)
  Rows Removed by Filter: 764916
Planning time: 0.357 ms
Execution time: 1150.697 ms
