Hash Join  (cost=797557.00..824467.86 rows=38 width=0) (actual time=13424.702..13822.423 rows=21 loops=1)
  Hash Cond: (mi_idx.movie_id = t.id)
  ->  Seq Scan on movie_info_idx mi_idx  (cost=0.00..21735.35 rows=1380035 width=4) (actual time=0.017..288.838 rows=1380035 loops=1)
  ->  Hash  (cost=797556.14..797556.14 rows=69 width=8) (actual time=13264.592..13264.592 rows=15 loops=1)
        Buckets: 1024  Batches: 1  Memory Usage: 9kB
        ->  Nested Loop  (cost=0.43..797556.14 rows=69 width=8) (actual time=8891.189..13264.543 rows=15 loops=1)
              ->  Seq Scan on cast_info ci  (cost=0.00..796071.18 rows=176 width=4) (actual time=8891.037..13248.877 rows=1165 loops=1)
                    Filter: ((role_id < 2) AND (person_id = 1141639))
                    Rows Removed by Filter: 36243179
              ->  Index Scan using title_pkey on title t  (cost=0.43..8.43 rows=1 width=4) (actual time=0.013..0.013 rows=0 loops=1165)
                    Index Cond: (id = ci.movie_id)
                    Filter: (kind_id < 7)
                    Rows Removed by Filter: 1
Planning time: 0.776 ms
Execution time: 13822.523 ms
