Hash Join  (cost=102767.86..182868.38 rows=782056 width=0) (actual time=1832.002..3824.628 rows=788045 loops=1)
  Hash Cond: (mc.movie_id = t.id)
  ->  Seq Scan on movie_companies mc  (cost=0.00..51404.11 rows=782056 width=4) (actual time=16.536..1003.875 rows=788045 loops=1)
        Filter: (company_id > 31716)
        Rows Removed by Filter: 1821084
  ->  Hash  (cost=61283.27..61283.27 rows=2528527 width=4) (actual time=1813.208..1813.208 rows=2528312 loops=1)
        Buckets: 131072  Batches: 64  Memory Usage: 2415kB
        ->  Seq Scan on title t  (cost=0.00..61283.27 rows=2528527 width=4) (actual time=0.014..998.262 rows=2528312 loops=1)
Planning time: 0.764 ms
Execution time: 3913.114 ms
