Seq Scan on movie_companies mc  (cost=0.00..57926.93 rows=92132 width=0) (actual time=198.240..853.200 rows=181794 loops=1)
  Filter: ((company_id > 119660) AND (company_type_id > 1))
  Rows Removed by Filter: 2427335
Planning time: 0.395 ms
Execution time: 876.801 ms
