Hash Join  (cost=100908.38..187594.80 rows=2838 width=0) (actual time=1957.920..3377.639 rows=5715 loops=1)
  Hash Cond: (mk.movie_id = t.id)
  ->  Seq Scan on movie_keyword mk  (cost=0.00..69693.30 rows=4523930 width=4) (actual time=0.028..931.199 rows=4523930 loops=1)
  ->  Hash  (cost=100888.56..100888.56 rows=1586 width=8) (actual time=1726.439..1726.439 rows=777 loops=1)
        Buckets: 2048  Batches: 1  Memory Usage: 47kB
        ->  Hash Join  (cost=73962.22..100888.56 rows=1586 width=8) (actual time=1145.826..1726.083 rows=777 loops=1)
              Hash Cond: (mi_idx.movie_id = t.id)
              ->  Seq Scan on movie_info_idx mi_idx  (cost=0.00..21735.35 rows=1380035 width=4) (actual time=0.017..299.362 rows=1380035 loops=1)
              ->  Hash  (cost=73925.90..73925.90 rows=2905 width=4) (actual time=1144.215..1144.215 rows=7670 loops=1)
                    Buckets: 8192 (originally 4096)  Batches: 1 (originally 1)  Memory Usage: 334kB
                    ->  Seq Scan on title t  (cost=0.00..73925.90 rows=2905 width=4) (actual time=467.626..1140.796 rows=7670 loops=1)
                          Filter: ((kind_id < 7) AND (production_year = 1915))
                          Rows Removed by Filter: 2520642
Planning time: 1.118 ms
Execution time: 3378.626 ms
