Hash Join  (cost=341834.17..2050387.09 rows=52459971 width=0) (actual time=7868.221..80863.454 rows=180152436 loops=1)
  Hash Cond: (ci.movie_id = t.id)
  ->  Seq Scan on cast_info ci  (cost=0.00..614943.12 rows=36225612 width=4) (actual time=0.010..13444.639 rows=36244344 loops=1)
  ->  Hash  (cost=281759.22..281759.22 rows=3661676 width=8) (actual time=7866.835..7866.835 rows=3659178 loops=1)
        Buckets: 131072  Batches: 64  Memory Usage: 3277kB
        ->  Hash Join  (cost=102767.86..281759.22 rows=3661676 width=8) (actual time=2008.939..6838.720 rows=3659178 loops=1)
              Hash Cond: (mk.movie_id = t.id)
              ->  Seq Scan on movie_keyword mk  (cost=0.00..81003.12 rows=3661676 width=4) (actual time=0.008..1751.556 rows=3659178 loops=1)
                    Filter: (keyword_id > 820)
                    Rows Removed by Filter: 864752
              ->  Hash  (cost=61283.27..61283.27 rows=2528527 width=4) (actual time=2007.960..2007.960 rows=2528312 loops=1)
                    Buckets: 131072  Batches: 64  Memory Usage: 2425kB
                    ->  Seq Scan on title t  (cost=0.00..61283.27 rows=2528527 width=4) (actual time=0.011..1140.788 rows=2528312 loops=1)
Planning time: 0.701 ms
Execution time: 100164.085 ms
