Seq Scan on cast_info ci  (cost=0.00..796071.18 rows=108 width=0) (actual time=10695.152..11936.200 rows=35 loops=1)
  Filter: ((role_id > 6) AND (person_id = 341274))
  Rows Removed by Filter: 36244309
Planning time: 0.416 ms
Execution time: 11936.310 ms
