Hash Join  (cost=267767.10..372169.89 rows=1892686 width=0) (actual time=13912.800..25132.629 rows=15652491 loops=1)
  Hash Cond: (mc.movie_id = t.id)
  ->  Seq Scan on movie_companies mc  (cost=0.00..44881.29 rows=2609129 width=4) (actual time=0.016..3662.389 rows=2609129 loops=1)
  ->  Hash  (cost=237674.40..237674.40 rows=1834216 width=8) (actual time=13911.460..13911.460 rows=2092371 loops=1)
        Buckets: 131072  Batches: 32  Memory Usage: 3566kB
        ->  Hash Join  (cost=101489.21..237674.40 rows=1834216 width=8) (actual time=5771.286..13216.394 rows=2092371 loops=1)
              Hash Cond: (mk.movie_id = t.id)
              ->  Seq Scan on movie_keyword mk  (cost=0.00..81003.12 rows=2245581 width=4) (actual time=0.014..4955.218 rows=2245436 loops=1)
                    Filter: (keyword_id < 4625)
                    Rows Removed by Filter: 2278494
              ->  Hash  (cost=67604.59..67604.59 rows=2065330 width=4) (actual time=5770.440..5770.440 rows=2064552 loops=1)
                    Buckets: 131072  Batches: 32  Memory Usage: 3298kB
                    ->  Seq Scan on title t  (cost=0.00..67604.59 rows=2065330 width=4) (actual time=0.016..4769.645 rows=2064552 loops=1)
                          Filter: (production_year < 2011)
                          Rows Removed by Filter: 463760
Planning time: 1.085 ms
Execution time: 27293.667 ms
