Hash Join  (cost=74281.64..157347.22 rows=6010 width=0) (actual time=1101.575..2616.074 rows=11359 loops=1)
  Hash Cond: (mk.movie_id = t.id)
  ->  Seq Scan on movie_keyword mk  (cost=0.00..81003.12 rows=533960 width=4) (actual time=0.015..1405.435 rows=523991 loops=1)
        Filter: (keyword_id > 34630)
        Rows Removed by Filter: 3999939
  ->  Hash  (cost=73925.90..73925.90 rows=28459 width=4) (actual time=1101.366..1101.366 rows=16117 loops=1)
        Buckets: 32768  Batches: 1  Memory Usage: 823kB
        ->  Seq Scan on title t  (cost=0.00..73925.90 rows=28459 width=4) (actual time=60.557..1094.550 rows=16117 loops=1)
              Filter: ((kind_id < 2) AND (production_year = 2006))
              Rows Removed by Filter: 2512195
Planning time: 0.720 ms
Execution time: 2618.023 ms
