Hash Join  (cost=334664.78..1099366.06 rows=21520165 width=0) (actual time=7702.578..64626.424 rows=196609491 loops=1)
  Hash Cond: (mi.movie_id = t.id)
  ->  Seq Scan on movie_info mi  (cost=0.00..309384.22 rows=14739122 width=4) (actual time=0.015..6310.389 rows=14835720 loops=1)
  ->  Hash  (cost=274094.92..274094.92 rows=3691829 width=8) (actual time=7700.616..7700.616 rows=3493547 loops=1)
        Buckets: 131072  Batches: 64  Memory Usage: 3193kB
        ->  Hash Join  (cost=101458.67..274094.92 rows=3691829 width=8) (actual time=2038.672..6749.541 rows=3493547 loops=1)
              Hash Cond: (mk.movie_id = t.id)
              ->  Seq Scan on movie_keyword mk  (cost=0.00..69693.30 rows=4523930 width=4) (actual time=0.013..1454.670 rows=4523930 loops=1)
              ->  Hash  (cost=67604.59..67604.59 rows=2063447 width=4) (actual time=2037.674..2037.674 rows=2060346 loops=1)
                    Buckets: 131072  Batches: 32  Memory Usage: 3302kB
                    ->  Seq Scan on title t  (cost=0.00..67604.59 rows=2063447 width=4) (actual time=0.021..1342.008 rows=2060346 loops=1)
                          Filter: (production_year > 1971)
                          Rows Removed by Filter: 467966
Planning time: 1.141 ms
Execution time: 85358.467 ms
