Hash Join  (cost=52284.29..138942.81 rows=48 width=0) (actual time=804.825..2389.056 rows=522 loops=1)
  Hash Cond: (mk.movie_id = t.id)
  ->  Seq Scan on movie_keyword mk  (cost=0.00..69693.30 rows=4523930 width=4) (actual time=0.019..837.333 rows=4523930 loops=1)
  ->  Hash  (cost=52283.95..52283.95 rows=27 width=8) (actual time=789.765..789.765 rows=95 loops=1)
        Buckets: 1024  Batches: 1  Memory Usage: 12kB
        ->  Nested Loop  (cost=0.43..52283.95 rows=27 width=8) (actual time=8.834..789.656 rows=95 loops=1)
              ->  Seq Scan on movie_companies mc  (cost=0.00..51404.11 rows=104 width=4) (actual time=8.749..759.819 rows=1117 loops=1)
                    Filter: (company_id = 338)
                    Rows Removed by Filter: 2608012
              ->  Index Scan using title_pkey on title t  (cost=0.43..8.45 rows=1 width=4) (actual time=0.026..0.026 rows=0 loops=1117)
                    Index Cond: (id = mc.movie_id)
                    Filter: (production_year > 2008)
                    Rows Removed by Filter: 1
Planning time: 1.147 ms
Execution time: 2389.315 ms
