Hash Join  (cost=160526.42..1297800.17 rows=9571623 width=0) (actual time=3224.080..34921.849 rows=11517714 loops=1)
  Hash Cond: (ci.movie_id = t.id)
  ->  Seq Scan on cast_info ci  (cost=0.00..705507.15 rows=28779576 width=4) (actual time=0.029..15511.908 rows=28742081 loops=1)
        Filter: (person_id < 2922021)
        Rows Removed by Filter: 7502263
  ->  Hash  (cost=146729.58..146729.58 rows=840947 width=8) (actual time=3222.874..3222.874 rows=425718 loops=1)
        Buckets: 131072  Batches: 16  Memory Usage: 2062kB
        ->  Hash Join  (cost=92883.59..146729.58 rows=840947 width=8) (actual time=1670.413..3098.208 rows=425718 loops=1)
              Hash Cond: (mi_idx.movie_id = t.id)
              ->  Seq Scan on movie_info_idx mi_idx  (cost=0.00..21735.35 rows=1380035 width=4) (actual time=0.013..428.009 rows=1380035 loops=1)
              ->  Hash  (cost=67604.59..67604.59 rows=1540800 width=4) (actual time=1648.662..1648.662 rows=1543264 loops=1)
                    Buckets: 131072  Batches: 32  Memory Usage: 2722kB
                    ->  Seq Scan on title t  (cost=0.00..67604.59 rows=1540800 width=4) (actual time=107.388..1163.693 rows=1543264 loops=1)
                          Filter: (kind_id = 7)
                          Rows Removed by Filter: 985048
Planning time: 1.276 ms
Execution time: 36209.832 ms
