Hash Join  (cost=95609.14..183295.00 rows=796759 width=0) (actual time=2233.891..4278.483 rows=689621 loops=1)
  Hash Cond: (mc.movie_id = t.id)
  ->  Seq Scan on movie_companies mc  (cost=0.00..57926.93 rows=1180267 width=4) (actual time=166.355..1111.010 rows=1274246 loops=1)
        Filter: ((company_id < 112288) AND (company_type_id = 1))
        Rows Removed by Filter: 1334883
  ->  Hash  (cost=67604.59..67604.59 rows=1706924 width=4) (actual time=2066.675..2066.675 rows=1700316 loops=1)
        Buckets: 131072  Batches: 32  Memory Usage: 2895kB
        ->  Seq Scan on title t  (cost=0.00..67604.59 rows=1706924 width=4) (actual time=0.034..1299.923 rows=1700316 loops=1)
              Filter: (production_year > 1992)
              Rows Removed by Filter: 827996
Planning time: 0.795 ms
Execution time: 4357.693 ms
