Hash Join  (cost=513038.35..1512122.53 rows=6210760 width=0) (actual time=10114.784..36027.009 rows=11616067 loops=1)
  Hash Cond: (ci.movie_id = t.id)
  ->  Seq Scan on cast_info ci  (cost=0.00..796071.18 rows=11734240 width=4) (actual time=135.141..16236.300 rows=13379281 loops=1)
        Filter: ((person_id > 961678) AND (role_id > 2))
        Rows Removed by Filter: 22865063
  ->  Hash  (cost=491081.45..491081.45 rows=1338312 width=8) (actual time=9978.250..9978.250 rows=1401902 loops=1)
        Buckets: 131072  Batches: 32  Memory Usage: 2687kB
        ->  Hash Join  (cost=102767.86..491081.45 rows=1338312 width=8) (actual time=3572.068..9551.043 rows=1401902 loops=1)
              Hash Cond: (mi.movie_id = t.id)
              ->  Seq Scan on movie_info mi  (cost=0.00..346232.03 rows=1338312 width=4) (actual time=1678.688..5417.616 rows=1401902 loops=1)
                    Filter: (info_type_id = 7)
                    Rows Removed by Filter: 13433818
              ->  Hash  (cost=61283.27..61283.27 rows=2528527 width=4) (actual time=1891.899..1891.899 rows=2528312 loops=1)
                    Buckets: 131072  Batches: 64  Memory Usage: 2425kB
                    ->  Seq Scan on title t  (cost=0.00..61283.27 rows=2528527 width=4) (actual time=0.025..1049.929 rows=2528312 loops=1)
Planning time: 0.805 ms
Execution time: 37433.246 ms
