Hash Join  (cost=153730.64..284345.95 rows=706928 width=0) (actual time=3598.250..7944.912 rows=2871314 loops=1)
  Hash Cond: (mk.movie_id = t.id)
  ->  Seq Scan on movie_keyword mk  (cost=0.00..69693.30 rows=4523930 width=4) (actual time=0.015..1366.794 rows=4523930 loops=1)
  ->  Hash  (cost=147247.66..147247.66 rows=395118 width=8) (actual time=3597.279..3597.279 rows=410873 loops=1)
        Buckets: 131072  Batches: 8  Memory Usage: 3046kB
        ->  Hash Join  (cost=103698.42..147247.66 rows=395118 width=8) (actual time=2181.512..3467.317 rows=410873 loops=1)
              Hash Cond: (mi_idx.movie_id = t.id)
              ->  Seq Scan on movie_info_idx mi_idx  (cost=0.00..25185.44 rows=454124 width=4) (actual time=0.017..480.795 rows=459925 loops=1)
                    Filter: (info_type_id = 100)
                    Rows Removed by Filter: 920110
              ->  Hash  (cost=67604.59..67604.59 rows=2199987 width=4) (actual time=2180.214..2180.214 rows=2192624 loops=1)
                    Buckets: 131072  Batches: 32  Memory Usage: 3436kB
                    ->  Seq Scan on title t  (cost=0.00..67604.59 rows=2199987 width=4) (actual time=0.009..1451.141 rows=2192624 loops=1)
                          Filter: (production_year > 1961)
                          Rows Removed by Filter: 335688
Planning time: 8.352 ms
Execution time: 8260.076 ms
