Hash Join  (cost=171864.67..1219481.16 rows=4939107 width=0) (actual time=3445.486..30174.023 rows=6481655 loops=1)
  Hash Cond: (ci.movie_id = t.id)
  ->  Seq Scan on cast_info ci  (cost=0.00..705507.15 rows=25148339 width=4) (actual time=0.015..13629.102 rows=25248082 loops=1)
        Filter: (person_id > 1080063)
        Rows Removed by Filter: 10996262
  ->  Hash  (cost=163717.17..163717.17 rows=496600 width=8) (actual time=3444.520..3444.520 rows=210250 loops=1)
        Buckets: 131072  Batches: 8  Memory Usage: 2036kB
        ->  Hash Join  (cost=81821.64..163717.17 rows=496600 width=8) (actual time=1441.417..3377.131 rows=210250 loops=1)
              Hash Cond: (mc.movie_id = t.id)
              ->  Seq Scan on movie_companies mc  (cost=0.00..44881.29 rows=2609129 width=4) (actual time=0.018..771.986 rows=2609129 loops=1)
              ->  Hash  (cost=73925.90..73925.90 rows=481259 width=4) (actual time=1250.569..1250.569 rows=518327 loops=1)
                    Buckets: 131072  Batches: 8  Memory Usage: 3301kB
                    ->  Seq Scan on title t  (cost=0.00..73925.90 rows=481259 width=4) (actual time=0.020..1082.641 rows=518327 loops=1)
                          Filter: ((production_year > 2007) AND (kind_id = 7))
                          Rows Removed by Filter: 2009985
Planning time: 1.209 ms
Execution time: 30929.791 ms
