Seq Scan on movie_keyword mk  (cost=0.00..81003.12 rows=4309872 width=0) (actual time=0.018..1481.261 rows=4308814 loops=1)
  Filter: (keyword_id < 65547)
  Rows Removed by Filter: 215116
Planning time: 0.571 ms
Execution time: 2018.627 ms
