Hash Join  (cost=1018504.83..3363745.69 rows=99534242 width=0) (actual time=28953.423..119371.968 rows=236123989 loops=1)
  Hash Cond: (ci.movie_id = t.id)
  ->  Seq Scan on cast_info ci  (cost=0.00..796071.18 rows=17075306 width=4) (actual time=4619.090..17647.129 rows=20122661 loops=1)
        Filter: ((person_id < 3115928) AND (role_id < 3))
        Rows Removed by Filter: 16121683
  ->  Hash  (cost=776690.81..776690.81 rows=14739122 width=8) (actual time=24332.900..24332.900 rows=14835720 loops=1)
        Buckets: 131072  Batches: 256  Memory Usage: 3268kB
        ->  Hash Join  (cost=102767.86..776690.81 rows=14739122 width=8) (actual time=1957.217..20223.149 rows=14835720 loops=1)
              Hash Cond: (mi.movie_id = t.id)
              ->  Seq Scan on movie_info mi  (cost=0.00..309384.22 rows=14739122 width=4) (actual time=0.035..5796.921 rows=14835720 loops=1)
              ->  Hash  (cost=61283.27..61283.27 rows=2528527 width=4) (actual time=1955.435..1955.435 rows=2528312 loops=1)
                    Buckets: 131072  Batches: 64  Memory Usage: 2425kB
                    ->  Seq Scan on title t  (cost=0.00..61283.27 rows=2528527 width=4) (actual time=0.023..1082.302 rows=2528312 loops=1)
Planning time: 1.208 ms
Execution time: 145965.392 ms
