Hash Join  (cost=68365.25..864493.54 rows=344 width=0) (actual time=1614.418..11095.431 rows=131 loops=1)
  Hash Cond: (ci.movie_id = t.id)
  ->  Seq Scan on cast_info ci  (cost=0.00..796071.18 rows=14311 width=4) (actual time=661.673..10139.777 rows=5147 loops=1)
        Filter: ((person_id < 141028) AND (role_id > 10))
        Rows Removed by Filter: 36239197
  ->  Hash  (cost=67604.59..67604.59 rows=60853 width=4) (actual time=952.225..952.225 rows=62568 loops=1)
        Buckets: 65536  Batches: 1  Memory Usage: 2712kB
        ->  Seq Scan on title t  (cost=0.00..67604.59 rows=60853 width=4) (actual time=0.020..926.776 rows=62568 loops=1)
              Filter: (production_year = 2002)
              Rows Removed by Filter: 2465744
Planning time: 0.569 ms
Execution time: 11095.754 ms
