Hash Join  (cost=190230.21..305336.55 rows=920655 width=0) (actual time=4215.081..7773.007 rows=3883275 loops=1)
  Hash Cond: (mk.movie_id = t.id)
  ->  Seq Scan on movie_keyword mk  (cost=0.00..81003.12 rows=1686842 width=4) (actual time=0.024..1414.329 rows=1695801 loops=1)
        Filter: (keyword_id > 8498)
        Rows Removed by Filter: 2828129
  ->  Hash  (cost=167588.78..167588.78 rows=1380035 width=8) (actual time=4214.088..4214.088 rows=1380035 loops=1)
        Buckets: 131072  Batches: 32  Memory Usage: 2726kB
        ->  Hash Join  (cost=102767.86..167588.78 rows=1380035 width=8) (actual time=1780.912..3790.597 rows=1380035 loops=1)
              Hash Cond: (mi_idx.movie_id = t.id)
              ->  Seq Scan on movie_info_idx mi_idx  (cost=0.00..21735.35 rows=1380035 width=4) (actual time=0.021..475.260 rows=1380035 loops=1)
              ->  Hash  (cost=61283.27..61283.27 rows=2528527 width=4) (actual time=1779.957..1779.957 rows=2528312 loops=1)
                    Buckets: 131072  Batches: 64  Memory Usage: 2415kB
                    ->  Seq Scan on title t  (cost=0.00..61283.27 rows=2528527 width=4) (actual time=0.017..919.675 rows=2528312 loops=1)
Planning time: 1.081 ms
Execution time: 8207.038 ms
