Seq Scan on movie_keyword mk  (cost=0.00..81003.12 rows=4328897 width=0) (actual time=0.021..4869.272 rows=4315625 loops=1)
  Filter: (keyword_id > 137)
  Rows Removed by Filter: 208305
Planning time: 0.283 ms
Execution time: 5602.235 ms
