Hash Join  (cost=185058.83..715932.85 rows=4786010 width=0) (actual time=5237.463..34328.121 rows=54964987 loops=1)
  Hash Cond: (mi.movie_id = t.id)
  ->  Seq Scan on movie_info mi  (cost=0.00..309384.22 rows=14739122 width=4) (actual time=0.017..5483.551 rows=14835720 loops=1)
  ->  Hash  (cost=171587.70..171587.70 rows=821050 width=8) (actual time=5236.600..5236.600 rows=1684820 loops=1)
        Buckets: 131072 (originally 131072)  Batches: 32 (originally 16)  Memory Usage: 3153kB
        ->  Hash Join  (cost=83810.17..171587.70 rows=821050 width=8) (actual time=1375.831..4093.219 rows=1684820 loops=1)
              Hash Cond: (mc.movie_id = t.id)
              ->  Seq Scan on movie_companies mc  (cost=0.00..51404.11 rows=2101844 width=4) (actual time=0.025..977.680 rows=2104484 loops=1)
                    Filter: (company_id > 452)
                    Rows Removed by Filter: 504645
              ->  Hash  (cost=67604.59..67604.59 rows=987727 width=4) (actual time=1374.720..1374.720 rows=985048 loops=1)
                    Buckets: 131072  Batches: 16  Memory Usage: 3188kB
                    ->  Seq Scan on title t  (cost=0.00..67604.59 rows=987727 width=4) (actual time=0.027..1065.857 rows=985048 loops=1)
                          Filter: (kind_id < 7)
                          Rows Removed by Filter: 1543264
Planning time: 1.280 ms
Execution time: 41015.369 ms
