Hash Join  (cost=208733.15..1426532.40 rows=4841264 width=0) (actual time=3879.679..33942.092 rows=803411 loops=1)
  Hash Cond: (ci.movie_id = t.id)
  ->  Seq Scan on cast_info ci  (cost=0.00..705507.15 rows=36101700 width=4) (actual time=0.014..15638.603 rows=36084564 loops=1)
        Filter: (person_id < 4036946)
        Rows Removed by Filter: 159780
  ->  Hash  (cost=203169.69..203169.69 rows=339077 width=8) (actual time=3877.802..3877.802 rows=52118 loops=1)
        Buckets: 131072  Batches: 8  Memory Usage: 1266kB
        ->  Hash Join  (cost=77035.88..203169.69 rows=339077 width=8) (actual time=966.866..3862.747 rows=52118 loops=1)
              Hash Cond: (mk.movie_id = t.id)
              ->  Seq Scan on movie_keyword mk  (cost=0.00..69693.30 rows=4523930 width=4) (actual time=0.023..1294.289 rows=4523930 loops=1)
              ->  Hash  (cost=73925.90..73925.90 rows=189518 width=4) (actual time=951.500..951.500 rows=86916 loops=1)
                    Buckets: 131072  Batches: 4  Memory Usage: 1792kB
                    ->  Seq Scan on title t  (cost=0.00..73925.90 rows=189518 width=4) (actual time=0.044..919.447 rows=86916 loops=1)
                          Filter: ((production_year < 1966) AND (kind_id = 7))
                          Rows Removed by Filter: 2441396
Planning time: 1.136 ms
Execution time: 34039.190 ms
