Hash Join  (cost=542808.31..708916.96 rows=3005421 width=0) (actual time=9735.374..15025.511 rows=7215633 loops=1)
  Hash Cond: (mk.movie_id = t.id)
  ->  Seq Scan on movie_keyword mk  (cost=0.00..81003.12 rows=3664263 width=4) (actual time=0.026..1674.493 rows=3656550 loops=1)
        Filter: (keyword_id < 21236)
        Rows Removed by Filter: 867380
  ->  Hash  (cost=508782.64..508782.64 rows=2073893 width=8) (actual time=9734.005..9734.005 rows=2091068 loops=1)
        Buckets: 131072  Batches: 32  Memory Usage: 3569kB
        ->  Hash Join  (cost=102767.86..508782.64 rows=2073893 width=8) (actual time=2502.907..9145.390 rows=2091068 loops=1)
              Hash Cond: (mi.movie_id = t.id)
              ->  Seq Scan on movie_info mi  (cost=0.00..346232.03 rows=2073893 width=4) (actual time=662.340..5203.982 rows=2091068 loops=1)
                    Filter: (info_type_id < 3)
                    Rows Removed by Filter: 12744652
              ->  Hash  (cost=61283.27..61283.27 rows=2528527 width=4) (actual time=1839.413..1839.413 rows=2528312 loops=1)
                    Buckets: 131072  Batches: 64  Memory Usage: 2425kB
                    ->  Seq Scan on title t  (cost=0.00..61283.27 rows=2528527 width=4) (actual time=0.012..987.908 rows=2528312 loops=1)
Planning time: 1.126 ms
Execution time: 15817.807 ms
