Seq Scan on cast_info ci  (cost=0.00..705507.15 rows=500 width=0) (actual time=11727.072..31826.336 rows=23 loops=1)
  Filter: (person_id = 2688802)
  Rows Removed by Filter: 36244321
Planning time: 0.360 ms
Execution time: 31826.434 ms
