Hash Join  (cost=83072.68..447730.48 rows=185 width=0) (actual time=1200.244..7410.749 rows=2642 loops=1)
  Hash Cond: (mi.movie_id = t.id)
  ->  Seq Scan on movie_info mi  (cost=0.00..309384.22 rows=14739122 width=4) (actual time=0.030..3513.959 rows=14835720 loops=1)
  ->  Hash  (cost=83072.29..83072.29 rows=32 width=8) (actual time=1179.224..1179.224 rows=92 loops=1)
        Buckets: 1024  Batches: 1  Memory Usage: 12kB
        ->  Nested Loop  (cost=0.43..83072.29 rows=32 width=8) (actual time=1.488..1179.082 rows=92 loops=1)
              ->  Seq Scan on movie_keyword mk  (cost=0.00..81003.12 rows=246 width=4) (actual time=1.271..1161.513 rows=328 loops=1)
                    Filter: (keyword_id = 2953)
                    Rows Removed by Filter: 4523602
              ->  Index Scan using title_pkey on title t  (cost=0.43..8.40 rows=1 width=4) (actual time=0.051..0.051 rows=0 loops=328)
                    Index Cond: (id = mk.movie_id)
                    Filter: (production_year < 1967)
                    Rows Removed by Filter: 1
Planning time: 1.443 ms
Execution time: 7411.673 ms
