Hash Join  (cost=127104.42..476387.15 rows=1407 width=0) (actual time=3006.981..6154.959 rows=3358 loops=1)
  Hash Cond: (mi.movie_id = t.id)
  ->  Seq Scan on movie_info mi  (cost=0.00..346232.03 rows=809768 width=4) (actual time=1830.666..4880.775 rows=802140 loops=1)
        Filter: (info_type_id < 2)
        Rows Removed by Filter: 14033580
  ->  Hash  (cost=127049.51..127049.51 rows=4393 width=8) (actual time=1176.022..1176.022 rows=4929 loops=1)
        Buckets: 8192  Batches: 1  Memory Usage: 257kB
        ->  Hash Join  (cost=68191.41..127049.51 rows=4393 width=8) (actual time=778.282..1174.707 rows=4929 loops=1)
              Hash Cond: (mc.movie_id = t.id)
              ->  Seq Scan on movie_companies mc  (cost=0.00..57926.93 rows=236596 width=4) (actual time=0.034..339.416 rows=353292 loops=1)
                    Filter: ((company_id < 424) AND (company_type_id < 2))
                    Rows Removed by Filter: 2255837
              ->  Hash  (cost=67604.59..67604.59 rows=46946 width=4) (actual time=777.769..777.769 rows=46583 loops=1)
                    Buckets: 65536  Batches: 1  Memory Usage: 2150kB
                    ->  Seq Scan on title t  (cost=0.00..67604.59 rows=46946 width=4) (actual time=0.029..759.504 rows=46583 loops=1)
                          Filter: (production_year = 1998)
                          Rows Removed by Filter: 2481729
Planning time: 1.243 ms
Execution time: 6155.691 ms
