Seq Scan on cast_info ci  (cost=0.00..796071.18 rows=111918 width=0) (actual time=2123.856..9618.847 rows=102 loops=1)
  Filter: ((person_id < 51733) AND (role_id = 2))
  Rows Removed by Filter: 36244242
Planning time: 0.406 ms
Execution time: 9618.995 ms
