Seq Scan on movie_companies mc  (cost=0.00..51404.11 rows=285945 width=0) (actual time=466.902..788.635 rows=288110 loops=1)
  Filter: (company_id > 95066)
  Rows Removed by Filter: 2321019
Planning time: 0.318 ms
Execution time: 826.363 ms
