Hash Join  (cost=81206.46..208928.26 rows=592771 width=0) (actual time=1299.524..5438.879 rows=1790155 loops=1)
  Hash Cond: (mk.movie_id = t.id)
  ->  Seq Scan on movie_keyword mk  (cost=0.00..81003.12 rows=3377859 width=4) (actual time=0.014..1609.174 rows=3361422 loops=1)
        Filter: (keyword_id < 16117)
        Rows Removed by Filter: 1162508
  ->  Hash  (cost=73925.90..73925.90 rows=443724 width=4) (actual time=1298.422..1298.422 rows=536860 loops=1)
        Buckets: 131072  Batches: 8  Memory Usage: 3402kB
        ->  Seq Scan on title t  (cost=0.00..73925.90 rows=443724 width=4) (actual time=0.018..1124.096 rows=536860 loops=1)
              Filter: ((kind_id < 7) AND (production_year < 2002))
              Rows Removed by Filter: 1991452
Planning time: 0.721 ms
Execution time: 5654.985 ms
