Seq Scan on cast_info ci  (cost=0.00..796071.18 rows=3575610 width=0) (actual time=504.823..10952.891 rows=5585167 loops=1)
  Filter: ((person_id > 3093840) AND (role_id > 1))
  Rows Removed by Filter: 30659177
Planning time: 0.349 ms
Execution time: 11631.134 ms
