Hash Join  (cost=128695.20..516740.88 rows=13179 width=0) (actual time=1856.318..9438.773 rows=407955 loops=1)
  Hash Cond: (mi.movie_id = t.id)
  ->  Seq Scan on movie_info mi  (cost=0.00..346232.03 rows=11115165 width=4) (actual time=0.010..5498.629 rows=11210743 loops=1)
        Filter: (info_type_id > 3)
        Rows Removed by Filter: 3624977
  ->  Hash  (cost=128657.72..128657.72 rows=2998 width=8) (actual time=1856.206..1856.206 rows=13460 loops=1)
        Buckets: 16384 (originally 4096)  Batches: 1 (originally 1)  Memory Usage: 654kB
        ->  Hash Join  (cost=73962.22..128657.72 rows=2998 width=8) (actual time=827.168..1850.605 rows=13460 loops=1)
              Hash Cond: (mc.movie_id = t.id)
              ->  Seq Scan on movie_companies mc  (cost=0.00..44881.29 rows=2609129 width=4) (actual time=0.008..506.396 rows=2609129 loops=1)
              ->  Hash  (cost=73925.90..73925.90 rows=2905 width=4) (actual time=826.998..826.998 rows=7085 loops=1)
                    Buckets: 8192 (originally 4096)  Batches: 1 (originally 1)  Memory Usage: 314kB
                    ->  Seq Scan on title t  (cost=0.00..73925.90 rows=2905 width=4) (actual time=0.017..823.796 rows=7085 loops=1)
                          Filter: ((kind_id < 7) AND (production_year = 1983))
                          Rows Removed by Filter: 2521227
Planning time: 0.779 ms
Execution time: 9491.833 ms
