Hash Join  (cost=205738.90..673029.05 rows=891116 width=0) (actual time=5316.289..19482.166 rows=14374041 loops=1)
  Hash Cond: (mi.movie_id = t.id)
  ->  Seq Scan on movie_info mi  (cost=0.00..346232.03 rows=8673596 width=4) (actual time=0.014..5696.774 rows=8786582 loops=1)
        Filter: (info_type_id < 13)
        Rows Removed by Filter: 6049138
  ->  Hash  (cost=201476.67..201476.67 rows=259778 width=8) (actual time=5299.135..5299.135 rows=872458 loops=1)
        Buckets: 131072 (originally 131072)  Batches: 16 (originally 4)  Memory Usage: 3265kB
        ->  Hash Join  (cost=76308.85..201476.67 rows=259778 width=8) (actual time=1172.547..5019.344 rows=872458 loops=1)
              Hash Cond: (mk.movie_id = t.id)
              ->  Seq Scan on movie_keyword mk  (cost=0.00..69693.30 rows=4523930 width=4) (actual time=0.014..1230.073 rows=4523930 loops=1)
              ->  Hash  (cost=73925.90..73925.90 rows=145196 width=4) (actual time=1171.462..1171.462 rows=245643 loops=1)
                    Buckets: 131072 (originally 131072)  Batches: 4 (originally 2)  Memory Usage: 3190kB
                    ->  Seq Scan on title t  (cost=0.00..73925.90 rows=145196 width=4) (actual time=0.030..1078.936 rows=245643 loops=1)
                          Filter: ((kind_id < 7) AND (production_year < 1970))
                          Rows Removed by Filter: 2282669
Planning time: 2.916 ms
Execution time: 21112.335 ms
