Nested Loop  (cost=0.43..78361.83 rows=1022 width=0) (actual time=229.805..675.799 rows=264 loops=1)
  ->  Seq Scan on movie_companies mc  (cost=0.00..57926.93 rows=2615 width=4) (actual time=103.789..670.903 rows=266 loops=1)
        Filter: ((company_id = 1709) AND (company_type_id = 2))
        Rows Removed by Filter: 2608863
  ->  Index Scan using title_pkey on title t  (cost=0.43..7.80 rows=1 width=4) (actual time=0.017..0.017 rows=1 loops=266)
        Index Cond: (id = mc.movie_id)
        Filter: (kind_id < 7)
        Rows Removed by Filter: 0
Planning time: 1.281 ms
Execution time: 675.985 ms
