Seq Scan on movie_companies mc  (cost=0.00..57926.93 rows=826874 width=0) (actual time=11.708..1001.003 rows=1039584 loops=1)
  Filter: ((company_id > 4548) AND (company_type_id = 2))
  Rows Removed by Filter: 1569545
Planning time: 0.346 ms
Execution time: 1138.323 ms
