Seq Scan on title t  (cost=0.00..73925.90 rows=161784 width=0) (actual time=365.130..3137.474 rows=60160 loops=1)
  Filter: ((production_year < 1962) AND (kind_id = 7))
  Rows Removed by Filter: 2468152
Planning time: 19.941 ms
Execution time: 3147.992 ms
