Hash Join  (cost=76216.59..201261.84 rows=249721 width=0) (actual time=1025.323..3565.373 rows=11516 loops=1)
  Hash Cond: (mk.movie_id = t.id)
  ->  Seq Scan on movie_keyword mk  (cost=0.00..69693.30 rows=4523930 width=4) (actual time=0.022..1253.867 rows=4523930 loops=1)
  ->  Hash  (cost=73925.90..73925.90 rows=139575 width=4) (actual time=1023.666..1023.666 rows=16104 loops=1)
        Buckets: 131072  Batches: 2  Memory Usage: 1315kB
        ->  Seq Scan on title t  (cost=0.00..73925.90 rows=139575 width=4) (actual time=0.202..1015.642 rows=16104 loops=1)
              Filter: ((kind_id > 1) AND (production_year < 1954))
              Rows Removed by Filter: 2512208
Planning time: 0.741 ms
Execution time: 3567.242 ms
