Hash Join  (cost=190230.21..1023842.69 rows=1030910 width=0) (actual time=4177.990..19006.675 rows=1748850 loops=1)
  Hash Cond: (ci.movie_id = t.id)
  ->  Seq Scan on cast_info ci  (cost=0.00..796071.18 rows=1888853 width=4) (actual time=139.818..13374.280 rows=1945821 loops=1)
        Filter: ((person_id > 1092289) AND (role_id = 4))
        Rows Removed by Filter: 34298523
  ->  Hash  (cost=167588.78..167588.78 rows=1380035 width=8) (actual time=4036.741..4036.741 rows=1380035 loops=1)
        Buckets: 131072  Batches: 32  Memory Usage: 2708kB
        ->  Hash Join  (cost=102767.86..167588.78 rows=1380035 width=8) (actual time=1680.207..3618.808 rows=1380035 loops=1)
              Hash Cond: (mi_idx.movie_id = t.id)
              ->  Seq Scan on movie_info_idx mi_idx  (cost=0.00..21735.35 rows=1380035 width=4) (actual time=0.026..404.420 rows=1380035 loops=1)
              ->  Hash  (cost=61283.27..61283.27 rows=2528527 width=4) (actual time=1678.544..1678.544 rows=2528312 loops=1)
                    Buckets: 131072  Batches: 64  Memory Usage: 2415kB
                    ->  Seq Scan on title t  (cost=0.00..61283.27 rows=2528527 width=4) (actual time=0.019..877.294 rows=2528312 loops=1)
Planning time: 1.082 ms
Execution time: 19195.711 ms
