Seq Scan on movie_keyword mk  (cost=0.00..81003.12 rows=1591595 width=0) (actual time=0.027..1295.155 rows=1604594 loops=1)
  Filter: (keyword_id > 9506)
  Rows Removed by Filter: 2919336
Planning time: 0.307 ms
Execution time: 1503.632 ms
