Seq Scan on movie_companies mc  (cost=0.00..57926.93 rows=69735 width=0) (actual time=0.028..755.982 rows=135915 loops=1)
  Filter: ((company_id > 138320) AND (company_type_id = 2))
  Rows Removed by Filter: 2473214
Planning time: 0.365 ms
Execution time: 772.917 ms
