Seq Scan on cast_info ci  (cost=0.00..796071.18 rows=276 width=0) (actual time=4408.867..12603.366 rows=1306 loops=1)
  Filter: ((role_id < 3) AND (person_id = 2187226))
  Rows Removed by Filter: 36243038
Planning time: 0.410 ms
Execution time: 12603.639 ms
