Hash Join  (cost=259792.31..863218.85 rows=9858972 width=0) (actual time=7444.001..68656.892 rows=228515111 loops=1)
  Hash Cond: (mi.movie_id = t.id)
  ->  Seq Scan on movie_info mi  (cost=0.00..309384.22 rows=14739122 width=4) (actual time=0.019..5503.979 rows=14835720 loops=1)
  ->  Hash  (cost=232043.72..232043.72 rows=1691327 width=8) (actual time=7440.447..7440.447 rows=3852766 loops=1)
        Buckets: 131072 (originally 131072)  Batches: 64 (originally 32)  Memory Usage: 3495kB
        ->  Hash Join  (cost=89435.42..232043.72 rows=1691327 width=8) (actual time=1387.463..5694.680 rows=3852766 loops=1)
              Hash Cond: (mk.movie_id = t.id)
              ->  Seq Scan on movie_keyword mk  (cost=0.00..69693.30 rows=4523930 width=4) (actual time=0.018..1347.723 rows=4523930 loops=1)
              ->  Hash  (cost=73925.90..73925.90 rows=945321 width=4) (actual time=1386.557..1386.557 rows=934959 loops=1)
                    Buckets: 131072  Batches: 16  Memory Usage: 3088kB
                    ->  Seq Scan on title t  (cost=0.00..73925.90 rows=945321 width=4) (actual time=0.049..1085.110 rows=934959 loops=1)
                          Filter: ((kind_id < 7) AND (production_year > 1912))
                          Rows Removed by Filter: 1593353
Planning time: 1.083 ms
Execution time: 91851.565 ms
