Hash Join  (cost=160872.73..544523.47 rows=57090 width=0) (actual time=2828.076..9778.544 rows=229954 loops=1)
  Hash Cond: (mi.movie_id = t.id)
  ->  Seq Scan on movie_info mi  (cost=0.00..309384.22 rows=14739122 width=4) (actual time=0.014..3852.418 rows=14835720 loops=1)
  ->  Hash  (cost=160750.31..160750.31 rows=9794 width=8) (actual time=2827.794..2827.794 rows=18677 loops=1)
        Buckets: 32768 (originally 16384)  Batches: 1 (originally 1)  Memory Usage: 986kB
        ->  Hash Join  (cost=73994.33..160750.31 rows=9794 width=8) (actual time=1033.592..2821.010 rows=18677 loops=1)
              Hash Cond: (mk.movie_id = t.id)
              ->  Seq Scan on movie_keyword mk  (cost=0.00..69693.30 rows=4523930 width=4) (actual time=0.012..920.549 rows=4523930 loops=1)
              ->  Hash  (cost=73925.90..73925.90 rows=5474 width=4) (actual time=1032.825..1032.825 rows=14797 loops=1)
                    Buckets: 16384 (originally 8192)  Batches: 1 (originally 1)  Memory Usage: 649kB
                    ->  Seq Scan on title t  (cost=0.00..73925.90 rows=5474 width=4) (actual time=0.016..1025.882 rows=14797 loops=1)
                          Filter: ((kind_id > 1) AND (production_year = 1986))
                          Rows Removed by Filter: 2513515
Planning time: 1.126 ms
Execution time: 9809.432 ms
