Hash Join  (cost=102767.86..1070630.15 rows=6728807 width=0) (actual time=1774.505..24595.619 rows=10777265 loops=1)
  Hash Cond: (ci.movie_id = t.id)
  ->  Seq Scan on cast_info ci  (cost=0.00..796071.18 rows=6728807 width=4) (actual time=0.017..13633.163 rows=10777265 loops=1)
        Filter: ((person_id > 2122349) AND (role_id > 2))
        Rows Removed by Filter: 25467079
  ->  Hash  (cost=61283.27..61283.27 rows=2528527 width=4) (actual time=1772.734..1772.734 rows=2528312 loops=1)
        Buckets: 131072  Batches: 64  Memory Usage: 2415kB
        ->  Seq Scan on title t  (cost=0.00..61283.27 rows=2528527 width=4) (actual time=0.005..944.945 rows=2528312 loops=1)
Planning time: 0.503 ms
Execution time: 25843.666 ms
