Hash Join  (cost=157271.81..284797.36 rows=453351 width=0) (actual time=3280.719..5711.851 rows=610841 loops=1)
  Hash Cond: (mk.movie_id = t.id)
  ->  Seq Scan on movie_keyword mk  (cost=0.00..69693.30 rows=4523930 width=4) (actual time=0.013..1283.037 rows=4523930 loops=1)
  ->  Hash  (cost=153114.46..153114.46 rows=253388 width=8) (actual time=2880.315..2880.315 rows=172446 loops=1)
        Buckets: 131072  Batches: 4  Memory Usage: 2704kB
        ->  Hash Join  (cost=86534.07..153114.46 rows=253388 width=8) (actual time=1334.911..2824.036 rows=172446 loops=1)
              Hash Cond: (mc.movie_id = t.id)
              ->  Seq Scan on movie_companies mc  (cost=0.00..51404.11 rows=833706 width=4) (actual time=0.025..920.318 rows=827716 loops=1)
                    Filter: (company_id < 2042)
                    Rows Removed by Filter: 1781413
              ->  Hash  (cost=73925.90..73925.90 rows=768493 width=4) (actual time=1333.882..1333.882 rows=840010 loops=1)
                    Buckets: 131072  Batches: 16  Memory Usage: 2877kB
                    ->  Seq Scan on title t  (cost=0.00..73925.90 rows=768493 width=4) (actual time=0.028..1072.825 rows=840010 loops=1)
                          Filter: ((production_year > 2002) AND (kind_id = 7))
                          Rows Removed by Filter: 1688302
Planning time: 1.063 ms
Execution time: 5761.539 ms
