Seq Scan on movie_companies mc  (cost=0.00..51404.11 rows=2419426 width=0) (actual time=0.021..2856.639 rows=2418693 loops=1)
  Filter: (company_id < 116549)
  Rows Removed by Filter: 190436
Planning time: 0.360 ms
Execution time: 3236.549 ms
