Hash Join  (cost=74291.13..870911.16 rows=1641 width=0) (actual time=6145.782..13336.680 rows=597 loops=1)
  Hash Cond: (ci.movie_id = t.id)
  ->  Seq Scan on cast_info ci  (cost=0.00..796071.18 rows=141984 width=4) (actual time=4993.924..12166.667 rows=56614 loops=1)
        Filter: ((person_id < 1438433) AND (role_id > 10))
        Rows Removed by Filter: 36187730
  ->  Hash  (cost=73925.90..73925.90 rows=29218 width=4) (actual time=1150.955..1150.955 rows=30850 loops=1)
        Buckets: 32768  Batches: 1  Memory Usage: 1341kB
        ->  Seq Scan on title t  (cost=0.00..73925.90 rows=29218 width=4) (actual time=0.064..1137.318 rows=30850 loops=1)
              Filter: ((kind_id > 1) AND (production_year = 1995))
              Rows Removed by Filter: 2497462
Planning time: 0.799 ms
Execution time: 13336.960 ms
