Hash Join  (cost=139112.26..651975.28 rows=3098008 width=0) (actual time=3106.384..17759.133 rows=10517100 loops=1)
  Hash Cond: (mi.movie_id = t.id)
  ->  Seq Scan on movie_info mi  (cost=0.00..309384.22 rows=14739122 width=4) (actual time=0.010..5479.227 rows=14835720 loops=1)
  ->  Hash  (cost=130391.88..130391.88 rows=531470 width=8) (actual time=3105.705..3105.705 rows=649871 loops=1)
        Buckets: 131072 (originally 131072)  Batches: 16 (originally 8)  Memory Usage: 3073kB
        ->  Hash Join  (cost=83580.70..130391.88 rows=531470 width=8) (actual time=1416.095..2925.799 rows=649871 loops=1)
              Hash Cond: (mi_idx.movie_id = t.id)
              ->  Seq Scan on movie_info_idx mi_idx  (cost=0.00..21735.35 rows=1380035 width=4) (actual time=0.014..437.912 rows=1380035 loops=1)
              ->  Hash  (cost=67604.59..67604.59 rows=973769 width=4) (actual time=1414.982..1414.982 rows=971188 loops=1)
                    Buckets: 131072  Batches: 16  Memory Usage: 3161kB
                    ->  Seq Scan on title t  (cost=0.00..67604.59 rows=973769 width=4) (actual time=0.014..1109.794 rows=971188 loops=1)
                          Filter: (production_year < 1999)
                          Rows Removed by Filter: 1557124
Planning time: 1.148 ms
Execution time: 18896.502 ms
