Hash Join  (cost=174638.24..308776.69 rows=996141 width=0) (actual time=4596.113..6768.898 rows=444128 loops=1)
  Hash Cond: (mk.movie_id = t.id)
  ->  Seq Scan on movie_keyword mk  (cost=0.00..69693.30 rows=4523930 width=4) (actual time=0.029..1359.777 rows=4523930 loops=1)
  ->  Hash  (cost=165503.66..165503.66 rows=556766 width=8) (actual time=3560.393..3560.393 rows=320370 loops=1)
        Buckets: 131072  Batches: 8  Memory Usage: 2590kB
        ->  Hash Join  (cost=82778.48..165503.66 rows=556766 width=8) (actual time=1542.320..3449.934 rows=320370 loops=1)
              Hash Cond: (mc.movie_id = t.id)
              ->  Seq Scan on movie_companies mc  (cost=0.00..44881.29 rows=2609129 width=4) (actual time=0.028..852.381 rows=2609129 loops=1)
              ->  Hash  (cost=73925.90..73925.90 rows=539566 width=4) (actual time=1217.071..1217.071 rows=428248 loops=1)
                    Buckets: 131072  Batches: 8  Memory Usage: 2890kB
                    ->  Seq Scan on title t  (cost=0.00..73925.90 rows=539566 width=4) (actual time=80.424..1079.320 rows=428248 loops=1)
                          Filter: ((production_year < 1997) AND (kind_id = 7))
                          Rows Removed by Filter: 2100064
Planning time: 2.158 ms
Execution time: 6813.321 ms
