Hash Join  (cost=94009.45..261885.52 rows=2674601 width=0) (actual time=1705.686..6068.477 rows=2255619 loops=1)
  Hash Cond: (mk.movie_id = t.id)
  ->  Seq Scan on movie_keyword mk  (cost=0.00..81003.12 rows=4201987 width=4) (actual time=0.020..1769.825 rows=4183354 loops=1)
        Filter: (keyword_id > 282)
        Rows Removed by Filter: 340576
  ->  Hash  (cost=67604.59..67604.59 rows=1609429 width=4) (actual time=1704.896..1704.896 rows=1607077 loops=1)
        Buckets: 131072  Batches: 32  Memory Usage: 2799kB
        ->  Seq Scan on title t  (cost=0.00..67604.59 rows=1609429 width=4) (actual time=0.011..1181.436 rows=1607077 loops=1)
              Filter: (production_year > 1995)
              Rows Removed by Filter: 921235
Planning time: 3.081 ms
Execution time: 6318.492 ms
