Seq Scan on movie_companies mc  (cost=0.00..57926.93 rows=62467 width=0) (actual time=0.022..781.414 rows=121999 loops=1)
  Filter: ((company_id > 145247) AND (company_type_id = 2))
  Rows Removed by Filter: 2487130
Planning time: 0.378 ms
Execution time: 797.148 ms
