Hash Join  (cost=305392.09..485558.43 rows=2039841 width=146) (actual time=8206.255..13500.028 rows=2627595 loops=1)
  Hash Cond: (mk.movie_id = t.id)
  ->  Seq Scan on movie_keyword mk  (cost=0.00..81003.12 rows=3206362 width=12) (actual time=0.491..1939.824 rows=3194455 loops=1)
        Filter: (keyword_id < 12955)
        Rows Removed by Filter: 1329475
  ->  Hash  (cost=253865.43..253865.43 rows=1608612 width=134) (actual time=8196.377..8196.377 rows=1016154 loops=1)
        Buckets: 32768  Batches: 128  Memory Usage: 1409kB
        ->  Hash Join  (cost=116248.38..253865.43 rows=1608612 width=134) (actual time=3151.313..7541.318 rows=1016154 loops=1)
              Hash Cond: (mc.movie_id = t.id)
              ->  Seq Scan on movie_companies mc  (cost=0.00..44881.29 rows=2609129 width=40) (actual time=0.010..1070.977 rows=2609129 loops=1)
              ->  Hash  (cost=73925.90..73925.90 rows=1558918 width=94) (actual time=3149.570..3149.570 rows=1547034 loops=1)
                    Buckets: 32768  Batches: 64  Memory Usage: 3009kB
                    ->  Seq Scan on title t  (cost=0.00..73925.90 rows=1558918 width=94) (actual time=0.014..1900.686 rows=1547034 loops=1)
                          Filter: ((kind_id > 2) AND (production_year < 2012))
                          Rows Removed by Filter: 981278
Planning time: 3.138 ms
Execution time: 13631.902 ms
