Hash Join  (cost=185204.97..572091.35 rows=391563 width=0) (actual time=6769.051..10199.500 rows=2278442 loops=1)
  Hash Cond: (mi.movie_id = t.id)
  ->  Seq Scan on movie_info mi  (cost=0.00..346232.03 rows=3068194 width=4) (actual time=3307.343..5015.225 rows=3036719 loops=1)
        Filter: (info_type_id = 16)
        Rows Removed by Filter: 11799001
  ->  Hash  (cost=179910.33..179910.33 rows=322691 width=8) (actual time=3408.226..3408.226 rows=442971 loops=1)
        Buckets: 131072  Batches: 8  Memory Usage: 3261kB
        ->  Hash Join  (cost=77062.89..179910.33 rows=322691 width=8) (actual time=1098.227..3270.129 rows=442971 loops=1)
              Hash Cond: (mk.movie_id = t.id)
              ->  Seq Scan on movie_keyword mk  (cost=0.00..81003.12 rows=1415310 width=4) (actual time=0.035..1335.145 rows=1428545 loops=1)
                    Filter: (keyword_id > 11665)
                    Rows Removed by Filter: 3095385
              ->  Hash  (cost=67604.59..67604.59 rows=576504 width=4) (actual time=1097.386..1097.386 rows=568449 loops=1)
                    Buckets: 131072  Batches: 8  Memory Usage: 3519kB
                    ->  Seq Scan on title t  (cost=0.00..67604.59 rows=576504 width=4) (actual time=0.033..908.368 rows=568449 loops=1)
                          Filter: (production_year < 1984)
                          Rows Removed by Filter: 1959863
Planning time: 1.137 ms
Execution time: 10458.927 ms
