Hash Join  (cost=432224.21..459306.20 rows=17151 width=0) (actual time=5720.203..6560.564 rows=156127 loops=1)
  Hash Cond: (mi_idx.movie_id = t.id)
  ->  Seq Scan on movie_info_idx mi_idx  (cost=0.00..21735.35 rows=1380035 width=4) (actual time=0.014..273.392 rows=1380035 loops=1)
  ->  Hash  (cost=431831.40..431831.40 rows=31425 width=8) (actual time=5719.948..5719.948 rows=95442 loops=1)
        Buckets: 131072 (originally 32768)  Batches: 2 (originally 1)  Memory Usage: 3073kB
        ->  Hash Join  (cost=75536.49..431831.40 rows=31425 width=8) (actual time=2227.768..5687.625 rows=95442 loops=1)
              Hash Cond: (mi.movie_id = t.id)
              ->  Seq Scan on movie_info mi  (cost=0.00..346232.03 rows=809768 width=4) (actual time=1110.931..4165.911 rows=802140 loops=1)
                    Filter: (info_type_id < 2)
                    Rows Removed by Filter: 14033580
              ->  Hash  (cost=73925.90..73925.90 rows=98127 width=4) (actual time=970.520..970.520 rows=226456 loops=1)
                    Buckets: 131072 (originally 131072)  Batches: 4 (originally 2)  Memory Usage: 3073kB
                    ->  Seq Scan on title t  (cost=0.00..73925.90 rows=98127 width=4) (actual time=0.030..885.492 rows=226456 loops=1)
                          Filter: ((production_year < 1970) AND (kind_id = 1))
                          Rows Removed by Filter: 2301856
Planning time: 1.051 ms
Execution time: 6581.218 ms
