Hash Join  (cost=203696.19..1335413.05 rows=2532753 width=0) (actual time=3884.774..34983.466 rows=8441315 loops=1)
  Hash Cond: (ci.movie_id = t.id)
  ->  Seq Scan on cast_info ci  (cost=0.00..705507.15 rows=31225639 width=4) (actual time=0.009..14795.177 rows=31198850 loops=1)
        Filter: (person_id < 3164840)
        Rows Removed by Filter: 5045494
  ->  Hash  (cost=200330.54..200330.54 rows=205092 width=8) (actual time=3883.713..3883.713 rows=189558 loops=1)
        Buckets: 131072  Batches: 4  Memory Usage: 2808kB
        ->  Hash Join  (cost=69694.50..200330.54 rows=205092 width=8) (actual time=949.190..3824.469 rows=189558 loops=1)
              Hash Cond: (mk.movie_id = t.id)
              ->  Seq Scan on movie_keyword mk  (cost=0.00..81003.12 rows=4071999 width=4) (actual time=0.013..1642.553 rows=4058790 loops=1)
                    Filter: (keyword_id > 353)
                    Rows Removed by Filter: 465140
              ->  Hash  (cost=67604.59..67604.59 rows=127353 width=4) (actual time=948.369..948.369 rows=128696 loops=1)
                    Buckets: 131072  Batches: 2  Memory Usage: 3290kB
                    ->  Seq Scan on title t  (cost=0.00..67604.59 rows=127353 width=4) (actual time=0.021..897.389 rows=128696 loops=1)
                          Filter: (production_year = 2009)
                          Rows Removed by Filter: 2399616
Planning time: 1.116 ms
Execution time: 35978.140 ms
