Hash Join  (cost=102767.86..196404.31 rows=1344513 width=0) (actual time=1694.021..3870.319 rows=1351722 loops=1)
  Hash Cond: (mc.movie_id = t.id)
  ->  Seq Scan on movie_companies mc  (cost=0.00..51404.11 rows=1344513 width=4) (actual time=0.030..871.536 rows=1351722 loops=1)
        Filter: (company_id > 11164)
        Rows Removed by Filter: 1257407
  ->  Hash  (cost=61283.27..61283.27 rows=2528527 width=4) (actual time=1692.416..1692.416 rows=2528312 loops=1)
        Buckets: 131072  Batches: 64  Memory Usage: 2415kB
        ->  Seq Scan on title t  (cost=0.00..61283.27 rows=2528527 width=4) (actual time=0.018..859.940 rows=2528312 loops=1)
Planning time: 0.690 ms
Execution time: 4004.852 ms
