Hash Join  (cost=234970.05..282224.07 rows=557254 width=0) (actual time=5293.914..7655.510 rows=2212957 loops=1)
  Hash Cond: (mi_idx.movie_id = t.id)
  ->  Seq Scan on movie_info_idx mi_idx  (cost=0.00..21735.35 rows=1380035 width=4) (actual time=0.016..424.391 rows=1380035 loops=1)
  ->  Hash  (cost=218218.41..218218.41 rows=1021011 width=8) (actual time=5292.902..5292.902 rows=1024156 loops=1)
        Buckets: 131072  Batches: 16  Memory Usage: 3552kB
        ->  Hash Join  (cost=102767.86..218218.41 rows=1021011 width=8) (actual time=2493.951..4991.367 rows=1024156 loops=1)
              Hash Cond: (mk.movie_id = t.id)
              ->  Seq Scan on movie_keyword mk  (cost=0.00..81003.12 rows=1021011 width=4) (actual time=0.016..1277.375 rows=1024156 loops=1)
                    Filter: (keyword_id < 1002)
                    Rows Removed by Filter: 3499774
              ->  Hash  (cost=61283.27..61283.27 rows=2528527 width=4) (actual time=2491.104..2491.104 rows=2528312 loops=1)
                    Buckets: 131072  Batches: 64  Memory Usage: 2425kB
                    ->  Seq Scan on title t  (cost=0.00..61283.27 rows=2528527 width=4) (actual time=0.026..975.686 rows=2528312 loops=1)
Planning time: 3.802 ms
Execution time: 7914.530 ms
