Seq Scan on title t  (cost=0.00..73925.90 rows=403710 width=0) (actual time=128.760..3485.574 rows=434218 loops=1)
  Filter: ((production_year > 2008) AND (kind_id = 7))
  Rows Removed by Filter: 2094094
Planning time: 0.423 ms
Execution time: 3552.627 ms
