Seq Scan on movie_companies mc  (cost=0.00..57926.93 rows=1313960 width=0) (actual time=0.028..1131.784 rows=1305489 loops=1)
  Filter: ((company_id < 208211) AND (company_type_id = 2))
  Rows Removed by Filter: 1303640
Planning time: 0.355 ms
Execution time: 1301.645 ms
