Hash Join  (cost=83073.03..447729.53 rows=59 width=0) (actual time=1234.782..7176.971 rows=8505 loops=1)
  Hash Cond: (mi.movie_id = t.id)
  ->  Seq Scan on movie_info mi  (cost=0.00..309384.22 rows=14739122 width=4) (actual time=0.016..3367.581 rows=14835720 loops=1)
  ->  Hash  (cost=83072.90..83072.90 rows=10 width=8) (actual time=1227.161..1227.161 rows=69 loops=1)
        Buckets: 1024  Batches: 1  Memory Usage: 11kB
        ->  Nested Loop  (cost=0.43..83072.90 rows=10 width=8) (actual time=13.047..1227.030 rows=69 loops=1)
              ->  Seq Scan on movie_keyword mk  (cost=0.00..81003.12 rows=246 width=4) (actual time=0.045..1156.163 rows=2382 loops=1)
                    Filter: (keyword_id = 927)
                    Rows Removed by Filter: 4521548
              ->  Index Scan using title_pkey on title t  (cost=0.43..8.40 rows=1 width=4) (actual time=0.029..0.029 rows=0 loops=2382)
                    Index Cond: (id = mk.movie_id)
                    Filter: ((production_year > 2010) AND (kind_id = 1))
                    Rows Removed by Filter: 1
Planning time: 1.231 ms
Execution time: 7178.511 ms
