Hash Join  (cost=102767.86..300453.91 rows=4438580 width=0) (actual time=1812.859..7417.037 rows=4433914 loops=1)
  Hash Cond: (mk.movie_id = t.id)
  ->  Seq Scan on movie_keyword mk  (cost=0.00..81003.12 rows=4438580 width=4) (actual time=0.023..1676.126 rows=4433914 loops=1)
        Filter: (keyword_id > 76)
        Rows Removed by Filter: 90016
  ->  Hash  (cost=61283.27..61283.27 rows=2528527 width=4) (actual time=1810.626..1810.626 rows=2528312 loops=1)
        Buckets: 131072  Batches: 64  Memory Usage: 2425kB
        ->  Seq Scan on title t  (cost=0.00..61283.27 rows=2528527 width=4) (actual time=0.012..925.566 rows=2528312 loops=1)
Planning time: 0.699 ms
Execution time: 7956.323 ms
