Seq Scan on cast_info ci  (cost=0.00..796071.18 rows=19617987 width=0) (actual time=0.016..15198.054 rows=19658706 loops=1)
  Filter: ((person_id > 66747) AND (role_id < 3))
  Rows Removed by Filter: 16585638
Planning time: 0.360 ms
Execution time: 17264.937 ms
