Hash Join  (cost=58375.34..154751.31 rows=3 width=0) (actual time=792.566..2872.116 rows=1 loops=1)
  Hash Cond: (mk.movie_id = t.id)
  ->  Seq Scan on movie_keyword mk  (cost=0.00..81003.12 rows=4099418 width=4) (actual time=0.018..1558.407 rows=4087742 loops=1)
        Filter: (keyword_id > 335)
        Rows Removed by Filter: 436188
  ->  Hash  (cost=58375.31..58375.31 rows=2 width=8) (actual time=738.933..738.933 rows=3 loops=1)
        Buckets: 1024  Batches: 1  Memory Usage: 9kB
        ->  Nested Loop  (cost=0.43..58375.31 rows=2 width=8) (actual time=262.553..738.920 rows=3 loops=1)
              ->  Seq Scan on movie_companies mc  (cost=0.00..57926.93 rows=53 width=4) (actual time=250.140..731.259 rows=188 loops=1)
                    Filter: ((company_id = 70864) AND (company_type_id = 2))
                    Rows Removed by Filter: 2608941
              ->  Index Scan using title_pkey on title t  (cost=0.43..8.45 rows=1 width=4) (actual time=0.040..0.040 rows=0 loops=188)
                    Index Cond: (id = mc.movie_id)
                    Filter: (production_year = 2004)
                    Rows Removed by Filter: 1
Planning time: 1.096 ms
Execution time: 2872.236 ms
