Hash Join  (cost=190230.21..339736.80 rows=2023758 width=0) (actual time=4141.690..9894.236 rows=8692924 loops=1)
  Hash Cond: (mk.movie_id = t.id)
  ->  Seq Scan on movie_keyword mk  (cost=0.00..81003.12 rows=3707969 width=4) (actual time=0.019..1655.959 rows=3704871 loops=1)
        Filter: (keyword_id > 784)
        Rows Removed by Filter: 819059
  ->  Hash  (cost=167588.78..167588.78 rows=1380035 width=8) (actual time=4140.483..4140.483 rows=1380035 loops=1)
        Buckets: 131072  Batches: 32  Memory Usage: 2726kB
        ->  Hash Join  (cost=102767.86..167588.78 rows=1380035 width=8) (actual time=1855.810..3750.988 rows=1380035 loops=1)
              Hash Cond: (mi_idx.movie_id = t.id)
              ->  Seq Scan on movie_info_idx mi_idx  (cost=0.00..21735.35 rows=1380035 width=4) (actual time=1.114..460.884 rows=1380035 loops=1)
              ->  Hash  (cost=61283.27..61283.27 rows=2528527 width=4) (actual time=1852.742..1852.742 rows=2528312 loops=1)
                    Buckets: 131072  Batches: 64  Memory Usage: 2415kB
                    ->  Seq Scan on title t  (cost=0.00..61283.27 rows=2528527 width=4) (actual time=0.016..1053.347 rows=2528312 loops=1)
Planning time: 1.088 ms
Execution time: 10883.751 ms
