Nested Loop  (cost=0.43..83071.67 rows=246 width=0) (actual time=18.232..1186.379 rows=9 loops=1)
  ->  Seq Scan on movie_keyword mk  (cost=0.00..81003.12 rows=246 width=4) (actual time=18.134..1185.817 rows=9 loops=1)
        Filter: (keyword_id = 53667)
        Rows Removed by Filter: 4523921
  ->  Index Only Scan using title_pkey on title t  (cost=0.43..8.40 rows=1 width=4) (actual time=0.054..0.055 rows=1 loops=9)
        Index Cond: (id = mk.movie_id)
        Heap Fetches: 9
Planning time: 2.559 ms
Execution time: 1186.442 ms
