Seq Scan on movie_keyword mk  (cost=0.00..81003.12 rows=2627680 width=0) (actual time=0.014..1422.924 rows=2618280 loops=1)
  Filter: (keyword_id < 7088)
  Rows Removed by Filter: 1905650
Planning time: 0.270 ms
Execution time: 1760.023 ms
