Hash Join  (cost=102464.17..901461.50 rows=340615 width=0) (actual time=1691.788..19043.600 rows=466593 loops=1)
  Hash Cond: (ci.movie_id = t.id)
  ->  Seq Scan on cast_info ci  (cost=0.00..705507.15 rows=24022411 width=4) (actual time=0.015..12836.323 rows=24130698 loops=1)
        Filter: (role_id < 4)
        Rows Removed by Filter: 12113646
  ->  Hash  (cost=102016.02..102016.02 rows=35852 width=8) (actual time=1690.212..1690.212 rows=20214 loops=1)
        Buckets: 65536  Batches: 1  Memory Usage: 1302kB
        ->  Hash Join  (cost=74747.02..102016.02 rows=35852 width=8) (actual time=1287.113..1683.027 rows=20214 loops=1)
              Hash Cond: (mi_idx.movie_id = t.id)
              ->  Seq Scan on movie_info_idx mi_idx  (cost=0.00..21735.35 rows=1380035 width=4) (actual time=0.019..272.288 rows=1380035 loops=1)
              ->  Hash  (cost=73925.90..73925.90 rows=65689 width=4) (actual time=1065.574..1065.574 rows=74524 loops=1)
                    Buckets: 131072  Batches: 1  Memory Usage: 3644kB
                    ->  Seq Scan on title t  (cost=0.00..73925.90 rows=65689 width=4) (actual time=0.021..1036.380 rows=74524 loops=1)
                          Filter: ((kind_id = 7) AND (production_year = 2006))
                          Rows Removed by Filter: 2453788
Planning time: 1.489 ms
Execution time: 19104.080 ms
