Hash Join  (cost=157108.21..511785.05 rows=35996 width=0) (actual time=3662.556..8476.935 rows=117160 loops=1)
  Hash Cond: (mi.movie_id = t.id)
  ->  Seq Scan on movie_info mi  (cost=0.00..346232.03 rows=651960 width=4) (actual time=461.660..4979.849 rows=660923 loops=1)
        Filter: (info_type_id = 18)
        Rows Removed by Filter: 14174797
  ->  Hash  (cost=154817.15..154817.15 rows=139605 width=8) (actual time=3199.983..3199.983 rows=182031 loops=1)
        Buckets: 131072 (originally 131072)  Batches: 4 (originally 2)  Memory Usage: 3073kB
        ->  Hash Join  (cost=87301.44..154817.15 rows=139605 width=8) (actual time=1917.315..3138.499 rows=182031 loops=1)
              Hash Cond: (mc.movie_id = t.id)
              ->  Seq Scan on movie_companies mc  (cost=0.00..57926.93 rows=432993 width=4) (actual time=220.213..938.131 rows=620568 loops=1)
                    Filter: ((company_id < 2601) AND (company_type_id = 1))
                    Rows Removed by Filter: 1988561
              ->  Hash  (cost=73925.90..73925.90 rows=815243 width=4) (actual time=1696.292..1696.292 rows=876186 loops=1)
                    Buckets: 131072  Batches: 16  Memory Usage: 2955kB
                    ->  Seq Scan on title t  (cost=0.00..73925.90 rows=815243 width=4) (actual time=0.020..1416.177 rows=876186 loops=1)
                          Filter: ((kind_id > 1) AND (production_year > 2004))
                          Rows Removed by Filter: 1652126
Planning time: 1.220 ms
Execution time: 8489.472 ms
