Hash Join  (cost=156487.41..1318909.61 rows=4965119 width=0) (actual time=7050.251..77849.663 rows=10452615 loops=1)
  Hash Cond: (ci.movie_id = t.id)
  ->  Seq Scan on cast_info ci  (cost=0.00..796071.18 rows=27234353 width=4) (actual time=0.016..46712.441 rows=29331828 loops=1)
        Filter: ((person_id < 3170411) AND (role_id < 10))
        Rows Removed by Filter: 6912516
  ->  Hash  (cost=148924.19..148924.19 rows=460978 width=8) (actual time=7049.386..7049.386 rows=459925 loops=1)
        Buckets: 131072  Batches: 8  Memory Usage: 3275kB
        ->  Hash Join  (cost=102767.86..148924.19 rows=460978 width=8) (actual time=4780.585..6906.832 rows=459925 loops=1)
              Hash Cond: (mi_idx.movie_id = t.id)
              ->  Seq Scan on movie_info_idx mi_idx  (cost=0.00..25185.44 rows=460978 width=4) (actual time=0.016..1253.327 rows=459925 loops=1)
                    Filter: (info_type_id < 100)
                    Rows Removed by Filter: 920110
              ->  Hash  (cost=61283.27..61283.27 rows=2528527 width=4) (actual time=4778.660..4778.660 rows=2528312 loops=1)
                    Buckets: 131072  Batches: 64  Memory Usage: 2415kB
                    ->  Seq Scan on title t  (cost=0.00..61283.27 rows=2528527 width=4) (actual time=0.017..3754.982 rows=2528312 loops=1)
Planning time: 1.217 ms
Execution time: 79182.568 ms
