Hash Join  (cost=232142.97..690373.13 rows=2775958 width=0) (actual time=5821.258..25163.052 rows=44086175 loops=1)
  Hash Cond: (mi.movie_id = t.id)
  ->  Seq Scan on movie_info mi  (cost=0.00..346232.03 rows=6231111 width=4) (actual time=102.501..5829.308 rows=6223494 loops=1)
        Filter: (info_type_id > 8)
        Rows Removed by Filter: 8612226
  ->  Hash  (cost=213661.24..213661.24 rows=1126458 width=8) (actual time=5716.889..5716.889 rows=1552993 loops=1)
        Buckets: 131072 (originally 131072)  Batches: 32 (originally 16)  Memory Usage: 3073kB
        ->  Hash Join  (cost=77934.62..213661.24 rows=1126458 width=8) (actual time=1485.008..5228.320 rows=1552993 loops=1)
              Hash Cond: (mk.movie_id = t.id)
              ->  Seq Scan on movie_keyword mk  (cost=0.00..69693.30 rows=4523930 width=4) (actual time=0.023..1248.602 rows=4523930 loops=1)
              ->  Hash  (cost=67604.59..67604.59 rows=629603 width=4) (actual time=1483.465..1483.465 rows=622851 loops=1)
                    Buckets: 131072  Batches: 16  Memory Usage: 2394kB
                    ->  Seq Scan on title t  (cost=0.00..67604.59 rows=629603 width=4) (actual time=0.021..1026.174 rows=622851 loops=1)
                          Filter: (production_year < 1987)
                          Rows Removed by Filter: 1905461
Planning time: 1.144 ms
Execution time: 30191.453 ms
