Hash Join  (cost=73959.65..160666.00 rows=4831 width=0) (actual time=1031.183..2585.584 rows=1019 loops=1)
  Hash Cond: (mk.movie_id = t.id)
  ->  Seq Scan on movie_keyword mk  (cost=0.00..69693.30 rows=4523930 width=4) (actual time=0.015..908.017 rows=4523930 loops=1)
  ->  Hash  (cost=73925.90..73925.90 rows=2700 width=4) (actual time=863.281..863.281 rows=1454 loops=1)
        Buckets: 4096  Batches: 1  Memory Usage: 84kB
        ->  Seq Scan on title t  (cost=0.00..73925.90 rows=2700 width=4) (actual time=468.008..862.470 rows=1454 loops=1)
              Filter: ((production_year > 2012) AND (kind_id = 3))
              Rows Removed by Filter: 2526858
Planning time: 2.790 ms
Execution time: 2585.897 ms
