Hash Join  (cost=92735.26..209092.13 rows=942803 width=0) (actual time=1626.579..4201.315 rows=777789 loops=1)
  Hash Cond: (mk.movie_id = t.id)
  ->  Seq Scan on movie_keyword mk  (cost=0.00..81003.12 rows=1556343 width=4) (actual time=0.017..1367.766 rows=1561478 loops=1)
        Filter: (keyword_id < 2342)
        Rows Removed by Filter: 2962452
  ->  Hash  (cost=67604.59..67604.59 rows=1531734 width=4) (actual time=1625.322..1625.322 rows=1531613 loops=1)
        Buckets: 131072  Batches: 32  Memory Usage: 2716kB
        ->  Seq Scan on title t  (cost=0.00..67604.59 rows=1531734 width=4) (actual time=0.022..1145.488 rows=1531613 loops=1)
              Filter: (production_year > 1997)
              Rows Removed by Filter: 996699
Planning time: 2.604 ms
Execution time: 4295.311 ms
