Hash Join  (cost=85149.58..119585.79 rows=124710 width=0) (actual time=1322.190..2214.662 rows=212516 loops=1)
  Hash Cond: (mi_idx.movie_id = t.id)
  ->  Seq Scan on movie_info_idx mi_idx  (cost=0.00..25185.44 rows=460978 width=4) (actual time=0.024..489.970 rows=459925 loops=1)
        Filter: (info_type_id = 99)
        Rows Removed by Filter: 920110
  ->  Hash  (cost=73925.90..73925.90 rows=684054 width=4) (actual time=1321.218..1321.218 rows=565733 loops=1)
        Buckets: 131072  Batches: 16  Memory Usage: 2264kB
        ->  Seq Scan on title t  (cost=0.00..73925.90 rows=684054 width=4) (actual time=0.027..1140.667 rows=565733 loops=1)
              Filter: ((kind_id < 4) AND (production_year > 1975))
              Rows Removed by Filter: 1962579
Planning time: 0.719 ms
Execution time: 2242.703 ms
