Hash Join  (cost=810077.03..2756740.64 rows=68719705 width=0) (actual time=17663.958..63107.233 rows=63259242 loops=1)
  Hash Cond: (ci.movie_id = t.id)
  ->  Seq Scan on cast_info ci  (cost=0.00..796071.18 rows=21240030 width=4) (actual time=0.019..17191.858 rows=20093348 loops=1)
        Filter: ((person_id < 3426928) AND (role_id > 1))
        Rows Removed by Filter: 16150996
  ->  Hash  (cost=675860.51..675860.51 rows=8180762 width=8) (actual time=17662.210..17662.210 rows=5087701 loops=1)
        Buckets: 131072  Batches: 128  Memory Usage: 2555kB
        ->  Hash Join  (cost=98137.04..675860.51 rows=8180762 width=8) (actual time=1782.098..16121.408 rows=5087701 loops=1)
              Hash Cond: (mi.movie_id = t.id)
              ->  Seq Scan on movie_info mi  (cost=0.00..346232.03 rows=11115165 width=4) (actual time=51.512..6142.064 rows=11210743 loops=1)
                    Filter: (info_type_id > 3)
                    Rows Removed by Filter: 3624977
              ->  Hash  (cost=67604.59..67604.59 rows=1860996 width=4) (actual time=1729.723..1729.723 rows=1865487 loops=1)
                    Buckets: 131072  Batches: 32  Memory Usage: 3085kB
                    ->  Seq Scan on title t  (cost=0.00..67604.59 rows=1860996 width=4) (actual time=0.020..1128.896 rows=1865487 loops=1)
                          Filter: (kind_id > 1)
                          Rows Removed by Filter: 662825
Planning time: 0.781 ms
Execution time: 70340.222 ms
