Seq Scan on cast_info ci  (cost=0.00..796071.18 rows=2937220 width=0) (actual time=37.306..10932.063 rows=1733380 loops=1)
  Filter: ((person_id < 845891) AND (role_id > 3))
  Rows Removed by Filter: 34510964
Planning time: 0.309 ms
Execution time: 11160.206 ms
