Hash Join  (cost=153194.81..1093664.91 rows=2591250 width=0) (actual time=3202.876..25242.200 rows=5960817 loops=1)
  Hash Cond: (ci.movie_id = t.id)
  ->  Seq Scan on cast_info ci  (cost=0.00..796071.18 rows=10026513 width=4) (actual time=0.015..14552.472 rows=12294299 loops=1)
        Filter: ((person_id > 1357791) AND (role_id > 2))
        Rows Removed by Filter: 23950045
  ->  Hash  (cost=142473.41..142473.41 rows=653472 width=8) (actual time=3201.300..3201.300 rows=356616 loops=1)
        Buckets: 131072  Batches: 16  Memory Usage: 1904kB
        ->  Hash Join  (cost=93569.21..142473.41 rows=653472 width=8) (actual time=1853.130..3089.868 rows=356616 loops=1)
              Hash Cond: (mi_idx.movie_id = t.id)
              ->  Seq Scan on movie_info_idx mi_idx  (cost=0.00..21735.35 rows=1380035 width=4) (actual time=0.018..407.973 rows=1380035 loops=1)
              ->  Hash  (cost=73925.90..73925.90 rows=1197304 width=4) (actual time=1733.060..1733.060 rows=1285057 loops=1)
                    Buckets: 131072  Batches: 16  Memory Usage: 3858kB
                    ->  Seq Scan on title t  (cost=0.00..73925.90 rows=1197304 width=4) (actual time=0.014..1319.280 rows=1285057 loops=1)
                          Filter: ((production_year > 1978) AND (kind_id = 7))
                          Rows Removed by Filter: 1243255
Planning time: 1.425 ms
Execution time: 25941.562 ms
