Hash Join  (cost=102767.86..1426456.68 rows=25280103 width=0) (actual time=5211.138..55835.637 rows=25403057 loops=1)
  Hash Cond: (ci.movie_id = t.id)
  ->  Seq Scan on cast_info ci  (cost=0.00..705507.15 rows=25280103 width=4) (actual time=0.030..28589.840 rows=25403057 loops=1)
        Filter: (person_id > 1064865)
        Rows Removed by Filter: 10841287
  ->  Hash  (cost=61283.27..61283.27 rows=2528527 width=4) (actual time=5209.305..5209.305 rows=2528312 loops=1)
        Buckets: 131072  Batches: 64  Memory Usage: 2415kB
        ->  Seq Scan on title t  (cost=0.00..61283.27 rows=2528527 width=4) (actual time=0.025..4066.061 rows=2528312 loops=1)
Planning time: 0.774 ms
Execution time: 58802.665 ms
