Hash Join  (cost=93117.31..704359.19 rows=8397740 width=0) (actual time=1632.351..18135.988 rows=9634366 loops=1)
  Hash Cond: (mi.movie_id = t.id)
  ->  Seq Scan on movie_info mi  (cost=0.00..346232.03 rows=13655091 width=4) (actual time=0.020..6530.428 rows=13688003 loops=1)
        Filter: (info_type_id < 54)
        Rows Removed by Filter: 1147717
  ->  Hash  (cost=67604.59..67604.59 rows=1555018 width=4) (actual time=1631.157..1631.157 rows=1551727 loops=1)
        Buckets: 131072  Batches: 32  Memory Usage: 2737kB
        ->  Seq Scan on title t  (cost=0.00..67604.59 rows=1555018 width=4) (actual time=0.015..1104.338 rows=1551727 loops=1)
              Filter: (production_year < 2007)
              Rows Removed by Filter: 976585
Planning time: 0.778 ms
Execution time: 19187.912 ms
