Nested Loop  (cost=0.43..52284.21 rows=33 width=0) (actual time=385.412..674.017 rows=3 loops=1)
  ->  Seq Scan on movie_companies mc  (cost=0.00..51404.11 rows=104 width=4) (actual time=385.312..673.799 rows=3 loops=1)
        Filter: (company_id = 140651)
        Rows Removed by Filter: 2609126
  ->  Index Scan using title_pkey on title t  (cost=0.43..8.45 rows=1 width=4) (actual time=0.062..0.064 rows=1 loops=3)
        Index Cond: (id = mc.movie_id)
        Filter: ((kind_id < 7) AND (production_year < 2011))
Planning time: 4.619 ms
Execution time: 674.139 ms
