Seq Scan on cast_info ci  (cost=0.00..796071.18 rows=1352674 width=0) (actual time=611.711..9810.000 rows=576681 loops=1)
  Filter: ((person_id < 198811) AND (role_id > 1))
  Rows Removed by Filter: 35667663
Planning time: 0.321 ms
Execution time: 9882.482 ms
