Hash Join  (cost=75450.40..114013.03 rows=50714 width=0) (actual time=1116.851..2584.910 rows=134360 loops=1)
  Hash Cond: (mi_idx.movie_id = t.id)
  ->  Seq Scan on movie_info_idx mi_idx  (cost=0.00..21735.35 rows=1380035 width=4) (actual time=0.020..447.374 rows=1380035 loops=1)
  ->  Hash  (cost=73925.90..73925.90 rows=92920 width=4) (actual time=1114.959..1114.959 rows=207819 loops=1)
        Buckets: 131072 (originally 131072)  Batches: 4 (originally 2)  Memory Usage: 3073kB
        ->  Seq Scan on title t  (cost=0.00..73925.90 rows=92920 width=4) (actual time=0.178..1036.404 rows=207819 loops=1)
              Filter: ((kind_id < 4) AND (production_year < 1963))
              Rows Removed by Filter: 2320493
Planning time: 0.756 ms
Execution time: 2600.726 ms
