Hash Join  (cost=83074.74..833899.15 rows=3524 width=0) (actual time=1077.688..15945.237 rows=69 loops=1)
  Hash Cond: (ci.movie_id = t.id)
  ->  Seq Scan on cast_info ci  (cost=0.00..614943.12 rows=36225612 width=4) (actual time=0.022..8063.754 rows=36244344 loops=1)
  ->  Hash  (cost=83071.67..83071.67 rows=246 width=8) (actual time=1061.229..1061.229 rows=1 loops=1)
        Buckets: 1024  Batches: 1  Memory Usage: 9kB
        ->  Nested Loop  (cost=0.43..83071.67 rows=246 width=8) (actual time=688.249..1061.223 rows=1 loops=1)
              ->  Seq Scan on movie_keyword mk  (cost=0.00..81003.12 rows=246 width=4) (actual time=688.144..1061.116 rows=1 loops=1)
                    Filter: (keyword_id = 129588)
                    Rows Removed by Filter: 4523929
              ->  Index Only Scan using title_pkey on title t  (cost=0.43..8.40 rows=1 width=4) (actual time=0.079..0.080 rows=1 loops=1)
                    Index Cond: (id = mk.movie_id)
                    Heap Fetches: 1
Planning time: 1.195 ms
Execution time: 15945.436 ms
