Nested Loop  (cost=0.43..83072.90 rows=29 width=0) (actual time=2.529..1212.068 rows=194 loops=1)
  ->  Seq Scan on movie_keyword mk  (cost=0.00..81003.12 rows=246 width=4) (actual time=0.081..1157.330 rows=2201 loops=1)
        Filter: (keyword_id = 831)
        Rows Removed by Filter: 4521729
  ->  Index Scan using title_pkey on title t  (cost=0.43..8.40 rows=1 width=4) (actual time=0.024..0.024 rows=0 loops=2201)
        Index Cond: (id = mk.movie_id)
        Filter: ((kind_id < 3) AND (production_year > 2005))
        Rows Removed by Filter: 1
Planning time: 0.483 ms
Execution time: 1212.292 ms
