Hash Join  (cost=87150.54..226723.09 rows=1442151 width=0) (actual time=2109.722..6393.970 rows=2934383 loops=1)
  Hash Cond: (mk.movie_id = t.id)
  ->  Seq Scan on movie_keyword mk  (cost=0.00..69693.30 rows=4523930 width=4) (actual time=0.022..1173.081 rows=4523930 loops=1)
  ->  Hash  (cost=73925.90..73925.90 rows=806051 width=4) (actual time=2108.752..2108.752 rows=719730 loops=1)
        Buckets: 131072  Batches: 16  Memory Usage: 2615kB
        ->  Seq Scan on title t  (cost=0.00..73925.90 rows=806051 width=4) (actual time=0.024..1107.634 rows=719730 loops=1)
              Filter: ((kind_id < 7) AND (production_year > 1971))
              Rows Removed by Filter: 1808582
Planning time: 0.751 ms
Execution time: 6752.301 ms
