Hash Join  (cost=155642.81..283787.44 rows=504159 width=0) (actual time=3493.738..8400.742 rows=5087564 loops=1)
  Hash Cond: (mk.movie_id = t.id)
  ->  Seq Scan on movie_keyword mk  (cost=0.00..69693.30 rows=4523930 width=4) (actual time=0.023..1290.873 rows=4523930 loops=1)
  ->  Hash  (cost=151019.48..151019.48 rows=281786 width=8) (actual time=3492.360..3492.360 rows=528325 loops=1)
        Buckets: 131072 (originally 131072)  Batches: 8 (originally 4)  Memory Usage: 3603kB
        ->  Hash Join  (cost=72085.10..151019.48 rows=281786 width=8) (actual time=1093.243..3295.423 rows=528325 loops=1)
              Hash Cond: (mc.movie_id = t.id)
              ->  Seq Scan on movie_companies mc  (cost=0.00..44881.29 rows=2609129 width=4) (actual time=0.023..779.509 rows=2609129 loops=1)
              ->  Hash  (cost=67604.59..67604.59 rows=273081 width=4) (actual time=1092.430..1092.430 rows=273902 loops=1)
                    Buckets: 131072  Batches: 4  Memory Usage: 3428kB
                    ->  Seq Scan on title t  (cost=0.00..67604.59 rows=273081 width=4) (actual time=0.023..999.045 rows=273902 loops=1)
                          Filter: (production_year < 1963)
                          Rows Removed by Filter: 2254410
Planning time: 1.100 ms
Execution time: 8954.801 ms
