Seq Scan on movie_keyword mk  (cost=0.00..81003.12 rows=3225721 width=0) (actual time=0.016..1302.512 rows=3209620 loops=1)
  Filter: (keyword_id < 13366)
  Rows Removed by Filter: 1314310
Planning time: 0.310 ms
Execution time: 1675.714 ms
