Hash Join  (cost=69460.45..182717.23 rows=118487 width=0) (actual time=1130.260..3509.043 rows=105299 loops=1)
  Hash Cond: (mk.movie_id = t.id)
  ->  Seq Scan on movie_keyword mk  (cost=0.00..81003.12 rows=2648742 width=4) (actual time=0.021..1523.440 rows=2636527 loops=1)
        Filter: (keyword_id > 3225)
        Rows Removed by Filter: 1887403
  ->  Hash  (cost=67604.59..67604.59 rows=113109 width=4) (actual time=1128.608..1128.608 rows=119565 loops=1)
        Buckets: 131072  Batches: 2  Memory Usage: 3121kB
        ->  Seq Scan on title t  (cost=0.00..67604.59 rows=113109 width=4) (actual time=0.025..1082.132 rows=119565 loops=1)
              Filter: (production_year = 2007)
              Rows Removed by Filter: 2408747
Planning time: 0.912 ms
Execution time: 3522.706 ms
