Hash Join  (cost=152451.60..1243655.72 rows=5587697 width=0) (actual time=3348.805..37352.256 rows=12106923 loops=1)
  Hash Cond: (ci.movie_id = t.id)
  ->  Seq Scan on cast_info ci  (cost=0.00..614943.12 rows=36225612 width=4) (actual time=0.013..12416.457 rows=36244344 loops=1)
  ->  Hash  (cost=146052.37..146052.37 rows=390018 width=8) (actual time=3347.994..3347.994 rows=396674 loops=1)
        Buckets: 131072  Batches: 8  Memory Usage: 2967kB
        ->  Hash Join  (cost=102702.86..146052.37 rows=390018 width=8) (actual time=1992.076..3225.090 rows=396674 loops=1)
              Hash Cond: (mi_idx.movie_id = t.id)
              ->  Seq Scan on movie_info_idx mi_idx  (cost=0.00..25185.44 rows=460978 width=4) (actual time=0.017..486.333 rows=459925 loops=1)
                    Filter: (info_type_id = 99)
                    Rows Removed by Filter: 920110
              ->  Hash  (cost=67604.59..67604.59 rows=2139302 width=4) (actual time=1991.052..1991.052 rows=2132973 loops=1)
                    Buckets: 131072  Batches: 32  Memory Usage: 3371kB
                    ->  Seq Scan on title t  (cost=0.00..67604.59 rows=2139302 width=4) (actual time=0.019..1300.994 rows=2132973 loops=1)
                          Filter: (production_year > 1966)
                          Rows Removed by Filter: 395339
Planning time: 2.792 ms
Execution time: 38775.784 ms
