Hash Join  (cost=346953.27..1343172.53 rows=9166290 width=0) (actual time=14728.310..21642.727 rows=3271422 loops=1)
  Hash Cond: (ci.movie_id = t.id)
  ->  Seq Scan on cast_info ci  (cost=0.00..796071.18 rows=6118291 width=4) (actual time=6133.930..10665.729 rows=796318 loops=1)
        Filter: ((person_id > 2597419) AND (role_id < 3))
        Rows Removed by Filter: 35448026
  ->  Hash  (cost=284802.97..284802.97 rows=3788184 width=8) (actual time=8592.425..8592.425 rows=3785271 loops=1)
        Buckets: 131072  Batches: 64  Memory Usage: 3358kB
        ->  Hash Join  (cost=102767.86..284802.97 rows=3788184 width=8) (actual time=1860.615..7480.908 rows=3785271 loops=1)
              Hash Cond: (mk.movie_id = t.id)
              ->  Seq Scan on movie_keyword mk  (cost=0.00..81003.12 rows=3788184 width=4) (actual time=0.036..1728.911 rows=3785271 loops=1)
                    Filter: (keyword_id > 662)
                    Rows Removed by Filter: 738659
              ->  Hash  (cost=61283.27..61283.27 rows=2528527 width=4) (actual time=1858.617..1858.617 rows=2528312 loops=1)
                    Buckets: 131072  Batches: 64  Memory Usage: 2425kB
                    ->  Seq Scan on title t  (cost=0.00..61283.27 rows=2528527 width=4) (actual time=0.013..987.305 rows=2528312 loops=1)
Planning time: 1.195 ms
Execution time: 22033.203 ms
