Hash Join  (cost=101545.30..483898.67 rows=58517 width=0) (actual time=1930.620..9695.553 rows=49401 loops=1)
  Hash Cond: (mi.movie_id = t.id)
  ->  Seq Scan on movie_info mi  (cost=0.00..346232.03 rows=9476311 width=4) (actual time=0.021..6378.666 rows=9565151 loops=1)
        Filter: (info_type_id < 16)
        Rows Removed by Filter: 5270569
  ->  Hash  (cost=101350.13..101350.13 rows=15614 width=8) (actual time=1684.246..1684.246 rows=9801 loops=1)
        Buckets: 16384  Batches: 1  Memory Usage: 511kB
        ->  Hash Join  (cost=74283.51..101350.13 rows=15614 width=8) (actual time=1109.688..1681.000 rows=9801 loops=1)
              Hash Cond: (mi_idx.movie_id = t.id)
              ->  Seq Scan on movie_info_idx mi_idx  (cost=0.00..21735.35 rows=1380035 width=4) (actual time=0.025..262.417 rows=1380035 loops=1)
              ->  Hash  (cost=73925.90..73925.90 rows=28608 width=4) (actual time=1105.411..1105.411 rows=32134 loops=1)
                    Buckets: 32768  Batches: 1  Memory Usage: 1386kB
                    ->  Seq Scan on title t  (cost=0.00..73925.90 rows=28608 width=4) (actual time=0.027..1088.969 rows=32134 loops=1)
                          Filter: ((kind_id = 7) AND (production_year = 1998))
                          Rows Removed by Filter: 2496178
Planning time: 4.281 ms
Execution time: 9702.437 ms
