Hash Join  (cost=204121.93..631822.63 rows=506057 width=0) (actual time=5005.193..11661.879 rows=144074 loops=1)
  Hash Cond: (mi.movie_id = t.id)
  ->  Seq Scan on movie_info mi  (cost=0.00..346232.03 rows=5897221 width=4) (actual time=1189.324..5262.706 rows=5884963 loops=1)
        Filter: (info_type_id < 7)
        Rows Removed by Filter: 8950757
  ->  Hash  (cost=200561.68..200561.68 rows=216980 width=8) (actual time=3809.429..3809.429 rows=50573 loops=1)
        Buckets: 131072  Batches: 4  Memory Usage: 1511kB
        ->  Hash Join  (cost=75915.84..200561.68 rows=216980 width=8) (actual time=1152.919..3790.130 rows=50573 loops=1)
              Hash Cond: (mk.movie_id = t.id)
              ->  Seq Scan on movie_keyword mk  (cost=0.00..69693.30 rows=4523930 width=4) (actual time=0.035..1272.121 rows=4523930 loops=1)
              ->  Hash  (cost=73925.90..73925.90 rows=121275 width=4) (actual time=1145.686..1145.686 rows=124747 loops=1)
                    Buckets: 131072  Batches: 2  Memory Usage: 3225kB
                    ->  Seq Scan on title t  (cost=0.00..73925.90 rows=121275 width=4) (actual time=0.039..1097.211 rows=124747 loops=1)
                          Filter: ((kind_id > 1) AND (production_year = 2012))
                          Rows Removed by Filter: 2403565
Planning time: 1.216 ms
Execution time: 11679.520 ms
