Hash Join  (cost=28270.40..758183.22 rows=947 width=0) (actual time=2092.632..11755.158 rows=6135 loops=1)
  Hash Cond: (ci.movie_id = t.id)
  ->  Seq Scan on cast_info ci  (cost=0.00..705507.15 rows=6505653 width=4) (actual time=1267.612..10361.177 rows=6415542 loops=1)
        Filter: (person_id < 619538)
        Rows Removed by Filter: 29828802
  ->  Hash  (cost=28265.80..28265.80 rows=368 width=8) (actual time=382.320..382.320 rows=260 loops=1)
        Buckets: 1024  Batches: 1  Memory Usage: 19kB
        ->  Nested Loop  (cost=0.43..28265.80 rows=368 width=8) (actual time=80.212..382.196 rows=260 loops=1)
              ->  Seq Scan on movie_info_idx mi_idx  (cost=0.00..25185.44 rows=368 width=4) (actual time=80.043..377.289 rows=260 loops=1)
                    Filter: (info_type_id > 101)
                    Rows Removed by Filter: 1379775
              ->  Index Only Scan using title_pkey on title t  (cost=0.43..8.36 rows=1 width=4) (actual time=0.018..0.018 rows=1 loops=260)
                    Index Cond: (id = mi_idx.movie_id)
                    Heap Fetches: 260
Planning time: 1.233 ms
Execution time: 11756.699 ms
