Hash Join  (cost=102767.86..188451.68 rows=742947 width=0) (actual time=1678.610..3470.072 rows=528705 loops=1)
  Hash Cond: (mc.movie_id = t.id)
  ->  Seq Scan on movie_companies mc  (cost=0.00..57926.93 rows=742947 width=4) (actual time=0.024..1020.241 rows=528705 loops=1)
        Filter: ((company_id > 7144) AND (company_type_id < 2))
        Rows Removed by Filter: 2080424
  ->  Hash  (cost=61283.27..61283.27 rows=2528527 width=4) (actual time=1676.436..1676.436 rows=2528312 loops=1)
        Buckets: 131072  Batches: 64  Memory Usage: 2415kB
        ->  Seq Scan on title t  (cost=0.00..61283.27 rows=2528527 width=4) (actual time=0.010..859.214 rows=2528312 loops=1)
Planning time: 0.675 ms
Execution time: 3528.632 ms
