Hash Join  (cost=102767.86..243217.61 rows=2059977 width=0) (actual time=1781.704..5138.729 rows=2074639 loops=1)
  Hash Cond: (mk.movie_id = t.id)
  ->  Seq Scan on movie_keyword mk  (cost=0.00..81003.12 rows=2059977 width=4) (actual time=0.019..1428.545 rows=2074639 loops=1)
        Filter: (keyword_id < 3673)
        Rows Removed by Filter: 2449291
  ->  Hash  (cost=61283.27..61283.27 rows=2528527 width=4) (actual time=1779.286..1779.286 rows=2528312 loops=1)
        Buckets: 131072  Batches: 64  Memory Usage: 2425kB
        ->  Seq Scan on title t  (cost=0.00..61283.27 rows=2528527 width=4) (actual time=0.008..954.253 rows=2528312 loops=1)
Planning time: 0.685 ms
Execution time: 5377.920 ms
