Hash Join  (cost=96184.51..253250.55 rows=2242909 width=0) (actual time=1660.362..5986.715 rows=567319 loops=1)
  Hash Cond: (mk.movie_id = t.id)
  ->  Seq Scan on movie_keyword mk  (cost=0.00..81003.12 rows=4180222 width=4) (actual time=0.019..1786.559 rows=4181979 loops=1)
        Filter: (keyword_id < 48575)
        Rows Removed by Filter: 341951
  ->  Hash  (cost=73925.90..73925.90 rows=1356688 width=4) (actual time=1659.346..1659.346 rows=1327781 loops=1)
        Buckets: 131072  Batches: 32  Memory Usage: 2485kB
        ->  Seq Scan on title t  (cost=0.00..73925.90 rows=1356688 width=4) (actual time=0.011..1215.716 rows=1327781 loops=1)
              Filter: ((production_year < 2012) AND (kind_id = 7))
              Rows Removed by Filter: 1200531
Planning time: 1.350 ms
Execution time: 6057.724 ms
