Hash Join  (cost=152674.81..649973.25 rows=1639351 width=0) (actual time=2941.692..16733.658 rows=2786935 loops=1)
  Hash Cond: (mi.movie_id = t.id)
  ->  Seq Scan on movie_info mi  (cost=0.00..309384.22 rows=14739122 width=4) (actual time=0.016..5209.903 rows=14835720 loops=1)
  ->  Hash  (cost=148060.39..148060.39 rows=281234 width=8) (actual time=2940.714..2940.714 rows=238681 loops=1)
        Buckets: 131072  Batches: 4  Memory Usage: 3361kB
        ->  Hash Join  (cost=76379.89..148060.39 rows=281234 width=8) (actual time=1271.269..2868.723 rows=238681 loops=1)
              Hash Cond: (mc.movie_id = t.id)
              ->  Seq Scan on movie_companies mc  (cost=0.00..51404.11 rows=1329612 width=4) (actual time=0.014..881.742 rows=1334883 loops=1)
                    Filter: (company_type_id > 1)
                    Rows Removed by Filter: 1274246
              ->  Hash  (cost=67604.59..67604.59 rows=534824 width=4) (actual time=1270.403..1270.403 rows=533369 loops=1)
                    Buckets: 131072  Batches: 8  Memory Usage: 3369kB
                    ->  Seq Scan on title t  (cost=0.00..67604.59 rows=534824 width=4) (actual time=0.010..1099.563 rows=533369 loops=1)
                          Filter: (production_year > 2009)
                          Rows Removed by Filter: 1994943
Planning time: 1.197 ms
Execution time: 17043.123 ms
