Hash Join  (cost=149370.71..235730.06 rows=27429 width=0) (actual time=3512.689..5015.831 rows=299957 loops=1)
  Hash Cond: (mk.movie_id = t.id)
  ->  Seq Scan on movie_keyword mk  (cost=0.00..81003.12 rows=377315 width=4) (actual time=0.019..1170.525 rows=375074 loops=1)
        Filter: (keyword_id > 45279)
        Rows Removed by Filter: 4148856
  ->  Hash  (cost=146354.03..146354.03 rows=183815 width=8) (actual time=3511.910..3511.910 rows=384880 loops=1)
        Buckets: 131072 (originally 131072)  Batches: 8 (originally 4)  Memory Usage: 3073kB
        ->  Hash Join  (cost=83810.17..146354.03 rows=183815 width=8) (actual time=1392.480..3376.402 rows=384880 loops=1)
              Hash Cond: (mc.movie_id = t.id)
              ->  Seq Scan on movie_companies mc  (cost=0.00..51404.11 rows=470557 width=4) (actual time=108.440..808.578 rows=474524 loops=1)
                    Filter: (company_id > 75685)
                    Rows Removed by Filter: 2134605
              ->  Hash  (cost=67604.59..67604.59 rows=987727 width=4) (actual time=1282.960..1282.960 rows=985048 loops=1)
                    Buckets: 131072  Batches: 16  Memory Usage: 3188kB
                    ->  Seq Scan on title t  (cost=0.00..67604.59 rows=987727 width=4) (actual time=0.049..980.943 rows=985048 loops=1)
                          Filter: (kind_id < 7)
                          Rows Removed by Filter: 1543264
Planning time: 1.147 ms
Execution time: 5055.182 ms
