Hash Join  (cost=597268.53..2193676.37 rows=45951169 width=0) (actual time=11202.075..52840.520 rows=40620026 loops=1)
  Hash Cond: (ci.movie_id = t.id)
  ->  Seq Scan on cast_info ci  (cost=0.00..614943.12 rows=36225612 width=4) (actual time=0.788..12107.023 rows=36244344 loops=1)
  ->  Hash  (cost=544647.47..544647.47 rows=3207365 width=8) (actual time=11199.145..11199.145 rows=2012496 loops=1)
        Buckets: 131072  Batches: 64  Memory Usage: 2242kB
        ->  Hash Join  (cost=92883.59..544647.47 rows=3207365 width=8) (actual time=2887.714..10582.052 rows=2012496 loops=1)
              Hash Cond: (mi.movie_id = t.id)
              ->  Seq Scan on movie_info mi  (cost=0.00..346232.03 rows=5263441 width=4) (actual time=1266.618..5488.536 rows=5270569 loops=1)
                    Filter: (info_type_id > 15)
                    Rows Removed by Filter: 9565151
              ->  Hash  (cost=67604.59..67604.59 rows=1540800 width=4) (actual time=1620.225..1620.225 rows=1543264 loops=1)
                    Buckets: 131072  Batches: 32  Memory Usage: 2728kB
                    ->  Seq Scan on title t  (cost=0.00..67604.59 rows=1540800 width=4) (actual time=160.731..1111.137 rows=1543264 loops=1)
                          Filter: (kind_id = 7)
                          Rows Removed by Filter: 985048
Planning time: 1.103 ms
Execution time: 57525.469 ms
