Hash Join  (cost=102767.86..965300.88 rows=2351498 width=0) (actual time=7523.274..17426.250 rows=3687281 loops=1)
  Hash Cond: (ci.movie_id = t.id)
  ->  Seq Scan on cast_info ci  (cost=0.00..796071.18 rows=2351498 width=4) (actual time=5714.975..11997.526 rows=3687281 loops=1)
        Filter: ((person_id > 1620383) AND (role_id = 10))
        Rows Removed by Filter: 32557063
  ->  Hash  (cost=61283.27..61283.27 rows=2528527 width=4) (actual time=1806.362..1806.362 rows=2528312 loops=1)
        Buckets: 131072  Batches: 64  Memory Usage: 2415kB
        ->  Seq Scan on title t  (cost=0.00..61283.27 rows=2528527 width=4) (actual time=0.018..955.345 rows=2528312 loops=1)
Planning time: 0.685 ms
Execution time: 17818.402 ms
