Hash Join  (cost=263024.93..913370.02 rows=14256126 width=0) (actual time=6712.417..37743.108 rows=64917313 loops=1)
  Hash Cond: (mi.movie_id = t.id)
  ->  Seq Scan on movie_info mi  (cost=0.00..309384.22 rows=14739122 width=4) (actual time=0.020..6044.392 rows=14835720 loops=1)
  ->  Hash  (cost=222900.08..222900.08 rows=2445668 width=8) (actual time=6711.329..6711.329 rows=2441421 loops=1)
        Buckets: 131072  Batches: 32  Memory Usage: 4050kB
        ->  Hash Join  (cost=102767.86..222900.08 rows=2445668 width=8) (actual time=2486.426..5998.304 rows=2441421 loops=1)
              Hash Cond: (mc.movie_id = t.id)
              ->  Seq Scan on movie_companies mc  (cost=0.00..51404.11 rows=2445668 width=4) (actual time=0.181..1147.308 rows=2441421 loops=1)
                    Filter: (company_id > 33)
                    Rows Removed by Filter: 167708
              ->  Hash  (cost=61283.27..61283.27 rows=2528527 width=4) (actual time=2484.813..2484.813 rows=2528312 loops=1)
                    Buckets: 131072  Batches: 64  Memory Usage: 2415kB
                    ->  Seq Scan on title t  (cost=0.00..61283.27 rows=2528527 width=4) (actual time=0.020..1152.050 rows=2528312 loops=1)
Planning time: 1.271 ms
Execution time: 45492.137 ms
