Hash Join  (cost=918232.89..960517.42 rows=267605 width=0) (actual time=13467.478..14636.712 rows=386946 loops=1)
  Hash Cond: (mi_idx.movie_id = t.id)
  ->  Seq Scan on movie_info_idx mi_idx  (cost=0.00..21735.35 rows=1380035 width=4) (actual time=0.020..386.100 rows=1380035 loops=1)
  ->  Hash  (cost=910188.00..910188.00 rows=490311 width=8) (actual time=13466.631..13466.631 rows=768179 loops=1)
        Buckets: 131072 (originally 131072)  Batches: 16 (originally 8)  Memory Usage: 3073kB
        ->  Hash Join  (cost=92883.59..910188.00 rows=490311 width=8) (actual time=6757.883..13242.302 rows=768179 loops=1)
              Hash Cond: (ci.movie_id = t.id)
              ->  Seq Scan on cast_info ci  (cost=0.00..796071.18 rows=804624 width=4) (actual time=5234.411..10300.963 rows=1303329 loops=1)
                    Filter: ((person_id > 2641932) AND (role_id = 4))
                    Rows Removed by Filter: 34941015
              ->  Hash  (cost=67604.59..67604.59 rows=1540800 width=4) (actual time=1521.813..1521.813 rows=1543264 loops=1)
                    Buckets: 131072  Batches: 32  Memory Usage: 2722kB
                    ->  Seq Scan on title t  (cost=0.00..67604.59 rows=1540800 width=4) (actual time=0.037..1062.038 rows=1543264 loops=1)
                          Filter: (kind_id = 7)
                          Rows Removed by Filter: 985048
Planning time: 1.081 ms
Execution time: 14676.333 ms
