Seq Scan on movie_keyword mk  (cost=0.00..81003.12 rows=3242542 width=0) (actual time=0.025..1427.620 rows=3232088 loops=1)
  Filter: (keyword_id < 13684)
  Rows Removed by Filter: 1291842
Planning time: 0.296 ms
Execution time: 1825.745 ms
