Hash Join  (cost=123385.82..834226.17 rows=33603 width=0) (actual time=11006.088..14292.990 rows=138787 loops=1)
  Hash Cond: (ci.movie_id = t.id)
  ->  Seq Scan on cast_info ci  (cost=0.00..705507.15 rows=350181 width=4) (actual time=8537.611..11555.527 rows=316118 loops=1)
        Filter: (role_id > 10)
        Rows Removed by Filter: 35928226
  ->  Hash  (cost=119404.94..119404.94 rows=242631 width=8) (actual time=2467.385..2467.385 rows=420020 loops=1)
        Buckets: 131072 (originally 131072)  Batches: 8 (originally 4)  Memory Usage: 3079kB
        ->  Hash Join  (cost=78556.72..119404.94 rows=242631 width=8) (actual time=1140.859..2332.202 rows=420020 loops=1)
              Hash Cond: (mi_idx.movie_id = t.id)
              ->  Seq Scan on movie_info_idx mi_idx  (cost=0.00..25185.44 rows=919057 width=4) (actual time=0.035..513.052 rows=920110 loops=1)
                    Filter: (info_type_id > 99)
                    Rows Removed by Filter: 459925
              ->  Hash  (cost=67604.59..67604.59 rows=667531 width=4) (actual time=1140.151..1140.151 rows=662825 loops=1)
                    Buckets: 131072  Batches: 16  Memory Usage: 2476kB
                    ->  Seq Scan on title t  (cost=0.00..67604.59 rows=667531 width=4) (actual time=0.016..932.752 rows=662825 loops=1)
                          Filter: (kind_id = 1)
                          Rows Removed by Filter: 1865487
Planning time: 1.154 ms
Execution time: 14311.512 ms
