Hash Join  (cost=215833.08..953606.20 rows=830010 width=0) (actual time=5610.109..15978.867 rows=2045357 loops=1)
  Hash Cond: (ci.movie_id = t.id)
  ->  Seq Scan on cast_info ci  (cost=0.00..705507.15 rows=1640230 width=4) (actual time=1175.985..10012.413 rows=1567770 loops=1)
        Filter: (person_id < 156221)
        Rows Removed by Filter: 34676574
  ->  Hash  (cost=194840.12..194840.12 rows=1279517 width=8) (actual time=4433.370..4433.370 rows=1274246 loops=1)
        Buckets: 131072  Batches: 32  Memory Usage: 2553kB
        ->  Hash Join  (cost=102767.86..194840.12 rows=1279517 width=8) (actual time=2091.674..4081.095 rows=1274246 loops=1)
              Hash Cond: (mc.movie_id = t.id)
              ->  Seq Scan on movie_companies mc  (cost=0.00..51404.11 rows=1279517 width=4) (actual time=337.331..895.511 rows=1274246 loops=1)
                    Filter: (company_type_id = 1)
                    Rows Removed by Filter: 1334883
              ->  Hash  (cost=61283.27..61283.27 rows=2528527 width=4) (actual time=1753.033..1753.033 rows=2528312 loops=1)
                    Buckets: 131072  Batches: 64  Memory Usage: 2415kB
                    ->  Seq Scan on title t  (cost=0.00..61283.27 rows=2528527 width=4) (actual time=0.018..905.778 rows=2528312 loops=1)
Planning time: 1.113 ms
Execution time: 16228.598 ms
