Seq Scan on cast_info ci  (cost=0.00..796071.18 rows=131 width=0) (actual time=8820.189..12404.383 rows=10 loops=1)
  Filter: ((role_id > 4) AND (person_id = 2961402))
  Rows Removed by Filter: 36244334
Planning time: 0.396 ms
Execution time: 12404.526 ms
