Hash Join  (cost=814294.30..1300528.16 rows=602394 width=0) (actual time=12229.893..23926.992 rows=612826 loops=1)
  Hash Cond: (mi.movie_id = t.id)
  ->  Seq Scan on movie_info mi  (cost=0.00..309384.22 rows=14739122 width=4) (actual time=0.019..5095.508 rows=14835720 loops=1)
  ->  Hash  (cost=812598.52..812598.52 rows=103342 width=8) (actual time=12224.952..12224.952 rows=213860 loops=1)
        Buckets: 131072 (originally 131072)  Batches: 4 (originally 2)  Memory Usage: 3158kB
        ->  Hash Join  (cost=75574.02..812598.52 rows=103342 width=8) (actual time=1432.928..12033.378 rows=213860 loops=1)
              Hash Cond: (ci.movie_id = t.id)
              ->  Seq Scan on cast_info ci  (cost=0.00..705507.15 rows=2602382 width=4) (actual time=347.167..9947.877 rows=2643953 loops=1)
                    Filter: (person_id > 3551631)
                    Rows Removed by Filter: 33600391
              ->  Hash  (cost=73925.90..73925.90 rows=100409 width=4) (actual time=1084.527..1084.527 rows=110402 loops=1)
                    Buckets: 131072  Batches: 2  Memory Usage: 2964kB
                    ->  Seq Scan on title t  (cost=0.00..73925.90 rows=100409 width=4) (actual time=0.032..1042.912 rows=110402 loops=1)
                          Filter: ((kind_id = 7) AND (production_year = 2012))
                          Rows Removed by Filter: 2417910
Planning time: 17.774 ms
Execution time: 23996.710 ms
