Hash Join  (cost=83073.10..434360.99 rows=35 width=0) (actual time=3756.246..6276.747 rows=4 loops=1)
  Hash Cond: (mi.movie_id = t.id)
  ->  Seq Scan on movie_info mi  (cost=0.00..346232.03 rows=1348138 width=4) (actual time=2261.782..4935.047 rows=1298989 loops=1)
        Filter: (info_type_id = 4)
        Rows Removed by Filter: 13536731
  ->  Hash  (cost=83072.29..83072.29 rows=65 width=8) (actual time=1163.499..1163.499 rows=4 loops=1)
        Buckets: 1024  Batches: 1  Memory Usage: 9kB
        ->  Nested Loop  (cost=0.43..83072.29 rows=65 width=8) (actual time=367.764..1163.476 rows=4 loops=1)
              ->  Seq Scan on movie_keyword mk  (cost=0.00..81003.12 rows=246 width=4) (actual time=12.532..1163.091 rows=6 loops=1)
                    Filter: (keyword_id = 19241)
                    Rows Removed by Filter: 4523924
              ->  Index Scan using title_pkey on title t  (cost=0.43..8.40 rows=1 width=4) (actual time=0.047..0.049 rows=1 loops=6)
                    Index Cond: (id = mk.movie_id)
                    Filter: (kind_id = 1)
                    Rows Removed by Filter: 0
Planning time: 3.312 ms
Execution time: 6276.874 ms
