Seq Scan on movie_keyword mk  (cost=0.00..81003.12 rows=3513096 width=0) (actual time=0.030..1498.903 rows=3505592 loops=1)
  Filter: (keyword_id < 17712)
  Rows Removed by Filter: 1018338
Planning time: 0.337 ms
Execution time: 1947.482 ms
