Seq Scan on movie_companies mc  (cost=0.00..57926.93 rows=51 width=0) (actual time=1.453..666.319 rows=470 loops=1)
  Filter: ((company_type_id < 2) AND (company_id = 11280))
  Rows Removed by Filter: 2608659
Planning time: 0.370 ms
Execution time: 666.503 ms
