Seq Scan on movie_companies mc  (cost=0.00..51404.11 rows=698449 width=0) (actual time=0.021..770.922 rows=703198 loops=1)
  Filter: (company_id > 44900)
  Rows Removed by Filter: 1905931
Planning time: 0.250 ms
Execution time: 851.178 ms
