Seq Scan on movie_companies mc  (cost=0.00..57926.93 rows=51 width=0) (actual time=1.875..872.872 rows=1424 loops=1)
  Filter: ((company_type_id < 2) AND (company_id = 8))
  Rows Removed by Filter: 2607705
Planning time: 0.354 ms
Execution time: 873.207 ms
