Hash Join  (cost=354185.82..1135996.29 rows=23123684 width=0) (actual time=7845.080..69258.121 rows=204537648 loops=1)
  Hash Cond: (mi.movie_id = t.id)
  ->  Seq Scan on movie_info mi  (cost=0.00..309384.22 rows=14739122 width=4) (actual time=0.019..5689.914 rows=14835720 loops=1)
  ->  Hash  (cost=289103.37..289103.37 rows=3966916 width=8) (actual time=7843.807..7843.807 rows=3969593 loops=1)
        Buckets: 131072  Batches: 64  Memory Usage: 3549kB
        ->  Hash Join  (cost=102767.86..289103.37 rows=3966916 width=8) (actual time=1794.205..6730.840 rows=3969593 loops=1)
              Hash Cond: (mk.movie_id = t.id)
              ->  Seq Scan on movie_keyword mk  (cost=0.00..81003.12 rows=3966916 width=4) (actual time=0.026..1660.279 rows=3969593 loops=1)
                    Filter: (keyword_id < 33223)
                    Rows Removed by Filter: 554337
              ->  Hash  (cost=61283.27..61283.27 rows=2528527 width=4) (actual time=1793.391..1793.391 rows=2528312 loops=1)
                    Buckets: 131072  Batches: 64  Memory Usage: 2425kB
                    ->  Seq Scan on title t  (cost=0.00..61283.27 rows=2528527 width=4) (actual time=0.021..913.866 rows=2528312 loops=1)
Planning time: 1.072 ms
Execution time: 91323.309 ms
