Seq Scan on cast_info ci  (cost=0.00..705507.15 rows=500 width=0) (actual time=3868.830..10249.819 rows=80 loops=1)
  Filter: (person_id = 1795785)
  Rows Removed by Filter: 36244264
Planning time: 0.362 ms
Execution time: 10249.939 ms
