Hash Join  (cost=81703.78..1228477.68 rows=6131043 width=0) (actual time=1232.791..33425.676 rows=7016770 loops=1)
  Hash Cond: (ci.movie_id = t.id)
  ->  Seq Scan on cast_info ci  (cost=0.00..705507.15 rows=32700885 width=4) (actual time=0.016..15457.334 rows=32721622 loops=1)
        Filter: (person_id < 3421103)
        Rows Removed by Filter: 3522722
  ->  Hash  (cost=73925.90..73925.90 rows=474070 width=4) (actual time=1232.079..1232.079 rows=496025 loops=1)
        Buckets: 131072  Batches: 8  Memory Usage: 3214kB
        ->  Seq Scan on title t  (cost=0.00..73925.90 rows=474070 width=4) (actual time=176.461..1076.217 rows=496025 loops=1)
              Filter: ((production_year < 2009) AND (kind_id = 1))
              Rows Removed by Filter: 2032287
Planning time: 0.824 ms
Execution time: 34145.584 ms
