Hash Join  (cost=83074.74..109989.30 rows=45 width=0) (actual time=1166.634..1631.082 rows=22 loops=1)
  Hash Cond: (mi_idx.movie_id = t.id)
  ->  Seq Scan on movie_info_idx mi_idx  (cost=0.00..25185.44 rows=460978 width=4) (actual time=0.022..410.581 rows=459925 loops=1)
        Filter: (info_type_id = 99)
        Rows Removed by Filter: 920110
  ->  Hash  (cost=83071.67..83071.67 rows=246 width=8) (actual time=1155.669..1155.669 rows=24 loops=1)
        Buckets: 1024  Batches: 1  Memory Usage: 9kB
        ->  Nested Loop  (cost=0.43..83071.67 rows=246 width=8) (actual time=11.286..1155.617 rows=24 loops=1)
              ->  Seq Scan on movie_keyword mk  (cost=0.00..81003.12 rows=246 width=4) (actual time=11.232..1154.574 rows=24 loops=1)
                    Filter: (keyword_id = 57183)
                    Rows Removed by Filter: 4523906
              ->  Index Only Scan using title_pkey on title t  (cost=0.43..8.40 rows=1 width=4) (actual time=0.036..0.037 rows=1 loops=24)
                    Index Cond: (id = mk.movie_id)
                    Heap Fetches: 24
Planning time: 1.120 ms
Execution time: 1631.202 ms
