Hash Join  (cost=128754.26..215496.45 rows=8416 width=0) (actual time=3056.573..3804.010 rows=36698 loops=1)
  Hash Cond: (mk.movie_id = t.id)
  ->  Seq Scan on movie_keyword mk  (cost=0.00..69693.30 rows=4523930 width=4) (actual time=0.024..879.054 rows=4523930 loops=1)
  ->  Hash  (cost=128695.46..128695.46 rows=4704 width=8) (actual time=2068.548..2068.548 rows=9597 loops=1)
        Buckets: 16384 (originally 8192)  Batches: 1 (originally 1)  Memory Usage: 503kB
        ->  Hash Join  (cost=73982.89..128695.46 rows=4704 width=8) (actual time=1082.593..2064.347 rows=9597 loops=1)
              Hash Cond: (mc.movie_id = t.id)
              ->  Seq Scan on movie_companies mc  (cost=0.00..44881.29 rows=2609129 width=4) (actual time=0.022..640.639 rows=2609129 loops=1)
              ->  Hash  (cost=73925.90..73925.90 rows=4559 width=4) (actual time=904.058..904.058 rows=4114 loops=1)
                    Buckets: 8192  Batches: 1  Memory Usage: 209kB
                    ->  Seq Scan on title t  (cost=0.00..73925.90 rows=4559 width=4) (actual time=0.018..901.916 rows=4114 loops=1)
                          Filter: ((kind_id = 2) AND (production_year = 2009))
                          Rows Removed by Filter: 2524198
Planning time: 1.086 ms
Execution time: 3809.095 ms
