Hash Join  (cost=166219.73..193433.58 rows=30336 width=0) (actual time=3261.972..3848.951 rows=58422 loops=1)
  Hash Cond: (mi_idx.movie_id = t.id)
  ->  Seq Scan on movie_info_idx mi_idx  (cost=0.00..21735.35 rows=1380035 width=4) (actual time=0.015..242.546 rows=1380035 loops=1)
  ->  Hash  (cost=165524.96..165524.96 rows=55582 width=8) (actual time=3261.117..3261.117 rows=46688 loops=1)
        Buckets: 65536  Batches: 1  Memory Usage: 2336kB
        ->  Hash Join  (cost=104071.89..165524.96 rows=55582 width=8) (actual time=2051.629..3239.142 rows=46688 loops=1)
              Hash Cond: (mc.movie_id = t.id)
              ->  Seq Scan on movie_companies mc  (cost=0.00..51404.11 rows=63228 width=4) (actual time=0.043..746.752 rows=62075 loops=1)
                    Filter: (company_id = 6)
                    Rows Removed by Filter: 2547054
              ->  Hash  (cost=67604.59..67604.59 rows=2222744 width=4) (actual time=2050.377..2050.377 rows=2214818 loops=1)
                    Buckets: 131072  Batches: 32  Memory Usage: 3459kB
                    ->  Seq Scan on title t  (cost=0.00..67604.59 rows=2222744 width=4) (actual time=0.012..1347.511 rows=2214818 loops=1)
                          Filter: (production_year > 1959)
                          Rows Removed by Filter: 313494
Planning time: 4.367 ms
Execution time: 3857.223 ms
