Nested Loop  (cost=0.43..797556.14 rows=69 width=0) (actual time=2494.068..10218.826 rows=5 loops=1)
  ->  Seq Scan on cast_info ci  (cost=0.00..796071.18 rows=176 width=4) (actual time=2493.953..10218.553 rows=5 loops=1)
        Filter: ((person_id = 651777) AND (role_id = 1))
        Rows Removed by Filter: 36244339
  ->  Index Scan using title_pkey on title t  (cost=0.43..8.43 rows=1 width=4) (actual time=0.039..0.040 rows=1 loops=5)
        Index Cond: (id = ci.movie_id)
        Filter: (kind_id < 7)
Planning time: 1.404 ms
Execution time: 10218.950 ms
