Seq Scan on movie_keyword mk  (cost=0.00..81003.12 rows=2419911 width=0) (actual time=0.025..1446.606 rows=2421329 loops=1)
  Filter: (keyword_id < 5712)
  Rows Removed by Filter: 2102601
Planning time: 0.319 ms
Execution time: 1754.272 ms
