Nested Loop  (cost=0.43..83072.90 rows=16 width=0) (actual time=22.778..1211.284 rows=6 loops=1)
  ->  Seq Scan on movie_keyword mk  (cost=0.00..81003.12 rows=246 width=4) (actual time=2.432..1172.283 rows=1129 loops=1)
        Filter: (keyword_id = 1727)
        Rows Removed by Filter: 4522801
  ->  Index Scan using title_pkey on title t  (cost=0.43..8.40 rows=1 width=4) (actual time=0.034..0.034 rows=0 loops=1129)
        Index Cond: (id = mk.movie_id)
        Filter: ((production_year < 1962) AND (kind_id = 7))
        Rows Removed by Filter: 1
Planning time: 0.872 ms
Execution time: 1211.376 ms
