Hash Join  (cost=102767.86..933583.93 rows=1033409 width=0) (actual time=8279.508..15715.595 rows=1046685 loops=1)
  Hash Cond: (ci.movie_id = t.id)
  ->  Seq Scan on cast_info ci  (cost=0.00..796071.18 rows=1033409 width=4) (actual time=6429.507..12625.449 rows=1046685 loops=1)
        Filter: ((person_id > 1437023) AND (role_id = 8))
        Rows Removed by Filter: 35197659
  ->  Hash  (cost=61283.27..61283.27 rows=2528527 width=4) (actual time=1848.875..1848.875 rows=2528312 loops=1)
        Buckets: 131072  Batches: 64  Memory Usage: 2415kB
        ->  Seq Scan on title t  (cost=0.00..61283.27 rows=2528527 width=4) (actual time=0.007..975.675 rows=2528312 loops=1)
Planning time: 0.762 ms
Execution time: 15840.014 ms
