Seq Scan on movie_companies mc  (cost=0.00..51404.11 rows=104 width=0) (actual time=191.318..860.531 rows=78 loops=1)
  Filter: (company_id = 89263)
  Rows Removed by Filter: 2609051
Planning time: 0.423 ms
Execution time: 860.611 ms
