Nested Loop  (cost=0.43..83071.67 rows=246 width=0) (actual time=1.420..1078.403 rows=429 loops=1)
  ->  Seq Scan on movie_keyword mk  (cost=0.00..81003.12 rows=246 width=4) (actual time=1.341..1067.196 rows=429 loops=1)
        Filter: (keyword_id = 6420)
        Rows Removed by Filter: 4523501
  ->  Index Only Scan using title_pkey on title t  (cost=0.43..8.40 rows=1 width=4) (actual time=0.024..0.024 rows=1 loops=429)
        Index Cond: (id = mk.movie_id)
        Heap Fetches: 429
Planning time: 0.679 ms
Execution time: 1078.665 ms
