Hash Join  (cost=102767.86..247620.43 rows=2242920 width=0) (actual time=1934.352..5492.386 rows=2241635 loops=1)
  Hash Cond: (mk.movie_id = t.id)
  ->  Seq Scan on movie_keyword mk  (cost=0.00..81003.12 rows=2242920 width=4) (actual time=0.034..1511.052 rows=2241635 loops=1)
        Filter: (keyword_id > 4837)
        Rows Removed by Filter: 2282295
  ->  Hash  (cost=61283.27..61283.27 rows=2528527 width=4) (actual time=1932.565..1932.565 rows=2528312 loops=1)
        Buckets: 131072  Batches: 64  Memory Usage: 2425kB
        ->  Seq Scan on title t  (cost=0.00..61283.27 rows=2528527 width=4) (actual time=0.011..1058.655 rows=2528312 loops=1)
Planning time: 0.675 ms
Execution time: 5753.618 ms
