Seq Scan on cast_info ci  (cost=0.00..705507.15 rows=500 width=0) (actual time=9350.708..10154.487 rows=5 loops=1)
  Filter: (person_id = 1231067)
  Rows Removed by Filter: 36244339
Planning time: 0.376 ms
Execution time: 10154.591 ms
