Hash Join  (cost=234427.15..399142.73 rows=2836201 width=0) (actual time=5306.727..10561.930 rows=4120310 loops=1)
  Hash Cond: (mk.movie_id = t.id)
  ->  Seq Scan on movie_keyword mk  (cost=0.00..81003.12 rows=3734489 width=4) (actual time=0.024..1668.139 rows=3729508 loops=1)
        Filter: (keyword_id < 23454)
        Rows Removed by Filter: 794422
  ->  Hash  (cost=202921.16..202921.16 rows=1920319 width=8) (actual time=5305.239..5305.239 rows=1301439 loops=1)
        Buckets: 131072  Batches: 32  Memory Usage: 2591kB
        ->  Hash Join  (cost=98137.04..202921.16 rows=1920319 width=8) (actual time=2109.062..4927.230 rows=1301439 loops=1)
              Hash Cond: (mc.movie_id = t.id)
              ->  Seq Scan on movie_companies mc  (cost=0.00..44881.29 rows=2609129 width=4) (actual time=0.015..781.588 rows=2609129 loops=1)
              ->  Hash  (cost=67604.59..67604.59 rows=1860996 width=4) (actual time=2107.760..2107.760 rows=1865487 loops=1)
                    Buckets: 131072  Batches: 32  Memory Usage: 3079kB
                    ->  Seq Scan on title t  (cost=0.00..67604.59 rows=1860996 width=4) (actual time=0.017..1069.382 rows=1865487 loops=1)
                          Filter: (kind_id > 1)
                          Rows Removed by Filter: 662825
Planning time: 1.051 ms
Execution time: 11057.801 ms
