Nested Loop  (cost=0.43..83072.90 rows=23 width=0) (actual time=925.898..1199.365 rows=7 loops=1)
  ->  Seq Scan on movie_keyword mk  (cost=0.00..81003.12 rows=246 width=4) (actual time=0.315..1151.636 rows=2144 loops=1)
        Filter: (keyword_id = 3639)
        Rows Removed by Filter: 4521786
  ->  Index Scan using title_pkey on title t  (cost=0.43..8.40 rows=1 width=4) (actual time=0.022..0.022 rows=0 loops=2144)
        Index Cond: (id = mk.movie_id)
        Filter: ((production_year > 2010) AND (kind_id = 7))
        Rows Removed by Filter: 1
Planning time: 0.707 ms
Execution time: 1199.470 ms
