Hash Join  (cost=359555.51..2127838.61 rows=58274495 width=0) (actual time=9322.826..87832.952 rows=199206826 loops=1)
  Hash Cond: (ci.movie_id = t.id)
  ->  Seq Scan on cast_info ci  (cost=0.00..614943.12 rows=36225612 width=4) (actual time=0.020..12151.815 rows=36244344 loops=1)
  ->  Hash  (cost=292822.43..292822.43 rows=4067526 width=8) (actual time=9321.512..9321.512 rows=4165320 loops=1)
        Buckets: 131072  Batches: 64  Memory Usage: 3584kB
        ->  Hash Join  (cost=107928.35..292822.43 rows=4067526 width=8) (actual time=2108.799..8047.388 rows=4165320 loops=1)
              Hash Cond: (mk.movie_id = t.id)
              ->  Seq Scan on movie_keyword mk  (cost=0.00..81003.12 rows=4184540 width=4) (actual time=0.032..1708.587 rows=4187474 loops=1)
                    Filter: (keyword_id < 49065)
                    Rows Removed by Filter: 336456
              ->  Hash  (cost=67604.59..67604.59 rows=2457821 width=4) (actual time=2107.481..2107.481 rows=2456218 loops=1)
                    Buckets: 131072  Batches: 64  Memory Usage: 2385kB
                    ->  Seq Scan on title t  (cost=0.00..67604.59 rows=2457821 width=4) (actual time=0.021..1262.410 rows=2456218 loops=1)
                          Filter: (production_year > 0)
                          Rows Removed by Filter: 72094
Planning time: 1.170 ms
Execution time: 108838.638 ms
