Hash Join  (cost=74029.65..160836.19 rows=14850 width=0) (actual time=2186.645..2991.101 rows=7558 loops=1)
  Hash Cond: (mk.movie_id = t.id)
  ->  Seq Scan on movie_keyword mk  (cost=0.00..69693.30 rows=4523930 width=4) (actual time=0.016..1090.594 rows=4523930 loops=1)
  ->  Hash  (cost=73925.90..73925.90 rows=8300 width=4) (actual time=1053.972..1053.972 rows=7850 loops=1)
        Buckets: 16384  Batches: 1  Memory Usage: 404kB
        ->  Seq Scan on title t  (cost=0.00..73925.90 rows=8300 width=4) (actual time=0.143..1050.054 rows=7850 loops=1)
              Filter: ((production_year > 2011) AND (kind_id = 2))
              Rows Removed by Filter: 2520462
Planning time: 0.701 ms
Execution time: 2992.312 ms
