Hash Join  (cost=74019.21..128761.75 rows=7702 width=0) (actual time=939.185..1999.700 rows=5903 loops=1)
  Hash Cond: (mc.movie_id = t.id)
  ->  Seq Scan on movie_companies mc  (cost=0.00..44881.29 rows=2609129 width=4) (actual time=0.018..533.792 rows=2609129 loops=1)
  ->  Hash  (cost=73925.90..73925.90 rows=7464 width=4) (actual time=934.692..934.692 rows=5186 loops=1)
        Buckets: 8192  Batches: 1  Memory Usage: 247kB
        ->  Seq Scan on title t  (cost=0.00..73925.90 rows=7464 width=4) (actual time=0.080..932.407 rows=5186 loops=1)
              Filter: ((kind_id = 4) AND (production_year = 2012))
              Rows Removed by Filter: 2523126
Planning time: 0.719 ms
Execution time: 2000.895 ms
