Hash Join  (cost=308570.82..1001850.44 rows=16553288 width=0) (actual time=6962.991..48342.877 rows=143476438 loops=1)
  Hash Cond: (mi.movie_id = t.id)
  ->  Seq Scan on movie_info mi  (cost=0.00..309384.22 rows=14739122 width=4) (actual time=1.042..5362.109 rows=14835720 loops=1)
  ->  Hash  (cost=261980.94..261980.94 rows=2839751 width=8) (actual time=6960.025..6960.025 rows=2829407 loops=1)
        Buckets: 131072  Batches: 64  Memory Usage: 2849kB
        ->  Hash Join  (cost=102767.86..261980.94 rows=2839751 width=8) (actual time=1799.599..6104.401 rows=2829407 loops=1)
              Hash Cond: (mk.movie_id = t.id)
              ->  Seq Scan on movie_keyword mk  (cost=0.00..81003.12 rows=2839751 width=4) (actual time=0.016..1561.488 rows=2829407 loops=1)
                    Filter: (keyword_id < 8521)
                    Rows Removed by Filter: 1694523
              ->  Hash  (cost=61283.27..61283.27 rows=2528527 width=4) (actual time=1798.182..1798.182 rows=2528312 loops=1)
                    Buckets: 131072  Batches: 64  Memory Usage: 2425kB
                    ->  Seq Scan on title t  (cost=0.00..61283.27 rows=2528527 width=4) (actual time=0.012..920.048 rows=2528312 loops=1)
Planning time: 1.163 ms
Execution time: 62599.812 ms
