Hash Join  (cost=156649.15..276129.89 rows=503010 width=0) (actual time=3912.319..7122.072 rows=2112466 loops=1)
  Hash Cond: (mk.movie_id = t.id)
  ->  Seq Scan on movie_keyword mk  (cost=0.00..81003.12 rows=2735604 width=4) (actual time=0.016..1532.452 rows=2727118 loops=1)
        Filter: (keyword_id < 7763)
        Rows Removed by Filter: 1796812
  ->  Hash  (cost=149020.47..149020.47 rows=464934 width=8) (actual time=3911.489..3911.489 rows=460185 loops=1)
        Buckets: 131072  Batches: 8  Memory Usage: 3286kB
        ->  Hash Join  (cost=102767.86..149020.47 rows=464934 width=8) (actual time=1821.003..3776.263 rows=460185 loops=1)
              Hash Cond: (mi_idx.movie_id = t.id)
              ->  Seq Scan on movie_info_idx mi_idx  (cost=0.00..25185.44 rows=464934 width=4) (actual time=0.016..448.979 rows=460185 loops=1)
                    Filter: (info_type_id > 100)
                    Rows Removed by Filter: 919850
              ->  Hash  (cost=61283.27..61283.27 rows=2528527 width=4) (actual time=1819.786..1819.786 rows=2528312 loops=1)
                    Buckets: 131072  Batches: 64  Memory Usage: 2415kB
                    ->  Seq Scan on title t  (cost=0.00..61283.27 rows=2528527 width=4) (actual time=0.006..985.464 rows=2528312 loops=1)
Planning time: 1.061 ms
Execution time: 7358.170 ms
