Hash Join  (cost=83810.17..183777.88 rows=381411 width=0) (actual time=1354.563..3439.535 rows=822109 loops=1)
  Hash Cond: (mk.movie_id = t.id)
  ->  Seq Scan on movie_keyword mk  (cost=0.00..81003.12 rows=976392 width=4) (actual time=0.019..1277.984 rows=980645 loops=1)
        Filter: (keyword_id > 18948)
        Rows Removed by Filter: 3543285
  ->  Hash  (cost=67604.59..67604.59 rows=987727 width=4) (actual time=1353.855..1353.855 rows=985048 loops=1)
        Buckets: 131072  Batches: 16  Memory Usage: 3197kB
        ->  Seq Scan on title t  (cost=0.00..67604.59 rows=987727 width=4) (actual time=0.025..1053.021 rows=985048 loops=1)
              Filter: (kind_id < 7)
              Rows Removed by Filter: 1543264
Planning time: 0.858 ms
Execution time: 3530.767 ms
