Hash Join  (cost=121013.29..1059092.81 rows=1115336 width=0) (actual time=2650.545..25840.549 rows=4415591 loops=1)
  Hash Cond: (ci.movie_id = t.id)
  ->  Seq Scan on cast_info ci  (cost=0.00..705507.15 rows=19099741 width=4) (actual time=0.019..12937.332 rows=19248516 loops=1)
        Filter: (person_id > 1679890)
        Rows Removed by Filter: 16995828
  ->  Hash  (cost=118590.61..118590.61 rows=147654 width=8) (actual time=2649.721..2649.721 rows=357502 loops=1)
        Buckets: 131072 (originally 131072)  Batches: 8 (originally 2)  Memory Usage: 3073kB
        ->  Hash Join  (cost=78364.59..118590.61 rows=147654 width=8) (actual time=1324.407..2527.455 rows=357502 loops=1)
              Hash Cond: (mi_idx.movie_id = t.id)
              ->  Seq Scan on movie_info_idx mi_idx  (cost=0.00..21735.35 rows=1380035 width=4) (actual time=0.010..395.974 rows=1380035 loops=1)
              ->  Hash  (cost=73925.90..73925.90 rows=270535 width=4) (actual time=1323.502..1323.502 rows=374196 loops=1)
                    Buckets: 131072 (originally 131072)  Batches: 8 (originally 4)  Memory Usage: 3073kB
                    ->  Seq Scan on title t  (cost=0.00..73925.90 rows=270535 width=4) (actual time=566.896..1188.649 rows=374196 loops=1)
                          Filter: ((production_year < 2000) AND (kind_id = 1))
                          Rows Removed by Filter: 2154116
Planning time: 0.756 ms
Execution time: 26316.067 ms
