Hash Join  (cost=225907.06..1421833.28 rows=11373897 width=0) (actual time=6616.859..62438.222 rows=101122095 loops=1)
  Hash Cond: (ci.movie_id = t.id)
  ->  Seq Scan on cast_info ci  (cost=0.00..614943.12 rows=36225612 width=4) (actual time=0.015..11757.984 rows=36244344 loops=1)
  ->  Hash  (cost=212881.41..212881.41 rows=793892 width=8) (actual time=6615.443..6615.443 rows=2373598 loops=1)
        Buckets: 131072 (originally 131072)  Batches: 32 (originally 16)  Memory Usage: 3826kB
        ->  Hash Join  (cost=81206.46..212881.41 rows=793892 width=8) (actual time=1305.925..5192.602 rows=2373598 loops=1)
              Hash Cond: (mk.movie_id = t.id)
              ->  Seq Scan on movie_keyword mk  (cost=0.00..69693.30 rows=4523930 width=4) (actual time=0.026..1249.746 rows=4523930 loops=1)
              ->  Hash  (cost=73925.90..73925.90 rows=443724 width=4) (actual time=1304.735..1304.735 rows=536860 loops=1)
                    Buckets: 131072  Batches: 8  Memory Usage: 3402kB
                    ->  Seq Scan on title t  (cost=0.00..73925.90 rows=443724 width=4) (actual time=0.013..1136.329 rows=536860 loops=1)
                          Filter: ((kind_id < 7) AND (production_year < 2002))
                          Rows Removed by Filter: 1991452
Planning time: 3.397 ms
Execution time: 73186.748 ms
