Hash Join  (cost=104943.62..1330860.00 rows=21106473 width=0) (actual time=1957.861..33990.856 rows=22249589 loops=1)
  Hash Cond: (ci.movie_id = t.id)
  ->  Seq Scan on cast_info ci  (cost=0.00..705507.15 rows=23449898 width=4) (actual time=0.016..13870.220 rows=23506705 loops=1)
        Filter: (person_id > 1256209)
        Rows Removed by Filter: 12737639
  ->  Hash  (cost=67604.59..67604.59 rows=2275843 width=4) (actual time=1956.673..1956.673 rows=2268428 loops=1)
        Buckets: 131072  Batches: 32  Memory Usage: 3520kB
        ->  Seq Scan on title t  (cost=0.00..67604.59 rows=2275843 width=4) (actual time=0.030..1241.481 rows=2268428 loops=1)
              Filter: (production_year > 1953)
              Rows Removed by Filter: 259884
Planning time: 0.732 ms
Execution time: 36352.123 ms
