Hash Join  (cost=81720.25..1026870.43 rows=3313199 width=0) (actual time=1524.199..22399.790 rows=4089061 loops=1)
  Hash Cond: (ci.movie_id = t.id)
  ->  Seq Scan on cast_info ci  (cost=0.00..796071.18 rows=9737070 width=4) (actual time=270.117..12752.725 rows=10629521 loops=1)
        Filter: ((person_id < 1089403) AND (role_id < 10))
        Rows Removed by Filter: 25614823
  ->  Hash  (cost=67604.59..67604.59 rows=860373 width=4) (actual time=1253.379..1253.379 rows=854214 loops=1)
        Buckets: 131072  Batches: 16  Memory Usage: 2897kB
        ->  Seq Scan on title t  (cost=0.00..67604.59 rows=860373 width=4) (actual time=0.025..977.964 rows=854214 loops=1)
              Filter: (kind_id < 4)
              Rows Removed by Filter: 1674098
Planning time: 0.752 ms
Execution time: 22864.009 ms
