Hash Join  (cost=83074.65..833890.89 rows=2707 width=0) (actual time=1313.713..17172.170 rows=1817 loops=1)
  Hash Cond: (ci.movie_id = t.id)
  ->  Seq Scan on cast_info ci  (cost=0.00..614943.12 rows=36225612 width=4) (actual time=0.025..9013.919 rows=36244344 loops=1)
  ->  Hash  (cost=83072.29..83072.29 rows=189 width=8) (actual time=1288.635..1288.635 rows=29 loops=1)
        Buckets: 1024  Batches: 1  Memory Usage: 10kB
        ->  Nested Loop  (cost=0.43..83072.29 rows=189 width=8) (actual time=40.306..1288.569 rows=29 loops=1)
              ->  Seq Scan on movie_keyword mk  (cost=0.00..81003.12 rows=246 width=4) (actual time=40.237..1283.860 rows=37 loops=1)
                    Filter: (keyword_id = 20984)
                    Rows Removed by Filter: 4523893
              ->  Index Scan using title_pkey on title t  (cost=0.43..8.40 rows=1 width=4) (actual time=0.121..0.122 rows=1 loops=37)
                    Index Cond: (id = mk.movie_id)
                    Filter: (production_year > 1980)
                    Rows Removed by Filter: 0
Planning time: 1.690 ms
Execution time: 17173.571 ms
