Seq Scan on movie_keyword mk  (cost=0.00..81003.12 rows=587069 width=0) (actual time=0.019..1216.851 rows=585843 loops=1)
  Filter: (keyword_id > 31318)
  Rows Removed by Filter: 3938087
Planning time: 0.317 ms
Execution time: 1293.021 ms
