Hash Join  (cost=190244.35..946168.51 rows=290506 width=181) (actual time=3581.020..17844.563 rows=146587 loops=1)
  Hash Cond: (mi.movie_id = t.id)
  ->  Seq Scan on movie_info mi  (cost=0.00..346232.03 rows=13929354 width=75) (actual time=0.019..8809.108 rows=14033580 loops=1)
        Filter: (info_type_id > 1)
        Rows Removed by Filter: 802140
  ->  Hash  (cost=188709.18..188709.18 rows=52734 width=106) (actual time=3564.932..3564.932 rows=14128 loops=1)
        Buckets: 32768  Batches: 2  Memory Usage: 1166kB
        ->  Hash Join  (cost=75514.14..188709.18 rows=52734 width=106) (actual time=2858.947..3555.716 rows=14128 loops=1)
              Hash Cond: (mk.movie_id = t.id)
              ->  Seq Scan on movie_keyword mk  (cost=0.00..81003.12 rows=2279352 width=12) (actual time=0.014..1618.875 rows=2279395 loops=1)
                    Filter: (keyword_id > 4619)
                    Rows Removed by Filter: 2244535
              ->  Hash  (cost=73925.90..73925.90 rows=58499 width=94) (actual time=1248.748..1248.748 rows=62752 loops=1)
                    Buckets: 32768  Batches: 2  Memory Usage: 3772kB
                    ->  Seq Scan on title t  (cost=0.00..73925.90 rows=58499 width=94) (actual time=0.022..1220.020 rows=62752 loops=1)
                          Filter: ((kind_id = 7) AND (production_year = 2005))
                          Rows Removed by Filter: 2465560
Planning time: 1.474 ms
Execution time: 17853.415 ms
