Hash Join  (cost=900462.18..1024986.17 rows=206995 width=0) (actual time=15757.906..17022.174 rows=148579 loops=1)
  Hash Cond: (mk.movie_id = t.id)
  ->  Seq Scan on movie_keyword mk  (cost=0.00..69693.30 rows=4523930 width=4) (actual time=0.015..1286.984 rows=4523930 loops=1)
  ->  Hash  (cost=898564.01..898564.01 rows=115694 width=8) (actual time=14337.107..14337.107 rows=141216 loops=1)
        Buckets: 131072  Batches: 2  Memory Usage: 3785kB
        ->  Hash Join  (cost=92883.59..898564.01 rows=115694 width=8) (actual time=6569.274..14290.863 rows=141216 loops=1)
              Hash Cond: (ci.movie_id = t.id)
              ->  Seq Scan on cast_info ci  (cost=0.00..796071.18 rows=189860 width=4) (actual time=4993.861..12321.797 rows=251146 loops=1)
                    Filter: ((person_id > 1627732) AND (role_id > 10))
                    Rows Removed by Filter: 35993198
              ->  Hash  (cost=67604.59..67604.59 rows=1540800 width=4) (actual time=1573.252..1573.252 rows=1543264 loops=1)
                    Buckets: 131072  Batches: 32  Memory Usage: 2722kB
                    ->  Seq Scan on title t  (cost=0.00..67604.59 rows=1540800 width=4) (actual time=0.039..1098.007 rows=1543264 loops=1)
                          Filter: (kind_id = 7)
                          Rows Removed by Filter: 985048
Planning time: 6.985 ms
Execution time: 17041.411 ms
