Hash Join  (cost=117482.57..1044632.85 rows=695690 width=0) (actual time=1885.287..23027.452 rows=1870518 loops=1)
  Hash Cond: (ci.movie_id = t.id)
  ->  Seq Scan on cast_info ci  (cost=0.00..705507.15 rows=18535263 width=4) (actual time=0.021..12938.087 rows=18439571 loops=1)
        Filter: (person_id < 1833392)
        Rows Removed by Filter: 17804773
  ->  Hash  (cost=115925.27..115925.27 rows=94904 width=8) (actual time=1884.523..1884.523 rows=137106 loops=1)
        Buckets: 131072  Batches: 2  Memory Usage: 3703kB
        ->  Hash Join  (cost=82400.67..115925.27 rows=94904 width=8) (actual time=1010.145..1837.304 rows=137106 loops=1)
              Hash Cond: (mi_idx.movie_id = t.id)
              ->  Seq Scan on movie_info_idx mi_idx  (cost=0.00..25185.44 rows=464566 width=4) (actual time=0.015..480.564 rows=459925 loops=1)
                    Filter: (info_type_id = 101)
                    Rows Removed by Filter: 920110
              ->  Hash  (cost=73925.90..73925.90 rows=516541 width=4) (actual time=943.703..943.703 rows=440918 loops=1)
                    Buckets: 131072  Batches: 8  Memory Usage: 2960kB
                    ->  Seq Scan on title t  (cost=0.00..73925.90 rows=516541 width=4) (actual time=0.071..757.284 rows=440918 loops=1)
                          Filter: ((kind_id < 7) AND (production_year > 2001))
                          Rows Removed by Filter: 2087394
Planning time: 1.454 ms
Execution time: 23251.061 ms
