Hash Join  (cost=150468.58..285780.91 rows=1092430 width=0) (actual time=5403.824..6753.358 rows=877125 loops=1)
  Hash Cond: (mk.movie_id = t.id)
  ->  Seq Scan on movie_keyword mk  (cost=0.00..69693.30 rows=4523930 width=4) (actual time=0.016..1305.240 rows=4523930 loops=1)
  ->  Hash  (cost=140450.28..140450.28 rows=610584 width=8) (actual time=3493.932..3493.932 rows=329127 loops=1)
        Buckets: 131072  Batches: 8  Memory Usage: 2632kB
        ->  Hash Join  (cost=92280.96..140450.28 rows=610584 width=8) (actual time=1398.763..3335.531 rows=329127 loops=1)
              Hash Cond: (mi_idx.movie_id = t.id)
              ->  Seq Scan on movie_info_idx mi_idx  (cost=0.00..21735.35 rows=1380035 width=4) (actual time=0.016..404.754 rows=1380035 loops=1)
              ->  Hash  (cost=73925.90..73925.90 rows=1118724 width=4) (actual time=1397.872..1397.872 rows=1213086 loops=1)
                    Buckets: 131072  Batches: 16  Memory Usage: 3701kB
                    ->  Seq Scan on title t  (cost=0.00..73925.90 rows=1118724 width=4) (actual time=0.031..1057.042 rows=1213086 loops=1)
                          Filter: ((production_year > 1986) AND (kind_id = 7))
                          Rows Removed by Filter: 1315226
Planning time: 1.294 ms
Execution time: 6848.003 ms
