Seq Scan on movie_companies mc  (cost=0.00..51404.11 rows=694654 width=0) (actual time=0.061..700.768 rows=700510 loops=1)
  Filter: (company_id > 45484)
  Rows Removed by Filter: 1908619
Planning time: 0.233 ms
Execution time: 782.740 ms
