Hash Join  (cost=879587.52..966880.03 rows=63447 width=0) (actual time=13176.978..15726.831 rows=779970 loops=1)
  Hash Cond: (mk.movie_id = t.id)
  ->  Seq Scan on movie_keyword mk  (cost=0.00..69693.30 rows=4523930 width=4) (actual time=0.026..956.786 rows=4523930 loops=1)
  ->  Hash  (cost=879144.24..879144.24 rows=35462 width=8) (actual time=13116.901..13116.901 rows=79489 loops=1)
        Buckets: 131072 (originally 65536)  Batches: 2 (originally 1)  Memory Usage: 3073kB
        ->  Hash Join  (cost=78556.72..879144.24 rows=35462 width=8) (actual time=5689.356..13083.383 rows=79489 loops=1)
              Hash Cond: (ci.movie_id = t.id)
              ->  Seq Scan on cast_info ci  (cost=0.00..796071.18 rows=134325 width=4) (actual time=4581.361..11725.916 rows=237341 loops=1)
                    Filter: ((person_id > 2258520) AND (role_id > 10))
                    Rows Removed by Filter: 36007003
              ->  Hash  (cost=67604.59..67604.59 rows=667531 width=4) (actual time=1106.939..1106.939 rows=662825 loops=1)
                    Buckets: 131072  Batches: 16  Memory Usage: 2476kB
                    ->  Seq Scan on title t  (cost=0.00..67604.59 rows=667531 width=4) (actual time=355.867..906.019 rows=662825 loops=1)
                          Filter: (kind_id < 2)
                          Rows Removed by Filter: 1865487
Planning time: 2.106 ms
Execution time: 15829.006 ms
