Hash Join  (cost=262148.33..865656.28 rows=9866613 width=0) (actual time=6039.135..34848.355 rows=81337405 loops=1)
  Hash Cond: (mi.movie_id = t.id)
  ->  Seq Scan on movie_info mi  (cost=0.00..309384.22 rows=14739122 width=4) (actual time=0.007..5539.207 rows=14835720 loops=1)
  ->  Hash  (cost=234378.35..234378.35 rows=1692638 width=8) (actual time=6038.047..6038.047 rows=1699077 loops=1)
        Buckets: 131072  Batches: 32  Memory Usage: 3166kB
        ->  Hash Join  (cost=102767.86..234378.35 rows=1692638 width=8) (actual time=1672.381..4792.336 rows=1699077 loops=1)
              Hash Cond: (mk.movie_id = t.id)
              ->  Seq Scan on movie_keyword mk  (cost=0.00..81003.12 rows=1692638 width=4) (actual time=0.019..1404.301 rows=1699077 loops=1)
                    Filter: (keyword_id < 2650)
                    Rows Removed by Filter: 2824853
              ->  Hash  (cost=61283.27..61283.27 rows=2528527 width=4) (actual time=1670.208..1670.208 rows=2528312 loops=1)
                    Buckets: 131072  Batches: 64  Memory Usage: 2425kB
                    ->  Seq Scan on title t  (cost=0.00..61283.27 rows=2528527 width=4) (actual time=0.007..815.360 rows=2528312 loops=1)
Planning time: 0.763 ms
Execution time: 42780.505 ms
