Hash Join  (cost=154209.41..975241.46 rows=79563 width=0) (actual time=2833.212..16988.673 rows=227997 loops=1)
  Hash Cond: (ci.movie_id = t.id)
  ->  Seq Scan on cast_info ci  (cost=0.00..796071.18 rows=6444063 width=4) (actual time=0.012..11622.193 rows=9917878 loops=1)
        Filter: ((person_id > 2721581) AND (role_id > 1))
        Rows Removed by Filter: 26326466
  ->  Hash  (cost=153819.17..153819.17 rows=31219 width=8) (actual time=2832.959..2832.959 rows=44196 loops=1)
        Buckets: 65536 (originally 32768)  Batches: 1 (originally 1)  Memory Usage: 2239kB
        ->  Hash Join  (cost=94978.31..153819.17 rows=31219 width=8) (actual time=1700.589..2816.358 rows=44196 loops=1)
              Hash Cond: (mc.movie_id = t.id)
              ->  Seq Scan on movie_companies mc  (cost=0.00..51404.11 rows=47312 width=4) (actual time=0.965..779.491 rows=47252 loops=1)
                    Filter: (company_id = 19)
                    Rows Removed by Filter: 2561877
              ->  Hash  (cost=67604.59..67604.59 rows=1668458 width=4) (actual time=1693.334..1693.334 rows=1671292 loops=1)
                    Buckets: 131072  Batches: 32  Memory Usage: 2858kB
                    ->  Seq Scan on title t  (cost=0.00..67604.59 rows=1668458 width=4) (actual time=0.019..1160.963 rows=1671292 loops=1)
                          Filter: (production_year < 2008)
                          Rows Removed by Filter: 857020
Planning time: 2.555 ms
Execution time: 17019.257 ms
