Nested Loop  (cost=0.43..709673.15 rows=305 width=0) (actual time=8268.981..9454.981 rows=5 loops=1)
  ->  Seq Scan on cast_info ci  (cost=0.00..705507.15 rows=500 width=4) (actual time=3895.112..9454.476 rows=11 loops=1)
        Filter: (person_id = 897919)
        Rows Removed by Filter: 36244333
  ->  Index Scan using title_pkey on title t  (cost=0.43..8.32 rows=1 width=4) (actual time=0.035..0.035 rows=0 loops=11)
        Index Cond: (id = ci.movie_id)
        Filter: (kind_id = 7)
        Rows Removed by Filter: 1
Planning time: 0.788 ms
Execution time: 9455.110 ms
