Hash Join  (cost=83074.74..111707.54 rows=89 width=0) (actual time=1231.950..1779.179 rows=1527 loops=1)
  Hash Cond: (mi_idx.movie_id = t.id)
  ->  Seq Scan on movie_info_idx mi_idx  (cost=0.00..25185.44 rows=919057 width=4) (actual time=0.026..420.358 rows=920110 loops=1)
        Filter: (info_type_id > 99)
        Rows Removed by Filter: 459925
  ->  Hash  (cost=83071.67..83071.67 rows=246 width=8) (actual time=1231.510..1231.510 rows=1094 loops=1)
        Buckets: 2048 (originally 1024)  Batches: 1 (originally 1)  Memory Usage: 59kB
        ->  Nested Loop  (cost=0.43..83071.67 rows=246 width=8) (actual time=0.845..1230.655 rows=1094 loops=1)
              ->  Seq Scan on movie_keyword mk  (cost=0.00..81003.12 rows=246 width=4) (actual time=0.795..1206.370 rows=1094 loops=1)
                    Filter: (keyword_id = 844)
                    Rows Removed by Filter: 4522836
              ->  Index Only Scan using title_pkey on title t  (cost=0.43..8.40 rows=1 width=4) (actual time=0.021..0.021 rows=1 loops=1094)
                    Index Cond: (id = mk.movie_id)
                    Heap Fetches: 1094
Planning time: 1.156 ms
Execution time: 1779.516 ms
