Hash Join  (cost=87976.79..839166.10 rows=40015 width=0) (actual time=883.401..12304.326 rows=24505 loops=1)
  Hash Cond: (ci.movie_id = t.id)
  ->  Seq Scan on cast_info ci  (cost=0.00..614943.12 rows=36225612 width=4) (actual time=0.022..5698.453 rows=36244344 loops=1)
  ->  Hash  (cost=87941.87..87941.87 rows=2793 width=8) (actual time=881.191..881.191 rows=1783 loops=1)
        Buckets: 4096  Batches: 1  Memory Usage: 102kB
        ->  Nested Loop  (cost=0.43..87941.87 rows=2793 width=8) (actual time=234.226..880.197 rows=1783 loops=1)
              ->  Seq Scan on movie_companies mc  (cost=0.00..57926.93 rows=3989 width=4) (actual time=218.259..817.072 rows=2708 loops=1)
                    Filter: ((company_type_id > 1) AND (company_id = 302))
                    Rows Removed by Filter: 2606421
              ->  Index Scan using title_pkey on title t  (cost=0.43..7.51 rows=1 width=4) (actual time=0.022..0.023 rows=1 loops=2708)
                    Index Cond: (id = mc.movie_id)
                    Filter: (kind_id > 2)
                    Rows Removed by Filter: 0
Planning time: 1.191 ms
Execution time: 12308.514 ms
