Hash Join  (cost=87734.02..1312326.99 rows=11529212 width=0) (actual time=1371.208..40395.562 rows=11805298 loops=1)
  Hash Cond: (ci.movie_id = t.id)
  ->  Seq Scan on cast_info ci  (cost=0.00..705507.15 rows=34638321 width=4) (actual time=0.022..15051.502 rows=34645222 loops=1)
        Filter: (person_id < 3745410)
        Rows Removed by Filter: 1599122
  ->  Hash  (cost=73925.90..73925.90 rows=841609 width=4) (actual time=1370.053..1370.053 rows=755160 loops=1)
        Buckets: 131072  Batches: 16  Memory Usage: 2686kB
        ->  Seq Scan on title t  (cost=0.00..73925.90 rows=841609 width=4) (actual time=0.025..1113.523 rows=755160 loops=1)
              Filter: ((kind_id < 7) AND (production_year > 1965))
              Rows Removed by Filter: 1773152
Planning time: 0.769 ms
Execution time: 41649.967 ms
