Hash Join  (cost=94699.36..146937.14 rows=355 width=0) (actual time=1446.747..2110.836 rows=3924 loops=1)
  Hash Cond: (mc.movie_id = t.id)
  ->  Seq Scan on movie_companies mc  (cost=0.00..51404.11 rows=221364 width=4) (actual time=0.012..618.473 rows=220880 loops=1)
        Filter: (company_id < 74)
        Rows Removed by Filter: 2388249
  ->  Hash  (cost=94648.62..94648.62 rows=4059 width=8) (actual time=1446.189..1446.189 rows=18428 loops=1)
        Buckets: 32768 (originally 4096)  Batches: 1 (originally 1)  Memory Usage: 976kB
        ->  Hash Join  (cost=67697.55..94648.62 rows=4059 width=8) (actual time=856.513..1439.305 rows=18428 loops=1)
              Hash Cond: (mi_idx.movie_id = t.id)
              ->  Seq Scan on movie_info_idx mi_idx  (cost=0.00..21735.35 rows=1380035 width=4) (actual time=0.021..275.295 rows=1380035 loops=1)
              ->  Hash  (cost=67604.59..67604.59 rows=7437 width=4) (actual time=856.406..856.406 rows=24917 loops=1)
                    Buckets: 32768 (originally 8192)  Batches: 1 (originally 1)  Memory Usage: 1132kB
                    ->  Seq Scan on title t  (cost=0.00..67604.59 rows=7437 width=4) (actual time=0.053..845.402 rows=24917 loops=1)
                          Filter: (production_year = 1992)
                          Rows Removed by Filter: 2503395
Planning time: 1.234 ms
Execution time: 2111.916 ms
