Hash Join  (cost=28270.84..392946.01 rows=1924 width=0) (actual time=527.597..7582.627 rows=82787 loops=1)
  Hash Cond: (mi.movie_id = t.id)
  ->  Seq Scan on movie_info mi  (cost=0.00..309384.22 rows=14739122 width=4) (actual time=0.017..4426.577 rows=14835720 loops=1)
  ->  Hash  (cost=28266.72..28266.72 rows=330 width=8) (actual time=390.860..390.860 rows=216 loops=1)
        Buckets: 1024  Batches: 1  Memory Usage: 17kB
        ->  Nested Loop  (cost=0.43..28266.72 rows=330 width=8) (actual time=39.883..390.744 rows=216 loops=1)
              ->  Seq Scan on movie_info_idx mi_idx  (cost=0.00..25185.44 rows=368 width=4) (actual time=39.840..377.507 rows=260 loops=1)
                    Filter: (info_type_id > 101)
                    Rows Removed by Filter: 1379775
              ->  Index Scan using title_pkey on title t  (cost=0.43..8.36 rows=1 width=4) (actual time=0.050..0.050 rows=1 loops=260)
                    Index Cond: (id = mi_idx.movie_id)
                    Filter: (production_year > 1954)
                    Rows Removed by Filter: 0
Planning time: 0.649 ms
Execution time: 7597.696 ms
