Hash Join  (cost=160652.53..986598.03 rows=22118 width=0) (actual time=2592.058..18209.061 rows=50480 loops=1)
  Hash Cond: (ci.movie_id = t.id)
  ->  Seq Scan on cast_info ci  (cost=0.00..705507.15 rows=24043435 width=4) (actual time=0.024..11411.418 rows=23984135 loops=1)
        Filter: (person_id < 2460443)
        Rows Removed by Filter: 12260209
  ->  Hash  (cost=160623.45..160623.45 rows=2326 width=8) (actual time=2589.031..2589.031 rows=3643 loops=1)
        Buckets: 4096  Batches: 1  Memory Usage: 175kB
        ->  Hash Join  (cost=73942.15..160623.45 rows=2326 width=8) (actual time=1474.425..2587.696 rows=3643 loops=1)
              Hash Cond: (mk.movie_id = t.id)
              ->  Seq Scan on movie_keyword mk  (cost=0.00..69693.30 rows=4523930 width=4) (actual time=0.023..848.241 rows=4523930 loops=1)
              ->  Hash  (cost=73925.90..73925.90 rows=1300 width=4) (actual time=927.915..927.915 rows=1701 loops=1)
                    Buckets: 2048  Batches: 1  Memory Usage: 76kB
                    ->  Seq Scan on title t  (cost=0.00..73925.90 rows=1300 width=4) (actual time=1.370..926.832 rows=1701 loops=1)
                          Filter: ((kind_id = 2) AND (production_year = 1996))
                          Rows Removed by Filter: 2526611
Planning time: 1.194 ms
Execution time: 18217.020 ms
