Hash Join  (cost=114169.44..871077.28 rows=611864 width=0) (actual time=2052.350..19120.887 rows=939621 loops=1)
  Hash Cond: (ci.movie_id = t.id)
  ->  Seq Scan on cast_info ci  (cost=0.00..614943.12 rows=36225612 width=4) (actual time=0.011..8084.313 rows=36244344 loops=1)
  ->  Hash  (cost=113635.59..113635.59 rows=42708 width=8) (actual time=2051.582..2051.582 rows=21321 loops=1)
        Buckets: 65536  Batches: 1  Memory Usage: 1345kB
        ->  Hash Join  (cost=75210.03..113635.59 rows=42708 width=8) (actual time=1158.495..2044.403 rows=21321 loops=1)
              Hash Cond: (mi_idx.movie_id = t.id)
              ->  Seq Scan on movie_info_idx mi_idx  (cost=0.00..21735.35 rows=1380035 width=4) (actual time=0.028..437.817 rows=1380035 loops=1)
              ->  Hash  (cost=73925.90..73925.90 rows=78250 width=4) (actual time=1157.751..1157.751 rows=85111 loops=1)
                    Buckets: 131072  Batches: 2  Memory Usage: 2520kB
                    ->  Seq Scan on title t  (cost=0.00..73925.90 rows=78250 width=4) (actual time=0.031..1125.939 rows=85111 loops=1)
                          Filter: ((kind_id > 4) AND (production_year = 2009))
                          Rows Removed by Filter: 2443201
Planning time: 1.130 ms
Execution time: 19246.595 ms
