Hash Join  (cost=83072.42..109960.85 rows=2 width=0) (actual time=1223.384..1678.245 rows=142 loops=1)
  Hash Cond: (mi_idx.movie_id = t.id)
  ->  Seq Scan on movie_info_idx mi_idx  (cost=0.00..25185.44 rows=454124 width=4) (actual time=0.020..395.722 rows=459925 loops=1)
        Filter: (info_type_id = 100)
        Rows Removed by Filter: 920110
  ->  Hash  (cost=83072.29..83072.29 rows=11 width=8) (actual time=1219.910..1219.910 rows=178 loops=1)
        Buckets: 1024  Batches: 1  Memory Usage: 15kB
        ->  Nested Loop  (cost=0.43..83072.29 rows=11 width=8) (actual time=38.124..1219.685 rows=178 loops=1)
              ->  Seq Scan on movie_keyword mk  (cost=0.00..81003.12 rows=246 width=4) (actual time=0.156..1124.536 rows=3249 loops=1)
                    Filter: (keyword_id = 1714)
                    Rows Removed by Filter: 4520681
              ->  Index Scan using title_pkey on title t  (cost=0.43..8.40 rows=1 width=4) (actual time=0.029..0.029 rows=0 loops=3249)
                    Index Cond: (id = mk.movie_id)
                    Filter: (production_year = 2007)
                    Rows Removed by Filter: 1
Planning time: 0.961 ms
Execution time: 1678.433 ms
