Seq Scan on movie_keyword mk  (cost=0.00..81003.12 rows=2955393 width=0) (actual time=0.076..1552.861 rows=2946841 loops=1)
  Filter: (keyword_id > 2387)
  Rows Removed by Filter: 1577089
Planning time: 0.312 ms
Execution time: 1923.969 ms
