Hash Join  (cost=74393.18..441228.16 rows=217905 width=0) (actual time=1166.490..9608.134 rows=378799 loops=1)
  Hash Cond: (mi.movie_id = t.id)
  ->  Seq Scan on movie_info mi  (cost=0.00..309384.22 rows=14739122 width=4) (actual time=0.020..4570.993 rows=14835720 loops=1)
  ->  Hash  (cost=73925.90..73925.90 rows=37382 width=4) (actual time=1166.012..1166.012 rows=33190 loops=1)
        Buckets: 65536  Batches: 1  Memory Usage: 1679kB
        ->  Seq Scan on title t  (cost=0.00..73925.90 rows=37382 width=4) (actual time=122.038..1151.327 rows=33190 loops=1)
              Filter: ((kind_id = 1) AND (production_year = 2010))
              Rows Removed by Filter: 2495122
Planning time: 0.703 ms
Execution time: 9661.706 ms
