Hash Join  (cost=83073.21..833872.97 rows=1057 width=0) (actual time=1430.854..17676.903 rows=104402 loops=1)
  Hash Cond: (ci.movie_id = t.id)
  ->  Seq Scan on cast_info ci  (cost=0.00..614943.12 rows=36225612 width=4) (actual time=0.014..8889.441 rows=36244344 loops=1)
  ->  Hash  (cost=83072.29..83072.29 rows=74 width=8) (actual time=1430.568..1430.568 rows=1368 loops=1)
        Buckets: 2048 (originally 1024)  Batches: 1 (originally 1)  Memory Usage: 70kB
        ->  Nested Loop  (cost=0.43..83072.29 rows=74 width=8) (actual time=5.056..1429.472 rows=1368 loops=1)
              ->  Seq Scan on movie_keyword mk  (cost=0.00..81003.12 rows=246 width=4) (actual time=3.565..1337.941 rows=1744 loops=1)
                    Filter: (keyword_id = 1809)
                    Rows Removed by Filter: 4522186
              ->  Index Scan using title_pkey on title t  (cost=0.43..8.40 rows=1 width=4) (actual time=0.051..0.051 rows=1 loops=1744)
                    Index Cond: (id = mk.movie_id)
                    Filter: (kind_id < 3)
                    Rows Removed by Filter: 0
Planning time: 1.109 ms
Execution time: 17698.000 ms
