Hash Join  (cost=73982.55..421999.13 rows=849 width=0) (actual time=5421.579..6923.127 rows=500 loops=1)
  Hash Cond: (mi.movie_id = t.id)
  ->  Seq Scan on movie_info mi  (cost=0.00..346232.03 rows=473617 width=4) (actual time=4152.410..5593.584 rows=486554 loops=1)
        Filter: (info_type_id = 5)
        Rows Removed by Filter: 14349166
  ->  Hash  (cost=73925.90..73925.90 rows=4532 width=4) (actual time=1241.862..1241.862 rows=11996 loops=1)
        Buckets: 16384 (originally 8192)  Batches: 1 (originally 1)  Memory Usage: 550kB
        ->  Seq Scan on title t  (cost=0.00..73925.90 rows=4532 width=4) (actual time=18.161..1235.948 rows=11996 loops=1)
              Filter: ((kind_id = 7) AND (production_year = 1987))
              Rows Removed by Filter: 2516316
Planning time: 0.731 ms
Execution time: 6923.445 ms
