Hash Join  (cost=150154.86..975298.74 rows=919910 width=0) (actual time=6789.380..21943.692 rows=1712606 loops=1)
  Hash Cond: (ci.movie_id = t.id)
  ->  Seq Scan on cast_info ci  (cost=0.00..705507.15 rows=9468168 width=4) (actual time=3336.412..13178.724 rows=9384703 loops=1)
        Filter: (role_id > 4)
        Rows Removed by Filter: 26859641
  ->  Hash  (cost=146124.02..146124.02 rows=245667 width=8) (actual time=3451.751..3451.751 rows=416488 loops=1)
        Buckets: 131072 (originally 131072)  Batches: 8 (originally 4)  Memory Usage: 3077kB
        ->  Hash Join  (cost=75570.05..146124.02 rows=245667 width=8) (actual time=1191.286..2989.319 rows=416488 loops=1)
              Hash Cond: (mc.movie_id = t.id)
              ->  Seq Scan on movie_companies mc  (cost=0.00..51404.11 rows=1279517 width=4) (actual time=0.037..994.400 rows=1274246 loops=1)
                    Filter: (company_type_id < 2)
                    Rows Removed by Filter: 1334883
              ->  Hash  (cost=67604.59..67604.59 rows=485477 width=4) (actual time=1190.293..1190.293 rows=479601 loops=1)
                    Buckets: 131072  Batches: 8  Memory Usage: 3125kB
                    ->  Seq Scan on title t  (cost=0.00..67604.59 rows=485477 width=4) (actual time=0.026..1037.555 rows=479601 loops=1)
                          Filter: (production_year < 1978)
                          Rows Removed by Filter: 2048711
Planning time: 1.092 ms
Execution time: 22167.100 ms
