Hash Join  (cost=98137.04..240095.48 rows=1958696 width=0) (actual time=1997.868..5414.286 rows=955983 loops=1)
  Hash Cond: (mk.movie_id = t.id)
  ->  Seq Scan on movie_keyword mk  (cost=0.00..81003.12 rows=2661271 width=4) (actual time=0.024..1636.617 rows=2655855 loops=1)
        Filter: (keyword_id < 7368)
        Rows Removed by Filter: 1868075
  ->  Hash  (cost=67604.59..67604.59 rows=1860996 width=4) (actual time=1997.049..1997.049 rows=1865487 loops=1)
        Buckets: 131072  Batches: 32  Memory Usage: 3085kB
        ->  Seq Scan on title t  (cost=0.00..67604.59 rows=1860996 width=4) (actual time=0.005..1376.413 rows=1865487 loops=1)
              Filter: (kind_id > 1)
              Rows Removed by Filter: 662825
Planning time: 0.741 ms
Execution time: 5524.672 ms
