Hash Join  (cost=74553.12..162108.90 rows=89774 width=0) (actual time=996.582..2841.542 rows=211000 loops=1)
  Hash Cond: (mk.movie_id = t.id)
  ->  Seq Scan on movie_keyword mk  (cost=0.00..69693.30 rows=4523930 width=4) (actual time=0.030..902.202 rows=4523930 loops=1)
  ->  Hash  (cost=73925.90..73925.90 rows=50177 width=4) (actual time=996.168..996.168 rows=64542 loops=1)
        Buckets: 65536  Batches: 1  Memory Usage: 2782kB
        ->  Seq Scan on title t  (cost=0.00..73925.90 rows=50177 width=4) (actual time=15.601..972.861 rows=64542 loops=1)
              Filter: ((production_year > 2004) AND (kind_id = 4))
              Rows Removed by Filter: 2463770
Planning time: 0.793 ms
Execution time: 2869.609 ms
