Hash Join  (cost=102767.86..179171.28 rows=357322 width=0) (actual time=2012.069..3202.259 rows=44924 loops=1)
  Hash Cond: (mc.movie_id = t.id)
  ->  Seq Scan on movie_companies mc  (cost=0.00..57926.93 rows=357322 width=4) (actual time=0.030..901.914 rows=44924 loops=1)
        Filter: ((company_id > 40052) AND (company_type_id < 2))
        Rows Removed by Filter: 2564205
  ->  Hash  (cost=61283.27..61283.27 rows=2528527 width=4) (actual time=2010.680..2010.680 rows=2528312 loops=1)
        Buckets: 131072  Batches: 64  Memory Usage: 2415kB
        ->  Seq Scan on title t  (cost=0.00..61283.27 rows=2528527 width=4) (actual time=0.023..1176.660 rows=2528312 loops=1)
Planning time: 0.652 ms
Execution time: 3206.048 ms
