Hash Join  (cost=102767.86..214190.81 rows=853651 width=0) (actual time=2104.516..4450.993 rows=859808 loops=1)
  Hash Cond: (mk.movie_id = t.id)
  ->  Seq Scan on movie_keyword mk  (cost=0.00..81003.12 rows=853651 width=4) (actual time=0.014..1266.476 rows=859808 loops=1)
        Filter: (keyword_id > 21369)
        Rows Removed by Filter: 3664122
  ->  Hash  (cost=61283.27..61283.27 rows=2528527 width=4) (actual time=2102.664..2102.664 rows=2528312 loops=1)
        Buckets: 131072  Batches: 64  Memory Usage: 2425kB
        ->  Seq Scan on title t  (cost=0.00..61283.27 rows=2528527 width=4) (actual time=0.022..988.557 rows=2528312 loops=1)
Planning time: 0.843 ms
Execution time: 4556.141 ms
