Seq Scan on movie_keyword mk  (cost=0.00..81003.12 rows=313300 width=0) (actual time=0.029..1028.632 rows=310828 loops=1)
  Filter: (keyword_id > 52520)
  Rows Removed by Filter: 4213102
Planning time: 0.293 ms
Execution time: 1065.055 ms
