Hash Join  (cost=216833.80..767736.27 rows=6663055 width=0) (actual time=5029.738..23397.342 rows=18587152 loops=1)
  Hash Cond: (mi.movie_id = t.id)
  ->  Seq Scan on movie_info mi  (cost=0.00..309384.22 rows=14739122 width=4) (actual time=0.017..6057.938 rows=14835720 loops=1)
  ->  Hash  (cost=198079.53..198079.53 rows=1143061 width=8) (actual time=5029.049..5029.049 rows=1250223 loops=1)
        Buckets: 131072 (originally 131072)  Batches: 32 (originally 16)  Memory Usage: 4084kB
        ->  Hash Join  (cost=102767.86..198079.53 rows=1143061 width=8) (actual time=2488.264..4674.382 rows=1250223 loops=1)
              Hash Cond: (mc.movie_id = t.id)
              ->  Seq Scan on movie_companies mc  (cost=0.00..57926.93 rows=1143061 width=4) (actual time=447.392..1190.378 rows=1250223 loops=1)
                    Filter: ((company_id > 191) AND (company_type_id > 1))
                    Rows Removed by Filter: 1358906
              ->  Hash  (cost=61283.27..61283.27 rows=2528527 width=4) (actual time=2039.909..2039.909 rows=2528312 loops=1)
                    Buckets: 131072  Batches: 64  Memory Usage: 2415kB
                    ->  Seq Scan on title t  (cost=0.00..61283.27 rows=2528527 width=4) (actual time=0.015..1228.748 rows=2528312 loops=1)
Planning time: 1.078 ms
Execution time: 25441.271 ms
