Seq Scan on movie_companies mc  (cost=0.00..51404.11 rows=744242 width=0) (actual time=0.023..882.865 rows=738251 loops=1)
  Filter: (company_id < 1451)
  Rows Removed by Filter: 1870878
Planning time: 0.277 ms
Execution time: 974.846 ms
