Hash Join  (cost=131541.74..218673.71 rows=47393 width=0) (actual time=2940.776..4971.955 rows=227778 loops=1)
  Hash Cond: (mk.movie_id = t.id)
  ->  Seq Scan on movie_keyword mk  (cost=0.00..69693.30 rows=4523930 width=4) (actual time=0.023..792.636 rows=4523930 loops=1)
  ->  Hash  (cost=131210.63..131210.63 rows=26489 width=8) (actual time=2667.968..2667.968 rows=124615 loops=1)
        Buckets: 131072 (originally 32768)  Batches: 2 (originally 1)  Memory Usage: 3454kB
        ->  Hash Join  (cost=74555.58..131210.63 rows=26489 width=8) (actual time=1464.441..2622.825 rows=124615 loops=1)
              Hash Cond: (mc.movie_id = t.id)
              ->  Seq Scan on movie_companies mc  (cost=0.00..51404.11 rows=1329612 width=4) (actual time=0.020..894.392 rows=1334883 loops=1)
                    Filter: (company_type_id = 2)
                    Rows Removed by Filter: 1274246
              ->  Hash  (cost=73925.90..73925.90 rows=50374 width=4) (actual time=1191.440..1191.440 rows=130321 loops=1)
                    Buckets: 131072 (originally 65536)  Batches: 2 (originally 1)  Memory Usage: 3310kB
                    ->  Seq Scan on title t  (cost=0.00..73925.90 rows=50374 width=4) (actual time=343.011..1143.198 rows=130321 loops=1)
                          Filter: ((kind_id < 7) AND (production_year < 1936))
                          Rows Removed by Filter: 2397991
Planning time: 1.091 ms
Execution time: 4994.907 ms
