Hash Join  (cost=168647.51..597967.21 rows=952801 width=0) (actual time=5269.953..12756.513 rows=1691946 loops=1)
  Hash Cond: (mi.movie_id = t.id)
  ->  Seq Scan on movie_info mi  (cost=0.00..346232.03 rows=6231111 width=4) (actual time=0.036..6325.793 rows=6223494 loops=1)
        Filter: (info_type_id > 8)
        Rows Removed by Filter: 8612226
  ->  Hash  (cost=162303.54..162303.54 rows=386638 width=8) (actual time=3392.197..3392.197 rows=351575 loops=1)
        Buckets: 131072  Batches: 8  Memory Usage: 2747kB
        ->  Hash Join  (cost=92883.59..162303.54 rows=386638 width=8) (actual time=1786.743..3282.450 rows=351575 loops=1)
              Hash Cond: (mc.movie_id = t.id)
              ->  Seq Scan on movie_companies mc  (cost=0.00..51404.11 rows=634491 width=4) (actual time=0.027..871.322 rows=628215 loops=1)
                    Filter: (company_id < 823)
                    Rows Removed by Filter: 1980914
              ->  Hash  (cost=67604.59..67604.59 rows=1540800 width=4) (actual time=1741.163..1741.163 rows=1543264 loops=1)
                    Buckets: 131072  Batches: 32  Memory Usage: 2722kB
                    ->  Seq Scan on title t  (cost=0.00..67604.59 rows=1540800 width=4) (actual time=0.026..1231.363 rows=1543264 loops=1)
                          Filter: (kind_id = 7)
                          Rows Removed by Filter: 985048
Planning time: 6.215 ms
Execution time: 12942.032 ms
