Hash Join  (cost=155437.26..906853.51 rows=62713 width=0) (actual time=2597.302..19339.297 rows=63607 loops=1)
  Hash Cond: (ci.movie_id = t.id)
  ->  Seq Scan on cast_info ci  (cost=0.00..614943.12 rows=36225612 width=4) (actual time=0.025..9175.459 rows=36244344 loops=1)
  ->  Hash  (cost=155382.55..155382.55 rows=4377 width=8) (actual time=2597.100..2597.100 rows=2665 loops=1)
        Buckets: 8192  Batches: 1  Memory Usage: 169kB
        ->  Hash Join  (cost=72707.20..155382.55 rows=4377 width=8) (actual time=1203.874..2596.046 rows=2665 loops=1)
              Hash Cond: (mk.movie_id = t.id)
              ->  Seq Scan on movie_keyword mk  (cost=0.00..81003.12 rows=35588 width=4) (actual time=0.055..1331.082 rows=34710 loops=1)
                    Filter: (keyword_id = 2488)
                    Rows Removed by Filter: 4489220
              ->  Hash  (cost=67604.59..67604.59 rows=311009 width=4) (actual time=1202.427..1202.427 rows=309534 loops=1)
                    Buckets: 131072  Batches: 8  Memory Usage: 2384kB
                    ->  Seq Scan on title t  (cost=0.00..67604.59 rows=311009 width=4) (actual time=0.030..1096.832 rows=309534 loops=1)
                          Filter: (production_year < 1966)
                          Rows Removed by Filter: 2218778
Planning time: 17.294 ms
Execution time: 19352.002 ms
