Seq Scan on cast_info ci  (cost=0.00..796071.18 rows=27134491 width=0) (actual time=1163.825..18001.999 rows=29212548 loops=1)
  Filter: ((person_id < 3153925) AND (role_id < 10))
  Rows Removed by Filter: 7031796
Planning time: 0.311 ms
Execution time: 21639.744 ms
