Seq Scan on cast_info ci  (cost=0.00..796071.18 rows=6049138 width=0) (actual time=0.012..12194.248 rows=2575331 loops=1)
  Filter: ((person_id < 902787) AND (role_id > 1))
  Rows Removed by Filter: 33669013
Planning time: 0.336 ms
Execution time: 12522.226 ms
