Hash Join  (cost=1018504.83..3044812.74 rows=84295138 width=0) (actual time=24621.281..100775.060 rows=187706306 loops=1)
  Hash Cond: (ci.movie_id = t.id)
  ->  Seq Scan on cast_info ci  (cost=0.00..705507.15 rows=14461006 width=4) (actual time=0.018..14039.182 rows=14387485 loops=1)
        Filter: (person_id < 1416951)
        Rows Removed by Filter: 21856859
  ->  Hash  (cost=776690.81..776690.81 rows=14739122 width=8) (actual time=24616.156..24616.156 rows=14835720 loops=1)
        Buckets: 131072  Batches: 256  Memory Usage: 3268kB
        ->  Hash Join  (cost=102767.86..776690.81 rows=14739122 width=8) (actual time=1911.032..20478.865 rows=14835720 loops=1)
              Hash Cond: (mi.movie_id = t.id)
              ->  Seq Scan on movie_info mi  (cost=0.00..309384.22 rows=14739122 width=4) (actual time=0.019..6024.126 rows=14835720 loops=1)
              ->  Hash  (cost=61283.27..61283.27 rows=2528527 width=4) (actual time=1910.053..1910.053 rows=2528312 loops=1)
                    Buckets: 131072  Batches: 64  Memory Usage: 2425kB
                    ->  Seq Scan on title t  (cost=0.00..61283.27 rows=2528527 width=4) (actual time=0.009..1074.041 rows=2528312 loops=1)
Planning time: 0.743 ms
Execution time: 121560.243 ms
