Hash Join  (cost=77354.40..205966.28 rows=312062 width=0) (actual time=1798.710..4961.164 rows=289872 loops=1)
  Hash Cond: (mk.movie_id = t.id)
  ->  Seq Scan on movie_keyword mk  (cost=0.00..81003.12 rows=3776834 width=4) (actual time=0.013..1701.563 rows=3768339 loops=1)
        Filter: (keyword_id > 687)
        Rows Removed by Filter: 755591
  ->  Hash  (cost=73925.90..73925.90 rows=208920 width=4) (actual time=1797.414..1797.414 rows=183835 loops=1)
        Buckets: 131072  Batches: 4  Memory Usage: 2655kB
        ->  Seq Scan on title t  (cost=0.00..73925.90 rows=208920 width=4) (actual time=0.018..1112.190 rows=183835 loops=1)
              Filter: ((kind_id < 7) AND (production_year > 2009))
              Rows Removed by Filter: 2344477
Planning time: 0.735 ms
Execution time: 4999.600 ms
