Hash Join  (cost=73946.92..824976.91 rows=24083 width=0) (actual time=685.391..15960.947 rows=26870 loops=1)
  Hash Cond: (ci.movie_id = t.id)
  ->  Seq Scan on cast_info ci  (cost=0.00..614943.12 rows=36225612 width=4) (actual time=0.011..8010.455 rows=36244344 loops=1)
  ->  Hash  (cost=73925.90..73925.90 rows=1681 width=4) (actual time=685.089..685.089 rows=2018 loops=1)
        Buckets: 2048  Batches: 1  Memory Usage: 87kB
        ->  Seq Scan on title t  (cost=0.00..73925.90 rows=1681 width=4) (actual time=0.063..684.013 rows=2018 loops=1)
              Filter: ((kind_id = 2) AND (production_year = 1998))
              Rows Removed by Filter: 2526294
Planning time: 8.940 ms
Execution time: 15967.756 ms
