Seq Scan on movie_keyword mk  (cost=0.00..81003.12 rows=1540875 width=0) (actual time=0.014..1395.214 rows=1555373 loops=1)
  Filter: (keyword_id > 10126)
  Rows Removed by Filter: 2968557
Planning time: 0.293 ms
Execution time: 1583.382 ms
