Hash Join  (cost=111622.37..235766.48 rows=175808 width=0) (actual time=2315.862..5214.506 rows=305628 loops=1)
  Hash Cond: (mk.movie_id = t.id)
  ->  Seq Scan on movie_keyword mk  (cost=0.00..69693.30 rows=4523930 width=4) (actual time=0.026..1461.984 rows=4523930 loops=1)
  ->  Hash  (cost=110010.08..110010.08 rows=98263 width=8) (actual time=2314.921..2314.921 rows=64063 loops=1)
        Buckets: 131072  Batches: 2  Memory Usage: 2278kB
        ->  Hash Join  (cost=76379.89..110010.08 rows=98263 width=8) (actual time=1397.392..2290.072 rows=64063 loops=1)
              Hash Cond: (mi_idx.movie_id = t.id)
              ->  Seq Scan on movie_info_idx mi_idx  (cost=0.00..25185.44 rows=464566 width=4) (actual time=0.010..551.911 rows=459925 loops=1)
                    Filter: (info_type_id = 101)
                    Rows Removed by Filter: 920110
              ->  Hash  (cost=67604.59..67604.59 rows=534824 width=4) (actual time=1396.387..1396.387 rows=533369 loops=1)
                    Buckets: 131072  Batches: 8  Memory Usage: 3369kB
                    ->  Seq Scan on title t  (cost=0.00..67604.59 rows=534824 width=4) (actual time=0.026..1091.965 rows=533369 loops=1)
                          Filter: (production_year > 2009)
                          Rows Removed by Filter: 1994943
Planning time: 2.968 ms
Execution time: 5254.741 ms
