Hash Join  (cost=83073.10..137739.29 rows=67 width=0) (actual time=1104.702..2078.529 rows=276 loops=1)
  Hash Cond: (mc.movie_id = t.id)
  ->  Seq Scan on movie_companies mc  (cost=0.00..44881.29 rows=2609129 width=4) (actual time=0.013..537.547 rows=2609129 loops=1)
  ->  Hash  (cost=83072.29..83072.29 rows=65 width=8) (actual time=1104.454..1104.454 rows=28 loops=1)
        Buckets: 1024  Batches: 1  Memory Usage: 10kB
        ->  Nested Loop  (cost=0.43..83072.29 rows=65 width=8) (actual time=180.131..1104.383 rows=28 loops=1)
              ->  Seq Scan on movie_keyword mk  (cost=0.00..81003.12 rows=246 width=4) (actual time=19.480..1086.199 rows=50 loops=1)
                    Filter: (keyword_id = 17688)
                    Rows Removed by Filter: 4523880
              ->  Index Scan using title_pkey on title t  (cost=0.43..8.40 rows=1 width=4) (actual time=0.358..0.358 rows=1 loops=50)
                    Index Cond: (id = mk.movie_id)
                    Filter: (kind_id < 2)
                    Rows Removed by Filter: 0
Planning time: 0.745 ms
Execution time: 2078.730 ms
