Hash Join  (cost=92883.59..841322.55 rows=1189702 width=0) (actual time=1895.344..14823.501 rows=1093255 loops=1)
  Hash Cond: (ci.movie_id = t.id)
  ->  Seq Scan on cast_info ci  (cost=0.00..705507.15 rows=1952359 width=4) (actual time=134.388..11558.693 rows=1896341 loops=1)
        Filter: (person_id < 186641)
        Rows Removed by Filter: 34348003
  ->  Hash  (cost=67604.59..67604.59 rows=1540800 width=4) (actual time=1760.028..1760.028 rows=1543264 loops=1)
        Buckets: 131072  Batches: 32  Memory Usage: 2722kB
        ->  Seq Scan on title t  (cost=0.00..67604.59 rows=1540800 width=4) (actual time=0.034..1177.056 rows=1543264 loops=1)
              Filter: (kind_id = 7)
              Rows Removed by Filter: 985048
Planning time: 0.473 ms
Execution time: 14951.530 ms
