Hash Join  (cost=139396.02..504319.33 rows=26738 width=0) (actual time=2133.946..9231.519 rows=1483 loops=1)
  Hash Cond: (mi.movie_id = t.id)
  ->  Seq Scan on movie_info mi  (cost=0.00..309384.22 rows=14739122 width=4) (actual time=0.017..4386.928 rows=14835720 loops=1)
  ->  Hash  (cost=139338.68..139338.68 rows=4587 width=8) (actual time=2129.284..2129.284 rows=29 loops=1)
        Buckets: 8192  Batches: 1  Memory Usage: 66kB
        ->  Hash Join  (cost=78556.72..139338.68 rows=4587 width=8) (actual time=1289.611..2129.205 rows=29 loops=1)
              Hash Cond: (mc.movie_id = t.id)
              ->  Seq Scan on movie_companies mc  (cost=0.00..57926.93 rows=17374 width=4) (actual time=0.300..764.970 rows=619 loops=1)
                    Filter: ((company_id = 160) AND (company_type_id = 2))
                    Rows Removed by Filter: 2608510
              ->  Hash  (cost=67604.59..67604.59 rows=667531 width=4) (actual time=1252.767..1252.767 rows=662825 loops=1)
                    Buckets: 131072  Batches: 16  Memory Usage: 2476kB
                    ->  Seq Scan on title t  (cost=0.00..67604.59 rows=667531 width=4) (actual time=101.466..1034.781 rows=662825 loops=1)
                          Filter: (kind_id = 1)
                          Rows Removed by Filter: 1865487
Planning time: 1.134 ms
Execution time: 9232.103 ms
