Seq Scan on cast_info ci  (cost=0.00..796071.18 rows=19455608 width=0) (actual time=0.017..14490.008 rows=18693252 loops=1)
  Filter: ((person_id > 659164) AND (role_id < 4))
  Rows Removed by Filter: 17551092
Planning time: 0.214 ms
Execution time: 16664.038 ms
