Hash Join  (cost=58375.58..85303.18 rows=4 width=0) (actual time=935.343..1530.230 rows=276 loops=1)
  Hash Cond: (mi_idx.movie_id = t.id)
  ->  Seq Scan on movie_info_idx mi_idx  (cost=0.00..25185.44 rows=464566 width=4) (actual time=0.022..531.338 rows=459925 loops=1)
        Filter: (info_type_id = 101)
        Rows Removed by Filter: 920110
  ->  Hash  (cost=58375.31..58375.31 rows=21 width=8) (actual time=931.953..931.953 rows=302 loops=1)
        Buckets: 1024  Batches: 1  Memory Usage: 20kB
        ->  Nested Loop  (cost=0.43..58375.31 rows=21 width=8) (actual time=12.489..931.737 rows=302 loops=1)
              ->  Seq Scan on movie_companies mc  (cost=0.00..57926.93 rows=53 width=4) (actual time=12.425..874.689 rows=1801 loops=1)
                    Filter: ((company_type_id > 1) AND (company_id = 436))
                    Rows Removed by Filter: 2607328
              ->  Index Scan using title_pkey on title t  (cost=0.43..8.45 rows=1 width=4) (actual time=0.031..0.031 rows=0 loops=1801)
                    Index Cond: (id = mc.movie_id)
                    Filter: (kind_id < 7)
                    Rows Removed by Filter: 1
Planning time: 1.161 ms
Execution time: 1530.504 ms
