Hash Join  (cost=119103.65..243591.40 rows=203971 width=0) (actual time=2159.698..5211.970 rows=1406804 loops=1)
  Hash Cond: (mk.movie_id = t.id)
  ->  Seq Scan on movie_keyword mk  (cost=0.00..69693.30 rows=4523930 width=4) (actual time=0.021..1438.244 rows=4523930 loops=1)
  ->  Hash  (cost=117232.60..117232.60 rows=114004 width=8) (actual time=2158.871..2158.871 rows=143382 loops=1)
        Buckets: 131072  Batches: 2  Memory Usage: 3831kB
        ->  Hash Join  (cost=79094.49..117232.60 rows=114004 width=8) (actual time=1142.440..2111.526 rows=143382 loops=1)
              Hash Cond: (mi_idx.movie_id = t.id)
              ->  Seq Scan on movie_info_idx mi_idx  (cost=0.00..25185.44 rows=915101 width=4) (actual time=0.014..495.516 rows=919850 loops=1)
                    Filter: (info_type_id < 101)
                    Rows Removed by Filter: 460185
              ->  Hash  (cost=73925.90..73925.90 rows=315007 width=4) (actual time=1137.386..1137.386 rows=244789 loops=1)
                    Buckets: 131072  Batches: 8  Memory Usage: 2099kB
                    ->  Seq Scan on title t  (cost=0.00..73925.90 rows=315007 width=4) (actual time=54.997..1060.816 rows=244789 loops=1)
                          Filter: ((production_year > 2003) AND (kind_id = 1))
                          Rows Removed by Filter: 2283523
Planning time: 1.719 ms
Execution time: 5367.875 ms
