Seq Scan on movie_keyword mk  (cost=0.00..81003.12 rows=246 width=0) (actual time=7.157..1288.955 rows=15 loops=1)
  Filter: (keyword_id = 12096)
  Rows Removed by Filter: 4523915
Planning time: 0.400 ms
Execution time: 1289.071 ms
