Seq Scan on movie_keyword mk  (cost=0.00..81003.12 rows=246 width=0) (actual time=0.214..1237.534 rows=52 loops=1)
  Filter: (keyword_id = 14807)
  Rows Removed by Filter: 4523878
Planning time: 1.862 ms
Execution time: 1237.670 ms
