Seq Scan on cast_info ci  (cost=0.00..796071.18 rows=6287618 width=0) (actual time=595.897..11924.993 rows=2558824 loops=1)
  Filter: ((person_id > 2836578) AND (role_id < 5))
  Rows Removed by Filter: 33685520
Planning time: 0.337 ms
Execution time: 12203.494 ms
