Seq Scan on movie_keyword mk  (cost=0.00..81003.12 rows=246 width=0) (actual time=3.302..1233.963 rows=394 loops=1)
  Filter: (keyword_id = 11549)
  Rows Removed by Filter: 4523536
Planning time: 0.270 ms
Execution time: 1234.259 ms
