Seq Scan on movie_keyword mk  (cost=0.00..81003.12 rows=3942056 width=0) (actual time=0.031..1588.935 rows=3944211 loops=1)
  Filter: (keyword_id < 31639)
  Rows Removed by Filter: 579719
Planning time: 0.341 ms
Execution time: 2082.744 ms
