Hash Join  (cost=315481.38..1719930.48 rows=31506105 width=0) (actual time=7220.989..62276.109 rows=103395945 loops=1)
  Hash Cond: (ci.movie_id = t.id)
  ->  Seq Scan on cast_info ci  (cost=0.00..705507.15 rows=26461904 width=4) (actual time=0.025..16139.789 rows=26506006 loops=1)
        Filter: (person_id < 2736141)
        Rows Removed by Filter: 9738338
  ->  Hash  (cost=266089.90..266089.90 rows=3010518 width=8) (actual time=7219.568..7219.568 rows=2996518 loops=1)
        Buckets: 131072  Batches: 64  Memory Usage: 2880kB
        ->  Hash Join  (cost=102767.86..266089.90 rows=3010518 width=8) (actual time=1943.950..6367.010 rows=2996518 loops=1)
              Hash Cond: (mk.movie_id = t.id)
              ->  Seq Scan on movie_keyword mk  (cost=0.00..81003.12 rows=3010518 width=4) (actual time=0.025..1757.717 rows=2996518 loops=1)
                    Filter: (keyword_id > 2215)
                    Rows Removed by Filter: 1527412
              ->  Hash  (cost=61283.27..61283.27 rows=2528527 width=4) (actual time=1940.964..1940.964 rows=2528312 loops=1)
                    Buckets: 131072  Batches: 64  Memory Usage: 2425kB
                    ->  Seq Scan on title t  (cost=0.00..61283.27 rows=2528527 width=4) (actual time=0.024..1100.819 rows=2528312 loops=1)
Planning time: 1.097 ms
Execution time: 73780.099 ms
