Hash Join  (cost=141820.76..223623.30 rows=489803 width=0) (actual time=3347.921..6362.533 rows=3063146 loops=1)
  Hash Cond: (mc.movie_id = t.id)
  ->  Seq Scan on movie_companies mc  (cost=0.00..44881.29 rows=2609129 width=4) (actual time=0.023..899.524 rows=2609129 loops=1)
  ->  Hash  (cost=134032.37..134032.37 rows=474671 width=8) (actual time=3346.965..3346.965 rows=915677 loops=1)
        Buckets: 131072 (originally 131072)  Batches: 16 (originally 8)  Memory Usage: 3265kB
        ->  Hash Join  (cost=88195.18..134032.37 rows=474671 width=8) (actual time=1539.998..3074.731 rows=915677 loops=1)
              Hash Cond: (mi_idx.movie_id = t.id)
              ->  Seq Scan on movie_info_idx mi_idx  (cost=0.00..21735.35 rows=1380035 width=4) (actual time=0.021..468.650 rows=1380035 loops=1)
              ->  Hash  (cost=73925.90..73925.90 rows=869702 width=4) (actual time=1539.129..1539.129 rows=896788 loops=1)
                    Buckets: 131072  Batches: 16  Memory Usage: 2998kB
                    ->  Seq Scan on title t  (cost=0.00..73925.90 rows=869702 width=4) (actual time=0.022..1265.911 rows=896788 loops=1)
                          Filter: ((kind_id < 7) AND (production_year < 2012))
                          Rows Removed by Filter: 1631524
Planning time: 1.242 ms
Execution time: 6719.837 ms
