Hash Join  (cost=78306.32..148491.23 rows=93839 width=0) (actual time=2063.760..3143.469 rows=41686 loops=1)
  Hash Cond: (mc.movie_id = t.id)
  ->  Seq Scan on movie_companies mc  (cost=0.00..57926.93 rows=888689 width=4) (actual time=0.405..1073.868 rows=567775 loops=1)
        Filter: ((company_id < 23484) AND (company_type_id = 2))
        Rows Removed by Filter: 2041354
  ->  Hash  (cost=73925.90..73925.90 rows=266993 width=4) (actual time=1780.988..1780.988 rows=216282 loops=1)
        Buckets: 131072  Batches: 4  Memory Usage: 2928kB
        ->  Seq Scan on title t  (cost=0.00..73925.90 rows=266993 width=4) (actual time=383.554..1084.619 rows=216282 loops=1)
              Filter: ((production_year > 2005) AND (kind_id = 1))
              Rows Removed by Filter: 2312030
Planning time: 0.733 ms
Execution time: 3149.222 ms
