Hash Join  (cost=74809.10..101824.41 rows=12690 width=0) (actual time=953.927..1550.915 rows=12120 loops=1)
  Hash Cond: (mi_idx.movie_id = t.id)
  ->  Seq Scan on movie_info_idx mi_idx  (cost=0.00..25185.44 rows=454124 width=4) (actual time=0.027..441.047 rows=459925 loops=1)
        Filter: (info_type_id = 100)
        Rows Removed by Filter: 920110
  ->  Hash  (cost=73925.90..73925.90 rows=70656 width=4) (actual time=953.221..953.221 rows=79548 loops=1)
        Buckets: 131072  Batches: 1  Memory Usage: 3821kB
        ->  Seq Scan on title t  (cost=0.00..73925.90 rows=70656 width=4) (actual time=0.031..926.437 rows=79548 loops=1)
              Filter: ((kind_id > 1) AND (production_year = 2005))
              Rows Removed by Filter: 2448764
Planning time: 0.649 ms
Execution time: 1553.162 ms
