Nested Loop  (cost=0.43..83072.90 rows=1 width=0) (actual time=375.044..1288.255 rows=4 loops=1)
  ->  Seq Scan on movie_keyword mk  (cost=0.00..81003.12 rows=246 width=4) (actual time=18.286..1280.228 rows=219 loops=1)
        Filter: (keyword_id = 2170)
        Rows Removed by Filter: 4523711
  ->  Index Scan using title_pkey on title t  (cost=0.43..8.40 rows=1 width=4) (actual time=0.034..0.034 rows=0 loops=219)
        Index Cond: (id = mk.movie_id)
        Filter: ((kind_id = 1) AND (production_year = 1987))
        Rows Removed by Filter: 1
Planning time: 3.641 ms
Execution time: 1288.386 ms
