Hash Join  (cost=144551.44..1193819.02 rows=1505342 width=0) (actual time=2597.840..29664.773 rows=4130113 loops=1)
  Hash Cond: (ci.movie_id = t.id)
  ->  Seq Scan on cast_info ci  (cost=0.00..614943.12 rows=36225612 width=4) (actual time=0.011..12834.395 rows=36244344 loops=1)
  ->  Hash  (cost=142827.04..142827.04 rows=105072 width=8) (actual time=2597.067..2597.067 rows=53278 loops=1)
        Buckets: 131072  Batches: 2  Memory Usage: 2058kB
        ->  Hash Join  (cost=78724.21..142827.04 rows=105072 width=8) (actual time=1124.789..2578.339 rows=53278 loops=1)
              Hash Cond: (mc.movie_id = t.id)
              ->  Seq Scan on movie_companies mc  (cost=0.00..51404.11 rows=908533 width=4) (actual time=0.026..1019.733 rows=907279 loops=1)
                    Filter: (company_id < 2986)
                    Rows Removed by Filter: 1701850
              ->  Hash  (cost=73925.90..73925.90 rows=292424 width=4) (actual time=1123.991..1123.991 rows=231739 loops=1)
                    Buckets: 131072  Batches: 4  Memory Usage: 3067kB
                    ->  Seq Scan on title t  (cost=0.00..73925.90 rows=292424 width=4) (actual time=0.024..1048.083 rows=231739 loops=1)
                          Filter: ((production_year > 2004) AND (kind_id = 1))
                          Rows Removed by Filter: 2296573
Planning time: 1.125 ms
Execution time: 30189.250 ms
