Hash Join  (cost=160823.02..958055.81 rows=116168 width=0) (actual time=2832.021..19513.599 rows=234535 loops=1)
  Hash Cond: (ci.movie_id = t.id)
  ->  Seq Scan on cast_info ci  (cost=0.00..614943.12 rows=36225612 width=4) (actual time=0.023..8805.039 rows=36244344 loops=1)
  ->  Hash  (cost=160721.67..160721.67 rows=8108 width=8) (actual time=2831.714..2831.714 rows=7521 loops=1)
        Buckets: 8192  Batches: 1  Memory Usage: 358kB
        ->  Hash Join  (cost=73982.55..160721.67 rows=8108 width=8) (actual time=2381.942..2829.148 rows=7521 loops=1)
              Hash Cond: (mk.movie_id = t.id)
              ->  Seq Scan on movie_keyword mk  (cost=0.00..69693.30 rows=4523930 width=4) (actual time=0.015..945.495 rows=4523930 loops=1)
              ->  Hash  (cost=73925.90..73925.90 rows=4532 width=4) (actual time=1002.299..1002.299 rows=14720 loops=1)
                    Buckets: 16384 (originally 8192)  Batches: 1 (originally 1)  Memory Usage: 646kB
                    ->  Seq Scan on title t  (cost=0.00..73925.90 rows=4532 width=4) (actual time=262.520..995.876 rows=14720 loops=1)
                          Filter: ((kind_id = 7) AND (production_year = 1992))
                          Rows Removed by Filter: 2513592
Planning time: 1.133 ms
Execution time: 19546.281 ms
