Seq Scan on movie_keyword mk  (cost=0.00..81003.12 rows=2757432 width=0) (actual time=0.027..1447.610 rows=2752300 loops=1)
  Filter: (keyword_id < 7825)
  Rows Removed by Filter: 1771630
Planning time: 2.521 ms
Execution time: 1781.464 ms
