Hash Join  (cost=177166.22..233943.18 rows=38679 width=0) (actual time=3161.084..4736.264 rows=395782 loops=1)
  Hash Cond: (mc.movie_id = t.id)
  ->  Seq Scan on movie_companies mc  (cost=0.00..51404.11 rows=1329612 width=4) (actual time=0.025..928.563 rows=1334883 loops=1)
        Filter: (company_type_id = 2)
        Rows Removed by Filter: 1274246
  ->  Hash  (cost=176246.76..176246.76 rows=73557 width=8) (actual time=3160.190..3160.190 rows=169875 loops=1)
        Buckets: 131072 (originally 131072)  Batches: 4 (originally 1)  Memory Usage: 3073kB
        ->  Hash Join  (cost=88608.73..176246.76 rows=73557 width=8) (actual time=1599.835..3107.914 rows=169875 loops=1)
              Hash Cond: (mk.movie_id = t.id)
              ->  Seq Scan on movie_keyword mk  (cost=0.00..81003.12 rows=207823 width=4) (actual time=0.035..1261.010 rows=209656 loops=1)
                    Filter: (keyword_id > 66739)
                    Rows Removed by Filter: 4314274
              ->  Hash  (cost=73925.90..73925.90 rows=894946 width=4) (actual time=1598.930..1598.930 rows=810098 loops=1)
                    Buckets: 131072  Batches: 16  Memory Usage: 2815kB
                    ->  Seq Scan on title t  (cost=0.00..73925.90 rows=894946 width=4) (actual time=0.018..1332.772 rows=810098 loops=1)
                          Filter: ((kind_id < 7) AND (production_year > 1951))
                          Rows Removed by Filter: 1718214
Planning time: 2.437 ms
Execution time: 4785.248 ms
