Seq Scan on title t  (cost=0.00..73925.90 rows=578794 width=0) (actual time=401.562..1166.929 rows=457365 loops=1)
  Filter: ((production_year > 1962) AND (kind_id = 1))
  Rows Removed by Filter: 2070947
Planning time: 0.380 ms
Execution time: 1225.581 ms
