Hash Join  (cost=145237.38..965650.48 rows=236333 width=0) (actual time=3195.600..15467.270 rows=833475 loops=1)
  Hash Cond: (ci.movie_id = t.id)
  ->  Seq Scan on cast_info ci  (cost=0.00..796071.18 rows=1787889 width=4) (actual time=0.018..10019.465 rows=2803479 loops=1)
        Filter: ((person_id > 3530634) AND (role_id > 1))
        Rows Removed by Filter: 33440865
  ->  Hash  (cost=139753.44..139753.44 rows=334235 width=8) (actual time=3194.714..3194.714 rows=250045 loops=1)
        Buckets: 131072  Batches: 8  Memory Usage: 2248kB
        ->  Hash Join  (cost=98137.04..139753.44 rows=334235 width=8) (actual time=1941.895..3113.379 rows=250045 loops=1)
              Hash Cond: (mi_idx.movie_id = t.id)
              ->  Seq Scan on movie_info_idx mi_idx  (cost=0.00..25185.44 rows=454124 width=4) (actual time=0.039..515.824 rows=459925 loops=1)
                    Filter: (info_type_id = 100)
                    Rows Removed by Filter: 920110
              ->  Hash  (cost=67604.59..67604.59 rows=1860996 width=4) (actual time=1940.766..1940.766 rows=1865487 loops=1)
                    Buckets: 131072  Batches: 32  Memory Usage: 3079kB
                    ->  Seq Scan on title t  (cost=0.00..67604.59 rows=1860996 width=4) (actual time=0.017..1331.751 rows=1865487 loops=1)
                          Filter: (kind_id > 1)
                          Rows Removed by Filter: 662825
Planning time: 1.851 ms
Execution time: 15572.209 ms
