Hash Join  (cost=555450.64..1335975.46 rows=721087 width=0) (actual time=18602.744..28013.083 rows=5686696 loops=1)
  Hash Cond: (ci.movie_id = t.id)
  ->  Seq Scan on cast_info ci  (cost=0.00..705507.15 rows=4320508 width=4) (actual time=6143.864..12261.160 rows=4323018 loops=1)
        Filter: (role_id = 10)
        Rows Removed by Filter: 31921326
  ->  Hash  (cost=548526.55..548526.55 rows=422007 width=8) (actual time=12456.984..12456.984 rows=401084 loops=1)
        Buckets: 131072  Batches: 8  Memory Usage: 3097kB
        ->  Hash Join  (cost=69179.59..548526.55 rows=422007 width=8) (actual time=1100.460..11070.185 rows=401084 loops=1)
              Hash Cond: (mi.movie_id = t.id)
              ->  Seq Scan on movie_info mi  (cost=0.00..346232.03 rows=11115165 width=4) (actual time=0.036..6157.474 rows=11210743 loops=1)
                    Filter: (info_type_id > 3)
                    Rows Removed by Filter: 3624977
              ->  Hash  (cost=67604.59..67604.59 rows=96000 width=4) (actual time=1099.485..1099.485 rows=95005 loops=1)
                    Buckets: 131072  Batches: 2  Memory Usage: 2722kB
                    ->  Seq Scan on title t  (cost=0.00..67604.59 rows=96000 width=4) (actual time=0.021..1060.750 rows=95005 loops=1)
                          Filter: (production_year = 2005)
                          Rows Removed by Filter: 2433307
Planning time: 1.163 ms
Execution time: 28599.115 ms
