Seq Scan on movie_keyword mk  (cost=0.00..81003.12 rows=3019775 width=0) (actual time=0.027..1573.661 rows=3001274 loops=1)
  Filter: (keyword_id < 10563)
  Rows Removed by Filter: 1522656
Planning time: 0.311 ms
Execution time: 1948.643 ms
