Hash Join  (cost=1124605.66..1964132.81 rows=26467620 width=0) (actual time=24604.228..60435.562 rows=81739322 loops=1)
  Hash Cond: (mi.movie_id = t.id)
  ->  Seq Scan on movie_info mi  (cost=0.00..346232.03 rows=12545135 width=4) (actual time=297.473..7543.904 rows=12601870 loops=1)
        Filter: (info_type_id < 17)
        Rows Removed by Filter: 2233850
  ->  Hash  (cost=1037083.34..1037083.34 rows=5334665 width=8) (actual time=24301.164..24301.164 rows=5567772 loops=1)
        Buckets: 131072  Batches: 128  Memory Usage: 2761kB
        ->  Hash Join  (cost=102767.86..1037083.34 rows=5334665 width=8) (actual time=14311.525..22705.540 rows=5567772 loops=1)
              Hash Cond: (ci.movie_id = t.id)
              ->  Seq Scan on cast_info ci  (cost=0.00..796071.18 rows=5334665 width=4) (actual time=12372.951..15994.589 rows=5567772 loops=1)
                    Filter: ((person_id > 286421) AND (role_id > 8))
                    Rows Removed by Filter: 30676572
              ->  Hash  (cost=61283.27..61283.27 rows=2528527 width=4) (actual time=1937.184..1937.184 rows=2528312 loops=1)
                    Buckets: 131072  Batches: 64  Memory Usage: 2415kB
                    ->  Seq Scan on title t  (cost=0.00..61283.27 rows=2528527 width=4) (actual time=0.020..1115.396 rows=2528312 loops=1)
Planning time: 1.866 ms
Execution time: 69535.186 ms
