Hash Join  (cost=83074.74..833899.15 rows=3524 width=0) (actual time=1479.579..18508.094 rows=293538 loops=1)
  Hash Cond: (ci.movie_id = t.id)
  ->  Seq Scan on cast_info ci  (cost=0.00..614943.12 rows=36225612 width=4) (actual time=0.019..8946.701 rows=36244344 loops=1)
  ->  Hash  (cost=83071.67..83071.67 rows=246 width=8) (actual time=1479.425..1479.425 rows=5916 loops=1)
        Buckets: 8192 (originally 1024)  Batches: 1 (originally 1)  Memory Usage: 296kB
        ->  Nested Loop  (cost=0.43..83071.67 rows=246 width=8) (actual time=0.554..1475.714 rows=5916 loops=1)
              ->  Seq Scan on movie_keyword mk  (cost=0.00..81003.12 rows=246 width=4) (actual time=0.494..1259.690 rows=5916 loops=1)
                    Filter: (keyword_id = 807)
                    Rows Removed by Filter: 4518014
              ->  Index Only Scan using title_pkey on title t  (cost=0.43..8.40 rows=1 width=4) (actual time=0.035..0.036 rows=1 loops=5916)
                    Index Cond: (id = mk.movie_id)
                    Heap Fetches: 5916
Planning time: 1.127 ms
Execution time: 18558.150 ms
