Hash Join  (cost=123028.54..1062713.70 rows=835806 width=0) (actual time=3092.744..24471.997 rows=3248301 loops=1)
  Hash Cond: (ci.movie_id = t.id)
  ->  Seq Scan on cast_info ci  (cost=0.00..796071.18 rows=11636239 width=4) (actual time=431.361..14767.750 rows=12751188 loops=1)
        Filter: ((person_id < 1313882) AND (role_id < 10))
        Rows Removed by Filter: 23493156
  ->  Hash  (cost=120048.30..120048.30 rows=181619 width=8) (actual time=2653.232..2653.232 rows=318279 loops=1)
        Buckets: 131072 (originally 131072)  Batches: 8 (originally 4)  Memory Usage: 3073kB
        ->  Hash Join  (cost=83810.17..120048.30 rows=181619 width=8) (actual time=1577.962..2554.551 rows=318279 loops=1)
              Hash Cond: (mi_idx.movie_id = t.id)
              ->  Seq Scan on movie_info_idx mi_idx  (cost=0.00..25185.44 rows=464934 width=4) (actual time=0.030..466.832 rows=460185 loops=1)
                    Filter: (info_type_id > 100)
                    Rows Removed by Filter: 919850
              ->  Hash  (cost=67604.59..67604.59 rows=987727 width=4) (actual time=1577.171..1577.171 rows=985048 loops=1)
                    Buckets: 131072  Batches: 16  Memory Usage: 3188kB
                    ->  Seq Scan on title t  (cost=0.00..67604.59 rows=987727 width=4) (actual time=0.016..1267.783 rows=985048 loops=1)
                          Filter: (kind_id < 7)
                          Rows Removed by Filter: 1543264
Planning time: 1.308 ms
Execution time: 24864.689 ms
