Hash Join  (cost=164477.82..665200.72 rows=1960297 width=0) (actual time=3426.954..16950.924 rows=1066321 loops=1)
  Hash Cond: (mi.movie_id = t.id)
  ->  Seq Scan on movie_info mi  (cost=0.00..309384.22 rows=14739122 width=4) (actual time=0.003..6065.899 rows=14835720 loops=1)
  ->  Hash  (cost=158960.16..158960.16 rows=336293 width=8) (actual time=3425.893..3425.893 rows=145467 loops=1)
        Buckets: 131072  Batches: 8  Memory Usage: 1737kB
        ->  Hash Join  (cost=79273.71..158960.16 rows=336293 width=8) (actual time=1752.902..3389.525 rows=145467 loops=1)
              Hash Cond: (mc.movie_id = t.id)
              ->  Seq Scan on movie_companies mc  (cost=0.00..44881.29 rows=2609129 width=4) (actual time=0.023..1007.673 rows=2609129 loops=1)
              ->  Hash  (cost=73925.90..73925.90 rows=325904 width=4) (actual time=1295.520..1295.520 rows=349534 loops=1)
                    Buckets: 131072  Batches: 8  Memory Usage: 2566kB
                    ->  Seq Scan on title t  (cost=0.00..73925.90 rows=325904 width=4) (actual time=0.027..1184.741 rows=349534 loops=1)
                          Filter: ((production_year > 2009) AND (kind_id = 7))
                          Rows Removed by Filter: 2178778
Planning time: 1.130 ms
Execution time: 17065.170 ms
