Nested Loop  (cost=0.43..83071.67 rows=246 width=0) (actual time=0.228..1362.725 rows=923 loops=1)
  ->  Seq Scan on movie_keyword mk  (cost=0.00..81003.12 rows=246 width=4) (actual time=0.169..1315.514 rows=923 loops=1)
        Filter: (keyword_id = 5961)
        Rows Removed by Filter: 4523007
  ->  Index Only Scan using title_pkey on title t  (cost=0.43..8.40 rows=1 width=4) (actual time=0.049..0.050 rows=1 loops=923)
        Index Cond: (id = mk.movie_id)
        Heap Fetches: 923
Planning time: 0.789 ms
Execution time: 1363.187 ms
