Hash Join  (cost=937485.58..1074983.21 rows=1271859 width=0) (actual time=15967.502..23763.947 rows=20522066 loops=1)
  Hash Cond: (mk.movie_id = t.id)
  ->  Seq Scan on movie_keyword mk  (cost=0.00..69693.30 rows=4523930 width=4) (actual time=0.020..1398.447 rows=4523930 loops=1)
  ->  Hash  (cost=925822.69..925822.69 rows=710871 width=8) (actual time=15966.000..15966.000 rows=1601125 loops=1)
        Buckets: 131072 (originally 131072)  Batches: 32 (originally 16)  Memory Usage: 3073kB
        ->  Hash Join  (cost=102767.86..925822.69 rows=710871 width=8) (actual time=5582.277..15512.752 rows=1601125 loops=1)
              Hash Cond: (ci.movie_id = t.id)
              ->  Seq Scan on cast_info ci  (cost=0.00..796071.18 rows=710871 width=4) (actual time=3677.697..11952.667 rows=1601125 loops=1)
                    Filter: ((person_id > 3744918) AND (role_id > 2))
                    Rows Removed by Filter: 34643219
              ->  Hash  (cost=61283.27..61283.27 rows=2528527 width=4) (actual time=1903.648..1903.648 rows=2528312 loops=1)
                    Buckets: 131072  Batches: 64  Memory Usage: 2415kB
                    ->  Seq Scan on title t  (cost=0.00..61283.27 rows=2528527 width=4) (actual time=0.013..1061.432 rows=2528312 loops=1)
Planning time: 0.993 ms
Execution time: 25864.667 ms
