Seq Scan on cast_info ci  (cost=0.00..705507.15 rows=11060197 width=0) (actual time=4115.578..12239.738 rows=11050865 loops=1)
  Filter: (person_id > 2598348)
  Rows Removed by Filter: 25193479
Planning time: 0.266 ms
Execution time: 13598.421 ms
