Hash Join  (cost=74401.58..161740.47 rows=68085 width=0) (actual time=1105.443..3125.078 rows=118344 loops=1)
  Hash Cond: (mk.movie_id = t.id)
  ->  Seq Scan on movie_keyword mk  (cost=0.00..69693.30 rows=4523930 width=4) (actual time=0.015..1139.226 rows=4523930 loops=1)
  ->  Hash  (cost=73925.90..73925.90 rows=38054 width=4) (actual time=1100.270..1100.270 rows=26139 loops=1)
        Buckets: 65536  Batches: 1  Memory Usage: 1431kB
        ->  Seq Scan on title t  (cost=0.00..73925.90 rows=38054 width=4) (actual time=0.147..1088.934 rows=26139 loops=1)
              Filter: ((kind_id < 3) AND (production_year = 2008))
              Rows Removed by Filter: 2502173
Planning time: 0.731 ms
Execution time: 3140.699 ms
