Nested Loop  (cost=0.43..83072.29 rows=23 width=0) (actual time=419.953..1338.006 rows=5 loops=1)
  ->  Seq Scan on movie_keyword mk  (cost=0.00..81003.12 rows=246 width=4) (actual time=2.240..1323.928 rows=297 loops=1)
        Filter: (keyword_id = 1724)
        Rows Removed by Filter: 4523633
  ->  Index Scan using title_pkey on title t  (cost=0.43..8.40 rows=1 width=4) (actual time=0.045..0.045 rows=0 loops=297)
        Index Cond: (id = mk.movie_id)
        Filter: (production_year > 2011)
        Rows Removed by Filter: 1
Planning time: 0.707 ms
Execution time: 1338.118 ms
