Seq Scan on movie_keyword mk  (cost=0.00..81003.12 rows=2037429 width=0) (actual time=0.019..1368.934 rows=2043011 loops=1)
  Filter: (keyword_id > 6014)
  Rows Removed by Filter: 2480919
Planning time: 0.307 ms
Execution time: 1605.812 ms
