Hash Join  (cost=102767.86..910544.61 rows=75912 width=0) (actual time=2312.619..15867.811 rows=32031 loops=1)
  Hash Cond: (ci.movie_id = t.id)
  ->  Seq Scan on cast_info ci  (cost=0.00..796071.18 rows=75912 width=4) (actual time=104.005..12993.046 rows=32031 loops=1)
        Filter: ((person_id < 752326) AND (role_id > 10))
        Rows Removed by Filter: 36212313
  ->  Hash  (cost=61283.27..61283.27 rows=2528527 width=4) (actual time=2206.428..2206.428 rows=2528312 loops=1)
        Buckets: 131072  Batches: 64  Memory Usage: 2415kB
        ->  Seq Scan on title t  (cost=0.00..61283.27 rows=2528527 width=4) (actual time=0.019..1250.617 rows=2528312 loops=1)
Planning time: 0.701 ms
Execution time: 15871.566 ms
