Seq Scan on cast_info ci  (cost=0.00..796071.18 rows=482026 width=0) (actual time=2405.556..12807.770 rows=446147 loops=1)
  Filter: ((person_id < 969308) AND (role_id = 8))
  Rows Removed by Filter: 35798197
Planning time: 0.295 ms
Execution time: 12861.360 ms
