Hash Join  (cost=175188.29..310867.25 rows=1122592 width=0) (actual time=3700.880..7958.442 rows=3503145 loops=1)
  Hash Cond: (mk.movie_id = t.id)
  ->  Seq Scan on movie_keyword mk  (cost=0.00..69693.30 rows=4523930 width=4) (actual time=0.023..1459.197 rows=4523930 loops=1)
  ->  Hash  (cost=164894.27..164894.27 rows=627442 width=8) (actual time=3699.814..3699.814 rows=531102 loops=1)
        Buckets: 131072  Batches: 16  Memory Usage: 2324kB
        ->  Hash Join  (cost=87180.69..164894.27 rows=627442 width=8) (actual time=1514.810..3537.019 rows=531102 loops=1)
              Hash Cond: (mc.movie_id = t.id)
              ->  Seq Scan on movie_companies mc  (cost=0.00..51404.11 rows=1329612 width=4) (actual time=0.020..998.666 rows=1334883 loops=1)
                    Filter: (company_type_id > 1)
                    Rows Removed by Filter: 1274246
              ->  Hash  (cost=67604.59..67604.59 rows=1193208 width=4) (actual time=1513.934..1513.934 rows=1192518 loops=1)
                    Buckets: 131072  Batches: 16  Memory Usage: 3646kB
                    ->  Seq Scan on title t  (cost=0.00..67604.59 rows=1193208 width=4) (actual time=0.024..1155.651 rows=1192518 loops=1)
                          Filter: (production_year > 2003)
                          Rows Removed by Filter: 1335794
Planning time: 1.086 ms
Execution time: 8354.179 ms
