Hash Join  (cost=129697.66..216927.49 rows=57180 width=0) (actual time=2486.853..4143.748 rows=54572 loops=1)
  Hash Cond: (mk.movie_id = t.id)
  ->  Seq Scan on movie_keyword mk  (cost=0.00..69693.30 rows=4523930 width=4) (actual time=0.016..859.934 rows=4523930 loops=1)
  ->  Hash  (cost=129298.17..129298.17 rows=31959 width=8) (actual time=2486.573..2486.573 rows=14660 loops=1)
        Buckets: 32768  Batches: 1  Memory Usage: 829kB
        ->  Hash Join  (cost=74313.05..129298.17 rows=31959 width=8) (actual time=1143.129..2480.352 rows=14660 loops=1)
              Hash Cond: (mc.movie_id = t.id)
              ->  Seq Scan on movie_companies mc  (cost=0.00..44881.29 rows=2609129 width=4) (actual time=0.013..674.598 rows=2609129 loops=1)
              ->  Hash  (cost=73925.90..73925.90 rows=30972 width=4) (actual time=1141.810..1141.810 rows=35195 loops=1)
                    Buckets: 65536 (originally 32768)  Batches: 1 (originally 1)  Memory Usage: 1750kB
                    ->  Seq Scan on title t  (cost=0.00..73925.90 rows=30972 width=4) (actual time=3.790..1125.971 rows=35195 loops=1)
                          Filter: ((kind_id > 3) AND (production_year = 1998))
                          Rows Removed by Filter: 2493117
Planning time: 14.707 ms
Execution time: 4150.577 ms
