Nested Loop  (cost=0.43..83072.29 rows=84 width=0) (actual time=0.869..1382.308 rows=1113 loops=1)
  ->  Seq Scan on movie_keyword mk  (cost=0.00..81003.12 rows=246 width=4) (actual time=0.817..1304.075 rows=1300 loops=1)
        Filter: (keyword_id = 576)
        Rows Removed by Filter: 4522630
  ->  Index Scan using title_pkey on title t  (cost=0.43..8.40 rows=1 width=4) (actual time=0.059..0.059 rows=1 loops=1300)
        Index Cond: (id = mk.movie_id)
        Filter: (kind_id < 4)
        Rows Removed by Filter: 0
Planning time: 0.726 ms
Execution time: 1382.800 ms
