Seq Scan on movie_keyword mk  (cost=0.00..81003.12 rows=246 width=0) (actual time=2.144..1216.130 rows=155 loops=1)
  Filter: (keyword_id = 2793)
  Rows Removed by Filter: 4523775
Planning time: 0.366 ms
Execution time: 1216.344 ms
