Hash Join  (cost=102767.86..1115840.55 rows=8607724 width=0) (actual time=2005.036..18713.149 rows=3666871 loops=1)
  Hash Cond: (ci.movie_id = t.id)
  ->  Seq Scan on cast_info ci  (cost=0.00..796071.18 rows=8607724 width=4) (actual time=2.728..13356.565 rows=3666871 loops=1)
        Filter: ((person_id < 1305231) AND (role_id > 1))
        Rows Removed by Filter: 32577473
  ->  Hash  (cost=61283.27..61283.27 rows=2528527 width=4) (actual time=2000.950..2000.950 rows=2528312 loops=1)
        Buckets: 131072  Batches: 64  Memory Usage: 2415kB
        ->  Seq Scan on title t  (cost=0.00..61283.27 rows=2528527 width=4) (actual time=0.016..1149.088 rows=2528312 loops=1)
Planning time: 0.710 ms
Execution time: 19150.125 ms
