Hash Join  (cost=96691.43..151441.94 rows=8498 width=0) (actual time=1648.789..2764.474 rows=11166 loops=1)
  Hash Cond: (mc.movie_id = t.id)
  ->  Seq Scan on movie_companies mc  (cost=0.00..44881.29 rows=2609129 width=4) (actual time=0.012..642.509 rows=2609129 loops=1)
  ->  Hash  (cost=96588.48..96588.48 rows=8236 width=8) (actual time=1648.619..1648.619 rows=5376 loops=1)
        Buckets: 16384  Batches: 1  Memory Usage: 338kB
        ->  Hash Join  (cost=67889.05..96588.48 rows=8236 width=8) (actual time=1086.937..1646.782 rows=5376 loops=1)
              Hash Cond: (mi_idx.movie_id = t.id)
              ->  Seq Scan on movie_info_idx mi_idx  (cost=0.00..25185.44 rows=915101 width=4) (actual time=0.025..397.681 rows=919850 loops=1)
                    Filter: (info_type_id < 101)
                    Rows Removed by Filter: 460185
              ->  Hash  (cost=67604.59..67604.59 rows=22757 width=4) (actual time=1085.943..1085.943 rows=21091 loops=1)
                    Buckets: 32768  Batches: 1  Memory Usage: 998kB
                    ->  Seq Scan on title t  (cost=0.00..67604.59 rows=22757 width=4) (actual time=137.973..1077.404 rows=21091 loops=1)
                          Filter: (production_year < 1909)
                          Rows Removed by Filter: 2507221
Planning time: 1.111 ms
Execution time: 2766.398 ms
