Seq Scan on cast_info ci  (cost=0.00..705507.15 rows=22005112 width=0) (actual time=0.024..12622.847 rows=21864918 loops=1)
  Filter: (person_id < 2223656)
  Rows Removed by Filter: 14379426
Planning time: 0.324 ms
Execution time: 15360.025 ms
