Seq Scan on movie_keyword mk  (cost=0.00..81003.12 rows=246 width=0) (actual time=0.339..1182.208 rows=951 loops=1)
  Filter: (keyword_id = 3085)
  Rows Removed by Filter: 4522979
Planning time: 0.408 ms
Execution time: 1182.678 ms
