Hash Join  (cost=198408.96..1333443.20 rows=9854407 width=0) (actual time=3855.015..38238.037 rows=10778005 loops=1)
  Hash Cond: (ci.movie_id = t.id)
  ->  Seq Scan on cast_info ci  (cost=0.00..614943.12 rows=36225612 width=4) (actual time=0.018..13333.913 rows=36244344 loops=1)
  ->  Hash  (cost=187124.06..187124.06 rows=687832 width=8) (actual time=3851.642..3851.642 rows=437419 loops=1)
        Buckets: 131072  Batches: 16  Memory Usage: 2084kB
        ->  Hash Join  (cost=102767.86..187124.06 rows=687832 width=8) (actual time=2037.712..3727.781 rows=437419 loops=1)
              Hash Cond: (mc.movie_id = t.id)
              ->  Seq Scan on movie_companies mc  (cost=0.00..57926.93 rows=687832 width=4) (actual time=0.015..969.261 rows=437419 loops=1)
                    Filter: ((company_id < 11434) AND (company_type_id > 1))
                    Rows Removed by Filter: 2171710
              ->  Hash  (cost=61283.27..61283.27 rows=2528527 width=4) (actual time=2036.575..2036.575 rows=2528312 loops=1)
                    Buckets: 131072  Batches: 64  Memory Usage: 2415kB
                    ->  Seq Scan on title t  (cost=0.00..61283.27 rows=2528527 width=4) (actual time=0.014..1204.783 rows=2528312 loops=1)
Planning time: 1.929 ms
Execution time: 39529.041 ms
