Hash Join  (cost=182403.77..287724.92 rows=210681 width=0) (actual time=3627.501..7087.393 rows=2004432 loops=1)
  Hash Cond: (mk.movie_id = t.id)
  ->  Seq Scan on movie_keyword mk  (cost=0.00..81003.12 rows=1822190 width=4) (actual time=0.022..1525.013 rows=1826370 loops=1)
        Filter: (keyword_id > 7633)
        Rows Removed by Filter: 2697560
  ->  Hash  (cost=177607.43..177607.43 rows=292347 width=8) (actual time=3626.713..3626.713 rows=428170 loops=1)
        Buckets: 131072 (originally 131072)  Batches: 8 (originally 4)  Memory Usage: 3122kB
        ->  Hash Join  (cost=102767.86..177607.43 rows=292347 width=8) (actual time=1812.282..3494.612 rows=428170 loops=1)
              Hash Cond: (mc.movie_id = t.id)
              ->  Seq Scan on movie_companies mc  (cost=0.00..57926.93 rows=292347 width=4) (actual time=0.022..945.644 rows=428170 loops=1)
                    Filter: ((company_id < 686) AND (company_type_id < 2))
                    Rows Removed by Filter: 2180959
              ->  Hash  (cost=61283.27..61283.27 rows=2528527 width=4) (actual time=1811.480..1811.480 rows=2528312 loops=1)
                    Buckets: 131072  Batches: 64  Memory Usage: 2415kB
                    ->  Seq Scan on title t  (cost=0.00..61283.27 rows=2528527 width=4) (actual time=0.024..962.341 rows=2528312 loops=1)
Planning time: 1.128 ms
Execution time: 7293.641 ms
