Hash Join  (cost=83810.17..217121.45 rows=1223439 width=0) (actual time=1537.618..5350.914 rows=2645747 loops=1)
  Hash Cond: (mk.movie_id = t.id)
  ->  Seq Scan on movie_keyword mk  (cost=0.00..81003.12 rows=3131936 width=4) (actual time=0.026..1682.970 rows=3115653 loops=1)
        Filter: (keyword_id > 1917)
        Rows Removed by Filter: 1408277
  ->  Hash  (cost=67604.59..67604.59 rows=987727 width=4) (actual time=1536.699..1536.699 rows=985048 loops=1)
        Buckets: 131072  Batches: 16  Memory Usage: 3197kB
        ->  Seq Scan on title t  (cost=0.00..67604.59 rows=987727 width=4) (actual time=0.025..1213.959 rows=985048 loops=1)
              Filter: (kind_id < 7)
              Rows Removed by Filter: 1543264
Planning time: 0.744 ms
Execution time: 5650.346 ms
