Seq Scan on movie_companies mc  (cost=0.00..51404.11 rows=622216 width=0) (actual time=0.016..864.228 rows=626393 loops=1)
  Filter: (company_id > 60724)
  Rows Removed by Filter: 1982736
Planning time: 0.308 ms
Execution time: 944.295 ms
