Hash Join  (cost=78556.72..144301.22 rows=218074 width=0) (actual time=1367.810..3195.700 rows=485940 loops=1)
  Hash Cond: (mc.movie_id = t.id)
  ->  Seq Scan on movie_companies mc  (cost=0.00..51404.11 rows=826037 width=4) (actual time=37.558..889.547 rows=834978 loops=1)
        Filter: (company_id > 26788)
        Rows Removed by Filter: 1774151
  ->  Hash  (cost=67604.59..67604.59 rows=667531 width=4) (actual time=1329.200..1329.200 rows=662825 loops=1)
        Buckets: 131072  Batches: 16  Memory Usage: 2476kB
        ->  Seq Scan on title t  (cost=0.00..67604.59 rows=667531 width=4) (actual time=208.714..1130.120 rows=662825 loops=1)
              Filter: (kind_id = 1)
              Rows Removed by Filter: 1865487
Planning time: 0.765 ms
Execution time: 3254.214 ms
