Hash Join  (cost=98659.04..152193.47 rows=822790 width=0) (actual time=2104.496..3626.728 rows=681171 loops=1)
  Hash Cond: (mi_idx.movie_id = t.id)
  ->  Seq Scan on movie_info_idx mi_idx  (cost=0.00..21735.35 rows=1380035 width=4) (actual time=0.023..494.612 rows=1380035 loops=1)
  ->  Hash  (cost=73925.90..73925.90 rows=1507531 width=4) (actual time=2103.034..2103.034 rows=1630311 loops=1)
        Buckets: 131072  Batches: 32  Memory Usage: 2822kB
        ->  Seq Scan on title t  (cost=0.00..73925.90 rows=1507531 width=4) (actual time=0.021..1527.304 rows=1630311 loops=1)
              Filter: ((kind_id > 1) AND (production_year > 1972))
              Rows Removed by Filter: 898001
Planning time: 0.765 ms
Execution time: 3696.619 ms
