Seq Scan on movie_companies mc  (cost=0.00..57926.93 rows=544314 width=0) (actual time=0.019..954.102 rows=753867 loops=1)
  Filter: ((company_id < 7634) AND (company_type_id < 2))
  Rows Removed by Filter: 1855262
Planning time: 0.317 ms
Execution time: 1048.100 ms
