Hash Join  (cost=82863.28..596551.42 rows=3175421 width=0) (actual time=1256.148..16969.740 rows=5479047 loops=1)
  Hash Cond: (mi.movie_id = t.id)
  ->  Seq Scan on movie_info mi  (cost=0.00..309384.22 rows=14739122 width=4) (actual time=0.024..6103.413 rows=14835720 loops=1)
  ->  Hash  (cost=73925.90..73925.90 rows=544750 width=4) (actual time=1253.752..1253.752 rows=420664 loops=1)
        Buckets: 131072  Batches: 8  Memory Usage: 2891kB
        ->  Seq Scan on title t  (cost=0.00..73925.90 rows=544750 width=4) (actual time=0.014..1115.424 rows=420664 loops=1)
              Filter: ((kind_id < 2) AND (production_year > 1971))
              Rows Removed by Filter: 2107648
Planning time: 0.752 ms
Execution time: 17605.477 ms
