Hash Join  (cost=93117.31..161968.21 rows=157249 width=0) (actual time=1682.210..3106.729 rows=98907 loops=1)
  Hash Cond: (mc.movie_id = t.id)
  ->  Seq Scan on movie_companies mc  (cost=0.00..57926.93 rows=255694 width=4) (actual time=0.012..886.638 rows=135421 loops=1)
        Filter: ((company_id < 448) AND (company_type_id = 2))
        Rows Removed by Filter: 2473708
  ->  Hash  (cost=67604.59..67604.59 rows=1555018 width=4) (actual time=1681.409..1681.409 rows=1551727 loops=1)
        Buckets: 131072  Batches: 32  Memory Usage: 2728kB
        ->  Seq Scan on title t  (cost=0.00..67604.59 rows=1555018 width=4) (actual time=0.012..1180.205 rows=1551727 loops=1)
              Filter: (production_year < 2007)
              Rows Removed by Filter: 976585
Planning time: 0.561 ms
Execution time: 3118.810 ms
