Hash Join  (cost=190230.21..353145.66 rows=2453782 width=0) (actual time=4090.163..10496.618 rows=10362862 loops=1)
  Hash Cond: (mk.movie_id = t.id)
  ->  Seq Scan on movie_keyword mk  (cost=0.00..81003.12 rows=4495867 width=4) (actual time=0.019..1748.568 rows=4499331 loops=1)
        Filter: (keyword_id < 114013)
        Rows Removed by Filter: 24599
  ->  Hash  (cost=167588.78..167588.78 rows=1380035 width=8) (actual time=4088.895..4088.895 rows=1380035 loops=1)
        Buckets: 131072  Batches: 32  Memory Usage: 2726kB
        ->  Hash Join  (cost=102767.86..167588.78 rows=1380035 width=8) (actual time=1877.172..3724.708 rows=1380035 loops=1)
              Hash Cond: (mi_idx.movie_id = t.id)
              ->  Seq Scan on movie_info_idx mi_idx  (cost=0.00..21735.35 rows=1380035 width=4) (actual time=0.019..436.242 rows=1380035 loops=1)
              ->  Hash  (cost=61283.27..61283.27 rows=2528527 width=4) (actual time=1875.138..1875.138 rows=2528312 loops=1)
                    Buckets: 131072  Batches: 64  Memory Usage: 2415kB
                    ->  Seq Scan on title t  (cost=0.00..61283.27 rows=2528527 width=4) (actual time=0.021..1034.248 rows=2528312 loops=1)
Planning time: 1.120 ms
Execution time: 11716.120 ms
