Hash Join  (cost=83073.10..464843.73 rows=243 width=0) (actual time=1251.370..8778.444 rows=445 loops=1)
  Hash Cond: (mi.movie_id = t.id)
  ->  Seq Scan on movie_info mi  (cost=0.00..346232.03 rows=9476311 width=4) (actual time=0.020..6278.924 rows=9565151 loops=1)
        Filter: (info_type_id < 16)
        Rows Removed by Filter: 5270569
  ->  Hash  (cost=83072.29..83072.29 rows=65 width=8) (actual time=1180.013..1180.013 rows=13 loops=1)
        Buckets: 1024  Batches: 1  Memory Usage: 9kB
        ->  Nested Loop  (cost=0.43..83072.29 rows=65 width=8) (actual time=45.136..1179.989 rows=13 loops=1)
              ->  Seq Scan on movie_keyword mk  (cost=0.00..81003.12 rows=246 width=4) (actual time=45.078..1178.787 rows=21 loops=1)
                    Filter: (keyword_id = 44359)
                    Rows Removed by Filter: 4523909
              ->  Index Scan using title_pkey on title t  (cost=0.43..8.40 rows=1 width=4) (actual time=0.050..0.051 rows=1 loops=21)
                    Index Cond: (id = mk.movie_id)
                    Filter: (kind_id = 1)
                    Rows Removed by Filter: 0
Planning time: 1.229 ms
Execution time: 8778.762 ms
