Hash Join  (cost=494564.88..637422.21 rows=1711729 width=0) (actual time=10878.384..17441.800 rows=13460857 loops=1)
  Hash Cond: (mk.movie_id = t.id)
  ->  Seq Scan on movie_keyword mk  (cost=0.00..69693.30 rows=4523930 width=4) (actual time=0.028..1462.960 rows=4523930 loops=1)
  ->  Hash  (cost=478867.83..478867.83 rows=956724 width=8) (actual time=10802.299..10802.299 rows=2178007 loops=1)
        Buckets: 131072 (originally 131072)  Batches: 32 (originally 16)  Memory Usage: 3685kB
        ->  Hash Join  (cost=78556.72..478867.83 rows=956724 width=8) (actual time=4549.116..10109.853 rows=2178007 loops=1)
              Hash Cond: (mi.movie_id = t.id)
              ->  Seq Scan on movie_info mi  (cost=0.00..346232.03 rows=3623957 width=4) (actual time=2875.717..5872.217 rows=3624977 loops=1)
                    Filter: (info_type_id < 4)
                    Rows Removed by Filter: 11210743
              ->  Hash  (cost=67604.59..67604.59 rows=667531 width=4) (actual time=1395.320..1395.320 rows=662825 loops=1)
                    Buckets: 131072  Batches: 16  Memory Usage: 2485kB
                    ->  Seq Scan on title t  (cost=0.00..67604.59 rows=667531 width=4) (actual time=0.042..1185.647 rows=662825 loops=1)
                          Filter: (kind_id = 1)
                          Rows Removed by Filter: 1865487
Planning time: 1.138 ms
Execution time: 18881.889 ms
