Nested Loop  (cost=0.43..83072.29 rows=3 width=0) (actual time=117.378..1132.283 rows=19 loops=1)
  ->  Seq Scan on movie_keyword mk  (cost=0.00..81003.12 rows=246 width=4) (actual time=0.161..1076.147 rows=2401 loops=1)
        Filter: (keyword_id = 1586)
        Rows Removed by Filter: 4521529
  ->  Index Scan using title_pkey on title t  (cost=0.43..8.40 rows=1 width=4) (actual time=0.023..0.023 rows=0 loops=2401)
        Index Cond: (id = mk.movie_id)
        Filter: (production_year = 1993)
        Rows Removed by Filter: 1
Planning time: 0.810 ms
Execution time: 1132.394 ms
