Hash Join  (cost=81720.25..957064.22 rows=1725997 width=0) (actual time=5135.487..19975.926 rows=2456357 loops=1)
  Hash Cond: (ci.movie_id = t.id)
  ->  Seq Scan on cast_info ci  (cost=0.00..796071.18 rows=5072486 width=4) (actual time=3807.357..14576.724 rows=6746162 loops=1)
        Filter: ((person_id > 1448619) AND (role_id > 5))
        Rows Removed by Filter: 29498182
  ->  Hash  (cost=67604.59..67604.59 rows=860373 width=4) (actual time=1327.113..1327.113 rows=854214 loops=1)
        Buckets: 131072  Batches: 16  Memory Usage: 2897kB
        ->  Seq Scan on title t  (cost=0.00..67604.59 rows=860373 width=4) (actual time=0.041..1063.395 rows=854214 loops=1)
              Filter: (kind_id < 4)
              Rows Removed by Filter: 1674098
Planning time: 0.780 ms
Execution time: 20272.739 ms
