Seq Scan on movie_keyword mk  (cost=0.00..81003.12 rows=246 width=0) (actual time=12.942..1225.355 rows=89 loops=1)
  Filter: (keyword_id = 1513)
  Rows Removed by Filter: 4523841
Planning time: 0.363 ms
Execution time: 1225.502 ms
