Hash Join  (cost=160526.42..1011381.24 rows=1150376 width=0) (actual time=12203.309..20193.104 rows=2375652 loops=1)
  Hash Cond: (ci.movie_id = t.id)
  ->  Seq Scan on cast_info ci  (cost=0.00..796071.18 rows=3458904 width=4) (actual time=8930.861..13110.976 rows=6936415 loops=1)
        Filter: ((person_id < 948465) AND (role_id = 1))
        Rows Removed by Filter: 29307929
  ->  Hash  (cost=146729.58..146729.58 rows=840947 width=8) (actual time=3270.918..3270.918 rows=425718 loops=1)
        Buckets: 131072  Batches: 16  Memory Usage: 2062kB
        ->  Hash Join  (cost=92883.59..146729.58 rows=840947 width=8) (actual time=2147.157..3149.968 rows=425718 loops=1)
              Hash Cond: (mi_idx.movie_id = t.id)
              ->  Seq Scan on movie_info_idx mi_idx  (cost=0.00..21735.35 rows=1380035 width=4) (actual time=0.030..467.330 rows=1380035 loops=1)
              ->  Hash  (cost=67604.59..67604.59 rows=1540800 width=4) (actual time=1686.606..1686.606 rows=1543264 loops=1)
                    Buckets: 131072  Batches: 32  Memory Usage: 2722kB
                    ->  Seq Scan on title t  (cost=0.00..67604.59 rows=1540800 width=4) (actual time=0.023..1200.339 rows=1543264 loops=1)
                          Filter: (kind_id = 7)
                          Rows Removed by Filter: 985048
Planning time: 2.473 ms
Execution time: 20456.580 ms
