Seq Scan on movie_companies mc  (cost=0.00..57926.93 rows=769616 width=0) (actual time=0.023..944.237 rows=477485 loops=1)
  Filter: ((company_id < 13935) AND (company_type_id > 1))
  Rows Removed by Filter: 2131644
Planning time: 0.335 ms
Execution time: 1002.732 ms
