Hash Join  (cost=88511.62..1253155.16 rows=12736738 width=0) (actual time=1904.881..36679.765 rows=10555842 loops=1)
  Hash Cond: (ci.movie_id = t.id)
  ->  Seq Scan on cast_info ci  (cost=0.00..614943.12 rows=36225612 width=4) (actual time=0.015..13523.899 rows=36244344 loops=1)
  ->  Hash  (cost=73925.90..73925.90 rows=889017 width=4) (actual time=1903.801..1903.801 rows=810813 loops=1)
        Buckets: 131072  Batches: 16  Memory Usage: 2806kB
        ->  Seq Scan on title t  (cost=0.00..73925.90 rows=889017 width=4) (actual time=0.019..1362.328 rows=810813 loops=1)
              Filter: ((kind_id > 4) AND (production_year < 2006))
              Rows Removed by Filter: 1717499
Planning time: 0.826 ms
Execution time: 37998.317 ms
