Hash Join  (cost=102767.86..231175.65 rows=1559549 width=0) (actual time=2428.300..5481.257 rows=1565115 loops=1)
  Hash Cond: (mk.movie_id = t.id)
  ->  Seq Scan on movie_keyword mk  (cost=0.00..81003.12 rows=1559549 width=4) (actual time=0.022..1436.686 rows=1565115 loops=1)
        Filter: (keyword_id < 2354)
        Rows Removed by Filter: 2958815
  ->  Hash  (cost=61283.27..61283.27 rows=2528527 width=4) (actual time=2427.343..2427.343 rows=2528312 loops=1)
        Buckets: 131072  Batches: 64  Memory Usage: 2425kB
        ->  Seq Scan on title t  (cost=0.00..61283.27 rows=2528527 width=4) (actual time=0.018..970.748 rows=2528312 loops=1)
Planning time: 0.714 ms
Execution time: 5665.571 ms
