Hash Join  (cost=70308.29..1016040.96 rows=795052 width=0) (actual time=969.794..19050.223 rows=397487 loops=1)
  Hash Cond: (ci.movie_id = t.id)
  ->  Seq Scan on cast_info ci  (cost=0.00..796071.18 rows=12200259 width=4) (actual time=0.028..14715.565 rows=6029658 loops=1)
        Filter: ((person_id < 1863111) AND (role_id > 1))
        Rows Removed by Filter: 30214686
  ->  Hash  (cost=67604.59..67604.59 rows=164776 width=4) (actual time=968.798..968.798 rows=164307 loops=1)
        Buckets: 131072  Batches: 4  Memory Usage: 2482kB
        ->  Seq Scan on title t  (cost=0.00..67604.59 rows=164776 width=4) (actual time=0.031..914.965 rows=164307 loops=1)
              Filter: (production_year = 2012)
              Rows Removed by Filter: 2364005
Planning time: 0.753 ms
Execution time: 19102.274 ms
