Hash Join  (cost=83810.17..1229668.12 rows=11022656 width=0) (actual time=1934.467..34105.237 rows=11490613 loops=1)
  Hash Cond: (ci.movie_id = t.id)
  ->  Seq Scan on cast_info ci  (cost=0.00..705507.15 rows=28217395 width=4) (actual time=0.107..15408.070 rows=28352668 loops=1)
        Filter: (person_id > 769170)
        Rows Removed by Filter: 7891676
  ->  Hash  (cost=67604.59..67604.59 rows=987727 width=4) (actual time=1933.476..1933.476 rows=985048 loops=1)
        Buckets: 131072  Batches: 16  Memory Usage: 3188kB
        ->  Seq Scan on title t  (cost=0.00..67604.59 rows=987727 width=4) (actual time=0.017..1257.820 rows=985048 loops=1)
              Filter: (kind_id < 7)
              Rows Removed by Filter: 1543264
Planning time: 2.227 ms
Execution time: 35428.026 ms
