Seq Scan on movie_keyword mk  (cost=0.00..81003.12 rows=1934195 width=0) (actual time=0.016..1375.346 rows=1948601 loops=1)
  Filter: (keyword_id < 3373)
  Rows Removed by Filter: 2575329
Planning time: 0.337 ms
Execution time: 1619.792 ms
