Hash Join  (cost=67697.55..163295.42 rows=11358 width=0) (actual time=767.503..2839.619 rows=41565 loops=1)
  Hash Cond: (mk.movie_id = t.id)
  ->  Seq Scan on movie_keyword mk  (cost=0.00..81003.12 rows=3861644 width=4) (actual time=0.021..1461.057 rows=3855306 loops=1)
        Filter: (keyword_id < 28022)
        Rows Removed by Filter: 668624
  ->  Hash  (cost=67604.59..67604.59 rows=7437 width=4) (actual time=766.937..766.937 rows=18391 loops=1)
        Buckets: 32768 (originally 8192)  Batches: 1 (originally 1)  Memory Usage: 903kB
        ->  Seq Scan on title t  (cost=0.00..67604.59 rows=7437 width=4) (actual time=0.062..758.268 rows=18391 loops=1)
              Filter: (production_year = 1985)
              Rows Removed by Filter: 2509921
Planning time: 0.738 ms
Execution time: 2845.367 ms
