Seq Scan on movie_keyword mk  (cost=0.00..81003.12 rows=3699909 width=0) (actual time=0.023..1603.486 rows=3691006 loops=1)
  Filter: (keyword_id < 22106)
  Rows Removed by Filter: 832924
Planning time: 0.468 ms
Execution time: 2046.541 ms
