Hash Join  (cost=74369.53..815119.05 rows=127149 width=0) (actual time=1626.564..15974.223 rows=120502 loops=1)
  Hash Cond: (ci.movie_id = t.id)
  ->  Seq Scan on cast_info ci  (cost=0.00..705507.15 rows=9058902 width=4) (actual time=121.594..12161.374 rows=8925112 loops=1)
        Filter: (person_id < 878424)
        Rows Removed by Filter: 27319232
  ->  Hash  (cost=73925.90..73925.90 rows=35490 width=4) (actual time=1290.910..1290.910 rows=39698 loops=1)
        Buckets: 65536  Batches: 1  Memory Usage: 1908kB
        ->  Seq Scan on title t  (cost=0.00..73925.90 rows=35490 width=4) (actual time=0.069..1274.471 rows=39698 loops=1)
              Filter: ((kind_id = 7) AND (production_year = 2001))
              Rows Removed by Filter: 2488614
Planning time: 0.787 ms
Execution time: 15991.511 ms
