Hash Join  (cost=67697.55..94648.62 rows=4059 width=0) (actual time=1218.173..1878.637 rows=6594 loops=1)
  Hash Cond: (mi_idx.movie_id = t.id)
  ->  Seq Scan on movie_info_idx mi_idx  (cost=0.00..21735.35 rows=1380035 width=4) (actual time=0.023..352.090 rows=1380035 loops=1)
  ->  Hash  (cost=67604.59..67604.59 rows=7437 width=4) (actual time=1218.074..1218.074 rows=10517 loops=1)
        Buckets: 16384 (originally 8192)  Batches: 1 (originally 1)  Memory Usage: 498kB
        ->  Seq Scan on title t  (cost=0.00..67604.59 rows=7437 width=4) (actual time=0.016..1212.717 rows=10517 loops=1)
              Filter: (production_year = 1959)
              Rows Removed by Filter: 2517795
Planning time: 0.660 ms
Execution time: 1879.790 ms
