Hash Join  (cost=102767.86..219245.93 rows=1063689 width=0) (actual time=1970.328..4578.894 rows=1068542 loops=1)
  Hash Cond: (mk.movie_id = t.id)
  ->  Seq Scan on movie_keyword mk  (cost=0.00..81003.12 rows=1063689 width=4) (actual time=0.020..1441.401 rows=1068542 loops=1)
        Filter: (keyword_id < 1072)
        Rows Removed by Filter: 3455388
  ->  Hash  (cost=61283.27..61283.27 rows=2528527 width=4) (actual time=1969.205..1969.205 rows=2528312 loops=1)
        Buckets: 131072  Batches: 64  Memory Usage: 2425kB
        ->  Seq Scan on title t  (cost=0.00..61283.27 rows=2528527 width=4) (actual time=0.018..1102.175 rows=2528312 loops=1)
Planning time: 0.713 ms
Execution time: 4697.032 ms
