Seq Scan on cast_info ci  (cost=0.00..705507.15 rows=500 width=0) (actual time=5275.114..11162.475 rows=28 loops=1)
  Filter: (person_id = 3684059)
  Rows Removed by Filter: 36244316
Planning time: 0.537 ms
Execution time: 11162.561 ms
