Hash Join  (cost=368378.38..2173468.00 rows=61857441 width=0) (actual time=8668.100..90242.566 rows=205218026 loops=1)
  Hash Cond: (ci.movie_id = t.id)
  ->  Seq Scan on cast_info ci  (cost=0.00..614943.12 rows=36225612 width=4) (actual time=0.013..13404.525 rows=36244344 loops=1)
  ->  Hash  (cost=297542.21..297542.21 rows=4317614 width=8) (actual time=8666.269..8666.269 rows=4315755 loops=1)
        Buckets: 131072  Batches: 64  Memory Usage: 3684kB
        ->  Hash Join  (cost=102767.86..297542.21 rows=4317614 width=8) (actual time=2021.900..7516.261 rows=4315755 loops=1)
              Hash Cond: (mk.movie_id = t.id)
              ->  Seq Scan on movie_keyword mk  (cost=0.00..81003.12 rows=4317614 width=4) (actual time=0.017..1808.944 rows=4315755 loops=1)
                    Filter: (keyword_id < 67027)
                    Rows Removed by Filter: 208175
              ->  Hash  (cost=61283.27..61283.27 rows=2528527 width=4) (actual time=2020.919..2020.919 rows=2528312 loops=1)
                    Buckets: 131072  Batches: 64  Memory Usage: 2425kB
                    ->  Seq Scan on title t  (cost=0.00..61283.27 rows=2528527 width=4) (actual time=0.017..1154.364 rows=2528312 loops=1)
Planning time: 1.217 ms
Execution time: 113511.379 ms
