Hash Join  (cost=146058.34..271973.88 rows=321150 width=0) (actual time=3172.268..6585.099 rows=1061113 loops=1)
  Hash Cond: (mk.movie_id = t.id)
  ->  Seq Scan on movie_keyword mk  (cost=0.00..69693.30 rows=4523930 width=4) (actual time=0.018..1443.710 rows=4523930 loops=1)
  ->  Hash  (cost=143112.61..143112.61 rows=179498 width=8) (actual time=3171.209..3171.209 rows=295401 loops=1)
        Buckets: 131072  Batches: 4  Memory Usage: 3916kB
        ->  Hash Join  (cost=73205.47..143112.61 rows=179498 width=8) (actual time=1728.252..3076.416 rows=295401 loops=1)
              Hash Cond: (mc.movie_id = t.id)
              ->  Seq Scan on movie_companies mc  (cost=0.00..51404.11 rows=1329612 width=4) (actual time=384.322..994.789 rows=1334883 loops=1)
                    Filter: (company_type_id = 2)
                    Rows Removed by Filter: 1274246
              ->  Hash  (cost=67604.59..67604.59 rows=341351 width=4) (actual time=1342.865..1342.865 rows=337846 loops=1)
                    Buckets: 131072  Batches: 8  Memory Usage: 2501kB
                    ->  Seq Scan on title t  (cost=0.00..67604.59 rows=341351 width=4) (actual time=0.034..968.905 rows=337846 loops=1)
                          Filter: (production_year < 1968)
                          Rows Removed by Filter: 2190466
Planning time: 1.152 ms
Execution time: 6712.497 ms
