Hash Join  (cost=262811.09..433560.24 rows=3323792 width=0) (actual time=6444.330..15693.227 rows=25564784 loops=1)
  Hash Cond: (mk.movie_id = t.id)
  ->  Seq Scan on movie_keyword mk  (cost=0.00..81003.12 rows=3313777 width=4) (actual time=0.028..1778.125 rows=3304560 loops=1)
        Filter: (keyword_id < 14952)
        Rows Removed by Filter: 1219370
  ->  Hash  (cost=221201.97..221201.97 rows=2536169 width=8) (actual time=6442.247..6442.247 rows=2584553 loops=1)
        Buckets: 131072  Batches: 64  Memory Usage: 2675kB
        ->  Hash Join  (cost=107928.35..221201.97 rows=2536169 width=8) (actual time=2243.936..5718.604 rows=2584553 loops=1)
              Hash Cond: (mc.movie_id = t.id)
              ->  Seq Scan on movie_companies mc  (cost=0.00..44881.29 rows=2609129 width=4) (actual time=0.024..900.576 rows=2609129 loops=1)
              ->  Hash  (cost=67604.59..67604.59 rows=2457821 width=4) (actual time=2242.223..2242.223 rows=2456218 loops=1)
                    Buckets: 131072  Batches: 64  Memory Usage: 2375kB
                    ->  Seq Scan on title t  (cost=0.00..67604.59 rows=2457821 width=4) (actual time=0.012..1452.669 rows=2456218 loops=1)
                          Filter: (production_year > 0)
                          Rows Removed by Filter: 72094
Planning time: 8.221 ms
Execution time: 18460.231 ms
