Hash Join  (cost=219197.63..709842.74 rows=4549641 width=0) (actual time=5390.736..15132.302 rows=2701677 loops=1)
  Hash Cond: (mi.movie_id = t.id)
  ->  Seq Scan on movie_info mi  (cost=0.00..346232.03 rows=7235534 width=4) (actual time=0.019..6210.338 rows=7286865 loops=1)
        Filter: (info_type_id < 8)
        Rows Removed by Filter: 7548855
  ->  Hash  (cost=193112.68..193112.68 rows=1589916 width=8) (actual time=4731.154..4731.154 rows=717308 loops=1)
        Buckets: 131072  Batches: 32  Memory Usage: 1877kB
        ->  Hash Join  (cost=92883.59..193112.68 rows=1589916 width=8) (actual time=1906.188..4496.883 rows=717308 loops=1)
              Hash Cond: (mc.movie_id = t.id)
              ->  Seq Scan on movie_companies mc  (cost=0.00..44881.29 rows=2609129 width=4) (actual time=0.025..909.277 rows=2609129 loops=1)
              ->  Hash  (cost=67604.59..67604.59 rows=1540800 width=4) (actual time=1699.048..1699.048 rows=1543264 loops=1)
                    Buckets: 131072  Batches: 32  Memory Usage: 2722kB
                    ->  Seq Scan on title t  (cost=0.00..67604.59 rows=1540800 width=4) (actual time=0.018..1178.137 rows=1543264 loops=1)
                          Filter: (kind_id = 7)
                          Rows Removed by Filter: 985048
Planning time: 1.182 ms
Execution time: 15455.582 ms
