Hash Join  (cost=102767.86..186115.01 rows=916987 width=0) (actual time=2066.231..4298.919 rows=918590 loops=1)
  Hash Cond: (mc.movie_id = t.id)
  ->  Seq Scan on movie_companies mc  (cost=0.00..51404.11 rows=916987 width=4) (actual time=0.025..891.898 rows=918590 loops=1)
        Filter: (company_id < 3139)
        Rows Removed by Filter: 1690539
  ->  Hash  (cost=61283.27..61283.27 rows=2528527 width=4) (actual time=2064.757..2064.757 rows=2528312 loops=1)
        Buckets: 131072  Batches: 64  Memory Usage: 2415kB
        ->  Seq Scan on title t  (cost=0.00..61283.27 rows=2528527 width=4) (actual time=0.015..1227.723 rows=2528312 loops=1)
Planning time: 0.746 ms
Execution time: 4399.769 ms
