Hash Join  (cost=52284.99..803089.06 rows=1490 width=0) (actual time=982.009..16705.488 rows=490 loops=1)
  Hash Cond: (ci.movie_id = t.id)
  ->  Seq Scan on cast_info ci  (cost=0.00..614943.12 rows=36225612 width=4) (actual time=0.022..9106.232 rows=36244344 loops=1)
  ->  Hash  (cost=52283.69..52283.69 rows=104 width=8) (actual time=895.823..895.823 rows=39 loops=1)
        Buckets: 1024  Batches: 1  Memory Usage: 10kB
        ->  Nested Loop  (cost=0.43..52283.69 rows=104 width=8) (actual time=121.971..895.776 rows=39 loops=1)
              ->  Seq Scan on movie_companies mc  (cost=0.00..51404.11 rows=104 width=4) (actual time=121.896..894.316 rows=39 loops=1)
                    Filter: (company_id = 94957)
                    Rows Removed by Filter: 2609090
              ->  Index Only Scan using title_pkey on title t  (cost=0.43..8.45 rows=1 width=4) (actual time=0.033..0.034 rows=1 loops=39)
                    Index Cond: (id = mc.movie_id)
                    Heap Fetches: 39
Planning time: 1.216 ms
Execution time: 16705.871 ms
