Seq Scan on movie_companies mc  (cost=0.00..51404.11 rows=1394401 width=0) (actual time=0.032..1049.106 rows=1381189 loops=1)
  Filter: (company_id < 11950)
  Rows Removed by Filter: 1227940
Planning time: 0.812 ms
Execution time: 1240.663 ms
