Hash Join  (cost=167118.31..532108.65 rows=33443 width=0) (actual time=3119.440..10173.705 rows=49825 loops=1)
  Hash Cond: (mi.movie_id = t.id)
  ->  Seq Scan on movie_info mi  (cost=0.00..309384.22 rows=14739122 width=4) (actual time=0.028..4241.974 rows=14835720 loops=1)
  ->  Hash  (cost=167046.59..167046.59 rows=5737 width=8) (actual time=3110.974..3110.974 rows=3473 loops=1)
        Buckets: 8192  Batches: 1  Memory Usage: 200kB
        ->  Hash Join  (cost=73982.55..167046.59 rows=5737 width=8) (actual time=1346.974..3109.574 rows=3473 loops=1)
              Hash Cond: (mk.movie_id = t.id)
              ->  Seq Scan on movie_keyword mk  (cost=0.00..81003.12 rows=3200945 width=4) (actual time=0.029..1481.478 rows=3186249 loops=1)
                    Filter: (keyword_id < 12840)
                    Rows Removed by Filter: 1337681
              ->  Hash  (cost=73925.90..73925.90 rows=4532 width=4) (actual time=1133.786..1133.786 rows=8818 loops=1)
                    Buckets: 16384 (originally 8192)  Batches: 1 (originally 1)  Memory Usage: 439kB
                    ->  Seq Scan on title t  (cost=0.00..73925.90 rows=4532 width=4) (actual time=0.073..1129.387 rows=8818 loops=1)
                          Filter: ((kind_id = 7) AND (production_year = 1967))
                          Rows Removed by Filter: 2519494
Planning time: 1.171 ms
Execution time: 10180.525 ms
