Hash Join  (cost=58358.53..431723.84 rows=3 width=0) (actual time=1857.150..7457.774 rows=32 loops=1)
  Hash Cond: (mi.movie_id = t.id)
  ->  Seq Scan on movie_info mi  (cost=0.00..346232.03 rows=7235534 width=4) (actual time=151.467..5691.131 rows=7286865 loops=1)
        Filter: (info_type_id < 8)
        Rows Removed by Filter: 7548855
  ->  Hash  (cost=58358.52..58358.52 rows=1 width=8) (actual time=761.965..761.965 rows=12 loops=1)
        Buckets: 1024  Batches: 1  Memory Usage: 9kB
        ->  Nested Loop  (cost=0.43..58358.52 rows=1 width=8) (actual time=658.358..761.949 rows=12 loops=1)
              ->  Seq Scan on movie_companies mc  (cost=0.00..57926.93 rows=51 width=4) (actual time=0.698..751.070 rows=270 loops=1)
                    Filter: ((company_id = 1398) AND (company_type_id = 1))
                    Rows Removed by Filter: 2608859
              ->  Index Scan using title_pkey on title t  (cost=0.43..8.45 rows=1 width=4) (actual time=0.039..0.039 rows=0 loops=270)
                    Index Cond: (id = mc.movie_id)
                    Filter: ((kind_id = 7) AND (production_year = 1999))
                    Rows Removed by Filter: 1
Planning time: 1.227 ms
Execution time: 7457.939 ms
