Hash Join  (cost=1018504.83..4291658.10 rows=167497284 width=0) (actual time=24073.126..150012.377 rows=348958131 loops=1)
  Hash Cond: (ci.movie_id = t.id)
  ->  Seq Scan on cast_info ci  (cost=0.00..705507.15 rows=28734507 width=4) (actual time=0.023..15752.687 rows=28694810 loops=1)
        Filter: (person_id < 2918523)
        Rows Removed by Filter: 7549534
  ->  Hash  (cost=776690.81..776690.81 rows=14739122 width=8) (actual time=24069.950..24069.950 rows=14835720 loops=1)
        Buckets: 131072  Batches: 256  Memory Usage: 3268kB
        ->  Hash Join  (cost=102767.86..776690.81 rows=14739122 width=8) (actual time=2026.125..20137.790 rows=14835720 loops=1)
              Hash Cond: (mi.movie_id = t.id)
              ->  Seq Scan on movie_info mi  (cost=0.00..309384.22 rows=14739122 width=4) (actual time=0.025..6173.756 rows=14835720 loops=1)
              ->  Hash  (cost=61283.27..61283.27 rows=2528527 width=4) (actual time=2024.598..2024.598 rows=2528312 loops=1)
                    Buckets: 131072  Batches: 64  Memory Usage: 2425kB
                    ->  Seq Scan on title t  (cost=0.00..61283.27 rows=2528527 width=4) (actual time=0.010..1100.632 rows=2528312 loops=1)
Planning time: 1.125 ms
Execution time: 189392.029 ms
