Hash Join  (cost=98137.04..190575.28 rows=151911 width=0) (actual time=1886.591..3623.713 rows=94797 loops=1)
  Hash Cond: (mk.movie_id = t.id)
  ->  Seq Scan on movie_keyword mk  (cost=0.00..81003.12 rows=206401 width=4) (actual time=0.025..1347.103 rows=222109 loops=1)
        Filter: (keyword_id < 178)
        Rows Removed by Filter: 4301821
  ->  Hash  (cost=67604.59..67604.59 rows=1860996 width=4) (actual time=1881.321..1881.321 rows=1865487 loops=1)
        Buckets: 131072  Batches: 32  Memory Usage: 3085kB
        ->  Seq Scan on title t  (cost=0.00..67604.59 rows=1860996 width=4) (actual time=0.020..1289.919 rows=1865487 loops=1)
              Filter: (kind_id > 1)
              Rows Removed by Filter: 662825
Planning time: 0.673 ms
Execution time: 3633.877 ms
