Hash Join  (cost=181725.39..670444.88 rows=835356 width=0) (actual time=4032.537..15689.096 rows=2842686 loops=1)
  Hash Cond: (mi.movie_id = t.id)
  ->  Seq Scan on movie_info mi  (cost=0.00..309384.22 rows=14739122 width=4) (actual time=0.012..6022.869 rows=14835720 loops=1)
  ->  Hash  (cost=179374.05..179374.05 rows=143307 width=8) (actual time=4031.048..4031.048 rows=69843 loops=1)
        Buckets: 131072  Batches: 2  Memory Usage: 2416kB
        ->  Hash Join  (cost=70241.71..179374.05 rows=143307 width=8) (actual time=1572.455..4009.086 rows=69843 loops=1)
              Hash Cond: (mk.movie_id = t.id)
              ->  Seq Scan on movie_keyword mk  (cost=0.00..81003.12 rows=2254438 width=4) (actual time=0.025..1594.443 rows=2258272 loops=1)
                    Filter: (keyword_id < 4678)
                    Rows Removed by Filter: 2265658
              ->  Hash  (cost=67604.59..67604.59 rows=160730 width=4) (actual time=1571.342..1571.342 rows=160017 loops=1)
                    Buckets: 131072  Batches: 4  Memory Usage: 2442kB
                    ->  Seq Scan on title t  (cost=0.00..67604.59 rows=160730 width=4) (actual time=0.032..1239.539 rows=160017 loops=1)
                          Filter: (production_year = 2011)
                          Rows Removed by Filter: 2368295
Planning time: 1.163 ms
Execution time: 16002.978 ms
