Hash Join  (cost=133019.79..633746.24 rows=1960654 width=0) (actual time=3599.458..17593.857 rows=1211295 loops=1)
  Hash Cond: (mi.movie_id = t.id)
  ->  Seq Scan on movie_info mi  (cost=0.00..309384.22 rows=14739122 width=4) (actual time=0.016..6005.785 rows=14835720 loops=1)
  ->  Hash  (cost=127501.36..127501.36 rows=336354 width=8) (actual time=3408.515..3408.515 rows=155637 loops=1)
        Buckets: 131072  Batches: 8  Memory Usage: 1784kB
        ->  Hash Join  (cost=84037.34..127501.36 rows=336354 width=8) (actual time=2136.028..3355.092 rows=155637 loops=1)
              Hash Cond: (mi_idx.movie_id = t.id)
              ->  Seq Scan on movie_info_idx mi_idx  (cost=0.00..21735.35 rows=1380035 width=4) (actual time=0.019..443.295 rows=1380035 loops=1)
              ->  Hash  (cost=73925.90..73925.90 rows=616275 width=4) (actual time=2134.929..2134.929 rows=676927 loops=1)
                    Buckets: 131072  Batches: 16  Memory Usage: 2516kB
                    ->  Seq Scan on title t  (cost=0.00..73925.90 rows=616275 width=4) (actual time=0.026..1248.256 rows=676927 loops=1)
                          Filter: ((production_year > 2005) AND (kind_id = 7))
                          Rows Removed by Filter: 1851385
Planning time: 0.759 ms
Execution time: 17729.644 ms
