Hash Join  (cost=130362.44..217819.13 rows=33041 width=0) (actual time=2517.637..4471.487 rows=523716 loops=1)
  Hash Cond: (mk.movie_id = t.id)
  ->  Seq Scan on movie_keyword mk  (cost=0.00..81003.12 rows=1632842 width=4) (actual time=0.021..1511.228 rows=1640899 loops=1)
        Filter: (keyword_id < 2489)
        Rows Removed by Filter: 2883031
  ->  Hash  (cost=129722.88..129722.88 rows=51165 width=8) (actual time=2517.236..2517.236 rows=76894 loops=1)
        Buckets: 131072 (originally 65536)  Batches: 1 (originally 1)  Memory Usage: 4028kB
        ->  Hash Join  (cost=74545.71..129722.88 rows=51165 width=8) (actual time=1127.211..2483.325 rows=76894 loops=1)
              Hash Cond: (mc.movie_id = t.id)
              ->  Seq Scan on movie_companies mc  (cost=0.00..44881.29 rows=2609129 width=4) (actual time=0.022..662.226 rows=2609129 loops=1)
              ->  Hash  (cost=73925.90..73925.90 rows=49584 width=4) (actual time=1126.833..1126.833 rows=38752 loops=1)
                    Buckets: 65536  Batches: 1  Memory Usage: 1875kB
                    ->  Seq Scan on title t  (cost=0.00..73925.90 rows=49584 width=4) (actual time=0.040..1110.538 rows=38752 loops=1)
                          Filter: ((kind_id < 7) AND (production_year = 2008))
                          Rows Removed by Filter: 2489560
Planning time: 1.229 ms
Execution time: 4541.901 ms
