Hash Join  (cost=709678.15..1103429.82 rows=2504 width=0) (actual time=11121.782..19100.297 rows=182 loops=1)
  Hash Cond: (mi.movie_id = t.id)
  ->  Seq Scan on movie_info mi  (cost=0.00..346232.03 rows=12665229 width=4) (actual time=0.020..6311.299 rows=12744652 loops=1)
        Filter: (info_type_id > 2)
        Rows Removed by Filter: 2091068
  ->  Hash  (cost=709671.90..709671.90 rows=500 width=8) (actual time=11104.648..11104.648 rows=121 loops=1)
        Buckets: 1024  Batches: 1  Memory Usage: 13kB
        ->  Nested Loop  (cost=0.43..709671.90 rows=500 width=8) (actual time=9763.524..11104.573 rows=121 loops=1)
              ->  Seq Scan on cast_info ci  (cost=0.00..705507.15 rows=500 width=4) (actual time=9763.390..11102.692 rows=121 loops=1)
                    Filter: (person_id = 3195894)
                    Rows Removed by Filter: 36244223
              ->  Index Only Scan using title_pkey on title t  (cost=0.43..8.32 rows=1 width=4) (actual time=0.014..0.014 rows=1 loops=121)
                    Index Cond: (id = ci.movie_id)
                    Heap Fetches: 121
Planning time: 0.768 ms
Execution time: 19100.443 ms
