Hash Join  (cost=203102.93..316603.05 rows=736256 width=0) (actual time=4562.033..8833.413 rows=8472913 loops=1)
  Hash Cond: (mk.movie_id = t.id)
  ->  Seq Scan on movie_keyword mk  (cost=0.00..81003.12 rows=1829982 width=4) (actual time=1.302..1516.451 rows=1835839 loops=1)
        Filter: (keyword_id > 7593)
        Rows Removed by Filter: 2688091
  ->  Hash  (cost=186412.65..186412.65 rows=1017302 width=8) (actual time=4559.577..4559.577 rows=872859 loops=1)
        Buckets: 131072  Batches: 16  Memory Usage: 3194kB
        ->  Hash Join  (cost=100586.94..186412.65 rows=1017302 width=8) (actual time=2120.917..4318.108 rows=872859 loops=1)
              Hash Cond: (mc.movie_id = t.id)
              ->  Seq Scan on movie_companies mc  (cost=0.00..51404.11 rows=1279517 width=4) (actual time=0.023..1013.349 rows=1274246 loops=1)
                    Filter: (company_type_id = 1)
                    Rows Removed by Filter: 1334883
              ->  Hash  (cost=67604.59..67604.59 rows=2010348 width=4) (actual time=2119.756..2119.756 rows=2004649 loops=1)
                    Buckets: 131072  Batches: 32  Memory Usage: 3233kB
                    ->  Seq Scan on title t  (cost=0.00..67604.59 rows=2010348 width=4) (actual time=0.033..1481.015 rows=2004649 loops=1)
                          Filter: (production_year > 1975)
                          Rows Removed by Filter: 523663
Planning time: 1.120 ms
Execution time: 9762.720 ms
