Hash Join  (cost=296499.96..853132.63 rows=8716870 width=0) (actual time=7262.127..32585.144 rows=58529573 loops=1)
  Hash Cond: (mi.movie_id = t.id)
  ->  Seq Scan on movie_info mi  (cost=0.00..346232.03 rows=8859586 width=4) (actual time=0.027..6420.279 rows=8966694 loops=1)
        Filter: (info_type_id < 15)
        Rows Removed by Filter: 5869026
  ->  Hash  (cost=255684.51..255684.51 rows=2487796 width=8) (actual time=7260.653..7260.653 rows=3019519 loops=1)
        Buckets: 131072  Batches: 64  Memory Usage: 2948kB
        ->  Hash Join  (cost=94978.31..255684.51 rows=2487796 width=8) (actual time=1747.553..6362.121 rows=3019519 loops=1)
              Hash Cond: (mk.movie_id = t.id)
              ->  Seq Scan on movie_keyword mk  (cost=0.00..81003.12 rows=3770223 width=4) (actual time=0.021..1781.422 rows=3762059 loops=1)
                    Filter: (keyword_id < 24616)
                    Rows Removed by Filter: 761871
              ->  Hash  (cost=67604.59..67604.59 rows=1668458 width=4) (actual time=1745.787..1745.787 rows=1671292 loops=1)
                    Buckets: 131072  Batches: 32  Memory Usage: 2866kB
                    ->  Seq Scan on title t  (cost=0.00..67604.59 rows=1668458 width=4) (actual time=0.018..1197.189 rows=1671292 loops=1)
                          Filter: (production_year < 2008)
                          Rows Removed by Filter: 857020
Planning time: 1.181 ms
Execution time: 39375.010 ms
