Hash Join  (cost=114767.63..177899.03 rows=18649 width=0) (actual time=2236.720..3599.883 rows=191727 loops=1)
  Hash Cond: (mc.movie_id = t.id)
  ->  Seq Scan on movie_companies mc  (cost=0.00..57926.93 rows=393326 width=4) (actual time=0.026..1017.034 rows=713437 loops=1)
        Filter: ((company_id > 33034) AND (company_type_id > 1))
        Rows Removed by Filter: 1895692
  ->  Hash  (cost=112800.02..112800.02 rows=119889 width=8) (actual time=2235.899..2235.899 rows=209880 loops=1)
        Buckets: 131072 (originally 131072)  Batches: 4 (originally 2)  Memory Usage: 3075kB
        ->  Hash Join  (cost=78556.72..112800.02 rows=119889 width=8) (actual time=1335.462..2166.884 rows=209880 loops=1)
              Hash Cond: (mi_idx.movie_id = t.id)
              ->  Seq Scan on movie_info_idx mi_idx  (cost=0.00..25185.44 rows=454124 width=4) (actual time=0.026..481.680 rows=459925 loops=1)
                    Filter: (info_type_id = 100)
                    Rows Removed by Filter: 920110
              ->  Hash  (cost=67604.59..67604.59 rows=667531 width=4) (actual time=1253.425..1253.425 rows=662825 loops=1)
                    Buckets: 131072  Batches: 16  Memory Usage: 2476kB
                    ->  Seq Scan on title t  (cost=0.00..67604.59 rows=667531 width=4) (actual time=451.257..1050.066 rows=662825 loops=1)
                          Filter: (kind_id = 1)
                          Rows Removed by Filter: 1865487
Planning time: 9.770 ms
Execution time: 3616.543 ms
