Seq Scan on cast_info ci  (cost=0.00..705507.15 rows=35838449 width=0) (actual time=0.012..13525.523 rows=35832867 loops=1)
  Filter: (person_id < 3984413)
  Rows Removed by Filter: 411477
Planning time: 0.340 ms
Execution time: 17994.837 ms
