Seq Scan on movie_keyword mk  (cost=0.00..81003.12 rows=3378277 width=0) (actual time=0.014..1569.894 rows=3362257 loops=1)
  Filter: (keyword_id < 16124)
  Rows Removed by Filter: 1161673
Planning time: 0.332 ms
Execution time: 2001.560 ms
