Hash Join  (cost=94699.36..149406.76 rows=4188 width=0) (actual time=1577.396..2442.031 rows=1359 loops=1)
  Hash Cond: (mc.movie_id = t.id)
  ->  Seq Scan on movie_companies mc  (cost=0.00..44881.29 rows=2609129 width=4) (actual time=0.021..607.865 rows=2609129 loops=1)
  ->  Hash  (cost=94648.62..94648.62 rows=4059 width=8) (actual time=1386.837..1386.837 rows=645 loops=1)
        Buckets: 4096  Batches: 1  Memory Usage: 58kB
        ->  Hash Join  (cost=67697.55..94648.62 rows=4059 width=8) (actual time=919.046..1386.530 rows=645 loops=1)
              Hash Cond: (mi_idx.movie_id = t.id)
              ->  Seq Scan on movie_info_idx mi_idx  (cost=0.00..21735.35 rows=1380035 width=4) (actual time=0.025..259.801 rows=1380035 loops=1)
              ->  Hash  (cost=67604.59..67604.59 rows=7437 width=4) (actual time=897.439..897.439 rows=1740 loops=1)
                    Buckets: 8192  Batches: 1  Memory Usage: 126kB
                    ->  Seq Scan on title t  (cost=0.00..67604.59 rows=7437 width=4) (actual time=272.584..896.537 rows=1740 loops=1)
                          Filter: (production_year = 1898)
                          Rows Removed by Filter: 2526572
Planning time: 1.177 ms
Execution time: 2442.354 ms
