Hash Join  (cost=74509.97..101675.47 rows=25502 width=0) (actual time=1307.764..1949.659 rows=9165 loops=1)
  Hash Cond: (mi_idx.movie_id = t.id)
  ->  Seq Scan on movie_info_idx mi_idx  (cost=0.00..21735.35 rows=1380035 width=4) (actual time=0.024..301.146 rows=1380035 loops=1)
  ->  Hash  (cost=73925.90..73925.90 rows=46725 width=4) (actual time=1307.138..1307.138 rows=43011 loops=1)
        Buckets: 65536  Batches: 1  Memory Usage: 2025kB
        ->  Seq Scan on title t  (cost=0.00..73925.90 rows=46725 width=4) (actual time=0.069..1288.453 rows=43011 loops=1)
              Filter: ((kind_id > 2) AND (production_year > 2012))
              Rows Removed by Filter: 2485301
Planning time: 0.752 ms
Execution time: 1951.190 ms
