Hash Join  (cost=210177.81..257034.59 rows=534130 width=0) (actual time=4863.741..6976.693 rows=2307524 loops=1)
  Hash Cond: (mi_idx.movie_id = t.id)
  ->  Seq Scan on movie_info_idx mi_idx  (cost=0.00..21735.35 rows=1380035 width=4) (actual time=0.026..510.095 rows=1380035 loops=1)
  ->  Hash  (cost=194121.76..194121.76 rows=978644 width=8) (actual time=4862.596..4862.596 rows=1265183 loops=1)
        Buckets: 131072 (originally 131072)  Batches: 32 (originally 16)  Memory Usage: 4091kB
        ->  Hash Join  (cost=102767.86..194121.76 rows=978644 width=8) (actual time=2277.198..4472.348 rows=1265183 loops=1)
              Hash Cond: (mc.movie_id = t.id)
              ->  Seq Scan on movie_companies mc  (cost=0.00..57926.93 rows=978644 width=4) (actual time=425.666..1154.491 rows=1265183 loops=1)
                    Filter: ((company_id < 62841) AND (company_type_id = 1))
                    Rows Removed by Filter: 1343946
              ->  Hash  (cost=61283.27..61283.27 rows=2528527 width=4) (actual time=1850.225..1850.225 rows=2528312 loops=1)
                    Buckets: 131072  Batches: 64  Memory Usage: 2415kB
                    ->  Seq Scan on title t  (cost=0.00..61283.27 rows=2528527 width=4) (actual time=0.024..1021.873 rows=2528312 loops=1)
Planning time: 1.129 ms
Execution time: 7238.608 ms
