Seq Scan on movie_keyword mk  (cost=0.00..81003.12 rows=246 width=0) (actual time=4.629..1223.165 rows=575 loops=1)
  Filter: (keyword_id = 5215)
  Rows Removed by Filter: 4523355
Planning time: 0.625 ms
Execution time: 1223.485 ms
