Hash Join  (cost=73982.55..127488.79 rows=1000 width=0) (actual time=1433.278..2267.441 rows=4107 loops=1)
  Hash Cond: (mc.movie_id = t.id)
  ->  Seq Scan on movie_companies mc  (cost=0.00..51404.11 rows=557899 width=4) (actual time=0.029..890.613 rows=552862 loops=1)
        Filter: (company_id < 575)
        Rows Removed by Filter: 2056267
  ->  Hash  (cost=73925.90..73925.90 rows=4532 width=4) (actual time=1269.221..1269.221 rows=5201 loops=1)
        Buckets: 8192  Batches: 1  Memory Usage: 247kB
        ->  Seq Scan on title t  (cost=0.00..73925.90 rows=4532 width=4) (actual time=3.083..1266.510 rows=5201 loops=1)
              Filter: ((kind_id = 7) AND (production_year = 1956))
              Rows Removed by Filter: 2523111
Planning time: 2.267 ms
Execution time: 2268.142 ms
