Nested Loop  (cost=0.43..58358.39 rows=20 width=0) (actual time=402.438..840.204 rows=152 loops=1)
  ->  Seq Scan on movie_companies mc  (cost=0.00..57926.93 rows=51 width=4) (actual time=324.007..836.508 rows=153 loops=1)
        Filter: ((company_id = 5892) AND (company_type_id = 1))
        Rows Removed by Filter: 2608976
  ->  Index Scan using title_pkey on title t  (cost=0.43..8.45 rows=1 width=4) (actual time=0.022..0.023 rows=1 loops=153)
        Index Cond: (id = mc.movie_id)
        Filter: (kind_id < 7)
        Rows Removed by Filter: 0
Planning time: 0.718 ms
Execution time: 840.353 ms
