Hash Join  (cost=190230.21..298997.70 rows=717414 width=0) (actual time=4784.062..7793.943 rows=2973864 loops=1)
  Hash Cond: (mk.movie_id = t.id)
  ->  Seq Scan on movie_keyword mk  (cost=0.00..81003.12 rows=1314459 width=4) (actual time=0.021..1453.103 rows=1326604 loops=1)
        Filter: (keyword_id > 13021)
        Rows Removed by Filter: 3197326
  ->  Hash  (cost=167588.78..167588.78 rows=1380035 width=8) (actual time=4782.564..4782.564 rows=1380035 loops=1)
        Buckets: 131072  Batches: 32  Memory Usage: 2726kB
        ->  Hash Join  (cost=102767.86..167588.78 rows=1380035 width=8) (actual time=1892.075..3728.467 rows=1380035 loops=1)
              Hash Cond: (mi_idx.movie_id = t.id)
              ->  Seq Scan on movie_info_idx mi_idx  (cost=0.00..21735.35 rows=1380035 width=4) (actual time=0.015..431.792 rows=1380035 loops=1)
              ->  Hash  (cost=61283.27..61283.27 rows=2528527 width=4) (actual time=1890.588..1890.588 rows=2528312 loops=1)
                    Buckets: 131072  Batches: 64  Memory Usage: 2415kB
                    ->  Seq Scan on title t  (cost=0.00..61283.27 rows=2528527 width=4) (actual time=0.025..1059.472 rows=2528312 loops=1)
Planning time: 1.132 ms
Execution time: 8151.256 ms
