Nested Loop  (cost=0.43..93777.77 rows=5914 width=0) (actual time=0.155..1019.375 rows=5677 loops=1)
  ->  Seq Scan on movie_companies mc  (cost=0.00..51404.11 rows=5914 width=4) (actual time=0.092..906.455 rows=5677 loops=1)
        Filter: (company_id = 73)
        Rows Removed by Filter: 2603452
  ->  Index Only Scan using title_pkey on title t  (cost=0.43..7.15 rows=1 width=4) (actual time=0.019..0.019 rows=1 loops=5677)
        Index Cond: (id = mc.movie_id)
        Heap Fetches: 5677
Planning time: 0.732 ms
Execution time: 1020.879 ms
