Seq Scan on cast_info ci  (cost=0.00..796071.18 rows=369 width=0) (actual time=4410.106..13914.593 rows=6 loops=1)
  Filter: ((role_id < 5) AND (person_id = 1500837))
  Rows Removed by Filter: 36244338
Planning time: 0.382 ms
Execution time: 13914.715 ms
