Nested Loop  (cost=44377.22..164001.09 rows=171 width=0) (actual time=950.707..2584.993 rows=957 loops=1)
  ->  Hash Join  (cost=44376.79..134360.53 rows=50204 width=8) (actual time=869.886..2284.862 rows=28616 loops=1)
        Hash Cond: (mk.movie_id = mi_idx.movie_id)
        ->  Seq Scan on movie_keyword mk  (cost=0.00..81003.12 rows=16889 width=4) (actual time=0.674..1182.838 rows=14120 loops=1)
              Filter: (keyword_id = 1382)
              Rows Removed by Filter: 4509810
        ->  Hash  (cost=21735.35..21735.35 rows=1380035 width=4) (actual time=850.356..850.356 rows=1380035 loops=1)
              Buckets: 131072  Batches: 32  Memory Usage: 2556kB
              ->  Seq Scan on movie_info_idx mi_idx  (cost=0.00..21735.35 rows=1380035 width=4) (actual time=0.020..446.433 rows=1380035 loops=1)
  ->  Index Scan using title_pkey on title t  (cost=0.43..0.58 rows=1 width=4) (actual time=0.010..0.010 rows=0 loops=28616)
        Index Cond: (id = mi_idx.movie_id)
        Filter: (production_year = 1998)
        Rows Removed by Filter: 1
Planning time: 1.187 ms
Execution time: 2585.382 ms
