Seq Scan on cast_info ci  (cost=0.00..796071.18 rows=6842814 width=0) (actual time=7712.507..13778.629 rows=3780849 loops=1)
  Filter: ((person_id < 2030292) AND (role_id > 3))
  Rows Removed by Filter: 32463495
Planning time: 0.332 ms
Execution time: 14254.139 ms
