Hash Join  (cost=162729.85..1075660.42 rows=1071433 width=0) (actual time=7917.873..25307.792 rows=1234270 loops=1)
  Hash Cond: (ci.movie_id = t.id)
  ->  Seq Scan on cast_info ci  (cost=0.00..796071.18 rows=9079214 width=4) (actual time=4033.660..15997.044 rows=12670688 loops=1)
        Filter: ((person_id < 2671420) AND (role_id = 1))
        Rows Removed by Filter: 23573656
  ->  Hash  (cost=157833.98..157833.98 rows=298390 width=8) (actual time=3883.269..3883.269 rows=167483 loops=1)
        Buckets: 131072  Batches: 4  Memory Usage: 2683kB
        ->  Hash Join  (cost=78670.55..157833.98 rows=298390 width=8) (actual time=1475.468..3829.440 rows=167483 loops=1)
              Hash Cond: (mc.movie_id = t.id)
              ->  Seq Scan on movie_companies mc  (cost=0.00..44881.29 rows=2609129 width=4) (actual time=0.022..865.062 rows=2609129 loops=1)
              ->  Hash  (cost=73925.90..73925.90 rows=289172 width=4) (actual time=1474.651..1474.651 rows=292674 loops=1)
                    Buckets: 131072  Batches: 4  Memory Usage: 3617kB
                    ->  Seq Scan on title t  (cost=0.00..73925.90 rows=289172 width=4) (actual time=0.015..1376.340 rows=292674 loops=1)
                          Filter: ((kind_id > 1) AND (production_year > 2010))
                          Rows Removed by Filter: 2235638
Planning time: 1.230 ms
Execution time: 25459.679 ms
