Seq Scan on cast_info ci  (cost=0.00..796071.18 rows=12764791 width=0) (actual time=0.021..14691.742 rows=10684498 loops=1)
  Filter: ((person_id > 1665708) AND (role_id < 4))
  Rows Removed by Filter: 25559846
Planning time: 2.260 ms
Execution time: 15989.437 ms
