Hash Join  (cost=206487.64..741490.51 rows=5172995 width=0) (actual time=4704.923..27538.889 rows=46229132 loops=1)
  Hash Cond: (mi.movie_id = t.id)
  ->  Seq Scan on movie_info mi  (cost=0.00..309384.22 rows=14739122 width=4) (actual time=0.025..6212.919 rows=14835720 loops=1)
  ->  Hash  (cost=191927.66..191927.66 rows=887438 width=8) (actual time=4704.221..4704.221 rows=1199852 loops=1)
        Buckets: 131072  Batches: 16  Memory Usage: 4005kB
        ->  Hash Join  (cost=102767.86..191927.66 rows=887438 width=8) (actual time=1849.406..4371.927 rows=1199852 loops=1)
              Hash Cond: (mc.movie_id = t.id)
              ->  Seq Scan on movie_companies mc  (cost=0.00..57926.93 rows=887438 width=4) (actual time=0.036..1161.147 rows=1199852 loops=1)
                    Filter: ((company_id < 29728) AND (company_type_id = 1))
                    Rows Removed by Filter: 1409277
              ->  Hash  (cost=61283.27..61283.27 rows=2528527 width=4) (actual time=1848.016..1848.016 rows=2528312 loops=1)
                    Buckets: 131072  Batches: 64  Memory Usage: 2415kB
                    ->  Seq Scan on title t  (cost=0.00..61283.27 rows=2528527 width=4) (actual time=0.015..1025.355 rows=2528312 loops=1)
Planning time: 1.491 ms
Execution time: 32069.597 ms
