Seq Scan on movie_keyword mk  (cost=0.00..81003.12 rows=753016 width=0) (actual time=0.025..1292.729 rows=757190 loops=1)
  Filter: (keyword_id < 698)
  Rows Removed by Filter: 3766740
Planning time: 3.671 ms
Execution time: 1386.438 ms
