Seq Scan on cast_info ci  (cost=0.00..796071.18 rows=1092770 width=0) (actual time=6101.616..12317.607 rows=757062 loops=1)
  Filter: ((person_id < 953400) AND (role_id = 3))
  Rows Removed by Filter: 35487282
Planning time: 0.413 ms
Execution time: 12409.935 ms
