Seq Scan on cast_info ci  (cost=0.00..705507.15 rows=12986196 width=0) (actual time=0.024..11443.492 rows=13117413 loops=1)
  Filter: (person_id > 2364308)
  Rows Removed by Filter: 23126931
Planning time: 0.318 ms
Execution time: 13059.121 ms
