Hash Join  (cost=83072.46..137738.12 rows=14 width=0) (actual time=1378.636..2453.680 rows=1614 loops=1)
  Hash Cond: (mc.movie_id = t.id)
  ->  Seq Scan on movie_companies mc  (cost=0.00..44881.29 rows=2609129 width=4) (actual time=0.024..619.338 rows=2609129 loops=1)
  ->  Hash  (cost=83072.29..83072.29 rows=14 width=8) (actual time=1377.955..1377.955 rows=104 loops=1)
        Buckets: 1024  Batches: 1  Memory Usage: 13kB
        ->  Nested Loop  (cost=0.43..83072.29 rows=14 width=8) (actual time=0.462..1377.819 rows=104 loops=1)
              ->  Seq Scan on movie_keyword mk  (cost=0.00..81003.12 rows=246 width=4) (actual time=0.245..1292.723 rows=2113 loops=1)
                    Filter: (keyword_id = 2109)
                    Rows Removed by Filter: 4521817
              ->  Index Scan using title_pkey on title t  (cost=0.43..8.40 rows=1 width=4) (actual time=0.039..0.039 rows=0 loops=2113)
                    Index Cond: (id = mk.movie_id)
                    Filter: (production_year = 2010)
                    Rows Removed by Filter: 1
Planning time: 1.202 ms
Execution time: 2454.114 ms
