Hash Join  (cost=183127.07..311891.09 rows=554998 width=0) (actual time=3546.615..6774.511 rows=709444 loops=1)
  Hash Cond: (mk.movie_id = t.id)
  ->  Seq Scan on movie_keyword mk  (cost=0.00..69693.30 rows=4523930 width=4) (actual time=0.012..1425.120 rows=4523930 loops=1)
  ->  Hash  (cost=178037.56..178037.56 rows=310201 width=8) (actual time=3545.653..3545.653 rows=169589 loops=1)
        Buckets: 131072  Batches: 8  Memory Usage: 1869kB
        ->  Hash Join  (cost=102767.86..178037.56 rows=310201 width=8) (actual time=2083.259..3486.483 rows=169589 loops=1)
              Hash Cond: (mc.movie_id = t.id)
              ->  Seq Scan on movie_companies mc  (cost=0.00..57926.93 rows=310201 width=4) (actual time=38.114..886.953 rows=169589 loops=1)
                    Filter: ((company_id < 707) AND (company_type_id = 2))
                    Rows Removed by Filter: 2439540
              ->  Hash  (cost=61283.27..61283.27 rows=2528527 width=4) (actual time=2043.827..2043.827 rows=2528312 loops=1)
                    Buckets: 131072  Batches: 64  Memory Usage: 2415kB
                    ->  Seq Scan on title t  (cost=0.00..61283.27 rows=2528527 width=4) (actual time=0.022..1195.137 rows=2528312 loops=1)
Planning time: 1.066 ms
Execution time: 6840.632 ms
