Hash Join  (cost=102767.86..171320.66 rows=31007 width=0) (actual time=1961.537..3366.789 rows=55497 loops=1)
  Hash Cond: (mc.movie_id = t.id)
  ->  Seq Scan on movie_companies mc  (cost=0.00..57926.93 rows=31007 width=4) (actual time=0.065..976.358 rows=55497 loops=1)
        Filter: ((company_type_id < 2) AND (company_id = 6))
        Rows Removed by Filter: 2553632
  ->  Hash  (cost=61283.27..61283.27 rows=2528527 width=4) (actual time=1960.315..1960.315 rows=2528312 loops=1)
        Buckets: 131072  Batches: 64  Memory Usage: 2415kB
        ->  Seq Scan on title t  (cost=0.00..61283.27 rows=2528527 width=4) (actual time=0.016..1094.495 rows=2528312 loops=1)
Planning time: 0.747 ms
Execution time: 3373.591 ms
