Hash Join  (cost=125637.39..252442.64 rows=394221 width=0) (actual time=2451.481..5589.191 rows=313722 loops=1)
  Hash Cond: (mk.movie_id = t.id)
  ->  Seq Scan on movie_keyword mk  (cost=0.00..69693.30 rows=4523930 width=4) (actual time=0.021..1471.022 rows=4523930 loops=1)
  ->  Hash  (cost=122022.15..122022.15 rows=220339 width=8) (actual time=2450.628..2450.628 rows=96867 loops=1)
        Buckets: 131072  Batches: 4  Memory Usage: 1967kB
        ->  Hash Join  (cost=80549.28..122022.15 rows=220339 width=8) (actual time=1463.916..2418.084 rows=96867 loops=1)
              Hash Cond: (mi_idx.movie_id = t.id)
              ->  Seq Scan on movie_info_idx mi_idx  (cost=0.00..21735.35 rows=1380035 width=4) (actual time=0.023..421.794 rows=1380035 loops=1)
              ->  Hash  (cost=73925.90..73925.90 rows=403710 width=4) (actual time=1276.381..1276.381 rows=434218 loops=1)
                    Buckets: 131072  Batches: 8  Memory Usage: 2935kB
                    ->  Seq Scan on title t  (cost=0.00..73925.90 rows=403710 width=4) (actual time=0.013..1132.269 rows=434218 loops=1)
                          Filter: ((production_year > 2008) AND (kind_id = 7))
                          Rows Removed by Filter: 2094094
Planning time: 1.169 ms
Execution time: 5623.722 ms
