Seq Scan on title t  (cost=0.00..73925.90 rows=151488 width=0) (actual time=0.030..1123.672 rows=133817 loops=1)
  Filter: ((kind_id < 6) AND (production_year > 2010))
  Rows Removed by Filter: 2394495
Planning time: 0.318 ms
Execution time: 1141.925 ms
