Seq Scan on movie_keyword mk  (cost=0.00..81003.12 rows=3156440 width=0) (actual time=0.018..1600.460 rows=3139037 loops=1)
  Filter: (keyword_id < 12058)
  Rows Removed by Filter: 1384893
Planning time: 0.243 ms
Execution time: 2012.250 ms
