Hash Join  (cost=73454.11..170804.15 rows=162530 width=0) (actual time=1117.754..3108.116 rows=230450 loops=1)
  Hash Cond: (mk.movie_id = t.id)
  ->  Seq Scan on movie_keyword mk  (cost=0.00..81003.12 rows=1152698 width=4) (actual time=0.018..1421.580 rows=1168782 loops=1)
        Filter: (keyword_id > 16006)
        Rows Removed by Filter: 3355148
  ->  Hash  (cost=67604.59..67604.59 rows=356522 width=4) (actual time=1117.106..1117.106 rows=352081 loops=1)
        Buckets: 131072  Batches: 8  Memory Usage: 2571kB
        ->  Seq Scan on title t  (cost=0.00..67604.59 rows=356522 width=4) (actual time=0.016..999.466 rows=352081 loops=1)
              Filter: (production_year < 1969)
              Rows Removed by Filter: 2176231
Planning time: 0.583 ms
Execution time: 3133.623 ms
