Hash Join  (cost=455527.30..584277.83 rows=553849 width=0) (actual time=8040.036..11987.877 rows=2983482 loops=1)
  Hash Cond: (mk.movie_id = t.id)
  ->  Seq Scan on movie_keyword mk  (cost=0.00..69693.30 rows=4523930 width=4) (actual time=0.014..1386.425 rows=4523930 loops=1)
  ->  Hash  (cost=450447.81..450447.81 rows=309559 width=8) (actual time=8039.058..8039.058 rows=601583 loops=1)
        Buckets: 131072  Batches: 8  Memory Usage: 3979kB
        ->  Hash Join  (cost=84084.73..450447.81 rows=309559 width=8) (actual time=6227.897..7875.615 rows=601583 loops=1)
              Hash Cond: (mi.movie_id = t.id)
              ->  Seq Scan on movie_info mi  (cost=0.00..346232.03 rows=1264125 width=4) (actual time=4703.738..5483.518 rows=1288928 loops=1)
                    Filter: (info_type_id = 2)
                    Rows Removed by Filter: 13546792
              ->  Hash  (cost=73925.90..73925.90 rows=619186 width=4) (actual time=1523.308..1523.308 rows=634771 loops=1)
                    Buckets: 131072  Batches: 16  Memory Usage: 2427kB
                    ->  Seq Scan on title t  (cost=0.00..73925.90 rows=619186 width=4) (actual time=0.032..1314.126 rows=634771 loops=1)
                          Filter: ((kind_id < 3) AND (production_year < 2011))
                          Rows Removed by Filter: 1893541
Planning time: 1.238 ms
Execution time: 12320.807 ms
