Seq Scan on movie_companies mc  (cost=0.00..51404.11 rows=1857507 width=0) (actual time=0.043..979.490 rows=1852808 loops=1)
  Filter: (company_id < 36001)
  Rows Removed by Filter: 756321
Planning time: 0.441 ms
Execution time: 1224.930 ms
