Seq Scan on movie_companies mc  (cost=0.00..51404.11 rows=104 width=0) (actual time=678.286..865.133 rows=2 loops=1)
  Filter: (company_id = 159911)
  Rows Removed by Filter: 2609127
Planning time: 0.358 ms
Execution time: 865.205 ms
