Hash Join  (cost=162562.34..1012901.65 rows=273490 width=0) (actual time=7059.877..24217.480 rows=2903386 loops=1)
  Hash Cond: (ci.movie_id = t.id)
  ->  Seq Scan on cast_info ci  (cost=0.00..796071.18 rows=10306648 width=4) (actual time=3938.365..16224.879 rows=12670688 loops=1)
        Filter: ((person_id < 2968361) AND (role_id = 1))
        Rows Removed by Filter: 23573656
  ->  Hash  (cost=161723.65..161723.65 rows=67095 width=8) (actual time=3120.533..3120.533 rows=146269 loops=1)
        Buckets: 131072 (originally 131072)  Batches: 2 (originally 1)  Memory Usage: 3906kB
        ->  Hash Join  (cost=74394.67..161723.65 rows=67095 width=8) (actual time=1174.226..3070.020 rows=146269 loops=1)
              Hash Cond: (mk.movie_id = t.id)
              ->  Seq Scan on movie_keyword mk  (cost=0.00..69693.30 rows=4523930 width=4) (actual time=0.034..1025.660 rows=4523930 loops=1)
              ->  Hash  (cost=73925.90..73925.90 rows=37501 width=4) (actual time=1173.381..1173.381 rows=32253 loops=1)
                    Buckets: 65536  Batches: 1  Memory Usage: 1646kB
                    ->  Seq Scan on title t  (cost=0.00..73925.90 rows=37501 width=4) (actual time=0.052..1158.875 rows=32253 loops=1)
                          Filter: ((kind_id < 7) AND (production_year = 2005))
                          Rows Removed by Filter: 2496059
Planning time: 1.222 ms
Execution time: 24542.015 ms
