Hash Join  (cost=95523.84..449715.19 rows=18223 width=0) (actual time=3155.275..8136.498 rows=39729 loops=1)
  Hash Cond: (mi.movie_id = t.id)
  ->  Seq Scan on movie_info mi  (cost=0.00..346232.03 rows=2073893 width=4) (actual time=1273.801..5807.139 rows=2091068 loops=1)
        Filter: (info_type_id < 3)
        Rows Removed by Filter: 12744652
  ->  Hash  (cost=95246.11..95246.11 rows=22218 width=8) (actual time=1881.169..1881.169 rows=26998 loops=1)
        Buckets: 32768  Batches: 1  Memory Usage: 1311kB
        ->  Hash Join  (cost=68113.45..95246.11 rows=22218 width=8) (actual time=1198.828..1871.912 rows=26998 loops=1)
              Hash Cond: (mi_idx.movie_id = t.id)
              ->  Seq Scan on movie_info_idx mi_idx  (cost=0.00..21735.35 rows=1380035 width=4) (actual time=0.025..335.695 rows=1380035 loops=1)
              ->  Hash  (cost=67604.59..67604.59 rows=40709 width=4) (actual time=1198.004..1198.004 rows=38955 loops=1)
                    Buckets: 65536  Batches: 1  Memory Usage: 1882kB
                    ->  Seq Scan on title t  (cost=0.00..67604.59 rows=40709 width=4) (actual time=0.038..1180.362 rows=38955 loops=1)
                          Filter: (production_year = 1997)
                          Rows Removed by Filter: 2489357
Planning time: 1.196 ms
Execution time: 8142.606 ms
