Hash Join  (cost=911138.02..1415049.98 rows=2259203 width=0) (actual time=15713.311..29577.426 rows=2586001 loops=1)
  Hash Cond: (mi.movie_id = t.id)
  ->  Seq Scan on movie_info mi  (cost=0.00..309384.22 rows=14739122 width=4) (actual time=0.026..6503.258 rows=14835720 loops=1)
  ->  Hash  (cost=904779.38..904779.38 rows=387571 width=8) (actual time=15608.351..15608.351 rows=808504 loops=1)
        Buckets: 131072 (originally 131072)  Batches: 16 (originally 8)  Memory Usage: 3073kB
        ->  Hash Join  (cost=84037.34..904779.38 rows=387571 width=8) (actual time=8824.884..15364.840 rows=808504 loops=1)
              Hash Cond: (ci.movie_id = t.id)
              ->  Seq Scan on cast_info ci  (cost=0.00..796071.18 rows=1590173 width=4) (actual time=7248.170..12034.706 rows=3179492 loops=1)
                    Filter: ((person_id < 425287) AND (role_id = 1))
                    Rows Removed by Filter: 33064852
              ->  Hash  (cost=73925.90..73925.90 rows=616275 width=4) (actual time=1575.557..1575.557 rows=676927 loops=1)
                    Buckets: 131072  Batches: 16  Memory Usage: 2516kB
                    ->  Seq Scan on title t  (cost=0.00..73925.90 rows=616275 width=4) (actual time=377.898..1366.886 rows=676927 loops=1)
                          Filter: ((production_year > 2005) AND (kind_id = 7))
                          Rows Removed by Filter: 1851385
Planning time: 1.215 ms
Execution time: 29855.740 ms
