Seq Scan on movie_keyword mk  (cost=0.00..81003.12 rows=2607615 width=0) (actual time=0.014..1633.277 rows=2598159 loops=1)
  Filter: (keyword_id < 6960)
  Rows Removed by Filter: 1925771
Planning time: 0.224 ms
Execution time: 1954.411 ms
