Seq Scan on cast_info ci  (cost=0.00..796071.18 rows=224 width=0) (actual time=3691.178..12515.683 rows=180 loops=1)
  Filter: ((role_id > 2) AND (person_id = 1662393))
  Rows Removed by Filter: 36244164
Planning time: 0.405 ms
Execution time: 12515.870 ms
