Hash Join  (cost=587806.18..2046911.61 rows=19361316 width=0) (actual time=14197.297..50983.966 rows=27080317 loops=1)
  Hash Cond: (ci.movie_id = t.id)
  ->  Seq Scan on cast_info ci  (cost=0.00..614943.12 rows=36225612 width=4) (actual time=0.015..12986.392 rows=36244344 loops=1)
  ->  Hash  (cost=565634.57..565634.57 rows=1351409 width=8) (actual time=14195.756..14195.756 rows=984589 loops=1)
        Buckets: 131072  Batches: 32  Memory Usage: 2195kB
        ->  Hash Join  (cost=71408.55..565634.57 rows=1351409 width=8) (actual time=1199.684..13896.621 rows=984589 loops=1)
              Hash Cond: (mi.movie_id = t.id)
              ->  Seq Scan on movie_info mi  (cost=0.00..309384.22 rows=14739122 width=4) (actual time=0.019..5976.287 rows=14835720 loops=1)
              ->  Hash  (cost=67604.59..67604.59 rows=231837 width=4) (actual time=1198.856..1198.856 rows=231649 loops=1)
                    Buckets: 131072  Batches: 4  Memory Usage: 3082kB
                    ->  Seq Scan on title t  (cost=0.00..67604.59 rows=231837 width=4) (actual time=0.040..1116.145 rows=231649 loops=1)
                          Filter: (production_year > 2011)
                          Rows Removed by Filter: 2296663
Planning time: 0.999 ms
Execution time: 54305.355 ms
