Seq Scan on movie_keyword mk  (cost=0.00..81003.12 rows=2283495 width=0) (actual time=0.028..1402.047 rows=2289365 loops=1)
  Filter: (keyword_id > 4601)
  Rows Removed by Filter: 2234565
Planning time: 0.362 ms
Execution time: 1677.274 ms
