Hash Join  (cost=102767.86..954607.02 rows=5670770 width=0) (actual time=2997.242..19899.052 rows=5588092 loops=1)
  Hash Cond: (ci.movie_id = t.id)
  ->  Seq Scan on cast_info ci  (cost=0.00..705507.15 rows=5670770 width=4) (actual time=28.591..11978.652 rows=5588092 loops=1)
        Filter: (person_id < 539935)
        Rows Removed by Filter: 30656252
  ->  Hash  (cost=61283.27..61283.27 rows=2528527 width=4) (actual time=2967.071..2967.071 rows=2528312 loops=1)
        Buckets: 131072  Batches: 64  Memory Usage: 2415kB
        ->  Seq Scan on title t  (cost=0.00..61283.27 rows=2528527 width=4) (actual time=0.021..1038.232 rows=2528312 loops=1)
Planning time: 0.752 ms
Execution time: 20546.002 ms
