Hash Join  (cost=80408.18..153683.99 rows=164314 width=0) (actual time=1362.701..2976.705 rows=148020 loops=1)
  Hash Cond: (mc.movie_id = t.id)
  ->  Seq Scan on movie_companies mc  (cost=0.00..57926.93 rows=1051664 width=4) (actual time=0.027..1149.829 rows=784392 loops=1)
        Filter: ((company_id < 71881) AND (company_type_id = 2))
        Rows Removed by Filter: 1824737
  ->  Hash  (cost=73925.90..73925.90 rows=395062 width=4) (actual time=1361.847..1361.847 rows=335993 loops=1)
        Buckets: 131072  Batches: 8  Memory Usage: 2492kB
        ->  Seq Scan on title t  (cost=0.00..73925.90 rows=395062 width=4) (actual time=0.017..1255.080 rows=335993 loops=1)
              Filter: ((kind_id < 7) AND (production_year > 2005))
              Rows Removed by Filter: 2192319
Planning time: 0.808 ms
Execution time: 2995.389 ms
