Hash Join  (cost=199766.05..1395743.41 rows=15786920 width=0) (actual time=4203.294..43889.933 rows=16288675 loops=1)
  Hash Cond: (ci.movie_id = t.id)
  ->  Seq Scan on cast_info ci  (cost=0.00..614943.12 rows=36225612 width=4) (actual time=0.018..13588.769 rows=36244344 loops=1)
  ->  Hash  (cost=181687.07..181687.07 rows=1101918 width=8) (actual time=4202.427..4202.427 rows=428596 loops=1)
        Buckets: 131072  Batches: 16  Memory Usage: 2046kB
        ->  Hash Join  (cost=91446.37..181687.07 rows=1101918 width=8) (actual time=2305.216..4095.954 rows=428596 loops=1)
              Hash Cond: (mc.movie_id = t.id)
              ->  Seq Scan on movie_companies mc  (cost=0.00..44881.29 rows=2609129 width=4) (actual time=0.016..903.336 rows=2609129 loops=1)
              ->  Hash  (cost=73925.90..73925.90 rows=1067877 width=4) (actual time=1743.103..1743.103 rows=1163273 loops=1)
                    Buckets: 131072  Batches: 16  Memory Usage: 3588kB
                    ->  Seq Scan on title t  (cost=0.00..73925.90 rows=1067877 width=4) (actual time=0.041..1387.139 rows=1163273 loops=1)
                          Filter: ((production_year > 1990) AND (kind_id = 7))
                          Rows Removed by Filter: 1365039
Planning time: 0.755 ms
Execution time: 45747.140 ms
