Hash Join  (cost=85282.22..170178.24 rows=714250 width=0) (actual time=5567.162..9929.299 rows=372564 loops=1)
  Hash Cond: (mc.movie_id = t.id)
  ->  Seq Scan on movie_companies mc  (cost=0.00..44881.29 rows=2609129 width=4) (actual time=0.016..3414.552 rows=2609129 loops=1)
  ->  Hash  (cost=73925.90..73925.90 rows=692185 width=4) (actual time=4189.556..4189.556 rows=596495 loops=1)
        Buckets: 131072  Batches: 16  Memory Usage: 2332kB
        ->  Seq Scan on title t  (cost=0.00..73925.90 rows=692185 width=4) (actual time=112.546..3951.793 rows=596495 loops=1)
              Filter: ((production_year < 2002) AND (kind_id = 7))
              Rows Removed by Filter: 1931817
Planning time: 15.824 ms
Execution time: 9981.574 ms
