Hash Join  (cost=83891.93..117944.81 rows=111694 width=0) (actual time=2049.831..2956.943 rows=240325 loops=1)
  Hash Cond: (mi_idx.movie_id = t.id)
  ->  Seq Scan on movie_info_idx mi_idx  (cost=0.00..25185.44 rows=464934 width=4) (actual time=0.023..505.116 rows=460185 loops=1)
        Filter: (info_type_id > 100)
        Rows Removed by Filter: 919850
  ->  Hash  (cost=73925.90..73925.90 rows=607442 width=4) (actual time=2048.908..2048.908 rows=675690 loops=1)
        Buckets: 131072  Batches: 8  Memory Usage: 4012kB
        ->  Seq Scan on title t  (cost=0.00..73925.90 rows=607442 width=4) (actual time=0.011..1139.111 rows=675690 loops=1)
              Filter: ((kind_id < 7) AND (production_year < 2007))
              Rows Removed by Filter: 1852622
Planning time: 0.753 ms
Execution time: 2983.178 ms
