Hash Join  (cost=89440.68..177942.27 rows=975807 width=0) (actual time=1543.702..4017.052 rows=643280 loops=1)
  Hash Cond: (mc.movie_id = t.id)
  ->  Seq Scan on movie_companies mc  (cost=0.00..44881.29 rows=2609129 width=4) (actual time=0.020..934.004 rows=2609129 loops=1)
  ->  Hash  (cost=73925.90..73925.90 rows=945662 width=4) (actual time=1542.654..1542.654 rows=870610 loops=1)
        Buckets: 131072  Batches: 16  Memory Usage: 2940kB
        ->  Seq Scan on title t  (cost=0.00..73925.90 rows=945662 width=4) (actual time=0.021..1263.212 rows=870610 loops=1)
              Filter: ((kind_id > 2) AND (production_year < 2005))
              Rows Removed by Filter: 1657702
Planning time: 0.772 ms
Execution time: 4089.155 ms
