Seq Scan on movie_companies mc  (cost=0.00..51404.11 rows=104 width=0) (actual time=0.161..828.847 rows=605 loops=1)
  Filter: (company_id = 1695)
  Rows Removed by Filter: 2608524
Planning time: 0.333 ms
Execution time: 829.112 ms
