Nested Loop  (cost=0.43..83071.67 rows=246 width=0) (actual time=6.552..1249.871 rows=167 loops=1)
  ->  Seq Scan on movie_keyword mk  (cost=0.00..81003.12 rows=246 width=4) (actual time=6.477..1244.149 rows=167 loops=1)
        Filter: (keyword_id = 7415)
        Rows Removed by Filter: 4523763
  ->  Index Only Scan using title_pkey on title t  (cost=0.43..8.40 rows=1 width=4) (actual time=0.030..0.031 rows=1 loops=167)
        Index Cond: (id = mk.movie_id)
        Heap Fetches: 167
Planning time: 0.737 ms
Execution time: 1250.058 ms
