Hash Join  (cost=263115.61..431861.42 rows=3282116 width=0) (actual time=6457.271..16049.004 rows=25233578 loops=1)
  Hash Cond: (mk.movie_id = t.id)
  ->  Seq Scan on movie_keyword mk  (cost=0.00..81003.12 rows=3180724 width=4) (actual time=0.021..1673.200 rows=3159964 loops=1)
        Filter: (keyword_id > 1776)
        Rows Removed by Filter: 1363966
  ->  Hash  (cost=220309.49..220309.49 rows=2609129 width=8) (actual time=6455.819..6455.819 rows=2609129 loops=1)
        Buckets: 131072  Batches: 64  Memory Usage: 2691kB
        ->  Hash Join  (cost=102767.86..220309.49 rows=2609129 width=8) (actual time=1945.354..5637.355 rows=2609129 loops=1)
              Hash Cond: (mc.movie_id = t.id)
              ->  Seq Scan on movie_companies mc  (cost=0.00..44881.29 rows=2609129 width=4) (actual time=0.023..943.014 rows=2609129 loops=1)
              ->  Hash  (cost=61283.27..61283.27 rows=2528527 width=4) (actual time=1943.607..1943.607 rows=2528312 loops=1)
                    Buckets: 131072  Batches: 64  Memory Usage: 2415kB
                    ->  Seq Scan on title t  (cost=0.00..61283.27 rows=2528527 width=4) (actual time=0.006..1099.634 rows=2528312 loops=1)
Planning time: 1.078 ms
Execution time: 18909.764 ms
