Hash Join  (cost=462943.22..1552000.07 rows=5378665 width=0) (actual time=7508.026..38842.286 rows=10041974 loops=1)
  Hash Cond: (ci.movie_id = t.id)
  ->  Seq Scan on cast_info ci  (cost=0.00..614943.12 rows=36225612 width=4) (actual time=0.024..13311.998 rows=36244344 loops=1)
  ->  Hash  (cost=456783.37..456783.37 rows=375428 width=8) (actual time=7507.165..7507.165 rows=233932 loops=1)
        Buckets: 131072  Batches: 8  Memory Usage: 2131kB
        ->  Hash Join  (cost=92883.59..456783.37 rows=375428 width=8) (actual time=2221.563..7444.775 rows=233932 loops=1)
              Hash Cond: (mi.movie_id = t.id)
              ->  Seq Scan on movie_info mi  (cost=0.00..346232.03 rows=616095 width=4) (actual time=354.621..5078.265 rows=598457 loops=1)
                    Filter: (info_type_id = 15)
                    Rows Removed by Filter: 14237263
              ->  Hash  (cost=67604.59..67604.59 rows=1540800 width=4) (actual time=1817.103..1817.103 rows=1543264 loops=1)
                    Buckets: 131072  Batches: 32  Memory Usage: 2728kB
                    ->  Seq Scan on title t  (cost=0.00..67604.59 rows=1540800 width=4) (actual time=357.342..1315.861 rows=1543264 loops=1)
                          Filter: (kind_id = 7)
                          Rows Removed by Filter: 985048
Planning time: 1.190 ms
Execution time: 40002.908 ms
