Hash Join  (cost=124026.61..235787.12 rows=187565 width=0) (actual time=2227.132..5109.421 rows=165423 loops=1)
  Hash Cond: (mk.movie_id = t.id)
  ->  Seq Scan on movie_keyword mk  (cost=0.00..81003.12 rows=2431929 width=4) (actual time=0.028..1601.699 rows=2425092 loops=1)
        Filter: (keyword_id > 3778)
        Rows Removed by Filter: 2098838
  ->  Hash  (cost=120826.92..120826.92 rows=195015 width=8) (actual time=2205.658..2205.658 rows=92226 loops=1)
        Buckets: 131072  Batches: 4  Memory Usage: 1932kB
        ->  Hash Join  (cost=79788.29..120826.92 rows=195015 width=8) (actual time=1086.107..2174.290 rows=92226 loops=1)
              Hash Cond: (mi_idx.movie_id = t.id)
              ->  Seq Scan on movie_info_idx mi_idx  (cost=0.00..21735.35 rows=1380035 width=4) (actual time=0.025..464.922 rows=1380035 loops=1)
              ->  Hash  (cost=73925.90..73925.90 rows=357311 width=4) (actual time=1085.318..1085.318 rows=218528 loops=1)
                    Buckets: 131072  Batches: 8  Memory Usage: 1978kB
                    ->  Seq Scan on title t  (cost=0.00..73925.90 rows=357311 width=4) (actual time=0.038..1014.664 rows=218528 loops=1)
                          Filter: ((kind_id > 1) AND (production_year < 1978))
                          Rows Removed by Filter: 2309784
Planning time: 1.145 ms
Execution time: 5130.337 ms
