Seq Scan on cast_info ci  (cost=0.00..796071.18 rows=1273297 width=0) (actual time=5461.443..11107.312 rows=602138 loops=1)
  Filter: ((person_id < 560927) AND (role_id > 6))
  Rows Removed by Filter: 35642206
Planning time: 0.348 ms
Execution time: 11189.769 ms
