Hash Join  (cost=142181.83..890661.80 rows=221630 width=0) (actual time=7677.445..51982.214 rows=437943 loops=1)
  Hash Cond: (ci.movie_id = t.id)
  ->  Seq Scan on cast_info ci  (cost=0.00..705507.15 rows=10868405 width=4) (actual time=0.022..37874.908 rows=10749802 loops=1)
        Filter: (person_id < 1054780)
        Rows Removed by Filter: 25494542
  ->  Hash  (cost=141537.31..141537.31 rows=51562 width=8) (actual time=7675.758..7675.758 rows=86916 loops=1)
        Buckets: 131072 (originally 65536)  Batches: 2 (originally 1)  Memory Usage: 3073kB
        ->  Hash Join  (cost=69484.36..141537.31 rows=51562 width=8) (actual time=4747.901..7634.882 rows=86916 loops=1)
              Hash Cond: (mc.movie_id = t.id)
              ->  Seq Scan on movie_companies mc  (cost=0.00..57926.93 rows=1138237 width=4) (actual time=302.916..3230.353 rows=1055606 loops=1)
                    Filter: ((company_id > 150) AND (company_type_id = 1))
                    Rows Removed by Filter: 1553523
              ->  Hash  (cost=67604.59..67604.59 rows=114542 width=4) (actual time=3162.043..3162.043 rows=118234 loops=1)
                    Buckets: 131072  Batches: 2  Memory Usage: 3101kB
                    ->  Seq Scan on title t  (cost=0.00..67604.59 rows=114542 width=4) (actual time=21.322..3108.664 rows=118234 loops=1)
                          Filter: (kind_id = 4)
                          Rows Removed by Filter: 2410078
Planning time: 1.673 ms
Execution time: 52060.220 ms
