Seq Scan on movie_keyword mk  (cost=0.00..81003.12 rows=246 width=0) (actual time=29.027..1276.132 rows=18 loops=1)
  Filter: (keyword_id = 25796)
  Rows Removed by Filter: 4523912
Planning time: 0.346 ms
Execution time: 1276.224 ms
