Hash Join  (cost=909865.33..997084.87 rows=56151 width=0) (actual time=12037.608..13338.647 rows=138024 loops=1)
  Hash Cond: (mk.movie_id = t.id)
  ->  Seq Scan on movie_keyword mk  (cost=0.00..69693.30 rows=4523930 width=4) (actual time=0.038..672.273 rows=4523930 loops=1)
  ->  Hash  (cost=909473.03..909473.03 rows=31384 width=8) (actual time=12037.193..12037.193 rows=11081 loops=1)
        Buckets: 32768  Batches: 1  Memory Usage: 689kB
        ->  Hash Join  (cost=102767.86..909473.03 rows=31384 width=8) (actual time=5670.686..12032.803 rows=11081 loops=1)
              Hash Cond: (ci.movie_id = t.id)
              ->  Seq Scan on cast_info ci  (cost=0.00..796071.18 rows=31384 width=4) (actual time=3775.314..9775.615 rows=11081 loops=1)
                    Filter: ((person_id < 303708) AND (role_id > 10))
                    Rows Removed by Filter: 36233263
              ->  Hash  (cost=61283.27..61283.27 rows=2528527 width=4) (actual time=1893.086..1893.086 rows=2528312 loops=1)
                    Buckets: 131072  Batches: 64  Memory Usage: 2415kB
                    ->  Seq Scan on title t  (cost=0.00..61283.27 rows=2528527 width=4) (actual time=0.016..1051.666 rows=2528312 loops=1)
Planning time: 1.093 ms
Execution time: 13352.470 ms
