Seq Scan on cast_info ci  (cost=0.00..796071.18 rows=6528353 width=0) (actual time=0.023..14339.876 rows=12670688 loops=1)
  Filter: ((person_id < 1838817) AND (role_id = 1))
  Rows Removed by Filter: 23573656
Planning time: 0.367 ms
Execution time: 15913.749 ms
