Hash Join  (cost=81071.32..184993.46 rows=275037 width=0) (actual time=1530.592..4465.942 rows=89393 loops=1)
  Hash Cond: (mk.movie_id = t.id)
  ->  Seq Scan on movie_keyword mk  (cost=0.00..81003.12 rows=1596972 width=4) (actual time=0.026..1504.886 rows=1606189 loops=1)
        Filter: (keyword_id < 2488)
        Rows Removed by Filter: 2917741
  ->  Hash  (cost=73925.90..73925.90 rows=435473 width=4) (actual time=1396.473..1396.473 rows=293372 loops=1)
        Buckets: 131072  Batches: 8  Memory Usage: 2309kB
        ->  Seq Scan on title t  (cost=0.00..73925.90 rows=435473 width=4) (actual time=0.019..1293.854 rows=293372 loops=1)
              Filter: ((kind_id > 1) AND (production_year < 1985))
              Rows Removed by Filter: 2234940
Planning time: 0.864 ms
Execution time: 4477.788 ms
