Hash Join  (cost=102767.86..1526019.43 rows=25654055 width=0) (actual time=2045.659..44373.066 rows=26859641 loops=1)
  Hash Cond: (ci.movie_id = t.id)
  ->  Seq Scan on cast_info ci  (cost=0.00..796071.18 rows=25654055 width=4) (actual time=0.012..20149.451 rows=26859641 loops=1)
        Filter: ((person_id < 3766374) AND (role_id < 5))
        Rows Removed by Filter: 9384703
  ->  Hash  (cost=61283.27..61283.27 rows=2528527 width=4) (actual time=2043.729..2043.729 rows=2528312 loops=1)
        Buckets: 131072  Batches: 64  Memory Usage: 2415kB
        ->  Seq Scan on title t  (cost=0.00..61283.27 rows=2528527 width=4) (actual time=0.025..1202.177 rows=2528312 loops=1)
Planning time: 0.609 ms
Execution time: 47494.462 ms
