Seq Scan on movie_keyword mk  (cost=0.00..81003.12 rows=828008 width=0) (actual time=0.020..1360.740 rows=836450 loops=1)
  Filter: (keyword_id > 22006)
  Rows Removed by Filter: 3687480
Planning time: 0.372 ms
Execution time: 1465.596 ms
