Hash Join  (cost=78364.59..206263.92 rows=484029 width=0) (actual time=1793.175..5165.677 rows=1766721 loops=1)
  Hash Cond: (mk.movie_id = t.id)
  ->  Seq Scan on movie_keyword mk  (cost=0.00..69693.30 rows=4523930 width=4) (actual time=0.012..1422.507 rows=4523930 loops=1)
  ->  Hash  (cost=73925.90..73925.90 rows=270535 width=4) (actual time=1363.921..1363.921 rows=374196 loops=1)
        Buckets: 131072 (originally 131072)  Batches: 8 (originally 4)  Memory Usage: 3073kB
        ->  Seq Scan on title t  (cost=0.00..73925.90 rows=270535 width=4) (actual time=570.897..1238.268 rows=374196 loops=1)
              Filter: ((production_year < 2000) AND (kind_id = 1))
              Rows Removed by Filter: 2154116
Planning time: 0.708 ms
Execution time: 5383.876 ms
