Hash Join  (cost=153783.23..503122.89 rows=7101 width=0) (actual time=3908.226..7155.161 rows=25873 loops=1)
  Hash Cond: (mi.movie_id = t.id)
  ->  Seq Scan on movie_info mi  (cost=0.00..346232.03 rows=809768 width=4) (actual time=1183.762..4288.150 rows=802140 loops=1)
        Filter: (info_type_id < 2)
        Rows Removed by Filter: 14033580
  ->  Hash  (cost=153506.07..153506.07 rows=22173 width=8) (actual time=2718.000..2718.000 rows=24636 loops=1)
        Buckets: 32768  Batches: 1  Memory Usage: 1219kB
        ->  Hash Join  (cost=68257.79..153506.07 rows=22173 width=8) (actual time=1175.075..2709.443 rows=24636 loops=1)
              Hash Cond: (mk.movie_id = t.id)
              ->  Seq Scan on movie_keyword mk  (cost=0.00..81003.12 rows=1072913 width=4) (actual time=0.033..1331.558 rows=1083382 loops=1)
                    Filter: (keyword_id > 16327)
                    Rows Removed by Filter: 3440548
              ->  Hash  (cost=67604.59..67604.59 rows=52256 width=4) (actual time=1174.360..1174.360 rows=53013 loops=1)
                    Buckets: 65536  Batches: 1  Memory Usage: 2376kB
                    ->  Seq Scan on title t  (cost=0.00..67604.59 rows=52256 width=4) (actual time=0.025..1151.938 rows=53013 loops=1)
                          Filter: (production_year = 2000)
                          Rows Removed by Filter: 2475299
Planning time: 1.166 ms
Execution time: 7159.481 ms
