Hash Join  (cost=102767.86..218256.83 rows=2252730 width=0) (actual time=1995.318..5285.466 rows=2258452 loops=1)
  Hash Cond: (mc.movie_id = t.id)
  ->  Seq Scan on movie_companies mc  (cost=0.00..51404.11 rows=2252730 width=4) (actual time=0.026..1184.524 rows=2258452 loops=1)
        Filter: (company_id > 166)
        Rows Removed by Filter: 350677
  ->  Hash  (cost=61283.27..61283.27 rows=2528527 width=4) (actual time=1994.232..1994.232 rows=2528312 loops=1)
        Buckets: 131072  Batches: 64  Memory Usage: 2415kB
        ->  Seq Scan on title t  (cost=0.00..61283.27 rows=2528527 width=4) (actual time=0.026..1138.103 rows=2528312 loops=1)
Planning time: 0.752 ms
Execution time: 5545.715 ms
