Seq Scan on movie_keyword mk  (cost=0.00..81003.12 rows=2530153 width=0) (actual time=0.012..1573.650 rows=2521960 loops=1)
  Filter: (keyword_id < 6250)
  Rows Removed by Filter: 2001970
Planning time: 0.202 ms
Execution time: 1895.051 ms
