Seq Scan on title t  (cost=0.00..73925.90 rows=33510 width=0) (actual time=0.014..1086.374 rows=22107 loops=1)
  Filter: ((kind_id < 2) AND (production_year = 2008))
  Rows Removed by Filter: 2506205
Planning time: 0.371 ms
Execution time: 1090.029 ms
