Hash Join  (cost=102602.93..189279.77 rows=1880 width=0) (actual time=1742.647..3604.955 rows=33238 loops=1)
  Hash Cond: (mk.movie_id = t.id)
  ->  Seq Scan on movie_keyword mk  (cost=0.00..69693.30 rows=4523930 width=4) (actual time=0.012..1050.331 rows=4523930 loops=1)
  ->  Hash  (cost=102589.79..102589.79 rows=1051 width=8) (actual time=1739.440..1739.440 rows=3994 loops=1)
        Buckets: 4096 (originally 2048)  Batches: 1 (originally 1)  Memory Usage: 189kB
        ->  Hash Join  (cost=73962.22..102589.79 rows=1051 width=8) (actual time=1131.299..1737.700 rows=3994 loops=1)
              Hash Cond: (mi_idx.movie_id = t.id)
              ->  Seq Scan on movie_info_idx mi_idx  (cost=0.00..25185.44 rows=915101 width=4) (actual time=0.018..454.570 rows=919850 loops=1)
                    Filter: (info_type_id < 101)
                    Rows Removed by Filter: 460185
              ->  Hash  (cost=73925.90..73925.90 rows=2905 width=4) (actual time=1130.178..1130.178 rows=5291 loops=1)
                    Buckets: 8192 (originally 4096)  Batches: 1 (originally 1)  Memory Usage: 251kB
                    ->  Seq Scan on title t  (cost=0.00..73925.90 rows=2905 width=4) (actual time=1.448..1127.349 rows=5291 loops=1)
                          Filter: ((kind_id < 7) AND (production_year = 1966))
                          Rows Removed by Filter: 2523021
Planning time: 1.181 ms
Execution time: 3609.600 ms
