Seq Scan on cast_info ci  (cost=0.00..796071.18 rows=2985034 width=0) (actual time=7070.585..12836.879 rows=2653 loops=1)
  Filter: ((person_id < 1451338) AND (role_id = 2))
  Rows Removed by Filter: 36241691
Planning time: 0.381 ms
Execution time: 12837.472 ms
