Seq Scan on movie_companies mc  (cost=0.00..51404.11 rows=1552030 width=0) (actual time=0.017..958.453 rows=1556152 loops=1)
  Filter: (company_id > 6198)
  Rows Removed by Filter: 1052977
Planning time: 0.313 ms
Execution time: 1164.063 ms
