Hash Join  (cost=204672.99..1317838.94 rows=3317579 width=0) (actual time=3726.890..32414.219 rows=223454 loops=1)
  Hash Cond: (ci.movie_id = t.id)
  ->  Seq Scan on cast_info ci  (cost=0.00..614943.12 rows=36225612 width=4) (actual time=0.023..13067.523 rows=36244344 loops=1)
  ->  Hash  (cost=200873.43..200873.43 rows=231565 width=8) (actual time=3724.771..3724.771 rows=18252 loops=1)
        Buckets: 131072  Batches: 4  Memory Usage: 1203kB
        ->  Hash Join  (cost=76049.74..200873.43 rows=231565 width=8) (actual time=2638.385..3716.981 rows=18252 loops=1)
              Hash Cond: (mk.movie_id = t.id)
              ->  Seq Scan on movie_keyword mk  (cost=0.00..69693.30 rows=4523930 width=4) (actual time=0.026..1386.641 rows=4523930 loops=1)
              ->  Hash  (cost=73925.90..73925.90 rows=129427 width=4) (actual time=999.755..999.755 rows=27808 loops=1)
                    Buckets: 131072  Batches: 2  Memory Usage: 1519kB
                    ->  Seq Scan on title t  (cost=0.00..73925.90 rows=129427 width=4) (actual time=0.035..987.663 rows=27808 loops=1)
                          Filter: ((production_year < 1957) AND (kind_id = 7))
                          Rows Removed by Filter: 2500504
Planning time: 1.143 ms
Execution time: 32444.283 ms
