Seq Scan on cast_info ci  (cost=0.00..705507.15 rows=500 width=0) (actual time=3321.016..11334.092 rows=379 loops=1)
  Filter: (person_id = 2902657)
  Rows Removed by Filter: 36243965
Planning time: 0.380 ms
Execution time: 11334.292 ms
