Hash Join  (cost=123338.08..614599.35 rows=1073536 width=0) (actual time=2481.663..14546.255 rows=915282 loops=1)
  Hash Cond: (mi.movie_id = t.id)
  ->  Seq Scan on movie_info mi  (cost=0.00..309384.22 rows=14739122 width=4) (actual time=0.014..6085.813 rows=14835720 loops=1)
  ->  Hash  (cost=120315.99..120315.99 rows=184167 width=8) (actual time=2270.611..2270.611 rows=81249 loops=1)
        Buckets: 131072  Batches: 4  Memory Usage: 1823kB
        ->  Hash Join  (cost=79462.84..120315.99 rows=184167 width=8) (actual time=1154.905..2242.936 rows=81249 loops=1)
              Hash Cond: (mi_idx.movie_id = t.id)
              ->  Seq Scan on movie_info_idx mi_idx  (cost=0.00..21735.35 rows=1380035 width=4) (actual time=0.013..445.130 rows=1380035 loops=1)
              ->  Hash  (cost=73925.90..73925.90 rows=337435 width=4) (actual time=1152.499..1152.499 rows=225506 loops=1)
                    Buckets: 131072  Batches: 8  Memory Usage: 2004kB
                    ->  Seq Scan on title t  (cost=0.00..73925.90 rows=337435 width=4) (actual time=0.023..1077.939 rows=225506 loops=1)
                          Filter: ((production_year < 1983) AND (kind_id = 7))
                          Rows Removed by Filter: 2302806
Planning time: 0.769 ms
Execution time: 14653.546 ms
