Hash Join  (cost=173000.62..939405.68 rows=890600 width=0) (actual time=10103.149..55808.994 rows=8873019 loops=1)
  Hash Cond: (ci.movie_id = t.id)
  ->  Seq Scan on cast_info ci  (cost=0.00..705507.15 rows=4320508 width=4) (actual time=0.019..39370.320 rows=4323018 loops=1)
        Filter: (role_id = 10)
        Rows Removed by Filter: 31921326
  ->  Hash  (cost=164449.46..164449.46 rows=521213 width=8) (actual time=10102.006..10102.006 rows=751393 loops=1)
        Buckets: 131072 (originally 131072)  Batches: 16 (originally 8)  Memory Usage: 3073kB
        ->  Hash Join  (cost=82213.80..164449.46 rows=521213 width=8) (actual time=3984.815..9806.629 rows=751393 loops=1)
              Hash Cond: (mc.movie_id = t.id)
              ->  Seq Scan on movie_companies mc  (cost=0.00..44881.29 rows=2609129 width=4) (actual time=0.019..3288.493 rows=2609129 loops=1)
              ->  Hash  (cost=73925.90..73925.90 rows=505112 width=4) (actual time=3983.814..3983.814 rows=392485 loops=1)
                    Buckets: 131072  Batches: 8  Memory Usage: 2748kB
                    ->  Seq Scan on title t  (cost=0.00..73925.90 rows=505112 width=4) (actual time=0.017..3775.105 rows=392485 loops=1)
                          Filter: ((kind_id < 4) AND (production_year > 1998))
                          Rows Removed by Filter: 2135827
Planning time: 1.212 ms
Execution time: 57030.735 ms
