Hash Join  (cost=292458.18..405501.13 rows=2519402 width=0) (actual time=6683.250..13981.983 rows=18256252 loops=1)
  Hash Cond: (mc.movie_id = t.id)
  ->  Seq Scan on movie_companies mc  (cost=0.00..44881.29 rows=2609129 width=4) (actual time=0.014..980.699 rows=2609129 loops=1)
  ->  Hash  (cost=252400.53..252400.53 rows=2441572 width=8) (actual time=6681.619..6681.619 rows=2442302 loops=1)
        Buckets: 131072 (originally 131072)  Batches: 64 (originally 32)  Memory Usage: 3988kB
        ->  Hash Join  (cost=102767.86..252400.53 rows=2441572 width=8) (actual time=2100.223..5993.599 rows=2442302 loops=1)
              Hash Cond: (mk.movie_id = t.id)
              ->  Seq Scan on movie_keyword mk  (cost=0.00..81003.12 rows=2441572 width=4) (actual time=0.016..1601.565 rows=2442302 loops=1)
                    Filter: (keyword_id < 5814)
                    Rows Removed by Filter: 2081628
              ->  Hash  (cost=61283.27..61283.27 rows=2528527 width=4) (actual time=2098.883..2098.883 rows=2528312 loops=1)
                    Buckets: 131072  Batches: 64  Memory Usage: 2425kB
                    ->  Seq Scan on title t  (cost=0.00..61283.27 rows=2528527 width=4) (actual time=0.023..1211.201 rows=2528312 loops=1)
Planning time: 1.195 ms
Execution time: 15932.628 ms
