Seq Scan on title t  (cost=0.00..73925.90 rows=8418 width=0) (actual time=0.309..1034.086 rows=2734 loops=1)
  Filter: ((production_year < 1959) AND (kind_id = 2))
  Rows Removed by Filter: 2525578
Planning time: 0.370 ms
Execution time: 1035.087 ms
