Hash Join  (cost=74393.18..159127.64 rows=14153 width=0) (actual time=1179.846..2761.126 rows=17139 loops=1)
  Hash Cond: (mk.movie_id = t.id)
  ->  Seq Scan on movie_keyword mk  (cost=0.00..81003.12 rows=957282 width=4) (actual time=0.024..1386.718 rows=959119 loops=1)
        Filter: (keyword_id < 901)
        Rows Removed by Filter: 3564811
  ->  Hash  (cost=73925.90..73925.90 rows=37382 width=4) (actual time=1179.444..1179.444 rows=33190 loops=1)
        Buckets: 65536  Batches: 1  Memory Usage: 1679kB
        ->  Seq Scan on title t  (cost=0.00..73925.90 rows=37382 width=4) (actual time=0.020..1166.615 rows=33190 loops=1)
              Filter: ((kind_id = 1) AND (production_year = 2010))
              Rows Removed by Filter: 2495122
Planning time: 0.717 ms
Execution time: 2763.977 ms
