Seq Scan on movie_keyword mk  (cost=0.00..81003.12 rows=246 width=0) (actual time=304.601..1308.366 rows=2 loops=1)
  Filter: (keyword_id = 23207)
  Rows Removed by Filter: 4523928
Planning time: 0.343 ms
Execution time: 1308.464 ms
