Hash Join  (cost=430957.11..485660.49 rows=3786 width=0) (actual time=6837.890..7930.850 rows=212 loops=1)
  Hash Cond: (mc.movie_id = t.id)
  ->  Seq Scan on movie_companies mc  (cost=0.00..44881.29 rows=2609129 width=4) (actual time=0.017..720.128 rows=2609129 loops=1)
  ->  Hash  (cost=430911.25..430911.25 rows=3669 width=8) (actual time=6707.364..6707.364 rows=27 loops=1)
        Buckets: 4096  Batches: 1  Memory Usage: 34kB
        ->  Hash Join  (cost=82412.27..430911.25 rows=3669 width=8) (actual time=5930.047..6707.241 rows=27 loops=1)
              Hash Cond: (mi.movie_id = t.id)
              ->  Seq Scan on movie_info mi  (cost=0.00..346232.03 rows=17937 width=4) (actual time=4330.693..5037.775 rows=147487 loops=1)
                    Filter: (info_type_id = 107)
                    Rows Removed by Filter: 14688233
              ->  Hash  (cost=73925.90..73925.90 rows=517229 width=4) (actual time=1468.049..1468.049 rows=403947 loops=1)
                    Buckets: 131072  Batches: 8  Memory Usage: 2790kB
                    ->  Seq Scan on title t  (cost=0.00..73925.90 rows=517229 width=4) (actual time=0.025..1330.003 rows=403947 loops=1)
                          Filter: ((production_year < 1996) AND (kind_id = 7))
                          Rows Removed by Filter: 2124365
Planning time: 1.186 ms
Execution time: 7931.285 ms
