Hash Join  (cost=146801.67..275883.94 rows=493773 width=0) (actual time=3944.083..7784.736 rows=2554307 loops=1)
  Hash Cond: (mk.movie_id = t.id)
  ->  Seq Scan on movie_keyword mk  (cost=0.00..81003.12 rows=3614244 width=4) (actual time=0.024..1746.455 rows=3609579 loops=1)
        Filter: (keyword_id > 865)
        Rows Removed by Filter: 914351
  ->  Hash  (cost=141133.62..141133.62 rows=345444 width=8) (actual time=3941.956..3941.956 rows=395802 loops=1)
        Buckets: 131072  Batches: 8  Memory Usage: 2972kB
        ->  Hash Join  (cost=99161.12..141133.62 rows=345444 width=8) (actual time=2606.535..3820.315 rows=395802 loops=1)
              Hash Cond: (mi_idx.movie_id = t.id)
              ->  Seq Scan on movie_info_idx mi_idx  (cost=0.00..25185.44 rows=454124 width=4) (actual time=0.018..498.933 rows=459925 loops=1)
                    Filter: (info_type_id = 100)
                    Rows Removed by Filter: 920110
              ->  Hash  (cost=67604.59..67604.59 rows=1923403 width=4) (actual time=2605.317..2605.317 rows=1922849 loops=1)
                    Buckets: 131072  Batches: 32  Memory Usage: 3132kB
                    ->  Seq Scan on title t  (cost=0.00..67604.59 rows=1923403 width=4) (actual time=0.011..1491.788 rows=1922849 loops=1)
                          Filter: (production_year < 2010)
                          Rows Removed by Filter: 605463
Planning time: 1.142 ms
Execution time: 8064.457 ms
