Nested Loop  (cost=0.43..58358.39 rows=20 width=0) (actual time=0.113..919.644 rows=93 loops=1)
  ->  Seq Scan on movie_companies mc  (cost=0.00..57926.93 rows=51 width=4) (actual time=0.054..914.389 rows=94 loops=1)
        Filter: ((company_type_id < 2) AND (company_id = 1749))
        Rows Removed by Filter: 2609035
  ->  Index Scan using title_pkey on title t  (cost=0.43..8.45 rows=1 width=4) (actual time=0.053..0.053 rows=1 loops=94)
        Index Cond: (id = mc.movie_id)
        Filter: (kind_id < 7)
        Rows Removed by Filter: 0
Planning time: 0.757 ms
Execution time: 919.791 ms
