Hash Join  (cost=83074.74..833899.15 rows=3524 width=0) (actual time=1264.526..16934.427 rows=37552 loops=1)
  Hash Cond: (ci.movie_id = t.id)
  ->  Seq Scan on cast_info ci  (cost=0.00..614943.12 rows=36225612 width=4) (actual time=0.018..8628.660 rows=36244344 loops=1)
  ->  Hash  (cost=83071.67..83071.67 rows=246 width=8) (actual time=1264.196..1264.196 rows=681 loops=1)
        Buckets: 1024  Batches: 1  Memory Usage: 35kB
        ->  Nested Loop  (cost=0.43..83071.67 rows=246 width=8) (actual time=3.256..1263.673 rows=681 loops=1)
              ->  Seq Scan on movie_keyword mk  (cost=0.00..81003.12 rows=246 width=4) (actual time=3.192..1226.488 rows=681 loops=1)
                    Filter: (keyword_id = 1699)
                    Rows Removed by Filter: 4523249
              ->  Index Only Scan using title_pkey on title t  (cost=0.43..8.40 rows=1 width=4) (actual time=0.053..0.053 rows=1 loops=681)
                    Index Cond: (id = mk.movie_id)
                    Heap Fetches: 681
Planning time: 1.148 ms
Execution time: 16943.636 ms
