Hash Join  (cost=339827.49..874717.30 rows=8424463 width=0) (actual time=7757.449..26018.125 rows=38720799 loops=1)
  Hash Cond: (mi.movie_id = t.id)
  ->  Seq Scan on movie_info mi  (cost=0.00..346232.03 rows=5897221 width=4) (actual time=123.943..6112.312 rows=5884963 loops=1)
        Filter: (info_type_id < 7)
        Rows Removed by Filter: 8950757
  ->  Hash  (cost=280565.96..280565.96 rows=3612122 width=8) (actual time=7631.420..7631.420 rows=3603598 loops=1)
        Buckets: 131072  Batches: 64  Memory Usage: 3321kB
        ->  Hash Join  (cost=102767.86..280565.96 rows=3612122 width=8) (actual time=2021.270..6675.462 rows=3603598 loops=1)
              Hash Cond: (mk.movie_id = t.id)
              ->  Seq Scan on movie_keyword mk  (cost=0.00..81003.12 rows=3612122 width=4) (actual time=0.040..1758.393 rows=3603598 loops=1)
                    Filter: (keyword_id > 869)
                    Rows Removed by Filter: 920332
              ->  Hash  (cost=61283.27..61283.27 rows=2528527 width=4) (actual time=2020.436..2020.436 rows=2528312 loops=1)
                    Buckets: 131072  Batches: 64  Memory Usage: 2425kB
                    ->  Seq Scan on title t  (cost=0.00..61283.27 rows=2528527 width=4) (actual time=0.021..1142.392 rows=2528312 loops=1)
Planning time: 1.121 ms
Execution time: 30240.148 ms
