Hash Join  (cost=77718.01..145990.89 rows=116958 width=0) (actual time=1625.993..3098.021 rows=376386 loops=1)
  Hash Cond: (mc.movie_id = t.id)
  ->  Seq Scan on movie_companies mc  (cost=0.00..51404.11 rows=1279517 width=4) (actual time=292.804..1065.429 rows=1274246 loops=1)
        Filter: (company_type_id = 1)
        Rows Removed by Filter: 1334883
  ->  Hash  (cost=73925.90..73925.90 rows=231128 width=4) (actual time=1332.285..1332.285 rows=341868 loops=1)
        Buckets: 131072  Batches: 4  Memory Usage: 4031kB
        ->  Seq Scan on title t  (cost=0.00..73925.90 rows=231128 width=4) (actual time=0.030..1220.634 rows=341868 loops=1)
              Filter: ((kind_id < 7) AND (production_year < 1985))
              Rows Removed by Filter: 2186444
Planning time: 3.288 ms
Execution time: 3142.272 ms
