Seq Scan on movie_companies mc  (cost=0.00..57926.93 rows=499769 width=0) (actual time=1343.879..2446.138 rows=199043 loops=1)
  Filter: ((company_id > 15648) AND (company_type_id = 1))
  Rows Removed by Filter: 2410086
Planning time: 4.340 ms
Execution time: 2474.007 ms
