Hash Join  (cost=282897.73..1276626.94 rows=8134254 width=0) (actual time=17460.324..31324.508 rows=21560255 loops=1)
  Hash Cond: (ci.movie_id = t.id)
  ->  Seq Scan on cast_info ci  (cost=0.00..796071.18 rows=8324897 width=4) (actual time=10301.410..15974.392 rows=4964337 loops=1)
        Filter: ((person_id < 3253802) AND (role_id > 4))
        Rows Removed by Filter: 31280007
  ->  Hash  (cost=242363.94..242363.94 rows=2470623 width=8) (actual time=7157.214..7157.214 rows=1970380 loops=1)
        Buckets: 131072  Batches: 64  Memory Usage: 2240kB
        ->  Hash Join  (cost=90260.67..242363.94 rows=2470623 width=8) (actual time=1921.223..6056.216 rows=1970380 loops=1)
              Hash Cond: (mk.movie_id = t.id)
              ->  Seq Scan on movie_keyword mk  (cost=0.00..69693.30 rows=4523930 width=4) (actual time=0.026..1467.889 rows=4523930 loops=1)
              ->  Hash  (cost=67604.59..67604.59 rows=1380887 width=4) (actual time=1918.393..1918.393 rows=1381453 loops=1)
                    Buckets: 131072  Batches: 32  Memory Usage: 2551kB
                    ->  Seq Scan on title t  (cost=0.00..67604.59 rows=1380887 width=4) (actual time=0.024..1301.990 rows=1381453 loops=1)
                          Filter: (production_year > 2000)
                          Rows Removed by Filter: 1146859
Planning time: 1.125 ms
Execution time: 33616.960 ms
