Hash Join  (cost=84240.62..509436.38 rows=1354031 width=0) (actual time=3186.011..10648.619 rows=2582161 loops=1)
  Hash Cond: (mi.movie_id = t.id)
  ->  Seq Scan on movie_info mi  (cost=0.00..346232.03 rows=5445713 width=4) (actual time=1759.555..6186.725 rows=5410520 loops=1)
        Filter: (info_type_id < 6)
        Rows Removed by Filter: 9425200
  ->  Hash  (cost=73925.90..73925.90 rows=628697 width=4) (actual time=1425.387..1425.387 rows=532584 loops=1)
        Buckets: 131072  Batches: 16  Memory Usage: 2196kB
        ->  Seq Scan on title t  (cost=0.00..73925.90 rows=628697 width=4) (actual time=0.028..1253.195 rows=532584 loops=1)
              Filter: ((kind_id < 7) AND (production_year > 1995))
              Rows Removed by Filter: 1995728
Planning time: 0.771 ms
Execution time: 10902.430 ms
