Hash Join  (cost=462693.43..606790.29 rows=421008 width=0) (actual time=10262.783..14148.186 rows=2641643 loops=1)
  Hash Cond: (mk.movie_id = t.id)
  ->  Seq Scan on movie_keyword mk  (cost=0.00..69693.30 rows=4523930 width=4) (actual time=0.024..1496.044 rows=4523930 loops=1)
  ->  Hash  (cost=458832.04..458832.04 rows=235311 width=8) (actual time=10254.145..10254.145 rows=378073 loops=1)
        Buckets: 131072 (originally 131072)  Batches: 8 (originally 4)  Memory Usage: 3073kB
        ->  Hash Join  (cost=74710.74..458832.04 rows=235311 width=8) (actual time=1162.996..10084.096 rows=378073 loops=1)
              Hash Cond: (mi.movie_id = t.id)
              ->  Seq Scan on movie_info mi  (cost=0.00..346232.03 rows=9476311 width=4) (actual time=135.112..6562.318 rows=9565151 loops=1)
                    Filter: (info_type_id < 16)
                    Rows Removed by Filter: 5270569
              ->  Hash  (cost=73925.90..73925.90 rows=62787 width=4) (actual time=1027.571..1027.571 rows=53770 loops=1)
                    Buckets: 65536  Batches: 1  Memory Usage: 2403kB
                    ->  Seq Scan on title t  (cost=0.00..73925.90 rows=62787 width=4) (actual time=0.023..1007.045 rows=53770 loops=1)
                          Filter: ((kind_id < 7) AND (production_year = 2011))
                          Rows Removed by Filter: 2474542
Planning time: 1.167 ms
Execution time: 14451.557 ms
