Hash Join  (cost=709678.15..802555.20 rows=626 width=0) (actual time=11094.660..12826.547 rows=535 loops=1)
  Hash Cond: (mk.movie_id = t.id)
  ->  Seq Scan on movie_keyword mk  (cost=0.00..81003.12 rows=3164711 width=4) (actual time=0.014..1556.968 rows=3150512 loops=1)
        Filter: (keyword_id < 12162)
        Rows Removed by Filter: 1373418
  ->  Hash  (cost=709671.90..709671.90 rows=500 width=8) (actual time=10843.786..10843.786 rows=85 loops=1)
        Buckets: 1024  Batches: 1  Memory Usage: 12kB
        ->  Nested Loop  (cost=0.43..709671.90 rows=500 width=8) (actual time=4243.885..10843.687 rows=85 loops=1)
              ->  Seq Scan on cast_info ci  (cost=0.00..705507.15 rows=500 width=4) (actual time=4243.709..10842.144 rows=85 loops=1)
                    Filter: (person_id = 1488149)
                    Rows Removed by Filter: 36244259
              ->  Index Only Scan using title_pkey on title t  (cost=0.43..8.32 rows=1 width=4) (actual time=0.016..0.016 rows=1 loops=85)
                    Index Cond: (id = ci.movie_id)
                    Heap Fetches: 85
Planning time: 1.143 ms
Execution time: 12826.755 ms
