Hash Join  (cost=101324.78..466607.75 rows=62703 width=0) (actual time=1789.783..9291.926 rows=81996 loops=1)
  Hash Cond: (mi.movie_id = t.id)
  ->  Seq Scan on movie_info mi  (cost=0.00..309384.22 rows=14739122 width=4) (actual time=0.013..4516.761 rows=14835720 loops=1)
  ->  Hash  (cost=101190.32..101190.32 rows=10757 width=8) (actual time=1785.695..1785.695 rows=5643 loops=1)
        Buckets: 16384  Batches: 1  Memory Usage: 349kB
        ->  Hash Join  (cost=74172.27..101190.32 rows=10757 width=8) (actual time=1150.042..1783.253 rows=5643 loops=1)
              Hash Cond: (mi_idx.movie_id = t.id)
              ->  Seq Scan on movie_info_idx mi_idx  (cost=0.00..21735.35 rows=1380035 width=4) (actual time=0.023..316.339 rows=1380035 loops=1)
              ->  Hash  (cost=73925.90..73925.90 rows=19709 width=4) (actual time=1149.388..1149.388 rows=21028 loops=1)
                    Buckets: 32768  Batches: 1  Memory Usage: 996kB
                    ->  Seq Scan on title t  (cost=0.00..73925.90 rows=19709 width=4) (actual time=0.035..1140.216 rows=21028 loops=1)
                          Filter: ((kind_id < 3) AND (production_year = 2013))
                          Rows Removed by Filter: 2507284
Planning time: 0.762 ms
Execution time: 9304.703 ms
