Hash Join  (cost=1013726.63..1745280.09 rows=16686892 width=0) (actual time=24679.571..60870.367 rows=90488519 loops=1)
  Hash Cond: (mi.movie_id = t.id)
  ->  Seq Scan on movie_info mi  (cost=0.00..309384.22 rows=14739122 width=4) (actual time=0.010..6124.208 rows=14835720 loops=1)
  ->  Hash  (cost=966760.24..966760.24 rows=2862671 width=8) (actual time=23916.683..23916.683 rows=2739856 loops=1)
        Buckets: 131072  Batches: 64  Memory Usage: 2813kB
        ->  Hash Join  (cost=83257.67..966760.24 rows=2862671 width=8) (actual time=4223.848..22779.528 rows=2739856 loops=1)
              Hash Cond: (ci.movie_id = t.id)
              ->  Seq Scan on cast_info ci  (cost=0.00..705507.15 rows=12726058 width=4) (actual time=2752.483..13498.517 rows=12670688 loops=1)
                    Filter: (role_id = 1)
                    Rows Removed by Filter: 23573656
              ->  Hash  (cost=73925.90..73925.90 rows=568781 width=4) (actual time=1470.455..1470.455 rows=446559 loops=1)
                    Buckets: 131072  Batches: 8  Memory Usage: 3000kB
                    ->  Seq Scan on title t  (cost=0.00..73925.90 rows=568781 width=4) (actual time=0.037..1333.848 rows=446559 loops=1)
                          Filter: ((production_year > 1965) AND (kind_id = 1))
                          Rows Removed by Filter: 2081753
Planning time: 1.178 ms
Execution time: 71197.093 ms
