Hash Join  (cost=878915.52..1230014.64 rows=12662 width=0) (actual time=14563.574..16933.675 rows=18498 loops=1)
  Hash Cond: (mi.movie_id = t.id)
  ->  Seq Scan on movie_info mi  (cost=0.00..346232.03 rows=1264125 width=4) (actual time=2077.684..4411.875 rows=1288928 loops=1)
        Filter: (info_type_id = 2)
        Rows Removed by Filter: 13546792
  ->  Hash  (cost=878598.93..878598.93 rows=25327 width=8) (actual time=12242.760..12242.760 rows=18247 loops=1)
        Buckets: 32768  Batches: 1  Memory Usage: 969kB
        ->  Hash Join  (cost=78556.72..878598.93 rows=25327 width=8) (actual time=10440.488..12236.369 rows=18247 loops=1)
              Hash Cond: (ci.movie_id = t.id)
              ->  Seq Scan on cast_info ci  (cost=0.00..796071.18 rows=95936 width=4) (actual time=9237.029..10882.080 rows=38791 loops=1)
                    Filter: ((person_id < 286494) AND (role_id = 9))
                    Rows Removed by Filter: 36205553
              ->  Hash  (cost=67604.59..67604.59 rows=667531 width=4) (actual time=1202.695..1202.695 rows=662825 loops=1)
                    Buckets: 131072  Batches: 16  Memory Usage: 2476kB
                    ->  Seq Scan on title t  (cost=0.00..67604.59 rows=667531 width=4) (actual time=329.598..1000.402 rows=662825 loops=1)
                          Filter: (kind_id = 1)
                          Rows Removed by Filter: 1865487
Planning time: 1.205 ms
Execution time: 16936.761 ms
