Seq Scan on movie_companies mc  (cost=0.00..57926.93 rows=337489 width=0) (actual time=0.026..909.909 rows=185284 loops=1)
  Filter: ((company_id < 923) AND (company_type_id = 2))
  Rows Removed by Filter: 2423845
Planning time: 0.365 ms
Execution time: 931.508 ms
