Hash Join  (cost=107014.55..161875.96 rows=19589 width=0) (actual time=2275.140..3761.544 rows=179855 loops=1)
  Hash Cond: (mc.movie_id = t.id)
  ->  Seq Scan on movie_companies mc  (cost=0.00..44881.29 rows=2609129 width=4) (actual time=0.019..717.411 rows=2609129 loops=1)
  ->  Hash  (cost=106777.25..106777.25 rows=18984 width=8) (actual time=2274.917..2274.917 rows=48159 loops=1)
        Buckets: 65536 (originally 32768)  Batches: 1 (originally 1)  Memory Usage: 2394kB
        ->  Hash Join  (cost=75620.47..106777.25 rows=18984 width=8) (actual time=1560.247..2256.647 rows=48159 loops=1)
              Hash Cond: (mi_idx.movie_id = t.id)
              ->  Seq Scan on movie_info_idx mi_idx  (cost=0.00..25185.44 rows=464934 width=4) (actual time=0.024..438.872 rows=460185 loops=1)
                    Filter: (info_type_id > 100)
                    Rows Removed by Filter: 919850
              ->  Hash  (cost=73925.90..73925.90 rows=103245 width=4) (actual time=1559.447..1559.447 rows=217374 loops=1)
                    Buckets: 131072 (originally 131072)  Batches: 4 (originally 2)  Memory Usage: 3073kB
                    ->  Seq Scan on title t  (cost=0.00..73925.90 rows=103245 width=4) (actual time=0.118..1188.435 rows=217374 loops=1)
                          Filter: ((kind_id < 4) AND (production_year < 1965))
                          Rows Removed by Filter: 2310938
Planning time: 1.153 ms
Execution time: 3785.389 ms
