Hash Join  (cost=171849.82..538539.42 rows=203367 width=0) (actual time=4044.551..11240.163 rows=1187574 loops=1)
  Hash Cond: (mi.movie_id = t.id)
  ->  Seq Scan on movie_info mi  (cost=0.00..309384.22 rows=14739122 width=4) (actual time=0.018..3845.767 rows=14835720 loops=1)
  ->  Hash  (cost=171413.72..171413.72 rows=34888 width=8) (actual time=3262.092..3262.092 rows=67377 loops=1)
        Buckets: 131072 (originally 65536)  Batches: 1 (originally 1)  Memory Usage: 3656kB
        ->  Hash Join  (cost=102767.86..171413.72 rows=34888 width=8) (actual time=2559.596..3235.142 rows=67377 loops=1)
              Hash Cond: (mc.movie_id = t.id)
              ->  Seq Scan on movie_companies mc  (cost=0.00..57926.93 rows=34888 width=4) (actual time=607.713..791.916 rows=67377 loops=1)
                    Filter: ((company_id > 178429) AND (company_type_id > 1))
                    Rows Removed by Filter: 2541752
              ->  Hash  (cost=61283.27..61283.27 rows=2528527 width=4) (actual time=1950.905..1950.905 rows=2528312 loops=1)
                    Buckets: 131072  Batches: 64  Memory Usage: 2415kB
                    ->  Seq Scan on title t  (cost=0.00..61283.27 rows=2528527 width=4) (actual time=0.032..1093.415 rows=2528312 loops=1)
Planning time: 1.181 ms
Execution time: 11378.560 ms
