Seq Scan on movie_keyword mk  (cost=0.00..81003.12 rows=1525121 width=0) (actual time=0.030..1389.583 rows=1540156 loops=1)
  Filter: (keyword_id > 10290)
  Rows Removed by Filter: 2983774
Planning time: 0.327 ms
Execution time: 1584.880 ms
