Seq Scan on movie_keyword mk  (cost=0.00..81003.12 rows=1507888 width=0) (actual time=0.018..1486.407 rows=1526144 loops=1)
  Filter: (keyword_id > 10512)
  Rows Removed by Filter: 2997786
Planning time: 0.360 ms
Execution time: 1678.769 ms
