Hash Join  (cost=259431.07..883043.89 rows=9236001 width=0) (actual time=5264.666..19601.849 rows=4179482 loops=1)
  Hash Cond: (mi.movie_id = t.id)
  ->  Seq Scan on movie_info mi  (cost=0.00..346232.03 rows=13929354 width=4) (actual time=0.021..7419.876 rows=14033580 loops=1)
        Filter: (info_type_id > 1)
        Rows Removed by Filter: 802140
  ->  Hash  (cost=231924.00..231924.00 rows=1676566 width=8) (actual time=5200.025..5200.025 rows=417287 loops=1)
        Buckets: 131072  Batches: 32  Memory Usage: 1534kB
        ->  Hash Join  (cost=92883.59..231924.00 rows=1676566 width=8) (actual time=1847.060..5069.143 rows=417287 loops=1)
              Hash Cond: (mk.movie_id = t.id)
              ->  Seq Scan on movie_keyword mk  (cost=0.00..81003.12 rows=2751325 width=4) (actual time=0.014..1665.131 rows=2743825 loops=1)
                    Filter: (keyword_id > 2879)
                    Rows Removed by Filter: 1780105
              ->  Hash  (cost=67604.59..67604.59 rows=1540800 width=4) (actual time=1846.138..1846.138 rows=1543264 loops=1)
                    Buckets: 131072  Batches: 32  Memory Usage: 2728kB
                    ->  Seq Scan on title t  (cost=0.00..67604.59 rows=1540800 width=4) (actual time=193.918..1345.164 rows=1543264 loops=1)
                          Filter: (kind_id = 7)
                          Rows Removed by Filter: 985048
Planning time: 1.180 ms
Execution time: 20045.711 ms
