Hash Join  (cost=132315.53..496982.65 rows=1119 width=0) (actual time=6233.725..27553.740 rows=1461 loops=1)
  Hash Cond: (mi.movie_id = t.id)
  ->  Seq Scan on movie_info mi  (cost=0.00..309384.22 rows=14739122 width=4) (actual time=0.013..17639.908 rows=14835720 loops=1)
  ->  Hash  (cost=132313.13..132313.13 rows=192 width=8) (actual time=6118.346..6118.346 rows=186 loops=1)
        Buckets: 1024  Batches: 1  Memory Usage: 16kB
        ->  Hash Join  (cost=73982.55..132313.13 rows=192 width=8) (actual time=3800.501..6118.193 rows=186 loops=1)
              Hash Cond: (mc.movie_id = t.id)
              ->  Seq Scan on movie_companies mc  (cost=0.00..57926.93 rows=107126 width=4) (actual time=0.029..2295.747 rows=45591 loops=1)
                    Filter: ((company_id < 69) AND (company_type_id > 1))
                    Rows Removed by Filter: 2563538
              ->  Hash  (cost=73925.90..73925.90 rows=4532 width=4) (actual time=3798.592..3798.592 rows=12643 loops=1)
                    Buckets: 16384 (originally 8192)  Batches: 1 (originally 1)  Memory Usage: 573kB
                    ->  Seq Scan on title t  (cost=0.00..73925.90 rows=4532 width=4) (actual time=0.122..3779.334 rows=12643 loops=1)
                          Filter: ((kind_id = 7) AND (production_year = 1989))
                          Rows Removed by Filter: 2515669
Planning time: 1.130 ms
Execution time: 27554.415 ms
