Hash Join  (cost=82955.72..151379.31 rows=235548 width=0) (actual time=1349.422..2859.814 rows=68064 loops=1)
  Hash Cond: (mc.movie_id = t.id)
  ->  Seq Scan on movie_companies mc  (cost=0.00..51404.11 rows=1082133 width=4) (actual time=0.027..887.373 rows=1094940 loops=1)
        Filter: (company_id > 14141)
        Rows Removed by Filter: 1514189
  ->  Hash  (cost=73925.90..73925.90 rows=550385 width=4) (actual time=1348.264..1348.264 rows=602403 loops=1)
        Buckets: 131072  Batches: 8  Memory Usage: 3672kB
        ->  Seq Scan on title t  (cost=0.00..73925.90 rows=550385 width=4) (actual time=179.972..1157.989 rows=602403 loops=1)
              Filter: ((production_year > 2006) AND (kind_id = 7))
              Rows Removed by Filter: 1925909
Planning time: 0.724 ms
Execution time: 2868.302 ms
