Seq Scan on movie_keyword mk  (cost=0.00..81003.12 rows=246 width=0) (actual time=0.104..1184.367 rows=1515 loops=1)
  Filter: (keyword_id = 242)
  Rows Removed by Filter: 4522415
Planning time: 0.343 ms
Execution time: 1184.944 ms
