Hash Join  (cost=84013.42..167809.34 rows=634440 width=0) (actual time=1401.344..3812.879 rows=1033949 loops=1)
  Hash Cond: (mc.movie_id = t.id)
  ->  Seq Scan on movie_companies mc  (cost=0.00..44881.29 rows=2609129 width=4) (actual time=0.010..907.444 rows=2609129 loops=1)
  ->  Hash  (cost=73925.90..73925.90 rows=614841 width=4) (actual time=1400.409..1400.409 rows=523219 loops=1)
        Buckets: 131072  Batches: 16  Memory Usage: 2171kB
        ->  Seq Scan on title t  (cost=0.00..73925.90 rows=614841 width=4) (actual time=0.011..1238.736 rows=523219 loops=1)
              Filter: ((production_year > 1936) AND (kind_id = 1))
              Rows Removed by Filter: 2005093
Planning time: 0.795 ms
Execution time: 3934.243 ms
