Hash Join  (cost=102767.86..217571.55 rows=994127 width=0) (actual time=2000.168..4668.401 rows=999631 loops=1)
  Hash Cond: (mk.movie_id = t.id)
  ->  Seq Scan on movie_keyword mk  (cost=0.00..81003.12 rows=994127 width=4) (actual time=0.020..1541.821 rows=999631 loops=1)
        Filter: (keyword_id < 954)
        Rows Removed by Filter: 3524299
  ->  Hash  (cost=61283.27..61283.27 rows=2528527 width=4) (actual time=1999.146..1999.146 rows=2528312 loops=1)
        Buckets: 131072  Batches: 64  Memory Usage: 2425kB
        ->  Seq Scan on title t  (cost=0.00..61283.27 rows=2528527 width=4) (actual time=0.011..1152.908 rows=2528312 loops=1)
Planning time: 0.693 ms
Execution time: 4767.516 ms
