Hash Join  (cost=96729.52..1007508.94 rows=7020819 width=0) (actual time=6227.285..23504.989 rows=8036017 loops=1)
  Hash Cond: (ci.movie_id = t.id)
  ->  Seq Scan on cast_info ci  (cost=0.00..705507.15 rows=10000215 width=4) (actual time=3718.268..12591.093 rows=9990690 loops=1)
        Filter: (person_id > 2715524)
        Rows Removed by Filter: 26253654
  ->  Hash  (cost=67604.59..67604.59 rows=1775195 width=4) (actual time=2507.818..2507.818 rows=1772072 loops=1)
        Buckets: 131072  Batches: 32  Memory Usage: 2976kB
        ->  Seq Scan on title t  (cost=0.00..67604.59 rows=1775195 width=4) (actual time=0.031..1279.413 rows=1772072 loops=1)
              Filter: (production_year > 1989)
              Rows Removed by Filter: 756240
Planning time: 0.771 ms
Execution time: 24469.316 ms
