Hash Join  (cost=74547.77..136499.39 rows=20064 width=0) (actual time=3576.228..7134.165 rows=37902 loops=1)
  Hash Cond: (mc.movie_id = t.id)
  ->  Seq Scan on movie_companies mc  (cost=0.00..57926.93 rows=1019746 width=4) (actual time=0.014..3164.774 rows=1274246 loops=1)
        Filter: ((company_id < 72552) AND (company_type_id < 2))
        Rows Removed by Filter: 1334883
  ->  Hash  (cost=73925.90..73925.90 rows=49749 width=4) (actual time=3575.015..3575.015 rows=44012 loops=1)
        Buckets: 65536  Batches: 1  Memory Usage: 2060kB
        ->  Seq Scan on title t  (cost=0.00..73925.90 rows=49749 width=4) (actual time=3.789..3554.037 rows=44012 loops=1)
              Filter: ((kind_id < 7) AND (production_year = 2009))
              Rows Removed by Filter: 2484300
Planning time: 5.499 ms
Execution time: 7150.274 ms
