Seq Scan on title t  (cost=0.00..73925.90 rows=4532 width=0) (actual time=0.016..1112.658 rows=13632 loops=1)
  Filter: ((kind_id > 6) AND (production_year = 1990))
  Rows Removed by Filter: 2514680
Planning time: 0.386 ms
Execution time: 1115.519 ms
