Nested Loop  (cost=0.43..799265.94 rows=382 width=0) (actual time=5074.980..12722.736 rows=287 loops=1)
  ->  Seq Scan on cast_info ci  (cost=0.00..796071.18 rows=382 width=4) (actual time=5074.852..12717.714 rows=287 loops=1)
        Filter: ((role_id < 6) AND (person_id = 1473824))
        Rows Removed by Filter: 36244057
  ->  Index Only Scan using title_pkey on title t  (cost=0.43..8.35 rows=1 width=4) (actual time=0.016..0.017 rows=1 loops=287)
        Index Cond: (id = ci.movie_id)
        Heap Fetches: 287
Planning time: 0.701 ms
Execution time: 12722.887 ms
