Hash Join  (cost=73994.33..100892.56 rows=983 width=0) (actual time=3360.240..4725.980 rows=1314 loops=1)
  Hash Cond: (mi_idx.movie_id = t.id)
  ->  Seq Scan on movie_info_idx mi_idx  (cost=0.00..25185.44 rows=454124 width=4) (actual time=0.026..1236.749 rows=459925 loops=1)
        Filter: (info_type_id = 100)
        Rows Removed by Filter: 920110
  ->  Hash  (cost=73925.90..73925.90 rows=5474 width=4) (actual time=3360.053..3360.053 rows=9371 loops=1)
        Buckets: 16384 (originally 8192)  Batches: 1 (originally 1)  Memory Usage: 458kB
        ->  Seq Scan on title t  (cost=0.00..73925.90 rows=5474 width=4) (actual time=6.774..3354.692 rows=9371 loops=1)
              Filter: ((kind_id > 1) AND (production_year = 1972))
              Rows Removed by Filter: 2518941
Planning time: 16.493 ms
Execution time: 4726.500 ms
