Hash Join  (cost=126373.23..980726.85 rows=1087210 width=0) (actual time=2651.984..22141.610 rows=3110331 loops=1)
  Hash Cond: (ci.movie_id = t.id)
  ->  Seq Scan on cast_info ci  (cost=0.00..705507.15 rows=11854495 width=4) (actual time=0.028..12465.199 rows=11768472 loops=1)
        Filter: (person_id < 1156342)
        Rows Removed by Filter: 24475872
  ->  Hash  (cost=122568.49..122568.49 rows=231899 width=8) (actual time=2651.053..2651.053 rows=311038 loops=1)
        Buckets: 131072  Batches: 4  Memory Usage: 4048kB
        ->  Hash Join  (cost=80897.02..122568.49 rows=231899 width=8) (actual time=1668.293..2557.678 rows=311038 loops=1)
              Hash Cond: (mi_idx.movie_id = t.id)
              ->  Seq Scan on movie_info_idx mi_idx  (cost=0.00..21735.35 rows=1380035 width=4) (actual time=0.023..409.631 rows=1380035 loops=1)
              ->  Hash  (cost=73925.90..73925.90 rows=424889 width=4) (actual time=1462.170..1462.170 rows=309098 loops=1)
                    Buckets: 131072  Batches: 8  Memory Usage: 2386kB
                    ->  Seq Scan on title t  (cost=0.00..73925.90 rows=424889 width=4) (actual time=355.467..1185.202 rows=309098 loops=1)
                          Filter: ((production_year > 1995) AND (kind_id = 1))
                          Rows Removed by Filter: 2219214
Planning time: 1.366 ms
Execution time: 22492.199 ms
