Nested Loop  (cost=58217.39..139388.23 rows=2 width=0) (actual time=1812.704..2071.948 rows=1 loops=1)
  ->  Hash Join  (cost=58216.96..139327.83 rows=12 width=8) (actual time=1812.520..2071.762 rows=1 loops=1)
        Hash Cond: (mk.movie_id = mc.movie_id)
        ->  Seq Scan on movie_keyword mk  (cost=0.00..81003.12 rows=246 width=4) (actual time=120.736..1257.937 rows=11 loops=1)
              Filter: (keyword_id = 31143)
              Rows Removed by Filter: 4523919
        ->  Hash  (cost=57926.93..57926.93 rows=23202 width=4) (actual time=813.371..813.371 rows=42064 loops=1)
              Buckets: 65536 (originally 32768)  Batches: 1 (originally 1)  Memory Usage: 1991kB
              ->  Seq Scan on movie_companies mc  (cost=0.00..57926.93 rows=23202 width=4) (actual time=240.214..797.688 rows=42064 loops=1)
                    Filter: ((company_id = 19) AND (company_type_id = 1))
                    Rows Removed by Filter: 2567065
  ->  Index Only Scan using title_pkey on title t  (cost=0.43..5.02 rows=1 width=4) (actual time=0.117..0.118 rows=1 loops=1)
        Index Cond: (id = mc.movie_id)
        Heap Fetches: 1
Planning time: 1.147 ms
Execution time: 2072.353 ms
