Seq Scan on title t  (cost=0.00..73925.90 rows=32855 width=0) (actual time=0.090..1323.914 rows=27683 loops=1)
  Filter: ((kind_id < 6) AND (production_year = 2004))
  Rows Removed by Filter: 2500629
Planning time: 0.397 ms
Execution time: 1329.085 ms
