Hash Join  (cost=129467.71..495212.46 rows=108882 width=0) (actual time=2295.197..10055.085 rows=240719 loops=1)
  Hash Cond: (mi.movie_id = t.id)
  ->  Seq Scan on movie_info mi  (cost=0.00..309384.22 rows=14739122 width=4) (actual time=0.015..4103.790 rows=14835720 loops=1)
  ->  Hash  (cost=129234.23..129234.23 rows=18679 width=8) (actual time=2294.887..2294.887 rows=24602 loops=1)
        Buckets: 32768  Batches: 1  Memory Usage: 1218kB
        ->  Hash Join  (cost=68426.36..129234.23 rows=18679 width=8) (actual time=1033.952..2281.291 rows=24602 loops=1)
              Hash Cond: (mc.movie_id = t.id)
              ->  Seq Scan on movie_companies mc  (cost=0.00..57926.93 rows=718437 width=4) (actual time=0.022..988.430 rows=939848 loops=1)
                    Filter: ((company_id > 10584) AND (company_type_id = 2))
                    Rows Removed by Filter: 1669281
              ->  Hash  (cost=67604.59..67604.59 rows=65742 width=4) (actual time=1033.184..1033.184 rows=63827 loops=1)
                    Buckets: 131072  Batches: 1  Memory Usage: 3268kB
                    ->  Seq Scan on title t  (cost=0.00..67604.59 rows=65742 width=4) (actual time=0.020..1006.177 rows=63827 loops=1)
                          Filter: (production_year = 2013)
                          Rows Removed by Filter: 2464485
Planning time: 1.633 ms
Execution time: 10090.179 ms
