Seq Scan on cast_info ci  (cost=0.00..796071.18 rows=5048776 width=0) (actual time=6316.674..13352.433 rows=10325166 loops=1)
  Filter: ((person_id < 1408219) AND (role_id = 1))
  Rows Removed by Filter: 25919178
Planning time: 0.349 ms
Execution time: 14628.063 ms
