Hash Join  (cost=143818.44..1061049.12 rows=1207201 width=0) (actual time=4657.453..21325.356 rows=1534654 loops=1)
  Hash Cond: (ci.movie_id = t.id)
  ->  Seq Scan on cast_info ci  (cost=0.00..796071.18 rows=9323867 width=4) (actual time=1316.118..14296.237 rows=5968339 loops=1)
        Filter: ((person_id > 1925690) AND (role_id < 3))
        Rows Removed by Filter: 30276005
  ->  Hash  (cost=138447.20..138447.20 rows=327379 width=8) (actual time=3340.513..3340.513 rows=375691 loops=1)
        Buckets: 131072  Batches: 8  Memory Usage: 2868kB
        ->  Hash Join  (cost=97066.09..138447.20 rows=327379 width=8) (actual time=1975.383..3222.523 rows=375691 loops=1)
              Hash Cond: (mi_idx.movie_id = t.id)
              ->  Seq Scan on movie_info_idx mi_idx  (cost=0.00..25185.44 rows=460978 width=4) (actual time=0.016..486.579 rows=459925 loops=1)
                    Filter: (info_type_id < 100)
                    Rows Removed by Filter: 920110
              ->  Hash  (cost=67604.59..67604.59 rows=1795720 width=4) (actual time=1974.391..1974.391 rows=1794153 loops=1)
                    Buckets: 131072  Batches: 32  Memory Usage: 2992kB
                    ->  Seq Scan on title t  (cost=0.00..67604.59 rows=1795720 width=4) (actual time=0.014..1378.567 rows=1794153 loops=1)
                          Filter: (production_year < 2009)
                          Rows Removed by Filter: 734159
Planning time: 1.178 ms
Execution time: 21519.278 ms
