Seq Scan on movie_keyword mk  (cost=0.00..81003.12 rows=246 width=0) (actual time=34.403..1314.224 rows=174 loops=1)
  Filter: (keyword_id = 11190)
  Rows Removed by Filter: 4523756
Planning time: 0.361 ms
Execution time: 1314.445 ms
