Seq Scan on movie_keyword mk  (cost=0.00..81003.12 rows=246 width=0) (actual time=0.640..1295.791 rows=4655 loops=1)
  Filter: (keyword_id = 1515)
  Rows Removed by Filter: 4519275
Planning time: 0.332 ms
Execution time: 1297.081 ms
