Hash Join  (cost=155864.00..909302.75 rows=264958 width=0) (actual time=2182.863..17992.635 rows=1013115 loops=1)
  Hash Cond: (ci.movie_id = t.id)
  ->  Seq Scan on cast_info ci  (cost=0.00..614943.12 rows=36225612 width=4) (actual time=0.023..7693.488 rows=36244344 loops=1)
  ->  Hash  (cost=155632.82..155632.82 rows=18494 width=8) (actual time=2182.622..2182.622 rows=16703 loops=1)
        Buckets: 32768  Batches: 1  Memory Usage: 909kB
        ->  Hash Join  (cost=69687.24..155632.82 rows=18494 width=8) (actual time=914.998..2176.182 rows=16703 loops=1)
              Hash Cond: (mk.movie_id = t.id)
              ->  Seq Scan on movie_keyword mk  (cost=0.00..81003.12 rows=368405 width=4) (actual time=0.021..1117.783 rows=366595 loops=1)
                    Filter: (keyword_id > 45883)
                    Rows Removed by Filter: 4157335
              ->  Hash  (cost=67604.59..67604.59 rows=126932 width=4) (actual time=913.897..913.897 rows=122861 loops=1)
                    Buckets: 131072  Batches: 2  Memory Usage: 3197kB
                    ->  Seq Scan on title t  (cost=0.00..67604.59 rows=126932 width=4) (actual time=0.016..869.152 rows=122861 loops=1)
                          Filter: (production_year = 2008)
                          Rows Removed by Filter: 2405451
Planning time: 1.088 ms
Execution time: 18120.844 ms
