Seq Scan on cast_info ci  (cost=0.00..705507.15 rows=26959302 width=0) (actual time=0.025..12762.531 rows=27123746 loops=1)
  Filter: (person_id > 898033)
  Rows Removed by Filter: 9120598
Planning time: 0.556 ms
Execution time: 16088.729 ms
