Seq Scan on cast_info ci  (cost=0.00..705507.15 rows=34548827 width=0) (actual time=0.026..12568.031 rows=34547442 loops=1)
  Filter: (person_id < 3725337)
  Rows Removed by Filter: 1696902
Planning time: 0.317 ms
Execution time: 16594.300 ms
