Hash Join  (cost=73962.22..128657.72 rows=2998 width=0) (actual time=1174.973..2264.926 rows=18652 loops=1)
  Hash Cond: (mc.movie_id = t.id)
  ->  Seq Scan on movie_companies mc  (cost=0.00..44881.29 rows=2609129 width=4) (actual time=0.022..550.214 rows=2609129 loops=1)
  ->  Hash  (cost=73925.90..73925.90 rows=2905 width=4) (actual time=1174.460..1174.460 rows=10197 loops=1)
        Buckets: 16384 (originally 4096)  Batches: 1 (originally 1)  Memory Usage: 487kB
        ->  Seq Scan on title t  (cost=0.00..73925.90 rows=2905 width=4) (actual time=1.214..1169.311 rows=10197 loops=1)
              Filter: ((kind_id < 7) AND (production_year = 1992))
              Rows Removed by Filter: 2518115
Planning time: 0.643 ms
Execution time: 2268.224 ms
