Nested Loop  (cost=0.43..83071.67 rows=246 width=0) (actual time=39.106..1243.636 rows=143 loops=1)
  ->  Seq Scan on movie_keyword mk  (cost=0.00..81003.12 rows=246 width=4) (actual time=39.004..1234.604 rows=143 loops=1)
        Filter: (keyword_id = 1068)
        Rows Removed by Filter: 4523787
  ->  Index Only Scan using title_pkey on title t  (cost=0.43..8.40 rows=1 width=4) (actual time=0.059..0.060 rows=1 loops=143)
        Index Cond: (id = mk.movie_id)
        Heap Fetches: 143
Planning time: 1.241 ms
Execution time: 1243.819 ms
