Hash Join  (cost=74452.28..831274.45 rows=603300 width=0) (actual time=3075.992..57186.748 rows=570785 loops=1)
  Hash Cond: (ci.movie_id = t.id)
  ->  Seq Scan on cast_info ci  (cost=0.00..614943.12 rows=36225612 width=4) (actual time=0.022..38298.268 rows=36244344 loops=1)
  ->  Hash  (cost=73925.90..73925.90 rows=42110 width=4) (actual time=3070.964..3070.964 rows=33905 loops=1)
        Buckets: 65536  Batches: 1  Memory Usage: 1704kB
        ->  Seq Scan on title t  (cost=0.00..73925.90 rows=42110 width=4) (actual time=0.105..3055.444 rows=33905 loops=1)
              Filter: ((kind_id < 7) AND (production_year = 2006))
              Rows Removed by Filter: 2494407
Planning time: 0.815 ms
Execution time: 57305.651 ms
