Seq Scan on movie_companies mc  (cost=0.00..57926.93 rows=53 width=0) (actual time=22.306..916.647 rows=69 loops=1)
  Filter: ((company_type_id > 1) AND (company_id = 74619))
  Rows Removed by Filter: 2609060
Planning time: 0.307 ms
Execution time: 916.769 ms
