Hash Join  (cost=101098.28..466090.43 rows=33625 width=0) (actual time=1725.570..9525.309 rows=249272 loops=1)
  Hash Cond: (mi.movie_id = t.id)
  ->  Seq Scan on movie_info mi  (cost=0.00..309384.22 rows=14739122 width=4) (actual time=0.171..4454.831 rows=14835720 loops=1)
  ->  Hash  (cost=101026.18..101026.18 rows=5768 width=8) (actual time=1725.220..1725.220 rows=13129 loops=1)
        Buckets: 16384 (originally 8192)  Batches: 1 (originally 1)  Memory Usage: 641kB
        ->  Hash Join  (cost=74058.02..101026.18 rows=5768 width=8) (actual time=1132.109..1720.290 rows=13129 loops=1)
              Hash Cond: (mi_idx.movie_id = t.id)
              ->  Seq Scan on movie_info_idx mi_idx  (cost=0.00..21735.35 rows=1380035 width=4) (actual time=0.013..295.998 rows=1380035 loops=1)
              ->  Hash  (cost=73925.90..73925.90 rows=10569 width=4) (actual time=1131.810..1131.810 rows=10528 loops=1)
                    Buckets: 16384  Batches: 1  Memory Usage: 499kB
                    ->  Seq Scan on title t  (cost=0.00..73925.90 rows=10569 width=4) (actual time=0.027..1126.840 rows=10528 loops=1)
                          Filter: ((kind_id < 7) AND (production_year = 1993))
                          Rows Removed by Filter: 2517784
Planning time: 7.992 ms
Execution time: 9560.913 ms
