Seq Scan on movie_keyword mk  (cost=0.00..81003.12 rows=246 width=0) (actual time=21.730..1266.819 rows=107 loops=1)
  Filter: (keyword_id = 14423)
  Rows Removed by Filter: 4523823
Planning time: 0.319 ms
Execution time: 1266.988 ms
