Seq Scan on movie_companies mc  (cost=0.00..51404.11 rows=1480577 width=0) (actual time=0.014..492.417 rows=1469718 loops=1)
  Filter: (company_id < 13378)
  Rows Removed by Filter: 1139411
Planning time: 0.230 ms
Execution time: 602.422 ms
