Seq Scan on movie_keyword mk  (cost=0.00..81003.12 rows=246 width=0) (actual time=13.633..1101.438 rows=136 loops=1)
  Filter: (keyword_id = 15850)
  Rows Removed by Filter: 4523794
Planning time: 0.348 ms
Execution time: 1101.609 ms
