Hash Join  (cost=102767.86..197140.35 rows=1104096 width=0) (actual time=2121.510..4416.541 rows=1227695 loops=1)
  Hash Cond: (mc.movie_id = t.id)
  ->  Seq Scan on movie_companies mc  (cost=0.00..57926.93 rows=1104096 width=4) (actual time=236.388..1167.206 rows=1227695 loops=1)
        Filter: ((company_id > 329) AND (company_type_id > 1))
        Rows Removed by Filter: 1381434
  ->  Hash  (cost=61283.27..61283.27 rows=2528527 width=4) (actual time=1883.763..1883.763 rows=2528312 loops=1)
        Buckets: 131072  Batches: 64  Memory Usage: 2415kB
        ->  Seq Scan on title t  (cost=0.00..61283.27 rows=2528527 width=4) (actual time=0.018..1053.035 rows=2528312 loops=1)
Planning time: 0.617 ms
Execution time: 4563.296 ms
