Seq Scan on movie_keyword mk  (cost=0.00..81003.12 rows=558788 width=0) (actual time=0.026..1302.688 rows=555510 loops=1)
  Filter: (keyword_id > 33110)
  Rows Removed by Filter: 3968420
Planning time: 0.557 ms
Execution time: 1371.087 ms
