Hash Join  (cost=240820.44..1142584.23 rows=2962623 width=0) (actual time=6566.374..40601.322 rows=56872660 loops=1)
  Hash Cond: (ci.movie_id = t.id)
  ->  Seq Scan on cast_info ci  (cost=0.00..796071.18 rows=5523275 width=4) (actual time=5.693..15143.089 rows=11250223 loops=1)
        Filter: ((person_id < 1540876) AND (role_id < 2))
        Rows Removed by Filter: 24994121
  ->  Hash  (cost=218569.01..218569.01 rows=1356274 width=8) (actual time=6558.206..6558.206 rows=3069804 loops=1)
        Buckets: 131072 (originally 131072)  Batches: 64 (originally 32)  Memory Usage: 3073kB
        ->  Hash Join  (cost=80042.24..218569.01 rows=1356274 width=8) (actual time=1448.475..5660.946 rows=3069804 loops=1)
              Hash Cond: (mk.movie_id = t.id)
              ->  Seq Scan on movie_keyword mk  (cost=0.00..69693.30 rows=4523930 width=4) (actual time=0.025..1401.538 rows=4523930 loops=1)
              ->  Hash  (cost=67604.59..67604.59 rows=758052 width=4) (actual time=1447.281..1447.281 rows=753677 loops=1)
                    Buckets: 131072  Batches: 16  Memory Usage: 2686kB
                    ->  Seq Scan on title t  (cost=0.00..67604.59 rows=758052 width=4) (actual time=0.022..1215.225 rows=753677 loops=1)
                          Filter: (kind_id < 3)
                          Rows Removed by Filter: 1774635
Planning time: 1.230 ms
Execution time: 46454.609 ms
