Seq Scan on cast_info ci  (cost=0.00..796071.18 rows=176 width=0) (actual time=37906.228..40097.509 rows=49 loops=1)
  Filter: ((role_id < 2) AND (person_id = 295270))
  Rows Removed by Filter: 36244295
Planning time: 0.328 ms
Execution time: 40097.649 ms
