Hash Join  (cost=75195.76..486364.05 rows=166585 width=0) (actual time=3995.970..9311.719 rows=39846 loops=1)
  Hash Cond: (mi.movie_id = t.id)
  ->  Seq Scan on movie_info mi  (cost=0.00..346232.03 rows=5445713 width=4) (actual time=2677.583..6024.456 rows=5410520 loops=1)
        Filter: (info_type_id < 6)
        Rows Removed by Filter: 9425200
  ->  Hash  (cost=73925.90..73925.90 rows=77348 width=4) (actual time=1316.419..1316.419 rows=84109 loops=1)
        Buckets: 131072  Batches: 2  Memory Usage: 2515kB
        ->  Seq Scan on title t  (cost=0.00..73925.90 rows=77348 width=4) (actual time=0.044..1281.479 rows=84109 loops=1)
              Filter: ((kind_id = 7) AND (production_year = 2008))
              Rows Removed by Filter: 2444203
Planning time: 0.766 ms
Execution time: 9317.074 ms
