Hash Join  (cost=76808.54..578968.43 rows=879825 width=0) (actual time=1299.212..13408.994 rows=339438 loops=1)
  Hash Cond: (mi.movie_id = t.id)
  ->  Seq Scan on movie_info mi  (cost=0.00..346232.03 rows=12665229 width=4) (actual time=0.010..7153.667 rows=12744652 loops=1)
        Filter: (info_type_id > 2)
        Rows Removed by Filter: 2091068
  ->  Hash  (cost=73925.90..73925.90 rows=175651 width=4) (actual time=1184.876..1184.876 rows=72638 loops=1)
        Buckets: 131072  Batches: 4  Memory Usage: 1667kB
        ->  Seq Scan on title t  (cost=0.00..73925.90 rows=175651 width=4) (actual time=0.013..1158.496 rows=72638 loops=1)
              Filter: ((production_year < 1964) AND (kind_id = 7))
              Rows Removed by Filter: 2455674
Planning time: 0.535 ms
Execution time: 13447.651 ms
