Hash Join  (cost=83718.12..600645.30 rows=3478926 width=0) (actual time=1516.913..16606.856 rows=6152397 loops=1)
  Hash Cond: (mi.movie_id = t.id)
  ->  Seq Scan on movie_info mi  (cost=0.00..309384.22 rows=14739122 width=4) (actual time=0.017..5896.105 rows=14835720 loops=1)
  ->  Hash  (cost=73925.90..73925.90 rows=596817 width=4) (actual time=1447.036..1447.036 rows=479112 loops=1)
        Buckets: 131072  Batches: 8  Memory Usage: 3151kB
        ->  Seq Scan on title t  (cost=0.00..73925.90 rows=596817 width=4) (actual time=70.365..1295.158 rows=479112 loops=1)
              Filter: ((kind_id < 2) AND (production_year > 1955))
              Rows Removed by Filter: 2049200
Planning time: 0.733 ms
Execution time: 17317.850 ms
