Seq Scan on cast_info ci  (cost=0.00..705507.15 rows=32995555 width=0) (actual time=0.029..13045.530 rows=33121699 loops=1)
  Filter: (person_id > 302352)
  Rows Removed by Filter: 3122645
Planning time: 0.311 ms
Execution time: 17010.728 ms
