Hash Join  (cost=154654.97..538510.42 rows=77562 width=0) (actual time=2925.982..9387.050 rows=4033 loops=1)
  Hash Cond: (mi.movie_id = t.id)
  ->  Seq Scan on movie_info mi  (cost=0.00..309384.22 rows=14739122 width=4) (actual time=0.014..3851.196 rows=14835720 loops=1)
  ->  Hash  (cost=154488.65..154488.65 rows=13306 width=8) (actual time=2925.429..2925.429 rows=401 loops=1)
        Buckets: 16384  Batches: 1  Memory Usage: 144kB
        ->  Hash Join  (cost=67697.55..154488.65 rows=13306 width=8) (actual time=1157.919..2924.880 rows=401 loops=1)
              Hash Cond: (mk.movie_id = t.id)
              ->  Seq Scan on movie_keyword mk  (cost=0.00..69693.30 rows=4523930 width=4) (actual time=0.014..982.932 rows=4523930 loops=1)
              ->  Hash  (cost=67604.59..67604.59 rows=7437 width=4) (actual time=1145.325..1145.325 rows=1816 loops=1)
                    Buckets: 8192  Batches: 1  Memory Usage: 128kB
                    ->  Seq Scan on title t  (cost=0.00..67604.59 rows=7437 width=4) (actual time=122.945..1144.201 rows=1816 loops=1)
                          Filter: (production_year = 1900)
                          Rows Removed by Filter: 2526496
Planning time: 1.239 ms
Execution time: 9387.991 ms
