Hash Join  (cost=83810.17..986943.67 rows=4893181 width=0) (actual time=5113.222..23021.455 rows=5042772 loops=1)
  Hash Cond: (ci.movie_id = t.id)
  ->  Seq Scan on cast_info ci  (cost=0.00..705507.15 rows=12526275 width=4) (actual time=3454.896..13431.865 rows=12641053 loops=1)
        Filter: (person_id > 2417946)
        Rows Removed by Filter: 23603291
  ->  Hash  (cost=67604.59..67604.59 rows=987727 width=4) (actual time=1657.231..1657.231 rows=985048 loops=1)
        Buckets: 131072  Batches: 16  Memory Usage: 3188kB
        ->  Seq Scan on title t  (cost=0.00..67604.59 rows=987727 width=4) (actual time=0.020..1249.694 rows=985048 loops=1)
              Filter: (kind_id < 7)
              Rows Removed by Filter: 1543264
Planning time: 0.687 ms
Execution time: 23604.616 ms
