Hash Join  (cost=74163.80..129025.72 rows=19639 width=0) (actual time=1170.290..2544.234 rows=29349 loops=1)
  Hash Cond: (mc.movie_id = t.id)
  ->  Seq Scan on movie_companies mc  (cost=0.00..44881.29 rows=2609129 width=4) (actual time=0.019..744.569 rows=2609129 loops=1)
  ->  Hash  (cost=73925.90..73925.90 rows=19032 width=4) (actual time=1170.073..1170.073 rows=18625 loops=1)
        Buckets: 32768  Batches: 1  Memory Usage: 911kB
        ->  Seq Scan on title t  (cost=0.00..73925.90 rows=19032 width=4) (actual time=617.179..1162.699 rows=18625 loops=1)
              Filter: ((production_year < 1977) AND (kind_id = 3))
              Rows Removed by Filter: 2509687
Planning time: 4.331 ms
Execution time: 2548.855 ms
