Hash Join  (cost=81573.24..139677.20 rows=67062 width=0) (actual time=1415.728..2489.848 rows=148063 loops=1)
  Hash Cond: (mc.movie_id = t.id)
  ->  Seq Scan on movie_companies mc  (cost=0.00..51404.11 rows=363794 width=4) (actual time=119.124..894.084 rows=366963 loops=1)
        Filter: (company_id > 85951)
        Rows Removed by Filter: 2242166
  ->  Hash  (cost=73925.90..73925.90 rows=466107 width=4) (actual time=1295.363..1295.363 rows=396359 loops=1)
        Buckets: 131072  Batches: 8  Memory Usage: 2762kB
        ->  Seq Scan on title t  (cost=0.00..73925.90 rows=466107 width=4) (actual time=0.041..1168.958 rows=396359 loops=1)
              Filter: ((kind_id < 7) AND (production_year > 2003))
              Rows Removed by Filter: 2131953
Planning time: 0.818 ms
Execution time: 2509.587 ms
