Hash Join  (cost=93155.63..597462.73 rows=4392591 width=0) (actual time=1813.499..13732.127 rows=1724078 loops=1)
  Hash Cond: (mi.movie_id = t.id)
  ->  Seq Scan on movie_info mi  (cost=0.00..346232.03 rows=9476311 width=4) (actual time=8.062..6861.394 rows=9565151 loops=1)
        Filter: (info_type_id < 16)
        Rows Removed by Filter: 5270569
  ->  Hash  (cost=73925.90..73925.90 rows=1172058 width=4) (actual time=1804.529..1804.529 rows=1128906 loops=1)
        Buckets: 131072  Batches: 16  Memory Usage: 3509kB
        ->  Seq Scan on title t  (cost=0.00..73925.90 rows=1172058 width=4) (actual time=54.908..1430.312 rows=1128906 loops=1)
              Filter: ((production_year < 2010) AND (kind_id = 7))
              Rows Removed by Filter: 1399406
Planning time: 0.775 ms
Execution time: 13925.479 ms
