Hash Join  (cost=118334.52..194823.50 rows=104346 width=0) (actual time=2614.811..4560.958 rows=106230 loops=1)
  Hash Cond: (mc.movie_id = t.id)
  ->  Seq Scan on movie_companies mc  (cost=0.00..44881.29 rows=2609129 width=4) (actual time=0.024..1060.798 rows=2609129 loops=1)
  ->  Hash  (cost=116674.50..116674.50 rows=101122 width=8) (actual time=2613.869..2613.869 rows=45141 loops=1)
        Buckets: 131072  Batches: 2  Memory Usage: 1906kB
        ->  Hash Join  (cost=82955.72..116674.50 rows=101122 width=8) (actual time=1683.562..2594.121 rows=45141 loops=1)
              Hash Cond: (mi_idx.movie_id = t.id)
              ->  Seq Scan on movie_info_idx mi_idx  (cost=0.00..25185.44 rows=464566 width=4) (actual time=0.022..532.851 rows=459925 loops=1)
                    Filter: (info_type_id = 101)
                    Rows Removed by Filter: 920110
              ->  Hash  (cost=73925.90..73925.90 rows=550385 width=4) (actual time=1682.273..1682.273 rows=602403 loops=1)
                    Buckets: 131072  Batches: 8  Memory Usage: 3672kB
                    ->  Seq Scan on title t  (cost=0.00..73925.90 rows=550385 width=4) (actual time=0.016..1491.351 rows=602403 loops=1)
                          Filter: ((production_year > 2006) AND (kind_id = 7))
                          Rows Removed by Filter: 1925909
Planning time: 1.690 ms
Execution time: 4577.956 ms
