Seq Scan on movie_companies mc  (cost=0.00..57926.93 rows=53 width=0) (actual time=303.448..2028.419 rows=3 loops=1)
  Filter: ((company_id = 22003) AND (company_type_id = 2))
  Rows Removed by Filter: 2609126
Planning time: 0.404 ms
Execution time: 2028.507 ms
