Hash Join  (cost=153740.19..979991.44 rows=198984 width=0) (actual time=3344.126..15469.312 rows=385691 loops=1)
  Hash Cond: (ci.movie_id = t.id)
  ->  Seq Scan on cast_info ci  (cost=0.00..796071.18 rows=2366194 width=4) (actual time=136.388..11563.711 rows=992947 loops=1)
        Filter: ((person_id < 338434) AND (role_id > 1))
        Rows Removed by Filter: 35251397
  ->  Hash  (cost=150251.25..150251.25 rows=212635 width=8) (actual time=3206.318..3206.318 rows=396933 loops=1)
        Buckets: 131072 (originally 131072)  Batches: 8 (originally 4)  Memory Usage: 3073kB
        ->  Hash Join  (cost=81598.21..150251.25 rows=212635 width=8) (actual time=1410.552..3094.729 rows=396933 loops=1)
              Hash Cond: (mc.movie_id = t.id)
              ->  Seq Scan on movie_companies mc  (cost=0.00..51404.11 rows=1149756 width=4) (actual time=0.013..955.101 rows=1146112 loops=1)
                    Filter: (company_id < 8810)
                    Rows Removed by Filter: 1463017
              ->  Hash  (cost=73925.90..73925.90 rows=467624 width=4) (actual time=1409.428..1409.428 rows=557493 loops=1)
                    Buckets: 131072  Batches: 8  Memory Usage: 3486kB
                    ->  Seq Scan on title t  (cost=0.00..73925.90 rows=467624 width=4) (actual time=0.024..1232.606 rows=557493 loops=1)
                          Filter: ((kind_id < 7) AND (production_year < 2003))
                          Rows Removed by Filter: 1970819
Planning time: 1.198 ms
Execution time: 15517.830 ms
