Seq Scan on title t  (cost=0.00..73925.90 rows=1054010 width=0) (actual time=0.022..1336.443 rows=1148948 loops=1)
  Filter: ((production_year > 1991) AND (kind_id = 7))
  Rows Removed by Filter: 1379364
Planning time: 0.433 ms
Execution time: 1476.290 ms
