Nested Loop  (cost=0.43..798851.07 rows=332 width=0) (actual time=1753.746..14850.176 rows=42 loops=1)
  ->  Seq Scan on cast_info ci  (cost=0.00..796071.18 rows=332 width=4) (actual time=1753.637..14849.128 rows=42 loops=1)
        Filter: ((role_id < 4) AND (person_id = 1184643))
        Rows Removed by Filter: 36244302
  ->  Index Only Scan using title_pkey on title t  (cost=0.43..8.36 rows=1 width=4) (actual time=0.023..0.023 rows=1 loops=42)
        Index Cond: (id = ci.movie_id)
        Heap Fetches: 42
Planning time: 1.297 ms
Execution time: 14850.256 ms
