Hash Join  (cost=286824.12..856125.70 rows=8893442 width=0) (actual time=6716.114..42552.559 rows=114883324 loops=1)
  Hash Cond: (mi.movie_id = t.id)
  ->  Seq Scan on movie_info mi  (cost=0.00..346232.03 rows=9767026 width=4) (actual time=0.017..7100.670 rows=9911754 loops=1)
        Filter: (info_type_id > 4)
        Rows Removed by Filter: 4923966
  ->  Hash  (cost=249050.50..249050.50 rows=2302370 width=8) (actual time=6715.342..6715.342 rows=2304659 loops=1)
        Buckets: 131072  Batches: 32  Memory Usage: 3895kB
        ->  Hash Join  (cost=102767.86..249050.50 rows=2302370 width=8) (actual time=2164.530..6010.684 rows=2304659 loops=1)
              Hash Cond: (mk.movie_id = t.id)
              ->  Seq Scan on movie_keyword mk  (cost=0.00..81003.12 rows=2302370 width=4) (actual time=0.019..1612.027 rows=2304659 loops=1)
                    Filter: (keyword_id > 4519)
                    Rows Removed by Filter: 2219271
              ->  Hash  (cost=61283.27..61283.27 rows=2528527 width=4) (actual time=2163.332..2163.332 rows=2528312 loops=1)
                    Buckets: 131072  Batches: 64  Memory Usage: 2425kB
                    ->  Seq Scan on title t  (cost=0.00..61283.27 rows=2528527 width=4) (actual time=0.010..1041.242 rows=2528312 loops=1)
Planning time: 1.205 ms
Execution time: 54406.379 ms
