Hash Join  (cost=955920.83..1083982.85 rows=1212048 width=0) (actual time=18931.820..28370.850 rows=23277046 loops=1)
  Hash Cond: (mk.movie_id = t.id)
  ->  Seq Scan on movie_keyword mk  (cost=0.00..81003.12 rows=2627578 width=4) (actual time=0.026..1660.595 rows=2617961 loops=1)
        Filter: (keyword_id < 7087)
        Rows Removed by Filter: 1905969
  ->  Hash  (cost=936784.35..936784.35 rows=1166358 width=8) (actual time=18928.362..18928.362 rows=3258385 loops=1)
        Buckets: 131072 (originally 131072)  Batches: 64 (originally 16)  Memory Usage: 3073kB
        ->  Hash Join  (cost=102767.86..936784.35 rows=1166358 width=8) (actual time=7217.569..18093.267 rows=3258385 loops=1)
              Hash Cond: (ci.movie_id = t.id)
              ->  Seq Scan on cast_info ci  (cost=0.00..796071.18 rows=1166358 width=4) (actual time=5256.149..12735.989 rows=3258385 loops=1)
                    Filter: ((person_id > 2734797) AND (role_id = 10))
                    Rows Removed by Filter: 32985959
              ->  Hash  (cost=61283.27..61283.27 rows=2528527 width=4) (actual time=1959.499..1959.499 rows=2528312 loops=1)
                    Buckets: 131072  Batches: 64  Memory Usage: 2415kB
                    ->  Seq Scan on title t  (cost=0.00..61283.27 rows=2528527 width=4) (actual time=0.031..1104.994 rows=2528312 loops=1)
Planning time: 0.973 ms
Execution time: 30842.145 ms
