Seq Scan on movie_keyword mk  (cost=0.00..81003.12 rows=295264 width=0) (actual time=0.033..1356.798 rows=292772 loops=1)
  Filter: (keyword_id > 55121)
  Rows Removed by Filter: 4231158
Planning time: 0.349 ms
Execution time: 1395.642 ms
