Seq Scan on title t  (cost=0.00..73925.90 rows=5474 width=0) (actual time=0.020..1281.535 rows=10482 loops=1)
  Filter: ((kind_id > 1) AND (production_year = 1982))
  Rows Removed by Filter: 2517830
Planning time: 0.444 ms
Execution time: 1284.181 ms
