Hash Join  (cost=102767.86..197608.80 rows=1123570 width=0) (actual time=1873.094..4437.406 rows=926747 loops=1)
  Hash Cond: (mc.movie_id = t.id)
  ->  Seq Scan on movie_companies mc  (cost=0.00..57926.93 rows=1123570 width=4) (actual time=0.025..1106.577 rows=926747 loops=1)
        Filter: ((company_id < 81256) AND (company_type_id = 2))
        Rows Removed by Filter: 1682382
  ->  Hash  (cost=61283.27..61283.27 rows=2528527 width=4) (actual time=1871.203..1871.203 rows=2528312 loops=1)
        Buckets: 131072  Batches: 64  Memory Usage: 2415kB
        ->  Seq Scan on title t  (cost=0.00..61283.27 rows=2528527 width=4) (actual time=0.015..1065.359 rows=2528312 loops=1)
Planning time: 0.734 ms
Execution time: 4553.722 ms
