Seq Scan on movie_companies mc  (cost=0.00..57926.93 rows=817429 width=0) (actual time=133.423..1072.696 rows=1030182 loops=1)
  Filter: ((company_id > 4876) AND (company_type_id > 1))
  Rows Removed by Filter: 1578947
Planning time: 0.425 ms
Execution time: 1199.548 ms
