Hash Join  (cost=83074.74..824096.73 rows=921 width=0) (actual time=8646.699..16154.499 rows=1104 loops=1)
  Hash Cond: (ci.movie_id = t.id)
  ->  Seq Scan on cast_info ci  (cost=0.00..705507.15 rows=9468168 width=4) (actual time=7408.243..13573.732 rows=9384703 loops=1)
        Filter: (role_id > 4)
        Rows Removed by Filter: 26859641
  ->  Hash  (cost=83071.67..83071.67 rows=246 width=8) (actual time=1237.728..1237.728 rows=158 loops=1)
        Buckets: 1024  Batches: 1  Memory Usage: 15kB
        ->  Nested Loop  (cost=0.43..83071.67 rows=246 width=8) (actual time=39.859..1237.624 rows=158 loops=1)
              ->  Seq Scan on movie_keyword mk  (cost=0.00..81003.12 rows=246 width=4) (actual time=39.709..1234.918 rows=158 loops=1)
                    Filter: (keyword_id = 21249)
                    Rows Removed by Filter: 4523772
              ->  Index Only Scan using title_pkey on title t  (cost=0.43..8.40 rows=1 width=4) (actual time=0.015..0.015 rows=1 loops=158)
                    Index Cond: (id = mk.movie_id)
                    Heap Fetches: 158
Planning time: 1.151 ms
Execution time: 16155.057 ms
