Seq Scan on movie_keyword mk  (cost=0.00..81003.12 rows=1318699 width=0) (actual time=0.021..3819.921 rows=1332478 loops=1)
  Filter: (keyword_id > 12931)
  Rows Removed by Filter: 3191452
Planning time: 0.254 ms
Execution time: 4096.458 ms
