Hash Join  (cost=74050.79..487035.08 rows=772591 width=0) (actual time=3835.663..9761.290 rows=697832 loops=1)
  Hash Cond: (mi.movie_id = t.id)
  ->  Seq Scan on movie_info mi  (cost=0.00..346232.03 rows=4972096 width=4) (actual time=2401.730..5475.095 rows=4923966 loops=1)
        Filter: (info_type_id < 5)
        Rows Removed by Filter: 9911754
  ->  Hash  (cost=67604.59..67604.59 rows=392896 width=4) (actual time=1432.938..1432.938 rows=391666 loops=1)
        Buckets: 131072  Batches: 8  Memory Usage: 2759kB
        ->  Seq Scan on title t  (cost=0.00..67604.59 rows=392896 width=4) (actual time=0.025..1143.164 rows=391666 loops=1)
              Filter: (production_year > 2010)
              Rows Removed by Filter: 2136646
Planning time: 0.731 ms
Execution time: 9846.494 ms
