Seq Scan on cast_info ci  (cost=0.00..796071.18 rows=19736991 width=0) (actual time=0.021..15957.658 rows=19052145 loops=1)
  Filter: ((person_id > 614682) AND (role_id < 4))
  Rows Removed by Filter: 17192199
Planning time: 2.220 ms
Execution time: 18314.461 ms
