Hash Join  (cost=108061.12..965511.64 rows=363186 width=0) (actual time=2109.257..20243.330 rows=364574 loops=1)
  Hash Cond: (ci.movie_id = t.id)
  ->  Seq Scan on cast_info ci  (cost=0.00..796071.18 rows=15399331 width=4) (actual time=0.028..15211.517 rows=10973704 loops=1)
        Filter: ((person_id < 2422512) AND (role_id > 1))
        Rows Removed by Filter: 25270640
  ->  Hash  (cost=107315.69..107315.69 rows=59634 width=8) (actual time=2108.811..2108.811 rows=36436 loops=1)
        Buckets: 65536  Batches: 1  Memory Usage: 1936kB
        ->  Hash Join  (cost=70308.29..107315.69 rows=59634 width=8) (actual time=1189.069..2096.174 rows=36436 loops=1)
              Hash Cond: (mi_idx.movie_id = t.id)
              ->  Seq Scan on movie_info_idx mi_idx  (cost=0.00..25185.44 rows=915101 width=4) (actual time=0.055..511.544 rows=919850 loops=1)
                    Filter: (info_type_id < 101)
                    Rows Removed by Filter: 460185
              ->  Hash  (cost=67604.59..67604.59 rows=164776 width=4) (actual time=1187.823..1187.823 rows=164307 loops=1)
                    Buckets: 131072  Batches: 4  Memory Usage: 2482kB
                    ->  Seq Scan on title t  (cost=0.00..67604.59 rows=164776 width=4) (actual time=0.025..1126.423 rows=164307 loops=1)
                          Filter: (production_year = 2012)
                          Rows Removed by Filter: 2364005
Planning time: 1.156 ms
Execution time: 20297.446 ms
