Hash Join  (cost=84417.00..228561.88 rows=1534870 width=0) (actual time=4538.726..12956.659 rows=2017584 loops=1)
  Hash Cond: (mk.movie_id = t.id)
  ->  Seq Scan on movie_keyword mk  (cost=0.00..81003.12 rows=3787215 width=4) (actual time=0.023..5441.834 rows=3779321 loops=1)
        Filter: (keyword_id < 25197)
        Rows Removed by Filter: 744609
  ->  Hash  (cost=67604.59..67604.59 rows=1024753 width=4) (actual time=4537.511..4537.511 rows=1021752 loops=1)
        Buckets: 131072  Batches: 16  Memory Usage: 3281kB
        ->  Seq Scan on title t  (cost=0.00..67604.59 rows=1024753 width=4) (actual time=0.021..4084.484 rows=1021752 loops=1)
              Filter: (production_year < 2000)
              Rows Removed by Filter: 1506560
Planning time: 0.759 ms
Execution time: 13234.396 ms
