Hash Join  (cost=170858.81..679502.35 rows=2702561 width=0) (actual time=3368.724..16375.505 rows=2020036 loops=1)
  Hash Cond: (mi.movie_id = t.id)
  ->  Seq Scan on movie_info mi  (cost=0.00..309384.22 rows=14739122 width=4) (actual time=0.024..5939.136 rows=14835720 loops=1)
  ->  Hash  (cost=163251.44..163251.44 rows=463630 width=8) (actual time=3179.427..3179.427 rows=241779 loops=1)
        Buckets: 131072  Batches: 8  Memory Usage: 2209kB
        ->  Hash Join  (cost=88391.98..163251.44 rows=463630 width=8) (actual time=2155.728..3116.494 rows=241779 loops=1)
              Hash Cond: (mc.movie_id = t.id)
              ->  Seq Scan on movie_companies mc  (cost=0.00..51404.11 rows=1329612 width=4) (actual time=0.023..943.593 rows=1334883 loops=1)
                    Filter: (company_type_id > 1)
                    Rows Removed by Filter: 1274246
              ->  Hash  (cost=73925.90..73925.90 rows=881686 width=4) (actual time=1418.734..1418.734 rows=801513 loops=1)
                    Buckets: 131072  Batches: 16  Memory Usage: 2786kB
                    ->  Seq Scan on title t  (cost=0.00..73925.90 rows=881686 width=4) (actual time=0.014..1172.753 rows=801513 loops=1)
                          Filter: ((production_year < 2006) AND (kind_id = 7))
                          Rows Removed by Filter: 1726799
Planning time: 1.239 ms
Execution time: 16614.946 ms
