Seq Scan on cast_info ci  (cost=0.00..705507.15 rows=10459914 width=0) (actual time=0.019..10772.977 rows=10285900 loops=1)
  Filter: (person_id < 1011355)
  Rows Removed by Filter: 25958444
Planning time: 0.299 ms
Execution time: 11950.489 ms
