Hash Join  (cost=74715.57..834555.38 rows=905065 width=0) (actual time=3563.738..18176.400 rows=3 loops=1)
  Hash Cond: (ci.movie_id = t.id)
  ->  Seq Scan on cast_info ci  (cost=0.00..614943.12 rows=36225612 width=4) (actual time=0.022..9069.463 rows=36244344 loops=1)
  ->  Hash  (cost=73925.90..73925.90 rows=63173 width=4) (actual time=1042.126..1042.126 rows=3 loops=1)
        Buckets: 65536  Batches: 1  Memory Usage: 513kB
        ->  Seq Scan on title t  (cost=0.00..73925.90 rows=63173 width=4) (actual time=92.904..1042.112 rows=3 loops=1)
              Filter: ((production_year < 1926) AND (kind_id = 7))
              Rows Removed by Filter: 2528309
Planning time: 0.706 ms
Execution time: 18176.546 ms
