Hash Join  (cost=70308.29..195136.13 rows=230377 width=0) (actual time=1108.232..4135.687 rows=86818 loops=1)
  Hash Cond: (mk.movie_id = t.id)
  ->  Seq Scan on movie_keyword mk  (cost=0.00..81003.12 rows=3535185 width=4) (actual time=0.022..1705.990 rows=3526835 loops=1)
        Filter: (keyword_id > 944)
        Rows Removed by Filter: 997095
  ->  Hash  (cost=67604.59..67604.59 rows=164776 width=4) (actual time=1106.376..1106.376 rows=164307 loops=1)
        Buckets: 131072  Batches: 4  Memory Usage: 2488kB
        ->  Seq Scan on title t  (cost=0.00..67604.59 rows=164776 width=4) (actual time=0.024..1047.205 rows=164307 loops=1)
              Filter: (production_year = 2012)
              Rows Removed by Filter: 2364005
Planning time: 9.079 ms
Execution time: 4146.979 ms
