Hash Join  (cost=1300515.72..2535508.80 rows=53323766 width=0) (actual time=24165.377..58068.918 rows=71883468 loops=1)
  Hash Cond: (mi.movie_id = t.id)
  ->  Seq Scan on movie_info mi  (cost=0.00..346232.03 rows=13926693 width=4) (actual time=0.019..7430.614 rows=13963496 loops=1)
        Filter: (info_type_id < 98)
        Rows Removed by Filter: 872224
  ->  Hash  (cost=1141678.60..1141678.60 rows=9681450 width=8) (actual time=24160.615..24160.615 rows=5511497 loops=1)
        Buckets: 131072  Batches: 128  Memory Usage: 2747kB
        ->  Hash Join  (cost=102767.86..1141678.60 rows=9681450 width=8) (actual time=2574.637..22688.369 rows=5511497 loops=1)
              Hash Cond: (ci.movie_id = t.id)
              ->  Seq Scan on cast_info ci  (cost=0.00..796071.18 rows=9681450 width=4) (actual time=0.011..15496.012 rows=5511497 loops=1)
                    Filter: ((person_id < 2918881) AND (role_id > 3))
                    Rows Removed by Filter: 30732847
              ->  Hash  (cost=61283.27..61283.27 rows=2528527 width=4) (actual time=2572.903..2572.903 rows=2528312 loops=1)
                    Buckets: 131072  Batches: 64  Memory Usage: 2415kB
                    ->  Seq Scan on title t  (cost=0.00..61283.27 rows=2528527 width=4) (actual time=0.020..1140.645 rows=2528312 loops=1)
Planning time: 2.885 ms
Execution time: 66095.017 ms
