Seq Scan on title t  (cost=0.00..73925.90 rows=1446118 width=0) (actual time=0.021..1508.046 rows=1571232 loops=1)
  Filter: ((kind_id > 1) AND (production_year > 1978))
  Rows Removed by Filter: 957080
Planning time: 0.318 ms
Execution time: 1706.302 ms
