Nested Loop  (cost=0.43..709673.15 rows=440 width=0) (actual time=2293.015..10121.291 rows=6 loops=1)
  ->  Seq Scan on cast_info ci  (cost=0.00..705507.15 rows=500 width=4) (actual time=2292.834..10120.879 rows=6 loops=1)
        Filter: (person_id = 1435483)
        Rows Removed by Filter: 36244338
  ->  Index Scan using title_pkey on title t  (cost=0.43..8.32 rows=1 width=4) (actual time=0.044..0.044 rows=1 loops=6)
        Index Cond: (id = ci.movie_id)
        Filter: (production_year < 2012)
Planning time: 0.384 ms
Execution time: 10121.404 ms
