Hash Join  (cost=102767.86..215149.77 rows=2123557 width=0) (actual time=2040.628..5242.886 rows=2119491 loops=1)
  Hash Cond: (mc.movie_id = t.id)
  ->  Seq Scan on movie_companies mc  (cost=0.00..51404.11 rows=2123557 width=4) (actual time=0.030..1057.557 rows=2119491 loops=1)
        Filter: (company_id < 74784)
        Rows Removed by Filter: 489638
  ->  Hash  (cost=61283.27..61283.27 rows=2528527 width=4) (actual time=2039.375..2039.375 rows=2528312 loops=1)
        Buckets: 131072  Batches: 64  Memory Usage: 2415kB
        ->  Seq Scan on title t  (cost=0.00..61283.27 rows=2528527 width=4) (actual time=0.015..1191.467 rows=2528312 loops=1)
Planning time: 1.294 ms
Execution time: 5473.750 ms
