Hash Join  (cost=448026.41..542806.69 rows=25578 width=0) (actual time=7059.255..10737.480 rows=2982140 loops=1)
  Hash Cond: (mk.movie_id = t.id)
  ->  Seq Scan on movie_keyword mk  (cost=0.00..81003.12 rows=3605699 width=4) (actual time=0.012..1624.505 rows=3617987 loops=1)
        Filter: (keyword_id < 20353)
        Rows Removed by Filter: 905943
  ->  Hash  (cost=447802.20..447802.20 rows=17937 width=8) (actual time=7058.589..7058.589 rows=140065 loops=1)
        Buckets: 131072 (originally 32768)  Batches: 2 (originally 1)  Memory Usage: 3762kB
        ->  Nested Loop  (cost=0.43..447802.20 rows=17937 width=8) (actual time=1240.397..6992.809 rows=140065 loops=1)
              ->  Seq Scan on movie_info mi  (cost=0.00..346232.03 rows=17937 width=4) (actual time=1240.336..5526.732 rows=140065 loops=1)
                    Filter: (info_type_id = 9)
                    Rows Removed by Filter: 14695655
              ->  Index Only Scan using title_pkey on title t  (cost=0.43..5.65 rows=1 width=4) (actual time=0.010..0.010 rows=1 loops=140065)
                    Index Cond: (id = mi.movie_id)
                    Heap Fetches: 140065
Planning time: 0.739 ms
Execution time: 11044.650 ms
