Seq Scan on movie_companies mc  (cost=0.00..57926.93 rows=1070567 width=0) (actual time=332.348..1093.201 rows=821727 loops=1)
  Filter: ((company_id < 73671) AND (company_type_id > 1))
  Rows Removed by Filter: 1787402
Planning time: 1.594 ms
Execution time: 1197.848 ms
