Hash Join  (cost=95498.80..154526.96 rows=2460 width=0) (actual time=1822.107..2793.842 rows=3645 loops=1)
  Hash Cond: (mc.movie_id = t.id)
  ->  Seq Scan on movie_companies mc  (cost=0.00..57926.93 rows=287100 width=4) (actual time=105.359..1037.711 rows=146068 loops=1)
        Filter: ((company_id < 596) AND (company_type_id = 2))
        Rows Removed by Filter: 2463061
  ->  Hash  (cost=95227.96..95227.96 rows=21667 width=8) (actual time=1715.950..1715.950 rows=23456 loops=1)
        Buckets: 32768  Batches: 1  Memory Usage: 1173kB
        ->  Hash Join  (cost=68100.81..95227.96 rows=21667 width=8) (actual time=1054.316..1708.271 rows=23456 loops=1)
              Hash Cond: (mi_idx.movie_id = t.id)
              ->  Seq Scan on movie_info_idx mi_idx  (cost=0.00..21735.35 rows=1380035 width=4) (actual time=0.022..345.774 rows=1380035 loops=1)
              ->  Hash  (cost=67604.59..67604.59 rows=39698 width=4) (actual time=1053.909..1053.909 rows=36437 loops=1)
                    Buckets: 65536  Batches: 1  Memory Usage: 1793kB
                    ->  Seq Scan on title t  (cost=0.00..67604.59 rows=39698 width=4) (actual time=0.026..1038.818 rows=36437 loops=1)
                          Filter: (production_year = 1995)
                          Rows Removed by Filter: 2491875
Planning time: 1.232 ms
Execution time: 2794.639 ms
