Nested Loop  (cost=0.43..709671.90 rows=500 width=0) (actual time=4974.428..11201.616 rows=1 loops=1)
  ->  Seq Scan on cast_info ci  (cost=0.00..705507.15 rows=500 width=4) (actual time=4974.217..11201.397 rows=1 loops=1)
        Filter: (person_id = 1365254)
        Rows Removed by Filter: 36244343
  ->  Index Only Scan using title_pkey on title t  (cost=0.43..8.32 rows=1 width=4) (actual time=0.118..0.119 rows=1 loops=1)
        Index Cond: (id = ci.movie_id)
        Heap Fetches: 1
Planning time: 0.760 ms
Execution time: 11201.686 ms
