Hash Join  (cost=110878.98..928037.43 rows=324251 width=0) (actual time=2305.179..18387.645 rows=712243 loops=1)
  Hash Cond: (ci.movie_id = t.id)
  ->  Seq Scan on cast_info ci  (cost=0.00..705507.15 rows=9346080 width=4) (actual time=0.022..12817.259 rows=9332180 loops=1)
        Filter: (person_id > 2768923)
        Rows Removed by Filter: 26912164
  ->  Hash  (cost=109439.43..109439.43 rows=87724 width=8) (actual time=2304.416..2304.416 rows=62055 loops=1)
        Buckets: 131072  Batches: 2  Memory Usage: 2230kB
        ->  Hash Join  (cost=70241.71..109439.43 rows=87724 width=8) (actual time=1268.112..2284.244 rows=62055 loops=1)
              Hash Cond: (mi_idx.movie_id = t.id)
              ->  Seq Scan on movie_info_idx mi_idx  (cost=0.00..21735.35 rows=1380035 width=4) (actual time=0.018..448.832 rows=1380035 loops=1)
              ->  Hash  (cost=67604.59..67604.59 rows=160730 width=4) (actual time=1267.311..1267.311 rows=160017 loops=1)
                    Buckets: 131072  Batches: 4  Memory Usage: 2436kB
                    ->  Seq Scan on title t  (cost=0.00..67604.59 rows=160730 width=4) (actual time=0.022..1211.258 rows=160017 loops=1)
                          Filter: (production_year = 2011)
                          Rows Removed by Filter: 2368295
Planning time: 1.157 ms
Execution time: 18471.058 ms
