Seq Scan on cast_info ci  (cost=0.00..705507.15 rows=22073990 width=0) (actual time=0.024..13173.180 rows=21927321 loops=1)
  Filter: (person_id < 2230975)
  Rows Removed by Filter: 14317023
Planning time: 0.322 ms
Execution time: 15878.287 ms
