Hash Join  (cost=164811.09..294301.80 rows=614668 width=0) (actual time=3340.003..9146.259 rows=11982639 loops=1)
  Hash Cond: (mk.movie_id = t.id)
  ->  Seq Scan on movie_keyword mk  (cost=0.00..69693.30 rows=4523930 width=4) (actual time=0.020..1435.412 rows=4523930 loops=1)
  ->  Hash  (cost=159174.69..159174.69 rows=343552 width=8) (actual time=3338.554..3338.554 rows=439340 loops=1)
        Buckets: 131072  Batches: 8  Memory Usage: 3207kB
        ->  Hash Join  (cost=79388.64..159174.69 rows=343552 width=8) (actual time=1110.438..3223.200 rows=439340 loops=1)
              Hash Cond: (mc.movie_id = t.id)
              ->  Seq Scan on movie_companies mc  (cost=0.00..44881.29 rows=2609129 width=4) (actual time=0.014..895.769 rows=2609129 loops=1)
              ->  Hash  (cost=73925.90..73925.90 rows=332939 width=4) (actual time=1109.538..1109.538 rows=255571 loops=1)
                    Buckets: 131072  Batches: 8  Memory Usage: 2147kB
                    ->  Seq Scan on title t  (cost=0.00..73925.90 rows=332939 width=4) (actual time=352.614..1022.986 rows=255571 loops=1)
                          Filter: ((kind_id < 2) AND (production_year > 2002))
                          Rows Removed by Filter: 2272741
Planning time: 1.122 ms
Execution time: 10449.105 ms
