Hash Join  (cost=98969.27..196460.08 rows=334655 width=0) (actual time=1863.636..4497.462 rows=287068 loops=1)
  Hash Cond: (mk.movie_id = t.id)
  ->  Seq Scan on movie_keyword mk  (cost=0.00..81003.12 rows=442626 width=4) (actual time=0.015..1174.403 rows=440269 loops=1)
        Filter: (keyword_id > 40078)
        Rows Removed by Filter: 4083661
  ->  Hash  (cost=67604.59..67604.59 rows=1911735 width=4) (actual time=1862.392..1862.392 rows=1903258 loops=1)
        Buckets: 131072  Batches: 32  Memory Usage: 3131kB
        ->  Seq Scan on title t  (cost=0.00..67604.59 rows=1911735 width=4) (actual time=0.024..1237.939 rows=1903258 loops=1)
              Filter: (production_year > 1982)
              Rows Removed by Filter: 625054
Planning time: 0.640 ms
Execution time: 4533.285 ms
