Hash Join  (cost=203935.95..1314231.90 rows=3038181 width=0) (actual time=4853.447..38932.605 rows=26216044 loops=1)
  Hash Cond: (ci.movie_id = t.id)
  ->  Seq Scan on cast_info ci  (cost=0.00..614943.12 rows=36225612 width=4) (actual time=0.022..13415.853 rows=36244344 loops=1)
  ->  Hash  (cost=200456.16..200456.16 rows=212063 width=8) (actual time=4852.306..4852.306 rows=769465 loops=1)
        Buckets: 131072 (originally 131072)  Batches: 16 (originally 4)  Memory Usage: 3073kB
        ->  Hash Join  (cost=75870.49..200456.16 rows=212063 width=8) (actual time=1392.239..4656.037 rows=769465 loops=1)
              Hash Cond: (mk.movie_id = t.id)
              ->  Seq Scan on movie_keyword mk  (cost=0.00..69693.30 rows=4523930 width=4) (actual time=0.030..1492.306 rows=4523930 loops=1)
              ->  Hash  (cost=73925.90..73925.90 rows=118527 width=4) (actual time=1391.410..1391.410 rows=217379 loops=1)
                    Buckets: 131072 (originally 131072)  Batches: 4 (originally 2)  Memory Usage: 3073kB
                    ->  Seq Scan on title t  (cost=0.00..73925.90 rows=118527 width=4) (actual time=0.038..1309.715 rows=217379 loops=1)
                          Filter: ((kind_id < 7) AND (production_year < 1965))
                          Rows Removed by Filter: 2310933
Planning time: 1.146 ms
Execution time: 41505.327 ms
