Hash Join  (cost=74672.54..168046.63 rows=73312 width=0) (actual time=1991.049..3471.500 rows=77203 loops=1)
  Hash Cond: (mk.movie_id = t.id)
  ->  Seq Scan on movie_keyword mk  (cost=0.00..81003.12 rows=3103424 width=4) (actual time=0.025..1528.047 rows=3087466 loops=1)
        Filter: (keyword_id > 1993)
        Rows Removed by Filter: 1436464
  ->  Hash  (cost=73925.90..73925.90 rows=59731 width=4) (actual time=1386.429..1386.429 rows=64886 loops=1)
        Buckets: 65536  Batches: 1  Memory Usage: 2794kB
        ->  Seq Scan on title t  (cost=0.00..73925.90 rows=59731 width=4) (actual time=261.447..1354.744 rows=64886 loops=1)
              Filter: ((production_year < 2008) AND (kind_id = 2))
              Rows Removed by Filter: 2463426
Planning time: 3.362 ms
Execution time: 3481.194 ms
