Hash Join  (cost=83074.74..110004.13 rows=45 width=0) (actual time=1084.490..1295.221 rows=196 loops=1)
  Hash Cond: (mi_idx.movie_id = t.id)
  ->  Seq Scan on movie_info_idx mi_idx  (cost=0.00..25185.44 rows=464934 width=4) (actual time=0.025..176.766 rows=460185 loops=1)
        Filter: (info_type_id > 100)
        Rows Removed by Filter: 919850
  ->  Hash  (cost=83071.67..83071.67 rows=246 width=8) (actual time=1084.161..1084.161 rows=248 loops=1)
        Buckets: 1024  Batches: 1  Memory Usage: 18kB
        ->  Nested Loop  (cost=0.43..83071.67 rows=246 width=8) (actual time=19.527..1083.932 rows=248 loops=1)
              ->  Seq Scan on movie_keyword mk  (cost=0.00..81003.12 rows=246 width=4) (actual time=19.432..1076.010 rows=248 loops=1)
                    Filter: (keyword_id = 15816)
                    Rows Removed by Filter: 4523682
              ->  Index Only Scan using title_pkey on title t  (cost=0.43..8.40 rows=1 width=4) (actual time=0.029..0.029 rows=1 loops=248)
                    Index Cond: (id = mk.movie_id)
                    Heap Fetches: 248
Planning time: 1.084 ms
Execution time: 1295.350 ms
