Hash Join  (cost=94657.25..847955.92 rows=6882 width=0) (actual time=3074.365..15135.374 rows=1494 loops=1)
  Hash Cond: (ci.movie_id = t.id)
  ->  Seq Scan on cast_info ci  (cost=0.00..705507.15 rows=12726058 width=4) (actual time=1491.305..11892.623 rows=12670688 loops=1)
        Filter: (role_id = 1)
        Rows Removed by Filter: 23573656
  ->  Hash  (cost=94640.16..94640.16 rows=1367 width=8) (actual time=1573.165..1573.165 rows=259 loops=1)
        Buckets: 2048  Batches: 1  Memory Usage: 27kB
        ->  Hash Join  (cost=67697.55..94640.16 rows=1367 width=8) (actual time=1053.015..1572.987 rows=259 loops=1)
              Hash Cond: (mi_idx.movie_id = t.id)
              ->  Seq Scan on movie_info_idx mi_idx  (cost=0.00..25185.44 rows=464934 width=4) (actual time=0.056..482.632 rows=460185 loops=1)
                    Filter: (info_type_id > 100)
                    Rows Removed by Filter: 919850
              ->  Hash  (cost=67604.59..67604.59 rows=7437 width=4) (actual time=993.862..993.862 rows=7670 loops=1)
                    Buckets: 8192  Batches: 1  Memory Usage: 334kB
                    ->  Seq Scan on title t  (cost=0.00..67604.59 rows=7437 width=4) (actual time=0.029..990.814 rows=7670 loops=1)
                          Filter: (production_year = 1915)
                          Rows Removed by Filter: 2520642
Planning time: 1.100 ms
Execution time: 15136.062 ms
