Seq Scan on cast_info ci  (cost=0.00..796071.18 rows=7173152 width=0) (actual time=5256.841..13157.101 rows=3866383 loops=1)
  Filter: ((person_id < 2135806) AND (role_id > 3))
  Rows Removed by Filter: 32377961
Planning time: 0.349 ms
Execution time: 13652.280 ms
