Hash Join  (cost=58358.90..145017.85 rows=91 width=0) (actual time=939.918..2732.821 rows=83 loops=1)
  Hash Cond: (mk.movie_id = t.id)
  ->  Seq Scan on movie_keyword mk  (cost=0.00..69693.30 rows=4523930 width=4) (actual time=0.023..1032.768 rows=4523930 loops=1)
  ->  Hash  (cost=58358.27..58358.27 rows=51 width=8) (actual time=935.849..935.849 rows=129 loops=1)
        Buckets: 1024  Batches: 1  Memory Usage: 14kB
        ->  Nested Loop  (cost=0.43..58358.27 rows=51 width=8) (actual time=176.927..935.728 rows=129 loops=1)
              ->  Seq Scan on movie_companies mc  (cost=0.00..57926.93 rows=51 width=4) (actual time=176.827..931.368 rows=129 loops=1)
                    Filter: ((company_type_id < 2) AND (company_id = 11591))
                    Rows Removed by Filter: 2609000
              ->  Index Only Scan using title_pkey on title t  (cost=0.43..8.45 rows=1 width=4) (actual time=0.031..0.032 rows=1 loops=129)
                    Index Cond: (id = mc.movie_id)
                    Heap Fetches: 129
Planning time: 1.148 ms
Execution time: 2732.965 ms
