Hash Join  (cost=128754.63..511795.13 rows=18213 width=0) (actual time=2708.455..10135.834 rows=59 loops=1)
  Hash Cond: (mi.movie_id = t.id)
  ->  Seq Scan on movie_info mi  (cost=0.00..346232.03 rows=9767026 width=4) (actual time=344.665..6410.842 rows=9911754 loops=1)
        Filter: (info_type_id > 4)
        Rows Removed by Filter: 4923966
  ->  Hash  (cost=128695.69..128695.69 rows=4715 width=8) (actual time=2312.715..2312.715 rows=14 loops=1)
        Buckets: 8192  Batches: 1  Memory Usage: 65kB
        ->  Hash Join  (cost=73983.02..128695.69 rows=4715 width=8) (actual time=1778.265..2312.622 rows=14 loops=1)
              Hash Cond: (mc.movie_id = t.id)
              ->  Seq Scan on movie_companies mc  (cost=0.00..44881.29 rows=2609129 width=4) (actual time=0.027..629.910 rows=2609129 loops=1)
              ->  Hash  (cost=73925.90..73925.90 rows=4569 width=4) (actual time=1213.390..1213.390 rows=204 loops=1)
                    Buckets: 8192  Batches: 1  Memory Usage: 72kB
                    ->  Seq Scan on title t  (cost=0.00..73925.90 rows=4569 width=4) (actual time=6.363..1213.201 rows=204 loops=1)
                          Filter: ((kind_id > 4) AND (production_year = 1947))
                          Rows Removed by Filter: 2528108
Planning time: 1.204 ms
Execution time: 10135.959 ms
