Nested Loop  (cost=0.43..709673.15 rows=250 width=0) (actual time=3979.581..9356.862 rows=102 loops=1)
  ->  Seq Scan on cast_info ci  (cost=0.00..705507.15 rows=500 width=4) (actual time=3979.401..9354.483 rows=117 loops=1)
        Filter: (person_id = 943281)
        Rows Removed by Filter: 36244227
  ->  Index Scan using title_pkey on title t  (cost=0.43..8.32 rows=1 width=4) (actual time=0.018..0.018 rows=1 loops=117)
        Index Cond: (id = ci.movie_id)
        Filter: (production_year < 2004)
        Rows Removed by Filter: 0
Planning time: 0.801 ms
Execution time: 9357.008 ms
