Hash Join  (cost=122535.74..203618.11 rows=64 width=0) (actual time=3051.203..4305.178 rows=539 loops=1)
  Hash Cond: (mk.movie_id = t.id)
  ->  Seq Scan on movie_keyword mk  (cost=0.00..81003.12 rows=20961 width=4) (actual time=0.074..1246.051 rows=19528 loops=1)
        Filter: (keyword_id = 137)
        Rows Removed by Filter: 4504402
  ->  Hash  (cost=122439.81..122439.81 rows=7674 width=8) (actual time=3050.745..3050.745 rows=14615 loops=1)
        Buckets: 16384 (originally 8192)  Batches: 1 (originally 1)  Memory Usage: 699kB
        ->  Hash Join  (cost=67697.55..122439.81 rows=7674 width=8) (actual time=1802.447..3044.564 rows=14615 loops=1)
              Hash Cond: (mc.movie_id = t.id)
              ->  Seq Scan on movie_companies mc  (cost=0.00..44881.29 rows=2609129 width=4) (actual time=0.019..698.396 rows=2609129 loops=1)
              ->  Hash  (cost=67604.59..67604.59 rows=7437 width=4) (actual time=1802.299..1802.299 rows=8628 loops=1)
                    Buckets: 16384 (originally 8192)  Batches: 1 (originally 1)  Memory Usage: 432kB
                    ->  Seq Scan on title t  (cost=0.00..67604.59 rows=7437 width=4) (actual time=0.182..1797.985 rows=8628 loops=1)
                          Filter: (production_year = 1956)
                          Rows Removed by Filter: 2519684
Planning time: 1.122 ms
Execution time: 4305.570 ms
