Seq Scan on movie_companies mc  (cost=0.00..57926.93 rows=53 width=0) (actual time=549.499..903.770 rows=639 loops=1)
  Filter: ((company_type_id > 1) AND (company_id = 11554))
  Rows Removed by Filter: 2608490
Planning time: 0.377 ms
Execution time: 903.987 ms
