Hash Join  (cost=215418.64..1412310.56 rows=15875975 width=0) (actual time=5695.285..49823.005 rows=30172496 loops=1)
  Hash Cond: (ci.movie_id = t.id)
  ->  Seq Scan on cast_info ci  (cost=0.00..614943.12 rows=36225612 width=4) (actual time=0.022..15552.189 rows=36244344 loops=1)
  ->  Hash  (cost=197237.97..197237.97 rows=1108134 width=8) (actual time=5694.168..5694.168 rows=1231696 loops=1)
        Buckets: 131072  Batches: 16  Memory Usage: 4024kB
        ->  Hash Join  (cost=102767.86..197237.97 rows=1108134 width=8) (actual time=2616.315..5320.464 rows=1231696 loops=1)
              Hash Cond: (mc.movie_id = t.id)
              ->  Seq Scan on movie_companies mc  (cost=0.00..57926.93 rows=1108134 width=4) (actual time=0.593..1247.387 rows=1231696 loops=1)
                    Filter: ((company_id > 312) AND (company_type_id > 1))
                    Rows Removed by Filter: 1377433
              ->  Hash  (cost=61283.27..61283.27 rows=2528527 width=4) (actual time=2614.206..2614.206 rows=2528312 loops=1)
                    Buckets: 131072  Batches: 64  Memory Usage: 2415kB
                    ->  Seq Scan on title t  (cost=0.00..61283.27 rows=2528527 width=4) (actual time=0.030..1178.483 rows=2528312 loops=1)
Planning time: 1.158 ms
Execution time: 53282.256 ms
