Seq Scan on title t  (cost=0.00..73925.90 rows=17845 width=0) (actual time=0.104..3551.815 rows=10782 loops=1)
  Filter: ((kind_id = 1) AND (production_year = 2003))
  Rows Removed by Filter: 2517530
Planning time: 0.349 ms
Execution time: 3553.894 ms
