Seq Scan on cast_info ci  (cost=0.00..796071.18 rows=22088977 width=0) (actual time=0.021..16552.585 rows=21319262 loops=1)
  Filter: ((person_id > 1054606) AND (role_id < 10))
  Rows Removed by Filter: 14925082
Planning time: 0.404 ms
Execution time: 19237.152 ms
