Hash Join  (cost=93093.08..539324.58 rows=2724690 width=0) (actual time=2214.428..11743.814 rows=1588704 loops=1)
  Hash Cond: (mi.movie_id = t.id)
  ->  Seq Scan on movie_info mi  (cost=0.00..346232.03 rows=5897221 width=4) (actual time=381.540..6334.488 rows=5884963 loops=1)
        Filter: (info_type_id < 7)
        Rows Removed by Filter: 8950757
  ->  Hash  (cost=73925.90..73925.90 rows=1168254 width=4) (actual time=1832.018..1832.018 rows=1132488 loops=1)
        Buckets: 131072  Batches: 16  Memory Usage: 3524kB
        ->  Seq Scan on title t  (cost=0.00..73925.90 rows=1168254 width=4) (actual time=0.023..1455.313 rows=1132488 loops=1)
              Filter: ((kind_id > 2) AND (production_year < 2008))
              Rows Removed by Filter: 1395824
Planning time: 0.535 ms
Execution time: 11926.636 ms
