Seq Scan on title t  (cost=0.00..67604.59 rows=2347906 width=0) (actual time=0.025..1261.818 rows=2340903 loops=1)
  Filter: (production_year > 1929)
  Rows Removed by Filter: 187409
Planning time: 0.383 ms
Execution time: 1551.706 ms
