Seq Scan on cast_info ci  (cost=0.00..705507.15 rows=500 width=0) (actual time=2183.562..11299.893 rows=5 loops=1)
  Filter: (person_id = 1397302)
  Rows Removed by Filter: 36244339
Planning time: 0.391 ms
Execution time: 11299.992 ms
