Hash Join  (cost=203157.51..710404.24 rows=2571679 width=0) (actual time=4353.007..16606.667 rows=1077683 loops=1)
  Hash Cond: (mi.movie_id = t.id)
  ->  Seq Scan on movie_info mi  (cost=0.00..309384.22 rows=14739122 width=4) (actual time=0.027..6099.231 rows=14835720 loops=1)
  ->  Hash  (cost=195918.80..195918.80 rows=441177 width=8) (actual time=4249.704..4249.704 rows=107730 loops=1)
        Buckets: 131072  Batches: 8  Memory Usage: 1562kB
        ->  Hash Join  (cost=81821.64..195918.80 rows=441177 width=8) (actual time=2976.395..4213.040 rows=107730 loops=1)
              Hash Cond: (mk.movie_id = t.id)
              ->  Seq Scan on movie_keyword mk  (cost=0.00..81003.12 rows=2317936 width=4) (actual time=0.017..1717.615 rows=2318931 loops=1)
                    Filter: (keyword_id < 5053)
                    Rows Removed by Filter: 2204999
              ->  Hash  (cost=73925.90..73925.90 rows=481259 width=4) (actual time=1398.383..1398.383 rows=518327 loops=1)
                    Buckets: 131072  Batches: 8  Memory Usage: 3307kB
                    ->  Seq Scan on title t  (cost=0.00..73925.90 rows=481259 width=4) (actual time=0.030..1228.531 rows=518327 loops=1)
                          Filter: ((production_year > 2007) AND (kind_id = 7))
                          Rows Removed by Filter: 2009985
Planning time: 10.001 ms
Execution time: 16726.067 ms
