Nested Loop  (cost=0.43..709673.15 rows=368 width=0) (actual time=2953.724..10786.901 rows=38 loops=1)
  ->  Seq Scan on cast_info ci  (cost=0.00..705507.15 rows=500 width=4) (actual time=626.635..10784.780 rows=48 loops=1)
        Filter: (person_id = 532762)
        Rows Removed by Filter: 36244296
  ->  Index Scan using title_pkey on title t  (cost=0.43..8.32 rows=1 width=4) (actual time=0.042..0.042 rows=1 loops=48)
        Index Cond: (id = ci.movie_id)
        Filter: (kind_id > 1)
        Rows Removed by Filter: 0
Planning time: 1.657 ms
Execution time: 10787.096 ms
