Seq Scan on movie_keyword mk  (cost=0.00..81003.12 rows=3297365 width=0) (actual time=0.009..1613.812 rows=3287450 loops=1)
  Filter: (keyword_id < 14637)
  Rows Removed by Filter: 1236480
Planning time: 1.216 ms
Execution time: 2023.623 ms
