Hash Join  (cost=167303.67..194591.17 rows=37702 width=0) (actual time=3073.402..3717.273 rows=87478 loops=1)
  Hash Cond: (mi_idx.movie_id = t.id)
  ->  Seq Scan on movie_info_idx mi_idx  (cost=0.00..21735.35 rows=1380035 width=4) (actual time=0.024..324.658 rows=1380035 loops=1)
  ->  Hash  (cost=166440.19..166440.19 rows=69078 width=8) (actual time=3072.550..3072.550 rows=44172 loops=1)
        Buckets: 131072  Batches: 1  Memory Usage: 2750kB
        ->  Hash Join  (cost=69928.56..166440.19 rows=69078 width=8) (actual time=1164.568..3056.071 rows=44172 loops=1)
              Hash Cond: (mk.movie_id = t.id)
              ->  Seq Scan on movie_keyword mk  (cost=0.00..81003.12 rows=1233527 width=4) (actual time=0.024..1448.723 rows=1246943 loops=1)
                    Filter: (keyword_id < 1586)
                    Rows Removed by Filter: 3276987
              ->  Hash  (cost=67604.59..67604.59 rows=141598 width=4) (actual time=1163.810..1163.810 rows=141703 loops=1)
                    Buckets: 131072  Batches: 2  Memory Usage: 3517kB
                    ->  Seq Scan on title t  (cost=0.00..67604.59 rows=141598 width=4) (actual time=0.012..1107.331 rows=141703 loops=1)
                          Filter: (production_year = 2010)
                          Rows Removed by Filter: 2386609
Planning time: 1.180 ms
Execution time: 3728.545 ms
