Nested Loop  (cost=73187.44..173742.49 rows=232 width=0) (actual time=1563.723..3217.072 rows=556 loops=1)
  ->  Hash Join  (cost=73187.01..162587.32 rows=18731 width=8) (actual time=1537.016..2963.961 rows=28088 loops=1)
        Hash Cond: (mk.movie_id = mc.movie_id)
        ->  Seq Scan on movie_keyword mk  (cost=0.00..81003.12 rows=6786 width=4) (actual time=0.257..1183.899 rows=5392 loops=1)
              Filter: (keyword_id = 460)
              Rows Removed by Filter: 4518538
        ->  Hash  (cost=51404.11..51404.11 rows=1327672 width=4) (actual time=1536.060..1536.060 rows=1317791 loops=1)
              Buckets: 131072  Batches: 32  Memory Usage: 2495kB
              ->  Seq Scan on movie_companies mc  (cost=0.00..51404.11 rows=1327672 width=4) (actual time=0.021..1102.400 rows=1317791 loops=1)
                    Filter: (company_id < 11373)
                    Rows Removed by Filter: 1291338
  ->  Index Scan using title_pkey on title t  (cost=0.43..0.59 rows=1 width=4) (actual time=0.009..0.009 rows=0 loops=28088)
        Index Cond: (id = mc.movie_id)
        Filter: (production_year = 2012)
        Rows Removed by Filter: 1
Planning time: 1.150 ms
Execution time: 3217.346 ms
