Seq Scan on movie_companies mc  (cost=0.00..57926.93 rows=296920 width=0) (actual time=92.644..853.493 rows=431789 loops=1)
  Filter: ((company_id < 689) AND (company_type_id = 1))
  Rows Removed by Filter: 2177340
Planning time: 0.438 ms
Execution time: 908.445 ms
