Seq Scan on cast_info ci  (cost=0.00..705507.15 rows=23294971 width=0) (actual time=0.023..12433.563 rows=23350205 loops=1)
  Filter: (person_id > 1273245)
  Rows Removed by Filter: 12894139
Planning time: 0.361 ms
Execution time: 15305.183 ms
