Hash Join  (cost=95087.33..144858.33 rows=703952 width=0) (actual time=1864.556..3317.930 rows=564510 loops=1)
  Hash Cond: (mi_idx.movie_id = t.id)
  ->  Seq Scan on movie_info_idx mi_idx  (cost=0.00..21735.35 rows=1380035 width=4) (actual time=0.029..465.114 rows=1380035 loops=1)
  ->  Hash  (cost=73925.90..73925.90 rows=1289794 width=4) (actual time=1863.591..1863.591 rows=1413747 loops=1)
        Buckets: 131072  Batches: 32  Memory Usage: 2586kB
        ->  Seq Scan on title t  (cost=0.00..73925.90 rows=1289794 width=4) (actual time=0.015..1398.339 rows=1413747 loops=1)
              Filter: ((kind_id > 1) AND (production_year > 1990))
              Rows Removed by Filter: 1114565
Planning time: 0.885 ms
Execution time: 3379.696 ms
