Hash Join  (cost=102767.86..1071091.68 rows=6747978 width=0) (actual time=26532.993..43356.588 rows=2381370 loops=1)
  Hash Cond: (ci.movie_id = t.id)
  ->  Seq Scan on cast_info ci  (cost=0.00..796071.18 rows=6747978 width=4) (actual time=21366.413..35479.471 rows=2381370 loops=1)
        Filter: ((person_id > 2694541) AND (role_id < 4))
        Rows Removed by Filter: 33862974
  ->  Hash  (cost=61283.27..61283.27 rows=2528527 width=4) (actual time=5165.263..5165.263 rows=2528312 loops=1)
        Buckets: 131072  Batches: 64  Memory Usage: 2415kB
        ->  Seq Scan on title t  (cost=0.00..61283.27 rows=2528527 width=4) (actual time=5.782..4016.055 rows=2528312 loops=1)
Planning time: 0.770 ms
Execution time: 43690.886 ms
