Seq Scan on cast_info ci  (cost=0.00..796071.18 rows=1871191 width=0) (actual time=7598.669..12813.112 rows=4840509 loops=1)
  Filter: ((person_id > 2797779) AND (role_id > 7))
  Rows Removed by Filter: 31403835
Planning time: 0.373 ms
Execution time: 13410.436 ms
