Hash Join  (cost=283796.53..920574.18 rows=12984582 width=0) (actual time=7223.739..47579.703 rows=122209588 loops=1)
  Hash Cond: (mi.movie_id = t.id)
  ->  Seq Scan on movie_info mi  (cost=0.00..309384.22 rows=14739122 width=4) (actual time=0.025..6220.138 rows=14835720 loops=1)
  ->  Hash  (cost=247250.38..247250.38 rows=2227532 width=8) (actual time=7222.597..7222.597 rows=2224625 loops=1)
        Buckets: 131072  Batches: 32  Memory Usage: 3804kB
        ->  Hash Join  (cost=102767.86..247250.38 rows=2227532 width=8) (actual time=1978.024..6549.425 rows=2224625 loops=1)
              Hash Cond: (mk.movie_id = t.id)
              ->  Seq Scan on movie_keyword mk  (cost=0.00..81003.12 rows=2227532 width=4) (actual time=0.031..1651.746 rows=2224625 loops=1)
                    Filter: (keyword_id > 4927)
                    Rows Removed by Filter: 2299305
              ->  Hash  (cost=61283.27..61283.27 rows=2528527 width=4) (actual time=1976.794..1976.794 rows=2528312 loops=1)
                    Buckets: 131072  Batches: 64  Memory Usage: 2425kB
                    ->  Seq Scan on title t  (cost=0.00..61283.27 rows=2528527 width=4) (actual time=0.016..1110.110 rows=2528312 loops=1)
Planning time: 1.176 ms
Execution time: 60367.505 ms
