Seq Scan on movie_companies mc  (cost=0.00..57926.93 rows=53 width=0) (actual time=32.715..732.479 rows=2 loops=1)
  Filter: ((company_id = 4051) AND (company_type_id = 2))
  Rows Removed by Filter: 2609127
Planning time: 0.392 ms
Execution time: 732.565 ms
