Hash Join  (cost=261277.97..1274876.42 rows=8862962 width=0) (actual time=10991.980..36575.622 rows=25328559 loops=1)
  Hash Cond: (ci.movie_id = t.id)
  ->  Seq Scan on cast_info ci  (cost=0.00..796071.18 rows=9327731 width=4) (actual time=5077.886..16276.427 rows=12670688 loops=1)
        Filter: ((person_id < 2743856) AND (role_id = 1))
        Rows Removed by Filter: 23573656
  ->  Hash  (cost=221861.23..221861.23 rows=2402539 width=8) (actual time=5913.170..5913.170 rows=2402157 loops=1)
        Buckets: 131072  Batches: 32  Memory Usage: 3923kB
        ->  Hash Join  (cost=102767.86..221861.23 rows=2402539 width=8) (actual time=1829.016..5287.096 rows=2402157 loops=1)
              Hash Cond: (mc.movie_id = t.id)
              ->  Seq Scan on movie_companies mc  (cost=0.00..51404.11 rows=2402539 width=4) (actual time=0.031..1199.124 rows=2402157 loops=1)
                    Filter: (company_id > 67)
                    Rows Removed by Filter: 206972
              ->  Hash  (cost=61283.27..61283.27 rows=2528527 width=4) (actual time=1827.442..1827.442 rows=2528312 loops=1)
                    Buckets: 131072  Batches: 64  Memory Usage: 2415kB
                    ->  Seq Scan on title t  (cost=0.00..61283.27 rows=2528527 width=4) (actual time=0.013..1019.897 rows=2528312 loops=1)
Planning time: 1.177 ms
Execution time: 39289.355 ms
