Hash Join  (cost=281122.79..1678318.40 rows=30966643 width=0) (actual time=6907.292..63708.975 rows=104575695 loops=1)
  Hash Cond: (ci.movie_id = t.id)
  ->  Seq Scan on cast_info ci  (cost=0.00..614943.12 rows=36225612 width=4) (actual time=0.014..13684.022 rows=36244344 loops=1)
  ->  Hash  (cost=245660.61..245660.61 rows=2161454 width=8) (actual time=6906.439..6906.439 rows=2159066 loops=1)
        Buckets: 131072  Batches: 32  Memory Usage: 3644kB
        ->  Hash Join  (cost=102767.86..245660.61 rows=2161454 width=8) (actual time=2136.059..6305.931 rows=2159066 loops=1)
              Hash Cond: (mk.movie_id = t.id)
              ->  Seq Scan on movie_keyword mk  (cost=0.00..81003.12 rows=2161454 width=4) (actual time=0.025..1626.460 rows=2159066 loops=1)
                    Filter: (keyword_id > 5338)
                    Rows Removed by Filter: 2364864
              ->  Hash  (cost=61283.27..61283.27 rows=2528527 width=4) (actual time=2134.445..2134.445 rows=2528312 loops=1)
                    Buckets: 131072  Batches: 64  Memory Usage: 2425kB
                    ->  Seq Scan on title t  (cost=0.00..61283.27 rows=2528527 width=4) (actual time=0.014..1222.700 rows=2528312 loops=1)
Planning time: 1.132 ms
Execution time: 74882.867 ms
