Seq Scan on movie_companies mc  (cost=0.00..51404.11 rows=229167 width=0) (actual time=16.176..806.638 rows=230754 loops=1)
  Filter: (company_id > 105255)
  Rows Removed by Filter: 2378375
Planning time: 0.216 ms
Execution time: 836.798 ms
