Hash Join  (cost=217284.54..768882.35 rows=6728289 width=0) (actual time=4807.351..26252.426 rows=43990478 loops=1)
  Hash Cond: (mi.movie_id = t.id)
  ->  Seq Scan on movie_info mi  (cost=0.00..309384.22 rows=14739122 width=4) (actual time=0.020..5940.586 rows=14835720 loops=1)
  ->  Hash  (cost=198347.39..198347.39 rows=1154252 width=8) (actual time=4806.309..4806.309 rows=1082365 loops=1)
        Buckets: 131072  Batches: 16  Memory Usage: 3720kB
        ->  Hash Join  (cost=102767.86..198347.39 rows=1154252 width=8) (actual time=2257.695..4488.491 rows=1082365 loops=1)
              Hash Cond: (mc.movie_id = t.id)
              ->  Seq Scan on movie_companies mc  (cost=0.00..57926.93 rows=1154252 width=4) (actual time=346.297..1245.270 rows=1082365 loops=1)
                    Filter: ((company_id > 119) AND (company_type_id < 2))
                    Rows Removed by Filter: 1526764
              ->  Hash  (cost=61283.27..61283.27 rows=2528527 width=4) (actual time=1909.560..1909.560 rows=2528312 loops=1)
                    Buckets: 131072  Batches: 64  Memory Usage: 2415kB
                    ->  Seq Scan on title t  (cost=0.00..61283.27 rows=2528527 width=4) (actual time=0.022..1070.470 rows=2528312 loops=1)
Planning time: 1.224 ms
Execution time: 30452.946 ms
