Seq Scan on movie_keyword mk  (cost=0.00..81003.12 rows=246 width=0) (actual time=31.498..1193.437 rows=75 loops=1)
  Filter: (keyword_id = 4736)
  Rows Removed by Filter: 4523855
Planning time: 0.408 ms
Execution time: 1193.591 ms
