Seq Scan on movie_keyword mk  (cost=0.00..81003.12 rows=246 width=0) (actual time=726.934..1191.918 rows=2 loops=1)
  Filter: (keyword_id = 113282)
  Rows Removed by Filter: 4523928
Planning time: 0.394 ms
Execution time: 1191.996 ms
