Hash Join  (cost=135174.28..957818.80 rows=342348 width=0) (actual time=32141.858..49628.463 rows=2528571 loops=1)
  Hash Cond: (ci.movie_id = t.id)
  ->  Seq Scan on cast_info ci  (cost=0.00..796071.18 rows=1843429 width=4) (actual time=24717.705..38307.979 rows=3525736 loops=1)
        Filter: ((person_id > 2079481) AND (role_id = 10))
        Rows Removed by Filter: 32718608
  ->  Hash  (cost=127469.53..127469.53 rows=469580 width=8) (actual time=7423.044..7423.044 rows=854105 loops=1)
        Buckets: 131072 (originally 131072)  Batches: 16 (originally 8)  Memory Usage: 3104kB
        ->  Hash Join  (cost=81720.25..127469.53 rows=469580 width=8) (actual time=4454.256..7155.437 rows=854105 loops=1)
              Hash Cond: (mi_idx.movie_id = t.id)
              ->  Seq Scan on movie_info_idx mi_idx  (cost=0.00..21735.35 rows=1380035 width=4) (actual time=0.029..1475.243 rows=1380035 loops=1)
              ->  Hash  (cost=67604.59..67604.59 rows=860373 width=4) (actual time=4453.275..4453.275 rows=854214 loops=1)
                    Buckets: 131072  Batches: 16  Memory Usage: 2897kB
                    ->  Seq Scan on title t  (cost=0.00..67604.59 rows=860373 width=4) (actual time=0.025..3439.677 rows=854214 loops=1)
                          Filter: (kind_id < 4)
                          Rows Removed by Filter: 1674098
Planning time: 1.128 ms
Execution time: 50046.270 ms
