Hash Join  (cost=323494.81..1920067.54 rows=45967153 width=0) (actual time=8306.139..77012.133 rows=153658279 loops=1)
  Hash Cond: (ci.movie_id = t.id)
  ->  Seq Scan on cast_info ci  (cost=0.00..614943.12 rows=36225612 width=4) (actual time=0.028..14113.049 rows=36244344 loops=1)
  ->  Hash  (cost=270854.80..270854.80 rows=3208481 width=8) (actual time=8304.168..8304.168 rows=3196288 loops=1)
        Buckets: 131072  Batches: 64  Memory Usage: 2991kB
        ->  Hash Join  (cost=102767.86..270854.80 rows=3208481 width=8) (actual time=2756.612..7411.937 rows=3196288 loops=1)
              Hash Cond: (mk.movie_id = t.id)
              ->  Seq Scan on movie_keyword mk  (cost=0.00..81003.12 rows=3208481 width=4) (actual time=0.015..1879.089 rows=3196288 loops=1)
                    Filter: (keyword_id < 13000)
                    Rows Removed by Filter: 1327642
              ->  Hash  (cost=61283.27..61283.27 rows=2528527 width=4) (actual time=2754.399..2754.399 rows=2528312 loops=1)
                    Buckets: 131072  Batches: 64  Memory Usage: 2425kB
                    ->  Seq Scan on title t  (cost=0.00..61283.27 rows=2528527 width=4) (actual time=0.010..1180.599 rows=2528312 loops=1)
Planning time: 1.651 ms
Execution time: 93645.608 ms
