Seq Scan on cast_info ci  (cost=0.00..796071.18 rows=144132 width=0) (actual time=5454.959..12614.257 rows=57120 loops=1)
  Filter: ((person_id < 1460791) AND (role_id > 10))
  Rows Removed by Filter: 36187224
Planning time: 0.327 ms
Execution time: 12621.789 ms
