Seq Scan on cast_info ci  (cost=0.00..796071.18 rows=134402 width=0) (actual time=1866.914..10643.101 rows=126019 loops=1)
  Filter: ((person_id < 16264) AND (role_id < 9))
  Rows Removed by Filter: 36118325
Planning time: 0.281 ms
Execution time: 10659.498 ms
