Hash Join  (cost=102767.86..222171.83 rows=2415376 width=0) (actual time=1879.713..5192.903 rows=2414357 loops=1)
  Hash Cond: (mc.movie_id = t.id)
  ->  Seq Scan on movie_companies mc  (cost=0.00..51404.11 rows=2415376 width=4) (actual time=0.029..1109.768 rows=2414357 loops=1)
        Filter: (company_id < 115135)
        Rows Removed by Filter: 194772
  ->  Hash  (cost=61283.27..61283.27 rows=2528527 width=4) (actual time=1878.379..1878.379 rows=2528312 loops=1)
        Buckets: 131072  Batches: 64  Memory Usage: 2415kB
        ->  Seq Scan on title t  (cost=0.00..61283.27 rows=2528527 width=4) (actual time=0.029..1074.028 rows=2528312 loops=1)
Planning time: 0.695 ms
Execution time: 5448.818 ms
