Nested Loop  (cost=0.43..709671.90 rows=500 width=0) (actual time=14561.290..31644.770 rows=617 loops=1)
  ->  Seq Scan on cast_info ci  (cost=0.00..705507.15 rows=500 width=4) (actual time=14561.144..31593.360 rows=617 loops=1)
        Filter: (person_id = 2120221)
        Rows Removed by Filter: 36243727
  ->  Index Only Scan using title_pkey on title t  (cost=0.43..8.32 rows=1 width=4) (actual time=0.082..0.083 rows=1 loops=617)
        Index Cond: (id = ci.movie_id)
        Heap Fetches: 617
Planning time: 0.763 ms
Execution time: 31644.989 ms
