Hash Join  (cost=74468.05..427801.07 rows=31060 width=0) (actual time=1288.095..7382.090 rows=5381 loops=1)
  Hash Cond: (mi.movie_id = t.id)
  ->  Seq Scan on movie_info mi  (cost=0.00..346232.03 rows=1810770 width=4) (actual time=0.016..5678.370 rows=1865632 loops=1)
        Filter: (info_type_id > 17)
        Rows Removed by Filter: 12970088
  ->  Hash  (cost=73925.90..73925.90 rows=43372 width=4) (actual time=1287.033..1287.033 rows=41400 loops=1)
        Buckets: 65536  Batches: 1  Memory Usage: 1968kB
        ->  Seq Scan on title t  (cost=0.00..73925.90 rows=43372 width=4) (actual time=0.029..1269.679 rows=41400 loops=1)
              Filter: ((kind_id > 3) AND (production_year = 2013))
              Rows Removed by Filter: 2486912
Planning time: 0.769 ms
Execution time: 7383.203 ms
