Hash Join  (cost=134450.92..997613.01 rows=10188 width=0) (actual time=2561.667..20723.680 rows=26522 loops=1)
  Hash Cond: (ci.movie_id = t.id)
  ->  Seq Scan on cast_info ci  (cost=0.00..796071.18 rows=17863741 width=4) (actual time=0.016..15040.982 rows=19547900 loops=1)
        Filter: ((person_id < 2053283) AND (role_id < 10))
        Rows Removed by Filter: 16696444
  ->  Hash  (cost=134432.90..134432.90 rows=1442 width=8) (actual time=2557.766..2557.766 rows=2354 loops=1)
        Buckets: 4096 (originally 2048)  Batches: 1 (originally 1)  Memory Usage: 124kB
        ->  Hash Join  (cost=73994.33..134432.90 rows=1442 width=8) (actual time=1353.265..2556.714 rows=2354 loops=1)
              Hash Cond: (mc.movie_id = t.id)
              ->  Seq Scan on movie_companies mc  (cost=0.00..57926.93 rows=665924 width=4) (actual time=0.014..1021.825 rows=912007 loops=1)
                    Filter: ((company_id > 11255) AND (company_type_id > 1))
                    Rows Removed by Filter: 1697122
              ->  Hash  (cost=73925.90..73925.90 rows=5474 width=4) (actual time=1353.016..1353.016 rows=10047 loops=1)
                    Buckets: 16384 (originally 8192)  Batches: 1 (originally 1)  Memory Usage: 482kB
                    ->  Seq Scan on title t  (cost=0.00..73925.90 rows=5474 width=4) (actual time=0.058..1348.032 rows=10047 loops=1)
                          Filter: ((kind_id > 1) AND (production_year = 1969))
                          Rows Removed by Filter: 2518265
Planning time: 0.847 ms
Execution time: 20729.280 ms
