Hash Join  (cost=84284.84..162417.71 rows=430872 width=0) (actual time=1630.575..3809.378 rows=1058932 loops=1)
  Hash Cond: (mc.movie_id = t.id)
  ->  Seq Scan on movie_companies mc  (cost=0.00..51404.11 rows=1725609 width=4) (actual time=0.036..1035.478 rows=1729270 loops=1)
        Filter: (company_id > 2609)
        Rows Removed by Filter: 879859
  ->  Hash  (cost=73925.90..73925.90 rows=631355 width=4) (actual time=1379.254..1379.254 rows=634290 loops=1)
        Buckets: 131072  Batches: 16  Memory Usage: 2416kB
        ->  Seq Scan on title t  (cost=0.00..73925.90 rows=631355 width=4) (actual time=243.073..1209.642 rows=634290 loops=1)
              Filter: ((production_year < 2013) AND (kind_id = 1))
              Rows Removed by Filter: 1894022
Planning time: 2.093 ms
Execution time: 3921.283 ms
