Seq Scan on cast_info ci  (cost=0.00..705507.15 rows=19133141 width=0) (actual time=0.009..12459.053 rows=19019878 loops=1)
  Filter: (person_id < 1899009)
  Rows Removed by Filter: 17224466
Planning time: 4.623 ms
Execution time: 14796.479 ms
