Hash Join  (cost=78514.53..118826.30 rows=152629 width=0) (actual time=1357.148..2404.520 rows=58794 loops=1)
  Hash Cond: (mi_idx.movie_id = t.id)
  ->  Seq Scan on movie_info_idx mi_idx  (cost=0.00..21735.35 rows=1380035 width=4) (actual time=0.019..473.491 rows=1380035 loops=1)
  ->  Hash  (cost=73925.90..73925.90 rows=279650 width=4) (actual time=1351.081..1351.081 rows=169833 loops=1)
        Buckets: 131072  Batches: 4  Memory Usage: 2516kB
        ->  Seq Scan on title t  (cost=0.00..73925.90 rows=279650 width=4) (actual time=1.026..1293.891 rows=169833 loops=1)
              Filter: ((kind_id > 4) AND (production_year < 1976))
              Rows Removed by Filter: 2358479
Planning time: 0.688 ms
Execution time: 2412.321 ms
