Hash Join  (cost=101458.67..160199.21 rows=1126201 width=0) (actual time=1913.643..3712.125 rows=1143433 loops=1)
  Hash Cond: (mi_idx.movie_id = t.id)
  ->  Seq Scan on movie_info_idx mi_idx  (cost=0.00..21735.35 rows=1380035 width=4) (actual time=0.019..472.458 rows=1380035 loops=1)
  ->  Hash  (cost=67604.59..67604.59 rows=2063447 width=4) (actual time=1912.516..1912.516 rows=2060346 loops=1)
        Buckets: 131072  Batches: 32  Memory Usage: 3293kB
        ->  Seq Scan on title t  (cost=0.00..67604.59 rows=2063447 width=4) (actual time=0.020..1253.835 rows=2060346 loops=1)
              Filter: (production_year > 1971)
              Rows Removed by Filter: 467966
Planning time: 0.733 ms
Execution time: 3841.691 ms
