Seq Scan on movie_keyword mk  (cost=0.00..81003.12 rows=2445011 width=0) (actual time=0.029..1467.258 rows=2445213 loops=1)
  Filter: (keyword_id < 5828)
  Rows Removed by Filter: 2078717
Planning time: 0.339 ms
Execution time: 1777.563 ms
