Hash Join  (cost=100960.39..143776.08 rows=373542 width=0) (actual time=2683.505..3998.331 rows=374737 loops=1)
  Hash Cond: (mi_idx.movie_id = t.id)
  ->  Seq Scan on movie_info_idx mi_idx  (cost=0.00..25185.44 rows=464566 width=4) (actual time=0.023..571.061 rows=459925 loops=1)
        Filter: (info_type_id = 101)
        Rows Removed by Filter: 920110
  ->  Hash  (cost=67604.59..67604.59 rows=2033104 width=4) (actual time=2682.573..2682.573 rows=2032439 loops=1)
        Buckets: 131072  Batches: 32  Memory Usage: 3261kB
        ->  Seq Scan on title t  (cost=0.00..67604.59 rows=2033104 width=4) (actual time=0.011..1355.463 rows=2032439 loops=1)
              Filter: (production_year > 1973)
              Rows Removed by Filter: 495873
Planning time: 0.784 ms
Execution time: 4044.889 ms
