Hash Join  (cost=83810.17..223525.27 rows=1385166 width=0) (actual time=1477.965..6569.689 rows=3016884 loops=1)
  Hash Cond: (mk.movie_id = t.id)
  ->  Seq Scan on movie_keyword mk  (cost=0.00..81003.12 rows=3545949 width=4) (actual time=0.009..1728.876 rows=3539694 loops=1)
        Filter: (keyword_id > 924)
        Rows Removed by Filter: 984236
  ->  Hash  (cost=67604.59..67604.59 rows=987727 width=4) (actual time=1476.254..1476.254 rows=985048 loops=1)
        Buckets: 131072  Batches: 16  Memory Usage: 3197kB
        ->  Seq Scan on title t  (cost=0.00..67604.59 rows=987727 width=4) (actual time=0.024..1155.054 rows=985048 loops=1)
              Filter: (kind_id < 7)
              Rows Removed by Filter: 1543264
Planning time: 0.746 ms
Execution time: 6936.090 ms
