Seq Scan on cast_info ci  (cost=0.00..796071.18 rows=1717246 width=0) (actual time=1344.225..11408.741 rows=2689293 loops=1)
  Filter: ((person_id > 3545508) AND (role_id > 1))
  Rows Removed by Filter: 33555051
Planning time: 0.377 ms
Execution time: 11746.250 ms
