Hash Join  (cost=230361.48..275987.69 rows=462372 width=0) (actual time=4978.382..6809.806 rows=1943047 loops=1)
  Hash Cond: (mi_idx.movie_id = t.id)
  ->  Seq Scan on movie_info_idx mi_idx  (cost=0.00..21735.35 rows=1380035 width=4) (actual time=0.019..400.784 rows=1380035 loops=1)
  ->  Hash  (cost=216461.90..216461.90 rows=847167 width=8) (actual time=4977.517..4977.517 rows=885885 loops=1)
        Buckets: 131072  Batches: 16  Memory Usage: 3214kB
        ->  Hash Join  (cost=106125.41..216461.90 rows=847167 width=8) (actual time=2108.144..4724.576 rows=885885 loops=1)
              Hash Cond: (mk.movie_id = t.id)
              ->  Seq Scan on movie_keyword mk  (cost=0.00..81003.12 rows=912338 width=4) (actual time=0.018..1491.988 rows=920332 loops=1)
                    Filter: (keyword_id < 870)
                    Rows Removed by Filter: 3603598
              ->  Hash  (cost=67604.59..67604.59 rows=2347906 width=4) (actual time=2106.521..2106.521 rows=2340903 loops=1)
                    Buckets: 131072  Batches: 32  Memory Usage: 3609kB
                    ->  Seq Scan on title t  (cost=0.00..67604.59 rows=2347906 width=4) (actual time=0.013..1338.463 rows=2340903 loops=1)
                          Filter: (production_year > 1929)
                          Rows Removed by Filter: 187409
Planning time: 4.377 ms
Execution time: 7028.187 ms
