Hash Join  (cost=83072.41..139274.76 rows=5 width=0) (actual time=1376.480..2182.252 rows=124 loops=1)
  Hash Cond: (mc.movie_id = t.id)
  ->  Seq Scan on movie_companies mc  (cost=0.00..51404.11 rows=1279517 width=4) (actual time=0.021..745.750 rows=1274246 loops=1)
        Filter: (company_type_id = 1)
        Rows Removed by Filter: 1334883
  ->  Hash  (cost=83072.29..83072.29 rows=10 width=8) (actual time=1258.700..1258.700 rows=35 loops=1)
        Buckets: 1024  Batches: 1  Memory Usage: 10kB
        ->  Nested Loop  (cost=0.43..83072.29 rows=10 width=8) (actual time=110.423..1258.632 rows=35 loops=1)
              ->  Seq Scan on movie_keyword mk  (cost=0.00..81003.12 rows=246 width=4) (actual time=0.700..1210.875 rows=1376 loops=1)
                    Filter: (keyword_id = 3089)
                    Rows Removed by Filter: 4522554
              ->  Index Scan using title_pkey on title t  (cost=0.43..8.40 rows=1 width=4) (actual time=0.034..0.034 rows=0 loops=1376)
                    Index Cond: (id = mk.movie_id)
                    Filter: (kind_id = 3)
                    Rows Removed by Filter: 1
Planning time: 1.557 ms
Execution time: 2182.401 ms
