Nested Loop  (cost=0.43..58358.39 rows=36 width=0) (actual time=475.715..763.130 rows=188 loops=1)
  ->  Seq Scan on movie_companies mc  (cost=0.00..57926.93 rows=51 width=4) (actual time=388.421..759.687 rows=191 loops=1)
        Filter: ((company_id = 5691) AND (company_type_id = 1))
        Rows Removed by Filter: 2608938
  ->  Index Scan using title_pkey on title t  (cost=0.43..8.45 rows=1 width=4) (actual time=0.016..0.017 rows=1 loops=191)
        Index Cond: (id = mc.movie_id)
        Filter: (kind_id > 2)
        Rows Removed by Filter: 0
Planning time: 0.739 ms
Execution time: 763.285 ms
