Seq Scan on movie_companies mc  (cost=0.00..51404.11 rows=1904915 width=0) (actual time=0.016..871.269 rows=1899894 loops=1)
  Filter: (company_id < 44018)
  Rows Removed by Filter: 709235
Planning time: 2.480 ms
Execution time: 1102.356 ms
