Hash Join  (cost=74449.67..205546.20 rows=746449 width=0) (actual time=1190.071..4838.737 rows=1040396 loops=1)
  Hash Cond: (mk.movie_id = t.id)
  ->  Seq Scan on movie_keyword mk  (cost=0.00..69693.30 rows=4523930 width=4) (actual time=0.027..1490.757 rows=4523930 loops=1)
  ->  Hash  (cost=67604.59..67604.59 rows=417207 width=4) (actual time=1188.980..1188.980 rows=409495 loops=1)
        Buckets: 131072  Batches: 8  Memory Usage: 2827kB
        ->  Seq Scan on title t  (cost=0.00..67604.59 rows=417207 width=4) (actual time=0.007..1051.582 rows=409495 loops=1)
              Filter: (production_year < 1973)
              Rows Removed by Filter: 2118817
Planning time: 9.229 ms
Execution time: 4964.032 ms
