Seq Scan on cast_info ci  (cost=0.00..705507.15 rows=500 width=0) (actual time=3164.072..9938.643 rows=6 loops=1)
  Filter: (person_id = 1347897)
  Rows Removed by Filter: 36244338
Planning time: 0.238 ms
Execution time: 9938.741 ms
