Hash Join  (cost=96623.27..212930.58 rows=862679 width=134) (actual time=2050.037..4904.747 rows=633430 loops=1)
  Hash Cond: (mc.movie_id = t.id)
  ->  Seq Scan on movie_companies mc  (cost=0.00..44881.29 rows=2609129 width=40) (actual time=0.026..925.281 rows=2609129 loops=1)
  ->  Hash  (cost=73925.90..73925.90 rows=836029 width=94) (actual time=2049.386..2049.386 rows=742319 loops=1)
        Buckets: 32768  Batches: 32  Memory Usage: 2894kB
        ->  Seq Scan on title t  (cost=0.00..73925.90 rows=836029 width=94) (actual time=0.017..1713.078 rows=742319 loops=1)
              Filter: ((kind_id > 1) AND (production_year < 2002))
              Rows Removed by Filter: 1785993
Planning time: 3.981 ms
Execution time: 4939.767 ms
