Seq Scan on movie_companies mc  (cost=0.00..57926.93 rows=51 width=40) (actual time=745.816..813.381 rows=7 loops=1)
  Filter: ((company_id = 55734) AND (company_type_id = 1))
  Rows Removed by Filter: 2609122
Planning time: 0.335 ms
Execution time: 813.414 ms
