Hash Join  (cost=190230.21..333510.61 rows=1824112 width=0) (actual time=4352.949..9286.231 rows=7811539 loops=1)
  Hash Cond: (mk.movie_id = t.id)
  ->  Seq Scan on movie_keyword mk  (cost=0.00..81003.12 rows=3342173 width=4) (actual time=0.028..1718.180 rows=3332533 loops=1)
        Filter: (keyword_id > 1420)
        Rows Removed by Filter: 1191397
  ->  Hash  (cost=167588.78..167588.78 rows=1380035 width=8) (actual time=4352.104..4352.104 rows=1380035 loops=1)
        Buckets: 131072  Batches: 32  Memory Usage: 2726kB
        ->  Hash Join  (cost=102767.86..167588.78 rows=1380035 width=8) (actual time=1947.854..3933.570 rows=1380035 loops=1)
              Hash Cond: (mi_idx.movie_id = t.id)
              ->  Seq Scan on movie_info_idx mi_idx  (cost=0.00..21735.35 rows=1380035 width=4) (actual time=0.023..441.423 rows=1380035 loops=1)
              ->  Hash  (cost=61283.27..61283.27 rows=2528527 width=4) (actual time=1945.728..1945.728 rows=2528312 loops=1)
                    Buckets: 131072  Batches: 64  Memory Usage: 2415kB
                    ->  Seq Scan on title t  (cost=0.00..61283.27 rows=2528527 width=4) (actual time=0.018..1090.195 rows=2528312 loops=1)
Planning time: 0.722 ms
Execution time: 10079.313 ms
