Seq Scan on movie_companies mc  (cost=0.00..57926.93 rows=932456 width=0) (actual time=325.039..1081.640 rows=1105511 loops=1)
  Filter: ((company_id > 1627) AND (company_type_id = 2))
  Rows Removed by Filter: 1503618
Planning time: 0.377 ms
Execution time: 1224.491 ms
