Hash Join  (cost=69002.72..130795.40 rows=10000 width=0) (actual time=1410.423..1930.761 rows=4261 loops=1)
  Hash Cond: (mc.movie_id = t.id)
  ->  Seq Scan on movie_companies mc  (cost=0.00..57926.93 rows=296731 width=4) (actual time=394.007..849.931 rows=158419 loops=1)
        Filter: ((company_id < 639) AND (company_type_id > 1))
        Rows Removed by Filter: 2450710
  ->  Hash  (cost=67604.59..67604.59 rows=85211 width=4) (actual time=1015.228..1015.228 rows=84593 loops=1)
        Buckets: 131072  Batches: 2  Memory Usage: 2518kB
        ->  Seq Scan on title t  (cost=0.00..67604.59 rows=85211 width=4) (actual time=0.027..980.418 rows=84593 loops=1)
              Filter: (production_year = 2004)
              Rows Removed by Filter: 2443719
Planning time: 0.793 ms
Execution time: 1931.771 ms
