Seq Scan on cast_info ci  (cost=0.00..796071.18 rows=324 width=0) (actual time=5690.421..14435.556 rows=82 loops=1)
  Filter: ((role_id > 1) AND (person_id = 3829327))
  Rows Removed by Filter: 36244262
Planning time: 0.403 ms
Execution time: 14435.681 ms
