Hash Join  (cost=928989.95..968538.71 rows=179986 width=0) (actual time=14786.578..16141.961 rows=736911 loops=1)
  Hash Cond: (mi_idx.movie_id = t.id)
  ->  Seq Scan on movie_info_idx mi_idx  (cost=0.00..25185.44 rows=919057 width=4) (actual time=0.021..529.407 rows=920110 loops=1)
        Filter: (info_type_id > 99)
        Rows Removed by Filter: 459925
  ->  Hash  (cost=920865.20..920865.20 rows=495180 width=8) (actual time=14785.726..14785.726 rows=985703 loops=1)
        Buckets: 131072 (originally 131072)  Batches: 16 (originally 8)  Memory Usage: 3424kB
        ->  Hash Join  (cost=103947.06..920865.20 rows=495180 width=8) (actual time=10105.354..14509.551 rows=985703 loops=1)
              Hash Cond: (ci.movie_id = t.id)
              ->  Seq Scan on cast_info ci  (cost=0.00..796071.18 rows=565231 width=4) (actual time=8050.688..11192.193 rows=1104467 loops=1)
                    Filter: ((person_id < 153744) AND (role_id < 2))
                    Rows Removed by Filter: 35139877
              ->  Hash  (cost=67604.59..67604.59 rows=2215158 width=4) (actual time=2053.791..2053.791 rows=2203697 loops=1)
                    Buckets: 131072  Batches: 32  Memory Usage: 3448kB
                    ->  Seq Scan on title t  (cost=0.00..67604.59 rows=2215158 width=4) (actual time=0.013..1368.100 rows=2203697 loops=1)
                          Filter: (production_year > 1960)
                          Rows Removed by Filter: 324615
Planning time: 0.854 ms
Execution time: 16225.939 ms
