Hash Join  (cost=73948.96..100869.50 rows=1006 width=0) (actual time=2774.800..4184.525 rows=2376 loops=1)
  Hash Cond: (mi_idx.movie_id = t.id)
  ->  Seq Scan on movie_info_idx mi_idx  (cost=0.00..21735.35 rows=1380035 width=4) (actual time=0.016..1051.351 rows=1380035 loops=1)
  ->  Hash  (cost=73925.90..73925.90 rows=1844 width=4) (actual time=2757.619..2757.619 rows=2300 loops=1)
        Buckets: 4096 (originally 2048)  Batches: 1 (originally 1)  Memory Usage: 113kB
        ->  Seq Scan on title t  (cost=0.00..73925.90 rows=1844 width=4) (actual time=13.381..2756.330 rows=2300 loops=1)
              Filter: ((kind_id = 4) AND (production_year = 1997))
              Rows Removed by Filter: 2526012
Planning time: 0.848 ms
Execution time: 4185.057 ms
