Hash Join  (cost=74640.02..133041.18 rows=2695 width=0) (actual time=1506.023..2041.895 rows=12769 loops=1)
  Hash Cond: (mc.movie_id = t.id)
  ->  Seq Scan on movie_companies mc  (cost=0.00..57926.93 rows=119275 width=4) (actual time=373.275..835.838 rows=235607 loops=1)
        Filter: ((company_id > 104026) AND (company_type_id > 1))
        Rows Removed by Filter: 2373522
  ->  Hash  (cost=73925.90..73925.90 rows=57129 width=4) (actual time=1132.215..1132.215 rows=78578 loops=1)
        Buckets: 131072 (originally 65536)  Batches: 1 (originally 1)  Memory Usage: 3787kB
        ->  Seq Scan on title t  (cost=0.00..73925.90 rows=57129 width=4) (actual time=573.291..1098.032 rows=78578 loops=1)
              Filter: ((production_year > 2002) AND (kind_id = 4))
              Rows Removed by Filter: 2449734
Planning time: 0.529 ms
Execution time: 2043.987 ms
