Hash Join  (cost=131391.35..884721.79 rows=254128 width=0) (actual time=2299.858..21650.280 rows=771013 loops=1)
  Hash Cond: (ci.movie_id = t.id)
  ->  Seq Scan on cast_info ci  (cost=0.00..614943.12 rows=36225612 width=4) (actual time=0.022..9139.997 rows=36244344 loops=1)
  ->  Hash  (cost=131169.62..131169.62 rows=17738 width=8) (actual time=2299.596..2299.596 rows=26353 loops=1)
        Buckets: 32768  Batches: 1  Memory Usage: 1286kB
        ->  Hash Join  (cost=74325.39..131169.62 rows=17738 width=8) (actual time=1140.392..2289.466 rows=26353 loops=1)
              Hash Cond: (mc.movie_id = t.id)
              ->  Seq Scan on movie_companies mc  (cost=0.00..51404.11 rows=1403396 width=4) (actual time=0.025..858.287 rows=1391915 loops=1)
                    Filter: (company_id < 12091)
                    Rows Removed by Filter: 1217214
              ->  Hash  (cost=73925.90..73925.90 rows=31959 width=4) (actual time=1140.177..1140.177 rows=18823 loops=1)
                    Buckets: 32768  Batches: 1  Memory Usage: 918kB
                    ->  Seq Scan on title t  (cost=0.00..73925.90 rows=31959 width=4) (actual time=0.027..1133.052 rows=18823 loops=1)
                          Filter: ((production_year > 2007) AND (kind_id = 3))
                          Rows Removed by Filter: 2509489
Planning time: 1.200 ms
Execution time: 21759.346 ms
