Seq Scan on cast_info ci  (cost=0.00..796071.18 rows=1539102 width=0) (actual time=1689.644..12497.632 rows=1053869 loops=1)
  Filter: ((person_id < 1372296) AND (role_id = 3))
  Rows Removed by Filter: 35190475
Planning time: 0.389 ms
Execution time: 12635.380 ms
