Nested Loop  (cost=0.43..52283.95 rows=41 width=0) (actual time=186.084..859.745 rows=103 loops=1)
  ->  Seq Scan on movie_companies mc  (cost=0.00..51404.11 rows=104 width=4) (actual time=186.003..855.177 rows=176 loops=1)
        Filter: (company_id = 604)
        Rows Removed by Filter: 2608953
  ->  Index Scan using title_pkey on title t  (cost=0.43..8.45 rows=1 width=4) (actual time=0.024..0.024 rows=1 loops=176)
        Index Cond: (id = mc.movie_id)
        Filter: (kind_id < 7)
        Rows Removed by Filter: 0
Planning time: 0.725 ms
Execution time: 859.920 ms
