Hash Join  (cost=167606.65..291733.84 rows=174416 width=0) (actual time=3240.241..6024.176 rows=183604 loops=1)
  Hash Cond: (mk.movie_id = t.id)
  ->  Seq Scan on movie_keyword mk  (cost=0.00..69693.30 rows=4523930 width=4) (actual time=0.011..1412.659 rows=4523930 loops=1)
  ->  Hash  (cost=166007.08..166007.08 rows=97485 width=8) (actual time=3239.327..3239.327 rows=39832 loops=1)
        Buckets: 131072  Batches: 2  Memory Usage: 1803kB
        ->  Hash Join  (cost=98137.04..166007.08 rows=97485 width=8) (actual time=2485.720..3226.160 rows=39832 loops=1)
              Hash Cond: (mc.movie_id = t.id)
              ->  Seq Scan on movie_companies mc  (cost=0.00..57926.93 rows=132452 width=4) (actual time=521.235..867.783 rows=263128 loops=1)
                    Filter: ((company_id > 98779) AND (company_type_id > 1))
                    Rows Removed by Filter: 2346001
              ->  Hash  (cost=67604.59..67604.59 rows=1860996 width=4) (actual time=1963.198..1963.198 rows=1865487 loops=1)
                    Buckets: 131072  Batches: 32  Memory Usage: 3079kB
                    ->  Seq Scan on title t  (cost=0.00..67604.59 rows=1860996 width=4) (actual time=0.018..1360.145 rows=1865487 loops=1)
                          Filter: (kind_id > 1)
                          Rows Removed by Filter: 662825
Planning time: 0.722 ms
Execution time: 6047.406 ms
