Hash Join  (cost=84618.84..516786.17 rows=1520072 width=0) (actual time=3481.311..11823.903 rows=3432517 loops=1)
  Hash Cond: (mi.movie_id = t.id)
  ->  Seq Scan on movie_info mi  (cost=0.00..346232.03 rows=5897221 width=4) (actual time=1984.623..6217.282 rows=5884963 loops=1)
        Filter: (info_type_id < 7)
        Rows Removed by Filter: 8950757
  ->  Hash  (cost=73925.90..73925.90 rows=651755 width=4) (actual time=1494.409..1494.409 rows=711179 loops=1)
        Buckets: 131072  Batches: 16  Memory Usage: 2599kB
        ->  Seq Scan on title t  (cost=0.00..73925.90 rows=651755 width=4) (actual time=0.041..1258.766 rows=711179 loops=1)
              Filter: ((kind_id < 7) AND (production_year < 2008))
              Rows Removed by Filter: 1817133
Planning time: 0.800 ms
Execution time: 12245.054 ms
