Hash Join  (cost=52284.99..890236.84 rows=459 width=0) (actual time=936.033..16534.219 rows=1606 loops=1)
  Hash Cond: (ci.movie_id = t.id)
  ->  Seq Scan on cast_info ci  (cost=0.00..796071.18 rows=11166954 width=4) (actual time=0.025..14774.732 rows=5840509 loops=1)
        Filter: ((person_id < 2576211) AND (role_id > 2))
        Rows Removed by Filter: 30403835
  ->  Hash  (cost=52283.69..52283.69 rows=104 width=8) (actual time=922.105..922.105 rows=260 loops=1)
        Buckets: 1024  Batches: 1  Memory Usage: 19kB
        ->  Nested Loop  (cost=0.43..52283.69 rows=104 width=8) (actual time=0.494..921.901 rows=260 loops=1)
              ->  Seq Scan on movie_companies mc  (cost=0.00..51404.11 rows=104 width=4) (actual time=0.442..906.014 rows=260 loops=1)
                    Filter: (company_id = 29)
                    Rows Removed by Filter: 2608869
              ->  Index Only Scan using title_pkey on title t  (cost=0.43..8.45 rows=1 width=4) (actual time=0.059..0.059 rows=1 loops=260)
                    Index Cond: (id = mc.movie_id)
                    Heap Fetches: 260
Planning time: 1.283 ms
Execution time: 16535.261 ms
