Hash Join  (cost=83072.93..447728.97 rows=10 width=0) (actual time=1410.748..7750.989 rows=954 loops=1)
  Hash Cond: (mi.movie_id = t.id)
  ->  Seq Scan on movie_info mi  (cost=0.00..309384.22 rows=14739122 width=4) (actual time=0.026..3920.441 rows=14835720 loops=1)
  ->  Hash  (cost=83072.90..83072.90 rows=2 width=8) (actual time=1403.876..1403.876 rows=16 loops=1)
        Buckets: 1024  Batches: 1  Memory Usage: 9kB
        ->  Nested Loop  (cost=0.43..83072.90 rows=2 width=8) (actual time=33.862..1403.843 rows=16 loops=1)
              ->  Seq Scan on movie_keyword mk  (cost=0.00..81003.12 rows=246 width=4) (actual time=1.088..1343.594 rows=1120 loops=1)
                    Filter: (keyword_id = 3678)
                    Rows Removed by Filter: 4522810
              ->  Index Scan using title_pkey on title t  (cost=0.43..8.40 rows=1 width=4) (actual time=0.053..0.053 rows=0 loops=1120)
                    Index Cond: (id = mk.movie_id)
                    Filter: ((kind_id < 7) AND (production_year = 1998))
                    Rows Removed by Filter: 1
Planning time: 1.148 ms
Execution time: 7751.375 ms
