Seq Scan on title t  (cost=0.00..73925.90 rows=20006 width=0) (actual time=0.082..1125.752 rows=24331 loops=1)
  Filter: ((kind_id < 3) AND (production_year > 2012))
  Rows Removed by Filter: 2503981
Planning time: 0.324 ms
Execution time: 1129.872 ms
