Hash Join  (cost=114432.54..200738.29 rows=25090 width=0) (actual time=9217.991..10580.763 rows=34005 loops=1)
  Hash Cond: (mk.movie_id = t.id)
  ->  Seq Scan on movie_keyword mk  (cost=0.00..81003.12 rows=1347127 width=4) (actual time=0.024..4140.136 rows=1356537 loops=1)
        Filter: (keyword_id > 12386)
        Rows Removed by Filter: 3167393
  ->  Hash  (cost=113843.88..113843.88 rows=47093 width=8) (actual time=6091.521..6091.521 rows=21303 loops=1)
        Buckets: 65536  Batches: 1  Memory Usage: 1345kB
        ->  Hash Join  (cost=75342.47..113843.88 rows=47093 width=8) (actual time=3772.457..6083.846 rows=21303 loops=1)
              Hash Cond: (mi_idx.movie_id = t.id)
              ->  Seq Scan on movie_info_idx mi_idx  (cost=0.00..21735.35 rows=1380035 width=4) (actual time=0.014..1541.051 rows=1380035 loops=1)
              ->  Hash  (cost=73925.90..73925.90 rows=86285 width=4) (actual time=3771.314..3771.314 rows=92628 loops=1)
                    Buckets: 131072  Batches: 2  Memory Usage: 2653kB
                    ->  Seq Scan on title t  (cost=0.00..73925.90 rows=86285 width=4) (actual time=447.866..3732.255 rows=92628 loops=1)
                          Filter: ((kind_id = 7) AND (production_year = 2010))
                          Rows Removed by Filter: 2435684
Planning time: 1.200 ms
Execution time: 10585.655 ms
