Hash Join  (cost=102767.86..207545.07 rows=577482 width=0) (actual time=2284.646..4365.189 rows=581480 loops=1)
  Hash Cond: (mk.movie_id = t.id)
  ->  Seq Scan on movie_keyword mk  (cost=0.00..81003.12 rows=577482 width=4) (actual time=0.035..1339.802 rows=581480 loops=1)
        Filter: (keyword_id < 412)
        Rows Removed by Filter: 3942450
  ->  Hash  (cost=61283.27..61283.27 rows=2528527 width=4) (actual time=2282.892..2282.892 rows=2528312 loops=1)
        Buckets: 131072  Batches: 64  Memory Usage: 2425kB
        ->  Seq Scan on title t  (cost=0.00..61283.27 rows=2528527 width=4) (actual time=0.022..1072.575 rows=2528312 loops=1)
Planning time: 0.750 ms
Execution time: 4420.542 ms
