Hash Join  (cost=97599.19..158653.11 rows=7767 width=0) (actual time=1859.723..2895.617 rows=4402 loops=1)
  Hash Cond: (mc.movie_id = t.id)
  ->  Seq Scan on movie_companies mc  (cost=0.00..57926.93 rows=813151 width=4) (actual time=125.880..1064.204 rows=507888 loops=1)
        Filter: ((company_id < 15884) AND (company_type_id > 1))
        Rows Removed by Filter: 2101241
  ->  Hash  (cost=97297.30..97297.30 rows=24151 width=8) (actual time=1732.924..1732.924 rows=9874 loops=1)
        Buckets: 32768  Batches: 1  Memory Usage: 642kB
        ->  Hash Join  (cost=68438.72..97297.30 rows=24151 width=8) (actual time=1013.733..1728.851 rows=9874 loops=1)
              Hash Cond: (mi_idx.movie_id = t.id)
              ->  Seq Scan on movie_info_idx mi_idx  (cost=0.00..25185.44 rows=915101 width=4) (actual time=0.028..502.038 rows=919850 loops=1)
                    Filter: (info_type_id < 101)
                    Rows Removed by Filter: 460185
              ->  Hash  (cost=67604.59..67604.59 rows=66731 width=4) (actual time=1012.810..1012.810 rows=67342 loops=1)
                    Buckets: 131072  Batches: 1  Memory Usage: 3392kB
                    ->  Seq Scan on title t  (cost=0.00..67604.59 rows=66731 width=4) (actual time=0.022..985.336 rows=67342 loops=1)
                          Filter: (production_year > 2012)
                          Rows Removed by Filter: 2460970
Planning time: 1.143 ms
Execution time: 2896.598 ms
