Hash Join  (cost=163889.04..926830.74 rows=169100 width=0) (actual time=10044.125..18107.184 rows=3032637 loops=1)
  Hash Cond: (ci.movie_id = t.id)
  ->  Seq Scan on cast_info ci  (cost=0.00..705507.15 rows=4320508 width=4) (actual time=7033.965..12790.725 rows=4323018 loops=1)
        Filter: (role_id = 10)
        Rows Removed by Filter: 31921326
  ->  Hash  (cost=162264.99..162264.99 rows=98964 width=8) (actual time=3009.282..3009.282 rows=127531 loops=1)
        Buckets: 131072  Batches: 2  Memory Usage: 3482kB
        ->  Hash Join  (cost=74617.32..162264.99 rows=98964 width=8) (actual time=1120.939..2966.454 rows=127531 loops=1)
              Hash Cond: (mk.movie_id = t.id)
              ->  Seq Scan on movie_keyword mk  (cost=0.00..69693.30 rows=4523930 width=4) (actual time=0.016..961.477 rows=4523930 loops=1)
              ->  Hash  (cost=73925.90..73925.90 rows=55313 width=4) (actual time=1120.630..1120.630 rows=49075 loops=1)
                    Buckets: 65536  Batches: 1  Memory Usage: 2238kB
                    ->  Seq Scan on title t  (cost=0.00..73925.90 rows=55313 width=4) (actual time=0.620..1100.743 rows=49075 loops=1)
                          Filter: ((kind_id < 7) AND (production_year = 2010))
                          Rows Removed by Filter: 2479237
Planning time: 1.223 ms
Execution time: 18441.376 ms
