Hash Join  (cost=70177.20..1127053.29 rows=2245993 width=0) (actual time=1155.403..27712.060 rows=1419273 loops=1)
  Hash Cond: (ci.movie_id = t.id)
  ->  Seq Scan on cast_info ci  (cost=0.00..614943.12 rows=36225612 width=4) (actual time=0.017..12796.209 rows=36244344 loops=1)
  ->  Hash  (cost=67604.59..67604.59 rows=156769 width=4) (actual time=1154.318..1154.318 rows=160337 loops=1)
        Buckets: 131072  Batches: 4  Memory Usage: 2431kB
        ->  Seq Scan on title t  (cost=0.00..67604.59 rows=156769 width=4) (actual time=0.014..1103.009 rows=160337 loops=1)
              Filter: (production_year < 1949)
              Rows Removed by Filter: 2367975
Planning time: 0.753 ms
Execution time: 27863.031 ms
