Seq Scan on movie_keyword mk  (cost=0.00..81003.12 rows=1560618 width=0) (actual time=0.026..4195.160 rows=1566319 loops=1)
  Filter: (keyword_id < 2358)
  Rows Removed by Filter: 2957611
Planning time: 5.619 ms
Execution time: 4474.656 ms
