Seq Scan on cast_info ci  (cost=0.00..796071.18 rows=15856835 width=0) (actual time=0.022..13838.573 rows=14493808 loops=1)
  Filter: ((person_id > 1771706) AND (role_id < 10))
  Rows Removed by Filter: 21750536
Planning time: 0.340 ms
Execution time: 15377.367 ms
