Hash Join  (cost=132668.32..498375.00 rows=105076 width=0) (actual time=2345.224..9287.990 rows=569386 loops=1)
  Hash Cond: (mi.movie_id = t.id)
  ->  Seq Scan on movie_info mi  (cost=0.00..309384.22 rows=14739122 width=4) (actual time=0.009..3693.353 rows=14835720 loops=1)
  ->  Hash  (cost=132442.99..132442.99 rows=18026 width=8) (actual time=2344.899..2344.899 rows=21257 loops=1)
        Buckets: 32768  Batches: 1  Memory Usage: 1087kB
        ->  Hash Join  (cost=69687.24..132442.99 rows=18026 width=8) (actual time=1103.621..2336.724 rows=21257 loops=1)
              Hash Cond: (mc.movie_id = t.id)
              ->  Seq Scan on movie_companies mc  (cost=0.00..57926.93 rows=359082 width=4) (actual time=6.935..829.306 rows=515894 loops=1)
                    Filter: ((company_id < 1413) AND (company_type_id = 1))
                    Rows Removed by Filter: 2093235
              ->  Hash  (cost=67604.59..67604.59 rows=126932 width=4) (actual time=1095.809..1095.809 rows=122861 loops=1)
                    Buckets: 131072  Batches: 2  Memory Usage: 3191kB
                    ->  Seq Scan on title t  (cost=0.00..67604.59 rows=126932 width=4) (actual time=0.019..1050.850 rows=122861 loops=1)
                          Filter: (production_year = 2008)
                          Rows Removed by Filter: 2405451
Planning time: 1.184 ms
Execution time: 9359.271 ms
