Seq Scan on cast_info ci  (cost=0.00..705507.15 rows=35066714 width=0) (actual time=0.019..13944.971 rows=35060060 loops=1)
  Filter: (person_id < 3832358)
  Rows Removed by Filter: 1184284
Planning time: 0.323 ms
Execution time: 18170.850 ms
