Hash Join  (cost=81720.25..858029.95 rows=1533414 width=0) (actual time=1315.208..14716.481 rows=1651678 loops=1)
  Hash Cond: (ci.movie_id = t.id)
  ->  Seq Scan on cast_info ci  (cost=0.00..705507.15 rows=4506509 width=4) (actual time=41.671..10889.641 rows=4382410 loops=1)
        Filter: (person_id < 423083)
        Rows Removed by Filter: 31861934
  ->  Hash  (cost=67604.59..67604.59 rows=860373 width=4) (actual time=1272.623..1272.623 rows=854214 loops=1)
        Buckets: 131072  Batches: 16  Memory Usage: 2897kB
        ->  Seq Scan on title t  (cost=0.00..67604.59 rows=860373 width=4) (actual time=0.022..1016.045 rows=854214 loops=1)
              Filter: (kind_id < 4)
              Rows Removed by Filter: 1674098
Planning time: 0.782 ms
Execution time: 14891.396 ms
