Hash Join  (cost=177186.57..1226082.83 rows=1469205 width=0) (actual time=3286.081..28684.217 rows=593667 loops=1)
  Hash Cond: (ci.movie_id = t.id)
  ->  Seq Scan on cast_info ci  (cost=0.00..614943.12 rows=36225612 width=4) (actual time=0.019..13245.191 rows=36244344 loops=1)
  ->  Hash  (cost=175503.69..175503.69 rows=102550 width=8) (actual time=3285.143..3285.143 rows=25795 loops=1)
        Buckets: 131072  Batches: 2  Memory Usage: 1532kB
        ->  Hash Join  (cost=86573.65..175503.69 rows=102550 width=8) (actual time=2185.368..3275.579 rows=25795 loops=1)
              Hash Cond: (mk.movie_id = t.id)
              ->  Seq Scan on movie_keyword mk  (cost=0.00..81003.12 rows=336377 width=4) (actual time=0.016..1390.346 rows=352051 loops=1)
                    Filter: (keyword_id < 310)
                    Rows Removed by Filter: 4171879
              ->  Hash  (cost=73925.90..73925.90 rows=770860 width=4) (actual time=1598.679..1598.679 rows=682281 loops=1)
                    Buckets: 131072  Batches: 16  Memory Usage: 2528kB
                    ->  Seq Scan on title t  (cost=0.00..73925.90 rows=770860 width=4) (actual time=0.013..1356.151 rows=682281 loops=1)
                          Filter: ((production_year < 2004) AND (kind_id = 7))
                          Rows Removed by Filter: 1846031
Planning time: 1.127 ms
Execution time: 28762.788 ms
