Hash Join  (cost=230907.46..306123.59 rows=484097 width=0) (actual time=4826.217..6846.921 rows=1731616 loops=1)
  Hash Cond: (mc.movie_id = t.id)
  ->  Seq Scan on movie_companies mc  (cost=0.00..51404.11 rows=1329612 width=4) (actual time=181.218..1040.375 rows=1334883 loops=1)
        Filter: (company_type_id = 2)
        Rows Removed by Filter: 1274246
  ->  Hash  (cost=215802.86..215802.86 rows=920608 width=8) (actual time=4614.210..4614.210 rows=914418 loops=1)
        Buckets: 131072  Batches: 16  Memory Usage: 3302kB
        ->  Hash Join  (cost=102767.86..215802.86 rows=920608 width=8) (actual time=1831.583..4332.809 rows=914418 loops=1)
              Hash Cond: (mk.movie_id = t.id)
              ->  Seq Scan on movie_keyword mk  (cost=0.00..81003.12 rows=920608 width=4) (actual time=0.024..1324.151 rows=914418 loops=1)
                    Filter: (keyword_id > 20333)
                    Rows Removed by Filter: 3609512
              ->  Hash  (cost=61283.27..61283.27 rows=2528527 width=4) (actual time=1830.132..1830.132 rows=2528312 loops=1)
                    Buckets: 131072  Batches: 64  Memory Usage: 2425kB
                    ->  Seq Scan on title t  (cost=0.00..61283.27 rows=2528527 width=4) (actual time=0.014..974.251 rows=2528312 loops=1)
Planning time: 1.646 ms
Execution time: 7060.976 ms
