Seq Scan on cast_info ci  (cost=0.00..796071.18 rows=2920466 width=0) (actual time=0.017..14198.137 rows=4061050 loops=1)
  Filter: ((person_id > 1333614) AND (role_id > 9))
  Rows Removed by Filter: 32183294
Planning time: 0.318 ms
Execution time: 14711.301 ms
