Hash Join  (cost=432626.51..1261915.62 rows=99748 width=0) (actual time=14028.817..23175.960 rows=43238 loops=1)
  Hash Cond: (ci.movie_id = t.id)
  ->  Seq Scan on cast_info ci  (cost=0.00..796071.18 rows=8592124 width=4) (actual time=6393.788..14664.334 rows=4252534 loops=1)
        Filter: ((person_id > 1146791) AND (role_id < 2))
        Rows Removed by Filter: 31991810
  ->  Hash  (cost=432259.58..432259.58 rows=29354 width=8) (actual time=7634.438..7634.438 rows=25827 loops=1)
        Buckets: 32768  Batches: 1  Memory Usage: 1265kB
        ->  Hash Join  (cost=74228.29..432259.58 rows=29354 width=8) (actual time=4708.186..7624.476 rows=25827 loops=1)
              Hash Cond: (mi.movie_id = t.id)
              ->  Seq Scan on movie_info mi  (cost=0.00..346232.03 rows=3068194 width=4) (actual time=3504.047..5778.647 rows=3036719 loops=1)
                    Filter: (info_type_id = 16)
                    Rows Removed by Filter: 11799001
              ->  Hash  (cost=73925.90..73925.90 rows=24191 width=4) (actual time=1203.275..1203.275 rows=24602 loops=1)
                    Buckets: 32768  Batches: 1  Memory Usage: 1121kB
                    ->  Seq Scan on title t  (cost=0.00..73925.90 rows=24191 width=4) (actual time=0.048..1193.000 rows=24602 loops=1)
                          Filter: ((kind_id = 7) AND (production_year = 1995))
                          Rows Removed by Filter: 2503710
Planning time: 1.417 ms
Execution time: 23182.217 ms
