Seq Scan on cast_info ci  (cost=0.00..796071.18 rows=4869326 width=0) (actual time=1.741..13896.348 rows=5731839 loops=1)
  Filter: ((person_id < 2475100) AND (role_id = 2))
  Rows Removed by Filter: 30512505
Planning time: 0.373 ms
Execution time: 14464.536 ms
