Hash Join  (cost=73957.54..872103.32 rows=552 width=0) (actual time=3536.009..13714.455 rows=665 loops=1)
  Hash Cond: (ci.movie_id = t.id)
  ->  Seq Scan on cast_info ci  (cost=0.00..796071.18 rows=551753 width=4) (actual time=2414.393..12438.922 rows=834995 loops=1)
        Filter: ((person_id > 2544282) AND (role_id = 8))
        Rows Removed by Filter: 35409349
  ->  Hash  (cost=73925.90..73925.90 rows=2531 width=4) (actual time=1114.436..1114.436 rows=4597 loops=1)
        Buckets: 8192 (originally 4096)  Batches: 1 (originally 1)  Memory Usage: 226kB
        ->  Seq Scan on title t  (cost=0.00..73925.90 rows=2531 width=4) (actual time=0.088..1112.255 rows=4597 loops=1)
              Filter: ((kind_id < 4) AND (production_year = 1910))
              Rows Removed by Filter: 2523715
Planning time: 0.832 ms
Execution time: 13714.769 ms
