Hash Join  (cost=102767.86..1080259.68 rows=7129024 width=0) (actual time=2267.227..16869.183 rows=1267795 loops=1)
  Hash Cond: (ci.movie_id = t.id)
  ->  Seq Scan on cast_info ci  (cost=0.00..796071.18 rows=7129024 width=4) (actual time=339.325..13530.187 rows=1267795 loops=1)
        Filter: ((person_id > 1564541) AND (role_id < 2))
        Rows Removed by Filter: 34976549
  ->  Hash  (cost=61283.27..61283.27 rows=2528527 width=4) (actual time=1926.189..1926.189 rows=2528312 loops=1)
        Buckets: 131072  Batches: 64  Memory Usage: 2415kB
        ->  Seq Scan on title t  (cost=0.00..61283.27 rows=2528527 width=4) (actual time=0.015..1085.918 rows=2528312 loops=1)
Planning time: 0.684 ms
Execution time: 17014.321 ms
