Hash Join  (cost=295229.46..1456312.16 rows=19325075 width=0) (actual time=7237.397..53925.209 rows=77288140 loops=1)
  Hash Cond: (ci.movie_id = t.id)
  ->  Seq Scan on cast_info ci  (cost=0.00..705507.15 rows=19718561 width=4) (actual time=0.021..14566.958 rows=19604364 loops=1)
        Filter: (person_id < 1964194)
        Rows Removed by Filter: 16639980
  ->  Hash  (cost=254573.58..254573.58 rows=2478070 width=8) (actual time=7235.604..7235.604 rows=2953820 loops=1)
        Buckets: 131072  Batches: 64  Memory Usage: 2840kB
        ->  Hash Join  (cost=97066.09..254573.58 rows=2478070 width=8) (actual time=2006.549..6392.005 rows=2953820 loops=1)
              Hash Cond: (mk.movie_id = t.id)
              ->  Seq Scan on movie_keyword mk  (cost=0.00..81003.12 rows=3489334 width=4) (actual time=0.015..1711.155 rows=3483418 loops=1)
                    Filter: (keyword_id < 17040)
                    Rows Removed by Filter: 1040512
              ->  Hash  (cost=67604.59..67604.59 rows=1795720 width=4) (actual time=2005.188..2005.188 rows=1794153 loops=1)
                    Buckets: 131072  Batches: 32  Memory Usage: 3001kB
                    ->  Seq Scan on title t  (cost=0.00..67604.59 rows=1795720 width=4) (actual time=0.015..1386.208 rows=1794153 loops=1)
                          Filter: (production_year < 2009)
                          Rows Removed by Filter: 734159
Planning time: 1.178 ms
Execution time: 62403.892 ms
