Seq Scan on movie_keyword mk  (cost=0.00..81003.12 rows=4471291 width=0) (actual time=0.048..4525.997 rows=4475032 loops=1)
  Filter: (keyword_id < 100067)
  Rows Removed by Filter: 48898
Planning time: 0.446 ms
Execution time: 5325.764 ms
