Hash Join  (cost=101857.10..899584.11 rows=213586 width=0) (actual time=1932.297..21466.807 rows=312303 loops=1)
  Hash Cond: (ci.movie_id = t.id)
  ->  Seq Scan on cast_info ci  (cost=0.00..705507.15 rows=24022411 width=4) (actual time=0.015..15134.190 rows=24130698 loops=1)
        Filter: (role_id < 4)
        Rows Removed by Filter: 12113646
  ->  Hash  (cost=101576.08..101576.08 rows=22481 width=8) (actual time=1931.641..1931.641 rows=13509 loops=1)
        Buckets: 32768  Batches: 1  Memory Usage: 784kB
        ->  Hash Join  (cost=74440.79..101576.08 rows=22481 width=8) (actual time=1660.900..1924.001 rows=13509 loops=1)
              Hash Cond: (mi_idx.movie_id = t.id)
              ->  Seq Scan on movie_info_idx mi_idx  (cost=0.00..21735.35 rows=1380035 width=4) (actual time=0.014..346.249 rows=1380035 loops=1)
              ->  Hash  (cost=73925.90..73925.90 rows=41191 width=4) (actual time=1237.088..1237.088 rows=43851 loops=1)
                    Buckets: 65536  Batches: 1  Memory Usage: 2054kB
                    ->  Seq Scan on title t  (cost=0.00..73925.90 rows=41191 width=4) (actual time=0.025..1219.940 rows=43851 loops=1)
                          Filter: ((kind_id = 7) AND (production_year = 2003))
                          Rows Removed by Filter: 2484461
Planning time: 2.376 ms
Execution time: 21508.303 ms
