Seq Scan on cast_info ci  (cost=0.00..705507.15 rows=35388679 width=0) (actual time=0.019..13668.762 rows=35377332 loops=1)
  Filter: (person_id < 3894979)
  Rows Removed by Filter: 867012
Planning time: 0.313 ms
Execution time: 18118.555 ms
