Seq Scan on cast_info ci  (cost=0.00..796071.18 rows=18612434 width=0) (actual time=2963.807..16253.821 rows=21495819 loops=1)
  Filter: ((person_id > 721755) AND (role_id > 1))
  Rows Removed by Filter: 14748525
Planning time: 0.356 ms
Execution time: 18923.670 ms
