Seq Scan on movie_keyword mk  (cost=0.00..81003.12 rows=3798029 width=0) (actual time=0.026..1566.954 rows=3790610 loops=1)
  Filter: (keyword_id < 25660)
  Rows Removed by Filter: 733320
Planning time: 0.324 ms
Execution time: 2037.371 ms
