Hash Join  (cost=250034.35..816498.56 rows=8121528 width=0) (actual time=5716.136..35068.546 rows=74348770 loops=1)
  Hash Cond: (mi.movie_id = t.id)
  ->  Seq Scan on movie_info mi  (cost=0.00..309384.22 rows=14739122 width=4) (actual time=0.011..6077.474 rows=14835720 loops=1)
  ->  Hash  (cost=227175.54..227175.54 rows=1393265 width=8) (actual time=5714.785..5714.785 rows=1407645 loops=1)
        Buckets: 131072  Batches: 32  Memory Usage: 2813kB
        ->  Hash Join  (cost=102767.86..227175.54 rows=1393265 width=8) (actual time=2381.144..5318.924 rows=1407645 loops=1)
              Hash Cond: (mk.movie_id = t.id)
              ->  Seq Scan on movie_keyword mk  (cost=0.00..81003.12 rows=1393265 width=4) (actual time=0.027..1513.341 rows=1407645 loops=1)
                    Filter: (keyword_id > 11879)
                    Rows Removed by Filter: 3116285
              ->  Hash  (cost=61283.27..61283.27 rows=2528527 width=4) (actual time=2379.639..2379.639 rows=2528312 loops=1)
                    Buckets: 131072  Batches: 64  Memory Usage: 2425kB
                    ->  Seq Scan on title t  (cost=0.00..61283.27 rows=2528527 width=4) (actual time=0.017..1198.693 rows=2528312 loops=1)
Planning time: 1.014 ms
Execution time: 42880.294 ms
