Hash Join  (cost=214532.62..1324281.04 rows=7392926 width=0) (actual time=4526.173..40117.424 rows=24849462 loops=1)
  Hash Cond: (ci.movie_id = t.id)
  ->  Seq Scan on cast_info ci  (cost=0.00..614943.12 rows=36225612 width=4) (actual time=0.025..13900.329 rows=36244344 loops=1)
  ->  Hash  (cost=206066.34..206066.34 rows=516022 width=8) (actual time=4525.294..4525.294 rows=508600 loops=1)
        Buckets: 131072  Batches: 8  Memory Usage: 3536kB
        ->  Hash Join  (cost=102767.86..206066.34 rows=516022 width=8) (actual time=2113.696..4398.114 rows=508600 loops=1)
              Hash Cond: (mk.movie_id = t.id)
              ->  Seq Scan on movie_keyword mk  (cost=0.00..81003.12 rows=516022 width=4) (actual time=0.025..1442.034 rows=508600 loops=1)
                    Filter: (keyword_id > 35699)
                    Rows Removed by Filter: 4015330
              ->  Hash  (cost=61283.27..61283.27 rows=2528527 width=4) (actual time=2110.726..2110.726 rows=2528312 loops=1)
                    Buckets: 131072  Batches: 64  Memory Usage: 2425kB
                    ->  Seq Scan on title t  (cost=0.00..61283.27 rows=2528527 width=4) (actual time=0.021..1262.545 rows=2528312 loops=1)
Planning time: 1.222 ms
Execution time: 42716.440 ms
