Seq Scan on movie_keyword mk  (cost=0.00..81003.12 rows=976271 width=0) (actual time=0.023..3314.547 rows=980529 loops=1)
  Filter: (keyword_id > 18953)
  Rows Removed by Filter: 3543401
Planning time: 0.265 ms
Execution time: 3486.710 ms
