Seq Scan on movie_companies mc  (cost=0.00..51404.11 rows=1991664 width=0) (actual time=0.020..908.844 rows=1993408 loops=1)
  Filter: (company_id > 742)
  Rows Removed by Filter: 615721
Planning time: 0.339 ms
Execution time: 1160.767 ms
