Seq Scan on cast_info ci  (cost=0.00..796071.18 rows=9445224 width=0) (actual time=3087.872..15409.951 rows=12670688 loops=1)
  Filter: ((person_id < 2769447) AND (role_id = 1))
  Rows Removed by Filter: 23573656
Planning time: 0.384 ms
Execution time: 16937.024 ms
