Hash Join  (cost=82370.79..215592.81 rows=920898 width=0) (actual time=1440.100..5957.399 rows=1781373 loops=1)
  Hash Cond: (mk.movie_id = t.id)
  ->  Seq Scan on movie_keyword mk  (cost=0.00..69693.30 rows=4523930 width=4) (actual time=0.013..1506.943 rows=4523930 loops=1)
  ->  Hash  (cost=73925.90..73925.90 rows=514711 width=4) (actual time=1439.304..1439.304 rows=386575 loops=1)
        Buckets: 131072  Batches: 8  Memory Usage: 2738kB
        ->  Seq Scan on title t  (cost=0.00..73925.90 rows=514711 width=4) (actual time=0.022..1311.727 rows=386575 loops=1)
              Filter: ((production_year > 1979) AND (kind_id = 1))
              Rows Removed by Filter: 2141737
Planning time: 0.786 ms
Execution time: 6171.756 ms
