Hash Join  (cost=1044800.47..1634611.12 rows=10705521 width=0) (actual time=25521.474..41913.243 rows=12875984 loops=1)
  Hash Cond: (mi.movie_id = t.id)
  ->  Seq Scan on movie_info mi  (cost=0.00..346232.03 rows=8859586 width=4) (actual time=0.028..6956.769 rows=8966694 loops=1)
        Filter: (info_type_id < 15)
        Rows Removed by Filter: 5869026
  ->  Hash  (cost=994673.51..994673.51 rows=3055357 width=8) (actual time=25518.881..25518.881 rows=5423591 loops=1)
        Buckets: 131072 (originally 131072)  Batches: 128 (originally 64)  Memory Usage: 3073kB
        ->  Hash Join  (cost=100399.99..994673.51 rows=3055357 width=8) (actual time=3761.977..23131.562 rows=5423591 loops=1)
              Hash Cond: (ci.movie_id = t.id)
              ->  Seq Scan on cast_info ci  (cost=0.00..796071.18 rows=4787753 width=4) (actual time=1745.278..14964.015 rows=7450003 loops=1)
                    Filter: ((person_id > 1221030) AND (role_id = 2))
                    Rows Removed by Filter: 28794341
              ->  Hash  (cost=73925.90..73925.90 rows=1613607 width=4) (actual time=2015.629..2015.629 rows=1724951 loops=1)
                    Buckets: 131072  Batches: 32  Memory Usage: 2924kB
                    ->  Seq Scan on title t  (cost=0.00..73925.90 rows=1613607 width=4) (actual time=0.030..1465.036 rows=1724951 loops=1)
                          Filter: ((kind_id > 1) AND (production_year > 1962))
                          Rows Removed by Filter: 803361
Planning time: 1.367 ms
Execution time: 43400.703 ms
