Hash Join  (cost=568768.15..1903005.29 rows=7205888 width=0) (actual time=13068.652..42921.560 rows=5760357 loops=1)
  Hash Cond: (ci.movie_id = t.id)
  ->  Seq Scan on cast_info ci  (cost=0.00..614943.12 rows=36225612 width=4) (actual time=0.017..13027.333 rows=36244344 loops=1)
  ->  Hash  (cost=560516.06..560516.06 rows=502967 width=8) (actual time=13067.794..13067.794 rows=204857 loops=1)
        Buckets: 131072  Batches: 8  Memory Usage: 1995kB
        ->  Hash Join  (cost=75342.47..560516.06 rows=502967 width=8) (actual time=1455.473..12997.598 rows=204857 loops=1)
              Hash Cond: (mi.movie_id = t.id)
              ->  Seq Scan on movie_info mi  (cost=0.00..309384.22 rows=14739122 width=4) (actual time=0.023..5596.126 rows=14835720 loops=1)
              ->  Hash  (cost=73925.90..73925.90 rows=86285 width=4) (actual time=1062.227..1062.227 rows=92628 loops=1)
                    Buckets: 131072  Batches: 2  Memory Usage: 2659kB
                    ->  Seq Scan on title t  (cost=0.00..73925.90 rows=86285 width=4) (actual time=163.232..972.613 rows=92628 loops=1)
                          Filter: ((kind_id = 7) AND (production_year = 2010))
                          Rows Removed by Filter: 2435684
Planning time: 1.189 ms
Execution time: 43568.514 ms
