Hash Join  (cost=320987.28..1997921.14 rows=46347106 width=0) (actual time=6378.336..50768.658 rows=45785438 loops=1)
  Hash Cond: (ci.movie_id = t.id)
  ->  Seq Scan on cast_info ci  (cost=0.00..705507.15 rows=35196258 width=4) (actual time=0.018..17150.085 rows=35334710 loops=1)
        Filter: (person_id > 94704)
        Rows Removed by Filter: 909634
  ->  Hash  (cost=266360.12..266360.12 rows=3329613 width=8) (actual time=6376.057..6376.057 rows=1637255 loops=1)
        Buckets: 131072  Batches: 64  Memory Usage: 2002kB
        ->  Hash Join  (cost=98137.04..266360.12 rows=3329613 width=8) (actual time=1856.501..5951.728 rows=1637255 loops=1)
              Hash Cond: (mk.movie_id = t.id)
              ->  Seq Scan on movie_keyword mk  (cost=0.00..69693.30 rows=4523930 width=4) (actual time=0.012..1514.048 rows=4523930 loops=1)
              ->  Hash  (cost=67604.59..67604.59 rows=1860996 width=4) (actual time=1855.076..1855.076 rows=1865487 loops=1)
                    Buckets: 131072  Batches: 32  Memory Usage: 3085kB
                    ->  Seq Scan on title t  (cost=0.00..67604.59 rows=1860996 width=4) (actual time=0.012..1229.971 rows=1865487 loops=1)
                          Filter: (kind_id > 1)
                          Rows Removed by Filter: 662825
Planning time: 1.178 ms
Execution time: 55721.008 ms
