Hash Join  (cost=214336.78..730026.21 rows=3362952 width=0) (actual time=5170.212..42042.331 rows=99047225 loops=1)
  Hash Cond: (mi.movie_id = t.id)
  ->  Seq Scan on movie_info mi  (cost=0.00..309384.22 rows=14739122 width=4) (actual time=0.019..6343.901 rows=14835720 loops=1)
  ->  Hash  (cost=204871.27..204871.27 rows=576921 width=8) (actual time=5168.746..5168.746 rows=1670559 loops=1)
        Buckets: 131072 (originally 131072)  Batches: 32 (originally 8)  Memory Usage: 3104kB
        ->  Hash Join  (cost=82033.88..204871.27 rows=576921 width=8) (actual time=1339.989..4786.014 rows=1670559 loops=1)
              Hash Cond: (mk.movie_id = t.id)
              ->  Seq Scan on movie_keyword mk  (cost=0.00..81003.12 rows=2952014 width=4) (actual time=0.016..1670.745 rows=2942749 loops=1)
                    Filter: (keyword_id > 2399)
                    Rows Removed by Filter: 1581181
              ->  Hash  (cost=73925.90..73925.90 rows=494158 width=4) (actual time=1339.138..1339.138 rows=581419 loops=1)
                    Buckets: 131072  Batches: 8  Memory Usage: 3600kB
                    ->  Seq Scan on title t  (cost=0.00..73925.90 rows=494158 width=4) (actual time=0.015..1152.800 rows=581419 loops=1)
                          Filter: ((kind_id < 7) AND (production_year < 2004))
                          Rows Removed by Filter: 1946893
Planning time: 1.115 ms
Execution time: 53412.244 ms
