Hash Join  (cost=102767.86..194285.77 rows=985414 width=0) (actual time=2837.465..4839.765 rows=1145666 loops=1)
  Hash Cond: (mc.movie_id = t.id)
  ->  Seq Scan on movie_companies mc  (cost=0.00..57926.93 rows=985414 width=4) (actual time=528.922..1211.911 rows=1145666 loops=1)
        Filter: ((company_id > 1040) AND (company_type_id = 2))
        Rows Removed by Filter: 1463463
  ->  Hash  (cost=61283.27..61283.27 rows=2528527 width=4) (actual time=2307.053..2307.053 rows=2528312 loops=1)
        Buckets: 131072  Batches: 64  Memory Usage: 2415kB
        ->  Seq Scan on title t  (cost=0.00..61283.27 rows=2528527 width=4) (actual time=0.441..1193.391 rows=2528312 loops=1)
Planning time: 0.730 ms
Execution time: 4977.392 ms
