Seq Scan on movie_companies mc  (cost=0.00..57926.93 rows=852903 width=0) (actual time=0.028..1086.596 rows=1166392 loops=1)
  Filter: ((company_id < 23126) AND (company_type_id < 2))
  Rows Removed by Filter: 1442737
Planning time: 5.394 ms
Execution time: 1230.680 ms
