Seq Scan on cast_info ci  (cost=0.00..796071.18 rows=661168 width=0) (actual time=433.826..8974.806 rows=390170 loops=1)
  Filter: ((person_id < 187054) AND (role_id > 3))
  Rows Removed by Filter: 35854174
Planning time: 0.354 ms
Execution time: 9014.270 ms
