Hash Join  (cost=81530.55..440805.98 rows=218855 width=0) (actual time=4067.773..7654.051 rows=258812 loops=1)
  Hash Cond: (mi.movie_id = t.id)
  ->  Seq Scan on movie_info mi  (cost=0.00..346232.03 rows=651960 width=4) (actual time=2600.905..5690.466 rows=660923 loops=1)
        Filter: (info_type_id = 18)
        Rows Removed by Filter: 14174797
  ->  Hash  (cost=67604.59..67604.59 rows=848797 width=4) (actual time=1465.694..1465.694 rows=849141 loops=1)
        Buckets: 131072  Batches: 16  Memory Usage: 2900kB
        ->  Seq Scan on title t  (cost=0.00..67604.59 rows=848797 width=4) (actual time=0.024..1185.448 rows=849141 loops=1)
              Filter: (production_year < 1996)
              Rows Removed by Filter: 1679171
Planning time: 0.832 ms
Execution time: 7682.962 ms
