Nested Loop  (cost=0.43..146966.51 rows=30 width=0) (actual time=8.255..1564.263 rows=227 loops=1)
  ->  Seq Scan on movie_keyword mk  (cost=0.00..81003.12 rows=10103 width=4) (actual time=0.102..1305.307 rows=10544 loops=1)
        Filter: (keyword_id = 398)
        Rows Removed by Filter: 4513386
  ->  Index Scan using title_pkey on title t  (cost=0.43..6.52 rows=1 width=4) (actual time=0.024..0.024 rows=0 loops=10544)
        Index Cond: (id = mk.movie_id)
        Filter: (production_year = 1992)
        Rows Removed by Filter: 1
Planning time: 0.757 ms
Execution time: 1564.549 ms
