Seq Scan on movie_companies mc  (cost=0.00..51404.11 rows=772104 width=0) (actual time=0.018..954.718 rows=763513 loops=1)
  Filter: (company_id < 1576)
  Rows Removed by Filter: 1845616
Planning time: 0.285 ms
Execution time: 1049.475 ms
