Hash Join  (cost=166236.30..1015016.63 rows=849548 width=0) (actual time=3343.527..27641.370 rows=1542205 loops=1)
  Hash Cond: (ci.movie_id = t.id)
  ->  Seq Scan on cast_info ci  (cost=0.00..705507.15 rows=35940721 width=4) (actual time=0.024..13335.131 rows=35932555 loops=1)
        Filter: (person_id < 4004930)
        Rows Removed by Filter: 311789
  ->  Hash  (cost=165489.20..165489.20 rows=59768 width=8) (actual time=3343.128..3343.128 rows=58785 loops=1)
        Buckets: 65536  Batches: 1  Memory Usage: 2809kB
        ->  Hash Join  (cost=102767.86..165489.20 rows=59768 width=8) (actual time=2689.749..3321.352 rows=58785 loops=1)
              Hash Cond: (mc.movie_id = t.id)
              ->  Seq Scan on movie_companies mc  (cost=0.00..51404.11 rows=59768 width=4) (actual time=352.327..546.187 rows=58785 loops=1)
                    Filter: (company_id > 184720)
                    Rows Removed by Filter: 2550344
              ->  Hash  (cost=61283.27..61283.27 rows=2528527 width=4) (actual time=2336.439..2336.439 rows=2528312 loops=1)
                    Buckets: 131072  Batches: 64  Memory Usage: 2415kB
                    ->  Seq Scan on title t  (cost=0.00..61283.27 rows=2528527 width=4) (actual time=0.022..1079.449 rows=2528312 loops=1)
Planning time: 1.156 ms
Execution time: 27836.651 ms
