Hash Join  (cost=190230.21..343610.34 rows=2147969 width=0) (actual time=4659.672..11274.458 rows=9197528 loops=1)
  Hash Cond: (mk.movie_id = t.id)
  ->  Seq Scan on movie_keyword mk  (cost=0.00..81003.12 rows=3935551 width=4) (actual time=0.018..1825.794 rows=3927217 loops=1)
        Filter: (keyword_id > 434)
        Rows Removed by Filter: 596713
  ->  Hash  (cost=167588.78..167588.78 rows=1380035 width=8) (actual time=4658.159..4658.159 rows=1380035 loops=1)
        Buckets: 131072  Batches: 32  Memory Usage: 2726kB
        ->  Hash Join  (cost=102767.86..167588.78 rows=1380035 width=8) (actual time=2361.042..4268.011 rows=1380035 loops=1)
              Hash Cond: (mi_idx.movie_id = t.id)
              ->  Seq Scan on movie_info_idx mi_idx  (cost=0.00..21735.35 rows=1380035 width=4) (actual time=0.020..481.854 rows=1380035 loops=1)
              ->  Hash  (cost=61283.27..61283.27 rows=2528527 width=4) (actual time=2359.434..2359.434 rows=2528312 loops=1)
                    Buckets: 131072  Batches: 64  Memory Usage: 2415kB
                    ->  Seq Scan on title t  (cost=0.00..61283.27 rows=2528527 width=4) (actual time=0.018..1214.503 rows=2528312 loops=1)
Planning time: 1.198 ms
Execution time: 12326.802 ms
