Nested Loop  (cost=0.43..83071.67 rows=246 width=0) (actual time=1.575..1252.727 rows=331 loops=1)
  ->  Seq Scan on movie_keyword mk  (cost=0.00..81003.12 rows=246 width=4) (actual time=1.528..1241.103 rows=331 loops=1)
        Filter: (keyword_id = 2081)
        Rows Removed by Filter: 4523599
  ->  Index Only Scan using title_pkey on title t  (cost=0.43..8.40 rows=1 width=4) (actual time=0.032..0.033 rows=1 loops=331)
        Index Cond: (id = mk.movie_id)
        Heap Fetches: 331
Planning time: 0.752 ms
Execution time: 1252.987 ms
