Hash Join  (cost=73946.48..135969.54 rows=710 width=0) (actual time=1114.356..2143.007 rows=1753 loops=1)
  Hash Cond: (mc.movie_id = t.id)
  ->  Seq Scan on movie_companies mc  (cost=0.00..57926.93 rows=1090408 width=4) (actual time=11.445..1051.902 rows=978454 loops=1)
        Filter: ((company_id > 226) AND (company_type_id < 2))
        Rows Removed by Filter: 1630675
  ->  Hash  (cost=73925.90..73925.90 rows=1646 width=4) (actual time=941.774..941.774 rows=2267 loops=1)
        Buckets: 4096 (originally 2048)  Batches: 1 (originally 1)  Memory Usage: 112kB
        ->  Seq Scan on title t  (cost=0.00..73925.90 rows=1646 width=4) (actual time=414.994..940.534 rows=2267 loops=1)
              Filter: ((kind_id = 4) AND (production_year = 1996))
              Rows Removed by Filter: 2526045
Planning time: 0.766 ms
Execution time: 2143.525 ms
