Seq Scan on movie_keyword mk  (cost=0.00..81003.12 rows=3641824 width=0) (actual time=0.029..1585.833 rows=3634554 loops=1)
  Filter: (keyword_id < 20740)
  Rows Removed by Filter: 889376
Planning time: 0.334 ms
Execution time: 2038.628 ms
