Seq Scan on movie_keyword mk  (cost=0.00..81003.12 rows=3533931 width=0) (actual time=0.025..1651.445 rows=3524388 loops=1)
  Filter: (keyword_id < 18567)
  Rows Removed by Filter: 999542
Planning time: 0.325 ms
Execution time: 2092.153 ms
