Hash Join  (cost=69460.45..978088.35 rows=417591 width=0) (actual time=1647.313..21253.018 rows=568596 loops=1)
  Hash Cond: (ci.movie_id = t.id)
  ->  Seq Scan on cast_info ci  (cost=0.00..796071.18 rows=9335149 width=4) (actual time=23.104..14665.892 rows=12085686 loops=1)
        Filter: ((person_id < 1657623) AND (role_id < 3))
        Rows Removed by Filter: 24158658
  ->  Hash  (cost=67604.59..67604.59 rows=113109 width=4) (actual time=1603.146..1603.146 rows=119565 loops=1)
        Buckets: 131072  Batches: 2  Memory Usage: 3115kB
        ->  Seq Scan on title t  (cost=0.00..67604.59 rows=113109 width=4) (actual time=0.023..1200.909 rows=119565 loops=1)
              Filter: (production_year = 2007)
              Rows Removed by Filter: 2408747
Planning time: 0.574 ms
Execution time: 21323.420 ms
