Hash Join  (cost=81530.55..116910.10 rows=154745 width=0) (actual time=1510.508..2343.780 rows=189745 loops=1)
  Hash Cond: (mi_idx.movie_id = t.id)
  ->  Seq Scan on movie_info_idx mi_idx  (cost=0.00..25185.44 rows=460978 width=4) (actual time=0.025..452.477 rows=459925 loops=1)
        Filter: (info_type_id < 100)
        Rows Removed by Filter: 920110
  ->  Hash  (cost=67604.59..67604.59 rows=848797 width=4) (actual time=1509.419..1509.419 rows=849141 loops=1)
        Buckets: 131072  Batches: 16  Memory Usage: 2892kB
        ->  Seq Scan on title t  (cost=0.00..67604.59 rows=848797 width=4) (actual time=0.035..1238.753 rows=849141 loops=1)
              Filter: (production_year < 1996)
              Rows Removed by Filter: 1679171
Planning time: 0.727 ms
Execution time: 2363.730 ms
