Seq Scan on cast_info ci  (cost=0.00..705507.15 rows=31547073 width=0) (actual time=0.014..13476.725 rows=31528075 loops=1)
  Filter: (person_id < 3208519)
  Rows Removed by Filter: 4716269
Planning time: 0.345 ms
Execution time: 17407.800 ms
