Nested Loop  (cost=81006.63..432866.77 rows=2 width=0) (actual time=2440.698..6511.614 rows=213 loops=1)
  ->  Hash Join  (cost=81006.20..432798.82 rows=12 width=8) (actual time=2440.565..6507.145 rows=213 loops=1)
        Hash Cond: (mi.movie_id = mk.movie_id)
        ->  Seq Scan on movie_info mi  (cost=0.00..346232.03 rows=17937 width=4) (actual time=1139.421..5205.262 rows=6272 loops=1)
              Filter: (info_type_id = 67)
              Rows Removed by Filter: 14829448
        ->  Hash  (cost=81003.12..81003.12 rows=246 width=4) (actual time=1300.409..1300.409 rows=894 loops=1)
              Buckets: 1024  Batches: 1  Memory Usage: 40kB
              ->  Seq Scan on movie_keyword mk  (cost=0.00..81003.12 rows=246 width=4) (actual time=3.601..1299.698 rows=894 loops=1)
                    Filter: (keyword_id = 12530)
                    Rows Removed by Filter: 4523036
  ->  Index Only Scan using title_pkey on title t  (cost=0.43..5.65 rows=1 width=4) (actual time=0.020..0.020 rows=1 loops=213)
        Index Cond: (id = mi.movie_id)
        Heap Fetches: 213
Planning time: 0.731 ms
Execution time: 6511.763 ms
