Seq Scan on movie_keyword mk  (cost=0.00..81003.12 rows=937833 width=0) (actual time=0.026..1300.544 rows=947021 loops=1)
  Filter: (keyword_id > 20036)
  Rows Removed by Filter: 3576909
Planning time: 0.350 ms
Execution time: 1418.686 ms
