Hash Join  (cost=80718.78..207285.55 rows=545092 width=0) (actual time=1283.653..4681.297 rows=849834 loops=1)
  Hash Cond: (mk.movie_id = t.id)
  ->  Seq Scan on movie_keyword mk  (cost=0.00..81003.12 rows=3329259 width=4) (actual time=0.016..1723.941 rows=3320431 loops=1)
        Filter: (keyword_id < 15257)
        Rows Removed by Filter: 1203499
  ->  Hash  (cost=73925.90..73925.90 rows=413990 width=4) (actual time=1282.523..1282.523 rows=323208 loops=1)
        Buckets: 131072  Batches: 8  Memory Usage: 2454kB
        ->  Seq Scan on title t  (cost=0.00..73925.90 rows=413990 width=4) (actual time=0.064..1181.626 rows=323208 loops=1)
              Filter: ((kind_id < 3) AND (production_year > 2000))
              Rows Removed by Filter: 2205104
Planning time: 0.788 ms
Execution time: 4790.874 ms
