Hash Join  (cost=223408.56..718305.52 rows=2674889 width=0) (actual time=4714.961..16294.929 rows=1302785 loops=1)
  Hash Cond: (mi.movie_id = t.id)
  ->  Seq Scan on movie_info mi  (cost=0.00..346232.03 rows=9293409 width=4) (actual time=0.025..7316.505 rows=9425200 loops=1)
        Filter: (info_type_id > 5)
        Rows Removed by Filter: 5410520
  ->  Hash  (cost=211468.35..211468.35 rows=727777 width=8) (actual time=4713.481..4713.481 rows=143617 loops=1)
        Buckets: 131072  Batches: 16  Memory Usage: 1361kB
        ->  Hash Join  (cost=80599.54..211468.35 rows=727777 width=8) (actual time=2306.162..4672.725 rows=143617 loops=1)
              Hash Cond: (mk.movie_id = t.id)
              ->  Seq Scan on movie_keyword mk  (cost=0.00..69693.30 rows=4523930 width=4) (actual time=0.015..1521.392 rows=4523930 loops=1)
              ->  Hash  (cost=73925.90..73925.90 rows=406771 width=4) (actual time=1328.455..1328.455 rows=288892 loops=1)
                    Buckets: 131072  Batches: 8  Memory Usage: 2287kB
                    ->  Seq Scan on title t  (cost=0.00..73925.90 rows=406771 width=4) (actual time=0.014..1231.424 rows=288892 loops=1)
                          Filter: ((production_year < 1989) AND (kind_id = 7))
                          Rows Removed by Filter: 2239420
Planning time: 1.170 ms
Execution time: 16446.216 ms
