Nested Loop  (cost=0.43..798787.41 rows=324 width=0) (actual time=6744.053..14092.723 rows=89 loops=1)
  ->  Seq Scan on cast_info ci  (cost=0.00..796071.18 rows=324 width=4) (actual time=6743.956..14081.322 rows=89 loops=1)
        Filter: ((role_id > 1) AND (person_id = 177048))
        Rows Removed by Filter: 36244255
  ->  Index Only Scan using title_pkey on title t  (cost=0.43..8.37 rows=1 width=4) (actual time=0.127..0.127 rows=1 loops=89)
        Index Cond: (id = ci.movie_id)
        Heap Fetches: 89
Planning time: 0.778 ms
Execution time: 14092.826 ms
