Hash Join  (cost=102767.86..187468.91 rows=702161 width=0) (actual time=2345.540..4106.394 rows=967052 loops=1)
  Hash Cond: (mc.movie_id = t.id)
  ->  Seq Scan on movie_companies mc  (cost=0.00..57926.93 rows=702161 width=4) (actual time=475.509..1168.055 rows=967052 loops=1)
        Filter: ((company_id < 12529) AND (company_type_id = 1))
        Rows Removed by Filter: 1642077
  ->  Hash  (cost=61283.27..61283.27 rows=2528527 width=4) (actual time=1868.611..1868.611 rows=2528312 loops=1)
        Buckets: 131072  Batches: 64  Memory Usage: 2415kB
        ->  Seq Scan on title t  (cost=0.00..61283.27 rows=2528527 width=4) (actual time=0.018..1068.120 rows=2528312 loops=1)
Planning time: 1.910 ms
Execution time: 4207.214 ms
