Hash Join  (cost=132224.51..496911.35 rows=171414 width=0) (actual time=6441.355..8643.601 rows=280683 loops=1)
  Hash Cond: (mi.movie_id = t.id)
  ->  Seq Scan on movie_info mi  (cost=0.00..346232.03 rows=1338312 width=4) (actual time=3698.356..5205.209 rows=1401902 loops=1)
        Filter: (info_type_id = 7)
        Rows Removed by Filter: 13433818
  ->  Hash  (cost=126910.26..126910.26 rows=323860 width=8) (actual time=2741.715..2741.715 rows=177228 loops=1)
        Buckets: 131072  Batches: 8  Memory Usage: 1902kB
        ->  Hash Join  (cost=83661.18..126910.26 rows=323860 width=8) (actual time=1448.354..2684.707 rows=177228 loops=1)
              Hash Cond: (mi_idx.movie_id = t.id)
              ->  Seq Scan on movie_info_idx mi_idx  (cost=0.00..21735.35 rows=1380035 width=4) (actual time=0.031..469.749 rows=1380035 loops=1)
              ->  Hash  (cost=73925.90..73925.90 rows=593382 width=4) (actual time=1447.141..1447.141 rows=486368 loops=1)
                    Buckets: 131072  Batches: 8  Memory Usage: 3147kB
                    ->  Seq Scan on title t  (cost=0.00..73925.90 rows=593382 width=4) (actual time=0.042..1288.776 rows=486368 loops=1)
                          Filter: ((production_year < 1999) AND (kind_id = 7))
                          Rows Removed by Filter: 2041944
Planning time: 1.194 ms
Execution time: 8679.298 ms
