Seq Scan on movie_companies mc  (cost=0.00..51404.11 rows=2224048 width=0) (actual time=0.028..839.539 rows=2219378 loops=1)
  Filter: (company_id < 83293)
  Rows Removed by Filter: 389751
Planning time: 0.336 ms
Execution time: 1089.673 ms
