Hash Join  (cost=130052.79..497169.72 rows=246100 width=0) (actual time=2187.108..10279.293 rows=557021 loops=1)
  Hash Cond: (mi.movie_id = t.id)
  ->  Seq Scan on movie_info mi  (cost=0.00..309384.22 rows=14739122 width=4) (actual time=0.008..3984.830 rows=14835720 loops=1)
  ->  Hash  (cost=129525.06..129525.06 rows=42219 width=8) (actual time=2186.695..2186.695 rows=58079 loops=1)
        Buckets: 65536  Batches: 1  Memory Usage: 2781kB
        ->  Hash Join  (cost=74437.34..129525.06 rows=42219 width=8) (actual time=1145.534..2167.048 rows=58079 loops=1)
              Hash Cond: (mc.movie_id = t.id)
              ->  Seq Scan on movie_companies mc  (cost=0.00..44881.29 rows=2609129 width=4) (actual time=0.019..437.362 rows=2609129 loops=1)
              ->  Hash  (cost=73925.90..73925.90 rows=40915 width=4) (actual time=1145.146..1145.146 rows=46448 loops=1)
                    Buckets: 65536  Batches: 1  Memory Usage: 2145kB
                    ->  Seq Scan on title t  (cost=0.00..73925.90 rows=40915 width=4) (actual time=333.189..1127.690 rows=46448 loops=1)
                          Filter: ((production_year > 2006) AND (kind_id = 4))
                          Rows Removed by Filter: 2481864
Planning time: 1.271 ms
Execution time: 10348.842 ms
