Hash Join  (cost=228101.57..1387193.06 rows=12196232 width=0) (actual time=4927.679..47509.339 rows=41857387 loops=1)
  Hash Cond: (ci.movie_id = t.id)
  ->  Seq Scan on cast_info ci  (cost=0.00..614943.12 rows=36225612 width=4) (actual time=0.013..14447.170 rows=36244344 loops=1)
  ->  Hash  (cost=214134.45..214134.45 rows=851290 width=8) (actual time=4926.669..4926.669 rows=857180 loops=1)
        Buckets: 131072  Batches: 16  Memory Usage: 3158kB
        ->  Hash Join  (cost=102767.86..214134.45 rows=851290 width=8) (actual time=2072.133..4672.138 rows=857180 loops=1)
              Hash Cond: (mk.movie_id = t.id)
              ->  Seq Scan on movie_keyword mk  (cost=0.00..81003.12 rows=851290 width=4) (actual time=0.031..1486.360 rows=857180 loops=1)
                    Filter: (keyword_id > 21422)
                    Rows Removed by Filter: 3666750
              ->  Hash  (cost=61283.27..61283.27 rows=2528527 width=4) (actual time=2070.859..2070.859 rows=2528312 loops=1)
                    Buckets: 131072  Batches: 64  Memory Usage: 2425kB
                    ->  Seq Scan on title t  (cost=0.00..61283.27 rows=2528527 width=4) (actual time=0.021..1175.042 rows=2528312 loops=1)
Planning time: 3.091 ms
Execution time: 52269.570 ms
