Nested Loop  (cost=0.43..83072.29 rows=20 width=0) (actual time=4.452..1253.077 rows=181 loops=1)
  ->  Seq Scan on movie_keyword mk  (cost=0.00..81003.12 rows=246 width=4) (actual time=0.570..1217.446 rows=759 loops=1)
        Filter: (keyword_id = 3055)
        Rows Removed by Filter: 4523171
  ->  Index Scan using title_pkey on title t  (cost=0.43..8.40 rows=1 width=4) (actual time=0.046..0.046 rows=0 loops=759)
        Index Cond: (id = mk.movie_id)
        Filter: (production_year < 1956)
        Rows Removed by Filter: 1
Planning time: 0.780 ms
Execution time: 1253.311 ms
