Hash Join  (cost=102767.86..1132076.81 rows=13046142 width=0) (actual time=1990.076..27070.752 rows=12997964 loops=1)
  Hash Cond: (ci.movie_id = t.id)
  ->  Seq Scan on cast_info ci  (cost=0.00..705507.15 rows=13046142 width=4) (actual time=0.041..13252.896 rows=12997964 loops=1)
        Filter: (person_id < 1284570)
        Rows Removed by Filter: 23246380
  ->  Hash  (cost=61283.27..61283.27 rows=2528527 width=4) (actual time=1988.941..1988.941 rows=2528312 loops=1)
        Buckets: 131072  Batches: 64  Memory Usage: 2415kB
        ->  Seq Scan on title t  (cost=0.00..61283.27 rows=2528527 width=4) (actual time=0.008..1173.485 rows=2528312 loops=1)
Planning time: 0.569 ms
Execution time: 28606.433 ms
