Hash Join  (cost=199006.67..703857.54 rows=2347193 width=0) (actual time=9686.135..38941.363 rows=1055172 loops=1)
  Hash Cond: (mi.movie_id = t.id)
  ->  Seq Scan on movie_info mi  (cost=0.00..309384.22 rows=14739122 width=4) (actual time=0.005..20788.285 rows=14835720 loops=1)
  ->  Hash  (cost=192400.34..192400.34 rows=402666 width=8) (actual time=9677.349..9677.349 rows=107768 loops=1)
        Buckets: 131072  Batches: 8  Memory Usage: 1560kB
        ->  Hash Join  (cost=92883.59..192400.34 rows=402666 width=8) (actual time=6696.940..9640.330 rows=107768 loops=1)
              Hash Cond: (mk.movie_id = t.id)
              ->  Seq Scan on movie_keyword mk  (cost=0.00..81003.12 rows=660794 width=4) (actual time=0.031..3662.343 rows=667499 loops=1)
                    Filter: (keyword_id > 28077)
                    Rows Removed by Filter: 3856431
              ->  Hash  (cost=67604.59..67604.59 rows=1540800 width=4) (actual time=5241.543..5241.543 rows=1543264 loops=1)
                    Buckets: 131072  Batches: 32  Memory Usage: 2728kB
                    ->  Seq Scan on title t  (cost=0.00..67604.59 rows=1540800 width=4) (actual time=0.024..4251.593 rows=1543264 loops=1)
                          Filter: (kind_id = 7)
                          Rows Removed by Filter: 985048
Planning time: 1.887 ms
Execution time: 39128.267 ms
