Seq Scan on cast_info ci  (cost=0.00..796071.18 rows=98437 width=0) (actual time=11374.429..12299.680 rows=39880 loops=1)
  Filter: ((person_id < 983564) AND (role_id > 10))
  Rows Removed by Filter: 36204464
Planning time: 0.290 ms
Execution time: 12304.734 ms
