Hash Join  (cost=927341.10..1008937.07 rows=474845 width=0) (actual time=13678.333..15918.698 rows=706278 loops=1)
  Hash Cond: (mc.movie_id = t.id)
  ->  Seq Scan on movie_companies mc  (cost=0.00..44881.29 rows=2609129 width=4) (actual time=0.014..901.061 rows=2609129 loops=1)
  ->  Hash  (cost=919790.90..919790.90 rows=460176 width=8) (actual time=13677.559..13677.559 rows=306963 loops=1)
        Buckets: 131072  Batches: 8  Memory Usage: 2513kB
        ->  Hash Join  (cost=102767.86..919790.90 rows=460176 width=8) (actual time=1828.991..13588.755 rows=306963 loops=1)
              Hash Cond: (ci.movie_id = t.id)
              ->  Seq Scan on cast_info ci  (cost=0.00..796071.18 rows=460176 width=4) (actual time=0.028..11113.437 rows=306963 loops=1)
                    Filter: ((person_id < 387591) AND (role_id = 3))
                    Rows Removed by Filter: 35937381
              ->  Hash  (cost=61283.27..61283.27 rows=2528527 width=4) (actual time=1827.346..1827.346 rows=2528312 loops=1)
                    Buckets: 131072  Batches: 64  Memory Usage: 2415kB
                    ->  Seq Scan on title t  (cost=0.00..61283.27 rows=2528527 width=4) (actual time=0.010..993.678 rows=2528312 loops=1)
Planning time: 1.168 ms
Execution time: 15998.745 ms
