Seq Scan on movie_keyword mk  (cost=0.00..81003.12 rows=4093936 width=0) (actual time=0.024..1583.372 rows=4098873 loops=1)
  Filter: (keyword_id < 41138)
  Rows Removed by Filter: 425057
Planning time: 0.387 ms
Execution time: 2092.293 ms
