Seq Scan on cast_info ci  (cost=0.00..705507.15 rows=12763877 width=0) (actual time=13.359..11748.916 rows=12724027 loops=1)
  Filter: (person_id < 1254845)
  Rows Removed by Filter: 23520317
Planning time: 0.331 ms
Execution time: 13298.227 ms
