Seq Scan on cast_info ci  (cost=0.00..705507.15 rows=21677225 width=0) (actual time=0.026..12293.125 rows=21538581 loops=1)
  Filter: (person_id < 2184414)
  Rows Removed by Filter: 14705763
Planning time: 0.338 ms
Execution time: 14971.493 ms
