Hash Join  (cost=176604.28..675704.30 rows=1808209 width=0) (actual time=3694.496..17364.054 rows=5554855 loops=1)
  Hash Cond: (mi.movie_id = t.id)
  ->  Seq Scan on movie_info mi  (cost=0.00..309384.22 rows=14739122 width=4) (actual time=0.019..5857.988 rows=14835720 loops=1)
  ->  Hash  (cost=171514.75..171514.75 rows=310202 width=8) (actual time=3693.611..3693.611 rows=309664 loops=1)
        Buckets: 131072  Batches: 8  Memory Usage: 2557kB
        ->  Hash Join  (cost=102767.86..171514.75 rows=310202 width=8) (actual time=2341.194..3592.849 rows=309664 loops=1)
              Hash Cond: (mc.movie_id = t.id)
              ->  Seq Scan on movie_companies mc  (cost=0.00..51404.11 rows=310202 width=4) (actual time=334.812..895.187 rows=309664 loops=1)
                    Filter: (company_id > 92645)
                    Rows Removed by Filter: 2299465
              ->  Hash  (cost=61283.27..61283.27 rows=2528527 width=4) (actual time=2004.319..2004.319 rows=2528312 loops=1)
                    Buckets: 131072  Batches: 64  Memory Usage: 2415kB
                    ->  Seq Scan on title t  (cost=0.00..61283.27 rows=2528527 width=4) (actual time=0.016..1168.113 rows=2528312 loops=1)
Planning time: 1.012 ms
Execution time: 17965.924 ms
