Hash Join  (cost=448026.41..1201385.37 rows=256979 width=0) (actual time=6136.343..34444.478 rows=12615982 loops=1)
  Hash Cond: (ci.movie_id = t.id)
  ->  Seq Scan on cast_info ci  (cost=0.00..614943.12 rows=36225612 width=4) (actual time=0.015..9101.586 rows=36244344 loops=1)
  ->  Hash  (cost=447802.20..447802.20 rows=17937 width=8) (actual time=6134.477..6134.477 rows=109034 loops=1)
        Buckets: 131072 (originally 32768)  Batches: 2 (originally 1)  Memory Usage: 3168kB
        ->  Nested Loop  (cost=0.43..447802.20 rows=17937 width=8) (actual time=4918.673..6088.490 rows=109034 loops=1)
              ->  Seq Scan on movie_info mi  (cost=0.00..346232.03 rows=17937 width=4) (actual time=4918.544..5362.224 rows=109034 loops=1)
                    Filter: (info_type_id = 106)
                    Rows Removed by Filter: 14726686
              ->  Index Only Scan using title_pkey on title t  (cost=0.43..5.65 rows=1 width=4) (actual time=0.006..0.006 rows=1 loops=109034)
                    Index Cond: (id = mi.movie_id)
                    Heap Fetches: 109034
Planning time: 5.839 ms
Execution time: 35997.347 ms
