Hash Join  (cost=190230.21..338422.20 rows=1981638 width=0) (actual time=4231.238..9718.846 rows=8508322 loops=1)
  Hash Cond: (mk.movie_id = t.id)
  ->  Seq Scan on movie_keyword mk  (cost=0.00..81003.12 rows=3630795 width=4) (actual time=0.045..1645.544 rows=3625200 loops=1)
        Filter: (keyword_id > 850)
        Rows Removed by Filter: 898730
  ->  Hash  (cost=167588.78..167588.78 rows=1380035 width=8) (actual time=4229.623..4229.623 rows=1380035 loops=1)
        Buckets: 131072  Batches: 32  Memory Usage: 2726kB
        ->  Hash Join  (cost=102767.86..167588.78 rows=1380035 width=8) (actual time=1880.342..3814.043 rows=1380035 loops=1)
              Hash Cond: (mi_idx.movie_id = t.id)
              ->  Seq Scan on movie_info_idx mi_idx  (cost=0.00..21735.35 rows=1380035 width=4) (actual time=0.014..443.602 rows=1380035 loops=1)
              ->  Hash  (cost=61283.27..61283.27 rows=2528527 width=4) (actual time=1879.055..1879.055 rows=2528312 loops=1)
                    Buckets: 131072  Batches: 64  Memory Usage: 2415kB
                    ->  Seq Scan on title t  (cost=0.00..61283.27 rows=2528527 width=4) (actual time=0.022..1044.795 rows=2528312 loops=1)
Planning time: 1.207 ms
Execution time: 10732.404 ms
