Seq Scan on movie_companies mc  (cost=0.00..51404.11 rows=104 width=0) (actual time=91.523..776.380 rows=166 loops=1)
  Filter: (company_id = 14888)
  Rows Removed by Filter: 2608963
Planning time: 0.358 ms
Execution time: 776.534 ms
