Hash Join  (cost=90260.67..167173.54 rows=435947 width=0) (actual time=1729.103..3341.388 rows=234988 loops=1)
  Hash Cond: (mc.movie_id = t.id)
  ->  Seq Scan on movie_companies mc  (cost=0.00..57926.93 rows=798257 width=4) (actual time=0.026..1081.809 rows=584834 loops=1)
        Filter: ((company_id > 4430) AND (company_type_id = 1))
        Rows Removed by Filter: 2024295
  ->  Hash  (cost=67604.59..67604.59 rows=1380887 width=4) (actual time=1727.457..1727.457 rows=1381453 loops=1)
        Buckets: 131072  Batches: 32  Memory Usage: 2543kB
        ->  Seq Scan on title t  (cost=0.00..67604.59 rows=1380887 width=4) (actual time=0.021..1287.400 rows=1381453 loops=1)
              Filter: (production_year > 2000)
              Rows Removed by Filter: 1146859
Planning time: 0.727 ms
Execution time: 3364.745 ms
