Hash Join  (cost=69928.56..135655.04 rows=33464 width=0) (actual time=1571.652..2852.917 rows=36057 loops=1)
  Hash Cond: (mc.movie_id = t.id)
  ->  Seq Scan on movie_companies mc  (cost=0.00..57926.93 rows=597575 width=4) (actual time=0.014..980.466 rows=805943 loops=1)
        Filter: ((company_id < 11127) AND (company_type_id < 2))
        Rows Removed by Filter: 1803186
  ->  Hash  (cost=67604.59..67604.59 rows=141598 width=4) (actual time=1128.198..1128.198 rows=141703 loops=1)
        Buckets: 131072  Batches: 2  Memory Usage: 3511kB
        ->  Seq Scan on title t  (cost=0.00..67604.59 rows=141598 width=4) (actual time=0.020..973.078 rows=141703 loops=1)
              Filter: (production_year = 2010)
              Rows Removed by Filter: 2386609
Planning time: 1.089 ms
Execution time: 2858.057 ms
