Hash Join  (cost=86252.72..172280.24 rows=647852 width=0) (actual time=3913.523..9562.914 rows=1466070 loops=1)
  Hash Cond: (mc.movie_id = t.id)
  ->  Seq Scan on movie_companies mc  (cost=0.00..51404.11 rows=2180237 width=4) (actual time=0.011..3144.623 rows=2180408 loops=1)
        Filter: (company_id > 302)
        Rows Removed by Filter: 428721
  ->  Hash  (cost=73925.90..73925.90 rows=751345 width=4) (actual time=3912.534..3912.534 rows=793943 loops=1)
        Buckets: 131072  Batches: 16  Memory Usage: 2771kB
        ->  Seq Scan on title t  (cost=0.00..73925.90 rows=751345 width=4) (actual time=0.026..3583.421 rows=793943 loops=1)
              Filter: ((kind_id < 7) AND (production_year < 2010))
              Rows Removed by Filter: 1734369
Planning time: 8.226 ms
Execution time: 9768.889 ms
