Seq Scan on cast_info ci  (cost=0.00..705507.15 rows=500 width=0) (actual time=1460.766..10215.509 rows=82 loops=1)
  Filter: (person_id = 2799997)
  Rows Removed by Filter: 36244262
Planning time: 0.533 ms
Execution time: 10215.610 ms
