Hash Join  (cost=74786.63..102072.93 rows=37582 width=0) (actual time=629.593..1171.967 rows=95211 loops=1)
  Hash Cond: (mi_idx.movie_id = t.id)
  ->  Seq Scan on movie_info_idx mi_idx  (cost=0.00..21735.35 rows=1380035 width=4) (actual time=0.018..234.606 rows=1380035 loops=1)
  ->  Hash  (cost=73925.90..73925.90 rows=68858 width=4) (actual time=628.907..628.907 rows=73032 loops=1)
        Buckets: 131072  Batches: 1  Memory Usage: 3592kB
        ->  Seq Scan on title t  (cost=0.00..73925.90 rows=68858 width=4) (actual time=0.033..605.920 rows=73032 loops=1)
              Filter: ((production_year < 2010) AND (kind_id = 2))
              Rows Removed by Filter: 2455280
Planning time: 0.792 ms
Execution time: 1181.044 ms
