Hash Join  (cost=190230.21..1486174.12 rows=18760422 width=0) (actual time=4568.120..49433.628 rows=38826587 loops=1)
  Hash Cond: (ci.movie_id = t.id)
  ->  Seq Scan on cast_info ci  (cost=0.00..705507.15 rows=34373211 width=4) (actual time=0.026..16555.173 rows=34462302 loops=1)
        Filter: (person_id > 177048)
        Rows Removed by Filter: 1782042
  ->  Hash  (cost=167588.78..167588.78 rows=1380035 width=8) (actual time=4566.694..4566.694 rows=1380035 loops=1)
        Buckets: 131072  Batches: 32  Memory Usage: 2708kB
        ->  Hash Join  (cost=102767.86..167588.78 rows=1380035 width=8) (actual time=1972.224..4177.858 rows=1380035 loops=1)
              Hash Cond: (mi_idx.movie_id = t.id)
              ->  Seq Scan on movie_info_idx mi_idx  (cost=0.00..21735.35 rows=1380035 width=4) (actual time=0.010..477.178 rows=1380035 loops=1)
              ->  Hash  (cost=61283.27..61283.27 rows=2528527 width=4) (actual time=1971.412..1971.412 rows=2528312 loops=1)
                    Buckets: 131072  Batches: 64  Memory Usage: 2415kB
                    ->  Seq Scan on title t  (cost=0.00..61283.27 rows=2528527 width=4) (actual time=0.021..1124.368 rows=2528312 loops=1)
Planning time: 1.222 ms
Execution time: 53908.449 ms
