Hash Join  (cost=137129.51..507047.65 rows=31945 width=0) (actual time=3543.141..10217.571 rows=1183342 loops=1)
  Hash Cond: (mi.movie_id = t.id)
  ->  Seq Scan on movie_info mi  (cost=0.00..346232.03 rows=6231111 width=4) (actual time=997.241..6109.431 rows=6223494 loops=1)
        Filter: (info_type_id > 8)
        Rows Removed by Filter: 8612226
  ->  Hash  (cost=136967.47..136967.47 rows=12963 width=8) (actual time=2545.640..2545.640 rows=25971 loops=1)
        Buckets: 32768 (originally 16384)  Batches: 1 (originally 1)  Memory Usage: 1271kB
        ->  Hash Join  (cost=74255.97..136967.47 rows=12963 width=8) (actual time=1116.990..2535.444 rows=25971 loops=1)
              Hash Cond: (mc.movie_id = t.id)
              ->  Seq Scan on movie_companies mc  (cost=0.00..57926.93 rows=1241317 width=4) (actual time=0.035..1133.260 rows=1210197 loops=1)
                    Filter: ((company_id > 11) AND (company_type_id = 1))
                    Rows Removed by Filter: 1398932
              ->  Hash  (cost=73925.90..73925.90 rows=26405 width=4) (actual time=1116.623..1116.623 rows=23926 loops=1)
                    Buckets: 32768  Batches: 1  Memory Usage: 1098kB
                    ->  Seq Scan on title t  (cost=0.00..73925.90 rows=26405 width=4) (actual time=0.024..1106.512 rows=23926 loops=1)
                          Filter: ((kind_id < 7) AND (production_year = 2003))
                          Rows Removed by Filter: 2504386
Planning time: 1.251 ms
Execution time: 10366.832 ms
