Hash Join  (cost=155832.22..927648.77 rows=267912 width=0) (actual time=3224.674..20686.132 rows=1094997 loops=1)
  Hash Cond: (ci.movie_id = t.id)
  ->  Seq Scan on cast_info ci  (cost=0.00..705507.15 rows=12726058 width=4) (actual time=0.022..14310.603 rows=12670688 loops=1)
        Filter: (role_id < 2)
        Rows Removed by Filter: 23573656
  ->  Hash  (cost=155166.83..155166.83 rows=53231 width=8) (actual time=3224.289..3224.289 rows=65035 loops=1)
        Buckets: 65536  Batches: 1  Memory Usage: 3053kB
        ->  Hash Join  (cost=67976.49..155166.83 rows=53231 width=8) (actual time=1201.497..3203.241 rows=65035 loops=1)
              Hash Cond: (mk.movie_id = t.id)
              ->  Seq Scan on movie_keyword mk  (cost=0.00..69693.30 rows=4523930 width=4) (actual time=0.013..1087.062 rows=4523930 loops=1)
              ->  Hash  (cost=67604.59..67604.59 rows=29752 width=4) (actual time=1201.269..1201.269 rows=30027 loops=1)
                    Buckets: 32768  Batches: 1  Memory Usage: 1312kB
                    ->  Seq Scan on title t  (cost=0.00..67604.59 rows=29752 width=4) (actual time=0.148..1186.853 rows=30027 loops=1)
                          Filter: (production_year = 1994)
                          Rows Removed by Filter: 2498285
Planning time: 1.479 ms
Execution time: 20824.249 ms
