Seq Scan on movie_companies mc  (cost=0.00..57926.93 rows=1187728 width=40) (actual time=201.286..1126.927 rows=1274246 loops=1)
  Filter: ((company_id < 117433) AND (company_type_id = 1))
  Rows Removed by Filter: 1334883
Planning time: 0.452 ms
Execution time: 1201.450 ms
