Hash Join  (cost=100972.04..852189.29 rows=42803 width=0) (actual time=1728.131..16762.851 rows=105342 loops=1)
  Hash Cond: (ci.movie_id = t.id)
  ->  Seq Scan on cast_info ci  (cost=0.00..614943.12 rows=36225612 width=4) (actual time=0.020..7627.132 rows=36244344 loops=1)
  ->  Hash  (cost=100934.69..100934.69 rows=2988 width=8) (actual time=1728.019..1728.019 rows=4608 loops=1)
        Buckets: 8192 (originally 4096)  Batches: 1 (originally 1)  Memory Usage: 244kB
        ->  Hash Join  (cost=73994.33..100934.69 rows=2988 width=8) (actual time=1126.420..1726.025 rows=4608 loops=1)
              Hash Cond: (mi_idx.movie_id = t.id)
              ->  Seq Scan on movie_info_idx mi_idx  (cost=0.00..21735.35 rows=1380035 width=4) (actual time=0.027..300.653 rows=1380035 loops=1)
              ->  Hash  (cost=73925.90..73925.90 rows=5474 width=4) (actual time=1125.816..1125.816 rows=9683 loops=1)
                    Buckets: 16384 (originally 8192)  Batches: 1 (originally 1)  Memory Usage: 469kB
                    ->  Seq Scan on title t  (cost=0.00..73925.90 rows=5474 width=4) (actual time=0.123..1120.860 rows=9683 loops=1)
                          Filter: ((kind_id > 1) AND (production_year = 1975))
                          Rows Removed by Filter: 2518629
Planning time: 1.151 ms
Execution time: 16779.465 ms
