Seq Scan on movie_keyword mk  (cost=0.00..81003.12 rows=1724750 width=0) (actual time=0.020..1311.955 rows=1727416 loops=1)
  Filter: (keyword_id < 2810)
  Rows Removed by Filter: 2796514
Planning time: 0.336 ms
Execution time: 1525.762 ms
