Hash Join  (cost=87301.44..227074.45 rows=1458597 width=0) (actual time=1556.075..5016.522 rows=658824 loops=1)
  Hash Cond: (mk.movie_id = t.id)
  ->  Seq Scan on movie_keyword mk  (cost=0.00..69693.30 rows=4523930 width=4) (actual time=0.013..1332.737 rows=4523930 loops=1)
  ->  Hash  (cost=73925.90..73925.90 rows=815243 width=4) (actual time=1555.113..1555.113 rows=876186 loops=1)
        Buckets: 131072  Batches: 16  Memory Usage: 2961kB
        ->  Seq Scan on title t  (cost=0.00..73925.90 rows=815243 width=4) (actual time=0.024..1276.868 rows=876186 loops=1)
              Filter: ((kind_id > 1) AND (production_year > 2004))
              Rows Removed by Filter: 1652126
Planning time: 1.404 ms
Execution time: 5093.351 ms
