Seq Scan on movie_companies mc  (cost=0.00..57926.93 rows=1374 width=0) (actual time=8.930..833.449 rows=1433 loops=1)
  Filter: ((company_type_id > 1) AND (company_id = 181))
  Rows Removed by Filter: 2607696
Planning time: 0.383 ms
Execution time: 833.821 ms
