Seq Scan on movie_companies mc  (cost=0.00..51404.11 rows=211837 width=0) (actual time=108.567..741.254 rows=213214 loops=1)
  Filter: (company_id > 109754)
  Rows Removed by Filter: 2395915
Planning time: 0.319 ms
Execution time: 768.132 ms
