Seq Scan on movie_keyword mk  (cost=0.00..81003.12 rows=2893033 width=0) (actual time=0.011..1463.961 rows=2881066 loops=1)
  Filter: (keyword_id < 8995)
  Rows Removed by Filter: 1642864
Planning time: 0.211 ms
Execution time: 1828.958 ms
