Hash Join  (cost=130095.47..217530.93 rows=77742 width=0) (actual time=2049.569..4188.902 rows=1425264 loops=1)
  Hash Cond: (mk.movie_id = t.id)
  ->  Seq Scan on movie_keyword mk  (cost=0.00..69693.30 rows=4523930 width=4) (actual time=0.018..946.294 rows=4523930 loops=1)
  ->  Hash  (cost=129552.32..129552.32 rows=43452 width=8) (actual time=2049.134..2049.134 rows=71217 loops=1)
        Buckets: 131072 (originally 65536)  Batches: 1 (originally 1)  Memory Usage: 3806kB
        ->  Hash Join  (cost=74452.28..129552.32 rows=43452 width=8) (actual time=782.889..2020.454 rows=71217 loops=1)
              Hash Cond: (mc.movie_id = t.id)
              ->  Seq Scan on movie_companies mc  (cost=0.00..44881.29 rows=2609129 width=4) (actual time=0.013..568.585 rows=2609129 loops=1)
              ->  Hash  (cost=73925.90..73925.90 rows=42110 width=4) (actual time=782.533..782.533 rows=33905 loops=1)
                    Buckets: 65536  Batches: 1  Memory Usage: 1704kB
                    ->  Seq Scan on title t  (cost=0.00..73925.90 rows=42110 width=4) (actual time=0.084..770.038 rows=33905 loops=1)
                          Filter: ((kind_id < 7) AND (production_year = 2006))
                          Rows Removed by Filter: 2494407
Planning time: 2.745 ms
Execution time: 4365.077 ms
