Seq Scan on movie_companies mc  (cost=0.00..51404.11 rows=172713 width=0) (actual time=340.670..804.711 rows=172115 loops=1)
  Filter: (company_id > 123054)
  Rows Removed by Filter: 2437014
Planning time: 0.317 ms
Execution time: 826.153 ms
