Hash Join  (cost=126371.01..251856.94 rows=285889 width=0) (actual time=2474.205..6347.147 rows=3034889 loops=1)
  Hash Cond: (mk.movie_id = t.id)
  ->  Seq Scan on movie_keyword mk  (cost=0.00..69693.30 rows=4523930 width=4) (actual time=0.024..1345.842 rows=4523930 loops=1)
  ->  Hash  (cost=123748.64..123748.64 rows=159790 width=8) (actual time=2473.247..2473.247 rows=305141 loops=1)
        Buckets: 131072  Batches: 4  Memory Usage: 4017kB
        ->  Hash Join  (cost=88195.18..123748.64 rows=159790 width=8) (actual time=1422.000..2369.818 rows=305141 loops=1)
              Hash Cond: (mi_idx.movie_id = t.id)
              ->  Seq Scan on movie_info_idx mi_idx  (cost=0.00..25185.44 rows=464566 width=4) (actual time=0.019..426.413 rows=459925 loops=1)
                    Filter: (info_type_id = 101)
                    Rows Removed by Filter: 920110
              ->  Hash  (cost=73925.90..73925.90 rows=869702 width=4) (actual time=1420.959..1420.959 rows=896788 loops=1)
                    Buckets: 131072  Batches: 16  Memory Usage: 2998kB
                    ->  Seq Scan on title t  (cost=0.00..73925.90 rows=869702 width=4) (actual time=0.020..1136.408 rows=896788 loops=1)
                          Filter: ((kind_id < 7) AND (production_year < 2012))
                          Rows Removed by Filter: 1631524
Planning time: 1.204 ms
Execution time: 6727.888 ms
