Hash Join  (cost=190230.21..334285.68 rows=1848952 width=0) (actual time=8205.238..18237.981 rows=7880733 loops=1)
  Hash Cond: (mk.movie_id = t.id)
  ->  Seq Scan on movie_keyword mk  (cost=0.00..81003.12 rows=3387685 width=4) (actual time=0.015..5383.012 rows=3377245 loops=1)
        Filter: (keyword_id < 16264)
        Rows Removed by Filter: 1146685
  ->  Hash  (cost=167588.78..167588.78 rows=1380035 width=8) (actual time=8203.735..8203.735 rows=1380035 loops=1)
        Buckets: 131072  Batches: 32  Memory Usage: 2726kB
        ->  Hash Join  (cost=102767.86..167588.78 rows=1380035 width=8) (actual time=4538.218..7672.076 rows=1380035 loops=1)
              Hash Cond: (mi_idx.movie_id = t.id)
              ->  Seq Scan on movie_info_idx mi_idx  (cost=0.00..21735.35 rows=1380035 width=4) (actual time=0.024..1160.124 rows=1380035 loops=1)
              ->  Hash  (cost=61283.27..61283.27 rows=2528527 width=4) (actual time=4536.128..4536.128 rows=2528312 loops=1)
                    Buckets: 131072  Batches: 64  Memory Usage: 2415kB
                    ->  Seq Scan on title t  (cost=0.00..61283.27 rows=2528527 width=4) (actual time=0.022..3489.814 rows=2528312 loops=1)
Planning time: 5.912 ms
Execution time: 19375.682 ms
