Seq Scan on movie_keyword mk  (cost=0.00..81003.12 rows=4338981 width=0) (actual time=0.019..1433.847 rows=4334739 loops=1)
  Filter: (keyword_id < 71112)
  Rows Removed by Filter: 189191
Planning time: 0.310 ms
Execution time: 1971.618 ms
