Seq Scan on movie_companies mc  (cost=0.00..57926.93 rows=336285 width=0) (actual time=497.421..806.483 rows=31578 loops=1)
  Filter: ((company_id > 46856) AND (company_type_id < 2))
  Rows Removed by Filter: 2577551
Planning time: 0.348 ms
Execution time: 811.050 ms
