Hash Join  (cost=96651.52..137887.62 rows=322777 width=0) (actual time=1663.426..2674.313 rows=212359 loops=1)
  Hash Cond: (mi_idx.movie_id = t.id)
  ->  Seq Scan on movie_info_idx mi_idx  (cost=0.00..25185.44 rows=460978 width=4) (actual time=0.010..406.144 rows=459925 loops=1)
        Filter: (info_type_id < 100)
        Rows Removed by Filter: 920110
  ->  Hash  (cost=67604.59..67604.59 rows=1770475 width=4) (actual time=1661.599..1661.599 rows=1774635 loops=1)
        Buckets: 131072  Batches: 32  Memory Usage: 2978kB
        ->  Seq Scan on title t  (cost=0.00..67604.59 rows=1770475 width=4) (actual time=0.023..1093.147 rows=1774635 loops=1)
              Filter: (kind_id > 2)
              Rows Removed by Filter: 753677
Planning time: 0.706 ms
Execution time: 2701.434 ms
