Hash Join  (cost=80408.18..912264.29 rows=407601 width=0) (actual time=1542.875..15899.641 rows=690460 loops=1)
  Hash Cond: (ci.movie_id = t.id)
  ->  Seq Scan on cast_info ci  (cost=0.00..796071.18 rows=2608779 width=4) (actual time=343.932..12155.132 rows=5306626 loops=1)
        Filter: ((person_id < 712012) AND (role_id = 1))
        Rows Removed by Filter: 30937718
  ->  Hash  (cost=73925.90..73925.90 rows=395062 width=4) (actual time=1198.172..1198.172 rows=335993 loops=1)
        Buckets: 131072  Batches: 8  Memory Usage: 2492kB
        ->  Seq Scan on title t  (cost=0.00..73925.90 rows=395062 width=4) (actual time=0.047..1089.413 rows=335993 loops=1)
              Filter: ((kind_id < 7) AND (production_year > 2005))
              Rows Removed by Filter: 2192319
Planning time: 0.755 ms
Execution time: 15986.623 ms
