Seq Scan on cast_info ci  (cost=0.00..705507.15 rows=17092999 width=0) (actual time=0.035..9240.879 rows=16962669 loops=1)
  Filter: (person_id < 1676612)
  Rows Removed by Filter: 19281675
Planning time: 0.321 ms
Execution time: 11254.020 ms
