Hash Join  (cost=915904.84..1433641.48 rows=978152 width=0) (actual time=11995.654..24029.822 rows=1052786 loops=1)
  Hash Cond: (mi.movie_id = t.id)
  ->  Seq Scan on movie_info mi  (cost=0.00..346232.03 rows=13926693 width=4) (actual time=0.017..6608.897 rows=13963496 loops=1)
        Filter: (info_type_id < 98)
        Rows Removed by Filter: 872224
  ->  Hash  (cost=912990.92..912990.92 rows=177593 width=8) (actual time=11994.890..11994.890 rows=73815 loops=1)
        Buckets: 131072  Batches: 4  Memory Usage: 1747kB
        ->  Hash Join  (cost=102767.86..912990.92 rows=177593 width=8) (actual time=4705.658..11968.127 rows=73815 loops=1)
              Hash Cond: (ci.movie_id = t.id)
              ->  Seq Scan on cast_info ci  (cost=0.00..796071.18 rows=177593 width=4) (actual time=2963.676..9752.520 rows=73815 loops=1)
                    Filter: ((person_id < 61848) AND (role_id > 4))
                    Rows Removed by Filter: 36170529
              ->  Hash  (cost=61283.27..61283.27 rows=2528527 width=4) (actual time=1740.494..1740.494 rows=2528312 loops=1)
                    Buckets: 131072  Batches: 64  Memory Usage: 2415kB
                    ->  Seq Scan on title t  (cost=0.00..61283.27 rows=2528527 width=4) (actual time=0.009..908.589 rows=2528312 loops=1)
Planning time: 1.077 ms
Execution time: 24145.946 ms
