Seq Scan on movie_companies mc  (cost=0.00..57926.93 rows=51 width=0) (actual time=0.111..689.538 rows=468 loops=1)
  Filter: ((company_id = 11288) AND (company_type_id = 1))
  Rows Removed by Filter: 2608661
Planning time: 4.613 ms
Execution time: 689.755 ms
