Hash Join  (cost=106063.00..1129434.48 rows=9157802 width=0) (actual time=5481.369..28326.081 rows=12416980 loops=1)
  Hash Cond: (ci.movie_id = t.id)
  ->  Seq Scan on cast_info ci  (cost=0.00..796071.18 rows=9878257 width=4) (actual time=2893.782..13744.388 rows=12795001 loops=1)
        Filter: ((person_id < 1754967) AND (role_id < 3))
        Rows Removed by Filter: 23449343
  ->  Hash  (cost=67604.59..67604.59 rows=2344113 width=4) (actual time=2586.627..2586.627 rows=2335853 loops=1)
        Buckets: 131072  Batches: 32  Memory Usage: 3594kB
        ->  Seq Scan on title t  (cost=0.00..67604.59 rows=2344113 width=4) (actual time=0.037..1241.029 rows=2335853 loops=1)
              Filter: (production_year > 1931)
              Rows Removed by Filter: 192459
Planning time: 0.711 ms
Execution time: 29805.426 ms
