Hash Join  (cost=147783.42..272210.65 rows=199019 width=0) (actual time=2977.263..6173.653 rows=1518665 loops=1)
  Hash Cond: (mk.movie_id = t.id)
  ->  Seq Scan on movie_keyword mk  (cost=0.00..69693.30 rows=4523930 width=4) (actual time=0.022..1231.338 rows=4523930 loops=1)
  ->  Hash  (cost=145957.97..145957.97 rows=111236 width=8) (actual time=2976.394..2976.394 rows=98794 loops=1)
        Buckets: 131072  Batches: 2  Memory Usage: 2939kB
        ->  Hash Join  (cost=69374.09..145957.97 rows=111236 width=8) (actual time=1101.601..2938.662 rows=98794 loops=1)
              Hash Cond: (mc.movie_id = t.id)
              ->  Seq Scan on movie_companies mc  (cost=0.00..44881.29 rows=2609129 width=4) (actual time=0.028..832.318 rows=2609129 loops=1)
              ->  Hash  (cost=67604.59..67604.59 rows=107800 width=4) (actual time=1100.850..1100.850 rows=108429 loops=1)
                    Buckets: 131072  Batches: 2  Memory Usage: 2931kB
                    ->  Seq Scan on title t  (cost=0.00..67604.59 rows=107800 width=4) (actual time=0.034..923.028 rows=108429 loops=1)
                          Filter: (production_year = 2006)
                          Rows Removed by Filter: 2419883
Planning time: 1.148 ms
Execution time: 6350.912 ms
