Hash Join  (cost=194939.48..978332.30 rows=279450 width=0) (actual time=4924.745..21042.091 rows=611702 loops=1)
  Hash Cond: (ci.movie_id = t.id)
  ->  Seq Scan on cast_info ci  (cost=0.00..705507.15 rows=20024311 width=4) (actual time=1602.661..13034.256 rows=20122661 loops=1)
        Filter: (role_id < 3)
        Rows Removed by Filter: 16121683
  ->  Hash  (cost=194498.40..194498.40 rows=35287 width=8) (actual time=3321.466..3321.466 rows=29440 loops=1)
        Buckets: 65536  Batches: 1  Memory Usage: 1662kB
        ->  Hash Join  (cost=102767.86..194498.40 rows=35287 width=8) (actual time=1777.603..3310.638 rows=29440 loops=1)
              Hash Cond: (mk.movie_id = t.id)
              ->  Seq Scan on movie_keyword mk  (cost=0.00..81003.12 rows=35287 width=4) (actual time=0.118..1119.486 rows=29440 loops=1)
                    Filter: (keyword_id = 359)
                    Rows Removed by Filter: 4494490
              ->  Hash  (cost=61283.27..61283.27 rows=2528527 width=4) (actual time=1772.567..1772.567 rows=2528312 loops=1)
                    Buckets: 131072  Batches: 64  Memory Usage: 2425kB
                    ->  Seq Scan on title t  (cost=0.00..61283.27 rows=2528527 width=4) (actual time=0.017..926.052 rows=2528312 loops=1)
Planning time: 1.126 ms
Execution time: 21127.365 ms
