Hash Join  (cost=135839.63..163019.37 rows=26926 width=0) (actual time=2520.338..3347.984 rows=235395 loops=1)
  Hash Cond: (mi_idx.movie_id = t.id)
  ->  Seq Scan on movie_info_idx mi_idx  (cost=0.00..21735.35 rows=1380035 width=4) (actual time=0.013..283.785 rows=1380035 loops=1)
  ->  Hash  (cost=135222.95..135222.95 rows=49334 width=8) (actual time=2383.623..2383.623 rows=158944 loops=1)
        Buckets: 131072 (originally 65536)  Batches: 4 (originally 1)  Memory Usage: 3073kB
        ->  Hash Join  (cost=78556.72..135222.95 rows=49334 width=8) (actual time=1454.658..2321.003 rows=158944 loops=1)
              Hash Cond: (mc.movie_id = t.id)
              ->  Seq Scan on movie_companies mc  (cost=0.00..51404.11 rows=186873 width=4) (actual time=133.355..732.661 rows=187583 loops=1)
                    Filter: (company_id > 117537)
                    Rows Removed by Filter: 2421546
              ->  Hash  (cost=67604.59..67604.59 rows=667531 width=4) (actual time=1320.197..1320.197 rows=662825 loops=1)
                    Buckets: 131072  Batches: 16  Memory Usage: 2476kB
                    ->  Seq Scan on title t  (cost=0.00..67604.59 rows=667531 width=4) (actual time=308.333..1111.977 rows=662825 loops=1)
                          Filter: (kind_id = 1)
                          Rows Removed by Filter: 1865487
Planning time: 1.156 ms
Execution time: 3378.237 ms
