Hash Join  (cost=100908.38..452204.39 rows=845 width=0) (actual time=5552.530..6605.692 rows=39 loops=1)
  Hash Cond: (mi.movie_id = t.id)
  ->  Seq Scan on movie_info mi  (cost=0.00..346232.03 rows=1348138 width=4) (actual time=3695.165..4814.008 rows=1298989 loops=1)
        Filter: (info_type_id = 4)
        Rows Removed by Filter: 13536731
  ->  Hash  (cost=100888.56..100888.56 rows=1586 width=8) (actual time=1605.920..1605.920 rows=645 loops=1)
        Buckets: 2048  Batches: 1  Memory Usage: 42kB
        ->  Hash Join  (cost=73962.22..100888.56 rows=1586 width=8) (actual time=1061.912..1605.609 rows=645 loops=1)
              Hash Cond: (mi_idx.movie_id = t.id)
              ->  Seq Scan on movie_info_idx mi_idx  (cost=0.00..21735.35 rows=1380035 width=4) (actual time=0.010..282.455 rows=1380035 loops=1)
              ->  Hash  (cost=73925.90..73925.90 rows=2905 width=4) (actual time=1055.228..1055.228 rows=1740 loops=1)
                    Buckets: 4096  Batches: 1  Memory Usage: 94kB
                    ->  Seq Scan on title t  (cost=0.00..73925.90 rows=2905 width=4) (actual time=5.264..1054.236 rows=1740 loops=1)
                          Filter: ((kind_id < 7) AND (production_year = 1898))
                          Rows Removed by Filter: 2526572
Planning time: 1.156 ms
Execution time: 6605.810 ms
