Hash Join  (cost=218421.48..1036958.39 rows=1719351 width=0) (actual time=9555.378..23525.851 rows=10780532 loops=1)
  Hash Cond: (ci.movie_id = t.id)
  ->  Seq Scan on cast_info ci  (cost=0.00..705507.15 rows=7298253 width=4) (actual time=4798.815..12327.978 rows=7451973 loops=1)
        Filter: (role_id = 2)
        Rows Removed by Filter: 28792371
  ->  Hash  (cost=208648.48..208648.48 rows=595680 width=8) (actual time=4755.049..4755.049 rows=922126 loops=1)
        Buckets: 131072 (originally 131072)  Batches: 16 (originally 8)  Memory Usage: 3357kB
        ->  Hash Join  (cost=79388.64..208648.48 rows=595680 width=8) (actual time=1179.473..4504.537 rows=922126 loops=1)
              Hash Cond: (mk.movie_id = t.id)
              ->  Seq Scan on movie_keyword mk  (cost=0.00..69693.30 rows=4523930 width=4) (actual time=0.028..1320.708 rows=4523930 loops=1)
              ->  Hash  (cost=73925.90..73925.90 rows=332939 width=4) (actual time=1178.299..1178.299 rows=255571 loops=1)
                    Buckets: 131072  Batches: 8  Memory Usage: 2154kB
                    ->  Seq Scan on title t  (cost=0.00..73925.90 rows=332939 width=4) (actual time=287.932..1089.772 rows=255571 loops=1)
                          Filter: ((production_year > 2002) AND (kind_id = 1))
                          Rows Removed by Filter: 2272741
Planning time: 4.210 ms
Execution time: 24608.303 ms
