Hash Join  (cost=109592.63..476486.07 rows=223750 width=0) (actual time=1876.051..9486.610 rows=599801 loops=1)
  Hash Cond: (mi.movie_id = t.id)
  ->  Seq Scan on movie_info mi  (cost=0.00..309384.22 rows=14739122 width=4) (actual time=0.023..3699.600 rows=14835720 loops=1)
  ->  Hash  (cost=109112.82..109112.82 rows=38385 width=8) (actual time=1875.663..1875.663 rows=38647 loops=1)
        Buckets: 65536  Batches: 1  Memory Usage: 2022kB
        ->  Hash Join  (cost=77354.40..109112.82 rows=38385 width=8) (actual time=1156.157..1860.821 rows=38647 loops=1)
              Hash Cond: (mi_idx.movie_id = t.id)
              ->  Seq Scan on movie_info_idx mi_idx  (cost=0.00..25185.44 rows=464566 width=4) (actual time=0.015..468.942 rows=459925 loops=1)
                    Filter: (info_type_id = 101)
                    Rows Removed by Filter: 920110
              ->  Hash  (cost=73925.90..73925.90 rows=208920 width=4) (actual time=1155.333..1155.333 rows=183835 loops=1)
                    Buckets: 131072  Batches: 4  Memory Usage: 2649kB
                    ->  Seq Scan on title t  (cost=0.00..73925.90 rows=208920 width=4) (actual time=0.009..1094.558 rows=183835 loops=1)
                          Filter: ((kind_id < 7) AND (production_year > 2009))
                          Rows Removed by Filter: 2344477
Planning time: 1.197 ms
Execution time: 9570.897 ms
