Seq Scan on movie_keyword mk  (cost=0.00..81003.12 rows=1364838 width=0) (actual time=0.016..1305.558 rows=1382124 loops=1)
  Filter: (keyword_id > 12083)
  Rows Removed by Filter: 3141806
Planning time: 6.466 ms
Execution time: 1475.537 ms
