Hash Join  (cost=189176.45..306556.50 rows=724734 width=0) (actual time=3863.542..6457.371 rows=413176 loops=1)
  Hash Cond: (mk.movie_id = t.id)
  ->  Seq Scan on movie_keyword mk  (cost=0.00..81003.12 rows=2243088 width=4) (actual time=0.024..1453.590 rows=2242334 loops=1)
        Filter: (keyword_id > 4836)
        Rows Removed by Filter: 2281596
  ->  Hash  (cost=175772.48..175772.48 rows=816958 width=8) (actual time=3862.293..3862.293 rows=413740 loops=1)
        Buckets: 131072  Batches: 16  Memory Usage: 2028kB
        ->  Hash Join  (cost=93093.72..175772.48 rows=816958 width=8) (actual time=2008.612..3732.920 rows=413740 loops=1)
              Hash Cond: (mc.movie_id = t.id)
              ->  Seq Scan on movie_companies mc  (cost=0.00..51404.11 rows=1329612 width=4) (actual time=109.806..803.520 rows=1334883 loops=1)
                    Filter: (company_type_id > 1)
                    Rows Removed by Filter: 1274246
              ->  Hash  (cost=67604.59..67604.59 rows=1553611 width=4) (actual time=1897.659..1897.659 rows=1555864 loops=1)
                    Buckets: 131072  Batches: 32  Memory Usage: 2734kB
                    ->  Seq Scan on title t  (cost=0.00..67604.59 rows=1553611 width=4) (actual time=0.025..1115.776 rows=1555864 loops=1)
                          Filter: (kind_id > 4)
                          Rows Removed by Filter: 972448
Planning time: 0.784 ms
Execution time: 6510.330 ms
