Seq Scan on movie_companies mc  (cost=0.00..51404.11 rows=1206499 width=0) (actual time=26.827..869.246 rows=1217848 loops=1)
  Filter: (company_id > 12079)
  Rows Removed by Filter: 1391281
Planning time: 0.199 ms
Execution time: 1027.069 ms
