Hash Join  (cost=141158.42..253970.75 rows=406441 width=0) (actual time=3012.236..6906.224 rows=2334912 loops=1)
  Hash Cond: (mk.movie_id = t.id)
  ->  Seq Scan on movie_keyword mk  (cost=0.00..81003.12 rows=2244745 width=4) (actual time=0.015..1490.243 rows=2244535 loops=1)
        Filter: (keyword_id < 4620)
        Rows Removed by Filter: 2279395
  ->  Hash  (cost=133646.62..133646.62 rows=457824 width=8) (actual time=3011.196..3011.196 rows=559950 loops=1)
        Buckets: 131072  Batches: 8  Memory Usage: 3786kB
        ->  Hash Join  (cost=88359.31..133646.62 rows=457824 width=8) (actual time=1544.788..2842.157 rows=559950 loops=1)
              Hash Cond: (mi_idx.movie_id = t.id)
              ->  Seq Scan on movie_info_idx mi_idx  (cost=0.00..25185.44 rows=915101 width=4) (actual time=0.021..481.207 rows=919850 loops=1)
                    Filter: (info_type_id < 101)
                    Rows Removed by Filter: 460185
              ->  Hash  (cost=67604.59..67604.59 rows=1265018 width=4) (actual time=1543.298..1543.298 rows=1263700 loops=1)
                    Buckets: 131072  Batches: 32  Memory Usage: 2410kB
                    ->  Seq Scan on title t  (cost=0.00..67604.59 rows=1265018 width=4) (actual time=0.016..1135.489 rows=1263700 loops=1)
                          Filter: (production_year < 2004)
                          Rows Removed by Filter: 1264612
Planning time: 1.123 ms
Execution time: 7204.402 ms
