Hash Join  (cost=123236.43..219537.78 rows=43753 width=0) (actual time=2211.507..4030.613 rows=389633 loops=1)
  Hash Cond: (mk.movie_id = t.id)
  ->  Seq Scan on movie_keyword mk  (cost=0.00..81003.12 rows=3962851 width=4) (actual time=0.014..1207.377 rows=3966609 loops=1)
        Filter: (keyword_id < 32964)
        Rows Removed by Filter: 557321
  ->  Hash  (cost=122887.47..122887.47 rows=27917 width=8) (actual time=2209.877..2209.877 rows=26749 loops=1)
        Buckets: 32768  Batches: 1  Memory Usage: 1301kB
        ->  Hash Join  (cost=67942.77..122887.47 rows=27917 width=8) (actual time=985.155..2199.875 rows=26749 loops=1)
              Hash Cond: (mc.movie_id = t.id)
              ->  Seq Scan on movie_companies mc  (cost=0.00..44881.29 rows=2609129 width=4) (actual time=0.023..574.731 rows=2609129 loops=1)
              ->  Hash  (cost=67604.59..67604.59 rows=27055 width=4) (actual time=984.913..984.913 rows=26775 loops=1)
                    Buckets: 32768  Batches: 1  Memory Usage: 1198kB
                    ->  Seq Scan on title t  (cost=0.00..67604.59 rows=27055 width=4) (actual time=0.027..973.279 rows=26775 loops=1)
                          Filter: (production_year = 1993)
                          Rows Removed by Filter: 2501537
Planning time: 1.134 ms
Execution time: 4072.704 ms
