Nested Loop  (cost=0.43..83072.90 rows=1 width=0) (actual time=650.053..1223.867 rows=2 loops=1)
  ->  Seq Scan on movie_keyword mk  (cost=0.00..81003.12 rows=246 width=4) (actual time=0.186..1122.153 rows=3346 loops=1)
        Filter: (keyword_id = 85)
        Rows Removed by Filter: 4520584
  ->  Index Scan using title_pkey on title t  (cost=0.43..8.40 rows=1 width=4) (actual time=0.030..0.030 rows=0 loops=3346)
        Index Cond: (id = mk.movie_id)
        Filter: ((kind_id = 2) AND (production_year = 2007))
        Rows Removed by Filter: 1
Planning time: 0.807 ms
Execution time: 1224.003 ms
