Nested Loop  (cost=0.43..797957.66 rows=224 width=0) (actual time=4128.900..11731.533 rows=28 loops=1)
  ->  Seq Scan on cast_info ci  (cost=0.00..796071.18 rows=224 width=4) (actual time=4128.787..11730.810 rows=28 loops=1)
        Filter: ((role_id > 2) AND (person_id = 1545688))
        Rows Removed by Filter: 36244316
  ->  Index Only Scan using title_pkey on title t  (cost=0.43..8.41 rows=1 width=4) (actual time=0.024..0.024 rows=1 loops=28)
        Index Cond: (id = ci.movie_id)
        Heap Fetches: 28
Planning time: 0.752 ms
Execution time: 11731.620 ms
