Hash Join  (cost=102767.86..219964.42 rows=1093627 width=0) (actual time=1737.093..4297.050 rows=1098786 loops=1)
  Hash Cond: (mk.movie_id = t.id)
  ->  Seq Scan on movie_keyword mk  (cost=0.00..81003.12 rows=1093627 width=4) (actual time=0.016..1301.261 rows=1098786 loops=1)
        Filter: (keyword_id < 1128)
        Rows Removed by Filter: 3425144
  ->  Hash  (cost=61283.27..61283.27 rows=2528527 width=4) (actual time=1735.080..1735.080 rows=2528312 loops=1)
        Buckets: 131072  Batches: 64  Memory Usage: 2425kB
        ->  Seq Scan on title t  (cost=0.00..61283.27 rows=2528527 width=4) (actual time=0.025..905.388 rows=2528312 loops=1)
Planning time: 0.693 ms
Execution time: 4433.195 ms
