Seq Scan on movie_keyword mk  (cost=0.00..81003.12 rows=246 width=0) (actual time=0.254..1142.003 rows=856 loops=1)
  Filter: (keyword_id = 3778)
  Rows Removed by Filter: 4523074
Planning time: 0.374 ms
Execution time: 1142.391 ms
