Seq Scan on movie_keyword mk  (cost=0.00..81003.12 rows=1916913 width=0) (actual time=0.025..4194.725 rows=1933322 loops=1)
  Filter: (keyword_id < 3322)
  Rows Removed by Filter: 2590608
Planning time: 0.354 ms
Execution time: 4523.854 ms
