Hash Join  (cost=680834.94..1955085.07 rows=26812744 width=0) (actual time=14817.000..40180.408 rows=16879112 loops=1)
  Hash Cond: (ci.movie_id = t.id)
  ->  Seq Scan on cast_info ci  (cost=0.00..705507.15 rows=15944049 width=4) (actual time=0.013..12410.439 rows=16072682 loops=1)
        Filter: (person_id > 2026559)
        Rows Removed by Filter: 20171662
  ->  Hash  (cost=611071.85..611071.85 rows=4252167 width=8) (actual time=14815.306..14815.306 rows=2152654 loops=1)
        Buckets: 131072  Batches: 64  Memory Usage: 2295kB
        ->  Hash Join  (cost=85894.26..611071.85 rows=4252167 width=8) (actual time=1586.955..14221.015 rows=2152654 loops=1)
              Hash Cond: (mi.movie_id = t.id)
              ->  Seq Scan on movie_info mi  (cost=0.00..309384.22 rows=14739122 width=4) (actual time=0.011..5442.410 rows=14835720 loops=1)
              ->  Hash  (cost=73925.90..73925.90 rows=729468 width=4) (actual time=1301.274..1301.274 rows=638430 loops=1)
                    Buckets: 131072  Batches: 16  Memory Usage: 2431kB
                    ->  Seq Scan on title t  (cost=0.00..73925.90 rows=729468 width=4) (actual time=130.680..1086.194 rows=638430 loops=1)
                          Filter: ((production_year < 2003) AND (kind_id = 7))
                          Rows Removed by Filter: 1889882
Planning time: 1.157 ms
Execution time: 42051.008 ms
