Hash Join  (cost=290985.61..855380.19 rows=8635458 width=0) (actual time=6780.187..18850.776 rows=9467752 loops=1)
  Hash Cond: (mi.movie_id = t.id)
  ->  Seq Scan on movie_info mi  (cost=0.00..346232.03 rows=8673596 width=4) (actual time=553.282..5855.204 rows=8786582 loops=1)
        Filter: (info_type_id < 13)
        Rows Removed by Filter: 6049138
  ->  Hash  (cost=249683.99..249683.99 rows=2517409 width=8) (actual time=6225.716..6225.716 rows=1415048 loops=1)
        Buckets: 131072  Batches: 64  Memory Usage: 1903kB
        ->  Hash Join  (cost=97010.87..249683.99 rows=2517409 width=8) (actual time=1758.175..5769.194 rows=1415048 loops=1)
              Hash Cond: (mk.movie_id = t.id)
              ->  Seq Scan on movie_keyword mk  (cost=0.00..69693.30 rows=4523930 width=4) (actual time=0.031..1314.769 rows=4523930 loops=1)
              ->  Hash  (cost=73925.90..73925.90 rows=1407037 width=4) (actual time=1756.809..1756.809 rows=1529626 loops=1)
                    Buckets: 131072  Batches: 32  Memory Usage: 2721kB
                    ->  Seq Scan on title t  (cost=0.00..73925.90 rows=1407037 width=4) (actual time=0.021..1255.926 rows=1529626 loops=1)
                          Filter: ((kind_id > 1) AND (production_year > 1982))
                          Rows Removed by Filter: 998686
Planning time: 1.182 ms
Execution time: 19858.883 ms
