Hash Join  (cost=69179.59..131581.20 rows=13034 width=0) (actual time=905.364..1966.685 rows=18010 loops=1)
  Hash Cond: (mc.movie_id = t.id)
  ->  Seq Scan on movie_companies mc  (cost=0.00..57926.93 rows=343291 width=4) (actual time=0.026..863.777 rows=492267 loops=1)
        Filter: ((company_id < 1263) AND (company_type_id = 1))
        Rows Removed by Filter: 2116862
  ->  Hash  (cost=67604.59..67604.59 rows=96000 width=4) (actual time=904.562..904.562 rows=95005 loops=1)
        Buckets: 131072  Batches: 2  Memory Usage: 2716kB
        ->  Seq Scan on title t  (cost=0.00..67604.59 rows=96000 width=4) (actual time=0.019..869.801 rows=95005 loops=1)
              Filter: (production_year = 2005)
              Rows Removed by Filter: 2433307
Planning time: 0.763 ms
Execution time: 1969.707 ms
