Hash Join  (cost=102767.86..1026137.28 rows=8643463 width=0) (actual time=2885.574..20494.671 rows=8524294 loops=1)
  Hash Cond: (ci.movie_id = t.id)
  ->  Seq Scan on cast_info ci  (cost=0.00..705507.15 rows=8643463 width=4) (actual time=980.617..11362.638 rows=8524294 loops=1)
        Filter: (person_id < 837462)
        Rows Removed by Filter: 27720050
  ->  Hash  (cost=61283.27..61283.27 rows=2528527 width=4) (actual time=1864.444..1864.444 rows=2528312 loops=1)
        Buckets: 131072  Batches: 64  Memory Usage: 2415kB
        ->  Seq Scan on title t  (cost=0.00..61283.27 rows=2528527 width=4) (actual time=0.017..1039.973 rows=2528312 loops=1)
Planning time: 0.838 ms
Execution time: 21460.358 ms
