Hash Join  (cost=130552.70..1253940.24 rows=3849806 width=0) (actual time=2800.476..40382.542 rows=15191743 loops=1)
  Hash Cond: (ci.movie_id = t.id)
  ->  Seq Scan on cast_info ci  (cost=0.00..705507.15 rows=32710762 width=4) (actual time=0.009..15415.365 rows=32731708 loops=1)
        Filter: (person_id < 3422487)
        Rows Removed by Filter: 3512636
  ->  Hash  (cost=125669.85..125669.85 rows=297588 width=8) (actual time=2799.829..2799.829 rows=577307 loops=1)
        Buckets: 131072 (originally 131072)  Batches: 8 (originally 4)  Memory Usage: 3854kB
        ->  Hash Join  (cost=82871.49..125669.85 rows=297588 width=8) (actual time=1350.801..2629.385 rows=577307 loops=1)
              Hash Cond: (mi_idx.movie_id = t.id)
              ->  Seq Scan on movie_info_idx mi_idx  (cost=0.00..21735.35 rows=1380035 width=4) (actual time=0.017..419.703 rows=1380035 loops=1)
              ->  Hash  (cost=73925.90..73925.90 rows=545247 width=4) (actual time=1349.948..1349.948 rows=557319 loops=1)
                    Buckets: 131072  Batches: 8  Memory Usage: 3485kB
                    ->  Seq Scan on title t  (cost=0.00..73925.90 rows=545247 width=4) (actual time=490.086..1176.931 rows=557319 loops=1)
                          Filter: ((production_year < 2011) AND (kind_id = 1))
                          Rows Removed by Filter: 1970993
Planning time: 1.127 ms
Execution time: 42001.490 ms
