Hash Join  (cost=82108.53..124471.79 rows=272178 width=0) (actual time=1400.606..2297.896 rows=392495 loops=1)
  Hash Cond: (mi_idx.movie_id = t.id)
  ->  Seq Scan on movie_info_idx mi_idx  (cost=0.00..21735.35 rows=1380035 width=4) (actual time=0.018..393.532 rows=1380035 loops=1)
  ->  Hash  (cost=73925.90..73925.90 rows=498690 width=4) (actual time=1139.741..1139.741 rows=369177 loops=1)
        Buckets: 131072  Batches: 8  Memory Usage: 2653kB
        ->  Seq Scan on title t  (cost=0.00..73925.90 rows=498690 width=4) (actual time=202.949..1022.698 rows=369177 loops=1)
              Filter: ((kind_id < 2) AND (production_year > 1983))
              Rows Removed by Filter: 2159135
Planning time: 0.760 ms
Execution time: 2349.328 ms
