Hash Join  (cost=67976.49..120343.25 rows=2929 width=0) (actual time=1097.641..1983.916 rows=2917 loops=1)
  Hash Cond: (mc.movie_id = t.id)
  ->  Seq Scan on movie_companies mc  (cost=0.00..51404.11 rows=248895 width=4) (actual time=0.019..809.898 rows=243927 loops=1)
        Filter: (company_id < 114)
        Rows Removed by Filter: 2365202
  ->  Hash  (cost=67604.59..67604.59 rows=29752 width=4) (actual time=1097.422..1097.422 rows=30027 loops=1)
        Buckets: 32768  Batches: 1  Memory Usage: 1312kB
        ->  Seq Scan on title t  (cost=0.00..67604.59 rows=29752 width=4) (actual time=0.019..1084.284 rows=30027 loops=1)
              Filter: (production_year = 1994)
              Rows Removed by Filter: 2498285
Planning time: 0.717 ms
Execution time: 1984.659 ms
