Seq Scan on title t  (cost=0.00..73925.90 rows=215192 width=0) (actual time=0.017..1116.607 rows=95345 loops=1)
  Filter: ((kind_id > 3) AND (production_year < 1967))
  Rows Removed by Filter: 2432967
Planning time: 0.323 ms
Execution time: 1130.572 ms
