Seq Scan on movie_companies mc  (cost=0.00..51404.11 rows=539308 width=0) (actual time=16.327..769.829 rows=544070 loops=1)
  Filter: (company_id > 72071)
  Rows Removed by Filter: 2065059
Planning time: 0.301 ms
Execution time: 838.811 ms
