Hash Join  (cost=102767.86..1353474.40 rows=18483407 width=0) (actual time=4005.453..38947.742 rows=22782189 loops=1)
  Hash Cond: (ci.movie_id = t.id)
  ->  Seq Scan on cast_info ci  (cost=0.00..796071.18 rows=18483407 width=4) (actual time=1855.287..17087.853 rows=22782189 loops=1)
        Filter: ((person_id < 2851726) AND (role_id < 4))
        Rows Removed by Filter: 13462155
  ->  Hash  (cost=61283.27..61283.27 rows=2528527 width=4) (actual time=2148.859..2148.859 rows=2528312 loops=1)
        Buckets: 131072  Batches: 64  Memory Usage: 2415kB
        ->  Seq Scan on title t  (cost=0.00..61283.27 rows=2528527 width=4) (actual time=0.016..913.959 rows=2528312 loops=1)
Planning time: 0.846 ms
Execution time: 41582.782 ms
