Hash Join  (cost=28266.84..114925.06 rows=18 width=0) (actual time=483.011..2109.431 rows=1370 loops=1)
  Hash Cond: (mk.movie_id = t.id)
  ->  Seq Scan on movie_keyword mk  (cost=0.00..69693.30 rows=4523930 width=4) (actual time=0.013..879.814 rows=4523930 loops=1)
  ->  Hash  (cost=28266.72..28266.72 rows=10 width=8) (actual time=452.695..452.695 rows=9 loops=1)
        Buckets: 1024  Batches: 1  Memory Usage: 9kB
        ->  Nested Loop  (cost=0.43..28266.72 rows=10 width=8) (actual time=302.367..452.668 rows=9 loops=1)
              ->  Seq Scan on movie_info_idx mi_idx  (cost=0.00..25185.44 rows=368 width=4) (actual time=302.149..447.483 rows=260 loops=1)
                    Filter: (info_type_id > 101)
                    Rows Removed by Filter: 1379775
              ->  Index Scan using title_pkey on title t  (cost=0.43..8.36 rows=1 width=4) (actual time=0.020..0.020 rows=0 loops=260)
                    Index Cond: (id = mi_idx.movie_id)
                    Filter: (production_year = 2003)
                    Rows Removed by Filter: 1
Planning time: 1.085 ms
Execution time: 2109.778 ms
