Hash Join  (cost=173854.74..211496.04 rows=88040 width=0) (actual time=3218.992..4247.371 rows=228996 loops=1)
  Hash Cond: (mi_idx.movie_id = t.id)
  ->  Seq Scan on movie_info_idx mi_idx  (cost=0.00..25185.44 rows=919057 width=4) (actual time=0.017..539.701 rows=920110 loops=1)
        Filter: (info_type_id > 99)
        Rows Removed by Filter: 459925
  ->  Hash  (cost=169880.01..169880.01 rows=242218 width=8) (actual time=3218.111..3218.111 rows=238732 loops=1)
        Buckets: 131072  Batches: 4  Memory Usage: 3363kB
        ->  Hash Join  (cost=102767.86..169880.01 rows=242218 width=8) (actual time=1829.193..3153.742 rows=238732 loops=1)
              Hash Cond: (mc.movie_id = t.id)
              ->  Seq Scan on movie_companies mc  (cost=0.00..51404.11 rows=242218 width=4) (actual time=0.023..762.430 rows=238732 loops=1)
                    Filter: (company_id < 94)
                    Rows Removed by Filter: 2370397
              ->  Hash  (cost=61283.27..61283.27 rows=2528527 width=4) (actual time=1828.251..1828.251 rows=2528312 loops=1)
                    Buckets: 131072  Batches: 64  Memory Usage: 2415kB
                    ->  Seq Scan on title t  (cost=0.00..61283.27 rows=2528527 width=4) (actual time=0.027..968.636 rows=2528312 loops=1)
Planning time: 1.195 ms
Execution time: 4276.610 ms
