Hash Join  (cost=102767.86..1031189.73 rows=8853460 width=0) (actual time=1931.885..20771.765 rows=8865609 loops=1)
  Hash Cond: (ci.movie_id = t.id)
  ->  Seq Scan on cast_info ci  (cost=0.00..705507.15 rows=8853460 width=4) (actual time=158.826..11756.228 rows=8865609 loops=1)
        Filter: (person_id > 2806504)
        Rows Removed by Filter: 27378735
  ->  Hash  (cost=61283.27..61283.27 rows=2528527 width=4) (actual time=1771.878..1771.878 rows=2528312 loops=1)
        Buckets: 131072  Batches: 64  Memory Usage: 2415kB
        ->  Seq Scan on title t  (cost=0.00..61283.27 rows=2528527 width=4) (actual time=0.017..939.546 rows=2528312 loops=1)
Planning time: 0.760 ms
Execution time: 21773.130 ms
