Hash Join  (cost=277209.12..899048.18 rows=11584521 width=0) (actual time=5822.856..23800.563 rows=17024563 loops=1)
  Hash Cond: (mi.movie_id = t.id)
  ->  Seq Scan on movie_info mi  (cost=0.00..309384.22 rows=14739122 width=4) (actual time=0.020..5492.365 rows=14835720 loops=1)
  ->  Hash  (cost=244603.26..244603.26 rows=1987349 width=8) (actual time=5821.443..5821.443 rows=1066971 loops=1)
        Buckets: 131072  Batches: 32  Memory Usage: 2318kB
        ->  Hash Join  (cost=97151.21..244603.26 rows=1987349 width=8) (actual time=1877.081..5538.087 rows=1066971 loops=1)
              Hash Cond: (mk.movie_id = t.id)
              ->  Seq Scan on movie_keyword mk  (cost=0.00..81003.12 rows=3549717 width=4) (actual time=0.021..1702.254 rows=3543931 loops=1)
                    Filter: (keyword_id > 917)
                    Rows Removed by Filter: 979999
              ->  Hash  (cost=73925.90..73925.90 rows=1415624 width=4) (actual time=1875.305..1875.305 rows=1398720 loops=1)
                    Buckets: 131072  Batches: 32  Memory Usage: 2566kB
                    ->  Seq Scan on title t  (cost=0.00..73925.90 rows=1415624 width=4) (actual time=0.024..1410.296 rows=1398720 loops=1)
                          Filter: ((kind_id > 1) AND (production_year < 2010))
                          Rows Removed by Filter: 1129592
Planning time: 1.098 ms
Execution time: 25725.965 ms
