Hash Join  (cost=220208.64..367272.66 rows=1938553 width=0) (actual time=6348.686..8018.585 rows=1157436 loops=1)
  Hash Cond: (mk.movie_id = t.id)
  ->  Seq Scan on movie_keyword mk  (cost=0.00..81003.12 rows=3171673 width=4) (actual time=0.035..1647.497 rows=3155572 loops=1)
        Filter: (keyword_id > 1799)
        Rows Removed by Filter: 1368358
  ->  Hash  (cost=194853.42..194853.42 rows=1545457 width=8) (actual time=4612.428..4612.428 rows=704352 loops=1)
        Buckets: 131072  Batches: 32  Memory Usage: 1863kB
        ->  Hash Join  (cost=98498.33..194853.42 rows=1545457 width=8) (actual time=1739.449..4388.607 rows=704352 loops=1)
              Hash Cond: (mc.movie_id = t.id)
              ->  Seq Scan on movie_companies mc  (cost=0.00..44881.29 rows=2609129 width=4) (actual time=0.011..910.048 rows=2609129 loops=1)
              ->  Hash  (cost=73925.90..73925.90 rows=1497714 width=4) (actual time=1738.302..1738.302 rows=1478440 loops=1)
                    Buckets: 131072  Batches: 32  Memory Usage: 2651kB
                    ->  Seq Scan on title t  (cost=0.00..73925.90 rows=1497714 width=4) (actual time=0.022..1273.926 rows=1478440 loops=1)
                          Filter: ((production_year > 0) AND (kind_id = 7))
                          Rows Removed by Filter: 1049872
Planning time: 4.228 ms
Execution time: 8164.904 ms
