Seq Scan on cast_info ci  (cost=0.00..796071.18 rows=2160339 width=0) (actual time=142.088..11183.934 rows=1026597 loops=1)
  Filter: ((person_id < 1001400) AND (role_id > 7))
  Rows Removed by Filter: 35217747
Planning time: 0.393 ms
Execution time: 11311.647 ms
