Hash Join  (cost=87619.09..619334.51 rows=4864849 width=0) (actual time=1514.543..14991.045 rows=2657403 loops=1)
  Hash Cond: (mi.movie_id = t.id)
  ->  Seq Scan on movie_info mi  (cost=0.00..309384.22 rows=14739122 width=4) (actual time=0.008..5554.355 rows=14835720 loops=1)
  ->  Hash  (cost=73925.90..73925.90 rows=834575 width=4) (actual time=1513.584..1513.584 rows=736354 loops=1)
        Buckets: 131072  Batches: 16  Memory Usage: 2648kB
        ->  Seq Scan on title t  (cost=0.00..73925.90 rows=834575 width=4) (actual time=0.010..1275.012 rows=736354 loops=1)
              Filter: ((kind_id > 3) AND (production_year < 2004))
              Rows Removed by Filter: 1791958
Planning time: 0.544 ms
Execution time: 15320.166 ms
