Hash Join  (cost=73982.55..160721.67 rows=8108 width=0) (actual time=2504.362..2663.432 rows=1 loops=1)
  Hash Cond: (mk.movie_id = t.id)
  ->  Seq Scan on movie_keyword mk  (cost=0.00..69693.30 rows=4523930 width=4) (actual time=0.022..835.080 rows=4523930 loops=1)
  ->  Hash  (cost=73925.90..73925.90 rows=4532 width=4) (actual time=1034.490..1034.490 rows=137 loops=1)
        Buckets: 8192  Batches: 1  Memory Usage: 69kB
        ->  Seq Scan on title t  (cost=0.00..73925.90 rows=4532 width=4) (actual time=4.205..1034.331 rows=137 loops=1)
              Filter: ((kind_id = 7) AND (production_year = 2014))
              Rows Removed by Filter: 2528175
Planning time: 2.605 ms
Execution time: 2663.530 ms
