Hash Join  (cost=709678.15..766746.73 rows=299 width=0) (actual time=10632.694..11204.344 rows=2 loops=1)
  Hash Cond: (mc.movie_id = t.id)
  ->  Seq Scan on movie_companies mc  (cost=0.00..51404.11 rows=1509728 width=4) (actual time=0.024..930.543 rows=1517389 loops=1)
        Filter: (company_id > 7304)
        Rows Removed by Filter: 1091740
  ->  Hash  (cost=709671.90..709671.90 rows=500 width=8) (actual time=10058.607..10058.607 rows=21 loops=1)
        Buckets: 1024  Batches: 1  Memory Usage: 9kB
        ->  Nested Loop  (cost=0.43..709671.90 rows=500 width=8) (actual time=9926.449..10058.586 rows=21 loops=1)
              ->  Seq Scan on cast_info ci  (cost=0.00..705507.15 rows=500 width=4) (actual time=9926.348..10058.188 rows=21 loops=1)
                    Filter: (person_id = 3151331)
                    Rows Removed by Filter: 36244323
              ->  Index Only Scan using title_pkey on title t  (cost=0.43..8.32 rows=1 width=4) (actual time=0.017..0.017 rows=1 loops=21)
                    Index Cond: (id = ci.movie_id)
                    Heap Fetches: 21
Planning time: 1.166 ms
Execution time: 11204.435 ms
