Seq Scan on movie_companies mc  (cost=0.00..57926.93 rows=53 width=0) (actual time=1300.009..2682.319 rows=5 loops=1)
  Filter: ((company_type_id > 1) AND (company_id = 90012))
  Rows Removed by Filter: 2609124
Planning time: 0.366 ms
Execution time: 2682.409 ms
