Seq Scan on cast_info ci  (cost=0.00..796071.18 rows=332 width=0) (actual time=3208.911..13546.316 rows=2 loops=1)
  Filter: ((role_id < 4) AND (person_id = 1169913))
  Rows Removed by Filter: 36244342
Planning time: 0.404 ms
Execution time: 13546.447 ms
