Seq Scan on movie_keyword mk  (cost=0.00..81003.12 rows=246 width=0) (actual time=1.496..1109.270 rows=593 loops=1)
  Filter: (keyword_id = 5711)
  Rows Removed by Filter: 4523337
Planning time: 0.362 ms
Execution time: 1109.538 ms
