Hash Join  (cost=941126.37..1548137.97 rows=1561526 width=0) (actual time=19855.531..32952.839 rows=3522326 loops=1)
  Hash Cond: (mi.movie_id = t.id)
  ->  Seq Scan on movie_info mi  (cost=0.00..309384.22 rows=14739122 width=4) (actual time=0.012..5522.397 rows=14835720 loops=1)
  ->  Hash  (cost=936730.83..936730.83 rows=267883 width=8) (actual time=19843.475..19843.475 rows=279823 loops=1)
        Buckets: 131072  Batches: 4  Memory Usage: 3796kB
        ->  Hash Join  (cost=68058.67..936730.83 rows=267883 width=8) (actual time=1518.797..19714.254 rows=279823 loops=1)
              Hash Cond: (ci.movie_id = t.id)
              ->  Seq Scan on cast_info ci  (cost=0.00..796071.18 rows=18645906 width=4) (actual time=831.485..14583.893 rows=17752777 loops=1)
                    Filter: ((person_id > 780136) AND (role_id < 4))
                    Rows Removed by Filter: 18491567
              ->  Hash  (cost=67604.59..67604.59 rows=36327 width=4) (actual time=686.936..686.936 rows=36509 loops=1)
                    Buckets: 65536  Batches: 1  Memory Usage: 1796kB
                    ->  Seq Scan on title t  (cost=0.00..67604.59 rows=36327 width=4) (actual time=0.022..674.414 rows=36509 loops=1)
                          Filter: (production_year = 1996)
                          Rows Removed by Filter: 2491803
Planning time: 1.228 ms
Execution time: 33391.189 ms
