Hash Join  (cost=178443.19..302687.06 rows=731011 width=0) (actual time=4583.621..11361.132 rows=13981722 loops=1)
  Hash Cond: (mk.movie_id = t.id)
  ->  Seq Scan on movie_keyword mk  (cost=0.00..81003.12 rows=2891370 width=4) (actual time=0.014..1551.858 rows=2883031 loops=1)
        Filter: (keyword_id > 2488)
        Rows Removed by Filter: 1640899
  ->  Hash  (cost=167954.25..167954.25 rows=639275 width=8) (actual time=4582.779..4582.779 rows=956167 loops=1)
        Buckets: 131072  Batches: 16  Memory Usage: 3409kB
        ->  Hash Join  (cost=84090.98..167954.25 rows=639275 width=8) (actual time=1877.012..4284.683 rows=956167 loops=1)
              Hash Cond: (mc.movie_id = t.id)
              ->  Seq Scan on movie_companies mc  (cost=0.00..44881.29 rows=2609129 width=4) (actual time=0.016..794.553 rows=2609129 loops=1)
              ->  Hash  (cost=73925.90..73925.90 rows=619526 width=4) (actual time=1875.793..1875.793 rows=487901 loops=1)
                    Buckets: 131072  Batches: 16  Memory Usage: 2091kB
                    ->  Seq Scan on title t  (cost=0.00..73925.90 rows=619526 width=4) (actual time=0.015..1066.221 rows=487901 loops=1)
                          Filter: ((kind_id < 4) AND (production_year > 1987))
                          Rows Removed by Filter: 2040411
Planning time: 1.139 ms
Execution time: 13005.362 ms
