Seq Scan on movie_companies mc  (cost=0.00..57926.93 rows=214929 width=0) (actual time=0.032..2966.554 rows=334142 loops=1)
  Filter: ((company_id < 329) AND (company_type_id = 1))
  Rows Removed by Filter: 2274987
Planning time: 0.366 ms
Execution time: 3033.628 ms
