Hash Join  (cost=52284.96..416944.39 rows=350 width=0) (actual time=1053.681..6994.393 rows=1594 loops=1)
  Hash Cond: (mi.movie_id = t.id)
  ->  Seq Scan on movie_info mi  (cost=0.00..309384.22 rows=14739122 width=4) (actual time=0.022..3445.264 rows=14835720 loops=1)
  ->  Hash  (cost=52284.21..52284.21 rows=60 width=8) (actual time=771.128..771.128 rows=708 loops=1)
        Buckets: 1024  Batches: 1  Memory Usage: 36kB
        ->  Nested Loop  (cost=0.43..52284.21 rows=60 width=8) (actual time=1.680..770.760 rows=708 loops=1)
              ->  Seq Scan on movie_companies mc  (cost=0.00..51404.11 rows=104 width=4) (actual time=1.400..707.954 rows=2050 loops=1)
                    Filter: (company_id = 171)
                    Rows Removed by Filter: 2607079
              ->  Index Scan using title_pkey on title t  (cost=0.43..8.45 rows=1 width=4) (actual time=0.030..0.030 rows=0 loops=2050)
                    Index Cond: (id = mc.movie_id)
                    Filter: ((production_year < 2013) AND (kind_id = 7))
                    Rows Removed by Filter: 1
Planning time: 6.584 ms
Execution time: 6994.852 ms
