Hash Join  (cost=102767.86..1200753.05 rows=15900187 width=0) (actual time=1830.592..28138.270 rows=16025492 loops=1)
  Hash Cond: (ci.movie_id = t.id)
  ->  Seq Scan on cast_info ci  (cost=0.00..705507.15 rows=15900187 width=4) (actual time=0.021..12826.007 rows=16025492 loops=1)
        Filter: (person_id > 2031747)
        Rows Removed by Filter: 20218852
  ->  Hash  (cost=61283.27..61283.27 rows=2528527 width=4) (actual time=1829.961..1829.961 rows=2528312 loops=1)
        Buckets: 131072  Batches: 64  Memory Usage: 2415kB
        ->  Seq Scan on title t  (cost=0.00..61283.27 rows=2528527 width=4) (actual time=0.011..988.386 rows=2528312 loops=1)
Planning time: 0.594 ms
Execution time: 29948.025 ms
