Seq Scan on movie_companies mc  (cost=0.00..57926.93 rows=53 width=0) (actual time=123.376..738.702 rows=24 loops=1)
  Filter: ((company_type_id > 1) AND (company_id = 76757))
  Rows Removed by Filter: 2609105
Planning time: 0.385 ms
Execution time: 738.804 ms
