Hash Join  (cost=464096.71..1207672.44 rows=473422 width=0) (actual time=10547.468..20343.104 rows=1015690 loops=1)
  Hash Cond: (ci.movie_id = t.id)
  ->  Seq Scan on cast_info ci  (cost=0.00..705507.15 rows=2735034 width=4) (actual time=3614.244..11317.075 rows=2728943 loops=1)
        Filter: (role_id = 4)
        Rows Removed by Filter: 33515401
  ->  Hash  (cost=456915.76..456915.76 rows=437676 width=8) (actual time=6932.011..6932.011 rows=945379 loops=1)
        Buckets: 131072 (originally 131072)  Batches: 16 (originally 8)  Memory Usage: 3336kB
        ->  Hash Join  (cost=88195.18..456915.76 rows=437676 width=8) (actual time=3379.740..6637.596 rows=945379 loops=1)
              Hash Cond: (mi.movie_id = t.id)
              ->  Seq Scan on movie_info mi  (cost=0.00..346232.03 rows=1272478 width=4) (actual time=1945.126..4021.664 rows=1325361 loops=1)
                    Filter: (info_type_id = 8)
                    Rows Removed by Filter: 13510359
              ->  Hash  (cost=73925.90..73925.90 rows=869702 width=4) (actual time=1433.673..1433.673 rows=896788 loops=1)
                    Buckets: 131072  Batches: 16  Memory Usage: 3007kB
                    ->  Seq Scan on title t  (cost=0.00..73925.90 rows=869702 width=4) (actual time=0.041..1145.655 rows=896788 loops=1)
                          Filter: ((kind_id < 7) AND (production_year < 2012))
                          Rows Removed by Filter: 1631524
Planning time: 1.080 ms
Execution time: 20470.062 ms
