Hash Join  (cost=73702.75..160501.32 rows=382832 width=0) (actual time=1049.420..4372.886 rows=656746 loops=1)
  Hash Cond: (mc.movie_id = t.id)
  ->  Seq Scan on movie_companies mc  (cost=0.00..51404.11 rows=2604303 width=4) (actual time=0.024..1120.929 rows=2604755 loops=1)
        Filter: (company_id < 230766)
        Rows Removed by Filter: 4374
  ->  Hash  (cost=67604.59..67604.59 rows=371693 width=4) (actual time=1048.471..1048.471 rows=366430 loops=1)
        Buckets: 131072  Batches: 8  Memory Usage: 2627kB
        ->  Seq Scan on title t  (cost=0.00..67604.59 rows=371693 width=4) (actual time=0.019..930.114 rows=366430 loops=1)
              Filter: (production_year < 1970)
              Rows Removed by Filter: 2161882
Planning time: 0.728 ms
Execution time: 4454.563 ms
