Seq Scan on cast_info ci  (cost=0.00..796071.18 rows=324 width=0) (actual time=6686.425..12894.736 rows=166 loops=1)
  Filter: ((role_id > 1) AND (person_id = 472957))
  Rows Removed by Filter: 36244178
Planning time: 0.351 ms
Execution time: 12894.934 ms
