Hash Join  (cost=137396.05..1231963.85 rows=5915166 width=0) (actual time=3392.074..36759.529 rows=13848134 loops=1)
  Hash Cond: (ci.movie_id = t.id)
  ->  Seq Scan on cast_info ci  (cost=0.00..614943.12 rows=36225612 width=4) (actual time=0.015..12033.727 rows=36244344 loops=1)
  ->  Hash  (cost=130622.11..130622.11 rows=412875 width=8) (actual time=3391.180..3391.180 rows=502260 loops=1)
        Buckets: 131072  Batches: 8  Memory Usage: 3489kB
        ->  Hash Join  (cost=86241.46..130622.11 rows=412875 width=8) (actual time=1572.024..3263.445 rows=502260 loops=1)
              Hash Cond: (mi_idx.movie_id = t.id)
              ->  Seq Scan on movie_info_idx mi_idx  (cost=0.00..25185.44 rows=919057 width=4) (actual time=0.021..500.666 rows=920110 loops=1)
                    Filter: (info_type_id > 99)
                    Rows Removed by Filter: 459925
              ->  Hash  (cost=67604.59..67604.59 rows=1135910 width=4) (actual time=1571.147..1571.147 rows=1133355 loops=1)
                    Buckets: 131072  Batches: 16  Memory Usage: 3516kB
                    ->  Seq Scan on title t  (cost=0.00..67604.59 rows=1135910 width=4) (actual time=0.023..1215.951 rows=1133355 loops=1)
                          Filter: (production_year < 2002)
                          Rows Removed by Filter: 1394957
Planning time: 1.271 ms
Execution time: 38316.758 ms
