Hash Join  (cost=216112.65..302829.16 rows=846299 width=0) (actual time=4477.813..8177.397 rows=5292786 loops=1)
  Hash Cond: (mc.movie_id = t.id)
  ->  Seq Scan on movie_companies mc  (cost=0.00..44881.29 rows=2609129 width=4) (actual time=0.029..858.511 rows=2609129 loops=1)
  ->  Hash  (cost=202656.73..202656.73 rows=820154 width=8) (actual time=4470.024..4470.024 rows=663807 loops=1)
        Buckets: 131072  Batches: 16  Memory Usage: 2658kB
        ->  Hash Join  (cost=91123.00..202656.73 rows=820154 width=8) (actual time=1724.375..4280.784 rows=663807 loops=1)
              Hash Cond: (mk.movie_id = t.id)
              ->  Seq Scan on movie_keyword mk  (cost=0.00..81003.12 rows=1446684 width=4) (actual time=0.030..1469.736 rows=1462437 loops=1)
                    Filter: (keyword_id < 2080)
                    Rows Removed by Filter: 3061493
              ->  Hash  (cost=67604.59..67604.59 rows=1433473 width=4) (actual time=1721.773..1721.773 rows=1434466 loops=1)
                    Buckets: 131072  Batches: 32  Memory Usage: 2608kB
                    ->  Seq Scan on title t  (cost=0.00..67604.59 rows=1433473 width=4) (actual time=0.023..1227.898 rows=1434466 loops=1)
                          Filter: (production_year > 1999)
                          Rows Removed by Filter: 1093846
Planning time: 1.053 ms
Execution time: 8823.859 ms
