Hash Join  (cost=1404966.45..2850132.90 rows=71479659 width=0) (actual time=35839.210..105539.306 rows=200430812 loops=1)
  Hash Cond: (mi.movie_id = t.id)
  ->  Seq Scan on movie_info mi  (cost=0.00..309384.22 rows=14739122 width=4) (actual time=0.009..5576.382 rows=14835720 loops=1)
  ->  Hash  (cost=1203784.40..1203784.40 rows=12262484 width=8) (actual time=35835.938..35835.938 rows=16553262 loops=1)
        Buckets: 131072  Batches: 256  Memory Usage: 3622kB
        ->  Hash Join  (cost=102767.86..1203784.40 rows=12262484 width=8) (actual time=3707.057..31048.590 rows=16553262 loops=1)
              Hash Cond: (ci.movie_id = t.id)
              ->  Seq Scan on cast_info ci  (cost=0.00..796071.18 rows=12262484 width=4) (actual time=1987.322..15266.027 rows=16553262 loops=1)
                    Filter: ((person_id < 2242647) AND (role_id < 3))
                    Rows Removed by Filter: 19691082
              ->  Hash  (cost=61283.27..61283.27 rows=2528527 width=4) (actual time=1718.478..1718.478 rows=2528312 loops=1)
                    Buckets: 131072  Batches: 64  Memory Usage: 2415kB
                    ->  Seq Scan on title t  (cost=0.00..61283.27 rows=2528527 width=4) (actual time=0.023..894.404 rows=2528312 loops=1)
Planning time: 1.099 ms
Execution time: 128663.446 ms
