Seq Scan on movie_keyword mk  (cost=0.00..81003.12 rows=1449500 width=0) (actual time=0.026..1039.683 rows=1467214 loops=1)
  Filter: (keyword_id < 2086)
  Rows Removed by Filter: 3056716
Planning time: 2.798 ms
Execution time: 1196.634 ms
