Hash Join  (cost=76379.89..109961.03 rows=97504 width=0) (actual time=1456.006..2239.642 rows=64063 loops=1)
  Hash Cond: (mi_idx.movie_id = t.id)
  ->  Seq Scan on movie_info_idx mi_idx  (cost=0.00..25185.44 rows=460978 width=4) (actual time=0.015..446.421 rows=459925 loops=1)
        Filter: (info_type_id < 100)
        Rows Removed by Filter: 920110
  ->  Hash  (cost=67604.59..67604.59 rows=534824 width=4) (actual time=1454.913..1454.913 rows=533369 loops=1)
        Buckets: 131072  Batches: 8  Memory Usage: 3369kB
        ->  Seq Scan on title t  (cost=0.00..67604.59 rows=534824 width=4) (actual time=0.024..999.089 rows=533369 loops=1)
              Filter: (production_year > 2009)
              Rows Removed by Filter: 1994943
Planning time: 0.635 ms
Execution time: 2248.124 ms
