Hash Join  (cost=79405.47..150365.36 rows=120232 width=0) (actual time=1659.643..2735.683 rows=376692 loops=1)
  Hash Cond: (mc.movie_id = t.id)
  ->  Seq Scan on movie_companies mc  (cost=0.00..57926.93 rows=910304 width=4) (actual time=296.605..979.724 rows=1098026 loops=1)
        Filter: ((company_id > 1886) AND (company_type_id > 1))
        Rows Removed by Filter: 1511103
  ->  Hash  (cost=73925.90..73925.90 rows=333965 width=4) (actual time=1052.654..1052.654 rows=411522 loops=1)
        Buckets: 131072  Batches: 8  Memory Usage: 2841kB
        ->  Seq Scan on title t  (cost=0.00..73925.90 rows=333965 width=4) (actual time=0.031..924.723 rows=411522 loops=1)
              Filter: ((kind_id < 2) AND (production_year < 2004))
              Rows Removed by Filter: 2116790
Planning time: 0.750 ms
Execution time: 2782.037 ms
