Seq Scan on movie_companies mc  (cost=0.00..57926.93 rows=53 width=0) (actual time=1588.989..2822.446 rows=5 loops=1)
  Filter: ((company_type_id > 1) AND (company_id = 66845))
  Rows Removed by Filter: 2609124
Planning time: 0.425 ms
Execution time: 2822.542 ms
