Hash Join  (cost=107945.60..475992.34 rows=339080 width=0) (actual time=1927.551..9425.530 rows=511922 loops=1)
  Hash Cond: (mi.movie_id = t.id)
  ->  Seq Scan on movie_info mi  (cost=0.00..309384.22 rows=14739122 width=4) (actual time=0.020..3596.905 rows=14835720 loops=1)
  ->  Hash  (cost=107218.48..107218.48 rows=58170 width=8) (actual time=1926.674..1926.674 rows=41366 loops=1)
        Buckets: 65536  Batches: 1  Memory Usage: 2128kB
        ->  Hash Join  (cost=70241.71..107218.48 rows=58170 width=8) (actual time=1055.207..1911.489 rows=41366 loops=1)
              Hash Cond: (mi_idx.movie_id = t.id)
              ->  Seq Scan on movie_info_idx mi_idx  (cost=0.00..25185.44 rows=915101 width=4) (actual time=0.016..455.836 rows=919850 loops=1)
                    Filter: (info_type_id < 101)
                    Rows Removed by Filter: 460185
              ->  Hash  (cost=67604.59..67604.59 rows=160730 width=4) (actual time=1054.246..1054.246 rows=160017 loops=1)
                    Buckets: 131072  Batches: 4  Memory Usage: 2436kB
                    ->  Seq Scan on title t  (cost=0.00..67604.59 rows=160730 width=4) (actual time=0.011..998.253 rows=160017 loops=1)
                          Filter: (production_year = 2011)
                          Rows Removed by Filter: 2368295
Planning time: 1.153 ms
Execution time: 9498.457 ms
