Hash Join  (cost=959820.85..1529275.66 rows=6675098 width=0) (actual time=14495.769..33283.695 rows=24949321 loops=1)
  Hash Cond: (mi.movie_id = t.id)
  ->  Seq Scan on movie_info mi  (cost=0.00..309384.22 rows=14739122 width=4) (actual time=0.008..5577.037 rows=14835720 loops=1)
  ->  Hash  (cost=941032.76..941032.76 rows=1145127 width=8) (actual time=14491.856..14491.856 rows=837991 loops=1)
        Buckets: 131072  Batches: 16  Memory Usage: 3129kB
        ->  Hash Join  (cost=86355.48..941032.76 rows=1145127 width=8) (actual time=2367.430..14224.573 rows=837991 loops=1)
              Hash Cond: (ci.movie_id = t.id)
              ->  Seq Scan on cast_info ci  (cost=0.00..796071.18 rows=3822088 width=4) (actual time=1098.088..11438.133 rows=2276964 loops=1)
                    Filter: ((person_id < 1105884) AND (role_id > 3))
                    Rows Removed by Filter: 33967380
              ->  Hash  (cost=73925.90..73925.90 rows=757566 width=4) (actual time=1268.418..1268.418 rows=773297 loops=1)
                    Buckets: 131072  Batches: 16  Memory Usage: 2723kB
                    ->  Seq Scan on title t  (cost=0.00..73925.90 rows=757566 width=4) (actual time=0.028..1022.440 rows=773297 loops=1)
                          Filter: ((kind_id < 4) AND (production_year < 2012))
                          Rows Removed by Filter: 1755015
Planning time: 1.148 ms
Execution time: 35912.976 ms
