Seq Scan on movie_companies mc  (cost=0.00..57926.93 rows=51 width=0) (actual time=290.721..806.705 rows=334 loops=1)
  Filter: ((company_type_id < 2) AND (company_id = 1204))
  Rows Removed by Filter: 2608795
Planning time: 0.371 ms
Execution time: 806.910 ms
