Hash Join  (cost=166189.18..1100360.56 rows=1547711 width=0) (actual time=7953.527..19076.051 rows=3034749 loops=1)
  Hash Cond: (ci.movie_id = t.id)
  ->  Seq Scan on cast_info ci  (cost=0.00..796071.18 rows=10478959 width=4) (actual time=3881.731..12156.714 rows=4482095 loops=1)
        Filter: ((person_id < 1587511) AND (role_id > 1))
        Rows Removed by Filter: 31762249
  ->  Hash  (cost=160061.98..160061.98 rows=373456 width=8) (actual time=3766.185..3766.185 rows=955522 loops=1)
        Buckets: 131072 (originally 131072)  Batches: 16 (originally 8)  Memory Usage: 3372kB
        ->  Hash Join  (cost=79863.89..160061.98 rows=373456 width=8) (actual time=1125.611..3481.379 rows=955522 loops=1)
              Hash Cond: (mc.movie_id = t.id)
              ->  Seq Scan on movie_companies mc  (cost=0.00..44881.29 rows=2609129 width=4) (actual time=0.025..821.642 rows=2609129 loops=1)
              ->  Hash  (cost=73925.90..73925.90 rows=361919 width=4) (actual time=1124.723..1124.723 rows=470371 loops=1)
                    Buckets: 131072  Batches: 8  Memory Usage: 3103kB
                    ->  Seq Scan on title t  (cost=0.00..73925.90 rows=361919 width=4) (actual time=0.025..981.162 rows=470371 loops=1)
                          Filter: ((kind_id < 7) AND (production_year < 1998))
                          Rows Removed by Filter: 2057941
Planning time: 8.629 ms
Execution time: 19433.478 ms
