Seq Scan on movie_companies mc  (cost=0.00..57926.93 rows=234540 width=0) (actual time=389.402..859.311 rows=464354 loops=1)
  Filter: ((company_id > 76369) AND (company_type_id > 1))
  Rows Removed by Filter: 2144775
Planning time: 0.331 ms
Execution time: 918.966 ms
