Hash Join  (cost=910396.69..997875.97 rows=82124 width=0) (actual time=12131.929..13334.098 rows=126 loops=1)
  Hash Cond: (mk.movie_id = t.id)
  ->  Seq Scan on movie_keyword mk  (cost=0.00..69693.30 rows=4523930 width=4) (actual time=0.026..883.612 rows=4523930 loops=1)
  ->  Hash  (cost=909822.93..909822.93 rows=45901 width=8) (actual time=11652.055..11652.055 rows=16 loops=1)
        Buckets: 65536  Batches: 1  Memory Usage: 513kB
        ->  Hash Join  (cost=102767.86..909822.93 rows=45901 width=8) (actual time=11551.715..11651.909 rows=16 loops=1)
              Hash Cond: (ci.movie_id = t.id)
              ->  Seq Scan on cast_info ci  (cost=0.00..796071.18 rows=45901 width=4) (actual time=1469.057..9823.008 rows=16 loops=1)
                    Filter: ((person_id < 22375) AND (role_id = 2))
                    Rows Removed by Filter: 36244328
              ->  Hash  (cost=61283.27..61283.27 rows=2528527 width=4) (actual time=1717.110..1717.110 rows=2528312 loops=1)
                    Buckets: 131072  Batches: 64  Memory Usage: 2415kB
                    ->  Seq Scan on title t  (cost=0.00..61283.27 rows=2528527 width=4) (actual time=0.025..891.141 rows=2528312 loops=1)
Planning time: 1.085 ms
Execution time: 13334.315 ms
