Hash Join  (cost=86138.21..193908.37 rows=484154 width=0) (actual time=4877.799..11694.481 rows=198358 loops=1)
  Hash Cond: (mk.movie_id = t.id)
  ->  Seq Scan on movie_keyword mk  (cost=0.00..81003.12 rows=1644666 width=4) (actual time=0.014..4985.062 rows=1655474 loops=1)
        Filter: (keyword_id < 2529)
        Rows Removed by Filter: 2868456
  ->  Hash  (cost=73925.90..73925.90 rows=744344 width=4) (actual time=4876.435..4876.435 rows=796638 loops=1)
        Buckets: 131072  Batches: 16  Memory Usage: 2785kB
        ->  Seq Scan on title t  (cost=0.00..73925.90 rows=744344 width=4) (actual time=0.020..4356.231 rows=796638 loops=1)
              Filter: ((kind_id > 1) AND (production_year > 2005))
              Rows Removed by Filter: 1731674
Planning time: 0.709 ms
Execution time: 11723.925 ms
