Hash Join  (cost=162263.85..548664.65 rows=332098 width=0) (actual time=2855.320..8337.550 rows=106953 loops=1)
  Hash Cond: (mi.movie_id = t.id)
  ->  Seq Scan on movie_info mi  (cost=0.00..309384.22 rows=14739122 width=4) (actual time=0.014..2843.133 rows=14835720 loops=1)
  ->  Hash  (cost=161551.70..161551.70 rows=56972 width=8) (actual time=2854.881..2854.881 rows=12672 loops=1)
        Buckets: 65536  Batches: 1  Memory Usage: 1007kB
        ->  Hash Join  (cost=74323.94..161551.70 rows=56972 width=8) (actual time=1402.433..2850.018 rows=12672 loops=1)
              Hash Cond: (mk.movie_id = t.id)
              ->  Seq Scan on movie_keyword mk  (cost=0.00..69693.30 rows=4523930 width=4) (actual time=0.011..845.072 rows=4523930 loops=1)
              ->  Hash  (cost=73925.90..73925.90 rows=31843 width=4) (actual time=1171.358..1171.358 rows=35656 loops=1)
                    Buckets: 65536 (originally 32768)  Batches: 1 (originally 1)  Memory Usage: 1766kB
                    ->  Seq Scan on title t  (cost=0.00..73925.90 rows=31843 width=4) (actual time=130.925..1155.744 rows=35656 loops=1)
                          Filter: ((kind_id = 7) AND (production_year = 2000))
                          Rows Removed by Filter: 2492656
Planning time: 1.155 ms
Execution time: 8349.440 ms
