Hash Join  (cost=83073.30..109983.95 rows=17 width=0) (actual time=1552.944..1841.770 rows=6 loops=1)
  Hash Cond: (mi_idx.movie_id = t.id)
  ->  Seq Scan on movie_info_idx mi_idx  (cost=0.00..21735.35 rows=1380035 width=4) (actual time=0.018..320.039 rows=1380035 loops=1)
  ->  Hash  (cost=83072.90..83072.90 rows=32 width=8) (actual time=1266.211..1266.211 rows=3 loops=1)
        Buckets: 1024  Batches: 1  Memory Usage: 9kB
        ->  Nested Loop  (cost=0.43..83072.90 rows=32 width=8) (actual time=966.439..1266.198 rows=3 loops=1)
              ->  Seq Scan on movie_keyword mk  (cost=0.00..81003.12 rows=246 width=4) (actual time=6.566..1253.387 rows=189 loops=1)
                    Filter: (keyword_id = 12625)
                    Rows Removed by Filter: 4523741
              ->  Index Scan using title_pkey on title t  (cost=0.43..8.40 rows=1 width=4) (actual time=0.065..0.065 rows=0 loops=189)
                    Index Cond: (id = mk.movie_id)
                    Filter: ((kind_id > 4) AND (production_year > 2009))
                    Rows Removed by Filter: 1
Planning time: 1.155 ms
Execution time: 1841.938 ms
