Hash Join  (cost=96729.52..705372.84 rows=10347849 width=0) (actual time=1766.263..20005.809 rows=9235386 loops=1)
  Hash Cond: (mi.movie_id = t.id)
  ->  Seq Scan on movie_info mi  (cost=0.00..309384.22 rows=14739122 width=4) (actual time=0.013..5232.375 rows=14835720 loops=1)
  ->  Hash  (cost=67604.59..67604.59 rows=1775195 width=4) (actual time=1764.638..1764.638 rows=1772072 loops=1)
        Buckets: 131072  Batches: 32  Memory Usage: 2984kB
        ->  Seq Scan on title t  (cost=0.00..67604.59 rows=1775195 width=4) (actual time=0.017..1172.407 rows=1772072 loops=1)
              Filter: (production_year > 1989)
              Rows Removed by Filter: 756240
Planning time: 0.495 ms
Execution time: 21148.427 ms
