Hash Join  (cost=87783.05..443026.15 rows=128001 width=0) (actual time=4499.056..6582.611 rows=241633 loops=1)
  Hash Cond: (mi.movie_id = t.id)
  ->  Seq Scan on movie_info mi  (cost=0.00..346232.03 rows=383217 width=4) (actual time=3079.172..4873.116 rows=368218 loops=1)
        Filter: (info_type_id = 17)
        Rows Removed by Filter: 14467502
  ->  Hash  (cost=73925.90..73925.90 rows=844572 width=4) (actual time=1364.311..1364.311 rows=760399 loops=1)
        Buckets: 131072  Batches: 16  Memory Usage: 2707kB
        ->  Seq Scan on title t  (cost=0.00..73925.90 rows=844572 width=4) (actual time=0.045..1119.825 rows=760399 loops=1)
              Filter: ((kind_id < 7) AND (production_year > 1964))
              Rows Removed by Filter: 1767913
Planning time: 0.819 ms
Execution time: 6611.324 ms
