Hash Join  (cost=295135.43..1518766.62 rows=17278048 width=0) (actual time=6810.036..52268.438 rows=63890078 loops=1)
  Hash Cond: (ci.movie_id = t.id)
  ->  Seq Scan on cast_info ci  (cost=0.00..796071.18 rows=17421046 width=4) (actual time=0.022..16732.386 rows=20122661 loops=1)
        Filter: ((person_id < 3204326) AND (role_id < 3))
        Rows Removed by Filter: 16121683
  ->  Hash  (cost=253992.28..253992.28 rows=2507772 width=8) (actual time=6807.916..6807.916 rows=2502815 loops=1)
        Buckets: 131072  Batches: 64  Memory Usage: 2572kB
        ->  Hash Join  (cost=102767.86..253992.28 rows=2507772 width=8) (actual time=1664.295..6102.606 rows=2502815 loops=1)
              Hash Cond: (mk.movie_id = t.id)
              ->  Seq Scan on movie_keyword mk  (cost=0.00..81003.12 rows=2507772 width=4) (actual time=0.024..1491.174 rows=2502815 loops=1)
                    Filter: (keyword_id > 3617)
                    Rows Removed by Filter: 2021115
              ->  Hash  (cost=61283.27..61283.27 rows=2528527 width=4) (actual time=1663.089..1663.089 rows=2528312 loops=1)
                    Buckets: 131072  Batches: 64  Memory Usage: 2425kB
                    ->  Seq Scan on title t  (cost=0.00..61283.27 rows=2528527 width=4) (actual time=0.024..847.054 rows=2528312 loops=1)
Planning time: 1.116 ms
Execution time: 59866.009 ms
