Hash Join  (cost=83661.18..932519.17 rows=851470 width=0) (actual time=1283.154..12498.102 rows=300372 loops=1)
  Hash Cond: (ci.movie_id = t.id)
  ->  Seq Scan on cast_info ci  (cost=0.00..796071.18 rows=3628295 width=4) (actual time=0.028..10349.287 rows=1530095 loops=1)
        Filter: ((person_id < 532482) AND (role_id > 1))
        Rows Removed by Filter: 34714249
  ->  Hash  (cost=73925.90..73925.90 rows=593382 width=4) (actual time=1282.274..1282.274 rows=486368 loops=1)
        Buckets: 131072  Batches: 8  Memory Usage: 3147kB
        ->  Seq Scan on title t  (cost=0.00..73925.90 rows=593382 width=4) (actual time=95.211..1059.204 rows=486368 loops=1)
              Filter: ((production_year < 1999) AND (kind_id = 7))
              Rows Removed by Filter: 2041944
Planning time: 3.912 ms
Execution time: 12533.897 ms
