Seq Scan on movie_companies mc  (cost=0.00..51404.11 rows=104 width=0) (actual time=615.857..857.504 rows=1 loops=1)
  Filter: (company_id = 153670)
  Rows Removed by Filter: 2609128
Planning time: 0.326 ms
Execution time: 857.574 ms
