Hash Join  (cost=83072.91..447728.90 rows=2 width=0) (actual time=1130.874..7298.125 rows=95 loops=1)
  Hash Cond: (mi.movie_id = t.id)
  ->  Seq Scan on movie_info mi  (cost=0.00..309384.22 rows=14739122 width=4) (actual time=0.014..3502.603 rows=14835720 loops=1)
  ->  Hash  (cost=83072.90..83072.90 rows=1 width=8) (actual time=1085.659..1085.659 rows=9 loops=1)
        Buckets: 1024  Batches: 1  Memory Usage: 9kB
        ->  Nested Loop  (cost=0.43..83072.90 rows=1 width=8) (actual time=71.238..1085.633 rows=9 loops=1)
              ->  Seq Scan on movie_keyword mk  (cost=0.00..81003.12 rows=246 width=4) (actual time=0.626..1065.584 rows=793 loops=1)
                    Filter: (keyword_id = 6104)
                    Rows Removed by Filter: 4523137
              ->  Index Scan using title_pkey on title t  (cost=0.43..8.40 rows=1 width=4) (actual time=0.024..0.024 rows=0 loops=793)
                    Index Cond: (id = mk.movie_id)
                    Filter: ((kind_id < 7) AND (production_year = 1984))
                    Rows Removed by Filter: 1
Planning time: 0.758 ms
Execution time: 7298.290 ms
