Seq Scan on movie_info mi  (cost=0.00..346232.03 rows=17937 width=75) (actual time=6032.980..6822.918 rows=147487 loops=1)
  Filter: (info_type_id = 107)
  Rows Removed by Filter: 14688233
Planning time: 0.475 ms
Execution time: 6844.366 ms
