Seq Scan on movie_keyword mk  (cost=0.00..81003.12 rows=1037743 width=0) (actual time=0.049..1257.262 rows=1047418 loops=1)
  Filter: (keyword_id > 16951)
  Rows Removed by Filter: 3476512
Planning time: 0.293 ms
Execution time: 1391.819 ms
