Hash Join  (cost=101456.22..808295.46 rows=1891 width=0) (actual time=23631.715..38192.925 rows=4197 loops=1)
  Hash Cond: (ci.movie_id = t.id)
  ->  Seq Scan on cast_info ci  (cost=0.00..705507.15 rows=350181 width=4) (actual time=19414.628..33894.648 rows=316118 loops=1)
        Filter: (role_id > 10)
        Rows Removed by Filter: 35928226
  ->  Hash  (cost=101285.57..101285.57 rows=13652 width=8) (actual time=4214.356..4214.356 rows=10083 loops=1)
        Buckets: 16384  Batches: 1  Memory Usage: 522kB
        ->  Hash Join  (cost=74238.57..101285.57 rows=13652 width=8) (actual time=2719.462..4210.553 rows=10083 loops=1)
              Hash Cond: (mi_idx.movie_id = t.id)
              ->  Seq Scan on movie_info_idx mi_idx  (cost=0.00..21735.35 rows=1380035 width=4) (actual time=0.028..1024.088 rows=1380035 loops=1)
              ->  Hash  (cost=73925.90..73925.90 rows=25013 width=4) (actual time=2718.332..2718.332 rows=26270 loops=1)
                    Buckets: 32768  Batches: 1  Memory Usage: 1180kB
                    ->  Seq Scan on title t  (cost=0.00..73925.90 rows=25013 width=4) (actual time=0.037..2706.485 rows=26270 loops=1)
                          Filter: ((kind_id > 4) AND (production_year = 1997))
                          Rows Removed by Filter: 2502042
Planning time: 1.135 ms
Execution time: 38193.792 ms
