Seq Scan on title t  (cost=0.00..73925.90 rows=5474 width=0) (actual time=0.466..1145.665 rows=3198 loops=1)
  Filter: ((kind_id > 1) AND (production_year = 1951))
  Rows Removed by Filter: 2525114
Planning time: 8.702 ms
Execution time: 1146.760 ms
