Seq Scan on movie_keyword mk  (cost=0.00..81003.12 rows=2689735 width=0) (actual time=0.024..1375.381 rows=2680613 loops=1)
  Filter: (keyword_id > 3052)
  Rows Removed by Filter: 1843317
Planning time: 0.270 ms
Execution time: 1703.622 ms
