Hash Join  (cost=83580.70..183160.31 rows=369070 width=0) (actual time=1292.008..4069.367 rows=495183 loops=1)
  Hash Cond: (mk.movie_id = t.id)
  ->  Seq Scan on movie_keyword mk  (cost=0.00..81003.12 rows=958343 width=4) (actual time=0.031..1306.120 rows=960985 loops=1)
        Filter: (keyword_id < 903)
        Rows Removed by Filter: 3562945
  ->  Hash  (cost=67604.59..67604.59 rows=973769 width=4) (actual time=1291.111..1291.111 rows=971188 loops=1)
        Buckets: 131072  Batches: 16  Memory Usage: 3168kB
        ->  Seq Scan on title t  (cost=0.00..67604.59 rows=973769 width=4) (actual time=0.010..969.037 rows=971188 loops=1)
              Filter: (production_year < 1999)
              Rows Removed by Filter: 1557124
Planning time: 0.674 ms
Execution time: 4136.672 ms
