Hash Join  (cost=164950.27..247459.24 rows=654134 width=0) (actual time=3347.791..5450.257 rows=547113 loops=1)
  Hash Cond: (mc.movie_id = t.id)
  ->  Seq Scan on movie_companies mc  (cost=0.00..51404.11 rows=1816669 width=4) (actual time=0.036..1020.131 rows=1828551 loops=1)
        Filter: (company_id > 1685)
        Rows Removed by Filter: 780578
  ->  Hash  (cost=150012.59..150012.59 rows=910455 width=8) (actual time=3345.637..3345.637 rows=525930 loops=1)
        Buckets: 131072  Batches: 16  Memory Usage: 2312kB
        ->  Hash Join  (cost=94973.51..150012.59 rows=910455 width=8) (actual time=1681.296..3184.559 rows=525930 loops=1)
              Hash Cond: (mi_idx.movie_id = t.id)
              ->  Seq Scan on movie_info_idx mi_idx  (cost=0.00..21735.35 rows=1380035 width=4) (actual time=0.018..397.719 rows=1380035 loops=1)
              ->  Hash  (cost=67604.59..67604.59 rows=1668154 width=4) (actual time=1680.071..1680.071 rows=1674098 loops=1)
                    Buckets: 131072  Batches: 32  Memory Usage: 2869kB
                    ->  Seq Scan on title t  (cost=0.00..67604.59 rows=1668154 width=4) (actual time=0.021..1141.155 rows=1674098 loops=1)
                          Filter: (kind_id > 3)
                          Rows Removed by Filter: 854214
Planning time: 4.073 ms
Execution time: 5521.835 ms
