Hash Join  (cost=28267.67..114925.76 rows=5 width=0) (actual time=540.293..1626.799 rows=801 loops=1)
  Hash Cond: (mk.movie_id = t.id)
  ->  Seq Scan on movie_keyword mk  (cost=0.00..69693.30 rows=4523930 width=4) (actual time=0.021..735.442 rows=4523930 loops=1)
  ->  Hash  (cost=28267.64..28267.64 rows=3 width=8) (actual time=252.553..252.553 rows=6 loops=1)
        Buckets: 1024  Batches: 1  Memory Usage: 9kB
        ->  Nested Loop  (cost=0.43..28267.64 rows=3 width=8) (actual time=40.280..252.541 rows=6 loops=1)
              ->  Seq Scan on movie_info_idx mi_idx  (cost=0.00..25185.44 rows=368 width=4) (actual time=39.964..246.414 rows=260 loops=1)
                    Filter: (info_type_id > 101)
                    Rows Removed by Filter: 1379775
              ->  Index Scan using title_pkey on title t  (cost=0.43..8.37 rows=1 width=4) (actual time=0.023..0.023 rows=0 loops=260)
                    Index Cond: (id = mi_idx.movie_id)
                    Filter: ((kind_id < 7) AND (production_year = 2001))
                    Rows Removed by Filter: 1
Planning time: 1.128 ms
Execution time: 1627.024 ms
