Hash Join  (cost=154654.97..936698.71 rows=79714 width=0) (actual time=3534.711..17405.429 rows=271524 loops=1)
  Hash Cond: (ci.movie_id = t.id)
  ->  Seq Scan on cast_info ci  (cost=0.00..705507.15 rows=15147890 width=4) (actual time=801.198..11404.062 rows=15293534 loops=1)
        Filter: (person_id > 2112232)
        Rows Removed by Filter: 20950810
  ->  Hash  (cost=154488.65..154488.65 rows=13306 width=8) (actual time=2732.761..2732.761 rows=29168 loops=1)
        Buckets: 32768 (originally 16384)  Batches: 1 (originally 1)  Memory Usage: 1396kB
        ->  Hash Join  (cost=67697.55..154488.65 rows=13306 width=8) (actual time=964.339..2721.499 rows=29168 loops=1)
              Hash Cond: (mk.movie_id = t.id)
              ->  Seq Scan on movie_keyword mk  (cost=0.00..69693.30 rows=4523930 width=4) (actual time=0.022..869.219 rows=4523930 loops=1)
              ->  Hash  (cost=67604.59..67604.59 rows=7437 width=4) (actual time=963.422..963.422 rows=15000 loops=1)
                    Buckets: 16384 (originally 8192)  Batches: 1 (originally 1)  Memory Usage: 656kB
                    ->  Seq Scan on title t  (cost=0.00..67604.59 rows=7437 width=4) (actual time=0.029..956.062 rows=15000 loops=1)
                          Filter: (production_year = 1970)
                          Rows Removed by Filter: 2513312
Planning time: 1.065 ms
Execution time: 17441.354 ms
