Seq Scan on cast_info ci  (cost=0.00..796071.18 rows=10785774 width=0) (actual time=0.018..14283.632 rows=8738553 loops=1)
  Filter: ((person_id > 525063) AND (role_id = 1))
  Rows Removed by Filter: 27505791
Planning time: 0.370 ms
Execution time: 15354.775 ms
