Seq Scan on movie_keyword mk  (cost=0.00..81003.12 rows=3926510 width=0) (actual time=0.025..1526.699 rows=3926390 loops=1)
  Filter: (keyword_id < 30728)
  Rows Removed by Filter: 597540
Planning time: 0.310 ms
Execution time: 2011.330 ms
