Hash Join  (cost=83073.49..109962.06 rows=17 width=0) (actual time=4385.274..5229.186 rows=17 loops=1)
  Hash Cond: (mi_idx.movie_id = t.id)
  ->  Seq Scan on movie_info_idx mi_idx  (cost=0.00..25185.44 rows=454124 width=4) (actual time=0.020..1324.382 rows=459925 loops=1)
        Filter: (info_type_id = 100)
        Rows Removed by Filter: 920110
  ->  Hash  (cost=83072.29..83072.29 rows=96 width=8) (actual time=3801.843..3801.843 rows=17 loops=1)
        Buckets: 1024  Batches: 1  Memory Usage: 9kB
        ->  Nested Loop  (cost=0.43..83072.29 rows=96 width=8) (actual time=500.206..3801.809 rows=17 loops=1)
              ->  Seq Scan on movie_keyword mk  (cost=0.00..81003.12 rows=246 width=4) (actual time=500.151..3800.860 rows=17 loops=1)
                    Filter: (keyword_id = 81826)
                    Rows Removed by Filter: 4523913
              ->  Index Scan using title_pkey on title t  (cost=0.43..8.40 rows=1 width=4) (actual time=0.048..0.049 rows=1 loops=17)
                    Index Cond: (id = mk.movie_id)
                    Filter: (kind_id < 7)
Planning time: 1.059 ms
Execution time: 5229.326 ms
