Hash Join  (cost=69179.59..131455.80 rows=12635 width=0) (actual time=1150.262..1898.215 rows=5464 loops=1)
  Hash Cond: (mc.movie_id = t.id)
  ->  Seq Scan on movie_companies mc  (cost=0.00..57926.93 rows=332781 width=4) (actual time=206.295..871.839 rows=181991 loops=1)
        Filter: ((company_id < 859) AND (company_type_id > 1))
        Rows Removed by Filter: 2427138
  ->  Hash  (cost=67604.59..67604.59 rows=96000 width=4) (actual time=942.912..942.912 rows=95005 loops=1)
        Buckets: 131072  Batches: 2  Memory Usage: 2716kB
        ->  Seq Scan on title t  (cost=0.00..67604.59 rows=96000 width=4) (actual time=0.031..907.494 rows=95005 loops=1)
              Filter: (production_year = 2005)
              Rows Removed by Filter: 2433307
Planning time: 2.373 ms
Execution time: 1899.516 ms
