Seq Scan on cast_info ci  (cost=0.00..705507.15 rows=4933315 width=0) (actual time=1185.911..10813.527 rows=4810054 loops=1)
  Filter: (person_id < 467440)
  Rows Removed by Filter: 31434290
Planning time: 0.302 ms
Execution time: 11406.834 ms
