Seq Scan on movie_keyword mk  (cost=0.00..81003.12 rows=246 width=0) (actual time=3.935..1017.695 rows=390 loops=1)
  Filter: (keyword_id = 11713)
  Rows Removed by Filter: 4523540
Planning time: 0.336 ms
Execution time: 1017.908 ms
