Hash Join  (cost=131085.09..882686.86 rows=81261 width=0) (actual time=1835.595..18549.271 rows=370441 loops=1)
  Hash Cond: (ci.movie_id = t.id)
  ->  Seq Scan on cast_info ci  (cost=0.00..614943.12 rows=36225612 width=4) (actual time=0.028..7788.189 rows=36244344 loops=1)
  ->  Hash  (cost=131014.19..131014.19 rows=5672 width=8) (actual time=1835.301..1835.301 rows=14044 loops=1)
        Buckets: 16384 (originally 8192)  Batches: 1 (originally 1)  Memory Usage: 677kB
        ->  Hash Join  (cost=71408.55..131014.19 rows=5672 width=8) (actual time=1283.412..1830.389 rows=14044 loops=1)
              Hash Cond: (mc.movie_id = t.id)
              ->  Seq Scan on movie_companies mc  (cost=0.00..57926.93 rows=61862 width=4) (actual time=275.821..733.063 rows=120966 loops=1)
                    Filter: ((company_id > 145824) AND (company_type_id = 2))
                    Rows Removed by Filter: 2488163
              ->  Hash  (cost=67604.59..67604.59 rows=231837 width=4) (actual time=1006.691..1006.691 rows=231649 loops=1)
                    Buckets: 131072  Batches: 4  Memory Usage: 3076kB
                    ->  Seq Scan on title t  (cost=0.00..67604.59 rows=231837 width=4) (actual time=0.028..923.354 rows=231649 loops=1)
                          Filter: (production_year > 2011)
                          Rows Removed by Filter: 2296663
Planning time: 1.134 ms
Execution time: 18610.388 ms
