Hash Join  (cost=93843.90..163420.12 rows=202593 width=0) (actual time=1737.647..3248.600 rows=217663 loops=1)
  Hash Cond: (mc.movie_id = t.id)
  ->  Seq Scan on movie_companies mc  (cost=0.00..57926.93 rows=421961 width=4) (actual time=79.379..882.229 rows=748887 loops=1)
        Filter: ((company_id > 26573) AND (company_type_id > 1))
        Rows Removed by Filter: 1860242
  ->  Hash  (cost=73925.90..73925.90 rows=1214000 width=4) (actual time=1657.406..1657.406 rows=1328829 loops=1)
        Buckets: 131072  Batches: 16  Memory Usage: 3951kB
        ->  Seq Scan on title t  (cost=0.00..73925.90 rows=1214000 width=4) (actual time=0.024..1259.411 rows=1328829 loops=1)
              Filter: ((kind_id > 1) AND (production_year > 1994))
              Rows Removed by Filter: 1199483
Planning time: 0.784 ms
Execution time: 3275.875 ms
