Hash Join  (cost=151039.63..1201396.54 rows=1611374 width=0) (actual time=2772.985..26178.120 rows=1969698 loops=1)
  Hash Cond: (ci.movie_id = t.id)
  ->  Seq Scan on cast_info ci  (cost=0.00..614943.12 rows=36225612 width=4) (actual time=0.019..11459.612 rows=36244344 loops=1)
  ->  Hash  (cost=149193.72..149193.72 rows=112473 width=8) (actual time=2772.036..2772.036 rows=60542 loops=1)
        Buckets: 131072  Batches: 2  Memory Usage: 2212kB
        ->  Hash Join  (cost=76725.80..149193.72 rows=112473 width=8) (actual time=1172.153..2752.215 rows=60542 loops=1)
              Hash Cond: (mc.movie_id = t.id)
              ->  Seq Scan on movie_companies mc  (cost=0.00..51404.11 rows=1666686 width=4) (actual time=0.015..916.887 rows=1657258 loops=1)
                    Filter: (company_id < 18540)
                    Rows Removed by Filter: 951871
              ->  Hash  (cost=73925.90..73925.90 rows=170632 width=4) (actual time=1171.156..1171.156 rows=170068 loops=1)
                    Buckets: 131072  Batches: 4  Memory Usage: 2534kB
                    ->  Seq Scan on title t  (cost=0.00..73925.90 rows=170632 width=4) (actual time=0.030..1112.318 rows=170068 loops=1)
                          Filter: ((kind_id > 1) AND (production_year > 2011))
                          Rows Removed by Filter: 2358244
Planning time: 1.127 ms
Execution time: 26396.120 ms
