Hash Join  (cost=194149.28..686830.23 rows=1206604 width=0) (actual time=3888.358..15016.304 rows=3469050 loops=1)
  Hash Cond: (mi.movie_id = t.id)
  ->  Seq Scan on movie_info mi  (cost=0.00..309384.22 rows=14739122 width=4) (actual time=0.018..5412.792 rows=14835720 loops=1)
  ->  Hash  (cost=190752.84..190752.84 rows=206995 width=8) (actual time=3887.528..3887.528 rows=78067 loops=1)
        Buckets: 131072  Batches: 4  Memory Usage: 1735kB
        ->  Hash Join  (cost=70308.29..190752.84 rows=206995 width=8) (actual time=1118.556..3861.230 rows=78067 loops=1)
              Hash Cond: (mk.movie_id = t.id)
              ->  Seq Scan on movie_keyword mk  (cost=0.00..81003.12 rows=3176395 width=4) (actual time=0.018..1544.351 rows=3157712 loops=1)
                    Filter: (keyword_id > 1787)
                    Rows Removed by Filter: 1366218
              ->  Hash  (cost=67604.59..67604.59 rows=164776 width=4) (actual time=1117.560..1117.560 rows=164307 loops=1)
                    Buckets: 131072  Batches: 4  Memory Usage: 2488kB
                    ->  Seq Scan on title t  (cost=0.00..67604.59 rows=164776 width=4) (actual time=0.028..1054.117 rows=164307 loops=1)
                          Filter: (production_year = 2012)
                          Rows Removed by Filter: 2364005
Planning time: 1.128 ms
Execution time: 15317.210 ms
