Hash Join  (cost=81437.64..163000.30 rows=472413 width=0) (actual time=1510.709..3176.164 rows=288203 loops=1)
  Hash Cond: (mc.movie_id = t.id)
  ->  Seq Scan on movie_companies mc  (cost=0.00..44881.29 rows=2609129 width=4) (actual time=0.015..839.441 rows=2609129 loops=1)
  ->  Hash  (cost=73925.90..73925.90 rows=457819 width=4) (actual time=1072.145..1072.145 rows=344212 loops=1)
        Buckets: 131072  Batches: 8  Memory Usage: 2523kB
        ->  Seq Scan on title t  (cost=0.00..73925.90 rows=457819 width=4) (actual time=0.016..963.066 rows=344212 loops=1)
              Filter: ((production_year < 1993) AND (kind_id = 7))
              Rows Removed by Filter: 2184100
Planning time: 0.762 ms
Execution time: 3211.319 ms
