Seq Scan on cast_info ci  (cost=0.00..705507.15 rows=500 width=0) (actual time=4222.951..10238.130 rows=37 loops=1)
  Filter: (person_id = 294964)
  Rows Removed by Filter: 36244307
Planning time: 0.329 ms
Execution time: 10238.241 ms
