Seq Scan on movie_keyword mk  (cost=0.00..81003.12 rows=2835119 width=0) (actual time=0.030..1262.268 rows=2825994 loops=1)
  Filter: (keyword_id < 8481)
  Rows Removed by Filter: 1697936
Planning time: 0.319 ms
Execution time: 1594.826 ms
