Hash Join  (cost=102767.86..192876.15 rows=926853 width=0) (actual time=2521.093..4212.238 rows=607905 loops=1)
  Hash Cond: (mc.movie_id = t.id)
  ->  Seq Scan on movie_companies mc  (cost=0.00..57926.93 rows=926853 width=4) (actual time=160.086..1009.929 rows=607905 loops=1)
        Filter: ((company_id < 30772) AND (company_type_id > 1))
        Rows Removed by Filter: 2001224
  ->  Hash  (cost=61283.27..61283.27 rows=2528527 width=4) (actual time=2359.676..2359.676 rows=2528312 loops=1)
        Buckets: 131072  Batches: 64  Memory Usage: 2415kB
        ->  Seq Scan on title t  (cost=0.00..61283.27 rows=2528527 width=4) (actual time=0.022..922.492 rows=2528312 loops=1)
Planning time: 1.785 ms
Execution time: 4276.909 ms
