Hash Join  (cost=1077029.52..1870788.29 rows=24243414 width=0) (actual time=57942.120..126738.423 rows=100517389 loops=1)
  Hash Cond: (mi.movie_id = t.id)
  ->  Seq Scan on movie_info mi  (cost=0.00..309384.22 rows=14739122 width=4) (actual time=0.021..22935.771 rows=14835720 loops=1)
  ->  Hash  (cost=1008794.92..1008794.92 rows=4159008 width=8) (actual time=57940.922..57940.922 rows=6501816 loops=1)
        Buckets: 131072 (originally 131072)  Batches: 128 (originally 64)  Memory Usage: 3073kB
        ->  Hash Join  (cost=102767.86..1008794.92 rows=4159008 width=8) (actual time=14986.236..55293.748 rows=6501816 loops=1)
              Hash Cond: (ci.movie_id = t.id)
              ->  Seq Scan on cast_info ci  (cost=0.00..796071.18 rows=4159008 width=4) (actual time=9124.885..40989.131 rows=6501816 loops=1)
                    Filter: ((person_id > 3006529) AND (role_id > 1))
                    Rows Removed by Filter: 29742528
              ->  Hash  (cost=61283.27..61283.27 rows=2528527 width=4) (actual time=5853.868..5853.868 rows=2528312 loops=1)
                    Buckets: 131072  Batches: 64  Memory Usage: 2415kB
                    ->  Seq Scan on title t  (cost=0.00..61283.27 rows=2528527 width=4) (actual time=0.026..4330.910 rows=2528312 loops=1)
Planning time: 1.083 ms
Execution time: 141081.446 ms
