Hash Join  (cost=170055.94..197111.22 rows=14480 width=0) (actual time=3386.143..3729.323 rows=166555 loops=1)
  Hash Cond: (mi_idx.movie_id = t.id)
  ->  Seq Scan on movie_info_idx mi_idx  (cost=0.00..21735.35 rows=1380035 width=4) (actual time=0.016..266.194 rows=1380035 loops=1)
  ->  Hash  (cost=169724.31..169724.31 rows=26531 width=8) (actual time=3110.141..3110.141 rows=66174 loops=1)
        Buckets: 131072 (originally 32768)  Batches: 1 (originally 1)  Memory Usage: 3609kB
        ->  Hash Join  (cost=83810.17..169724.31 rows=26531 width=8) (actual time=1723.275..3086.860 rows=66174 loops=1)
              Hash Cond: (mk.movie_id = t.id)
              ->  Seq Scan on movie_keyword mk  (cost=0.00..81003.12 rows=67919 width=4) (actual time=0.034..1144.872 rows=66174 loops=1)
                    Filter: (keyword_id > 92615)
                    Rows Removed by Filter: 4457756
              ->  Hash  (cost=67604.59..67604.59 rows=987727 width=4) (actual time=1722.261..1722.261 rows=985048 loops=1)
                    Buckets: 131072  Batches: 16  Memory Usage: 3197kB
                    ->  Seq Scan on title t  (cost=0.00..67604.59 rows=987727 width=4) (actual time=0.024..1141.648 rows=985048 loops=1)
                          Filter: (kind_id < 7)
                          Rows Removed by Filter: 1543264
Planning time: 5.369 ms
Execution time: 3751.463 ms
