Hash Join  (cost=209569.49..731530.80 rows=2224048 width=0) (actual time=4664.044..21308.403 rows=21544672 loops=1)
  Hash Cond: (mi.movie_id = t.id)
  ->  Seq Scan on movie_info mi  (cost=0.00..309384.22 rows=14739122 width=4) (actual time=0.025..5300.810 rows=14835720 loops=1)
  ->  Hash  (cost=203309.24..203309.24 rows=381540 width=8) (actual time=4660.599..4660.599 rows=624938 loops=1)
        Buckets: 131072 (originally 131072)  Batches: 16 (originally 8)  Memory Usage: 3073kB
        ->  Hash Join  (cost=71587.82..203309.24 rows=381540 width=8) (actual time=1054.712..4456.094 rows=624938 loops=1)
              Hash Cond: (mk.movie_id = t.id)
              ->  Seq Scan on movie_keyword mk  (cost=0.00..81003.12 rows=3974370 width=4) (actual time=0.028..1726.685 rows=3978187 loops=1)
                    Filter: (keyword_id < 33698)
                    Rows Removed by Filter: 545743
              ->  Hash  (cost=67604.59..67604.59 rows=242739 width=4) (actual time=1053.965..1053.965 rows=241400 loops=1)
                    Buckets: 131072  Batches: 4  Memory Usage: 3153kB
                    ->  Seq Scan on title t  (cost=0.00..67604.59 rows=242739 width=4) (actual time=0.016..969.727 rows=241400 loops=1)
                          Filter: (production_year < 1960)
                          Rows Removed by Filter: 2286912
Planning time: 2.835 ms
Execution time: 23652.140 ms
