Nested Loop  (cost=0.43..798386.14 rows=168 width=0) (actual time=522.725..13255.124 rows=325 loops=1)
  ->  Seq Scan on cast_info ci  (cost=0.00..796071.18 rows=276 width=4) (actual time=521.283..13240.093 rows=396 loops=1)
        Filter: ((role_id < 3) AND (person_id = 79328))
        Rows Removed by Filter: 36243948
  ->  Index Scan using title_pkey on title t  (cost=0.43..8.38 rows=1 width=4) (actual time=0.037..0.037 rows=1 loops=396)
        Index Cond: (id = ci.movie_id)
        Filter: (kind_id = 7)
        Rows Removed by Filter: 0
Planning time: 0.736 ms
Execution time: 13255.323 ms
