Hash Join  (cost=102767.86..265187.08 rows=2972929 width=0) (actual time=1883.903..6017.813 rows=2968161 loops=1)
  Hash Cond: (mk.movie_id = t.id)
  ->  Seq Scan on movie_keyword mk  (cost=0.00..81003.12 rows=2972929 width=4) (actual time=0.029..1518.109 rows=2968161 loops=1)
        Filter: (keyword_id > 2322)
        Rows Removed by Filter: 1555769
  ->  Hash  (cost=61283.27..61283.27 rows=2528527 width=4) (actual time=1882.607..1882.607 rows=2528312 loops=1)
        Buckets: 131072  Batches: 64  Memory Usage: 2425kB
        ->  Seq Scan on title t  (cost=0.00..61283.27 rows=2528527 width=4) (actual time=0.018..1053.654 rows=2528312 loops=1)
Planning time: 0.714 ms
Execution time: 6380.795 ms
