Hash Join  (cost=76379.89..138727.34 rows=36010 width=0) (actual time=1615.232..2183.844 rows=7610 loops=1)
  Hash Cond: (mc.movie_id = t.id)
  ->  Seq Scan on movie_companies mc  (cost=0.00..57926.93 rows=170245 width=4) (actual time=337.082..780.924 rows=69324 loops=1)
        Filter: ((company_id < 164) AND (company_type_id = 2))
        Rows Removed by Filter: 2539805
  ->  Hash  (cost=67604.59..67604.59 rows=534824 width=4) (actual time=1277.271..1277.271 rows=533369 loops=1)
        Buckets: 131072  Batches: 8  Memory Usage: 3369kB
        ->  Seq Scan on title t  (cost=0.00..67604.59 rows=534824 width=4) (actual time=0.035..1104.067 rows=533369 loops=1)
              Filter: (production_year > 2009)
              Rows Removed by Filter: 1994943
Planning time: 0.791 ms
Execution time: 2185.308 ms
