Seq Scan on movie_companies mc  (cost=0.00..57926.93 rows=809636 width=0) (actual time=287.251..935.985 rows=1024584 loops=1)
  Filter: ((company_id > 5376) AND (company_type_id = 2))
  Rows Removed by Filter: 1584545
Planning time: 0.285 ms
Execution time: 1071.220 ms
