Hash Join  (cost=102767.86..300688.07 rows=4448313 width=0) (actual time=1822.701..7140.758 rows=4448991 loops=1)
  Hash Cond: (mk.movie_id = t.id)
  ->  Seq Scan on movie_keyword mk  (cost=0.00..81003.12 rows=4448313 width=4) (actual time=0.024..1639.462 rows=4448991 loops=1)
        Filter: (keyword_id < 89389)
        Rows Removed by Filter: 74939
  ->  Hash  (cost=61283.27..61283.27 rows=2528527 width=4) (actual time=1821.578..1821.578 rows=2528312 loops=1)
        Buckets: 131072  Batches: 64  Memory Usage: 2425kB
        ->  Seq Scan on title t  (cost=0.00..61283.27 rows=2528527 width=4) (actual time=0.020..929.028 rows=2528312 loops=1)
Planning time: 0.783 ms
Execution time: 7684.567 ms
