Seq Scan on cast_info ci  (cost=0.00..705507.15 rows=500 width=0) (actual time=3129.068..9421.477 rows=161 loops=1)
  Filter: (person_id = 866322)
  Rows Removed by Filter: 36244183
Planning time: 0.328 ms
Execution time: 9421.602 ms
