Hash Join  (cost=152252.84..639691.98 rows=715322 width=0) (actual time=7442.399..32800.438 rows=130411 loops=1)
  Hash Cond: (mi.movie_id = t.id)
  ->  Seq Scan on movie_info mi  (cost=0.00..309384.22 rows=14739122 width=4) (actual time=0.006..18583.295 rows=14835720 loops=1)
  ->  Hash  (cost=150238.90..150238.90 rows=122715 width=8) (actual time=7379.945..7379.945 rows=14809 loops=1)
        Buckets: 131072  Batches: 2  Memory Usage: 1320kB
        ->  Hash Join  (cost=81537.49..150238.90 rows=122715 width=8) (actual time=4524.238..7369.246 rows=14809 loops=1)
              Hash Cond: (mc.movie_id = t.id)
              ->  Seq Scan on movie_companies mc  (cost=0.00..57926.93 rows=668886 width=4) (actual time=0.026..2469.860 rows=442296 loops=1)
                    Filter: ((company_id > 11142) AND (company_type_id < 2))
                    Rows Removed by Filter: 2166833
              ->  Hash  (cost=73925.90..73925.90 rows=463887 width=4) (actual time=4522.792..4522.792 rows=480042 loops=1)
                    Buckets: 131072  Batches: 8  Memory Usage: 3133kB
                    ->  Seq Scan on title t  (cost=0.00..73925.90 rows=463887 width=4) (actual time=0.027..4059.561 rows=480042 loops=1)
                          Filter: ((kind_id > 2) AND (production_year > 2008))
                          Rows Removed by Filter: 2048270
Planning time: 4.154 ms
Execution time: 32821.689 ms
