Hash Join  (cost=69374.09..198557.33 rows=169827 width=0) (actual time=1140.650..4058.833 rows=163485 loops=1)
  Hash Cond: (mk.movie_id = t.id)
  ->  Seq Scan on movie_keyword mk  (cost=0.00..81003.12 rows=3983425 width=4) (actual time=0.022..1710.832 rows=3987460 loops=1)
        Filter: (keyword_id < 34240)
        Rows Removed by Filter: 536470
  ->  Hash  (cost=67604.59..67604.59 rows=107800 width=4) (actual time=862.684..862.684 rows=108429 loops=1)
        Buckets: 131072  Batches: 2  Memory Usage: 2938kB
        ->  Seq Scan on title t  (cost=0.00..67604.59 rows=107800 width=4) (actual time=0.029..723.035 rows=108429 loops=1)
              Filter: (production_year = 2006)
              Rows Removed by Filter: 2419883
Planning time: 0.680 ms
Execution time: 4095.087 ms
