Hash Join  (cost=91790.21..639319.14 rows=6346901 width=0) (actual time=1602.887..16922.314 rows=3937744 loops=1)
  Hash Cond: (mi.movie_id = t.id)
  ->  Seq Scan on movie_info mi  (cost=0.00..309384.22 rows=14739122 width=4) (actual time=0.020..5203.780 rows=14835720 loops=1)
  ->  Hash  (cost=73925.90..73925.90 rows=1088824 width=4) (actual time=1601.796..1601.796 rows=1034753 loops=1)
        Buckets: 131072  Batches: 16  Memory Usage: 3309kB
        ->  Seq Scan on title t  (cost=0.00..73925.90 rows=1088824 width=4) (actual time=0.037..1262.392 rows=1034753 loops=1)
              Filter: ((kind_id > 2) AND (production_year < 2007))
              Rows Removed by Filter: 1493559
Planning time: 0.763 ms
Execution time: 17382.053 ms
