Hash Join  (cost=81720.25..888097.59 rows=157899 width=0) (actual time=5851.519..13811.661 rows=373541 loops=1)
  Hash Cond: (ci.movie_id = t.id)
  ->  Seq Scan on cast_info ci  (cost=0.00..796071.18 rows=464045 width=4) (actual time=4580.219..11863.650 rows=852393 loops=1)
        Filter: ((person_id > 2174979) AND (role_id = 9))
        Rows Removed by Filter: 35391951
  ->  Hash  (cost=67604.59..67604.59 rows=860373 width=4) (actual time=1270.187..1270.187 rows=854214 loops=1)
        Buckets: 131072  Batches: 16  Memory Usage: 2897kB
        ->  Seq Scan on title t  (cost=0.00..67604.59 rows=860373 width=4) (actual time=0.018..995.439 rows=854214 loops=1)
              Filter: (kind_id < 4)
              Rows Removed by Filter: 1674098
Planning time: 0.798 ms
Execution time: 13859.849 ms
