Hash Join  (cost=102767.86..236175.43 rows=1767289 width=0) (actual time=1839.234..5414.056 rows=1771995 loops=1)
  Hash Cond: (mk.movie_id = t.id)
  ->  Seq Scan on movie_keyword mk  (cost=0.00..81003.12 rows=1767289 width=4) (actual time=1.339..1336.427 rows=1771995 loops=1)
        Filter: (keyword_id > 7821)
        Rows Removed by Filter: 2751935
  ->  Hash  (cost=61283.27..61283.27 rows=2528527 width=4) (actual time=1836.684..1836.684 rows=2528312 loops=1)
        Buckets: 131072  Batches: 64  Memory Usage: 2425kB
        ->  Seq Scan on title t  (cost=0.00..61283.27 rows=2528527 width=4) (actual time=0.020..968.398 rows=2528312 loops=1)
Planning time: 0.517 ms
Execution time: 5602.855 ms
