Hash Join  (cost=73994.33..130224.33 rows=2770 width=0) (actual time=1357.682..2212.649 rows=4668 loops=1)
  Hash Cond: (mc.movie_id = t.id)
  ->  Seq Scan on movie_companies mc  (cost=0.00..51404.11 rows=1279517 width=4) (actual time=273.204..888.534 rows=1274246 loops=1)
        Filter: (company_type_id = 1)
        Rows Removed by Filter: 1334883
  ->  Hash  (cost=73925.90..73925.90 rows=5474 width=4) (actual time=1084.015..1084.015 rows=10267 loops=1)
        Buckets: 16384 (originally 8192)  Batches: 1 (originally 1)  Memory Usage: 489kB
        ->  Seq Scan on title t  (cost=0.00..73925.90 rows=5474 width=4) (actual time=0.036..1078.408 rows=10267 loops=1)
              Filter: ((kind_id > 1) AND (production_year = 1981))
              Rows Removed by Filter: 2518045
Planning time: 0.684 ms
Execution time: 2213.630 ms
