Hash Join  (cost=180671.26..1240823.92 rows=2564946 width=0) (actual time=3068.151..30119.412 rows=1350360 loops=1)
  Hash Cond: (ci.movie_id = t.id)
  ->  Seq Scan on cast_info ci  (cost=0.00..614943.12 rows=36225612 width=4) (actual time=0.011..12051.994 rows=36244344 loops=1)
  ->  Hash  (cost=177733.36..177733.36 rows=179032 width=8) (actual time=3067.109..3067.109 rows=35038 loops=1)
        Buckets: 131072  Batches: 4  Memory Usage: 1371kB
        ->  Hash Join  (cost=84037.34..177733.36 rows=179032 width=8) (actual time=1332.118..3056.328 rows=35038 loops=1)
              Hash Cond: (mk.movie_id = t.id)
              ->  Seq Scan on movie_keyword mk  (cost=0.00..81003.12 rows=734553 width=4) (actual time=0.328..1280.879 rows=734912 loops=1)
                    Filter: (keyword_id < 659)
                    Rows Removed by Filter: 3789018
              ->  Hash  (cost=73925.90..73925.90 rows=616275 width=4) (actual time=1326.775..1326.775 rows=676927 loops=1)
                    Buckets: 131072  Batches: 16  Memory Usage: 2522kB
                    ->  Seq Scan on title t  (cost=0.00..73925.90 rows=616275 width=4) (actual time=46.548..1106.953 rows=676927 loops=1)
                          Filter: ((production_year > 2005) AND (kind_id = 7))
                          Rows Removed by Filter: 1851385
Planning time: 1.176 ms
Execution time: 30298.680 ms
