Hash Join  (cost=128947.36..483498.45 rows=8925 width=0) (actual time=3109.209..7023.301 rows=2 loops=1)
  Hash Cond: (mi.movie_id = t.id)
  ->  Seq Scan on movie_info mi  (cost=0.00..346232.03 rows=2194617 width=4) (actual time=991.665..4767.979 rows=2233850 loops=1)
        Filter: (info_type_id > 16)
        Rows Removed by Filter: 12601870
  ->  Hash  (cost=128818.82..128818.82 rows=10283 width=8) (actual time=1913.849..1913.849 rows=2 loops=1)
        Buckets: 16384  Batches: 1  Memory Usage: 129kB
        ->  Hash Join  (cost=74050.47..128818.82 rows=10283 width=8) (actual time=1236.100..1913.816 rows=2 loops=1)
              Hash Cond: (mc.movie_id = t.id)
              ->  Seq Scan on movie_companies mc  (cost=0.00..44881.29 rows=2609129 width=4) (actual time=0.024..518.248 rows=2609129 loops=1)
              ->  Hash  (cost=73925.90..73925.90 rows=9965 width=4) (actual time=922.977..922.977 rows=2 loops=1)
                    Buckets: 16384  Batches: 1  Memory Usage: 129kB
                    ->  Seq Scan on title t  (cost=0.00..73925.90 rows=9965 width=4) (actual time=426.123..922.902 rows=2 loops=1)
                          Filter: ((production_year < 1958) AND (kind_id = 4))
                          Rows Removed by Filter: 2528310
Planning time: 0.776 ms
Execution time: 7023.462 ms
