Hash Join  (cost=88359.31..214358.30 rows=1209673 width=0) (actual time=1488.615..5099.826 rows=1557282 loops=1)
  Hash Cond: (mk.movie_id = t.id)
  ->  Seq Scan on movie_keyword mk  (cost=0.00..81003.12 rows=2417903 width=4) (actual time=0.025..1480.229 rows=2410878 loops=1)
        Filter: (keyword_id > 3842)
        Rows Removed by Filter: 2113052
  ->  Hash  (cost=67604.59..67604.59 rows=1265018 width=4) (actual time=1486.825..1486.825 rows=1263700 loops=1)
        Buckets: 131072  Batches: 32  Memory Usage: 2418kB
        ->  Seq Scan on title t  (cost=0.00..67604.59 rows=1265018 width=4) (actual time=0.029..1055.553 rows=1263700 loops=1)
              Filter: (production_year < 2004)
              Rows Removed by Filter: 1264612
Planning time: 0.698 ms
Execution time: 5295.309 ms
