Nested Loop  (cost=0.43..83072.29 rows=1 width=0) (actual time=510.740..1114.429 rows=1 loops=1)
  ->  Seq Scan on movie_keyword mk  (cost=0.00..81003.12 rows=246 width=4) (actual time=13.209..1110.330 rows=94 loops=1)
        Filter: (keyword_id = 11120)
        Rows Removed by Filter: 4523836
  ->  Index Scan using title_pkey on title t  (cost=0.43..8.40 rows=1 width=4) (actual time=0.040..0.040 rows=0 loops=94)
        Index Cond: (id = mk.movie_id)
        Filter: (production_year = 1989)
        Rows Removed by Filter: 1
Planning time: 0.691 ms
Execution time: 1114.517 ms
