Nested Loop  (cost=0.43..797555.70 rows=176 width=0) (actual time=8283.374..9104.273 rows=117 loops=1)
  ->  Seq Scan on cast_info ci  (cost=0.00..796071.18 rows=176 width=4) (actual time=8283.304..9103.276 rows=117 loops=1)
        Filter: ((person_id = 134334) AND (role_id = 1))
        Rows Removed by Filter: 36244227
  ->  Index Only Scan using title_pkey on title t  (cost=0.43..8.42 rows=1 width=4) (actual time=0.008..0.008 rows=1 loops=117)
        Index Cond: (id = ci.movie_id)
        Heap Fetches: 117
Planning time: 1.460 ms
Execution time: 9104.361 ms
