Hash Join  (cost=74452.28..168567.31 rows=55755 width=0) (actual time=982.206..3003.203 rows=110710 loops=1)
  Hash Cond: (mk.movie_id = t.id)
  ->  Seq Scan on movie_keyword mk  (cost=0.00..81003.12 rows=3347828 width=4) (actual time=0.024..1459.054 rows=3336302 loops=1)
        Filter: (keyword_id < 15614)
        Rows Removed by Filter: 1187628
  ->  Hash  (cost=73925.90..73925.90 rows=42110 width=4) (actual time=981.785..981.785 rows=33905 loops=1)
        Buckets: 65536  Batches: 1  Memory Usage: 1704kB
        ->  Seq Scan on title t  (cost=0.00..73925.90 rows=42110 width=4) (actual time=0.170..967.124 rows=33905 loops=1)
              Filter: ((kind_id < 7) AND (production_year = 2006))
              Rows Removed by Filter: 2494407
Planning time: 0.713 ms
Execution time: 3018.016 ms
