Seq Scan on movie_companies mc  (cost=0.00..51404.11 rows=2257447 width=0) (actual time=0.026..3327.184 rows=2252495 loops=1)
  Filter: (company_id < 87517)
  Rows Removed by Filter: 356634
Planning time: 0.331 ms
Execution time: 3718.986 ms
