Hash Join  (cost=211830.16..1276630.18 rows=4991684 width=0) (actual time=8631.381..31595.626 rows=12461810 loops=1)
  Hash Cond: (ci.movie_id = t.id)
  ->  Seq Scan on cast_info ci  (cost=0.00..796071.18 rows=18696008 width=4) (actual time=4637.884..16697.625 rows=18446170 loops=1)
        Filter: ((person_id > 228099) AND (role_id < 3))
        Rows Removed by Filter: 17798174
  ->  Hash  (cost=200753.46..200753.46 rows=675096 width=8) (actual time=3989.753..3989.753 rows=559483 loops=1)
        Buckets: 131072  Batches: 16  Memory Usage: 2412kB
        ->  Hash Join  (cost=92735.26..200753.46 rows=675096 width=8) (actual time=1640.263..3834.629 rows=559483 loops=1)
              Hash Cond: (mk.movie_id = t.id)
              ->  Seq Scan on movie_keyword mk  (cost=0.00..81003.12 rows=1114423 width=4) (actual time=0.042..1286.479 rows=1120975 loops=1)
                    Filter: (keyword_id < 1198)
                    Rows Removed by Filter: 3402955
              ->  Hash  (cost=67604.59..67604.59 rows=1531734 width=4) (actual time=1638.398..1638.398 rows=1531613 loops=1)
                    Buckets: 131072  Batches: 32  Memory Usage: 2716kB
                    ->  Seq Scan on title t  (cost=0.00..67604.59 rows=1531734 width=4) (actual time=0.021..1131.323 rows=1531613 loops=1)
                          Filter: (production_year > 1997)
                          Rows Removed by Filter: 996699
Planning time: 1.135 ms
Execution time: 32897.558 ms
