Hash Join  (cost=73962.22..433825.72 rows=4164 width=0) (actual time=2845.542..7565.016 rows=14992 loops=1)
  Hash Cond: (mi.movie_id = t.id)
  ->  Seq Scan on movie_info mi  (cost=0.00..346232.03 rows=3623957 width=4) (actual time=1747.299..5854.410 rows=3624977 loops=1)
        Filter: (info_type_id < 4)
        Rows Removed by Filter: 11210743
  ->  Hash  (cost=73925.90..73925.90 rows=2905 width=4) (actual time=1096.499..1096.499 rows=5291 loops=1)
        Buckets: 8192 (originally 4096)  Batches: 1 (originally 1)  Memory Usage: 251kB
        ->  Seq Scan on title t  (cost=0.00..73925.90 rows=2905 width=4) (actual time=0.659..1093.745 rows=5291 loops=1)
              Filter: ((kind_id < 7) AND (production_year = 1966))
              Rows Removed by Filter: 2523021
Planning time: 0.752 ms
Execution time: 7568.037 ms
