Seq Scan on movie_companies mc  (cost=0.00..51404.11 rows=104 width=0) (actual time=128.792..817.595 rows=35 loops=1)
  Filter: (company_id = 14586)
  Rows Removed by Filter: 2609094
Planning time: 0.319 ms
Execution time: 817.688 ms
