Hash Join  (cost=150358.65..1198150.69 rows=1361687 width=0) (actual time=3494.121..31892.533 rows=6051710 loops=1)
  Hash Cond: (ci.movie_id = t.id)
  ->  Seq Scan on cast_info ci  (cost=0.00..614943.12 rows=36225612 width=4) (actual time=0.022..12600.259 rows=36244344 loops=1)
  ->  Hash  (cost=148798.59..148798.59 rows=95045 width=8) (actual time=3493.300..3493.300 rows=115195 loops=1)
        Buckets: 131072  Batches: 2  Memory Usage: 3252kB
        ->  Hash Join  (cost=78171.87..148798.59 rows=95045 width=8) (actual time=2344.925..3453.738 rows=115195 loops=1)
              Hash Cond: (mc.movie_id = t.id)
              ->  Seq Scan on movie_companies mc  (cost=0.00..57926.93 rows=928624 width=4) (actual time=474.181..1172.015 rows=776384 loops=1)
                    Filter: ((company_id > 1310) AND (company_type_id < 2))
                    Rows Removed by Filter: 1832745
              ->  Hash  (cost=73925.90..73925.90 rows=258797 width=4) (actual time=1870.013..1870.013 rows=227847 loops=1)
                    Buckets: 131072  Batches: 4  Memory Usage: 3032kB
                    ->  Seq Scan on title t  (cost=0.00..73925.90 rows=258797 width=4) (actual time=0.029..1150.401 rows=227847 loops=1)
                          Filter: ((kind_id < 7) AND (production_year > 2008))
                          Rows Removed by Filter: 2300465
Planning time: 1.231 ms
Execution time: 32607.221 ms
