Hash Join  (cost=81025.55..208209.42 rows=573535 width=0) (actual time=1397.937..4842.265 rows=830457 loops=1)
  Hash Cond: (mk.movie_id = t.id)
  ->  Seq Scan on movie_keyword mk  (cost=0.00..81003.12 rows=3351570 width=4) (actual time=0.025..1822.035 rows=3349949 loops=1)
        Filter: (keyword_id > 1382)
        Rows Removed by Filter: 1173981
  ->  Hash  (cost=73925.90..73925.90 rows=432692 width=4) (actual time=1396.911..1396.911 rows=368246 loops=1)
        Buckets: 131072  Batches: 8  Memory Usage: 2646kB
        ->  Seq Scan on title t  (cost=0.00..73925.90 rows=432692 width=4) (actual time=0.034..1274.828 rows=368246 loops=1)
              Filter: ((kind_id < 7) AND (production_year > 2004))
              Rows Removed by Filter: 2160066
Planning time: 0.732 ms
Execution time: 4939.818 ms
