Hash Join  (cost=448026.41..1202159.05 rows=90277 width=0) (actual time=5351.119..21434.341 rows=201877 loops=1)
  Hash Cond: (ci.movie_id = t.id)
  ->  Seq Scan on cast_info ci  (cost=0.00..705507.15 rows=12726058 width=4) (actual time=0.028..13885.569 rows=12670688 loops=1)
        Filter: (role_id = 1)
        Rows Removed by Filter: 23573656
  ->  Hash  (cost=447802.20..447802.20 rows=17937 width=8) (actual time=5350.217..5350.217 rows=6616 loops=1)
        Buckets: 32768  Batches: 1  Memory Usage: 515kB
        ->  Nested Loop  (cost=0.43..447802.20 rows=17937 width=8) (actual time=1441.068..5347.141 rows=6616 loops=1)
              ->  Seq Scan on movie_info mi  (cost=0.00..346232.03 rows=17937 width=4) (actual time=1440.971..5256.803 rows=6616 loops=1)
                    Filter: (info_type_id = 61)
                    Rows Removed by Filter: 14829104
              ->  Index Only Scan using title_pkey on title t  (cost=0.43..5.65 rows=1 width=4) (actual time=0.012..0.013 rows=1 loops=6616)
                    Index Cond: (id = mi.movie_id)
                    Heap Fetches: 6616
Planning time: 1.148 ms
Execution time: 21467.459 ms
