Seq Scan on movie_keyword mk  (cost=0.00..81003.12 rows=246 width=0) (actual time=2.388..1292.643 rows=346 loops=1)
  Filter: (keyword_id = 20778)
  Rows Removed by Filter: 4523584
Planning time: 0.302 ms
Execution time: 1292.953 ms
