Seq Scan on movie_companies mc  (cost=0.00..51404.11 rows=1320716 width=0) (actual time=0.016..911.193 rows=1328216 loops=1)
  Filter: (company_id > 11219)
  Rows Removed by Filter: 1280913
Planning time: 0.283 ms
Execution time: 1078.258 ms
