Hash Join  (cost=204560.27..1383007.78 rows=10480440 width=0) (actual time=7403.482..63845.417 rows=9992929 loops=1)
  Hash Cond: (ci.movie_id = t.id)
  ->  Seq Scan on cast_info ci  (cost=0.00..705507.15 rows=31554923 width=4) (actual time=0.013..36587.961 rows=31605208 loops=1)
        Filter: (role_id < 10)
        Rows Removed by Filter: 4639136
  ->  Hash  (cost=190781.67..190781.67 rows=839808 width=8) (actual time=7402.522..7402.522 rows=528673 loops=1)
        Buckets: 131072  Batches: 16  Memory Usage: 2304kB
        ->  Hash Join  (cost=102767.86..190781.67 rows=839808 width=8) (actual time=3669.877..7229.986 rows=528673 loops=1)
              Hash Cond: (mc.movie_id = t.id)
              ->  Seq Scan on movie_companies mc  (cost=0.00..57926.93 rows=839808 width=4) (actual time=0.021..2574.411 rows=528673 loops=1)
                    Filter: ((company_id < 17678) AND (company_type_id > 1))
                    Rows Removed by Filter: 2080456
              ->  Hash  (cost=61283.27..61283.27 rows=2528527 width=4) (actual time=3668.874..3668.874 rows=2528312 loops=1)
                    Buckets: 131072  Batches: 64  Memory Usage: 2415kB
                    ->  Seq Scan on title t  (cost=0.00..61283.27 rows=2528527 width=4) (actual time=0.008..2728.760 rows=2528312 loops=1)
Planning time: 0.877 ms
Execution time: 65100.844 ms
