Hash Join  (cost=583046.46..2106611.09 rows=37337029 width=0) (actual time=12910.685..67993.539 rows=67829491 loops=1)
  Hash Cond: (ci.movie_id = t.id)
  ->  Seq Scan on cast_info ci  (cost=0.00..705507.15 rows=30769790 width=4) (actual time=0.015..17303.537 rows=30718951 loops=1)
        Filter: (person_id < 3100824)
        Rows Removed by Filter: 5525393
  ->  Hash  (cost=532708.04..532708.04 rows=3068194 width=8) (actual time=12908.930..12908.930 rows=3036719 loops=1)
        Buckets: 131072  Batches: 64  Memory Usage: 2881kB
        ->  Hash Join  (cost=102767.86..532708.04 rows=3068194 width=8) (actual time=2394.814..12002.299 rows=3036719 loops=1)
              Hash Cond: (mi.movie_id = t.id)
              ->  Seq Scan on movie_info mi  (cost=0.00..346232.03 rows=3068194 width=4) (actual time=0.021..6041.781 rows=3036719 loops=1)
                    Filter: (info_type_id = 16)
                    Rows Removed by Filter: 11799001
              ->  Hash  (cost=61283.27..61283.27 rows=2528527 width=4) (actual time=2393.062..2393.062 rows=2528312 loops=1)
                    Buckets: 131072  Batches: 64  Memory Usage: 2425kB
                    ->  Seq Scan on title t  (cost=0.00..61283.27 rows=2528527 width=4) (actual time=0.017..1166.468 rows=2528312 loops=1)
Planning time: 0.725 ms
Execution time: 75518.414 ms
