Seq Scan on cast_info ci  (cost=0.00..796071.18 rows=3527797 width=0) (actual time=4879.918..13107.250 rows=7075817 loops=1)
  Filter: ((person_id < 967731) AND (role_id = 1))
  Rows Removed by Filter: 29168527
Planning time: 0.355 ms
Execution time: 13935.388 ms
