Seq Scan on movie_keyword mk  (cost=0.00..81003.12 rows=3158774 width=0) (actual time=0.015..3535.522 rows=3139546 loops=1)
  Filter: (keyword_id < 12080)
  Rows Removed by Filter: 1384384
Planning time: 4.572 ms
Execution time: 3995.861 ms
