Hash Join  (cost=121599.94..247021.71 rows=280674 width=0) (actual time=2725.570..7560.502 rows=4161539 loops=1)
  Hash Cond: (mk.movie_id = t.id)
  ->  Seq Scan on movie_keyword mk  (cost=0.00..69693.30 rows=4523930 width=4) (actual time=0.023..1472.466 rows=4523930 loops=1)
  ->  Hash  (cost=119026.00..119026.00 rows=156875 width=8) (actual time=2724.673..2724.673 rows=364778 loops=1)
        Buckets: 131072 (originally 131072)  Batches: 8 (originally 4)  Memory Usage: 3073kB
        ->  Hash Join  (cost=78641.77..119026.00 rows=156875 width=8) (actual time=1342.903..2614.467 rows=364778 loops=1)
              Hash Cond: (mi_idx.movie_id = t.id)
              ->  Seq Scan on movie_info_idx mi_idx  (cost=0.00..21735.35 rows=1380035 width=4) (actual time=0.022..509.682 rows=1380035 loops=1)
              ->  Hash  (cost=73925.90..73925.90 rows=287429 width=4) (actual time=1342.105..1342.105 rows=401493 loops=1)
                    Buckets: 131072 (originally 131072)  Batches: 8 (originally 4)  Memory Usage: 3073kB
                    ->  Seq Scan on title t  (cost=0.00..73925.90 rows=287429 width=4) (actual time=0.043..1211.169 rows=401493 loops=1)
                          Filter: ((kind_id < 7) AND (production_year < 1992))
                          Rows Removed by Filter: 2126819
Planning time: 1.086 ms
Execution time: 8070.325 ms
