Seq Scan on movie_companies mc  (cost=0.00..51404.11 rows=1428804 width=0) (actual time=0.029..939.641 rows=1433405 loops=1)
  Filter: (company_id > 9999)
  Rows Removed by Filter: 1175724
Planning time: 0.294 ms
Execution time: 1121.575 ms
