Hash Join  (cost=80193.64..193315.53 rows=353894 width=0) (actual time=1308.548..4266.196 rows=1143095 loops=1)
  Hash Cond: (mk.movie_id = t.id)
  ->  Seq Scan on movie_keyword mk  (cost=0.00..81003.12 rows=2342618 width=4) (actual time=0.020..1613.888 rows=2342276 loops=1)
        Filter: (keyword_id > 4310)
        Rows Removed by Filter: 2181654
  ->  Hash  (cost=73925.90..73925.90 rows=381979 width=4) (actual time=1307.700..1307.700 rows=440029 loops=1)
        Buckets: 131072  Batches: 8  Memory Usage: 2976kB
        ->  Seq Scan on title t  (cost=0.00..73925.90 rows=381979 width=4) (actual time=0.411..1172.128 rows=440029 loops=1)
              Filter: ((production_year < 2006) AND (kind_id = 1))
              Rows Removed by Filter: 2088283
Planning time: 0.688 ms
Execution time: 4411.639 ms
