Hash Join  (cost=426169.51..513445.22 rows=61767 width=0) (actual time=6937.487..8752.454 rows=176590 loops=1)
  Hash Cond: (mk.movie_id = t.id)
  ->  Seq Scan on movie_keyword mk  (cost=0.00..69693.30 rows=4523930 width=4) (actual time=0.026..963.532 rows=4523930 loops=1)
  ->  Hash  (cost=425737.97..425737.97 rows=34523 width=8) (actual time=6936.866..6936.866 rows=29173 loops=1)
        Buckets: 65536  Batches: 1  Memory Usage: 1652kB
        ->  Hash Join  (cost=69374.09..425737.97 rows=34523 width=8) (actual time=3324.430..6924.493 rows=29173 loops=1)
              Hash Cond: (mi.movie_id = t.id)
              ->  Seq Scan on movie_info mi  (cost=0.00..346232.03 rows=809768 width=4) (actual time=2267.579..5542.787 rows=802140 loops=1)
                    Filter: (info_type_id < 2)
                    Rows Removed by Filter: 14033580
              ->  Hash  (cost=67604.59..67604.59 rows=107800 width=4) (actual time=1055.942..1055.942 rows=108429 loops=1)
                    Buckets: 131072  Batches: 2  Memory Usage: 2938kB
                    ->  Seq Scan on title t  (cost=0.00..67604.59 rows=107800 width=4) (actual time=0.023..1013.493 rows=108429 loops=1)
                          Filter: (production_year = 2006)
                          Rows Removed by Filter: 2419883
Planning time: 2.035 ms
Execution time: 8774.326 ms
