Seq Scan on cast_info ci  (cost=0.00..796071.18 rows=559129 width=0) (actual time=8883.167..12921.551 rows=837774 loops=1)
  Filter: ((person_id > 2521616) AND (role_id = 8))
  Rows Removed by Filter: 35406570
Planning time: 0.353 ms
Execution time: 13019.917 ms
