Seq Scan on cast_info ci  (cost=0.00..796071.18 rows=1274877 width=0) (actual time=578.237..12797.450 rows=3507769 loops=1)
  Filter: ((person_id > 2725513) AND (role_id > 9))
  Rows Removed by Filter: 32736575
Planning time: 0.337 ms
Execution time: 13231.836 ms
