Hash Join  (cost=184139.02..313447.82 rows=599677 width=0) (actual time=3685.491..6540.128 rows=310917 loops=1)
  Hash Cond: (mk.movie_id = t.id)
  ->  Seq Scan on movie_keyword mk  (cost=0.00..69693.30 rows=4523930 width=4) (actual time=0.023..1344.430 rows=4523930 loops=1)
  ->  Hash  (cost=178639.35..178639.35 rows=335173 width=8) (actual time=3226.455..3226.455 rows=30969 loops=1)
        Buckets: 131072  Batches: 8  Memory Usage: 1189kB
        ->  Hash Join  (cost=102767.86..178639.35 rows=335173 width=8) (actual time=1871.381..3213.489 rows=30969 loops=1)
              Hash Cond: (mc.movie_id = t.id)
              ->  Seq Scan on movie_companies mc  (cost=0.00..57926.93 rows=335173 width=4) (actual time=3.767..889.101 rows=30969 loops=1)
                    Filter: ((company_id > 47205) AND (company_type_id = 1))
                    Rows Removed by Filter: 2578160
              ->  Hash  (cost=61283.27..61283.27 rows=2528527 width=4) (actual time=1866.028..1866.028 rows=2528312 loops=1)
                    Buckets: 131072  Batches: 64  Memory Usage: 2415kB
                    ->  Seq Scan on title t  (cost=0.00..61283.27 rows=2528527 width=4) (actual time=0.015..1034.900 rows=2528312 loops=1)
Planning time: 9.916 ms
Execution time: 6568.720 ms
