Hash Join  (cost=147869.45..652513.40 rows=1110331 width=0) (actual time=2863.848..16568.676 rows=3857520 loops=1)
  Hash Cond: (mi.movie_id = t.id)
  ->  Seq Scan on movie_info mi  (cost=0.00..346232.03 rows=12665229 width=4) (actual time=0.018..7011.697 rows=12744652 loops=1)
        Filter: (info_type_id > 2)
        Rows Removed by Filter: 2091068
  ->  Hash  (cost=144232.58..144232.58 rows=221670 width=8) (actual time=2863.017..2863.017 rows=288867 loops=1)
        Buckets: 131072  Batches: 4  Memory Usage: 3869kB
        ->  Hash Join  (cost=77561.16..144232.58 rows=221670 width=8) (actual time=1254.037..2780.181 rows=288867 loops=1)
              Hash Cond: (mc.movie_id = t.id)
              ->  Seq Scan on movie_companies mc  (cost=0.00..51404.11 rows=923627 width=4) (actual time=0.020..889.205 rows=932191 loops=1)
                    Filter: (company_id > 19397)
                    Rows Removed by Filter: 1676938
              ->  Hash  (cost=67604.59..67604.59 rows=606846 width=4) (actual time=1253.133..1253.133 rows=603411 loops=1)
                    Buckets: 131072  Batches: 8  Memory Usage: 3668kB
                    ->  Seq Scan on title t  (cost=0.00..67604.59 rows=606846 width=4) (actual time=0.028..1061.821 rows=603411 loops=1)
                          Filter: (production_year < 1986)
                          Rows Removed by Filter: 1924901
Planning time: 1.071 ms
Execution time: 17051.483 ms
