Seq Scan on movie_keyword mk  (cost=0.00..81003.12 rows=4032594 width=0) (actual time=0.019..1586.216 rows=4038129 loops=1)
  Filter: (keyword_id < 36947)
  Rows Removed by Filter: 485801
Planning time: 0.232 ms
Execution time: 2091.278 ms
