Seq Scan on movie_keyword mk  (cost=0.00..81003.12 rows=246 width=0) (actual time=126.355..1298.588 rows=3 loops=1)
  Filter: (keyword_id = 64071)
  Rows Removed by Filter: 4523927
Planning time: 0.235 ms
Execution time: 1298.659 ms
