Seq Scan on cast_info ci  (cost=0.00..705507.15 rows=10368956 width=0) (actual time=0.007..11755.404 rows=10380689 loops=1)
  Filter: (person_id > 2672705)
  Rows Removed by Filter: 25863655
Planning time: 0.313 ms
Execution time: 13039.035 ms
