Hash Join  (cost=83072.96..109983.47 rows=3 width=0) (actual time=1322.486..1848.946 rows=24 loops=1)
  Hash Cond: (mi_idx.movie_id = t.id)
  ->  Seq Scan on movie_info_idx mi_idx  (cost=0.00..21735.35 rows=1380035 width=4) (actual time=0.024..294.126 rows=1380035 loops=1)
  ->  Hash  (cost=83072.90..83072.90 rows=5 width=8) (actual time=1304.123..1304.123 rows=8 loops=1)
        Buckets: 1024  Batches: 1  Memory Usage: 9kB
        ->  Nested Loop  (cost=0.43..83072.90 rows=5 width=8) (actual time=260.447..1304.098 rows=8 loops=1)
              ->  Seq Scan on movie_keyword mk  (cost=0.00..81003.12 rows=246 width=4) (actual time=10.811..1246.922 rows=1094 loops=1)
                    Filter: (keyword_id = 844)
                    Rows Removed by Filter: 4522836
              ->  Index Scan using title_pkey on title t  (cost=0.43..8.40 rows=1 width=4) (actual time=0.051..0.051 rows=0 loops=1094)
                    Index Cond: (id = mk.movie_id)
                    Filter: ((kind_id < 7) AND (production_year = 2009))
                    Rows Removed by Filter: 1
Planning time: 1.130 ms
Execution time: 1849.088 ms
