Hash Join  (cost=868001.53..955039.12 rows=37955 width=0) (actual time=11791.298..13045.008 rows=38611 loops=1)
  Hash Cond: (mk.movie_id = t.id)
  ->  Seq Scan on movie_keyword mk  (cost=0.00..69693.30 rows=4523930 width=4) (actual time=0.022..685.837 rows=4523930 loops=1)
  ->  Hash  (cost=867736.35..867736.35 rows=21214 width=8) (actual time=11790.313..11790.313 rows=7130 loops=1)
        Buckets: 32768  Batches: 1  Memory Usage: 535kB
        ->  Hash Join  (cost=68438.72..867736.35 rows=21214 width=8) (actual time=1288.486..11787.013 rows=7130 loops=1)
              Hash Cond: (ci.movie_id = t.id)
              ->  Seq Scan on cast_info ci  (cost=0.00..796071.18 rows=803816 width=4) (actual time=200.762..10614.748 rows=264172 loops=1)
                    Filter: ((person_id < 591320) AND (role_id > 9))
                    Rows Removed by Filter: 35980172
              ->  Hash  (cost=67604.59..67604.59 rows=66731 width=4) (actual time=1086.482..1086.482 rows=67342 loops=1)
                    Buckets: 131072  Batches: 1  Memory Usage: 3392kB
                    ->  Seq Scan on title t  (cost=0.00..67604.59 rows=66731 width=4) (actual time=0.022..1057.826 rows=67342 loops=1)
                          Filter: (production_year > 2012)
                          Rows Removed by Filter: 2460970
Planning time: 1.837 ms
Execution time: 13075.372 ms
