Hash Join  (cost=83891.93..219135.06 rows=1086809 width=0) (actual time=4072.670..11731.622 rows=3042680 loops=1)
  Hash Cond: (mk.movie_id = t.id)
  ->  Seq Scan on movie_keyword mk  (cost=0.00..69693.30 rows=4523930 width=4) (actual time=0.023..4141.446 rows=4523930 loops=1)
  ->  Hash  (cost=73925.90..73925.90 rows=607442 width=4) (actual time=4071.850..4071.850 rows=675690 loops=1)
        Buckets: 131072  Batches: 8  Memory Usage: 4020kB
        ->  Seq Scan on title t  (cost=0.00..73925.90 rows=607442 width=4) (actual time=0.014..3805.026 rows=675690 loops=1)
              Filter: ((kind_id < 7) AND (production_year < 2007))
              Rows Removed by Filter: 1852622
Planning time: 0.709 ms
Execution time: 12120.677 ms
