Seq Scan on cast_info ci  (cost=0.00..796071.18 rows=2074108 width=0) (actual time=7064.975..11141.749 rows=673291 loops=1)
  Filter: ((person_id < 1706548) AND (role_id = 10))
  Rows Removed by Filter: 35571053
Planning time: 0.345 ms
Execution time: 11225.710 ms
