Seq Scan on movie_companies mc  (cost=0.00..57926.93 rows=987966 width=0) (actual time=471.674..1055.387 rows=848003 loops=1)
  Filter: ((company_id > 677) AND (company_type_id < 2))
  Rows Removed by Filter: 1761126
Planning time: 0.319 ms
Execution time: 1158.905 ms
