Hash Join  (cost=190230.21..273593.97 rows=851923 width=0) (actual time=4194.970..7065.709 rows=2259971 loops=1)
  Hash Cond: (mc.movie_id = t.id)
  ->  Seq Scan on movie_companies mc  (cost=0.00..51404.11 rows=1560910 width=4) (actual time=0.026..992.081 rows=1563467 loops=1)
        Filter: (company_id > 6078)
        Rows Removed by Filter: 1045662
  ->  Hash  (cost=167588.78..167588.78 rows=1380035 width=8) (actual time=4193.916..4193.916 rows=1380035 loops=1)
        Buckets: 131072  Batches: 32  Memory Usage: 2708kB
        ->  Hash Join  (cost=102767.86..167588.78 rows=1380035 width=8) (actual time=1868.576..3792.322 rows=1380035 loops=1)
              Hash Cond: (mi_idx.movie_id = t.id)
              ->  Seq Scan on movie_info_idx mi_idx  (cost=0.00..21735.35 rows=1380035 width=4) (actual time=0.021..428.357 rows=1380035 loops=1)
              ->  Hash  (cost=61283.27..61283.27 rows=2528527 width=4) (actual time=1867.683..1867.683 rows=2528312 loops=1)
                    Buckets: 131072  Batches: 64  Memory Usage: 2415kB
                    ->  Seq Scan on title t  (cost=0.00..61283.27 rows=2528527 width=4) (actual time=0.013..1025.972 rows=2528312 loops=1)
Planning time: 1.087 ms
Execution time: 7333.682 ms
