Hash Join  (cost=83810.17..154018.05 rows=377390 width=0) (actual time=1540.695..3437.284 rows=779761 loops=1)
  Hash Cond: (mc.movie_id = t.id)
  ->  Seq Scan on movie_companies mc  (cost=0.00..51404.11 rows=966098 width=4) (actual time=0.033..892.170 rows=976174 loops=1)
        Filter: (company_id > 17478)
        Rows Removed by Filter: 1632955
  ->  Hash  (cost=67604.59..67604.59 rows=987727 width=4) (actual time=1539.579..1539.579 rows=985048 loops=1)
        Buckets: 131072  Batches: 16  Memory Usage: 3188kB
        ->  Seq Scan on title t  (cost=0.00..67604.59 rows=987727 width=4) (actual time=0.017..1232.059 rows=985048 loops=1)
              Filter: (kind_id < 7)
              Rows Removed by Filter: 1543264
Planning time: 0.683 ms
Execution time: 3528.874 ms
