Seq Scan on movie_keyword mk  (cost=0.00..81003.12 rows=1719403 width=0) (actual time=0.028..1291.663 rows=1730008 loops=1)
  Filter: (keyword_id > 8184)
  Rows Removed by Filter: 2793922
Planning time: 0.294 ms
Execution time: 1510.899 ms
