Hash Join  (cost=206823.99..1224577.05 rows=1683524 width=0) (actual time=6227.003..34085.894 rows=11067300 loops=1)
  Hash Cond: (ci.movie_id = t.id)
  ->  Seq Scan on cast_info ci  (cost=0.00..705507.15 rows=22999941 width=4) (actual time=1439.631..14787.382 rows=23056556 loops=1)
        Filter: (person_id > 1301581)
        Rows Removed by Filter: 13187788
  ->  Hash  (cost=203787.49..203787.49 rows=185080 width=8) (actual time=4786.178..4786.178 rows=657010 loops=1)
        Buckets: 131072 (originally 131072)  Batches: 16 (originally 4)  Memory Usage: 3073kB
        ->  Hash Join  (cost=75919.53..203787.49 rows=185080 width=8) (actual time=1165.536..4567.713 rows=657010 loops=1)
              Hash Cond: (mk.movie_id = t.id)
              ->  Seq Scan on movie_keyword mk  (cost=0.00..81003.12 rows=3852009 width=4) (actual time=0.037..1760.337 rows=3847433 loops=1)
                    Filter: (keyword_id < 27697)
                    Rows Removed by Filter: 676497
              ->  Hash  (cost=73925.90..73925.90 rows=121490 width=4) (actual time=1164.521..1164.521 rows=222618 loops=1)
                    Buckets: 131072 (originally 131072)  Batches: 4 (originally 2)  Memory Usage: 3073kB
                    ->  Seq Scan on title t  (cost=0.00..73925.90 rows=121490 width=4) (actual time=0.015..1081.530 rows=222618 loops=1)
                          Filter: ((kind_id < 7) AND (production_year < 1966))
                          Rows Removed by Filter: 2305694
Planning time: 0.816 ms
Execution time: 35323.935 ms
