Hash Join  (cost=199174.77..674781.20 rows=931136 width=0) (actual time=4715.702..15961.369 rows=7060773 loops=1)
  Hash Cond: (mi.movie_id = t.id)
  ->  Seq Scan on movie_info mi  (cost=0.00..346232.03 rows=9293409 width=4) (actual time=660.040..6759.687 rows=9425200 loops=1)
        Filter: (info_type_id > 5)
        Rows Removed by Filter: 5410520
  ->  Hash  (cost=195018.01..195018.01 rows=253341 width=8) (actual time=4054.725..4054.725 rows=176344 loops=1)
        Buckets: 131072  Batches: 4  Memory Usage: 2711kB
        ->  Hash Join  (cost=69928.56..195018.01 rows=253341 width=8) (actual time=1123.080..3979.433 rows=176344 loops=1)
              Hash Cond: (mk.movie_id = t.id)
              ->  Seq Scan on movie_keyword mk  (cost=0.00..69693.30 rows=4523930 width=4) (actual time=0.033..1382.097 rows=4523930 loops=1)
              ->  Hash  (cost=67604.59..67604.59 rows=141598 width=4) (actual time=1122.046..1122.046 rows=141703 loops=1)
                    Buckets: 131072  Batches: 2  Memory Usage: 3517kB
                    ->  Seq Scan on title t  (cost=0.00..67604.59 rows=141598 width=4) (actual time=0.023..1064.303 rows=141703 loops=1)
                          Filter: (production_year = 2010)
                          Rows Removed by Filter: 2386609
Planning time: 1.124 ms
Execution time: 16674.678 ms
