Hash Join  (cost=166316.29..303616.21 rows=625024 width=0) (actual time=3959.226..10286.431 rows=12676889 loops=1)
  Hash Cond: (mk.movie_id = t.id)
  ->  Seq Scan on movie_keyword mk  (cost=0.00..81003.12 rows=4201213 width=4) (actual time=0.024..1849.150 rows=4205047 loops=1)
        Filter: (keyword_id < 51162)
        Rows Removed by Filter: 318883
  ->  Hash  (cost=160144.10..160144.10 rows=376175 width=8) (actual time=3831.340..3831.340 rows=485778 loops=1)
        Buckets: 131072  Batches: 8  Memory Usage: 3448kB
        ->  Hash Join  (cost=79907.83..160144.10 rows=376175 width=8) (actual time=1453.462..3668.934 rows=485778 loops=1)
              Hash Cond: (mc.movie_id = t.id)
              ->  Seq Scan on movie_companies mc  (cost=0.00..44881.29 rows=2609129 width=4) (actual time=0.015..858.829 rows=2609129 loops=1)
              ->  Hash  (cost=73925.90..73925.90 rows=364554 width=4) (actual time=1412.864..1412.864 rows=274015 loops=1)
                    Buckets: 131072  Batches: 8  Memory Usage: 2229kB
                    ->  Seq Scan on title t  (cost=0.00..73925.90 rows=364554 width=4) (actual time=61.031..1328.120 rows=274015 loops=1)
                          Filter: ((production_year > 2000) AND (kind_id = 1))
                          Rows Removed by Filter: 2254297
Planning time: 1.120 ms
Execution time: 11719.117 ms
