Seq Scan on movie_companies mc  (cost=0.00..51404.11 rows=104 width=0) (actual time=192.604..385.695 rows=246 loops=1)
  Filter: (company_id = 71905)
  Rows Removed by Filter: 2608883
Planning time: 0.349 ms
Execution time: 385.807 ms
