Hash Join  (cost=162471.40..549282.52 rows=373127 width=0) (actual time=2970.090..13769.597 rows=1141112 loops=1)
  Hash Cond: (mi.movie_id = t.id)
  ->  Seq Scan on movie_info mi  (cost=0.00..309384.22 rows=14739122 width=4) (actual time=0.024..4402.500 rows=14835720 loops=1)
  ->  Hash  (cost=161671.27..161671.27 rows=64011 width=8) (actual time=2969.474..2969.474 rows=100564 loops=1)
        Buckets: 131072 (originally 65536)  Batches: 2 (originally 1)  Memory Usage: 3073kB
        ->  Hash Join  (cost=74373.12..161671.27 rows=64011 width=8) (actual time=1110.986..2931.614 rows=100564 loops=1)
              Hash Cond: (mk.movie_id = t.id)
              ->  Seq Scan on movie_keyword mk  (cost=0.00..69693.30 rows=4523930 width=4) (actual time=0.025..931.143 rows=4523930 loops=1)
              ->  Hash  (cost=73925.90..73925.90 rows=35777 width=4) (actual time=1106.411..1106.411 rows=37357 loops=1)
                    Buckets: 65536  Batches: 1  Memory Usage: 1826kB
                    ->  Seq Scan on title t  (cost=0.00..73925.90 rows=35777 width=4) (actual time=256.580..1091.368 rows=37357 loops=1)
                          Filter: ((production_year > 2007) AND (kind_id = 4))
                          Rows Removed by Filter: 2490955
Planning time: 1.143 ms
Execution time: 13904.260 ms
