Hash Join  (cost=709673.55..736584.20 rows=17 width=0) (actual time=11387.107..11437.499 rows=3 loops=1)
  Hash Cond: (mi_idx.movie_id = t.id)
  ->  Seq Scan on movie_info_idx mi_idx  (cost=0.00..21735.35 rows=1380035 width=4) (actual time=0.017..334.250 rows=1380035 loops=1)
  ->  Hash  (cost=709673.15..709673.15 rows=32 width=8) (actual time=10856.928..10856.928 rows=95 loops=1)
        Buckets: 1024  Batches: 1  Memory Usage: 12kB
        ->  Nested Loop  (cost=0.43..709673.15 rows=32 width=8) (actual time=7772.561..10856.854 rows=95 loops=1)
              ->  Seq Scan on cast_info ci  (cost=0.00..705507.15 rows=500 width=4) (actual time=7772.413..10851.710 rows=454 loops=1)
                    Filter: (person_id = 2132865)
                    Rows Removed by Filter: 36243890
              ->  Index Scan using title_pkey on title t  (cost=0.43..8.32 rows=1 width=4) (actual time=0.011..0.011 rows=0 loops=454)
                    Index Cond: (id = ci.movie_id)
                    Filter: (production_year = 2011)
                    Rows Removed by Filter: 1
Planning time: 1.144 ms
Execution time: 11437.634 ms
