Hash Join  (cost=92883.59..1308629.03 rows=16251545 width=0) (actual time=1736.519..37475.658 rows=16047201 loops=1)
  Hash Cond: (ci.movie_id = t.id)
  ->  Seq Scan on cast_info ci  (cost=0.00..705507.15 rows=26669568 width=4) (actual time=0.023..15383.544 rows=26866499 loops=1)
        Filter: (person_id > 923095)
        Rows Removed by Filter: 9377845
  ->  Hash  (cost=67604.59..67604.59 rows=1540800 width=4) (actual time=1735.449..1735.449 rows=1543264 loops=1)
        Buckets: 131072  Batches: 32  Memory Usage: 2722kB
        ->  Seq Scan on title t  (cost=0.00..67604.59 rows=1540800 width=4) (actual time=0.022..1202.024 rows=1543264 loops=1)
              Filter: (kind_id = 7)
              Rows Removed by Filter: 985048
Planning time: 0.745 ms
Execution time: 39367.576 ms
