Seq Scan on movie_companies mc  (cost=0.00..51404.11 rows=104 width=0) (actual time=0.237..939.107 rows=806 loops=1)
  Filter: (company_id = 168)
  Rows Removed by Filter: 2608323
Planning time: 0.243 ms
Execution time: 939.368 ms
