Hash Join  (cost=102767.86..235576.30 rows=1742358 width=0) (actual time=2163.752..5405.887 rows=1751800 loops=1)
  Hash Cond: (mk.movie_id = t.id)
  ->  Seq Scan on movie_keyword mk  (cost=0.00..81003.12 rows=1742358 width=4) (actual time=0.021..1570.339 rows=1751800 loops=1)
        Filter: (keyword_id < 2860)
        Rows Removed by Filter: 2772130
  ->  Hash  (cost=61283.27..61283.27 rows=2528527 width=4) (actual time=2162.710..2162.710 rows=2528312 loops=1)
        Buckets: 131072  Batches: 64  Memory Usage: 2425kB
        ->  Seq Scan on title t  (cost=0.00..61283.27 rows=2528527 width=4) (actual time=0.019..1284.465 rows=2528312 loops=1)
Planning time: 3.118 ms
Execution time: 5602.861 ms
