Hash Join  (cost=102767.86..234362.98 rows=1691938 width=0) (actual time=2748.233..5936.658 rows=1701142 loops=1)
  Hash Cond: (mk.movie_id = t.id)
  ->  Seq Scan on movie_keyword mk  (cost=0.00..81003.12 rows=1691938 width=4) (actual time=0.016..1472.181 rows=1701142 loops=1)
        Filter: (keyword_id > 8454)
        Rows Removed by Filter: 2822788
  ->  Hash  (cost=61283.27..61283.27 rows=2528527 width=4) (actual time=2746.657..2746.657 rows=2528312 loops=1)
        Buckets: 131072  Batches: 64  Memory Usage: 2425kB
        ->  Seq Scan on title t  (cost=0.00..61283.27 rows=2528527 width=4) (actual time=0.012..1152.319 rows=2528312 loops=1)
Planning time: 4.081 ms
Execution time: 6146.395 ms
