Hash Join  (cost=52284.43..416942.57 rows=222 width=0) (actual time=1204.675..7772.328 rows=874 loops=1)
  Hash Cond: (mi.movie_id = t.id)
  ->  Seq Scan on movie_info mi  (cost=0.00..309384.22 rows=14739122 width=4) (actual time=0.018..4315.979 rows=14835720 loops=1)
  ->  Hash  (cost=52283.95..52283.95 rows=38 width=8) (actual time=783.194..783.194 rows=55 loops=1)
        Buckets: 1024  Batches: 1  Memory Usage: 11kB
        ->  Nested Loop  (cost=0.43..52283.95 rows=38 width=8) (actual time=126.778..783.138 rows=55 loops=1)
              ->  Seq Scan on movie_companies mc  (cost=0.00..51404.11 rows=104 width=4) (actual time=126.686..781.207 rows=55 loops=1)
                    Filter: (company_id = 93987)
                    Rows Removed by Filter: 2609074
              ->  Index Scan using title_pkey on title t  (cost=0.43..8.45 rows=1 width=4) (actual time=0.032..0.033 rows=1 loops=55)
                    Index Cond: (id = mc.movie_id)
                    Filter: (production_year < 1998)
Planning time: 1.091 ms
Execution time: 7772.865 ms
