Hash Join  (cost=95185.49..151653.30 rows=7765 width=0) (actual time=1744.082..2768.207 rows=24226 loops=1)
  Hash Cond: (mc.movie_id = t.id)
  ->  Seq Scan on movie_companies mc  (cost=0.00..51404.11 rows=1329612 width=4) (actual time=148.516..916.590 rows=1334883 loops=1)
        Filter: (company_type_id = 2)
        Rows Removed by Filter: 1274246
  ->  Hash  (cost=95000.92..95000.92 rows=14766 width=8) (actual time=1594.392..1594.392 rows=19681 loops=1)
        Buckets: 32768 (originally 16384)  Batches: 1 (originally 1)  Memory Usage: 1025kB
        ->  Hash Join  (cost=67942.77..95000.92 rows=14766 width=8) (actual time=993.562..1587.026 rows=19681 loops=1)
              Hash Cond: (mi_idx.movie_id = t.id)
              ->  Seq Scan on movie_info_idx mi_idx  (cost=0.00..21735.35 rows=1380035 width=4) (actual time=0.024..270.739 rows=1380035 loops=1)
              ->  Hash  (cost=67604.59..67604.59 rows=27055 width=4) (actual time=993.216..993.216 rows=26775 loops=1)
                    Buckets: 32768  Batches: 1  Memory Usage: 1198kB
                    ->  Seq Scan on title t  (cost=0.00..67604.59 rows=27055 width=4) (actual time=0.064..981.734 rows=26775 loops=1)
                          Filter: (production_year = 1993)
                          Rows Removed by Filter: 2501537
Planning time: 1.197 ms
Execution time: 2771.795 ms
