Seq Scan on movie_companies mc  (cost=0.00..51404.11 rows=104 width=40) (actual time=178.994..497.259 rows=1508 loops=1)
  Filter: (company_id = 13165)
  Rows Removed by Filter: 2607621
Planning time: 0.460 ms
Execution time: 497.382 ms
