Seq Scan on movie_keyword mk  (cost=0.00..81003.12 rows=1969065 width=0) (actual time=0.016..1410.239 rows=1974423 loops=1)
  Filter: (keyword_id < 3463)
  Rows Removed by Filter: 2549507
Planning time: 0.232 ms
Execution time: 1645.315 ms
