Seq Scan on title t  (cost=0.00..73925.90 rows=93732 width=0) (actual time=0.014..3480.813 rows=100592 loops=1)
  Filter: ((kind_id > 1) AND (production_year = 2009))
  Rows Removed by Filter: 2427720
Planning time: 0.315 ms
Execution time: 3496.204 ms
