Seq Scan on movie_keyword mk  (cost=0.00..81003.12 rows=246 width=0) (actual time=0.244..1273.328 rows=3190 loops=1)
  Filter: (keyword_id = 6427)
  Rows Removed by Filter: 4520740
Planning time: 0.352 ms
Execution time: 1274.109 ms
