Hash Join  (cost=74709.85..130022.53 rows=64715 width=0) (actual time=1293.352..2656.049 rows=45056 loops=1)
  Hash Cond: (mc.movie_id = t.id)
  ->  Seq Scan on movie_companies mc  (cost=0.00..44881.29 rows=2609129 width=4) (actual time=0.014..633.361 rows=2609129 loops=1)
  ->  Hash  (cost=73925.90..73925.90 rows=62716 width=4) (actual time=1292.946..1292.946 rows=71543 loops=1)
        Buckets: 131072 (originally 65536)  Batches: 1 (originally 1)  Memory Usage: 3540kB
        ->  Seq Scan on title t  (cost=0.00..73925.90 rows=62716 width=4) (actual time=0.023..1261.946 rows=71543 loops=1)
              Filter: ((kind_id > 1) AND (production_year = 2004))
              Rows Removed by Filter: 2456769
Planning time: 2.323 ms
Execution time: 2662.671 ms
