Hash Join  (cost=139354.68..624347.06 rows=486045 width=0) (actual time=2526.782..13603.687 rows=1226059 loops=1)
  Hash Cond: (mi.movie_id = t.id)
  ->  Seq Scan on movie_info mi  (cost=0.00..309384.22 rows=14739122 width=4) (actual time=0.008..6066.892 rows=14835720 loops=1)
  ->  Hash  (cost=137986.41..137986.41 rows=83382 width=8) (actual time=2525.412..2525.412 rows=45850 loops=1)
        Buckets: 131072  Batches: 2  Memory Usage: 1934kB
        ->  Hash Join  (cost=70308.29..137986.41 rows=83382 width=8) (actual time=1422.210..2508.694 rows=45850 loops=1)
              Hash Cond: (mc.movie_id = t.id)
              ->  Seq Scan on movie_companies mc  (cost=0.00..51404.11 rows=1279517 width=4) (actual time=416.600..978.184 rows=1274246 loops=1)
                    Filter: (company_type_id < 2)
                    Rows Removed by Filter: 1334883
              ->  Hash  (cost=67604.59..67604.59 rows=164776 width=4) (actual time=1004.675..1004.675 rows=164307 loops=1)
                    Buckets: 131072  Batches: 4  Memory Usage: 2482kB
                    ->  Seq Scan on title t  (cost=0.00..67604.59 rows=164776 width=4) (actual time=0.041..948.438 rows=164307 loops=1)
                          Filter: (production_year = 2012)
                          Rows Removed by Filter: 2364005
Planning time: 1.140 ms
Execution time: 13745.281 ms
