Hash Join  (cost=128935.11..480238.35 rows=5255 width=0) (actual time=6207.259..7660.641 rows=2 loops=1)
  Hash Cond: (mi.movie_id = t.id)
  ->  Seq Scan on movie_info mi  (cost=0.00..346232.03 rows=1338312 width=4) (actual time=3826.035..5442.335 rows=1401902 loops=1)
        Filter: (info_type_id = 7)
        Rows Removed by Filter: 13433818
  ->  Hash  (cost=128810.99..128810.99 rows=9929 width=8) (actual time=2018.624..2018.624 rows=2 loops=1)
        Buckets: 16384  Batches: 1  Memory Usage: 129kB
        ->  Hash Join  (cost=74046.18..128810.99 rows=9929 width=8) (actual time=1366.030..2018.570 rows=2 loops=1)
              Hash Cond: (mc.movie_id = t.id)
              ->  Seq Scan on movie_companies mc  (cost=0.00..44881.29 rows=2609129 width=4) (actual time=0.019..566.294 rows=2609129 loops=1)
              ->  Hash  (cost=73925.90..73925.90 rows=9622 width=4) (actual time=995.647..995.647 rows=2 loops=1)
                    Buckets: 16384  Batches: 1  Memory Usage: 129kB
                    ->  Seq Scan on title t  (cost=0.00..73925.90 rows=9622 width=4) (actual time=106.204..995.607 rows=2 loops=1)
                          Filter: ((production_year < 1957) AND (kind_id = 4))
                          Rows Removed by Filter: 2528310
Planning time: 1.148 ms
Execution time: 7660.795 ms
