Hash Join  (cost=114961.80..568410.57 rows=429731 width=0) (actual time=2957.817..12828.463 rows=1431027 loops=1)
  Hash Cond: (mi.movie_id = t.id)
  ->  Seq Scan on movie_info mi  (cost=0.00..346232.03 rows=8859586 width=4) (actual time=535.067..6554.721 rows=8966694 loops=1)
        Filter: (info_type_id < 15)
        Rows Removed by Filter: 5869026
  ->  Hash  (cost=112948.73..112948.73 rows=122645 width=8) (actual time=2421.268..2421.268 rows=145048 loops=1)
        Buckets: 131072  Batches: 2  Memory Usage: 3870kB
        ->  Hash Join  (cost=78556.72..112948.73 rows=122645 width=8) (actual time=1425.370..2369.777 rows=145048 loops=1)
              Hash Cond: (mi_idx.movie_id = t.id)
              ->  Seq Scan on movie_info_idx mi_idx  (cost=0.00..25185.44 rows=464566 width=4) (actual time=0.034..545.897 rows=459925 loops=1)
                    Filter: (info_type_id = 101)
                    Rows Removed by Filter: 920110
              ->  Hash  (cost=67604.59..67604.59 rows=667531 width=4) (actual time=1424.375..1424.375 rows=662834 loops=1)
                    Buckets: 131072  Batches: 16  Memory Usage: 2478kB
                    ->  Seq Scan on title t  (cost=0.00..67604.59 rows=667531 width=4) (actual time=0.024..1200.636 rows=662834 loops=1)
                          Filter: (production_year < 1989)
                          Rows Removed by Filter: 1865478
Planning time: 1.211 ms
Execution time: 13006.540 ms
