Hash Join  (cost=203252.25..732406.52 rows=4624835 width=0) (actual time=4202.118..19112.364 rows=7603132 loops=1)
  Hash Cond: (mi.movie_id = t.id)
  ->  Seq Scan on movie_info mi  (cost=0.00..309384.22 rows=14739122 width=4) (actual time=0.017..5967.372 rows=14835720 loops=1)
  ->  Hash  (cost=190234.75..190234.75 rows=793400 width=8) (actual time=4201.116..4201.116 rows=536370 loops=1)
        Buckets: 131072  Batches: 16  Memory Usage: 2338kB
        ->  Hash Join  (cost=104131.46..190234.75 rows=793400 width=8) (actual time=2085.758..4029.035 rows=536370 loops=1)
              Hash Cond: (mc.movie_id = t.id)
              ->  Seq Scan on movie_companies mc  (cost=0.00..57926.93 rows=901070 width=4) (actual time=0.031..1072.109 rows=579595 loops=1)
                    Filter: ((company_id < 25176) AND (company_type_id = 2))
                    Rows Removed by Filter: 2029534
              ->  Hash  (cost=67604.59..67604.59 rows=2226390 width=4) (actual time=2084.685..2084.685 rows=2224569 loops=1)
                    Buckets: 131072  Batches: 32  Memory Usage: 3463kB
                    ->  Seq Scan on title t  (cost=0.00..67604.59 rows=2226390 width=4) (actual time=0.005..1386.892 rows=2224569 loops=1)
                          Filter: (production_year < 2012)
                          Rows Removed by Filter: 303743
Planning time: 4.326 ms
Execution time: 20008.867 ms
