Hash Join  (cost=78598.05..157698.66 rows=293808 width=0) (actual time=1246.455..3244.878 rows=187484 loops=1)
  Hash Cond: (mc.movie_id = t.id)
  ->  Seq Scan on movie_companies mc  (cost=0.00..44881.29 rows=2609129 width=4) (actual time=0.019..855.003 rows=2609129 loops=1)
  ->  Hash  (cost=73925.90..73925.90 rows=284732 width=4) (actual time=1245.249..1245.249 rows=150368 loops=1)
        Buckets: 131072  Batches: 4  Memory Usage: 2345kB
        ->  Seq Scan on title t  (cost=0.00..73925.90 rows=284732 width=4) (actual time=0.015..1193.716 rows=150368 loops=1)
              Filter: ((kind_id > 1) AND (production_year < 1971))
              Rows Removed by Filter: 2377944
Planning time: 0.693 ms
Execution time: 3267.437 ms
