Hash Join  (cost=347301.40..1118528.38 rows=22131734 width=0) (actual time=8673.216..66848.433 rows=195170517 loops=1)
  Hash Cond: (mi.movie_id = t.id)
  ->  Seq Scan on movie_info mi  (cost=0.00..309384.22 rows=14739122 width=4) (actual time=0.016..6397.714 rows=14835720 loops=1)
  ->  Hash  (cost=285010.09..285010.09 rows=3796745 width=8) (actual time=8672.272..8672.272 rows=3788278 loops=1)
        Buckets: 131072  Batches: 64  Memory Usage: 3441kB
        ->  Hash Join  (cost=102767.86..285010.09 rows=3796745 width=8) (actual time=2029.325..6928.170 rows=3788278 loops=1)
              Hash Cond: (mk.movie_id = t.id)
              ->  Seq Scan on movie_keyword mk  (cost=0.00..81003.12 rows=3796745 width=4) (actual time=0.015..1817.141 rows=3788278 loops=1)
                    Filter: (keyword_id < 25605)
                    Rows Removed by Filter: 735652
              ->  Hash  (cost=61283.27..61283.27 rows=2528527 width=4) (actual time=2027.464..2027.464 rows=2528312 loops=1)
                    Buckets: 131072  Batches: 64  Memory Usage: 2425kB
                    ->  Seq Scan on title t  (cost=0.00..61283.27 rows=2528527 width=4) (actual time=0.021..1145.576 rows=2528312 loops=1)
Planning time: 1.130 ms
Execution time: 88017.271 ms
