Seq Scan on movie_keyword mk  (cost=0.00..81003.12 rows=2011140 width=0) (actual time=0.012..1448.668 rows=2015845 loops=1)
  Filter: (keyword_id < 3600)
  Rows Removed by Filter: 2508085
Planning time: 0.297 ms
Execution time: 1703.630 ms
