Nested Loop  (cost=0.43..52283.95 rows=54 width=0) (actual time=64.496..902.204 rows=16 loops=1)
  ->  Seq Scan on movie_companies mc  (cost=0.00..51404.11 rows=104 width=4) (actual time=64.440..900.813 rows=31 loops=1)
        Filter: (company_id = 27589)
        Rows Removed by Filter: 2609098
  ->  Index Scan using title_pkey on title t  (cost=0.43..8.45 rows=1 width=4) (actual time=0.040..0.040 rows=1 loops=31)
        Index Cond: (id = mc.movie_id)
        Filter: (production_year > 2001)
        Rows Removed by Filter: 0
Planning time: 0.740 ms
Execution time: 902.335 ms
