Hash Join  (cost=76125.53..949085.68 rows=334788 width=0) (actual time=8276.504..20201.301 rows=49081 loops=1)
  Hash Cond: (ci.movie_id = t.id)
  ->  Seq Scan on cast_info ci  (cost=0.00..796071.18 rows=6314957 width=4) (actual time=7165.250..16630.771 rows=7451973 loops=1)
        Filter: ((person_id < 3181158) AND (role_id = 2))
        Rows Removed by Filter: 28792371
  ->  Hash  (cost=73925.90..73925.90 rows=134050 width=4) (actual time=1110.540..1110.540 rows=33653 loops=1)
        Buckets: 131072  Batches: 2  Memory Usage: 1617kB
        ->  Seq Scan on title t  (cost=0.00..73925.90 rows=134050 width=4) (actual time=0.034..1096.330 rows=33653 loops=1)
              Filter: ((production_year < 1958) AND (kind_id = 7))
              Rows Removed by Filter: 2494659
Planning time: 1.362 ms
Execution time: 20208.265 ms
