Seq Scan on movie_companies mc  (cost=0.00..57926.93 rows=2516 width=0) (actual time=0.468..773.565 rows=4898 loops=1)
  Filter: ((company_id = 1709) AND (company_type_id = 1))
  Rows Removed by Filter: 2604231
Planning time: 0.623 ms
Execution time: 774.555 ms
