Seq Scan on movie_keyword mk  (cost=0.00..81003.12 rows=246 width=0) (actual time=1.760..1149.824 rows=1487 loops=1)
  Filter: (keyword_id = 1401)
  Rows Removed by Filter: 4522443
Planning time: 0.276 ms
Execution time: 1150.336 ms
