Hash Join  (cost=175027.18..262296.23 rows=771860 width=0) (actual time=3904.459..6586.134 rows=2265466 loops=1)
  Hash Cond: (mc.movie_id = t.id)
  ->  Seq Scan on movie_companies mc  (cost=0.00..51404.11 rows=2123557 width=4) (actual time=0.025..993.594 rows=2119491 loops=1)
        Filter: (company_id < 74784)
        Rows Removed by Filter: 489638
  ->  Hash  (cost=159947.97..159947.97 rows=919057 width=8) (actual time=3903.465..3903.465 rows=920110 loops=1)
        Buckets: 131072  Batches: 16  Memory Usage: 3269kB
        ->  Hash Join  (cost=102767.86..159947.97 rows=919057 width=8) (actual time=2017.743..3649.867 rows=920110 loops=1)
              Hash Cond: (mi_idx.movie_id = t.id)
              ->  Seq Scan on movie_info_idx mi_idx  (cost=0.00..25185.44 rows=919057 width=4) (actual time=0.020..526.291 rows=920110 loops=1)
                    Filter: (info_type_id > 99)
                    Rows Removed by Filter: 459925
              ->  Hash  (cost=61283.27..61283.27 rows=2528527 width=4) (actual time=2016.684..2016.684 rows=2528312 loops=1)
                    Buckets: 131072  Batches: 64  Memory Usage: 2415kB
                    ->  Seq Scan on title t  (cost=0.00..61283.27 rows=2528527 width=4) (actual time=0.013..1181.741 rows=2528312 loops=1)
Planning time: 1.089 ms
Execution time: 6841.496 ms
