Hash Join  (cost=117544.69..241576.95 rows=166622 width=0) (actual time=2367.626..5081.350 rows=90660 loops=1)
  Hash Cond: (mk.movie_id = t.id)
  ->  Seq Scan on movie_keyword mk  (cost=0.00..69693.30 rows=4523930 width=4) (actual time=0.018..1427.900 rows=4523930 loops=1)
  ->  Hash  (cost=116016.58..116016.58 rows=93129 width=8) (actual time=2366.835..2366.835 rows=42612 loops=1)
        Buckets: 131072  Batches: 2  Memory Usage: 1856kB
        ->  Hash Join  (cost=76725.80..116016.58 rows=93129 width=8) (actual time=1272.058..2353.674 rows=42612 loops=1)
              Hash Cond: (mi_idx.movie_id = t.id)
              ->  Seq Scan on movie_info_idx mi_idx  (cost=0.00..21735.35 rows=1380035 width=4) (actual time=0.021..526.770 rows=1380035 loops=1)
              ->  Hash  (cost=73925.90..73925.90 rows=170632 width=4) (actual time=1270.051..1270.051 rows=170068 loops=1)
                    Buckets: 131072  Batches: 4  Memory Usage: 2534kB
                    ->  Seq Scan on title t  (cost=0.00..73925.90 rows=170632 width=4) (actual time=0.026..1183.887 rows=170068 loops=1)
                          Filter: ((kind_id > 1) AND (production_year > 2011))
                          Rows Removed by Filter: 2358244
Planning time: 1.108 ms
Execution time: 5091.728 ms
