Seq Scan on movie_companies mc  (cost=0.00..51404.11 rows=1978065 width=0) (actual time=0.021..984.821 rows=1974124 loops=1)
  Filter: (company_id < 58308)
  Rows Removed by Filter: 635005
Planning time: 0.281 ms
Execution time: 1236.738 ms
