Nested Loop  (cost=0.43..83072.29 rows=14 width=0) (actual time=117.907..1245.302 rows=71 loops=1)
  ->  Seq Scan on movie_keyword mk  (cost=0.00..81003.12 rows=246 width=4) (actual time=0.961..1213.410 rows=921 loops=1)
        Filter: (keyword_id = 5558)
        Rows Removed by Filter: 4523009
  ->  Index Scan using title_pkey on title t  (cost=0.43..8.40 rows=1 width=4) (actual time=0.033..0.034 rows=0 loops=921)
        Index Cond: (id = mk.movie_id)
        Filter: (production_year < 1942)
        Rows Removed by Filter: 1
Planning time: 0.805 ms
Execution time: 1245.476 ms
