Hash Join  (cost=1073355.86..1301002.37 rows=7278774 width=0) (actual time=46171.354..65826.905 rows=46931625 loops=1)
  Hash Cond: (mk.movie_id = t.id)
  ->  Seq Scan on movie_keyword mk  (cost=0.00..69693.30 rows=4523930 width=4) (actual time=0.013..4150.501 rows=4523930 loops=1)
  ->  Hash  (cost=1006610.46..1006610.46 rows=4068272 width=8) (actual time=46170.213..46170.213 rows=6349187 loops=1)
        Buckets: 131072 (originally 131072)  Batches: 128 (originally 64)  Memory Usage: 3073kB
        ->  Hash Join  (cost=102767.86..1006610.46 rows=4068272 width=8) (actual time=4267.892..44115.507 rows=6349187 loops=1)
              Hash Cond: (ci.movie_id = t.id)
              ->  Seq Scan on cast_info ci  (cost=0.00..796071.18 rows=4068272 width=4) (actual time=242.381..33372.002 rows=6349187 loops=1)
                    Filter: ((person_id > 3018598) AND (role_id > 1))
                    Rows Removed by Filter: 29895157
              ->  Hash  (cost=61283.27..61283.27 rows=2528527 width=4) (actual time=4024.188..4024.188 rows=2528312 loops=1)
                    Buckets: 131072  Batches: 64  Memory Usage: 2415kB
                    ->  Seq Scan on title t  (cost=0.00..61283.27 rows=2528527 width=4) (actual time=0.019..3101.778 rows=2528312 loops=1)
Planning time: 10.408 ms
Execution time: 71465.957 ms
