Hash Join  (cost=103781.64..474421.90 rows=104158 width=0) (actual time=1918.664..9038.852 rows=126299 loops=1)
  Hash Cond: (mi.movie_id = t.id)
  ->  Seq Scan on movie_info mi  (cost=0.00..346232.03 rows=6231111 width=4) (actual time=0.025..5878.598 rows=6223494 loops=1)
        Filter: (info_type_id > 8)
        Rows Removed by Filter: 8612226
  ->  Hash  (cost=103253.31..103253.31 rows=42266 width=8) (actual time=1918.218..1918.218 rows=23155 loops=1)
        Buckets: 65536  Batches: 1  Memory Usage: 1417kB
        ->  Hash Join  (cost=71408.55..103253.31 rows=42266 width=8) (actual time=1156.373..1908.647 rows=23155 loops=1)
              Hash Cond: (mi_idx.movie_id = t.id)
              ->  Seq Scan on movie_info_idx mi_idx  (cost=0.00..25185.44 rows=460978 width=4) (actual time=0.029..507.963 rows=459925 loops=1)
                    Filter: (info_type_id < 100)
                    Rows Removed by Filter: 920110
              ->  Hash  (cost=67604.59..67604.59 rows=231837 width=4) (actual time=1155.487..1155.487 rows=231649 loops=1)
                    Buckets: 131072  Batches: 4  Memory Usage: 3076kB
                    ->  Seq Scan on title t  (cost=0.00..67604.59 rows=231837 width=4) (actual time=0.022..1078.068 rows=231649 loops=1)
                          Filter: (production_year > 2011)
                          Rows Removed by Filter: 2296663
Planning time: 1.147 ms
Execution time: 9057.516 ms
