Seq Scan on movie_companies mc  (cost=0.00..57926.93 rows=1238988 width=0) (actual time=0.023..1122.040 rows=1296621 loops=1)
  Filter: ((company_id > 34) AND (company_type_id = 2))
  Rows Removed by Filter: 1312508
Planning time: 0.378 ms
Execution time: 1272.110 ms
