Seq Scan on movie_keyword mk  (cost=0.00..81003.12 rows=246 width=0) (actual time=3.101..1272.102 rows=613 loops=1)
  Filter: (keyword_id = 7201)
  Rows Removed by Filter: 4523317
Planning time: 2.491 ms
Execution time: 1272.442 ms
