Hash Join  (cost=75818.69..211764.35 rows=774672 width=0) (actual time=1392.725..5287.091 rows=1077383 loops=1)
  Hash Cond: (mk.movie_id = t.id)
  ->  Seq Scan on movie_keyword mk  (cost=0.00..81003.12 rows=3912486 width=4) (actual time=0.018..1736.493 rows=3911792 loops=1)
        Filter: (keyword_id > 460)
        Rows Removed by Filter: 612138
  ->  Hash  (cost=67604.59..67604.59 rows=500648 width=4) (actual time=1391.592..1391.592 rows=494029 loops=1)
        Buckets: 131072  Batches: 8  Memory Usage: 3195kB
        ->  Seq Scan on title t  (cost=0.00..67604.59 rows=500648 width=4) (actual time=0.029..1228.313 rows=494029 loops=1)
              Filter: (production_year < 1979)
              Rows Removed by Filter: 2034283
Planning time: 0.713 ms
Execution time: 5397.274 ms
