Hash Join  (cost=73994.33..100918.42 rows=998 width=0) (actual time=1249.437..1812.635 rows=2889 loops=1)
  Hash Cond: (mi_idx.movie_id = t.id)
  ->  Seq Scan on movie_info_idx mi_idx  (cost=0.00..25185.44 rows=460978 width=4) (actual time=0.020..451.242 rows=459925 loops=1)
        Filter: (info_type_id = 99)
        Rows Removed by Filter: 920110
  ->  Hash  (cost=73925.90..73925.90 rows=5474 width=4) (actual time=1249.085..1249.085 rows=15440 loops=1)
        Buckets: 16384 (originally 8192)  Batches: 1 (originally 1)  Memory Usage: 671kB
        ->  Seq Scan on title t  (cost=0.00..73925.90 rows=5474 width=4) (actual time=0.057..1241.797 rows=15440 loops=1)
              Filter: ((kind_id > 1) AND (production_year = 1987))
              Rows Removed by Filter: 2512872
Planning time: 7.857 ms
Execution time: 1813.322 ms
