Seq Scan on movie_keyword mk  (cost=0.00..81003.12 rows=4487895 width=0) (actual time=0.024..1373.949 rows=4490326 loops=1)
  Filter: (keyword_id < 108294)
  Rows Removed by Filter: 33604
Planning time: 0.354 ms
Execution time: 1900.463 ms
