Seq Scan on movie_companies mc  (cost=0.00..51404.11 rows=104 width=0) (actual time=408.786..766.050 rows=96 loops=1)
  Filter: (company_id = 259)
  Rows Removed by Filter: 2609033
Planning time: 0.515 ms
Execution time: 766.166 ms
