Seq Scan on movie_companies mc  (cost=0.00..51404.11 rows=104 width=0) (actual time=121.888..836.680 rows=12 loops=1)
  Filter: (company_id = 39136)
  Rows Removed by Filter: 2609117
Planning time: 0.360 ms
Execution time: 836.766 ms
