Hash Join  (cost=102767.86..185830.43 rows=634070 width=0) (actual time=2212.519..4401.009 rows=895048 loops=1)
  Hash Cond: (mc.movie_id = t.id)
  ->  Seq Scan on movie_companies mc  (cost=0.00..57926.93 rows=634070 width=4) (actual time=0.025..1004.037 rows=895048 loops=1)
        Filter: ((company_id > 11590) AND (company_type_id = 2))
        Rows Removed by Filter: 1714081
  ->  Hash  (cost=61283.27..61283.27 rows=2528527 width=4) (actual time=2211.640..2211.640 rows=2528312 loops=1)
        Buckets: 131072  Batches: 64  Memory Usage: 2415kB
        ->  Seq Scan on title t  (cost=0.00..61283.27 rows=2528527 width=4) (actual time=0.027..1062.367 rows=2528312 loops=1)
Planning time: 0.741 ms
Execution time: 4513.098 ms
