Seq Scan on movie_info mi  (cost=0.00..346232.03 rows=947926 width=0) (actual time=89.091..5649.853 rows=997262 loops=1)
  Filter: (info_type_id > 89)
  Rows Removed by Filter: 13838458
Planning time: 0.380 ms
Execution time: 5777.593 ms
