Hash Join  (cost=84832.42..477205.59 rows=806642 width=0) (actual time=5709.354..9037.595 rows=797172 loops=1)
  Hash Cond: (mi.movie_id = t.id)
  ->  Seq Scan on movie_info mi  (cost=0.00..346232.03 rows=3068194 width=4) (actual time=4072.199..5753.326 rows=3036719 loops=1)
        Filter: (info_type_id = 16)
        Rows Removed by Filter: 11799001
  ->  Hash  (cost=73925.90..73925.90 rows=664761 width=4) (actual time=1636.065..1636.065 rows=704326 loops=1)
        Buckets: 131072  Batches: 16  Memory Usage: 2581kB
        ->  Seq Scan on title t  (cost=0.00..73925.90 rows=664761 width=4) (actual time=0.057..1399.704 rows=704326 loops=1)
              Filter: ((kind_id > 1) AND (production_year > 2006))
              Rows Removed by Filter: 1823986
Planning time: 0.625 ms
Execution time: 9123.706 ms
