Hash Join  (cost=892769.17..1463259.72 rows=5045482 width=0) (actual time=27321.575..48814.310 rows=28033626 loops=1)
  Hash Cond: (mi.movie_id = t.id)
  ->  Seq Scan on movie_info mi  (cost=0.00..309384.22 rows=14739122 width=4) (actual time=0.017..6512.246 rows=14835720 loops=1)
  ->  Hash  (cost=878567.63..878567.63 rows=865563 width=8) (actual time=27164.745..27164.745 rows=1087447 loops=1)
        Buckets: 131072  Batches: 16  Memory Usage: 3728kB
        ->  Hash Join  (cost=78846.40..878567.63 rows=865563 width=8) (actual time=4245.001..26834.768 rows=1087447 loops=1)
              Hash Cond: (ci.movie_id = t.id)
              ->  Seq Scan on cast_info ci  (cost=0.00..705507.15 rows=7298253 width=4) (actual time=0.023..19015.266 rows=7451973 loops=1)
                    Filter: (role_id = 2)
                    Rows Removed by Filter: 28792371
              ->  Hash  (cost=73925.90..73925.90 rows=299880 width=4) (actual time=4244.042..4244.042 rows=391036 loops=1)
                    Buckets: 131072 (originally 131072)  Batches: 8 (originally 4)  Memory Usage: 3073kB
                    ->  Seq Scan on title t  (cost=0.00..73925.90 rows=299880 width=4) (actual time=0.018..3372.183 rows=391036 loops=1)
                          Filter: ((kind_id < 2) AND (production_year < 2002))
                          Rows Removed by Filter: 2137276
Planning time: 1.317 ms
Execution time: 52051.215 ms
