Hash Join  (cost=221624.41..1357157.33 rows=9902875 width=0) (actual time=5309.474..44997.100 rows=27101542 loops=1)
  Hash Cond: (ci.movie_id = t.id)
  ->  Seq Scan on cast_info ci  (cost=0.00..614943.12 rows=36225612 width=4) (actual time=0.022..13493.866 rows=36244344 loops=1)
  ->  Hash  (cost=210283.23..210283.23 rows=691215 width=8) (actual time=5308.470..5308.470 rows=689160 loops=1)
        Buckets: 131072  Batches: 16  Memory Usage: 2734kB
        ->  Hash Join  (cost=102767.86..210283.23 rows=691215 width=8) (actual time=2016.274..5098.134 rows=689160 loops=1)
              Hash Cond: (mk.movie_id = t.id)
              ->  Seq Scan on movie_keyword mk  (cost=0.00..81003.12 rows=691215 width=4) (actual time=0.029..1411.016 rows=689160 loops=1)
                    Filter: (keyword_id < 571)
                    Rows Removed by Filter: 3834770
              ->  Hash  (cost=61283.27..61283.27 rows=2528527 width=4) (actual time=2014.364..2014.364 rows=2528312 loops=1)
                    Buckets: 131072  Batches: 64  Memory Usage: 2425kB
                    ->  Seq Scan on title t  (cost=0.00..61283.27 rows=2528527 width=4) (actual time=0.021..1156.936 rows=2528312 loops=1)
Planning time: 1.103 ms
Execution time: 48167.875 ms
