Hash Join  (cost=68365.25..127183.22 rows=5374 width=0) (actual time=1147.902..2074.162 rows=9697 loops=1)
  Hash Cond: (mc.movie_id = t.id)
  ->  Seq Scan on movie_companies mc  (cost=0.00..57926.93 rows=223280 width=4) (actual time=125.326..913.076 rows=443383 loops=1)
        Filter: ((company_id > 77897) AND (company_type_id > 1))
        Rows Removed by Filter: 2165746
  ->  Hash  (cost=67604.59..67604.59 rows=60853 width=4) (actual time=1022.053..1022.053 rows=62568 loops=1)
        Buckets: 65536  Batches: 1  Memory Usage: 2712kB
        ->  Seq Scan on title t  (cost=0.00..67604.59 rows=60853 width=4) (actual time=0.051..997.224 rows=62568 loops=1)
              Filter: (production_year = 2002)
              Rows Removed by Filter: 2465744
Planning time: 0.563 ms
Execution time: 2076.023 ms
