Seq Scan on movie_keyword mk  (cost=0.00..81003.12 rows=246 width=0) (actual time=3.219..1276.194 rows=570 loops=1)
  Filter: (keyword_id = 7582)
  Rows Removed by Filter: 4523360
Planning time: 0.350 ms
Execution time: 1276.555 ms
