Seq Scan on movie_companies mc  (cost=0.00..57926.93 rows=1109 width=0) (actual time=0.071..884.092 rows=2398 loops=1)
  Filter: ((company_type_id < 2) AND (company_id = 3139))
  Rows Removed by Filter: 2606731
Planning time: 0.369 ms
Execution time: 884.693 ms
