Hash Join  (cost=426202.96..1253525.24 rows=69406 width=0) (actual time=11072.468..23962.690 rows=22749 loops=1)
  Hash Cond: (ci.movie_id = t.id)
  ->  Seq Scan on cast_info ci  (cost=0.00..796071.18 rows=8148545 width=4) (actual time=4046.767..14810.704 rows=12670688 loops=1)
        Filter: ((person_id < 2359094) AND (role_id = 1))
        Rows Removed by Filter: 23573656
  ->  Hash  (cost=425933.74..425933.74 rows=21537 width=8) (actual time=7025.191..7025.191 rows=2632 loops=1)
        Buckets: 32768  Batches: 1  Memory Usage: 359kB
        ->  Hash Join  (cost=74430.83..425933.74 rows=21537 width=8) (actual time=5786.459..7023.822 rows=2632 loops=1)
              Hash Cond: (mi.movie_id = t.id)
              ->  Seq Scan on movie_info mi  (cost=0.00..346232.03 rows=1348138 width=4) (actual time=4490.557..5402.230 rows=1298989 loops=1)
                    Filter: (info_type_id = 4)
                    Rows Removed by Filter: 13536731
              ->  Hash  (cost=73925.90..73925.90 rows=40394 width=4) (actual time=1294.682..1294.682 rows=40264 loops=1)
                    Buckets: 65536  Batches: 1  Memory Usage: 1928kB
                    ->  Seq Scan on title t  (cost=0.00..73925.90 rows=40394 width=4) (actual time=0.947..1277.277 rows=40264 loops=1)
                          Filter: ((kind_id > 4) AND (production_year = 2013))
                          Rows Removed by Filter: 2488048
Planning time: 0.808 ms
Execution time: 23967.528 ms
