Hash Join  (cost=58375.58..85286.17 rows=11 width=0) (actual time=923.896..1387.728 rows=6 loops=1)
  Hash Cond: (mi_idx.movie_id = t.id)
  ->  Seq Scan on movie_info_idx mi_idx  (cost=0.00..21735.35 rows=1380035 width=4) (actual time=0.021..304.260 rows=1380035 loops=1)
  ->  Hash  (cost=58375.31..58375.31 rows=21 width=8) (actual time=832.586..832.586 rows=2 loops=1)
        Buckets: 1024  Batches: 1  Memory Usage: 9kB
        ->  Nested Loop  (cost=0.43..58375.31 rows=21 width=8) (actual time=186.016..832.579 rows=2 loops=1)
              ->  Seq Scan on movie_companies mc  (cost=0.00..57926.93 rows=53 width=4) (actual time=185.949..832.457 rows=2 loops=1)
                    Filter: ((company_id = 8339) AND (company_type_id = 2))
                    Rows Removed by Filter: 2609127
              ->  Index Scan using title_pkey on title t  (cost=0.43..8.45 rows=1 width=4) (actual time=0.052..0.053 rows=1 loops=2)
                    Index Cond: (id = mc.movie_id)
                    Filter: (kind_id < 7)
Planning time: 1.163 ms
Execution time: 1387.851 ms
