Hash Join  (cost=210618.23..743457.92 rows=3243585 width=0) (actual time=4945.554..25061.057 rows=30764039 loops=1)
  Hash Cond: (mi.movie_id = t.id)
  ->  Seq Scan on movie_info mi  (cost=0.00..309384.22 rows=14739122 width=4) (actual time=0.012..5908.393 rows=14835720 loops=1)
  ->  Hash  (cost=201488.68..201488.68 rows=556444 width=8) (actual time=4944.101..4944.101 rows=839452 loops=1)
        Buckets: 131072 (originally 131072)  Batches: 16 (originally 8)  Memory Usage: 3165kB
        ->  Hash Join  (cost=72707.20..201488.68 rows=556444 width=8) (actual time=1202.811..4688.134 rows=839452 loops=1)
              Hash Cond: (mk.movie_id = t.id)
              ->  Seq Scan on movie_keyword mk  (cost=0.00..69693.30 rows=4523930 width=4) (actual time=0.030..1417.736 rows=4523930 loops=1)
              ->  Hash  (cost=67604.59..67604.59 rows=311009 width=4) (actual time=1201.961..1201.961 rows=309534 loops=1)
                    Buckets: 131072  Batches: 8  Memory Usage: 2384kB
                    ->  Seq Scan on title t  (cost=0.00..67604.59 rows=311009 width=4) (actual time=0.018..1095.606 rows=309534 loops=1)
                          Filter: (production_year < 1966)
                          Rows Removed by Filter: 2218778
Planning time: 1.122 ms
Execution time: 28493.543 ms
