Hash Join  (cost=102767.86..199387.32 rows=1197448 width=0) (actual time=1842.708..4504.977 rows=1275291 loops=1)
  Hash Cond: (mc.movie_id = t.id)
  ->  Seq Scan on movie_companies mc  (cost=0.00..57926.93 rows=1197448 width=4) (actual time=0.027..1253.207 rows=1275291 loops=1)
        Filter: ((company_id > 122) AND (company_type_id > 1))
        Rows Removed by Filter: 1333838
  ->  Hash  (cost=61283.27..61283.27 rows=2528527 width=4) (actual time=1840.924..1840.924 rows=2528312 loops=1)
        Buckets: 131072  Batches: 64  Memory Usage: 2415kB
        ->  Seq Scan on title t  (cost=0.00..61283.27 rows=2528527 width=4) (actual time=0.019..1025.057 rows=2528312 loops=1)
Planning time: 0.776 ms
Execution time: 4650.550 ms
