Hash Join  (cost=190230.21..322880.00 rows=1483251 width=0) (actual time=4326.708..8898.761 rows=6272644 loops=1)
  Hash Cond: (mk.movie_id = t.id)
  ->  Seq Scan on movie_keyword mk  (cost=0.00..81003.12 rows=2717641 width=4) (actual time=0.013..1630.992 rows=2718586 loops=1)
        Filter: (keyword_id < 7683)
        Rows Removed by Filter: 1805344
  ->  Hash  (cost=167588.78..167588.78 rows=1380035 width=8) (actual time=4325.628..4325.628 rows=1380035 loops=1)
        Buckets: 131072  Batches: 32  Memory Usage: 2726kB
        ->  Hash Join  (cost=102767.86..167588.78 rows=1380035 width=8) (actual time=1989.857..3914.660 rows=1380035 loops=1)
              Hash Cond: (mi_idx.movie_id = t.id)
              ->  Seq Scan on movie_info_idx mi_idx  (cost=0.00..21735.35 rows=1380035 width=4) (actual time=0.023..416.024 rows=1380035 loops=1)
              ->  Hash  (cost=61283.27..61283.27 rows=2528527 width=4) (actual time=1989.139..1989.139 rows=2528312 loops=1)
                    Buckets: 131072  Batches: 64  Memory Usage: 2415kB
                    ->  Seq Scan on title t  (cost=0.00..61283.27 rows=2528527 width=4) (actual time=0.016..1129.656 rows=2528312 loops=1)
Planning time: 1.070 ms
Execution time: 9626.477 ms
