Seq Scan on movie_keyword mk  (cost=0.00..81003.12 rows=246 width=0) (actual time=12.951..1212.266 rows=297 loops=1)
  Filter: (keyword_id = 7358)
  Rows Removed by Filter: 4523633
Planning time: 0.817 ms
Execution time: 1212.553 ms
