Hash Join  (cost=123920.72..614445.01 rows=1004434 width=0) (actual time=3953.909..18761.685 rows=7777498 loops=1)
  Hash Cond: (mi.movie_id = t.id)
  ->  Seq Scan on movie_info mi  (cost=0.00..309384.22 rows=14739122 width=4) (actual time=0.022..5415.701 rows=14835720 loops=1)
  ->  Hash  (cost=121092.81..121092.81 rows=172313 width=8) (actual time=2643.561..2643.561 rows=350001 loops=1)
        Buckets: 131072 (originally 131072)  Batches: 8 (originally 4)  Memory Usage: 3073kB
        ->  Hash Join  (cost=81703.78..121092.81 rows=172313 width=8) (actual time=1416.787..2527.937 rows=350001 loops=1)
              Hash Cond: (mi_idx.movie_id = t.id)
              ->  Seq Scan on movie_info_idx mi_idx  (cost=0.00..25185.44 rows=919057 width=4) (actual time=0.018..518.997 rows=920110 loops=1)
                    Filter: (info_type_id > 99)
                    Rows Removed by Filter: 459925
              ->  Hash  (cost=73925.90..73925.90 rows=474070 width=4) (actual time=1368.057..1368.057 rows=496025 loops=1)
                    Buckets: 131072  Batches: 8  Memory Usage: 3214kB
                    ->  Seq Scan on title t  (cost=0.00..73925.90 rows=474070 width=4) (actual time=0.008..1211.883 rows=496025 loops=1)
                          Filter: ((production_year < 2009) AND (kind_id = 1))
                          Rows Removed by Filter: 2032287
Planning time: 1.191 ms
Execution time: 19696.153 ms
