Hash Join  (cost=73997.78..438988.89 rows=33518 width=0) (actual time=1184.046..8694.378 rows=64904 loops=1)
  Hash Cond: (mi.movie_id = t.id)
  ->  Seq Scan on movie_info mi  (cost=0.00..309384.22 rows=14739122 width=4) (actual time=0.012..4389.459 rows=14835720 loops=1)
  ->  Hash  (cost=73925.90..73925.90 rows=5750 width=4) (actual time=986.420..986.420 rows=8526 loops=1)
        Buckets: 16384 (originally 8192)  Batches: 1 (originally 1)  Memory Usage: 428kB
        ->  Seq Scan on title t  (cost=0.00..73925.90 rows=5750 width=4) (actual time=0.095..982.495 rows=8526 loops=1)
              Filter: ((kind_id = 4) AND (production_year = 2008))
              Rows Removed by Filter: 2519786
Planning time: 0.800 ms
Execution time: 8705.982 ms
