Hash Join  (cost=182838.89..311447.84 rows=542291 width=0) (actual time=3627.133..6259.256 rows=105628 loops=1)
  Hash Cond: (mk.movie_id = t.id)
  ->  Seq Scan on movie_keyword mk  (cost=0.00..69693.30 rows=4523930 width=4) (actual time=0.139..1445.503 rows=4523930 loops=1)
  ->  Hash  (cost=177866.15..177866.15 rows=303099 width=8) (actual time=3190.349..3190.349 rows=10380 loops=1)
        Buckets: 131072  Batches: 4  Memory Usage: 1132kB
        ->  Hash Join  (cost=102767.86..177866.15 rows=303099 width=8) (actual time=2548.937..3185.719 rows=10380 loops=1)
              Hash Cond: (mc.movie_id = t.id)
              ->  Seq Scan on movie_companies mc  (cost=0.00..57926.93 rows=303099 width=4) (actual time=596.251..859.349 rows=10380 loops=1)
                    Filter: ((company_id > 61757) AND (company_type_id < 2))
                    Rows Removed by Filter: 2598749
              ->  Hash  (cost=61283.27..61283.27 rows=2528527 width=4) (actual time=1949.800..1949.800 rows=2528312 loops=1)
                    Buckets: 131072  Batches: 64  Memory Usage: 2415kB
                    ->  Seq Scan on title t  (cost=0.00..61283.27 rows=2528527 width=4) (actual time=0.023..1102.596 rows=2528312 loops=1)
Planning time: 1.148 ms
Execution time: 6272.991 ms
