Hash Join  (cost=103317.10..190217.96 rows=24282 width=0) (actual time=1755.847..3381.465 rows=225412 loops=1)
  Hash Cond: (mk.movie_id = t.id)
  ->  Seq Scan on movie_keyword mk  (cost=0.00..69693.30 rows=4523930 width=4) (actual time=0.017..816.003 rows=4523930 loops=1)
  ->  Hash  (cost=103147.45..103147.45 rows=13572 width=8) (actual time=1755.683..1755.683 rows=26438 loops=1)
        Buckets: 32768 (originally 16384)  Batches: 1 (originally 1)  Memory Usage: 1289kB
        ->  Hash Join  (cost=74394.67..103147.45 rows=13572 width=8) (actual time=1053.933..1745.619 rows=26438 loops=1)
              Hash Cond: (mi_idx.movie_id = t.id)
              ->  Seq Scan on movie_info_idx mi_idx  (cost=0.00..25185.44 rows=915101 width=4) (actual time=0.016..482.035 rows=919850 loops=1)
                    Filter: (info_type_id < 101)
                    Rows Removed by Filter: 460185
              ->  Hash  (cost=73925.90..73925.90 rows=37501 width=4) (actual time=1053.573..1053.573 rows=32253 loops=1)
                    Buckets: 65536  Batches: 1  Memory Usage: 1646kB
                    ->  Seq Scan on title t  (cost=0.00..73925.90 rows=37501 width=4) (actual time=0.335..1039.735 rows=32253 loops=1)
                          Filter: ((kind_id < 7) AND (production_year = 2005))
                          Rows Removed by Filter: 2496059
Planning time: 1.167 ms
Execution time: 3406.477 ms
