Hash Join  (cost=440139.78..564695.24 rows=209542 width=0) (actual time=6953.392..14263.555 rows=17780425 loops=1)
  Hash Cond: (mk.movie_id = t.id)
  ->  Seq Scan on movie_keyword mk  (cost=0.00..69693.30 rows=4523930 width=4) (actual time=0.017..1466.164 rows=4523930 loops=1)
  ->  Hash  (cost=438217.80..438217.80 rows=117118 width=8) (actual time=6952.667..6952.667 rows=176496 loops=1)
        Buckets: 131072 (originally 131072)  Batches: 4 (originally 2)  Memory Usage: 3073kB
        ->  Hash Join  (cost=81812.24..438217.80 rows=117118 width=8) (actual time=5405.251..6896.237 rows=176496 loops=1)
              Hash Cond: (mi.movie_id = t.id)
              ->  Seq Scan on movie_info mi  (cost=0.00..346232.03 rows=616095 width=4) (actual time=3872.984..5274.288 rows=598457 loops=1)
                    Filter: (info_type_id = 15)
                    Rows Removed by Filter: 14237263
              ->  Hash  (cost=73925.90..73925.90 rows=480667 width=4) (actual time=1260.923..1260.923 rows=350545 loops=1)
                    Buckets: 131072  Batches: 8  Memory Usage: 2580kB
                    ->  Seq Scan on title t  (cost=0.00..73925.90 rows=480667 width=4) (actual time=12.963..1156.283 rows=350545 loops=1)
                          Filter: ((production_year > 1987) AND (kind_id = 1))
                          Rows Removed by Filter: 2177767
Planning time: 1.390 ms
Execution time: 16430.160 ms
