Seq Scan on title t  (cost=0.00..73925.90 rows=36590 width=0) (actual time=2.905..771.861 rows=42576 loops=1)
  Filter: ((kind_id > 2) AND (production_year = 2000))
  Rows Removed by Filter: 2485736
Planning time: 0.357 ms
Execution time: 778.617 ms
