Hash Join  (cost=156664.02..287889.35 rows=757030 width=0) (actual time=3557.297..7697.007 rows=3100886 loops=1)
  Hash Cond: (mk.movie_id = t.id)
  ->  Seq Scan on movie_keyword mk  (cost=0.00..69693.30 rows=4523930 width=4) (actual time=0.020..1502.356 rows=4523930 loops=1)
  ->  Hash  (cost=149722.01..149722.01 rows=423121 width=8) (actual time=3556.518..3556.518 rows=432475 loops=1)
        Buckets: 131072  Batches: 8  Memory Usage: 3151kB
        ->  Hash Join  (cost=105357.69..149722.01 rows=423121 width=8) (actual time=2096.243..3412.162 rows=432475 loops=1)
              Hash Cond: (mi_idx.movie_id = t.id)
              ->  Seq Scan on movie_info_idx mi_idx  (cost=0.00..25185.44 rows=464934 width=4) (actual time=0.028..489.159 rows=460185 loops=1)
                    Filter: (info_type_id > 100)
                    Rows Removed by Filter: 919850
              ->  Hash  (cost=67604.59..67604.59 rows=2301128 width=4) (actual time=2095.193..2095.193 rows=2292034 loops=1)
                    Buckets: 131072  Batches: 32  Memory Usage: 3546kB
                    ->  Seq Scan on title t  (cost=0.00..67604.59 rows=2301128 width=4) (actual time=0.013..1359.452 rows=2292034 loops=1)
                          Filter: (production_year > 1949)
                          Rows Removed by Filter: 236278
Planning time: 2.420 ms
Execution time: 8049.914 ms
