Hash Join  (cost=178982.65..975875.85 rows=616463 width=0) (actual time=11512.536..21157.600 rows=3686191 loops=1)
  Hash Cond: (ci.movie_id = t.id)
  ->  Seq Scan on cast_info ci  (cost=0.00..705507.15 rows=7298253 width=4) (actual time=7894.003..12968.864 rows=7451973 loops=1)
        Filter: (role_id = 2)
        Rows Removed by Filter: 28792371
  ->  Hash  (cost=175477.93..175477.93 rows=213577 width=8) (actual time=3617.231..3617.231 rows=451584 loops=1)
        Buckets: 131072 (originally 131072)  Batches: 8 (originally 4)  Memory Usage: 3269kB
        ->  Hash Join  (cost=81720.25..175477.93 rows=213577 width=8) (actual time=1496.938..3472.836 rows=451584 loops=1)
              Hash Cond: (mk.movie_id = t.id)
              ->  Seq Scan on movie_keyword mk  (cost=0.00..81003.12 rows=627677 width=4) (actual time=0.039..1354.355 rows=624846 loops=1)
                    Filter: (keyword_id < 484)
                    Rows Removed by Filter: 3899084
              ->  Hash  (cost=67604.59..67604.59 rows=860373 width=4) (actual time=1495.884..1495.884 rows=854214 loops=1)
                    Buckets: 131072  Batches: 16  Memory Usage: 2906kB
                    ->  Seq Scan on title t  (cost=0.00..67604.59 rows=860373 width=4) (actual time=0.012..1219.644 rows=854214 loops=1)
                          Filter: (kind_id < 4)
                          Rows Removed by Filter: 1674098
Planning time: 1.198 ms
Execution time: 21611.416 ms
