Hash Join  (cost=102767.86..1458102.78 rows=26595309 width=0) (actual time=1875.900..39960.106 rows=26797175 loops=1)
  Hash Cond: (ci.movie_id = t.id)
  ->  Seq Scan on cast_info ci  (cost=0.00..705507.15 rows=26595309 width=4) (actual time=0.023..15547.268 rows=26797175 loops=1)
        Filter: (person_id > 929740)
        Rows Removed by Filter: 9447169
  ->  Hash  (cost=61283.27..61283.27 rows=2528527 width=4) (actual time=1874.336..1874.336 rows=2528312 loops=1)
        Buckets: 131072  Batches: 64  Memory Usage: 2415kB
        ->  Seq Scan on title t  (cost=0.00..61283.27 rows=2528527 width=4) (actual time=0.023..1050.169 rows=2528312 loops=1)
Planning time: 0.759 ms
Execution time: 42983.322 ms
