Hash Join  (cost=102767.86..914087.65 rows=223176 width=0) (actual time=6297.640..14383.331 rows=89689 loops=1)
  Hash Cond: (ci.movie_id = t.id)
  ->  Seq Scan on cast_info ci  (cost=0.00..796071.18 rows=223176 width=4) (actual time=4415.666..11972.826 rows=89689 loops=1)
        Filter: ((person_id < 673728) AND (role_id = 9))
        Rows Removed by Filter: 36154655
  ->  Hash  (cost=61283.27..61283.27 rows=2528527 width=4) (actual time=1880.439..1880.439 rows=2528312 loops=1)
        Buckets: 131072  Batches: 64  Memory Usage: 2415kB
        ->  Seq Scan on title t  (cost=0.00..61283.27 rows=2528527 width=4) (actual time=0.027..1046.424 rows=2528312 loops=1)
Planning time: 10.022 ms
Execution time: 14394.275 ms
