Hash Join  (cost=67697.55..894100.52 rows=23605 width=0) (actual time=1128.911..18102.418 rows=77682 loops=1)
  Hash Cond: (ci.movie_id = t.id)
  ->  Seq Scan on cast_info ci  (cost=0.00..796071.18 rows=8025532 width=4) (actual time=0.023..15082.026 rows=8661964 loops=1)
        Filter: ((person_id > 524695) AND (role_id > 4))
        Rows Removed by Filter: 27582380
  ->  Hash  (cost=67604.59..67604.59 rows=7437 width=4) (actual time=1128.775..1128.775 rows=21312 loops=1)
        Buckets: 32768 (originally 8192)  Batches: 1 (originally 1)  Memory Usage: 1006kB
        ->  Seq Scan on title t  (cost=0.00..67604.59 rows=7437 width=4) (actual time=0.196..1118.868 rows=21312 loops=1)
              Filter: (production_year = 1989)
              Rows Removed by Filter: 2507000
Planning time: 0.785 ms
Execution time: 18114.515 ms
