Hash Join  (cost=92735.26..231479.45 rows=1661520 width=0) (actual time=1826.310..5181.671 rows=1365663 loops=1)
  Hash Cond: (mk.movie_id = t.id)
  ->  Seq Scan on movie_keyword mk  (cost=0.00..81003.12 rows=2742772 width=4) (actual time=0.023..1624.761 rows=2738476 loops=1)
        Filter: (keyword_id < 7773)
        Rows Removed by Filter: 1785454
  ->  Hash  (cost=67604.59..67604.59 rows=1531734 width=4) (actual time=1825.042..1825.042 rows=1531613 loops=1)
        Buckets: 131072  Batches: 32  Memory Usage: 2716kB
        ->  Seq Scan on title t  (cost=0.00..67604.59 rows=1531734 width=4) (actual time=0.025..1319.777 rows=1531613 loops=1)
              Filter: (production_year > 1997)
              Rows Removed by Filter: 996699
Planning time: 0.865 ms
Execution time: 5326.902 ms
