Seq Scan on movie_keyword mk  (cost=0.00..81003.12 rows=3291867 width=0) (actual time=0.027..1547.939 rows=3278436 loops=1)
  Filter: (keyword_id > 1582)
  Rows Removed by Filter: 1245494
Planning time: 0.276 ms
Execution time: 1946.106 ms
