Hash Join  (cost=102767.86..469941.24 rows=459776 width=0) (actual time=4670.997..8528.009 rows=526764 loops=1)
  Hash Cond: (mi.movie_id = t.id)
  ->  Seq Scan on movie_info mi  (cost=0.00..346232.03 rows=459776 width=4) (actual time=2282.179..5274.558 rows=526764 loops=1)
        Filter: (info_type_id > 102)
        Rows Removed by Filter: 14308956
  ->  Hash  (cost=61283.27..61283.27 rows=2528527 width=4) (actual time=2385.501..2385.501 rows=2528312 loops=1)
        Buckets: 131072  Batches: 64  Memory Usage: 2425kB
        ->  Seq Scan on title t  (cost=0.00..61283.27 rows=2528527 width=4) (actual time=0.025..1052.200 rows=2528312 loops=1)
Planning time: 2.559 ms
Execution time: 8593.253 ms
