Hash Join  (cost=75587.46..152077.69 rows=104471 width=0) (actual time=1016.412..2878.528 rows=46380 loops=1)
  Hash Cond: (mc.movie_id = t.id)
  ->  Seq Scan on movie_companies mc  (cost=0.00..44881.29 rows=2609129 width=4) (actual time=0.019..910.459 rows=2609129 loops=1)
  ->  Hash  (cost=73925.90..73925.90 rows=101244 width=4) (actual time=1015.010..1015.010 rows=110779 loops=1)
        Buckets: 131072  Batches: 2  Memory Usage: 2970kB
        ->  Seq Scan on title t  (cost=0.00..73925.90 rows=101244 width=4) (actual time=0.032..945.703 rows=110779 loops=1)
              Filter: ((kind_id > 4) AND (production_year = 2012))
              Rows Removed by Filter: 2417533
Planning time: 0.829 ms
Execution time: 2884.872 ms
