Hash Join  (cost=70135.59..1126639.35 rows=2209760 width=0) (actual time=1011.898..29219.507 rows=1373937 loops=1)
  Hash Cond: (ci.movie_id = t.id)
  ->  Seq Scan on cast_info ci  (cost=0.00..614943.12 rows=36225612 width=4) (actual time=0.018..12936.556 rows=36244344 loops=1)
  ->  Hash  (cost=67604.59..67604.59 rows=154240 width=4) (actual time=1010.904..1010.904 rows=157497 loops=1)
        Buckets: 131072  Batches: 4  Memory Usage: 2405kB
        ->  Seq Scan on title t  (cost=0.00..67604.59 rows=154240 width=4) (actual time=0.012..960.758 rows=157497 loops=1)
              Filter: (production_year < 1948)
              Rows Removed by Filter: 2370815
Planning time: 0.777 ms
Execution time: 29390.671 ms
