Hash Join  (cost=898677.93..976119.65 rows=173520 width=0) (actual time=16112.263..18208.846 rows=497800 loops=1)
  Hash Cond: (mc.movie_id = t.id)
  ->  Seq Scan on movie_companies mc  (cost=0.00..44881.29 rows=2609129 width=4) (actual time=0.027..901.103 rows=2609129 loops=1)
  ->  Hash  (cost=895918.94..895918.94 rows=168159 width=8) (actual time=16111.287..16111.287 rows=162927 loops=1)
        Buckets: 131072  Batches: 4  Memory Usage: 2612kB
        ->  Hash Join  (cost=89253.38..895918.94 rows=168159 width=8) (actual time=6791.914..16054.809 rows=162927 loops=1)
              Hash Cond: (ci.movie_id = t.id)
              ->  Seq Scan on cast_info ci  (cost=0.00..796071.18 rows=455145 width=4) (actual time=5277.622..14204.346 rows=241108 loops=1)
                    Filter: ((person_id < 1818389) AND (role_id = 5))
                    Rows Removed by Filter: 36003236
              ->  Hash  (cost=73925.90..73925.90 rows=934198 width=4) (actual time=1513.384..1513.384 rows=950693 loops=1)
                    Buckets: 131072  Batches: 16  Memory Usage: 3114kB
                    ->  Seq Scan on title t  (cost=0.00..73925.90 rows=934198 width=4) (actual time=0.027..1224.255 rows=950693 loops=1)
                          Filter: ((kind_id < 7) AND (production_year < 2013))
                          Rows Removed by Filter: 1577619
Planning time: 2.449 ms
Execution time: 18269.154 ms
