Nested Loop  (cost=0.43..83072.90 rows=71 width=0) (actual time=795.083..1134.830 rows=151 loops=1)
  ->  Seq Scan on movie_keyword mk  (cost=0.00..81003.12 rows=246 width=4) (actual time=795.008..1128.730 rows=258 loops=1)
        Filter: (keyword_id = 34343)
        Rows Removed by Filter: 4523672
  ->  Index Scan using title_pkey on title t  (cost=0.43..8.40 rows=1 width=4) (actual time=0.023..0.023 rows=1 loops=258)
        Index Cond: (id = mk.movie_id)
        Filter: ((production_year < 2003) AND (kind_id = 7))
        Rows Removed by Filter: 0
Planning time: 0.773 ms
Execution time: 1134.987 ms
