Seq Scan on cast_info ci  (cost=0.00..796071.18 rows=170568 width=0) (actual time=7055.655..12358.062 rows=69941 loops=1)
  Filter: ((person_id < 1732532) AND (role_id > 10))
  Rows Removed by Filter: 36174403
Planning time: 0.352 ms
Execution time: 12363.327 ms
