Hash Join  (cost=83072.30..137737.83 rows=1 width=0) (actual time=1403.058..2382.214 rows=25 loops=1)
  Hash Cond: (mc.movie_id = t.id)
  ->  Seq Scan on movie_companies mc  (cost=0.00..44881.29 rows=2609129 width=4) (actual time=0.022..599.628 rows=2609129 loops=1)
  ->  Hash  (cost=83072.29..83072.29 rows=1 width=8) (actual time=1326.221..1326.221 rows=13 loops=1)
        Buckets: 1024  Batches: 1  Memory Usage: 9kB
        ->  Nested Loop  (cost=0.43..83072.29 rows=1 width=8) (actual time=56.437..1326.183 rows=13 loops=1)
              ->  Seq Scan on movie_keyword mk  (cost=0.00..81003.12 rows=246 width=4) (actual time=2.866..1258.334 rows=1600 loops=1)
                    Filter: (keyword_id = 10474)
                    Rows Removed by Filter: 4522330
              ->  Index Scan using title_pkey on title t  (cost=0.43..8.40 rows=1 width=4) (actual time=0.042..0.042 rows=0 loops=1600)
                    Index Cond: (id = mk.movie_id)
                    Filter: (production_year = 1984)
                    Rows Removed by Filter: 1
Planning time: 1.110 ms
Execution time: 2382.364 ms
