Seq Scan on cast_info ci  (cost=0.00..796071.18 rows=5002053 width=0) (actual time=7260.039..14239.367 rows=6361442 loops=1)
  Filter: ((person_id < 2560344) AND (role_id = 2))
  Rows Removed by Filter: 29882902
Planning time: 0.410 ms
Execution time: 15012.929 ms
