Hash Join  (cost=87245.25..164889.15 rows=436920 width=0) (actual time=2456.881..3724.518 rows=475556 loops=1)
  Hash Cond: (mc.movie_id = t.id)
  ->  Seq Scan on movie_companies mc  (cost=0.00..57926.93 rows=922872 width=4) (actual time=533.559..1129.942 rows=764792 loops=1)
        Filter: ((company_id > 1399) AND (company_type_id = 1))
        Rows Removed by Filter: 1844337
  ->  Hash  (cost=67604.59..67604.59 rows=1197093 width=4) (actual time=1921.625..1921.625 rows=1195923 loops=1)
        Buckets: 131072  Batches: 16  Memory Usage: 3653kB
        ->  Seq Scan on title t  (cost=0.00..67604.59 rows=1197093 width=4) (actual time=0.037..1306.142 rows=1195923 loops=1)
              Filter: (production_year < 2003)
              Rows Removed by Filter: 1332389
Planning time: 0.778 ms
Execution time: 3776.976 ms
