Hash Join  (cost=99161.12..207638.93 rows=1846231 width=0) (actual time=2122.619..5538.134 rows=2035986 loops=1)
  Hash Cond: (mc.movie_id = t.id)
  ->  Seq Scan on movie_companies mc  (cost=0.00..51404.11 rows=2427076 width=4) (actual time=0.024..1165.951 rows=2426310 loops=1)
        Filter: (company_id < 119220)
        Rows Removed by Filter: 182819
  ->  Hash  (cost=67604.59..67604.59 rows=1923403 width=4) (actual time=2121.617..2121.617 rows=1922849 loops=1)
        Buckets: 131072  Batches: 32  Memory Usage: 3132kB
        ->  Seq Scan on title t  (cost=0.00..67604.59 rows=1923403 width=4) (actual time=0.011..1488.594 rows=1922849 loops=1)
              Filter: (production_year < 2010)
              Rows Removed by Filter: 605463
Planning time: 0.746 ms
Execution time: 5788.361 ms
