Seq Scan on movie_keyword mk  (cost=0.00..81003.12 rows=246 width=0) (actual time=12.884..1252.802 rows=572 loops=1)
  Filter: (keyword_id = 16526)
  Rows Removed by Filter: 4523358
Planning time: 0.360 ms
Execution time: 1253.147 ms
