Seq Scan on movie_companies mc  (cost=0.00..51404.11 rows=1673385 width=0) (actual time=0.024..910.716 rows=1665073 loops=1)
  Filter: (company_id < 18844)
  Rows Removed by Filter: 944056
Planning time: 0.316 ms
Execution time: 1122.100 ms
