Hash Join  (cost=100957.97..465769.99 rows=15608 width=0) (actual time=1936.144..8932.530 rows=50460 loops=1)
  Hash Cond: (mi.movie_id = t.id)
  ->  Seq Scan on movie_info mi  (cost=0.00..309384.22 rows=14739122 width=4) (actual time=0.013..4200.784 rows=14835720 loops=1)
  ->  Hash  (cost=100924.49..100924.49 rows=2678 width=8) (actual time=1933.894..1933.894 rows=5286 loops=1)
        Buckets: 8192 (originally 4096)  Batches: 1 (originally 1)  Memory Usage: 271kB
        ->  Hash Join  (cost=73987.23..100924.49 rows=2678 width=8) (actual time=1248.020..1931.704 rows=5286 loops=1)
              Hash Cond: (mi_idx.movie_id = t.id)
              ->  Seq Scan on movie_info_idx mi_idx  (cost=0.00..21735.35 rows=1380035 width=4) (actual time=0.020..384.165 rows=1380035 loops=1)
              ->  Hash  (cost=73925.90..73925.90 rows=4906 width=4) (actual time=1247.940..1247.940 rows=12658 loops=1)
                    Buckets: 16384 (originally 8192)  Batches: 1 (originally 1)  Memory Usage: 574kB
                    ->  Seq Scan on title t  (cost=0.00..73925.90 rows=4906 width=4) (actual time=0.925..1241.718 rows=12658 loops=1)
                          Filter: ((kind_id > 3) AND (production_year = 1986))
                          Rows Removed by Filter: 2515654
Planning time: 1.226 ms
Execution time: 8940.331 ms
