Seq Scan on cast_info ci  (cost=0.00..705507.15 rows=500 width=0) (actual time=2643.564..11468.121 rows=2 loops=1)
  Filter: (person_id = 2307050)
  Rows Removed by Filter: 36244342
Planning time: 0.391 ms
Execution time: 11468.203 ms
