Seq Scan on cast_info ci  (cost=0.00..705507.15 rows=500 width=0) (actual time=9191.914..10487.167 rows=100 loops=1)
  Filter: (person_id = 180141)
  Rows Removed by Filter: 36244244
Planning time: 0.483 ms
Execution time: 10487.288 ms
