Seq Scan on movie_keyword mk  (cost=0.00..81003.12 rows=3927580 width=0) (actual time=0.024..1634.116 rows=3927378 loops=1)
  Filter: (keyword_id < 30789)
  Rows Removed by Filter: 596552
Planning time: 0.317 ms
Execution time: 2131.246 ms
