Seq Scan on movie_companies mc  (cost=0.00..57926.93 rows=1142958 width=0) (actual time=0.023..1021.478 rows=1274246 loops=1)
  Filter: ((company_id < 95855) AND (company_type_id < 2))
  Rows Removed by Filter: 1334883
Planning time: 0.369 ms
Execution time: 1185.829 ms
