Nested Loop  (cost=0.43..798787.41 rows=324 width=0) (actual time=1539.765..13819.112 rows=141 loops=1)
  ->  Seq Scan on cast_info ci  (cost=0.00..796071.18 rows=324 width=4) (actual time=1539.595..13816.834 rows=141 loops=1)
        Filter: ((role_id > 1) AND (person_id = 1854101))
        Rows Removed by Filter: 36244203
  ->  Index Only Scan using title_pkey on title t  (cost=0.43..8.37 rows=1 width=4) (actual time=0.014..0.015 rows=1 loops=141)
        Index Cond: (id = ci.movie_id)
        Heap Fetches: 141
Planning time: 0.767 ms
Execution time: 13819.230 ms
