Hash Join  (cost=102767.86..1330417.67 rows=21288902 width=0) (actual time=1923.034..34229.986 rows=21411783 loops=1)
  Hash Cond: (ci.movie_id = t.id)
  ->  Seq Scan on cast_info ci  (cost=0.00..705507.15 rows=21288902 width=4) (actual time=0.016..15069.660 rows=21411783 loops=1)
        Filter: (person_id > 1463459)
        Rows Removed by Filter: 14832561
  ->  Hash  (cost=61283.27..61283.27 rows=2528527 width=4) (actual time=1921.148..1921.148 rows=2528312 loops=1)
        Buckets: 131072  Batches: 64  Memory Usage: 2415kB
        ->  Seq Scan on title t  (cost=0.00..61283.27 rows=2528527 width=4) (actual time=0.016..1072.399 rows=2528312 loops=1)
Planning time: 0.815 ms
Execution time: 36635.002 ms
