Hash Join  (cost=118519.52..242847.12 rows=190856 width=0) (actual time=2511.001..6312.305 rows=2864650 loops=1)
  Hash Cond: (mk.movie_id = t.id)
  ->  Seq Scan on movie_keyword mk  (cost=0.00..69693.30 rows=4523930 width=4) (actual time=0.019..1451.688 rows=4523930 loops=1)
  ->  Hash  (cost=116769.10..116769.10 rows=106674 width=8) (actual time=2510.180..2510.180 rows=251585 loops=1)
        Buckets: 131072 (originally 131072)  Batches: 4 (originally 2)  Memory Usage: 3493kB
        ->  Hash Join  (cost=78741.46..116769.10 rows=106674 width=8) (actual time=1351.541..2428.599 rows=251585 loops=1)
              Hash Cond: (mi_idx.movie_id = t.id)
              ->  Seq Scan on movie_info_idx mi_idx  (cost=0.00..25185.44 rows=919057 width=4) (actual time=0.012..509.347 rows=920110 loops=1)
                    Filter: (info_type_id > 99)
                    Rows Removed by Filter: 459925
              ->  Hash  (cost=73925.90..73925.90 rows=293484 width=4) (actual time=1349.140..1349.140 rows=411690 loops=1)
                    Buckets: 131072 (originally 131072)  Batches: 8 (originally 4)  Memory Usage: 3073kB
                    ->  Seq Scan on title t  (cost=0.00..73925.90 rows=293484 width=4) (actual time=0.023..1198.526 rows=411690 loops=1)
                          Filter: ((kind_id < 7) AND (production_year < 1993))
                          Rows Removed by Filter: 2116622
Planning time: 0.736 ms
Execution time: 6638.406 ms
