Hash Join  (cost=67697.55..94625.21 rows=1356 width=0) (actual time=1074.308..1620.605 rows=259 loops=1)
  Hash Cond: (mi_idx.movie_id = t.id)
  ->  Seq Scan on movie_info_idx mi_idx  (cost=0.00..25185.44 rows=460978 width=4) (actual time=0.020..472.189 rows=459925 loops=1)
        Filter: (info_type_id < 100)
        Rows Removed by Filter: 920110
  ->  Hash  (cost=67604.59..67604.59 rows=7437 width=4) (actual time=1073.652..1073.652 rows=2614 loops=1)
        Buckets: 8192  Batches: 1  Memory Usage: 156kB
        ->  Seq Scan on title t  (cost=0.00..67604.59 rows=7437 width=4) (actual time=0.024..1072.302 rows=2614 loops=1)
              Filter: (production_year = 1923)
              Rows Removed by Filter: 2525698
Planning time: 6.744 ms
Execution time: 1620.767 ms
