Hash Join  (cost=102767.86..1141064.18 rows=9655947 width=0) (actual time=2506.568..25734.825 rows=10533019 loops=1)
  Hash Cond: (ci.movie_id = t.id)
  ->  Seq Scan on cast_info ci  (cost=0.00..796071.18 rows=9655947 width=4) (actual time=460.508..14200.395 rows=10533019 loops=1)
        Filter: ((person_id < 1080842) AND (role_id < 10))
        Rows Removed by Filter: 25711325
  ->  Hash  (cost=61283.27..61283.27 rows=2528527 width=4) (actual time=2044.906..2044.906 rows=2528312 loops=1)
        Buckets: 131072  Batches: 64  Memory Usage: 2415kB
        ->  Seq Scan on title t  (cost=0.00..61283.27 rows=2528527 width=4) (actual time=0.027..1202.972 rows=2528312 loops=1)
Planning time: 1.518 ms
Execution time: 26994.109 ms
