Hash Join  (cost=205270.43..760867.58 rows=2357942 width=0) (actual time=4356.359..18802.716 rows=4738692 loops=1)
  Hash Cond: (mi.movie_id = t.id)
  ->  Seq Scan on movie_info mi  (cost=0.00..346232.03 rows=14373737 width=4) (actual time=0.014..7365.988 rows=14407069 loops=1)
        Filter: (info_type_id < 105)
        Rows Removed by Filter: 428651
  ->  Hash  (cost=198464.52..198464.52 rows=414793 width=8) (actual time=4355.034..4355.034 rows=151801 loops=1)
        Buckets: 131072  Batches: 8  Memory Usage: 1734kB
        ->  Hash Join  (cost=71408.55..198464.52 rows=414793 width=8) (actual time=1278.854..4302.195 rows=151801 loops=1)
              Hash Cond: (mk.movie_id = t.id)
              ->  Seq Scan on movie_keyword mk  (cost=0.00..69693.30 rows=4523930 width=4) (actual time=0.012..1311.130 rows=4523930 loops=1)
              ->  Hash  (cost=67604.59..67604.59 rows=231837 width=4) (actual time=1277.230..1277.230 rows=231649 loops=1)
                    Buckets: 131072  Batches: 4  Memory Usage: 3082kB
                    ->  Seq Scan on title t  (cost=0.00..67604.59 rows=231837 width=4) (actual time=0.021..1186.997 rows=231649 loops=1)
                          Filter: (production_year > 2011)
                          Rows Removed by Filter: 2296663
Planning time: 0.948 ms
Execution time: 19310.118 ms
