Hash Join  (cost=464828.18..1486926.21 rows=4306458 width=0) (actual time=8964.938..39439.010 rows=6467722 loops=1)
  Hash Cond: (ci.movie_id = t.id)
  ->  Seq Scan on cast_info ci  (cost=0.00..705507.15 rows=23499554 width=4) (actual time=0.020..16224.335 rows=23573656 loops=1)
        Filter: (role_id > 1)
        Rows Removed by Filter: 12670688
  ->  Hash  (cost=457225.06..457225.06 rows=463370 width=8) (actual time=8964.043..8964.043 rows=505380 loops=1)
        Buckets: 131072  Batches: 8  Memory Usage: 3502kB
        ->  Hash Join  (cost=91342.70..457225.06 rows=463370 width=8) (actual time=6872.413..8819.263 rows=505380 loops=1)
              Hash Cond: (mi.movie_id = t.id)
              ->  Seq Scan on movie_info mi  (cost=0.00..346232.03 rows=809768 width=4) (actual time=4417.254..5575.440 rows=802140 loops=1)
                    Filter: (info_type_id < 2)
                    Rows Removed by Filter: 14033580
              ->  Hash  (cost=67604.59..67604.59 rows=1446889 width=4) (actual time=2454.288..2454.288 rows=1443298 loops=1)
                    Buckets: 131072  Batches: 32  Memory Usage: 2617kB
                    ->  Seq Scan on title t  (cost=0.00..67604.59 rows=1446889 width=4) (actual time=0.022..1244.316 rows=1443298 loops=1)
                          Filter: (production_year < 2006)
                          Rows Removed by Filter: 1085014
Planning time: 1.129 ms
Execution time: 40085.852 ms
