Seq Scan on title t  (cost=0.00..73925.90 rows=4532 width=0) (actual time=586.629..1134.855 rows=6 loops=1)
  Filter: ((kind_id = 7) AND (production_year = 1945))
  Rows Removed by Filter: 2528306
Planning time: 0.387 ms
Execution time: 1134.985 ms
