Hash Join  (cost=168092.55..288947.08 rows=598548 width=0) (actual time=3679.706..6996.018 rows=2385417 loops=1)
  Hash Cond: (mk.movie_id = t.id)
  ->  Seq Scan on movie_keyword mk  (cost=0.00..81003.12 rows=2742380 width=4) (actual time=0.017..1639.342 rows=2734006 loops=1)
        Filter: (keyword_id > 2891)
        Rows Removed by Filter: 1789924
  ->  Hash  (cost=159038.14..159038.14 rows=551873 width=8) (actual time=3677.805..3677.805 rows=409251 loops=1)
        Buckets: 131072  Batches: 8  Memory Usage: 3016kB
        ->  Hash Join  (cost=76379.89..159038.14 rows=551873 width=8) (actual time=1296.716..3562.166 rows=409251 loops=1)
              Hash Cond: (mc.movie_id = t.id)
              ->  Seq Scan on movie_companies mc  (cost=0.00..44881.29 rows=2609129 width=4) (actual time=0.013..917.672 rows=2609129 loops=1)
              ->  Hash  (cost=67604.59..67604.59 rows=534824 width=4) (actual time=1295.989..1295.989 rows=533369 loops=1)
                    Buckets: 131072  Batches: 8  Memory Usage: 3369kB
                    ->  Seq Scan on title t  (cost=0.00..67604.59 rows=534824 width=4) (actual time=0.023..1126.507 rows=533369 loops=1)
                          Filter: (production_year > 2009)
                          Rows Removed by Filter: 1994943
Planning time: 1.632 ms
Execution time: 7275.771 ms
