Seq Scan on movie_companies mc  (cost=0.00..51404.11 rows=104 width=0) (actual time=262.740..785.910 rows=1 loops=1)
  Filter: (company_id = 223040)
  Rows Removed by Filter: 2609128
Planning time: 0.371 ms
Execution time: 785.979 ms
