Hash Join  (cost=69090.10..144394.22 rows=70711 width=0) (actual time=1142.034..2950.281 rows=157678 loops=1)
  Hash Cond: (mc.movie_id = t.id)
  ->  Seq Scan on movie_companies mc  (cost=0.00..51404.11 rows=1975172 width=4) (actual time=0.012..1101.749 rows=1970612 loops=1)
        Filter: (company_id < 57518)
        Rows Removed by Filter: 638517
  ->  Hash  (cost=67604.59..67604.59 rows=90521 width=4) (actual time=1141.352..1141.352 rows=90852 loops=1)
        Buckets: 131072  Batches: 2  Memory Usage: 2626kB
        ->  Seq Scan on title t  (cost=0.00..67604.59 rows=90521 width=4) (actual time=87.546..1107.729 rows=90852 loops=1)
              Filter: (kind_id = 2)
              Rows Removed by Filter: 2437460
Planning time: 1.441 ms
Execution time: 2966.977 ms
