Hash Join  (cost=584865.18..1603881.38 rows=2360428 width=0) (actual time=13498.402..34553.005 rows=1430857 loops=1)
  Hash Cond: (ci.movie_id = t.id)
  ->  Seq Scan on cast_info ci  (cost=0.00..796071.18 rows=11917456 width=4) (actual time=614.425..14760.590 rows=13068030 loops=1)
        Filter: ((person_id < 1344105) AND (role_id < 10))
        Rows Removed by Filter: 23176314
  ->  Hash  (cost=576648.03..576648.03 rows=500812 width=8) (actual time=12882.759..12882.759 rows=191919 loops=1)
        Buckets: 131072  Batches: 8  Memory Usage: 1965kB
        ->  Hash Join  (cost=75533.21..576648.03 rows=500812 width=8) (actual time=1423.128..12587.049 rows=191919 loops=1)
              Hash Cond: (mi.movie_id = t.id)
              ->  Seq Scan on movie_info mi  (cost=0.00..346232.03 rows=12928982 width=4) (actual time=0.026..6486.905 rows=12970088 loops=1)
                    Filter: (info_type_id < 18)
                    Rows Removed by Filter: 1865632
              ->  Hash  (cost=73925.90..73925.90 rows=97944 width=4) (actual time=1277.809..1277.809 rows=106247 loops=1)
                    Buckets: 131072  Batches: 2  Memory Usage: 2896kB
                    ->  Seq Scan on title t  (cost=0.00..73925.90 rows=97944 width=4) (actual time=0.019..1236.014 rows=106247 loops=1)
                          Filter: ((kind_id = 7) AND (production_year = 2011))
                          Rows Removed by Filter: 2422065
Planning time: 1.212 ms
Execution time: 34743.236 ms
