Hash Join  (cost=807735.50..2921931.35 rows=82472687 width=0) (actual time=18302.535..64164.424 rows=57896299 loops=1)
  Hash Cond: (ci.movie_id = t.id)
  ->  Seq Scan on cast_info ci  (cost=0.00..705507.15 rows=27278704 width=4) (actual time=0.085..15935.909 rows=27277417 loops=1)
        Filter: (person_id < 2799577)
        Rows Removed by Filter: 8966927
  ->  Hash  (cost=682316.16..682316.16 rows=7644587 width=8) (actual time=18300.120..18300.120 rows=3592644 loops=1)
        Buckets: 131072  Batches: 128  Memory Usage: 2090kB
        ->  Hash Join  (cost=92883.59..682316.16 rows=7644587 width=8) (actual time=2055.489..17252.462 rows=3592644 loops=1)
              Hash Cond: (mi.movie_id = t.id)
              ->  Seq Scan on movie_info mi  (cost=0.00..346232.03 rows=12545135 width=4) (actual time=0.012..7046.345 rows=12601870 loops=1)
                    Filter: (info_type_id < 17)
                    Rows Removed by Filter: 2233850
              ->  Hash  (cost=67604.59..67604.59 rows=1540800 width=4) (actual time=1642.591..1642.591 rows=1543264 loops=1)
                    Buckets: 131072  Batches: 32  Memory Usage: 2728kB
                    ->  Seq Scan on title t  (cost=0.00..67604.59 rows=1540800 width=4) (actual time=266.161..1140.726 rows=1543264 loops=1)
                          Filter: (kind_id = 7)
                          Rows Removed by Filter: 985048
Planning time: 7.467 ms
Execution time: 70734.736 ms
