Hash Join  (cost=182529.33..578993.38 rows=654418 width=0) (actual time=3986.240..11304.129 rows=994827 loops=1)
  Hash Cond: (mi.movie_id = t.id)
  ->  Seq Scan on movie_info mi  (cost=0.00..346232.03 rows=3623957 width=4) (actual time=225.816..4506.052 rows=3624977 loops=1)
        Filter: (info_type_id < 4)
        Rows Removed by Filter: 11210743
  ->  Hash  (cost=175037.79..175037.79 rows=456604 width=8) (actual time=3759.504..3759.504 rows=451787 loops=1)
        Buckets: 131072  Batches: 8  Memory Usage: 3252kB
        ->  Hash Join  (cost=102767.86..175037.79 rows=456604 width=8) (actual time=1949.701..3617.984 rows=451787 loops=1)
              Hash Cond: (mc.movie_id = t.id)
              ->  Seq Scan on movie_companies mc  (cost=0.00..51404.11 rows=456604 width=4) (actual time=0.034..878.103 rows=451787 loops=1)
                    Filter: (company_id < 376)
                    Rows Removed by Filter: 2157342
              ->  Hash  (cost=61283.27..61283.27 rows=2528527 width=4) (actual time=1947.865..1947.865 rows=2528312 loops=1)
                    Buckets: 131072  Batches: 64  Memory Usage: 2415kB
                    ->  Seq Scan on title t  (cost=0.00..61283.27 rows=2528527 width=4) (actual time=0.018..1088.394 rows=2528312 loops=1)
Planning time: 1.038 ms
Execution time: 11430.043 ms
