Seq Scan on movie_keyword mk  (cost=0.00..81003.12 rows=246 width=0) (actual time=1.982..919.224 rows=231 loops=1)
  Filter: (keyword_id = 11077)
  Rows Removed by Filter: 4523699
Planning time: 0.397 ms
Execution time: 919.430 ms
