Hash Join  (cost=82567.99..125193.27 rows=287480 width=0) (actual time=1692.041..2751.736 rows=431562 loops=1)
  Hash Cond: (mi_idx.movie_id = t.id)
  ->  Seq Scan on movie_info_idx mi_idx  (cost=0.00..21735.35 rows=1380035 width=4) (actual time=0.015..470.980 rows=1380035 loops=1)
  ->  Hash  (cost=73925.90..73925.90 rows=526727 width=4) (actual time=1458.825..1458.825 rows=399363 loops=1)
        Buckets: 131072  Batches: 8  Memory Usage: 2788kB
        ->  Seq Scan on title t  (cost=0.00..73925.90 rows=526727 width=4) (actual time=613.253..1329.667 rows=399363 loops=1)
              Filter: ((production_year > 1976) AND (kind_id = 1))
              Rows Removed by Filter: 2128949
Planning time: 0.759 ms
Execution time: 2808.774 ms
