Nested Loop  (cost=0.43..58358.52 rows=9 width=0) (actual time=292.402..776.172 rows=5 loops=1)
  ->  Seq Scan on movie_companies mc  (cost=0.00..57926.93 rows=51 width=4) (actual time=283.745..775.878 rows=6 loops=1)
        Filter: ((company_type_id < 2) AND (company_id = 34114))
        Rows Removed by Filter: 2609123
  ->  Index Scan using title_pkey on title t  (cost=0.43..8.45 rows=1 width=4) (actual time=0.042..0.043 rows=1 loops=6)
        Index Cond: (id = mc.movie_id)
        Filter: ((kind_id < 7) AND (production_year > 2004))
        Rows Removed by Filter: 0
Planning time: 0.700 ms
Execution time: 776.286 ms
