Seq Scan on movie_companies mc  (cost=0.00..51404.11 rows=104 width=0) (actual time=560.420..848.229 rows=8 loops=1)
  Filter: (company_id = 101127)
  Rows Removed by Filter: 2609121
Planning time: 0.341 ms
Execution time: 848.307 ms
