Seq Scan on movie_companies mc  (cost=0.00..57926.93 rows=280369 width=0) (actual time=0.042..364.214 rows=142323 loops=1)
  Filter: ((company_id < 554) AND (company_type_id = 2))
  Rows Removed by Filter: 2466806
Planning time: 0.373 ms
Execution time: 374.913 ms
