Seq Scan on cast_info ci  (cost=0.00..796071.18 rows=677762 width=42) (actual time=7423.071..11375.768 rows=458682 loops=1)
  Filter: ((person_id < 584150) AND (role_id = 3))
  Rows Removed by Filter: 35785662
Planning time: 0.279 ms
Execution time: 11404.776 ms
