Hash Join  (cost=474386.37..604634.92 rows=553331 width=0) (actual time=9025.977..14918.403 rows=15333541 loops=1)
  Hash Cond: (mk.movie_id = t.id)
  ->  Seq Scan on movie_keyword mk  (cost=0.00..81003.12 rows=3650964 width=4) (actual time=0.013..1699.981 rows=3643741 loops=1)
        Filter: (keyword_id > 832)
        Rows Removed by Filter: 880189
  ->  Hash  (cost=468099.16..468099.16 rows=383217 width=8) (actual time=9025.063..9025.063 rows=368218 loops=1)
        Buckets: 131072  Batches: 8  Memory Usage: 2908kB
        ->  Hash Join  (cost=102767.86..468099.16 rows=383217 width=8) (actual time=4385.678..8920.332 rows=368218 loops=1)
              Hash Cond: (mi.movie_id = t.id)
              ->  Seq Scan on movie_info mi  (cost=0.00..346232.03 rows=383217 width=4) (actual time=1860.337..5713.996 rows=368218 loops=1)
                    Filter: (info_type_id = 17)
                    Rows Removed by Filter: 14467502
              ->  Hash  (cost=61283.27..61283.27 rows=2528527 width=4) (actual time=2513.904..2513.904 rows=2528312 loops=1)
                    Buckets: 131072  Batches: 64  Memory Usage: 2425kB
                    ->  Seq Scan on title t  (cost=0.00..61283.27 rows=2528527 width=4) (actual time=0.030..1095.621 rows=2528312 loops=1)
Planning time: 0.776 ms
Execution time: 16370.299 ms
