Seq Scan on movie_companies mc  (cost=0.00..51404.11 rows=1285189 width=0) (actual time=0.020..954.968 rows=1275869 loops=1)
  Filter: (company_id < 11205)
  Rows Removed by Filter: 1333260
Planning time: 0.327 ms
Execution time: 1111.181 ms
