Seq Scan on movie_companies mc  (cost=0.00..51404.11 rows=104 width=0) (actual time=232.236..810.322 rows=156 loops=1)
  Filter: (company_id = 11816)
  Rows Removed by Filter: 2608973
Planning time: 0.345 ms
Execution time: 810.459 ms
