Hash Join  (cost=637220.59..2341157.64 rows=52010680 width=0) (actual time=17522.701..115466.378 rows=274619871 loops=1)
  Hash Cond: (ci.movie_id = t.id)
  ->  Seq Scan on cast_info ci  (cost=0.00..614943.12 rows=36225612 width=4) (actual time=0.022..13367.417 rows=36244344 loops=1)
  ->  Hash  (cost=577660.64..577660.64 rows=3630316 width=8) (actual time=17521.722..17521.722 rows=6413546 loops=1)
        Buckets: 131072 (originally 131072)  Batches: 128 (originally 64)  Memory Usage: 3073kB
        ->  Hash Join  (cost=83810.17..577660.64 rows=3630316 width=8) (actual time=1486.266..15063.700 rows=6413546 loops=1)
              Hash Cond: (mi.movie_id = t.id)
              ->  Seq Scan on movie_info mi  (cost=0.00..346232.03 rows=9293409 width=4) (actual time=0.017..6888.066 rows=9425200 loops=1)
                    Filter: (info_type_id > 5)
                    Rows Removed by Filter: 5410520
              ->  Hash  (cost=67604.59..67604.59 rows=987727 width=4) (actual time=1485.383..1485.383 rows=985048 loops=1)
                    Buckets: 131072  Batches: 16  Memory Usage: 3197kB
                    ->  Seq Scan on title t  (cost=0.00..67604.59 rows=987727 width=4) (actual time=0.019..1166.899 rows=985048 loops=1)
                          Filter: (kind_id < 7)
                          Rows Removed by Filter: 1543264
Planning time: 1.202 ms
Execution time: 144634.290 ms
