Nested Loop  (cost=0.43..797555.70 rows=176 width=0) (actual time=4783.328..10872.039 rows=2 loops=1)
  ->  Seq Scan on cast_info ci  (cost=0.00..796071.18 rows=176 width=4) (actual time=4783.178..10871.855 rows=2 loops=1)
        Filter: ((person_id = 1483453) AND (role_id = 1))
        Rows Removed by Filter: 36244342
  ->  Index Only Scan using title_pkey on title t  (cost=0.43..8.42 rows=1 width=4) (actual time=0.063..0.063 rows=1 loops=2)
        Index Cond: (id = ci.movie_id)
        Heap Fetches: 2
Planning time: 0.788 ms
Execution time: 10872.121 ms
