Seq Scan on cast_info ci  (cost=0.00..705507.15 rows=500 width=0) (actual time=6729.914..11314.852 rows=567 loops=1)
  Filter: (person_id = 2820311)
  Rows Removed by Filter: 36243777
Planning time: 1.526 ms
Execution time: 11315.061 ms
