Hash Join  (cost=294675.16..1734038.53 rows=35071514 width=0) (actual time=7870.833..73153.552 rows=134717857 loops=1)
  Hash Cond: (ci.movie_id = t.id)
  ->  Seq Scan on cast_info ci  (cost=0.00..614943.12 rows=36225612 width=4) (actual time=0.023..13697.989 rows=36244344 loops=1)
  ->  Hash  (cost=254512.51..254512.51 rows=2447972 width=8) (actual time=7868.667..7868.667 rows=2975283 loops=1)
        Buckets: 131072 (originally 131072)  Batches: 64 (originally 32)  Memory Usage: 3073kB
        ->  Hash Join  (cost=94978.31..254512.51 rows=2447972 width=8) (actual time=1960.178..6430.704 rows=2975283 loops=1)
              Hash Cond: (mk.movie_id = t.id)
              ->  Seq Scan on movie_keyword mk  (cost=0.00..81003.12 rows=3709870 width=4) (actual time=0.016..1818.146 rows=3703998 loops=1)
                    Filter: (keyword_id < 22373)
                    Rows Removed by Filter: 819932
              ->  Hash  (cost=67604.59..67604.59 rows=1668458 width=4) (actual time=1959.300..1959.300 rows=1671292 loops=1)
                    Buckets: 131072  Batches: 32  Memory Usage: 2866kB
                    ->  Seq Scan on title t  (cost=0.00..67604.59 rows=1668458 width=4) (actual time=0.020..1387.527 rows=1671292 loops=1)
                          Filter: (production_year < 2008)
                          Rows Removed by Filter: 857020
Planning time: 1.206 ms
Execution time: 88648.582 ms
