Hash Join  (cost=162484.82..191162.97 rows=6108 width=0) (actual time=2911.264..3600.158 rows=29730 loops=1)
  Hash Cond: (mi_idx.movie_id = t.id)
  ->  Seq Scan on movie_info_idx mi_idx  (cost=0.00..25185.44 rows=915101 width=4) (actual time=0.028..500.872 rows=919850 loops=1)
        Filter: (info_type_id < 101)
        Rows Removed by Filter: 460185
  ->  Hash  (cost=162273.85..162273.85 rows=16878 width=8) (actual time=2910.985..2910.985 rows=31321 loops=1)
        Buckets: 32768  Batches: 1  Memory Usage: 1480kB
        ->  Hash Join  (cost=75461.39..162273.85 rows=16878 width=8) (actual time=1461.992..2900.612 rows=31321 loops=1)
              Hash Cond: (mk.movie_id = t.id)
              ->  Seq Scan on movie_keyword mk  (cost=0.00..81003.12 rows=456146 width=4) (actual time=0.024..1295.087 rows=452611 loops=1)
                    Filter: (keyword_id > 39112)
                    Rows Removed by Filter: 4071319
              ->  Hash  (cost=73925.90..73925.90 rows=93559 width=4) (actual time=1438.018..1438.018 rows=104574 loops=1)
                    Buckets: 131072  Batches: 2  Memory Usage: 2863kB
                    ->  Seq Scan on title t  (cost=0.00..73925.90 rows=93559 width=4) (actual time=0.027..1399.650 rows=104574 loops=1)
                          Filter: ((production_year < 2011) AND (kind_id = 4))
                          Rows Removed by Filter: 2423738
Planning time: 1.158 ms
Execution time: 3604.636 ms
