Seq Scan on movie_keyword mk  (cost=0.00..81003.12 rows=1182251 width=0) (actual time=0.021..1413.547 rows=1191403 loops=1)
  Filter: (keyword_id < 1422)
  Rows Removed by Filter: 3332527
Planning time: 0.335 ms
Execution time: 1564.634 ms
