Hash Join  (cost=73948.38..133737.71 rows=352 width=0) (actual time=1659.413..2134.614 rows=91 loops=1)
  Hash Cond: (mc.movie_id = t.id)
  ->  Seq Scan on movie_companies mc  (cost=0.00..57926.93 rows=495700 width=4) (actual time=318.326..960.334 rows=288838 loops=1)
        Filter: ((company_id < 4226) AND (company_type_id = 2))
        Rows Removed by Filter: 2320291
  ->  Hash  (cost=73925.90..73925.90 rows=1798 width=4) (actual time=1125.749..1125.749 rows=2400 loops=1)
        Buckets: 4096 (originally 2048)  Batches: 1 (originally 1)  Memory Usage: 117kB
        ->  Seq Scan on title t  (cost=0.00..73925.90 rows=1798 width=4) (actual time=0.046..1124.482 rows=2400 loops=1)
              Filter: ((kind_id = 4) AND (production_year = 1995))
              Rows Removed by Filter: 2525912
Planning time: 0.794 ms
Execution time: 2134.739 ms
