Seq Scan on cast_info ci  (cost=0.00..705507.15 rows=10421347 width=0) (actual time=0.031..11983.868 rows=10247005 loops=1)
  Filter: (person_id < 1007647)
  Rows Removed by Filter: 25997339
Planning time: 0.358 ms
Execution time: 13283.878 ms
