Hash Join  (cost=133383.53..640645.13 rows=2573069 width=0) (actual time=3476.207..18735.652 rows=8962438 loops=1)
  Hash Cond: (mi.movie_id = t.id)
  ->  Seq Scan on movie_info mi  (cost=0.00..309384.22 rows=14739122 width=4) (actual time=0.008..5972.553 rows=14835720 loops=1)
  ->  Hash  (cost=126140.84..126140.84 rows=441415 width=8) (actual time=3475.293..3475.293 rows=545942 loops=1)
        Buckets: 131072  Batches: 8  Memory Usage: 3714kB
        ->  Hash Join  (cost=80874.21..126140.84 rows=441415 width=8) (actual time=1934.409..3307.849 rows=545942 loops=1)
              Hash Cond: (mi_idx.movie_id = t.id)
              ->  Seq Scan on movie_info_idx mi_idx  (cost=0.00..21735.35 rows=1380035 width=4) (actual time=0.027..434.570 rows=1380035 loops=1)
              ->  Hash  (cost=67604.59..67604.59 rows=808770 width=4) (actual time=1933.542..1933.542 rows=812704 loops=1)
                    Buckets: 131072  Batches: 16  Memory Usage: 2812kB
                    ->  Seq Scan on title t  (cost=0.00..67604.59 rows=808770 width=4) (actual time=0.015..1157.444 rows=812704 loops=1)
                          Filter: (production_year < 1995)
                          Rows Removed by Filter: 1715608
Planning time: 1.151 ms
Execution time: 19707.178 ms
