Hash Join  (cost=131340.65..497287.33 rows=129075 width=0) (actual time=2213.503..10838.462 rows=744428 loops=1)
  Hash Cond: (mi.movie_id = t.id)
  ->  Seq Scan on movie_info mi  (cost=0.00..309384.22 rows=14739122 width=4) (actual time=0.018..4710.377 rows=14835720 loops=1)
  ->  Hash  (cost=131063.87..131063.87 rows=22143 width=8) (actual time=2213.288..2213.288 rows=34938 loops=1)
        Buckets: 65536 (originally 32768)  Batches: 1 (originally 1)  Memory Usage: 1877kB
        ->  Hash Join  (cost=74452.28..131063.87 rows=22143 width=8) (actual time=1345.192..2199.298 rows=34938 loops=1)
              Hash Cond: (mc.movie_id = t.id)
              ->  Seq Scan on movie_companies mc  (cost=0.00..51404.11 rows=1329612 width=4) (actual time=341.288..885.413 rows=1334883 loops=1)
                    Filter: (company_type_id = 2)
                    Rows Removed by Filter: 1274246
              ->  Hash  (cost=73925.90..73925.90 rows=42110 width=4) (actual time=1003.526..1003.526 rows=33905 loops=1)
                    Buckets: 65536  Batches: 1  Memory Usage: 1704kB
                    ->  Seq Scan on title t  (cost=0.00..73925.90 rows=42110 width=4) (actual time=0.093..989.205 rows=33905 loops=1)
                          Filter: ((kind_id < 7) AND (production_year = 2006))
                          Rows Removed by Filter: 2494407
Planning time: 1.211 ms
Execution time: 10936.148 ms
