Hash Join  (cost=75195.76..785162.20 rows=10712 width=0) (actual time=6523.462..14094.841 rows=9489 loops=1)
  Hash Cond: (ci.movie_id = t.id)
  ->  Seq Scan on cast_info ci  (cost=0.00..705507.15 rows=350181 width=4) (actual time=5101.752..12538.654 rows=316118 loops=1)
        Filter: (role_id > 10)
        Rows Removed by Filter: 35928226
  ->  Hash  (cost=73925.90..73925.90 rows=77348 width=4) (actual time=1420.195..1420.195 rows=84109 loops=1)
        Buckets: 131072  Batches: 2  Memory Usage: 2509kB
        ->  Seq Scan on title t  (cost=0.00..73925.90 rows=77348 width=4) (actual time=262.588..1385.740 rows=84109 loops=1)
              Filter: ((kind_id = 7) AND (production_year = 2008))
              Rows Removed by Filter: 2444203
Planning time: 0.767 ms
Execution time: 14096.335 ms
