Seq Scan on movie_companies mc  (cost=0.00..57926.93 rows=450463 width=0) (actual time=0.025..707.321 rows=256985 loops=1)
  Filter: ((company_id < 2615) AND (company_type_id = 2))
  Rows Removed by Filter: 2352144
Planning time: 1.257 ms
Execution time: 729.802 ms
