Hash Join  (cost=73952.49..424935.62 rows=1063 width=0) (actual time=5728.657..6897.835 rows=2696 loops=1)
  Hash Cond: (mi.movie_id = t.id)
  ->  Seq Scan on movie_info mi  (cost=0.00..346232.03 rows=1264125 width=4) (actual time=4469.563..5660.744 rows=1288928 loops=1)
        Filter: (info_type_id = 2)
        Rows Removed by Filter: 13546792
  ->  Hash  (cost=73925.90..73925.90 rows=2127 width=4) (actual time=1034.549..1034.549 rows=2732 loops=1)
        Buckets: 4096  Batches: 1  Memory Usage: 129kB
        ->  Seq Scan on title t  (cost=0.00..73925.90 rows=2127 width=4) (actual time=683.026..1033.255 rows=2732 loops=1)
              Filter: ((kind_id = 4) AND (production_year = 1998))
              Rows Removed by Filter: 2525580
Planning time: 0.749 ms
Execution time: 6898.555 ms
