Seq Scan on movie_keyword mk  (cost=0.00..81003.12 rows=1045611 width=0) (actual time=0.019..1359.807 rows=1045795 loops=1)
  Filter: (keyword_id < 1043)
  Rows Removed by Filter: 3478135
Planning time: 0.329 ms
Execution time: 1490.729 ms
