Hash Join  (cost=216154.16..259054.43 rows=303479 width=0) (actual time=4600.295..6026.511 rows=1295663 loops=1)
  Hash Cond: (mi_idx.movie_id = t.id)
  ->  Seq Scan on movie_info_idx mi_idx  (cost=0.00..21735.35 rows=1380035 width=4) (actual time=0.018..450.981 rows=1380035 loops=1)
  ->  Hash  (cost=207030.65..207030.65 rows=556041 width=8) (actual time=4599.287..4599.287 rows=553742 loops=1)
        Buckets: 131072  Batches: 8  Memory Usage: 3758kB
        ->  Hash Join  (cost=102767.86..207030.65 rows=556041 width=8) (actual time=2109.980..4428.057 rows=553742 loops=1)
              Hash Cond: (mk.movie_id = t.id)
              ->  Seq Scan on movie_keyword mk  (cost=0.00..81003.12 rows=556041 width=4) (actual time=0.011..1427.784 rows=553742 loops=1)
                    Filter: (keyword_id > 33285)
                    Rows Removed by Filter: 3970188
              ->  Hash  (cost=61283.27..61283.27 rows=2528527 width=4) (actual time=2108.125..2108.125 rows=2528312 loops=1)
                    Buckets: 131072  Batches: 64  Memory Usage: 2425kB
                    ->  Seq Scan on title t  (cost=0.00..61283.27 rows=2528527 width=4) (actual time=0.011..1241.094 rows=2528312 loops=1)
Planning time: 2.261 ms
Execution time: 6181.255 ms
