Seq Scan on title t  (cost=0.00..73925.90 rows=14190 width=0) (actual time=1.210..1213.017 rows=12208 loops=1)
  Filter: ((kind_id < 7) AND (production_year = 1996))
  Rows Removed by Filter: 2516104
Planning time: 0.368 ms
Execution time: 1215.470 ms
