Seq Scan on movie_companies mc  (cost=0.00..51404.11 rows=1479972 width=0) (actual time=0.011..1030.691 rows=1469342 loops=1)
  Filter: (company_id < 13365)
  Rows Removed by Filter: 1139787
Planning time: 0.354 ms
Execution time: 1209.643 ms
