Seq Scan on movie_companies mc  (cost=0.00..57926.93 rows=53 width=0) (actual time=706.218..903.162 rows=1 loops=1)
  Filter: ((company_type_id > 1) AND (company_id = 181058))
  Rows Removed by Filter: 2609128
Planning time: 0.274 ms
Execution time: 903.229 ms
