Hash Join  (cost=83810.17..954501.52 rows=1786915 width=0) (actual time=1637.050..22029.759 rows=4018147 loops=1)
  Hash Cond: (ci.movie_id = t.id)
  ->  Seq Scan on cast_info ci  (cost=0.00..796071.18 rows=4574404 width=4) (actual time=0.014..14426.729 rows=9380224 loops=1)
        Filter: ((person_id < 1282140) AND (role_id < 2))
        Rows Removed by Filter: 26864120
  ->  Hash  (cost=67604.59..67604.59 rows=987727 width=4) (actual time=1635.907..1635.907 rows=985048 loops=1)
        Buckets: 131072  Batches: 16  Memory Usage: 3188kB
        ->  Seq Scan on title t  (cost=0.00..67604.59 rows=987727 width=4) (actual time=0.028..1336.654 rows=985048 loops=1)
              Filter: (kind_id < 7)
              Rows Removed by Filter: 1543264
Planning time: 1.377 ms
Execution time: 22478.428 ms
