Hash Join  (cost=173665.78..305881.85 rows=838304 width=0) (actual time=3647.901..7630.927 rows=2431075 loops=1)
  Hash Cond: (mk.movie_id = t.id)
  ->  Seq Scan on movie_keyword mk  (cost=0.00..69693.30 rows=4523930 width=4) (actual time=0.016..1552.638 rows=4523930 loops=1)
  ->  Hash  (cost=165977.94..165977.94 rows=468547 width=8) (actual time=3646.963..3646.963 rows=423263 loops=1)
        Buckets: 131072  Batches: 8  Memory Usage: 3093kB
        ->  Hash Join  (cost=87245.25..165977.94 rows=468547 width=8) (actual time=2158.611..3514.704 rows=423263 loops=1)
              Hash Cond: (mc.movie_id = t.id)
              ->  Seq Scan on movie_companies mc  (cost=0.00..57926.93 rows=989676 width=4) (actual time=348.385..989.266 rows=689001 loops=1)
                    Filter: ((company_id < 50162) AND (company_type_id = 2))
                    Rows Removed by Filter: 1920128
              ->  Hash  (cost=67604.59..67604.59 rows=1197093 width=4) (actual time=1809.275..1809.275 rows=1195923 loops=1)
                    Buckets: 131072  Batches: 16  Memory Usage: 3653kB
                    ->  Seq Scan on title t  (cost=0.00..67604.59 rows=1197093 width=4) (actual time=0.015..1324.014 rows=1195923 loops=1)
                          Filter: (production_year < 2003)
                          Rows Removed by Filter: 1332389
Planning time: 0.896 ms
Execution time: 7910.318 ms
