Seq Scan on movie_keyword mk  (cost=0.00..81003.12 rows=246 width=0) (actual time=0.597..1235.429 rows=307 loops=1)
  Filter: (keyword_id = 854)
  Rows Removed by Filter: 4523623
Planning time: 0.338 ms
Execution time: 1235.672 ms
