Hash Join  (cost=930358.19..1454488.22 rows=4154010 width=0) (actual time=16946.276..30067.529 rows=3550714 loops=1)
  Hash Cond: (mi.movie_id = t.id)
  ->  Seq Scan on movie_info mi  (cost=0.00..309384.22 rows=14739122 width=4) (actual time=0.012..5810.283 rows=14835720 loops=1)
  ->  Hash  (cost=918666.33..918666.33 rows=712629 width=8) (actual time=16697.686..16697.686 rows=650007 loops=1)
        Buckets: 131072  Batches: 16  Memory Usage: 2626kB
        ->  Hash Join  (cost=88391.98..918666.33 rows=712629 width=8) (actual time=2222.114..16485.784 rows=650007 loops=1)
              Hash Cond: (ci.movie_id = t.id)
              ->  Seq Scan on cast_info ci  (cost=0.00..796071.18 rows=2043701 width=4) (actual time=667.397..13288.496 rows=2647449 loops=1)
                    Filter: ((person_id > 1738004) AND (role_id = 3))
                    Rows Removed by Filter: 33596895
              ->  Hash  (cost=73925.90..73925.90 rows=881686 width=4) (actual time=1553.473..1553.473 rows=801513 loops=1)
                    Buckets: 131072  Batches: 16  Memory Usage: 2786kB
                    ->  Seq Scan on title t  (cost=0.00..73925.90 rows=881686 width=4) (actual time=0.027..1297.308 rows=801513 loops=1)
                          Filter: ((production_year < 2006) AND (kind_id = 7))
                          Rows Removed by Filter: 1726799
Planning time: 0.984 ms
Execution time: 30471.647 ms
