Seq Scan on movie_companies mc  (cost=0.00..57926.93 rows=1177947 width=0) (actual time=0.014..1143.231 rows=1274246 loops=1)
  Filter: ((company_id < 111020) AND (company_type_id < 2))
  Rows Removed by Filter: 1334883
Planning time: 0.311 ms
Execution time: 1313.968 ms
