Seq Scan on movie_keyword mk  (cost=0.00..81003.12 rows=3463145 width=0) (actual time=0.016..1072.192 rows=3454275 loops=1)
  Filter: (keyword_id < 16496)
  Rows Removed by Filter: 1069655
Planning time: 0.322 ms
Execution time: 1391.354 ms
