Hash Join  (cost=114519.07..1169649.15 rows=2075998 width=0) (actual time=2240.998..27919.078 rows=3581398 loops=1)
  Hash Cond: (ci.movie_id = t.id)
  ->  Seq Scan on cast_info ci  (cost=0.00..614943.12 rows=36225612 width=4) (actual time=0.015..12309.269 rows=36244344 loops=1)
  ->  Hash  (cost=112140.79..112140.79 rows=144903 width=8) (actual time=2239.891..2239.891 rows=147040 loops=1)
        Buckets: 131072  Batches: 2  Memory Usage: 3897kB
        ->  Hash Join  (cost=71961.27..112140.79 rows=144903 width=8) (actual time=1130.241..2194.353 rows=147040 loops=1)
              Hash Cond: (mi_idx.movie_id = t.id)
              ->  Seq Scan on movie_info_idx mi_idx  (cost=0.00..21735.35 rows=1380035 width=4) (actual time=0.016..451.533 rows=1380035 loops=1)
              ->  Hash  (cost=67604.59..67604.59 rows=265495 width=4) (actual time=1129.495..1129.495 rows=263594 loops=1)
                    Buckets: 131072  Batches: 4  Memory Usage: 3340kB
                    ->  Seq Scan on title t  (cost=0.00..67604.59 rows=265495 width=4) (actual time=0.030..1042.180 rows=263594 loops=1)
                          Filter: (production_year < 1962)
                          Rows Removed by Filter: 2264718
Planning time: 1.138 ms
Execution time: 28317.540 ms
