Hash Join  (cost=166248.36..253982.00 rows=107560 width=0) (actual time=3188.923..5187.657 rows=500356 loops=1)
  Hash Cond: (mk.movie_id = t.id)
  ->  Seq Scan on movie_keyword mk  (cost=0.00..69693.30 rows=4523930 width=4) (actual time=0.008..977.026 rows=4523930 loops=1)
  ->  Hash  (cost=165496.89..165496.89 rows=60118 width=8) (actual time=3188.611..3188.611 rows=59153 loops=1)
        Buckets: 65536  Batches: 1  Memory Usage: 2823kB
        ->  Hash Join  (cost=102767.86..165496.89 rows=60118 width=8) (actual time=2141.170..3167.593 rows=59153 loops=1)
              Hash Cond: (mc.movie_id = t.id)
              ->  Seq Scan on movie_companies mc  (cost=0.00..51404.11 rows=60118 width=4) (actual time=78.153..554.645 rows=59153 loops=1)
                    Filter: (company_id > 184449)
                    Rows Removed by Filter: 2549976
              ->  Hash  (cost=61283.27..61283.27 rows=2528527 width=4) (actual time=2061.953..2061.953 rows=2528312 loops=1)
                    Buckets: 131072  Batches: 64  Memory Usage: 2415kB
                    ->  Seq Scan on title t  (cost=0.00..61283.27 rows=2528527 width=4) (actual time=0.028..1184.433 rows=2528312 loops=1)
Planning time: 0.726 ms
Execution time: 5253.160 ms
