Hash Join  (cost=102767.86..1086646.15 rows=7394407 width=0) (actual time=4464.909..17745.316 rows=1827402 loops=1)
  Hash Cond: (ci.movie_id = t.id)
  ->  Seq Scan on cast_info ci  (cost=0.00..796071.18 rows=7394407 width=4) (actual time=2538.432..13659.782 rows=1827402 loops=1)
        Filter: ((person_id > 1485345) AND (role_id = 1))
        Rows Removed by Filter: 34416942
  ->  Hash  (cost=61283.27..61283.27 rows=2528527 width=4) (actual time=1924.534..1924.534 rows=2528312 loops=1)
        Buckets: 131072  Batches: 64  Memory Usage: 2415kB
        ->  Seq Scan on title t  (cost=0.00..61283.27 rows=2528527 width=4) (actual time=0.017..1065.445 rows=2528312 loops=1)
Planning time: 1.207 ms
Execution time: 17967.367 ms
