Nested Loop  (cost=0.43..709671.90 rows=500 width=0) (actual time=787.373..9582.644 rows=217 loops=1)
  ->  Seq Scan on cast_info ci  (cost=0.00..705507.15 rows=500 width=4) (actual time=787.287..9579.197 rows=217 loops=1)
        Filter: (person_id = 2338937)
        Rows Removed by Filter: 36244127
  ->  Index Only Scan using title_pkey on title t  (cost=0.43..8.32 rows=1 width=4) (actual time=0.015..0.015 rows=1 loops=217)
        Index Cond: (id = ci.movie_id)
        Heap Fetches: 217
Planning time: 0.594 ms
Execution time: 9582.753 ms
