Hash Join  (cost=102767.86..1018968.44 rows=8345565 width=0) (actual time=1869.662..21304.341 rows=8303131 loops=1)
  Hash Cond: (ci.movie_id = t.id)
  ->  Seq Scan on cast_info ci  (cost=0.00..705507.15 rows=8345565 width=4) (actual time=0.026..12410.015 rows=8303131 loops=1)
        Filter: (person_id > 2852448)
        Rows Removed by Filter: 27941213
  ->  Hash  (cost=61283.27..61283.27 rows=2528527 width=4) (actual time=1868.008..1868.008 rows=2528312 loops=1)
        Buckets: 131072  Batches: 64  Memory Usage: 2415kB
        ->  Seq Scan on title t  (cost=0.00..61283.27 rows=2528527 width=4) (actual time=0.021..1031.357 rows=2528312 loops=1)
Planning time: 0.727 ms
Execution time: 22268.668 ms
