Seq Scan on movie_keyword mk  (cost=0.00..81003.12 rows=1350636 width=0) (actual time=0.015..1463.610 rows=1361838 loops=1)
  Filter: (keyword_id > 12321)
  Rows Removed by Filter: 3162092
Planning time: 0.294 ms
Execution time: 1635.501 ms
