Hash Join  (cost=28270.40..89611.55 rows=132 width=0) (actual time=1045.990..1597.854 rows=5491 loops=1)
  Hash Cond: (mc.movie_id = t.id)
  ->  Seq Scan on movie_companies mc  (cost=0.00..57926.93 rows=910105 width=4) (actual time=479.241..1065.352 rows=748371 loops=1)
        Filter: ((company_id > 1451) AND (company_type_id < 2))
        Rows Removed by Filter: 1860758
  ->  Hash  (cost=28265.80..28265.80 rows=368 width=8) (actual time=429.227..429.227 rows=260 loops=1)
        Buckets: 1024  Batches: 1  Memory Usage: 19kB
        ->  Nested Loop  (cost=0.43..28265.80 rows=368 width=8) (actual time=358.260..429.096 rows=260 loops=1)
              ->  Seq Scan on movie_info_idx mi_idx  (cost=0.00..25185.44 rows=368 width=4) (actual time=358.187..406.354 rows=260 loops=1)
                    Filter: (info_type_id > 101)
                    Rows Removed by Filter: 1379775
              ->  Index Only Scan using title_pkey on title t  (cost=0.43..8.36 rows=1 width=4) (actual time=0.086..0.087 rows=1 loops=260)
                    Index Cond: (id = mi_idx.movie_id)
                    Heap Fetches: 260
Planning time: 1.104 ms
Execution time: 1598.673 ms
