Hash Join  (cost=158982.82..285717.98 rows=388412 width=0) (actual time=3838.201..10143.748 rows=8975153 loops=1)
  Hash Cond: (mk.movie_id = t.id)
  ->  Seq Scan on movie_keyword mk  (cost=0.00..69693.30 rows=4523930 width=4) (actual time=0.030..1435.751 rows=4523930 loops=1)
  ->  Hash  (cost=155420.17..155420.17 rows=217092 width=8) (actual time=3836.999..3836.999 rows=658706 loops=1)
        Buckets: 131072 (originally 131072)  Batches: 16 (originally 4)  Memory Usage: 3073kB
        ->  Hash Join  (cost=77377.73..155420.17 rows=217092 width=8) (actual time=1257.397..3626.168 rows=658706 loops=1)
              Hash Cond: (mc.movie_id = t.id)
              ->  Seq Scan on movie_companies mc  (cost=0.00..44881.29 rows=2609129 width=4) (actual time=0.031..929.213 rows=2609129 loops=1)
              ->  Hash  (cost=73925.90..73925.90 rows=210386 width=4) (actual time=1256.503..1256.503 rows=320579 loops=1)
                    Buckets: 131072  Batches: 4  Memory Usage: 3842kB
                    ->  Seq Scan on title t  (cost=0.00..73925.90 rows=210386 width=4) (actual time=0.050..1154.566 rows=320579 loops=1)
                          Filter: ((kind_id < 7) AND (production_year < 1982))
                          Rows Removed by Filter: 2207733
Planning time: 1.224 ms
Execution time: 11055.262 ms
