Hash Join  (cost=102767.86..482567.42 rows=984464 width=0) (actual time=5919.779..9162.397 rows=1039881 loops=1)
  Hash Cond: (mi.movie_id = t.id)
  ->  Seq Scan on movie_info mi  (cost=0.00..346232.03 rows=984464 width=4) (actual time=3965.163..5714.492 rows=1039881 loops=1)
        Filter: (info_type_id > 80)
        Rows Removed by Filter: 13795839
  ->  Hash  (cost=61283.27..61283.27 rows=2528527 width=4) (actual time=1951.938..1951.938 rows=2528312 loops=1)
        Buckets: 131072  Batches: 64  Memory Usage: 2425kB
        ->  Seq Scan on title t  (cost=0.00..61283.27 rows=2528527 width=4) (actual time=0.023..1063.548 rows=2528312 loops=1)
Planning time: 0.514 ms
Execution time: 9282.521 ms
