Hash Join  (cost=74155.14..129009.91 rows=18924 width=0) (actual time=1119.520..2422.819 rows=29278 loops=1)
  Hash Cond: (mc.movie_id = t.id)
  ->  Seq Scan on movie_companies mc  (cost=0.00..44881.29 rows=2609129 width=4) (actual time=0.016..698.390 rows=2609129 loops=1)
  ->  Hash  (cost=73925.90..73925.90 rows=18339 width=4) (actual time=1119.242..1119.242 rows=14449 loops=1)
        Buckets: 32768  Batches: 1  Memory Usage: 764kB
        ->  Seq Scan on title t  (cost=0.00..73925.90 rows=18339 width=4) (actual time=0.209..1112.485 rows=14449 loops=1)
              Filter: ((kind_id < 7) AND (production_year = 1998))
              Rows Removed by Filter: 2513863
Planning time: 0.804 ms
Execution time: 2427.603 ms
