Hash Join  (cost=83075.10..876726.49 rows=2088 width=0) (actual time=1290.481..18100.673 rows=22317 loops=1)
  Hash Cond: (ci.movie_id = t.id)
  ->  Seq Scan on cast_info ci  (cost=0.00..705507.15 rows=23499554 width=4) (actual time=0.020..13282.303 rows=23573656 loops=1)
        Filter: (role_id > 1)
        Rows Removed by Filter: 12670688
  ->  Hash  (cost=83072.29..83072.29 rows=225 width=8) (actual time=1290.042..1290.042 rows=892 loops=1)
        Buckets: 1024  Batches: 1  Memory Usage: 43kB
        ->  Nested Loop  (cost=0.43..83072.29 rows=225 width=8) (actual time=4.523..1289.339 rows=892 loops=1)
              ->  Seq Scan on movie_keyword mk  (cost=0.00..81003.12 rows=246 width=4) (actual time=4.461..1254.905 rows=896 loops=1)
                    Filter: (keyword_id = 983)
                    Rows Removed by Filter: 4523034
              ->  Index Scan using title_pkey on title t  (cost=0.43..8.40 rows=1 width=4) (actual time=0.036..0.037 rows=1 loops=896)
                    Index Cond: (id = mk.movie_id)
                    Filter: (production_year > 1945)
                    Rows Removed by Filter: 0
Planning time: 0.873 ms
Execution time: 18106.415 ms
