Seq Scan on cast_info ci  (cost=0.00..796071.18 rows=2011670 width=0) (actual time=6670.201..13770.889 rows=2639147 loops=1)
  Filter: ((person_id > 1768746) AND (role_id = 3))
  Rows Removed by Filter: 33605197
Planning time: 0.420 ms
Execution time: 14101.947 ms
