Seq Scan on cast_info ci  (cost=0.00..796071.18 rows=1668564 width=0) (actual time=2687.313..13365.037 rows=2523341 loops=1)
  Filter: ((person_id > 2115408) AND (role_id = 3))
  Rows Removed by Filter: 33721003
Planning time: 0.419 ms
Execution time: 13682.449 ms
