Seq Scan on movie_companies mc  (cost=0.00..57926.93 rows=522109 width=0) (actual time=0.019..912.657 rows=831642 loops=1)
  Filter: ((company_id > 15428) AND (company_type_id > 1))
  Rows Removed by Filter: 1777487
Planning time: 0.237 ms
Execution time: 1013.801 ms
