Nested Loop  (cost=0.43..83072.29 rows=181 width=0) (actual time=29.510..1335.151 rows=78 loops=1)
  ->  Seq Scan on movie_keyword mk  (cost=0.00..81003.12 rows=246 width=4) (actual time=0.736..1307.585 rows=475 loops=1)
        Filter: (keyword_id = 10049)
        Rows Removed by Filter: 4523455
  ->  Index Scan using title_pkey on title t  (cost=0.43..8.40 rows=1 width=4) (actual time=0.056..0.056 rows=0 loops=475)
        Index Cond: (id = mk.movie_id)
        Filter: (kind_id > 1)
        Rows Removed by Filter: 1
Planning time: 0.689 ms
Execution time: 1335.314 ms
