Hash Join  (cost=250692.49..1504130.28 rows=21380458 width=0) (actual time=5082.561..38530.367 rows=12385881 loops=1)
  Hash Cond: (ci.movie_id = t.id)
  ->  Seq Scan on cast_info ci  (cost=0.00..614943.12 rows=36225612 width=4) (actual time=0.016..13205.971 rows=36244344 loops=1)
  ->  Hash  (cost=226208.19..226208.19 rows=1492344 width=8) (actual time=5081.679..5081.679 rows=368710 loops=1)
        Buckets: 131072  Batches: 32  Memory Usage: 1470kB
        ->  Hash Join  (cost=92883.59..226208.19 rows=1492344 width=8) (actual time=3642.844..4974.081 rows=368710 loops=1)
              Hash Cond: (mk.movie_id = t.id)
              ->  Seq Scan on movie_keyword mk  (cost=0.00..81003.12 rows=2449008 width=4) (actual time=0.019..1644.795 rows=2437405 loops=1)
                    Filter: (keyword_id > 3722)
                    Rows Removed by Filter: 2086525
              ->  Hash  (cost=67604.59..67604.59 rows=1540800 width=4) (actual time=1626.498..1626.498 rows=1543264 loops=1)
                    Buckets: 131072  Batches: 32  Memory Usage: 2728kB
                    ->  Seq Scan on title t  (cost=0.00..67604.59 rows=1540800 width=4) (actual time=0.008..1122.928 rows=1543264 loops=1)
                          Filter: (kind_id = 7)
                          Rows Removed by Filter: 985048
Planning time: 0.729 ms
Execution time: 39727.902 ms
