Seq Scan on cast_info ci  (cost=0.00..705507.15 rows=500 width=0) (actual time=2015.532..11257.324 rows=455 loops=1)
  Filter: (person_id = 599695)
  Rows Removed by Filter: 36243889
Planning time: 0.387 ms
Execution time: 11257.470 ms
