Hash Join  (cost=83198.94..212543.39 rows=747354 width=0) (actual time=1538.920..5211.214 rows=2106368 loops=1)
  Hash Cond: (mk.movie_id = t.id)
  ->  Seq Scan on movie_keyword mk  (cost=0.00..81003.12 rows=3343410 width=4) (actual time=0.014..1648.096 rows=3336103 loops=1)
        Filter: (keyword_id > 1415)
        Rows Removed by Filter: 1187827
  ->  Hash  (cost=73925.90..73925.90 rows=565203 width=4) (actual time=1538.074..1538.074 rows=641785 loops=1)
        Buckets: 131072  Batches: 8  Memory Usage: 3870kB
        ->  Seq Scan on title t  (cost=0.00..73925.90 rows=565203 width=4) (actual time=0.010..1327.490 rows=641785 loops=1)
              Filter: ((kind_id < 7) AND (production_year < 2006))
              Rows Removed by Filter: 1886527
Planning time: 0.684 ms
Execution time: 5472.807 ms
