Hash Join  (cost=96754.97..135305.03 rows=255650 width=0) (actual time=1803.124..3534.750 rows=141288 loops=1)
  Hash Cond: (mi_idx.movie_id = t.id)
  ->  Seq Scan on movie_info_idx mi_idx  (cost=0.00..25185.44 rows=464566 width=4) (actual time=0.026..492.694 rows=459925 loops=1)
        Filter: (info_type_id = 101)
        Rows Removed by Filter: 920110
  ->  Hash  (cost=73925.90..73925.90 rows=1391445 width=4) (actual time=1785.792..1785.792 rows=1468207 loops=1)
        Buckets: 131072  Batches: 32  Memory Usage: 2639kB
        ->  Seq Scan on title t  (cost=0.00..73925.90 rows=1391445 width=4) (actual time=25.751..1343.474 rows=1468207 loops=1)
              Filter: ((production_year > 1952) AND (kind_id = 7))
              Rows Removed by Filter: 1060105
Planning time: 1.189 ms
Execution time: 3551.037 ms
