Hash Join  (cost=161629.42..513814.74 rows=16240 width=0) (actual time=6806.910..9226.821 rows=2126004 loops=1)
  Hash Cond: (mi.movie_id = t.id)
  ->  Seq Scan on movie_info mi  (cost=0.00..346232.03 rows=1158179 width=4) (actual time=3759.235..5279.586 rows=1204709 loops=1)
        Filter: (info_type_id > 18)
        Rows Removed by Filter: 13631011
  ->  Hash  (cost=161186.21..161186.21 rows=35456 width=8) (actual time=2933.354..2933.354 rows=79188 loops=1)
        Buckets: 131072 (originally 65536)  Batches: 2 (originally 1)  Memory Usage: 3073kB
        ->  Hash Join  (cost=74173.62..161186.21 rows=35456 width=8) (actual time=1019.518..2900.090 rows=79188 loops=1)
              Hash Cond: (mk.movie_id = t.id)
              ->  Seq Scan on movie_keyword mk  (cost=0.00..69693.30 rows=4523930 width=4) (actual time=0.027..1028.095 rows=4523930 loops=1)
              ->  Hash  (cost=73925.90..73925.90 rows=19817 width=4) (actual time=1019.072..1019.072 rows=14357 loops=1)
                    Buckets: 32768  Batches: 1  Memory Usage: 761kB
                    ->  Seq Scan on title t  (cost=0.00..73925.90 rows=19817 width=4) (actual time=0.026..1012.160 rows=14357 loops=1)
                          Filter: ((kind_id < 4) AND (production_year = 2001))
                          Rows Removed by Filter: 2513955
Planning time: 1.109 ms
Execution time: 9472.965 ms
