Hash Join  (cost=174113.67..212625.57 rows=47742 width=0) (actual time=3817.177..4730.282 rows=248566 loops=1)
  Hash Cond: (mi_idx.movie_id = t.id)
  ->  Seq Scan on movie_info_idx mi_idx  (cost=0.00..21735.35 rows=1380035 width=4) (actual time=0.018..482.582 rows=1380035 loops=1)
  ->  Hash  (cost=172678.24..172678.24 rows=87474 width=8) (actual time=3583.782..3583.782 rows=170964 loops=1)
        Buckets: 131072 (originally 131072)  Batches: 4 (originally 2)  Memory Usage: 3073kB
        ->  Hash Join  (cost=102767.86..172678.24 rows=87474 width=8) (actual time=2205.870..3521.085 rows=170964 loops=1)
              Hash Cond: (mc.movie_id = t.id)
              ->  Seq Scan on movie_companies mc  (cost=0.00..57926.93 rows=87474 width=4) (actual time=200.700..922.297 rows=170964 loops=1)
                    Filter: ((company_id > 123505) AND (company_type_id = 2))
                    Rows Removed by Filter: 2438165
              ->  Hash  (cost=61283.27..61283.27 rows=2528527 width=4) (actual time=2003.816..2003.816 rows=2528312 loops=1)
                    Buckets: 131072  Batches: 64  Memory Usage: 2415kB
                    ->  Seq Scan on title t  (cost=0.00..61283.27 rows=2528527 width=4) (actual time=0.022..1127.843 rows=2528312 loops=1)
Planning time: 1.091 ms
Execution time: 4761.722 ms
