Hash Join  (cost=111244.32..198810.91 rows=90855 width=0) (actual time=2131.687..4897.237 rows=1341497 loops=1)
  Hash Cond: (mk.movie_id = t.id)
  ->  Seq Scan on movie_keyword mk  (cost=0.00..69693.30 rows=4523930 width=4) (actual time=0.018..1055.824 rows=4523930 loops=1)
  ->  Hash  (cost=110609.56..110609.56 rows=50781 width=8) (actual time=2131.227..2131.227 rows=117683 loops=1)
        Buckets: 131072 (originally 65536)  Batches: 2 (originally 1)  Memory Usage: 3327kB
        ->  Hash Join  (cost=78496.64..110609.56 rows=50781 width=8) (actual time=1286.186..2085.370 rows=117683 loops=1)
              Hash Cond: (mi_idx.movie_id = t.id)
              ->  Seq Scan on movie_info_idx mi_idx  (cost=0.00..25185.44 rows=460978 width=4) (actual time=0.020..438.714 rows=459925 loops=1)
                    Filter: (info_type_id = 99)
                    Rows Removed by Filter: 920110
              ->  Hash  (cost=73925.90..73925.90 rows=278539 width=4) (actual time=1284.887..1284.887 rows=392019 loops=1)
                    Buckets: 131072 (originally 131072)  Batches: 8 (originally 4)  Memory Usage: 3073kB
                    ->  Seq Scan on title t  (cost=0.00..73925.90 rows=278539 width=4) (actual time=0.024..1155.817 rows=392019 loops=1)
                          Filter: ((kind_id < 7) AND (production_year < 1991))
                          Rows Removed by Filter: 2136293
Planning time: 1.283 ms
Execution time: 5055.896 ms
