Hash Join  (cost=1150330.17..2093596.42 rows=34801881 width=0) (actual time=15559.077..31311.748 rows=5845772 loops=1)
  Hash Cond: (mi.movie_id = t.id)
  ->  Seq Scan on movie_info mi  (cost=0.00..309384.22 rows=14739122 width=4) (actual time=0.029..6378.998 rows=14835720 loops=1)
  ->  Hash  (cost=1052378.98..1052378.98 rows=5970335 width=8) (actual time=15553.582..15553.582 rows=571794 loops=1)
        Buckets: 131072  Batches: 128  Memory Usage: 1207kB
        ->  Hash Join  (cost=102767.86..1052378.98 rows=5970335 width=8) (actual time=8073.441..15379.709 rows=571794 loops=1)
              Hash Cond: (ci.movie_id = t.id)
              ->  Seq Scan on cast_info ci  (cost=0.00..796071.18 rows=5970335 width=4) (actual time=6000.626..12449.402 rows=571794 loops=1)
                    Filter: ((person_id > 2626457) AND (role_id < 3))
                    Rows Removed by Filter: 35672550
              ->  Hash  (cost=61283.27..61283.27 rows=2528527 width=4) (actual time=2070.935..2070.935 rows=2528312 loops=1)
                    Buckets: 131072  Batches: 64  Memory Usage: 2415kB
                    ->  Seq Scan on title t  (cost=0.00..61283.27 rows=2528527 width=4) (actual time=0.023..1199.912 rows=2528312 loops=1)
Planning time: 1.162 ms
Execution time: 31996.626 ms
