Hash Join  (cost=219197.63..996234.52 rows=2150248 width=0) (actual time=11021.255..18345.072 rows=3157392 loops=1)
  Hash Cond: (ci.movie_id = t.id)
  ->  Seq Scan on cast_info ci  (cost=0.00..705507.15 rows=3419652 width=4) (actual time=6556.000..10892.857 rows=3419682 loops=1)
        Filter: (person_id > 3435827)
        Rows Removed by Filter: 32824662
  ->  Hash  (cost=193112.68..193112.68 rows=1589916 width=8) (actual time=4464.172..4464.172 rows=717308 loops=1)
        Buckets: 131072  Batches: 32  Memory Usage: 1871kB
        ->  Hash Join  (cost=92883.59..193112.68 rows=1589916 width=8) (actual time=1692.567..4277.109 rows=717308 loops=1)
              Hash Cond: (mc.movie_id = t.id)
              ->  Seq Scan on movie_companies mc  (cost=0.00..44881.29 rows=2609129 width=4) (actual time=0.020..889.261 rows=2609129 loops=1)
              ->  Hash  (cost=67604.59..67604.59 rows=1540800 width=4) (actual time=1691.625..1691.625 rows=1543264 loops=1)
                    Buckets: 131072  Batches: 32  Memory Usage: 2722kB
                    ->  Seq Scan on title t  (cost=0.00..67604.59 rows=1540800 width=4) (actual time=0.024..1216.887 rows=1543264 loops=1)
                          Filter: (kind_id = 7)
                          Rows Removed by Filter: 985048
Planning time: 7.519 ms
Execution time: 18680.413 ms
