Hash Join  (cost=80220.64..112845.10 rows=68905 width=0) (actual time=1330.362..1811.254 rows=32147 loops=1)
  Hash Cond: (mi_idx.movie_id = t.id)
  ->  Seq Scan on movie_info_idx mi_idx  (cost=0.00..25185.44 rows=454124 width=4) (actual time=0.025..475.422 rows=459925 loops=1)
        Filter: (info_type_id = 100)
        Rows Removed by Filter: 920110
  ->  Hash  (cost=73925.90..73925.90 rows=383659 width=4) (actual time=1097.079..1097.079 rows=265354 loops=1)
        Buckets: 131072  Batches: 8  Memory Usage: 2178kB
        ->  Seq Scan on title t  (cost=0.00..73925.90 rows=383659 width=4) (actual time=0.020..1010.032 rows=265354 loops=1)
              Filter: ((production_year < 1987) AND (kind_id = 7))
              Rows Removed by Filter: 2262958
Planning time: 0.748 ms
Execution time: 1815.291 ms
