Hash Join  (cost=83073.74..833879.52 rows=1669 width=0) (actual time=1279.222..17098.678 rows=3231 loops=1)
  Hash Cond: (ci.movie_id = t.id)
  ->  Seq Scan on cast_info ci  (cost=0.00..614943.12 rows=36225612 width=4) (actual time=0.040..9010.708 rows=36244344 loops=1)
  ->  Hash  (cost=83072.29..83072.29 rows=116 width=8) (actual time=1275.434..1275.434 rows=52 loops=1)
        Buckets: 1024  Batches: 1  Memory Usage: 11kB
        ->  Nested Loop  (cost=0.43..83072.29 rows=116 width=8) (actual time=60.448..1275.333 rows=52 loops=1)
              ->  Seq Scan on movie_keyword mk  (cost=0.00..81003.12 rows=246 width=4) (actual time=41.060..1271.172 rows=104 loops=1)
                    Filter: (keyword_id = 7784)
                    Rows Removed by Filter: 4523826
              ->  Index Scan using title_pkey on title t  (cost=0.43..8.40 rows=1 width=4) (actual time=0.035..0.036 rows=0 loops=104)
                    Index Cond: (id = mk.movie_id)
                    Filter: (production_year < 2003)
                    Rows Removed by Filter: 0
Planning time: 7.396 ms
Execution time: 17100.706 ms
