Hash Join  (cost=941759.26..1081558.41 rows=1460712 width=0) (actual time=16252.597..22498.663 rows=10006761 loops=1)
  Hash Cond: (mk.movie_id = t.id)
  ->  Seq Scan on movie_keyword mk  (cost=0.00..69693.30 rows=4523930 width=4) (actual time=0.010..1473.979 rows=4523930 loops=1)
  ->  Hash  (cost=928363.94..928363.94 rows=816425 width=8) (actual time=16250.286..16250.286 rows=1621112 loops=1)
        Buckets: 131072 (originally 131072)  Batches: 32 (originally 16)  Memory Usage: 3073kB
        ->  Hash Join  (cost=102767.86..928363.94 rows=816425 width=8) (actual time=3818.773..15769.504 rows=1621112 loops=1)
              Hash Cond: (ci.movie_id = t.id)
              ->  Seq Scan on cast_info ci  (cost=0.00..796071.18 rows=816425 width=4) (actual time=1820.510..12010.960 rows=1621112 loops=1)
                    Filter: ((person_id < 221118) AND (role_id = 1))
                    Rows Removed by Filter: 34623232
              ->  Hash  (cost=61283.27..61283.27 rows=2528527 width=4) (actual time=1997.135..1997.135 rows=2528312 loops=1)
                    Buckets: 131072  Batches: 64  Memory Usage: 2415kB
                    ->  Seq Scan on title t  (cost=0.00..61283.27 rows=2528527 width=4) (actual time=0.026..1154.492 rows=2528312 loops=1)
Planning time: 0.743 ms
Execution time: 23591.967 ms
