Hash Join  (cost=790711.94..817855.61 rows=23319 width=0) (actual time=13898.584..14546.918 rows=57791 loops=1)
  Hash Cond: (mi_idx.movie_id = t.id)
  ->  Seq Scan on movie_info_idx mi_idx  (cost=0.00..21735.35 rows=1380035 width=4) (actual time=0.016..318.510 rows=1380035 loops=1)
  ->  Hash  (cost=790177.87..790177.87 rows=42726 width=8) (actual time=13898.186..13898.186 rows=43256 loops=1)
        Buckets: 65536  Batches: 1  Memory Usage: 2202kB
        ->  Hash Join  (cost=78988.28..790177.87 rows=42726 width=8) (actual time=9113.005..13882.069 rows=43256 loops=1)
              Hash Cond: (ci.movie_id = t.id)
              ->  Seq Scan on cast_info ci  (cost=0.00..705507.15 rows=350181 width=4) (actual time=7823.970..12395.638 rows=316118 loops=1)
                    Filter: (role_id = 11)
                    Rows Removed by Filter: 35928226
              ->  Hash  (cost=73925.90..73925.90 rows=308510 width=4) (actual time=1288.090..1288.090 rows=266599 loops=1)
                    Buckets: 131072  Batches: 8  Memory Usage: 2191kB
                    ->  Seq Scan on title t  (cost=0.00..73925.90 rows=308510 width=4) (actual time=0.027..1198.304 rows=266599 loops=1)
                          Filter: ((kind_id < 7) AND (production_year > 2007))
                          Rows Removed by Filter: 2261713
Planning time: 2.460 ms
Execution time: 14554.843 ms
