Seq Scan on movie_keyword mk  (cost=0.00..81003.12 rows=981288 width=0) (actual time=0.027..1331.893 rows=986283 loops=1)
  Filter: (keyword_id > 18746)
  Rows Removed by Filter: 3537647
Planning time: 0.302 ms
Execution time: 1455.518 ms
