Seq Scan on cast_info ci  (cost=0.00..705507.15 rows=13457867 width=0) (actual time=158.114..12453.783 rows=13418546 loops=1)
  Filter: (person_id < 1322901)
  Rows Removed by Filter: 22825798
Planning time: 0.313 ms
Execution time: 14154.259 ms
