Nested Loop  (cost=32636.42..830582.40 rows=32 width=0) (actual time=11678.819..11718.919 rows=7 loops=1)
  Join Filter: (ci.movie_id = t.id)
  ->  Hash Join  (cost=32635.99..830514.76 rows=79 width=8) (actual time=11678.706..11718.580 rows=7 loops=1)
        Hash Cond: (ci.movie_id = mi_idx.movie_id)
        ->  Seq Scan on cast_info ci  (cost=0.00..796071.18 rows=176 width=4) (actual time=8189.126..11091.500 rows=8 loops=1)
              Filter: ((person_id = 1498809) AND (role_id = 1))
              Rows Removed by Filter: 36244336
        ->  Hash  (cost=25185.44..25185.44 rows=454124 width=4) (actual time=575.036..575.036 rows=459925 loops=1)
              Buckets: 131072  Batches: 8  Memory Usage: 3050kB
              ->  Seq Scan on movie_info_idx mi_idx  (cost=0.00..25185.44 rows=454124 width=4) (actual time=0.030..440.156 rows=459925 loops=1)
                    Filter: (info_type_id = 100)
                    Rows Removed by Filter: 920110
  ->  Index Only Scan using title_pkey on title t  (cost=0.43..0.84 rows=1 width=4) (actual time=0.041..0.042 rows=1 loops=7)
        Index Cond: (id = mi_idx.movie_id)
        Heap Fetches: 7
Planning time: 1.160 ms
Execution time: 11719.018 ms
