Hash Join  (cost=83074.43..109985.86 rows=94 width=0) (actual time=1379.961..1667.891 rows=12 loops=1)
  Hash Cond: (mi_idx.movie_id = t.id)
  ->  Seq Scan on movie_info_idx mi_idx  (cost=0.00..21735.35 rows=1380035 width=4) (actual time=0.020..218.110 rows=1380035 loops=1)
  ->  Hash  (cost=83072.29..83072.29 rows=172 width=8) (actual time=1260.409..1260.409 rows=5 loops=1)
        Buckets: 1024  Batches: 1  Memory Usage: 9kB
        ->  Nested Loop  (cost=0.43..83072.29 rows=172 width=8) (actual time=526.177..1260.385 rows=5 loops=1)
              ->  Seq Scan on movie_keyword mk  (cost=0.00..81003.12 rows=246 width=4) (actual time=40.667..1259.603 rows=15 loops=1)
                    Filter: (keyword_id = 25027)
                    Rows Removed by Filter: 4523915
              ->  Index Scan using title_pkey on title t  (cost=0.43..8.40 rows=1 width=4) (actual time=0.045..0.045 rows=0 loops=15)
                    Index Cond: (id = mk.movie_id)
                    Filter: (kind_id > 2)
                    Rows Removed by Filter: 1
Planning time: 1.177 ms
Execution time: 1668.050 ms
