Seq Scan on movie_companies mc  (cost=0.00..57926.93 rows=943481 width=0) (actual time=357.280..1121.285 rows=788712 loops=1)
  Filter: ((company_id > 1129) AND (company_type_id = 1))
  Rows Removed by Filter: 1820417
Planning time: 0.382 ms
Execution time: 1213.276 ms
