Hash Join  (cost=67697.55..123937.48 rows=3763 width=0) (actual time=1166.274..2110.920 rows=4714 loops=1)
  Hash Cond: (mc.movie_id = t.id)
  ->  Seq Scan on movie_companies mc  (cost=0.00..51404.11 rows=1279517 width=4) (actual time=138.153..894.386 rows=1274246 loops=1)
        Filter: (company_type_id < 2)
        Rows Removed by Filter: 1334883
  ->  Hash  (cost=67604.59..67604.59 rows=7437 width=4) (actual time=1026.920..1026.920 rows=3847 loops=1)
        Buckets: 8192  Batches: 1  Memory Usage: 200kB
        ->  Seq Scan on title t  (cost=0.00..67604.59 rows=7437 width=4) (actual time=0.110..1024.732 rows=3847 loops=1)
              Filter: (production_year = 1949)
              Rows Removed by Filter: 2524465
Planning time: 0.684 ms
Execution time: 2111.803 ms
