Seq Scan on movie_keyword mk  (cost=0.00..81003.12 rows=2194460 width=0) (actual time=0.017..1497.448 rows=2194632 loops=1)
  Filter: (keyword_id < 4361)
  Rows Removed by Filter: 2329298
Planning time: 0.353 ms
Execution time: 1767.920 ms
