Seq Scan on cast_info ci  (cost=0.00..796071.18 rows=176 width=0) (actual time=7757.474..10737.333 rows=26 loops=1)
  Filter: ((person_id = 1316223) AND (role_id = 1))
  Rows Removed by Filter: 36244318
Planning time: 0.394 ms
Execution time: 10737.450 ms
