Hash Join  (cost=93117.31..890368.95 rows=2778427 width=0) (actual time=6911.962..16941.018 rows=2368120 loops=1)
  Hash Cond: (ci.movie_id = t.id)
  ->  Seq Scan on cast_info ci  (cost=0.00..705507.15 rows=4517844 width=4) (actual time=5195.439..11994.732 rows=4549577 loops=1)
        Filter: (person_id > 3232055)
        Rows Removed by Filter: 31694767
  ->  Hash  (cost=67604.59..67604.59 rows=1555018 width=4) (actual time=1715.197..1715.197 rows=1551727 loops=1)
        Buckets: 131072  Batches: 32  Memory Usage: 2728kB
        ->  Seq Scan on title t  (cost=0.00..67604.59 rows=1555018 width=4) (actual time=0.022..1215.405 rows=1551727 loops=1)
              Filter: (production_year < 2007)
              Rows Removed by Filter: 976585
Planning time: 12.947 ms
Execution time: 17200.379 ms
