Seq Scan on movie_companies mc  (cost=0.00..51404.11 rows=342640 width=0) (actual time=0.010..717.935 rows=345966 loops=1)
  Filter: (company_id > 88686)
  Rows Removed by Filter: 2263163
Planning time: 0.326 ms
Execution time: 762.726 ms
