Hash Join  (cost=101489.21..254413.82 rows=2485862 width=0) (actual time=2077.757..5979.578 rows=2825760 loops=1)
  Hash Cond: (mk.movie_id = t.id)
  ->  Seq Scan on movie_keyword mk  (cost=0.00..81003.12 rows=3043373 width=4) (actual time=0.015..1514.309 rows=3031704 loops=1)
        Filter: (keyword_id < 10892)
        Rows Removed by Filter: 1492226
  ->  Hash  (cost=67604.59..67604.59 rows=2065330 width=4) (actual time=2076.782..2076.782 rows=2064552 loops=1)
        Buckets: 131072  Batches: 32  Memory Usage: 3298kB
        ->  Seq Scan on title t  (cost=0.00..67604.59 rows=2065330 width=4) (actual time=0.018..1387.874 rows=2064552 loops=1)
              Filter: (production_year < 2011)
              Rows Removed by Filter: 463760
Planning time: 0.508 ms
Execution time: 6296.345 ms
