Hash Join  (cost=176402.26..693217.53 rows=3468434 width=0) (actual time=4467.724..28456.098 rows=50597007 loops=1)
  Hash Cond: (mi.movie_id = t.id)
  ->  Seq Scan on movie_info mi  (cost=0.00..309384.22 rows=14739122 width=4) (actual time=0.028..6039.190 rows=14835720 loops=1)
  ->  Hash  (cost=166639.55..166639.55 rows=595017 width=8) (actual time=4466.027..4466.027 rows=1279601 loops=1)
        Buckets: 131072 (originally 131072)  Batches: 32 (originally 8)  Memory Usage: 3073kB
        ->  Hash Join  (cost=83386.85..166639.55 rows=595017 width=8) (actual time=1443.870..4081.261 rows=1279601 loops=1)
              Hash Cond: (mc.movie_id = t.id)
              ->  Seq Scan on movie_companies mc  (cost=0.00..44881.29 rows=2609129 width=4) (actual time=0.023..898.472 rows=2609129 loops=1)
              ->  Hash  (cost=73925.90..73925.90 rows=576636 width=4) (actual time=1442.977..1442.977 rows=597161 loops=1)
                    Buckets: 131072  Batches: 8  Memory Usage: 3662kB
                    ->  Seq Scan on title t  (cost=0.00..73925.90 rows=576636 width=4) (actual time=0.018..1261.434 rows=597161 loops=1)
                          Filter: ((kind_id < 3) AND (production_year < 2010))
                          Rows Removed by Filter: 1931151
Planning time: 1.132 ms
Execution time: 33678.852 ms
