Hash Join  (cost=207351.82..725721.57 rows=2510647 width=0) (actual time=4227.823..28552.337 rows=57224959 loops=1)
  Hash Cond: (mi.movie_id = t.id)
  ->  Seq Scan on movie_info mi  (cost=0.00..346232.03 rows=12545135 width=4) (actual time=0.016..6900.059 rows=12601870 loops=1)
        Filter: (info_type_id < 17)
        Rows Removed by Filter: 2233850
  ->  Hash  (cost=199049.42..199049.42 rows=506032 width=8) (actual time=4226.723..4226.723 rows=970956 loops=1)
        Buckets: 131072 (originally 131072)  Batches: 16 (originally 8)  Memory Usage: 3484kB
        ->  Hash Join  (cost=82436.85..199049.42 rows=506032 width=8) (actual time=1327.605..4006.317 rows=970956 loops=1)
              Hash Cond: (mk.movie_id = t.id)
              ->  Seq Scan on movie_keyword mk  (cost=0.00..81003.12 rows=2466698 width=4) (actual time=0.014..1585.244 rows=2453967 loops=1)
                    Filter: (keyword_id > 3664)
                    Rows Removed by Filter: 2069963
              ->  Hash  (cost=73925.90..73925.90 rows=518716 width=4) (actual time=1279.695..1279.695 rows=390957 loops=1)
                    Buckets: 131072  Batches: 8  Memory Usage: 2757kB
                    ->  Seq Scan on title t  (cost=0.00..73925.90 rows=518716 width=4) (actual time=0.014..1158.155 rows=390957 loops=1)
                          Filter: ((production_year > 1978) AND (kind_id = 1))
                          Rows Removed by Filter: 2137355
Planning time: 1.173 ms
Execution time: 34574.866 ms
