Seq Scan on movie_keyword mk  (cost=0.00..81003.12 rows=3222518 width=0) (actual time=0.021..1445.564 rows=3207753 loops=1)
  Filter: (keyword_id < 13298)
  Rows Removed by Filter: 1316177
Planning time: 0.316 ms
Execution time: 1829.697 ms
