Hash Join  (cost=83810.17..203357.91 rows=875908 width=0) (actual time=1454.890..4673.477 rows=1941191 loops=1)
  Hash Cond: (mk.movie_id = t.id)
  ->  Seq Scan on movie_keyword mk  (cost=0.00..81003.12 rows=2242276 width=4) (actual time=0.025..1643.464 rows=2238698 loops=1)
        Filter: (keyword_id < 4609)
        Rows Removed by Filter: 2285232
  ->  Hash  (cost=67604.59..67604.59 rows=987727 width=4) (actual time=1453.890..1453.890 rows=985048 loops=1)
        Buckets: 131072  Batches: 16  Memory Usage: 3197kB
        ->  Seq Scan on title t  (cost=0.00..67604.59 rows=987727 width=4) (actual time=0.041..1154.967 rows=985048 loops=1)
              Filter: (kind_id < 7)
              Rows Removed by Filter: 1543264
Planning time: 0.740 ms
Execution time: 4877.868 ms
