Hash Join  (cost=107432.01..220275.32 rows=2504937 width=0) (actual time=2221.509..5655.228 rows=2516709 loops=1)
  Hash Cond: (mc.movie_id = t.id)
  ->  Seq Scan on movie_companies mc  (cost=0.00..44881.29 rows=2609129 width=4) (actual time=0.013..990.692 rows=2609129 loops=1)
  ->  Hash  (cost=67604.59..67604.59 rows=2427554 width=4) (actual time=2220.276..2220.276 rows=2421168 loops=1)
        Buckets: 131072  Batches: 32  Memory Usage: 3685kB
        ->  Seq Scan on title t  (cost=0.00..67604.59 rows=2427554 width=4) (actual time=0.016..1441.468 rows=2421168 loops=1)
              Filter: (production_year > 1911)
              Rows Removed by Filter: 107144
Planning time: 0.716 ms
Execution time: 5927.713 ms
