Hash Join  (cost=438999.16..1418624.49 rows=242603 width=0) (actual time=8711.369..28775.265 rows=119593 loops=1)
  Hash Cond: (ci.movie_id = t.id)
  ->  Seq Scan on cast_info ci  (cost=0.00..614943.12 rows=36225612 width=4) (actual time=0.018..9601.356 rows=36244344 loops=1)
  ->  Hash  (cost=438787.48..438787.48 rows=16934 width=8) (actual time=8704.976..8704.976 rows=51577 loops=1)
        Buckets: 65536 (originally 32768)  Batches: 1 (originally 1)  Memory Usage: 2527kB
        ->  Hash Join  (cost=73962.22..438787.48 rows=16934 width=8) (actual time=1874.032..8680.385 rows=51577 loops=1)
              Hash Cond: (mi.movie_id = t.id)
              ->  Seq Scan on movie_info mi  (cost=0.00..309384.22 rows=14739122 width=4) (actual time=0.007..4489.792 rows=14835720 loops=1)
              ->  Hash  (cost=73925.90..73925.90 rows=2905 width=4) (actual time=1134.498..1134.498 rows=4597 loops=1)
                    Buckets: 8192 (originally 4096)  Batches: 1 (originally 1)  Memory Usage: 226kB
                    ->  Seq Scan on title t  (cost=0.00..73925.90 rows=2905 width=4) (actual time=122.712..1132.236 rows=4597 loops=1)
                          Filter: ((kind_id < 7) AND (production_year = 1910))
                          Rows Removed by Filter: 2523715
Planning time: 1.059 ms
Execution time: 28791.914 ms
