Hash Join  (cost=86935.43..185988.40 rows=318962 width=0) (actual time=1646.514..3651.157 rows=157398 loops=1)
  Hash Cond: (mk.movie_id = t.id)
  ->  Seq Scan on movie_keyword mk  (cost=0.00..81003.12 rows=1017128 width=4) (actual time=9.049..1414.515 rows=1023896 loops=1)
        Filter: (keyword_id > 17534)
        Rows Removed by Filter: 3500034
  ->  Hash  (cost=73925.90..73925.90 rows=792922 width=4) (actual time=1636.615..1636.615 rows=692469 loops=1)
        Buckets: 131072  Batches: 16  Memory Usage: 2555kB
        ->  Seq Scan on title t  (cost=0.00..73925.90 rows=792922 width=4) (actual time=0.027..1407.085 rows=692469 loops=1)
              Filter: ((kind_id > 1) AND (production_year < 2001))
              Rows Removed by Filter: 1835843
Planning time: 0.747 ms
Execution time: 3670.686 ms
