Hash Join  (cost=153976.10..630200.20 rows=1549271 width=0) (actual time=3502.825..16566.332 rows=4522050 loops=1)
  Hash Cond: (mi.movie_id = t.id)
  ->  Seq Scan on movie_info mi  (cost=0.00..346232.03 rows=9767026 width=4) (actual time=0.042..7133.041 rows=9911754 loops=1)
        Filter: (info_type_id > 4)
        Rows Removed by Filter: 4923966
  ->  Hash  (cost=147395.57..147395.57 rows=401082 width=8) (actual time=3502.049..3502.049 rows=410873 loops=1)
        Buckets: 131072  Batches: 8  Memory Usage: 3046kB
        ->  Hash Join  (cost=103698.42..147395.57 rows=401082 width=8) (actual time=2097.669..3376.569 rows=410873 loops=1)
              Hash Cond: (mi_idx.movie_id = t.id)
              ->  Seq Scan on movie_info_idx mi_idx  (cost=0.00..25185.44 rows=460978 width=4) (actual time=0.021..492.740 rows=459925 loops=1)
                    Filter: (info_type_id < 100)
                    Rows Removed by Filter: 920110
              ->  Hash  (cost=67604.59..67604.59 rows=2199987 width=4) (actual time=2096.570..2096.570 rows=2192624 loops=1)
                    Buckets: 131072  Batches: 32  Memory Usage: 3436kB
                    ->  Seq Scan on title t  (cost=0.00..67604.59 rows=2199987 width=4) (actual time=0.014..1402.185 rows=2192624 loops=1)
                          Filter: (production_year > 1961)
                          Rows Removed by Filter: 335688
Planning time: 1.651 ms
Execution time: 17093.110 ms
