Hash Join  (cost=101838.46..934378.26 rows=82955 width=0) (actual time=2117.216..17611.653 rows=166785 loops=1)
  Hash Cond: (ci.movie_id = t.id)
  ->  Seq Scan on cast_info ci  (cost=0.00..796071.18 rows=9503749 width=4) (actual time=0.015..12815.985 rows=11151153 loops=1)
        Filter: ((person_id < 1266689) AND (role_id < 5))
        Rows Removed by Filter: 25093191
  ->  Hash  (cost=101562.57..101562.57 rows=22071 width=8) (actual time=2116.972..2116.972 rows=33605 loops=1)
        Buckets: 65536 (originally 32768)  Batches: 1 (originally 1)  Memory Usage: 1825kB
        ->  Hash Join  (cost=74431.38..101562.57 rows=22071 width=8) (actual time=1271.329..2104.896 rows=33605 loops=1)
              Hash Cond: (mi_idx.movie_id = t.id)
              ->  Seq Scan on movie_info_idx mi_idx  (cost=0.00..21735.35 rows=1380035 width=4) (actual time=0.039..319.459 rows=1380035 loops=1)
              ->  Hash  (cost=73925.90..73925.90 rows=40438 width=4) (actual time=1270.814..1270.814 rows=122928 loops=1)
                    Buckets: 131072 (originally 65536)  Batches: 2 (originally 1)  Memory Usage: 3181kB
                    ->  Seq Scan on title t  (cost=0.00..73925.90 rows=40438 width=4) (actual time=0.029..1222.731 rows=122928 loops=1)
                          Filter: ((kind_id < 4) AND (production_year < 1933))
                          Rows Removed by Filter: 2405384
Planning time: 1.260 ms
Execution time: 17634.646 ms
