Hash Join  (cost=158355.47..185279.19 rows=1324 width=0) (actual time=2478.491..2975.998 rows=2899 loops=1)
  Hash Cond: (mi_idx.movie_id = t.id)
  ->  Seq Scan on movie_info_idx mi_idx  (cost=0.00..21735.35 rows=1380035 width=4) (actual time=0.014..246.127 rows=1380035 loops=1)
  ->  Hash  (cost=158325.15..158325.15 rows=2426 width=8) (actual time=2478.305..2478.305 rows=1336 loops=1)
        Buckets: 4096  Batches: 1  Memory Usage: 85kB
        ->  Hash Join  (cost=76242.82..158325.15 rows=2426 width=8) (actual time=1090.361..2477.601 rows=1336 loops=1)
              Hash Cond: (mk.movie_id = t.id)
              ->  Seq Scan on movie_keyword mk  (cost=0.00..81003.12 rows=43452 width=4) (actual time=0.021..1351.865 rows=38892 loops=1)
                    Filter: (keyword_id < 47)
                    Rows Removed by Filter: 4485038
              ->  Hash  (cost=73925.90..73925.90 rows=141193 width=4) (actual time=1088.568..1088.568 rows=132182 loops=1)
                    Buckets: 131072  Batches: 2  Memory Usage: 3346kB
                    ->  Seq Scan on title t  (cost=0.00..73925.90 rows=141193 width=4) (actual time=550.330..1044.112 rows=132182 loops=1)
                          Filter: ((production_year > 2009) AND (kind_id = 1))
                          Rows Removed by Filter: 2396130
Planning time: 0.713 ms
Execution time: 2976.503 ms
