Seq Scan on cast_info ci  (cost=0.00..705507.15 rows=18187234 width=0) (actual time=646.776..12110.254 rows=18347904 loops=1)
  Filter: (person_id > 1773834)
  Rows Removed by Filter: 17896440
Planning time: 0.238 ms
Execution time: 14365.813 ms
