Hash Join  (cost=166236.33..923144.32 rows=611885 width=0) (actual time=3124.104..19432.422 rows=396419 loops=1)
  Hash Cond: (ci.movie_id = t.id)
  ->  Seq Scan on cast_info ci  (cost=0.00..614943.12 rows=36225612 width=4) (actual time=0.012..8210.814 rows=36244344 loops=1)
  ->  Hash  (cost=165702.47..165702.47 rows=42709 width=8) (actual time=3122.997..3122.997 rows=11826 loops=1)
        Buckets: 65536  Batches: 1  Memory Usage: 974kB
        ->  Hash Join  (cost=74440.79..165702.47 rows=42709 width=8) (actual time=1420.811..3118.804 rows=11826 loops=1)
              Hash Cond: (mk.movie_id = t.id)
              ->  Seq Scan on movie_keyword mk  (cost=0.00..81003.12 rows=2621724 width=4) (actual time=0.016..1524.900 rows=2611485 loops=1)
                    Filter: (keyword_id > 3287)
                    Rows Removed by Filter: 1912445
              ->  Hash  (cost=73925.90..73925.90 rows=41191 width=4) (actual time=1174.708..1174.708 rows=43851 loops=1)
                    Buckets: 65536  Batches: 1  Memory Usage: 2054kB
                    ->  Seq Scan on title t  (cost=0.00..73925.90 rows=41191 width=4) (actual time=0.166..1156.468 rows=43851 loops=1)
                          Filter: ((kind_id = 7) AND (production_year = 2003))
                          Rows Removed by Filter: 2484461
Planning time: 1.535 ms
Execution time: 19483.193 ms
