Hash Join  (cost=102767.86..250342.80 rows=2356050 width=0) (actual time=1907.338..6045.923 rows=2355233 loops=1)
  Hash Cond: (mk.movie_id = t.id)
  ->  Seq Scan on movie_keyword mk  (cost=0.00..81003.12 rows=2356050 width=4) (actual time=0.016..1662.491 rows=2355233 loops=1)
        Filter: (keyword_id < 5292)
        Rows Removed by Filter: 2168697
  ->  Hash  (cost=61283.27..61283.27 rows=2528527 width=4) (actual time=1906.287..1906.287 rows=2528312 loops=1)
        Buckets: 131072  Batches: 64  Memory Usage: 2425kB
        ->  Seq Scan on title t  (cost=0.00..61283.27 rows=2528527 width=4) (actual time=0.025..1049.347 rows=2528312 loops=1)
Planning time: 1.411 ms
Execution time: 6323.551 ms
