Seq Scan on movie_keyword mk  (cost=0.00..81003.12 rows=246 width=0) (actual time=8.405..1224.946 rows=182 loops=1)
  Filter: (keyword_id = 8073)
  Rows Removed by Filter: 4523748
Planning time: 0.387 ms
Execution time: 1225.164 ms
