Seq Scan on movie_keyword mk  (cost=0.00..81003.12 rows=302129 width=0) (actual time=0.035..993.555 rows=298069 loops=1)
  Filter: (keyword_id > 54131)
  Rows Removed by Filter: 4225861
Planning time: 0.328 ms
Execution time: 1030.183 ms
