Nested Loop  (cost=0.43..83071.67 rows=246 width=0) (actual time=8.924..1206.336 rows=221 loops=1)
  ->  Seq Scan on movie_keyword mk  (cost=0.00..81003.12 rows=246 width=4) (actual time=8.835..1197.426 rows=221 loops=1)
        Filter: (keyword_id = 10774)
        Rows Removed by Filter: 4523709
  ->  Index Only Scan using title_pkey on title t  (cost=0.43..8.40 rows=1 width=4) (actual time=0.037..0.037 rows=1 loops=221)
        Index Cond: (id = mk.movie_id)
        Heap Fetches: 221
Planning time: 0.711 ms
Execution time: 1206.548 ms
