Seq Scan on movie_companies mc  (cost=0.00..57926.93 rows=886094 width=0) (actual time=359.491..1175.338 rows=1198651 loops=1)
  Filter: ((company_id < 29406) AND (company_type_id = 1))
  Rows Removed by Filter: 1410478
Planning time: 0.388 ms
Execution time: 1327.359 ms
