Hash Join  (cost=189632.99..313521.58 rows=1005607 width=0) (actual time=4982.579..12532.801 rows=17821022 loops=1)
  Hash Cond: (mk.movie_id = t.id)
  ->  Seq Scan on movie_keyword mk  (cost=0.00..81003.12 rows=2494772 width=4) (actual time=0.015..1686.675 rows=2487899 loops=1)
        Filter: (keyword_id < 6054)
        Rows Removed by Filter: 2036031
  ->  Hash  (cost=172910.83..172910.83 rows=1019213 width=8) (actual time=4981.704..4981.704 rows=1891821 loops=1)
        Buckets: 131072 (originally 131072)  Batches: 32 (originally 16)  Memory Usage: 3402kB
        ->  Hash Join  (cost=83810.17..172910.83 rows=1019213 width=8) (actual time=1506.015..4395.154 rows=1891821 loops=1)
              Hash Cond: (mc.movie_id = t.id)
              ->  Seq Scan on movie_companies mc  (cost=0.00..44881.29 rows=2609129 width=4) (actual time=0.016..827.717 rows=2609129 loops=1)
              ->  Hash  (cost=67604.59..67604.59 rows=987727 width=4) (actual time=1504.985..1504.985 rows=985048 loops=1)
                    Buckets: 131072  Batches: 16  Memory Usage: 3188kB
                    ->  Seq Scan on title t  (cost=0.00..67604.59 rows=987727 width=4) (actual time=0.023..1188.052 rows=985048 loops=1)
                          Filter: (kind_id < 7)
                          Rows Removed by Filter: 1543264
Planning time: 1.120 ms
Execution time: 14526.630 ms
