Seq Scan on cast_info ci  (cost=0.00..796071.18 rows=2446913 width=42) (actual time=3952.138..13670.815 rows=3712500 loops=1)
  Filter: ((person_id > 1539363) AND (role_id = 10))
  Rows Removed by Filter: 32531844
Planning time: 0.615 ms
Execution time: 13911.705 ms
