Hash Join  (cost=866120.57..1490188.77 rows=1433396 width=0) (actual time=18715.003..30482.908 rows=220723 loops=1)
  Hash Cond: (mi.movie_id = t.id)
  ->  Seq Scan on movie_info mi  (cost=0.00..309384.22 rows=14739122 width=4) (actual time=0.007..5975.190 rows=14835720 loops=1)
  ->  Hash  (cost=862085.80..862085.80 rows=245902 width=8) (actual time=18439.244..18439.244 rows=24749 loops=1)
        Buckets: 131072  Batches: 4  Memory Usage: 1259kB
        ->  Hash Join  (cost=74291.01..862085.80 rows=245902 width=8) (actual time=911.325..17914.893 rows=24749 loops=1)
              Hash Cond: (ci.movie_id = t.id)
              ->  Seq Scan on cast_info ci  (cost=0.00..705507.15 rows=21287632 width=4) (actual time=0.016..12830.850 rows=21138346 loops=1)
                    Filter: (person_id < 2135030)
                    Rows Removed by Filter: 15105998
              ->  Hash  (cost=73925.90..73925.90 rows=29208 width=4) (actual time=911.071..911.071 rows=3125 loops=1)
                    Buckets: 32768  Batches: 1  Memory Usage: 366kB
                    ->  Seq Scan on title t  (cost=0.00..73925.90 rows=29208 width=4) (actual time=449.274..909.514 rows=3125 loops=1)
                          Filter: ((production_year < 1988) AND (kind_id = 4))
                          Rows Removed by Filter: 2525187
Planning time: 1.605 ms
Execution time: 30506.389 ms
