Seq Scan on movie_companies mc  (cost=0.00..51404.11 rows=871085 width=0) (actual time=0.028..871.630 rows=877801 loops=1)
  Filter: (company_id > 23038)
  Rows Removed by Filter: 1731328
Planning time: 0.318 ms
Execution time: 982.623 ms
