Hash Join  (cost=73953.78..438739.70 rows=12999 width=0) (actual time=953.741..7111.093 rows=60060 loops=1)
  Hash Cond: (mi.movie_id = t.id)
  ->  Seq Scan on movie_info mi  (cost=0.00..309384.22 rows=14739122 width=4) (actual time=0.018..3353.003 rows=14835720 loops=1)
  ->  Hash  (cost=73925.90..73925.90 rows=2230 width=4) (actual time=953.672..953.672 rows=5114 loops=1)
        Buckets: 8192 (originally 4096)  Batches: 1 (originally 1)  Memory Usage: 244kB
        ->  Seq Scan on title t  (cost=0.00..73925.90 rows=2230 width=4) (actual time=0.032..951.373 rows=5114 loops=1)
              Filter: ((kind_id < 3) AND (production_year = 1982))
              Rows Removed by Filter: 2523198
Planning time: 0.772 ms
Execution time: 7121.351 ms
