Seq Scan on movie_companies mc  (cost=0.00..51404.11 rows=766023 width=0) (actual time=0.039..921.810 rows=758438 loops=1)
  Filter: (company_id < 1531)
  Rows Removed by Filter: 1850691
Planning time: 0.412 ms
Execution time: 1016.437 ms
