Nested Loop  (cost=0.43..709673.15 rows=132 width=0) (actual time=2382.810..10516.087 rows=5 loops=1)
  ->  Seq Scan on cast_info ci  (cost=0.00..705507.15 rows=500 width=4) (actual time=2382.732..10515.844 rows=5 loops=1)
        Filter: (person_id = 1018756)
        Rows Removed by Filter: 36244339
  ->  Index Scan using title_pkey on title t  (cost=0.43..8.32 rows=1 width=4) (actual time=0.038..0.039 rows=1 loops=5)
        Index Cond: (id = ci.movie_id)
        Filter: (kind_id = 1)
Planning time: 6.463 ms
Execution time: 10516.210 ms
