Seq Scan on title t  (cost=0.00..73925.90 rows=560771 width=0) (actual time=0.023..1120.758 rows=438714 loops=1)
  Filter: ((production_year > 1967) AND (kind_id = 1))
  Rows Removed by Filter: 2089598
Planning time: 1.646 ms
Execution time: 1176.377 ms
