Hash Join  (cost=75829.68..910110.98 rows=144061 width=0) (actual time=8420.932..14066.968 rows=45 loops=1)
  Hash Cond: (ci.movie_id = t.id)
  ->  Seq Scan on cast_info ci  (cost=0.00..796071.18 rows=3140670 width=4) (actual time=6698.225..12782.743 rows=2725 loops=1)
        Filter: ((person_id < 1525471) AND (role_id = 2))
        Rows Removed by Filter: 36241619
  ->  Hash  (cost=73925.90..73925.90 rows=115982 width=4) (actual time=1237.583..1237.583 rows=239442 loops=1)
        Buckets: 131072 (originally 131072)  Batches: 4 (originally 2)  Memory Usage: 3130kB
        ->  Seq Scan on title t  (cost=0.00..73925.90 rows=115982 width=4) (actual time=0.029..1148.209 rows=239442 loops=1)
              Filter: ((kind_id < 3) AND (production_year < 1971))
              Rows Removed by Filter: 2288870
Planning time: 0.834 ms
Execution time: 14067.387 ms
