Hash Join  (cost=67697.55..156418.15 rows=6006 width=0) (actual time=1042.150..2835.344 rows=8414 loops=1)
  Hash Cond: (mk.movie_id = t.id)
  ->  Seq Scan on movie_keyword mk  (cost=0.00..81003.12 rows=2041978 width=4) (actual time=0.022..1475.418 rows=2046328 loops=1)
        Filter: (keyword_id > 5992)
        Rows Removed by Filter: 2477602
  ->  Hash  (cost=67604.59..67604.59 rows=7437 width=4) (actual time=1037.485..1037.485 rows=10308 loops=1)
        Buckets: 16384 (originally 8192)  Batches: 1 (originally 1)  Memory Usage: 491kB
        ->  Seq Scan on title t  (cost=0.00..67604.59 rows=7437 width=4) (actual time=0.056..1032.347 rows=10308 loops=1)
              Filter: (production_year = 1962)
              Rows Removed by Filter: 2518004
Planning time: 0.729 ms
Execution time: 2836.801 ms
