Seq Scan on movie_keyword mk  (cost=0.00..81003.12 rows=246 width=0) (actual time=803.482..1296.096 rows=2 loops=1)
  Filter: (keyword_id = 49410)
  Rows Removed by Filter: 4523928
Planning time: 0.377 ms
Execution time: 1296.183 ms
