Hash Join  (cost=89893.22..212959.01 rows=955519 width=0) (actual time=1651.892..5375.951 rows=467888 loops=1)
  Hash Cond: (mk.movie_id = t.id)
  ->  Seq Scan on movie_keyword mk  (cost=0.00..81003.12 rows=2482526 width=4) (actual time=0.026..1639.201 rows=2477214 loops=1)
        Filter: (keyword_id > 3654)
        Rows Removed by Filter: 2046716
  ->  Hash  (cost=73925.90..73925.90 rows=973225 width=4) (actual time=1650.591..1650.591 rows=1057588 loops=1)
        Buckets: 131072  Batches: 16  Memory Usage: 3361kB
        ->  Seq Scan on title t  (cost=0.00..73925.90 rows=973225 width=4) (actual time=0.012..1304.952 rows=1057588 loops=1)
              Filter: ((kind_id > 1) AND (production_year > 2001))
              Rows Removed by Filter: 1470724
Planning time: 0.788 ms
Execution time: 5434.258 ms
