Hash Join  (cost=101810.72..1431031.45 rows=24349555 width=0) (actual time=1980.810..43939.128 rows=25474688 loops=1)
  Hash Cond: (ci.movie_id = t.id)
  ->  Seq Scan on cast_info ci  (cost=0.00..614943.12 rows=36225612 width=4) (actual time=0.014..13504.090 rows=36244344 loops=1)
  ->  Hash  (cost=73925.90..73925.90 rows=1699585 width=4) (actual time=1979.769..1979.769 rows=1799514 loops=1)
        Buckets: 131072  Batches: 32  Memory Usage: 3006kB
        ->  Seq Scan on title t  (cost=0.00..73925.90 rows=1699585 width=4) (actual time=0.015..1418.593 rows=1799514 loops=1)
              Filter: ((kind_id > 1) AND (production_year > 1945))
              Rows Removed by Filter: 728798
Planning time: 0.719 ms
Execution time: 47014.339 ms
