Hash Join  (cost=102767.86..1246030.20 rows=17781858 width=0) (actual time=1829.224..32762.498 rows=17634630 loops=1)
  Hash Cond: (ci.movie_id = t.id)
  ->  Seq Scan on cast_info ci  (cost=0.00..705507.15 rows=17781858 width=4) (actual time=19.143..13712.194 rows=17634630 loops=1)
        Filter: (person_id < 1745697)
        Rows Removed by Filter: 18609714
  ->  Hash  (cost=61283.27..61283.27 rows=2528527 width=4) (actual time=1735.915..1735.915 rows=2528312 loops=1)
        Buckets: 131072  Batches: 64  Memory Usage: 2415kB
        ->  Seq Scan on title t  (cost=0.00..61283.27 rows=2528527 width=4) (actual time=0.018..909.615 rows=2528312 loops=1)
Planning time: 0.799 ms
Execution time: 34874.236 ms
