Hash Join  (cost=510035.48..604140.09 rows=1139861 width=0) (actual time=8616.837..11470.362 rows=2061756 loops=1)
  Hash Cond: (mc.movie_id = t.id)
  ->  Seq Scan on movie_companies mc  (cost=0.00..51404.11 rows=2279972 width=4) (actual time=0.022..1065.245 rows=2276748 loops=1)
        Filter: (company_id < 90356)
        Rows Removed by Filter: 332381
  ->  Hash  (cost=489295.91..489295.91 rows=1264125 width=8) (actual time=8615.617..8615.617 rows=1288928 loops=1)
        Buckets: 131072  Batches: 32  Memory Usage: 2584kB
        ->  Hash Join  (cost=102767.86..489295.91 rows=1264125 width=8) (actual time=3870.034..8229.846 rows=1288928 loops=1)
              Hash Cond: (mi.movie_id = t.id)
              ->  Seq Scan on movie_info mi  (cost=0.00..346232.03 rows=1264125 width=4) (actual time=1931.391..4805.544 rows=1288928 loops=1)
                    Filter: (info_type_id = 2)
                    Rows Removed by Filter: 13546792
              ->  Hash  (cost=61283.27..61283.27 rows=2528527 width=4) (actual time=1937.418..1937.418 rows=2528312 loops=1)
                    Buckets: 131072  Batches: 64  Memory Usage: 2425kB
                    ->  Seq Scan on title t  (cost=0.00..61283.27 rows=2528527 width=4) (actual time=0.031..932.375 rows=2528312 loops=1)
Planning time: 1.276 ms
Execution time: 11693.346 ms
