Hash Join  (cost=78058.28..172551.31 rows=99187 width=0) (actual time=1243.539..3273.768 rows=324219 loops=1)
  Hash Cond: (mk.movie_id = t.id)
  ->  Seq Scan on movie_keyword mk  (cost=0.00..81003.12 rows=995742 width=4) (actual time=0.024..1409.150 rows=1001024 loops=1)
        Filter: (keyword_id < 957)
        Rows Removed by Filter: 3522906
  ->  Hash  (cost=73925.90..73925.90 rows=251870 width=4) (actual time=1242.692..1242.692 rows=365623 loops=1)
        Buckets: 131072 (originally 131072)  Batches: 8 (originally 4)  Memory Usage: 3073kB
        ->  Seq Scan on title t  (cost=0.00..73925.90 rows=251870 width=4) (actual time=0.014..1116.842 rows=365623 loops=1)
              Filter: ((kind_id < 7) AND (production_year < 1988))
              Rows Removed by Filter: 2162689
Planning time: 0.639 ms
Execution time: 3312.983 ms
