Seq Scan on movie_keyword mk  (cost=0.00..81003.12 rows=246 width=0) (actual time=54.608..1231.331 rows=70 loops=1)
  Filter: (keyword_id = 4203)
  Rows Removed by Filter: 4523860
Planning time: 0.363 ms
Execution time: 1231.480 ms
