Hash Join  (cost=149091.20..293837.08 rows=1163444 width=0) (actual time=3188.883..7499.198 rows=3450782 loops=1)
  Hash Cond: (mk.movie_id = t.id)
  ->  Seq Scan on movie_keyword mk  (cost=0.00..81003.12 rows=4273951 width=4) (actual time=0.017..1754.575 rows=4255669 loops=1)
        Filter: (keyword_id > 229)
        Rows Removed by Filter: 268261
  ->  Hash  (cost=137798.33..137798.33 rows=688309 width=8) (actual time=3187.463..3187.463 rows=585034 loops=1)
        Buckets: 131072  Batches: 16  Memory Usage: 2451kB
        ->  Hash Join  (cost=88295.76..137798.33 rows=688309 width=8) (actual time=1609.321..3016.025 rows=585034 loops=1)
              Hash Cond: (mi_idx.movie_id = t.id)
              ->  Seq Scan on movie_info_idx mi_idx  (cost=0.00..21735.35 rows=1380035 width=4) (actual time=0.018..413.546 rows=1380035 loops=1)
              ->  Hash  (cost=67604.59..67604.59 rows=1261134 width=4) (actual time=1607.834..1607.834 rows=1260295 loops=1)
                    Buckets: 131072  Batches: 32  Memory Usage: 2413kB
                    ->  Seq Scan on title t  (cost=0.00..67604.59 rows=1261134 width=4) (actual time=0.041..1196.270 rows=1260295 loops=1)
                          Filter: (production_year > 2002)
                          Rows Removed by Filter: 1268017
Planning time: 1.171 ms
Execution time: 7871.318 ms
