Hash Join  (cost=68058.67..123099.05 rows=37485 width=0) (actual time=1119.275..2462.521 rows=34035 loops=1)
  Hash Cond: (mc.movie_id = t.id)
  ->  Seq Scan on movie_companies mc  (cost=0.00..44881.29 rows=2609129 width=4) (actual time=0.023..655.784 rows=2609129 loops=1)
  ->  Hash  (cost=67604.59..67604.59 rows=36327 width=4) (actual time=1118.645..1118.645 rows=36509 loops=1)
        Buckets: 65536  Batches: 1  Memory Usage: 1796kB
        ->  Seq Scan on title t  (cost=0.00..67604.59 rows=36327 width=4) (actual time=0.016..1102.997 rows=36509 loops=1)
              Filter: (production_year = 1996)
              Rows Removed by Filter: 2491803
Planning time: 0.779 ms
Execution time: 2468.012 ms
