Hash Join  (cost=86573.65..182247.51 rows=243256 width=0) (actual time=2978.144..3673.408 rows=64538 loops=1)
  Hash Cond: (mk.movie_id = t.id)
  ->  Seq Scan on movie_keyword mk  (cost=0.00..81003.12 rows=797913 width=4) (actual time=0.024..1468.170 rows=801599 loops=1)
        Filter: (keyword_id > 23082)
        Rows Removed by Filter: 3722331
  ->  Hash  (cost=73925.90..73925.90 rows=770860 width=4) (actual time=1483.296..1483.296 rows=682281 loops=1)
        Buckets: 131072  Batches: 16  Memory Usage: 2528kB
        ->  Seq Scan on title t  (cost=0.00..73925.90 rows=770860 width=4) (actual time=0.018..1256.387 rows=682281 loops=1)
              Filter: ((production_year < 2004) AND (kind_id = 7))
              Rows Removed by Filter: 1846031
Planning time: 0.611 ms
Execution time: 3679.521 ms
