Hash Join  (cost=85692.35..210710.68 rows=811795 width=0) (actual time=1306.552..5091.555 rows=1554272 loops=1)
  Hash Cond: (mk.movie_id = t.id)
  ->  Seq Scan on movie_keyword mk  (cost=0.00..81003.12 rows=2862201 width=4) (actual time=0.032..1688.292 rows=2854087 loops=1)
        Filter: (keyword_id < 8717)
        Rows Removed by Filter: 1669843
  ->  Hash  (cost=73925.90..73925.90 rows=717156 width=4) (actual time=1305.483..1305.483 rows=620281 loops=1)
        Buckets: 131072  Batches: 16  Memory Usage: 2394kB
        ->  Seq Scan on title t  (cost=0.00..73925.90 rows=717156 width=4) (actual time=0.028..1103.326 rows=620281 loops=1)
              Filter: ((kind_id < 7) AND (production_year > 1986))
              Rows Removed by Filter: 1908031
Planning time: 6.840 ms
Execution time: 5281.943 ms
