Hash Join  (cost=100885.02..865619.30 rows=6685 width=0) (actual time=5602.417..16814.073 rows=78826 loops=1)
  Hash Cond: (ci.movie_id = t.id)
  ->  Seq Scan on cast_info ci  (cost=0.00..705507.15 rows=15776083 width=4) (actual time=3971.508..12031.806 rows=15891146 loops=1)
        Filter: (person_id > 2046426)
        Rows Removed by Filter: 20353198
  ->  Hash  (cost=100871.63..100871.63 rows=1071 width=8) (actual time=1630.398..1630.398 rows=6795 loops=1)
        Buckets: 8192 (originally 2048)  Batches: 1 (originally 1)  Memory Usage: 330kB
        ->  Hash Join  (cost=73950.44..100871.63 rows=1071 width=8) (actual time=1069.587..1627.859 rows=6795 loops=1)
              Hash Cond: (mi_idx.movie_id = t.id)
              ->  Seq Scan on movie_info_idx mi_idx  (cost=0.00..21735.35 rows=1380035 width=4) (actual time=0.018..311.367 rows=1380035 loops=1)
              ->  Hash  (cost=73925.90..73925.90 rows=1963 width=4) (actual time=1026.398..1026.398 rows=4682 loops=1)
                    Buckets: 8192 (originally 2048)  Batches: 1 (originally 1)  Memory Usage: 229kB
                    ->  Seq Scan on title t  (cost=0.00..73925.90 rows=1963 width=4) (actual time=0.108..1024.266 rows=4682 loops=1)
                          Filter: ((kind_id = 1) AND (production_year = 1987))
                          Rows Removed by Filter: 2523630
Planning time: 5.292 ms
Execution time: 16827.185 ms
