Hash Join  (cost=102767.86..301710.61 rows=4490808 width=0) (actual time=1996.089..7403.367 rows=4493690 loops=1)
  Hash Cond: (mk.movie_id = t.id)
  ->  Seq Scan on movie_keyword mk  (cost=0.00..81003.12 rows=4490808 width=4) (actual time=0.026..1764.330 rows=4493690 loops=1)
        Filter: (keyword_id < 110384)
        Rows Removed by Filter: 30240
  ->  Hash  (cost=61283.27..61283.27 rows=2528527 width=4) (actual time=1995.212..1995.212 rows=2528312 loops=1)
        Buckets: 131072  Batches: 64  Memory Usage: 2425kB
        ->  Seq Scan on title t  (cost=0.00..61283.27 rows=2528527 width=4) (actual time=0.025..1121.958 rows=2528312 loops=1)
Planning time: 0.762 ms
Execution time: 7940.938 ms
