Hash Join  (cost=67697.55..878510.98 rows=11473 width=0) (actual time=1075.258..14801.241 rows=3 loops=1)
  Hash Cond: (ci.movie_id = t.id)
  ->  Seq Scan on cast_info ci  (cost=0.00..796071.18 rows=3900671 width=4) (actual time=0.011..13527.888 rows=1489017 loops=1)
        Filter: ((person_id < 1926093) AND (role_id = 2))
        Rows Removed by Filter: 34755327
  ->  Hash  (cost=67604.59..67604.59 rows=7437 width=4) (actual time=1050.584..1050.584 rows=1309 loops=1)
        Buckets: 8192  Batches: 1  Memory Usage: 111kB
        ->  Seq Scan on title t  (cost=0.00..67604.59 rows=7437 width=4) (actual time=0.568..1049.774 rows=1309 loops=1)
              Filter: (production_year = 1897)
              Rows Removed by Filter: 2527003
Planning time: 0.490 ms
Execution time: 14801.308 ms
