Seq Scan on movie_companies mc  (cost=0.00..51404.11 rows=2514717 width=0) (actual time=0.021..1067.341 rows=2514239 loops=1)
  Filter: (company_id < 160665)
  Rows Removed by Filter: 94890
Planning time: 0.318 ms
Execution time: 1381.661 ms
