Hash Join  (cost=151389.83..1018421.18 rows=15477 width=0) (actual time=2611.443..21478.630 rows=82837 loops=1)
  Hash Cond: (ci.movie_id = t.id)
  ->  Seq Scan on cast_info ci  (cost=0.00..796071.18 rows=18881432 width=4) (actual time=0.028..16058.509 rows=18018645 loops=1)
        Filter: ((person_id > 742222) AND (role_id < 4))
        Rows Removed by Filter: 18225699
  ->  Hash  (cost=151363.92..151363.92 rows=2073 width=8) (actual time=2608.043..2608.043 rows=3422 loops=1)
        Buckets: 4096  Batches: 1  Memory Usage: 166kB
        ->  Hash Join  (cost=67697.55..151363.92 rows=2073 width=8) (actual time=1054.449..2606.468 rows=3422 loops=1)
              Hash Cond: (mk.movie_id = t.id)
              ->  Seq Scan on movie_keyword mk  (cost=0.00..81003.12 rows=704670 width=4) (actual time=0.031..1431.368 rows=711353 loops=1)
                    Filter: (keyword_id > 26569)
                    Rows Removed by Filter: 3812577
              ->  Hash  (cost=67604.59..67604.59 rows=7437 width=4) (actual time=1051.542..1051.542 rows=8628 loops=1)
                    Buckets: 16384 (originally 8192)  Batches: 1 (originally 1)  Memory Usage: 432kB
                    ->  Seq Scan on title t  (cost=0.00..67604.59 rows=7437 width=4) (actual time=0.012..1046.938 rows=8628 loops=1)
                          Filter: (production_year = 1956)
                          Rows Removed by Filter: 2519684
Planning time: 1.195 ms
Execution time: 21490.862 ms
