Hash Join  (cost=102767.86..1342688.89 rows=18035191 width=0) (actual time=1932.996..37369.222 rows=20122661 loops=1)
  Hash Cond: (ci.movie_id = t.id)
  ->  Seq Scan on cast_info ci  (cost=0.00..796071.18 rows=18035191 width=4) (actual time=0.031..18524.460 rows=20122661 loops=1)
        Filter: ((person_id < 3407506) AND (role_id < 3))
        Rows Removed by Filter: 16121683
  ->  Hash  (cost=61283.27..61283.27 rows=2528527 width=4) (actual time=1932.194..1932.194 rows=2528312 loops=1)
        Buckets: 131072  Batches: 64  Memory Usage: 2415kB
        ->  Seq Scan on title t  (cost=0.00..61283.27 rows=2528527 width=4) (actual time=0.020..1077.869 rows=2528312 loops=1)
Planning time: 2.614 ms
Execution time: 39547.425 ms
