Hash Join  (cost=75461.39..933190.08 rows=470882 width=0) (actual time=1850.853..20550.857 rows=450875 loops=1)
  Hash Cond: (ci.movie_id = t.id)
  ->  Seq Scan on cast_info ci  (cost=0.00..705507.15 rows=12726058 width=4) (actual time=622.818..14587.945 rows=12670688 loops=1)
        Filter: (role_id < 2)
        Rows Removed by Filter: 23573656
  ->  Hash  (cost=73925.90..73925.90 rows=93559 width=4) (actual time=1227.195..1227.195 rows=104574 loops=1)
        Buckets: 131072  Batches: 2  Memory Usage: 2857kB
        ->  Seq Scan on title t  (cost=0.00..73925.90 rows=93559 width=4) (actual time=1.161..1190.158 rows=104574 loops=1)
              Filter: ((production_year < 2011) AND (kind_id = 4))
              Rows Removed by Filter: 2423738
Planning time: 2.415 ms
Execution time: 20609.337 ms
