Hash Join  (cost=144743.13..1269789.09 rows=8882078 width=0) (actual time=3295.072..39268.043 rows=20762759 loops=1)
  Hash Cond: (ci.movie_id = t.id)
  ->  Seq Scan on cast_info ci  (cost=0.00..614943.12 rows=36225612 width=4) (actual time=0.016..13670.232 rows=36244344 loops=1)
  ->  Hash  (cost=134571.58..134571.58 rows=619964 width=8) (actual time=3294.044..3294.044 rows=753294 loops=1)
        Buckets: 131072  Batches: 16  Memory Usage: 2867kB
        ->  Hash Join  (cost=86241.46..134571.58 rows=619964 width=8) (actual time=1587.074..3085.630 rows=753294 loops=1)
              Hash Cond: (mi_idx.movie_id = t.id)
              ->  Seq Scan on movie_info_idx mi_idx  (cost=0.00..21735.35 rows=1380035 width=4) (actual time=0.018..457.462 rows=1380035 loops=1)
              ->  Hash  (cost=67604.59..67604.59 rows=1135910 width=4) (actual time=1586.162..1586.162 rows=1133355 loops=1)
                    Buckets: 131072  Batches: 16  Memory Usage: 3516kB
                    ->  Seq Scan on title t  (cost=0.00..67604.59 rows=1135910 width=4) (actual time=0.015..1234.549 rows=1133355 loops=1)
                          Filter: (production_year < 2002)
                          Rows Removed by Filter: 1394957
Planning time: 5.681 ms
Execution time: 41535.384 ms
