Hash Join  (cost=190230.21..1093745.88 rows=6176552 width=0) (actual time=9868.315..27418.373 rows=12985080 loops=1)
  Hash Cond: (ci.movie_id = t.id)
  ->  Seq Scan on cast_info ci  (cost=0.00..705507.15 rows=11316799 width=4) (actual time=5540.731..13049.134 rows=11310825 loops=1)
        Filter: (person_id > 2569431)
        Rows Removed by Filter: 24933519
  ->  Hash  (cost=167588.78..167588.78 rows=1380035 width=8) (actual time=4326.562..4326.562 rows=1380035 loops=1)
        Buckets: 131072  Batches: 32  Memory Usage: 2708kB
        ->  Hash Join  (cost=102767.86..167588.78 rows=1380035 width=8) (actual time=1990.285..3945.559 rows=1380035 loops=1)
              Hash Cond: (mi_idx.movie_id = t.id)
              ->  Seq Scan on movie_info_idx mi_idx  (cost=0.00..21735.35 rows=1380035 width=4) (actual time=0.021..514.797 rows=1380035 loops=1)
              ->  Hash  (cost=61283.27..61283.27 rows=2528527 width=4) (actual time=1989.469..1989.469 rows=2528312 loops=1)
                    Buckets: 131072  Batches: 64  Memory Usage: 2415kB
                    ->  Seq Scan on title t  (cost=0.00..61283.27 rows=2528527 width=4) (actual time=0.026..1138.155 rows=2528312 loops=1)
Planning time: 3.830 ms
Execution time: 28817.304 ms
