Hash Join  (cost=83074.55..145801.29 rows=92 width=0) (actual time=1331.808..2595.626 rows=33 loops=1)
  Hash Cond: (mc.movie_id = t.id)
  ->  Seq Scan on movie_companies mc  (cost=0.00..57926.93 rows=1279702 width=4) (actual time=0.015..1143.683 rows=1236268 loops=1)
        Filter: ((company_id < 158357) AND (company_type_id > 1))
        Rows Removed by Filter: 1372861
  ->  Hash  (cost=83072.29..83072.29 rows=181 width=8) (actual time=1282.898..1282.898 rows=26 loops=1)
        Buckets: 1024  Batches: 1  Memory Usage: 10kB
        ->  Nested Loop  (cost=0.43..83072.29 rows=181 width=8) (actual time=29.230..1282.851 rows=26 loops=1)
              ->  Seq Scan on movie_keyword mk  (cost=0.00..81003.12 rows=246 width=4) (actual time=1.648..1279.885 rows=65 loops=1)
                    Filter: (keyword_id = 11368)
                    Rows Removed by Filter: 4523865
              ->  Index Scan using title_pkey on title t  (cost=0.43..8.40 rows=1 width=4) (actual time=0.040..0.041 rows=0 loops=65)
                    Index Cond: (id = mk.movie_id)
                    Filter: (kind_id > 1)
                    Rows Removed by Filter: 1
Planning time: 1.130 ms
Execution time: 2595.772 ms
