Hash Join  (cost=90234.05..631865.27 rows=5794229 width=0) (actual time=1727.176..17721.924 rows=3880858 loops=1)
  Hash Cond: (mi.movie_id = t.id)
  ->  Seq Scan on movie_info mi  (cost=0.00..309384.22 rows=14739122 width=4) (actual time=0.024..6357.007 rows=14835720 loops=1)
  ->  Hash  (cost=73925.90..73925.90 rows=994012 width=4) (actual time=1725.859..1725.859 rows=923721 loops=1)
        Buckets: 131072  Batches: 16  Memory Usage: 3063kB
        ->  Seq Scan on title t  (cost=0.00..73925.90 rows=994012 width=4) (actual time=0.015..1418.145 rows=923721 loops=1)
              Filter: ((kind_id > 1) AND (production_year < 2005))
              Rows Removed by Filter: 1604591
Planning time: 0.755 ms
Execution time: 18162.396 ms
