Hash Join  (cost=75389.57..106465.48 rows=16397 width=0) (actual time=1360.444..2005.804 rows=9622 loops=1)
  Hash Cond: (mi_idx.movie_id = t.id)
  ->  Seq Scan on movie_info_idx mi_idx  (cost=0.00..25185.44 rows=464934 width=4) (actual time=0.014..464.045 rows=460185 loops=1)
        Filter: (info_type_id > 100)
        Rows Removed by Filter: 919850
  ->  Hash  (cost=73925.90..73925.90 rows=89173 width=4) (actual time=1359.379..1359.379 rows=96478 loops=1)
        Buckets: 131072  Batches: 2  Memory Usage: 2718kB
        ->  Seq Scan on title t  (cost=0.00..73925.90 rows=89173 width=4) (actual time=0.023..1322.780 rows=96478 loops=1)
              Filter: ((kind_id > 2) AND (production_year = 2009))
              Rows Removed by Filter: 2431834
Planning time: 0.718 ms
Execution time: 2007.633 ms
