Seq Scan on movie_keyword mk  (cost=0.00..81003.12 rows=2834328 width=0) (actual time=0.025..1544.831 rows=2827081 loops=1)
  Filter: (keyword_id > 2632)
  Rows Removed by Filter: 1696849
Planning time: 0.298 ms
Execution time: 1904.188 ms
