Hash Join  (cost=130731.04..888390.88 rows=474980 width=0) (actual time=3224.030..18109.374 rows=1073040 loops=1)
  Hash Cond: (ci.movie_id = t.id)
  ->  Seq Scan on cast_info ci  (cost=0.00..705507.15 rows=3998100 width=4) (actual time=246.698..13189.059 rows=4008037 loops=1)
        Filter: (role_id = 3)
        Rows Removed by Filter: 32236307
  ->  Hash  (cost=125802.13..125802.13 rows=300393 width=8) (actual time=2976.133..2976.133 rows=135423 loops=1)
        Buckets: 131072  Batches: 4  Memory Usage: 2334kB
        ->  Hash Join  (cost=82955.72..125802.13 rows=300393 width=8) (actual time=1553.006..2936.061 rows=135423 loops=1)
              Hash Cond: (mi_idx.movie_id = t.id)
              ->  Seq Scan on movie_info_idx mi_idx  (cost=0.00..21735.35 rows=1380035 width=4) (actual time=0.015..447.312 rows=1380035 loops=1)
              ->  Hash  (cost=73925.90..73925.90 rows=550385 width=4) (actual time=1551.283..1551.283 rows=602403 loops=1)
                    Buckets: 131072  Batches: 8  Memory Usage: 3672kB
                    ->  Seq Scan on title t  (cost=0.00..73925.90 rows=550385 width=4) (actual time=184.571..1362.334 rows=602403 loops=1)
                          Filter: ((production_year > 2006) AND (kind_id = 7))
                          Rows Removed by Filter: 1925909
Planning time: 1.096 ms
Execution time: 18219.396 ms
