Hash Join  (cost=73950.44..134915.55 rows=628 width=0) (actual time=1060.797..1979.310 rows=2414 loops=1)
  Hash Cond: (mc.movie_id = t.id)
  ->  Seq Scan on movie_companies mc  (cost=0.00..57926.93 rows=808504 width=4) (actual time=71.365..1026.438 rows=597407 loops=1)
        Filter: ((company_id > 3928) AND (company_type_id < 2))
        Rows Removed by Filter: 2011722
  ->  Hash  (cost=73925.90..73925.90 rows=1963 width=4) (actual time=848.181..848.181 rows=3792 loops=1)
        Buckets: 4096 (originally 2048)  Batches: 1 (originally 1)  Memory Usage: 166kB
        ->  Seq Scan on title t  (cost=0.00..73925.90 rows=1963 width=4) (actual time=338.875..846.930 rows=3792 loops=1)
              Filter: ((kind_id = 1) AND (production_year = 1966))
              Rows Removed by Filter: 2524520
Planning time: 0.788 ms
Execution time: 1979.880 ms
