Hash Join  (cost=183421.98..583517.52 rows=939767 width=0) (actual time=5813.893..14318.426 rows=5444311 loops=1)
  Hash Cond: (mi.movie_id = t.id)
  ->  Seq Scan on movie_info mi  (cost=0.00..346232.03 rows=3623957 width=4) (actual time=1134.856..6444.149 rows=3624977 loops=1)
        Filter: (info_type_id < 4)
        Rows Removed by Filter: 11210743
  ->  Hash  (cost=172663.75..172663.75 rows=655699 width=8) (actual time=4677.870..4677.870 rows=1484473 loops=1)
        Buckets: 131072 (originally 131072)  Batches: 32 (originally 16)  Memory Usage: 3073kB
        ->  Hash Join  (cost=86252.72..172663.75 rows=655699 width=8) (actual time=1495.008..4231.090 rows=1484473 loops=1)
              Hash Cond: (mc.movie_id = t.id)
              ->  Seq Scan on movie_companies mc  (cost=0.00..51404.11 rows=2206647 width=4) (actual time=0.042..1105.310 rows=2207717 loops=1)
                    Filter: (company_id > 252)
                    Rows Removed by Filter: 401412
              ->  Hash  (cost=73925.90..73925.90 rows=751345 width=4) (actual time=1494.167..1494.167 rows=793943 loops=1)
                    Buckets: 131072  Batches: 16  Memory Usage: 2771kB
                    ->  Seq Scan on title t  (cost=0.00..73925.90 rows=751345 width=4) (actual time=0.020..1249.910 rows=793943 loops=1)
                          Filter: ((kind_id < 7) AND (production_year < 2010))
                          Rows Removed by Filter: 1734369
Planning time: 1.243 ms
Execution time: 14885.272 ms
