Hash Join  (cost=141612.86..949474.34 rows=90664 width=0) (actual time=13796.233..14922.356 rows=81212 loops=1)
  Hash Cond: (ci.movie_id = t.id)
  ->  Seq Scan on cast_info ci  (cost=0.00..796071.18 rows=850043 width=4) (actual time=10768.592..11733.365 rows=277926 loops=1)
        Filter: ((person_id < 683255) AND (role_id = 10))
        Rows Removed by Filter: 35966418
  ->  Hash  (cost=137187.77..137187.77 rows=269687 width=8) (actual time=3025.707..3025.707 rows=141856 loops=1)
        Buckets: 131072  Batches: 4  Memory Usage: 2407kB
        ->  Hash Join  (cost=98195.79..137187.77 rows=269687 width=8) (actual time=2016.459..2984.766 rows=141856 loops=1)
              Hash Cond: (mi_idx.movie_id = t.id)
              ->  Seq Scan on movie_info_idx mi_idx  (cost=0.00..25185.44 rows=460978 width=4) (actual time=0.021..484.569 rows=459925 loops=1)
                    Filter: (info_type_id < 100)
                    Rows Removed by Filter: 920110
              ->  Hash  (cost=73925.90..73925.90 rows=1479271 width=4) (actual time=2015.597..2015.597 rows=1478439 loops=1)
                    Buckets: 131072  Batches: 32  Memory Usage: 2651kB
                    ->  Seq Scan on title t  (cost=0.00..73925.90 rows=1479271 width=4) (actual time=0.028..1553.017 rows=1478439 loops=1)
                          Filter: ((production_year > 1911) AND (kind_id = 7))
                          Rows Removed by Filter: 1049873
Planning time: 1.174 ms
Execution time: 14933.106 ms
