Seq Scan on movie_companies mc  (cost=0.00..51404.11 rows=104 width=0) (actual time=19.260..767.480 rows=885 loops=1)
  Filter: (company_id = 513)
  Rows Removed by Filter: 2608244
Planning time: 0.381 ms
Execution time: 767.749 ms
