Seq Scan on movie_companies mc  (cost=0.00..51404.11 rows=1697684 width=0) (actual time=0.021..936.842 rows=1689034 loops=1)
  Filter: (company_id < 20148)
  Rows Removed by Filter: 920095
Planning time: 0.357 ms
Execution time: 1152.499 ms
