Hash Join  (cost=167618.67..928537.44 rows=1012953 width=0) (actual time=3760.680..31184.459 rows=10932764 loops=1)
  Hash Cond: (ci.movie_id = t.id)
  ->  Seq Scan on cast_info ci  (cost=0.00..614943.12 rows=36225612 width=4) (actual time=0.013..8729.339 rows=36244344 loops=1)
  ->  Hash  (cost=166734.87..166734.87 rows=70704 width=8) (actual time=3759.111..3759.111 rows=328201 loops=1)
        Buckets: 131072 (originally 131072)  Batches: 2 (originally 1)  Memory Usage: 7486kB
        ->  Hash Join  (cost=74740.78..166734.87 rows=70704 width=8) (actual time=1243.638..3668.735 rows=328201 loops=1)
              Hash Cond: (mk.movie_id = t.id)
              ->  Seq Scan on movie_keyword mk  (cost=0.00..81003.12 rows=2742380 width=4) (actual time=0.023..1575.431 rows=2734006 loops=1)
                    Filter: (keyword_id > 2891)
                    Rows Removed by Filter: 1789924
              ->  Hash  (cost=73925.90..73925.90 rows=65190 width=4) (actual time=1228.219..1228.219 rows=164932 loops=1)
                    Buckets: 131072 (originally 65536)  Batches: 2 (originally 1)  Memory Usage: 3925kB
                    ->  Seq Scan on title t  (cost=0.00..73925.90 rows=65190 width=4) (actual time=0.362..1161.081 rows=164932 loops=1)
                          Filter: ((kind_id < 7) AND (production_year < 1951))
                          Rows Removed by Filter: 2363380
Planning time: 1.121 ms
Execution time: 32456.311 ms
