Hash Join  (cost=216487.12..366733.10 rows=2318195 width=0) (actual time=4790.240..12136.606 rows=15898641 loops=1)
  Hash Cond: (mk.movie_id = t.id)
  ->  Seq Scan on movie_keyword mk  (cost=0.00..69693.30 rows=4523930 width=4) (actual time=0.019..1445.753 rows=4523930 loops=1)
  ->  Hash  (cost=195228.97..195228.97 rows=1295692 width=8) (actual time=4788.894..4788.894 rows=1304829 loops=1)
        Buckets: 131072  Batches: 32  Memory Usage: 2655kB
        ->  Hash Join  (cost=102767.86..195228.97 rows=1295692 width=8) (actual time=2018.104..4422.630 rows=1304829 loops=1)
              Hash Cond: (mc.movie_id = t.id)
              ->  Seq Scan on movie_companies mc  (cost=0.00..51404.11 rows=1295692 width=4) (actual time=0.022..948.154 rows=1304829 loops=1)
                    Filter: (company_id > 11313)
                    Rows Removed by Filter: 1304300
              ->  Hash  (cost=61283.27..61283.27 rows=2528527 width=4) (actual time=2016.728..2016.728 rows=2528312 loops=1)
                    Buckets: 131072  Batches: 64  Memory Usage: 2415kB
                    ->  Seq Scan on title t  (cost=0.00..61283.27 rows=2528527 width=4) (actual time=0.032..1181.488 rows=2528312 loops=1)
Planning time: 1.028 ms
Execution time: 13885.388 ms
