Hash Join  (cost=182733.51..675451.78 rows=1210136 width=0) (actual time=3720.656..23737.757 rows=29860590 loops=1)
  Hash Cond: (mi.movie_id = t.id)
  ->  Seq Scan on movie_info mi  (cost=0.00..309384.22 rows=14739122 width=4) (actual time=0.024..6159.842 rows=14835720 loops=1)
  ->  Hash  (cost=179327.50..179327.50 rows=207601 width=8) (actual time=3719.540..3719.540 rows=636765 loops=1)
        Buckets: 131072 (originally 131072)  Batches: 16 (originally 4)  Memory Usage: 3073kB
        ->  Hash Join  (cost=82033.88..179327.50 rows=207601 width=8) (actual time=1326.979..3508.502 rows=636765 loops=1)
              Hash Cond: (mk.movie_id = t.id)
              ->  Seq Scan on movie_keyword mk  (cost=0.00..81003.12 rows=1062263 width=4) (actual time=0.021..1402.215 rows=1066743 loops=1)
                    Filter: (keyword_id < 1069)
                    Rows Removed by Filter: 3457187
              ->  Hash  (cost=73925.90..73925.90 rows=494158 width=4) (actual time=1326.080..1326.080 rows=581419 loops=1)
                    Buckets: 131072  Batches: 8  Memory Usage: 3600kB
                    ->  Seq Scan on title t  (cost=0.00..73925.90 rows=494158 width=4) (actual time=0.021..1142.026 rows=581419 loops=1)
                          Filter: ((kind_id < 7) AND (production_year < 2004))
                          Rows Removed by Filter: 1946893
Planning time: 1.229 ms
Execution time: 26716.133 ms
