Hash Join  (cost=303057.33..981197.89 rows=15134484 width=0) (actual time=6600.872..21802.138 rows=6501453 loops=1)
  Hash Cond: (mi.movie_id = t.id)
  ->  Seq Scan on movie_info mi  (cost=0.00..309384.22 rows=14739122 width=4) (actual time=0.021..5808.740 rows=14835720 loops=1)
  ->  Hash  (cost=260460.93..260460.93 rows=2596352 width=8) (actual time=6022.978..6022.978 rows=630583 loops=1)
        Buckets: 131072  Batches: 64  Memory Usage: 1400kB
        ->  Hash Join  (cost=92883.59..260460.93 rows=2596352 width=8) (actual time=3472.147..5831.634 rows=630583 loops=1)
              Hash Cond: (mk.movie_id = t.id)
              ->  Seq Scan on movie_keyword mk  (cost=0.00..81003.12 rows=4260739 width=4) (actual time=0.026..1782.019 rows=4259670 loops=1)
                    Filter: (keyword_id < 59118)
                    Rows Removed by Filter: 264260
              ->  Hash  (cost=67604.59..67604.59 rows=1540800 width=4) (actual time=1780.486..1780.486 rows=1543264 loops=1)
                    Buckets: 131072  Batches: 32  Memory Usage: 2728kB
                    ->  Seq Scan on title t  (cost=0.00..67604.59 rows=1540800 width=4) (actual time=214.948..1275.295 rows=1543264 loops=1)
                          Filter: (kind_id = 7)
                          Rows Removed by Filter: 985048
Planning time: 1.184 ms
Execution time: 22579.539 ms
