Hash Join  (cost=83073.10..431750.14 rows=17 width=0) (actual time=4813.671..5644.050 rows=642 loops=1)
  Hash Cond: (mi.movie_id = t.id)
  ->  Seq Scan on movie_info mi  (cost=0.00..346232.03 rows=651960 width=4) (actual time=3390.704..4250.371 rows=660923 loops=1)
        Filter: (info_type_id = 18)
        Rows Removed by Filter: 14174797
  ->  Hash  (cost=83072.29..83072.29 rows=65 width=8) (actual time=1295.987..1295.987 rows=297 loops=1)
        Buckets: 1024  Batches: 1  Memory Usage: 20kB
        ->  Nested Loop  (cost=0.43..83072.29 rows=65 width=8) (actual time=8.233..1295.679 rows=297 loops=1)
              ->  Seq Scan on movie_keyword mk  (cost=0.00..81003.12 rows=246 width=4) (actual time=2.547..1252.372 rows=567 loops=1)
                    Filter: (keyword_id = 6014)
                    Rows Removed by Filter: 4523363
              ->  Index Scan using title_pkey on title t  (cost=0.43..8.40 rows=1 width=4) (actual time=0.074..0.075 rows=1 loops=567)
                    Index Cond: (id = mk.movie_id)
                    Filter: (kind_id = 1)
                    Rows Removed by Filter: 0
Planning time: 2.186 ms
Execution time: 5644.290 ms
