Seq Scan on cast_info ci  (cost=0.00..796071.18 rows=12887960 width=0) (actual time=8089.748..15901.613 rows=8654505 loops=1)
  Filter: ((person_id < 2925150) AND (role_id > 2))
  Rows Removed by Filter: 27589839
Planning time: 0.388 ms
Execution time: 17003.954 ms
