Hash Join  (cost=173413.45..658977.70 rows=539630 width=0) (actual time=3340.759..19812.427 rows=20697727 loops=1)
  Hash Cond: (mi.movie_id = t.id)
  ->  Seq Scan on movie_info mi  (cost=0.00..309384.22 rows=14739122 width=4) (actual time=0.011..6164.700 rows=14835720 loops=1)
  ->  Hash  (cost=171894.26..171894.26 rows=92575 width=8) (actual time=3340.140..3340.140 rows=279183 loops=1)
        Buckets: 131072 (originally 131072)  Batches: 4 (originally 2)  Memory Usage: 3806kB
        ->  Hash Join  (cost=82871.49..171894.26 rows=92575 width=8) (actual time=1578.367..3247.478 rows=279183 loops=1)
              Hash Cond: (mk.movie_id = t.id)
              ->  Seq Scan on movie_keyword mk  (cost=0.00..81003.12 rows=429305 width=4) (actual time=0.017..1361.153 rows=424218 loops=1)
                    Filter: (keyword_id > 41199)
                    Rows Removed by Filter: 4099712
              ->  Hash  (cost=73925.90..73925.90 rows=545247 width=4) (actual time=1502.477..1502.477 rows=557319 loops=1)
                    Buckets: 131072  Batches: 8  Memory Usage: 3494kB
                    ->  Seq Scan on title t  (cost=0.00..73925.90 rows=545247 width=4) (actual time=598.149..1315.811 rows=557319 loops=1)
                          Filter: ((production_year < 2011) AND (kind_id = 1))
                          Rows Removed by Filter: 1970993
Planning time: 0.784 ms
Execution time: 21945.766 ms
