Hash Join  (cost=107705.62..288641.91 rows=4373133 width=0) (actual time=2082.779..7064.509 rows=4495459 loops=1)
  Hash Cond: (mk.movie_id = t.id)
  ->  Seq Scan on movie_keyword mk  (cost=0.00..69693.30 rows=4523930 width=4) (actual time=0.022..1481.604 rows=4523930 loops=1)
  ->  Hash  (cost=67604.59..67604.59 rows=2444243 width=4) (actual time=2081.439..2081.439 rows=2441230 loops=1)
        Buckets: 131072  Batches: 32  Memory Usage: 3715kB
        ->  Seq Scan on title t  (cost=0.00..67604.59 rows=2444243 width=4) (actual time=0.021..1308.008 rows=2441230 loops=1)
              Filter: (production_year > 1904)
              Rows Removed by Filter: 87082
Planning time: 0.666 ms
Execution time: 7564.925 ms
