Hash Join  (cost=87636.94..548693.92 rows=2479950 width=0) (actual time=1374.900..12676.095 rows=4043637 loops=1)
  Hash Cond: (mi.movie_id = t.id)
  ->  Seq Scan on movie_info mi  (cost=0.00..346232.03 rows=7503588 width=4) (actual time=0.014..6222.029 rows=7548855 loops=1)
        Filter: (info_type_id > 7)
        Rows Removed by Filter: 7286865
  ->  Hash  (cost=73925.90..73925.90 rows=835683 width=4) (actual time=1374.053..1374.053 rows=749869 loops=1)
        Buckets: 131072  Batches: 16  Memory Usage: 2683kB
        ->  Seq Scan on title t  (cost=0.00..73925.90 rows=835683 width=4) (actual time=0.011..1119.710 rows=749869 loops=1)
              Filter: ((kind_id < 7) AND (production_year > 1966))
              Rows Removed by Filter: 1778443
Planning time: 0.590 ms
Execution time: 13173.178 ms
