Hash Join  (cost=266930.88..1448891.48 rows=16828968 width=0) (actual time=5882.776..45407.303 rows=55528806 loops=1)
  Hash Cond: (ci.movie_id = t.id)
  ->  Seq Scan on cast_info ci  (cost=0.00..705507.15 rows=23499554 width=4) (actual time=0.019..15899.988 rows=23573656 loops=1)
        Filter: (role_id > 1)
        Rows Removed by Filter: 12670688
  ->  Hash  (cost=237222.14..237222.14 rows=1810779 width=8) (actual time=5881.099..5881.099 rows=1810579 loops=1)
        Buckets: 131072  Batches: 32  Memory Usage: 3221kB
        ->  Hash Join  (cost=102767.86..237222.14 rows=1810779 width=8) (actual time=1923.720..5363.632 rows=1810579 loops=1)
              Hash Cond: (mk.movie_id = t.id)
              ->  Seq Scan on movie_keyword mk  (cost=0.00..81003.12 rows=1810779 width=4) (actual time=0.018..1629.922 rows=1810579 loops=1)
                    Filter: (keyword_id > 7663)
                    Rows Removed by Filter: 2713351
              ->  Hash  (cost=61283.27..61283.27 rows=2528527 width=4) (actual time=1921.915..1921.915 rows=2528312 loops=1)
                    Buckets: 131072  Batches: 64  Memory Usage: 2425kB
                    ->  Seq Scan on title t  (cost=0.00..61283.27 rows=2528527 width=4) (actual time=0.022..1077.814 rows=2528312 loops=1)
Planning time: 2.816 ms
Execution time: 51014.314 ms
