Hash Join  (cost=102767.86..236384.89 rows=1775994 width=0) (actual time=1978.105..5289.317 rows=1778082 loops=1)
  Hash Cond: (mk.movie_id = t.id)
  ->  Seq Scan on movie_keyword mk  (cost=0.00..81003.12 rows=1775994 width=4) (actual time=0.020..1562.791 rows=1778082 loops=1)
        Filter: (keyword_id > 7777)
        Rows Removed by Filter: 2745848
  ->  Hash  (cost=61283.27..61283.27 rows=2528527 width=4) (actual time=1975.600..1975.600 rows=2528312 loops=1)
        Buckets: 131072  Batches: 64  Memory Usage: 2425kB
        ->  Seq Scan on title t  (cost=0.00..61283.27 rows=2528527 width=4) (actual time=0.016..1101.395 rows=2528312 loops=1)
Planning time: 0.740 ms
Execution time: 5502.423 ms
