Hash Join  (cost=109242.31..594080.94 rows=471569 width=0) (actual time=1984.851..13006.066 rows=1573193 loops=1)
  Hash Cond: (mi.movie_id = t.id)
  ->  Seq Scan on movie_info mi  (cost=0.00..309384.22 rows=14739122 width=4) (actual time=0.020..5225.836 rows=14835720 loops=1)
  ->  Hash  (cost=107914.07..107914.07 rows=80899 width=8) (actual time=1984.052..1984.052 rows=88571 loops=1)
        Buckets: 131072  Batches: 2  Memory Usage: 2764kB
        ->  Hash Join  (cost=74823.14..107914.07 rows=80899 width=8) (actual time=1247.432..1961.239 rows=88571 loops=1)
              Hash Cond: (mi_idx.movie_id = t.id)
              ->  Seq Scan on movie_info_idx mi_idx  (cost=0.00..25185.44 rows=464934 width=4) (actual time=0.015..455.130 rows=460185 loops=1)
                    Filter: (info_type_id > 100)
                    Rows Removed by Filter: 919850
              ->  Hash  (cost=67604.59..67604.59 rows=439964 width=4) (actual time=1246.586..1246.586 rows=437515 loops=1)
                    Buckets: 131072  Batches: 8  Memory Usage: 2944kB
                    ->  Seq Scan on title t  (cost=0.00..67604.59 rows=439964 width=4) (actual time=0.015..1100.648 rows=437515 loops=1)
                          Filter: (production_year < 1975)
                          Rows Removed by Filter: 2090797
Planning time: 1.137 ms
Execution time: 13207.951 ms
