Hash Join  (cost=74428.12..161804.98 rows=71883 width=0) (actual time=1072.792..3654.253 rows=262264 loops=1)
  Hash Cond: (mk.movie_id = t.id)
  ->  Seq Scan on movie_keyword mk  (cost=0.00..69693.30 rows=4523930 width=4) (actual time=0.053..1086.326 rows=4523930 loops=1)
  ->  Hash  (cost=73925.90..73925.90 rows=40177 width=4) (actual time=1072.209..1072.209 rows=135844 loops=1)
        Buckets: 131072 (originally 65536)  Batches: 2 (originally 1)  Memory Usage: 3408kB
        ->  Seq Scan on title t  (cost=0.00..73925.90 rows=40177 width=4) (actual time=0.021..1018.955 rows=135844 loops=1)
              Filter: ((kind_id < 3) AND (production_year < 1938))
              Rows Removed by Filter: 2392468
Planning time: 0.662 ms
Execution time: 3687.465 ms
