Hash Join  (cost=83074.74..833899.15 rows=3524 width=0) (actual time=1413.391..15275.828 rows=91 loops=1)
  Hash Cond: (ci.movie_id = t.id)
  ->  Seq Scan on cast_info ci  (cost=0.00..614943.12 rows=36225612 width=4) (actual time=0.021..7709.146 rows=36244344 loops=1)
  ->  Hash  (cost=83071.67..83071.67 rows=246 width=8) (actual time=1325.333..1325.333 rows=5 loops=1)
        Buckets: 1024  Batches: 1  Memory Usage: 9kB
        ->  Nested Loop  (cost=0.43..83071.67 rows=246 width=8) (actual time=392.448..1325.316 rows=5 loops=1)
              ->  Seq Scan on movie_keyword mk  (cost=0.00..81003.12 rows=246 width=4) (actual time=392.357..1324.980 rows=5 loops=1)
                    Filter: (keyword_id = 107355)
                    Rows Removed by Filter: 4523925
              ->  Index Only Scan using title_pkey on title t  (cost=0.43..8.40 rows=1 width=4) (actual time=0.055..0.056 rows=1 loops=5)
                    Index Cond: (id = mk.movie_id)
                    Heap Fetches: 5
Planning time: 1.086 ms
Execution time: 15276.050 ms
