Nested Loop  (cost=0.43..83072.90 rows=6 width=0) (actual time=176.678..940.575 rows=2 loops=1)
  ->  Seq Scan on movie_keyword mk  (cost=0.00..81003.12 rows=246 width=4) (actual time=0.717..933.991 rows=184 loops=1)
        Filter: (keyword_id = 16715)
        Rows Removed by Filter: 4523746
  ->  Index Scan using title_pkey on title t  (cost=0.43..8.40 rows=1 width=4) (actual time=0.034..0.034 rows=0 loops=184)
        Index Cond: (id = mk.movie_id)
        Filter: ((kind_id < 7) AND (production_year = 2012))
        Rows Removed by Filter: 1
Planning time: 0.762 ms
Execution time: 940.678 ms
