Hash Join  (cost=606233.29..1951733.27 rows=8302268 width=0) (actual time=13862.110..44389.139 rows=4242132 loops=1)
  Hash Cond: (ci.movie_id = t.id)
  ->  Seq Scan on cast_info ci  (cost=0.00..614943.12 rows=36225612 width=4) (actual time=0.023..12696.704 rows=36244344 loops=1)
  ->  Hash  (cost=596725.61..596725.61 rows=579494 width=8) (actual time=13860.537..13860.537 rows=181423 loops=1)
        Buckets: 131072  Batches: 8  Memory Usage: 1914kB
        ->  Hash Join  (cost=75574.02..596725.61 rows=579494 width=8) (actual time=1538.214..13798.780 rows=181423 loops=1)
              Hash Cond: (mi.movie_id = t.id)
              ->  Seq Scan on movie_info mi  (cost=0.00..346232.03 rows=14592968 width=4) (actual time=0.027..7321.275 rows=14637966 loops=1)
                    Filter: (info_type_id < 107)
                    Rows Removed by Filter: 197754
              ->  Hash  (cost=73925.90..73925.90 rows=100409 width=4) (actual time=1327.626..1327.626 rows=110402 loops=1)
                    Buckets: 131072  Batches: 2  Memory Usage: 2970kB
                    ->  Seq Scan on title t  (cost=0.00..73925.90 rows=100409 width=4) (actual time=0.006..1284.680 rows=110402 loops=1)
                          Filter: ((kind_id = 7) AND (production_year = 2012))
                          Rows Removed by Filter: 2417910
Planning time: 1.143 ms
Execution time: 44881.305 ms
