Hash Join  (cost=705932.49..2240947.67 rows=38155224 width=0) (actual time=15859.890..53191.679 rows=26972036 loops=1)
  Hash Cond: (ci.movie_id = t.id)
  ->  Seq Scan on cast_info ci  (cost=0.00..796071.18 rows=18947381 width=4) (actual time=34.227..17617.027 rows=20705936 loops=1)
        Filter: ((person_id < 2193828) AND (role_id < 10))
        Rows Removed by Filter: 15538408
  ->  Hash  (cost=622394.84..622394.84 rows=5091812 width=8) (actual time=15824.567..15824.567 rows=2072652 loops=1)
        Buckets: 131072  Batches: 128  Memory Usage: 1654kB
        ->  Hash Join  (cost=88257.79..622394.84 rows=5091812 width=8) (actual time=1619.825..15241.399 rows=2072652 loops=1)
              Hash Cond: (mi.movie_id = t.id)
              ->  Seq Scan on movie_info mi  (cost=0.00..309384.22 rows=14739122 width=4) (actual time=0.029..5959.031 rows=14835720 loops=1)
              ->  Hash  (cost=73925.90..73925.90 rows=873511 width=4) (actual time=1601.744..1601.744 rows=957299 loops=1)
                    Buckets: 131072  Batches: 16  Memory Usage: 3140kB
                    ->  Seq Scan on title t  (cost=0.00..73925.90 rows=873511 width=4) (actual time=89.281..1294.950 rows=957299 loops=1)
                          Filter: ((production_year > 1999) AND (kind_id = 7))
                          Rows Removed by Filter: 1571013
Planning time: 1.210 ms
Execution time: 56299.290 ms
