Hash Join  (cost=104131.46..1429321.20 rows=24886099 width=0) (actual time=2231.517..40921.131 rows=25461331 loops=1)
  Hash Cond: (ci.movie_id = t.id)
  ->  Seq Scan on cast_info ci  (cost=0.00..705507.15 rows=28263320 width=4) (actual time=0.019..16458.414 rows=28302647 loops=1)
        Filter: (person_id < 2885298)
        Rows Removed by Filter: 7941697
  ->  Hash  (cost=67604.59..67604.59 rows=2226390 width=4) (actual time=2230.138..2230.138 rows=2224569 loops=1)
        Buckets: 131072  Batches: 32  Memory Usage: 3463kB
        ->  Seq Scan on title t  (cost=0.00..67604.59 rows=2226390 width=4) (actual time=0.026..1526.939 rows=2224569 loops=1)
              Filter: (production_year < 2012)
              Rows Removed by Filter: 303743
Planning time: 2.475 ms
Execution time: 43740.741 ms
