Hash Join  (cost=214446.63..586385.81 rows=622569 width=0) (actual time=5058.973..12120.423 rows=1083676 loops=1)
  Hash Cond: (mi.movie_id = t.id)
  ->  Seq Scan on movie_info mi  (cost=0.00..346232.03 rows=1264125 width=4) (actual time=0.021..5917.640 rows=1288928 loops=1)
        Filter: (info_type_id = 2)
        Rows Removed by Filter: 13546792
  ->  Hash  (cost=194015.69..194015.69 rows=1245275 width=8) (actual time=5057.863..5057.863 rows=1234155 loops=1)
        Buckets: 131072  Batches: 32  Memory Usage: 2560kB
        ->  Hash Join  (cost=102767.86..194015.69 rows=1245275 width=8) (actual time=2025.217..4696.283 rows=1234155 loops=1)
              Hash Cond: (mc.movie_id = t.id)
              ->  Seq Scan on movie_companies mc  (cost=0.00..51404.11 rows=1245275 width=4) (actual time=0.021..1034.872 rows=1234155 loops=1)
                    Filter: (company_id < 11145)
                    Rows Removed by Filter: 1374974
              ->  Hash  (cost=61283.27..61283.27 rows=2528527 width=4) (actual time=2023.264..2023.264 rows=2528312 loops=1)
                    Buckets: 131072  Batches: 64  Memory Usage: 2415kB
                    ->  Seq Scan on title t  (cost=0.00..61283.27 rows=2528527 width=4) (actual time=0.016..1176.204 rows=2528312 loops=1)
Planning time: 1.144 ms
Execution time: 12249.823 ms
