Hash Join  (cost=846332.74..1614938.72 rows=4619332 width=0) (actual time=22166.442..39040.788 rows=16109803 loops=1)
  Hash Cond: (mi.movie_id = t.id)
  ->  Seq Scan on movie_info mi  (cost=0.00..309384.22 rows=14739122 width=4) (actual time=0.022..5985.553 rows=14835720 loops=1)
  ->  Hash  (cost=833331.04..833331.04 rows=792456 width=8) (actual time=22165.356..22165.356 rows=759827 loops=1)
        Buckets: 131072  Batches: 16  Memory Usage: 2920kB
        ->  Hash Join  (cost=74617.32..833331.04 rows=792456 width=8) (actual time=471.930..21217.872 rows=759827 loops=1)
              Hash Cond: (ci.movie_id = t.id)
              ->  Seq Scan on cast_info ci  (cost=0.00..614943.12 rows=36225612 width=4) (actual time=0.020..8912.319 rows=36244344 loops=1)
              ->  Hash  (cost=73925.90..73925.90 rows=55313 width=4) (actual time=471.506..471.506 rows=49075 loops=1)
                    Buckets: 65536  Batches: 1  Memory Usage: 2238kB
                    ->  Seq Scan on title t  (cost=0.00..73925.90 rows=55313 width=4) (actual time=0.099..459.370 rows=49075 loops=1)
                          Filter: ((kind_id < 7) AND (production_year = 2010))
                          Rows Removed by Filter: 2479237
Planning time: 0.729 ms
Execution time: 40858.621 ms
