Nested Loop  (cost=32749.09..740343.62 rows=91 width=0) (actual time=10975.878..10994.303 rows=4 loops=1)
  Join Filter: (ci.movie_id = t.id)
  ->  Hash Join  (cost=32748.66..740150.58 rows=227 width=8) (actual time=10975.768..10994.111 rows=4 loops=1)
        Hash Cond: (ci.movie_id = mi_idx.movie_id)
        ->  Seq Scan on cast_info ci  (cost=0.00..705507.15 rows=500 width=4) (actual time=1405.209..10361.593 rows=10 loops=1)
              Filter: (person_id = 2564702)
              Rows Removed by Filter: 36244334
        ->  Hash  (cost=25185.44..25185.44 rows=460978 width=4) (actual time=590.824..590.824 rows=459925 loops=1)
              Buckets: 131072  Batches: 8  Memory Usage: 3050kB
              ->  Seq Scan on movie_info_idx mi_idx  (cost=0.00..25185.44 rows=460978 width=4) (actual time=0.023..446.952 rows=459925 loops=1)
                    Filter: (info_type_id = 99)
                    Rows Removed by Filter: 920110
  ->  Index Only Scan using title_pkey on title t  (cost=0.43..0.84 rows=1 width=4) (actual time=0.034..0.035 rows=1 loops=4)
        Index Cond: (id = mi_idx.movie_id)
        Heap Fetches: 4
Planning time: 1.186 ms
Execution time: 10994.669 ms
