Seq Scan on title t  (cost=0.00..73925.90 rows=299880 width=0) (actual time=0.017..1111.089 rows=391036 loops=1)
  Filter: ((kind_id < 2) AND (production_year < 2002))
  Rows Removed by Filter: 2137276
Planning time: 0.330 ms
Execution time: 1160.481 ms
