Hash Join  (cost=190230.21..281664.85 rows=1110765 width=0) (actual time=4467.604..7713.018 rows=3274548 loops=1)
  Hash Cond: (mc.movie_id = t.id)
  ->  Seq Scan on movie_companies mc  (cost=0.00..51404.11 rows=2035166 width=4) (actual time=0.010..1171.950 rows=2032601 loops=1)
        Filter: (company_id < 71124)
        Rows Removed by Filter: 576528
  ->  Hash  (cost=167588.78..167588.78 rows=1380035 width=8) (actual time=4466.612..4466.612 rows=1380035 loops=1)
        Buckets: 131072  Batches: 32  Memory Usage: 2708kB
        ->  Hash Join  (cost=102767.86..167588.78 rows=1380035 width=8) (actual time=1889.827..4046.152 rows=1380035 loops=1)
              Hash Cond: (mi_idx.movie_id = t.id)
              ->  Seq Scan on movie_info_idx mi_idx  (cost=0.00..21735.35 rows=1380035 width=4) (actual time=0.011..431.496 rows=1380035 loops=1)
              ->  Hash  (cost=61283.27..61283.27 rows=2528527 width=4) (actual time=1889.130..1889.130 rows=2528312 loops=1)
                    Buckets: 131072  Batches: 64  Memory Usage: 2415kB
                    ->  Seq Scan on title t  (cost=0.00..61283.27 rows=2528527 width=4) (actual time=0.013..1046.743 rows=2528312 loops=1)
Planning time: 0.791 ms
Execution time: 8104.067 ms
