Hash Join  (cost=102767.86..210791.37 rows=1942486 width=0) (actual time=1879.468..4925.712 rows=1937360 loops=1)
  Hash Cond: (mc.movie_id = t.id)
  ->  Seq Scan on movie_companies mc  (cost=0.00..51404.11 rows=1942486 width=4) (actual time=0.009..1043.098 rows=1937360 loops=1)
        Filter: (company_id < 50240)
        Rows Removed by Filter: 671769
  ->  Hash  (cost=61283.27..61283.27 rows=2528527 width=4) (actual time=1878.582..1878.582 rows=2528312 loops=1)
        Buckets: 131072  Batches: 64  Memory Usage: 2415kB
        ->  Seq Scan on title t  (cost=0.00..61283.27 rows=2528527 width=4) (actual time=0.016..1058.890 rows=2528312 loops=1)
Planning time: 0.740 ms
Execution time: 5158.745 ms
