Hash Join  (cost=83074.74..833899.15 rows=3524 width=0) (actual time=1204.795..17427.616 rows=8770 loops=1)
  Hash Cond: (ci.movie_id = t.id)
  ->  Seq Scan on cast_info ci  (cost=0.00..614943.12 rows=36225612 width=4) (actual time=0.006..9376.094 rows=36244344 loops=1)
  ->  Hash  (cost=83071.67..83071.67 rows=246 width=8) (actual time=1204.666..1204.666 rows=174 loops=1)
        Buckets: 1024  Batches: 1  Memory Usage: 15kB
        ->  Nested Loop  (cost=0.43..83071.67 rows=246 width=8) (actual time=6.420..1204.444 rows=174 loops=1)
              ->  Seq Scan on movie_keyword mk  (cost=0.00..81003.12 rows=246 width=4) (actual time=6.334..1196.591 rows=174 loops=1)
                    Filter: (keyword_id = 6589)
                    Rows Removed by Filter: 4523756
              ->  Index Only Scan using title_pkey on title t  (cost=0.43..8.40 rows=1 width=4) (actual time=0.041..0.041 rows=1 loops=174)
                    Index Cond: (id = mk.movie_id)
                    Heap Fetches: 174
Planning time: 1.141 ms
Execution time: 17430.953 ms
