Hash Join  (cost=263115.61..1428850.50 rows=19046597 width=0) (actual time=6363.637..47046.336 rows=40667410 loops=1)
  Hash Cond: (ci.movie_id = t.id)
  ->  Seq Scan on cast_info ci  (cost=0.00..705507.15 rows=18458204 width=4) (actual time=0.099..14706.993 rows=18357684 loops=1)
        Filter: (person_id < 1824710)
        Rows Removed by Filter: 17886660
  ->  Hash  (cost=220309.49..220309.49 rows=2609129 width=8) (actual time=6361.620..6361.620 rows=2609129 loops=1)
        Buckets: 131072  Batches: 64  Memory Usage: 2610kB
        ->  Hash Join  (cost=102767.86..220309.49 rows=2609129 width=8) (actual time=2022.341..5652.046 rows=2609129 loops=1)
              Hash Cond: (mc.movie_id = t.id)
              ->  Seq Scan on movie_companies mc  (cost=0.00..44881.29 rows=2609129 width=4) (actual time=0.028..1033.318 rows=2609129 loops=1)
              ->  Hash  (cost=61283.27..61283.27 rows=2528527 width=4) (actual time=2020.781..2020.781 rows=2528312 loops=1)
                    Buckets: 131072  Batches: 64  Memory Usage: 2415kB
                    ->  Seq Scan on title t  (cost=0.00..61283.27 rows=2528527 width=4) (actual time=0.020..1142.174 rows=2528312 loops=1)
Planning time: 1.241 ms
Execution time: 51730.644 ms
