Hash Join  (cost=111617.71..901875.38 rows=26703 width=0) (actual time=1339.137..18593.274 rows=27234 loops=1)
  Hash Cond: (ci.movie_id = t.id)
  ->  Seq Scan on cast_info ci  (cost=0.00..705507.15 rows=22528931 width=4) (actual time=0.032..12882.966 rows=22576080 loops=1)
        Filter: (person_id > 1345770)
        Rows Removed by Filter: 13668264
  ->  Hash  (cost=111580.24..111580.24 rows=2997 width=8) (actual time=1332.361..1332.361 rows=3451 loops=1)
        Buckets: 4096  Batches: 1  Memory Usage: 167kB
        ->  Nested Loop  (cost=0.43..111580.24 rows=2997 width=8) (actual time=0.130..1330.288 rows=3451 loops=1)
              ->  Seq Scan on movie_keyword mk  (cost=0.00..81003.12 rows=4072 width=4) (actual time=0.041..1206.147 rows=4151 loops=1)
                    Filter: (keyword_id = 3644)
                    Rows Removed by Filter: 4519779
              ->  Index Scan using title_pkey on title t  (cost=0.43..7.50 rows=1 width=4) (actual time=0.029..0.029 rows=1 loops=4151)
                    Index Cond: (id = mk.movie_id)
                    Filter: (kind_id > 1)
                    Rows Removed by Filter: 0
Planning time: 1.402 ms
Execution time: 18599.226 ms
