Nested Loop  (cost=0.43..709671.90 rows=500 width=0) (actual time=307.727..11031.574 rows=69 loops=1)
  ->  Seq Scan on cast_info ci  (cost=0.00..705507.15 rows=500 width=4) (actual time=307.648..11030.104 rows=69 loops=1)
        Filter: (person_id = 2077392)
        Rows Removed by Filter: 36244275
  ->  Index Only Scan using title_pkey on title t  (cost=0.43..8.32 rows=1 width=4) (actual time=0.019..0.019 rows=1 loops=69)
        Index Cond: (id = ci.movie_id)
        Heap Fetches: 69
Planning time: 4.139 ms
Execution time: 11031.667 ms
