Hash Join  (cost=83074.17..137741.26 rows=156 width=0) (actual time=1394.054..2437.593 rows=1173 loops=1)
  Hash Cond: (mc.movie_id = t.id)
  ->  Seq Scan on movie_companies mc  (cost=0.00..44881.29 rows=2609129 width=4) (actual time=0.013..608.267 rows=2609129 loops=1)
  ->  Hash  (cost=83072.29..83072.29 rows=151 width=8) (actual time=1361.394..1361.394 rows=149 loops=1)
        Buckets: 1024  Batches: 1  Memory Usage: 14kB
        ->  Nested Loop  (cost=0.43..83072.29 rows=151 width=8) (actual time=0.431..1361.192 rows=149 loops=1)
              ->  Seq Scan on movie_keyword mk  (cost=0.00..81003.12 rows=246 width=4) (actual time=0.397..1352.339 rows=176 loops=1)
                    Filter: (keyword_id = 24036)
                    Rows Removed by Filter: 4523754
              ->  Index Scan using title_pkey on title t  (cost=0.43..8.40 rows=1 width=4) (actual time=0.046..0.047 rows=1 loops=176)
                    Index Cond: (id = mk.movie_id)
                    Filter: (production_year < 2007)
                    Rows Removed by Filter: 0
Planning time: 2.023 ms
Execution time: 2437.957 ms
