Hash Join  (cost=874888.41..1240043.89 rows=49956 width=0) (actual time=16969.133..24886.663 rows=470297 loops=1)
  Hash Cond: (mi.movie_id = t.id)
  ->  Seq Scan on movie_info mi  (cost=0.00..309384.22 rows=14739122 width=4) (actual time=0.014..4413.175 rows=14835720 loops=1)
  ->  Hash  (cost=874781.28..874781.28 rows=8570 width=8) (actual time=16968.307..16968.307 rows=18541 loops=1)
        Buckets: 32768 (originally 16384)  Batches: 1 (originally 1)  Memory Usage: 981kB
        ->  Hash Join  (cost=67697.55..874781.28 rows=8570 width=8) (actual time=2843.176..16958.479 rows=18541 loops=1)
              Hash Cond: (ci.movie_id = t.id)
              ->  Seq Scan on cast_info ci  (cost=0.00..796071.18 rows=2913827 width=4) (actual time=1771.912..15017.458 rows=3868406 loops=1)
                    Filter: ((person_id > 1149686) AND (role_id = 10))
                    Rows Removed by Filter: 32375938
              ->  Hash  (cost=67604.59..67604.59 rows=7437 width=4) (actual time=1071.079..1071.079 rows=15489 loops=1)
                    Buckets: 16384 (originally 8192)  Batches: 1 (originally 1)  Memory Usage: 673kB
                    ->  Seq Scan on title t  (cost=0.00..67604.59 rows=7437 width=4) (actual time=0.037..1063.790 rows=15489 loops=1)
                          Filter: (production_year = 1983)
                          Rows Removed by Filter: 2512823
Planning time: 1.386 ms
Execution time: 24946.870 ms
