Hash Join  (cost=172167.32..683268.42 rows=2932917 width=0) (actual time=3591.944..16599.774 rows=2573074 loops=1)
  Hash Cond: (mi.movie_id = t.id)
  ->  Seq Scan on movie_info mi  (cost=0.00..309384.22 rows=14739122 width=4) (actual time=0.018..5863.566 rows=14835720 loops=1)
  ->  Hash  (cost=163911.97..163911.97 rows=503148 width=8) (actual time=3591.080..3591.080 rows=298870 loops=1)
        Buckets: 131072  Batches: 8  Memory Usage: 2477kB
        ->  Hash Join  (cost=81925.97..163911.97 rows=503148 width=8) (actual time=1477.206..3521.857 rows=298870 loops=1)
              Hash Cond: (mc.movie_id = t.id)
              ->  Seq Scan on movie_companies mc  (cost=0.00..44881.29 rows=2609129 width=4) (actual time=0.015..895.367 rows=2609129 loops=1)
              ->  Hash  (cost=73925.90..73925.90 rows=487605 width=4) (actual time=1476.183..1476.183 rows=501779 loops=1)
                    Buckets: 131072  Batches: 8  Memory Usage: 3231kB
                    ->  Seq Scan on title t  (cost=0.00..73925.90 rows=487605 width=4) (actual time=0.024..1294.987 rows=501779 loops=1)
                          Filter: ((kind_id > 1) AND (production_year > 2008))
                          Rows Removed by Filter: 2026533
Planning time: 1.187 ms
Execution time: 16879.853 ms
