Hash Join  (cost=132952.79..633614.91 rows=1954620 width=0) (actual time=3218.392..18137.712 rows=9132932 loops=1)
  Hash Cond: (mi.movie_id = t.id)
  ->  Seq Scan on movie_info mi  (cost=0.00..309384.22 rows=14739122 width=4) (actual time=0.022..5928.696 rows=14835720 loops=1)
  ->  Hash  (cost=127451.30..127451.30 rows=335319 width=8) (actual time=3217.494..3217.494 rows=518066 loops=1)
        Buckets: 131072  Batches: 8  Memory Usage: 3573kB
        ->  Hash Join  (cost=84005.63..127451.30 rows=335319 width=8) (actual time=1410.159..3052.324 rows=518066 loops=1)
              Hash Cond: (mi_idx.movie_id = t.id)
              ->  Seq Scan on movie_info_idx mi_idx  (cost=0.00..21735.35 rows=1380035 width=4) (actual time=0.014..494.848 rows=1380035 loops=1)
              ->  Hash  (cost=73925.90..73925.90 rows=614378 width=4) (actual time=1409.490..1409.490 rows=520376 loops=1)
                    Buckets: 131072  Batches: 16  Memory Usage: 2162kB
                    ->  Seq Scan on title t  (cost=0.00..73925.90 rows=614378 width=4) (actual time=0.020..1239.106 rows=520376 loops=1)
                          Filter: ((kind_id < 7) AND (production_year > 1996))
                          Rows Removed by Filter: 2007936
Planning time: 1.174 ms
Execution time: 19223.090 ms
