Hash Join  (cost=83810.17..164385.92 rows=474485 width=0) (actual time=1510.440..3840.875 rows=957407 loops=1)
  Hash Cond: (mc.movie_id = t.id)
  ->  Seq Scan on movie_companies mc  (cost=0.00..57926.93 rows=1214655 width=4) (actual time=0.025..1279.071 rows=1274246 loops=1)
        Filter: ((company_id < 140544) AND (company_type_id < 2))
        Rows Removed by Filter: 1334883
  ->  Hash  (cost=67604.59..67604.59 rows=987727 width=4) (actual time=1509.428..1509.428 rows=985048 loops=1)
        Buckets: 131072  Batches: 16  Memory Usage: 3188kB
        ->  Seq Scan on title t  (cost=0.00..67604.59 rows=987727 width=4) (actual time=0.012..1210.270 rows=985048 loops=1)
              Filter: (kind_id < 7)
              Rows Removed by Filter: 1543264
Planning time: 0.786 ms
Execution time: 3955.197 ms
