Hash Join  (cost=521607.22..667186.91 rows=1893874 width=0) (actual time=9184.863..13910.667 rows=6069463 loops=1)
  Hash Cond: (mk.movie_id = t.id)
  ->  Seq Scan on movie_keyword mk  (cost=0.00..81003.12 rows=3089364 width=4) (actual time=0.026..1617.320 rows=3074119 loops=1)
        Filter: (keyword_id < 11529)
        Rows Removed by Filter: 1449811
  ->  Hash  (cost=496176.42..496176.42 rows=1550064 width=8) (actual time=9183.520..9183.520 rows=1533909 loops=1)
        Buckets: 131072  Batches: 32  Memory Usage: 2900kB
        ->  Hash Join  (cost=102767.86..496176.42 rows=1550064 width=8) (actual time=6022.858..8719.323 rows=1533909 loops=1)
              Hash Cond: (mi.movie_id = t.id)
              ->  Seq Scan on movie_info mi  (cost=0.00..346232.03 rows=1550064 width=4) (actual time=4081.620..5092.400 rows=1533909 loops=1)
                    Filter: (info_type_id = 3)
                    Rows Removed by Filter: 13301811
              ->  Hash  (cost=61283.27..61283.27 rows=2528527 width=4) (actual time=1940.074..1940.074 rows=2528312 loops=1)
                    Buckets: 131072  Batches: 64  Memory Usage: 2425kB
                    ->  Seq Scan on title t  (cost=0.00..61283.27 rows=2528527 width=4) (actual time=0.023..1054.012 rows=2528312 loops=1)
Planning time: 1.209 ms
Execution time: 14633.391 ms
