Nested Loop  (cost=0.43..709673.15 rows=179 width=0) (actual time=9143.238..9661.684 rows=13 loops=1)
  ->  Seq Scan on cast_info ci  (cost=0.00..705507.15 rows=500 width=4) (actual time=9133.485..9650.822 rows=75 loops=1)
        Filter: (person_id = 2669177)
        Rows Removed by Filter: 36244269
  ->  Index Scan using title_pkey on title t  (cost=0.43..8.32 rows=1 width=4) (actual time=0.144..0.144 rows=0 loops=75)
        Index Cond: (id = ci.movie_id)
        Filter: (production_year > 2006)
        Rows Removed by Filter: 1
Planning time: 1.954 ms
Execution time: 9661.811 ms
