Seq Scan on movie_keyword mk  (cost=0.00..81003.12 rows=246 width=0) (actual time=158.605..1225.692 rows=85 loops=1)
  Filter: (keyword_id = 59275)
  Rows Removed by Filter: 4523845
Planning time: 0.373 ms
Execution time: 1225.808 ms
