Hash Join  (cost=88381.15..622987.25 rows=5135817 width=0) (actual time=1558.879..16160.275 rows=3410794 loops=1)
  Hash Cond: (mi.movie_id = t.id)
  ->  Seq Scan on movie_info mi  (cost=0.00..309384.22 rows=14739122 width=4) (actual time=0.018..5907.595 rows=14835720 loops=1)
  ->  Hash  (cost=73925.90..73925.90 rows=881060 width=4) (actual time=1557.358..1557.358 rows=795183 loops=1)
        Buckets: 131072  Batches: 16  Memory Usage: 2779kB
        ->  Seq Scan on title t  (cost=0.00..73925.90 rows=881060 width=4) (actual time=0.008..1297.671 rows=795183 loops=1)
              Filter: ((kind_id > 1) AND (production_year < 2003))
              Rows Removed by Filter: 1733129
Planning time: 0.812 ms
Execution time: 16570.857 ms
