Seq Scan on cast_info ci  (cost=0.00..705507.15 rows=500 width=0) (actual time=4179.295..10929.001 rows=2 loops=1)
  Filter: (person_id = 3650778)
  Rows Removed by Filter: 36244342
Planning time: 0.341 ms
Execution time: 10929.106 ms
