Hash Join  (cost=102767.86..915091.40 rows=264884 width=0) (actual time=14736.408..17335.314 rows=281049 loops=1)
  Hash Cond: (ci.movie_id = t.id)
  ->  Seq Scan on cast_info ci  (cost=0.00..796071.18 rows=264884 width=4) (actual time=12508.800..14558.771 rows=281049 loops=1)
        Filter: ((person_id > 857446) AND (role_id > 10))
        Rows Removed by Filter: 35963295
  ->  Hash  (cost=61283.27..61283.27 rows=2528527 width=4) (actual time=2226.562..2226.562 rows=2528312 loops=1)
        Buckets: 131072  Batches: 64  Memory Usage: 2415kB
        ->  Seq Scan on title t  (cost=0.00..61283.27 rows=2528527 width=4) (actual time=0.023..1122.001 rows=2528312 loops=1)
Planning time: 0.809 ms
Execution time: 17365.845 ms
