Seq Scan on movie_keyword mk  (cost=0.00..81003.12 rows=1452409 width=0) (actual time=0.031..1331.644 rows=1463309 loops=1)
  Filter: (keyword_id > 11325)
  Rows Removed by Filter: 3060621
Planning time: 0.364 ms
Execution time: 1512.826 ms
