Hash Join  (cost=73940.59..100857.48 rows=641 width=0) (actual time=1094.407..1605.545 rows=552 loops=1)
  Hash Cond: (mi_idx.movie_id = t.id)
  ->  Seq Scan on movie_info_idx mi_idx  (cost=0.00..21735.35 rows=1380035 width=4) (actual time=0.022..292.621 rows=1380035 loops=1)
  ->  Hash  (cost=73925.90..73925.90 rows=1175 width=4) (actual time=1057.327..1057.327 rows=529 loops=1)
        Buckets: 2048  Batches: 1  Memory Usage: 35kB
        ->  Seq Scan on title t  (cost=0.00..73925.90 rows=1175 width=4) (actual time=674.569..1056.970 rows=529 loops=1)
              Filter: ((production_year > 2011) AND (kind_id = 6))
              Rows Removed by Filter: 2527783
Planning time: 0.696 ms
Execution time: 1605.712 ms
