Seq Scan on cast_info ci  (cost=0.00..705507.15 rows=14065103 width=0) (actual time=3.745..12172.564 rows=14031461 loops=1)
  Filter: (person_id < 1382577)
  Rows Removed by Filter: 22212883
Planning time: 0.348 ms
Execution time: 13935.924 ms
