Hash Join  (cost=132876.29..213011.46 rows=368864 width=0) (actual time=3006.120..5574.897 rows=2115982 loops=1)
  Hash Cond: (mc.movie_id = t.id)
  ->  Seq Scan on movie_companies mc  (cost=0.00..44881.29 rows=2609129 width=4) (actual time=0.021..847.346 rows=2609129 loops=1)
  ->  Hash  (cost=127010.93..127010.93 rows=357469 width=8) (actual time=3005.366..3005.366 rows=636038 loops=1)
        Buckets: 131072 (originally 131072)  Batches: 16 (originally 8)  Memory Usage: 3073kB
        ->  Hash Join  (cost=83810.17..127010.93 rows=357469 width=8) (actual time=1507.124..2825.598 rows=636038 loops=1)
              Hash Cond: (mi_idx.movie_id = t.id)
              ->  Seq Scan on movie_info_idx mi_idx  (cost=0.00..25185.44 rows=915101 width=4) (actual time=0.020..555.323 rows=919850 loops=1)
                    Filter: (info_type_id < 101)
                    Rows Removed by Filter: 460185
              ->  Hash  (cost=67604.59..67604.59 rows=987727 width=4) (actual time=1506.271..1506.271 rows=985048 loops=1)
                    Buckets: 131072  Batches: 16  Memory Usage: 3188kB
                    ->  Seq Scan on title t  (cost=0.00..67604.59 rows=987727 width=4) (actual time=0.020..1207.138 rows=985048 loops=1)
                          Filter: (kind_id < 7)
                          Rows Removed by Filter: 1543264
Planning time: 1.222 ms
Execution time: 5805.657 ms
