Hash Join  (cost=83073.24..447730.73 rows=158 width=0) (actual time=1321.801..8660.516 rows=2541 loops=1)
  Hash Cond: (mi.movie_id = t.id)
  ->  Seq Scan on movie_info mi  (cost=0.00..309384.22 rows=14739122 width=4) (actual time=0.009..4698.032 rows=14835720 loops=1)
  ->  Hash  (cost=83072.90..83072.90 rows=27 width=8) (actual time=1270.913..1270.913 rows=14 loops=1)
        Buckets: 1024  Batches: 1  Memory Usage: 9kB
        ->  Nested Loop  (cost=0.43..83072.90 rows=27 width=8) (actual time=4.334..1270.888 rows=14 loops=1)
              ->  Seq Scan on movie_keyword mk  (cost=0.00..81003.12 rows=246 width=4) (actual time=4.268..1270.229 rows=16 loops=1)
                    Filter: (keyword_id = 83327)
                    Rows Removed by Filter: 4523914
              ->  Index Scan using title_pkey on title t  (cost=0.43..8.40 rows=1 width=4) (actual time=0.035..0.036 rows=1 loops=16)
                    Index Cond: (id = mk.movie_id)
                    Filter: ((kind_id < 7) AND (production_year < 1991))
                    Rows Removed by Filter: 0
Planning time: 1.212 ms
Execution time: 8661.175 ms
