Hash Join  (cost=426017.56..513261.89 rows=58629 width=0) (actual time=6648.057..8651.191 rows=250304 loops=1)
  Hash Cond: (mk.movie_id = t.id)
  ->  Seq Scan on movie_keyword mk  (cost=0.00..69693.30 rows=4523930 width=4) (actual time=0.017..1035.479 rows=4523930 loops=1)
  ->  Hash  (cost=425607.95..425607.95 rows=32769 width=8) (actual time=6647.636..6647.636 rows=65137 loops=1)
        Buckets: 65536  Batches: 1  Memory Usage: 3057kB
        ->  Hash Join  (cost=69283.60..425607.95 rows=32769 width=8) (actual time=3580.372..6623.279 rows=65137 loops=1)
              Hash Cond: (mi.movie_id = t.id)
              ->  Seq Scan on movie_info mi  (cost=0.00..346232.03 rows=809768 width=4) (actual time=2450.032..5297.350 rows=802140 loops=1)
                    Filter: (info_type_id < 2)
                    Rows Removed by Filter: 14033580
              ->  Hash  (cost=67604.59..67604.59 rows=102321 width=4) (actual time=982.077..982.077 rows=100537 loops=1)
                    Buckets: 131072  Batches: 2  Memory Usage: 2803kB
                    ->  Seq Scan on title t  (cost=0.00..67604.59 rows=102321 width=4) (actual time=0.026..945.053 rows=100537 loops=1)
                          Filter: (kind_id = 3)
                          Rows Removed by Filter: 2427775
Planning time: 1.596 ms
Execution time: 8684.671 ms
