Seq Scan on movie_keyword mk  (cost=0.00..81003.12 rows=2672454 width=0) (actual time=0.021..1319.692 rows=2667179 loops=1)
  Filter: (keyword_id < 7445)
  Rows Removed by Filter: 1856751
Planning time: 0.322 ms
Execution time: 1627.721 ms
