Seq Scan on cast_info ci  (cost=0.00..705507.15 rows=500 width=0) (actual time=2626.979..10668.453 rows=11 loops=1)
  Filter: (person_id = 2136452)
  Rows Removed by Filter: 36244333
Planning time: 0.406 ms
Execution time: 10668.543 ms
