Hash Join  (cost=98137.04..928195.95 rows=4279028 width=0) (actual time=1890.286..18615.374 rows=4065755 loops=1)
  Hash Cond: (ci.movie_id = t.id)
  ->  Seq Scan on cast_info ci  (cost=0.00..705507.15 rows=5813897 width=4) (actual time=0.021..12259.118 rows=5844739 loops=1)
        Filter: (person_id > 3059723)
        Rows Removed by Filter: 30399605
  ->  Hash  (cost=67604.59..67604.59 rows=1860996 width=4) (actual time=1888.974..1888.974 rows=1865487 loops=1)
        Buckets: 131072  Batches: 32  Memory Usage: 3079kB
        ->  Seq Scan on title t  (cost=0.00..67604.59 rows=1860996 width=4) (actual time=0.020..1295.555 rows=1865487 loops=1)
              Filter: (kind_id > 1)
              Rows Removed by Filter: 662825
Planning time: 0.771 ms
Execution time: 19095.098 ms
