Seq Scan on title t  (cost=0.00..67604.59 rows=1350560 width=94) (actual time=0.021..1505.615 rows=1348293 loops=1)
  Filter: (production_year < 2005)
  Rows Removed by Filter: 1180019
Planning time: 0.467 ms
Execution time: 1584.104 ms
