Hash Join  (cost=82257.13..155400.33 rows=195800 width=0) (actual time=1889.445..3432.917 rows=588595 loops=1)
  Hash Cond: (mc.movie_id = t.id)
  ->  Seq Scan on movie_companies mc  (cost=0.00..57926.93 rows=975005 width=4) (actual time=89.314..1157.979 rows=1263023 loops=1)
        Filter: ((company_id < 61069) AND (company_type_id < 2))
        Rows Removed by Filter: 1346106
  ->  Hash  (cost=73925.90..73925.90 rows=507778 width=4) (actual time=1443.999..1443.999 rows=524129 loops=1)
        Buckets: 131072  Batches: 8  Memory Usage: 3340kB
        ->  Seq Scan on title t  (cost=0.00..73925.90 rows=507778 width=4) (actual time=629.854..1278.000 rows=524129 loops=1)
              Filter: ((production_year < 2010) AND (kind_id = 1))
              Rows Removed by Filter: 2004183
Planning time: 0.792 ms
Execution time: 3503.039 ms
