Seq Scan on movie_keyword mk  (cost=0.00..81003.12 rows=129881 width=0) (actual time=0.027..1300.357 rows=126626 loops=1)
  Filter: (keyword_id > 76946)
  Rows Removed by Filter: 4397304
Planning time: 0.245 ms
Execution time: 1317.667 ms
