Hash Join  (cost=80569.13..150400.35 rows=204892 width=0) (actual time=1736.503..3191.697 rows=548745 loops=1)
  Hash Cond: (mc.movie_id = t.id)
  ->  Seq Scan on movie_companies mc  (cost=0.00..51404.11 rows=1279517 width=4) (actual time=385.356..1054.349 rows=1274246 loops=1)
        Filter: (company_type_id = 1)
        Rows Removed by Filter: 1334883
  ->  Hash  (cost=73925.90..73925.90 rows=404898 width=4) (actual time=1350.148..1350.148 rows=477683 loops=1)
        Buckets: 131072  Batches: 8  Memory Usage: 3135kB
        ->  Seq Scan on title t  (cost=0.00..73925.90 rows=404898 width=4) (actual time=0.081..1202.724 rows=477683 loops=1)
              Filter: ((kind_id < 3) AND (production_year < 2005))
              Rows Removed by Filter: 2050629
Planning time: 0.840 ms
Execution time: 3257.076 ms
