Seq Scan on movie_keyword mk  (cost=0.00..81003.12 rows=2904984 width=0) (actual time=0.022..1482.716 rows=2895777 loops=1)
  Filter: (keyword_id < 9150)
  Rows Removed by Filter: 1628153
Planning time: 0.336 ms
Execution time: 1834.180 ms
