Seq Scan on cast_info ci  (cost=0.00..796071.18 rows=3035094 width=0) (actual time=7757.057..14494.599 rows=3907495 loops=1)
  Filter: ((person_id > 1042909) AND (role_id = 10))
  Rows Removed by Filter: 32336849
Planning time: 0.376 ms
Execution time: 14977.046 ms
