Hash Join  (cost=258334.58..359996.84 rows=1693832 width=0) (actual time=5454.527..8285.483 rows=2424663 loops=1)
  Hash Cond: (mc.movie_id = t.id)
  ->  Seq Scan on movie_companies mc  (cost=0.00..44881.29 rows=2609129 width=4) (actual time=0.015..873.235 rows=2609129 loops=1)
  ->  Hash  (cost=231402.76..231402.76 rows=1641506 width=8) (actual time=5453.041..5453.041 rows=811384 loops=1)
        Buckets: 131072  Batches: 32  Memory Usage: 2002kB
        ->  Hash Join  (cost=98137.04..231402.76 rows=1641506 width=8) (actual time=2055.129..5207.833 rows=811384 loops=1)
              Hash Cond: (mk.movie_id = t.id)
              ->  Seq Scan on movie_keyword mk  (cost=0.00..81003.12 rows=2230307 width=4) (actual time=0.024..1550.608 rows=2223995 loops=1)
                    Filter: (keyword_id < 4557)
                    Rows Removed by Filter: 2299935
              ->  Hash  (cost=67604.59..67604.59 rows=1860996 width=4) (actual time=2053.886..2053.886 rows=1865487 loops=1)
                    Buckets: 131072  Batches: 32  Memory Usage: 3085kB
                    ->  Seq Scan on title t  (cost=0.00..67604.59 rows=1860996 width=4) (actual time=0.013..1265.888 rows=1865487 loops=1)
                          Filter: (kind_id > 1)
                          Rows Removed by Filter: 662825
Planning time: 1.089 ms
Execution time: 8573.005 ms
