Hash Join  (cost=226858.66..1139845.85 rows=4122574 width=0) (actual time=11132.058..25336.955 rows=1510143 loops=1)
  Hash Cond: (ci.movie_id = t.id)
  ->  Seq Scan on cast_info ci  (cost=0.00..705507.15 rows=12726058 width=4) (actual time=6597.753..14674.799 rows=12670688 loops=1)
        Filter: (role_id < 2)
        Rows Removed by Filter: 23573656
  ->  Hash  (cost=213419.78..213419.78 rows=819110 width=8) (actual time=4532.795..4532.795 rows=171072 loops=1)
        Buckets: 131072  Batches: 16  Memory Usage: 1416kB
        ->  Hash Join  (cost=81437.64..213419.78 rows=819110 width=8) (actual time=2269.337..4487.518 rows=171072 loops=1)
              Hash Cond: (mk.movie_id = t.id)
              ->  Seq Scan on movie_keyword mk  (cost=0.00..69693.30 rows=4523930 width=4) (actual time=0.026..1437.054 rows=4523930 loops=1)
              ->  Hash  (cost=73925.90..73925.90 rows=457819 width=4) (actual time=1327.091..1327.091 rows=344212 loops=1)
                    Buckets: 131072  Batches: 8  Memory Usage: 2529kB
                    ->  Seq Scan on title t  (cost=0.00..73925.90 rows=457819 width=4) (actual time=0.017..1211.952 rows=344212 loops=1)
                          Filter: ((production_year < 1993) AND (kind_id = 7))
                          Rows Removed by Filter: 2184100
Planning time: 2.322 ms
Execution time: 25517.606 ms
