Hash Join  (cost=79715.19..607821.90 rows=1943660 width=0) (actual time=1188.119..15267.170 rows=2897042 loops=1)
  Hash Cond: (mi.movie_id = t.id)
  ->  Seq Scan on movie_info mi  (cost=0.00..346232.03 rows=13929354 width=4) (actual time=0.014..7232.684 rows=14033580 loops=1)
        Filter: (info_type_id > 1)
        Rows Removed by Filter: 802140
  ->  Hash  (cost=73925.90..73925.90 rows=352823 width=4) (actual time=1185.188..1185.188 rows=302088 loops=1)
        Buckets: 131072  Batches: 8  Memory Usage: 2348kB
        ->  Seq Scan on title t  (cost=0.00..73925.90 rows=352823 width=4) (actual time=0.011..1081.232 rows=302088 loops=1)
              Filter: ((kind_id < 7) AND (production_year > 2006))
              Rows Removed by Filter: 2226224
Planning time: 0.767 ms
Execution time: 15588.985 ms
