Hash Join  (cost=231322.67..657784.66 rows=2655718 width=0) (actual time=6726.151..14712.827 rows=6324913 loops=1)
  Hash Cond: (mi.movie_id = t.id)
  ->  Seq Scan on movie_info mi  (cost=0.00..346232.03 rows=3623957 width=4) (actual time=1143.292..5543.824 rows=3624977 loops=1)
        Filter: (info_type_id < 4)
        Rows Removed by Filter: 11210743
  ->  Hash  (cost=200921.64..200921.64 rows=1852962 width=8) (actual time=5581.824..5581.824 rows=2059977 loops=1)
        Buckets: 131072  Batches: 32  Memory Usage: 3587kB
        ->  Hash Join  (cost=97066.09..200921.64 rows=1852962 width=8) (actual time=1897.360..5008.314 rows=2059977 loops=1)
              Hash Cond: (mc.movie_id = t.id)
              ->  Seq Scan on movie_companies mc  (cost=0.00..44881.29 rows=2609129 width=4) (actual time=0.034..897.500 rows=2609129 loops=1)
              ->  Hash  (cost=67604.59..67604.59 rows=1795720 width=4) (actual time=1896.448..1896.448 rows=1794153 loops=1)
                    Buckets: 131072  Batches: 32  Memory Usage: 2992kB
                    ->  Seq Scan on title t  (cost=0.00..67604.59 rows=1795720 width=4) (actual time=0.014..1323.122 rows=1794153 loops=1)
                          Filter: (production_year < 2009)
                          Rows Removed by Filter: 734159
Planning time: 1.159 ms
Execution time: 15359.640 ms
