Hash Join  (cost=69374.09..189163.01 rows=136422 width=0) (actual time=1113.784..4462.025 rows=128535 loops=1)
  Hash Cond: (mk.movie_id = t.id)
  ->  Seq Scan on movie_keyword mk  (cost=0.00..81003.12 rows=3199886 width=4) (actual time=0.027..1683.676 rows=3183145 loops=1)
        Filter: (keyword_id > 1748)
        Rows Removed by Filter: 1340785
  ->  Hash  (cost=67604.59..67604.59 rows=107800 width=4) (actual time=1112.995..1112.995 rows=108429 loops=1)
        Buckets: 131072  Batches: 2  Memory Usage: 2938kB
        ->  Seq Scan on title t  (cost=0.00..67604.59 rows=107800 width=4) (actual time=0.025..1069.201 rows=108429 loops=1)
              Filter: (production_year = 2006)
              Rows Removed by Filter: 2419883
Planning time: 0.654 ms
Execution time: 4478.340 ms
