Hash Join  (cost=156209.36..298479.96 rows=799861 width=0) (actual time=3360.546..7880.286 rows=3415482 loops=1)
  Hash Cond: (mk.movie_id = t.id)
  ->  Seq Scan on movie_keyword mk  (cost=0.00..81003.12 rows=4453563 width=4) (actual time=0.017..1801.128 rows=4449218 loops=1)
        Filter: (keyword_id > 66)
        Rows Removed by Filter: 74712
  ->  Hash  (cost=148758.81..148758.81 rows=454124 width=8) (actual time=3359.842..3359.842 rows=459925 loops=1)
        Buckets: 131072  Batches: 8  Memory Usage: 3284kB
        ->  Hash Join  (cost=102767.86..148758.81 rows=454124 width=8) (actual time=1969.434..3224.615 rows=459925 loops=1)
              Hash Cond: (mi_idx.movie_id = t.id)
              ->  Seq Scan on movie_info_idx mi_idx  (cost=0.00..25185.44 rows=454124 width=4) (actual time=0.020..468.698 rows=459925 loops=1)
                    Filter: (info_type_id = 100)
                    Rows Removed by Filter: 920110
              ->  Hash  (cost=61283.27..61283.27 rows=2528527 width=4) (actual time=1968.046..1968.046 rows=2528312 loops=1)
                    Buckets: 131072  Batches: 64  Memory Usage: 2415kB
                    ->  Seq Scan on title t  (cost=0.00..61283.27 rows=2528527 width=4) (actual time=0.032..1110.225 rows=2528312 loops=1)
Planning time: 1.301 ms
Execution time: 8285.559 ms
