Hash Join  (cost=122937.35..191345.85 rows=93534 width=0) (actual time=2516.676..3878.484 rows=87276 loops=1)
  Hash Cond: (mc.movie_id = t.id)
  ->  Seq Scan on movie_companies mc  (cost=0.00..51404.11 rows=1329612 width=4) (actual time=145.895..974.292 rows=1334883 loops=1)
        Filter: (company_type_id = 2)
        Rows Removed by Filter: 1274246
  ->  Hash  (cost=120018.93..120018.93 rows=177874 width=8) (actual time=2369.907..2369.907 rows=76248 loops=1)
        Buckets: 131072  Batches: 4  Memory Usage: 1764kB
        ->  Hash Join  (cost=79273.71..120018.93 rows=177874 width=8) (actual time=1337.140..2351.351 rows=76248 loops=1)
              Hash Cond: (mi_idx.movie_id = t.id)
              ->  Seq Scan on movie_info_idx mi_idx  (cost=0.00..21735.35 rows=1380035 width=4) (actual time=0.030..436.332 rows=1380035 loops=1)
              ->  Hash  (cost=73925.90..73925.90 rows=325904 width=4) (actual time=1335.855..1335.855 rows=349534 loops=1)
                    Buckets: 131072  Batches: 8  Memory Usage: 2566kB
                    ->  Seq Scan on title t  (cost=0.00..73925.90 rows=325904 width=4) (actual time=100.698..1222.289 rows=349534 loops=1)
                          Filter: ((production_year > 2009) AND (kind_id = 7))
                          Rows Removed by Filter: 2178778
Planning time: 2.862 ms
Execution time: 3890.019 ms
