Hash Join  (cost=106520.21..193451.90 rows=27365 width=0) (actual time=1969.124..3895.317 rows=42820 loops=1)
  Hash Cond: (mk.movie_id = t.id)
  ->  Seq Scan on movie_keyword mk  (cost=0.00..69693.30 rows=4523930 width=4) (actual time=0.023..1079.618 rows=4523930 loops=1)
  ->  Hash  (cost=106329.03..106329.03 rows=15295 width=8) (actual time=1968.473..1968.473 rows=12008 loops=1)
        Buckets: 16384  Batches: 1  Memory Usage: 598kB
        ->  Hash Join  (cost=75292.52..106329.03 rows=15295 width=8) (actual time=1311.510..1963.764 rows=12008 loops=1)
              Hash Cond: (mi_idx.movie_id = t.id)
              ->  Seq Scan on movie_info_idx mi_idx  (cost=0.00..25185.44 rows=464566 width=4) (actual time=0.016..460.750 rows=459925 loops=1)
                    Filter: (info_type_id = 101)
                    Rows Removed by Filter: 920110
              ->  Hash  (cost=73925.90..73925.90 rows=83249 width=4) (actual time=1310.291..1310.291 rows=101793 loops=1)
                    Buckets: 131072  Batches: 2  Memory Usage: 2803kB
                    ->  Seq Scan on title t  (cost=0.00..73925.90 rows=83249 width=4) (actual time=0.016..1266.549 rows=101793 loops=1)
                          Filter: ((kind_id > 1) AND (production_year = 2007))
                          Rows Removed by Filter: 2426519
Planning time: 1.232 ms
Execution time: 3901.591 ms
