Hash Join  (cost=187005.01..267087.05 rows=365053 width=0) (actual time=3858.072..7998.410 rows=8050810 loops=1)
  Hash Cond: (mc.movie_id = t.id)
  ->  Seq Scan on movie_companies mc  (cost=0.00..44881.29 rows=2609129 width=4) (actual time=0.013..1064.453 rows=2609129 loops=1)
  ->  Hash  (cost=181200.82..181200.82 rows=353775 width=8) (actual time=3857.133..3857.133 rows=848679 loops=1)
        Buckets: 131072 (originally 131072)  Batches: 16 (originally 8)  Memory Usage: 3121kB
        ->  Hash Join  (cost=78556.72..181200.82 rows=353775 width=8) (actual time=1116.845..3601.881 rows=848679 loops=1)
              Hash Cond: (mk.movie_id = t.id)
              ->  Seq Scan on movie_keyword mk  (cost=0.00..81003.12 rows=1340058 width=4) (actual time=0.033..1501.852 rows=1356795 loops=1)
                    Filter: (keyword_id < 1768)
                    Rows Removed by Filter: 3167135
              ->  Hash  (cost=67604.59..67604.59 rows=667531 width=4) (actual time=1115.707..1115.707 rows=662825 loops=1)
                    Buckets: 131072  Batches: 16  Memory Usage: 2486kB
                    ->  Seq Scan on title t  (cost=0.00..67604.59 rows=667531 width=4) (actual time=0.020..836.344 rows=662825 loops=1)
                          Filter: (kind_id = 1)
                          Rows Removed by Filter: 1865487
Planning time: 1.903 ms
Execution time: 8896.953 ms
