Hash Join  (cost=139597.14..1012801.78 rows=1168058 width=0) (actual time=5600.329..26007.412 rows=5911323 loops=1)
  Hash Cond: (ci.movie_id = t.id)
  ->  Seq Scan on cast_info ci  (cost=0.00..796071.18 rows=5478635 width=4) (actual time=1588.695..14659.713 rows=8369063 loops=1)
        Filter: ((person_id > 1991006) AND (role_id > 3))
        Rows Removed by Filter: 27875281
  ->  Hash  (cost=130752.54..130752.54 rows=539088 width=8) (actual time=4010.377..4010.377 rows=954317 loops=1)
        Buckets: 131072 (originally 131072)  Batches: 16 (originally 8)  Memory Usage: 3354kB
        ->  Hash Join  (cost=83810.17..130752.54 rows=539088 width=8) (actual time=1563.464..3739.922 rows=954317 loops=1)
              Hash Cond: (mi_idx.movie_id = t.id)
              ->  Seq Scan on movie_info_idx mi_idx  (cost=0.00..21735.35 rows=1380035 width=4) (actual time=0.019..428.546 rows=1380035 loops=1)
              ->  Hash  (cost=67604.59..67604.59 rows=987727 width=4) (actual time=1562.616..1562.616 rows=985048 loops=1)
                    Buckets: 131072  Batches: 16  Memory Usage: 3188kB
                    ->  Seq Scan on title t  (cost=0.00..67604.59 rows=987727 width=4) (actual time=0.018..1252.515 rows=985048 loops=1)
                          Filter: (kind_id < 7)
                          Rows Removed by Filter: 1543264
Planning time: 1.216 ms
Execution time: 26689.990 ms
