Seq Scan on cast_info ci  (cost=0.00..705507.15 rows=35288562 width=0) (actual time=0.049..14001.752 rows=35429099 loops=1)
  Filter: (person_id > 85855)
  Rows Removed by Filter: 815245
Planning time: 0.295 ms
Execution time: 18381.754 ms
