Hash Join  (cost=102767.86..229898.65 rows=1506441 width=0) (actual time=1989.508..4929.070 rows=1517580 loops=1)
  Hash Cond: (mk.movie_id = t.id)
  ->  Seq Scan on movie_keyword mk  (cost=0.00..81003.12 rows=1506441 width=4) (actual time=0.014..1464.470 rows=1517580 loops=1)
        Filter: (keyword_id < 2199)
        Rows Removed by Filter: 3006350
  ->  Hash  (cost=61283.27..61283.27 rows=2528527 width=4) (actual time=1988.017..1988.017 rows=2528312 loops=1)
        Buckets: 131072  Batches: 64  Memory Usage: 2425kB
        ->  Seq Scan on title t  (cost=0.00..61283.27 rows=2528527 width=4) (actual time=0.014..1122.320 rows=2528312 loops=1)
Planning time: 1.862 ms
Execution time: 5094.216 ms
