Hash Join  (cost=137214.02..206392.45 rows=87937 width=0) (actual time=3374.250..4582.672 rows=88585 loops=1)
  Hash Cond: (mc.movie_id = t.id)
  ->  Seq Scan on movie_companies mc  (cost=0.00..57926.93 rows=803499 width=4) (actual time=421.404..1137.655 rows=1019825 loops=1)
        Filter: ((company_id > 5706) AND (company_type_id = 2))
        Rows Removed by Filter: 1589304
  ->  Hash  (cost=132673.92..132673.92 rows=276728 width=8) (actual time=2952.051..2952.051 rows=141906 loops=1)
        Buckets: 131072  Batches: 4  Memory Usage: 2407kB
        ->  Hash Join  (cost=92883.59..132673.92 rows=276728 width=8) (actual time=2239.913..2914.907 rows=141906 loops=1)
              Hash Cond: (mi_idx.movie_id = t.id)
              ->  Seq Scan on movie_info_idx mi_idx  (cost=0.00..25185.44 rows=454124 width=4) (actual time=0.023..491.991 rows=459925 loops=1)
                    Filter: (info_type_id = 100)
                    Rows Removed by Filter: 920110
              ->  Hash  (cost=67604.59..67604.59 rows=1540800 width=4) (actual time=1991.846..1991.846 rows=1543264 loops=1)
                    Buckets: 131072  Batches: 32  Memory Usage: 2722kB
                    ->  Seq Scan on title t  (cost=0.00..67604.59 rows=1540800 width=4) (actual time=0.024..1239.253 rows=1543264 loops=1)
                          Filter: (kind_id = 7)
                          Rows Removed by Filter: 985048
Planning time: 1.166 ms
Execution time: 4594.705 ms
