Seq Scan on cast_info ci  (cost=0.00..796071.18 rows=587847 width=0) (actual time=6227.267..10669.773 rows=391980 loops=1)
  Filter: ((person_id < 506276) AND (role_id = 3))
  Rows Removed by Filter: 35852364
Planning time: 0.409 ms
Execution time: 10718.130 ms
