Hash Join  (cost=102767.86..1069319.71 rows=6674380 width=0) (actual time=4914.802..24959.021 rows=7999066 loops=1)
  Hash Cond: (ci.movie_id = t.id)
  ->  Seq Scan on cast_info ci  (cost=0.00..796071.18 rows=6674380 width=4) (actual time=2875.243..15876.979 rows=7999066 loops=1)
        Filter: ((person_id > 1033387) AND (role_id > 4))
        Rows Removed by Filter: 28245278
  ->  Hash  (cost=61283.27..61283.27 rows=2528527 width=4) (actual time=2038.569..2038.569 rows=2528312 loops=1)
        Buckets: 131072  Batches: 64  Memory Usage: 2415kB
        ->  Seq Scan on title t  (cost=0.00..61283.27 rows=2528527 width=4) (actual time=0.021..1211.310 rows=2528312 loops=1)
Planning time: 0.800 ms
Execution time: 25902.400 ms
