Seq Scan on cast_info ci  (cost=0.00..705507.15 rows=1663602 width=0) (actual time=8632.655..9970.988 rows=1682494 loops=1)
  Filter: (person_id > 3728294)
  Rows Removed by Filter: 34561850
Planning time: 0.308 ms
Execution time: 10184.206 ms
