Nested Loop  (cost=0.43..83071.67 rows=246 width=0) (actual time=1.241..1416.971 rows=1376 loops=1)
  ->  Seq Scan on movie_keyword mk  (cost=0.00..81003.12 rows=246 width=4) (actual time=1.169..1339.766 rows=1376 loops=1)
        Filter: (keyword_id = 7076)
        Rows Removed by Filter: 4522554
  ->  Index Only Scan using title_pkey on title t  (cost=0.43..8.40 rows=1 width=4) (actual time=0.054..0.054 rows=1 loops=1376)
        Index Cond: (id = mk.movie_id)
        Heap Fetches: 1376
Planning time: 4.223 ms
Execution time: 1417.535 ms
