Hash Join  (cost=102053.45..193311.75 rows=28195 width=0) (actual time=1921.237..3955.841 rows=9744 loops=1)
  Hash Cond: (mk.movie_id = t.id)
  ->  Seq Scan on movie_keyword mk  (cost=0.00..81003.12 rows=2659528 width=4) (actual time=0.020..1640.945 rows=2652827 loops=1)
        Filter: (keyword_id < 7356)
        Rows Removed by Filter: 1871103
  ->  Hash  (cost=101718.37..101718.37 rows=26806 width=8) (actual time=1888.509..1888.509 rows=10347 loops=1)
        Buckets: 32768  Batches: 1  Memory Usage: 661kB
        ->  Hash Join  (cost=74539.83..101718.37 rows=26806 width=8) (actual time=1235.346..1884.773 rows=10347 loops=1)
              Hash Cond: (mi_idx.movie_id = t.id)
              ->  Seq Scan on movie_info_idx mi_idx  (cost=0.00..21735.35 rows=1380035 width=4) (actual time=0.014..330.440 rows=1380035 loops=1)
              ->  Hash  (cost=73925.90..73925.90 rows=49114 width=4) (actual time=1234.609..1234.609 rows=45321 loops=1)
                    Buckets: 65536  Batches: 1  Memory Usage: 2106kB
                    ->  Seq Scan on title t  (cost=0.00..73925.90 rows=49114 width=4) (actual time=0.015..1215.884 rows=45321 loops=1)
                          Filter: ((kind_id > 1) AND (production_year > 2012))
                          Rows Removed by Filter: 2482991
Planning time: 1.156 ms
Execution time: 3957.363 ms
