Hash Join  (cost=85000.09..221715.49 rows=1207636 width=0) (actual time=1885.218..5411.091 rows=309184 loops=1)
  Hash Cond: (mk.movie_id = t.id)
  ->  Seq Scan on movie_keyword mk  (cost=0.00..69693.30 rows=4523930 width=4) (actual time=0.017..1439.022 rows=4523930 loops=1)
  ->  Hash  (cost=73925.90..73925.90 rows=674975 width=4) (actual time=1884.349..1884.349 rows=739679 loops=1)
        Buckets: 131072  Batches: 16  Memory Usage: 2660kB
        ->  Seq Scan on title t  (cost=0.00..73925.90 rows=674975 width=4) (actual time=143.270..1151.705 rows=739679 loops=1)
              Filter: ((production_year > 2004) AND (kind_id = 7))
              Rows Removed by Filter: 1788633
Planning time: 0.528 ms
Execution time: 5449.513 ms
