Hash Join  (cost=275468.73..1275039.99 rows=7516156 width=0) (actual time=6551.197..38365.296 rows=32725915 loops=1)
  Hash Cond: (ci.movie_id = t.id)
  ->  Seq Scan on cast_info ci  (cost=0.00..796071.18 rows=9400105 width=4) (actual time=0.014..15450.997 rows=11906025 loops=1)
        Filter: ((person_id > 1488176) AND (role_id > 2))
        Rows Removed by Filter: 24338319
  ->  Hash  (cost=242298.66..242298.66 rows=2021765 width=8) (actual time=6549.777..6549.777 rows=2027533 loops=1)
        Buckets: 131072  Batches: 32  Memory Usage: 3483kB
        ->  Hash Join  (cost=102767.86..242298.66 rows=2021765 width=8) (actual time=1824.035..5989.775 rows=2027533 loops=1)
              Hash Cond: (mk.movie_id = t.id)
              ->  Seq Scan on movie_keyword mk  (cost=0.00..81003.12 rows=2021765 width=4) (actual time=0.013..1598.052 rows=2027533 loops=1)
                    Filter: (keyword_id < 3636)
                    Rows Removed by Filter: 2496397
              ->  Hash  (cost=61283.27..61283.27 rows=2528527 width=4) (actual time=1822.842..1822.842 rows=2528312 loops=1)
                    Buckets: 131072  Batches: 64  Memory Usage: 2425kB
                    ->  Seq Scan on title t  (cost=0.00..61283.27 rows=2528527 width=4) (actual time=0.018..1012.320 rows=2528312 loops=1)
Planning time: 1.197 ms
Execution time: 42042.717 ms
