Hash Join  (cost=147693.35..186827.78 rows=83995 width=0) (actual time=2880.437..4139.586 rows=498210 loops=1)
  Hash Cond: (mi_idx.movie_id = t.id)
  ->  Seq Scan on movie_info_idx mi_idx  (cost=0.00..21735.35 rows=1380035 width=4) (actual time=0.011..475.299 rows=1380035 loops=1)
  ->  Hash  (cost=145167.64..145167.64 rows=153897 width=8) (actual time=2879.632..2879.632 rows=354700 loops=1)
        Buckets: 131072 (originally 131072)  Batches: 8 (originally 4)  Memory Usage: 3073kB
        ->  Hash Join  (cost=83810.17..145167.64 rows=153897 width=8) (actual time=1409.048..2772.105 rows=354700 loops=1)
              Hash Cond: (mc.movie_id = t.id)
              ->  Seq Scan on movie_companies mc  (cost=0.00..51404.11 rows=393969 width=4) (actual time=0.009..885.471 rows=399185 loops=1)
                    Filter: (company_id > 82331)
                    Rows Removed by Filter: 2209944
              ->  Hash  (cost=67604.59..67604.59 rows=987727 width=4) (actual time=1408.208..1408.208 rows=985048 loops=1)
                    Buckets: 131072  Batches: 16  Memory Usage: 3188kB
                    ->  Seq Scan on title t  (cost=0.00..67604.59 rows=987727 width=4) (actual time=0.017..1096.921 rows=985048 loops=1)
                          Filter: (kind_id < 7)
                          Rows Removed by Filter: 1543264
Planning time: 0.867 ms
Execution time: 4203.481 ms
