Seq Scan on movie_keyword mk  (cost=0.00..81003.12 rows=246 width=0) (actual time=11.154..1349.951 rows=270 loops=1)
  Filter: (keyword_id = 3177)
  Rows Removed by Filter: 4523660
Planning time: 2.296 ms
Execution time: 1350.212 ms
