Seq Scan on cast_info ci  (cost=0.00..796071.18 rows=6400627 width=0) (actual time=4314.858..14011.776 rows=10683656 loops=1)
  Filter: ((person_id > 2214252) AND (role_id > 2))
  Rows Removed by Filter: 25560688
Planning time: 0.380 ms
Execution time: 15289.631 ms
