Seq Scan on movie_companies mc  (cost=0.00..57926.93 rows=421743 width=0) (actual time=151.820..929.414 rows=102704 loops=1)
  Filter: ((company_id > 23837) AND (company_type_id = 1))
  Rows Removed by Filter: 2506425
Planning time: 0.418 ms
Execution time: 943.472 ms
