Hash Join  (cost=154654.97..952632.47 rows=190631 width=0) (actual time=2993.743..22038.917 rows=2107411 loops=1)
  Hash Cond: (ci.movie_id = t.id)
  ->  Seq Scan on cast_info ci  (cost=0.00..614943.12 rows=36225612 width=4) (actual time=0.026..9381.931 rows=36244344 loops=1)
  ->  Hash  (cost=154488.65..154488.65 rows=13306 width=8) (actual time=2993.445..2993.445 rows=49065 loops=1)
        Buckets: 65536 (originally 16384)  Batches: 1 (originally 1)  Memory Usage: 2429kB
        ->  Hash Join  (cost=67697.55..154488.65 rows=13306 width=8) (actual time=1089.467..2976.740 rows=49065 loops=1)
              Hash Cond: (mk.movie_id = t.id)
              ->  Seq Scan on movie_keyword mk  (cost=0.00..69693.30 rows=4523930 width=4) (actual time=0.017..1017.019 rows=4523930 loops=1)
              ->  Hash  (cost=67604.59..67604.59 rows=7437 width=4) (actual time=1089.367..1089.367 rows=20122 loops=1)
                    Buckets: 32768 (originally 8192)  Batches: 1 (originally 1)  Memory Usage: 964kB
                    ->  Seq Scan on title t  (cost=0.00..67604.59 rows=7437 width=4) (actual time=2.070..1079.874 rows=20122 loops=1)
                          Filter: (production_year = 1987)
                          Rows Removed by Filter: 2508190
Planning time: 1.149 ms
Execution time: 22309.977 ms
