Hash Join  (cost=886701.23..1371780.46 rows=494130 width=0) (actual time=11074.953..22394.881 rows=2039 loops=1)
  Hash Cond: (mi.movie_id = t.id)
  ->  Seq Scan on movie_info mi  (cost=0.00..309384.22 rows=14739122 width=4) (actual time=0.028..6084.480 rows=14835720 loops=1)
  ->  Hash  (cost=885309.62..885309.62 rows=84769 width=8) (actual time=11066.659..11066.659 rows=90 loops=1)
        Buckets: 131072  Batches: 2  Memory Usage: 1032kB
        ->  Hash Join  (cost=80897.02..885309.62 rows=84769 width=8) (actual time=4991.718..11066.421 rows=90 loops=1)
              Hash Cond: (ci.movie_id = t.id)
              ->  Seq Scan on cast_info ci  (cost=0.00..796071.18 rows=504462 width=4) (actual time=3877.368..9910.935 rows=278 loops=1)
                    Filter: ((person_id < 237757) AND (role_id = 2))
                    Rows Removed by Filter: 36244066
              ->  Hash  (cost=73925.90..73925.90 rows=424889 width=4) (actual time=1110.991..1110.991 rows=309098 loops=1)
                    Buckets: 131072  Batches: 8  Memory Usage: 2386kB
                    ->  Seq Scan on title t  (cost=0.00..73925.90 rows=424889 width=4) (actual time=181.475..1015.514 rows=309098 loops=1)
                          Filter: ((kind_id < 2) AND (production_year > 1995))
                          Rows Removed by Filter: 2219214
Planning time: 7.478 ms
Execution time: 22395.882 ms
