Hash Join  (cost=198074.55..717902.78 rows=4139734 width=0) (actual time=4480.018..18265.272 rows=6214008 loops=1)
  Hash Cond: (mi.movie_id = t.id)
  ->  Seq Scan on movie_info mi  (cost=0.00..346232.03 rows=11115165 width=4) (actual time=0.018..7124.535 rows=11210743 loops=1)
        Filter: (info_type_id > 3)
        Rows Removed by Filter: 3624977
  ->  Hash  (cost=182623.98..182623.98 rows=941725 width=8) (actual time=4478.875..4478.875 rows=607176 loops=1)
        Buckets: 131072  Batches: 16  Memory Usage: 2503kB
        ->  Hash Join  (cost=98137.04..182623.98 rows=941725 width=8) (actual time=1803.478..4294.686 rows=607176 loops=1)
              Hash Cond: (mc.movie_id = t.id)
              ->  Seq Scan on movie_companies mc  (cost=0.00..51404.11 rows=1279517 width=4) (actual time=0.021..988.105 rows=1274246 loops=1)
                    Filter: (company_type_id = 1)
                    Rows Removed by Filter: 1334883
              ->  Hash  (cost=67604.59..67604.59 rows=1860996 width=4) (actual time=1802.237..1802.237 rows=1865487 loops=1)
                    Buckets: 131072  Batches: 32  Memory Usage: 3079kB
                    ->  Seq Scan on title t  (cost=0.00..67604.59 rows=1860996 width=4) (actual time=0.012..1226.136 rows=1865487 loops=1)
                          Filter: (kind_id > 1)
                          Rows Removed by Filter: 662825
Planning time: 1.172 ms
Execution time: 18955.055 ms
