Hash Join  (cost=83074.16..833884.82 rows=2148 width=0) (actual time=1318.029..17157.280 rows=3930 loops=1)
  Hash Cond: (ci.movie_id = t.id)
  ->  Seq Scan on cast_info ci  (cost=0.00..614943.12 rows=36225612 width=4) (actual time=0.013..9014.011 rows=36244344 loops=1)
  ->  Hash  (cost=83072.29..83072.29 rows=150 width=8) (actual time=1316.316..1316.316 rows=113 loops=1)
        Buckets: 1024  Batches: 1  Memory Usage: 13kB
        ->  Nested Loop  (cost=0.43..83072.29 rows=150 width=8) (actual time=1061.934..1316.222 rows=113 loops=1)
              ->  Seq Scan on movie_keyword mk  (cost=0.00..81003.12 rows=246 width=4) (actual time=2.550..1306.060 rows=243 loops=1)
                    Filter: (keyword_id = 9706)
                    Rows Removed by Filter: 4523687
              ->  Index Scan using title_pkey on title t  (cost=0.43..8.40 rows=1 width=4) (actual time=0.039..0.039 rows=0 loops=243)
                    Index Cond: (id = mk.movie_id)
                    Filter: (kind_id = 7)
                    Rows Removed by Filter: 1
Planning time: 0.762 ms
Execution time: 17159.373 ms
