Seq Scan on movie_companies mc  (cost=0.00..51404.11 rows=1180689 width=0) (actual time=0.011..896.614 rows=1176169 loops=1)
  Filter: (company_id < 10012)
  Rows Removed by Filter: 1432960
Planning time: 0.331 ms
Execution time: 1044.551 ms
