Hash Join  (cost=101929.50..192928.65 rows=24753 width=0) (actual time=1873.282..3834.976 rows=111051 loops=1)
  Hash Cond: (mk.movie_id = t.id)
  ->  Seq Scan on movie_keyword mk  (cost=0.00..81003.12 rows=2599600 width=4) (actual time=0.016..1506.890 rows=2588633 loops=1)
        Filter: (keyword_id < 6854)
        Rows Removed by Filter: 1935297
  ->  Hash  (cost=101628.55..101628.55 rows=24076 width=8) (actual time=1872.957..1872.957 rows=25245 loops=1)
        Buckets: 32768  Batches: 1  Memory Usage: 1243kB
        ->  Hash Join  (cost=74477.30..101628.55 rows=24076 width=8) (actual time=1229.719..1864.450 rows=25245 loops=1)
              Hash Cond: (mi_idx.movie_id = t.id)
              ->  Seq Scan on movie_info_idx mi_idx  (cost=0.00..21735.35 rows=1380035 width=4) (actual time=0.025..323.251 rows=1380035 loops=1)
              ->  Hash  (cost=73925.90..73925.90 rows=44112 width=4) (actual time=1229.340..1229.340 rows=23586 loops=1)
                    Buckets: 65536  Batches: 1  Memory Usage: 1342kB
                    ->  Seq Scan on title t  (cost=0.00..73925.90 rows=44112 width=4) (actual time=98.163..1212.701 rows=23586 loops=1)
                          Filter: ((production_year < 1999) AND (kind_id = 4))
                          Rows Removed by Filter: 2504726
Planning time: 0.976 ms
Execution time: 3849.807 ms
