Hash Join  (cost=230518.41..627845.81 rows=1181365 width=0) (actual time=8660.951..18538.126 rows=28368789 loops=1)
  Hash Cond: (mi.movie_id = t.id)
  ->  Seq Scan on movie_info mi  (cost=0.00..346232.03 rows=3068194 width=4) (actual time=1521.219..5206.097 rows=3036719 loops=1)
        Filter: (info_type_id = 16)
        Rows Removed by Filter: 11799001
  ->  Hash  (cost=214544.75..214544.75 rows=973573 width=8) (actual time=5893.300..5893.300 rows=2385844 loops=1)
        Buckets: 131072 (originally 131072)  Batches: 32 (originally 16)  Memory Usage: 3992kB
        ->  Hash Join  (cost=78556.72..214544.75 rows=973573 width=8) (actual time=1240.665..5228.521 rows=2385844 loops=1)
              Hash Cond: (mk.movie_id = t.id)
              ->  Seq Scan on movie_keyword mk  (cost=0.00..81003.12 rows=3687779 width=4) (actual time=0.031..1707.854 rows=3685986 loops=1)
                    Filter: (keyword_id > 797)
                    Rows Removed by Filter: 837944
              ->  Hash  (cost=67604.59..67604.59 rows=667531 width=4) (actual time=1239.595..1239.595 rows=662825 loops=1)
                    Buckets: 131072  Batches: 16  Memory Usage: 2486kB
                    ->  Seq Scan on title t  (cost=0.00..67604.59 rows=667531 width=4) (actual time=230.514..1034.857 rows=662825 loops=1)
                          Filter: (kind_id = 1)
                          Rows Removed by Filter: 1865487
Planning time: 3.599 ms
Execution time: 21510.542 ms
