Hash Join  (cost=98137.04..475004.16 rows=852420 width=0) (actual time=4786.417..8465.801 rows=270816 loops=1)
  Hash Cond: (mi.movie_id = t.id)
  ->  Seq Scan on movie_info mi  (cost=0.00..346232.03 rows=1158179 width=4) (actual time=2830.368..5697.507 rows=1204709 loops=1)
        Filter: (info_type_id > 18)
        Rows Removed by Filter: 13631011
  ->  Hash  (cost=67604.59..67604.59 rows=1860996 width=4) (actual time=1855.413..1855.413 rows=1865487 loops=1)
        Buckets: 131072  Batches: 32  Memory Usage: 3085kB
        ->  Seq Scan on title t  (cost=0.00..67604.59 rows=1860996 width=4) (actual time=0.039..1247.767 rows=1865487 loops=1)
              Filter: (kind_id > 1)
              Rows Removed by Filter: 662825
Planning time: 0.750 ms
Execution time: 8494.466 ms
