Hash Join  (cost=83073.44..833868.76 rows=618 width=0) (actual time=1356.028..16918.958 rows=1631 loops=1)
  Hash Cond: (ci.movie_id = t.id)
  ->  Seq Scan on cast_info ci  (cost=0.00..614943.12 rows=36225612 width=4) (actual time=0.010..8783.992 rows=36244344 loops=1)
  ->  Hash  (cost=83072.90..83072.90 rows=43 width=8) (actual time=1348.173..1348.173 rows=28 loops=1)
        Buckets: 1024  Batches: 1  Memory Usage: 10kB
        ->  Nested Loop  (cost=0.43..83072.90 rows=43 width=8) (actual time=107.162..1348.126 rows=28 loops=1)
              ->  Seq Scan on movie_keyword mk  (cost=0.00..81003.12 rows=246 width=4) (actual time=37.635..1342.632 rows=76 loops=1)
                    Filter: (keyword_id = 14766)
                    Rows Removed by Filter: 4523854
              ->  Index Scan using title_pkey on title t  (cost=0.43..8.40 rows=1 width=4) (actual time=0.068..0.068 rows=0 loops=76)
                    Index Cond: (id = mk.movie_id)
                    Filter: ((kind_id < 7) AND (production_year < 2002))
                    Rows Removed by Filter: 1
Planning time: 1.405 ms
Execution time: 16920.268 ms
