Hash Join  (cost=206322.62..252287.40 rows=482130 width=0) (actual time=3950.679..5284.093 rows=692181 loops=1)
  Hash Cond: (mi_idx.movie_id = t.id)
  ->  Seq Scan on movie_info_idx mi_idx  (cost=0.00..21735.35 rows=1380035 width=4) (actual time=0.020..457.926 rows=1380035 loops=1)
  ->  Hash  (cost=191829.52..191829.52 rows=883368 width=8) (actual time=3949.766..3949.766 rows=562900 loops=1)
        Buckets: 131072  Batches: 16  Memory Usage: 2389kB
        ->  Hash Join  (cost=102767.86..191829.52 rows=883368 width=8) (actual time=1902.552..3788.598 rows=562900 loops=1)
              Hash Cond: (mc.movie_id = t.id)
              ->  Seq Scan on movie_companies mc  (cost=0.00..57926.93 rows=883368 width=4) (actual time=0.023..1019.533 rows=562900 loops=1)
                    Filter: ((company_id < 22688) AND (company_type_id = 2))
                    Rows Removed by Filter: 2046229
              ->  Hash  (cost=61283.27..61283.27 rows=2528527 width=4) (actual time=1900.690..1900.690 rows=2528312 loops=1)
                    Buckets: 131072  Batches: 64  Memory Usage: 2415kB
                    ->  Seq Scan on title t  (cost=0.00..61283.27 rows=2528527 width=4) (actual time=0.018..1065.746 rows=2528312 loops=1)
Planning time: 1.277 ms
Execution time: 5365.989 ms
