Seq Scan on movie_companies mc  (cost=0.00..57926.93 rows=185658 width=0) (actual time=91.781..817.682 rows=82220 loops=1)
  Filter: ((company_id < 184) AND (company_type_id = 2))
  Rows Removed by Filter: 2526909
Planning time: 0.440 ms
Execution time: 828.712 ms
