Seq Scan on movie_keyword mk  (cost=0.00..81003.12 rows=246 width=0) (actual time=62.674..1187.363 rows=64 loops=1)
  Filter: (keyword_id = 21712)
  Rows Removed by Filter: 4523866
Planning time: 0.358 ms
Execution time: 1187.494 ms
