Hash Join  (cost=709678.15..1074363.23 rows=2915 width=0) (actual time=10598.701..17187.083 rows=1102 loops=1)
  Hash Cond: (mi.movie_id = t.id)
  ->  Seq Scan on movie_info mi  (cost=0.00..309384.22 rows=14739122 width=4) (actual time=0.013..4088.600 rows=14835720 loops=1)
  ->  Hash  (cost=709671.90..709671.90 rows=500 width=8) (actual time=10501.865..10501.865 rows=49 loops=1)
        Buckets: 1024  Batches: 1  Memory Usage: 10kB
        ->  Nested Loop  (cost=0.43..709671.90 rows=500 width=8) (actual time=3586.797..10501.810 rows=49 loops=1)
              ->  Seq Scan on cast_info ci  (cost=0.00..705507.15 rows=500 width=4) (actual time=3586.618..10500.909 rows=49 loops=1)
                    Filter: (person_id = 3865988)
                    Rows Removed by Filter: 36244295
              ->  Index Only Scan using title_pkey on title t  (cost=0.43..8.32 rows=1 width=4) (actual time=0.016..0.016 rows=1 loops=49)
                    Index Cond: (id = ci.movie_id)
                    Heap Fetches: 49
Planning time: 1.188 ms
Execution time: 17187.386 ms
