Nested Loop  (cost=0.43..83071.67 rows=246 width=0) (actual time=2.602..1313.862 rows=1503 loops=1)
  ->  Seq Scan on movie_keyword mk  (cost=0.00..81003.12 rows=246 width=4) (actual time=2.534..1256.463 rows=1503 loops=1)
        Filter: (keyword_id = 545)
        Rows Removed by Filter: 4522427
  ->  Index Only Scan using title_pkey on title t  (cost=0.43..8.40 rows=1 width=4) (actual time=0.037..0.037 rows=1 loops=1503)
        Index Cond: (id = mk.movie_id)
        Heap Fetches: 1503
Planning time: 0.729 ms
Execution time: 1314.535 ms
