Seq Scan on cast_info ci  (cost=0.00..796071.18 rows=176 width=0) (actual time=1424.431..11185.544 rows=600 loops=1)
  Filter: ((person_id = 577119) AND (role_id = 1))
  Rows Removed by Filter: 36243744
Planning time: 0.359 ms
Execution time: 11185.730 ms
