Seq Scan on movie_keyword mk  (cost=0.00..81003.12 rows=3989886 width=0) (actual time=0.016..1547.660 rows=3999504 loops=1)
  Filter: (keyword_id < 34625)
  Rows Removed by Filter: 524426
Planning time: 0.571 ms
Execution time: 2023.852 ms
