Seq Scan on movie_companies mc  (cost=0.00..57926.93 rows=740167 width=0) (actual time=97.621..977.768 rows=461814 loops=1)
  Filter: ((company_id < 12893) AND (company_type_id = 2))
  Rows Removed by Filter: 2147315
Planning time: 0.395 ms
Execution time: 1037.563 ms
