Seq Scan on movie_companies mc  (cost=0.00..57926.93 rows=51 width=0) (actual time=0.252..843.833 rows=2049 loops=1)
  Filter: ((company_id = 115) AND (company_type_id = 1))
  Rows Removed by Filter: 2607080
Planning time: 0.419 ms
Execution time: 844.264 ms
