Hash Join  (cost=359549.25..1121069.70 rows=20533721 width=0) (actual time=8559.541..66673.216 rows=210440516 loops=1)
  Hash Cond: (mi.movie_id = t.id)
  ->  Seq Scan on movie_info mi  (cost=0.00..346232.03 rows=12665229 width=4) (actual time=0.024..7104.440 rows=12744652 loops=1)
        Filter: (info_type_id > 2)
        Rows Removed by Filter: 2091068
  ->  Hash  (cost=292292.53..292292.53 rows=4099418 width=8) (actual time=8557.854..8557.854 rows=4087742 loops=1)
        Buckets: 131072  Batches: 64  Memory Usage: 3626kB
        ->  Hash Join  (cost=102767.86..292292.53 rows=4099418 width=8) (actual time=1841.850..7418.372 rows=4087742 loops=1)
              Hash Cond: (mk.movie_id = t.id)
              ->  Seq Scan on movie_keyword mk  (cost=0.00..81003.12 rows=4099418 width=4) (actual time=0.015..1731.116 rows=4087742 loops=1)
                    Filter: (keyword_id > 335)
                    Rows Removed by Filter: 436188
              ->  Hash  (cost=61283.27..61283.27 rows=2528527 width=4) (actual time=1839.649..1839.649 rows=2528312 loops=1)
                    Buckets: 131072  Batches: 64  Memory Usage: 2425kB
                    ->  Seq Scan on title t  (cost=0.00..61283.27 rows=2528527 width=4) (actual time=0.019..987.020 rows=2528312 loops=1)
Planning time: 1.173 ms
Execution time: 88085.764 ms
