Hash Join  (cost=86241.46..155957.38 rows=205640 width=0) (actual time=1530.984..2553.942 rows=75206 loops=1)
  Hash Cond: (mc.movie_id = t.id)
  ->  Seq Scan on movie_companies mc  (cost=0.00..57926.93 rows=457754 width=4) (actual time=12.630..763.308 rows=145576 loops=1)
        Filter: ((company_id > 18949) AND (company_type_id = 1))
        Rows Removed by Filter: 2463553
  ->  Hash  (cost=67604.59..67604.59 rows=1135910 width=4) (actual time=1517.243..1517.243 rows=1133355 loops=1)
        Buckets: 131072  Batches: 16  Memory Usage: 3516kB
        ->  Seq Scan on title t  (cost=0.00..67604.59 rows=1135910 width=4) (actual time=0.017..1162.296 rows=1133355 loops=1)
              Filter: (production_year < 2002)
              Rows Removed by Filter: 1394957
Planning time: 0.576 ms
Execution time: 2562.349 ms
