Seq Scan on movie_keyword mk  (cost=0.00..81003.12 rows=165545 width=0) (actual time=0.021..1206.515 rows=178682 loops=1)
  Filter: (keyword_id < 128)
  Rows Removed by Filter: 4345248
Planning time: 0.298 ms
Execution time: 1230.075 ms
