Hash Join  (cost=102767.86..214196.43 rows=2083967 width=0) (actual time=1808.025..5009.356 rows=2079844 loops=1)
  Hash Cond: (mc.movie_id = t.id)
  ->  Seq Scan on movie_companies mc  (cost=0.00..51404.11 rows=2083967 width=4) (actual time=0.030..1075.021 rows=2079844 loops=1)
        Filter: (company_id < 72780)
        Rows Removed by Filter: 529285
  ->  Hash  (cost=61283.27..61283.27 rows=2528527 width=4) (actual time=1806.585..1806.585 rows=2528312 loops=1)
        Buckets: 131072  Batches: 64  Memory Usage: 2415kB
        ->  Seq Scan on title t  (cost=0.00..61283.27 rows=2528527 width=4) (actual time=0.022..994.803 rows=2528312 loops=1)
Planning time: 0.692 ms
Execution time: 5260.058 ms
