Seq Scan on movie_keyword mk  (cost=0.00..81003.12 rows=2184645 width=0) (actual time=0.029..1378.008 rows=2183118 loops=1)
  Filter: (keyword_id > 5186)
  Rows Removed by Filter: 2340812
Planning time: 0.293 ms
Execution time: 1641.356 ms
