Hash Join  (cost=28267.70..410036.08 rows=20 width=0) (actual time=508.790..7188.255 rows=748 loops=1)
  Hash Cond: (mi.movie_id = t.id)
  ->  Seq Scan on movie_info mi  (cost=0.00..346232.03 rows=9476311 width=4) (actual time=0.013..5510.759 rows=9565151 loops=1)
        Filter: (info_type_id < 16)
        Rows Removed by Filter: 5270569
  ->  Hash  (cost=28267.64..28267.64 rows=5 width=8) (actual time=423.236..423.236 rows=3 loops=1)
        Buckets: 1024  Batches: 1  Memory Usage: 9kB
        ->  Nested Loop  (cost=0.43..28267.64 rows=5 width=8) (actual time=307.630..423.224 rows=3 loops=1)
              ->  Seq Scan on movie_info_idx mi_idx  (cost=0.00..25185.44 rows=368 width=4) (actual time=301.541..412.036 rows=260 loops=1)
                    Filter: (info_type_id > 101)
                    Rows Removed by Filter: 1379775
              ->  Index Scan using title_pkey on title t  (cost=0.43..8.37 rows=1 width=4) (actual time=0.043..0.043 rows=0 loops=260)
                    Index Cond: (id = mi_idx.movie_id)
                    Filter: ((kind_id < 7) AND (production_year = 2005))
                    Rows Removed by Filter: 1
Planning time: 1.196 ms
Execution time: 7188.500 ms
