Seq Scan on movie_keyword mk  (cost=0.00..81003.12 rows=602281 width=0) (actual time=0.021..1249.675 rows=605559 loops=1)
  Filter: (keyword_id < 455)
  Rows Removed by Filter: 3918371
Planning time: 0.309 ms
Execution time: 1327.709 ms
