Hash Join  (cost=440184.94..528180.80 rows=133782 width=0) (actual time=7721.354..8633.524 rows=12012 loops=1)
  Hash Cond: (mk.movie_id = t.id)
  ->  Seq Scan on movie_keyword mk  (cost=0.00..69693.30 rows=4523930 width=4) (actual time=0.023..886.490 rows=4523930 loops=1)
  ->  Hash  (cost=439250.27..439250.27 rows=74774 width=8) (actual time=6994.649..6994.649 rows=5552 loops=1)
        Buckets: 131072  Batches: 1  Memory Usage: 1241kB
        ->  Hash Join  (cost=76243.83..439250.27 rows=74774 width=8) (actual time=4868.036..6991.766 rows=5552 loops=1)
              Hash Cond: (mi.movie_id = t.id)
              ->  Seq Scan on movie_info mi  (cost=0.00..346232.03 rows=1338312 width=4) (actual time=3690.961..5313.795 rows=1401902 loops=1)
                    Filter: (info_type_id = 7)
                    Rows Removed by Filter: 13433818
              ->  Hash  (cost=73925.90..73925.90 rows=141274 width=4) (actual time=1175.489..1175.489 rows=150659 loops=1)
                    Buckets: 131072  Batches: 2  Memory Usage: 3679kB
                    ->  Seq Scan on title t  (cost=0.00..73925.90 rows=141274 width=4) (actual time=100.009..1117.994 rows=150659 loops=1)
                          Filter: ((production_year > 2011) AND (kind_id = 7))
                          Rows Removed by Filter: 2377653
Planning time: 1.236 ms
Execution time: 8634.938 ms
