Nested Loop  (cost=0.43..83071.67 rows=246 width=0) (actual time=0.375..1322.808 rows=2988 loops=1)
  ->  Seq Scan on movie_keyword mk  (cost=0.00..81003.12 rows=246 width=4) (actual time=0.327..1259.075 rows=2988 loops=1)
        Filter: (keyword_id = 20324)
        Rows Removed by Filter: 4520942
  ->  Index Only Scan using title_pkey on title t  (cost=0.43..8.40 rows=1 width=4) (actual time=0.020..0.020 rows=1 loops=2988)
        Index Cond: (id = mk.movie_id)
        Heap Fetches: 2988
Planning time: 3.709 ms
Execution time: 1323.706 ms
