Seq Scan on movie_keyword mk  (cost=0.00..81003.12 rows=246 width=0) (actual time=229.988..1302.045 rows=15 loops=1)
  Filter: (keyword_id = 72243)
  Rows Removed by Filter: 4523915
Planning time: 0.366 ms
Execution time: 1302.144 ms
