Hash Join  (cost=184777.28..1332892.58 rows=11127713 width=0) (actual time=4437.705..46397.206 rows=45436688 loops=1)
  Hash Cond: (ci.movie_id = t.id)
  ->  Seq Scan on cast_info ci  (cost=0.00..614943.12 rows=36225612 width=4) (actual time=0.018..13121.756 rows=36244344 loops=1)
  ->  Hash  (cost=172033.43..172033.43 rows=776708 width=8) (actual time=4436.644..4436.644 rows=1221495 loops=1)
        Buckets: 131072  Batches: 16  Memory Usage: 3987kB
        ->  Hash Join  (cost=86275.83..172033.43 rows=776708 width=8) (actual time=1421.189..4068.128 rows=1221495 loops=1)
              Hash Cond: (mc.movie_id = t.id)
              ->  Seq Scan on movie_companies mc  (cost=0.00..44881.29 rows=2609129 width=4) (actual time=0.013..855.476 rows=2609129 loops=1)
              ->  Hash  (cost=73925.90..73925.90 rows=752714 width=4) (actual time=1420.138..1420.138 rows=657199 loops=1)
                    Buckets: 131072  Batches: 16  Memory Usage: 2469kB
                    ->  Seq Scan on title t  (cost=0.00..73925.90 rows=752714 width=4) (actual time=0.019..1110.443 rows=657199 loops=1)
                          Filter: ((kind_id < 7) AND (production_year > 1981))
                          Rows Removed by Filter: 1871113
Planning time: 1.102 ms
Execution time: 50938.695 ms
