Hash Join  (cost=190230.21..314861.03 rows=1226063 width=0) (actual time=4062.139..8139.142 rows=5126357 loops=1)
  Hash Cond: (mk.movie_id = t.id)
  ->  Seq Scan on movie_keyword mk  (cost=0.00..81003.12 rows=2246416 width=4) (actual time=0.013..1627.032 rows=2248999 loops=1)
        Filter: (keyword_id < 4630)
        Rows Removed by Filter: 2274931
  ->  Hash  (cost=167588.78..167588.78 rows=1380035 width=8) (actual time=4061.071..4061.071 rows=1380035 loops=1)
        Buckets: 131072  Batches: 32  Memory Usage: 2726kB
        ->  Hash Join  (cost=102767.86..167588.78 rows=1380035 width=8) (actual time=1758.790..3662.265 rows=1380035 loops=1)
              Hash Cond: (mi_idx.movie_id = t.id)
              ->  Seq Scan on movie_info_idx mi_idx  (cost=0.00..21735.35 rows=1380035 width=4) (actual time=0.020..466.212 rows=1380035 loops=1)
              ->  Hash  (cost=61283.27..61283.27 rows=2528527 width=4) (actual time=1757.213..1757.213 rows=2528312 loops=1)
                    Buckets: 131072  Batches: 64  Memory Usage: 2415kB
                    ->  Seq Scan on title t  (cost=0.00..61283.27 rows=2528527 width=4) (actual time=0.004..935.719 rows=2528312 loops=1)
Planning time: 1.858 ms
Execution time: 8747.377 ms
