Hash Join  (cost=189946.65..1210850.60 rows=1832857 width=0) (actual time=3774.630..30389.796 rows=556613 loops=1)
  Hash Cond: (ci.movie_id = t.id)
  ->  Seq Scan on cast_info ci  (cost=0.00..796071.18 rows=17771526 width=4) (actual time=0.019..18160.236 rows=22184707 loops=1)
        Filter: ((person_id < 2762882) AND (role_id < 4))
        Rows Removed by Filter: 14059637
  ->  Hash  (cost=185667.92..185667.92 rows=260778 width=8) (actual time=3773.721..3773.721 rows=43843 loops=1)
        Buckets: 131072  Batches: 4  Memory Usage: 1454kB
        ->  Hash Join  (cost=79993.30..185667.92 rows=260778 width=8) (actual time=1255.353..3760.705 rows=43843 loops=1)
              Hash Cond: (mk.movie_id = t.id)
              ->  Seq Scan on movie_keyword mk  (cost=0.00..81003.12 rows=1783124 width=4) (actual time=0.013..1472.804 rows=1792468 loops=1)
                    Filter: (keyword_id < 2895)
                    Rows Removed by Filter: 2731462
              ->  Hash  (cost=73925.90..73925.90 rows=369792 width=4) (actual time=1254.388..1254.388 rows=253766 loops=1)
                    Buckets: 131072  Batches: 8  Memory Usage: 2133kB
                    ->  Seq Scan on title t  (cost=0.00..73925.90 rows=369792 width=4) (actual time=0.014..1167.812 rows=253766 loops=1)
                          Filter: ((production_year < 1986) AND (kind_id = 7))
                          Rows Removed by Filter: 2274546
Planning time: 1.222 ms
Execution time: 30453.720 ms
