Hash Join  (cost=100948.70..465748.84 rows=14419 width=0) (actual time=2378.115..9207.870 rows=52461 loops=1)
  Hash Cond: (mi.movie_id = t.id)
  ->  Seq Scan on movie_info mi  (cost=0.00..309384.22 rows=14739122 width=4) (actual time=0.024..4511.474 rows=14835720 loops=1)
  ->  Hash  (cost=100917.78..100917.78 rows=2474 width=8) (actual time=1835.431..1835.431 rows=4188 loops=1)
        Buckets: 8192 (originally 4096)  Batches: 1 (originally 1)  Memory Usage: 228kB
        ->  Hash Join  (cost=73982.55..100917.78 rows=2474 width=8) (actual time=1239.891..1833.676 rows=4188 loops=1)
              Hash Cond: (mi_idx.movie_id = t.id)
              ->  Seq Scan on movie_info_idx mi_idx  (cost=0.00..21735.35 rows=1380035 width=4) (actual time=0.020..312.749 rows=1380035 loops=1)
              ->  Hash  (cost=73925.90..73925.90 rows=4532 width=4) (actual time=1239.326..1239.326 rows=8420 loops=1)
                    Buckets: 16384 (originally 8192)  Batches: 1 (originally 1)  Memory Usage: 425kB
                    ->  Seq Scan on title t  (cost=0.00..73925.90 rows=4532 width=4) (actual time=0.275..1235.263 rows=8420 loops=1)
                          Filter: ((kind_id = 7) AND (production_year = 1966))
                          Rows Removed by Filter: 2519892
Planning time: 1.077 ms
Execution time: 9215.102 ms
