Seq Scan on movie_companies mc  (cost=0.00..57926.93 rows=430519 width=0) (actual time=362.911..915.442 rows=111777 loops=1)
  Filter: ((company_id > 22519) AND (company_type_id < 2))
  Rows Removed by Filter: 2497352
Planning time: 4.393 ms
Execution time: 929.609 ms
