Seq Scan on cast_info ci  (cost=0.00..796071.18 rows=22127189 width=0) (actual time=0.013..17696.149 rows=21415861 loops=1)
  Filter: ((person_id < 3640877) AND (role_id > 1))
  Rows Removed by Filter: 14828483
Planning time: 0.254 ms
Execution time: 20287.249 ms
