Hash Join  (cost=191364.90..691298.09 rows=1886225 width=0) (actual time=3958.514..30637.461 rows=61153870 loops=1)
  Hash Cond: (mi.movie_id = t.id)
  ->  Seq Scan on movie_info mi  (cost=0.00..309384.22 rows=14739122 width=4) (actual time=0.024..5937.710 rows=14835720 loops=1)
  ->  Hash  (cost=186055.08..186055.08 rows=323586 width=8) (actual time=3816.050..3816.050 rows=738196 loops=1)
        Buckets: 131072 (originally 131072)  Batches: 16 (originally 8)  Memory Usage: 3073kB
        ->  Hash Join  (cost=83970.04..186055.08 rows=323586 width=8) (actual time=1467.092..3582.117 rows=738196 loops=1)
              Hash Cond: (mk.movie_id = t.id)
              ->  Seq Scan on movie_keyword mk  (cost=0.00..81003.12 rows=1336547 width=4) (actual time=0.021..1385.594 rows=1348531 loops=1)
                    Filter: (keyword_id > 12582)
                    Rows Removed by Filter: 3175399
              ->  Hash  (cost=73925.90..73925.90 rows=612171 width=4) (actual time=1315.729..1315.729 rows=513329 loops=1)
                    Buckets: 131072  Batches: 8  Memory Usage: 3305kB
                    ->  Seq Scan on title t  (cost=0.00..73925.90 rows=612171 width=4) (actual time=202.361..1150.317 rows=513329 loops=1)
                          Filter: ((kind_id < 2) AND (production_year > 1940))
                          Rows Removed by Filter: 2014983
Planning time: 1.156 ms
Execution time: 37727.516 ms
