Hash Join  (cost=176314.80..1230197.55 rows=1954660 width=0) (actual time=3316.161..36591.021 rows=14075554 loops=1)
  Hash Cond: (ci.movie_id = t.id)
  ->  Seq Scan on cast_info ci  (cost=0.00..614943.12 rows=36225612 width=4) (actual time=0.013..13334.765 rows=36244344 loops=1)
  ->  Hash  (cost=174076.38..174076.38 rows=136434 width=8) (actual time=3315.317..3315.317 rows=311513 loops=1)
        Buckets: 131072 (originally 131072)  Batches: 4 (originally 2)  Memory Usage: 4075kB
        ->  Hash Join  (cost=83810.17..174076.38 rows=136434 width=8) (actual time=1481.537..3212.699 rows=311513 loops=1)
              Hash Cond: (mk.movie_id = t.id)
              ->  Seq Scan on movie_keyword mk  (cost=0.00..81003.12 rows=349264 width=4) (actual time=0.022..1272.454 rows=363692 loops=1)
                    Filter: (keyword_id < 335)
                    Rows Removed by Filter: 4160238
              ->  Hash  (cost=67604.59..67604.59 rows=987727 width=4) (actual time=1480.392..1480.392 rows=985048 loops=1)
                    Buckets: 131072  Batches: 16  Memory Usage: 3197kB
                    ->  Seq Scan on title t  (cost=0.00..67604.59 rows=987727 width=4) (actual time=0.023..1157.133 rows=985048 loops=1)
                          Filter: (kind_id < 7)
                          Rows Removed by Filter: 1543264
Planning time: 1.115 ms
Execution time: 38218.289 ms
