Hash Join  (cost=149549.23..652067.01 rows=2128484 width=0) (actual time=3472.901..18080.900 rows=5433416 loops=1)
  Hash Cond: (mi.movie_id = t.id)
  ->  Seq Scan on movie_info mi  (cost=0.00..309384.22 rows=14739122 width=4) (actual time=0.023..6110.195 rows=14835720 loops=1)
  ->  Hash  (cost=143557.90..143557.90 rows=365146 width=8) (actual time=3471.915..3471.915 rows=374737 loops=1)
        Buckets: 131072  Batches: 8  Memory Usage: 2867kB
        ->  Hash Join  (cost=100960.39..143557.90 rows=365146 width=8) (actual time=2093.500..3349.265 rows=374737 loops=1)
              Hash Cond: (mi_idx.movie_id = t.id)
              ->  Seq Scan on movie_info_idx mi_idx  (cost=0.00..25185.44 rows=454124 width=4) (actual time=0.033..528.557 rows=459925 loops=1)
                    Filter: (info_type_id = 100)
                    Rows Removed by Filter: 920110
              ->  Hash  (cost=67604.59..67604.59 rows=2033104 width=4) (actual time=2092.518..2092.518 rows=2032439 loops=1)
                    Buckets: 131072  Batches: 32  Memory Usage: 3261kB
                    ->  Seq Scan on title t  (cost=0.00..67604.59 rows=2033104 width=4) (actual time=0.012..1425.411 rows=2032439 loops=1)
                          Filter: (production_year > 1973)
                          Rows Removed by Filter: 495873
Planning time: 6.296 ms
Execution time: 18748.385 ms
