Hash Join  (cost=139416.25..493935.13 rows=5704 width=0) (actual time=2640.156..7924.333 rows=71276 loops=1)
  Hash Cond: (mi.movie_id = t.id)
  ->  Seq Scan on movie_info mi  (cost=0.00..346232.03 rows=2194617 width=4) (actual time=226.322..5338.992 rows=2233850 loops=1)
        Filter: (info_type_id > 16)
        Rows Removed by Filter: 12601870
  ->  Hash  (cost=139334.10..139334.10 rows=6572 width=8) (actual time=2116.411..2116.411 rows=15540 loops=1)
        Buckets: 16384 (originally 8192)  Batches: 1 (originally 1)  Memory Usage: 736kB
        ->  Hash Join  (cost=83810.17..139334.10 rows=6572 width=8) (actual time=1629.811..2110.831 rows=15540 loops=1)
              Hash Cond: (mc.movie_id = t.id)
              ->  Seq Scan on movie_companies mc  (cost=0.00..51404.11 rows=16825 width=4) (actual time=307.369..609.795 rows=15540 loops=1)
                    Filter: (company_id > 220338)
                    Rows Removed by Filter: 2593589
              ->  Hash  (cost=67604.59..67604.59 rows=987727 width=4) (actual time=1321.579..1321.579 rows=985048 loops=1)
                    Buckets: 131072  Batches: 16  Memory Usage: 3188kB
                    ->  Seq Scan on title t  (cost=0.00..67604.59 rows=987727 width=4) (actual time=0.039..1025.061 rows=985048 loops=1)
                          Filter: (kind_id < 7)
                          Rows Removed by Filter: 1543264
Planning time: 1.264 ms
Execution time: 7934.187 ms
