Hash Join  (cost=90260.67..569626.98 rows=4097883 width=0) (actual time=1803.401..14977.293 rows=3960427 loops=1)
  Hash Cond: (mi.movie_id = t.id)
  ->  Seq Scan on movie_info mi  (cost=0.00..346232.03 rows=7503588 width=4) (actual time=0.013..6611.561 rows=7548855 loops=1)
        Filter: (info_type_id > 7)
        Rows Removed by Filter: 7286865
  ->  Hash  (cost=67604.59..67604.59 rows=1380887 width=4) (actual time=1801.950..1801.950 rows=1381453 loops=1)
        Buckets: 131072  Batches: 32  Memory Usage: 2550kB
        ->  Seq Scan on title t  (cost=0.00..67604.59 rows=1380887 width=4) (actual time=0.016..1319.879 rows=1381453 loops=1)
              Filter: (production_year > 2000)
              Rows Removed by Filter: 1146859
Planning time: 0.784 ms
Execution time: 15442.272 ms
