Hash Join  (cost=83810.17..820036.89 rows=678301 width=0) (actual time=3885.351..14230.587 rows=906270 loops=1)
  Hash Cond: (ci.movie_id = t.id)
  ->  Seq Scan on cast_info ci  (cost=0.00..705507.15 rows=1736414 width=4) (actual time=2361.423..11230.598 rows=1703543 loops=1)
        Filter: (role_id = 8)
        Rows Removed by Filter: 34540801
  ->  Hash  (cost=67604.59..67604.59 rows=987727 width=4) (actual time=1523.015..1523.015 rows=985048 loops=1)
        Buckets: 131072  Batches: 16  Memory Usage: 3188kB
        ->  Seq Scan on title t  (cost=0.00..67604.59 rows=987727 width=4) (actual time=0.023..1206.201 rows=985048 loops=1)
              Filter: (kind_id < 7)
              Rows Removed by Filter: 1543264
Planning time: 0.750 ms
Execution time: 14341.942 ms
