Seq Scan on movie_companies mc  (cost=0.00..51404.11 rows=104 width=0) (actual time=48.253..794.978 rows=8 loops=1)
  Filter: (company_id = 85940)
  Rows Removed by Filter: 2609121
Planning time: 0.360 ms
Execution time: 795.047 ms
