Seq Scan on movie_companies mc  (cost=0.00..57926.93 rows=53 width=0) (actual time=7.627..830.835 rows=406 loops=1)
  Filter: ((company_id = 71607) AND (company_type_id = 2))
  Rows Removed by Filter: 2608723
Planning time: 0.426 ms
Execution time: 830.989 ms
