Hash Join  (cost=67697.55..154578.73 rows=4574 width=0) (actual time=1212.002..2307.419 rows=18148 loops=1)
  Hash Cond: (mk.movie_id = t.id)
  ->  Seq Scan on movie_keyword mk  (cost=0.00..81003.12 rows=1555284 width=4) (actual time=0.010..889.753 rows=1572440 loops=1)
        Filter: (keyword_id > 9976)
        Rows Removed by Filter: 2951490
  ->  Hash  (cost=67604.59..67604.59 rows=7437 width=4) (actual time=1211.503..1211.503 rows=21312 loops=1)
        Buckets: 32768 (originally 8192)  Batches: 1 (originally 1)  Memory Usage: 1006kB
        ->  Seq Scan on title t  (cost=0.00..67604.59 rows=7437 width=4) (actual time=0.013..1201.923 rows=21312 loops=1)
              Filter: (production_year = 1989)
              Rows Removed by Filter: 2507000
Planning time: 0.765 ms
Execution time: 2309.650 ms
