Hash Join  (cost=102767.86..186339.26 rows=655167 width=0) (actual time=2254.166..3953.254 rows=416888 loops=1)
  Hash Cond: (mc.movie_id = t.id)
  ->  Seq Scan on movie_companies mc  (cost=0.00..57926.93 rows=655167 width=4) (actual time=0.025..1023.301 rows=416888 loops=1)
        Filter: ((company_id < 11207) AND (company_type_id > 1))
        Rows Removed by Filter: 2192241
  ->  Hash  (cost=61283.27..61283.27 rows=2528527 width=4) (actual time=2252.873..2252.873 rows=2528312 loops=1)
        Buckets: 131072  Batches: 64  Memory Usage: 2415kB
        ->  Seq Scan on title t  (cost=0.00..61283.27 rows=2528527 width=4) (actual time=0.015..1218.001 rows=2528312 loops=1)
Planning time: 0.525 ms
Execution time: 3998.792 ms
