Hash Join  (cost=210464.52..353953.18 rows=1763562 width=0) (actual time=4839.372..14312.148 rows=26399937 loops=1)
  Hash Cond: (mk.movie_id = t.id)
  ->  Seq Scan on movie_keyword mk  (cost=0.00..69693.30 rows=4523930 width=4) (actual time=0.012..1494.270 rows=4523930 loops=1)
  ->  Hash  (cost=194292.34..194292.34 rows=985695 width=8) (actual time=4838.674..4838.674 rows=1269201 loops=1)
        Buckets: 131072 (originally 131072)  Batches: 32 (originally 16)  Memory Usage: 3073kB
        ->  Hash Join  (cost=102767.86..194292.34 rows=985695 width=8) (actual time=1871.482..4461.274 rows=1269201 loops=1)
              Hash Cond: (mc.movie_id = t.id)
              ->  Seq Scan on movie_companies mc  (cost=0.00..57926.93 rows=985695 width=4) (actual time=0.015..1166.608 rows=1269201 loops=1)
                    Filter: ((company_id < 66301) AND (company_type_id = 1))
                    Rows Removed by Filter: 1339928
              ->  Hash  (cost=61283.27..61283.27 rows=2528527 width=4) (actual time=1870.221..1870.221 rows=2528312 loops=1)
                    Buckets: 131072  Batches: 64  Memory Usage: 2415kB
                    ->  Seq Scan on title t  (cost=0.00..61283.27 rows=2528527 width=4) (actual time=0.022..1061.625 rows=2528312 loops=1)
Planning time: 1.134 ms
Execution time: 17261.464 ms
