Hash Join  (cost=73929.67..100841.79 rows=164 width=0) (actual time=985.541..1549.593 rows=870 loops=1)
  Hash Cond: (mi_idx.movie_id = t.id)
  ->  Seq Scan on movie_info_idx mi_idx  (cost=0.00..21735.35 rows=1380035 width=4) (actual time=0.021..364.958 rows=1380035 loops=1)
  ->  Hash  (cost=73925.90..73925.90 rows=301 width=4) (actual time=932.012..932.012 rows=1171 loops=1)
        Buckets: 2048 (originally 1024)  Batches: 1 (originally 1)  Memory Usage: 58kB
        ->  Seq Scan on title t  (cost=0.00..73925.90 rows=301 width=4) (actual time=36.865..931.337 rows=1171 loops=1)
              Filter: ((kind_id = 3) AND (production_year = 1967))
              Rows Removed by Filter: 2527141
Planning time: 0.746 ms
Execution time: 1549.895 ms
