Nested Loop  (cost=0.43..52283.69 rows=104 width=0) (actual time=20.026..880.273 rows=78 loops=1)
  ->  Seq Scan on movie_companies mc  (cost=0.00..51404.11 rows=104 width=4) (actual time=19.938..868.193 rows=78 loops=1)
        Filter: (company_id = 14752)
        Rows Removed by Filter: 2609051
  ->  Index Only Scan using title_pkey on title t  (cost=0.43..8.45 rows=1 width=4) (actual time=0.151..0.152 rows=1 loops=78)
        Index Cond: (id = mc.movie_id)
        Heap Fetches: 78
Planning time: 0.636 ms
Execution time: 880.365 ms
