Hash Join  (cost=136044.76..222766.20 rows=474175 width=0) (actual time=2938.555..5842.003 rows=1711500 loops=1)
  Hash Cond: (mc.movie_id = t.id)
  ->  Seq Scan on movie_companies mc  (cost=0.00..51404.11 rows=2480953 width=4) (actual time=0.024..1139.007 rows=2477806 loops=1)
        Filter: (company_id > 19)
        Rows Removed by Filter: 131323
  ->  Hash  (cost=128115.91..128115.91 rows=483268 width=8) (actual time=2937.625..2937.625 rows=594087 loops=1)
        Buckets: 131072  Batches: 8  Memory Usage: 3938kB
        ->  Hash Join  (cost=82131.75..128115.91 rows=483268 width=8) (actual time=1402.995..2770.368 rows=594087 loops=1)
              Hash Cond: (mi_idx.movie_id = t.id)
              ->  Seq Scan on movie_info_idx mi_idx  (cost=0.00..21735.35 rows=1380035 width=4) (actual time=0.026..428.170 rows=1380035 loops=1)
              ->  Hash  (cost=67604.59..67604.59 rows=885453 width=4) (actual time=1401.913..1401.913 rows=885650 loops=1)
                    Buckets: 131072  Batches: 16  Memory Usage: 2972kB
                    ->  Seq Scan on title t  (cost=0.00..67604.59 rows=885453 width=4) (actual time=0.019..1122.953 rows=885650 loops=1)
                          Filter: (production_year < 1997)
                          Rows Removed by Filter: 1642662
Planning time: 1.071 ms
Execution time: 6006.300 ms
