Seq Scan on movie_keyword mk  (cost=0.00..81003.12 rows=246 width=0) (actual time=1.663..1061.194 rows=157 loops=1)
  Filter: (keyword_id = 22945)
  Rows Removed by Filter: 4523773
Planning time: 1.008 ms
Execution time: 1061.376 ms
