Hash Join  (cost=130062.66..479467.43 rows=13612 width=0) (actual time=3226.839..8760.746 rows=5732 loops=1)
  Hash Cond: (mi.movie_id = t.id)
  ->  Seq Scan on movie_info mi  (cost=0.00..346232.03 rows=809768 width=4) (actual time=427.806..5796.485 rows=802140 loops=1)
        Filter: (info_type_id < 2)
        Rows Removed by Filter: 14033580
  ->  Hash  (cost=129531.36..129531.36 rows=42504 width=8) (actual time=2798.518..2798.518 rows=14427 loops=1)
        Buckets: 65536  Batches: 1  Memory Usage: 1076kB
        ->  Hash Join  (cost=74440.79..129531.36 rows=42504 width=8) (actual time=1344.223..2793.186 rows=14427 loops=1)
              Hash Cond: (mc.movie_id = t.id)
              ->  Seq Scan on movie_companies mc  (cost=0.00..44881.29 rows=2609129 width=4) (actual time=0.018..752.707 rows=2609129 loops=1)
              ->  Hash  (cost=73925.90..73925.90 rows=41191 width=4) (actual time=1343.268..1343.268 rows=43851 loops=1)
                    Buckets: 65536  Batches: 1  Memory Usage: 2054kB
                    ->  Seq Scan on title t  (cost=0.00..73925.90 rows=41191 width=4) (actual time=355.679..1324.487 rows=43851 loops=1)
                          Filter: ((kind_id = 7) AND (production_year = 2003))
                          Rows Removed by Filter: 2484461
Planning time: 0.737 ms
Execution time: 8761.826 ms
