Hash Join  (cost=225884.85..674603.11 rows=1954970 width=0) (actual time=5200.209..35339.545 rows=100560238 loops=1)
  Hash Cond: (mi.movie_id = t.id)
  ->  Seq Scan on movie_info mi  (cost=0.00..346232.03 rows=6231111 width=4) (actual time=0.005..6443.851 rows=6223494 loops=1)
        Filter: (info_type_id > 8)
        Rows Removed by Filter: 8612226
  ->  Hash  (cost=212869.50..212869.50 rows=793308 width=8) (actual time=5115.733..5115.733 rows=1376279 loops=1)
        Buckets: 131072 (originally 131072)  Batches: 32 (originally 16)  Memory Usage: 3073kB
        ->  Hash Join  (cost=81201.38..212869.50 rows=793308 width=8) (actual time=1348.123..4780.318 rows=1376279 loops=1)
              Hash Cond: (mk.movie_id = t.id)
              ->  Seq Scan on movie_keyword mk  (cost=0.00..69693.30 rows=4523930 width=4) (actual time=0.013..1407.140 rows=4523930 loops=1)
              ->  Hash  (cost=73925.90..73925.90 rows=443398 width=4) (actual time=1347.144..1347.144 rows=320021 loops=1)
                    Buckets: 131072  Batches: 8  Memory Usage: 2442kB
                    ->  Seq Scan on title t  (cost=0.00..73925.90 rows=443398 width=4) (actual time=0.018..1237.300 rows=320021 loops=1)
                          Filter: ((production_year > 1993) AND (kind_id = 1))
                          Rows Removed by Filter: 2208291
Planning time: 1.248 ms
Execution time: 45815.358 ms
