Hash Join  (cost=443061.85..1505984.58 rows=2506499 width=0) (actual time=8486.800..40788.557 rows=4765149 loops=1)
  Hash Cond: (ci.movie_id = t.id)
  ->  Seq Scan on cast_info ci  (cost=0.00..705507.15 rows=28668949 width=4) (actual time=517.768..17063.483 rows=28808107 loops=1)
        Filter: (role_id < 8)
        Rows Removed by Filter: 7436237
  ->  Hash  (cost=439434.51..439434.51 rows=221067 width=8) (actual time=7968.215..7968.215 rows=279021 loops=1)
        Buckets: 131072  Batches: 4  Memory Usage: 3750kB
        ->  Hash Join  (cost=78930.19..439434.51 rows=221067 width=8) (actual time=4293.748..7880.254 rows=279021 loops=1)
              Hash Cond: (mi.movie_id = t.id)
              ->  Seq Scan on movie_info mi  (cost=0.00..346232.03 rows=809768 width=4) (actual time=2774.422..5749.126 rows=802140 loops=1)
                    Filter: (info_type_id < 2)
                    Rows Removed by Filter: 14033580
              ->  Hash  (cost=67604.59..67604.59 rows=690288 width=4) (actual time=1518.316..1518.316 rows=684146 loops=1)
                    Buckets: 131072  Batches: 16  Memory Usage: 2532kB
                    ->  Seq Scan on title t  (cost=0.00..67604.59 rows=690288 width=4) (actual time=0.027..1288.737 rows=684146 loops=1)
                          Filter: (production_year < 1990)
                          Rows Removed by Filter: 1844166
Planning time: 1.263 ms
Execution time: 41301.858 ms
