Hash Join  (cost=209065.22..1189297.39 rows=1298965 width=0) (actual time=4280.323..24954.949 rows=2155515 loops=1)
  Hash Cond: (ci.movie_id = t.id)
  ->  Seq Scan on cast_info ci  (cost=0.00..796071.18 rows=13284269 width=4) (actual time=0.017..15310.947 rows=11328556 loops=1)
        Filter: ((person_id > 1935222) AND (role_id < 8))
        Rows Removed by Filter: 24915788
  ->  Hash  (cost=205008.65..205008.65 rows=247245 width=8) (actual time=4277.944..4277.944 rows=172620 loops=1)
        Buckets: 131072  Batches: 4  Memory Usage: 2658kB
        ->  Hash Join  (cost=69928.56..205008.65 rows=247245 width=8) (actual time=1137.724..4227.418 rows=172620 loops=1)
              Hash Cond: (mk.movie_id = t.id)
              ->  Seq Scan on movie_keyword mk  (cost=0.00..81003.12 rows=4415071 width=4) (actual time=0.021..1772.931 rows=4402019 loops=1)
                    Filter: (keyword_id > 115)
                    Rows Removed by Filter: 121911
              ->  Hash  (cost=67604.59..67604.59 rows=141598 width=4) (actual time=1137.020..1137.020 rows=141703 loops=1)
                    Buckets: 131072  Batches: 2  Memory Usage: 3517kB
                    ->  Seq Scan on title t  (cost=0.00..67604.59 rows=141598 width=4) (actual time=0.011..1083.752 rows=141703 loops=1)
                          Filter: (production_year = 2010)
                          Rows Removed by Filter: 2386609
Planning time: 0.759 ms
Execution time: 25213.177 ms
