Hash Join  (cost=135553.16..523518.10 rows=473118 width=0) (actual time=3070.311..10565.853 rows=942854 loops=1)
  Hash Cond: (mi.movie_id = t.id)
  ->  Seq Scan on movie_info mi  (cost=0.00..346232.03 rows=3068194 width=4) (actual time=0.016..5829.881 rows=3036719 loops=1)
        Filter: (info_type_id = 16)
        Rows Removed by Filter: 11799001
  ->  Hash  (cost=129155.40..129155.40 rows=389901 width=8) (actual time=3069.008..3069.008 rows=477102 loops=1)
        Buckets: 131072  Batches: 8  Memory Usage: 3379kB
        ->  Hash Join  (cost=85280.32..129155.40 rows=389901 width=8) (actual time=1586.808..2922.190 rows=477102 loops=1)
              Hash Cond: (mi_idx.movie_id = t.id)
              ->  Seq Scan on movie_info_idx mi_idx  (cost=0.00..25185.44 rows=915101 width=4) (actual time=0.020..518.655 rows=919850 loops=1)
                    Filter: (info_type_id < 101)
                    Rows Removed by Filter: 460185
              ->  Hash  (cost=67604.59..67604.59 rows=1077339 width=4) (actual time=1585.602..1585.602 rows=1074765 loops=1)
                    Buckets: 131072  Batches: 16  Memory Usage: 3388kB
                    ->  Seq Scan on title t  (cost=0.00..67604.59 rows=1077339 width=4) (actual time=0.017..1246.565 rows=1074765 loops=1)
                          Filter: (production_year < 2001)
                          Rows Removed by Filter: 1453547
Planning time: 1.153 ms
Execution time: 10683.513 ms
