Hash Join  (cost=83074.29..432342.93 rows=36 width=0) (actual time=4147.395..6553.835 rows=3 loops=1)
  Hash Cond: (mi.movie_id = t.id)
  ->  Seq Scan on movie_info mi  (cost=0.00..346232.03 rows=809669 width=4) (actual time=2947.686..5257.938 rows=802140 loops=1)
        Filter: (info_type_id = 1)
        Rows Removed by Filter: 14033580
  ->  Hash  (cost=83072.90..83072.90 rows=111 width=8) (actual time=1189.325..1189.325 rows=3 loops=1)
        Buckets: 1024  Batches: 1  Memory Usage: 9kB
        ->  Nested Loop  (cost=0.43..83072.90 rows=111 width=8) (actual time=779.524..1189.306 rows=3 loops=1)
              ->  Seq Scan on movie_keyword mk  (cost=0.00..81003.12 rows=246 width=4) (actual time=241.371..1188.578 rows=13 loops=1)
                    Filter: (keyword_id = 15676)
                    Rows Removed by Filter: 4523917
              ->  Index Scan using title_pkey on title t  (cost=0.43..8.40 rows=1 width=4) (actual time=0.047..0.047 rows=0 loops=13)
                    Index Cond: (id = mk.movie_id)
                    Filter: ((kind_id > 1) AND (production_year < 2007))
                    Rows Removed by Filter: 1
Planning time: 1.073 ms
Execution time: 6553.955 ms
