Seq Scan on movie_keyword mk  (cost=0.00..81003.12 rows=3823183 width=0) (actual time=0.017..1502.114 rows=3818290 loops=1)
  Filter: (keyword_id < 26737)
  Rows Removed by Filter: 705640
Planning time: 0.293 ms
Execution time: 1992.153 ms
