Seq Scan on movie_companies mc  (cost=0.00..57926.93 rows=53 width=0) (actual time=466.024..944.638 rows=1 loops=1)
  Filter: ((company_type_id > 1) AND (company_id = 138580))
  Rows Removed by Filter: 2609128
Planning time: 0.394 ms
Execution time: 944.740 ms
