Hash Join  (cost=153839.13..594980.40 rows=720079 width=0) (actual time=4263.303..15496.641 rows=3942200 loops=1)
  Hash Cond: (mi.movie_id = t.id)
  ->  Seq Scan on movie_info mi  (cost=0.00..346232.03 rows=7503588 width=4) (actual time=0.020..6233.920 rows=7548855 loops=1)
        Filter: (info_type_id > 7)
        Rows Removed by Filter: 7286865
  ->  Hash  (cost=149858.01..149858.01 rows=242649 width=8) (actual time=4262.331..4262.331 rows=459562 loops=1)
        Buckets: 131072 (originally 131072)  Batches: 8 (originally 4)  Memory Usage: 3271kB
        ->  Hash Join  (cost=71463.00..149858.01 rows=242649 width=8) (actual time=1227.037..4126.129 rows=459562 loops=1)
              Hash Cond: (mc.movie_id = t.id)
              ->  Seq Scan on movie_companies mc  (cost=0.00..44881.29 rows=2609129 width=4) (actual time=0.023..948.698 rows=2609129 loops=1)
              ->  Hash  (cost=67604.59..67604.59 rows=235153 width=4) (actual time=1225.756..1225.756 rows=230883 loops=1)
                    Buckets: 131072  Batches: 4  Memory Usage: 3052kB
                    ->  Seq Scan on title t  (cost=0.00..67604.59 rows=235153 width=4) (actual time=0.015..1147.748 rows=230883 loops=1)
                          Filter: (production_year < 1959)
                          Rows Removed by Filter: 2297429
Planning time: 1.164 ms
Execution time: 15971.499 ms
