Hash Join  (cost=102767.86..301520.40 rows=4482918 width=0) (actual time=2740.877..9000.550 rows=4487523 loops=1)
  Hash Cond: (mk.movie_id = t.id)
  ->  Seq Scan on movie_keyword mk  (cost=0.00..81003.12 rows=4482918 width=4) (actual time=0.032..1854.103 rows=4487523 loops=1)
        Filter: (keyword_id > 42)
        Rows Removed by Filter: 36407
  ->  Hash  (cost=61283.27..61283.27 rows=2528527 width=4) (actual time=2737.969..2737.969 rows=2528312 loops=1)
        Buckets: 131072  Batches: 64  Memory Usage: 2425kB
        ->  Seq Scan on title t  (cost=0.00..61283.27 rows=2528527 width=4) (actual time=0.015..1044.345 rows=2528312 loops=1)
Planning time: 0.704 ms
Execution time: 9531.442 ms
