Seq Scan on movie_keyword mk  (cost=0.00..81003.12 rows=1059887 width=0) (actual time=0.028..1439.538 rows=1064484 loops=1)
  Filter: (keyword_id < 1064)
  Rows Removed by Filter: 3459446
Planning time: 0.325 ms
Execution time: 1576.222 ms
