Seq Scan on title t  (cost=0.00..73925.90 rows=100409 width=94) (actual time=0.028..1462.390 rows=110402 loops=1)
  Filter: ((kind_id = 7) AND (production_year = 2012))
  Rows Removed by Filter: 2417910
Planning time: 0.515 ms
Execution time: 1469.001 ms
