Hash Join  (cost=502142.36..656698.76 rows=1894669 width=0) (actual time=9243.230..14325.150 rows=4671733 loops=1)
  Hash Cond: (mk.movie_id = t.id)
  ->  Seq Scan on movie_keyword mk  (cost=0.00..81003.12 rows=4350554 width=4) (actual time=0.009..1947.617 rows=4355939 loops=1)
        Filter: (keyword_id < 72222)
        Rows Removed by Filter: 167991
  ->  Hash  (cost=484075.68..484075.68 rows=1101175 width=8) (actual time=9242.306..9242.306 rows=1133973 loops=1)
        Buckets: 131072  Batches: 16  Memory Usage: 3798kB
        ->  Hash Join  (cost=101489.21..484075.68 rows=1101175 width=8) (actual time=6439.972..8897.173 rows=1133973 loops=1)
              Hash Cond: (mi.movie_id = t.id)
              ->  Seq Scan on movie_info mi  (cost=0.00..346232.03 rows=1348138 width=4) (actual time=4492.684..5564.782 rows=1298989 loops=1)
                    Filter: (info_type_id = 4)
                    Rows Removed by Filter: 13536731
              ->  Hash  (cost=67604.59..67604.59 rows=2065330 width=4) (actual time=1946.448..1946.448 rows=2064552 loops=1)
                    Buckets: 131072  Batches: 32  Memory Usage: 3298kB
                    ->  Seq Scan on title t  (cost=0.00..67604.59 rows=2065330 width=4) (actual time=0.032..1288.361 rows=2064552 loops=1)
                          Filter: (production_year < 2011)
                          Rows Removed by Filter: 463760
Planning time: 1.201 ms
Execution time: 14847.757 ms
