Hash Join  (cost=115570.43..480231.54 rows=521 width=0) (actual time=1544.657..8300.595 rows=566 loops=1)
  Hash Cond: (mi.movie_id = t.id)
  ->  Seq Scan on movie_info mi  (cost=0.00..309384.22 rows=14739122 width=4) (actual time=0.039..4191.660 rows=14835720 loops=1)
  ->  Hash  (cost=115569.31..115569.31 rows=89 width=8) (actual time=1433.836..1433.836 rows=63 loops=1)
        Buckets: 1024  Batches: 1  Memory Usage: 11kB
        ->  Nested Loop  (cost=0.43..115569.31 rows=89 width=8) (actual time=797.175..1433.735 rows=63 loops=1)
              ->  Seq Scan on movie_keyword mk  (cost=0.00..81003.12 rows=4675 width=4) (actual time=0.046..1264.195 rows=4273 loops=1)
                    Filter: (keyword_id = 2629)
                    Rows Removed by Filter: 4519657
              ->  Index Scan using title_pkey on title t  (cost=0.43..7.38 rows=1 width=4) (actual time=0.039..0.039 rows=0 loops=4273)
                    Index Cond: (id = mk.movie_id)
                    Filter: ((production_year < 2005) AND (kind_id = 2))
                    Rows Removed by Filter: 1
Planning time: 1.193 ms
Execution time: 8300.995 ms
