Hash Join  (cost=52284.22..803073.53 rows=14 width=0) (actual time=751.682..16052.084 rows=89 loops=1)
  Hash Cond: (ci.movie_id = t.id)
  ->  Seq Scan on cast_info ci  (cost=0.00..614943.12 rows=36225612 width=4) (actual time=0.022..8631.078 rows=36244344 loops=1)
  ->  Hash  (cost=52284.21..52284.21 rows=1 width=8) (actual time=747.266..747.266 rows=3 loops=1)
        Buckets: 1024  Batches: 1  Memory Usage: 9kB
        ->  Nested Loop  (cost=0.43..52284.21 rows=1 width=8) (actual time=662.085..747.254 rows=3 loops=1)
              ->  Seq Scan on movie_companies mc  (cost=0.00..51404.11 rows=104 width=4) (actual time=19.576..745.557 rows=58 loops=1)
                    Filter: (company_id = 85524)
                    Rows Removed by Filter: 2609071
              ->  Index Scan using title_pkey on title t  (cost=0.43..8.45 rows=1 width=4) (actual time=0.027..0.027 rows=0 loops=58)
                    Index Cond: (id = mc.movie_id)
                    Filter: ((kind_id < 7) AND (production_year = 2000))
                    Rows Removed by Filter: 1
Planning time: 1.214 ms
Execution time: 16052.319 ms
