Seq Scan on movie_keyword mk  (cost=0.00..81003.12 rows=4454709 width=0) (actual time=0.023..1694.105 rows=4455961 loops=1)
  Filter: (keyword_id < 91980)
  Rows Removed by Filter: 67969
Planning time: 0.306 ms
Execution time: 2241.798 ms
