Hash Join  (cost=67697.55..94648.62 rows=4059 width=0) (actual time=1089.175..1657.060 rows=441 loops=1)
  Hash Cond: (mi_idx.movie_id = t.id)
  ->  Seq Scan on movie_info_idx mi_idx  (cost=0.00..21735.35 rows=1380035 width=4) (actual time=0.014..321.699 rows=1380035 loops=1)
  ->  Hash  (cost=67604.59..67604.59 rows=7437 width=4) (actual time=1080.674..1080.674 rows=1487 loops=1)
        Buckets: 8192  Batches: 1  Memory Usage: 117kB
        ->  Seq Scan on title t  (cost=0.00..67604.59 rows=7437 width=4) (actual time=343.131..1079.905 rows=1487 loops=1)
              Filter: (production_year = 1907)
              Rows Removed by Filter: 2526825
Planning time: 1.168 ms
Execution time: 1657.249 ms
