Nested Loop  (cost=44377.22..143186.67 rows=3457 width=0) (actual time=877.392..2548.126 rows=13375 loops=1)
  ->  Hash Join  (cost=44376.79..132117.64 rows=18828 width=8) (actual time=877.309..2302.346 rows=13375 loops=1)
        Hash Cond: (mk.movie_id = mi_idx.movie_id)
        ->  Seq Scan on movie_keyword mk  (cost=0.00..81003.12 rows=6334 width=4) (actual time=0.175..1196.192 rows=5403 loops=1)
              Filter: (keyword_id = 107)
              Rows Removed by Filter: 4518527
        ->  Hash  (cost=21735.35..21735.35 rows=1380035 width=4) (actual time=861.064..861.064 rows=1380035 loops=1)
              Buckets: 131072  Batches: 32  Memory Usage: 2556kB
              ->  Seq Scan on movie_info_idx mi_idx  (cost=0.00..21735.35 rows=1380035 width=4) (actual time=0.021..441.015 rows=1380035 loops=1)
  ->  Index Only Scan using title_pkey on title t  (cost=0.43..0.58 rows=1 width=4) (actual time=0.018..0.018 rows=1 loops=13375)
        Index Cond: (id = mi_idx.movie_id)
        Heap Fetches: 13375
Planning time: 1.175 ms
Execution time: 2550.851 ms
