Seq Scan on movie_keyword mk  (cost=0.00..81003.12 rows=2661997 width=0) (actual time=0.025..1528.994 rows=2656180 loops=1)
  Filter: (keyword_id < 7373)
  Rows Removed by Filter: 1867750
Planning time: 0.313 ms
Execution time: 1866.976 ms
