Hash Join  (cost=237814.41..805038.96 rows=6466072 width=0) (actual time=4830.497..18110.862 rows=5719547 loops=1)
  Hash Cond: (mi.movie_id = t.id)
  ->  Seq Scan on movie_info mi  (cost=0.00..309384.22 rows=14739122 width=4) (actual time=0.020..5824.446 rows=14835720 loops=1)
  ->  Hash  (cost=219614.56..219614.56 rows=1109268 width=8) (actual time=4829.458..4829.458 rows=457695 loops=1)
        Buckets: 131072  Batches: 16  Memory Usage: 2139kB
        ->  Hash Join  (cost=84097.84..219614.56 rows=1109268 width=8) (actual time=1472.494..4712.143 rows=457695 loops=1)
              Hash Cond: (mk.movie_id = t.id)
              ->  Seq Scan on movie_keyword mk  (cost=0.00..69693.30 rows=4523930 width=4) (actual time=0.028..1351.658 rows=4523930 loops=1)
              ->  Hash  (cost=73925.90..73925.90 rows=619995 width=4) (actual time=1467.965..1467.965 rows=499560 loops=1)
                    Buckets: 131072  Batches: 16  Memory Usage: 2127kB
                    ->  Seq Scan on title t  (cost=0.00..73925.90 rows=619995 width=4) (actual time=0.013..1296.422 rows=499560 loops=1)
                          Filter: ((kind_id > 2) AND (production_year < 1997))
                          Rows Removed by Filter: 2028752
Planning time: 1.153 ms
Execution time: 18631.895 ms
