Seq Scan on movie_companies mc  (cost=0.00..51404.11 rows=888455 width=0) (actual time=0.027..906.950 rows=884890 loops=1)
  Filter: (company_id < 2677)
  Rows Removed by Filter: 1724239
Planning time: 0.338 ms
Execution time: 1022.000 ms
