Hash Join  (cost=155358.98..506333.81 rows=234 width=0) (actual time=5330.760..8271.703 rows=1570 loops=1)
  Hash Cond: (mi.movie_id = t.id)
  ->  Seq Scan on movie_info mi  (cost=0.00..346232.03 rows=1264125 width=4) (actual time=2599.219..5346.597 rows=1288928 loops=1)
        Filter: (info_type_id = 2)
        Rows Removed by Filter: 13546792
  ->  Hash  (cost=155353.12..155353.12 rows=469 width=8) (actual time=2730.598..2730.598 rows=2457 loops=1)
        Buckets: 4096 (originally 1024)  Batches: 1 (originally 1)  Memory Usage: 128kB
        ->  Hash Join  (cost=67612.84..155353.12 rows=469 width=8) (actual time=966.086..2729.246 rows=2457 loops=1)
              Hash Cond: (mk.movie_id = t.id)
              ->  Seq Scan on movie_keyword mk  (cost=0.00..81003.12 rows=1795324 width=4) (actual time=0.041..1475.433 rows=1803837 loops=1)
                    Filter: (keyword_id < 2926)
                    Rows Removed by Filter: 2720093
              ->  Hash  (cost=67604.59..67604.59 rows=660 width=4) (actual time=965.912..965.912 rows=3515 loops=1)
                    Buckets: 4096 (originally 1024)  Batches: 1 (originally 1)  Memory Usage: 156kB
                    ->  Seq Scan on title t  (cost=0.00..67604.59 rows=660 width=4) (actual time=0.153..964.107 rows=3515 loops=1)
                          Filter: (production_year > 2013)
                          Rows Removed by Filter: 2524797
Planning time: 1.123 ms
Execution time: 8272.121 ms
