Seq Scan on movie_keyword mk  (cost=0.00..81003.12 rows=246 width=0) (actual time=85.985..1178.754 rows=12 loops=1)
  Filter: (keyword_id = 44451)
  Rows Removed by Filter: 4523918
Planning time: 0.362 ms
Execution time: 1178.855 ms
