Hash Join  (cost=812320.26..890955.68 rows=260090 width=0) (actual time=15298.421..17230.529 rows=312297 loops=1)
  Hash Cond: (mc.movie_id = t.id)
  ->  Seq Scan on movie_companies mc  (cost=0.00..44881.29 rows=2609129 width=4) (actual time=0.021..869.492 rows=2609129 loops=1)
  ->  Hash  (cost=808184.57..808184.57 rows=252055 width=8) (actual time=15297.276..15297.276 rows=229268 loops=1)
        Buckets: 131072  Batches: 4  Memory Usage: 3260kB
        ->  Hash Join  (cost=88334.42..808184.57 rows=252055 width=8) (actual time=9235.267..15225.478 rows=229268 loops=1)
              Hash Cond: (ci.movie_id = t.id)
              ->  Seq Scan on cast_info ci  (cost=0.00..705507.15 rows=725720 width=4) (actual time=7581.805..12609.118 rows=773674 loops=1)
                    Filter: (role_id = 6)
                    Rows Removed by Filter: 35470670
              ->  Hash  (cost=73925.90..73925.90 rows=878201 width=4) (actual time=1652.399..1652.399 rows=947729 loops=1)
                    Buckets: 131072  Batches: 16  Memory Usage: 3113kB
                    ->  Seq Scan on title t  (cost=0.00..73925.90 rows=878201 width=4) (actual time=0.023..1351.966 rows=947729 loops=1)
                          Filter: ((kind_id > 1) AND (production_year > 2003))
                          Rows Removed by Filter: 1580583
Planning time: 1.153 ms
Execution time: 17260.890 ms
