Seq Scan on movie_companies mc  (cost=0.00..57926.93 rows=808524 width=0) (actual time=0.015..1093.258 rows=597705 loops=1)
  Filter: ((company_id > 3927) AND (company_type_id < 2))
  Rows Removed by Filter: 2011424
Planning time: 0.243 ms
Execution time: 1169.594 ms
