Hash Join  (cost=70308.29..202027.69 rows=267146 width=0) (actual time=1093.902..4443.320 rows=99204 loops=1)
  Hash Cond: (mk.movie_id = t.id)
  ->  Seq Scan on movie_keyword mk  (cost=0.00..81003.12 rows=4099418 width=4) (actual time=0.008..1867.962 rows=4087742 loops=1)
        Filter: (keyword_id > 335)
        Rows Removed by Filter: 436188
  ->  Hash  (cost=67604.59..67604.59 rows=164776 width=4) (actual time=1090.129..1090.129 rows=164307 loops=1)
        Buckets: 131072  Batches: 4  Memory Usage: 2488kB
        ->  Seq Scan on title t  (cost=0.00..67604.59 rows=164776 width=4) (actual time=0.031..1031.015 rows=164307 loops=1)
              Filter: (production_year = 2012)
              Rows Removed by Filter: 2364005
Planning time: 1.161 ms
Execution time: 4455.281 ms
