Seq Scan on movie_companies mc  (cost=0.00..51404.11 rows=1169484 width=0) (actual time=0.029..858.768 rows=1177748 loops=1)
  Filter: (company_id > 12667)
  Rows Removed by Filter: 1431381
Planning time: 0.344 ms
Execution time: 992.536 ms
