Seq Scan on movie_companies mc  (cost=0.00..57926.93 rows=583550 width=0) (actual time=183.663..909.992 rows=371388 loops=1)
  Filter: ((company_id < 8639) AND (company_type_id > 1))
  Rows Removed by Filter: 2237741
Planning time: 0.356 ms
Execution time: 956.182 ms
