Hash Join  (cost=877019.58..1055470.21 rows=920029 width=0) (actual time=22624.876..26957.865 rows=4526343 loops=1)
  Hash Cond: (mk.movie_id = t.id)
  ->  Seq Scan on movie_keyword mk  (cost=0.00..69693.30 rows=4523930 width=4) (actual time=0.017..1479.595 rows=4523930 loops=1)
  ->  Hash  (cost=868582.77..868582.77 rows=514225 width=8) (actual time=22417.349..22417.349 rows=779940 loops=1)
        Buckets: 131072 (originally 131072)  Batches: 16 (originally 8)  Memory Usage: 3073kB
        ->  Hash Join  (cost=74657.79..868582.77 rows=514225 width=8) (actual time=2774.099..21371.000 rows=779940 loops=1)
              Hash Cond: (ci.movie_id = t.id)
              ->  Seq Scan on cast_info ci  (cost=0.00..705507.15 rows=22206821 width=4) (actual time=1537.344..12871.870 rows=22247261 loops=1)
                    Filter: (person_id > 1378766)
                    Rows Removed by Filter: 13997083
              ->  Hash  (cost=73925.90..73925.90 rows=58551 width=4) (actual time=1236.366..1236.366 rows=73511 loops=1)
                    Buckets: 131072 (originally 65536)  Batches: 1 (originally 1)  Memory Usage: 3609kB
                    ->  Seq Scan on title t  (cost=0.00..73925.90 rows=58551 width=4) (actual time=0.037..1207.648 rows=73511 loops=1)
                          Filter: ((production_year < 2006) AND (kind_id = 3))
                          Rows Removed by Filter: 2454801
Planning time: 1.207 ms
Execution time: 27473.016 ms
