Seq Scan on movie_keyword mk  (cost=0.00..81003.12 rows=179648 width=0) (actual time=0.025..1312.469 rows=177066 loops=1)
  Filter: (keyword_id > 71742)
  Rows Removed by Filter: 4346864
Planning time: 0.321 ms
Execution time: 1338.151 ms
