Hash Join  (cost=612842.81..1825724.95 rows=14861368 width=0) (actual time=16323.299..56247.743 rows=34142125 loops=1)
  Hash Cond: (ci.movie_id = t.id)
  ->  Seq Scan on cast_info ci  (cost=0.00..705507.15 rows=21243803 width=4) (actual time=0.016..14928.439 rows=21091689 loops=1)
        Filter: (person_id < 2129464)
        Rows Removed by Filter: 15152655
  ->  Hash  (cost=583822.02..583822.02 rows=1768863 width=8) (actual time=16320.689..16320.689 rows=2997338 loops=1)
        Buckets: 131072 (originally 131072)  Batches: 64 (originally 32)  Memory Usage: 3073kB
        ->  Hash Join  (cost=73454.11..583822.02 rows=1768863 width=8) (actual time=1527.852..14894.723 rows=2997338 loops=1)
              Hash Cond: (mi.movie_id = t.id)
              ->  Seq Scan on movie_info mi  (cost=0.00..346232.03 rows=12545135 width=4) (actual time=0.015..6996.866 rows=12601870 loops=1)
                    Filter: (info_type_id < 17)
                    Rows Removed by Filter: 2233850
              ->  Hash  (cost=67604.59..67604.59 rows=356522 width=4) (actual time=1526.669..1526.669 rows=352081 loops=1)
                    Buckets: 131072  Batches: 8  Memory Usage: 2571kB
                    ->  Seq Scan on title t  (cost=0.00..67604.59 rows=356522 width=4) (actual time=0.023..1115.200 rows=352081 loops=1)
                          Filter: (production_year < 1969)
                          Rows Removed by Filter: 2176231
Planning time: 1.154 ms
Execution time: 60178.291 ms
