Hash Join  (cost=88359.31..891628.23 rows=68117 width=0) (actual time=8435.555..14829.488 rows=202333 loops=1)
  Hash Cond: (ci.movie_id = t.id)
  ->  Seq Scan on cast_info ci  (cost=0.00..796071.18 rows=136152 width=4) (actual time=6485.196..12407.801 rows=442189 loops=1)
        Filter: ((person_id > 2975814) AND (role_id = 6))
        Rows Removed by Filter: 35802155
  ->  Hash  (cost=67604.59..67604.59 rows=1265018 width=4) (actual time=1948.651..1948.651 rows=1263700 loops=1)
        Buckets: 131072  Batches: 32  Memory Usage: 2410kB
        ->  Seq Scan on title t  (cost=0.00..67604.59 rows=1265018 width=4) (actual time=0.028..1255.554 rows=1263700 loops=1)
              Filter: (production_year < 2004)
              Rows Removed by Filter: 1264612
Planning time: 0.799 ms
Execution time: 14853.178 ms
