Hash Join  (cost=103055.83..1443450.73 rows=25437372 width=0) (actual time=2187.098..43871.442 rows=25478848 loops=1)
  Hash Cond: (ci.movie_id = t.id)
  ->  Seq Scan on cast_info ci  (cost=0.00..614943.12 rows=36225612 width=4) (actual time=0.025..13286.262 rows=36244344 loops=1)
  ->  Hash  (cost=73925.90..73925.90 rows=1775514 width=4) (actual time=2186.236..2186.236 rows=1799906 loops=1)
        Buckets: 131072  Batches: 32  Memory Usage: 3007kB
        ->  Seq Scan on title t  (cost=0.00..73925.90 rows=1775514 width=4) (actual time=0.015..1586.362 rows=1799906 loops=1)
              Filter: ((kind_id > 1) AND (production_year > 1913))
              Rows Removed by Filter: 728406
Planning time: 3.620 ms
Execution time: 46924.149 ms
