Seq Scan on movie_companies mc  (cost=0.00..57926.93 rows=51 width=0) (actual time=0.095..451.140 rows=491 loops=1)
  Filter: ((company_type_id < 2) AND (company_id = 11778))
  Rows Removed by Filter: 2608638
Planning time: 2.672 ms
Execution time: 451.340 ms
