Nested Loop  (cost=0.43..83071.67 rows=246 width=0) (actual time=0.639..1497.179 rows=1501 loops=1)
  ->  Seq Scan on movie_keyword mk  (cost=0.00..81003.12 rows=246 width=4) (actual time=0.584..1426.886 rows=1501 loops=1)
        Filter: (keyword_id = 10190)
        Rows Removed by Filter: 4522429
  ->  Index Only Scan using title_pkey on title t  (cost=0.43..8.40 rows=1 width=4) (actual time=0.045..0.046 rows=1 loops=1501)
        Index Cond: (id = mk.movie_id)
        Heap Fetches: 1501
Planning time: 2.988 ms
Execution time: 1497.804 ms
