Hash Join  (cost=156487.41..999234.95 rows=611181 width=0) (actual time=3452.687..21116.295 rows=2416092 loops=1)
  Hash Cond: (ci.movie_id = t.id)
  ->  Seq Scan on cast_info ci  (cost=0.00..796071.18 rows=3352413 width=4) (actual time=0.015..14107.814 rows=5536491 loops=1)
        Filter: ((person_id > 2011542) AND (role_id > 7))
        Rows Removed by Filter: 30707853
  ->  Hash  (cost=148924.19..148924.19 rows=460978 width=8) (actual time=3451.881..3451.881 rows=459925 loops=1)
        Buckets: 131072  Batches: 8  Memory Usage: 3275kB
        ->  Hash Join  (cost=102767.86..148924.19 rows=460978 width=8) (actual time=1915.515..3309.416 rows=459925 loops=1)
              Hash Cond: (mi_idx.movie_id = t.id)
              ->  Seq Scan on movie_info_idx mi_idx  (cost=0.00..25185.44 rows=460978 width=4) (actual time=0.017..527.834 rows=459925 loops=1)
                    Filter: (info_type_id = 99)
                    Rows Removed by Filter: 920110
              ->  Hash  (cost=61283.27..61283.27 rows=2528527 width=4) (actual time=1913.239..1913.239 rows=2528312 loops=1)
                    Buckets: 131072  Batches: 64  Memory Usage: 2415kB
                    ->  Seq Scan on title t  (cost=0.00..61283.27 rows=2528527 width=4) (actual time=0.010..1070.529 rows=2528312 loops=1)
Planning time: 10.802 ms
Execution time: 21388.712 ms
