Hash Join  (cost=98137.04..850873.33 rows=1457896 width=0) (actual time=9620.199..15615.395 rows=1531543 loops=1)
  Hash Cond: (ci.movie_id = t.id)
  ->  Seq Scan on cast_info ci  (cost=0.00..705507.15 rows=1980837 width=4) (actual time=7711.345..11541.441 rows=2018007 loops=1)
        Filter: (person_id > 3665488)
        Rows Removed by Filter: 34226337
  ->  Hash  (cost=67604.59..67604.59 rows=1860996 width=4) (actual time=1907.375..1907.375 rows=1865487 loops=1)
        Buckets: 131072  Batches: 32  Memory Usage: 3079kB
        ->  Seq Scan on title t  (cost=0.00..67604.59 rows=1860996 width=4) (actual time=0.023..1305.599 rows=1865487 loops=1)
              Filter: (kind_id > 1)
              Rows Removed by Filter: 662825
Planning time: 0.747 ms
Execution time: 15818.571 ms
