Hash Join  (cost=78593.13..808414.89 rows=205699 width=0) (actual time=3851.305..14175.438 rows=179180 loops=1)
  Hash Cond: (ci.movie_id = t.id)
  ->  Seq Scan on cast_info ci  (cost=0.00..705507.15 rows=1828699 width=4) (actual time=2547.381..11583.572 rows=1867933 loops=1)
        Filter: (person_id > 3693280)
        Rows Removed by Filter: 34376411
  ->  Hash  (cost=73925.90..73925.90 rows=284418 width=4) (actual time=1302.933..1302.933 rows=382296 loops=1)
        Buckets: 131072 (originally 131072)  Batches: 8 (originally 4)  Memory Usage: 3073kB
        ->  Seq Scan on title t  (cost=0.00..73925.90 rows=284418 width=4) (actual time=0.035..1166.055 rows=382296 loops=1)
              Filter: ((production_year < 2001) AND (kind_id = 1))
              Rows Removed by Filter: 2146016
Planning time: 0.801 ms
Execution time: 14197.344 ms
