Hash Join  (cost=188334.04..338194.59 rows=2286551 width=0) (actual time=4858.252..10916.124 rows=10188308 loops=1)
  Hash Cond: (mk.movie_id = t.id)
  ->  Seq Scan on movie_keyword mk  (cost=0.00..69693.30 rows=4523930 width=4) (actual time=0.020..1572.469 rows=4523930 loops=1)
  ->  Hash  (cost=167365.98..167365.98 rows=1278005 width=8) (actual time=4856.489..4856.489 rows=1346250 loops=1)
        Buckets: 131072  Batches: 32  Memory Usage: 2688kB
        ->  Hash Join  (cost=106021.40..167365.98 rows=1278005 width=8) (actual time=2271.506..4447.434 rows=1346250 loops=1)
              Hash Cond: (mi_idx.movie_id = t.id)
              ->  Seq Scan on movie_info_idx mi_idx  (cost=0.00..21735.35 rows=1380035 width=4) (actual time=0.019..434.094 rows=1380035 loops=1)
              ->  Hash  (cost=67604.59..67604.59 rows=2341585 width=4) (actual time=2270.736..2270.736 rows=2333286 loops=1)
                    Buckets: 131072  Batches: 32  Memory Usage: 3591kB
                    ->  Seq Scan on title t  (cost=0.00..67604.59 rows=2341585 width=4) (actual time=0.022..1506.094 rows=2333286 loops=1)
                          Filter: (production_year > 1932)
                          Rows Removed by Filter: 195026
Planning time: 1.274 ms
Execution time: 12053.985 ms
