Seq Scan on cast_info ci  (cost=0.00..705507.15 rows=29944279 width=0) (actual time=0.032..13111.638 rows=29882941 loops=1)
  Filter: (person_id < 3017742)
  Rows Removed by Filter: 6361403
Planning time: 1.955 ms
Execution time: 16823.250 ms
