Seq Scan on movie_companies mc  (cost=0.00..57926.93 rows=51 width=0) (actual time=187.263..879.287 rows=95 loops=1)
  Filter: ((company_id = 11904) AND (company_type_id = 1))
  Rows Removed by Filter: 2609034
Planning time: 0.407 ms
Execution time: 879.432 ms
