Seq Scan on cast_info ci  (cost=0.00..705507.15 rows=500 width=0) (actual time=4363.471..10927.424 rows=2 loops=1)
  Filter: (person_id = 3223642)
  Rows Removed by Filter: 36244342
Planning time: 0.331 ms
Execution time: 10927.495 ms
