Seq Scan on cast_info ci  (cost=0.00..705507.15 rows=31507249 width=0) (actual time=0.006..13344.360 rows=31632907 loops=1)
  Filter: (person_id > 446394)
  Rows Removed by Filter: 4611437
Planning time: 0.479 ms
Execution time: 17234.605 ms
