Hash Join  (cost=176160.70..1460690.07 rows=12233638 width=0) (actual time=4567.200..46165.704 rows=17727732 loops=1)
  Hash Cond: (ci.movie_id = t.id)
  ->  Seq Scan on cast_info ci  (cost=0.00..796071.18 rows=31330888 width=4) (actual time=0.022..20264.478 rows=31605208 loops=1)
        Filter: ((person_id < 4010438) AND (role_id < 10))
        Rows Removed by Filter: 4639136
  ->  Hash  (cost=159962.41..159962.41 rows=987303 width=8) (actual time=4565.504..4565.504 rows=749958 loops=1)
        Buckets: 131072  Batches: 16  Memory Usage: 2867kB
        ->  Hash Join  (cost=103604.85..159962.41 rows=987303 width=8) (actual time=2578.278..4340.964 rows=749958 loops=1)
              Hash Cond: (mi_idx.movie_id = t.id)
              ->  Seq Scan on movie_info_idx mi_idx  (cost=0.00..21735.35 rows=1380035 width=4) (actual time=0.024..516.765 rows=1380035 loops=1)
              ->  Hash  (cost=73925.90..73925.90 rows=1808956 width=4) (actual time=2577.436..2577.436 rows=1799907 loops=1)
                    Buckets: 131072  Batches: 32  Memory Usage: 3007kB
                    ->  Seq Scan on title t  (cost=0.00..73925.90 rows=1808956 width=4) (actual time=0.009..1494.895 rows=1799907 loops=1)
                          Filter: ((kind_id > 1) AND (production_year > 0))
                          Rows Removed by Filter: 728405
Planning time: 1.189 ms
Execution time: 48118.041 ms
