Hash Join  (cost=73994.33..903956.97 rows=19453 width=0) (actual time=1274.397..18102.663 rows=41784 loops=1)
  Hash Cond: (ci.movie_id = t.id)
  ->  Seq Scan on cast_info ci  (cost=0.00..796071.18 rows=8985848 width=4) (actual time=0.011..14046.765 rows=14026734 loops=1)
        Filter: ((person_id > 2263667) AND (role_id > 1))
        Rows Removed by Filter: 22217610
  ->  Hash  (cost=73925.90..73925.90 rows=5474 width=4) (actual time=1274.060..1274.060 rows=9913 loops=1)
        Buckets: 16384 (originally 8192)  Batches: 1 (originally 1)  Memory Usage: 477kB
        ->  Seq Scan on title t  (cost=0.00..73925.90 rows=5474 width=4) (actual time=0.027..1268.852 rows=9913 loops=1)
              Filter: ((kind_id > 1) AND (production_year = 1977))
              Rows Removed by Filter: 2518399
Planning time: 0.861 ms
Execution time: 18110.270 ms
