Hash Join  (cost=191465.69..722103.38 rows=4763877 width=0) (actual time=5390.638..33100.599 rows=56239107 loops=1)
  Hash Cond: (mi.movie_id = t.id)
  ->  Seq Scan on movie_info mi  (cost=0.00..309384.22 rows=14739122 width=4) (actual time=0.017..5812.050 rows=14835720 loops=1)
  ->  Hash  (cost=178057.02..178057.02 rows=817253 width=8) (actual time=5389.307..5389.307 rows=1696239 loops=1)
        Buckets: 131072 (originally 131072)  Batches: 32 (originally 16)  Memory Usage: 3170kB
        ->  Hash Join  (cost=89253.38..178057.02 rows=817253 width=8) (actual time=1571.711..4403.239 rows=1696239 loops=1)
              Hash Cond: (mc.movie_id = t.id)
              ->  Seq Scan on movie_companies mc  (cost=0.00..51404.11 rows=2212000 width=4) (actual time=0.036..1086.168 rows=2212199 loops=1)
                    Filter: (company_id > 240)
                    Rows Removed by Filter: 396930
              ->  Hash  (cost=73925.90..73925.90 rows=934198 width=4) (actual time=1570.807..1570.807 rows=950693 loops=1)
                    Buckets: 131072  Batches: 16  Memory Usage: 3114kB
                    ->  Seq Scan on title t  (cost=0.00..73925.90 rows=934198 width=4) (actual time=0.010..1276.646 rows=950693 loops=1)
                          Filter: ((kind_id < 7) AND (production_year < 2013))
                          Rows Removed by Filter: 1577619
Planning time: 1.319 ms
Execution time: 39485.384 ms
