Seq Scan on cast_info ci  (cost=0.00..705507.15 rows=500 width=0) (actual time=9021.673..10501.381 rows=2 loops=1)
  Filter: (person_id = 3080407)
  Rows Removed by Filter: 36244342
Planning time: 0.403 ms
Execution time: 10501.455 ms
