Hash Join  (cost=124437.60..900297.05 rows=435825 width=0) (actual time=2645.164..21941.242 rows=112741 loops=1)
  Hash Cond: (ci.movie_id = t.id)
  ->  Seq Scan on cast_info ci  (cost=0.00..705507.15 rows=17598413 width=4) (actual time=0.020..12288.508 rows=17721006 loops=1)
        Filter: (person_id > 1842934)
        Rows Removed by Filter: 18523338
  ->  Hash  (cost=123654.86..123654.86 rows=62619 width=8) (actual time=2644.470..2644.470 rows=116343 loops=1)
        Buckets: 131072 (originally 65536)  Batches: 2 (originally 1)  Memory Usage: 3299kB
        ->  Hash Join  (cost=68363.15..123654.86 rows=62619 width=8) (actual time=1123.412..2592.881 rows=116343 loops=1)
              Hash Cond: (mc.movie_id = t.id)
              ->  Seq Scan on movie_companies mc  (cost=0.00..44881.29 rows=2609129 width=4) (actual time=0.018..649.040 rows=2609129 loops=1)
              ->  Hash  (cost=67604.59..67604.59 rows=60685 width=4) (actual time=1122.905..1122.905 rows=59847 loops=1)
                    Buckets: 65536  Batches: 1  Memory Usage: 2616kB
                    ->  Seq Scan on title t  (cost=0.00..67604.59 rows=60685 width=4) (actual time=0.015..1100.847 rows=59847 loops=1)
                          Filter: (production_year < 1915)
                          Rows Removed by Filter: 2468465
Planning time: 1.115 ms
Execution time: 21955.869 ms
