Nested Loop  (cost=0.43..83071.67 rows=246 width=0) (actual time=1.684..1144.783 rows=270 loops=1)
  ->  Seq Scan on movie_keyword mk  (cost=0.00..81003.12 rows=246 width=4) (actual time=1.615..1132.681 rows=270 loops=1)
        Filter: (keyword_id = 3177)
        Rows Removed by Filter: 4523660
  ->  Index Only Scan using title_pkey on title t  (cost=0.43..8.40 rows=1 width=4) (actual time=0.042..0.042 rows=1 loops=270)
        Index Cond: (id = mk.movie_id)
        Heap Fetches: 270
Planning time: 3.611 ms
Execution time: 1144.988 ms
