Hash Join  (cost=101491.16..157822.15 rows=12869 width=0) (actual time=2303.474..3061.847 rows=32867 loops=1)
  Hash Cond: (mc.movie_id = t.id)
  ->  Seq Scan on movie_companies mc  (cost=0.00..51404.11 rows=1279517 width=4) (actual time=332.043..836.517 rows=1274246 loops=1)
        Filter: (company_type_id < 2)
        Rows Removed by Filter: 1334883
  ->  Hash  (cost=101173.27..101173.27 rows=25431 width=8) (actual time=1971.155..1971.155 rows=20225 loops=1)
        Buckets: 32768  Batches: 1  Memory Usage: 1047kB
        ->  Hash Join  (cost=69928.56..101173.27 rows=25431 width=8) (actual time=1303.708..1962.833 rows=20225 loops=1)
              Hash Cond: (mi_idx.movie_id = t.id)
              ->  Seq Scan on movie_info_idx mi_idx  (cost=0.00..25185.44 rows=454124 width=4) (actual time=0.028..432.103 rows=459925 loops=1)
                    Filter: (info_type_id = 100)
                    Rows Removed by Filter: 920110
              ->  Hash  (cost=67604.59..67604.59 rows=141598 width=4) (actual time=1300.867..1300.867 rows=141703 loops=1)
                    Buckets: 131072  Batches: 2  Memory Usage: 3511kB
                    ->  Seq Scan on title t  (cost=0.00..67604.59 rows=141598 width=4) (actual time=0.017..1248.009 rows=141703 loops=1)
                          Filter: (production_year = 2010)
                          Rows Removed by Filter: 2386609
Planning time: 1.227 ms
Execution time: 3066.577 ms
