Hash Join  (cost=129493.02..208539.31 rows=289877 width=0) (actual time=2422.486..5014.881 rows=1542826 loops=1)
  Hash Cond: (mc.movie_id = t.id)
  ->  Seq Scan on movie_companies mc  (cost=0.00..44881.29 rows=2609129 width=4) (actual time=0.026..985.967 rows=2609129 loops=1)
  ->  Hash  (cost=124883.49..124883.49 rows=280922 width=8) (actual time=2421.623..2421.623 rows=415357 loops=1)
        Buckets: 131072 (originally 131072)  Batches: 8 (originally 4)  Memory Usage: 3073kB
        ->  Hash Join  (cost=82370.79..124883.49 rows=280922 width=8) (actual time=1382.368..2305.688 rows=415357 loops=1)
              Hash Cond: (mi_idx.movie_id = t.id)
              ->  Seq Scan on movie_info_idx mi_idx  (cost=0.00..21735.35 rows=1380035 width=4) (actual time=0.018..418.518 rows=1380035 loops=1)
              ->  Hash  (cost=73925.90..73925.90 rows=514711 width=4) (actual time=1152.434..1152.434 rows=386575 loops=1)
                    Buckets: 131072  Batches: 8  Memory Usage: 2730kB
                    ->  Seq Scan on title t  (cost=0.00..73925.90 rows=514711 width=4) (actual time=0.015..1035.048 rows=386575 loops=1)
                          Filter: ((production_year > 1979) AND (kind_id = 1))
                          Rows Removed by Filter: 2141737
Planning time: 1.129 ms
Execution time: 5212.736 ms
