Hash Join  (cost=102767.86..910415.67 rows=70562 width=0) (actual time=3947.257..13455.189 rows=205879 loops=1)
  Hash Cond: (ci.movie_id = t.id)
  ->  Seq Scan on cast_info ci  (cost=0.00..796071.18 rows=70562 width=4) (actual time=2110.725..11049.524 rows=205879 loops=1)
        Filter: ((person_id > 2809373) AND (role_id = 7))
        Rows Removed by Filter: 36038465
  ->  Hash  (cost=61283.27..61283.27 rows=2528527 width=4) (actual time=1835.108..1835.108 rows=2528312 loops=1)
        Buckets: 131072  Batches: 64  Memory Usage: 2415kB
        ->  Seq Scan on title t  (cost=0.00..61283.27 rows=2528527 width=4) (actual time=0.026..1012.014 rows=2528312 loops=1)
Planning time: 0.810 ms
Execution time: 13481.113 ms
