Hash Join  (cost=442939.65..576875.31 rows=348427 width=0) (actual time=6887.894..10123.191 rows=293188 loops=1)
  Hash Cond: (mk.movie_id = t.id)
  ->  Seq Scan on movie_keyword mk  (cost=0.00..81003.12 rows=4205670 width=4) (actual time=0.026..1652.846 rows=4185086 loops=1)
        Filter: (keyword_id > 275)
        Rows Removed by Filter: 338844
  ->  Hash  (cost=439502.14..439502.14 rows=209481 width=8) (actual time=6886.925..6886.925 rows=156677 loops=1)
        Buckets: 131072  Batches: 4  Memory Usage: 2573kB
        ->  Hash Join  (cost=74050.79..439502.14 rows=209481 width=8) (actual time=5194.225..6834.515 rows=156677 loops=1)
              Hash Cond: (mi.movie_id = t.id)
              ->  Seq Scan on movie_info mi  (cost=0.00..346232.03 rows=1348138 width=4) (actual time=3997.024..4928.277 rows=1298989 loops=1)
                    Filter: (info_type_id = 4)
                    Rows Removed by Filter: 13536731
              ->  Hash  (cost=67604.59..67604.59 rows=392896 width=4) (actual time=1196.199..1196.199 rows=391666 loops=1)
                    Buckets: 131072  Batches: 8  Memory Usage: 2759kB
                    ->  Seq Scan on title t  (cost=0.00..67604.59 rows=392896 width=4) (actual time=0.038..1064.029 rows=391666 loops=1)
                          Filter: (production_year > 2010)
                          Rows Removed by Filter: 2136646
Planning time: 1.174 ms
Execution time: 10161.272 ms
