Seq Scan on cast_info ci  (cost=0.00..796071.18 rows=4849028 width=0) (actual time=2103.432..11633.878 rows=2219391 loops=1)
  Filter: ((person_id > 3031060) AND (role_id < 8))
  Rows Removed by Filter: 34024953
Planning time: 4.565 ms
Execution time: 11859.122 ms
