Hash Join  (cost=133289.20..222410.72 rows=17981 width=0) (actual time=1913.213..3470.615 rows=3816 loops=1)
  Hash Cond: (mk.movie_id = t.id)
  ->  Seq Scan on movie_keyword mk  (cost=0.00..81003.12 rows=2116956 width=4) (actual time=0.025..1414.167 rows=2114510 loops=1)
        Filter: (keyword_id > 5636)
        Rows Removed by Filter: 2409420
  ->  Hash  (cost=133020.74..133020.74 rows=21477 width=8) (actual time=1727.554..1727.554 rows=5106 loops=1)
        Buckets: 32768  Batches: 1  Memory Usage: 456kB
        ->  Hash Join  (cost=74283.51..133020.74 rows=21477 width=8) (actual time=895.261..1725.909 rows=5106 loops=1)
              Hash Cond: (mc.movie_id = t.id)
              ->  Seq Scan on movie_companies mc  (cost=0.00..51404.11 rows=1898226 width=4) (actual time=0.013..559.682 rows=1908729 loops=1)
                    Filter: (company_id > 1302)
                    Rows Removed by Filter: 700400
              ->  Hash  (cost=73925.90..73925.90 rows=28608 width=4) (actual time=882.632..882.632 rows=32134 loops=1)
                    Buckets: 32768  Batches: 1  Memory Usage: 1386kB
                    ->  Seq Scan on title t  (cost=0.00..73925.90 rows=28608 width=4) (actual time=0.043..869.672 rows=32134 loops=1)
                          Filter: ((kind_id = 7) AND (production_year = 1998))
                          Rows Removed by Filter: 2496178
Planning time: 1.183 ms
Execution time: 3471.372 ms
