Seq Scan on cast_info ci  (cost=0.00..705507.15 rows=25534436 width=0) (actual time=0.024..12355.777 rows=25711054 loops=1)
  Filter: (person_id > 1033652)
  Rows Removed by Filter: 10533290
Planning time: 0.304 ms
Execution time: 15589.782 ms
