Seq Scan on cast_info ci  (cost=0.00..705507.15 rows=15450602 width=0) (actual time=0.032..11350.383 rows=15583057 loops=1)
  Filter: (person_id > 2080075)
  Rows Removed by Filter: 20661287
Planning time: 0.313 ms
Execution time: 13327.754 ms
