Hash Join  (cost=65421.20..94044.59 rows=632 width=0) (actual time=1126.115..1374.298 rows=1538 loops=1)
  Hash Cond: (mi_idx.movie_id = t.id)
  ->  Seq Scan on movie_info_idx mi_idx  (cost=0.00..25185.44 rows=915101 width=4) (actual time=0.029..472.915 rows=919850 loops=1)
        Filter: (info_type_id < 101)
        Rows Removed by Filter: 460185
  ->  Hash  (cost=65399.37..65399.37 rows=1747 width=8) (actual time=759.727..759.727 rows=1591 loops=1)
        Buckets: 2048  Batches: 1  Memory Usage: 79kB
        ->  Nested Loop  (cost=0.43..65399.37 rows=1747 width=8) (actual time=312.044..759.022 rows=1591 loops=1)
              ->  Seq Scan on movie_companies mc  (cost=0.00..51404.11 rows=1747 width=4) (actual time=311.959..741.308 rows=1591 loops=1)
                    Filter: (company_id > 233442)
                    Rows Removed by Filter: 2607538
              ->  Index Only Scan using title_pkey on title t  (cost=0.43..8.00 rows=1 width=4) (actual time=0.010..0.011 rows=1 loops=1591)
                    Index Cond: (id = mc.movie_id)
                    Heap Fetches: 1591
Planning time: 1.106 ms
Execution time: 1374.585 ms
