Hash Join  (cost=74357.80..135069.94 rows=32726 width=0) (actual time=1173.413..2620.349 rows=22724 loops=1)
  Hash Cond: (mc.movie_id = t.id)
  ->  Seq Scan on movie_companies mc  (cost=0.00..51404.11 rows=2394871 width=4) (actual time=0.026..937.872 rows=2393609 loops=1)
        Filter: (company_id < 109105)
        Rows Removed by Filter: 215520
  ->  Hash  (cost=73925.90..73925.90 rows=34552 width=4) (actual time=1172.127..1172.127 rows=39508 loops=1)
        Buckets: 65536  Batches: 1  Memory Usage: 1901kB
        ->  Seq Scan on title t  (cost=0.00..73925.90 rows=34552 width=4) (actual time=0.045..1154.664 rows=39508 loops=1)
              Filter: ((kind_id > 1) AND (production_year = 1998))
              Rows Removed by Filter: 2488804
Planning time: 2.017 ms
Execution time: 2624.117 ms
