Hash Join  (cost=102767.86..947176.02 rows=1598214 width=0) (actual time=6339.131..17031.820 rows=3443727 loops=1)
  Hash Cond: (ci.movie_id = t.id)
  ->  Seq Scan on cast_info ci  (cost=0.00..796071.18 rows=1598214 width=4) (actual time=4501.293..12197.889 rows=3443727 loops=1)
        Filter: ((person_id > 2317302) AND (role_id = 10))
        Rows Removed by Filter: 32800617
  ->  Hash  (cost=61283.27..61283.27 rows=2528527 width=4) (actual time=1835.951..1835.951 rows=2528312 loops=1)
        Buckets: 131072  Batches: 64  Memory Usage: 2415kB
        ->  Seq Scan on title t  (cost=0.00..61283.27 rows=2528527 width=4) (actual time=0.021..977.908 rows=2528312 loops=1)
Planning time: 1.363 ms
Execution time: 17429.987 ms
