Hash Join  (cost=438618.90..1376237.83 rows=8411 width=0) (actual time=11023.179..24407.965 rows=90006 loops=1)
  Hash Cond: (ci.movie_id = t.id)
  ->  Seq Scan on cast_info ci  (cost=0.00..796071.18 rows=14146361 width=4) (actual time=3703.068..14483.402 rows=12587247 loops=1)
        Filter: ((person_id > 1027134) AND (role_id < 3))
        Rows Removed by Filter: 23657097
  ->  Hash  (cost=438600.10..438600.10 rows=1504 width=8) (actual time=7319.301..7319.301 rows=22981 loops=1)
        Buckets: 32768 (originally 2048)  Batches: 1 (originally 1)  Memory Usage: 1154kB
        ->  Hash Join  (cost=73929.13..438600.10 rows=1504 width=8) (actual time=878.213..7307.952 rows=22981 loops=1)
              Hash Cond: (mi.movie_id = t.id)
              ->  Seq Scan on movie_info mi  (cost=0.00..309384.22 rows=14739122 width=4) (actual time=0.032..3544.331 rows=14835720 loops=1)
              ->  Hash  (cost=73925.90..73925.90 rows=258 width=4) (actual time=877.415..877.415 rows=3378 loops=1)
                    Buckets: 4096 (originally 1024)  Batches: 1 (originally 1)  Memory Usage: 151kB
                    ->  Seq Scan on title t  (cost=0.00..73925.90 rows=258 width=4) (actual time=12.302..875.841 rows=3378 loops=1)
                          Filter: ((kind_id < 7) AND (production_year > 2013))
                          Rows Removed by Filter: 2524934
Planning time: 1.230 ms
Execution time: 24420.864 ms
