Hash Join  (cost=160825.41..544382.59 rows=47735 width=0) (actual time=3083.604..9133.637 rows=162416 loops=1)
  Hash Cond: (mi.movie_id = t.id)
  ->  Seq Scan on movie_info mi  (cost=0.00..309384.22 rows=14739122 width=4) (actual time=0.022..3694.752 rows=14835720 loops=1)
  ->  Hash  (cost=160723.04..160723.04 rows=8189 width=8) (actual time=2469.123..2469.123 rows=9115 loops=1)
        Buckets: 16384 (originally 8192)  Batches: 1 (originally 1)  Memory Usage: 485kB
        ->  Hash Join  (cost=73983.12..160723.04 rows=8189 width=8) (actual time=965.062..2465.518 rows=9115 loops=1)
              Hash Cond: (mk.movie_id = t.id)
              ->  Seq Scan on movie_keyword mk  (cost=0.00..69693.30 rows=4523930 width=4) (actual time=0.014..804.345 rows=4523930 loops=1)
              ->  Hash  (cost=73925.90..73925.90 rows=4577 width=4) (actual time=872.039..872.039 rows=4138 loops=1)
                    Buckets: 8192  Batches: 1  Memory Usage: 210kB
                    ->  Seq Scan on title t  (cost=0.00..73925.90 rows=4577 width=4) (actual time=86.884..869.944 rows=4138 loops=1)
                          Filter: ((kind_id = 3) AND (production_year = 2007))
                          Rows Removed by Filter: 2524174
Planning time: 1.814 ms
Execution time: 9155.816 ms
