Seq Scan on title t  (cost=0.00..73925.90 rows=69798 width=0) (actual time=0.024..1109.094 rows=76323 loops=1)
  Filter: ((production_year > 1979) AND (kind_id = 2))
  Rows Removed by Filter: 2451989
Planning time: 0.399 ms
Execution time: 1120.648 ms
