Seq Scan on cast_info ci  (cost=0.00..796071.18 rows=11238725 width=0) (actual time=4137.308..11215.593 rows=9356861 loops=1)
  Filter: ((person_id > 2374252) AND (role_id < 10))
  Rows Removed by Filter: 26887483
Planning time: 0.423 ms
Execution time: 12326.558 ms
