Hash Join  (cost=73962.22..100888.56 rows=1586 width=0) (actual time=1033.852..1491.395 rows=10161 loops=1)
  Hash Cond: (mi_idx.movie_id = t.id)
  ->  Seq Scan on movie_info_idx mi_idx  (cost=0.00..21735.35 rows=1380035 width=4) (actual time=0.024..204.606 rows=1380035 loops=1)
  ->  Hash  (cost=73925.90..73925.90 rows=2905 width=4) (actual time=1033.674..1033.674 rows=7852 loops=1)
        Buckets: 8192 (originally 4096)  Batches: 1 (originally 1)  Memory Usage: 341kB
        ->  Seq Scan on title t  (cost=0.00..73925.90 rows=2905 width=4) (actual time=0.113..1029.887 rows=7852 loops=1)
              Filter: ((kind_id < 7) AND (production_year = 1986))
              Rows Removed by Filter: 2520460
Planning time: 0.772 ms
Execution time: 1492.840 ms
