Hash Join  (cost=73953.78..455805.55 rows=8358 width=0) (actual time=994.744..7313.522 rows=29925 loops=1)
  Hash Cond: (mi.movie_id = t.id)
  ->  Seq Scan on movie_info mi  (cost=0.00..346232.03 rows=9476311 width=4) (actual time=0.021..4869.121 rows=9565151 loops=1)
        Filter: (info_type_id < 16)
        Rows Removed by Filter: 5270569
  ->  Hash  (cost=73925.90..73925.90 rows=2230 width=4) (actual time=994.610..994.610 rows=3793 loops=1)
        Buckets: 4096  Batches: 1  Memory Usage: 166kB
        ->  Seq Scan on title t  (cost=0.00..73925.90 rows=2230 width=4) (actual time=12.164..992.648 rows=3793 loops=1)
              Filter: ((kind_id < 3) AND (production_year = 1963))
              Rows Removed by Filter: 2524519
Planning time: 0.836 ms
Execution time: 7319.066 ms
