Seq Scan on movie_keyword mk  (cost=0.00..81003.12 rows=840283 width=0) (actual time=0.021..1187.269 rows=840227 loops=1)
  Filter: (keyword_id < 804)
  Rows Removed by Filter: 3683703
Planning time: 0.286 ms
Execution time: 1296.892 ms
