Nested Loop  (cost=0.43..58375.45 rows=5 width=0) (actual time=460.062..829.575 rows=1 loops=1)
  ->  Seq Scan on movie_companies mc  (cost=0.00..57926.93 rows=53 width=4) (actual time=24.487..827.589 rows=40 loops=1)
        Filter: ((company_type_id > 1) AND (company_id = 1145))
        Rows Removed by Filter: 2609089
  ->  Index Scan using title_pkey on title t  (cost=0.43..8.45 rows=1 width=4) (actual time=0.046..0.046 rows=0 loops=40)
        Index Cond: (id = mc.movie_id)
        Filter: ((production_year < 1998) AND (kind_id = 1))
        Rows Removed by Filter: 1
Planning time: 0.547 ms
Execution time: 829.648 ms
