Seq Scan on movie_companies mc  (cost=0.00..51404.11 rows=2006677 width=0) (actual time=0.022..800.167 rows=2001686 loops=1)
  Filter: (company_id < 65485)
  Rows Removed by Filter: 607443
Planning time: 0.310 ms
Execution time: 1056.595 ms
