Hash Join  (cost=102767.86..179138.74 rows=627001 width=0) (actual time=1846.975..4262.858 rows=622435 loops=1)
  Hash Cond: (mc.movie_id = t.id)
  ->  Seq Scan on movie_companies mc  (cost=0.00..51404.11 rows=627001 width=4) (actual time=0.032..834.938 rows=622435 loops=1)
        Filter: (company_id < 780)
        Rows Removed by Filter: 1986694
  ->  Hash  (cost=61283.27..61283.27 rows=2528527 width=4) (actual time=1845.749..1845.749 rows=2528312 loops=1)
        Buckets: 131072  Batches: 64  Memory Usage: 2415kB
        ->  Seq Scan on title t  (cost=0.00..61283.27 rows=2528527 width=4) (actual time=0.007..983.944 rows=2528312 loops=1)
Planning time: 0.822 ms
Execution time: 4342.872 ms
