Seq Scan on movie_companies mc  (cost=0.00..51404.11 rows=2181538 width=0) (actual time=0.014..883.350 rows=2177404 loops=1)
  Filter: (company_id < 78979)
  Rows Removed by Filter: 431725
Planning time: 0.339 ms
Execution time: 1183.293 ms
