Hash Join  (cost=1075571.13..2043126.38 rows=37078181 width=0) (actual time=22248.755..57617.480 rows=82564830 loops=1)
  Hash Cond: (mi.movie_id = t.id)
  ->  Seq Scan on movie_info mi  (cost=0.00..309384.22 rows=14739122 width=4) (actual time=0.023..6272.860 rows=14835720 loops=1)
  ->  Hash  (cost=971212.64..971212.64 rows=6360839 width=8) (actual time=22247.157..22247.157 rows=6270189 loops=1)
        Buckets: 131072  Batches: 128  Memory Usage: 2995kB
        ->  Hash Join  (cost=102767.86..971212.64 rows=6360839 width=8) (actual time=2502.351..20427.353 rows=6270189 loops=1)
              Hash Cond: (ci.movie_id = t.id)
              ->  Seq Scan on cast_info ci  (cost=0.00..705507.15 rows=6360839 width=4) (actual time=94.153..12319.663 rows=6270189 loops=1)
                    Filter: (person_id < 603965)
                    Rows Removed by Filter: 29974155
              ->  Hash  (cost=61283.27..61283.27 rows=2528527 width=4) (actual time=2406.801..2406.801 rows=2528312 loops=1)
                    Buckets: 131072  Batches: 64  Memory Usage: 2415kB
                    ->  Seq Scan on title t  (cost=0.00..61283.27 rows=2528527 width=4) (actual time=0.038..1053.048 rows=2528312 loops=1)
Planning time: 3.729 ms
Execution time: 66267.641 ms
