Hash Join  (cost=78556.72..167395.22 rows=97146 width=0) (actual time=1174.032..2732.614 rows=263412 loops=1)
  Hash Cond: (mk.movie_id = t.id)
  ->  Seq Scan on movie_keyword mk  (cost=0.00..81003.12 rows=367977 width=4) (actual time=0.023..1213.988 rows=366307 loops=1)
        Filter: (keyword_id > 45912)
        Rows Removed by Filter: 4157623
  ->  Hash  (cost=67604.59..67604.59 rows=667531 width=4) (actual time=1173.001..1173.001 rows=662825 loops=1)
        Buckets: 131072  Batches: 16  Memory Usage: 2486kB
        ->  Seq Scan on title t  (cost=0.00..67604.59 rows=667531 width=4) (actual time=0.020..964.284 rows=662825 loops=1)
              Filter: (kind_id = 1)
              Rows Removed by Filter: 1865487
Planning time: 0.764 ms
Execution time: 2762.864 ms
