Hash Join  (cost=160627.29..202027.46 rows=216069 width=0) (actual time=3228.417..4406.737 rows=452459 loops=1)
  Hash Cond: (mi_idx.movie_id = t.id)
  ->  Seq Scan on movie_info_idx mi_idx  (cost=0.00..21735.35 rows=1380035 width=4) (actual time=0.020..398.640 rows=1380035 loops=1)
  ->  Hash  (cost=154131.72..154131.72 rows=395886 width=8) (actual time=3227.369..3227.369 rows=343187 loops=1)
        Buckets: 131072  Batches: 8  Memory Usage: 2685kB
        ->  Hash Join  (cost=82423.69..154131.72 rows=395886 width=8) (actual time=1457.440..3115.410 rows=343187 loops=1)
              Hash Cond: (mc.movie_id = t.id)
              ->  Seq Scan on movie_companies mc  (cost=0.00..51404.11 rows=1108282 width=4) (actual time=107.905..941.453 rows=1119079 loops=1)
                    Filter: (company_id > 13748)
                    Rows Removed by Filter: 1490050
              ->  Hash  (cost=67604.59..67604.59 rows=903208 width=4) (actual time=1348.464..1348.464 rows=904491 loops=1)
                    Buckets: 131072  Batches: 16  Memory Usage: 3010kB
                    ->  Seq Scan on title t  (cost=0.00..67604.59 rows=903208 width=4) (actual time=0.019..1063.149 rows=904491 loops=1)
                          Filter: (production_year > 2006)
                          Rows Removed by Filter: 1623821
Planning time: 1.287 ms
Execution time: 4464.575 ms
