Hash Join  (cost=207293.03..727077.24 rows=3746728 width=0) (actual time=5139.919..41122.869 rows=108199745 loops=1)
  Hash Cond: (mi.movie_id = t.id)
  ->  Seq Scan on movie_info mi  (cost=0.00..309384.22 rows=14739122 width=4) (actual time=0.016..5165.302 rows=14835720 loops=1)
  ->  Hash  (cost=196747.54..196747.54 rows=642759 width=8) (actual time=5138.567..5138.567 rows=1560183 loops=1)
        Buckets: 131072 (originally 131072)  Batches: 32 (originally 16)  Memory Usage: 3073kB
        ->  Hash Join  (cost=78556.72..196747.54 rows=642759 width=8) (actual time=1486.897..4266.391 rows=1560183 loops=1)
              Hash Cond: (mk.movie_id = t.id)
              ->  Seq Scan on movie_keyword mk  (cost=0.00..81003.12 rows=2434694 width=4) (actual time=0.021..1585.084 rows=2436206 loops=1)
                    Filter: (keyword_id < 5786)
                    Rows Removed by Filter: 2087724
              ->  Hash  (cost=67604.59..67604.59 rows=667531 width=4) (actual time=1151.209..1151.209 rows=662825 loops=1)
                    Buckets: 131072  Batches: 16  Memory Usage: 2486kB
                    ->  Seq Scan on title t  (cost=0.00..67604.59 rows=667531 width=4) (actual time=25.765..929.329 rows=662825 loops=1)
                          Filter: (kind_id = 1)
                          Rows Removed by Filter: 1865487
Planning time: 1.155 ms
Execution time: 53196.134 ms
