Hash Join  (cost=94973.51..245389.71 rows=2137804 width=0) (actual time=1752.084..5405.270 rows=881757 loops=1)
  Hash Cond: (mk.movie_id = t.id)
  ->  Seq Scan on movie_keyword mk  (cost=0.00..81003.12 rows=3240406 width=4) (actual time=0.024..1627.284 rows=3226888 loops=1)
        Filter: (keyword_id > 1683)
        Rows Removed by Filter: 1297042
  ->  Hash  (cost=67604.59..67604.59 rows=1668154 width=4) (actual time=1748.022..1748.022 rows=1674098 loops=1)
        Buckets: 131072  Batches: 32  Memory Usage: 2875kB
        ->  Seq Scan on title t  (cost=0.00..67604.59 rows=1668154 width=4) (actual time=0.013..1208.359 rows=1674098 loops=1)
              Filter: (kind_id > 3)
              Rows Removed by Filter: 854214
Planning time: 6.090 ms
Execution time: 5520.403 ms
