Seq Scan on cast_info ci  (cost=0.00..796071.18 rows=4926712 width=0) (actual time=5229.765..13757.472 rows=2089124 loops=1)
  Filter: ((person_id < 2307772) AND (role_id > 6))
  Rows Removed by Filter: 34155220
Planning time: 0.258 ms
Execution time: 14023.832 ms
