Hash Join  (cost=100399.99..696034.70 rows=8082454 width=0) (actual time=2237.044..16332.958 rows=5121766 loops=1)
  Hash Cond: (mi.movie_id = t.id)
  ->  Seq Scan on movie_info mi  (cost=0.00..346232.03 rows=12665229 width=4) (actual time=0.020..6566.960 rows=12744652 loops=1)
        Filter: (info_type_id > 2)
        Rows Removed by Filter: 2091068
  ->  Hash  (cost=73925.90..73925.90 rows=1613607 width=4) (actual time=2236.123..2236.123 rows=1724951 loops=1)
        Buckets: 131072  Batches: 32  Memory Usage: 2930kB
        ->  Seq Scan on title t  (cost=0.00..73925.90 rows=1613607 width=4) (actual time=0.015..1478.163 rows=1724951 loops=1)
              Filter: ((kind_id > 1) AND (production_year > 1962))
              Rows Removed by Filter: 803361
Planning time: 2.033 ms
Execution time: 16878.348 ms
