Seq Scan on movie_companies mc  (cost=0.00..57926.93 rows=2388 width=0) (actual time=2.031..757.092 rows=375 loops=1)
  Filter: ((company_id = 1427) AND (company_type_id = 1))
  Rows Removed by Filter: 2608754
Planning time: 0.370 ms
Execution time: 757.278 ms
