Seq Scan on cast_info ci  (cost=0.00..796071.18 rows=3728295 width=0) (actual time=4394.398..12448.794 rows=1854392 loops=1)
  Filter: ((person_id < 1544710) AND (role_id > 5))
  Rows Removed by Filter: 34389952
Planning time: 0.352 ms
Execution time: 12688.184 ms
