Seq Scan on title t  (cost=0.00..73925.90 rows=194252 width=0) (actual time=305.500..1219.614 rows=326032 loops=1)
  Filter: ((production_year < 1992) AND (kind_id = 1))
  Rows Removed by Filter: 2202280
Planning time: 0.318 ms
Execution time: 1261.096 ms
