Hash Join  (cost=1416664.19..2898233.75 rows=73164681 width=0) (actual time=27431.322..71330.129 rows=98423023 loops=1)
  Hash Cond: (mi.movie_id = t.id)
  ->  Seq Scan on movie_info mi  (cost=0.00..309384.22 rows=14739122 width=4) (actual time=0.024..5513.082 rows=14835720 loops=1)
  ->  Hash  (cost=1210739.77..1210739.77 rows=12551553 width=8) (actual time=27428.750..27428.750 rows=10452633 loops=1)
        Buckets: 131072  Batches: 256  Memory Usage: 2656kB
        ->  Hash Join  (cost=102767.86..1210739.77 rows=12551553 width=8) (actual time=1738.546..24404.858 rows=10452633 loops=1)
              Hash Cond: (ci.movie_id = t.id)
              ->  Seq Scan on cast_info ci  (cost=0.00..796071.18 rows=12551553 width=4) (actual time=0.019..13640.624 rows=10452633 loops=1)
                    Filter: ((person_id > 2036508) AND (role_id < 8))
                    Rows Removed by Filter: 25791711
              ->  Hash  (cost=61283.27..61283.27 rows=2528527 width=4) (actual time=1737.659..1737.659 rows=2528312 loops=1)
                    Buckets: 131072  Batches: 64  Memory Usage: 2415kB
                    ->  Seq Scan on title t  (cost=0.00..61283.27 rows=2528527 width=4) (actual time=0.013..909.392 rows=2528312 loops=1)
Planning time: 1.177 ms
Execution time: 81962.911 ms
