Seq Scan on cast_info ci  (cost=0.00..705507.15 rows=25673120 width=0) (actual time=0.054..12313.031 rows=25684762 loops=1)
  Filter: (person_id < 2653116)
  Rows Removed by Filter: 10559582
Planning time: 0.340 ms
Execution time: 15619.862 ms
