Seq Scan on cast_info ci  (cost=0.00..705507.15 rows=34133118 width=0) (actual time=0.014..12459.689 rows=34107457 loops=1)
  Filter: (person_id < 3645091)
  Rows Removed by Filter: 2136887
Planning time: 0.259 ms
Execution time: 16680.695 ms
