Hash Join  (cost=208847.73..1207544.48 rows=7075725 width=0) (actual time=4623.096..31542.200 rows=13886062 loops=1)
  Hash Cond: (ci.movie_id = t.id)
  ->  Seq Scan on cast_info ci  (cost=0.00..705507.15 rows=18917692 width=4) (actual time=0.025..13066.026 rows=18824103 loops=1)
        Filter: (person_id < 1875439)
        Rows Removed by Filter: 17420241
  ->  Hash  (cost=193331.02..193331.02 rows=945737 width=8) (actual time=4622.275..4622.275 rows=1113041 loops=1)
        Buckets: 131072  Batches: 16  Memory Usage: 3735kB
        ->  Hash Join  (cost=102767.86..193331.02 rows=945737 width=8) (actual time=2099.085..4298.346 rows=1113041 loops=1)
              Hash Cond: (mc.movie_id = t.id)
              ->  Seq Scan on movie_companies mc  (cost=0.00..57926.93 rows=945737 width=4) (actual time=106.320..1015.666 rows=1113041 loops=1)
                    Filter: ((company_id > 1451) AND (company_type_id > 1))
                    Rows Removed by Filter: 1496088
              ->  Hash  (cost=61283.27..61283.27 rows=2528527 width=4) (actual time=1991.484..1991.484 rows=2528312 loops=1)
                    Buckets: 131072  Batches: 64  Memory Usage: 2415kB
                    ->  Seq Scan on title t  (cost=0.00..61283.27 rows=2528527 width=4) (actual time=0.027..918.479 rows=2528312 loops=1)
Planning time: 1.133 ms
Execution time: 33201.226 ms
