Hash Join  (cost=451416.49..561593.94 rows=220349 width=0) (actual time=6992.108..9760.700 rows=1577013 loops=1)
  Hash Cond: (mk.movie_id = t.id)
  ->  Seq Scan on movie_keyword mk  (cost=0.00..81003.12 rows=2248756 width=4) (actual time=0.031..1502.767 rows=2251169 loops=1)
        Filter: (keyword_id < 4644)
        Rows Removed by Filter: 2272761
  ->  Hash  (cost=447351.45..447351.45 rows=247763 width=8) (actual time=6991.090..6991.090 rows=600840 loops=1)
        Buckets: 131072 (originally 131072)  Batches: 8 (originally 4)  Memory Usage: 3986kB
        ->  Hash Join  (cost=82004.01..447351.45 rows=247763 width=8) (actual time=1821.311..6809.470 rows=600840 loops=1)
              Hash Cond: (mi.movie_id = t.id)
              ->  Seq Scan on movie_info mi  (cost=0.00..346232.03 rows=1272478 width=4) (actual time=730.188..4822.554 rows=1325361 loops=1)
                    Filter: (info_type_id = 8)
                    Rows Removed by Filter: 13510359
              ->  Hash  (cost=73925.90..73925.90 rows=492328 width=4) (actual time=1090.159..1090.159 rows=570276 loops=1)
                    Buckets: 131072  Batches: 8  Memory Usage: 3554kB
                    ->  Seq Scan on title t  (cost=0.00..73925.90 rows=492328 width=4) (actual time=0.020..913.325 rows=570276 loops=1)
                          Filter: ((kind_id < 4) AND (production_year < 2006))
                          Rows Removed by Filter: 1958036
Planning time: 1.118 ms
Execution time: 9905.805 ms
