Hash Join  (cost=83198.94..431888.32 rows=4009 width=0) (actual time=5065.045..6052.742 rows=97743 loops=1)
  Hash Cond: (mi.movie_id = t.id)
  ->  Seq Scan on movie_info mi  (cost=0.00..346232.03 rows=17937 width=4) (actual time=3691.534..4513.540 rows=147487 loops=1)
        Filter: (info_type_id = 107)
        Rows Removed by Filter: 14688233
  ->  Hash  (cost=73925.90..73925.90 rows=565203 width=4) (actual time=1351.224..1351.224 rows=641785 loops=1)
        Buckets: 131072  Batches: 8  Memory Usage: 3871kB
        ->  Seq Scan on title t  (cost=0.00..73925.90 rows=565203 width=4) (actual time=0.033..1143.854 rows=641785 loops=1)
              Filter: ((kind_id < 7) AND (production_year < 2006))
              Rows Removed by Filter: 1886527
Planning time: 0.742 ms
Execution time: 6065.366 ms
