Hash Join  (cost=190230.21..1402236.19 rows=13164728 width=0) (actual time=5104.577..46460.642 rows=28566217 loops=1)
  Hash Cond: (ci.movie_id = t.id)
  ->  Seq Scan on cast_info ci  (cost=0.00..796071.18 rows=24120671 width=4) (actual time=0.015..17518.568 rows=26360882 loops=1)
        Filter: ((person_id < 2834360) AND (role_id < 10))
        Rows Removed by Filter: 9883462
  ->  Hash  (cost=167588.78..167588.78 rows=1380035 width=8) (actual time=5103.283..5103.283 rows=1380035 loops=1)
        Buckets: 131072  Batches: 32  Memory Usage: 2708kB
        ->  Hash Join  (cost=102767.86..167588.78 rows=1380035 width=8) (actual time=2686.668..4687.697 rows=1380035 loops=1)
              Hash Cond: (mi_idx.movie_id = t.id)
              ->  Seq Scan on movie_info_idx mi_idx  (cost=0.00..21735.35 rows=1380035 width=4) (actual time=0.022..483.684 rows=1380035 loops=1)
              ->  Hash  (cost=61283.27..61283.27 rows=2528527 width=4) (actual time=2684.897..2684.897 rows=2528312 loops=1)
                    Buckets: 131072  Batches: 64  Memory Usage: 2415kB
                    ->  Seq Scan on title t  (cost=0.00..61283.27 rows=2528527 width=4) (actual time=0.011..1095.581 rows=2528312 loops=1)
Planning time: 1.123 ms
Execution time: 49838.215 ms
