Seq Scan on movie_companies mc  (cost=0.00..57926.93 rows=51 width=0) (actual time=198.922..679.160 rows=12 loops=1)
  Filter: ((company_id = 12167) AND (company_type_id = 1))
  Rows Removed by Filter: 2609117
Planning time: 0.287 ms
Execution time: 679.263 ms
