Seq Scan on movie_companies mc  (cost=0.00..57926.93 rows=13435 width=0) (actual time=319.909..778.847 rows=12833 loops=1)
  Filter: ((company_id = 27) AND (company_type_id = 1))
  Rows Removed by Filter: 2596296
Planning time: 0.261 ms
Execution time: 780.970 ms
