Hash Join  (cost=74547.77..101729.77 rows=27152 width=0) (actual time=1087.858..1771.219 rows=39721 loops=1)
  Hash Cond: (mi_idx.movie_id = t.id)
  ->  Seq Scan on movie_info_idx mi_idx  (cost=0.00..21735.35 rows=1380035 width=4) (actual time=0.018..339.415 rows=1380035 loops=1)
  ->  Hash  (cost=73925.90..73925.90 rows=49749 width=4) (actual time=1087.494..1087.494 rows=44012 loops=1)
        Buckets: 65536  Batches: 1  Memory Usage: 2060kB
        ->  Seq Scan on title t  (cost=0.00..73925.90 rows=49749 width=4) (actual time=0.076..1069.657 rows=44012 loops=1)
              Filter: ((kind_id < 7) AND (production_year = 2009))
              Rows Removed by Filter: 2484300
Planning time: 0.517 ms
Execution time: 1777.176 ms
