Seq Scan on cast_info ci  (cost=0.00..705507.15 rows=29664084 width=0) (actual time=0.014..12139.183 rows=29761505 loops=1)
  Filter: (person_id > 625808)
  Rows Removed by Filter: 6482839
Planning time: 0.378 ms
Execution time: 15872.120 ms
