Hash Join  (cost=424203.74..1183290.83 rows=829787 width=0) (actual time=6350.832..25136.131 rows=1754355 loops=1)
  Hash Cond: (ci.movie_id = t.id)
  ->  Seq Scan on cast_info ci  (cost=0.00..614943.12 rows=36225612 width=4) (actual time=0.014..7898.739 rows=36244344 loops=1)
  ->  Hash  (cost=423479.75..423479.75 rows=57919 width=8) (actual time=6350.443..6350.443 rows=48547 loops=1)
        Buckets: 65536  Batches: 1  Memory Usage: 2409kB
        ->  Hash Join  (cost=68438.72..423479.75 rows=57919 width=8) (actual time=2478.403..6329.961 rows=48547 loops=1)
              Hash Cond: (mi.movie_id = t.id)
              ->  Seq Scan on movie_info mi  (cost=0.00..346232.03 rows=2194617 width=4) (actual time=1540.957..4873.630 rows=2233850 loops=1)
                    Filter: (info_type_id > 16)
                    Rows Removed by Filter: 12601870
              ->  Hash  (cost=67604.59..67604.59 rows=66731 width=4) (actual time=936.653..936.653 rows=67342 loops=1)
                    Buckets: 131072  Batches: 1  Memory Usage: 3392kB
                    ->  Seq Scan on title t  (cost=0.00..67604.59 rows=66731 width=4) (actual time=0.038..908.990 rows=67342 loops=1)
                          Filter: (production_year > 2012)
                          Rows Removed by Filter: 2460970
Planning time: 2.779 ms
Execution time: 25372.365 ms
