Hash Join  (cost=93093.72..687954.61 rows=9056206 width=0) (actual time=1871.005..16431.808 rows=4078471 loops=1)
  Hash Cond: (mi.movie_id = t.id)
  ->  Seq Scan on movie_info mi  (cost=0.00..309384.22 rows=14739122 width=4) (actual time=0.012..5987.244 rows=14835720 loops=1)
  ->  Hash  (cost=67604.59..67604.59 rows=1553611 width=4) (actual time=1869.451..1869.451 rows=1555864 loops=1)
        Buckets: 131072  Batches: 32  Memory Usage: 2740kB
        ->  Seq Scan on title t  (cost=0.00..67604.59 rows=1553611 width=4) (actual time=0.021..1350.665 rows=1555864 loops=1)
              Filter: (kind_id > 4)
              Rows Removed by Filter: 972448
Planning time: 0.461 ms
Execution time: 16897.475 ms
