Seq Scan on movie_companies mc  (cost=0.00..57926.93 rows=737025 width=0) (actual time=0.023..986.363 rows=1014806 loops=1)
  Filter: ((company_id < 13789) AND (company_type_id < 2))
  Rows Removed by Filter: 1594323
Planning time: 0.327 ms
Execution time: 1116.037 ms
