Hash Join  (cost=156487.41..890526.95 rows=364071 width=0) (actual time=7423.218..14822.291 rows=1036342 loops=1)
  Hash Cond: (ci.movie_id = t.id)
  ->  Seq Scan on cast_info ci  (cost=0.00..705507.15 rows=1996981 width=4) (actual time=4027.015..10090.600 rows=2036647 loops=1)
        Filter: (person_id > 3662539)
        Rows Removed by Filter: 34207697
  ->  Hash  (cost=148924.19..148924.19 rows=460978 width=8) (actual time=3394.842..3394.842 rows=459925 loops=1)
        Buckets: 131072  Batches: 8  Memory Usage: 3275kB
        ->  Hash Join  (cost=102767.86..148924.19 rows=460978 width=8) (actual time=1851.221..3253.057 rows=459925 loops=1)
              Hash Cond: (mi_idx.movie_id = t.id)
              ->  Seq Scan on movie_info_idx mi_idx  (cost=0.00..25185.44 rows=460978 width=4) (actual time=0.040..449.555 rows=459925 loops=1)
                    Filter: (info_type_id = 99)
                    Rows Removed by Filter: 920110
              ->  Hash  (cost=61283.27..61283.27 rows=2528527 width=4) (actual time=1849.541..1849.541 rows=2528312 loops=1)
                    Buckets: 131072  Batches: 64  Memory Usage: 2415kB
                    ->  Seq Scan on title t  (cost=0.00..61283.27 rows=2528527 width=4) (actual time=0.020..1003.841 rows=2528312 loops=1)
Planning time: 8.502 ms
Execution time: 14943.910 ms
