Seq Scan on movie_keyword mk  (cost=0.00..81003.12 rows=1341459 width=0) (actual time=0.024..1254.001 rows=1352421 loops=1)
  Filter: (keyword_id > 12491)
  Rows Removed by Filter: 3171509
Planning time: 0.315 ms
Execution time: 1428.092 ms
