Hash Join  (cost=201914.71..279869.67 rows=210744 width=0) (actual time=3910.002..6358.893 rows=1827757 loops=1)
  Hash Cond: (mc.movie_id = t.id)
  ->  Seq Scan on movie_companies mc  (cost=0.00..44881.29 rows=2609129 width=4) (actual time=0.024..817.162 rows=2609129 loops=1)
  ->  Hash  (cost=198563.79..198563.79 rows=204234 width=8) (actual time=3778.332..3778.332 rows=205450 loops=1)
        Buckets: 131072  Batches: 4  Memory Usage: 3039kB
        ->  Hash Join  (cost=102767.86..198563.79 rows=204234 width=8) (actual time=1978.050..3712.290 rows=205450 loops=1)
              Hash Cond: (mk.movie_id = t.id)
              ->  Seq Scan on movie_keyword mk  (cost=0.00..81003.12 rows=204234 width=4) (actual time=98.142..1242.912 rows=205450 loops=1)
                    Filter: (keyword_id > 67425)
                    Rows Removed by Filter: 4318480
              ->  Hash  (cost=61283.27..61283.27 rows=2528527 width=4) (actual time=1876.650..1876.650 rows=2528312 loops=1)
                    Buckets: 131072  Batches: 64  Memory Usage: 2425kB
                    ->  Seq Scan on title t  (cost=0.00..61283.27 rows=2528527 width=4) (actual time=0.021..1014.166 rows=2528312 loops=1)
Planning time: 1.108 ms
Execution time: 6577.560 ms
