Hash Join  (cost=278888.54..1681323.91 rows=31476720 width=0) (actual time=6266.183..44853.516 rows=32612102 loops=1)
  Hash Cond: (ci.movie_id = t.id)
  ->  Seq Scan on cast_info ci  (cost=0.00..614943.12 rows=36225612 width=4) (actual time=0.017..12150.957 rows=36244344 loops=1)
  ->  Hash  (cost=242842.33..242842.33 rows=2197057 width=8) (actual time=6264.593..6264.593 rows=1225880 loops=1)
        Buckets: 131072  Batches: 32  Memory Usage: 2486kB
        ->  Hash Join  (cost=94072.72..242842.33 rows=2197057 width=8) (actual time=1743.883..5846.354 rows=1225880 loops=1)
              Hash Cond: (mk.movie_id = t.id)
              ->  Seq Scan on movie_keyword mk  (cost=0.00..69693.30 rows=4523930 width=4) (actual time=0.017..1150.658 rows=4523930 loops=1)
              ->  Hash  (cost=73925.90..73925.90 rows=1227985 width=4) (actual time=1741.236..1741.236 rows=1197374 loops=1)
                    Buckets: 131072  Batches: 32  Memory Usage: 2346kB
                    ->  Seq Scan on title t  (cost=0.00..73925.90 rows=1227985 width=4) (actual time=0.021..1327.946 rows=1197374 loops=1)
                          Filter: ((kind_id > 1) AND (production_year < 2008))
                          Rows Removed by Filter: 1330938
Planning time: 1.198 ms
Execution time: 48186.746 ms
