Seq Scan on movie_keyword mk  (cost=0.00..81003.12 rows=2586669 width=12) (actual time=0.019..1319.433 rows=2577325 loops=1)
  Filter: (keyword_id < 6683)
  Rows Removed by Filter: 1946605
Planning time: 0.207 ms
Execution time: 1451.867 ms
