Seq Scan on movie_keyword mk  (cost=0.00..81003.12 rows=246 width=0) (actual time=11.231..1147.466 rows=177 loops=1)
  Filter: (keyword_id = 24753)
  Rows Removed by Filter: 4523753
Planning time: 0.367 ms
Execution time: 1147.677 ms
