Hash Join  (cost=159267.81..912863.63 rows=36595 width=0) (actual time=7646.339..17012.900 rows=28112 loops=1)
  Hash Cond: (ci.movie_id = t.id)
  ->  Seq Scan on cast_info ci  (cost=0.00..705507.15 rows=12726058 width=4) (actual time=4614.585..12021.706 rows=12670688 loops=1)
        Filter: (role_id < 2)
        Rows Removed by Filter: 23573656
  ->  Hash  (cost=159176.92..159176.92 rows=7271 width=8) (actual time=3031.334..3031.334 rows=2782 loops=1)
        Buckets: 8192  Batches: 1  Memory Usage: 173kB
        ->  Hash Join  (cost=75464.55..159176.92 rows=7271 width=8) (actual time=1166.512..3030.068 rows=2782 loops=1)
              Hash Cond: (mk.movie_id = t.id)
              ->  Seq Scan on movie_keyword mk  (cost=0.00..81003.12 rows=196142 width=4) (actual time=0.052..1276.846 rows=212018 loops=1)
                    Filter: (keyword_id < 141)
                    Rows Removed by Filter: 4311912
              ->  Hash  (cost=73925.90..73925.90 rows=93732 width=4) (actual time=1165.195..1165.195 rows=100592 loops=1)
                    Buckets: 131072  Batches: 2  Memory Usage: 2797kB
                    ->  Seq Scan on title t  (cost=0.00..73925.90 rows=93732 width=4) (actual time=0.057..1125.712 rows=100592 loops=1)
                          Filter: ((kind_id > 1) AND (production_year = 2009))
                          Rows Removed by Filter: 2427720
Planning time: 1.132 ms
Execution time: 17018.197 ms
