Seq Scan on title t  (cost=0.00..73925.90 rows=14816 width=0) (actual time=557.798..1075.024 rows=35049 loops=1)
  Filter: ((kind_id < 7) AND (production_year < 1912))
  Rows Removed by Filter: 2493263
Planning time: 0.341 ms
Execution time: 1080.692 ms
