Seq Scan on cast_info ci  (cost=0.00..796071.18 rows=1118691 width=0) (actual time=4338.305..11757.545 rows=3339424 loops=1)
  Filter: ((person_id > 3447977) AND (role_id > 3))
  Rows Removed by Filter: 32904920
Planning time: 0.339 ms
Execution time: 12173.447 ms
