Seq Scan on movie_companies mc  (cost=0.00..57926.93 rows=33636 width=0) (actual time=349.958..807.526 rows=64936 loops=1)
  Filter: ((company_id > 180202) AND (company_type_id = 2))
  Rows Removed by Filter: 2544193
Planning time: 0.333 ms
Execution time: 816.111 ms
