Hash Join  (cost=175369.48..1179676.85 rows=2599189 width=0) (actual time=4194.363..29379.277 rows=4695383 loops=1)
  Hash Cond: (ci.movie_id = t.id)
  ->  Seq Scan on cast_info ci  (cost=0.00..705507.15 rows=23499554 width=4) (actual time=933.633..15237.089 rows=23573656 loops=1)
        Filter: (role_id > 1)
        Rows Removed by Filter: 12670688
  ->  Hash  (cost=170780.61..170780.61 rows=279670 width=8) (actual time=3259.775..3259.775 rows=282307 loops=1)
        Buckets: 131072  Batches: 4  Memory Usage: 3780kB
        ->  Hash Join  (cost=102767.86..170780.61 rows=279670 width=8) (actual time=2119.051..3175.325 rows=282307 loops=1)
              Hash Cond: (mc.movie_id = t.id)
              ->  Seq Scan on movie_companies mc  (cost=0.00..51404.11 rows=279670 width=4) (actual time=329.853..775.052 rows=282307 loops=1)
                    Filter: (company_id > 95666)
                    Rows Removed by Filter: 2326822
              ->  Hash  (cost=61283.27..61283.27 rows=2528527 width=4) (actual time=1788.025..1788.025 rows=2528312 loops=1)
                    Buckets: 131072  Batches: 64  Memory Usage: 2415kB
                    ->  Seq Scan on title t  (cost=0.00..61283.27 rows=2528527 width=4) (actual time=0.021..980.266 rows=2528312 loops=1)
Planning time: 0.859 ms
Execution time: 29856.576 ms
