Nested Loop  (cost=32814.54..126337.57 rows=155 width=0) (actual time=648.164..1930.511 rows=105 loops=1)
  ->  Hash Join  (cost=32814.11..117613.38 rows=10269 width=8) (actual time=648.117..1853.848 rows=2648 loops=1)
        Hash Cond: (mk.movie_id = mi_idx.movie_id)
        ->  Seq Scan on movie_keyword mk  (cost=0.00..81003.12 rows=10254 width=4) (actual time=0.239..1126.653 rows=8567 loops=1)
              Filter: (keyword_id = 3636)
              Rows Removed by Filter: 4515363
        ->  Hash  (cost=25185.44..25185.44 rows=464934 width=4) (actual time=428.136..428.136 rows=460185 loops=1)
              Buckets: 131072  Batches: 8  Memory Usage: 3060kB
              ->  Seq Scan on movie_info_idx mi_idx  (cost=0.00..25185.44 rows=464934 width=4) (actual time=0.014..311.266 rows=460185 loops=1)
                    Filter: (info_type_id > 100)
                    Rows Removed by Filter: 919850
  ->  Index Scan using title_pkey on title t  (cost=0.43..0.84 rows=1 width=4) (actual time=0.028..0.028 rows=0 loops=2648)
        Index Cond: (id = mi_idx.movie_id)
        Filter: ((production_year > 2007) AND (kind_id = 1))
        Rows Removed by Filter: 1
Planning time: 1.120 ms
Execution time: 1930.684 ms
