Hash Join  (cost=755832.11..1135222.00 rows=73 width=0) (actual time=11502.556..16730.906 rows=1 loops=1)
  Hash Cond: (mi.movie_id = t.id)
  ->  Seq Scan on movie_info mi  (cost=0.00..346232.03 rows=8841901 width=4) (actual time=101.696..5518.220 rows=8950757 loops=1)
        Filter: (info_type_id > 6)
        Rows Removed by Filter: 5884963
  ->  Hash  (cost=755831.85..755831.85 rows=21 width=8) (actual time=9979.638..9979.638 rows=1 loops=1)
        Buckets: 1024  Batches: 1  Memory Usage: 9kB
        ->  Nested Loop  (cost=0.43..755831.85 rows=21 width=8) (actual time=5932.604..9979.588 rows=1 loops=1)
              ->  Seq Scan on cast_info ci  (cost=0.00..705507.15 rows=7245 width=4) (actual time=205.363..9973.984 rows=346 loops=1)
                    Filter: (person_id = 813469)
                    Rows Removed by Filter: 36243998
              ->  Index Scan using title_pkey on title t  (cost=0.43..6.94 rows=1 width=4) (actual time=0.015..0.015 rows=0 loops=346)
                    Index Cond: (id = ci.movie_id)
                    Filter: (production_year = 1954)
                    Rows Removed by Filter: 1
Planning time: 2.079 ms
Execution time: 16731.076 ms
