Seq Scan on movie_companies mc  (cost=0.00..57926.93 rows=270318 width=0) (actual time=0.015..805.152 rows=140660 loops=1)
  Filter: ((company_id < 502) AND (company_type_id > 1))
  Rows Removed by Filter: 2468469
Planning time: 0.320 ms
Execution time: 823.447 ms
