Seq Scan on cast_info ci  (cost=0.00..796071.18 rows=3894036 width=0) (actual time=0.021..11578.533 rows=8708677 loops=1)
  Filter: ((person_id > 2819145) AND (role_id > 2))
  Rows Removed by Filter: 27535667
Planning time: 0.270 ms
Execution time: 12642.092 ms
