Hash Join  (cost=175027.18..296085.64 rows=872091 width=0) (actual time=3510.747..7662.670 rows=3678528 loops=1)
  Hash Cond: (mk.movie_id = t.id)
  ->  Seq Scan on movie_keyword mk  (cost=0.00..81003.12 rows=2399313 width=4) (actual time=0.017..1454.822 rows=2400187 loops=1)
        Filter: (keyword_id < 5591)
        Rows Removed by Filter: 2123743
  ->  Hash  (cost=159947.97..159947.97 rows=919057 width=8) (actual time=3509.033..3509.033 rows=920110 loops=1)
        Buckets: 131072  Batches: 16  Memory Usage: 3283kB
        ->  Hash Join  (cost=102767.86..159947.97 rows=919057 width=8) (actual time=1678.638..3252.582 rows=920110 loops=1)
              Hash Cond: (mi_idx.movie_id = t.id)
              ->  Seq Scan on movie_info_idx mi_idx  (cost=0.00..25185.44 rows=919057 width=4) (actual time=0.016..501.702 rows=920110 loops=1)
                    Filter: (info_type_id > 99)
                    Rows Removed by Filter: 459925
              ->  Hash  (cost=61283.27..61283.27 rows=2528527 width=4) (actual time=1677.172..1677.172 rows=2528312 loops=1)
                    Buckets: 131072  Batches: 64  Memory Usage: 2415kB
                    ->  Seq Scan on title t  (cost=0.00..61283.27 rows=2528527 width=4) (actual time=0.022..886.498 rows=2528312 loops=1)
Planning time: 1.128 ms
Execution time: 8084.424 ms
