Seq Scan on movie_companies mc  (cost=0.00..51404.11 rows=104 width=0) (actual time=98.420..728.899 rows=234 loops=1)
  Filter: (company_id = 14087)
  Rows Removed by Filter: 2608895
Planning time: 0.345 ms
Execution time: 729.052 ms
