Seq Scan on cast_info ci  (cost=0.00..705507.15 rows=500 width=0) (actual time=1675.717..10167.159 rows=22 loops=1)
  Filter: (person_id = 3647272)
  Rows Removed by Filter: 36244322
Planning time: 0.351 ms
Execution time: 10167.270 ms
