Hash Join  (cost=175027.18..302208.90 rows=1018532 width=0) (actual time=3640.420..7591.249 rows=4307799 loops=1)
  Hash Cond: (mk.movie_id = t.id)
  ->  Seq Scan on movie_keyword mk  (cost=0.00..81003.12 rows=2802205 width=4) (actual time=0.014..1617.633 rows=2790769 loops=1)
        Filter: (keyword_id < 8159)
        Rows Removed by Filter: 1733161
  ->  Hash  (cost=159947.97..159947.97 rows=919057 width=8) (actual time=3639.396..3639.396 rows=920110 loops=1)
        Buckets: 131072  Batches: 16  Memory Usage: 3283kB
        ->  Hash Join  (cost=102767.86..159947.97 rows=919057 width=8) (actual time=1686.846..3351.418 rows=920110 loops=1)
              Hash Cond: (mi_idx.movie_id = t.id)
              ->  Seq Scan on movie_info_idx mi_idx  (cost=0.00..25185.44 rows=919057 width=4) (actual time=0.021..489.894 rows=920110 loops=1)
                    Filter: (info_type_id > 99)
                    Rows Removed by Filter: 459925
              ->  Hash  (cost=61283.27..61283.27 rows=2528527 width=4) (actual time=1685.253..1685.253 rows=2528312 loops=1)
                    Buckets: 131072  Batches: 64  Memory Usage: 2415kB
                    ->  Seq Scan on title t  (cost=0.00..61283.27 rows=2528527 width=4) (actual time=0.014..850.520 rows=2528312 loops=1)
Planning time: 1.121 ms
Execution time: 8066.247 ms
