Hash Join  (cost=90991.69..170328.67 rows=626326 width=0) (actual time=1929.298..3501.739 rows=139359 loops=1)
  Hash Cond: (mc.movie_id = t.id)
  ->  Seq Scan on movie_companies mc  (cost=0.00..51404.11 rows=1522561 width=4) (actual time=0.026..921.084 rows=1528848 loops=1)
        Filter: (company_id > 6914)
        Rows Removed by Filter: 1080281
  ->  Hash  (cost=73925.90..73925.90 rows=1040143 width=4) (actual time=1606.480..1606.480 rows=1134228 loops=1)
        Buckets: 131072  Batches: 16  Memory Usage: 3525kB
        ->  Seq Scan on title t  (cost=0.00..73925.90 rows=1040143 width=4) (actual time=190.036..1255.809 rows=1134228 loops=1)
              Filter: ((production_year > 1992) AND (kind_id = 7))
              Rows Removed by Filter: 1394084
Planning time: 0.739 ms
Execution time: 3520.018 ms
