Seq Scan on movie_companies mc  (cost=0.00..51404.11 rows=104 width=0) (actual time=1.335..761.157 rows=121 loops=1)
  Filter: (company_id = 9774)
  Rows Removed by Filter: 2609008
Planning time: 0.285 ms
Execution time: 761.264 ms
