Hash Join  (cost=92883.59..227533.40 rows=1535035 width=0) (actual time=3758.539..5133.191 rows=337930 loops=1)
  Hash Cond: (mk.movie_id = t.id)
  ->  Seq Scan on movie_keyword mk  (cost=0.00..81003.12 rows=2519067 width=4) (actual time=0.019..1610.262 rows=2509631 loops=1)
        Filter: (keyword_id < 6187)
        Rows Removed by Filter: 2014299
  ->  Hash  (cost=67604.59..67604.59 rows=1540800 width=4) (actual time=1605.360..1605.360 rows=1543264 loops=1)
        Buckets: 131072  Batches: 32  Memory Usage: 2728kB
        ->  Seq Scan on title t  (cost=0.00..67604.59 rows=1540800 width=4) (actual time=0.016..1106.141 rows=1543264 loops=1)
              Filter: (kind_id = 7)
              Rows Removed by Filter: 985048
Planning time: 1.770 ms
Execution time: 5165.871 ms
