Seq Scan on cast_info ci  (cost=0.00..796071.18 rows=14721764 width=0) (actual time=0.025..15021.604 rows=20122661 loops=1)
  Filter: ((person_id < 2750345) AND (role_id < 3))
  Rows Removed by Filter: 16121683
Planning time: 0.338 ms
Execution time: 17576.817 ms
