Seq Scan on cast_info ci  (cost=0.00..705507.15 rows=36191496 width=0) (actual time=0.032..12115.653 rows=36197528 loops=1)
  Filter: (person_id < 4054805)
  Rows Removed by Filter: 46816
Planning time: 0.703 ms
Execution time: 16369.943 ms
