Seq Scan on movie_companies mc  (cost=0.00..57926.93 rows=341682 width=0) (actual time=38.442..876.783 rows=647541 loops=1)
  Filter: ((company_id > 49529) AND (company_type_id > 1))
  Rows Removed by Filter: 1961588
Planning time: 0.327 ms
Execution time: 959.177 ms
