Seq Scan on movie_companies mc  (cost=0.00..57926.93 rows=53 width=0) (actual time=181.988..674.131 rows=25 loops=1)
  Filter: ((company_id = 25636) AND (company_type_id = 2))
  Rows Removed by Filter: 2609104
Planning time: 0.371 ms
Execution time: 674.230 ms
