Hash Join  (cost=102767.86..300930.68 rows=4458443 width=0) (actual time=1681.939..7492.623 rows=4456385 loops=1)
  Hash Cond: (mk.movie_id = t.id)
  ->  Seq Scan on movie_keyword mk  (cost=0.00..81003.12 rows=4458443 width=4) (actual time=0.015..1772.702 rows=4456385 loops=1)
        Filter: (keyword_id > 56)
        Rows Removed by Filter: 67545
  ->  Hash  (cost=61283.27..61283.27 rows=2528527 width=4) (actual time=1678.180..1678.180 rows=2528312 loops=1)
        Buckets: 131072  Batches: 64  Memory Usage: 2425kB
        ->  Seq Scan on title t  (cost=0.00..61283.27 rows=2528527 width=4) (actual time=0.021..882.042 rows=2528312 loops=1)
Planning time: 0.704 ms
Execution time: 8047.455 ms
