Nested Loop  (cost=0.43..796925.39 rows=101 width=0) (actual time=1451.965..9955.785 rows=139 loops=1)
  ->  Seq Scan on cast_info ci  (cost=0.00..796071.18 rows=101 width=4) (actual time=1451.869..9952.156 rows=139 loops=1)
        Filter: ((person_id = 2261472) AND (role_id = 2))
        Rows Removed by Filter: 36244205
  ->  Index Only Scan using title_pkey on title t  (cost=0.43..8.45 rows=1 width=4) (actual time=0.025..0.025 rows=1 loops=139)
        Index Cond: (id = ci.movie_id)
        Heap Fetches: 139
Planning time: 0.748 ms
Execution time: 9955.911 ms
