Hash Join  (cost=275040.26..1650113.74 rows=28813130 width=0) (actual time=6226.120..60716.213 rows=94252626 loops=1)
  Hash Cond: (ci.movie_id = t.id)
  ->  Seq Scan on cast_info ci  (cost=0.00..614943.12 rows=36225612 width=4) (actual time=0.014..13678.552 rows=36244344 loops=1)
  ->  Hash  (cost=242044.01..242044.01 rows=2011140 width=8) (actual time=6225.178..6225.178 rows=2015845 loops=1)
        Buckets: 131072  Batches: 32  Memory Usage: 3468kB
        ->  Hash Join  (cost=102767.86..242044.01 rows=2011140 width=8) (actual time=2143.607..5646.286 rows=2015845 loops=1)
              Hash Cond: (mk.movie_id = t.id)
              ->  Seq Scan on movie_keyword mk  (cost=0.00..81003.12 rows=2011140 width=4) (actual time=0.016..1485.415 rows=2015845 loops=1)
                    Filter: (keyword_id < 3600)
                    Rows Removed by Filter: 2508085
              ->  Hash  (cost=61283.27..61283.27 rows=2528527 width=4) (actual time=2142.528..2142.528 rows=2528312 loops=1)
                    Buckets: 131072  Batches: 64  Memory Usage: 2425kB
                    ->  Seq Scan on title t  (cost=0.00..61283.27 rows=2528527 width=4) (actual time=0.023..1258.996 rows=2528312 loops=1)
Planning time: 1.035 ms
Execution time: 71017.858 ms
