Hash Join  (cost=122333.31..1180917.89 rows=2412347 width=0) (actual time=2993.491..31987.055 rows=5487407 loops=1)
  Hash Cond: (ci.movie_id = t.id)
  ->  Seq Scan on cast_info ci  (cost=0.00..614943.12 rows=36225612 width=4) (actual time=0.016..12203.708 rows=36244344 loops=1)
  ->  Hash  (cost=119570.56..119570.56 rows=168380 width=8) (actual time=2992.540..2992.540 rows=195295 loops=1)
        Buckets: 131072  Batches: 4  Memory Usage: 2921kB
        ->  Hash Join  (cost=78988.28..119570.56 rows=168380 width=8) (actual time=1873.498..2939.731 rows=195295 loops=1)
              Hash Cond: (mi_idx.movie_id = t.id)
              ->  Seq Scan on movie_info_idx mi_idx  (cost=0.00..21735.35 rows=1380035 width=4) (actual time=0.013..429.082 rows=1380035 loops=1)
              ->  Hash  (cost=73925.90..73925.90 rows=308510 width=4) (actual time=1872.612..1872.612 rows=266599 loops=1)
                    Buckets: 131072  Batches: 8  Memory Usage: 2191kB
                    ->  Seq Scan on title t  (cost=0.00..73925.90 rows=308510 width=4) (actual time=0.017..1056.150 rows=266599 loops=1)
                          Filter: ((kind_id < 7) AND (production_year > 2007))
                          Rows Removed by Filter: 2261713
Planning time: 1.119 ms
Execution time: 32621.456 ms
