Seq Scan on cast_info ci  (cost=0.00..796071.18 rows=435 width=0) (actual time=4411.168..12844.643 rows=11 loops=1)
  Filter: ((role_id < 10) AND (person_id = 1328440))
  Rows Removed by Filter: 36244333
Planning time: 0.388 ms
Execution time: 12844.801 ms
