Hash Join  (cost=78556.72..155364.71 rows=423717 width=0) (actual time=1387.075..3576.007 rows=689277 loops=1)
  Hash Cond: (mc.movie_id = t.id)
  ->  Seq Scan on movie_companies mc  (cost=0.00..51404.11 rows=1604988 width=4) (actual time=0.020..1077.975 rows=1595555 loops=1)
        Filter: (company_id < 16274)
        Rows Removed by Filter: 1013574
  ->  Hash  (cost=67604.59..67604.59 rows=667531 width=4) (actual time=1386.278..1386.278 rows=662825 loops=1)
        Buckets: 131072  Batches: 16  Memory Usage: 2476kB
        ->  Seq Scan on title t  (cost=0.00..67604.59 rows=667531 width=4) (actual time=0.015..1184.980 rows=662825 loops=1)
              Filter: (kind_id = 1)
              Rows Removed by Filter: 1865487
Planning time: 0.704 ms
Execution time: 3664.638 ms
