Seq Scan on title t  (cost=0.00..73925.90 rows=13850 width=0) (actual time=0.041..894.082 rows=8380 loops=1)
  Filter: ((production_year < 1971) AND (kind_id = 2))
  Rows Removed by Filter: 2519932
Planning time: 0.365 ms
Execution time: 896.007 ms
