Hash Join  (cost=242611.37..415998.26 rows=3753494 width=0) (actual time=5377.631..14744.438 rows=27606438 loops=1)
  Hash Cond: (mk.movie_id = t.id)
  ->  Seq Scan on movie_keyword mk  (cost=0.00..69693.30 rows=4523930 width=4) (actual time=0.013..1276.420 rows=4523930 loops=1)
  ->  Hash  (cost=208192.45..208192.45 rows=2097913 width=8) (actual time=5376.724..5376.724 rows=1855839 loops=1)
        Buckets: 131072  Batches: 32  Memory Usage: 3333kB
        ->  Hash Join  (cost=100960.39..208192.45 rows=2097913 width=8) (actual time=1858.678..4862.570 rows=1855839 loops=1)
              Hash Cond: (mc.movie_id = t.id)
              ->  Seq Scan on movie_companies mc  (cost=0.00..44881.29 rows=2609129 width=4) (actual time=0.009..855.657 rows=2609129 loops=1)
              ->  Hash  (cost=67604.59..67604.59 rows=2033104 width=4) (actual time=1857.916..1857.916 rows=2032439 loops=1)
                    Buckets: 131072  Batches: 32  Memory Usage: 3261kB
                    ->  Seq Scan on title t  (cost=0.00..67604.59 rows=2033104 width=4) (actual time=0.016..1212.720 rows=2032439 loops=1)
                          Filter: (production_year > 1973)
                          Rows Removed by Filter: 495873
Planning time: 0.742 ms
Execution time: 17681.019 ms
