Nested Loop  (cost=0.43..709673.15 rows=368 width=0) (actual time=4488.524..9923.570 rows=163 loops=1)
  ->  Seq Scan on cast_info ci  (cost=0.00..705507.15 rows=500 width=4) (actual time=4488.421..9920.220 rows=164 loops=1)
        Filter: (person_id = 1582736)
        Rows Removed by Filter: 36244180
  ->  Index Scan using title_pkey on title t  (cost=0.43..8.32 rows=1 width=4) (actual time=0.019..0.019 rows=1 loops=164)
        Index Cond: (id = ci.movie_id)
        Filter: (kind_id > 1)
        Rows Removed by Filter: 0
Planning time: 0.775 ms
Execution time: 9923.759 ms
