Hash Join  (cost=192620.20..1344561.03 rows=11500166 width=0) (actual time=3595.827..32647.899 rows=5476045 loops=1)
  Hash Cond: (ci.movie_id = t.id)
  ->  Seq Scan on cast_info ci  (cost=0.00..614943.12 rows=36225612 width=4) (actual time=0.012..11736.763 rows=36244344 loops=1)
  ->  Hash  (cost=179450.39..179450.39 rows=802705 width=8) (actual time=3594.514..3594.514 rows=192884 loops=1)
        Buckets: 131072  Batches: 16  Memory Usage: 1489kB
        ->  Hash Join  (cost=98498.33..179450.39 rows=802705 width=8) (actual time=2365.829..3546.970 rows=192884 loops=1)
              Hash Cond: (mc.movie_id = t.id)
              ->  Seq Scan on movie_companies mc  (cost=0.00..51404.11 rows=1355173 width=4) (actual time=127.956..903.214 rows=1364807 loops=1)
                    Filter: (company_id > 11147)
                    Rows Removed by Filter: 1244322
              ->  Hash  (cost=73925.90..73925.90 rows=1497714 width=4) (actual time=1786.882..1786.882 rows=1478440 loops=1)
                    Buckets: 131072  Batches: 32  Memory Usage: 2651kB
                    ->  Seq Scan on title t  (cost=0.00..73925.90 rows=1497714 width=4) (actual time=0.023..1299.010 rows=1478440 loops=1)
                          Filter: ((production_year > 0) AND (kind_id = 7))
                          Rows Removed by Filter: 1049872
Planning time: 1.164 ms
Execution time: 33274.247 ms
