Hash Join  (cost=124689.77..221773.48 rows=48437 width=0) (actual time=1828.967..3878.903 rows=34877 loops=1)
  Hash Cond: (mk.movie_id = t.id)
  ->  Seq Scan on movie_keyword mk  (cost=0.00..81003.12 rows=4158993 width=4) (actual time=0.013..1405.543 rows=4162624 loops=1)
        Filter: (keyword_id < 46166)
        Rows Removed by Filter: 361306
  ->  Hash  (cost=124321.67..124321.67 rows=29448 width=8) (actual time=1828.716..1828.716 rows=16098 loops=1)
        Buckets: 32768  Batches: 1  Memory Usage: 885kB
        ->  Hash Join  (cost=68438.72..124321.67 rows=29448 width=8) (actual time=829.858..1821.980 rows=16098 loops=1)
              Hash Cond: (mc.movie_id = t.id)
              ->  Seq Scan on movie_companies mc  (cost=0.00..51404.11 rows=1115826 width=4) (actual time=0.021..714.109 rows=1112512 loops=1)
                    Filter: (company_id < 7835)
                    Rows Removed by Filter: 1496617
              ->  Hash  (cost=67604.59..67604.59 rows=66731 width=4) (actual time=829.049..829.049 rows=67342 loops=1)
                    Buckets: 131072  Batches: 1  Memory Usage: 3392kB
                    ->  Seq Scan on title t  (cost=0.00..67604.59 rows=66731 width=4) (actual time=0.027..801.071 rows=67342 loops=1)
                          Filter: (production_year > 2012)
                          Rows Removed by Filter: 2460970
Planning time: 1.364 ms
Execution time: 3883.704 ms
