Hash Join  (cost=101144.98..466197.12 rows=39619 width=0) (actual time=1675.996..8480.125 rows=227208 loops=1)
  Hash Cond: (mi.movie_id = t.id)
  ->  Seq Scan on movie_info mi  (cost=0.00..309384.22 rows=14739122 width=4) (actual time=0.014..3565.654 rows=14835720 loops=1)
  ->  Hash  (cost=101060.02..101060.02 rows=6797 width=8) (actual time=1650.647..1650.647 rows=16662 loops=1)
        Buckets: 32768 (originally 8192)  Batches: 1 (originally 1)  Memory Usage: 907kB
        ->  Hash Join  (cost=74081.57..101060.02 rows=6797 width=8) (actual time=1206.316..1644.749 rows=16662 loops=1)
              Hash Cond: (mi_idx.movie_id = t.id)
              ->  Seq Scan on movie_info_idx mi_idx  (cost=0.00..21735.35 rows=1380035 width=4) (actual time=0.022..292.014 rows=1380035 loops=1)
              ->  Hash  (cost=73925.90..73925.90 rows=12453 width=4) (actual time=1057.318..1057.318 rows=12434 loops=1)
                    Buckets: 16384  Batches: 1  Memory Usage: 566kB
                    ->  Seq Scan on title t  (cost=0.00..73925.90 rows=12453 width=4) (actual time=478.701..1053.120 rows=12434 loops=1)
                          Filter: ((production_year > 0) AND (kind_id = 6))
                          Rows Removed by Filter: 2515878
Planning time: 1.151 ms
Execution time: 8511.139 ms
