Hash Join  (cost=70308.29..129969.70 rows=40615 width=0) (actual time=881.251..2048.651 rows=27576 loops=1)
  Hash Cond: (mc.movie_id = t.id)
  ->  Seq Scan on movie_companies mc  (cost=0.00..51404.11 rows=623240 width=4) (actual time=0.022..861.340 rows=619716 loops=1)
        Filter: (company_id < 774)
        Rows Removed by Filter: 1989413
  ->  Hash  (cost=67604.59..67604.59 rows=164776 width=4) (actual time=879.470..879.470 rows=164307 loops=1)
        Buckets: 131072  Batches: 4  Memory Usage: 2482kB
        ->  Seq Scan on title t  (cost=0.00..67604.59 rows=164776 width=4) (actual time=0.025..824.623 rows=164307 loops=1)
              Filter: (production_year = 2012)
              Rows Removed by Filter: 2364005
Planning time: 0.681 ms
Execution time: 2052.676 ms
