Hash Join  (cost=98137.04..902503.96 rows=37380 width=0) (actual time=3099.573..12571.070 rows=12582 loops=1)
  Hash Cond: (ci.movie_id = t.id)
  ->  Seq Scan on cast_info ci  (cost=0.00..796071.18 rows=50788 width=4) (actual time=1367.851..10496.660 rows=20476 loops=1)
        Filter: ((person_id < 498817) AND (role_id > 10))
        Rows Removed by Filter: 36223868
  ->  Hash  (cost=67604.59..67604.59 rows=1860996 width=4) (actual time=1730.419..1730.419 rows=1865487 loops=1)
        Buckets: 131072  Batches: 32  Memory Usage: 3079kB
        ->  Seq Scan on title t  (cost=0.00..67604.59 rows=1860996 width=4) (actual time=0.023..1122.995 rows=1865487 loops=1)
              Filter: (kind_id > 1)
              Rows Removed by Filter: 662825
Planning time: 0.717 ms
Execution time: 12572.833 ms
