Seq Scan on movie_companies mc  (cost=0.00..51404.11 rows=1837735 width=0) (actual time=0.024..938.784 rows=1845880 loops=1)
  Filter: (company_id > 1571)
  Rows Removed by Filter: 763249
Planning time: 0.315 ms
Execution time: 1165.008 ms
