Seq Scan on movie_keyword mk  (cost=0.00..81003.12 rows=246 width=0) (actual time=5.806..1124.305 rows=133 loops=1)
  Filter: (keyword_id = 13423)
  Rows Removed by Filter: 4523797
Planning time: 0.357 ms
Execution time: 1124.471 ms
