Hash Join  (cost=156988.77..558130.88 rows=1022025 width=0) (actual time=4992.414..11651.118 rows=1106283 loops=1)
  Hash Cond: (mi.movie_id = t.id)
  ->  Seq Scan on movie_info mi  (cost=0.00..346232.03 rows=3623957 width=4) (actual time=798.679..4970.797 rows=3624977 loops=1)
        Filter: (info_type_id < 4)
        Rows Removed by Filter: 11210743
  ->  Hash  (cost=145289.10..145289.10 rows=713093 width=8) (actual time=4192.866..4192.866 rows=574773 loops=1)
        Buckets: 131072  Batches: 16  Memory Usage: 2448kB
        ->  Hash Join  (cost=95361.69..145289.10 rows=713093 width=8) (actual time=1807.131..4001.859 rows=574773 loops=1)
              Hash Cond: (mi_idx.movie_id = t.id)
              ->  Seq Scan on movie_info_idx mi_idx  (cost=0.00..21735.35 rows=1380035 width=4) (actual time=0.030..433.877 rows=1380035 loops=1)
              ->  Hash  (cost=73925.90..73925.90 rows=1306543 width=4) (actual time=1805.951..1805.951 rows=1431326 loops=1)
                    Buckets: 131072  Batches: 32  Memory Usage: 2606kB
                    ->  Seq Scan on title t  (cost=0.00..73925.90 rows=1306543 width=4) (actual time=0.019..1344.067 rows=1431326 loops=1)
                          Filter: ((kind_id > 1) AND (production_year > 1989))
                          Rows Removed by Filter: 1096986
Planning time: 1.111 ms
Execution time: 11761.989 ms
