Seq Scan on movie_companies mc  (cost=0.00..57926.93 rows=722669 width=0) (actual time=0.023..899.277 rows=451904 loops=1)
  Filter: ((company_id < 12319) AND (company_type_id > 1))
  Rows Removed by Filter: 2157225
Planning time: 0.308 ms
Execution time: 957.594 ms
