Seq Scan on cast_info ci  (cost=0.00..796071.18 rows=9445149 width=0) (actual time=5639.516..14699.152 rows=12670688 loops=1)
  Filter: ((person_id < 2769431) AND (role_id = 1))
  Rows Removed by Filter: 23573656
Planning time: 0.378 ms
Execution time: 16230.955 ms
