Hash Join  (cost=113682.82..169060.26 rows=71192 width=0) (actual time=2038.125..3574.207 rows=336687 loops=1)
  Hash Cond: (mc.movie_id = t.id)
  ->  Seq Scan on movie_companies mc  (cost=0.00..44881.29 rows=2609129 width=4) (actual time=0.030..502.418 rows=2609129 loops=1)
  ->  Hash  (cost=112820.40..112820.40 rows=68993 width=8) (actual time=2037.332..2037.332 rows=90772 loops=1)
        Buckets: 131072 (originally 131072)  Batches: 2 (originally 1)  Memory Usage: 3073kB
        ->  Hash Join  (cost=80135.37..112820.40 rows=68993 width=8) (actual time=1292.522..1997.728 rows=90772 loops=1)
              Hash Cond: (mi_idx.movie_id = t.id)
              ->  Seq Scan on movie_info_idx mi_idx  (cost=0.00..25185.44 rows=460978 width=4) (actual time=0.017..439.982 rows=459925 loops=1)
                    Filter: (info_type_id < 100)
                    Rows Removed by Filter: 920110
              ->  Hash  (cost=73925.90..73925.90 rows=378437 width=4) (actual time=1252.378..1252.378 rows=282115 loops=1)
                    Buckets: 131072  Batches: 8  Memory Usage: 2266kB
                    ->  Seq Scan on title t  (cost=0.00..73925.90 rows=378437 width=4) (actual time=0.019..1164.739 rows=282115 loops=1)
                          Filter: ((production_year > 1999) AND (kind_id = 1))
                          Rows Removed by Filter: 2246197
Planning time: 1.113 ms
Execution time: 3610.271 ms
