Hash Join  (cost=886639.89..1371787.12 rows=500530 width=0) (actual time=13224.168..23433.924 rows=216392 loops=1)
  Hash Cond: (mi.movie_id = t.id)
  ->  Seq Scan on movie_info mi  (cost=0.00..309384.22 rows=14739122 width=4) (actual time=0.014..5126.638 rows=14835720 loops=1)
  ->  Hash  (cost=885230.55..885230.55 rows=85867 width=8) (actual time=13221.864..13221.864 rows=61936 loops=1)
        Buckets: 131072  Batches: 2  Memory Usage: 2234kB
        ->  Hash Join  (cost=80384.28..885230.55 rows=85867 width=8) (actual time=1403.897..13197.852 rows=61936 loops=1)
              Hash Cond: (ci.movie_id = t.id)
              ->  Seq Scan on cast_info ci  (cost=0.00..796071.18 rows=551579 width=4) (actual time=0.018..11124.607 rows=512755 loops=1)
                    Filter: ((person_id < 1121988) AND (role_id = 8))
                    Rows Removed by Filter: 35731589
              ->  Hash  (cost=73925.90..73925.90 rows=393630 width=4) (actual time=1400.258..1400.258 rows=401187 loops=1)
                    Buckets: 131072  Batches: 8  Memory Usage: 2794kB
                    ->  Seq Scan on title t  (cost=0.00..73925.90 rows=393630 width=4) (actual time=0.019..1265.760 rows=401187 loops=1)
                          Filter: ((kind_id > 1) AND (production_year > 2009))
                          Rows Removed by Filter: 2127125
Planning time: 1.157 ms
Execution time: 23464.815 ms
