Hash Join  (cost=75553.24..561526.58 rows=577941 width=0) (actual time=1080.340..11328.753 rows=295681 loops=1)
  Hash Cond: (mi.movie_id = t.id)
  ->  Seq Scan on movie_info mi  (cost=0.00..309384.22 rows=14739122 width=4) (actual time=0.014..4989.459 rows=14835720 loops=1)
  ->  Hash  (cost=73925.90..73925.90 rows=99147 width=4) (actual time=1079.642..1079.642 rows=104093 loops=1)
        Buckets: 131072  Batches: 2  Memory Usage: 2861kB
        ->  Seq Scan on title t  (cost=0.00..73925.90 rows=99147 width=4) (actual time=0.034..1039.179 rows=104093 loops=1)
              Filter: ((kind_id > 2) AND (production_year = 2010))
              Rows Removed by Filter: 2424219
Planning time: 0.538 ms
Execution time: 11367.146 ms
