Hash Join  (cost=161341.26..679379.09 rows=2073012 width=0) (actual time=3248.649..17817.094 rows=4090608 loops=1)
  Hash Cond: (mi.movie_id = t.id)
  ->  Seq Scan on movie_info mi  (cost=0.00..346232.03 rows=12928982 width=4) (actual time=0.017..6700.994 rows=12970088 loops=1)
        Filter: (info_type_id < 18)
        Rows Removed by Filter: 1865632
  ->  Hash  (cost=154689.51..154689.51 rows=405420 width=8) (actual time=3247.353..3247.353 rows=294635 loops=1)
        Buckets: 131072  Batches: 8  Memory Usage: 2464kB
        ->  Hash Join  (cost=74050.79..154689.51 rows=405420 width=8) (actual time=1036.416..3156.306 rows=294635 loops=1)
              Hash Cond: (mc.movie_id = t.id)
              ->  Seq Scan on movie_companies mc  (cost=0.00..44881.29 rows=2609129 width=4) (actual time=0.016..767.464 rows=2609129 loops=1)
              ->  Hash  (cost=67604.59..67604.59 rows=392896 width=4) (actual time=1035.451..1035.451 rows=391666 loops=1)
                    Buckets: 131072  Batches: 8  Memory Usage: 2753kB
                    ->  Seq Scan on title t  (cost=0.00..67604.59 rows=392896 width=4) (actual time=0.016..909.684 rows=391666 loops=1)
                          Filter: (production_year > 2010)
                          Rows Removed by Filter: 2136646
Planning time: 2.428 ms
Execution time: 18251.877 ms
