Hash Join  (cost=960244.06..1088724.26 rows=1289434 width=0) (actual time=16561.126..20668.988 rows=4497095 loops=1)
  Hash Cond: (mk.movie_id = t.id)
  ->  Seq Scan on movie_keyword mk  (cost=0.00..81003.12 rows=2560731 width=4) (actual time=0.031..1496.146 rows=2555490 loops=1)
        Filter: (keyword_id < 6434)
        Rows Removed by Filter: 1968440
  ->  Hash  (cost=939354.83..939354.83 rows=1273218 width=8) (actual time=16559.830..16559.830 rows=2383038 loops=1)
        Buckets: 131072  Batches: 32  Memory Usage: 3916kB
        ->  Hash Join  (cost=102767.86..939354.83 rows=1273218 width=8) (actual time=3258.524..15830.755 rows=2383038 loops=1)
              Hash Cond: (ci.movie_id = t.id)
              ->  Seq Scan on cast_info ci  (cost=0.00..796071.18 rows=1273218 width=4) (actual time=1506.233..11337.628 rows=2383038 loops=1)
                    Filter: ((person_id > 2540538) AND (role_id = 3))
                    Rows Removed by Filter: 33861306
              ->  Hash  (cost=61283.27..61283.27 rows=2528527 width=4) (actual time=1751.402..1751.402 rows=2528312 loops=1)
                    Buckets: 131072  Batches: 64  Memory Usage: 2415kB
                    ->  Seq Scan on title t  (cost=0.00..61283.27 rows=2528527 width=4) (actual time=0.009..909.829 rows=2528312 loops=1)
Planning time: 1.118 ms
Execution time: 21188.602 ms
