Seq Scan on cast_info ci  (cost=0.00..796071.18 rows=5775155 width=0) (actual time=5481.944..12763.935 rows=10506330 loops=1)
  Filter: ((person_id > 2372971) AND (role_id > 2))
  Rows Removed by Filter: 25738014
Planning time: 0.303 ms
Execution time: 14089.749 ms
