Hash Join  (cost=102767.86..288358.15 rows=3935949 width=0) (actual time=1802.394..7407.800 rows=3937069 loops=1)
  Hash Cond: (mk.movie_id = t.id)
  ->  Seq Scan on movie_keyword mk  (cost=0.00..81003.12 rows=3935949 width=4) (actual time=0.010..1588.884 rows=3937069 loops=1)
        Filter: (keyword_id < 31266)
        Rows Removed by Filter: 586861
  ->  Hash  (cost=61283.27..61283.27 rows=2528527 width=4) (actual time=1801.277..1801.277 rows=2528312 loops=1)
        Buckets: 131072  Batches: 64  Memory Usage: 2425kB
        ->  Seq Scan on title t  (cost=0.00..61283.27 rows=2528527 width=4) (actual time=0.019..954.142 rows=2528312 loops=1)
Planning time: 0.656 ms
Execution time: 7874.627 ms
