Hash Join  (cost=102767.86..892144.62 rows=3074930 width=0) (actual time=2461.914..14977.651 rows=2991523 loops=1)
  Hash Cond: (ci.movie_id = t.id)
  ->  Seq Scan on cast_info ci  (cost=0.00..705507.15 rows=3074930 width=4) (actual time=779.911..10129.227 rows=2991523 loops=1)
        Filter: (person_id < 290732)
        Rows Removed by Filter: 33252821
  ->  Hash  (cost=61283.27..61283.27 rows=2528527 width=4) (actual time=1680.178..1680.178 rows=2528312 loops=1)
        Buckets: 131072  Batches: 64  Memory Usage: 2415kB
        ->  Seq Scan on title t  (cost=0.00..61283.27 rows=2528527 width=4) (actual time=0.020..852.410 rows=2528312 loops=1)
Planning time: 0.682 ms
Execution time: 15350.548 ms
