Hash Join  (cost=73982.55..797088.50 rows=8371 width=0) (actual time=4740.511..13874.682 rows=3196 loops=1)
  Hash Cond: (ci.movie_id = t.id)
  ->  Seq Scan on cast_info ci  (cost=0.00..705507.15 rows=4670689 width=4) (actual time=3740.027..12036.070 rows=4639136 loops=1)
        Filter: (role_id > 9)
        Rows Removed by Filter: 31605208
  ->  Hash  (cost=73925.90..73925.90 rows=4532 width=4) (actual time=998.135..998.135 rows=6560 loops=1)
        Buckets: 8192  Batches: 1  Memory Usage: 295kB
        ->  Seq Scan on title t  (cost=0.00..73925.90 rows=4532 width=4) (actual time=126.400..994.866 rows=6560 loops=1)
              Filter: ((kind_id = 7) AND (production_year = 1963))
              Rows Removed by Filter: 2521752
Planning time: 0.711 ms
Execution time: 13875.425 ms
