Seq Scan on cast_info ci  (cost=0.00..705507.15 rows=30581147 width=0) (actual time=0.029..12415.885 rows=30535883 loops=1)
  Filter: (person_id < 3077356)
  Rows Removed by Filter: 5708461
Planning time: 0.353 ms
Execution time: 16203.864 ms
