Hash Join  (cost=102767.86..240905.58 rows=1963852 width=0) (actual time=1871.364..5137.250 rows=1969204 loops=1)
  Hash Cond: (mk.movie_id = t.id)
  ->  Seq Scan on movie_keyword mk  (cost=0.00..81003.12 rows=1963852 width=4) (actual time=0.030..1488.278 rows=1969204 loops=1)
        Filter: (keyword_id > 6430)
        Rows Removed by Filter: 2554726
  ->  Hash  (cost=61283.27..61283.27 rows=2528527 width=4) (actual time=1870.574..1870.574 rows=2528312 loops=1)
        Buckets: 131072  Batches: 64  Memory Usage: 2425kB
        ->  Seq Scan on title t  (cost=0.00..61283.27 rows=2528527 width=4) (actual time=0.020..995.775 rows=2528312 loops=1)
Planning time: 0.676 ms
Execution time: 5350.361 ms
