Hash Join  (cost=74637.07..101627.65 rows=10218 width=0) (actual time=1121.707..1714.747 rows=21296 loops=1)
  Hash Cond: (mi_idx.movie_id = t.id)
  ->  Seq Scan on movie_info_idx mi_idx  (cost=0.00..25185.44 rows=454124 width=4) (actual time=0.028..388.526 rows=459925 loops=1)
        Filter: (info_type_id = 100)
        Rows Removed by Filter: 920110
  ->  Hash  (cost=73925.90..73925.90 rows=56893 width=4) (actual time=1121.203..1121.203 rows=147679 loops=1)
        Buckets: 131072 (originally 65536)  Batches: 2 (originally 1)  Memory Usage: 3617kB
        ->  Seq Scan on title t  (cost=0.00..73925.90 rows=56893 width=4) (actual time=49.312..1067.592 rows=147679 loops=1)
              Filter: ((kind_id < 7) AND (production_year < 1943))
              Rows Removed by Filter: 2380633
Planning time: 0.771 ms
Execution time: 1717.939 ms
