Hash Join  (cost=663721.01..2178550.01 rows=32609999 width=0) (actual time=19301.913..102220.759 rows=196649955 loops=1)
  Hash Cond: (ci.movie_id = t.id)
  ->  Seq Scan on cast_info ci  (cost=0.00..796071.18 rows=21190585 width=4) (actual time=0.017..18946.178 rows=22607306 loops=1)
        Filter: ((person_id > 330183) AND (role_id > 1))
        Rows Removed by Filter: 13637038
  ->  Hash  (cost=599881.92..599881.92 rows=3891127 width=8) (actual time=19298.812..19298.812 rows=8301049 loops=1)
        Buckets: 131072 (originally 131072)  Batches: 128 (originally 64)  Memory Usage: 3567kB
        ->  Hash Join  (cost=78556.72..599881.92 rows=3891127 width=8) (actual time=1438.004..16913.553 rows=8301049 loops=1)
              Hash Cond: (mi.movie_id = t.id)
              ->  Seq Scan on movie_info mi  (cost=0.00..309384.22 rows=14739122 width=4) (actual time=0.013..6090.878 rows=14835720 loops=1)
              ->  Hash  (cost=67604.59..67604.59 rows=667531 width=4) (actual time=1437.023..1437.023 rows=662825 loops=1)
                    Buckets: 131072  Batches: 16  Memory Usage: 2485kB
                    ->  Seq Scan on title t  (cost=0.00..67604.59 rows=667531 width=4) (actual time=219.524..1227.399 rows=662825 loops=1)
                          Filter: (kind_id = 1)
                          Rows Removed by Filter: 1865487
Planning time: 2.491 ms
Execution time: 124273.587 ms
