Hash Join  (cost=83074.31..137741.50 rows=167 width=0) (actual time=1217.373..2245.267 rows=2632 loops=1)
  Hash Cond: (mc.movie_id = t.id)
  ->  Seq Scan on movie_companies mc  (cost=0.00..44881.29 rows=2609129 width=4) (actual time=0.014..557.186 rows=2609129 loops=1)
  ->  Hash  (cost=83072.29..83072.29 rows=162 width=8) (actual time=1216.042..1216.042 rows=178 loops=1)
        Buckets: 1024  Batches: 1  Memory Usage: 15kB
        ->  Nested Loop  (cost=0.43..83072.29 rows=162 width=8) (actual time=0.739..1215.822 rows=178 loops=1)
              ->  Seq Scan on movie_keyword mk  (cost=0.00..81003.12 rows=246 width=4) (actual time=0.706..1209.181 rows=199 loops=1)
                    Filter: (keyword_id = 23663)
                    Rows Removed by Filter: 4523731
              ->  Index Scan using title_pkey on title t  (cost=0.43..8.40 rows=1 width=4) (actual time=0.030..0.030 rows=1 loops=199)
                    Index Cond: (id = mk.movie_id)
                    Filter: (production_year < 2008)
                    Rows Removed by Filter: 0
Planning time: 1.202 ms
Execution time: 2245.833 ms
