Seq Scan on cast_info ci  (cost=0.00..796071.18 rows=333160 width=0) (actual time=5555.210..14428.845 rows=309789 loops=1)
  Filter: ((person_id > 168061) AND (role_id > 10))
  Rows Removed by Filter: 35934555
Planning time: 0.309 ms
Execution time: 14469.550 ms
