Hash Join  (cost=94973.51..206198.66 rows=805687 width=0) (actual time=1657.297..4153.510 rows=380637 loops=1)
  Hash Cond: (mk.movie_id = t.id)
  ->  Seq Scan on movie_keyword mk  (cost=0.00..81003.12 rows=1221231 width=4) (actual time=0.024..1315.816 rows=1230214 loops=1)
        Filter: (keyword_id > 14738)
        Rows Removed by Filter: 3293716
  ->  Hash  (cost=67604.59..67604.59 rows=1668154 width=4) (actual time=1654.536..1654.536 rows=1674098 loops=1)
        Buckets: 131072  Batches: 32  Memory Usage: 2875kB
        ->  Seq Scan on title t  (cost=0.00..67604.59 rows=1668154 width=4) (actual time=0.015..1115.413 rows=1674098 loops=1)
              Filter: (kind_id > 3)
              Rows Removed by Filter: 854214
Planning time: 0.705 ms
Execution time: 4198.453 ms
