Hash Join  (cost=796536.78..823447.39 rows=13 width=0) (actual time=10098.524..10301.247 rows=156 loops=1)
  Hash Cond: (mi_idx.movie_id = t.id)
  ->  Seq Scan on movie_info_idx mi_idx  (cost=0.00..21735.35 rows=1380035 width=4) (actual time=0.020..282.577 rows=1380035 loops=1)
  ->  Hash  (cost=796536.48..796536.48 rows=24 width=8) (actual time=9754.383..9754.383 rows=52 loops=1)
        Buckets: 1024  Batches: 1  Memory Usage: 11kB
        ->  Nested Loop  (cost=0.43..796536.48 rows=24 width=8) (actual time=2510.472..9754.337 rows=52 loops=1)
              ->  Seq Scan on cast_info ci  (cost=0.00..796071.18 rows=55 width=4) (actual time=2510.387..9753.511 rows=52 loops=1)
                    Filter: ((person_id = 3028533) AND (role_id = 3))
                    Rows Removed by Filter: 36244292
              ->  Index Scan using title_pkey on title t  (cost=0.43..8.45 rows=1 width=4) (actual time=0.014..0.015 rows=1 loops=52)
                    Index Cond: (id = ci.movie_id)
                    Filter: (production_year > 2004)
Planning time: 1.193 ms
Execution time: 10301.419 ms
