Hash Join  (cost=80384.28..121763.14 rows=214838 width=0) (actual time=1269.671..2127.785 rows=113088 loops=1)
  Hash Cond: (mi_idx.movie_id = t.id)
  ->  Seq Scan on movie_info_idx mi_idx  (cost=0.00..21735.35 rows=1380035 width=4) (actual time=0.012..334.629 rows=1380035 loops=1)
  ->  Hash  (cost=73925.90..73925.90 rows=393630 width=4) (actual time=1268.496..1268.496 rows=401187 loops=1)
        Buckets: 131072  Batches: 8  Memory Usage: 2794kB
        ->  Seq Scan on title t  (cost=0.00..73925.90 rows=393630 width=4) (actual time=0.028..1136.857 rows=401187 loops=1)
              Filter: ((kind_id > 1) AND (production_year > 2009))
              Rows Removed by Filter: 2127125
Planning time: 0.773 ms
Execution time: 2138.293 ms
