Hash Join  (cost=122293.68..486989.31 rows=3970 width=0) (actual time=2122.300..8850.238 rows=50607 loops=1)
  Hash Cond: (mi.movie_id = t.id)
  ->  Seq Scan on movie_info mi  (cost=0.00..309384.22 rows=14739122 width=4) (actual time=0.016..3626.655 rows=14835720 loops=1)
  ->  Hash  (cost=122285.17..122285.17 rows=681 width=8) (actual time=2122.130..2122.130 rows=6325 loops=1)
        Buckets: 8192 (originally 1024)  Batches: 1 (originally 1)  Memory Usage: 312kB
        ->  Hash Join  (cost=67612.84..122285.17 rows=681 width=8) (actual time=983.562..2119.363 rows=6325 loops=1)
              Hash Cond: (mc.movie_id = t.id)
              ->  Seq Scan on movie_companies mc  (cost=0.00..44881.29 rows=2609129 width=4) (actual time=0.010..598.231 rows=2609129 loops=1)
              ->  Hash  (cost=67604.59..67604.59 rows=660 width=4) (actual time=983.292..983.292 rows=3515 loops=1)
                    Buckets: 4096 (originally 1024)  Batches: 1 (originally 1)  Memory Usage: 156kB
                    ->  Seq Scan on title t  (cost=0.00..67604.59 rows=660 width=4) (actual time=2.508..981.487 rows=3515 loops=1)
                          Filter: (production_year > 2013)
                          Rows Removed by Filter: 2524797
Planning time: 1.173 ms
Execution time: 8858.570 ms
