Hash Join  (cost=153731.48..511454.51 rows=95874 width=0) (actual time=7388.817..8356.310 rows=410774 loops=1)
  Hash Cond: (mi.movie_id = t.id)
  ->  Seq Scan on movie_info mi  (cost=0.00..346232.03 rows=809669 width=4) (actual time=4314.852..4718.720 rows=802140 loops=1)
        Filter: (info_type_id = 1)
        Rows Removed by Filter: 14033580
  ->  Hash  (cost=148818.90..148818.90 rows=299407 width=8) (actual time=3072.782..3072.782 rows=484555 loops=1)
        Buckets: 131072 (originally 131072)  Batches: 8 (originally 4)  Memory Usage: 3442kB
        ->  Hash Join  (cost=77312.52..148818.90 rows=299407 width=8) (actual time=1378.293..2922.861 rows=484555 loops=1)
              Hash Cond: (mc.movie_id = t.id)
              ->  Seq Scan on movie_companies mc  (cost=0.00..51404.11 rows=1279517 width=4) (actual time=192.374..897.883 rows=1274246 loops=1)
                    Filter: (company_type_id < 2)
                    Rows Removed by Filter: 1334883
              ->  Hash  (cost=67604.59..67604.59 rows=591675 width=4) (actual time=1184.939..1184.939 rows=585020 loops=1)
                    Buckets: 131072  Batches: 8  Memory Usage: 3586kB
                    ->  Seq Scan on title t  (cost=0.00..67604.59 rows=591675 width=4) (actual time=0.035..998.351 rows=585020 loops=1)
                          Filter: (production_year < 1985)
                          Rows Removed by Filter: 1943292
Planning time: 4.418 ms
Execution time: 8409.434 ms
