Seq Scan on movie_keyword mk  (cost=0.00..81003.12 rows=3989483 width=0) (actual time=0.010..1455.003 rows=3998701 loops=1)
  Filter: (keyword_id < 34601)
  Rows Removed by Filter: 525229
Planning time: 0.296 ms
Execution time: 1975.045 ms
