Seq Scan on movie_companies mc  (cost=0.00..57926.93 rows=1216659 width=0) (actual time=0.026..1201.543 rows=1165662 loops=1)
  Filter: ((company_id > 19) AND (company_type_id < 2))
  Rows Removed by Filter: 1443467
Planning time: 0.352 ms
Execution time: 1345.465 ms
