Hash Join  (cost=75458.68..138345.95 rows=34424 width=0) (actual time=1038.708..2321.797 rows=28758 loops=1)
  Hash Cond: (mc.movie_id = t.id)
  ->  Seq Scan on movie_companies mc  (cost=0.00..51404.11 rows=931712 width=4) (actual time=0.015..915.183 rows=931219 loops=1)
        Filter: (company_id < 3335)
        Rows Removed by Filter: 1677910
  ->  Hash  (cost=73925.90..73925.90 rows=93422 width=4) (actual time=1037.141..1037.141 rows=100754 loops=1)
        Buckets: 131072  Batches: 2  Memory Usage: 2802kB
        ->  Seq Scan on title t  (cost=0.00..73925.90 rows=93422 width=4) (actual time=0.031..997.299 rows=100754 loops=1)
              Filter: ((kind_id > 1) AND (production_year = 2008))
              Rows Removed by Filter: 2427558
Planning time: 0.714 ms
Execution time: 2326.359 ms
