Hash Join  (cost=84417.00..174043.71 rows=1057419 width=0) (actual time=2030.320..4743.744 rows=1367473 loops=1)
  Hash Cond: (mc.movie_id = t.id)
  ->  Seq Scan on movie_companies mc  (cost=0.00..44881.29 rows=2609129 width=4) (actual time=0.027..938.659 rows=2609129 loops=1)
  ->  Hash  (cost=67604.59..67604.59 rows=1024753 width=4) (actual time=2029.361..2029.361 rows=1021752 loops=1)
        Buckets: 131072  Batches: 16  Memory Usage: 3274kB
        ->  Seq Scan on title t  (cost=0.00..67604.59 rows=1024753 width=4) (actual time=0.022..1230.262 rows=1021752 loops=1)
              Filter: (production_year < 2000)
              Rows Removed by Filter: 1506560
Planning time: 0.738 ms
Execution time: 4893.390 ms
