Seq Scan on movie_companies mc  (cost=0.00..57926.93 rows=746398 width=0) (actual time=486.187..979.044 rows=531543 loops=1)
  Filter: ((company_id > 6930) AND (company_type_id = 1))
  Rows Removed by Filter: 2077586
Planning time: 0.329 ms
Execution time: 1042.225 ms
