Hash Join  (cost=709674.91..1069498.80 rows=202 width=0) (actual time=10562.630..15217.944 rows=79 loops=1)
  Hash Cond: (mi.movie_id = t.id)
  ->  Seq Scan on movie_info mi  (cost=0.00..346232.03 rows=3623957 width=4) (actual time=805.408..4973.685 rows=3624977 loops=1)
        Filter: (info_type_id < 4)
        Rows Removed by Filter: 11210743
  ->  Hash  (cost=709673.15..709673.15 rows=141 width=8) (actual time=9756.116..9756.116 rows=37 loops=1)
        Buckets: 1024  Batches: 1  Memory Usage: 10kB
        ->  Nested Loop  (cost=0.43..709673.15 rows=141 width=8) (actual time=4841.891..9756.047 rows=37 loops=1)
              ->  Seq Scan on cast_info ci  (cost=0.00..705507.15 rows=500 width=4) (actual time=4839.965..9745.050 rows=901 loops=1)
                    Filter: (person_id = 1969945)
                    Rows Removed by Filter: 36243443
              ->  Index Scan using title_pkey on title t  (cost=0.43..8.32 rows=1 width=4) (actual time=0.012..0.012 rows=0 loops=901)
                    Index Cond: (id = ci.movie_id)
                    Filter: (production_year < 1991)
                    Rows Removed by Filter: 1
Planning time: 1.175 ms
Execution time: 15218.156 ms
