Nested Loop  (cost=0.43..797069.46 rows=31 width=0) (actual time=5846.462..10509.390 rows=1 loops=1)
  ->  Seq Scan on cast_info ci  (cost=0.00..796071.18 rows=118 width=4) (actual time=5846.388..10509.312 rows=1 loops=1)
        Filter: ((role_id > 5) AND (person_id = 3983986))
        Rows Removed by Filter: 36244343
  ->  Index Scan using title_pkey on title t  (cost=0.43..8.45 rows=1 width=4) (actual time=0.056..0.057 rows=1 loops=1)
        Index Cond: (id = ci.movie_id)
        Filter: (kind_id = 1)
Planning time: 0.782 ms
Execution time: 10509.511 ms
