Hash Join  (cost=450379.70..1404982.35 rows=2079596 width=0) (actual time=11634.192..31021.764 rows=2200927 loops=1)
  Hash Cond: (ci.movie_id = t.id)
  ->  Seq Scan on cast_info ci  (cost=0.00..705507.15 rows=12726058 width=4) (actual time=992.939..13959.416 rows=12670688 loops=1)
        Filter: (role_id = 1)
        Rows Removed by Filter: 23573656
  ->  Hash  (cost=443599.80..443599.80 rows=413192 width=8) (actual time=10639.830..10639.830 rows=651376 loops=1)
        Buckets: 131072 (originally 131072)  Batches: 16 (originally 8)  Memory Usage: 3073kB
        ->  Hash Join  (cost=74811.96..443599.80 rows=413192 width=8) (actual time=1347.701..10404.334 rows=651376 loops=1)
              Hash Cond: (mi.movie_id = t.id)
              ->  Seq Scan on movie_info mi  (cost=0.00..309384.22 rows=14739122 width=4) (actual time=0.020..4624.969 rows=14835720 loops=1)
              ->  Hash  (cost=73925.90..73925.90 rows=70884 width=4) (actual time=1223.663..1223.663 rows=77795 loops=1)
                    Buckets: 131072  Batches: 1  Memory Usage: 3759kB
                    ->  Seq Scan on title t  (cost=0.00..73925.90 rows=70884 width=4) (actual time=198.866..1192.418 rows=77795 loops=1)
                          Filter: ((production_year > 1977) AND (kind_id = 2))
                          Rows Removed by Filter: 2450517
Planning time: 1.092 ms
Execution time: 31252.564 ms
