Hash Join  (cost=77113.05..1014228.28 rows=874012 width=0) (actual time=8017.331..22922.799 rows=1511237 loops=1)
  Hash Cond: (ci.movie_id = t.id)
  ->  Seq Scan on cast_info ci  (cost=0.00..796071.18 rows=11376781 width=4) (actual time=6764.295..16796.798 rows=9994000 loops=1)
        Filter: ((person_id > 356441) AND (role_id = 1))
        Rows Removed by Filter: 26250344
  ->  Hash  (cost=73925.90..73925.90 rows=194252 width=4) (actual time=1251.708..1251.708 rows=326032 loops=1)
        Buckets: 131072  Batches: 4  Memory Usage: 3890kB
        ->  Seq Scan on title t  (cost=0.00..73925.90 rows=194252 width=4) (actual time=0.034..1145.685 rows=326032 loops=1)
              Filter: ((production_year < 1992) AND (kind_id = 1))
              Rows Removed by Filter: 2202280
Planning time: 0.857 ms
Execution time: 23095.110 ms
