Hash Join  (cost=102767.86..1054849.43 rows=9836703 width=0) (actual time=6816.316..21932.213 rows=9811910 loops=1)
  Hash Cond: (ci.movie_id = t.id)
  ->  Seq Scan on cast_info ci  (cost=0.00..705507.15 rows=9836703 width=4) (actual time=4966.406..12186.364 rows=9811910 loops=1)
        Filter: (person_id > 2729893)
        Rows Removed by Filter: 26432434
  ->  Hash  (cost=61283.27..61283.27 rows=2528527 width=4) (actual time=1847.943..1847.943 rows=2528312 loops=1)
        Buckets: 131072  Batches: 64  Memory Usage: 2415kB
        ->  Seq Scan on title t  (cost=0.00..61283.27 rows=2528527 width=4) (actual time=0.022..1020.961 rows=2528312 loops=1)
Planning time: 0.676 ms
Execution time: 22911.326 ms
