Nested Loop  (cost=0.43..709673.15 rows=195 width=0) (actual time=7801.766..8583.703 rows=1 loops=1)
  ->  Seq Scan on cast_info ci  (cost=0.00..705507.15 rows=500 width=4) (actual time=7801.537..8582.947 rows=79 loops=1)
        Filter: (person_id = 4014070)
        Rows Removed by Filter: 36244265
  ->  Index Scan using title_pkey on title t  (cost=0.43..8.32 rows=1 width=4) (actual time=0.009..0.009 rows=0 loops=79)
        Index Cond: (id = ci.movie_id)
        Filter: (kind_id < 7)
        Rows Removed by Filter: 1
Planning time: 0.737 ms
Execution time: 8583.807 ms
