Hash Join  (cost=74834.24..836034.24 rows=1041083 width=0) (actual time=1198.252..22694.390 rows=1603527 loops=1)
  Hash Cond: (ci.movie_id = t.id)
  ->  Seq Scan on cast_info ci  (cost=0.00..614943.12 rows=36225612 width=4) (actual time=0.022..8934.522 rows=36244344 loops=1)
  ->  Hash  (cost=73925.90..73925.90 rows=72667 width=4) (actual time=1197.509..1197.509 rows=85275 loops=1)
        Buckets: 131072  Batches: 1  Memory Usage: 4022kB
        ->  Seq Scan on title t  (cost=0.00..73925.90 rows=72667 width=4) (actual time=259.575..1165.367 rows=85275 loops=1)
              Filter: ((production_year < 2009) AND (kind_id = 3))
              Rows Removed by Filter: 2443037
Planning time: 0.677 ms
Execution time: 22906.221 ms
