Hash Join  (cost=469969.47..1283226.57 rows=138089 width=0) (actual time=14362.654..20702.917 rows=866992 loops=1)
  Hash Cond: (ci.movie_id = t.id)
  ->  Seq Scan on cast_info ci  (cost=0.00..796071.18 rows=1274140 width=4) (actual time=5920.881..11701.767 rows=741351 loops=1)
        Filter: ((person_id < 350711) AND (role_id > 3))
        Rows Removed by Filter: 35502993
  ->  Hash  (cost=465473.00..465473.00 rows=274038 width=8) (actual time=8440.898..8440.898 rows=306788 loops=1)
        Buckets: 131072 (originally 131072)  Batches: 8 (originally 4)  Memory Usage: 3891kB
        ->  Hash Join  (cost=102767.86..465473.00 rows=274038 width=8) (actual time=4217.491..8346.422 rows=306788 loops=1)
              Hash Cond: (mi.movie_id = t.id)
              ->  Seq Scan on movie_info mi  (cost=0.00..346232.03 rows=274038 width=4) (actual time=2137.864..5672.318 rows=306788 loops=1)
                    Filter: (info_type_id > 105)
                    Rows Removed by Filter: 14528932
              ->  Hash  (cost=61283.27..61283.27 rows=2528527 width=4) (actual time=2010.146..2010.146 rows=2528312 loops=1)
                    Buckets: 131072  Batches: 64  Memory Usage: 2425kB
                    ->  Seq Scan on title t  (cost=0.00..61283.27 rows=2528527 width=4) (actual time=0.022..1165.789 rows=2528312 loops=1)
Planning time: 1.305 ms
Execution time: 20794.383 ms
