Hash Join  (cost=58375.41..145033.59 rows=14 width=0) (actual time=1021.130..2348.765 rows=26 loops=1)
  Hash Cond: (mk.movie_id = t.id)
  ->  Seq Scan on movie_keyword mk  (cost=0.00..69693.30 rows=4523930 width=4) (actual time=0.024..826.353 rows=4523930 loops=1)
  ->  Hash  (cost=58375.31..58375.31 rows=8 width=8) (actual time=748.978..748.978 rows=13 loops=1)
        Buckets: 1024  Batches: 1  Memory Usage: 9kB
        ->  Nested Loop  (cost=0.43..58375.31 rows=8 width=8) (actual time=141.336..748.957 rows=13 loops=1)
              ->  Seq Scan on movie_companies mc  (cost=0.00..57926.93 rows=53 width=4) (actual time=140.615..745.874 rows=127 loops=1)
                    Filter: ((company_id = 55571) AND (company_type_id = 2))
                    Rows Removed by Filter: 2609002
              ->  Index Scan using title_pkey on title t  (cost=0.43..8.45 rows=1 width=4) (actual time=0.023..0.023 rows=0 loops=127)
                    Index Cond: (id = mc.movie_id)
                    Filter: (production_year > 2010)
                    Rows Removed by Filter: 1
Planning time: 1.093 ms
Execution time: 2348.958 ms
