Hash Join  (cost=210187.19..703676.98 rows=3597748 width=0) (actual time=5699.052..27221.669 rows=38352205 loops=1)
  Hash Cond: (mi.movie_id = t.id)
  ->  Seq Scan on movie_info mi  (cost=0.00..346232.03 rows=9293409 width=4) (actual time=0.018..6643.514 rows=9425200 loops=1)
        Filter: (info_type_id > 5)
        Rows Removed by Filter: 5410520
  ->  Hash  (cost=194127.37..194127.37 rows=978866 width=8) (actual time=5697.921..5697.921 rows=1265315 loops=1)
        Buckets: 131072 (originally 131072)  Batches: 32 (originally 16)  Memory Usage: 3073kB
        ->  Hash Join  (cost=102767.86..194127.37 rows=978866 width=8) (actual time=1890.410..4613.802 rows=1265315 loops=1)
              Hash Cond: (mc.movie_id = t.id)
              ->  Seq Scan on movie_companies mc  (cost=0.00..57926.93 rows=978866 width=4) (actual time=0.018..1265.170 rows=1265315 loops=1)
                    Filter: ((company_id < 62949) AND (company_type_id < 2))
                    Rows Removed by Filter: 1343814
              ->  Hash  (cost=61283.27..61283.27 rows=2528527 width=4) (actual time=1887.704..1887.704 rows=2528312 loops=1)
                    Buckets: 131072  Batches: 64  Memory Usage: 2415kB
                    ->  Seq Scan on title t  (cost=0.00..61283.27 rows=2528527 width=4) (actual time=0.016..1043.149 rows=2528312 loops=1)
Planning time: 1.053 ms
Execution time: 31643.921 ms
