Hash Join  (cost=69484.36..894047.12 rows=105728 width=0) (actual time=9793.182..16010.876 rows=77494 loops=1)
  Hash Cond: (ci.movie_id = t.id)
  ->  Seq Scan on cast_info ci  (cost=0.00..796071.18 rows=2333947 width=4) (actual time=8675.354..13815.141 rows=2858996 loops=1)
        Filter: ((person_id > 1476156) AND (role_id = 3))
        Rows Removed by Filter: 33385348
  ->  Hash  (cost=67604.59..67604.59 rows=114542 width=4) (actual time=1116.876..1116.876 rows=118234 loops=1)
        Buckets: 131072  Batches: 2  Memory Usage: 3101kB
        ->  Seq Scan on title t  (cost=0.00..67604.59 rows=114542 width=4) (actual time=2.110..1076.517 rows=118234 loops=1)
              Filter: (kind_id = 4)
              Rows Removed by Filter: 2410078
Planning time: 0.703 ms
Execution time: 16020.828 ms
