Seq Scan on cast_info ci  (cost=0.00..705507.15 rows=500 width=0) (actual time=6203.579..11064.587 rows=310 loops=1)
  Filter: (person_id = 919082)
  Rows Removed by Filter: 36244034
Planning time: 0.316 ms
Execution time: 11064.715 ms
