Seq Scan on movie_companies mc  (cost=0.00..57926.93 rows=518998 width=0) (actual time=122.816..872.158 rows=228038 loops=1)
  Filter: ((company_id > 14540) AND (company_type_id = 1))
  Rows Removed by Filter: 2381091
Planning time: 0.340 ms
Execution time: 901.107 ms
