Hash Join  (cost=77299.57..450002.80 rows=168611 width=0) (actual time=1252.612..7863.389 rows=483780 loops=1)
  Hash Cond: (mi.movie_id = t.id)
  ->  Seq Scan on movie_info mi  (cost=0.00..346232.03 rows=2073893 width=4) (actual time=0.016..5337.025 rows=2091068 loops=1)
        Filter: (info_type_id < 3)
        Rows Removed by Filter: 12744652
  ->  Hash  (cost=73925.90..73925.90 rows=205573 width=4) (actual time=1251.858..1251.858 rows=336290 loops=1)
        Buckets: 131072  Batches: 4  Memory Usage: 3989kB
        ->  Seq Scan on title t  (cost=0.00..73925.90 rows=205573 width=4) (actual time=0.013..1014.909 rows=336290 loops=1)
              Filter: ((production_year < 1994) AND (kind_id = 1))
              Rows Removed by Filter: 2192022
Planning time: 0.529 ms
Execution time: 7927.576 ms
