Seq Scan on movie_keyword mk  (cost=0.00..81003.12 rows=1350528 width=0) (actual time=0.025..1473.362 rows=1361733 loops=1)
  Filter: (keyword_id > 12323)
  Rows Removed by Filter: 3162197
Planning time: 0.282 ms
Execution time: 1654.291 ms
