Seq Scan on movie_companies mc  (cost=0.00..51404.11 rows=2180436 width=0) (actual time=0.024..984.073 rows=2175917 loops=1)
  Filter: (company_id < 78866)
  Rows Removed by Filter: 433212
Planning time: 4.198 ms
Execution time: 1246.557 ms
