Seq Scan on title t  (cost=0.00..73925.90 rows=266 width=0) (actual time=141.380..1041.459 rows=456 loops=1)
  Filter: ((kind_id = 2) AND (production_year = 1964))
  Rows Removed by Filter: 2527856
Planning time: 1.029 ms
Execution time: 1041.788 ms
