Hash Join  (cost=129114.64..478391.91 rows=861 width=0) (actual time=6224.438..7615.225 rows=4469 loops=1)
  Hash Cond: (mi.movie_id = t.id)
  ->  Seq Scan on movie_info mi  (cost=0.00..346232.03 rows=809768 width=4) (actual time=3826.713..5080.246 rows=802140 loops=1)
        Filter: (info_type_id < 2)
        Rows Removed by Filter: 14033580
  ->  Hash  (cost=129081.02..129081.02 rows=2690 width=8) (actual time=2397.289..2397.289 rows=5206 loops=1)
        Buckets: 8192 (originally 4096)  Batches: 1 (originally 1)  Memory Usage: 268kB
        ->  Hash Join  (cost=67697.55..129081.02 rows=2690 width=8) (actual time=1651.820..2394.946 rows=5206 loops=1)
              Hash Cond: (mc.movie_id = t.id)
              ->  Seq Scan on movie_companies mc  (cost=0.00..57926.93 rows=914569 width=4) (actual time=475.102..1085.552 rows=592563 loops=1)
                    Filter: ((company_id < 28186) AND (company_type_id = 2))
                    Rows Removed by Filter: 2016566
              ->  Hash  (cost=67604.59..67604.59 rows=7437 width=4) (actual time=1175.989..1175.989 rows=14601 loops=1)
                    Buckets: 16384 (originally 8192)  Batches: 1 (originally 1)  Memory Usage: 642kB
                    ->  Seq Scan on title t  (cost=0.00..67604.59 rows=7437 width=4) (actual time=0.235..1169.182 rows=14601 loops=1)
                          Filter: (production_year = 1967)
                          Rows Removed by Filter: 2513711
Planning time: 1.006 ms
Execution time: 7616.229 ms
