Hash Join  (cost=102643.79..268455.97 rows=3131723 width=0) (actual time=2098.736..6903.972 rows=1621697 loops=1)
  Hash Cond: (mk.movie_id = t.id)
  ->  Seq Scan on movie_keyword mk  (cost=0.00..69693.30 rows=4523930 width=4) (actual time=0.020..1438.816 rows=4523930 loops=1)
  ->  Hash  (cost=73925.90..73925.90 rows=1750391 width=4) (actual time=2097.809..2097.809 rows=1799905 loops=1)
        Buckets: 131072  Batches: 32  Memory Usage: 3013kB
        ->  Seq Scan on title t  (cost=0.00..73925.90 rows=1750391 width=4) (actual time=0.020..1513.519 rows=1799905 loops=1)
              Filter: ((kind_id > 1) AND (production_year > 1918))
              Rows Removed by Filter: 728407
Planning time: 0.522 ms
Execution time: 7093.391 ms
