Hash Join  (cost=440595.09..1236745.93 rows=7960 width=0) (actual time=7841.852..24997.483 rows=138785 loops=1)
  Hash Cond: (ci.movie_id = t.id)
  ->  Seq Scan on cast_info ci  (cost=0.00..614943.12 rows=36225612 width=4) (actual time=0.037..8888.737 rows=36244344 loops=1)
  ->  Hash  (cost=440588.14..440588.14 rows=556 width=8) (actual time=7841.589..7841.589 rows=10192 loops=1)
        Buckets: 16384 (originally 1024)  Batches: 1 (originally 1)  Memory Usage: 527kB
        ->  Hash Join  (cost=73929.13..440588.14 rows=556 width=8) (actual time=1221.963..7836.267 rows=10192 loops=1)
              Hash Cond: (mi.movie_id = t.id)
              ->  Seq Scan on movie_info mi  (cost=0.00..346232.03 rows=5445713 width=4) (actual time=0.021..5756.192 rows=5410520 loops=1)
                    Filter: (info_type_id < 6)
                    Rows Removed by Filter: 9425200
              ->  Hash  (cost=73925.90..73925.90 rows=258 width=4) (actual time=1218.523..1218.523 rows=3378 loops=1)
                    Buckets: 4096 (originally 1024)  Batches: 1 (originally 1)  Memory Usage: 151kB
                    ->  Seq Scan on title t  (cost=0.00..73925.90 rows=258 width=4) (actual time=0.054..1216.745 rows=3378 loops=1)
                          Filter: ((kind_id < 7) AND (production_year > 2013))
                          Rows Removed by Filter: 2524934
Planning time: 1.223 ms
Execution time: 25019.940 ms
