Hash Join  (cost=185487.92..561734.35 rows=319860 width=0) (actual time=4683.837..11102.941 rows=519952 loops=1)
  Hash Cond: (mi.movie_id = t.id)
  ->  Seq Scan on movie_info mi  (cost=0.00..346232.03 rows=2194617 width=4) (actual time=513.373..5757.968 rows=2233850 loops=1)
        Filter: (info_type_id > 16)
        Rows Removed by Filter: 12601870
  ->  Hash  (cost=179441.34..179441.34 rows=368526 width=8) (actual time=4169.612..4169.612 rows=206995 loops=1)
        Buckets: 131072  Batches: 8  Memory Usage: 2052kB
        ->  Hash Join  (cost=102767.86..179441.34 rows=368526 width=8) (actual time=1939.663..4101.370 rows=206995 loops=1)
              Hash Cond: (mc.movie_id = t.id)
              ->  Seq Scan on movie_companies mc  (cost=0.00..57926.93 rows=368526 width=4) (actual time=0.036..935.026 rows=206995 loops=1)
                    Filter: ((company_id < 1368) AND (company_type_id = 2))
                    Rows Removed by Filter: 2402134
              ->  Hash  (cost=61283.27..61283.27 rows=2528527 width=4) (actual time=1937.558..1937.558 rows=2528312 loops=1)
                    Buckets: 131072  Batches: 64  Memory Usage: 2415kB
                    ->  Seq Scan on title t  (cost=0.00..61283.27 rows=2528527 width=4) (actual time=0.029..1095.239 rows=2528312 loops=1)
Planning time: 1.089 ms
Execution time: 11170.684 ms
