Hash Join  (cost=83073.49..432342.08 rows=31 width=0) (actual time=1861.845..6479.179 rows=964 loops=1)
  Hash Cond: (mi.movie_id = t.id)
  ->  Seq Scan on movie_info mi  (cost=0.00..346232.03 rows=809669 width=4) (actual time=647.984..5138.144 rows=802140 loops=1)
        Filter: (info_type_id = 1)
        Rows Removed by Filter: 14033580
  ->  Hash  (cost=83072.29..83072.29 rows=96 width=8) (actual time=1213.563..1213.563 rows=851 loops=1)
        Buckets: 1024  Batches: 1  Memory Usage: 42kB
        ->  Nested Loop  (cost=0.43..83072.29 rows=96 width=8) (actual time=1.545..1212.894 rows=851 loops=1)
              ->  Seq Scan on movie_keyword mk  (cost=0.00..81003.12 rows=246 width=4) (actual time=1.507..1177.365 rows=874 loops=1)
                    Filter: (keyword_id = 848)
                    Rows Removed by Filter: 4523056
              ->  Index Scan using title_pkey on title t  (cost=0.43..8.40 rows=1 width=4) (actual time=0.039..0.039 rows=1 loops=874)
                    Index Cond: (id = mk.movie_id)
                    Filter: (kind_id < 7)
                    Rows Removed by Filter: 0
Planning time: 0.956 ms
Execution time: 6479.557 ms
