Hash Join  (cost=126637.55..216074.50 rows=40438 width=0) (actual time=2493.441..4110.240 rows=24822 loops=1)
  Hash Cond: (mk.movie_id = t.id)
  ->  Seq Scan on movie_keyword mk  (cost=0.00..81003.12 rows=640386 width=4) (actual time=0.019..1340.512 rows=641726 loops=1)
        Filter: (keyword_id < 498)
        Rows Removed by Filter: 3882204
  ->  Hash  (cost=124017.70..124017.70 rows=159668 width=8) (actual time=2492.533..2492.533 rows=93955 loops=1)
        Buckets: 131072  Batches: 4  Memory Usage: 1951kB
        ->  Hash Join  (cost=88511.62..124017.70 rows=159668 width=8) (actual time=1539.892..2458.804 rows=93955 loops=1)
              Hash Cond: (mi_idx.movie_id = t.id)
              ->  Seq Scan on movie_info_idx mi_idx  (cost=0.00..25185.44 rows=454124 width=4) (actual time=0.016..508.860 rows=459925 loops=1)
                    Filter: (info_type_id = 100)
                    Rows Removed by Filter: 920110
              ->  Hash  (cost=73925.90..73925.90 rows=889017 width=4) (actual time=1538.495..1538.495 rows=810813 loops=1)
                    Buckets: 131072  Batches: 16  Memory Usage: 2806kB
                    ->  Seq Scan on title t  (cost=0.00..73925.90 rows=889017 width=4) (actual time=0.146..1273.317 rows=810813 loops=1)
                          Filter: ((kind_id > 4) AND (production_year < 2006))
                          Rows Removed by Filter: 1717499
Planning time: 1.173 ms
Execution time: 4113.897 ms
