Seq Scan on cast_info ci  (cost=0.00..705507.15 rows=6088962 width=0) (actual time=0.014..9325.897 rows=5985782 loops=1)
  Filter: (person_id < 579345)
  Rows Removed by Filter: 30258562
Planning time: 0.297 ms
Execution time: 10066.385 ms
