Hash Join  (cost=102767.86..165557.79 rows=62635 width=0) (actual time=2048.611..3262.598 rows=61617 loops=1)
  Hash Cond: (mc.movie_id = t.id)
  ->  Seq Scan on movie_companies mc  (cost=0.00..51404.11 rows=62635 width=4) (actual time=117.394..818.477 rows=61617 loops=1)
        Filter: (company_id > 182633)
        Rows Removed by Filter: 2547512
  ->  Hash  (cost=61283.27..61283.27 rows=2528527 width=4) (actual time=1929.272..1929.272 rows=2528312 loops=1)
        Buckets: 131072  Batches: 64  Memory Usage: 2415kB
        ->  Seq Scan on title t  (cost=0.00..61283.27 rows=2528527 width=4) (actual time=0.023..1092.664 rows=2528312 loops=1)
Planning time: 4.134 ms
Execution time: 3270.256 ms
