Seq Scan on cast_info ci  (cost=0.00..796071.18 rows=6298043 width=0) (actual time=0.027..14531.454 rows=7451973 loops=1)
  Filter: ((person_id < 3169795) AND (role_id = 2))
  Rows Removed by Filter: 28792371
Planning time: 0.383 ms
Execution time: 15428.062 ms
