Hash Join  (cost=96280.99..660835.77 rows=7942585 width=0) (actual time=1756.141..16742.287 rows=4372183 loops=1)
  Hash Cond: (mi.movie_id = t.id)
  ->  Seq Scan on movie_info mi  (cost=0.00..309384.22 rows=14739122 width=4) (actual time=0.014..6281.113 rows=14835720 loops=1)
  ->  Hash  (cost=73925.90..73925.90 rows=1362567 width=4) (actual time=1753.484..1753.484 rows=1337599 loops=1)
        Buckets: 131072  Batches: 32  Memory Usage: 2500kB
        ->  Seq Scan on title t  (cost=0.00..73925.90 rows=1362567 width=4) (actual time=0.022..1318.076 rows=1337599 loops=1)
              Filter: ((kind_id > 3) AND (production_year < 2011))
              Rows Removed by Filter: 1190713
Planning time: 0.525 ms
Execution time: 17230.375 ms
