Hash Join  (cost=100972.04..465802.14 rows=17415 width=219) (actual time=1821.983..9551.397 rows=42762 loops=1)
  Hash Cond: (mi.movie_id = t.id)
  ->  Seq Scan on movie_info mi  (cost=0.00..309384.22 rows=14739122 width=75) (actual time=0.009..4940.730 rows=14835720 loops=1)
  ->  Hash  (cost=100934.69..100934.69 rows=2988 width=144) (actual time=1812.022..1812.022 rows=3513 loops=1)
        Buckets: 4096  Batches: 1  Memory Usage: 529kB
        ->  Hash Join  (cost=73994.33..100934.69 rows=2988 width=144) (actual time=1173.975..1809.212 rows=3513 loops=1)
              Hash Cond: (mi_idx.movie_id = t.id)
              ->  Seq Scan on movie_info_idx mi_idx  (cost=0.00..21735.35 rows=1380035 width=50) (actual time=0.026..324.488 rows=1380035 loops=1)
              ->  Hash  (cost=73925.90..73925.90 rows=5474 width=94) (actual time=1172.867..1172.867 rows=7792 loops=1)
                    Buckets: 8192  Batches: 1  Memory Usage: 970kB
                    ->  Seq Scan on title t  (cost=0.00..73925.90 rows=5474 width=94) (actual time=0.222..1168.372 rows=7792 loops=1)
                          Filter: ((kind_id > 1) AND (production_year = 1963))
                          Rows Removed by Filter: 2520520
Planning time: 1.412 ms
Execution time: 9554.249 ms
