Hash Join  (cost=73962.22..128657.72 rows=2998 width=0) (actual time=1131.031..2262.456 rows=5257 loops=1)
  Hash Cond: (mc.movie_id = t.id)
  ->  Seq Scan on movie_companies mc  (cost=0.00..44881.29 rows=2609129 width=4) (actual time=0.022..630.610 rows=2609129 loops=1)
  ->  Hash  (cost=73925.90..73925.90 rows=2905 width=4) (actual time=1130.577..1130.577 rows=2712 loops=1)
        Buckets: 4096  Batches: 1  Memory Usage: 128kB
        ->  Seq Scan on title t  (cost=0.00..73925.90 rows=2905 width=4) (actual time=11.150..1129.209 rows=2712 loops=1)
              Filter: ((kind_id < 7) AND (production_year = 1908))
              Rows Removed by Filter: 2525600
Planning time: 0.744 ms
Execution time: 2263.553 ms
