Hash Join  (cost=170900.28..232083.79 rows=14046 width=0) (actual time=3036.819..4219.388 rows=71276 loops=1)
  Hash Cond: (mc.movie_id = t.id)
  ->  Seq Scan on movie_companies mc  (cost=0.00..57926.93 rows=830966 width=4) (actual time=0.022..953.829 rows=521042 loops=1)
        Filter: ((company_id < 17063) AND (company_type_id > 1))
        Rows Removed by Filter: 2088087
  ->  Hash  (cost=170366.01..170366.01 rows=42741 width=8) (actual time=3036.366..3036.366 rows=102982 loops=1)
        Buckets: 131072 (originally 65536)  Batches: 2 (originally 1)  Memory Usage: 3073kB
        ->  Hash Join  (cost=83810.17..170366.01 rows=42741 width=8) (actual time=1501.676..3002.134 rows=102982 loops=1)
              Hash Cond: (mk.movie_id = t.id)
              ->  Seq Scan on movie_keyword mk  (cost=0.00..81003.12 rows=109414 width=4) (actual time=0.025..1260.241 rows=121921 loops=1)
                    Filter: (keyword_id < 117)
                    Rows Removed by Filter: 4402009
              ->  Hash  (cost=67604.59..67604.59 rows=987727 width=4) (actual time=1490.914..1490.914 rows=985048 loops=1)
                    Buckets: 131072  Batches: 16  Memory Usage: 3197kB
                    ->  Seq Scan on title t  (cost=0.00..67604.59 rows=987727 width=4) (actual time=0.018..1166.536 rows=985048 loops=1)
                          Filter: (kind_id < 7)
                          Rows Removed by Filter: 1543264
Planning time: 1.425 ms
Execution time: 4228.796 ms
