Seq Scan on cast_info ci  (cost=0.00..705507.15 rows=16392594 width=0) (actual time=3716.658..12240.825 rows=16526676 loops=1)
  Filter: (person_id > 1976720)
  Rows Removed by Filter: 19717668
Planning time: 0.313 ms
Execution time: 14347.728 ms
