Hash Join  (cost=134251.00..208645.32 rows=234293 width=0) (actual time=3192.564..5693.803 rows=1679211 loops=1)
  Hash Cond: (mc.movie_id = t.id)
  ->  Seq Scan on movie_companies mc  (cost=0.00..51404.11 rows=1665408 width=4) (actual time=0.026..1126.802 rows=1656734 loops=1)
        Filter: (company_id < 18482)
        Rows Removed by Filter: 952395
  ->  Hash  (cost=128414.51..128414.51 rows=355719 width=8) (actual time=3191.801..3191.801 rows=758992 loops=1)
        Buckets: 131072 (originally 131072)  Batches: 16 (originally 8)  Memory Usage: 3073kB
        ->  Hash Join  (cost=84618.84..128414.51 rows=355719 width=8) (actual time=1509.045..2964.473 rows=758992 loops=1)
              Hash Cond: (mi_idx.movie_id = t.id)
              ->  Seq Scan on movie_info_idx mi_idx  (cost=0.00..21735.35 rows=1380035 width=4) (actual time=0.020..459.018 rows=1380035 loops=1)
              ->  Hash  (cost=73925.90..73925.90 rows=651755 width=4) (actual time=1508.258..1508.258 rows=711179 loops=1)
                    Buckets: 131072  Batches: 16  Memory Usage: 2590kB
                    ->  Seq Scan on title t  (cost=0.00..73925.90 rows=651755 width=4) (actual time=0.013..1287.284 rows=711179 loops=1)
                          Filter: ((kind_id < 7) AND (production_year < 2008))
                          Rows Removed by Filter: 1817133
Planning time: 1.147 ms
Execution time: 5907.073 ms
