Hash Join  (cost=69687.24..130329.86 rows=9229 width=0) (actual time=1112.179..2097.332 rows=2417 loops=1)
  Hash Cond: (mc.movie_id = t.id)
  ->  Seq Scan on movie_companies mc  (cost=0.00..57926.93 rows=183840 width=4) (actual time=0.042..930.128 rows=80741 loops=1)
        Filter: ((company_id < 181) AND (company_type_id > 1))
        Rows Removed by Filter: 2528388
  ->  Hash  (cost=67604.59..67604.59 rows=126932 width=4) (actual time=1111.052..1111.052 rows=122861 loops=1)
        Buckets: 131072  Batches: 2  Memory Usage: 3191kB
        ->  Seq Scan on title t  (cost=0.00..67604.59 rows=126932 width=4) (actual time=0.019..1065.424 rows=122861 loops=1)
              Filter: (production_year = 2008)
              Rows Removed by Filter: 2405451
Planning time: 0.698 ms
Execution time: 2097.996 ms
