Seq Scan on cast_info ci  (cost=0.00..705507.15 rows=500 width=0) (actual time=1619.397..10723.302 rows=29 loops=1)
  Filter: (person_id = 3506399)
  Rows Removed by Filter: 36244315
Planning time: 0.331 ms
Execution time: 10723.395 ms
