Hash Join  (cost=174199.79..593304.56 rows=401216 width=0) (actual time=4555.799..11903.094 rows=630034 loops=1)
  Hash Cond: (mi.movie_id = t.id)
  ->  Seq Scan on movie_info mi  (cost=0.00..346232.03 rows=5897221 width=4) (actual time=1297.623..5902.256 rows=5884963 loops=1)
        Filter: (info_type_id < 7)
        Rows Removed by Filter: 8950757
  ->  Hash  (cost=171377.44..171377.44 rows=172028 width=8) (actual time=3255.378..3255.378 rows=83739 loops=1)
        Buckets: 131072  Batches: 4  Memory Usage: 1845kB
        ->  Hash Join  (cost=78473.92..171377.44 rows=172028 width=8) (actual time=1438.903..3232.682 rows=83739 loops=1)
              Hash Cond: (mk.movie_id = t.id)
              ->  Seq Scan on movie_keyword mk  (cost=0.00..81003.12 rows=656562 width=4) (actual time=0.025..1430.882 rows=655932 loops=1)
                    Filter: (keyword_id < 508)
                    Rows Removed by Filter: 3867998
              ->  Hash  (cost=67604.59..67604.59 rows=662507 width=4) (actual time=1436.358..1436.358 rows=662065 loops=1)
                    Buckets: 131072  Batches: 16  Memory Usage: 2488kB
                    ->  Seq Scan on title t  (cost=0.00..67604.59 rows=662507 width=4) (actual time=0.018..1209.959 rows=662065 loops=1)
                          Filter: (production_year > 2008)
                          Rows Removed by Filter: 1866247
Planning time: 1.154 ms
Execution time: 11982.076 ms
