Hash Join  (cost=81319.76..158803.88 rows=324757 width=0) (actual time=1246.686..3451.561 rows=539009 loops=1)
  Hash Cond: (mc.movie_id = t.id)
  ->  Seq Scan on movie_companies mc  (cost=0.00..51404.11 rows=1822250 width=4) (actual time=0.014..1132.869 rows=1833937 loops=1)
        Filter: (company_id > 1680)
        Rows Removed by Filter: 775192
  ->  Hash  (cost=73925.90..73925.90 rows=450628 width=4) (actual time=1245.837..1245.837 rows=325089 loops=1)
        Buckets: 131072  Batches: 8  Memory Usage: 2458kB
        ->  Seq Scan on title t  (cost=0.00..73925.90 rows=450628 width=4) (actual time=0.016..1143.950 rows=325089 loops=1)
              Filter: ((production_year > 1992) AND (kind_id = 1))
              Rows Removed by Filter: 2203223
Planning time: 0.543 ms
Execution time: 3525.015 ms
