Hash Join  (cost=74282.22..101348.28 rows=15558 width=0) (actual time=1194.380..1842.535 rows=15276 loops=1)
  Hash Cond: (mi_idx.movie_id = t.id)
  ->  Seq Scan on movie_info_idx mi_idx  (cost=0.00..21735.35 rows=1380035 width=4) (actual time=0.021..318.076 rows=1380035 loops=1)
  ->  Hash  (cost=73925.90..73925.90 rows=28505 width=4) (actual time=1193.468..1193.468 rows=30662 loops=1)
        Buckets: 32768  Batches: 1  Memory Usage: 1334kB
        ->  Seq Scan on title t  (cost=0.00..73925.90 rows=28505 width=4) (actual time=0.073..1179.927 rows=30662 loops=1)
              Filter: ((kind_id > 2) AND (production_year = 1997))
              Rows Removed by Filter: 2497650
Planning time: 0.505 ms
Execution time: 1844.700 ms
