Hash Join  (cost=75636.60..154940.21 rows=94624 width=0) (actual time=1300.331..3249.958 rows=63927 loops=1)
  Hash Cond: (mc.movie_id = t.id)
  ->  Seq Scan on movie_companies mc  (cost=0.00..51404.11 rows=2295801 width=4) (actual time=0.025..1112.262 rows=2295719 loops=1)
        Filter: (company_id < 92273)
        Rows Removed by Filter: 313410
  ->  Hash  (cost=73925.90..73925.90 rows=104216 width=4) (actual time=1299.039..1299.039 rows=108513 loops=1)
        Buckets: 131072  Batches: 2  Memory Usage: 2931kB
        ->  Seq Scan on title t  (cost=0.00..73925.90 rows=104216 width=4) (actual time=0.014..1258.646 rows=108513 loops=1)
              Filter: ((kind_id > 1) AND (production_year = 2010))
              Rows Removed by Filter: 2419799
Planning time: 0.539 ms
Execution time: 3259.407 ms
