Nested Loop  (cost=0.43..52283.69 rows=104 width=0) (actual time=234.995..796.553 rows=7 loops=1)
  ->  Seq Scan on movie_companies mc  (cost=0.00..51404.11 rows=104 width=4) (actual time=234.892..796.324 rows=7 loops=1)
        Filter: (company_id = 84910)
        Rows Removed by Filter: 2609122
  ->  Index Only Scan using title_pkey on title t  (cost=0.43..8.45 rows=1 width=4) (actual time=0.028..0.028 rows=1 loops=7)
        Index Cond: (id = mc.movie_id)
        Heap Fetches: 7
Planning time: 0.692 ms
Execution time: 796.617 ms
