Hash Join  (cost=210961.86..1391643.00 rows=14297897 width=0) (actual time=4761.818..44254.721 rows=28133093 loops=1)
  Hash Cond: (ci.movie_id = t.id)
  ->  Seq Scan on cast_info ci  (cost=0.00..614943.12 rows=36225612 width=4) (actual time=0.036..13007.383 rows=36244344 loops=1)
  ->  Hash  (cost=194588.05..194588.05 rows=997985 width=8) (actual time=4760.888..4760.888 rows=1153023 loops=1)
        Buckets: 131072  Batches: 16  Memory Usage: 3831kB
        ->  Hash Join  (cost=102767.86..194588.05 rows=997985 width=8) (actual time=2140.686..4440.056 rows=1153023 loops=1)
              Hash Cond: (mc.movie_id = t.id)
              ->  Seq Scan on movie_companies mc  (cost=0.00..57926.93 rows=997985 width=4) (actual time=187.152..1149.281 rows=1153023 loops=1)
                    Filter: ((company_id > 846) AND (company_type_id = 2))
                    Rows Removed by Filter: 1456106
              ->  Hash  (cost=61283.27..61283.27 rows=2528527 width=4) (actual time=1952.229..1952.229 rows=2528312 loops=1)
                    Buckets: 131072  Batches: 64  Memory Usage: 2415kB
                    ->  Seq Scan on title t  (cost=0.00..61283.27 rows=2528527 width=4) (actual time=0.020..1095.110 rows=2528312 loops=1)
Planning time: 1.115 ms
Execution time: 47360.415 ms
