Hash Join  (cost=84037.34..152911.47 rows=148633 width=0) (actual time=1501.380..2615.123 rows=71419 loops=1)
  Hash Cond: (mc.movie_id = t.id)
  ->  Seq Scan on movie_companies mc  (cost=0.00..57926.93 rows=609831 width=4) (actual time=104.331..877.004 rows=393869 loops=1)
        Filter: ((company_id < 10583) AND (company_type_id > 1))
        Rows Removed by Filter: 2215260
  ->  Hash  (cost=73925.90..73925.90 rows=616275 width=4) (actual time=1395.855..1395.855 rows=676927 loops=1)
        Buckets: 131072  Batches: 16  Memory Usage: 2516kB
        ->  Seq Scan on title t  (cost=0.00..73925.90 rows=616275 width=4) (actual time=0.028..1176.673 rows=676927 loops=1)
              Filter: ((production_year > 2005) AND (kind_id = 7))
              Rows Removed by Filter: 1851385
Planning time: 0.722 ms
Execution time: 2624.480 ms
