Hash Join  (cost=147157.80..661706.57 rows=3256082 width=0) (actual time=3238.257..15781.381 rows=2257233 loops=1)
  Hash Cond: (mi.movie_id = t.id)
  ->  Seq Scan on movie_info mi  (cost=0.00..309384.22 rows=14739122 width=4) (actual time=0.023..5982.634 rows=14835720 loops=1)
  ->  Hash  (cost=137993.45..137993.45 rows=558588 width=8) (actual time=3154.209..3154.209 rows=291498 loops=1)
        Buckets: 131072  Batches: 8  Memory Usage: 2450kB
        ->  Hash Join  (cost=90717.09..137993.45 rows=558588 width=8) (actual time=1555.732..3073.574 rows=291498 loops=1)
              Hash Cond: (mi_idx.movie_id = t.id)
              ->  Seq Scan on movie_info_idx mi_idx  (cost=0.00..21735.35 rows=1380035 width=4) (actual time=0.021..448.860 rows=1380035 loops=1)
              ->  Hash  (cost=73925.90..73925.90 rows=1023455 width=4) (actual time=1554.569..1554.569 rows=1117981 loops=1)
                    Buckets: 131072  Batches: 16  Memory Usage: 3489kB
                    ->  Seq Scan on title t  (cost=0.00..73925.90 rows=1023455 width=4) (actual time=68.521..1192.951 rows=1117981 loops=1)
                          Filter: ((production_year > 1993) AND (kind_id = 7))
                          Rows Removed by Filter: 1410331
Planning time: 1.131 ms
Execution time: 16021.341 ms
