Hash Join  (cost=132547.60..228939.04 rows=1550 width=0) (actual time=1954.946..4100.792 rows=25831 loops=1)
  Hash Cond: (mk.movie_id = t.id)
  ->  Seq Scan on movie_keyword mk  (cost=0.00..81003.12 rows=4099418 width=4) (actual time=0.014..1576.591 rows=4087742 loops=1)
        Filter: (keyword_id > 335)
        Rows Removed by Filter: 436188
  ->  Hash  (cost=132535.65..132535.65 rows=956 width=8) (actual time=1941.807..1941.807 rows=980 loops=1)
        Buckets: 1024  Batches: 1  Memory Usage: 47kB
        ->  Hash Join  (cost=74255.97..132535.65 rows=956 width=8) (actual time=1092.965..1940.797 rows=980 loops=1)
              Hash Cond: (mc.movie_id = t.id)
              ->  Seq Scan on movie_companies mc  (cost=0.00..57926.93 rows=91517 width=4) (actual time=0.015..803.676 rows=146931 loops=1)
                    Filter: ((company_id < 49) AND (company_type_id = 1))
                    Rows Removed by Filter: 2462198
              ->  Hash  (cost=73925.90..73925.90 rows=26405 width=4) (actual time=1092.362..1092.362 rows=23926 loops=1)
                    Buckets: 32768  Batches: 1  Memory Usage: 1098kB
                    ->  Seq Scan on title t  (cost=0.00..73925.90 rows=26405 width=4) (actual time=0.029..1082.152 rows=23926 loops=1)
                          Filter: ((kind_id < 7) AND (production_year = 2003))
                          Rows Removed by Filter: 2504386
Planning time: 1.147 ms
Execution time: 4104.483 ms
