Hash Join  (cost=74393.18..136950.60 rows=17563 width=0) (actual time=1482.644..2488.203 rows=21567 loops=1)
  Hash Cond: (mc.movie_id = t.id)
  ->  Seq Scan on movie_companies mc  (cost=0.00..57926.93 rows=1187961 width=4) (actual time=80.535..1106.816 rows=1274246 loops=1)
        Filter: ((company_id < 117599) AND (company_type_id = 1))
        Rows Removed by Filter: 1334883
  ->  Hash  (cost=73925.90..73925.90 rows=37382 width=4) (actual time=1103.437..1103.437 rows=33190 loops=1)
        Buckets: 65536  Batches: 1  Memory Usage: 1679kB
        ->  Seq Scan on title t  (cost=0.00..73925.90 rows=37382 width=4) (actual time=215.990..1089.388 rows=33190 loops=1)
              Filter: ((kind_id = 1) AND (production_year = 2010))
              Rows Removed by Filter: 2495122
Planning time: 0.812 ms
Execution time: 2492.886 ms
