Hash Join  (cost=168843.10..306842.09 rows=703915 width=0) (actual time=4309.711..8898.845 rows=2820718 loops=1)
  Hash Cond: (mk.movie_id = t.id)
  ->  Seq Scan on movie_keyword mk  (cost=0.00..81003.12 rows=4176459 width=4) (actual time=0.034..1882.488 rows=4177834 loops=1)
        Filter: (keyword_id < 48148)
        Rows Removed by Filter: 346096
  ->  Hash  (cost=161851.01..161851.01 rows=426167 width=8) (actual time=4307.612..4307.612 rows=577761 loops=1)
        Buckets: 131072  Batches: 8  Memory Usage: 3854kB
        ->  Hash Join  (cost=82131.75..161851.01 rows=426167 width=8) (actual time=2343.928..4144.667 rows=577761 loops=1)
              Hash Cond: (mc.movie_id = t.id)
              ->  Seq Scan on movie_companies mc  (cost=0.00..57926.93 rows=1216975 width=4) (actual time=276.496..1189.940 rows=1284305 loops=1)
                    Filter: ((company_id > 73) AND (company_type_id = 2))
                    Rows Removed by Filter: 1324824
              ->  Hash  (cost=67604.59..67604.59 rows=885453 width=4) (actual time=2066.216..2066.216 rows=885650 loops=1)
                    Buckets: 131072  Batches: 16  Memory Usage: 2972kB
                    ->  Seq Scan on title t  (cost=0.00..67604.59 rows=885453 width=4) (actual time=0.019..1154.387 rows=885650 loops=1)
                          Filter: (production_year < 1997)
                          Rows Removed by Filter: 1642662
Planning time: 1.456 ms
Execution time: 9216.443 ms
