Hash Join  (cost=156632.57..264504.67 rows=343500 width=0) (actual time=3277.604..6021.665 rows=1416394 loops=1)
  Hash Cond: (mk.movie_id = t.id)
  ->  Seq Scan on movie_keyword mk  (cost=0.00..81003.12 rows=1869593 width=4) (actual time=0.020..1528.840 rows=1878256 loops=1)
        Filter: (keyword_id < 3201)
        Rows Removed by Filter: 2645674
  ->  Hash  (cost=149010.49..149010.49 rows=464566 width=8) (actual time=3276.887..3276.887 rows=459925 loops=1)
        Buckets: 131072  Batches: 8  Memory Usage: 3284kB
        ->  Hash Join  (cost=102767.86..149010.49 rows=464566 width=8) (actual time=1897.101..3145.828 rows=459925 loops=1)
              Hash Cond: (mi_idx.movie_id = t.id)
              ->  Seq Scan on movie_info_idx mi_idx  (cost=0.00..25185.44 rows=464566 width=4) (actual time=0.007..524.052 rows=459925 loops=1)
                    Filter: (info_type_id = 101)
                    Rows Removed by Filter: 920110
              ->  Hash  (cost=61283.27..61283.27 rows=2528527 width=4) (actual time=1895.946..1895.946 rows=2528312 loops=1)
                    Buckets: 131072  Batches: 64  Memory Usage: 2415kB
                    ->  Seq Scan on title t  (cost=0.00..61283.27 rows=2528527 width=4) (actual time=0.021..1050.525 rows=2528312 loops=1)
Planning time: 1.211 ms
Execution time: 6189.039 ms
