Hash Join  (cost=77945.24..572988.79 rows=1428062 width=0) (actual time=1390.686..13218.851 rows=688223 loops=1)
  Hash Cond: (mi.movie_id = t.id)
  ->  Seq Scan on movie_info mi  (cost=0.00..309384.22 rows=14739122 width=4) (actual time=0.018..6346.148 rows=14835720 loops=1)
  ->  Hash  (cost=73925.90..73925.90 rows=244987 width=4) (actual time=1225.891..1225.891 rows=137824 loops=1)
        Buckets: 131072  Batches: 4  Memory Usage: 2239kB
        ->  Seq Scan on title t  (cost=0.00..73925.90 rows=244987 width=4) (actual time=0.033..1171.983 rows=137824 loops=1)
              Filter: ((production_year < 1972) AND (kind_id = 7))
              Rows Removed by Filter: 2390488
Planning time: 0.770 ms
Execution time: 13299.148 ms
