Nested Loop  (cost=0.43..125035.30 rows=208 width=0) (actual time=0.646..1365.037 rows=159 loops=1)
  ->  Seq Scan on movie_keyword mk  (cost=0.00..81003.12 rows=6183 width=4) (actual time=0.121..1211.533 rows=5871 loops=1)
        Filter: (keyword_id = 2860)
        Rows Removed by Filter: 4518059
  ->  Index Scan using title_pkey on title t  (cost=0.43..7.11 rows=1 width=4) (actual time=0.026..0.026 rows=0 loops=5871)
        Index Cond: (id = mk.movie_id)
        Filter: (production_year = 2004)
        Rows Removed by Filter: 1
Planning time: 0.791 ms
Execution time: 1365.276 ms
