Hash Join  (cost=86252.72..121132.20 rows=138154 width=0) (actual time=1463.798..2788.587 rows=279602 loops=1)
  Hash Cond: (mi_idx.movie_id = t.id)
  ->  Seq Scan on movie_info_idx mi_idx  (cost=0.00..25185.44 rows=464934 width=4) (actual time=0.031..525.179 rows=460185 loops=1)
        Filter: (info_type_id > 100)
        Rows Removed by Filter: 919850
  ->  Hash  (cost=73925.90..73925.90 rows=751345 width=4) (actual time=1462.798..1462.798 rows=793943 loops=1)
        Buckets: 131072  Batches: 16  Memory Usage: 2771kB
        ->  Seq Scan on title t  (cost=0.00..73925.90 rows=751345 width=4) (actual time=0.022..1207.435 rows=793943 loops=1)
              Filter: ((kind_id < 7) AND (production_year < 2010))
              Rows Removed by Filter: 1734369
Planning time: 0.714 ms
Execution time: 2825.306 ms
