Seq Scan on movie_companies mc  (cost=0.00..51404.11 rows=1591817 width=0) (actual time=0.030..887.767 rows=1582444 loops=1)
  Filter: (company_id < 15723)
  Rows Removed by Filter: 1026685
Planning time: 0.339 ms
Execution time: 1090.817 ms
