Hash Join  (cost=345671.01..2036952.11 rows=49199517 width=0) (actual time=8474.897..86154.841 rows=177820474 loops=1)
  Hash Cond: (ci.movie_id = t.id)
  ->  Seq Scan on cast_info ci  (cost=0.00..705507.15 rows=31230498 width=4) (actual time=0.028..16674.600 rows=31370175 loops=1)
        Filter: (person_id > 473344)
        Rows Removed by Filter: 4874169
  ->  Hash  (cost=280319.01..280319.01 rows=3983360 width=8) (actual time=8472.592..8472.592 rows=4348171 loops=1)
        Buckets: 131072  Batches: 64  Memory Usage: 3716kB
        ->  Hash Join  (cost=104131.46..280319.01 rows=3983360 width=8) (actual time=2092.068..7205.299 rows=4348171 loops=1)
              Hash Cond: (mk.movie_id = t.id)
              ->  Seq Scan on movie_keyword mk  (cost=0.00..69693.30 rows=4523930 width=4) (actual time=0.026..1357.235 rows=4523930 loops=1)
              ->  Hash  (cost=67604.59..67604.59 rows=2226390 width=4) (actual time=2090.464..2090.464 rows=2224569 loops=1)
                    Buckets: 131072  Batches: 32  Memory Usage: 3472kB
                    ->  Seq Scan on title t  (cost=0.00..67604.59 rows=2226390 width=4) (actual time=0.015..1351.561 rows=2224569 loops=1)
                          Filter: (production_year < 2012)
                          Rows Removed by Filter: 303743
Planning time: 1.866 ms
Execution time: 105596.494 ms
