Hash Join  (cost=67697.55..436217.60 rows=17345 width=0) (actual time=2394.122..7561.799 rows=37172 loops=1)
  Hash Cond: (mi.movie_id = t.id)
  ->  Seq Scan on movie_info mi  (cost=0.00..346232.03 rows=5897221 width=4) (actual time=1337.992..5530.877 rows=5884963 loops=1)
        Filter: (info_type_id < 7)
        Rows Removed by Filter: 8950757
  ->  Hash  (cost=67604.59..67604.59 rows=7437 width=4) (actual time=981.668..981.668 rows=7770 loops=1)
        Buckets: 8192  Batches: 1  Memory Usage: 338kB
        ->  Seq Scan on title t  (cost=0.00..67604.59 rows=7437 width=4) (actual time=0.094..978.019 rows=7770 loops=1)
              Filter: (production_year = 1912)
              Rows Removed by Filter: 2520542
Planning time: 0.781 ms
Execution time: 7567.951 ms
