Hash Join  (cost=76940.37..568173.41 rows=1070911 width=0) (actual time=1293.042..15165.991 rows=3283802 loops=1)
  Hash Cond: (mi.movie_id = t.id)
  ->  Seq Scan on movie_info mi  (cost=0.00..309384.22 rows=14739122 width=4) (actual time=0.030..5914.993 rows=14835720 loops=1)
  ->  Hash  (cost=73925.90..73925.90 rows=183717 width=4) (actual time=1292.334..1292.334 rows=288223 loops=1)
        Buckets: 131072  Batches: 4  Memory Usage: 3568kB
        ->  Seq Scan on title t  (cost=0.00..73925.90 rows=183717 width=4) (actual time=0.047..1190.002 rows=288223 loops=1)
              Filter: ((kind_id < 7) AND (production_year < 1977))
              Rows Removed by Filter: 2240089
Planning time: 2.979 ms
Execution time: 15555.896 ms
