Seq Scan on title t  (cost=0.00..73925.90 rows=5207 width=0) (actual time=517.051..1200.513 rows=1 loops=1)
  Filter: ((kind_id > 2) AND (production_year = 1935))
  Rows Removed by Filter: 2528311
Planning time: 0.357 ms
Execution time: 1200.634 ms
