Hash Join  (cost=160819.65..655198.72 rows=1365714 width=0) (actual time=3932.283..22753.411 rows=20350532 loops=1)
  Hash Cond: (mi.movie_id = t.id)
  ->  Seq Scan on movie_info mi  (cost=0.00..309384.22 rows=14739122 width=4) (actual time=0.040..6198.694 rows=14835720 loops=1)
  ->  Hash  (cost=156975.01..156975.01 rows=234291 width=8) (actual time=3929.645..3929.645 rows=681539 loops=1)
        Buckets: 131072 (originally 131072)  Batches: 8 (originally 4)  Memory Usage: 4397kB
        ->  Hash Join  (cost=78741.46..156975.01 rows=234291 width=8) (actual time=1396.125..3697.808 rows=681539 loops=1)
              Hash Cond: (mc.movie_id = t.id)
              ->  Seq Scan on movie_companies mc  (cost=0.00..51404.11 rows=2018543 width=4) (actual time=0.018..1038.812 rows=2011375 loops=1)
                    Filter: (company_id < 68473)
                    Rows Removed by Filter: 597754
              ->  Hash  (cost=73925.90..73925.90 rows=293484 width=4) (actual time=1395.388..1395.388 rows=411690 loops=1)
                    Buckets: 131072 (originally 131072)  Batches: 8 (originally 4)  Memory Usage: 3073kB
                    ->  Seq Scan on title t  (cost=0.00..73925.90 rows=293484 width=4) (actual time=0.024..1259.787 rows=411690 loops=1)
                          Filter: ((kind_id < 7) AND (production_year < 1993))
                          Rows Removed by Filter: 2116622
Planning time: 0.762 ms
Execution time: 24977.827 ms
