Seq Scan on cast_info ci  (cost=0.00..705507.15 rows=21207888 width=0) (actual time=0.024..11867.080 rows=21337285 loops=1)
  Filter: (person_id > 1471629)
  Rows Removed by Filter: 14907059
Planning time: 0.321 ms
Execution time: 14504.702 ms
