Hash Join  (cost=197466.98..718607.18 rows=3873827 width=0) (actual time=3839.725..19699.500 rows=5468718 loops=1)
  Hash Cond: (mi.movie_id = t.id)
  ->  Seq Scan on movie_info mi  (cost=0.00..309384.22 rows=14739122 width=4) (actual time=0.020..6221.540 rows=14835720 loops=1)
  ->  Hash  (cost=186563.94..186563.94 rows=664563 width=8) (actual time=3838.623..3838.623 rows=422882 loops=1)
        Buckets: 131072  Batches: 16  Memory Usage: 2058kB
        ->  Hash Join  (cost=102767.86..186563.94 rows=664563 width=8) (actual time=1988.401..3720.185 rows=422882 loops=1)
              Hash Cond: (mc.movie_id = t.id)
              ->  Seq Scan on movie_companies mc  (cost=0.00..57926.93 rows=664563 width=4) (actual time=0.029..1030.534 rows=422882 loops=1)
                    Filter: ((company_id < 11264) AND (company_type_id > 1))
                    Rows Removed by Filter: 2186247
              ->  Hash  (cost=61283.27..61283.27 rows=2528527 width=4) (actual time=1987.308..1987.308 rows=2528312 loops=1)
                    Buckets: 131072  Batches: 64  Memory Usage: 2415kB
                    ->  Seq Scan on title t  (cost=0.00..61283.27 rows=2528527 width=4) (actual time=0.016..1170.016 rows=2528312 loops=1)
Planning time: 1.135 ms
Execution time: 20374.679 ms
