Hash Join  (cost=74730.49..162074.67 rows=40309 width=0) (actual time=1148.092..2806.401 rows=25637 loops=1)
  Hash Cond: (mk.movie_id = t.id)
  ->  Seq Scan on movie_keyword mk  (cost=0.00..81003.12 rows=1583458 width=4) (actual time=0.028..1344.187 rows=1591002 loops=1)
        Filter: (keyword_id < 2440)
        Rows Removed by Filter: 2932928
  ->  Hash  (cost=73925.90..73925.90 rows=64367 width=4) (actual time=1147.453..1147.453 rows=53905 loops=1)
        Buckets: 65536  Batches: 1  Memory Usage: 2408kB
        ->  Seq Scan on title t  (cost=0.00..73925.90 rows=64367 width=4) (actual time=0.357..1125.324 rows=53905 loops=1)
              Filter: ((kind_id < 7) AND (production_year = 2012))
              Rows Removed by Filter: 2474407
Planning time: 0.739 ms
Execution time: 2810.416 ms
