Hash Join  (cost=156747.97..881291.50 rows=39804 width=0) (actual time=8748.232..15220.791 rows=250127 loops=1)
  Hash Cond: (ci.movie_id = t.id)
  ->  Seq Scan on cast_info ci  (cost=0.00..705507.15 rows=4970221 width=4) (actual time=6095.305..11378.787 rows=5006756 loops=1)
        Filter: (person_id > 3169040)
        Rows Removed by Filter: 31237588
  ->  Hash  (cost=156494.85..156494.85 rows=20250 width=8) (actual time=2650.854..2650.854 rows=17530 loops=1)
        Buckets: 32768  Batches: 1  Memory Usage: 941kB
        ->  Hash Join  (cost=69374.09..156494.85 rows=20250 width=8) (actual time=1154.691..2644.635 rows=17530 loops=1)
              Hash Cond: (mk.movie_id = t.id)
              ->  Seq Scan on movie_keyword mk  (cost=0.00..81003.12 rows=474970 width=4) (actual time=0.022..1321.367 rows=471060 loops=1)
                    Filter: (keyword_id > 37767)
                    Rows Removed by Filter: 4052870
              ->  Hash  (cost=67604.59..67604.59 rows=107800 width=4) (actual time=1153.804..1153.804 rows=108429 loops=1)
                    Buckets: 131072  Batches: 2  Memory Usage: 2938kB
                    ->  Seq Scan on title t  (cost=0.00..67604.59 rows=107800 width=4) (actual time=0.018..1110.090 rows=108429 loops=1)
                          Filter: (production_year = 2006)
                          Rows Removed by Filter: 2419883
Planning time: 1.185 ms
Execution time: 15253.623 ms
