Nested Loop  (cost=0.43..83071.67 rows=246 width=0) (actual time=0.515..1429.781 rows=1162 loops=1)
  ->  Seq Scan on movie_keyword mk  (cost=0.00..81003.12 rows=246 width=4) (actual time=0.470..1358.255 rows=1162 loops=1)
        Filter: (keyword_id = 1129)
        Rows Removed by Filter: 4522768
  ->  Index Only Scan using title_pkey on title t  (cost=0.43..8.40 rows=1 width=4) (actual time=0.060..0.060 rows=1 loops=1162)
        Index Cond: (id = mk.movie_id)
        Heap Fetches: 1162
Planning time: 0.683 ms
Execution time: 1430.260 ms
