Seq Scan on movie_companies mc  (cost=0.00..51404.11 rows=104 width=0) (actual time=228.348..914.284 rows=4 loops=1)
  Filter: (company_id = 25264)
  Rows Removed by Filter: 2609125
Planning time: 0.365 ms
Execution time: 914.362 ms
