Seq Scan on movie_keyword mk  (cost=0.00..81003.12 rows=3243791 width=0) (actual time=0.028..1581.298 rows=3233869 loops=1)
  Filter: (keyword_id < 13704)
  Rows Removed by Filter: 1290061
Planning time: 0.229 ms
Execution time: 1972.650 ms
