Hash Join  (cost=127189.16..1197008.21 rows=3505986 width=0) (actual time=2516.699..30758.801 rows=3220644 loops=1)
  Hash Cond: (ci.movie_id = t.id)
  ->  Seq Scan on cast_info ci  (cost=0.00..614943.12 rows=36225612 width=4) (actual time=0.016..13289.252 rows=36244344 loops=1)
  ->  Hash  (cost=123174.21..123174.21 rows=244716 width=8) (actual time=2514.506..2514.506 rows=121617 loops=1)
        Buckets: 131072  Batches: 4  Memory Usage: 2226kB
        ->  Hash Join  (cost=81282.57..123174.21 rows=244716 width=8) (actual time=1357.046..2474.140 rows=121617 loops=1)
              Hash Cond: (mi_idx.movie_id = t.id)
              ->  Seq Scan on movie_info_idx mi_idx  (cost=0.00..21735.35 rows=1380035 width=4) (actual time=0.025..457.876 rows=1380035 loops=1)
              ->  Hash  (cost=73925.90..73925.90 rows=448373 width=4) (actual time=1355.789..1355.789 rows=329492 loops=1)
                    Buckets: 131072  Batches: 8  Memory Usage: 2461kB
                    ->  Seq Scan on title t  (cost=0.00..73925.90 rows=448373 width=4) (actual time=0.029..1248.350 rows=329492 loops=1)
                          Filter: ((production_year < 1992) AND (kind_id = 7))
                          Rows Removed by Filter: 2198820
Planning time: 2.955 ms
Execution time: 31140.290 ms
