Seq Scan on movie_keyword mk  (cost=0.00..81003.12 rows=246 width=0) (actual time=0.819..1335.708 rows=870 loops=1)
  Filter: (keyword_id = 6224)
  Rows Removed by Filter: 4523060
Planning time: 1.441 ms
Execution time: 1336.139 ms
