Hash Join  (cost=102767.86..237363.01 rows=1816617 width=0) (actual time=1892.552..5069.501 rows=1818355 loops=1)
  Hash Cond: (mk.movie_id = t.id)
  ->  Seq Scan on movie_keyword mk  (cost=0.00..81003.12 rows=1816617 width=4) (actual time=0.015..1507.183 rows=1818355 loops=1)
        Filter: (keyword_id > 7637)
        Rows Removed by Filter: 2705575
  ->  Hash  (cost=61283.27..61283.27 rows=2528527 width=4) (actual time=1891.648..1891.648 rows=2528312 loops=1)
        Buckets: 131072  Batches: 64  Memory Usage: 2425kB
        ->  Seq Scan on title t  (cost=0.00..61283.27 rows=2528527 width=4) (actual time=0.027..1040.835 rows=2528312 loops=1)
Planning time: 0.749 ms
Execution time: 5257.253 ms
