Seq Scan on cast_info ci  (cost=0.00..705507.15 rows=33189806 width=0) (actual time=0.038..14469.067 rows=33289028 loops=1)
  Filter: (person_id > 287527)
  Rows Removed by Filter: 2955316
Planning time: 0.302 ms
Execution time: 18614.126 ms
