Seq Scan on movie_companies mc  (cost=0.00..51404.11 rows=104 width=0) (actual time=0.309..784.989 rows=836 loops=1)
  Filter: (company_id = 54607)
  Rows Removed by Filter: 2608293
Planning time: 0.350 ms
Execution time: 785.191 ms
