Hash Join  (cost=52284.99..803089.06 rows=1490 width=0) (actual time=785.327..16470.167 rows=334 loops=1)
  Hash Cond: (ci.movie_id = t.id)
  ->  Seq Scan on cast_info ci  (cost=0.00..614943.12 rows=36225612 width=4) (actual time=0.014..8820.186 rows=36244344 loops=1)
  ->  Hash  (cost=52283.69..52283.69 rows=104 width=8) (actual time=731.242..731.242 rows=9 loops=1)
        Buckets: 1024  Batches: 1  Memory Usage: 9kB
        ->  Nested Loop  (cost=0.43..52283.69 rows=104 width=8) (actual time=25.208..731.227 rows=9 loops=1)
              ->  Seq Scan on movie_companies mc  (cost=0.00..51404.11 rows=104 width=4) (actual time=25.109..730.744 rows=9 loops=1)
                    Filter: (company_id = 89399)
                    Rows Removed by Filter: 2609120
              ->  Index Only Scan using title_pkey on title t  (cost=0.43..8.45 rows=1 width=4) (actual time=0.046..0.047 rows=1 loops=9)
                    Index Cond: (id = mc.movie_id)
                    Heap Fetches: 9
Planning time: 3.353 ms
Execution time: 16470.616 ms
