Nested Loop  (cost=0.43..83072.29 rows=5 width=0) (actual time=87.198..1050.004 rows=68 loops=1)
  ->  Seq Scan on movie_keyword mk  (cost=0.00..81003.12 rows=246 width=4) (actual time=3.274..1038.568 rows=346 loops=1)
        Filter: (keyword_id = 5922)
        Rows Removed by Filter: 4523584
  ->  Index Scan using title_pkey on title t  (cost=0.43..8.40 rows=1 width=4) (actual time=0.031..0.032 rows=0 loops=346)
        Index Cond: (id = mk.movie_id)
        Filter: (production_year < 1914)
        Rows Removed by Filter: 1
Planning time: 0.729 ms
Execution time: 1050.116 ms
