Hash Join  (cost=365418.15..2253359.11 rows=60484563 width=0) (actual time=9315.800..85412.219 rows=183399449 loops=1)
  Hash Cond: (ci.movie_id = t.id)
  ->  Seq Scan on cast_info ci  (cost=0.00..705507.15 rows=33806193 width=4) (actual time=0.014..16825.074 rows=33773643 loops=1)
        Filter: (person_id < 3580939)
        Rows Removed by Filter: 2470701
  ->  Hash  (cost=291197.02..291197.02 rows=4523930 width=8) (actual time=9313.567..9313.567 rows=4523930 loops=1)
        Buckets: 131072  Batches: 64  Memory Usage: 3816kB
        ->  Hash Join  (cost=102767.86..291197.02 rows=4523930 width=8) (actual time=1974.634..7951.766 rows=4523930 loops=1)
              Hash Cond: (mk.movie_id = t.id)
              ->  Seq Scan on movie_keyword mk  (cost=0.00..69693.30 rows=4523930 width=4) (actual time=0.015..1461.845 rows=4523930 loops=1)
              ->  Hash  (cost=61283.27..61283.27 rows=2528527 width=4) (actual time=1972.462..1972.462 rows=2528312 loops=1)
                    Buckets: 131072  Batches: 64  Memory Usage: 2425kB
                    ->  Seq Scan on title t  (cost=0.00..61283.27 rows=2528527 width=4) (actual time=0.018..1114.867 rows=2528312 loops=1)
Planning time: 0.726 ms
Execution time: 104378.239 ms
