Seq Scan on cast_info ci  (cost=0.00..796071.18 rows=106352 width=0) (actual time=5680.220..11687.980 rows=43632 loops=1)
  Filter: ((person_id < 1072244) AND (role_id > 10))
  Rows Removed by Filter: 36200712
Planning time: 0.355 ms
Execution time: 11693.514 ms
