Seq Scan on cast_info ci  (cost=0.00..705507.15 rows=23507880 width=0) (actual time=0.014..12438.496 rows=23409680 loops=1)
  Filter: (person_id < 2395779)
  Rows Removed by Filter: 12834664
Planning time: 0.344 ms
Execution time: 15350.101 ms
