Nested Loop  (cost=44377.22..138752.52 rows=2222 width=0) (actual time=910.782..2642.375 rows=14843 loops=1)
  ->  Hash Join  (cost=44376.79..131636.55 rows=12104 width=8) (actual time=910.699..2444.990 rows=14843 loops=1)
        Hash Cond: (mk.movie_id = mi_idx.movie_id)
        ->  Seq Scan on movie_keyword mk  (cost=0.00..81003.12 rows=4072 width=4) (actual time=0.376..1311.048 rows=6011 loops=1)
              Filter: (keyword_id = 1732)
              Rows Removed by Filter: 4517919
        ->  Hash  (cost=21735.35..21735.35 rows=1380035 width=4) (actual time=899.292..899.292 rows=1380035 loops=1)
              Buckets: 131072  Batches: 32  Memory Usage: 2556kB
              ->  Seq Scan on movie_info_idx mi_idx  (cost=0.00..21735.35 rows=1380035 width=4) (actual time=0.018..463.258 rows=1380035 loops=1)
  ->  Index Only Scan using title_pkey on title t  (cost=0.43..0.58 rows=1 width=4) (actual time=0.012..0.013 rows=1 loops=14843)
        Index Cond: (id = mi_idx.movie_id)
        Heap Fetches: 14843
Planning time: 1.151 ms
Execution time: 2645.403 ms
