Hash Join  (cost=100888.25..465575.07 rows=3087 width=0) (actual time=1675.760..7859.061 rows=46714 loops=1)
  Hash Cond: (mi.movie_id = t.id)
  ->  Seq Scan on movie_info mi  (cost=0.00..309384.22 rows=14739122 width=4) (actual time=0.019..3435.156 rows=14835720 loops=1)
  ->  Hash  (cost=100881.62..100881.62 rows=530 width=8) (actual time=1657.706..1657.706 rows=2568 loops=1)
        Buckets: 4096 (originally 1024)  Batches: 1 (originally 1)  Memory Usage: 133kB
        ->  Hash Join  (cost=73962.22..100881.62 rows=530 width=8) (actual time=1081.776..1656.357 rows=2568 loops=1)
              Hash Cond: (mi_idx.movie_id = t.id)
              ->  Seq Scan on movie_info_idx mi_idx  (cost=0.00..25185.44 rows=460978 width=4) (actual time=0.017..481.363 rows=459925 loops=1)
                    Filter: (info_type_id = 99)
                    Rows Removed by Filter: 920110
              ->  Hash  (cost=73925.90..73925.90 rows=2905 width=4) (actual time=1081.684..1081.684 rows=6735 loops=1)
                    Buckets: 8192 (originally 4096)  Batches: 1 (originally 1)  Memory Usage: 301kB
                    ->  Seq Scan on title t  (cost=0.00..73925.90 rows=2905 width=4) (actual time=0.054..1078.287 rows=6735 loops=1)
                          Filter: ((kind_id < 7) AND (production_year = 1980))
                          Rows Removed by Filter: 2521577
Planning time: 1.235 ms
Execution time: 7867.203 ms
