Seq Scan on movie_keyword mk  (cost=0.00..81003.12 rows=352309 width=0) (actual time=0.016..1225.291 rows=349797 loops=1)
  Filter: (keyword_id > 47599)
  Rows Removed by Filter: 4174133
Planning time: 0.286 ms
Execution time: 1271.855 ms
