Hash Join  (cost=123895.71..881413.30 rows=672842 width=0) (actual time=2475.765..26805.676 rows=167662 loops=1)
  Hash Cond: (ci.movie_id = t.id)
  ->  Seq Scan on cast_info ci  (cost=0.00..614943.12 rows=36225612 width=4) (actual time=0.024..9497.201 rows=36244344 loops=1)
  ->  Hash  (cost=123308.66..123308.66 rows=46964 width=8) (actual time=2472.651..2472.651 rows=83198 loops=1)
        Buckets: 131072 (originally 65536)  Batches: 2 (originally 1)  Memory Usage: 3073kB
        ->  Hash Join  (cost=68173.50..123308.66 rows=46964 width=8) (actual time=1089.797..2434.222 rows=83198 loops=1)
              Hash Cond: (mc.movie_id = t.id)
              ->  Seq Scan on movie_companies mc  (cost=0.00..44881.29 rows=2609129 width=4) (actual time=0.042..603.182 rows=2609129 loops=1)
              ->  Hash  (cost=67604.59..67604.59 rows=45513 width=4) (actual time=1089.416..1089.416 rows=42820 loops=1)
                    Buckets: 65536  Batches: 1  Memory Usage: 2018kB
                    ->  Seq Scan on title t  (cost=0.00..67604.59 rows=45513 width=4) (actual time=0.022..1073.058 rows=42820 loops=1)
                          Filter: (production_year < 1913)
                          Rows Removed by Filter: 2485492
Planning time: 1.146 ms
Execution time: 26828.545 ms
