Nested Loop  (cost=0.43..83072.29 rows=38 width=0) (actual time=195.746..1200.000 rows=5 loops=1)
  ->  Seq Scan on movie_keyword mk  (cost=0.00..81003.12 rows=246 width=4) (actual time=44.795..1198.241 rows=36 loops=1)
        Filter: (keyword_id = 4408)
        Rows Removed by Filter: 4523894
  ->  Index Scan using title_pkey on title t  (cost=0.43..8.40 rows=1 width=4) (actual time=0.043..0.043 rows=0 loops=36)
        Index Cond: (id = mk.movie_id)
        Filter: (production_year > 2010)
        Rows Removed by Filter: 1
Planning time: 0.716 ms
Execution time: 1200.105 ms
