Seq Scan on movie_companies mc  (cost=0.00..51404.11 rows=104 width=0) (actual time=84.355..872.187 rows=163 loops=1)
  Filter: (company_id = 64751)
  Rows Removed by Filter: 2608966
Planning time: 0.473 ms
Execution time: 872.325 ms
