Seq Scan on cast_info ci  (cost=0.00..705507.15 rows=14392006 width=0) (actual time=0.021..10407.275 rows=14322207 loops=1)
  Filter: (person_id < 1410205)
  Rows Removed by Filter: 21922137
Planning time: 0.346 ms
Execution time: 12056.498 ms
