Seq Scan on movie_companies mc  (cost=0.00..51404.11 rows=2349418 width=0) (actual time=0.031..975.437 rows=2346134 loops=1)
  Filter: (company_id < 98817)
  Rows Removed by Filter: 262995
Planning time: 0.330 ms
Execution time: 1264.310 ms
