Hash Join  (cost=74698.31..470720.14 rows=619696 width=0) (actual time=1188.517..8790.817 rows=900961 loops=1)
  Hash Cond: (mi.movie_id = t.id)
  ->  Seq Scan on movie_info mi  (cost=0.00..346232.03 rows=3623957 width=4) (actual time=0.020..5600.823 rows=3624977 loops=1)
        Filter: (info_type_id < 4)
        Rows Removed by Filter: 11210743
  ->  Hash  (cost=67604.59..67604.59 rows=432378 width=4) (actual time=1187.601..1187.601 rows=423779 loops=1)
        Buckets: 131072  Batches: 8  Memory Usage: 2891kB
        ->  Seq Scan on title t  (cost=0.00..67604.59 rows=432378 width=4) (actual time=0.025..1045.381 rows=423779 loops=1)
              Filter: (production_year < 1974)
              Rows Removed by Filter: 2104533
Planning time: 0.744 ms
Execution time: 8901.452 ms
