Seq Scan on movie_companies mc  (cost=0.00..51404.11 rows=1665050 width=0) (actual time=0.032..914.193 rows=1665284 loops=1)
  Filter: (company_id > 3568)
  Rows Removed by Filter: 943845
Planning time: 0.306 ms
Execution time: 1121.656 ms
