Seq Scan on movie_companies mc  (cost=0.00..51404.11 rows=104 width=0) (actual time=242.743..898.655 rows=4 loops=1)
  Filter: (company_id = 34783)
  Rows Removed by Filter: 2609125
Planning time: 0.344 ms
Execution time: 898.724 ms
