Hash Join  (cost=984732.24..1152361.65 rows=3280846 width=0) (actual time=23249.153..26870.503 rows=5023536 loops=1)
  Hash Cond: (mk.movie_id = t.id)
  ->  Seq Scan on movie_keyword mk  (cost=0.00..69693.30 rows=4523930 width=4) (actual time=0.014..1410.284 rows=4523930 loops=1)
  ->  Hash  (cost=954646.51..954646.51 rows=1833739 width=8) (actual time=21202.751..21202.751 rows=4079504 loops=1)
        Buckets: 131072 (originally 131072)  Batches: 64 (originally 32)  Memory Usage: 3478kB
        ->  Hash Join  (cost=98120.01..954646.51 rows=1833739 width=8) (actual time=4102.948..20054.617 rows=4079504 loops=1)
              Hash Cond: (ci.movie_id = t.id)
              ->  Seq Scan on cast_info ci  (cost=0.00..796071.18 rows=3144248 width=4) (actual time=2146.810..13031.769 rows=7103714 loops=1)
                    Filter: ((person_id > 2956579) AND (role_id > 2))
                    Rows Removed by Filter: 29140630
              ->  Hash  (cost=73925.90..73925.90 rows=1474648 width=4) (actual time=1955.082..1955.082 rows=1478439 loops=1)
                    Buckets: 131072  Batches: 32  Memory Usage: 2651kB
                    ->  Seq Scan on title t  (cost=0.00..73925.90 rows=1474648 width=4) (actual time=0.015..1463.072 rows=1478439 loops=1)
                          Filter: ((production_year > 1912) AND (kind_id = 7))
                          Rows Removed by Filter: 1049873
Planning time: 1.166 ms
Execution time: 27397.189 ms
