Hash Join  (cost=157523.54..677355.33 rows=3751187 width=0) (actual time=3558.782..17205.892 rows=3953926 loops=1)
  Hash Cond: (mi.movie_id = t.id)
  ->  Seq Scan on movie_info mi  (cost=0.00..309384.22 rows=14739122 width=4) (actual time=0.008..5851.774 rows=14835720 loops=1)
  ->  Hash  (cost=146965.49..146965.49 rows=643524 width=8) (actual time=3557.660..3557.660 rows=424718 loops=1)
        Buckets: 131072  Batches: 16  Memory Usage: 2073kB
        ->  Hash Join  (cost=96651.52..146965.49 rows=643524 width=8) (actual time=2003.518..3420.645 rows=424718 loops=1)
              Hash Cond: (mi_idx.movie_id = t.id)
              ->  Seq Scan on movie_info_idx mi_idx  (cost=0.00..25185.44 rows=919057 width=4) (actual time=0.017..501.109 rows=920110 loops=1)
                    Filter: (info_type_id > 99)
                    Rows Removed by Filter: 459925
              ->  Hash  (cost=67604.59..67604.59 rows=1770475 width=4) (actual time=2002.598..2002.598 rows=1774635 loops=1)
                    Buckets: 131072  Batches: 32  Memory Usage: 2978kB
                    ->  Seq Scan on title t  (cost=0.00..67604.59 rows=1770475 width=4) (actual time=0.013..1421.008 rows=1774635 loops=1)
                          Filter: (kind_id > 2)
                          Rows Removed by Filter: 753677
Planning time: 0.768 ms
Execution time: 17645.842 ms
