Hash Join  (cost=75458.68..106510.10 rows=17032 width=0) (actual time=1279.213..1925.090 rows=11332 loops=1)
  Hash Cond: (mi_idx.movie_id = t.id)
  ->  Seq Scan on movie_info_idx mi_idx  (cost=0.00..25185.44 rows=460978 width=4) (actual time=0.015..457.035 rows=459925 loops=1)
        Filter: (info_type_id = 99)
        Rows Removed by Filter: 920110
  ->  Hash  (cost=73925.90..73925.90 rows=93422 width=4) (actual time=1278.105..1278.105 rows=100754 loops=1)
        Buckets: 131072  Batches: 2  Memory Usage: 2802kB
        ->  Seq Scan on title t  (cost=0.00..73925.90 rows=93422 width=4) (actual time=0.030..1239.930 rows=100754 loops=1)
              Filter: ((kind_id > 1) AND (production_year = 2008))
              Rows Removed by Filter: 2427558
Planning time: 0.710 ms
Execution time: 1927.127 ms
