Hash Join  (cost=126572.60..218451.20 rows=3284 width=0) (actual time=1874.977..3650.183 rows=1033 loops=1)
  Hash Cond: (mk.movie_id = t.id)
  ->  Seq Scan on movie_keyword mk  (cost=0.00..81003.12 rows=2891370 width=4) (actual time=0.031..1417.832 rows=2883031 loops=1)
        Filter: (keyword_id > 2488)
        Rows Removed by Filter: 1640899
  ->  Hash  (cost=126536.70..126536.70 rows=2872 width=8) (actual time=1814.301..1814.301 rows=1105 loops=1)
        Buckets: 4096  Batches: 1  Memory Usage: 76kB
        ->  Hash Join  (cost=74434.21..126536.70 rows=2872 width=8) (actual time=1054.085..1813.677 rows=1105 loops=1)
              Hash Cond: (mc.movie_id = t.id)
              ->  Seq Scan on movie_companies mc  (cost=0.00..51404.11 rows=178576 width=4) (actual time=0.069..874.142 rows=180633 loops=1)
                    Filter: (company_id < 36)
                    Rows Removed by Filter: 2428496
              ->  Hash  (cost=73925.90..73925.90 rows=40664 width=4) (actual time=880.117..880.117 rows=40257 loops=1)
                    Buckets: 65536  Batches: 1  Memory Usage: 1928kB
                    ->  Seq Scan on title t  (cost=0.00..73925.90 rows=40664 width=4) (actual time=0.027..864.804 rows=40257 loops=1)
                          Filter: ((production_year > 2012) AND (kind_id = 7))
                          Rows Removed by Filter: 2488055
Planning time: 2.134 ms
Execution time: 3650.650 ms
