Hash Join  (cost=194639.79..1374249.93 rows=14193698 width=0) (actual time=4894.384..53204.461 rows=58643184 loops=1)
  Hash Cond: (ci.movie_id = t.id)
  ->  Seq Scan on cast_info ci  (cost=0.00..614943.12 rows=36225612 width=4) (actual time=0.023..13432.398 rows=36244344 loops=1)
  ->  Hash  (cost=178385.89..178385.89 rows=990712 width=8) (actual time=4893.046..4893.046 rows=1880201 loops=1)
        Buckets: 131072 (originally 131072)  Batches: 32 (originally 16)  Memory Usage: 3306kB
        ->  Hash Join  (cost=89678.24..178385.89 rows=990712 width=8) (actual time=1508.549..4345.499 rows=1880201 loops=1)
              Hash Cond: (mc.movie_id = t.id)
              ->  Seq Scan on movie_companies mc  (cost=0.00..44881.29 rows=2609129 width=4) (actual time=0.019..865.260 rows=2609129 loops=1)
              ->  Hash  (cost=73925.90..73925.90 rows=960107 width=4) (actual time=1507.674..1507.674 rows=977778 loops=1)
                    Buckets: 131072  Batches: 16  Memory Usage: 3172kB
                    ->  Seq Scan on title t  (cost=0.00..73925.90 rows=960107 width=4) (actual time=0.022..1203.283 rows=977778 loops=1)
                          Filter: ((kind_id < 7) AND (production_year > 0))
                          Rows Removed by Filter: 1550534
Planning time: 1.157 ms
Execution time: 59616.255 ms
