Hash Join  (cost=187815.70..697664.21 rows=2815559 width=0) (actual time=4308.318..20842.015 rows=11939967 loops=1)
  Hash Cond: (mi.movie_id = t.id)
  ->  Seq Scan on movie_info mi  (cost=0.00..309384.22 rows=14739122 width=4) (actual time=0.025..5867.982 rows=14835720 loops=1)
  ->  Hash  (cost=179891.01..179891.01 rows=483015 width=8) (actual time=4307.231..4307.231 rows=737576 loops=1)
        Buckets: 131072 (originally 131072)  Batches: 16 (originally 8)  Memory Usage: 3073kB
        ->  Hash Join  (cost=101489.21..179891.01 rows=483015 width=8) (actual time=2077.381..4078.203 rows=737576 loops=1)
              Hash Cond: (mc.movie_id = t.id)
              ->  Seq Scan on movie_companies mc  (cost=0.00..57926.93 rows=591342 width=4) (actual time=94.348..1076.064 rows=874889 loops=1)
                    Filter: ((company_id > 12827) AND (company_type_id = 2))
                    Rows Removed by Filter: 1734240
              ->  Hash  (cost=67604.59..67604.59 rows=2065330 width=4) (actual time=1982.227..1982.227 rows=2064552 loops=1)
                    Buckets: 131072  Batches: 32  Memory Usage: 3289kB
                    ->  Seq Scan on title t  (cost=0.00..67604.59 rows=2065330 width=4) (actual time=0.026..1310.173 rows=2064552 loops=1)
                          Filter: (production_year < 2011)
                          Rows Removed by Filter: 463760
Planning time: 1.130 ms
Execution time: 22236.393 ms
