Hash Join  (cost=103330.79..468778.72 rows=79203 width=0) (actual time=1878.003..8296.106 rows=336769 loops=1)
  Hash Cond: (mi.movie_id = t.id)
  ->  Seq Scan on movie_info mi  (cost=0.00..309384.22 rows=14739122 width=4) (actual time=0.015..3404.599 rows=14835720 loops=1)
  ->  Hash  (cost=103160.95..103160.95 rows=13587 width=8) (actual time=1877.838..1877.838 rows=17690 loops=1)
        Buckets: 32768 (originally 16384)  Batches: 1 (originally 1)  Memory Usage: 948kB
        ->  Hash Join  (cost=74393.18..103160.95 rows=13587 width=8) (actual time=1140.842..1870.721 rows=17690 loops=1)
              Hash Cond: (mi_idx.movie_id = t.id)
              ->  Seq Scan on movie_info_idx mi_idx  (cost=0.00..25185.44 rows=919057 width=4) (actual time=0.022..532.980 rows=920110 loops=1)
                    Filter: (info_type_id > 99)
                    Rows Removed by Filter: 459925
              ->  Hash  (cost=73925.90..73925.90 rows=37382 width=4) (actual time=1140.413..1140.413 rows=33190 loops=1)
                    Buckets: 65536  Batches: 1  Memory Usage: 1679kB
                    ->  Seq Scan on title t  (cost=0.00..73925.90 rows=37382 width=4) (actual time=227.912..1127.493 rows=33190 loops=1)
                          Filter: ((kind_id = 1) AND (production_year = 2010))
                          Rows Removed by Filter: 2495122
Planning time: 1.323 ms
Execution time: 8340.942 ms
