Nested Loop  (cost=32636.42..197890.55 rows=5269 width=0) (actual time=600.141..2665.205 rows=31875 loops=1)
  ->  Hash Join  (cost=32635.99..130832.74 rows=78313 width=8) (actual time=600.064..2055.798 rows=65437 loops=1)
        Hash Cond: (mk.movie_id = mi_idx.movie_id)
        ->  Seq Scan on movie_keyword mk  (cost=0.00..81003.12 rows=80060 width=4) (actual time=0.044..1313.093 rows=78793 loops=1)
              Filter: (keyword_id > 88192)
              Rows Removed by Filter: 4445137
        ->  Hash  (cost=25185.44..25185.44 rows=454124 width=4) (actual time=598.748..598.748 rows=459925 loops=1)
              Buckets: 131072  Batches: 8  Memory Usage: 3059kB
              ->  Seq Scan on movie_info_idx mi_idx  (cost=0.00..25185.44 rows=454124 width=4) (actual time=0.022..456.031 rows=459925 loops=1)
                    Filter: (info_type_id = 100)
                    Rows Removed by Filter: 920110
  ->  Index Scan using title_pkey on title t  (cost=0.43..0.85 rows=1 width=4) (actual time=0.009..0.009 rows=0 loops=65437)
        Index Cond: (id = mi_idx.movie_id)
        Filter: (production_year < 1998)
        Rows Removed by Filter: 1
Planning time: 0.854 ms
Execution time: 2671.342 ms
