Hash Join  (cost=74198.33..101227.76 rows=11895 width=0) (actual time=1405.007..1798.848 rows=18306 loops=1)
  Hash Cond: (mi_idx.movie_id = t.id)
  ->  Seq Scan on movie_info_idx mi_idx  (cost=0.00..21735.35 rows=1380035 width=4) (actual time=0.029..325.255 rows=1380035 loops=1)
  ->  Hash  (cost=73925.90..73925.90 rows=21794 width=4) (actual time=1159.287..1159.287 rows=24820 loops=1)
        Buckets: 32768  Batches: 1  Memory Usage: 1129kB
        ->  Seq Scan on title t  (cost=0.00..73925.90 rows=21794 width=4) (actual time=289.523..1149.686 rows=24820 loops=1)
              Filter: ((production_year < 1982) AND (kind_id = 3))
              Rows Removed by Filter: 2503492
Planning time: 0.773 ms
Execution time: 1801.394 ms
