Hash Join  (cost=74478.21..129942.79 rows=18079 width=0) (actual time=1260.493..2402.718 rows=22325 loops=1)
  Hash Cond: (mc.movie_id = t.id)
  ->  Seq Scan on movie_companies mc  (cost=0.00..51404.11 rows=1034583 width=4) (actual time=0.031..882.549 rows=1032147 loops=1)
        Filter: (company_id < 5763)
        Rows Removed by Filter: 1576982
  ->  Hash  (cost=73925.90..73925.90 rows=44184 width=4) (actual time=1260.036..1260.036 rows=35489 loops=1)
        Buckets: 65536  Batches: 1  Memory Usage: 1760kB
        ->  Seq Scan on title t  (cost=0.00..73925.90 rows=44184 width=4) (actual time=0.018..1245.181 rows=35489 loops=1)
              Filter: ((kind_id < 7) AND (production_year = 2007))
              Rows Removed by Filter: 2492823
Planning time: 0.791 ms
Execution time: 2406.543 ms
