Hash Join  (cost=84618.84..612485.47 rows=3264599 width=0) (actual time=1376.953..16840.186 rows=7025439 loops=1)
  Hash Cond: (mi.movie_id = t.id)
  ->  Seq Scan on movie_info mi  (cost=0.00..346232.03 rows=12665229 width=4) (actual time=0.021..7138.492 rows=12744652 loops=1)
        Filter: (info_type_id > 2)
        Rows Removed by Filter: 2091068
  ->  Hash  (cost=73925.90..73925.90 rows=651755 width=4) (actual time=1375.903..1375.903 rows=711179 loops=1)
        Buckets: 131072  Batches: 16  Memory Usage: 2599kB
        ->  Seq Scan on title t  (cost=0.00..73925.90 rows=651755 width=4) (actual time=0.034..1142.253 rows=711179 loops=1)
              Filter: ((kind_id < 7) AND (production_year < 2008))
              Rows Removed by Filter: 1817133
Planning time: 0.796 ms
Execution time: 17675.912 ms
