Hash Join  (cost=75546.38..868676.50 rows=285052 width=0) (actual time=7152.092..17333.602 rows=332294 loops=1)
  Hash Cond: (ci.movie_id = t.id)
  ->  Seq Scan on cast_info ci  (cost=0.00..705507.15 rows=7298253 width=4) (actual time=5935.827..13140.859 rows=7451973 loops=1)
        Filter: (role_id = 2)
        Rows Removed by Filter: 28792371
  ->  Hash  (cost=73925.90..73925.90 rows=98758 width=4) (actual time=1215.417..1215.417 rows=106661 loops=1)
        Buckets: 131072  Batches: 2  Memory Usage: 2897kB
        ->  Seq Scan on title t  (cost=0.00..73925.90 rows=98758 width=4) (actual time=0.144..1171.109 rows=106661 loops=1)
              Filter: ((kind_id > 4) AND (production_year = 2011))
              Rows Removed by Filter: 2421651
Planning time: 0.786 ms
Execution time: 17373.297 ms
