Hash Join  (cost=69002.72..149672.53 rows=81934 width=0) (actual time=1133.990..3089.354 rows=72101 loops=1)
  Hash Cond: (mc.movie_id = t.id)
  ->  Seq Scan on movie_companies mc  (cost=0.00..51404.11 rows=2431294 width=4) (actual time=0.013..1052.598 rows=2428527 loops=1)
        Filter: (company_id > 34)
        Rows Removed by Filter: 180602
  ->  Hash  (cost=67604.59..67604.59 rows=85211 width=4) (actual time=1133.222..1133.222 rows=84593 loops=1)
        Buckets: 131072  Batches: 2  Memory Usage: 2518kB
        ->  Seq Scan on title t  (cost=0.00..67604.59 rows=85211 width=4) (actual time=0.014..1100.492 rows=84593 loops=1)
              Filter: (production_year = 2004)
              Rows Removed by Filter: 2443719
Planning time: 0.719 ms
Execution time: 3099.887 ms
