Hash Join  (cost=422685.73..1150045.72 rows=2690 width=0) (actual time=15330.198..21241.988 rows=13270 loops=1)
  Hash Cond: (ci.movie_id = t.id)
  ->  Seq Scan on cast_info ci  (cost=0.00..705507.15 rows=5820248 width=4) (actual time=8413.135..13413.868 rows=5732694 loops=1)
        Filter: (role_id > 8)
        Rows Removed by Filter: 30511650
  ->  Hash  (cost=422671.12..422671.12 rows=1169 width=8) (actual time=6914.704..6914.704 rows=1620 loops=1)
        Buckets: 2048  Batches: 1  Memory Usage: 80kB
        ->  Hash Join  (cost=73982.55..422671.12 rows=1169 width=8) (actual time=6483.017..6914.098 rows=1620 loops=1)
              Hash Cond: (mi.movie_id = t.id)
              ->  Seq Scan on movie_info mi  (cost=0.00..346232.03 rows=651960 width=4) (actual time=5292.937..5595.807 rows=660923 loops=1)
                    Filter: (info_type_id = 18)
                    Rows Removed by Filter: 14174797
              ->  Hash  (cost=73925.90..73925.90 rows=4532 width=4) (actual time=1188.401..1188.401 rows=13632 loops=1)
                    Buckets: 16384 (originally 8192)  Batches: 1 (originally 1)  Memory Usage: 608kB
                    ->  Seq Scan on title t  (cost=0.00..73925.90 rows=4532 width=4) (actual time=0.048..1181.950 rows=13632 loops=1)
                          Filter: ((kind_id = 7) AND (production_year = 1990))
                          Rows Removed by Filter: 2514680
Planning time: 1.168 ms
Execution time: 21244.321 ms
