Seq Scan on movie_companies mc  (cost=0.00..51404.11 rows=104 width=0) (actual time=92.601..760.530 rows=278 loops=1)
  Filter: (company_id = 5896)
  Rows Removed by Filter: 2608851
Planning time: 0.266 ms
Execution time: 760.686 ms
