Seq Scan on movie_companies mc  (cost=0.00..57926.93 rows=214574 width=0) (actual time=377.979..816.782 rows=98828 loops=1)
  Filter: ((company_id < 302) AND (company_type_id = 2))
  Rows Removed by Filter: 2510301
Planning time: 0.414 ms
Execution time: 830.098 ms
