Hash Join  (cost=83074.74..836316.99 rows=1238 width=0) (actual time=5972.211..17024.608 rows=10367 loops=1)
  Hash Cond: (ci.movie_id = t.id)
  ->  Seq Scan on cast_info ci  (cost=0.00..705507.15 rows=12726058 width=4) (actual time=4650.729..13766.659 rows=12670688 loops=1)
        Filter: (role_id = 1)
        Rows Removed by Filter: 23573656
  ->  Hash  (cost=83071.67..83071.67 rows=246 width=8) (actual time=1320.370..1320.370 rows=1017 loops=1)
        Buckets: 1024  Batches: 1  Memory Usage: 48kB
        ->  Nested Loop  (cost=0.43..83071.67 rows=246 width=8) (actual time=2.340..1319.628 rows=1017 loops=1)
              ->  Seq Scan on movie_keyword mk  (cost=0.00..81003.12 rows=246 width=4) (actual time=2.249..1279.414 rows=1017 loops=1)
                    Filter: (keyword_id = 5889)
                    Rows Removed by Filter: 4522913
              ->  Index Only Scan using title_pkey on title t  (cost=0.43..8.40 rows=1 width=4) (actual time=0.038..0.038 rows=1 loops=1017)
                    Index Cond: (id = mk.movie_id)
                    Heap Fetches: 1017
Planning time: 1.228 ms
Execution time: 17027.593 ms
