Hash Join  (cost=73982.55..825470.43 rows=21872 width=0) (actual time=4654.516..17700.625 rows=48542 loops=1)
  Hash Cond: (ci.movie_id = t.id)
  ->  Seq Scan on cast_info ci  (cost=0.00..705507.15 rows=12203201 width=4) (actual time=3383.406..14137.823 rows=12113646 loops=1)
        Filter: (role_id > 3)
        Rows Removed by Filter: 24130698
  ->  Hash  (cost=73925.90..73925.90 rows=4532 width=4) (actual time=1270.911..1270.911 rows=11542 loops=1)
        Buckets: 16384 (originally 8192)  Batches: 1 (originally 1)  Memory Usage: 534kB
        ->  Seq Scan on title t  (cost=0.00..73925.90 rows=4532 width=4) (actual time=303.656..1264.984 rows=11542 loops=1)
              Filter: ((kind_id > 6) AND (production_year = 1988))
              Rows Removed by Filter: 2516770
Planning time: 0.780 ms
Execution time: 17708.187 ms
