Seq Scan on movie_companies mc  (cost=0.00..57926.93 rows=540011 width=0) (actual time=532.486..1000.793 rows=327410 loops=1)
  Filter: ((company_id < 6246) AND (company_type_id > 1))
  Rows Removed by Filter: 2281719
Planning time: 0.362 ms
Execution time: 1037.660 ms
