Hash Join  (cost=104131.46..1550479.93 rows=29821045 width=0) (actual time=2062.150..46331.193 rows=30297687 loops=1)
  Hash Cond: (ci.movie_id = t.id)
  ->  Seq Scan on cast_info ci  (cost=0.00..705507.15 rows=33867973 width=4) (actual time=0.023..16776.053 rows=33945338 loops=1)
        Filter: (person_id > 223758)
        Rows Removed by Filter: 2299006
  ->  Hash  (cost=67604.59..67604.59 rows=2226390 width=4) (actual time=2061.062..2061.062 rows=2224569 loops=1)
        Buckets: 131072  Batches: 32  Memory Usage: 3463kB
        ->  Seq Scan on title t  (cost=0.00..67604.59 rows=2226390 width=4) (actual time=0.012..1358.456 rows=2224569 loops=1)
              Filter: (production_year < 2012)
              Rows Removed by Filter: 303743
Planning time: 0.769 ms
Execution time: 49712.812 ms
