Hash Join  (cost=158171.67..282441.90 rows=808831 width=0) (actual time=3461.952..6492.888 rows=596136 loops=1)
  Hash Cond: (mk.movie_id = t.id)
  ->  Seq Scan on movie_keyword mk  (cost=0.00..81003.12 rows=2795145 width=4) (actual time=0.022..1755.744 rows=2784537 loops=1)
        Filter: (keyword_id < 8083)
        Rows Removed by Filter: 1739393
  ->  Hash  (cost=146166.67..146166.67 rows=731680 width=8) (actual time=3457.981..3457.981 rows=408186 loops=1)
        Buckets: 131072  Batches: 16  Memory Usage: 2026kB
        ->  Hash Join  (cost=95920.39..146166.67 rows=731680 width=8) (actual time=1938.159..3348.540 rows=408186 loops=1)
              Hash Cond: (mi_idx.movie_id = t.id)
              ->  Seq Scan on movie_info_idx mi_idx  (cost=0.00..21735.35 rows=1380035 width=4) (actual time=0.018..490.454 rows=1380035 loops=1)
              ->  Hash  (cost=73925.90..73925.90 rows=1340599 width=4) (actual time=1937.140..1937.140 rows=1418280 loops=1)
                    Buckets: 131072  Batches: 32  Memory Usage: 2584kB
                    ->  Seq Scan on title t  (cost=0.00..73925.90 rows=1340599 width=4) (actual time=0.033..1477.511 rows=1418280 loops=1)
                          Filter: ((production_year > 1961) AND (kind_id = 7))
                          Rows Removed by Filter: 1110032
Planning time: 1.241 ms
Execution time: 6550.620 ms
