Hash Join  (cost=365418.15..2332096.54 rows=64573286 width=0) (actual time=8789.076..94472.465 rows=214984429 loops=1)
  Hash Cond: (ci.movie_id = t.id)
  ->  Seq Scan on cast_info ci  (cost=0.00..705507.15 rows=36091473 width=4) (actual time=0.023..17696.663 rows=36076090 loops=1)
        Filter: (person_id < 4034912)
        Rows Removed by Filter: 168254
  ->  Hash  (cost=291197.02..291197.02 rows=4523930 width=8) (actual time=8787.369..8787.369 rows=4523930 loops=1)
        Buckets: 131072  Batches: 64  Memory Usage: 3816kB
        ->  Hash Join  (cost=102767.86..291197.02 rows=4523930 width=8) (actual time=2087.205..7544.690 rows=4523930 loops=1)
              Hash Cond: (mk.movie_id = t.id)
              ->  Seq Scan on movie_keyword mk  (cost=0.00..69693.30 rows=4523930 width=4) (actual time=0.023..1625.706 rows=4523930 loops=1)
              ->  Hash  (cost=61283.27..61283.27 rows=2528527 width=4) (actual time=2085.654..2085.654 rows=2528312 loops=1)
                    Buckets: 131072  Batches: 64  Memory Usage: 2425kB
                    ->  Seq Scan on title t  (cost=0.00..61283.27 rows=2528527 width=4) (actual time=0.018..1216.071 rows=2528312 loops=1)
Planning time: 1.195 ms
Execution time: 116513.875 ms
