Hash Join  (cost=114454.30..201961.90 rows=84956 width=0) (actual time=2144.571..4049.780 rows=99024 loops=1)
  Hash Cond: (mk.movie_id = t.id)
  ->  Seq Scan on movie_keyword mk  (cost=0.00..69693.30 rows=4523930 width=4) (actual time=0.022..1050.064 rows=4523930 loops=1)
  ->  Hash  (cost=113860.75..113860.75 rows=47484 width=8) (actual time=2143.561..2143.561 rows=21930 loops=1)
        Buckets: 65536  Batches: 1  Memory Usage: 1369kB
        ->  Hash Join  (cost=75353.43..113860.75 rows=47484 width=8) (actual time=1257.225..2135.414 rows=21930 loops=1)
              Hash Cond: (mi_idx.movie_id = t.id)
              ->  Seq Scan on movie_info_idx mi_idx  (cost=0.00..21735.35 rows=1380035 width=4) (actual time=0.033..434.669 rows=1380035 loops=1)
              ->  Hash  (cost=73925.90..73925.90 rows=87002 width=4) (actual time=1256.431..1256.431 rows=93068 loops=1)
                    Buckets: 131072  Batches: 2  Memory Usage: 2660kB
                    ->  Seq Scan on title t  (cost=0.00..73925.90 rows=87002 width=4) (actual time=0.023..1222.521 rows=93068 loops=1)
                          Filter: ((kind_id > 4) AND (production_year = 2010))
                          Rows Removed by Filter: 2435244
Planning time: 1.205 ms
Execution time: 4062.802 ms
