Hash Join  (cost=74601.78..101630.14 rows=9942 width=0) (actual time=1366.960..1893.158 rows=34062 loops=1)
  Hash Cond: (mi_idx.movie_id = t.id)
  ->  Seq Scan on movie_info_idx mi_idx  (cost=0.00..25185.44 rows=464934 width=4) (actual time=0.026..450.825 rows=460185 loops=1)
        Filter: (info_type_id > 100)
        Rows Removed by Filter: 919850
  ->  Hash  (cost=73925.90..73925.90 rows=54070 width=4) (actual time=1202.363..1202.363 rows=177199 loops=1)
        Buckets: 131072 (originally 65536)  Batches: 4 (originally 1)  Memory Usage: 3073kB
        ->  Seq Scan on title t  (cost=0.00..73925.90 rows=54070 width=4) (actual time=0.018..1128.641 rows=177199 loops=1)
              Filter: ((production_year < 1956) AND (kind_id = 1))
              Rows Removed by Filter: 2351113
Planning time: 0.742 ms
Execution time: 1898.069 ms
