Hash Join  (cost=76243.83..432842.49 rows=45238 width=0) (actual time=3507.076..6919.987 rows=8863 loops=1)
  Hash Cond: (mi.movie_id = t.id)
  ->  Seq Scan on movie_info mi  (cost=0.00..346232.03 rows=809669 width=4) (actual time=2395.023..5508.487 rows=802140 loops=1)
        Filter: (info_type_id = 1)
        Rows Removed by Filter: 14033580
  ->  Hash  (cost=73925.90..73925.90 rows=141274 width=4) (actual time=1110.855..1110.855 rows=150659 loops=1)
        Buckets: 131072  Batches: 2  Memory Usage: 3679kB
        ->  Seq Scan on title t  (cost=0.00..73925.90 rows=141274 width=4) (actual time=104.656..1055.265 rows=150659 loops=1)
              Filter: ((production_year > 2011) AND (kind_id = 7))
              Rows Removed by Filter: 2377653
Planning time: 0.796 ms
Execution time: 6921.050 ms
