Hash Join  (cost=203317.10..585108.37 rows=702243 width=0) (actual time=4277.379..12942.754 rows=8381886 loops=1)
  Hash Cond: (mi.movie_id = t.id)
  ->  Seq Scan on movie_info mi  (cost=0.00..346232.03 rows=2194617 width=4) (actual time=0.017..5059.008 rows=2233850 loops=1)
        Filter: (info_type_id > 16)
        Rows Removed by Filter: 12601870
  ->  Hash  (cost=190042.49..190042.49 rows=809089 width=8) (actual time=4276.819..4276.819 rows=598163 loops=1)
        Buckets: 131072  Batches: 16  Memory Usage: 2522kB
        ->  Hash Join  (cost=102767.86..190042.49 rows=809089 width=8) (actual time=2572.690..4097.946 rows=598163 loops=1)
              Hash Cond: (mc.movie_id = t.id)
              ->  Seq Scan on movie_companies mc  (cost=0.00..57926.93 rows=809089 width=4) (actual time=416.246..1057.097 rows=598163 loops=1)
                    Filter: ((company_id > 3899) AND (company_type_id = 1))
                    Rows Removed by Filter: 2010966
              ->  Hash  (cost=61283.27..61283.27 rows=2528527 width=4) (actual time=1777.085..1777.085 rows=2528312 loops=1)
                    Buckets: 131072  Batches: 64  Memory Usage: 2415kB
                    ->  Seq Scan on title t  (cost=0.00..61283.27 rows=2528527 width=4) (actual time=0.019..949.066 rows=2528312 loops=1)
Planning time: 0.977 ms
Execution time: 13758.627 ms
