Hash Join  (cost=185613.21..1299420.19 rows=9781642 width=0) (actual time=4367.168..39827.860 rows=21128528 loops=1)
  Hash Cond: (ci.movie_id = t.id)
  ->  Seq Scan on cast_info ci  (cost=0.00..705507.15 rows=26537709 width=4) (actual time=0.023..15726.952 rows=26735179 loops=1)
        Filter: (person_id > 934884)
        Rows Removed by Filter: 9509165
  ->  Hash  (cost=170322.21..170322.21 rows=932000 width=8) (actual time=4366.040..4366.040 rows=730845 loops=1)
        Buckets: 131072  Batches: 16  Memory Usage: 2780kB
        ->  Hash Join  (cost=82423.69..170322.21 rows=932000 width=8) (actual time=1551.301..4138.851 rows=730845 loops=1)
              Hash Cond: (mc.movie_id = t.id)
              ->  Seq Scan on movie_companies mc  (cost=0.00..44881.29 rows=2609129 width=4) (actual time=0.014..892.308 rows=2609129 loops=1)
              ->  Hash  (cost=67604.59..67604.59 rows=903208 width=4) (actual time=1550.369..1550.369 rows=904491 loops=1)
                    Buckets: 131072  Batches: 16  Memory Usage: 3010kB
                    ->  Seq Scan on title t  (cost=0.00..67604.59 rows=903208 width=4) (actual time=0.008..1256.537 rows=904491 loops=1)
                          Filter: (production_year > 2006)
                          Rows Removed by Filter: 1623821
Planning time: 1.217 ms
Execution time: 42138.455 ms
