Hash Join  (cost=94176.46..139232.53 rows=446701 width=0) (actual time=1741.400..2938.167 rows=246494 loops=1)
  Hash Cond: (mi_idx.movie_id = t.id)
  ->  Seq Scan on movie_info_idx mi_idx  (cost=0.00..25185.44 rows=915101 width=4) (actual time=0.020..522.875 rows=919850 loops=1)
        Filter: (info_type_id < 101)
        Rows Removed by Filter: 460185
  ->  Hash  (cost=73925.90..73925.90 rows=1234284 width=4) (actual time=1739.997..1739.997 rows=1316754 loops=1)
        Buckets: 131072  Batches: 32  Memory Usage: 2476kB
        ->  Seq Scan on title t  (cost=0.00..73925.90 rows=1234284 width=4) (actual time=0.027..1334.852 rows=1316754 loops=1)
              Filter: ((production_year > 1974) AND (kind_id = 7))
              Rows Removed by Filter: 1211558
Planning time: 0.860 ms
Execution time: 2965.601 ms
