Hash Join  (cost=184970.60..684978.72 rows=1893319 width=0) (actual time=3963.433..29628.266 rows=58434299 loops=1)
  Hash Cond: (mi.movie_id = t.id)
  ->  Seq Scan on movie_info mi  (cost=0.00..309384.22 rows=14739122 width=4) (actual time=0.026..5913.551 rows=14835720 loops=1)
  ->  Hash  (cost=179641.56..179641.56 rows=324803 width=8) (actual time=3959.553..3959.553 rows=765373 loops=1)
        Buckets: 131072 (originally 131072)  Batches: 16 (originally 8)  Memory Usage: 3073kB
        ->  Hash Join  (cost=78556.72..179641.56 rows=324803 width=8) (actual time=1292.764..3715.003 rows=765373 loops=1)
              Hash Cond: (mk.movie_id = t.id)
              ->  Seq Scan on movie_keyword mk  (cost=0.00..81003.12 rows=1230314 width=4) (actual time=0.023..1490.003 rows=1241662 loops=1)
                    Filter: (keyword_id > 14566)
                    Rows Removed by Filter: 3282268
              ->  Hash  (cost=67604.59..67604.59 rows=667531 width=4) (actual time=1291.947..1291.947 rows=662825 loops=1)
                    Buckets: 131072  Batches: 16  Memory Usage: 2486kB
                    ->  Seq Scan on title t  (cost=0.00..67604.59 rows=667531 width=4) (actual time=399.898..1080.023 rows=662825 loops=1)
                          Filter: (kind_id = 1)
                          Rows Removed by Filter: 1865487
Planning time: 1.125 ms
Execution time: 36088.279 ms
