Hash Join  (cost=190230.21..335419.22 rows=1885319 width=0) (actual time=4005.016..9405.174 rows=7931967 loops=1)
  Hash Cond: (mk.movie_id = t.id)
  ->  Seq Scan on movie_keyword mk  (cost=0.00..81003.12 rows=3454318 width=4) (actual time=0.020..1728.547 rows=3442287 loops=1)
        Filter: (keyword_id < 16373)
        Rows Removed by Filter: 1081643
  ->  Hash  (cost=167588.78..167588.78 rows=1380035 width=8) (actual time=4004.273..4004.273 rows=1380035 loops=1)
        Buckets: 131072  Batches: 32  Memory Usage: 2726kB
        ->  Hash Join  (cost=102767.86..167588.78 rows=1380035 width=8) (actual time=1857.454..3643.915 rows=1380035 loops=1)
              Hash Cond: (mi_idx.movie_id = t.id)
              ->  Seq Scan on movie_info_idx mi_idx  (cost=0.00..21735.35 rows=1380035 width=4) (actual time=0.014..420.404 rows=1380035 loops=1)
              ->  Hash  (cost=61283.27..61283.27 rows=2528527 width=4) (actual time=1856.290..1856.290 rows=2528312 loops=1)
                    Buckets: 131072  Batches: 64  Memory Usage: 2415kB
                    ->  Seq Scan on title t  (cost=0.00..61283.27 rows=2528527 width=4) (actual time=0.025..1006.169 rows=2528312 loops=1)
Planning time: 3.568 ms
Execution time: 10344.492 ms
