Hash Join  (cost=195170.56..336465.89 rows=1583529 width=0) (actual time=6401.234..7695.054 rows=894188 loops=1)
  Hash Cond: (mk.movie_id = t.id)
  ->  Seq Scan on movie_keyword mk  (cost=0.00..69693.30 rows=4523930 width=4) (actual time=0.016..1418.157 rows=4523930 loops=1)
  ->  Hash  (cost=180649.18..180649.18 rows=885070 width=8) (actual time=4227.496..4227.496 rows=313878 loops=1)
        Buckets: 131072  Batches: 16  Memory Usage: 1782kB
        ->  Hash Join  (cost=89649.84..180649.18 rows=885070 width=8) (actual time=1818.473..4127.526 rows=313878 loops=1)
              Hash Cond: (mc.movie_id = t.id)
              ->  Seq Scan on movie_companies mc  (cost=0.00..51404.11 rows=2335074 width=4) (actual time=0.014..1117.730 rows=2338336 loops=1)
                    Filter: (company_id > 140)
                    Rows Removed by Filter: 270793
              ->  Hash  (cost=73925.90..73925.90 rows=958395 width=4) (actual time=1585.394..1585.394 rows=1050192 loops=1)
                    Buckets: 131072  Batches: 16  Memory Usage: 3340kB
                    ->  Seq Scan on title t  (cost=0.00..73925.90 rows=958395 width=4) (actual time=0.022..1270.113 rows=1050192 loops=1)
                          Filter: ((production_year > 1996) AND (kind_id = 7))
                          Rows Removed by Filter: 1478120
Planning time: 1.144 ms
Execution time: 7795.650 ms
