Seq Scan on cast_info ci  (cost=0.00..705507.15 rows=500 width=0) (actual time=9886.279..10856.025 rows=141 loops=1)
  Filter: (person_id = 609980)
  Rows Removed by Filter: 36244203
Planning time: 6.396 ms
Execution time: 10856.149 ms
