Hash Join  (cost=69460.45..191602.01 rows=151576 width=0) (actual time=1134.567..3743.044 rows=135731 loops=1)
  Hash Cond: (mk.movie_id = t.id)
  ->  Seq Scan on movie_keyword mk  (cost=0.00..81003.12 rows=3388447 width=4) (actual time=0.023..1576.992 rows=3380150 loops=1)
        Filter: (keyword_id > 1301)
        Rows Removed by Filter: 1143780
  ->  Hash  (cost=67604.59..67604.59 rows=113109 width=4) (actual time=1133.634..1133.634 rows=119565 loops=1)
        Buckets: 131072  Batches: 2  Memory Usage: 3121kB
        ->  Seq Scan on title t  (cost=0.00..67604.59 rows=113109 width=4) (actual time=0.027..1086.437 rows=119565 loops=1)
              Filter: (production_year = 2007)
              Rows Removed by Filter: 2408747
Planning time: 0.778 ms
Execution time: 3760.371 ms
