Hash Join  (cost=77761.83..213197.48 rows=252761 width=106) (actual time=3327.081..4634.838 rows=39663 loops=1)
  Hash Cond: (mk.movie_id = t.id)
  ->  Seq Scan on movie_keyword mk  (cost=0.00..69693.30 rows=4523930 width=12) (actual time=0.024..1442.175 rows=4523930 loops=1)
  ->  Hash  (cost=73925.90..73925.90 rows=141274 width=94) (actual time=1431.259..1431.259 rows=150659 loops=1)
        Buckets: 32768  Batches: 8  Memory Usage: 2429kB
        ->  Seq Scan on title t  (cost=0.00..73925.90 rows=141274 width=94) (actual time=0.024..1356.593 rows=150659 loops=1)
              Filter: ((production_year > 2011) AND (kind_id = 7))
              Rows Removed by Filter: 2377653
Planning time: 0.892 ms
Execution time: 4637.338 ms
