Seq Scan on cast_info ci  (cost=0.00..705507.15 rows=500 width=42) (actual time=8174.356..10627.847 rows=1 loops=1)
  Filter: (person_id = 3254735)
  Rows Removed by Filter: 36244343
Planning time: 0.482 ms
Execution time: 10627.888 ms
