Hash Join  (cost=478047.37..542448.81 rows=155372 width=0) (actual time=8172.976..9930.970 rows=815172 loops=1)
  Hash Cond: (mc.movie_id = t.id)
  ->  Seq Scan on movie_companies mc  (cost=0.00..51404.11 rows=829494 width=4) (actual time=61.993..887.266 rows=838248 loops=1)
        Filter: (company_id > 26414)
        Rows Removed by Filter: 1770881
  ->  Hash  (cost=470276.16..470276.16 rows=473617 width=8) (actual time=8110.004..8110.004 rows=486554 loops=1)
        Buckets: 131072  Batches: 8  Memory Usage: 3382kB
        ->  Hash Join  (cost=102767.86..470276.16 rows=473617 width=8) (actual time=2636.971..7973.183 rows=486554 loops=1)
              Hash Cond: (mi.movie_id = t.id)
              ->  Seq Scan on movie_info mi  (cost=0.00..346232.03 rows=473617 width=4) (actual time=739.008..5313.272 rows=486554 loops=1)
                    Filter: (info_type_id = 5)
                    Rows Removed by Filter: 14349166
              ->  Hash  (cost=61283.27..61283.27 rows=2528527 width=4) (actual time=1897.126..1897.126 rows=2528312 loops=1)
                    Buckets: 131072  Batches: 64  Memory Usage: 2425kB
                    ->  Seq Scan on title t  (cost=0.00..61283.27 rows=2528527 width=4) (actual time=0.017..1051.884 rows=2528312 loops=1)
Planning time: 1.181 ms
Execution time: 10028.419 ms
