Hash Join  (cost=89299.55..545332.42 rows=3258618 width=0) (actual time=1838.175..11995.958 rows=3154935 loops=1)
  Hash Cond: (mi.movie_id = t.id)
  ->  Seq Scan on movie_info mi  (cost=0.00..346232.03 rows=6231111 width=4) (actual time=0.017..5930.397 rows=6223494 loops=1)
        Filter: (info_type_id > 8)
        Rows Removed by Filter: 8612226
  ->  Hash  (cost=67604.59..67604.59 rows=1322317 width=4) (actual time=1837.302..1837.302 rows=1322863 loops=1)
        Buckets: 131072  Batches: 32  Memory Usage: 2488kB
        ->  Seq Scan on title t  (cost=0.00..67604.59 rows=1322317 width=4) (actual time=0.019..1358.310 rows=1322863 loops=1)
              Filter: (production_year > 2001)
              Rows Removed by Filter: 1205449
Planning time: 1.331 ms
Execution time: 12377.191 ms
