Seq Scan on movie_companies mc  (cost=0.00..51404.11 rows=104 width=0) (actual time=474.978..735.246 rows=1264 loops=1)
  Filter: (company_id = 91411)
  Rows Removed by Filter: 2607865
Planning time: 0.387 ms
Execution time: 735.583 ms
