Seq Scan on movie_companies mc  (cost=0.00..51404.11 rows=1970855 width=0) (actual time=0.018..875.806 rows=1965879 loops=1)
  Filter: (company_id < 56339)
  Rows Removed by Filter: 643250
Planning time: 0.303 ms
Execution time: 1102.285 ms
