Hash Join  (cost=129634.65..494470.76 rows=18018 width=0) (actual time=2448.419..9860.679 rows=346386 loops=1)
  Hash Cond: (mi.movie_id = t.id)
  ->  Seq Scan on movie_info mi  (cost=0.00..309384.22 rows=14739122 width=4) (actual time=0.026..4162.793 rows=14835720 loops=1)
  ->  Hash  (cost=129596.01..129596.01 rows=3091 width=8) (actual time=2448.192..2448.192 rows=9697 loops=1)
        Buckets: 16384 (originally 4096)  Batches: 1 (originally 1)  Memory Usage: 507kB
        ->  Hash Join  (cost=67697.55..129596.01 rows=3091 width=8) (actual time=999.641..2443.984 rows=9697 loops=1)
              Hash Cond: (mc.movie_id = t.id)
              ->  Seq Scan on movie_companies mc  (cost=0.00..57926.93 rows=1050831 width=4) (actual time=10.020..1196.969 rows=1274246 loops=1)
                    Filter: ((company_id < 75966) AND (company_type_id = 1))
                    Rows Removed by Filter: 1334883
              ->  Hash  (cost=67604.59..67604.59 rows=7437 width=4) (actual time=988.388..988.388 rows=14038 loops=1)
                    Buckets: 16384 (originally 8192)  Batches: 1 (originally 1)  Memory Usage: 622kB
                    ->  Seq Scan on title t  (cost=0.00..67604.59 rows=7437 width=4) (actual time=0.024..981.543 rows=14038 loops=1)
                          Filter: (production_year = 1977)
                          Rows Removed by Filter: 2514274
Planning time: 1.179 ms
Execution time: 9906.417 ms
