Hash Join  (cost=74146.12..128993.43 rows=18179 width=0) (actual time=1053.083..2298.613 rows=31097 loops=1)
  Hash Cond: (mc.movie_id = t.id)
  ->  Seq Scan on movie_companies mc  (cost=0.00..44881.29 rows=2609129 width=4) (actual time=0.012..616.256 rows=2609129 loops=1)
  ->  Hash  (cost=73925.90..73925.90 rows=17617 width=4) (actual time=1052.858..1052.858 rows=22021 loops=1)
        Buckets: 32768  Batches: 1  Memory Usage: 1031kB
        ->  Seq Scan on title t  (cost=0.00..73925.90 rows=17617 width=4) (actual time=0.034..1044.036 rows=22021 loops=1)
              Filter: ((kind_id < 2) AND (production_year > 2012))
              Rows Removed by Filter: 2506291
Planning time: 0.729 ms
Execution time: 2303.175 ms
