Seq Scan on movie_companies mc  (cost=0.00..57926.93 rows=569571 width=0) (actual time=43.171..901.750 rows=861568 loops=1)
  Filter: ((company_id > 13552) AND (company_type_id = 2))
  Rows Removed by Filter: 1747561
Planning time: 0.390 ms
Execution time: 1006.858 ms
