Hash Join  (cost=108347.38..475979.72 rows=297642 width=0) (actual time=1901.082..9455.584 rows=215294 loops=1)
  Hash Cond: (mi.movie_id = t.id)
  ->  Seq Scan on movie_info mi  (cost=0.00..309384.22 rows=14739122 width=4) (actual time=0.024..4156.785 rows=14835720 loops=1)
  ->  Hash  (cost=107709.12..107709.12 rows=51061 width=8) (actual time=1900.668..1900.668 rows=17608 loops=1)
        Buckets: 65536  Batches: 1  Memory Usage: 1200kB
        ->  Hash Join  (cost=69140.02..107709.12 rows=51061 width=8) (actual time=1113.358..1895.155 rows=17608 loops=1)
              Hash Cond: (mi_idx.movie_id = t.id)
              ->  Seq Scan on movie_info_idx mi_idx  (cost=0.00..21735.35 rows=1380035 width=4) (actual time=0.013..367.089 rows=1380035 loops=1)
              ->  Hash  (cost=67604.59..67604.59 rows=93555 width=4) (actual time=1112.109..1112.109 rows=92899 loops=1)
                    Buckets: 131072  Batches: 2  Memory Usage: 2656kB
                    ->  Seq Scan on title t  (cost=0.00..67604.59 rows=93555 width=4) (actual time=210.696..1079.958 rows=92899 loops=1)
                          Filter: (production_year < 1922)
                          Rows Removed by Filter: 2435413
Planning time: 1.162 ms
Execution time: 9485.480 ms
