Hash Join  (cost=69076.71..97713.61 rows=499 width=0) (actual time=987.740..1403.368 rows=70 loops=1)
  Hash Cond: (mi_idx.movie_id = t.id)
  ->  Seq Scan on movie_info_idx mi_idx  (cost=0.00..25185.44 rows=919057 width=4) (actual time=0.029..488.713 rows=920110 loops=1)
        Filter: (info_type_id > 99)
        Rows Removed by Filter: 459925
  ->  Hash  (cost=69059.54..69059.54 rows=1374 width=8) (actual time=787.451..787.451 rows=43 loops=1)
        Buckets: 2048  Batches: 1  Memory Usage: 18kB
        ->  Nested Loop  (cost=0.43..69059.54 rows=1374 width=8) (actual time=5.498..787.398 rows=43 loops=1)
              ->  Seq Scan on movie_companies mc  (cost=0.00..57926.93 rows=1374 width=4) (actual time=5.356..786.077 rows=43 loops=1)
                    Filter: ((company_id = 686) AND (company_type_id = 2))
                    Rows Removed by Filter: 2609086
              ->  Index Only Scan using title_pkey on title t  (cost=0.43..8.09 rows=1 width=4) (actual time=0.027..0.028 rows=1 loops=43)
                    Index Cond: (id = mc.movie_id)
                    Heap Fetches: 43
Planning time: 6.989 ms
Execution time: 1413.397 ms
