Hash Join  (cost=78335.05..574855.73 rows=1566475 width=0) (actual time=1163.846..13900.559 rows=2401102 loops=1)
  Hash Cond: (mi.movie_id = t.id)
  ->  Seq Scan on movie_info mi  (cost=0.00..309384.22 rows=14739122 width=4) (actual time=0.021..5596.456 rows=14835720 loops=1)
  ->  Hash  (cost=73925.90..73925.90 rows=268732 width=4) (actual time=1161.162..1161.162 rows=226985 loops=1)
        Buckets: 131072  Batches: 4  Memory Usage: 3028kB
        ->  Seq Scan on title t  (cost=0.00..73925.90 rows=268732 width=4) (actual time=0.028..1080.518 rows=226985 loops=1)
              Filter: ((kind_id < 4) AND (production_year > 2007))
              Rows Removed by Filter: 2301327
Planning time: 12.323 ms
Execution time: 14173.415 ms
