Seq Scan on movie_keyword mk  (cost=0.00..81003.12 rows=1510670 width=0) (actual time=0.025..1432.196 rows=1528540 loops=1)
  Filter: (keyword_id > 10474)
  Rows Removed by Filter: 2995390
Planning time: 0.344 ms
Execution time: 1623.078 ms
