Hash Join  (cost=187348.17..227447.74 rows=208350 width=0) (actual time=4193.571..5548.946 rows=590826 loops=1)
  Hash Cond: (mi_idx.movie_id = t.id)
  ->  Seq Scan on movie_info_idx mi_idx  (cost=0.00..25185.44 rows=915101 width=4) (actual time=0.025..655.849 rows=919850 loops=1)
        Filter: (info_type_id < 101)
        Rows Removed by Filter: 460185
  ->  Hash  (cost=177903.00..177903.00 rows=575694 width=8) (actual time=4192.676..4192.676 rows=574143 loops=1)
        Buckets: 131072  Batches: 8  Memory Usage: 3828kB
        ->  Hash Join  (cost=102767.86..177903.00 rows=575694 width=8) (actual time=2178.606..4037.609 rows=574143 loops=1)
              Hash Cond: (mc.movie_id = t.id)
              ->  Seq Scan on movie_companies mc  (cost=0.00..51404.11 rows=575694 width=4) (actual time=0.013..1016.316 rows=574143 loops=1)
                    Filter: (company_id < 614)
                    Rows Removed by Filter: 2034986
              ->  Hash  (cost=61283.27..61283.27 rows=2528527 width=4) (actual time=2177.037..2177.037 rows=2528312 loops=1)
                    Buckets: 131072  Batches: 64  Memory Usage: 2415kB
                    ->  Seq Scan on title t  (cost=0.00..61283.27 rows=2528527 width=4) (actual time=0.020..1103.576 rows=2528312 loops=1)
Planning time: 1.213 ms
Execution time: 5627.071 ms
