Hash Join  (cost=190230.21..1510605.15 rows=19543847 width=0) (actual time=4100.707..48494.426 rows=40517958 loops=1)
  Hash Cond: (ci.movie_id = t.id)
  ->  Seq Scan on cast_info ci  (cost=0.00..705507.15 rows=35808617 width=4) (actual time=0.021..17160.942 rows=35896371 loops=1)
        Filter: (person_id > 40369)
        Rows Removed by Filter: 347973
  ->  Hash  (cost=167588.78..167588.78 rows=1380035 width=8) (actual time=4099.000..4099.000 rows=1380035 loops=1)
        Buckets: 131072  Batches: 32  Memory Usage: 2708kB
        ->  Hash Join  (cost=102767.86..167588.78 rows=1380035 width=8) (actual time=1883.543..3755.875 rows=1380035 loops=1)
              Hash Cond: (mi_idx.movie_id = t.id)
              ->  Seq Scan on movie_info_idx mi_idx  (cost=0.00..21735.35 rows=1380035 width=4) (actual time=0.015..460.776 rows=1380035 loops=1)
              ->  Hash  (cost=61283.27..61283.27 rows=2528527 width=4) (actual time=1882.226..1882.226 rows=2528312 loops=1)
                    Buckets: 131072  Batches: 64  Memory Usage: 2415kB
                    ->  Seq Scan on title t  (cost=0.00..61283.27 rows=2528527 width=4) (actual time=0.010..1037.103 rows=2528312 loops=1)
Planning time: 1.128 ms
Execution time: 52809.339 ms
