Hash Join  (cost=178536.87..1241299.53 rows=2819049 width=0) (actual time=3277.644..32357.929 rows=2366111 loops=1)
  Hash Cond: (ci.movie_id = t.id)
  ->  Seq Scan on cast_info ci  (cost=0.00..614943.12 rows=36225612 width=4) (actual time=0.020..13521.058 rows=36244344 loops=1)
  ->  Hash  (cost=175308.27..175308.27 rows=196768 width=8) (actual time=3276.716..3276.716 rows=91709 loops=1)
        Buckets: 131072  Batches: 4  Memory Usage: 1924kB
        ->  Hash Join  (cost=102767.86..175308.27 rows=196768 width=8) (actual time=2173.663..3249.481 rows=91709 loops=1)
              Hash Cond: (mc.movie_id = t.id)
              ->  Seq Scan on movie_companies mc  (cost=0.00..57926.93 rows=196768 width=4) (actual time=246.959..887.656 rows=91709 loops=1)
                    Filter: ((company_id < 228) AND (company_type_id > 1))
                    Rows Removed by Filter: 2517420
              ->  Hash  (cost=61283.27..61283.27 rows=2528527 width=4) (actual time=1925.435..1925.435 rows=2528312 loops=1)
                    Buckets: 131072  Batches: 64  Memory Usage: 2415kB
                    ->  Seq Scan on title t  (cost=0.00..61283.27 rows=2528527 width=4) (actual time=0.029..1063.532 rows=2528312 loops=1)
Planning time: 1.123 ms
Execution time: 32647.285 ms
