Hash Join  (cost=102454.22..840646.23 rows=965706 width=0) (actual time=7161.574..16347.174 rows=998449 loops=1)
  Hash Cond: (ci.movie_id = t.id)
  ->  Seq Scan on cast_info ci  (cost=0.00..705507.15 rows=1149559 width=4) (actual time=5057.624..13088.447 rows=1093558 loops=1)
        Filter: (role_id = 9)
        Rows Removed by Filter: 35150786
  ->  Hash  (cost=67604.59..67604.59 rows=2124131 width=4) (actual time=2102.664..2102.664 rows=2118372 loops=1)
        Buckets: 131072  Batches: 32  Memory Usage: 3356kB
        ->  Seq Scan on title t  (cost=0.00..67604.59 rows=2124131 width=4) (actual time=0.046..1411.289 rows=2118372 loops=1)
              Filter: (production_year > 1967)
              Rows Removed by Filter: 409940
Planning time: 0.760 ms
Execution time: 16461.606 ms
