Hash Join  (cost=78556.72..141011.30 rows=35681 width=0) (actual time=1650.306..2422.275 rows=228220 loops=1)
  Hash Cond: (mc.movie_id = t.id)
  ->  Seq Scan on movie_companies mc  (cost=0.00..57926.93 rows=135155 width=4) (actual time=310.232..813.611 rows=268662 loops=1)
        Filter: ((company_id > 97932) AND (company_type_id = 2))
        Rows Removed by Filter: 2340467
  ->  Hash  (cost=67604.59..67604.59 rows=667531 width=4) (actual time=1338.833..1338.833 rows=662825 loops=1)
        Buckets: 131072  Batches: 16  Memory Usage: 2476kB
        ->  Seq Scan on title t  (cost=0.00..67604.59 rows=667531 width=4) (actual time=215.858..1130.374 rows=662825 loops=1)
              Filter: (kind_id = 1)
              Rows Removed by Filter: 1865487
Planning time: 0.733 ms
Execution time: 2444.121 ms
