Seq Scan on cast_info ci  (cost=0.00..796071.18 rows=13155896 width=0) (actual time=603.553..14474.805 rows=14694433 loops=1)
  Filter: ((person_id < 1535312) AND (role_id < 9))
  Rows Removed by Filter: 21549911
Planning time: 0.317 ms
Execution time: 16326.490 ms
