Hash Join  (cost=98137.04..906716.93 rows=191069 width=0) (actual time=9063.608..17662.694 rows=54096 loops=1)
  Hash Cond: (ci.movie_id = t.id)
  ->  Seq Scan on cast_info ci  (cost=0.00..796071.18 rows=259604 width=4) (actual time=6670.148..14899.551 rows=88387 loops=1)
        Filter: ((person_id < 2767121) AND (role_id > 10))
        Rows Removed by Filter: 36155957
  ->  Hash  (cost=67604.59..67604.59 rows=1860996 width=4) (actual time=2391.893..2391.893 rows=1865487 loops=1)
        Buckets: 131072  Batches: 32  Memory Usage: 3079kB
        ->  Seq Scan on title t  (cost=0.00..67604.59 rows=1860996 width=4) (actual time=0.037..1154.891 rows=1865487 loops=1)
              Filter: (kind_id > 1)
              Rows Removed by Filter: 662825
Planning time: 0.606 ms
Execution time: 17669.204 ms
