Seq Scan on movie_companies mc  (cost=0.00..57926.93 rows=344864 width=0) (actual time=38.731..904.956 rows=36485 loops=1)
  Filter: ((company_id > 44168) AND (company_type_id = 1))
  Rows Removed by Filter: 2572644
Planning time: 0.774 ms
Execution time: 909.839 ms
