Hash Join  (cost=919403.96..1055286.49 rows=1139249 width=0) (actual time=17847.767..30487.076 rows=39198010 loops=1)
  Hash Cond: (mk.movie_id = t.id)
  ->  Seq Scan on movie_keyword mk  (cost=0.00..69693.30 rows=4523930 width=4) (actual time=0.018..1358.483 rows=4523930 loops=1)
  ->  Hash  (cost=908956.56..908956.56 rows=636752 width=8) (actual time=17845.824..17845.824 rows=1927195 loops=1)
        Buckets: 131072 (originally 131072)  Batches: 32 (originally 16)  Memory Usage: 3425kB
        ->  Hash Join  (cost=83810.17..908956.56 rows=636752 width=8) (actual time=1546.085..17290.441 rows=1927195 loops=1)
              Hash Cond: (ci.movie_id = t.id)
              ->  Seq Scan on cast_info ci  (cost=0.00..796071.18 rows=1630050 width=4) (actual time=0.024..12578.844 rows=4860103 loops=1)
                    Filter: ((person_id > 2968239) AND (role_id > 5))
                    Rows Removed by Filter: 31384241
              ->  Hash  (cost=67604.59..67604.59 rows=987727 width=4) (actual time=1545.130..1545.130 rows=985048 loops=1)
                    Buckets: 131072  Batches: 16  Memory Usage: 3188kB
                    ->  Seq Scan on title t  (cost=0.00..67604.59 rows=987727 width=4) (actual time=0.019..1232.352 rows=985048 loops=1)
                          Filter: (kind_id < 7)
                          Rows Removed by Filter: 1543264
Planning time: 1.376 ms
Execution time: 35017.314 ms
