Hash Join  (cost=163580.41..886218.41 rows=206400 width=0) (actual time=12999.908..17568.098 rows=337065 loops=1)
  Hash Cond: (ci.movie_id = t.id)
  ->  Seq Scan on cast_info ci  (cost=0.00..705507.15 rows=1149559 width=4) (actual time=9118.669..13004.490 rows=1093558 loops=1)
        Filter: (role_id = 9)
        Rows Removed by Filter: 35150786
  ->  Hash  (cost=156131.55..156131.55 rows=453989 width=8) (actual time=3880.108..3880.108 rows=746488 loops=1)
        Buckets: 131072 (originally 131072)  Batches: 16 (originally 8)  Memory Usage: 3073kB
        ->  Hash Join  (cost=74823.14..156131.55 rows=453989 width=8) (actual time=1288.026..3670.951 rows=746488 loops=1)
              Hash Cond: (mc.movie_id = t.id)
              ->  Seq Scan on movie_companies mc  (cost=0.00..44881.29 rows=2609129 width=4) (actual time=0.027..963.823 rows=2609129 loops=1)
              ->  Hash  (cost=67604.59..67604.59 rows=439964 width=4) (actual time=1287.135..1287.135 rows=437515 loops=1)
                    Buckets: 131072  Batches: 8  Memory Usage: 2944kB
                    ->  Seq Scan on title t  (cost=0.00..67604.59 rows=439964 width=4) (actual time=0.027..1146.807 rows=437515 loops=1)
                          Filter: (production_year < 1975)
                          Rows Removed by Filter: 2090797
Planning time: 1.116 ms
Execution time: 17605.698 ms
