Hash Join  (cost=453494.04..1295830.62 rows=98342 width=0) (actual time=8991.153..26809.064 rows=254686 loops=1)
  Hash Cond: (ci.movie_id = t.id)
  ->  Seq Scan on cast_info ci  (cost=0.00..614943.12 rows=36225612 width=4) (actual time=0.014..9110.308 rows=36244344 loops=1)
  ->  Hash  (cost=453408.24..453408.24 rows=6864 width=8) (actual time=8990.383..8990.383 rows=18671 loops=1)
        Buckets: 32768 (originally 8192)  Batches: 1 (originally 1)  Memory Usage: 986kB
        ->  Hash Join  (cost=73950.44..453408.24 rows=6864 width=8) (actual time=1483.325..8982.115 rows=18671 loops=1)
              Hash Cond: (mi.movie_id = t.id)
              ->  Seq Scan on movie_info mi  (cost=0.00..346232.03 rows=8841901 width=4) (actual time=161.026..6422.792 rows=8950757 loops=1)
                    Filter: (info_type_id > 6)
                    Rows Removed by Filter: 5884963
              ->  Hash  (cost=73925.90..73925.90 rows=1963 width=4) (actual time=1091.527..1091.527 rows=2786 loops=1)
                    Buckets: 4096 (originally 2048)  Batches: 1 (originally 1)  Memory Usage: 130kB
                    ->  Seq Scan on title t  (cost=0.00..73925.90 rows=1963 width=4) (actual time=530.704..1090.053 rows=2786 loops=1)
                          Filter: ((kind_id = 1) AND (production_year = 1925))
                          Rows Removed by Filter: 2525526
Planning time: 3.117 ms
Execution time: 26847.164 ms
