Hash Join  (cost=73961.74..100881.08 rows=523 width=0) (actual time=1079.299..1678.976 rows=2131 loops=1)
  Hash Cond: (mi_idx.movie_id = t.id)
  ->  Seq Scan on movie_info_idx mi_idx  (cost=0.00..25185.44 rows=460978 width=4) (actual time=0.012..510.912 rows=459925 loops=1)
        Filter: (info_type_id = 99)
        Rows Removed by Filter: 920110
  ->  Hash  (cost=73925.90..73925.90 rows=2867 width=4) (actual time=1078.933..1078.933 rows=5783 loops=1)
        Buckets: 8192 (originally 4096)  Batches: 1 (originally 1)  Memory Usage: 268kB
        ->  Seq Scan on title t  (cost=0.00..73925.90 rows=2867 width=4) (actual time=1.247..1076.093 rows=5783 loops=1)
              Filter: ((kind_id < 6) AND (production_year = 1967))
              Rows Removed by Filter: 2522529
Planning time: 6.400 ms
Execution time: 1679.621 ms
