Seq Scan on cast_info ci  (cost=0.00..796071.18 rows=7740114 width=0) (actual time=0.017..13765.417 rows=11060878 loops=1)
  Filter: ((person_id > 1875580) AND (role_id > 2))
  Rows Removed by Filter: 25183466
Planning time: 0.330 ms
Execution time: 15110.906 ms
