Hash Join  (cost=102767.86..182860.74 rows=510643 width=0) (actual time=1984.793..3994.358 rows=822645 loops=1)
  Hash Cond: (mc.movie_id = t.id)
  ->  Seq Scan on movie_companies mc  (cost=0.00..57926.93 rows=510643 width=4) (actual time=0.013..1002.158 rows=822645 loops=1)
        Filter: ((company_id > 16339) AND (company_type_id > 1))
        Rows Removed by Filter: 1786484
  ->  Hash  (cost=61283.27..61283.27 rows=2528527 width=4) (actual time=1983.553..1983.553 rows=2528312 loops=1)
        Buckets: 131072  Batches: 64  Memory Usage: 2415kB
        ->  Seq Scan on title t  (cost=0.00..61283.27 rows=2528527 width=4) (actual time=0.018..1170.519 rows=2528312 loops=1)
Planning time: 0.771 ms
Execution time: 4091.335 ms
