Seq Scan on movie_companies mc  (cost=0.00..51404.11 rows=2061668 width=0) (actual time=0.023..1049.488 rows=2057172 loops=1)
  Filter: (company_id < 71831)
  Rows Removed by Filter: 551957
Planning time: 0.333 ms
Execution time: 1297.938 ms
