Hash Join  (cost=102767.86..950730.66 rows=1745946 width=0) (actual time=8859.081..14098.899 rows=1548 loops=1)
  Hash Cond: (ci.movie_id = t.id)
  ->  Seq Scan on cast_info ci  (cost=0.00..796071.18 rows=1745946 width=4) (actual time=6789.418..11687.527 rows=1548 loops=1)
        Filter: ((person_id < 839989) AND (role_id = 2))
        Rows Removed by Filter: 36242796
  ->  Hash  (cost=61283.27..61283.27 rows=2528527 width=4) (actual time=2025.744..2025.744 rows=2528312 loops=1)
        Buckets: 131072  Batches: 64  Memory Usage: 2415kB
        ->  Seq Scan on title t  (cost=0.00..61283.27 rows=2528527 width=4) (actual time=0.016..1161.542 rows=2528312 loops=1)
Planning time: 0.782 ms
Execution time: 14099.251 ms
