Hash Join  (cost=92883.59..207478.88 rows=888709 width=0) (actual time=2479.958..4500.364 rows=188142 loops=1)
  Hash Cond: (mk.movie_id = t.id)
  ->  Seq Scan on movie_keyword mk  (cost=0.00..81003.12 rows=1458415 width=4) (actual time=0.028..1479.411 rows=1475406 loops=1)
        Filter: (keyword_id < 2105)
        Rows Removed by Filter: 3048524
  ->  Hash  (cost=67604.59..67604.59 rows=1540800 width=4) (actual time=1813.346..1813.346 rows=1543264 loops=1)
        Buckets: 131072  Batches: 32  Memory Usage: 2728kB
        ->  Seq Scan on title t  (cost=0.00..67604.59 rows=1540800 width=4) (actual time=0.019..1314.643 rows=1543264 loops=1)
              Filter: (kind_id = 7)
              Rows Removed by Filter: 985048
Planning time: 0.930 ms
Execution time: 4520.807 ms
