Hash Join  (cost=102767.86..1391191.19 rows=23814534 width=0) (actual time=1875.015..36459.955 rows=23731887 loops=1)
  Hash Cond: (ci.movie_id = t.id)
  ->  Seq Scan on cast_info ci  (cost=0.00..705507.15 rows=23814534 width=4) (actual time=0.009..15258.625 rows=23731887 loops=1)
        Filter: (person_id < 2431946)
        Rows Removed by Filter: 12512457
  ->  Hash  (cost=61283.27..61283.27 rows=2528527 width=4) (actual time=1874.250..1874.250 rows=2528312 loops=1)
        Buckets: 131072  Batches: 64  Memory Usage: 2415kB
        ->  Seq Scan on title t  (cost=0.00..61283.27 rows=2528527 width=4) (actual time=0.021..1060.068 rows=2528312 loops=1)
Planning time: 0.786 ms
Execution time: 39007.344 ms
