Hash Join  (cost=669559.42..1877441.42 rows=22533128 width=0) (actual time=16411.419..42962.208 rows=17059171 loops=1)
  Hash Cond: (ci.movie_id = t.id)
  ->  Seq Scan on cast_info ci  (cost=0.00..705507.15 rows=14703458 width=4) (actual time=0.029..14123.037 rows=14609007 loops=1)
        Filter: (person_id < 1439947)
        Rows Removed by Filter: 21635337
  ->  Hash  (cost=605985.16..605985.16 rows=3874981 width=8) (actual time=16410.121..16410.121 rows=2020405 loops=1)
        Buckets: 131072  Batches: 64  Memory Usage: 2239kB
        ->  Hash Join  (cost=84832.42..605985.16 rows=3874981 width=8) (actual time=1535.968..15470.110 rows=2020405 loops=1)
              Hash Cond: (mi.movie_id = t.id)
              ->  Seq Scan on movie_info mi  (cost=0.00..309384.22 rows=14739122 width=4) (actual time=0.023..6229.865 rows=14835720 loops=1)
              ->  Hash  (cost=73925.90..73925.90 rows=664761 width=4) (actual time=1534.851..1534.851 rows=704326 loops=1)
                    Buckets: 131072  Batches: 16  Memory Usage: 2581kB
                    ->  Seq Scan on title t  (cost=0.00..73925.90 rows=664761 width=4) (actual time=0.019..1313.966 rows=704326 loops=1)
                          Filter: ((kind_id > 1) AND (production_year > 2006))
                          Rows Removed by Filter: 1823986
Planning time: 1.216 ms
Execution time: 44965.546 ms
