Hash Join  (cost=102767.86..261629.80 rows=2825158 width=0) (actual time=1854.883..6191.000 rows=2813596 loops=1)
  Hash Cond: (mk.movie_id = t.id)
  ->  Seq Scan on movie_keyword mk  (cost=0.00..81003.12 rows=2825158 width=4) (actual time=0.025..1676.967 rows=2813596 loops=1)
        Filter: (keyword_id < 8395)
        Rows Removed by Filter: 1710334
  ->  Hash  (cost=61283.27..61283.27 rows=2528527 width=4) (actual time=1852.951..1852.951 rows=2528312 loops=1)
        Buckets: 131072  Batches: 64  Memory Usage: 2425kB
        ->  Seq Scan on title t  (cost=0.00..61283.27 rows=2528527 width=4) (actual time=0.018..1014.843 rows=2528312 loops=1)
Planning time: 0.760 ms
Execution time: 6509.150 ms
