Nested Loop  (cost=0.43..83072.29 rows=96 width=0) (actual time=1.701..1357.322 rows=450 loops=1)
  ->  Seq Scan on movie_keyword mk  (cost=0.00..81003.12 rows=246 width=4) (actual time=1.645..1335.173 rows=549 loops=1)
        Filter: (keyword_id = 703)
        Rows Removed by Filter: 4523381
  ->  Index Scan using title_pkey on title t  (cost=0.43..8.40 rows=1 width=4) (actual time=0.038..0.039 rows=1 loops=549)
        Index Cond: (id = mk.movie_id)
        Filter: (kind_id < 7)
        Rows Removed by Filter: 0
Planning time: 0.704 ms
Execution time: 1357.617 ms
