Hash Join  (cost=150539.25..253066.49 rows=309847 width=0) (actual time=4129.842..5435.814 rows=188142 loops=1)
  Hash Cond: (mk.movie_id = t.id)
  ->  Seq Scan on movie_keyword mk  (cost=0.00..81003.12 rows=1404972 width=4) (actual time=0.018..1521.514 rows=1422935 loops=1)
        Filter: (keyword_id < 1959)
        Rows Removed by Filter: 3100995
  ->  Hash  (cost=141389.85..141389.85 rows=557632 width=8) (actual time=3198.947..3198.947 rows=283812 loops=1)
        Buckets: 131072  Batches: 8  Memory Usage: 2415kB
        ->  Hash Join  (cost=92883.59..141389.85 rows=557632 width=8) (actual time=1856.675..3125.865 rows=283812 loops=1)
              Hash Cond: (mi_idx.movie_id = t.id)
              ->  Seq Scan on movie_info_idx mi_idx  (cost=0.00..25185.44 rows=915101 width=4) (actual time=0.010..565.703 rows=919850 loops=1)
                    Filter: (info_type_id < 101)
                    Rows Removed by Filter: 460185
              ->  Hash  (cost=67604.59..67604.59 rows=1540800 width=4) (actual time=1855.669..1855.669 rows=1543264 loops=1)
                    Buckets: 131072  Batches: 32  Memory Usage: 2722kB
                    ->  Seq Scan on title t  (cost=0.00..67604.59 rows=1540800 width=4) (actual time=0.038..1379.039 rows=1543264 loops=1)
                          Filter: (kind_id = 7)
                          Rows Removed by Filter: 985048
Planning time: 1.124 ms
Execution time: 5459.629 ms
