Hash Join  (cost=74151.19..101160.04 rows=9837 width=0) (actual time=459.418..942.039 rows=13683 loops=1)
  Hash Cond: (mi_idx.movie_id = t.id)
  ->  Seq Scan on movie_info_idx mi_idx  (cost=0.00..21735.35 rows=1380035 width=4) (actual time=0.023..233.050 rows=1380035 loops=1)
  ->  Hash  (cost=73925.90..73925.90 rows=18023 width=4) (actual time=459.197..459.197 rows=67516 loops=1)
        Buckets: 131072 (originally 32768)  Batches: 1 (originally 1)  Memory Usage: 3398kB
        ->  Seq Scan on title t  (cost=0.00..73925.90 rows=18023 width=4) (actual time=0.027..443.257 rows=67516 loops=1)
              Filter: ((production_year < 1916) AND (kind_id = 1))
              Rows Removed by Filter: 2460796
Planning time: 0.814 ms
Execution time: 943.429 ms
