Nested Loop  (cost=0.43..58375.18 rows=53 width=0) (actual time=418.151..984.023 rows=3 loops=1)
  ->  Seq Scan on movie_companies mc  (cost=0.00..57926.93 rows=53 width=4) (actual time=418.047..983.808 rows=3 loops=1)
        Filter: ((company_type_id > 1) AND (company_id = 4154))
        Rows Removed by Filter: 2609126
  ->  Index Only Scan using title_pkey on title t  (cost=0.43..8.45 rows=1 width=4) (actual time=0.061..0.063 rows=1 loops=3)
        Index Cond: (id = mc.movie_id)
        Heap Fetches: 3
Planning time: 2.281 ms
Execution time: 984.099 ms
