Hash Join  (cost=869501.33..1234887.18 rows=72992 width=0) (actual time=11750.489..19414.783 rows=46185 loops=1)
  Hash Cond: (mi.movie_id = t.id)
  ->  Seq Scan on movie_info mi  (cost=0.00..309384.22 rows=14739122 width=4) (actual time=0.022..4672.568 rows=14835720 loops=1)
  ->  Hash  (cost=869344.81..869344.81 rows=12522 width=8) (actual time=11749.363..11749.363 rows=5497 loops=1)
        Buckets: 16384  Batches: 1  Memory Usage: 343kB
        ->  Hash Join  (cost=70241.71..869344.81 rows=12522 width=8) (actual time=2476.409..11747.198 rows=5497 loops=1)
              Hash Cond: (ci.movie_id = t.id)
              ->  Seq Scan on cast_info ci  (cost=0.00..796071.18 rows=196986 width=4) (actual time=1124.626..10390.567 rows=63332 loops=1)
                    Filter: ((person_id < 29889) AND (role_id > 1))
                    Rows Removed by Filter: 36181012
              ->  Hash  (cost=67604.59..67604.59 rows=160730 width=4) (actual time=1308.056..1308.056 rows=160017 loops=1)
                    Buckets: 131072  Batches: 4  Memory Usage: 2436kB
                    ->  Seq Scan on title t  (cost=0.00..67604.59 rows=160730 width=4) (actual time=0.031..1247.877 rows=160017 loops=1)
                          Filter: (production_year = 2011)
                          Rows Removed by Filter: 2368295
Planning time: 1.128 ms
Execution time: 19422.525 ms
