Hash Join  (cost=274673.27..1684590.92 rows=26681683 width=0) (actual time=6682.396..66129.286 rows=102027337 loops=1)
  Hash Cond: (ci.movie_id = t.id)
  ->  Seq Scan on cast_info ci  (cost=0.00..705507.15 rows=33540338 width=4) (actual time=0.015..16461.400 rows=33605303 loops=1)
        Filter: (person_id > 253457)
        Rows Removed by Filter: 2639041
  ->  Hash  (cost=241671.91..241671.91 rows=2011469 width=8) (actual time=6681.038..6681.038 rows=2405423 loops=1)
        Buckets: 131072 (originally 131072)  Batches: 64 (originally 32)  Memory Usage: 3929kB
        ->  Hash Join  (cost=94978.31..241671.91 rows=2011469 width=8) (actual time=1917.490..6041.087 rows=2405423 loops=1)
              Hash Cond: (mk.movie_id = t.id)
              ->  Seq Scan on movie_keyword mk  (cost=0.00..81003.12 rows=3048356 width=4) (actual time=0.025..1655.874 rows=3031717 loops=1)
                    Filter: (keyword_id > 2130)
                    Rows Removed by Filter: 1492213
              ->  Hash  (cost=67604.59..67604.59 rows=1668458 width=4) (actual time=1916.473..1916.473 rows=1671292 loops=1)
                    Buckets: 131072  Batches: 32  Memory Usage: 2866kB
                    ->  Seq Scan on title t  (cost=0.00..67604.59 rows=1668458 width=4) (actual time=0.027..1381.393 rows=1671292 loops=1)
                          Filter: (production_year < 2008)
                          Rows Removed by Filter: 857020
Planning time: 5.756 ms
Execution time: 77151.519 ms
