Hash Join  (cost=156487.41..278297.03 rows=531236 width=0) (actual time=3650.446..7389.080 rows=2233793 loops=1)
  Hash Cond: (mk.movie_id = t.id)
  ->  Seq Scan on movie_keyword mk  (cost=0.00..81003.12 rows=2913903 width=4) (actual time=0.015..1685.787 rows=2902005 loops=1)
        Filter: (keyword_id < 9266)
        Rows Removed by Filter: 1621925
  ->  Hash  (cost=148924.19..148924.19 rows=460978 width=8) (actual time=3649.459..3649.459 rows=459925 loops=1)
        Buckets: 131072  Batches: 8  Memory Usage: 3284kB
        ->  Hash Join  (cost=102767.86..148924.19 rows=460978 width=8) (actual time=2027.051..3493.837 rows=459925 loops=1)
              Hash Cond: (mi_idx.movie_id = t.id)
              ->  Seq Scan on movie_info_idx mi_idx  (cost=0.00..25185.44 rows=460978 width=4) (actual time=0.010..618.722 rows=459925 loops=1)
                    Filter: (info_type_id < 100)
                    Rows Removed by Filter: 920110
              ->  Hash  (cost=61283.27..61283.27 rows=2528527 width=4) (actual time=2024.901..2024.901 rows=2528312 loops=1)
                    Buckets: 131072  Batches: 64  Memory Usage: 2415kB
                    ->  Seq Scan on title t  (cost=0.00..61283.27 rows=2528527 width=4) (actual time=0.054..1166.323 rows=2528312 loops=1)
Planning time: 1.053 ms
Execution time: 7648.122 ms
