Seq Scan on cast_info ci  (cost=0.00..705507.15 rows=500 width=0) (actual time=477.377..10811.538 rows=37 loops=1)
  Filter: (person_id = 1525095)
  Rows Removed by Filter: 36244307
Planning time: 0.378 ms
Execution time: 10811.641 ms
