Seq Scan on title t  (cost=0.00..73925.90 rows=1451536 width=0) (actual time=0.014..1411.003 rows=1478438 loops=1)
  Filter: ((production_year > 1917) AND (kind_id = 7))
  Rows Removed by Filter: 1049874
Planning time: 0.354 ms
Execution time: 1592.848 ms
