Seq Scan on movie_keyword mk  (cost=0.00..81003.12 rows=839693 width=0) (actual time=0.019..1552.297 rows=839575 loops=1)
  Filter: (keyword_id < 803)
  Rows Removed by Filter: 3684355
Planning time: 0.259 ms
Execution time: 1657.640 ms
