Hash Join  (cost=1034778.30..1728548.49 rows=16599245 width=0) (actual time=22582.571..44590.392 rows=27533173 loops=1)
  Hash Cond: (mi.movie_id = t.id)
  ->  Seq Scan on movie_info mi  (cost=0.00..309384.22 rows=14739122 width=4) (actual time=0.034..6166.255 rows=14835720 loops=1)
  ->  Hash  (cost=988058.87..988058.87 rows=2847635 width=8) (actual time=22581.685..22581.685 rows=3968417 loops=1)
        Buckets: 131072  Batches: 64  Memory Usage: 3426kB
        ->  Hash Join  (cost=100809.69..988058.87 rows=2847635 width=8) (actual time=5447.793..21025.304 rows=3968417 loops=1)
              Hash Cond: (ci.movie_id = t.id)
              ->  Seq Scan on cast_info ci  (cost=0.00..796071.18 rows=4394129 width=4) (actual time=3461.948..13748.445 rows=6406300 loops=1)
                    Filter: ((person_id > 1733708) AND (role_id > 5))
                    Rows Removed by Filter: 29838044
              ->  Hash  (cost=73925.90..73925.90 rows=1638623 width=4) (actual time=1984.637..1984.637 rows=1629839 loops=1)
                    Buckets: 131072  Batches: 32  Memory Usage: 2813kB
                    ->  Seq Scan on title t  (cost=0.00..73925.90 rows=1638623 width=4) (actual time=0.029..1477.242 rows=1629839 loops=1)
                          Filter: ((kind_id > 1) AND (production_year < 2012))
                          Rows Removed by Filter: 898473
Planning time: 1.202 ms
Execution time: 47833.604 ms
