Seq Scan on cast_info ci  (cost=0.00..705507.15 rows=34841415 width=0) (actual time=0.013..12552.454 rows=34845732 loops=1)
  Filter: (person_id < 3789543)
  Rows Removed by Filter: 1398612
Planning time: 0.321 ms
Execution time: 16543.366 ms
