Hash Join  (cost=160872.73..544523.47 rows=57090 width=0) (actual time=3338.950..11482.341 rows=288977 loops=1)
  Hash Cond: (mi.movie_id = t.id)
  ->  Seq Scan on movie_info mi  (cost=0.00..309384.22 rows=14739122 width=4) (actual time=0.012..4965.361 rows=14835720 loops=1)
  ->  Hash  (cost=160750.31..160750.31 rows=9794 width=8) (actual time=3338.793..3338.793 rows=19157 loops=1)
        Buckets: 32768 (originally 16384)  Batches: 1 (originally 1)  Memory Usage: 1005kB
        ->  Hash Join  (cost=73994.33..160750.31 rows=9794 width=8) (actual time=1401.491..3331.860 rows=19157 loops=1)
              Hash Cond: (mk.movie_id = t.id)
              ->  Seq Scan on movie_keyword mk  (cost=0.00..69693.30 rows=4523930 width=4) (actual time=0.016..1085.819 rows=4523930 loops=1)
              ->  Hash  (cost=73925.90..73925.90 rows=5474 width=4) (actual time=1401.050..1401.050 rows=13598 loops=1)
                    Buckets: 16384 (originally 8192)  Batches: 1 (originally 1)  Memory Usage: 607kB
                    ->  Seq Scan on title t  (cost=0.00..73925.90 rows=5474 width=4) (actual time=0.314..1394.455 rows=13598 loops=1)
                          Filter: ((kind_id > 1) AND (production_year = 1985))
                          Rows Removed by Filter: 2514714
Planning time: 1.157 ms
Execution time: 11520.404 ms
