Seq Scan on cast_info ci  (cost=0.00..705507.15 rows=500 width=0) (actual time=554.568..9741.017 rows=773 loops=1)
  Filter: (person_id = 1683358)
  Rows Removed by Filter: 36243571
Planning time: 0.366 ms
Execution time: 9741.210 ms
