Seq Scan on movie_keyword mk  (cost=0.00..81003.12 rows=2491025 width=0) (actual time=0.013..1528.016 rows=2485590 loops=1)
  Filter: (keyword_id > 3639)
  Rows Removed by Filter: 2038340
Planning time: 1.014 ms
Execution time: 1853.589 ms
