Seq Scan on movie_keyword mk  (cost=0.00..81003.12 rows=246 width=0) (actual time=11.997..1330.824 rows=159 loops=1)
  Filter: (keyword_id = 6089)
  Rows Removed by Filter: 4523771
Planning time: 0.429 ms
Execution time: 1331.031 ms
