Hash Join  (cost=93117.31..254670.96 rows=2782170 width=0) (actual time=1778.159..6457.793 rows=3430522 loops=1)
  Hash Cond: (mk.movie_id = t.id)
  ->  Seq Scan on movie_keyword mk  (cost=0.00..69693.30 rows=4523930 width=4) (actual time=0.020..1377.155 rows=4523930 loops=1)
  ->  Hash  (cost=67604.59..67604.59 rows=1555018 width=4) (actual time=1776.221..1776.221 rows=1551727 loops=1)
        Buckets: 131072  Batches: 32  Memory Usage: 2736kB
        ->  Seq Scan on title t  (cost=0.00..67604.59 rows=1555018 width=4) (actual time=0.028..1271.273 rows=1551727 loops=1)
              Filter: (production_year < 2007)
              Rows Removed by Filter: 976585
Planning time: 1.874 ms
Execution time: 6837.775 ms
