Seq Scan on cast_info ci  (cost=0.00..705507.15 rows=1327881 width=0) (actual time=7224.595..11447.005 rows=1349586 loops=1)
  Filter: (person_id > 3800245)
  Rows Removed by Filter: 34894758
Planning time: 0.324 ms
Execution time: 11620.930 ms
