Hash Join  (cost=188611.60..706166.07 rows=3537754 width=0) (actual time=4150.932..20849.907 rows=12897197 loops=1)
  Hash Cond: (mi.movie_id = t.id)
  ->  Seq Scan on movie_info mi  (cost=0.00..309384.22 rows=14739122 width=4) (actual time=0.017..5653.450 rows=14835720 loops=1)
  ->  Hash  (cost=178654.24..178654.24 rows=606909 width=8) (actual time=4150.131..4150.131 rows=602880 loops=1)
        Buckets: 131072  Batches: 8  Memory Usage: 3992kB
        ->  Hash Join  (cost=102767.86..178654.24 rows=606909 width=8) (actual time=1905.383..3967.223 rows=602880 loops=1)
              Hash Cond: (mc.movie_id = t.id)
              ->  Seq Scan on movie_companies mc  (cost=0.00..51404.11 rows=606909 width=4) (actual time=0.024..998.025 rows=602880 loops=1)
                    Filter: (company_id < 697)
                    Rows Removed by Filter: 2006249
              ->  Hash  (cost=61283.27..61283.27 rows=2528527 width=4) (actual time=1904.275..1904.275 rows=2528312 loops=1)
                    Buckets: 131072  Batches: 64  Memory Usage: 2415kB
                    ->  Seq Scan on title t  (cost=0.00..61283.27 rows=2528527 width=4) (actual time=0.023..1063.173 rows=2528312 loops=1)
Planning time: 0.943 ms
Execution time: 22241.198 ms
