Seq Scan on movie_companies mc  (cost=0.00..57926.93 rows=717859 width=0) (actual time=156.785..1083.367 rows=988188 loops=1)
  Filter: ((company_id < 13053) AND (company_type_id < 2))
  Rows Removed by Filter: 1620941
Planning time: 0.331 ms
Execution time: 1206.710 ms
