Hash Join  (cost=709678.15..1074363.23 rows=2915 width=0) (actual time=11581.773..17745.152 rows=191 loops=1)
  Hash Cond: (mi.movie_id = t.id)
  ->  Seq Scan on movie_info mi  (cost=0.00..309384.22 rows=14739122 width=4) (actual time=0.022..4338.714 rows=14835720 loops=1)
  ->  Hash  (cost=709671.90..709671.90 rows=500 width=8) (actual time=10791.600..10791.600 rows=17 loops=1)
        Buckets: 1024  Batches: 1  Memory Usage: 9kB
        ->  Nested Loop  (cost=0.43..709671.90 rows=500 width=8) (actual time=5218.432..10791.575 rows=17 loops=1)
              ->  Seq Scan on cast_info ci  (cost=0.00..705507.15 rows=500 width=4) (actual time=5218.316..10791.149 rows=17 loops=1)
                    Filter: (person_id = 2730560)
                    Rows Removed by Filter: 36244327
              ->  Index Only Scan using title_pkey on title t  (cost=0.43..8.32 rows=1 width=4) (actual time=0.020..0.021 rows=1 loops=17)
                    Index Cond: (id = ci.movie_id)
                    Heap Fetches: 17
Planning time: 1.153 ms
Execution time: 17745.303 ms
