Hash Join  (cost=125400.81..492025.11 rows=196838 width=0) (actual time=2370.280..10322.465 rows=293760 loops=1)
  Hash Cond: (mi.movie_id = t.id)
  ->  Seq Scan on movie_info mi  (cost=0.00..309384.22 rows=14739122 width=4) (actual time=0.012..4431.974 rows=14835720 loops=1)
  ->  Hash  (cost=124978.71..124978.71 rows=33768 width=8) (actual time=2369.567..2369.567 rows=17307 loops=1)
        Buckets: 65536  Batches: 1  Memory Usage: 1189kB
        ->  Hash Join  (cost=68438.72..124978.71 rows=33768 width=8) (actual time=1384.605..2362.398 rows=17307 loops=1)
              Hash Cond: (mc.movie_id = t.id)
              ->  Seq Scan on movie_companies mc  (cost=0.00..51404.11 rows=1279517 width=4) (actual time=316.143..999.023 rows=1274246 loops=1)
                    Filter: (company_type_id = 1)
                    Rows Removed by Filter: 1334883
              ->  Hash  (cost=67604.59..67604.59 rows=66731 width=4) (actual time=1067.776..1067.776 rows=67342 loops=1)
                    Buckets: 131072  Batches: 1  Memory Usage: 3392kB
                    ->  Seq Scan on title t  (cost=0.00..67604.59 rows=66731 width=4) (actual time=0.040..1034.077 rows=67342 loops=1)
                          Filter: (production_year > 2012)
                          Rows Removed by Filter: 2460970
Planning time: 1.193 ms
Execution time: 10368.111 ms
