Hash Join  (cost=117760.09..603595.26 rows=565024 width=0) (actual time=2574.259..15789.689 rows=3951629 loops=1)
  Hash Cond: (mi.movie_id = t.id)
  ->  Seq Scan on movie_info mi  (cost=0.00..309384.22 rows=14739122 width=4) (actual time=0.022..5423.271 rows=14835720 loops=1)
  ->  Hash  (cost=116169.45..116169.45 rows=96931 width=8) (actual time=2573.502..2573.502 rows=213102 loops=1)
        Buckets: 131072 (originally 131072)  Batches: 4 (originally 2)  Memory Usage: 3117kB
        ->  Hash Join  (cost=82581.58..116169.45 rows=96931 width=8) (actual time=1379.171..2518.053 rows=213102 loops=1)
              Hash Cond: (mi_idx.movie_id = t.id)
              ->  Seq Scan on movie_info_idx mi_idx  (cost=0.00..25185.44 rows=464566 width=4) (actual time=0.015..491.267 rows=459925 loops=1)
                    Filter: (info_type_id = 101)
                    Rows Removed by Filter: 920110
              ->  Hash  (cost=73925.90..73925.90 rows=527574 width=4) (actual time=1378.079..1378.079 rows=609532 loops=1)
                    Buckets: 131072  Batches: 8  Memory Usage: 3715kB
                    ->  Seq Scan on title t  (cost=0.00..73925.90 rows=527574 width=4) (actual time=0.012..1189.010 rows=609532 loops=1)
                          Filter: ((kind_id < 7) AND (production_year < 2005))
                          Rows Removed by Filter: 1918780
Planning time: 1.155 ms
Execution time: 16270.787 ms
