Seq Scan on cast_info ci  (cost=0.00..796071.18 rows=5545702 width=0) (actual time=0.018..11991.998 rows=6169219 loops=1)
  Filter: ((person_id < 630941) AND (role_id < 9))
  Rows Removed by Filter: 30075125
Planning time: 0.328 ms
Execution time: 12755.213 ms
