Hash Join  (cost=194039.07..1305425.55 rows=3977835 width=0) (actual time=4815.470..45077.310 rows=32371540 loops=1)
  Hash Cond: (ci.movie_id = t.id)
  ->  Seq Scan on cast_info ci  (cost=0.00..705507.15 rows=31554923 width=4) (actual time=0.025..16852.919 rows=31605208 loops=1)
        Filter: (role_id < 10)
        Rows Removed by Filter: 4639136
  ->  Hash  (cost=188808.72..188808.72 rows=318748 width=8) (actual time=4814.407..4814.407 rows=946531 loops=1)
        Buckets: 131072 (originally 131072)  Batches: 16 (originally 8)  Memory Usage: 3381kB
        ->  Hash Join  (cost=80830.47..188808.72 rows=318748 width=8) (actual time=1280.612..4535.717 rows=946531 loops=1)
              Hash Cond: (mk.movie_id = t.id)
              ->  Seq Scan on movie_keyword mk  (cost=0.00..81003.12 rows=1915105 width=4) (actual time=0.021..1534.884 rows=1923437 loops=1)
                    Filter: (keyword_id > 6976)
                    Rows Removed by Filter: 2600493
              ->  Hash  (cost=73925.90..73925.90 rows=420845 width=4) (actual time=1279.565..1279.565 rows=517968 loops=1)
                    Buckets: 131072  Batches: 8  Memory Usage: 3320kB
                    ->  Seq Scan on title t  (cost=0.00..73925.90 rows=420845 width=4) (actual time=0.025..1126.425 rows=517968 loops=1)
                          Filter: ((kind_id < 7) AND (production_year < 2001))
                          Rows Removed by Filter: 2010344
Planning time: 1.179 ms
Execution time: 48297.329 ms
