Hash Join  (cost=81821.64..203943.56 rows=554594 width=0) (actual time=2581.042..4404.460 rows=132005 loops=1)
  Hash Cond: (mk.movie_id = t.id)
  ->  Seq Scan on movie_keyword mk  (cost=0.00..81003.12 rows=2913827 width=4) (actual time=0.013..1699.130 rows=2901978 loops=1)
        Filter: (keyword_id < 9265)
        Rows Removed by Filter: 1621952
  ->  Hash  (cost=73925.90..73925.90 rows=481259 width=4) (actual time=1365.415..1365.415 rows=518327 loops=1)
        Buckets: 131072  Batches: 8  Memory Usage: 3307kB
        ->  Seq Scan on title t  (cost=0.00..73925.90 rows=481259 width=4) (actual time=0.018..1191.524 rows=518327 loops=1)
              Filter: ((production_year > 2007) AND (kind_id = 7))
              Rows Removed by Filter: 2009985
Planning time: 0.749 ms
Execution time: 4422.497 ms
