Hash Join  (cost=709678.15..796345.14 rows=895 width=0) (actual time=10394.163..11957.670 rows=12 loops=1)
  Hash Cond: (mk.movie_id = t.id)
  ->  Seq Scan on movie_keyword mk  (cost=0.00..69693.30 rows=4523930 width=4) (actual time=0.007..981.008 rows=4523930 loops=1)
  ->  Hash  (cost=709671.90..709671.90 rows=500 width=8) (actual time=10188.800..10188.800 rows=263 loops=1)
        Buckets: 1024  Batches: 1  Memory Usage: 19kB
        ->  Nested Loop  (cost=0.43..709671.90 rows=500 width=8) (actual time=9814.265..10188.651 rows=263 loops=1)
              ->  Seq Scan on cast_info ci  (cost=0.00..705507.15 rows=500 width=4) (actual time=9814.063..10185.083 rows=263 loops=1)
                    Filter: (person_id = 1132410)
                    Rows Removed by Filter: 36244081
              ->  Index Only Scan using title_pkey on title t  (cost=0.43..8.32 rows=1 width=4) (actual time=0.012..0.012 rows=1 loops=263)
                    Index Cond: (id = ci.movie_id)
                    Heap Fetches: 263
Planning time: 1.088 ms
Execution time: 11957.767 ms
