Seq Scan on movie_keyword mk  (cost=0.00..81003.12 rows=2095288 width=0) (actual time=0.021..1450.430 rows=2105585 loops=1)
  Filter: (keyword_id < 3793)
  Rows Removed by Filter: 2418345
Planning time: 0.339 ms
Execution time: 1709.016 ms
