Hash Join  (cost=198078.64..265260.61 rows=55367 width=0) (actual time=3897.823..5528.516 rows=554582 loops=1)
  Hash Cond: (mc.movie_id = t.id)
  ->  Seq Scan on movie_companies mc  (cost=0.00..51404.11 rows=1279517 width=4) (actual time=0.011..1064.881 rows=1274246 loops=1)
        Filter: (company_type_id < 2)
        Rows Removed by Filter: 1334883
  ->  Hash  (cost=196282.96..196282.96 rows=109414 width=8) (actual time=3897.052..3897.052 rows=121921 loops=1)
        Buckets: 131072  Batches: 2  Memory Usage: 3430kB
        ->  Hash Join  (cost=102767.86..196282.96 rows=109414 width=8) (actual time=2025.422..3858.973 rows=121921 loops=1)
              Hash Cond: (mk.movie_id = t.id)
              ->  Seq Scan on movie_keyword mk  (cost=0.00..81003.12 rows=109414 width=4) (actual time=0.025..1344.941 rows=121921 loops=1)
                    Filter: (keyword_id < 117)
                    Rows Removed by Filter: 4402009
              ->  Hash  (cost=61283.27..61283.27 rows=2528527 width=4) (actual time=2022.875..2022.875 rows=2528312 loops=1)
                    Buckets: 131072  Batches: 64  Memory Usage: 2425kB
                    ->  Seq Scan on title t  (cost=0.00..61283.27 rows=2528527 width=4) (actual time=0.019..1165.477 rows=2528312 loops=1)
Planning time: 1.138 ms
Execution time: 5589.224 ms
