Seq Scan on cast_info ci  (cost=0.00..705507.15 rows=20710576 width=0) (actual time=0.023..12893.424 rows=20611052 loops=1)
  Filter: (person_id < 2074179)
  Rows Removed by Filter: 15633292
Planning time: 0.298 ms
Execution time: 15462.097 ms
