Seq Scan on movie_keyword mk  (cost=0.00..81003.12 rows=1080325 width=0) (actual time=0.011..1241.108 rows=1086778 loops=1)
  Filter: (keyword_id < 1107)
  Rows Removed by Filter: 3437152
Planning time: 0.333 ms
Execution time: 1380.247 ms
