Seq Scan on movie_keyword mk  (cost=0.00..81003.12 rows=3939278 width=0) (actual time=0.013..1384.268 rows=3941242 loops=1)
  Filter: (keyword_id < 31462)
  Rows Removed by Filter: 582688
Planning time: 0.374 ms
Execution time: 1822.013 ms
