Hash Join  (cost=103081.07..189907.90 rows=16879 width=0) (actual time=1788.045..3588.484 rows=16194 loops=1)
  Hash Cond: (mk.movie_id = t.id)
  ->  Seq Scan on movie_keyword mk  (cost=0.00..69693.30 rows=4523930 width=4) (actual time=0.014..976.083 rows=4523930 loops=1)
  ->  Hash  (cost=102963.15..102963.15 rows=9434 width=8) (actual time=1787.578..1787.578 rows=4362 loops=1)
        Buckets: 16384  Batches: 1  Memory Usage: 299kB
        ->  Hash Join  (cost=74251.74..102963.15 rows=9434 width=8) (actual time=1078.244..1785.430 rows=4362 loops=1)
              Hash Cond: (mi_idx.movie_id = t.id)
              ->  Seq Scan on movie_info_idx mi_idx  (cost=0.00..25185.44 rows=915101 width=4) (actual time=0.036..509.603 rows=919850 loops=1)
                    Filter: (info_type_id < 101)
                    Rows Removed by Filter: 460185
              ->  Hash  (cost=73925.90..73925.90 rows=26067 width=4) (actual time=1076.651..1076.651 rows=27085 loops=1)
                    Buckets: 32768  Batches: 1  Memory Usage: 1209kB
                    ->  Seq Scan on title t  (cost=0.00..73925.90 rows=26067 width=4) (actual time=0.351..1065.128 rows=27085 loops=1)
                          Filter: ((kind_id < 7) AND (production_year > 2012))
                          Rows Removed by Filter: 2501227
Planning time: 1.167 ms
Execution time: 3590.885 ms
