Hash Join  (cost=359549.25..1482263.25 rows=20632341 width=0) (actual time=8467.563..49187.199 rows=72704253 loops=1)
  Hash Cond: (ci.movie_id = t.id)
  ->  Seq Scan on cast_info ci  (cost=0.00..705507.15 rows=12726058 width=4) (actual time=0.015..14412.861 rows=12670688 loops=1)
        Filter: (role_id = 1)
        Rows Removed by Filter: 23573656
  ->  Hash  (cost=292292.53..292292.53 rows=4099418 width=8) (actual time=8466.054..8466.054 rows=4087742 loops=1)
        Buckets: 131072  Batches: 64  Memory Usage: 3546kB
        ->  Hash Join  (cost=102767.86..292292.53 rows=4099418 width=8) (actual time=1836.596..7252.688 rows=4087742 loops=1)
              Hash Cond: (mk.movie_id = t.id)
              ->  Seq Scan on movie_keyword mk  (cost=0.00..81003.12 rows=4099418 width=4) (actual time=0.755..1684.385 rows=4087742 loops=1)
                    Filter: (keyword_id > 335)
                    Rows Removed by Filter: 436188
              ->  Hash  (cost=61283.27..61283.27 rows=2528527 width=4) (actual time=1833.214..1833.214 rows=2528312 loops=1)
                    Buckets: 131072  Batches: 64  Memory Usage: 2425kB
                    ->  Seq Scan on title t  (cost=0.00..61283.27 rows=2528527 width=4) (actual time=0.023..983.972 rows=2528312 loops=1)
Planning time: 1.173 ms
Execution time: 57140.281 ms
