Hash Join  (cost=923311.77..1595878.67 rows=14612117 width=0) (actual time=18161.437..34411.368 rows=10160459 loops=1)
  Hash Cond: (mi.movie_id = t.id)
  ->  Seq Scan on movie_info mi  (cost=0.00..309384.22 rows=14739122 width=4) (actual time=0.021..6339.599 rows=14835720 loops=1)
  ->  Hash  (cost=882185.53..882185.53 rows=2506739 width=8) (actual time=18159.675..18159.675 rows=2320725 loops=1)
        Buckets: 131072  Batches: 64  Memory Usage: 2435kB
        ->  Hash Join  (cost=92883.59..882185.53 rows=2506739 width=8) (actual time=1754.243..17442.331 rows=2320725 loops=1)
              Hash Cond: (ci.movie_id = t.id)
              ->  Seq Scan on cast_info ci  (cost=0.00..705507.15 rows=4113680 width=4) (actual time=0.021..12075.276 rows=3987585 loops=1)
                    Filter: (person_id < 382391)
                    Rows Removed by Filter: 32256759
              ->  Hash  (cost=67604.59..67604.59 rows=1540800 width=4) (actual time=1752.383..1752.383 rows=1543264 loops=1)
                    Buckets: 131072  Batches: 32  Memory Usage: 2722kB
                    ->  Seq Scan on title t  (cost=0.00..67604.59 rows=1540800 width=4) (actual time=123.332..1269.585 rows=1543264 loops=1)
                          Filter: (kind_id = 7)
                          Rows Removed by Filter: 985048
Planning time: 0.967 ms
Execution time: 35476.223 ms
