Hash Join  (cost=709678.15..736591.36 rows=273 width=0) (actual time=10134.638..10390.060 rows=801 loops=1)
  Hash Cond: (mi_idx.movie_id = t.id)
  ->  Seq Scan on movie_info_idx mi_idx  (cost=0.00..21735.35 rows=1380035 width=4) (actual time=0.006..141.393 rows=1380035 loops=1)
  ->  Hash  (cost=709671.90..709671.90 rows=500 width=8) (actual time=10086.385..10086.385 rows=2809 loops=1)
        Buckets: 4096 (originally 1024)  Batches: 1 (originally 1)  Memory Usage: 142kB
        ->  Nested Loop  (cost=0.43..709671.90 rows=500 width=8) (actual time=5100.300..10085.054 rows=2809 loops=1)
              ->  Seq Scan on cast_info ci  (cost=0.00..705507.15 rows=500 width=4) (actual time=5100.156..9992.848 rows=2809 loops=1)
                    Filter: (person_id = 3027042)
                    Rows Removed by Filter: 36241535
              ->  Index Only Scan using title_pkey on title t  (cost=0.43..8.32 rows=1 width=4) (actual time=0.032..0.032 rows=1 loops=2809)
                    Index Cond: (id = ci.movie_id)
                    Heap Fetches: 2809
Planning time: 0.741 ms
Execution time: 10390.212 ms
