Hash Join  (cost=102767.86..1067919.69 rows=6616163 width=0) (actual time=4574.689..24104.010 rows=6986796 loops=1)
  Hash Cond: (ci.movie_id = t.id)
  ->  Seq Scan on cast_info ci  (cost=0.00..796071.18 rows=6616163 width=4) (actual time=2550.572..16441.832 rows=6986796 loops=1)
        Filter: ((person_id > 423316) AND (role_id > 7))
        Rows Removed by Filter: 29257548
  ->  Hash  (cost=61283.27..61283.27 rows=2528527 width=4) (actual time=2022.869..2022.869 rows=2528312 loops=1)
        Buckets: 131072  Batches: 64  Memory Usage: 2415kB
        ->  Seq Scan on title t  (cost=0.00..61283.27 rows=2528527 width=4) (actual time=0.030..1175.060 rows=2528312 loops=1)
Planning time: 0.587 ms
Execution time: 24879.691 ms
