Hash Join  (cost=169236.79..306728.72 rows=1131652 width=0) (actual time=3786.505..8835.185 rows=4635957 loops=1)
  Hash Cond: (mk.movie_id = t.id)
  ->  Seq Scan on movie_keyword mk  (cost=0.00..81003.12 rows=3641145 width=4) (actual time=0.015..1769.279 rows=3632196 loops=1)
        Filter: (keyword_id > 843)
        Rows Removed by Filter: 891734
  ->  Hash  (cost=156343.60..156343.60 rows=785855 width=8) (actual time=3785.613..3785.613 rows=806532 loops=1)
        Buckets: 131072  Batches: 16  Memory Usage: 3010kB
        ->  Hash Join  (cost=103076.32..156343.60 rows=785855 width=8) (actual time=1935.736..3539.819 rows=806532 loops=1)
              Hash Cond: (mi_idx.movie_id = t.id)
              ->  Seq Scan on movie_info_idx mi_idx  (cost=0.00..25185.44 rows=919057 width=4) (actual time=0.020..560.821 rows=920110 loops=1)
                    Filter: (info_type_id > 99)
                    Rows Removed by Filter: 459925
              ->  Hash  (cost=67604.59..67604.59 rows=2162059 width=4) (actual time=1934.513..1934.513 rows=2159747 loops=1)
                    Buckets: 131072  Batches: 32  Memory Usage: 3400kB
                    ->  Seq Scan on title t  (cost=0.00..67604.59 rows=2162059 width=4) (actual time=0.009..1227.313 rows=2159747 loops=1)
                          Filter: (production_year > 1964)
                          Rows Removed by Filter: 368565
Planning time: 1.158 ms
Execution time: 9358.334 ms
