Hash Join  (cost=200466.10..1023643.41 rows=211813 width=0) (actual time=4874.297..18069.518 rows=2002722 loops=1)
  Hash Cond: (ci.movie_id = t.id)
  ->  Seq Scan on cast_info ci  (cost=0.00..796071.18 rows=1862402 width=4) (actual time=683.966..12196.287 rows=2923417 loops=1)
        Filter: ((person_id > 3514559) AND (role_id > 1))
        Rows Removed by Filter: 33320927
  ->  Hash  (cost=195747.46..195747.46 rows=287571 width=8) (actual time=4189.229..4189.229 rows=147733 loops=1)
        Buckets: 131072  Batches: 4  Memory Usage: 2540kB
        ->  Hash Join  (cost=70241.71..195747.46 rows=287571 width=8) (actual time=1117.964..4144.044 rows=147733 loops=1)
              Hash Cond: (mk.movie_id = t.id)
              ->  Seq Scan on movie_keyword mk  (cost=0.00..69693.30 rows=4523930 width=4) (actual time=0.020..1392.306 rows=4523930 loops=1)
              ->  Hash  (cost=67604.59..67604.59 rows=160730 width=4) (actual time=1116.513..1116.513 rows=160017 loops=1)
                    Buckets: 131072  Batches: 4  Memory Usage: 2442kB
                    ->  Seq Scan on title t  (cost=0.00..67604.59 rows=160730 width=4) (actual time=0.021..1056.097 rows=160017 loops=1)
                          Filter: (production_year = 2011)
                          Rows Removed by Filter: 2368295
Planning time: 0.762 ms
Execution time: 18311.725 ms
