Hash Join  (cost=284355.97..394550.94 rows=2312804 width=0) (actual time=7016.018..13379.104 rows=16521347 loops=1)
  Hash Cond: (mc.movie_id = t.id)
  ->  Seq Scan on movie_companies mc  (cost=0.00..44881.29 rows=2609129 width=4) (actual time=0.009..901.817 rows=2609129 loops=1)
  ->  Hash  (cost=247583.02..247583.02 rows=2241356 width=8) (actual time=7015.126..7015.126 rows=2235037 loops=1)
        Buckets: 131072  Batches: 32  Memory Usage: 3738kB
        ->  Hash Join  (cost=102767.86..247583.02 rows=2241356 width=8) (actual time=2729.879..6408.030 rows=2235037 loops=1)
              Hash Cond: (mk.movie_id = t.id)
              ->  Seq Scan on movie_keyword mk  (cost=0.00..81003.12 rows=2241356 width=4) (actual time=0.020..1619.933 rows=2235037 loops=1)
                    Filter: (keyword_id < 4605)
                    Rows Removed by Filter: 2288893
              ->  Hash  (cost=61283.27..61283.27 rows=2528527 width=4) (actual time=2729.065..2729.065 rows=2528312 loops=1)
                    Buckets: 131072  Batches: 64  Memory Usage: 2425kB
                    ->  Seq Scan on title t  (cost=0.00..61283.27 rows=2528527 width=4) (actual time=0.016..1120.424 rows=2528312 loops=1)
Planning time: 0.712 ms
Execution time: 15249.265 ms
