Seq Scan on movie_companies mc  (cost=0.00..57926.93 rows=1066383 width=0) (actual time=338.342..1114.185 rows=942161 loops=1)
  Filter: ((company_id > 312) AND (company_type_id < 2))
  Rows Removed by Filter: 1666968
Planning time: 0.327 ms
Execution time: 1228.658 ms
