Seq Scan on movie_keyword mk  (cost=0.00..81003.12 rows=1399501 width=0) (actual time=0.013..1398.240 rows=1414150 loops=1)
  Filter: (keyword_id < 1941)
  Rows Removed by Filter: 3109780
Planning time: 2.902 ms
Execution time: 1570.709 ms
