Seq Scan on movie_info mi  (cost=0.00..346232.03 rows=17937 width=0) (actual time=4552.646..4764.087 rows=2522 loops=1)
  Filter: (info_type_id = 72)
  Rows Removed by Filter: 14833198
Planning time: 0.422 ms
Execution time: 4764.698 ms
