Hash Join  (cost=158741.49..256525.72 rows=195534 width=0) (actual time=3728.748..6033.448 rows=829101 loops=1)
  Hash Cond: (mk.movie_id = t.id)
  ->  Seq Scan on movie_keyword mk  (cost=0.00..81003.12 rows=1134870 width=4) (actual time=0.020..1514.027 rows=1141944 loops=1)
        Filter: (keyword_id < 1298)
        Rows Removed by Filter: 3381986
  ->  Hash  (cost=151593.80..151593.80 rows=435655 width=8) (actual time=3725.643..3725.643 rows=455074 loops=1)
        Buckets: 131072  Batches: 8  Memory Usage: 3262kB
        ->  Hash Join  (cost=106809.92..151593.80 rows=435655 width=8) (actual time=2190.382..3564.699 rows=455074 loops=1)
              Hash Cond: (mi_idx.movie_id = t.id)
              ->  Seq Scan on movie_info_idx mi_idx  (cost=0.00..25185.44 rows=460978 width=4) (actual time=0.028..517.217 rows=459925 loops=1)
                    Filter: (info_type_id < 100)
                    Rows Removed by Filter: 920110
              ->  Hash  (cost=67604.59..67604.59 rows=2389627 width=4) (actual time=2189.164..2189.164 rows=2382866 loops=1)
                    Buckets: 131072  Batches: 32  Memory Usage: 3644kB
                    ->  Seq Scan on title t  (cost=0.00..67604.59 rows=2389627 width=4) (actual time=0.011..1420.096 rows=2382866 loops=1)
                          Filter: (production_year > 1916)
                          Rows Removed by Filter: 145446
Planning time: 1.093 ms
Execution time: 6133.598 ms
