Hash Join  (cost=114617.40..830429.86 rows=4893 width=0) (actual time=8073.927..14131.572 rows=10144 loops=1)
  Hash Cond: (ci.movie_id = t.id)
  ->  Seq Scan on cast_info ci  (cost=0.00..705507.15 rows=2735034 width=4) (actual time=6635.338..12311.378 rows=2728943 loops=1)
        Filter: (role_id = 4)
        Rows Removed by Filter: 33515401
  ->  Hash  (cost=114560.85..114560.85 rows=4524 width=8) (actual time=1438.346..1438.346 rows=5235 loops=1)
        Buckets: 8192  Batches: 1  Memory Usage: 269kB
        ->  Nested Loop  (cost=0.43..114560.85 rows=4524 width=8) (actual time=0.142..1435.060 rows=5235 loops=1)
              ->  Seq Scan on movie_keyword mk  (cost=0.00..81003.12 rows=4524 width=4) (actual time=0.061..1272.099 rows=5235 loops=1)
                    Filter: (keyword_id = 816)
                    Rows Removed by Filter: 4518695
              ->  Index Only Scan using title_pkey on title t  (cost=0.43..7.41 rows=1 width=4) (actual time=0.030..0.030 rows=1 loops=5235)
                    Index Cond: (id = mk.movie_id)
                    Heap Fetches: 5235
Planning time: 1.159 ms
Execution time: 14133.405 ms
