Seq Scan on cast_info ci  (cost=0.00..796071.18 rows=1459934 width=0) (actual time=0.015..12842.618 rows=4155099 loops=1)
  Filter: ((person_id > 2788799) AND (role_id > 8))
  Rows Removed by Filter: 32089245
Planning time: 0.332 ms
Execution time: 13365.448 ms
