Hash Join  (cost=83074.74..109986.57 rows=134 width=0) (actual time=1355.330..1890.194 rows=6178 loops=1)
  Hash Cond: (mi_idx.movie_id = t.id)
  ->  Seq Scan on movie_info_idx mi_idx  (cost=0.00..21735.35 rows=1380035 width=4) (actual time=0.022..275.892 rows=1380035 loops=1)
  ->  Hash  (cost=83071.67..83071.67 rows=246 width=8) (actual time=1355.257..1355.257 rows=2315 loops=1)
        Buckets: 4096 (originally 1024)  Batches: 1 (originally 1)  Memory Usage: 123kB
        ->  Nested Loop  (cost=0.43..83071.67 rows=246 width=8) (actual time=0.240..1353.604 rows=2315 loops=1)
              ->  Seq Scan on movie_keyword mk  (cost=0.00..81003.12 rows=246 width=4) (actual time=0.191..1266.624 rows=2315 loops=1)
                    Filter: (keyword_id = 1025)
                    Rows Removed by Filter: 4521615
              ->  Index Only Scan using title_pkey on title t  (cost=0.43..8.40 rows=1 width=4) (actual time=0.036..0.036 rows=1 loops=2315)
                    Index Cond: (id = mk.movie_id)
                    Heap Fetches: 2315
Planning time: 1.074 ms
Execution time: 1891.225 ms
