Nested Loop  (cost=0.43..775378.43 rows=10512 width=0) (actual time=955.729..10938.528 rows=5752 loops=1)
  ->  Seq Scan on cast_info ci  (cost=0.00..705507.15 rows=10868 width=4) (actual time=955.661..10878.991 rows=5753 loops=1)
        Filter: (person_id = 1737040)
        Rows Removed by Filter: 36238591
  ->  Index Scan using title_pkey on title t  (cost=0.43..6.42 rows=1 width=4) (actual time=0.010..0.010 rows=1 loops=5753)
        Index Cond: (id = ci.movie_id)
        Filter: (production_year > 1903)
        Rows Removed by Filter: 0
Planning time: 0.723 ms
Execution time: 10939.628 ms
