Hash Join  (cost=157513.12..246250.62 rows=683059 width=0) (actual time=3382.848..5895.975 rows=1159362 loops=1)
  Hash Cond: (mc.movie_id = t.id)
  ->  Seq Scan on movie_companies mc  (cost=0.00..51404.11 rows=2394346 width=4) (actual time=0.029..1099.297 rows=2393926 loops=1)
        Filter: (company_id > 72)
        Rows Removed by Filter: 215203
  ->  Hash  (cost=145678.39..145678.39 rows=721338 width=8) (actual time=3381.791..3381.791 rows=602421 loops=1)
        Buckets: 131072  Batches: 16  Memory Usage: 2515kB
        ->  Hash Join  (cost=95609.53..145678.39 rows=721338 width=8) (actual time=1770.973..3236.779 rows=602421 loops=1)
              Hash Cond: (mi_idx.movie_id = t.id)
              ->  Seq Scan on movie_info_idx mi_idx  (cost=0.00..21735.35 rows=1380035 width=4) (actual time=0.025..532.840 rows=1380035 loops=1)
              ->  Hash  (cost=73925.90..73925.90 rows=1321650 width=4) (actual time=1769.773..1769.773 rows=1298128 loops=1)
                    Buckets: 131072  Batches: 32  Memory Usage: 2450kB
                    ->  Seq Scan on title t  (cost=0.00..73925.90 rows=1321650 width=4) (actual time=0.016..1347.047 rows=1298128 loops=1)
                          Filter: ((kind_id > 1) AND (production_year < 2009))
                          Rows Removed by Filter: 1230184
Planning time: 1.728 ms
Execution time: 6029.293 ms
