Hash Join  (cost=937871.95..1471398.63 rows=5034675 width=0) (actual time=16565.103..36469.528 rows=29775294 loops=1)
  Hash Cond: (mi.movie_id = t.id)
  ->  Seq Scan on movie_info mi  (cost=0.00..309384.22 rows=14739122 width=4) (actual time=0.014..6127.690 rows=14835720 loops=1)
  ->  Hash  (cost=923701.59..923701.59 rows=863709 width=8) (actual time=15694.415..15694.415 rows=1044148 loops=1)
        Buckets: 131072  Batches: 16  Memory Usage: 3590kB
        ->  Hash Join  (cost=78556.72..923701.59 rows=863709 width=8) (actual time=2062.171..15415.134 rows=1044148 loops=1)
              Hash Cond: (ci.movie_id = t.id)
              ->  Seq Scan on cast_info ci  (cost=0.00..796071.18 rows=3271625 width=4) (actual time=599.439..12025.053 rows=3488106 loops=1)
                    Filter: ((person_id < 348830) AND (role_id < 10))
                    Rows Removed by Filter: 32756238
              ->  Hash  (cost=67604.59..67604.59 rows=667531 width=4) (actual time=1461.664..1461.664 rows=662825 loops=1)
                    Buckets: 131072  Batches: 16  Memory Usage: 2476kB
                    ->  Seq Scan on title t  (cost=0.00..67604.59 rows=667531 width=4) (actual time=252.787..1252.711 rows=662825 loops=1)
                          Filter: (kind_id = 1)
                          Rows Removed by Filter: 1865487
Planning time: 3.150 ms
Execution time: 39707.259 ms
