Seq Scan on cast_info ci  (cost=0.00..796071.18 rows=3356866 width=0) (actual time=0.020..13404.657 rows=5742344 loops=1)
  Filter: ((person_id > 2075936) AND (role_id > 6))
  Rows Removed by Filter: 30502000
Planning time: 0.347 ms
Execution time: 14125.190 ms
