Hash Join  (cost=85838.47..831834.13 rows=748989 width=0) (actual time=2877.174..14408.389 rows=696596 loops=1)
  Hash Cond: (ci.movie_id = t.id)
  ->  Seq Scan on cast_info ci  (cost=0.00..705507.15 rows=2608433 width=4) (actual time=1491.657..11393.581 rows=2564327 loops=1)
        Filter: (person_id < 247224)
        Rows Removed by Filter: 33680017
  ->  Hash  (cost=73925.90..73925.90 rows=726045 width=4) (actual time=1384.626..1384.626 rows=628133 loops=1)
        Buckets: 131072  Batches: 16  Memory Usage: 2403kB
        ->  Seq Scan on title t  (cost=0.00..73925.90 rows=726045 width=4) (actual time=0.066..1185.014 rows=628133 loops=1)
              Filter: ((kind_id < 7) AND (production_year > 1985))
              Rows Removed by Filter: 1900179
Planning time: 0.680 ms
Execution time: 14494.732 ms
