Seq Scan on cast_info ci  (cost=0.00..796071.18 rows=10685661 width=0) (actual time=1121.779..13481.480 rows=11659545 loops=1)
  Filter: ((person_id < 1199459) AND (role_id < 10))
  Rows Removed by Filter: 24584799
Planning time: 0.358 ms
Execution time: 14901.158 ms
