Hash Join  (cost=58358.90..423017.80 rows=297 width=0) (actual time=823.314..6589.715 rows=2251 loops=1)
  Hash Cond: (mi.movie_id = t.id)
  ->  Seq Scan on movie_info mi  (cost=0.00..309384.22 rows=14739122 width=4) (actual time=0.018..3374.053 rows=14835720 loops=1)
  ->  Hash  (cost=58358.27..58358.27 rows=51 width=8) (actual time=820.208..820.208 rows=90 loops=1)
        Buckets: 1024  Batches: 1  Memory Usage: 12kB
        ->  Nested Loop  (cost=0.43..58358.27 rows=51 width=8) (actual time=1.342..820.140 rows=90 loops=1)
              ->  Seq Scan on movie_companies mc  (cost=0.00..57926.93 rows=51 width=4) (actual time=1.284..816.021 rows=90 loops=1)
                    Filter: ((company_type_id < 2) AND (company_id = 16724))
                    Rows Removed by Filter: 2609039
              ->  Index Only Scan using title_pkey on title t  (cost=0.43..8.45 rows=1 width=4) (actual time=0.043..0.043 rows=1 loops=90)
                    Index Cond: (id = mc.movie_id)
                    Heap Fetches: 90
Planning time: 1.197 ms
Execution time: 6590.410 ms
