Hash Join  (cost=675945.14..2449701.50 rows=54399210 width=0) (actual time=19557.917..127610.128 rows=309048740 loops=1)
  Hash Cond: (ci.movie_id = t.id)
  ->  Seq Scan on cast_info ci  (cost=0.00..614943.12 rows=36225612 width=4) (actual time=0.013..13922.400 rows=36244344 loops=1)
  ->  Hash  (cost=613649.21..613649.21 rows=3797034 width=8) (actual time=19555.276..19555.276 rows=7863703 loops=1)
        Buckets: 131072 (originally 131072)  Batches: 128 (originally 64)  Memory Usage: 3423kB
        ->  Hash Join  (cost=80042.24..613649.21 rows=3797034 width=8) (actual time=1798.263..17143.561 rows=7863703 loops=1)
              Hash Cond: (mi.movie_id = t.id)
              ->  Seq Scan on movie_info mi  (cost=0.00..346232.03 rows=12665229 width=4) (actual time=431.398..7464.727 rows=12744652 loops=1)
                    Filter: (info_type_id > 2)
                    Rows Removed by Filter: 2091068
              ->  Hash  (cost=67604.59..67604.59 rows=758052 width=4) (actual time=1365.979..1365.979 rows=753677 loops=1)
                    Buckets: 131072  Batches: 16  Memory Usage: 2686kB
                    ->  Seq Scan on title t  (cost=0.00..67604.59 rows=758052 width=4) (actual time=0.031..1120.440 rows=753677 loops=1)
                          Filter: (kind_id < 3)
                          Rows Removed by Filter: 1774635
Planning time: 0.783 ms
Execution time: 159985.790 ms
