Hash Join  (cost=83074.74..833899.15 rows=3524 width=0) (actual time=1341.320..16964.080 rows=74051 loops=1)
  Hash Cond: (ci.movie_id = t.id)
  ->  Seq Scan on cast_info ci  (cost=0.00..614943.12 rows=36225612 width=4) (actual time=0.019..8379.166 rows=36244344 loops=1)
  ->  Hash  (cost=83071.67..83071.67 rows=246 width=8) (actual time=1341.171..1341.171 rows=1690 loops=1)
        Buckets: 2048 (originally 1024)  Batches: 1 (originally 1)  Memory Usage: 83kB
        ->  Nested Loop  (cost=0.43..83071.67 rows=246 width=8) (actual time=0.795..1339.917 rows=1690 loops=1)
              ->  Seq Scan on movie_keyword mk  (cost=0.00..81003.12 rows=246 width=4) (actual time=0.735..1264.001 rows=1690 loops=1)
                    Filter: (keyword_id = 842)
                    Rows Removed by Filter: 4522240
              ->  Index Only Scan using title_pkey on title t  (cost=0.43..8.40 rows=1 width=4) (actual time=0.043..0.044 rows=1 loops=1690)
                    Index Cond: (id = mk.movie_id)
                    Heap Fetches: 1690
Planning time: 1.117 ms
Execution time: 16979.362 ms
