Hash Join  (cost=83810.17..215632.87 rows=1185858 width=0) (actual time=1474.958..5371.371 rows=2609556 loops=1)
  Hash Cond: (mk.movie_id = t.id)
  ->  Seq Scan on movie_keyword mk  (cost=0.00..81003.12 rows=3035732 width=4) (actual time=0.021..1695.560 rows=3020634 loops=1)
        Filter: (keyword_id < 10781)
        Rows Removed by Filter: 1503296
  ->  Hash  (cost=67604.59..67604.59 rows=987727 width=4) (actual time=1473.842..1473.842 rows=985048 loops=1)
        Buckets: 131072  Batches: 16  Memory Usage: 3197kB
        ->  Seq Scan on title t  (cost=0.00..67604.59 rows=987727 width=4) (actual time=0.021..1156.582 rows=985048 loops=1)
              Filter: (kind_id < 7)
              Rows Removed by Filter: 1543264
Planning time: 0.784 ms
Execution time: 5677.332 ms
