Hash Join  (cost=89472.60..224861.97 rows=1240605 width=0) (actual time=2695.728..4779.188 rows=298148 loops=1)
  Hash Cond: (mk.movie_id = t.id)
  ->  Seq Scan on movie_keyword mk  (cost=0.00..81003.12 rows=3310451 width=4) (actual time=0.025..1657.034 rows=3302650 loops=1)
        Filter: (keyword_id > 1535)
        Rows Removed by Filter: 1221280
  ->  Hash  (cost=73925.90..73925.90 rows=947576 width=4) (actual time=1549.055..1549.055 rows=876037 loops=1)
        Buckets: 131072  Batches: 16  Memory Usage: 2955kB
        ->  Seq Scan on title t  (cost=0.00..73925.90 rows=947576 width=4) (actual time=0.019..1266.916 rows=876037 loops=1)
              Filter: ((production_year < 2007) AND (kind_id = 7))
              Rows Removed by Filter: 1652275
Planning time: 0.734 ms
Execution time: 4813.415 ms
