Hash Join  (cost=458777.25..592032.03 rows=457893 width=0) (actual time=10183.246..11915.700 rows=113685 loops=1)
  Hash Cond: (mk.movie_id = t.id)
  ->  Seq Scan on movie_keyword mk  (cost=0.00..81003.12 rows=4025792 width=4) (actual time=0.022..1812.398 rows=4021945 loops=1)
        Filter: (keyword_id > 359)
        Rows Removed by Filter: 501985
  ->  Hash  (cost=454058.33..454058.33 rows=287594 width=8) (actual time=8634.368..8634.368 rows=29395 loops=1)
        Buckets: 131072  Batches: 4  Memory Usage: 1316kB
        ->  Hash Join  (cost=92883.59..454058.33 rows=287594 width=8) (actual time=5960.834..8623.020 rows=29395 loops=1)
              Hash Cond: (mi.movie_id = t.id)
              ->  Seq Scan on movie_info mi  (cost=0.00..346232.03 rows=471955 width=4) (actual time=3229.761..5304.114 rows=543367 loops=1)
                    Filter: (info_type_id > 98)
                    Rows Removed by Filter: 14292353
              ->  Hash  (cost=67604.59..67604.59 rows=1540800 width=4) (actual time=2624.217..2624.217 rows=1543264 loops=1)
                    Buckets: 131072  Batches: 32  Memory Usage: 2728kB
                    ->  Seq Scan on title t  (cost=0.00..67604.59 rows=1540800 width=4) (actual time=0.021..1274.417 rows=1543264 loops=1)
                          Filter: (kind_id = 7)
                          Rows Removed by Filter: 985048
Planning time: 1.133 ms
Execution time: 11929.554 ms
