Hash Join  (cost=552353.69..1921739.74 rows=28259493 width=0) (actual time=11194.100..49732.520 rows=22212312 loops=1)
  Hash Cond: (ci.movie_id = t.id)
  ->  Seq Scan on cast_info ci  (cost=0.00..614943.12 rows=36225612 width=4) (actual time=0.015..13388.615 rows=36244344 loops=1)
  ->  Hash  (cost=519991.49..519991.49 rows=1972496 width=8) (actual time=11192.674..11192.674 rows=1207322 loops=1)
        Buckets: 131072  Batches: 32  Memory Usage: 2485kB
        ->  Hash Join  (cost=89472.60..519991.49 rows=1972496 width=8) (actual time=1940.998..10829.581 rows=1207322 loops=1)
              Hash Cond: (mi.movie_id = t.id)
              ->  Seq Scan on movie_info mi  (cost=0.00..346232.03 rows=5263441 width=4) (actual time=334.147..6110.146 rows=5270569 loops=1)
                    Filter: (info_type_id > 15)
                    Rows Removed by Filter: 9565151
              ->  Hash  (cost=73925.90..73925.90 rows=947576 width=4) (actual time=1605.637..1605.637 rows=876037 loops=1)
                    Buckets: 131072  Batches: 16  Memory Usage: 2955kB
                    ->  Seq Scan on title t  (cost=0.00..73925.90 rows=947576 width=4) (actual time=0.024..1326.433 rows=876037 loops=1)
                          Filter: ((production_year < 2007) AND (kind_id = 7))
                          Rows Removed by Filter: 1652275
Planning time: 3.697 ms
Execution time: 52268.690 ms
