Hash Join  (cost=134331.35..260568.42 rows=1243737 width=134) (actual time=2909.999..6366.903 rows=1269763 loops=1)
  Hash Cond: (mc.movie_id = t.id)
  ->  Seq Scan on movie_companies mc  (cost=0.00..51404.11 rows=1279517 width=40) (actual time=155.362..1062.660 rows=1274246 loops=1)
        Filter: (company_type_id = 1)
        Rows Removed by Filter: 1334883
  ->  Hash  (cost=67604.59..67604.59 rows=2457821 width=94) (actual time=2753.650..2753.650 rows=2456218 loops=1)
        Buckets: 32768  Batches: 128  Memory Usage: 2390kB
        ->  Seq Scan on title t  (cost=0.00..67604.59 rows=2457821 width=94) (actual time=0.026..1557.246 rows=2456218 loops=1)
              Filter: (production_year > 0)
              Rows Removed by Filter: 72094
Planning time: 0.909 ms
Execution time: 6435.912 ms
