Seq Scan on movie_keyword mk  (cost=0.00..81003.12 rows=3487424 width=0) (actual time=0.024..1552.604 rows=3479050 loops=1)
  Filter: (keyword_id < 16986)
  Rows Removed by Filter: 1044880
Planning time: 0.329 ms
Execution time: 1982.675 ms
