Hash Join  (cost=128695.20..215406.87 rows=5364 width=0) (actual time=1978.709..3770.164 rows=146852 loops=1)
  Hash Cond: (mk.movie_id = t.id)
  ->  Seq Scan on movie_keyword mk  (cost=0.00..69693.30 rows=4523930 width=4) (actual time=0.024..907.375 rows=4523930 loops=1)
  ->  Hash  (cost=128657.72..128657.72 rows=2998 width=8) (actual time=1978.537..1978.537 rows=10211 loops=1)
        Buckets: 16384 (originally 4096)  Batches: 1 (originally 1)  Memory Usage: 527kB
        ->  Hash Join  (cost=73962.22..128657.72 rows=2998 width=8) (actual time=1124.957..1974.700 rows=10211 loops=1)
              Hash Cond: (mc.movie_id = t.id)
              ->  Seq Scan on movie_companies mc  (cost=0.00..44881.29 rows=2609129 width=4) (actual time=0.027..448.103 rows=2609129 loops=1)
              ->  Hash  (cost=73925.90..73925.90 rows=2905 width=4) (actual time=1124.815..1124.815 rows=5291 loops=1)
                    Buckets: 8192 (originally 4096)  Batches: 1 (originally 1)  Memory Usage: 251kB
                    ->  Seq Scan on title t  (cost=0.00..73925.90 rows=2905 width=4) (actual time=0.096..1122.092 rows=5291 loops=1)
                          Filter: ((kind_id < 7) AND (production_year = 1966))
                          Rows Removed by Filter: 2523021
Planning time: 1.110 ms
Execution time: 3789.298 ms
