Hash Join  (cost=102767.86..239157.41 rows=1891226 width=0) (actual time=1838.535..5174.771 rows=1896324 loops=1)
  Hash Cond: (mk.movie_id = t.id)
  ->  Seq Scan on movie_keyword mk  (cost=0.00..81003.12 rows=1891226 width=4) (actual time=0.015..1571.964 rows=1896324 loops=1)
        Filter: (keyword_id > 7137)
        Rows Removed by Filter: 2627606
  ->  Hash  (cost=61283.27..61283.27 rows=2528527 width=4) (actual time=1837.053..1837.053 rows=2528312 loops=1)
        Buckets: 131072  Batches: 64  Memory Usage: 2425kB
        ->  Seq Scan on title t  (cost=0.00..61283.27 rows=2528527 width=4) (actual time=0.017..1011.248 rows=2528312 loops=1)
Planning time: 0.776 ms
Execution time: 5387.505 ms
