Seq Scan on movie_keyword mk  (cost=0.00..81003.12 rows=246 width=0) (actual time=2.571..1176.775 rows=395 loops=1)
  Filter: (keyword_id = 20353)
  Rows Removed by Filter: 4523535
Planning time: 0.367 ms
Execution time: 1177.045 ms
