Seq Scan on movie_keyword mk  (cost=0.00..81003.12 rows=3102591 width=0) (actual time=0.022..1479.574 rows=3090000 loops=1)
  Filter: (keyword_id < 11662)
  Rows Removed by Filter: 1433930
Planning time: 0.343 ms
Execution time: 1866.360 ms
