Hash Join  (cost=128545.13..206845.65 rows=235800 width=0) (actual time=3175.720..5624.920 rows=1173883 loops=1)
  Hash Cond: (mc.movie_id = t.id)
  ->  Seq Scan on movie_companies mc  (cost=0.00..44881.29 rows=2609129 width=4) (actual time=0.013..880.293 rows=2609129 loops=1)
  ->  Hash  (cost=124795.68..124795.68 rows=228516 width=8) (actual time=3174.803..3174.803 rows=356173 loops=1)
        Buckets: 131072 (originally 131072)  Batches: 8 (originally 4)  Memory Usage: 3073kB
        ->  Hash Join  (cost=84240.62..124795.68 rows=228516 width=8) (actual time=1444.792..3061.607 rows=356173 loops=1)
              Hash Cond: (mi_idx.movie_id = t.id)
              ->  Seq Scan on movie_info_idx mi_idx  (cost=0.00..25185.44 rows=919057 width=4) (actual time=0.023..506.497 rows=920110 loops=1)
                    Filter: (info_type_id > 99)
                    Rows Removed by Filter: 459925
              ->  Hash  (cost=73925.90..73925.90 rows=628697 width=4) (actual time=1443.990..1443.990 rows=532584 loops=1)
                    Buckets: 131072  Batches: 16  Memory Usage: 2188kB
                    ->  Seq Scan on title t  (cost=0.00..73925.90 rows=628697 width=4) (actual time=0.036..1274.329 rows=532584 loops=1)
                          Filter: ((kind_id < 7) AND (production_year > 1995))
                          Rows Removed by Filter: 1995728
Planning time: 1.154 ms
Execution time: 5778.579 ms
