Seq Scan on movie_keyword mk  (cost=0.00..81003.12 rows=246 width=0) (actual time=24.318..1179.189 rows=340 loops=1)
  Filter: (keyword_id = 21135)
  Rows Removed by Filter: 4523590
Planning time: 0.373 ms
Execution time: 1179.492 ms
