Nested Loop  (cost=0.43..138958.31 rows=383 width=0) (actual time=17.740..1535.095 rows=31 loops=1)
  ->  Seq Scan on movie_keyword mk  (cost=0.00..81003.12 rows=8595 width=4) (actual time=3.923..1214.633 rows=9060 loops=1)
        Filter: (keyword_id = 47)
        Rows Removed by Filter: 4514870
  ->  Index Scan using title_pkey on title t  (cost=0.43..6.73 rows=1 width=4) (actual time=0.035..0.035 rows=0 loops=9060)
        Index Cond: (id = mk.movie_id)
        Filter: ((kind_id > 2) AND (production_year = 2011))
        Rows Removed by Filter: 1
Planning time: 0.803 ms
Execution time: 1535.222 ms
