Seq Scan on cast_info ci  (cost=0.00..796071.18 rows=324 width=0) (actual time=9377.092..14017.442 rows=1 loops=1)
  Filter: ((role_id > 1) AND (person_id = 1456151))
  Rows Removed by Filter: 36244343
Planning time: 0.955 ms
Execution time: 14017.549 ms
