Nested Loop  (cost=0.43..52283.69 rows=104 width=0) (actual time=111.642..864.479 rows=210 loops=1)
  ->  Seq Scan on movie_companies mc  (cost=0.00..51404.11 rows=104 width=4) (actual time=111.541..849.993 rows=210 loops=1)
        Filter: (company_id = 3264)
        Rows Removed by Filter: 2608919
  ->  Index Only Scan using title_pkey on title t  (cost=0.43..8.45 rows=1 width=4) (actual time=0.067..0.067 rows=1 loops=210)
        Index Cond: (id = mc.movie_id)
        Heap Fetches: 210
Planning time: 0.751 ms
Execution time: 864.637 ms
