Hash Join  (cost=104131.46..227185.35 rows=1358530 width=0) (actual time=2062.362..5205.996 rows=1490989 loops=1)
  Hash Cond: (mk.movie_id = t.id)
  ->  Seq Scan on movie_keyword mk  (cost=0.00..81003.12 rows=1542892 width=4) (actual time=0.032..1530.344 rows=1557788 loops=1)
        Filter: (keyword_id > 10105)
        Rows Removed by Filter: 2966142
  ->  Hash  (cost=67604.59..67604.59 rows=2226390 width=4) (actual time=2061.042..2061.042 rows=2224569 loops=1)
        Buckets: 131072  Batches: 32  Memory Usage: 3472kB
        ->  Seq Scan on title t  (cost=0.00..67604.59 rows=2226390 width=4) (actual time=0.019..1302.366 rows=2224569 loops=1)
              Filter: (production_year < 2012)
              Rows Removed by Filter: 303743
Planning time: 0.715 ms
Execution time: 5394.340 ms
