Hash Join  (cost=88511.62..457277.71 rows=444460 width=0) (actual time=3999.746..7828.274 rows=258554 loops=1)
  Hash Cond: (mi.movie_id = t.id)
  ->  Seq Scan on movie_info mi  (cost=0.00..346232.03 rows=1264125 width=4) (actual time=2421.548..4926.567 rows=1288928 loops=1)
        Filter: (info_type_id = 2)
        Rows Removed by Filter: 13546792
  ->  Hash  (cost=73925.90..73925.90 rows=889017 width=4) (actual time=1576.995..1576.995 rows=810813 loops=1)
        Buckets: 131072  Batches: 16  Memory Usage: 2812kB
        ->  Seq Scan on title t  (cost=0.00..73925.90 rows=889017 width=4) (actual time=0.032..1310.914 rows=810813 loops=1)
              Filter: ((kind_id > 4) AND (production_year < 2006))
              Rows Removed by Filter: 1717499
Planning time: 0.778 ms
Execution time: 7861.066 ms
