Hash Join  (cost=205775.58..1132109.48 rows=2909064 width=0) (actual time=8278.403..21961.478 rows=1885558 loops=1)
  Hash Cond: (ci.movie_id = t.id)
  ->  Seq Scan on cast_info ci  (cost=0.00..796071.18 rows=8456019 width=4) (actual time=3951.376..14285.331 rows=5058597 loops=1)
        Filter: ((person_id < 1874290) AND (role_id > 2))
        Rows Removed by Filter: 31185747
  ->  Hash  (cost=191504.20..191504.20 rows=869871 width=8) (actual time=4325.985..4325.985 rows=550320 loops=1)
        Buckets: 131072  Batches: 16  Memory Usage: 2358kB
        ->  Hash Join  (cost=102767.86..191504.20 rows=869871 width=8) (actual time=2206.312..4156.536 rows=550320 loops=1)
              Hash Cond: (mc.movie_id = t.id)
              ->  Seq Scan on movie_companies mc  (cost=0.00..57926.93 rows=869871 width=4) (actual time=41.189..1094.179 rows=550320 loops=1)
                    Filter: ((company_id < 20738) AND (company_type_id = 2))
                    Rows Removed by Filter: 2058809
              ->  Hash  (cost=61283.27..61283.27 rows=2528527 width=4) (actual time=2163.966..2163.966 rows=2528312 loops=1)
                    Buckets: 131072  Batches: 64  Memory Usage: 2415kB
                    ->  Seq Scan on title t  (cost=0.00..61283.27 rows=2528527 width=4) (actual time=0.020..1312.250 rows=2528312 loops=1)
Planning time: 1.164 ms
Execution time: 22199.921 ms
