Hash Join  (cost=997126.91..1630557.14 rows=12670840 width=0) (actual time=21117.660..58336.964 rows=83978697 loops=1)
  Hash Cond: (mi.movie_id = t.id)
  ->  Seq Scan on movie_info mi  (cost=0.00..309384.22 rows=14739122 width=4) (actual time=0.019..5623.886 rows=14835720 loops=1)
  ->  Hash  (cost=961463.54..961463.54 rows=2173709 width=8) (actual time=21116.269..21116.269 rows=4742794 loops=1)
        Buckets: 131072 (originally 131072)  Batches: 64 (originally 32)  Memory Usage: 3984kB
        ->  Hash Join  (cost=101489.21..961463.54 rows=2173709 width=8) (actual time=1929.552..19683.778 rows=4742794 loops=1)
              Hash Cond: (ci.movie_id = t.id)
              ->  Seq Scan on cast_info ci  (cost=0.00..796071.18 rows=2661212 width=4) (actual time=0.025..11936.982 rows=6004611 loops=1)
                    Filter: ((person_id > 3046630) AND (role_id > 2))
                    Rows Removed by Filter: 30239733
              ->  Hash  (cost=67604.59..67604.59 rows=2065330 width=4) (actual time=1928.680..1928.680 rows=2064552 loops=1)
                    Buckets: 131072  Batches: 32  Memory Usage: 3289kB
                    ->  Seq Scan on title t  (cost=0.00..67604.59 rows=2065330 width=4) (actual time=0.028..1264.213 rows=2064552 loops=1)
                          Filter: (production_year < 2011)
                          Rows Removed by Filter: 463760
Planning time: 1.185 ms
Execution time: 67392.151 ms
