Hash Join  (cost=175828.45..566883.30 rows=706910 width=0) (actual time=7489.349..11139.432 rows=377583 loops=1)
  Hash Cond: (mi.movie_id = t.id)
  ->  Seq Scan on movie_info mi  (cost=0.00..346232.03 rows=3068194 width=4) (actual time=3772.584..5700.013 rows=3036719 loops=1)
        Filter: (info_type_id = 16)
        Rows Removed by Filter: 11799001
  ->  Hash  (cost=166270.31..166270.31 rows=582571 width=8) (actual time=3715.698..3715.698 rows=330914 loops=1)
        Buckets: 131072  Batches: 8  Memory Usage: 2640kB
        ->  Hash Join  (cost=83189.08..166270.31 rows=582571 width=8) (actual time=1829.368..3621.202 rows=330914 loops=1)
              Hash Cond: (mc.movie_id = t.id)
              ->  Seq Scan on movie_companies mc  (cost=0.00..44881.29 rows=2609129 width=4) (actual time=0.025..961.962 rows=2609129 loops=1)
              ->  Hash  (cost=73925.90..73925.90 rows=564574 width=4) (actual time=1318.439..1318.439 rows=454234 loops=1)
                    Buckets: 131072  Batches: 8  Memory Usage: 3004kB
                    ->  Seq Scan on title t  (cost=0.00..73925.90 rows=564574 width=4) (actual time=250.797..1177.351 rows=454234 loops=1)
                          Filter: ((production_year < 1998) AND (kind_id = 7))
                          Rows Removed by Filter: 2074078
Planning time: 1.265 ms
Execution time: 11185.524 ms
