Hash Join  (cost=919305.51..1347272.85 rows=836064 width=0) (actual time=17463.009..27275.392 rows=1775880 loops=1)
  Hash Cond: (mi.movie_id = t.id)
  ->  Seq Scan on movie_info mi  (cost=0.00..346232.03 rows=6231111 width=4) (actual time=0.022..6270.371 rows=6223494 loops=1)
        Filter: (info_type_id > 8)
        Rows Removed by Filter: 8612226
  ->  Hash  (cost=913738.68..913738.68 rows=339267 width=8) (actual time=17462.053..17462.053 rows=149879 loops=1)
        Buckets: 131072  Batches: 8  Memory Usage: 1765kB
        ->  Hash Join  (cost=78641.77..913738.68 rows=339267 width=8) (actual time=5344.758..17413.416 rows=149879 loops=1)
              Hash Cond: (ci.movie_id = t.id)
              ->  Seq Scan on cast_info ci  (cost=0.00..796071.18 rows=2984549 width=4) (actual time=4022.004..14983.262 rows=2185390 loops=1)
                    Filter: ((person_id < 2781340) AND (role_id = 3))
                    Rows Removed by Filter: 34058954
              ->  Hash  (cost=73925.90..73925.90 rows=287429 width=4) (actual time=1321.698..1321.698 rows=401493 loops=1)
                    Buckets: 131072 (originally 131072)  Batches: 8 (originally 4)  Memory Usage: 3073kB
                    ->  Seq Scan on title t  (cost=0.00..73925.90 rows=287429 width=4) (actual time=1.136..1190.114 rows=401493 loops=1)
                          Filter: ((kind_id < 7) AND (production_year < 1992))
                          Rows Removed by Filter: 2126819
Planning time: 1.196 ms
Execution time: 27447.185 ms
