Seq Scan on cast_info ci  (cost=0.00..705507.15 rows=500 width=0) (actual time=1623.914..11073.529 rows=82 loops=1)
  Filter: (person_id = 1148099)
  Rows Removed by Filter: 36244262
Planning time: 0.371 ms
Execution time: 11073.652 ms
