Hash Join  (cost=130197.59..867900.29 rows=4984 width=0) (actual time=2263.615..17363.527 rows=4049 loops=1)
  Hash Cond: (ci.movie_id = t.id)
  ->  Seq Scan on cast_info ci  (cost=0.00..705507.15 rows=8572187 width=4) (actual time=34.244..13855.426 rows=8486314 loops=1)
        Filter: (role_id > 5)
        Rows Removed by Filter: 27758030
  ->  Hash  (cost=130179.22..130179.22 rows=1470 width=8) (actual time=2217.780..2217.780 rows=2944 loops=1)
        Buckets: 4096 (originally 2048)  Batches: 1 (originally 1)  Memory Usage: 147kB
        ->  Hash Join  (cost=73962.22..130179.22 rows=1470 width=8) (actual time=1170.901..2216.304 rows=2944 loops=1)
              Hash Cond: (mc.movie_id = t.id)
              ->  Seq Scan on movie_companies mc  (cost=0.00..51404.11 rows=1279517 width=4) (actual time=0.026..924.694 rows=1274246 loops=1)
                    Filter: (company_type_id < 2)
                    Rows Removed by Filter: 1334883
              ->  Hash  (cost=73925.90..73925.90 rows=2905 width=4) (actual time=1081.102..1081.102 rows=3627 loops=1)
                    Buckets: 4096  Batches: 1  Memory Usage: 160kB
                    ->  Seq Scan on title t  (cost=0.00..73925.90 rows=2905 width=4) (actual time=448.612..1079.416 rows=3627 loops=1)
                          Filter: ((kind_id < 7) AND (production_year = 1921))
                          Rows Removed by Filter: 2524685
Planning time: 0.764 ms
Execution time: 17364.453 ms
