Hash Join  (cost=104943.62..652937.17 rows=7958301 width=0) (actual time=2218.843..15567.800 rows=7655268 loops=1)
  Hash Cond: (mi.movie_id = t.id)
  ->  Seq Scan on movie_info mi  (cost=0.00..346232.03 rows=8841901 width=4) (actual time=0.016..6834.908 rows=8950757 loops=1)
        Filter: (info_type_id > 6)
        Rows Removed by Filter: 5884963
  ->  Hash  (cost=67604.59..67604.59 rows=2275843 width=4) (actual time=2217.606..2217.606 rows=2268428 loops=1)
        Buckets: 131072  Batches: 32  Memory Usage: 3529kB
        ->  Seq Scan on title t  (cost=0.00..67604.59 rows=2275843 width=4) (actual time=0.017..1465.778 rows=2268428 loops=1)
              Filter: (production_year > 1953)
              Rows Removed by Filter: 259884
Planning time: 0.780 ms
Execution time: 16323.229 ms
