Hash Join  (cost=73962.22..136087.93 rows=1282 width=0) (actual time=1220.008..2492.481 rows=7174 loops=1)
  Hash Cond: (mc.movie_id = t.id)
  ->  Seq Scan on movie_companies mc  (cost=0.00..57926.93 rows=1116256 width=4) (actual time=0.014..1084.451 rows=1014345 loops=1)
        Filter: ((company_id > 160) AND (company_type_id < 2))
        Rows Removed by Filter: 1594784
  ->  Hash  (cost=73925.90..73925.90 rows=2905 width=4) (actual time=1219.913..1219.913 rows=7777 loops=1)
        Buckets: 8192 (originally 4096)  Batches: 1 (originally 1)  Memory Usage: 338kB
        ->  Seq Scan on title t  (cost=0.00..73925.90 rows=2905 width=4) (actual time=0.638..1216.221 rows=7777 loops=1)
              Filter: ((kind_id < 7) AND (production_year = 1985))
              Rows Removed by Filter: 2520535
Planning time: 0.764 ms
Execution time: 2493.892 ms
