Hash Join  (cost=141613.48..1192683.38 rows=1680773 width=0) (actual time=2775.612..28633.783 rows=2821777 loops=1)
  Hash Cond: (ci.movie_id = t.id)
  ->  Seq Scan on cast_info ci  (cost=0.00..614943.12 rows=36225612 width=4) (actual time=0.020..12804.394 rows=36244344 loops=1)
  ->  Hash  (cost=139688.02..139688.02 rows=117317 width=8) (actual time=2774.796..2774.796 rows=63157 loops=1)
        Buckets: 131072  Batches: 2  Memory Usage: 2266kB
        ->  Hash Join  (cost=71408.55..139688.02 rows=117317 width=8) (actual time=1229.052..2753.981 rows=63157 loops=1)
              Hash Cond: (mc.movie_id = t.id)
              ->  Seq Scan on movie_companies mc  (cost=0.00..51404.11 rows=1279517 width=4) (actual time=100.302..1064.979 rows=1274246 loops=1)
                    Filter: (company_type_id = 1)
                    Rows Removed by Filter: 1334883
              ->  Hash  (cost=67604.59..67604.59 rows=231837 width=4) (actual time=1127.852..1127.852 rows=231649 loops=1)
                    Buckets: 131072  Batches: 4  Memory Usage: 3076kB
                    ->  Seq Scan on title t  (cost=0.00..67604.59 rows=231837 width=4) (actual time=0.031..1050.375 rows=231649 loops=1)
                          Filter: (production_year > 2011)
                          Rows Removed by Filter: 2296663
Planning time: 0.744 ms
Execution time: 28970.872 ms
