Seq Scan on movie_companies mc  (cost=0.00..57926.93 rows=447864 width=0) (actual time=158.684..1024.266 rows=646788 loops=1)
  Filter: ((company_id < 3075) AND (company_type_id < 2))
  Rows Removed by Filter: 1962341
Planning time: 0.371 ms
Execution time: 1105.826 ms
