Hash Join  (cost=102767.86..264405.65 rows=2940472 width=0) (actual time=2318.389..6545.651 rows=2929413 loops=1)
  Hash Cond: (mk.movie_id = t.id)
  ->  Seq Scan on movie_keyword mk  (cost=0.00..81003.12 rows=2940472 width=4) (actual time=0.021..1743.131 rows=2929413 loops=1)
        Filter: (keyword_id > 2440)
        Rows Removed by Filter: 1594517
  ->  Hash  (cost=61283.27..61283.27 rows=2528527 width=4) (actual time=2317.168..2317.168 rows=2528312 loops=1)
        Buckets: 131072  Batches: 64  Memory Usage: 2425kB
        ->  Seq Scan on title t  (cost=0.00..61283.27 rows=2528527 width=4) (actual time=0.022..1176.951 rows=2528312 loops=1)
Planning time: 0.853 ms
Execution time: 6874.362 ms
