Hash Join  (cost=155540.25..229555.96 rows=415255 width=0) (actual time=3680.316..5828.266 rows=1160739 loops=1)
  Hash Cond: (mc.movie_id = t.id)
  ->  Seq Scan on movie_companies mc  (cost=0.00..51404.11 rows=1329612 width=4) (actual time=0.019..917.184 rows=1334883 loops=1)
        Filter: (company_type_id = 2)
        Rows Removed by Filter: 1274246
  ->  Hash  (cost=142584.10..142584.10 rows=789692 width=8) (actual time=3678.831..3678.831 rows=949108 loops=1)
        Buckets: 131072  Batches: 16  Memory Usage: 3351kB
        ->  Hash Join  (cost=91342.70..142584.10 rows=789692 width=8) (actual time=1842.603..3408.364 rows=949108 loops=1)
              Hash Cond: (mi_idx.movie_id = t.id)
              ->  Seq Scan on movie_info_idx mi_idx  (cost=0.00..21735.35 rows=1380035 width=4) (actual time=0.018..417.529 rows=1380035 loops=1)
              ->  Hash  (cost=67604.59..67604.59 rows=1446889 width=4) (actual time=1841.404..1841.404 rows=1443298 loops=1)
                    Buckets: 131072  Batches: 32  Memory Usage: 2608kB
                    ->  Seq Scan on title t  (cost=0.00..67604.59 rows=1446889 width=4) (actual time=0.010..1376.521 rows=1443298 loops=1)
                          Filter: (production_year < 2006)
                          Rows Removed by Filter: 1085014
Planning time: 1.130 ms
Execution time: 5960.829 ms
