Hash Join  (cost=83073.13..447730.10 rows=107 width=0) (actual time=1402.856..8544.898 rows=28573 loops=1)
  Hash Cond: (mi.movie_id = t.id)
  ->  Seq Scan on movie_info mi  (cost=0.00..309384.22 rows=14739122 width=4) (actual time=0.010..4298.516 rows=14835720 loops=1)
  ->  Hash  (cost=83072.90..83072.90 rows=18 width=8) (actual time=1402.074..1402.074 rows=530 loops=1)
        Buckets: 1024  Batches: 1  Memory Usage: 29kB
        ->  Nested Loop  (cost=0.43..83072.90 rows=18 width=8) (actual time=3.153..1401.614 rows=530 loops=1)
              ->  Seq Scan on movie_keyword mk  (cost=0.00..81003.12 rows=246 width=4) (actual time=0.059..1314.127 rows=1426 loops=1)
                    Filter: (keyword_id = 520)
                    Rows Removed by Filter: 4522504
              ->  Index Scan using title_pkey on title t  (cost=0.43..8.40 rows=1 width=4) (actual time=0.060..0.060 rows=0 loops=1426)
                    Index Cond: (id = mk.movie_id)
                    Filter: ((production_year < 1991) AND (kind_id = 1))
                    Rows Removed by Filter: 1
Planning time: 0.786 ms
Execution time: 8549.877 ms
