Hash Join  (cost=173528.05..677586.64 rows=2272867 width=0) (actual time=4093.692..27264.782 rows=44710901 loops=1)
  Hash Cond: (mi.movie_id = t.id)
  ->  Seq Scan on movie_info mi  (cost=0.00..309384.22 rows=14739122 width=4) (actual time=0.012..6337.430 rows=14835720 loops=1)
  ->  Hash  (cost=167130.11..167130.11 rows=389915 width=8) (actual time=4092.330..4092.330 rows=955045 loops=1)
        Buckets: 131072 (originally 131072)  Batches: 16 (originally 8)  Memory Usage: 3427kB
        ->  Hash Join  (cost=89678.24..167130.11 rows=389915 width=8) (actual time=1523.200..3786.418 rows=955045 loops=1)
              Hash Cond: (mc.movie_id = t.id)
              ->  Seq Scan on movie_companies mc  (cost=0.00..57926.93 rows=1026875 width=4) (actual time=0.015..1141.312 rows=1274246 loops=1)
                    Filter: ((company_id < 73302) AND (company_type_id < 2))
                    Rows Removed by Filter: 1334883
              ->  Hash  (cost=73925.90..73925.90 rows=960107 width=4) (actual time=1522.362..1522.362 rows=977778 loops=1)
                    Buckets: 131072  Batches: 16  Memory Usage: 3172kB
                    ->  Seq Scan on title t  (cost=0.00..73925.90 rows=960107 width=4) (actual time=0.013..1224.003 rows=977778 loops=1)
                          Filter: ((kind_id < 7) AND (production_year > 0))
                          Rows Removed by Filter: 1550534
Planning time: 1.207 ms
Execution time: 32091.659 ms
