Seq Scan on cast_info ci  (cost=0.00..796071.18 rows=2761343 width=0) (actual time=5890.979..12905.128 rows=3257042 loops=1)
  Filter: ((person_id > 2280900) AND (role_id = 2))
  Rows Removed by Filter: 32987302
Planning time: 0.435 ms
Execution time: 13243.335 ms
