Hash Join  (cost=93117.31..175463.91 rows=594955 width=0) (actual time=1874.015..4019.230 rows=612351 loops=1)
  Hash Cond: (mc.movie_id = t.id)
  ->  Seq Scan on movie_companies mc  (cost=0.00..57926.93 rows=967423 width=4) (actual time=0.005..1028.891 rows=820420 loops=1)
        Filter: ((company_id > 834) AND (company_type_id < 2))
        Rows Removed by Filter: 1788709
  ->  Hash  (cost=67604.59..67604.59 rows=1555018 width=4) (actual time=1871.783..1871.783 rows=1551727 loops=1)
        Buckets: 131072  Batches: 32  Memory Usage: 2728kB
        ->  Seq Scan on title t  (cost=0.00..67604.59 rows=1555018 width=4) (actual time=0.015..1362.155 rows=1551727 loops=1)
              Filter: (production_year < 2007)
              Rows Removed by Filter: 976585
Planning time: 0.483 ms
Execution time: 4093.448 ms
