Nested Loop  (cost=0.43..83072.90 rows=59 width=0) (actual time=14.518..1310.864 rows=388 loops=1)
  ->  Seq Scan on movie_keyword mk  (cost=0.00..81003.12 rows=246 width=4) (actual time=2.193..1294.363 rows=643 loops=1)
        Filter: (keyword_id = 2791)
        Rows Removed by Filter: 4523287
  ->  Index Scan using title_pkey on title t  (cost=0.43..8.40 rows=1 width=4) (actual time=0.024..0.024 rows=1 loops=643)
        Index Cond: (id = mk.movie_id)
        Filter: ((kind_id < 7) AND (production_year < 2007))
        Rows Removed by Filter: 0
Planning time: 0.758 ms
Execution time: 1311.160 ms
