Hash Join  (cost=505750.53..652609.86 rows=1740213 width=0) (actual time=9746.433..23249.710 rows=47588072 loops=1)
  Hash Cond: (mk.movie_id = t.id)
  ->  Seq Scan on movie_keyword mk  (cost=0.00..81003.12 rows=3799220 width=4) (actual time=0.024..1854.663 rows=3793670 loops=1)
        Filter: (keyword_id < 25711)
        Rows Removed by Filter: 730260
  ->  Hash  (cost=486748.29..486748.29 rows=1158179 width=8) (actual time=9745.254..9745.254 rows=1204709 loops=1)
        Buckets: 131072  Batches: 16  Memory Usage: 3952kB
        ->  Hash Join  (cost=102767.86..486748.29 rows=1158179 width=8) (actual time=7003.984..9386.502 rows=1204709 loops=1)
              Hash Cond: (mi.movie_id = t.id)
              ->  Seq Scan on movie_info mi  (cost=0.00..346232.03 rows=1158179 width=4) (actual time=4415.072..5380.959 rows=1204709 loops=1)
                    Filter: (info_type_id > 18)
                    Rows Removed by Filter: 13631011
              ->  Hash  (cost=61283.27..61283.27 rows=2528527 width=4) (actual time=2587.037..2587.037 rows=2528312 loops=1)
                    Buckets: 131072  Batches: 64  Memory Usage: 2425kB
                    ->  Seq Scan on title t  (cost=0.00..61283.27 rows=2528527 width=4) (actual time=0.028..1090.778 rows=2528312 loops=1)
Planning time: 1.279 ms
Execution time: 28006.270 ms
