Hash Join  (cost=110215.89..223154.48 rows=81462 width=0) (actual time=2048.344..4519.637 rows=236200 loops=1)
  Hash Cond: (mk.movie_id = t.id)
  ->  Seq Scan on movie_keyword mk  (cost=0.00..81003.12 rows=2665293 width=4) (actual time=0.009..1612.081 rows=2654186 loops=1)
        Filter: (keyword_id > 3154)
        Rows Removed by Filter: 1869744
  ->  Hash  (cost=108947.86..108947.86 rows=77282 width=8) (actual time=2046.984..2046.984 rows=60683 loops=1)
        Buckets: 131072  Batches: 2  Memory Usage: 2214kB
        ->  Hash Join  (cost=69928.56..108947.86 rows=77282 width=8) (actual time=1019.349..2024.179 rows=60683 loops=1)
              Hash Cond: (mi_idx.movie_id = t.id)
              ->  Seq Scan on movie_info_idx mi_idx  (cost=0.00..21735.35 rows=1380035 width=4) (actual time=0.016..506.079 rows=1380035 loops=1)
              ->  Hash  (cost=67604.59..67604.59 rows=141598 width=4) (actual time=1018.495..1018.495 rows=141703 loops=1)
                    Buckets: 131072  Batches: 2  Memory Usage: 3511kB
                    ->  Seq Scan on title t  (cost=0.00..67604.59 rows=141598 width=4) (actual time=0.022..967.119 rows=141703 loops=1)
                          Filter: (production_year = 2010)
                          Rows Removed by Filter: 2386609
Planning time: 1.118 ms
Execution time: 4550.367 ms
