Hash Join  (cost=102767.86..1056709.71 rows=6150318 width=0) (actual time=7648.638..20329.069 rows=3027847 loops=1)
  Hash Cond: (ci.movie_id = t.id)
  ->  Seq Scan on cast_info ci  (cost=0.00..796071.18 rows=6150318 width=4) (actual time=5774.352..15041.267 rows=3027847 loops=1)
        Filter: ((person_id < 2895644) AND (role_id > 6))
        Rows Removed by Filter: 33216497
  ->  Hash  (cost=61283.27..61283.27 rows=2528527 width=4) (actual time=1873.134..1873.134 rows=2528312 loops=1)
        Buckets: 131072  Batches: 64  Memory Usage: 2415kB
        ->  Seq Scan on title t  (cost=0.00..61283.27 rows=2528527 width=4) (actual time=0.026..1035.635 rows=2528312 loops=1)
Planning time: 0.774 ms
Execution time: 20668.143 ms
