Hash Join  (cost=136662.72..1114666.15 rows=3903914 width=0) (actual time=3371.823..29575.036 rows=5546098 loops=1)
  Hash Cond: (ci.movie_id = t.id)
  ->  Seq Scan on cast_info ci  (cost=0.00..705507.15 rows=20024311 width=4) (actual time=0.018..15040.177 rows=20122661 loops=1)
        Filter: (role_id < 3)
        Rows Removed by Filter: 16121683
  ->  Hash  (cost=128574.75..128574.75 rows=492958 width=8) (actual time=3371.124..3371.124 rows=369173 loops=1)
        Buckets: 131072  Batches: 8  Memory Usage: 2811kB
        ->  Hash Join  (cost=82423.69..128574.75 rows=492958 width=8) (actual time=1967.222..3267.305 rows=369173 loops=1)
              Hash Cond: (mi_idx.movie_id = t.id)
              ->  Seq Scan on movie_info_idx mi_idx  (cost=0.00..21735.35 rows=1380035 width=4) (actual time=0.008..425.635 rows=1380035 loops=1)
              ->  Hash  (cost=67604.59..67604.59 rows=903208 width=4) (actual time=1966.246..1966.246 rows=904491 loops=1)
                    Buckets: 131072  Batches: 16  Memory Usage: 3010kB
                    ->  Seq Scan on title t  (cost=0.00..67604.59 rows=903208 width=4) (actual time=0.010..1235.648 rows=904491 loops=1)
                          Filter: (production_year > 2006)
                          Rows Removed by Filter: 1623821
Planning time: 0.743 ms
Execution time: 30199.761 ms
