Hash Join  (cost=92883.59..254126.86 rows=2756732 width=0) (actual time=2055.151..5773.516 rows=645461 loops=1)
  Hash Cond: (mk.movie_id = t.id)
  ->  Seq Scan on movie_keyword mk  (cost=0.00..69693.30 rows=4523930 width=4) (actual time=0.018..1517.417 rows=4523930 loops=1)
  ->  Hash  (cost=67604.59..67604.59 rows=1540800 width=4) (actual time=1797.254..1797.254 rows=1543264 loops=1)
        Buckets: 131072  Batches: 32  Memory Usage: 2728kB
        ->  Seq Scan on title t  (cost=0.00..67604.59 rows=1540800 width=4) (actual time=0.007..1289.773 rows=1543264 loops=1)
              Filter: (kind_id > 6)
              Rows Removed by Filter: 985048
Planning time: 0.695 ms
Execution time: 5848.261 ms
