Hash Join  (cost=83810.17..185552.73 rows=426251 width=0) (actual time=1388.033..3659.349 rows=960510 loops=1)
  Hash Cond: (mk.movie_id = t.id)
  ->  Seq Scan on movie_keyword mk  (cost=0.00..81003.12 rows=1091179 width=4) (actual time=0.014..1383.794 rows=1095242 loops=1)
        Filter: (keyword_id < 1120)
        Rows Removed by Filter: 3428688
  ->  Hash  (cost=67604.59..67604.59 rows=987727 width=4) (actual time=1387.006..1387.006 rows=985048 loops=1)
        Buckets: 131072  Batches: 16  Memory Usage: 3197kB
        ->  Seq Scan on title t  (cost=0.00..67604.59 rows=987727 width=4) (actual time=0.031..1075.111 rows=985048 loops=1)
              Filter: (kind_id < 7)
              Rows Removed by Filter: 1543264
Planning time: 0.686 ms
Execution time: 3758.433 ms
