Seq Scan on movie_keyword mk  (cost=0.00..81003.12 rows=1569941 width=0) (actual time=0.018..1353.040 rows=1587272 loops=1)
  Filter: (keyword_id > 9790)
  Rows Removed by Filter: 2936658
Planning time: 0.321 ms
Execution time: 1552.426 ms
