Seq Scan on cast_info ci  (cost=0.00..796071.18 rows=101 width=0) (actual time=3402.498..11442.666 rows=530 loops=1)
  Filter: ((person_id = 2534525) AND (role_id = 2))
  Rows Removed by Filter: 36243814
Planning time: 0.417 ms
Execution time: 11442.843 ms
