Seq Scan on movie_companies mc  (cost=0.00..57926.93 rows=51 width=0) (actual time=0.334..876.434 rows=614 loops=1)
  Filter: ((company_id = 11369) AND (company_type_id = 1))
  Rows Removed by Filter: 2608515
Planning time: 0.417 ms
Execution time: 876.708 ms
