Hash Join  (cost=190230.21..332029.38 rows=1776620 width=0) (actual time=4057.674..9551.254 rows=7570087 loops=1)
  Hash Cond: (mk.movie_id = t.id)
  ->  Seq Scan on movie_keyword mk  (cost=0.00..81003.12 rows=3255158 width=4) (actual time=0.019..1841.293 rows=3246171 loops=1)
        Filter: (keyword_id < 13886)
        Rows Removed by Filter: 1277759
  ->  Hash  (cost=167588.78..167588.78 rows=1380035 width=8) (actual time=4056.694..4056.694 rows=1380035 loops=1)
        Buckets: 131072  Batches: 32  Memory Usage: 2726kB
        ->  Hash Join  (cost=102767.86..167588.78 rows=1380035 width=8) (actual time=1942.630..3725.248 rows=1380035 loops=1)
              Hash Cond: (mi_idx.movie_id = t.id)
              ->  Seq Scan on movie_info_idx mi_idx  (cost=0.00..21735.35 rows=1380035 width=4) (actual time=0.013..483.726 rows=1380035 loops=1)
              ->  Hash  (cost=61283.27..61283.27 rows=2528527 width=4) (actual time=1940.628..1940.628 rows=2528312 loops=1)
                    Buckets: 131072  Batches: 64  Memory Usage: 2415kB
                    ->  Seq Scan on title t  (cost=0.00..61283.27 rows=2528527 width=4) (actual time=0.024..1116.794 rows=2528312 loops=1)
Planning time: 1.165 ms
Execution time: 10434.716 ms
