Hash Join  (cost=156649.15..1057890.40 rows=2660672 width=0) (actual time=3315.426..25418.201 rows=5416430 loops=1)
  Hash Cond: (ci.movie_id = t.id)
  ->  Seq Scan on cast_info ci  (cost=0.00..705507.15 rows=14469968 width=4) (actual time=0.025..13498.902 rows=14624130 loops=1)
        Filter: (person_id > 2194296)
        Rows Removed by Filter: 21620214
  ->  Hash  (cost=149020.47..149020.47 rows=464934 width=8) (actual time=3314.639..3314.639 rows=460185 loops=1)
        Buckets: 131072  Batches: 8  Memory Usage: 3276kB
        ->  Hash Join  (cost=102767.86..149020.47 rows=464934 width=8) (actual time=1847.959..3168.931 rows=460185 loops=1)
              Hash Cond: (mi_idx.movie_id = t.id)
              ->  Seq Scan on movie_info_idx mi_idx  (cost=0.00..25185.44 rows=464934 width=4) (actual time=0.011..474.416 rows=460185 loops=1)
                    Filter: (info_type_id > 100)
                    Rows Removed by Filter: 919850
              ->  Hash  (cost=61283.27..61283.27 rows=2528527 width=4) (actual time=1846.603..1846.603 rows=2528312 loops=1)
                    Buckets: 131072  Batches: 64  Memory Usage: 2415kB
                    ->  Seq Scan on title t  (cost=0.00..61283.27 rows=2528527 width=4) (actual time=0.009..1009.731 rows=2528312 loops=1)
Planning time: 2.195 ms
Execution time: 26053.423 ms
