Seq Scan on movie_companies mc  (cost=0.00..57926.93 rows=379410 width=0) (actual time=201.238..921.199 rows=63820 loops=1)
  Filter: ((company_id > 32794) AND (company_type_id < 2))
  Rows Removed by Filter: 2545309
Planning time: 0.758 ms
Execution time: 929.637 ms
