Hash Join  (cost=101739.01..193936.95 rows=11420 width=0) (actual time=2793.657..3595.458 rows=55808 loops=1)
  Hash Cond: (mk.movie_id = t.id)
  ->  Seq Scan on movie_keyword mk  (cost=0.00..81003.12 rows=2954828 width=4) (actual time=0.021..1493.198 rows=2937265 loops=1)
        Filter: (keyword_id < 9801)
        Rows Removed by Filter: 1586665
  ->  Hash  (cost=101616.87..101616.87 rows=9772 width=8) (actual time=1631.600..1631.600 rows=22793 loops=1)
        Buckets: 32768 (originally 16384)  Batches: 1 (originally 1)  Memory Usage: 1147kB
        ->  Hash Join  (cost=74590.21..101616.87 rows=9772 width=8) (actual time=1088.410..1623.278 rows=22793 loops=1)
              Hash Cond: (mi_idx.movie_id = t.id)
              ->  Seq Scan on movie_info_idx mi_idx  (cost=0.00..25185.44 rows=464934 width=4) (actual time=0.019..367.617 rows=460185 loops=1)
                    Filter: (info_type_id > 100)
                    Rows Removed by Filter: 919850
              ->  Hash  (cost=73925.90..73925.90 rows=53144 width=4) (actual time=1087.814..1087.814 rows=53797 loops=1)
                    Buckets: 65536  Batches: 1  Memory Usage: 2404kB
                    ->  Seq Scan on title t  (cost=0.00..73925.90 rows=53144 width=4) (actual time=194.466..1066.818 rows=53797 loops=1)
                          Filter: ((production_year > 1998) AND (kind_id = 2))
                          Rows Removed by Filter: 2474515
Planning time: 1.177 ms
Execution time: 3602.400 ms
