Hash Join  (cost=76095.04..838565.74 rows=244146 width=0) (actual time=3146.577..16726.321 rows=118126 loops=1)
  Hash Cond: (ci.movie_id = t.id)
  ->  Seq Scan on cast_info ci  (cost=0.00..705507.15 rows=4670689 width=4) (actual time=1871.846..13257.579 rows=4639136 loops=1)
        Filter: (role_id > 9)
        Rows Removed by Filter: 31605208
  ->  Hash  (cost=73925.90..73925.90 rows=132171 width=4) (actual time=1273.625..1273.625 rows=265354 loops=1)
        Buckets: 131072 (originally 131072)  Batches: 4 (originally 2)  Memory Usage: 3357kB
        ->  Seq Scan on title t  (cost=0.00..73925.90 rows=132171 width=4) (actual time=562.807..1180.422 rows=265354 loops=1)
              Filter: ((production_year < 1979) AND (kind_id = 1))
              Rows Removed by Filter: 2262958
Planning time: 0.594 ms
Execution time: 16741.744 ms
