Hash Join  (cost=205582.41..675614.67 rows=1921781 width=0) (actual time=4008.685..14941.181 rows=1537800 loops=1)
  Hash Cond: (mi.movie_id = t.id)
  ->  Seq Scan on movie_info mi  (cost=0.00..346232.03 rows=8859586 width=4) (actual time=0.024..6510.695 rows=8966694 loops=1)
        Filter: (info_type_id < 15)
        Rows Removed by Filter: 5869026
  ->  Hash  (cost=196583.46..196583.46 rows=548476 width=8) (actual time=4007.690..4007.690 rows=248703 loops=1)
        Buckets: 131072  Batches: 8  Memory Usage: 2215kB
        ->  Hash Join  (cost=87619.09..196583.46 rows=548476 width=8) (actual time=1576.218..3944.735 rows=248703 loops=1)
              Hash Cond: (mk.movie_id = t.id)
              ->  Seq Scan on movie_keyword mk  (cost=0.00..81003.12 rows=1661729 width=4) (actual time=0.020..1542.837 rows=1667627 loops=1)
                    Filter: (keyword_id > 8717)
                    Rows Removed by Filter: 2856303
              ->  Hash  (cost=73925.90..73925.90 rows=834575 width=4) (actual time=1572.588..1572.588 rows=736354 loops=1)
                    Buckets: 131072  Batches: 16  Memory Usage: 2648kB
                    ->  Seq Scan on title t  (cost=0.00..73925.90 rows=834575 width=4) (actual time=0.022..1331.724 rows=736354 loops=1)
                          Filter: ((kind_id > 3) AND (production_year < 2004))
                          Rows Removed by Filter: 1791958
Planning time: 1.213 ms
Execution time: 15128.975 ms
