Hash Join  (cost=449294.51..1394878.62 rows=1138471 width=0) (actual time=16266.456..31512.856 rows=5627135 loops=1)
  Hash Cond: (ci.movie_id = t.id)
  ->  Seq Scan on cast_info ci  (cost=0.00..796071.18 rows=7672224 width=4) (actual time=5867.602..16287.197 rows=8045968 loops=1)
        Filter: ((person_id > 352756) AND (role_id > 5))
        Rows Removed by Filter: 28198376
  ->  Hash  (cost=443138.46..443138.46 rows=375204 width=8) (actual time=10397.701..10397.701 rows=511682 loops=1)
        Buckets: 131072  Batches: 8  Memory Usage: 3479kB
        ->  Hash Join  (cost=74730.49..443138.46 rows=375204 width=8) (actual time=1153.549..10017.925 rows=511682 loops=1)
              Hash Cond: (mi.movie_id = t.id)
              ->  Seq Scan on movie_info mi  (cost=0.00..309384.22 rows=14739122 width=4) (actual time=0.028..4433.963 rows=14835720 loops=1)
              ->  Hash  (cost=73925.90..73925.90 rows=64367 width=4) (actual time=1153.159..1153.159 rows=53905 loops=1)
                    Buckets: 65536  Batches: 1  Memory Usage: 2408kB
                    ->  Seq Scan on title t  (cost=0.00..73925.90 rows=64367 width=4) (actual time=0.033..1131.823 rows=53905 loops=1)
                          Filter: ((kind_id < 7) AND (production_year = 2012))
                          Rows Removed by Filter: 2474407
Planning time: 1.725 ms
Execution time: 32090.754 ms
