Hash Join  (cost=221467.45..330584.10 rows=697757 width=0) (actual time=4846.168..7677.208 rows=2249338 loops=1)
  Hash Cond: (mk.movie_id = t.id)
  ->  Seq Scan on movie_keyword mk  (cost=0.00..81003.12 rows=1402922 width=4) (actual time=0.022..1405.460 rows=1421192 loops=1)
        Filter: (keyword_id < 1952)
        Rows Removed by Filter: 3102738
  ->  Hash  (cost=200834.60..200834.60 rows=1257588 width=8) (actual time=4845.356..4845.356 rows=1194546 loops=1)
        Buckets: 131072  Batches: 32  Memory Usage: 2487kB
        ->  Hash Join  (cost=102767.86..200834.60 rows=1257588 width=8) (actual time=1927.221..4506.222 rows=1194546 loops=1)
              Hash Cond: (mc.movie_id = t.id)
              ->  Seq Scan on movie_companies mc  (cost=0.00..57926.93 rows=1257588 width=4) (actual time=0.018..1133.530 rows=1194546 loops=1)
                    Filter: ((company_id < 136216) AND (company_type_id = 2))
                    Rows Removed by Filter: 1414583
              ->  Hash  (cost=61283.27..61283.27 rows=2528527 width=4) (actual time=1925.982..1925.982 rows=2528312 loops=1)
                    Buckets: 131072  Batches: 64  Memory Usage: 2415kB
                    ->  Seq Scan on title t  (cost=0.00..61283.27 rows=2528527 width=4) (actual time=0.091..1107.950 rows=2528312 loops=1)
Planning time: 2.511 ms
Execution time: 7939.907 ms
