Hash Join  (cost=83074.74..433651.07 rows=113 width=0) (actual time=2155.155..6892.980 rows=297 loops=1)
  Hash Cond: (mi.movie_id = t.id)
  ->  Seq Scan on movie_info mi  (cost=0.00..346232.03 rows=1158179 width=4) (actual time=916.042..5529.342 rows=1204709 loops=1)
        Filter: (info_type_id > 18)
        Rows Removed by Filter: 13631011
  ->  Hash  (cost=83071.67..83071.67 rows=246 width=8) (actual time=1183.417..1183.417 rows=47 loops=1)
        Buckets: 1024  Batches: 1  Memory Usage: 10kB
        ->  Nested Loop  (cost=0.43..83071.67 rows=246 width=8) (actual time=7.406..1183.303 rows=47 loops=1)
              ->  Seq Scan on movie_keyword mk  (cost=0.00..81003.12 rows=246 width=4) (actual time=7.313..1181.072 rows=47 loops=1)
                    Filter: (keyword_id = 26448)
                    Rows Removed by Filter: 4523883
              ->  Index Only Scan using title_pkey on title t  (cost=0.43..8.40 rows=1 width=4) (actual time=0.040..0.041 rows=1 loops=47)
                    Index Cond: (id = mk.movie_id)
                    Heap Fetches: 47
Planning time: 1.201 ms
Execution time: 6893.164 ms
