Hash Join  (cost=175027.18..1009173.98 rows=824756 width=0) (actual time=13633.685..20388.256 rows=1319781 loops=1)
  Hash Cond: (ci.movie_id = t.id)
  ->  Seq Scan on cast_info ci  (cost=0.00..796071.18 rows=2269083 width=4) (actual time=9756.375..15051.851 rows=1878275 loops=1)
        Filter: ((person_id < 3027226) AND (role_id = 4))
        Rows Removed by Filter: 34366069
  ->  Hash  (cost=159947.97..159947.97 rows=919057 width=8) (actual time=3876.125..3876.125 rows=920110 loops=1)
        Buckets: 131072  Batches: 16  Memory Usage: 3269kB
        ->  Hash Join  (cost=102767.86..159947.97 rows=919057 width=8) (actual time=1894.174..3604.438 rows=920110 loops=1)
              Hash Cond: (mi_idx.movie_id = t.id)
              ->  Seq Scan on movie_info_idx mi_idx  (cost=0.00..25185.44 rows=919057 width=4) (actual time=0.037..579.232 rows=920110 loops=1)
                    Filter: (info_type_id > 99)
                    Rows Removed by Filter: 459925
              ->  Hash  (cost=61283.27..61283.27 rows=2528527 width=4) (actual time=1892.929..1892.929 rows=2528312 loops=1)
                    Buckets: 131072  Batches: 64  Memory Usage: 2415kB
                    ->  Seq Scan on title t  (cost=0.00..61283.27 rows=2528527 width=4) (actual time=0.016..1034.240 rows=2528312 loops=1)
Planning time: 1.119 ms
Execution time: 20557.475 ms
