Hash Join  (cost=215833.08..365607.28 rows=1941351 width=0) (actual time=4928.735..14260.959 rows=23443939 loops=1)
  Hash Cond: (mk.movie_id = t.id)
  ->  Seq Scan on movie_keyword mk  (cost=0.00..81003.12 rows=3836416 width=4) (actual time=0.013..1715.934 rows=3838851 loops=1)
        Filter: (keyword_id > 562)
        Rows Removed by Filter: 685079
  ->  Hash  (cost=194840.12..194840.12 rows=1279517 width=8) (actual time=4926.192..4926.192 rows=1274246 loops=1)
        Buckets: 131072  Batches: 32  Memory Usage: 2633kB
        ->  Hash Join  (cost=102767.86..194840.12 rows=1279517 width=8) (actual time=2116.372..4528.837 rows=1274246 loops=1)
              Hash Cond: (mc.movie_id = t.id)
              ->  Seq Scan on movie_companies mc  (cost=0.00..51404.11 rows=1279517 width=4) (actual time=79.107..949.539 rows=1274246 loops=1)
                    Filter: (company_type_id = 1)
                    Rows Removed by Filter: 1334883
              ->  Hash  (cost=61283.27..61283.27 rows=2528527 width=4) (actual time=2036.053..2036.053 rows=2528312 loops=1)
                    Buckets: 131072  Batches: 64  Memory Usage: 2415kB
                    ->  Seq Scan on title t  (cost=0.00..61283.27 rows=2528527 width=4) (actual time=0.016..1037.777 rows=2528312 loops=1)
Planning time: 1.113 ms
Execution time: 17051.892 ms
