Hash Join  (cost=256337.17..1253776.21 rows=10060122 width=0) (actual time=7284.911..48061.401 rows=75912665 loops=1)
  Hash Cond: (ci.movie_id = t.id)
  ->  Seq Scan on cast_info ci  (cost=0.00..705507.15 rows=14394136 width=4) (actual time=0.025..13203.557 rows=14549937 loops=1)
        Filter: (person_id > 2203852)
        Rows Removed by Filter: 21694407
  ->  Hash  (cost=227343.19..227343.19 rows=1767198 width=8) (actual time=7282.946..7282.946 rows=3878469 loops=1)
        Buckets: 131072 (originally 131072)  Batches: 64 (originally 32)  Memory Usage: 3438kB
        ->  Hash Join  (cost=83810.17..227343.19 rows=1767198 width=8) (actual time=1410.423..6112.740 rows=3878469 loops=1)
              Hash Cond: (mk.movie_id = t.id)
              ->  Seq Scan on movie_keyword mk  (cost=0.00..69693.30 rows=4523930 width=4) (actual time=0.024..1457.943 rows=4523930 loops=1)
              ->  Hash  (cost=67604.59..67604.59 rows=987727 width=4) (actual time=1407.536..1407.536 rows=985048 loops=1)
                    Buckets: 131072  Batches: 16  Memory Usage: 3197kB
                    ->  Seq Scan on title t  (cost=0.00..67604.59 rows=987727 width=4) (actual time=0.030..1082.418 rows=985048 loops=1)
                          Filter: (kind_id < 7)
                          Rows Removed by Filter: 1543264
Planning time: 1.324 ms
Execution time: 56135.713 ms
