Seq Scan on cast_info ci  (cost=0.00..705507.15 rows=25899301 width=0) (actual time=0.131..13618.830 rows=25907929 loops=1)
  Filter: (person_id < 2677586)
  Rows Removed by Filter: 10336415
Planning time: 0.258 ms
Execution time: 16923.045 ms
