Hash Join  (cost=89649.84..629065.90 rows=5586613 width=0) (actual time=1682.982..15604.652 rows=2320579 loops=1)
  Hash Cond: (mi.movie_id = t.id)
  ->  Seq Scan on movie_info mi  (cost=0.00..309384.22 rows=14739122 width=4) (actual time=0.023..6374.862 rows=14835720 loops=1)
  ->  Hash  (cost=73925.90..73925.90 rows=958395 width=4) (actual time=1632.177..1632.177 rows=1050192 loops=1)
        Buckets: 131072  Batches: 16  Memory Usage: 3346kB
        ->  Seq Scan on title t  (cost=0.00..73925.90 rows=958395 width=4) (actual time=0.045..1283.453 rows=1050192 loops=1)
              Filter: ((production_year > 1996) AND (kind_id = 7))
              Rows Removed by Filter: 1478120
Planning time: 0.752 ms
Execution time: 15845.238 ms
