Hash Join  (cost=78496.64..575627.98 rows=1623641 width=0) (actual time=1309.034..15503.713 rows=4398592 loops=1)
  Hash Cond: (mi.movie_id = t.id)
  ->  Seq Scan on movie_info mi  (cost=0.00..309384.22 rows=14739122 width=4) (actual time=0.022..6293.187 rows=14835720 loops=1)
  ->  Hash  (cost=73925.90..73925.90 rows=278539 width=4) (actual time=1307.576..1307.576 rows=392019 loops=1)
        Buckets: 131072 (originally 131072)  Batches: 8 (originally 4)  Memory Usage: 3073kB
        ->  Seq Scan on title t  (cost=0.00..73925.90 rows=278539 width=4) (actual time=0.029..1176.024 rows=392019 loops=1)
              Filter: ((kind_id < 7) AND (production_year < 1991))
              Rows Removed by Filter: 2136293
Planning time: 3.053 ms
Execution time: 16004.036 ms
