Seq Scan on cast_info ci  (cost=0.00..796071.18 rows=435 width=0) (actual time=2865.503..14329.482 rows=341 loops=1)
  Filter: ((role_id < 10) AND (person_id = 753871))
  Rows Removed by Filter: 36244003
Planning time: 0.391 ms
Execution time: 14329.663 ms
