Nested Loop  (cost=0.43..83072.29 rows=96 width=0) (actual time=18.046..1265.715 rows=210 loops=1)
  ->  Seq Scan on movie_keyword mk  (cost=0.00..81003.12 rows=246 width=4) (actual time=17.990..1245.803 rows=227 loops=1)
        Filter: (keyword_id = 15690)
        Rows Removed by Filter: 4523703
  ->  Index Scan using title_pkey on title t  (cost=0.43..8.40 rows=1 width=4) (actual time=0.084..0.085 rows=1 loops=227)
        Index Cond: (id = mk.movie_id)
        Filter: (kind_id < 7)
        Rows Removed by Filter: 0
Planning time: 0.729 ms
Execution time: 1265.969 ms
