Hash Join  (cost=183671.00..1328255.74 rows=10784057 width=0) (actual time=3923.629..37181.544 rows=8635545 loops=1)
  Hash Cond: (ci.movie_id = t.id)
  ->  Seq Scan on cast_info ci  (cost=0.00..614943.12 rows=36225612 width=4) (actual time=0.011..13498.968 rows=36244344 loops=1)
  ->  Hash  (cost=171320.99..171320.99 rows=752721 width=8) (actual time=3922.403..3922.403 rows=385774 loops=1)
        Buckets: 131072  Batches: 16  Memory Usage: 1958kB
        ->  Hash Join  (cost=85894.26..171320.99 rows=752721 width=8) (actual time=1508.742..3810.426 rows=385774 loops=1)
              Hash Cond: (mc.movie_id = t.id)
              ->  Seq Scan on movie_companies mc  (cost=0.00..44881.29 rows=2609129 width=4) (actual time=0.020..934.597 rows=2609129 loops=1)
              ->  Hash  (cost=73925.90..73925.90 rows=729468 width=4) (actual time=1507.504..1507.504 rows=638430 loops=1)
                    Buckets: 131072  Batches: 16  Memory Usage: 2425kB
                    ->  Seq Scan on title t  (cost=0.00..73925.90 rows=729468 width=4) (actual time=0.021..1299.896 rows=638430 loops=1)
                          Filter: ((production_year < 2003) AND (kind_id = 7))
                          Rows Removed by Filter: 1889882
Planning time: 1.171 ms
Execution time: 38147.036 ms
