Hash Join  (cost=101244.93..828785.13 rows=20713 width=0) (actual time=9132.650..15816.650 rows=56463 loops=1)
  Hash Cond: (ci.movie_id = t.id)
  ->  Seq Scan on cast_info ci  (cost=0.00..705507.15 rows=5820248 width=4) (actual time=7304.957..13052.254 rows=5732694 loops=1)
        Filter: (role_id > 8)
        Rows Removed by Filter: 30511650
  ->  Hash  (cost=101132.45..101132.45 rows=8998 width=8) (actual time=1823.857..1823.857 rows=6552 loops=1)
        Buckets: 16384  Batches: 1  Memory Usage: 384kB
        ->  Hash Join  (cost=74131.99..101132.45 rows=8998 width=8) (actual time=1265.781..1821.531 rows=6552 loops=1)
              Hash Cond: (mi_idx.movie_id = t.id)
              ->  Seq Scan on movie_info_idx mi_idx  (cost=0.00..21735.35 rows=1380035 width=4) (actual time=0.025..323.480 rows=1380035 loops=1)
              ->  Hash  (cost=73925.90..73925.90 rows=16487 width=4) (actual time=1202.653..1202.653 rows=16247 loops=1)
                    Buckets: 32768  Batches: 1  Memory Usage: 828kB
                    ->  Seq Scan on title t  (cost=0.00..73925.90 rows=16487 width=4) (actual time=0.053..1195.249 rows=16247 loops=1)
                          Filter: ((kind_id = 7) AND (production_year = 1993))
                          Rows Removed by Filter: 2512065
Planning time: 1.144 ms
Execution time: 15824.358 ms
