Hash Join  (cost=199881.07..714027.64 rows=3218366 width=0) (actual time=4570.110..35018.375 rows=82294517 loops=1)
  Hash Cond: (mi.movie_id = t.id)
  ->  Seq Scan on movie_info mi  (cost=0.00..309384.22 rows=14739122 width=4) (actual time=0.012..6345.431 rows=14835720 loops=1)
  ->  Hash  (cost=190822.61..190822.61 rows=552117 width=8) (actual time=4568.963..4568.963 rows=1282010 loops=1)
        Buckets: 131072 (originally 131072)  Batches: 32 (originally 8)  Memory Usage: 3073kB
        ->  Hash Join  (cost=80042.24..190822.61 rows=552117 width=8) (actual time=1322.216..4182.788 rows=1282010 loops=1)
              Hash Cond: (mk.movie_id = t.id)
              ->  Seq Scan on movie_keyword mk  (cost=0.00..81003.12 rows=1841620 width=4) (actual time=0.027..1556.115 rows=1850473 loops=1)
                    Filter: (keyword_id < 3081)
                    Rows Removed by Filter: 2673457
              ->  Hash  (cost=67604.59..67604.59 rows=758052 width=4) (actual time=1321.315..1321.315 rows=753677 loops=1)
                    Buckets: 131072  Batches: 16  Memory Usage: 2686kB
                    ->  Seq Scan on title t  (cost=0.00..67604.59 rows=758052 width=4) (actual time=0.018..1073.442 rows=753677 loops=1)
                          Filter: (kind_id < 3)
                          Rows Removed by Filter: 1774635
Planning time: 1.113 ms
Execution time: 43624.876 ms
