Hash Join  (cost=73950.44..825020.84 rows=28123 width=0) (actual time=1094.031..17745.081 rows=49505 loops=1)
  Hash Cond: (ci.movie_id = t.id)
  ->  Seq Scan on cast_info ci  (cost=0.00..614943.12 rows=36225612 width=4) (actual time=0.018..9110.327 rows=36244344 loops=1)
  ->  Hash  (cost=73925.90..73925.90 rows=1963 width=4) (actual time=1093.484..1093.484 rows=2465 loops=1)
        Buckets: 4096 (originally 2048)  Batches: 1 (originally 1)  Memory Usage: 119kB
        ->  Seq Scan on title t  (cost=0.00..73925.90 rows=1963 width=4) (actual time=570.804..1092.186 rows=2465 loops=1)
              Filter: ((kind_id = 1) AND (production_year = 1951))
              Rows Removed by Filter: 2525847
Planning time: 0.737 ms
Execution time: 17755.466 ms
