Seq Scan on movie_companies mc  (cost=0.00..57926.93 rows=283096 width=0) (actual time=0.032..875.089 rows=417549 loops=1)
  Filter: ((company_id < 620) AND (company_type_id < 2))
  Rows Removed by Filter: 2191580
Planning time: 4.499 ms
Execution time: 930.427 ms
