Seq Scan on movie_companies mc  (cost=0.00..57926.93 rows=565391 width=0) (actual time=0.020..976.175 rows=288822 loops=1)
  Filter: ((company_id > 12961) AND (company_type_id = 1))
  Rows Removed by Filter: 2320307
Planning time: 0.385 ms
Execution time: 1013.673 ms
