Hash Join  (cost=212104.68..1126879.86 rows=2424287 width=0) (actual time=4781.141..25524.360 rows=1678984 loops=1)
  Hash Cond: (ci.movie_id = t.id)
  ->  Seq Scan on cast_info ci  (cost=0.00..705507.15 rows=14310233 width=4) (actual time=0.008..14361.279 rows=14462658 loops=1)
        Filter: (person_id > 2214425)
        Rows Removed by Filter: 21781686
  ->  Hash  (cost=205076.23..205076.23 rows=428356 width=8) (actual time=4780.226..4780.226 rows=84368 loops=1)
        Buckets: 131072  Batches: 8  Memory Usage: 1467kB
        ->  Hash Join  (cost=77854.63..205076.23 rows=428356 width=8) (actual time=1338.045..4753.383 rows=84368 loops=1)
              Hash Cond: (mk.movie_id = t.id)
              ->  Seq Scan on movie_keyword mk  (cost=0.00..69693.30 rows=4523930 width=4) (actual time=0.026..1436.278 rows=4523930 loops=1)
              ->  Hash  (cost=73925.90..73925.90 rows=239418 width=4) (actual time=1336.978..1336.978 rows=256906 loops=1)
                    Buckets: 131072  Batches: 4  Memory Usage: 3302kB
                    ->  Seq Scan on title t  (cost=0.00..73925.90 rows=239418 width=4) (actual time=148.299..1245.580 rows=256906 loops=1)
                          Filter: ((production_year > 2010) AND (kind_id = 7))
                          Rows Removed by Filter: 2271406
Planning time: 0.783 ms
Execution time: 25706.173 ms
