Seq Scan on movie_companies mc  (cost=0.00..51404.11 rows=1151846 width=0) (actual time=0.014..942.286 rows=1147480 loops=1)
  Filter: (company_id < 8887)
  Rows Removed by Filter: 1461649
Planning time: 0.349 ms
Execution time: 1088.380 ms
