Hash Join  (cost=83073.66..137739.82 rows=63 width=0) (actual time=1259.602..2437.254 rows=808 loops=1)
  Hash Cond: (mc.movie_id = t.id)
  ->  Seq Scan on movie_companies mc  (cost=0.00..44881.29 rows=2609129 width=4) (actual time=0.014..734.413 rows=2609129 loops=1)
  ->  Hash  (cost=83072.90..83072.90 rows=61 width=8) (actual time=1254.078..1254.078 rows=342 loops=1)
        Buckets: 1024  Batches: 1  Memory Usage: 22kB
        ->  Nested Loop  (cost=0.43..83072.90 rows=61 width=8) (actual time=8.668..1253.856 rows=342 loops=1)
              ->  Seq Scan on movie_keyword mk  (cost=0.00..81003.12 rows=246 width=4) (actual time=0.608..1209.930 rows=1550 loops=1)
                    Filter: (keyword_id = 2042)
                    Rows Removed by Filter: 4522380
              ->  Index Scan using title_pkey on title t  (cost=0.43..8.40 rows=1 width=4) (actual time=0.027..0.027 rows=0 loops=1550)
                    Index Cond: (id = mk.movie_id)
                    Filter: ((kind_id > 4) AND (production_year < 2000))
                    Rows Removed by Filter: 1
Planning time: 1.196 ms
Execution time: 2437.605 ms
