Hash Join  (cost=462053.40..503796.23 rows=236035 width=0) (actual time=7939.149..9257.234 rows=689830 loops=1)
  Hash Cond: (mi_idx.movie_id = t.id)
  ->  Seq Scan on movie_info_idx mi_idx  (cost=0.00..21735.35 rows=1380035 width=4) (actual time=0.019..508.996 rows=1380035 loops=1)
  ->  Hash  (cost=454957.55..454957.55 rows=432468 width=8) (actual time=7938.446..7938.446 rows=477959 loops=1)
        Buckets: 131072  Batches: 8  Memory Usage: 3364kB
        ->  Hash Join  (cost=89762.59..454957.55 rows=432468 width=8) (actual time=4671.194..7780.347 rows=477959 loops=1)
              Hash Cond: (mi.movie_id = t.id)
              ->  Seq Scan on movie_info mi  (cost=0.00..346232.03 rows=809669 width=4) (actual time=2962.507..5296.961 rows=802140 loops=1)
                    Filter: (info_type_id = 1)
                    Rows Removed by Filter: 14033580
              ->  Hash  (cost=67604.59..67604.59 rows=1350560 width=4) (actual time=1707.666..1707.666 rows=1348293 loops=1)
                    Buckets: 131072  Batches: 32  Memory Usage: 2514kB
                    ->  Seq Scan on title t  (cost=0.00..67604.59 rows=1350560 width=4) (actual time=0.023..1267.589 rows=1348293 loops=1)
                          Filter: (production_year < 2005)
                          Rows Removed by Filter: 1180019
Planning time: 1.650 ms
Execution time: 9330.943 ms
