Seq Scan on movie_keyword mk  (cost=0.00..81003.12 rows=2553542 width=0) (actual time=0.024..1338.510 rows=2543313 loops=1)
  Filter: (keyword_id < 6390)
  Rows Removed by Filter: 1980617
Planning time: 0.332 ms
Execution time: 1612.883 ms
