Hash Join  (cost=99217.91..150629.54 rows=697368 width=0) (actual time=2548.223..4005.953 rows=693510 loops=1)
  Hash Cond: (mi_idx.movie_id = t.id)
  ->  Seq Scan on movie_info_idx mi_idx  (cost=0.00..25185.44 rows=915101 width=4) (actual time=0.023..541.446 rows=919850 loops=1)
        Filter: (info_type_id < 101)
        Rows Removed by Filter: 460185
  ->  Hash  (cost=67604.59..67604.59 rows=1926906 width=4) (actual time=2547.016..2547.016 rows=1918028 loops=1)
        Buckets: 131072  Batches: 32  Memory Usage: 3139kB
        ->  Seq Scan on title t  (cost=0.00..67604.59 rows=1926906 width=4) (actual time=0.022..1311.665 rows=1918028 loops=1)
              Filter: (production_year > 1981)
              Rows Removed by Filter: 610284
Planning time: 0.721 ms
Execution time: 4079.820 ms
