Nested Loop  (cost=0.43..136457.26 rows=3781 width=0) (actual time=777.595..1440.012 rows=85 loops=1)
  ->  Seq Scan on movie_keyword mk  (cost=0.00..81003.12 rows=8143 width=4) (actual time=0.387..1246.295 rows=8397 loops=1)
        Filter: (keyword_id = 348)
        Rows Removed by Filter: 4515533
  ->  Index Scan using title_pkey on title t  (cost=0.43..6.80 rows=1 width=4) (actual time=0.023..0.023 rows=0 loops=8397)
        Index Cond: (id = mk.movie_id)
        Filter: ((production_year > 1981) AND (kind_id = 7))
        Rows Removed by Filter: 1
Planning time: 0.757 ms
Execution time: 1440.162 ms
