Hash Join  (cost=146413.14..262814.67 rows=146477 width=0) (actual time=3667.847..6892.420 rows=1796855 loops=1)
  Hash Cond: (mk.movie_id = t.id)
  ->  Seq Scan on movie_keyword mk  (cost=0.00..81003.12 rows=2891370 width=4) (actual time=0.028..1599.947 rows=2883031 loops=1)
        Filter: (keyword_id > 2488)
        Rows Removed by Filter: 1640899
  ->  Hash  (cost=144310.95..144310.95 rows=128095 width=8) (actual time=3667.120..3667.120 rows=299496 loops=1)
        Buckets: 131072 (originally 131072)  Batches: 4 (originally 2)  Memory Usage: 3971kB
        ->  Hash Join  (cost=79863.89..144310.95 rows=128095 width=8) (actual time=1420.394..3501.861 rows=299496 loops=1)
              Hash Cond: (mc.movie_id = t.id)
              ->  Seq Scan on movie_companies mc  (cost=0.00..51404.11 rows=894932 width=4) (actual time=0.013..925.716 rows=902326 loops=1)
                    Filter: (company_id > 21262)
                    Rows Removed by Filter: 1706803
              ->  Hash  (cost=73925.90..73925.90 rows=361919 width=4) (actual time=1419.520..1419.520 rows=470371 loops=1)
                    Buckets: 131072  Batches: 8  Memory Usage: 3103kB
                    ->  Seq Scan on title t  (cost=0.00..73925.90 rows=361919 width=4) (actual time=0.013..1281.226 rows=470371 loops=1)
                          Filter: ((kind_id < 7) AND (production_year < 1998))
                          Rows Removed by Filter: 2057941
Planning time: 1.167 ms
Execution time: 7121.974 ms
