Seq Scan on movie_companies mc  (cost=0.00..57926.93 rows=293427 width=0) (actual time=281.717..775.017 rows=579790 loops=1)
  Filter: ((company_id > 71071) AND (company_type_id = 2))
  Rows Removed by Filter: 2029339
Planning time: 0.400 ms
Execution time: 849.728 ms
