Seq Scan on movie_keyword mk  (cost=0.00..81003.12 rows=246 width=0) (actual time=0.500..1209.937 rows=510 loops=1)
  Filter: (keyword_id = 1075)
  Rows Removed by Filter: 4523420
Planning time: 0.403 ms
Execution time: 1210.247 ms
