Seq Scan on movie_companies mc  (cost=0.00..57926.93 rows=211925 width=0) (actual time=0.110..777.847 rows=98408 loops=1)
  Filter: ((company_id < 292) AND (company_type_id = 2))
  Rows Removed by Filter: 2510721
Planning time: 0.374 ms
Execution time: 790.992 ms
