Seq Scan on title t  (cost=0.00..73925.90 rows=582235 width=0) (actual time=0.019..1129.649 rows=457673 loops=1)
  Filter: ((kind_id < 3) AND (production_year > 1980))
  Rows Removed by Filter: 2070639
Planning time: 0.268 ms
Execution time: 1188.263 ms
