Seq Scan on movie_companies mc  (cost=0.00..57926.93 rows=1020286 width=0) (actual time=357.257..1015.218 rows=886037 loops=1)
  Filter: ((company_id > 494) AND (company_type_id < 2))
  Rows Removed by Filter: 1723092
Planning time: 0.247 ms
Execution time: 1123.933 ms
