Nested Loop  (cost=0.43..83071.67 rows=246 width=0) (actual time=4.316..1280.435 rows=164 loops=1)
  ->  Seq Scan on movie_keyword mk  (cost=0.00..81003.12 rows=246 width=4) (actual time=4.228..1271.906 rows=164 loops=1)
        Filter: (keyword_id = 4354)
        Rows Removed by Filter: 4523766
  ->  Index Only Scan using title_pkey on title t  (cost=0.43..8.40 rows=1 width=4) (actual time=0.048..0.049 rows=1 loops=164)
        Index Cond: (id = mk.movie_id)
        Heap Fetches: 164
Planning time: 2.097 ms
Execution time: 1280.602 ms
