Hash Join  (cost=299636.50..977464.85 rows=15105160 width=0) (actual time=8592.743..57876.228 rows=155232391 loops=1)
  Hash Cond: (mi.movie_id = t.id)
  ->  Seq Scan on movie_info mi  (cost=0.00..309384.22 rows=14739122 width=4) (actual time=0.021..6787.083 rows=14835720 loops=1)
  ->  Hash  (cost=257121.98..257121.98 rows=2591322 width=8) (actual time=8591.207..8591.207 rows=2944128 loops=1)
        Buckets: 131072  Batches: 64  Memory Usage: 2916kB
        ->  Hash Join  (cost=101489.21..257121.98 rows=2591322 width=8) (actual time=2747.026..7030.766 rows=2944128 loops=1)
              Hash Cond: (mk.movie_id = t.id)
              ->  Seq Scan on movie_keyword mk  (cost=0.00..81003.12 rows=3172484 width=4) (actual time=0.021..1574.072 rows=3161130 loops=1)
                    Filter: (keyword_id < 12306)
                    Rows Removed by Filter: 1362800
              ->  Hash  (cost=67604.59..67604.59 rows=2065330 width=4) (actual time=2746.255..2746.255 rows=2064552 loops=1)
                    Buckets: 131072  Batches: 32  Memory Usage: 3298kB
                    ->  Seq Scan on title t  (cost=0.00..67604.59 rows=2065330 width=4) (actual time=0.029..1311.691 rows=2064552 loops=1)
                          Filter: (production_year < 2011)
                          Rows Removed by Filter: 463760
Planning time: 1.187 ms
Execution time: 75109.569 ms
