Hash Join  (cost=102767.86..203238.82 rows=398513 width=0) (actual time=1837.528..3569.903 rows=393181 loops=1)
  Hash Cond: (mk.movie_id = t.id)
  ->  Seq Scan on movie_keyword mk  (cost=0.00..81003.12 rows=398513 width=4) (actual time=0.016..1064.472 rows=393181 loops=1)
        Filter: (keyword_id > 43842)
        Rows Removed by Filter: 4130749
  ->  Hash  (cost=61283.27..61283.27 rows=2528527 width=4) (actual time=1834.348..1834.348 rows=2528312 loops=1)
        Buckets: 131072  Batches: 64  Memory Usage: 2425kB
        ->  Seq Scan on title t  (cost=0.00..61283.27 rows=2528527 width=4) (actual time=0.015..984.880 rows=2528312 loops=1)
Planning time: 0.740 ms
Execution time: 3612.190 ms
