Hash Join  (cost=102767.86..979195.91 rows=2928915 width=0) (actual time=3078.795..15858.586 rows=2641 loops=1)
  Hash Cond: (ci.movie_id = t.id)
  ->  Seq Scan on cast_info ci  (cost=0.00..796071.18 rows=2928915 width=4) (actual time=1083.835..13011.442 rows=2641 loops=1)
        Filter: ((person_id < 1424475) AND (role_id = 2))
        Rows Removed by Filter: 36241703
  ->  Hash  (cost=61283.27..61283.27 rows=2528527 width=4) (actual time=1948.893..1948.893 rows=2528312 loops=1)
        Buckets: 131072  Batches: 64  Memory Usage: 2415kB
        ->  Seq Scan on title t  (cost=0.00..61283.27 rows=2528527 width=4) (actual time=0.020..1090.187 rows=2528312 loops=1)
Planning time: 0.553 ms
Execution time: 15859.022 ms
