Hash Join  (cost=179025.29..210738.15 rows=38076 width=0) (actual time=3314.307..4057.798 rows=40819 loops=1)
  Hash Cond: (mi_idx.movie_id = t.id)
  ->  Seq Scan on movie_info_idx mi_idx  (cost=0.00..25185.44 rows=460978 width=4) (actual time=0.032..528.901 rows=459925 loops=1)
        Filter: (info_type_id = 99)
        Rows Removed by Filter: 920110
  ->  Hash  (cost=175598.64..175598.64 rows=208852 width=8) (actual time=3313.435..3313.435 rows=95472 loops=1)
        Buckets: 131072  Batches: 4  Memory Usage: 1962kB
        ->  Hash Join  (cost=102767.86..175598.64 rows=208852 width=8) (actual time=1930.273..3282.048 rows=95472 loops=1)
              Hash Cond: (mc.movie_id = t.id)
              ->  Seq Scan on movie_companies mc  (cost=0.00..57926.93 rows=208852 width=4) (actual time=0.036..875.032 rows=95472 loops=1)
                    Filter: ((company_id < 264) AND (company_type_id > 1))
                    Rows Removed by Filter: 2513657
              ->  Hash  (cost=61283.27..61283.27 rows=2528527 width=4) (actual time=1926.200..1926.200 rows=2528312 loops=1)
                    Buckets: 131072  Batches: 64  Memory Usage: 2415kB
                    ->  Seq Scan on title t  (cost=0.00..61283.27 rows=2528527 width=4) (actual time=0.012..1079.822 rows=2528312 loops=1)
Planning time: 4.004 ms
Execution time: 4063.844 ms
