Seq Scan on cast_info ci  (cost=0.00..796071.18 rows=22762189 width=0) (actual time=0.018..16279.269 rows=22140140 loops=1)
  Filter: ((person_id > 973580) AND (role_id < 10))
  Rows Removed by Filter: 14104204
Planning time: 0.406 ms
Execution time: 18967.133 ms
