Hash Join  (cost=429175.72..484439.36 rows=59811 width=0) (actual time=6787.928..8203.107 rows=897118 loops=1)
  Hash Cond: (mc.movie_id = t.id)
  ->  Seq Scan on movie_companies mc  (cost=0.00..44881.29 rows=2609129 width=4) (actual time=0.023..631.303 rows=2609129 loops=1)
  ->  Hash  (cost=428451.18..428451.18 rows=57963 width=8) (actual time=6787.395..6787.395 rows=39139 loops=1)
        Buckets: 65536  Batches: 1  Memory Usage: 2041kB
        ->  Hash Join  (cost=76379.89..428451.18 rows=57963 width=8) (actual time=4537.454..6775.856 rows=39139 loops=1)
              Hash Cond: (mi.movie_id = t.id)
              ->  Seq Scan on movie_info mi  (cost=0.00..346232.03 rows=274038 width=4) (actual time=2951.368..5226.037 rows=306788 loops=1)
                    Filter: (info_type_id > 105)
                    Rows Removed by Filter: 14528932
              ->  Hash  (cost=67604.59..67604.59 rows=534824 width=4) (actual time=1337.070..1337.070 rows=533369 loops=1)
                    Buckets: 131072  Batches: 8  Memory Usage: 3376kB
                    ->  Seq Scan on title t  (cost=0.00..67604.59 rows=534824 width=4) (actual time=0.036..1163.650 rows=533369 loops=1)
                          Filter: (production_year > 2009)
                          Rows Removed by Filter: 1994943
Planning time: 4.038 ms
Execution time: 8314.555 ms
