Hash Join  (cost=71089.54..523673.32 rows=714672 width=0) (actual time=1144.268..11982.102 rows=1777346 loops=1)
  Hash Cond: (mi.movie_id = t.id)
  ->  Seq Scan on movie_info mi  (cost=0.00..346232.03 rows=8508011 width=4) (actual time=0.025..6630.911 rows=8612226 loops=1)
        Filter: (info_type_id < 9)
        Rows Removed by Filter: 6223494
  ->  Hash  (cost=67604.59..67604.59 rows=212396 width=4) (actual time=1143.449..1143.449 rows=211624 loops=1)
        Buckets: 131072  Batches: 4  Memory Usage: 2890kB
        ->  Seq Scan on title t  (cost=0.00..67604.59 rows=212396 width=4) (actual time=0.010..1069.682 rows=211624 loops=1)
              Filter: (production_year < 1957)
              Rows Removed by Filter: 2316688
Planning time: 0.788 ms
Execution time: 12204.201 ms
