Seq Scan on movie_keyword mk  (cost=0.00..81003.12 rows=2019995 width=0) (actual time=0.026..1271.675 rows=2025586 loops=1)
  Filter: (keyword_id > 6101)
  Rows Removed by Filter: 2498344
Planning time: 0.384 ms
Execution time: 1499.612 ms
