Hash Join  (cost=89299.55..216843.97 rows=1288547 width=0) (actual time=1682.788..4831.250 rows=995472 loops=1)
  Hash Cond: (mk.movie_id = t.id)
  ->  Seq Scan on movie_keyword mk  (cost=0.00..81003.12 rows=2463953 width=4) (actual time=0.016..1659.954 rows=2445577 loops=1)
        Filter: (keyword_id > 3673)
        Rows Removed by Filter: 2078353
  ->  Hash  (cost=67604.59..67604.59 rows=1322317 width=4) (actual time=1680.516..1680.516 rows=1322863 loops=1)
        Buckets: 131072  Batches: 32  Memory Usage: 2489kB
        ->  Seq Scan on title t  (cost=0.00..67604.59 rows=1322317 width=4) (actual time=0.028..1231.552 rows=1322863 loops=1)
              Filter: (production_year > 2001)
              Rows Removed by Filter: 1205449
Planning time: 3.205 ms
Execution time: 4936.067 ms
