Hash Join  (cost=190230.21..337511.69 rows=1952445 width=0) (actual time=4235.144..9783.612 rows=8214452 loops=1)
  Hash Cond: (mk.movie_id = t.id)
  ->  Seq Scan on movie_keyword mk  (cost=0.00..81003.12 rows=3577307 width=4) (actual time=0.020..1817.320 rows=3563438 loops=1)
        Filter: (keyword_id < 19780)
        Rows Removed by Filter: 960492
  ->  Hash  (cost=167588.78..167588.78 rows=1380035 width=8) (actual time=4233.967..4233.967 rows=1380035 loops=1)
        Buckets: 131072  Batches: 32  Memory Usage: 2726kB
        ->  Hash Join  (cost=102767.86..167588.78 rows=1380035 width=8) (actual time=1898.415..3843.281 rows=1380035 loops=1)
              Hash Cond: (mi_idx.movie_id = t.id)
              ->  Seq Scan on movie_info_idx mi_idx  (cost=0.00..21735.35 rows=1380035 width=4) (actual time=0.014..493.920 rows=1380035 loops=1)
              ->  Hash  (cost=61283.27..61283.27 rows=2528527 width=4) (actual time=1897.018..1897.018 rows=2528312 loops=1)
                    Buckets: 131072  Batches: 64  Memory Usage: 2415kB
                    ->  Seq Scan on title t  (cost=0.00..61283.27 rows=2528527 width=4) (actual time=0.022..1070.507 rows=2528312 loops=1)
Planning time: 1.165 ms
Execution time: 10744.830 ms
