Seq Scan on movie_companies mc  (cost=0.00..51404.11 rows=104 width=0) (actual time=16.721..825.904 rows=2403 loops=1)
  Filter: (company_id = 575)
  Rows Removed by Filter: 2606726
Planning time: 0.389 ms
Execution time: 826.320 ms
