Hash Join  (cost=167795.81..1215215.52 rows=1325455 width=0) (actual time=3898.825..29803.299 rows=2410358 loops=1)
  Hash Cond: (ci.movie_id = t.id)
  ->  Seq Scan on cast_info ci  (cost=0.00..614943.12 rows=36225612 width=4) (actual time=0.014..12207.664 rows=36244344 loops=1)
  ->  Hash  (cost=166277.36..166277.36 rows=92516 width=8) (actual time=3898.019..3898.019 rows=92878 loops=1)
        Buckets: 131072  Batches: 2  Memory Usage: 2845kB
        ->  Hash Join  (cost=102767.86..166277.36 rows=92516 width=8) (actual time=2880.386..3868.265 rows=92878 loops=1)
              Hash Cond: (mc.movie_id = t.id)
              ->  Seq Scan on movie_companies mc  (cost=0.00..51404.11 rows=92516 width=4) (actual time=286.979..845.853 rows=92878 loops=1)
                    Filter: (company_id > 161905)
                    Rows Removed by Filter: 2516251
              ->  Hash  (cost=61283.27..61283.27 rows=2528527 width=4) (actual time=2592.310..2592.310 rows=2528312 loops=1)
                    Buckets: 131072  Batches: 64  Memory Usage: 2415kB
                    ->  Seq Scan on title t  (cost=0.00..61283.27 rows=2528527 width=4) (actual time=0.024..1085.776 rows=2528312 loops=1)
Planning time: 1.172 ms
Execution time: 30103.546 ms
