Hash Join  (cost=132160.07..1119948.93 rows=2202403 width=0) (actual time=2830.411..29311.873 rows=4800453 loops=1)
  Hash Cond: (ci.movie_id = t.id)
  ->  Seq Scan on cast_info ci  (cost=0.00..705507.15 rows=22424711 width=4) (actual time=0.024..14367.762 rows=22464110 loops=1)
        Filter: (person_id > 1357164)
        Rows Removed by Filter: 13780234
  ->  Hash  (cost=128084.88..128084.88 rows=248335 width=8) (actual time=2829.628..2829.628 rows=297220 loops=1)
        Buckets: 131072  Batches: 4  Memory Usage: 3931kB
        ->  Hash Join  (cost=89762.59..128084.88 rows=248335 width=8) (actual time=1682.482..2736.759 rows=297220 loops=1)
              Hash Cond: (mi_idx.movie_id = t.id)
              ->  Seq Scan on movie_info_idx mi_idx  (cost=0.00..25185.44 rows=464934 width=4) (actual time=0.013..516.475 rows=460185 loops=1)
                    Filter: (info_type_id > 100)
                    Rows Removed by Filter: 919850
              ->  Hash  (cost=67604.59..67604.59 rows=1350560 width=4) (actual time=1681.255..1681.255 rows=1348293 loops=1)
                    Buckets: 131072  Batches: 32  Memory Usage: 2505kB
                    ->  Seq Scan on title t  (cost=0.00..67604.59 rows=1350560 width=4) (actual time=0.017..1243.221 rows=1348293 loops=1)
                          Filter: (production_year < 2005)
                          Rows Removed by Filter: 1180019
Planning time: 1.212 ms
Execution time: 29854.944 ms
