Hash Join  (cost=153370.67..292422.57 rows=382686 width=156) (actual time=4042.392..9218.634 rows=3028268 loops=1)
  Hash Cond: (mk.movie_id = t.id)
  ->  Seq Scan on movie_keyword mk  (cost=0.00..69693.30 rows=4523930 width=12) (actual time=0.017..1438.484 rows=4523930 loops=1)
  ->  Hash  (cost=146310.02..146310.02 rows=213892 width=144) (actual time=3892.757..3892.757 rows=283557 loops=1)
        Buckets: 32768  Batches: 16  Memory Usage: 2499kB
        ->  Hash Join  (cost=84565.62..146310.02 rows=213892 width=144) (actual time=1671.416..3699.582 rows=283557 loops=1)
              Hash Cond: (mi_idx.movie_id = t.id)
              ->  Seq Scan on movie_info_idx mi_idx  (cost=0.00..21735.35 rows=1380035 width=50) (actual time=0.014..535.595 rows=1380035 loops=1)
              ->  Hash  (cost=73925.90..73925.90 rows=391897 width=94) (actual time=1670.967..1670.967 rows=289693 loops=1)
                    Buckets: 32768  Batches: 16  Memory Usage: 2186kB
                    ->  Seq Scan on title t  (cost=0.00..73925.90 rows=391897 width=94) (actual time=16.412..1565.896 rows=289693 loops=1)
                          Filter: ((production_year > 1998) AND (kind_id = 1))
                          Rows Removed by Filter: 2238619
Planning time: 1.412 ms
Execution time: 9370.953 ms
