Seq Scan on cast_info ci  (cost=0.00..705507.15 rows=17613880 width=0) (actual time=0.014..12048.250 rows=17478627 loops=1)
  Filter: (person_id < 1729283)
  Rows Removed by Filter: 18765717
Planning time: 0.333 ms
Execution time: 14198.603 ms
