Hash Join  (cost=137886.85..203962.49 rows=62641 width=0) (actual time=3006.306..4515.829 rows=359687 loops=1)
  Hash Cond: (mc.movie_id = t.id)
  ->  Seq Scan on movie_companies mc  (cost=0.00..57926.93 rows=553947 width=4) (actual time=0.018..1021.473 rows=762711 loops=1)
        Filter: ((company_id < 8079) AND (company_type_id = 1))
        Rows Removed by Filter: 1846418
  ->  Hash  (cost=133195.72..133195.72 rows=285930 width=8) (actual time=3005.460..3005.460 rows=337040 loops=1)
        Buckets: 131072 (originally 131072)  Batches: 8 (originally 4)  Memory Usage: 3073kB
        ->  Hash Join  (cost=93117.31..133195.72 rows=285930 width=8) (actual time=1767.737..2900.176 rows=337040 loops=1)
              Hash Cond: (mi_idx.movie_id = t.id)
              ->  Seq Scan on movie_info_idx mi_idx  (cost=0.00..25185.44 rows=464934 width=4) (actual time=0.023..496.759 rows=460185 loops=1)
                    Filter: (info_type_id > 100)
                    Rows Removed by Filter: 919850
              ->  Hash  (cost=67604.59..67604.59 rows=1555018 width=4) (actual time=1766.757..1766.757 rows=1551727 loops=1)
                    Buckets: 131072  Batches: 32  Memory Usage: 2728kB
                    ->  Seq Scan on title t  (cost=0.00..67604.59 rows=1555018 width=4) (actual time=0.015..1257.312 rows=1551727 loops=1)
                          Filter: (production_year < 2007)
                          Rows Removed by Filter: 976585
Planning time: 2.038 ms
Execution time: 4554.801 ms
