Seq Scan on movie_keyword mk  (cost=0.00..81003.12 rows=3757063 width=0) (actual time=0.023..1548.334 rows=3748908 loops=1)
  Filter: (keyword_id < 24332)
  Rows Removed by Filter: 775022
Planning time: 0.354 ms
Execution time: 1999.634 ms
