Seq Scan on movie_companies mc  (cost=0.00..51404.11 rows=104 width=0) (actual time=107.906..797.414 rows=5 loops=1)
  Filter: (company_id = 81788)
  Rows Removed by Filter: 2609124
Planning time: 0.391 ms
Execution time: 797.511 ms
