Hash Join  (cost=127857.20..206537.32 rows=263358 width=0) (actual time=2884.188..5567.269 rows=1918490 loops=1)
  Hash Cond: (mc.movie_id = t.id)
  ->  Seq Scan on movie_companies mc  (cost=0.00..44881.29 rows=2609129 width=4) (actual time=0.021..890.870 rows=2609129 loops=1)
  ->  Hash  (cost=123669.92..123669.92 rows=255223 width=8) (actual time=2883.023..2883.023 rows=571729 loops=1)
        Buckets: 131072 (originally 131072)  Batches: 8 (originally 4)  Memory Usage: 3835kB
        ->  Hash Join  (cost=81598.21..123669.92 rows=255223 width=8) (actual time=1270.000..2691.144 rows=571729 loops=1)
              Hash Cond: (mi_idx.movie_id = t.id)
              ->  Seq Scan on movie_info_idx mi_idx  (cost=0.00..21735.35 rows=1380035 width=4) (actual time=0.025..489.184 rows=1380035 loops=1)
              ->  Hash  (cost=73925.90..73925.90 rows=467624 width=4) (actual time=1269.066..1269.066 rows=557493 loops=1)
                    Buckets: 131072  Batches: 8  Memory Usage: 3486kB
                    ->  Seq Scan on title t  (cost=0.00..73925.90 rows=467624 width=4) (actual time=0.020..1093.046 rows=557493 loops=1)
                          Filter: ((kind_id < 7) AND (production_year < 2003))
                          Rows Removed by Filter: 1970819
Planning time: 4.195 ms
Execution time: 5806.740 ms
