Seq Scan on cast_info ci  (cost=0.00..796071.18 rows=2109498 width=0) (actual time=2489.058..12429.825 rows=6048097 loops=1)
  Filter: ((person_id > 3019402) AND (role_id > 3))
  Rows Removed by Filter: 30196247
Planning time: 0.359 ms
Execution time: 13141.582 ms
