Seq Scan on movie_keyword mk  (cost=0.00..81003.12 rows=1499034 width=0) (actual time=0.022..1372.946 rows=1507997 loops=1)
  Filter: (keyword_id < 2182)
  Rows Removed by Filter: 3015933
Planning time: 0.307 ms
Execution time: 1556.438 ms
