Hash Join  (cost=77793.68..1084378.67 rows=2239680 width=0) (actual time=1638.332..27429.866 rows=964288 loops=1)
  Hash Cond: (ci.movie_id = t.id)
  ->  Seq Scan on cast_info ci  (cost=0.00..705507.15 rows=24022411 width=4) (actual time=492.451..16150.398 rows=24130698 loops=1)
        Filter: (role_id < 4)
        Rows Removed by Filter: 12113646
  ->  Hash  (cost=73925.90..73925.90 rows=235742 width=4) (actual time=1144.923..1144.923 rows=129555 loops=1)
        Buckets: 131072  Batches: 4  Memory Usage: 2160kB
        ->  Seq Scan on title t  (cost=0.00..73925.90 rows=235742 width=4) (actual time=0.024..1096.859 rows=129555 loops=1)
              Filter: ((production_year < 1971) AND (kind_id = 7))
              Rows Removed by Filter: 2398757
Planning time: 0.822 ms
Execution time: 27543.752 ms
