Nested Loop  (cost=0.43..709671.90 rows=500 width=0) (actual time=151.487..10432.701 rows=272 loops=1)
  ->  Seq Scan on cast_info ci  (cost=0.00..705507.15 rows=500 width=4) (actual time=151.410..10429.919 rows=272 loops=1)
        Filter: (person_id = 3820473)
        Rows Removed by Filter: 36244072
  ->  Index Only Scan using title_pkey on title t  (cost=0.43..8.32 rows=1 width=4) (actual time=0.010..0.010 rows=1 loops=272)
        Index Cond: (id = ci.movie_id)
        Heap Fetches: 272
Planning time: 0.757 ms
Execution time: 10432.819 ms
