Hash Join  (cost=547692.12..696199.06 rows=2379888 width=0) (actual time=10149.727..27271.978 rows=54702692 loops=1)
  Hash Cond: (mk.movie_id = t.id)
  ->  Seq Scan on movie_keyword mk  (cost=0.00..81003.12 rows=2741987 width=4) (actual time=0.021..1590.430 rows=2732818 loops=1)
        Filter: (keyword_id > 2892)
        Rows Removed by Filter: 1791112
  ->  Hash  (cost=511686.41..511686.41 rows=2194617 width=8) (actual time=10149.048..10149.048 rows=2233850 loops=1)
        Buckets: 131072  Batches: 32  Memory Usage: 3671kB
        ->  Hash Join  (cost=102767.86..511686.41 rows=2194617 width=8) (actual time=1944.817..9495.586 rows=2233850 loops=1)
              Hash Cond: (mi.movie_id = t.id)
              ->  Seq Scan on movie_info mi  (cost=0.00..346232.03 rows=2194617 width=4) (actual time=73.856..5431.433 rows=2233850 loops=1)
                    Filter: (info_type_id > 16)
                    Rows Removed by Filter: 12601870
              ->  Hash  (cost=61283.27..61283.27 rows=2528527 width=4) (actual time=1870.086..1870.086 rows=2528312 loops=1)
                    Buckets: 131072  Batches: 64  Memory Usage: 2425kB
                    ->  Seq Scan on title t  (cost=0.00..61283.27 rows=2528527 width=4) (actual time=0.023..1021.220 rows=2528312 loops=1)
Planning time: 0.807 ms
Execution time: 33402.326 ms
