Seq Scan on movie_companies mc  (cost=0.00..57926.93 rows=488567 width=0) (actual time=90.034..928.061 rows=804952 loops=1)
  Filter: ((company_id > 17790) AND (company_type_id = 2))
  Rows Removed by Filter: 1804177
Planning time: 0.382 ms
Execution time: 1020.836 ms
