Hash Join  (cost=74244.38..880838.65 rows=27536 width=0) (actual time=11553.111..15352.232 rows=9573 loops=1)
  Hash Cond: (ci.movie_id = t.id)
  ->  Seq Scan on cast_info ci  (cost=0.00..796071.18 rows=2732727 width=4) (actual time=10474.278..13802.622 rows=1627942 loops=1)
        Filter: ((person_id < 2551008) AND (role_id = 3))
        Rows Removed by Filter: 34616402
  ->  Hash  (cost=73925.90..73925.90 rows=25478 width=4) (actual time=1074.813..1074.813 rows=31245 loops=1)
        Buckets: 32768  Batches: 1  Memory Usage: 1355kB
        ->  Seq Scan on title t  (cost=0.00..73925.90 rows=25478 width=4) (actual time=225.616..1062.846 rows=31245 loops=1)
              Filter: ((production_year < 1987) AND (kind_id = 3))
              Rows Removed by Filter: 2497067
Planning time: 3.583 ms
Execution time: 15354.245 ms
