Hash Join  (cost=74787.47..421091.65 rows=489 width=0) (actual time=3733.387..6522.698 rows=156 loops=1)
  Hash Cond: (mi.movie_id = t.id)
  ->  Seq Scan on movie_info mi  (cost=0.00..346232.03 rows=17937 width=4) (actual time=2374.351..5329.329 rows=36985 loops=1)
        Filter: (info_type_id = 104)
        Rows Removed by Filter: 14798735
  ->  Hash  (cost=73925.90..73925.90 rows=68925 width=4) (actual time=1179.181..1179.181 rows=84076 loops=1)
        Buckets: 131072  Batches: 1  Memory Usage: 3980kB
        ->  Seq Scan on title t  (cost=0.00..73925.90 rows=68925 width=4) (actual time=0.038..1145.654 rows=84076 loops=1)
              Filter: ((kind_id = 7) AND (production_year = 2007))
              Rows Removed by Filter: 2444236
Planning time: 0.783 ms
Execution time: 6523.242 ms
