Hash Join  (cost=75292.52..436983.29 rows=41895 width=0) (actual time=1627.279..7915.670 rows=34044 loops=1)
  Hash Cond: (mi.movie_id = t.id)
  ->  Seq Scan on movie_info mi  (cost=0.00..346232.03 rows=1272478 width=4) (actual time=285.096..6037.943 rows=1325361 loops=1)
        Filter: (info_type_id = 8)
        Rows Removed by Filter: 13510359
  ->  Hash  (cost=73925.90..73925.90 rows=83249 width=4) (actual time=1341.144..1341.144 rows=101793 loops=1)
        Buckets: 131072  Batches: 2  Memory Usage: 2809kB
        ->  Seq Scan on title t  (cost=0.00..73925.90 rows=83249 width=4) (actual time=0.035..1298.905 rows=101793 loops=1)
              Filter: ((kind_id > 1) AND (production_year = 2007))
              Rows Removed by Filter: 2426519
Planning time: 0.756 ms
Execution time: 7920.338 ms
