Nested Loop  (cost=0.43..83072.29 rows=16 width=0) (actual time=315.793..1282.796 rows=23 loops=1)
  ->  Seq Scan on movie_keyword mk  (cost=0.00..81003.12 rows=246 width=4) (actual time=0.377..1254.961 rows=780 loops=1)
        Filter: (keyword_id = 8845)
        Rows Removed by Filter: 4523150
  ->  Index Scan using title_pkey on title t  (cost=0.43..8.40 rows=1 width=4) (actual time=0.034..0.034 rows=0 loops=780)
        Index Cond: (id = mk.movie_id)
        Filter: (production_year = 2012)
        Rows Removed by Filter: 1
Planning time: 0.674 ms
Execution time: 1282.900 ms
