Seq Scan on movie_companies mc  (cost=0.00..57926.93 rows=51 width=0) (actual time=54.635..892.159 rows=5 loops=1)
  Filter: ((company_type_id < 2) AND (company_id = 598))
  Rows Removed by Filter: 2609124
Planning time: 0.399 ms
Execution time: 892.267 ms
