Hash Join  (cost=65686.41..816484.46 rows=888 width=0) (actual time=1168.996..16307.560 rows=574 loops=1)
  Hash Cond: (ci.movie_id = t.id)
  ->  Seq Scan on cast_info ci  (cost=0.00..614943.12 rows=36225612 width=4) (actual time=0.019..8704.423 rows=36244344 loops=1)
  ->  Hash  (cost=65685.63..65685.63 rows=62 width=8) (actual time=868.382..868.382 rows=22 loops=1)
        Buckets: 1024  Batches: 1  Memory Usage: 9kB
        ->  Nested Loop  (cost=0.43..65685.63 rows=62 width=8) (actual time=261.206..868.351 rows=22 loops=1)
              ->  Seq Scan on movie_companies mc  (cost=0.00..57926.93 rows=945 width=4) (actual time=258.033..845.793 rows=743 loops=1)
                    Filter: ((company_id < 6) AND (company_type_id = 2))
                    Rows Removed by Filter: 2608386
              ->  Index Scan using title_pkey on title t  (cost=0.43..8.20 rows=1 width=4) (actual time=0.030..0.030 rows=0 loops=743)
                    Index Cond: (id = mc.movie_id)
                    Filter: (production_year = 2012)
                    Rows Removed by Filter: 1
Planning time: 1.271 ms
Execution time: 16308.050 ms
