Hash Join  (cost=99161.12..222627.15 rows=1301926 width=0) (actual time=1990.739..5356.393 rows=1539773 loops=1)
  Hash Cond: (mk.movie_id = t.id)
  ->  Seq Scan on movie_keyword mk  (cost=0.00..81003.12 rows=1711527 width=4) (actual time=0.015..1510.411 rows=1717688 loops=1)
        Filter: (keyword_id < 2762)
        Rows Removed by Filter: 2806242
  ->  Hash  (cost=67604.59..67604.59 rows=1923403 width=4) (actual time=1989.748..1989.748 rows=1922849 loops=1)
        Buckets: 131072  Batches: 32  Memory Usage: 3141kB
        ->  Seq Scan on title t  (cost=0.00..67604.59 rows=1923403 width=4) (actual time=0.020..1357.091 rows=1922849 loops=1)
              Filter: (production_year < 2010)
              Rows Removed by Filter: 605463
Planning time: 0.842 ms
Execution time: 5537.692 ms
