Seq Scan on movie_keyword mk  (cost=0.00..81003.12 rows=997895 width=0) (actual time=0.027..1453.555 rows=1005215 loops=1)
  Filter: (keyword_id < 961)
  Rows Removed by Filter: 3518715
Planning time: 0.327 ms
Execution time: 1580.549 ms
