Hash Join  (cost=52284.99..803089.06 rows=1490 width=0) (actual time=803.777..17202.317 rows=27420 loops=1)
  Hash Cond: (ci.movie_id = t.id)
  ->  Seq Scan on cast_info ci  (cost=0.00..614943.12 rows=36225612 width=4) (actual time=0.009..9135.690 rows=36244344 loops=1)
  ->  Hash  (cost=52283.69..52283.69 rows=104 width=8) (actual time=801.774..801.774 rows=1159 loops=1)
        Buckets: 2048 (originally 1024)  Batches: 1 (originally 1)  Memory Usage: 62kB
        ->  Nested Loop  (cost=0.43..52283.69 rows=104 width=8) (actual time=6.628..801.105 rows=1159 loops=1)
              ->  Seq Scan on movie_companies mc  (cost=0.00..51404.11 rows=104 width=4) (actual time=6.536..779.144 rows=1159 loops=1)
                    Filter: (company_id = 189)
                    Rows Removed by Filter: 2607970
              ->  Index Only Scan using title_pkey on title t  (cost=0.43..8.45 rows=1 width=4) (actual time=0.018..0.018 rows=1 loops=1159)
                    Index Cond: (id = mc.movie_id)
                    Heap Fetches: 1159
Planning time: 2.012 ms
Execution time: 17208.045 ms
