Seq Scan on movie_keyword mk  (cost=0.00..81003.12 rows=2759718 width=0) (actual time=0.018..1617.515 rows=2752189 loops=1)
  Filter: (keyword_id > 2873)
  Rows Removed by Filter: 1771741
Planning time: 0.230 ms
Execution time: 1975.522 ms
