Hash Join  (cost=78556.72..1152218.90 rows=6794881 width=0) (actual time=1298.267..30801.546 rows=7378035 loops=1)
  Hash Cond: (ci.movie_id = t.id)
  ->  Seq Scan on cast_info ci  (cost=0.00..705507.15 rows=25738190 width=4) (actual time=0.019..15366.292 rows=25746415 loops=1)
        Filter: (person_id < 2660061)
        Rows Removed by Filter: 10497929
  ->  Hash  (cost=67604.59..67604.59 rows=667531 width=4) (actual time=1297.014..1297.014 rows=662825 loops=1)
        Buckets: 131072  Batches: 16  Memory Usage: 2476kB
        ->  Seq Scan on title t  (cost=0.00..67604.59 rows=667531 width=4) (actual time=183.845..1100.245 rows=662825 loops=1)
              Filter: (kind_id = 1)
              Rows Removed by Filter: 1865487
Planning time: 0.754 ms
Execution time: 31583.293 ms
