Hash Join  (cost=230170.91..1558106.20 rows=24224511 width=0) (actual time=5019.211..44998.357 rows=29753513 loops=1)
  Hash Cond: (ci.movie_id = t.id)
  ->  Seq Scan on cast_info ci  (cost=0.00..614943.12 rows=36225612 width=4) (actual time=0.015..13373.894 rows=36244344 loops=1)
  ->  Hash  (cost=202430.20..202430.20 rows=1690857 width=8) (actual time=5017.898..5017.898 rows=1195240 loops=1)
        Buckets: 131072  Batches: 32  Memory Usage: 2456kB
        ->  Hash Join  (cost=100809.69..202430.20 rows=1690857 width=8) (actual time=1922.015..4725.294 rows=1195240 loops=1)
              Hash Cond: (mc.movie_id = t.id)
              ->  Seq Scan on movie_companies mc  (cost=0.00..44881.29 rows=2609129 width=4) (actual time=0.019..961.774 rows=2609129 loops=1)
              ->  Hash  (cost=73925.90..73925.90 rows=1638623 width=4) (actual time=1920.927..1920.927 rows=1629839 loops=1)
                    Buckets: 131072  Batches: 32  Memory Usage: 2813kB
                    ->  Seq Scan on title t  (cost=0.00..73925.90 rows=1638623 width=4) (actual time=0.024..1412.903 rows=1629839 loops=1)
                          Filter: ((kind_id > 1) AND (production_year < 2012))
                          Rows Removed by Filter: 898473
Planning time: 5.023 ms
Execution time: 48226.726 ms
