Hash Join  (cost=83075.00..447743.58 rows=1263 width=0) (actual time=1260.117..8563.346 rows=22431 loops=1)
  Hash Cond: (mi.movie_id = t.id)
  ->  Seq Scan on movie_info mi  (cost=0.00..309384.22 rows=14739122 width=4) (actual time=0.018..4443.603 rows=14835720 loops=1)
  ->  Hash  (cost=83072.29..83072.29 rows=217 width=8) (actual time=1259.647..1259.647 rows=1887 loops=1)
        Buckets: 2048 (originally 1024)  Batches: 1 (originally 1)  Memory Usage: 90kB
        ->  Nested Loop  (cost=0.43..83072.29 rows=217 width=8) (actual time=0.456..1258.449 rows=1887 loops=1)
              ->  Seq Scan on movie_keyword mk  (cost=0.00..81003.12 rows=246 width=4) (actual time=0.413..1208.650 rows=1887 loops=1)
                    Filter: (keyword_id = 7121)
                    Rows Removed by Filter: 4522043
              ->  Index Scan using title_pkey on title t  (cost=0.43..8.40 rows=1 width=4) (actual time=0.025..0.025 rows=1 loops=1887)
                    Index Cond: (id = mk.movie_id)
                    Filter: (production_year < 2012)
Planning time: 1.199 ms
Execution time: 8567.995 ms
