Hash Join  (cost=436177.10..1488382.74 rows=1791345 width=0) (actual time=6321.733..42676.645 rows=23812463 loops=1)
  Hash Cond: (ci.movie_id = t.id)
  ->  Seq Scan on cast_info ci  (cost=0.00..614943.12 rows=36225612 width=4) (actual time=0.018..13006.782 rows=36244344 loops=1)
  ->  Hash  (cost=434125.16..434125.16 rows=125035 width=8) (actual time=6320.980..6320.980 rows=346247 loops=1)
        Buckets: 131072 (originally 131072)  Batches: 8 (originally 2)  Memory Usage: 3073kB
        ->  Hash Join  (cost=78556.72..434125.16 rows=125035 width=8) (actual time=5460.106..6208.236 rows=346247 loops=1)
              Hash Cond: (mi.movie_id = t.id)
              ->  Seq Scan on movie_info mi  (cost=0.00..346232.03 rows=473617 width=4) (actual time=4055.211..4445.587 rows=486554 loops=1)
                    Filter: (info_type_id = 5)
                    Rows Removed by Filter: 14349166
              ->  Hash  (cost=67604.59..67604.59 rows=667531 width=4) (actual time=1318.827..1318.827 rows=662825 loops=1)
                    Buckets: 131072  Batches: 16  Memory Usage: 2485kB
                    ->  Seq Scan on title t  (cost=0.00..67604.59 rows=667531 width=4) (actual time=186.451..1101.669 rows=662825 loops=1)
                          Filter: (kind_id = 1)
                          Rows Removed by Filter: 1865487
Planning time: 1.129 ms
Execution time: 45390.872 ms
