Hash Join  (cost=292626.21..961557.25 rows=13470755 width=0) (actual time=7344.826..49388.374 rows=103033189 loops=1)
  Hash Cond: (mi.movie_id = t.id)
  ->  Seq Scan on movie_info mi  (cost=0.00..346232.03 rows=13926693 width=4) (actual time=0.028..7514.663 rows=13963496 loops=1)
        Filter: (info_type_id < 98)
        Rows Removed by Filter: 872224
  ->  Hash  (cost=252500.37..252500.37 rows=2445747 width=8) (actual time=7343.851..7343.851 rows=2446778 loops=1)
        Buckets: 131072 (originally 131072)  Batches: 64 (originally 32)  Memory Usage: 4071kB
        ->  Hash Join  (cost=102767.86..252500.37 rows=2445747 width=8) (actual time=2002.118..5967.744 rows=2446778 loops=1)
              Hash Cond: (mk.movie_id = t.id)
              ->  Seq Scan on movie_keyword mk  (cost=0.00..81003.12 rows=2445747 width=4) (actual time=0.020..1663.287 rows=2446778 loops=1)
                    Filter: (keyword_id < 5831)
                    Rows Removed by Filter: 2077152
              ->  Hash  (cost=61283.27..61283.27 rows=2528527 width=4) (actual time=2001.183..2001.183 rows=2528312 loops=1)
                    Buckets: 131072  Batches: 64  Memory Usage: 2425kB
                    ->  Seq Scan on title t  (cost=0.00..61283.27 rows=2528527 width=4) (actual time=0.022..1171.418 rows=2528312 loops=1)
Planning time: 1.216 ms
Execution time: 61222.246 ms
