Hash Join  (cost=83073.59..876709.18 rows=510 width=0) (actual time=1803.880..19653.909 rows=64 loops=1)
  Hash Cond: (ci.movie_id = t.id)
  ->  Seq Scan on cast_info ci  (cost=0.00..705507.15 rows=23499554 width=4) (actual time=450.703..15128.131 rows=23573656 loops=1)
        Filter: (role_id > 1)
        Rows Removed by Filter: 12670688
  ->  Hash  (cost=83072.90..83072.90 rows=55 width=8) (actual time=1280.287..1280.287 rows=5 loops=1)
        Buckets: 1024  Batches: 1  Memory Usage: 9kB
        ->  Nested Loop  (cost=0.43..83072.90 rows=55 width=8) (actual time=719.522..1280.269 rows=5 loops=1)
              ->  Seq Scan on movie_keyword mk  (cost=0.00..81003.12 rows=246 width=4) (actual time=30.752..1274.924 rows=103 loops=1)
                    Filter: (keyword_id = 10284)
                    Rows Removed by Filter: 4523827
              ->  Index Scan using title_pkey on title t  (cost=0.43..8.40 rows=1 width=4) (actual time=0.048..0.048 rows=0 loops=103)
                    Index Cond: (id = mk.movie_id)
                    Filter: ((production_year < 1998) AND (kind_id = 7))
                    Rows Removed by Filter: 1
Planning time: 1.407 ms
Execution time: 19654.103 ms
