Hash Join  (cost=176669.51..665843.06 rows=877862 width=0) (actual time=3750.631..17680.032 rows=5337223 loops=1)
  Hash Cond: (mi.movie_id = t.id)
  ->  Seq Scan on movie_info mi  (cost=0.00..309384.22 rows=14739122 width=4) (actual time=0.023..6418.621 rows=14835720 loops=1)
  ->  Hash  (cost=174198.03..174198.03 rows=150599 width=8) (actual time=3749.846..3749.846 rows=300360 loops=1)
        Buckets: 131072 (originally 131072)  Batches: 4 (originally 2)  Memory Usage: 3972kB
        ->  Hash Join  (cost=102767.86..174198.03 rows=150599 width=8) (actual time=2475.755..3652.895 rows=300360 loops=1)
              Hash Cond: (mc.movie_id = t.id)
              ->  Seq Scan on movie_companies mc  (cost=0.00..57926.93 rows=150599 width=4) (actual time=381.777..910.440 rows=300360 loops=1)
                    Filter: ((company_id > 94233) AND (company_type_id = 2))
                    Rows Removed by Filter: 2308769
              ->  Hash  (cost=61283.27..61283.27 rows=2528527 width=4) (actual time=2092.864..2092.864 rows=2528312 loops=1)
                    Buckets: 131072  Batches: 64  Memory Usage: 2415kB
                    ->  Seq Scan on title t  (cost=0.00..61283.27 rows=2528527 width=4) (actual time=0.024..1246.830 rows=2528312 loops=1)
Planning time: 1.192 ms
Execution time: 18262.698 ms
