Seq Scan on movie_keyword mk  (cost=0.00..81003.12 rows=2927240 width=0) (actual time=0.019..1526.638 rows=2917741 loops=1)
  Filter: (keyword_id > 2487)
  Rows Removed by Filter: 1606189
Planning time: 0.313 ms
Execution time: 1889.980 ms
