Hash Join  (cost=176145.07..674537.68 rows=1741868 width=0) (actual time=3554.650..17898.964 rows=5265063 loops=1)
  Hash Cond: (mi.movie_id = t.id)
  ->  Seq Scan on movie_info mi  (cost=0.00..309384.22 rows=14739122 width=4) (actual time=0.023..6559.255 rows=14835720 loops=1)
  ->  Hash  (cost=171241.81..171241.81 rows=298821 width=8) (actual time=3553.951..3553.951 rows=292877 loops=1)
        Buckets: 131072  Batches: 4  Memory Usage: 3896kB
        ->  Hash Join  (cost=102767.86..171241.81 rows=298821 width=8) (actual time=1810.303..3457.793 rows=292877 loops=1)
              Hash Cond: (mc.movie_id = t.id)
              ->  Seq Scan on movie_companies mc  (cost=0.00..51404.11 rows=298821 width=4) (actual time=0.042..936.964 rows=292877 loops=1)
                    Filter: (company_id < 160)
                    Rows Removed by Filter: 2316252
              ->  Hash  (cost=61283.27..61283.27 rows=2528527 width=4) (actual time=1809.228..1809.228 rows=2528312 loops=1)
                    Buckets: 131072  Batches: 64  Memory Usage: 2415kB
                    ->  Seq Scan on title t  (cost=0.00..61283.27 rows=2528527 width=4) (actual time=0.011..1011.973 rows=2528312 loops=1)
Planning time: 1.148 ms
Execution time: 18478.335 ms
