Seq Scan on movie_keyword mk  (cost=0.00..81003.12 rows=623153 width=0) (actual time=0.026..1263.757 rows=627014 loops=1)
  Filter: (keyword_id > 29281)
  Rows Removed by Filter: 3896916
Planning time: 0.348 ms
Execution time: 1347.202 ms
