Hash Join  (cost=82039.24..148199.85 rows=185521 width=0) (actual time=1498.692..3075.979 rows=183738 loops=1)
  Hash Cond: (mc.movie_id = t.id)
  ->  Seq Scan on movie_companies mc  (cost=0.00..51404.11 rows=948609 width=4) (actual time=0.013..1017.605 rows=947068 loops=1)
        Filter: (company_id < 3665)
        Rows Removed by Filter: 1662061
  ->  Hash  (cost=73925.90..73925.90 rows=494507 width=4) (actual time=1497.908..1497.908 rows=375630 loops=1)
        Buckets: 131072  Batches: 8  Memory Usage: 2680kB
        ->  Seq Scan on title t  (cost=0.00..73925.90 rows=494507 width=4) (actual time=0.025..1375.819 rows=375630 loops=1)
              Filter: ((kind_id < 3) AND (production_year > 1994))
              Rows Removed by Filter: 2152682
Planning time: 3.752 ms
Execution time: 3098.500 ms
