Hash Join  (cost=365418.15..1773303.18 rows=35555910 width=0) (actual time=8725.113..61212.803 rows=115021900 loops=1)
  Hash Cond: (ci.movie_id = t.id)
  ->  Seq Scan on cast_info ci  (cost=0.00..705507.15 rows=19873004 width=4) (actual time=0.012..14154.474 rows=20017234 loops=1)
        Filter: (person_id > 1606595)
        Rows Removed by Filter: 16227110
  ->  Hash  (cost=291197.02..291197.02 rows=4523930 width=8) (actual time=8722.310..8722.310 rows=4523930 loops=1)
        Buckets: 131072  Batches: 64  Memory Usage: 3816kB
        ->  Hash Join  (cost=102767.86..291197.02 rows=4523930 width=8) (actual time=1908.892..7413.279 rows=4523930 loops=1)
              Hash Cond: (mk.movie_id = t.id)
              ->  Seq Scan on movie_keyword mk  (cost=0.00..69693.30 rows=4523930 width=4) (actual time=0.042..1503.513 rows=4523930 loops=1)
              ->  Hash  (cost=61283.27..61283.27 rows=2528527 width=4) (actual time=1907.740..1907.740 rows=2528312 loops=1)
                    Buckets: 131072  Batches: 64  Memory Usage: 2425kB
                    ->  Seq Scan on title t  (cost=0.00..61283.27 rows=2528527 width=4) (actual time=0.017..1038.595 rows=2528312 loops=1)
Planning time: 1.126 ms
Execution time: 73971.754 ms
