Hash Join  (cost=77602.93..117394.42 rows=122301 width=0) (actual time=1304.321..2285.761 rows=318859 loops=1)
  Hash Cond: (mi_idx.movie_id = t.id)
  ->  Seq Scan on movie_info_idx mi_idx  (cost=0.00..21735.35 rows=1380035 width=4) (actual time=0.019..380.552 rows=1380035 loops=1)
  ->  Hash  (cost=73925.90..73925.90 rows=224082 width=4) (actual time=1303.459..1303.459 rows=347213 loops=1)
        Buckets: 131072  Batches: 4  Memory Usage: 4080kB
        ->  Seq Scan on title t  (cost=0.00..73925.90 rows=224082 width=4) (actual time=0.090..1184.253 rows=347213 loops=1)
              Filter: ((production_year < 1996) AND (kind_id = 1))
              Rows Removed by Filter: 2181099
Planning time: 2.442 ms
Execution time: 2313.500 ms
