Hash Join  (cost=365418.15..1394707.63 rows=11193008 width=0) (actual time=19382.794..38429.798 rows=35805959 loops=1)
  Hash Cond: (ci.movie_id = t.id)
  ->  Seq Scan on cast_info ci  (cost=0.00..796071.18 rows=6256026 width=4) (actual time=11241.009..16798.640 rows=7451973 loops=1)
        Filter: ((person_id < 3139549) AND (role_id = 2))
        Rows Removed by Filter: 28792371
  ->  Hash  (cost=291197.02..291197.02 rows=4523930 width=8) (actual time=8140.609..8140.609 rows=4523930 loops=1)
        Buckets: 131072  Batches: 64  Memory Usage: 3816kB
        ->  Hash Join  (cost=102767.86..291197.02 rows=4523930 width=8) (actual time=1945.549..6903.841 rows=4523930 loops=1)
              Hash Cond: (mk.movie_id = t.id)
              ->  Seq Scan on movie_keyword mk  (cost=0.00..69693.30 rows=4523930 width=4) (actual time=0.018..1384.338 rows=4523930 loops=1)
              ->  Hash  (cost=61283.27..61283.27 rows=2528527 width=4) (actual time=1944.656..1944.656 rows=2528312 loops=1)
                    Buckets: 131072  Batches: 64  Memory Usage: 2425kB
                    ->  Seq Scan on title t  (cost=0.00..61283.27 rows=2528527 width=4) (actual time=0.028..1115.358 rows=2528312 loops=1)
Planning time: 1.178 ms
Execution time: 42329.638 ms
