Hash Join  (cost=114617.40..169329.61 rows=4668 width=0) (actual time=1382.400..2614.419 rows=40431 loops=1)
  Hash Cond: (mc.movie_id = t.id)
  ->  Seq Scan on movie_companies mc  (cost=0.00..44881.29 rows=2609129 width=4) (actual time=0.029..705.501 rows=2609129 loops=1)
  ->  Hash  (cost=114560.85..114560.85 rows=4524 width=8) (actual time=1381.868..1381.868 rows=5235 loops=1)
        Buckets: 8192  Batches: 1  Memory Usage: 269kB
        ->  Nested Loop  (cost=0.43..114560.85 rows=4524 width=8) (actual time=0.289..1378.869 rows=5235 loops=1)
              ->  Seq Scan on movie_keyword mk  (cost=0.00..81003.12 rows=4524 width=4) (actual time=0.228..1222.474 rows=5235 loops=1)
                    Filter: (keyword_id = 816)
                    Rows Removed by Filter: 4518695
              ->  Index Only Scan using title_pkey on title t  (cost=0.43..7.41 rows=1 width=4) (actual time=0.029..0.029 rows=1 loops=5235)
                    Index Cond: (id = mk.movie_id)
                    Heap Fetches: 5235
Planning time: 1.163 ms
Execution time: 2620.089 ms
