Seq Scan on movie_keyword mk  (cost=0.00..81003.12 rows=246 width=0) (actual time=0.672..1214.420 rows=345 loops=1)
  Filter: (keyword_id = 5279)
  Rows Removed by Filter: 4523585
Planning time: 0.380 ms
Execution time: 1214.684 ms
