Seq Scan on cast_info ci  (cost=0.00..796071.18 rows=12340505 width=0) (actual time=3080.738..16657.052 rows=11948167 loops=1)
  Filter: ((person_id > 101075) AND (role_id = 1))
  Rows Removed by Filter: 24296177
Planning time: 0.404 ms
Execution time: 18059.143 ms
