Seq Scan on movie_keyword mk  (cost=0.00..81003.12 rows=3275395 width=0) (actual time=0.020..1588.449 rows=3263016 loops=1)
  Filter: (keyword_id < 14221)
  Rows Removed by Filter: 1260914
Planning time: 0.312 ms
Execution time: 2007.321 ms
