Seq Scan on cast_info ci  (cost=0.00..796071.18 rows=7826842 width=0) (actual time=287.881..12739.877 rows=3329901 loops=1)
  Filter: ((person_id < 1178910) AND (role_id > 1))
  Rows Removed by Filter: 32914443
Planning time: 0.366 ms
Execution time: 13153.726 ms
