Seq Scan on movie_keyword mk  (cost=0.00..81003.12 rows=104418 width=0) (actual time=0.014..1197.524 rows=102787 loops=1)
  Filter: (keyword_id > 81629)
  Rows Removed by Filter: 4421143
Planning time: 0.215 ms
Execution time: 1212.194 ms
