Hash Join  (cost=194952.14..1015661.46 rows=89127 width=0) (actual time=5165.864..20070.365 rows=191847 loops=1)
  Hash Cond: (ci.movie_id = t.id)
  ->  Seq Scan on cast_info ci  (cost=0.00..796071.18 rows=6332500 width=4) (actual time=990.600..14042.075 rows=7451973 loops=1)
        Filter: ((person_id < 3192944) AND (role_id = 2))
        Rows Removed by Filter: 28792371
  ->  Hash  (cost=194507.29..194507.29 rows=35588 width=8) (actual time=4174.694..4174.694 rows=34710 loops=1)
        Buckets: 65536  Batches: 1  Memory Usage: 1868kB
        ->  Hash Join  (cost=102767.86..194507.29 rows=35588 width=8) (actual time=1940.735..4159.772 rows=34710 loops=1)
              Hash Cond: (mk.movie_id = t.id)
              ->  Seq Scan on movie_keyword mk  (cost=0.00..81003.12 rows=35588 width=4) (actual time=0.031..1201.664 rows=34710 loops=1)
                    Filter: (keyword_id = 2488)
                    Rows Removed by Filter: 4489220
              ->  Hash  (cost=61283.27..61283.27 rows=2528527 width=4) (actual time=1937.525..1937.525 rows=2528312 loops=1)
                    Buckets: 131072  Batches: 64  Memory Usage: 2425kB
                    ->  Seq Scan on title t  (cost=0.00..61283.27 rows=2528527 width=4) (actual time=0.024..1082.560 rows=2528312 loops=1)
Planning time: 1.197 ms
Execution time: 20095.663 ms
