Hash Join  (cost=204890.27..695784.47 rows=3177901 width=0) (actual time=5209.958..19402.290 rows=13571517 loops=1)
  Hash Cond: (mi.movie_id = t.id)
  ->  Seq Scan on movie_info mi  (cost=0.00..346232.03 rows=9476311 width=4) (actual time=248.611..6625.712 rows=9565151 loops=1)
        Filter: (info_type_id < 16)
        Rows Removed by Filter: 5270569
  ->  Hash  (cost=190977.93..190977.93 rows=847947 width=8) (actual time=4946.067..4946.067 rows=655620 loops=1)
        Buckets: 131072  Batches: 16  Memory Usage: 2664kB
        ->  Hash Join  (cost=102767.86..190977.93 rows=847947 width=8) (actual time=1954.619..4751.653 rows=655620 loops=1)
              Hash Cond: (mc.movie_id = t.id)
              ->  Seq Scan on movie_companies mc  (cost=0.00..57926.93 rows=847947 width=4) (actual time=0.041..993.864 rows=655620 loops=1)
                    Filter: ((company_id > 2561) AND (company_type_id = 1))
                    Rows Removed by Filter: 1953509
              ->  Hash  (cost=61283.27..61283.27 rows=2528527 width=4) (actual time=1952.224..1952.224 rows=2528312 loops=1)
                    Buckets: 131072  Batches: 64  Memory Usage: 2415kB
                    ->  Seq Scan on title t  (cost=0.00..61283.27 rows=2528527 width=4) (actual time=0.015..1107.452 rows=2528312 loops=1)
Planning time: 1.211 ms
Execution time: 20734.780 ms
