Hash Join  (cost=68191.41..829813.40 rows=264722 width=0) (actual time=1161.921..17418.749 rows=259083 loops=1)
  Hash Cond: (ci.movie_id = t.id)
  ->  Seq Scan on cast_info ci  (cost=0.00..705507.15 rows=14258031 width=4) (actual time=0.178..11911.717 rows=14202257 loops=1)
        Filter: (person_id < 1398453)
        Rows Removed by Filter: 22042087
  ->  Hash  (cost=67604.59..67604.59 rows=46946 width=4) (actual time=1044.098..1044.098 rows=46583 loops=1)
        Buckets: 65536  Batches: 1  Memory Usage: 2150kB
        ->  Seq Scan on title t  (cost=0.00..67604.59 rows=46946 width=4) (actual time=0.045..1024.500 rows=46583 loops=1)
              Filter: (production_year = 1998)
              Rows Removed by Filter: 2481729
Planning time: 0.540 ms
Execution time: 17458.762 ms
