Seq Scan on cast_info ci  (cost=0.00..796071.18 rows=7535010 width=0) (actual time=0.022..14147.481 rows=11006367 loops=1)
  Filter: ((person_id > 1928014) AND (role_id > 2))
  Rows Removed by Filter: 25237977
Planning time: 0.310 ms
Execution time: 15474.615 ms
