Seq Scan on movie_companies mc  (cost=0.00..57926.93 rows=53 width=0) (actual time=487.902..776.442 rows=33 loops=1)
  Filter: ((company_id = 5901) AND (company_type_id = 2))
  Rows Removed by Filter: 2609096
Planning time: 0.368 ms
Execution time: 776.544 ms
