Hash Join  (cost=83073.14..145405.21 rows=9 width=0) (actual time=1522.962..2513.572 rows=2374 loops=1)
  Hash Cond: (mc.movie_id = t.id)
  ->  Seq Scan on movie_companies mc  (cost=0.00..57926.93 rows=1174679 width=4) (actual time=53.334..1113.032 rows=1107481 loops=1)
        Filter: ((company_id > 69) AND (company_type_id = 1))
        Rows Removed by Filter: 1501648
  ->  Hash  (cost=83072.90..83072.90 rows=19 width=8) (actual time=1243.256..1243.256 rows=412 loops=1)
        Buckets: 1024  Batches: 1  Memory Usage: 25kB
        ->  Nested Loop  (cost=0.43..83072.90 rows=19 width=8) (actual time=0.574..1242.863 rows=412 loops=1)
              ->  Seq Scan on movie_keyword mk  (cost=0.00..81003.12 rows=246 width=4) (actual time=0.303..1220.745 rows=773 loops=1)
                    Filter: (keyword_id = 828)
                    Rows Removed by Filter: 4523157
              ->  Index Scan using title_pkey on title t  (cost=0.43..8.40 rows=1 width=4) (actual time=0.027..0.027 rows=1 loops=773)
                    Index Cond: (id = mk.movie_id)
                    Filter: ((production_year < 1993) AND (kind_id = 1))
                    Rows Removed by Filter: 0
Planning time: 1.193 ms
Execution time: 2514.112 ms
