Seq Scan on title t  (cost=0.00..73925.90 rows=171864 width=0) (actual time=0.026..1141.515 rows=275829 loops=1)
  Filter: ((kind_id < 7) AND (production_year < 1975))
  Rows Removed by Filter: 2252483
Planning time: 0.361 ms
Execution time: 1178.676 ms
