Seq Scan on cast_info ci  (cost=0.00..796071.18 rows=224 width=0) (actual time=741.548..13440.193 rows=1468 loops=1)
  Filter: ((role_id > 2) AND (person_id = 1441525))
  Rows Removed by Filter: 36242876
Planning time: 2.187 ms
Execution time: 13440.530 ms
