Hash Join  (cost=69687.24..479917.42 rows=264225 width=0) (actual time=2649.305..9162.762 rows=274433 loops=1)
  Hash Cond: (mi.movie_id = t.id)
  ->  Seq Scan on movie_info mi  (cost=0.00..346232.03 rows=5263441 width=4) (actual time=1528.495..6086.221 rows=5270569 loops=1)
        Filter: (info_type_id > 15)
        Rows Removed by Filter: 9565151
  ->  Hash  (cost=67604.59..67604.59 rows=126932 width=4) (actual time=1119.908..1119.908 rows=122861 loops=1)
        Buckets: 131072  Batches: 2  Memory Usage: 3197kB
        ->  Seq Scan on title t  (cost=0.00..67604.59 rows=126932 width=4) (actual time=0.033..1072.384 rows=122861 loops=1)
              Filter: (production_year = 2008)
              Rows Removed by Filter: 2405451
Planning time: 2.622 ms
Execution time: 9198.706 ms
