Seq Scan on cast_info ci  (cost=0.00..705507.15 rows=500 width=0) (actual time=4917.244..10294.953 rows=53 loops=1)
  Filter: (person_id = 1916613)
  Rows Removed by Filter: 36244291
Planning time: 0.286 ms
Execution time: 10295.096 ms
