Hash Join  (cost=103524.52..199609.72 rows=1346025 width=0) (actual time=2026.316..4637.288 rows=973721 loops=1)
  Hash Cond: (mc.movie_id = t.id)
  ->  Seq Scan on movie_companies mc  (cost=0.00..51404.11 rows=1886568 width=4) (actual time=0.017..1026.724 rows=1882758 loops=1)
        Filter: (company_id < 41178)
        Rows Removed by Filter: 726371
  ->  Hash  (cost=73925.90..73925.90 rows=1804049 width=4) (actual time=2025.188..2025.188 rows=1799907 loops=1)
        Buckets: 131072  Batches: 32  Memory Usage: 3007kB
        ->  Seq Scan on title t  (cost=0.00..73925.90 rows=1804049 width=4) (actual time=0.024..1444.395 rows=1799907 loops=1)
              Filter: ((kind_id > 1) AND (production_year > 1899))
              Rows Removed by Filter: 728405
Planning time: 1.286 ms
Execution time: 4757.251 ms
