Hash Join  (cost=420986.05..449681.05 rows=6310 width=0) (actual time=6499.731..7243.677 rows=15494 loops=1)
  Hash Cond: (mi_idx.movie_id = t.id)
  ->  Seq Scan on movie_info_idx mi_idx  (cost=0.00..25185.44 rows=919057 width=4) (actual time=0.014..578.932 rows=920110 loops=1)
        Filter: (info_type_id > 99)
        Rows Removed by Filter: 459925
  ->  Hash  (cost=420769.05..420769.05 rows=17360 width=8) (actual time=6491.569..6491.569 rows=11185 loops=1)
        Buckets: 32768  Batches: 1  Memory Usage: 693kB
        ->  Hash Join  (cost=69484.36..420769.05 rows=17360 width=8) (actual time=2372.523..6487.370 rows=11185 loops=1)
              Hash Cond: (mi.movie_id = t.id)
              ->  Seq Scan on movie_info mi  (cost=0.00..346232.03 rows=383217 width=4) (actual time=1088.783..5196.607 rows=368218 loops=1)
                    Filter: (info_type_id = 17)
                    Rows Removed by Filter: 14467502
              ->  Hash  (cost=67604.59..67604.59 rows=114542 width=4) (actual time=1146.675..1146.675 rows=118234 loops=1)
                    Buckets: 131072  Batches: 2  Memory Usage: 3107kB
                    ->  Seq Scan on title t  (cost=0.00..67604.59 rows=114542 width=4) (actual time=205.000..1103.339 rows=118234 loops=1)
                          Filter: (kind_id = 4)
                          Rows Removed by Filter: 2410078
Planning time: 13.576 ms
Execution time: 7246.038 ms
