Seq Scan on movie_companies mc  (cost=0.00..51404.11 rows=104 width=0) (actual time=151.845..752.201 rows=6 loops=1)
  Filter: (company_id = 38618)
  Rows Removed by Filter: 2609123
Planning time: 0.344 ms
Execution time: 752.279 ms
