Seq Scan on cast_info ci  (cost=0.00..705507.15 rows=12522204 width=0) (actual time=0.025..11376.177 rows=12446370 loops=1)
  Filter: (person_id < 1227833)
  Rows Removed by Filter: 23797974
Planning time: 0.324 ms
Execution time: 12945.917 ms
