Hash Join  (cost=423821.66..1195539.85 rows=70443 width=0) (actual time=6657.355..22217.626 rows=33301 loops=1)
  Hash Cond: (ci.movie_id = t.id)
  ->  Seq Scan on cast_info ci  (cost=0.00..705507.15 rows=17468422 width=4) (actual time=0.030..12355.407 rows=17348110 loops=1)
        Filter: (person_id < 1714478)
        Rows Removed by Filter: 18896234
  ->  Hash  (cost=423694.20..423694.20 rows=10197 width=8) (actual time=6656.925..6656.925 rows=3173 loops=1)
        Buckets: 16384  Batches: 1  Memory Usage: 252kB
        ->  Hash Join  (cost=74323.94..423694.20 rows=10197 width=8) (actual time=1372.047..6655.440 rows=3173 loops=1)
              Hash Cond: (mi.movie_id = t.id)
              ->  Seq Scan on movie_info mi  (cost=0.00..346232.03 rows=809669 width=4) (actual time=166.638..5266.793 rows=802140 loops=1)
                    Filter: (info_type_id = 1)
                    Rows Removed by Filter: 14033580
              ->  Hash  (cost=73925.90..73925.90 rows=31843 width=4) (actual time=1205.122..1205.122 rows=35656 loops=1)
                    Buckets: 65536 (originally 32768)  Batches: 1 (originally 1)  Memory Usage: 1766kB
                    ->  Seq Scan on title t  (cost=0.00..73925.90 rows=31843 width=4) (actual time=0.033..1188.104 rows=35656 loops=1)
                          Filter: ((kind_id = 7) AND (production_year = 2000))
                          Rows Removed by Filter: 2492656
Planning time: 1.293 ms
Execution time: 22224.222 ms
