Nested Loop  (cost=0.43..58358.39 rows=31 width=0) (actual time=249.419..847.220 rows=346 loops=1)
  ->  Seq Scan on movie_companies mc  (cost=0.00..57926.93 rows=51 width=4) (actual time=249.351..816.556 rows=927 loops=1)
        Filter: ((company_id = 125) AND (company_type_id = 1))
        Rows Removed by Filter: 2608202
  ->  Index Scan using title_pkey on title t  (cost=0.43..8.45 rows=1 width=4) (actual time=0.032..0.032 rows=0 loops=927)
        Index Cond: (id = mc.movie_id)
        Filter: (kind_id = 7)
        Rows Removed by Filter: 1
Planning time: 0.760 ms
Execution time: 847.406 ms
