Hash Join  (cost=74469.67..137087.05 rows=20575 width=0) (actual time=1632.017..2537.758 rows=14483 loops=1)
  Hash Cond: (mc.movie_id = t.id)
  ->  Seq Scan on movie_companies mc  (cost=0.00..57926.93 rows=1195919 width=4) (actual time=179.562..1175.901 rows=1068336 loops=1)
        Filter: ((company_id < 98382) AND (company_type_id = 2))
        Rows Removed by Filter: 1540793
  ->  Hash  (cost=73925.90..73925.90 rows=43501 width=4) (actual time=1101.727..1101.727 rows=39560 loops=1)
        Buckets: 65536  Batches: 1  Memory Usage: 1903kB
        ->  Seq Scan on title t  (cost=0.00..73925.90 rows=43501 width=4) (actual time=0.040..1084.929 rows=39560 loops=1)
              Filter: ((kind_id = 1) AND (production_year = 2012))
              Rows Removed by Filter: 2488752
Planning time: 0.766 ms
Execution time: 2540.115 ms
