Seq Scan on movie_companies mc  (cost=0.00..57926.93 rows=53 width=0) (actual time=5.641..736.496 rows=58 loops=1)
  Filter: ((company_id = 18810) AND (company_type_id = 2))
  Rows Removed by Filter: 2609071
Planning time: 0.363 ms
Execution time: 736.614 ms
