Seq Scan on movie_keyword mk  (cost=0.00..81003.12 rows=246 width=0) (actual time=24.560..1268.486 rows=275 loops=1)
  Filter: (keyword_id = 3419)
  Rows Removed by Filter: 4523655
Planning time: 1.027 ms
Execution time: 1268.742 ms
