Seq Scan on movie_keyword mk  (cost=0.00..81003.12 rows=246 width=0) (actual time=0.054..1215.643 rows=2637 loops=1)
  Filter: (keyword_id = 381)
  Rows Removed by Filter: 4521293
Planning time: 0.266 ms
Execution time: 1216.480 ms
