Hash Join  (cost=365418.15..2159067.94 rows=50885255 width=0) (actual time=8356.687..76912.791 rows=147155896 loops=1)
  Hash Cond: (ci.movie_id = t.id)
  ->  Seq Scan on cast_info ci  (cost=0.00..796071.18 rows=28440922 width=4) (actual time=0.033..20028.245 rows=28589825 loops=1)
        Filter: ((person_id > 28350) AND (role_id < 8))
        Rows Removed by Filter: 7654519
  ->  Hash  (cost=291197.02..291197.02 rows=4523930 width=8) (actual time=8354.570..8354.570 rows=4523930 loops=1)
        Buckets: 131072  Batches: 64  Memory Usage: 3816kB
        ->  Hash Join  (cost=102767.86..291197.02 rows=4523930 width=8) (actual time=1866.568..7198.911 rows=4523930 loops=1)
              Hash Cond: (mk.movie_id = t.id)
              ->  Seq Scan on movie_keyword mk  (cost=0.00..69693.30 rows=4523930 width=4) (actual time=0.022..1561.698 rows=4523930 loops=1)
              ->  Hash  (cost=61283.27..61283.27 rows=2528527 width=4) (actual time=1865.060..1865.060 rows=2528312 loops=1)
                    Buckets: 131072  Batches: 64  Memory Usage: 2425kB
                    ->  Seq Scan on title t  (cost=0.00..61283.27 rows=2528527 width=4) (actual time=0.021..1010.877 rows=2528312 loops=1)
Planning time: 1.241 ms
Execution time: 92516.084 ms
