Seq Scan on movie_companies mc  (cost=0.00..51404.11 rows=1286110 width=0) (actual time=0.162..897.596 rows=1278611 loops=1)
  Filter: (company_id < 11209)
  Rows Removed by Filter: 1330518
Planning time: 0.309 ms
Execution time: 1063.906 ms
