Seq Scan on movie_keyword mk  (cost=0.00..81003.12 rows=795698 width=0) (actual time=0.021..1379.453 rows=795307 loops=1)
  Filter: (keyword_id < 765)
  Rows Removed by Filter: 3728623
Planning time: 0.292 ms
Execution time: 1483.832 ms
