Hash Join  (cost=190230.21..324086.92 rows=1521952 width=0) (actual time=4438.883..8971.776 rows=6418595 loops=1)
  Hash Cond: (mk.movie_id = t.id)
  ->  Seq Scan on movie_keyword mk  (cost=0.00..81003.12 rows=2788550 width=4) (actual time=0.015..1715.495 rows=2778595 loops=1)
        Filter: (keyword_id < 8012)
        Rows Removed by Filter: 1745335
  ->  Hash  (cost=167588.78..167588.78 rows=1380035 width=8) (actual time=4437.788..4437.788 rows=1380035 loops=1)
        Buckets: 131072  Batches: 32  Memory Usage: 2726kB
        ->  Hash Join  (cost=102767.86..167588.78 rows=1380035 width=8) (actual time=2014.796..4027.840 rows=1380035 loops=1)
              Hash Cond: (mi_idx.movie_id = t.id)
              ->  Seq Scan on movie_info_idx mi_idx  (cost=0.00..21735.35 rows=1380035 width=4) (actual time=0.027..472.841 rows=1380035 loops=1)
              ->  Hash  (cost=61283.27..61283.27 rows=2528527 width=4) (actual time=2013.545..2013.545 rows=2528312 loops=1)
                    Buckets: 131072  Batches: 64  Memory Usage: 2415kB
                    ->  Seq Scan on title t  (cost=0.00..61283.27 rows=2528527 width=4) (actual time=0.020..1136.407 rows=2528312 loops=1)
Planning time: 1.120 ms
Execution time: 9650.268 ms
