Seq Scan on cast_info ci  (cost=0.00..796071.18 rows=435 width=0) (actual time=5807.541..14350.724 rows=6 loops=1)
  Filter: ((role_id < 10) AND (person_id = 1464367))
  Rows Removed by Filter: 36244338
Planning time: 0.399 ms
Execution time: 14350.848 ms
