Seq Scan on cast_info ci  (cost=0.00..705507.15 rows=500 width=0) (actual time=10849.320..11069.855 rows=17 loops=1)
  Filter: (person_id = 2360087)
  Rows Removed by Filter: 36244327
Planning time: 0.419 ms
Execution time: 11069.974 ms
