Hash Join  (cost=73990.99..811820.37 rows=17653 width=0) (actual time=1147.382..16378.644 rows=44594 loops=1)
  Hash Cond: (ci.movie_id = t.id)
  ->  Seq Scan on cast_info ci  (cost=0.00..705507.15 rows=8572187 width=4) (actual time=0.014..13564.472 rows=8486314 loops=1)
        Filter: (role_id > 5)
        Rows Removed by Filter: 27758030
  ->  Hash  (cost=73925.90..73925.90 rows=5207 width=4) (actual time=1146.226..1146.226 rows=12724 loops=1)
        Buckets: 16384 (originally 8192)  Batches: 1 (originally 1)  Memory Usage: 576kB
        ->  Seq Scan on title t  (cost=0.00..73925.90 rows=5207 width=4) (actual time=0.165..1140.094 rows=12724 loops=1)
              Filter: ((kind_id > 2) AND (production_year = 1985))
              Rows Removed by Filter: 2515588
Planning time: 1.958 ms
Execution time: 16385.740 ms
