Hash Join  (cost=74329.88..101416.75 rows=17639 width=0) (actual time=1127.376..1700.497 rows=28703 loops=1)
  Hash Cond: (mi_idx.movie_id = t.id)
  ->  Seq Scan on movie_info_idx mi_idx  (cost=0.00..21735.35 rows=1380035 width=4) (actual time=0.015..267.838 rows=1380035 loops=1)
  ->  Hash  (cost=73925.90..73925.90 rows=32318 width=4) (actual time=1126.923..1126.923 rows=20209 loops=1)
        Buckets: 32768  Batches: 1  Memory Usage: 967kB
        ->  Seq Scan on title t  (cost=0.00..73925.90 rows=32318 width=4) (actual time=0.028..1118.328 rows=20209 loops=1)
              Filter: ((kind_id < 3) AND (production_year = 2006))
              Rows Removed by Filter: 2508103
Planning time: 0.757 ms
Execution time: 1704.570 ms
