Hash Join  (cost=796579.38..883238.49 rows=107 width=0) (actual time=11744.242..12229.153 rows=2 loops=1)
  Hash Cond: (mk.movie_id = t.id)
  ->  Seq Scan on movie_keyword mk  (cost=0.00..69693.30 rows=4523930 width=4) (actual time=0.016..1014.774 rows=4523930 loops=1)
  ->  Hash  (cost=796578.63..796578.63 rows=60 width=8) (actual time=10498.180..10498.180 rows=1 loops=1)
        Buckets: 1024  Batches: 1  Memory Usage: 9kB
        ->  Nested Loop  (cost=0.43..796578.63 rows=60 width=8) (actual time=8252.842..10498.169 rows=1 loops=1)
              ->  Seq Scan on cast_info ci  (cost=0.00..796071.18 rows=60 width=4) (actual time=8252.752..10498.074 rows=1 loops=1)
                    Filter: ((person_id = 1658288) AND (role_id = 10))
                    Rows Removed by Filter: 36244343
              ->  Index Only Scan using title_pkey on title t  (cost=0.43..8.45 rows=1 width=4) (actual time=0.061..0.062 rows=1 loops=1)
                    Index Cond: (id = ci.movie_id)
                    Heap Fetches: 1
Planning time: 1.218 ms
Execution time: 12229.271 ms
