Hash Join  (cost=438613.38..477163.05 rows=49919 width=0) (actual time=7544.545..8390.974 rows=1899 loops=1)
  Hash Cond: (mi_idx.movie_id = t.id)
  ->  Seq Scan on movie_info_idx mi_idx  (cost=0.00..21735.35 rows=1380035 width=4) (actual time=0.024..423.265 rows=1380035 loops=1)
  ->  Hash  (cost=437112.09..437112.09 rows=91463 width=8) (actual time=7541.016..7541.016 rows=2330 loops=1)
        Buckets: 131072  Batches: 2  Memory Usage: 1071kB
        ->  Hash Join  (cost=82955.72..437112.09 rows=91463 width=8) (actual time=6793.657..7539.802 rows=2330 loops=1)
              Hash Cond: (mi.movie_id = t.id)
              ->  Seq Scan on movie_info mi  (cost=0.00..346232.03 rows=420192 width=4) (actual time=4412.431..5239.667 rows=465636 loops=1)
                    Filter: (info_type_id > 103)
                    Rows Removed by Filter: 14370084
              ->  Hash  (cost=73925.90..73925.90 rows=550385 width=4) (actual time=2045.274..2045.274 rows=602403 loops=1)
                    Buckets: 131072  Batches: 8  Memory Usage: 3678kB
                    ->  Seq Scan on title t  (cost=0.00..73925.90 rows=550385 width=4) (actual time=282.978..1212.844 rows=602403 loops=1)
                          Filter: ((production_year > 2006) AND (kind_id = 7))
                          Rows Removed by Filter: 1925909
Planning time: 1.193 ms
Execution time: 8391.922 ms
