Hash Join  (cost=178672.13..535691.66 rows=64088 width=0) (actual time=4191.209..8710.502 rows=63410 loops=1)
  Hash Cond: (mi.movie_id = t.id)
  ->  Seq Scan on movie_info mi  (cost=0.00..346232.03 rows=809768 width=4) (actual time=976.819..5139.061 rows=802140 loops=1)
        Filter: (info_type_id < 2)
        Rows Removed by Filter: 14033580
  ->  Hash  (cost=175388.68..175388.68 rows=200116 width=8) (actual time=3213.531..3213.531 rows=92911 loops=1)
        Buckets: 131072  Batches: 4  Memory Usage: 1942kB
        ->  Hash Join  (cost=102767.86..175388.68 rows=200116 width=8) (actual time=2020.300..3182.947 rows=92911 loops=1)
              Hash Cond: (mc.movie_id = t.id)
              ->  Seq Scan on movie_companies mc  (cost=0.00..57926.93 rows=200116 width=4) (actual time=135.036..819.498 rows=92911 loops=1)
                    Filter: ((company_id < 240) AND (company_type_id = 2))
                    Rows Removed by Filter: 2516218
              ->  Hash  (cost=61283.27..61283.27 rows=2528527 width=4) (actual time=1884.080..1884.080 rows=2528312 loops=1)
                    Buckets: 131072  Batches: 64  Memory Usage: 2415kB
                    ->  Seq Scan on title t  (cost=0.00..61283.27 rows=2528527 width=4) (actual time=0.020..1067.735 rows=2528312 loops=1)
Planning time: 1.157 ms
Execution time: 8719.155 ms
