Hash Join  (cost=177572.59..668134.95 rows=1008044 width=0) (actual time=3498.832..19925.557 rows=6036723 loops=1)
  Hash Cond: (mi.movie_id = t.id)
  ->  Seq Scan on movie_info mi  (cost=0.00..309384.22 rows=14739122 width=4) (actual time=0.010..6243.299 rows=14835720 loops=1)
  ->  Hash  (cost=174734.94..174734.94 rows=172932 width=8) (actual time=3498.025..3498.025 rows=341829 loops=1)
        Buckets: 131072 (originally 131072)  Batches: 8 (originally 4)  Memory Usage: 3073kB
        ->  Hash Join  (cost=102767.86..174734.94 rows=172932 width=8) (actual time=1911.734..3388.992 rows=341829 loops=1)
              Hash Cond: (mc.movie_id = t.id)
              ->  Seq Scan on movie_companies mc  (cost=0.00..57926.93 rows=172932 width=4) (actual time=92.467..880.163 rows=341829 loops=1)
                    Filter: ((company_id > 89104) AND (company_type_id = 2))
                    Rows Removed by Filter: 2267300
              ->  Hash  (cost=61283.27..61283.27 rows=2528527 width=4) (actual time=1817.310..1817.310 rows=2528312 loops=1)
                    Buckets: 131072  Batches: 64  Memory Usage: 2415kB
                    ->  Seq Scan on title t  (cost=0.00..61283.27 rows=2528527 width=4) (actual time=0.018..987.427 rows=2528312 loops=1)
Planning time: 1.788 ms
Execution time: 20616.954 ms
