Hash Join  (cost=58375.80..408951.18 rows=18 width=0) (actual time=1780.441..5777.867 rows=168 loops=1)
  Hash Cond: (mi.movie_id = t.id)
  ->  Seq Scan on movie_info mi  (cost=0.00..346232.03 rows=1158179 width=4) (actual time=498.722..4621.072 rows=1204709 loops=1)
        Filter: (info_type_id > 18)
        Rows Removed by Filter: 13631011
  ->  Hash  (cost=58375.31..58375.31 rows=39 width=8) (actual time=983.740..983.740 rows=333 loops=1)
        Buckets: 1024  Batches: 1  Memory Usage: 22kB
        ->  Nested Loop  (cost=0.43..58375.31 rows=39 width=8) (actual time=185.044..983.529 rows=333 loops=1)
              ->  Seq Scan on movie_companies mc  (cost=0.00..57926.93 rows=53 width=4) (actual time=184.971..972.218 rows=336 loops=1)
                    Filter: ((company_type_id > 1) AND (company_id = 795))
                    Rows Removed by Filter: 2608793
              ->  Index Scan using title_pkey on title t  (cost=0.43..8.45 rows=1 width=4) (actual time=0.032..0.033 rows=1 loops=336)
                    Index Cond: (id = mc.movie_id)
                    Filter: (kind_id > 1)
                    Rows Removed by Filter: 0
Planning time: 1.214 ms
Execution time: 5778.038 ms
