Seq Scan on movie_companies mc  (cost=0.00..51404.11 rows=1590335 width=0) (actual time=0.014..1003.668 rows=1581262 loops=1)
  Filter: (company_id < 15661)
  Rows Removed by Filter: 1027867
Planning time: 1.158 ms
Execution time: 1202.397 ms
