Hash Join  (cost=166465.87..1276300.10 rows=7401307 width=0) (actual time=3847.884..37991.317 rows=15190799 loops=1)
  Hash Cond: (ci.movie_id = t.id)
  ->  Seq Scan on cast_info ci  (cost=0.00..614943.12 rows=36225612 width=4) (actual time=0.020..13792.847 rows=36244344 loops=1)
  ->  Hash  (cost=157990.28..157990.28 rows=516607 width=8) (actual time=3846.844..3846.844 rows=820656 loops=1)
        Buckets: 131072 (originally 131072)  Batches: 16 (originally 8)  Memory Usage: 3073kB
        ->  Hash Join  (cost=75818.69..157990.28 rows=516607 width=8) (actual time=1322.194..3622.471 rows=820656 loops=1)
              Hash Cond: (mc.movie_id = t.id)
              ->  Seq Scan on movie_companies mc  (cost=0.00..44881.29 rows=2609129 width=4) (actual time=0.018..851.870 rows=2609129 loops=1)
              ->  Hash  (cost=67604.59..67604.59 rows=500648 width=4) (actual time=1321.002..1321.002 rows=494029 loops=1)
                    Buckets: 131072  Batches: 8  Memory Usage: 3188kB
                    ->  Seq Scan on title t  (cost=0.00..67604.59 rows=500648 width=4) (actual time=0.024..1163.962 rows=494029 loops=1)
                          Filter: (production_year < 1979)
                          Rows Removed by Filter: 2034283
Planning time: 1.182 ms
Execution time: 39674.112 ms
