Hash Join  (cost=83810.17..139880.50 rows=20368 width=0) (actual time=2352.173..2793.296 rows=51043 loops=1)
  Hash Cond: (mc.movie_id = t.id)
  ->  Seq Scan on movie_companies mc  (cost=0.00..51404.11 rows=52141 width=4) (actual time=443.534..690.424 rows=51043 loops=1)
        Filter: (company_id > 190648)
        Rows Removed by Filter: 2558086
  ->  Hash  (cost=67604.59..67604.59 rows=987727 width=4) (actual time=1907.476..1907.476 rows=985048 loops=1)
        Buckets: 131072  Batches: 16  Memory Usage: 3188kB
        ->  Seq Scan on title t  (cost=0.00..67604.59 rows=987727 width=4) (actual time=0.053..1196.757 rows=985048 loops=1)
              Filter: (kind_id < 7)
              Rows Removed by Filter: 1543264
Planning time: 0.705 ms
Execution time: 2799.497 ms
