Hash Join  (cost=191392.45..736967.75 rows=6163837 width=0) (actual time=5025.699..27657.086 rows=34091012 loops=1)
  Hash Cond: (mi.movie_id = t.id)
  ->  Seq Scan on movie_info mi  (cost=0.00..309384.22 rows=14739122 width=4) (actual time=0.020..6218.671 rows=14835720 loops=1)
  ->  Hash  (cost=174043.71..174043.71 rows=1057419 width=8) (actual time=5023.941..5023.941 rows=1367473 loops=1)
        Buckets: 131072 (originally 131072)  Batches: 32 (originally 16)  Memory Usage: 3073kB
        ->  Hash Join  (cost=84417.00..174043.71 rows=1057419 width=8) (actual time=1719.133..4592.340 rows=1367473 loops=1)
              Hash Cond: (mc.movie_id = t.id)
              ->  Seq Scan on movie_companies mc  (cost=0.00..44881.29 rows=2609129 width=4) (actual time=0.018..954.339 rows=2609129 loops=1)
              ->  Hash  (cost=67604.59..67604.59 rows=1024753 width=4) (actual time=1718.206..1718.206 rows=1021752 loops=1)
                    Buckets: 131072  Batches: 16  Memory Usage: 3274kB
                    ->  Seq Scan on title t  (cost=0.00..67604.59 rows=1024753 width=4) (actual time=0.022..1274.129 rows=1021752 loops=1)
                          Filter: (production_year < 2000)
                          Rows Removed by Filter: 1506560
Planning time: 1.163 ms
Execution time: 31529.945 ms
