Hash Join  (cost=91522.40..128240.51 rows=197054 width=0) (actual time=1832.306..3084.926 rows=131403 loops=1)
  Hash Cond: (mi_idx.movie_id = t.id)
  ->  Seq Scan on movie_info_idx mi_idx  (cost=0.00..25185.44 rows=464566 width=4) (actual time=0.026..467.844 rows=459925 loops=1)
        Filter: (info_type_id = 101)
        Rows Removed by Filter: 920110
  ->  Hash  (cost=73925.90..73925.90 rows=1072520 width=4) (actual time=1831.141..1831.141 rows=1179030 loops=1)
        Buckets: 131072  Batches: 16  Memory Usage: 3625kB
        ->  Seq Scan on title t  (cost=0.00..73925.90 rows=1072520 width=4) (actual time=0.018..1453.591 rows=1179030 loops=1)
              Filter: ((kind_id > 2) AND (production_year > 1997))
              Rows Removed by Filter: 1349282
Planning time: 0.750 ms
Execution time: 3101.643 ms
