Seq Scan on movie_keyword mk  (cost=0.00..81003.12 rows=4514568 width=0) (actual time=0.021..1576.420 rows=4516609 loops=1)
  Filter: (keyword_id < 127428)
  Rows Removed by Filter: 7321
Planning time: 0.299 ms
Execution time: 2134.729 ms
