Hash Join  (cost=709678.15..796345.14 rows=895 width=0) (actual time=12382.356..13607.904 rows=389 loops=1)
  Hash Cond: (mk.movie_id = t.id)
  ->  Seq Scan on movie_keyword mk  (cost=0.00..69693.30 rows=4523930 width=4) (actual time=0.012..1033.415 rows=4523930 loops=1)
  ->  Hash  (cost=709671.90..709671.90 rows=500 width=8) (actual time=11801.833..11801.833 rows=162 loops=1)
        Buckets: 1024  Batches: 1  Memory Usage: 15kB
        ->  Nested Loop  (cost=0.43..709671.90 rows=500 width=8) (actual time=4377.864..11801.695 rows=162 loops=1)
              ->  Seq Scan on cast_info ci  (cost=0.00..705507.15 rows=500 width=4) (actual time=4377.668..11796.110 rows=162 loops=1)
                    Filter: (person_id = 1727065)
                    Rows Removed by Filter: 36244182
              ->  Index Only Scan using title_pkey on title t  (cost=0.43..8.32 rows=1 width=4) (actual time=0.033..0.033 rows=1 loops=162)
                    Index Cond: (id = ci.movie_id)
                    Heap Fetches: 162
Planning time: 1.106 ms
Execution time: 13608.040 ms
