Hash Join  (cost=832785.42..1570502.58 rows=1724450 width=0) (actual time=24363.499..38163.760 rows=1908569 loops=1)
  Hash Cond: (mi.movie_id = t.id)
  ->  Seq Scan on movie_info mi  (cost=0.00..309384.22 rows=14739122 width=4) (actual time=0.014..5990.252 rows=14835720 loops=1)
  ->  Hash  (cost=827931.51..827931.51 rows=295833 width=8) (actual time=24362.415..24362.415 rows=160999 loops=1)
        Buckets: 131072  Batches: 4  Memory Usage: 2600kB
        ->  Hash Join  (cost=74184.02..827931.51 rows=295833 width=8) (actual time=1132.731..23258.519 rows=160999 loops=1)
              Hash Cond: (ci.movie_id = t.id)
              ->  Seq Scan on cast_info ci  (cost=0.00..614943.12 rows=36225612 width=4) (actual time=0.006..9824.361 rows=36244344 loops=1)
              ->  Hash  (cost=73925.90..73925.90 rows=20649 width=4) (actual time=1132.309..1132.309 rows=59846 loops=1)
                    Buckets: 65536 (originally 32768)  Batches: 1 (originally 1)  Memory Usage: 2616kB
                    ->  Seq Scan on title t  (cost=0.00..73925.90 rows=20649 width=4) (actual time=0.019..1109.851 rows=59846 loops=1)
                          Filter: ((kind_id < 4) AND (production_year < 1915))
                          Rows Removed by Filter: 2468466
Planning time: 1.169 ms
Execution time: 38397.643 ms
