Seq Scan on movie_keyword mk  (cost=0.00..81003.12 rows=3798403 width=0) (actual time=0.024..1497.970 rows=3791120 loops=1)
  Filter: (keyword_id < 25676)
  Rows Removed by Filter: 732810
Planning time: 0.306 ms
Execution time: 1963.606 ms
