Hash Join  (cost=101231.01..155217.03 rows=6171 width=0) (actual time=1781.466..2822.891 rows=17675 loops=1)
  Hash Cond: (mc.movie_id = t.id)
  ->  Seq Scan on movie_companies mc  (cost=0.00..51404.11 rows=672053 width=4) (actual time=0.018..881.339 rows=664875 loops=1)
        Filter: (company_id < 1010)
        Rows Removed by Filter: 1944254
  ->  Hash  (cost=100940.79..100940.79 rows=23218 width=8) (actual time=1781.204..1781.204 rows=20111 loops=1)
        Buckets: 32768  Batches: 1  Memory Usage: 1042kB
        ->  Hash Join  (cost=69694.50..100940.79 rows=23218 width=8) (actual time=1093.658..1773.190 rows=20111 loops=1)
              Hash Cond: (mi_idx.movie_id = t.id)
              ->  Seq Scan on movie_info_idx mi_idx  (cost=0.00..25185.44 rows=460978 width=4) (actual time=0.016..481.182 rows=459925 loops=1)
                    Filter: (info_type_id < 100)
                    Rows Removed by Filter: 920110
              ->  Hash  (cost=67604.59..67604.59 rows=127353 width=4) (actual time=1092.637..1092.637 rows=128696 loops=1)
                    Buckets: 131072  Batches: 2  Memory Usage: 3284kB
                    ->  Seq Scan on title t  (cost=0.00..67604.59 rows=127353 width=4) (actual time=0.019..998.670 rows=128696 loops=1)
                          Filter: (production_year = 2009)
                          Rows Removed by Filter: 2399616
Planning time: 1.173 ms
Execution time: 2825.843 ms
