Hash Join  (cost=67697.55..828281.25 rows=42862 width=0) (actual time=4504.542..17148.355 rows=110944 loops=1)
  Hash Cond: (ci.movie_id = t.id)
  ->  Seq Scan on cast_info ci  (cost=0.00..705507.15 rows=14572781 width=4) (actual time=3458.968..12318.123 rows=14726055 loops=1)
        Filter: (person_id > 2181340)
        Rows Removed by Filter: 21518289
  ->  Hash  (cost=67604.59..67604.59 rows=7437 width=4) (actual time=1045.397..1045.397 rows=19861 loops=1)
        Buckets: 32768 (originally 8192)  Batches: 1 (originally 1)  Memory Usage: 955kB
        ->  Seq Scan on title t  (cost=0.00..67604.59 rows=7437 width=4) (actual time=0.034..1035.899 rows=19861 loops=1)
              Filter: (production_year = 1988)
              Rows Removed by Filter: 2508451
Planning time: 0.741 ms
Execution time: 17167.577 ms
