Hash Join  (cost=263115.61..427255.13 rows=3087167 width=0) (actual time=6260.475..14947.624 rows=22830744 loops=1)
  Hash Cond: (mk.movie_id = t.id)
  ->  Seq Scan on movie_keyword mk  (cost=0.00..81003.12 rows=2991797 width=4) (actual time=0.014..1742.335 rows=2977669 loops=1)
        Filter: (keyword_id < 10217)
        Rows Removed by Filter: 1546261
  ->  Hash  (cost=220309.49..220309.49 rows=2609129 width=8) (actual time=6259.065..6259.065 rows=2609129 loops=1)
        Buckets: 131072  Batches: 64  Memory Usage: 2691kB
        ->  Hash Join  (cost=102767.86..220309.49 rows=2609129 width=8) (actual time=1835.032..5455.070 rows=2609129 loops=1)
              Hash Cond: (mc.movie_id = t.id)
              ->  Seq Scan on movie_companies mc  (cost=0.00..44881.29 rows=2609129 width=4) (actual time=0.013..915.192 rows=2609129 loops=1)
              ->  Hash  (cost=61283.27..61283.27 rows=2528527 width=4) (actual time=1833.907..1833.907 rows=2528312 loops=1)
                    Buckets: 131072  Batches: 64  Memory Usage: 2415kB
                    ->  Seq Scan on title t  (cost=0.00..61283.27 rows=2528527 width=4) (actual time=0.026..1014.099 rows=2528312 loops=1)
Planning time: 1.158 ms
Execution time: 17436.209 ms
