Hash Join  (cost=204095.70..265533.98 rows=73194 width=0) (actual time=3943.456..4996.792 rows=314076 loops=1)
  Hash Cond: (mc.movie_id = t.id)
  ->  Seq Scan on movie_companies mc  (cost=0.00..51404.11 rows=717127 width=4) (actual time=183.627..864.461 rows=721367 loops=1)
        Filter: (company_id > 42052)
        Rows Removed by Filter: 1887762
  ->  Hash  (cost=199860.73..199860.73 rows=258077 width=8) (actual time=3758.888..3758.888 rows=257203 loops=1)
        Buckets: 131072  Batches: 4  Memory Usage: 3549kB
        ->  Hash Join  (cost=102767.86..199860.73 rows=258077 width=8) (actual time=1897.368..3687.652 rows=257203 loops=1)
              Hash Cond: (mk.movie_id = t.id)
              ->  Seq Scan on movie_keyword mk  (cost=0.00..81003.12 rows=258077 width=4) (actual time=0.031..1239.780 rows=257203 loops=1)
                    Filter: (keyword_id > 59747)
                    Rows Removed by Filter: 4266727
              ->  Hash  (cost=61283.27..61283.27 rows=2528527 width=4) (actual time=1895.486..1895.486 rows=2528312 loops=1)
                    Buckets: 131072  Batches: 64  Memory Usage: 2425kB
                    ->  Seq Scan on title t  (cost=0.00..61283.27 rows=2528527 width=4) (actual time=0.014..1041.054 rows=2528312 loops=1)
Planning time: 1.187 ms
Execution time: 5031.489 ms
