Seq Scan on movie_keyword mk  (cost=0.00..81003.12 rows=1047886 width=0) (actual time=0.018..1450.776 rows=1051139 loops=1)
  Filter: (keyword_id < 1047)
  Rows Removed by Filter: 3472791
Planning time: 0.301 ms
Execution time: 1579.841 ms
