Hash Join  (cost=96390.27..151083.68 rows=2789 width=0) (actual time=1871.714..2987.722 rows=10157 loops=1)
  Hash Cond: (mc.movie_id = t.id)
  ->  Seq Scan on movie_companies mc  (cost=0.00..44881.29 rows=2609129 width=4) (actual time=0.024..612.904 rows=2609129 loops=1)
  ->  Hash  (cost=96356.48..96356.48 rows=2703 width=8) (actual time=1871.098..1871.098 rows=2903 loops=1)
        Buckets: 4096  Batches: 1  Memory Usage: 146kB
        ->  Hash Join  (cost=67697.55..96356.48 rows=2703 width=8) (actual time=1215.185..1869.675 rows=2903 loops=1)
              Hash Cond: (mi_idx.movie_id = t.id)
              ->  Seq Scan on movie_info_idx mi_idx  (cost=0.00..25185.44 rows=919057 width=4) (actual time=0.019..487.572 rows=920110 loops=1)
                    Filter: (info_type_id > 99)
                    Rows Removed by Filter: 459925
              ->  Hash  (cost=67604.59..67604.59 rows=7437 width=4) (actual time=1213.669..1213.669 rows=7199 loops=1)
                    Buckets: 8192  Batches: 1  Memory Usage: 318kB
                    ->  Seq Scan on title t  (cost=0.00..67604.59 rows=7437 width=4) (actual time=0.196..1209.884 rows=7199 loops=1)
                          Filter: (production_year = 1954)
                          Rows Removed by Filter: 2521113
Planning time: 1.100 ms
Execution time: 2989.894 ms
