Hash Join  (cost=170073.23..902067.16 rows=408522 width=0) (actual time=10475.612..17436.325 rows=793153 loops=1)
  Hash Cond: (ci.movie_id = t.id)
  ->  Seq Scan on cast_info ci  (cost=0.00..705507.15 rows=1736414 width=4) (actual time=6386.223..11828.909 rows=1703543 loops=1)
        Filter: (role_id = 8)
        Rows Removed by Filter: 34540801
  ->  Hash  (cost=160313.22..160313.22 rows=594881 width=8) (actual time=4087.566..4087.566 rows=915750 loops=1)
        Buckets: 131072 (originally 131072)  Batches: 16 (originally 8)  Memory Usage: 3274kB
        ->  Hash Join  (cost=77062.89..160313.22 rows=594881 width=8) (actual time=1291.944..3804.302 rows=915750 loops=1)
              Hash Cond: (mc.movie_id = t.id)
              ->  Seq Scan on movie_companies mc  (cost=0.00..44881.29 rows=2609129 width=4) (actual time=0.026..886.984 rows=2609129 loops=1)
              ->  Hash  (cost=67604.59..67604.59 rows=576504 width=4) (actual time=1290.968..1290.968 rows=568449 loops=1)
                    Buckets: 131072  Batches: 8  Memory Usage: 3513kB
                    ->  Seq Scan on title t  (cost=0.00..67604.59 rows=576504 width=4) (actual time=0.026..1109.105 rows=568449 loops=1)
                          Filter: (production_year < 1984)
                          Rows Removed by Filter: 1959863
Planning time: 1.156 ms
Execution time: 17537.828 ms
