Hash Join  (cost=69928.56..139078.73 rows=79414 width=0) (actual time=1195.027..2745.412 rows=58168 loops=1)
  Hash Cond: (mc.movie_id = t.id)
  ->  Seq Scan on movie_companies mc  (cost=0.00..51404.11 rows=1418110 width=4) (actual time=0.020..961.159 rows=1408271 loops=1)
        Filter: (company_id < 12319)
        Rows Removed by Filter: 1200858
  ->  Hash  (cost=67604.59..67604.59 rows=141598 width=4) (actual time=1194.224..1194.224 rows=141703 loops=1)
        Buckets: 131072  Batches: 2  Memory Usage: 3511kB
        ->  Seq Scan on title t  (cost=0.00..67604.59 rows=141598 width=4) (actual time=0.010..1142.428 rows=141703 loops=1)
              Filter: (production_year = 2010)
              Rows Removed by Filter: 2386609
Planning time: 0.698 ms
Execution time: 2754.118 ms
