Hash Join  (cost=102386.48..469032.53 rows=199013 width=0) (actual time=2125.882..10667.965 rows=558093 loops=1)
  Hash Cond: (mi.movie_id = t.id)
  ->  Seq Scan on movie_info mi  (cost=0.00..309384.22 rows=14739122 width=4) (actual time=0.017..4578.818 rows=14835720 loops=1)
  ->  Hash  (cost=101959.72..101959.72 rows=34141 width=8) (actual time=2125.368..2125.368 rows=51948 loops=1)
        Buckets: 65536  Batches: 1  Memory Usage: 2542kB
        ->  Hash Join  (cost=74707.83..101959.72 rows=34141 width=8) (actual time=1393.302..2108.030 rows=51948 loops=1)
              Hash Cond: (mi_idx.movie_id = t.id)
              ->  Seq Scan on movie_info_idx mi_idx  (cost=0.00..21735.35 rows=1380035 width=4) (actual time=0.016..366.373 rows=1380035 loops=1)
              ->  Hash  (cost=73925.90..73925.90 rows=62554 width=4) (actual time=1229.071..1229.071 rows=87409 loops=1)
                    Buckets: 131072 (originally 65536)  Batches: 2 (originally 1)  Memory Usage: 3073kB
                    ->  Seq Scan on title t  (cost=0.00..73925.90 rows=62554 width=4) (actual time=381.682..1192.975 rows=87409 loops=1)
                          Filter: ((production_year > 2000) AND (kind_id = 4))
                          Rows Removed by Filter: 2440903
Planning time: 1.115 ms
Execution time: 10743.790 ms
