Seq Scan on movie_companies mc  (cost=0.00..57926.93 rows=51 width=0) (actual time=14.409..852.838 rows=73 loops=1)
  Filter: ((company_type_id < 2) AND (company_id = 1160))
  Rows Removed by Filter: 2609056
Planning time: 1.870 ms
Execution time: 852.982 ms
