Seq Scan on cast_info ci  (cost=0.00..796071.18 rows=7584158 width=0) (actual time=0.010..13688.766 rows=11746589 loops=1)
  Filter: ((person_id > 2517699) AND (role_id > 1))
  Rows Removed by Filter: 24497755
Planning time: 0.263 ms
Execution time: 15157.957 ms
