Nested Loop  (cost=0.43..709673.15 rows=305 width=0) (actual time=5318.027..10382.998 rows=378 loops=1)
  ->  Seq Scan on cast_info ci  (cost=0.00..705507.15 rows=500 width=4) (actual time=5317.684..10377.364 rows=393 loops=1)
        Filter: (person_id = 2826850)
        Rows Removed by Filter: 36243951
  ->  Index Scan using title_pkey on title t  (cost=0.43..8.32 rows=1 width=4) (actual time=0.013..0.013 rows=1 loops=393)
        Index Cond: (id = ci.movie_id)
        Filter: (kind_id = 7)
        Rows Removed by Filter: 0
Planning time: 0.736 ms
Execution time: 10383.203 ms
