Nested Loop  (cost=0.43..58375.18 rows=53 width=0) (actual time=1.826..791.435 rows=470 loops=1)
  ->  Seq Scan on movie_companies mc  (cost=0.00..57926.93 rows=53 width=4) (actual time=1.758..768.360 rows=470 loops=1)
        Filter: ((company_id = 115) AND (company_type_id = 2))
        Rows Removed by Filter: 2608659
  ->  Index Only Scan using title_pkey on title t  (cost=0.43..8.45 rows=1 width=4) (actual time=0.048..0.048 rows=1 loops=470)
        Index Cond: (id = mc.movie_id)
        Heap Fetches: 470
Planning time: 0.736 ms
Execution time: 791.666 ms
