Hash Join  (cost=102767.86..221168.86 rows=1143623 width=0) (actual time=1912.375..4535.799 rows=1152420 loops=1)
  Hash Cond: (mk.movie_id = t.id)
  ->  Seq Scan on movie_keyword mk  (cost=0.00..81003.12 rows=1143623 width=4) (actual time=0.026..1389.943 rows=1152420 loops=1)
        Filter: (keyword_id > 16158)
        Rows Removed by Filter: 3371510
  ->  Hash  (cost=61283.27..61283.27 rows=2528527 width=4) (actual time=1911.256..1911.256 rows=2528312 loops=1)
        Buckets: 131072  Batches: 64  Memory Usage: 2425kB
        ->  Seq Scan on title t  (cost=0.00..61283.27 rows=2528527 width=4) (actual time=0.016..1050.813 rows=2528312 loops=1)
Planning time: 0.707 ms
Execution time: 4667.070 ms
