Nested Loop  (cost=0.43..83071.67 rows=246 width=0) (actual time=3.217..1401.284 rows=3263 loops=1)
  ->  Seq Scan on movie_keyword mk  (cost=0.00..81003.12 rows=246 width=4) (actual time=3.159..1317.109 rows=3263 loops=1)
        Filter: (keyword_id = 213)
        Rows Removed by Filter: 4520667
  ->  Index Only Scan using title_pkey on title t  (cost=0.43..8.40 rows=1 width=4) (actual time=0.025..0.025 rows=1 loops=3263)
        Index Cond: (id = mk.movie_id)
        Heap Fetches: 3263
Planning time: 0.680 ms
Execution time: 1402.328 ms
