Hash Join  (cost=87162.74..490013.71 rows=1156310 width=0) (actual time=2151.553..9986.249 rows=2574562 loops=1)
  Hash Cond: (mi.movie_id = t.id)
  ->  Seq Scan on movie_info mi  (cost=0.00..346232.03 rows=3623957 width=4) (actual time=557.728..5106.600 rows=3624977 loops=1)
        Filter: (info_type_id < 4)
        Rows Removed by Filter: 11210743
  ->  Hash  (cost=73925.90..73925.90 rows=806787 width=4) (actual time=1592.999..1592.999 rows=843018 loops=1)
        Buckets: 131072  Batches: 16  Memory Usage: 2888kB
        ->  Seq Scan on title t  (cost=0.00..73925.90 rows=806787 width=4) (actual time=0.037..1161.777 rows=843018 loops=1)
              Filter: ((kind_id < 7) AND (production_year < 2011))
              Rows Removed by Filter: 1685294
Planning time: 0.727 ms
Execution time: 10281.915 ms
