Seq Scan on movie_companies mc  (cost=0.00..57926.93 rows=5673 width=0) (actual time=303.030..827.522 rows=5759 loops=1)
  Filter: ((company_id = 11203) AND (company_type_id = 2))
  Rows Removed by Filter: 2603370
Planning time: 2.155 ms
Execution time: 828.570 ms
