Hash Join  (cost=199827.77..1363737.55 rows=12665261 width=0) (actual time=4494.429..42530.832 rows=29938593 loops=1)
  Hash Cond: (ci.movie_id = t.id)
  ->  Seq Scan on cast_info ci  (cost=0.00..614943.12 rows=36225612 width=4) (actual time=0.019..13259.220 rows=36244344 loops=1)
  ->  Hash  (cost=185323.42..185323.42 rows=884028 width=8) (actual time=4493.039..4493.039 rows=880724 loops=1)
        Buckets: 131072  Batches: 16  Memory Usage: 3159kB
        ->  Hash Join  (cost=102767.86..185323.42 rows=884028 width=8) (actual time=2280.056..4250.793 rows=880724 loops=1)
              Hash Cond: (mc.movie_id = t.id)
              ->  Seq Scan on movie_companies mc  (cost=0.00..51404.11 rows=884028 width=4) (actual time=0.029..858.149 rows=880724 loops=1)
                    Filter: (company_id < 2616)
                    Rows Removed by Filter: 1728405
              ->  Hash  (cost=61283.27..61283.27 rows=2528527 width=4) (actual time=2278.692..2278.692 rows=2528312 loops=1)
                    Buckets: 131072  Batches: 64  Memory Usage: 2415kB
                    ->  Seq Scan on title t  (cost=0.00..61283.27 rows=2528527 width=4) (actual time=0.018..1157.954 rows=2528312 loops=1)
Planning time: 0.960 ms
Execution time: 45604.912 ms
