Hash Join  (cost=102767.86..1276170.27 rows=19034416 width=0) (actual time=4986.594..31571.480 rows=19179725 loops=1)
  Hash Cond: (ci.movie_id = t.id)
  ->  Seq Scan on cast_info ci  (cost=0.00..705507.15 rows=19034416 width=4) (actual time=3017.816..14303.508 rows=19179725 loops=1)
        Filter: (person_id > 1686404)
        Rows Removed by Filter: 17064619
  ->  Hash  (cost=61283.27..61283.27 rows=2528527 width=4) (actual time=1967.445..1967.445 rows=2528312 loops=1)
        Buckets: 131072  Batches: 64  Memory Usage: 2415kB
        ->  Seq Scan on title t  (cost=0.00..61283.27 rows=2528527 width=4) (actual time=0.027..1117.954 rows=2528312 loops=1)
Planning time: 0.902 ms
Execution time: 33620.342 ms
