Seq Scan on cast_info ci  (cost=0.00..705507.15 rows=26253005 width=0) (actual time=0.015..13238.142 rows=26480679 loops=1)
  Filter: (person_id > 959926)
  Rows Removed by Filter: 9763665
Planning time: 0.289 ms
Execution time: 16600.320 ms
