Seq Scan on movie_keyword mk  (cost=0.00..81003.12 rows=805132 width=0) (actual time=0.022..1345.598 rows=810237 loops=1)
  Filter: (keyword_id > 22765)
  Rows Removed by Filter: 3713693
Planning time: 0.279 ms
Execution time: 1453.161 ms
