Hash Join  (cost=90416.96..474675.69 rows=872390 width=0) (actual time=2795.909..8962.433 rows=200719 loops=1)
  Hash Cond: (mi.movie_id = t.id)
  ->  Seq Scan on movie_info mi  (cost=0.00..346232.03 rows=2194617 width=4) (actual time=389.815..5036.491 rows=2233850 loops=1)
        Filter: (info_type_id > 16)
        Rows Removed by Filter: 12601870
  ->  Hash  (cost=73925.90..73925.90 rows=1005124 width=4) (actual time=2390.501..2390.501 rows=1099095 loops=1)
        Buckets: 131072  Batches: 16  Memory Usage: 3453kB
        ->  Seq Scan on title t  (cost=0.00..73925.90 rows=1005124 width=4) (actual time=0.024..1358.394 rows=1099095 loops=1)
              Filter: ((production_year > 1994) AND (kind_id = 7))
              Rows Removed by Filter: 1429217
Planning time: 2.084 ms
Execution time: 8985.723 ms
