Nested Loop  (cost=0.43..58375.45 rows=4 width=0) (actual time=358.978..765.585 rows=1 loops=1)
  ->  Seq Scan on movie_companies mc  (cost=0.00..57926.93 rows=53 width=4) (actual time=162.070..764.950 rows=24 loops=1)
        Filter: ((company_id = 34933) AND (company_type_id = 2))
        Rows Removed by Filter: 2609105
  ->  Index Scan using title_pkey on title t  (cost=0.43..8.45 rows=1 width=4) (actual time=0.024..0.024 rows=0 loops=24)
        Index Cond: (id = mc.movie_id)
        Filter: ((kind_id < 4) AND (production_year > 2009))
        Rows Removed by Filter: 1
Planning time: 0.768 ms
Execution time: 765.681 ms
