Hash Join  (cost=83810.17..166538.51 rows=693539 width=0) (actual time=1520.401..4073.854 rows=1477450 loops=1)
  Hash Cond: (mc.movie_id = t.id)
  ->  Seq Scan on movie_companies mc  (cost=0.00..51404.11 rows=1775423 width=4) (actual time=0.017..1104.573 rows=1779139 loops=1)
        Filter: (company_id > 2042)
        Rows Removed by Filter: 829990
  ->  Hash  (cost=67604.59..67604.59 rows=987727 width=4) (actual time=1519.191..1519.191 rows=985048 loops=1)
        Buckets: 131072  Batches: 16  Memory Usage: 3188kB
        ->  Seq Scan on title t  (cost=0.00..67604.59 rows=987727 width=4) (actual time=0.013..1215.009 rows=985048 loops=1)
              Filter: (kind_id < 7)
              Rows Removed by Filter: 1543264
Planning time: 0.756 ms
Execution time: 4250.663 ms
