Hash Join  (cost=76423.37..1132626.44 rows=2180491 width=0) (actual time=1141.454..30235.216 rows=3587310 loops=1)
  Hash Cond: (ci.movie_id = t.id)
  ->  Seq Scan on cast_info ci  (cost=0.00..614943.12 rows=36225612 width=4) (actual time=0.020..11954.812 rows=36244344 loops=1)
  ->  Hash  (cost=73925.90..73925.90 rows=152197 width=4) (actual time=1140.548..1140.548 rows=287134 loops=1)
        Buckets: 131072 (originally 131072)  Batches: 4 (originally 2)  Memory Usage: 3548kB
        ->  Seq Scan on title t  (cost=0.00..73925.90 rows=152197 width=4) (actual time=0.022..1022.921 rows=287134 loops=1)
              Filter: ((production_year < 1984) AND (kind_id = 1))
              Rows Removed by Filter: 2241178
Planning time: 0.643 ms
Execution time: 30665.976 ms
