Hash Join  (cost=300316.09..1605723.99 rows=25856856 width=0) (actual time=7932.952..60215.616 rows=92920903 loops=1)
  Hash Cond: (ci.movie_id = t.id)
  ->  Seq Scan on cast_info ci  (cost=0.00..705507.15 rows=23499554 width=4) (actual time=0.008..16405.515 rows=23573656 loops=1)
        Filter: (role_id > 1)
        Rows Removed by Filter: 12670688
  ->  Hash  (cost=254670.96..254670.96 rows=2782170 width=8) (actual time=7931.009..7931.009 rows=3430522 loops=1)
        Buckets: 131072  Batches: 64  Memory Usage: 3111kB
        ->  Hash Join  (cost=93117.31..254670.96 rows=2782170 width=8) (actual time=1822.744..6979.696 rows=3430522 loops=1)
              Hash Cond: (mk.movie_id = t.id)
              ->  Seq Scan on movie_keyword mk  (cost=0.00..69693.30 rows=4523930 width=4) (actual time=0.027..1468.797 rows=4523930 loops=1)
              ->  Hash  (cost=67604.59..67604.59 rows=1555018 width=4) (actual time=1821.695..1821.695 rows=1551727 loops=1)
                    Buckets: 131072  Batches: 32  Memory Usage: 2736kB
                    ->  Seq Scan on title t  (cost=0.00..67604.59 rows=1555018 width=4) (actual time=0.015..1311.927 rows=1551727 loops=1)
                          Filter: (production_year < 2007)
                          Rows Removed by Filter: 976585
Planning time: 12.940 ms
Execution time: 70816.108 ms
