Hash Join  (cost=187311.23..1244090.48 rows=2236603 width=0) (actual time=3376.207..30182.915 rows=476137 loops=1)
  Hash Cond: (ci.movie_id = t.id)
  ->  Seq Scan on cast_info ci  (cost=0.00..614943.12 rows=36225612 width=4) (actual time=0.022..12997.571 rows=36244344 loops=1)
  ->  Hash  (cost=184749.80..184749.80 rows=156114 width=8) (actual time=3373.908..3373.908 rows=13547 loops=1)
        Buckets: 131072  Batches: 4  Memory Usage: 1162kB
        ->  Hash Join  (cost=92883.59..184749.80 rows=156114 width=8) (actual time=3063.405..3369.838 rows=13547 loops=1)
              Hash Cond: (mk.movie_id = t.id)
              ->  Seq Scan on movie_keyword mk  (cost=0.00..81003.12 rows=256190 width=4) (actual time=0.032..1298.349 rows=254059 loops=1)
                    Filter: (keyword_id > 59979)
                    Rows Removed by Filter: 4269871
              ->  Hash  (cost=67604.59..67604.59 rows=1540800 width=4) (actual time=1750.284..1750.284 rows=1543264 loops=1)
                    Buckets: 131072  Batches: 32  Memory Usage: 2728kB
                    ->  Seq Scan on title t  (cost=0.00..67604.59 rows=1540800 width=4) (actual time=0.012..1247.917 rows=1543264 loops=1)
                          Filter: (kind_id = 7)
                          Rows Removed by Filter: 985048
Planning time: 1.164 ms
Execution time: 30244.168 ms
