Hash Join  (cost=190230.21..1170985.85 rows=8653371 width=0) (actual time=4055.181..31166.017 rows=18588416 loops=1)
  Hash Cond: (ci.movie_id = t.id)
  ->  Seq Scan on cast_info ci  (cost=0.00..705507.15 rows=15854875 width=4) (actual time=0.073..13683.789 rows=15753387 loops=1)
        Filter: (person_id < 1555942)
        Rows Removed by Filter: 20490957
  ->  Hash  (cost=167588.78..167588.78 rows=1380035 width=8) (actual time=4051.102..4051.102 rows=1380035 loops=1)
        Buckets: 131072  Batches: 32  Memory Usage: 2708kB
        ->  Hash Join  (cost=102767.86..167588.78 rows=1380035 width=8) (actual time=2031.567..3736.399 rows=1380035 loops=1)
              Hash Cond: (mi_idx.movie_id = t.id)
              ->  Seq Scan on movie_info_idx mi_idx  (cost=0.00..21735.35 rows=1380035 width=4) (actual time=0.038..440.491 rows=1380035 loops=1)
              ->  Hash  (cost=61283.27..61283.27 rows=2528527 width=4) (actual time=2029.967..2029.967 rows=2528312 loops=1)
                    Buckets: 131072  Batches: 64  Memory Usage: 2415kB
                    ->  Seq Scan on title t  (cost=0.00..61283.27 rows=2528527 width=4) (actual time=0.010..1161.063 rows=2528312 loops=1)
Planning time: 1.317 ms
Execution time: 33262.357 ms
