Hash Join  (cost=101489.21..271925.82 rows=3167690 width=0) (actual time=2092.795..6796.061 rows=3592821 loops=1)
  Hash Cond: (mk.movie_id = t.id)
  ->  Seq Scan on movie_keyword mk  (cost=0.00..81003.12 rows=3878116 width=4) (actual time=0.024..1802.686 rows=3875878 loops=1)
        Filter: (keyword_id > 498)
        Rows Removed by Filter: 648052
  ->  Hash  (cost=67604.59..67604.59 rows=2065330 width=4) (actual time=2092.073..2092.073 rows=2064552 loops=1)
        Buckets: 131072  Batches: 32  Memory Usage: 3298kB
        ->  Seq Scan on title t  (cost=0.00..67604.59 rows=2065330 width=4) (actual time=0.017..1394.098 rows=2064552 loops=1)
              Filter: (production_year < 2011)
              Rows Removed by Filter: 463760
Planning time: 0.696 ms
Execution time: 7206.794 ms
