Hash Join  (cost=74301.05..829389.97 rows=429975 width=0) (actual time=1025.856..20723.260 rows=326906 loops=1)
  Hash Cond: (ci.movie_id = t.id)
  ->  Seq Scan on cast_info ci  (cost=0.00..614943.12 rows=36225612 width=4) (actual time=0.011..9295.700 rows=36244344 loops=1)
  ->  Hash  (cost=73925.90..73925.90 rows=30012 width=4) (actual time=1024.600..1024.600 rows=28831 loops=1)
        Buckets: 32768  Batches: 1  Memory Usage: 1270kB
        ->  Seq Scan on title t  (cost=0.00..73925.90 rows=30012 width=4) (actual time=287.819..1014.048 rows=28831 loops=1)
              Filter: ((production_year > 2008) AND (kind_id = 4))
              Rows Removed by Filter: 2499481
Planning time: 0.789 ms
Execution time: 20775.871 ms
