Hash Join  (cost=187844.19..257780.23 rows=181189 width=0) (actual time=4592.269..6639.168 rows=1437850 loops=1)
  Hash Cond: (mc.movie_id = t.id)
  ->  Seq Scan on movie_companies mc  (cost=0.00..51404.11 rows=1329612 width=4) (actual time=75.508..1026.001 rows=1334883 loops=1)
        Filter: (company_type_id > 1)
        Rows Removed by Filter: 1274246
  ->  Hash  (cost=182191.09..182191.09 rows=344568 width=8) (actual time=4515.919..4515.919 rows=778367 loops=1)
        Buckets: 131072 (originally 131072)  Batches: 16 (originally 8)  Memory Usage: 3073kB
        ->  Hash Join  (cost=83600.04..182191.09 rows=344568 width=8) (actual time=1541.873..3792.621 rows=778367 loops=1)
              Hash Cond: (mk.movie_id = t.id)
              ->  Seq Scan on movie_keyword mk  (cost=0.00..81003.12 rows=893665 width=4) (actual time=0.030..1425.995 rows=898730 loops=1)
                    Filter: (keyword_id < 851)
                    Rows Removed by Filter: 3625200
              ->  Hash  (cost=67604.59..67604.59 rows=974916 width=4) (actual time=1540.966..1540.966 rows=972448 loops=1)
                    Buckets: 131072  Batches: 16  Memory Usage: 3169kB
                    ->  Seq Scan on title t  (cost=0.00..67604.59 rows=974916 width=4) (actual time=0.022..1223.076 rows=972448 loops=1)
                          Filter: (kind_id < 6)
                          Rows Removed by Filter: 1555864
Planning time: 1.065 ms
Execution time: 6806.212 ms
