Seq Scan on movie_companies mc  (cost=0.00..57926.93 rows=51 width=0) (actual time=0.130..728.242 rows=463 loops=1)
  Filter: ((company_id = 8969) AND (company_type_id = 1))
  Rows Removed by Filter: 2608666
Planning time: 0.372 ms
Execution time: 728.463 ms
