Hash Join  (cost=102767.86..230001.37 rows=1510670 width=0) (actual time=1893.286..4962.433 rows=1528540 loops=1)
  Hash Cond: (mk.movie_id = t.id)
  ->  Seq Scan on movie_keyword mk  (cost=0.00..81003.12 rows=1510670 width=4) (actual time=0.019..1496.395 rows=1528540 loops=1)
        Filter: (keyword_id > 10474)
        Rows Removed by Filter: 2995390
  ->  Hash  (cost=61283.27..61283.27 rows=2528527 width=4) (actual time=1891.623..1891.623 rows=2528312 loops=1)
        Buckets: 131072  Batches: 64  Memory Usage: 2425kB
        ->  Seq Scan on title t  (cost=0.00..61283.27 rows=2528527 width=4) (actual time=0.021..1046.242 rows=2528312 loops=1)
Planning time: 0.728 ms
Execution time: 5141.975 ms
