Seq Scan on cast_info ci  (cost=0.00..796071.18 rows=14617942 width=0) (actual time=0.863..14386.171 rows=16340710 loops=1)
  Filter: ((person_id < 1709156) AND (role_id < 9))
  Rows Removed by Filter: 19903634
Planning time: 0.391 ms
Execution time: 16470.216 ms
