Hash Join  (cost=83074.74..833899.15 rows=3524 width=0) (actual time=1277.780..15651.518 rows=1286 loops=1)
  Hash Cond: (ci.movie_id = t.id)
  ->  Seq Scan on cast_info ci  (cost=0.00..614943.12 rows=36225612 width=4) (actual time=0.008..7925.787 rows=36244344 loops=1)
  ->  Hash  (cost=83071.67..83071.67 rows=246 width=8) (actual time=1266.632..1266.632 rows=26 loops=1)
        Buckets: 1024  Batches: 1  Memory Usage: 10kB
        ->  Nested Loop  (cost=0.43..83071.67 rows=246 width=8) (actual time=0.263..1266.584 rows=26 loops=1)
              ->  Seq Scan on movie_keyword mk  (cost=0.00..81003.12 rows=246 width=4) (actual time=0.184..1265.247 rows=26 loops=1)
                    Filter: (keyword_id = 41692)
                    Rows Removed by Filter: 4523904
              ->  Index Only Scan using title_pkey on title t  (cost=0.43..8.40 rows=1 width=4) (actual time=0.043..0.045 rows=1 loops=26)
                    Index Cond: (id = mk.movie_id)
                    Heap Fetches: 26
Planning time: 1.151 ms
Execution time: 15652.532 ms
