Hash Join  (cost=365418.15..1783812.16 rows=36101556 width=0) (actual time=8363.594..62927.956 rows=121967075 loops=1)
  Hash Cond: (ci.movie_id = t.id)
  ->  Seq Scan on cast_info ci  (cost=0.00..705507.15 rows=20177978 width=4) (actual time=0.015..15236.548 rows=20060329 loops=1)
        Filter: (person_id < 2014307)
        Rows Removed by Filter: 16184015
  ->  Hash  (cost=291197.02..291197.02 rows=4523930 width=8) (actual time=8361.744..8361.744 rows=4523930 loops=1)
        Buckets: 131072  Batches: 64  Memory Usage: 3816kB
        ->  Hash Join  (cost=102767.86..291197.02 rows=4523930 width=8) (actual time=1952.601..7120.894 rows=4523930 loops=1)
              Hash Cond: (mk.movie_id = t.id)
              ->  Seq Scan on movie_keyword mk  (cost=0.00..69693.30 rows=4523930 width=4) (actual time=0.019..1519.290 rows=4523930 loops=1)
              ->  Hash  (cost=61283.27..61283.27 rows=2528527 width=4) (actual time=1951.003..1951.003 rows=2528312 loops=1)
                    Buckets: 131072  Batches: 64  Memory Usage: 2425kB
                    ->  Seq Scan on title t  (cost=0.00..61283.27 rows=2528527 width=4) (actual time=0.010..1113.658 rows=2528312 loops=1)
Planning time: 1.182 ms
Execution time: 76281.674 ms
