Hash Join  (cost=170499.23..967562.32 rows=573 width=0) (actual time=7828.125..15491.170 rows=661 loops=1)
  Hash Cond: (ci.movie_id = t.id)
  ->  Seq Scan on cast_info ci  (cost=0.00..796071.18 rows=197238 width=4) (actual time=4946.105..12572.541 rows=253626 loops=1)
        Filter: ((person_id > 1552262) AND (role_id > 10))
        Rows Removed by Filter: 35990718
  ->  Hash  (cost=170407.53..170407.53 rows=7336 width=8) (actual time=2880.077..2880.077 rows=3526 loops=1)
        Buckets: 8192  Batches: 1  Memory Usage: 202kB
        ->  Hash Join  (cost=73982.55..170407.53 rows=7336 width=8) (actual time=1317.337..2878.924 rows=3526 loops=1)
              Hash Cond: (mk.movie_id = t.id)
              ->  Seq Scan on movie_keyword mk  (cost=0.00..81003.12 rows=4092931 width=4) (actual time=0.032..1083.584 rows=4098025 loops=1)
                    Filter: (keyword_id < 41049)
                    Rows Removed by Filter: 425905
              ->  Hash  (cost=73925.90..73925.90 rows=4532 width=4) (actual time=1314.839..1314.839 rows=7806 loops=1)
                    Buckets: 8192  Batches: 1  Memory Usage: 339kB
                    ->  Seq Scan on title t  (cost=0.00..73925.90 rows=4532 width=4) (actual time=231.517..1311.195 rows=7806 loops=1)
                          Filter: ((kind_id = 7) AND (production_year = 1981))
                          Rows Removed by Filter: 2520506
Planning time: 1.497 ms
Execution time: 15491.391 ms
