Hash Join  (cost=155096.85..1004040.87 rows=1003235 width=0) (actual time=4788.166..25200.972 rows=3510063 loops=1)
  Hash Cond: (ci.movie_id = t.id)
  ->  Seq Scan on cast_info ci  (cost=0.00..705507.15 rows=11462804 width=4) (actual time=404.505..13126.734 rows=11367710 loops=1)
        Filter: (person_id < 1117251)
        Rows Removed by Filter: 24876634
  ->  Hash  (cost=151465.61..151465.61 rows=221299 width=8) (actual time=4016.948..4016.948 rows=493383 loops=1)
        Buckets: 131072 (originally 131072)  Batches: 8 (originally 4)  Memory Usage: 3447kB
        ->  Hash Join  (cost=80830.47..151465.61 rows=221299 width=8) (actual time=2512.838..3887.233 rows=493383 loops=1)
              Hash Cond: (mc.movie_id = t.id)
              ->  Seq Scan on movie_companies mc  (cost=0.00..51404.11 rows=1329612 width=4) (actual time=329.710..911.323 rows=1334883 loops=1)
                    Filter: (company_type_id = 2)
                    Rows Removed by Filter: 1274246
              ->  Hash  (cost=73925.90..73925.90 rows=420845 width=4) (actual time=2182.116..2182.116 rows=517968 loops=1)
                    Buckets: 131072  Batches: 8  Memory Usage: 3313kB
                    ->  Seq Scan on title t  (cost=0.00..73925.90 rows=420845 width=4) (actual time=0.037..1275.592 rows=517968 loops=1)
                          Filter: ((kind_id < 7) AND (production_year < 2001))
                          Rows Removed by Filter: 2010344
Planning time: 1.229 ms
Execution time: 25608.224 ms
