Hash Join  (cost=102123.10..472420.18 rows=69839 width=0) (actual time=3620.419..8753.821 rows=73011 loops=1)
  Hash Cond: (mi.movie_id = t.id)
  ->  Seq Scan on movie_info mi  (cost=0.00..346232.03 rows=6231111 width=4) (actual time=0.015..5918.253 rows=6223494 loops=1)
        Filter: (info_type_id > 8)
        Rows Removed by Filter: 8612226
  ->  Hash  (cost=101768.85..101768.85 rows=28340 width=8) (actual time=1719.973..1719.973 rows=15120 loops=1)
        Buckets: 32768  Batches: 1  Memory Usage: 847kB
        ->  Hash Join  (cost=74574.97..101768.85 rows=28340 width=8) (actual time=1454.556..1715.612 rows=15120 loops=1)
              Hash Cond: (mi_idx.movie_id = t.id)
              ->  Seq Scan on movie_info_idx mi_idx  (cost=0.00..21735.35 rows=1380035 width=4) (actual time=0.029..241.553 rows=1380035 loops=1)
              ->  Hash  (cost=73925.90..73925.90 rows=51925 width=4) (actual time=1149.074..1149.074 rows=56480 loops=1)
                    Buckets: 65536  Batches: 1  Memory Usage: 2498kB
                    ->  Seq Scan on title t  (cost=0.00..73925.90 rows=51925 width=4) (actual time=0.038..1126.401 rows=56480 loops=1)
                          Filter: ((kind_id = 7) AND (production_year = 2004))
                          Rows Removed by Filter: 2471832
Planning time: 1.202 ms
Execution time: 8763.359 ms
