Hash Join  (cost=102767.86..267369.10 rows=3063638 width=0) (actual time=1820.866..6247.810 rows=3043470 loops=1)
  Hash Cond: (mk.movie_id = t.id)
  ->  Seq Scan on movie_keyword mk  (cost=0.00..81003.12 rows=3063638 width=4) (actual time=0.015..1748.105 rows=3043470 loops=1)
        Filter: (keyword_id > 2109)
        Rows Removed by Filter: 1480460
  ->  Hash  (cost=61283.27..61283.27 rows=2528527 width=4) (actual time=1818.760..1818.760 rows=2528312 loops=1)
        Buckets: 131072  Batches: 64  Memory Usage: 2425kB
        ->  Seq Scan on title t  (cost=0.00..61283.27 rows=2528527 width=4) (actual time=0.015..949.801 rows=2528312 loops=1)
Planning time: 0.570 ms
Execution time: 6619.675 ms
