Nested Loop  (cost=0.43..709671.90 rows=500 width=0) (actual time=3216.869..10947.874 rows=440 loops=1)
  ->  Seq Scan on cast_info ci  (cost=0.00..705507.15 rows=500 width=4) (actual time=3216.706..10934.192 rows=440 loops=1)
        Filter: (person_id = 1238100)
        Rows Removed by Filter: 36243904
  ->  Index Only Scan using title_pkey on title t  (cost=0.43..8.32 rows=1 width=4) (actual time=0.030..0.030 rows=1 loops=440)
        Index Cond: (id = ci.movie_id)
        Heap Fetches: 440
Planning time: 0.814 ms
Execution time: 10948.058 ms
