Hash Join  (cost=125996.14..204260.19 rows=233153 width=0) (actual time=2736.869..5402.298 rows=1150447 loops=1)
  Hash Cond: (mc.movie_id = t.id)
  ->  Seq Scan on movie_companies mc  (cost=0.00..44881.29 rows=2609129 width=4) (actual time=0.029..935.055 rows=2609129 loops=1)
  ->  Hash  (cost=122288.76..122288.76 rows=225950 width=8) (actual time=2736.042..2736.042 rows=322331 loops=1)
        Buckets: 131072 (originally 131072)  Batches: 8 (originally 4)  Memory Usage: 3073kB
        ->  Hash Join  (cost=80718.78..122288.76 rows=225950 width=8) (actual time=1518.949..2648.578 rows=322331 loops=1)
              Hash Cond: (mi_idx.movie_id = t.id)
              ->  Seq Scan on movie_info_idx mi_idx  (cost=0.00..21735.35 rows=1380035 width=4) (actual time=0.021..444.056 rows=1380035 loops=1)
              ->  Hash  (cost=73925.90..73925.90 rows=413990 width=4) (actual time=1517.941..1517.941 rows=323208 loops=1)
                    Buckets: 131072  Batches: 8  Memory Usage: 2446kB
                    ->  Seq Scan on title t  (cost=0.00..73925.90 rows=413990 width=4) (actual time=0.013..1414.025 rows=323208 loops=1)
                          Filter: ((kind_id < 3) AND (production_year > 2000))
                          Rows Removed by Filter: 2205104
Planning time: 2.839 ms
Execution time: 5541.971 ms
