Hash Join  (cost=1134115.19..2052459.39 rows=32466176 width=0) (actual time=30294.211..82432.286 rows=143908092 loops=1)
  Hash Cond: (mi.movie_id = t.id)
  ->  Seq Scan on movie_info mi  (cost=0.00..309384.22 rows=14739122 width=4) (actual time=0.023..6216.923 rows=14835720 loops=1)
  ->  Hash  (cost=1042737.69..1042737.69 rows=5569640 width=8) (actual time=30291.672..30291.672 rows=11347534 loops=1)
        Buckets: 131072 (originally 131072)  Batches: 256 (originally 128)  Memory Usage: 3073kB
        ->  Hash Join  (cost=102767.86..1042737.69 rows=5569640 width=8) (actual time=9314.637..26692.204 rows=11347534 loops=1)
              Hash Cond: (ci.movie_id = t.id)
              ->  Seq Scan on cast_info ci  (cost=0.00..796071.18 rows=5569640 width=4) (actual time=7482.264..14768.543 rows=11347534 loops=1)
                    Filter: ((person_id < 1555886) AND (role_id = 1))
                    Rows Removed by Filter: 24896810
              ->  Hash  (cost=61283.27..61283.27 rows=2528527 width=4) (actual time=1831.056..1831.056 rows=2528312 loops=1)
                    Buckets: 131072  Batches: 64  Memory Usage: 2415kB
                    ->  Seq Scan on title t  (cost=0.00..61283.27 rows=2528527 width=4) (actual time=0.029..998.996 rows=2528312 loops=1)
Planning time: 2.384 ms
Execution time: 97552.668 ms
