Hash Join  (cost=102767.86..247594.49 rows=2241816 width=0) (actual time=1889.732..5520.269 rows=2235682 loops=1)
  Hash Cond: (mk.movie_id = t.id)
  ->  Seq Scan on movie_keyword mk  (cost=0.00..81003.12 rows=2241816 width=4) (actual time=0.026..1541.727 rows=2235682 loops=1)
        Filter: (keyword_id < 4607)
        Rows Removed by Filter: 2288248
  ->  Hash  (cost=61283.27..61283.27 rows=2528527 width=4) (actual time=1888.095..1888.095 rows=2528312 loops=1)
        Buckets: 131072  Batches: 64  Memory Usage: 2425kB
        ->  Seq Scan on title t  (cost=0.00..61283.27 rows=2528527 width=4) (actual time=0.011..1043.552 rows=2528312 loops=1)
Planning time: 0.719 ms
Execution time: 5798.249 ms
