Hash Join  (cost=162648.95..527454.11 rows=14920 width=0) (actual time=2819.082..9843.892 rows=15294 loops=1)
  Hash Cond: (mi.movie_id = t.id)
  ->  Seq Scan on movie_info mi  (cost=0.00..309384.22 rows=14739122 width=4) (actual time=0.006..4242.358 rows=14835720 loops=1)
  ->  Hash  (cost=162616.95..162616.95 rows=2560 width=8) (actual time=2818.977..2818.977 rows=1585 loops=1)
        Buckets: 4096  Batches: 1  Memory Usage: 94kB
        ->  Hash Join  (cost=73965.71..162616.95 rows=2560 width=8) (actual time=1070.364..2818.047 rows=1585 loops=1)
              Hash Cond: (mk.movie_id = t.id)
              ->  Seq Scan on movie_keyword mk  (cost=0.00..81003.12 rows=2032673 width=4) (actual time=0.020..1433.275 rows=2039268 loops=1)
                    Filter: (keyword_id > 6037)
                    Rows Removed by Filter: 2484662
              ->  Hash  (cost=73925.90..73925.90 rows=3184 width=4) (actual time=1063.379..1063.379 rows=9434 loops=1)
                    Buckets: 16384 (originally 4096)  Batches: 1 (originally 1)  Memory Usage: 460kB
                    ->  Seq Scan on title t  (cost=0.00..73925.90 rows=3184 width=4) (actual time=135.442..1051.815 rows=9434 loops=1)
                          Filter: ((kind_id < 3) AND (production_year < 1902))
                          Rows Removed by Filter: 2518878
Planning time: 0.963 ms
Execution time: 9846.882 ms
