Hash Join  (cost=102767.86..301953.79 rows=4500973 width=0) (actual time=1904.546..7814.494 rows=4500269 loops=1)
  Hash Cond: (mk.movie_id = t.id)
  ->  Seq Scan on movie_keyword mk  (cost=0.00..81003.12 rows=4500973 width=4) (actual time=0.016..1934.649 rows=4500269 loops=1)
        Filter: (keyword_id > 5)
        Rows Removed by Filter: 23661
  ->  Hash  (cost=61283.27..61283.27 rows=2528527 width=4) (actual time=1902.820..1902.820 rows=2528312 loops=1)
        Buckets: 131072  Batches: 64  Memory Usage: 2425kB
        ->  Seq Scan on title t  (cost=0.00..61283.27 rows=2528527 width=4) (actual time=0.022..1020.826 rows=2528312 loops=1)
Planning time: 0.806 ms
Execution time: 8315.208 ms
