Hash Join  (cost=86372.90..159376.18 rows=383897 width=0) (actual time=1576.592..3442.606 rows=606394 loops=1)
  Hash Cond: (mc.movie_id = t.id)
  ->  Seq Scan on movie_companies mc  (cost=0.00..51404.11 rows=1279517 width=4) (actual time=6.245..1069.128 rows=1274246 loops=1)
        Filter: (company_type_id < 2)
        Rows Removed by Filter: 1334883
  ->  Hash  (cost=73925.90..73925.90 rows=758640 width=4) (actual time=1569.491..1569.491 rows=663849 loops=1)
        Buckets: 131072  Batches: 16  Memory Usage: 2483kB
        ->  Seq Scan on title t  (cost=0.00..73925.90 rows=758640 width=4) (actual time=0.024..1360.341 rows=663849 loops=1)
              Filter: ((kind_id < 7) AND (production_year > 1980))
              Rows Removed by Filter: 1864463
Planning time: 0.860 ms
Execution time: 3506.872 ms
