Hash Join  (cost=171216.65..311374.59 rows=811311 width=0) (actual time=4307.533..12285.877 rows=18691922 loops=1)
  Hash Cond: (mk.movie_id = t.id)
  ->  Seq Scan on movie_keyword mk  (cost=0.00..81003.12 rows=4251388 width=4) (actual time=0.021..1789.019 rows=4230445 loops=1)
        Filter: (keyword_id > 236)
        Rows Removed by Filter: 293485
  ->  Hash  (cost=163300.03..163300.03 rows=482530 width=8) (actual time=4302.079..4302.079 rows=1140346 loops=1)
        Buckets: 131072 (originally 131072)  Batches: 16 (originally 8)  Memory Usage: 3864kB
        ->  Hash Join  (cost=81598.21..163300.03 rows=482530 width=8) (actual time=1400.253..3961.180 rows=1140346 loops=1)
              Hash Cond: (mc.movie_id = t.id)
              ->  Seq Scan on movie_companies mc  (cost=0.00..44881.29 rows=2609129 width=4) (actual time=0.015..879.283 rows=2609129 loops=1)
              ->  Hash  (cost=73925.90..73925.90 rows=467624 width=4) (actual time=1399.377..1399.377 rows=557493 loops=1)
                    Buckets: 131072  Batches: 8  Memory Usage: 3486kB
                    ->  Seq Scan on title t  (cost=0.00..73925.90 rows=467624 width=4) (actual time=0.009..1218.931 rows=557493 loops=1)
                          Filter: ((kind_id < 7) AND (production_year < 2003))
                          Rows Removed by Filter: 1970819
Planning time: 1.197 ms
Execution time: 14453.074 ms
