Seq Scan on movie_keyword mk  (cost=0.00..81003.12 rows=246 width=0) (actual time=0.095..1163.729 rows=325 loops=1)
  Filter: (keyword_id = 17722)
  Rows Removed by Filter: 4523605
Planning time: 0.379 ms
Execution time: 1163.957 ms
