Seq Scan on cast_info ci  (cost=0.00..796071.18 rows=24591109 width=0) (actual time=0.014..17477.853 rows=27748729 loops=1)
  Filter: ((person_id < 3314824) AND (role_id < 6))
  Rows Removed by Filter: 8495615
Planning time: 4.396 ms
Execution time: 20849.316 ms
