Hash Join  (cost=73987.23..162653.19 rows=3944 width=0) (actual time=1361.339..3148.326 rows=2857 loops=1)
  Hash Cond: (mk.movie_id = t.id)
  ->  Seq Scan on movie_keyword mk  (cost=0.00..81003.12 rows=2032905 width=4) (actual time=0.028..1454.511 rows=2036196 loops=1)
        Filter: (keyword_id < 3639)
        Rows Removed by Filter: 2487734
  ->  Hash  (cost=73925.90..73925.90 rows=4906 width=4) (actual time=1350.694..1350.694 rows=9844 loops=1)
        Buckets: 16384 (originally 8192)  Batches: 1 (originally 1)  Memory Usage: 475kB
        ->  Seq Scan on title t  (cost=0.00..73925.90 rows=4906 width=4) (actual time=0.059..1345.542 rows=9844 loops=1)
              Filter: ((kind_id > 3) AND (production_year = 1984))
              Rows Removed by Filter: 2518468
Planning time: 0.778 ms
Execution time: 3149.011 ms
