Hash Join  (cost=928837.23..1472436.81 rows=8116413 width=0) (actual time=17682.918..31449.160 rows=13591110 loops=1)
  Hash Cond: (mi.movie_id = t.id)
  ->  Seq Scan on movie_info mi  (cost=0.00..346232.03 rows=7503588 width=4) (actual time=0.031..5652.263 rows=7548855 loops=1)
        Filter: (info_type_id > 7)
        Rows Removed by Filter: 7286865
  ->  Hash  (cost=883965.31..883965.31 rows=2735034 width=8) (actual time=17681.484..17681.484 rows=2728943 loops=1)
        Buckets: 131072  Batches: 64  Memory Usage: 2692kB
        ->  Hash Join  (cost=102767.86..883965.31 rows=2735034 width=8) (actual time=6950.455..16865.844 rows=2728943 loops=1)
              Hash Cond: (ci.movie_id = t.id)
              ->  Seq Scan on cast_info ci  (cost=0.00..705507.15 rows=2735034 width=4) (actual time=5228.814..12253.221 rows=2728943 loops=1)
                    Filter: (role_id = 4)
                    Rows Removed by Filter: 33515401
              ->  Hash  (cost=61283.27..61283.27 rows=2528527 width=4) (actual time=1719.597..1719.597 rows=2528312 loops=1)
                    Buckets: 131072  Batches: 64  Memory Usage: 2415kB
                    ->  Seq Scan on title t  (cost=0.00..61283.27 rows=2528527 width=4) (actual time=0.014..881.419 rows=2528312 loops=1)
Planning time: 1.220 ms
Execution time: 32967.998 ms
