Seq Scan on movie_keyword mk  (cost=0.00..81003.12 rows=2173802 width=0) (actual time=0.024..1357.676 rows=2175335 loops=1)
  Filter: (keyword_id < 4255)
  Rows Removed by Filter: 2348595
Planning time: 0.304 ms
Execution time: 1632.053 ms
