Seq Scan on movie_keyword mk  (cost=0.00..81003.12 rows=1031980 width=0) (actual time=0.026..1325.499 rows=1036432 loops=1)
  Filter: (keyword_id > 17114)
  Rows Removed by Filter: 3487498
Planning time: 1.700 ms
Execution time: 1459.809 ms
