Hash Join  (cost=69283.60..147933.90 rows=90779 width=0) (actual time=1055.679..2692.515 rows=157818 loops=1)
  Hash Cond: (mc.movie_id = t.id)
  ->  Seq Scan on movie_companies mc  (cost=0.00..51404.11 rows=2243306 width=4) (actual time=0.023..923.002 rows=2243732 loops=1)
        Filter: (company_id > 190)
        Rows Removed by Filter: 365397
  ->  Hash  (cost=67604.59..67604.59 rows=102321 width=4) (actual time=936.200..936.200 rows=100537 loops=1)
        Buckets: 131072  Batches: 2  Memory Usage: 2797kB
        ->  Seq Scan on title t  (cost=0.00..67604.59 rows=102321 width=4) (actual time=21.399..901.285 rows=100537 loops=1)
              Filter: (kind_id = 3)
              Rows Removed by Filter: 2427775
Planning time: 0.795 ms
Execution time: 2713.791 ms
