Seq Scan on movie_keyword mk  (cost=0.00..81003.12 rows=343355 width=0) (actual time=0.023..1190.691 rows=341480 loops=1)
  Filter: (keyword_id > 48615)
  Rows Removed by Filter: 4182450
Planning time: 0.303 ms
Execution time: 1236.109 ms
