Seq Scan on movie_keyword mk  (cost=0.00..81003.12 rows=2693684 width=0) (actual time=0.018..1507.983 rows=2684807 loops=1)
  Filter: (keyword_id > 3037)
  Rows Removed by Filter: 1839123
Planning time: 0.351 ms
Execution time: 1848.423 ms
