Seq Scan on movie_companies mc  (cost=0.00..57926.93 rows=241753 width=0) (actual time=32.762..858.892 rows=478688 loops=1)
  Filter: ((company_id > 75430) AND (company_type_id > 1))
  Rows Removed by Filter: 2130441
Planning time: 0.321 ms
Execution time: 918.816 ms
