Hash Join  (cost=94978.31..1006381.83 rows=3698966 width=0) (actual time=11394.280..22679.138 rows=4932137 loops=1)
  Hash Cond: (ci.movie_id = t.id)
  ->  Seq Scan on cast_info ci  (cost=0.00..796071.18 rows=5605736 width=4) (actual time=9648.444..14923.697 rows=7451973 loops=1)
        Filter: ((person_id < 2846899) AND (role_id = 2))
        Rows Removed by Filter: 28792371
  ->  Hash  (cost=67604.59..67604.59 rows=1668458 width=4) (actual time=1744.699..1744.699 rows=1671292 loops=1)
        Buckets: 131072  Batches: 32  Memory Usage: 2858kB
        ->  Seq Scan on title t  (cost=0.00..67604.59 rows=1668458 width=4) (actual time=0.044..1214.029 rows=1671292 loops=1)
              Filter: (production_year < 2008)
              Rows Removed by Filter: 857020
Planning time: 0.798 ms
Execution time: 23287.186 ms
