Seq Scan on cast_info ci  (cost=0.00..796071.18 rows=7549316 width=0) (actual time=7178.101..11827.529 rows=5369817 loops=1)
  Filter: ((person_id > 2822613) AND (role_id < 10))
  Rows Removed by Filter: 30874527
Planning time: 0.318 ms
Execution time: 12502.462 ms
