Seq Scan on movie_companies mc  (cost=0.00..57926.93 rows=248172 width=0) (actual time=140.736..823.157 rows=490585 loops=1)
  Filter: ((company_id > 74718) AND (company_type_id = 2))
  Rows Removed by Filter: 2118544
Planning time: 0.364 ms
Execution time: 885.024 ms
