Seq Scan on movie_keyword mk  (cost=0.00..81003.12 rows=1283824 width=0) (actual time=0.026..1219.300 rows=1294051 loops=1)
  Filter: (keyword_id > 13645)
  Rows Removed by Filter: 3229879
Planning time: 0.315 ms
Execution time: 1381.691 ms
