Seq Scan on movie_keyword mk  (cost=0.00..81003.12 rows=246 width=0) (actual time=0.384..1130.303 rows=2506 loops=1)
  Filter: (keyword_id = 2853)
  Rows Removed by Filter: 4521424
Planning time: 0.339 ms
Execution time: 1131.070 ms
