Hash Join  (cost=255535.38..846855.40 rows=8724318 width=0) (actual time=6861.214..45735.437 rows=95783870 loops=1)
  Hash Cond: (mi.movie_id = t.id)
  ->  Seq Scan on movie_info mi  (cost=0.00..309384.22 rows=14739122 width=4) (actual time=0.022..5343.247 rows=14835720 loops=1)
  ->  Hash  (cost=230979.94..230979.94 rows=1496675 width=8) (actual time=6859.640..6859.640 rows=2006787 loops=1)
        Buckets: 131072  Batches: 32  Memory Usage: 3478kB
        ->  Hash Join  (cost=82131.75..230979.94 rows=1496675 width=8) (actual time=1425.782..5655.374 rows=2006787 loops=1)
              Hash Cond: (mk.movie_id = t.id)
              ->  Seq Scan on movie_keyword mk  (cost=0.00..81003.12 rows=4273951 width=4) (actual time=2.990..1736.971 rows=4255669 loops=1)
                    Filter: (keyword_id > 229)
                    Rows Removed by Filter: 268261
              ->  Hash  (cost=67604.59..67604.59 rows=885453 width=4) (actual time=1421.609..1421.609 rows=885650 loops=1)
                    Buckets: 131072  Batches: 16  Memory Usage: 2979kB
                    ->  Seq Scan on title t  (cost=0.00..67604.59 rows=885453 width=4) (actual time=0.020..1097.620 rows=885650 loops=1)
                          Filter: (production_year < 1997)
                          Rows Removed by Filter: 1642662
Planning time: 1.144 ms
Execution time: 57313.765 ms
