Hash Join  (cost=1081185.47..2052149.84 rows=37397693 width=0) (actual time=23733.295..53768.020 rows=67697037 loops=1)
  Hash Cond: (mi.movie_id = t.id)
  ->  Seq Scan on movie_info mi  (cost=0.00..309384.22 rows=14739122 width=4) (actual time=0.018..5227.628 rows=14835720 loops=1)
  ->  Hash  (cost=975927.82..975927.82 rows=6415652 width=8) (actual time=23731.329..23731.329 rows=6914835 loops=1)
        Buckets: 131072  Batches: 128  Memory Usage: 3151kB
        ->  Hash Join  (cost=104071.89..975927.82 rows=6415652 width=8) (actual time=6146.204..21617.982 rows=6914835 loops=1)
              Hash Cond: (ci.movie_id = t.id)
              ->  Seq Scan on cast_info ci  (cost=0.00..705507.15 rows=7298253 width=4) (actual time=3931.837..12716.623 rows=7451973 loops=1)
                    Filter: (role_id = 2)
                    Rows Removed by Filter: 28792371
              ->  Hash  (cost=67604.59..67604.59 rows=2222744 width=4) (actual time=2213.443..2213.443 rows=2214818 loops=1)
                    Buckets: 131072  Batches: 32  Memory Usage: 3459kB
                    ->  Seq Scan on title t  (cost=0.00..67604.59 rows=2222744 width=4) (actual time=0.030..1220.733 rows=2214818 loops=1)
                          Filter: (production_year > 1959)
                          Rows Removed by Filter: 313494
Planning time: 1.227 ms
Execution time: 60703.465 ms
