Hash Join  (cost=165758.94..668211.10 rows=2122323 width=0) (actual time=3537.704..16710.248 rows=1319092 loops=1)
  Hash Cond: (mi.movie_id = t.id)
  ->  Seq Scan on movie_info mi  (cost=0.00..309384.22 rows=14739122 width=4) (actual time=0.010..5889.056 rows=14835720 loops=1)
  ->  Hash  (cost=159784.83..159784.83 rows=364089 width=8) (actual time=3535.568..3535.568 rows=172413 loops=1)
        Buckets: 131072  Batches: 8  Memory Usage: 1870kB
        ->  Hash Join  (cost=79715.42..159784.83 rows=364089 width=8) (actual time=1310.718..3475.765 rows=172413 loops=1)
              Hash Cond: (mc.movie_id = t.id)
              ->  Seq Scan on movie_companies mc  (cost=0.00..44881.29 rows=2609129 width=4) (actual time=0.014..881.736 rows=2609129 loops=1)
              ->  Hash  (cost=73925.90..73925.90 rows=352841 width=4) (actual time=1309.692..1309.692 rows=371999 loops=1)
                    Buckets: 131072  Batches: 8  Memory Usage: 2665kB
                    ->  Seq Scan on title t  (cost=0.00..73925.90 rows=352841 width=4) (actual time=0.011..1190.733 rows=371999 loops=1)
                          Filter: ((kind_id > 3) AND (production_year > 2009))
                          Rows Removed by Filter: 2156313
Planning time: 2.428 ms
Execution time: 16878.425 ms
