Seq Scan on cast_info ci  (cost=0.00..705507.15 rows=500 width=0) (actual time=9008.068..9700.904 rows=3 loops=1)
  Filter: (person_id = 2584361)
  Rows Removed by Filter: 36244341
Planning time: 0.367 ms
Execution time: 9700.983 ms
