Hash Join  (cost=154654.97..548767.23 rows=49867 width=0) (actual time=2564.152..9391.166 rows=3562 loops=1)
  Hash Cond: (mi.movie_id = t.id)
  ->  Seq Scan on movie_info mi  (cost=0.00..346232.03 rows=9476311 width=4) (actual time=0.008..5435.198 rows=9565151 loops=1)
        Filter: (info_type_id < 16)
        Rows Removed by Filter: 5270569
  ->  Hash  (cost=154488.65..154488.65 rows=13306 width=8) (actual time=2561.454..2561.454 rows=335 loops=1)
        Buckets: 16384  Batches: 1  Memory Usage: 142kB
        ->  Hash Join  (cost=67697.55..154488.65 rows=13306 width=8) (actual time=934.041..2560.995 rows=335 loops=1)
              Hash Cond: (mk.movie_id = t.id)
              ->  Seq Scan on movie_keyword mk  (cost=0.00..69693.30 rows=4523930 width=4) (actual time=0.018..866.190 rows=4523930 loops=1)
              ->  Hash  (cost=67604.59..67604.59 rows=7437 width=4) (actual time=915.924..915.924 rows=1799 loops=1)
                    Buckets: 8192  Batches: 1  Memory Usage: 128kB
                    ->  Seq Scan on title t  (cost=0.00..67604.59 rows=7437 width=4) (actual time=0.017..914.956 rows=1799 loops=1)
                          Filter: (production_year = 1902)
                          Rows Removed by Filter: 2526513
Planning time: 1.195 ms
Execution time: 9391.984 ms
