Seq Scan on cast_info ci  (cost=0.00..705507.15 rows=35963780 width=0) (actual time=0.014..11094.715 rows=35953943 loops=1)
  Filter: (person_id < 4009516)
  Rows Removed by Filter: 290401
Planning time: 0.342 ms
Execution time: 15105.815 ms
