Seq Scan on movie_keyword mk  (cost=0.00..81003.12 rows=2740804 width=0) (actual time=0.025..1402.647 rows=2731154 loops=1)
  Filter: (keyword_id < 7764)
  Rows Removed by Filter: 1792776
Planning time: 0.318 ms
Execution time: 1747.493 ms
