Hash Join  (cost=127722.34..881033.59 rows=8138 width=0) (actual time=2517.544..15830.631 rows=23686 loops=1)
  Hash Cond: (ci.movie_id = t.id)
  ->  Seq Scan on cast_info ci  (cost=0.00..705507.15 rows=12726058 width=4) (actual time=811.725..12189.042 rows=12670688 loops=1)
        Filter: (role_id = 1)
        Rows Removed by Filter: 23573656
  ->  Hash  (cost=127702.13..127702.13 rows=1617 width=8) (actual time=1701.109..1701.109 rows=1285 loops=1)
        Buckets: 2048  Batches: 1  Memory Usage: 67kB
        ->  Hash Join  (cost=67697.55..127702.13 rows=1617 width=8) (actual time=1008.080..1700.502 rows=1285 loops=1)
              Hash Cond: (mc.movie_id = t.id)
              ->  Seq Scan on movie_companies mc  (cost=0.00..57926.93 rows=549727 width=4) (actual time=136.914..778.643 rows=268438 loops=1)
                    Filter: ((company_id > 13541) AND (company_type_id < 2))
                    Rows Removed by Filter: 2340691
              ->  Hash  (cost=67604.59..67604.59 rows=7437 width=4) (actual time=870.160..870.160 rows=5663 loops=1)
                    Buckets: 8192  Batches: 1  Memory Usage: 264kB
                    ->  Seq Scan on title t  (cost=0.00..67604.59 rows=7437 width=4) (actual time=0.094..867.285 rows=5663 loops=1)
                          Filter: (production_year = 1951)
                          Rows Removed by Filter: 2522649
Planning time: 3.935 ms
Execution time: 15834.766 ms
