Hash Join  (cost=79405.47..444184.79 rows=176763 width=0) (actual time=3078.930..6756.445 rows=828596 loops=1)
  Hash Cond: (mi.movie_id = t.id)
  ->  Seq Scan on movie_info mi  (cost=0.00..346232.03 rows=1338312 width=4) (actual time=1571.571..4534.526 rows=1401902 loops=1)
        Filter: (info_type_id = 7)
        Rows Removed by Filter: 13433818
  ->  Hash  (cost=73925.90..73925.90 rows=333965 width=4) (actual time=1283.278..1283.278 rows=411522 loops=1)
        Buckets: 131072  Batches: 8  Memory Usage: 2850kB
        ->  Seq Scan on title t  (cost=0.00..73925.90 rows=333965 width=4) (actual time=0.032..1150.900 rows=411522 loops=1)
              Filter: ((production_year < 2004) AND (kind_id = 1))
              Rows Removed by Filter: 2116790
Planning time: 0.666 ms
Execution time: 6863.869 ms
