Hash Join  (cost=156487.41..1154562.04 rows=2726741 width=0) (actual time=2963.918..27512.257 rows=6253075 loops=1)
  Hash Cond: (ci.movie_id = t.id)
  ->  Seq Scan on cast_info ci  (cost=0.00..796071.18 rows=14956543 width=4) (actual time=0.025..14428.307 rows=16312652 loops=1)
        Filter: ((person_id < 1684328) AND (role_id < 10))
        Rows Removed by Filter: 19931692
  ->  Hash  (cost=148924.19..148924.19 rows=460978 width=8) (actual time=2963.116..2963.116 rows=459925 loops=1)
        Buckets: 131072  Batches: 8  Memory Usage: 3275kB
        ->  Hash Join  (cost=102767.86..148924.19 rows=460978 width=8) (actual time=1647.628..2834.576 rows=459925 loops=1)
              Hash Cond: (mi_idx.movie_id = t.id)
              ->  Seq Scan on movie_info_idx mi_idx  (cost=0.00..25185.44 rows=460978 width=4) (actual time=0.016..425.911 rows=459925 loops=1)
                    Filter: (info_type_id < 100)
                    Rows Removed by Filter: 920110
              ->  Hash  (cost=61283.27..61283.27 rows=2528527 width=4) (actual time=1645.427..1645.427 rows=2528312 loops=1)
                    Buckets: 131072  Batches: 64  Memory Usage: 2415kB
                    ->  Seq Scan on title t  (cost=0.00..61283.27 rows=2528527 width=4) (actual time=0.009..840.970 rows=2528312 loops=1)
Planning time: 1.308 ms
Execution time: 28285.257 ms
