Hash Join  (cost=127868.28..492592.82 rows=6861 width=0) (actual time=1943.006..8396.199 rows=8672 loops=1)
  Hash Cond: (mi.movie_id = t.id)
  ->  Seq Scan on movie_info mi  (cost=0.00..309384.22 rows=14739122 width=4) (actual time=0.013..3599.905 rows=14835720 loops=1)
  ->  Hash  (cost=127853.57..127853.57 rows=1177 width=8) (actual time=1879.996..1879.996 rows=1039 loops=1)
        Buckets: 2048  Batches: 1  Memory Usage: 57kB
        ->  Hash Join  (cost=69179.59..127853.57 rows=1177 width=8) (actual time=1039.660..1879.554 rows=1039 loops=1)
              Hash Cond: (mc.movie_id = t.id)
              ->  Seq Scan on movie_companies mc  (cost=0.00..57926.93 rows=31007 width=4) (actual time=0.021..829.028 rows=55497 loops=1)
                    Filter: ((company_type_id < 2) AND (company_id = 6))
                    Rows Removed by Filter: 2553632
              ->  Hash  (cost=67604.59..67604.59 rows=96000 width=4) (actual time=1015.196..1015.196 rows=95005 loops=1)
                    Buckets: 131072  Batches: 2  Memory Usage: 2716kB
                    ->  Seq Scan on title t  (cost=0.00..67604.59 rows=96000 width=4) (actual time=0.017..978.963 rows=95005 loops=1)
                          Filter: (production_year = 2005)
                          Rows Removed by Filter: 2433307
Planning time: 1.076 ms
Execution time: 8397.861 ms
