Nested Loop  (cost=0.43..83071.67 rows=246 width=0) (actual time=0.308..1233.936 rows=2855 loops=1)
  ->  Seq Scan on movie_keyword mk  (cost=0.00..81003.12 rows=246 width=4) (actual time=0.251..1148.199 rows=2855 loops=1)
        Filter: (keyword_id = 895)
        Rows Removed by Filter: 4521075
  ->  Index Only Scan using title_pkey on title t  (cost=0.43..8.40 rows=1 width=4) (actual time=0.029..0.029 rows=1 loops=2855)
        Index Cond: (id = mk.movie_id)
        Heap Fetches: 2855
Planning time: 0.713 ms
Execution time: 1234.932 ms
