Hash Join  (cost=88391.98..1251957.23 rows=12631708 width=0) (actual time=1557.404..35276.531 rows=10432323 loops=1)
  Hash Cond: (ci.movie_id = t.id)
  ->  Seq Scan on cast_info ci  (cost=0.00..614943.12 rows=36225612 width=4) (actual time=0.015..12826.935 rows=36244344 loops=1)
  ->  Hash  (cost=73925.90..73925.90 rows=881686 width=4) (actual time=1556.549..1556.549 rows=801513 loops=1)
        Buckets: 131072  Batches: 16  Memory Usage: 2786kB
        ->  Seq Scan on title t  (cost=0.00..73925.90 rows=881686 width=4) (actual time=144.674..1290.389 rows=801513 loops=1)
              Filter: ((production_year < 2006) AND (kind_id = 7))
              Rows Removed by Filter: 1726799
Planning time: 1.985 ms
Execution time: 36462.631 ms
