Hash Join  (cost=172397.26..539658.02 rows=313921 width=0) (actual time=6372.621..9047.190 rows=469983 loops=1)
  Hash Cond: (mi.movie_id = t.id)
  ->  Seq Scan on movie_info mi  (cost=0.00..346232.03 rows=1348138 width=4) (actual time=2782.889..4694.802 rows=1298989 loops=1)
        Filter: (info_type_id = 4)
        Rows Removed by Filter: 13536731
  ->  Hash  (cost=162737.51..162737.51 rows=588780 width=8) (actual time=3588.754..3588.754 rows=467718 loops=1)
        Buckets: 131072  Batches: 8  Memory Usage: 3277kB
        ->  Hash Join  (cost=80562.70..162737.51 rows=588780 width=8) (actual time=1307.088..3436.533 rows=467718 loops=1)
              Hash Cond: (mc.movie_id = t.id)
              ->  Seq Scan on movie_companies mc  (cost=0.00..51404.11 rows=1885040 width=4) (actual time=0.027..933.788 rows=1893686 loops=1)
                    Filter: (company_id > 1375)
                    Rows Removed by Filter: 715443
              ->  Hash  (cost=67604.59..67604.59 rows=789769 width=4) (actual time=1306.240..1306.240 rows=784926 loops=1)
                    Buckets: 131072  Batches: 16  Memory Usage: 2749kB
                    ->  Seq Scan on title t  (cost=0.00..67604.59 rows=789769 width=4) (actual time=0.040..1057.774 rows=784926 loops=1)
                          Filter: (production_year > 2007)
                          Rows Removed by Filter: 1743386
Planning time: 1.200 ms
Execution time: 9101.980 ms
