Seq Scan on cast_info ci  (cost=0.00..796071.18 rows=3966353 width=0) (actual time=568.992..11927.548 rows=2355223 loops=1)
  Filter: ((person_id < 1147508) AND (role_id > 3))
  Rows Removed by Filter: 33889121
Planning time: 0.323 ms
Execution time: 12225.025 ms
