Hash Join  (cost=83652.05..126896.03 rows=323549 width=0) (actual time=1503.994..2697.410 rows=520417 loops=1)
  Hash Cond: (mi_idx.movie_id = t.id)
  ->  Seq Scan on movie_info_idx mi_idx  (cost=0.00..21735.35 rows=1380035 width=4) (actual time=0.015..492.679 rows=1380035 loops=1)
  ->  Hash  (cost=73925.90..73925.90 rows=592812 width=4) (actual time=1381.144..1381.144 rows=473134 loops=1)
        Buckets: 131072  Batches: 8  Memory Usage: 3117kB
        ->  Seq Scan on title t  (cost=0.00..73925.90 rows=592812 width=4) (actual time=259.226..1233.588 rows=473134 loops=1)
              Filter: ((production_year > 1957) AND (kind_id = 1))
              Rows Removed by Filter: 2055178
Planning time: 0.717 ms
Execution time: 2757.032 ms
