Hash Join  (cost=505750.53..657106.26 rows=1867799 width=0) (actual time=8105.230..22731.612 rows=51304049 loops=1)
  Hash Cond: (mk.movie_id = t.id)
  ->  Seq Scan on movie_keyword mk  (cost=0.00..81003.12 rows=4077763 width=4) (actual time=0.013..1634.222 rows=4079345 loops=1)
        Filter: (keyword_id < 39825)
        Rows Removed by Filter: 444585
  ->  Hash  (cost=486748.29..486748.29 rows=1158179 width=8) (actual time=8104.380..8104.380 rows=1204709 loops=1)
        Buckets: 131072  Batches: 16  Memory Usage: 3952kB
        ->  Hash Join  (cost=102767.86..486748.29 rows=1158179 width=8) (actual time=3006.802..7771.020 rows=1204709 loops=1)
              Hash Cond: (mi.movie_id = t.id)
              ->  Seq Scan on movie_info mi  (cost=0.00..346232.03 rows=1158179 width=4) (actual time=1035.519..4494.692 rows=1204709 loops=1)
                    Filter: (info_type_id > 18)
                    Rows Removed by Filter: 13631011
              ->  Hash  (cost=61283.27..61283.27 rows=2528527 width=4) (actual time=1962.242..1962.242 rows=2528312 loops=1)
                    Buckets: 131072  Batches: 64  Memory Usage: 2425kB
                    ->  Seq Scan on title t  (cost=0.00..61283.27 rows=2528527 width=4) (actual time=0.025..1073.195 rows=2528312 loops=1)
Planning time: 1.100 ms
Execution time: 28022.407 ms
