Nested Loop  (cost=0.43..83071.67 rows=246 width=0) (actual time=7.866..1164.854 rows=33 loops=1)
  ->  Seq Scan on movie_keyword mk  (cost=0.00..81003.12 rows=246 width=4) (actual time=7.786..1163.294 rows=33 loops=1)
        Filter: (keyword_id = 7294)
        Rows Removed by Filter: 4523897
  ->  Index Only Scan using title_pkey on title t  (cost=0.43..8.40 rows=1 width=4) (actual time=0.041..0.042 rows=1 loops=33)
        Index Cond: (id = mk.movie_id)
        Heap Fetches: 33
Planning time: 0.618 ms
Execution time: 1164.926 ms
