Hash Join  (cost=171839.40..1233968.85 rows=2757429 width=0) (actual time=3125.467..32669.658 rows=5265612 loops=1)
  Hash Cond: (ci.movie_id = t.id)
  ->  Seq Scan on cast_info ci  (cost=0.00..614943.12 rows=36225612 width=4) (actual time=0.025..11888.388 rows=36244344 loops=1)
  ->  Hash  (cost=168681.56..168681.56 rows=192467 width=8) (actual time=3124.646..3124.646 rows=191210 loops=1)
        Buckets: 131072  Batches: 4  Memory Usage: 2905kB
        ->  Hash Join  (cost=102767.86..168681.56 rows=192467 width=8) (actual time=1741.623..3060.008 rows=191210 loops=1)
              Hash Cond: (mc.movie_id = t.id)
              ->  Seq Scan on movie_companies mc  (cost=0.00..51404.11 rows=192467 width=4) (actual time=0.031..728.199 rows=191210 loops=1)
                    Filter: (company_id < 50)
                    Rows Removed by Filter: 2417919
              ->  Hash  (cost=61283.27..61283.27 rows=2528527 width=4) (actual time=1739.659..1739.659 rows=2528312 loops=1)
                    Buckets: 131072  Batches: 64  Memory Usage: 2415kB
                    ->  Seq Scan on title t  (cost=0.00..61283.27 rows=2528527 width=4) (actual time=0.103..884.279 rows=2528312 loops=1)
Planning time: 1.118 ms
Execution time: 33326.585 ms
