Hash Join  (cost=74690.97..133115.49 rows=3017 width=0) (actual time=921.948..1806.279 rows=23041 loops=1)
  Hash Cond: (mc.movie_id = t.id)
  ->  Seq Scan on movie_companies mc  (cost=0.00..57926.93 rows=124645 width=4) (actual time=0.021..799.732 rows=247083 loops=1)
        Filter: ((company_id > 101647) AND (company_type_id > 1))
        Rows Removed by Filter: 2362046
  ->  Hash  (cost=73925.90..73925.90 rows=61205 width=4) (actual time=921.571..921.571 rows=61581 loops=1)
        Buckets: 65536  Batches: 1  Memory Usage: 2677kB
        ->  Seq Scan on title t  (cost=0.00..73925.90 rows=61205 width=4) (actual time=0.018..899.562 rows=61581 loops=1)
              Filter: ((production_year > 2011) AND (kind_id = 1))
              Rows Removed by Filter: 2466731
Planning time: 0.836 ms
Execution time: 1809.781 ms
