Hash Join  (cost=201631.01..243234.42 rows=227892 width=0) (actual time=3590.774..4686.458 rows=210789 loops=1)
  Hash Cond: (mi_idx.movie_id = t.id)
  ->  Seq Scan on movie_info_idx mi_idx  (cost=0.00..21735.35 rows=1380035 width=4) (actual time=0.012..428.712 rows=1380035 loops=1)
  ->  Hash  (cost=194779.65..194779.65 rows=417549 width=8) (actual time=3589.531..3589.531 rows=174894 loops=1)
        Buckets: 131072  Batches: 8  Memory Usage: 1878kB
        ->  Hash Join  (cost=94973.51..194779.65 rows=417549 width=8) (actual time=1624.002..3530.582 rows=174894 loops=1)
              Hash Cond: (mk.movie_id = t.id)
              ->  Seq Scan on movie_keyword mk  (cost=0.00..81003.12 rows=632905 width=4) (actual time=0.016..1254.231 rows=632848 loops=1)
                    Filter: (keyword_id < 495)
                    Rows Removed by Filter: 3891082
              ->  Hash  (cost=67604.59..67604.59 rows=1668154 width=4) (actual time=1622.777..1622.777 rows=1674098 loops=1)
                    Buckets: 131072  Batches: 32  Memory Usage: 2875kB
                    ->  Seq Scan on title t  (cost=0.00..67604.59 rows=1668154 width=4) (actual time=0.022..1074.451 rows=1674098 loops=1)
                          Filter: (kind_id > 3)
                          Rows Removed by Filter: 854214
Planning time: 2.309 ms
Execution time: 4713.453 ms
