Seq Scan on cast_info ci  (cost=0.00..796071.18 rows=324 width=0) (actual time=1119.208..13149.251 rows=1 loops=1)
  Filter: ((role_id > 1) AND (person_id = 3338151))
  Rows Removed by Filter: 36244343
Planning time: 0.405 ms
Execution time: 13149.382 ms
