Hash Join  (cost=102767.86..1208190.51 rows=16209323 width=0) (actual time=1820.392..27367.431 rows=16087973 loops=1)
  Hash Cond: (ci.movie_id = t.id)
  ->  Seq Scan on cast_info ci  (cost=0.00..705507.15 rows=16209323 width=4) (actual time=0.011..12863.887 rows=16087973 loops=1)
        Filter: (person_id < 1593048)
        Rows Removed by Filter: 20156371
  ->  Hash  (cost=61283.27..61283.27 rows=2528527 width=4) (actual time=1818.809..1818.809 rows=2528312 loops=1)
        Buckets: 131072  Batches: 64  Memory Usage: 2415kB
        ->  Seq Scan on title t  (cost=0.00..61283.27 rows=2528527 width=4) (actual time=0.023..954.080 rows=2528312 loops=1)
Planning time: 0.729 ms
Execution time: 29126.782 ms
