Hash Join  (cost=202818.22..1321650.84 rows=8277243 width=0) (actual time=3901.415..36577.130 rows=21254106 loops=1)
  Hash Cond: (ci.movie_id = t.id)
  ->  Seq Scan on cast_info ci  (cost=0.00..614943.12 rows=36225612 width=4) (actual time=0.022..11831.559 rows=36244344 loops=1)
  ->  Hash  (cost=193339.39..193339.39 rows=577747 width=8) (actual time=3900.032..3900.032 rows=348268 loops=1)
        Buckets: 131072  Batches: 8  Memory Usage: 2684kB
        ->  Hash Join  (cost=78473.92..193339.39 rows=577747 width=8) (actual time=1240.892..3802.643 rows=348268 loops=1)
              Hash Cond: (mk.movie_id = t.id)
              ->  Seq Scan on movie_keyword mk  (cost=0.00..81003.12 rows=2205031 width=4) (actual time=0.026..1440.720 rows=2203502 loops=1)
                    Filter: (keyword_id > 5059)
                    Rows Removed by Filter: 2320428
              ->  Hash  (cost=67604.59..67604.59 rows=662507 width=4) (actual time=1240.179..1240.179 rows=662065 loops=1)
                    Buckets: 131072  Batches: 16  Memory Usage: 2488kB
                    ->  Seq Scan on title t  (cost=0.00..67604.59 rows=662507 width=4) (actual time=0.024..1018.157 rows=662065 loops=1)
                          Filter: (production_year > 2008)
                          Rows Removed by Filter: 1866247
Planning time: 1.173 ms
Execution time: 38984.832 ms
