Hash Join  (cost=58358.90..145017.85 rows=91 width=0) (actual time=1030.891..2767.132 rows=586 loops=1)
  Hash Cond: (mk.movie_id = t.id)
  ->  Seq Scan on movie_keyword mk  (cost=0.00..69693.30 rows=4523930 width=4) (actual time=0.022..1006.197 rows=4523930 loops=1)
  ->  Hash  (cost=58358.27..58358.27 rows=51 width=8) (actual time=1000.963..1000.963 rows=47 loops=1)
        Buckets: 1024  Batches: 1  Memory Usage: 10kB
        ->  Nested Loop  (cost=0.43..58358.27 rows=51 width=8) (actual time=245.506..1000.884 rows=47 loops=1)
              ->  Seq Scan on movie_companies mc  (cost=0.00..57926.93 rows=51 width=4) (actual time=245.390..989.831 rows=47 loops=1)
                    Filter: ((company_type_id < 2) AND (company_id = 3830))
                    Rows Removed by Filter: 2609082
              ->  Index Only Scan using title_pkey on title t  (cost=0.43..8.45 rows=1 width=4) (actual time=0.228..0.229 rows=1 loops=47)
                    Index Cond: (id = mc.movie_id)
                    Heap Fetches: 47
Planning time: 1.121 ms
Execution time: 2767.360 ms
