Hash Join  (cost=190230.21..1170926.32 rows=5747433 width=0) (actual time=4020.370..29171.170 rows=14557582 loops=1)
  Hash Cond: (ci.movie_id = t.id)
  ->  Seq Scan on cast_info ci  (cost=0.00..796071.18 rows=10530559 width=4) (actual time=0.053..13759.390 rows=12582747 loops=1)
        Filter: ((person_id < 1558731) AND (role_id < 4))
        Rows Removed by Filter: 23661597
  ->  Hash  (cost=167588.78..167588.78 rows=1380035 width=8) (actual time=4019.136..4019.136 rows=1380035 loops=1)
        Buckets: 131072  Batches: 32  Memory Usage: 2708kB
        ->  Hash Join  (cost=102767.86..167588.78 rows=1380035 width=8) (actual time=1783.054..3642.212 rows=1380035 loops=1)
              Hash Cond: (mi_idx.movie_id = t.id)
              ->  Seq Scan on movie_info_idx mi_idx  (cost=0.00..21735.35 rows=1380035 width=4) (actual time=0.019..424.127 rows=1380035 loops=1)
              ->  Hash  (cost=61283.27..61283.27 rows=2528527 width=4) (actual time=1782.277..1782.277 rows=2528312 loops=1)
                    Buckets: 131072  Batches: 64  Memory Usage: 2415kB
                    ->  Seq Scan on title t  (cost=0.00..61283.27 rows=2528527 width=4) (actual time=0.011..959.129 rows=2528312 loops=1)
Planning time: 1.098 ms
Execution time: 30610.433 ms
