Nested Loop  (cost=32636.42..197709.49 rows=14381 width=0) (actual time=606.745..2425.107 rows=65459 loops=1)
  ->  Hash Join  (cost=32635.99..130835.51 rows=78327 width=8) (actual time=606.687..1883.445 rows=65459 loops=1)
        Hash Cond: (mk.movie_id = mi_idx.movie_id)
        ->  Seq Scan on movie_keyword mk  (cost=0.00..81003.12 rows=80075 width=4) (actual time=0.034..1135.730 rows=78819 loops=1)
              Filter: (keyword_id > 88188)
              Rows Removed by Filter: 4445111
        ->  Hash  (cost=25185.44..25185.44 rows=454124 width=4) (actual time=605.635..605.635 rows=459925 loops=1)
              Buckets: 131072  Batches: 8  Memory Usage: 3059kB
              ->  Seq Scan on movie_info_idx mi_idx  (cost=0.00..25185.44 rows=454124 width=4) (actual time=0.014..457.446 rows=459925 loops=1)
                    Filter: (info_type_id = 100)
                    Rows Removed by Filter: 920110
  ->  Index Only Scan using title_pkey on title t  (cost=0.43..0.84 rows=1 width=4) (actual time=0.008..0.008 rows=1 loops=65459)
        Index Cond: (id = mi_idx.movie_id)
        Heap Fetches: 65459
Planning time: 1.022 ms
Execution time: 2437.466 ms
