Seq Scan on movie_companies mc  (cost=0.00..57926.93 rows=886937 width=0) (actual time=301.004..991.201 rows=566425 loops=1)
  Filter: ((company_id < 23222) AND (company_type_id = 2))
  Rows Removed by Filter: 2042704
Planning time: 0.363 ms
Execution time: 1064.639 ms
