Nested Loop  (cost=0.43..83071.67 rows=246 width=0) (actual time=3.892..1152.156 rows=160 loops=1)
  ->  Seq Scan on movie_keyword mk  (cost=0.00..81003.12 rows=246 width=4) (actual time=3.839..1147.173 rows=160 loops=1)
        Filter: (keyword_id = 34372)
        Rows Removed by Filter: 4523770
  ->  Index Only Scan using title_pkey on title t  (cost=0.43..8.40 rows=1 width=4) (actual time=0.028..0.028 rows=1 loops=160)
        Index Cond: (id = mk.movie_id)
        Heap Fetches: 160
Planning time: 0.770 ms
Execution time: 1152.328 ms
