Hash Join  (cost=277211.62..903870.73 rows=12036328 width=0) (actual time=6657.918..41683.134 rows=100169755 loops=1)
  Hash Cond: (mi.movie_id = t.id)
  ->  Seq Scan on movie_info mi  (cost=0.00..309384.22 rows=14739122 width=4) (actual time=0.018..5626.395 rows=14835720 loops=1)
  ->  Hash  (cost=243334.91..243334.91 rows=2064857 width=8) (actual time=6656.521..6656.521 rows=2081823 loops=1)
        Buckets: 131072  Batches: 32  Memory Usage: 3632kB
        ->  Hash Join  (cost=102767.86..243334.91 rows=2064857 width=8) (actual time=1867.994..5637.870 rows=2081823 loops=1)
              Hash Cond: (mk.movie_id = t.id)
              ->  Seq Scan on movie_keyword mk  (cost=0.00..81003.12 rows=2064857 width=4) (actual time=0.016..1576.692 rows=2081823 loops=1)
                    Filter: (keyword_id < 3689)
                    Rows Removed by Filter: 2442107
              ->  Hash  (cost=61283.27..61283.27 rows=2528527 width=4) (actual time=1865.181..1865.181 rows=2528312 loops=1)
                    Buckets: 131072  Batches: 64  Memory Usage: 2425kB
                    ->  Seq Scan on title t  (cost=0.00..61283.27 rows=2528527 width=4) (actual time=0.019..1007.257 rows=2528312 loops=1)
Planning time: 1.091 ms
Execution time: 52707.530 ms
