Hash Join  (cost=73950.44..424964.14 rows=988 width=0) (actual time=2761.418..5554.411 rows=4837 loops=1)
  Hash Cond: (mi.movie_id = t.id)
  ->  Seq Scan on movie_info mi  (cost=0.00..346232.03 rows=1272478 width=4) (actual time=1641.198..4405.545 rows=1325361 loops=1)
        Filter: (info_type_id = 8)
        Rows Removed by Filter: 13510359
  ->  Hash  (cost=73925.90..73925.90 rows=1963 width=4) (actual time=932.308..932.308 rows=4514 loops=1)
        Buckets: 8192 (originally 2048)  Batches: 1 (originally 1)  Memory Usage: 223kB
        ->  Seq Scan on title t  (cost=0.00..73925.90 rows=1963 width=4) (actual time=508.506..930.267 rows=4514 loops=1)
              Filter: ((kind_id = 1) AND (production_year = 1984))
              Rows Removed by Filter: 2523798
Planning time: 0.517 ms
Execution time: 5555.479 ms
