Hash Join  (cost=294486.50..713833.74 rows=667547 width=209) (actual time=9625.337..13889.551 rows=1442711 loops=1)
  Hash Cond: (mi.movie_id = t.id)
  ->  Seq Scan on movie_info mi  (cost=0.00..346232.03 rows=1550064 width=75) (actual time=3356.060..5744.928 rows=1533909 loops=1)
        Filter: (info_type_id = 3)
        Rows Removed by Filter: 13301811
  ->  Hash  (cost=259605.89..259605.89 rows=1088929 width=134) (actual time=6268.592..6268.592 rows=1213444 loops=1)
        Buckets: 32768  Batches: 64  Memory Usage: 2759kB
        ->  Hash Join  (cost=129928.86..259605.89 rows=1088929 width=134) (actual time=2401.657..5560.602 rows=1213444 loops=1)
              Hash Cond: (mc.movie_id = t.id)
              ->  Seq Scan on movie_companies mc  (cost=0.00..57926.93 rows=1088929 width=40) (actual time=0.042..1129.337 rows=1213444 loops=1)
                    Filter: ((company_id > 401) AND (company_type_id > 1))
                    Rows Removed by Filter: 1395685
              ->  Hash  (cost=61283.27..61283.27 rows=2528527 width=94) (actual time=2400.796..2400.796 rows=2528312 loops=1)
                    Buckets: 32768  Batches: 128  Memory Usage: 2453kB
                    ->  Seq Scan on title t  (cost=0.00..61283.27 rows=2528527 width=94) (actual time=0.022..1136.559 rows=2528312 loops=1)
Planning time: 1.483 ms
Execution time: 13963.061 ms
