Seq Scan on cast_info ci  (cost=0.00..796071.18 rows=7638548 width=0) (actual time=2923.676..13914.626 rows=9400561 loops=1)
  Filter: ((person_id > 1331262) AND (role_id > 3))
  Rows Removed by Filter: 26843783
Planning time: 0.375 ms
Execution time: 15097.110 ms
