Hash Join  (cost=76125.53..115073.64 rows=73163 width=0) (actual time=852.413..1747.548 rows=7326 loops=1)
  Hash Cond: (mi_idx.movie_id = t.id)
  ->  Seq Scan on movie_info_idx mi_idx  (cost=0.00..21735.35 rows=1380035 width=4) (actual time=0.012..466.987 rows=1380035 loops=1)
  ->  Hash  (cost=73925.90..73925.90 rows=134050 width=4) (actual time=841.885..841.885 rows=33653 loops=1)
        Buckets: 131072  Batches: 2  Memory Usage: 1617kB
        ->  Seq Scan on title t  (cost=0.00..73925.90 rows=134050 width=4) (actual time=182.488..829.187 rows=33653 loops=1)
              Filter: ((production_year < 1958) AND (kind_id = 7))
              Rows Removed by Filter: 2494659
Planning time: 0.716 ms
Execution time: 1748.571 ms
