Seq Scan on cast_info ci  (cost=0.00..796071.18 rows=1098905 width=0) (actual time=4595.486..11050.944 rows=2186088 loops=1)
  Filter: ((person_id < 294594) AND (role_id < 2))
  Rows Removed by Filter: 34058256
Planning time: 0.355 ms
Execution time: 11336.890 ms
