Hash Join  (cost=261652.85..867314.39 rows=10068373 width=0) (actual time=6173.236..38542.127 rows=81582239 loops=1)
  Hash Cond: (mi.movie_id = t.id)
  ->  Seq Scan on movie_info mi  (cost=0.00..309384.22 rows=14739122 width=4) (actual time=0.011..6061.618 rows=14835720 loops=1)
  ->  Hash  (cost=233314.23..233314.23 rows=1727250 width=8) (actual time=6172.064..6172.064 rows=1479122 loops=1)
        Buckets: 131072  Batches: 32  Memory Usage: 2906kB
        ->  Hash Join  (cost=95159.82..233314.23 rows=1727250 width=8) (actual time=1916.030..5680.884 rows=1479122 loops=1)
              Hash Cond: (mk.movie_id = t.id)
              ->  Seq Scan on movie_keyword mk  (cost=0.00..81003.12 rows=2600356 width=4) (actual time=0.025..1649.581 rows=2589360 loops=1)
                    Filter: (keyword_id < 6864)
                    Rows Removed by Filter: 1934570
              ->  Hash  (cost=67604.59..67604.59 rows=1679539 width=4) (actual time=1914.826..1914.826 rows=1673541 loops=1)
                    Buckets: 131072  Batches: 32  Memory Usage: 2874kB
                    ->  Seq Scan on title t  (cost=0.00..67604.59 rows=1679539 width=4) (actual time=0.018..1356.911 rows=1673541 loops=1)
                          Filter: (production_year > 1993)
                          Rows Removed by Filter: 854771
Planning time: 1.167 ms
Execution time: 47807.398 ms
