Hash Join  (cost=74344.78..783945.04 rows=13972 width=0) (actual time=1895.084..11803.743 rows=10316 loops=1)
  Hash Cond: (ci.movie_id = t.id)
  ->  Seq Scan on cast_info ci  (cost=0.00..705507.15 rows=1054236 width=4) (actual time=859.660..10528.282 rows=935931 loops=1)
        Filter: (person_id < 96637)
        Rows Removed by Filter: 35308413
  ->  Hash  (cost=73925.90..73925.90 rows=33510 width=4) (actual time=1034.850..1034.850 rows=22107 loops=1)
        Buckets: 65536  Batches: 1  Memory Usage: 1290kB
        ->  Seq Scan on title t  (cost=0.00..73925.90 rows=33510 width=4) (actual time=347.365..1024.818 rows=22107 loops=1)
              Filter: ((kind_id = 1) AND (production_year = 2008))
              Rows Removed by Filter: 2506205
Planning time: 0.752 ms
Execution time: 11805.559 ms
