Hash Join  (cost=82995.40..125864.78 rows=301689 width=0) (actual time=1302.914..2523.448 rows=469139 loops=1)
  Hash Cond: (mi_idx.movie_id = t.id)
  ->  Seq Scan on movie_info_idx mi_idx  (cost=0.00..21735.35 rows=1380035 width=4) (actual time=0.023..388.082 rows=1380035 loops=1)
  ->  Hash  (cost=73925.90..73925.90 rows=552760 width=4) (actual time=1302.068..1302.068 rows=429855 loops=1)
        Buckets: 131072  Batches: 8  Memory Usage: 2925kB
        ->  Seq Scan on title t  (cost=0.00..73925.90 rows=552760 width=4) (actual time=0.023..1176.594 rows=429855 loops=1)
              Filter: ((production_year > 1969) AND (kind_id = 1))
              Rows Removed by Filter: 2098457
Planning time: 0.758 ms
Execution time: 2583.149 ms
