Hash Join  (cost=80042.24..942886.27 rows=1313862 width=0) (actual time=3899.488..16151.659 rows=819251 loops=1)
  Hash Cond: (ci.movie_id = t.id)
  ->  Seq Scan on cast_info ci  (cost=0.00..796071.18 rows=4382463 width=4) (actual time=2627.602..12948.299 rows=2136821 loops=1)
        Filter: ((person_id < 1831679) AND (role_id > 5))
        Rows Removed by Filter: 34107523
  ->  Hash  (cost=67604.59..67604.59 rows=758052 width=4) (actual time=1270.549..1270.549 rows=753677 loops=1)
        Buckets: 131072  Batches: 16  Memory Usage: 2677kB
        ->  Seq Scan on title t  (cost=0.00..67604.59 rows=758052 width=4) (actual time=0.023..1036.589 rows=753677 loops=1)
              Filter: (kind_id < 3)
              Rows Removed by Filter: 1774635
Planning time: 0.740 ms
Execution time: 16254.087 ms
