Hash Join  (cost=72085.10..104217.17 rows=50213 width=0) (actual time=1115.572..1872.562 rows=51539 loops=1)
  Hash Cond: (mi_idx.movie_id = t.id)
  ->  Seq Scan on movie_info_idx mi_idx  (cost=0.00..25185.44 rows=464934 width=4) (actual time=0.024..478.161 rows=460185 loops=1)
        Filter: (info_type_id > 100)
        Rows Removed by Filter: 919850
  ->  Hash  (cost=67604.59..67604.59 rows=273081 width=4) (actual time=1113.308..1113.308 rows=273902 loops=1)
        Buckets: 131072  Batches: 4  Memory Usage: 3428kB
        ->  Seq Scan on title t  (cost=0.00..67604.59 rows=273081 width=4) (actual time=0.018..1025.649 rows=273902 loops=1)
              Filter: (production_year < 1963)
              Rows Removed by Filter: 2254410
Planning time: 0.759 ms
Execution time: 1879.931 ms
