Seq Scan on cast_info ci  (cost=0.00..796071.18 rows=20981816 width=0) (actual time=0.014..15174.662 rows=19644896 loops=1)
  Filter: ((person_id < 3340072) AND (role_id > 1))
  Rows Removed by Filter: 16599448
Planning time: 0.244 ms
Execution time: 17617.632 ms
