Hash Join  (cost=143310.54..539582.22 rows=254504 width=0) (actual time=2537.985..9660.381 rows=112391 loops=1)
  Hash Cond: (mi.movie_id = t.id)
  ->  Seq Scan on movie_info mi  (cost=0.00..346232.03 rows=12665229 width=4) (actual time=0.005..5011.005 rows=12744652 loops=1)
        Filter: (info_type_id > 2)
        Rows Removed by Filter: 2091068
  ->  Hash  (cost=142675.42..142675.42 rows=50810 width=8) (actual time=2537.556..2537.556 rows=17268 loops=1)
        Buckets: 65536  Batches: 1  Memory Usage: 1187kB
        ->  Hash Join  (cost=75574.02..142675.42 rows=50810 width=8) (actual time=1145.630..2530.841 rows=17268 loops=1)
              Hash Cond: (mc.movie_id = t.id)
              ->  Seq Scan on movie_companies mc  (cost=0.00..51404.11 rows=1279517 width=4) (actual time=29.895..948.569 rows=1274246 loops=1)
                    Filter: (company_type_id = 1)
                    Rows Removed by Filter: 1334883
              ->  Hash  (cost=73925.90..73925.90 rows=100409 width=4) (actual time=1113.889..1113.889 rows=110402 loops=1)
                    Buckets: 131072  Batches: 2  Memory Usage: 2964kB
                    ->  Seq Scan on title t  (cost=0.00..73925.90 rows=100409 width=4) (actual time=248.056..1073.998 rows=110402 loops=1)
                          Filter: ((kind_id = 7) AND (production_year = 2012))
                          Rows Removed by Filter: 2417910
Planning time: 1.037 ms
Execution time: 9674.300 ms
