Hash Join  (cost=115074.77..1032734.37 rows=545845 width=0) (actual time=2415.650..23277.730 rows=2602516 loops=1)
  Hash Cond: (ci.movie_id = t.id)
  ->  Seq Scan on cast_info ci  (cost=0.00..705507.15 rows=17849863 width=4) (actual time=0.020..12392.336 rows=17701460 loops=1)
        Filter: (person_id < 1752803)
        Rows Removed by Filter: 18542884
  ->  Hash  (cost=113805.25..113805.25 rows=77322 width=8) (actual time=2414.793..2414.793 rows=172376 loops=1)
        Buckets: 131072 (originally 131072)  Batches: 4 (originally 2)  Memory Usage: 3073kB
        ->  Hash Join  (cost=80830.47..113805.25 rows=77322 width=8) (actual time=1544.422..2349.974 rows=172376 loops=1)
              Hash Cond: (mi_idx.movie_id = t.id)
              ->  Seq Scan on movie_info_idx mi_idx  (cost=0.00..25185.44 rows=464566 width=4) (actual time=0.013..411.016 rows=459925 loops=1)
                    Filter: (info_type_id = 101)
                    Rows Removed by Filter: 920110
              ->  Hash  (cost=73925.90..73925.90 rows=420845 width=4) (actual time=1543.042..1543.042 rows=517968 loops=1)
                    Buckets: 131072  Batches: 8  Memory Usage: 3313kB
                    ->  Seq Scan on title t  (cost=0.00..73925.90 rows=420845 width=4) (actual time=0.021..1165.232 rows=517968 loops=1)
                          Filter: ((kind_id < 7) AND (production_year < 2001))
                          Rows Removed by Filter: 2010344
Planning time: 1.189 ms
Execution time: 23592.132 ms
