Seq Scan on cast_info ci  (cost=0.00..705507.15 rows=500 width=0) (actual time=5012.244..9127.917 rows=24 loops=1)
  Filter: (person_id = 730583)
  Rows Removed by Filter: 36244320
Planning time: 0.377 ms
Execution time: 9128.020 ms
