Hash Join  (cost=161864.20..1311891.68 rows=11313927 width=0) (actual time=3599.583..34527.680 rows=15146007 loops=1)
  Hash Cond: (ci.movie_id = t.id)
  ->  Seq Scan on cast_info ci  (cost=0.00..614943.12 rows=36225612 width=4) (actual time=0.015..11724.469 rows=36244344 loops=1)
  ->  Hash  (cost=148907.87..148907.87 rows=789706 width=8) (actual time=3598.361..3598.361 rows=425568 loops=1)
        Buckets: 131072  Batches: 16  Memory Usage: 2062kB
        ->  Hash Join  (cost=97665.33..148907.87 rows=789706 width=8) (actual time=2166.690..3227.025 rows=425568 loops=1)
              Hash Cond: (mi_idx.movie_id = t.id)
              ->  Seq Scan on movie_info_idx mi_idx  (cost=0.00..21735.35 rows=1380035 width=4) (actual time=0.016..400.907 rows=1380035 loops=1)
              ->  Hash  (cost=73925.90..73925.90 rows=1446914 width=4) (actual time=1759.819..1759.819 rows=1478438 loops=1)
                    Buckets: 131072  Batches: 32  Memory Usage: 2651kB
                    ->  Seq Scan on title t  (cost=0.00..73925.90 rows=1446914 width=4) (actual time=276.709..1289.360 rows=1478438 loops=1)
                          Filter: ((production_year > 1919) AND (kind_id = 7))
                          Rows Removed by Filter: 1049874
Planning time: 1.093 ms
Execution time: 36113.109 ms
