Seq Scan on movie_keyword mk  (cost=0.00..81003.12 rows=1775796 width=0) (actual time=0.013..1282.884 rows=1777136 loops=1)
  Filter: (keyword_id > 7778)
  Rows Removed by Filter: 2746794
Planning time: 0.230 ms
Execution time: 1514.188 ms
