Seq Scan on cast_info ci  (cost=0.00..796071.18 rows=4066001 width=0) (actual time=6679.280..15780.962 rows=4244092 loops=1)
  Filter: ((person_id > 203487) AND (role_id = 10))
  Rows Removed by Filter: 32000252
Planning time: 0.370 ms
Execution time: 16299.504 ms
