Hash Join  (cost=28268.19..779063.65 rows=625 width=0) (actual time=352.477..14874.509 rows=18884 loops=1)
  Hash Cond: (ci.movie_id = t.id)
  ->  Seq Scan on cast_info ci  (cost=0.00..614943.12 rows=36225612 width=4) (actual time=0.007..7745.743 rows=36244344 loops=1)
  ->  Hash  (cost=28267.64..28267.64 rows=44 width=8) (actual time=352.249..352.249 rows=192 loops=1)
        Buckets: 1024  Batches: 1  Memory Usage: 16kB
        ->  Nested Loop  (cost=0.43..28267.64 rows=44 width=8) (actual time=289.442..352.158 rows=192 loops=1)
              ->  Seq Scan on movie_info_idx mi_idx  (cost=0.00..25185.44 rows=368 width=4) (actual time=289.365..346.874 rows=260 loops=1)
                    Filter: (info_type_id > 101)
                    Rows Removed by Filter: 1379775
              ->  Index Scan using title_pkey on title t  (cost=0.43..8.37 rows=1 width=4) (actual time=0.019..0.020 rows=1 loops=260)
                    Index Cond: (id = mi_idx.movie_id)
                    Filter: ((production_year < 2002) AND (kind_id = 1))
                    Rows Removed by Filter: 0
Planning time: 1.160 ms
Execution time: 14879.908 ms
