Seq Scan on movie_companies mc  (cost=0.00..51404.11 rows=104 width=0) (actual time=4.003..682.405 rows=698 loops=1)
  Filter: (company_id = 1924)
  Rows Removed by Filter: 2608431
Planning time: 0.351 ms
Execution time: 682.680 ms
