Hash Join  (cost=119792.17..485786.29 rows=2419 width=0) (actual time=1986.558..6727.009 rows=4067 loops=1)
  Hash Cond: (mi.movie_id = t.id)
  ->  Seq Scan on movie_info mi  (cost=0.00..346232.03 rows=5263441 width=4) (actual time=576.766..4525.502 rows=5270569 loops=1)
        Filter: (info_type_id > 15)
        Rows Removed by Filter: 9565151
  ->  Hash  (cost=119777.65..119777.65 rows=1162 width=8) (actual time=1406.134..1406.134 rows=967 loops=1)
        Buckets: 2048  Batches: 1  Memory Usage: 54kB
        ->  Hash Join  (cost=68058.67..119777.65 rows=1162 width=8) (actual time=656.764..1405.627 rows=967 loops=1)
              Hash Cond: (mc.movie_id = t.id)
              ->  Seq Scan on movie_companies mc  (cost=0.00..51404.11 rows=80864 width=4) (actual time=0.727..733.522 rows=84071 loops=1)
                    Filter: (company_id < 19)
                    Rows Removed by Filter: 2525058
              ->  Hash  (cost=67604.59..67604.59 rows=36327 width=4) (actual time=643.976..643.976 rows=36509 loops=1)
                    Buckets: 65536  Batches: 1  Memory Usage: 1796kB
                    ->  Seq Scan on title t  (cost=0.00..67604.59 rows=36327 width=4) (actual time=0.022..631.079 rows=36509 loops=1)
                          Filter: (production_year = 1996)
                          Rows Removed by Filter: 2491803
Planning time: 1.300 ms
Execution time: 6728.110 ms
