Seq Scan on movie_companies mc  (cost=0.00..51404.11 rows=1499951 width=0) (actual time=0.060..841.182 rows=1504621 loops=1)
  Filter: (company_id > 7608)
  Rows Removed by Filter: 1104508
Planning time: 0.304 ms
Execution time: 1025.235 ms
