Hash Join  (cost=167766.94..298655.57 rows=729359 width=0) (actual time=3617.161..8643.134 rows=9499474 loops=1)
  Hash Cond: (mk.movie_id = t.id)
  ->  Seq Scan on movie_keyword mk  (cost=0.00..69693.30 rows=4523930 width=4) (actual time=0.022..1344.613 rows=4523930 loops=1)
  ->  Hash  (cost=161078.25..161078.25 rows=407655 width=8) (actual time=3616.231..3616.231 rows=563504 loops=1)
        Buckets: 131072  Batches: 8  Memory Usage: 3786kB
        ->  Hash Join  (cost=80408.18..161078.25 rows=407655 width=8) (actual time=1270.001..3463.188 rows=563504 loops=1)
              Hash Cond: (mc.movie_id = t.id)
              ->  Seq Scan on movie_companies mc  (cost=0.00..44881.29 rows=2609129 width=4) (actual time=0.023..870.890 rows=2609129 loops=1)
              ->  Hash  (cost=73925.90..73925.90 rows=395062 width=4) (actual time=1269.131..1269.131 rows=335993 loops=1)
                    Buckets: 131072  Batches: 8  Memory Usage: 2492kB
                    ->  Seq Scan on title t  (cost=0.00..73925.90 rows=395062 width=4) (actual time=0.015..1163.062 rows=335993 loops=1)
                          Filter: ((kind_id < 7) AND (production_year > 2005))
                          Rows Removed by Filter: 2192319
Planning time: 1.241 ms
Execution time: 9631.276 ms
