Seq Scan on movie_companies mc  (cost=0.00..51404.11 rows=2288625 width=0) (actual time=0.016..712.698 rows=2286584 loops=1)
  Filter: (company_id < 91419)
  Rows Removed by Filter: 322545
Planning time: 0.319 ms
Execution time: 954.754 ms
