Hash Join  (cost=78556.72..895470.25 rows=2022363 width=0) (actual time=5065.491..16468.125 rows=2270130 loops=1)
  Hash Cond: (ci.movie_id = t.id)
  ->  Seq Scan on cast_info ci  (cost=0.00..705507.15 rows=7660466 width=4) (actual time=3745.409..10987.792 rows=7692090 loops=1)
        Filter: (person_id > 2907366)
        Rows Removed by Filter: 28552254
  ->  Hash  (cost=67604.59..67604.59 rows=667531 width=4) (actual time=1319.344..1319.344 rows=662825 loops=1)
        Buckets: 131072  Batches: 16  Memory Usage: 2476kB
        ->  Seq Scan on title t  (cost=0.00..67604.59 rows=667531 width=4) (actual time=0.019..1114.988 rows=662825 loops=1)
              Filter: (kind_id = 1)
              Rows Removed by Filter: 1865487
Planning time: 0.710 ms
Execution time: 16722.682 ms
