Hash Join  (cost=190230.21..1247159.75 rows=8191975 width=0) (actual time=6339.548..30063.113 rows=16604191 loops=1)
  Hash Cond: (ci.movie_id = t.id)
  ->  Seq Scan on cast_info ci  (cost=0.00..796071.18 rows=15009496 width=4) (actual time=2295.254..14228.384 rows=15061354 loops=1)
        Filter: ((person_id > 2111359) AND (role_id < 11))
        Rows Removed by Filter: 21182990
  ->  Hash  (cost=167588.78..167588.78 rows=1380035 width=8) (actual time=4042.980..4042.980 rows=1380035 loops=1)
        Buckets: 131072  Batches: 32  Memory Usage: 2708kB
        ->  Hash Join  (cost=102767.86..167588.78 rows=1380035 width=8) (actual time=1722.040..3666.763 rows=1380035 loops=1)
              Hash Cond: (mi_idx.movie_id = t.id)
              ->  Seq Scan on movie_info_idx mi_idx  (cost=0.00..21735.35 rows=1380035 width=4) (actual time=0.019..463.796 rows=1380035 loops=1)
              ->  Hash  (cost=61283.27..61283.27 rows=2528527 width=4) (actual time=1720.795..1720.795 rows=2528312 loops=1)
                    Buckets: 131072  Batches: 64  Memory Usage: 2415kB
                    ->  Seq Scan on title t  (cost=0.00..61283.27 rows=2528527 width=4) (actual time=0.023..904.683 rows=2528312 loops=1)
Planning time: 1.691 ms
Execution time: 31964.175 ms
