Hash Join  (cost=73982.55..438902.66 rows=26418 width=0) (actual time=1281.665..6726.159 rows=32132 loops=1)
  Hash Cond: (mi.movie_id = t.id)
  ->  Seq Scan on movie_info mi  (cost=0.00..309384.22 rows=14739122 width=4) (actual time=0.011..2972.433 rows=14835720 loops=1)
  ->  Hash  (cost=73925.90..73925.90 rows=4532 width=4) (actual time=1035.766..1035.766 rows=5201 loops=1)
        Buckets: 8192  Batches: 1  Memory Usage: 247kB
        ->  Seq Scan on title t  (cost=0.00..73925.90 rows=4532 width=4) (actual time=61.158..1033.135 rows=5201 loops=1)
              Filter: ((kind_id = 7) AND (production_year = 1956))
              Rows Removed by Filter: 2523111
Planning time: 2.516 ms
Execution time: 6729.658 ms
