Seq Scan on movie_companies mc  (cost=0.00..57926.93 rows=680714 width=0) (actual time=316.039..941.555 rows=432144 loops=1)
  Filter: ((company_id < 11387) AND (company_type_id = 2))
  Rows Removed by Filter: 2176985
Planning time: 0.383 ms
Execution time: 996.089 ms
