Hash Join  (cost=102767.86..484435.14 rows=1062108 width=0) (actual time=1705.452..7889.267 rows=1115380 loops=1)
  Hash Cond: (mi.movie_id = t.id)
  ->  Seq Scan on movie_info mi  (cost=0.00..346232.03 rows=1062108 width=4) (actual time=0.022..4872.026 rows=1115380 loops=1)
        Filter: (info_type_id > 63)
        Rows Removed by Filter: 13720340
  ->  Hash  (cost=61283.27..61283.27 rows=2528527 width=4) (actual time=1704.672..1704.672 rows=2528312 loops=1)
        Buckets: 131072  Batches: 64  Memory Usage: 2425kB
        ->  Seq Scan on title t  (cost=0.00..61283.27 rows=2528527 width=4) (actual time=0.014..865.733 rows=2528312 loops=1)
Planning time: 0.624 ms
Execution time: 8032.196 ms
