Seq Scan on movie_companies mc  (cost=0.00..57926.93 rows=377090 width=0) (actual time=199.288..826.214 rows=215389 loops=1)
  Filter: ((company_id < 1435) AND (company_type_id = 2))
  Rows Removed by Filter: 2393740
Planning time: 4.263 ms
Execution time: 849.763 ms
