Hash Join  (cost=146383.39..278092.02 rows=796659 width=0) (actual time=4060.171..6114.718 rows=630718 loops=1)
  Hash Cond: (mk.movie_id = t.id)
  ->  Seq Scan on movie_keyword mk  (cost=0.00..69693.30 rows=4523930 width=4) (actual time=0.014..1255.718 rows=4523930 loops=1)
  ->  Hash  (cost=139077.50..139077.50 rows=445271 width=8) (actual time=2952.146..2952.146 rows=244530 loops=1)
        Buckets: 131072  Batches: 8  Memory Usage: 2227kB
        ->  Hash Join  (cost=94024.89..139077.50 rows=445271 width=8) (actual time=2079.169..2872.817 rows=244530 loops=1)
              Hash Cond: (mi_idx.movie_id = t.id)
              ->  Seq Scan on movie_info_idx mi_idx  (cost=0.00..25185.44 rows=919057 width=4) (actual time=0.032..509.975 rows=920110 loops=1)
                    Filter: (info_type_id > 99)
                    Rows Removed by Filter: 459925
              ->  Hash  (cost=73925.90..73925.90 rows=1225039 width=4) (actual time=1627.620..1627.620 rows=1308896 loops=1)
                    Buckets: 131072  Batches: 32  Memory Usage: 2468kB
                    ->  Seq Scan on title t  (cost=0.00..73925.90 rows=1225039 width=4) (actual time=0.013..1203.923 rows=1308896 loops=1)
                          Filter: ((production_year > 1975) AND (kind_id = 7))
                          Rows Removed by Filter: 1219416
Planning time: 4.570 ms
Execution time: 6181.107 ms
