Hash Join  (cost=102767.86..181783.80 rows=465908 width=0) (actual time=1868.707..3505.999 rows=669163 loops=1)
  Hash Cond: (mc.movie_id = t.id)
  ->  Seq Scan on movie_companies mc  (cost=0.00..57926.93 rows=465908 width=4) (actual time=220.368..897.884 rows=669163 loops=1)
        Filter: ((company_id < 3696) AND (company_type_id < 2))
        Rows Removed by Filter: 1939966
  ->  Hash  (cost=61283.27..61283.27 rows=2528527 width=4) (actual time=1646.974..1646.974 rows=2528312 loops=1)
        Buckets: 131072  Batches: 64  Memory Usage: 2415kB
        ->  Seq Scan on title t  (cost=0.00..61283.27 rows=2528527 width=4) (actual time=0.021..818.148 rows=2528312 loops=1)
Planning time: 0.699 ms
Execution time: 3587.311 ms
