Hash Join  (cost=456125.87..1550155.60 rows=5862753 width=0) (actual time=7319.642..41927.618 rows=19288935 loops=1)
  Hash Cond: (ci.movie_id = t.id)
  ->  Seq Scan on cast_info ci  (cost=0.00..614943.12 rows=36225612 width=4) (actual time=0.013..12183.389 rows=36244344 loops=1)
  ->  Hash  (cost=449411.66..449411.66 rows=409217 width=8) (actual time=7318.856..7318.856 rows=1109857 loops=1)
        Buckets: 131072 (originally 131072)  Batches: 16 (originally 8)  Memory Usage: 3731kB
        ->  Hash Join  (cost=78556.72..449411.66 rows=409217 width=8) (actual time=3630.002..6983.398 rows=1109857 loops=1)
              Hash Cond: (mi.movie_id = t.id)
              ->  Seq Scan on movie_info mi  (cost=0.00..346232.03 rows=1550064 width=4) (actual time=2355.385..4628.642 rows=1533909 loops=1)
                    Filter: (info_type_id = 3)
                    Rows Removed by Filter: 13301811
              ->  Hash  (cost=67604.59..67604.59 rows=667531 width=4) (actual time=1158.322..1158.322 rows=662825 loops=1)
                    Buckets: 131072  Batches: 16  Memory Usage: 2485kB
                    ->  Seq Scan on title t  (cost=0.00..67604.59 rows=667531 width=4) (actual time=121.542..944.088 rows=662825 loops=1)
                          Filter: (kind_id = 1)
                          Rows Removed by Filter: 1865487
Planning time: 1.161 ms
Execution time: 43885.250 ms
