Seq Scan on cast_info ci  (cost=0.00..796071.18 rows=3703438 width=0) (actual time=0.756..14364.189 rows=4008037 loops=1)
  Filter: ((person_id < 3542416) AND (role_id = 3))
  Rows Removed by Filter: 32236307
Planning time: 0.357 ms
Execution time: 14857.672 ms
