Hash Join  (cost=83074.74..833899.15 rows=3524 width=0) (actual time=1153.177..15452.864 rows=21878 loops=1)
  Hash Cond: (ci.movie_id = t.id)
  ->  Seq Scan on cast_info ci  (cost=0.00..614943.12 rows=36225612 width=4) (actual time=0.023..7412.736 rows=36244344 loops=1)
  ->  Hash  (cost=83071.67..83071.67 rows=246 width=8) (actual time=1152.340..1152.340 rows=471 loops=1)
        Buckets: 1024  Batches: 1  Memory Usage: 27kB
        ->  Nested Loop  (cost=0.43..83071.67 rows=246 width=8) (actual time=0.673..1151.949 rows=471 loops=1)
              ->  Seq Scan on movie_keyword mk  (cost=0.00..81003.12 rows=246 width=4) (actual time=0.606..1138.342 rows=471 loops=1)
                    Filter: (keyword_id = 3269)
                    Rows Removed by Filter: 4523459
              ->  Index Only Scan using title_pkey on title t  (cost=0.43..8.40 rows=1 width=4) (actual time=0.026..0.027 rows=1 loops=471)
                    Index Cond: (id = mk.movie_id)
                    Heap Fetches: 471
Planning time: 1.109 ms
Execution time: 15458.873 ms
