Hash Join  (cost=102767.86..269101.31 rows=3135651 width=0) (actual time=1854.753..6183.151 rows=3120252 loops=1)
  Hash Cond: (mk.movie_id = t.id)
  ->  Seq Scan on movie_keyword mk  (cost=0.00..81003.12 rows=3135651 width=4) (actual time=0.026..1555.558 rows=3120252 loops=1)
        Filter: (keyword_id < 11926)
        Rows Removed by Filter: 1403678
  ->  Hash  (cost=61283.27..61283.27 rows=2528527 width=4) (actual time=1853.369..1853.369 rows=2528312 loops=1)
        Buckets: 131072  Batches: 64  Memory Usage: 2425kB
        ->  Seq Scan on title t  (cost=0.00..61283.27 rows=2528527 width=4) (actual time=2.884..1007.201 rows=2528312 loops=1)
Planning time: 0.813 ms
Execution time: 6563.980 ms
