Hash Join  (cost=151118.14..662141.84 rows=2925678 width=0) (actual time=3082.673..15660.706 rows=2406886 loops=1)
  Hash Cond: (mi.movie_id = t.id)
  ->  Seq Scan on movie_info mi  (cost=0.00..309384.22 rows=14739122 width=4) (actual time=0.027..5308.587 rows=14835720 loops=1)
  ->  Hash  (cost=142883.32..142883.32 rows=501906 width=8) (actual time=3081.829..3081.829 rows=282078 loops=1)
        Buckets: 131072  Batches: 8  Memory Usage: 2407kB
        ->  Hash Join  (cost=96679.19..142883.32 rows=501906 width=8) (actual time=1880.012..2997.095 rows=282078 loops=1)
              Hash Cond: (mi_idx.movie_id = t.id)
              ->  Seq Scan on movie_info_idx mi_idx  (cost=0.00..25185.44 rows=915101 width=4) (actual time=0.010..475.061 rows=919850 loops=1)
                    Filter: (info_type_id < 101)
                    Rows Removed by Filter: 460185
              ->  Hash  (cost=73925.90..73925.90 rows=1386823 width=4) (actual time=1760.097..1760.097 rows=1464545 loops=1)
                    Buckets: 131072  Batches: 32  Memory Usage: 2635kB
                    ->  Seq Scan on title t  (cost=0.00..73925.90 rows=1386823 width=4) (actual time=181.827..1297.146 rows=1464545 loops=1)
                          Filter: ((production_year > 1953) AND (kind_id = 7))
                          Rows Removed by Filter: 1063767
Planning time: 1.048 ms
Execution time: 15910.066 ms
