Nested Loop  (cost=0.43..374722.96 rows=1 width=0) (actual time=2508.766..10022.910 rows=3 loops=1)
  Join Filter: (t.id = mi.movie_id)
  Rows Removed by Join Filter: 13185
  ->  Nested Loop  (cost=0.43..28266.72 rows=1 width=8) (actual time=304.636..390.598 rows=2 loops=1)
        ->  Seq Scan on movie_info_idx mi_idx  (cost=0.00..25185.44 rows=368 width=4) (actual time=303.913..383.644 rows=260 loops=1)
              Filter: (info_type_id > 101)
              Rows Removed by Filter: 1379775
        ->  Index Scan using title_pkey on title t  (cost=0.43..8.36 rows=1 width=4) (actual time=0.026..0.026 rows=0 loops=260)
              Index Cond: (id = mi_idx.movie_id)
              Filter: (production_year = 1960)
              Rows Removed by Filter: 1
  ->  Seq Scan on movie_info mi  (cost=0.00..346232.03 rows=17937 width=4) (actual time=2077.887..4815.081 rows=6594 loops=2)
        Filter: (info_type_id = 51)
        Rows Removed by Filter: 14829126
Planning time: 1.282 ms
Execution time: 10023.028 ms
