Hash Join  (cost=325185.10..1043998.12 rows=18946229 width=0) (actual time=6721.991..57987.959 rows=177346115 loops=1)
  Hash Cond: (mi.movie_id = t.id)
  ->  Seq Scan on movie_info mi  (cost=0.00..309384.22 rows=14739122 width=4) (actual time=0.022..5373.833 rows=14835720 loops=1)
  ->  Hash  (cost=271859.79..271859.79 rows=3250265 width=8) (actual time=6720.863..6720.863 rows=3239832 loops=1)
        Buckets: 131072  Batches: 64  Memory Usage: 3105kB
        ->  Hash Join  (cost=102767.86..271859.79 rows=3250265 width=8) (actual time=1698.551..5880.928 rows=3239832 loops=1)
              Hash Cond: (mk.movie_id = t.id)
              ->  Seq Scan on movie_keyword mk  (cost=0.00..81003.12 rows=3250265 width=4) (actual time=0.021..1560.803 rows=3239832 loops=1)
                    Filter: (keyword_id > 1659)
                    Rows Removed by Filter: 1284098
              ->  Hash  (cost=61283.27..61283.27 rows=2528527 width=4) (actual time=1697.274..1697.274 rows=2528312 loops=1)
                    Buckets: 131072  Batches: 64  Memory Usage: 2425kB
                    ->  Seq Scan on title t  (cost=0.00..61283.27 rows=2528527 width=4) (actual time=0.021..881.419 rows=2528312 loops=1)
Planning time: 1.130 ms
Execution time: 75644.718 ms
