Seq Scan on movie_keyword mk  (cost=0.00..81003.12 rows=1149653 width=0) (actual time=0.031..1276.261 rows=1165847 loops=1)
  Filter: (keyword_id > 16057)
  Rows Removed by Filter: 3358083
Planning time: 0.281 ms
Execution time: 1429.200 ms
