Hash Join  (cost=918247.86..996647.53 rows=243014 width=0) (actual time=15172.561..17183.722 rows=301722 loops=1)
  Hash Cond: (mc.movie_id = t.id)
  ->  Seq Scan on movie_companies mc  (cost=0.00..44881.29 rows=2609129 width=4) (actual time=0.020..839.663 rows=2609129 loops=1)
  ->  Hash  (cost=914384.03..914384.03 rows=235507 width=8) (actual time=15171.412..15171.412 rows=81579 loops=1)
        Buckets: 131072  Batches: 4  Memory Usage: 1819kB
        ->  Hash Join  (cost=102767.86..914384.03 rows=235507 width=8) (actual time=3515.415..15144.852 rows=81579 loops=1)
              Hash Cond: (ci.movie_id = t.id)
              ->  Seq Scan on cast_info ci  (cost=0.00..796071.18 rows=235507 width=4) (actual time=1613.047..12791.523 rows=81579 loops=1)
                    Filter: ((person_id < 2495776) AND (role_id > 10))
                    Rows Removed by Filter: 36162765
              ->  Hash  (cost=61283.27..61283.27 rows=2528527 width=4) (actual time=1900.979..1900.979 rows=2528312 loops=1)
                    Buckets: 131072  Batches: 64  Memory Usage: 2415kB
                    ->  Seq Scan on title t  (cost=0.00..61283.27 rows=2528527 width=4) (actual time=0.015..840.142 rows=2528312 loops=1)
Planning time: 1.753 ms
Execution time: 17224.361 ms
