Seq Scan on title t  (cost=0.00..73925.90 rows=903836 width=0) (actual time=0.016..1071.412 rows=830099 loops=1)
  Filter: ((kind_id < 7) AND (production_year > 1942))
  Rows Removed by Filter: 1698213
Planning time: 0.309 ms
Execution time: 1186.015 ms
