Seq Scan on movie_keyword mk  (cost=0.00..81003.12 rows=246 width=0) (actual time=30.194..1272.283 rows=55 loops=1)
  Filter: (keyword_id = 20974)
  Rows Removed by Filter: 4523875
Planning time: 0.375 ms
Execution time: 1272.396 ms
