Hash Join  (cost=709678.15..1074363.23 rows=2915 width=0) (actual time=10250.406..15860.106 rows=110 loops=1)
  Hash Cond: (mi.movie_id = t.id)
  ->  Seq Scan on movie_info mi  (cost=0.00..309384.22 rows=14739122 width=4) (actual time=0.020..3434.774 rows=14835720 loops=1)
  ->  Hash  (cost=709671.90..709671.90 rows=500 width=8) (actual time=9758.257..9758.257 rows=82 loops=1)
        Buckets: 1024  Batches: 1  Memory Usage: 12kB
        ->  Nested Loop  (cost=0.43..709671.90 rows=500 width=8) (actual time=4554.960..9758.207 rows=82 loops=1)
              ->  Seq Scan on cast_info ci  (cost=0.00..705507.15 rows=500 width=4) (actual time=4554.861..9756.698 rows=82 loops=1)
                    Filter: (person_id = 1287131)
                    Rows Removed by Filter: 36244262
              ->  Index Only Scan using title_pkey on title t  (cost=0.43..8.32 rows=1 width=4) (actual time=0.017..0.017 rows=1 loops=82)
                    Index Cond: (id = ci.movie_id)
                    Heap Fetches: 82
Planning time: 1.071 ms
Execution time: 15860.262 ms
