Hash Join  (cost=74432.12..161814.71 rows=72455 width=0) (actual time=1144.785..3513.802 rows=69561 loops=1)
  Hash Cond: (mk.movie_id = t.id)
  ->  Seq Scan on movie_keyword mk  (cost=0.00..69693.30 rows=4523930 width=4) (actual time=0.008..963.367 rows=4523930 loops=1)
  ->  Hash  (cost=73925.90..73925.90 rows=40497 width=4) (actual time=1077.644..1077.644 rows=103977 loops=1)
        Buckets: 131072 (originally 65536)  Batches: 2 (originally 1)  Memory Usage: 3073kB
        ->  Seq Scan on title t  (cost=0.00..73925.90 rows=40497 width=4) (actual time=377.934..1031.598 rows=103977 loops=1)
              Filter: ((kind_id < 7) AND (production_year < 1926))
              Rows Removed by Filter: 2424335
Planning time: 0.705 ms
Execution time: 3523.744 ms
