Hash Join  (cost=102767.86..1550266.38 rows=30425438 width=0) (actual time=1802.588..44145.559 rows=30525810 loops=1)
  Hash Cond: (ci.movie_id = t.id)
  ->  Seq Scan on cast_info ci  (cost=0.00..705507.15 rows=30425438 width=4) (actual time=0.014..14764.756 rows=30525810 loops=1)
        Filter: (person_id > 553645)
        Rows Removed by Filter: 5718534
  ->  Hash  (cost=61283.27..61283.27 rows=2528527 width=4) (actual time=1801.286..1801.286 rows=2528312 loops=1)
        Buckets: 131072  Batches: 64  Memory Usage: 2415kB
        ->  Seq Scan on title t  (cost=0.00..61283.27 rows=2528527 width=4) (actual time=0.014..946.736 rows=2528312 loops=1)
Planning time: 0.694 ms
Execution time: 47601.314 ms
