Hash Join  (cost=102767.86..204550.36 rows=453008 width=0) (actual time=1751.671..3799.806 rows=465401 loops=1)
  Hash Cond: (mk.movie_id = t.id)
  ->  Seq Scan on movie_keyword mk  (cost=0.00..81003.12 rows=453008 width=4) (actual time=0.024..1230.513 rows=465401 loops=1)
        Filter: (keyword_id < 355)
        Rows Removed by Filter: 4058529
  ->  Hash  (cost=61283.27..61283.27 rows=2528527 width=4) (actual time=1749.995..1749.995 rows=2528312 loops=1)
        Buckets: 131072  Batches: 64  Memory Usage: 2425kB
        ->  Seq Scan on title t  (cost=0.00..61283.27 rows=2528527 width=4) (actual time=0.020..882.058 rows=2528312 loops=1)
Planning time: 1.106 ms
Execution time: 3864.921 ms
