Hash Join  (cost=100885.02..936390.83 rows=14672 width=0) (actual time=1090.375..18192.388 rows=142404 loops=1)
  Hash Cond: (ci.movie_id = t.id)
  ->  Seq Scan on cast_info ci  (cost=0.00..705507.15 rows=34627197 width=4) (actual time=0.022..11182.371 rows=34634100 loops=1)
        Filter: (person_id < 3742915)
        Rows Removed by Filter: 1610244
  ->  Hash  (cost=100871.63..100871.63 rows=1071 width=8) (actual time=1089.505..1089.505 rows=5359 loops=1)
        Buckets: 8192 (originally 2048)  Batches: 1 (originally 1)  Memory Usage: 274kB
        ->  Hash Join  (cost=73950.44..100871.63 rows=1071 width=8) (actual time=909.753..1088.446 rows=5359 loops=1)
              Hash Cond: (mi_idx.movie_id = t.id)
              ->  Seq Scan on movie_info_idx mi_idx  (cost=0.00..21735.35 rows=1380035 width=4) (actual time=0.019..113.971 rows=1380035 loops=1)
              ->  Hash  (cost=73925.90..73925.90 rows=1963 width=4) (actual time=839.523..839.523 rows=4281 loops=1)
                    Buckets: 8192 (originally 2048)  Batches: 1 (originally 1)  Memory Usage: 215kB
                    ->  Seq Scan on title t  (cost=0.00..73925.90 rows=1963 width=4) (actual time=491.263..837.624 rows=4281 loops=1)
                          Filter: ((kind_id = 1) AND (production_year = 1978))
                          Rows Removed by Filter: 2524031
Planning time: 1.091 ms
Execution time: 18213.188 ms
