Hash Join  (cost=906135.36..1037215.56 rows=745117 width=0) (actual time=15120.407..21109.791 rows=11005140 loops=1)
  Hash Cond: (mk.movie_id = t.id)
  ->  Seq Scan on movie_keyword mk  (cost=0.00..69693.30 rows=4523930 width=4) (actual time=0.012..1331.406 rows=4523930 loops=1)
  ->  Hash  (cost=899302.57..899302.57 rows=416463 width=8) (actual time=15119.494..15119.494 rows=1352169 loops=1)
        Buckets: 131072 (originally 131072)  Batches: 16 (originally 8)  Memory Usage: 4269kB
        ->  Hash Join  (cost=80562.70..899302.57 rows=416463 width=8) (actual time=1325.335..14629.444 rows=1352169 loops=1)
              Hash Cond: (ci.movie_id = t.id)
              ->  Seq Scan on cast_info ci  (cost=0.00..796071.18 rows=1333349 width=4) (actual time=0.017..10913.923 rows=3052648 loops=1)
                    Filter: ((person_id > 3497904) AND (role_id > 2))
                    Rows Removed by Filter: 33191696
              ->  Hash  (cost=67604.59..67604.59 rows=789769 width=4) (actual time=1324.491..1324.491 rows=784926 loops=1)
                    Buckets: 131072  Batches: 16  Memory Usage: 2749kB
                    ->  Seq Scan on title t  (cost=0.00..67604.59 rows=789769 width=4) (actual time=0.024..1072.419 rows=784926 loops=1)
                          Filter: (production_year > 2007)
                          Rows Removed by Filter: 1743386
Planning time: 1.171 ms
Execution time: 22405.434 ms
