Hash Join  (cost=218862.72..292490.42 rows=233025 width=0) (actual time=4233.744..6045.000 rows=1065184 loops=1)
  Hash Cond: (mc.movie_id = t.id)
  ->  Seq Scan on movie_companies mc  (cost=0.00..57926.93 rows=945737 width=4) (actual time=20.476..1043.010 rows=1113041 loops=1)
        Filter: ((company_id > 1451) AND (company_type_id = 2))
        Rows Removed by Filter: 1496088
  ->  Hash  (cost=208641.01..208641.01 rows=623017 width=8) (actual time=4158.050..4158.050 rows=626930 loops=1)
        Buckets: 131072  Batches: 16  Memory Usage: 2593kB
        ->  Hash Join  (cost=102767.86..208641.01 rows=623017 width=8) (actual time=1799.243..3974.215 rows=626930 loops=1)
              Hash Cond: (mk.movie_id = t.id)
              ->  Seq Scan on movie_keyword mk  (cost=0.00..81003.12 rows=623017 width=4) (actual time=0.032..1253.374 rows=626930 loops=1)
                    Filter: (keyword_id > 29286)
                    Rows Removed by Filter: 3897000
              ->  Hash  (cost=61283.27..61283.27 rows=2528527 width=4) (actual time=1798.137..1798.137 rows=2528312 loops=1)
                    Buckets: 131072  Batches: 64  Memory Usage: 2425kB
                    ->  Seq Scan on title t  (cost=0.00..61283.27 rows=2528527 width=4) (actual time=0.011..926.854 rows=2528312 loops=1)
Planning time: 1.119 ms
Execution time: 6165.869 ms
