Hash Join  (cost=76399.17..201687.20 rows=269699 width=0) (actual time=1053.353..3632.116 rows=19960 loops=1)
  Hash Cond: (mk.movie_id = t.id)
  ->  Seq Scan on movie_keyword mk  (cost=0.00..69693.30 rows=4523930 width=4) (actual time=0.013..1209.912 rows=4523930 loops=1)
  ->  Hash  (cost=73925.90..73925.90 rows=150741 width=4) (actual time=1047.349..1047.349 rows=25797 loops=1)
        Buckets: 131072  Batches: 2  Memory Usage: 1485kB
        ->  Seq Scan on title t  (cost=0.00..73925.90 rows=150741 width=4) (actual time=0.066..1035.886 rows=25797 loops=1)
              Filter: ((kind_id > 1) AND (production_year < 1956))
              Rows Removed by Filter: 2502515
Planning time: 0.688 ms
Execution time: 3634.992 ms
