Hash Join  (cost=910678.99..1292013.68 rows=187922 width=0) (actual time=12096.639..17813.656 rows=197955 loops=1)
  Hash Cond: (mi.movie_id = t.id)
  ->  Seq Scan on movie_info mi  (cost=0.00..346232.03 rows=8859586 width=4) (actual time=610.552..4734.665 rows=8966694 loops=1)
        Filter: (info_type_id < 15)
        Rows Removed by Filter: 5869026
  ->  Hash  (cost=910008.57..910008.57 rows=53633 width=8) (actual time=11485.403..11485.403 rows=21442 loops=1)
        Buckets: 65536  Batches: 1  Memory Usage: 1350kB
        ->  Hash Join  (cost=102767.86..910008.57 rows=53633 width=8) (actual time=10366.356..11476.944 rows=21442 loops=1)
              Hash Cond: (ci.movie_id = t.id)
              ->  Seq Scan on cast_info ci  (cost=0.00..796071.18 rows=53633 width=4) (actual time=8413.744..9090.373 rows=21442 loops=1)
                    Filter: ((person_id < 527721) AND (role_id > 10))
                    Rows Removed by Filter: 36222902
              ->  Hash  (cost=61283.27..61283.27 rows=2528527 width=4) (actual time=1950.486..1950.486 rows=2528312 loops=1)
                    Buckets: 131072  Batches: 64  Memory Usage: 2415kB
                    ->  Seq Scan on title t  (cost=0.00..61283.27 rows=2528527 width=4) (actual time=0.023..919.881 rows=2528312 loops=1)
Planning time: 1.111 ms
Execution time: 17840.157 ms
