Hash Join  (cost=83072.98..109983.49 rows=3 width=0) (actual time=1386.056..1912.504 rows=390 loops=1)
  Hash Cond: (mi_idx.movie_id = t.id)
  ->  Seq Scan on movie_info_idx mi_idx  (cost=0.00..21735.35 rows=1380035 width=4) (actual time=0.020..300.827 rows=1380035 loops=1)
  ->  Hash  (cost=83072.90..83072.90 rows=6 width=8) (actual time=1368.283..1368.283 rows=170 loops=1)
        Buckets: 1024  Batches: 1  Memory Usage: 15kB
        ->  Nested Loop  (cost=0.43..83072.90 rows=6 width=8) (actual time=7.099..1368.079 rows=170 loops=1)
              ->  Seq Scan on movie_keyword mk  (cost=0.00..81003.12 rows=246 width=4) (actual time=0.861..1293.140 rows=1840 loops=1)
                    Filter: (keyword_id = 2172)
                    Rows Removed by Filter: 4522090
              ->  Index Scan using title_pkey on title t  (cost=0.43..8.40 rows=1 width=4) (actual time=0.040..0.040 rows=0 loops=1840)
                    Index Cond: (id = mk.movie_id)
                    Filter: ((production_year > 2000) AND (kind_id = 4))
                    Rows Removed by Filter: 1
Planning time: 1.265 ms
Execution time: 1912.721 ms
