Hash Join  (cost=74124.68..827192.08 rows=227824 width=0) (actual time=837.949..15556.798 rows=234214 loops=1)
  Hash Cond: (ci.movie_id = t.id)
  ->  Seq Scan on cast_info ci  (cost=0.00..614943.12 rows=36225612 width=4) (actual time=0.019..6835.385 rows=36244344 loops=1)
  ->  Hash  (cost=73925.90..73925.90 rows=15902 width=4) (actual time=837.721..837.721 rows=12969 loops=1)
        Buckets: 16384  Batches: 1  Memory Usage: 584kB
        ->  Seq Scan on title t  (cost=0.00..73925.90 rows=15902 width=4) (actual time=0.171..832.533 rows=12969 loops=1)
              Filter: ((kind_id < 7) AND (production_year = 1997))
              Rows Removed by Filter: 2515343
Planning time: 0.694 ms
Execution time: 15596.164 ms
