Hash Join  (cost=284195.96..924740.65 rows=11952775 width=0) (actual time=5881.344..22198.874 rows=16396873 loops=1)
  Hash Cond: (mi.movie_id = t.id)
  ->  Seq Scan on movie_info mi  (cost=0.00..346232.03 rows=12928982 width=4) (actual time=0.009..6268.946 rows=12970088 loops=1)
        Filter: (info_type_id < 18)
        Rows Removed by Filter: 1865632
  ->  Hash  (cost=245843.83..245843.83 rows=2337610 width=8) (actual time=5877.321..5877.321 rows=1294431 loops=1)
        Buckets: 131072  Batches: 32  Memory Usage: 2652kB
        ->  Hash Join  (cost=95361.69..245843.83 rows=2337610 width=8) (actual time=1705.199..5517.402 rows=1294431 loops=1)
              Hash Cond: (mk.movie_id = t.id)
              ->  Seq Scan on movie_keyword mk  (cost=0.00..69693.30 rows=4523930 width=4) (actual time=0.015..1297.240 rows=4523930 loops=1)
              ->  Hash  (cost=73925.90..73925.90 rows=1306543 width=4) (actual time=1703.756..1703.756 rows=1431326 loops=1)
                    Buckets: 131072  Batches: 32  Memory Usage: 2612kB
                    ->  Seq Scan on title t  (cost=0.00..73925.90 rows=1306543 width=4) (actual time=0.023..1230.091 rows=1431326 loops=1)
                          Filter: ((kind_id > 1) AND (production_year > 1989))
                          Rows Removed by Filter: 1096986
Planning time: 1.048 ms
Execution time: 24009.507 ms
