Hash Join  (cost=80042.24..153823.40 rows=265423 width=0) (actual time=1231.500..2723.784 rows=264592 loops=1)
  Hash Cond: (mc.movie_id = t.id)
  ->  Seq Scan on movie_companies mc  (cost=0.00..57926.93 rows=885333 width=4) (actual time=0.022..999.240 rows=564589 loops=1)
        Filter: ((company_id < 22982) AND (company_type_id > 1))
        Rows Removed by Filter: 2044540
  ->  Hash  (cost=67604.59..67604.59 rows=758052 width=4) (actual time=1230.481..1230.481 rows=753677 loops=1)
        Buckets: 131072  Batches: 16  Memory Usage: 2677kB
        ->  Seq Scan on title t  (cost=0.00..67604.59 rows=758052 width=4) (actual time=0.033..994.928 rows=753677 loops=1)
              Filter: (kind_id < 3)
              Rows Removed by Filter: 1774635
Planning time: 0.692 ms
Execution time: 2757.939 ms
