Nested Loop  (cost=0.43..83071.67 rows=246 width=0) (actual time=1.814..1246.386 rows=1028 loops=1)
  ->  Seq Scan on movie_keyword mk  (cost=0.00..81003.12 rows=246 width=4) (actual time=1.758..1212.213 rows=1028 loops=1)
        Filter: (keyword_id = 76)
        Rows Removed by Filter: 4522902
  ->  Index Only Scan using title_pkey on title t  (cost=0.43..8.40 rows=1 width=4) (actual time=0.032..0.032 rows=1 loops=1028)
        Index Cond: (id = mk.movie_id)
        Heap Fetches: 1028
Planning time: 0.678 ms
Execution time: 1246.788 ms
