Hash Join  (cost=459368.08..589356.93 rows=655481 width=0) (actual time=7963.348..10559.376 rows=321516 loops=1)
  Hash Cond: (mk.movie_id = t.id)
  ->  Seq Scan on movie_keyword mk  (cost=0.00..69693.30 rows=4523930 width=4) (actual time=0.022..1424.421 rows=4523930 loops=1)
  ->  Hash  (cost=453356.54..453356.54 rows=366363 width=8) (actual time=7067.801..7067.801 rows=276132 loops=1)
        Buckets: 131072  Batches: 8  Memory Usage: 2371kB
        ->  Hash Join  (cost=85282.22..453356.54 rows=366363 width=8) (actual time=3500.809..6989.966 rows=276132 loops=1)
              Hash Cond: (mi.movie_id = t.id)
              ->  Seq Scan on movie_info mi  (cost=0.00..346232.03 rows=1338312 width=4) (actual time=2205.456..4951.130 rows=1401902 loops=1)
                    Filter: (info_type_id = 7)
                    Rows Removed by Filter: 13433818
              ->  Hash  (cost=73925.90..73925.90 rows=692185 width=4) (actual time=1294.239..1294.239 rows=596495 loops=1)
                    Buckets: 131072  Batches: 16  Memory Usage: 2338kB
                    ->  Seq Scan on title t  (cost=0.00..73925.90 rows=692185 width=4) (actual time=147.402..1099.526 rows=596495 loops=1)
                          Filter: ((production_year < 2002) AND (kind_id = 7))
                          Rows Removed by Filter: 1931817
Planning time: 1.181 ms
Execution time: 10594.180 ms
