Seq Scan on cast_info ci  (cost=0.00..705507.15 rows=500 width=0) (actual time=4.343..9931.340 rows=48 loops=1)
  Filter: (person_id = 3060781)
  Rows Removed by Filter: 36244296
Planning time: 0.311 ms
Execution time: 9931.434 ms
