Nested Loop  (cost=0.43..83072.29 rows=201 width=0) (actual time=1.762..1107.359 rows=146 loops=1)
  ->  Seq Scan on movie_keyword mk  (cost=0.00..81003.12 rows=246 width=4) (actual time=1.718..1101.093 rows=151 loops=1)
        Filter: (keyword_id = 1822)
        Rows Removed by Filter: 4523779
  ->  Index Scan using title_pkey on title t  (cost=0.43..8.40 rows=1 width=4) (actual time=0.037..0.038 rows=1 loops=151)
        Index Cond: (id = mk.movie_id)
        Filter: (production_year < 2011)
        Rows Removed by Filter: 0
Planning time: 0.708 ms
Execution time: 1107.592 ms
