Hash Join  (cost=58375.85..85286.62 rows=29 width=0) (actual time=974.371..1286.977 rows=183 loops=1)
  Hash Cond: (mi_idx.movie_id = t.id)
  ->  Seq Scan on movie_info_idx mi_idx  (cost=0.00..21735.35 rows=1380035 width=4) (actual time=0.022..292.525 rows=1380035 loops=1)
  ->  Hash  (cost=58375.18..58375.18 rows=53 width=8) (actual time=735.801..735.801 rows=70 loops=1)
        Buckets: 1024  Batches: 1  Memory Usage: 11kB
        ->  Nested Loop  (cost=0.43..58375.18 rows=53 width=8) (actual time=28.637..735.761 rows=70 loops=1)
              ->  Seq Scan on movie_companies mc  (cost=0.00..57926.93 rows=53 width=4) (actual time=28.562..734.530 rows=70 loops=1)
                    Filter: ((company_id = 7345) AND (company_type_id = 2))
                    Rows Removed by Filter: 2609059
              ->  Index Only Scan using title_pkey on title t  (cost=0.43..8.45 rows=1 width=4) (actual time=0.016..0.016 rows=1 loops=70)
                    Index Cond: (id = mc.movie_id)
                    Heap Fetches: 70
Planning time: 1.082 ms
Execution time: 1287.094 ms
