Seq Scan on movie_keyword mk  (cost=0.00..81003.12 rows=4154330 width=0) (actual time=0.021..1471.749 rows=4155303 loops=1)
  Filter: (keyword_id < 45802)
  Rows Removed by Filter: 368627
Planning time: 0.327 ms
Execution time: 2006.039 ms
