Seq Scan on cast_info ci  (cost=0.00..705507.15 rows=20869650 width=0) (actual time=0.016..11543.921 rows=21001221 loops=1)
  Filter: (person_id > 1501258)
  Rows Removed by Filter: 15243123
Planning time: 0.233 ms
Execution time: 14198.460 ms
