Seq Scan on title t  (cost=0.00..73925.90 rows=176228 width=0) (actual time=65.776..1302.631 rows=310626 loops=1)
  Filter: ((production_year < 1989) AND (kind_id = 1))
  Rows Removed by Filter: 2217686
Planning time: 0.263 ms
Execution time: 1342.363 ms
