Hash Join  (cost=76308.85..1131481.91 rows=2080189 width=0) (actual time=1234.593..29418.817 rows=2758630 loops=1)
  Hash Cond: (ci.movie_id = t.id)
  ->  Seq Scan on cast_info ci  (cost=0.00..614943.12 rows=36225612 width=4) (actual time=0.023..11672.381 rows=36244344 loops=1)
  ->  Hash  (cost=73925.90..73925.90 rows=145196 width=4) (actual time=1233.100..1233.100 rows=245643 loops=1)
        Buckets: 131072 (originally 131072)  Batches: 4 (originally 2)  Memory Usage: 3183kB
        ->  Seq Scan on title t  (cost=0.00..73925.90 rows=145196 width=4) (actual time=0.125..1144.348 rows=245643 loops=1)
              Filter: ((kind_id < 7) AND (production_year < 1970))
              Rows Removed by Filter: 2282669
Planning time: 0.780 ms
Execution time: 29763.842 ms
