Seq Scan on movie_keyword mk  (cost=0.00..81003.12 rows=3179150 width=0) (actual time=0.013..1407.214 rows=3158860 loops=1)
  Filter: (keyword_id > 1780)
  Rows Removed by Filter: 1365070
Planning time: 0.197 ms
Execution time: 1802.989 ms
