Hash Join  (cost=190230.21..314531.99 rows=1215569 width=0) (actual time=4276.266..8258.196 rows=5162441 loops=1)
  Hash Cond: (mk.movie_id = t.id)
  ->  Seq Scan on movie_keyword mk  (cost=0.00..81003.12 rows=2227190 width=4) (actual time=0.017..1582.389 rows=2221265 loops=1)
        Filter: (keyword_id > 4929)
        Rows Removed by Filter: 2302665
  ->  Hash  (cost=167588.78..167588.78 rows=1380035 width=8) (actual time=4275.189..4275.189 rows=1380035 loops=1)
        Buckets: 131072  Batches: 32  Memory Usage: 2726kB
        ->  Hash Join  (cost=102767.86..167588.78 rows=1380035 width=8) (actual time=1874.177..3862.521 rows=1380035 loops=1)
              Hash Cond: (mi_idx.movie_id = t.id)
              ->  Seq Scan on movie_info_idx mi_idx  (cost=0.00..21735.35 rows=1380035 width=4) (actual time=0.014..478.535 rows=1380035 loops=1)
              ->  Hash  (cost=61283.27..61283.27 rows=2528527 width=4) (actual time=1872.511..1872.511 rows=2528312 loops=1)
                    Buckets: 131072  Batches: 64  Memory Usage: 2415kB
                    ->  Seq Scan on title t  (cost=0.00..61283.27 rows=2528527 width=4) (actual time=0.021..1029.402 rows=2528312 loops=1)
Planning time: 1.939 ms
Execution time: 8848.812 ms
