Hash Join  (cost=76580.21..566448.74 rows=943061 width=0) (actual time=1102.237..12393.842 rows=348296 loops=1)
  Hash Cond: (mi.movie_id = t.id)
  ->  Seq Scan on movie_info mi  (cost=0.00..309384.22 rows=14739122 width=4) (actual time=0.018..5015.959 rows=14835720 loops=1)
  ->  Hash  (cost=73925.90..73925.90 rows=161784 width=4) (actual time=974.592..974.592 rows=60160 loops=1)
        Buckets: 131072  Batches: 4  Memory Usage: 1558kB
        ->  Seq Scan on title t  (cost=0.00..73925.90 rows=161784 width=4) (actual time=0.032..951.869 rows=60160 loops=1)
              Filter: ((production_year < 1962) AND (kind_id = 7))
              Rows Removed by Filter: 2468152
Planning time: 0.829 ms
Execution time: 12437.752 ms
