Nested Loop  (cost=0.43..796578.63 rows=60 width=0) (actual time=6249.215..9284.638 rows=375 loops=1)
  ->  Seq Scan on cast_info ci  (cost=0.00..796071.18 rows=60 width=4) (actual time=6249.142..9281.130 rows=375 loops=1)
        Filter: ((person_id = 3617020) AND (role_id = 10))
        Rows Removed by Filter: 36243969
  ->  Index Only Scan using title_pkey on title t  (cost=0.43..8.45 rows=1 width=4) (actual time=0.009..0.009 rows=1 loops=375)
        Index Cond: (id = ci.movie_id)
        Heap Fetches: 375
Planning time: 0.787 ms
Execution time: 9284.787 ms
