Seq Scan on movie_keyword mk  (cost=0.00..81003.12 rows=246 width=0) (actual time=8.559..759.236 rows=129 loops=1)
  Filter: (keyword_id = 25350)
  Rows Removed by Filter: 4523801
Planning time: 0.338 ms
Execution time: 759.373 ms
