Nested Loop  (cost=0.43..797555.70 rows=176 width=0) (actual time=7038.569..10925.004 rows=8 loops=1)
  ->  Seq Scan on cast_info ci  (cost=0.00..796071.18 rows=176 width=4) (actual time=7038.470..10924.692 rows=8 loops=1)
        Filter: ((role_id < 2) AND (person_id = 1623418))
        Rows Removed by Filter: 36244336
  ->  Index Only Scan using title_pkey on title t  (cost=0.43..8.42 rows=1 width=4) (actual time=0.035..0.035 rows=1 loops=8)
        Index Cond: (id = ci.movie_id)
        Heap Fetches: 8
Planning time: 0.727 ms
Execution time: 10925.077 ms
