Hash Join  (cost=83074.31..833886.69 rows=2325 width=0) (actual time=1212.363..15346.256 rows=1068 loops=1)
  Hash Cond: (ci.movie_id = t.id)
  ->  Seq Scan on cast_info ci  (cost=0.00..614943.12 rows=36225612 width=4) (actual time=0.019..7566.789 rows=36244344 loops=1)
  ->  Hash  (cost=83072.29..83072.29 rows=162 width=8) (actual time=1183.604..1183.604 rows=26 loops=1)
        Buckets: 1024  Batches: 1  Memory Usage: 10kB
        ->  Nested Loop  (cost=0.43..83072.29 rows=162 width=8) (actual time=234.269..1183.566 rows=26 loops=1)
              ->  Seq Scan on movie_keyword mk  (cost=0.00..81003.12 rows=246 width=4) (actual time=0.026..1173.166 rows=209 loops=1)
                    Filter: (keyword_id = 14721)
                    Rows Removed by Filter: 4523721
              ->  Index Scan using title_pkey on title t  (cost=0.43..8.40 rows=1 width=4) (actual time=0.047..0.047 rows=0 loops=209)
                    Index Cond: (id = mk.movie_id)
                    Filter: (kind_id > 3)
                    Rows Removed by Filter: 1
Planning time: 0.973 ms
Execution time: 15347.057 ms
