Hash Join  (cost=98137.04..173904.41 rows=385652 width=0) (actual time=2114.412..2934.436 rows=48481 loops=1)
  Hash Cond: (mc.movie_id = t.id)
  ->  Seq Scan on movie_companies mc  (cost=0.00..57926.93 rows=523983 width=4) (actual time=366.394..772.054 rows=236298 loops=1)
        Filter: ((company_id > 14370) AND (company_type_id < 2))
        Rows Removed by Filter: 2372831
  ->  Hash  (cost=67604.59..67604.59 rows=1860996 width=4) (actual time=1745.912..1745.912 rows=1865487 loops=1)
        Buckets: 131072  Batches: 32  Memory Usage: 3079kB
        ->  Seq Scan on title t  (cost=0.00..67604.59 rows=1860996 width=4) (actual time=0.029..1168.541 rows=1865487 loops=1)
              Filter: (kind_id > 1)
              Rows Removed by Filter: 662825
Planning time: 0.833 ms
Execution time: 2939.906 ms
