Hash Join  (cost=312869.99..1357118.12 rows=14827111 width=0) (actual time=7630.678..41719.765 rows=51126586 loops=1)
  Hash Cond: (ci.movie_id = t.id)
  ->  Seq Scan on cast_info ci  (cost=0.00..705507.15 rows=12726058 width=4) (actual time=0.025..12788.344 rows=12670688 loops=1)
        Filter: (role_id = 1)
        Rows Removed by Filter: 23573656
  ->  Hash  (cost=264537.21..264537.21 rows=2945983 width=8) (actual time=7628.823..7628.823 rows=2930576 loops=1)
        Buckets: 131072  Batches: 64  Memory Usage: 2833kB
        ->  Hash Join  (cost=102767.86..264537.21 rows=2945983 width=8) (actual time=1798.598..6761.888 rows=2930576 loops=1)
              Hash Cond: (mk.movie_id = t.id)
              ->  Seq Scan on movie_keyword mk  (cost=0.00..81003.12 rows=2945983 width=4) (actual time=0.014..1547.468 rows=2930576 loops=1)
                    Filter: (keyword_id < 9685)
                    Rows Removed by Filter: 1593354
              ->  Hash  (cost=61283.27..61283.27 rows=2528527 width=4) (actual time=1797.387..1797.387 rows=2528312 loops=1)
                    Buckets: 131072  Batches: 64  Memory Usage: 2425kB
                    ->  Seq Scan on title t  (cost=0.00..61283.27 rows=2528527 width=4) (actual time=0.019..932.292 rows=2528312 loops=1)
Planning time: 1.133 ms
Execution time: 48000.270 ms
