Hash Join  (cost=74319.79..161541.61 rows=56378 width=0) (actual time=1050.898..2830.341 rows=93118 loops=1)
  Hash Cond: (mk.movie_id = t.id)
  ->  Seq Scan on movie_keyword mk  (cost=0.00..69693.30 rows=4523930 width=4) (actual time=0.022..880.723 rows=4523930 loops=1)
  ->  Hash  (cost=73925.90..73925.90 rows=31511 width=4) (actual time=1050.517..1050.517 rows=41357 loops=1)
        Buckets: 65536 (originally 32768)  Batches: 1 (originally 1)  Memory Usage: 1966kB
        ->  Seq Scan on title t  (cost=0.00..73925.90 rows=31511 width=4) (actual time=54.079..1033.354 rows=41357 loops=1)
              Filter: ((production_year < 1994) AND (kind_id = 3))
              Rows Removed by Filter: 2486955
Planning time: 0.734 ms
Execution time: 2843.013 ms
