Hash Join  (cost=119769.60..482622.19 rows=59505 width=0) (actual time=3133.018..7982.682 rows=251322 loops=1)
  Hash Cond: (mi.movie_id = t.id)
  ->  Seq Scan on movie_info mi  (cost=0.00..346232.03 rows=1348138 width=4) (actual time=550.105..4705.294 rows=1298989 loops=1)
        Filter: (info_type_id = 4)
        Rows Removed by Filter: 13536731
  ->  Hash  (cost=117938.54..117938.54 rows=111605 width=8) (actual time=2582.205..2582.205 rows=240106 loops=1)
        Buckets: 131072 (originally 131072)  Batches: 4 (originally 2)  Memory Usage: 3385kB
        ->  Hash Join  (cost=83891.93..117938.54 rows=111605 width=8) (actual time=1487.677..2496.088 rows=240106 loops=1)
              Hash Cond: (mi_idx.movie_id = t.id)
              ->  Seq Scan on movie_info_idx mi_idx  (cost=0.00..25185.44 rows=464566 width=4) (actual time=0.027..572.234 rows=459925 loops=1)
                    Filter: (info_type_id = 101)
                    Rows Removed by Filter: 920110
              ->  Hash  (cost=73925.90..73925.90 rows=607442 width=4) (actual time=1486.347..1486.347 rows=675690 loops=1)
                    Buckets: 131072  Batches: 8  Memory Usage: 4012kB
                    ->  Seq Scan on title t  (cost=0.00..73925.90 rows=607442 width=4) (actual time=0.011..1269.528 rows=675690 loops=1)
                          Filter: ((kind_id < 7) AND (production_year < 2007))
                          Rows Removed by Filter: 1852622
Planning time: 1.131 ms
Execution time: 8015.136 ms
