Seq Scan on movie_companies mc  (cost=0.00..51404.11 rows=104 width=0) (actual time=118.871..685.911 rows=4 loops=1)
  Filter: (company_id = 16949)
  Rows Removed by Filter: 2609125
Planning time: 0.362 ms
Execution time: 685.980 ms
