Hash Join  (cost=102767.86..169703.99 rows=234955 width=0) (actual time=2009.488..3265.685 rows=236832 loops=1)
  Hash Cond: (mc.movie_id = t.id)
  ->  Seq Scan on movie_companies mc  (cost=0.00..51404.11 rows=234955 width=4) (actual time=302.138..708.246 rows=236832 loops=1)
        Filter: (company_id > 103800)
        Rows Removed by Filter: 2372297
  ->  Hash  (cost=61283.27..61283.27 rows=2528527 width=4) (actual time=1705.030..1705.030 rows=2528312 loops=1)
        Buckets: 131072  Batches: 64  Memory Usage: 2415kB
        ->  Seq Scan on title t  (cost=0.00..61283.27 rows=2528527 width=4) (actual time=0.023..864.624 rows=2528312 loops=1)
Planning time: 0.740 ms
Execution time: 3293.920 ms
