Seq Scan on movie_keyword mk  (cost=0.00..81003.12 rows=3008356 width=0) (actual time=0.024..1358.071 rows=2989852 loops=1)
  Filter: (keyword_id < 10407)
  Rows Removed by Filter: 1534078
Planning time: 0.285 ms
Execution time: 1720.548 ms
