Hash Join  (cost=239155.43..852814.77 rows=10817951 width=0) (actual time=5365.268..30438.728 rows=49791694 loops=1)
  Hash Cond: (mi.movie_id = t.id)
  ->  Seq Scan on movie_info mi  (cost=0.00..309384.22 rows=14739122 width=4) (actual time=0.024..6212.428 rows=14835720 loops=1)
  ->  Hash  (cost=208707.40..208707.40 rows=1855842 width=8) (actual time=5364.167..5364.167 rows=1861412 loops=1)
        Buckets: 131072  Batches: 32  Memory Usage: 3349kB
        ->  Hash Join  (cost=102767.86..208707.40 rows=1855842 width=8) (actual time=1899.473..4869.104 rows=1861412 loops=1)
              Hash Cond: (mc.movie_id = t.id)
              ->  Seq Scan on movie_companies mc  (cost=0.00..51404.11 rows=1855842 width=4) (actual time=0.021..1143.244 rows=1861412 loops=1)
                    Filter: (company_id > 1451)
                    Rows Removed by Filter: 747717
              ->  Hash  (cost=61283.27..61283.27 rows=2528527 width=4) (actual time=1898.346..1898.346 rows=2528312 loops=1)
                    Buckets: 131072  Batches: 64  Memory Usage: 2415kB
                    ->  Seq Scan on title t  (cost=0.00..61283.27 rows=2528527 width=4) (actual time=0.026..1084.153 rows=2528312 loops=1)
Planning time: 1.187 ms
Execution time: 35656.811 ms
