Hash Join  (cost=102767.86..252110.94 rows=2429536 width=0) (actual time=1796.101..5575.585 rows=2431753 loops=1)
  Hash Cond: (mk.movie_id = t.id)
  ->  Seq Scan on movie_keyword mk  (cost=0.00..81003.12 rows=2429536 width=4) (actual time=0.012..1573.168 rows=2431753 loops=1)
        Filter: (keyword_id < 5765)
        Rows Removed by Filter: 2092177
  ->  Hash  (cost=61283.27..61283.27 rows=2528527 width=4) (actual time=1794.835..1794.835 rows=2528312 loops=1)
        Buckets: 131072  Batches: 64  Memory Usage: 2425kB
        ->  Seq Scan on title t  (cost=0.00..61283.27 rows=2528527 width=4) (actual time=0.019..925.223 rows=2528312 loops=1)
Planning time: 0.511 ms
Execution time: 5835.098 ms
