Nested Loop  (cost=0.43..83071.67 rows=246 width=0) (actual time=4.413..971.584 rows=189 loops=1)
  ->  Seq Scan on movie_keyword mk  (cost=0.00..81003.12 rows=246 width=4) (actual time=4.343..965.015 rows=189 loops=1)
        Filter: (keyword_id = 2820)
        Rows Removed by Filter: 4523741
  ->  Index Only Scan using title_pkey on title t  (cost=0.43..8.40 rows=1 width=4) (actual time=0.031..0.032 rows=1 loops=189)
        Index Cond: (id = mk.movie_id)
        Heap Fetches: 189
Planning time: 0.672 ms
Execution time: 971.756 ms
