Hash Join  (cost=108931.74..196187.83 rows=59806 width=0) (actual time=1802.580..4385.359 rows=1100369 loops=1)
  Hash Cond: (mk.movie_id = t.id)
  ->  Seq Scan on movie_keyword mk  (cost=0.00..69693.30 rows=4523930 width=4) (actual time=0.012..1006.261 rows=4523930 loops=1)
  ->  Hash  (cost=108513.90..108513.90 rows=33427 width=8) (actual time=1802.152..1802.152 rows=90449 loops=1)
        Buckets: 131072 (originally 65536)  Batches: 2 (originally 1)  Memory Usage: 3073kB
        ->  Hash Join  (cost=76911.07..108513.90 rows=33427 width=8) (actual time=1024.761..1765.390 rows=90449 loops=1)
              Hash Cond: (mi_idx.movie_id = t.id)
              ->  Seq Scan on movie_info_idx mi_idx  (cost=0.00..25185.44 rows=464566 width=4) (actual time=0.019..451.265 rows=459925 loops=1)
                    Filter: (info_type_id = 101)
                    Rows Removed by Filter: 920110
              ->  Hash  (cost=73925.90..73925.90 rows=181933 width=4) (actual time=1023.888..1023.888 rows=315809 loops=1)
                    Buckets: 131072  Batches: 4  Memory Usage: 3806kB
                    ->  Seq Scan on title t  (cost=0.00..73925.90 rows=181933 width=4) (actual time=0.020..927.734 rows=315809 loops=1)
                          Filter: ((kind_id < 3) AND (production_year < 1986))
                          Rows Removed by Filter: 2212503
Planning time: 1.155 ms
Execution time: 4516.792 ms
