Seq Scan on cast_info ci  (cost=0.00..705507.15 rows=7948571 width=0) (actual time=0.025..9975.472 rows=7930455 loops=1)
  Filter: (person_id > 2886382)
  Rows Removed by Filter: 28313889
Planning time: 0.311 ms
Execution time: 10885.396 ms
