Seq Scan on title t  (cost=0.00..73925.90 rows=754353 width=0) (actual time=0.013..1156.906 rows=651007 loops=1)
  Filter: ((kind_id > 2) AND (production_year < 2001))
  Rows Removed by Filter: 1877305
Planning time: 0.223 ms
Execution time: 1239.759 ms
