Hash Join  (cost=100586.94..1475542.95 rows=28801783 width=0) (actual time=1789.332..41823.876 rows=30721863 loops=1)
  Hash Cond: (ci.movie_id = t.id)
  ->  Seq Scan on cast_info ci  (cost=0.00..614943.12 rows=36225612 width=4) (actual time=1.168..11904.394 rows=36244344 loops=1)
  ->  Hash  (cost=67604.59..67604.59 rows=2010348 width=4) (actual time=1787.075..1787.075 rows=2004649 loops=1)
        Buckets: 131072  Batches: 32  Memory Usage: 3233kB
        ->  Seq Scan on title t  (cost=0.00..67604.59 rows=2010348 width=4) (actual time=0.025..1143.169 rows=2004649 loops=1)
              Filter: (production_year > 1975)
              Rows Removed by Filter: 523663
Planning time: 0.731 ms
Execution time: 45345.466 ms
