Hash Join  (cost=123028.54..185622.68 rows=23135 width=0) (actual time=2455.460..3218.041 rows=43820 loops=1)
  Hash Cond: (mc.movie_id = t.id)
  ->  Seq Scan on movie_companies mc  (cost=0.00..57926.93 rows=322094 width=4) (actual time=284.977..878.893 rows=175094 loops=1)
        Filter: ((company_id < 809) AND (company_type_id = 2))
        Rows Removed by Filter: 2434035
  ->  Hash  (cost=120048.30..120048.30 rows=181619 width=8) (actual time=2169.655..2169.655 rows=318279 loops=1)
        Buckets: 131072 (originally 131072)  Batches: 8 (originally 4)  Memory Usage: 3073kB
        ->  Hash Join  (cost=83810.17..120048.30 rows=181619 width=8) (actual time=1286.777..2097.289 rows=318279 loops=1)
              Hash Cond: (mi_idx.movie_id = t.id)
              ->  Seq Scan on movie_info_idx mi_idx  (cost=0.00..25185.44 rows=464934 width=4) (actual time=0.020..400.907 rows=460185 loops=1)
                    Filter: (info_type_id > 100)
                    Rows Removed by Filter: 919850
              ->  Hash  (cost=67604.59..67604.59 rows=987727 width=4) (actual time=1285.986..1285.986 rows=985048 loops=1)
                    Buckets: 131072  Batches: 16  Memory Usage: 3188kB
                    ->  Seq Scan on title t  (cost=0.00..67604.59 rows=987727 width=4) (actual time=0.041..982.205 rows=985048 loops=1)
                          Filter: (kind_id < 7)
                          Rows Removed by Filter: 1543264
Planning time: 5.678 ms
Execution time: 3224.878 ms
