Hash Join  (cost=214216.60..262007.99 rows=588591 width=0) (actual time=5147.155..6816.396 rows=1839233 loops=1)
  Hash Cond: (mi_idx.movie_id = t.id)
  ->  Seq Scan on movie_info_idx mi_idx  (cost=0.00..21735.35 rows=1380035 width=4) (actual time=0.017..440.007 rows=1380035 loops=1)
  ->  Hash  (cost=196523.25..196523.25 rows=1078428 width=8) (actual time=5146.393..5146.393 rows=958677 loops=1)
        Buckets: 131072  Batches: 16  Memory Usage: 3344kB
        ->  Hash Join  (cost=102767.86..196523.25 rows=1078428 width=8) (actual time=1747.683..4864.874 rows=958677 loops=1)
              Hash Cond: (mc.movie_id = t.id)
              ->  Seq Scan on movie_companies mc  (cost=0.00..57926.93 rows=1078428 width=4) (actual time=0.027..1048.977 rows=958677 loops=1)
                    Filter: ((company_id > 265) AND (company_type_id = 1))
                    Rows Removed by Filter: 1650452
              ->  Hash  (cost=61283.27..61283.27 rows=2528527 width=4) (actual time=1746.613..1746.613 rows=2528312 loops=1)
                    Buckets: 131072  Batches: 64  Memory Usage: 2415kB
                    ->  Seq Scan on title t  (cost=0.00..61283.27 rows=2528527 width=4) (actual time=0.005..906.245 rows=2528312 loops=1)
Planning time: 1.142 ms
Execution time: 7025.887 ms
