Hash Join  (cost=263115.61..1580502.39 rows=25464881 width=0) (actual time=5934.660..49376.128 rows=52647415 loops=1)
  Hash Cond: (ci.movie_id = t.id)
  ->  Seq Scan on cast_info ci  (cost=0.00..705507.15 rows=24678212 width=4) (actual time=0.025..13632.941 rows=24676150 loops=1)
        Filter: (person_id < 2538897)
        Rows Removed by Filter: 11568194
  ->  Hash  (cost=220309.49..220309.49 rows=2609129 width=8) (actual time=5932.542..5932.542 rows=2609129 loops=1)
        Buckets: 131072  Batches: 64  Memory Usage: 2610kB
        ->  Hash Join  (cost=102767.86..220309.49 rows=2609129 width=8) (actual time=1809.676..5156.517 rows=2609129 loops=1)
              Hash Cond: (mc.movie_id = t.id)
              ->  Seq Scan on movie_companies mc  (cost=0.00..44881.29 rows=2609129 width=4) (actual time=0.018..782.759 rows=2609129 loops=1)
              ->  Hash  (cost=61283.27..61283.27 rows=2528527 width=4) (actual time=1808.466..1808.466 rows=2528312 loops=1)
                    Buckets: 131072  Batches: 64  Memory Usage: 2415kB
                    ->  Seq Scan on title t  (cost=0.00..61283.27 rows=2528527 width=4) (actual time=0.014..986.348 rows=2528312 loops=1)
Planning time: 1.206 ms
Execution time: 54599.603 ms
