Hash Join  (cost=117067.70..184170.98 rows=45373 width=0) (actual time=1894.602..3195.540 rows=21276 loops=1)
  Hash Cond: (mc.movie_id = t.id)
  ->  Seq Scan on movie_companies mc  (cost=0.00..51404.11 rows=1288384 width=4) (actual time=0.018..851.280 rows=1297887 loops=1)
        Filter: (company_id > 11339)
        Rows Removed by Filter: 1311242
  ->  Hash  (cost=115606.61..115606.61 rows=89047 width=8) (actual time=1893.054..1893.054 rows=31790 loops=1)
        Buckets: 131072  Batches: 2  Memory Usage: 1647kB
        ->  Hash Join  (cost=77945.24..115606.61 rows=89047 width=8) (actual time=1235.001..1881.151 rows=31790 loops=1)
              Hash Cond: (mi_idx.movie_id = t.id)
              ->  Seq Scan on movie_info_idx mi_idx  (cost=0.00..25185.44 rows=919057 width=4) (actual time=0.025..480.794 rows=920110 loops=1)
                    Filter: (info_type_id > 99)
                    Rows Removed by Filter: 459925
              ->  Hash  (cost=73925.90..73925.90 rows=244987 width=4) (actual time=997.767..997.767 rows=137824 loops=1)
                    Buckets: 131072  Batches: 4  Memory Usage: 2233kB
                    ->  Seq Scan on title t  (cost=0.00..73925.90 rows=244987 width=4) (actual time=0.017..951.208 rows=137824 loops=1)
                          Filter: ((production_year < 1972) AND (kind_id = 7))
                          Rows Removed by Filter: 2390488
Planning time: 1.113 ms
Execution time: 3198.415 ms
