Hash Join  (cost=74369.53..161662.54 rows=63497 width=0) (actual time=1012.039..2670.988 rows=12851 loops=1)
  Hash Cond: (mk.movie_id = t.id)
  ->  Seq Scan on movie_keyword mk  (cost=0.00..69693.30 rows=4523930 width=4) (actual time=0.026..796.334 rows=4523930 loops=1)
  ->  Hash  (cost=73925.90..73925.90 rows=35490 width=4) (actual time=1010.743..1010.743 rows=39698 loops=1)
        Buckets: 65536  Batches: 1  Memory Usage: 1908kB
        ->  Seq Scan on title t  (cost=0.00..73925.90 rows=35490 width=4) (actual time=0.026..994.400 rows=39698 loops=1)
              Filter: ((kind_id = 7) AND (production_year = 2001))
              Rows Removed by Filter: 2488614
Planning time: 0.704 ms
Execution time: 2672.901 ms
