Hash Join  (cost=248348.71..1634004.85 rows=29843396 width=0) (actual time=6043.030..56588.621 rows=64299189 loops=1)
  Hash Cond: (ci.movie_id = t.id)
  ->  Seq Scan on cast_info ci  (cost=0.00..614943.12 rows=36225612 width=4) (actual time=0.022..13254.516 rows=36244344 loops=1)
  ->  Hash  (cost=214173.57..214173.57 rows=2083052 width=8) (actual time=6041.999..6041.999 rows=2081976 loops=1)
        Buckets: 131072  Batches: 32  Memory Usage: 3543kB
        ->  Hash Join  (cost=102767.86..214173.57 rows=2083052 width=8) (actual time=2082.187..5447.451 rows=2081976 loops=1)
              Hash Cond: (mc.movie_id = t.id)
              ->  Seq Scan on movie_companies mc  (cost=0.00..51404.11 rows=2083052 width=4) (actual time=0.029..1188.970 rows=2081976 loops=1)
                    Filter: (company_id > 483)
                    Rows Removed by Filter: 527153
              ->  Hash  (cost=61283.27..61283.27 rows=2528527 width=4) (actual time=2080.332..2080.332 rows=2528312 loops=1)
                    Buckets: 131072  Batches: 64  Memory Usage: 2415kB
                    ->  Seq Scan on title t  (cost=0.00..61283.27 rows=2528527 width=4) (actual time=0.010..1251.209 rows=2528312 loops=1)
Planning time: 1.028 ms
Execution time: 63867.617 ms
