Seq Scan on cast_info ci  (cost=0.00..705507.15 rows=12166964 width=0) (actual time=0.031..11197.151 rows=12236549 loops=1)
  Filter: (person_id > 2462337)
  Rows Removed by Filter: 24007795
Planning time: 0.327 ms
Execution time: 12661.897 ms
