Hash Join  (cost=74124.68..172107.90 rows=28007 width=0) (actual time=1082.372..3389.618 rows=69988 loops=1)
  Hash Cond: (mk.movie_id = t.id)
  ->  Seq Scan on movie_keyword mk  (cost=0.00..81003.12 rows=4453339 width=4) (actual time=0.018..1597.613 rows=4454197 loops=1)
        Filter: (keyword_id < 91312)
        Rows Removed by Filter: 69733
  ->  Hash  (cost=73925.90..73925.90 rows=15902 width=4) (actual time=1081.941..1081.941 rows=12969 loops=1)
        Buckets: 16384  Batches: 1  Memory Usage: 584kB
        ->  Seq Scan on title t  (cost=0.00..73925.90 rows=15902 width=4) (actual time=0.144..1076.771 rows=12969 loops=1)
              Filter: ((kind_id < 7) AND (production_year = 1997))
              Rows Removed by Filter: 2515343
Planning time: 1.404 ms
Execution time: 3398.798 ms
