Hash Join  (cost=203059.66..346073.11 rows=1724541 width=0) (actual time=5093.853..10787.094 rows=8260470 loops=1)
  Hash Cond: (mk.movie_id = t.id)
  ->  Seq Scan on movie_keyword mk  (cost=0.00..69693.30 rows=4523930 width=4) (actual time=0.031..1483.323 rows=4523930 loops=1)
  ->  Hash  (cost=187245.10..187245.10 rows=963885 width=8) (actual time=5092.959..5092.959 rows=974126 loops=1)
        Buckets: 131072  Batches: 16  Memory Usage: 3432kB
        ->  Hash Join  (cost=102767.86..187245.10 rows=963885 width=8) (actual time=2072.697..4812.110 rows=974126 loops=1)
              Hash Cond: (mc.movie_id = t.id)
              ->  Seq Scan on movie_companies mc  (cost=0.00..51404.11 rows=963885 width=4) (actual time=0.026..897.987 rows=974126 loops=1)
                    Filter: (company_id > 17552)
                    Rows Removed by Filter: 1635003
              ->  Hash  (cost=61283.27..61283.27 rows=2528527 width=4) (actual time=2071.260..2071.260 rows=2528312 loops=1)
                    Buckets: 131072  Batches: 64  Memory Usage: 2415kB
                    ->  Seq Scan on title t  (cost=0.00..61283.27 rows=2528527 width=4) (actual time=0.013..1224.344 rows=2528312 loops=1)
Planning time: 1.075 ms
Execution time: 11732.311 ms
