Hash Join  (cost=76243.83..143659.22 rows=41190 width=0) (actual time=1151.816..2218.195 rows=497 loops=1)
  Hash Cond: (mc.movie_id = t.id)
  ->  Seq Scan on movie_companies mc  (cost=0.00..57926.93 rows=737214 width=4) (actual time=0.065..667.690 rows=523913 loops=1)
        Filter: ((company_id > 7500) AND (company_type_id = 1))
        Rows Removed by Filter: 2085216
  ->  Hash  (cost=73925.90..73925.90 rows=141274 width=4) (actual time=1150.871..1150.871 rows=150659 loops=1)
        Buckets: 131072  Batches: 2  Memory Usage: 3673kB
        ->  Seq Scan on title t  (cost=0.00..73925.90 rows=141274 width=4) (actual time=0.024..1098.526 rows=150659 loops=1)
              Filter: ((production_year > 2011) AND (kind_id = 7))
              Rows Removed by Filter: 2377653
Planning time: 0.702 ms
Execution time: 2218.335 ms
