Hash Join  (cost=83074.74..833899.15 rows=3524 width=0) (actual time=1392.361..18427.358 rows=47211 loops=1)
  Hash Cond: (ci.movie_id = t.id)
  ->  Seq Scan on cast_info ci  (cost=0.00..614943.12 rows=36225612 width=4) (actual time=0.018..9450.070 rows=36244344 loops=1)
  ->  Hash  (cost=83071.67..83071.67 rows=246 width=8) (actual time=1391.621..1391.621 rows=984 loops=1)
        Buckets: 1024  Batches: 1  Memory Usage: 47kB
        ->  Nested Loop  (cost=0.43..83071.67 rows=246 width=8) (actual time=0.863..1390.889 rows=984 loops=1)
              ->  Seq Scan on movie_keyword mk  (cost=0.00..81003.12 rows=246 width=4) (actual time=0.802..1357.755 rows=984 loops=1)
                    Filter: (keyword_id = 2000)
                    Rows Removed by Filter: 4522946
              ->  Index Only Scan using title_pkey on title t  (cost=0.43..8.40 rows=1 width=4) (actual time=0.032..0.032 rows=1 loops=984)
                    Index Cond: (id = mk.movie_id)
                    Heap Fetches: 984
Planning time: 2.133 ms
Execution time: 18438.703 ms
