Hash Join  (cost=83074.16..137741.23 rows=155 width=0) (actual time=1200.539..1779.289 rows=119 loops=1)
  Hash Cond: (mc.movie_id = t.id)
  ->  Seq Scan on movie_companies mc  (cost=0.00..44881.29 rows=2609129 width=4) (actual time=0.024..305.847 rows=2609129 loops=1)
  ->  Hash  (cost=83072.29..83072.29 rows=150 width=8) (actual time=1195.520..1195.520 rows=29 loops=1)
        Buckets: 1024  Batches: 1  Memory Usage: 10kB
        ->  Nested Loop  (cost=0.43..83072.29 rows=150 width=8) (actual time=530.714..1195.470 rows=29 loops=1)
              ->  Seq Scan on movie_keyword mk  (cost=0.00..81003.12 rows=246 width=4) (actual time=0.255..1169.513 rows=477 loops=1)
                    Filter: (keyword_id = 1130)
                    Rows Removed by Filter: 4523453
              ->  Index Scan using title_pkey on title t  (cost=0.43..8.40 rows=1 width=4) (actual time=0.053..0.053 rows=0 loops=477)
                    Index Cond: (id = mk.movie_id)
                    Filter: (kind_id = 7)
                    Rows Removed by Filter: 1
Planning time: 1.095 ms
Execution time: 1779.456 ms
