Hash Join  (cost=178672.13..1241927.44 rows=2867015 width=0) (actual time=3499.381..32317.201 rows=2390128 loops=1)
  Hash Cond: (ci.movie_id = t.id)
  ->  Seq Scan on cast_info ci  (cost=0.00..614943.12 rows=36225612 width=4) (actual time=0.010..13167.244 rows=36244344 loops=1)
  ->  Hash  (cost=175388.68..175388.68 rows=200116 width=8) (actual time=3498.441..3498.441 rows=92911 loops=1)
        Buckets: 131072  Batches: 4  Memory Usage: 1936kB
        ->  Hash Join  (cost=102767.86..175388.68 rows=200116 width=8) (actual time=2091.292..3466.939 rows=92911 loops=1)
              Hash Cond: (mc.movie_id = t.id)
              ->  Seq Scan on movie_companies mc  (cost=0.00..57926.93 rows=200116 width=4) (actual time=0.066..850.724 rows=92911 loops=1)
                    Filter: ((company_id < 240) AND (company_type_id = 2))
                    Rows Removed by Filter: 2516218
              ->  Hash  (cost=61283.27..61283.27 rows=2528527 width=4) (actual time=2089.410..2089.410 rows=2528312 loops=1)
                    Buckets: 131072  Batches: 64  Memory Usage: 2415kB
                    ->  Seq Scan on title t  (cost=0.00..61283.27 rows=2528527 width=4) (actual time=0.021..1226.692 rows=2528312 loops=1)
Planning time: 0.954 ms
Execution time: 32613.258 ms
