Nested Loop  (cost=0.43..798787.41 rows=324 width=0) (actual time=6915.831..13791.244 rows=44 loops=1)
  ->  Seq Scan on cast_info ci  (cost=0.00..796071.18 rows=324 width=4) (actual time=6915.722..13790.220 rows=44 loops=1)
        Filter: ((role_id > 1) AND (person_id = 1305191))
        Rows Removed by Filter: 36244300
  ->  Index Only Scan using title_pkey on title t  (cost=0.43..8.37 rows=1 width=4) (actual time=0.021..0.022 rows=1 loops=44)
        Index Cond: (id = ci.movie_id)
        Heap Fetches: 44
Planning time: 5.321 ms
Execution time: 13791.381 ms
