Hash Join  (cost=83074.74..825947.03 rows=969 width=0) (actual time=2101.932..15330.676 rows=11068 loops=1)
  Hash Cond: (ci.movie_id = t.id)
  ->  Seq Scan on cast_info ci  (cost=0.00..705507.15 rows=9961453 width=4) (actual time=696.333..12186.674 rows=9948252 loops=1)
        Filter: (person_id > 2719215)
        Rows Removed by Filter: 26296092
  ->  Hash  (cost=83071.67..83071.67 rows=246 width=8) (actual time=1405.284..1405.284 rows=486 loops=1)
        Buckets: 1024  Batches: 1  Memory Usage: 27kB
        ->  Nested Loop  (cost=0.43..83071.67 rows=246 width=8) (actual time=0.373..1404.824 rows=486 loops=1)
              ->  Seq Scan on movie_keyword mk  (cost=0.00..81003.12 rows=246 width=4) (actual time=0.314..1386.974 rows=486 loops=1)
                    Filter: (keyword_id = 14995)
                    Rows Removed by Filter: 4523444
              ->  Index Only Scan using title_pkey on title t  (cost=0.43..8.40 rows=1 width=4) (actual time=0.034..0.035 rows=1 loops=486)
                    Index Cond: (id = mk.movie_id)
                    Heap Fetches: 486
Planning time: 0.693 ms
Execution time: 15333.555 ms
