Hash Join  (cost=102767.86..219427.51 rows=1071294 width=0) (actual time=2552.315..5235.095 rows=1081487 loops=1)
  Hash Cond: (mk.movie_id = t.id)
  ->  Seq Scan on movie_keyword mk  (cost=0.00..81003.12 rows=1071294 width=4) (actual time=0.024..1460.971 rows=1081487 loops=1)
        Filter: (keyword_id < 1088)
        Rows Removed by Filter: 3442443
  ->  Hash  (cost=61283.27..61283.27 rows=2528527 width=4) (actual time=2550.979..2550.979 rows=2528312 loops=1)
        Buckets: 131072  Batches: 64  Memory Usage: 2425kB
        ->  Seq Scan on title t  (cost=0.00..61283.27 rows=2528527 width=4) (actual time=0.026..1054.740 rows=2528312 loops=1)
Planning time: 0.656 ms
Execution time: 5356.933 ms
