Hash Join  (cost=73962.22..128657.72 rows=2998 width=0) (actual time=885.944..1604.483 rows=11218 loops=1)
  Hash Cond: (mc.movie_id = t.id)
  ->  Seq Scan on movie_companies mc  (cost=0.00..44881.29 rows=2609129 width=4) (actual time=0.022..354.088 rows=2609129 loops=1)
  ->  Hash  (cost=73925.90..73925.90 rows=2905 width=4) (actual time=885.837..885.837 rows=5861 loops=1)
        Buckets: 8192 (originally 4096)  Batches: 1 (originally 1)  Memory Usage: 271kB
        ->  Seq Scan on title t  (cost=0.00..73925.90 rows=2905 width=4) (actual time=0.074..883.477 rows=5861 loops=1)
              Filter: ((kind_id < 7) AND (production_year = 1969))
              Rows Removed by Filter: 2522451
Planning time: 0.724 ms
Execution time: 1606.137 ms
