Hash Join  (cost=102767.86..174056.70 rows=144733 width=0) (actual time=2135.762..4041.639 rows=285848 loops=1)
  Hash Cond: (mc.movie_id = t.id)
  ->  Seq Scan on movie_companies mc  (cost=0.00..57926.93 rows=144733 width=4) (actual time=168.331..783.623 rows=285848 loops=1)
        Filter: ((company_id > 95234) AND (company_type_id > 1))
        Rows Removed by Filter: 2323281
  ->  Hash  (cost=61283.27..61283.27 rows=2528527 width=4) (actual time=1965.822..1965.822 rows=2528312 loops=1)
        Buckets: 131072  Batches: 64  Memory Usage: 2415kB
        ->  Seq Scan on title t  (cost=0.00..61283.27 rows=2528527 width=4) (actual time=0.024..1132.671 rows=2528312 loops=1)
Planning time: 0.678 ms
Execution time: 4077.898 ms
