Hash Join  (cost=102767.86..194766.41 rows=46365 width=0) (actual time=2527.164..4023.097 rows=42919 loops=1)
  Hash Cond: (mk.movie_id = t.id)
  ->  Seq Scan on movie_keyword mk  (cost=0.00..81003.12 rows=46365 width=4) (actual time=250.890..1337.131 rows=42919 loops=1)
        Filter: (keyword_id > 103127)
        Rows Removed by Filter: 4481011
  ->  Hash  (cost=61283.27..61283.27 rows=2528527 width=4) (actual time=2270.598..2270.598 rows=2528312 loops=1)
        Buckets: 131072  Batches: 64  Memory Usage: 2425kB
        ->  Seq Scan on title t  (cost=0.00..61283.27 rows=2528527 width=4) (actual time=0.024..1007.564 rows=2528312 loops=1)
Planning time: 0.718 ms
Execution time: 4028.476 ms
