Hash Join  (cost=112937.26..1164410.57 rows=1720116 width=0) (actual time=2149.039..28836.212 rows=2943974 loops=1)
  Hash Cond: (ci.movie_id = t.id)
  ->  Seq Scan on cast_info ci  (cost=0.00..614943.12 rows=36225612 width=4) (actual time=0.022..12853.855 rows=36244344 loops=1)
  ->  Hash  (cost=110967.47..110967.47 rows=120063 width=8) (actual time=2148.235..2148.235 rows=119764 loops=1)
        Buckets: 131072  Batches: 2  Memory Usage: 3358kB
        ->  Hash Join  (cost=71214.36..110967.47 rows=120063 width=8) (actual time=1023.962..2110.957 rows=119764 loops=1)
              Hash Cond: (mi_idx.movie_id = t.id)
              ->  Seq Scan on movie_info_idx mi_idx  (cost=0.00..21735.35 rows=1380035 width=4) (actual time=0.024..465.138 rows=1380035 loops=1)
              ->  Hash  (cost=67604.59..67604.59 rows=219982 width=4) (actual time=1022.917..1022.917 rows=221115 loops=1)
                    Buckets: 131072  Batches: 4  Memory Usage: 2967kB
                    ->  Seq Scan on title t  (cost=0.00..67604.59 rows=219982 width=4) (actual time=0.012..942.075 rows=221115 loops=1)
                          Filter: (production_year < 1958)
                          Rows Removed by Filter: 2307197
Planning time: 1.037 ms
Execution time: 29188.464 ms
