Hash Join  (cost=102767.86..1311800.47 rows=16751473 width=0) (actual time=1875.464..36671.672 rows=20711842 loops=1)
  Hash Cond: (ci.movie_id = t.id)
  ->  Seq Scan on cast_info ci  (cost=0.00..796071.18 rows=16751473 width=4) (actual time=0.024..17716.686 rows=20711842 loops=1)
        Filter: ((person_id > 1005832) AND (role_id > 1))
        Rows Removed by Filter: 15532502
  ->  Hash  (cost=61283.27..61283.27 rows=2528527 width=4) (actual time=1874.410..1874.410 rows=2528312 loops=1)
        Buckets: 131072  Batches: 64  Memory Usage: 2415kB
        ->  Seq Scan on title t  (cost=0.00..61283.27 rows=2528527 width=4) (actual time=0.023..1060.515 rows=2528312 loops=1)
Planning time: 0.700 ms
Execution time: 38835.065 ms
