Hash Join  (cost=198869.79..243110.22 rows=381595 width=0) (actual time=4500.532..6216.800 rows=1779943 loops=1)
  Hash Cond: (mi_idx.movie_id = t.id)
  ->  Seq Scan on movie_info_idx mi_idx  (cost=0.00..21735.35 rows=1380035 width=4) (actual time=0.015..519.111 rows=1380035 loops=1)
  ->  Hash  (cost=187398.22..187398.22 rows=699165 width=8) (actual time=4499.450..4499.450 rows=961129 loops=1)
        Buckets: 131072  Batches: 16  Memory Usage: 3344kB
        ->  Hash Join  (cost=102767.86..187398.22 rows=699165 width=8) (actual time=2066.445..4251.491 rows=961129 loops=1)
              Hash Cond: (mc.movie_id = t.id)
              ->  Seq Scan on movie_companies mc  (cost=0.00..57926.93 rows=699165 width=4) (actual time=0.017..1075.721 rows=961129 loops=1)
                    Filter: ((company_id < 12435) AND (company_type_id < 2))
                    Rows Removed by Filter: 1648000
              ->  Hash  (cost=61283.27..61283.27 rows=2528527 width=4) (actual time=2065.165..2065.165 rows=2528312 loops=1)
                    Buckets: 131072  Batches: 64  Memory Usage: 2415kB
                    ->  Seq Scan on title t  (cost=0.00..61283.27 rows=2528527 width=4) (actual time=0.028..1194.748 rows=2528312 loops=1)
Planning time: 1.168 ms
Execution time: 6414.853 ms
