Seq Scan on cast_info ci  (cost=0.00..796071.18 rows=13235853 width=0) (actual time=6947.635..14014.591 rows=11252987 loops=1)
  Filter: ((person_id > 1598411) AND (role_id < 4))
  Rows Removed by Filter: 24991357
Planning time: 0.308 ms
Execution time: 15339.027 ms
