Hash Join  (cost=1013756.84..3449540.88 rows=110828137 width=0) (actual time=26488.772..109250.440 rows=216747670 loops=1)
  Hash Cond: (ci.movie_id = t.id)
  ->  Seq Scan on cast_info ci  (cost=0.00..705507.15 rows=20438076 width=4) (actual time=808.150..14816.817 rows=20568300 loops=1)
        Filter: (person_id > 1548402)
        Rows Removed by Filter: 15676044
  ->  Hash  (cost=788805.99..788805.99 rows=13711268 width=8) (actual time=25679.082..25679.082 rows=13746208 loops=1)
        Buckets: 131072  Batches: 256  Memory Usage: 3101kB
        ->  Hash Join  (cost=102767.86..788805.99 rows=13711268 width=8) (actual time=1940.921..21508.101 rows=13746208 loops=1)
              Hash Cond: (mi.movie_id = t.id)
              ->  Seq Scan on movie_info mi  (cost=0.00..346232.03 rows=13711268 width=4) (actual time=0.029..7245.035 rows=13746208 loops=1)
                    Filter: (info_type_id < 70)
                    Rows Removed by Filter: 1089512
              ->  Hash  (cost=61283.27..61283.27 rows=2528527 width=4) (actual time=1939.242..1939.242 rows=2528312 loops=1)
                    Buckets: 131072  Batches: 64  Memory Usage: 2425kB
                    ->  Seq Scan on title t  (cost=0.00..61283.27 rows=2528527 width=4) (actual time=0.015..1092.346 rows=2528312 loops=1)
Planning time: 1.180 ms
Execution time: 133195.464 ms
