Hash Join  (cost=93155.63..208704.84 rows=857549 width=0) (actual time=2579.048..4352.124 rows=220999 loops=1)
  Hash Cond: (mk.movie_id = t.id)
  ->  Seq Scan on movie_keyword mk  (cost=0.00..81003.12 rows=1850024 width=4) (actual time=0.020..1507.617 rows=1855309 loops=1)
        Filter: (keyword_id > 7455)
        Rows Removed by Filter: 2668621
  ->  Hash  (cost=73925.90..73925.90 rows=1172058 width=4) (actual time=1843.810..1843.810 rows=1128906 loops=1)
        Buckets: 131072  Batches: 16  Memory Usage: 3509kB
        ->  Seq Scan on title t  (cost=0.00..73925.90 rows=1172058 width=4) (actual time=0.034..1474.788 rows=1128906 loops=1)
              Filter: ((production_year < 2010) AND (kind_id = 7))
              Rows Removed by Filter: 1399406
Planning time: 1.237 ms
Execution time: 4374.301 ms
