Seq Scan on movie_companies mc  (cost=0.00..57926.93 rows=538534 width=0) (actual time=83.486..955.405 rows=747294 loops=1)
  Filter: ((company_id < 7266) AND (company_type_id = 1))
  Rows Removed by Filter: 1861835
Planning time: 0.351 ms
Execution time: 1045.170 ms
