Hash Join  (cost=798791.46..1152803.24 rows=266 width=0) (actual time=15897.949..20397.425 rows=42 loops=1)
  Hash Cond: (mi.movie_id = t.id)
  ->  Seq Scan on movie_info mi  (cost=0.00..346232.03 rows=2073893 width=4) (actual time=1152.165..5371.460 rows=2091068 loops=1)
        Filter: (info_type_id < 3)
        Rows Removed by Filter: 12744652
  ->  Hash  (cost=798787.41..798787.41 rows=324 width=8) (actual time=14721.101..14721.101 rows=156 loops=1)
        Buckets: 1024  Batches: 1  Memory Usage: 15kB
        ->  Nested Loop  (cost=0.43..798787.41 rows=324 width=8) (actual time=14634.712..14721.016 rows=156 loops=1)
              ->  Seq Scan on cast_info ci  (cost=0.00..796071.18 rows=324 width=4) (actual time=14634.594..14717.362 rows=156 loops=1)
                    Filter: ((role_id > 1) AND (person_id = 2501030))
                    Rows Removed by Filter: 36244188
              ->  Index Only Scan using title_pkey on title t  (cost=0.43..8.37 rows=1 width=4) (actual time=0.022..0.022 rows=1 loops=156)
                    Index Cond: (id = ci.movie_id)
                    Heap Fetches: 156
Planning time: 1.187 ms
Execution time: 20397.550 ms
