Nested Loop  (cost=0.43..52283.69 rows=104 width=0) (actual time=105.848..846.576 rows=387 loops=1)
  ->  Seq Scan on movie_companies mc  (cost=0.00..51404.11 rows=104 width=4) (actual time=105.720..817.417 rows=387 loops=1)
        Filter: (company_id = 17206)
        Rows Removed by Filter: 2608742
  ->  Index Only Scan using title_pkey on title t  (cost=0.43..8.45 rows=1 width=4) (actual time=0.074..0.074 rows=1 loops=387)
        Index Cond: (id = mc.movie_id)
        Heap Fetches: 387
Planning time: 0.715 ms
Execution time: 846.806 ms
