Seq Scan on cast_info ci  (cost=0.00..796071.18 rows=7074939 width=0) (actual time=0.018..13678.783 rows=3842753 loops=1)
  Filter: ((person_id < 2104106) AND (role_id > 3))
  Rows Removed by Filter: 32401591
Planning time: 0.596 ms
Execution time: 14158.369 ms
