Hash Join  (cost=618701.24..2198796.57 rows=31139104 width=0) (actual time=14543.541..49984.626 rows=18353976 loops=1)
  Hash Cond: (ci.movie_id = t.id)
  ->  Seq Scan on cast_info ci  (cost=0.00..614943.12 rows=36225612 width=4) (actual time=0.011..13259.512 rows=36244344 loops=1)
  ->  Hash  (cost=583041.59..583041.59 rows=2173492 width=8) (actual time=14541.753..14541.753 rows=1107380 loops=1)
        Buckets: 131072  Batches: 32  Memory Usage: 2306kB
        ->  Hash Join  (cost=80043.74..583041.59 rows=2173492 width=8) (actual time=1387.889..14232.765 rows=1107380 loops=1)
              Hash Cond: (mi.movie_id = t.id)
              ->  Seq Scan on movie_info mi  (cost=0.00..309384.22 rows=14739122 width=4) (actual time=0.025..5972.271 rows=14835720 loops=1)
              ->  Hash  (cost=73925.90..73925.90 rows=372867 width=4) (actual time=1335.147..1335.147 rows=256191 loops=1)
                    Buckets: 131072  Batches: 8  Memory Usage: 2144kB
                    ->  Seq Scan on title t  (cost=0.00..73925.90 rows=372867 width=4) (actual time=0.023..1246.407 rows=256191 loops=1)
                          Filter: ((kind_id > 4) AND (production_year < 1986))
                          Rows Removed by Filter: 2272121
Planning time: 1.057 ms
Execution time: 52074.113 ms
