Hash Join  (cost=67697.55..124430.01 rows=4147 width=0) (actual time=1144.386..2316.368 rows=15270 loops=1)
  Hash Cond: (mc.movie_id = t.id)
  ->  Seq Scan on movie_companies mc  (cost=0.00..51404.11 rows=1409833 width=4) (actual time=0.028..893.012 rows=1418210 loops=1)
        Filter: (company_id > 10583)
        Rows Removed by Filter: 1190919
  ->  Hash  (cost=67604.59..67604.59 rows=7437 width=4) (actual time=1141.499..1141.499 rows=7770 loops=1)
        Buckets: 8192  Batches: 1  Memory Usage: 338kB
        ->  Seq Scan on title t  (cost=0.00..67604.59 rows=7437 width=4) (actual time=0.019..1138.173 rows=7770 loops=1)
              Filter: (production_year = 1912)
              Rows Removed by Filter: 2520542
Planning time: 0.725 ms
Execution time: 2318.929 ms
