Hash Join  (cost=142594.51..230220.54 rows=96799 width=0) (actual time=2498.637..4469.010 rows=339034 loops=1)
  Hash Cond: (mk.movie_id = t.id)
  ->  Seq Scan on movie_keyword mk  (cost=0.00..69693.30 rows=4523930 width=4) (actual time=0.020..1037.867 rows=4523930 loops=1)
  ->  Hash  (cost=141918.23..141918.23 rows=54103 width=8) (actual time=2498.071..2498.071 rows=55645 loops=1)
        Buckets: 65536  Batches: 1  Memory Usage: 2686kB
        ->  Hash Join  (cost=78473.92..141918.23 rows=54103 width=8) (actual time=1296.824..2479.494 rows=55645 loops=1)
              Hash Cond: (mc.movie_id = t.id)
              ->  Seq Scan on movie_companies mc  (cost=0.00..57926.93 rows=206490 width=4) (actual time=0.016..916.080 rows=323207 loops=1)
                    Filter: ((company_id < 302) AND (company_type_id = 1))
                    Rows Removed by Filter: 2285922
              ->  Hash  (cost=67604.59..67604.59 rows=662507 width=4) (actual time=1295.676..1295.676 rows=662065 loops=1)
                    Buckets: 131072  Batches: 16  Memory Usage: 2481kB
                    ->  Seq Scan on title t  (cost=0.00..67604.59 rows=662507 width=4) (actual time=0.021..1085.963 rows=662065 loops=1)
                          Filter: (production_year > 2008)
                          Rows Removed by Filter: 1866247
Planning time: 1.107 ms
Execution time: 4511.253 ms
