Hash Join  (cost=222856.61..1280312.54 rows=10631368 width=0) (actual time=6218.633..35400.701 rows=17973877 loops=1)
  Hash Cond: (ci.movie_id = t.id)
  ->  Seq Scan on cast_info ci  (cost=0.00..705507.15 rows=20807494 width=4) (actual time=1091.525..14873.562 rows=20948812 loops=1)
        Filter: (person_id > 1506380)
        Rows Removed by Filter: 15295532
  ->  Hash  (cost=201660.56..201660.56 rows=1291924 width=8) (actual time=5125.801..5125.801 rows=1261634 loops=1)
        Buckets: 131072  Batches: 32  Memory Usage: 2550kB
        ->  Hash Join  (cost=102767.86..201660.56 rows=1291924 width=8) (actual time=2147.917..4724.942 rows=1261634 loops=1)
              Hash Cond: (mc.movie_id = t.id)
              ->  Seq Scan on movie_companies mc  (cost=0.00..57926.93 rows=1291924 width=4) (actual time=146.176..1169.063 rows=1261634 loops=1)
                    Filter: ((company_id < 174464) AND (company_type_id = 2))
                    Rows Removed by Filter: 1347495
              ->  Hash  (cost=61283.27..61283.27 rows=2528527 width=4) (actual time=2000.453..2000.453 rows=2528312 loops=1)
                    Buckets: 131072  Batches: 64  Memory Usage: 2415kB
                    ->  Seq Scan on title t  (cost=0.00..61283.27 rows=2528527 width=4) (actual time=0.030..1150.976 rows=2528312 loops=1)
Planning time: 1.140 ms
Execution time: 37365.400 ms
