Hash Join  (cost=187631.75..1056938.85 rows=2064510 width=0) (actual time=4764.876..24502.285 rows=9196583 loops=1)
  Hash Cond: (ci.movie_id = t.id)
  ->  Seq Scan on cast_info ci  (cost=0.00..796071.18 rows=4120219 width=4) (actual time=393.607..13857.354 rows=8386590 loops=1)
        Filter: ((person_id < 1144044) AND (role_id < 2))
        Rows Removed by Filter: 27857754
  ->  Hash  (cost=166844.70..166844.70 rows=1266964 width=8) (actual time=4369.969..4369.969 rows=1324999 loops=1)
        Buckets: 131072  Batches: 32  Memory Usage: 2644kB
        ->  Hash Join  (cost=105689.54..166844.70 rows=1266964 width=8) (actual time=2055.268..3981.865 rows=1324999 loops=1)
              Hash Cond: (mi_idx.movie_id = t.id)
              ->  Seq Scan on movie_info_idx mi_idx  (cost=0.00..21735.35 rows=1380035 width=4) (actual time=0.023..458.851 rows=1380035 loops=1)
              ->  Hash  (cost=67604.59..67604.59 rows=2321356 width=4) (actual time=2054.439..2054.439 rows=2315087 loops=1)
                    Buckets: 131072  Batches: 32  Memory Usage: 3571kB
                    ->  Seq Scan on title t  (cost=0.00..67604.59 rows=2321356 width=4) (actual time=0.018..1344.497 rows=2315087 loops=1)
                          Filter: (production_year > 1939)
                          Rows Removed by Filter: 213225
Planning time: 1.249 ms
Execution time: 25357.324 ms
