Hash Join  (cost=92883.59..1097550.81 rows=6529276 width=0) (actual time=5261.255..27551.601 rows=7230604 loops=1)
  Hash Cond: (ci.movie_id = t.id)
  ->  Seq Scan on cast_info ci  (cost=0.00..796071.18 rows=10714856 width=4) (actual time=3018.910..16707.833 rows=12670688 loops=1)
        Filter: ((person_id < 3068248) AND (role_id = 1))
        Rows Removed by Filter: 23573656
  ->  Hash  (cost=67604.59..67604.59 rows=1540800 width=4) (actual time=2241.165..2241.165 rows=1543264 loops=1)
        Buckets: 131072  Batches: 32  Memory Usage: 2722kB
        ->  Seq Scan on title t  (cost=0.00..67604.59 rows=1540800 width=4) (actual time=0.037..1360.046 rows=1543264 loops=1)
              Filter: (kind_id = 7)
              Rows Removed by Filter: 985048
Planning time: 0.799 ms
Execution time: 28242.168 ms
