Hash Join  (cost=97474.38..188586.30 rows=22885 width=0) (actual time=2058.385..3693.018 rows=9484 loops=1)
  Hash Cond: (mk.movie_id = t.id)
  ->  Seq Scan on movie_keyword mk  (cost=0.00..81003.12 rows=2634651 width=4) (actual time=0.022..1452.534 rows=2628480 loops=1)
        Filter: (keyword_id < 7156)
        Rows Removed by Filter: 1895450
  ->  Hash  (cost=97199.85..97199.85 rows=21963 width=8) (actual time=1842.832..1842.832 rows=8604 loops=1)
        Buckets: 32768  Batches: 1  Memory Usage: 593kB
        ->  Hash Join  (cost=68363.15..97199.85 rows=21963 width=8) (actual time=1108.430..1839.308 rows=8604 loops=1)
              Hash Cond: (mi_idx.movie_id = t.id)
              ->  Seq Scan on movie_info_idx mi_idx  (cost=0.00..25185.44 rows=915101 width=4) (actual time=0.016..504.722 rows=919850 loops=1)
                    Filter: (info_type_id < 101)
                    Rows Removed by Filter: 460185
              ->  Hash  (cost=67604.59..67604.59 rows=60685 width=4) (actual time=1107.526..1107.526 rows=59847 loops=1)
                    Buckets: 65536  Batches: 1  Memory Usage: 2616kB
                    ->  Seq Scan on title t  (cost=0.00..67604.59 rows=60685 width=4) (actual time=0.018..1085.317 rows=59847 loops=1)
                          Filter: (production_year < 1915)
                          Rows Removed by Filter: 2468465
Planning time: 1.151 ms
Execution time: 3694.682 ms
