Hash Join  (cost=67697.55..432786.99 rows=43351 width=0) (actual time=1065.110..8666.704 rows=30703 loops=1)
  Hash Cond: (mi.movie_id = t.id)
  ->  Seq Scan on movie_info mi  (cost=0.00..309384.22 rows=14739122 width=4) (actual time=0.009..4743.933 rows=14835720 loops=1)
  ->  Hash  (cost=67604.59..67604.59 rows=7437 width=4) (actual time=1065.013..1065.013 rows=2507 loops=1)
        Buckets: 8192  Batches: 1  Memory Usage: 153kB
        ->  Seq Scan on title t  (cost=0.00..67604.59 rows=7437 width=4) (actual time=98.106..1063.693 rows=2507 loops=1)
              Filter: (production_year = 1931)
              Rows Removed by Filter: 2525805
Planning time: 0.604 ms
Execution time: 8672.655 ms
