Hash Join  (cost=103055.83..206623.89 rows=1832112 width=0) (actual time=2148.478..5008.017 rows=1287264 loops=1)
  Hash Cond: (mc.movie_id = t.id)
  ->  Seq Scan on movie_companies mc  (cost=0.00..44881.29 rows=2609129 width=4) (actual time=0.021..915.884 rows=2609129 loops=1)
  ->  Hash  (cost=73925.90..73925.90 rows=1775514 width=4) (actual time=2147.441..2147.441 rows=1799906 loops=1)
        Buckets: 131072  Batches: 32  Memory Usage: 3007kB
        ->  Seq Scan on title t  (cost=0.00..73925.90 rows=1775514 width=4) (actual time=0.018..1574.202 rows=1799906 loops=1)
              Filter: ((kind_id > 1) AND (production_year > 1913))
              Rows Removed by Filter: 728406
Planning time: 0.730 ms
Execution time: 5156.940 ms
