Seq Scan on movie_keyword mk  (cost=0.00..81003.12 rows=246 width=0) (actual time=7.572..1227.488 rows=892 loops=1)
  Filter: (keyword_id = 2182)
  Rows Removed by Filter: 4523038
Planning time: 0.259 ms
Execution time: 1227.900 ms
