Seq Scan on cast_info ci  (cost=0.00..796071.18 rows=1543634 width=0) (actual time=9689.805..11140.559 rows=1056485 loops=1)
  Filter: ((person_id < 1375993) AND (role_id = 3))
  Rows Removed by Filter: 35187859
Planning time: 0.302 ms
Execution time: 11241.946 ms
