Seq Scan on movie_companies mc  (cost=0.00..57926.93 rows=53 width=0) (actual time=1.407..767.659 rows=149 loops=1)
  Filter: ((company_id = 15809) AND (company_type_id = 2))
  Rows Removed by Filter: 2608980
Planning time: 0.267 ms
Execution time: 767.786 ms
