Hash Join  (cost=151651.17..211010.61 rows=399 width=0) (actual time=2707.246..3529.068 rows=3817 loops=1)
  Hash Cond: (mc.movie_id = t.id)
  ->  Seq Scan on movie_companies mc  (cost=0.00..57926.93 rows=380939 width=4) (actual time=0.026..963.585 rows=538086 loops=1)
        Filter: ((company_id < 1609) AND (company_type_id = 1))
        Rows Removed by Filter: 2071043
  ->  Hash  (cost=151618.07..151618.07 rows=2648 width=8) (actual time=2482.788..2482.788 rows=2353 loops=1)
        Buckets: 4096  Batches: 1  Memory Usage: 124kB
        ->  Hash Join  (cost=69460.45..151618.07 rows=2648 width=8) (actual time=1168.258..2481.769 rows=2353 loops=1)
              Hash Cond: (mk.movie_id = t.id)
              ->  Seq Scan on movie_keyword mk  (cost=0.00..81003.12 rows=59203 width=4) (actual time=28.775..1305.639 rows=55959 loops=1)
                    Filter: (keyword_id > 96866)
                    Rows Removed by Filter: 4467971
              ->  Hash  (cost=67604.59..67604.59 rows=113109 width=4) (actual time=1138.203..1138.203 rows=119565 loops=1)
                    Buckets: 131072  Batches: 2  Memory Usage: 3121kB
                    ->  Seq Scan on title t  (cost=0.00..67604.59 rows=113109 width=4) (actual time=0.018..1091.648 rows=119565 loops=1)
                          Filter: (production_year = 2007)
                          Rows Removed by Filter: 2408747
Planning time: 1.085 ms
Execution time: 3529.682 ms
