Hash Join  (cost=28268.91..779072.69 rows=1463 width=0) (actual time=427.140..16767.396 rows=25786 loops=1)
  Hash Cond: (ci.movie_id = t.id)
  ->  Seq Scan on cast_info ci  (cost=0.00..614943.12 rows=36225612 width=4) (actual time=0.015..9295.184 rows=36244344 loops=1)
  ->  Hash  (cost=28267.64..28267.64 rows=102 width=8) (actual time=426.469..426.469 rows=233 loops=1)
        Buckets: 1024  Batches: 1  Memory Usage: 18kB
        ->  Nested Loop  (cost=0.43..28267.64 rows=102 width=8) (actual time=351.932..426.360 rows=233 loops=1)
              ->  Seq Scan on movie_info_idx mi_idx  (cost=0.00..25185.44 rows=368 width=4) (actual time=351.868..422.446 rows=260 loops=1)
                    Filter: (info_type_id > 101)
                    Rows Removed by Filter: 1379775
              ->  Index Scan using title_pkey on title t  (cost=0.43..8.37 rows=1 width=4) (actual time=0.014..0.014 rows=1 loops=260)
                    Index Cond: (id = mi_idx.movie_id)
                    Filter: ((kind_id < 7) AND (production_year < 2009))
                    Rows Removed by Filter: 0
Planning time: 3.368 ms
Execution time: 16774.294 ms
