Hash Join  (cost=348463.02..1117801.79 rows=21954812 width=0) (actual time=8267.554..64915.363 rows=198338169 loops=1)
  Hash Cond: (mi.movie_id = t.id)
  ->  Seq Scan on movie_info mi  (cost=0.00..309384.22 rows=14739122 width=4) (actual time=0.014..6320.194 rows=14835720 loops=1)
  ->  Hash  (cost=286670.09..286670.09 rows=3766394 width=8) (actual time=8265.675..8265.675 rows=3580575 loops=1)
        Buckets: 131072  Batches: 64  Memory Usage: 3247kB
        ->  Hash Join  (cost=102951.51..286670.09 rows=3766394 width=8) (actual time=2168.511..7285.664 rows=3580575 loops=1)
              Hash Cond: (mk.movie_id = t.id)
              ->  Seq Scan on movie_keyword mk  (cost=0.00..81003.12 rows=4420303 width=4) (actual time=0.018..1926.273 rows=4422041 loops=1)
                    Filter: (keyword_id < 81842)
                    Rows Removed by Filter: 101889
              ->  Hash  (cost=67604.59..67604.59 rows=2154474 width=4) (actual time=2167.130..2167.130 rows=2146684 loops=1)
                    Buckets: 131072  Batches: 32  Memory Usage: 3394kB
                    ->  Seq Scan on title t  (cost=0.00..67604.59 rows=2154474 width=4) (actual time=0.020..1481.312 rows=2146684 loops=1)
                          Filter: (production_year > 1965)
                          Rows Removed by Filter: 381628
Planning time: 0.770 ms
Execution time: 85372.672 ms
