Hash Join  (cost=133278.95..533265.66 rows=19572 width=0) (actual time=2186.040..11441.010 rows=75248 loops=1)
  Hash Cond: (mi.movie_id = t.id)
  ->  Seq Scan on movie_info mi  (cost=0.00..346232.03 rows=14282391 width=4) (actual time=0.019..6787.234 rows=14308956 loops=1)
        Filter: (info_type_id < 103)
        Rows Removed by Filter: 526764
  ->  Hash  (cost=133235.64..133235.64 rows=3465 width=8) (actual time=2184.273..2184.273 rows=5961 loops=1)
        Buckets: 8192 (originally 4096)  Batches: 1 (originally 1)  Memory Usage: 297kB
        ->  Hash Join  (cost=74809.10..133235.64 rows=3465 width=8) (actual time=1680.174..2181.637 rows=5961 loops=1)
              Hash Cond: (mc.movie_id = t.id)
              ->  Seq Scan on movie_companies mc  (cost=0.00..57926.93 rows=123986 width=4) (actual time=371.270..810.520 rows=190630 loops=1)
                    Filter: ((company_id < 119) AND (company_type_id < 2))
                    Rows Removed by Filter: 2418499
              ->  Hash  (cost=73925.90..73925.90 rows=70656 width=4) (actual time=1308.125..1308.125 rows=79548 loops=1)
                    Buckets: 131072  Batches: 1  Memory Usage: 3821kB
                    ->  Seq Scan on title t  (cost=0.00..73925.90 rows=70656 width=4) (actual time=0.035..1276.128 rows=79548 loops=1)
                          Filter: ((kind_id > 1) AND (production_year = 2005))
                          Rows Removed by Filter: 2448764
Planning time: 1.218 ms
Execution time: 11453.282 ms
