Seq Scan on movie_keyword mk  (cost=0.00..81003.12 rows=246 width=0) (actual time=17.089..1239.951 rows=38 loops=1)
  Filter: (keyword_id = 21199)
  Rows Removed by Filter: 4523892
Planning time: 0.338 ms
Execution time: 1240.071 ms
