Hash Join  (cost=139609.47..271201.56 rows=787105 width=0) (actual time=3268.907..8356.606 rows=7025430 loops=1)
  Hash Cond: (mk.movie_id = t.id)
  ->  Seq Scan on movie_keyword mk  (cost=0.00..69693.30 rows=4523930 width=4) (actual time=0.023..1460.247 rows=4523930 loops=1)
  ->  Hash  (cost=132391.33..132391.33 rows=439931 width=8) (actual time=3268.132..3268.132 rows=765550 loops=1)
        Buckets: 131072 (originally 131072)  Batches: 16 (originally 8)  Memory Usage: 3073kB
        ->  Hash Join  (cost=87150.54..132391.33 rows=439931 width=8) (actual time=1532.177..3013.886 rows=765550 loops=1)
              Hash Cond: (mi_idx.movie_id = t.id)
              ->  Seq Scan on movie_info_idx mi_idx  (cost=0.00..21735.35 rows=1380035 width=4) (actual time=0.013..467.648 rows=1380035 loops=1)
              ->  Hash  (cost=73925.90..73925.90 rows=806051 width=4) (actual time=1531.107..1531.107 rows=719730 loops=1)
                    Buckets: 131072  Batches: 16  Memory Usage: 2606kB
                    ->  Seq Scan on title t  (cost=0.00..73925.90 rows=806051 width=4) (actual time=0.015..1299.040 rows=719730 loops=1)
                          Filter: ((kind_id < 7) AND (production_year > 1971))
                          Rows Removed by Filter: 1808582
Planning time: 1.697 ms
Execution time: 9151.111 ms
