Seq Scan on title t  (cost=0.00..73925.90 rows=1963 width=0) (actual time=35.605..1314.494 rows=2915 loops=1)
  Filter: ((kind_id < 2) AND (production_year = 1927))
  Rows Removed by Filter: 2525397
Planning time: 0.349 ms
Execution time: 1315.307 ms
