Hash Join  (cost=113600.06..478355.54 rows=9958 width=0) (actual time=1528.444..8909.170 rows=246001 loops=1)
  Hash Cond: (mi.movie_id = t.id)
  ->  Seq Scan on movie_info mi  (cost=0.00..309384.22 rows=14739122 width=4) (actual time=0.017..4304.224 rows=14835720 loops=1)
  ->  Hash  (cost=113578.71..113578.71 rows=1708 width=8) (actual time=1528.227..1528.227 rows=3589 loops=1)
        Buckets: 4096 (originally 2048)  Batches: 1 (originally 1)  Memory Usage: 173kB
        ->  Nested Loop  (cost=0.43..113578.71 rows=1708 width=8) (actual time=0.225..1525.763 rows=3589 loops=1)
              ->  Seq Scan on movie_keyword mk  (cost=0.00..81003.12 rows=4373 width=4) (actual time=0.167..1347.150 rows=4217 loops=1)
                    Filter: (keyword_id = 394)
                    Rows Removed by Filter: 4519713
              ->  Index Scan using title_pkey on title t  (cost=0.43..7.44 rows=1 width=4) (actual time=0.041..0.041 rows=1 loops=4217)
                    Index Cond: (id = mk.movie_id)
                    Filter: (kind_id < 7)
                    Rows Removed by Filter: 0
Planning time: 1.155 ms
Execution time: 8944.731 ms
