Hash Join  (cost=102767.86..978570.93 rows=2903009 width=0) (actual time=10895.406..20938.818 rows=3865284 loops=1)
  Hash Cond: (ci.movie_id = t.id)
  ->  Seq Scan on cast_info ci  (cost=0.00..796071.18 rows=2903009 width=4) (actual time=8927.696..15265.728 rows=3865284 loops=1)
        Filter: ((person_id > 1159736) AND (role_id = 10))
        Rows Removed by Filter: 32379060
  ->  Hash  (cost=61283.27..61283.27 rows=2528527 width=4) (actual time=1965.635..1965.635 rows=2528312 loops=1)
        Buckets: 131072  Batches: 64  Memory Usage: 2415kB
        ->  Seq Scan on title t  (cost=0.00..61283.27 rows=2528527 width=4) (actual time=0.022..1155.534 rows=2528312 loops=1)
Planning time: 0.743 ms
Execution time: 21408.012 ms
