Seq Scan on movie_keyword mk  (cost=0.00..81003.12 rows=246 width=0) (actual time=37.633..1264.442 rows=60 loops=1)
  Filter: (keyword_id = 24340)
  Rows Removed by Filter: 4523870
Planning time: 0.344 ms
Execution time: 1264.583 ms
