Seq Scan on movie_keyword mk  (cost=0.00..81003.12 rows=3591384 width=0) (actual time=0.028..1642.165 rows=3585090 loops=1)
  Filter: (keyword_id < 20190)
  Rows Removed by Filter: 938840
Planning time: 0.326 ms
Execution time: 2088.348 ms
