Hash Join  (cost=100251.19..905949.69 rows=15650 width=0) (actual time=10583.317..16557.828 rows=81040 loops=1)
  Hash Cond: (ci.movie_id = t.id)
  ->  Seq Scan on cast_info ci  (cost=0.00..796071.18 rows=2525552 width=4) (actual time=8848.943..13973.707 rows=3737326 loops=1)
        Filter: ((person_id > 1474878) AND (role_id = 10))
        Rows Removed by Filter: 32507018
  ->  Hash  (cost=100055.34..100055.34 rows=15668 width=8) (actual time=1734.122..1734.122 rows=17040 loops=1)
        Buckets: 32768 (originally 16384)  Batches: 1 (originally 1)  Memory Usage: 922kB
        ->  Hash Join  (cost=69002.72..100055.34 rows=15668 width=8) (actual time=1072.457..1727.356 rows=17040 loops=1)
              Hash Cond: (mi_idx.movie_id = t.id)
              ->  Seq Scan on movie_info_idx mi_idx  (cost=0.00..25185.44 rows=464934 width=4) (actual time=0.032..471.686 rows=460185 loops=1)
                    Filter: (info_type_id > 100)
                    Rows Removed by Filter: 919850
              ->  Hash  (cost=67604.59..67604.59 rows=85211 width=4) (actual time=1071.580..1071.580 rows=84593 loops=1)
                    Buckets: 131072  Batches: 2  Memory Usage: 2518kB
                    ->  Seq Scan on title t  (cost=0.00..67604.59 rows=85211 width=4) (actual time=0.020..1038.757 rows=84593 loops=1)
                          Filter: (production_year = 2004)
                          Rows Removed by Filter: 2443719
Planning time: 1.419 ms
Execution time: 16570.322 ms
