Hash Join  (cost=74394.67..172002.00 rows=63171 width=0) (actual time=1056.621..3313.494 rows=137642 loops=1)
  Hash Cond: (mk.movie_id = t.id)
  ->  Seq Scan on movie_keyword mk  (cost=0.00..81003.12 rows=4259332 width=4) (actual time=0.021..1575.363 rows=4258137 loops=1)
        Filter: (keyword_id < 58945)
        Rows Removed by Filter: 265793
  ->  Hash  (cost=73925.90..73925.90 rows=37501 width=4) (actual time=1056.071..1056.071 rows=32253 loops=1)
        Buckets: 65536  Batches: 1  Memory Usage: 1646kB
        ->  Seq Scan on title t  (cost=0.00..73925.90 rows=37501 width=4) (actual time=0.085..1042.553 rows=32253 loops=1)
              Filter: ((kind_id < 7) AND (production_year = 2005))
              Rows Removed by Filter: 2496059
Planning time: 0.660 ms
Execution time: 3331.137 ms
