Seq Scan on cast_info ci  (cost=0.00..796071.18 rows=18121849 width=0) (actual time=0.027..14848.848 rows=21296351 loops=1)
  Filter: ((person_id > 799980) AND (role_id > 1))
  Rows Removed by Filter: 14947993
Planning time: 0.332 ms
Execution time: 17381.790 ms
