Hash Join  (cost=69004.48..426758.80 rows=1656 width=0) (actual time=1737.624..7048.250 rows=391 loops=1)
  Hash Cond: (mi.movie_id = t.id)
  ->  Seq Scan on movie_info mi  (cost=0.00..346232.03 rows=3068194 width=4) (actual time=0.025..5656.813 rows=3036719 loops=1)
        Filter: (info_type_id = 16)
        Rows Removed by Filter: 11799001
  ->  Hash  (cost=68987.42..68987.42 rows=1365 width=8) (actual time=981.170..981.170 rows=367 loops=1)
        Buckets: 2048  Batches: 1  Memory Usage: 31kB
        ->  Nested Loop  (cost=0.43..68987.42 rows=1365 width=8) (actual time=409.491..980.914 rows=367 loops=1)
              ->  Seq Scan on movie_companies mc  (cost=0.00..57926.93 rows=1365 width=4) (actual time=409.390..960.718 rows=367 loops=1)
                    Filter: ((company_type_id < 2) AND (company_id = 13543))
                    Rows Removed by Filter: 2608762
              ->  Index Only Scan using title_pkey on title t  (cost=0.43..8.09 rows=1 width=4) (actual time=0.053..0.054 rows=1 loops=367)
                    Index Cond: (id = mc.movie_id)
                    Heap Fetches: 367
Planning time: 1.948 ms
Execution time: 7048.455 ms
