Hash Join  (cost=205067.29..711357.61 rows=2482039 width=0) (actual time=4295.274..17532.779 rows=2755540 loops=1)
  Hash Cond: (mi.movie_id = t.id)
  ->  Seq Scan on movie_info mi  (cost=0.00..309384.22 rows=14739122 width=4) (actual time=0.013..6142.462 rows=14835720 loops=1)
  ->  Hash  (cost=198080.81..198080.81 rows=425799 width=8) (actual time=4294.044..4294.044 rows=178945 loops=1)
        Buckets: 131072  Batches: 8  Memory Usage: 1905kB
        ->  Hash Join  (cost=98137.04..198080.81 rows=425799 width=8) (actual time=1984.528..4246.582 rows=178945 loops=1)
              Hash Cond: (mk.movie_id = t.id)
              ->  Seq Scan on movie_keyword mk  (cost=0.00..81003.12 rows=578531 width=4) (actual time=42.193..1422.559 rows=575846 loops=1)
                    Filter: (keyword_id > 31852)
                    Rows Removed by Filter: 3948084
              ->  Hash  (cost=67604.59..67604.59 rows=1860996 width=4) (actual time=1940.704..1940.704 rows=1865487 loops=1)
                    Buckets: 131072  Batches: 32  Memory Usage: 3085kB
                    ->  Seq Scan on title t  (cost=0.00..67604.59 rows=1860996 width=4) (actual time=0.025..1337.659 rows=1865487 loops=1)
                          Filter: (kind_id > 1)
                          Rows Removed by Filter: 662825
Planning time: 0.763 ms
Execution time: 17845.264 ms
