Hash Join  (cost=102767.86..211831.71 rows=755614 width=0) (actual time=1933.304..4392.336 rows=763325 loops=1)
  Hash Cond: (mk.movie_id = t.id)
  ->  Seq Scan on movie_keyword mk  (cost=0.00..81003.12 rows=755614 width=4) (actual time=0.016..1417.568 rows=763325 loops=1)
        Filter: (keyword_id > 24551)
        Rows Removed by Filter: 3760605
  ->  Hash  (cost=61283.27..61283.27 rows=2528527 width=4) (actual time=1931.585..1931.585 rows=2528312 loops=1)
        Buckets: 131072  Batches: 64  Memory Usage: 2425kB
        ->  Seq Scan on title t  (cost=0.00..61283.27 rows=2528527 width=4) (actual time=0.011..1070.105 rows=2528312 loops=1)
Planning time: 0.553 ms
Execution time: 4485.879 ms
