Hash Join  (cost=95609.14..508534.48 rows=2071235 width=0) (actual time=2577.072..9907.461 rows=2168947 loops=1)
  Hash Cond: (mi.movie_id = t.id)
  ->  Seq Scan on movie_info mi  (cost=0.00..346232.03 rows=3068194 width=4) (actual time=740.708..5616.425 rows=3036719 loops=1)
        Filter: (info_type_id = 16)
        Rows Removed by Filter: 11799001
  ->  Hash  (cost=67604.59..67604.59 rows=1706924 width=4) (actual time=1834.822..1834.822 rows=1700316 loops=1)
        Buckets: 131072  Batches: 32  Memory Usage: 2903kB
        ->  Seq Scan on title t  (cost=0.00..67604.59 rows=1706924 width=4) (actual time=0.033..1273.708 rows=1700316 loops=1)
              Filter: (production_year > 1992)
              Rows Removed by Filter: 827996
Planning time: 2.666 ms
Execution time: 10168.676 ms
