Nested Loop  (cost=0.43..52283.95 rows=77 width=0) (actual time=2061.943..2395.391 rows=4 loops=1)
  ->  Seq Scan on movie_companies mc  (cost=0.00..51404.11 rows=104 width=4) (actual time=2061.880..2394.375 rows=23 loops=1)
        Filter: (company_id = 10620)
        Rows Removed by Filter: 2609106
  ->  Index Scan using title_pkey on title t  (cost=0.43..8.45 rows=1 width=4) (actual time=0.040..0.040 rows=0 loops=23)
        Index Cond: (id = mc.movie_id)
        Filter: (kind_id > 1)
        Rows Removed by Filter: 1
Planning time: 0.796 ms
Execution time: 2395.498 ms
