Seq Scan on cast_info ci  (cost=0.00..796071.18 rows=8737958 width=0) (actual time=0.024..15804.345 rows=12670688 loops=1)
  Filter: ((person_id < 2565418) AND (role_id = 1))
  Rows Removed by Filter: 23573656
Planning time: 0.384 ms
Execution time: 17339.306 ms
