Hash Join  (cost=299355.01..1220085.81 rows=8928752 width=0) (actual time=5800.524..23656.671 rows=5809429 loops=1)
  Hash Cond: (ci.movie_id = t.id)
  ->  Seq Scan on cast_info ci  (cost=0.00..705507.15 rows=8189621 width=4) (actual time=0.024..12521.388 rows=8136531 loops=1)
        Filter: (person_id > 2867338)
        Rows Removed by Filter: 28107813
  ->  Hash  (cost=254126.86..254126.86 rows=2756732 width=8) (actual time=5795.513..5795.513 rows=645461 loops=1)
        Buckets: 131072  Batches: 64  Memory Usage: 1402kB
        ->  Hash Join  (cost=92883.59..254126.86 rows=2756732 width=8) (actual time=3500.778..5595.022 rows=645461 loops=1)
              Hash Cond: (mk.movie_id = t.id)
              ->  Seq Scan on movie_keyword mk  (cost=0.00..69693.30 rows=4523930 width=4) (actual time=0.013..1490.175 rows=4523930 loops=1)
              ->  Hash  (cost=67604.59..67604.59 rows=1540800 width=4) (actual time=1711.428..1711.428 rows=1543264 loops=1)
                    Buckets: 131072  Batches: 32  Memory Usage: 2728kB
                    ->  Seq Scan on title t  (cost=0.00..67604.59 rows=1540800 width=4) (actual time=0.025..1210.452 rows=1543264 loops=1)
                          Filter: (kind_id = 7)
                          Rows Removed by Filter: 985048
Planning time: 1.106 ms
Execution time: 24309.619 ms
