Hash Join  (cost=133893.51..260553.60 rows=382305 width=0) (actual time=2998.822..6168.278 rows=290696 loops=1)
  Hash Cond: (mk.movie_id = t.id)
  ->  Seq Scan on movie_keyword mk  (cost=0.00..69693.30 rows=4523930 width=4) (actual time=0.024..1474.998 rows=4523930 loops=1)
  ->  Hash  (cost=130387.53..130387.53 rows=213679 width=8) (actual time=2997.977..2997.977 rows=116440 loops=1)
        Buckets: 131072  Batches: 4  Memory Usage: 2166kB
        ->  Hash Join  (cost=93155.63..130387.53 rows=213679 width=8) (actual time=1758.697..2963.062 rows=116440 loops=1)
              Hash Cond: (mi_idx.movie_id = t.id)
              ->  Seq Scan on movie_info_idx mi_idx  (cost=0.00..25185.44 rows=460978 width=4) (actual time=0.016..498.129 rows=459925 loops=1)
                    Filter: (info_type_id < 100)
                    Rows Removed by Filter: 920110
              ->  Hash  (cost=73925.90..73925.90 rows=1172058 width=4) (actual time=1757.544..1757.544 rows=1128906 loops=1)
                    Buckets: 131072  Batches: 16  Memory Usage: 3503kB
                    ->  Seq Scan on title t  (cost=0.00..73925.90 rows=1172058 width=4) (actual time=7.161..1407.469 rows=1128906 loops=1)
                          Filter: ((production_year < 2010) AND (kind_id = 7))
                          Rows Removed by Filter: 1399406
Planning time: 13.779 ms
Execution time: 6202.385 ms
