Hash Join  (cost=88359.31..166240.01 rows=453359 width=0) (actual time=1958.623..3664.583 rows=625262 loops=1)
  Hash Cond: (mc.movie_id = t.id)
  ->  Seq Scan on movie_companies mc  (cost=0.00..57926.93 rows=906178 width=4) (actual time=303.409..1150.476 rows=1095228 loops=1)
        Filter: ((company_id > 2002) AND (company_type_id = 2))
        Rows Removed by Filter: 1513901
  ->  Hash  (cost=67604.59..67604.59 rows=1265018 width=4) (actual time=1653.720..1653.720 rows=1263700 loops=1)
        Buckets: 131072  Batches: 32  Memory Usage: 2410kB
        ->  Seq Scan on title t  (cost=0.00..67604.59 rows=1265018 width=4) (actual time=0.027..1251.276 rows=1263700 loops=1)
              Filter: (production_year < 2004)
              Rows Removed by Filter: 1264612
Planning time: 0.744 ms
Execution time: 3727.164 ms
