Seq Scan on cast_info ci  (cost=0.00..705507.15 rows=500 width=0) (actual time=4101.503..10929.774 rows=37 loops=1)
  Filter: (person_id = 724023)
  Rows Removed by Filter: 36244307
Planning time: 0.353 ms
Execution time: 10929.863 ms
