Hash Join  (cost=82423.69..207977.96 rows=968194 width=0) (actual time=1439.114..4600.568 rows=620987 loops=1)
  Hash Cond: (mk.movie_id = t.id)
  ->  Seq Scan on movie_keyword mk  (cost=0.00..81003.12 rows=2710456 width=4) (actual time=0.022..1636.983 rows=2709166 loops=1)
        Filter: (keyword_id < 7651)
        Rows Removed by Filter: 1814764
  ->  Hash  (cost=67604.59..67604.59 rows=903208 width=4) (actual time=1437.942..1437.942 rows=904491 loops=1)
        Buckets: 131072  Batches: 16  Memory Usage: 3017kB
        ->  Seq Scan on title t  (cost=0.00..67604.59 rows=903208 width=4) (actual time=0.032..1139.258 rows=904491 loops=1)
              Filter: (production_year > 2006)
              Rows Removed by Filter: 1623821
Planning time: 0.700 ms
Execution time: 4679.520 ms
