Seq Scan on movie_keyword mk  (cost=0.00..81003.12 rows=2169717 width=0) (actual time=0.027..1476.700 rows=2169642 loops=1)
  Filter: (keyword_id > 5279)
  Rows Removed by Filter: 2354288
Planning time: 0.293 ms
Execution time: 1749.216 ms
