Seq Scan on movie_keyword mk  (cost=0.00..81003.12 rows=365959 width=0) (actual time=0.023..1205.148 rows=363603 loops=1)
  Filter: (keyword_id > 46050)
  Rows Removed by Filter: 4160327
Planning time: 0.290 ms
Execution time: 1251.512 ms
