Hash Join  (cost=120801.60..607937.17 rows=686863 width=0) (actual time=2265.491..15603.313 rows=3314156 loops=1)
  Hash Cond: (mi.movie_id = t.id)
  ->  Seq Scan on movie_info mi  (cost=0.00..309384.22 rows=14739122 width=4) (actual time=0.014..6241.519 rows=14835720 loops=1)
  ->  Hash  (cost=118867.69..118867.69 rows=117833 width=8) (actual time=2264.645..2264.645 rows=187914 loops=1)
        Buckets: 131072 (originally 131072)  Batches: 4 (originally 2)  Memory Usage: 3073kB
        ->  Hash Join  (cost=84689.96..118867.69 rows=117833 width=8) (actual time=1282.446..2195.262 rows=187914 loops=1)
              Hash Cond: (mi_idx.movie_id = t.id)
              ->  Seq Scan on movie_info_idx mi_idx  (cost=0.00..25185.44 rows=454124 width=4) (actual time=0.022..505.684 rows=459925 loops=1)
                    Filter: (info_type_id = 100)
                    Rows Removed by Filter: 920110
              ->  Hash  (cost=73925.90..73925.90 rows=656084 width=4) (actual time=1281.599..1281.599 rows=555560 loops=1)
                    Buckets: 131072  Batches: 16  Memory Usage: 2241kB
                    ->  Seq Scan on title t  (cost=0.00..73925.90 rows=656084 width=4) (actual time=0.040..1107.781 rows=555560 loops=1)
                          Filter: ((kind_id < 7) AND (production_year > 1993))
                          Rows Removed by Filter: 1972752
Planning time: 1.102 ms
Execution time: 15998.815 ms
