Seq Scan on movie_keyword mk  (cost=0.00..81003.12 rows=246 width=0) (actual time=0.461..1165.524 rows=1624 loops=1)
  Filter: (keyword_id = 3401)
  Rows Removed by Filter: 4522306
Planning time: 0.372 ms
Execution time: 1166.099 ms
