Hash Join  (cost=83113.43..217322.07 rows=1001860 width=0) (actual time=1306.063..4942.032 rows=1688630 loops=1)
  Hash Cond: (mk.movie_id = t.id)
  ->  Seq Scan on movie_keyword mk  (cost=0.00..69693.30 rows=4523930 width=4) (actual time=0.017..1316.405 rows=4523930 loops=1)
  ->  Hash  (cost=73925.90..73925.90 rows=559962 width=4) (actual time=1304.965..1304.965 rows=477167 loops=1)
        Buckets: 131072  Batches: 8  Memory Usage: 3126kB
        ->  Seq Scan on title t  (cost=0.00..73925.90 rows=559962 width=4) (actual time=0.025..1148.845 rows=477167 loops=1)
              Filter: ((kind_id < 7) AND (production_year > 1999))
              Rows Removed by Filter: 2051145
Planning time: 1.406 ms
Execution time: 5142.305 ms
