Hash Join  (cost=76033.02..114928.34 rows=70084 width=0) (actual time=1104.805..1949.694 rows=1785 loops=1)
  Hash Cond: (mi_idx.movie_id = t.id)
  ->  Seq Scan on movie_info_idx mi_idx  (cost=0.00..21735.35 rows=1380035 width=4) (actual time=0.015..418.330 rows=1380035 loops=1)
  ->  Hash  (cost=73925.90..73925.90 rows=128409 width=4) (actual time=1103.920..1103.920 rows=8317 loops=1)
        Buckets: 131072  Batches: 2  Memory Usage: 1172kB
        ->  Seq Scan on title t  (cost=0.00..73925.90 rows=128409 width=4) (actual time=0.069..1099.570 rows=8317 loops=1)
              Filter: ((kind_id > 1) AND (production_year < 1952))
              Rows Removed by Filter: 2519995
Planning time: 0.847 ms
Execution time: 1950.066 ms
