Hash Join  (cost=167864.50..526192.04 rows=58978 width=0) (actual time=5522.677..9152.858 rows=10358 loops=1)
  Hash Cond: (mi.movie_id = t.id)
  ->  Seq Scan on movie_info mi  (cost=0.00..346232.03 rows=3068194 width=4) (actual time=2375.560..5455.817 rows=3036719 loops=1)
        Filter: (info_type_id = 16)
        Rows Removed by Filter: 11799001
  ->  Hash  (cost=167256.93..167256.93 rows=48605 width=8) (actual time=3134.257..3134.257 rows=6482 loops=1)
        Buckets: 65536  Batches: 1  Memory Usage: 766kB
        ->  Hash Join  (cost=74434.21..167256.93 rows=48605 width=8) (actual time=2009.331..3131.938 rows=6482 loops=1)
              Hash Cond: (mk.movie_id = t.id)
              ->  Seq Scan on movie_keyword mk  (cost=0.00..81003.12 rows=3022281 width=4) (actual time=0.018..1606.896 rows=3013165 loops=1)
                    Filter: (keyword_id > 2188)
                    Rows Removed by Filter: 1510765
              ->  Hash  (cost=73925.90..73925.90 rows=40664 width=4) (actual time=1026.568..1026.568 rows=40257 loops=1)
                    Buckets: 65536  Batches: 1  Memory Usage: 1928kB
                    ->  Seq Scan on title t  (cost=0.00..73925.90 rows=40664 width=4) (actual time=0.022..1010.051 rows=40257 loops=1)
                          Filter: ((production_year > 2012) AND (kind_id = 7))
                          Rows Removed by Filter: 2488055
Planning time: 0.687 ms
Execution time: 9154.508 ms
