Hash Join  (cost=101141.00..465989.58 rows=19267 width=0) (actual time=1727.802..7933.705 rows=19755 loops=1)
  Hash Cond: (mi.movie_id = t.id)
  ->  Seq Scan on movie_info mi  (cost=0.00..309384.22 rows=14739122 width=4) (actual time=0.022..3439.736 rows=14835720 loops=1)
  ->  Hash  (cost=101099.68..101099.68 rows=3305 width=8) (actual time=1714.368..1714.368 rows=2407 loops=1)
        Buckets: 4096  Batches: 1  Memory Usage: 127kB
        ->  Hash Join  (cost=74152.53..101099.68 rows=3305 width=8) (actual time=1272.954..1713.341 rows=2407 loops=1)
              Hash Cond: (mi_idx.movie_id = t.id)
              ->  Seq Scan on movie_info_idx mi_idx  (cost=0.00..25185.44 rows=460978 width=4) (actual time=0.034..437.732 rows=459925 loops=1)
                    Filter: (info_type_id = 99)
                    Rows Removed by Filter: 920110
              ->  Hash  (cost=73925.90..73925.90 rows=18130 width=4) (actual time=1161.201..1161.201 rows=18886 loops=1)
                    Buckets: 32768  Batches: 1  Memory Usage: 920kB
                    ->  Seq Scan on title t  (cost=0.00..73925.90 rows=18130 width=4) (actual time=0.050..1152.500 rows=18886 loops=1)
                          Filter: ((kind_id = 7) AND (production_year = 1994))
                          Rows Removed by Filter: 2509426
Planning time: 8.148 ms
Execution time: 7936.705 ms
