Hash Join  (cost=490556.57..631770.07 rows=1576846 width=0) (actual time=10835.934..12252.137 rows=59615 loops=1)
  Hash Cond: (mk.movie_id = t.id)
  ->  Seq Scan on movie_keyword mk  (cost=0.00..69693.30 rows=4523930 width=4) (actual time=0.013..1435.100 rows=4523930 loops=1)
  ->  Hash  (cost=476096.88..476096.88 rows=881335 width=8) (actual time=8535.268..8535.268 rows=13980 loops=1)
        Buckets: 131072  Batches: 16  Memory Usage: 1064kB
        ->  Hash Join  (cost=97512.77..476096.88 rows=881335 width=8) (actual time=6566.785..8529.069 rows=13980 loops=1)
              Hash Cond: (mi.movie_id = t.id)
              ->  Seq Scan on movie_info mi  (cost=0.00..346232.03 rows=1550064 width=4) (actual time=4618.263..5598.988 rows=1533909 loops=1)
                    Filter: (info_type_id = 3)
                    Rows Removed by Filter: 13301811
              ->  Hash  (cost=73925.90..73925.90 rows=1437669 width=4) (actual time=1945.779..1945.779 rows=1478437 loops=1)
                    Buckets: 131072  Batches: 32  Memory Usage: 2656kB
                    ->  Seq Scan on title t  (cost=0.00..73925.90 rows=1437669 width=4) (actual time=0.034..1429.972 rows=1478437 loops=1)
                          Filter: ((production_year > 1924) AND (kind_id = 7))
                          Rows Removed by Filter: 1049875
Planning time: 1.126 ms
Execution time: 12260.008 ms
