Seq Scan on movie_keyword mk  (cost=0.00..81003.12 rows=246 width=0) (actual time=17.579..1192.952 rows=61 loops=1)
  Filter: (keyword_id = 35976)
  Rows Removed by Filter: 4523869
Planning time: 0.355 ms
Execution time: 1193.099 ms
