Seq Scan on movie_keyword mk  (cost=0.00..81003.12 rows=1932724 width=0) (actual time=0.024..1152.373 rows=1941751 loops=1)
  Filter: (keyword_id > 6743)
  Rows Removed by Filter: 2582179
Planning time: 0.322 ms
Execution time: 1380.510 ms
