Seq Scan on cast_info ci  (cost=0.00..705507.15 rows=18478637 width=0) (actual time=2249.615..12822.769 rows=18641215 loops=1)
  Filter: (person_id > 1742052)
  Rows Removed by Filter: 17603129
Planning time: 0.336 ms
Execution time: 15081.689 ms
