Hash Join  (cost=102767.86..297406.09 rows=4311945 width=0) (actual time=1960.344..7207.464 rows=4297070 loops=1)
  Hash Cond: (mk.movie_id = t.id)
  ->  Seq Scan on movie_keyword mk  (cost=0.00..81003.12 rows=4311945 width=4) (actual time=0.026..1755.593 rows=4297070 loops=1)
        Filter: (keyword_id > 184)
        Rows Removed by Filter: 226860
  ->  Hash  (cost=61283.27..61283.27 rows=2528527 width=4) (actual time=1958.740..1958.740 rows=2528312 loops=1)
        Buckets: 131072  Batches: 64  Memory Usage: 2425kB
        ->  Seq Scan on title t  (cost=0.00..61283.27 rows=2528527 width=4) (actual time=0.018..1083.132 rows=2528312 loops=1)
Planning time: 7.866 ms
Execution time: 7709.231 ms
