Hash Join  (cost=83073.49..464845.28 rows=360 width=0) (actual time=1325.111..8809.691 rows=20610 loops=1)
  Hash Cond: (mi.movie_id = t.id)
  ->  Seq Scan on movie_info mi  (cost=0.00..346232.03 rows=9476311 width=4) (actual time=0.010..6031.514 rows=9565151 loops=1)
        Filter: (info_type_id < 16)
        Rows Removed by Filter: 5270569
  ->  Hash  (cost=83072.29..83072.29 rows=96 width=8) (actual time=1325.053..1325.053 rows=697 loops=1)
        Buckets: 1024  Batches: 1  Memory Usage: 36kB
        ->  Nested Loop  (cost=0.43..83072.29 rows=96 width=8) (actual time=0.100..1324.447 rows=697 loops=1)
              ->  Seq Scan on movie_keyword mk  (cost=0.00..81003.12 rows=246 width=4) (actual time=0.039..1296.044 rows=715 loops=1)
                    Filter: (keyword_id = 8821)
                    Rows Removed by Filter: 4523215
              ->  Index Scan using title_pkey on title t  (cost=0.43..8.40 rows=1 width=4) (actual time=0.038..0.038 rows=1 loops=715)
                    Index Cond: (id = mk.movie_id)
                    Filter: (kind_id < 7)
                    Rows Removed by Filter: 0
Planning time: 1.154 ms
Execution time: 8813.373 ms
