Nested Loop  (cost=0.43..83071.67 rows=246 width=0) (actual time=1.173..1277.850 rows=185 loops=1)
  ->  Seq Scan on movie_keyword mk  (cost=0.00..81003.12 rows=246 width=4) (actual time=1.117..1267.945 rows=185 loops=1)
        Filter: (keyword_id = 8148)
        Rows Removed by Filter: 4523745
  ->  Index Only Scan using title_pkey on title t  (cost=0.43..8.40 rows=1 width=4) (actual time=0.050..0.050 rows=1 loops=185)
        Index Cond: (id = mk.movie_id)
        Heap Fetches: 185
Planning time: 0.713 ms
Execution time: 1278.038 ms
