Hash Join  (cost=244144.40..422563.04 rows=3535124 width=0) (actual time=6047.246..16399.157 rows=30524229 loops=1)
  Hash Cond: (mk.movie_id = t.id)
  ->  Seq Scan on movie_keyword mk  (cost=0.00..81003.12 rows=4194254 width=4) (actual time=0.021..1796.327 rows=4177009 loops=1)
        Filter: (keyword_id > 297)
        Rows Removed by Filter: 346921
  ->  Hash  (cost=209179.82..209179.82 rows=2131167 width=8) (actual time=6045.817..6045.817 rows=2289918 loops=1)
        Buckets: 131072  Batches: 32  Memory Usage: 3870kB
        ->  Hash Join  (cost=101489.21..209179.82 rows=2131167 width=8) (actual time=2063.174..5371.958 rows=2289918 loops=1)
              Hash Cond: (mc.movie_id = t.id)
              ->  Seq Scan on movie_companies mc  (cost=0.00..44881.29 rows=2609129 width=4) (actual time=0.014..918.440 rows=2609129 loops=1)
              ->  Hash  (cost=67604.59..67604.59 rows=2065330 width=4) (actual time=2062.306..2062.306 rows=2064552 loops=1)
                    Buckets: 131072  Batches: 32  Memory Usage: 3289kB
                    ->  Seq Scan on title t  (cost=0.00..67604.59 rows=2065330 width=4) (actual time=0.023..1400.924 rows=2064552 loops=1)
                          Filter: (production_year < 2011)
                          Rows Removed by Filter: 463760
Planning time: 1.107 ms
Execution time: 19688.614 ms
