Nested Loop  (cost=0.43..709671.90 rows=500 width=0) (actual time=3190.596..10696.480 rows=39 loops=1)
  ->  Seq Scan on cast_info ci  (cost=0.00..705507.15 rows=500 width=4) (actual time=3190.392..10695.735 rows=39 loops=1)
        Filter: (person_id = 2348791)
        Rows Removed by Filter: 36244305
  ->  Index Only Scan using title_pkey on title t  (cost=0.43..8.32 rows=1 width=4) (actual time=0.016..0.016 rows=1 loops=39)
        Index Cond: (id = ci.movie_id)
        Heap Fetches: 39
Planning time: 0.727 ms
Execution time: 10696.562 ms
