Seq Scan on movie_companies mc  (cost=0.00..51404.11 rows=104 width=0) (actual time=0.690..740.095 rows=325 loops=1)
  Filter: (company_id = 343)
  Rows Removed by Filter: 2608804
Planning time: 0.385 ms
Execution time: 740.246 ms
