Hash Join  (cost=206782.01..752262.59 rows=6154965 width=0) (actual time=4521.830..22853.834 rows=19557098 loops=1)
  Hash Cond: (mi.movie_id = t.id)
  ->  Seq Scan on movie_info mi  (cost=0.00..309384.22 rows=14739122 width=4) (actual time=0.024..5926.099 rows=14835720 loops=1)
  ->  Hash  (cost=189458.30..189458.30 rows=1055897 width=8) (actual time=4520.024..4520.024 rows=1065534 loops=1)
        Buckets: 131072  Batches: 16  Memory Usage: 3654kB
        ->  Hash Join  (cost=102767.86..189458.30 rows=1055897 width=8) (actual time=1884.661..4196.526 rows=1065534 loops=1)
              Hash Cond: (mc.movie_id = t.id)
              ->  Seq Scan on movie_companies mc  (cost=0.00..51404.11 rows=1055897 width=4) (actual time=0.030..1000.877 rows=1065534 loops=1)
                    Filter: (company_id > 14597)
                    Rows Removed by Filter: 1543595
              ->  Hash  (cost=61283.27..61283.27 rows=2528527 width=4) (actual time=1883.852..1883.852 rows=2528312 loops=1)
                    Buckets: 131072  Batches: 64  Memory Usage: 2415kB
                    ->  Seq Scan on title t  (cost=0.00..61283.27 rows=2528527 width=4) (actual time=0.011..1055.646 rows=2528312 loops=1)
Planning time: 1.231 ms
Execution time: 24914.391 ms
