Seq Scan on movie_companies mc  (cost=0.00..57926.93 rows=1103109 width=0) (actual time=317.825..1154.940 rows=1226516 loops=1)
  Filter: ((company_id > 338) AND (company_type_id > 1))
  Rows Removed by Filter: 1382613
Planning time: 0.334 ms
Execution time: 1312.864 ms
