Hash Join  (cost=76067.34..473611.08 rows=739288 width=0) (actual time=1286.256..8697.574 rows=1029167 loops=1)
  Hash Cond: (mi.movie_id = t.id)
  ->  Seq Scan on movie_info mi  (cost=0.00..346232.03 rows=3623957 width=4) (actual time=0.016..5420.473 rows=3624977 loops=1)
        Filter: (info_type_id < 4)
        Rows Removed by Filter: 11210743
  ->  Hash  (cost=67604.59..67604.59 rows=515820 width=4) (actual time=1285.484..1285.484 rows=508955 loops=1)
        Buckets: 131072  Batches: 8  Memory Usage: 3262kB
        ->  Seq Scan on title t  (cost=0.00..67604.59 rows=515820 width=4) (actual time=0.020..1114.617 rows=508955 loops=1)
              Filter: (production_year < 1980)
              Rows Removed by Filter: 2019357
Planning time: 2.898 ms
Execution time: 8806.127 ms
