Seq Scan on movie_companies mc  (cost=0.00..51404.11 rows=1979516 width=0) (actual time=0.030..1144.326 rows=1984551 loops=1)
  Filter: (company_id > 795)
  Rows Removed by Filter: 624578
Planning time: 2.857 ms
Execution time: 1389.479 ms
