Hash Join  (cost=709678.15..1091465.08 rows=1874 width=0) (actual time=11027.792..17883.879 rows=651 loops=1)
  Hash Cond: (mi.movie_id = t.id)
  ->  Seq Scan on movie_info mi  (cost=0.00..346232.03 rows=9476311 width=4) (actual time=0.025..5634.661 rows=9565151 loops=1)
        Filter: (info_type_id < 16)
        Rows Removed by Filter: 5270569
  ->  Hash  (cost=709671.90..709671.90 rows=500 width=8) (actual time=11004.372..11004.372 rows=61 loops=1)
        Buckets: 1024  Batches: 1  Memory Usage: 11kB
        ->  Nested Loop  (cost=0.43..709671.90 rows=500 width=8) (actual time=3739.395..11004.323 rows=61 loops=1)
              ->  Seq Scan on cast_info ci  (cost=0.00..705507.15 rows=500 width=4) (actual time=3739.277..11003.059 rows=61 loops=1)
                    Filter: (person_id = 3088936)
                    Rows Removed by Filter: 36244283
              ->  Index Only Scan using title_pkey on title t  (cost=0.43..8.32 rows=1 width=4) (actual time=0.019..0.019 rows=1 loops=61)
                    Index Cond: (id = ci.movie_id)
                    Heap Fetches: 61
Planning time: 1.228 ms
Execution time: 17884.217 ms
