Nested Loop  (cost=0.43..83072.29 rows=84 width=0) (actual time=70.918..1329.314 rows=35 loops=1)
  ->  Seq Scan on movie_keyword mk  (cost=0.00..81003.12 rows=246 width=4) (actual time=70.851..1327.041 rows=49 loops=1)
        Filter: (keyword_id = 33508)
        Rows Removed by Filter: 4523881
  ->  Index Scan using title_pkey on title t  (cost=0.43..8.40 rows=1 width=4) (actual time=0.041..0.041 rows=1 loops=49)
        Index Cond: (id = mk.movie_id)
        Filter: (kind_id < 4)
        Rows Removed by Filter: 0
Planning time: 0.733 ms
Execution time: 1329.438 ms
