Nested Loop  (cost=0.43..83072.29 rows=3 width=0) (actual time=8.507..1398.219 rows=77 loops=1)
  ->  Seq Scan on movie_keyword mk  (cost=0.00..81003.12 rows=246 width=4) (actual time=0.389..1246.677 rows=4600 loops=1)
        Filter: (keyword_id = 110)
        Rows Removed by Filter: 4519330
  ->  Index Scan using title_pkey on title t  (cost=0.43..8.40 rows=1 width=4) (actual time=0.032..0.032 rows=0 loops=4600)
        Index Cond: (id = mk.movie_id)
        Filter: (production_year = 1993)
        Rows Removed by Filter: 1
Planning time: 7.263 ms
Execution time: 1398.383 ms
