Nested Loop  (cost=0.43..67327.73 rows=132 width=0) (actual time=6.654..880.017 rows=231 loops=1)
  ->  Seq Scan on movie_companies mc  (cost=0.00..57926.93 rows=1152 width=4) (actual time=1.716..829.040 rows=3139 loops=1)
        Filter: ((company_type_id < 2) AND (company_id = 452))
        Rows Removed by Filter: 2605990
  ->  Index Scan using title_pkey on title t  (cost=0.43..8.15 rows=1 width=4) (actual time=0.016..0.016 rows=0 loops=3139)
        Index Cond: (id = mc.movie_id)
        Filter: ((kind_id > 1) AND (production_year > 2010))
        Rows Removed by Filter: 1
Planning time: 0.814 ms
Execution time: 880.195 ms
