Hash Join  (cost=127687.70..619284.18 rows=1546957 width=0) (actual time=3158.089..17699.169 rows=5756850 loops=1)
  Hash Cond: (mi.movie_id = t.id)
  ->  Seq Scan on movie_info mi  (cost=0.00..346232.03 rows=11115165 width=4) (actual time=0.010..7324.298 rows=11210743 loops=1)
        Filter: (info_type_id > 3)
        Rows Removed by Filter: 3624977
  ->  Hash  (cost=121913.83..121913.83 rows=351909 width=8) (actual time=3157.281..3157.281 rows=420084 loops=1)
        Buckets: 131072  Batches: 8  Memory Usage: 3092kB
        ->  Hash Join  (cost=78183.26..121913.83 rows=351909 width=8) (actual time=1371.857..3025.516 rows=420084 loops=1)
              Hash Cond: (mi_idx.movie_id = t.id)
              ->  Seq Scan on movie_info_idx mi_idx  (cost=0.00..21735.35 rows=1380035 width=4) (actual time=0.023..477.720 rows=1380035 loops=1)
              ->  Hash  (cost=67604.59..67604.59 rows=644774 width=4) (actual time=1371.067..1371.067 rows=642973 loops=1)
                    Buckets: 131072  Batches: 16  Memory Usage: 2432kB
                    ->  Seq Scan on title t  (cost=0.00..67604.59 rows=644774 width=4) (actual time=0.019..1170.227 rows=642973 loops=1)
                          Filter: (production_year < 1988)
                          Rows Removed by Filter: 1885339
Planning time: 3.196 ms
Execution time: 18324.598 ms
