Hash Join  (cost=167139.11..268732.78 rows=231822 width=0) (actual time=3531.555..6622.121 rows=4344749 loops=1)
  Hash Cond: (mk.movie_id = t.id)
  ->  Seq Scan on movie_keyword mk  (cost=0.00..81003.12 rows=1443020 width=4) (actual time=0.021..1476.654 rows=1455975 loops=1)
        Filter: (keyword_id > 11444)
        Rows Removed by Filter: 3067955
  ->  Hash  (cost=160474.49..160474.49 rows=406210 width=8) (actual time=3530.593..3530.593 rows=530351 loops=1)
        Buckets: 131072  Batches: 8  Memory Usage: 3643kB
        ->  Hash Join  (cost=86907.34..160474.49 rows=406210 width=8) (actual time=1461.847..3370.309 rows=530351 loops=1)
              Hash Cond: (mc.movie_id = t.id)
              ->  Seq Scan on movie_companies mc  (cost=0.00..51404.11 rows=1298115 width=4) (actual time=0.029..993.759 rows=1289537 loops=1)
                    Filter: (company_id < 11245)
                    Rows Removed by Filter: 1319592
              ->  Hash  (cost=73925.90..73925.90 rows=791235 width=4) (actual time=1460.814..1460.814 rows=701949 loops=1)
                    Buckets: 131072  Batches: 16  Memory Usage: 2566kB
                    ->  Seq Scan on title t  (cost=0.00..73925.90 rows=791235 width=4) (actual time=0.011..1235.491 rows=701949 loops=1)
                          Filter: ((kind_id < 7) AND (production_year > 1974))
                          Rows Removed by Filter: 1826363
Planning time: 5.192 ms
Execution time: 7093.747 ms
