Seq Scan on movie_keyword mk  (cost=0.00..81003.12 rows=3754040 width=0) (actual time=0.023..1668.686 rows=3745701 loops=1)
  Filter: (keyword_id < 24229)
  Rows Removed by Filter: 778229
Planning time: 0.987 ms
Execution time: 2145.783 ms
