Hash Join  (cost=83810.17..1022592.59 rows=3506375 width=0) (actual time=5246.407..25721.621 rows=5547304 loops=1)
  Hash Cond: (ci.movie_id = t.id)
  ->  Seq Scan on cast_info ci  (cost=0.00..796071.18 rows=8976129 width=4) (actual time=3348.836..15065.317 rows=14011500 loops=1)
        Filter: ((person_id > 2265437) AND (role_id > 1))
        Rows Removed by Filter: 22232844
  ->  Hash  (cost=67604.59..67604.59 rows=987727 width=4) (actual time=1896.732..1896.732 rows=985048 loops=1)
        Buckets: 131072  Batches: 16  Memory Usage: 3188kB
        ->  Seq Scan on title t  (cost=0.00..67604.59 rows=987727 width=4) (actual time=0.032..1277.646 rows=985048 loops=1)
              Filter: (kind_id < 7)
              Rows Removed by Filter: 1543264
Planning time: 3.695 ms
Execution time: 26357.397 ms
