Seq Scan on movie_keyword mk  (cost=0.00..81003.12 rows=2872555 width=0) (actual time=0.022..1427.285 rows=2858651 loops=1)
  Filter: (keyword_id > 2551)
  Rows Removed by Filter: 1665279
Planning time: 0.241 ms
Execution time: 1788.756 ms
