Seq Scan on title t  (cost=0.00..73925.90 rows=2905 width=0) (actual time=0.354..1137.254 rows=2203 loops=1)
  Filter: ((kind_id < 7) AND (production_year = 1941))
  Rows Removed by Filter: 2526109
Planning time: 0.366 ms
Execution time: 1137.930 ms
