Hash Join  (cost=255376.18..1396991.70 rows=4756903 width=186) (actual time=5856.001..30865.582 rows=5809188 loops=1)
  Hash Cond: (ci.movie_id = t.id)
  ->  Seq Scan on cast_info ci  (cost=0.00..796071.18 rows=13087282 width=42) (actual time=0.035..15812.629 rows=7384263 loops=1)
        Filter: ((person_id < 2013911) AND (role_id > 1))
        Rows Removed by Filter: 28860081
  ->  Hash  (cost=225039.97..225039.97 rows=919057 width=144) (actual time=5855.283..5855.283 rows=920110 loops=1)
        Buckets: 32768  Batches: 64  Memory Usage: 2113kB
        ->  Hash Join  (cost=129928.86..225039.97 rows=919057 width=144) (actual time=2589.784..5298.870 rows=920110 loops=1)
              Hash Cond: (mi_idx.movie_id = t.id)
              ->  Seq Scan on movie_info_idx mi_idx  (cost=0.00..25185.44 rows=919057 width=50) (actual time=0.015..548.611 rows=920110 loops=1)
                    Filter: (info_type_id > 99)
                    Rows Removed by Filter: 459925
              ->  Hash  (cost=61283.27..61283.27 rows=2528527 width=94) (actual time=2589.223..2589.223 rows=2528312 loops=1)
                    Buckets: 32768  Batches: 128  Memory Usage: 2453kB
                    ->  Seq Scan on title t  (cost=0.00..61283.27 rows=2528527 width=94) (actual time=0.010..1274.917 rows=2528312 loops=1)
Planning time: 1.533 ms
Execution time: 31199.463 ms
