Hash Join  (cost=178288.07..1130712.90 rows=4366836 width=0) (actual time=6238.539..29005.859 rows=6332226 loops=1)
  Hash Cond: (ci.movie_id = t.id)
  ->  Seq Scan on cast_info ci  (cost=0.00..705507.15 rows=17363287 width=4) (actual time=2167.979..13676.152 rows=17491041 loops=1)
        Filter: (person_id > 1869259)
        Rows Removed by Filter: 18753303
  ->  Hash  (cost=167854.07..167854.07 rows=635920 width=8) (actual time=4069.073..4069.073 rows=266135 loops=1)
        Buckets: 131072  Batches: 16  Memory Usage: 1655kB
        ->  Hash Join  (cost=84037.34..167854.07 rows=635920 width=8) (actual time=1596.619..4000.227 rows=266135 loops=1)
              Hash Cond: (mc.movie_id = t.id)
              ->  Seq Scan on movie_companies mc  (cost=0.00..44881.29 rows=2609129 width=4) (actual time=0.028..900.369 rows=2609129 loops=1)
              ->  Hash  (cost=73925.90..73925.90 rows=616275 width=4) (actual time=1483.014..1483.014 rows=676927 loops=1)
                    Buckets: 131072  Batches: 16  Memory Usage: 2516kB
                    ->  Seq Scan on title t  (cost=0.00..73925.90 rows=616275 width=4) (actual time=0.024..1275.601 rows=676927 loops=1)
                          Filter: ((production_year > 2005) AND (kind_id = 7))
                          Rows Removed by Filter: 1851385
Planning time: 1.209 ms
Execution time: 29757.632 ms
