Hash Join  (cost=191900.04..704482.45 rows=3071749 width=0) (actual time=4268.459..24388.074 rows=26512036 loops=1)
  Hash Cond: (mi.movie_id = t.id)
  ->  Seq Scan on movie_info mi  (cost=0.00..309384.22 rows=14739122 width=4) (actual time=0.024..6270.403 rows=14835720 loops=1)
  ->  Hash  (cost=183253.97..183253.97 rows=526965 width=8) (actual time=4267.634..4267.634 rows=736740 loops=1)
        Buckets: 131072 (originally 131072)  Batches: 16 (originally 8)  Memory Usage: 3073kB
        ->  Hash Join  (cost=102767.86..183253.97 rows=526965 width=8) (actual time=1917.462..4041.198 rows=736740 loops=1)
              Hash Cond: (mc.movie_id = t.id)
              ->  Seq Scan on movie_companies mc  (cost=0.00..57926.93 rows=526965 width=4) (actual time=0.024..1110.247 rows=736740 loops=1)
                    Filter: ((company_id < 6626) AND (company_type_id < 2))
                    Rows Removed by Filter: 1872389
              ->  Hash  (cost=61283.27..61283.27 rows=2528527 width=4) (actual time=1915.921..1915.921 rows=2528312 loops=1)
                    Buckets: 131072  Batches: 64  Memory Usage: 2415kB
                    ->  Seq Scan on title t  (cost=0.00..61283.27 rows=2528527 width=4) (actual time=0.018..1074.403 rows=2528312 loops=1)
Planning time: 1.148 ms
Execution time: 27492.209 ms
