Hash Join  (cost=68426.36..149480.89 rows=333 width=0) (actual time=1140.518..2389.267 rows=204 loops=1)
  Hash Cond: (mk.movie_id = t.id)
  ->  Seq Scan on movie_keyword mk  (cost=0.00..81003.12 rows=12818 width=4) (actual time=0.031..1246.778 rows=12645 loops=1)
        Filter: (keyword_id = 245)
        Rows Removed by Filter: 4511285
  ->  Hash  (cost=67604.59..67604.59 rows=65742 width=4) (actual time=1132.602..1132.602 rows=63827 loops=1)
        Buckets: 131072  Batches: 1  Memory Usage: 3268kB
        ->  Seq Scan on title t  (cost=0.00..67604.59 rows=65742 width=4) (actual time=0.021..1106.018 rows=63827 loops=1)
              Filter: (production_year = 2013)
              Rows Removed by Filter: 2464485
Planning time: 4.096 ms
Execution time: 2389.668 ms
