Hash Join  (cost=80494.37..119274.36 rows=144893 width=0) (actual time=1330.838..2367.049 rows=63574 loops=1)
  Hash Cond: (mi_idx.movie_id = t.id)
  ->  Seq Scan on movie_info_idx mi_idx  (cost=0.00..25185.44 rows=915101 width=4) (actual time=0.023..577.217 rows=919850 loops=1)
        Filter: (info_type_id < 101)
        Rows Removed by Filter: 460185
  ->  Hash  (cost=73925.90..73925.90 rows=400357 width=4) (actual time=1329.427..1329.427 rows=257607 loops=1)
        Buckets: 131072  Batches: 8  Memory Usage: 2145kB
        ->  Seq Scan on title t  (cost=0.00..73925.90 rows=400357 width=4) (actual time=0.021..1247.021 rows=257607 loops=1)
              Filter: ((kind_id > 3) AND (production_year < 1986))
              Rows Removed by Filter: 2270705
Planning time: 0.736 ms
Execution time: 2374.992 ms
