Hash Join  (cost=129211.33..890369.32 rows=103162 width=0) (actual time=6679.026..18437.747 rows=429561 loops=1)
  Hash Cond: (ci.movie_id = t.id)
  ->  Seq Scan on cast_info ci  (cost=0.00..705507.15 rows=14565124 width=4) (actual time=4264.777..12192.181 rows=14720576 loops=1)
        Filter: (person_id > 2182305)
        Rows Removed by Filter: 21523768
  ->  Hash  (cost=128987.47..128987.47 rows=17909 width=8) (actual time=2413.903..2413.903 rows=25115 loops=1)
        Buckets: 32768  Batches: 1  Memory Usage: 1238kB
        ->  Hash Join  (cost=74142.85..128987.47 rows=17909 width=8) (actual time=1219.459..2404.244 rows=25115 loops=1)
              Hash Cond: (mc.movie_id = t.id)
              ->  Seq Scan on movie_companies mc  (cost=0.00..44881.29 rows=2609129 width=4) (actual time=0.022..655.311 rows=2609129 loops=1)
              ->  Hash  (cost=73925.90..73925.90 rows=17356 width=4) (actual time=1133.199..1133.199 rows=18804 loops=1)
                    Buckets: 32768  Batches: 1  Memory Usage: 918kB
                    ->  Seq Scan on title t  (cost=0.00..73925.90 rows=17356 width=4) (actual time=0.022..1125.311 rows=18804 loops=1)
                          Filter: ((kind_id = 1) AND (production_year = 2013))
                          Rows Removed by Filter: 2509508
Planning time: 1.180 ms
Execution time: 18496.338 ms
