Hash Join  (cost=101170.60..455663.95 rows=3151 width=0) (actual time=1744.559..7234.287 rows=9369 loops=1)
  Hash Cond: (mi.movie_id = t.id)
  ->  Seq Scan on movie_info mi  (cost=0.00..346232.03 rows=2194617 width=4) (actual time=0.015..5168.516 rows=2233850 loops=1)
        Filter: (info_type_id > 16)
        Rows Removed by Filter: 12601870
  ->  Hash  (cost=101125.22..101125.22 rows=3630 width=8) (actual time=1744.469..1744.469 rows=4279 loops=1)
        Buckets: 8192 (originally 4096)  Batches: 1 (originally 1)  Memory Usage: 232kB
        ->  Hash Join  (cost=74174.82..101125.22 rows=3630 width=8) (actual time=1184.591..1742.382 rows=4279 loops=1)
              Hash Cond: (mi_idx.movie_id = t.id)
              ->  Seq Scan on movie_info_idx mi_idx  (cost=0.00..25185.44 rows=460978 width=4) (actual time=0.013..445.879 rows=459925 loops=1)
                    Filter: (info_type_id = 99)
                    Rows Removed by Filter: 920110
              ->  Hash  (cost=73925.90..73925.90 rows=19913 width=4) (actual time=1184.073..1184.073 rows=21707 loops=1)
                    Buckets: 32768  Batches: 1  Memory Usage: 1020kB
                    ->  Seq Scan on title t  (cost=0.00..73925.90 rows=19913 width=4) (actual time=0.014..1173.998 rows=21707 loops=1)
                          Filter: ((kind_id > 1) AND (production_year = 1993))
                          Rows Removed by Filter: 2506605
Planning time: 3.644 ms
Execution time: 7236.065 ms
