Hash Join  (cost=80493.69..438933.81 rows=128183 width=0) (actual time=1889.145..8214.810 rows=280856 loops=1)
  Hash Cond: (mi.movie_id = t.id)
  ->  Seq Scan on movie_info mi  (cost=0.00..346232.03 rows=809669 width=4) (actual time=197.139..5955.804 rows=802140 loops=1)
        Filter: (info_type_id = 1)
        Rows Removed by Filter: 14033580
  ->  Hash  (cost=73925.90..73925.90 rows=400303 width=4) (actual time=1691.013..1691.013 rows=500611 loops=1)
        Buckets: 131072  Batches: 8  Memory Usage: 3244kB
        ->  Seq Scan on title t  (cost=0.00..73925.90 rows=400303 width=4) (actual time=0.034..1227.291 rows=500611 loops=1)
              Filter: ((kind_id < 7) AND (production_year < 2000))
              Rows Removed by Filter: 2027701
Planning time: 0.783 ms
Execution time: 8251.962 ms
