Hash Join  (cost=138699.63..957436.95 rows=157637 width=0) (actual time=2492.083..23889.209 rows=591696 loops=1)
  Hash Cond: (ci.movie_id = t.id)
  ->  Seq Scan on cast_info ci  (cost=0.00..705507.15 rows=29774347 width=4) (actual time=0.015..13947.361 rows=29700489 loops=1)
        Filter: (person_id < 3003349)
        Rows Removed by Filter: 6543855
  ->  Hash  (cost=138532.29..138532.29 rows=13387 width=8) (actual time=2491.917..2491.917 rows=22474 loops=1)
        Buckets: 32768 (originally 16384)  Batches: 1 (originally 1)  Memory Usage: 1134kB
        ->  Hash Join  (cost=75227.65..138532.29 rows=13387 width=8) (actual time=1288.249..2483.070 rows=22474 loops=1)
              Hash Cond: (mc.movie_id = t.id)
              ->  Seq Scan on movie_companies mc  (cost=0.00..57926.93 rows=426622 width=4) (actual time=0.019..945.583 rows=611506 loops=1)
                    Filter: ((company_id < 2561) AND (company_type_id < 2))
                    Rows Removed by Filter: 1997623
              ->  Hash  (cost=73925.90..73925.90 rows=79340 width=4) (actual time=1287.411..1287.411 rows=92312 loops=1)
                    Buckets: 131072  Batches: 2  Memory Usage: 2648kB
                    ->  Seq Scan on title t  (cost=0.00..73925.90 rows=79340 width=4) (actual time=0.023..1252.023 rows=92312 loops=1)
                          Filter: ((kind_id > 1) AND (production_year = 2006))
                          Rows Removed by Filter: 2436000
Planning time: 1.212 ms
Execution time: 23977.450 ms
