Hash Join  (cost=76796.18..450606.07 rows=151805 width=0) (actual time=2411.079..7322.616 rows=316171 loops=1)
  Hash Cond: (mi.movie_id = t.id)
  ->  Seq Scan on movie_info mi  (cost=0.00..346232.03 rows=2194617 width=4) (actual time=1032.975..5211.401 rows=2233850 loops=1)
        Filter: (info_type_id > 16)
        Rows Removed by Filter: 12601870
  ->  Hash  (cost=73925.90..73925.90 rows=174902 width=4) (actual time=1150.272..1150.272 rows=160286 loops=1)
        Buckets: 131072  Batches: 4  Memory Usage: 2441kB
        ->  Seq Scan on title t  (cost=0.00..73925.90 rows=174902 width=4) (actual time=3.160..1095.117 rows=160286 loops=1)
              Filter: ((production_year > 2008) AND (kind_id = 1))
              Rows Removed by Filter: 2368026
Planning time: 0.763 ms
Execution time: 7359.091 ms
