Nested Loop  (cost=0.43..58375.18 rows=53 width=0) (actual time=172.081..928.735 rows=11 loops=1)
  ->  Seq Scan on movie_companies mc  (cost=0.00..57926.93 rows=53 width=4) (actual time=171.974..928.115 rows=11 loops=1)
        Filter: ((company_type_id > 1) AND (company_id = 699))
        Rows Removed by Filter: 2609118
  ->  Index Only Scan using title_pkey on title t  (cost=0.43..8.45 rows=1 width=4) (actual time=0.048..0.049 rows=1 loops=11)
        Index Cond: (id = mc.movie_id)
        Heap Fetches: 11
Planning time: 0.773 ms
Execution time: 928.815 ms
