Hash Join  (cost=210978.14..357803.12 rows=1908563 width=0) (actual time=4865.869..8469.596 rows=1196759 loops=1)
  Hash Cond: (mk.movie_id = t.id)
  ->  Seq Scan on movie_keyword mk  (cost=0.00..81003.12 rows=3587526 width=4) (actual time=0.015..1820.720 rows=3580349 loops=1)
        Filter: (keyword_id > 875)
        Rows Removed by Filter: 943581
  ->  Hash  (cost=188908.44..188908.44 rows=1345176 width=8) (actual time=4553.410..4553.410 rows=583581 loops=1)
        Buckets: 131072  Batches: 32  Memory Usage: 1719kB
        ->  Hash Join  (cost=95314.15..188908.44 rows=1345176 width=8) (actual time=2055.432..4392.845 rows=583581 loops=1)
              Hash Cond: (mc.movie_id = t.id)
              ->  Seq Scan on movie_companies mc  (cost=0.00..44881.29 rows=2609129 width=4) (actual time=0.020..925.865 rows=2609129 loops=1)
              ->  Hash  (cost=73925.90..73925.90 rows=1303620 width=4) (actual time=1872.072..1872.072 rows=1383104 loops=1)
                    Buckets: 131072  Batches: 32  Memory Usage: 2546kB
                    ->  Seq Scan on title t  (cost=0.00..73925.90 rows=1303620 width=4) (actual time=358.632..1434.269 rows=1383104 loops=1)
                          Filter: ((production_year > 1966) AND (kind_id = 7))
                          Rows Removed by Filter: 1145208
Planning time: 0.785 ms
Execution time: 8599.995 ms
