Seq Scan on cast_info ci  (cost=0.00..705507.15 rows=23558165 width=0) (actual time=0.015..12266.650 rows=23462804 loops=1)
  Filter: (person_id < 2401601)
  Rows Removed by Filter: 12781540
Planning time: 0.351 ms
Execution time: 15064.540 ms
