Seq Scan on movie_keyword mk  (cost=0.00..81003.12 rows=2779787 width=0) (actual time=0.021..1597.214 rows=2771020 loops=1)
  Filter: (keyword_id < 7938)
  Rows Removed by Filter: 1752910
Planning time: 0.317 ms
Execution time: 1952.498 ms
