Hash Join  (cost=73994.33..438969.35 rows=31909 width=0) (actual time=1168.803..8757.225 rows=42064 loops=1)
  Hash Cond: (mi.movie_id = t.id)
  ->  Seq Scan on movie_info mi  (cost=0.00..309384.22 rows=14739122 width=4) (actual time=0.016..4281.640 rows=14835720 loops=1)
  ->  Hash  (cost=73925.90..73925.90 rows=5474 width=4) (actual time=1168.547..1168.547 rows=9627 loops=1)
        Buckets: 16384 (originally 8192)  Batches: 1 (originally 1)  Memory Usage: 467kB
        ->  Seq Scan on title t  (cost=0.00..73925.90 rows=5474 width=4) (actual time=0.020..1156.257 rows=9627 loops=1)
              Filter: ((kind_id > 1) AND (production_year = 1976))
              Rows Removed by Filter: 2518685
Planning time: 0.676 ms
Execution time: 8764.729 ms
