Hash Join  (cost=102767.86..932233.85 rows=977281 width=0) (actual time=8187.696..13325.829 rows=1200 loops=1)
  Hash Cond: (ci.movie_id = t.id)
  ->  Seq Scan on cast_info ci  (cost=0.00..796071.18 rows=977281 width=4) (actual time=6316.852..11077.047 rows=1200 loops=1)
        Filter: ((person_id < 459560) AND (role_id = 2))
        Rows Removed by Filter: 36243144
  ->  Hash  (cost=61283.27..61283.27 rows=2528527 width=4) (actual time=1845.579..1845.579 rows=2528312 loops=1)
        Buckets: 131072  Batches: 64  Memory Usage: 2415kB
        ->  Seq Scan on title t  (cost=0.00..61283.27 rows=2528527 width=4) (actual time=0.021..1042.669 rows=2528312 loops=1)
Planning time: 0.780 ms
Execution time: 13326.131 ms
