Seq Scan on movie_keyword mk  (cost=0.00..81003.12 rows=3943484 width=0) (actual time=0.024..1595.322 rows=3945836 loops=1)
  Filter: (keyword_id < 31730)
  Rows Removed by Filter: 578094
Planning time: 0.359 ms
Execution time: 2081.603 ms
