Nested Loop  (cost=32814.54..830831.77 rows=41 width=0) (actual time=13400.697..13402.808 rows=1 loops=1)
  Join Filter: (ci.movie_id = t.id)
  ->  Hash Join  (cost=32814.11..830744.52 rows=103 width=8) (actual time=13400.599..13402.709 rows=1 loops=1)
        Hash Cond: (ci.movie_id = mi_idx.movie_id)
        ->  Seq Scan on cast_info ci  (cost=0.00..796071.18 rows=224 width=4) (actual time=3925.207..12728.595 rows=1 loops=1)
              Filter: ((role_id > 2) AND (person_id = 4029924))
              Rows Removed by Filter: 36244343
        ->  Hash  (cost=25185.44..25185.44 rows=464934 width=4) (actual time=663.996..663.996 rows=460185 loops=1)
              Buckets: 131072  Batches: 8  Memory Usage: 3051kB
              ->  Seq Scan on movie_info_idx mi_idx  (cost=0.00..25185.44 rows=464934 width=4) (actual time=0.031..526.507 rows=460185 loops=1)
                    Filter: (info_type_id > 100)
                    Rows Removed by Filter: 919850
  ->  Index Only Scan using title_pkey on title t  (cost=0.43..0.83 rows=1 width=4) (actual time=0.065..0.066 rows=1 loops=1)
        Index Cond: (id = mi_idx.movie_id)
        Heap Fetches: 1
Planning time: 2.015 ms
Execution time: 13402.897 ms
