Hash Join  (cost=96356.06..137560.08 rows=321975 width=0) (actual time=2701.399..3849.594 rows=303486 loops=1)
  Hash Cond: (mi_idx.movie_id = t.id)
  ->  Seq Scan on movie_info_idx mi_idx  (cost=0.00..25185.44 rows=464566 width=4) (actual time=0.026..505.567 rows=459925 loops=1)
        Filter: (info_type_id = 101)
        Rows Removed by Filter: 920110
  ->  Hash  (cost=67604.59..67604.59 rows=1752438 width=4) (actual time=2700.378..2700.378 rows=1749032 loops=1)
        Buckets: 131072  Batches: 32  Memory Usage: 2950kB
        ->  Seq Scan on title t  (cost=0.00..67604.59 rows=1752438 width=4) (actual time=0.017..1390.774 rows=1749032 loops=1)
              Filter: (production_year > 1990)
              Rows Removed by Filter: 779280
Planning time: 0.552 ms
Execution time: 3885.062 ms
