Hash Join  (cost=71711.64..137139.96 rows=102889 width=0) (actual time=1197.402..2688.947 rows=133942 loops=1)
  Hash Cond: (mc.movie_id = t.id)
  ->  Seq Scan on movie_companies mc  (cost=0.00..51404.11 rows=1039285 width=4) (actual time=0.023..940.525 rows=1036452 loops=1)
        Filter: (company_id < 5886)
        Rows Removed by Filter: 1572677
  ->  Hash  (cost=67604.59..67604.59 rows=250324 width=4) (actual time=1195.380..1195.380 rows=252521 loops=1)
        Buckets: 131072  Batches: 4  Memory Usage: 3244kB
        ->  Seq Scan on title t  (cost=0.00..67604.59 rows=250324 width=4) (actual time=0.012..1111.450 rows=252521 loops=1)
              Filter: (production_year < 1961)
              Rows Removed by Filter: 2275791
Planning time: 0.751 ms
Execution time: 2707.727 ms
