Seq Scan on movie_keyword mk  (cost=0.00..81003.12 rows=3058520 width=0) (actual time=0.013..1536.314 rows=3046799 loops=1)
  Filter: (keyword_id < 11125)
  Rows Removed by Filter: 1477131
Planning time: 0.333 ms
Execution time: 1925.517 ms
