Hash Join  (cost=154746.51..641549.52 rows=655708 width=0) (actual time=3931.833..19058.998 rows=9642483 loops=1)
  Hash Cond: (mi.movie_id = t.id)
  ->  Seq Scan on movie_info mi  (cost=0.00..309384.22 rows=14739122 width=4) (actual time=0.014..5967.428 rows=14835720 loops=1)
  ->  Hash  (cost=152900.41..152900.41 rows=112488 width=8) (actual time=3931.024..3931.024 rows=416953 loops=1)
        Buckets: 131072 (originally 131072)  Batches: 4 (originally 2)  Memory Usage: 5122kB
        ->  Hash Join  (cost=76211.77..152900.41 rows=112488 width=8) (actual time=1564.976..3785.969 rows=416953 loops=1)
              Hash Cond: (mc.movie_id = t.id)
              ->  Seq Scan on movie_companies mc  (cost=0.00..51404.11 rows=2042306 width=4) (actual time=0.020..1108.694 rows=2038010 loops=1)
                    Filter: (company_id < 71330)
                    Rows Removed by Filter: 571119
              ->  Hash  (cost=73925.90..73925.90 rows=139269 width=4) (actual time=1564.194..1564.194 rows=239782 loops=1)
                    Buckets: 131072 (originally 131072)  Batches: 4 (originally 2)  Memory Usage: 3133kB
                    ->  Seq Scan on title t  (cost=0.00..73925.90 rows=139269 width=4) (actual time=0.116..1476.148 rows=239782 loops=1)
                          Filter: ((kind_id < 7) AND (production_year < 1969))
                          Rows Removed by Filter: 2288530
Planning time: 17.704 ms
Execution time: 20237.521 ms
