Hash Join  (cost=190230.21..1135374.99 rows=4607398 width=0) (actual time=4791.124..21233.832 rows=4445822 loops=1)
  Hash Cond: (ci.movie_id = t.id)
  ->  Seq Scan on cast_info ci  (cost=0.00..796071.18 rows=8441765 width=4) (actual time=621.010..14136.146 rows=3935973 loops=1)
        Filter: ((person_id > 1191468) AND (role_id = 1))
        Rows Removed by Filter: 32308371
  ->  Hash  (cost=167588.78..167588.78 rows=1380035 width=8) (actual time=4169.019..4169.019 rows=1380035 loops=1)
        Buckets: 131072  Batches: 32  Memory Usage: 2708kB
        ->  Hash Join  (cost=102767.86..167588.78 rows=1380035 width=8) (actual time=1979.886..3810.179 rows=1380035 loops=1)
              Hash Cond: (mi_idx.movie_id = t.id)
              ->  Seq Scan on movie_info_idx mi_idx  (cost=0.00..21735.35 rows=1380035 width=4) (actual time=0.024..454.631 rows=1380035 loops=1)
              ->  Hash  (cost=61283.27..61283.27 rows=2528527 width=4) (actual time=1977.840..1977.840 rows=2528312 loops=1)
                    Buckets: 131072  Batches: 64  Memory Usage: 2415kB
                    ->  Seq Scan on title t  (cost=0.00..61283.27 rows=2528527 width=4) (actual time=0.025..1130.261 rows=2528312 loops=1)
Planning time: 1.218 ms
Execution time: 21673.538 ms
