Hash Join  (cost=547692.12..1497694.00 rows=5870134 width=0) (actual time=11753.595..45175.868 rows=42358855 loops=1)
  Hash Cond: (ci.movie_id = t.id)
  ->  Seq Scan on cast_info ci  (cost=0.00..796071.18 rows=6763272 width=4) (actual time=1076.597..15555.701 rows=12670688 loops=1)
        Filter: ((person_id < 1913129) AND (role_id < 2))
        Rows Removed by Filter: 23573656
  ->  Hash  (cost=511686.41..511686.41 rows=2194617 width=8) (actual time=10675.569..10675.569 rows=2233850 loops=1)
        Buckets: 131072  Batches: 32  Memory Usage: 3598kB
        ->  Hash Join  (cost=102767.86..511686.41 rows=2194617 width=8) (actual time=2363.719..9981.426 rows=2233850 loops=1)
              Hash Cond: (mi.movie_id = t.id)
              ->  Seq Scan on movie_info mi  (cost=0.00..346232.03 rows=2194617 width=4) (actual time=262.706..5628.363 rows=2233850 loops=1)
                    Filter: (info_type_id > 16)
                    Rows Removed by Filter: 12601870
              ->  Hash  (cost=61283.27..61283.27 rows=2528527 width=4) (actual time=2091.114..2091.114 rows=2528312 loops=1)
                    Buckets: 131072  Batches: 64  Memory Usage: 2425kB
                    ->  Seq Scan on title t  (cost=0.00..61283.27 rows=2528527 width=4) (actual time=0.022..1096.501 rows=2528312 loops=1)
Planning time: 1.196 ms
Execution time: 50275.542 ms
