Seq Scan on cast_info ci  (cost=0.00..705507.15 rows=21259709 width=0) (actual time=0.026..12225.289 rows=21107037 loops=1)
  Filter: (person_id < 2131484)
  Rows Removed by Filter: 15137307
Planning time: 0.268 ms
Execution time: 14781.387 ms
