Hash Join  (cost=73950.44..840338.25 rows=12578 width=0) (actual time=1057.097..17744.816 rows=28270 loops=1)
  Hash Cond: (ci.movie_id = t.id)
  ->  Seq Scan on cast_info ci  (cost=0.00..705507.15 rows=16201301 width=4) (actual time=0.015..14076.314 rows=16121683 loops=1)
        Filter: (role_id > 2)
        Rows Removed by Filter: 20122661
  ->  Hash  (cost=73925.90..73925.90 rows=1963 width=4) (actual time=1056.194..1056.194 rows=4466 loops=1)
        Buckets: 8192 (originally 2048)  Batches: 1 (originally 1)  Memory Usage: 222kB
        ->  Seq Scan on title t  (cost=0.00..73925.90 rows=1963 width=4) (actual time=0.068..1054.016 rows=4466 loops=1)
              Filter: ((kind_id = 1) AND (production_year = 1980))
              Rows Removed by Filter: 2523846
Planning time: 0.796 ms
Execution time: 17751.637 ms
