Seq Scan on cast_info ci  (cost=0.00..705507.15 rows=8593618 width=0) (actual time=855.175..11956.331 rows=8483816 loops=1)
  Filter: (person_id < 832589)
  Rows Removed by Filter: 27760528
Planning time: 0.245 ms
Execution time: 12993.934 ms
