Hash Join  (cost=461557.37..594323.42 rows=883501 width=0) (actual time=8612.772..13076.777 rows=3989716 loops=1)
  Hash Cond: (mk.movie_id = t.id)
  ->  Seq Scan on movie_keyword mk  (cost=0.00..69693.30 rows=4523930 width=4) (actual time=0.024..1541.647 rows=4523930 loops=1)
  ->  Hash  (cost=453455.76..453455.76 rows=493809 width=8) (actual time=8610.924..8610.924 rows=936925 loops=1)
        Buckets: 131072 (originally 131072)  Batches: 16 (originally 8)  Memory Usage: 3315kB
        ->  Hash Join  (cost=83810.17..453455.76 rows=493809 width=8) (actual time=4233.343..8349.310 rows=936925 loops=1)
              Hash Cond: (mi.movie_id = t.id)
              ->  Seq Scan on movie_info mi  (cost=0.00..346232.03 rows=1264125 width=4) (actual time=2719.592..5291.939 rows=1288928 loops=1)
                    Filter: (info_type_id = 2)
                    Rows Removed by Filter: 13546792
              ->  Hash  (cost=67604.59..67604.59 rows=987727 width=4) (actual time=1512.786..1512.786 rows=985048 loops=1)
                    Buckets: 131072  Batches: 16  Memory Usage: 3197kB
                    ->  Seq Scan on title t  (cost=0.00..67604.59 rows=987727 width=4) (actual time=0.036..1200.346 rows=985048 loops=1)
                          Filter: (kind_id < 7)
                          Rows Removed by Filter: 1543264
Planning time: 1.200 ms
Execution time: 13511.147 ms
