Hash Join  (cost=134476.95..509405.27 rows=228949 width=0) (actual time=2894.653..10056.379 rows=1186274 loops=1)
  Hash Cond: (mi.movie_id = t.id)
  ->  Seq Scan on movie_info mi  (cost=0.00..346232.03 rows=2194617 width=4) (actual time=0.008..5786.067 rows=2233850 loops=1)
        Filter: (info_type_id > 16)
        Rows Removed by Filter: 12601870
  ->  Hash  (cost=130148.65..130148.65 rows=263784 width=8) (actual time=2892.676..2892.676 rows=316298 loops=1)
        Buckets: 131072 (originally 131072)  Batches: 8 (originally 4)  Memory Usage: 3073kB
        ->  Hash Join  (cost=91342.70..130148.65 rows=263784 width=8) (actual time=1739.663..2777.856 rows=316298 loops=1)
              Hash Cond: (mi_idx.movie_id = t.id)
              ->  Seq Scan on movie_info_idx mi_idx  (cost=0.00..25185.44 rows=460978 width=4) (actual time=0.025..432.121 rows=459925 loops=1)
                    Filter: (info_type_id = 99)
                    Rows Removed by Filter: 920110
              ->  Hash  (cost=67604.59..67604.59 rows=1446889 width=4) (actual time=1738.661..1738.661 rows=1443298 loops=1)
                    Buckets: 131072  Batches: 32  Memory Usage: 2608kB
                    ->  Seq Scan on title t  (cost=0.00..67604.59 rows=1446889 width=4) (actual time=0.021..1262.107 rows=1443298 loops=1)
                          Filter: (production_year < 2006)
                          Rows Removed by Filter: 1085014
Planning time: 5.062 ms
Execution time: 10199.713 ms
