Hash Join  (cost=244144.40..1457132.14 rows=19806581 width=0) (actual time=6092.029..45935.878 rows=44970156 loops=1)
  Hash Cond: (ci.movie_id = t.id)
  ->  Seq Scan on cast_info ci  (cost=0.00..705507.15 rows=23499554 width=4) (actual time=0.021..16145.543 rows=23573656 loops=1)
        Filter: (role_id > 1)
        Rows Removed by Filter: 12670688
  ->  Hash  (cost=209179.82..209179.82 rows=2131167 width=8) (actual time=6091.228..6091.228 rows=2289918 loops=1)
        Buckets: 131072  Batches: 32  Memory Usage: 3790kB
        ->  Hash Join  (cost=101489.21..209179.82 rows=2131167 width=8) (actual time=1963.148..5402.771 rows=2289918 loops=1)
              Hash Cond: (mc.movie_id = t.id)
              ->  Seq Scan on movie_companies mc  (cost=0.00..44881.29 rows=2609129 width=4) (actual time=0.023..942.478 rows=2609129 loops=1)
              ->  Hash  (cost=67604.59..67604.59 rows=2065330 width=4) (actual time=1961.767..1961.767 rows=2064552 loops=1)
                    Buckets: 131072  Batches: 32  Memory Usage: 3289kB
                    ->  Seq Scan on title t  (cost=0.00..67604.59 rows=2065330 width=4) (actual time=0.022..1301.026 rows=2064552 loops=1)
                          Filter: (production_year < 2011)
                          Rows Removed by Filter: 463760
Planning time: 1.209 ms
Execution time: 50756.507 ms
