Hash Join  (cost=74101.84..872715.02 rows=3718 width=0) (actual time=1156.801..12383.403 rows=1277 loops=1)
  Hash Cond: (ci.movie_id = t.id)
  ->  Seq Scan on cast_info ci  (cost=0.00..796071.18 rows=667951 width=4) (actual time=53.163..11226.717 rows=240666 loops=1)
        Filter: ((person_id < 94737) AND (role_id > 1))
        Rows Removed by Filter: 36003678
  ->  Hash  (cost=73925.90..73925.90 rows=14075 width=4) (actual time=1103.354..1103.354 rows=9093 loops=1)
        Buckets: 16384  Batches: 1  Memory Usage: 448kB
        ->  Seq Scan on title t  (cost=0.00..73925.90 rows=14075 width=4) (actual time=0.116..1098.821 rows=9093 loops=1)
              Filter: ((kind_id < 3) AND (production_year = 1998))
              Rows Removed by Filter: 2519219
Planning time: 0.792 ms
Execution time: 12383.833 ms
