Hash Join  (cost=190230.21..351196.73 rows=2391252 width=0) (actual time=4634.282..11165.837 rows=10077760 loops=1)
  Hash Cond: (mk.movie_id = t.id)
  ->  Seq Scan on movie_keyword mk  (cost=0.00..81003.12 rows=4381299 width=4) (actual time=0.015..1994.196 rows=4382822 loops=1)
        Filter: (keyword_id < 74893)
        Rows Removed by Filter: 141108
  ->  Hash  (cost=167588.78..167588.78 rows=1380035 width=8) (actual time=4632.797..4632.797 rows=1380035 loops=1)
        Buckets: 131072  Batches: 32  Memory Usage: 2726kB
        ->  Hash Join  (cost=102767.86..167588.78 rows=1380035 width=8) (actual time=1926.401..4242.786 rows=1380035 loops=1)
              Hash Cond: (mi_idx.movie_id = t.id)
              ->  Seq Scan on movie_info_idx mi_idx  (cost=0.00..21735.35 rows=1380035 width=4) (actual time=0.024..511.584 rows=1380035 loops=1)
              ->  Hash  (cost=61283.27..61283.27 rows=2528527 width=4) (actual time=1924.572..1924.572 rows=2528312 loops=1)
                    Buckets: 131072  Batches: 64  Memory Usage: 2415kB
                    ->  Seq Scan on title t  (cost=0.00..61283.27 rows=2528527 width=4) (actual time=0.016..1077.945 rows=2528312 loops=1)
Planning time: 1.143 ms
Execution time: 12346.242 ms
