Hash Join  (cost=101779.36..915121.51 rows=231139 width=0) (actual time=2609.733..22216.841 rows=634594 loops=1)
  Hash Cond: (ci.movie_id = t.id)
  ->  Seq Scan on cast_info ci  (cost=0.00..705507.15 rows=28139639 width=4) (actual time=722.285..13116.610 rows=28285429 loops=1)
        Filter: (person_id > 777652)
        Rows Removed by Filter: 7958915
  ->  Hash  (cost=101519.75..101519.75 rows=20769 width=8) (actual time=1887.169..1887.169 rows=30226 loops=1)
        Buckets: 32768  Batches: 1  Memory Usage: 1437kB
        ->  Hash Join  (cost=74401.58..101519.75 rows=20769 width=8) (actual time=1236.854..1876.745 rows=30226 loops=1)
              Hash Cond: (mi_idx.movie_id = t.id)
              ->  Seq Scan on movie_info_idx mi_idx  (cost=0.00..21735.35 rows=1380035 width=4) (actual time=0.026..314.476 rows=1380035 loops=1)
              ->  Hash  (cost=73925.90..73925.90 rows=38054 width=4) (actual time=1236.344..1236.344 rows=26139 loops=1)
                    Buckets: 65536  Batches: 1  Memory Usage: 1431kB
                    ->  Seq Scan on title t  (cost=0.00..73925.90 rows=38054 width=4) (actual time=0.040..1222.986 rows=26139 loops=1)
                          Filter: ((kind_id < 3) AND (production_year = 2008))
                          Rows Removed by Filter: 2502173
Planning time: 1.126 ms
Execution time: 22308.273 ms
