Seq Scan on title t  (cost=0.00..73925.90 rows=2531 width=0) (actual time=0.031..1078.992 rows=3835 loops=1)
  Filter: ((kind_id < 4) AND (production_year = 1959))
  Rows Removed by Filter: 2524477
Planning time: 0.396 ms
Execution time: 1080.183 ms
