Hash Join  (cost=83810.17..988419.06 rows=2643431 width=0) (actual time=2861.488..21608.294 rows=4201975 loops=1)
  Hash Cond: (ci.movie_id = t.id)
  ->  Seq Scan on cast_info ci  (cost=0.00..796071.18 rows=6767039 width=4) (actual time=1383.500..13704.003 rows=10438583 loops=1)
        Filter: ((person_id > 2666009) AND (role_id > 1))
        Rows Removed by Filter: 25805761
  ->  Hash  (cost=67604.59..67604.59 rows=987727 width=4) (actual time=1476.631..1476.631 rows=985048 loops=1)
        Buckets: 131072  Batches: 16  Memory Usage: 3188kB
        ->  Seq Scan on title t  (cost=0.00..67604.59 rows=987727 width=4) (actual time=0.042..1174.921 rows=985048 loops=1)
              Filter: (kind_id < 7)
              Rows Removed by Filter: 1543264
Planning time: 0.712 ms
Execution time: 22084.588 ms
