Hash Join  (cost=102229.44..189436.43 rows=54895 width=0) (actual time=1862.073..3675.273 rows=76908 loops=1)
  Hash Cond: (mk.movie_id = t.id)
  ->  Seq Scan on movie_keyword mk  (cost=0.00..69693.30 rows=4523930 width=4) (actual time=0.011..962.697 rows=4523930 loops=1)
  ->  Hash  (cost=101845.92..101845.92 rows=30682 width=8) (actual time=1860.466..1860.466 rows=22023 loops=1)
        Buckets: 32768  Batches: 1  Memory Usage: 1117kB
        ->  Hash Join  (cost=74628.62..101845.92 rows=30682 width=8) (actual time=1210.029..1852.702 rows=22023 loops=1)
              Hash Cond: (mi_idx.movie_id = t.id)
              ->  Seq Scan on movie_info_idx mi_idx  (cost=0.00..21735.35 rows=1380035 width=4) (actual time=0.016..306.026 rows=1380035 loops=1)
              ->  Hash  (cost=73925.90..73925.90 rows=56217 width=4) (actual time=1209.489..1209.489 rows=64637 loops=1)
                    Buckets: 65536  Batches: 1  Memory Usage: 2785kB
                    ->  Seq Scan on title t  (cost=0.00..73925.90 rows=56217 width=4) (actual time=0.036..1182.971 rows=64637 loops=1)
                          Filter: ((kind_id > 3) AND (production_year = 2004))
                          Rows Removed by Filter: 2463675
Planning time: 1.113 ms
Execution time: 3685.253 ms
