Seq Scan on movie_companies mc  (cost=0.00..51404.11 rows=159652 width=0) (actual time=0.028..885.261 rows=162479 loops=1)
  Filter: (company_id < 30)
  Rows Removed by Filter: 2446650
Planning time: 0.304 ms
Execution time: 906.189 ms
