Hash Join  (cost=193536.71..1281275.17 rows=5250329 width=0) (actual time=3879.136..33712.607 rows=9786216 loops=1)
  Hash Cond: (ci.movie_id = t.id)
  ->  Seq Scan on cast_info ci  (cost=0.00..614943.12 rows=36225612 width=4) (actual time=0.021..13394.988 rows=36244344 loops=1)
  ->  Hash  (cost=187523.83..187523.83 rows=366470 width=8) (actual time=3878.031..3878.031 rows=162899 loops=1)
        Buckets: 131072  Batches: 8  Memory Usage: 1824kB
        ->  Hash Join  (cost=74050.79..187523.83 rows=366470 width=8) (actual time=1234.251..3830.149 rows=162899 loops=1)
              Hash Cond: (mk.movie_id = t.id)
              ->  Seq Scan on movie_keyword mk  (cost=0.00..81003.12 rows=2358459 width=4) (actual time=0.013..1572.007 rows=2354900 loops=1)
                    Filter: (keyword_id > 4194)
                    Rows Removed by Filter: 2169030
              ->  Hash  (cost=67604.59..67604.59 rows=392896 width=4) (actual time=1233.175..1233.175 rows=391666 loops=1)
                    Buckets: 131072  Batches: 8  Memory Usage: 2759kB
                    ->  Seq Scan on title t  (cost=0.00..67604.59 rows=392896 width=4) (actual time=0.019..1107.160 rows=391666 loops=1)
                          Filter: (production_year > 2010)
                          Rows Removed by Filter: 2136646
Planning time: 1.101 ms
Execution time: 34692.544 ms
