Hash Join  (cost=86241.46..209908.12 rows=1069550 width=0) (actual time=1588.752..4696.882 rows=1395008 loops=1)
  Hash Cond: (mk.movie_id = t.id)
  ->  Seq Scan on movie_keyword mk  (cost=0.00..81003.12 rows=2380810 width=4) (actual time=0.023..1559.881 rows=2371781 loops=1)
        Filter: (keyword_id > 4043)
        Rows Removed by Filter: 2152149
  ->  Hash  (cost=67604.59..67604.59 rows=1135910 width=4) (actual time=1587.076..1587.076 rows=1133355 loops=1)
        Buckets: 131072  Batches: 16  Memory Usage: 3523kB
        ->  Seq Scan on title t  (cost=0.00..67604.59 rows=1135910 width=4) (actual time=0.028..1220.940 rows=1133355 loops=1)
              Filter: (production_year < 2002)
              Rows Removed by Filter: 1394957
Planning time: 0.659 ms
Execution time: 4856.897 ms
