Seq Scan on movie_keyword mk  (cost=0.00..81003.12 rows=2104019 width=0) (actual time=0.011..1473.610 rows=2102124 loops=1)
  Filter: (keyword_id > 5712)
  Rows Removed by Filter: 2421806
Planning time: 0.296 ms
Execution time: 1748.295 ms
