Hash Join  (cost=365418.15..1987207.27 rows=46663615 width=0) (actual time=8434.141..77276.061 rows=153342780 loops=1)
  Hash Cond: (ci.movie_id = t.id)
  ->  Seq Scan on cast_info ci  (cost=0.00..705507.15 rows=26081352 width=4) (actual time=0.011..16049.596 rows=26297285 loops=1)
        Filter: (person_id > 979199)
        Rows Removed by Filter: 9947059
  ->  Hash  (cost=291197.02..291197.02 rows=4523930 width=8) (actual time=8432.527..8432.527 rows=4523930 loops=1)
        Buckets: 131072  Batches: 64  Memory Usage: 3816kB
        ->  Hash Join  (cost=102767.86..291197.02 rows=4523930 width=8) (actual time=1978.010..7134.220 rows=4523930 loops=1)
              Hash Cond: (mk.movie_id = t.id)
              ->  Seq Scan on movie_keyword mk  (cost=0.00..69693.30 rows=4523930 width=4) (actual time=0.007..1389.838 rows=4523930 loops=1)
              ->  Hash  (cost=61283.27..61283.27 rows=2528527 width=4) (actual time=1976.470..1976.470 rows=2528312 loops=1)
                    Buckets: 131072  Batches: 64  Memory Usage: 2425kB
                    ->  Seq Scan on title t  (cost=0.00..61283.27 rows=2528527 width=4) (actual time=0.014..1111.406 rows=2528312 loops=1)
Planning time: 1.125 ms
Execution time: 95034.028 ms
