Seq Scan on movie_companies mc  (cost=0.00..57926.93 rows=367725 width=0) (actual time=418.115..823.392 rows=53662 loops=1)
  Filter: ((company_id > 36294) AND (company_type_id < 2))
  Rows Removed by Filter: 2555467
Planning time: 0.328 ms
Execution time: 830.237 ms
