Hash Join  (cost=78249.37..548621.15 rows=1017741 width=0) (actual time=1274.145..12292.305 rows=546100 loops=1)
  Hash Cond: (mi.movie_id = t.id)
  ->  Seq Scan on movie_info mi  (cost=0.00..346232.03 rows=9767026 width=4) (actual time=0.010..6494.928 rows=9911754 loops=1)
        Filter: (info_type_id > 4)
        Rows Removed by Filter: 4923966
  ->  Hash  (cost=73925.90..73925.90 rows=263477 width=4) (actual time=1103.664..1103.664 rows=153864 loops=1)
        Buckets: 131072  Batches: 4  Memory Usage: 2382kB
        ->  Seq Scan on title t  (cost=0.00..73925.90 rows=263477 width=4) (actual time=0.035..1047.982 rows=153864 loops=1)
              Filter: ((production_year < 1974) AND (kind_id = 7))
              Rows Removed by Filter: 2374448
Planning time: 0.779 ms
Execution time: 12355.093 ms
