Hash Join  (cost=101931.27..183586.07 rows=1616 width=0) (actual time=1948.921..3337.573 rows=14938 loops=1)
  Hash Cond: (mk.movie_id = t.id)
  ->  Seq Scan on movie_keyword mk  (cost=0.00..81003.12 rows=169469 width=4) (actual time=0.020..1351.713 rows=164589 loops=1)
        Filter: (keyword_id > 72521)
        Rows Removed by Filter: 4359341
  ->  Hash  (cost=101629.84..101629.84 rows=24115 width=8) (actual time=1946.543..1946.543 rows=38455 loops=1)
        Buckets: 65536 (originally 32768)  Batches: 1 (originally 1)  Memory Usage: 2015kB
        ->  Hash Join  (cost=74478.21..101629.84 rows=24115 width=8) (actual time=1239.348..1932.331 rows=38455 loops=1)
              Hash Cond: (mi_idx.movie_id = t.id)
              ->  Seq Scan on movie_info_idx mi_idx  (cost=0.00..21735.35 rows=1380035 width=4) (actual time=0.013..362.277 rows=1380035 loops=1)
              ->  Hash  (cost=73925.90..73925.90 rows=44184 width=4) (actual time=1238.982..1238.982 rows=35489 loops=1)
                    Buckets: 65536  Batches: 1  Memory Usage: 1760kB
                    ->  Seq Scan on title t  (cost=0.00..73925.90 rows=44184 width=4) (actual time=0.015..1224.933 rows=35489 loops=1)
                          Filter: ((kind_id < 7) AND (production_year = 2007))
                          Rows Removed by Filter: 2492823
Planning time: 6.067 ms
Execution time: 3340.076 ms
