Hash Join  (cost=262663.31..869137.95 rows=10144584 width=0) (actual time=5273.294..22068.395 rows=12522881 loops=1)
  Hash Cond: (mi.movie_id = t.id)
  ->  Seq Scan on movie_info mi  (cost=0.00..309384.22 rows=14739122 width=4) (actual time=0.012..6113.894 rows=14835720 loops=1)
  ->  Hash  (cost=234110.26..234110.26 rows=1740324 width=8) (actual time=5271.419..5271.419 rows=853801 loops=1)
        Buckets: 131072  Batches: 32  Memory Usage: 2068kB
        ->  Hash Join  (cost=98137.04..234110.26 rows=1740324 width=8) (actual time=1951.158..5036.910 rows=853801 loops=1)
              Hash Cond: (mk.movie_id = t.id)
              ->  Seq Scan on movie_keyword mk  (cost=0.00..81003.12 rows=2364571 width=4) (actual time=0.020..1539.474 rows=2366183 loops=1)
                    Filter: (keyword_id < 5353)
                    Rows Removed by Filter: 2157747
              ->  Hash  (cost=67604.59..67604.59 rows=1860996 width=4) (actual time=1950.027..1950.027 rows=1865487 loops=1)
                    Buckets: 131072  Batches: 32  Memory Usage: 3085kB
                    ->  Seq Scan on title t  (cost=0.00..67604.59 rows=1860996 width=4) (actual time=0.026..1310.236 rows=1865487 loops=1)
                          Filter: (kind_id > 1)
                          Rows Removed by Filter: 662825
Planning time: 1.131 ms
Execution time: 23439.425 ms
