Seq Scan on movie_keyword mk  (cost=0.00..81003.12 rows=246 width=0) (actual time=0.437..1204.199 rows=161 loops=1)
  Filter: (keyword_id = 19803)
  Rows Removed by Filter: 4523769
Planning time: 0.368 ms
Execution time: 1204.390 ms
