Seq Scan on movie_keyword mk  (cost=0.00..81003.12 rows=246 width=0) (actual time=0.191..1194.075 rows=240 loops=1)
  Filter: (keyword_id = 11125)
  Rows Removed by Filter: 4523690
Planning time: 0.351 ms
Execution time: 1194.300 ms
