Hash Join  (cost=149890.16..902943.38 rows=226406 width=0) (actual time=2961.742..21488.405 rows=665339 loops=1)
  Hash Cond: (ci.movie_id = t.id)
  ->  Seq Scan on cast_info ci  (cost=0.00..614943.12 rows=36225612 width=4) (actual time=0.016..8274.555 rows=36244344 loops=1)
  ->  Hash  (cost=149692.62..149692.62 rows=15803 width=8) (actual time=2961.529..2961.529 rows=28904 loops=1)
        Buckets: 32768 (originally 16384)  Batches: 1 (originally 1)  Memory Usage: 1386kB
        ->  Hash Join  (cost=93155.63..149692.62 rows=15803 width=8) (actual time=1857.353..2950.015 rows=28904 loops=1)
              Hash Cond: (mc.movie_id = t.id)
              ->  Seq Scan on movie_companies mc  (cost=0.00..51404.11 rows=34093 width=4) (actual time=4.731..870.750 rows=36136 loops=1)
                    Filter: (company_id = 160)
                    Rows Removed by Filter: 2572993
              ->  Hash  (cost=73925.90..73925.90 rows=1172058 width=4) (actual time=1841.319..1841.319 rows=1128906 loops=1)
                    Buckets: 131072  Batches: 16  Memory Usage: 3503kB
                    ->  Seq Scan on title t  (cost=0.00..73925.90 rows=1172058 width=4) (actual time=0.021..1493.564 rows=1128906 loops=1)
                          Filter: ((production_year < 2010) AND (kind_id = 7))
                          Rows Removed by Filter: 1399406
Planning time: 1.193 ms
Execution time: 21575.804 ms
