Hash Join  (cost=494587.01..638880.48 rows=1829643 width=0) (actual time=8577.050..12155.715 rows=974394 loops=1)
  Hash Cond: (mk.movie_id = t.id)
  ->  Seq Scan on movie_keyword mk  (cost=0.00..69693.30 rows=4523930 width=4) (actual time=0.016..1386.127 rows=4523930 loops=1)
  ->  Hash  (cost=477809.15..477809.15 rows=1022629 width=8) (actual time=8574.935..8574.935 rows=203472 loops=1)
        Buckets: 131072  Batches: 16  Memory Usage: 1535kB
        ->  Hash Join  (cost=94973.51..477809.15 rows=1022629 width=8) (actual time=4684.088..8508.350 rows=203472 loops=1)
              Hash Cond: (mi.movie_id = t.id)
              ->  Seq Scan on movie_info mi  (cost=0.00..346232.03 rows=1550064 width=4) (actual time=2850.957..5591.708 rows=1533909 loops=1)
                    Filter: (info_type_id = 3)
                    Rows Removed by Filter: 13301811
              ->  Hash  (cost=67604.59..67604.59 rows=1668154 width=4) (actual time=1828.747..1828.747 rows=1674098 loops=1)
                    Buckets: 131072  Batches: 32  Memory Usage: 2875kB
                    ->  Seq Scan on title t  (cost=0.00..67604.59 rows=1668154 width=4) (actual time=0.027..1267.436 rows=1674098 loops=1)
                          Filter: (kind_id > 3)
                          Rows Removed by Filter: 854214
Planning time: 1.667 ms
Execution time: 12274.677 ms
