Hash Join  (cost=128197.39..214890.91 rows=3548 width=0) (actual time=2319.060..4025.769 rows=18089 loops=1)
  Hash Cond: (mk.movie_id = t.id)
  ->  Seq Scan on movie_keyword mk  (cost=0.00..69693.30 rows=4523930 width=4) (actual time=0.023..942.279 rows=4523930 loops=1)
  ->  Hash  (cost=128172.60..128172.60 rows=1983 width=8) (actual time=2318.790..2318.790 rows=5154 loops=1)
        Buckets: 8192 (originally 2048)  Batches: 1 (originally 1)  Memory Usage: 266kB
        ->  Hash Join  (cost=67697.55..128172.60 rows=1983 width=8) (actual time=1136.546..2316.421 rows=5154 loops=1)
              Hash Cond: (mc.movie_id = t.id)
              ->  Seq Scan on movie_companies mc  (cost=0.00..57926.93 rows=674210 width=4) (actual time=0.021..1009.793 rows=917417 loops=1)
                    Filter: ((company_id > 11209) AND (company_type_id > 1))
                    Rows Removed by Filter: 1691712
              ->  Hash  (cost=67604.59..67604.59 rows=7437 width=4) (actual time=1136.326..1136.326 rows=9491 loops=1)
                    Buckets: 16384 (originally 8192)  Batches: 1 (originally 1)  Memory Usage: 462kB
                    ->  Seq Scan on title t  (cost=0.00..67604.59 rows=7437 width=4) (actual time=0.049..1131.473 rows=9491 loops=1)
                          Filter: (production_year = 1957)
                          Rows Removed by Filter: 2518821
Planning time: 1.108 ms
Execution time: 4028.440 ms
