Hash Join  (cost=82423.69..184770.32 rows=420454 width=0) (actual time=1473.379..3648.251 rows=265808 loops=1)
  Hash Cond: (mk.movie_id = t.id)
  ->  Seq Scan on movie_keyword mk  (cost=0.00..81003.12 rows=1177058 width=4) (actual time=0.027..1442.292 rows=1181859 loops=1)
        Filter: (keyword_id < 1401)
        Rows Removed by Filter: 3342071
  ->  Hash  (cost=67604.59..67604.59 rows=903208 width=4) (actual time=1472.536..1472.536 rows=904491 loops=1)
        Buckets: 131072  Batches: 16  Memory Usage: 3017kB
        ->  Seq Scan on title t  (cost=0.00..67604.59 rows=903208 width=4) (actual time=0.049..1171.591 rows=904491 loops=1)
              Filter: (production_year > 2006)
              Rows Removed by Filter: 1623821
Planning time: 0.750 ms
Execution time: 3677.714 ms
