Seq Scan on title t  (cost=0.00..73925.90 rows=12027 width=0) (actual time=265.891..833.398 rows=3 loops=1)
  Filter: ((production_year < 1962) AND (kind_id = 4))
  Rows Removed by Filter: 2528309
Planning time: 0.359 ms
Execution time: 833.519 ms
