Hash Join  (cost=271458.86..889274.93 rows=11207524 width=0) (actual time=6172.930..40301.029 rows=94360506 loops=1)
  Hash Cond: (mi.movie_id = t.id)
  ->  Seq Scan on movie_info mi  (cost=0.00..309384.22 rows=14739122 width=4) (actual time=0.021..6154.066 rows=14835720 loops=1)
  ->  Hash  (cost=239914.43..239914.43 rows=1922674 width=8) (actual time=6171.446..6171.446 rows=1941569 loops=1)
        Buckets: 131072  Batches: 32  Memory Usage: 3460kB
        ->  Hash Join  (cost=102767.86..239914.43 rows=1922674 width=8) (actual time=2090.521..5630.092 rows=1941569 loops=1)
              Hash Cond: (mk.movie_id = t.id)
              ->  Seq Scan on movie_keyword mk  (cost=0.00..81003.12 rows=1922674 width=4) (actual time=0.015..1681.874 rows=1941569 loops=1)
                    Filter: (keyword_id < 3339)
                    Rows Removed by Filter: 2582361
              ->  Hash  (cost=61283.27..61283.27 rows=2528527 width=4) (actual time=2088.277..2088.277 rows=2528312 loops=1)
                    Buckets: 131072  Batches: 64  Memory Usage: 2425kB
                    ->  Seq Scan on title t  (cost=0.00..61283.27 rows=2528527 width=4) (actual time=0.030..1210.017 rows=2528312 loops=1)
Planning time: 10.151 ms
Execution time: 50545.755 ms
