Hash Join  (cost=719511.94..2401690.96 rows=48456248 width=0) (actual time=21825.447..107042.685 rows=176727957 loops=1)
  Hash Cond: (ci.movie_id = t.id)
  ->  Seq Scan on cast_info ci  (cost=0.00..796071.18 rows=21280235 width=4) (actual time=0.027..18466.641 rows=20151686 loops=1)
        Filter: ((person_id < 3435613) AND (role_id > 1))
        Rows Removed by Filter: 16092658
  ->  Hash  (cost=625051.03..625051.03 rows=5757593 width=8) (actual time=21819.483..21819.483 rows=10872384 loops=1)
        Buckets: 131072 (originally 131072)  Batches: 256 (originally 128)  Memory Usage: 3073kB
        ->  Hash Join  (cost=83810.17..625051.03 rows=5757593 width=8) (actual time=1584.382..18729.331 rows=10872384 loops=1)
              Hash Cond: (mi.movie_id = t.id)
              ->  Seq Scan on movie_info mi  (cost=0.00..309384.22 rows=14739122 width=4) (actual time=0.023..6643.947 rows=14835720 loops=1)
              ->  Hash  (cost=67604.59..67604.59 rows=987727 width=4) (actual time=1583.481..1583.481 rows=985048 loops=1)
                    Buckets: 131072  Batches: 16  Memory Usage: 3197kB
                    ->  Seq Scan on title t  (cost=0.00..67604.59 rows=987727 width=4) (actual time=0.017..1275.627 rows=985048 loops=1)
                          Filter: (kind_id < 7)
                          Rows Removed by Filter: 1543264
Planning time: 1.240 ms
Execution time: 127316.296 ms
