Hash Join  (cost=96527.63..135005.60 rows=253303 width=0) (actual time=1840.507..2794.737 rows=140385 loops=1)
  Hash Cond: (mi_idx.movie_id = t.id)
  ->  Seq Scan on movie_info_idx mi_idx  (cost=0.00..25185.44 rows=464934 width=4) (actual time=0.023..450.482 rows=460185 loops=1)
        Filter: (info_type_id > 100)
        Rows Removed by Filter: 919850
  ->  Hash  (cost=73925.90..73925.90 rows=1377578 width=4) (actual time=1839.392..1839.392 rows=1455833 loops=1)
        Buckets: 131072  Batches: 32  Memory Usage: 2626kB
        ->  Seq Scan on title t  (cost=0.00..73925.90 rows=1377578 width=4) (actual time=0.014..1381.489 rows=1455833 loops=1)
              Filter: ((production_year > 1955) AND (kind_id = 7))
              Rows Removed by Filter: 1072479
Planning time: 0.743 ms
Execution time: 2811.479 ms
