Seq Scan on cast_info ci  (cost=0.00..796071.18 rows=1851226 width=0) (actual time=3926.071..11285.721 rows=4448550 loops=1)
  Filter: ((person_id > 2542616) AND (role_id > 8))
  Rows Removed by Filter: 31795794
Planning time: 1.127 ms
Execution time: 11718.844 ms
