Hash Join  (cost=73999.64..100942.32 rows=3220 width=0) (actual time=1404.380..1604.457 rows=4980 loops=1)
  Hash Cond: (mi_idx.movie_id = t.id)
  ->  Seq Scan on movie_info_idx mi_idx  (cost=0.00..21735.35 rows=1380035 width=4) (actual time=0.014..249.325 rows=1380035 loops=1)
  ->  Hash  (cost=73925.90..73925.90 rows=5899 width=4) (actual time=1089.121..1089.121 rows=5540 loops=1)
        Buckets: 8192  Batches: 1  Memory Usage: 259kB
        ->  Seq Scan on title t  (cost=0.00..73925.90 rows=5899 width=4) (actual time=24.165..1086.341 rows=5540 loops=1)
              Filter: ((kind_id = 2) AND (production_year = 2012))
              Rows Removed by Filter: 2522772
Planning time: 0.737 ms
Execution time: 1605.264 ms
