Hash Join  (cost=118941.10..1236078.64 rows=2807122 width=0) (actual time=2458.107..33737.359 rows=4134239 loops=1)
  Hash Cond: (ci.movie_id = t.id)
  ->  Seq Scan on cast_info ci  (cost=0.00..705507.15 rows=33100053 width=4) (actual time=0.015..16169.691 rows=33211978 loops=1)
        Filter: (person_id > 294385)
        Rows Removed by Filter: 3032366
  ->  Hash  (cost=115422.64..115422.64 rows=214437 width=8) (actual time=2457.110..2457.110 rows=131526 loops=1)
        Buckets: 131072  Batches: 4  Memory Usage: 2311kB
        ->  Hash Join  (cost=74050.79..115422.64 rows=214437 width=8) (actual time=1280.933..2413.090 rows=131526 loops=1)
              Hash Cond: (mi_idx.movie_id = t.id)
              ->  Seq Scan on movie_info_idx mi_idx  (cost=0.00..21735.35 rows=1380035 width=4) (actual time=0.023..426.965 rows=1380035 loops=1)
              ->  Hash  (cost=67604.59..67604.59 rows=392896 width=4) (actual time=1279.723..1279.723 rows=391666 loops=1)
                    Buckets: 131072  Batches: 8  Memory Usage: 2753kB
                    ->  Seq Scan on title t  (cost=0.00..67604.59 rows=392896 width=4) (actual time=0.019..1149.280 rows=391666 loops=1)
                          Filter: (production_year > 2010)
                          Rows Removed by Filter: 2136646
Planning time: 2.118 ms
Execution time: 34205.021 ms
