Hash Join  (cost=67697.55..432786.99 rows=43351 width=0) (actual time=1117.981..8344.574 rows=39450 loops=1)
  Hash Cond: (mi.movie_id = t.id)
  ->  Seq Scan on movie_info mi  (cost=0.00..309384.22 rows=14739122 width=4) (actual time=0.021..4447.935 rows=14835720 loops=1)
  ->  Hash  (cost=67604.59..67604.59 rows=7437 width=4) (actual time=954.056..954.056 rows=4012 loops=1)
        Buckets: 8192  Batches: 1  Memory Usage: 206kB
        ->  Seq Scan on title t  (cost=0.00..67604.59 rows=7437 width=4) (actual time=0.018..952.255 rows=4012 loops=1)
              Filter: (production_year = 1920)
              Rows Removed by Filter: 2524300
Planning time: 0.750 ms
Execution time: 8351.876 ms
