Hash Join  (cost=979800.10..1663354.00 rows=3554985 width=0) (actual time=27086.269..42331.042 rows=7535828 loops=1)
  Hash Cond: (mi.movie_id = t.id)
  ->  Seq Scan on movie_info mi  (cost=0.00..309384.22 rows=14739122 width=4) (actual time=0.018..6289.373 rows=14835720 loops=1)
  ->  Hash  (cost=969793.78..969793.78 rows=609865 width=8) (actual time=27084.150..27084.150 rows=606474 loops=1)
        Buckets: 131072  Batches: 8  Memory Usage: 3958kB
        ->  Hash Join  (cost=68332.59..969793.78 rows=609865 width=8) (actual time=1017.486..26535.920 rows=606474 loops=1)
              Hash Cond: (ci.movie_id = t.id)
              ->  Seq Scan on cast_info ci  (cost=0.00..796071.18 rows=26477698 width=4) (actual time=0.020..17548.370 rows=26111599 loops=1)
                    Filter: ((person_id > 556672) AND (role_id < 10))
                    Rows Removed by Filter: 10132745
              ->  Hash  (cost=67604.59..67604.59 rows=58240 width=4) (actual time=1017.127..1017.127 rows=58590 loops=1)
                    Buckets: 65536  Batches: 1  Memory Usage: 2572kB
                    ->  Seq Scan on title t  (cost=0.00..67604.59 rows=58240 width=4) (actual time=0.022..993.599 rows=58590 loops=1)
                          Filter: (production_year = 2001)
                          Rows Removed by Filter: 2469722
Planning time: 1.477 ms
Execution time: 43129.599 ms
