Hash Join  (cost=165880.14..873156.53 rows=1834 width=0) (actual time=14803.537..15471.982 rows=7811 loops=1)
  Hash Cond: (ci.movie_id = t.id)
  ->  Seq Scan on cast_info ci  (cost=0.00..705507.15 rows=350181 width=4) (actual time=12102.502..12743.827 rows=316118 loops=1)
        Filter: (role_id > 10)
        Rows Removed by Filter: 35928226
  ->  Hash  (cost=165714.62..165714.62 rows=13241 width=8) (actual time=2700.358..2700.358 rows=25516 loops=1)
        Buckets: 32768 (originally 16384)  Batches: 1 (originally 1)  Memory Usage: 1253kB
        ->  Hash Join  (cost=67697.55..165714.62 rows=13241 width=8) (actual time=978.152..2693.470 rows=25516 loops=1)
              Hash Cond: (mk.movie_id = t.id)
              ->  Seq Scan on movie_keyword mk  (cost=0.00..81003.12 rows=4501744 width=4) (actual time=0.030..1163.367 rows=4505162 loops=1)
                    Filter: (keyword_id < 118229)
                    Rows Removed by Filter: 18768
              ->  Hash  (cost=67604.59..67604.59 rows=7437 width=4) (actual time=977.699..977.699 rows=14349 loops=1)
                    Buckets: 16384 (originally 8192)  Batches: 1 (originally 1)  Memory Usage: 633kB
                    ->  Seq Scan on title t  (cost=0.00..67604.59 rows=7437 width=4) (actual time=0.144..970.194 rows=14349 loops=1)
                          Filter: (production_year = 1969)
                          Rows Removed by Filter: 2513963
Planning time: 1.150 ms
Execution time: 15472.805 ms
