Seq Scan on cast_info ci  (cost=0.00..796071.18 rows=168 width=0) (actual time=613.028..12274.618 rows=1159 loops=1)
  Filter: ((role_id > 3) AND (person_id = 1749775))
  Rows Removed by Filter: 36243185
Planning time: 0.400 ms
Execution time: 12274.866 ms
