Nested Loop  (cost=0.43..133888.98 rows=6161 width=0) (actual time=0.812..1187.002 rows=5525 loops=1)
  ->  Seq Scan on movie_keyword mk  (cost=0.00..81003.12 rows=7691 width=4) (actual time=0.678..1028.502 rows=6501 loops=1)
        Filter: (keyword_id = 355)
        Rows Removed by Filter: 4517429
  ->  Index Scan using title_pkey on title t  (cost=0.43..6.87 rows=1 width=4) (actual time=0.024..0.024 rows=1 loops=6501)
        Index Cond: (id = mk.movie_id)
        Filter: (production_year > 1974)
        Rows Removed by Filter: 0
Planning time: 0.697 ms
Execution time: 1188.540 ms
