Seq Scan on movie_companies mc  (cost=0.00..51404.11 rows=631499 width=0) (actual time=0.036..898.961 rows=635685 loops=1)
  Filter: (company_id > 58189)
  Rows Removed by Filter: 1973444
Planning time: 0.306 ms
Execution time: 978.958 ms
