Seq Scan on movie_keyword mk  (cost=0.00..81003.12 rows=2013796 width=0) (actual time=0.014..983.277 rows=2017565 loops=1)
  Filter: (keyword_id < 3609)
  Rows Removed by Filter: 2506365
Planning time: 0.316 ms
Execution time: 1174.032 ms
