Seq Scan on cast_info ci  (cost=0.00..796071.18 rows=276 width=0) (actual time=7822.382..14394.037 rows=23 loops=1)
  Filter: ((role_id < 3) AND (person_id = 607293))
  Rows Removed by Filter: 36244321
Planning time: 0.356 ms
Execution time: 14394.151 ms
