Seq Scan on cast_info ci  (cost=0.00..796071.18 rows=476857 width=0) (actual time=10302.553..12277.061 rows=867325 loops=1)
  Filter: ((person_id > 3014749) AND (role_id = 4))
  Rows Removed by Filter: 35377019
Planning time: 0.475 ms
Execution time: 12384.537 ms
