Hash Join  (cost=74574.97..167171.40 rows=60191 width=0) (actual time=2038.456..3401.724 rows=12374 loops=1)
  Hash Cond: (mk.movie_id = t.id)
  ->  Seq Scan on movie_keyword mk  (cost=0.00..81003.12 rows=2931039 width=4) (actual time=0.025..1639.403 rows=2917560 loops=1)
        Filter: (keyword_id < 9489)
        Rows Removed by Filter: 1606370
  ->  Hash  (cost=73925.90..73925.90 rows=51925 width=4) (actual time=1246.195..1246.195 rows=56480 loops=1)
        Buckets: 65536  Batches: 1  Memory Usage: 2498kB
        ->  Seq Scan on title t  (cost=0.00..73925.90 rows=51925 width=4) (actual time=0.046..1222.575 rows=56480 loops=1)
              Filter: ((kind_id = 7) AND (production_year = 2004))
              Rows Removed by Filter: 2471832
Planning time: 0.740 ms
Execution time: 3403.592 ms
