Seq Scan on movie_keyword mk  (cost=0.00..81003.12 rows=246 width=0) (actual time=5.710..1213.283 rows=36 loops=1)
  Filter: (keyword_id = 27331)
  Rows Removed by Filter: 4523894
Planning time: 0.394 ms
Execution time: 1213.402 ms
