Hash Join  (cost=165006.86..972021.37 rows=125902 width=0) (actual time=7349.959..16615.432 rows=837643 loops=1)
  Hash Cond: (ci.movie_id = t.id)
  ->  Seq Scan on cast_info ci  (cost=0.00..796071.18 rows=679015 width=4) (actual time=3520.444..11894.265 rows=1346011 loops=1)
        Filter: ((person_id < 184770) AND (role_id = 1))
        Rows Removed by Filter: 34898333
  ->  Hash  (cost=157314.41..157314.41 rows=468836 width=8) (actual time=3828.225..3828.225 rows=657853 loops=1)
        Buckets: 131072 (originally 131072)  Batches: 16 (originally 8)  Memory Usage: 3073kB
        ->  Hash Join  (cost=82805.75..157314.41 rows=468836 width=8) (actual time=1605.387..3626.965 rows=657853 loops=1)
              Hash Cond: (mc.movie_id = t.id)
              ->  Seq Scan on movie_companies mc  (cost=0.00..51404.11 rows=1279517 width=4) (actual time=0.025..1028.250 rows=1274246 loops=1)
                    Filter: (company_type_id < 2)
                    Rows Removed by Filter: 1334883
              ->  Hash  (cost=67604.59..67604.59 rows=926493 width=4) (actual time=1604.558..1604.558 rows=924605 loops=1)
                    Buckets: 131072  Batches: 16  Memory Usage: 3056kB
                    ->  Seq Scan on title t  (cost=0.00..67604.59 rows=926493 width=4) (actual time=0.017..1313.774 rows=924605 loops=1)
                          Filter: (production_year < 1998)
                          Rows Removed by Filter: 1603707
Planning time: 1.162 ms
Execution time: 16706.615 ms
