Hash Join  (cost=157700.94..283637.05 rows=322907 width=0) (actual time=3711.649..6377.546 rows=500938 loops=1)
  Hash Cond: (mk.movie_id = t.id)
  ->  Seq Scan on movie_keyword mk  (cost=0.00..69693.30 rows=4523930 width=4) (actual time=0.016..1420.187 rows=4523930 loops=1)
  ->  Hash  (cost=154739.94..154739.94 rows=180480 width=8) (actual time=3277.095..3277.095 rows=118280 loops=1)
        Buckets: 131072  Batches: 4  Memory Usage: 2175kB
        ->  Hash Join  (cost=84037.34..154739.94 rows=180480 width=8) (actual time=1655.805..3242.277 rows=118280 loops=1)
              Hash Cond: (mc.movie_id = t.id)
              ->  Seq Scan on movie_companies mc  (cost=0.00..57926.93 rows=740496 width=4) (actual time=0.017..1048.379 rows=1019733 loops=1)
                    Filter: ((company_id < 13930) AND (company_type_id = 1))
                    Rows Removed by Filter: 1589396
              ->  Hash  (cost=73925.90..73925.90 rows=616275 width=4) (actual time=1654.822..1654.822 rows=676927 loops=1)
                    Buckets: 131072  Batches: 16  Memory Usage: 2516kB
                    ->  Seq Scan on title t  (cost=0.00..73925.90 rows=616275 width=4) (actual time=0.022..1437.703 rows=676927 loops=1)
                          Filter: ((production_year > 2005) AND (kind_id = 7))
                          Rows Removed by Filter: 1851385
Planning time: 1.172 ms
Execution time: 6431.955 ms
