Seq Scan on title t  (cost=0.00..73925.90 rows=195570 width=0) (actual time=0.055..1219.446 rows=300646 loops=1)
  Filter: ((kind_id < 7) AND (production_year < 1979))
  Rows Removed by Filter: 2227666
Planning time: 3.520 ms
Execution time: 1262.301 ms
