Hash Join  (cost=174403.47..1293287.91 rows=7830866 width=0) (actual time=5085.516..43687.764 rows=37204929 loops=1)
  Hash Cond: (ci.movie_id = t.id)
  ->  Seq Scan on cast_info ci  (cost=0.00..705507.15 rows=28746034 width=4) (actual time=752.439..15671.436 rows=28837040 loops=1)
        Filter: (person_id > 716855)
        Rows Removed by Filter: 7407304
  ->  Hash  (cost=163102.35..163102.35 rows=688810 width=8) (actual time=4331.925..4331.925 rows=1307690 loops=1)
        Buckets: 131072 (originally 131072)  Batches: 32 (originally 16)  Memory Usage: 3073kB
        ->  Hash Join  (cost=78556.72..163102.35 rows=688810 width=8) (actual time=1335.490..3972.177 rows=1307690 loops=1)
              Hash Cond: (mc.movie_id = t.id)
              ->  Seq Scan on movie_companies mc  (cost=0.00..44881.29 rows=2609129 width=4) (actual time=0.025..939.084 rows=2609129 loops=1)
              ->  Hash  (cost=67604.59..67604.59 rows=667531 width=4) (actual time=1334.819..1334.819 rows=662825 loops=1)
                    Buckets: 131072  Batches: 16  Memory Usage: 2476kB
                    ->  Seq Scan on title t  (cost=0.00..67604.59 rows=667531 width=4) (actual time=0.020..1140.074 rows=662825 loops=1)
                          Filter: (kind_id = 1)
                          Rows Removed by Filter: 1865487
Planning time: 1.168 ms
Execution time: 47688.188 ms
