Nested Loop  (cost=0.43..709671.90 rows=500 width=0) (actual time=9333.869..10983.142 rows=19 loops=1)
  ->  Seq Scan on cast_info ci  (cost=0.00..705507.15 rows=500 width=4) (actual time=9333.738..10982.685 rows=19 loops=1)
        Filter: (person_id = 2575131)
        Rows Removed by Filter: 36244325
  ->  Index Only Scan using title_pkey on title t  (cost=0.43..8.32 rows=1 width=4) (actual time=0.019..0.020 rows=1 loops=19)
        Index Cond: (id = ci.movie_id)
        Heap Fetches: 19
Planning time: 6.508 ms
Execution time: 10983.226 ms
