Hash Join  (cost=74787.47..840238.62 rows=406209 width=0) (actual time=2423.519..18340.833 rows=577305 loops=1)
  Hash Cond: (ci.movie_id = t.id)
  ->  Seq Scan on cast_info ci  (cost=0.00..705507.15 rows=14901843 width=4) (actual time=1680.214..12528.544 rows=15066894 loops=1)
        Filter: (person_id > 2139619)
        Rows Removed by Filter: 21177450
  ->  Hash  (cost=73925.90..73925.90 rows=68925 width=4) (actual time=742.090..742.090 rows=84076 loops=1)
        Buckets: 131072  Batches: 1  Memory Usage: 3980kB
        ->  Seq Scan on title t  (cost=0.00..73925.90 rows=68925 width=4) (actual time=0.043..711.577 rows=84076 loops=1)
              Filter: ((kind_id = 7) AND (production_year = 2007))
              Rows Removed by Filter: 2444236
Planning time: 0.809 ms
Execution time: 18418.045 ms
