Nested Loop  (cost=0.43..83071.67 rows=246 width=0) (actual time=0.951..1286.410 rows=335 loops=1)
  ->  Seq Scan on movie_keyword mk  (cost=0.00..81003.12 rows=246 width=4) (actual time=0.886..1269.174 rows=335 loops=1)
        Filter: (keyword_id = 7455)
        Rows Removed by Filter: 4523595
  ->  Index Only Scan using title_pkey on title t  (cost=0.43..8.40 rows=1 width=4) (actual time=0.048..0.049 rows=1 loops=335)
        Index Cond: (id = mk.movie_id)
        Heap Fetches: 335
Planning time: 0.696 ms
Execution time: 1286.663 ms
