Seq Scan on title t  (cost=0.00..73925.90 rows=1481582 width=0) (actual time=188.696..1383.742 rows=1478439 loops=1)
  Filter: ((production_year > 1910) AND (kind_id = 7))
  Rows Removed by Filter: 1049873
Planning time: 0.385 ms
Execution time: 1567.133 ms
