Hash Join  (cost=180742.43..590388.54 rows=494072 width=0) (actual time=3726.816..12511.781 rows=1198656 loops=1)
  Hash Cond: (mi.movie_id = t.id)
  ->  Seq Scan on movie_info mi  (cost=0.00..346232.03 rows=4972096 width=4) (actual time=0.025..6237.676 rows=4923966 loops=1)
        Filter: (info_type_id < 5)
        Rows Removed by Filter: 9911754
  ->  Hash  (cost=176619.72..176619.72 rows=251257 width=8) (actual time=3725.809..3725.809 rows=375853 loops=1)
        Buckets: 131072 (originally 131072)  Batches: 8 (originally 4)  Memory Usage: 3073kB
        ->  Hash Join  (cost=102767.86..176619.72 rows=251257 width=8) (actual time=2105.926..3599.182 rows=375853 loops=1)
              Hash Cond: (mc.movie_id = t.id)
              ->  Seq Scan on movie_companies mc  (cost=0.00..57926.93 rows=251257 width=4) (actual time=192.530..940.414 rows=375853 loops=1)
                    Filter: ((company_id < 474) AND (company_type_id = 1))
                    Rows Removed by Filter: 2233276
              ->  Hash  (cost=61283.27..61283.27 rows=2528527 width=4) (actual time=1912.085..1912.085 rows=2528312 loops=1)
                    Buckets: 131072  Batches: 64  Memory Usage: 2415kB
                    ->  Seq Scan on title t  (cost=0.00..61283.27 rows=2528527 width=4) (actual time=0.020..1081.226 rows=2528312 loops=1)
Planning time: 1.951 ms
Execution time: 12642.409 ms
