Hash Join  (cost=146378.00..512452.50 rows=141858 width=0) (actual time=2742.261..10357.950 rows=83404 loops=1)
  Hash Cond: (mi.movie_id = t.id)
  ->  Seq Scan on movie_info mi  (cost=0.00..309384.22 rows=14739122 width=4) (actual time=0.027..4486.761 rows=14835720 loops=1)
  ->  Hash  (cost=146073.80..146073.80 rows=24336 width=8) (actual time=2735.973..2735.973 rows=8024 loops=1)
        Buckets: 32768  Batches: 1  Memory Usage: 570kB
        ->  Hash Join  (cost=89893.22..146073.80 rows=24336 width=8) (actual time=1789.356..2732.694 rows=8024 loops=1)
              Hash Cond: (mc.movie_id = t.id)
              ->  Seq Scan on movie_companies mc  (cost=0.00..51404.11 rows=63228 width=4) (actual time=0.270..780.380 rows=62075 loops=1)
                    Filter: (company_id = 6)
                    Rows Removed by Filter: 2547054
              ->  Hash  (cost=73925.90..73925.90 rows=973225 width=4) (actual time=1748.504..1748.504 rows=1057588 loops=1)
                    Buckets: 131072  Batches: 16  Memory Usage: 3355kB
                    ->  Seq Scan on title t  (cost=0.00..73925.90 rows=973225 width=4) (actual time=0.019..1413.258 rows=1057588 loops=1)
                          Filter: ((kind_id > 1) AND (production_year > 2001))
                          Rows Removed by Filter: 1470724
Planning time: 1.203 ms
Execution time: 10370.087 ms
