Seq Scan on cast_info ci  (cost=0.00..705507.15 rows=4855763 width=0) (actual time=0.022..11757.768 rows=4740816 loops=1)
  Filter: (person_id < 460031)
  Rows Removed by Filter: 31503528
Planning time: 0.329 ms
Execution time: 12355.347 ms
