Hash Join  (cost=156407.73..241471.17 rows=726392 width=0) (actual time=3521.029..6141.666 rows=1297608 loops=1)
  Hash Cond: (mc.movie_id = t.id)
  ->  Seq Scan on movie_companies mc  (cost=0.00..44881.29 rows=2609129 width=4) (actual time=0.011..1008.032 rows=2609129 loops=1)
  ->  Hash  (cost=144858.33..144858.33 rows=703952 width=8) (actual time=3519.929..3519.929 rows=564510 loops=1)
        Buckets: 131072  Batches: 16  Memory Usage: 2415kB
        ->  Hash Join  (cost=95087.33..144858.33 rows=703952 width=8) (actual time=1942.541..3359.211 rows=564510 loops=1)
              Hash Cond: (mi_idx.movie_id = t.id)
              ->  Seq Scan on movie_info_idx mi_idx  (cost=0.00..21735.35 rows=1380035 width=4) (actual time=0.026..422.445 rows=1380035 loops=1)
              ->  Hash  (cost=73925.90..73925.90 rows=1289794 width=4) (actual time=1941.142..1941.142 rows=1413747 loops=1)
                    Buckets: 131072  Batches: 32  Memory Usage: 2586kB
                    ->  Seq Scan on title t  (cost=0.00..73925.90 rows=1289794 width=4) (actual time=0.013..1492.557 rows=1413747 loops=1)
                          Filter: ((kind_id > 1) AND (production_year > 1990))
                          Rows Removed by Filter: 1114565
Planning time: 1.122 ms
Execution time: 6302.860 ms
