Seq Scan on movie_keyword mk  (cost=0.00..81003.12 rows=246 width=0) (actual time=2.448..1263.856 rows=387 loops=1)
  Filter: (keyword_id = 8528)
  Rows Removed by Filter: 4523543
Planning time: 0.359 ms
Execution time: 1264.157 ms
