Hash Join  (cost=100963.93..187646.32 rows=2435 width=0) (actual time=1490.949..3278.964 rows=1829 loops=1)
  Hash Cond: (mk.movie_id = t.id)
  ->  Seq Scan on movie_keyword mk  (cost=0.00..69693.30 rows=4523930 width=4) (actual time=0.025..1010.353 rows=4523930 loops=1)
  ->  Hash  (cost=100946.92..100946.92 rows=1361 width=8) (actual time=1483.191..1483.191 rows=448 loops=1)
        Buckets: 2048  Batches: 1  Memory Usage: 34kB
        ->  Hash Join  (cost=74019.21..100946.92 rows=1361 width=8) (actual time=1038.797..1482.902 rows=448 loops=1)
              Hash Cond: (mi_idx.movie_id = t.id)
              ->  Seq Scan on movie_info_idx mi_idx  (cost=0.00..25185.44 rows=460978 width=4) (actual time=0.017..423.724 rows=459925 loops=1)
                    Filter: (info_type_id < 100)
                    Rows Removed by Filter: 920110
              ->  Hash  (cost=73925.90..73925.90 rows=7464 width=4) (actual time=971.730..971.730 rows=5186 loops=1)
                    Buckets: 8192  Batches: 1  Memory Usage: 247kB
                    ->  Seq Scan on title t  (cost=0.00..73925.90 rows=7464 width=4) (actual time=0.092..969.327 rows=5186 loops=1)
                          Filter: ((kind_id = 4) AND (production_year = 2012))
                          Rows Removed by Filter: 2523126
Planning time: 2.337 ms
Execution time: 3279.410 ms
