Hash Join  (cost=260479.01..362281.11 rows=1704016 width=0) (actual time=6073.065..10983.353 rows=12025087 loops=1)
  Hash Cond: (mc.movie_id = t.id)
  ->  Seq Scan on movie_companies mc  (cost=0.00..44881.29 rows=2609129 width=4) (actual time=0.011..1008.882 rows=2609129 loops=1)
  ->  Hash  (cost=233385.83..233385.83 rows=1651375 width=8) (actual time=6071.914..6071.914 rows=1663280 loops=1)
        Buckets: 131072  Batches: 32  Memory Usage: 3039kB
        ->  Hash Join  (cost=102767.86..233385.83 rows=1651375 width=8) (actual time=2006.326..5608.538 rows=1663280 loops=1)
              Hash Cond: (mk.movie_id = t.id)
              ->  Seq Scan on movie_keyword mk  (cost=0.00..81003.12 rows=1651375 width=4) (actual time=0.024..1596.949 rows=1663280 loops=1)
                    Filter: (keyword_id < 2551)
                    Rows Removed by Filter: 2860650
              ->  Hash  (cost=61283.27..61283.27 rows=2528527 width=4) (actual time=1998.843..1998.843 rows=2528312 loops=1)
                    Buckets: 131072  Batches: 64  Memory Usage: 2425kB
                    ->  Seq Scan on title t  (cost=0.00..61283.27 rows=2528527 width=4) (actual time=0.029..1130.216 rows=2528312 loops=1)
Planning time: 1.126 ms
Execution time: 12208.289 ms
