Hash Join  (cost=166383.96..966165.05 rows=615059 width=0) (actual time=4636.258..22528.194 rows=486714 loops=1)
  Hash Cond: (ci.movie_id = t.id)
  ->  Seq Scan on cast_info ci  (cost=0.00..705507.15 rows=23499554 width=4) (actual time=1786.451..14497.569 rows=23573656 loops=1)
        Filter: (role_id > 1)
        Rows Removed by Filter: 12670688
  ->  Hash  (cost=165556.71..165556.71 rows=66180 width=8) (actual time=2849.059..2849.059 rows=17046 loops=1)
        Buckets: 131072  Batches: 1  Memory Usage: 1690kB
        ->  Hash Join  (cost=74787.47..165556.71 rows=66180 width=8) (actual time=1085.009..2843.263 rows=17046 loops=1)
              Hash Cond: (mk.movie_id = t.id)
              ->  Seq Scan on movie_keyword mk  (cost=0.00..81003.12 rows=2427817 width=4) (actual time=0.031..1364.272 rows=2427400 loops=1)
                    Filter: (keyword_id < 5758)
                    Rows Removed by Filter: 2096530
              ->  Hash  (cost=73925.90..73925.90 rows=68925 width=4) (actual time=1083.672..1083.672 rows=84076 loops=1)
                    Buckets: 131072  Batches: 1  Memory Usage: 3980kB
                    ->  Seq Scan on title t  (cost=0.00..73925.90 rows=68925 width=4) (actual time=0.022..1050.826 rows=84076 loops=1)
                          Filter: ((kind_id = 7) AND (production_year = 2007))
                          Rows Removed by Filter: 2444236
Planning time: 0.808 ms
Execution time: 22591.574 ms
