Seq Scan on cast_info ci  (cost=0.00..705507.15 rows=32555299 width=0) (actual time=0.022..13338.201 rows=32682737 loops=1)
  Filter: (person_id > 340559)
  Rows Removed by Filter: 3561607
Planning time: 0.343 ms
Execution time: 17307.922 ms
