Hash Join  (cost=129320.53..883127.49 rows=301779 width=0) (actual time=2449.907..21934.416 rows=1462181 loops=1)
  Hash Cond: (ci.movie_id = t.id)
  ->  Seq Scan on cast_info ci  (cost=0.00..614943.12 rows=36225612 width=4) (actual time=0.019..9305.186 rows=36244344 loops=1)
  ->  Hash  (cost=129057.23..129057.23 rows=21064 width=8) (actual time=2449.595..2449.595 rows=36638 loops=1)
        Buckets: 65536 (originally 32768)  Batches: 1 (originally 1)  Memory Usage: 1944kB
        ->  Hash Join  (cost=74181.07..129057.23 rows=21064 width=8) (actual time=1196.679..2435.270 rows=36638 loops=1)
              Hash Cond: (mc.movie_id = t.id)
              ->  Seq Scan on movie_companies mc  (cost=0.00..44881.29 rows=2609129 width=4) (actual time=0.016..645.642 rows=2609129 loops=1)
              ->  Hash  (cost=73925.90..73925.90 rows=20413 width=4) (actual time=1196.486..1196.486 rows=17357 loops=1)
                    Buckets: 32768  Batches: 1  Memory Usage: 867kB
                    ->  Seq Scan on title t  (cost=0.00..73925.90 rows=20413 width=4) (actual time=0.871..1188.624 rows=17357 loops=1)
                          Filter: ((kind_id < 7) AND (production_year = 2000))
                          Rows Removed by Filter: 2510955
Planning time: 1.124 ms
Execution time: 22132.589 ms
