Seq Scan on movie_keyword mk  (cost=0.00..81003.12 rows=246 width=0) (actual time=762.655..1251.592 rows=3 loops=1)
  Filter: (keyword_id = 65710)
  Rows Removed by Filter: 4523927
Planning time: 0.384 ms
Execution time: 1251.676 ms
