Hash Join  (cost=488493.44..1653218.79 rows=12744716 width=0) (actual time=9086.380..45102.896 rows=17238511 loops=1)
  Hash Cond: (ci.movie_id = t.id)
  ->  Seq Scan on cast_info ci  (cost=0.00..614943.12 rows=36225612 width=4) (actual time=0.011..13282.556 rows=36244344 loops=1)
  ->  Hash  (cost=473898.77..473898.77 rows=889574 width=8) (actual time=9085.486..9085.486 rows=952907 loops=1)
        Buckets: 131072  Batches: 16  Memory Usage: 3348kB
        ->  Hash Join  (cost=94978.31..473898.77 rows=889574 width=8) (actual time=2516.280..8842.130 rows=952907 loops=1)
              Hash Cond: (mi.movie_id = t.id)
              ->  Seq Scan on movie_info mi  (cost=0.00..346232.03 rows=1348138 width=4) (actual time=528.828..5728.270 rows=1298989 loops=1)
                    Filter: (info_type_id = 4)
                    Rows Removed by Filter: 13536731
              ->  Hash  (cost=67604.59..67604.59 rows=1668458 width=4) (actual time=1986.342..1986.342 rows=1671292 loops=1)
                    Buckets: 131072  Batches: 32  Memory Usage: 2867kB
                    ->  Seq Scan on title t  (cost=0.00..67604.59 rows=1668458 width=4) (actual time=0.022..1431.869 rows=1671292 loops=1)
                          Filter: (production_year < 2008)
                          Rows Removed by Filter: 857020
Planning time: 1.175 ms
Execution time: 46792.762 ms
