Hash Join  (cost=447518.09..502921.04 rows=73742 width=0) (actual time=7580.606..9341.944 rows=236392 loops=1)
  Hash Cond: (mc.movie_id = t.id)
  ->  Seq Scan on movie_companies mc  (cost=0.00..44881.29 rows=2609129 width=4) (actual time=0.024..656.796 rows=2609129 loops=1)
  ->  Hash  (cost=446624.79..446624.79 rows=71464 width=8) (actual time=7579.818..7579.818 rows=155563 loops=1)
        Buckets: 131072 (originally 131072)  Batches: 2 (originally 1)  Memory Usage: 4048kB
        ->  Hash Join  (cost=75356.03..446624.79 rows=71464 width=8) (actual time=1580.023..7525.545 rows=155563 loops=1)
              Hash Cond: (mi.movie_id = t.id)
              ->  Seq Scan on movie_info mi  (cost=0.00..346232.03 rows=2073893 width=4) (actual time=221.765..5460.100 rows=2091068 loops=1)
                    Filter: (info_type_id < 3)
                    Rows Removed by Filter: 12744652
              ->  Hash  (cost=73925.90..73925.90 rows=87130 width=4) (actual time=1189.294..1189.294 rows=96838 loops=1)
                    Buckets: 131072  Batches: 2  Memory Usage: 2726kB
                    ->  Seq Scan on title t  (cost=0.00..73925.90 rows=87130 width=4) (actual time=67.320..1153.588 rows=96838 loops=1)
                          Filter: ((production_year < 2010) AND (kind_id = 4))
                          Rows Removed by Filter: 2431474
Planning time: 1.168 ms
Execution time: 9370.155 ms
