Seq Scan on movie_keyword mk  (cost=0.00..81003.12 rows=2969991 width=0) (actual time=0.016..1521.714 rows=2965213 loops=1)
  Filter: (keyword_id > 2333)
  Rows Removed by Filter: 1558717
Planning time: 0.362 ms
Execution time: 1893.229 ms
