Hash Join  (cost=440087.34..1426038.66 rows=875209 width=0) (actual time=9427.137..34611.195 rows=5360551 loops=1)
  Hash Cond: (ci.movie_id = t.id)
  ->  Seq Scan on cast_info ci  (cost=0.00..614943.12 rows=36225612 width=4) (actual time=0.026..8793.324 rows=36244344 loops=1)
  ->  Hash  (cost=439323.72..439323.72 rows=61089 width=8) (actual time=9426.529..9426.529 rows=84002 loops=1)
        Buckets: 131072 (originally 65536)  Batches: 2 (originally 1)  Memory Usage: 3073kB
        ->  Hash Join  (cost=74056.90..439323.72 rows=61089 width=8) (actual time=1105.787..8643.215 rows=84002 loops=1)
              Hash Cond: (mi.movie_id = t.id)
              ->  Seq Scan on movie_info mi  (cost=0.00..309384.22 rows=14739122 width=4) (actual time=0.019..4509.502 rows=14835720 loops=1)
              ->  Hash  (cost=73925.90..73925.90 rows=10480 width=4) (actual time=1104.513..1104.513 rows=5587 loops=1)
                    Buckets: 16384  Batches: 1  Memory Usage: 325kB
                    ->  Seq Scan on title t  (cost=0.00..73925.90 rows=10480 width=4) (actual time=137.752..1101.846 rows=5587 loops=1)
                          Filter: ((kind_id = 1) AND (production_year = 1995))
                          Rows Removed by Filter: 2522725
Planning time: 1.146 ms
Execution time: 35273.819 ms
