Seq Scan on movie_keyword mk  (cost=0.00..81003.12 rows=75248 width=12) (actual time=0.020..1467.266 rows=72496 loops=1)
  Filter: (keyword_id = 335)
  Rows Removed by Filter: 4451434
Planning time: 0.242 ms
Execution time: 1471.758 ms
