Seq Scan on movie_companies mc  (cost=0.00..57926.93 rows=732373 width=0) (actual time=200.054..977.268 rows=516994 loops=1)
  Filter: ((company_id > 7831) AND (company_type_id = 1))
  Rows Removed by Filter: 2092135
Planning time: 0.395 ms
Execution time: 1041.043 ms
