Seq Scan on cast_info ci  (cost=0.00..705507.15 rows=20517223 width=0) (actual time=0.007..11642.495 rows=20418575 loops=1)
  Filter: (person_id < 2054245)
  Rows Removed by Filter: 15825769
Planning time: 0.332 ms
Execution time: 14127.384 ms
