Hash Join  (cost=133294.83..1217236.28 rows=4880729 width=0) (actual time=3020.761..42791.891 rows=18497590 loops=1)
  Hash Cond: (ci.movie_id = t.id)
  ->  Seq Scan on cast_info ci  (cost=0.00..614943.12 rows=36225612 width=4) (actual time=0.013..13033.697 rows=36244344 loops=1)
  ->  Hash  (cost=127705.43..127705.43 rows=340672 width=8) (actual time=3019.819..3019.819 rows=611592 loops=1)
        Buckets: 131072  Batches: 8  Memory Usage: 4021kB
        ->  Hash Join  (cost=84167.23..127705.43 rows=340672 width=8) (actual time=1731.239..2826.302 rows=611592 loops=1)
              Hash Cond: (mi_idx.movie_id = t.id)
              ->  Seq Scan on movie_info_idx mi_idx  (cost=0.00..21735.35 rows=1380035 width=4) (actual time=0.026..437.011 rows=1380035 loops=1)
              ->  Hash  (cost=73925.90..73925.90 rows=624186 width=4) (actual time=1500.938..1500.938 rows=560349 loops=1)
                    Buckets: 131072  Batches: 16  Memory Usage: 2252kB
                    ->  Seq Scan on title t  (cost=0.00..73925.90 rows=624186 width=4) (actual time=419.890..1148.647 rows=560349 loops=1)
                          Filter: ((production_year > 1922) AND (kind_id = 1))
                          Rows Removed by Filter: 1967963
Planning time: 2.531 ms
Execution time: 44891.664 ms
