Hash Join  (cost=74434.21..850799.95 rows=291385 width=0) (actual time=1071.583..19082.180 rows=230655 loops=1)
  Hash Cond: (ci.movie_id = t.id)
  ->  Seq Scan on cast_info ci  (cost=0.00..705507.15 rows=18118599 width=4) (actual time=0.044..12700.076 rows=17981496 loops=1)
        Filter: (person_id < 1784060)
        Rows Removed by Filter: 18262848
  ->  Hash  (cost=73925.90..73925.90 rows=40664 width=4) (actual time=1071.130..1071.130 rows=40257 loops=1)
        Buckets: 65536  Batches: 1  Memory Usage: 1928kB
        ->  Seq Scan on title t  (cost=0.00..73925.90 rows=40664 width=4) (actual time=0.020..1054.221 rows=40257 loops=1)
              Filter: ((production_year > 2012) AND (kind_id = 7))
              Rows Removed by Filter: 2488055
Planning time: 4.508 ms
Execution time: 19116.836 ms
