Hash Join  (cost=263115.61..1752711.08 rows=32753244 width=0) (actual time=6999.240..58030.076 rows=66206769 loops=1)
  Hash Cond: (ci.movie_id = t.id)
  ->  Seq Scan on cast_info ci  (cost=0.00..705507.15 rows=31741421 width=4) (actual time=0.016..16411.737 rows=31726387 loops=1)
        Filter: (person_id < 3237150)
        Rows Removed by Filter: 4517957
  ->  Hash  (cost=220309.49..220309.49 rows=2609129 width=8) (actual time=6996.154..6996.154 rows=2609129 loops=1)
        Buckets: 131072  Batches: 64  Memory Usage: 2610kB
        ->  Hash Join  (cost=102767.86..220309.49 rows=2609129 width=8) (actual time=2460.346..6236.880 rows=2609129 loops=1)
              Hash Cond: (mc.movie_id = t.id)
              ->  Seq Scan on movie_companies mc  (cost=0.00..44881.29 rows=2609129 width=4) (actual time=0.010..930.938 rows=2609129 loops=1)
              ->  Hash  (cost=61283.27..61283.27 rows=2528527 width=4) (actual time=2458.315..2458.315 rows=2528312 loops=1)
                    Buckets: 131072  Batches: 64  Memory Usage: 2415kB
                    ->  Seq Scan on title t  (cost=0.00..61283.27 rows=2528527 width=4) (actual time=0.023..1126.693 rows=2528312 loops=1)
Planning time: 1.167 ms
Execution time: 65310.907 ms
