Hash Join  (cost=104693.99..192764.42 rows=1143974 width=0) (actual time=2055.261..4437.215 rows=1041346 loops=1)
  Hash Cond: (mc.movie_id = t.id)
  ->  Seq Scan on movie_companies mc  (cost=0.00..51404.11 rows=1279517 width=4) (actual time=0.024..946.241 rows=1274246 loops=1)
        Filter: (company_type_id = 1)
        Rows Removed by Filter: 1334883
  ->  Hash  (cost=67604.59..67604.59 rows=2260672 width=4) (actual time=2054.200..2054.200 rows=2253222 loops=1)
        Buckets: 131072  Batches: 32  Memory Usage: 3503kB
        ->  Seq Scan on title t  (cost=0.00..67604.59 rows=2260672 width=4) (actual time=0.023..1323.129 rows=2253222 loops=1)
              Filter: (production_year > 1955)
              Rows Removed by Filter: 275090
Planning time: 0.722 ms
Execution time: 4562.417 ms
