Hash Join  (cost=83580.70..995242.23 rows=2792990 width=0) (actual time=1605.291..20081.070 rows=1608857 loops=1)
  Hash Cond: (ci.movie_id = t.id)
  ->  Seq Scan on cast_info ci  (cost=0.00..796071.18 rows=7252387 width=4) (actual time=0.020..15343.452 rows=4922061 loops=1)
        Filter: ((person_id < 3532458) AND (role_id > 6))
        Rows Removed by Filter: 31322283
  ->  Hash  (cost=67604.59..67604.59 rows=973769 width=4) (actual time=1604.334..1604.334 rows=971188 loops=1)
        Buckets: 131072  Batches: 16  Memory Usage: 3161kB
        ->  Seq Scan on title t  (cost=0.00..67604.59 rows=973769 width=4) (actual time=0.018..1280.653 rows=971188 loops=1)
              Filter: (production_year < 1999)
              Rows Removed by Filter: 1557124
Planning time: 0.851 ms
Execution time: 20271.332 ms
