Hash Join  (cost=230290.49..664582.44 rows=2290202 width=0) (actual time=5860.105..38059.964 rows=77949690 loops=1)
  Hash Cond: (mi.movie_id = t.id)
  ->  Seq Scan on movie_info mi  (cost=0.00..346232.03 rows=5263441 width=4) (actual time=0.026..5273.814 rows=5270569 loops=1)
        Filter: (info_type_id > 15)
        Rows Removed by Filter: 9565151
  ->  Hash  (cost=212239.99..212239.99 rows=1100200 width=8) (actual time=5857.788..5857.788 rows=2378333 loops=1)
        Buckets: 131072 (originally 131072)  Batches: 32 (originally 16)  Memory Usage: 3995kB
        ->  Hash Join  (cost=83810.17..212239.99 rows=1100200 width=8) (actual time=1518.056..5159.574 rows=2378333 loops=1)
              Hash Cond: (mk.movie_id = t.id)
              ->  Seq Scan on movie_keyword mk  (cost=0.00..81003.12 rows=2816451 width=4) (actual time=0.016..1621.786 rows=2809133 loops=1)
                    Filter: (keyword_id > 2738)
                    Rows Removed by Filter: 1714797
              ->  Hash  (cost=67604.59..67604.59 rows=987727 width=4) (actual time=1517.058..1517.058 rows=985048 loops=1)
                    Buckets: 131072  Batches: 16  Memory Usage: 3197kB
                    ->  Seq Scan on title t  (cost=0.00..67604.59 rows=987727 width=4) (actual time=0.019..1197.352 rows=985048 loops=1)
                          Filter: (kind_id < 7)
                          Rows Removed by Filter: 1543264
Planning time: 1.216 ms
Execution time: 47072.112 ms
