Seq Scan on movie_companies mc  (cost=0.00..51404.11 rows=806287 width=0) (actual time=0.011..922.294 rows=800810 loops=1)
  Filter: (company_id < 1758)
  Rows Removed by Filter: 1808319
Planning time: 0.299 ms
Execution time: 1022.134 ms
