Hash Join  (cost=128753.29..1010947.50 rows=42263 width=0) (actual time=2243.901..24021.645 rows=91581 loops=1)
  Hash Cond: (ci.movie_id = t.id)
  ->  Seq Scan on cast_info ci  (cost=0.00..796071.18 rows=22853440 width=4) (actual time=0.013..17607.777 rows=23347132 loops=1)
        Filter: ((person_id > 91284) AND (role_id > 1))
        Rows Removed by Filter: 12897212
  ->  Hash  (cost=128694.84..128694.84 rows=4676 width=8) (actual time=2242.124..2242.124 rows=6594 loops=1)
        Buckets: 8192  Batches: 1  Memory Usage: 322kB
        ->  Hash Join  (cost=73982.55..128694.84 rows=4676 width=8) (actual time=1166.654..2239.448 rows=6594 loops=1)
              Hash Cond: (mc.movie_id = t.id)
              ->  Seq Scan on movie_companies mc  (cost=0.00..44881.29 rows=2609129 width=4) (actual time=0.016..579.348 rows=2609129 loops=1)
              ->  Hash  (cost=73925.90..73925.90 rows=4532 width=4) (actual time=1107.581..1107.581 rows=7945 loops=1)
                    Buckets: 8192  Batches: 1  Memory Usage: 344kB
                    ->  Seq Scan on title t  (cost=0.00..73925.90 rows=4532 width=4) (actual time=0.080..1103.853 rows=7945 loops=1)
                          Filter: ((kind_id = 7) AND (production_year = 1977))
                          Rows Removed by Filter: 2520367
Planning time: 1.221 ms
Execution time: 24035.311 ms
