Seq Scan on movie_companies mc  (cost=0.00..51404.11 rows=2064938 width=0) (actual time=0.026..989.931 rows=2065797 loops=1)
  Filter: (company_id > 531)
  Rows Removed by Filter: 543332
Planning time: 0.348 ms
Execution time: 1242.303 ms
