Seq Scan on movie_keyword mk  (cost=0.00..81003.12 rows=2124216 width=0) (actual time=0.027..1416.137 rows=2130219 loops=1)
  Filter: (keyword_id < 3925)
  Rows Removed by Filter: 2393711
Planning time: 0.303 ms
Execution time: 1683.066 ms
