Hash Join  (cost=102767.86..948137.35 rows=1638173 width=0) (actual time=4055.703..18419.538 rows=3460197 loops=1)
  Hash Cond: (ci.movie_id = t.id)
  ->  Seq Scan on cast_info ci  (cost=0.00..796071.18 rows=1638173 width=4) (actual time=2105.053..13381.321 rows=3460197 loops=1)
        Filter: ((person_id > 2277454) AND (role_id = 10))
        Rows Removed by Filter: 32784147
  ->  Hash  (cost=61283.27..61283.27 rows=2528527 width=4) (actual time=1948.911..1948.911 rows=2528312 loops=1)
        Buckets: 131072  Batches: 64  Memory Usage: 2415kB
        ->  Seq Scan on title t  (cost=0.00..61283.27 rows=2528527 width=4) (actual time=0.012..1100.022 rows=2528312 loops=1)
Planning time: 0.705 ms
Execution time: 18834.449 ms
