Hash Join  (cost=82581.58..216083.74 rows=943912 width=0) (actual time=1751.752..5673.907 rows=2745381 loops=1)
  Hash Cond: (mk.movie_id = t.id)
  ->  Seq Scan on movie_keyword mk  (cost=0.00..69693.30 rows=4523930 width=4) (actual time=0.025..1278.963 rows=4523930 loops=1)
  ->  Hash  (cost=73925.90..73925.90 rows=527574 width=4) (actual time=1750.713..1750.713 rows=609532 loops=1)
        Buckets: 131072  Batches: 8  Memory Usage: 3723kB
        ->  Seq Scan on title t  (cost=0.00..73925.90 rows=527574 width=4) (actual time=0.011..1247.707 rows=609532 loops=1)
              Filter: ((kind_id < 7) AND (production_year < 2005))
              Rows Removed by Filter: 1918780
Planning time: 8.124 ms
Execution time: 6016.806 ms
