Seq Scan on title t  (cost=0.00..73925.90 rows=939394 width=0) (actual time=0.016..1237.348 rows=917932 loops=1)
  Filter: ((kind_id < 7) AND (production_year > 1914))
  Rows Removed by Filter: 1610380
Planning time: 0.355 ms
Execution time: 1349.943 ms
