Hash Join  (cost=199510.47..565119.01 rows=88777 width=0) (actual time=8088.623..10129.090 rows=336413 loops=1)
  Hash Cond: (mi.movie_id = t.id)
  ->  Seq Scan on movie_info mi  (cost=0.00..346232.03 rows=1550064 width=4) (actual time=4036.490..5531.505 rows=1533909 loops=1)
        Filter: (info_type_id = 3)
        Rows Removed by Filter: 13301811
  ->  Hash  (cost=197134.26..197134.26 rows=144817 width=8) (actual time=3943.372..3943.372 rows=143611 loops=1)
        Buckets: 131072  Batches: 2  Memory Usage: 3843kB
        ->  Hash Join  (cost=102767.86..197134.26 rows=144817 width=8) (actual time=2125.254..3900.066 rows=143611 loops=1)
              Hash Cond: (mk.movie_id = t.id)
              ->  Seq Scan on movie_keyword mk  (cost=0.00..81003.12 rows=144817 width=4) (actual time=0.048..1288.407 rows=143611 loops=1)
                    Filter: (keyword_id > 74541)
                    Rows Removed by Filter: 4380319
              ->  Hash  (cost=61283.27..61283.27 rows=2528527 width=4) (actual time=2124.057..2124.057 rows=2528312 loops=1)
                    Buckets: 131072  Batches: 64  Memory Usage: 2425kB
                    ->  Seq Scan on title t  (cost=0.00..61283.27 rows=2528527 width=4) (actual time=0.024..1271.371 rows=2528312 loops=1)
Planning time: 0.678 ms
Execution time: 10169.193 ms
