Hash Join  (cost=75676.34..152243.62 rows=110075 width=0) (actual time=1381.539..3804.008 rows=440712 loops=1)
  Hash Cond: (mc.movie_id = t.id)
  ->  Seq Scan on movie_companies mc  (cost=0.00..44881.29 rows=2609129 width=4) (actual time=0.012..902.373 rows=2609129 loops=1)
  ->  Hash  (cost=73925.90..73925.90 rows=106675 width=4) (actual time=1380.784..1380.784 rows=207824 loops=1)
        Buckets: 131072 (originally 131072)  Batches: 4 (originally 2)  Memory Usage: 3073kB
        ->  Seq Scan on title t  (cost=0.00..73925.90 rows=106675 width=4) (actual time=0.073..1301.929 rows=207824 loops=1)
              Filter: ((kind_id < 7) AND (production_year < 1963))
              Rows Removed by Filter: 2320488
Planning time: 0.720 ms
Execution time: 3861.276 ms
