Hash Join  (cost=142233.09..511631.60 rows=105190 width=0) (actual time=4976.717..9988.051 rows=168469 loops=1)
  Hash Cond: (mi.movie_id = t.id)
  ->  Seq Scan on movie_info mi  (cost=0.00..346232.03 rows=5897221 width=4) (actual time=2334.746..6040.115 rows=5884963 loops=1)
        Filter: (info_type_id < 7)
        Rows Removed by Filter: 8950757
  ->  Hash  (cost=141669.32..141669.32 rows=45102 width=8) (actual time=2640.589..2640.589 rows=32961 loops=1)
        Buckets: 65536  Batches: 1  Memory Usage: 1800kB
        ->  Hash Join  (cost=69179.59..141669.32 rows=45102 width=8) (actual time=1197.342..2629.128 rows=32961 loops=1)
              Hash Cond: (mc.movie_id = t.id)
              ->  Seq Scan on movie_companies mc  (cost=0.00..57926.93 rows=1187940 width=4) (actual time=0.051..1065.233 rows=1054648 loops=1)
                    Filter: ((company_id < 95927) AND (company_type_id = 2))
                    Rows Removed by Filter: 1554481
              ->  Hash  (cost=67604.59..67604.59 rows=96000 width=4) (actual time=1196.534..1196.534 rows=95005 loops=1)
                    Buckets: 131072  Batches: 2  Memory Usage: 2716kB
                    ->  Seq Scan on title t  (cost=0.00..67604.59 rows=96000 width=4) (actual time=0.028..1159.032 rows=95005 loops=1)
                          Filter: (production_year = 2005)
                          Rows Removed by Filter: 2433307
Planning time: 1.275 ms
Execution time: 10011.864 ms
