Hash Join  (cost=102767.86..274914.53 rows=3377203 width=0) (actual time=1916.292..6920.754 rows=3360041 loops=1)
  Hash Cond: (mk.movie_id = t.id)
  ->  Seq Scan on movie_keyword mk  (cost=0.00..81003.12 rows=3377203 width=4) (actual time=0.028..1734.442 rows=3360041 loops=1)
        Filter: (keyword_id < 16106)
        Rows Removed by Filter: 1163889
  ->  Hash  (cost=61283.27..61283.27 rows=2528527 width=4) (actual time=1915.372..1915.372 rows=2528312 loops=1)
        Buckets: 131072  Batches: 64  Memory Usage: 2425kB
        ->  Seq Scan on title t  (cost=0.00..61283.27 rows=2528527 width=4) (actual time=0.025..1067.565 rows=2528312 loops=1)
Planning time: 4.508 ms
Execution time: 7268.524 ms
