Seq Scan on movie_companies mc  (cost=0.00..57926.93 rows=53 width=0) (actual time=243.042..946.750 rows=515 loops=1)
  Filter: ((company_type_id > 1) AND (company_id = 406))
  Rows Removed by Filter: 2608614
Planning time: 0.420 ms
Execution time: 946.991 ms
