Seq Scan on movie_companies mc  (cost=0.00..51404.11 rows=1742833 width=0) (actual time=0.021..985.405 rows=1735744 loops=1)
  Filter: (company_id < 23403)
  Rows Removed by Filter: 873385
Planning time: 0.412 ms
Execution time: 1204.107 ms
