Hash Join  (cost=996726.06..1806256.64 rows=25721595 width=0) (actual time=19091.614..51321.669 rows=56044964 loops=1)
  Hash Cond: (mi.movie_id = t.id)
  ->  Seq Scan on movie_info mi  (cost=0.00..309384.22 rows=14739122 width=4) (actual time=0.020..6532.185 rows=14835720 loops=1)
  ->  Hash  (cost=924331.64..924331.64 rows=4412593 width=8) (actual time=19089.700..19089.700 rows=4281458 loops=1)
        Buckets: 131072  Batches: 64  Memory Usage: 3709kB
        ->  Hash Join  (cost=102767.86..924331.64 rows=4412593 width=8) (actual time=4720.434..17968.443 rows=4281458 loops=1)
              Hash Cond: (ci.movie_id = t.id)
              ->  Seq Scan on cast_info ci  (cost=0.00..705507.15 rows=4412593 width=4) (actual time=2660.479..12265.768 rows=4281458 loops=1)
                    Filter: (person_id < 412828)
                    Rows Removed by Filter: 31962886
              ->  Hash  (cost=61283.27..61283.27 rows=2528527 width=4) (actual time=2021.587..2021.587 rows=2528312 loops=1)
                    Buckets: 131072  Batches: 64  Memory Usage: 2415kB
                    ->  Seq Scan on title t  (cost=0.00..61283.27 rows=2528527 width=4) (actual time=0.024..1179.128 rows=2528312 loops=1)
Planning time: 1.190 ms
Execution time: 57451.977 ms
