Seq Scan on movie_keyword mk  (cost=0.00..81003.12 rows=1232063 width=0) (actual time=0.020..1333.875 rows=1244431 loops=1)
  Filter: (keyword_id < 1582)
  Rows Removed by Filter: 3279499
Planning time: 0.211 ms
Execution time: 1483.730 ms
