Seq Scan on movie_keyword mk  (cost=0.00..81003.12 rows=945627 width=0) (actual time=0.020..1276.479 rows=956908 loops=1)
  Filter: (keyword_id > 19809)
  Rows Removed by Filter: 3567022
Planning time: 0.328 ms
Execution time: 1399.838 ms
