Seq Scan on movie_keyword mk  (cost=0.00..81003.12 rows=3905982 width=0) (actual time=0.015..1626.706 rows=3906776 loops=1)
  Filter: (keyword_id < 29558)
  Rows Removed by Filter: 617154
Planning time: 0.318 ms
Execution time: 2124.098 ms
