Hash Join  (cost=73962.22..467834.36 rows=14551 width=0) (actual time=1054.001..9590.422 rows=86650 loops=1)
  Hash Cond: (mi.movie_id = t.id)
  ->  Seq Scan on movie_info mi  (cost=0.00..346232.03 rows=12665229 width=4) (actual time=0.022..6295.798 rows=12744652 loops=1)
        Filter: (info_type_id > 2)
        Rows Removed by Filter: 2091068
  ->  Hash  (cost=73925.90..73925.90 rows=2905 width=4) (actual time=1052.338..1052.338 rows=9474 loops=1)
        Buckets: 16384 (originally 4096)  Batches: 1 (originally 1)  Memory Usage: 462kB
        ->  Seq Scan on title t  (cost=0.00..73925.90 rows=2905 width=4) (actual time=0.031..1047.966 rows=9474 loops=1)
              Filter: ((kind_id < 7) AND (production_year = 1991))
              Rows Removed by Filter: 2518838
Planning time: 0.861 ms
Execution time: 9604.932 ms
