Hash Join  (cost=850388.18..1479680.06 rows=3297514 width=0) (actual time=23959.664..35632.283 rows=1765600 loops=1)
  Hash Cond: (mi.movie_id = t.id)
  ->  Seq Scan on movie_info mi  (cost=0.00..346232.03 rows=8859586 width=4) (actual time=0.016..6268.944 rows=8966694 loops=1)
        Filter: (info_type_id < 15)
        Rows Removed by Filter: 5869026
  ->  Hash  (cost=834947.29..834947.29 rows=941111 width=8) (actual time=23938.206..23938.206 rows=1084280 loops=1)
        Buckets: 131072  Batches: 16  Memory Usage: 3731kB
        ->  Hash Join  (cost=74747.02..834947.29 rows=941111 width=8) (actual time=1252.932..22593.411 rows=1084280 loops=1)
              Hash Cond: (ci.movie_id = t.id)
              ->  Seq Scan on cast_info ci  (cost=0.00..614943.12 rows=36225612 width=4) (actual time=0.021..9372.896 rows=36244344 loops=1)
              ->  Hash  (cost=73925.90..73925.90 rows=65689 width=4) (actual time=1252.055..1252.055 rows=74524 loops=1)
                    Buckets: 131072  Batches: 1  Memory Usage: 3644kB
                    ->  Seq Scan on title t  (cost=0.00..73925.90 rows=65689 width=4) (actual time=0.024..1221.626 rows=74524 loops=1)
                          Filter: ((kind_id = 7) AND (production_year = 2006))
                          Rows Removed by Filter: 2453788
Planning time: 3.748 ms
Execution time: 35843.928 ms
