Hash Join  (cost=344884.23..1083226.10 rows=18541333 width=0) (actual time=8324.841..51256.644 rows=128944705 loops=1)
  Hash Cond: (mi.movie_id = t.id)
  ->  Seq Scan on movie_info mi  (cost=0.00..346232.03 rows=12545135 width=4) (actual time=0.012..7657.046 rows=12601870 loops=1)
        Filter: (info_type_id < 17)
        Rows Removed by Filter: 2233850
  ->  Hash  (cost=283572.65..283572.65 rows=3737087 width=8) (actual time=8323.118..8323.118 rows=3733700 loops=1)
        Buckets: 131072  Batches: 64  Memory Usage: 3407kB
        ->  Hash Join  (cost=102767.86..283572.65 rows=3737087 width=8) (actual time=1922.681..7192.459 rows=3733700 loops=1)
              Hash Cond: (mk.movie_id = t.id)
              ->  Seq Scan on movie_keyword mk  (cost=0.00..81003.12 rows=3737087 width=4) (actual time=0.015..1736.118 rows=3733700 loops=1)
                    Filter: (keyword_id > 750)
                    Rows Removed by Filter: 790230
              ->  Hash  (cost=61283.27..61283.27 rows=2528527 width=4) (actual time=1921.282..1921.282 rows=2528312 loops=1)
                    Buckets: 131072  Batches: 64  Memory Usage: 2425kB
                    ->  Seq Scan on title t  (cost=0.00..61283.27 rows=2528527 width=4) (actual time=0.011..1043.910 rows=2528312 loops=1)
Planning time: 1.091 ms
Execution time: 65336.863 ms
