Seq Scan on cast_info ci  (cost=0.00..796071.18 rows=228458 width=0) (actual time=2768.712..11120.912 rows=72944 loops=1)
  Filter: ((person_id < 134522) AND (role_id > 8))
  Rows Removed by Filter: 36171400
Planning time: 0.232 ms
Execution time: 11130.386 ms
