Hash Join  (cost=83074.17..137741.26 rows=156 width=0) (actual time=1449.396..2618.218 rows=21768 loops=1)
  Hash Cond: (mc.movie_id = t.id)
  ->  Seq Scan on movie_companies mc  (cost=0.00..44881.29 rows=2609129 width=4) (actual time=0.015..642.052 rows=2609129 loops=1)
  ->  Hash  (cost=83072.29..83072.29 rows=151 width=8) (actual time=1445.649..1445.649 rows=2606 loops=1)
        Buckets: 4096 (originally 1024)  Batches: 1 (originally 1)  Memory Usage: 134kB
        ->  Nested Loop  (cost=0.43..83072.29 rows=151 width=8) (actual time=0.608..1443.759 rows=2606 loops=1)
              ->  Seq Scan on movie_keyword mk  (cost=0.00..81003.12 rows=246 width=4) (actual time=0.564..1308.669 rows=3275 loops=1)
                    Filter: (keyword_id = 3262)
                    Rows Removed by Filter: 4520655
              ->  Index Scan using title_pkey on title t  (cost=0.43..8.40 rows=1 width=4) (actual time=0.040..0.040 rows=1 loops=3275)
                    Index Cond: (id = mk.movie_id)
                    Filter: (production_year < 2007)
                    Rows Removed by Filter: 0
Planning time: 4.244 ms
Execution time: 2621.447 ms
