Hash Join  (cost=175027.18..1048647.68 rows=1768873 width=0) (actual time=3981.054..26491.698 rows=7558882 loops=1)
  Hash Cond: (ci.movie_id = t.id)
  ->  Seq Scan on cast_info ci  (cost=0.00..796071.18 rows=4866557 width=4) (actual time=0.015..14348.281 rows=9999696 loops=1)
        Filter: ((person_id < 1362859) AND (role_id < 2))
        Rows Removed by Filter: 26244648
  ->  Hash  (cost=159947.97..159947.97 rows=919057 width=8) (actual time=3980.240..3980.240 rows=920110 loops=1)
        Buckets: 131072  Batches: 16  Memory Usage: 3269kB
        ->  Hash Join  (cost=102767.86..159947.97 rows=919057 width=8) (actual time=1949.625..3708.685 rows=920110 loops=1)
              Hash Cond: (mi_idx.movie_id = t.id)
              ->  Seq Scan on movie_info_idx mi_idx  (cost=0.00..25185.44 rows=919057 width=4) (actual time=0.020..546.899 rows=920110 loops=1)
                    Filter: (info_type_id > 99)
                    Rows Removed by Filter: 459925
              ->  Hash  (cost=61283.27..61283.27 rows=2528527 width=4) (actual time=1948.765..1948.765 rows=2528312 loops=1)
                    Buckets: 131072  Batches: 64  Memory Usage: 2415kB
                    ->  Seq Scan on title t  (cost=0.00..61283.27 rows=2528527 width=4) (actual time=0.010..1091.544 rows=2528312 loops=1)
Planning time: 1.195 ms
Execution time: 27208.806 ms
