Hash Join  (cost=106840.27..1051630.79 rows=9765308 width=0) (actual time=2156.406..24417.259 rows=9803614 loops=1)
  Hash Cond: (ci.movie_id = t.id)
  ->  Seq Scan on cast_info ci  (cost=0.00..705507.15 rows=10324857 width=4) (actual time=0.019..13098.568 rows=10160897 loops=1)
        Filter: (person_id < 998370)
        Rows Removed by Filter: 26083447
  ->  Hash  (cost=67604.59..67604.59 rows=2391495 width=4) (actual time=2155.553..2155.553 rows=2388876 loops=1)
        Buckets: 131072  Batches: 32  Memory Usage: 3646kB
        ->  Seq Scan on title t  (cost=0.00..67604.59 rows=2391495 width=4) (actual time=0.012..1388.672 rows=2388876 loops=1)
              Filter: (production_year < 2013)
              Rows Removed by Filter: 139436
Planning time: 0.537 ms
Execution time: 25530.113 ms
