Hash Join  (cost=95465.71..538069.43 rows=2827528 width=0) (actual time=2338.463..10877.437 rows=802142 loops=1)
  Hash Cond: (mi.movie_id = t.id)
  ->  Seq Scan on movie_info mi  (cost=0.00..346232.03 rows=5445713 width=4) (actual time=451.086..5949.586 rows=5410520 loops=1)
        Filter: (info_type_id < 6)
        Rows Removed by Filter: 9425200
  ->  Hash  (cost=73925.90..73925.90 rows=1312864 width=4) (actual time=1886.450..1886.450 rows=1391524 loops=1)
        Buckets: 131072  Batches: 32  Memory Usage: 2561kB
        ->  Seq Scan on title t  (cost=0.00..73925.90 rows=1312864 width=4) (actual time=0.029..1436.906 rows=1391524 loops=1)
              Filter: ((production_year > 1965) AND (kind_id = 7))
              Rows Removed by Filter: 1136788
Planning time: 0.761 ms
Execution time: 10985.220 ms
