Seq Scan on cast_info ci  (cost=0.00..796071.18 rows=2979204 width=0) (actual time=705.701..11821.775 rows=1759371 loops=1)
  Filter: ((person_id < 859458) AND (role_id > 3))
  Rows Removed by Filter: 34484973
Planning time: 0.321 ms
Execution time: 12049.855 ms
