Nested Loop  (cost=0.43..28266.72 rows=125 width=0) (actual time=378.340..398.829 rows=260 loops=1)
  ->  Seq Scan on movie_info_idx mi_idx  (cost=0.00..25185.44 rows=368 width=4) (actual time=378.268..385.919 rows=260 loops=1)
        Filter: (info_type_id > 101)
        Rows Removed by Filter: 1379775
  ->  Index Scan using title_pkey on title t  (cost=0.43..8.36 rows=1 width=4) (actual time=0.049..0.049 rows=1 loops=260)
        Index Cond: (id = mi_idx.movie_id)
        Filter: (kind_id < 4)
Planning time: 0.761 ms
Execution time: 398.980 ms
