Seq Scan on movie_companies mc  (cost=0.00..51404.11 rows=1113249 width=0) (actual time=0.025..927.729 rows=1109707 loops=1)
  Filter: (company_id < 7747)
  Rows Removed by Filter: 1499422
Planning time: 2.935 ms
Execution time: 1064.637 ms
