Seq Scan on movie_keyword mk  (cost=0.00..81003.12 rows=1208618 width=0) (actual time=0.015..1402.151 rows=1210447 loops=1)
  Filter: (keyword_id < 1518)
  Rows Removed by Filter: 3313483
Planning time: 0.353 ms
Execution time: 1551.885 ms
