Hash Join  (cost=58358.84..145017.52 rows=64 width=0) (actual time=793.780..2593.271 rows=3014 loops=1)
  Hash Cond: (mk.movie_id = t.id)
  ->  Seq Scan on movie_keyword mk  (cost=0.00..69693.30 rows=4523930 width=4) (actual time=0.024..1030.367 rows=4523930 loops=1)
  ->  Hash  (cost=58358.39..58358.39 rows=36 width=8) (actual time=783.919..783.919 rows=308 loops=1)
        Buckets: 1024  Batches: 1  Memory Usage: 21kB
        ->  Nested Loop  (cost=0.43..58358.39 rows=36 width=8) (actual time=242.048..783.705 rows=308 loops=1)
              ->  Seq Scan on movie_companies mc  (cost=0.00..57926.93 rows=51 width=4) (actual time=241.965..757.957 rows=308 loops=1)
                    Filter: ((company_id = 11243) AND (company_type_id = 1))
                    Rows Removed by Filter: 2608821
              ->  Index Scan using title_pkey on title t  (cost=0.43..8.45 rows=1 width=4) (actual time=0.082..0.082 rows=1 loops=308)
                    Index Cond: (id = mc.movie_id)
                    Filter: (production_year < 2009)
Planning time: 1.230 ms
Execution time: 2593.843 ms
