Seq Scan on cast_info ci  (cost=0.00..796071.18 rows=8480109 width=0) (actual time=5000.907..14399.945 rows=11338246 loops=1)
  Filter: ((person_id > 1693707) AND (role_id > 2))
  Rows Removed by Filter: 24906098
Planning time: 0.379 ms
Execution time: 15768.837 ms
