Hash Join  (cost=570255.53..1565128.42 rows=2149417 width=0) (actual time=19676.293..33338.525 rows=4204201 loops=1)
  Hash Cond: (ci.movie_id = t.id)
  ->  Seq Scan on cast_info ci  (cost=0.00..796071.18 rows=9832754 width=4) (actual time=3362.565..13364.142 rows=4205879 loops=1)
        Filter: ((person_id < 1483546) AND (role_id > 1))
        Rows Removed by Filter: 32038465
  ->  Hash  (cost=561186.41..561186.41 rows=552730 width=8) (actual time=15901.981..15901.981 rows=2316838 loops=1)
        Buckets: 131072 (originally 131072)  Batches: 32 (originally 8)  Memory Usage: 3844kB
        ->  Hash Join  (cost=75482.18..561186.41 rows=552730 width=8) (actual time=1201.884..15206.730 rows=2316838 loops=1)
              Hash Cond: (mi.movie_id = t.id)
              ->  Seq Scan on movie_info mi  (cost=0.00..309384.22 rows=14739122 width=4) (actual time=0.059..5891.575 rows=14835720 loops=1)
              ->  Hash  (cost=73925.90..73925.90 rows=94822 width=4) (actual time=1200.887..1200.887 rows=194973 loops=1)
                    Buckets: 131072 (originally 131072)  Batches: 4 (originally 2)  Memory Usage: 3073kB
                    ->  Seq Scan on title t  (cost=0.00..73925.90 rows=94822 width=4) (actual time=0.036..1119.161 rows=194973 loops=1)
                          Filter: ((kind_id < 7) AND (production_year < 1960))
                          Rows Removed by Filter: 2333339
Planning time: 1.092 ms
Execution time: 33796.745 ms
