Hash Join  (cost=497024.97..1664317.46 rows=12994536 width=0) (actual time=8986.916..44983.516 rows=11156904 loops=1)
  Hash Cond: (ci.movie_id = t.id)
  ->  Seq Scan on cast_info ci  (cost=0.00..614943.12 rows=36225612 width=4) (actual time=0.015..13036.404 rows=36244344 loops=1)
  ->  Hash  (cost=482143.33..482143.33 rows=907011 width=8) (actual time=8986.020..8986.020 rows=615378 loops=1)
        Buckets: 131072  Batches: 16  Memory Usage: 2526kB
        ->  Hash Join  (cost=103495.80..482143.33 rows=907011 width=8) (actual time=2446.140..8793.715 rows=615378 loops=1)
              Hash Cond: (mi.movie_id = t.id)
              ->  Seq Scan on movie_info mi  (cost=0.00..346232.03 rows=1272478 width=4) (actual time=395.228..5518.084 rows=1325361 loops=1)
                    Filter: (info_type_id = 8)
                    Rows Removed by Filter: 13510359
              ->  Hash  (cost=73925.90..73925.90 rows=1802312 width=4) (actual time=2049.976..2049.976 rows=1799906 loops=1)
                    Buckets: 131072  Batches: 32  Memory Usage: 3013kB
                    ->  Seq Scan on title t  (cost=0.00..73925.90 rows=1802312 width=4) (actual time=0.029..1459.698 rows=1799906 loops=1)
                          Filter: ((kind_id > 1) AND (production_year > 1901))
                          Rows Removed by Filter: 728406
Planning time: 0.799 ms
Execution time: 46281.229 ms
