Hash Join  (cost=87678.46..166460.50 rows=391705 width=0) (actual time=1823.768..3494.396 rows=278341 loops=1)
  Hash Cond: (mc.movie_id = t.id)
  ->  Seq Scan on movie_companies mc  (cost=0.00..57926.93 rows=1181617 width=4) (actual time=290.224..1192.661 rows=1269575 loops=1)
        Filter: ((company_id > 158) AND (company_type_id > 1))
        Rows Removed by Filter: 1339554
  ->  Hash  (cost=73925.90..73925.90 rows=838204 width=4) (actual time=1532.396..1532.396 rows=748399 loops=1)
        Buckets: 131072  Batches: 16  Memory Usage: 2668kB
        ->  Seq Scan on title t  (cost=0.00..73925.90 rows=838204 width=4) (actual time=0.036..1287.698 rows=748399 loops=1)
              Filter: ((kind_id > 2) AND (production_year < 2003))
              Rows Removed by Filter: 1779913
Planning time: 0.761 ms
Execution time: 3526.475 ms
