Hash Join  (cost=1357659.30..2887734.30 rows=77710624 width=0) (actual time=31527.249..94553.366 rows=173778652 loops=1)
  Hash Cond: (mi.movie_id = t.id)
  ->  Seq Scan on movie_info mi  (cost=0.00..309384.22 rows=14739122 width=4) (actual time=0.020..6082.658 rows=14835720 loops=1)
  ->  Hash  (cost=1138940.57..1138940.57 rows=13331419 width=8) (actual time=31525.345..31525.345 rows=13466117 loops=1)
        Buckets: 131072  Batches: 256  Memory Usage: 3138kB
        ->  Hash Join  (cost=102767.86..1138940.57 rows=13331419 width=8) (actual time=5203.895..27652.105 rows=13466117 loops=1)
              Hash Cond: (ci.movie_id = t.id)
              ->  Seq Scan on cast_info ci  (cost=0.00..705507.15 rows=13331419 width=4) (actual time=3266.839..13264.632 rows=13466117 loops=1)
                    Filter: (person_id > 2325554)
                    Rows Removed by Filter: 22778227
              ->  Hash  (cost=61283.27..61283.27 rows=2528527 width=4) (actual time=1935.234..1935.234 rows=2528312 loops=1)
                    Buckets: 131072  Batches: 64  Memory Usage: 2415kB
                    ->  Seq Scan on title t  (cost=0.00..61283.27 rows=2528527 width=4) (actual time=0.020..1110.816 rows=2528312 loops=1)
Planning time: 3.594 ms
Execution time: 113678.952 ms
