Nested Loop  (cost=0.43..83071.67 rows=246 width=0) (actual time=1.610..1329.845 rows=291 loops=1)
  ->  Seq Scan on movie_keyword mk  (cost=0.00..81003.12 rows=246 width=4) (actual time=1.541..1315.287 rows=291 loops=1)
        Filter: (keyword_id = 10323)
        Rows Removed by Filter: 4523639
  ->  Index Only Scan using title_pkey on title t  (cost=0.43..8.40 rows=1 width=4) (actual time=0.047..0.047 rows=1 loops=291)
        Index Cond: (id = mk.movie_id)
        Heap Fetches: 291
Planning time: 8.671 ms
Execution time: 1330.076 ms
