Seq Scan on title t  (cost=0.00..73925.90 rows=437078 width=0) (actual time=0.023..1158.637 rows=464859 loops=1)
  Filter: ((kind_id > 3) AND (production_year > 2008))
  Rows Removed by Filter: 2063453
Planning time: 0.313 ms
Execution time: 1220.700 ms
