Seq Scan on movie_keyword mk  (cost=0.00..81003.12 rows=1832089 width=0) (actual time=0.016..1427.758 rows=1840845 loops=1)
  Filter: (keyword_id < 3044)
  Rows Removed by Filter: 2683085
Planning time: 0.306 ms
Execution time: 1655.684 ms
