Seq Scan on cast_info ci  (cost=0.00..796071.18 rows=5258639 width=0) (actual time=0.019..13390.788 rows=3244132 loops=1)
  Filter: ((person_id < 1145791) AND (role_id > 2))
  Rows Removed by Filter: 33000212
Planning time: 0.359 ms
Execution time: 13796.510 ms
