Hash Join  (cost=82776.67..153814.62 rows=272965 width=0) (actual time=1459.588..3146.008 rows=395292 loops=1)
  Hash Cond: (mc.movie_id = t.id)
  ->  Seq Scan on movie_companies mc  (cost=0.00..51404.11 rows=1279517 width=4) (actual time=153.318..1104.651 rows=1274246 loops=1)
        Filter: (company_type_id = 1)
        Rows Removed by Filter: 1334883
  ->  Hash  (cost=73925.90..73925.90 rows=539421 width=4) (actual time=1305.343..1305.343 rows=459810 loops=1)
        Buckets: 131072  Batches: 8  Memory Usage: 3041kB
        ->  Seq Scan on title t  (cost=0.00..73925.90 rows=539421 width=4) (actual time=0.056..1156.797 rows=459810 loops=1)
              Filter: ((kind_id < 7) AND (production_year > 2000))
              Rows Removed by Filter: 2068502
Planning time: 0.710 ms
Execution time: 3193.176 ms
