Seq Scan on movie_keyword mk  (cost=0.00..81003.12 rows=2363873 width=0) (actual time=0.023..1465.683 rows=2365644 loops=1)
  Filter: (keyword_id < 5348)
  Rows Removed by Filter: 2158286
Planning time: 0.322 ms
Execution time: 1767.382 ms
