Hash Join  (cost=198122.83..279253.26 rows=441091 width=0) (actual time=4188.304..7933.819 rows=7271892 loops=1)
  Hash Cond: (mc.movie_id = t.id)
  ->  Seq Scan on movie_companies mc  (cost=0.00..44881.29 rows=2609129 width=4) (actual time=0.018..943.493 rows=2609129 loops=1)
  ->  Hash  (cost=191109.51..191109.51 rows=427465 width=8) (actual time=4187.158..4187.158 rows=908268 loops=1)
        Buckets: 131072 (originally 131072)  Batches: 16 (originally 8)  Memory Usage: 3259kB
        ->  Hash Join  (cost=87442.78..191109.51 rows=427465 width=8) (actual time=1412.182..3916.913 rows=908268 loops=1)
              Hash Cond: (mk.movie_id = t.id)
              ->  Seq Scan on movie_keyword mk  (cost=0.00..81003.12 rows=1311989 width=4) (actual time=0.014..1498.703 rows=1320444 loops=1)
                    Filter: (keyword_id < 1732)
                    Rows Removed by Filter: 3203486
              ->  Hash  (cost=73925.90..73925.90 rows=823830 width=4) (actual time=1411.084..1411.084 rows=737996 loops=1)
                    Buckets: 131072  Batches: 16  Memory Usage: 2657kB
                    ->  Seq Scan on title t  (cost=0.00..73925.90 rows=823830 width=4) (actual time=0.023..1171.404 rows=737996 loops=1)
                          Filter: ((kind_id < 7) AND (production_year > 1968))
                          Rows Removed by Filter: 1790316
Planning time: 1.032 ms
Execution time: 8713.297 ms
