Hash Join  (cost=78556.72..222299.81 rows=1117722 width=0) (actual time=1256.185..5538.585 rows=2702705 loops=1)
  Hash Cond: (mk.movie_id = t.id)
  ->  Seq Scan on movie_keyword mk  (cost=0.00..81003.12 rows=4233797 width=4) (actual time=0.016..1731.204 rows=4213440 loops=1)
        Filter: (keyword_id > 245)
        Rows Removed by Filter: 310490
  ->  Hash  (cost=67604.59..67604.59 rows=667531 width=4) (actual time=1255.061..1255.061 rows=662825 loops=1)
        Buckets: 131072  Batches: 16  Memory Usage: 2486kB
        ->  Seq Scan on title t  (cost=0.00..67604.59 rows=667531 width=4) (actual time=19.681..1048.434 rows=662825 loops=1)
              Filter: (kind_id = 1)
              Rows Removed by Filter: 1865487
Planning time: 0.709 ms
Execution time: 5852.514 ms
