Seq Scan on movie_keyword mk  (cost=0.00..81003.12 rows=2739232 width=0) (actual time=0.267..1566.025 rows=2728732 loops=1)
  Filter: (keyword_id > 2899)
  Rows Removed by Filter: 1795198
Planning time: 0.335 ms
Execution time: 1917.630 ms
