Hash Join  (cost=444719.38..1284463.77 rows=487451 width=0) (actual time=6808.131..25357.989 rows=1567554 loops=1)
  Hash Cond: (ci.movie_id = t.id)
  ->  Seq Scan on cast_info ci  (cost=0.00..705507.15 rows=11150597 width=4) (actual time=14.852..14249.797 rows=11073998 loops=1)
        Filter: (person_id < 1086677)
        Rows Removed by Filter: 25170346
  ->  Hash  (cost=442905.69..442905.69 rows=110535 width=8) (actual time=6791.439..6791.439 rows=105087 loops=1)
        Buckets: 131072  Batches: 2  Memory Usage: 3091kB
        ->  Hash Join  (cost=69694.50..442905.69 rows=110535 width=8) (actual time=2037.371..6754.991 rows=105087 loops=1)
              Hash Cond: (mi.movie_id = t.id)
              ->  Seq Scan on movie_info mi  (cost=0.00..346232.03 rows=2194617 width=4) (actual time=378.134..4302.400 rows=2233850 loops=1)
                    Filter: (info_type_id > 16)
                    Rows Removed by Filter: 12601870
              ->  Hash  (cost=67604.59..67604.59 rows=127353 width=4) (actual time=1637.711..1637.711 rows=128696 loops=1)
                    Buckets: 131072  Batches: 2  Memory Usage: 3290kB
                    ->  Seq Scan on title t  (cost=0.00..67604.59 rows=127353 width=4) (actual time=0.029..990.590 rows=128696 loops=1)
                          Filter: (production_year = 2009)
                          Rows Removed by Filter: 2399616
Planning time: 1.273 ms
Execution time: 25551.117 ms
