Seq Scan on movie_keyword mk  (cost=0.00..81003.12 rows=246 width=0) (actual time=6.483..1299.820 rows=68 loops=1)
  Filter: (keyword_id = 14975)
  Rows Removed by Filter: 4523862
Planning time: 0.313 ms
Execution time: 1299.972 ms
