Hash Join  (cost=88674.12..624389.96 rows=5239791 width=0) (actual time=1556.166..17890.708 rows=8932565 loops=1)
  Hash Cond: (mi.movie_id = t.id)
  ->  Seq Scan on movie_info mi  (cost=0.00..309384.22 rows=14739122 width=4) (actual time=0.023..5986.799 rows=14835720 loops=1)
  ->  Hash  (cost=73925.90..73925.90 rows=898897 width=4) (actual time=1554.957..1554.957 rows=815566 loops=1)
        Buckets: 131072  Batches: 16  Memory Usage: 2827kB
        ->  Seq Scan on title t  (cost=0.00..73925.90 rows=898897 width=4) (actual time=0.017..1296.033 rows=815566 loops=1)
              Filter: ((kind_id < 7) AND (production_year > 1949))
              Rows Removed by Filter: 1712746
Planning time: 4.424 ms
Execution time: 18918.759 ms
