Seq Scan on cast_info ci  (cost=0.00..796071.18 rows=435 width=0) (actual time=8608.000..15108.868 rows=17 loops=1)
  Filter: ((role_id < 10) AND (person_id = 1810849))
  Rows Removed by Filter: 36244327
Planning time: 0.326 ms
Execution time: 15108.978 ms
