Hash Join  (cost=203921.82..952179.23 rows=257084 width=0) (actual time=4610.639..17251.308 rows=428521 loops=1)
  Hash Cond: (ci.movie_id = t.id)
  ->  Seq Scan on cast_info ci  (cost=0.00..705507.15 rows=3071283 width=4) (actual time=0.018..10610.235 rows=3134186 loops=1)
        Filter: (person_id > 3484327)
        Rows Removed by Filter: 33110158
  ->  Hash  (cost=200449.17..200449.17 rows=211652 width=8) (actual time=4609.921..4609.921 rows=69723 loops=1)
        Buckets: 131072  Batches: 4  Memory Usage: 1748kB
        ->  Hash Join  (cost=75867.62..200449.17 rows=211652 width=8) (actual time=1208.314..4131.877 rows=69723 loops=1)
              Hash Cond: (mk.movie_id = t.id)
              ->  Seq Scan on movie_keyword mk  (cost=0.00..69693.30 rows=4523930 width=4) (actual time=0.013..1481.162 rows=4523930 loops=1)
              ->  Hash  (cost=73925.90..73925.90 rows=118297 width=4) (actual time=1205.803..1205.803 rows=122606 loops=1)
                    Buckets: 131072  Batches: 2  Memory Usage: 3185kB
                    ->  Seq Scan on title t  (cost=0.00..73925.90 rows=118297 width=4) (actual time=0.018..1142.044 rows=122606 loops=1)
                          Filter: ((kind_id > 1) AND (production_year = 2011))
                          Rows Removed by Filter: 2405706
Planning time: 1.126 ms
Execution time: 17305.288 ms
