Nested Loop  (cost=0.43..52284.21 rows=27 width=0) (actual time=9.156..786.738 rows=15 loops=1)
  ->  Seq Scan on movie_companies mc  (cost=0.00..51404.11 rows=104 width=4) (actual time=0.049..773.961 rows=180 loops=1)
        Filter: (company_id = 74078)
        Rows Removed by Filter: 2608949
  ->  Index Scan using title_pkey on title t  (cost=0.43..8.45 rows=1 width=4) (actual time=0.069..0.069 rows=0 loops=180)
        Index Cond: (id = mc.movie_id)
        Filter: ((kind_id < 7) AND (production_year < 2008))
        Rows Removed by Filter: 1
Planning time: 0.782 ms
Execution time: 786.853 ms
