Hash Join  (cost=102767.86..230224.14 rows=1519948 width=0) (actual time=1825.130..4976.454 rows=1532564 loops=1)
  Hash Cond: (mk.movie_id = t.id)
  ->  Seq Scan on movie_keyword mk  (cost=0.00..81003.12 rows=1519948 width=4) (actual time=0.017..1517.291 rows=1532564 loops=1)
        Filter: (keyword_id < 2230)
        Rows Removed by Filter: 2991366
  ->  Hash  (cost=61283.27..61283.27 rows=2528527 width=4) (actual time=1824.327..1824.327 rows=2528312 loops=1)
        Buckets: 131072  Batches: 64  Memory Usage: 2425kB
        ->  Seq Scan on title t  (cost=0.00..61283.27 rows=2528527 width=4) (actual time=0.013..990.470 rows=2528312 loops=1)
Planning time: 0.749 ms
Execution time: 5175.759 ms
