Seq Scan on movie_companies mc  (cost=0.00..57926.93 rows=324442 width=0) (actual time=189.974..906.887 rows=470475 loops=1)
  Filter: ((company_id < 917) AND (company_type_id = 1))
  Rows Removed by Filter: 2138654
Planning time: 0.376 ms
Execution time: 963.867 ms
