Hash Join  (cost=213861.01..634013.41 rows=1099646 width=0) (actual time=4968.082..23627.988 rows=48051812 loops=1)
  Hash Cond: (mi.movie_id = t.id)
  ->  Seq Scan on movie_info mi  (cost=0.00..346232.03 rows=5263441 width=4) (actual time=0.019..6534.675 rows=5270569 loops=1)
        Filter: (info_type_id > 15)
        Rows Removed by Filter: 9565151
  ->  Hash  (cost=205193.71..205193.71 rows=528264 width=8) (actual time=4967.166..4967.166 rows=914022 loops=1)
        Buckets: 131072 (originally 131072)  Batches: 16 (originally 8)  Memory Usage: 3376kB
        ->  Hash Join  (cost=80897.02..205193.71 rows=528264 width=8) (actual time=1352.116..4686.632 rows=914022 loops=1)
              Hash Cond: (mk.movie_id = t.id)
              ->  Seq Scan on movie_keyword mk  (cost=0.00..81003.12 rows=3143713 width=4) (actual time=0.025..1778.678 rows=3127908 loops=1)
                    Filter: (keyword_id < 12002)
                    Rows Removed by Filter: 1396022
              ->  Hash  (cost=73925.90..73925.90 rows=424889 width=4) (actual time=1351.244..1351.244 rows=309098 loops=1)
                    Buckets: 131072  Batches: 8  Memory Usage: 2394kB
                    ->  Seq Scan on title t  (cost=0.00..73925.90 rows=424889 width=4) (actual time=38.746..1256.572 rows=309098 loops=1)
                          Filter: ((production_year > 1995) AND (kind_id = 1))
                          Rows Removed by Filter: 2219214
Planning time: 1.165 ms
Execution time: 28633.158 ms
