Seq Scan on title t  (cost=0.00..73925.90 rows=1529863 width=0) (actual time=0.011..1354.975 rows=1649539 loops=1)
  Filter: ((kind_id > 1) AND (production_year > 1970))
  Rows Removed by Filter: 878773
Planning time: 0.303 ms
Execution time: 1560.018 ms
