Hash Join  (cost=98137.04..214577.63 rows=1027629 width=0) (actual time=1941.233..4546.475 rows=534710 loops=1)
  Hash Cond: (mk.movie_id = t.id)
  ->  Seq Scan on movie_keyword mk  (cost=0.00..81003.12 rows=1396235 width=4) (actual time=0.026..1461.483 rows=1410952 loops=1)
        Filter: (keyword_id > 11851)
        Rows Removed by Filter: 3112978
  ->  Hash  (cost=67604.59..67604.59 rows=1860996 width=4) (actual time=1938.773..1938.773 rows=1865487 loops=1)
        Buckets: 131072  Batches: 32  Memory Usage: 3085kB
        ->  Seq Scan on title t  (cost=0.00..67604.59 rows=1860996 width=4) (actual time=0.020..1319.233 rows=1865487 loops=1)
              Filter: (kind_id > 1)
              Rows Removed by Filter: 662825
Planning time: 0.744 ms
Execution time: 4615.630 ms
