Seq Scan on movie_companies mc  (cost=0.00..51404.11 rows=104 width=0) (actual time=223.267..814.513 rows=8 loops=1)
  Filter: (company_id = 33473)
  Rows Removed by Filter: 2609121
Planning time: 0.403 ms
Execution time: 814.592 ms
