Seq Scan on movie_keyword mk  (cost=0.00..81003.12 rows=246 width=0) (actual time=4.422..1216.803 rows=278 loops=1)
  Filter: (keyword_id = 8431)
  Rows Removed by Filter: 4523652
Planning time: 0.309 ms
Execution time: 1217.052 ms
