Hash Join  (cost=102767.86..289340.84 rows=3976730 width=0) (actual time=1962.073..7201.801 rows=3976424 loops=1)
  Hash Cond: (mk.movie_id = t.id)
  ->  Seq Scan on movie_keyword mk  (cost=0.00..81003.12 rows=3976730 width=4) (actual time=0.034..1764.513 rows=3976424 loops=1)
        Filter: (keyword_id > 393)
        Rows Removed by Filter: 547506
  ->  Hash  (cost=61283.27..61283.27 rows=2528527 width=4) (actual time=1959.729..1959.729 rows=2528312 loops=1)
        Buckets: 131072  Batches: 64  Memory Usage: 2425kB
        ->  Seq Scan on title t  (cost=0.00..61283.27 rows=2528527 width=4) (actual time=0.010..1082.711 rows=2528312 loops=1)
Planning time: 0.732 ms
Execution time: 7652.251 ms
