Seq Scan on movie_keyword mk  (cost=0.00..81003.12 rows=2214194 width=0) (actual time=0.025..1429.368 rows=2213415 loops=1)
  Filter: (keyword_id < 4487)
  Rows Removed by Filter: 2310515
Planning time: 0.330 ms
Execution time: 1702.546 ms
