Seq Scan on movie_companies mc  (cost=0.00..51404.11 rows=1591765 width=0) (actual time=0.038..900.674 rows=1592323 loops=1)
  Filter: (company_id > 5278)
  Rows Removed by Filter: 1016806
Planning time: 0.345 ms
Execution time: 1108.545 ms
