Hash Join  (cost=119900.15..246650.18 rows=192784 width=0) (actual time=2293.430..5497.320 rows=1198835 loops=1)
  Hash Cond: (mk.movie_id = t.id)
  ->  Seq Scan on movie_keyword mk  (cost=0.00..81003.12 rows=3745618 width=4) (actual time=0.025..1770.753 rows=3742364 loops=1)
        Filter: (keyword_id > 745)
        Rows Removed by Filter: 781566
  ->  Hash  (cost=117764.38..117764.38 rows=130141 width=8) (actual time=2292.369..2292.369 rows=151616 loops=1)
        Buckets: 131072  Batches: 2  Memory Usage: 3982kB
        ->  Hash Join  (cost=77838.49..117764.38 rows=130141 width=8) (actual time=1214.079..2252.510 rows=151616 loops=1)
              Hash Cond: (mi_idx.movie_id = t.id)
              ->  Seq Scan on movie_info_idx mi_idx  (cost=0.00..21735.35 rows=1380035 width=4) (actual time=0.019..463.043 rows=1380035 loops=1)
              ->  Hash  (cost=73925.90..73925.90 rows=238447 width=4) (actual time=1213.254..1213.254 rows=200165 loops=1)
                    Buckets: 131072  Batches: 4  Memory Usage: 2784kB
                    ->  Seq Scan on title t  (cost=0.00..73925.90 rows=238447 width=4) (actual time=310.406..1150.574 rows=200165 loops=1)
                          Filter: ((production_year > 2006) AND (kind_id = 1))
                          Rows Removed by Filter: 2328147
Planning time: 1.224 ms
Execution time: 5645.791 ms
