Hash Join  (cost=201704.44..619481.86 rows=287481 width=0) (actual time=4510.017..12470.051 rows=95451 loops=1)
  Hash Cond: (mi.movie_id = t.id)
  ->  Seq Scan on movie_info mi  (cost=0.00..346232.03 rows=5897221 width=4) (actual time=0.019..5976.307 rows=5884963 loops=1)
        Filter: (info_type_id < 7)
        Rows Removed by Filter: 8950757
  ->  Hash  (cost=199681.67..199681.67 rows=123262 width=8) (actual time=4508.936..4508.936 rows=40856 loops=1)
        Buckets: 131072  Batches: 2  Memory Usage: 1847kB
        ->  Hash Join  (cost=75342.47..199681.67 rows=123262 width=8) (actual time=3385.336..4496.063 rows=40856 loops=1)
              Hash Cond: (mk.movie_id = t.id)
              ->  Seq Scan on movie_keyword mk  (cost=0.00..81003.12 rows=3612122 width=4) (actual time=0.014..1614.675 rows=3603598 loops=1)
                    Filter: (keyword_id > 869)
                    Rows Removed by Filter: 920332
              ->  Hash  (cost=73925.90..73925.90 rows=86285 width=4) (actual time=1805.872..1805.872 rows=92628 loops=1)
                    Buckets: 131072  Batches: 2  Memory Usage: 2659kB
                    ->  Seq Scan on title t  (cost=0.00..73925.90 rows=86285 width=4) (actual time=31.954..1115.252 rows=92628 loops=1)
                          Filter: ((kind_id = 7) AND (production_year = 2010))
                          Rows Removed by Filter: 2435684
Planning time: 1.228 ms
Execution time: 12481.756 ms
