Seq Scan on movie_companies mc  (cost=0.00..51404.11 rows=104 width=0) (actual time=223.245..729.292 rows=1 loops=1)
  Filter: (company_id = 162518)
  Rows Removed by Filter: 2609128
Planning time: 0.309 ms
Execution time: 729.355 ms
