Seq Scan on movie_keyword mk  (cost=0.00..81003.12 rows=2547546 width=0) (actual time=0.034..1506.971 rows=2544376 loops=1)
  Filter: (keyword_id > 3486)
  Rows Removed by Filter: 1979554
Planning time: 0.599 ms
Execution time: 1821.648 ms
