Seq Scan on movie_companies mc  (cost=0.00..51404.11 rows=871531 width=0) (actual time=111.372..948.930 rows=878191 loops=1)
  Filter: (company_id > 23004)
  Rows Removed by Filter: 1730938
Planning time: 0.694 ms
Execution time: 1061.299 ms
