Seq Scan on movie_keyword mk  (cost=0.00..81003.12 rows=3780064 width=0) (actual time=0.023..1609.381 rows=3773379 loops=1)
  Filter: (keyword_id > 681)
  Rows Removed by Filter: 750551
Planning time: 0.376 ms
Execution time: 2077.244 ms
