Seq Scan on movie_companies mc  (cost=0.00..57926.93 rows=661208 width=0) (actual time=324.233..1043.740 rows=899257 loops=1)
  Filter: ((company_id < 11427) AND (company_type_id < 2))
  Rows Removed by Filter: 1709872
Planning time: 0.343 ms
Execution time: 1153.929 ms
