Seq Scan on movie_companies mc  (cost=0.00..57926.93 rows=470630 width=0) (actual time=400.381..962.253 rows=676435 loops=1)
  Filter: ((company_id < 3909) AND (company_type_id < 2))
  Rows Removed by Filter: 1932694
Planning time: 0.889 ms
Execution time: 1045.553 ms
