Hash Join  (cost=160309.28..1252779.36 rows=5710892 width=0) (actual time=3676.956..38579.493 rows=17436175 loops=1)
  Hash Cond: (ci.movie_id = t.id)
  ->  Seq Scan on cast_info ci  (cost=0.00..614943.12 rows=36225612 width=4) (actual time=0.021..13117.682 rows=36244344 loops=1)
  ->  Hash  (cost=153768.57..153768.57 rows=398617 width=8) (actual time=3676.039..3676.039 rows=738901 loops=1)
        Buckets: 131072 (originally 131072)  Batches: 16 (originally 8)  Memory Usage: 3073kB
        ->  Hash Join  (cost=80042.24..153768.57 rows=398617 width=8) (actual time=1409.369..3466.619 rows=738901 loops=1)
              Hash Cond: (mc.movie_id = t.id)
              ->  Seq Scan on movie_companies mc  (cost=0.00..51404.11 rows=1329612 width=4) (actual time=0.026..1103.026 rows=1334883 loops=1)
                    Filter: (company_type_id = 2)
                    Rows Removed by Filter: 1274246
              ->  Hash  (cost=67604.59..67604.59 rows=758052 width=4) (actual time=1408.497..1408.497 rows=753677 loops=1)
                    Buckets: 131072  Batches: 16  Memory Usage: 2677kB
                    ->  Seq Scan on title t  (cost=0.00..67604.59 rows=758052 width=4) (actual time=0.024..1176.413 rows=753677 loops=1)
                          Filter: (kind_id < 3)
                          Rows Removed by Filter: 1774635
Planning time: 1.217 ms
Execution time: 40475.359 ms
