Hash Join  (cost=73983.02..130397.21 rows=2403 width=0) (actual time=865.162..1386.840 rows=4297 loops=1)
  Hash Cond: (mc.movie_id = t.id)
  ->  Seq Scan on movie_companies mc  (cost=0.00..51404.11 rows=1329612 width=4) (actual time=0.021..387.050 rows=1334883 loops=1)
        Filter: (company_type_id > 1)
        Rows Removed by Filter: 1274246
  ->  Hash  (cost=73925.90..73925.90 rows=4569 width=4) (actual time=865.062..865.062 rows=6454 loops=1)
        Buckets: 8192  Batches: 1  Memory Usage: 291kB
        ->  Seq Scan on title t  (cost=0.00..73925.90 rows=4569 width=4) (actual time=0.022..862.441 rows=6454 loops=1)
              Filter: ((kind_id > 4) AND (production_year = 1964))
              Rows Removed by Filter: 2521858
Planning time: 1.940 ms
Execution time: 1387.298 ms
