Hash Join  (cost=215731.74..1471048.27 rows=1631657 width=148) (actual time=6073.387..44951.702 rows=13021154 loops=1)
  Hash Cond: (ci.movie_id = t.id)
  ->  Seq Scan on cast_info ci  (cost=0.00..705507.15 rows=23499554 width=42) (actual time=0.013..18889.580 rows=23573656 loops=1)
        Filter: (role_id > 1)
        Rows Removed by Filter: 12670688
  ->  Hash  (cost=210622.18..210622.18 rows=175565 width=106) (actual time=6068.033..6068.033 rows=844347 loops=1)
        Buckets: 32768 (originally 32768)  Batches: 32 (originally 8)  Memory Usage: 3841kB
        ->  Hash Join  (cost=76590.49..210622.18 rows=175565 width=106) (actual time=1769.196..5290.902 rows=844347 loops=1)
              Hash Cond: (mk.movie_id = t.id)
              ->  Seq Scan on movie_keyword mk  (cost=0.00..69693.30 rows=4523930 width=12) (actual time=0.013..1263.454 rows=4523930 loops=1)
              ->  Hash  (cost=73925.90..73925.90 rows=98127 width=94) (actual time=1768.673..1768.673 rows=226456 loops=1)
                    Buckets: 32768 (originally 32768)  Batches: 8 (originally 4)  Memory Usage: 3841kB
                    ->  Seq Scan on title t  (cost=0.00..73925.90 rows=98127 width=94) (actual time=114.752..1377.058 rows=226456 loops=1)
                          Filter: ((production_year < 1970) AND (kind_id = 1))
                          Rows Removed by Filter: 2301856
Planning time: 3.496 ms
Execution time: 45673.702 ms
