Hash Join  (cost=419239.49..1294671.32 rows=86524 width=0) (actual time=6589.650..26913.399 rows=462327 loops=1)
  Hash Cond: (ci.movie_id = t.id)
  ->  Seq Scan on cast_info ci  (cost=0.00..796071.18 rows=20932104 width=4) (actual time=0.015..16409.527 rows=24143050 loops=1)
        Filter: ((person_id < 2735076) AND (role_id < 8))
        Rows Removed by Filter: 12101294
  ->  Hash  (cost=419108.84..419108.84 rows=10452 width=8) (actual time=6589.021..6589.021 rows=8272 loops=1)
        Buckets: 16384  Batches: 1  Memory Usage: 452kB
        ->  Hash Join  (cost=70241.71..419108.84 rows=10452 width=8) (actual time=1464.235..6586.429 rows=8272 loops=1)
              Hash Cond: (mi.movie_id = t.id)
              ->  Seq Scan on movie_info mi  (cost=0.00..346232.03 rows=164423 width=4) (actual time=133.235..5348.364 rows=197754 loops=1)
                    Filter: (info_type_id > 106)
                    Rows Removed by Filter: 14637966
              ->  Hash  (cost=67604.59..67604.59 rows=160730 width=4) (actual time=1134.908..1134.908 rows=160017 loops=1)
                    Buckets: 131072  Batches: 4  Memory Usage: 2442kB
                    ->  Seq Scan on title t  (cost=0.00..67604.59 rows=160730 width=4) (actual time=0.022..1076.291 rows=160017 loops=1)
                          Filter: (production_year = 2011)
                          Rows Removed by Filter: 2368295
Planning time: 1.404 ms
Execution time: 26974.330 ms
