Hash Join  (cost=115381.88..604238.25 rows=848146 width=0) (actual time=2385.696..15562.586 rows=2790504 loops=1)
  Hash Cond: (mi.movie_id = t.id)
  ->  Seq Scan on movie_info mi  (cost=0.00..309384.22 rows=14739122 width=4) (actual time=0.012..6135.486 rows=14835720 loops=1)
  ->  Hash  (cost=112994.11..112994.11 rows=145501 width=8) (actual time=2384.452..2384.452 rows=157558 loops=1)
        Buckets: 131072 (originally 131072)  Batches: 4 (originally 2)  Memory Usage: 3073kB
        ->  Hash Join  (cost=74201.04..112994.11 rows=145501 width=8) (actual time=1299.377..2325.954 rows=157558 loops=1)
              Hash Cond: (mi_idx.movie_id = t.id)
              ->  Seq Scan on movie_info_idx mi_idx  (cost=0.00..25185.44 rows=915101 width=4) (actual time=0.029..501.597 rows=919850 loops=1)
                    Filter: (info_type_id < 101)
                    Rows Removed by Filter: 460185
              ->  Hash  (cost=67604.59..67604.59 rows=402036 width=4) (actual time=1298.177..1298.177 rows=395872 loops=1)
                    Buckets: 131072  Batches: 8  Memory Usage: 2759kB
                    ->  Seq Scan on title t  (cost=0.00..67604.59 rows=402036 width=4) (actual time=0.022..1173.089 rows=395872 loops=1)
                          Filter: (production_year < 1972)
                          Rows Removed by Filter: 2132440
Planning time: 1.160 ms
Execution time: 15876.713 ms
