Hash Join  (cost=364100.28..1161148.54 rows=24551763 width=0) (actual time=8840.510..67102.610 rows=217621525 loops=1)
  Hash Cond: (mi.movie_id = t.id)
  ->  Seq Scan on movie_info mi  (cost=0.00..309384.22 rows=14739122 width=4) (actual time=0.009..6198.843 rows=14835720 loops=1)
  ->  Hash  (cost=294998.46..294998.46 rows=4211906 width=8) (actual time=8838.861..8838.861 rows=4214157 loops=1)
        Buckets: 131072  Batches: 64  Memory Usage: 3699kB
        ->  Hash Join  (cost=102767.86..294998.46 rows=4211906 width=8) (actual time=1970.344..7440.694 rows=4214157 loops=1)
              Hash Cond: (mk.movie_id = t.id)
              ->  Seq Scan on movie_keyword mk  (cost=0.00..81003.12 rows=4211906 width=4) (actual time=0.015..1863.455 rows=4214157 loops=1)
                    Filter: (keyword_id < 52704)
                    Rows Removed by Filter: 309773
              ->  Hash  (cost=61283.27..61283.27 rows=2528527 width=4) (actual time=1967.704..1967.704 rows=2528312 loops=1)
                    Buckets: 131072  Batches: 64  Memory Usage: 2425kB
                    ->  Seq Scan on title t  (cost=0.00..61283.27 rows=2528527 width=4) (actual time=0.024..1120.775 rows=2528312 loops=1)
Planning time: 0.784 ms
Execution time: 88986.545 ms
