Hash Join  (cost=262156.16..865674.92 rows=9867593 width=0) (actual time=5699.165..40991.972 rows=81401173 loops=1)
  Hash Cond: (mi.movie_id = t.id)
  ->  Seq Scan on movie_info mi  (cost=0.00..309384.22 rows=14739122 width=4) (actual time=0.023..6345.927 rows=14835720 loops=1)
  ->  Hash  (cost=234383.08..234383.08 rows=1692806 width=8) (actual time=5697.538..5697.538 rows=1700105 loops=1)
        Buckets: 131072  Batches: 32  Memory Usage: 3166kB
        ->  Hash Join  (cost=102767.86..234383.08 rows=1692806 width=8) (actual time=1892.038..5160.920 rows=1700105 loops=1)
              Hash Cond: (mk.movie_id = t.id)
              ->  Seq Scan on movie_keyword mk  (cost=0.00..81003.12 rows=1692806 width=4) (actual time=0.033..1451.926 rows=1700105 loops=1)
                    Filter: (keyword_id < 2651)
                    Rows Removed by Filter: 2823825
              ->  Hash  (cost=61283.27..61283.27 rows=2528527 width=4) (actual time=1890.727..1890.727 rows=2528312 loops=1)
                    Buckets: 131072  Batches: 64  Memory Usage: 2425kB
                    ->  Seq Scan on title t  (cost=0.00..61283.27 rows=2528527 width=4) (actual time=0.016..1064.227 rows=2528312 loops=1)
Planning time: 1.152 ms
Execution time: 50657.413 ms
