Hash Join  (cost=129822.41..216516.49 rows=3605 width=0) (actual time=2039.447..3783.452 rows=19451 loops=1)
  Hash Cond: (mk.movie_id = t.id)
  ->  Seq Scan on movie_keyword mk  (cost=0.00..69693.30 rows=4523930 width=4) (actual time=0.010..942.580 rows=4523930 loops=1)
  ->  Hash  (cost=129797.22..129797.22 rows=2015 width=8) (actual time=2038.991..2038.991 rows=2633 loops=1)
        Buckets: 4096 (originally 2048)  Batches: 1 (originally 1)  Memory Usage: 135kB
        ->  Hash Join  (cost=73980.27..129797.22 rows=2015 width=8) (actual time=930.689..2037.620 rows=2633 loops=1)
              Hash Cond: (mc.movie_id = t.id)
              ->  Seq Scan on movie_companies mc  (cost=0.00..51404.11 rows=1171384 width=4) (actual time=0.010..889.458 rows=1166501 loops=1)
                    Filter: (company_id < 9747)
                    Rows Removed by Filter: 1442628
              ->  Hash  (cost=73925.90..73925.90 rows=4349 width=4) (actual time=930.488..930.488 rows=8831 loops=1)
                    Buckets: 16384 (originally 8192)  Batches: 1 (originally 1)  Memory Usage: 439kB
                    ->  Seq Scan on title t  (cost=0.00..73925.90 rows=4349 width=4) (actual time=329.507..926.540 rows=8831 loops=1)
                          Filter: ((kind_id = 4) AND (production_year = 2005))
                          Rows Removed by Filter: 2519481
Planning time: 7.389 ms
Execution time: 3786.192 ms
