Hash Join  (cost=564137.45..1979551.05 rows=7821363 width=0) (actual time=13776.066..51591.693 rows=19502224 loops=1)
  Hash Cond: (ci.movie_id = t.id)
  ->  Seq Scan on cast_info ci  (cost=0.00..705507.15 rows=35340678 width=4) (actual time=0.024..16940.139 rows=35487370 loops=1)
        Filter: (person_id > 80509)
        Rows Removed by Filter: 756974
  ->  Hash  (cost=554956.48..554956.48 rows=559597 width=8) (actual time=13775.068..13775.068 rows=522217 loops=1)
        Buckets: 131072  Batches: 8  Memory Usage: 3708kB
        ->  Hash Join  (cost=69179.59..554956.48 rows=559597 width=8) (actual time=1222.184..13215.453 rows=522217 loops=1)
              Hash Cond: (mi.movie_id = t.id)
              ->  Seq Scan on movie_info mi  (cost=0.00..309384.22 rows=14739122 width=4) (actual time=0.010..5775.161 rows=14835720 loops=1)
              ->  Hash  (cost=67604.59..67604.59 rows=96000 width=4) (actual time=1221.427..1221.427 rows=95005 loops=1)
                    Buckets: 131072  Batches: 2  Memory Usage: 2722kB
                    ->  Seq Scan on title t  (cost=0.00..67604.59 rows=96000 width=4) (actual time=0.021..1182.745 rows=95005 loops=1)
                          Filter: (production_year = 2005)
                          Rows Removed by Filter: 2433307
Planning time: 1.243 ms
Execution time: 53813.681 ms
