Hash Join  (cost=101132.29..222655.86 rows=1152545 width=0) (actual time=2018.345..5496.365 rows=637169 loops=1)
  Hash Cond: (mk.movie_id = t.id)
  ->  Seq Scan on movie_keyword mk  (cost=0.00..81003.12 rows=1757398 width=4) (actual time=0.023..1538.177 rows=1761545 loops=1)
        Filter: (keyword_id > 7871)
        Rows Removed by Filter: 2762385
  ->  Hash  (cost=73925.90..73925.90 rows=1658271 width=4) (actual time=2016.070..2016.070 rows=1768410 loops=1)
        Buckets: 131072  Batches: 32  Memory Usage: 2977kB
        ->  Seq Scan on title t  (cost=0.00..73925.90 rows=1658271 width=4) (actual time=0.008..1424.162 rows=1768410 loops=1)
              Filter: ((kind_id > 1) AND (production_year > 1956))
              Rows Removed by Filter: 759902
Planning time: 0.563 ms
Execution time: 5567.829 ms
