Hash Join  (cost=94616.01..475747.42 rows=4909 width=0) (actual time=2011.041..8847.419 rows=7 loops=1)
  Hash Cond: (mi.movie_id = t.id)
  ->  Seq Scan on movie_info mi  (cost=0.00..346232.03 rows=9293409 width=4) (actual time=0.018..5927.362 rows=9425200 loops=1)
        Filter: (info_type_id > 5)
        Rows Removed by Filter: 5410520
  ->  Hash  (cost=94599.31..94599.31 rows=1336 width=8) (actual time=1619.714..1619.714 rows=1 loops=1)
        Buckets: 2048  Batches: 1  Memory Usage: 17kB
        ->  Hash Join  (cost=67697.55..94599.31 rows=1336 width=8) (actual time=1073.857..1619.704 rows=1 loops=1)
              Hash Cond: (mi_idx.movie_id = t.id)
              ->  Seq Scan on movie_info_idx mi_idx  (cost=0.00..25185.44 rows=454124 width=4) (actual time=0.010..481.960 rows=459925 loops=1)
                    Filter: (info_type_id = 100)
                    Rows Removed by Filter: 920110
              ->  Hash  (cost=67604.59..67604.59 rows=7437 width=4) (actual time=1059.169..1059.169 rows=3077 loops=1)
                    Buckets: 8192  Batches: 1  Memory Usage: 173kB
                    ->  Seq Scan on title t  (cost=0.00..67604.59 rows=7437 width=4) (actual time=2.032..1057.457 rows=3077 loops=1)
                          Filter: (production_year = 2014)
                          Rows Removed by Filter: 2525235
Planning time: 1.200 ms
Execution time: 8847.539 ms
