Hash Join  (cost=204368.78..1258816.24 rows=2009635 width=0) (actual time=4142.573..34492.134 rows=7217297 loops=1)
  Hash Cond: (ci.movie_id = t.id)
  ->  Seq Scan on cast_info ci  (cost=0.00..614943.12 rows=36225612 width=4) (actual time=0.006..13087.802 rows=36244344 loops=1)
  ->  Hash  (cost=202067.39..202067.39 rows=140271 width=8) (actual time=4141.643..4141.643 rows=396949 loops=1)
        Buckets: 131072 (originally 131072)  Batches: 8 (originally 2)  Memory Usage: 3073kB
        ->  Hash Join  (cost=75461.39..202067.39 rows=140271 width=8) (actual time=1178.650..4012.678 rows=396949 loops=1)
              Hash Cond: (mk.movie_id = t.id)
              ->  Seq Scan on movie_keyword mk  (cost=0.00..81003.12 rows=3790976 width=4) (actual time=0.020..1586.239 rows=3783267 loops=1)
                    Filter: (keyword_id < 25358)
                    Rows Removed by Filter: 740663
              ->  Hash  (cost=73925.90..73925.90 rows=93559 width=4) (actual time=1177.614..1177.614 rows=104574 loops=1)
                    Buckets: 131072  Batches: 2  Memory Usage: 2863kB
                    ->  Seq Scan on title t  (cost=0.00..73925.90 rows=93559 width=4) (actual time=0.010..1140.959 rows=104574 loops=1)
                          Filter: ((production_year < 2011) AND (kind_id = 4))
                          Rows Removed by Filter: 2423738
Planning time: 1.160 ms
Execution time: 35338.437 ms
