Hash Join  (cost=83074.74..833899.15 rows=3524 width=0) (actual time=1225.987..17649.122 rows=6388 loops=1)
  Hash Cond: (ci.movie_id = t.id)
  ->  Seq Scan on cast_info ci  (cost=0.00..614943.12 rows=36225612 width=4) (actual time=0.013..9332.072 rows=36244344 loops=1)
  ->  Hash  (cost=83071.67..83071.67 rows=246 width=8) (actual time=1219.466..1219.466 rows=474 loops=1)
        Buckets: 1024  Batches: 1  Memory Usage: 27kB
        ->  Nested Loop  (cost=0.43..83071.67 rows=246 width=8) (actual time=2.010..1219.124 rows=474 loops=1)
              ->  Seq Scan on movie_keyword mk  (cost=0.00..81003.12 rows=246 width=4) (actual time=1.960..1199.660 rows=474 loops=1)
                    Filter: (keyword_id = 20322)
                    Rows Removed by Filter: 4523456
              ->  Index Only Scan using title_pkey on title t  (cost=0.43..8.40 rows=1 width=4) (actual time=0.039..0.039 rows=1 loops=474)
                    Index Cond: (id = mk.movie_id)
                    Heap Fetches: 474
Planning time: 0.773 ms
Execution time: 17651.340 ms
