Seq Scan on cast_info ci  (cost=0.00..705507.15 rows=29009146 width=0) (actual time=0.030..13032.486 rows=29082488 loops=1)
  Filter: (person_id > 692261)
  Rows Removed by Filter: 7161856
Planning time: 0.291 ms
Execution time: 16546.675 ms
