Seq Scan on cast_info ci  (cost=0.00..796071.18 rows=4820291 width=0) (actual time=693.444..13615.474 rows=10230495 loops=1)
  Filter: ((person_id > 2628928) AND (role_id > 2))
  Rows Removed by Filter: 26013849
Planning time: 0.329 ms
Execution time: 14898.721 ms
