Hash Join  (cost=102767.86..234913.33 rows=1714852 width=0) (actual time=1989.680..5299.366 rows=1721765 loops=1)
  Hash Cond: (mk.movie_id = t.id)
  ->  Seq Scan on movie_keyword mk  (cost=0.00..81003.12 rows=1714852 width=4) (actual time=0.022..1579.933 rows=1721765 loops=1)
        Filter: (keyword_id > 8233)
        Rows Removed by Filter: 2802165
  ->  Hash  (cost=61283.27..61283.27 rows=2528527 width=4) (actual time=1987.624..1987.624 rows=2528312 loops=1)
        Buckets: 131072  Batches: 64  Memory Usage: 2425kB
        ->  Seq Scan on title t  (cost=0.00..61283.27 rows=2528527 width=4) (actual time=0.022..1125.497 rows=2528312 loops=1)
Planning time: 0.760 ms
Execution time: 5507.023 ms
