Hash Join  (cost=102767.86..181974.82 rows=473848 width=0) (actual time=2513.583..3418.112 rows=168263 loops=1)
  Hash Cond: (mc.movie_id = t.id)
  ->  Seq Scan on movie_companies mc  (cost=0.00..57926.93 rows=473848 width=4) (actual time=417.181..780.596 rows=168263 loops=1)
        Filter: ((company_id > 17473) AND (company_type_id < 2))
        Rows Removed by Filter: 2440866
  ->  Hash  (cost=61283.27..61283.27 rows=2528527 width=4) (actual time=2094.960..2094.960 rows=2528312 loops=1)
        Buckets: 131072  Batches: 64  Memory Usage: 2415kB
        ->  Seq Scan on title t  (cost=0.00..61283.27 rows=2528527 width=4) (actual time=0.026..1125.707 rows=2528312 loops=1)
Planning time: 0.781 ms
Execution time: 3438.919 ms
