Seq Scan on movie_keyword mk  (cost=0.00..81003.12 rows=2282716 width=0) (actual time=0.022..1477.053 rows=2283563 loops=1)
  Filter: (keyword_id < 4847)
  Rows Removed by Filter: 2240367
Planning time: 0.308 ms
Execution time: 1766.481 ms
