Hash Join  (cost=102767.86..185602.09 rows=624572 width=0) (actual time=1985.037..3880.091 rows=853403 loops=1)
  Hash Cond: (mc.movie_id = t.id)
  ->  Seq Scan on movie_companies mc  (cost=0.00..57926.93 rows=624572 width=4) (actual time=0.009..897.010 rows=853403 loops=1)
        Filter: ((company_id < 11203) AND (company_type_id < 2))
        Rows Removed by Filter: 1755726
  ->  Hash  (cost=61283.27..61283.27 rows=2528527 width=4) (actual time=1983.518..1983.518 rows=2528312 loops=1)
        Buckets: 131072  Batches: 64  Memory Usage: 2415kB
        ->  Seq Scan on title t  (cost=0.00..61283.27 rows=2528527 width=4) (actual time=0.012..1143.171 rows=2528312 loops=1)
Planning time: 0.796 ms
Execution time: 3973.038 ms
