Hash Join  (cost=236016.41..1395132.34 rows=11093569 width=0) (actual time=5121.610..32657.093 rows=4169208 loops=1)
  Hash Cond: (ci.movie_id = t.id)
  ->  Seq Scan on cast_info ci  (cost=0.00..705507.15 rows=26421423 width=4) (actual time=0.019..15575.915 rows=26466384 loops=1)
        Filter: (person_id < 2732676)
        Rows Removed by Filter: 9777960
  ->  Hash  (cost=218597.75..218597.75 rows=1061653 width=8) (actual time=5119.952..5119.952 rows=232330 loops=1)
        Buckets: 131072  Batches: 16  Memory Usage: 1565kB
        ->  Hash Join  (cost=83661.18..218597.75 rows=1061653 width=8) (actual time=1829.777..5050.453 rows=232330 loops=1)
              Hash Cond: (mk.movie_id = t.id)
              ->  Seq Scan on movie_keyword mk  (cost=0.00..69693.30 rows=4523930 width=4) (actual time=0.020..1453.033 rows=4523930 loops=1)
              ->  Hash  (cost=73925.90..73925.90 rows=593382 width=4) (actual time=1379.580..1379.580 rows=486368 loops=1)
                    Buckets: 131072  Batches: 8  Memory Usage: 3153kB
                    ->  Seq Scan on title t  (cost=0.00..73925.90 rows=593382 width=4) (actual time=58.744..1231.084 rows=486368 loops=1)
                          Filter: ((production_year < 1999) AND (kind_id = 7))
                          Rows Removed by Filter: 2041944
Planning time: 1.183 ms
Execution time: 33109.395 ms
