Hash Join  (cost=67697.55..94625.21 rows=1356 width=0) (actual time=1083.484..1612.052 rows=3079 loops=1)
  Hash Cond: (mi_idx.movie_id = t.id)
  ->  Seq Scan on movie_info_idx mi_idx  (cost=0.00..25185.44 rows=460978 width=4) (actual time=0.022..424.442 rows=459925 loops=1)
        Filter: (info_type_id = 99)
        Rows Removed by Filter: 920110
  ->  Hash  (cost=67604.59..67604.59 rows=7437 width=4) (actual time=1083.243..1083.243 rows=14235 loops=1)
        Buckets: 16384 (originally 8192)  Batches: 1 (originally 1)  Memory Usage: 629kB
        ->  Seq Scan on title t  (cost=0.00..67604.59 rows=7437 width=4) (actual time=0.030..1076.574 rows=14235 loops=1)
              Filter: (production_year = 1968)
              Rows Removed by Filter: 2514077
Planning time: 0.829 ms
Execution time: 1612.835 ms
