Hash Join  (cost=158938.46..1087858.25 rows=1714441 width=0) (actual time=3796.005..21761.368 rows=2202696 loops=1)
  Hash Cond: (ci.movie_id = t.id)
  ->  Seq Scan on cast_info ci  (cost=0.00..796071.18 rows=9858186 width=4) (actual time=0.012..14283.342 rows=6788342 loops=1)
        Filter: ((person_id > 2144162) AND (role_id < 4))
        Rows Removed by Filter: 29456002
  ->  Hash  (cost=151723.75..151723.75 rows=439737 width=8) (actual time=3794.318..3794.318 rows=455188 loops=1)
        Buckets: 131072  Batches: 8  Memory Usage: 3252kB
        ->  Hash Join  (cost=106840.27..151723.75 rows=439737 width=8) (actual time=2317.701..3660.134 rows=455188 loops=1)
              Hash Cond: (mi_idx.movie_id = t.id)
              ->  Seq Scan on movie_info_idx mi_idx  (cost=0.00..25185.44 rows=464934 width=4) (actual time=0.021..496.741 rows=460185 loops=1)
                    Filter: (info_type_id > 100)
                    Rows Removed by Filter: 919850
              ->  Hash  (cost=67604.59..67604.59 rows=2391495 width=4) (actual time=2316.519..2316.519 rows=2388876 loops=1)
                    Buckets: 131072  Batches: 32  Memory Usage: 3646kB
                    ->  Seq Scan on title t  (cost=0.00..67604.59 rows=2391495 width=4) (actual time=0.014..1569.486 rows=2388876 loops=1)
                          Filter: (production_year < 2013)
                          Rows Removed by Filter: 139436
Planning time: 0.814 ms
Execution time: 21998.699 ms
