Hash Join  (cost=128478.61..918297.28 rows=918439 width=0) (actual time=3460.641..19187.578 rows=3508615 loops=1)
  Hash Cond: (ci.movie_id = t.id)
  ->  Seq Scan on cast_info ci  (cost=0.00..705507.15 rows=6374171 width=4) (actual time=645.229..11616.581 rows=6283089 loops=1)
        Filter: (person_id < 605461)
        Rows Removed by Filter: 29961255
  ->  Hash  (cost=122500.50..122500.50 rows=364329 width=8) (actual time=2814.565..2814.565 rows=629900 loops=1)
        Buckets: 131072 (originally 131072)  Batches: 16 (originally 8)  Memory Usage: 3073kB
        ->  Hash Join  (cost=78556.72..122500.50 rows=364329 width=8) (actual time=1298.158..2638.359 rows=629900 loops=1)
              Hash Cond: (mi_idx.movie_id = t.id)
              ->  Seq Scan on movie_info_idx mi_idx  (cost=0.00..21735.35 rows=1380035 width=4) (actual time=0.020..444.327 rows=1380035 loops=1)
              ->  Hash  (cost=67604.59..67604.59 rows=667531 width=4) (actual time=1297.285..1297.285 rows=662825 loops=1)
                    Buckets: 131072  Batches: 16  Memory Usage: 2476kB
                    ->  Seq Scan on title t  (cost=0.00..67604.59 rows=667531 width=4) (actual time=0.016..1099.039 rows=662825 loops=1)
                          Filter: (kind_id = 1)
                          Rows Removed by Filter: 1865487
Planning time: 1.161 ms
Execution time: 19601.585 ms
