Hash Join  (cost=175142.17..956801.60 rows=106110 width=0) (actual time=3070.117..22750.663 rows=593149 loops=1)
  Hash Cond: (ci.movie_id = t.id)
  ->  Seq Scan on cast_info ci  (cost=0.00..705507.15 rows=20024311 width=4) (actual time=0.020..14696.472 rows=20122661 loops=1)
        Filter: (role_id < 3)
        Rows Removed by Filter: 16121683
  ->  Hash  (cost=174974.68..174974.68 rows=13399 width=8) (actual time=3069.981..3069.981 rows=27709 loops=1)
        Buckets: 32768 (originally 16384)  Batches: 1 (originally 1)  Memory Usage: 1339kB
        ->  Hash Join  (cost=89678.24..174974.68 rows=13399 width=8) (actual time=1578.692..3059.223 rows=27709 loops=1)
              Hash Cond: (mk.movie_id = t.id)
              ->  Seq Scan on movie_keyword mk  (cost=0.00..81003.12 rows=35287 width=4) (actual time=0.012..1291.289 rows=29440 loops=1)
                    Filter: (keyword_id = 359)
                    Rows Removed by Filter: 4494490
              ->  Hash  (cost=73925.90..73925.90 rows=960107 width=4) (actual time=1577.524..1577.524 rows=977778 loops=1)
                    Buckets: 131072  Batches: 16  Memory Usage: 3181kB
                    ->  Seq Scan on title t  (cost=0.00..73925.90 rows=960107 width=4) (actual time=0.016..1272.585 rows=977778 loops=1)
                          Filter: ((kind_id < 7) AND (production_year > 0))
                          Rows Removed by Filter: 1550534
Planning time: 0.997 ms
Execution time: 22831.165 ms
