Seq Scan on movie_companies mc  (cost=0.00..51404.11 rows=195772 width=0) (actual time=3.996..804.614 rows=197038 loops=1)
  Filter: (company_id > 114430)
  Rows Removed by Filter: 2412091
Planning time: 0.303 ms
Execution time: 834.397 ms
