Seq Scan on movie_companies mc  (cost=0.00..51404.11 rows=1885567 width=0) (actual time=0.035..1030.077 rows=1896603 loops=1)
  Filter: (company_id > 1371)
  Rows Removed by Filter: 712526
Planning time: 0.353 ms
Execution time: 1259.310 ms
