Seq Scan on movie_companies mc  (cost=0.00..57926.93 rows=426622 width=0) (actual time=230.833..959.851 rows=611506 loops=1)
  Filter: ((company_id < 2561) AND (company_type_id < 2))
  Rows Removed by Filter: 1997623
Planning time: 0.319 ms
Execution time: 1035.342 ms
