Hash Join  (cost=798788.85..825699.60 rows=27 width=0) (actual time=14284.504..14591.495 rows=9 loops=1)
  Hash Cond: (mi_idx.movie_id = t.id)
  ->  Seq Scan on movie_info_idx mi_idx  (cost=0.00..21735.35 rows=1380035 width=4) (actual time=0.022..298.162 rows=1380035 loops=1)
  ->  Hash  (cost=798788.22..798788.22 rows=50 width=8) (actual time=14019.053..14019.053 rows=3 loops=1)
        Buckets: 1024  Batches: 1  Memory Usage: 9kB
        ->  Nested Loop  (cost=0.43..798788.22 rows=50 width=8) (actual time=1743.138..14019.001 rows=3 loops=1)
              ->  Seq Scan on cast_info ci  (cost=0.00..796071.18 rows=324 width=4) (actual time=1742.981..14018.506 rows=19 loops=1)
                    Filter: ((role_id > 1) AND (person_id = 3782349))
                    Rows Removed by Filter: 36244325
              ->  Index Scan using title_pkey on title t  (cost=0.43..8.38 rows=1 width=4) (actual time=0.019..0.019 rows=0 loops=19)
                    Index Cond: (id = ci.movie_id)
                    Filter: (production_year > 2010)
                    Rows Removed by Filter: 1
Planning time: 4.128 ms
Execution time: 14591.644 ms
