Hash Join  (cost=204220.99..568456.09 rows=139255 width=0) (actual time=6429.454..10338.090 rows=317538 loops=1)
  Hash Cond: (mi.movie_id = t.id)
  ->  Seq Scan on movie_info mi  (cost=0.00..346232.03 rows=1348138 width=4) (actual time=2350.482..5758.095 rows=1298989 loops=1)
        Filter: (info_type_id = 4)
        Rows Removed by Filter: 13536731
  ->  Hash  (cost=199935.21..199935.21 rows=261183 width=8) (actual time=3879.635..3879.635 rows=259793 loops=1)
        Buckets: 131072  Batches: 4  Memory Usage: 3602kB
        ->  Hash Join  (cost=102767.86..199935.21 rows=261183 width=8) (actual time=1992.996..3804.414 rows=259793 loops=1)
              Hash Cond: (mk.movie_id = t.id)
              ->  Seq Scan on movie_keyword mk  (cost=0.00..81003.12 rows=261183 width=4) (actual time=2.805..1232.027 rows=259793 loops=1)
                    Filter: (keyword_id > 59365)
                    Rows Removed by Filter: 4264137
              ->  Hash  (cost=61283.27..61283.27 rows=2528527 width=4) (actual time=1989.365..1989.365 rows=2528312 loops=1)
                    Buckets: 131072  Batches: 64  Memory Usage: 2425kB
                    ->  Seq Scan on title t  (cost=0.00..61283.27 rows=2528527 width=4) (actual time=0.030..1074.612 rows=2528312 loops=1)
Planning time: 1.161 ms
Execution time: 10376.404 ms
