Hash Join  (cost=181755.93..678746.77 rows=1610491 width=0) (actual time=3699.264..19184.802 rows=10212580 loops=1)
  Hash Cond: (mi.movie_id = t.id)
  ->  Seq Scan on movie_info mi  (cost=0.00..309384.22 rows=14739122 width=4) (actual time=0.012..6066.534 rows=14835720 loops=1)
  ->  Hash  (cost=177222.39..177222.39 rows=276283 width=8) (actual time=3698.205..3698.205 rows=415610 loops=1)
        Buckets: 131072 (originally 131072)  Batches: 8 (originally 4)  Memory Usage: 3073kB
        ->  Hash Join  (cost=102767.86..177222.39 rows=276283 width=8) (actual time=1909.473..3563.863 rows=415610 loops=1)
              Hash Cond: (mc.movie_id = t.id)
              ->  Seq Scan on movie_companies mc  (cost=0.00..57926.93 rows=276283 width=4) (actual time=0.023..867.753 rows=415610 loops=1)
                    Filter: ((company_id < 596) AND (company_type_id = 1))
                    Rows Removed by Filter: 2193519
              ->  Hash  (cost=61283.27..61283.27 rows=2528527 width=4) (actual time=1908.370..1908.370 rows=2528312 loops=1)
                    Buckets: 131072  Batches: 64  Memory Usage: 2415kB
                    ->  Seq Scan on title t  (cost=0.00..61283.27 rows=2528527 width=4) (actual time=0.017..1064.161 rows=2528312 loops=1)
Planning time: 1.112 ms
Execution time: 20279.556 ms
