Hash Join  (cost=83810.17..1280748.81 rows=12312603 width=0) (actual time=1489.516..37762.852 rows=12872400 loops=1)
  Hash Cond: (ci.movie_id = t.id)
  ->  Seq Scan on cast_info ci  (cost=0.00..705507.15 rows=31519589 width=4) (actual time=0.018..16479.352 rows=31499011 loops=1)
        Filter: (person_id < 3204799)
        Rows Removed by Filter: 4745333
  ->  Hash  (cost=67604.59..67604.59 rows=987727 width=4) (actual time=1488.387..1488.387 rows=985048 loops=1)
        Buckets: 131072  Batches: 16  Memory Usage: 3188kB
        ->  Seq Scan on title t  (cost=0.00..67604.59 rows=987727 width=4) (actual time=0.023..1177.250 rows=985048 loops=1)
              Filter: (kind_id < 7)
              Rows Removed by Filter: 1543264
Planning time: 0.774 ms
Execution time: 39285.630 ms
