Hash Join  (cost=76125.53..911540.68 rows=170187 width=0) (actual time=14248.714..14248.810 rows=1 loops=1)
  Hash Cond: (ci.movie_id = t.id)
  ->  Seq Scan on cast_info ci  (cost=0.00..796071.18 rows=3210160 width=4) (actual time=0.845..13199.088 rows=2762 loops=1)
        Filter: ((person_id < 1564719) AND (role_id = 2))
        Rows Removed by Filter: 36241582
  ->  Hash  (cost=73925.90..73925.90 rows=134050 width=4) (actual time=1041.925..1041.925 rows=33653 loops=1)
        Buckets: 131072  Batches: 2  Memory Usage: 1617kB
        ->  Seq Scan on title t  (cost=0.00..73925.90 rows=134050 width=4) (actual time=0.026..1028.083 rows=33653 loops=1)
              Filter: ((production_year < 1958) AND (kind_id = 7))
              Rows Removed by Filter: 2494659
Planning time: 0.733 ms
Execution time: 14248.879 ms
