Hash Join  (cost=187897.86..1050236.39 rows=898664 width=0) (actual time=8552.952..27556.783 rows=11498165 loops=1)
  Hash Cond: (ci.movie_id = t.id)
  ->  Seq Scan on cast_info ci  (cost=0.00..705507.15 rows=12726058 width=4) (actual time=4444.779..14782.782 rows=12670688 loops=1)
        Filter: (role_id < 2)
        Rows Removed by Filter: 23573656
  ->  Hash  (cost=184967.92..184967.92 rows=178555 width=8) (actual time=4106.940..4106.940 rows=639573 loops=1)
        Buckets: 131072 (originally 131072)  Batches: 16 (originally 4)  Memory Usage: 3073kB
        ->  Hash Join  (cost=77526.34..184967.92 rows=178555 width=8) (actual time=1310.994..3915.914 rows=639573 loops=1)
              Hash Cond: (mk.movie_id = t.id)
              ->  Seq Scan on movie_keyword mk  (cost=0.00..81003.12 rows=2057842 width=4) (actual time=0.032..1488.167 rows=2070661 loops=1)
                    Filter: (keyword_id < 3666)
                    Rows Removed by Filter: 2453269
              ->  Hash  (cost=73925.90..73925.90 rows=219395 width=4) (actual time=1309.822..1309.822 rows=359523 loops=1)
                    Buckets: 131072 (originally 131072)  Batches: 8 (originally 4)  Memory Usage: 3073kB
                    ->  Seq Scan on title t  (cost=0.00..73925.90 rows=219395 width=4) (actual time=0.026..1186.112 rows=359523 loops=1)
                          Filter: ((kind_id < 4) AND (production_year < 1988))
                          Rows Removed by Filter: 2168789
Planning time: 1.216 ms
Execution time: 28906.078 ms
