Hash Join  (cost=101272.94..186302.50 rows=4042 width=0) (actual time=1666.096..3204.529 rows=4815 loops=1)
  Hash Cond: (mk.movie_id = t.id)
  ->  Seq Scan on movie_keyword mk  (cost=0.00..81003.12 rows=1062938 width=4) (actual time=0.027..1368.533 rows=1072459 loops=1)
        Filter: (keyword_id > 16466)
        Rows Removed by Filter: 3451471
  ->  Hash  (cost=101152.75..101152.75 rows=9615 width=8) (actual time=1664.365..1664.365 rows=4464 loops=1)
        Buckets: 16384  Batches: 1  Memory Usage: 303kB
        ->  Hash Join  (cost=74146.12..101152.75 rows=9615 width=8) (actual time=1016.463..1662.419 rows=4464 loops=1)
              Hash Cond: (mi_idx.movie_id = t.id)
              ->  Seq Scan on movie_info_idx mi_idx  (cost=0.00..21735.35 rows=1380035 width=4) (actual time=0.013..336.793 rows=1380035 loops=1)
              ->  Hash  (cost=73925.90..73925.90 rows=17617 width=4) (actual time=1016.141..1016.141 rows=22021 loops=1)
                    Buckets: 32768  Batches: 1  Memory Usage: 1031kB
                    ->  Seq Scan on title t  (cost=0.00..73925.90 rows=17617 width=4) (actual time=165.894..1007.277 rows=22021 loops=1)
                          Filter: ((production_year > 2012) AND (kind_id = 1))
                          Rows Removed by Filter: 2506291
Planning time: 1.149 ms
Execution time: 3205.427 ms
