Seq Scan on cast_info ci  (cost=0.00..705507.15 rows=26735731 width=0) (actual time=0.015..12980.850 rows=26932713 loops=1)
  Filter: (person_id > 917123)
  Rows Removed by Filter: 9311631
Planning time: 0.547 ms
Execution time: 16322.718 ms
