Nested Loop  (cost=0.43..815494.14 rows=7 width=0) (actual time=5973.314..10856.569 rows=2 loops=1)
  ->  Seq Scan on cast_info ci  (cost=0.00..796071.18 rows=2476 width=4) (actual time=5972.458..10820.519 rows=1298 loops=1)
        Filter: ((person_id < 10316) AND (role_id = 5))
        Rows Removed by Filter: 36243046
  ->  Index Scan using title_pkey on title t  (cost=0.43..7.83 rows=1 width=4) (actual time=0.027..0.027 rows=0 loops=1298)
        Index Cond: (id = ci.movie_id)
        Filter: (production_year = 1962)
        Rows Removed by Filter: 1
Planning time: 0.770 ms
Execution time: 10856.717 ms
