Hash Join  (cost=102767.86..976229.73 rows=2805704 width=0) (actual time=12330.831..16602.258 rows=898797 loops=1)
  Hash Cond: (ci.movie_id = t.id)
  ->  Seq Scan on cast_info ci  (cost=0.00..796071.18 rows=2805704 width=4) (actual time=10257.677..13348.413 rows=898797 loops=1)
        Filter: ((person_id < 2397718) AND (role_id = 10))
        Rows Removed by Filter: 35345547
  ->  Hash  (cost=61283.27..61283.27 rows=2528527 width=4) (actual time=2071.965..2071.965 rows=2528312 loops=1)
        Buckets: 131072  Batches: 64  Memory Usage: 2415kB
        ->  Seq Scan on title t  (cost=0.00..61283.27 rows=2528527 width=4) (actual time=0.025..1245.127 rows=2528312 loops=1)
Planning time: 0.720 ms
Execution time: 16722.112 ms
