Hash Join  (cost=52284.99..138944.89 rows=186 width=0) (actual time=788.376..2507.299 rows=765 loops=1)
  Hash Cond: (mk.movie_id = t.id)
  ->  Seq Scan on movie_keyword mk  (cost=0.00..69693.30 rows=4523930 width=4) (actual time=0.018..950.654 rows=4523930 loops=1)
  ->  Hash  (cost=52283.69..52283.69 rows=104 width=8) (actual time=776.814..776.814 rows=152 loops=1)
        Buckets: 1024  Batches: 1  Memory Usage: 14kB
        ->  Nested Loop  (cost=0.43..52283.69 rows=104 width=8) (actual time=273.000..776.729 rows=152 loops=1)
              ->  Seq Scan on movie_companies mc  (cost=0.00..51404.11 rows=104 width=4) (actual time=272.888..773.128 rows=152 loops=1)
                    Filter: (company_id = 4164)
                    Rows Removed by Filter: 2608977
              ->  Index Only Scan using title_pkey on title t  (cost=0.43..8.45 rows=1 width=4) (actual time=0.022..0.022 rows=1 loops=152)
                    Index Cond: (id = mc.movie_id)
                    Heap Fetches: 152
Planning time: 4.670 ms
Execution time: 2507.534 ms
