Seq Scan on movie_companies mc  (cost=0.00..57926.93 rows=1235464 width=0) (actual time=303.375..1117.833 rows=1274246 loops=1)
  Filter: ((company_id < 163662) AND (company_type_id = 1))
  Rows Removed by Filter: 1334883
Planning time: 0.248 ms
Execution time: 1273.486 ms
