Seq Scan on cast_info ci  (cost=0.00..796071.18 rows=13409899 width=0) (actual time=2929.718..13862.399 rows=13458778 loops=1)
  Filter: ((person_id > 2300487) AND (role_id < 11))
  Rows Removed by Filter: 22785566
Planning time: 0.342 ms
Execution time: 15546.357 ms
