Hash Join  (cost=136288.58..223031.86 rows=8524 width=0) (actual time=1129.952..3104.362 rows=388625 loops=1)
  Hash Cond: (mk.movie_id = t.id)
  ->  Seq Scan on movie_keyword mk  (cost=0.00..69693.30 rows=4523930 width=4) (actual time=0.013..1059.016 rows=4523930 loops=1)
  ->  Hash  (cost=136229.03..136229.03 rows=4764 width=8) (actual time=1129.660..1129.660 rows=7194 loops=1)
        Buckets: 8192  Batches: 1  Memory Usage: 346kB
        ->  Nested Loop  (cost=0.43..136229.03 rows=4764 width=8) (actual time=0.100..1126.152 rows=7194 loops=1)
              ->  Seq Scan on movie_companies mc  (cost=0.00..51404.11 rows=14002 width=4) (actual time=0.066..798.190 rows=12894 loops=1)
                    Filter: (company_id = 34)
                    Rows Removed by Filter: 2596235
              ->  Index Scan using title_pkey on title t  (cost=0.43..6.05 rows=1 width=4) (actual time=0.025..0.025 rows=1 loops=12894)
                    Index Cond: (id = mc.movie_id)
                    Filter: (kind_id < 4)
                    Rows Removed by Filter: 0
Planning time: 1.175 ms
Execution time: 3152.710 ms
