Hash Join  (cost=237252.21..327628.52 rows=1111779 width=0) (actual time=4932.589..9212.069 rows=8657800 loops=1)
  Hash Cond: (mc.movie_id = t.id)
  ->  Seq Scan on movie_companies mc  (cost=0.00..44881.29 rows=2609129 width=4) (actual time=0.015..898.816 rows=2609129 loops=1)
  ->  Hash  (cost=219575.29..219575.29 rows=1077434 width=8) (actual time=4931.523..4931.523 rows=1088237 loops=1)
        Buckets: 131072  Batches: 16  Memory Usage: 3741kB
        ->  Hash Join  (cost=102767.86..219575.29 rows=1077434 width=8) (actual time=1969.913..4620.666 rows=1088237 loops=1)
              Hash Cond: (mk.movie_id = t.id)
              ->  Seq Scan on movie_keyword mk  (cost=0.00..81003.12 rows=1077434 width=4) (actual time=0.017..1401.940 rows=1088237 loops=1)
                    Filter: (keyword_id > 16264)
                    Rows Removed by Filter: 3435693
              ->  Hash  (cost=61283.27..61283.27 rows=2528527 width=4) (actual time=1968.960..1968.960 rows=2528312 loops=1)
                    Buckets: 131072  Batches: 64  Memory Usage: 2425kB
                    ->  Seq Scan on title t  (cost=0.00..61283.27 rows=2528527 width=4) (actual time=0.019..1098.265 rows=2528312 loops=1)
Planning time: 1.749 ms
Execution time: 10202.648 ms
