Nested Loop  (cost=0.43..83072.29 rows=52 width=0) (actual time=30.896..1275.713 rows=108 loops=1)
  ->  Seq Scan on movie_keyword mk  (cost=0.00..81003.12 rows=246 width=4) (actual time=0.362..1239.136 rows=934 loops=1)
        Filter: (keyword_id = 7469)
        Rows Removed by Filter: 4522996
  ->  Index Scan using title_pkey on title t  (cost=0.43..8.40 rows=1 width=4) (actual time=0.038..0.038 rows=0 loops=934)
        Index Cond: (id = mk.movie_id)
        Filter: (production_year > 2009)
        Rows Removed by Filter: 1
Planning time: 0.517 ms
Execution time: 1275.866 ms
