Seq Scan on cast_info ci  (cost=0.00..796071.18 rows=2205177 width=0) (actual time=4204.794..13371.711 rows=3829563 loops=1)
  Filter: ((person_id > 1897732) AND (role_id > 9))
  Rows Removed by Filter: 32414781
Planning time: 0.342 ms
Execution time: 13856.185 ms
