Hash Join  (cost=940622.47..1013892.14 rows=398937 width=0) (actual time=16944.358..18612.984 rows=676052 loops=1)
  Hash Cond: (mc.movie_id = t.id)
  ->  Seq Scan on movie_companies mc  (cost=0.00..51404.11 rows=1279517 width=4) (actual time=317.835..1054.663 rows=1274246 loops=1)
        Filter: (company_type_id < 2)
        Rows Removed by Filter: 1334883
  ->  Hash  (cost=927687.94..927687.94 rows=788363 width=8) (actual time=16625.399..16625.399 rows=731703 loops=1)
        Buckets: 131072  Batches: 16  Memory Usage: 2807kB
        ->  Hash Join  (cost=102767.86..927687.94 rows=788363 width=8) (actual time=6525.256..16414.058 rows=731703 loops=1)
              Hash Cond: (ci.movie_id = t.id)
              ->  Seq Scan on cast_info ci  (cost=0.00..796071.18 rows=788363 width=4) (actual time=3827.801..12053.965 rows=731703 loops=1)
                    Filter: ((person_id < 1614499) AND (role_id = 8))
                    Rows Removed by Filter: 35512641
              ->  Hash  (cost=61283.27..61283.27 rows=2528527 width=4) (actual time=2696.297..2696.297 rows=2528312 loops=1)
                    Buckets: 131072  Batches: 64  Memory Usage: 2415kB
                    ->  Seq Scan on title t  (cost=0.00..61283.27 rows=2528527 width=4) (actual time=0.025..1098.109 rows=2528312 loops=1)
Planning time: 1.048 ms
Execution time: 18696.797 ms
