Seq Scan on movie_keyword mk  (cost=0.00..81003.12 rows=246 width=0) (actual time=10.984..1288.535 rows=404 loops=1)
  Filter: (keyword_id = 579)
  Rows Removed by Filter: 4523526
Planning time: 0.365 ms
Execution time: 1288.843 ms
