Hash Join  (cost=73962.22..164164.99 rows=2810 width=0) (actual time=1082.179..2740.346 rows=6799 loops=1)
  Hash Cond: (mk.movie_id = t.id)
  ->  Seq Scan on movie_keyword mk  (cost=0.00..81003.12 rows=2445747 width=4) (actual time=0.025..1323.181 rows=2446778 loops=1)
        Filter: (keyword_id < 5831)
        Rows Removed by Filter: 2077152
  ->  Hash  (cost=73925.90..73925.90 rows=2905 width=4) (actual time=1080.706..1080.706 rows=2543 loops=1)
        Buckets: 4096  Batches: 1  Memory Usage: 122kB
        ->  Seq Scan on title t  (cost=0.00..73925.90 rows=2905 width=4) (actual time=288.647..1079.396 rows=2543 loops=1)
              Filter: ((kind_id < 7) AND (production_year = 1930))
              Rows Removed by Filter: 2525769
Planning time: 0.745 ms
Execution time: 2741.432 ms
