Nested Loop  (cost=0.43..83071.67 rows=246 width=0) (actual time=47.695..1413.714 rows=2052 loops=1)
  ->  Seq Scan on movie_keyword mk  (cost=0.00..81003.12 rows=246 width=4) (actual time=47.611..1339.794 rows=2052 loops=1)
        Filter: (keyword_id = 11694)
        Rows Removed by Filter: 4521878
  ->  Index Only Scan using title_pkey on title t  (cost=0.43..8.40 rows=1 width=4) (actual time=0.034..0.035 rows=1 loops=2052)
        Index Cond: (id = mk.movie_id)
        Heap Fetches: 2052
Planning time: 14.022 ms
Execution time: 1414.460 ms
