Hash Join  (cost=174865.45..990763.52 rows=387389 width=0) (actual time=9086.721..18845.030 rows=754604 loops=1)
  Hash Cond: (ci.movie_id = t.id)
  ->  Seq Scan on cast_info ci  (cost=0.00..796071.18 rows=1070400 width=4) (actual time=5388.788..14288.459 rows=1060664 loops=1)
        Filter: ((person_id > 236854) AND (role_id = 9))
        Rows Removed by Filter: 35183680
  ->  Hash  (cost=159851.69..159851.69 rows=915101 width=8) (actual time=3696.838..3696.838 rows=919850 loops=1)
        Buckets: 131072  Batches: 16  Memory Usage: 3269kB
        ->  Hash Join  (cost=102767.86..159851.69 rows=915101 width=8) (actual time=1850.073..3447.578 rows=919850 loops=1)
              Hash Cond: (mi_idx.movie_id = t.id)
              ->  Seq Scan on movie_info_idx mi_idx  (cost=0.00..25185.44 rows=915101 width=4) (actual time=0.032..549.308 rows=919850 loops=1)
                    Filter: (info_type_id < 101)
                    Rows Removed by Filter: 460185
              ->  Hash  (cost=61283.27..61283.27 rows=2528527 width=4) (actual time=1847.839..1847.839 rows=2528312 loops=1)
                    Buckets: 131072  Batches: 64  Memory Usage: 2415kB
                    ->  Seq Scan on title t  (cost=0.00..61283.27 rows=2528527 width=4) (actual time=0.021..1019.660 rows=2528312 loops=1)
Planning time: 1.205 ms
Execution time: 18933.706 ms
