Hash Join  (cost=193370.47..1272051.02 rows=6909826 width=0) (actual time=4657.217..34013.835 rows=10063432 loops=1)
  Hash Cond: (ci.movie_id = t.id)
  ->  Seq Scan on cast_info ci  (cost=0.00..796071.18 rows=18140296 width=4) (actual time=152.057..17286.011 rows=21303948 loops=1)
        Filter: ((person_id > 796733) AND (role_id > 1))
        Rows Removed by Filter: 14940396
  ->  Hash  (cost=177568.20..177568.20 rows=963142 width=8) (actual time=4504.258..4504.258 rows=373438 loops=1)
        Buckets: 131072  Batches: 16  Memory Usage: 1915kB
        ->  Hash Join  (cost=89240.26..177568.20 rows=963142 width=8) (actual time=1979.628..4391.843 rows=373438 loops=1)
              Hash Cond: (mc.movie_id = t.id)
              ->  Seq Scan on movie_companies mc  (cost=0.00..44881.29 rows=2609129 width=4) (actual time=0.017..851.796 rows=2609129 loops=1)
              ->  Hash  (cost=73925.90..73925.90 rows=933388 width=4) (actual time=1978.550..1978.550 rows=1024206 loops=1)
                    Buckets: 131072  Batches: 16  Memory Usage: 3285kB
                    ->  Seq Scan on title t  (cost=0.00..73925.90 rows=933388 width=4) (actual time=0.028..1359.287 rows=1024206 loops=1)
                          Filter: ((production_year > 1997) AND (kind_id = 7))
                          Rows Removed by Filter: 1504106
Planning time: 1.187 ms
Execution time: 35183.084 ms
