Hash Join  (cost=67697.55..124126.82 rows=3911 width=0) (actual time=1464.820..2192.886 rows=2685 loops=1)
  Hash Cond: (mc.movie_id = t.id)
  ->  Seq Scan on movie_companies mc  (cost=0.00..51404.11 rows=1329612 width=4) (actual time=332.476..933.801 rows=1334883 loops=1)
        Filter: (company_type_id = 2)
        Rows Removed by Filter: 1274246
  ->  Hash  (cost=67604.59..67604.59 rows=7437 width=4) (actual time=1060.238..1060.238 rows=2795 loops=1)
        Buckets: 8192  Batches: 1  Memory Usage: 163kB
        ->  Seq Scan on title t  (cost=0.00..67604.59 rows=7437 width=4) (actual time=167.154..1058.721 rows=2795 loops=1)
              Filter: (production_year = 1937)
              Rows Removed by Filter: 2525517
Planning time: 0.686 ms
Execution time: 2193.497 ms
