Hash Join  (cost=802374.08..927286.11 rows=238800 width=0) (actual time=13206.501..16980.654 rows=2161693 loops=1)
  Hash Cond: (mk.movie_id = t.id)
  ->  Seq Scan on movie_keyword mk  (cost=0.00..69693.30 rows=4523930 width=4) (actual time=0.008..1505.249 rows=4523930 loops=1)
  ->  Hash  (cost=800183.69..800183.69 rows=133471 width=8) (actual time=13205.712..13205.712 rows=181770 loops=1)
        Buckets: 131072 (originally 131072)  Batches: 4 (originally 2)  Memory Usage: 3073kB
        ->  Hash Join  (cost=78641.77..800183.69 rows=133471 width=8) (actual time=1703.685..13133.167 rows=181770 loops=1)
              Hash Cond: (ci.movie_id = t.id)
              ->  Seq Scan on cast_info ci  (cost=0.00..705507.15 rows=1174150 width=4) (actual time=304.362..11047.874 rows=1071172 loops=1)
                    Filter: (person_id < 109499)
                    Rows Removed by Filter: 35173172
              ->  Hash  (cost=73925.90..73925.90 rows=287429 width=4) (actual time=1397.651..1397.651 rows=401493 loops=1)
                    Buckets: 131072 (originally 131072)  Batches: 8 (originally 4)  Memory Usage: 3073kB
                    ->  Seq Scan on title t  (cost=0.00..73925.90 rows=287429 width=4) (actual time=0.058..1259.042 rows=401493 loops=1)
                          Filter: ((kind_id < 7) AND (production_year < 1992))
                          Rows Removed by Filter: 2126819
Planning time: 0.910 ms
Execution time: 17256.231 ms
