Hash Join  (cost=76379.89..178632.66 rows=296282 width=0) (actual time=1402.633..3692.791 rows=139273 loops=1)
  Hash Cond: (mk.movie_id = t.id)
  ->  Seq Scan on movie_keyword mk  (cost=0.00..81003.12 rows=1400753 width=4) (actual time=0.018..1535.587 rows=1416658 loops=1)
        Filter: (keyword_id < 1945)
        Rows Removed by Filter: 3107272
  ->  Hash  (cost=67604.59..67604.59 rows=534824 width=4) (actual time=1401.223..1401.223 rows=533369 loops=1)
        Buckets: 131072  Batches: 8  Memory Usage: 3376kB
        ->  Seq Scan on title t  (cost=0.00..67604.59 rows=534824 width=4) (actual time=0.018..1228.413 rows=533369 loops=1)
              Filter: (production_year > 2009)
              Rows Removed by Filter: 1994943
Planning time: 0.731 ms
Execution time: 3711.668 ms
