Hash Join  (cost=925102.74..1447315.18 rows=3974251 width=0) (actual time=18740.125..35660.219 rows=13736315 loops=1)
  Hash Cond: (mi.movie_id = t.id)
  ->  Seq Scan on movie_info mi  (cost=0.00..309384.22 rows=14739122 width=4) (actual time=0.017..6466.406 rows=14835720 loops=1)
  ->  Hash  (cost=913916.35..913916.35 rows=681791 width=8) (actual time=18532.398..18532.398 rows=757992 loops=1)
        Buckets: 131072  Batches: 16  Memory Usage: 2875kB
        ->  Hash Join  (cost=78556.72..913916.35 rows=681791 width=8) (actual time=14314.944..18292.910 rows=757992 loops=1)
              Hash Cond: (ci.movie_id = t.id)
              ->  Seq Scan on cast_info ci  (cost=0.00..796071.18 rows=2582543 width=4) (actual time=13011.673..15334.528 rows=2728943 loops=1)
                    Filter: ((person_id < 3658380) AND (role_id = 4))
                    Rows Removed by Filter: 33515401
              ->  Hash  (cost=67604.59..67604.59 rows=667531 width=4) (actual time=1302.237..1302.237 rows=662825 loops=1)
                    Buckets: 131072  Batches: 16  Memory Usage: 2476kB
                    ->  Seq Scan on title t  (cost=0.00..67604.59 rows=667531 width=4) (actual time=0.028..1100.982 rows=662825 loops=1)
                          Filter: (kind_id = 1)
                          Rows Removed by Filter: 1865487
Planning time: 1.290 ms
Execution time: 37136.880 ms
