Seq Scan on movie_keyword mk  (cost=0.00..81003.12 rows=246 width=0) (actual time=1.128..1274.822 rows=845 loops=1)
  Filter: (keyword_id = 35971)
  Rows Removed by Filter: 4523085
Planning time: 0.376 ms
Execution time: 1275.253 ms
