Seq Scan on movie_keyword mk  (cost=0.00..81003.12 rows=246 width=0) (actual time=1.253..1210.778 rows=416 loops=1)
  Filter: (keyword_id = 2983)
  Rows Removed by Filter: 4523514
Planning time: 0.379 ms
Execution time: 1211.048 ms
