Seq Scan on movie_keyword mk  (cost=0.00..81003.12 rows=3549477 width=0) (actual time=0.017..1630.930 rows=3545076 loops=1)
  Filter: (keyword_id < 19028)
  Rows Removed by Filter: 978854
Planning time: 0.318 ms
Execution time: 2059.369 ms
