Hash Join  (cost=102767.86..172807.18 rows=92824 width=0) (actual time=1932.179..3237.284 rows=182936 loops=1)
  Hash Cond: (mc.movie_id = t.id)
  ->  Seq Scan on movie_companies mc  (cost=0.00..57926.93 rows=92824 width=4) (actual time=0.017..770.781 rows=182936 loops=1)
        Filter: ((company_id > 119186) AND (company_type_id = 2))
        Rows Removed by Filter: 2426193
  ->  Hash  (cost=61283.27..61283.27 rows=2528527 width=4) (actual time=1931.015..1931.015 rows=2528312 loops=1)
        Buckets: 131072  Batches: 64  Memory Usage: 2415kB
        ->  Seq Scan on title t  (cost=0.00..61283.27 rows=2528527 width=4) (actual time=0.012..1080.646 rows=2528312 loops=1)
Planning time: 0.499 ms
Execution time: 3260.201 ms
