Hash Join  (cost=147114.40..505756.20 rows=118373 width=0) (actual time=4829.068..9564.949 rows=538925 loops=1)
  Hash Cond: (mi.movie_id = t.id)
  ->  Seq Scan on movie_info mi  (cost=0.00..346232.03 rows=852012 width=4) (actual time=1372.482..5588.244 rows=900340 loops=1)
        Filter: (info_type_id > 94)
        Rows Removed by Filter: 13935380
  ->  Hash  (cost=141350.20..141350.20 rows=351296 width=8) (actual time=3345.451..3345.451 rows=346755 loops=1)
        Buckets: 131072  Batches: 8  Memory Usage: 2731kB
        ->  Hash Join  (cost=99217.91..141350.20 rows=351296 width=8) (actual time=2013.084..3242.395 rows=346755 loops=1)
              Hash Cond: (mi_idx.movie_id = t.id)
              ->  Seq Scan on movie_info_idx mi_idx  (cost=0.00..25185.44 rows=460978 width=4) (actual time=0.026..491.598 rows=459925 loops=1)
                    Filter: (info_type_id = 99)
                    Rows Removed by Filter: 920110
              ->  Hash  (cost=67604.59..67604.59 rows=1926906 width=4) (actual time=2012.348..2012.348 rows=1918028 loops=1)
                    Buckets: 131072  Batches: 32  Memory Usage: 3139kB
                    ->  Seq Scan on title t  (cost=0.00..67604.59 rows=1926906 width=4) (actual time=0.014..1400.139 rows=1918028 loops=1)
                          Filter: (production_year > 1981)
                          Rows Removed by Filter: 610284
Planning time: 5.611 ms
Execution time: 9627.527 ms
