Hash Join  (cost=87977.22..175209.99 rows=883725 width=0) (actual time=1622.007..4385.961 rows=1439489 loops=1)
  Hash Cond: (mc.movie_id = t.id)
  ->  Seq Scan on movie_companies mc  (cost=0.00..44881.29 rows=2609129 width=4) (actual time=0.018..974.714 rows=2609129 loops=1)
  ->  Hash  (cost=73925.90..73925.90 rows=856425 width=4) (actual time=1620.899..1620.899 rows=769954 loops=1)
        Buckets: 131072  Batches: 16  Memory Usage: 2718kB
        ->  Seq Scan on title t  (cost=0.00..73925.90 rows=856425 width=4) (actual time=0.012..1378.332 rows=769954 loops=1)
              Filter: ((kind_id < 7) AND (production_year > 1962))
              Rows Removed by Filter: 1758358
Planning time: 4.138 ms
Execution time: 4558.842 ms
