Seq Scan on cast_info ci  (cost=0.00..796071.18 rows=2269346 width=0) (actual time=2214.965..14194.460 rows=2810529 loops=1)
  Filter: ((person_id > 1534100) AND (role_id = 3))
  Rows Removed by Filter: 33433815
Planning time: 0.395 ms
Execution time: 14553.934 ms
