Hash Join  (cost=119091.89..243654.28 rows=210135 width=0) (actual time=2933.513..5366.953 rows=81483 loops=1)
  Hash Cond: (mk.movie_id = t.id)
  ->  Seq Scan on movie_keyword mk  (cost=0.00..69693.30 rows=4523930 width=4) (actual time=0.012..1326.820 rows=4523930 loops=1)
  ->  Hash  (cost=117164.78..117164.78 rows=117449 width=8) (actual time=2714.077..2714.077 rows=33807 loops=1)
        Buckets: 131072  Batches: 2  Memory Usage: 1692kB
        ->  Hash Join  (cost=77456.80..117164.78 rows=117449 width=8) (actual time=1113.041..2702.503 rows=33807 loops=1)
              Hash Cond: (mi_idx.movie_id = t.id)
              ->  Seq Scan on movie_info_idx mi_idx  (cost=0.00..21735.35 rows=1380035 width=4) (actual time=0.022..424.191 rows=1380035 loops=1)
              ->  Hash  (cost=73925.90..73925.90 rows=215192 width=4) (actual time=1112.308..1112.308 rows=95345 loops=1)
                    Buckets: 131072  Batches: 4  Memory Usage: 1860kB
                    ->  Seq Scan on title t  (cost=0.00..73925.90 rows=215192 width=4) (actual time=0.027..1080.185 rows=95345 loops=1)
                          Filter: ((kind_id > 3) AND (production_year < 1967))
                          Rows Removed by Filter: 2432967
Planning time: 1.173 ms
Execution time: 5377.093 ms
