Hash Join  (cost=425962.92..513021.91 rows=40095 width=0) (actual time=6466.165..8190.381 rows=66208 loops=1)
  Hash Cond: (mk.movie_id = t.id)
  ->  Seq Scan on movie_keyword mk  (cost=0.00..69693.30 rows=4523930 width=4) (actual time=0.016..855.153 rows=4523930 loops=1)
  ->  Hash  (cost=425682.80..425682.80 rows=22410 width=8) (actual time=6465.854..6465.854 rows=30770 loops=1)
        Buckets: 32768  Batches: 1  Memory Usage: 1458kB
        ->  Hash Join  (cost=74486.21..425682.80 rows=22410 width=8) (actual time=5488.227..6456.046 rows=30770 loops=1)
              Hash Cond: (mi.movie_id = t.id)
              ->  Seq Scan on movie_info mi  (cost=0.00..346232.03 rows=1264125 width=4) (actual time=3981.068..4961.889 rows=1288928 loops=1)
                    Filter: (info_type_id = 2)
                    Rows Removed by Filter: 13546792
              ->  Hash  (cost=73925.90..73925.90 rows=44824 width=4) (actual time=1223.605..1223.605 rows=30839 loops=1)
                    Buckets: 65536  Batches: 1  Memory Usage: 1597kB
                    ->  Seq Scan on title t  (cost=0.00..73925.90 rows=44824 width=4) (actual time=214.937..1210.507 rows=30839 loops=1)
                          Filter: ((production_year > 2004) AND (kind_id = 3))
                          Rows Removed by Filter: 2497473
Planning time: 1.244 ms
Execution time: 8199.203 ms
