Seq Scan on cast_info ci  (cost=0.00..705507.15 rows=500 width=0) (actual time=895.787..11518.474 rows=1281 loops=1)
  Filter: (person_id = 2020998)
  Rows Removed by Filter: 36243063
Planning time: 0.367 ms
Execution time: 11518.735 ms
