Hash Join  (cost=239271.85..1020744.95 rows=2117005 width=0) (actual time=8758.549..21204.337 rows=2717613 loops=1)
  Hash Cond: (ci.movie_id = t.id)
  ->  Seq Scan on cast_info ci  (cost=0.00..705507.15 rows=4320508 width=4) (actual time=3426.282..12653.580 rows=4323018 loops=1)
        Filter: (role_id = 10)
        Rows Removed by Filter: 31921326
  ->  Hash  (cost=218944.95..218944.95 rows=1238952 width=8) (actual time=5330.394..5330.394 rows=461591 loops=1)
        Buckets: 131072  Batches: 32  Memory Usage: 1573kB
        ->  Hash Join  (cost=94973.51..218944.95 rows=1238952 width=8) (actual time=1858.863..5192.088 rows=461591 loops=1)
              Hash Cond: (mk.movie_id = t.id)
              ->  Seq Scan on movie_keyword mk  (cost=0.00..81003.12 rows=1877959 width=4) (actual time=0.031..1530.749 rows=1889605 loops=1)
                    Filter: (keyword_id < 3234)
                    Rows Removed by Filter: 2634325
              ->  Hash  (cost=67604.59..67604.59 rows=1668154 width=4) (actual time=1853.696..1853.696 rows=1674098 loops=1)
                    Buckets: 131072  Batches: 32  Memory Usage: 2875kB
                    ->  Seq Scan on title t  (cost=0.00..67604.59 rows=1668154 width=4) (actual time=0.019..1300.478 rows=1674098 loops=1)
                          Filter: (kind_id > 3)
                          Rows Removed by Filter: 854214
Planning time: 1.209 ms
Execution time: 21489.337 ms
