Seq Scan on movie_companies mc  (cost=0.00..51404.11 rows=104 width=0) (actual time=15.872..777.759 rows=26 loops=1)
  Filter: (company_id = 81239)
  Rows Removed by Filter: 2609103
Planning time: 0.373 ms
Execution time: 777.845 ms
