Hash Join  (cost=181196.03..532597.89 rows=15117 width=0) (actual time=6899.429..9184.311 rows=8421 loops=1)
  Hash Cond: (mi.movie_id = t.id)
  ->  Seq Scan on movie_info mi  (cost=0.00..346232.03 rows=1338312 width=4) (actual time=3214.049..5240.474 rows=1401902 loops=1)
        Filter: (info_type_id = 7)
        Rows Removed by Filter: 13433818
  ->  Hash  (cost=180839.00..180839.00 rows=28562 width=8) (actual time=3670.725..3670.725 rows=39771 loops=1)
        Buckets: 65536 (originally 32768)  Batches: 1 (originally 1)  Memory Usage: 2066kB
        ->  Hash Join  (cost=94072.72..180839.00 rows=28562 width=8) (actual time=2161.758..3658.136 rows=39771 loops=1)
              Hash Cond: (mk.movie_id = t.id)
              ->  Seq Scan on movie_keyword mk  (cost=0.00..81003.12 rows=58811 width=4) (actual time=8.670..1339.878 rows=58448 loops=1)
                    Filter: (keyword_id = 16264)
                    Rows Removed by Filter: 4465482
              ->  Hash  (cost=73925.90..73925.90 rows=1227985 width=4) (actual time=2111.472..2111.472 rows=1197374 loops=1)
                    Buckets: 131072  Batches: 32  Memory Usage: 2346kB
                    ->  Seq Scan on title t  (cost=0.00..73925.90 rows=1227985 width=4) (actual time=0.035..1482.010 rows=1197374 loops=1)
                          Filter: ((kind_id > 1) AND (production_year < 2008))
                          Rows Removed by Filter: 1330938
Planning time: 1.161 ms
Execution time: 9185.836 ms
