Seq Scan on movie_keyword mk  (cost=0.00..81003.12 rows=246 width=0) (actual time=236.516..1306.995 rows=3 loops=1)
  Filter: (keyword_id = 103760)
  Rows Removed by Filter: 4523927
Planning time: 0.362 ms
Execution time: 1307.070 ms
