Hash Join  (cost=83810.17..1149794.70 rows=9005624 width=0) (actual time=1404.005..30437.513 rows=9219195 loops=1)
  Hash Cond: (ci.movie_id = t.id)
  ->  Seq Scan on cast_info ci  (cost=0.00..705507.15 rows=23053903 width=4) (actual time=0.025..14915.403 rows=23116827 loops=1)
        Filter: (person_id > 1296290)
        Rows Removed by Filter: 13127517
  ->  Hash  (cost=67604.59..67604.59 rows=987727 width=4) (actual time=1402.972..1402.972 rows=985048 loops=1)
        Buckets: 131072  Batches: 16  Memory Usage: 3188kB
        ->  Seq Scan on title t  (cost=0.00..67604.59 rows=987727 width=4) (actual time=0.028..1103.275 rows=985048 loops=1)
              Filter: (kind_id < 7)
              Rows Removed by Filter: 1543264
Planning time: 0.792 ms
Execution time: 31404.770 ms
