Hash Join  (cost=83073.12..804326.61 rows=112 width=0) (actual time=1817.278..14365.255 rows=166 loops=1)
  Hash Cond: (ci.movie_id = t.id)
  ->  Seq Scan on cast_info ci  (cost=0.00..705507.15 rows=4198727 width=4) (actual time=452.215..12301.218 rows=4246908 loops=1)
        Filter: (person_id > 3282134)
        Rows Removed by Filter: 31997436
  ->  Hash  (cost=83072.29..83072.29 rows=67 width=8) (actual time=1360.565..1360.565 rows=44 loops=1)
        Buckets: 1024  Batches: 1  Memory Usage: 10kB
        ->  Nested Loop  (cost=0.43..83072.29 rows=67 width=8) (actual time=42.881..1360.453 rows=44 loops=1)
              ->  Seq Scan on movie_keyword mk  (cost=0.00..81003.12 rows=246 width=4) (actual time=36.955..1352.096 rows=108 loops=1)
                    Filter: (keyword_id = 7328)
                    Rows Removed by Filter: 4523822
              ->  Index Scan using title_pkey on title t  (cost=0.43..8.40 rows=1 width=4) (actual time=0.073..0.073 rows=0 loops=108)
                    Index Cond: (id = mk.movie_id)
                    Filter: (production_year < 1990)
                    Rows Removed by Filter: 1
Planning time: 1.120 ms
Execution time: 14365.528 ms
