Nested Loop  (cost=0.43..709673.15 rows=132 width=0) (actual time=1714.695..9404.173 rows=39 loops=1)
  ->  Seq Scan on cast_info ci  (cost=0.00..705507.15 rows=500 width=4) (actual time=1714.604..9396.880 rows=712 loops=1)
        Filter: (person_id = 1436233)
        Rows Removed by Filter: 36243632
  ->  Index Scan using title_pkey on title t  (cost=0.43..8.32 rows=1 width=4) (actual time=0.010..0.010 rows=0 loops=712)
        Index Cond: (id = ci.movie_id)
        Filter: (kind_id = 1)
        Rows Removed by Filter: 1
Planning time: 0.788 ms
Execution time: 9404.306 ms
