Hash Join  (cost=172336.59..1281376.79 rows=3750409 width=0) (actual time=3517.182..36467.858 rows=6573445 loops=1)
  Hash Cond: (ci.movie_id = t.id)
  ->  Seq Scan on cast_info ci  (cost=0.00..705507.15 rows=31554923 width=4) (actual time=0.027..16943.023 rows=31605208 loops=1)
        Filter: (role_id < 10)
        Rows Removed by Filter: 4639136
  ->  Hash  (cost=167406.04..167406.04 rows=300524 width=8) (actual time=3516.343..3516.343 rows=273036 loops=1)
        Buckets: 131072  Batches: 4  Memory Usage: 3667kB
        ->  Hash Join  (cost=94574.69..167406.04 rows=300524 width=8) (actual time=2535.710..3431.890 rows=273036 loops=1)
              Hash Cond: (mc.movie_id = t.id)
              ->  Seq Scan on movie_companies mc  (cost=0.00..57926.93 rows=603780 width=4) (actual time=0.027..1002.101 rows=819878 loops=1)
                    Filter: ((company_id < 11138) AND (company_type_id = 1))
                    Rows Removed by Filter: 1789251
              ->  Hash  (cost=73925.90..73925.90 rows=1258543 width=4) (actual time=1747.532..1747.532 rows=1221534 loops=1)
                    Buckets: 131072  Batches: 32  Memory Usage: 2363kB
                    ->  Seq Scan on title t  (cost=0.00..73925.90 rows=1258543 width=4) (actual time=0.017..1335.421 rows=1221534 loops=1)
                          Filter: ((production_year < 2011) AND (kind_id = 7))
                          Rows Removed by Filter: 1306778
Planning time: 1.175 ms
Execution time: 37232.900 ms
