Seq Scan on movie_companies mc  (cost=0.00..57926.93 rows=619670 width=0) (actual time=229.042..1095.120 rows=398753 loops=1)
  Filter: ((company_id < 11055) AND (company_type_id = 2))
  Rows Removed by Filter: 2210376
Planning time: 0.286 ms
Execution time: 1144.736 ms
