Hash Join  (cost=207785.32..681805.83 rows=1349114 width=0) (actual time=4631.987..19484.610 rows=14231264 loops=1)
  Hash Cond: (mi.movie_id = t.id)
  ->  Seq Scan on movie_info mi  (cost=0.00..346232.03 rows=9767026 width=4) (actual time=0.021..6451.615 rows=9911754 loops=1)
        Filter: (info_type_id > 4)
        Rows Removed by Filter: 4923966
  ->  Hash  (cost=202054.52..202054.52 rows=349264 width=8) (actual time=4631.087..4631.087 rows=363692 loops=1)
        Buckets: 131072  Batches: 8  Memory Usage: 2859kB
        ->  Hash Join  (cost=102767.86..202054.52 rows=349264 width=8) (actual time=2579.778..4524.497 rows=363692 loops=1)
              Hash Cond: (mk.movie_id = t.id)
              ->  Seq Scan on movie_keyword mk  (cost=0.00..81003.12 rows=349264 width=4) (actual time=0.016..1255.211 rows=363692 loops=1)
                    Filter: (keyword_id < 335)
                    Rows Removed by Filter: 4160238
              ->  Hash  (cost=61283.27..61283.27 rows=2528527 width=4) (actual time=2578.739..2578.739 rows=2528312 loops=1)
                    Buckets: 131072  Batches: 64  Memory Usage: 2425kB
                    ->  Seq Scan on title t  (cost=0.00..61283.27 rows=2528527 width=4) (actual time=0.086..1076.780 rows=2528312 loops=1)
Planning time: 1.165 ms
Execution time: 20934.752 ms
