Seq Scan on cast_info ci  (cost=0.00..796071.18 rows=10481755 width=0) (actual time=1209.366..15170.152 rows=8137396 loops=1)
  Filter: ((person_id > 607076) AND (role_id = 1))
  Rows Removed by Filter: 28106948
Planning time: 0.427 ms
Execution time: 16191.979 ms
