Hash Join  (cost=251066.76..1503700.72 rows=21302181 width=0) (actual time=5715.115..53346.471 rows=71238047 loops=1)
  Hash Cond: (ci.movie_id = t.id)
  ->  Seq Scan on cast_info ci  (cost=0.00..614943.12 rows=36225612 width=4) (actual time=0.013..13501.423 rows=36244344 loops=1)
  ->  Hash  (cost=226671.76..226671.76 rows=1486880 width=8) (actual time=5714.183..5714.183 rows=1339225 loops=1)
        Buckets: 131072  Batches: 32  Memory Usage: 2650kB
        ->  Hash Join  (cost=96729.52..226671.76 rows=1486880 width=8) (actual time=2140.513..5350.296 rows=1339225 loops=1)
              Hash Cond: (mk.movie_id = t.id)
              ->  Seq Scan on movie_keyword mk  (cost=0.00..81003.12 rows=2117861 width=4) (actual time=0.022..1604.321 rows=2121478 loops=1)
                    Filter: (keyword_id < 3896)
                    Rows Removed by Filter: 2402452
              ->  Hash  (cost=67604.59..67604.59 rows=1775195 width=4) (actual time=2139.391..2139.391 rows=1772072 loops=1)
                    Buckets: 131072  Batches: 32  Memory Usage: 2984kB
                    ->  Seq Scan on title t  (cost=0.00..67604.59 rows=1775195 width=4) (actual time=0.013..1542.862 rows=1772072 loops=1)
                          Filter: (production_year > 1989)
                          Rows Removed by Filter: 756240
Planning time: 1.119 ms
Execution time: 61082.776 ms
