Hash Join  (cost=102767.86..983706.54 rows=3116400 width=0) (actual time=10311.917..20365.873 rows=6307462 loops=1)
  Hash Cond: (ci.movie_id = t.id)
  ->  Seq Scan on cast_info ci  (cost=0.00..796071.18 rows=3116400 width=4) (actual time=8383.235..13346.071 rows=6307462 loops=1)
        Filter: ((person_id < 861343) AND (role_id < 2))
        Rows Removed by Filter: 29936882
  ->  Hash  (cost=61283.27..61283.27 rows=2528527 width=4) (actual time=1927.222..1927.222 rows=2528312 loops=1)
        Buckets: 131072  Batches: 64  Memory Usage: 2415kB
        ->  Seq Scan on title t  (cost=0.00..61283.27 rows=2528527 width=4) (actual time=0.025..1078.998 rows=2528312 loops=1)
Planning time: 0.814 ms
Execution time: 21038.431 ms
