Hash Join  (cost=477032.98..1624384.29 rows=11053409 width=0) (actual time=8726.503..52388.627 rows=46969699 loops=1)
  Hash Cond: (ci.movie_id = t.id)
  ->  Seq Scan on cast_info ci  (cost=0.00..614943.12 rows=36225612 width=4) (actual time=0.029..13034.892 rows=36244344 loops=1)
  ->  Hash  (cost=464374.96..464374.96 rows=771522 width=8) (actual time=8725.214..8725.214 rows=912032 loops=1)
        Buckets: 131072  Batches: 16  Memory Usage: 3196kB
        ->  Hash Join  (cost=85280.32..464374.96 rows=771522 width=8) (actual time=3220.267..8498.140 rows=912032 loops=1)
              Hash Cond: (mi.movie_id = t.id)
              ->  Seq Scan on movie_info mi  (cost=0.00..346232.03 rows=1810770 width=4) (actual time=1551.409..5586.671 rows=1865632 loops=1)
                    Filter: (info_type_id > 17)
                    Rows Removed by Filter: 12970088
              ->  Hash  (cost=67604.59..67604.59 rows=1077339 width=4) (actual time=1667.757..1667.757 rows=1074765 loops=1)
                    Buckets: 131072  Batches: 16  Memory Usage: 3396kB
                    ->  Seq Scan on title t  (cost=0.00..67604.59 rows=1077339 width=4) (actual time=0.054..1184.059 rows=1074765 loops=1)
                          Filter: (production_year < 2001)
                          Rows Removed by Filter: 1453547
Planning time: 1.157 ms
Execution time: 57445.614 ms
