Hash Join  (cost=102767.86..1361026.66 rows=22560963 width=0) (actual time=1943.860..37125.556 rows=22421079 loops=1)
  Hash Cond: (ci.movie_id = t.id)
  ->  Seq Scan on cast_info ci  (cost=0.00..705507.15 rows=22560963 width=4) (actual time=0.008..15076.744 rows=22421079 loops=1)
        Filter: (person_id < 2285809)
        Rows Removed by Filter: 13823265
  ->  Hash  (cost=61283.27..61283.27 rows=2528527 width=4) (actual time=1942.465..1942.465 rows=2528312 loops=1)
        Buckets: 131072  Batches: 64  Memory Usage: 2415kB
        ->  Seq Scan on title t  (cost=0.00..61283.27 rows=2528527 width=4) (actual time=0.013..1085.675 rows=2528312 loops=1)
Planning time: 5.137 ms
Execution time: 39624.180 ms
