Hash Join  (cost=136675.06..504001.14 rows=267015 width=0) (actual time=2600.811..13697.693 rows=2151613 loops=1)
  Hash Cond: (mi.movie_id = t.id)
  ->  Seq Scan on movie_info mi  (cost=0.00..309384.22 rows=14739122 width=4) (actual time=0.007..4754.230 rows=14835720 loops=1)
  ->  Hash  (cost=136102.47..136102.47 rows=45807 width=8) (actual time=2549.962..2549.962 rows=95976 loops=1)
        Buckets: 131072 (originally 65536)  Batches: 2 (originally 1)  Memory Usage: 3073kB
        ->  Hash Join  (cost=69090.10..136102.47 rows=45807 width=8) (actual time=1454.900..2513.683 rows=95976 loops=1)
              Hash Cond: (mc.movie_id = t.id)
              ->  Seq Scan on movie_companies mc  (cost=0.00..51404.11 rows=1279517 width=4) (actual time=401.577..971.991 rows=1274246 loops=1)
                    Filter: (company_type_id < 2)
                    Rows Removed by Filter: 1334883
              ->  Hash  (cost=67604.59..67604.59 rows=90521 width=4) (actual time=1052.593..1052.593 rows=90852 loops=1)
                    Buckets: 131072  Batches: 2  Memory Usage: 2626kB
                    ->  Seq Scan on title t  (cost=0.00..67604.59 rows=90521 width=4) (actual time=0.044..1016.427 rows=90852 loops=1)
                          Filter: (kind_id = 2)
                          Rows Removed by Filter: 2437460
Planning time: 1.151 ms
Execution time: 13922.907 ms
