Hash Join  (cost=102767.86..227469.77 rows=1405464 width=0) (actual time=1948.826..4731.592 rows=1418388 loops=1)
  Hash Cond: (mk.movie_id = t.id)
  ->  Seq Scan on movie_keyword mk  (cost=0.00..81003.12 rows=1405464 width=4) (actual time=0.015..1429.053 rows=1418388 loops=1)
        Filter: (keyword_id > 11764)
        Rows Removed by Filter: 3105542
  ->  Hash  (cost=61283.27..61283.27 rows=2528527 width=4) (actual time=1946.428..1946.428 rows=2528312 loops=1)
        Buckets: 131072  Batches: 64  Memory Usage: 2425kB
        ->  Seq Scan on title t  (cost=0.00..61283.27 rows=2528527 width=4) (actual time=0.011..1088.368 rows=2528312 loops=1)
Planning time: 0.736 ms
Execution time: 4878.844 ms
