Hash Join  (cost=431788.01..519367.34 rows=92129 width=0) (actual time=7053.132..9472.233 rows=294487 loops=1)
  Hash Cond: (mk.movie_id = t.id)
  ->  Seq Scan on movie_keyword mk  (cost=0.00..69693.30 rows=4523930 width=4) (actual time=0.022..1012.077 rows=4523930 loops=1)
  ->  Hash  (cost=431144.35..431144.35 rows=51493 width=8) (actual time=7052.606..7052.606 rows=105079 loops=1)
        Buckets: 131072 (originally 65536)  Batches: 2 (originally 1)  Memory Usage: 3083kB
        ->  Hash Join  (cost=69283.60..431144.35 rows=51493 width=8) (actual time=4197.886..7011.060 rows=105079 loops=1)
              Hash Cond: (mi.movie_id = t.id)
              ->  Seq Scan on movie_info mi  (cost=0.00..346232.03 rows=1272478 width=4) (actual time=2981.164..5246.511 rows=1325361 loops=1)
                    Filter: (info_type_id = 8)
                    Rows Removed by Filter: 13510359
              ->  Hash  (cost=67604.59..67604.59 rows=102321 width=4) (actual time=961.603..961.603 rows=100537 loops=1)
                    Buckets: 131072  Batches: 2  Memory Usage: 2803kB
                    ->  Seq Scan on title t  (cost=0.00..67604.59 rows=102321 width=4) (actual time=0.022..925.334 rows=100537 loops=1)
                          Filter: (kind_id = 3)
                          Rows Removed by Filter: 2427775
Planning time: 1.133 ms
Execution time: 9508.610 ms
