Hash Join  (cost=156209.36..246708.19 rows=103813 width=0) (actual time=3469.331..5231.800 rows=397616 loops=1)
  Hash Cond: (mk.movie_id = t.id)
  ->  Seq Scan on movie_keyword mk  (cost=0.00..81003.12 rows=578020 width=4) (actual time=0.029..1356.941 rows=582506 loops=1)
        Filter: (keyword_id < 413)
        Rows Removed by Filter: 3941424
  ->  Hash  (cost=148758.81..148758.81 rows=454124 width=8) (actual time=3466.380..3466.380 rows=459925 loops=1)
        Buckets: 131072  Batches: 8  Memory Usage: 3284kB
        ->  Hash Join  (cost=102767.86..148758.81 rows=454124 width=8) (actual time=1990.029..3319.182 rows=459925 loops=1)
              Hash Cond: (mi_idx.movie_id = t.id)
              ->  Seq Scan on movie_info_idx mi_idx  (cost=0.00..25185.44 rows=454124 width=4) (actual time=0.020..503.791 rows=459925 loops=1)
                    Filter: (info_type_id = 100)
                    Rows Removed by Filter: 920110
              ->  Hash  (cost=61283.27..61283.27 rows=2528527 width=4) (actual time=1989.331..1989.331 rows=2528312 loops=1)
                    Buckets: 131072  Batches: 64  Memory Usage: 2415kB
                    ->  Seq Scan on title t  (cost=0.00..61283.27 rows=2528527 width=4) (actual time=0.025..1148.184 rows=2528312 loops=1)
Planning time: 1.125 ms
Execution time: 5270.796 ms
