Hash Join  (cost=97968.46..1347441.61 rows=20994499 width=0) (actual time=2008.362..41397.968 rows=21053933 loops=1)
  Hash Cond: (ci.movie_id = t.id)
  ->  Seq Scan on cast_info ci  (cost=0.00..614943.12 rows=36225612 width=4) (actual time=0.007..13175.541 rows=36244344 loops=1)
  ->  Hash  (cost=73925.90..73925.90 rows=1465404 width=4) (actual time=2007.474..2007.474 rows=1478439 loops=1)
        Buckets: 131072  Batches: 32  Memory Usage: 2651kB
        ->  Seq Scan on title t  (cost=0.00..73925.90 rows=1465404 width=4) (actual time=0.026..1524.399 rows=1478439 loops=1)
              Filter: ((production_year > 1914) AND (kind_id = 7))
              Rows Removed by Filter: 1049873
Planning time: 0.847 ms
Execution time: 43665.194 ms
