Hash Join  (cost=514074.52..1294360.09 rows=2289356 width=0) (actual time=13831.059..26491.316 rows=2121856 loops=1)
  Hash Cond: (ci.movie_id = t.id)
  ->  Seq Scan on cast_info ci  (cost=0.00..705507.15 rows=3998100 width=4) (actual time=3803.132..13582.831 rows=4008037 loops=1)
        Filter: (role_id = 3)
        Rows Removed by Filter: 32236307
  ->  Hash  (cost=490320.24..490320.24 rows=1447862 width=8) (actual time=10026.464..10026.464 rows=461360 loops=1)
        Buckets: 131072  Batches: 32  Memory Usage: 1572kB
        ->  Hash Join  (cost=94973.51..490320.24 rows=1447862 width=8) (actual time=2855.018..9879.288 rows=461360 loops=1)
              Hash Cond: (mi.movie_id = t.id)
              ->  Seq Scan on movie_info mi  (cost=0.00..346232.03 rows=2194617 width=4) (actual time=611.709..5727.479 rows=2233850 loops=1)
                    Filter: (info_type_id > 16)
                    Rows Removed by Filter: 12601870
              ->  Hash  (cost=67604.59..67604.59 rows=1668154 width=4) (actual time=2242.394..2242.394 rows=1674098 loops=1)
                    Buckets: 131072  Batches: 32  Memory Usage: 2875kB
                    ->  Seq Scan on title t  (cost=0.00..67604.59 rows=1668154 width=4) (actual time=0.020..1334.201 rows=1674098 loops=1)
                          Filter: (kind_id > 3)
                          Rows Removed by Filter: 854214
Planning time: 1.174 ms
Execution time: 26743.118 ms
