Seq Scan on movie_companies mc  (cost=0.00..57926.93 rows=526994 width=0) (actual time=65.595..915.293 rows=239932 loops=1)
  Filter: ((company_id > 14267) AND (company_type_id < 2))
  Rows Removed by Filter: 2369197
Planning time: 0.338 ms
Execution time: 945.191 ms
