Seq Scan on cast_info ci  (cost=0.00..705507.15 rows=18434289 width=0) (actual time=0.033..12544.437 rows=18601892 loops=1)
  Filter: (person_id > 1746686)
  Rows Removed by Filter: 17642452
Planning time: 0.936 ms
Execution time: 14859.413 ms
