Hash Join  (cost=104270.59..1705115.31 rows=19349156 width=136) (actual time=5870.092..55514.767 rows=18472088 loops=1)
  Hash Cond: (ci.movie_id = t.id)
  ->  Seq Scan on cast_info ci  (cost=0.00..614943.12 rows=36225612 width=42) (actual time=0.022..14039.760 rows=36244344 loops=1)
  ->  Hash  (cost=67604.59..67604.59 rows=1350560 width=94) (actual time=5868.841..5868.841 rows=1348293 loops=1)
        Buckets: 32768  Batches: 64  Memory Usage: 2596kB
        ->  Seq Scan on title t  (cost=0.00..67604.59 rows=1350560 width=94) (actual time=0.021..5253.159 rows=1348293 loops=1)
              Filter: (production_year < 2005)
              Rows Removed by Filter: 1180019
Planning time: 0.919 ms
Execution time: 56502.762 ms
