Hash Join  (cost=89240.26..132032.35 rows=337803 width=0) (actual time=1919.547..2897.364 rows=172094 loops=1)
  Hash Cond: (mi_idx.movie_id = t.id)
  ->  Seq Scan on movie_info_idx mi_idx  (cost=0.00..25185.44 rows=915101 width=4) (actual time=0.023..602.320 rows=919850 loops=1)
        Filter: (info_type_id < 101)
        Rows Removed by Filter: 460185
  ->  Hash  (cost=73925.90..73925.90 rows=933388 width=4) (actual time=1625.563..1625.563 rows=1024206 loops=1)
        Buckets: 131072  Batches: 16  Memory Usage: 3285kB
        ->  Seq Scan on title t  (cost=0.00..73925.90 rows=933388 width=4) (actual time=0.011..1314.717 rows=1024206 loops=1)
              Filter: ((production_year > 1997) AND (kind_id = 7))
              Rows Removed by Filter: 1504106
Planning time: 1.939 ms
Execution time: 2919.618 ms
