Hash Join  (cost=82581.58..145930.83 rows=151080 width=0) (actual time=1574.132..2951.290 rows=230242 loops=1)
  Hash Cond: (mc.movie_id = t.id)
  ->  Seq Scan on movie_companies mc  (cost=0.00..51404.11 rows=724089 width=4) (actual time=0.022..850.955 rows=714734 loops=1)
        Filter: (company_id < 1375)
        Rows Removed by Filter: 1894395
  ->  Hash  (cost=73925.90..73925.90 rows=527574 width=4) (actual time=1573.207..1573.207 rows=609532 loops=1)
        Buckets: 131072  Batches: 8  Memory Usage: 3715kB
        ->  Seq Scan on title t  (cost=0.00..73925.90 rows=527574 width=4) (actual time=0.029..1374.303 rows=609532 loops=1)
              Filter: ((kind_id < 7) AND (production_year < 2005))
              Rows Removed by Filter: 1918780
Planning time: 0.818 ms
Execution time: 2980.357 ms
