Hash Join  (cost=239060.40..743380.87 rows=4393830 width=0) (actual time=4955.420..17462.513 rows=3672680 loops=1)
  Hash Cond: (mi.movie_id = t.id)
  ->  Seq Scan on movie_info mi  (cost=0.00..346232.03 rows=9476311 width=4) (actual time=88.403..7246.131 rows=9565151 loops=1)
        Filter: (info_type_id < 16)
        Rows Removed by Filter: 5270569
  ->  Hash  (cost=219825.55..219825.55 rows=1172388 width=8) (actual time=4865.793..4865.793 rows=466613 loops=1)
        Buckets: 131072  Batches: 16  Memory Usage: 2165kB
        ->  Hash Join  (cost=98024.21..219825.55 rows=1172388 width=8) (actual time=1901.054..4733.358 rows=466613 loops=1)
              Hash Cond: (mk.movie_id = t.id)
              ->  Seq Scan on movie_keyword mk  (cost=0.00..81003.12 rows=2018224 width=4) (actual time=0.022..1615.195 rows=2022513 loops=1)
                    Filter: (keyword_id < 3624)
                    Rows Removed by Filter: 2501417
              ->  Hash  (cost=73925.90..73925.90 rows=1468824 width=4) (actual time=1899.263..1899.263 rows=1451272 loops=1)
                    Buckets: 131072  Batches: 32  Memory Usage: 2624kB
                    ->  Seq Scan on title t  (cost=0.00..73925.90 rows=1468824 width=4) (actual time=0.026..1418.490 rows=1451272 loops=1)
                          Filter: ((kind_id > 3) AND (production_year < 2012))
                          Rows Removed by Filter: 1077040
Planning time: 1.120 ms
Execution time: 17874.098 ms
