Hash Join  (cost=28270.40..125343.12 rows=623 width=0) (actual time=447.582..2675.551 rows=36398 loops=1)
  Hash Cond: (mk.movie_id = t.id)
  ->  Seq Scan on movie_keyword mk  (cost=0.00..81003.12 rows=4283564 width=4) (actual time=0.026..1648.722 rows=4284203 loops=1)
        Filter: (keyword_id < 61929)
        Rows Removed by Filter: 239727
  ->  Hash  (cost=28265.80..28265.80 rows=368 width=8) (actual time=445.198..445.198 rows=260 loops=1)
        Buckets: 1024  Batches: 1  Memory Usage: 19kB
        ->  Nested Loop  (cost=0.43..28265.80 rows=368 width=8) (actual time=62.083..445.077 rows=260 loops=1)
              ->  Seq Scan on movie_info_idx mi_idx  (cost=0.00..25185.44 rows=368 width=4) (actual time=61.989..440.155 rows=260 loops=1)
                    Filter: (info_type_id > 101)
                    Rows Removed by Filter: 1379775
              ->  Index Only Scan using title_pkey on title t  (cost=0.43..8.36 rows=1 width=4) (actual time=0.018..0.018 rows=1 loops=260)
                    Index Cond: (id = mi_idx.movie_id)
                    Heap Fetches: 260
Planning time: 1.142 ms
Execution time: 2680.331 ms
