Hash Join  (cost=198183.05..1310692.46 rows=3253625 width=0) (actual time=3855.363..35006.085 rows=11582016 loops=1)
  Hash Cond: (ci.movie_id = t.id)
  ->  Seq Scan on cast_info ci  (cost=0.00..614943.12 rows=36225612 width=4) (actual time=0.022..12945.765 rows=36244344 loops=1)
  ->  Hash  (cost=194456.28..194456.28 rows=227101 width=8) (actual time=3853.775..3853.775 rows=202128 loops=1)
        Buckets: 131072  Batches: 4  Memory Usage: 2980kB
        ->  Hash Join  (cost=69687.24..194456.28 rows=227101 width=8) (actual time=1069.620..3790.252 rows=202128 loops=1)
              Hash Cond: (mk.movie_id = t.id)
              ->  Seq Scan on movie_keyword mk  (cost=0.00..69693.30 rows=4523930 width=4) (actual time=0.018..1330.553 rows=4523930 loops=1)
              ->  Hash  (cost=67604.59..67604.59 rows=126932 width=4) (actual time=1068.667..1068.667 rows=122861 loops=1)
                    Buckets: 131072  Batches: 2  Memory Usage: 3197kB
                    ->  Seq Scan on title t  (cost=0.00..67604.59 rows=126932 width=4) (actual time=0.019..1018.958 rows=122861 loops=1)
                          Filter: (production_year = 2008)
                          Rows Removed by Filter: 2405451
Planning time: 0.920 ms
Execution time: 36248.178 ms
