Hash Join  (cost=135380.11..863207.04 rows=61970 width=0) (actual time=2139.251..15472.384 rows=106830 loops=1)
  Hash Cond: (ci.movie_id = t.id)
  ->  Seq Scan on cast_info ci  (cost=0.00..705507.15 rows=5786688 width=4) (actual time=0.093..11670.169 rows=5819526 loops=1)
        Filter: (person_id > 3062333)
        Rows Removed by Filter: 30424818
  ->  Hash  (cost=135041.64..135041.64 rows=27078 width=8) (actual time=2138.557..2138.557 rows=26013 loops=1)
        Buckets: 32768  Batches: 1  Memory Usage: 1273kB
        ->  Hash Join  (cost=69484.36..135041.64 rows=27078 width=8) (actual time=1654.759..2130.781 rows=26013 loops=1)
              Hash Cond: (mc.movie_id = t.id)
              ->  Seq Scan on movie_companies mc  (cost=0.00..57926.93 rows=597749 width=4) (actual time=253.920..596.434 rows=806930 loops=1)
                    Filter: ((company_id < 11137) AND (company_type_id = 1))
                    Rows Removed by Filter: 1802199
              ->  Hash  (cost=67604.59..67604.59 rows=114542 width=4) (actual time=1077.309..1077.309 rows=118234 loops=1)
                    Buckets: 131072  Batches: 2  Memory Usage: 3101kB
                    ->  Seq Scan on title t  (cost=0.00..67604.59 rows=114542 width=4) (actual time=190.194..1037.480 rows=118234 loops=1)
                          Filter: (kind_id = 4)
                          Rows Removed by Filter: 2410078
Planning time: 1.175 ms
Execution time: 15488.617 ms
