Nested Loop  (cost=0.43..910148.95 rows=22229 width=0) (actual time=996.580..11960.794 rows=8012 loops=1)
  ->  Seq Scan on cast_info ci  (cost=0.00..796071.18 rows=22229 width=4) (actual time=996.480..11804.977 rows=8012 loops=1)
        Filter: ((person_id < 218773) AND (role_id > 10))
        Rows Removed by Filter: 36236332
  ->  Index Only Scan using title_pkey on title t  (cost=0.43..5.12 rows=1 width=4) (actual time=0.019..0.019 rows=1 loops=8012)
        Index Cond: (id = ci.movie_id)
        Heap Fetches: 8012
Planning time: 0.802 ms
Execution time: 11962.806 ms
