Hash Join  (cost=75709.76..562277.41 rows=633673 width=0) (actual time=1309.769..13163.685 rows=224418 loops=1)
  Hash Cond: (mi.movie_id = t.id)
  ->  Seq Scan on movie_info mi  (cost=0.00..309384.22 rows=14739122 width=4) (actual time=0.011..6035.665 rows=14835720 loops=1)
  ->  Hash  (cost=73925.90..73925.90 rows=108708 width=4) (actual time=1307.904..1307.904 rows=115965 loops=1)
        Buckets: 131072  Batches: 2  Memory Usage: 3068kB
        ->  Seq Scan on title t  (cost=0.00..73925.90 rows=108708 width=4) (actual time=0.092..1262.292 rows=115965 loops=1)
              Filter: ((kind_id > 3) AND (production_year = 2012))
              Rows Removed by Filter: 2412347
Planning time: 6.946 ms
Execution time: 13194.474 ms
