Hash Join  (cost=58375.85..156012.85 rows=93 width=0) (actual time=2452.325..3164.257 rows=1 loops=1)
  Hash Cond: (mk.movie_id = t.id)
  ->  Seq Scan on movie_keyword mk  (cost=0.00..81003.12 rows=4435452 width=4) (actual time=0.013..1653.868 rows=4425682 loops=1)
        Filter: (keyword_id > 85)
        Rows Removed by Filter: 98248
  ->  Hash  (cost=58375.18..58375.18 rows=53 width=8) (actual time=931.001..931.001 rows=1 loops=1)
        Buckets: 1024  Batches: 1  Memory Usage: 9kB
        ->  Nested Loop  (cost=0.43..58375.18 rows=53 width=8) (actual time=42.640..930.996 rows=1 loops=1)
              ->  Seq Scan on movie_companies mc  (cost=0.00..57926.93 rows=53 width=4) (actual time=42.546..930.899 rows=1 loops=1)
                    Filter: ((company_type_id > 1) AND (company_id = 59033))
                    Rows Removed by Filter: 2609128
              ->  Index Only Scan using title_pkey on title t  (cost=0.43..8.45 rows=1 width=4) (actual time=0.082..0.083 rows=1 loops=1)
                    Index Cond: (id = mc.movie_id)
                    Heap Fetches: 1
Planning time: 1.185 ms
Execution time: 3164.381 ms
