Seq Scan on movie_companies mc  (cost=0.00..51404.11 rows=3417 width=0) (actual time=651.591..826.433 rows=3101 loops=1)
  Filter: (company_id > 231990)
  Rows Removed by Filter: 2606028
Planning time: 0.341 ms
Execution time: 826.928 ms
