Hash Join  (cost=85595.27..223101.30 rows=1272500 width=0) (actual time=1424.158..6081.335 rows=2402172 loops=1)
  Hash Cond: (mk.movie_id = t.id)
  ->  Seq Scan on movie_keyword mk  (cost=0.00..69693.30 rows=4523930 width=4) (actual time=0.030..1563.568 rows=4523930 loops=1)
  ->  Hash  (cost=73925.90..73925.90 rows=711229 width=4) (actual time=1423.259..1423.259 rows=612155 loops=1)
        Buckets: 131072  Batches: 16  Memory Usage: 2377kB
        ->  Seq Scan on title t  (cost=0.00..73925.90 rows=711229 width=4) (actual time=0.026..1218.768 rows=612155 loops=1)
              Filter: ((kind_id < 7) AND (production_year > 1987))
              Rows Removed by Filter: 1916157
Planning time: 0.711 ms
Execution time: 6379.441 ms
