Hash Join  (cost=448864.50..528264.08 rows=315506 width=0) (actual time=7768.852..12972.670 rows=12840663 loops=1)
  Hash Cond: (mc.movie_id = t.id)
  ->  Seq Scan on movie_companies mc  (cost=0.00..44881.29 rows=2609129 width=4) (actual time=0.012..972.589 rows=2609129 loops=1)
  ->  Hash  (cost=443847.51..443847.51 rows=305759 width=8) (actual time=7767.789..7767.789 rows=933893 loops=1)
        Buckets: 131072 (originally 131072)  Batches: 16 (originally 4)  Memory Usage: 3262kB
        ->  Hash Join  (cost=78556.72..443847.51 rows=305759 width=8) (actual time=1269.691..7482.621 rows=933893 loops=1)
              Hash Cond: (mi.movie_id = t.id)
              ->  Seq Scan on movie_info mi  (cost=0.00..346232.03 rows=1158179 width=4) (actual time=0.032..5258.505 rows=1204709 loops=1)
                    Filter: (info_type_id > 18)
                    Rows Removed by Filter: 13631011
              ->  Hash  (cost=67604.59..67604.59 rows=667531 width=4) (actual time=1264.467..1264.467 rows=662825 loops=1)
                    Buckets: 131072  Batches: 16  Memory Usage: 2485kB
                    ->  Seq Scan on title t  (cost=0.00..67604.59 rows=667531 width=4) (actual time=0.026..1050.585 rows=662825 loops=1)
                          Filter: (kind_id = 1)
                          Rows Removed by Filter: 1865487
Planning time: 1.126 ms
Execution time: 14449.582 ms
