Hash Join  (cost=155502.96..1222445.85 rows=3225972 width=0) (actual time=2892.339..33082.022 rows=3568941 loops=1)
  Hash Cond: (ci.movie_id = t.id)
  ->  Seq Scan on cast_info ci  (cost=0.00..614943.12 rows=36225612 width=4) (actual time=0.098..12890.968 rows=36244344 loops=1)
  ->  Hash  (cost=151808.33..151808.33 rows=225171 width=8) (actual time=2891.623..2891.623 rows=213133 loops=1)
        Buckets: 131072  Batches: 4  Memory Usage: 3105kB
        ->  Hash Join  (cost=79930.86..151808.33 rows=225171 width=8) (actual time=1386.985..2822.127 rows=213133 loops=1)
              Hash Cond: (mc.movie_id = t.id)
              ->  Seq Scan on movie_companies mc  (cost=0.00..57926.93 rows=757818 width=4) (actual time=0.033..980.625 rows=471183 loops=1)
                    Filter: ((company_id < 13518) AND (company_type_id = 2))
                    Rows Removed by Filter: 2137946
              ->  Hash  (cost=67604.59..67604.59 rows=751302 width=4) (actual time=1386.248..1386.248 rows=755902 loops=1)
                    Buckets: 131072  Batches: 16  Memory Usage: 2685kB
                    ->  Seq Scan on title t  (cost=0.00..67604.59 rows=751302 width=4) (actual time=0.013..1147.391 rows=755902 loops=1)
                          Filter: (production_year < 1993)
                          Rows Removed by Filter: 1772410
Planning time: 3.276 ms
Execution time: 33536.364 ms
