Hash Join  (cost=78556.72..147860.04 rows=284211 width=0) (actual time=1330.832..2929.906 rows=296609 loops=1)
  Hash Cond: (mc.movie_id = t.id)
  ->  Seq Scan on movie_companies mc  (cost=0.00..51404.11 rows=1076558 width=4) (actual time=0.013..959.991 rows=1072103 loops=1)
        Filter: (company_id < 6685)
        Rows Removed by Filter: 1537026
  ->  Hash  (cost=67604.59..67604.59 rows=667531 width=4) (actual time=1327.916..1327.916 rows=662825 loops=1)
        Buckets: 131072  Batches: 16  Memory Usage: 2476kB
        ->  Seq Scan on title t  (cost=0.00..67604.59 rows=667531 width=4) (actual time=170.151..1118.881 rows=662825 loops=1)
              Filter: (kind_id = 1)
              Rows Removed by Filter: 1865487
Planning time: 2.019 ms
Execution time: 2959.069 ms
