Seq Scan on movie_companies mc  (cost=0.00..57926.93 rows=1228977 width=0) (actual time=193.814..1110.497 rows=1274246 loops=1)
  Filter: ((company_id < 155385) AND (company_type_id = 1))
  Rows Removed by Filter: 1334883
Planning time: 0.381 ms
Execution time: 1266.522 ms
