Hash Join  (cost=102767.86..214934.17 rows=884504 width=0) (actual time=1947.517..5145.604 rows=891164 loops=1)
  Hash Cond: (mk.movie_id = t.id)
  ->  Seq Scan on movie_keyword mk  (cost=0.00..81003.12 rows=884504 width=4) (actual time=0.012..1446.694 rows=891164 loops=1)
        Filter: (keyword_id > 20687)
        Rows Removed by Filter: 3632766
  ->  Hash  (cost=61283.27..61283.27 rows=2528527 width=4) (actual time=1946.180..1946.180 rows=2528312 loops=1)
        Buckets: 131072  Batches: 64  Memory Usage: 2425kB
        ->  Seq Scan on title t  (cost=0.00..61283.27 rows=2528527 width=4) (actual time=0.017..1077.786 rows=2528312 loops=1)
Planning time: 0.546 ms
Execution time: 5254.139 ms
