Hash Join  (cost=164960.81..252964.82 rows=939649 width=0) (actual time=4294.553..7552.647 rows=3146357 loops=1)
  Hash Cond: (mc.movie_id = t.id)
  ->  Seq Scan on movie_companies mc  (cost=0.00..44881.29 rows=2609129 width=4) (actual time=0.015..878.051 rows=2609129 loops=1)
  ->  Hash  (cost=150020.05..150020.05 rows=910621 width=8) (actual time=4293.738..4293.738 rows=1068706 loops=1)
        Buckets: 131072  Batches: 16  Memory Usage: 3646kB
        ->  Hash Join  (cost=94978.31..150020.05 rows=910621 width=8) (actual time=2317.374..3986.407 rows=1068706 loops=1)
              Hash Cond: (mi_idx.movie_id = t.id)
              ->  Seq Scan on movie_info_idx mi_idx  (cost=0.00..21735.35 rows=1380035 width=4) (actual time=0.014..410.946 rows=1380035 loops=1)
              ->  Hash  (cost=67604.59..67604.59 rows=1668458 width=4) (actual time=2316.497..2316.497 rows=1671292 loops=1)
                    Buckets: 131072  Batches: 32  Memory Usage: 2858kB
                    ->  Seq Scan on title t  (cost=0.00..67604.59 rows=1668458 width=4) (actual time=0.009..1353.003 rows=1671292 loops=1)
                          Filter: (production_year < 2008)
                          Rows Removed by Filter: 857020
Planning time: 1.189 ms
Execution time: 7953.656 ms
