Hash Join  (cost=74690.97..834248.83 rows=876870 width=0) (actual time=1124.245..18731.307 rows=1052378 loops=1)
  Hash Cond: (ci.movie_id = t.id)
  ->  Seq Scan on cast_info ci  (cost=0.00..614943.12 rows=36225612 width=4) (actual time=0.020..7405.419 rows=36244344 loops=1)
  ->  Hash  (cost=73925.90..73925.90 rows=61205 width=4) (actual time=1123.929..1123.929 rows=61581 loops=1)
        Buckets: 65536  Batches: 1  Memory Usage: 2677kB
        ->  Seq Scan on title t  (cost=0.00..73925.90 rows=61205 width=4) (actual time=295.758..1100.897 rows=61581 loops=1)
              Filter: ((production_year > 2011) AND (kind_id = 1))
              Rows Removed by Filter: 2466731
Planning time: 2.646 ms
Execution time: 18867.330 ms
