Hash Join  (cost=260290.26..1704581.81 rows=35551237 width=0) (actual time=6891.304..60718.711 rows=79698470 loops=1)
  Hash Cond: (ci.movie_id = t.id)
  ->  Seq Scan on cast_info ci  (cost=0.00..614943.12 rows=36225612 width=4) (actual time=0.019..13783.160 rows=36244344 loops=1)
  ->  Hash  (cost=219578.06..219578.06 rows=2481456 width=8) (actual time=6889.280..6889.280 rows=2468210 loops=1)
        Buckets: 131072  Batches: 64  Memory Usage: 2525kB
        ->  Hash Join  (cost=107058.56..219578.06 rows=2481456 width=8) (actual time=2531.562..6135.757 rows=2468210 loops=1)
              Hash Cond: (mc.movie_id = t.id)
              ->  Seq Scan on movie_companies mc  (cost=0.00..44881.29 rows=2609129 width=4) (actual time=0.014..947.572 rows=2609129 loops=1)
              ->  Hash  (cost=67604.59..67604.59 rows=2404798 width=4) (actual time=2530.463..2530.463 rows=2396371 loops=1)
                    Buckets: 131072  Batches: 32  Memory Usage: 3657kB
                    ->  Seq Scan on title t  (cost=0.00..67604.59 rows=2404798 width=4) (actual time=0.022..1468.363 rows=2396371 loops=1)
                          Filter: (production_year > 1914)
                          Rows Removed by Filter: 131941
Planning time: 1.145 ms
Execution time: 69357.450 ms
