Seq Scan on title t  (cost=0.00..73925.90 rows=109281 width=0) (actual time=317.287..1168.061 rows=117920 loops=1)
  Filter: ((production_year > 1913) AND (kind_id = 4))
  Rows Removed by Filter: 2410392
Planning time: 0.385 ms
Execution time: 1185.665 ms
