Seq Scan on movie_companies mc  (cost=0.00..57926.93 rows=53 width=0) (actual time=406.208..880.797 rows=518 loops=1)
  Filter: ((company_id = 71419) AND (company_type_id = 2))
  Rows Removed by Filter: 2608611
Planning time: 1.126 ms
Execution time: 880.935 ms
