Nested Loop  (cost=0.43..796536.62 rows=39 width=0) (actual time=4046.402..10104.527 rows=152 loops=1)
  ->  Seq Scan on cast_info ci  (cost=0.00..796071.18 rows=55 width=4) (actual time=4046.260..10102.876 rows=153 loops=1)
        Filter: ((person_id = 2870317) AND (role_id = 3))
        Rows Removed by Filter: 36244191
  ->  Index Scan using title_pkey on title t  (cost=0.43..8.45 rows=1 width=4) (actual time=0.010..0.010 rows=1 loops=153)
        Index Cond: (id = ci.movie_id)
        Filter: ((kind_id > 1) AND (production_year > 0))
        Rows Removed by Filter: 0
Planning time: 0.793 ms
Execution time: 10104.683 ms
