Hash Join  (cost=79715.42..149080.21 rows=178549 width=0) (actual time=1965.401..3652.496 rows=71957 loops=1)
  Hash Cond: (mc.movie_id = t.id)
  ->  Seq Scan on movie_companies mc  (cost=0.00..51404.11 rows=1279517 width=4) (actual time=0.018..1030.789 rows=1274246 loops=1)
        Filter: (company_type_id < 2)
        Rows Removed by Filter: 1334883
  ->  Hash  (cost=73925.90..73925.90 rows=352841 width=4) (actual time=1963.703..1963.703 rows=371999 loops=1)
        Buckets: 131072  Batches: 8  Memory Usage: 2665kB
        ->  Seq Scan on title t  (cost=0.00..73925.90 rows=352841 width=4) (actual time=0.013..1194.590 rows=371999 loops=1)
              Filter: ((kind_id > 3) AND (production_year > 2009))
              Rows Removed by Filter: 2156313
Planning time: 0.782 ms
Execution time: 3662.410 ms
