Nested Loop  (cost=0.43..83071.67 rows=246 width=0) (actual time=4.378..1446.976 rows=522 loops=1)
  ->  Seq Scan on movie_keyword mk  (cost=0.00..81003.12 rows=246 width=4) (actual time=4.308..1409.339 rows=522 loops=1)
        Filter: (keyword_id = 63860)
        Rows Removed by Filter: 4523408
  ->  Index Only Scan using title_pkey on title t  (cost=0.43..8.40 rows=1 width=4) (actual time=0.070..0.070 rows=1 loops=522)
        Index Cond: (id = mk.movie_id)
        Heap Fetches: 522
Planning time: 0.750 ms
Execution time: 1447.252 ms
