Hash Join  (cost=102767.86..239525.56 rows=1906497 width=0) (actual time=2290.382..5593.269 rows=1917677 loops=1)
  Hash Cond: (mk.movie_id = t.id)
  ->  Seq Scan on movie_keyword mk  (cost=0.00..81003.12 rows=1906497 width=4) (actual time=0.024..1548.088 rows=1917677 loops=1)
        Filter: (keyword_id > 7066)
        Rows Removed by Filter: 2606253
  ->  Hash  (cost=61283.27..61283.27 rows=2528527 width=4) (actual time=2288.943..2288.943 rows=2528312 loops=1)
        Buckets: 131072  Batches: 64  Memory Usage: 2425kB
        ->  Seq Scan on title t  (cost=0.00..61283.27 rows=2528527 width=4) (actual time=0.014..1136.929 rows=2528312 loops=1)
Planning time: 3.955 ms
Execution time: 5801.959 ms
