Hash Join  (cost=163411.95..510697.37 rows=1836 width=0) (actual time=5574.458..8144.585 rows=801 loops=1)
  Hash Cond: (mi.movie_id = t.id)
  ->  Seq Scan on movie_info mi  (cost=0.00..346232.03 rows=54808 width=4) (actual time=2268.948..4948.242 rows=50267 loops=1)
        Filter: (info_type_id > 107)
        Rows Removed by Filter: 14785453
  ->  Hash  (cost=162022.41..162022.41 rows=84683 width=8) (actual time=3170.204..3170.204 rows=64619 loops=1)
        Buckets: 131072  Batches: 2  Memory Usage: 2313kB
        ->  Hash Join  (cost=74517.54..162022.41 rows=84683 width=8) (actual time=1265.158..3146.051 rows=64619 loops=1)
              Hash Cond: (mk.movie_id = t.id)
              ->  Seq Scan on movie_keyword mk  (cost=0.00..69693.30 rows=4523930 width=4) (actual time=0.036..991.896 rows=4523930 loops=1)
              ->  Hash  (cost=73925.90..73925.90 rows=47331 width=4) (actual time=1264.742..1264.742 rows=53937 loops=1)
                    Buckets: 65536  Batches: 1  Memory Usage: 2409kB
                    ->  Seq Scan on title t  (cost=0.00..73925.90 rows=47331 width=4) (actual time=0.044..1242.762 rows=53937 loops=1)
                          Filter: ((kind_id > 2) AND (production_year = 2003))
                          Rows Removed by Filter: 2474375
Planning time: 1.241 ms
Execution time: 8144.966 ms
