Nested Loop  (cost=66580.44..172186.86 rows=224 width=0) (actual time=1331.723..3087.764 rows=399 loops=1)
  ->  Hash Join  (cost=66580.01..157350.24 rows=18517 width=8) (actual time=1320.737..2798.282 rows=15559 loops=1)
        Hash Cond: (mk.movie_id = mc.movie_id)
        ->  Seq Scan on movie_keyword mk  (cost=0.00..81003.12 rows=16889 width=4) (actual time=0.108..1248.890 rows=14120 loops=1)
              Filter: (keyword_id = 1382)
              Rows Removed by Filter: 4509810
        ->  Hash  (cost=57926.93..57926.93 rows=527366 width=4) (actual time=1317.416..1317.416 rows=833395 loops=1)
              Buckets: 131072 (originally 131072)  Batches: 16 (originally 8)  Memory Usage: 3073kB
              ->  Seq Scan on movie_companies mc  (cost=0.00..57926.93 rows=527366 width=4) (actual time=0.025..1047.344 rows=833395 loops=1)
                    Filter: ((company_id > 15136) AND (company_type_id = 2))
                    Rows Removed by Filter: 1775734
  ->  Index Scan using title_pkey on title t  (cost=0.43..0.79 rows=1 width=4) (actual time=0.018..0.018 rows=0 loops=15559)
        Index Cond: (id = mc.movie_id)
        Filter: (production_year = 2011)
        Rows Removed by Filter: 1
Planning time: 1.192 ms
Execution time: 3088.014 ms
