Nested Loop  (cost=0.43..113567.77 rows=4373 width=0) (actual time=65.019..1297.699 rows=4347 loops=1)
  ->  Seq Scan on movie_keyword mk  (cost=0.00..81003.12 rows=4373 width=4) (actual time=64.926..1247.298 rows=4347 loops=1)
        Filter: (keyword_id = 18607)
        Rows Removed by Filter: 4519583
  ->  Index Only Scan using title_pkey on title t  (cost=0.43..7.44 rows=1 width=4) (actual time=0.011..0.011 rows=1 loops=4347)
        Index Cond: (id = mk.movie_id)
        Heap Fetches: 4347
Planning time: 0.779 ms
Execution time: 1298.665 ms
