Hash Join  (cost=133384.27..889156.86 rows=498342 width=0) (actual time=2526.831..23518.172 rows=2242802 loops=1)
  Hash Cond: (ci.movie_id = t.id)
  ->  Seq Scan on cast_info ci  (cost=0.00..614943.12 rows=36225612 width=4) (actual time=0.029..8814.750 rows=36244344 loops=1)
  ->  Hash  (cost=132949.47..132949.47 rows=34784 width=8) (actual time=2526.420..2526.420 rows=61108 loops=1)
        Buckets: 65536  Batches: 1  Memory Usage: 2900kB
        ->  Hash Join  (cost=74545.71..132949.47 rows=34784 width=8) (actual time=1070.426..2502.231 rows=61108 loops=1)
              Hash Cond: (mc.movie_id = t.id)
              ->  Seq Scan on movie_companies mc  (cost=0.00..51404.11 rows=1773817 width=4) (actual time=0.015..981.769 rows=1777107 loops=1)
                    Filter: (company_id > 2065)
                    Rows Removed by Filter: 832022
              ->  Hash  (cost=73925.90..73925.90 rows=49584 width=4) (actual time=1070.114..1070.114 rows=38752 loops=1)
                    Buckets: 65536  Batches: 1  Memory Usage: 1875kB
                    ->  Seq Scan on title t  (cost=0.00..73925.90 rows=49584 width=4) (actual time=0.088..1054.036 rows=38752 loops=1)
                          Filter: ((kind_id < 7) AND (production_year = 2008))
                          Rows Removed by Filter: 2489560
Planning time: 1.627 ms
Execution time: 23811.538 ms
