Seq Scan on movie_keyword mk  (cost=0.00..81003.12 rows=2685259 width=0) (actual time=0.015..1468.985 rows=2675696 loops=1)
  Filter: (keyword_id > 3069)
  Rows Removed by Filter: 1848234
Planning time: 0.304 ms
Execution time: 1801.261 ms
