Hash Join  (cost=447149.24..534946.10 rows=113882 width=0) (actual time=8261.138..9729.515 rows=48031 loops=1)
  Hash Cond: (mk.movie_id = t.id)
  ->  Seq Scan on movie_keyword mk  (cost=0.00..69693.30 rows=4523930 width=4) (actual time=0.023..1024.050 rows=4523930 loops=1)
  ->  Hash  (cost=446353.60..446353.60 rows=63651 width=8) (actual time=7875.302..7875.302 rows=24029 loops=1)
        Buckets: 65536  Batches: 1  Memory Usage: 1451kB
        ->  Hash Join  (cost=75199.97..446353.60 rows=63651 width=8) (actual time=2642.348..7865.650 rows=24029 loops=1)
              Hash Cond: (mi.movie_id = t.id)
              ->  Seq Scan on movie_info mi  (cost=0.00..346232.03 rows=2073893 width=4) (actual time=1270.176..5713.272 rows=2091068 loops=1)
                    Filter: (info_type_id < 3)
                    Rows Removed by Filter: 12744652
              ->  Hash  (cost=73925.90..73925.90 rows=77605 width=4) (actual time=1371.167..1371.167 rows=84684 loops=1)
                    Buckets: 131072  Batches: 2  Memory Usage: 2518kB
                    ->  Seq Scan on title t  (cost=0.00..73925.90 rows=77605 width=4) (actual time=0.028..1336.217 rows=84684 loops=1)
                          Filter: ((kind_id = 7) AND (production_year = 2009))
                          Rows Removed by Filter: 2443628
Planning time: 1.160 ms
Execution time: 9735.712 ms
