Hash Join  (cost=101298.18..852791.08 rows=70376 width=0) (actual time=1798.656..18037.571 rows=163215 loops=1)
  Hash Cond: (ci.movie_id = t.id)
  ->  Seq Scan on cast_info ci  (cost=0.00..614943.12 rows=36225612 width=4) (actual time=0.015..8383.181 rows=36244344 loops=1)
  ->  Hash  (cost=101236.79..101236.79 rows=4912 width=8) (actual time=1797.747..1797.747 rows=5479 loops=1)
        Buckets: 8192  Batches: 1  Memory Usage: 279kB
        ->  Hash Join  (cost=74260.10..101236.79 rows=4912 width=8) (actual time=1227.774..1795.190 rows=5479 loops=1)
              Hash Cond: (mi_idx.movie_id = t.id)
              ->  Seq Scan on movie_info_idx mi_idx  (cost=0.00..25185.44 rows=464566 width=4) (actual time=0.015..428.155 rows=459925 loops=1)
                    Filter: (info_type_id = 101)
                    Rows Removed by Filter: 920110
              ->  Hash  (cost=73925.90..73925.90 rows=26736 width=4) (actual time=1227.421..1227.421 rows=30647 loops=1)
                    Buckets: 32768  Batches: 1  Memory Usage: 1334kB
                    ->  Seq Scan on title t  (cost=0.00..73925.90 rows=26736 width=4) (actual time=0.111..1214.021 rows=30647 loops=1)
                          Filter: ((kind_id > 1) AND (production_year = 1996))
                          Rows Removed by Filter: 2497665
Planning time: 1.644 ms
Execution time: 18066.948 ms
