Seq Scan on movie_keyword mk  (cost=0.00..81003.12 rows=2746996 width=0) (actual time=0.018..1507.694 rows=2738414 loops=1)
  Filter: (keyword_id > 2890)
  Rows Removed by Filter: 1785516
Planning time: 0.310 ms
Execution time: 1857.076 ms
