Hash Join  (cost=128478.61..242662.18 rows=351871 width=0) (actual time=2885.574..6740.696 rows=4059121 loops=1)
  Hash Cond: (mk.movie_id = t.id)
  ->  Seq Scan on movie_keyword mk  (cost=0.00..81003.12 rows=2442063 width=4) (actual time=0.023..1539.637 rows=2442555 loops=1)
        Filter: (keyword_id < 5816)
        Rows Removed by Filter: 2081375
  ->  Hash  (cost=122500.50..122500.50 rows=364329 width=8) (actual time=2884.373..2884.373 rows=629900 loops=1)
        Buckets: 131072 (originally 131072)  Batches: 16 (originally 8)  Memory Usage: 3073kB
        ->  Hash Join  (cost=78556.72..122500.50 rows=364329 width=8) (actual time=1339.287..2682.610 rows=629900 loops=1)
              Hash Cond: (mi_idx.movie_id = t.id)
              ->  Seq Scan on movie_info_idx mi_idx  (cost=0.00..21735.35 rows=1380035 width=4) (actual time=0.022..405.508 rows=1380035 loops=1)
              ->  Hash  (cost=67604.59..67604.59 rows=667531 width=4) (actual time=1338.575..1338.575 rows=662825 loops=1)
                    Buckets: 131072  Batches: 16  Memory Usage: 2476kB
                    ->  Seq Scan on title t  (cost=0.00..67604.59 rows=667531 width=4) (actual time=410.173..1125.485 rows=662825 loops=1)
                          Filter: (kind_id = 1)
                          Rows Removed by Filter: 1865487
Planning time: 1.177 ms
Execution time: 7205.805 ms
