Hash Join  (cost=102767.86..226004.67 rows=2574689 width=0) (actual time=1934.870..5888.181 rows=2575810 loops=1)
  Hash Cond: (mc.movie_id = t.id)
  ->  Seq Scan on movie_companies mc  (cost=0.00..51404.11 rows=2574689 width=4) (actual time=0.026..1190.854 rows=2575810 loops=1)
        Filter: (company_id < 204953)
        Rows Removed by Filter: 33319
  ->  Hash  (cost=61283.27..61283.27 rows=2528527 width=4) (actual time=1933.269..1933.269 rows=2528312 loops=1)
        Buckets: 131072  Batches: 64  Memory Usage: 2415kB
        ->  Seq Scan on title t  (cost=0.00..61283.27 rows=2528527 width=4) (actual time=0.022..1109.497 rows=2528312 loops=1)
Planning time: 2.331 ms
Execution time: 6180.628 ms
