Hash Join  (cost=799163.59..853830.56 rows=144 width=0) (actual time=13730.679..14673.285 rows=98 loops=1)
  Hash Cond: (mc.movie_id = t.id)
  ->  Seq Scan on movie_companies mc  (cost=0.00..44881.29 rows=2609129 width=4) (actual time=0.030..587.719 rows=2609129 loops=1)
  ->  Hash  (cost=799161.84..799161.84 rows=140 width=8) (actual time=13629.348..13629.348 rows=22 loops=1)
        Buckets: 1024  Batches: 1  Memory Usage: 9kB
        ->  Nested Loop  (cost=0.43..799161.84 rows=140 width=8) (actual time=3485.027..13629.313 rows=22 loops=1)
              ->  Seq Scan on cast_info ci  (cost=0.00..796071.18 rows=369 width=4) (actual time=3484.957..13628.248 rows=45 loops=1)
                    Filter: ((role_id < 5) AND (person_id = 1111138))
                    Rows Removed by Filter: 36244299
              ->  Index Scan using title_pkey on title t  (cost=0.43..8.37 rows=1 width=4) (actual time=0.022..0.022 rows=0 loops=45)
                    Index Cond: (id = ci.movie_id)
                    Filter: ((kind_id < 7) AND (production_year > 1901))
                    Rows Removed by Filter: 1
Planning time: 1.189 ms
Execution time: 14673.454 ms
