Hash Join  (cost=365418.15..2059761.77 rows=50431267 width=0) (actual time=8687.079..80605.108 rows=165992374 loops=1)
  Hash Cond: (ci.movie_id = t.id)
  ->  Seq Scan on cast_info ci  (cost=0.00..705507.15 rows=28187178 width=4) (actual time=0.248..15868.016 rows=28324182 loops=1)
        Filter: (person_id > 772448)
        Rows Removed by Filter: 7920162
  ->  Hash  (cost=291197.02..291197.02 rows=4523930 width=8) (actual time=8684.947..8684.947 rows=4523930 loops=1)
        Buckets: 131072  Batches: 64  Memory Usage: 3816kB
        ->  Hash Join  (cost=102767.86..291197.02 rows=4523930 width=8) (actual time=2004.506..7353.635 rows=4523930 loops=1)
              Hash Cond: (mk.movie_id = t.id)
              ->  Seq Scan on movie_keyword mk  (cost=0.00..69693.30 rows=4523930 width=4) (actual time=0.015..1562.534 rows=4523930 loops=1)
              ->  Hash  (cost=61283.27..61283.27 rows=2528527 width=4) (actual time=2002.794..2002.794 rows=2528312 loops=1)
                    Buckets: 131072  Batches: 64  Memory Usage: 2425kB
                    ->  Seq Scan on title t  (cost=0.00..61283.27 rows=2528527 width=4) (actual time=0.029..1152.944 rows=2528312 loops=1)
Planning time: 1.136 ms
Execution time: 99252.937 ms
