Seq Scan on cast_info ci  (cost=0.00..796071.18 rows=22714539 width=0) (actual time=0.015..15281.502 rows=22081877 loops=1)
  Filter: ((person_id > 979722) AND (role_id < 10))
  Rows Removed by Filter: 14162467
Planning time: 0.250 ms
Execution time: 17970.012 ms
