Hash Join  (cost=82412.27..181519.35 rows=241737 width=0) (actual time=1503.012..3403.825 rows=43436 loops=1)
  Hash Cond: (mk.movie_id = t.id)
  ->  Seq Scan on movie_keyword mk  (cost=0.00..81003.12 rows=1181757 width=4) (actual time=0.024..1380.985 rows=1189861 loops=1)
        Filter: (keyword_id < 1420)
        Rows Removed by Filter: 3334069
  ->  Hash  (cost=73925.90..73925.90 rows=517229 width=4) (actual time=1439.169..1439.169 rows=403947 loops=1)
        Buckets: 131072  Batches: 8  Memory Usage: 2790kB
        ->  Seq Scan on title t  (cost=0.00..73925.90 rows=517229 width=4) (actual time=0.011..1302.761 rows=403947 loops=1)
              Filter: ((production_year < 1996) AND (kind_id = 7))
              Rows Removed by Filter: 2124365
Planning time: 0.740 ms
Execution time: 3409.384 ms
