Hash Join  (cost=82929.34..116589.89 rows=100044 width=0) (actual time=1371.629..2180.941 rows=154560 loops=1)
  Hash Cond: (mi_idx.movie_id = t.id)
  ->  Seq Scan on movie_info_idx mi_idx  (cost=0.00..25185.44 rows=460978 width=4) (actual time=0.018..469.817 rows=459925 loops=1)
        Filter: (info_type_id < 100)
        Rows Removed by Filter: 920110
  ->  Hash  (cost=73925.90..73925.90 rows=548755 width=4) (actual time=1370.536..1370.536 rows=425249 loops=1)
        Buckets: 131072  Batches: 8  Memory Usage: 2904kB
        ->  Seq Scan on title t  (cost=0.00..73925.90 rows=548755 width=4) (actual time=0.018..1239.488 rows=425249 loops=1)
              Filter: ((production_year > 1970) AND (kind_id = 1))
              Rows Removed by Filter: 2103063
Planning time: 1.739 ms
Execution time: 2200.166 ms
