Hash Join  (cost=83072.42..111704.36 rows=4 width=0) (actual time=1495.835..2042.346 rows=1622 loops=1)
  Hash Cond: (mi_idx.movie_id = t.id)
  ->  Seq Scan on movie_info_idx mi_idx  (cost=0.00..25185.44 rows=919057 width=4) (actual time=0.026..494.671 rows=920110 loops=1)
        Filter: (info_type_id > 99)
        Rows Removed by Filter: 459925
  ->  Hash  (cost=83072.29..83072.29 rows=11 width=8) (actual time=1399.855..1399.855 rows=2849 loops=1)
        Buckets: 4096 (originally 1024)  Batches: 1 (originally 1)  Memory Usage: 144kB
        ->  Nested Loop  (cost=0.43..83072.29 rows=11 width=8) (actual time=2.767..1398.159 rows=2849 loops=1)
              ->  Seq Scan on movie_keyword mk  (cost=0.00..81003.12 rows=246 width=4) (actual time=0.217..1285.508 rows=3721 loops=1)
                    Filter: (keyword_id = 3664)
                    Rows Removed by Filter: 4520209
              ->  Index Scan using title_pkey on title t  (cost=0.43..8.40 rows=1 width=4) (actual time=0.029..0.029 rows=1 loops=3721)
                    Index Cond: (id = mk.movie_id)
                    Filter: (kind_id = 4)
                    Rows Removed by Filter: 0
Planning time: 1.171 ms
Execution time: 2042.752 ms
