Hash Join  (cost=299355.01..1438038.29 rows=18446969 width=0) (actual time=5462.936..29728.635 rows=9744049 loops=1)
  Hash Cond: (ci.movie_id = t.id)
  ->  Seq Scan on cast_info ci  (cost=0.00..705507.15 rows=16919911 width=4) (actual time=0.014..13523.309 rows=16783327 loops=1)
        Filter: (person_id < 1660797)
        Rows Removed by Filter: 19461017
  ->  Hash  (cost=254126.86..254126.86 rows=2756732 width=8) (actual time=5459.564..5459.564 rows=645461 loops=1)
        Buckets: 131072  Batches: 64  Memory Usage: 1402kB
        ->  Hash Join  (cost=92883.59..254126.86 rows=2756732 width=8) (actual time=3245.442..5291.213 rows=645461 loops=1)
              Hash Cond: (mk.movie_id = t.id)
              ->  Seq Scan on movie_keyword mk  (cost=0.00..69693.30 rows=4523930 width=4) (actual time=0.017..1399.287 rows=4523930 loops=1)
              ->  Hash  (cost=67604.59..67604.59 rows=1540800 width=4) (actual time=1623.317..1623.317 rows=1543264 loops=1)
                    Buckets: 131072  Batches: 32  Memory Usage: 2728kB
                    ->  Seq Scan on title t  (cost=0.00..67604.59 rows=1540800 width=4) (actual time=0.014..1103.579 rows=1543264 loops=1)
                          Filter: (kind_id = 7)
                          Rows Removed by Filter: 985048
Planning time: 1.130 ms
Execution time: 30809.679 ms
