Nested Loop  (cost=0.43..83071.67 rows=246 width=0) (actual time=6.864..1246.849 rows=112 loops=1)
  ->  Seq Scan on movie_keyword mk  (cost=0.00..81003.12 rows=246 width=4) (actual time=6.807..1240.220 rows=112 loops=1)
        Filter: (keyword_id = 29559)
        Rows Removed by Filter: 4523818
  ->  Index Only Scan using title_pkey on title t  (cost=0.43..8.40 rows=1 width=4) (actual time=0.055..0.055 rows=1 loops=112)
        Index Cond: (id = mk.movie_id)
        Heap Fetches: 112
Planning time: 0.775 ms
Execution time: 1246.991 ms
