Hash Join  (cost=877624.71..964867.63 rows=58488 width=0) (actual time=13398.725..15252.658 rows=289139 loops=1)
  Hash Cond: (mk.movie_id = t.id)
  ->  Seq Scan on movie_keyword mk  (cost=0.00..69693.30 rows=4523930 width=4) (actual time=0.018..897.036 rows=4523930 loops=1)
  ->  Hash  (cost=877216.09..877216.09 rows=32690 width=8) (actual time=13398.357..13398.357 rows=8909 loops=1)
        Buckets: 32768  Batches: 1  Memory Usage: 605kB
        ->  Hash Join  (cost=74543.40..877216.09 rows=32690 width=8) (actual time=1846.102..13393.977 rows=8909 loops=1)
              Hash Cond: (ci.movie_id = t.id)
              ->  Seq Scan on cast_info ci  (cost=0.00..796071.18 rows=1673228 width=4) (actual time=738.759..12109.454 rows=544578 loops=1)
                    Filter: ((person_id < 1379631) AND (role_id = 10))
                    Rows Removed by Filter: 35699766
              ->  Hash  (cost=73925.90..73925.90 rows=49400 width=4) (actual time=1106.744..1106.744 rows=45100 loops=1)
                    Buckets: 65536  Batches: 1  Memory Usage: 2098kB
                    ->  Seq Scan on title t  (cost=0.00..73925.90 rows=49400 width=4) (actual time=0.063..1088.230 rows=45100 loops=1)
                          Filter: ((kind_id < 3) AND (production_year = 2012))
                          Rows Removed by Filter: 2483212
Planning time: 1.814 ms
Execution time: 15290.542 ms
