Hash Join  (cost=709678.15..1063691.37 rows=410 width=0) (actual time=13247.905..16073.494 rows=32 loops=1)
  Hash Cond: (mi.movie_id = t.id)
  ->  Seq Scan on movie_info mi  (cost=0.00..346232.03 rows=2073893 width=4) (actual time=2727.497..5250.749 rows=2091068 loops=1)
        Filter: (info_type_id < 3)
        Rows Removed by Filter: 12744652
  ->  Hash  (cost=709671.90..709671.90 rows=500 width=8) (actual time=10519.830..10519.830 rows=18 loops=1)
        Buckets: 1024  Batches: 1  Memory Usage: 9kB
        ->  Nested Loop  (cost=0.43..709671.90 rows=500 width=8) (actual time=3188.258..10519.795 rows=18 loops=1)
              ->  Seq Scan on cast_info ci  (cost=0.00..705507.15 rows=500 width=4) (actual time=3188.124..10519.147 rows=18 loops=1)
                    Filter: (person_id = 2514911)
                    Rows Removed by Filter: 36244326
              ->  Index Only Scan using title_pkey on title t  (cost=0.43..8.32 rows=1 width=4) (actual time=0.031..0.031 rows=1 loops=18)
                    Index Cond: (id = ci.movie_id)
                    Heap Fetches: 18
Planning time: 1.166 ms
Execution time: 16073.650 ms
