Hash Join  (cost=345159.58..1087480.72 rows=18752689 width=0) (actual time=7979.084..64714.573 rows=195726426 loops=1)
  Hash Cond: (mi.movie_id = t.id)
  ->  Seq Scan on movie_info mi  (cost=0.00..346232.03 rows=12665229 width=4) (actual time=0.018..6668.263 rows=12744652 loops=1)
        Filter: (info_type_id > 2)
        Rows Removed by Filter: 2091068
  ->  Hash  (cost=283736.50..283736.50 rows=3743847 width=8) (actual time=7978.293..7978.293 rows=3739494 loops=1)
        Buckets: 131072  Batches: 64  Memory Usage: 3411kB
        ->  Hash Join  (cost=102767.86..283736.50 rows=3743847 width=8) (actual time=1465.703..6744.291 rows=3739494 loops=1)
              Hash Cond: (mk.movie_id = t.id)
              ->  Seq Scan on movie_keyword mk  (cost=0.00..81003.12 rows=3743847 width=4) (actual time=0.018..1544.556 rows=3739494 loops=1)
                    Filter: (keyword_id > 748)
                    Rows Removed by Filter: 784436
              ->  Hash  (cost=61283.27..61283.27 rows=2528527 width=4) (actual time=1463.809..1463.809 rows=2528312 loops=1)
                    Buckets: 131072  Batches: 64  Memory Usage: 2425kB
                    ->  Seq Scan on title t  (cost=0.00..61283.27 rows=2528527 width=4) (actual time=0.012..736.184 rows=2528312 loops=1)
Planning time: 8.668 ms
Execution time: 85831.791 ms
