Hash Join  (cost=78183.26..560669.03 rows=2416458 width=0) (actual time=1742.414..13183.702 rows=3834930 loops=1)
  Hash Cond: (mi.movie_id = t.id)
  ->  Seq Scan on movie_info mi  (cost=0.00..346232.03 rows=9476311 width=4) (actual time=489.758..6189.032 rows=9565151 loops=1)
        Filter: (info_type_id < 16)
        Rows Removed by Filter: 5270569
  ->  Hash  (cost=67604.59..67604.59 rows=644774 width=4) (actual time=1242.848..1242.848 rows=642973 loops=1)
        Buckets: 131072  Batches: 16  Memory Usage: 2439kB
        ->  Seq Scan on title t  (cost=0.00..67604.59 rows=644774 width=4) (actual time=0.036..1030.165 rows=642973 loops=1)
              Filter: (production_year < 1988)
              Rows Removed by Filter: 1885339
Planning time: 0.803 ms
Execution time: 13627.064 ms
