Hash Join  (cost=94574.69..1075711.36 rows=5421239 width=0) (actual time=1937.624..25373.734 rows=6901875 loops=1)
  Hash Cond: (ci.movie_id = t.id)
  ->  Seq Scan on cast_info ci  (cost=0.00..796071.18 rows=10891760 width=4) (actual time=1.771..14973.646 rows=14437882 loops=1)
        Filter: ((person_id < 1962621) AND (role_id < 3))
        Rows Removed by Filter: 21806462
  ->  Hash  (cost=73925.90..73925.90 rows=1258543 width=4) (actual time=1730.624..1730.624 rows=1221534 loops=1)
        Buckets: 131072  Batches: 32  Memory Usage: 2363kB
        ->  Seq Scan on title t  (cost=0.00..73925.90 rows=1258543 width=4) (actual time=263.248..1342.200 rows=1221534 loops=1)
              Filter: ((production_year < 2011) AND (kind_id = 7))
              Rows Removed by Filter: 1306778
Planning time: 0.790 ms
Execution time: 26094.728 ms
