Seq Scan on movie_keyword mk  (cost=0.00..81003.12 rows=246 width=0) (actual time=15.757..1197.899 rows=534 loops=1)
  Filter: (keyword_id = 790)
  Rows Removed by Filter: 4523396
Planning time: 4.028 ms
Execution time: 1198.205 ms
