Hash Join  (cost=156011.57..649210.27 rows=1255077 width=0) (actual time=3122.630..18248.978 rows=11545295 loops=1)
  Hash Cond: (mi.movie_id = t.id)
  ->  Seq Scan on movie_info mi  (cost=0.00..309384.22 rows=14739122 width=4) (actual time=0.019..5367.632 rows=14835720 loops=1)
  ->  Hash  (cost=152478.19..152478.19 rows=215311 width=8) (actual time=3121.520..3121.520 rows=624886 loops=1)
        Buckets: 131072 (originally 131072)  Batches: 16 (originally 4)  Memory Usage: 3073kB
        ->  Hash Join  (cost=81720.25..152478.19 rows=215311 width=8) (actual time=1576.427..2929.136 rows=624886 loops=1)
              Hash Cond: (mc.movie_id = t.id)
              ->  Seq Scan on movie_companies mc  (cost=0.00..57926.93 rows=632771 width=4) (actual time=363.402..934.613 rows=894923 loops=1)
                    Filter: ((company_id > 11618) AND (company_type_id > 1))
                    Rows Removed by Filter: 1714206
              ->  Hash  (cost=67604.59..67604.59 rows=860373 width=4) (actual time=1212.192..1212.192 rows=854214 loops=1)
                    Buckets: 131072  Batches: 16  Memory Usage: 2897kB
                    ->  Seq Scan on title t  (cost=0.00..67604.59 rows=860373 width=4) (actual time=0.021..957.568 rows=854214 loops=1)
                          Filter: (kind_id < 4)
                          Rows Removed by Filter: 1674098
Planning time: 1.111 ms
Execution time: 19566.702 ms
