Nested Loop  (cost=0.43..799265.94 rows=382 width=0) (actual time=6162.714..13267.266 rows=112 loops=1)
  ->  Seq Scan on cast_info ci  (cost=0.00..796071.18 rows=382 width=4) (actual time=6162.609..13265.173 rows=112 loops=1)
        Filter: ((role_id < 6) AND (person_id = 2673770))
        Rows Removed by Filter: 36244232
  ->  Index Only Scan using title_pkey on title t  (cost=0.43..8.35 rows=1 width=4) (actual time=0.017..0.018 rows=1 loops=112)
        Index Cond: (id = ci.movie_id)
        Heap Fetches: 112
Planning time: 0.577 ms
Execution time: 13267.352 ms
