Hash Join  (cost=89154.34..1258971.36 rows=11101376 width=0) (actual time=1551.885..36280.300 rows=12832476 loops=1)
  Hash Cond: (ci.movie_id = t.id)
  ->  Seq Scan on cast_info ci  (cost=0.00..705507.15 rows=30241629 width=4) (actual time=0.023..14602.859 rows=30354402 loops=1)
        Filter: (person_id > 570321)
        Rows Removed by Filter: 5889942
  ->  Hash  (cost=73925.90..73925.90 rows=928195 width=4) (actual time=1550.926..1550.926 rows=1004724 loops=1)
        Buckets: 131072  Batches: 16  Memory Usage: 3239kB
        ->  Seq Scan on title t  (cost=0.00..73925.90 rows=928195 width=4) (actual time=0.023..1239.938 rows=1004724 loops=1)
              Filter: ((kind_id > 1) AND (production_year > 2002))
              Rows Removed by Filter: 1523588
Planning time: 3.943 ms
Execution time: 37691.605 ms
