Hash Join  (cost=83074.91..139466.17 rows=111 width=0) (actual time=1250.811..2299.961 rows=36 loops=1)
  Hash Cond: (mc.movie_id = t.id)
  ->  Seq Scan on movie_companies mc  (cost=0.00..51404.11 rows=1329612 width=4) (actual time=0.014..859.934 rows=1334883 loops=1)
        Filter: (company_type_id > 1)
        Rows Removed by Filter: 1274246
  ->  Hash  (cost=83072.29..83072.29 rows=210 width=8) (actual time=1250.147..1250.147 rows=28 loops=1)
        Buckets: 1024  Batches: 1  Memory Usage: 10kB
        ->  Nested Loop  (cost=0.43..83072.29 rows=210 width=8) (actual time=58.357..1250.090 rows=28 loops=1)
              ->  Seq Scan on movie_keyword mk  (cost=0.00..81003.12 rows=246 width=4) (actual time=58.284..1248.650 rows=28 loops=1)
                    Filter: (keyword_id = 20422)
                    Rows Removed by Filter: 4523902
              ->  Index Scan using title_pkey on title t  (cost=0.43..8.40 rows=1 width=4) (actual time=0.044..0.045 rows=1 loops=28)
                    Index Cond: (id = mk.movie_id)
                    Filter: (production_year > 1964)
Planning time: 1.076 ms
Execution time: 2300.118 ms
