Hash Join  (cost=163000.19..944257.99 rows=292286 width=0) (actual time=2943.916..21108.888 rows=1419914 loops=1)
  Hash Cond: (ci.movie_id = t.id)
  ->  Seq Scan on cast_info ci  (cost=0.00..705507.15 rows=19420740 width=4) (actual time=0.018..12979.643 rows=19327549 loops=1)
        Filter: (person_id < 1933138)
        Rows Removed by Filter: 16916795
  ->  Hash  (cost=162524.50..162524.50 rows=38055 width=8) (actual time=2943.035..2943.035 rows=46810 loops=1)
        Buckets: 65536  Batches: 1  Memory Usage: 2341kB
        ->  Hash Join  (cost=74617.32..162524.50 rows=38055 width=8) (actual time=1113.220..2927.502 rows=46810 loops=1)
              Hash Cond: (mk.movie_id = t.id)
              ->  Seq Scan on movie_keyword mk  (cost=0.00..81003.12 rows=1739603 width=4) (actual time=0.018..1476.117 rows=1747071 loops=1)
                    Filter: (keyword_id < 2853)
                    Rows Removed by Filter: 2776859
              ->  Hash  (cost=73925.90..73925.90 rows=55313 width=4) (actual time=1112.156..1112.156 rows=49075 loops=1)
                    Buckets: 65536  Batches: 1  Memory Usage: 2238kB
                    ->  Seq Scan on title t  (cost=0.00..73925.90 rows=55313 width=4) (actual time=0.039..1093.617 rows=49075 loops=1)
                          Filter: ((kind_id < 7) AND (production_year = 2010))
                          Rows Removed by Filter: 2479237
Planning time: 1.165 ms
Execution time: 21289.168 ms
