Hash Join  (cost=114895.04..179526.64 rows=50953 width=0) (actual time=2357.164..3615.113 rows=241777 loops=1)
  Hash Cond: (mc.movie_id = t.id)
  ->  Seq Scan on movie_companies mc  (cost=0.00..51404.11 rows=1058656 width=4) (actual time=0.019..871.407 rows=1055234 loops=1)
        Filter: (company_id < 6227)
        Rows Removed by Filter: 1553895
  ->  Hash  (cost=112897.81..112897.81 rows=121698 width=8) (actual time=2168.260..2168.260 rows=209880 loops=1)
        Buckets: 131072 (originally 131072)  Batches: 4 (originally 2)  Memory Usage: 3075kB
        ->  Hash Join  (cost=78556.72..112897.81 rows=121698 width=8) (actual time=1269.606..2092.794 rows=209880 loops=1)
              Hash Cond: (mi_idx.movie_id = t.id)
              ->  Seq Scan on movie_info_idx mi_idx  (cost=0.00..25185.44 rows=460978 width=4) (actual time=0.029..421.005 rows=459925 loops=1)
                    Filter: (info_type_id = 99)
                    Rows Removed by Filter: 920110
              ->  Hash  (cost=67604.59..67604.59 rows=667531 width=4) (actual time=1268.492..1268.492 rows=662825 loops=1)
                    Buckets: 131072  Batches: 16  Memory Usage: 2476kB
                    ->  Seq Scan on title t  (cost=0.00..67604.59 rows=667531 width=4) (actual time=90.766..1061.499 rows=662825 loops=1)
                          Filter: (kind_id = 1)
                          Rows Removed by Filter: 1865487
Planning time: 1.172 ms
Execution time: 3646.046 ms
