Hash Join  (cost=96375.19..461188.03 rows=15689 width=0) (actual time=1516.506..8524.818 rows=166662 loops=1)
  Hash Cond: (mi.movie_id = t.id)
  ->  Seq Scan on movie_info mi  (cost=0.00..309384.22 rows=14739122 width=4) (actual time=0.011..3844.483 rows=14835720 loops=1)
  ->  Hash  (cost=96341.54..96341.54 rows=2692 width=8) (actual time=1516.213..1516.213 rows=11308 loops=1)
        Buckets: 16384 (originally 4096)  Batches: 1 (originally 1)  Memory Usage: 570kB
        ->  Hash Join  (cost=67697.55..96341.54 rows=2692 width=8) (actual time=862.701..1511.658 rows=11308 loops=1)
              Hash Cond: (mi_idx.movie_id = t.id)
              ->  Seq Scan on movie_info_idx mi_idx  (cost=0.00..25185.44 rows=915101 width=4) (actual time=0.022..463.686 rows=919850 loops=1)
                    Filter: (info_type_id < 101)
                    Rows Removed by Filter: 460185
              ->  Hash  (cost=67604.59..67604.59 rows=7437 width=4) (actual time=862.459..862.459 rows=23040 loops=1)
                    Buckets: 32768 (originally 8192)  Batches: 1 (originally 1)  Memory Usage: 1066kB
                    ->  Seq Scan on title t  (cost=0.00..67604.59 rows=7437 width=4) (actual time=0.238..852.510 rows=23040 loops=1)
                          Filter: (production_year = 1990)
                          Rows Removed by Filter: 2505272
Planning time: 1.101 ms
Execution time: 8549.737 ms
