Hash Join  (cost=74207.65..828226.07 rows=322925 width=0) (actual time=915.715..15816.279 rows=188841 loops=1)
  Hash Cond: (ci.movie_id = t.id)
  ->  Seq Scan on cast_info ci  (cost=0.00..614943.12 rows=36225612 width=4) (actual time=0.008..6734.968 rows=36244344 loops=1)
  ->  Hash  (cost=73925.90..73925.90 rows=22540 width=4) (actual time=915.387..915.387 rows=20257 loops=1)
        Buckets: 32768  Batches: 1  Memory Usage: 969kB
        ->  Seq Scan on title t  (cost=0.00..73925.90 rows=22540 width=4) (actual time=269.998..906.667 rows=20257 loops=1)
              Filter: ((production_year < 1987) AND (kind_id = 2))
              Rows Removed by Filter: 2508055
Planning time: 0.490 ms
Execution time: 15847.587 ms
