Seq Scan on movie_companies mc  (cost=0.00..51404.11 rows=468993 width=0) (actual time=0.016..789.076 rows=466280 loops=1)
  Filter: (company_id < 401)
  Rows Removed by Filter: 2142849
Planning time: 0.237 ms
Execution time: 851.295 ms
