Hash Join  (cost=102767.86..238573.16 rows=1866965 width=0) (actual time=1843.950..4919.422 rows=1874854 loops=1)
  Hash Cond: (mk.movie_id = t.id)
  ->  Seq Scan on movie_keyword mk  (cost=0.00..81003.12 rows=1866965 width=4) (actual time=0.026..1383.365 rows=1874854 loops=1)
        Filter: (keyword_id > 7331)
        Rows Removed by Filter: 2649076
  ->  Hash  (cost=61283.27..61283.27 rows=2528527 width=4) (actual time=1842.425..1842.425 rows=2528312 loops=1)
        Buckets: 131072  Batches: 64  Memory Usage: 2425kB
        ->  Seq Scan on title t  (cost=0.00..61283.27 rows=2528527 width=4) (actual time=0.010..977.838 rows=2528312 loops=1)
Planning time: 0.690 ms
Execution time: 5121.432 ms
