Hash Join  (cost=889399.17..1433600.73 rows=2581683 width=0) (actual time=17346.433..30992.697 rows=7203122 loops=1)
  Hash Cond: (mi.movie_id = t.id)
  ->  Seq Scan on movie_info mi  (cost=0.00..309384.22 rows=14739122 width=4) (actual time=0.014..5210.341 rows=14835720 loops=1)
  ->  Hash  (cost=882132.00..882132.00 rows=442893 width=8) (actual time=17344.729..17344.729 rows=554712 loops=1)
        Buckets: 131072  Batches: 8  Memory Usage: 3680kB
        ->  Hash Join  (cost=69687.24..882132.00 rows=442893 width=8) (actual time=896.091..17136.823 rows=554712 loops=1)
              Hash Cond: (ci.movie_id = t.id)
              ->  Seq Scan on cast_info ci  (cost=0.00..705507.15 rows=8822583 width=4) (actual time=0.022..11863.179 rows=8828437 loops=1)
                    Filter: (person_id > 2809168)
                    Rows Removed by Filter: 27415907
              ->  Hash  (cost=67604.59..67604.59 rows=126932 width=4) (actual time=895.320..895.320 rows=122861 loops=1)
                    Buckets: 131072  Batches: 2  Memory Usage: 3191kB
                    ->  Seq Scan on title t  (cost=0.00..67604.59 rows=126932 width=4) (actual time=0.023..851.246 rows=122861 loops=1)
                          Filter: (production_year = 2008)
                          Rows Removed by Filter: 2405451
Planning time: 1.202 ms
Execution time: 31749.867 ms
