Seq Scan on movie_companies mc  (cost=0.00..57926.93 rows=1151493 width=0) (actual time=399.802..1023.159 rows=1274246 loops=1)
  Filter: ((company_id < 98584) AND (company_type_id = 1))
  Rows Removed by Filter: 1334883
Planning time: 0.368 ms
Execution time: 1193.252 ms
