Seq Scan on movie_keyword mk  (cost=0.00..81003.12 rows=3298738 width=0) (actual time=0.018..1452.994 rows=3289109 loops=1)
  Filter: (keyword_id < 14663)
  Rows Removed by Filter: 1234821
Planning time: 0.226 ms
Execution time: 1867.947 ms
