Seq Scan on movie_info mi  (cost=0.00..346232.03 rows=957060 width=0) (actual time=2422.363..5149.290 rows=1007013 loops=1)
  Filter: (info_type_id > 87)
  Rows Removed by Filter: 13828707
Planning time: 0.357 ms
Execution time: 5279.611 ms
