Hash Join  (cost=156209.36..954663.90 rows=1225769 width=0) (actual time=4252.923..19130.212 rows=2640540 loops=1)
  Hash Cond: (ci.movie_id = t.id)
  ->  Seq Scan on cast_info ci  (cost=0.00..705507.15 rows=6824986 width=4) (actual time=707.305..10872.512 rows=6757727 loops=1)
        Filter: (person_id < 653038)
        Rows Removed by Filter: 29486617
  ->  Hash  (cost=148758.81..148758.81 rows=454124 width=8) (actual time=3544.618..3544.618 rows=459925 loops=1)
        Buckets: 131072  Batches: 8  Memory Usage: 3275kB
        ->  Hash Join  (cost=102767.86..148758.81 rows=454124 width=8) (actual time=1764.082..3420.867 rows=459925 loops=1)
              Hash Cond: (mi_idx.movie_id = t.id)
              ->  Seq Scan on movie_info_idx mi_idx  (cost=0.00..25185.44 rows=454124 width=4) (actual time=0.030..442.300 rows=459925 loops=1)
                    Filter: (info_type_id = 100)
                    Rows Removed by Filter: 920110
              ->  Hash  (cost=61283.27..61283.27 rows=2528527 width=4) (actual time=1762.419..1762.419 rows=2528312 loops=1)
                    Buckets: 131072  Batches: 64  Memory Usage: 2415kB
                    ->  Seq Scan on title t  (cost=0.00..61283.27 rows=2528527 width=4) (actual time=0.022..925.698 rows=2528312 loops=1)
Planning time: 1.185 ms
Execution time: 19415.673 ms
