Hash Join  (cost=969409.46..1537416.04 rows=4812684 width=0) (actual time=16101.230..29912.175 rows=5872514 loops=1)
  Hash Cond: (mi.movie_id = t.id)
  ->  Seq Scan on movie_info mi  (cost=0.00..309384.22 rows=14739122 width=4) (actual time=0.007..5141.411 rows=14835720 loops=1)
  ->  Hash  (cost=955863.14..955863.14 rows=825626 width=8) (actual time=16099.599..16099.599 rows=371432 loops=1)
        Buckets: 131072  Batches: 16  Memory Usage: 1924kB
        ->  Hash Join  (cost=72707.20..955863.14 rows=825626 width=8) (actual time=3085.995..15988.740 rows=371432 loops=1)
              Hash Cond: (ci.movie_id = t.id)
              ->  Seq Scan on cast_info ci  (cost=0.00..796071.18 rows=6712400 width=4) (actual time=1946.666..12550.794 rows=3741177 loops=1)
                    Filter: ((person_id < 1987009) AND (role_id > 3))
                    Rows Removed by Filter: 32503167
              ->  Hash  (cost=67604.59..67604.59 rows=311009 width=4) (actual time=1138.351..1138.351 rows=309534 loops=1)
                    Buckets: 131072  Batches: 8  Memory Usage: 2378kB
                    ->  Seq Scan on title t  (cost=0.00..67604.59 rows=311009 width=4) (actual time=0.024..1039.376 rows=309534 loops=1)
                          Filter: (production_year < 1966)
                          Rows Removed by Filter: 2218778
Planning time: 0.709 ms
Execution time: 30637.260 ms
