Hash Join  (cost=75321.41..1178342.22 rows=6737964 width=0) (actual time=1142.212..31186.218 rows=5318243 loops=1)
  Hash Cond: (ci.movie_id = t.id)
  ->  Seq Scan on cast_info ci  (cost=0.00..614943.12 rows=36225612 width=4) (actual time=0.004..11703.030 rows=36244344 loops=1)
  ->  Hash  (cost=67604.59..67604.59 rows=470306 width=4) (actual time=1141.388..1141.388 rows=465563 loops=1)
        Buckets: 131072  Batches: 8  Memory Usage: 3063kB
        ->  Seq Scan on title t  (cost=0.00..67604.59 rows=470306 width=4) (actual time=0.020..991.041 rows=465563 loops=1)
              Filter: (production_year < 1977)
              Rows Removed by Filter: 2062749
Planning time: 0.499 ms
Execution time: 31799.797 ms
