Hash Join  (cost=131525.49..218713.16 rows=52963 width=0) (actual time=3410.038..3766.605 rows=45639 loops=1)
  Hash Cond: (mk.movie_id = t.id)
  ->  Seq Scan on movie_keyword mk  (cost=0.00..69693.30 rows=4523930 width=4) (actual time=0.016..745.102 rows=4523930 loops=1)
  ->  Hash  (cost=131155.46..131155.46 rows=29602 width=8) (actual time=2289.981..2289.981 rows=10560 loops=1)
        Buckets: 32768  Batches: 1  Memory Usage: 669kB
        ->  Hash Join  (cost=74657.14..131155.46 rows=29602 width=8) (actual time=1547.777..2286.233 rows=10560 loops=1)
              Hash Cond: (mc.movie_id = t.id)
              ->  Seq Scan on movie_companies mc  (cost=0.00..51404.11 rows=1279517 width=4) (actual time=0.013..893.118 rows=1274246 loops=1)
                    Filter: (company_type_id < 2)
                    Rows Removed by Filter: 1334883
              ->  Hash  (cost=73925.90..73925.90 rows=58499 width=4) (actual time=1093.404..1093.404 rows=62752 loops=1)
                    Buckets: 65536  Batches: 1  Memory Usage: 2719kB
                    ->  Seq Scan on title t  (cost=0.00..73925.90 rows=58499 width=4) (actual time=0.030..1068.118 rows=62752 loops=1)
                          Filter: ((kind_id = 7) AND (production_year = 2005))
                          Rows Removed by Filter: 2465560
Planning time: 1.151 ms
Execution time: 3772.710 ms
