Hash Join  (cost=119621.42..870468.04 rows=5745 width=0) (actual time=1683.101..17049.478 rows=21871 loops=1)
  Hash Cond: (ci.movie_id = t.id)
  ->  Seq Scan on cast_info ci  (cost=0.00..614943.12 rows=36225612 width=4) (actual time=0.015..7922.641 rows=36244344 loops=1)
  ->  Hash  (cost=119616.41..119616.41 rows=401 width=8) (actual time=1681.276..1681.276 rows=754 loops=1)
        Buckets: 1024  Batches: 1  Memory Usage: 38kB
        ->  Hash Join  (cost=67697.55..119616.41 rows=401 width=8) (actual time=942.910..1680.936 rows=754 loops=1)
              Hash Cond: (mc.movie_id = t.id)
              ->  Seq Scan on movie_companies mc  (cost=0.00..51404.11 rows=136197 width=4) (actual time=27.595..733.170 rows=135235 loops=1)
                    Filter: (company_id > 138634)
                    Rows Removed by Filter: 2473894
              ->  Hash  (cost=67604.59..67604.59 rows=7437 width=4) (actual time=915.217..915.217 rows=14456 loops=1)
                    Buckets: 16384 (originally 8192)  Batches: 1 (originally 1)  Memory Usage: 637kB
                    ->  Seq Scan on title t  (cost=0.00..67604.59 rows=7437 width=4) (actual time=0.076..908.290 rows=14456 loops=1)
                          Filter: (production_year = 1981)
                          Rows Removed by Filter: 2513856
Planning time: 1.112 ms
Execution time: 17055.468 ms
