Hash Join  (cost=98137.04..977467.50 rows=2772462 width=0) (actual time=3031.032..20145.840 rows=4722036 loops=1)
  Hash Cond: (ci.movie_id = t.id)
  ->  Seq Scan on cast_info ci  (cost=0.00..796071.18 rows=3766932 width=4) (actual time=1306.217..12980.710 rows=6801785 loops=1)
        Filter: ((person_id > 2201545) AND (role_id > 4))
        Rows Removed by Filter: 29442559
  ->  Hash  (cost=67604.59..67604.59 rows=1860996 width=4) (actual time=1723.831..1723.831 rows=1865487 loops=1)
        Buckets: 131072  Batches: 32  Memory Usage: 3079kB
        ->  Seq Scan on title t  (cost=0.00..67604.59 rows=1860996 width=4) (actual time=0.020..1132.433 rows=1865487 loops=1)
              Filter: (kind_id > 1)
              Rows Removed by Filter: 662825
Planning time: 0.708 ms
Execution time: 20714.977 ms
