Hash Join  (cost=139288.31..926442.42 rows=478649 width=0) (actual time=2682.659..22866.614 rows=2010061 loops=1)
  Hash Cond: (ci.movie_id = t.id)
  ->  Seq Scan on cast_info ci  (cost=0.00..705507.15 rows=20496127 width=4) (actual time=0.024..11349.642 rows=20621804 loops=1)
        Filter: (person_id > 1541696)
        Rows Removed by Filter: 15622540
  ->  Hash  (cost=138550.20..138550.20 rows=59049 width=8) (actual time=2682.058..2682.058 rows=138933 loops=1)
        Buckets: 131072 (originally 65536)  Batches: 2 (originally 1)  Memory Usage: 3742kB
        ->  Hash Join  (cost=69283.60..138550.20 rows=59049 width=8) (actual time=1080.844..2629.853 rows=138933 loops=1)
              Hash Cond: (mc.movie_id = t.id)
              ->  Seq Scan on movie_companies mc  (cost=0.00..51404.11 rows=1459198 width=4) (actual time=0.023..940.962 rows=1451109 loops=1)
                    Filter: (company_id < 13015)
                    Rows Removed by Filter: 1158020
              ->  Hash  (cost=67604.59..67604.59 rows=102321 width=4) (actual time=1080.170..1080.170 rows=100537 loops=1)
                    Buckets: 131072  Batches: 2  Memory Usage: 2797kB
                    ->  Seq Scan on title t  (cost=0.00..67604.59 rows=102321 width=4) (actual time=557.448..1045.480 rows=100537 loops=1)
                          Filter: (kind_id = 3)
                          Rows Removed by Filter: 2427775
Planning time: 1.194 ms
Execution time: 23104.969 ms
