Seq Scan on cast_info ci  (cost=0.00..705507.15 rows=17680170 width=0) (actual time=0.019..10485.127 rows=17534899 loops=1)
  Filter: (person_id < 1736207)
  Rows Removed by Filter: 18709445
Planning time: 0.344 ms
Execution time: 12666.055 ms
