Seq Scan on cast_info ci  (cost=0.00..705507.15 rows=16231401 width=0) (actual time=0.019..9528.766 rows=16384724 loops=1)
  Filter: (person_id > 1993758)
  Rows Removed by Filter: 19859620
Planning time: 0.337 ms
Execution time: 11166.357 ms
