Hash Join  (cost=1254735.52..2413735.73 rows=49840306 width=0) (actual time=28402.969..80355.419 rows=150685609 loops=1)
  Hash Cond: (mi.movie_id = t.id)
  ->  Seq Scan on movie_info mi  (cost=0.00..309384.22 rows=14739122 width=4) (actual time=0.015..6366.781 rows=14835720 loops=1)
  ->  Hash  (cost=1114457.92..1114457.92 rows=8550208 width=8) (actual time=28401.597..28401.597 rows=8365952 loops=1)
        Buckets: 131072  Batches: 128  Memory Usage: 3592kB
        ->  Hash Join  (cost=102767.86..1114457.92 rows=8550208 width=8) (actual time=8955.075..25867.410 rows=8365952 loops=1)
              Hash Cond: (ci.movie_id = t.id)
              ->  Seq Scan on cast_info ci  (cost=0.00..796071.18 rows=8550208 width=4) (actual time=6971.256..16114.909 rows=8365952 loops=1)
                    Filter: ((person_id < 4043117) AND (role_id > 5))
                    Rows Removed by Filter: 27878392
              ->  Hash  (cost=61283.27..61283.27 rows=2528527 width=4) (actual time=1982.415..1982.415 rows=2528312 loops=1)
                    Buckets: 131072  Batches: 64  Memory Usage: 2415kB
                    ->  Seq Scan on title t  (cost=0.00..61283.27 rows=2528527 width=4) (actual time=0.016..1168.980 rows=2528312 loops=1)
Planning time: 1.190 ms
Execution time: 96338.945 ms
