Hash Join  (cost=94555.35..144022.53 rows=686269 width=0) (actual time=1688.076..3039.146 rows=377883 loops=1)
  Hash Cond: (mi_idx.movie_id = t.id)
  ->  Seq Scan on movie_info_idx mi_idx  (cost=0.00..21735.35 rows=1380035 width=4) (actual time=0.018..400.608 rows=1380035 loops=1)
  ->  Hash  (cost=73925.90..73925.90 rows=1257396 width=4) (actual time=1687.022..1687.022 rows=1340616 loops=1)
        Buckets: 131072  Batches: 32  Memory Usage: 2502kB
        ->  Seq Scan on title t  (cost=0.00..73925.90 rows=1257396 width=4) (actual time=0.020..1254.548 rows=1340616 loops=1)
              Filter: ((production_year > 1971) AND (kind_id = 7))
              Rows Removed by Filter: 1187696
Planning time: 0.722 ms
Execution time: 3085.139 ms
