Seq Scan on movie_companies mc  (cost=0.00..51404.11 rows=104 width=0) (actual time=103.614..779.169 rows=118 loops=1)
  Filter: (company_id = 14519)
  Rows Removed by Filter: 2609011
Planning time: 0.337 ms
Execution time: 779.300 ms
