Nested Loop  (cost=0.43..83071.67 rows=246 width=0) (actual time=4.732..1122.326 rows=669 loops=1)
  ->  Seq Scan on movie_keyword mk  (cost=0.00..81003.12 rows=246 width=4) (actual time=4.670..1098.451 rows=669 loops=1)
        Filter: (keyword_id = 3173)
        Rows Removed by Filter: 4523261
  ->  Index Only Scan using title_pkey on title t  (cost=0.43..8.40 rows=1 width=4) (actual time=0.034..0.034 rows=1 loops=669)
        Index Cond: (id = mk.movie_id)
        Heap Fetches: 669
Planning time: 0.716 ms
Execution time: 1122.636 ms
