Hash Join  (cost=133416.60..958025.35 rows=245378 width=0) (actual time=7488.399..17590.794 rows=2605106 loops=1)
  Hash Cond: (ci.movie_id = t.id)
  ->  Seq Scan on cast_info ci  (cost=0.00..796071.18 rows=2158608 width=4) (actual time=4742.656..11406.065 rows=5839789 loops=1)
        Filter: ((person_id > 2860398) AND (role_id > 4))
        Rows Removed by Filter: 30404555
  ->  Hash  (cost=128700.74..128700.74 rows=287429 width=8) (actual time=2744.707..2744.707 rows=501000 loops=1)
        Buckets: 131072 (originally 131072)  Batches: 8 (originally 4)  Memory Usage: 3478kB
        ->  Hash Join  (cost=86956.38..128700.74 rows=287429 width=8) (actual time=1365.830..2587.811 rows=501000 loops=1)
              Hash Cond: (mi_idx.movie_id = t.id)
              ->  Seq Scan on movie_info_idx mi_idx  (cost=0.00..25185.44 rows=915101 width=4) (actual time=0.023..515.825 rows=919850 loops=1)
                    Filter: (info_type_id < 101)
                    Rows Removed by Filter: 460185
              ->  Hash  (cost=73925.90..73925.90 rows=794198 width=4) (actual time=1364.318..1364.318 rows=707863 loops=1)
                    Buckets: 131072  Batches: 16  Memory Usage: 2579kB
                    ->  Seq Scan on title t  (cost=0.00..73925.90 rows=794198 width=4) (actual time=0.019..1136.285 rows=707863 loops=1)
                          Filter: ((kind_id < 7) AND (production_year > 1973))
                          Rows Removed by Filter: 1820449
Planning time: 2.415 ms
Execution time: 17883.069 ms
