Hash Join  (cost=515779.61..669887.17 rows=2635152 width=0) (actual time=9583.146..15085.016 rows=7767133 loops=1)
  Hash Cond: (mk.movie_id = t.id)
  ->  Seq Scan on movie_keyword mk  (cost=0.00..69693.30 rows=4523930 width=4) (actual time=0.025..1483.132 rows=4523930 loops=1)
  ->  Hash  (cost=491615.04..491615.04 rows=1472846 width=8) (actual time=9581.688..9581.688 rows=1603512 loops=1)
        Buckets: 131072  Batches: 32  Memory Usage: 2978kB
        ->  Hash Join  (cost=97066.09..491615.04 rows=1472846 width=8) (actual time=3551.288..9109.004 rows=1603512 loops=1)
              Hash Cond: (mi.movie_id = t.id)
              ->  Seq Scan on movie_info mi  (cost=0.00..346232.03 rows=2073893 width=4) (actual time=1617.104..5254.326 rows=2091068 loops=1)
                    Filter: (info_type_id < 3)
                    Rows Removed by Filter: 12744652
              ->  Hash  (cost=67604.59..67604.59 rows=1795720 width=4) (actual time=1933.001..1933.001 rows=1794153 loops=1)
                    Buckets: 131072  Batches: 32  Memory Usage: 3001kB
                    ->  Seq Scan on title t  (cost=0.00..67604.59 rows=1795720 width=4) (actual time=0.031..1323.781 rows=1794153 loops=1)
                          Filter: (production_year < 2009)
                          Rows Removed by Filter: 734159
Planning time: 1.130 ms
Execution time: 15958.609 ms
