Hash Join  (cost=87646.84..227878.86 rows=1496298 width=0) (actual time=2213.336..6494.963 rows=3312088 loops=1)
  Hash Cond: (mk.movie_id = t.id)
  ->  Seq Scan on movie_keyword mk  (cost=0.00..69693.30 rows=4523930 width=4) (actual time=0.024..1367.798 rows=4523930 loops=1)
  ->  Hash  (cost=73925.90..73925.90 rows=836315 width=4) (actual time=2212.421..2212.421 rows=847424 loops=1)
        Buckets: 131072  Batches: 16  Memory Usage: 2891kB
        ->  Seq Scan on title t  (cost=0.00..73925.90 rows=836315 width=4) (actual time=0.015..1216.857 rows=847424 loops=1)
              Filter: ((kind_id < 4) AND (production_year > 0))
              Rows Removed by Filter: 1680888
Planning time: 0.743 ms
Execution time: 6880.866 ms
