Hash Join  (cost=256337.17..1247339.06 rows=9832936 width=0) (actual time=6540.083..43903.782 rows=78912762 loops=1)
  Hash Cond: (ci.movie_id = t.id)
  ->  Seq Scan on cast_info ci  (cost=0.00..705507.15 rows=14069077 width=4) (actual time=0.027..12738.031 rows=14035642 loops=1)
        Filter: (person_id < 1382904)
        Rows Removed by Filter: 22208702
  ->  Hash  (cost=227343.19..227343.19 rows=1767198 width=8) (actual time=6538.288..6538.288 rows=3878469 loops=1)
        Buckets: 131072 (originally 131072)  Batches: 64 (originally 32)  Memory Usage: 3438kB
        ->  Hash Join  (cost=83810.17..227343.19 rows=1767198 width=8) (actual time=1321.484..5548.899 rows=3878469 loops=1)
              Hash Cond: (mk.movie_id = t.id)
              ->  Seq Scan on movie_keyword mk  (cost=0.00..69693.30 rows=4523930 width=4) (actual time=0.018..1273.521 rows=4523930 loops=1)
              ->  Hash  (cost=67604.59..67604.59 rows=987727 width=4) (actual time=1320.685..1320.685 rows=985048 loops=1)
                    Buckets: 131072  Batches: 16  Memory Usage: 3197kB
                    ->  Seq Scan on title t  (cost=0.00..67604.59 rows=987727 width=4) (actual time=0.014..1004.091 rows=985048 loops=1)
                          Filter: (kind_id < 7)
                          Rows Removed by Filter: 1543264
Planning time: 0.959 ms
Execution time: 52130.302 ms
