Hash Join  (cost=101865.59..157230.50 rows=929438 width=0) (actual time=1987.960..3558.073 rows=749895 loops=1)
  Hash Cond: (mi_idx.movie_id = t.id)
  ->  Seq Scan on movie_info_idx mi_idx  (cost=0.00..21735.35 rows=1380035 width=4) (actual time=0.025..478.251 rows=1380035 loops=1)
  ->  Hash  (cost=73925.90..73925.90 rows=1702935 width=4) (actual time=1986.723..1986.723 rows=1799546 loops=1)
        Buckets: 131072  Batches: 32  Memory Usage: 3006kB
        ->  Seq Scan on title t  (cost=0.00..73925.90 rows=1702935 width=4) (actual time=0.028..1425.281 rows=1799546 loops=1)
              Filter: ((kind_id > 1) AND (production_year > 1942))
              Rows Removed by Filter: 728766
Planning time: 0.701 ms
Execution time: 3640.459 ms
