Hash Join  (cost=81703.78..151750.37 rows=234273 width=0) (actual time=1279.918..3117.720 rows=637977 loops=1)
  Hash Cond: (mc.movie_id = t.id)
  ->  Seq Scan on movie_companies mc  (cost=0.00..51404.11 rows=1249532 width=4) (actual time=0.043..922.775 rows=1263448 loops=1)
        Filter: (company_id > 11532)
        Rows Removed by Filter: 1345681
  ->  Hash  (cost=73925.90..73925.90 rows=474070 width=4) (actual time=1279.092..1279.092 rows=496025 loops=1)
        Buckets: 131072  Batches: 8  Memory Usage: 3214kB
        ->  Seq Scan on title t  (cost=0.00..73925.90 rows=474070 width=4) (actual time=0.016..1123.855 rows=496025 loops=1)
              Filter: ((production_year < 2009) AND (kind_id = 1))
              Rows Removed by Filter: 2032287
Planning time: 0.705 ms
Execution time: 3198.242 ms
