Hash Join  (cost=263115.61..1463640.87 rows=16686141 width=0) (actual time=10791.538..46908.415 rows=45343042 loops=1)
  Hash Cond: (ci.movie_id = t.id)
  ->  Seq Scan on cast_info ci  (cost=0.00..796071.18 rows=16170668 width=4) (actual time=4327.455..17571.721 rows=20436208 loops=1)
        Filter: ((person_id > 1101147) AND (role_id > 1))
        Rows Removed by Filter: 15808136
  ->  Hash  (cost=220309.49..220309.49 rows=2609129 width=8) (actual time=6462.610..6462.610 rows=2609129 loops=1)
        Buckets: 131072  Batches: 64  Memory Usage: 2610kB
        ->  Hash Join  (cost=102767.86..220309.49 rows=2609129 width=8) (actual time=2206.957..5599.590 rows=2609129 loops=1)
              Hash Cond: (mc.movie_id = t.id)
              ->  Seq Scan on movie_companies mc  (cost=0.00..44881.29 rows=2609129 width=4) (actual time=0.025..1017.767 rows=2609129 loops=1)
              ->  Hash  (cost=61283.27..61283.27 rows=2528527 width=4) (actual time=2205.142..2205.142 rows=2528312 loops=1)
                    Buckets: 131072  Batches: 64  Memory Usage: 2415kB
                    ->  Seq Scan on title t  (cost=0.00..61283.27 rows=2528527 width=4) (actual time=0.020..1101.522 rows=2528312 loops=1)
Planning time: 1.229 ms
Execution time: 52043.762 ms
