Hash Join  (cost=128916.38..478215.11 rows=3007 width=0) (actual time=2603.357..7191.047 rows=44 loops=1)
  Hash Cond: (mi.movie_id = t.id)
  ->  Seq Scan on movie_info mi  (cost=0.00..346232.03 rows=809768 width=4) (actual time=59.913..4664.341 rows=802140 loops=1)
        Filter: (info_type_id < 2)
        Rows Removed by Filter: 14033580
  ->  Hash  (cost=128799.03..128799.03 rows=9388 width=8) (actual time=2360.496..2360.496 rows=25609 loops=1)
        Buckets: 32768 (originally 16384)  Batches: 1 (originally 1)  Memory Usage: 1257kB
        ->  Hash Join  (cost=74039.63..128799.03 rows=9388 width=8) (actual time=1289.469..2350.002 rows=25609 loops=1)
              Hash Cond: (mc.movie_id = t.id)
              ->  Seq Scan on movie_companies mc  (cost=0.00..44881.29 rows=2609129 width=4) (actual time=0.022..608.507 rows=2609129 loops=1)
              ->  Hash  (cost=73925.90..73925.90 rows=9098 width=4) (actual time=1165.007..1165.007 rows=10624 loops=1)
                    Buckets: 16384  Batches: 1  Memory Usage: 502kB
                    ->  Seq Scan on title t  (cost=0.00..73925.90 rows=9098 width=4) (actual time=644.839..1160.361 rows=10624 loops=1)
                          Filter: ((production_year < 2009) AND (kind_id = 6))
                          Rows Removed by Filter: 2517688
Planning time: 1.256 ms
Execution time: 7191.341 ms
