Hash Join  (cost=160526.42..245637.42 rows=679561 width=0) (actual time=3682.283..5541.125 rows=709692 loops=1)
  Hash Cond: (mc.movie_id = t.id)
  ->  Seq Scan on movie_companies mc  (cost=0.00..51404.11 rows=2043276 width=4) (actual time=0.022..1018.961 rows=2038747 loops=1)
        Filter: (company_id < 71358)
        Rows Removed by Filter: 570382
  ->  Hash  (cost=146729.58..146729.58 rows=840947 width=8) (actual time=3345.656..3345.656 rows=425718 loops=1)
        Buckets: 131072  Batches: 16  Memory Usage: 2062kB
        ->  Hash Join  (cost=92883.59..146729.58 rows=840947 width=8) (actual time=1799.500..3212.988 rows=425718 loops=1)
              Hash Cond: (mi_idx.movie_id = t.id)
              ->  Seq Scan on movie_info_idx mi_idx  (cost=0.00..21735.35 rows=1380035 width=4) (actual time=0.012..398.128 rows=1380035 loops=1)
              ->  Hash  (cost=67604.59..67604.59 rows=1540800 width=4) (actual time=1798.634..1798.634 rows=1543264 loops=1)
                    Buckets: 131072  Batches: 32  Memory Usage: 2722kB
                    ->  Seq Scan on title t  (cost=0.00..67604.59 rows=1540800 width=4) (actual time=0.010..1030.907 rows=1543264 loops=1)
                          Filter: (kind_id = 7)
                          Rows Removed by Filter: 985048
Planning time: 1.100 ms
Execution time: 5630.189 ms
