Seq Scan on cast_info ci  (cost=0.00..796071.18 rows=767136 width=0) (actual time=0.018..11135.950 rows=3400035 loops=1)
  Filter: ((person_id > 3388648) AND (role_id > 7))
  Rows Removed by Filter: 32844309
Planning time: 0.353 ms
Execution time: 11570.716 ms
