Hash Join  (cost=797557.00..852223.24 rows=71 width=0) (actual time=12444.931..13353.079 rows=1 loops=1)
  Hash Cond: (mc.movie_id = t.id)
  ->  Seq Scan on movie_companies mc  (cost=0.00..44881.29 rows=2609129 width=4) (actual time=0.016..495.695 rows=2609129 loops=1)
  ->  Hash  (cost=797556.14..797556.14 rows=69 width=8) (actual time=12369.232..12369.232 rows=1 loops=1)
        Buckets: 1024  Batches: 1  Memory Usage: 9kB
        ->  Nested Loop  (cost=0.43..797556.14 rows=69 width=8) (actual time=4980.449..12369.191 rows=1 loops=1)
              ->  Seq Scan on cast_info ci  (cost=0.00..796071.18 rows=176 width=4) (actual time=4980.330..12369.033 rows=2 loops=1)
                    Filter: ((role_id < 2) AND (person_id = 245322))
                    Rows Removed by Filter: 36244342
              ->  Index Scan using title_pkey on title t  (cost=0.43..8.43 rows=1 width=4) (actual time=0.042..0.043 rows=0 loops=2)
                    Index Cond: (id = ci.movie_id)
                    Filter: (kind_id < 7)
                    Rows Removed by Filter: 0
Planning time: 1.690 ms
Execution time: 13353.237 ms
