Hash Join  (cost=86141.15..149052.35 rows=245571 width=144) (actual time=1718.224..3039.277 rows=354791 loops=1)
  Hash Cond: (mi_idx.movie_id = t.id)
  ->  Seq Scan on movie_info_idx mi_idx  (cost=0.00..21735.35 rows=1380035 width=50) (actual time=0.025..445.236 rows=1380035 loops=1)
  ->  Hash  (cost=73925.90..73925.90 rows=449940 width=94) (actual time=1715.660..1715.660 rows=352730 loops=1)
        Buckets: 32768  Batches: 16  Memory Usage: 2682kB
        ->  Seq Scan on title t  (cost=0.00..73925.90 rows=449940 width=94) (actual time=0.030..1578.131 rows=352730 loops=1)
              Filter: ((kind_id < 4) AND (production_year > 2001))
              Rows Removed by Filter: 2175582
Planning time: 3.776 ms
Execution time: 3057.787 ms
