Hash Join  (cost=754222.46..2746836.59 rows=43957294 width=211) (actual time=16924.347..104448.250 rows=84550565 loops=1)
  Hash Cond: (ci.movie_id = t.id)
  ->  Seq Scan on cast_info ci  (cost=0.00..614943.12 rows=36225612 width=42) (actual time=0.013..10695.115 rows=36244344 loops=1)
  ->  Hash  (cost=640962.04..640962.04 rows=3068194 width=169) (actual time=16918.794..16918.794 rows=3036719 loops=1)
        Buckets: 32768  Batches: 256  Memory Usage: 2014kB
        ->  Hash Join  (cost=129928.86..640962.04 rows=3068194 width=169) (actual time=5207.086..13988.152 rows=3036719 loops=1)
              Hash Cond: (mi.movie_id = t.id)
              ->  Seq Scan on movie_info mi  (cost=0.00..346232.03 rows=3068194 width=75) (actual time=2465.116..6038.254 rows=3036719 loops=1)
                    Filter: (info_type_id = 16)
                    Rows Removed by Filter: 11799001
              ->  Hash  (cost=61283.27..61283.27 rows=2528527 width=94) (actual time=2739.877..2739.877 rows=2528312 loops=1)
                    Buckets: 32768  Batches: 128  Memory Usage: 2470kB
                    ->  Seq Scan on title t  (cost=0.00..61283.27 rows=2528527 width=94) (actual time=0.022..1396.381 rows=2528312 loops=1)
Planning time: 1.494 ms
Execution time: 109265.431 ms
