Seq Scan on movie_companies mc  (cost=0.00..57926.93 rows=982685 width=0) (actual time=0.007..1005.043 rows=842457 loops=1)
  Filter: ((company_id > 688) AND (company_type_id = 1))
  Rows Removed by Filter: 1766672
Planning time: 0.370 ms
Execution time: 1114.088 ms
