Hash Join  (cost=83810.17..171453.61 rows=817678 width=0) (actual time=1473.664..4056.496 rows=1677779 loops=1)
  Hash Cond: (mc.movie_id = t.id)
  ->  Seq Scan on movie_companies mc  (cost=0.00..51404.11 rows=2093212 width=4) (actual time=0.024..968.161 rows=2092401 loops=1)
        Filter: (company_id > 474)
        Rows Removed by Filter: 516728
  ->  Hash  (cost=67604.59..67604.59 rows=987727 width=4) (actual time=1472.707..1472.707 rows=985048 loops=1)
        Buckets: 131072  Batches: 16  Memory Usage: 3188kB
        ->  Seq Scan on title t  (cost=0.00..67604.59 rows=987727 width=4) (actual time=0.016..1166.748 rows=985048 loops=1)
              Filter: (kind_id < 7)
              Rows Removed by Filter: 1543264
Planning time: 0.736 ms
Execution time: 4246.382 ms
