Hash Join  (cost=217858.32..715172.27 rows=4560631 width=0) (actual time=5131.717..18994.164 rows=10032424 loops=1)
  Hash Cond: (mi.movie_id = t.id)
  ->  Seq Scan on movie_info mi  (cost=0.00..346232.03 rows=8672966 width=4) (actual time=0.019..6152.023 rows=8770496 loops=1)
        Filter: (info_type_id < 12)
        Rows Removed by Filter: 6065224
  ->  Hash  (cost=196044.17..196044.17 rows=1329612 width=8) (actual time=5130.859..5130.859 rows=1334883 loops=1)
        Buckets: 131072  Batches: 32  Memory Usage: 2657kB
        ->  Hash Join  (cost=102767.86..196044.17 rows=1329612 width=8) (actual time=2135.138..4722.229 rows=1334883 loops=1)
              Hash Cond: (mc.movie_id = t.id)
              ->  Seq Scan on movie_companies mc  (cost=0.00..51404.11 rows=1329612 width=4) (actual time=350.782..910.988 rows=1334883 loops=1)
                    Filter: (company_type_id > 1)
                    Rows Removed by Filter: 1274246
              ->  Hash  (cost=61283.27..61283.27 rows=2528527 width=4) (actual time=1783.201..1783.201 rows=2528312 loops=1)
                    Buckets: 131072  Batches: 64  Memory Usage: 2415kB
                    ->  Seq Scan on title t  (cost=0.00..61283.27 rows=2528527 width=4) (actual time=0.030..951.288 rows=2528312 loops=1)
Planning time: 5.247 ms
Execution time: 19963.723 ms
