Hash Join  (cost=164300.97..1415866.06 rows=12773004 width=0) (actual time=3174.516..44586.539 rows=26252134 loops=1)
  Hash Cond: (ci.movie_id = t.id)
  ->  Seq Scan on cast_info ci  (cost=0.00..705507.15 rows=35875431 width=4) (actual time=0.014..16531.449 rows=35928226 loops=1)
        Filter: (role_id < 11)
        Rows Removed by Filter: 316118
  ->  Hash  (cost=149530.83..149530.83 rows=900251 width=8) (actual time=3173.707..3173.707 rows=833913 loops=1)
        Buckets: 131072  Batches: 16  Memory Usage: 3060kB
        ->  Hash Join  (cost=94666.80..149530.83 rows=900251 width=8) (actual time=1564.011..2952.122 rows=833913 loops=1)
              Hash Cond: (mi_idx.movie_id = t.id)
              ->  Seq Scan on movie_info_idx mi_idx  (cost=0.00..21735.35 rows=1380035 width=4) (actual time=0.013..351.455 rows=1380035 loops=1)
              ->  Hash  (cost=67604.59..67604.59 rows=1649457 width=4) (actual time=1562.321..1562.321 rows=1643514 loops=1)
                    Buckets: 131072  Batches: 32  Memory Usage: 2831kB
                    ->  Seq Scan on title t  (cost=0.00..67604.59 rows=1649457 width=4) (actual time=0.026..1064.131 rows=1643514 loops=1)
                          Filter: (production_year > 1994)
                          Rows Removed by Filter: 884798
Planning time: 1.149 ms
Execution time: 47493.542 ms
