Seq Scan on movie_keyword mk  (cost=0.00..81003.12 rows=1658956 width=0) (actual time=0.013..1227.641 rows=1665328 loops=1)
  Filter: (keyword_id > 8742)
  Rows Removed by Filter: 2858602
Planning time: 0.299 ms
Execution time: 1441.548 ms
