Hash Join  (cost=112361.89..168735.85 rows=17166 width=0) (actual time=2063.176..3059.034 rows=34830 loops=1)
  Hash Cond: (mc.movie_id = t.id)
  ->  Seq Scan on movie_companies mc  (cost=0.00..51404.11 rows=1279517 width=4) (actual time=159.623..895.072 rows=1274246 loops=1)
        Filter: (company_type_id < 2)
        Rows Removed by Filter: 1334883
  ->  Hash  (cost=111937.85..111937.85 rows=33923 width=8) (actual time=1903.081..1903.081 rows=22966 loops=1)
        Buckets: 65536  Batches: 1  Memory Usage: 1410kB
        ->  Hash Join  (cost=75464.55..111937.85 rows=33923 width=8) (actual time=1070.730..1894.359 rows=22966 loops=1)
              Hash Cond: (mi_idx.movie_id = t.id)
              ->  Seq Scan on movie_info_idx mi_idx  (cost=0.00..25185.44 rows=915101 width=4) (actual time=0.027..482.855 rows=919850 loops=1)
                    Filter: (info_type_id < 101)
                    Rows Removed by Filter: 460185
              ->  Hash  (cost=73925.90..73925.90 rows=93732 width=4) (actual time=1069.910..1069.910 rows=100592 loops=1)
                    Buckets: 131072  Batches: 2  Memory Usage: 2791kB
                    ->  Seq Scan on title t  (cost=0.00..73925.90 rows=93732 width=4) (actual time=0.081..1032.300 rows=100592 loops=1)
                          Filter: ((kind_id > 1) AND (production_year = 2009))
                          Rows Removed by Filter: 2427720
Planning time: 8.467 ms
Execution time: 3064.058 ms
