Seq Scan on cast_info ci  (cost=0.00..796071.18 rows=1220991 width=0) (actual time=7378.694..11359.207 rows=1448391 loops=1)
  Filter: ((person_id > 2000324) AND (role_id = 4))
  Rows Removed by Filter: 34795953
Planning time: 0.376 ms
Execution time: 11539.360 ms
