Seq Scan on movie_companies mc  (cost=0.00..51404.11 rows=820383 width=0) (actual time=0.033..417.593 rows=812591 loops=1)
  Filter: (company_id < 1886)
  Rows Removed by Filter: 1796538
Planning time: 0.337 ms
Execution time: 477.403 ms
