Seq Scan on movie_companies mc  (cost=0.00..57926.93 rows=199989 width=0) (actual time=289.895..842.684 rows=92864 loops=1)
  Filter: ((company_id < 239) AND (company_type_id > 1))
  Rows Removed by Filter: 2516265
Planning time: 0.812 ms
Execution time: 855.542 ms
