Hash Join  (cost=102767.86..976744.21 rows=2827026 width=0) (actual time=13356.898..20345.612 rows=3837638 loops=1)
  Hash Cond: (ci.movie_id = t.id)
  ->  Seq Scan on cast_info ci  (cost=0.00..796071.18 rows=2827026 width=4) (actual time=11388.169..14667.586 rows=3837638 loops=1)
        Filter: ((person_id > 1227833) AND (role_id = 10))
        Rows Removed by Filter: 32406706
  ->  Hash  (cost=61283.27..61283.27 rows=2528527 width=4) (actual time=1966.366..1966.366 rows=2528312 loops=1)
        Buckets: 131072  Batches: 64  Memory Usage: 2415kB
        ->  Seq Scan on title t  (cost=0.00..61283.27 rows=2528527 width=4) (actual time=0.028..1138.555 rows=2528312 loops=1)
Planning time: 0.811 ms
Execution time: 20743.823 ms
