Hash Join  (cost=760738.21..2861583.73 rows=80677455 width=0) (actual time=16694.736..62134.950 rows=59895850 loops=1)
  Hash Cond: (ci.movie_id = t.id)
  ->  Seq Scan on cast_info ci  (cost=0.00..705507.15 rows=29456246 width=4) (actual time=0.022..14759.636 rows=29391898 loops=1)
        Filter: (person_id < 2978026)
        Rows Removed by Filter: 6852446
  ->  Hash  (cost=647118.19..647118.19 rows=6925361 width=8) (actual time=16691.667..16691.667 rows=3021637 loops=1)
        Buckets: 131072  Batches: 128  Memory Usage: 1931kB
        ->  Hash Join  (cost=93417.65..647118.19 rows=6925361 width=8) (actual time=2061.847..15456.492 rows=3021637 loops=1)
              Hash Cond: (mi.movie_id = t.id)
              ->  Seq Scan on movie_info mi  (cost=0.00..309384.22 rows=14739122 width=4) (actual time=0.019..5099.290 rows=14835720 loops=1)
              ->  Hash  (cost=73925.90..73925.90 rows=1188060 width=4) (actual time=2040.068..2040.068 rows=1276679 loops=1)
                    Buckets: 131072  Batches: 16  Memory Usage: 3846kB
                    ->  Seq Scan on title t  (cost=0.00..73925.90 rows=1188060 width=4) (actual time=0.017..1347.862 rows=1276679 loops=1)
                          Filter: ((production_year > 1979) AND (kind_id = 7))
                          Rows Removed by Filter: 1251633
Planning time: 1.178 ms
Execution time: 68561.193 ms
