Seq Scan on movie_companies mc  (cost=0.00..51404.11 rows=2478930 width=0) (actual time=0.013..849.213 rows=2479772 loops=1)
  Filter: (company_id < 141547)
  Rows Removed by Filter: 129357
Planning time: 0.340 ms
Execution time: 1144.118 ms
