Nested Loop  (cost=0.43..709673.15 rows=131 width=0) (actual time=741.269..9800.629 rows=58 loops=1)
  ->  Seq Scan on cast_info ci  (cost=0.00..705507.15 rows=500 width=4) (actual time=741.092..9795.151 rows=71 loops=1)
        Filter: (person_id = 2890038)
        Rows Removed by Filter: 36244273
  ->  Index Scan using title_pkey on title t  (cost=0.43..8.32 rows=1 width=4) (actual time=0.075..0.075 rows=1 loops=71)
        Index Cond: (id = ci.movie_id)
        Filter: (production_year > 2008)
        Rows Removed by Filter: 0
Planning time: 0.835 ms
Execution time: 9800.757 ms
