Seq Scan on movie_keyword mk  (cost=0.00..81003.12 rows=4501095 width=0) (actual time=0.026..1682.247 rows=4501684 loops=1)
  Filter: (keyword_id > 3)
  Rows Removed by Filter: 22246
Planning time: 0.320 ms
Execution time: 2239.187 ms
