Seq Scan on cast_info ci  (cost=0.00..705507.15 rows=30360289 width=0) (actual time=0.014..12362.170 rows=30465944 loops=1)
  Filter: (person_id > 559524)
  Rows Removed by Filter: 5778400
Planning time: 0.346 ms
Execution time: 16116.046 ms
