Hash Join  (cost=830022.28..1575851.62 rows=2484668 width=0) (actual time=19483.886..33094.538 rows=6985785 loops=1)
  Hash Cond: (mi.movie_id = t.id)
  ->  Seq Scan on movie_info mi  (cost=0.00..309384.22 rows=14739122 width=4) (actual time=0.012..5381.919 rows=14835720 loops=1)
  ->  Hash  (cost=823028.15..823028.15 rows=426250 width=8) (actual time=19481.582..19481.582 rows=466546 loops=1)
        Buckets: 131072  Batches: 8  Memory Usage: 3327kB
        ->  Hash Join  (cost=67976.49..823028.15 rows=426250 width=8) (actual time=991.036..19031.654 rows=466546 loops=1)
              Hash Cond: (ci.movie_id = t.id)
              ->  Seq Scan on cast_info ci  (cost=0.00..614943.12 rows=36225612 width=4) (actual time=0.014..7714.715 rows=36244344 loops=1)
              ->  Hash  (cost=67604.59..67604.59 rows=29752 width=4) (actual time=990.730..990.730 rows=30027 loops=1)
                    Buckets: 32768  Batches: 1  Memory Usage: 1312kB
                    ->  Seq Scan on title t  (cost=0.00..67604.59 rows=29752 width=4) (actual time=0.030..977.838 rows=30027 loops=1)
                          Filter: (production_year = 1994)
                          Rows Removed by Filter: 2498285
Planning time: 1.133 ms
Execution time: 33860.348 ms
