Hash Join  (cost=83074.74..898530.72 rows=503 width=0) (actual time=7341.560..15377.792 rows=182 loops=1)
  Hash Cond: (ci.movie_id = t.id)
  ->  Seq Scan on cast_info ci  (cost=0.00..796071.18 rows=5167938 width=4) (actual time=6292.364..13491.672 rows=7080486 loops=1)
        Filter: ((person_id < 2650817) AND (role_id = 2))
        Rows Removed by Filter: 29163858
  ->  Hash  (cost=83071.67..83071.67 rows=246 width=8) (actual time=1043.094..1043.094 rows=22 loops=1)
        Buckets: 1024  Batches: 1  Memory Usage: 9kB
        ->  Nested Loop  (cost=0.43..83071.67 rows=246 width=8) (actual time=70.921..1043.014 rows=22 loops=1)
              ->  Seq Scan on movie_keyword mk  (cost=0.00..81003.12 rows=246 width=4) (actual time=70.820..1042.004 rows=22 loops=1)
                    Filter: (keyword_id = 17382)
                    Rows Removed by Filter: 4523908
              ->  Index Only Scan using title_pkey on title t  (cost=0.43..8.40 rows=1 width=4) (actual time=0.038..0.039 rows=1 loops=22)
                    Index Cond: (id = mk.movie_id)
                    Heap Fetches: 22
Planning time: 1.402 ms
Execution time: 15378.061 ms
