Seq Scan on cast_info ci  (cost=0.00..796071.18 rows=435 width=0) (actual time=10594.089..13560.076 rows=11 loops=1)
  Filter: ((role_id < 10) AND (person_id = 2236349))
  Rows Removed by Filter: 36244333
Planning time: 0.344 ms
Execution time: 13560.203 ms
