Seq Scan on movie_keyword mk  (cost=0.00..81003.12 rows=246 width=0) (actual time=18.805..1086.586 rows=436 loops=1)
  Filter: (keyword_id = 1674)
  Rows Removed by Filter: 4523494
Planning time: 0.363 ms
Execution time: 1086.855 ms
