Nested Loop  (cost=0.43..709671.90 rows=500 width=0) (actual time=6969.658..9827.389 rows=360 loops=1)
  ->  Seq Scan on cast_info ci  (cost=0.00..705507.15 rows=500 width=4) (actual time=6969.536..9823.127 rows=360 loops=1)
        Filter: (person_id = 2615436)
        Rows Removed by Filter: 36243984
  ->  Index Only Scan using title_pkey on title t  (cost=0.43..8.32 rows=1 width=4) (actual time=0.011..0.011 rows=1 loops=360)
        Index Cond: (id = ci.movie_id)
        Heap Fetches: 360
Planning time: 0.490 ms
Execution time: 9827.534 ms
