Hash Join  (cost=709678.15..1060968.36 rows=267 width=0) (actual time=16016.463..16597.240 rows=10 loops=1)
  Hash Cond: (mi.movie_id = t.id)
  ->  Seq Scan on movie_info mi  (cost=0.00..346232.03 rows=1348138 width=4) (actual time=4939.372..5517.667 rows=1298989 loops=1)
        Filter: (info_type_id = 4)
        Rows Removed by Filter: 13536731
  ->  Hash  (cost=709671.90..709671.90 rows=500 width=8) (actual time=10899.370..10899.370 rows=45 loops=1)
        Buckets: 1024  Batches: 1  Memory Usage: 10kB
        ->  Nested Loop  (cost=0.43..709671.90 rows=500 width=8) (actual time=2121.315..10899.341 rows=45 loops=1)
              ->  Seq Scan on cast_info ci  (cost=0.00..705507.15 rows=500 width=4) (actual time=2121.116..10898.462 rows=45 loops=1)
                    Filter: (person_id = 594202)
                    Rows Removed by Filter: 36244299
              ->  Index Only Scan using title_pkey on title t  (cost=0.43..8.32 rows=1 width=4) (actual time=0.016..0.016 rows=1 loops=45)
                    Index Cond: (id = ci.movie_id)
                    Heap Fetches: 45
Planning time: 1.191 ms
Execution time: 16597.335 ms
