Hash Join  (cost=429647.22..517116.96 rows=81170 width=0) (actual time=5426.750..8177.698 rows=255251 loops=1)
  Hash Cond: (mk.movie_id = t.id)
  ->  Seq Scan on movie_keyword mk  (cost=0.00..69693.30 rows=4523930 width=4) (actual time=0.019..923.972 rows=4523930 loops=1)
  ->  Hash  (cost=429080.12..429080.12 rows=45368 width=8) (actual time=5426.266..5426.266 rows=87943 loops=1)
        Buckets: 131072 (originally 65536)  Batches: 2 (originally 1)  Memory Usage: 3073kB
        ->  Hash Join  (cost=74617.32..429080.12 rows=45368 width=8) (actual time=3016.258..5393.033 rows=87943 loops=1)
              Hash Cond: (mi.movie_id = t.id)
              ->  Seq Scan on movie_info mi  (cost=0.00..346232.03 rows=2073893 width=4) (actual time=2374.997..4367.784 rows=2091068 loops=1)
                    Filter: (info_type_id < 3)
                    Rows Removed by Filter: 12744652
              ->  Hash  (cost=73925.90..73925.90 rows=55313 width=4) (actual time=640.883..640.883 rows=49075 loops=1)
                    Buckets: 65536  Batches: 1  Memory Usage: 2238kB
                    ->  Seq Scan on title t  (cost=0.00..73925.90 rows=55313 width=4) (actual time=0.163..624.928 rows=49075 loops=1)
                          Filter: ((kind_id < 7) AND (production_year = 2010))
                          Rows Removed by Filter: 2479237
Planning time: 5.148 ms
Execution time: 8209.120 ms
