Nested Loop  (cost=0.43..87224.31 rows=14 width=0) (actual time=209.367..831.512 rows=390 loops=1)
  ->  Seq Scan on movie_companies mc  (cost=0.00..51404.11 rows=4870 width=4) (actual time=3.184..737.956 rows=5148 loops=1)
        Filter: (company_id = 1427)
        Rows Removed by Filter: 2603981
  ->  Index Scan using title_pkey on title t  (cost=0.43..7.35 rows=1 width=4) (actual time=0.018..0.018 rows=0 loops=5148)
        Index Cond: (id = mc.movie_id)
        Filter: (production_year = 1961)
        Rows Removed by Filter: 1
Planning time: 0.807 ms
Execution time: 831.754 ms
