Hash Join  (cost=870841.13..897855.77 rows=10416 width=0) (actual time=10451.541..10921.768 rows=8302 loops=1)
  Hash Cond: (mi_idx.movie_id = t.id)
  ->  Seq Scan on movie_info_idx mi_idx  (cost=0.00..21735.35 rows=1380035 width=4) (actual time=0.019..234.803 rows=1380035 loops=1)
  ->  Hash  (cost=870602.56..870602.56 rows=19085 width=8) (actual time=10451.060..10451.060 rows=8381 loops=1)
        Buckets: 32768  Batches: 1  Memory Usage: 584kB
        ->  Hash Join  (cost=70308.29..870602.56 rows=19085 width=8) (actual time=2564.202..10448.294 rows=8381 loops=1)
              Hash Cond: (ci.movie_id = t.id)
              ->  Seq Scan on cast_info ci  (cost=0.00..796071.18 rows=292866 width=4) (actual time=1474.166..9296.313 rows=94388 loops=1)
                    Filter: ((person_id < 174153) AND (role_id > 8))
                    Rows Removed by Filter: 36149956
              ->  Hash  (cost=67604.59..67604.59 rows=164776 width=4) (actual time=1089.165..1089.165 rows=164307 loops=1)
                    Buckets: 131072  Batches: 4  Memory Usage: 2482kB
                    ->  Seq Scan on title t  (cost=0.00..67604.59 rows=164776 width=4) (actual time=0.032..1029.810 rows=164307 loops=1)
                          Filter: (production_year = 2012)
                          Rows Removed by Filter: 2364005
Planning time: 0.763 ms
Execution time: 10922.942 ms
