Hash Join  (cost=90601.07..1273982.87 rows=14560764 width=0) (actual time=1702.437..36872.818 rows=16423003 loops=1)
  Hash Cond: (ci.movie_id = t.id)
  ->  Seq Scan on cast_info ci  (cost=0.00..614943.12 rows=36225612 width=4) (actual time=0.024..11911.102 rows=36244344 loops=1)
  ->  Hash  (cost=73925.90..73925.90 rows=1016333 width=4) (actual time=1701.293..1701.293 rows=1107438 loops=1)
        Buckets: 131072  Batches: 16  Memory Usage: 3463kB
        ->  Seq Scan on title t  (cost=0.00..73925.90 rows=1016333 width=4) (actual time=0.006..1351.635 rows=1107438 loops=1)
              Filter: ((kind_id > 1) AND (production_year > 2000))
              Rows Removed by Filter: 1420874
Planning time: 0.695 ms
Execution time: 38785.034 ms
