Hash Join  (cost=834301.82..3376154.12 rows=112085597 width=0) (actual time=18235.500..72053.740 rows=73247809 loops=1)
  Hash Cond: (ci.movie_id = t.id)
  ->  Seq Scan on cast_info ci  (cost=0.00..705507.15 rows=31554923 width=4) (actual time=973.924..16504.370 rows=31605208 loops=1)
        Filter: (role_id < 10)
        Rows Removed by Filter: 4639136
  ->  Hash  (cost=686947.71..686947.71 rows=8981529 width=8) (actual time=17260.497..17260.497 rows=3963336 loops=1)
        Buckets: 131072  Batches: 128  Memory Usage: 2196kB
        ->  Hash Join  (cost=92883.59..686947.71 rows=8981529 width=8) (actual time=1668.928..16079.371 rows=3963336 loops=1)
              Hash Cond: (mi.movie_id = t.id)
              ->  Seq Scan on movie_info mi  (cost=0.00..309384.22 rows=14739122 width=4) (actual time=0.019..5629.298 rows=14835720 loops=1)
              ->  Hash  (cost=67604.59..67604.59 rows=1540800 width=4) (actual time=1579.566..1579.566 rows=1543264 loops=1)
                    Buckets: 131072  Batches: 32  Memory Usage: 2728kB
                    ->  Seq Scan on title t  (cost=0.00..67604.59 rows=1540800 width=4) (actual time=0.013..1099.727 rows=1543264 loops=1)
                          Filter: (kind_id = 7)
                          Rows Removed by Filter: 985048
Planning time: 1.066 ms
Execution time: 80105.801 ms
