Nested Loop  (cost=0.43..709674.40 rows=12 width=0) (actual time=6054.273..10110.591 rows=34 loops=1)
  ->  Seq Scan on cast_info ci  (cost=0.00..705507.15 rows=500 width=4) (actual time=713.433..10059.957 rows=1858 loops=1)
        Filter: (person_id = 2285099)
        Rows Removed by Filter: 36242486
  ->  Index Scan using title_pkey on title t  (cost=0.43..8.32 rows=1 width=4) (actual time=0.027..0.027 rows=0 loops=1858)
        Index Cond: (id = ci.movie_id)
        Filter: ((kind_id = 7) AND (production_year = 2005))
        Rows Removed by Filter: 1
Planning time: 0.778 ms
Execution time: 10110.715 ms
