Seq Scan on movie_keyword mk  (cost=0.00..81003.12 rows=3455488 width=0) (actual time=0.010..1407.565 rows=3445068 loops=1)
  Filter: (keyword_id > 1082)
  Rows Removed by Filter: 1078862
Planning time: 0.331 ms
Execution time: 1831.018 ms
