Seq Scan on movie_companies mc  (cost=0.00..57926.93 rows=566597 width=0) (actual time=0.010..965.190 rows=776355 loops=1)
  Filter: ((company_id < 9027) AND (company_type_id < 2))
  Rows Removed by Filter: 1832774
Planning time: 0.245 ms
Execution time: 1063.797 ms
