Hash Join  (cost=935710.40..979649.10 rows=364022 width=0) (actual time=15685.272..17212.203 rows=939332 loops=1)
  Hash Cond: (mi_idx.movie_id = t.id)
  ->  Seq Scan on movie_info_idx mi_idx  (cost=0.00..21735.35 rows=1380035 width=4) (actual time=0.015..424.073 rows=1380035 loops=1)
  ->  Hash  (cost=924767.28..924767.28 rows=666969 width=8) (actual time=15684.386..15684.386 rows=1145836 loops=1)
        Buckets: 131072  Batches: 16  Memory Usage: 3806kB
        ->  Hash Join  (cost=102767.86..924767.28 rows=666969 width=8) (actual time=10671.462..15364.742 rows=1145836 loops=1)
              Hash Cond: (ci.movie_id = t.id)
              ->  Seq Scan on cast_info ci  (cost=0.00..796071.18 rows=666969 width=4) (actual time=8354.388..11741.211 rows=1145836 loops=1)
                    Filter: ((person_id > 2808181) AND (role_id = 4))
                    Rows Removed by Filter: 35098508
              ->  Hash  (cost=61283.27..61283.27 rows=2528527 width=4) (actual time=2314.852..2314.852 rows=2528312 loops=1)
                    Buckets: 131072  Batches: 64  Memory Usage: 2415kB
                    ->  Seq Scan on title t  (cost=0.00..61283.27 rows=2528527 width=4) (actual time=0.022..970.762 rows=2528312 loops=1)
Planning time: 1.998 ms
Execution time: 17330.821 ms
