Hash Join  (cost=76600.09..983556.44 rows=1060305 width=0) (actual time=1641.072..21647.987 rows=1674882 loops=1)
  Hash Cond: (ci.movie_id = t.id)
  ->  Seq Scan on cast_info ci  (cost=0.00..705507.15 rows=16450439 width=4) (actual time=3.696..12335.417 rows=16304531 loops=1)
        Filter: (person_id < 1614817)
        Rows Removed by Filter: 19939813
  ->  Hash  (cost=73925.90..73925.90 rows=162975 width=4) (actual time=1198.096..1198.096 rows=264037 loops=1)
        Buckets: 131072  Batches: 4  Memory Usage: 3348kB
        ->  Seq Scan on title t  (cost=0.00..73925.90 rows=162975 width=4) (actual time=0.024..1111.129 rows=264037 loops=1)
              Filter: ((kind_id < 7) AND (production_year < 1973))
              Rows Removed by Filter: 2264275
Planning time: 0.757 ms
Execution time: 21842.173 ms
