Hash Join  (cost=95485.60..460760.46 rows=61893 width=0) (actual time=1635.143..8672.318 rows=192279 loops=1)
  Hash Cond: (mi.movie_id = t.id)
  ->  Seq Scan on movie_info mi  (cost=0.00..309384.22 rows=14739122 width=4) (actual time=0.011..3821.525 rows=14835720 loops=1)
  ->  Hash  (cost=95352.87..95352.87 rows=10618 width=8) (actual time=1604.165..1604.165 rows=12483 loops=1)
        Buckets: 16384  Batches: 1  Memory Usage: 616kB
        ->  Hash Join  (cost=68332.59..95352.87 rows=10618 width=8) (actual time=1022.292..1598.709 rows=12483 loops=1)
              Hash Cond: (mi_idx.movie_id = t.id)
              ->  Seq Scan on movie_info_idx mi_idx  (cost=0.00..25185.44 rows=460978 width=4) (actual time=0.023..429.893 rows=459925 loops=1)
                    Filter: (info_type_id = 99)
                    Rows Removed by Filter: 920110
              ->  Hash  (cost=67604.59..67604.59 rows=58240 width=4) (actual time=1021.735..1021.735 rows=58590 loops=1)
                    Buckets: 65536  Batches: 1  Memory Usage: 2572kB
                    ->  Seq Scan on title t  (cost=0.00..67604.59 rows=58240 width=4) (actual time=0.024..998.558 rows=58590 loops=1)
                          Filter: (production_year = 2001)
                          Rows Removed by Filter: 2469722
Planning time: 1.166 ms
Execution time: 8701.834 ms
