Seq Scan on cast_info ci  (cost=0.00..705507.15 rows=34081730 width=0) (actual time=0.027..12376.507 rows=34158858 loops=1)
  Filter: (person_id > 204442)
  Rows Removed by Filter: 2085486
Planning time: 0.350 ms
Execution time: 16655.247 ms
