Seq Scan on cast_info ci  (cost=0.00..796071.18 rows=2281041 width=0) (actual time=0.023..12526.948 rows=1029402 loops=1)
  Filter: ((person_id > 2568825) AND (role_id = 2))
  Rows Removed by Filter: 35214942
Planning time: 0.386 ms
Execution time: 12639.967 ms
