Nested Loop  (cost=0.43..709673.15 rows=150 width=0) (actual time=7751.539..8734.801 rows=1 loops=1)
  ->  Seq Scan on cast_info ci  (cost=0.00..705507.15 rows=500 width=4) (actual time=7751.382..8734.642 rows=1 loops=1)
        Filter: (person_id = 3038717)
        Rows Removed by Filter: 36244343
  ->  Index Scan using title_pkey on title t  (cost=0.43..8.32 rows=1 width=4) (actual time=0.067..0.068 rows=1 loops=1)
        Index Cond: (id = ci.movie_id)
        Filter: (kind_id < 3)
Planning time: 0.710 ms
Execution time: 8734.908 ms
