Hash Join  (cost=709678.15..771193.68 rows=189 width=0) (actual time=9157.162..10115.345 rows=129 loops=1)
  Hash Cond: (mc.movie_id = t.id)
  ->  Seq Scan on movie_companies mc  (cost=0.00..57926.93 rows=956455 width=4) (actual time=0.014..896.817 rows=805626 loops=1)
        Filter: ((company_id > 892) AND (company_type_id = 1))
        Rows Removed by Filter: 1803503
  ->  Hash  (cost=709671.90..709671.90 rows=500 width=8) (actual time=9139.903..9139.903 rows=35 loops=1)
        Buckets: 1024  Batches: 1  Memory Usage: 10kB
        ->  Nested Loop  (cost=0.43..709671.90 rows=500 width=8) (actual time=948.430..9139.833 rows=35 loops=1)
              ->  Seq Scan on cast_info ci  (cost=0.00..705507.15 rows=500 width=4) (actual time=948.370..9138.646 rows=35 loops=1)
                    Filter: (person_id = 649715)
                    Rows Removed by Filter: 36244309
              ->  Index Only Scan using title_pkey on title t  (cost=0.43..8.32 rows=1 width=4) (actual time=0.030..0.030 rows=1 loops=35)
                    Index Cond: (id = ci.movie_id)
                    Heap Fetches: 35
Planning time: 1.173 ms
Execution time: 10115.476 ms
