Hash Join  (cost=150539.25..285221.69 rows=824926 width=0) (actual time=4512.597..6080.123 rows=599786 loops=1)
  Hash Cond: (mk.movie_id = t.id)
  ->  Seq Scan on movie_keyword mk  (cost=0.00..81003.12 rows=3740547 width=4) (actual time=0.015..1647.057 rows=3733502 loops=1)
        Filter: (keyword_id < 23720)
        Rows Removed by Filter: 790428
  ->  Hash  (cost=141389.85..141389.85 rows=557632 width=8) (actual time=2847.671..2847.671 rows=283812 loops=1)
        Buckets: 131072  Batches: 8  Memory Usage: 2415kB
        ->  Hash Join  (cost=92883.59..141389.85 rows=557632 width=8) (actual time=1913.264..2772.379 rows=283812 loops=1)
              Hash Cond: (mi_idx.movie_id = t.id)
              ->  Seq Scan on movie_info_idx mi_idx  (cost=0.00..25185.44 rows=915101 width=4) (actual time=0.013..532.078 rows=919850 loops=1)
                    Filter: (info_type_id < 101)
                    Rows Removed by Filter: 460185
              ->  Hash  (cost=67604.59..67604.59 rows=1540800 width=4) (actual time=1536.598..1536.598 rows=1543264 loops=1)
                    Buckets: 131072  Batches: 32  Memory Usage: 2722kB
                    ->  Seq Scan on title t  (cost=0.00..67604.59 rows=1540800 width=4) (actual time=0.007..1035.089 rows=1543264 loops=1)
                          Filter: (kind_id = 7)
                          Rows Removed by Filter: 985048
Planning time: 1.072 ms
Execution time: 6147.923 ms
