Hash Join  (cost=83074.74..447745.01 rows=1434 width=0) (actual time=1211.953..7877.165 rows=9696 loops=1)
  Hash Cond: (mi.movie_id = t.id)
  ->  Seq Scan on movie_info mi  (cost=0.00..309384.22 rows=14739122 width=4) (actual time=0.012..3698.448 rows=14835720 loops=1)
  ->  Hash  (cost=83071.67..83071.67 rows=246 width=8) (actual time=1208.672..1208.672 rows=1624 loops=1)
        Buckets: 2048 (originally 1024)  Batches: 1 (originally 1)  Memory Usage: 80kB
        ->  Nested Loop  (cost=0.43..83071.67 rows=246 width=8) (actual time=0.960..1207.841 rows=1624 loops=1)
              ->  Seq Scan on movie_keyword mk  (cost=0.00..81003.12 rows=246 width=4) (actual time=0.906..1179.787 rows=1624 loops=1)
                    Filter: (keyword_id = 21304)
                    Rows Removed by Filter: 4522306
              ->  Index Only Scan using title_pkey on title t  (cost=0.43..8.40 rows=1 width=4) (actual time=0.016..0.016 rows=1 loops=1624)
                    Index Cond: (id = mk.movie_id)
                    Heap Fetches: 1624
Planning time: 1.187 ms
Execution time: 7879.136 ms
