Hash Join  (cost=91901.05..1286949.98 rows=15696576 width=0) (actual time=1492.747..41834.067 rows=17519245 loops=1)
  Hash Cond: (ci.movie_id = t.id)
  ->  Seq Scan on cast_info ci  (cost=0.00..614943.12 rows=36225612 width=4) (actual time=0.018..12187.155 rows=36244344 loops=1)
  ->  Hash  (cost=73925.90..73925.90 rows=1095612 width=4) (actual time=1491.672..1491.672 rows=1189548 loops=1)
        Buckets: 131072  Batches: 16  Memory Usage: 3647kB
        ->  Seq Scan on title t  (cost=0.00..73925.90 rows=1095612 width=4) (actual time=0.017..1012.744 rows=1189548 loops=1)
              Filter: ((production_year > 1988) AND (kind_id = 7))
              Rows Removed by Filter: 1338764
Planning time: 1.362 ms
Execution time: 43854.520 ms
