Hash Join  (cost=74282.22..162820.70 rows=21992 width=0) (actual time=1153.354..2956.802 rows=14192 loops=1)
  Hash Cond: (mk.movie_id = t.id)
  ->  Seq Scan on movie_keyword mk  (cost=0.00..81003.12 rows=1950782 width=4) (actual time=0.024..1447.269 rows=1958436 loops=1)
        Filter: (keyword_id > 6510)
        Rows Removed by Filter: 2565494
  ->  Hash  (cost=73925.90..73925.90 rows=28505 width=4) (actual time=1152.668..1152.668 rows=30662 loops=1)
        Buckets: 32768  Batches: 1  Memory Usage: 1334kB
        ->  Seq Scan on title t  (cost=0.00..73925.90 rows=28505 width=4) (actual time=0.040..1139.396 rows=30662 loops=1)
              Filter: ((kind_id > 2) AND (production_year = 1997))
              Rows Removed by Filter: 2497650
Planning time: 0.724 ms
Execution time: 2959.038 ms
