Hash Join  (cost=236538.43..738544.58 rows=3111456 width=0) (actual time=5229.911..16207.657 rows=2083759 loops=1)
  Hash Cond: (mi.movie_id = t.id)
  ->  Seq Scan on movie_info mi  (cost=0.00..346232.03 rows=9476311 width=4) (actual time=0.028..5963.164 rows=9565151 loops=1)
        Filter: (info_type_id < 16)
        Rows Removed by Filter: 5270569
  ->  Hash  (cost=222916.70..222916.70 rows=830218 width=8) (actual time=5227.777..5227.777 rows=295779 loops=1)
        Buckets: 131072  Batches: 16  Memory Usage: 1754kB
        ->  Hash Join  (cost=81925.97..222916.70 rows=830218 width=8) (actual time=1365.547..5016.718 rows=295779 loops=1)
              Hash Cond: (mk.movie_id = t.id)
              ->  Seq Scan on movie_keyword mk  (cost=0.00..81003.12 rows=4305181 width=4) (actual time=0.012..1748.155 rows=4303490 loops=1)
                    Filter: (keyword_id < 64650)
                    Rows Removed by Filter: 220440
              ->  Hash  (cost=73925.90..73925.90 rows=487605 width=4) (actual time=1364.482..1364.482 rows=501779 loops=1)
                    Buckets: 131072  Batches: 8  Memory Usage: 3237kB
                    ->  Seq Scan on title t  (cost=0.00..73925.90 rows=487605 width=4) (actual time=0.014..1196.158 rows=501779 loops=1)
                          Filter: ((kind_id > 1) AND (production_year > 2008))
                          Rows Removed by Filter: 2026533
Planning time: 1.123 ms
Execution time: 16455.870 ms
