Seq Scan on movie_keyword mk  (cost=0.00..81003.12 rows=2535959 width=0) (actual time=0.023..1575.303 rows=2529389 loops=1)
  Filter: (keyword_id < 6283)
  Rows Removed by Filter: 1994541
Planning time: 1.836 ms
Execution time: 1914.320 ms
