Hash Join  (cost=74456.32..132497.16 rows=488 width=0) (actual time=1236.702..1740.832 rows=3268 loops=1)
  Hash Cond: (mc.movie_id = t.id)
  ->  Seq Scan on movie_companies mc  (cost=0.00..57926.93 rows=29074 width=4) (actual time=300.467..787.924 rows=55957 loops=1)
        Filter: ((company_id > 186830) AND (company_type_id > 1))
        Rows Removed by Filter: 2553172
  ->  Hash  (cost=73925.90..73925.90 rows=42433 width=4) (actual time=935.813..935.813 rows=37411 loops=1)
        Buckets: 65536  Batches: 1  Memory Usage: 1828kB
        ->  Seq Scan on title t  (cost=0.00..73925.90 rows=42433 width=4) (actual time=0.040..920.528 rows=37411 loops=1)
              Filter: ((kind_id = 1) AND (production_year = 2011))
              Rows Removed by Filter: 2490901
Planning time: 0.738 ms
Execution time: 1741.575 ms
