Hash Join  (cost=74152.53..827539.14 rows=259744 width=0) (actual time=590.161..16471.557 rows=283607 loops=1)
  Hash Cond: (ci.movie_id = t.id)
  ->  Seq Scan on cast_info ci  (cost=0.00..614943.12 rows=36225612 width=4) (actual time=0.021..7224.384 rows=36244344 loops=1)
  ->  Hash  (cost=73925.90..73925.90 rows=18130 width=4) (actual time=589.679..589.679 rows=18886 loops=1)
        Buckets: 32768  Batches: 1  Memory Usage: 920kB
        ->  Seq Scan on title t  (cost=0.00..73925.90 rows=18130 width=4) (actual time=0.051..583.727 rows=18886 loops=1)
              Filter: ((kind_id = 7) AND (production_year = 1994))
              Rows Removed by Filter: 2509426
Planning time: 0.731 ms
Execution time: 16513.144 ms
