Hash Join  (cost=137223.76..941437.82 rows=44298 width=0) (actual time=3198.683..12358.793 rows=113223 loops=1)
  Hash Cond: (ci.movie_id = t.id)
  ->  Seq Scan on cast_info ci  (cost=0.00..796071.18 rows=2053306 width=4) (actual time=770.461..9383.855 rows=2200487 loops=1)
        Filter: ((person_id < 223719) AND (role_id < 10))
        Rows Removed by Filter: 34043857
  ->  Hash  (cost=136541.89..136541.89 rows=54550 width=8) (actual time=2427.779..2427.779 rows=50503 loops=1)
        Buckets: 65536  Batches: 1  Memory Usage: 2485kB
        ->  Hash Join  (cost=69374.09..136541.89 rows=54550 width=8) (actual time=1044.933..2413.317 rows=50503 loops=1)
              Hash Cond: (mc.movie_id = t.id)
              ->  Seq Scan on movie_companies mc  (cost=0.00..51404.11 rows=1279517 width=4) (actual time=0.019..730.382 rows=1274246 loops=1)
                    Filter: (company_type_id = 1)
                    Rows Removed by Filter: 1334883
              ->  Hash  (cost=67604.59..67604.59 rows=107800 width=4) (actual time=1044.227..1044.227 rows=108429 loops=1)
                    Buckets: 131072  Batches: 2  Memory Usage: 2931kB
                    ->  Seq Scan on title t  (cost=0.00..67604.59 rows=107800 width=4) (actual time=0.037..1002.312 rows=108429 loops=1)
                          Filter: (production_year = 2006)
                          Rows Removed by Filter: 2419883
Planning time: 1.090 ms
Execution time: 12373.108 ms
