Seq Scan on cast_info ci  (cost=0.00..705507.15 rows=500 width=0) (actual time=6552.797..9817.198 rows=1 loops=1)
  Filter: (person_id = 3249838)
  Rows Removed by Filter: 36244343
Planning time: 0.625 ms
Execution time: 9817.284 ms
