Seq Scan on movie_companies mc  (cost=0.00..57926.93 rows=359125 width=0) (actual time=245.584..858.993 rows=672733 loops=1)
  Filter: ((company_id > 43941) AND (company_type_id = 2))
  Rows Removed by Filter: 1936396
Planning time: 0.366 ms
Execution time: 947.027 ms
