Hash Join  (cost=1090513.96..2020615.09 rows=33568069 width=0) (actual time=24973.818..64069.925 rows=88049441 loops=1)
  Hash Cond: (mi.movie_id = t.id)
  ->  Seq Scan on movie_info mi  (cost=0.00..309384.22 rows=14739122 width=4) (actual time=0.026..5702.342 rows=14835720 loops=1)
  ->  Hash  (cost=996035.56..996035.56 rows=5758672 width=8) (actual time=24970.649..24970.649 rows=6579428 loops=1)
        Buckets: 131072  Batches: 128  Memory Usage: 3017kB
        ->  Hash Join  (cost=87180.69..996035.56 rows=5758672 width=8) (actual time=6208.659..23050.689 rows=6579428 loops=1)
              Hash Cond: (ci.movie_id = t.id)
              ->  Seq Scan on cast_info ci  (cost=0.00..705507.15 rows=12203201 width=4) (actual time=4734.808..13209.773 rows=12113646 loops=1)
                    Filter: (role_id > 3)
                    Rows Removed by Filter: 24130698
              ->  Hash  (cost=67604.59..67604.59 rows=1193208 width=4) (actual time=1472.839..1472.839 rows=1192518 loops=1)
                    Buckets: 131072  Batches: 16  Memory Usage: 3646kB
                    ->  Seq Scan on title t  (cost=0.00..67604.59 rows=1193208 width=4) (actual time=0.024..1101.828 rows=1192518 loops=1)
                          Filter: (production_year > 2003)
                          Rows Removed by Filter: 1335794
Planning time: 1.173 ms
Execution time: 73721.993 ms
