Hash Join  (cost=102767.86..964820.19 rows=6095211 width=0) (actual time=2289.397..17758.451 rows=5994772 loops=1)
  Hash Cond: (ci.movie_id = t.id)
  ->  Seq Scan on cast_info ci  (cost=0.00..705507.15 rows=6095211 width=4) (actual time=523.494..10724.215 rows=5994772 loops=1)
        Filter: (person_id < 579922)
        Rows Removed by Filter: 30249572
  ->  Hash  (cost=61283.27..61283.27 rows=2528527 width=4) (actual time=1763.822..1763.822 rows=2528312 loops=1)
        Buckets: 131072  Batches: 64  Memory Usage: 2415kB
        ->  Seq Scan on title t  (cost=0.00..61283.27 rows=2528527 width=4) (actual time=0.022..893.553 rows=2528312 loops=1)
Planning time: 0.704 ms
Execution time: 18481.434 ms
