Seq Scan on movie_companies mc  (cost=0.00..51404.11 rows=104 width=0) (actual time=116.021..702.494 rows=68 loops=1)
  Filter: (company_id = 19144)
  Rows Removed by Filter: 2609061
Planning time: 0.288 ms
Execution time: 702.580 ms
