Seq Scan on cast_info ci  (cost=0.00..705507.15 rows=9456172 width=0) (actual time=2679.457..10800.480 rows=9449453 loops=1)
  Filter: (person_id > 2760631)
  Rows Removed by Filter: 26794891
Planning time: 0.341 ms
Execution time: 12006.284 ms
