Seq Scan on cast_info ci  (cost=0.00..705507.15 rows=500 width=0) (actual time=1550.707..10841.335 rows=121 loops=1)
  Filter: (person_id = 222358)
  Rows Removed by Filter: 36244223
Planning time: 0.339 ms
Execution time: 10841.418 ms
