Hash Join  (cost=215590.86..265209.45 rows=695111 width=0) (actual time=5176.262..7741.448 rows=2130140 loops=1)
  Hash Cond: (mi_idx.movie_id = t.id)
  ->  Seq Scan on movie_info_idx mi_idx  (cost=0.00..21735.35 rows=1380035 width=4) (actual time=0.019..377.565 rows=1380035 loops=1)
  ->  Hash  (cost=194695.91..194695.91 rows=1273596 width=8) (actual time=5175.210..5175.210 rows=1263574 loops=1)
        Buckets: 131072  Batches: 32  Memory Usage: 2534kB
        ->  Hash Join  (cost=102767.86..194695.91 rows=1273596 width=8) (actual time=2368.028..4795.208 rows=1263574 loops=1)
              Hash Cond: (mc.movie_id = t.id)
              ->  Seq Scan on movie_companies mc  (cost=0.00..51404.11 rows=1273596 width=4) (actual time=0.017..953.916 rows=1263574 loops=1)
                    Filter: (company_id < 11203)
                    Rows Removed by Filter: 1345555
              ->  Hash  (cost=61283.27..61283.27 rows=2528527 width=4) (actual time=2366.567..2366.567 rows=2528312 loops=1)
                    Buckets: 131072  Batches: 64  Memory Usage: 2415kB
                    ->  Seq Scan on title t  (cost=0.00..61283.27 rows=2528527 width=4) (actual time=0.023..943.388 rows=2528312 loops=1)
Planning time: 1.043 ms
Execution time: 8017.699 ms
