Seq Scan on cast_info ci  (cost=0.00..796071.18 rows=3378660 width=0) (actual time=7625.756..12898.645 rows=4020327 loops=1)
  Filter: ((person_id > 757104) AND (role_id = 10))
  Rows Removed by Filter: 32224017
Planning time: 0.363 ms
Execution time: 13326.668 ms
