Seq Scan on movie_companies mc  (cost=0.00..51404.11 rows=1917260 width=0) (actual time=0.063..893.588 rows=1926604 loops=1)
  Filter: (company_id > 1190)
  Rows Removed by Filter: 682525
Planning time: 0.336 ms
Execution time: 1139.443 ms
