Hash Join  (cost=104089.64..473064.23 rows=62799 width=0) (actual time=3636.666..9471.535 rows=444610 loops=1)
  Hash Cond: (mi.movie_id = t.id)
  ->  Seq Scan on movie_info mi  (cost=0.00..346232.03 rows=5897221 width=4) (actual time=1439.363..5618.478 rows=5884963 loops=1)
        Filter: (info_type_id < 7)
        Rows Removed by Filter: 8950757
  ->  Hash  (cost=103753.07..103753.07 rows=26926 width=8) (actual time=2195.479..2195.479 rows=64361 loops=1)
        Buckets: 65536 (originally 32768)  Batches: 1 (originally 1)  Memory Usage: 3027kB
        ->  Hash Join  (cost=74851.90..103753.07 rows=26926 width=8) (actual time=1136.794..2176.579 rows=64361 loops=1)
              Hash Cond: (mi_idx.movie_id = t.id)
              ->  Seq Scan on movie_info_idx mi_idx  (cost=0.00..25185.44 rows=919057 width=4) (actual time=0.031..486.786 rows=920110 loops=1)
                    Filter: (info_type_id > 99)
                    Rows Removed by Filter: 459925
              ->  Hash  (cost=73925.90..73925.90 rows=74080 width=4) (actual time=1136.030..1136.030 rows=173895 loops=1)
                    Buckets: 131072 (originally 131072)  Batches: 2 (originally 1)  Memory Usage: 4084kB
                    ->  Seq Scan on title t  (cost=0.00..73925.90 rows=74080 width=4) (actual time=0.248..1066.965 rows=173895 loops=1)
                          Filter: ((kind_id < 7) AND (production_year < 1954))
                          Rows Removed by Filter: 2354417
Planning time: 1.248 ms
Execution time: 9531.624 ms
