Hash Join  (cost=162968.91..289596.59 rows=379664 width=0) (actual time=2717.364..6084.219 rows=1678925 loops=1)
  Hash Cond: (mk.movie_id = t.id)
  ->  Seq Scan on movie_keyword mk  (cost=0.00..69693.30 rows=4523930 width=4) (actual time=0.018..1217.050 rows=4523930 loops=1)
  ->  Hash  (cost=159487.37..159487.37 rows=212203 width=8) (actual time=2716.294..2716.294 rows=179899 loops=1)
        Buckets: 131072  Batches: 4  Memory Usage: 2790kB
        ->  Hash Join  (cost=89119.65..159487.37 rows=212203 width=8) (actual time=1415.658..2653.892 rows=179899 loops=1)
              Hash Cond: (mc.movie_id = t.id)
              ->  Seq Scan on movie_companies mc  (cost=0.00..57926.93 rows=579401 width=4) (actual time=0.022..829.087 rows=367452 loops=1)
                    Filter: ((company_id < 8339) AND (company_type_id > 1))
                    Rows Removed by Filter: 2241677
              ->  Hash  (cost=73925.90..73925.90 rows=926060 width=4) (actual time=1414.302..1414.302 rows=888508 loops=1)
                    Buckets: 131072  Batches: 16  Memory Usage: 2976kB
                    ->  Seq Scan on title t  (cost=0.00..73925.90 rows=926060 width=4) (actual time=0.044..1143.500 rows=888508 loops=1)
                          Filter: ((kind_id < 7) AND (production_year > 1920))
                          Rows Removed by Filter: 1639804
Planning time: 1.137 ms
Execution time: 6297.140 ms
