Seq Scan on cast_info ci  (cost=0.00..796071.18 rows=7998599 width=0) (actual time=0.028..11639.323 rows=3398998 loops=1)
  Filter: ((person_id < 1206457) AND (role_id > 1))
  Rows Removed by Filter: 32845346
Planning time: 4.763 ms
Execution time: 12071.876 ms
