Hash Join  (cost=81530.55..438120.71 rows=158430 width=0) (actual time=1569.348..6679.471 rows=106989 loops=1)
  Hash Cond: (mi.movie_id = t.id)
  ->  Seq Scan on movie_info mi  (cost=0.00..346232.03 rows=471955 width=4) (actual time=228.337..4900.585 rows=543367 loops=1)
        Filter: (info_type_id > 98)
        Rows Removed by Filter: 14292353
  ->  Hash  (cost=67604.59..67604.59 rows=848797 width=4) (actual time=1338.663..1338.663 rows=849141 loops=1)
        Buckets: 131072  Batches: 16  Memory Usage: 2900kB
        ->  Seq Scan on title t  (cost=0.00..67604.59 rows=848797 width=4) (actual time=0.025..1051.614 rows=849141 loops=1)
              Filter: (production_year < 1996)
              Rows Removed by Filter: 1679171
Planning time: 0.902 ms
Execution time: 6693.705 ms
