Hash Join  (cost=205472.99..1397592.10 rows=3514640 width=0) (actual time=3962.589..36072.043 rows=1441821 loops=1)
  Hash Cond: (ci.movie_id = t.id)
  ->  Seq Scan on cast_info ci  (cost=0.00..705507.15 rows=35159118 width=4) (actual time=0.017..16940.631 rows=35152614 loops=1)
        Filter: (person_id < 3849946)
        Rows Removed by Filter: 1091730
  ->  Hash  (cost=201325.48..201325.48 rows=252761 width=8) (actual time=3961.423..3961.423 rows=39663 loops=1)
        Buckets: 131072  Batches: 4  Memory Usage: 1408kB
        ->  Hash Join  (cost=76243.83..201325.48 rows=252761 width=8) (actual time=1309.850..3947.197 rows=39663 loops=1)
              Hash Cond: (mk.movie_id = t.id)
              ->  Seq Scan on movie_keyword mk  (cost=0.00..69693.30 rows=4523930 width=4) (actual time=0.015..1245.240 rows=4523930 loops=1)
              ->  Hash  (cost=73925.90..73925.90 rows=141274 width=4) (actual time=1309.084..1309.084 rows=150659 loops=1)
                    Buckets: 131072  Batches: 2  Memory Usage: 3679kB
                    ->  Seq Scan on title t  (cost=0.00..73925.90 rows=141274 width=4) (actual time=0.024..1252.977 rows=150659 loops=1)
                          Filter: ((production_year > 2011) AND (kind_id = 7))
                          Rows Removed by Filter: 2377653
Planning time: 1.206 ms
Execution time: 36237.747 ms
