Seq Scan on cast_info ci  (cost=0.00..796071.18 rows=3119101 width=0) (actual time=2704.536..12696.239 rows=1054056 loops=1)
  Filter: ((person_id < 1932278) AND (role_id > 8))
  Rows Removed by Filter: 35190288
Planning time: 0.291 ms
Execution time: 12838.032 ms
