Hash Join  (cost=74144.15..164210.29 rows=16387 width=0) (actual time=902.595..2614.253 rows=34076 loops=1)
  Hash Cond: (mk.movie_id = t.id)
  ->  Seq Scan on movie_keyword mk  (cost=0.00..81003.12 rows=2373105 width=4) (actual time=0.016..1316.011 rows=2366732 loops=1)
        Filter: (keyword_id > 4095)
        Rows Removed by Filter: 2157198
  ->  Hash  (cost=73925.90..73925.90 rows=17460 width=4) (actual time=902.028..902.028 rows=11362 loops=1)
        Buckets: 32768  Batches: 1  Memory Usage: 656kB
        ->  Seq Scan on title t  (cost=0.00..73925.90 rows=17460 width=4) (actual time=0.004..896.603 rows=11362 loops=1)
              Filter: ((kind_id < 3) AND (production_year = 2001))
              Rows Removed by Filter: 2516950
Planning time: 0.551 ms
Execution time: 2619.094 ms
