Hash Join  (cost=508567.53..1752121.51 rows=16723038 width=0) (actual time=8805.998..41310.560 rows=10035097 loops=1)
  Hash Cond: (ci.movie_id = t.id)
  ->  Seq Scan on cast_info ci  (cost=0.00..705507.15 rows=31618798 width=4) (actual time=0.027..15492.138 rows=31600734 loops=1)
        Filter: (person_id < 3218585)
        Rows Removed by Filter: 4643610
  ->  Hash  (cost=486626.96..486626.96 rows=1337326 width=8) (actual time=8804.625..8804.625 rows=370692 loops=1)
        Buckets: 131072  Batches: 32  Memory Usage: 1463kB
        ->  Hash Join  (cost=92883.59..486626.96 rows=1337326 width=8) (actual time=3273.087..8682.365 rows=370692 loops=1)
              Hash Cond: (mi.movie_id = t.id)
              ->  Seq Scan on movie_info mi  (cost=0.00..346232.03 rows=2194617 width=4) (actual time=1545.463..5531.813 rows=2233850 loops=1)
                    Filter: (info_type_id > 16)
                    Rows Removed by Filter: 12601870
              ->  Hash  (cost=67604.59..67604.59 rows=1540800 width=4) (actual time=1714.478..1714.478 rows=1543264 loops=1)
                    Buckets: 131072  Batches: 32  Memory Usage: 2728kB
                    ->  Seq Scan on title t  (cost=0.00..67604.59 rows=1540800 width=4) (actual time=200.505..1209.800 rows=1543264 loops=1)
                          Filter: (kind_id = 7)
                          Rows Removed by Filter: 985048
Planning time: 1.181 ms
Execution time: 42449.804 ms
