Seq Scan on cast_info ci  (cost=0.00..796071.18 rows=3687587 width=0) (actual time=0.025..11675.812 rows=4756571 loops=1)
  Filter: ((person_id < 637768) AND (role_id < 3))
  Rows Removed by Filter: 31487773
Planning time: 0.370 ms
Execution time: 12263.020 ms
