Seq Scan on movie_companies mc  (cost=0.00..51404.11 rows=1107151 width=0) (actual time=0.021..830.624 rows=1098676 loops=1)
  Filter: (company_id < 7540)
  Rows Removed by Filter: 1510453
Planning time: 0.392 ms
Execution time: 962.650 ms
