Hash Join  (cost=73950.44..425211.53 rows=1039 width=0) (actual time=3970.966..5495.618 rows=4302 loops=1)
  Hash Cond: (mi.movie_id = t.id)
  ->  Seq Scan on movie_info mi  (cost=0.00..346232.03 rows=1338312 width=4) (actual time=2921.353..4462.493 rows=1401902 loops=1)
        Filter: (info_type_id = 7)
        Rows Removed by Filter: 13433818
  ->  Hash  (cost=73925.90..73925.90 rows=1963 width=4) (actual time=876.118..876.118 rows=4466 loops=1)
        Buckets: 8192 (originally 2048)  Batches: 1 (originally 1)  Memory Usage: 222kB
        ->  Seq Scan on title t  (cost=0.00..73925.90 rows=1963 width=4) (actual time=0.143..873.991 rows=4466 loops=1)
              Filter: ((kind_id = 1) AND (production_year = 1980))
              Rows Removed by Filter: 2523846
Planning time: 0.763 ms
Execution time: 5496.286 ms
