Hash Join  (cost=829942.05..1561175.86 rows=1116815 width=0) (actual time=18203.879..32697.809 rows=7581577 loops=1)
  Hash Cond: (mi.movie_id = t.id)
  ->  Seq Scan on movie_info mi  (cost=0.00..309384.22 rows=14739122 width=4) (actual time=0.018..5276.636 rows=14835720 loops=1)
  ->  Hash  (cost=826798.15..826798.15 rows=191592 width=8) (actual time=18202.726..18202.726 rows=152162 loops=1)
        Buckets: 131072  Batches: 4  Memory Usage: 2478kB
        ->  Hash Join  (cost=74093.07..826798.15 rows=191592 width=8) (actual time=1059.032..16766.503 rows=152162 loops=1)
              Hash Cond: (ci.movie_id = t.id)
              ->  Seq Scan on cast_info ci  (cost=0.00..614943.12 rows=36225612 width=4) (actual time=0.018..7695.019 rows=36244344 loops=1)
              ->  Hash  (cost=73925.90..73925.90 rows=13373 width=4) (actual time=1058.595..1058.595 rows=7578 loops=1)
                    Buckets: 16384  Batches: 1  Memory Usage: 395kB
                    ->  Seq Scan on title t  (cost=0.00..73925.90 rows=13373 width=4) (actual time=0.120..1055.005 rows=7578 loops=1)
                          Filter: ((kind_id = 1) AND (production_year = 1999))
                          Rows Removed by Filter: 2520734
Planning time: 1.234 ms
Execution time: 33520.719 ms
