Seq Scan on movie_keyword mk  (cost=0.00..81003.12 rows=437230 width=0) (actual time=0.014..1373.084 rows=432600 loops=1)
  Filter: (keyword_id > 40497)
  Rows Removed by Filter: 4091330
Planning time: 0.324 ms
Execution time: 1429.514 ms
