Hash Join  (cost=83074.74..447745.01 rows=1434 width=0) (actual time=1209.043..7351.608 rows=9658 loops=1)
  Hash Cond: (mi.movie_id = t.id)
  ->  Seq Scan on movie_info mi  (cost=0.00..309384.22 rows=14739122 width=4) (actual time=0.017..3439.443 rows=14835720 loops=1)
  ->  Hash  (cost=83071.67..83071.67 rows=246 width=8) (actual time=1206.876..1206.876 rows=198 loops=1)
        Buckets: 1024  Batches: 1  Memory Usage: 16kB
        ->  Nested Loop  (cost=0.43..83071.67 rows=246 width=8) (actual time=5.441..1206.633 rows=198 loops=1)
              ->  Seq Scan on movie_keyword mk  (cost=0.00..81003.12 rows=246 width=4) (actual time=5.134..1196.788 rows=198 loops=1)
                    Filter: (keyword_id = 9161)
                    Rows Removed by Filter: 4523732
              ->  Index Only Scan using title_pkey on title t  (cost=0.43..8.40 rows=1 width=4) (actual time=0.046..0.047 rows=1 loops=198)
                    Index Cond: (id = mk.movie_id)
                    Heap Fetches: 198
Planning time: 1.151 ms
Execution time: 7353.513 ms
