Seq Scan on movie_companies mc  (cost=0.00..57926.93 rows=1228538 width=0) (actual time=9.742..939.771 rows=1295713 loops=1)
  Filter: ((company_id > 52) AND (company_type_id > 1))
  Rows Removed by Filter: 1313416
Planning time: 0.223 ms
Execution time: 1092.251 ms
