Hash Join  (cost=195364.02..703076.71 rows=888685 width=0) (actual time=4058.540..17054.453 rows=10461340 loops=1)
  Hash Cond: (mi.movie_id = t.id)
  ->  Seq Scan on movie_info mi  (cost=0.00..309384.22 rows=14739122 width=4) (actual time=0.019..5305.215 rows=14835720 loops=1)
  ->  Hash  (cost=192862.32..192862.32 rows=152456 width=8) (actual time=4057.560..4057.560 rows=154184 loops=1)
        Buckets: 131072  Batches: 2  Memory Usage: 4008kB
        ->  Hash Join  (cost=69002.72..192862.32 rows=152456 width=8) (actual time=1222.095..4007.262 rows=154184 loops=1)
              Hash Cond: (mk.movie_id = t.id)
              ->  Seq Scan on movie_keyword mk  (cost=0.00..69693.30 rows=4523930 width=4) (actual time=0.027..1372.090 rows=4523930 loops=1)
              ->  Hash  (cost=67604.59..67604.59 rows=85211 width=4) (actual time=1025.433..1025.433 rows=84593 loops=1)
                    Buckets: 131072  Batches: 2  Memory Usage: 2524kB
                    ->  Seq Scan on title t  (cost=0.00..67604.59 rows=85211 width=4) (actual time=0.032..979.937 rows=84593 loops=1)
                          Filter: (production_year = 2004)
                          Rows Removed by Filter: 2443719
Planning time: 4.734 ms
Execution time: 18347.028 ms
