Hash Join  (cost=913477.49..1400597.37 rows=685395 width=0) (actual time=12384.215..22708.297 rows=816163 loops=1)
  Hash Cond: (mi.movie_id = t.id)
  ->  Seq Scan on movie_info mi  (cost=0.00..309384.22 rows=14739122 width=4) (actual time=0.015..5316.198 rows=14835720 loops=1)
  ->  Hash  (cost=911547.73..911547.73 rows=117581 width=8) (actual time=12383.019..12383.019 rows=47012 loops=1)
        Buckets: 131072  Batches: 2  Memory Usage: 1944kB
        ->  Hash Join  (cost=102767.86..911547.73 rows=117581 width=8) (actual time=2261.988..12366.050 rows=47012 loops=1)
              Hash Cond: (ci.movie_id = t.id)
              ->  Seq Scan on cast_info ci  (cost=0.00..796071.18 rows=117581 width=4) (actual time=423.423..10086.549 rows=47012 loops=1)
                    Filter: ((person_id < 47222) AND (role_id > 5))
                    Rows Removed by Filter: 36197332
              ->  Hash  (cost=61283.27..61283.27 rows=2528527 width=4) (actual time=1837.139..1837.139 rows=2528312 loops=1)
                    Buckets: 131072  Batches: 64  Memory Usage: 2415kB
                    ->  Seq Scan on title t  (cost=0.00..61283.27 rows=2528527 width=4) (actual time=0.020..978.786 rows=2528312 loops=1)
Planning time: 0.896 ms
Execution time: 22810.901 ms
