Hash Join  (cost=568504.59..2085418.99 rows=38212813 width=0) (actual time=10033.221..46357.851 rows=25586368 loops=1)
  Hash Cond: (ci.movie_id = t.id)
  ->  Seq Scan on cast_info ci  (cost=0.00..614943.12 rows=36225612 width=4) (actual time=0.007..12327.504 rows=36244344 loops=1)
  ->  Hash  (cost=524745.18..524745.18 rows=2667233 width=8) (actual time=10032.397..10032.397 rows=1446970 loops=1)
        Buckets: 131072  Batches: 64  Memory Usage: 1897kB
        ->  Hash Join  (cost=98137.04..524745.18 rows=2667233 width=8) (actual time=2043.103..9619.106 rows=1446970 loops=1)
              Hash Cond: (mi.movie_id = t.id)
              ->  Seq Scan on movie_info mi  (cost=0.00..346232.03 rows=3623957 width=4) (actual time=222.324..5247.587 rows=3624977 loops=1)
                    Filter: (info_type_id < 4)
                    Rows Removed by Filter: 11210743
              ->  Hash  (cost=67604.59..67604.59 rows=1860996 width=4) (actual time=1819.896..1819.896 rows=1865487 loops=1)
                    Buckets: 131072  Batches: 32  Memory Usage: 3085kB
                    ->  Seq Scan on title t  (cost=0.00..67604.59 rows=1860996 width=4) (actual time=0.027..1205.590 rows=1865487 loops=1)
                          Filter: (kind_id > 1)
                          Rows Removed by Filter: 662825
Planning time: 1.120 ms
Execution time: 49054.236 ms
