Hash Join  (cost=245935.27..1472879.23 rows=19742969 width=0) (actual time=5917.118..48176.475 rows=42031623 loops=1)
  Hash Cond: (ci.movie_id = t.id)
  ->  Seq Scan on cast_info ci  (cost=0.00..705507.15 rows=24671425 width=4) (actual time=0.016..14231.881 rows=24777503 loops=1)
        Filter: (person_id > 1126998)
        Rows Removed by Filter: 11466841
  ->  Hash  (cost=212738.53..212738.53 rows=2023419 width=8) (actual time=5915.921..5915.921 rows=2027563 loops=1)
        Buckets: 131072  Batches: 32  Memory Usage: 3479kB
        ->  Hash Join  (cost=102767.86..212738.53 rows=2023419 width=8) (actual time=1599.445..5186.686 rows=2027563 loops=1)
              Hash Cond: (mc.movie_id = t.id)
              ->  Seq Scan on movie_companies mc  (cost=0.00..51404.11 rows=2023419 width=4) (actual time=0.015..938.825 rows=2027563 loops=1)
                    Filter: (company_id > 652)
                    Rows Removed by Filter: 581566
              ->  Hash  (cost=61283.27..61283.27 rows=2528527 width=4) (actual time=1598.419..1598.419 rows=2528312 loops=1)
                    Buckets: 131072  Batches: 64  Memory Usage: 2415kB
                    ->  Seq Scan on title t  (cost=0.00..61283.27 rows=2528527 width=4) (actual time=0.012..803.743 rows=2528312 loops=1)
Planning time: 0.805 ms
Execution time: 53158.564 ms
