Hash Join  (cost=889227.94..927838.09 rows=53467 width=0) (actual time=13102.160..13991.179 rows=85319 loops=1)
  Hash Cond: (mi_idx.movie_id = t.id)
  ->  Seq Scan on movie_info_idx mi_idx  (cost=0.00..21735.35 rows=1380035 width=4) (actual time=0.011..433.115 rows=1380035 loops=1)
  ->  Hash  (cost=887620.41..887620.41 rows=97963 width=8) (actual time=13101.523..13101.523 rows=40966 loops=1)
        Buckets: 131072  Batches: 2  Memory Usage: 1824kB
        ->  Hash Join  (cost=83810.17..887620.41 rows=97963 width=8) (actual time=11575.333..13085.544 rows=40966 loops=1)
              Hash Cond: (ci.movie_id = t.id)
              ->  Seq Scan on cast_info ci  (cost=0.00..796071.18 rows=250779 width=4) (actual time=10215.990..11511.264 rows=84100 loops=1)
                    Filter: ((person_id < 2681751) AND (role_id > 10))
                    Rows Removed by Filter: 36160244
              ->  Hash  (cost=67604.59..67604.59 rows=987727 width=4) (actual time=1358.316..1358.316 rows=985048 loops=1)
                    Buckets: 131072  Batches: 16  Memory Usage: 3188kB
                    ->  Seq Scan on title t  (cost=0.00..67604.59 rows=987727 width=4) (actual time=0.026..1044.508 rows=985048 loops=1)
                          Filter: (kind_id < 7)
                          Rows Removed by Filter: 1543264
Planning time: 0.756 ms
Execution time: 14002.195 ms
