Seq Scan on cast_info ci  (cost=0.00..796071.18 rows=176 width=0) (actual time=10766.847..13418.531 rows=70 loops=1)
  Filter: ((role_id < 2) AND (person_id = 868376))
  Rows Removed by Filter: 36244274
Planning time: 0.384 ms
Execution time: 13418.633 ms
