Hash Join  (cost=279660.43..1668260.93 rows=30129935 width=0) (actual time=5851.499..38236.933 rows=17667742 loops=1)
  Hash Cond: (ci.movie_id = t.id)
  ->  Seq Scan on cast_info ci  (cost=0.00..614943.12 rows=36225612 width=4) (actual time=0.023..11760.874 rows=36244344 loops=1)
  ->  Hash  (cost=245156.28..245156.28 rows=2103052 width=8) (actual time=5850.441..5850.441 rows=512168 loops=1)
        Buckets: 131072  Batches: 32  Memory Usage: 1639kB
        ->  Hash Join  (cost=92883.59..245156.28 rows=2103052 width=8) (actual time=2793.301..5727.410 rows=512168 loops=1)
              Hash Cond: (mk.movie_id = t.id)
              ->  Seq Scan on movie_keyword mk  (cost=0.00..81003.12 rows=3451210 width=4) (actual time=0.014..1514.660 rows=3440616 loops=1)
                    Filter: (keyword_id > 1091)
                    Rows Removed by Filter: 1083314
              ->  Hash  (cost=67604.59..67604.59 rows=1540800 width=4) (actual time=1609.143..1609.143 rows=1543264 loops=1)
                    Buckets: 131072  Batches: 32  Memory Usage: 2728kB
                    ->  Seq Scan on title t  (cost=0.00..67604.59 rows=1540800 width=4) (actual time=0.017..1099.012 rows=1543264 loops=1)
                          Filter: (kind_id = 7)
                          Rows Removed by Filter: 985048
Planning time: 1.105 ms
Execution time: 39935.841 ms
