Seq Scan on movie_companies mc  (cost=0.00..57926.93 rows=768055 width=0) (actual time=0.020..946.091 rows=477154 loops=1)
  Filter: ((company_id < 13874) AND (company_type_id > 1))
  Rows Removed by Filter: 2131975
Planning time: 0.241 ms
Execution time: 1006.955 ms
