Seq Scan on cast_info ci  (cost=0.00..796071.18 rows=2239874 width=0) (actual time=0.008..11009.213 rows=5055206 loops=1)
  Filter: ((person_id > 3163626) AND (role_id > 2))
  Rows Removed by Filter: 31189138
Planning time: 4.402 ms
Execution time: 11658.852 ms
