Hash Join  (cost=73954.59..100877.60 rows=1253 width=0) (actual time=924.786..1447.588 rows=2934 loops=1)
  Hash Cond: (mi_idx.movie_id = t.id)
  ->  Seq Scan on movie_info_idx mi_idx  (cost=0.00..21735.35 rows=1380035 width=4) (actual time=0.022..251.767 rows=1380035 loops=1)
  ->  Hash  (cost=73925.90..73925.90 rows=2295 width=4) (actual time=924.478..924.478 rows=3114 loops=1)
        Buckets: 4096  Batches: 1  Memory Usage: 142kB
        ->  Seq Scan on title t  (cost=0.00..73925.90 rows=2295 width=4) (actual time=514.265..922.655 rows=3114 loops=1)
              Filter: ((kind_id = 4) AND (production_year = 1999))
              Rows Removed by Filter: 2525198
Planning time: 0.772 ms
Execution time: 1448.145 ms
