Hash Join  (cost=150571.49..515311.48 rows=8405 width=0) (actual time=2417.713..9859.905 rows=155727 loops=1)
  Hash Cond: (mi.movie_id = t.id)
  ->  Seq Scan on movie_info mi  (cost=0.00..309384.22 rows=14739122 width=4) (actual time=0.019..4578.210 rows=14835720 loops=1)
  ->  Hash  (cost=150553.47..150553.47 rows=1442 width=8) (actual time=2407.668..2407.668 rows=2299 loops=1)
        Buckets: 4096 (originally 2048)  Batches: 1 (originally 1)  Memory Usage: 122kB
        ->  Hash Join  (cost=67697.55..150553.47 rows=1442 width=8) (actual time=1028.601..2406.573 rows=2299 loops=1)
              Hash Cond: (mk.movie_id = t.id)
              ->  Seq Scan on movie_keyword mk  (cost=0.00..81003.12 rows=490233 width=4) (actual time=0.025..1287.726 rows=484696 loops=1)
                    Filter: (keyword_id > 37001)
                    Rows Removed by Filter: 4039234
              ->  Hash  (cost=67604.59..67604.59 rows=7437 width=4) (actual time=1026.949..1026.949 rows=10308 loops=1)
                    Buckets: 16384 (originally 8192)  Batches: 1 (originally 1)  Memory Usage: 491kB
                    ->  Seq Scan on title t  (cost=0.00..67604.59 rows=7437 width=4) (actual time=0.102..1021.896 rows=10308 loops=1)
                          Filter: (production_year = 1962)
                          Rows Removed by Filter: 2518004
Planning time: 1.172 ms
Execution time: 9880.789 ms
