Seq Scan on movie_companies mc  (cost=0.00..51404.11 rows=1142981 width=0) (actual time=0.020..845.895 rows=1151931 loops=1)
  Filter: (company_id > 13095)
  Rows Removed by Filter: 1457198
Planning time: 0.300 ms
Execution time: 994.411 ms
