Seq Scan on movie_companies mc  (cost=0.00..57926.93 rows=51 width=0) (actual time=601.898..701.787 rows=1 loops=1)
  Filter: ((company_id = 9227) AND (company_type_id = 1))
  Rows Removed by Filter: 2609128
Planning time: 0.451 ms
Execution time: 701.877 ms
