Hash Join  (cost=94978.31..184590.13 rows=855465 width=0) (actual time=2065.478..4044.592 rows=954915 loops=1)
  Hash Cond: (mc.movie_id = t.id)
  ->  Seq Scan on movie_companies mc  (cost=0.00..57926.93 rows=1296446 width=4) (actual time=333.834..1119.552 rows=1327562 loops=1)
        Filter: ((company_id > 6) AND (company_type_id = 2))
        Rows Removed by Filter: 1281567
  ->  Hash  (cost=67604.59..67604.59 rows=1668458 width=4) (actual time=1730.366..1730.366 rows=1671292 loops=1)
        Buckets: 131072  Batches: 32  Memory Usage: 2858kB
        ->  Seq Scan on title t  (cost=0.00..67604.59 rows=1668458 width=4) (actual time=0.023..1200.563 rows=1671292 loops=1)
              Filter: (production_year < 2008)
              Rows Removed by Filter: 857020
Planning time: 5.010 ms
Execution time: 4158.957 ms
