Hash Join  (cost=156209.36..286110.84 rows=633567 width=0) (actual time=3315.251..7107.755 rows=2741263 loops=1)
  Hash Cond: (mk.movie_id = t.id)
  ->  Seq Scan on movie_keyword mk  (cost=0.00..81003.12 rows=3527650 width=4) (actual time=0.014..1691.932 rows=3519311 loops=1)
        Filter: (keyword_id > 958)
        Rows Removed by Filter: 1004619
  ->  Hash  (cost=148758.81..148758.81 rows=454124 width=8) (actual time=3314.205..3314.205 rows=459925 loops=1)
        Buckets: 131072  Batches: 8  Memory Usage: 3284kB
        ->  Hash Join  (cost=102767.86..148758.81 rows=454124 width=8) (actual time=1897.304..3168.154 rows=459925 loops=1)
              Hash Cond: (mi_idx.movie_id = t.id)
              ->  Seq Scan on movie_info_idx mi_idx  (cost=0.00..25185.44 rows=454124 width=4) (actual time=0.015..466.113 rows=459925 loops=1)
                    Filter: (info_type_id = 100)
                    Rows Removed by Filter: 920110
              ->  Hash  (cost=61283.27..61283.27 rows=2528527 width=4) (actual time=1896.065..1896.065 rows=2528312 loops=1)
                    Buckets: 131072  Batches: 64  Memory Usage: 2415kB
                    ->  Seq Scan on title t  (cost=0.00..61283.27 rows=2528527 width=4) (actual time=0.020..1065.021 rows=2528312 loops=1)
Planning time: 1.185 ms
Execution time: 7406.687 ms
