Seq Scan on movie_keyword mk  (cost=0.00..81003.12 rows=1781778 width=0) (actual time=0.024..1345.389 rows=1789112 loops=1)
  Filter: (keyword_id > 7770)
  Rows Removed by Filter: 2734818
Planning time: 0.293 ms
Execution time: 1565.969 ms
