Hash Join  (cost=162223.50..543841.72 rows=690338 width=0) (actual time=6627.280..11137.413 rows=585606 loops=1)
  Hash Cond: (mi.movie_id = t.id)
  ->  Seq Scan on movie_info mi  (cost=0.00..346232.03 rows=2194617 width=4) (actual time=0.018..5184.887 rows=2233850 loops=1)
        Filter: (info_type_id > 16)
        Rows Removed by Filter: 12601870
  ->  Hash  (cost=149174.34..149174.34 rows=795373 width=8) (actual time=4136.128..4136.128 rows=417300 loops=1)
        Buckets: 131072  Batches: 16  Memory Usage: 2046kB
        ->  Hash Join  (cost=97835.13..149174.34 rows=795373 width=8) (actual time=2264.522..3984.537 rows=417300 loops=1)
              Hash Cond: (mi_idx.movie_id = t.id)
              ->  Seq Scan on movie_info_idx mi_idx  (cost=0.00..21735.35 rows=1380035 width=4) (actual time=0.022..382.326 rows=1380035 loops=1)
              ->  Hash  (cost=73925.90..73925.90 rows=1457298 width=4) (actual time=1801.091..1801.091 rows=1438183 loops=1)
                    Buckets: 131072  Batches: 32  Memory Usage: 2604kB
                    ->  Seq Scan on title t  (cost=0.00..73925.90 rows=1457298 width=4) (actual time=0.021..1334.425 rows=1438183 loops=1)
                          Filter: ((production_year < 2013) AND (kind_id = 7))
                          Rows Removed by Filter: 1090129
Planning time: 1.217 ms
Execution time: 11211.433 ms
