Hash Join  (cost=102767.86..215433.88 rows=2135379 width=0) (actual time=1777.078..5547.729 rows=2138357 loops=1)
  Hash Cond: (mc.movie_id = t.id)
  ->  Seq Scan on movie_companies mc  (cost=0.00..51404.11 rows=2135379 width=4) (actual time=0.017..968.266 rows=2138357 loops=1)
        Filter: (company_id > 406)
        Rows Removed by Filter: 470772
  ->  Hash  (cost=61283.27..61283.27 rows=2528527 width=4) (actual time=1775.478..1775.478 rows=2528312 loops=1)
        Buckets: 131072  Batches: 64  Memory Usage: 2415kB
        ->  Seq Scan on title t  (cost=0.00..61283.27 rows=2528527 width=4) (actual time=0.014..946.923 rows=2528312 loops=1)
Planning time: 0.736 ms
Execution time: 5794.235 ms
