Seq Scan on movie_keyword mk  (cost=0.00..81003.12 rows=246 width=0) (actual time=140.479..1172.108 rows=9 loops=1)
  Filter: (keyword_id = 82565)
  Rows Removed by Filter: 4523921
Planning time: 0.293 ms
Execution time: 1172.209 ms
