Seq Scan on movie_companies mc  (cost=0.00..51404.11 rows=782425 width=0) (actual time=0.045..828.861 rows=790313 loops=1)
  Filter: (company_id > 31674)
  Rows Removed by Filter: 1818816
Planning time: 0.323 ms
Execution time: 923.912 ms
