Hash Join  (cost=97725.07..560443.16 rows=3953950 width=0) (actual time=3942.707..11645.005 rows=3611586 loops=1)
  Hash Cond: (mi.movie_id = t.id)
  ->  Seq Scan on movie_info mi  (cost=0.00..346232.03 rows=5445713 width=4) (actual time=1860.146..5541.755 rows=5410520 loops=1)
        Filter: (info_type_id < 6)
        Rows Removed by Filter: 9425200
  ->  Hash  (cost=67604.59..67604.59 rows=1835879 width=4) (actual time=2081.478..2081.478 rows=1833367 loops=1)
        Buckets: 131072  Batches: 32  Memory Usage: 3053kB
        ->  Seq Scan on title t  (cost=0.00..67604.59 rows=1835879 width=4) (actual time=0.024..1242.796 rows=1833367 loops=1)
              Filter: (production_year > 1986)
              Rows Removed by Filter: 694945
Planning time: 0.772 ms
Execution time: 12035.494 ms
