Seq Scan on movie_keyword mk  (cost=0.00..81003.12 rows=792156 width=0) (actual time=0.020..1128.738 rows=790539 loops=1)
  Filter: (keyword_id < 759)
  Rows Removed by Filter: 3733391
Planning time: 0.290 ms
Execution time: 1227.107 ms
