Hash Join  (cost=225162.06..771543.36 rows=4512646 width=0) (actual time=5026.472..34017.433 rows=70206200 loops=1)
  Hash Cond: (mi.movie_id = t.id)
  ->  Seq Scan on movie_info mi  (cost=0.00..309384.22 rows=14739122 width=4) (actual time=0.021..5359.628 rows=14835720 loops=1)
  ->  Hash  (cost=212460.13..212460.13 rows=774154 width=8) (actual time=5025.540..5025.540 rows=1119106 loops=1)
        Buckets: 131072  Batches: 16  Memory Usage: 3939kB
        ->  Hash Join  (cost=81025.55..212460.13 rows=774154 width=8) (actual time=1230.565..4703.571 rows=1119106 loops=1)
              Hash Cond: (mk.movie_id = t.id)
              ->  Seq Scan on movie_keyword mk  (cost=0.00..69693.30 rows=4523930 width=4) (actual time=0.025..1319.198 rows=4523930 loops=1)
              ->  Hash  (cost=73925.90..73925.90 rows=432692 width=4) (actual time=1229.802..1229.802 rows=368246 loops=1)
                    Buckets: 131072  Batches: 8  Memory Usage: 2646kB
                    ->  Seq Scan on title t  (cost=0.00..73925.90 rows=432692 width=4) (actual time=0.019..1102.780 rows=368246 loops=1)
                          Filter: ((kind_id < 7) AND (production_year > 2004))
                          Rows Removed by Filter: 2160066
Planning time: 1.091 ms
Execution time: 42384.433 ms
