Seq Scan on cast_info ci  (cost=0.00..705507.15 rows=6127497 width=0) (actual time=583.630..10624.479 rows=6033280 loops=1)
  Filter: (person_id < 582903)
  Rows Removed by Filter: 30211064
Planning time: 0.334 ms
Execution time: 11371.022 ms
