Hash Join  (cost=187711.14..1242210.46 rows=2014619 width=0) (actual time=4133.269..28934.788 rows=2530979 loops=1)
  Hash Cond: (ci.movie_id = t.id)
  ->  Seq Scan on cast_info ci  (cost=0.00..614943.12 rows=36225612 width=4) (actual time=0.015..11900.908 rows=36244344 loops=1)
  ->  Hash  (cost=185403.40..185403.40 rows=140619 width=8) (actual time=4132.027..4132.027 rows=124221 loops=1)
        Buckets: 131072  Batches: 2  Memory Usage: 3414kB
        ->  Hash Join  (cost=69658.11..185403.40 rows=140619 width=8) (actual time=1622.762..4090.624 rows=124221 loops=1)
              Hash Cond: (mk.movie_id = t.id)
              ->  Seq Scan on movie_keyword mk  (cost=0.00..81003.12 rows=2840794 width=4) (actual time=0.014..1530.629 rows=2830106 loops=1)
                    Filter: (keyword_id < 8530)
                    Rows Removed by Filter: 1693824
              ->  Hash  (cost=67604.59..67604.59 rows=125162 width=4) (actual time=938.939..938.939 rows=127858 loops=1)
                    Buckets: 131072  Batches: 2  Memory Usage: 3273kB
                    ->  Seq Scan on title t  (cost=0.00..67604.59 rows=125162 width=4) (actual time=47.432..893.330 rows=127858 loops=1)
                          Filter: (production_year < 1935)
                          Rows Removed by Filter: 2400454
Planning time: 10.139 ms
Execution time: 29225.966 ms
