Seq Scan on cast_info ci  (cost=0.00..705507.15 rows=500 width=0) (actual time=9.824..9288.397 rows=509 loops=1)
  Filter: (person_id = 3368701)
  Rows Removed by Filter: 36243835
Planning time: 0.372 ms
Execution time: 9288.544 ms
