Nested Loop  (cost=0.43..83072.29 rows=199 width=0) (actual time=8.904..1196.157 rows=95 loops=1)
  ->  Seq Scan on movie_keyword mk  (cost=0.00..81003.12 rows=246 width=4) (actual time=8.863..1191.331 rows=125 loops=1)
        Filter: (keyword_id = 17008)
        Rows Removed by Filter: 4523805
  ->  Index Scan using title_pkey on title t  (cost=0.43..8.40 rows=1 width=4) (actual time=0.035..0.035 rows=1 loops=125)
        Index Cond: (id = mk.movie_id)
        Filter: (production_year > 1972)
        Rows Removed by Filter: 0
Planning time: 0.775 ms
Execution time: 1196.344 ms
