Seq Scan on cast_info ci  (cost=0.00..705507.15 rows=21282288 width=0) (actual time=2014.632..10993.915 rows=21406808 loops=1)
  Filter: (person_id > 1464126)
  Rows Removed by Filter: 14837536
Planning time: 0.310 ms
Execution time: 13618.268 ms
