Seq Scan on movie_companies mc  (cost=0.00..57926.93 rows=394215 width=0) (actual time=583.235..813.096 rows=76284 loops=1)
  Filter: ((company_id > 29206) AND (company_type_id = 1))
  Rows Removed by Filter: 2532845
Planning time: 0.371 ms
Execution time: 823.214 ms
