Seq Scan on cast_info ci  (cost=0.00..796071.18 rows=29897826 width=0) (actual time=0.027..16952.771 rows=30511650 loops=1)
  Filter: ((person_id < 3939968) AND (role_id < 9))
  Rows Removed by Filter: 5732694
Planning time: 0.322 ms
Execution time: 20751.375 ms
