Seq Scan on movie_companies mc  (cost=0.00..57926.93 rows=1204254 width=0) (actual time=259.018..1174.401 rows=1085971 loops=1)
  Filter: ((company_id < 101385) AND (company_type_id > 1))
  Rows Removed by Filter: 1523158
Planning time: 0.373 ms
Execution time: 1301.656 ms
