Nested Loop  (cost=0.43..83072.29 rows=173 width=0) (actual time=1.028..1282.628 rows=3226 loops=1)
  ->  Seq Scan on movie_keyword mk  (cost=0.00..81003.12 rows=246 width=4) (actual time=0.934..1166.885 rows=4655 loops=1)
        Filter: (keyword_id = 1515)
        Rows Removed by Filter: 4519275
  ->  Index Scan using title_pkey on title t  (cost=0.43..8.40 rows=1 width=4) (actual time=0.024..0.024 rows=1 loops=4655)
        Index Cond: (id = mk.movie_id)
        Filter: (production_year > 1989)
        Rows Removed by Filter: 0
Planning time: 0.773 ms
Execution time: 1283.757 ms
