Seq Scan on movie_companies mc  (cost=0.00..51404.11 rows=801646 width=0) (actual time=0.028..850.196 rows=794595 loops=1)
  Filter: (company_id < 1717)
  Rows Removed by Filter: 1814534
Planning time: 0.302 ms
Execution time: 951.879 ms
