Hash Join  (cost=151815.13..232376.97 rows=399831 width=0) (actual time=3274.237..5673.893 rows=1116289 loops=1)
  Hash Cond: (mc.movie_id = t.id)
  ->  Seq Scan on movie_companies mc  (cost=0.00..44881.29 rows=2609129 width=4) (actual time=0.006..817.359 rows=2609129 loops=1)
  ->  Hash  (cost=145457.64..145457.64 rows=387479 width=8) (actual time=3273.348..3273.348 rows=390088 loops=1)
        Buckets: 131072  Batches: 8  Memory Usage: 2935kB
        ->  Hash Join  (cost=102205.59..145457.64 rows=387479 width=8) (actual time=1970.002..3161.287 rows=390088 loops=1)
              Hash Cond: (mi_idx.movie_id = t.id)
              ->  Seq Scan on movie_info_idx mi_idx  (cost=0.00..25185.44 rows=464566 width=4) (actual time=0.031..464.955 rows=459925 loops=1)
                    Filter: (info_type_id = 101)
                    Rows Removed by Filter: 920110
              ->  Hash  (cost=67604.59..67604.59 rows=2108960 width=4) (actual time=1968.896..1968.896 rows=2104137 loops=1)
                    Buckets: 131072  Batches: 32  Memory Usage: 3341kB
                    ->  Seq Scan on title t  (cost=0.00..67604.59 rows=2108960 width=4) (actual time=0.014..1297.084 rows=2104137 loops=1)
                          Filter: (production_year > 1968)
                          Rows Removed by Filter: 424175
Planning time: 1.184 ms
Execution time: 5814.111 ms
