Hash Join  (cost=597618.35..2073910.86 rows=21034324 width=0) (actual time=17080.467..74052.262 rows=95138600 loops=1)
  Hash Cond: (ci.movie_id = t.id)
  ->  Seq Scan on cast_info ci  (cost=0.00..614943.12 rows=36225612 width=4) (actual time=0.025..12355.728 rows=36244344 loops=1)
  ->  Hash  (cost=573530.05..573530.05 rows=1468184 width=8) (actual time=17078.274..17078.274 rows=4109055 loops=1)
        Buckets: 131072 (originally 131072)  Batches: 64 (originally 32)  Memory Usage: 3563kB
        ->  Hash Join  (cost=78058.28..573530.05 rows=1468184 width=8) (actual time=1175.312..15303.817 rows=4109055 loops=1)
              Hash Cond: (mi.movie_id = t.id)
              ->  Seq Scan on movie_info mi  (cost=0.00..309384.22 rows=14739122 width=4) (actual time=0.022..5131.226 rows=14835720 loops=1)
              ->  Hash  (cost=73925.90..73925.90 rows=251870 width=4) (actual time=1174.467..1174.467 rows=365623 loops=1)
                    Buckets: 131072 (originally 131072)  Batches: 8 (originally 4)  Memory Usage: 3073kB
                    ->  Seq Scan on title t  (cost=0.00..73925.90 rows=251870 width=4) (actual time=0.013..1043.244 rows=365623 loops=1)
                          Filter: ((kind_id < 7) AND (production_year < 1988))
                          Rows Removed by Filter: 2162689
Planning time: 1.227 ms
Execution time: 84846.120 ms
