Nested Loop  (cost=0.43..83072.29 rows=150 width=0) (actual time=945.025..1302.848 rows=59 loops=1)
  ->  Seq Scan on movie_keyword mk  (cost=0.00..81003.12 rows=246 width=4) (actual time=2.966..1278.136 rows=495 loops=1)
        Filter: (keyword_id = 764)
        Rows Removed by Filter: 4523435
  ->  Index Scan using title_pkey on title t  (cost=0.43..8.40 rows=1 width=4) (actual time=0.048..0.048 rows=0 loops=495)
        Index Cond: (id = mk.movie_id)
        Filter: (kind_id = 7)
        Rows Removed by Filter: 1
Planning time: 0.709 ms
Execution time: 1302.980 ms
