Seq Scan on movie_keyword mk  (cost=0.00..81003.12 rows=2342071 width=0) (actual time=0.023..1506.280 rows=2340818 loops=1)
  Filter: (keyword_id > 4314)
  Rows Removed by Filter: 2183112
Planning time: 0.284 ms
Execution time: 1797.054 ms
