Hash Join  (cost=97250.63..665480.91 rows=8287035 width=0) (actual time=1918.206..16347.253 rows=4051816 loops=1)
  Hash Cond: (mi.movie_id = t.id)
  ->  Seq Scan on movie_info mi  (cost=0.00..309384.22 rows=14739122 width=4) (actual time=0.016..6102.048 rows=14835720 loops=1)
  ->  Hash  (cost=73925.90..73925.90 rows=1421658 width=4) (actual time=1910.699..1910.699 rows=1490833 loops=1)
        Buckets: 131072  Batches: 32  Memory Usage: 2669kB
        ->  Seq Scan on title t  (cost=0.00..73925.90 rows=1421658 width=4) (actual time=0.035..1398.654 rows=1490833 loops=1)
              Filter: ((kind_id > 4) AND (production_year > 1942))
              Rows Removed by Filter: 1037479
Planning time: 3.443 ms
Execution time: 16789.836 ms
