Hash Join  (cost=88391.98..229613.76 rows=1577474 width=0) (actual time=3383.361..4918.087 rows=355231 loops=1)
  Hash Cond: (mk.movie_id = t.id)
  ->  Seq Scan on movie_keyword mk  (cost=0.00..69693.30 rows=4523930 width=4) (actual time=0.019..1207.622 rows=4523930 loops=1)
  ->  Hash  (cost=73925.90..73925.90 rows=881686 width=4) (actual time=1579.216..1579.216 rows=801513 loops=1)
        Buckets: 131072  Batches: 16  Memory Usage: 2792kB
        ->  Seq Scan on title t  (cost=0.00..73925.90 rows=881686 width=4) (actual time=295.115..1315.935 rows=801513 loops=1)
              Filter: ((kind_id > 6) AND (production_year < 2006))
              Rows Removed by Filter: 1726799
Planning time: 3.410 ms
Execution time: 4965.582 ms
