Seq Scan on cast_info ci  (cost=0.00..705507.15 rows=31161173 width=0) (actual time=0.014..13691.315 rows=31299709 loops=1)
  Filter: (person_id > 479967)
  Rows Removed by Filter: 4944635
Planning time: 0.297 ms
Execution time: 17597.585 ms
