Seq Scan on cast_info ci  (cost=0.00..705507.15 rows=25661596 width=0) (actual time=0.032..12957.072 rows=25677192 loops=1)
  Filter: (person_id < 2651886)
  Rows Removed by Filter: 10567152
Planning time: 0.329 ms
Execution time: 16121.781 ms
