Seq Scan on movie_companies mc  (cost=0.00..51404.11 rows=104 width=0) (actual time=169.326..759.079 rows=10 loops=1)
  Filter: (company_id = 30052)
  Rows Removed by Filter: 2609119
Planning time: 0.274 ms
Execution time: 759.138 ms
