Hash Join  (cost=74131.99..827283.21 rows=236205 width=0) (actual time=1050.314..15642.638 rows=255970 loops=1)
  Hash Cond: (ci.movie_id = t.id)
  ->  Seq Scan on cast_info ci  (cost=0.00..614943.12 rows=36225612 width=4) (actual time=0.015..6632.040 rows=36244344 loops=1)
  ->  Hash  (cost=73925.90..73925.90 rows=16487 width=4) (actual time=1050.117..1050.117 rows=16247 loops=1)
        Buckets: 32768  Batches: 1  Memory Usage: 828kB
        ->  Seq Scan on title t  (cost=0.00..73925.90 rows=16487 width=4) (actual time=0.069..1043.013 rows=16247 loops=1)
              Filter: ((kind_id = 7) AND (production_year = 1993))
              Rows Removed by Filter: 2512065
Planning time: 0.632 ms
Execution time: 15679.608 ms
