Hash Join  (cost=83074.74..833899.15 rows=3524 width=0) (actual time=1258.248..17210.892 rows=9786 loops=1)
  Hash Cond: (ci.movie_id = t.id)
  ->  Seq Scan on cast_info ci  (cost=0.00..614943.12 rows=36225612 width=4) (actual time=0.024..8994.481 rows=36244344 loops=1)
  ->  Hash  (cost=83071.67..83071.67 rows=246 width=8) (actual time=1257.284..1257.284 rows=153 loops=1)
        Buckets: 1024  Batches: 1  Memory Usage: 14kB
        ->  Nested Loop  (cost=0.43..83071.67 rows=246 width=8) (actual time=10.152..1257.079 rows=153 loops=1)
              ->  Seq Scan on movie_keyword mk  (cost=0.00..81003.12 rows=246 width=4) (actual time=10.061..1248.685 rows=153 loops=1)
                    Filter: (keyword_id = 8164)
                    Rows Removed by Filter: 4523777
              ->  Index Only Scan using title_pkey on title t  (cost=0.43..8.40 rows=1 width=4) (actual time=0.050..0.051 rows=1 loops=153)
                    Index Cond: (id = mk.movie_id)
                    Heap Fetches: 153
Planning time: 1.134 ms
Execution time: 17214.615 ms
