Seq Scan on movie_companies mc  (cost=0.00..51404.11 rows=104 width=0) (actual time=195.839..749.953 rows=28 loops=1)
  Filter: (company_id = 90083)
  Rows Removed by Filter: 2609101
Planning time: 0.352 ms
Execution time: 750.040 ms
