Hash Join  (cost=96190.11..155235.56 rows=4189 width=0) (actual time=1405.481..2209.437 rows=6294 loops=1)
  Hash Cond: (mc.movie_id = t.id)
  ->  Seq Scan on movie_companies mc  (cost=0.00..57926.93 rows=287100 width=4) (actual time=48.208..809.755 rows=146068 loops=1)
        Filter: ((company_id < 596) AND (company_type_id > 1))
        Rows Removed by Filter: 2463061
  ->  Hash  (cost=95728.95..95728.95 rows=36893 width=8) (actual time=1356.782..1356.782 rows=45309 loops=1)
        Buckets: 65536  Batches: 1  Memory Usage: 2282kB
        ->  Hash Join  (cost=68449.54..95728.95 rows=36893 width=8) (actual time=876.911..1344.495 rows=45309 loops=1)
              Hash Cond: (mi_idx.movie_id = t.id)
              ->  Seq Scan on movie_info_idx mi_idx  (cost=0.00..21735.35 rows=1380035 width=4) (actual time=0.024..191.353 rows=1380035 loops=1)
              ->  Hash  (cost=67604.59..67604.59 rows=67596 width=4) (actual time=876.157..876.157 rows=67777 loops=1)
                    Buckets: 131072  Batches: 1  Memory Usage: 3407kB
                    ->  Seq Scan on title t  (cost=0.00..67604.59 rows=67596 width=4) (actual time=0.027..848.247 rows=67777 loops=1)
                          Filter: (production_year = 2003)
                          Rows Removed by Filter: 2460535
Planning time: 1.104 ms
Execution time: 2210.678 ms
