Hash Join  (cost=709678.15..796345.14 rows=895 width=0) (actual time=11045.528..12624.109 rows=50 loops=1)
  Hash Cond: (mk.movie_id = t.id)
  ->  Seq Scan on movie_keyword mk  (cost=0.00..69693.30 rows=4523930 width=4) (actual time=0.020..992.467 rows=4523930 loops=1)
  ->  Hash  (cost=709671.90..709671.90 rows=500 width=8) (actual time=10880.292..10880.292 rows=140 loops=1)
        Buckets: 1024  Batches: 1  Memory Usage: 14kB
        ->  Nested Loop  (cost=0.43..709671.90 rows=500 width=8) (actual time=1049.783..10880.215 rows=140 loops=1)
              ->  Seq Scan on cast_info ci  (cost=0.00..705507.15 rows=500 width=4) (actual time=1049.687..10876.420 rows=140 loops=1)
                    Filter: (person_id = 2359168)
                    Rows Removed by Filter: 36244204
              ->  Index Only Scan using title_pkey on title t  (cost=0.43..8.32 rows=1 width=4) (actual time=0.026..0.026 rows=1 loops=140)
                    Index Cond: (id = ci.movie_id)
                    Heap Fetches: 140
Planning time: 1.014 ms
Execution time: 12624.252 ms
