Seq Scan on movie_keyword mk  (cost=0.00..81003.12 rows=3103424 width=0) (actual time=0.026..1419.097 rows=3087466 loops=1)
  Filter: (keyword_id > 1993)
  Rows Removed by Filter: 1436464
Planning time: 0.307 ms
Execution time: 1794.024 ms
