Hash Join  (cost=832324.71..908512.75 rows=250447 width=0) (actual time=15182.275..17196.326 rows=529267 loops=1)
  Hash Cond: (mc.movie_id = t.id)
  ->  Seq Scan on movie_companies mc  (cost=0.00..51404.11 rows=1808388 width=4) (actual time=0.027..1082.494 rows=1818292 loops=1)
        Filter: (company_id > 1709)
        Rows Removed by Filter: 790837
  ->  Hash  (cost=826579.45..826579.45 rows=350181 width=8) (actual time=15181.358..15181.358 rows=316118 loops=1)
        Buckets: 131072  Batches: 8  Memory Usage: 2568kB
        ->  Hash Join  (cost=102767.86..826579.45 rows=350181 width=8) (actual time=4706.572..15082.114 rows=316118 loops=1)
              Hash Cond: (ci.movie_id = t.id)
              ->  Seq Scan on cast_info ci  (cost=0.00..705507.15 rows=350181 width=4) (actual time=2705.106..12407.114 rows=316118 loops=1)
                    Filter: (role_id > 10)
                    Rows Removed by Filter: 35928226
              ->  Hash  (cost=61283.27..61283.27 rows=2528527 width=4) (actual time=2000.291..2000.291 rows=2528312 loops=1)
                    Buckets: 131072  Batches: 64  Memory Usage: 2415kB
                    ->  Seq Scan on title t  (cost=0.00..61283.27 rows=2528527 width=4) (actual time=0.020..1151.969 rows=2528312 loops=1)
Planning time: 1.068 ms
Execution time: 17249.888 ms
