Nested Loop  (cost=0.43..83072.90 rows=2 width=0) (actual time=555.893..940.246 rows=3 loops=1)
  ->  Seq Scan on movie_keyword mk  (cost=0.00..81003.12 rows=246 width=4) (actual time=0.565..908.634 rows=1257 loops=1)
        Filter: (keyword_id = 3323)
        Rows Removed by Filter: 4522673
  ->  Index Scan using title_pkey on title t  (cost=0.43..8.40 rows=1 width=4) (actual time=0.024..0.024 rows=0 loops=1257)
        Index Cond: (id = mk.movie_id)
        Filter: ((production_year > 2012) AND (kind_id = 1))
        Rows Removed by Filter: 1
Planning time: 0.715 ms
Execution time: 940.343 ms
