Hash Join  (cost=287746.30..930595.76 rows=13553663 width=0) (actual time=6528.089..47555.103 rows=114800292 loops=1)
  Hash Cond: (mi.movie_id = t.id)
  ->  Seq Scan on movie_info mi  (cost=0.00..309384.22 rows=14739122 width=4) (actual time=0.020..6062.178 rows=14835720 loops=1)
  ->  Hash  (cost=249598.82..249598.82 rows=2325159 width=8) (actual time=6526.915..6526.915 rows=2326977 loops=1)
        Buckets: 131072  Batches: 32  Memory Usage: 3930kB
        ->  Hash Join  (cost=102767.86..249598.82 rows=2325159 width=8) (actual time=1932.965..5822.788 rows=2326977 loops=1)
              Hash Cond: (mk.movie_id = t.id)
              ->  Seq Scan on movie_keyword mk  (cost=0.00..81003.12 rows=2325159 width=4) (actual time=0.023..1665.256 rows=2326977 loops=1)
                    Filter: (keyword_id < 5098)
                    Rows Removed by Filter: 2196953
              ->  Hash  (cost=61283.27..61283.27 rows=2528527 width=4) (actual time=1932.013..1932.013 rows=2528312 loops=1)
                    Buckets: 131072  Batches: 64  Memory Usage: 2425kB
                    ->  Seq Scan on title t  (cost=0.00..61283.27 rows=2528527 width=4) (actual time=0.018..1085.441 rows=2528312 loops=1)
Planning time: 1.176 ms
Execution time: 60976.945 ms
