Hash Join  (cost=160526.42..1135144.42 rows=5938133 width=0) (actual time=4062.603..29155.254 rows=7256523 loops=1)
  Hash Cond: (ci.movie_id = t.id)
  ->  Seq Scan on cast_info ci  (cost=0.00..705507.15 rows=17854543 width=4) (actual time=0.029..13585.759 rows=17706836 loops=1)
        Filter: (person_id < 1753292)
        Rows Removed by Filter: 18537508
  ->  Hash  (cost=146729.58..146729.58 rows=840947 width=8) (actual time=4060.695..4060.695 rows=425718 loops=1)
        Buckets: 131072  Batches: 16  Memory Usage: 2062kB
        ->  Hash Join  (cost=92883.59..146729.58 rows=840947 width=8) (actual time=1708.774..3939.893 rows=425718 loops=1)
              Hash Cond: (mi_idx.movie_id = t.id)
              ->  Seq Scan on movie_info_idx mi_idx  (cost=0.00..21735.35 rows=1380035 width=4) (actual time=0.022..485.180 rows=1380035 loops=1)
              ->  Hash  (cost=67604.59..67604.59 rows=1540800 width=4) (actual time=1707.754..1707.754 rows=1543264 loops=1)
                    Buckets: 131072  Batches: 32  Memory Usage: 2722kB
                    ->  Seq Scan on title t  (cost=0.00..67604.59 rows=1540800 width=4) (actual time=0.023..1217.661 rows=1543264 loops=1)
                          Filter: (kind_id = 7)
                          Rows Removed by Filter: 985048
Planning time: 1.361 ms
Execution time: 29978.712 ms
