Seq Scan on movie_companies mc  (cost=0.00..57926.93 rows=1493 width=0) (actual time=1.737..851.205 rows=3415 loops=1)
  Filter: ((company_type_id < 2) AND (company_id = 122))
  Rows Removed by Filter: 2605714
Planning time: 0.407 ms
Execution time: 851.824 ms
