Seq Scan on movie_companies mc  (cost=0.00..57926.93 rows=51 width=0) (actual time=192.610..831.132 rows=130 loops=1)
  Filter: ((company_type_id < 2) AND (company_id = 7749))
  Rows Removed by Filter: 2608999
Planning time: 0.345 ms
Execution time: 831.300 ms
