Hash Join  (cost=80562.70..148647.16 rows=150392 width=0) (actual time=1402.636..2797.321 rows=160422 loops=1)
  Hash Cond: (mc.movie_id = t.id)
  ->  Seq Scan on movie_companies mc  (cost=0.00..57926.93 rows=481496 width=4) (actual time=0.020..909.598 rows=689796 loops=1)
        Filter: ((company_id < 4441) AND (company_type_id = 1))
        Rows Removed by Filter: 1919333
  ->  Hash  (cost=67604.59..67604.59 rows=789769 width=4) (actual time=1401.725..1401.725 rows=784926 loops=1)
        Buckets: 131072  Batches: 16  Memory Usage: 2749kB
        ->  Seq Scan on title t  (cost=0.00..67604.59 rows=789769 width=4) (actual time=0.022..1145.862 rows=784926 loops=1)
              Filter: (production_year > 2007)
              Rows Removed by Filter: 1743386
Planning time: 0.776 ms
Execution time: 2817.197 ms
