Nested Loop  (cost=0.43..709674.40 rows=81 width=0) (actual time=7297.197..10810.966 rows=2 loops=1)
  ->  Seq Scan on cast_info ci  (cost=0.00..705507.15 rows=500 width=4) (actual time=7029.048..10807.682 rows=116 loops=1)
        Filter: (person_id = 3491504)
        Rows Removed by Filter: 36244228
  ->  Index Scan using title_pkey on title t  (cost=0.43..8.32 rows=1 width=4) (actual time=0.027..0.027 rows=0 loops=116)
        Index Cond: (id = ci.movie_id)
        Filter: ((production_year < 2007) AND (kind_id = 1))
        Rows Removed by Filter: 1
Planning time: 0.764 ms
Execution time: 10811.116 ms
