Hash Join  (cost=152674.81..566719.97 rows=585423 width=0) (actual time=5060.402..12866.536 rows=1222301 loops=1)
  Hash Cond: (mi.movie_id = t.id)
  ->  Seq Scan on movie_info mi  (cost=0.00..346232.03 rows=5263441 width=4) (actual time=1271.452..5712.492 rows=5270569 loops=1)
        Filter: (info_type_id > 15)
        Rows Removed by Filter: 9565151
  ->  Hash  (cost=148060.39..148060.39 rows=281234 width=8) (actual time=3787.955..3787.955 rows=238681 loops=1)
        Buckets: 131072  Batches: 4  Memory Usage: 3361kB
        ->  Hash Join  (cost=76379.89..148060.39 rows=281234 width=8) (actual time=2055.234..3727.952 rows=238681 loops=1)
              Hash Cond: (mc.movie_id = t.id)
              ->  Seq Scan on movie_companies mc  (cost=0.00..51404.11 rows=1329612 width=4) (actual time=30.436..1019.638 rows=1334883 loops=1)
                    Filter: (company_type_id > 1)
                    Rows Removed by Filter: 1274246
              ->  Hash  (cost=67604.59..67604.59 rows=534824 width=4) (actual time=2023.940..2023.940 rows=533369 loops=1)
                    Buckets: 131072  Batches: 8  Memory Usage: 3369kB
                    ->  Seq Scan on title t  (cost=0.00..67604.59 rows=534824 width=4) (actual time=0.033..1218.383 rows=533369 loops=1)
                          Filter: (production_year > 2009)
                          Rows Removed by Filter: 1994943
Planning time: 1.158 ms
Execution time: 13015.115 ms
