Nested Loop  (cost=0.43..52283.69 rows=104 width=0) (actual time=1.004..848.415 rows=32 loops=1)
  ->  Seq Scan on movie_companies mc  (cost=0.00..51404.11 rows=104 width=4) (actual time=0.943..845.431 rows=32 loops=1)
        Filter: (company_id = 2176)
        Rows Removed by Filter: 2609097
  ->  Index Only Scan using title_pkey on title t  (cost=0.43..8.45 rows=1 width=4) (actual time=0.089..0.090 rows=1 loops=32)
        Index Cond: (id = mc.movie_id)
        Heap Fetches: 32
Planning time: 0.708 ms
Execution time: 848.508 ms
