Seq Scan on movie_companies mc  (cost=0.00..51404.11 rows=1896889 width=0) (actual time=0.026..951.730 rows=1891514 loops=1)
  Filter: (company_id < 42796)
  Rows Removed by Filter: 717615
Planning time: 0.359 ms
Execution time: 1191.582 ms
