Hash Join  (cost=149091.20..874612.03 rows=330113 width=0) (actual time=5177.727..15075.902 rows=535916 loops=1)
  Hash Cond: (ci.movie_id = t.id)
  ->  Seq Scan on cast_info ci  (cost=0.00..705507.15 rows=1212681 width=4) (actual time=1867.220..11053.251 rows=1111823 loops=1)
        Filter: (person_id < 113787)
        Rows Removed by Filter: 35132521
  ->  Hash  (cost=137798.33..137798.33 rows=688309 width=8) (actual time=3292.581..3292.581 rows=585034 loops=1)
        Buckets: 131072  Batches: 16  Memory Usage: 2440kB
        ->  Hash Join  (cost=88295.76..137798.33 rows=688309 width=8) (actual time=1499.224..3096.546 rows=585034 loops=1)
              Hash Cond: (mi_idx.movie_id = t.id)
              ->  Seq Scan on movie_info_idx mi_idx  (cost=0.00..21735.35 rows=1380035 width=4) (actual time=0.021..429.598 rows=1380035 loops=1)
              ->  Hash  (cost=67604.59..67604.59 rows=1261134 width=4) (actual time=1497.634..1497.634 rows=1260295 loops=1)
                    Buckets: 131072  Batches: 32  Memory Usage: 2413kB
                    ->  Seq Scan on title t  (cost=0.00..67604.59 rows=1261134 width=4) (actual time=0.029..1094.457 rows=1260295 loops=1)
                          Filter: (production_year > 2002)
                          Rows Removed by Filter: 1268017
Planning time: 1.122 ms
Execution time: 15139.074 ms
