Hash Join  (cost=143031.03..653544.80 rows=2877882 width=0) (actual time=3393.925..16036.532 rows=1925406 loops=1)
  Hash Cond: (mi.movie_id = t.id)
  ->  Seq Scan on movie_info mi  (cost=0.00..309384.22 rows=14739122 width=4) (actual time=0.007..6249.936 rows=14835720 loops=1)
  ->  Hash  (cost=134930.69..134930.69 rows=493707 width=8) (actual time=3047.280..3047.280 rows=248340 loops=1)
        Buckets: 131072  Batches: 8  Memory Usage: 2235kB
        ->  Hash Join  (cost=88767.14..134930.69 rows=493707 width=8) (actual time=2047.601..2964.736 rows=248340 loops=1)
              Hash Cond: (mi_idx.movie_id = t.id)
              ->  Seq Scan on movie_info_idx mi_idx  (cost=0.00..21735.35 rows=1380035 width=4) (actual time=0.022..492.229 rows=1380035 loops=1)
              ->  Hash  (cost=73925.90..73925.90 rows=904579 width=4) (actual time=1586.956..1586.956 rows=992072 loops=1)
                    Buckets: 131072  Batches: 16  Memory Usage: 3212kB
                    ->  Seq Scan on title t  (cost=0.00..73925.90 rows=904579 width=4) (actual time=122.704..1283.992 rows=992072 loops=1)
                          Filter: ((kind_id > 6) AND (production_year > 1998))
                          Rows Removed by Filter: 1536240
Planning time: 1.162 ms
Execution time: 16268.775 ms
