Seq Scan on cast_info ci  (cost=0.00..796071.18 rows=466317 width=0) (actual time=187.674..11217.451 rows=224103 loops=1)
  Filter: ((person_id < 170355) AND (role_id > 4))
  Rows Removed by Filter: 36020241
Planning time: 0.242 ms
Execution time: 11246.791 ms
