Hash Join  (cost=117794.08..233719.46 rows=110961 width=0) (actual time=2446.006..5953.767 rows=1706523 loops=1)
  Hash Cond: (mk.movie_id = t.id)
  ->  Seq Scan on movie_keyword mk  (cost=0.00..81003.12 rows=2891370 width=4) (actual time=0.015..1642.427 rows=2883031 loops=1)
        Filter: (keyword_id > 2488)
        Rows Removed by Filter: 1640899
  ->  Hash  (cost=116201.13..116201.13 rows=97036 width=8) (actual time=2439.355..2439.355 rows=216475 loops=1)
        Buckets: 131072 (originally 131072)  Batches: 4 (originally 2)  Memory Usage: 3157kB
        ->  Hash Join  (cost=76843.29..116201.13 rows=97036 width=8) (actual time=1312.473..2373.225 rows=216475 loops=1)
              Hash Cond: (mi_idx.movie_id = t.id)
              ->  Seq Scan on movie_info_idx mi_idx  (cost=0.00..21735.35 rows=1380035 width=4) (actual time=0.024..426.972 rows=1380035 loops=1)
              ->  Hash  (cost=73925.90..73925.90 rows=177791 width=4) (actual time=1311.347..1311.347 rows=282025 loops=1)
                    Buckets: 131072  Batches: 4  Memory Usage: 3508kB
                    ->  Seq Scan on title t  (cost=0.00..73925.90 rows=177791 width=4) (actual time=0.916..1221.186 rows=282025 loops=1)
                          Filter: ((kind_id < 7) AND (production_year < 1976))
                          Rows Removed by Filter: 2246287
Planning time: 1.169 ms
Execution time: 6164.622 ms
