Nested Loop  (cost=0.43..125928.93 rows=6334 width=0) (actual time=0.161..1489.403 rows=5403 loops=1)
  ->  Seq Scan on movie_keyword mk  (cost=0.00..81003.12 rows=6334 width=4) (actual time=0.112..1274.936 rows=5403 loops=1)
        Filter: (keyword_id = 107)
        Rows Removed by Filter: 4518527
  ->  Index Only Scan using title_pkey on title t  (cost=0.43..7.08 rows=1 width=4) (actual time=0.038..0.039 rows=1 loops=5403)
        Index Cond: (id = mk.movie_id)
        Heap Fetches: 5403
Planning time: 0.495 ms
Execution time: 1491.064 ms
