Seq Scan on movie_keyword mk  (cost=0.00..81003.12 rows=3520653 width=0) (actual time=0.021..1585.206 rows=3514962 loops=1)
  Filter: (keyword_id > 971)
  Rows Removed by Filter: 1008968
Planning time: 0.232 ms
Execution time: 2025.520 ms
