Hash Join  (cost=161892.67..1019644.24 rows=516347 width=0) (actual time=2820.838..19616.626 rows=282814 loops=1)
  Hash Cond: (ci.movie_id = t.id)
  ->  Seq Scan on cast_info ci  (cost=0.00..705507.15 rows=29416181 width=4) (actual time=0.021..11280.066 rows=29502964 loops=1)
        Filter: (person_id > 651494)
        Rows Removed by Filter: 6741380
  ->  Hash  (cost=161337.87..161337.87 rows=44384 width=8) (actual time=2820.320..2820.320 rows=11065 loops=1)
        Buckets: 65536  Batches: 1  Memory Usage: 945kB
        ->  Hash Join  (cost=74235.99..161337.87 rows=44384 width=8) (actual time=2197.301..2817.053 rows=11065 loops=1)
              Hash Cond: (mk.movie_id = t.id)
              ->  Seq Scan on movie_keyword mk  (cost=0.00..69693.30 rows=4523930 width=4) (actual time=0.019..863.805 rows=4523930 loops=1)
              ->  Hash  (cost=73925.90..73925.90 rows=24807 width=4) (actual time=1140.875..1140.875 rows=25986 loops=1)
                    Buckets: 32768  Batches: 1  Memory Usage: 1170kB
                    ->  Seq Scan on title t  (cost=0.00..73925.90 rows=24807 width=4) (actual time=0.027..1129.409 rows=25986 loops=1)
                          Filter: ((kind_id = 7) AND (production_year = 1997))
                          Rows Removed by Filter: 2502326
Planning time: 1.119 ms
Execution time: 19650.402 ms
