Hash Join  (cost=83072.93..137738.47 rows=2 width=0) (actual time=1367.831..2243.821 rows=2 loops=1)
  Hash Cond: (mc.movie_id = t.id)
  ->  Seq Scan on movie_companies mc  (cost=0.00..44881.29 rows=2609129 width=4) (actual time=0.017..519.075 rows=2609129 loops=1)
  ->  Hash  (cost=83072.90..83072.90 rows=2 width=8) (actual time=1269.250..1269.250 rows=1 loops=1)
        Buckets: 1024  Batches: 1  Memory Usage: 9kB
        ->  Nested Loop  (cost=0.43..83072.90 rows=2 width=8) (actual time=224.843..1269.244 rows=1 loops=1)
              ->  Seq Scan on movie_keyword mk  (cost=0.00..81003.12 rows=246 width=4) (actual time=1.671..1267.307 rows=46 loops=1)
                    Filter: (keyword_id = 7597)
                    Rows Removed by Filter: 4523884
              ->  Index Scan using title_pkey on title t  (cost=0.43..8.40 rows=1 width=4) (actual time=0.037..0.037 rows=0 loops=46)
                    Index Cond: (id = mk.movie_id)
                    Filter: ((kind_id < 7) AND (production_year = 2001))
                    Rows Removed by Filter: 1
Planning time: 1.088 ms
Execution time: 2246.615 ms
