Seq Scan on movie_keyword mk  (cost=0.00..81003.12 rows=246 width=0) (actual time=600.700..1181.937 rows=1 loops=1)
  Filter: (keyword_id = 26169)
  Rows Removed by Filter: 4523929
Planning time: 0.337 ms
Execution time: 1182.015 ms
