Seq Scan on movie_keyword mk  (cost=0.00..81003.12 rows=4213015 width=0) (actual time=0.025..1637.348 rows=4215906 loops=1)
  Filter: (keyword_id < 52864)
  Rows Removed by Filter: 308024
Planning time: 0.314 ms
Execution time: 2165.499 ms
