Hash Join  (cost=193221.49..234471.39 rows=262000 width=0) (actual time=4316.880..5604.047 rows=668016 loops=1)
  Hash Cond: (mi_idx.movie_id = t.id)
  ->  Seq Scan on movie_info_idx mi_idx  (cost=0.00..25185.44 rows=919057 width=4) (actual time=0.027..529.223 rows=920110 loops=1)
        Filter: (info_type_id > 99)
        Rows Removed by Filter: 459925
  ->  Hash  (cost=181395.26..181395.26 rows=720818 width=8) (actual time=4316.121..4316.121 rows=724122 loops=1)
        Buckets: 131072  Batches: 16  Memory Usage: 2798kB
        ->  Hash Join  (cost=102767.86..181395.26 rows=720818 width=8) (actual time=2003.777..4108.602 rows=724122 loops=1)
              Hash Cond: (mc.movie_id = t.id)
              ->  Seq Scan on movie_companies mc  (cost=0.00..51404.11 rows=720818 width=4) (actual time=0.021..1057.044 rows=724122 loops=1)
                    Filter: (company_id > 41490)
                    Rows Removed by Filter: 1885007
              ->  Hash  (cost=61283.27..61283.27 rows=2528527 width=4) (actual time=2001.821..2001.821 rows=2528312 loops=1)
                    Buckets: 131072  Batches: 64  Memory Usage: 2415kB
                    ->  Seq Scan on title t  (cost=0.00..61283.27 rows=2528527 width=4) (actual time=0.013..1131.737 rows=2528312 loops=1)
Planning time: 1.104 ms
Execution time: 5683.933 ms
