Seq Scan on movie_keyword mk  (cost=0.00..81003.12 rows=2267320 width=0) (actual time=0.024..1477.638 rows=2263099 loops=1)
  Filter: (keyword_id > 4691)
  Rows Removed by Filter: 2260831
Planning time: 0.303 ms
Execution time: 1763.511 ms
