Seq Scan on movie_keyword mk  (cost=0.00..81003.12 rows=1702251 width=0) (actual time=0.023..1465.765 rows=1708572 loops=1)
  Filter: (keyword_id < 2707)
  Rows Removed by Filter: 2815358
Planning time: 0.287 ms
Execution time: 1679.436 ms
