Hash Join  (cost=126645.57..1023688.11 rows=747748 width=0) (actual time=2695.875..23807.965 rows=3025500 loops=1)
  Hash Cond: (ci.movie_id = t.id)
  ->  Seq Scan on cast_info ci  (cost=0.00..796071.18 rows=8006105 width=4) (actual time=0.028..14896.679 rows=11135333 loops=1)
        Filter: ((person_id > 1809346) AND (role_id > 2))
        Rows Removed by Filter: 25109011
  ->  Hash  (cost=122770.61..122770.61 rows=236157 width=8) (actual time=2695.027..2695.027 rows=314770 loops=1)
        Buckets: 131072 (originally 131072)  Batches: 8 (originally 4)  Memory Usage: 3073kB
        ->  Hash Join  (cost=81025.55..122770.61 rows=236157 width=8) (actual time=1375.209..2592.453 rows=314770 loops=1)
              Hash Cond: (mi_idx.movie_id = t.id)
              ->  Seq Scan on movie_info_idx mi_idx  (cost=0.00..21735.35 rows=1380035 width=4) (actual time=0.016..481.330 rows=1380035 loops=1)
              ->  Hash  (cost=73925.90..73925.90 rows=432692 width=4) (actual time=1374.447..1374.447 rows=368246 loops=1)
                    Buckets: 131072  Batches: 8  Memory Usage: 2639kB
                    ->  Seq Scan on title t  (cost=0.00..73925.90 rows=432692 width=4) (actual time=0.054..1262.181 rows=368246 loops=1)
                          Filter: ((kind_id < 7) AND (production_year > 2004))
                          Rows Removed by Filter: 2160066
Planning time: 1.208 ms
Execution time: 24142.448 ms
