Hash Join  (cost=747566.93..2331989.05 rows=47502497 width=0) (actual time=23519.582..97718.979 rows=190540780 loops=1)
  Hash Cond: (ci.movie_id = t.id)
  ->  Seq Scan on cast_info ci  (cost=0.00..705507.15 rows=21446202 width=4) (actual time=1119.908..14849.268 rows=21562113 loops=1)
        Filter: (person_id > 1447596)
        Rows Removed by Filter: 14682231
  ->  Hash  (cost=655681.58..655681.58 rows=5600588 width=8) (actual time=22395.438..22395.438 rows=10412289 loops=1)
        Buckets: 131072 (originally 131072)  Batches: 256 (originally 128)  Memory Usage: 3073kB
        ->  Hash Join  (cost=83810.17..655681.58 rows=5600588 width=8) (actual time=1460.013..19466.110 rows=10412289 loops=1)
              Hash Cond: (mi.movie_id = t.id)
              ->  Seq Scan on movie_info mi  (cost=0.00..346232.03 rows=14337199 width=4) (actual time=0.040..7430.642 rows=14370084 loops=1)
                    Filter: (info_type_id < 104)
                    Rows Removed by Filter: 465636
              ->  Hash  (cost=67604.59..67604.59 rows=987727 width=4) (actual time=1459.186..1459.186 rows=985048 loops=1)
                    Buckets: 131072  Batches: 16  Memory Usage: 3197kB
                    ->  Seq Scan on title t  (cost=0.00..67604.59 rows=987727 width=4) (actual time=0.023..1147.475 rows=985048 loops=1)
                          Filter: (kind_id < 7)
                          Rows Removed by Filter: 1543264
Planning time: 1.032 ms
Execution time: 117691.527 ms
