Seq Scan on movie_keyword mk  (cost=0.00..81003.12 rows=246 width=0) (actual time=0.521..1279.164 rows=39 loops=1)
  Filter: (keyword_id = 2657)
  Rows Removed by Filter: 4523891
Planning time: 0.384 ms
Execution time: 1279.288 ms
