Seq Scan on cast_info ci  (cost=0.00..796071.18 rows=10654384 width=0) (actual time=14.859..13806.771 rows=4542806 loops=1)
  Filter: ((person_id < 1612337) AND (role_id > 1))
  Rows Removed by Filter: 31701538
Planning time: 0.364 ms
Execution time: 14390.273 ms
