Seq Scan on cast_info ci  (cost=0.00..705507.15 rows=13138237 width=0) (actual time=0.027..12394.511 rows=13098040 loops=1)
  Filter: (person_id < 1293008)
  Rows Removed by Filter: 23146304
Planning time: 0.313 ms
Execution time: 14053.441 ms
