Hash Join  (cost=52284.99..138944.89 rows=186 width=0) (actual time=856.684..2683.806 rows=1062 loops=1)
  Hash Cond: (mk.movie_id = t.id)
  ->  Seq Scan on movie_keyword mk  (cost=0.00..69693.30 rows=4523930 width=4) (actual time=0.018..1076.558 rows=4523930 loops=1)
  ->  Hash  (cost=52283.69..52283.69 rows=104 width=8) (actual time=838.689..838.689 rows=223 loops=1)
        Buckets: 1024  Batches: 1  Memory Usage: 17kB
        ->  Nested Loop  (cost=0.43..52283.69 rows=104 width=8) (actual time=230.369..838.534 rows=223 loops=1)
              ->  Seq Scan on movie_companies mc  (cost=0.00..51404.11 rows=104 width=4) (actual time=230.267..833.901 rows=223 loops=1)
                    Filter: (company_id = 2586)
                    Rows Removed by Filter: 2608906
              ->  Index Only Scan using title_pkey on title t  (cost=0.43..8.45 rows=1 width=4) (actual time=0.019..0.019 rows=1 loops=223)
                    Index Cond: (id = mc.movie_id)
                    Heap Fetches: 223
Planning time: 0.730 ms
Execution time: 2684.072 ms
