Hash Join  (cost=952943.02..1609469.41 rows=13108766 width=0) (actual time=19723.210..35795.674 rows=9489644 loops=1)
  Hash Cond: (mi.movie_id = t.id)
  ->  Seq Scan on movie_info mi  (cost=0.00..309384.22 rows=14739122 width=4) (actual time=0.016..6418.695 rows=14835720 loops=1)
  ->  Hash  (cost=916047.57..916047.57 rows=2248836 width=8) (actual time=19717.950..19717.950 rows=1313538 loops=1)
        Buckets: 131072  Batches: 32  Memory Usage: 2620kB
        ->  Hash Join  (cost=84618.08..916047.57 rows=2248836 width=8) (actual time=4105.203..19295.643 rows=1313538 loops=1)
              Hash Cond: (ci.movie_id = t.id)
              ->  Seq Scan on cast_info ci  (cost=0.00..705507.15 rows=8725327 width=4) (actual time=2575.325..12321.812 rows=8729081 loops=1)
                    Filter: (person_id > 2817559)
                    Rows Removed by Filter: 27515263
              ->  Hash  (cost=73925.90..73925.90 rows=651694 width=4) (actual time=1528.727..1528.727 rows=532575 loops=1)
                    Buckets: 131072  Batches: 16  Memory Usage: 2197kB
                    ->  Seq Scan on title t  (cost=0.00..73925.90 rows=651694 width=4) (actual time=0.033..1353.707 rows=532575 loops=1)
                          Filter: ((kind_id > 1) AND (production_year < 1997))
                          Rows Removed by Filter: 1995737
Planning time: 1.282 ms
Execution time: 36839.497 ms
