Hash Join  (cost=28266.84..392923.35 rows=57 width=0) (actual time=488.048..7801.654 rows=3771 loops=1)
  Hash Cond: (mi.movie_id = t.id)
  ->  Seq Scan on movie_info mi  (cost=0.00..309384.22 rows=14739122 width=4) (actual time=0.014..4681.793 rows=14835720 loops=1)
  ->  Hash  (cost=28266.72..28266.72 rows=10 width=8) (actual time=426.408..426.408 rows=9 loops=1)
        Buckets: 1024  Batches: 1  Memory Usage: 9kB
        ->  Nested Loop  (cost=0.43..28266.72 rows=10 width=8) (actual time=133.320..426.394 rows=9 loops=1)
              ->  Seq Scan on movie_info_idx mi_idx  (cost=0.00..25185.44 rows=368 width=4) (actual time=132.979..417.958 rows=260 loops=1)
                    Filter: (info_type_id > 101)
                    Rows Removed by Filter: 1379775
              ->  Index Scan using title_pkey on title t  (cost=0.43..8.36 rows=1 width=4) (actual time=0.032..0.032 rows=0 loops=260)
                    Index Cond: (id = mi_idx.movie_id)
                    Filter: (production_year = 2003)
                    Rows Removed by Filter: 1
Planning time: 1.213 ms
Execution time: 7802.476 ms
