Hash Join  (cost=74080.83..439459.22 rows=72246 width=0) (actual time=1084.118..8661.909 rows=107660 loops=1)
  Hash Cond: (mi.movie_id = t.id)
  ->  Seq Scan on movie_info mi  (cost=0.00..309384.22 rows=14739122 width=4) (actual time=0.020..4445.476 rows=14835720 loops=1)
  ->  Hash  (cost=73925.90..73925.90 rows=12394 width=4) (actual time=1083.862..1083.862 rows=7075 loops=1)
        Buckets: 16384  Batches: 1  Memory Usage: 377kB
        ->  Seq Scan on title t  (cost=0.00..73925.90 rows=12394 width=4) (actual time=0.074..1080.616 rows=7075 loops=1)
              Filter: ((kind_id = 1) AND (production_year = 1998))
              Rows Removed by Filter: 2521237
Planning time: 0.769 ms
Execution time: 8679.432 ms
