Hash Join  (cost=254388.52..1561326.38 rows=22180466 width=0) (actual time=6266.040..79723.360 rows=169772454 loops=1)
  Hash Cond: (ci.movie_id = t.id)
  ->  Seq Scan on cast_info ci  (cost=0.00..614943.12 rows=36225612 width=4) (actual time=0.024..13344.064 rows=36244344 loops=1)
  ->  Hash  (cost=228988.22..228988.22 rows=1548184 width=8) (actual time=6264.046..6264.046 rows=3158185 loops=1)
        Buckets: 131072 (originally 131072)  Batches: 64 (originally 32)  Memory Usage: 3073kB
        ->  Hash Join  (cost=88123.34..228988.22 rows=1548184 width=8) (actual time=1419.066..5448.304 rows=3158185 loops=1)
              Hash Cond: (mk.movie_id = t.id)
              ->  Seq Scan on movie_keyword mk  (cost=0.00..69693.30 rows=4523930 width=4) (actual time=0.014..1311.478 rows=4523930 loops=1)
              ->  Hash  (cost=73925.90..73925.90 rows=865315 width=4) (actual time=1417.773..1417.773 rows=778683 loops=1)
                    Buckets: 131072  Batches: 16  Memory Usage: 2747kB
                    ->  Seq Scan on title t  (cost=0.00..73925.90 rows=865315 width=4) (actual time=0.038..1180.705 rows=778683 loops=1)
                          Filter: ((kind_id < 7) AND (production_year > 1960))
                          Rows Removed by Filter: 1749629
Planning time: 1.115 ms
Execution time: 98534.376 ms
