Hash Join  (cost=79930.86..218309.87 rows=1344197 width=0) (actual time=1414.885..5872.470 rows=1870527 loops=1)
  Hash Cond: (mk.movie_id = t.id)
  ->  Seq Scan on movie_keyword mk  (cost=0.00..69693.30 rows=4523930 width=4) (actual time=0.018..1612.966 rows=4523930 loops=1)
  ->  Hash  (cost=67604.59..67604.59 rows=751302 width=4) (actual time=1413.455..1413.455 rows=755902 loops=1)
        Buckets: 131072  Batches: 16  Memory Usage: 2692kB
        ->  Seq Scan on title t  (cost=0.00..67604.59 rows=751302 width=4) (actual time=0.020..1163.015 rows=755902 loops=1)
              Filter: (production_year < 1993)
              Rows Removed by Filter: 1772410
Planning time: 0.556 ms
Execution time: 6102.918 ms
