Hash Join  (cost=167144.65..974735.22 rows=118550 width=0) (actual time=4955.177..15877.655 rows=400817 loops=1)
  Hash Cond: (ci.movie_id = t.id)
  ->  Seq Scan on cast_info ci  (cost=0.00..796071.18 rows=760502 width=4) (actual time=626.297..11169.872 rows=459218 loops=1)
        Filter: ((person_id < 162136) AND (role_id > 2))
        Rows Removed by Filter: 35785126
  ->  Hash  (cost=160677.72..160677.72 rows=394155 width=8) (actual time=4324.875..4324.875 rows=948271 loops=1)
        Buckets: 131072 (originally 131072)  Batches: 16 (originally 8)  Memory Usage: 3333kB
        ->  Hash Join  (cost=80193.64..160677.72 rows=394155 width=8) (actual time=1354.629..4039.818 rows=948271 loops=1)
              Hash Cond: (mc.movie_id = t.id)
              ->  Seq Scan on movie_companies mc  (cost=0.00..44881.29 rows=2609129 width=4) (actual time=0.023..1008.486 rows=2609129 loops=1)
              ->  Hash  (cost=73925.90..73925.90 rows=381979 width=4) (actual time=1353.855..1353.855 rows=440029 loops=1)
                    Buckets: 131072  Batches: 8  Memory Usage: 2968kB
                    ->  Seq Scan on title t  (cost=0.00..73925.90 rows=381979 width=4) (actual time=194.901..1202.132 rows=440029 loops=1)
                          Filter: ((production_year < 2006) AND (kind_id = 1))
                          Rows Removed by Filter: 2088283
Planning time: 1.226 ms
Execution time: 15911.526 ms
