Hash Join  (cost=441954.02..599631.61 rows=607399 width=0) (actual time=10321.092..15474.486 rows=7810097 loops=1)
  Hash Cond: (mk.movie_id = t.id)
  ->  Seq Scan on movie_keyword mk  (cost=0.00..69693.30 rows=4523930 width=4) (actual time=0.007..1513.018 rows=4523930 loops=1)
  ->  Hash  (cost=436383.41..436383.41 rows=339489 width=8) (actual time=10319.949..10319.949 rows=330059 loops=1)
        Buckets: 131072  Batches: 8  Memory Usage: 2619kB
        ->  Hash Join  (cost=68332.59..436383.41 rows=339489 width=8) (actual time=1140.287..10177.349 rows=330059 loops=1)
              Hash Cond: (mi.movie_id = t.id)
              ->  Seq Scan on movie_info mi  (cost=0.00..309384.22 rows=14739122 width=4) (actual time=0.021..4550.114 rows=14835720 loops=1)
              ->  Hash  (cost=67604.59..67604.59 rows=58240 width=4) (actual time=1139.857..1139.857 rows=58590 loops=1)
                    Buckets: 65536  Batches: 1  Memory Usage: 2572kB
                    ->  Seq Scan on title t  (cost=0.00..67604.59 rows=58240 width=4) (actual time=0.048..1115.917 rows=58590 loops=1)
                          Filter: (production_year = 2001)
                          Rows Removed by Filter: 2469722
Planning time: 1.130 ms
Execution time: 16405.124 ms
