Hash Join  (cost=83073.46..137739.45 rows=46 width=0) (actual time=1359.622..2528.188 rows=154 loops=1)
  Hash Cond: (mc.movie_id = t.id)
  ->  Seq Scan on movie_companies mc  (cost=0.00..44881.29 rows=2609129 width=4) (actual time=0.025..705.415 rows=2609129 loops=1)
  ->  Hash  (cost=83072.90..83072.90 rows=45 width=8) (actual time=1355.011..1355.011 rows=69 loops=1)
        Buckets: 1024  Batches: 1  Memory Usage: 11kB
        ->  Nested Loop  (cost=0.43..83072.90 rows=45 width=8) (actual time=478.337..1354.923 rows=69 loops=1)
              ->  Seq Scan on movie_keyword mk  (cost=0.00..81003.12 rows=246 width=4) (actual time=0.189..1266.478 rows=2714 loops=1)
                    Filter: (keyword_id = 1806)
                    Rows Removed by Filter: 4521216
              ->  Index Scan using title_pkey on title t  (cost=0.43..8.40 rows=1 width=4) (actual time=0.032..0.032 rows=0 loops=2714)
                    Index Cond: (id = mk.movie_id)
                    Filter: ((production_year < 1993) AND (kind_id = 7))
                    Rows Removed by Filter: 1
Planning time: 1.163 ms
Execution time: 2528.396 ms
