Hash Join  (cost=83073.34..109984.01 rows=19 width=0) (actual time=1541.890..1900.117 rows=732 loops=1)
  Hash Cond: (mi_idx.movie_id = t.id)
  ->  Seq Scan on movie_info_idx mi_idx  (cost=0.00..21735.35 rows=1380035 width=4) (actual time=0.018..319.719 rows=1380035 loops=1)
  ->  Hash  (cost=83072.90..83072.90 rows=35 width=8) (actual time=1322.762..1322.762 rows=255 loops=1)
        Buckets: 1024  Batches: 1  Memory Usage: 18kB
        ->  Nested Loop  (cost=0.43..83072.90 rows=35 width=8) (actual time=1.675..1322.485 rows=255 loops=1)
              ->  Seq Scan on movie_keyword mk  (cost=0.00..81003.12 rows=246 width=4) (actual time=1.630..1295.843 rows=536 loops=1)
                    Filter: (keyword_id = 1716)
                    Rows Removed by Filter: 4523394
              ->  Index Scan using title_pkey on title t  (cost=0.43..8.40 rows=1 width=4) (actual time=0.047..0.048 rows=0 loops=536)
                    Index Cond: (id = mk.movie_id)
                    Filter: ((production_year < 2005) AND (kind_id = 1))
                    Rows Removed by Filter: 1
Planning time: 1.077 ms
Execution time: 1900.368 ms
