Hash Join  (cost=130594.19..226861.76 rows=87788 width=0) (actual time=3340.507..6768.473 rows=3773791 loops=1)
  Hash Cond: (mk.movie_id = t.id)
  ->  Seq Scan on movie_keyword mk  (cost=0.00..81003.12 rows=3836416 width=4) (actual time=0.019..1659.786 rows=3838851 loops=1)
        Filter: (keyword_id > 562)
        Rows Removed by Filter: 685079
  ->  Hash  (cost=129870.94..129870.94 rows=57860 width=8) (actual time=3106.005..3106.005 rows=387285 loops=1)
        Buckets: 131072 (originally 65536)  Batches: 2 (originally 1)  Memory Usage: 8612kB
        ->  Hash Join  (cost=74626.82..129870.94 rows=57860 width=8) (actual time=1012.963..2979.021 rows=387285 loops=1)
              Hash Cond: (mc.movie_id = t.id)
              ->  Seq Scan on movie_companies mc  (cost=0.00..44881.29 rows=2609129 width=4) (actual time=0.012..626.465 rows=2609129 loops=1)
              ->  Hash  (cost=73925.90..73925.90 rows=56073 width=4) (actual time=1012.623..1012.623 rows=180127 loops=1)
                    Buckets: 131072 (originally 65536)  Batches: 4 (originally 1)  Memory Usage: 3073kB
                    ->  Seq Scan on title t  (cost=0.00..73925.90 rows=56073 width=4) (actual time=0.388..937.254 rows=180127 loops=1)
                          Filter: ((production_year < 1957) AND (kind_id = 1))
                          Rows Removed by Filter: 2348185
Planning time: 0.840 ms
Execution time: 7204.460 ms
