Hash Join  (cost=100960.39..725644.57 rows=11851235 width=0) (actual time=1917.817..19044.281 rows=10942564 loops=1)
  Hash Cond: (mi.movie_id = t.id)
  ->  Seq Scan on movie_info mi  (cost=0.00..309384.22 rows=14739122 width=4) (actual time=0.011..5990.838 rows=14835720 loops=1)
  ->  Hash  (cost=67604.59..67604.59 rows=2033104 width=4) (actual time=1916.479..1916.479 rows=2032439 loops=1)
        Buckets: 131072  Batches: 32  Memory Usage: 3270kB
        ->  Seq Scan on title t  (cost=0.00..67604.59 rows=2033104 width=4) (actual time=0.023..1271.734 rows=2032439 loops=1)
              Filter: (production_year > 1973)
              Rows Removed by Filter: 495873
Planning time: 0.841 ms
Execution time: 20251.998 ms
