Nested Loop  (cost=0.43..83072.29 rows=49 width=0) (actual time=7.983..1396.668 rows=249 loops=1)
  ->  Seq Scan on movie_keyword mk  (cost=0.00..81003.12 rows=246 width=4) (actual time=7.930..1360.152 rows=913 loops=1)
        Filter: (keyword_id = 2516)
        Rows Removed by Filter: 4523017
  ->  Index Scan using title_pkey on title t  (cost=0.43..8.40 rows=1 width=4) (actual time=0.039..0.039 rows=0 loops=913)
        Index Cond: (id = mk.movie_id)
        Filter: (production_year < 1979)
        Rows Removed by Filter: 1
Planning time: 4.615 ms
Execution time: 1396.995 ms
