Seq Scan on cast_info ci  (cost=0.00..796071.18 rows=179377 width=0) (actual time=6214.837..10674.250 rows=168797 loops=1)
  Filter: ((person_id < 347491) AND (role_id = 8))
  Rows Removed by Filter: 36075547
Planning time: 0.398 ms
Execution time: 10696.435 ms
