Seq Scan on movie_companies mc  (cost=0.00..51404.11 rows=104 width=0) (actual time=7.189..816.521 rows=11 loops=1)
  Filter: (company_id = 24339)
  Rows Removed by Filter: 2609118
Planning time: 0.355 ms
Execution time: 816.617 ms
