Hash Join  (cost=102767.86..201813.24 rows=1569309 width=0) (actual time=1868.974..4785.647 rows=1569983 loops=1)
  Hash Cond: (mc.movie_id = t.id)
  ->  Seq Scan on movie_companies mc  (cost=0.00..51404.11 rows=1569309 width=4) (actual time=0.022..1029.771 rows=1569983 loops=1)
        Filter: (company_id > 5900)
        Rows Removed by Filter: 1039146
  ->  Hash  (cost=61283.27..61283.27 rows=2528527 width=4) (actual time=1866.846..1866.846 rows=2528312 loops=1)
        Buckets: 131072  Batches: 64  Memory Usage: 2415kB
        ->  Seq Scan on title t  (cost=0.00..61283.27 rows=2528527 width=4) (actual time=0.015..1022.318 rows=2528312 loops=1)
Planning time: 0.685 ms
Execution time: 4960.799 ms
