Hash Join  (cost=74202.60..440148.87 rows=129034 width=0) (actual time=1267.939..9539.022 rows=68484 loops=1)
  Hash Cond: (mi.movie_id = t.id)
  ->  Seq Scan on movie_info mi  (cost=0.00..309384.22 rows=14739122 width=4) (actual time=0.021..4530.601 rows=14835720 loops=1)
  ->  Hash  (cost=73925.90..73925.90 rows=22136 width=4) (actual time=1224.053..1224.053 rows=24301 loops=1)
        Buckets: 32768  Batches: 1  Memory Usage: 1111kB
        ->  Seq Scan on title t  (cost=0.00..73925.90 rows=22136 width=4) (actual time=171.144..1213.313 rows=24301 loops=1)
              Filter: ((kind_id = 7) AND (production_year = 1996))
              Rows Removed by Filter: 2504011
Planning time: 0.878 ms
Execution time: 9548.863 ms
