Seq Scan on cast_info ci  (cost=0.00..796071.18 rows=38 width=0) (actual time=6122.016..11134.840 rows=3 loops=1)
  Filter: ((person_id = 272884) AND (role_id = 4))
  Rows Removed by Filter: 36244341
Planning time: 0.392 ms
Execution time: 11134.921 ms
