Hash Join  (cost=1042230.13..1247456.04 rows=5902604 width=0) (actual time=22150.587..39743.649 rows=51665377 loops=1)
  Hash Cond: (mk.movie_id = t.id)
  ->  Seq Scan on movie_keyword mk  (cost=0.00..69693.30 rows=4523930 width=4) (actual time=0.023..1494.556 rows=4523930 loops=1)
  ->  Hash  (cost=988103.40..988103.40 rows=3299099 width=8) (actual time=22147.944..22147.944 rows=5727023 loops=1)
        Buckets: 131072 (originally 131072)  Batches: 128 (originally 64)  Memory Usage: 3073kB
        ->  Hash Join  (cost=102767.86..988103.40 rows=3299099 width=8) (actual time=1848.419..20503.882 rows=5727023 loops=1)
              Hash Cond: (ci.movie_id = t.id)
              ->  Seq Scan on cast_info ci  (cost=0.00..796071.18 rows=3299099 width=4) (actual time=0.018..13763.516 rows=5727023 loops=1)
                    Filter: ((person_id > 2103258) AND (role_id > 6))
                    Rows Removed by Filter: 30517321
              ->  Hash  (cost=61283.27..61283.27 rows=2528527 width=4) (actual time=1847.484..1847.484 rows=2528312 loops=1)
                    Buckets: 131072  Batches: 64  Memory Usage: 2415kB
                    ->  Seq Scan on title t  (cost=0.00..61283.27 rows=2528527 width=4) (actual time=0.016..1046.162 rows=2528312 loops=1)
Planning time: 1.241 ms
Execution time: 45972.641 ms
