Hash Join  (cost=139929.25..221309.10 rows=459132 width=0) (actual time=3144.169..5408.258 rows=730011 loops=1)
  Hash Cond: (mc.movie_id = t.id)
  ->  Seq Scan on movie_companies mc  (cost=0.00..44881.29 rows=2609129 width=4) (actual time=0.012..895.512 rows=2609129 loops=1)
  ->  Hash  (cost=132628.40..132628.40 rows=444948 width=8) (actual time=3142.885..3142.885 rows=292989 loops=1)
        Buckets: 131072  Batches: 8  Memory Usage: 2450kB
        ->  Hash Join  (cost=87301.44..132628.40 rows=444948 width=8) (actual time=1560.855..3041.088 rows=292989 loops=1)
              Hash Cond: (mi_idx.movie_id = t.id)
              ->  Seq Scan on movie_info_idx mi_idx  (cost=0.00..21735.35 rows=1380035 width=4) (actual time=0.014..431.644 rows=1380035 loops=1)
              ->  Hash  (cost=73925.90..73925.90 rows=815243 width=4) (actual time=1559.837..1559.837 rows=876186 loops=1)
                    Buckets: 131072  Batches: 16  Memory Usage: 2955kB
                    ->  Seq Scan on title t  (cost=0.00..73925.90 rows=815243 width=4) (actual time=0.022..1281.018 rows=876186 loops=1)
                          Filter: ((kind_id > 1) AND (production_year > 2004))
                          Rows Removed by Filter: 1652126
Planning time: 1.139 ms
Execution time: 5496.213 ms
