Seq Scan on movie_keyword mk  (cost=0.00..81003.12 rows=246 width=0) (actual time=1.812..1230.343 rows=606 loops=1)
  Filter: (keyword_id = 2401)
  Rows Removed by Filter: 4523324
Planning time: 0.371 ms
Execution time: 1230.673 ms
