Hash Join  (cost=263115.61..952781.58 rows=14103571 width=0) (actual time=6251.387..34870.862 rows=54763214 loops=1)
  Hash Cond: (mi.movie_id = t.id)
  ->  Seq Scan on movie_info mi  (cost=0.00..346232.03 rows=13667879 width=4) (actual time=134.473..7425.973 rows=13700519 loops=1)
        Filter: (info_type_id < 61)
        Rows Removed by Filter: 1135201
  ->  Hash  (cost=220309.49..220309.49 rows=2609129 width=8) (actual time=6114.149..6114.149 rows=2609129 loops=1)
        Buckets: 131072  Batches: 64  Memory Usage: 2692kB
        ->  Hash Join  (cost=102767.86..220309.49 rows=2609129 width=8) (actual time=1988.130..5367.137 rows=2609129 loops=1)
              Hash Cond: (mc.movie_id = t.id)
              ->  Seq Scan on movie_companies mc  (cost=0.00..44881.29 rows=2609129 width=4) (actual time=0.031..917.758 rows=2609129 loops=1)
              ->  Hash  (cost=61283.27..61283.27 rows=2528527 width=4) (actual time=1986.076..1986.076 rows=2528312 loops=1)
                    Buckets: 131072  Batches: 64  Memory Usage: 2415kB
                    ->  Seq Scan on title t  (cost=0.00..61283.27 rows=2528527 width=4) (actual time=0.020..1151.944 rows=2528312 loops=1)
Planning time: 1.121 ms
Execution time: 41131.921 ms
