Seq Scan on movie_keyword mk  (cost=0.00..81003.12 rows=3769959 width=0) (actual time=0.026..1683.711 rows=3761735 loops=1)
  Filter: (keyword_id < 24607)
  Rows Removed by Filter: 762195
Planning time: 0.318 ms
Execution time: 2146.283 ms
