Hash Join  (cost=97835.13..136763.18 rows=267749 width=0) (actual time=2395.014..3108.936 rows=139100 loops=1)
  Hash Cond: (mi_idx.movie_id = t.id)
  ->  Seq Scan on movie_info_idx mi_idx  (cost=0.00..25185.44 rows=464566 width=4) (actual time=0.019..552.300 rows=459925 loops=1)
        Filter: (info_type_id = 101)
        Rows Removed by Filter: 920110
  ->  Hash  (cost=73925.90..73925.90 rows=1457298 width=4) (actual time=2040.493..2040.493 rows=1438183 loops=1)
        Buckets: 131072  Batches: 32  Memory Usage: 2604kB
        ->  Seq Scan on title t  (cost=0.00..73925.90 rows=1457298 width=4) (actual time=0.013..1570.305 rows=1438183 loops=1)
              Filter: ((production_year < 2013) AND (kind_id = 7))
              Rows Removed by Filter: 1090129
Planning time: 0.745 ms
Execution time: 3127.327 ms
