Hash Join  (cost=704786.31..2456072.25 rows=55253682 width=0) (actual time=17213.006..73050.060 rows=106066948 loops=1)
  Hash Cond: (ci.movie_id = t.id)
  ->  Seq Scan on cast_info ci  (cost=0.00..705507.15 rows=26536097 width=4) (actual time=0.014..15571.357 rows=26732974 loops=1)
        Filter: (person_id > 935028)
        Rows Removed by Filter: 9511370
  ->  Hash  (cost=618407.81..618407.81 rows=5264920 width=8) (actual time=17211.710..17211.710 rows=4351816 loops=1)
        Buckets: 131072  Batches: 128  Memory Usage: 2375kB
        ->  Hash Join  (cost=82423.69..618407.81 rows=5264920 width=8) (actual time=1582.618..15995.658 rows=4351816 loops=1)
              Hash Cond: (mi.movie_id = t.id)
              ->  Seq Scan on movie_info mi  (cost=0.00..309384.22 rows=14739122 width=4) (actual time=0.026..6029.680 rows=14835720 loops=1)
              ->  Hash  (cost=67604.59..67604.59 rows=903208 width=4) (actual time=1581.326..1581.326 rows=904491 loops=1)
                    Buckets: 131072  Batches: 16  Memory Usage: 3017kB
                    ->  Seq Scan on title t  (cost=0.00..67604.59 rows=903208 width=4) (actual time=0.014..1273.420 rows=904491 loops=1)
                          Filter: (production_year > 2006)
                          Rows Removed by Filter: 1623821
Planning time: 1.157 ms
Execution time: 84384.810 ms
