Hash Join  (cost=874177.35..1239857.52 rows=102424 width=0) (actual time=14080.802..21351.409 rows=83685 loops=1)
  Hash Cond: (mi.movie_id = t.id)
  ->  Seq Scan on movie_info mi  (cost=0.00..309384.22 rows=14739122 width=4) (actual time=0.016..4323.715 rows=14835720 loops=1)
  ->  Hash  (cost=873957.72..873957.72 rows=17571 width=8) (actual time=14080.432..14080.432 rows=5021 loops=1)
        Buckets: 32768  Batches: 1  Memory Usage: 453kB
        ->  Hash Join  (cost=74823.14..873957.72 rows=17571 width=8) (actual time=8102.698..14078.258 rows=5021 loops=1)
              Hash Cond: (ci.movie_id = t.id)
              ->  Seq Scan on cast_info ci  (cost=0.00..796071.18 rows=100984 width=4) (actual time=6491.592..12389.864 rows=40822 loops=1)
                    Filter: ((person_id < 1010073) AND (role_id > 10))
                    Rows Removed by Filter: 36203522
              ->  Hash  (cost=67604.59..67604.59 rows=439964 width=4) (actual time=1609.780..1609.780 rows=437515 loops=1)
                    Buckets: 131072  Batches: 8  Memory Usage: 2944kB
                    ->  Seq Scan on title t  (cost=0.00..67604.59 rows=439964 width=4) (actual time=0.022..1045.741 rows=437515 loops=1)
                          Filter: (production_year < 1975)
                          Rows Removed by Filter: 2090797
Planning time: 1.222 ms
Execution time: 21364.399 ms
