Hash Join  (cost=74449.67..107409.75 rows=76714 width=0) (actual time=1195.658..1993.875 rows=82011 loops=1)
  Hash Cond: (mi_idx.movie_id = t.id)
  ->  Seq Scan on movie_info_idx mi_idx  (cost=0.00..25185.44 rows=464934 width=4) (actual time=0.021..507.373 rows=460185 loops=1)
        Filter: (info_type_id > 100)
        Rows Removed by Filter: 919850
  ->  Hash  (cost=67604.59..67604.59 rows=417207 width=4) (actual time=1194.674..1194.674 rows=409495 loops=1)
        Buckets: 131072  Batches: 8  Memory Usage: 2821kB
        ->  Seq Scan on title t  (cost=0.00..67604.59 rows=417207 width=4) (actual time=0.012..1064.400 rows=409495 loops=1)
              Filter: (production_year < 1973)
              Rows Removed by Filter: 2118817
Planning time: 0.747 ms
Execution time: 2003.675 ms
