Seq Scan on movie_keyword mk  (cost=0.00..81003.12 rows=246 width=0) (actual time=0.720..1105.597 rows=428 loops=1)
  Filter: (keyword_id = 5522)
  Rows Removed by Filter: 4523502
Planning time: 0.378 ms
Execution time: 1105.879 ms
