Seq Scan on movie_companies mc  (cost=0.00..51404.11 rows=1656560 width=0) (actual time=0.028..983.069 rows=1648134 loops=1)
  Filter: (company_id < 18074)
  Rows Removed by Filter: 960995
Planning time: 2.257 ms
Execution time: 1194.164 ms
