Hash Join  (cost=172407.20..692530.51 rows=2546267 width=0) (actual time=4274.546..23431.156 rows=22941683 loops=1)
  Hash Cond: (mi.movie_id = t.id)
  ->  Seq Scan on movie_info mi  (cost=0.00..346232.03 rows=12665229 width=4) (actual time=0.019..7660.779 rows=12744652 loops=1)
        Filter: (info_type_id > 2)
        Rows Removed by Filter: 2091068
  ->  Hash  (cost=164066.89..164066.89 rows=508345 width=8) (actual time=4273.652..4273.652 rows=739855 loops=1)
        Buckets: 131072 (originally 131072)  Batches: 16 (originally 8)  Memory Usage: 3073kB
        ->  Hash Join  (cost=82008.92..164066.89 rows=508345 width=8) (actual time=1741.879..4053.788 rows=739855 loops=1)
              Hash Cond: (mc.movie_id = t.id)
              ->  Seq Scan on movie_companies mc  (cost=0.00..44881.29 rows=2609129 width=4) (actual time=0.019..872.608 rows=2609129 loops=1)
              ->  Hash  (cost=73925.90..73925.90 rows=492641 width=4) (actual time=1740.747..1740.747 rows=420285 loops=1)
                    Buckets: 131072  Batches: 8  Memory Usage: 2868kB
                    ->  Seq Scan on title t  (cost=0.00..73925.90 rows=492641 width=4) (actual time=0.017..1323.358 rows=420285 loops=1)
                          Filter: ((kind_id < 7) AND (production_year > 2002))
                          Rows Removed by Filter: 2108027
Planning time: 1.155 ms
Execution time: 25916.639 ms
