Seq Scan on title t  (cost=0.00..73925.90 rows=573138 width=94) (actual time=0.023..707.816 rows=447610 loops=1)
  Filter: ((kind_id < 3) AND (production_year > 1982))
  Rows Removed by Filter: 2080702
Planning time: 0.494 ms
Execution time: 731.368 ms
