Hash Join  (cost=160267.29..187325.97 rows=14820 width=0) (actual time=2930.585..3631.821 rows=60380 loops=1)
  Hash Cond: (mi_idx.movie_id = t.id)
  ->  Seq Scan on movie_info_idx mi_idx  (cost=0.00..21735.35 rows=1380035 width=4) (actual time=0.014..355.357 rows=1380035 loops=1)
  ->  Hash  (cost=159927.88..159927.88 rows=27153 width=8) (actual time=2930.221..2930.221 rows=29535 loops=1)
        Buckets: 32768  Batches: 1  Memory Usage: 1410kB
        ->  Hash Join  (cost=69002.72..159927.88 rows=27153 width=8) (actual time=1184.986..2919.118 rows=29535 loops=1)
              Hash Cond: (mk.movie_id = t.id)
              ->  Seq Scan on movie_keyword mk  (cost=0.00..81003.12 rows=805733 width=4) (actual time=0.010..1435.295 rows=804289 loops=1)
                    Filter: (keyword_id < 782)
                    Rows Removed by Filter: 3719641
              ->  Hash  (cost=67604.59..67604.59 rows=85211 width=4) (actual time=1184.239..1184.239 rows=84593 loops=1)
                    Buckets: 131072  Batches: 2  Memory Usage: 2524kB
                    ->  Seq Scan on title t  (cost=0.00..67604.59 rows=85211 width=4) (actual time=0.021..1150.416 rows=84593 loops=1)
                          Filter: (production_year = 2004)
                          Rows Removed by Filter: 2443719
Planning time: 0.757 ms
Execution time: 3640.293 ms
