Hash Join  (cost=183588.67..312600.94 rows=575323 width=0) (actual time=3611.780..7025.662 rows=725185 loops=1)
  Hash Cond: (mk.movie_id = t.id)
  ->  Seq Scan on movie_keyword mk  (cost=0.00..69693.30 rows=4523930 width=4) (actual time=0.011..1394.765 rows=4523930 loops=1)
  ->  Hash  (cost=178312.16..178312.16 rows=321561 width=8) (actual time=3610.260..3610.260 rows=174804 loops=1)
        Buckets: 131072  Batches: 8  Memory Usage: 1894kB
        ->  Hash Join  (cost=102767.86..178312.16 rows=321561 width=8) (actual time=2292.281..3552.256 rows=174804 loops=1)
              Hash Cond: (mc.movie_id = t.id)
              ->  Seq Scan on movie_companies mc  (cost=0.00..57926.93 rows=321561 width=4) (actual time=347.063..958.905 rows=174804 loops=1)
                    Filter: ((company_id < 803) AND (company_type_id > 1))
                    Rows Removed by Filter: 2434325
              ->  Hash  (cost=61283.27..61283.27 rows=2528527 width=4) (actual time=1943.894..1943.894 rows=2528312 loops=1)
                    Buckets: 131072  Batches: 64  Memory Usage: 2415kB
                    ->  Seq Scan on title t  (cost=0.00..61283.27 rows=2528527 width=4) (actual time=0.020..1095.989 rows=2528312 loops=1)
Planning time: 1.147 ms
Execution time: 7110.305 ms
