Seq Scan on movie_companies mc  (cost=0.00..57926.93 rows=94015 width=0) (actual time=532.399..824.920 rows=185495 loops=1)
  Filter: ((company_id > 118370) AND (company_type_id > 1))
  Rows Removed by Filter: 2423634
Planning time: 0.352 ms
Execution time: 847.614 ms
