Hash Join  (cost=156487.41..1189143.95 rows=3197734 width=0) (actual time=4797.907..28394.021 rows=5231611 loops=1)
  Hash Cond: (ci.movie_id = t.id)
  ->  Seq Scan on cast_info ci  (cost=0.00..796071.18 rows=17540006 width=4) (actual time=1362.881..16244.181 rows=14381883 loops=1)
        Filter: ((person_id < 2781076) AND (role_id > 1))
        Rows Removed by Filter: 21862461
  ->  Hash  (cost=148924.19..148924.19 rows=460978 width=8) (actual time=3434.059..3434.059 rows=459925 loops=1)
        Buckets: 131072  Batches: 8  Memory Usage: 3275kB
        ->  Hash Join  (cost=102767.86..148924.19 rows=460978 width=8) (actual time=2043.326..3302.171 rows=459925 loops=1)
              Hash Cond: (mi_idx.movie_id = t.id)
              ->  Seq Scan on movie_info_idx mi_idx  (cost=0.00..25185.44 rows=460978 width=4) (actual time=0.023..493.491 rows=459925 loops=1)
                    Filter: (info_type_id = 99)
                    Rows Removed by Filter: 920110
              ->  Hash  (cost=61283.27..61283.27 rows=2528527 width=4) (actual time=2041.366..2041.366 rows=2528312 loops=1)
                    Buckets: 131072  Batches: 64  Memory Usage: 2415kB
                    ->  Seq Scan on title t  (cost=0.00..61283.27 rows=2528527 width=4) (actual time=0.016..1183.246 rows=2528312 loops=1)
Planning time: 1.135 ms
Execution time: 28991.225 ms
