Nested Loop  (cost=0.43..83072.29 rows=6 width=0) (actual time=139.491..1232.091 rows=8 loops=1)
  ->  Seq Scan on movie_keyword mk  (cost=0.00..81003.12 rows=246 width=4) (actual time=0.482..1191.755 rows=1257 loops=1)
        Filter: (keyword_id = 3323)
        Rows Removed by Filter: 4522673
  ->  Index Scan using title_pkey on title t  (cost=0.43..8.40 rows=1 width=4) (actual time=0.031..0.031 rows=0 loops=1257)
        Index Cond: (id = mk.movie_id)
        Filter: (production_year > 2012)
        Rows Removed by Filter: 1
Planning time: 0.795 ms
Execution time: 1232.191 ms
