Hash Join  (cost=163499.94..529474.12 rows=131827 width=0) (actual time=3114.376..10573.913 rows=161342 loops=1)
  Hash Cond: (mi.movie_id = t.id)
  ->  Seq Scan on movie_info mi  (cost=0.00..309384.22 rows=14739122 width=4) (actual time=0.017..4243.627 rows=14835720 loops=1)
  ->  Hash  (cost=163217.25..163217.25 rows=22615 width=8) (actual time=3112.873..3112.873 rows=13969 loops=1)
        Buckets: 32768  Batches: 1  Memory Usage: 802kB
        ->  Hash Join  (cost=74273.35..163217.25 rows=22615 width=8) (actual time=1266.729..3107.375 rows=13969 loops=1)
              Hash Cond: (mk.movie_id = t.id)
              ->  Seq Scan on movie_keyword mk  (cost=0.00..81003.12 rows=2057232 width=4) (actual time=0.017..1466.522 rows=2066242 loops=1)
                    Filter: (keyword_id < 3664)
                    Rows Removed by Filter: 2457688
              ->  Hash  (cost=73925.90..73925.90 rows=27796 width=4) (actual time=1263.446..1263.446 rows=29246 loops=1)
                    Buckets: 32768  Batches: 1  Memory Usage: 1285kB
                    ->  Seq Scan on title t  (cost=0.00..73925.90 rows=27796 width=4) (actual time=0.023..1250.521 rows=29246 loops=1)
                          Filter: ((kind_id > 2) AND (production_year = 1995))
                          Rows Removed by Filter: 2499066
Planning time: 1.199 ms
Execution time: 10600.551 ms
