Hash Join  (cost=182589.24..220642.37 rows=107923 width=0) (actual time=3849.769..5091.076 rows=480729 loops=1)
  Hash Cond: (mi_idx.movie_id = t.id)
  ->  Seq Scan on movie_info_idx mi_idx  (cost=0.00..25185.44 rows=919057 width=4) (actual time=0.024..599.859 rows=920110 loops=1)
        Filter: (info_type_id > 99)
        Rows Removed by Filter: 459925
  ->  Hash  (cost=177717.74..177717.74 rows=296920 width=8) (actual time=3848.860..3848.860 rows=431789 loops=1)
        Buckets: 131072 (originally 131072)  Batches: 8 (originally 4)  Memory Usage: 3123kB
        ->  Hash Join  (cost=102767.86..177717.74 rows=296920 width=8) (actual time=1976.098..3702.940 rows=431789 loops=1)
              Hash Cond: (mc.movie_id = t.id)
              ->  Seq Scan on movie_companies mc  (cost=0.00..57926.93 rows=296920 width=4) (actual time=0.017..915.225 rows=431789 loops=1)
                    Filter: ((company_id < 689) AND (company_type_id < 2))
                    Rows Removed by Filter: 2177340
              ->  Hash  (cost=61283.27..61283.27 rows=2528527 width=4) (actual time=1974.908..1974.908 rows=2528312 loops=1)
                    Buckets: 131072  Batches: 64  Memory Usage: 2415kB
                    ->  Seq Scan on title t  (cost=0.00..61283.27 rows=2528527 width=4) (actual time=0.025..1088.857 rows=2528312 loops=1)
Planning time: 1.119 ms
Execution time: 5151.083 ms
