Hash Join  (cost=78306.32..110397.43 rows=49055 width=0) (actual time=1244.921..2024.112 rows=58024 loops=1)
  Hash Cond: (mi_idx.movie_id = t.id)
  ->  Seq Scan on movie_info_idx mi_idx  (cost=0.00..25185.44 rows=464566 width=4) (actual time=0.019..516.661 rows=459925 loops=1)
        Filter: (info_type_id = 101)
        Rows Removed by Filter: 920110
  ->  Hash  (cost=73925.90..73925.90 rows=266993 width=4) (actual time=1244.158..1244.158 rows=216282 loops=1)
        Buckets: 131072  Batches: 4  Memory Usage: 2928kB
        ->  Seq Scan on title t  (cost=0.00..73925.90 rows=266993 width=4) (actual time=0.013..1175.653 rows=216282 loops=1)
              Filter: ((production_year > 2005) AND (kind_id = 1))
              Rows Removed by Filter: 2312030
Planning time: 0.804 ms
Execution time: 2033.183 ms
