Seq Scan on cast_info ci  (cost=0.00..705507.15 rows=2087305 width=0) (actual time=0.014..11300.736 rows=2131736 loops=1)
  Filter: (person_id > 3646039)
  Rows Removed by Filter: 34112608
Planning time: 0.320 ms
Execution time: 11570.750 ms
