Hash Join  (cost=102767.86..1515424.80 rows=28977464 width=0) (actual time=1991.927..44390.814 rows=29041602 loops=1)
  Hash Cond: (ci.movie_id = t.id)
  ->  Seq Scan on cast_info ci  (cost=0.00..705507.15 rows=28977464 width=4) (actual time=0.020..16637.175 rows=29041602 loops=1)
        Filter: (person_id > 695459)
        Rows Removed by Filter: 7202742
  ->  Hash  (cost=61283.27..61283.27 rows=2528527 width=4) (actual time=1990.254..1990.254 rows=2528312 loops=1)
        Buckets: 131072  Batches: 64  Memory Usage: 2415kB
        ->  Seq Scan on title t  (cost=0.00..61283.27 rows=2528527 width=4) (actual time=0.021..1148.257 rows=2528312 loops=1)
Planning time: 0.694 ms
Execution time: 47618.173 ms
