Seq Scan on movie_keyword mk  (cost=0.00..81003.12 rows=246 width=0) (actual time=0.988..1364.353 rows=230 loops=1)
  Filter: (keyword_id = 2462)
  Rows Removed by Filter: 4523700
Planning time: 0.361 ms
Execution time: 1364.539 ms
