Seq Scan on cast_info ci  (cost=0.00..796071.18 rows=176 width=0) (actual time=11439.397..13501.288 rows=196 loops=1)
  Filter: ((role_id < 2) AND (person_id = 897535))
  Rows Removed by Filter: 36244148
Planning time: 0.291 ms
Execution time: 13501.460 ms
