Seq Scan on cast_info ci  (cost=0.00..796071.18 rows=3716101 width=0) (actual time=5067.479..11780.570 rows=7496297 loops=1)
  Filter: ((person_id < 1022722) AND (role_id < 2))
  Rows Removed by Filter: 28748047
Planning time: 0.368 ms
Execution time: 12624.627 ms
