Hash Join  (cost=73982.55..160721.67 rows=8108 width=0) (actual time=1106.301..2855.829 rows=750 loops=1)
  Hash Cond: (mk.movie_id = t.id)
  ->  Seq Scan on movie_keyword mk  (cost=0.00..69693.30 rows=4523930 width=4) (actual time=0.029..980.582 rows=4523930 loops=1)
  ->  Hash  (cost=73925.90..73925.90 rows=4532 width=4) (actual time=1098.768..1098.768 rows=2043 loops=1)
        Buckets: 8192  Batches: 1  Memory Usage: 136kB
        ->  Seq Scan on title t  (cost=0.00..73925.90 rows=4532 width=4) (actual time=0.117..1097.528 rows=2043 loops=1)
              Filter: ((kind_id = 7) AND (production_year = 1950))
              Rows Removed by Filter: 2526269
Planning time: 0.820 ms
Execution time: 2856.014 ms
