Nested Loop  (cost=0.43..58358.27 rows=51 width=0) (actual time=380.355..802.257 rows=402 loops=1)
  ->  Seq Scan on movie_companies mc  (cost=0.00..57926.93 rows=51 width=4) (actual time=380.251..788.904 rows=402 loops=1)
        Filter: ((company_id = 15192) AND (company_type_id = 1))
        Rows Removed by Filter: 2608727
  ->  Index Only Scan using title_pkey on title t  (cost=0.43..8.45 rows=1 width=4) (actual time=0.031..0.032 rows=1 loops=402)
        Index Cond: (id = mc.movie_id)
        Heap Fetches: 402
Planning time: 0.527 ms
Execution time: 802.455 ms
