Seq Scan on movie_keyword mk  (cost=0.00..81003.12 rows=4322557 width=0) (actual time=0.019..1269.382 rows=4320727 loops=1)
  Filter: (keyword_id < 67972)
  Rows Removed by Filter: 203203
Planning time: 0.265 ms
Execution time: 1705.128 ms
