Hash Join  (cost=149957.61..907254.27 rows=650750 width=0) (actual time=2564.754..22348.337 rows=606606 loops=1)
  Hash Cond: (ci.movie_id = t.id)
  ->  Seq Scan on cast_info ci  (cost=0.00..614943.12 rows=36225612 width=4) (actual time=0.009..9111.110 rows=36244344 loops=1)
  ->  Hash  (cost=149389.83..149389.83 rows=45422 width=8) (actual time=2564.127..2564.127 rows=37473 loops=1)
        Buckets: 65536  Batches: 1  Memory Usage: 1976kB
        ->  Hash Join  (cost=86300.63..149389.83 rows=45422 width=8) (actual time=1599.971..2550.638 rows=37473 loops=1)
              Hash Cond: (mc.movie_id = t.id)
              ->  Seq Scan on movie_companies mc  (cost=0.00..57926.93 rows=152279 width=4) (actual time=18.103..822.998 rows=68493 loops=1)
                    Filter: ((company_id < 160) AND (company_type_id > 1))
                    Rows Removed by Filter: 2540636
              ->  Hash  (cost=73925.90..73925.90 rows=754218 width=4) (actual time=1580.827..1580.827 rows=647556 loops=1)
                    Buckets: 131072  Batches: 16  Memory Usage: 2451kB
                    ->  Seq Scan on title t  (cost=0.00..73925.90 rows=754218 width=4) (actual time=0.027..1365.873 rows=647556 loops=1)
                          Filter: ((kind_id > 1) AND (production_year < 2000))
                          Rows Removed by Filter: 1880756
Planning time: 1.189 ms
Execution time: 22435.437 ms
