Seq Scan on title t  (cost=0.00..73925.90 rows=49114 width=0) (actual time=0.368..1212.654 rows=45321 loops=1)
  Filter: ((kind_id > 1) AND (production_year > 2012))
  Rows Removed by Filter: 2482991
Planning time: 5.955 ms
Execution time: 1220.371 ms
