Hash Join  (cost=83074.74..926727.83 rows=1234 width=0) (actual time=1206.008..14771.926 rows=134 loops=1)
  Hash Cond: (ci.movie_id = t.id)
  ->  Seq Scan on cast_info ci  (cost=0.00..796071.18 rows=12685218 width=4) (actual time=0.011..12580.758 rows=8273311 loops=1)
        Filter: ((person_id < 2893233) AND (role_id > 2))
        Rows Removed by Filter: 27971033
  ->  Hash  (cost=83071.67..83071.67 rows=246 width=8) (actual time=1137.603..1137.603 rows=11 loops=1)
        Buckets: 1024  Batches: 1  Memory Usage: 9kB
        ->  Nested Loop  (cost=0.43..83071.67 rows=246 width=8) (actual time=36.015..1137.577 rows=11 loops=1)
              ->  Seq Scan on movie_keyword mk  (cost=0.00..81003.12 rows=246 width=4) (actual time=35.919..1136.959 rows=11 loops=1)
                    Filter: (keyword_id = 59105)
                    Rows Removed by Filter: 4523919
              ->  Index Only Scan using title_pkey on title t  (cost=0.43..8.40 rows=1 width=4) (actual time=0.048..0.049 rows=1 loops=11)
                    Index Cond: (id = mk.movie_id)
                    Heap Fetches: 11
Planning time: 0.782 ms
Execution time: 14772.196 ms
