Hash Join  (cost=192144.84..1094927.29 rows=937443 width=0) (actual time=5922.083..26431.845 rows=1951045 loops=1)
  Hash Cond: (ci.movie_id = t.id)
  ->  Seq Scan on cast_info ci  (cost=0.00..705507.15 rows=16201301 width=4) (actual time=1916.152..14795.938 rows=16121683 loops=1)
        Filter: (role_id > 2)
        Rows Removed by Filter: 20122661
  ->  Hash  (cost=189744.02..189744.02 rows=146306 width=8) (actual time=4005.031..4005.031 rows=308419 loops=1)
        Buckets: 131072 (originally 131072)  Batches: 4 (originally 2)  Memory Usage: 4007kB
        ->  Hash Join  (cost=69484.36..189744.02 rows=146306 width=8) (actual time=1031.303..3905.339 rows=308419 loops=1)
              Hash Cond: (mk.movie_id = t.id)
              ->  Seq Scan on movie_keyword mk  (cost=0.00..81003.12 rows=3229725 width=4) (actual time=0.026..1809.364 rows=3217805 loops=1)
                    Filter: (keyword_id < 13451)
                    Rows Removed by Filter: 1306125
              ->  Hash  (cost=67604.59..67604.59 rows=114542 width=4) (actual time=1030.463..1030.463 rows=118234 loops=1)
                    Buckets: 131072  Batches: 2  Memory Usage: 3107kB
                    ->  Seq Scan on title t  (cost=0.00..67604.59 rows=114542 width=4) (actual time=64.105..989.003 rows=118234 loops=1)
                          Filter: (kind_id = 4)
                          Rows Removed by Filter: 2410078
Planning time: 1.221 ms
Execution time: 26647.042 ms
