Seq Scan on movie_keyword mk  (cost=0.00..81003.12 rows=3652772 width=0) (actual time=0.037..1218.941 rows=3644779 loops=1)
  Filter: (keyword_id < 20982)
  Rows Removed by Filter: 879151
Planning time: 0.334 ms
Execution time: 1592.951 ms
