Seq Scan on movie_companies mc  (cost=0.00..57926.93 rows=415660 width=0) (actual time=0.021..993.150 rows=98071 loops=1)
  Filter: ((company_id > 24629) AND (company_type_id < 2))
  Rows Removed by Filter: 2511058
Planning time: 0.287 ms
Execution time: 1006.006 ms
