Nested Loop  (cost=0.43..83071.67 rows=246 width=0) (actual time=565.864..1301.405 rows=9 loops=1)
  ->  Seq Scan on movie_keyword mk  (cost=0.00..81003.12 rows=246 width=4) (actual time=565.768..1301.036 rows=9 loops=1)
        Filter: (keyword_id = 60425)
        Rows Removed by Filter: 4523921
  ->  Index Only Scan using title_pkey on title t  (cost=0.43..8.40 rows=1 width=4) (actual time=0.037..0.038 rows=1 loops=9)
        Index Cond: (id = mk.movie_id)
        Heap Fetches: 9
Planning time: 0.738 ms
Execution time: 1301.471 ms
