Seq Scan on cast_info ci  (cost=0.00..796071.18 rows=1311463 width=0) (actual time=5516.215..12220.550 rows=425636 loops=1)
  Filter: ((person_id < 1071477) AND (role_id = 10))
  Rows Removed by Filter: 35818708
Planning time: 0.374 ms
Execution time: 12276.354 ms
