Seq Scan on cast_info ci  (cost=0.00..705507.15 rows=25044515 width=0) (actual time=0.022..12925.795 rows=25135719 loops=1)
  Filter: (person_id > 1089675)
  Rows Removed by Filter: 11108625
Planning time: 0.364 ms
Execution time: 16088.115 ms
