Hash Join  (cost=95770.31..942357.10 rows=143117 width=0) (actual time=1863.169..21949.400 rows=506162 loops=1)
  Hash Cond: (ci.movie_id = t.id)
  ->  Seq Scan on cast_info ci  (cost=0.00..796071.18 rows=13089180 width=4) (actual time=0.021..15551.635 rows=19118994 loops=1)
        Filter: ((person_id > 1575776) AND (role_id > 1))
        Rows Removed by Filter: 17125350
  ->  Hash  (cost=95424.73..95424.73 rows=27647 width=8) (actual time=1862.812..1862.812 rows=31421 loops=1)
        Buckets: 32768  Batches: 1  Memory Usage: 1484kB
        ->  Hash Join  (cost=68237.77..95424.73 rows=27647 width=8) (actual time=1192.120..1851.858 rows=31421 loops=1)
              Hash Cond: (mi_idx.movie_id = t.id)
              ->  Seq Scan on movie_info_idx mi_idx  (cost=0.00..21735.35 rows=1380035 width=4) (actual time=0.014..301.503 rows=1380035 loops=1)
              ->  Hash  (cost=67604.59..67604.59 rows=50655 width=4) (actual time=1191.700..1191.700 rows=50564 loops=1)
                    Buckets: 65536  Batches: 1  Memory Usage: 2290kB
                    ->  Seq Scan on title t  (cost=0.00..67604.59 rows=50655 width=4) (actual time=0.028..1170.059 rows=50564 loops=1)
                          Filter: (production_year = 1999)
                          Rows Removed by Filter: 2477748
Planning time: 1.264 ms
Execution time: 22021.912 ms
