Hash Join  (cost=206231.74..740842.85 rows=5136318 width=0) (actual time=4870.097..22708.959 rows=16192376 loops=1)
  Hash Cond: (mi.movie_id = t.id)
  ->  Seq Scan on movie_info mi  (cost=0.00..309384.22 rows=14739122 width=4) (actual time=0.020..5777.361 rows=14835720 loops=1)
  ->  Hash  (cost=191775.42..191775.42 rows=881146 width=8) (actual time=4869.368..4869.368 rows=1078882 loops=1)
        Buckets: 131072  Batches: 16  Memory Usage: 3669kB
        ->  Hash Join  (cost=102767.86..191775.42 rows=881146 width=8) (actual time=2021.456..4538.737 rows=1078882 loops=1)
              Hash Cond: (mc.movie_id = t.id)
              ->  Seq Scan on movie_companies mc  (cost=0.00..57926.93 rows=881146 width=4) (actual time=0.026..1115.523 rows=1078882 loops=1)
                    Filter: ((company_id > 2561) AND (company_type_id > 1))
                    Rows Removed by Filter: 1530247
              ->  Hash  (cost=61283.27..61283.27 rows=2528527 width=4) (actual time=2020.085..2020.085 rows=2528312 loops=1)
                    Buckets: 131072  Batches: 64  Memory Usage: 2415kB
                    ->  Seq Scan on title t  (cost=0.00..61283.27 rows=2528527 width=4) (actual time=0.015..1053.941 rows=2528312 loops=1)
Planning time: 1.179 ms
Execution time: 24588.144 ms
