Seq Scan on title t  (cost=0.00..73925.90 rows=23112 width=0) (actual time=517.107..983.670 rows=1 loops=1)
  Filter: ((production_year < 1912) AND (kind_id = 7))
  Rows Removed by Filter: 2528311
Planning time: 3.411 ms
Execution time: 983.806 ms
