Hash Join  (cost=83072.43..833863.32 rows=178 width=0) (actual time=1330.622..16966.578 rows=239 loops=1)
  Hash Cond: (ci.movie_id = t.id)
  ->  Seq Scan on cast_info ci  (cost=0.00..614943.12 rows=36225612 width=4) (actual time=0.015..9024.944 rows=36244344 loops=1)
  ->  Hash  (cost=83072.29..83072.29 rows=12 width=8) (actual time=1288.079..1288.079 rows=3 loops=1)
        Buckets: 1024  Batches: 1  Memory Usage: 9kB
        ->  Nested Loop  (cost=0.43..83072.29 rows=12 width=8) (actual time=102.091..1288.066 rows=3 loops=1)
              ->  Seq Scan on movie_keyword mk  (cost=0.00..81003.12 rows=246 width=4) (actual time=14.406..1282.351 rows=156 loops=1)
                    Filter: (keyword_id = 9622)
                    Rows Removed by Filter: 4523774
              ->  Index Scan using title_pkey on title t  (cost=0.43..8.40 rows=1 width=4) (actual time=0.034..0.034 rows=0 loops=156)
                    Index Cond: (id = mk.movie_id)
                    Filter: (production_year = 2009)
                    Rows Removed by Filter: 1
Planning time: 1.259 ms
Execution time: 16967.019 ms
