Hash Join  (cost=69694.50..136079.58 rows=33227 width=0) (actual time=1104.630..2402.404 rows=43244 loops=1)
  Hash Cond: (mc.movie_id = t.id)
  ->  Seq Scan on movie_companies mc  (cost=0.00..57926.93 rows=659701 width=4) (actual time=108.760..1036.019 rows=908378 loops=1)
        Filter: ((company_id > 11319) AND (company_type_id > 1))
        Rows Removed by Filter: 1700751
  ->  Hash  (cost=67604.59..67604.59 rows=127353 width=4) (actual time=995.035..995.035 rows=128696 loops=1)
        Buckets: 131072  Batches: 2  Memory Usage: 3284kB
        ->  Seq Scan on title t  (cost=0.00..67604.59 rows=127353 width=4) (actual time=0.061..947.044 rows=128696 loops=1)
              Filter: (production_year = 2009)
              Rows Removed by Filter: 2399616
Planning time: 0.764 ms
Execution time: 2408.656 ms
