Seq Scan on movie_companies mc  (cost=0.00..57926.93 rows=368526 width=0) (actual time=36.588..853.944 rows=206995 loops=1)
  Filter: ((company_id < 1368) AND (company_type_id = 2))
  Rows Removed by Filter: 2402134
Planning time: 0.356 ms
Execution time: 880.543 ms
