Hash Join  (cost=80874.21..904957.67 rows=538497 width=0) (actual time=2318.505..17412.875 rows=1217551 loops=1)
  Hash Cond: (ci.movie_id = t.id)
  ->  Seq Scan on cast_info ci  (cost=0.00..796071.18 rows=1683550 width=4) (actual time=865.892..12502.074 rows=5256479 loops=1)
        Filter: ((person_id > 3004139) AND (role_id > 4))
        Rows Removed by Filter: 30987865
  ->  Hash  (cost=67604.59..67604.59 rows=808770 width=4) (actual time=1451.495..1451.495 rows=812704 loops=1)
        Buckets: 131072  Batches: 16  Memory Usage: 2812kB
        ->  Seq Scan on title t  (cost=0.00..67604.59 rows=808770 width=4) (actual time=0.029..1183.131 rows=812704 loops=1)
              Filter: (production_year < 1995)
              Rows Removed by Filter: 1715608
Planning time: 0.762 ms
Execution time: 17536.580 ms
