Hash Join  (cost=709678.15..793973.37 rows=174 width=0) (actual time=11167.909..12707.423 rows=1067 loops=1)
  Hash Cond: (mk.movie_id = t.id)
  ->  Seq Scan on movie_keyword mk  (cost=0.00..81003.12 rows=877429 width=4) (actual time=0.017..1427.675 rows=885573 loops=1)
        Filter: (keyword_id < 837)
        Rows Removed by Filter: 3638357
  ->  Hash  (cost=709671.90..709671.90 rows=500 width=8) (actual time=11150.273..11150.273 rows=203 loops=1)
        Buckets: 1024  Batches: 1  Memory Usage: 16kB
        ->  Nested Loop  (cost=0.43..709671.90 rows=500 width=8) (actual time=4867.880..11150.101 rows=203 loops=1)
              ->  Seq Scan on cast_info ci  (cost=0.00..705507.15 rows=500 width=4) (actual time=4867.727..11131.764 rows=203 loops=1)
                    Filter: (person_id = 1421439)
                    Rows Removed by Filter: 36244141
              ->  Index Only Scan using title_pkey on title t  (cost=0.43..8.32 rows=1 width=4) (actual time=0.089..0.089 rows=1 loops=203)
                    Index Cond: (id = ci.movie_id)
                    Heap Fetches: 203
Planning time: 1.099 ms
Execution time: 12707.736 ms
