Nested Loop  (cost=87687.83..503407.02 rows=18509 width=0) (actual time=4744.263..9223.602 rows=253975 loops=1)
  ->  Hash Join  (cost=87687.40..453057.22 rows=95636 width=8) (actual time=4744.139..7781.691 rows=253975 loops=1)
        Hash Cond: (mi.movie_id = mc.movie_id)
        ->  Seq Scan on movie_info mi  (cost=0.00..346232.03 rows=17937 width=4) (actual time=3010.863..5510.596 rows=18205 loops=1)
              Filter: (info_type_id = 11)
              Rows Removed by Filter: 14817515
        ->  Hash  (cost=44881.29..44881.29 rows=2609129 width=4) (actual time=1726.141..1726.141 rows=2609129 loops=1)
              Buckets: 131072  Batches: 64  Memory Usage: 2532kB
              ->  Seq Scan on movie_companies mc  (cost=0.00..44881.29 rows=2609129 width=4) (actual time=0.021..891.421 rows=2609129 loops=1)
  ->  Index Only Scan using title_pkey on title t  (cost=0.43..0.52 rows=1 width=4) (actual time=0.005..0.005 rows=1 loops=253975)
        Index Cond: (id = mc.movie_id)
        Heap Fetches: 253975
Planning time: 1.139 ms
Execution time: 9263.725 ms
