Hash Join  (cost=73987.23..100924.49 rows=2678 width=0) (actual time=1563.658..1784.260 rows=633 loops=1)
  Hash Cond: (mi_idx.movie_id = t.id)
  ->  Seq Scan on movie_info_idx mi_idx  (cost=0.00..21735.35 rows=1380035 width=4) (actual time=0.026..321.689 rows=1380035 loops=1)
  ->  Hash  (cost=73925.90..73925.90 rows=4906 width=4) (actual time=1194.790..1194.790 rows=3303 loops=1)
        Buckets: 8192  Batches: 1  Memory Usage: 181kB
        ->  Seq Scan on title t  (cost=0.00..73925.90 rows=4906 width=4) (actual time=70.418..1192.925 rows=3303 loops=1)
              Filter: ((kind_id > 3) AND (production_year = 1952))
              Rows Removed by Filter: 2525009
Planning time: 0.754 ms
Execution time: 1784.455 ms
