Hash Join  (cost=28267.75..110672.93 rows=1 width=0) (actual time=519.256..1796.029 rows=600 loops=1)
  Hash Cond: (mk.movie_id = t.id)
  ->  Seq Scan on movie_keyword mk  (cost=0.00..81003.12 rows=373878 width=4) (actual time=0.025..1327.123 rows=371942 loops=1)
        Filter: (keyword_id > 45512)
        Rows Removed by Filter: 4151988
  ->  Hash  (cost=28267.64..28267.64 rows=9 width=8) (actual time=414.231..414.231 rows=35 loops=1)
        Buckets: 1024  Batches: 1  Memory Usage: 10kB
        ->  Nested Loop  (cost=0.43..28267.64 rows=9 width=8) (actual time=44.669..414.200 rows=35 loops=1)
              ->  Seq Scan on movie_info_idx mi_idx  (cost=0.00..25185.44 rows=368 width=4) (actual time=44.056..409.724 rows=260 loops=1)
                    Filter: (info_type_id > 101)
                    Rows Removed by Filter: 1379775
              ->  Index Scan using title_pkey on title t  (cost=0.43..8.37 rows=1 width=4) (actual time=0.017..0.017 rows=0 loops=260)
                    Index Cond: (id = mi_idx.movie_id)
                    Filter: ((kind_id < 4) AND (production_year < 1952))
                    Rows Removed by Filter: 1
Planning time: 1.166 ms
Execution time: 1796.292 ms
