Hash Join  (cost=719034.50..2095923.05 rows=31363541 width=0) (actual time=15925.863..46593.485 rows=22000898 loops=1)
  Hash Cond: (ci.movie_id = t.id)
  ->  Seq Scan on cast_info ci  (cost=0.00..796071.18 rows=13733294 width=4) (actual time=0.954..16689.626 rows=16793681 loops=1)
        Filter: ((person_id < 2074089) AND (role_id < 4))
        Rows Removed by Filter: 19450663
  ->  Hash  (cost=624295.65..624295.65 rows=5774548 width=8) (actual time=15442.867..15442.867 rows=1950840 loops=1)
        Buckets: 131072  Batches: 128  Memory Usage: 1591kB
        ->  Hash Join  (cost=92883.59..624295.65 rows=5774548 width=8) (actual time=1732.861..14573.765 rows=1950840 loops=1)
              Hash Cond: (mi.movie_id = t.id)
              ->  Seq Scan on movie_info mi  (cost=0.00..346232.03 rows=9476311 width=4) (actual time=5.229..7051.029 rows=9565151 loops=1)
                    Filter: (info_type_id < 16)
                    Rows Removed by Filter: 5270569
              ->  Hash  (cost=67604.59..67604.59 rows=1540800 width=4) (actual time=1726.118..1726.118 rows=1543264 loops=1)
                    Buckets: 131072  Batches: 32  Memory Usage: 2728kB
                    ->  Seq Scan on title t  (cost=0.00..67604.59 rows=1540800 width=4) (actual time=0.017..1184.362 rows=1543264 loops=1)
                          Filter: (kind_id = 7)
                          Rows Removed by Filter: 985048
Planning time: 1.244 ms
Execution time: 49043.547 ms
