Seq Scan on movie_companies mc  (cost=0.00..57926.93 rows=51 width=0) (actual time=566.932..970.125 rows=276 loops=1)
  Filter: ((company_type_id < 2) AND (company_id = 12540))
  Rows Removed by Filter: 2608853
Planning time: 14.709 ms
Execution time: 970.329 ms
