Hash Join  (cost=208869.54..285768.75 rows=253101 width=0) (actual time=4113.968..5723.517 rows=412329 loops=1)
  Hash Cond: (mc.movie_id = t.id)
  ->  Seq Scan on movie_companies mc  (cost=0.00..57926.93 rows=1248605 width=4) (actual time=213.087..1189.987 rows=1274246 loops=1)
        Filter: ((company_id < 182345) AND (company_type_id < 2))
        Rows Removed by Filter: 1334883
  ->  Hash  (cost=200459.66..200459.66 rows=512550 width=8) (actual time=3849.607..3849.607 rows=231917 loops=1)
        Buckets: 131072  Batches: 8  Memory Usage: 2152kB
        ->  Hash Join  (cost=98137.04..200459.66 rows=512550 width=8) (actual time=1783.135..3783.469 rows=231917 loops=1)
              Hash Cond: (mk.movie_id = t.id)
              ->  Seq Scan on movie_keyword mk  (cost=0.00..81003.12 rows=696400 width=4) (actual time=0.033..1329.010 rows=701081 loops=1)
                    Filter: (keyword_id > 26885)
                    Rows Removed by Filter: 3822849
              ->  Hash  (cost=67604.59..67604.59 rows=1860996 width=4) (actual time=1781.449..1781.449 rows=1865487 loops=1)
                    Buckets: 131072  Batches: 32  Memory Usage: 3085kB
                    ->  Seq Scan on title t  (cost=0.00..67604.59 rows=1860996 width=4) (actual time=0.021..1164.436 rows=1865487 loops=1)
                          Filter: (kind_id > 1)
                          Rows Removed by Filter: 662825
Planning time: 1.168 ms
Execution time: 5770.971 ms
