Hash Join  (cost=231404.60..614201.61 rows=1020267 width=0) (actual time=5271.737..11967.475 rows=2147980 loops=1)
  Hash Cond: (mi.movie_id = t.id)
  ->  Seq Scan on movie_info mi  (cost=0.00..346232.03 rows=1550064 width=4) (actual time=0.024..5186.601 rows=1533909 loops=1)
        Filter: (info_type_id = 3)
        Rows Removed by Filter: 13301811
  ->  Hash  (cost=204098.85..204098.85 rows=1664300 width=8) (actual time=5270.655..5270.655 rows=1655717 loops=1)
        Buckets: 131072  Batches: 32  Memory Usage: 3084kB
        ->  Hash Join  (cost=102767.86..204098.85 rows=1664300 width=8) (actual time=1819.266..4738.448 rows=1655717 loops=1)
              Hash Cond: (mc.movie_id = t.id)
              ->  Seq Scan on movie_companies mc  (cost=0.00..51404.11 rows=1664300 width=4) (actual time=0.023..1017.567 rows=1655717 loops=1)
                    Filter: (company_id < 18431)
                    Rows Removed by Filter: 953412
              ->  Hash  (cost=61283.27..61283.27 rows=2528527 width=4) (actual time=1818.194..1818.194 rows=2528312 loops=1)
                    Buckets: 131072  Batches: 64  Memory Usage: 2415kB
                    ->  Seq Scan on title t  (cost=0.00..61283.27 rows=2528527 width=4) (actual time=0.017..981.952 rows=2528312 loops=1)
Planning time: 1.229 ms
Execution time: 12198.019 ms
