Hash Join  (cost=186057.92..665917.66 rows=2178655 width=0) (actual time=3888.821..14974.752 rows=1854411 loops=1)
  Hash Cond: (mi.movie_id = t.id)
  ->  Seq Scan on movie_info mi  (cost=0.00..346232.03 rows=9476311 width=4) (actual time=0.015..6420.199 rows=9565151 loops=1)
        Filter: (info_type_id < 16)
        Rows Removed by Filter: 5270569
  ->  Hash  (cost=176520.40..176520.40 rows=581322 width=8) (actual time=3888.038..3888.038 rows=350589 loops=1)
        Buckets: 131072  Batches: 8  Memory Usage: 2732kB
        ->  Hash Join  (cost=94973.51..176520.40 rows=581322 width=8) (actual time=1992.768..3791.978 rows=350589 loops=1)
              Hash Cond: (mc.movie_id = t.id)
              ->  Seq Scan on movie_companies mc  (cost=0.00..57926.93 rows=881146 width=4) (actual time=109.909..1061.547 rows=1078882 loops=1)
                    Filter: ((company_id > 2561) AND (company_type_id = 2))
                    Rows Removed by Filter: 1530247
              ->  Hash  (cost=67604.59..67604.59 rows=1668154 width=4) (actual time=1881.594..1881.594 rows=1674098 loops=1)
                    Buckets: 131072  Batches: 32  Memory Usage: 2869kB
                    ->  Seq Scan on title t  (cost=0.00..67604.59 rows=1668154 width=4) (actual time=0.036..1343.336 rows=1674098 loops=1)
                          Filter: (kind_id > 3)
                          Rows Removed by Filter: 854214
Planning time: 10.248 ms
Execution time: 15189.851 ms
