Seq Scan on cast_info ci  (cost=0.00..705507.15 rows=500 width=0) (actual time=10411.185..11456.548 rows=47 loops=1)
  Filter: (person_id = 436812)
  Rows Removed by Filter: 36244297
Planning time: 0.947 ms
Execution time: 11456.639 ms
