Hash Join  (cost=92883.59..185227.89 rows=171499 width=0) (actual time=2353.504..3218.123 rows=18399 loops=1)
  Hash Cond: (mk.movie_id = t.id)
  ->  Seq Scan on movie_keyword mk  (cost=0.00..81003.12 rows=281438 width=4) (actual time=0.014..1199.768 rows=280326 loops=1)
        Filter: (keyword_id > 56874)
        Rows Removed by Filter: 4243604
  ->  Hash  (cost=67604.59..67604.59 rows=1540800 width=4) (actual time=1625.503..1625.503 rows=1543264 loops=1)
        Buckets: 131072  Batches: 32  Memory Usage: 2728kB
        ->  Seq Scan on title t  (cost=0.00..67604.59 rows=1540800 width=4) (actual time=185.906..1119.550 rows=1543264 loops=1)
              Filter: (kind_id = 7)
              Rows Removed by Filter: 985048
Planning time: 0.466 ms
Execution time: 3220.632 ms
