Hash Join  (cost=137850.43..206612.32 rows=144559 width=0) (actual time=3501.451..4645.805 rows=161441 loops=1)
  Hash Cond: (mc.movie_id = t.id)
  ->  Seq Scan on movie_companies mc  (cost=0.00..51404.11 rows=1279517 width=4) (actual time=0.024..978.819 rows=1274246 loops=1)
        Filter: (company_type_id = 1)
        Rows Removed by Filter: 1334883
  ->  Hash  (cost=133163.54..133163.54 rows=285671 width=8) (actual time=3110.896..3110.896 rows=147460 loops=1)
        Buckets: 131072  Batches: 4  Memory Usage: 2462kB
        ->  Hash Join  (cost=93093.72..133163.54 rows=285671 width=8) (actual time=1981.825..3063.216 rows=147460 loops=1)
              Hash Cond: (mi_idx.movie_id = t.id)
              ->  Seq Scan on movie_info_idx mi_idx  (cost=0.00..25185.44 rows=464934 width=4) (actual time=0.028..525.741 rows=460185 loops=1)
                    Filter: (info_type_id > 100)
                    Rows Removed by Filter: 919850
              ->  Hash  (cost=67604.59..67604.59 rows=1553611 width=4) (actual time=1981.037..1981.037 rows=1555864 loops=1)
                    Buckets: 131072  Batches: 32  Memory Usage: 2734kB
                    ->  Seq Scan on title t  (cost=0.00..67604.59 rows=1553611 width=4) (actual time=0.024..1208.128 rows=1555864 loops=1)
                          Filter: (kind_id > 4)
                          Rows Removed by Filter: 972448
Planning time: 3.665 ms
Execution time: 4665.927 ms
