Seq Scan on title t  (cost=0.00..73925.90 rows=23771 width=0) (actual time=0.031..1062.746 rows=20633 loops=1)
  Filter: ((kind_id < 7) AND (production_year = 2002))
  Rows Removed by Filter: 2507679
Planning time: 0.366 ms
Execution time: 1066.595 ms
