Hash Join  (cost=160687.50..543972.05 rows=20473 width=0) (actual time=2985.872..9868.688 rows=6113 loops=1)
  Hash Cond: (mi.movie_id = t.id)
  ->  Seq Scan on movie_info mi  (cost=0.00..309384.22 rows=14739122 width=4) (actual time=0.025..4417.336 rows=14835720 loops=1)
  ->  Hash  (cost=160643.60..160643.60 rows=3512 width=8) (actual time=2845.024..2845.024 rows=488 loops=1)
        Buckets: 4096  Batches: 1  Memory Usage: 52kB
        ->  Hash Join  (cost=73950.44..160643.60 rows=3512 width=8) (actual time=956.603..2844.593 rows=488 loops=1)
              Hash Cond: (mk.movie_id = t.id)
              ->  Seq Scan on movie_keyword mk  (cost=0.00..69693.30 rows=4523930 width=4) (actual time=0.013..1102.932 rows=4523930 loops=1)
              ->  Hash  (cost=73925.90..73925.90 rows=1963 width=4) (actual time=946.980..946.980 rows=1104 loops=1)
                    Buckets: 2048  Batches: 1  Memory Usage: 55kB
                    ->  Seq Scan on title t  (cost=0.00..73925.90 rows=1963 width=4) (actual time=241.405..946.311 rows=1104 loops=1)
                          Filter: ((kind_id = 1) AND (production_year = 1906))
                          Rows Removed by Filter: 2527208
Planning time: 1.079 ms
Execution time: 9869.941 ms
