Seq Scan on movie_keyword mk  (cost=0.00..81003.12 rows=325400 width=0) (actual time=0.017..1292.648 rows=322526 loops=1)
  Filter: (keyword_id > 50775)
  Rows Removed by Filter: 4201404
Planning time: 0.246 ms
Execution time: 1337.283 ms
