Seq Scan on cast_info ci  (cost=0.00..796071.18 rows=145457 width=0) (actual time=1215.222..11442.939 rows=239464 loops=1)
  Filter: ((person_id > 2122148) AND (role_id = 11))
  Rows Removed by Filter: 36004880
Planning time: 0.401 ms
Execution time: 11473.884 ms
