Seq Scan on movie_keyword mk  (cost=0.00..81003.12 rows=1990786 width=0) (actual time=0.032..1280.106 rows=1996641 loops=1)
  Filter: (keyword_id > 6267)
  Rows Removed by Filter: 2527289
Planning time: 0.347 ms
Execution time: 1505.856 ms
