Hash Join  (cost=207785.32..1159648.61 rows=1647959 width=0) (actual time=4329.410..29523.352 rows=5672318 loops=1)
  Hash Cond: (ci.movie_id = t.id)
  ->  Seq Scan on cast_info ci  (cost=0.00..796071.18 rows=11930539 width=4) (actual time=0.018..17677.261 rows=12670688 loops=1)
        Filter: ((person_id < 3611651) AND (role_id = 1))
        Rows Removed by Filter: 23573656
  ->  Hash  (cost=202054.52..202054.52 rows=349264 width=8) (actual time=4328.489..4328.489 rows=363692 loops=1)
        Buckets: 131072  Batches: 8  Memory Usage: 2828kB
        ->  Hash Join  (cost=102767.86..202054.52 rows=349264 width=8) (actual time=1836.412..4213.039 rows=363692 loops=1)
              Hash Cond: (mk.movie_id = t.id)
              ->  Seq Scan on movie_keyword mk  (cost=0.00..81003.12 rows=349264 width=4) (actual time=0.020..1316.521 rows=363692 loops=1)
                    Filter: (keyword_id < 335)
                    Rows Removed by Filter: 4160238
              ->  Hash  (cost=61283.27..61283.27 rows=2528527 width=4) (actual time=1835.091..1835.091 rows=2528312 loops=1)
                    Buckets: 131072  Batches: 64  Memory Usage: 2425kB
                    ->  Seq Scan on title t  (cost=0.00..61283.27 rows=2528527 width=4) (actual time=0.034..986.337 rows=2528312 loops=1)
Planning time: 1.209 ms
Execution time: 30163.590 ms
