Hash Join  (cost=98137.04..175116.82 rows=667859 width=0) (actual time=1974.953..3843.053 rows=681935 loops=1)
  Hash Cond: (mc.movie_id = t.id)
  ->  Seq Scan on movie_companies mc  (cost=0.00..51404.11 rows=907417 width=4) (actual time=0.019..917.852 rows=905237 loops=1)
        Filter: (company_id < 2965)
        Rows Removed by Filter: 1703892
  ->  Hash  (cost=67604.59..67604.59 rows=1860996 width=4) (actual time=1973.423..1973.423 rows=1865487 loops=1)
        Buckets: 131072  Batches: 32  Memory Usage: 3079kB
        ->  Seq Scan on title t  (cost=0.00..67604.59 rows=1860996 width=4) (actual time=0.018..1379.892 rows=1865487 loops=1)
              Filter: (kind_id > 1)
              Rows Removed by Filter: 662825
Planning time: 0.723 ms
Execution time: 3919.731 ms
