Hash Join  (cost=74747.02..901068.94 rows=195992 width=0) (actual time=9806.155..14419.364 rows=56451 loops=1)
  Hash Cond: (ci.movie_id = t.id)
  ->  Seq Scan on cast_info ci  (cost=0.00..796071.18 rows=7544219 width=4) (actual time=8831.625..12988.797 rows=2097710 loops=1)
        Filter: ((person_id > 1444677) AND (role_id = 1))
        Rows Removed by Filter: 34146634
  ->  Hash  (cost=73925.90..73925.90 rows=65689 width=4) (actual time=971.004..971.004 rows=74524 loops=1)
        Buckets: 131072  Batches: 1  Memory Usage: 3644kB
        ->  Seq Scan on title t  (cost=0.00..73925.90 rows=65689 width=4) (actual time=0.030..940.153 rows=74524 loops=1)
              Filter: ((kind_id = 7) AND (production_year = 2006))
              Rows Removed by Filter: 2453788
Planning time: 6.833 ms
Execution time: 14426.269 ms
