Hash Join  (cost=227269.15..691403.08 rows=2751844 width=0) (actual time=5795.957..43770.325 rows=131835265 loops=1)
  Hash Cond: (mi.movie_id = t.id)
  ->  Seq Scan on movie_info mi  (cost=0.00..346232.03 rows=7503588 width=4) (actual time=0.021..6799.736 rows=7548855 loops=1)
        Filter: (info_type_id > 7)
        Rows Removed by Filter: 7286865
  ->  Hash  (cost=212054.84..212054.84 rows=927305 width=8) (actual time=5794.788..5794.788 rows=2269867 loops=1)
        Buckets: 131072 (originally 131072)  Batches: 32 (originally 16)  Memory Usage: 3856kB
        ->  Hash Join  (cost=78556.72..212054.84 rows=927305 width=8) (actual time=1287.572..5121.005 rows=2269867 loops=1)
              Hash Cond: (mk.movie_id = t.id)
              ->  Seq Scan on movie_keyword mk  (cost=0.00..81003.12 rows=3512518 width=4) (actual time=0.021..1660.966 rows=3509561 loops=1)
                    Filter: (keyword_id > 986)
                    Rows Removed by Filter: 1014369
              ->  Hash  (cost=67604.59..67604.59 rows=667531 width=4) (actual time=1286.616..1286.616 rows=662825 loops=1)
                    Buckets: 131072  Batches: 16  Memory Usage: 2486kB
                    ->  Seq Scan on title t  (cost=0.00..67604.59 rows=667531 width=4) (actual time=384.875..1086.295 rows=662825 loops=1)
                          Filter: (kind_id < 2)
                          Rows Removed by Filter: 1865487
Planning time: 2.285 ms
Execution time: 57786.169 ms
