Hash Join  (cost=180179.93..702093.98 rows=3946312 width=0) (actual time=4360.450..26088.172 rows=37496184 loops=1)
  Hash Cond: (mi.movie_id = t.id)
  ->  Seq Scan on movie_info mi  (cost=0.00..309384.22 rows=14739122 width=4) (actual time=0.009..6211.614 rows=14835720 loops=1)
  ->  Hash  (cost=169072.46..169072.46 rows=676998 width=8) (actual time=4359.210..4359.210 rows=1022286 loops=1)
        Buckets: 131072  Batches: 16  Memory Usage: 3560kB
        ->  Hash Join  (cost=84689.96..169072.46 rows=676998 width=8) (actual time=1379.614..4074.757 rows=1022286 loops=1)
              Hash Cond: (mc.movie_id = t.id)
              ->  Seq Scan on movie_companies mc  (cost=0.00..44881.29 rows=2609129 width=4) (actual time=0.017..944.569 rows=2609129 loops=1)
              ->  Hash  (cost=73925.90..73925.90 rows=656084 width=4) (actual time=1378.435..1378.435 rows=555560 loops=1)
                    Buckets: 131072  Batches: 16  Memory Usage: 2241kB
                    ->  Seq Scan on title t  (cost=0.00..73925.90 rows=656084 width=4) (actual time=0.029..1208.634 rows=555560 loops=1)
                          Filter: ((kind_id < 7) AND (production_year > 1993))
                          Rows Removed by Filter: 1972752
Planning time: 1.259 ms
Execution time: 29952.612 ms
