Seq Scan on movie_companies mc  (cost=0.00..51404.11 rows=944873 width=0) (actual time=0.019..976.940 rows=944974 loops=1)
  Filter: (company_id < 3585)
  Rows Removed by Filter: 1664155
Planning time: 0.346 ms
Execution time: 1097.787 ms
