Hash Join  (cost=239955.71..810707.19 rows=6796667 width=0) (actual time=5418.158..20107.692 rows=8361908 loops=1)
  Hash Cond: (mi.movie_id = t.id)
  ->  Seq Scan on movie_info mi  (cost=0.00..309384.22 rows=14739122 width=4) (actual time=0.012..6142.239 rows=14835720 loops=1)
  ->  Hash  (cost=220825.94..220825.94 rows=1165982 width=8) (actual time=5417.214..5417.214 rows=529954 loops=1)
        Buckets: 131072  Batches: 16  Memory Usage: 2329kB
        ->  Hash Join  (cost=84618.08..220825.94 rows=1165982 width=8) (actual time=1694.769..5269.449 rows=529954 loops=1)
              Hash Cond: (mk.movie_id = t.id)
              ->  Seq Scan on movie_keyword mk  (cost=0.00..69693.30 rows=4523930 width=4) (actual time=0.024..1572.777 rows=4523930 loops=1)
              ->  Hash  (cost=73925.90..73925.90 rows=651694 width=4) (actual time=1692.928..1692.928 rows=532575 loops=1)
                    Buckets: 131072  Batches: 16  Memory Usage: 2203kB
                    ->  Seq Scan on title t  (cost=0.00..73925.90 rows=651694 width=4) (actual time=0.026..1510.924 rows=532575 loops=1)
                          Filter: ((kind_id > 1) AND (production_year < 1997))
                          Rows Removed by Filter: 1995737
Planning time: 1.112 ms
Execution time: 21025.834 ms
