Hash Join  (cost=74483.34..831661.53 rows=638902 width=0) (actual time=1222.308..21646.711 rows=694102 loops=1)
  Hash Cond: (ci.movie_id = t.id)
  ->  Seq Scan on cast_info ci  (cost=0.00..614943.12 rows=36225612 width=4) (actual time=0.023..8927.252 rows=36244344 loops=1)
  ->  Hash  (cost=73925.90..73925.90 rows=44595 width=4) (actual time=1221.857..1221.857 rows=50569 loops=1)
        Buckets: 65536  Batches: 1  Memory Usage: 2290kB
        ->  Seq Scan on title t  (cost=0.00..73925.90 rows=44595 width=4) (actual time=0.032..1200.877 rows=50569 loops=1)
              Filter: ((kind_id > 3) AND (production_year = 2003))
              Rows Removed by Filter: 2477743
Planning time: 1.581 ms
Execution time: 21743.618 ms
