Hash Join  (cost=96184.51..178885.90 rows=617248 width=0) (actual time=2484.779..3718.800 rows=335913 loops=1)
  Hash Cond: (mc.movie_id = t.id)
  ->  Seq Scan on movie_companies mc  (cost=0.00..57926.93 rows=1150395 width=4) (actual time=0.014..1111.774 rows=978249 loops=1)
        Filter: ((company_id < 87517) AND (company_type_id = 2))
        Rows Removed by Filter: 1630880
  ->  Hash  (cost=73925.90..73925.90 rows=1356688 width=4) (actual time=1898.734..1898.734 rows=1327781 loops=1)
        Buckets: 131072  Batches: 32  Memory Usage: 2479kB
        ->  Seq Scan on title t  (cost=0.00..73925.90 rows=1356688 width=4) (actual time=0.017..1478.256 rows=1327781 loops=1)
              Filter: ((production_year < 2012) AND (kind_id = 7))
              Rows Removed by Filter: 1200531
Planning time: 0.941 ms
Execution time: 3752.760 ms
