Hash Join  (cost=73962.22..438787.48 rows=16934 width=0) (actual time=1134.046..8598.868 rows=84957 loops=1)
  Hash Cond: (mi.movie_id = t.id)
  ->  Seq Scan on movie_info mi  (cost=0.00..309384.22 rows=14739122 width=4) (actual time=0.022..4178.081 rows=14835720 loops=1)
  ->  Hash  (cost=73925.90..73925.90 rows=2905 width=4) (actual time=1133.931..1133.931 rows=7777 loops=1)
        Buckets: 8192 (originally 4096)  Batches: 1 (originally 1)  Memory Usage: 338kB
        ->  Seq Scan on title t  (cost=0.00..73925.90 rows=2905 width=4) (actual time=0.309..1130.257 rows=7777 loops=1)
              Filter: ((kind_id < 7) AND (production_year = 1985))
              Rows Removed by Filter: 2520535
Planning time: 0.822 ms
Execution time: 8614.175 ms
