Hash Join  (cost=174865.45..1053654.36 rows=4045579 width=0) (actual time=4466.143..25896.783 rows=8740976 loops=1)
  Hash Cond: (ci.movie_id = t.id)
  ->  Seq Scan on cast_info ci  (cost=0.00..705507.15 rows=11178391 width=4) (actual time=412.988..12978.211 rows=11105718 loops=1)
        Filter: (person_id < 1089409)
        Rows Removed by Filter: 25138626
  ->  Hash  (cost=159851.69..159851.69 rows=915101 width=8) (actual time=4052.241..4052.241 rows=919850 loops=1)
        Buckets: 131072  Batches: 16  Memory Usage: 3269kB
        ->  Hash Join  (cost=102767.86..159851.69 rows=915101 width=8) (actual time=2039.906..3774.347 rows=919850 loops=1)
              Hash Cond: (mi_idx.movie_id = t.id)
              ->  Seq Scan on movie_info_idx mi_idx  (cost=0.00..25185.44 rows=915101 width=4) (actual time=0.022..542.926 rows=919850 loops=1)
                    Filter: (info_type_id < 101)
                    Rows Removed by Filter: 460185
              ->  Hash  (cost=61283.27..61283.27 rows=2528527 width=4) (actual time=2038.122..2038.122 rows=2528312 loops=1)
                    Buckets: 131072  Batches: 64  Memory Usage: 2415kB
                    ->  Seq Scan on title t  (cost=0.00..61283.27 rows=2528527 width=4) (actual time=0.021..1203.727 rows=2528312 loops=1)
Planning time: 1.187 ms
Execution time: 26862.373 ms
