Hash Join  (cost=137828.76..225636.01 rows=114921 width=0) (actual time=2574.444..4871.279 rows=1271916 loops=1)
  Hash Cond: (mk.movie_id = t.id)
  ->  Seq Scan on movie_keyword mk  (cost=0.00..69693.30 rows=4523930 width=4) (actual time=0.023..1106.431 rows=4523930 loops=1)
  ->  Hash  (cost=137025.86..137025.86 rows=64232 width=8) (actual time=2573.850..2573.850 rows=52066 loops=1)
        Buckets: 65536  Batches: 1  Memory Usage: 2546kB
        ->  Hash Join  (cost=69687.24..137025.86 rows=64232 width=8) (actual time=1461.715..2556.173 rows=52066 loops=1)
              Hash Cond: (mc.movie_id = t.id)
              ->  Seq Scan on movie_companies mc  (cost=0.00..51404.11 rows=1279517 width=4) (actual time=478.511..1102.381 rows=1274246 loops=1)
                    Filter: (company_type_id = 1)
                    Rows Removed by Filter: 1334883
              ->  Hash  (cost=67604.59..67604.59 rows=126932 width=4) (actual time=982.291..982.291 rows=122861 loops=1)
                    Buckets: 131072  Batches: 2  Memory Usage: 3191kB
                    ->  Seq Scan on title t  (cost=0.00..67604.59 rows=126932 width=4) (actual time=0.057..936.771 rows=122861 loops=1)
                          Filter: (production_year = 2008)
                          Rows Removed by Filter: 2405451
Planning time: 1.126 ms
Execution time: 5034.178 ms
