Hash Join  (cost=117045.10..489726.89 rows=73994 width=0) (actual time=3445.591..10009.851 rows=1122963 loops=1)
  Hash Cond: (mi.movie_id = t.id)
  ->  Seq Scan on movie_info mi  (cost=0.00..346232.03 rows=2194617 width=4) (actual time=746.496..6284.711 rows=2233850 loops=1)
        Filter: (info_type_id > 16)
        Rows Removed by Filter: 12601870
  ->  Hash  (cost=115645.44..115645.44 rows=85253 width=8) (actual time=2541.147..2541.147 rows=243418 loops=1)
        Buckets: 131072 (originally 131072)  Batches: 4 (originally 2)  Memory Usage: 3418kB
        ->  Hash Join  (cost=76489.43..115645.44 rows=85253 width=8) (actual time=1454.549..2458.097 rows=243418 loops=1)
              Hash Cond: (mi_idx.movie_id = t.id)
              ->  Seq Scan on movie_info_idx mi_idx  (cost=0.00..21735.35 rows=1380035 width=4) (actual time=0.024..458.470 rows=1380035 loops=1)
              ->  Hash  (cost=73925.90..73925.90 rows=156202 width=4) (actual time=1307.952..1307.952 rows=291648 loops=1)
                    Buckets: 131072  Batches: 4  Memory Usage: 3589kB
                    ->  Seq Scan on title t  (cost=0.00..73925.90 rows=156202 width=4) (actual time=0.024..1214.798 rows=291648 loops=1)
                          Filter: ((production_year < 1985) AND (kind_id = 1))
                          Rows Removed by Filter: 2236664
Planning time: 3.160 ms
Execution time: 10135.805 ms
