Hash Join  (cost=102767.86..233925.24 rows=1673739 width=0) (actual time=2011.216..5227.789 rows=1683042 loops=1)
  Hash Cond: (mk.movie_id = t.id)
  ->  Seq Scan on movie_keyword mk  (cost=0.00..81003.12 rows=1673739 width=4) (actual time=0.028..1506.649 rows=1683042 loops=1)
        Filter: (keyword_id < 2609)
        Rows Removed by Filter: 2840888
  ->  Hash  (cost=61283.27..61283.27 rows=2528527 width=4) (actual time=2009.905..2009.905 rows=2528312 loops=1)
        Buckets: 131072  Batches: 64  Memory Usage: 2425kB
        ->  Seq Scan on title t  (cost=0.00..61283.27 rows=2528527 width=4) (actual time=0.014..1165.296 rows=2528312 loops=1)
Planning time: 0.702 ms
Execution time: 5424.025 ms
