Seq Scan on movie_keyword mk  (cost=0.00..81003.12 rows=246 width=0) (actual time=9.502..1187.180 rows=611 loops=1)
  Filter: (keyword_id = 2212)
  Rows Removed by Filter: 4523319
Planning time: 0.356 ms
Execution time: 1187.494 ms
