Hash Join  (cost=102767.86..182698.79 rows=503877 width=0) (actual time=1993.304..3649.754 rows=296584 loops=1)
  Hash Cond: (mc.movie_id = t.id)
  ->  Seq Scan on movie_companies mc  (cost=0.00..57926.93 rows=503877 width=4) (actual time=0.025..1007.257 rows=296584 loops=1)
        Filter: ((company_id < 4599) AND (company_type_id = 2))
        Rows Removed by Filter: 2312545
  ->  Hash  (cost=61283.27..61283.27 rows=2528527 width=4) (actual time=1991.678..1991.678 rows=2528312 loops=1)
        Buckets: 131072  Batches: 64  Memory Usage: 2415kB
        ->  Seq Scan on title t  (cost=0.00..61283.27 rows=2528527 width=4) (actual time=0.023..1197.589 rows=2528312 loops=1)
Planning time: 1.530 ms
Execution time: 3686.232 ms
