Hash Join  (cost=82805.75..220351.30 rows=1273504 width=0) (actual time=1826.131..5543.030 rows=1707915 loops=1)
  Hash Cond: (mk.movie_id = t.id)
  ->  Seq Scan on movie_keyword mk  (cost=0.00..81003.12 rows=3475569 width=4) (actual time=0.020..1640.628 rows=3470537 loops=1)
        Filter: (keyword_id > 1048)
        Rows Removed by Filter: 1053393
  ->  Hash  (cost=67604.59..67604.59 rows=926493 width=4) (actual time=1825.135..1825.135 rows=924605 loops=1)
        Buckets: 131072  Batches: 16  Memory Usage: 3063kB
        ->  Seq Scan on title t  (cost=0.00..67604.59 rows=926493 width=4) (actual time=0.020..1267.174 rows=924605 loops=1)
              Filter: (production_year < 1998)
              Rows Removed by Filter: 1603707
Planning time: 0.706 ms
Execution time: 5751.813 ms
