Hash Join  (cost=160811.35..201048.34 rows=148251 width=0) (actual time=2897.770..4121.308 rows=351684 loops=1)
  Hash Cond: (mi_idx.movie_id = t.id)
  ->  Seq Scan on movie_info_idx mi_idx  (cost=0.00..21735.35 rows=1380035 width=4) (actual time=0.023..534.673 rows=1380035 loops=1)
  ->  Hash  (cost=156353.98..156353.98 rows=271629 width=8) (actual time=2896.661..2896.661 rows=237985 loops=1)
        Buckets: 131072  Batches: 4  Memory Usage: 3351kB
        ->  Hash Join  (cost=83810.17..156353.98 rows=271629 width=8) (actual time=1482.352..2828.199 rows=237985 loops=1)
              Hash Cond: (mc.movie_id = t.id)
              ->  Seq Scan on movie_companies mc  (cost=0.00..57926.93 rows=695356 width=4) (actual time=0.020..923.734 rows=439834 loops=1)
                    Filter: ((company_id < 11586) AND (company_type_id > 1))
                    Rows Removed by Filter: 2169295
              ->  Hash  (cost=67604.59..67604.59 rows=987727 width=4) (actual time=1481.176..1481.176 rows=985048 loops=1)
                    Buckets: 131072  Batches: 16  Memory Usage: 3188kB
                    ->  Seq Scan on title t  (cost=0.00..67604.59 rows=987727 width=4) (actual time=0.019..1175.440 rows=985048 loops=1)
                          Filter: (kind_id < 7)
                          Rows Removed by Filter: 1543264
Planning time: 1.243 ms
Execution time: 4167.775 ms
