Seq Scan on cast_info ci  (cost=0.00..796071.18 rows=176 width=0) (actual time=1095.657..9783.887 rows=2 loops=1)
  Filter: ((person_id = 501082) AND (role_id = 1))
  Rows Removed by Filter: 36244342
Planning time: 1.483 ms
Execution time: 9784.018 ms
