Seq Scan on movie_keyword mk  (cost=0.00..81003.12 rows=3444556 width=0) (actual time=0.027..1620.243 rows=3437233 loops=1)
  Filter: (keyword_id > 1105)
  Rows Removed by Filter: 1086697
Planning time: 0.331 ms
Execution time: 2065.163 ms
