Hash Join  (cost=119440.36..606014.73 rows=634246 width=0) (actual time=2238.770..15625.233 rows=3825839 loops=1)
  Hash Cond: (mi.movie_id = t.id)
  ->  Seq Scan on movie_info mi  (cost=0.00..309384.22 rows=14739122 width=4) (actual time=0.022..5780.680 rows=14835720 loops=1)
  ->  Hash  (cost=117654.28..117654.28 rows=108806 width=8) (actual time=2237.894..2237.894 rows=175862 loops=1)
        Buckets: 131072 (originally 131072)  Batches: 4 (originally 2)  Memory Usage: 3073kB
        ->  Hash Join  (cost=83718.12..117654.28 rows=108806 width=8) (actual time=1418.571..2168.077 rows=175862 loops=1)
              Hash Cond: (mi_idx.movie_id = t.id)
              ->  Seq Scan on movie_info_idx mi_idx  (cost=0.00..25185.44 rows=460978 width=4) (actual time=0.036..504.761 rows=459925 loops=1)
                    Filter: (info_type_id = 99)
                    Rows Removed by Filter: 920110
              ->  Hash  (cost=73925.90..73925.90 rows=596817 width=4) (actual time=1277.374..1277.374 rows=479112 loops=1)
                    Buckets: 131072  Batches: 8  Memory Usage: 3143kB
                    ->  Seq Scan on title t  (cost=0.00..73925.90 rows=596817 width=4) (actual time=309.212..1128.260 rows=479112 loops=1)
                          Filter: ((kind_id < 2) AND (production_year > 1955))
                          Rows Removed by Filter: 2049200
Planning time: 1.155 ms
Execution time: 16096.108 ms
