Hash Join  (cost=102767.86..174872.07 rows=178663 width=0) (actual time=2245.194..3667.525 rows=279606 loops=1)
  Hash Cond: (mc.movie_id = t.id)
  ->  Seq Scan on movie_companies mc  (cost=0.00..57926.93 rows=178663 width=4) (actual time=0.014..829.637 rows=279606 loops=1)
        Filter: ((company_id < 184) AND (company_type_id < 2))
        Rows Removed by Filter: 2329523
  ->  Hash  (cost=61283.27..61283.27 rows=2528527 width=4) (actual time=2244.105..2244.105 rows=2528312 loops=1)
        Buckets: 131072  Batches: 64  Memory Usage: 2415kB
        ->  Seq Scan on title t  (cost=0.00..61283.27 rows=2528527 width=4) (actual time=0.023..1083.640 rows=2528312 loops=1)
Planning time: 0.748 ms
Execution time: 3695.756 ms
