Hash Join  (cost=130750.26..921952.06 rows=83978 width=0) (actual time=2375.310..19892.803 rows=254423 loops=1)
  Hash Cond: (ci.movie_id = t.id)
  ->  Seq Scan on cast_info ci  (cost=0.00..705507.15 rows=22627965 width=4) (actual time=0.018..12511.174 rows=22487855 loops=1)
        Filter: (person_id < 2293724)
        Rows Removed by Filter: 13756489
  ->  Hash  (cost=130632.96..130632.96 rows=9384 width=8) (actual time=2374.909..2374.909 rows=12883 loops=1)
        Buckets: 16384  Batches: 1  Memory Usage: 632kB
        ->  Hash Join  (cost=74148.97..130632.96 rows=9384 width=8) (actual time=1261.625..2369.759 rows=12883 loops=1)
              Hash Cond: (mc.movie_id = t.id)
              ->  Seq Scan on movie_companies mc  (cost=0.00..51404.11 rows=1329612 width=4) (actual time=0.016..961.238 rows=1334883 loops=1)
                    Filter: (company_type_id > 1)
                    Rows Removed by Filter: 1274246
              ->  Hash  (cost=73925.90..73925.90 rows=17845 width=4) (actual time=1147.134..1147.134 rows=10782 loops=1)
                    Buckets: 32768  Batches: 1  Memory Usage: 636kB
                    ->  Seq Scan on title t  (cost=0.00..73925.90 rows=17845 width=4) (actual time=40.509..1142.204 rows=10782 loops=1)
                          Filter: ((kind_id = 1) AND (production_year = 2003))
                          Rows Removed by Filter: 2517530
Planning time: 1.172 ms
Execution time: 19931.429 ms
