Hash Join  (cost=74426.67..906852.14 rows=147369 width=0) (actual time=9993.478..20055.272 rows=165500 loops=1)
  Hash Cond: (ci.movie_id = t.id)
  ->  Seq Scan on cast_info ci  (cost=0.00..796071.18 rows=9301493 width=4) (actual time=8820.361..15513.889 rows=12670688 loops=1)
        Filter: ((person_id < 2737463) AND (role_id = 1))
        Rows Removed by Filter: 23573656
  ->  Hash  (cost=73925.90..73925.90 rows=40061 width=4) (actual time=1172.530..1172.530 rows=40120 loops=1)
        Buckets: 65536  Batches: 1  Memory Usage: 1923kB
        ->  Seq Scan on title t  (cost=0.00..73925.90 rows=40061 width=4) (actual time=0.030..1155.155 rows=40120 loops=1)
              Filter: ((kind_id = 7) AND (production_year = 2013))
              Rows Removed by Filter: 2488192
Planning time: 0.790 ms
Execution time: 20079.446 ms
