Hash Join  (cost=427712.55..482426.93 rows=4886 width=0) (actual time=6125.352..7779.253 rows=793297 loops=1)
  Hash Cond: (mc.movie_id = t.id)
  ->  Seq Scan on movie_companies mc  (cost=0.00..44881.29 rows=2609129 width=4) (actual time=0.027..578.955 rows=2609129 loops=1)
  ->  Hash  (cost=427653.36..427653.36 rows=4735 width=8) (actual time=6125.176..6125.176 rows=113025 loops=1)
        Buckets: 131072 (originally 8192)  Batches: 2 (originally 1)  Memory Usage: 3235kB
        ->  Hash Join  (cost=78556.72..427653.36 rows=4735 width=8) (actual time=5021.681..6086.580 rows=113025 loops=1)
              Hash Cond: (mi.movie_id = t.id)
              ->  Seq Scan on movie_info mi  (cost=0.00..346232.03 rows=17937 width=4) (actual time=3760.548..4608.661 rows=140065 loops=1)
                    Filter: (info_type_id = 9)
                    Rows Removed by Filter: 14695655
              ->  Hash  (cost=67604.59..67604.59 rows=667531 width=4) (actual time=1254.484..1254.484 rows=662825 loops=1)
                    Buckets: 131072  Batches: 16  Memory Usage: 2485kB
                    ->  Seq Scan on title t  (cost=0.00..67604.59 rows=667531 width=4) (actual time=193.321..1033.511 rows=662825 loops=1)
                          Filter: (kind_id = 1)
                          Rows Removed by Filter: 1865487
Planning time: 1.240 ms
Execution time: 7858.394 ms
