Hash Join  (cost=187427.27..227528.68 rows=140392 width=0) (actual time=3780.957..5545.031 rows=1206406 loops=1)
  Hash Cond: (mi_idx.movie_id = t.id)
  ->  Seq Scan on movie_info_idx mi_idx  (cost=0.00..21735.35 rows=1380035 width=4) (actual time=0.018..488.553 rows=1380035 loops=1)
  ->  Hash  (cost=183206.89..183206.89 rows=257230 width=8) (actual time=3780.126..3780.126 rows=544747 loops=1)
        Buckets: 131072 (originally 131072)  Batches: 8 (originally 4)  Memory Usage: 3710kB
        ->  Hash Join  (cost=87150.54..183206.89 rows=257230 width=8) (actual time=1573.900..3619.653 rows=544747 loops=1)
              Hash Cond: (mk.movie_id = t.id)
              ->  Seq Scan on movie_keyword mk  (cost=0.00..81003.12 rows=806913 width=4) (actual time=0.016..1367.585 rows=809825 loops=1)
                    Filter: (keyword_id < 784)
                    Rows Removed by Filter: 3714105
              ->  Hash  (cost=73925.90..73925.90 rows=806051 width=4) (actual time=1573.047..1573.047 rows=719730 loops=1)
                    Buckets: 131072  Batches: 16  Memory Usage: 2615kB
                    ->  Seq Scan on title t  (cost=0.00..73925.90 rows=806051 width=4) (actual time=0.019..1329.956 rows=719730 loops=1)
                          Filter: ((kind_id < 7) AND (production_year > 1971))
                          Rows Removed by Filter: 1808582
Planning time: 1.141 ms
Execution time: 5688.585 ms
