Seq Scan on movie_keyword mk  (cost=0.00..81003.12 rows=2417903 width=0) (actual time=0.016..1486.282 rows=2410878 loops=1)
  Filter: (keyword_id > 3842)
  Rows Removed by Filter: 2113052
Planning time: 0.307 ms
Execution time: 1780.397 ms
