Hash Join  (cost=102767.86..1237780.94 rows=13675317 width=0) (actual time=1932.601..33825.593 rows=16040227 loops=1)
  Hash Cond: (ci.movie_id = t.id)
  ->  Seq Scan on cast_info ci  (cost=0.00..796071.18 rows=13675317 width=4) (actual time=0.015..15582.754 rows=16040227 loops=1)
        Filter: ((person_id < 1831036) AND (role_id < 5))
        Rows Removed by Filter: 20204117
  ->  Hash  (cost=61283.27..61283.27 rows=2528527 width=4) (actual time=1930.647..1930.647 rows=2528312 loops=1)
        Buckets: 131072  Batches: 64  Memory Usage: 2415kB
        ->  Seq Scan on title t  (cost=0.00..61283.27 rows=2528527 width=4) (actual time=0.026..1089.370 rows=2528312 loops=1)
Planning time: 0.741 ms
Execution time: 35736.167 ms
