Nested Loop  (cost=0.43..83072.29 rows=111 width=0) (actual time=12.780..1208.739 rows=18 loops=1)
  ->  Seq Scan on movie_keyword mk  (cost=0.00..81003.12 rows=246 width=4) (actual time=12.706..1205.463 rows=24 loops=1)
        Filter: (keyword_id = 84135)
        Rows Removed by Filter: 4523906
  ->  Index Scan using title_pkey on title t  (cost=0.43..8.40 rows=1 width=4) (actual time=0.130..0.131 rows=1 loops=24)
        Index Cond: (id = mk.movie_id)
        Filter: (production_year < 2002)
        Rows Removed by Filter: 0
Planning time: 0.726 ms
Execution time: 1208.861 ms
