Seq Scan on movie_keyword mk  (cost=0.00..81003.12 rows=3745216 width=0) (actual time=0.011..1489.483 rows=3736749 loops=1)
  Filter: (keyword_id < 23925)
  Rows Removed by Filter: 787181
Planning time: 0.502 ms
Execution time: 1953.152 ms
