Seq Scan on movie_keyword mk  (cost=0.00..81003.12 rows=1982805 width=0) (actual time=0.024..1451.523 rows=1988234 loops=1)
  Filter: (keyword_id > 6314)
  Rows Removed by Filter: 2535696
Planning time: 0.910 ms
Execution time: 1703.492 ms
