Hash Join  (cost=135585.29..222258.84 rows=1551 width=0) (actual time=2243.293..3828.900 rows=12266 loops=1)
  Hash Cond: (mk.movie_id = t.id)
  ->  Seq Scan on movie_keyword mk  (cost=0.00..69693.30 rows=4523930 width=4) (actual time=0.023..954.702 rows=4523930 loops=1)
  ->  Hash  (cost=135574.45..135574.45 rows=867 width=8) (actual time=2100.922..2100.922 rows=2436 loops=1)
        Buckets: 4096 (originally 1024)  Batches: 1 (originally 1)  Memory Usage: 128kB
        ->  Hash Join  (cost=73953.78..135574.45 rows=867 width=8) (actual time=1027.420..2099.804 rows=2436 loops=1)
              Hash Cond: (mc.movie_id = t.id)
              ->  Seq Scan on movie_companies mc  (cost=0.00..57926.93 rows=982685 width=4) (actual time=0.031..949.502 rows=842457 loops=1)
                    Filter: ((company_id > 688) AND (company_type_id < 2))
                    Rows Removed by Filter: 1766672
              ->  Hash  (cost=73925.90..73925.90 rows=2230 width=4) (actual time=1027.259..1027.259 rows=3065 loops=1)
                    Buckets: 4096  Batches: 1  Memory Usage: 140kB
                    ->  Seq Scan on title t  (cost=0.00..73925.90 rows=2230 width=4) (actual time=194.929..1025.786 rows=3065 loops=1)
                          Filter: ((kind_id < 3) AND (production_year = 1922))
                          Rows Removed by Filter: 2525247
Planning time: 1.242 ms
Execution time: 3830.537 ms
