Hash Join  (cost=433840.22..1290852.39 rows=404432 width=0) (actual time=6808.191..26152.582 rows=338651 loops=1)
  Hash Cond: (ci.movie_id = t.id)
  ->  Seq Scan on cast_info ci  (cost=0.00..705507.15 rows=12726058 width=4) (actual time=0.021..13580.391 rows=12670688 loops=1)
        Filter: (role_id < 2)
        Rows Removed by Filter: 23573656
  ->  Hash  (cost=432521.77..432521.77 rows=80356 width=8) (actual time=6805.833..6805.833 rows=65884 loops=1)
        Buckets: 131072  Batches: 2  Memory Usage: 2309kB
        ->  Hash Join  (cost=70241.71..432521.77 rows=80356 width=8) (actual time=1620.884..6781.743 rows=65884 loops=1)
              Hash Cond: (mi.movie_id = t.id)
              ->  Seq Scan on movie_info mi  (cost=0.00..346232.03 rows=1264125 width=4) (actual time=483.961..5058.373 rows=1288928 loops=1)
                    Filter: (info_type_id = 2)
                    Rows Removed by Filter: 13546792
              ->  Hash  (cost=67604.59..67604.59 rows=160730 width=4) (actual time=1136.105..1136.105 rows=160017 loops=1)
                    Buckets: 131072  Batches: 4  Memory Usage: 2442kB
                    ->  Seq Scan on title t  (cost=0.00..67604.59 rows=160730 width=4) (actual time=0.027..1076.285 rows=160017 loops=1)
                          Filter: (production_year = 2011)
                          Rows Removed by Filter: 2368295
Planning time: 1.195 ms
Execution time: 26196.694 ms
