Hash Join  (cost=190230.21..1391027.16 rows=15709417 width=0) (actual time=4669.264..44906.344 rows=31992119 loops=1)
  Hash Cond: (ci.movie_id = t.id)
  ->  Seq Scan on cast_info ci  (cost=0.00..705507.15 rows=28783100 width=4) (actual time=0.024..15657.477 rows=28744877 loops=1)
        Filter: (person_id < 2922315)
        Rows Removed by Filter: 7499467
  ->  Hash  (cost=167588.78..167588.78 rows=1380035 width=8) (actual time=4668.329..4668.329 rows=1380035 loops=1)
        Buckets: 131072  Batches: 32  Memory Usage: 2708kB
        ->  Hash Join  (cost=102767.86..167588.78 rows=1380035 width=8) (actual time=2241.156..4223.931 rows=1380035 loops=1)
              Hash Cond: (mi_idx.movie_id = t.id)
              ->  Seq Scan on movie_info_idx mi_idx  (cost=0.00..21735.35 rows=1380035 width=4) (actual time=0.019..432.944 rows=1380035 loops=1)
              ->  Hash  (cost=61283.27..61283.27 rows=2528527 width=4) (actual time=2240.243..2240.243 rows=2528312 loops=1)
                    Buckets: 131072  Batches: 64  Memory Usage: 2415kB
                    ->  Seq Scan on title t  (cost=0.00..61283.27 rows=2528527 width=4) (actual time=0.017..1045.173 rows=2528312 loops=1)
Planning time: 1.210 ms
Execution time: 48747.878 ms
