Hash Join  (cost=615869.18..1823850.63 rows=16636225 width=0) (actual time=17239.728..45686.064 rows=27121152 loops=1)
  Hash Cond: (ci.movie_id = t.id)
  ->  Seq Scan on cast_info ci  (cost=0.00..705507.15 rows=18367107 width=4) (actual time=2153.570..13288.249 rows=18534845 loops=1)
        Filter: (person_id > 1753706)
        Rows Removed by Filter: 17709499
  ->  Hash  (cost=578294.15..578294.15 rows=2290243 width=8) (actual time=15084.534..15084.534 rows=1726523 loops=1)
        Buckets: 131072  Batches: 32  Memory Usage: 3085kB
        ->  Hash Join  (cost=74050.79..578294.15 rows=2290243 width=8) (actual time=1346.651..14570.514 rows=1726523 loops=1)
              Hash Cond: (mi.movie_id = t.id)
              ->  Seq Scan on movie_info mi  (cost=0.00..309384.22 rows=14739122 width=4) (actual time=0.029..6050.843 rows=14835720 loops=1)
              ->  Hash  (cost=67604.59..67604.59 rows=392896 width=4) (actual time=1345.621..1345.621 rows=391666 loops=1)
                    Buckets: 131072  Batches: 8  Memory Usage: 2759kB
                    ->  Seq Scan on title t  (cost=0.00..67604.59 rows=392896 width=4) (actual time=0.029..1212.459 rows=391666 loops=1)
                          Filter: (production_year > 2010)
                          Rows Removed by Filter: 2136646
Planning time: 1.170 ms
Execution time: 48990.461 ms
