Hash Join  (cost=85777.42..185877.35 rows=405801 width=0) (actual time=1665.928..3755.973 rows=305266 loops=1)
  Hash Cond: (mk.movie_id = t.id)
  ->  Seq Scan on movie_keyword mk  (cost=0.00..81003.12 rows=926343 width=4) (actual time=0.025..1401.017 rows=931394 loops=1)
        Filter: (keyword_id > 20319)
        Rows Removed by Filter: 3592536
  ->  Hash  (cost=67604.59..67604.59 rows=1107667 width=4) (actual time=1664.719..1664.719 rows=1107925 loops=1)
        Buckets: 131072  Batches: 16  Memory Usage: 3467kB
        ->  Seq Scan on title t  (cost=0.00..67604.59 rows=1107667 width=4) (actual time=0.020..1303.106 rows=1107925 loops=1)
              Filter: (production_year > 2004)
              Rows Removed by Filter: 1420387
Planning time: 0.727 ms
Execution time: 3792.275 ms
