Seq Scan on movie_companies mc  (cost=0.00..51404.11 rows=2151495 width=0) (actual time=0.015..1031.834 rows=2148010 loops=1)
  Filter: (company_id < 76538)
  Rows Removed by Filter: 461119
Planning time: 0.530 ms
Execution time: 1293.745 ms
