Hash Join  (cost=219197.63..1173990.43 rows=8002036 width=0) (actual time=10364.338..26415.058 rows=5923125 loops=1)
  Hash Cond: (ci.movie_id = t.id)
  ->  Seq Scan on cast_info ci  (cost=0.00..705507.15 rows=12726058 width=4) (actual time=6215.664..14425.872 rows=12670688 loops=1)
        Filter: (role_id = 1)
        Rows Removed by Filter: 23573656
  ->  Hash  (cost=193112.68..193112.68 rows=1589916 width=8) (actual time=4147.355..4147.355 rows=717308 loops=1)
        Buckets: 131072  Batches: 32  Memory Usage: 1871kB
        ->  Hash Join  (cost=92883.59..193112.68 rows=1589916 width=8) (actual time=1735.363..3929.587 rows=717308 loops=1)
              Hash Cond: (mc.movie_id = t.id)
              ->  Seq Scan on movie_companies mc  (cost=0.00..44881.29 rows=2609129 width=4) (actual time=0.021..792.327 rows=2609129 loops=1)
              ->  Hash  (cost=67604.59..67604.59 rows=1540800 width=4) (actual time=1417.540..1417.540 rows=1543264 loops=1)
                    Buckets: 131072  Batches: 32  Memory Usage: 2722kB
                    ->  Seq Scan on title t  (cost=0.00..67604.59 rows=1540800 width=4) (actual time=0.025..920.654 rows=1543264 loops=1)
                          Filter: (kind_id = 7)
                          Rows Removed by Filter: 985048
Planning time: 1.198 ms
Execution time: 27135.726 ms
