Hash Join  (cost=91342.70..130148.65 rows=263784 width=0) (actual time=1745.152..2843.550 rows=316298 loops=1)
  Hash Cond: (mi_idx.movie_id = t.id)
  ->  Seq Scan on movie_info_idx mi_idx  (cost=0.00..25185.44 rows=460978 width=4) (actual time=0.020..513.727 rows=459925 loops=1)
        Filter: (info_type_id < 100)
        Rows Removed by Filter: 920110
  ->  Hash  (cost=67604.59..67604.59 rows=1446889 width=4) (actual time=1744.101..1744.101 rows=1443298 loops=1)
        Buckets: 131072  Batches: 32  Memory Usage: 2608kB
        ->  Seq Scan on title t  (cost=0.00..67604.59 rows=1446889 width=4) (actual time=0.019..1278.617 rows=1443298 loops=1)
              Filter: (production_year < 2006)
              Rows Removed by Filter: 1085014
Planning time: 0.774 ms
Execution time: 2883.111 ms
