Hash Join  (cost=102767.86..940622.46 rows=1325872 width=0) (actual time=10753.364..13976.995 rows=1323 loops=1)
  Hash Cond: (ci.movie_id = t.id)
  ->  Seq Scan on cast_info ci  (cost=0.00..796071.18 rows=1325872 width=4) (actual time=8823.884..11686.945 rows=1323 loops=1)
        Filter: ((person_id < 628004) AND (role_id = 2))
        Rows Removed by Filter: 36243021
  ->  Hash  (cost=61283.27..61283.27 rows=2528527 width=4) (actual time=1878.896..1878.896 rows=2528312 loops=1)
        Buckets: 131072  Batches: 64  Memory Usage: 2415kB
        ->  Seq Scan on title t  (cost=0.00..61283.27 rows=2528527 width=4) (actual time=0.012..1026.912 rows=2528312 loops=1)
Planning time: 0.729 ms
Execution time: 13977.290 ms
