Hash Join  (cost=74246.92..870607.36 rows=763 width=0) (actual time=7369.455..12864.013 rows=841 loops=1)
  Hash Cond: (ci.movie_id = t.id)
  ->  Seq Scan on cast_info ci  (cost=0.00..796071.18 rows=75103 width=4) (actual time=6073.751..11557.561 rows=37184 loops=1)
        Filter: ((person_id < 287585) AND (role_id = 5))
        Rows Removed by Filter: 36207160
  ->  Hash  (cost=73925.90..73925.90 rows=25681 width=4) (actual time=1295.065..1295.065 rows=23707 loops=1)
        Buckets: 32768  Batches: 1  Memory Usage: 1090kB
        ->  Seq Scan on title t  (cost=0.00..73925.90 rows=25681 width=4) (actual time=0.310..1284.633 rows=23707 loops=1)
              Filter: ((kind_id < 7) AND (production_year = 2013))
              Rows Removed by Filter: 2504605
Planning time: 0.752 ms
Execution time: 12864.318 ms
