Hash Join  (cost=52284.46..416942.78 rows=239 width=0) (actual time=1545.770..7906.164 rows=8 loops=1)
  Hash Cond: (mi.movie_id = t.id)
  ->  Seq Scan on movie_info mi  (cost=0.00..309384.22 rows=14739122 width=4) (actual time=0.013..4395.834 rows=14835720 loops=1)
  ->  Hash  (cost=52283.95..52283.95 rows=41 width=8) (actual time=806.718..806.718 rows=1 loops=1)
        Buckets: 1024  Batches: 1  Memory Usage: 9kB
        ->  Nested Loop  (cost=0.43..52283.95 rows=41 width=8) (actual time=639.777..806.710 rows=1 loops=1)
              ->  Seq Scan on movie_companies mc  (cost=0.00..51404.11 rows=104 width=4) (actual time=639.733..806.664 rows=1 loops=1)
                    Filter: (company_id = 198011)
                    Rows Removed by Filter: 2609128
              ->  Index Scan using title_pkey on title t  (cost=0.43..8.45 rows=1 width=4) (actual time=0.038..0.039 rows=1 loops=1)
                    Index Cond: (id = mc.movie_id)
                    Filter: (kind_id < 7)
Planning time: 1.225 ms
Execution time: 7906.345 ms
