Seq Scan on cast_info ci  (cost=0.00..796071.18 rows=4448587 width=0) (actual time=3793.317..13324.191 rows=8094142 loops=1)
  Filter: ((person_id > 2339295) AND (role_id > 3))
  Rows Removed by Filter: 28150202
Planning time: 0.340 ms
Execution time: 14337.855 ms
