Hash Join  (cost=77406.83..117086.22 rows=115791 width=0) (actual time=1240.095..2137.345 rows=29874 loops=1)
  Hash Cond: (mi_idx.movie_id = t.id)
  ->  Seq Scan on movie_info_idx mi_idx  (cost=0.00..21735.35 rows=1380035 width=4) (actual time=0.032..392.932 rows=1380035 loops=1)
  ->  Hash  (cost=73925.90..73925.90 rows=212154 width=4) (actual time=1238.588..1238.588 rows=82748 loops=1)
        Buckets: 131072  Batches: 4  Memory Usage: 1751kB
        ->  Seq Scan on title t  (cost=0.00..73925.90 rows=212154 width=4) (actual time=0.112..1209.821 rows=82748 loops=1)
              Filter: ((kind_id > 1) AND (production_year < 1964))
              Rows Removed by Filter: 2445564
Planning time: 0.742 ms
Execution time: 2141.202 ms
