Hash Join  (cost=160526.42..1339730.25 rows=10508297 width=0) (actual time=3453.210..38942.371 rows=12683220 loops=1)
  Hash Cond: (ci.movie_id = t.id)
  ->  Seq Scan on cast_info ci  (cost=0.00..705507.15 rows=31595932 width=4) (actual time=0.016..16698.961 rows=31574875 loops=1)
        Filter: (person_id < 3215132)
        Rows Removed by Filter: 4669469
  ->  Hash  (cost=146729.58..146729.58 rows=840947 width=8) (actual time=3452.182..3452.182 rows=425718 loops=1)
        Buckets: 131072  Batches: 16  Memory Usage: 2062kB
        ->  Hash Join  (cost=92883.59..146729.58 rows=840947 width=8) (actual time=1842.580..3321.482 rows=425718 loops=1)
              Hash Cond: (mi_idx.movie_id = t.id)
              ->  Seq Scan on movie_info_idx mi_idx  (cost=0.00..21735.35 rows=1380035 width=4) (actual time=0.025..485.018 rows=1380035 loops=1)
              ->  Hash  (cost=67604.59..67604.59 rows=1540800 width=4) (actual time=1762.237..1762.237 rows=1543264 loops=1)
                    Buckets: 131072  Batches: 32  Memory Usage: 2722kB
                    ->  Seq Scan on title t  (cost=0.00..67604.59 rows=1540800 width=4) (actual time=0.030..1279.924 rows=1543264 loops=1)
                          Filter: (kind_id = 7)
                          Rows Removed by Filter: 985048
Planning time: 1.157 ms
Execution time: 40390.793 ms
