Hash Join  (cost=317137.71..1023583.61 rows=17787217 width=0) (actual time=7138.690..57431.414 rows=155988392 loops=1)
  Hash Cond: (mi.movie_id = t.id)
  ->  Seq Scan on movie_info mi  (cost=0.00..309384.22 rows=14739122 width=4) (actual time=0.012..6215.992 rows=14835720 loops=1)
  ->  Hash  (cost=267074.79..267074.79 rows=3051434 width=8) (actual time=7136.846..7136.846 rows=3039755 loops=1)
        Buckets: 131072  Batches: 64  Memory Usage: 2981kB
        ->  Hash Join  (cost=102767.86..267074.79 rows=3051434 width=8) (actual time=1986.401..6283.396 rows=3039755 loops=1)
              Hash Cond: (mk.movie_id = t.id)
              ->  Seq Scan on movie_keyword mk  (cost=0.00..81003.12 rows=3051434 width=4) (actual time=0.010..1715.708 rows=3039755 loops=1)
                    Filter: (keyword_id < 11016)
                    Rows Removed by Filter: 1484175
              ->  Hash  (cost=61283.27..61283.27 rows=2528527 width=4) (actual time=1985.450..1985.450 rows=2528312 loops=1)
                    Buckets: 131072  Batches: 64  Memory Usage: 2425kB
                    ->  Seq Scan on title t  (cost=0.00..61283.27 rows=2528527 width=4) (actual time=0.016..1138.066 rows=2528312 loops=1)
Planning time: 0.831 ms
Execution time: 73887.059 ms
