Hash Join  (cost=102767.86..194334.89 rows=1258518 width=0) (actual time=1874.477..4348.918 rows=1251345 loops=1)
  Hash Cond: (mc.movie_id = t.id)
  ->  Seq Scan on movie_companies mc  (cost=0.00..51404.11 rows=1258518 width=4) (actual time=0.026..1024.843 rows=1251345 loops=1)
        Filter: (company_id < 11153)
        Rows Removed by Filter: 1357784
  ->  Hash  (cost=61283.27..61283.27 rows=2528527 width=4) (actual time=1873.432..1873.432 rows=2528312 loops=1)
        Buckets: 131072  Batches: 64  Memory Usage: 2415kB
        ->  Seq Scan on title t  (cost=0.00..61283.27 rows=2528527 width=4) (actual time=0.023..1044.260 rows=2528312 loops=1)
Planning time: 0.700 ms
Execution time: 4498.913 ms
