Seq Scan on movie_keyword mk  (cost=0.00..81003.12 rows=246 width=12) (actual time=264.737..1249.047 rows=3 loops=1)
  Filter: (keyword_id = 82955)
  Rows Removed by Filter: 4523927
Planning time: 0.354 ms
Execution time: 1249.082 ms
