Hash Join  (cost=75199.97..493737.89 rows=186181 width=0) (actual time=1858.061..9647.402 rows=134593 loops=1)
  Hash Cond: (mi.movie_id = t.id)
  ->  Seq Scan on movie_info mi  (cost=0.00..346232.03 rows=6066156 width=4) (actual time=607.694..6347.387 rows=6049138 loops=1)
        Filter: (info_type_id > 12)
        Rows Removed by Filter: 8786582
  ->  Hash  (cost=73925.90..73925.90 rows=77605 width=4) (actual time=1249.503..1249.503 rows=84684 loops=1)
        Buckets: 131072  Batches: 2  Memory Usage: 2518kB
        ->  Seq Scan on title t  (cost=0.00..73925.90 rows=77605 width=4) (actual time=0.037..1213.796 rows=84684 loops=1)
              Filter: ((kind_id = 7) AND (production_year = 2009))
              Rows Removed by Filter: 2443628
Planning time: 0.835 ms
Execution time: 9664.336 ms
