Hash Join  (cost=100843.84..921062.01 rows=418 width=0) (actual time=1718.199..16404.149 rows=2709 loops=1)
  Hash Cond: (ci.movie_id = t.id)
  ->  Seq Scan on cast_info ci  (cost=0.00..796071.18 rows=6438084 width=4) (actual time=0.025..13269.258 rows=9907118 loops=1)
        Filter: ((person_id > 2722370) AND (role_id > 1))
        Rows Removed by Filter: 26337226
  ->  Hash  (cost=100841.79..100841.79 rows=164 width=8) (actual time=1716.626..1716.626 rows=681 loops=1)
        Buckets: 1024  Batches: 1  Memory Usage: 35kB
        ->  Hash Join  (cost=73929.67..100841.79 rows=164 width=8) (actual time=1181.273..1716.311 rows=681 loops=1)
              Hash Cond: (mi_idx.movie_id = t.id)
              ->  Seq Scan on movie_info_idx mi_idx  (cost=0.00..21735.35 rows=1380035 width=4) (actual time=0.025..285.443 rows=1380035 loops=1)
              ->  Hash  (cost=73925.90..73925.90 rows=301 width=4) (actual time=1178.660..1178.660 rows=1041 loops=1)
                    Buckets: 2048 (originally 1024)  Batches: 1 (originally 1)  Memory Usage: 53kB
                    ->  Seq Scan on title t  (cost=0.00..73925.90 rows=301 width=4) (actual time=139.788..1177.991 rows=1041 loops=1)
                          Filter: ((kind_id = 3) AND (production_year = 1972))
                          Rows Removed by Filter: 2527271
Planning time: 1.137 ms
Execution time: 16405.065 ms
