Seq Scan on movie_keyword mk  (cost=0.00..81003.12 rows=246 width=0) (actual time=301.411..1225.165 rows=15 loops=1)
  Filter: (keyword_id = 78525)
  Rows Removed by Filter: 4523915
Planning time: 0.974 ms
Execution time: 1225.274 ms
