Seq Scan on movie_keyword mk  (cost=0.00..81003.12 rows=246 width=0) (actual time=0.032..1292.296 rows=553 loops=1)
  Filter: (keyword_id = 40156)
  Rows Removed by Filter: 4523377
Planning time: 0.248 ms
Execution time: 1292.603 ms
