Hash Join  (cost=122535.74..918832.71 rows=181 width=0) (actual time=13738.575..14579.828 rows=2114 loops=1)
  Hash Cond: (ci.movie_id = t.id)
  ->  Seq Scan on cast_info ci  (cost=0.00..796071.18 rows=59728 width=4) (actual time=11331.179..12132.047 rows=214140 loops=1)
        Filter: ((person_id > 3026599) AND (role_id > 10))
        Rows Removed by Filter: 36030204
  ->  Hash  (cost=122439.81..122439.81 rows=7674 width=8) (actual time=2406.949..2406.949 rows=17853 loops=1)
        Buckets: 32768 (originally 8192)  Batches: 1 (originally 1)  Memory Usage: 954kB
        ->  Hash Join  (cost=67697.55..122439.81 rows=7674 width=8) (actual time=1096.108..2398.969 rows=17853 loops=1)
              Hash Cond: (mc.movie_id = t.id)
              ->  Seq Scan on movie_companies mc  (cost=0.00..44881.29 rows=2609129 width=4) (actual time=0.016..714.863 rows=2609129 loops=1)
              ->  Hash  (cost=67604.59..67604.59 rows=7437 width=4) (actual time=1095.629..1095.629 rows=14442 loops=1)
                    Buckets: 16384 (originally 8192)  Batches: 1 (originally 1)  Memory Usage: 636kB
                    ->  Seq Scan on title t  (cost=0.00..67604.59 rows=7437 width=4) (actual time=0.104..1088.545 rows=14442 loops=1)
                          Filter: (production_year = 1971)
                          Rows Removed by Filter: 2513870
Planning time: 1.177 ms
Execution time: 14580.462 ms
