Hash Join  (cost=190230.21..341938.47 rows=2094393 width=0) (actual time=4911.678..11010.147 rows=8836217 loops=1)
  Hash Cond: (mk.movie_id = t.id)
  ->  Seq Scan on movie_keyword mk  (cost=0.00..81003.12 rows=3837388 width=4) (actual time=0.017..1843.575 rows=3831922 loops=1)
        Filter: (keyword_id < 27212)
        Rows Removed by Filter: 692008
  ->  Hash  (cost=167588.78..167588.78 rows=1380035 width=8) (actual time=4910.068..4910.068 rows=1380035 loops=1)
        Buckets: 131072  Batches: 32  Memory Usage: 2726kB
        ->  Hash Join  (cost=102767.86..167588.78 rows=1380035 width=8) (actual time=2584.651..4513.479 rows=1380035 loops=1)
              Hash Cond: (mi_idx.movie_id = t.id)
              ->  Seq Scan on movie_info_idx mi_idx  (cost=0.00..21735.35 rows=1380035 width=4) (actual time=0.014..488.350 rows=1380035 loops=1)
              ->  Hash  (cost=61283.27..61283.27 rows=2528527 width=4) (actual time=2582.312..2582.312 rows=2528312 loops=1)
                    Buckets: 131072  Batches: 64  Memory Usage: 2415kB
                    ->  Seq Scan on title t  (cost=0.00..61283.27 rows=2528527 width=4) (actual time=0.026..1141.696 rows=2528312 loops=1)
Planning time: 1.129 ms
Execution time: 12075.854 ms
