Hash Join  (cost=102767.86..219748.17 rows=2314720 width=0) (actual time=1881.427..5451.026 rows=2309360 loops=1)
  Hash Cond: (mc.movie_id = t.id)
  ->  Seq Scan on movie_companies mc  (cost=0.00..51404.11 rows=2314720 width=4) (actual time=0.026..1138.123 rows=2309360 loops=1)
        Filter: (company_id < 94330)
        Rows Removed by Filter: 299769
  ->  Hash  (cost=61283.27..61283.27 rows=2528527 width=4) (actual time=1879.985..1879.985 rows=2528312 loops=1)
        Buckets: 131072  Batches: 64  Memory Usage: 2415kB
        ->  Seq Scan on title t  (cost=0.00..61283.27 rows=2528527 width=4) (actual time=0.015..1028.435 rows=2528312 loops=1)
Planning time: 0.744 ms
Execution time: 5727.057 ms
