Nested Loop  (cost=0.43..709674.40 rows=129 width=0) (actual time=10364.645..10864.604 rows=6 loops=1)
  ->  Seq Scan on cast_info ci  (cost=0.00..705507.15 rows=500 width=4) (actual time=7195.886..10860.480 rows=261 loops=1)
        Filter: (person_id = 2812314)
        Rows Removed by Filter: 36244083
  ->  Index Scan using title_pkey on title t  (cost=0.43..8.32 rows=1 width=4) (actual time=0.015..0.015 rows=0 loops=261)
        Index Cond: (id = ci.movie_id)
        Filter: ((kind_id > 1) AND (production_year < 1997))
        Rows Removed by Filter: 1
Planning time: 0.770 ms
Execution time: 10864.738 ms
