Hash Join  (cost=136368.18..263447.24 rows=416702 width=0) (actual time=4653.721..6322.469 rows=330096 loops=1)
  Hash Cond: (mk.movie_id = t.id)
  ->  Seq Scan on movie_keyword mk  (cost=0.00..69693.30 rows=4523930 width=4) (actual time=0.021..1473.085 rows=4523930 loops=1)
  ->  Hash  (cost=132546.89..132546.89 rows=232904 width=8) (actual time=3200.687..3200.687 rows=126646 loops=1)
        Buckets: 131072  Batches: 4  Memory Usage: 2264kB
        ->  Hash Join  (cost=94706.90..132546.89 rows=232904 width=8) (actual time=2202.514..3158.890 rows=126646 loops=1)
              Hash Cond: (mi_idx.movie_id = t.id)
              ->  Seq Scan on movie_info_idx mi_idx  (cost=0.00..25185.44 rows=464934 width=4) (actual time=0.007..459.104 rows=460185 loops=1)
                    Filter: (info_type_id > 100)
                    Rows Removed by Filter: 919850
              ->  Hash  (cost=73925.90..73925.90 rows=1266640 width=4) (actual time=2201.418..2201.418 rows=1348885 loops=1)
                    Buckets: 131072  Batches: 32  Memory Usage: 2511kB
                    ->  Seq Scan on title t  (cost=0.00..73925.90 rows=1266640 width=4) (actual time=280.933..1646.236 rows=1348885 loops=1)
                          Filter: ((production_year > 1970) AND (kind_id = 7))
                          Rows Removed by Filter: 1179427
Planning time: 1.253 ms
Execution time: 6353.464 ms
