Hash Join  (cost=219663.23..756987.15 rows=3663809 width=0) (actual time=4833.998..17101.004 rows=1479724 loops=1)
  Hash Cond: (mi.movie_id = t.id)
  ->  Seq Scan on movie_info mi  (cost=0.00..309384.22 rows=14739122 width=4) (actual time=0.011..5947.942 rows=14835720 loops=1)
  ->  Hash  (cost=209350.56..209350.56 rows=628534 width=8) (actual time=4782.051..4782.051 rows=120025 loops=1)
        Buckets: 131072  Batches: 16  Memory Usage: 1301kB
        ->  Hash Join  (cost=79690.18..209350.56 rows=628534 width=8) (actual time=1220.897..4744.754 rows=120025 loops=1)
              Hash Cond: (mk.movie_id = t.id)
              ->  Seq Scan on movie_keyword mk  (cost=0.00..69693.30 rows=4523930 width=4) (actual time=0.005..1438.298 rows=4523930 loops=1)
              ->  Hash  (cost=73925.90..73925.90 rows=351302 width=4) (actual time=1219.767..1219.767 rows=233910 loops=1)
                    Buckets: 131072  Batches: 8  Memory Usage: 2045kB
                    ->  Seq Scan on title t  (cost=0.00..73925.90 rows=351302 width=4) (actual time=166.918..1138.744 rows=233910 loops=1)
                          Filter: ((production_year < 1984) AND (kind_id = 7))
                          Rows Removed by Filter: 2294402
Planning time: 0.743 ms
Execution time: 17262.119 ms
