Hash Join  (cost=190066.81..268807.53 rows=686356 width=0) (actual time=4267.450..6653.153 rows=1731863 loops=1)
  Hash Cond: (mc.movie_id = t.id)
  ->  Seq Scan on movie_companies mc  (cost=0.00..51404.11 rows=1329612 width=4) (actual time=0.013..1009.029 rows=1334883 loops=1)
        Filter: (company_type_id = 2)
        Rows Removed by Filter: 1274246
  ->  Hash  (cost=168652.25..168652.25 rows=1305245 width=8) (actual time=4266.536..4266.536 rows=1365044 loops=1)
        Buckets: 131072  Batches: 32  Memory Usage: 2692kB
        ->  Hash Join  (cost=106840.27..168652.25 rows=1305245 width=8) (actual time=2136.478..3925.101 rows=1365044 loops=1)
              Hash Cond: (mi_idx.movie_id = t.id)
              ->  Seq Scan on movie_info_idx mi_idx  (cost=0.00..21735.35 rows=1380035 width=4) (actual time=0.025..446.745 rows=1380035 loops=1)
              ->  Hash  (cost=67604.59..67604.59 rows=2391495 width=4) (actual time=2135.652..2135.652 rows=2388876 loops=1)
                    Buckets: 131072  Batches: 32  Memory Usage: 3646kB
                    ->  Seq Scan on title t  (cost=0.00..67604.59 rows=2391495 width=4) (actual time=0.021..1395.889 rows=2388876 loops=1)
                          Filter: (production_year < 2013)
                          Rows Removed by Filter: 139436
Planning time: 0.915 ms
Execution time: 6843.333 ms
