Hash Join  (cost=160432.75..215132.36 rows=3409 width=0) (actual time=1572.792..2744.686 rows=61114 loops=1)
  Hash Cond: (mc.movie_id = t.id)
  ->  Seq Scan on movie_companies mc  (cost=0.00..44881.29 rows=2609129 width=4) (actual time=0.024..611.309 rows=2609129 loops=1)
  ->  Hash  (cost=160391.45..160391.45 rows=3304 width=8) (actual time=1572.704..1572.704 rows=7507 loops=1)
        Buckets: 8192 (originally 4096)  Batches: 1 (originally 1)  Memory Usage: 358kB
        ->  Nested Loop  (cost=0.43..160391.45 rows=3304 width=8) (actual time=0.101..1567.819 rows=7507 loops=1)
              ->  Seq Scan on movie_keyword mk  (cost=0.00..81003.12 rows=12818 width=4) (actual time=0.066..1220.317 rows=12645 loops=1)
                    Filter: (keyword_id = 245)
                    Rows Removed by Filter: 4511285
              ->  Index Scan using title_pkey on title t  (cost=0.43..6.18 rows=1 width=4) (actual time=0.027..0.027 rows=1 loops=12645)
                    Index Cond: (id = mk.movie_id)
                    Filter: ((kind_id < 7) AND (production_year < 2008))
                    Rows Removed by Filter: 0
Planning time: 3.777 ms
Execution time: 2752.798 ms
