Hash Join  (cost=102767.86..254988.46 rows=2549137 width=0) (actual time=1903.565..6158.039 rows=2545729 loops=1)
  Hash Cond: (mk.movie_id = t.id)
  ->  Seq Scan on movie_keyword mk  (cost=0.00..81003.12 rows=2549137 width=4) (actual time=0.017..1626.167 rows=2545729 loops=1)
        Filter: (keyword_id > 3481)
        Rows Removed by Filter: 1978201
  ->  Hash  (cost=61283.27..61283.27 rows=2528527 width=4) (actual time=1902.877..1902.877 rows=2528312 loops=1)
        Buckets: 131072  Batches: 64  Memory Usage: 2425kB
        ->  Seq Scan on title t  (cost=0.00..61283.27 rows=2528527 width=4) (actual time=0.018..1029.902 rows=2528312 loops=1)
Planning time: 0.516 ms
Execution time: 6472.498 ms
