Hash Join  (cost=174403.47..1152391.06 rows=5144273 width=0) (actual time=5102.677..36378.058 rows=23753906 loops=1)
  Hash Cond: (ci.movie_id = t.id)
  ->  Seq Scan on cast_info ci  (cost=0.00..705507.15 rows=18883921 width=4) (actual time=0.021..14418.870 rows=19014012 loops=1)
        Filter: (person_id > 1701579)
        Rows Removed by Filter: 17230332
  ->  Hash  (cost=163102.35..163102.35 rows=688810 width=8) (actual time=5101.383..5101.383 rows=1307690 loops=1)
        Buckets: 131072 (originally 131072)  Batches: 32 (originally 16)  Memory Usage: 3073kB
        ->  Hash Join  (cost=78556.72..163102.35 rows=688810 width=8) (actual time=2033.299..4707.451 rows=1307690 loops=1)
              Hash Cond: (mc.movie_id = t.id)
              ->  Seq Scan on movie_companies mc  (cost=0.00..44881.29 rows=2609129 width=4) (actual time=0.020..897.256 rows=2609129 loops=1)
              ->  Hash  (cost=67604.59..67604.59 rows=667531 width=4) (actual time=1289.551..1289.551 rows=662825 loops=1)
                    Buckets: 131072  Batches: 16  Memory Usage: 2476kB
                    ->  Seq Scan on title t  (cost=0.00..67604.59 rows=667531 width=4) (actual time=419.402..1087.801 rows=662825 loops=1)
                          Filter: (kind_id = 1)
                          Rows Removed by Filter: 1865487
Planning time: 0.863 ms
Execution time: 39171.514 ms
