Hash Join  (cost=212146.97..1354446.33 rows=6153621 width=0) (actual time=4435.252..32214.564 rows=1217353 loops=1)
  Hash Cond: (ci.movie_id = t.id)
  ->  Seq Scan on cast_info ci  (cost=0.00..614943.12 rows=36225612 width=4) (actual time=0.026..13117.065 rows=36244344 loops=1)
  ->  Hash  (cost=205099.98..205099.98 rows=429519 width=8) (actual time=4432.902..4432.902 rows=78756 loops=1)
        Buckets: 131072  Batches: 8  Memory Usage: 1386kB
        ->  Hash Join  (cost=77864.76..205099.98 rows=429519 width=8) (actual time=1365.323..4406.173 rows=78756 loops=1)
              Hash Cond: (mk.movie_id = t.id)
              ->  Seq Scan on movie_keyword mk  (cost=0.00..69693.30 rows=4523930 width=4) (actual time=0.015..1388.099 rows=4523930 loops=1)
              ->  Hash  (cost=73925.90..73925.90 rows=240068 width=4) (actual time=1358.768..1358.768 rows=109701 loops=1)
                    Buckets: 131072  Batches: 4  Memory Usage: 1993kB
                    ->  Seq Scan on title t  (cost=0.00..73925.90 rows=240068 width=4) (actual time=0.063..1318.351 rows=109701 loops=1)
                          Filter: ((kind_id > 1) AND (production_year < 1967))
                          Rows Removed by Filter: 2418611
Planning time: 8.836 ms
Execution time: 32358.296 ms
