Hash Join  (cost=164811.09..665985.12 rows=2002611 width=0) (actual time=3757.807..21886.470 rows=20967315 loops=1)
  Hash Cond: (mi.movie_id = t.id)
  ->  Seq Scan on movie_info mi  (cost=0.00..309384.22 rows=14739122 width=4) (actual time=0.018..5927.049 rows=14835720 loops=1)
  ->  Hash  (cost=159174.69..159174.69 rows=343552 width=8) (actual time=3663.908..3663.908 rows=439340 loops=1)
        Buckets: 131072  Batches: 8  Memory Usage: 3182kB
        ->  Hash Join  (cost=79388.64..159174.69 rows=343552 width=8) (actual time=1309.857..3527.340 rows=439340 loops=1)
              Hash Cond: (mc.movie_id = t.id)
              ->  Seq Scan on movie_companies mc  (cost=0.00..44881.29 rows=2609129 width=4) (actual time=0.021..904.229 rows=2609129 loops=1)
              ->  Hash  (cost=73925.90..73925.90 rows=332939 width=4) (actual time=1308.881..1308.881 rows=255571 loops=1)
                    Buckets: 131072  Batches: 8  Memory Usage: 2147kB
                    ->  Seq Scan on title t  (cost=0.00..73925.90 rows=332939 width=4) (actual time=0.024..1227.248 rows=255571 loops=1)
                          Filter: ((production_year > 2002) AND (kind_id = 1))
                          Rows Removed by Filter: 2272741
Planning time: 4.913 ms
Execution time: 24213.277 ms
