Hash Join  (cost=102767.86..213240.19 rows=814105 width=0) (actual time=1987.894..4310.408 rows=819988 loops=1)
  Hash Cond: (mk.movie_id = t.id)
  ->  Seq Scan on movie_keyword mk  (cost=0.00..81003.12 rows=814105 width=4) (actual time=0.021..1439.443 rows=819988 loops=1)
        Filter: (keyword_id > 22371)
        Rows Removed by Filter: 3703942
  ->  Hash  (cost=61283.27..61283.27 rows=2528527 width=4) (actual time=1986.210..1986.210 rows=2528312 loops=1)
        Buckets: 131072  Batches: 64  Memory Usage: 2425kB
        ->  Seq Scan on title t  (cost=0.00..61283.27 rows=2528527 width=4) (actual time=0.021..1137.476 rows=2528312 loops=1)
Planning time: 0.770 ms
Execution time: 4387.998 ms
