Hash Join  (cost=185003.47..986582.27 rows=1029220 width=0) (actual time=10629.446..22590.173 rows=2794153 loops=1)
  Hash Cond: (ci.movie_id = t.id)
  ->  Seq Scan on cast_info ci  (cost=0.00..705507.15 rows=7298253 width=4) (actual time=6364.740..14071.644 rows=7451973 loops=1)
        Filter: (role_id = 2)
        Rows Removed by Filter: 28792371
  ->  Hash  (cost=179153.22..179153.22 rows=356580 width=8) (actual time=4263.577..4263.577 rows=509095 loops=1)
        Buckets: 131072  Batches: 8  Memory Usage: 3503kB
        ->  Hash Join  (cost=102767.86..179153.22 rows=356580 width=8) (actual time=2345.253..4112.535 rows=509095 loops=1)
              Hash Cond: (mc.movie_id = t.id)
              ->  Seq Scan on movie_companies mc  (cost=0.00..57926.93 rows=356580 width=4) (actual time=121.017..1058.191 rows=509095 loops=1)
                    Filter: ((company_id < 1398) AND (company_type_id < 2))
                    Rows Removed by Filter: 2100034
              ->  Hash  (cost=61283.27..61283.27 rows=2528527 width=4) (actual time=2222.905..2222.905 rows=2528312 loops=1)
                    Buckets: 131072  Batches: 64  Memory Usage: 2415kB
                    ->  Seq Scan on title t  (cost=0.00..61283.27 rows=2528527 width=4) (actual time=0.034..1126.230 rows=2528312 loops=1)
Planning time: 2.584 ms
Execution time: 22910.129 ms
