Seq Scan on cast_info ci  (cost=0.00..796071.18 rows=101 width=0) (actual time=5778.748..10757.756 rows=36 loops=1)
  Filter: ((person_id = 2572396) AND (role_id = 2))
  Rows Removed by Filter: 36244308
Planning time: 0.429 ms
Execution time: 10757.875 ms
