Seq Scan on movie_keyword mk  (cost=0.00..81003.12 rows=2741703 width=0) (actual time=0.029..1472.771 rows=2733297 loops=1)
  Filter: (keyword_id < 7768)
  Rows Removed by Filter: 1790633
Planning time: 0.343 ms
Execution time: 1802.129 ms
