Seq Scan on movie_companies mc  (cost=0.00..51404.11 rows=1092225 width=0) (actual time=0.026..910.313 rows=1107710 loops=1)
  Filter: (company_id > 14002)
  Rows Removed by Filter: 1501419
Planning time: 0.360 ms
Execution time: 1055.135 ms
