Seq Scan on movie_keyword mk  (cost=0.00..81003.12 rows=989781 width=0) (actual time=0.022..714.303 rows=999131 loops=1)
  Filter: (keyword_id > 18576)
  Rows Removed by Filter: 3524799
Planning time: 0.320 ms
Execution time: 794.763 ms
