Hash Join  (cost=102767.86..229338.28 rows=1483157 width=0) (actual time=2477.548..5347.418 rows=1495823 loops=1)
  Hash Cond: (mk.movie_id = t.id)
  ->  Seq Scan on movie_keyword mk  (cost=0.00..81003.12 rows=1483157 width=4) (actual time=0.024..1379.464 rows=1495823 loops=1)
        Filter: (keyword_id > 10852)
        Rows Removed by Filter: 3028107
  ->  Hash  (cost=61283.27..61283.27 rows=2528527 width=4) (actual time=2475.921..2475.921 rows=2528312 loops=1)
        Buckets: 131072  Batches: 64  Memory Usage: 2425kB
        ->  Seq Scan on title t  (cost=0.00..61283.27 rows=2528527 width=4) (actual time=0.021..956.600 rows=2528312 loops=1)
Planning time: 0.741 ms
Execution time: 5517.179 ms
