Nested Loop  (cost=0.43..709673.15 rows=150 width=0) (actual time=1408.713..10574.352 rows=12 loops=1)
  ->  Seq Scan on cast_info ci  (cost=0.00..705507.15 rows=500 width=4) (actual time=1408.568..10564.107 rows=452 loops=1)
        Filter: (person_id = 2241186)
        Rows Removed by Filter: 36243892
  ->  Index Scan using title_pkey on title t  (cost=0.43..8.32 rows=1 width=4) (actual time=0.022..0.022 rows=0 loops=452)
        Index Cond: (id = ci.movie_id)
        Filter: (kind_id < 3)
        Rows Removed by Filter: 1
Planning time: 0.795 ms
Execution time: 10574.490 ms
