Hash Join  (cost=136869.09..641358.47 rows=2313243 width=0) (actual time=2803.571..16305.167 rows=1475574 loops=1)
  Hash Cond: (mi.movie_id = t.id)
  ->  Seq Scan on movie_info mi  (cost=0.00..309384.22 rows=14739122 width=4) (actual time=0.017..6044.388 rows=14835720 loops=1)
  ->  Hash  (cost=130357.57..130357.57 rows=396842 width=8) (actual time=2800.901..2800.901 rows=188967 loops=1)
        Buckets: 131072  Batches: 8  Memory Usage: 1946kB
        ->  Hash Join  (cost=85855.67..130357.57 rows=396842 width=8) (actual time=1516.614..2741.252 rows=188967 loops=1)
              Hash Cond: (mi_idx.movie_id = t.id)
              ->  Seq Scan on movie_info_idx mi_idx  (cost=0.00..21735.35 rows=1380035 width=4) (actual time=0.020..433.332 rows=1380035 loops=1)
              ->  Hash  (cost=73925.90..73925.90 rows=727101 width=4) (actual time=1515.452..1515.452 rows=796159 loops=1)
                    Buckets: 131072  Batches: 16  Memory Usage: 2780kB
                    ->  Seq Scan on title t  (cost=0.00..73925.90 rows=727101 width=4) (actual time=0.029..1267.175 rows=796159 loops=1)
                          Filter: ((production_year > 2003) AND (kind_id = 7))
                          Rows Removed by Filter: 1732153
Planning time: 1.183 ms
Execution time: 16489.052 ms
