Hash Join  (cost=144524.50..226931.62 rows=533660 width=0) (actual time=2831.345..5057.052 rows=571827 loops=1)
  Hash Cond: (mc.movie_id = t.id)
  ->  Seq Scan on movie_companies mc  (cost=0.00..44881.29 rows=2609129 width=4) (actual time=0.022..900.107 rows=2609129 loops=1)
  ->  Hash  (cost=136038.83..136038.83 rows=517174 width=8) (actual time=2830.386..2830.386 rows=290145 loops=1)
        Buckets: 131072  Batches: 8  Memory Usage: 2445kB
        ->  Hash Join  (cost=89472.60..136038.83 rows=517174 width=8) (actual time=1543.389..2746.098 rows=290145 loops=1)
              Hash Cond: (mi_idx.movie_id = t.id)
              ->  Seq Scan on movie_info_idx mi_idx  (cost=0.00..21735.35 rows=1380035 width=4) (actual time=0.022..389.929 rows=1380035 loops=1)
              ->  Hash  (cost=73925.90..73925.90 rows=947576 width=4) (actual time=1542.247..1542.247 rows=876037 loops=1)
                    Buckets: 131072  Batches: 16  Memory Usage: 2949kB
                    ->  Seq Scan on title t  (cost=0.00..73925.90 rows=947576 width=4) (actual time=0.011..1268.963 rows=876037 loops=1)
                          Filter: ((kind_id > 6) AND (production_year < 2007))
                          Rows Removed by Filter: 1652275
Planning time: 1.051 ms
Execution time: 5125.857 ms
