Hash Join  (cost=709675.28..736586.14 rows=38 width=0) (actual time=10676.000..10880.217 rows=21 loops=1)
  Hash Cond: (mi_idx.movie_id = t.id)
  ->  Seq Scan on movie_info_idx mi_idx  (cost=0.00..21735.35 rows=1380035 width=4) (actual time=0.011..119.958 rows=1380035 loops=1)
  ->  Hash  (cost=709674.40..709674.40 rows=70 width=8) (actual time=10635.998..10635.998 rows=9 loops=1)
        Buckets: 1024  Batches: 1  Memory Usage: 9kB
        ->  Nested Loop  (cost=0.43..709674.40 rows=70 width=8) (actual time=7922.762..10635.976 rows=9 loops=1)
              ->  Seq Scan on cast_info ci  (cost=0.00..705507.15 rows=500 width=4) (actual time=7922.637..10612.182 rows=737 loops=1)
                    Filter: (person_id = 2134706)
                    Rows Removed by Filter: 36243607
              ->  Index Scan using title_pkey on title t  (cost=0.43..8.32 rows=1 width=4) (actual time=0.032..0.032 rows=0 loops=737)
                    Index Cond: (id = ci.movie_id)
                    Filter: ((kind_id < 7) AND (production_year > 2006))
                    Rows Removed by Filter: 1
Planning time: 0.776 ms
Execution time: 10880.315 ms
