Seq Scan on movie_companies mc  (cost=0.00..51404.11 rows=1130783 width=0) (actual time=0.028..984.620 rows=1140834 loops=1)
  Filter: (company_id > 13330)
  Rows Removed by Filter: 1468295
Planning time: 0.317 ms
Execution time: 1125.150 ms
