Nested Loop  (cost=0.43..52283.69 rows=104 width=0) (actual time=31.295..714.025 rows=32 loops=1)
  ->  Seq Scan on movie_companies mc  (cost=0.00..51404.11 rows=104 width=4) (actual time=31.183..711.478 rows=32 loops=1)
        Filter: (company_id = 90991)
        Rows Removed by Filter: 2609097
  ->  Index Only Scan using title_pkey on title t  (cost=0.43..8.45 rows=1 width=4) (actual time=0.075..0.076 rows=1 loops=32)
        Index Cond: (id = mc.movie_id)
        Heap Fetches: 32
Planning time: 0.641 ms
Execution time: 714.100 ms
