Hash Join  (cost=709678.15..764348.83 rows=516 width=0) (actual time=10880.533..12081.755 rows=660 loops=1)
  Hash Cond: (mc.movie_id = t.id)
  ->  Seq Scan on movie_companies mc  (cost=0.00..44881.29 rows=2609129 width=4) (actual time=0.014..757.371 rows=2609129 loops=1)
  ->  Hash  (cost=709671.90..709671.90 rows=500 width=8) (actual time=10859.108..10859.108 rows=250 loops=1)
        Buckets: 1024  Batches: 1  Memory Usage: 18kB
        ->  Nested Loop  (cost=0.43..709671.90 rows=500 width=8) (actual time=22.082..10858.956 rows=250 loops=1)
              ->  Seq Scan on cast_info ci  (cost=0.00..705507.15 rows=500 width=4) (actual time=22.009..10854.574 rows=250 loops=1)
                    Filter: (person_id = 776601)
                    Rows Removed by Filter: 36244094
              ->  Index Only Scan using title_pkey on title t  (cost=0.43..8.32 rows=1 width=4) (actual time=0.016..0.017 rows=1 loops=250)
                    Index Cond: (id = ci.movie_id)
                    Heap Fetches: 250
Planning time: 1.177 ms
Execution time: 12082.048 ms
