Seq Scan on cast_info ci  (cost=0.00..796071.18 rows=224 width=0) (actual time=11580.045..12688.245 rows=2 loops=1)
  Filter: ((role_id > 2) AND (person_id = 855553))
  Rows Removed by Filter: 36244342
Planning time: 0.429 ms
Execution time: 12688.365 ms
