Hash Join  (cost=101489.21..1082066.56 rows=10394791 width=0) (actual time=2537.347..27737.876 rows=10802293 loops=1)
  Hash Cond: (ci.movie_id = t.id)
  ->  Seq Scan on cast_info ci  (cost=0.00..705507.15 rows=12726058 width=4) (actual time=0.024..14210.572 rows=12670688 loops=1)
        Filter: (role_id < 2)
        Rows Removed by Filter: 23573656
  ->  Hash  (cost=67604.59..67604.59 rows=2065330 width=4) (actual time=2535.993..2535.993 rows=2064552 loops=1)
        Buckets: 131072  Batches: 32  Memory Usage: 3289kB
        ->  Seq Scan on title t  (cost=0.00..67604.59 rows=2065330 width=4) (actual time=0.011..1204.540 rows=2064552 loops=1)
              Filter: (production_year < 2011)
              Rows Removed by Filter: 463760
Planning time: 3.316 ms
Execution time: 29004.387 ms
