Hash Join  (cost=483811.61..1293894.96 rows=1778275 width=0) (actual time=16319.468..26678.316 rows=6202622 loops=1)
  Hash Cond: (ci.movie_id = t.id)
  ->  Seq Scan on cast_info ci  (cost=0.00..705507.15 rows=7298253 width=4) (actual time=8316.162..13638.978 rows=7451973 loops=1)
        Filter: (role_id = 2)
        Rows Removed by Filter: 28792371
  ->  Hash  (cost=473703.43..473703.43 rows=616095 width=8) (actual time=8002.378..8002.378 rows=598457 loops=1)
        Buckets: 131072  Batches: 16  Memory Usage: 2474kB
        ->  Hash Join  (cost=102767.86..473703.43 rows=616095 width=8) (actual time=4604.370..7822.738 rows=598457 loops=1)
              Hash Cond: (mi.movie_id = t.id)
              ->  Seq Scan on movie_info mi  (cost=0.00..346232.03 rows=616095 width=4) (actual time=2585.095..4948.235 rows=598457 loops=1)
                    Filter: (info_type_id = 15)
                    Rows Removed by Filter: 14237263
              ->  Hash  (cost=61283.27..61283.27 rows=2528527 width=4) (actual time=1989.938..1989.938 rows=2528312 loops=1)
                    Buckets: 131072  Batches: 64  Memory Usage: 2425kB
                    ->  Seq Scan on title t  (cost=0.00..61283.27 rows=2528527 width=4) (actual time=0.014..1122.743 rows=2528312 loops=1)
Planning time: 1.184 ms
Execution time: 27457.874 ms
