Hash Join  (cost=73950.44..825314.34 rows=9474 width=0) (actual time=1078.053..16375.412 rows=25546 loops=1)
  Hash Cond: (ci.movie_id = t.id)
  ->  Seq Scan on cast_info ci  (cost=0.00..705507.15 rows=12203201 width=4) (actual time=0.022..13336.006 rows=12113646 loops=1)
        Filter: (role_id > 3)
        Rows Removed by Filter: 24130698
  ->  Hash  (cost=73925.90..73925.90 rows=1963 width=4) (actual time=1077.913..1077.913 rows=4455 loops=1)
        Buckets: 8192 (originally 2048)  Batches: 1 (originally 1)  Memory Usage: 221kB
        ->  Seq Scan on title t  (cost=0.00..73925.90 rows=1963 width=4) (actual time=11.885..1075.614 rows=4455 loops=1)
              Filter: ((kind_id = 1) AND (production_year = 1983))
              Rows Removed by Filter: 2523857
Planning time: 0.729 ms
Execution time: 16381.318 ms
