Seq Scan on movie_keyword mk  (cost=0.00..81003.12 rows=4249965 width=0) (actual time=0.025..1640.502 rows=4249741 loops=1)
  Filter: (keyword_id < 57793)
  Rows Removed by Filter: 274189
Planning time: 0.690 ms
Execution time: 2176.906 ms
