Hash Join  (cost=263115.61..439819.37 rows=3618915 width=0) (actual time=6108.572..15419.740 rows=28127956 loops=1)
  Hash Cond: (mk.movie_id = t.id)
  ->  Seq Scan on movie_keyword mk  (cost=0.00..81003.12 rows=3507118 width=4) (actual time=0.025..1717.848 rows=3501170 loops=1)
        Filter: (keyword_id > 995)
        Rows Removed by Filter: 1022760
  ->  Hash  (cost=220309.49..220309.49 rows=2609129 width=8) (actual time=6107.528..6107.528 rows=2609129 loops=1)
        Buckets: 131072  Batches: 64  Memory Usage: 2691kB
        ->  Hash Join  (cost=102767.86..220309.49 rows=2609129 width=8) (actual time=1837.396..5332.119 rows=2609129 loops=1)
              Hash Cond: (mc.movie_id = t.id)
              ->  Seq Scan on movie_companies mc  (cost=0.00..44881.29 rows=2609129 width=4) (actual time=0.015..930.434 rows=2609129 loops=1)
              ->  Hash  (cost=61283.27..61283.27 rows=2528527 width=4) (actual time=1835.674..1835.674 rows=2528312 loops=1)
                    Buckets: 131072  Batches: 64  Memory Usage: 2415kB
                    ->  Seq Scan on title t  (cost=0.00..61283.27 rows=2528527 width=4) (actual time=0.024..989.853 rows=2528312 loops=1)
Planning time: 1.558 ms
Execution time: 18281.062 ms
