Hash Join  (cost=175027.18..319728.85 rows=1437586 width=0) (actual time=4095.098..9446.513 rows=6077470 loops=1)
  Hash Cond: (mk.movie_id = t.id)
  ->  Seq Scan on movie_keyword mk  (cost=0.00..81003.12 rows=3955114 width=4) (actual time=0.025..1812.487 rows=3958034 loops=1)
        Filter: (keyword_id < 32471)
        Rows Removed by Filter: 565896
  ->  Hash  (cost=159947.97..159947.97 rows=919057 width=8) (actual time=4093.844..4093.844 rows=920110 loops=1)
        Buckets: 131072  Batches: 16  Memory Usage: 3283kB
        ->  Hash Join  (cost=102767.86..159947.97 rows=919057 width=8) (actual time=2120.259..3818.085 rows=920110 loops=1)
              Hash Cond: (mi_idx.movie_id = t.id)
              ->  Seq Scan on movie_info_idx mi_idx  (cost=0.00..25185.44 rows=919057 width=4) (actual time=0.024..521.687 rows=920110 loops=1)
                    Filter: (info_type_id > 99)
                    Rows Removed by Filter: 459925
              ->  Hash  (cost=61283.27..61283.27 rows=2528527 width=4) (actual time=2118.165..2118.165 rows=2528312 loops=1)
                    Buckets: 131072  Batches: 64  Memory Usage: 2415kB
                    ->  Seq Scan on title t  (cost=0.00..61283.27 rows=2528527 width=4) (actual time=0.021..1281.317 rows=2528312 loops=1)
Planning time: 1.152 ms
Execution time: 10138.113 ms
