Hash Join  (cost=101489.21..1031647.53 rows=4906107 width=0) (actual time=1942.774..24880.666 rows=8290077 loops=1)
  Hash Cond: (ci.movie_id = t.id)
  ->  Seq Scan on cast_info ci  (cost=0.00..796071.18 rows=6006413 width=4) (actual time=0.018..14156.371 rows=10569687 loops=1)
        Filter: ((person_id > 2313733) AND (role_id > 2))
        Rows Removed by Filter: 25674657
  ->  Hash  (cost=67604.59..67604.59 rows=2065330 width=4) (actual time=1941.864..1941.864 rows=2064552 loops=1)
        Buckets: 131072  Batches: 32  Memory Usage: 3289kB
        ->  Seq Scan on title t  (cost=0.00..67604.59 rows=2065330 width=4) (actual time=0.009..1289.640 rows=2064552 loops=1)
              Filter: (production_year < 2011)
              Rows Removed by Filter: 463760
Planning time: 0.824 ms
Execution time: 25864.579 ms
