Hash Join  (cost=173568.66..1281771.92 rows=7242509 width=0) (actual time=3761.990..34500.887 rows=11177537 loops=1)
  Hash Cond: (ci.movie_id = t.id)
  ->  Seq Scan on cast_info ci  (cost=0.00..614943.12 rows=36225612 width=4) (actual time=0.012..13086.117 rows=36244344 loops=1)
  ->  Hash  (cost=165274.62..165274.62 rows=505523 width=8) (actual time=3760.853..3760.853 rows=276126 loops=1)
        Buckets: 131072  Batches: 8  Memory Usage: 2354kB
        ->  Hash Join  (cost=89649.84..165274.62 rows=505523 width=8) (actual time=2108.647..3684.044 rows=276126 loops=1)
              Hash Cond: (mc.movie_id = t.id)
              ->  Seq Scan on movie_companies mc  (cost=0.00..51404.11 rows=1333717 width=4) (actual time=0.029..933.126 rows=1322531 loops=1)
                    Filter: (company_id < 11377)
                    Rows Removed by Filter: 1286598
              ->  Hash  (cost=73925.90..73925.90 rows=958395 width=4) (actual time=1868.688..1868.688 rows=1050192 loops=1)
                    Buckets: 131072  Batches: 16  Memory Usage: 3340kB
                    ->  Seq Scan on title t  (cost=0.00..73925.90 rows=958395 width=4) (actual time=0.021..1344.853 rows=1050192 loops=1)
                          Filter: ((production_year > 1996) AND (kind_id = 7))
                          Rows Removed by Filter: 1478120
Planning time: 2.765 ms
Execution time: 35715.058 ms
