Seq Scan on movie_keyword mk  (cost=0.00..81003.12 rows=818998 width=0) (actual time=0.022..1430.062 rows=826982 loops=1)
  Filter: (keyword_id > 22232)
  Rows Removed by Filter: 3696948
Planning time: 0.331 ms
Execution time: 1534.714 ms
