Hash Join  (cost=134807.42..483512.47 rows=2817 width=0) (actual time=5620.236..7862.172 rows=44095 loops=1)
  Hash Cond: (mi.movie_id = t.id)
  ->  Seq Scan on movie_info mi  (cost=0.00..346232.03 rows=651960 width=4) (actual time=3377.120..5480.802 rows=660923 loops=1)
        Filter: (info_type_id = 18)
        Rows Removed by Filter: 14174797
  ->  Hash  (cost=134670.87..134670.87 rows=10924 width=8) (actual time=2242.674..2242.674 rows=19070 loops=1)
        Buckets: 32768 (originally 16384)  Batches: 1 (originally 1)  Memory Usage: 1001kB
        ->  Hash Join  (cost=74545.71..134670.87 rows=10924 width=8) (actual time=1055.457..2234.802 rows=19070 loops=1)
              Hash Cond: (mc.movie_id = t.id)
              ->  Seq Scan on movie_companies mc  (cost=0.00..57926.93 rows=557065 width=4) (actual time=0.042..996.430 rows=764914 loops=1)
                    Filter: ((company_id < 8301) AND (company_type_id = 1))
                    Rows Removed by Filter: 1844215
              ->  Hash  (cost=73925.90..73925.90 rows=49584 width=4) (actual time=1055.067..1055.067 rows=38752 loops=1)
                    Buckets: 65536  Batches: 1  Memory Usage: 1875kB
                    ->  Seq Scan on title t  (cost=0.00..73925.90 rows=49584 width=4) (actual time=0.027..1039.803 rows=38752 loops=1)
                          Filter: ((kind_id < 7) AND (production_year = 2008))
                          Rows Removed by Filter: 2489560
Planning time: 0.837 ms
Execution time: 7868.738 ms
