Hash Join  (cost=98137.04..988300.43 rows=3167671 width=0) (actual time=2566.729..21666.221 rows=3333671 loops=1)
  Hash Cond: (ci.movie_id = t.id)
  ->  Seq Scan on cast_info ci  (cost=0.00..796071.18 rows=4303900 width=4) (actual time=755.556..16391.453 rows=4318320 loops=1)
        Filter: ((person_id > 14195) AND (role_id = 10))
        Rows Removed by Filter: 31926024
  ->  Hash  (cost=67604.59..67604.59 rows=1860996 width=4) (actual time=1808.022..1808.022 rows=1865487 loops=1)
        Buckets: 131072  Batches: 32  Memory Usage: 3079kB
        ->  Seq Scan on title t  (cost=0.00..67604.59 rows=1860996 width=4) (actual time=0.029..1215.730 rows=1865487 loops=1)
              Filter: (kind_id > 1)
              Rows Removed by Filter: 662825
Planning time: 0.741 ms
Execution time: 22066.859 ms
