Seq Scan on movie_keyword mk  (cost=0.00..81003.12 rows=3118466 width=0) (actual time=0.026..1574.775 rows=3104184 loops=1)
  Filter: (keyword_id < 11764)
  Rows Removed by Filter: 1419746
Planning time: 0.322 ms
Execution time: 1964.350 ms
