Seq Scan on cast_info ci  (cost=0.00..796071.18 rows=176 width=0) (actual time=4964.461..11260.479 rows=101 loops=1)
  Filter: ((person_id = 441482) AND (role_id = 1))
  Rows Removed by Filter: 36244243
Planning time: 0.409 ms
Execution time: 11260.582 ms
