Seq Scan on cast_info ci  (cost=0.00..796071.18 rows=324 width=0) (actual time=2475.245..15004.167 rows=800 loops=1)
  Filter: ((role_id > 1) AND (person_id = 1393819))
  Rows Removed by Filter: 36243544
Planning time: 0.305 ms
Execution time: 15004.441 ms
