Hash Join  (cost=67697.55..156618.80 rows=6162 width=0) (actual time=1016.951..2797.005 rows=7673 loops=1)
  Hash Cond: (mk.movie_id = t.id)
  ->  Seq Scan on movie_keyword mk  (cost=0.00..81003.12 rows=2095069 width=4) (actual time=0.028..1475.565 rows=2103580 loops=1)
        Filter: (keyword_id < 3792)
        Rows Removed by Filter: 2420350
  ->  Hash  (cost=67604.59..67604.59 rows=7437 width=4) (actual time=1015.583..1015.583 rows=1960 loops=1)
        Buckets: 8192  Batches: 1  Memory Usage: 133kB
        ->  Seq Scan on title t  (cost=0.00..67604.59 rows=7437 width=4) (actual time=11.080..1014.551 rows=1960 loops=1)
              Filter: (production_year = 1943)
              Rows Removed by Filter: 2526352
Planning time: 0.749 ms
Execution time: 2798.192 ms
