Hash Join  (cost=187275.23..218725.24 rows=28545 width=0) (actual time=4277.615..4724.069 rows=18462 loops=1)
  Hash Cond: (mi_idx.movie_id = t.id)
  ->  Seq Scan on movie_info_idx mi_idx  (cost=0.00..25185.44 rows=464566 width=4) (actual time=0.032..491.539 rows=459925 loops=1)
        Filter: (info_type_id = 101)
        Rows Removed by Filter: 920110
  ->  Hash  (cost=184726.17..184726.17 rows=155365 width=8) (actual time=4042.861..4042.861 rows=40372 loops=1)
        Buckets: 131072  Batches: 4  Memory Usage: 1430kB
        ->  Hash Join  (cost=92883.59..184726.17 rows=155365 width=8) (actual time=1904.598..4029.237 rows=40372 loops=1)
              Hash Cond: (mk.movie_id = t.id)
              ->  Seq Scan on movie_keyword mk  (cost=0.00..81003.12 rows=254961 width=4) (actual time=0.024..1266.470 rows=272446 loops=1)
                    Filter: (keyword_id < 231)
                    Rows Removed by Filter: 4251484
              ->  Hash  (cost=67604.59..67604.59 rows=1540800 width=4) (actual time=1903.558..1903.558 rows=1543264 loops=1)
                    Buckets: 131072  Batches: 32  Memory Usage: 2728kB
                    ->  Seq Scan on title t  (cost=0.00..67604.59 rows=1540800 width=4) (actual time=0.021..1402.576 rows=1543264 loops=1)
                          Filter: (kind_id = 7)
                          Rows Removed by Filter: 985048
Planning time: 10.613 ms
Execution time: 4726.507 ms
