Seq Scan on movie_companies mc  (cost=0.00..57926.93 rows=51 width=0) (actual time=514.092..1001.083 rows=1 loops=1)
  Filter: ((company_type_id < 2) AND (company_id = 44564))
  Rows Removed by Filter: 2609128
Planning time: 0.401 ms
Execution time: 1001.176 ms
