Seq Scan on movie_companies mc  (cost=0.00..51404.11 rows=1857193 width=0) (actual time=0.021..1024.802 rows=1852487 loops=1)
  Filter: (company_id < 35949)
  Rows Removed by Filter: 756642
Planning time: 0.322 ms
Execution time: 1261.509 ms
