Hash Join  (cost=145459.16..219781.64 rows=156679 width=0) (actual time=3380.319..5306.487 rows=300187 loops=1)
  Hash Cond: (mc.movie_id = t.id)
  ->  Seq Scan on movie_companies mc  (cost=0.00..57926.93 rows=1167668 width=4) (actual time=209.165..1240.466 rows=1274246 loops=1)
        Filter: ((company_id < 105529) AND (company_type_id = 1))
        Rows Removed by Filter: 1334883
  ->  Hash  (cost=139892.16..139892.16 rows=339280 width=8) (actual time=3170.324..3170.324 rows=250045 loops=1)
        Buckets: 131072  Batches: 8  Memory Usage: 2248kB
        ->  Hash Join  (cost=98137.04..139892.16 rows=339280 width=8) (actual time=1925.260..3096.693 rows=250045 loops=1)
              Hash Cond: (mi_idx.movie_id = t.id)
              ->  Seq Scan on movie_info_idx mi_idx  (cost=0.00..25185.44 rows=460978 width=4) (actual time=0.025..518.466 rows=459925 loops=1)
                    Filter: (info_type_id < 100)
                    Rows Removed by Filter: 920110
              ->  Hash  (cost=67604.59..67604.59 rows=1860996 width=4) (actual time=1924.214..1924.214 rows=1865487 loops=1)
                    Buckets: 131072  Batches: 32  Memory Usage: 3079kB
                    ->  Seq Scan on title t  (cost=0.00..67604.59 rows=1860996 width=4) (actual time=0.032..1314.859 rows=1865487 loops=1)
                          Filter: (kind_id > 1)
                          Rows Removed by Filter: 662825
Planning time: 1.159 ms
Execution time: 5345.579 ms
