Nested Loop  (cost=0.43..97476.43 rows=5459 width=0) (actual time=324.662..1019.406 rows=6058 loops=1)
  ->  Seq Scan on movie_companies mc  (cost=0.00..57926.93 rows=5459 width=4) (actual time=324.569..840.977 rows=6058 loops=1)
        Filter: ((company_id = 11203) AND (company_type_id = 1))
        Rows Removed by Filter: 2603071
  ->  Index Only Scan using title_pkey on title t  (cost=0.43..7.23 rows=1 width=4) (actual time=0.028..0.029 rows=1 loops=6058)
        Index Cond: (id = mc.movie_id)
        Heap Fetches: 6058
Planning time: 1.007 ms
Execution time: 1020.861 ms
