Hash Join  (cost=156649.15..1115629.51 rows=3452898 width=0) (actual time=3370.317..30282.826 rows=6836630 loops=1)
  Hash Cond: (ci.movie_id = t.id)
  ->  Seq Scan on cast_info ci  (cost=0.00..705507.15 rows=18778461 width=4) (actual time=0.095..14225.721 rows=18910454 loops=1)
        Filter: (person_id > 1712313)
        Rows Removed by Filter: 17333890
  ->  Hash  (cost=149020.47..149020.47 rows=464934 width=8) (actual time=3369.431..3369.431 rows=460185 loops=1)
        Buckets: 131072  Batches: 8  Memory Usage: 3276kB
        ->  Hash Join  (cost=102767.86..149020.47 rows=464934 width=8) (actual time=1867.475..3235.338 rows=460185 loops=1)
              Hash Cond: (mi_idx.movie_id = t.id)
              ->  Seq Scan on movie_info_idx mi_idx  (cost=0.00..25185.44 rows=464934 width=4) (actual time=0.022..568.470 rows=460185 loops=1)
                    Filter: (info_type_id > 100)
                    Rows Removed by Filter: 919850
              ->  Hash  (cost=61283.27..61283.27 rows=2528527 width=4) (actual time=1866.707..1866.707 rows=2528312 loops=1)
                    Buckets: 131072  Batches: 64  Memory Usage: 2415kB
                    ->  Seq Scan on title t  (cost=0.00..61283.27 rows=2528527 width=4) (actual time=0.014..1048.150 rows=2528312 loops=1)
Planning time: 1.216 ms
Execution time: 31113.233 ms
