Hash Join  (cost=868563.09..1267537.50 rows=50731 width=0) (actual time=14584.812..22989.593 rows=46736 loops=1)
  Hash Cond: (mi.movie_id = t.id)
  ->  Seq Scan on movie_info mi  (cost=0.00..346232.03 rows=13929354 width=4) (actual time=0.026..6318.195 rows=14033580 loops=1)
        Filter: (info_type_id > 1)
        Rows Removed by Filter: 802140
  ->  Hash  (cost=868447.97..868447.97 rows=9209 width=8) (actual time=14584.446..14584.446 rows=3701 loops=1)
        Buckets: 16384  Batches: 1  Memory Usage: 273kB
        ->  Hash Join  (cost=69484.36..868447.97 rows=9209 width=8) (actual time=5662.777..14583.031 rows=3701 loops=1)
              Hash Cond: (ci.movie_id = t.id)
              ->  Seq Scan on cast_info ci  (cost=0.00..796071.18 rows=203291 width=4) (actual time=4574.355..13400.465 rows=257553 loops=1)
                    Filter: ((person_id > 1487081) AND (role_id > 10))
                    Rows Removed by Filter: 35986791
              ->  Hash  (cost=67604.59..67604.59 rows=114542 width=4) (actual time=1087.520..1087.520 rows=118234 loops=1)
                    Buckets: 131072  Batches: 2  Memory Usage: 3101kB
                    ->  Seq Scan on title t  (cost=0.00..67604.59 rows=114542 width=4) (actual time=2.137..1044.605 rows=118234 loops=1)
                          Filter: (kind_id = 4)
                          Rows Removed by Filter: 2410078
Planning time: 1.181 ms
Execution time: 22997.324 ms
