Hash Join  (cost=77434.04..155525.42 rows=220585 width=0) (actual time=1243.828..3468.772 rows=720781 loops=1)
  Hash Cond: (mc.movie_id = t.id)
  ->  Seq Scan on movie_companies mc  (cost=0.00..44881.29 rows=2609129 width=4) (actual time=0.029..930.408 rows=2609129 loops=1)
  ->  Hash  (cost=73925.90..73925.90 rows=213771 width=4) (actual time=1242.962..1242.962 rows=345524 loops=1)
        Buckets: 131072  Batches: 4  Memory Usage: 4064kB
        ->  Seq Scan on title t  (cost=0.00..73925.90 rows=213771 width=4) (actual time=0.019..1130.441 rows=345524 loops=1)
              Filter: ((kind_id < 3) AND (production_year < 1991))
              Rows Removed by Filter: 2182788
Planning time: 0.791 ms
Execution time: 3542.715 ms
