Seq Scan on title t  (cost=0.00..67604.59 rows=7437 width=0) (actual time=13.704..1062.291 rows=2795 loops=1)
  Filter: (production_year = 1937)
  Rows Removed by Filter: 2525517
Planning time: 0.342 ms
Execution time: 1063.017 ms
