Seq Scan on movie_keyword mk  (cost=0.00..81003.12 rows=1998176 width=0) (actual time=0.015..1426.509 rows=2009396 loops=1)
  Filter: (keyword_id > 6225)
  Rows Removed by Filter: 2514534
Planning time: 0.341 ms
Execution time: 1669.510 ms
