Hash Join  (cost=78556.72..196518.38 rows=638497 width=0) (actual time=1310.408..4709.246 rows=1548241 loops=1)
  Hash Cond: (mk.movie_id = t.id)
  ->  Seq Scan on movie_keyword mk  (cost=0.00..81003.12 rows=2418549 width=4) (actual time=0.026..1668.708 rows=2419022 loops=1)
        Filter: (keyword_id < 5704)
        Rows Removed by Filter: 2104908
  ->  Hash  (cost=67604.59..67604.59 rows=667531 width=4) (actual time=1308.600..1308.600 rows=662825 loops=1)
        Buckets: 131072  Batches: 16  Memory Usage: 2486kB
        ->  Seq Scan on title t  (cost=0.00..67604.59 rows=667531 width=4) (actual time=336.416..1099.504 rows=662825 loops=1)
              Filter: (kind_id = 1)
              Rows Removed by Filter: 1865487
Planning time: 0.723 ms
Execution time: 4870.672 ms
