Hash Join  (cost=102767.86..942904.66 rows=1420777 width=0) (actual time=6327.551..15168.719 rows=1808145 loops=1)
  Hash Cond: (ci.movie_id = t.id)
  ->  Seq Scan on cast_info ci  (cost=0.00..796071.18 rows=1420777 width=4) (actual time=4361.924..11441.969 rows=1808145 loops=1)
        Filter: ((person_id < 244106) AND (role_id < 3))
        Rows Removed by Filter: 34436199
  ->  Hash  (cost=61283.27..61283.27 rows=2528527 width=4) (actual time=1964.138..1964.138 rows=2528312 loops=1)
        Buckets: 131072  Batches: 64  Memory Usage: 2415kB
        ->  Seq Scan on title t  (cost=0.00..61283.27 rows=2528527 width=4) (actual time=0.019..1137.147 rows=2528312 loops=1)
Planning time: 0.710 ms
Execution time: 15370.726 ms
