Seq Scan on title t  (cost=0.00..67604.59 rows=330 width=0) (actual time=57.435..1193.576 rows=438 loops=1)
  Filter: (production_year > 2014)
  Rows Removed by Filter: 2527874
Planning time: 0.229 ms
Execution time: 1193.835 ms
