Seq Scan on movie_keyword mk  (cost=0.00..81003.12 rows=1998000 width=0) (actual time=0.029..1429.439 rows=2007879 loops=1)
  Filter: (keyword_id > 6226)
  Rows Removed by Filter: 2516051
Planning time: 0.312 ms
Execution time: 1683.652 ms
