Hash Join  (cost=102767.86..241872.89 rows=2004056 width=0) (actual time=1971.004..5350.592 rows=2008924 loops=1)
  Hash Cond: (mk.movie_id = t.id)
  ->  Seq Scan on movie_keyword mk  (cost=0.00..81003.12 rows=2004056 width=4) (actual time=0.020..1639.577 rows=2008924 loops=1)
        Filter: (keyword_id < 3576)
        Rows Removed by Filter: 2515006
  ->  Hash  (cost=61283.27..61283.27 rows=2528527 width=4) (actual time=1970.128..1970.128 rows=2528312 loops=1)
        Buckets: 131072  Batches: 64  Memory Usage: 2425kB
        ->  Seq Scan on title t  (cost=0.00..61283.27 rows=2528527 width=4) (actual time=0.014..1099.723 rows=2528312 loops=1)
Planning time: 0.744 ms
Execution time: 5553.441 ms
