Hash Join  (cost=84171.54..204897.60 rows=656155 width=0) (actual time=1398.003..4271.278 rows=160024 loops=1)
  Hash Cond: (mk.movie_id = t.id)
  ->  Seq Scan on movie_keyword mk  (cost=0.00..81003.12 rows=2656901 width=4) (actual time=0.032..1645.769 rows=2647451 loops=1)
        Filter: (keyword_id > 3190)
        Rows Removed by Filter: 1876479
  ->  Hash  (cost=73925.90..73925.90 rows=624451 width=4) (actual time=1396.453..1396.453 rows=521141 loops=1)
        Buckets: 131072  Batches: 16  Memory Usage: 2174kB
        ->  Seq Scan on title t  (cost=0.00..73925.90 rows=624451 width=4) (actual time=0.017..1220.987 rows=521141 loops=1)
              Filter: ((production_year < 2000) AND (kind_id = 7))
              Rows Removed by Filter: 2007171
Planning time: 0.864 ms
Execution time: 4289.667 ms
