Hash Join  (cost=58375.85..802478.72 rows=216 width=0) (actual time=1275.953..13727.155 rows=1221 loops=1)
  Hash Cond: (ci.movie_id = t.id)
  ->  Seq Scan on cast_info ci  (cost=0.00..705507.15 rows=10291617 width=4) (actual time=465.194..11382.976 rows=10132331 loops=1)
        Filter: (person_id < 995744)
        Rows Removed by Filter: 26112013
  ->  Hash  (cost=58375.18..58375.18 rows=53 width=8) (actual time=797.754..797.754 rows=224 loops=1)
        Buckets: 1024  Batches: 1  Memory Usage: 17kB
        ->  Nested Loop  (cost=0.43..58375.18 rows=53 width=8) (actual time=4.560..797.597 rows=224 loops=1)
              ->  Seq Scan on movie_companies mc  (cost=0.00..57926.93 rows=53 width=4) (actual time=4.482..786.207 rows=224 loops=1)
                    Filter: ((company_id = 663) AND (company_type_id = 2))
                    Rows Removed by Filter: 2608905
              ->  Index Only Scan using title_pkey on title t  (cost=0.43..8.45 rows=1 width=4) (actual time=0.049..0.050 rows=1 loops=224)
                    Index Cond: (id = mc.movie_id)
                    Heap Fetches: 224
Planning time: 1.207 ms
Execution time: 13727.854 ms
