Nested Loop  (cost=0.43..709671.90 rows=500 width=0) (actual time=2626.116..11360.652 rows=3 loops=1)
  ->  Seq Scan on cast_info ci  (cost=0.00..705507.15 rows=500 width=4) (actual time=2626.007..11360.468 rows=3 loops=1)
        Filter: (person_id = 1648036)
        Rows Removed by Filter: 36244341
  ->  Index Only Scan using title_pkey on title t  (cost=0.43..8.32 rows=1 width=4) (actual time=0.043..0.043 rows=1 loops=3)
        Index Cond: (id = ci.movie_id)
        Heap Fetches: 3
Planning time: 0.757 ms
Execution time: 11360.740 ms
