Nested Loop  (cost=0.43..83071.67 rows=246 width=0) (actual time=26.168..1323.645 rows=139 loops=1)
  ->  Seq Scan on movie_keyword mk  (cost=0.00..81003.12 rows=246 width=4) (actual time=26.087..1305.927 rows=139 loops=1)
        Filter: (keyword_id = 32678)
        Rows Removed by Filter: 4523791
  ->  Index Only Scan using title_pkey on title t  (cost=0.43..8.40 rows=1 width=4) (actual time=0.122..0.123 rows=1 loops=139)
        Index Cond: (id = mk.movie_id)
        Heap Fetches: 139
Planning time: 0.693 ms
Execution time: 1323.829 ms
