Hash Join  (cost=94699.36..459591.89 rows=23660 width=0) (actual time=1592.971..8589.612 rows=115408 loops=1)
  Hash Cond: (mi.movie_id = t.id)
  ->  Seq Scan on movie_info mi  (cost=0.00..309384.22 rows=14739122 width=4) (actual time=0.017..4101.308 rows=14835720 loops=1)
  ->  Hash  (cost=94648.62..94648.62 rows=4059 width=8) (actual time=1592.849..1592.849 rows=7484 loops=1)
        Buckets: 8192 (originally 4096)  Batches: 1 (originally 1)  Memory Usage: 357kB
        ->  Hash Join  (cost=67697.55..94648.62 rows=4059 width=8) (actual time=955.116..1589.713 rows=7484 loops=1)
              Hash Cond: (mi_idx.movie_id = t.id)
              ->  Seq Scan on movie_info_idx mi_idx  (cost=0.00..21735.35 rows=1380035 width=4) (actual time=0.013..330.296 rows=1380035 loops=1)
              ->  Hash  (cost=67604.59..67604.59 rows=7437 width=4) (actual time=955.043..955.043 rows=11073 loops=1)
                    Buckets: 16384 (originally 8192)  Batches: 1 (originally 1)  Memory Usage: 518kB
                    ->  Seq Scan on title t  (cost=0.00..67604.59 rows=7437 width=4) (actual time=0.024..949.422 rows=11073 loops=1)
                          Filter: (production_year = 1961)
                          Rows Removed by Filter: 2517239
Planning time: 1.154 ms
Execution time: 8605.934 ms
