Seq Scan on movie_keyword mk  (cost=0.00..81003.12 rows=246 width=0) (actual time=0.822..1182.239 rows=284 loops=1)
  Filter: (keyword_id = 4557)
  Rows Removed by Filter: 4523646
Planning time: 0.390 ms
Execution time: 1182.472 ms
