Hash Join  (cost=100070.22..140369.46 rows=293014 width=0) (actual time=1990.871..2882.584 rows=211414 loops=1)
  Hash Cond: (mi_idx.movie_id = t.id)
  ->  Seq Scan on movie_info_idx mi_idx  (cost=0.00..25185.44 rows=464934 width=4) (actual time=0.022..448.308 rows=460185 loops=1)
        Filter: (info_type_id > 100)
        Rows Removed by Filter: 919850
  ->  Hash  (cost=73925.90..73925.90 rows=1593545 width=4) (actual time=1989.324..1989.324 rows=1694449 loops=1)
        Buckets: 131072  Batches: 32  Memory Usage: 2890kB
        ->  Seq Scan on title t  (cost=0.00..73925.90 rows=1593545 width=4) (actual time=0.014..1437.208 rows=1694449 loops=1)
              Filter: ((kind_id > 2) AND (production_year > 1953))
              Rows Removed by Filter: 833863
Planning time: 0.760 ms
Execution time: 2902.230 ms
