Seq Scan on cast_info ci  (cost=0.00..705507.15 rows=500 width=0) (actual time=33.316..9944.794 rows=2 loops=1)
  Filter: (person_id = 3196994)
  Rows Removed by Filter: 36244342
Planning time: 0.358 ms
Execution time: 9944.875 ms
