Hash Join  (cost=102767.86..200824.42 rows=1257208 width=0) (actual time=2385.336..4515.411 rows=1274246 loops=1)
  Hash Cond: (mc.movie_id = t.id)
  ->  Seq Scan on movie_companies mc  (cost=0.00..57926.93 rows=1257208 width=4) (actual time=501.838..1314.469 rows=1274246 loops=1)
        Filter: ((company_id < 195817) AND (company_type_id < 2))
        Rows Removed by Filter: 1334883
  ->  Hash  (cost=61283.27..61283.27 rows=2528527 width=4) (actual time=1882.089..1882.089 rows=2528312 loops=1)
        Buckets: 131072  Batches: 64  Memory Usage: 2415kB
        ->  Seq Scan on title t  (cost=0.00..61283.27 rows=2528527 width=4) (actual time=0.028..1041.982 rows=2528312 loops=1)
Planning time: 3.387 ms
Execution time: 4658.178 ms
