Seq Scan on movie_keyword mk  (cost=0.00..81003.12 rows=631004 width=0) (actual time=0.010..1332.552 rows=629547 loops=1)
  Filter: (keyword_id < 491)
  Rows Removed by Filter: 3894383
Planning time: 0.318 ms
Execution time: 1413.164 ms
