Hash Join  (cost=102767.86..194260.07 rows=984325 width=0) (actual time=2257.458..3978.864 rows=680955 loops=1)
  Hash Cond: (mc.movie_id = t.id)
  ->  Seq Scan on movie_companies mc  (cost=0.00..57926.93 rows=984325 width=4) (actual time=359.616..1165.939 rows=680955 loops=1)
        Filter: ((company_id < 48222) AND (company_type_id > 1))
        Rows Removed by Filter: 1928174
  ->  Hash  (cost=61283.27..61283.27 rows=2528527 width=4) (actual time=1896.516..1896.516 rows=2528312 loops=1)
        Buckets: 131072  Batches: 64  Memory Usage: 2415kB
        ->  Seq Scan on title t  (cost=0.00..61283.27 rows=2528527 width=4) (actual time=0.030..1056.416 rows=2528312 loops=1)
Planning time: 0.759 ms
Execution time: 4057.612 ms
