Nested Loop  (cost=0.43..83071.67 rows=246 width=0) (actual time=266.966..1205.117 rows=7 loops=1)
  ->  Seq Scan on movie_keyword mk  (cost=0.00..81003.12 rows=246 width=4) (actual time=266.878..1204.839 rows=7 loops=1)
        Filter: (keyword_id = 28613)
        Rows Removed by Filter: 4523923
  ->  Index Only Scan using title_pkey on title t  (cost=0.43..8.40 rows=1 width=4) (actual time=0.035..0.035 rows=1 loops=7)
        Index Cond: (id = mk.movie_id)
        Heap Fetches: 7
Planning time: 0.757 ms
Execution time: 1205.209 ms
