Seq Scan on movie_companies mc  (cost=0.00..57926.93 rows=1256293 width=0) (actual time=0.021..751.461 rows=1274246 loops=1)
  Filter: ((company_id < 194366) AND (company_type_id = 1))
  Rows Removed by Filter: 1334883
Planning time: 0.394 ms
Execution time: 885.250 ms
