Hash Join  (cost=171323.88..603446.81 rows=1194823 width=0) (actual time=3702.185..17531.572 rows=18683586 loops=1)
  Hash Cond: (mi.movie_id = t.id)
  ->  Seq Scan on movie_info mi  (cost=0.00..346232.03 rows=6231111 width=4) (actual time=0.025..6534.194 rows=6223494 loops=1)
        Filter: (info_type_id > 8)
        Rows Removed by Filter: 8612226
  ->  Hash  (cost=163369.28..163369.28 rows=484848 width=8) (actual time=3699.718..3699.718 rows=694964 loops=1)
        Buckets: 131072 (originally 131072)  Batches: 16 (originally 8)  Memory Usage: 3073kB
        ->  Hash Join  (cost=81635.28..163369.28 rows=484848 width=8) (actual time=1272.779..3496.521 rows=694964 loops=1)
              Hash Cond: (mc.movie_id = t.id)
              ->  Seq Scan on movie_companies mc  (cost=0.00..44881.29 rows=2609129 width=4) (actual time=0.019..869.922 rows=2609129 loops=1)
              ->  Hash  (cost=73925.90..73925.90 rows=469870 width=4) (actual time=1271.869..1271.869 rows=367087 loops=1)
                    Buckets: 131072  Batches: 8  Memory Usage: 2634kB
                    ->  Seq Scan on title t  (cost=0.00..73925.90 rows=469870 width=4) (actual time=0.012..1132.846 rows=367087 loops=1)
                          Filter: ((kind_id < 4) AND (production_year > 2000))
                          Rows Removed by Filter: 2161225
Planning time: 1.238 ms
Execution time: 19569.440 ms
