Hash Join  (cost=209909.12..568362.38 rows=128660 width=0) (actual time=7976.931..10141.347 rows=406938 loops=1)
  Hash Cond: (mi.movie_id = t.id)
  ->  Seq Scan on movie_info mi  (cost=0.00..346232.03 rows=809768 width=4) (actual time=3791.638..5480.015 rows=802140 loops=1)
        Filter: (info_type_id < 2)
        Rows Removed by Filter: 14033580
  ->  Hash  (cost=203317.32..203317.32 rows=401744 width=8) (actual time=4117.440..4117.440 rows=395858 loops=1)
        Buckets: 131072  Batches: 8  Memory Usage: 3027kB
        ->  Hash Join  (cost=102767.86..203317.32 rows=401744 width=8) (actual time=2001.022..4002.472 rows=395858 loops=1)
              Hash Cond: (mk.movie_id = t.id)
              ->  Seq Scan on movie_keyword mk  (cost=0.00..81003.12 rows=401744 width=4) (actual time=0.035..1325.831 rows=395858 loops=1)
                    Filter: (keyword_id > 43623)
                    Rows Removed by Filter: 4128072
              ->  Hash  (cost=61283.27..61283.27 rows=2528527 width=4) (actual time=1999.499..1999.499 rows=2528312 loops=1)
                    Buckets: 131072  Batches: 64  Memory Usage: 2425kB
                    ->  Seq Scan on title t  (cost=0.00..61283.27 rows=2528527 width=4) (actual time=0.029..1146.770 rows=2528312 loops=1)
Planning time: 1.083 ms
Execution time: 10194.446 ms
