Seq Scan on cast_info ci  (cost=0.00..796071.18 rows=278586 width=0) (actual time=8985.876..14885.943 rows=286097 loops=1)
  Filter: ((person_id > 710232) AND (role_id > 10))
  Rows Removed by Filter: 35958247
Planning time: 0.327 ms
Execution time: 14919.419 ms
