Hash Join  (cost=373091.55..1183958.18 rows=25846799 width=0) (actual time=9071.671..76007.251 rows=229208738 loops=1)
  Hash Cond: (mi.movie_id = t.id)
  ->  Seq Scan on movie_info mi  (cost=0.00..309384.22 rows=14739122 width=4) (actual time=0.027..6328.586 rows=14835720 loops=1)
  ->  Hash  (cost=300344.65..300344.65 rows=4434072 width=8) (actual time=9068.680..9068.680 rows=4436255 loops=1)
        Buckets: 131072  Batches: 64  Memory Usage: 3833kB
        ->  Hash Join  (cost=102767.86..300344.65 rows=4434072 width=8) (actual time=1889.678..7429.302 rows=4436255 loops=1)
              Hash Cond: (mk.movie_id = t.id)
              ->  Seq Scan on movie_keyword mk  (cost=0.00..81003.12 rows=4434072 width=4) (actual time=0.021..1867.758 rows=4436255 loops=1)
                    Filter: (keyword_id < 85552)
                    Rows Removed by Filter: 87675
              ->  Hash  (cost=61283.27..61283.27 rows=2528527 width=4) (actual time=1887.542..1887.542 rows=2528312 loops=1)
                    Buckets: 131072  Batches: 64  Memory Usage: 2425kB
                    ->  Seq Scan on title t  (cost=0.00..61283.27 rows=2528527 width=4) (actual time=0.027..1032.295 rows=2528312 loops=1)
Planning time: 1.254 ms
Execution time: 101701.207 ms
