Seq Scan on title t  (cost=0.00..73925.90 rows=23705 width=0) (actual time=597.780..1141.352 rows=59846 loops=1)
  Filter: ((kind_id < 7) AND (production_year < 1915))
  Rows Removed by Filter: 2468466
Planning time: 0.315 ms
Execution time: 1150.124 ms
