Hash Join  (cost=78306.32..425809.55 rows=1894 width=0) (actual time=1597.959..6007.896 rows=1843 loops=1)
  Hash Cond: (mi.movie_id = t.id)
  ->  Seq Scan on movie_info mi  (cost=0.00..346232.03 rows=17937 width=4) (actual time=455.266..4835.063 rows=4339 loops=1)
        Filter: (info_type_id = 35)
        Rows Removed by Filter: 14831381
  ->  Hash  (cost=73925.90..73925.90 rows=266993 width=4) (actual time=1137.705..1137.705 rows=216282 loops=1)
        Buckets: 131072  Batches: 4  Memory Usage: 2934kB
        ->  Seq Scan on title t  (cost=0.00..73925.90 rows=266993 width=4) (actual time=130.448..1064.022 rows=216282 loops=1)
              Filter: ((production_year > 2005) AND (kind_id = 1))
              Rows Removed by Filter: 2312030
Planning time: 0.808 ms
Execution time: 6008.489 ms
