Seq Scan on movie_keyword mk  (cost=0.00..81003.12 rows=246 width=0) (actual time=7.320..1291.020 rows=197 loops=1)
  Filter: (keyword_id = 7400)
  Rows Removed by Filter: 4523733
Planning time: 0.354 ms
Execution time: 1291.226 ms
