Hash Join  (cost=122558.31..1079084.54 rows=887427 width=0) (actual time=7498.926..25500.887 rows=2936484 loops=1)
  Hash Cond: (ci.movie_id = t.id)
  ->  Seq Scan on cast_info ci  (cost=0.00..796071.18 rows=13051415 width=4) (actual time=5070.727..16353.686 rows=14169256 loops=1)
        Filter: ((person_id > 674756) AND (role_id > 2))
        Rows Removed by Filter: 22075088
  ->  Hash  (cost=119737.23..119737.23 rows=171926 width=8) (actual time=2427.305..2427.305 rows=215128 loops=1)
        Buckets: 131072  Batches: 4  Memory Usage: 3124kB
        ->  Hash Join  (cost=79094.49..119737.23 rows=171926 width=8) (actual time=1258.117..2361.749 rows=215128 loops=1)
              Hash Cond: (mi_idx.movie_id = t.id)
              ->  Seq Scan on movie_info_idx mi_idx  (cost=0.00..21735.35 rows=1380035 width=4) (actual time=0.016..433.429 rows=1380035 loops=1)
              ->  Hash  (cost=73925.90..73925.90 rows=315007 width=4) (actual time=1257.262..1257.262 rows=244789 loops=1)
                    Buckets: 131072  Batches: 8  Memory Usage: 2099kB
                    ->  Seq Scan on title t  (cost=0.00..73925.90 rows=315007 width=4) (actual time=138.575..1034.877 rows=244789 loops=1)
                          Filter: ((production_year > 2003) AND (kind_id = 1))
                          Rows Removed by Filter: 2283523
Planning time: 0.742 ms
Execution time: 25843.981 ms
