Hash Join  (cost=78556.72..216620.78 rows=1012162 width=0) (actual time=1321.830..5764.594 rows=2487574 loops=1)
  Hash Cond: (mk.movie_id = t.id)
  ->  Seq Scan on movie_keyword mk  (cost=0.00..81003.12 rows=3833949 width=4) (actual time=0.024..1842.294 rows=3837618 loops=1)
        Filter: (keyword_id > 568)
        Rows Removed by Filter: 686312
  ->  Hash  (cost=67604.59..67604.59 rows=667531 width=4) (actual time=1320.814..1320.814 rows=662825 loops=1)
        Buckets: 131072  Batches: 16  Memory Usage: 2486kB
        ->  Seq Scan on title t  (cost=0.00..67604.59 rows=667531 width=4) (actual time=0.052..1110.239 rows=662825 loops=1)
              Filter: (kind_id = 1)
              Rows Removed by Filter: 1865487
Planning time: 0.659 ms
Execution time: 6048.266 ms
