Seq Scan on movie_keyword mk  (cost=0.00..81003.12 rows=246 width=0) (actual time=7.492..1259.214 rows=26 loops=1)
  Filter: (keyword_id = 29426)
  Rows Removed by Filter: 4523904
Planning time: 0.373 ms
Execution time: 1259.329 ms
