Seq Scan on movie_keyword mk  (cost=0.00..81003.12 rows=246 width=0) (actual time=0.706..807.192 rows=757 loops=1)
  Filter: (keyword_id = 4350)
  Rows Removed by Filter: 4523173
Planning time: 0.238 ms
Execution time: 807.493 ms
