Hash Join  (cost=156443.45..544359.46 rows=211 width=0) (actual time=2458.380..10167.811 rows=3394 loops=1)
  Hash Cond: (mi.movie_id = t.id)
  ->  Seq Scan on movie_info mi  (cost=0.00..346232.03 rows=11115165 width=4) (actual time=0.021..6133.542 rows=11210743 loops=1)
        Filter: (info_type_id > 3)
        Rows Removed by Filter: 3624977
  ->  Hash  (cost=156442.85..156442.85 rows=48 width=8) (actual time=2450.680..2450.680 rows=258 loops=1)
        Buckets: 1024  Batches: 1  Memory Usage: 19kB
        ->  Hash Join  (cost=73929.67..156442.85 rows=48 width=8) (actual time=1089.153..2450.413 rows=258 loops=1)
              Hash Cond: (mk.movie_id = t.id)
              ->  Seq Scan on movie_keyword mk  (cost=0.00..81003.12 rows=402555 width=4) (actual time=0.027..1308.134 rows=396891 loops=1)
                    Filter: (keyword_id > 43568)
                    Rows Removed by Filter: 4127039
              ->  Hash  (cost=73925.90..73925.90 rows=301 width=4) (actual time=1075.925..1075.925 rows=1360 loops=1)
                    Buckets: 2048 (originally 1024)  Batches: 1 (originally 1)  Memory Usage: 64kB
                    ->  Seq Scan on title t  (cost=0.00..73925.90 rows=301 width=4) (actual time=72.231..1075.170 rows=1360 loops=1)
                          Filter: ((kind_id = 3) AND (production_year = 1989))
                          Rows Removed by Filter: 2526952
Planning time: 1.177 ms
Execution time: 10168.729 ms
