Seq Scan on title t  (cost=0.00..67604.59 rows=500648 width=0) (actual time=0.019..1229.529 rows=494029 loops=1)
  Filter: (production_year < 1979)
  Rows Removed by Filter: 2034283
Planning time: 0.276 ms
Execution time: 1294.757 ms
