Seq Scan on movie_keyword mk  (cost=0.00..81003.12 rows=760551 width=0) (actual time=0.023..1149.757 rows=760248 loops=1)
  Filter: (keyword_id < 712)
  Rows Removed by Filter: 3763682
Planning time: 0.310 ms
Execution time: 1249.426 ms
