Hash Join  (cost=177693.38..700387.52 rows=4019421 width=0) (actual time=4220.180..29592.797 rows=48799395 loops=1)
  Hash Cond: (mi.movie_id = t.id)
  ->  Seq Scan on movie_info mi  (cost=0.00..309384.22 rows=14739122 width=4) (actual time=0.020..5680.418 rows=14835720 loops=1)
  ->  Hash  (cost=166380.13..166380.13 rows=689540 width=8) (actual time=4219.226..4219.226 rows=1231224 loops=1)
        Buckets: 131072  Batches: 16  Memory Usage: 4092kB
        ->  Hash Join  (cost=83810.17..166380.13 rows=689540 width=8) (actual time=1521.490..3899.525 rows=1231224 loops=1)
              Hash Cond: (mc.movie_id = t.id)
              ->  Seq Scan on movie_companies mc  (cost=0.00..51404.11 rows=1765185 width=4) (actual time=0.021..1054.903 rows=1755860 loops=1)
                    Filter: (company_id < 24862)
                    Rows Removed by Filter: 853269
              ->  Hash  (cost=67604.59..67604.59 rows=987727 width=4) (actual time=1520.665..1520.665 rows=985048 loops=1)
                    Buckets: 131072  Batches: 16  Memory Usage: 3188kB
                    ->  Seq Scan on title t  (cost=0.00..67604.59 rows=987727 width=4) (actual time=0.045..1201.910 rows=985048 loops=1)
                          Filter: (kind_id < 7)
                          Rows Removed by Filter: 1543264
Planning time: 1.122 ms
Execution time: 35160.141 ms
