Seq Scan on movie_companies mc  (cost=0.00..57926.93 rows=820453 width=0) (actual time=0.023..958.172 rows=614140 loops=1)
  Filter: ((company_id > 3404) AND (company_type_id = 1))
  Rows Removed by Filter: 1994989
Planning time: 0.434 ms
Execution time: 1033.419 ms
