Seq Scan on cast_info ci  (cost=0.00..705507.15 rows=500 width=0) (actual time=6290.366..10744.304 rows=47 loops=1)
  Filter: (person_id = 2742841)
  Rows Removed by Filter: 36244297
Planning time: 0.308 ms
Execution time: 10744.416 ms
