Hash Join  (cost=100862.36..187529.74 rows=934 width=156) (actual time=1845.387..3920.554 rows=19662 loops=1)
  Hash Cond: (mk.movie_id = t.id)
  ->  Seq Scan on movie_keyword mk  (cost=0.00..69693.30 rows=4523930 width=12) (actual time=0.024..1218.225 rows=4523930 loops=1)
  ->  Hash  (cost=100855.84..100855.84 rows=522 width=144) (actual time=1844.631..1844.631 rows=2217 loops=1)
        Buckets: 4096 (originally 1024)  Batches: 1 (originally 1)  Memory Usage: 311kB
        ->  Hash Join  (cost=73962.22..100855.84 rows=522 width=144) (actual time=1205.946..1842.242 rows=2217 loops=1)
              Hash Cond: (mi_idx.movie_id = t.id)
              ->  Seq Scan on movie_info_idx mi_idx  (cost=0.00..25185.44 rows=454124 width=50) (actual time=0.022..534.677 rows=459925 loops=1)
                    Filter: (info_type_id = 100)
                    Rows Removed by Filter: 920110
              ->  Hash  (cost=73925.90..73925.90 rows=2905 width=94) (actual time=1205.085..1205.085 rows=5861 loops=1)
                    Buckets: 8192 (originally 4096)  Batches: 1 (originally 1)  Memory Usage: 706kB
                    ->  Seq Scan on title t  (cost=0.00..73925.90 rows=2905 width=94) (actual time=1.210..1201.977 rows=5861 loops=1)
                          Filter: ((kind_id < 7) AND (production_year = 1969))
                          Rows Removed by Filter: 2522451
Planning time: 1.383 ms
Execution time: 3921.936 ms
