Seq Scan on cast_info ci  (cost=0.00..705507.15 rows=500 width=0) (actual time=3551.571..11092.065 rows=173 loops=1)
  Filter: (person_id = 3018240)
  Rows Removed by Filter: 36244171
Planning time: 0.428 ms
Execution time: 11092.183 ms
