Seq Scan on movie_companies mc  (cost=0.00..57926.93 rows=210974 width=0) (actual time=0.031..983.042 rows=416875 loops=1)
  Filter: ((company_id > 80328) AND (company_type_id = 2))
  Rows Removed by Filter: 2192254
Planning time: 0.491 ms
Execution time: 1035.402 ms
