Hash Join  (cost=967499.10..1355299.80 rows=1191357 width=0) (actual time=14862.253..20728.398 rows=1471 loops=1)
  Hash Cond: (mi.movie_id = t.id)
  ->  Seq Scan on movie_info mi  (cost=0.00..346232.03 rows=2073893 width=4) (actual time=601.220..5604.445 rows=2091068 loops=1)
        Filter: (info_type_id < 3)
        Rows Removed by Filter: 12744652
  ->  Hash  (cost=943668.55..943668.55 rows=1452524 width=8) (actual time=14240.589..14240.589 rows=1369 loops=1)
        Buckets: 131072  Batches: 32  Memory Usage: 1032kB
        ->  Hash Join  (cost=102767.86..943668.55 rows=1452524 width=8) (actual time=11921.819..14238.657 rows=1369 loops=1)
              Hash Cond: (ci.movie_id = t.id)
              ->  Seq Scan on cast_info ci  (cost=0.00..796071.18 rows=1452524 width=4) (actual time=9988.646..11938.286 rows=1369 loops=1)
                    Filter: ((person_id < 691583) AND (role_id = 2))
                    Rows Removed by Filter: 36242975
              ->  Hash  (cost=61283.27..61283.27 rows=2528527 width=4) (actual time=1897.139..1897.139 rows=2528312 loops=1)
                    Buckets: 131072  Batches: 64  Memory Usage: 2415kB
                    ->  Seq Scan on title t  (cost=0.00..61283.27 rows=2528527 width=4) (actual time=0.019..1055.379 rows=2528312 loops=1)
Planning time: 5.520 ms
Execution time: 20728.809 ms
