Hash Join  (cost=100948.70..864891.53 rows=15204 width=0) (actual time=1852.648..16592.657 rows=76896 loops=1)
  Hash Cond: (ci.movie_id = t.id)
  ->  Seq Scan on cast_info ci  (cost=0.00..705507.15 rows=15542295 width=4) (actual time=1.019..11774.980 rows=15417501 loops=1)
        Filter: (person_id < 1520072)
        Rows Removed by Filter: 20826843
  ->  Hash  (cost=100917.78..100917.78 rows=2474 width=8) (actual time=1847.705..1847.705 rows=5538 loops=1)
        Buckets: 8192 (originally 4096)  Batches: 1 (originally 1)  Memory Usage: 281kB
        ->  Hash Join  (cost=73982.55..100917.78 rows=2474 width=8) (actual time=1600.631..1845.569 rows=5538 loops=1)
              Hash Cond: (mi_idx.movie_id = t.id)
              ->  Seq Scan on movie_info_idx mi_idx  (cost=0.00..21735.35 rows=1380035 width=4) (actual time=0.017..307.572 rows=1380035 loops=1)
              ->  Hash  (cost=73925.90..73925.90 rows=4532 width=4) (actual time=1228.320..1228.320 rows=12643 loops=1)
                    Buckets: 16384 (originally 8192)  Batches: 1 (originally 1)  Memory Usage: 573kB
                    ->  Seq Scan on title t  (cost=0.00..73925.90 rows=4532 width=4) (actual time=208.883..1222.432 rows=12643 loops=1)
                          Filter: ((kind_id = 7) AND (production_year = 1989))
                          Rows Removed by Filter: 2515669
Planning time: 1.267 ms
Execution time: 16604.203 ms
