Hash Join  (cost=102767.86..251244.20 rows=2393552 width=0) (actual time=1968.698..5767.319 rows=2388053 loops=1)
  Hash Cond: (mk.movie_id = t.id)
  ->  Seq Scan on movie_keyword mk  (cost=0.00..81003.12 rows=2393552 width=4) (actual time=0.013..1633.630 rows=2388053 loops=1)
        Filter: (keyword_id > 3957)
        Rows Removed by Filter: 2135877
  ->  Hash  (cost=61283.27..61283.27 rows=2528527 width=4) (actual time=1967.801..1967.801 rows=2528312 loops=1)
        Buckets: 131072  Batches: 64  Memory Usage: 2425kB
        ->  Seq Scan on title t  (cost=0.00..61283.27 rows=2528527 width=4) (actual time=0.022..1122.569 rows=2528312 loops=1)
Planning time: 0.485 ms
Execution time: 6050.064 ms
