Seq Scan on title t  (cost=0.00..73925.90 rows=16065 width=0) (actual time=162.866..1131.172 rows=9704 loops=1)
  Filter: ((kind_id < 2) AND (production_year = 2002))
  Rows Removed by Filter: 2518608
Planning time: 0.262 ms
Execution time: 1132.659 ms
