Hash Join  (cost=73982.55..100917.78 rows=2474 width=0) (actual time=1417.928..1842.067 rows=5529 loops=1)
  Hash Cond: (mi_idx.movie_id = t.id)
  ->  Seq Scan on movie_info_idx mi_idx  (cost=0.00..21735.35 rows=1380035 width=4) (actual time=0.018..349.066 rows=1380035 loops=1)
  ->  Hash  (cost=73925.90..73925.90 rows=4532 width=4) (actual time=1173.729..1173.729 rows=14325 loops=1)
        Buckets: 16384 (originally 8192)  Batches: 1 (originally 1)  Memory Usage: 632kB
        ->  Seq Scan on title t  (cost=0.00..73925.90 rows=4532 width=4) (actual time=0.087..1167.321 rows=14325 loops=1)
              Filter: ((kind_id = 7) AND (production_year = 1991))
              Rows Removed by Filter: 2513987
Planning time: 0.805 ms
Execution time: 1843.068 ms
