Hash Join  (cost=420130.79..507283.67 rows=49484 width=0) (actual time=6820.382..8717.974 rows=256846 loops=1)
  Hash Cond: (mk.movie_id = t.id)
  ->  Seq Scan on movie_keyword mk  (cost=0.00..69693.30 rows=4523930 width=4) (actual time=0.018..989.966 rows=4523930 loops=1)
  ->  Hash  (cost=419785.06..419785.06 rows=27658 width=8) (actual time=6820.092..6820.092 rows=11666 loops=1)
        Buckets: 32768  Batches: 1  Memory Usage: 712kB
        ->  Hash Join  (cost=68257.79..419785.06 rows=27658 width=8) (actual time=5152.147..6815.242 rows=11666 loops=1)
              Hash Cond: (mi.movie_id = t.id)
              ->  Seq Scan on movie_info mi  (cost=0.00..346232.03 rows=1338312 width=4) (actual time=3898.227..5256.104 rows=1401902 loops=1)
                    Filter: (info_type_id = 7)
                    Rows Removed by Filter: 13433818
              ->  Hash  (cost=67604.59..67604.59 rows=52256 width=4) (actual time=1253.247..1253.247 rows=53013 loops=1)
                    Buckets: 65536  Batches: 1  Memory Usage: 2376kB
                    ->  Seq Scan on title t  (cost=0.00..67604.59 rows=52256 width=4) (actual time=0.038..1230.305 rows=53013 loops=1)
                          Filter: (production_year = 2000)
                          Rows Removed by Filter: 2475299
Planning time: 1.182 ms
Execution time: 8751.247 ms
