Seq Scan on cast_info ci  (cost=0.00..796071.18 rows=401507 width=0) (actual time=7940.417..11517.278 rows=273171 loops=1)
  Filter: ((person_id < 337531) AND (role_id = 3))
  Rows Removed by Filter: 35971173
Planning time: 0.398 ms
Execution time: 11552.089 ms
