Hash Join  (cost=265452.23..1598857.06 rows=24756867 width=0) (actual time=7217.289..79203.672 rows=188263524 loops=1)
  Hash Cond: (ci.movie_id = t.id)
  ->  Seq Scan on cast_info ci  (cost=0.00..614943.12 rows=36225612 width=4) (actual time=0.016..13237.783 rows=36244344 loops=1)
  ->  Hash  (cost=237101.04..237101.04 rows=1728015 width=8) (actual time=7214.854..7214.854 rows=3780129 loops=1)
        Buckets: 131072 (originally 131072)  Batches: 64 (originally 32)  Memory Usage: 3372kB
        ->  Hash Join  (cost=83810.17..237101.04 rows=1728015 width=8) (actual time=1534.812..6202.893 rows=3780129 loops=1)
              Hash Cond: (mk.movie_id = t.id)
              ->  Seq Scan on movie_keyword mk  (cost=0.00..81003.12 rows=4423624 width=4) (actual time=0.022..1750.998 rows=4425590 loops=1)
                    Filter: (keyword_id < 82737)
                    Rows Removed by Filter: 98340
              ->  Hash  (cost=67604.59..67604.59 rows=987727 width=4) (actual time=1533.785..1533.785 rows=985048 loops=1)
                    Buckets: 131072  Batches: 16  Memory Usage: 3197kB
                    ->  Seq Scan on title t  (cost=0.00..67604.59 rows=987727 width=4) (actual time=0.020..1215.480 rows=985048 loops=1)
                          Filter: (kind_id < 7)
                          Rows Removed by Filter: 1543264
Planning time: 0.737 ms
Execution time: 98477.213 ms
