Seq Scan on title t  (cost=0.00..73925.90 rows=4532 width=0) (actual time=0.028..1248.210 rows=6560 loops=1)
  Filter: ((kind_id = 7) AND (production_year = 1963))
  Rows Removed by Filter: 2521752
Planning time: 0.420 ms
Execution time: 1249.930 ms
