Hash Join  (cost=102767.86..172451.27 rows=78060 width=0) (actual time=2536.337..3354.553 rows=151812 loops=1)
  Hash Cond: (mc.movie_id = t.id)
  ->  Seq Scan on movie_companies mc  (cost=0.00..57926.93 rows=78060 width=4) (actual time=625.692..913.883 rows=151812 loops=1)
        Filter: ((company_id > 131290) AND (company_type_id = 2))
        Rows Removed by Filter: 2457317
  ->  Hash  (cost=61283.27..61283.27 rows=2528527 width=4) (actual time=1908.919..1908.919 rows=2528312 loops=1)
        Buckets: 131072  Batches: 64  Memory Usage: 2415kB
        ->  Seq Scan on title t  (cost=0.00..61283.27 rows=2528527 width=4) (actual time=0.023..1064.886 rows=2528312 loops=1)
Planning time: 0.515 ms
Execution time: 3373.617 ms
