Hash Join  (cost=84037.34..1025235.80 rows=2484653 width=0) (actual time=2335.707..21765.080 rows=1891400 loops=1)
  Hash Cond: (ci.movie_id = t.id)
  ->  Seq Scan on cast_info ci  (cost=0.00..796071.18 rows=10194334 width=4) (actual time=925.843..16187.457 rows=7521724 loops=1)
        Filter: ((person_id > 691278) AND (role_id = 1))
        Rows Removed by Filter: 28722620
  ->  Hash  (cost=73925.90..73925.90 rows=616275 width=4) (actual time=1408.783..1408.783 rows=676927 loops=1)
        Buckets: 131072  Batches: 16  Memory Usage: 2516kB
        ->  Seq Scan on title t  (cost=0.00..73925.90 rows=616275 width=4) (actual time=0.023..1187.070 rows=676927 loops=1)
              Filter: ((production_year > 2005) AND (kind_id = 7))
              Rows Removed by Filter: 1851385
Planning time: 0.818 ms
Execution time: 22005.841 ms
