Seq Scan on movie_keyword mk  (cost=0.00..81003.12 rows=246 width=0) (actual time=79.765..1256.202 rows=97 loops=1)
  Filter: (keyword_id = 3389)
  Rows Removed by Filter: 4523833
Planning time: 0.407 ms
Execution time: 1256.332 ms
