Hash Join  (cost=137413.28..857764.96 rows=120501 width=0) (actual time=2912.019..14391.312 rows=123363 loops=1)
  Hash Cond: (ci.movie_id = t.id)
  ->  Seq Scan on cast_info ci  (cost=0.00..705507.15 rows=1084672 width=4) (actual time=0.049..10037.566 rows=964672 loops=1)
        Filter: (person_id < 99759)
        Rows Removed by Filter: 35279672
  ->  Hash  (cost=132803.96..132803.96 rows=280905 width=8) (actual time=2843.144..2843.144 rows=141906 loops=1)
        Buckets: 131072  Batches: 4  Memory Usage: 2407kB
        ->  Hash Join  (cost=92883.59..132803.96 rows=280905 width=8) (actual time=2116.050..2796.459 rows=141906 loops=1)
              Hash Cond: (mi_idx.movie_id = t.id)
              ->  Seq Scan on movie_info_idx mi_idx  (cost=0.00..25185.44 rows=460978 width=4) (actual time=0.010..459.877 rows=459925 loops=1)
                    Filter: (info_type_id < 100)
                    Rows Removed by Filter: 920110
              ->  Hash  (cost=67604.59..67604.59 rows=1540800 width=4) (actual time=1784.139..1784.139 rows=1543264 loops=1)
                    Buckets: 131072  Batches: 32  Memory Usage: 2722kB
                    ->  Seq Scan on title t  (cost=0.00..67604.59 rows=1540800 width=4) (actual time=143.532..1304.656 rows=1543264 loops=1)
                          Filter: (kind_id = 7)
                          Rows Removed by Filter: 985048
Planning time: 0.790 ms
Execution time: 14407.692 ms
