Hash Join  (cost=135896.85..531095.96 rows=147248 width=0) (actual time=2330.789..11197.062 rows=177713 loops=1)
  Hash Cond: (mi.movie_id = t.id)
  ->  Seq Scan on movie_info mi  (cost=0.00..346232.03 rows=12665229 width=4) (actual time=0.013..6359.790 rows=12744652 loops=1)
        Filter: (info_type_id > 2)
        Rows Removed by Filter: 2091068
  ->  Hash  (cost=135529.39..135529.39 rows=29397 width=8) (actual time=2330.279..2330.279 rows=18793 loops=1)
        Buckets: 32768  Batches: 1  Memory Usage: 991kB
        ->  Hash Join  (cost=74291.13..135529.39 rows=29397 width=8) (actual time=1035.647..2323.763 rows=18793 loops=1)
              Hash Cond: (mc.movie_id = t.id)
              ->  Seq Scan on movie_companies mc  (cost=0.00..51404.11 rows=2544046 width=4) (actual time=0.030..783.922 rows=2542342 loops=1)
                    Filter: (company_id > 6)
                    Rows Removed by Filter: 66787
              ->  Hash  (cost=73925.90..73925.90 rows=29218 width=4) (actual time=1035.001..1035.001 rows=30850 loops=1)
                    Buckets: 32768  Batches: 1  Memory Usage: 1341kB
                    ->  Seq Scan on title t  (cost=0.00..73925.90 rows=29218 width=4) (actual time=0.009..1022.701 rows=30850 loops=1)
                          Filter: ((kind_id > 1) AND (production_year = 1995))
                          Rows Removed by Filter: 2497462
Planning time: 0.820 ms
Execution time: 11221.960 ms
