Seq Scan on movie_keyword mk  (cost=0.00..81003.12 rows=1478931 width=0) (actual time=0.029..1348.547 rows=1490673 loops=1)
  Filter: (keyword_id > 10917)
  Rows Removed by Filter: 3033257
Planning time: 0.301 ms
Execution time: 1527.408 ms
