Hash Join  (cost=187723.42..674909.56 rows=691623 width=0) (actual time=3943.316..15849.314 rows=2928699 loops=1)
  Hash Cond: (mi.movie_id = t.id)
  ->  Seq Scan on movie_info mi  (cost=0.00..309384.22 rows=14739122 width=4) (actual time=0.021..5994.958 rows=14835720 loops=1)
  ->  Hash  (cost=185776.31..185776.31 rows=118649 width=8) (actual time=3942.406..3942.406 rows=146853 loops=1)
        Buckets: 131072  Batches: 2  Memory Usage: 3876kB
        ->  Hash Join  (cost=69283.60..185776.31 rows=118649 width=8) (actual time=1118.202..3895.033 rows=146853 loops=1)
              Hash Cond: (mk.movie_id = t.id)
              ->  Seq Scan on movie_keyword mk  (cost=0.00..81003.12 rows=2932026 width=4) (actual time=0.018..1603.647 rows=2924170 loops=1)
                    Filter: (keyword_id > 2470)
                    Rows Removed by Filter: 1599760
              ->  Hash  (cost=67604.59..67604.59 rows=102321 width=4) (actual time=1117.239..1117.239 rows=100537 loops=1)
                    Buckets: 131072  Batches: 2  Memory Usage: 2803kB
                    ->  Seq Scan on title t  (cost=0.00..67604.59 rows=102321 width=4) (actual time=78.659..1079.814 rows=100537 loops=1)
                          Filter: (kind_id = 3)
                          Rows Removed by Filter: 2427775
Planning time: 1.217 ms
Execution time: 16227.227 ms
