Seq Scan on cast_info ci  (cost=0.00..796071.18 rows=69162 width=0) (actual time=7875.231..10768.824 rows=24221 loops=1)
  Filter: ((person_id < 32653) AND (role_id > 7))
  Rows Removed by Filter: 36220123
Planning time: 0.295 ms
Execution time: 10771.637 ms
