Hash Join  (cost=135654.86..500837.12 rows=199956 width=0) (actual time=6827.625..9216.733 rows=290907 loops=1)
  Hash Cond: (mi.movie_id = t.id)
  ->  Seq Scan on movie_info mi  (cost=0.00..346232.03 rows=1338312 width=4) (actual time=3874.906..5478.206 rows=1401902 loops=1)
        Filter: (info_type_id = 7)
        Rows Removed by Filter: 13433818
  ->  Hash  (cost=129456.55..129456.55 rows=377785 width=8) (actual time=2951.508..2951.508 rows=210393 loops=1)
        Buckets: 131072  Batches: 8  Memory Usage: 2065kB
        ->  Hash Join  (cost=85282.22..129456.55 rows=377785 width=8) (actual time=2162.392..2886.597 rows=210393 loops=1)
              Hash Cond: (mi_idx.movie_id = t.id)
              ->  Seq Scan on movie_info_idx mi_idx  (cost=0.00..21735.35 rows=1380035 width=4) (actual time=0.027..509.193 rows=1380035 loops=1)
              ->  Hash  (cost=73925.90..73925.90 rows=692185 width=4) (actual time=1633.060..1633.060 rows=596495 loops=1)
                    Buckets: 131072  Batches: 16  Memory Usage: 2332kB
                    ->  Seq Scan on title t  (cost=0.00..73925.90 rows=692185 width=4) (actual time=0.041..1441.997 rows=596495 loops=1)
                          Filter: ((production_year < 2002) AND (kind_id = 7))
                          Rows Removed by Filter: 1931817
Planning time: 1.201 ms
Execution time: 9256.803 ms
