Seq Scan on cast_info ci  (cost=0.00..796071.18 rows=23820361 width=0) (actual time=0.019..16806.430 rows=23446958 loops=1)
  Filter: ((person_id > 475842) AND (role_id < 6))
  Rows Removed by Filter: 12797386
Planning time: 0.396 ms
Execution time: 19706.465 ms
