Hash Join  (cost=83189.08..598110.78 rows=3290977 width=0) (actual time=1371.022..14810.830 rows=1690806 loops=1)
  Hash Cond: (mi.movie_id = t.id)
  ->  Seq Scan on movie_info mi  (cost=0.00..309384.22 rows=14739122 width=4) (actual time=0.008..6216.698 rows=14835720 loops=1)
  ->  Hash  (cost=73925.90..73925.90 rows=564574 width=4) (actual time=1368.123..1368.123 rows=454234 loops=1)
        Buckets: 131072  Batches: 8  Memory Usage: 3010kB
        ->  Seq Scan on title t  (cost=0.00..73925.90 rows=564574 width=4) (actual time=0.018..1208.317 rows=454234 loops=1)
              Filter: ((production_year < 1998) AND (kind_id = 7))
              Rows Removed by Filter: 2074078
Planning time: 0.833 ms
Execution time: 15008.358 ms
