Seq Scan on movie_keyword mk  (cost=0.00..81003.12 rows=246 width=0) (actual time=2.160..1396.488 rows=280 loops=1)
  Filter: (keyword_id = 21825)
  Rows Removed by Filter: 4523650
Planning time: 0.395 ms
Execution time: 1396.715 ms
