Seq Scan on movie_companies mc  (cost=0.00..51404.11 rows=283655 width=0) (actual time=0.024..846.319 rows=278880 loops=1)
  Filter: (company_id < 150)
  Rows Removed by Filter: 2330249
Planning time: 0.377 ms
Execution time: 883.265 ms
