Hash Join  (cost=183655.95..670031.67 rows=615677 width=0) (actual time=3591.118..15289.114 rows=2607636 loops=1)
  Hash Cond: (mi.movie_id = t.id)
  ->  Seq Scan on movie_info mi  (cost=0.00..309384.22 rows=14739122 width=4) (actual time=0.024..5869.550 rows=14835720 loops=1)
  ->  Hash  (cost=181922.69..181922.69 rows=105621 width=8) (actual time=3589.876..3589.876 rows=130026 loops=1)
        Buckets: 131072  Batches: 2  Memory Usage: 3551kB
        ->  Hash Join  (cost=69283.60..181922.69 rows=105621 width=8) (actual time=1113.886..3546.467 rows=130026 loops=1)
              Hash Cond: (mk.movie_id = t.id)
              ->  Seq Scan on movie_keyword mk  (cost=0.00..81003.12 rows=2610067 width=4) (actual time=0.020..1596.961 rows=2596024 loops=1)
                    Filter: (keyword_id > 3313)
                    Rows Removed by Filter: 1927906
              ->  Hash  (cost=67604.59..67604.59 rows=102321 width=4) (actual time=1111.915..1111.915 rows=100537 loops=1)
                    Buckets: 131072  Batches: 2  Memory Usage: 2803kB
                    ->  Seq Scan on title t  (cost=0.00..67604.59 rows=102321 width=4) (actual time=0.047..1063.860 rows=100537 loops=1)
                          Filter: (kind_id = 3)
                          Rows Removed by Filter: 2427775
Planning time: 1.147 ms
Execution time: 15598.478 ms
