Seq Scan on movie_keyword mk  (cost=0.00..81003.12 rows=2964130 width=0) (actual time=0.014..1463.632 rows=2948984 loops=1)
  Filter: (keyword_id < 9923)
  Rows Removed by Filter: 1574946
Planning time: 0.269 ms
Execution time: 1841.321 ms
