Hash Join  (cost=1226048.65..2322535.26 rows=45708237 width=0) (actual time=33845.038..92583.543 rows=160233289 loops=1)
  Hash Cond: (mi.movie_id = t.id)
  ->  Seq Scan on movie_info mi  (cost=0.00..309384.22 rows=14739122 width=4) (actual time=0.026..6265.520 rows=14835720 loops=1)
  ->  Hash  (cost=1097400.86..1097400.86 rows=7841343 width=8) (actual time=33840.453..33840.453 rows=12670688 loops=1)
        Buckets: 131072 (originally 131072)  Batches: 256 (originally 128)  Memory Usage: 3073kB
        ->  Hash Join  (cost=102767.86..1097400.86 rows=7841343 width=8) (actual time=9029.819..28877.801 rows=12670688 loops=1)
              Hash Cond: (ci.movie_id = t.id)
              ->  Seq Scan on cast_info ci  (cost=0.00..796071.18 rows=7841343 width=4) (actual time=7049.412..15546.704 rows=12670688 loops=1)
                    Filter: ((person_id < 2257454) AND (role_id < 2))
                    Rows Removed by Filter: 23573656
              ->  Hash  (cost=61283.27..61283.27 rows=2528527 width=4) (actual time=1979.193..1979.193 rows=2528312 loops=1)
                    Buckets: 131072  Batches: 64  Memory Usage: 2415kB
                    ->  Seq Scan on title t  (cost=0.00..61283.27 rows=2528527 width=4) (actual time=0.022..1131.905 rows=2528312 loops=1)
Planning time: 2.636 ms
Execution time: 110130.704 ms
