Hash Join  (cost=83073.39..137739.82 rows=91 width=0) (actual time=1292.386..2363.126 rows=60 loops=1)
  Hash Cond: (mc.movie_id = t.id)
  ->  Seq Scan on movie_companies mc  (cost=0.00..44881.29 rows=2609129 width=4) (actual time=0.019..661.131 rows=2609129 loops=1)
  ->  Hash  (cost=83072.29..83072.29 rows=88 width=8) (actual time=1237.379..1237.379 rows=18 loops=1)
        Buckets: 1024  Batches: 1  Memory Usage: 9kB
        ->  Nested Loop  (cost=0.43..83072.29 rows=88 width=8) (actual time=176.187..1237.340 rows=18 loops=1)
              ->  Seq Scan on movie_keyword mk  (cost=0.00..81003.12 rows=246 width=4) (actual time=19.594..1235.468 rows=38 loops=1)
                    Filter: (keyword_id = 60318)
                    Rows Removed by Filter: 4523892
              ->  Index Scan using title_pkey on title t  (cost=0.43..8.40 rows=1 width=4) (actual time=0.043..0.044 rows=0 loops=38)
                    Index Cond: (id = mk.movie_id)
                    Filter: (production_year > 2006)
                    Rows Removed by Filter: 1
Planning time: 1.637 ms
Execution time: 2363.319 ms
