Hash Join  (cost=74155.14..101165.71 rows=10009 width=0) (actual time=1078.507..1728.594 rows=18985 loops=1)
  Hash Cond: (mi_idx.movie_id = t.id)
  ->  Seq Scan on movie_info_idx mi_idx  (cost=0.00..21735.35 rows=1380035 width=4) (actual time=0.024..351.830 rows=1380035 loops=1)
  ->  Hash  (cost=73925.90..73925.90 rows=18339 width=4) (actual time=1078.137..1078.137 rows=14449 loops=1)
        Buckets: 32768  Batches: 1  Memory Usage: 764kB
        ->  Seq Scan on title t  (cost=0.00..73925.90 rows=18339 width=4) (actual time=0.076..1071.638 rows=14449 loops=1)
              Filter: ((kind_id < 7) AND (production_year = 1998))
              Rows Removed by Filter: 2513863
Planning time: 0.613 ms
Execution time: 1731.501 ms
