Hash Join  (cost=233678.65..1069405.29 rows=2636615 width=0) (actual time=13191.864..22916.868 rows=3189097 loops=1)
  Hash Cond: (ci.movie_id = t.id)
  ->  Seq Scan on cast_info ci  (cost=0.00..705507.15 rows=7846468 width=4) (actual time=8236.560..13822.181 rows=7712640 loops=1)
        Filter: (role_id > 6)
        Rows Removed by Filter: 28531704
  ->  Hash  (cost=219739.03..219739.03 rows=849650 width=8) (actual time=4953.763..4953.763 rows=222931 loops=1)
        Buckets: 131072  Batches: 16  Memory Usage: 1583kB
        ->  Hash Join  (cost=82955.72..219739.03 rows=849650 width=8) (actual time=2837.745..4886.671 rows=222931 loops=1)
              Hash Cond: (mk.movie_id = t.id)
              ->  Seq Scan on movie_keyword mk  (cost=0.00..81003.12 rows=3903383 width=4) (actual time=0.033..1706.605 rows=3905228 loops=1)
                    Filter: (keyword_id > 469)
                    Rows Removed by Filter: 618702
              ->  Hash  (cost=73925.90..73925.90 rows=550385 width=4) (actual time=1495.853..1495.853 rows=602403 loops=1)
                    Buckets: 131072  Batches: 8  Memory Usage: 3678kB
                    ->  Seq Scan on title t  (cost=0.00..73925.90 rows=550385 width=4) (actual time=0.027..1300.494 rows=602403 loops=1)
                          Filter: ((production_year > 2006) AND (kind_id = 7))
                          Rows Removed by Filter: 1925909
Planning time: 1.222 ms
Execution time: 23257.112 ms
