Nested Loop  (cost=0.43..709671.90 rows=500 width=0) (actual time=4967.576..10554.275 rows=136 loops=1)
  ->  Seq Scan on cast_info ci  (cost=0.00..705507.15 rows=500 width=4) (actual time=4967.464..10552.016 rows=136 loops=1)
        Filter: (person_id = 2496594)
        Rows Removed by Filter: 36244208
  ->  Index Only Scan using title_pkey on title t  (cost=0.43..8.32 rows=1 width=4) (actual time=0.016..0.016 rows=1 loops=136)
        Index Cond: (id = ci.movie_id)
        Heap Fetches: 136
Planning time: 0.811 ms
Execution time: 10554.373 ms
