Hash Join  (cost=73929.67..840210.99 rows=1929 width=0) (actual time=6050.235..17609.187 rows=7581 loops=1)
  Hash Cond: (ci.movie_id = t.id)
  ->  Seq Scan on cast_info ci  (cost=0.00..705507.15 rows=16201301 width=4) (actual time=4893.525..13976.211 rows=16121683 loops=1)
        Filter: (role_id > 2)
        Rows Removed by Filter: 20122661
  ->  Hash  (cost=73925.90..73925.90 rows=301 width=4) (actual time=1154.041..1154.041 rows=1276 loops=1)
        Buckets: 2048 (originally 1024)  Batches: 1 (originally 1)  Memory Usage: 61kB
        ->  Seq Scan on title t  (cost=0.00..73925.90 rows=301 width=4) (actual time=0.728..1153.254 rows=1276 loops=1)
              Filter: ((kind_id = 3) AND (production_year = 1984))
              Rows Removed by Filter: 2527036
Planning time: 0.778 ms
Execution time: 17611.846 ms
