Seq Scan on movie_keyword mk  (cost=0.00..81003.12 rows=246 width=0) (actual time=9.094..1154.684 rows=85 loops=1)
  Filter: (keyword_id = 15937)
  Rows Removed by Filter: 4523845
Planning time: 0.364 ms
Execution time: 1154.851 ms
