Hash Join  (cost=94973.51..1188604.99 rows=12970686 width=0) (actual time=1931.394..30992.558 rows=12177937 loops=1)
  Hash Cond: (ci.movie_id = t.id)
  ->  Seq Scan on cast_info ci  (cost=0.00..705507.15 rows=19660493 width=4) (actual time=0.010..14749.778 rows=19548948 loops=1)
        Filter: (person_id < 1957885)
        Rows Removed by Filter: 16695396
  ->  Hash  (cost=67604.59..67604.59 rows=1668154 width=4) (actual time=1930.185..1930.185 rows=1674098 loops=1)
        Buckets: 131072  Batches: 32  Memory Usage: 2869kB
        ->  Seq Scan on title t  (cost=0.00..67604.59 rows=1668154 width=4) (actual time=0.019..1393.225 rows=1674098 loops=1)
              Filter: (kind_id > 3)
              Rows Removed by Filter: 854214
Planning time: 0.779 ms
Execution time: 32431.913 ms
