Seq Scan on movie_keyword mk  (cost=0.00..81003.12 rows=701050 width=0) (actual time=0.019..1301.794 rows=706034 loops=1)
  Filter: (keyword_id > 26724)
  Rows Removed by Filter: 3817896
Planning time: 0.308 ms
Execution time: 1396.701 ms
