Seq Scan on movie_keyword mk  (cost=0.00..81003.12 rows=1247003 width=0) (actual time=0.016..1368.311 rows=1258973 loops=1)
  Filter: (keyword_id > 14250)
  Rows Removed by Filter: 3264957
Planning time: 0.341 ms
Execution time: 1524.957 ms
