Hash Join  (cost=98137.04..834506.77 rows=860726 width=0) (actual time=8276.323..14427.242 rows=903473 loops=1)
  Hash Cond: (ci.movie_id = t.id)
  ->  Seq Scan on cast_info ci  (cost=0.00..705507.15 rows=1169464 width=4) (actual time=6334.947..10855.611 rows=1193049 loops=1)
        Filter: (person_id > 3830350)
        Rows Removed by Filter: 35051295
  ->  Hash  (cost=67604.59..67604.59 rows=1860996 width=4) (actual time=1940.257..1940.257 rows=1865487 loops=1)
        Buckets: 131072  Batches: 32  Memory Usage: 3079kB
        ->  Seq Scan on title t  (cost=0.00..67604.59 rows=1860996 width=4) (actual time=0.036..1356.266 rows=1865487 loops=1)
              Filter: (kind_id > 1)
              Rows Removed by Filter: 662825
Planning time: 0.739 ms
Execution time: 14519.537 ms
