Seq Scan on cast_info ci  (cost=0.00..705507.15 rows=8638792 width=0) (actual time=2808.194..11477.000 rows=8635954 loops=1)
  Filter: (person_id > 2825025)
  Rows Removed by Filter: 27608390
Planning time: 0.443 ms
Execution time: 12548.623 ms
