Hash Join  (cost=69484.36..194549.12 rows=164425 width=0) (actual time=1224.926..4037.569 rows=410137 loops=1)
  Hash Cond: (mk.movie_id = t.id)
  ->  Seq Scan on movie_keyword mk  (cost=0.00..81003.12 rows=3629702 width=4) (actual time=0.013..1728.061 rows=3625558 loops=1)
        Filter: (keyword_id < 20555)
        Rows Removed by Filter: 898372
  ->  Hash  (cost=67604.59..67604.59 rows=114542 width=4) (actual time=1129.224..1129.224 rows=118234 loops=1)
        Buckets: 131072  Batches: 2  Memory Usage: 3107kB
        ->  Seq Scan on title t  (cost=0.00..67604.59 rows=114542 width=4) (actual time=411.831..1087.071 rows=118234 loops=1)
              Filter: (kind_id = 4)
              Rows Removed by Filter: 2410078
Planning time: 0.765 ms
Execution time: 4084.974 ms
