Seq Scan on movie_keyword mk  (cost=0.00..81003.12 rows=2560241 width=0) (actual time=0.023..1367.075 rows=2554726 loops=1)
  Filter: (keyword_id < 6431)
  Rows Removed by Filter: 1969204
Planning time: 0.363 ms
Execution time: 1680.480 ms
