Hash Join  (cost=73969.01..165347.12 rows=3759 width=0) (actual time=1120.546..2958.739 rows=7118 loops=1)
  Hash Cond: (mk.movie_id = t.id)
  ->  Seq Scan on movie_keyword mk  (cost=0.00..81003.12 rows=2756641 width=4) (actual time=0.014..1426.173 rows=2750835 loops=1)
        Filter: (keyword_id < 7821)
        Rows Removed by Filter: 1773095
  ->  Hash  (cost=73925.90..73925.90 rows=3448 width=4) (actual time=1118.751..1118.751 rows=3637 loops=1)
        Buckets: 4096  Batches: 1  Memory Usage: 160kB
        ->  Seq Scan on title t  (cost=0.00..73925.90 rows=3448 width=4) (actual time=0.097..1117.034 rows=3637 loops=1)
              Filter: ((kind_id = 3) AND (production_year = 2004))
              Rows Removed by Filter: 2524675
Planning time: 0.792 ms
Execution time: 2959.877 ms
