Hash Join  (cost=73962.22..128657.72 rows=2998 width=0) (actual time=1176.056..2319.057 rows=10910 loops=1)
  Hash Cond: (mc.movie_id = t.id)
  ->  Seq Scan on movie_companies mc  (cost=0.00..44881.29 rows=2609129 width=4) (actual time=0.017..661.897 rows=2609129 loops=1)
  ->  Hash  (cost=73925.90..73925.90 rows=2905 width=4) (actual time=1132.686..1132.686 rows=5835 loops=1)
        Buckets: 8192 (originally 4096)  Batches: 1 (originally 1)  Memory Usage: 270kB
        ->  Seq Scan on title t  (cost=0.00..73925.90 rows=2905 width=4) (actual time=687.464..1129.950 rows=5835 loops=1)
              Filter: ((kind_id < 7) AND (production_year = 1916))
              Rows Removed by Filter: 2522477
Planning time: 0.767 ms
Execution time: 2321.130 ms
