Hash Join  (cost=190230.21..1248099.51 rows=8222072 width=0) (actual time=11007.152..35354.065 rows=18547282 loops=1)
  Hash Cond: (ci.movie_id = t.id)
  ->  Seq Scan on cast_info ci  (cost=0.00..796071.18 rows=15064640 width=4) (actual time=6494.575..16797.135 rows=15416980 loops=1)
        Filter: ((person_id > 241354) AND (role_id > 2))
        Rows Removed by Filter: 20827364
  ->  Hash  (cost=167588.78..167588.78 rows=1380035 width=8) (actual time=4511.456..4511.456 rows=1380035 loops=1)
        Buckets: 131072  Batches: 32  Memory Usage: 2708kB
        ->  Hash Join  (cost=102767.86..167588.78 rows=1380035 width=8) (actual time=2234.358..4134.186 rows=1380035 loops=1)
              Hash Cond: (mi_idx.movie_id = t.id)
              ->  Seq Scan on movie_info_idx mi_idx  (cost=0.00..21735.35 rows=1380035 width=4) (actual time=0.023..438.672 rows=1380035 loops=1)
              ->  Hash  (cost=61283.27..61283.27 rows=2528527 width=4) (actual time=2233.021..2233.021 rows=2528312 loops=1)
                    Buckets: 131072  Batches: 64  Memory Usage: 2415kB
                    ->  Seq Scan on title t  (cost=0.00..61283.27 rows=2528527 width=4) (actual time=0.017..1154.767 rows=2528312 loops=1)
Planning time: 1.162 ms
Execution time: 37553.318 ms
