Seq Scan on cast_info ci  (cost=0.00..796071.18 rows=22618186 width=0) (actual time=318.854..17472.340 rows=25563368 loops=1)
  Filter: ((person_id < 2908386) AND (role_id < 8))
  Rows Removed by Filter: 10680976
Planning time: 0.352 ms
Execution time: 20666.975 ms
