Hash Join  (cost=995873.96..1667649.32 rows=15982164 width=0) (actual time=21987.860..42611.841 rows=31694491 loops=1)
  Hash Cond: (mi.movie_id = t.id)
  ->  Seq Scan on movie_info mi  (cost=0.00..346232.03 rows=9767026 width=4) (actual time=0.021..7196.931 rows=9911754 loops=1)
        Filter: (info_type_id > 4)
        Rows Removed by Filter: 4923966
  ->  Hash  (cost=927991.87..927991.87 rows=4137527 width=8) (actual time=21986.616..21986.616 rows=4573018 loops=1)
        Buckets: 131072  Batches: 64  Memory Usage: 3838kB
        ->  Hash Join  (cost=91123.00..927991.87 rows=4137527 width=8) (actual time=6712.867..20677.800 rows=4573018 loops=1)
              Hash Cond: (ci.movie_id = t.id)
              ->  Seq Scan on cast_info ci  (cost=0.00..705507.15 rows=7298253 width=4) (actual time=5002.724..13667.361 rows=7451973 loops=1)
                    Filter: (role_id = 2)
                    Rows Removed by Filter: 28792371
              ->  Hash  (cost=67604.59..67604.59 rows=1433473 width=4) (actual time=1709.135..1709.135 rows=1434466 loops=1)
                    Buckets: 131072  Batches: 32  Memory Usage: 2600kB
                    ->  Seq Scan on title t  (cost=0.00..67604.59 rows=1433473 width=4) (actual time=0.040..1248.883 rows=1434466 loops=1)
                          Filter: (production_year > 1999)
                          Rows Removed by Filter: 1093846
Planning time: 1.258 ms
Execution time: 45994.583 ms
