Seq Scan on movie_companies mc  (cost=0.00..51404.11 rows=1742819 width=0) (actual time=0.015..893.248 rows=1735676 loops=1)
  Filter: (company_id < 23402)
  Rows Removed by Filter: 873453
Planning time: 0.335 ms
Execution time: 1101.253 ms
