Hash Join  (cost=210344.54..353768.94 rows=1758336 width=0) (actual time=4385.429..12250.207 rows=21574981 loops=1)
  Hash Cond: (mk.movie_id = t.id)
  ->  Seq Scan on movie_keyword mk  (cost=0.00..69693.30 rows=4523930 width=4) (actual time=0.024..1466.495 rows=4523930 loops=1)
  ->  Hash  (cost=194220.87..194220.87 rows=982774 width=8) (actual time=4384.377..4384.377 rows=843467 loops=1)
        Buckets: 131072  Batches: 16  Memory Usage: 3133kB
        ->  Hash Join  (cost=102767.86..194220.87 rows=982774 width=8) (actual time=2042.372..4157.922 rows=843467 loops=1)
              Hash Cond: (mc.movie_id = t.id)
              ->  Seq Scan on movie_companies mc  (cost=0.00..57926.93 rows=982774 width=4) (actual time=0.028..1113.439 rows=843467 loops=1)
                    Filter: ((company_id > 687) AND (company_type_id < 2))
                    Rows Removed by Filter: 1765662
              ->  Hash  (cost=61283.27..61283.27 rows=2528527 width=4) (actual time=2041.133..2041.133 rows=2528312 loops=1)
                    Buckets: 131072  Batches: 64  Memory Usage: 2415kB
                    ->  Seq Scan on title t  (cost=0.00..61283.27 rows=2528527 width=4) (actual time=0.013..1191.332 rows=2528312 loops=1)
Planning time: 1.131 ms
Execution time: 14485.310 ms
