Hash Join  (cost=83074.74..110002.76 rows=45 width=0) (actual time=1242.688..1751.201 rows=578 loops=1)
  Hash Cond: (mi_idx.movie_id = t.id)
  ->  Seq Scan on movie_info_idx mi_idx  (cost=0.00..25185.44 rows=464566 width=4) (actual time=0.017..452.067 rows=459925 loops=1)
        Filter: (info_type_id = 101)
        Rows Removed by Filter: 920110
  ->  Hash  (cost=83071.67..83071.67 rows=246 width=8) (actual time=1227.761..1227.761 rows=756 loops=1)
        Buckets: 1024  Batches: 1  Memory Usage: 38kB
        ->  Nested Loop  (cost=0.43..83071.67 rows=246 width=8) (actual time=1.327..1227.203 rows=756 loops=1)
              ->  Seq Scan on movie_keyword mk  (cost=0.00..81003.12 rows=246 width=4) (actual time=1.266..1203.032 rows=756 loops=1)
                    Filter: (keyword_id = 1678)
                    Rows Removed by Filter: 4523174
              ->  Index Only Scan using title_pkey on title t  (cost=0.43..8.40 rows=1 width=4) (actual time=0.030..0.030 rows=1 loops=756)
                    Index Cond: (id = mk.movie_id)
                    Heap Fetches: 756
Planning time: 1.116 ms
Execution time: 1751.479 ms
