Hash Join  (cost=102767.86..943112.61 rows=1429389 width=0) (actual time=3373.200..16929.819 rows=1223356 loops=1)
  Hash Cond: (ci.movie_id = t.id)
  ->  Seq Scan on cast_info ci  (cost=0.00..796071.18 rows=1429389 width=4) (actual time=1396.762..13559.537 rows=1223356 loops=1)
        Filter: ((person_id < 3007038) AND (role_id = 8))
        Rows Removed by Filter: 35020988
  ->  Hash  (cost=61283.27..61283.27 rows=2528527 width=4) (actual time=1975.146..1975.146 rows=2528312 loops=1)
        Buckets: 131072  Batches: 64  Memory Usage: 2415kB
        ->  Seq Scan on title t  (cost=0.00..61283.27 rows=2528527 width=4) (actual time=0.024..1122.908 rows=2528312 loops=1)
Planning time: 0.889 ms
Execution time: 17075.865 ms
