Hash Join  (cost=102767.86..203423.54 rows=1636281 width=0) (actual time=1961.976..4476.991 rows=1635340 loops=1)
  Hash Cond: (mc.movie_id = t.id)
  ->  Seq Scan on movie_companies mc  (cost=0.00..51404.11 rows=1636281 width=4) (actual time=0.065..1023.360 rows=1635340 loops=1)
        Filter: (company_id > 4229)
        Rows Removed by Filter: 973789
  ->  Hash  (cost=61283.27..61283.27 rows=2528527 width=4) (actual time=1960.315..1960.315 rows=2528312 loops=1)
        Buckets: 131072  Batches: 64  Memory Usage: 2415kB
        ->  Seq Scan on title t  (cost=0.00..61283.27 rows=2528527 width=4) (actual time=0.015..1123.443 rows=2528312 loops=1)
Planning time: 0.746 ms
Execution time: 4639.963 ms
