Seq Scan on movie_keyword mk  (cost=0.00..81003.12 rows=246 width=0) (actual time=5.348..1117.649 rows=619 loops=1)
  Filter: (keyword_id = 2134)
  Rows Removed by Filter: 4523311
Planning time: 0.316 ms
Execution time: 1117.973 ms
