Seq Scan on movie_companies mc  (cost=0.00..57926.93 rows=1074974 width=0) (actual time=458.226..1223.829 rows=1199545 loops=1)
  Filter: ((company_id > 439) AND (company_type_id > 1))
  Rows Removed by Filter: 1409584
Planning time: 0.377 ms
Execution time: 1373.401 ms
