Hash Join  (cost=102767.86..270700.72 rows=3202076 width=0) (actual time=2012.097..6411.994 rows=3187872 loops=1)
  Hash Cond: (mk.movie_id = t.id)
  ->  Seq Scan on movie_keyword mk  (cost=0.00..81003.12 rows=3202076 width=4) (actual time=0.023..1797.791 rows=3187872 loops=1)
        Filter: (keyword_id < 12864)
        Rows Removed by Filter: 1336058
  ->  Hash  (cost=61283.27..61283.27 rows=2528527 width=4) (actual time=2011.110..2011.110 rows=2528312 loops=1)
        Buckets: 131072  Batches: 64  Memory Usage: 2425kB
        ->  Seq Scan on title t  (cost=0.00..61283.27 rows=2528527 width=4) (actual time=0.017..1141.070 rows=2528312 loops=1)
Planning time: 0.709 ms
Execution time: 6764.920 ms
