Hash Join  (cost=92883.59..1126057.73 rows=10367014 width=0) (actual time=3886.472..28687.386 rows=10386561 loops=1)
  Hash Cond: (ci.movie_id = t.id)
  ->  Seq Scan on cast_info ci  (cost=0.00..705507.15 rows=17012770 width=4) (actual time=1632.623..14047.530 rows=17134558 loops=1)
        Filter: (person_id > 1908467)
        Rows Removed by Filter: 19109786
  ->  Hash  (cost=67604.59..67604.59 rows=1540800 width=4) (actual time=2252.654..2252.654 rows=1543264 loops=1)
        Buckets: 131072  Batches: 32  Memory Usage: 2722kB
        ->  Seq Scan on title t  (cost=0.00..67604.59 rows=1540800 width=4) (actual time=0.022..1264.418 rows=1543264 loops=1)
              Filter: (kind_id = 7)
              Rows Removed by Filter: 985048
Planning time: 0.789 ms
Execution time: 29888.086 ms
