Hash Join  (cost=154654.97..538510.42 rows=77562 width=0) (actual time=3096.342..11527.047 rows=1634141 loops=1)
  Hash Cond: (mi.movie_id = t.id)
  ->  Seq Scan on movie_info mi  (cost=0.00..309384.22 rows=14739122 width=4) (actual time=0.007..4684.000 rows=14835720 loops=1)
  ->  Hash  (cost=154488.65..154488.65 rows=13306 width=8) (actual time=3094.882..3094.882 rows=35734 loops=1)
        Buckets: 65536 (originally 16384)  Batches: 1 (originally 1)  Memory Usage: 1908kB
        ->  Hash Join  (cost=67697.55..154488.65 rows=13306 width=8) (actual time=1164.504..3082.211 rows=35734 loops=1)
              Hash Cond: (mk.movie_id = t.id)
              ->  Seq Scan on movie_keyword mk  (cost=0.00..69693.30 rows=4523930 width=4) (actual time=0.019..1064.498 rows=4523930 loops=1)
              ->  Hash  (cost=67604.59..67604.59 rows=7437 width=4) (actual time=1164.409..1164.409 rows=14284 loops=1)
                    Buckets: 16384 (originally 8192)  Batches: 1 (originally 1)  Memory Usage: 631kB
                    ->  Seq Scan on title t  (cost=0.00..67604.59 rows=7437 width=4) (actual time=0.062..1157.384 rows=14284 loops=1)
                          Filter: (production_year = 1973)
                          Rows Removed by Filter: 2514028
Planning time: 1.182 ms
Execution time: 11734.470 ms
