Hash Join  (cost=532882.17..1778419.05 rows=7387267 width=0) (actual time=12254.767..46700.156 rows=13828685 loops=1)
  Hash Cond: (ci.movie_id = t.id)
  ->  Seq Scan on cast_info ci  (cost=0.00..614943.12 rows=36225612 width=4) (actual time=0.010..13160.734 rows=36244344 loops=1)
  ->  Hash  (cost=524421.83..524421.83 rows=515627 width=8) (actual time=12227.950..12227.950 rows=1395030 loops=1)
        Buckets: 131072 (originally 131072)  Batches: 32 (originally 8)  Memory Usage: 3073kB
        ->  Hash Join  (cost=70019.09..524421.83 rows=515627 width=8) (actual time=2626.782..11750.195 rows=1395030 loops=1)
              Hash Cond: (mi.movie_id = t.id)
              ->  Seq Scan on movie_info mi  (cost=0.00..346232.03 rows=8859586 width=4) (actual time=1312.358..6678.774 rows=8966694 loops=1)
                    Filter: (info_type_id < 15)
                    Rows Removed by Filter: 5869026
              ->  Hash  (cost=67604.59..67604.59 rows=147160 width=4) (actual time=1201.193..1201.193 rows=149680 loops=1)
                    Buckets: 131072  Batches: 2  Memory Usage: 3659kB
                    ->  Seq Scan on title t  (cost=0.00..67604.59 rows=147160 width=4) (actual time=7.387..1145.657 rows=149680 loops=1)
                          Filter: (production_year < 1944)
                          Rows Removed by Filter: 2378632
Planning time: 1.203 ms
Execution time: 48270.005 ms
