Hash Join  (cost=177768.45..256017.04 rows=232007 width=0) (actual time=3625.247..6172.629 rows=1829630 loops=1)
  Hash Cond: (mc.movie_id = t.id)
  ->  Seq Scan on movie_companies mc  (cost=0.00..44881.29 rows=2609129 width=4) (actual time=0.018..1004.893 rows=2609129 loops=1)
  ->  Hash  (cost=174078.95..174078.95 rows=224840 width=8) (actual time=3623.685..3623.685 rows=308096 loops=1)
        Buckets: 131072  Batches: 4  Memory Usage: 4077kB
        ->  Hash Join  (cost=76067.34..174078.95 rows=224840 width=8) (actual time=1368.484..3529.904 rows=308096 loops=1)
              Hash Cond: (mk.movie_id = t.id)
              ->  Seq Scan on movie_keyword mk  (cost=0.00..81003.12 rows=1102156 width=4) (actual time=0.030..1482.486 rows=1109647 loops=1)
                    Filter: (keyword_id < 1138)
                    Rows Removed by Filter: 3414283
              ->  Hash  (cost=67604.59..67604.59 rows=515820 width=4) (actual time=1367.303..1367.303 rows=508955 loops=1)
                    Buckets: 131072  Batches: 8  Memory Usage: 3262kB
                    ->  Seq Scan on title t  (cost=0.00..67604.59 rows=515820 width=4) (actual time=0.011..1197.123 rows=508955 loops=1)
                          Filter: (production_year < 1980)
                          Rows Removed by Filter: 2019357
Planning time: 1.139 ms
Execution time: 6394.649 ms
