Hash Join  (cost=82131.75..158341.07 rows=344561 width=0) (actual time=1382.808..3570.714 rows=638082 loops=1)
  Hash Cond: (mc.movie_id = t.id)
  ->  Seq Scan on movie_companies mc  (cost=0.00..57926.93 rows=983939 width=4) (actual time=0.016..1243.275 rows=1268227 loops=1)
        Filter: ((company_id < 65419) AND (company_type_id < 2))
        Rows Removed by Filter: 1340902
  ->  Hash  (cost=67604.59..67604.59 rows=885453 width=4) (actual time=1381.831..1381.831 rows=885650 loops=1)
        Buckets: 131072  Batches: 16  Memory Usage: 2972kB
        ->  Seq Scan on title t  (cost=0.00..67604.59 rows=885453 width=4) (actual time=0.022..1110.772 rows=885650 loops=1)
              Filter: (production_year < 1997)
              Rows Removed by Filter: 1642662
Planning time: 0.707 ms
Execution time: 3648.860 ms
