Hash Join  (cost=185758.75..707396.07 rows=2686668 width=0) (actual time=4311.089..19902.918 rows=7594333 loops=1)
  Hash Cond: (mi.movie_id = t.id)
  ->  Seq Scan on movie_info mi  (cost=0.00..346232.03 rows=12665229 width=4) (actual time=12.403..7502.093 rows=12744652 loops=1)
        Filter: (info_type_id > 2)
        Rows Removed by Filter: 2091068
  ->  Hash  (cost=176958.06..176958.06 rows=536375 width=8) (actual time=4294.328..4294.328 rows=539053 loops=1)
        Buckets: 131072  Batches: 8  Memory Usage: 3678kB
        ->  Hash Join  (cost=102767.86..176958.06 rows=536375 width=8) (actual time=2521.709..4116.852 rows=539053 loops=1)
              Hash Cond: (mc.movie_id = t.id)
              ->  Seq Scan on movie_companies mc  (cost=0.00..51404.11 rows=536375 width=4) (actual time=208.174..896.646 rows=539053 loops=1)
                    Filter: (company_id > 72218)
                    Rows Removed by Filter: 2070076
              ->  Hash  (cost=61283.27..61283.27 rows=2528527 width=4) (actual time=2312.259..2312.259 rows=2528312 loops=1)
                    Buckets: 131072  Batches: 64  Memory Usage: 2415kB
                    ->  Seq Scan on title t  (cost=0.00..61283.27 rows=2528527 width=4) (actual time=0.020..1221.080 rows=2528312 loops=1)
Planning time: 1.189 ms
Execution time: 20797.860 ms
