Hash Join  (cost=102767.86..915624.71 rows=286995 width=0) (actual time=3179.184..16435.102 rows=1827371 loops=1)
  Hash Cond: (ci.movie_id = t.id)
  ->  Seq Scan on cast_info ci  (cost=0.00..796071.18 rows=286995 width=4) (actual time=653.763..12108.504 rows=1827371 loops=1)
        Filter: ((person_id > 3701030) AND (role_id > 8))
        Rows Removed by Filter: 34416973
  ->  Hash  (cost=61283.27..61283.27 rows=2528527 width=4) (actual time=2523.745..2523.745 rows=2528312 loops=1)
        Buckets: 131072  Batches: 64  Memory Usage: 2415kB
        ->  Seq Scan on title t  (cost=0.00..61283.27 rows=2528527 width=4) (actual time=0.025..1116.824 rows=2528312 loops=1)
Planning time: 0.776 ms
Execution time: 16643.082 ms
