Hash Join  (cost=81500.22..123516.19 rows=251949 width=0) (actual time=1327.315..2429.573 rows=130239 loops=1)
  Hash Cond: (mi_idx.movie_id = t.id)
  ->  Seq Scan on movie_info_idx mi_idx  (cost=0.00..21735.35 rows=1380035 width=4) (actual time=0.023..484.139 rows=1380035 loops=1)
  ->  Hash  (cost=73925.90..73925.90 rows=461625 width=4) (actual time=1319.408..1319.408 rows=348743 loops=1)
        Buckets: 131072  Batches: 8  Memory Usage: 2544kB
        ->  Seq Scan on title t  (cost=0.00..73925.90 rows=461625 width=4) (actual time=0.018..1205.279 rows=348743 loops=1)
              Filter: ((kind_id > 4) AND (production_year < 1993))
              Rows Removed by Filter: 2179569
Planning time: 0.762 ms
Execution time: 2443.726 ms
