Hash Join  (cost=105067.44..1520213.98 rows=32714136 width=0) (actual time=2110.553..45183.327 rows=34148750 loops=1)
  Hash Cond: (ci.movie_id = t.id)
  ->  Seq Scan on cast_info ci  (cost=0.00..614943.12 rows=36225612 width=4) (actual time=0.010..13737.981 rows=36244344 loops=1)
  ->  Hash  (cost=67604.59..67604.59 rows=2283428 width=4) (actual time=2109.514..2109.514 rows=2275262 loops=1)
        Buckets: 131072  Batches: 32  Memory Usage: 3527kB
        ->  Seq Scan on title t  (cost=0.00..67604.59 rows=2283428 width=4) (actual time=0.017..1389.771 rows=2275262 loops=1)
              Filter: (production_year > 1952)
              Rows Removed by Filter: 253050
Planning time: 0.571 ms
Execution time: 48732.808 ms
