Hash Join  (cost=190230.21..1015813.35 rows=773463 width=0) (actual time=6064.278..17272.755 rows=877144 loops=1)
  Hash Cond: (ci.movie_id = t.id)
  ->  Seq Scan on cast_info ci  (cost=0.00..796071.18 rows=1417154 width=4) (actual time=1856.837..12220.979 rows=667735 loops=1)
        Filter: ((person_id < 623698) AND (role_id > 6))
        Rows Removed by Filter: 35576609
  ->  Hash  (cost=167588.78..167588.78 rows=1380035 width=8) (actual time=4205.580..4205.580 rows=1380035 loops=1)
        Buckets: 131072  Batches: 32  Memory Usage: 2708kB
        ->  Hash Join  (cost=102767.86..167588.78 rows=1380035 width=8) (actual time=1883.833..3821.383 rows=1380035 loops=1)
              Hash Cond: (mi_idx.movie_id = t.id)
              ->  Seq Scan on movie_info_idx mi_idx  (cost=0.00..21735.35 rows=1380035 width=4) (actual time=0.028..504.045 rows=1380035 loops=1)
              ->  Hash  (cost=61283.27..61283.27 rows=2528527 width=4) (actual time=1882.383..1882.383 rows=2528312 loops=1)
                    Buckets: 131072  Batches: 64  Memory Usage: 2415kB
                    ->  Seq Scan on title t  (cost=0.00..61283.27 rows=2528527 width=4) (actual time=0.014..1054.863 rows=2528312 loops=1)
Planning time: 1.199 ms
Execution time: 17363.858 ms
