Hash Join  (cost=441027.10..564813.20 rows=146407 width=0) (actual time=7326.334..10076.803 rows=267948 loops=1)
  Hash Cond: (mk.movie_id = t.id)
  ->  Seq Scan on movie_keyword mk  (cost=0.00..69693.30 rows=4523930 width=4) (actual time=0.021..1339.554 rows=4523930 loops=1)
  ->  Hash  (cost=439684.22..439684.22 rows=81830 width=8) (actual time=7325.427..7325.427 rows=132869 loops=1)
        Buckets: 131072  Batches: 2  Memory Usage: 3624kB
        ->  Hash Join  (cost=76444.38..439684.22 rows=81830 width=8) (actual time=2321.526..7276.129 rows=132869 loops=1)
              Hash Cond: (mi.movie_id = t.id)
              ->  Seq Scan on movie_info mi  (cost=0.00..346232.03 rows=1348138 width=4) (actual time=1126.718..5449.294 rows=1298989 loops=1)
                    Filter: (info_type_id = 4)
                    Rows Removed by Filter: 13536731
              ->  Hash  (cost=73925.90..73925.90 rows=153478 width=4) (actual time=1193.822..1193.822 rows=134760 loops=1)
                    Buckets: 131072  Batches: 4  Memory Usage: 2222kB
                    ->  Seq Scan on title t  (cost=0.00..73925.90 rows=153478 width=4) (actual time=0.031..1145.208 rows=134760 loops=1)
                          Filter: ((kind_id < 7) AND (production_year > 2010))
                          Rows Removed by Filter: 2393552
Planning time: 2.127 ms
Execution time: 10109.759 ms
