Seq Scan on movie_keyword mk  (cost=0.00..81003.12 rows=3032072 width=0) (actual time=0.019..1556.406 rows=3014107 loops=1)
  Filter: (keyword_id < 10731)
  Rows Removed by Filter: 1509823
Planning time: 0.312 ms
Execution time: 1936.795 ms
