Hash Join  (cost=74196.44..101225.04 rows=11812 width=0) (actual time=1030.175..1518.338 rows=10962 loops=1)
  Hash Cond: (mi_idx.movie_id = t.id)
  ->  Seq Scan on movie_info_idx mi_idx  (cost=0.00..21735.35 rows=1380035 width=4) (actual time=0.030..242.381 rows=1380035 loops=1)
  ->  Hash  (cost=73925.90..73925.90 rows=21643 width=4) (actual time=1029.984..1029.984 rows=11565 loops=1)
        Buckets: 32768  Batches: 1  Memory Usage: 663kB
        ->  Seq Scan on title t  (cost=0.00..73925.90 rows=21643 width=4) (actual time=0.015..1025.621 rows=11565 loops=1)
              Filter: ((production_year > 2009) AND (kind_id = 3))
              Rows Removed by Filter: 2516747
Planning time: 0.565 ms
Execution time: 1520.014 ms
