Seq Scan on title t  (cost=0.00..73925.90 rows=98758 width=0) (actual time=0.245..1148.827 rows=106661 loops=1)
  Filter: ((kind_id > 4) AND (production_year = 2011))
  Rows Removed by Filter: 2421651
Planning time: 1.392 ms
Execution time: 1164.208 ms
