Hash Join  (cost=178347.56..671582.41 rows=1258490 width=0) (actual time=3243.725..16378.812 rows=4151974 loops=1)
  Hash Cond: (mi.movie_id = t.id)
  ->  Seq Scan on movie_info mi  (cost=0.00..309384.22 rows=14739122 width=4) (actual time=0.009..5958.203 rows=14835720 loops=1)
  ->  Hash  (cost=174804.85..174804.85 rows=215897 width=8) (actual time=3242.863..3242.863 rows=117315 loops=1)
        Buckets: 131072  Batches: 4  Memory Usage: 2170kB
        ->  Hash Join  (cost=80562.70..174804.85 rows=215897 width=8) (actual time=1416.742..3202.556 rows=117315 loops=1)
              Hash Cond: (mk.movie_id = t.id)
              ->  Seq Scan on movie_keyword mk  (cost=0.00..81003.12 rows=691215 width=4) (actual time=0.026..1288.853 rows=689160 loops=1)
                    Filter: (keyword_id < 571)
                    Rows Removed by Filter: 3834770
              ->  Hash  (cost=67604.59..67604.59 rows=789769 width=4) (actual time=1415.586..1415.586 rows=784926 loops=1)
                    Buckets: 131072  Batches: 16  Memory Usage: 2756kB
                    ->  Seq Scan on title t  (cost=0.00..67604.59 rows=789769 width=4) (actual time=0.025..1151.998 rows=784926 loops=1)
                          Filter: (production_year > 2007)
                          Rows Removed by Filter: 1743386
Planning time: 1.098 ms
Execution time: 16865.844 ms
