Hash Join  (cost=106125.41..217835.85 rows=2422750 width=0) (actual time=2062.427..5273.616 rows=2365796 loops=1)
  Hash Cond: (mc.movie_id = t.id)
  ->  Seq Scan on movie_companies mc  (cost=0.00..44881.29 rows=2609129 width=4) (actual time=0.030..817.489 rows=2609129 loops=1)
  ->  Hash  (cost=67604.59..67604.59 rows=2347906 width=4) (actual time=2061.290..2061.290 rows=2340903 loops=1)
        Buckets: 131072  Batches: 32  Memory Usage: 3600kB
        ->  Seq Scan on title t  (cost=0.00..67604.59 rows=2347906 width=4) (actual time=0.019..1309.381 rows=2340903 loops=1)
              Filter: (production_year > 1929)
              Rows Removed by Filter: 187409
Planning time: 0.782 ms
Execution time: 5533.621 ms
