Hash Join  (cost=915656.69..1041396.51 rows=306779 width=0) (actual time=16147.958..19478.781 rows=1099389 loops=1)
  Hash Cond: (mk.movie_id = t.id)
  ->  Seq Scan on movie_keyword mk  (cost=0.00..69693.30 rows=4523930 width=4) (actual time=0.022..1435.286 rows=4523930 loops=1)
  ->  Hash  (cost=912843.36..912843.36 rows=171466 width=8) (actual time=16146.562..16146.562 rows=243514 loops=1)
        Buckets: 131072  Batches: 4  Memory Usage: 3409kB
        ->  Hash Join  (cost=102767.86..912843.36 rows=171466 width=8) (actual time=14759.245..16068.335 rows=243514 loops=1)
              Hash Cond: (ci.movie_id = t.id)
              ->  Seq Scan on cast_info ci  (cost=0.00..796071.18 rows=171466 width=4) (actual time=12736.523..13406.887 rows=243514 loops=1)
                    Filter: ((person_id > 1828039) AND (role_id > 10))
                    Rows Removed by Filter: 36000830
              ->  Hash  (cost=61283.27..61283.27 rows=2528527 width=4) (actual time=2021.711..2021.711 rows=2528312 loops=1)
                    Buckets: 131072  Batches: 64  Memory Usage: 2415kB
                    ->  Seq Scan on title t  (cost=0.00..61283.27 rows=2528527 width=4) (actual time=0.019..1186.786 rows=2528312 loops=1)
Planning time: 1.150 ms
Execution time: 19611.425 ms
