Seq Scan on movie_companies mc  (cost=0.00..57926.93 rows=49171 width=0) (actual time=271.799..886.828 rows=97081 loops=1)
  Filter: ((company_id > 159306) AND (company_type_id = 2))
  Rows Removed by Filter: 2512048
Planning time: 0.401 ms
Execution time: 899.509 ms
