Hash Join  (cost=102767.86..1089845.16 rows=7527392 width=0) (actual time=11361.604..17446.367 rows=3178647 loops=1)
  Hash Cond: (ci.movie_id = t.id)
  ->  Seq Scan on cast_info ci  (cost=0.00..796071.18 rows=7527392 width=4) (actual time=9423.522..12200.370 rows=3178647 loops=1)
        Filter: ((person_id > 2291359) AND (role_id < 3))
        Rows Removed by Filter: 33065697
  ->  Hash  (cost=61283.27..61283.27 rows=2528527 width=4) (actual time=1936.832..1936.832 rows=2528312 loops=1)
        Buckets: 131072  Batches: 64  Memory Usage: 2415kB
        ->  Seq Scan on title t  (cost=0.00..61283.27 rows=2528527 width=4) (actual time=0.025..1103.209 rows=2528312 loops=1)
Planning time: 0.752 ms
Execution time: 17851.537 ms
