Seq Scan on movie_keyword mk  (cost=0.00..81003.12 rows=246 width=0) (actual time=37.760..1325.536 rows=194 loops=1)
  Filter: (keyword_id = 5282)
  Rows Removed by Filter: 4523736
Planning time: 0.381 ms
Execution time: 1325.774 ms
