Seq Scan on movie_keyword mk  (cost=0.00..81003.12 rows=383909 width=0) (actual time=0.021..1289.008 rows=381292 loops=1)
  Filter: (keyword_id > 44832)
  Rows Removed by Filter: 4142638
Planning time: 0.321 ms
Execution time: 1337.887 ms
