Hash Join  (cost=167876.85..1342446.21 rows=13702926 width=0) (actual time=4597.661..43995.652 rows=28874795 loops=1)
  Hash Cond: (ci.movie_id = t.id)
  ->  Seq Scan on cast_info ci  (cost=0.00..614943.12 rows=36225612 width=4) (actual time=0.026..13094.299 rows=36244344 loops=1)
  ->  Hash  (cost=152184.15..152184.15 rows=956456 width=8) (actual time=4596.743..4596.743 rows=910578 loops=1)
        Buckets: 131072  Batches: 16  Memory Usage: 3249kB
        ->  Hash Join  (cost=96356.06..152184.15 rows=956456 width=8) (actual time=2680.089..4325.912 rows=910578 loops=1)
              Hash Cond: (mi_idx.movie_id = t.id)
              ->  Seq Scan on movie_info_idx mi_idx  (cost=0.00..21735.35 rows=1380035 width=4) (actual time=0.016..438.998 rows=1380035 loops=1)
              ->  Hash  (cost=67604.59..67604.59 rows=1752438 width=4) (actual time=2678.702..2678.702 rows=1749032 loops=1)
                    Buckets: 131072  Batches: 32  Memory Usage: 2950kB
                    ->  Seq Scan on title t  (cost=0.00..67604.59 rows=1752438 width=4) (actual time=0.020..1346.924 rows=1749032 loops=1)
                          Filter: (production_year > 1990)
                          Rows Removed by Filter: 779280
Planning time: 1.179 ms
Execution time: 47101.667 ms
