Hash Join  (cost=82108.53..124471.79 rows=272178 width=0) (actual time=1407.331..2627.636 rows=392495 loops=1)
  Hash Cond: (mi_idx.movie_id = t.id)
  ->  Seq Scan on movie_info_idx mi_idx  (cost=0.00..21735.35 rows=1380035 width=4) (actual time=0.026..458.819 rows=1380035 loops=1)
  ->  Hash  (cost=73925.90..73925.90 rows=498690 width=4) (actual time=1406.564..1406.564 rows=369177 loops=1)
        Buckets: 131072  Batches: 8  Memory Usage: 2653kB
        ->  Seq Scan on title t  (cost=0.00..73925.90 rows=498690 width=4) (actual time=275.955..1294.176 rows=369177 loops=1)
              Filter: ((production_year > 1983) AND (kind_id = 1))
              Rows Removed by Filter: 2159135
Planning time: 0.694 ms
Execution time: 2672.689 ms
