Hash Join  (cost=139412.11..515298.19 rows=151560 width=0) (actual time=2748.791..10542.749 rows=1089857 loops=1)
  Hash Cond: (mi.movie_id = t.id)
  ->  Seq Scan on movie_info mi  (cost=0.00..346232.03 rows=7503588 width=4) (actual time=0.011..5793.819 rows=7548855 loops=1)
        Filter: (info_type_id > 7)
        Rows Removed by Filter: 7286865
  ->  Hash  (cost=138773.71..138773.71 rows=51072 width=8) (actual time=2748.302..2748.302 rows=43909 loops=1)
        Buckets: 65536  Batches: 1  Memory Usage: 2228kB
        ->  Hash Join  (cost=69002.72..138773.71 rows=51072 width=8) (actual time=1047.669..2730.209 rows=43909 loops=1)
              Hash Cond: (mc.movie_id = t.id)
              ->  Seq Scan on movie_companies mc  (cost=0.00..51404.11 rows=1515508 width=4) (actual time=0.022..1083.831 rows=1522549 loops=1)
                    Filter: (company_id > 7128)
                    Rows Removed by Filter: 1086580
              ->  Hash  (cost=67604.59..67604.59 rows=85211 width=4) (actual time=1046.249..1046.249 rows=84593 loops=1)
                    Buckets: 131072  Batches: 2  Memory Usage: 2518kB
                    ->  Seq Scan on title t  (cost=0.00..67604.59 rows=85211 width=4) (actual time=0.040..1012.785 rows=84593 loops=1)
                          Filter: (production_year = 2004)
                          Rows Removed by Filter: 2443719
Planning time: 1.229 ms
Execution time: 10682.493 ms
