Hash Join  (cost=67697.55..890823.24 rows=91534 width=0) (actual time=1148.035..21970.640 rows=294007 loops=1)
  Hash Cond: (ci.movie_id = t.id)
  ->  Seq Scan on cast_info ci  (cost=0.00..705507.15 rows=31120853 width=4) (actual time=0.018..13095.930 rows=31246545 loops=1)
        Filter: (person_id > 483819)
        Rows Removed by Filter: 4997799
  ->  Hash  (cost=67604.59..67604.59 rows=7437 width=4) (actual time=1147.467..1147.467 rows=21312 loops=1)
        Buckets: 32768 (originally 8192)  Batches: 1 (originally 1)  Memory Usage: 1006kB
        ->  Seq Scan on title t  (cost=0.00..67604.59 rows=7437 width=4) (actual time=0.022..1137.354 rows=21312 loops=1)
              Filter: (production_year = 1989)
              Rows Removed by Filter: 2507000
Planning time: 0.749 ms
Execution time: 22018.511 ms
