Seq Scan on movie_keyword mk  (cost=0.00..81003.12 rows=4210415 width=0) (actual time=0.029..1451.204 rows=4212924 loops=1)
  Filter: (keyword_id < 52489)
  Rows Removed by Filter: 311006
Planning time: 0.389 ms
Execution time: 1977.490 ms
