Seq Scan on movie_keyword mk  (cost=0.00..81003.12 rows=1953284 width=0) (actual time=0.018..1392.595 rows=1962127 loops=1)
  Filter: (keyword_id < 3430)
  Rows Removed by Filter: 2561803
Planning time: 0.288 ms
Execution time: 1629.139 ms
