Seq Scan on movie_keyword mk  (cost=0.00..81003.12 rows=2860538 width=0) (actual time=0.025..1545.946 rows=2850285 loops=1)
  Filter: (keyword_id < 8702)
  Rows Removed by Filter: 1673645
Planning time: 0.292 ms
Execution time: 1890.641 ms
