Seq Scan on movie_keyword mk  (cost=0.00..81003.12 rows=246 width=0) (actual time=520.980..1148.799 rows=2 loops=1)
  Filter: (keyword_id = 109616)
  Rows Removed by Filter: 4523928
Planning time: 0.369 ms
Execution time: 1148.885 ms
