Hash Join  (cost=204358.87..236391.40 rows=48243 width=0) (actual time=3884.679..4715.476 rows=202060 loops=1)
  Hash Cond: (mi_idx.movie_id = t.id)
  ->  Seq Scan on movie_info_idx mi_idx  (cost=0.00..25185.44 rows=460978 width=4) (actual time=0.018..493.471 rows=459925 loops=1)
        Filter: (info_type_id < 100)
        Rows Removed by Filter: 920110
  ->  Hash  (cost=200017.09..200017.09 rows=264622 width=8) (actual time=3884.032..3884.032 rows=282915 loops=1)
        Buckets: 131072  Batches: 4  Memory Usage: 3805kB
        ->  Hash Join  (cost=102767.86..200017.09 rows=264622 width=8) (actual time=1991.028..3803.416 rows=282915 loops=1)
              Hash Cond: (mk.movie_id = t.id)
              ->  Seq Scan on movie_keyword mk  (cost=0.00..81003.12 rows=264622 width=4) (actual time=0.019..1190.885 rows=282915 loops=1)
                    Filter: (keyword_id < 235)
                    Rows Removed by Filter: 4241015
              ->  Hash  (cost=61283.27..61283.27 rows=2528527 width=4) (actual time=1989.865..1989.865 rows=2528312 loops=1)
                    Buckets: 131072  Batches: 64  Memory Usage: 2425kB
                    ->  Seq Scan on title t  (cost=0.00..61283.27 rows=2528527 width=4) (actual time=0.012..1096.593 rows=2528312 loops=1)
Planning time: 0.837 ms
Execution time: 4741.927 ms
