Hash Join  (cost=74283.51..129244.23 rows=29520 width=0) (actual time=1226.773..2697.295 rows=10121 loops=1)
  Hash Cond: (mc.movie_id = t.id)
  ->  Seq Scan on movie_companies mc  (cost=0.00..44881.29 rows=2609129 width=4) (actual time=0.027..773.227 rows=2609129 loops=1)
  ->  Hash  (cost=73925.90..73925.90 rows=28608 width=4) (actual time=1200.026..1200.026 rows=32134 loops=1)
        Buckets: 32768  Batches: 1  Memory Usage: 1386kB
        ->  Seq Scan on title t  (cost=0.00..73925.90 rows=28608 width=4) (actual time=214.432..1186.602 rows=32134 loops=1)
              Filter: ((kind_id = 7) AND (production_year = 1998))
              Rows Removed by Filter: 2496178
Planning time: 0.762 ms
Execution time: 2698.866 ms
