Hash Join  (cost=116695.23..193010.06 rows=91729 width=0) (actual time=2306.860..4141.045 rows=123298 loops=1)
  Hash Cond: (mc.movie_id = t.id)
  ->  Seq Scan on movie_companies mc  (cost=0.00..44881.29 rows=2609129 width=4) (actual time=0.014..836.338 rows=2609129 loops=1)
  ->  Hash  (cost=115236.03..115236.03 rows=88896 width=8) (actual time=2300.566..2300.566 rows=49179 loops=1)
        Buckets: 131072  Batches: 2  Memory Usage: 1983kB
        ->  Hash Join  (cost=81925.97..115236.03 rows=88896 width=8) (actual time=1462.146..2284.122 rows=49179 loops=1)
              Hash Cond: (mi_idx.movie_id = t.id)
              ->  Seq Scan on movie_info_idx mi_idx  (cost=0.00..25185.44 rows=460978 width=4) (actual time=0.031..500.719 rows=459925 loops=1)
                    Filter: (info_type_id = 99)
                    Rows Removed by Filter: 920110
              ->  Hash  (cost=73925.90..73925.90 rows=487605 width=4) (actual time=1460.825..1460.825 rows=501779 loops=1)
                    Buckets: 131072  Batches: 8  Memory Usage: 3231kB
                    ->  Seq Scan on title t  (cost=0.00..73925.90 rows=487605 width=4) (actual time=0.018..1295.129 rows=501779 loops=1)
                          Filter: ((kind_id > 1) AND (production_year > 2008))
                          Rows Removed by Filter: 2026533
Planning time: 1.189 ms
Execution time: 4157.694 ms
