Hash Join  (cost=102767.86..173342.47 rows=386123 width=0) (actual time=1938.912..3503.250 rows=387626 loops=1)
  Hash Cond: (mc.movie_id = t.id)
  ->  Seq Scan on movie_companies mc  (cost=0.00..51404.11 rows=386123 width=4) (actual time=0.016..859.483 rows=387626 loops=1)
        Filter: (company_id < 228)
        Rows Removed by Filter: 2221503
  ->  Hash  (cost=61283.27..61283.27 rows=2528527 width=4) (actual time=1936.671..1936.671 rows=2528312 loops=1)
        Buckets: 131072  Batches: 64  Memory Usage: 2415kB
        ->  Seq Scan on title t  (cost=0.00..61283.27 rows=2528527 width=4) (actual time=0.009..1092.928 rows=2528312 loops=1)
Planning time: 0.742 ms
Execution time: 3548.025 ms
