Hash Join  (cost=28268.50..740287.67 rows=47 width=0) (actual time=357.712..13484.535 rows=263 loops=1)
  Hash Cond: (ci.movie_id = t.id)
  ->  Seq Scan on cast_info ci  (cost=0.00..705507.15 rows=1736414 width=4) (actual time=0.020..12915.916 rows=1703543 loops=1)
        Filter: (role_id = 8)
        Rows Removed by Filter: 34540801
  ->  Hash  (cost=28267.64..28267.64 rows=69 width=8) (actual time=356.392..356.392 rows=233 loops=1)
        Buckets: 1024  Batches: 1  Memory Usage: 18kB
        ->  Nested Loop  (cost=0.43..28267.64 rows=69 width=8) (actual time=144.215..356.289 rows=233 loops=1)
              ->  Seq Scan on movie_info_idx mi_idx  (cost=0.00..25185.44 rows=368 width=4) (actual time=144.154..351.647 rows=260 loops=1)
                    Filter: (info_type_id > 101)
                    Rows Removed by Filter: 1379775
              ->  Index Scan using title_pkey on title t  (cost=0.43..8.37 rows=1 width=4) (actual time=0.017..0.017 rows=1 loops=260)
                    Index Cond: (id = mi_idx.movie_id)
                    Filter: ((production_year < 2009) AND (kind_id = 1))
                    Rows Removed by Filter: 0
Planning time: 1.150 ms
Execution time: 13484.796 ms
