Hash Join  (cost=75389.57..151708.25 rows=92016 width=0) (actual time=1118.880..2939.148 rows=55387 loops=1)
  Hash Cond: (mc.movie_id = t.id)
  ->  Seq Scan on movie_companies mc  (cost=0.00..44881.29 rows=2609129 width=4) (actual time=0.027..909.762 rows=2609129 loops=1)
  ->  Hash  (cost=73925.90..73925.90 rows=89173 width=4) (actual time=1083.715..1083.715 rows=96478 loops=1)
        Buckets: 131072  Batches: 2  Memory Usage: 2718kB
        ->  Seq Scan on title t  (cost=0.00..73925.90 rows=89173 width=4) (actual time=0.024..1045.439 rows=96478 loops=1)
              Filter: ((kind_id > 2) AND (production_year = 2009))
              Rows Removed by Filter: 2431834
Planning time: 0.777 ms
Execution time: 2947.344 ms
