Seq Scan on cast_info ci  (cost=0.00..705507.15 rows=500 width=0) (actual time=5133.193..9892.814 rows=22 loops=1)
  Filter: (person_id = 82779)
  Rows Removed by Filter: 36244322
Planning time: 4.717 ms
Execution time: 9897.553 ms
