Hash Join  (cost=952176.42..1506913.26 rows=7022491 width=0) (actual time=19313.163..47187.976 rows=57368875 loops=1)
  Hash Cond: (mi.movie_id = t.id)
  ->  Seq Scan on movie_info mi  (cost=0.00..309384.22 rows=14739122 width=4) (actual time=0.025..6581.518 rows=14835720 loops=1)
  ->  Hash  (cost=932411.38..932411.38 rows=1204723 width=8) (actual time=19311.773..19311.773 rows=1851099 loops=1)
        Buckets: 131072 (originally 131072)  Batches: 32 (originally 16)  Memory Usage: 3353kB
        ->  Hash Join  (cost=93117.31..932411.38 rows=1204723 width=8) (actual time=6010.711..18442.761 rows=1851099 loops=1)
              Hash Cond: (ci.movie_id = t.id)
              ->  Seq Scan on cast_info ci  (cost=0.00..796071.18 rows=1958932 width=4) (actual time=3786.591..13542.013 rows=3755054 loops=1)
                    Filter: ((person_id > 2107339) AND (role_id > 9))
                    Rows Removed by Filter: 32489290
              ->  Hash  (cost=67604.59..67604.59 rows=1555018 width=4) (actual time=2222.751..2222.751 rows=1551727 loops=1)
                    Buckets: 131072  Batches: 32  Memory Usage: 2728kB
                    ->  Seq Scan on title t  (cost=0.00..67604.59 rows=1555018 width=4) (actual time=0.018..1335.426 rows=1551727 loops=1)
                          Filter: (production_year < 2007)
                          Rows Removed by Filter: 976585
Planning time: 1.215 ms
Execution time: 53449.114 ms
