Hash Join  (cost=143575.31..898968.96 rows=460448 width=0) (actual time=2537.596..18175.028 rows=11840 loops=1)
  Hash Cond: (ci.movie_id = t.id)
  ->  Seq Scan on cast_info ci  (cost=0.00..614943.12 rows=36225612 width=4) (actual time=0.025..8526.838 rows=36244344 loops=1)
  ->  Hash  (cost=143173.57..143173.57 rows=32139 width=8) (actual time=2535.914..2535.914 rows=1513 loops=1)
        Buckets: 32768  Batches: 1  Memory Usage: 316kB
        ->  Hash Join  (cost=75670.84..143173.57 rows=32139 width=8) (actual time=1493.902..2534.893 rows=1513 loops=1)
              Hash Cond: (mc.movie_id = t.id)
              ->  Seq Scan on movie_companies mc  (cost=0.00..57926.93 rows=764375 width=4) (actual time=447.317..1179.999 rows=983978 loops=1)
                    Filter: ((company_id > 7608) AND (company_type_id = 2))
                    Rows Removed by Filter: 1625151
              ->  Hash  (cost=73925.90..73925.90 rows=106315 width=4) (actual time=1040.270..1040.270 rows=6930 loops=1)
                    Buckets: 131072  Batches: 2  Memory Usage: 1147kB
                    ->  Seq Scan on title t  (cost=0.00..73925.90 rows=106315 width=4) (actual time=293.143..1036.381 rows=6930 loops=1)
                          Filter: ((production_year < 1952) AND (kind_id = 7))
                          Rows Removed by Filter: 2521382
Planning time: 1.173 ms
Execution time: 18178.135 ms
