Seq Scan on cast_info ci  (cost=0.00..796071.18 rows=3992442 width=0) (actual time=8323.951..12817.348 rows=7449193 loops=1)
  Filter: ((person_id > 1610873) AND (role_id = 2))
  Rows Removed by Filter: 28795151
Planning time: 0.391 ms
Execution time: 13708.057 ms
