Hash Join  (cost=477150.74..594649.28 rows=464616 width=0) (actual time=8264.955..11530.687 rows=2014315 loops=1)
  Hash Cond: (mk.movie_id = t.id)
  ->  Seq Scan on movie_keyword mk  (cost=0.00..81003.12 rows=2601934 width=4) (actual time=0.025..1638.166 rows=2584283 loops=1)
        Filter: (keyword_id > 3337)
        Rows Removed by Filter: 1939647
  ->  Hash  (cost=469742.89..469742.89 rows=451508 width=8) (actual time=8264.124..8264.124 rows=474443 loops=1)
        Buckets: 131072  Batches: 8  Memory Usage: 3350kB
        ->  Hash Join  (cost=102767.86..469742.89 rows=451508 width=8) (actual time=3922.047..8116.091 rows=474443 loops=1)
              Hash Cond: (mi.movie_id = t.id)
              ->  Seq Scan on movie_info mi  (cost=0.00..346232.03 rows=451508 width=4) (actual time=1695.604..5129.729 rows=474443 loops=1)
                    Filter: (info_type_id = 6)
                    Rows Removed by Filter: 14361277
              ->  Hash  (cost=61283.27..61283.27 rows=2528527 width=4) (actual time=2224.949..2224.949 rows=2528312 loops=1)
                    Buckets: 131072  Batches: 64  Memory Usage: 2425kB
                    ->  Seq Scan on title t  (cost=0.00..61283.27 rows=2528527 width=4) (actual time=0.027..1086.671 rows=2528312 loops=1)
Planning time: 1.054 ms
Execution time: 11765.838 ms
