Hash Join  (cost=156487.41..268373.71 rows=396090 width=0) (actual time=3390.273..6276.099 rows=1674050 loops=1)
  Hash Cond: (mk.movie_id = t.id)
  ->  Seq Scan on movie_keyword mk  (cost=0.00..81003.12 rows=2172606 width=4) (actual time=11.457..1582.605 rows=2174093 loops=1)
        Filter: (keyword_id > 5261)
        Rows Removed by Filter: 2349837
  ->  Hash  (cost=148924.19..148924.19 rows=460978 width=8) (actual time=3378.100..3378.100 rows=459925 loops=1)
        Buckets: 131072  Batches: 8  Memory Usage: 3284kB
        ->  Hash Join  (cost=102767.86..148924.19 rows=460978 width=8) (actual time=1979.948..3245.179 rows=459925 loops=1)
              Hash Cond: (mi_idx.movie_id = t.id)
              ->  Seq Scan on movie_info_idx mi_idx  (cost=0.00..25185.44 rows=460978 width=4) (actual time=0.028..509.854 rows=459925 loops=1)
                    Filter: (info_type_id < 100)
                    Rows Removed by Filter: 920110
              ->  Hash  (cost=61283.27..61283.27 rows=2528527 width=4) (actual time=1978.850..1978.850 rows=2528312 loops=1)
                    Buckets: 131072  Batches: 64  Memory Usage: 2415kB
                    ->  Seq Scan on title t  (cost=0.00..61283.27 rows=2528527 width=4) (actual time=0.013..1139.894 rows=2528312 loops=1)
Planning time: 1.088 ms
Execution time: 6450.434 ms
