Hash Join  (cost=131358.82..520263.38 rows=99066 width=0) (actual time=2597.110..10432.479 rows=511920 loops=1)
  Hash Cond: (mi.movie_id = t.id)
  ->  Seq Scan on movie_info mi  (cost=0.00..346232.03 rows=11115165 width=4) (actual time=0.019..5462.415 rows=11210743 loops=1)
        Filter: (info_type_id > 3)
        Rows Removed by Filter: 3624977
  ->  Hash  (cost=131077.12..131077.12 rows=22536 width=8) (actual time=2596.176..2596.176 rows=49756 loops=1)
        Buckets: 65536 (originally 32768)  Batches: 1 (originally 1)  Memory Usage: 2456kB
        ->  Hash Join  (cost=74461.60..131077.12 rows=22536 width=8) (actual time=1692.142..2578.142 rows=49756 loops=1)
              Hash Cond: (mc.movie_id = t.id)
              ->  Seq Scan on movie_companies mc  (cost=0.00..51404.11 rows=1329612 width=4) (actual time=406.308..956.751 rows=1334883 loops=1)
                    Filter: (company_type_id = 2)
                    Rows Removed by Filter: 1274246
              ->  Hash  (cost=73925.90..73925.90 rows=42856 width=4) (actual time=1285.475..1285.475 rows=46784 loops=1)
                    Buckets: 65536  Batches: 1  Memory Usage: 2157kB
                    ->  Seq Scan on title t  (cost=0.00..73925.90 rows=42856 width=4) (actual time=0.043..1266.215 rows=46784 loops=1)
                          Filter: ((production_year < 2003) AND (kind_id = 2))
                          Rows Removed by Filter: 2481528
Planning time: 1.219 ms
Execution time: 10496.073 ms
