Hash Join  (cost=158812.83..1301785.79 rows=10627184 width=0) (actual time=3472.157..36022.241 rows=14984373 loops=1)
  Hash Cond: (ci.movie_id = t.id)
  ->  Seq Scan on cast_info ci  (cost=0.00..614943.12 rows=36225612 width=4) (actual time=0.011..13270.003 rows=36244344 loops=1)
  ->  Hash  (cost=146642.70..146642.70 rows=741771 width=8) (actual time=3471.044..3471.044 rows=416274 loops=1)
        Buckets: 131072  Batches: 16  Memory Usage: 2040kB
        ->  Hash Join  (cost=96223.51..146642.70 rows=741771 width=8) (actual time=1895.188..3342.712 rows=416274 loops=1)
              Hash Cond: (mi_idx.movie_id = t.id)
              ->  Seq Scan on movie_info_idx mi_idx  (cost=0.00..21735.35 rows=1380035 width=4) (actual time=0.018..450.962 rows=1380035 loops=1)
              ->  Hash  (cost=73925.90..73925.90 rows=1359088 width=4) (actual time=1893.905..1893.905 rows=1438695 loops=1)
                    Buckets: 131072  Batches: 32  Memory Usage: 2607kB
                    ->  Seq Scan on title t  (cost=0.00..73925.90 rows=1359088 width=4) (actual time=94.211..1409.261 rows=1438695 loops=1)
                          Filter: ((production_year > 1958) AND (kind_id = 7))
                          Rows Removed by Filter: 1089617
Planning time: 1.140 ms
Execution time: 37653.244 ms
