Seq Scan on movie_keyword mk  (cost=0.00..81003.12 rows=403973 width=0) (actual time=0.023..1432.301 rows=399069 loops=1)
  Filter: (keyword_id > 43443)
  Rows Removed by Filter: 4124861
Planning time: 0.390 ms
Execution time: 1483.187 ms
