Hash Join  (cost=234704.89..1041972.69 rows=2615251 width=0) (actual time=6311.706..28131.727 rows=27198157 loops=1)
  Hash Cond: (ci.movie_id = t.id)
  ->  Seq Scan on cast_info ci  (cost=0.00..705507.15 rows=5536830 width=4) (actual time=73.903..12060.610 rows=5456526 loops=1)
        Filter: (person_id < 526512)
        Rows Removed by Filter: 30787818
  ->  Hash  (cost=215109.93..215109.93 rows=1194317 width=8) (actual time=6235.529..6235.529 rows=2886675 loops=1)
        Buckets: 131072 (originally 131072)  Batches: 64 (originally 16)  Memory Usage: 3073kB
        ->  Hash Join  (cost=78556.72..215109.93 rows=1194317 width=8) (actual time=1285.690..5471.422 rows=2886675 loops=1)
              Hash Cond: (mk.movie_id = t.id)
              ->  Seq Scan on movie_keyword mk  (cost=0.00..69693.30 rows=4523930 width=4) (actual time=0.027..1504.895 rows=4523930 loops=1)
              ->  Hash  (cost=67604.59..67604.59 rows=667531 width=4) (actual time=1284.835..1284.835 rows=662825 loops=1)
                    Buckets: 131072  Batches: 16  Memory Usage: 2486kB
                    ->  Seq Scan on title t  (cost=0.00..67604.59 rows=667531 width=4) (actual time=0.020..1074.318 rows=662825 loops=1)
                          Filter: (kind_id = 1)
                          Rows Removed by Filter: 1865487
Planning time: 1.130 ms
Execution time: 31196.846 ms
