Seq Scan on title t  (cost=0.00..73925.90 rows=684561 width=0) (actual time=0.026..1080.053 rows=585759 loops=1)
  Filter: ((kind_id < 7) AND (production_year > 1990))
  Rows Removed by Filter: 1942553
Planning time: 0.330 ms
Execution time: 1157.454 ms
