Hash Join  (cost=181718.78..223499.89 rows=238263 width=0) (actual time=4215.812..5470.449 rows=641392 loops=1)
  Hash Cond: (mi_idx.movie_id = t.id)
  ->  Seq Scan on movie_info_idx mi_idx  (cost=0.00..21735.35 rows=1380035 width=4) (actual time=0.019..474.331 rows=1380035 loops=1)
  ->  Hash  (cost=174555.91..174555.91 rows=436550 width=8) (actual time=4214.928..4214.928 rows=437252 loops=1)
        Buckets: 131072  Batches: 8  Memory Usage: 3167kB
        ->  Hash Join  (cost=102767.86..174555.91 rows=436550 width=8) (actual time=2039.034..4086.879 rows=437252 loops=1)
              Hash Cond: (mc.movie_id = t.id)
              ->  Seq Scan on movie_companies mc  (cost=0.00..51404.11 rows=436550 width=4) (actual time=0.021..969.529 rows=437252 loops=1)
                    Filter: (company_id < 321)
                    Rows Removed by Filter: 2171877
              ->  Hash  (cost=61283.27..61283.27 rows=2528527 width=4) (actual time=2036.959..2036.959 rows=2528312 loops=1)
                    Buckets: 131072  Batches: 64  Memory Usage: 2415kB
                    ->  Seq Scan on title t  (cost=0.00..61283.27 rows=2528527 width=4) (actual time=0.009..1207.710 rows=2528312 loops=1)
Planning time: 1.130 ms
Execution time: 5536.605 ms
