Nested Loop  (cost=0.43..133008.67 rows=7540 width=0) (actual time=0.153..1675.006 rows=7692 loops=1)
  ->  Seq Scan on movie_keyword mk  (cost=0.00..81003.12 rows=7540 width=4) (actual time=0.083..1440.623 rows=7692 loops=1)
        Filter: (keyword_id = 186)
        Rows Removed by Filter: 4516238
  ->  Index Only Scan using title_pkey on title t  (cost=0.43..6.89 rows=1 width=4) (actual time=0.029..0.030 rows=1 loops=7692)
        Index Cond: (id = mk.movie_id)
        Heap Fetches: 7692
Planning time: 0.735 ms
Execution time: 1678.004 ms
