Hash Join  (cost=467813.85..1479244.37 rows=5208245 width=0) (actual time=9900.249..41171.703 rows=15046952 loops=1)
  Hash Cond: (ci.movie_id = t.id)
  ->  Seq Scan on cast_info ci  (cost=0.00..705507.15 rows=21749039 width=4) (actual time=1060.561..14631.034 rows=21841754 loops=1)
        Filter: (person_id > 1418473)
        Rows Removed by Filter: 14402590
  ->  Hash  (cost=457879.01..457879.01 rows=605507 width=8) (actual time=8838.784..8838.784 rows=1519569 loops=1)
        Buckets: 131072 (originally 131072)  Batches: 32 (originally 8)  Memory Usage: 3073kB
        ->  Hash Join  (cost=83810.17..457879.01 rows=605507 width=8) (actual time=1788.420..8393.372 rows=1519569 loops=1)
              Hash Cond: (mi.movie_id = t.id)
              ->  Seq Scan on movie_info mi  (cost=0.00..346232.03 rows=1550064 width=4) (actual time=97.734..5346.612 rows=1533909 loops=1)
                    Filter: (info_type_id = 3)
                    Rows Removed by Filter: 13301811
              ->  Hash  (cost=67604.59..67604.59 rows=987727 width=4) (actual time=1689.939..1689.939 rows=985048 loops=1)
                    Buckets: 131072  Batches: 16  Memory Usage: 3197kB
                    ->  Seq Scan on title t  (cost=0.00..67604.59 rows=987727 width=4) (actual time=0.023..1309.021 rows=985048 loops=1)
                          Filter: (kind_id < 7)
                          Rows Removed by Filter: 1543264
Planning time: 1.189 ms
Execution time: 42739.009 ms
