Hash Join  (cost=101715.84..467500.86 rows=112910 width=0) (actual time=1813.650..9472.595 rows=91320 loops=1)
  Hash Cond: (mi.movie_id = t.id)
  ->  Seq Scan on movie_info mi  (cost=0.00..309384.22 rows=14739122 width=4) (actual time=0.021..4515.965 rows=14835720 loops=1)
  ->  Hash  (cost=101473.71..101473.71 rows=19370 width=8) (actual time=1813.419..1813.419 rows=11868 loops=1)
        Buckets: 32768  Batches: 1  Memory Usage: 720kB
        ->  Hash Join  (cost=74369.53..101473.71 rows=19370 width=8) (actual time=1573.042..1810.609 rows=11868 loops=1)
              Hash Cond: (mi_idx.movie_id = t.id)
              ->  Seq Scan on movie_info_idx mi_idx  (cost=0.00..21735.35 rows=1380035 width=4) (actual time=0.028..248.521 rows=1380035 loops=1)
              ->  Hash  (cost=73925.90..73925.90 rows=35490 width=4) (actual time=1286.235..1286.235 rows=39698 loops=1)
                    Buckets: 65536  Batches: 1  Memory Usage: 1908kB
                    ->  Seq Scan on title t  (cost=0.00..73925.90 rows=35490 width=4) (actual time=349.781..1269.672 rows=39698 loops=1)
                          Filter: ((kind_id = 7) AND (production_year = 2001))
                          Rows Removed by Filter: 2488614
Planning time: 1.237 ms
Execution time: 9485.561 ms
