Hash Join  (cost=263115.61..448486.33 rows=3985670 width=0) (actual time=6287.133..17049.373 rows=30917024 loops=1)
  Hash Cond: (mk.movie_id = t.id)
  ->  Seq Scan on movie_keyword mk  (cost=0.00..81003.12 rows=3862543 width=4) (actual time=0.022..1785.193 rows=3863115 loops=1)
        Filter: (keyword_id > 508)
        Rows Removed by Filter: 660815
  ->  Hash  (cost=220309.49..220309.49 rows=2609129 width=8) (actual time=6286.019..6286.019 rows=2609129 loops=1)
        Buckets: 131072  Batches: 64  Memory Usage: 2691kB
        ->  Hash Join  (cost=102767.86..220309.49 rows=2609129 width=8) (actual time=1997.732..5516.314 rows=2609129 loops=1)
              Hash Cond: (mc.movie_id = t.id)
              ->  Seq Scan on movie_companies mc  (cost=0.00..44881.29 rows=2609129 width=4) (actual time=0.013..939.844 rows=2609129 loops=1)
              ->  Hash  (cost=61283.27..61283.27 rows=2528527 width=4) (actual time=1996.665..1996.665 rows=2528312 loops=1)
                    Buckets: 131072  Batches: 64  Memory Usage: 2415kB
                    ->  Seq Scan on title t  (cost=0.00..61283.27 rows=2528527 width=4) (actual time=0.021..1133.884 rows=2528312 loops=1)
Planning time: 1.106 ms
Execution time: 20561.316 ms
