Hash Join  (cost=202335.36..1072725.33 rows=366509 width=0) (actual time=4623.000..21997.335 rows=3103559 loops=1)
  Hash Cond: (ci.movie_id = t.id)
  ->  Seq Scan on cast_info ci  (cost=0.00..796071.18 rows=5462542 width=4) (actual time=0.033..13152.978 rows=8394227 loops=1)
        Filter: ((person_id > 2844919) AND (role_id > 1))
        Rows Removed by Filter: 27850117
  ->  Hash  (cost=199551.73..199551.73 rows=169651 width=8) (actual time=4621.215..4621.215 rows=692274 loops=1)
        Buckets: 131072 (originally 131072)  Batches: 16 (originally 4)  Memory Usage: 3073kB
        ->  Hash Join  (cost=75482.18..199551.73 rows=169651 width=8) (actual time=1056.947..4397.762 rows=692274 loops=1)
              Hash Cond: (mk.movie_id = t.id)
              ->  Seq Scan on movie_keyword mk  (cost=0.00..69693.30 rows=4523930 width=4) (actual time=0.022..1449.754 rows=4523930 loops=1)
              ->  Hash  (cost=73925.90..73925.90 rows=94822 width=4) (actual time=1056.272..1056.272 rows=194973 loops=1)
                    Buckets: 131072 (originally 131072)  Batches: 4 (originally 2)  Memory Usage: 3073kB
                    ->  Seq Scan on title t  (cost=0.00..73925.90 rows=94822 width=4) (actual time=0.291..984.318 rows=194973 loops=1)
                          Filter: ((kind_id < 7) AND (production_year < 1960))
                          Rows Removed by Filter: 2333339
Planning time: 1.205 ms
Execution time: 22318.145 ms
