Seq Scan on movie_companies mc  (cost=0.00..57926.93 rows=53 width=0) (actual time=514.431..866.515 rows=3 loops=1)
  Filter: ((company_type_id > 1) AND (company_id = 25615))
  Rows Removed by Filter: 2609126
Planning time: 0.439 ms
Execution time: 866.612 ms
