Seq Scan on movie_companies mc  (cost=0.00..51404.11 rows=1396314 width=0) (actual time=0.014..825.086 rows=1385908 loops=1)
  Filter: (company_id < 11980)
  Rows Removed by Filter: 1223221
Planning time: 0.246 ms
Execution time: 995.285 ms
