Hash Join  (cost=102767.86..261986.35 rows=2839961 width=0) (actual time=2050.585..6384.541 rows=2832252 loops=1)
  Hash Cond: (mk.movie_id = t.id)
  ->  Seq Scan on movie_keyword mk  (cost=0.00..81003.12 rows=2839961 width=4) (actual time=0.020..1853.367 rows=2832252 loops=1)
        Filter: (keyword_id > 2629)
        Rows Removed by Filter: 1691678
  ->  Hash  (cost=61283.27..61283.27 rows=2528527 width=4) (actual time=2047.857..2047.857 rows=2528312 loops=1)
        Buckets: 131072  Batches: 64  Memory Usage: 2425kB
        ->  Seq Scan on title t  (cost=0.00..61283.27 rows=2528527 width=4) (actual time=0.016..1196.335 rows=2528312 loops=1)
Planning time: 0.726 ms
Execution time: 6695.092 ms
