Hash Join  (cost=207545.08..1107580.08 rows=1305674 width=0) (actual time=5207.409..19722.159 rows=1644078 loops=1)
  Hash Cond: (ci.movie_id = t.id)
  ->  Seq Scan on cast_info ci  (cost=0.00..796071.18 rows=6950213 width=4) (actual time=363.180..12906.358 rows=2952877 loops=1)
        Filter: ((person_id < 1035856) AND (role_id > 1))
        Rows Removed by Filter: 33291467
  ->  Hash  (cost=199751.43..199751.43 rows=475012 width=8) (actual time=4842.057..4842.057 rows=761814 loops=1)
        Buckets: 131072 (originally 131072)  Batches: 16 (originally 8)  Memory Usage: 3073kB
        ->  Hash Join  (cost=71961.27..199751.43 rows=475012 width=8) (actual time=1239.375..4599.279 rows=761814 loops=1)
              Hash Cond: (mk.movie_id = t.id)
              ->  Seq Scan on movie_keyword mk  (cost=0.00..69693.30 rows=4523930 width=4) (actual time=0.024..1426.890 rows=4523930 loops=1)
              ->  Hash  (cost=67604.59..67604.59 rows=265495 width=4) (actual time=1238.486..1238.486 rows=263594 loops=1)
                    Buckets: 131072  Batches: 4  Memory Usage: 3346kB
                    ->  Seq Scan on title t  (cost=0.00..67604.59 rows=265495 width=4) (actual time=0.019..1146.306 rows=263594 loops=1)
                          Filter: (production_year < 1962)
                          Rows Removed by Filter: 2264718
Planning time: 1.156 ms
Execution time: 19899.476 ms
