Seq Scan on movie_companies mc  (cost=0.00..57926.93 rows=53 width=0) (actual time=22.741..936.479 rows=80 loops=1)
  Filter: ((company_type_id > 1) AND (company_id = 79943))
  Rows Removed by Filter: 2609049
Planning time: 0.368 ms
Execution time: 936.586 ms
