Hash Join  (cost=160823.02..544375.48 rows=47266 width=0) (actual time=2982.590..9782.374 rows=3475 loops=1)
  Hash Cond: (mi.movie_id = t.id)
  ->  Seq Scan on movie_info mi  (cost=0.00..309384.22 rows=14739122 width=4) (actual time=0.010..4149.972 rows=14835720 loops=1)
  ->  Hash  (cost=160721.67..160721.67 rows=8108 width=8) (actual time=2969.927..2969.927 rows=390 loops=1)
        Buckets: 8192  Batches: 1  Memory Usage: 80kB
        ->  Hash Join  (cost=73982.55..160721.67 rows=8108 width=8) (actual time=1749.499..2969.594 rows=390 loops=1)
              Hash Cond: (mk.movie_id = t.id)
              ->  Seq Scan on movie_keyword mk  (cost=0.00..69693.30 rows=4523930 width=4) (actual time=0.028..1025.119 rows=4523930 loops=1)
              ->  Hash  (cost=73925.90..73925.90 rows=4532 width=4) (actual time=1168.756..1168.756 rows=1196 loops=1)
                    Buckets: 8192  Batches: 1  Memory Usage: 107kB
                    ->  Seq Scan on title t  (cost=0.00..73925.90 rows=4532 width=4) (actual time=0.047..1167.963 rows=1196 loops=1)
                          Filter: ((kind_id = 7) AND (production_year = 1949))
                          Rows Removed by Filter: 2527116
Planning time: 1.155 ms
Execution time: 9782.994 ms
