Hash Join  (cost=1351067.04..2871008.56 rows=76760877 width=0) (actual time=32699.988..91919.282 rows=171986333 loops=1)
  Hash Cond: (mi.movie_id = t.id)
  ->  Seq Scan on movie_info mi  (cost=0.00..309384.22 rows=14739122 width=4) (actual time=0.016..6466.746 rows=14835720 loops=1)
  ->  Hash  (cost=1135020.94..1135020.94 rows=13168488 width=8) (actual time=32695.688..32695.688 rows=13291109 loops=1)
        Buckets: 131072  Batches: 256  Memory Usage: 3113kB
        ->  Hash Join  (cost=102767.86..1135020.94 rows=13168488 width=8) (actual time=3527.224..28882.804 rows=13291109 loops=1)
              Hash Cond: (ci.movie_id = t.id)
              ->  Seq Scan on cast_info ci  (cost=0.00..705507.15 rows=13168488 width=4) (actual time=1455.615..13680.515 rows=13291109 loops=1)
                    Filter: (person_id > 2343714)
                    Rows Removed by Filter: 22953235
              ->  Hash  (cost=61283.27..61283.27 rows=2528527 width=4) (actual time=2070.284..2070.284 rows=2528312 loops=1)
                    Buckets: 131072  Batches: 64  Memory Usage: 2415kB
                    ->  Seq Scan on title t  (cost=0.00..61283.27 rows=2528527 width=4) (actual time=0.025..1186.375 rows=2528312 loops=1)
Planning time: 1.244 ms
Execution time: 110803.383 ms
