Hash Join  (cost=111902.97..166858.30 rows=28981 width=0) (actual time=2057.943..3366.440 rows=35966 loops=1)
  Hash Cond: (mc.movie_id = t.id)
  ->  Seq Scan on movie_companies mc  (cost=0.00..44881.29 rows=2609129 width=4) (actual time=0.018..724.773 rows=2609129 loops=1)
  ->  Hash  (cost=111551.89..111551.89 rows=28086 width=8) (actual time=2057.415..2057.415 rows=13746 loops=1)
        Buckets: 32768  Batches: 1  Memory Usage: 793kB
        ->  Hash Join  (cost=75199.97..111551.89 rows=28086 width=8) (actual time=1327.662..2052.787 rows=13746 loops=1)
              Hash Cond: (mi_idx.movie_id = t.id)
              ->  Seq Scan on movie_info_idx mi_idx  (cost=0.00..25185.44 rows=915101 width=4) (actual time=0.018..555.551 rows=919850 loops=1)
                    Filter: (info_type_id < 101)
                    Rows Removed by Filter: 460185
              ->  Hash  (cost=73925.90..73925.90 rows=77605 width=4) (actual time=1176.132..1176.132 rows=84684 loops=1)
                    Buckets: 131072  Batches: 2  Memory Usage: 2512kB
                    ->  Seq Scan on title t  (cost=0.00..73925.90 rows=77605 width=4) (actual time=0.015..1141.835 rows=84684 loops=1)
                          Filter: ((kind_id = 7) AND (production_year = 2009))
                          Rows Removed by Filter: 2443628
Planning time: 1.128 ms
Execution time: 3373.958 ms
