Seq Scan on movie_companies mc  (cost=0.00..51404.11 rows=104 width=0) (actual time=635.076..908.547 rows=3 loops=1)
  Filter: (company_id = 107757)
  Rows Removed by Filter: 2609126
Planning time: 0.387 ms
Execution time: 908.628 ms
