Seq Scan on cast_info ci  (cost=0.00..796071.18 rows=7012726 width=0) (actual time=4518.022..14238.829 rows=10858179 loops=1)
  Filter: ((person_id > 2057147) AND (role_id > 2))
  Rows Removed by Filter: 25386165
Planning time: 0.369 ms
Execution time: 15603.840 ms
