Seq Scan on movie_keyword mk  (cost=0.00..81003.12 rows=246 width=0) (actual time=93.909..1217.521 rows=6 loops=1)
  Filter: (keyword_id = 34459)
  Rows Removed by Filter: 4523924
Planning time: 0.317 ms
Execution time: 1217.609 ms
