Hash Join  (cost=80562.70..187096.09 rows=477336 width=0) (actual time=1432.940..3792.509 rows=285891 loops=1)
  Hash Cond: (mk.movie_id = t.id)
  ->  Seq Scan on movie_keyword mk  (cost=0.00..81003.12 rows=1528242 width=4) (actual time=0.010..1498.404 rows=1538995 loops=1)
        Filter: (keyword_id < 2256)
        Rows Removed by Filter: 2984935
  ->  Hash  (cost=67604.59..67604.59 rows=789769 width=4) (actual time=1431.782..1431.782 rows=784926 loops=1)
        Buckets: 131072  Batches: 16  Memory Usage: 2756kB
        ->  Seq Scan on title t  (cost=0.00..67604.59 rows=789769 width=4) (actual time=0.022..1174.381 rows=784926 loops=1)
              Filter: (production_year > 2007)
              Rows Removed by Filter: 1743386
Planning time: 0.721 ms
Execution time: 3824.090 ms
