Seq Scan on movie_keyword mk  (cost=0.00..81003.12 rows=1471326 width=0) (actual time=0.026..1355.942 rows=1483349 loops=1)
  Filter: (keyword_id > 11034)
  Rows Removed by Filter: 3040581
Planning time: 0.312 ms
Execution time: 1548.465 ms
