Hash Join  (cost=141054.66..228771.60 rows=105891 width=0) (actual time=3018.701..5542.104 rows=575850 loops=1)
  Hash Cond: (mk.movie_id = t.id)
  ->  Seq Scan on movie_keyword mk  (cost=0.00..69693.30 rows=4523930 width=4) (actual time=0.021..1028.059 rows=4523930 loops=1)
  ->  Hash  (cost=140314.84..140314.84 rows=59185 width=8) (actual time=3017.792..3017.792 rows=105876 loops=1)
        Buckets: 131072 (originally 65536)  Batches: 2 (originally 1)  Memory Usage: 3094kB
        ->  Hash Join  (cost=76444.38..140314.84 rows=59185 width=8) (actual time=1578.043..2977.198 rows=105876 loops=1)
              Hash Cond: (mc.movie_id = t.id)
              ->  Seq Scan on movie_companies mc  (cost=0.00..51404.11 rows=975067 width=4) (actual time=0.031..928.946 rows=985983 loops=1)
                    Filter: (company_id > 17178)
                    Rows Removed by Filter: 1623146
              ->  Hash  (cost=73925.90..73925.90 rows=153478 width=4) (actual time=1577.193..1577.193 rows=134760 loops=1)
                    Buckets: 131072  Batches: 4  Memory Usage: 2216kB
                    ->  Seq Scan on title t  (cost=0.00..73925.90 rows=153478 width=4) (actual time=0.010..996.017 rows=134760 loops=1)
                          Filter: ((kind_id < 7) AND (production_year > 2010))
                          Rows Removed by Filter: 2393552
Planning time: 6.227 ms
Execution time: 5611.737 ms
