Hash Join  (cost=77312.52..1003047.25 rows=3667827 width=0) (actual time=1308.042..24075.743 rows=3728437 loops=1)
  Hash Cond: (ci.movie_id = t.id)
  ->  Seq Scan on cast_info ci  (cost=0.00..705507.15 rows=15674481 width=4) (actual time=0.025..14420.959 rows=15563313 loops=1)
        Filter: (person_id < 1535342)
        Rows Removed by Filter: 20681031
  ->  Hash  (cost=67604.59..67604.59 rows=591675 width=4) (actual time=1307.092..1307.092 rows=585020 loops=1)
        Buckets: 131072  Batches: 8  Memory Usage: 3586kB
        ->  Seq Scan on title t  (cost=0.00..67604.59 rows=591675 width=4) (actual time=0.022..1117.943 rows=585020 loops=1)
              Filter: (production_year < 1985)
              Rows Removed by Filter: 1943292
Planning time: 0.826 ms
Execution time: 24441.436 ms
