Seq Scan on cast_info ci  (cost=0.00..796071.18 rows=143805 width=0) (actual time=10997.227..11391.737 rows=239155 loops=1)
  Filter: ((person_id > 2142848) AND (role_id > 10))
  Rows Removed by Filter: 36005189
Planning time: 0.379 ms
Execution time: 11406.359 ms
