Seq Scan on movie_keyword mk  (cost=0.00..81003.12 rows=1667848 width=0) (actual time=0.024..1474.969 rows=1678719 loops=1)
  Filter: (keyword_id > 8662)
  Rows Removed by Filter: 2845211
Planning time: 0.300 ms
Execution time: 1691.826 ms
