Hash Join  (cost=214964.44..360747.94 rows=1650459 width=0) (actual time=5518.785..11406.374 rows=6698428 loops=1)
  Hash Cond: (mk.movie_id = t.id)
  ->  Seq Scan on movie_keyword mk  (cost=0.00..81003.12 rows=3804475 width=4) (actual time=0.024..1811.753 rows=3801151 loops=1)
        Filter: (keyword_id < 25936)
        Rows Removed by Filter: 722779
  ->  Hash  (cost=196967.86..196967.86 rows=1096927 width=8) (actual time=5517.571..5517.571 rows=1223687 loops=1)
        Buckets: 131072  Batches: 16  Memory Usage: 4023kB
        ->  Hash Join  (cost=102767.86..196967.86 rows=1096927 width=8) (actual time=1864.274..5128.055 rows=1223687 loops=1)
              Hash Cond: (mc.movie_id = t.id)
              ->  Seq Scan on movie_companies mc  (cost=0.00..57926.93 rows=1096927 width=4) (actual time=25.913..1147.188 rows=1223687 loops=1)
                    Filter: ((company_id > 376) AND (company_type_id = 2))
                    Rows Removed by Filter: 1385442
              ->  Hash  (cost=61283.27..61283.27 rows=2528527 width=4) (actual time=1837.166..1837.166 rows=2528312 loops=1)
                    Buckets: 131072  Batches: 64  Memory Usage: 2415kB
                    ->  Seq Scan on title t  (cost=0.00..61283.27 rows=2528527 width=4) (actual time=0.016..986.640 rows=2528312 loops=1)
Planning time: 1.112 ms
Execution time: 12199.844 ms
