Hash Join  (cost=469012.14..1403057.47 rows=212808 width=0) (actual time=9074.899..28041.619 rows=1561744 loops=1)
  Hash Cond: (ci.movie_id = t.id)
  ->  Seq Scan on cast_info ci  (cost=0.00..614943.12 rows=36225612 width=4) (actual time=0.009..8271.930 rows=36244344 loops=1)
  ->  Hash  (cost=468826.46..468826.46 rows=14854 width=8) (actual time=9074.586..9074.586 rows=55358 loops=1)
        Buckets: 65536 (originally 16384)  Batches: 1 (originally 1)  Memory Usage: 2675kB
        ->  Hash Join  (cost=73962.22..468826.46 rows=14854 width=8) (actual time=1214.201..9047.511 rows=55358 loops=1)
              Hash Cond: (mi.movie_id = t.id)
              ->  Seq Scan on movie_info mi  (cost=0.00..346232.03 rows=12928982 width=4) (actual time=0.019..5642.762 rows=12970088 loops=1)
                    Filter: (info_type_id < 18)
                    Rows Removed by Filter: 1865632
              ->  Hash  (cost=73925.90..73925.90 rows=2905 width=4) (actual time=1211.553..1211.553 rows=6093 loops=1)
                    Buckets: 8192 (originally 4096)  Batches: 1 (originally 1)  Memory Usage: 279kB
                    ->  Seq Scan on title t  (cost=0.00..73925.90 rows=2905 width=4) (actual time=0.061..1208.455 rows=6093 loops=1)
                          Filter: ((kind_id < 7) AND (production_year = 1977))
                          Rows Removed by Filter: 2522219
Planning time: 1.214 ms
Execution time: 28236.867 ms
