Seq Scan on movie_keyword mk  (cost=0.00..81003.12 rows=246 width=0) (actual time=545.773..1294.103 rows=1 loops=1)
  Filter: (keyword_id = 63800)
  Rows Removed by Filter: 4523929
Planning time: 0.304 ms
Execution time: 1294.189 ms
