Seq Scan on movie_companies mc  (cost=0.00..57926.93 rows=53 width=0) (actual time=10.368..870.338 rows=131 loops=1)
  Filter: ((company_id = 71819) AND (company_type_id = 2))
  Rows Removed by Filter: 2608998
Planning time: 0.390 ms
Execution time: 870.455 ms
