Hash Join  (cost=77718.01..177081.64 rows=127889 width=0) (actual time=1335.707..3606.266 rows=408920 loops=1)
  Hash Cond: (mk.movie_id = t.id)
  ->  Seq Scan on movie_keyword mk  (cost=0.00..81003.12 rows=1399099 width=4) (actual time=0.020..1606.578 rows=1412953 loops=1)
        Filter: (keyword_id > 11824)
        Rows Removed by Filter: 3110977
  ->  Hash  (cost=73925.90..73925.90 rows=231128 width=4) (actual time=1334.827..1334.827 rows=341868 loops=1)
        Buckets: 131072  Batches: 4  Memory Usage: 4038kB
        ->  Seq Scan on title t  (cost=0.00..73925.90 rows=231128 width=4) (actual time=0.050..1218.403 rows=341868 loops=1)
              Filter: ((kind_id < 7) AND (production_year < 1985))
              Rows Removed by Filter: 2186444
Planning time: 0.808 ms
Execution time: 3648.616 ms
