Hash Join  (cost=439429.56..569473.48 rows=195897 width=0) (actual time=8207.413..11174.716 rows=1053914 loops=1)
  Hash Cond: (mk.movie_id = t.id)
  ->  Seq Scan on movie_keyword mk  (cost=0.00..69693.30 rows=4523930 width=4) (actual time=2.076..1424.051 rows=4523930 loops=1)
  ->  Hash  (cost=437632.93..437632.93 rows=109491 width=8) (actual time=8201.860..8201.860 rows=93824 loops=1)
        Buckets: 131072  Batches: 2  Memory Usage: 2861kB
        ->  Hash Join  (cost=68191.41..437632.93 rows=109491 width=8) (actual time=2060.879..8156.869 rows=93824 loops=1)
              Hash Cond: (mi.movie_id = t.id)
              ->  Seq Scan on movie_info mi  (cost=0.00..346232.03 rows=5897221 width=4) (actual time=949.795..5509.260 rows=5884963 loops=1)
                    Filter: (info_type_id < 7)
                    Rows Removed by Filter: 8950757
              ->  Hash  (cost=67604.59..67604.59 rows=46946 width=4) (actual time=1094.337..1094.337 rows=46583 loops=1)
                    Buckets: 65536  Batches: 1  Memory Usage: 2150kB
                    ->  Seq Scan on title t  (cost=0.00..67604.59 rows=46946 width=4) (actual time=0.049..1074.520 rows=46583 loops=1)
                          Filter: (production_year = 1998)
                          Rows Removed by Filter: 2481729
Planning time: 1.116 ms
Execution time: 11295.099 ms
