Seq Scan on movie_companies mc  (cost=0.00..51404.11 rows=237441 width=0) (actual time=363.471..858.809 rows=239833 loops=1)
  Filter: (company_id > 103175)
  Rows Removed by Filter: 2369296
Planning time: 0.313 ms
Execution time: 890.313 ms
