Hash Join  (cost=74251.74..820490.92 rows=108981 width=0) (actual time=5426.583..15843.433 rows=156076 loops=1)
  Hash Cond: (ci.movie_id = t.id)
  ->  Seq Scan on cast_info ci  (cost=0.00..705507.15 rows=10571259 width=4) (actual time=4230.990..11634.104 rows=10575089 loops=1)
        Filter: (person_id > 2651113)
        Rows Removed by Filter: 25669255
  ->  Hash  (cost=73925.90..73925.90 rows=26067 width=4) (actual time=1195.087..1195.087 rows=27085 loops=1)
        Buckets: 32768  Batches: 1  Memory Usage: 1209kB
        ->  Seq Scan on title t  (cost=0.00..73925.90 rows=26067 width=4) (actual time=0.033..1184.045 rows=27085 loops=1)
              Filter: ((kind_id < 7) AND (production_year > 2012))
              Rows Removed by Filter: 2501227
Planning time: 0.837 ms
Execution time: 15868.786 ms
