Hash Join  (cost=192486.42..329805.12 rows=1257167 width=0) (actual time=4108.325..8997.480 rows=6791733 loops=1)
  Hash Cond: (mk.movie_id = t.id)
  ->  Seq Scan on movie_keyword mk  (cost=0.00..69693.30 rows=4523930 width=4) (actual time=0.026..1390.605 rows=4523930 loops=1)
  ->  Hash  (cost=180958.18..180958.18 rows=702659 width=8) (actual time=4106.879..4106.879 rows=691943 loops=1)
        Buckets: 131072  Batches: 16  Memory Usage: 2734kB
        ->  Hash Join  (cost=102767.86..180958.18 rows=702659 width=8) (actual time=1953.290..3919.934 rows=691943 loops=1)
              Hash Cond: (mc.movie_id = t.id)
              ->  Seq Scan on movie_companies mc  (cost=0.00..51404.11 rows=702659 width=4) (actual time=0.030..1032.371 rows=691943 loops=1)
                    Filter: (company_id < 1283)
                    Rows Removed by Filter: 1917186
              ->  Hash  (cost=61283.27..61283.27 rows=2528527 width=4) (actual time=1952.130..1952.130 rows=2528312 loops=1)
                    Buckets: 131072  Batches: 64  Memory Usage: 2415kB
                    ->  Seq Scan on title t  (cost=0.00..61283.27 rows=2528527 width=4) (actual time=0.023..1110.483 rows=2528312 loops=1)
Planning time: 8.383 ms
Execution time: 9745.577 ms
