Seq Scan on movie_keyword mk  (cost=0.00..81003.12 rows=3799407 width=0) (actual time=0.020..1636.628 rows=3794231 loops=1)
  Filter: (keyword_id < 25719)
  Rows Removed by Filter: 729699
Planning time: 0.319 ms
Execution time: 2118.135 ms
