Hash Join  (cost=76690.42..153412.07 rows=264817 width=0) (actual time=1640.559..3217.257 rows=372699 loops=1)
  Hash Cond: (mc.movie_id = t.id)
  ->  Seq Scan on movie_companies mc  (cost=0.00..57926.93 rows=1209210 width=4) (actual time=284.030..1115.910 rows=1096688 loops=1)
        Filter: ((company_id < 103470) AND (company_type_id = 2))
        Rows Removed by Filter: 1512441
  ->  Hash  (cost=67604.59..67604.59 rows=553747 width=4) (actual time=1355.646..1355.646 rows=552960 loops=1)
        Buckets: 131072  Batches: 8  Memory Usage: 3445kB
        ->  Seq Scan on title t  (cost=0.00..67604.59 rows=553747 width=4) (actual time=0.016..1164.163 rows=552960 loops=1)
              Filter: (production_year < 1983)
              Rows Removed by Filter: 1975352
Planning time: 0.759 ms
Execution time: 3261.936 ms
