Hash Join  (cost=149677.26..637426.34 rows=744415 width=0) (actual time=2690.708..13924.796 rows=497689 loops=1)
  Hash Cond: (mi.movie_id = t.id)
  ->  Seq Scan on movie_info mi  (cost=0.00..309384.22 rows=14739122 width=4) (actual time=0.018..6077.540 rows=14835720 loops=1)
  ->  Hash  (cost=147581.94..147581.94 rows=127706 width=8) (actual time=2689.812..2689.812 rows=49727 loops=1)
        Buckets: 131072  Batches: 2  Memory Usage: 1996kB
        ->  Hash Join  (cost=80562.70..147581.94 rows=127706 width=8) (actual time=2034.831..2675.264 rows=49727 loops=1)
              Hash Cond: (mc.movie_id = t.id)
              ->  Seq Scan on movie_companies mc  (cost=0.00..57926.93 rows=408865 width=4) (actual time=531.988..954.451 rows=230898 loops=1)
                    Filter: ((company_id < 1723) AND (company_type_id = 2))
                    Rows Removed by Filter: 2378231
              ->  Hash  (cost=67604.59..67604.59 rows=789769 width=4) (actual time=1501.994..1501.994 rows=784926 loops=1)
                    Buckets: 131072  Batches: 16  Memory Usage: 2749kB
                    ->  Seq Scan on title t  (cost=0.00..67604.59 rows=789769 width=4) (actual time=0.030..1246.280 rows=784926 loops=1)
                          Filter: (production_year > 2007)
                          Rows Removed by Filter: 1743386
Planning time: 1.237 ms
Execution time: 13993.808 ms
