Hash Join  (cost=58358.90..85247.40 rows=9 width=0) (actual time=1325.494..1428.287 rows=2 loops=1)
  Hash Cond: (mi_idx.movie_id = t.id)
  ->  Seq Scan on movie_info_idx mi_idx  (cost=0.00..25185.44 rows=454124 width=4) (actual time=0.018..443.206 rows=459925 loops=1)
        Filter: (info_type_id = 100)
        Rows Removed by Filter: 920110
  ->  Hash  (cost=58358.27..58358.27 rows=51 width=8) (actual time=916.968..916.968 rows=227 loops=1)
        Buckets: 1024  Batches: 1  Memory Usage: 17kB
        ->  Nested Loop  (cost=0.43..58358.27 rows=51 width=8) (actual time=62.655..916.808 rows=227 loops=1)
              ->  Seq Scan on movie_companies mc  (cost=0.00..57926.93 rows=51 width=4) (actual time=62.564..909.107 rows=227 loops=1)
                    Filter: ((company_id = 629) AND (company_type_id = 1))
                    Rows Removed by Filter: 2608902
              ->  Index Only Scan using title_pkey on title t  (cost=0.43..8.45 rows=1 width=4) (actual time=0.033..0.033 rows=1 loops=227)
                    Index Cond: (id = mc.movie_id)
                    Heap Fetches: 227
Planning time: 0.877 ms
Execution time: 1428.381 ms
