Hash Join  (cost=158207.80..522952.57 rows=8882 width=0) (actual time=2712.854..9738.202 rows=8578 loops=1)
  Hash Cond: (mi.movie_id = t.id)
  ->  Seq Scan on movie_info mi  (cost=0.00..309384.22 rows=14739122 width=4) (actual time=0.013..4265.027 rows=14835720 loops=1)
  ->  Hash  (cost=158188.75..158188.75 rows=1524 width=8) (actual time=2712.761..2712.761 rows=841 loops=1)
        Buckets: 2048  Batches: 1  Memory Usage: 49kB
        ->  Hash Join  (cost=73982.55..158188.75 rows=1524 width=8) (actual time=1903.034..2712.230 rows=841 loops=1)
              Hash Cond: (mk.movie_id = t.id)
              ->  Seq Scan on movie_keyword mk  (cost=0.00..81003.12 rows=850088 width=4) (actual time=0.015..1346.393 rows=854176 loops=1)
                    Filter: (keyword_id < 816)
                    Rows Removed by Filter: 3669754
              ->  Hash  (cost=73925.90..73925.90 rows=4532 width=4) (actual time=1194.150..1194.150 rows=11588 loops=1)
                    Buckets: 16384 (originally 8192)  Batches: 1 (originally 1)  Memory Usage: 536kB
                    ->  Seq Scan on title t  (cost=0.00..73925.90 rows=4532 width=4) (actual time=0.126..1188.381 rows=11588 loops=1)
                          Filter: ((kind_id = 7) AND (production_year = 1986))
                          Rows Removed by Filter: 2516724
Planning time: 1.158 ms
Execution time: 9739.802 ms
