Hash Join  (cost=107058.56..754861.28 rows=14017889 width=0) (actual time=2199.142..20269.090 rows=14123685 loops=1)
  Hash Cond: (mi.movie_id = t.id)
  ->  Seq Scan on movie_info mi  (cost=0.00..309384.22 rows=14739122 width=4) (actual time=0.021..5825.867 rows=14835720 loops=1)
  ->  Hash  (cost=67604.59..67604.59 rows=2404798 width=4) (actual time=2197.768..2197.768 rows=2396371 loops=1)
        Buckets: 131072  Batches: 32  Memory Usage: 3667kB
        ->  Seq Scan on title t  (cost=0.00..67604.59 rows=2404798 width=4) (actual time=0.019..1405.618 rows=2396371 loops=1)
              Filter: (production_year > 1914)
              Rows Removed by Filter: 131941
Planning time: 6.159 ms
Execution time: 21791.549 ms
