Hash Join  (cost=73952.40..577821.21 rows=2255088 width=0) (actual time=1205.838..14994.079 rows=3564659 loops=1)
  Hash Cond: (mi.movie_id = t.id)
  ->  Seq Scan on movie_info mi  (cost=0.00..309384.22 rows=14739122 width=4) (actual time=0.030..6034.757 rows=14835720 loops=1)
  ->  Hash  (cost=67604.59..67604.59 rows=386865 width=4) (actual time=1204.905..1204.905 rows=381430 loops=1)
        Buckets: 131072  Batches: 8  Memory Usage: 2699kB
        ->  Seq Scan on title t  (cost=0.00..67604.59 rows=386865 width=4) (actual time=0.023..1072.026 rows=381430 loops=1)
              Filter: (production_year < 1971)
              Rows Removed by Filter: 2146882
Planning time: 0.783 ms
Execution time: 15411.940 ms
