Nested Loop  (cost=0.43..52283.95 rows=5 width=0) (actual time=244.991..891.433 rows=4 loops=1)
  ->  Seq Scan on movie_companies mc  (cost=0.00..51404.11 rows=104 width=4) (actual time=9.097..886.321 rows=166 loops=1)
        Filter: (company_id = 10635)
        Rows Removed by Filter: 2608963
  ->  Index Scan using title_pkey on title t  (cost=0.43..8.45 rows=1 width=4) (actual time=0.029..0.029 rows=0 loops=166)
        Index Cond: (id = mc.movie_id)
        Filter: (production_year = 2009)
        Rows Removed by Filter: 1
Planning time: 0.737 ms
Execution time: 891.569 ms
