Seq Scan on movie_companies mc  (cost=0.00..57926.93 rows=840344 width=0) (actual time=400.311..1158.429 rows=1151684 loops=1)
  Filter: ((company_id < 21218) AND (company_type_id = 1))
  Rows Removed by Filter: 1457445
Planning time: 0.368 ms
Execution time: 1303.487 ms
