Hash Join  (cost=195500.74..1065504.40 rows=753253 width=0) (actual time=3872.482..23163.165 rows=135104 loops=1)
  Hash Cond: (ci.movie_id = t.id)
  ->  Seq Scan on cast_info ci  (cost=0.00..705507.15 rows=12203201 width=4) (actual time=0.014..14095.464 rows=12113646 loops=1)
        Filter: (role_id > 3)
        Rows Removed by Filter: 24130698
  ->  Hash  (cost=192939.80..192939.80 rows=156075 width=8) (actual time=3846.971..3846.971 rows=42217 loops=1)
        Buckets: 131072  Batches: 4  Memory Usage: 1432kB
        ->  Hash Join  (cost=69036.01..192939.80 rows=156075 width=8) (actual time=1341.870..3831.318 rows=42217 loops=1)
              Hash Cond: (mk.movie_id = t.id)
              ->  Seq Scan on movie_keyword mk  (cost=0.00..69693.30 rows=4523930 width=4) (actual time=0.013..1398.389 rows=4523930 loops=1)
              ->  Hash  (cost=67604.59..67604.59 rows=87234 width=4) (actual time=1166.906..1166.906 rows=85260 loops=1)
                    Buckets: 131072  Batches: 2  Memory Usage: 2526kB
                    ->  Seq Scan on title t  (cost=0.00..67604.59 rows=87234 width=4) (actual time=60.090..1134.258 rows=85260 loops=1)
                          Filter: (production_year < 1920)
                          Rows Removed by Filter: 2443052
Planning time: 1.164 ms
Execution time: 23180.935 ms
