Seq Scan on movie_keyword mk  (cost=0.00..81003.12 rows=246 width=0) (actual time=22.847..1302.591 rows=56 loops=1)
  Filter: (keyword_id = 17866)
  Rows Removed by Filter: 4523874
Planning time: 0.373 ms
Execution time: 1302.718 ms
