Hash Join  (cost=73990.12..128708.65 rows=5301 width=0) (actual time=1006.073..2067.212 rows=8432 loops=1)
  Hash Cond: (mc.movie_id = t.id)
  ->  Seq Scan on movie_companies mc  (cost=0.00..44881.29 rows=2609129 width=4) (actual time=0.020..639.013 rows=2609129 loops=1)
  ->  Hash  (cost=73925.90..73925.90 rows=5137 width=4) (actual time=925.955..925.955 rows=3640 loops=1)
        Buckets: 8192  Batches: 1  Memory Usage: 192kB
        ->  Seq Scan on title t  (cost=0.00..73925.90 rows=5137 width=4) (actual time=0.738..923.797 rows=3640 loops=1)
              Filter: ((kind_id = 3) AND (production_year = 2008))
              Rows Removed by Filter: 2524672
Planning time: 0.913 ms
Execution time: 2068.813 ms
