Hash Join  (cost=52284.44..416941.41 rows=105 width=0) (actual time=968.601..7734.777 rows=448 loops=1)
  Hash Cond: (mi.movie_id = t.id)
  ->  Seq Scan on movie_info mi  (cost=0.00..309384.22 rows=14739122 width=4) (actual time=0.010..4180.095 rows=14835720 loops=1)
  ->  Hash  (cost=52284.21..52284.21 rows=18 width=8) (actual time=885.623..885.623 rows=7 loops=1)
        Buckets: 1024  Batches: 1  Memory Usage: 9kB
        ->  Nested Loop  (cost=0.43..52284.21 rows=18 width=8) (actual time=243.324..885.604 rows=7 loops=1)
              ->  Seq Scan on movie_companies mc  (cost=0.00..51404.11 rows=104 width=4) (actual time=1.803..848.989 rows=1081 loops=1)
                    Filter: (company_id = 6083)
                    Rows Removed by Filter: 2608048
              ->  Index Scan using title_pkey on title t  (cost=0.43..8.45 rows=1 width=4) (actual time=0.033..0.033 rows=0 loops=1081)
                    Index Cond: (id = mc.movie_id)
                    Filter: ((kind_id < 2) AND (production_year < 2008))
                    Rows Removed by Filter: 1
Planning time: 6.172 ms
Execution time: 7735.094 ms
