Nested Loop  (cost=0.43..52283.69 rows=104 width=0) (actual time=1.465..939.086 rows=523 loops=1)
  ->  Seq Scan on movie_companies mc  (cost=0.00..51404.11 rows=104 width=4) (actual time=1.411..918.237 rows=523 loops=1)
        Filter: (company_id = 11164)
        Rows Removed by Filter: 2608606
  ->  Index Only Scan using title_pkey on title t  (cost=0.43..8.45 rows=1 width=4) (actual time=0.038..0.039 rows=1 loops=523)
        Index Cond: (id = mc.movie_id)
        Heap Fetches: 523
Planning time: 0.761 ms
Execution time: 939.334 ms
