Hash Join  (cost=68449.54..881450.26 rows=715316 width=0) (actual time=1127.010..23551.762 rows=757969 loops=1)
  Hash Cond: (ci.movie_id = t.id)
  ->  Seq Scan on cast_info ci  (cost=0.00..705507.15 rows=26757444 width=4) (actual time=0.032..14951.785 rows=26859641 loops=1)
        Filter: (role_id < 5)
        Rows Removed by Filter: 9384703
  ->  Hash  (cost=67604.59..67604.59 rows=67596 width=4) (actual time=1126.238..1126.238 rows=67777 loops=1)
        Buckets: 131072  Batches: 1  Memory Usage: 3407kB
        ->  Seq Scan on title t  (cost=0.00..67604.59 rows=67596 width=4) (actual time=0.034..1098.604 rows=67777 loops=1)
              Filter: (production_year = 2003)
              Rows Removed by Filter: 2460535
Planning time: 0.807 ms
Execution time: 23653.267 ms
