Seq Scan on movie_companies mc  (cost=0.00..57926.93 rows=912578 width=0) (actual time=0.021..1122.373 rows=590873 loops=1)
  Filter: ((company_id < 27702) AND (company_type_id = 2))
  Rows Removed by Filter: 2018256
Planning time: 0.356 ms
Execution time: 1194.940 ms
