Hash Join  (cost=83073.24..431075.23 rows=14 width=0) (actual time=1716.347..6748.218 rows=64 loops=1)
  Hash Cond: (mi.movie_id = t.id)
  ->  Seq Scan on movie_info mi  (cost=0.00..346232.03 rows=471955 width=4) (actual time=424.411..5449.981 rows=543367 loops=1)
        Filter: (info_type_id > 98)
        Rows Removed by Filter: 14292353
  ->  Hash  (cost=83072.29..83072.29 rows=76 width=8) (actual time=1225.993..1225.993 rows=44 loops=1)
        Buckets: 1024  Batches: 1  Memory Usage: 10kB
        ->  Nested Loop  (cost=0.43..83072.29 rows=76 width=8) (actual time=14.124..1225.897 rows=44 loops=1)
              ->  Seq Scan on movie_keyword mk  (cost=0.00..81003.12 rows=246 width=4) (actual time=14.060..1215.888 rows=77 loops=1)
                    Filter: (keyword_id = 8316)
                    Rows Removed by Filter: 4523853
              ->  Index Scan using title_pkey on title t  (cost=0.43..8.40 rows=1 width=4) (actual time=0.124..0.124 rows=1 loops=77)
                    Index Cond: (id = mk.movie_id)
                    Filter: (production_year < 1994)
                    Rows Removed by Filter: 0
Planning time: 1.153 ms
Execution time: 6748.355 ms
