Hash Join  (cost=246032.46..1470330.67 rows=18543805 width=0) (actual time=5522.292..53726.378 rows=61090291 loops=1)
  Hash Cond: (ci.movie_id = t.id)
  ->  Seq Scan on cast_info ci  (cost=0.00..614943.12 rows=36225612 width=4) (actual time=0.020..13336.945 rows=36244344 loops=1)
  ->  Hash  (cost=224796.12..224796.12 rows=1294347 width=8) (actual time=5521.004..5521.004 rows=1306296 loops=1)
        Buckets: 131072  Batches: 32  Memory Usage: 2609kB
        ->  Hash Join  (cost=102767.86..224796.12 rows=1294347 width=8) (actual time=2107.044..5116.718 rows=1306296 loops=1)
              Hash Cond: (mk.movie_id = t.id)
              ->  Seq Scan on movie_keyword mk  (cost=0.00..81003.12 rows=1294347 width=4) (actual time=0.024..1427.673 rows=1306296 loops=1)
                    Filter: (keyword_id > 13448)
                    Rows Removed by Filter: 3217634
              ->  Hash  (cost=61283.27..61283.27 rows=2528527 width=4) (actual time=2104.538..2104.538 rows=2528312 loops=1)
                    Buckets: 131072  Batches: 64  Memory Usage: 2425kB
                    ->  Seq Scan on title t  (cost=0.00..61283.27 rows=2528527 width=4) (actual time=0.019..1245.420 rows=2528312 loops=1)
Planning time: 1.121 ms
Execution time: 60097.244 ms
