Hash Join  (cost=475728.01..613878.28 rows=1325423 width=0) (actual time=8950.902..12774.992 rows=1884772 loops=1)
  Hash Cond: (mk.movie_id = t.id)
  ->  Seq Scan on movie_keyword mk  (cost=0.00..69693.30 rows=4523930 width=4) (actual time=0.013..1534.080 rows=4523930 loops=1)
  ->  Hash  (cost=463573.90..463573.90 rows=740809 width=8) (actual time=8949.799..8949.799 rows=650820 loops=1)
        Buckets: 131072  Batches: 16  Memory Usage: 2607kB
        ->  Hash Join  (cost=82423.69..463573.90 rows=740809 width=8) (actual time=4257.171..8741.780 rows=650820 loops=1)
              Hash Cond: (mi.movie_id = t.id)
              ->  Seq Scan on movie_info mi  (cost=0.00..346232.03 rows=2073893 width=4) (actual time=2879.442..5744.757 rows=2091068 loops=1)
                    Filter: (info_type_id < 3)
                    Rows Removed by Filter: 12744652
              ->  Hash  (cost=67604.59..67604.59 rows=903208 width=4) (actual time=1376.803..1376.803 rows=904491 loops=1)
                    Buckets: 131072  Batches: 16  Memory Usage: 3017kB
                    ->  Seq Scan on title t  (cost=0.00..67604.59 rows=903208 width=4) (actual time=0.026..1085.732 rows=904491 loops=1)
                          Filter: (production_year > 2006)
                          Rows Removed by Filter: 1623821
Planning time: 1.174 ms
Execution time: 12962.936 ms
