Hash Join  (cost=236045.94..1175917.48 rows=3685383 width=0) (actual time=5472.183..32371.004 rows=17675663 loops=1)
  Hash Cond: (ci.movie_id = t.id)
  ->  Seq Scan on cast_info ci  (cost=0.00..796071.18 rows=8895341 width=4) (actual time=0.018..16694.781 rows=9104093 loops=1)
        Filter: ((person_id > 209027) AND (role_id > 4))
        Rows Removed by Filter: 27140251
  ->  Hash  (cost=218858.17..218858.17 rows=1047581 width=8) (actual time=5471.268..5471.268 rows=1058093 loops=1)
        Buckets: 131072  Batches: 16  Memory Usage: 3666kB
        ->  Hash Join  (cost=102767.86..218858.17 rows=1047581 width=8) (actual time=2004.354..5182.283 rows=1058093 loops=1)
              Hash Cond: (mk.movie_id = t.id)
              ->  Seq Scan on movie_keyword mk  (cost=0.00..81003.12 rows=1047581 width=4) (actual time=0.014..1414.010 rows=1058093 loops=1)
                    Filter: (keyword_id > 16680)
                    Rows Removed by Filter: 3465837
              ->  Hash  (cost=61283.27..61283.27 rows=2528527 width=4) (actual time=2002.688..2002.688 rows=2528312 loops=1)
                    Buckets: 131072  Batches: 64  Memory Usage: 2425kB
                    ->  Seq Scan on title t  (cost=0.00..61283.27 rows=2528527 width=4) (actual time=0.012..1138.175 rows=2528312 loops=1)
Planning time: 1.156 ms
Execution time: 34352.195 ms
