Hash Join  (cost=74050.79..202354.69 rows=542158 width=0) (actual time=1224.949..4293.825 rows=237589 loops=1)
  Hash Cond: (mk.movie_id = t.id)
  ->  Seq Scan on movie_keyword mk  (cost=0.00..81003.12 rows=3489119 width=4) (actual time=0.017..1638.160 rows=3486850 loops=1)
        Filter: (keyword_id > 1025)
        Rows Removed by Filter: 1037080
  ->  Hash  (cost=67604.59..67604.59 rows=392896 width=4) (actual time=1222.075..1222.075 rows=391666 loops=1)
        Buckets: 131072  Batches: 8  Memory Usage: 2759kB
        ->  Seq Scan on title t  (cost=0.00..67604.59 rows=392896 width=4) (actual time=0.017..1087.161 rows=391666 loops=1)
              Filter: (production_year > 2010)
              Rows Removed by Filter: 2136646
Planning time: 0.771 ms
Execution time: 4320.552 ms
