Seq Scan on movie_keyword mk  (cost=0.00..81003.12 rows=2637279 width=0) (actual time=0.011..1518.610 rows=2624838 loops=1)
  Filter: (keyword_id > 3253)
  Rows Removed by Filter: 1899092
Planning time: 0.351 ms
Execution time: 1836.407 ms
