Seq Scan on movie_keyword mk  (cost=0.00..81003.12 rows=246 width=0) (actual time=4.801..1210.908 rows=220 loops=1)
  Filter: (keyword_id = 10466)
  Rows Removed by Filter: 4523710
Planning time: 2.502 ms
Execution time: 1211.145 ms
