Hash Join  (cost=67865.34..94889.67 rows=11385 width=0) (actual time=1307.026..1702.142 rows=7386 loops=1)
  Hash Cond: (mi_idx.movie_id = t.id)
  ->  Seq Scan on movie_info_idx mi_idx  (cost=0.00..21735.35 rows=1380035 width=4) (actual time=0.017..324.946 rows=1380035 loops=1)
  ->  Hash  (cost=67604.59..67604.59 rows=20860 width=4) (actual time=1065.980..1065.980 rows=18379 loops=1)
        Buckets: 32768  Batches: 1  Memory Usage: 903kB
        ->  Seq Scan on title t  (cost=0.00..67604.59 rows=20860 width=4) (actual time=99.207..1058.636 rows=18379 loops=1)
              Filter: (production_year < 1908)
              Rows Removed by Filter: 2509933
Planning time: 0.756 ms
Execution time: 1703.399 ms
