Hash Join  (cost=102767.86..243723.57 rows=2081021 width=0) (actual time=1950.780..5939.838 rows=2091853 loops=1)
  Hash Cond: (mk.movie_id = t.id)
  ->  Seq Scan on movie_keyword mk  (cost=0.00..81003.12 rows=2081021 width=4) (actual time=0.023..1603.278 rows=2091853 loops=1)
        Filter: (keyword_id < 3742)
        Rows Removed by Filter: 2432077
  ->  Hash  (cost=61283.27..61283.27 rows=2528527 width=4) (actual time=1949.281..1949.281 rows=2528312 loops=1)
        Buckets: 131072  Batches: 64  Memory Usage: 2425kB
        ->  Seq Scan on title t  (cost=0.00..61283.27 rows=2528527 width=4) (actual time=0.031..1057.064 rows=2528312 loops=1)
Planning time: 0.736 ms
Execution time: 6198.138 ms
