Nested Loop  (cost=0.43..797958.78 rows=93 width=0) (actual time=9434.537..14128.315 rows=93 loops=1)
  ->  Seq Scan on cast_info ci  (cost=0.00..796071.18 rows=224 width=4) (actual time=9434.421..14126.545 rows=94 loops=1)
        Filter: ((role_id > 2) AND (person_id = 3268894))
        Rows Removed by Filter: 36244250
  ->  Index Scan using title_pkey on title t  (cost=0.43..8.42 rows=1 width=4) (actual time=0.017..0.018 rows=1 loops=94)
        Index Cond: (id = ci.movie_id)
        Filter: ((kind_id > 1) AND (production_year > 1999))
        Rows Removed by Filter: 0
Planning time: 0.810 ms
Execution time: 14128.466 ms
