Hash Join  (cost=277441.67..1674232.44 rows=30927256 width=0) (actual time=6108.699..43549.148 rows=19776350 loops=1)
  Hash Cond: (ci.movie_id = t.id)
  ->  Seq Scan on cast_info ci  (cost=0.00..614943.12 rows=36225612 width=4) (actual time=0.024..13495.113 rows=36244344 loops=1)
  ->  Hash  (cost=242024.85..242024.85 rows=2158705 width=8) (actual time=6107.518..6107.518 rows=534961 loops=1)
        Buckets: 131072  Batches: 32  Memory Usage: 1691kB
        ->  Hash Join  (cost=93721.77..242024.85 rows=2158705 width=8) (actual time=3302.931..5955.314 rows=534961 loops=1)
              Hash Cond: (mk.movie_id = t.id)
              ->  Seq Scan on movie_keyword mk  (cost=0.00..69693.30 rows=4523930 width=4) (actual time=0.014..1432.852 rows=4523930 loops=1)
              ->  Hash  (cost=73925.90..73925.90 rows=1206549 width=4) (actual time=1923.826..1923.826 rows=1293155 loops=1)
                    Buckets: 131072  Batches: 16  Memory Usage: 3882kB
                    ->  Seq Scan on title t  (cost=0.00..73925.90 rows=1206549 width=4) (actual time=0.023..1507.405 rows=1293155 loops=1)
                          Filter: ((production_year > 1977) AND (kind_id = 7))
                          Rows Removed by Filter: 1235157
Planning time: 1.179 ms
Execution time: 45855.204 ms
