Seq Scan on movie_info mi  (cost=0.00..346232.03 rows=998166 width=0) (actual time=530.447..5396.684 rows=1052885 loops=1)
  Filter: (info_type_id > 77)
  Rows Removed by Filter: 13782835
Planning time: 0.390 ms
Execution time: 5544.052 ms
