Hash Join  (cost=173934.21..318861.43 rows=1881618 width=0) (actual time=4218.355..9319.035 rows=7130913 loops=1)
  Hash Cond: (mk.movie_id = t.id)
  ->  Seq Scan on movie_keyword mk  (cost=0.00..69693.30 rows=4523930 width=4) (actual time=0.013..1527.345 rows=4523930 loops=1)
  ->  Hash  (cost=156679.23..156679.23 rows=1051679 width=8) (actual time=4217.305..4217.305 rows=1040410 loops=1)
        Buckets: 131072  Batches: 16  Memory Usage: 3589kB
        ->  Hash Join  (cost=99217.91..156679.23 rows=1051679 width=8) (actual time=1883.402..3642.785 rows=1040410 loops=1)
              Hash Cond: (mi_idx.movie_id = t.id)
              ->  Seq Scan on movie_info_idx mi_idx  (cost=0.00..21735.35 rows=1380035 width=4) (actual time=0.013..464.324 rows=1380035 loops=1)
              ->  Hash  (cost=67604.59..67604.59 rows=1926906 width=4) (actual time=1882.182..1882.182 rows=1918028 loops=1)
                    Buckets: 131072  Batches: 32  Memory Usage: 3139kB
                    ->  Seq Scan on title t  (cost=0.00..67604.59 rows=1926906 width=4) (actual time=0.026..1275.880 rows=1918028 loops=1)
                          Filter: (production_year > 1981)
                          Rows Removed by Filter: 610284
Planning time: 1.213 ms
Execution time: 10096.755 ms
