Seq Scan on movie_companies mc  (cost=0.00..57926.93 rows=175910 width=0) (actual time=63.295..735.298 rows=349188 loops=1)
  Filter: ((company_id > 88356) AND (company_type_id = 2))
  Rows Removed by Filter: 2259941
Planning time: 0.377 ms
Execution time: 778.824 ms
