Hash Join  (cost=78183.26..193052.98 rows=566407 width=0) (actual time=1413.445..4316.471 rows=801429 loops=1)
  Hash Cond: (mk.movie_id = t.id)
  ->  Seq Scan on movie_keyword mk  (cost=0.00..81003.12 rows=2221205 width=4) (actual time=0.024..1572.223 rows=2212683 loops=1)
        Filter: (keyword_id > 4964)
        Rows Removed by Filter: 2311247
  ->  Hash  (cost=67604.59..67604.59 rows=644774 width=4) (actual time=1412.629..1412.629 rows=642973 loops=1)
        Buckets: 131072  Batches: 16  Memory Usage: 2439kB
        ->  Seq Scan on title t  (cost=0.00..67604.59 rows=644774 width=4) (actual time=0.016..1192.884 rows=642973 loops=1)
              Filter: (production_year < 1988)
              Rows Removed by Filter: 1885339
Planning time: 0.720 ms
Execution time: 4419.766 ms
