Hash Join  (cost=100908.38..822644.54 rows=2709 width=0) (actual time=6088.149..16007.866 rows=4728 loops=1)
  Hash Cond: (ci.movie_id = t.id)
  ->  Seq Scan on cast_info ci  (cost=0.00..705507.15 rows=4320508 width=4) (actual time=4445.747..13680.286 rows=4323018 loops=1)
        Filter: (role_id = 10)
        Rows Removed by Filter: 31921326
  ->  Hash  (cost=100888.56..100888.56 rows=1586 width=8) (actual time=1642.039..1642.039 rows=4711 loops=1)
        Buckets: 8192 (originally 2048)  Batches: 1 (originally 1)  Memory Usage: 249kB
        ->  Hash Join  (cost=73962.22..100888.56 rows=1586 width=8) (actual time=1051.003..1640.180 rows=4711 loops=1)
              Hash Cond: (mi_idx.movie_id = t.id)
              ->  Seq Scan on movie_info_idx mi_idx  (cost=0.00..21735.35 rows=1380035 width=4) (actual time=0.017..317.620 rows=1380035 loops=1)
              ->  Hash  (cost=73925.90..73925.90 rows=2905 width=4) (actual time=1050.566..1050.566 rows=4390 loops=1)
                    Buckets: 8192 (originally 4096)  Batches: 1 (originally 1)  Memory Usage: 219kB
                    ->  Seq Scan on title t  (cost=0.00..73925.90 rows=2905 width=4) (actual time=4.312..1048.303 rows=4390 loops=1)
                          Filter: ((kind_id < 7) AND (production_year = 1962))
                          Rows Removed by Filter: 2523922
Planning time: 0.887 ms
Execution time: 16009.042 ms
