Seq Scan on cast_info ci  (cost=0.00..796071.18 rows=8022068 width=0) (actual time=10386.553..15627.381 rows=8659995 loops=1)
  Filter: ((person_id > 526089) AND (role_id > 4))
  Rows Removed by Filter: 27584349
Planning time: 0.364 ms
Execution time: 16651.512 ms
