Hash Join  (cost=102767.86..207742.74 rows=1815801 width=0) (actual time=1923.048..4887.231 rows=1808837 loops=1)
  Hash Cond: (mc.movie_id = t.id)
  ->  Seq Scan on movie_companies mc  (cost=0.00..51404.11 rows=1815801 width=4) (actual time=0.014..1213.859 rows=1808837 loops=1)
        Filter: (company_id < 30432)
        Rows Removed by Filter: 800292
  ->  Hash  (cost=61283.27..61283.27 rows=2528527 width=4) (actual time=1921.946..1921.946 rows=2528312 loops=1)
        Buckets: 131072  Batches: 64  Memory Usage: 2415kB
        ->  Seq Scan on title t  (cost=0.00..61283.27 rows=2528527 width=4) (actual time=0.016..1099.476 rows=2528312 loops=1)
Planning time: 5.353 ms
Execution time: 5088.018 ms
