Nested Loop  (cost=0.43..83072.29 rows=14 width=0) (actual time=3.149..1278.859 rows=32 loops=1)
  ->  Seq Scan on movie_keyword mk  (cost=0.00..81003.12 rows=246 width=4) (actual time=0.277..1249.564 rows=742 loops=1)
        Filter: (keyword_id = 1682)
        Rows Removed by Filter: 4523188
  ->  Index Scan using title_pkey on title t  (cost=0.43..8.40 rows=1 width=4) (actual time=0.038..0.038 rows=0 loops=742)
        Index Cond: (id = mk.movie_id)
        Filter: (production_year = 2010)
        Rows Removed by Filter: 1
Planning time: 0.584 ms
Execution time: 1278.967 ms
