Seq Scan on cast_info ci  (cost=0.00..796071.18 rows=12482420 width=0) (actual time=569.903..13973.083 rows=12670688 loops=1)
  Filter: ((person_id < 3923297) AND (role_id = 1))
  Rows Removed by Filter: 23573656
Planning time: 0.400 ms
Execution time: 15209.365 ms
