Seq Scan on cast_info ci  (cost=0.00..796071.18 rows=180988 width=0) (actual time=3268.945..13603.339 rows=72988 loops=1)
  Filter: ((person_id < 1853694) AND (role_id > 10))
  Rows Removed by Filter: 36171356
Planning time: 0.372 ms
Execution time: 13612.739 ms
