Hash Join  (cost=102767.86..187713.86 rows=983378 width=0) (actual time=2023.802..4249.267 rows=984671 loops=1)
  Hash Cond: (mc.movie_id = t.id)
  ->  Seq Scan on movie_companies mc  (cost=0.00..51404.11 rows=983378 width=4) (actual time=0.020..974.076 rows=984671 loops=1)
        Filter: (company_id < 4476)
        Rows Removed by Filter: 1624458
  ->  Hash  (cost=61283.27..61283.27 rows=2528527 width=4) (actual time=2021.600..2021.600 rows=2528312 loops=1)
        Buckets: 131072  Batches: 64  Memory Usage: 2415kB
        ->  Seq Scan on title t  (cost=0.00..61283.27 rows=2528527 width=4) (actual time=0.025..1180.885 rows=2528312 loops=1)
Planning time: 0.727 ms
Execution time: 4366.603 ms
