Hash Join  (cost=249773.31..653728.85 rows=1682779 width=0) (actual time=7361.353..15077.186 rows=11308421 loops=1)
  Hash Cond: (mi.movie_id = t.id)
  ->  Seq Scan on movie_info mi  (cost=0.00..346232.03 rows=3068194 width=4) (actual time=2045.753..5753.206 rows=3036719 loops=1)
        Filter: (info_type_id = 16)
        Rows Removed by Filter: 11799001
  ->  Hash  (cost=227020.39..227020.39 rows=1386794 width=8) (actual time=5249.432..5249.432 rows=1402564 loops=1)
        Buckets: 131072  Batches: 32  Memory Usage: 2807kB
        ->  Hash Join  (cost=102767.86..227020.39 rows=1386794 width=8) (actual time=1954.550..4858.855 rows=1402564 loops=1)
              Hash Cond: (mk.movie_id = t.id)
              ->  Seq Scan on movie_keyword mk  (cost=0.00..81003.12 rows=1386794 width=4) (actual time=0.037..1531.054 rows=1402564 loops=1)
                    Filter: (keyword_id > 11940)
                    Rows Removed by Filter: 3121366
              ->  Hash  (cost=61283.27..61283.27 rows=2528527 width=4) (actual time=1952.020..1952.020 rows=2528312 loops=1)
                    Buckets: 131072  Batches: 64  Memory Usage: 2425kB
                    ->  Seq Scan on title t  (cost=0.00..61283.27 rows=2528527 width=4) (actual time=0.016..1033.871 rows=2528312 loops=1)
Planning time: 1.191 ms
Execution time: 16335.921 ms
