Nested Loop  (cost=0.43..797555.70 rows=176 width=0) (actual time=10463.261..11701.155 rows=4 loops=1)
  ->  Seq Scan on cast_info ci  (cost=0.00..796071.18 rows=176 width=4) (actual time=10463.112..11700.933 rows=4 loops=1)
        Filter: ((role_id < 2) AND (person_id = 1343085))
        Rows Removed by Filter: 36244340
  ->  Index Only Scan using title_pkey on title t  (cost=0.43..8.42 rows=1 width=4) (actual time=0.037..0.037 rows=1 loops=4)
        Index Cond: (id = ci.movie_id)
        Heap Fetches: 4
Planning time: 0.880 ms
Execution time: 11701.232 ms
