Hash Join  (cost=88359.31..186903.73 rows=380514 width=0) (actual time=2092.638..4186.317 rows=490412 loops=1)
  Hash Cond: (mk.movie_id = t.id)
  ->  Seq Scan on movie_keyword mk  (cost=0.00..81003.12 rows=760574 width=4) (actual time=0.020..1387.044 rows=767914 loops=1)
        Filter: (keyword_id > 24382)
        Rows Removed by Filter: 3756016
  ->  Hash  (cost=67604.59..67604.59 rows=1265018 width=4) (actual time=2090.463..2090.463 rows=1263700 loops=1)
        Buckets: 131072  Batches: 32  Memory Usage: 2418kB
        ->  Seq Scan on title t  (cost=0.00..67604.59 rows=1265018 width=4) (actual time=0.018..1383.911 rows=1263700 loops=1)
              Filter: (production_year < 2004)
              Rows Removed by Filter: 1264612
Planning time: 0.740 ms
Execution time: 4244.705 ms
