Hash Join  (cost=75199.97..1058437.79 rows=483185 width=0) (actual time=1335.809..24350.175 rows=672967 loops=1)
  Hash Cond: (ci.movie_id = t.id)
  ->  Seq Scan on cast_info ci  (cost=0.00..796071.18 rows=15743145 width=4) (actual time=0.024..17442.538 rows=15070394 loops=1)
        Filter: ((person_id < 3858199) AND (role_id > 2))
        Rows Removed by Filter: 21173950
  ->  Hash  (cost=73925.90..73925.90 rows=77605 width=4) (actual time=1334.666..1334.666 rows=84684 loops=1)
        Buckets: 131072  Batches: 2  Memory Usage: 2512kB
        ->  Seq Scan on title t  (cost=0.00..73925.90 rows=77605 width=4) (actual time=327.027..1297.544 rows=84684 loops=1)
              Filter: ((kind_id = 7) AND (production_year = 2009))
              Rows Removed by Filter: 2443628
Planning time: 0.762 ms
Execution time: 24434.342 ms
