Hash Join  (cost=65418.63..868190.70 rows=642 width=0) (actual time=1038.761..13121.313 rows=3653 loops=1)
  Hash Cond: (ci.movie_id = t.id)
  ->  Seq Scan on cast_info ci  (cost=0.00..796071.18 rows=1785190 width=4) (actual time=14.399..11937.541 rows=762402 loops=1)
        Filter: ((person_id < 260254) AND (role_id > 1))
        Rows Removed by Filter: 35481942
  ->  Hash  (cost=65407.26..65407.26 rows=910 width=8) (actual time=1021.501..1021.501 rows=3969 loops=1)
        Buckets: 4096 (originally 1024)  Batches: 1 (originally 1)  Memory Usage: 188kB
        ->  Nested Loop  (cost=0.43..65407.26 rows=910 width=8) (actual time=0.099..1018.799 rows=3969 loops=1)
              ->  Seq Scan on movie_companies mc  (cost=0.00..57926.93 rows=910 width=4) (actual time=0.026..883.599 rows=3969 loops=1)
                    Filter: ((company_id < 6) AND (company_type_id < 2))
                    Rows Removed by Filter: 2605160
              ->  Index Only Scan using title_pkey on title t  (cost=0.43..8.21 rows=1 width=4) (actual time=0.033..0.033 rows=1 loops=3969)
                    Index Cond: (id = mc.movie_id)
                    Heap Fetches: 3969
Planning time: 1.378 ms
Execution time: 13122.060 ms
