Hash Join  (cost=174865.45..269341.56 rows=941524 width=0) (actual time=3833.690..7110.153 rows=2703360 loops=1)
  Hash Cond: (mc.movie_id = t.id)
  ->  Seq Scan on movie_companies mc  (cost=0.00..51404.11 rows=2601536 width=4) (actual time=0.025..1119.458 rows=2602254 loops=1)
        Filter: (company_id < 228361)
        Rows Removed by Filter: 6875
  ->  Hash  (cost=159851.69..159851.69 rows=915101 width=8) (actual time=3832.599..3832.599 rows=919850 loops=1)
        Buckets: 131072  Batches: 16  Memory Usage: 3269kB
        ->  Hash Join  (cost=102767.86..159851.69 rows=915101 width=8) (actual time=1896.410..3566.442 rows=919850 loops=1)
              Hash Cond: (mi_idx.movie_id = t.id)
              ->  Seq Scan on movie_info_idx mi_idx  (cost=0.00..25185.44 rows=915101 width=4) (actual time=0.021..517.504 rows=919850 loops=1)
                    Filter: (info_type_id < 101)
                    Rows Removed by Filter: 460185
              ->  Hash  (cost=61283.27..61283.27 rows=2528527 width=4) (actual time=1894.712..1894.712 rows=2528312 loops=1)
                    Buckets: 131072  Batches: 64  Memory Usage: 2415kB
                    ->  Seq Scan on title t  (cost=0.00..61283.27 rows=2528527 width=4) (actual time=0.013..1059.029 rows=2528312 loops=1)
Planning time: 1.156 ms
Execution time: 7431.690 ms
