Hash Join  (cost=86616.10..172668.75 rows=798112 width=0) (actual time=1477.065..4198.185 rows=1271503 loops=1)
  Hash Cond: (mc.movie_id = t.id)
  ->  Seq Scan on movie_companies mc  (cost=0.00..44881.29 rows=2609129 width=4) (actual time=0.025..958.513 rows=2609129 loops=1)
  ->  Hash  (cost=73925.90..73925.90 rows=773456 width=4) (actual time=1475.441..1475.441 rows=683462 loops=1)
        Buckets: 131072  Batches: 16  Memory Usage: 2527kB
        ->  Seq Scan on title t  (cost=0.00..73925.90 rows=773456 width=4) (actual time=0.027..1258.354 rows=683462 loops=1)
              Filter: ((kind_id < 7) AND (production_year > 1977))
              Rows Removed by Filter: 1844850
Planning time: 2.824 ms
Execution time: 4354.017 ms
