Seq Scan on cast_info ci  (cost=0.00..796071.18 rows=25988519 width=0) (actual time=0.015..17292.946 rows=28798095 loops=1)
  Filter: ((person_id < 3440410) AND (role_id < 8))
  Rows Removed by Filter: 7446249
Planning time: 0.385 ms
Execution time: 20766.527 ms
