Hash Join  (cost=74465.79..131083.07 rows=22712 width=0) (actual time=1477.352..2392.340 rows=33049 loops=1)
  Hash Cond: (mc.movie_id = t.id)
  ->  Seq Scan on movie_companies mc  (cost=0.00..51404.11 rows=1329612 width=4) (actual time=327.444..945.678 rows=1334883 loops=1)
        Filter: (company_type_id > 1)
        Rows Removed by Filter: 1274246
  ->  Hash  (cost=73925.90..73925.90 rows=43191 width=4) (actual time=1149.178..1149.178 rows=29779 loops=1)
        Buckets: 65536  Batches: 1  Memory Usage: 1559kB
        ->  Seq Scan on title t  (cost=0.00..73925.90 rows=43191 width=4) (actual time=0.041..1135.789 rows=29779 loops=1)
              Filter: ((kind_id < 4) AND (production_year = 2008))
              Rows Removed by Filter: 2498533
Planning time: 5.096 ms
Execution time: 2397.225 ms
