Hash Join  (cost=136806.43..224285.46 rows=82099 width=0) (actual time=2991.511..5564.550 rows=1134650 loops=1)
  Hash Cond: (mk.movie_id = t.id)
  ->  Seq Scan on movie_keyword mk  (cost=0.00..69693.30 rows=4523930 width=4) (actual time=0.012..1090.931 rows=4523930 loops=1)
  ->  Hash  (cost=136232.84..136232.84 rows=45887 width=8) (actual time=2740.641..2740.641 rows=148586 loops=1)
        Buckets: 131072 (originally 65536)  Batches: 2 (originally 1)  Memory Usage: 3944kB
        ->  Hash Join  (cost=78144.34..136232.84 rows=45887 width=8) (actual time=2003.339..2684.589 rows=148586 loops=1)
              Hash Cond: (mc.movie_id = t.id)
              ->  Seq Scan on movie_companies mc  (cost=0.00..51404.11 rows=451338 width=4) (actual time=417.704..904.006 rows=453614 loops=1)
                    Filter: (company_id > 76946)
                    Rows Removed by Filter: 2155515
              ->  Hash  (cost=73925.90..73925.90 rows=257075 width=4) (actual time=1411.472..1411.472 rows=366618 loops=1)
                    Buckets: 131072 (originally 131072)  Batches: 8 (originally 4)  Memory Usage: 3073kB
                    ->  Seq Scan on title t  (cost=0.00..73925.90 rows=257075 width=4) (actual time=683.083..1288.047 rows=366618 loops=1)
                          Filter: ((production_year < 1999) AND (kind_id = 1))
                          Rows Removed by Filter: 2161694
Planning time: 1.199 ms
Execution time: 5705.427 ms
