Seq Scan on movie_companies mc  (cost=0.00..57926.93 rows=53 width=0) (actual time=199.192..753.536 rows=29 loops=1)
  Filter: ((company_id = 71256) AND (company_type_id = 2))
  Rows Removed by Filter: 2609100
Planning time: 0.403 ms
Execution time: 753.650 ms
