Seq Scan on cast_info ci  (cost=0.00..796071.18 rows=5635437 width=0) (actual time=6774.721..14489.969 rows=7451973 loops=1)
  Filter: ((person_id < 2860936) AND (role_id = 2))
  Rows Removed by Filter: 28792371
Planning time: 0.485 ms
Execution time: 15322.504 ms
