Seq Scan on title t  (cost=0.00..73925.90 rows=15902 width=94) (actual time=0.132..1229.525 rows=12969 loops=1)
  Filter: ((kind_id < 7) AND (production_year = 1997))
  Rows Removed by Filter: 2515343
Planning time: 0.567 ms
Execution time: 1230.595 ms
