Seq Scan on title t  (cost=0.00..73925.90 rows=151122 width=0) (actual time=2.103..832.561 rows=251875 loops=1)
  Filter: ((kind_id < 7) AND (production_year < 1971))
  Rows Removed by Filter: 2276437
Planning time: 0.336 ms
Execution time: 852.287 ms
