Hash Join  (cost=28270.40..124366.01 rows=586 width=0) (actual time=468.935..2527.829 rows=36680 loops=1)
  Hash Cond: (mk.movie_id = t.id)
  ->  Seq Scan on movie_keyword mk  (cost=0.00..81003.12 rows=4023101 width=4) (actual time=0.024..1493.546 rows=4021296 loops=1)
        Filter: (keyword_id > 364)
        Rows Removed by Filter: 502634
  ->  Hash  (cost=28265.80..28265.80 rows=368 width=8) (actual time=461.674..461.674 rows=260 loops=1)
        Buckets: 1024  Batches: 1  Memory Usage: 19kB
        ->  Nested Loop  (cost=0.43..28265.80 rows=368 width=8) (actual time=225.476..461.556 rows=260 loops=1)
              ->  Seq Scan on movie_info_idx mi_idx  (cost=0.00..25185.44 rows=368 width=4) (actual time=225.380..455.936 rows=260 loops=1)
                    Filter: (info_type_id > 101)
                    Rows Removed by Filter: 1379775
              ->  Index Only Scan using title_pkey on title t  (cost=0.43..8.36 rows=1 width=4) (actual time=0.021..0.021 rows=1 loops=260)
                    Index Cond: (id = mi_idx.movie_id)
                    Heap Fetches: 260
Planning time: 3.762 ms
Execution time: 2532.683 ms
