Hash Join  (cost=197315.04..342177.52 rows=1876344 width=0) (actual time=4802.175..8609.450 rows=2824628 loops=1)
  Hash Cond: (mk.movie_id = t.id)
  ->  Seq Scan on movie_keyword mk  (cost=0.00..69693.30 rows=4523930 width=4) (actual time=0.015..1286.522 rows=4523930 loops=1)
  ->  Hash  (cost=180108.90..180108.90 rows=1048731 width=8) (actual time=4800.084..4800.084 rows=684408 loops=1)
        Buckets: 131072  Batches: 16  Memory Usage: 2672kB
        ->  Hash Join  (cost=90601.07..180108.90 rows=1048731 width=8) (actual time=2004.267..4593.774 rows=684408 loops=1)
              Hash Cond: (mc.movie_id = t.id)
              ->  Seq Scan on movie_companies mc  (cost=0.00..44881.29 rows=2609129 width=4) (actual time=0.026..931.479 rows=2609129 loops=1)
              ->  Hash  (cost=73925.90..73925.90 rows=1016333 width=4) (actual time=2003.363..2003.363 rows=1107438 loops=1)
                    Buckets: 131072  Batches: 16  Memory Usage: 3463kB
                    ->  Seq Scan on title t  (cost=0.00..73925.90 rows=1016333 width=4) (actual time=0.016..1457.170 rows=1107438 loops=1)
                          Filter: ((kind_id > 1) AND (production_year > 2000))
                          Rows Removed by Filter: 1420874
Planning time: 1.560 ms
Execution time: 8927.470 ms
