Seq Scan on movie_keyword mk  (cost=0.00..81003.12 rows=3921 width=0) (actual time=5.237..1187.845 rows=3163 loops=1)
  Filter: (keyword_id = 1060)
  Rows Removed by Filter: 4520767
Planning time: 0.279 ms
Execution time: 1188.771 ms
