Seq Scan on movie_keyword mk  (cost=0.00..81003.12 rows=3869836 width=0) (actual time=0.016..1476.134 rows=3868656 loops=1)
  Filter: (keyword_id > 502)
  Rows Removed by Filter: 655274
Planning time: 0.334 ms
Execution time: 1943.554 ms
