Seq Scan on cast_info ci  (cost=0.00..796071.18 rows=6134218 width=0) (actual time=9601.993..15413.698 rows=7451973 loops=1)
  Filter: ((person_id < 3063185) AND (role_id = 2))
  Rows Removed by Filter: 28792371
Planning time: 0.292 ms
Execution time: 16360.280 ms
