Hash Join  (cost=83074.74..893961.92 rows=2733 width=0) (actual time=1516.024..19325.531 rows=97 loops=1)
  Hash Cond: (ci.movie_id = t.id)
  ->  Seq Scan on cast_info ci  (cost=0.00..705507.15 rows=28094051 width=4) (actual time=0.018..13558.327 rows=28157337 loops=1)
        Filter: (person_id < 2871925)
        Rows Removed by Filter: 8087007
  ->  Hash  (cost=83071.67..83071.67 rows=246 width=8) (actual time=1295.614..1295.614 rows=2 loops=1)
        Buckets: 1024  Batches: 1  Memory Usage: 9kB
        ->  Nested Loop  (cost=0.43..83071.67 rows=246 width=8) (actual time=283.055..1295.608 rows=2 loops=1)
              ->  Seq Scan on movie_keyword mk  (cost=0.00..81003.12 rows=246 width=4) (actual time=282.962..1295.459 rows=2 loops=1)
                    Filter: (keyword_id = 120984)
                    Rows Removed by Filter: 4523928
              ->  Index Only Scan using title_pkey on title t  (cost=0.43..8.40 rows=1 width=4) (actual time=0.058..0.059 rows=1 loops=2)
                    Index Cond: (id = mk.movie_id)
                    Heap Fetches: 2
Planning time: 1.367 ms
Execution time: 19325.799 ms
