Hash Join  (cost=98066.69..580472.72 rows=4366555 width=0) (actual time=2502.305..14286.697 rows=2883043 loops=1)
  Hash Cond: (mi.movie_id = t.id)
  ->  Seq Scan on movie_info mi  (cost=0.00..346232.03 rows=7503588 width=4) (actual time=0.019..6608.897 rows=7548855 loops=1)
        Filter: (info_type_id > 7)
        Rows Removed by Filter: 7286865
  ->  Hash  (cost=73925.90..73925.90 rows=1471423 width=4) (actual time=2500.817..2500.817 rows=1569046 loops=1)
        Buckets: 131072  Batches: 32  Memory Usage: 2759kB
        ->  Seq Scan on title t  (cost=0.00..73925.90 rows=1471423 width=4) (actual time=0.023..1327.871 rows=1569046 loops=1)
              Filter: ((kind_id > 3) AND (production_year > 1958))
              Rows Removed by Filter: 959266
Planning time: 0.754 ms
Execution time: 14655.348 ms
