Nested Loop  (cost=0.43..52283.69 rows=104 width=0) (actual time=103.854..844.537 rows=354 loops=1)
  ->  Seq Scan on movie_companies mc  (cost=0.00..51404.11 rows=104 width=4) (actual time=103.768..831.643 rows=354 loops=1)
        Filter: (company_id = 13874)
        Rows Removed by Filter: 2608775
  ->  Index Only Scan using title_pkey on title t  (cost=0.43..8.45 rows=1 width=4) (actual time=0.035..0.035 rows=1 loops=354)
        Index Cond: (id = mc.movie_id)
        Heap Fetches: 354
Planning time: 0.818 ms
Execution time: 844.739 ms
