Nested Loop  (cost=0.43..83071.67 rows=246 width=0) (actual time=30.781..1225.764 rows=56 loops=1)
  ->  Seq Scan on movie_keyword mk  (cost=0.00..81003.12 rows=246 width=4) (actual time=30.707..1223.158 rows=56 loops=1)
        Filter: (keyword_id = 25166)
        Rows Removed by Filter: 4523874
  ->  Index Only Scan using title_pkey on title t  (cost=0.43..8.40 rows=1 width=4) (actual time=0.040..0.041 rows=1 loops=56)
        Index Cond: (id = mk.movie_id)
        Heap Fetches: 56
Planning time: 0.720 ms
Execution time: 1225.877 ms
