Seq Scan on cast_info ci  (cost=0.00..705507.15 rows=24880599 width=0) (actual time=0.020..12589.276 rows=24908371 loops=1)
  Filter: (person_id < 2566251)
  Rows Removed by Filter: 11335973
Planning time: 0.241 ms
Execution time: 15654.727 ms
