Seq Scan on movie_companies mc  (cost=0.00..57926.93 rows=466721 width=0) (actual time=390.562..860.243 rows=789400 loops=1)
  Filter: ((company_id > 19876) AND (company_type_id = 2))
  Rows Removed by Filter: 1819729
Planning time: 0.405 ms
Execution time: 950.476 ms
