Seq Scan on movie_keyword mk  (cost=0.00..81003.12 rows=3587526 width=0) (actual time=0.027..1707.535 rows=3580349 loops=1)
  Filter: (keyword_id > 875)
  Rows Removed by Filter: 943581
Planning time: 0.472 ms
Execution time: 2150.217 ms
