Hash Join  (cost=83810.17..197978.67 rows=740027 width=0) (actual time=1482.599..4816.832 rows=1650552 loops=1)
  Hash Cond: (mk.movie_id = t.id)
  ->  Seq Scan on movie_keyword mk  (cost=0.00..81003.12 rows=1894428 width=4) (actual time=0.021..1533.428 rows=1906611 loops=1)
        Filter: (keyword_id < 3270)
        Rows Removed by Filter: 2617319
  ->  Hash  (cost=67604.59..67604.59 rows=987727 width=4) (actual time=1481.654..1481.654 rows=985048 loops=1)
        Buckets: 131072  Batches: 16  Memory Usage: 3197kB
        ->  Seq Scan on title t  (cost=0.00..67604.59 rows=987727 width=4) (actual time=0.021..1165.846 rows=985048 loops=1)
              Filter: (kind_id < 7)
              Rows Removed by Filter: 1543264
Planning time: 8.142 ms
Execution time: 5017.609 ms
