Seq Scan on cast_info ci  (cost=0.00..796071.18 rows=435 width=0) (actual time=6807.131..14581.227 rows=48 loops=1)
  Filter: ((role_id < 10) AND (person_id = 282097))
  Rows Removed by Filter: 36244296
Planning time: 0.402 ms
Execution time: 14581.374 ms
