Hash Join  (cost=165298.14..531977.76 rows=70969 width=0) (actual time=3244.247..9880.685 rows=232140 loops=1)
  Hash Cond: (mi.movie_id = t.id)
  ->  Seq Scan on movie_info mi  (cost=0.00..346232.03 rows=5263441 width=4) (actual time=0.011..5347.635 rows=5270569 loops=1)
        Filter: (info_type_id > 15)
        Rows Removed by Filter: 9565151
  ->  Hash  (cost=164871.98..164871.98 rows=34093 width=8) (actual time=3243.723..3243.723 rows=36136 loops=1)
        Buckets: 65536  Batches: 1  Memory Usage: 1924kB
        ->  Hash Join  (cost=102767.86..164871.98 rows=34093 width=8) (actual time=1972.219..3229.640 rows=36136 loops=1)
              Hash Cond: (mc.movie_id = t.id)
              ->  Seq Scan on movie_companies mc  (cost=0.00..51404.11 rows=34093 width=4) (actual time=1.292..801.327 rows=36136 loops=1)
                    Filter: (company_id = 160)
                    Rows Removed by Filter: 2572993
              ->  Hash  (cost=61283.27..61283.27 rows=2528527 width=4) (actual time=1963.940..1963.940 rows=2528312 loops=1)
                    Buckets: 131072  Batches: 64  Memory Usage: 2415kB
                    ->  Seq Scan on title t  (cost=0.00..61283.27 rows=2528527 width=4) (actual time=0.013..1110.758 rows=2528312 loops=1)
Planning time: 1.200 ms
Execution time: 9912.454 ms
