Hash Join  (cost=83661.18..1181947.77 rows=5059804 width=0) (actual time=1397.387..32438.129 rows=3419928 loops=1)
  Hash Cond: (ci.movie_id = t.id)
  ->  Seq Scan on cast_info ci  (cost=0.00..796071.18 rows=21560900 width=4) (actual time=0.018..18902.375 rows=20512348 loops=1)
        Filter: ((person_id < 3496818) AND (role_id > 1))
        Rows Removed by Filter: 15731996
  ->  Hash  (cost=73925.90..73925.90 rows=593382 width=4) (actual time=1395.760..1395.760 rows=486368 loops=1)
        Buckets: 131072  Batches: 8  Memory Usage: 3147kB
        ->  Seq Scan on title t  (cost=0.00..73925.90 rows=593382 width=4) (actual time=0.021..1239.327 rows=486368 loops=1)
              Filter: ((production_year < 1999) AND (kind_id = 7))
              Rows Removed by Filter: 2041944
Planning time: 0.763 ms
Execution time: 32840.126 ms
