Seq Scan on movie_companies mc  (cost=0.00..57926.93 rows=453042 width=0) (actual time=488.358..899.029 rows=139640 loops=1)
  Filter: ((company_id > 19385) AND (company_type_id < 2))
  Rows Removed by Filter: 2469489
Planning time: 0.379 ms
Execution time: 917.072 ms
