Seq Scan on movie_companies mc  (cost=0.00..57926.93 rows=1146248 width=0) (actual time=0.017..1125.666 rows=1274246 loops=1)
  Filter: ((company_id < 96907) AND (company_type_id < 2))
  Rows Removed by Filter: 1334883
Planning time: 0.331 ms
Execution time: 1287.742 ms
