Hash Join  (cost=128450.64..207263.76 rows=272960 width=0) (actual time=2646.992..4781.247 rows=1402455 loops=1)
  Hash Cond: (mc.movie_id = t.id)
  ->  Seq Scan on movie_companies mc  (cost=0.00..44881.29 rows=2609129 width=4) (actual time=0.022..743.826 rows=2609129 loops=1)
  ->  Hash  (cost=124110.06..124110.06 rows=264527 width=8) (actual time=2524.971..2524.971 rows=373484 loops=1)
        Buckets: 131072 (originally 131072)  Batches: 8 (originally 4)  Memory Usage: 3073kB
        ->  Hash Join  (cost=81878.30..124110.06 rows=264527 width=8) (actual time=1259.523..2410.609 rows=373484 loops=1)
              Hash Cond: (mi_idx.movie_id = t.id)
              ->  Seq Scan on movie_info_idx mi_idx  (cost=0.00..21735.35 rows=1380035 width=4) (actual time=0.023..389.368 rows=1380035 loops=1)
              ->  Hash  (cost=73925.90..73925.90 rows=484672 width=4) (actual time=1258.648..1258.648 rows=355227 loops=1)
                    Buckets: 131072  Batches: 8  Memory Usage: 2591kB
                    ->  Seq Scan on title t  (cost=0.00..73925.90 rows=484672 width=4) (actual time=0.015..1149.066 rows=355227 loops=1)
                          Filter: ((production_year > 1986) AND (kind_id = 1))
                          Rows Removed by Filter: 2173085
Planning time: 1.160 ms
Execution time: 4938.460 ms
