Hash Join  (cost=92883.59..1395714.10 rows=19058378 width=0) (actual time=1612.511..37939.212 rows=18499264 loops=1)
  Hash Cond: (ci.movie_id = t.id)
  ->  Seq Scan on cast_info ci  (cost=0.00..705507.15 rows=31275716 width=4) (actual time=0.008..14919.987 rows=31258420 loops=1)
        Filter: (person_id < 3171791)
        Rows Removed by Filter: 4985924
  ->  Hash  (cost=67604.59..67604.59 rows=1540800 width=4) (actual time=1611.143..1611.143 rows=1543264 loops=1)
        Buckets: 131072  Batches: 32  Memory Usage: 2722kB
        ->  Seq Scan on title t  (cost=0.00..67604.59 rows=1540800 width=4) (actual time=0.025..1137.390 rows=1543264 loops=1)
              Filter: (kind_id = 7)
              Rows Removed by Filter: 985048
Planning time: 0.844 ms
Execution time: 40009.265 ms
