Seq Scan on cast_info ci  (cost=0.00..796071.18 rows=5763244 width=0) (actual time=4868.486..13279.622 rows=11727906 loops=1)
  Filter: ((person_id < 1610566) AND (role_id = 1))
  Rows Removed by Filter: 24516438
Planning time: 0.265 ms
Execution time: 14709.761 ms
