Hash Join  (cost=202533.50..244477.73 rows=247775 width=0) (actual time=4003.793..4746.227 rows=211335 loops=1)
  Hash Cond: (mi_idx.movie_id = t.id)
  ->  Seq Scan on movie_info_idx mi_idx  (cost=0.00..21735.35 rows=1380035 width=4) (actual time=0.017..423.120 rows=1380035 loops=1)
  ->  Hash  (cost=195084.79..195084.79 rows=453977 width=8) (actual time=3683.077..3683.077 rows=128179 loops=1)
        Buckets: 131072  Batches: 8  Memory Usage: 1661kB
        ->  Hash Join  (cost=93873.33..195084.79 rows=453977 width=8) (actual time=2026.056..3645.520 rows=128179 loops=1)
              Hash Cond: (mk.movie_id = t.id)
              ->  Seq Scan on movie_keyword mk  (cost=0.00..81003.12 rows=944151 width=4) (actual time=0.023..1310.237 rows=955287 loops=1)
                    Filter: (keyword_id > 19852)
                    Rows Removed by Filter: 3568643
              ->  Hash  (cost=73925.90..73925.90 rows=1215794 width=4) (actual time=1669.940..1669.940 rows=1301100 loops=1)
                    Buckets: 131072  Batches: 16  Memory Usage: 3898kB
                    ->  Seq Scan on title t  (cost=0.00..73925.90 rows=1215794 width=4) (actual time=0.011..1212.836 rows=1301100 loops=1)
                          Filter: ((production_year > 1976) AND (kind_id = 7))
                          Rows Removed by Filter: 1227212
Planning time: 10.230 ms
Execution time: 4771.835 ms
