Hash Join  (cost=302756.51..980503.21 rows=15097500 width=0) (actual time=5952.390..18963.167 rows=6298322 loops=1)
  Hash Cond: (mi.movie_id = t.id)
  ->  Seq Scan on movie_info mi  (cost=0.00..309384.22 rows=14739122 width=4) (actual time=0.020..5346.413 rows=14835720 loops=1)
  ->  Hash  (cost=260263.42..260263.42 rows=2590007 width=8) (actual time=5684.833..5684.833 rows=602914 loops=1)
        Buckets: 131072  Batches: 64  Memory Usage: 1382kB
        ->  Hash Join  (cost=92883.59..260263.42 rows=2590007 width=8) (actual time=1593.123..5499.952 rows=602914 loops=1)
              Hash Cond: (mk.movie_id = t.id)
              ->  Seq Scan on movie_keyword mk  (cost=0.00..81003.12 rows=4250327 width=4) (actual time=0.017..1702.146 rows=4230048 loops=1)
                    Filter: (keyword_id > 238)
                    Rows Removed by Filter: 293882
              ->  Hash  (cost=67604.59..67604.59 rows=1540800 width=4) (actual time=1592.158..1592.158 rows=1543264 loops=1)
                    Buckets: 131072  Batches: 32  Memory Usage: 2728kB
                    ->  Seq Scan on title t  (cost=0.00..67604.59 rows=1540800 width=4) (actual time=0.027..1079.488 rows=1543264 loops=1)
                          Filter: (kind_id = 7)
                          Rows Removed by Filter: 985048
Planning time: 1.151 ms
Execution time: 19615.081 ms
