Hash Join  (cost=102767.86..1096507.22 rows=7804196 width=0) (actual time=6235.413..24383.365 rows=10178101 loops=1)
  Hash Cond: (ci.movie_id = t.id)
  ->  Seq Scan on cast_info ci  (cost=0.00..796071.18 rows=7804196 width=4) (actual time=4358.870..13724.076 rows=10178101 loops=1)
        Filter: ((person_id < 1386965) AND (role_id < 3))
        Rows Removed by Filter: 26066243
  ->  Hash  (cost=61283.27..61283.27 rows=2528527 width=4) (actual time=1875.139..1875.139 rows=2528312 loops=1)
        Buckets: 131072  Batches: 64  Memory Usage: 2415kB
        ->  Seq Scan on title t  (cost=0.00..61283.27 rows=2528527 width=4) (actual time=0.022..1044.399 rows=2528312 loops=1)
Planning time: 0.756 ms
Execution time: 25512.697 ms
