Hash Join  (cost=101898.59..881259.81 rows=177835 width=0) (actual time=1925.606..17852.768 rows=374979 loops=1)
  Hash Cond: (ci.movie_id = t.id)
  ->  Seq Scan on cast_info ci  (cost=0.00..705507.15 rows=19220198 width=4) (actual time=0.211..11512.503 rows=19116779 loops=1)
        Filter: (person_id < 1909340)
        Rows Removed by Filter: 17127565
  ->  Hash  (cost=101606.15..101606.15 rows=23395 width=8) (actual time=1924.768..1924.768 rows=24093 loops=1)
        Buckets: 32768  Batches: 1  Memory Usage: 1198kB
        ->  Hash Join  (cost=74461.72..101606.15 rows=23395 width=8) (actual time=1233.127..1916.626 rows=24093 loops=1)
              Hash Cond: (mi_idx.movie_id = t.id)
              ->  Seq Scan on movie_info_idx mi_idx  (cost=0.00..21735.35 rows=1380035 width=4) (actual time=0.015..343.610 rows=1380035 loops=1)
              ->  Hash  (cost=73925.90..73925.90 rows=42865 width=4) (actual time=1232.605..1232.605 rows=49850 loops=1)
                    Buckets: 65536  Batches: 1  Memory Usage: 2265kB
                    ->  Seq Scan on title t  (cost=0.00..73925.90 rows=42865 width=4) (actual time=0.010..1211.408 rows=49850 loops=1)
                          Filter: ((kind_id > 1) AND (production_year = 2001))
                          Rows Removed by Filter: 2478462
Planning time: 1.130 ms
Execution time: 17902.635 ms
