Nested Loop  (cost=0.43..83072.90 rows=29 width=0) (actual time=0.249..1144.154 rows=394 loops=1)
  ->  Seq Scan on movie_keyword mk  (cost=0.00..81003.12 rows=246 width=4) (actual time=0.216..1112.077 rows=929 loops=1)
        Filter: (keyword_id = 4314)
        Rows Removed by Filter: 4523001
  ->  Index Scan using title_pkey on title t  (cost=0.43..8.40 rows=1 width=4) (actual time=0.033..0.033 rows=0 loops=929)
        Index Cond: (id = mk.movie_id)
        Filter: ((kind_id < 7) AND (production_year < 1993))
        Rows Removed by Filter: 1
Planning time: 0.718 ms
Execution time: 1144.443 ms
