Hash Join  (cost=447139.30..1207017.51 rows=908900 width=0) (actual time=8101.248..26527.122 rows=623538 loops=1)
  Hash Cond: (ci.movie_id = t.id)
  ->  Seq Scan on cast_info ci  (cost=0.00..614943.12 rows=36225612 width=4) (actual time=0.013..9366.717 rows=36244344 loops=1)
  ->  Hash  (cost=446346.29..446346.29 rows=63441 width=8) (actual time=8100.763..8100.763 rows=21283 loops=1)
        Buckets: 65536  Batches: 1  Memory Usage: 1344kB
        ->  Hash Join  (cost=75195.76..446346.29 rows=63441 width=8) (actual time=1771.057..8091.524 rows=21283 loops=1)
              Hash Cond: (mi.movie_id = t.id)
              ->  Seq Scan on movie_info mi  (cost=0.00..346232.03 rows=2073893 width=4) (actual time=595.479..6085.724 rows=2091068 loops=1)
                    Filter: (info_type_id < 3)
                    Rows Removed by Filter: 12744652
              ->  Hash  (cost=73925.90..73925.90 rows=77348 width=4) (actual time=1174.425..1174.425 rows=84109 loops=1)
                    Buckets: 131072  Batches: 2  Memory Usage: 2515kB
                    ->  Seq Scan on title t  (cost=0.00..73925.90 rows=77348 width=4) (actual time=35.756..1139.806 rows=84109 loops=1)
                          Filter: ((kind_id = 7) AND (production_year = 2008))
                          Rows Removed by Filter: 2444203
Planning time: 1.200 ms
Execution time: 26613.061 ms
