Seq Scan on cast_info ci  (cost=0.00..796071.18 rows=55 width=0) (actual time=4253.120..9880.735 rows=1 loops=1)
  Filter: ((person_id = 919982) AND (role_id = 3))
  Rows Removed by Filter: 36244343
Planning time: 0.363 ms
Execution time: 9880.814 ms
