Hash Join  (cost=140127.64..167317.42 rows=27930 width=0) (actual time=2181.018..2734.062 rows=31166 loops=1)
  Hash Cond: (mi_idx.movie_id = t.id)
  ->  Seq Scan on movie_info_idx mi_idx  (cost=0.00..21735.35 rows=1380035 width=4) (actual time=0.018..247.591 rows=1380035 loops=1)
  ->  Hash  (cost=139487.98..139487.98 rows=51173 width=8) (actual time=2180.368..2180.368 rows=24241 loops=1)
        Buckets: 65536  Batches: 1  Memory Usage: 1459kB
        ->  Hash Join  (cost=69928.56..139487.98 rows=51173 width=8) (actual time=950.294..2171.012 rows=24241 loops=1)
              Hash Cond: (mc.movie_id = t.id)
              ->  Seq Scan on movie_companies mc  (cost=0.00..57926.93 rows=913800 width=4) (actual time=0.026..962.189 rows=591768 loops=1)
                    Filter: ((company_id < 27999) AND (company_type_id = 2))
                    Rows Removed by Filter: 2017361
              ->  Hash  (cost=67604.59..67604.59 rows=141598 width=4) (actual time=949.131..949.131 rows=141703 loops=1)
                    Buckets: 131072  Batches: 2  Memory Usage: 3511kB
                    ->  Seq Scan on title t  (cost=0.00..67604.59 rows=141598 width=4) (actual time=0.026..898.086 rows=141703 loops=1)
                          Filter: (production_year = 2010)
                          Rows Removed by Filter: 2386609
Planning time: 1.204 ms
Execution time: 2738.548 ms
