Seq Scan on movie_companies mc  (cost=0.00..51404.11 rows=104 width=0) (actual time=0.222..754.368 rows=37 loops=1)
  Filter: (company_id = 9174)
  Rows Removed by Filter: 2609092
Planning time: 0.377 ms
Execution time: 754.456 ms
