Hash Join  (cost=190230.21..333602.70 rows=1827081 width=0) (actual time=4206.050..9427.665 rows=7835838 loops=1)
  Hash Cond: (mk.movie_id = t.id)
  ->  Seq Scan on movie_keyword mk  (cost=0.00..81003.12 rows=3347614 width=4) (actual time=0.009..1676.517 rows=3342904 loops=1)
        Filter: (keyword_id > 1398)
        Rows Removed by Filter: 1181026
  ->  Hash  (cost=167588.78..167588.78 rows=1380035 width=8) (actual time=4203.901..4203.901 rows=1380035 loops=1)
        Buckets: 131072  Batches: 32  Memory Usage: 2726kB
        ->  Hash Join  (cost=102767.86..167588.78 rows=1380035 width=8) (actual time=1874.225..3776.350 rows=1380035 loops=1)
              Hash Cond: (mi_idx.movie_id = t.id)
              ->  Seq Scan on movie_info_idx mi_idx  (cost=0.00..21735.35 rows=1380035 width=4) (actual time=0.015..418.389 rows=1380035 loops=1)
              ->  Hash  (cost=61283.27..61283.27 rows=2528527 width=4) (actual time=1872.576..1872.576 rows=2528312 loops=1)
                    Buckets: 131072  Batches: 64  Memory Usage: 2415kB
                    ->  Seq Scan on title t  (cost=0.00..61283.27 rows=2528527 width=4) (actual time=0.017..1025.427 rows=2528312 loops=1)
Planning time: 1.140 ms
Execution time: 10342.180 ms
