Seq Scan on cast_info ci  (cost=0.00..796071.18 rows=2388822 width=0) (actual time=1413.180..11033.472 rows=5417389 loops=1)
  Filter: ((person_id > 3115067) AND (role_id > 2))
  Rows Removed by Filter: 30826955
Planning time: 0.328 ms
Execution time: 11662.165 ms
