Hash Join  (cost=94699.36..893749.44 rows=1269 width=0) (actual time=7643.819..11552.599 rows=564 loops=1)
  Hash Cond: (ci.movie_id = t.id)
  ->  Seq Scan on cast_info ci  (cost=0.00..796071.18 rows=790988 width=4) (actual time=6376.627..10200.425 rows=733781 loops=1)
        Filter: ((person_id < 1619677) AND (role_id = 8))
        Rows Removed by Filter: 35510563
  ->  Hash  (cost=94648.62..94648.62 rows=4059 width=8) (actual time=1253.335..1253.335 rows=732 loops=1)
        Buckets: 4096  Batches: 1  Memory Usage: 61kB
        ->  Hash Join  (cost=67697.55..94648.62 rows=4059 width=8) (actual time=735.452..1252.999 rows=732 loops=1)
              Hash Cond: (mi_idx.movie_id = t.id)
              ->  Seq Scan on movie_info_idx mi_idx  (cost=0.00..21735.35 rows=1380035 width=4) (actual time=0.018..243.372 rows=1380035 loops=1)
              ->  Hash  (cost=67604.59..67604.59 rows=7437 width=4) (actual time=734.636..734.636 rows=4012 loops=1)
                    Buckets: 8192  Batches: 1  Memory Usage: 206kB
                    ->  Seq Scan on title t  (cost=0.00..67604.59 rows=7437 width=4) (actual time=372.213..732.722 rows=4012 loops=1)
                          Filter: (production_year = 1920)
                          Rows Removed by Filter: 2524300
Planning time: 0.951 ms
Execution time: 11552.826 ms
