Hash Join  (cost=185535.24..550399.15 rows=175536 width=0) (actual time=5613.982..8280.372 rows=212925 loops=1)
  Hash Cond: (mi.movie_id = t.id)
  ->  Seq Scan on movie_info mi  (cost=0.00..346232.03 rows=1348138 width=4) (actual time=1897.560..3921.634 rows=1298989 loops=1)
        Filter: (info_type_id = 4)
        Rows Removed by Filter: 13536731
  ->  Hash  (cost=180132.87..180132.87 rows=329230 width=8) (actual time=3715.688..3715.688 rows=192499 loops=1)
        Buckets: 131072  Batches: 8  Memory Usage: 1953kB
        ->  Hash Join  (cost=80562.70..180132.87 rows=329230 width=8) (actual time=1735.425..3665.682 rows=192499 loops=1)
              Hash Cond: (mk.movie_id = t.id)
              ->  Seq Scan on movie_keyword mk  (cost=0.00..81003.12 rows=1054065 width=4) (actual time=0.035..1325.932 rows=1061117 loops=1)
                    Filter: (keyword_id < 1060)
                    Rows Removed by Filter: 3462813
              ->  Hash  (cost=67604.59..67604.59 rows=789769 width=4) (actual time=1734.461..1734.461 rows=784926 loops=1)
                    Buckets: 131072  Batches: 16  Memory Usage: 2756kB
                    ->  Seq Scan on title t  (cost=0.00..67604.59 rows=789769 width=4) (actual time=0.032..977.903 rows=784926 loops=1)
                          Filter: (production_year > 2007)
                          Rows Removed by Filter: 1743386
Planning time: 1.211 ms
Execution time: 8307.424 ms
