Hash Join  (cost=201823.05..744536.47 rows=5895650 width=0) (actual time=4690.182..22366.889 rows=16625184 loops=1)
  Hash Cond: (mi.movie_id = t.id)
  ->  Seq Scan on movie_info mi  (cost=0.00..309384.22 rows=14739122 width=4) (actual time=0.008..4999.799 rows=14835720 loops=1)
  ->  Hash  (cost=185229.41..185229.41 rows=1011411 width=8) (actual time=4689.333..4689.333 rows=1076109 loops=1)
        Buckets: 131072  Batches: 16  Memory Usage: 3671kB
        ->  Hash Join  (cost=99161.12..185229.41 rows=1011411 width=8) (actual time=1980.306..4422.920 rows=1076109 loops=1)
              Hash Cond: (mc.movie_id = t.id)
              ->  Seq Scan on movie_companies mc  (cost=0.00..51404.11 rows=1329612 width=4) (actual time=233.519..860.662 rows=1334883 loops=1)
                    Filter: (company_type_id = 2)
                    Rows Removed by Filter: 1274246
              ->  Hash  (cost=67604.59..67604.59 rows=1923403 width=4) (actual time=1745.593..1745.593 rows=1922849 loops=1)
                    Buckets: 131072  Batches: 32  Memory Usage: 3132kB
                    ->  Seq Scan on title t  (cost=0.00..67604.59 rows=1923403 width=4) (actual time=0.024..1132.676 rows=1922849 loops=1)
                          Filter: (production_year < 2010)
                          Rows Removed by Filter: 605463
Planning time: 1.180 ms
Execution time: 24321.794 ms
