Hash Join  (cost=187186.68..1267536.81 rows=968403 width=0) (actual time=3346.819..29907.732 rows=1180750 loops=1)
  Hash Cond: (ci.movie_id = t.id)
  ->  Seq Scan on cast_info ci  (cost=0.00..705507.15 rows=31554923 width=4) (actual time=0.023..15844.026 rows=31605208 loops=1)
        Filter: (role_id < 10)
        Rows Removed by Filter: 4639136
  ->  Hash  (cost=185912.69..185912.69 rows=77599 width=8) (actual time=3345.157..3345.157 rows=48673 loops=1)
        Buckets: 131072  Batches: 2  Memory Usage: 1977kB
        ->  Hash Join  (cost=75227.65..185912.69 rows=77599 width=8) (actual time=1183.212..3328.139 rows=48673 loops=1)
              Hash Cond: (mk.movie_id = t.id)
              ->  Seq Scan on movie_keyword mk  (cost=0.00..81003.12 rows=2473045 width=4) (actual time=0.020..1399.033 rows=2465197 loops=1)
                    Filter: (keyword_id > 3660)
                    Rows Removed by Filter: 2058733
              ->  Hash  (cost=73925.90..73925.90 rows=79340 width=4) (actual time=1182.094..1182.094 rows=92312 loops=1)
                    Buckets: 131072  Batches: 2  Memory Usage: 2654kB
                    ->  Seq Scan on title t  (cost=0.00..73925.90 rows=79340 width=4) (actual time=0.019..1145.513 rows=92312 loops=1)
                          Filter: ((kind_id > 1) AND (production_year = 2006))
                          Rows Removed by Filter: 2436000
Planning time: 1.250 ms
Execution time: 30044.681 ms
