Seq Scan on cast_info ci  (cost=0.00..705507.15 rows=36018938 width=0) (actual time=0.020..12766.475 rows=36085698 loops=1)
  Filter: (person_id > 20278)
  Rows Removed by Filter: 158646
Planning time: 0.309 ms
Execution time: 17346.882 ms
