Seq Scan on movie_keyword mk  (cost=0.00..81003.12 rows=2160605 width=0) (actual time=0.025..1448.843 rows=2164676 loops=1)
  Filter: (keyword_id < 4161)
  Rows Removed by Filter: 2359254
Planning time: 0.318 ms
Execution time: 1725.563 ms
