Hash Join  (cost=91879.05..194058.41 rows=460279 width=0) (actual time=2397.661..3409.310 rows=127972 loops=1)
  Hash Cond: (mk.movie_id = t.id)
  ->  Seq Scan on movie_keyword mk  (cost=0.00..81003.12 rows=1063584 width=4) (actual time=0.024..1220.769 rows=1073737 loops=1)
        Filter: (keyword_id > 16457)
        Rows Removed by Filter: 3450193
  ->  Hash  (cost=73925.90..73925.90 rows=1094252 width=4) (actual time=1492.373..1492.373 rows=1044222 loops=1)
        Buckets: 131072  Batches: 16  Memory Usage: 3325kB
        ->  Seq Scan on title t  (cost=0.00..73925.90 rows=1094252 width=4) (actual time=0.011..1165.965 rows=1044222 loops=1)
              Filter: ((production_year < 2009) AND (kind_id = 7))
              Rows Removed by Filter: 1484090
Planning time: 0.734 ms
Execution time: 3425.672 ms
