Hash Join  (cost=798791.46..892502.74 rows=434 width=0) (actual time=13537.780..14988.821 rows=141 loops=1)
  Hash Cond: (mk.movie_id = t.id)
  ->  Seq Scan on movie_keyword mk  (cost=0.00..81003.12 rows=3387685 width=4) (actual time=0.022..1426.538 rows=3377245 loops=1)
        Filter: (keyword_id < 16264)
        Rows Removed by Filter: 1146685
  ->  Hash  (cost=798787.41..798787.41 rows=324 width=8) (actual time=13094.909..13094.909 rows=222 loops=1)
        Buckets: 1024  Batches: 1  Memory Usage: 17kB
        ->  Nested Loop  (cost=0.43..798787.41 rows=324 width=8) (actual time=798.522..13094.748 rows=222 loops=1)
              ->  Seq Scan on cast_info ci  (cost=0.00..796071.18 rows=324 width=4) (actual time=798.416..13092.030 rows=222 loops=1)
                    Filter: ((role_id > 1) AND (person_id = 2237253))
                    Rows Removed by Filter: 36244122
              ->  Index Only Scan using title_pkey on title t  (cost=0.43..8.37 rows=1 width=4) (actual time=0.011..0.011 rows=1 loops=222)
                    Index Cond: (id = ci.movie_id)
                    Heap Fetches: 222
Planning time: 1.132 ms
Execution time: 14989.004 ms
