Hash Join  (cost=102767.86..911392.66 rows=111115 width=0) (actual time=13031.231..13931.202 rows=45313 loops=1)
  Hash Cond: (ci.movie_id = t.id)
  ->  Seq Scan on cast_info ci  (cost=0.00..796071.18 rows=111115 width=4) (actual time=11227.538..11660.263 rows=45313 loops=1)
        Filter: ((person_id < 1120644) AND (role_id = 11))
        Rows Removed by Filter: 36199031
  ->  Hash  (cost=61283.27..61283.27 rows=2528527 width=4) (actual time=1801.455..1801.455 rows=2528312 loops=1)
        Buckets: 131072  Batches: 64  Memory Usage: 2415kB
        ->  Seq Scan on title t  (cost=0.00..61283.27 rows=2528527 width=4) (actual time=0.016..963.970 rows=2528312 loops=1)
Planning time: 0.750 ms
Execution time: 13937.288 ms
