Seq Scan on title t  (cost=0.00..73925.90 rows=1681 width=0) (actual time=73.605..1118.907 rows=2018 loops=1)
  Filter: ((kind_id = 2) AND (production_year = 1998))
  Rows Removed by Filter: 2526294
Planning time: 0.408 ms
Execution time: 1119.691 ms
