Hash Join  (cost=158788.51..301415.08 rows=777610 width=0) (actual time=3353.598..8201.644 rows=3440640 loops=1)
  Hash Cond: (mk.movie_id = t.id)
  ->  Seq Scan on movie_keyword mk  (cost=0.00..81003.12 rows=4509691 width=4) (actual time=0.024..1753.907 rows=4509566 loops=1)
        Filter: (keyword_id > 1)
        Rows Removed by Filter: 14364
  ->  Hash  (cost=151634.56..151634.56 rows=435996 width=8) (actual time=3352.526..3352.526 rows=454928 loops=1)
        Buckets: 131072  Batches: 8  Memory Usage: 3260kB
        ->  Hash Join  (cost=106840.27..151634.56 rows=435996 width=8) (actual time=1959.799..3210.956 rows=454928 loops=1)
              Hash Cond: (mi_idx.movie_id = t.id)
              ->  Seq Scan on movie_info_idx mi_idx  (cost=0.00..25185.44 rows=460978 width=4) (actual time=0.010..424.997 rows=459925 loops=1)
                    Filter: (info_type_id < 100)
                    Rows Removed by Filter: 920110
              ->  Hash  (cost=67604.59..67604.59 rows=2391495 width=4) (actual time=1958.654..1958.654 rows=2388876 loops=1)
                    Buckets: 131072  Batches: 32  Memory Usage: 3646kB
                    ->  Seq Scan on title t  (cost=0.00..67604.59 rows=2391495 width=4) (actual time=0.024..1219.448 rows=2388876 loops=1)
                          Filter: (production_year < 2013)
                          Rows Removed by Filter: 139436
Planning time: 1.148 ms
Execution time: 8620.453 ms
