Seq Scan on movie_keyword mk  (cost=0.00..81003.12 rows=4303296 width=0) (actual time=0.013..1290.338 rows=4288427 loops=1)
  Filter: (keyword_id > 188)
  Rows Removed by Filter: 235503
Planning time: 0.295 ms
Execution time: 1764.539 ms
