Hash Join  (cost=491650.71..1364849.53 rows=1604258 width=0) (actual time=8002.460..25742.723 rows=2518470 loops=1)
  Hash Cond: (ci.movie_id = t.id)
  ->  Seq Scan on cast_info ci  (cost=0.00..796071.18 rows=5009349 width=4) (actual time=0.033..13355.370 rows=6390931 loops=1)
        Filter: ((person_id < 2564426) AND (role_id = 2))
        Rows Removed by Filter: 29853413
  ->  Hash  (cost=478364.61..478364.61 rows=809768 width=8) (actual time=8001.454..8001.454 rows=802140 loops=1)
        Buckets: 131072  Batches: 16  Memory Usage: 2973kB
        ->  Hash Join  (cost=102767.86..478364.61 rows=809768 width=8) (actual time=2612.126..7756.925 rows=802140 loops=1)
              Hash Cond: (mi.movie_id = t.id)
              ->  Seq Scan on movie_info mi  (cost=0.00..346232.03 rows=809768 width=4) (actual time=856.850..4928.592 rows=802140 loops=1)
                    Filter: (info_type_id < 2)
                    Rows Removed by Filter: 14033580
              ->  Hash  (cost=61283.27..61283.27 rows=2528527 width=4) (actual time=1754.371..1754.371 rows=2528312 loops=1)
                    Buckets: 131072  Batches: 64  Memory Usage: 2425kB
                    ->  Seq Scan on title t  (cost=0.00..61283.27 rows=2528527 width=4) (actual time=0.017..891.802 rows=2528312 loops=1)
Planning time: 3.552 ms
Execution time: 26036.297 ms
