Seq Scan on cast_info ci  (cost=0.00..796071.18 rows=26495771 width=0) (actual time=0.013..16676.493 rows=28597168 loops=1)
  Filter: ((person_id < 3060289) AND (role_id < 10))
  Rows Removed by Filter: 7647176
Planning time: 0.399 ms
Execution time: 20293.204 ms
