Seq Scan on movie_keyword mk  (cost=0.00..81003.12 rows=961131 width=0) (actual time=0.018..1157.964 rows=970842 loops=1)
  Filter: (keyword_id > 19476)
  Rows Removed by Filter: 3553088
Planning time: 0.240 ms
Execution time: 1277.549 ms
