Nested Loop  (cost=0.43..83072.29 rows=1 width=0) (actual time=88.195..1376.162 rows=11 loops=1)
  ->  Seq Scan on movie_keyword mk  (cost=0.00..81003.12 rows=246 width=4) (actual time=2.320..1305.290 rows=2029 loops=1)
        Filter: (keyword_id = 4801)
        Rows Removed by Filter: 4521901
  ->  Index Scan using title_pkey on title t  (cost=0.43..8.40 rows=1 width=4) (actual time=0.034..0.034 rows=0 loops=2029)
        Index Cond: (id = mk.movie_id)
        Filter: (production_year = 1992)
        Rows Removed by Filter: 1
Planning time: 0.762 ms
Execution time: 1376.260 ms
