Hash Join  (cost=298743.73..1826443.64 rows=39262665 width=0) (actual time=7793.607..69934.979 rows=130091480 loops=1)
  Hash Cond: (ci.movie_id = t.id)
  ->  Seq Scan on cast_info ci  (cost=0.00..614943.12 rows=36225612 width=4) (actual time=0.014..12243.163 rows=36244344 loops=1)
  ->  Hash  (cost=253781.33..253781.33 rows=2740512 width=8) (actual time=7791.244..7791.244 rows=2269483 loops=1)
        Buckets: 131072  Batches: 64  Memory Usage: 2400kB
        ->  Hash Join  (cost=92735.26..253781.33 rows=2740512 width=8) (actual time=1577.050..6404.569 rows=2269483 loops=1)
              Hash Cond: (mk.movie_id = t.id)
              ->  Seq Scan on movie_keyword mk  (cost=0.00..69693.30 rows=4523930 width=4) (actual time=0.024..1375.437 rows=4523930 loops=1)
              ->  Hash  (cost=67604.59..67604.59 rows=1531734 width=4) (actual time=1575.496..1575.496 rows=1531613 loops=1)
                    Buckets: 131072  Batches: 32  Memory Usage: 2716kB
                    ->  Seq Scan on title t  (cost=0.00..67604.59 rows=1531734 width=4) (actual time=0.019..1093.446 rows=1531613 loops=1)
                          Filter: (production_year > 1997)
                          Rows Removed by Filter: 996699
Planning time: 1.145 ms
Execution time: 83948.708 ms
