Hash Join  (cost=76067.34..491948.81 rows=1014309 width=0) (actual time=2988.426..9442.515 rows=1374395 loops=1)
  Hash Cond: (mi.movie_id = t.id)
  ->  Seq Scan on movie_info mi  (cost=0.00..346232.03 rows=4972096 width=4) (actual time=1823.829..5402.692 rows=4923966 loops=1)
        Filter: (info_type_id < 5)
        Rows Removed by Filter: 9911754
  ->  Hash  (cost=67604.59..67604.59 rows=515820 width=4) (actual time=1163.532..1163.532 rows=508955 loops=1)
        Buckets: 131072  Batches: 8  Memory Usage: 3262kB
        ->  Seq Scan on title t  (cost=0.00..67604.59 rows=515820 width=4) (actual time=0.020..992.730 rows=508955 loops=1)
              Filter: (production_year < 1980)
              Rows Removed by Filter: 2019357
Planning time: 0.746 ms
Execution time: 9616.547 ms
