Seq Scan on movie_companies mc  (cost=0.00..51404.11 rows=1218865 width=0) (actual time=0.028..831.578 rows=1206154 loops=1)
  Filter: (company_id < 11136)
  Rows Removed by Filter: 1402975
Planning time: 0.236 ms
Execution time: 980.594 ms
