Seq Scan on movie_keyword mk  (cost=0.00..81003.12 rows=246 width=0) (actual time=4.236..1162.563 rows=686 loops=1)
  Filter: (keyword_id = 6545)
  Rows Removed by Filter: 4523244
Planning time: 0.373 ms
Execution time: 1162.938 ms
