Nested Loop  (cost=0.43..52283.95 rows=95 width=0) (actual time=132.733..792.017 rows=74 loops=1)
  ->  Seq Scan on movie_companies mc  (cost=0.00..51404.11 rows=104 width=4) (actual time=132.665..790.195 rows=74 loops=1)
        Filter: (company_id = 73315)
        Rows Removed by Filter: 2609055
  ->  Index Scan using title_pkey on title t  (cost=0.43..8.45 rows=1 width=4) (actual time=0.022..0.023 rows=1 loops=74)
        Index Cond: (id = mc.movie_id)
        Filter: (production_year > 1941)
Planning time: 0.718 ms
Execution time: 792.170 ms
