Hash Join  (cost=241272.23..1213326.38 rows=9603871 width=0) (actual time=5535.332..31090.473 rows=20277787 loops=1)
  Hash Cond: (ci.movie_id = t.id)
  ->  Seq Scan on cast_info ci  (cost=0.00..705507.15 rows=12726058 width=4) (actual time=185.113..13426.566 rows=12670688 loops=1)
        Filter: (role_id < 2)
        Rows Removed by Filter: 23573656
  ->  Hash  (cost=209965.94..209965.94 rows=1908183 width=8) (actual time=5349.310..5349.310 rows=1917840 loops=1)
        Buckets: 131072  Batches: 32  Memory Usage: 3345kB
        ->  Hash Join  (cost=102767.86..209965.94 rows=1908183 width=8) (actual time=1775.823..4803.222 rows=1917840 loops=1)
              Hash Cond: (mc.movie_id = t.id)
              ->  Seq Scan on movie_companies mc  (cost=0.00..51404.11 rows=1908183 width=4) (actual time=0.026..1051.627 rows=1917840 loops=1)
                    Filter: (company_id > 1270)
                    Rows Removed by Filter: 691289
              ->  Hash  (cost=61283.27..61283.27 rows=2528527 width=4) (actual time=1774.738..1774.738 rows=2528312 loops=1)
                    Buckets: 131072  Batches: 64  Memory Usage: 2415kB
                    ->  Seq Scan on title t  (cost=0.00..61283.27 rows=2528527 width=4) (actual time=0.017..949.220 rows=2528312 loops=1)
Planning time: 1.097 ms
Execution time: 33460.614 ms
