Hash Join  (cost=146509.98..632281.16 rows=559026 width=0) (actual time=2604.909..13115.638 rows=432089 loops=1)
  Hash Cond: (mi.movie_id = t.id)
  ->  Seq Scan on movie_info mi  (cost=0.00..309384.22 rows=14739122 width=4) (actual time=0.008..5415.065 rows=14835720 loops=1)
  ->  Hash  (cost=144936.20..144936.20 rows=95902 width=8) (actual time=2603.653..2603.653 rows=48971 loops=1)
        Buckets: 131072  Batches: 2  Memory Usage: 1988kB
        ->  Hash Join  (cost=77035.88..144936.20 rows=95902 width=8) (actual time=1108.895..2586.502 rows=48971 loops=1)
              Hash Cond: (mc.movie_id = t.id)
              ->  Seq Scan on movie_companies mc  (cost=0.00..51404.11 rows=1279517 width=4) (actual time=0.033..958.821 rows=1274246 loops=1)
                    Filter: (company_type_id < 2)
                    Rows Removed by Filter: 1334883
              ->  Hash  (cost=73925.90..73925.90 rows=189518 width=4) (actual time=1107.711..1107.711 rows=86916 loops=1)
                    Buckets: 131072  Batches: 4  Memory Usage: 1786kB
                    ->  Seq Scan on title t  (cost=0.00..73925.90 rows=189518 width=4) (actual time=0.012..1076.002 rows=86916 loops=1)
                          Filter: ((production_year < 1966) AND (kind_id = 7))
                          Rows Removed by Filter: 2441396
Planning time: 1.193 ms
Execution time: 13170.379 ms
