Seq Scan on movie_keyword mk  (cost=0.00..81003.12 rows=1857867 width=0) (actual time=0.015..1395.125 rows=1862557 loops=1)
  Filter: (keyword_id > 7401)
  Rows Removed by Filter: 2661373
Planning time: 0.319 ms
Execution time: 1641.251 ms
