Seq Scan on movie_keyword mk  (cost=0.00..81003.12 rows=5730 width=0) (actual time=0.097..1134.804 rows=4797 loops=1)
  Filter: (keyword_id = 11662)
  Rows Removed by Filter: 4519133
Planning time: 0.343 ms
Execution time: 1136.102 ms
