Seq Scan on cast_info ci  (cost=0.00..796071.18 rows=7344083 width=0) (actual time=2592.177..11010.091 rows=8773265 loops=1)
  Filter: ((person_id < 1079822) AND (role_id < 4))
  Rows Removed by Filter: 27471079
Planning time: 0.260 ms
Execution time: 12059.735 ms
