Hash Join  (cost=195123.34..1283388.85 rows=5301640 width=0) (actual time=4504.942..42988.634 rows=38778889 loops=1)
  Hash Cond: (ci.movie_id = t.id)
  ->  Seq Scan on cast_info ci  (cost=0.00..614943.12 rows=36225612 width=4) (actual time=0.013..12070.911 rows=36244344 loops=1)
  ->  Hash  (cost=189051.71..189051.71 rows=370051 width=8) (actual time=4504.025..4504.025 rows=859301 loops=1)
        Buckets: 131072 (originally 131072)  Batches: 16 (originally 8)  Memory Usage: 3150kB
        ->  Hash Join  (cost=88961.28..189051.71 rows=370051 width=8) (actual time=1344.225..4154.025 rows=859301 loops=1)
              Hash Cond: (mk.movie_id = t.id)
              ->  Seq Scan on movie_keyword mk  (cost=0.00..81003.12 rows=1021011 width=4) (actual time=0.017..1276.457 rows=1024156 loops=1)
                    Filter: (keyword_id < 1002)
                    Rows Removed by Filter: 3499774
              ->  Hash  (cost=73925.90..73925.90 rows=916430 width=4) (actual time=1343.073..1343.073 rows=859923 loops=1)
                    Buckets: 131072  Batches: 16  Memory Usage: 2925kB
                    ->  Seq Scan on title t  (cost=0.00..73925.90 rows=916430 width=4) (actual time=0.021..1065.612 rows=859923 loops=1)
                          Filter: ((kind_id < 7) AND (production_year > 1930))
                          Rows Removed by Filter: 1668389
Planning time: 1.275 ms
Execution time: 47265.473 ms
