Hash Join  (cost=82871.49..175959.85 rows=156451 width=0) (actual time=1345.618..2956.144 rows=454205 loops=1)
  Hash Cond: (mk.movie_id = t.id)
  ->  Seq Scan on movie_keyword mk  (cost=0.00..81003.12 rows=725527 width=4) (actual time=0.010..1110.256 rows=731224 loops=1)
        Filter: (keyword_id > 25676)
        Rows Removed by Filter: 3792706
  ->  Hash  (cost=73925.90..73925.90 rows=545247 width=4) (actual time=1344.685..1344.685 rows=557319 loops=1)
        Buckets: 131072  Batches: 8  Memory Usage: 3494kB
        ->  Seq Scan on title t  (cost=0.00..73925.90 rows=545247 width=4) (actual time=590.185..1163.390 rows=557319 loops=1)
              Filter: ((production_year < 2011) AND (kind_id = 1))
              Rows Removed by Filter: 1970993
Planning time: 0.577 ms
Execution time: 3010.182 ms
