Hash Join  (cost=123830.42..1026603.22 rows=489399 width=0) (actual time=2324.306..18456.921 rows=878406 loops=1)
  Hash Cond: (ci.movie_id = t.id)
  ->  Seq Scan on cast_info ci  (cost=0.00..796071.18 rows=8757236 width=4) (actual time=0.020..12360.419 rows=8622639 loops=1)
        Filter: ((person_id > 2807431) AND (role_id < 11))
        Rows Removed by Filter: 27621705
  ->  Hash  (cost=121512.08..121512.08 rows=141307 width=8) (actual time=2323.526..2323.526 rows=67492 loops=1)
        Buckets: 131072  Batches: 2  Memory Usage: 2342kB
        ->  Hash Join  (cost=86534.07..121512.08 rows=141307 width=8) (actual time=1455.398..2298.753 rows=67492 loops=1)
              Hash Cond: (mi_idx.movie_id = t.id)
              ->  Seq Scan on movie_info_idx mi_idx  (cost=0.00..25185.44 rows=464934 width=4) (actual time=0.024..455.862 rows=460185 loops=1)
                    Filter: (info_type_id > 100)
                    Rows Removed by Filter: 919850
              ->  Hash  (cost=73925.90..73925.90 rows=768493 width=4) (actual time=1454.373..1454.373 rows=840010 loops=1)
                    Buckets: 131072  Batches: 16  Memory Usage: 2877kB
                    ->  Seq Scan on title t  (cost=0.00..73925.90 rows=768493 width=4) (actual time=0.014..1187.004 rows=840010 loops=1)
                          Filter: ((production_year > 2002) AND (kind_id = 7))
                          Rows Removed by Filter: 1688302
Planning time: 1.203 ms
Execution time: 18573.882 ms
