Seq Scan on movie_keyword mk  (cost=0.00..81003.12 rows=135358 width=0) (actual time=0.017..1224.139 rows=132096 loops=1)
  Filter: (keyword_id > 76064)
  Rows Removed by Filter: 4391834
Planning time: 0.317 ms
Execution time: 1242.821 ms
