Hash Join  (cost=939136.92..1471862.81 rows=4959596 width=0) (actual time=13438.618..26359.680 rows=2041249 loops=1)
  Hash Cond: (mi.movie_id = t.id)
  ->  Seq Scan on movie_info mi  (cost=0.00..309384.22 rows=14739122 width=4) (actual time=0.016..5099.826 rows=14835720 loops=1)
  ->  Hash  (cost=925177.56..925177.56 rows=850829 width=8) (actual time=13437.433..13437.433 rows=297138 loops=1)
        Buckets: 131072  Batches: 16  Memory Usage: 1740kB
        ->  Hash Join  (cost=97835.13..925177.56 rows=850829 width=8) (actual time=2797.324..13347.610 rows=297138 loops=1)
              Hash Cond: (ci.movie_id = t.id)
              ->  Seq Scan on cast_info ci  (cost=0.00..796071.18 rows=1476256 width=4) (actual time=1058.720..11058.699 rows=479479 loops=1)
                    Filter: ((person_id < 1211753) AND (role_id = 10))
                    Rows Removed by Filter: 35764865
              ->  Hash  (cost=73925.90..73925.90 rows=1457298 width=4) (actual time=1733.802..1733.802 rows=1438183 loops=1)
                    Buckets: 131072  Batches: 32  Memory Usage: 2604kB
                    ->  Seq Scan on title t  (cost=0.00..73925.90 rows=1457298 width=4) (actual time=148.339..1288.497 rows=1438183 loops=1)
                          Filter: ((production_year < 2013) AND (kind_id = 7))
                          Rows Removed by Filter: 1090129
Planning time: 1.189 ms
Execution time: 26561.670 ms
