Hash Join  (cost=97066.09..1058170.14 rows=5635180 width=0) (actual time=1808.049..16596.609 rows=2379856 loops=1)
  Hash Cond: (ci.movie_id = t.id)
  ->  Seq Scan on cast_info ci  (cost=0.00..796071.18 rows=7934814 width=4) (actual time=7.122..12148.839 rows=3373896 loops=1)
        Filter: ((person_id < 1195512) AND (role_id > 1))
        Rows Removed by Filter: 32870448
  ->  Hash  (cost=67604.59..67604.59 rows=1795720 width=4) (actual time=1748.738..1748.738 rows=1794153 loops=1)
        Buckets: 131072  Batches: 32  Memory Usage: 2992kB
        ->  Seq Scan on title t  (cost=0.00..67604.59 rows=1795720 width=4) (actual time=0.015..1167.232 rows=1794153 loops=1)
              Filter: (production_year < 2009)
              Rows Removed by Filter: 734159
Planning time: 0.734 ms
Execution time: 16861.821 ms
