Hash Join  (cost=114149.46..204507.76 rows=40003 width=0) (actual time=2038.491..3877.639 rows=37752 loops=1)
  Hash Cond: (mk.movie_id = t.id)
  ->  Seq Scan on movie_keyword mk  (cost=0.00..81003.12 rows=2388039 width=4) (actual time=0.013..1430.483 rows=2386079 loops=1)
        Filter: (keyword_id < 5521)
        Rows Removed by Filter: 2137851
  ->  Hash  (cost=113620.01..113620.01 rows=42356 width=8) (actual time=2037.918..2037.918 rows=20619 loops=1)
        Buckets: 65536  Batches: 1  Memory Usage: 1318kB
        ->  Hash Join  (cost=75199.97..113620.01 rows=42356 width=8) (actual time=1488.153..2030.843 rows=20619 loops=1)
              Hash Cond: (mi_idx.movie_id = t.id)
              ->  Seq Scan on movie_info_idx mi_idx  (cost=0.00..21735.35 rows=1380035 width=4) (actual time=0.025..447.663 rows=1380035 loops=1)
              ->  Hash  (cost=73925.90..73925.90 rows=77605 width=4) (actual time=1119.833..1119.833 rows=84684 loops=1)
                    Buckets: 131072  Batches: 2  Memory Usage: 2512kB
                    ->  Seq Scan on title t  (cost=0.00..73925.90 rows=77605 width=4) (actual time=0.024..1090.063 rows=84684 loops=1)
                          Filter: ((kind_id = 7) AND (production_year = 2009))
                          Rows Removed by Filter: 2443628
Planning time: 1.149 ms
Execution time: 3882.860 ms
