Seq Scan on movie_keyword mk  (cost=0.00..81003.12 rows=936357 width=0) (actual time=0.021..1238.169 rows=945640 loops=1)
  Filter: (keyword_id > 20079)
  Rows Removed by Filter: 3578290
Planning time: 0.350 ms
Execution time: 1360.588 ms
