Hash Join  (cost=116846.28..193128.90 rows=89410 width=0) (actual time=2043.517..3760.098 rows=81776 loops=1)
  Hash Cond: (mc.movie_id = t.id)
  ->  Seq Scan on movie_companies mc  (cost=0.00..44881.29 rows=2609129 width=4) (actual time=0.017..846.905 rows=2609129 loops=1)
  ->  Hash  (cost=115424.18..115424.18 rows=86648 width=8) (actual time=2040.619..2040.619 rows=36630 loops=1)
        Buckets: 131072  Batches: 2  Memory Usage: 1739kB
        ->  Hash Join  (cost=77854.63..115424.18 rows=86648 width=8) (actual time=1214.789..2029.498 rows=36630 loops=1)
              Hash Cond: (mi_idx.movie_id = t.id)
              ->  Seq Scan on movie_info_idx mi_idx  (cost=0.00..25185.44 rows=915101 width=4) (actual time=0.020..512.194 rows=919850 loops=1)
                    Filter: (info_type_id < 101)
                    Rows Removed by Filter: 460185
              ->  Hash  (cost=73925.90..73925.90 rows=239418 width=4) (actual time=1104.493..1104.493 rows=256906 loops=1)
                    Buckets: 131072  Batches: 4  Memory Usage: 3296kB
                    ->  Seq Scan on title t  (cost=0.00..73925.90 rows=239418 width=4) (actual time=0.021..1019.433 rows=256906 loops=1)
                          Filter: ((production_year > 2010) AND (kind_id = 7))
                          Rows Removed by Filter: 2271406
Planning time: 1.144 ms
Execution time: 3770.968 ms
