Seq Scan on movie_companies mc  (cost=0.00..57926.93 rows=1329206 width=0) (actual time=0.021..1079.005 rows=1334133 loops=1)
  Filter: ((company_id < 234268) AND (company_type_id = 2))
  Rows Removed by Filter: 1274996
Planning time: 0.338 ms
Execution time: 1247.095 ms
