Hash Join  (cost=73962.22..421975.75 rows=544 width=0) (actual time=2644.879..6308.995 rows=1987 loops=1)
  Hash Cond: (mi.movie_id = t.id)
  ->  Seq Scan on movie_info mi  (cost=0.00..346232.03 rows=473617 width=4) (actual time=1522.297..5123.511 rows=486554 loops=1)
        Filter: (info_type_id = 5)
        Rows Removed by Filter: 14349166
  ->  Hash  (cost=73925.90..73925.90 rows=2905 width=4) (actual time=1106.681..1106.681 rows=4390 loops=1)
        Buckets: 8192 (originally 4096)  Batches: 1 (originally 1)  Memory Usage: 219kB
        ->  Seq Scan on title t  (cost=0.00..73925.90 rows=2905 width=4) (actual time=3.401..1104.281 rows=4390 loops=1)
              Filter: ((kind_id < 7) AND (production_year = 1962))
              Rows Removed by Filter: 2523922
Planning time: 0.544 ms
Execution time: 6309.491 ms
