Hash Join  (cost=102767.86..226850.64 rows=1379794 width=0) (actual time=1975.436..4989.626 rows=1391019 loops=1)
  Hash Cond: (mk.movie_id = t.id)
  ->  Seq Scan on movie_keyword mk  (cost=0.00..81003.12 rows=1379794 width=4) (actual time=0.013..1523.376 rows=1391019 loops=1)
        Filter: (keyword_id < 1878)
        Rows Removed by Filter: 3132911
  ->  Hash  (cost=61283.27..61283.27 rows=2528527 width=4) (actual time=1974.114..1974.114 rows=2528312 loops=1)
        Buckets: 131072  Batches: 64  Memory Usage: 2425kB
        ->  Seq Scan on title t  (cost=0.00..61283.27 rows=2528527 width=4) (actual time=0.009..1080.957 rows=2528312 loops=1)
Planning time: 0.706 ms
Execution time: 5152.130 ms
