Hash Join  (cost=117248.38..1004903.46 rows=414283 width=0) (actual time=2495.566..21562.076 rows=2002134 loops=1)
  Hash Cond: (ci.movie_id = t.id)
  ->  Seq Scan on cast_info ci  (cost=0.00..796071.18 rows=7515220 width=4) (actual time=190.040..13317.766 rows=11615567 loops=1)
        Filter: ((person_id > 2533352) AND (role_id > 1))
        Rows Removed by Filter: 24628777
  ->  Hash  (cost=114961.05..114961.05 rows=139387 width=8) (actual time=2304.727..2304.727 rows=247826 loops=1)
        Buckets: 131072 (originally 131072)  Batches: 4 (originally 2)  Memory Usage: 3450kB
        ->  Hash Join  (cost=80042.24..114961.05 rows=139387 width=8) (actual time=1317.835..2222.546 rows=247826 loops=1)
              Hash Cond: (mi_idx.movie_id = t.id)
              ->  Seq Scan on movie_info_idx mi_idx  (cost=0.00..25185.44 rows=464934 width=4) (actual time=0.026..452.888 rows=460185 loops=1)
                    Filter: (info_type_id > 100)
                    Rows Removed by Filter: 919850
              ->  Hash  (cost=67604.59..67604.59 rows=758052 width=4) (actual time=1315.758..1315.758 rows=753677 loops=1)
                    Buckets: 131072  Batches: 16  Memory Usage: 2677kB
                    ->  Seq Scan on title t  (cost=0.00..67604.59 rows=758052 width=4) (actual time=0.013..1066.970 rows=753677 loops=1)
                          Filter: (kind_id < 3)
                          Rows Removed by Filter: 1774635
Planning time: 1.172 ms
Execution time: 21798.144 ms
