Nested Loop  (cost=0.43..70968.65 rows=884 width=0) (actual time=202.896..921.844 rows=984 loops=1)
  ->  Seq Scan on movie_companies mc  (cost=0.00..57926.93 rows=1621 width=4) (actual time=202.838..897.910 rows=1369 loops=1)
        Filter: ((company_type_id < 2) AND (company_id = 401))
        Rows Removed by Filter: 2607760
  ->  Index Scan using title_pkey on title t  (cost=0.43..8.04 rows=1 width=4) (actual time=0.016..0.017 rows=1 loops=1369)
        Index Cond: (id = mc.movie_id)
        Filter: ((kind_id > 1) AND (production_year > 1984))
        Rows Removed by Filter: 0
Planning time: 0.857 ms
Execution time: 922.259 ms
