Hash Join  (cost=82423.69..197515.91 rows=721242 width=0) (actual time=1357.015..3944.775 rows=494942 loops=1)
  Hash Cond: (mk.movie_id = t.id)
  ->  Seq Scan on movie_keyword mk  (cost=0.00..81003.12 rows=2019115 width=4) (actual time=0.014..1412.904 rows=2024566 loops=1)
        Filter: (keyword_id > 6106)
        Rows Removed by Filter: 2499364
  ->  Hash  (cost=67604.59..67604.59 rows=903208 width=4) (actual time=1355.247..1355.247 rows=904491 loops=1)
        Buckets: 131072  Batches: 16  Memory Usage: 3017kB
        ->  Seq Scan on title t  (cost=0.00..67604.59 rows=903208 width=4) (actual time=0.014..1052.623 rows=904491 loops=1)
              Filter: (production_year > 2006)
              Rows Removed by Filter: 1623821
Planning time: 0.672 ms
Execution time: 4006.114 ms
