Hash Join  (cost=240820.44..823407.30 rows=7905899 width=0) (actual time=6265.899..62468.903 rows=217084601 loops=1)
  Hash Cond: (mi.movie_id = t.id)
  ->  Seq Scan on movie_info mi  (cost=0.00..309384.22 rows=14739122 width=4) (actual time=0.008..5512.467 rows=14835720 loops=1)
  ->  Hash  (cost=218569.01..218569.01 rows=1356274 width=8) (actual time=6263.683..6263.683 rows=3069804 loops=1)
        Buckets: 131072 (originally 131072)  Batches: 64 (originally 32)  Memory Usage: 3073kB
        ->  Hash Join  (cost=80042.24..218569.01 rows=1356274 width=8) (actual time=1290.391..5372.178 rows=3069804 loops=1)
              Hash Cond: (mk.movie_id = t.id)
              ->  Seq Scan on movie_keyword mk  (cost=0.00..69693.30 rows=4523930 width=4) (actual time=0.015..1264.618 rows=4523930 loops=1)
              ->  Hash  (cost=67604.59..67604.59 rows=758052 width=4) (actual time=1289.531..1289.531 rows=753677 loops=1)
                    Buckets: 131072  Batches: 16  Memory Usage: 2686kB
                    ->  Seq Scan on title t  (cost=0.00..67604.59 rows=758052 width=4) (actual time=0.022..1040.027 rows=753677 loops=1)
                          Filter: (kind_id < 3)
                          Rows Removed by Filter: 1774635
Planning time: 1.097 ms
Execution time: 83688.532 ms
