Hash Join  (cost=83074.74..895359.89 rows=421 width=0) (actual time=4109.444..12402.312 rows=5726 loops=1)
  Hash Cond: (ci.movie_id = t.id)
  ->  Seq Scan on cast_info ci  (cost=0.00..796071.18 rows=4322602 width=4) (actual time=3070.389..10571.184 rows=5132188 loops=1)
        Filter: ((person_id < 620974) AND (role_id < 4))
        Rows Removed by Filter: 31112156
  ->  Hash  (cost=83071.67..83071.67 rows=246 width=8) (actual time=1038.393..1038.393 rows=721 loops=1)
        Buckets: 1024  Batches: 1  Memory Usage: 37kB
        ->  Nested Loop  (cost=0.43..83071.67 rows=246 width=8) (actual time=0.588..1037.852 rows=721 loops=1)
              ->  Seq Scan on movie_keyword mk  (cost=0.00..81003.12 rows=246 width=4) (actual time=0.483..1019.175 rows=721 loops=1)
                    Filter: (keyword_id = 8800)
                    Rows Removed by Filter: 4523209
              ->  Index Only Scan using title_pkey on title t  (cost=0.43..8.40 rows=1 width=4) (actual time=0.024..0.025 rows=1 loops=721)
                    Index Cond: (id = mk.movie_id)
                    Heap Fetches: 721
Planning time: 1.107 ms
Execution time: 12403.670 ms
