Hash Join  (cost=133581.01..213541.26 rows=356172 width=0) (actual time=2598.428..4624.387 rows=444099 loops=1)
  Hash Cond: (mc.movie_id = t.id)
  ->  Seq Scan on movie_companies mc  (cost=0.00..44881.29 rows=2609129 width=4) (actual time=0.011..829.500 rows=2609129 loops=1)
  ->  Hash  (cost=127917.40..127917.40 rows=345169 width=8) (actual time=2596.160..2596.160 rows=182811 loops=1)
        Buckets: 131072  Batches: 8  Memory Usage: 1901kB
        ->  Hash Join  (cost=84302.23..127917.40 rows=345169 width=8) (actual time=1368.131..2539.113 rows=182811 loops=1)
              Hash Cond: (mi_idx.movie_id = t.id)
              ->  Seq Scan on movie_info_idx mi_idx  (cost=0.00..21735.35 rows=1380035 width=4) (actual time=0.024..386.127 rows=1380035 loops=1)
              ->  Hash  (cost=73925.90..73925.90 rows=632426 width=4) (actual time=1367.299..1367.299 rows=674499 loops=1)
                    Buckets: 131072  Batches: 16  Memory Usage: 2509kB
                    ->  Seq Scan on title t  (cost=0.00..73925.90 rows=632426 width=4) (actual time=0.015..1152.081 rows=674499 loops=1)
                          Filter: ((kind_id > 2) AND (production_year > 2006))
                          Rows Removed by Filter: 1853813
Planning time: 1.231 ms
Execution time: 4674.415 ms
