Seq Scan on movie_companies mc  (cost=0.00..51404.11 rows=1753110 width=0) (actual time=0.068..985.353 rows=1746083 loops=1)
  Filter: (company_id < 24091)
  Rows Removed by Filter: 863046
Planning time: 2.330 ms
Execution time: 1206.893 ms
