Hash Join  (cost=129664.35..222822.06 rows=38476 width=0) (actual time=3045.013..5420.439 rows=309382 loops=1)
  Hash Cond: (mk.movie_id = t.id)
  ->  Seq Scan on movie_keyword mk  (cost=0.00..81003.12 rows=3138621 width=4) (actual time=0.020..1475.663 rows=3122775 loops=1)
        Filter: (keyword_id < 11954)
        Rows Removed by Filter: 1401155
  ->  Hash  (cost=129276.89..129276.89 rows=30997 width=8) (actual time=2900.718..2900.718 rows=223914 loops=1)
        Buckets: 131072 (originally 32768)  Batches: 2 (originally 1)  Memory Usage: 5390kB
        ->  Hash Join  (cost=74301.39..129276.89 rows=30997 width=8) (actual time=1234.703..2820.085 rows=223914 loops=1)
              Hash Cond: (mc.movie_id = t.id)
              ->  Seq Scan on movie_companies mc  (cost=0.00..44881.29 rows=2609129 width=4) (actual time=0.011..624.523 rows=2609129 loops=1)
              ->  Hash  (cost=73925.90..73925.90 rows=30039 width=4) (actual time=1004.501..1004.501 rows=117851 loops=1)
                    Buckets: 131072 (originally 32768)  Batches: 2 (originally 1)  Memory Usage: 3091kB
                    ->  Seq Scan on title t  (cost=0.00..73925.90 rows=30039 width=4) (actual time=136.128..958.689 rows=117851 loops=1)
                          Filter: ((production_year < 1931) AND (kind_id = 1))
                          Rows Removed by Filter: 2410461
Planning time: 3.523 ms
Execution time: 5461.855 ms
