Nested Loop  (cost=0.43..52283.69 rows=104 width=0) (actual time=137.431..814.242 rows=64 loops=1)
  ->  Seq Scan on movie_companies mc  (cost=0.00..51404.11 rows=104 width=4) (actual time=137.353..810.254 rows=64 loops=1)
        Filter: (company_id = 88756)
        Rows Removed by Filter: 2609065
  ->  Index Only Scan using title_pkey on title t  (cost=0.43..8.45 rows=1 width=4) (actual time=0.060..0.061 rows=1 loops=64)
        Index Cond: (id = mc.movie_id)
        Heap Fetches: 64
Planning time: 0.696 ms
Execution time: 814.321 ms
