Hash Join  (cost=213922.65..1333100.66 rows=8310886 width=0) (actual time=4735.063..56154.657 rows=80741977 loops=1)
  Hash Cond: (ci.movie_id = t.id)
  ->  Seq Scan on cast_info ci  (cost=0.00..614943.12 rows=36225612 width=4) (actual time=0.010..11896.568 rows=36244344 loops=1)
  ->  Hash  (cost=204405.46..204405.46 rows=580095 width=8) (actual time=4734.034..4734.034 rows=1115623 loops=1)
        Buckets: 131072 (originally 131072)  Batches: 16 (originally 8)  Memory Usage: 3776kB
        ->  Hash Join  (cost=82272.69..204405.46 rows=580095 width=8) (actual time=1313.941..4395.333 rows=1115623 loops=1)
              Hash Cond: (mk.movie_id = t.id)
              ->  Seq Scan on movie_keyword mk  (cost=0.00..81003.12 rows=2883384 width=4) (actual time=0.020..1511.768 rows=2875215 loops=1)
                    Filter: (keyword_id < 8908)
                    Rows Removed by Filter: 1648715
              ->  Hash  (cost=73925.90..73925.90 rows=508703 width=4) (actual time=1313.199..1313.199 rows=377920 loops=1)
                    Buckets: 131072  Batches: 8  Memory Usage: 2700kB
                    ->  Seq Scan on title t  (cost=0.00..73925.90 rows=508703 width=4) (actual time=545.972..1188.975 rows=377920 loops=1)
                          Filter: ((production_year > 1981) AND (kind_id = 1))
                          Rows Removed by Filter: 2150392
Planning time: 0.727 ms
Execution time: 65681.349 ms
