Hash Join  (cost=165320.28..220022.85 rows=3705 width=0) (actual time=1403.145..2621.581 rows=34891 loops=1)
  Hash Cond: (mc.movie_id = t.id)
  ->  Seq Scan on movie_companies mc  (cost=0.00..44881.29 rows=2609129 width=4) (actual time=0.012..641.875 rows=2609129 loops=1)
  ->  Hash  (cost=165275.39..165275.39 rows=3591 width=8) (actual time=1403.064..1403.064 rows=9205 loops=1)
        Buckets: 16384 (originally 4096)  Batches: 1 (originally 1)  Memory Usage: 488kB
        ->  Nested Loop  (cost=0.43..165275.39 rows=3591 width=8) (actual time=0.774..1397.671 rows=9205 loops=1)
              ->  Seq Scan on movie_keyword mk  (cost=0.00..81003.12 rows=13873 width=4) (actual time=0.741..1167.128 rows=14364 loops=1)
                    Filter: (keyword_id = 1)
                    Rows Removed by Filter: 4509566
              ->  Index Scan using title_pkey on title t  (cost=0.43..6.06 rows=1 width=4) (actual time=0.015..0.015 rows=1 loops=14364)
                    Index Cond: (id = mk.movie_id)
                    Filter: ((kind_id < 4) AND (production_year < 2010))
                    Rows Removed by Filter: 0
Planning time: 1.106 ms
Execution time: 2627.032 ms
