Hash Join  (cost=214799.19..257385.84 rows=285217 width=0) (actual time=4180.445..5499.349 rows=1054572 loops=1)
  Hash Cond: (mi_idx.movie_id = t.id)
  ->  Seq Scan on movie_info_idx mi_idx  (cost=0.00..21735.35 rows=1380035 width=4) (actual time=0.018..396.459 rows=1380035 loops=1)
  ->  Hash  (cost=206224.92..206224.92 rows=522581 width=8) (actual time=4179.581..4179.581 rows=520878 loops=1)
        Buckets: 131072  Batches: 8  Memory Usage: 3599kB
        ->  Hash Join  (cost=102767.86..206224.92 rows=522581 width=8) (actual time=1866.388..4018.421 rows=520878 loops=1)
              Hash Cond: (mk.movie_id = t.id)
              ->  Seq Scan on movie_keyword mk  (cost=0.00..81003.12 rows=522581 width=4) (actual time=0.023..1300.519 rows=520878 loops=1)
                    Filter: (keyword_id < 382)
                    Rows Removed by Filter: 4003052
              ->  Hash  (cost=61283.27..61283.27 rows=2528527 width=4) (actual time=1864.685..1864.685 rows=2528312 loops=1)
                    Buckets: 131072  Batches: 64  Memory Usage: 2425kB
                    ->  Seq Scan on title t  (cost=0.00..61283.27 rows=2528527 width=4) (actual time=0.014..987.437 rows=2528312 loops=1)
Planning time: 1.135 ms
Execution time: 5626.792 ms
