Seq Scan on movie_companies mc  (cost=0.00..57926.93 rows=668834 width=0) (actual time=342.257..1040.689 rows=440628 loops=1)
  Filter: ((company_id > 11145) AND (company_type_id < 2))
  Rows Removed by Filter: 2168501
Planning time: 0.335 ms
Execution time: 1095.735 ms
