Hash Join  (cost=132243.16..885636.19 rows=16317 width=0) (actual time=3186.712..17093.898 rows=40476 loops=1)
  Hash Cond: (ci.movie_id = t.id)
  ->  Seq Scan on cast_info ci  (cost=0.00..705507.15 rows=12726058 width=4) (actual time=967.055..12750.347 rows=12670688 loops=1)
        Filter: (role_id = 1)
        Rows Removed by Filter: 23573656
  ->  Hash  (cost=132202.63..132202.63 rows=3242 width=8) (actual time=2218.866..2218.866 rows=5594 loops=1)
        Buckets: 8192 (originally 4096)  Batches: 1 (originally 1)  Memory Usage: 283kB
        ->  Hash Join  (cost=73982.55..132202.63 rows=3242 width=8) (actual time=1046.778..2216.677 rows=5594 loops=1)
              Hash Cond: (mc.movie_id = t.id)
              ->  Seq Scan on movie_companies mc  (cost=0.00..51404.11 rows=1808945 width=4) (actual time=0.027..850.994 rows=1802114 loops=1)
                    Filter: (company_id < 29651)
                    Rows Removed by Filter: 807015
              ->  Hash  (cost=73925.90..73925.90 rows=4532 width=4) (actual time=1046.515..1046.515 rows=8488 loops=1)
                    Buckets: 16384 (originally 8192)  Batches: 1 (originally 1)  Memory Usage: 427kB
                    ->  Seq Scan on title t  (cost=0.00..73925.90 rows=4532 width=4) (actual time=0.262..1042.289 rows=8488 loops=1)
                          Filter: ((kind_id = 7) AND (production_year = 1969))
                          Rows Removed by Filter: 2519824
Planning time: 1.089 ms
Execution time: 17100.531 ms
