Seq Scan on cast_info ci  (cost=0.00..796071.18 rows=6536016 width=0) (actual time=689.165..12351.295 rows=74117 loops=1)
  Filter: ((person_id > 1729960) AND (role_id = 1))
  Rows Removed by Filter: 36170227
Planning time: 1.225 ms
Execution time: 12360.939 ms
