Hash Join  (cost=171751.15..970838.50 rows=9913 width=0) (actual time=7489.754..13865.288 rows=6310 loops=1)
  Hash Cond: (ci.movie_id = t.id)
  ->  Seq Scan on cast_info ci  (cost=0.00..796071.18 rows=777879 width=4) (actual time=4497.127..10605.164 rows=1538016 loops=1)
        Filter: ((person_id < 211197) AND (role_id < 2))
        Rows Removed by Filter: 34706328
  ->  Hash  (cost=171348.38..171348.38 rows=32221 width=8) (actual time=2992.190..2992.190 rows=6578 loops=1)
        Buckets: 32768  Batches: 1  Memory Usage: 513kB
        ->  Hash Join  (cost=102767.86..171348.38 rows=32221 width=8) (actual time=1827.197..2989.355 rows=6578 loops=1)
              Hash Cond: (mc.movie_id = t.id)
              ->  Seq Scan on movie_companies mc  (cost=0.00..57926.93 rows=32221 width=4) (actual time=0.525..753.084 rows=6578 loops=1)
                    Filter: ((company_type_id > 1) AND (company_id = 6))
                    Rows Removed by Filter: 2602551
              ->  Hash  (cost=61283.27..61283.27 rows=2528527 width=4) (actual time=1822.800..1822.800 rows=2528312 loops=1)
                    Buckets: 131072  Batches: 64  Memory Usage: 2415kB
                    ->  Seq Scan on title t  (cost=0.00..61283.27 rows=2528527 width=4) (actual time=0.027..1013.902 rows=2528312 loops=1)
Planning time: 1.178 ms
Execution time: 13866.909 ms
