Hash Join  (cost=76379.89..1096581.25 rows=4834198 width=0) (actual time=1181.785..27923.417 rows=4677303 loops=1)
  Hash Cond: (ci.movie_id = t.id)
  ->  Seq Scan on cast_info ci  (cost=0.00..705507.15 rows=22854994 width=4) (actual time=0.038..13876.995 rows=22732085 loops=1)
        Filter: (person_id < 2320861)
        Rows Removed by Filter: 13512259
  ->  Hash  (cost=67604.59..67604.59 rows=534824 width=4) (actual time=1180.676..1180.676 rows=533369 loops=1)
        Buckets: 131072  Batches: 8  Memory Usage: 3369kB
        ->  Seq Scan on title t  (cost=0.00..67604.59 rows=534824 width=4) (actual time=0.011..1010.934 rows=533369 loops=1)
              Filter: (production_year > 2009)
              Rows Removed by Filter: 1994943
Planning time: 0.798 ms
Execution time: 28448.816 ms
