Seq Scan on cast_info ci  (cost=0.00..705507.15 rows=30602802 width=0) (actual time=0.018..11499.888 rows=30556306 loops=1)
  Filter: (person_id < 3080050)
  Rows Removed by Filter: 5688038
Planning time: 0.339 ms
Execution time: 15135.039 ms
