Seq Scan on cast_info ci  (cost=0.00..705507.15 rows=7216972 width=0) (actual time=224.035..10085.731 rows=7162139 loops=1)
  Filter: (person_id < 692312)
  Rows Removed by Filter: 29082205
Planning time: 0.354 ms
Execution time: 10980.982 ms
