Hash Join  (cost=83072.40..109982.93 rows=5 width=0) (actual time=1281.579..1655.020 rows=28 loops=1)
  Hash Cond: (mi_idx.movie_id = t.id)
  ->  Seq Scan on movie_info_idx mi_idx  (cost=0.00..21735.35 rows=1380035 width=4) (actual time=0.047..275.981 rows=1380035 loops=1)
  ->  Hash  (cost=83072.29..83072.29 rows=9 width=8) (actual time=1124.617..1124.617 rows=10 loops=1)
        Buckets: 1024  Batches: 1  Memory Usage: 9kB
        ->  Nested Loop  (cost=0.43..83072.29 rows=9 width=8) (actual time=80.107..1124.575 rows=10 loops=1)
              ->  Seq Scan on movie_keyword mk  (cost=0.00..81003.12 rows=246 width=4) (actual time=11.637..1110.468 rows=313 loops=1)
                    Filter: (keyword_id = 12548)
                    Rows Removed by Filter: 4523617
              ->  Index Scan using title_pkey on title t  (cost=0.43..8.40 rows=1 width=4) (actual time=0.043..0.043 rows=0 loops=313)
                    Index Cond: (id = mk.movie_id)
                    Filter: (production_year = 2005)
                    Rows Removed by Filter: 1
Planning time: 1.146 ms
Execution time: 1655.152 ms
