Seq Scan on movie_companies mc  (cost=0.00..51404.11 rows=104 width=0) (actual time=647.122..852.575 rows=19 loops=1)
  Filter: (company_id = 82997)
  Rows Removed by Filter: 2609110
Planning time: 0.382 ms
Execution time: 852.662 ms
