Hash Join  (cost=78968.55..111157.93 rows=55197 width=0) (actual time=1061.209..1775.050 rows=70295 loops=1)
  Hash Cond: (mi_idx.movie_id = t.id)
  ->  Seq Scan on movie_info_idx mi_idx  (cost=0.00..25185.44 rows=454124 width=4) (actual time=0.022..458.283 rows=459925 loops=1)
        Filter: (info_type_id = 100)
        Rows Removed by Filter: 920110
  ->  Hash  (cost=73925.90..73925.90 rows=307332 width=4) (actual time=1059.933..1059.933 rows=252953 loops=1)
        Buckets: 131072  Batches: 8  Memory Usage: 2127kB
        ->  Seq Scan on title t  (cost=0.00..73925.90 rows=307332 width=4) (actual time=0.052..983.078 rows=252953 loops=1)
              Filter: ((kind_id < 4) AND (production_year > 2006))
              Rows Removed by Filter: 2275359
Planning time: 0.727 ms
Execution time: 1783.637 ms
