Seq Scan on movie_companies mc  (cost=0.00..57926.93 rows=53 width=0) (actual time=50.917..642.457 rows=20 loops=1)
  Filter: ((company_id = 94440) AND (company_type_id = 2))
  Rows Removed by Filter: 2609109
Planning time: 0.359 ms
Execution time: 642.553 ms
