Seq Scan on movie_keyword mk  (cost=0.00..81003.12 rows=246 width=12) (actual time=18.622..1367.184 rows=148 loops=1)
  Filter: (keyword_id = 2059)
  Rows Removed by Filter: 4523782
Planning time: 0.354 ms
Execution time: 1367.256 ms
