Seq Scan on movie_keyword mk  (cost=0.00..81003.12 rows=44319 width=0) (actual time=5.734..1217.204 rows=40953 loops=1)
  Filter: (keyword_id > 104125)
  Rows Removed by Filter: 4482977
Planning time: 0.333 ms
Execution time: 1223.819 ms
