Hash Join  (cost=216015.33..1181052.91 rows=4566816 width=0) (actual time=5053.843..23586.081 rows=6324514 loops=1)
  Hash Cond: (ci.movie_id = t.id)
  ->  Seq Scan on cast_info ci  (cost=0.00..796071.18 rows=10284064 width=4) (actual time=0.026..14252.245 rows=4405022 loops=1)
        Filter: ((person_id < 1555772) AND (role_id > 1))
        Rows Removed by Filter: 31839322
  ->  Hash  (cost=197592.88..197592.88 rows=1122836 width=8) (actual time=5053.006..5053.006 rows=1274246 loops=1)
        Buckets: 131072 (originally 131072)  Batches: 32 (originally 16)  Memory Usage: 3073kB
        ->  Hash Join  (cost=102767.86..197592.88 rows=1122836 width=8) (actual time=1971.741..4670.323 rows=1274246 loops=1)
              Hash Cond: (mc.movie_id = t.id)
              ->  Seq Scan on movie_companies mc  (cost=0.00..57926.93 rows=1122836 width=4) (actual time=0.018..1173.891 rows=1274246 loops=1)
                    Filter: ((company_id < 91539) AND (company_type_id = 1))
                    Rows Removed by Filter: 1334883
              ->  Hash  (cost=61283.27..61283.27 rows=2528527 width=4) (actual time=1970.884..1970.884 rows=2528312 loops=1)
                    Buckets: 131072  Batches: 64  Memory Usage: 2415kB
                    ->  Seq Scan on title t  (cost=0.00..61283.27 rows=2528527 width=4) (actual time=0.031..1111.400 rows=2528312 loops=1)
Planning time: 1.194 ms
Execution time: 24270.223 ms
