Hash Join  (cost=204171.05..320583.71 rows=825657 width=0) (actual time=4494.147..8428.717 rows=6598079 loops=1)
  Hash Cond: (mk.movie_id = t.id)
  ->  Seq Scan on movie_keyword mk  (cost=0.00..81003.12 rows=1994657 width=4) (actual time=0.024..1426.909 rows=2002797 loops=1)
        Filter: (keyword_id > 6245)
        Rows Removed by Filter: 2521133
  ->  Hash  (cost=186999.01..186999.01 rows=1046644 width=8) (actual time=4493.163..4493.163 rows=898846 loops=1)
        Buckets: 131072  Batches: 16  Memory Usage: 3238kB
        ->  Hash Join  (cost=100338.29..186999.01 rows=1046644 width=8) (actual time=1931.919..4212.459 rows=898846 loops=1)
              Hash Cond: (mc.movie_id = t.id)
              ->  Seq Scan on movie_companies mc  (cost=0.00..51404.11 rows=1326433 width=4) (actual time=0.013..992.504 rows=1315679 loops=1)
                    Filter: (company_id < 11367)
                    Rows Removed by Filter: 1293450
              ->  Hash  (cost=67604.59..67604.59 rows=1995176 width=4) (actual time=1930.612..1930.612 rows=1990655 loops=1)
                    Buckets: 131072  Batches: 32  Memory Usage: 3218kB
                    ->  Seq Scan on title t  (cost=0.00..67604.59 rows=1995176 width=4) (actual time=0.016..1303.803 rows=1990655 loops=1)
                          Filter: (production_year > 1976)
                          Rows Removed by Filter: 537657
Planning time: 1.028 ms
Execution time: 9198.246 ms
