Seq Scan on movie_companies mc  (cost=0.00..57926.93 rows=706982 width=0) (actual time=0.047..933.277 rows=444352 loops=1)
  Filter: ((company_id < 11854) AND (company_type_id > 1))
  Rows Removed by Filter: 2164777
Planning time: 0.317 ms
Execution time: 990.812 ms
