Hash Join  (cost=190230.21..290896.44 rows=1406755 width=0) (actual time=4134.772..7680.890 rows=4028737 loops=1)
  Hash Cond: (mc.movie_id = t.id)
  ->  Seq Scan on movie_companies mc  (cost=0.00..51404.11 rows=2577483 width=4) (actual time=0.025..1051.606 rows=2578738 loops=1)
        Filter: (company_id < 207396)
        Rows Removed by Filter: 30391
  ->  Hash  (cost=167588.78..167588.78 rows=1380035 width=8) (actual time=4133.396..4133.396 rows=1380035 loops=1)
        Buckets: 131072  Batches: 32  Memory Usage: 2708kB
        ->  Hash Join  (cost=102767.86..167588.78 rows=1380035 width=8) (actual time=1836.008..3740.351 rows=1380035 loops=1)
              Hash Cond: (mi_idx.movie_id = t.id)
              ->  Seq Scan on movie_info_idx mi_idx  (cost=0.00..21735.35 rows=1380035 width=4) (actual time=0.012..407.396 rows=1380035 loops=1)
              ->  Hash  (cost=61283.27..61283.27 rows=2528527 width=4) (actual time=1835.174..1835.174 rows=2528312 loops=1)
                    Buckets: 131072  Batches: 64  Memory Usage: 2415kB
                    ->  Seq Scan on title t  (cost=0.00..61283.27 rows=2528527 width=4) (actual time=0.026..992.992 rows=2528312 loops=1)
Planning time: 1.095 ms
Execution time: 8169.659 ms
