Hash Join  (cost=75533.21..959616.11 rows=284043 width=0) (actual time=2330.133..19111.767 rows=456632 loops=1)
  Hash Cond: (ci.movie_id = t.id)
  ->  Seq Scan on cast_info ci  (cost=0.00..796071.18 rows=7332878 width=4) (actual time=1218.982..14710.985 rows=8328883 loops=1)
        Filter: ((person_id > 786248) AND (role_id > 4))
        Rows Removed by Filter: 27915461
  ->  Hash  (cost=73925.90..73925.90 rows=97944 width=4) (actual time=1110.141..1110.141 rows=106247 loops=1)
        Buckets: 131072  Batches: 2  Memory Usage: 2890kB
        ->  Seq Scan on title t  (cost=0.00..73925.90 rows=97944 width=4) (actual time=0.031..1069.807 rows=106247 loops=1)
              Filter: ((kind_id = 7) AND (production_year = 2011))
              Rows Removed by Filter: 2422065
Planning time: 0.712 ms
Execution time: 19173.722 ms
