Hash Join  (cost=83073.58..447732.65 rows=312 width=0) (actual time=1294.980..7720.029 rows=335 loops=1)
  Hash Cond: (mi.movie_id = t.id)
  ->  Seq Scan on movie_info mi  (cost=0.00..309384.22 rows=14739122 width=4) (actual time=0.022..3800.813 rows=14835720 loops=1)
  ->  Hash  (cost=83072.90..83072.90 rows=54 width=8) (actual time=1172.574..1172.574 rows=74 loops=1)
        Buckets: 1024  Batches: 1  Memory Usage: 11kB
        ->  Nested Loop  (cost=0.43..83072.90 rows=54 width=8) (actual time=749.017..1172.525 rows=74 loops=1)
              ->  Seq Scan on movie_keyword mk  (cost=0.00..81003.12 rows=246 width=4) (actual time=0.620..1144.197 rows=772 loops=1)
                    Filter: (keyword_id = 1680)
                    Rows Removed by Filter: 4523158
              ->  Index Scan using title_pkey on title t  (cost=0.43..8.40 rows=1 width=4) (actual time=0.036..0.036 rows=0 loops=772)
                    Index Cond: (id = mk.movie_id)
                    Filter: ((production_year > 2006) AND (kind_id = 7))
                    Rows Removed by Filter: 1
Planning time: 3.116 ms
Execution time: 7720.258 ms
