Nested Loop  (cost=0.43..83072.90 rows=8 width=0) (actual time=745.748..1305.008 rows=4 loops=1)
  ->  Seq Scan on movie_keyword mk  (cost=0.00..81003.12 rows=246 width=4) (actual time=0.504..1214.040 rows=1744 loops=1)
        Filter: (keyword_id = 1809)
        Rows Removed by Filter: 4522186
  ->  Index Scan using title_pkey on title t  (cost=0.43..8.40 rows=1 width=4) (actual time=0.051..0.051 rows=0 loops=1744)
        Index Cond: (id = mk.movie_id)
        Filter: ((kind_id = 7) AND (production_year = 2008))
        Rows Removed by Filter: 1
Planning time: 0.766 ms
Execution time: 1305.118 ms
