Seq Scan on movie_companies mc  (cost=0.00..57926.93 rows=975473 width=0) (actual time=401.166..1046.371 rows=829707 loops=1)
  Filter: ((company_id > 756) AND (company_type_id = 1))
  Rows Removed by Filter: 1779422
Planning time: 3.294 ms
Execution time: 1157.730 ms
