Hash Join  (cost=102767.86..209337.71 rows=1882076 width=0) (actual time=2052.409..5075.208 rows=1877364 loops=1)
  Hash Cond: (mc.movie_id = t.id)
  ->  Seq Scan on movie_companies mc  (cost=0.00..51404.11 rows=1882076 width=4) (actual time=0.023..1000.906 rows=1877364 loops=1)
        Filter: (company_id < 40345)
        Rows Removed by Filter: 731765
  ->  Hash  (cost=61283.27..61283.27 rows=2528527 width=4) (actual time=2051.026..2051.026 rows=2528312 loops=1)
        Buckets: 131072  Batches: 64  Memory Usage: 2415kB
        ->  Seq Scan on title t  (cost=0.00..61283.27 rows=2528527 width=4) (actual time=0.019..935.947 rows=2528312 loops=1)
Planning time: 0.725 ms
Execution time: 5315.674 ms
