Hash Join  (cost=130777.50..969121.91 rows=263984 width=0) (actual time=2261.183..17201.028 rows=860948 loops=1)
  Hash Cond: (ci.movie_id = t.id)
  ->  Seq Scan on cast_info ci  (cost=0.00..796071.18 rows=10568903 width=4) (actual time=0.021..11670.470 rows=11526846 loops=1)
        Filter: ((person_id < 1186429) AND (role_id < 10))
        Rows Removed by Filter: 24717498
  ->  Hash  (cost=129988.05..129988.05 rows=63156 width=8) (actual time=2260.628..2260.628 rows=76139 loops=1)
        Buckets: 131072 (originally 65536)  Batches: 1 (originally 1)  Memory Usage: 3999kB
        ->  Hash Join  (cost=74690.97..129988.05 rows=63156 width=8) (actual time=841.668..2230.697 rows=76139 loops=1)
              Hash Cond: (mc.movie_id = t.id)
              ->  Seq Scan on movie_companies mc  (cost=0.00..44881.29 rows=2609129 width=4) (actual time=0.018..595.364 rows=2609129 loops=1)
              ->  Hash  (cost=73925.90..73925.90 rows=61205 width=4) (actual time=841.317..841.317 rows=61581 loops=1)
                    Buckets: 65536  Batches: 1  Memory Usage: 2677kB
                    ->  Seq Scan on title t  (cost=0.00..73925.90 rows=61205 width=4) (actual time=120.753..816.477 rows=61581 loops=1)
                          Filter: ((production_year > 2011) AND (kind_id = 1))
                          Rows Removed by Filter: 2466731
Planning time: 0.996 ms
Execution time: 17313.099 ms
