Hash Join  (cost=139425.12..507683.05 rows=360200 width=0) (actual time=2579.080..10948.887 rows=724393 loops=1)
  Hash Cond: (mi.movie_id = t.id)
  ->  Seq Scan on movie_info mi  (cost=0.00..309384.22 rows=14739122 width=4) (actual time=0.029..4744.414 rows=14835720 loops=1)
  ->  Hash  (cost=138652.71..138652.71 rows=61793 width=8) (actual time=2578.642..2578.642 rows=19775 loops=1)
        Buckets: 65536  Batches: 1  Memory Usage: 1285kB
        ->  Hash Join  (cost=71408.55..138652.71 rows=61793 width=8) (actual time=1160.707..2570.781 rows=19775 loops=1)
              Hash Cond: (mc.movie_id = t.id)
              ->  Seq Scan on movie_companies mc  (cost=0.00..57926.93 rows=673946 width=4) (actual time=0.030..1182.008 rows=450232 loops=1)
                    Filter: ((company_id > 11138) AND (company_type_id = 1))
                    Rows Removed by Filter: 2158897
              ->  Hash  (cost=67604.59..67604.59 rows=231837 width=4) (actual time=1159.839..1159.839 rows=231649 loops=1)
                    Buckets: 131072  Batches: 4  Memory Usage: 3076kB
                    ->  Seq Scan on title t  (cost=0.00..67604.59 rows=231837 width=4) (actual time=0.034..1085.089 rows=231649 loops=1)
                          Filter: (production_year > 2011)
                          Rows Removed by Filter: 2296663
Planning time: 9.220 ms
Execution time: 11041.079 ms
