Hash Join  (cost=365418.15..1506952.96 rows=21724594 width=0) (actual time=8571.375..46478.128 rows=75251859 loops=1)
  Hash Cond: (ci.movie_id = t.id)
  ->  Seq Scan on cast_info ci  (cost=0.00..705507.15 rows=12142368 width=4) (actual time=0.014..12089.441 rows=12053474 loops=1)
        Filter: (person_id < 1187435)
        Rows Removed by Filter: 24190870
  ->  Hash  (cost=291197.02..291197.02 rows=4523930 width=8) (actual time=8569.394..8569.394 rows=4523930 loops=1)
        Buckets: 131072  Batches: 64  Memory Usage: 3816kB
        ->  Hash Join  (cost=102767.86..291197.02 rows=4523930 width=8) (actual time=2175.318..7273.339 rows=4523930 loops=1)
              Hash Cond: (mk.movie_id = t.id)
              ->  Seq Scan on movie_keyword mk  (cost=0.00..69693.30 rows=4523930 width=4) (actual time=0.024..1369.272 rows=4523930 loops=1)
              ->  Hash  (cost=61283.27..61283.27 rows=2528527 width=4) (actual time=2173.284..2173.284 rows=2528312 loops=1)
                    Buckets: 131072  Batches: 64  Memory Usage: 2425kB
                    ->  Seq Scan on title t  (cost=0.00..61283.27 rows=2528527 width=4) (actual time=0.025..993.465 rows=2528312 loops=1)
Planning time: 2.209 ms
Execution time: 55003.095 ms
