Seq Scan on cast_info ci  (cost=0.00..796071.18 rows=5883794 width=0) (actual time=0.026..13713.285 rows=7451973 loops=1)
  Filter: ((person_id < 2957370) AND (role_id = 2))
  Rows Removed by Filter: 28792371
Planning time: 0.346 ms
Execution time: 14563.556 ms
