Hash Join  (cost=484257.13..1639082.71 rows=11780947 width=0) (actual time=7962.345..39179.511 rows=6906513 loops=1)
  Hash Cond: (ci.movie_id = t.id)
  ->  Seq Scan on cast_info ci  (cost=0.00..614943.12 rows=36225612 width=4) (actual time=0.014..11697.299 rows=36244344 loops=1)
  ->  Hash  (cost=470765.34..470765.34 rows=822303 width=8) (actual time=7960.749..7960.749 rows=310818 loops=1)
        Buckets: 131072  Batches: 16  Memory Usage: 1774kB
        ->  Hash Join  (cost=93093.72..470765.34 rows=822303 width=8) (actual time=6188.572..7876.582 rows=310818 loops=1)
              Hash Cond: (mi.movie_id = t.id)
              ->  Seq Scan on movie_info mi  (cost=0.00..346232.03 rows=1338312 width=4) (actual time=3904.777..4676.668 rows=1401902 loops=1)
                    Filter: (info_type_id = 7)
                    Rows Removed by Filter: 13433818
              ->  Hash  (cost=67604.59..67604.59 rows=1553611 width=4) (actual time=2282.531..2282.531 rows=1555864 loops=1)
                    Buckets: 131072  Batches: 32  Memory Usage: 2740kB
                    ->  Seq Scan on title t  (cost=0.00..67604.59 rows=1553611 width=4) (actual time=0.023..1120.954 rows=1555864 loops=1)
                          Filter: (kind_id > 4)
                          Rows Removed by Filter: 972448
Planning time: 1.242 ms
Execution time: 39993.473 ms
