Hash Join  (cost=709677.75..796342.37 rows=658 width=0) (actual time=10699.582..11547.054 rows=71 loops=1)
  Hash Cond: (mk.movie_id = t.id)
  ->  Seq Scan on movie_keyword mk  (cost=0.00..69693.30 rows=4523930 width=4) (actual time=0.013..581.589 rows=4523930 loops=1)
  ->  Hash  (cost=709673.15..709673.15 rows=368 width=8) (actual time=10434.791..10434.791 rows=38 loops=1)
        Buckets: 1024  Batches: 1  Memory Usage: 10kB
        ->  Nested Loop  (cost=0.43..709673.15 rows=368 width=8) (actual time=4153.629..10434.740 rows=38 loops=1)
              ->  Seq Scan on cast_info ci  (cost=0.00..705507.15 rows=500 width=4) (actual time=4153.555..10431.158 rows=66 loops=1)
                    Filter: (person_id = 1543540)
                    Rows Removed by Filter: 36244278
              ->  Index Scan using title_pkey on title t  (cost=0.43..8.32 rows=1 width=4) (actual time=0.053..0.053 rows=1 loops=66)
                    Index Cond: (id = ci.movie_id)
                    Filter: (kind_id > 1)
                    Rows Removed by Filter: 0
Planning time: 1.106 ms
Execution time: 11547.177 ms
