Hash Join  (cost=69720.52..183115.99 rows=134711 width=0) (actual time=1003.888..3447.672 rows=116857 loops=1)
  Hash Cond: (mk.movie_id = t.id)
  ->  Seq Scan on movie_keyword mk  (cost=0.00..81003.12 rows=2641396 width=4) (actual time=0.016..1563.084 rows=2626515 loops=1)
        Filter: (keyword_id > 3244)
        Rows Removed by Filter: 1897415
  ->  Hash  (cost=67604.59..67604.59 rows=128955 width=4) (actual time=1002.073..1002.073 rows=130325 loops=1)
        Buckets: 131072  Batches: 2  Memory Usage: 3316kB
        ->  Seq Scan on title t  (cost=0.00..67604.59 rows=128955 width=4) (actual time=149.641..955.225 rows=130325 loops=1)
              Filter: (production_year < 1936)
              Rows Removed by Filter: 2397987
Planning time: 0.653 ms
Execution time: 3463.251 ms
