Nested Loop  (cost=0.43..77638.00 rows=2516 width=0) (actual time=16.416..826.971 rows=949 loops=1)
  ->  Seq Scan on movie_companies mc  (cost=0.00..57926.93 rows=2516 width=4) (actual time=16.329..792.977 rows=949 loops=1)
        Filter: ((company_id = 394) AND (company_type_id = 1))
        Rows Removed by Filter: 2608180
  ->  Index Only Scan using title_pkey on title t  (cost=0.43..7.82 rows=1 width=4) (actual time=0.035..0.035 rows=1 loops=949)
        Index Cond: (id = mc.movie_id)
        Heap Fetches: 949
Planning time: 1.683 ms
Execution time: 827.323 ms
