Seq Scan on cast_info ci  (cost=0.00..705507.15 rows=6517042 width=0) (actual time=228.623..10012.144 rows=6429652 loops=1)
  Filter: (person_id < 620816)
  Rows Removed by Filter: 29814692
Planning time: 0.300 ms
Execution time: 10834.644 ms
