Seq Scan on movie_keyword mk  (cost=0.00..81003.12 rows=246 width=0) (actual time=16.238..1160.755 rows=78 loops=1)
  Filter: (keyword_id = 21077)
  Rows Removed by Filter: 4523852
Planning time: 0.329 ms
Execution time: 1160.908 ms
