Hash Join  (cost=162775.49..662488.15 rows=1865573 width=0) (actual time=3729.830..18339.512 rows=10734403 loops=1)
  Hash Cond: (mi.movie_id = t.id)
  ->  Seq Scan on movie_info mi  (cost=0.00..309384.22 rows=14739122 width=4) (actual time=0.022..5213.568 rows=14835720 loops=1)
  ->  Hash  (cost=157523.95..157523.95 rows=320043 width=8) (actual time=3728.972..3728.972 rows=553003 loops=1)
        Buckets: 131072  Batches: 8  Memory Usage: 3725kB
        ->  Hash Join  (cost=72956.84..157523.95 rows=320043 width=8) (actual time=1138.207..3556.281 rows=553003 loops=1)
              Hash Cond: (mc.movie_id = t.id)
              ->  Seq Scan on movie_companies mc  (cost=0.00..51404.11 rows=2480953 width=4) (actual time=0.022..1059.599 rows=2477806 loops=1)
                    Filter: (company_id > 19)
                    Rows Removed by Filter: 131323
              ->  Hash  (cost=67604.59..67604.59 rows=326180 width=4) (actual time=1137.373..1137.373 rows=323245 loops=1)
                    Buckets: 131072  Batches: 8  Memory Usage: 2437kB
                    ->  Seq Scan on title t  (cost=0.00..67604.59 rows=326180 width=4) (actual time=0.024..1031.458 rows=323245 loops=1)
                          Filter: (production_year < 1967)
                          Rows Removed by Filter: 2205067
Planning time: 1.084 ms
Execution time: 19543.639 ms
