Seq Scan on movie_keyword mk  (cost=0.00..81003.12 rows=2972873 width=0) (actual time=0.021..1560.621 rows=2959104 loops=1)
  Filter: (keyword_id < 10020)
  Rows Removed by Filter: 1564826
Planning time: 0.336 ms
Execution time: 1933.027 ms
