Nested Loop  (cost=0.43..796984.86 rows=66 width=0) (actual time=2686.494..12183.943 rows=6 loops=1)
  ->  Seq Scan on cast_info ci  (cost=0.00..796071.18 rows=108 width=4) (actual time=2686.439..12183.813 rows=6 loops=1)
        Filter: ((role_id > 6) AND (person_id = 1245280))
        Rows Removed by Filter: 36244338
  ->  Index Scan using title_pkey on title t  (cost=0.43..8.45 rows=1 width=4) (actual time=0.018..0.018 rows=1 loops=6)
        Index Cond: (id = ci.movie_id)
        Filter: (kind_id = 7)
Planning time: 0.745 ms
Execution time: 12184.061 ms
