Seq Scan on movie_keyword mk  (cost=0.00..81003.12 rows=3379471 width=0) (actual time=0.025..1495.173 rows=3368110 loops=1)
  Filter: (keyword_id < 16144)
  Rows Removed by Filter: 1155820
Planning time: 0.324 ms
Execution time: 1918.935 ms
