Hash Join  (cost=78364.59..215381.41 rows=465464 width=0) (actual time=1725.933..5386.273 rows=1694548 loops=1)
  Hash Cond: (mk.movie_id = t.id)
  ->  Seq Scan on movie_keyword mk  (cost=0.00..81003.12 rows=4350413 width=4) (actual time=0.023..1628.860 rows=4335201 loops=1)
        Filter: (keyword_id > 135)
        Rows Removed by Filter: 188729
  ->  Hash  (cost=73925.90..73925.90 rows=270535 width=4) (actual time=1207.899..1207.899 rows=374196 loops=1)
        Buckets: 131072 (originally 131072)  Batches: 8 (originally 4)  Memory Usage: 3073kB
        ->  Seq Scan on title t  (cost=0.00..73925.90 rows=270535 width=4) (actual time=0.020..1081.298 rows=374196 loops=1)
              Filter: ((production_year < 2000) AND (kind_id = 1))
              Rows Removed by Filter: 2154116
Planning time: 0.714 ms
Execution time: 5592.094 ms
