Seq Scan on movie_keyword mk  (cost=0.00..81003.12 rows=246 width=0) (actual time=0.530..1228.205 rows=1215 loops=1)
  Filter: (keyword_id = 5457)
  Rows Removed by Filter: 4522715
Planning time: 0.368 ms
Execution time: 1228.698 ms
