Hash Join  (cost=129010.12..155994.39 rows=7379 width=0) (actual time=2172.926..2661.781 rows=14293 loops=1)
  Hash Cond: (mi_idx.movie_id = t.id)
  ->  Seq Scan on movie_info_idx mi_idx  (cost=0.00..21735.35 rows=1380035 width=4) (actual time=0.022..261.653 rows=1380035 loops=1)
  ->  Hash  (cost=128841.12..128841.12 rows=13520 width=8) (actual time=2097.462..2097.462 rows=11752 loops=1)
        Buckets: 16384  Batches: 1  Memory Usage: 588kB
        ->  Hash Join  (cost=74698.31..128841.12 rows=13520 width=8) (actual time=1149.352..2092.794 rows=11752 loops=1)
              Hash Cond: (mc.movie_id = t.id)
              ->  Seq Scan on movie_companies mc  (cost=0.00..51404.11 rows=79065 width=4) (actual time=0.019..830.905 rows=78875 loops=1)
                    Filter: (company_id > 170777)
                    Rows Removed by Filter: 2530254
              ->  Hash  (cost=67604.59..67604.59 rows=432378 width=4) (actual time=1148.410..1148.410 rows=423779 loops=1)
                    Buckets: 131072  Batches: 8  Memory Usage: 2885kB
                    ->  Seq Scan on title t  (cost=0.00..67604.59 rows=432378 width=4) (actual time=0.021..1010.324 rows=423779 loops=1)
                          Filter: (production_year < 1974)
                          Rows Removed by Filter: 2104533
Planning time: 1.128 ms
Execution time: 2663.989 ms
