Hash Join  (cost=128753.29..493681.79 rows=27257 width=0) (actual time=4426.289..7591.867 rows=12 loops=1)
  Hash Cond: (mi.movie_id = t.id)
  ->  Seq Scan on movie_info mi  (cost=0.00..309384.22 rows=14739122 width=4) (actual time=0.013..3400.745 rows=14835720 loops=1)
  ->  Hash  (cost=128694.84..128694.84 rows=4676 width=8) (actual time=1767.161..1767.161 rows=2 loops=1)
        Buckets: 8192  Batches: 1  Memory Usage: 65kB
        ->  Hash Join  (cost=73982.55..128694.84 rows=4676 width=8) (actual time=978.835..1767.118 rows=2 loops=1)
              Hash Cond: (mc.movie_id = t.id)
              ->  Seq Scan on movie_companies mc  (cost=0.00..44881.29 rows=2609129 width=4) (actual time=0.032..529.075 rows=2609129 loops=1)
              ->  Hash  (cost=73925.90..73925.90 rows=4532 width=4) (actual time=858.169..858.169 rows=6 loops=1)
                    Buckets: 8192  Batches: 1  Memory Usage: 65kB
                    ->  Seq Scan on title t  (cost=0.00..73925.90 rows=4532 width=4) (actual time=254.011..858.150 rows=6 loops=1)
                          Filter: ((kind_id = 7) AND (production_year = 1938))
                          Rows Removed by Filter: 2528306
Planning time: 1.117 ms
Execution time: 7592.137 ms
