Seq Scan on movie_companies mc  (cost=0.00..51404.11 rows=1150982 width=0) (actual time=87.406..960.769 rows=1158755 loops=1)
  Filter: (company_id > 12996)
  Rows Removed by Filter: 1450374
Planning time: 0.307 ms
Execution time: 1112.140 ms
