Hash Join  (cost=81206.46..198607.53 rows=456754 width=0) (actual time=1539.231..4562.346 rows=1381302 loops=1)
  Hash Cond: (mk.movie_id = t.id)
  ->  Seq Scan on movie_keyword mk  (cost=0.00..81003.12 rows=2602775 width=4) (actual time=0.015..1528.341 rows=2591001 loops=1)
        Filter: (keyword_id < 6896)
        Rows Removed by Filter: 1932929
  ->  Hash  (cost=73925.90..73925.90 rows=443724 width=4) (actual time=1538.050..1538.050 rows=536860 loops=1)
        Buckets: 131072  Batches: 8  Memory Usage: 3402kB
        ->  Seq Scan on title t  (cost=0.00..73925.90 rows=443724 width=4) (actual time=0.009..1119.348 rows=536860 loops=1)
              Filter: ((kind_id < 7) AND (production_year < 2002))
              Rows Removed by Filter: 1991452
Planning time: 0.806 ms
Execution time: 4720.426 ms
