Hash Join  (cost=460883.61..547774.96 rows=32175 width=0) (actual time=5939.685..7922.392 rows=1460964 loops=1)
  Hash Cond: (mk.movie_id = t.id)
  ->  Seq Scan on movie_keyword mk  (cost=0.00..81003.12 rows=1484392 width=4) (actual time=0.025..1370.321 rows=1496861 loops=1)
        Filter: (keyword_id > 10833)
        Rows Removed by Filter: 3027069
  ->  Hash  (cost=460198.51..460198.51 rows=54808 width=8) (actual time=5939.168..5939.168 rows=50267 loops=1)
        Buckets: 65536  Batches: 1  Memory Usage: 2476kB
        ->  Hash Join  (cost=102767.86..460198.51 rows=54808 width=8) (actual time=3343.089..5923.118 rows=50267 loops=1)
              Hash Cond: (mi.movie_id = t.id)
              ->  Seq Scan on movie_info mi  (cost=0.00..346232.03 rows=54808 width=4) (actual time=1464.353..3638.310 rows=50267 loops=1)
                    Filter: (info_type_id > 107)
                    Rows Removed by Filter: 14785453
              ->  Hash  (cost=61283.27..61283.27 rows=2528527 width=4) (actual time=1836.446..1836.446 rows=2528312 loops=1)
                    Buckets: 131072  Batches: 64  Memory Usage: 2425kB
                    ->  Seq Scan on title t  (cost=0.00..61283.27 rows=2528527 width=4) (actual time=0.024..933.396 rows=2528312 loops=1)
Planning time: 1.106 ms
Execution time: 8111.867 ms
