Seq Scan on movie_keyword mk  (cost=0.00..81003.12 rows=246 width=0) (actual time=2.211..1202.675 rows=826 loops=1)
  Filter: (keyword_id = 888)
  Rows Removed by Filter: 4523104
Planning time: 0.335 ms
Execution time: 1203.055 ms
