Seq Scan on movie_keyword mk  (cost=0.00..81003.12 rows=3916492 width=0) (actual time=0.024..1398.714 rows=3911925 loops=1)
  Filter: (keyword_id < 30157)
  Rows Removed by Filter: 612005
Planning time: 0.301 ms
Execution time: 1877.200 ms
