Hash Join  (cost=86138.21..928714.57 rows=2722548 width=0) (actual time=1664.230..20558.090 rows=2679200 loops=1)
  Hash Cond: (ci.movie_id = t.id)
  ->  Seq Scan on cast_info ci  (cost=0.00..705507.15 rows=9248462 width=4) (actual time=21.513..12994.545 rows=9098501 loops=1)
        Filter: (person_id < 896422)
        Rows Removed by Filter: 27145843
  ->  Hash  (cost=73925.90..73925.90 rows=744344 width=4) (actual time=1640.678..1640.678 rows=796638 loops=1)
        Buckets: 131072  Batches: 16  Memory Usage: 2779kB
        ->  Seq Scan on title t  (cost=0.00..73925.90 rows=744344 width=4) (actual time=0.027..1384.559 rows=796638 loops=1)
              Filter: ((kind_id > 1) AND (production_year > 2005))
              Rows Removed by Filter: 1731674
Planning time: 0.794 ms
Execution time: 20877.272 ms
