Hash Join  (cost=190440.21..710802.59 rows=3800846 width=0) (actual time=3933.468..19413.818 rows=10115105 loops=1)
  Hash Cond: (mi.movie_id = t.id)
  ->  Seq Scan on movie_info mi  (cost=0.00..309384.22 rows=14739122 width=4) (actual time=0.025..5268.227 rows=14835720 loops=1)
  ->  Hash  (cost=179741.67..179741.67 rows=652043 width=8) (actual time=3932.696..3932.696 rows=656991 loops=1)
        Buckets: 131072  Batches: 16  Memory Usage: 2652kB
        ->  Hash Join  (cost=102767.86..179741.67 rows=652043 width=8) (actual time=1918.283..3730.263 rows=656991 loops=1)
              Hash Cond: (mc.movie_id = t.id)
              ->  Seq Scan on movie_companies mc  (cost=0.00..51404.11 rows=652043 width=4) (actual time=0.009..832.123 rows=656991 loops=1)
                    Filter: (company_id > 53214)
                    Rows Removed by Filter: 1952138
              ->  Hash  (cost=61283.27..61283.27 rows=2528527 width=4) (actual time=1916.703..1916.703 rows=2528312 loops=1)
                    Buckets: 131072  Batches: 64  Memory Usage: 2415kB
                    ->  Seq Scan on title t  (cost=0.00..61283.27 rows=2528527 width=4) (actual time=0.034..981.701 rows=2528312 loops=1)
Planning time: 1.097 ms
Execution time: 20627.268 ms
