Seq Scan on movie_keyword mk  (cost=0.00..81003.12 rows=3650071 width=0) (actual time=0.025..798.373 rows=3641832 loops=1)
  Filter: (keyword_id > 833)
  Rows Removed by Filter: 882098
Planning time: 0.305 ms
Execution time: 1071.981 ms
