Hash Join  (cost=83891.93..167582.50 rows=626805 width=0) (actual time=1204.956..3884.545 rows=1387914 loops=1)
  Hash Cond: (mc.movie_id = t.id)
  ->  Seq Scan on movie_companies mc  (cost=0.00..44881.29 rows=2609129 width=4) (actual time=0.019..874.376 rows=2609129 loops=1)
  ->  Hash  (cost=73925.90..73925.90 rows=607442 width=4) (actual time=1203.980..1203.980 rows=675690 loops=1)
        Buckets: 131072  Batches: 8  Memory Usage: 4012kB
        ->  Seq Scan on title t  (cost=0.00..73925.90 rows=607442 width=4) (actual time=0.039..994.568 rows=675690 loops=1)
              Filter: ((kind_id < 7) AND (production_year < 2007))
              Rows Removed by Filter: 1852622
Planning time: 0.721 ms
Execution time: 4053.355 ms
