Hash Join  (cost=709676.40..796337.30 rows=286 width=0) (actual time=9108.287..9529.677 rows=21 loops=1)
  Hash Cond: (mk.movie_id = t.id)
  ->  Seq Scan on movie_keyword mk  (cost=0.00..69693.30 rows=4523930 width=4) (actual time=0.015..919.717 rows=4523930 loops=1)
  ->  Hash  (cost=709674.40..709674.40 rows=160 width=8) (actual time=7886.426..7886.426 rows=1 loops=1)
        Buckets: 1024  Batches: 1  Memory Usage: 9kB
        ->  Nested Loop  (cost=0.43..709674.40 rows=160 width=8) (actual time=6086.142..7886.384 rows=1 loops=1)
              ->  Seq Scan on cast_info ci  (cost=0.00..705507.15 rows=500 width=4) (actual time=6086.007..7886.247 rows=1 loops=1)
                    Filter: (person_id = 2359787)
                    Rows Removed by Filter: 36244343
              ->  Index Scan using title_pkey on title t  (cost=0.43..8.32 rows=1 width=4) (actual time=0.063..0.064 rows=1 loops=1)
                    Index Cond: (id = ci.movie_id)
                    Filter: ((kind_id < 7) AND (production_year < 2011))
Planning time: 1.139 ms
Execution time: 9529.791 ms
