Hash Join  (cost=220039.88..1228726.96 rows=6661608 width=0) (actual time=4393.318..25481.848 rows=4159663 loops=1)
  Hash Cond: (ci.movie_id = t.id)
  ->  Seq Scan on cast_info ci  (cost=0.00..796071.18 rows=10924964 width=4) (actual time=0.013..15147.970 rows=9036577 loops=1)
        Filter: ((person_id > 485938) AND (role_id < 2))
        Rows Removed by Filter: 27207767
  ->  Hash  (cost=194744.44..194744.44 rows=1541795 width=8) (actual time=4392.274..4392.274 rows=704352 loops=1)
        Buckets: 131072  Batches: 32  Memory Usage: 1857kB
        ->  Hash Join  (cost=98439.97..194744.44 rows=1541795 width=8) (actual time=1958.583..4204.124 rows=704352 loops=1)
              Hash Cond: (mc.movie_id = t.id)
              ->  Seq Scan on movie_companies mc  (cost=0.00..44881.29 rows=2609129 width=4) (actual time=0.017..794.736 rows=2609129 loops=1)
              ->  Hash  (cost=73925.90..73925.90 rows=1494165 width=4) (actual time=1803.979..1803.979 rows=1478440 loops=1)
                    Buckets: 131072  Batches: 32  Memory Usage: 2651kB
                    ->  Seq Scan on title t  (cost=0.00..73925.90 rows=1494165 width=4) (actual time=0.023..1333.655 rows=1478440 loops=1)
                          Filter: ((production_year > 1898) AND (kind_id = 7))
                          Rows Removed by Filter: 1049872
Planning time: 1.198 ms
Execution time: 25978.473 ms
