Seq Scan on cast_info ci  (cost=0.00..705507.15 rows=21610427 width=0) (actual time=0.017..13060.554 rows=21708584 loops=1)
  Filter: (person_id > 1432025)
  Rows Removed by Filter: 14535760
Planning time: 0.343 ms
Execution time: 15780.665 ms
