Hash Join  (cost=28267.67..82933.23 rows=3 width=0) (actual time=504.175..1304.889 rows=191 loops=1)
  Hash Cond: (mc.movie_id = t.id)
  ->  Seq Scan on movie_companies mc  (cost=0.00..44881.29 rows=2609129 width=4) (actual time=0.014..507.851 rows=2609129 loops=1)
  ->  Hash  (cost=28267.64..28267.64 rows=3 width=8) (actual time=339.957..339.957 rows=5 loops=1)
        Buckets: 1024  Batches: 1  Memory Usage: 9kB
        ->  Nested Loop  (cost=0.43..28267.64 rows=3 width=8) (actual time=49.738..339.947 rows=5 loops=1)
              ->  Seq Scan on movie_info_idx mi_idx  (cost=0.00..25185.44 rows=368 width=4) (actual time=48.897..334.677 rows=260 loops=1)
                    Filter: (info_type_id > 101)
                    Rows Removed by Filter: 1379775
              ->  Index Scan using title_pkey on title t  (cost=0.43..8.37 rows=1 width=4) (actual time=0.020..0.020 rows=0 loops=260)
                    Index Cond: (id = mi_idx.movie_id)
                    Filter: ((kind_id < 7) AND (production_year = 2000))
                    Rows Removed by Filter: 1
Planning time: 1.147 ms
Execution time: 1305.067 ms
