Seq Scan on movie_keyword mk  (cost=0.00..81003.12 rows=246 width=0) (actual time=408.583..1128.644 rows=4 loops=1)
  Filter: (keyword_id = 111282)
  Rows Removed by Filter: 4523926
Planning time: 0.345 ms
Execution time: 1128.739 ms
