Hash Join  (cost=83072.30..447728.28 rows=4 width=0) (actual time=1262.095..7346.529 rows=22 loops=1)
  Hash Cond: (mi.movie_id = t.id)
  ->  Seq Scan on movie_info mi  (cost=0.00..309384.22 rows=14739122 width=4) (actual time=0.008..3456.838 rows=14835720 loops=1)
  ->  Hash  (cost=83072.29..83072.29 rows=1 width=8) (actual time=1157.815..1157.815 rows=1 loops=1)
        Buckets: 1024  Batches: 1  Memory Usage: 9kB
        ->  Nested Loop  (cost=0.43..83072.29 rows=1 width=8) (actual time=1137.529..1157.797 rows=1 loops=1)
              ->  Seq Scan on movie_keyword mk  (cost=0.00..81003.12 rows=246 width=4) (actual time=1.351..1129.431 rows=973 loops=1)
                    Filter: (keyword_id = 2035)
                    Rows Removed by Filter: 4522957
              ->  Index Scan using title_pkey on title t  (cost=0.43..8.40 rows=1 width=4) (actual time=0.028..0.028 rows=0 loops=973)
                    Index Cond: (id = mk.movie_id)
                    Filter: (production_year = 1924)
                    Rows Removed by Filter: 1
Planning time: 0.758 ms
Execution time: 7346.672 ms
