Hash Join  (cost=205206.76..1030937.30 rows=425426 width=0) (actual time=7371.901..14199.542 rows=261597 loops=1)
  Hash Cond: (ci.movie_id = t.id)
  ->  Seq Scan on cast_info ci  (cost=0.00..796071.18 rows=2016827 width=4) (actual time=1900.160..9454.687 rows=2357035 loops=1)
        Filter: ((person_id < 287982) AND (role_id < 4))
        Rows Removed by Filter: 33887309
  ->  Hash  (cost=196455.72..196455.72 rows=533363 width=8) (actual time=3634.784..3634.784 rows=145622 loops=1)
        Buckets: 131072  Batches: 8  Memory Usage: 1741kB
        ->  Hash Join  (cost=92883.59..196455.72 rows=533363 width=8) (actual time=2889.294..3589.795 rows=145622 loops=1)
              Hash Cond: (mk.movie_id = t.id)
              ->  Seq Scan on movie_keyword mk  (cost=0.00..81003.12 rows=875275 width=4) (actual time=0.025..1287.329 rows=882349 loops=1)
                    Filter: (keyword_id > 20891)
                    Rows Removed by Filter: 3641581
              ->  Hash  (cost=67604.59..67604.59 rows=1540800 width=4) (actual time=1592.261..1592.261 rows=1543264 loops=1)
                    Buckets: 131072  Batches: 32  Memory Usage: 2728kB
                    ->  Seq Scan on title t  (cost=0.00..67604.59 rows=1540800 width=4) (actual time=54.735..1101.948 rows=1543264 loops=1)
                          Filter: (kind_id = 7)
                          Rows Removed by Filter: 985048
Planning time: 1.227 ms
Execution time: 14234.290 ms
