Hash Join  (cost=176225.89..1058135.53 rows=2360641 width=0) (actual time=3642.055..22855.581 rows=5361014 loops=1)
  Hash Cond: (ci.movie_id = t.id)
  ->  Seq Scan on cast_info ci  (cost=0.00..705507.15 rows=13060288 width=4) (actual time=65.020..11955.543 rows=13014488 loops=1)
        Filter: (person_id < 1285957)
        Rows Removed by Filter: 23229856
  ->  Hash  (cost=168727.01..168727.01 rows=457030 width=8) (actual time=3573.463..3573.463 rows=424499 loops=1)
        Buckets: 131072  Batches: 8  Memory Usage: 3112kB
        ->  Hash Join  (cost=91342.70..168727.01 rows=457030 width=8) (actual time=1744.853..3440.239 rows=424499 loops=1)
              Hash Cond: (mc.movie_id = t.id)
              ->  Seq Scan on movie_companies mc  (cost=0.00..57926.93 rows=798687 width=4) (actual time=0.043..1001.304 rows=585325 loops=1)
                    Filter: ((company_id > 4410) AND (company_type_id = 1))
                    Rows Removed by Filter: 2023804
              ->  Hash  (cost=67604.59..67604.59 rows=1446889 width=4) (actual time=1743.067..1743.067 rows=1443298 loops=1)
                    Buckets: 131072  Batches: 32  Memory Usage: 2608kB
                    ->  Seq Scan on title t  (cost=0.00..67604.59 rows=1446889 width=4) (actual time=0.021..1266.012 rows=1443298 loops=1)
                          Filter: (production_year < 2006)
                          Rows Removed by Filter: 1085014
Planning time: 1.217 ms
Execution time: 23438.541 ms
