Seq Scan on movie_keyword mk  (cost=0.00..81003.12 rows=246 width=0) (actual time=39.445..979.226 rows=37 loops=1)
  Filter: (keyword_id = 75604)
  Rows Removed by Filter: 4523893
Planning time: 0.304 ms
Execution time: 979.349 ms
