Seq Scan on movie_keyword mk  (cost=0.00..81003.12 rows=2234715 width=0) (actual time=0.015..1508.403 rows=2232649 loops=1)
  Filter: (keyword_id > 4885)
  Rows Removed by Filter: 2291281
Planning time: 0.329 ms
Execution time: 1794.013 ms
