Seq Scan on movie_keyword mk  (cost=0.00..81003.12 rows=1705118 width=0) (actual time=0.023..1519.111 rows=1710588 loops=1)
  Filter: (keyword_id < 2724)
  Rows Removed by Filter: 2813342
Planning time: 0.347 ms
Execution time: 1728.329 ms
