Hash Join  (cost=190230.21..1194942.88 rows=6517553 width=0) (actual time=4252.345..25192.922 rows=8304622 loops=1)
  Hash Cond: (ci.movie_id = t.id)
  ->  Seq Scan on cast_info ci  (cost=0.00..796071.18 rows=11941588 width=4) (actual time=0.015..14545.056 rows=6619893 loops=1)
        Filter: ((person_id < 2755478) AND (role_id > 2))
        Rows Removed by Filter: 29624451
  ->  Hash  (cost=167588.78..167588.78 rows=1380035 width=8) (actual time=4251.120..4251.120 rows=1380035 loops=1)
        Buckets: 131072  Batches: 32  Memory Usage: 2708kB
        ->  Hash Join  (cost=102767.86..167588.78 rows=1380035 width=8) (actual time=1897.264..3848.530 rows=1380035 loops=1)
              Hash Cond: (mi_idx.movie_id = t.id)
              ->  Seq Scan on movie_info_idx mi_idx  (cost=0.00..21735.35 rows=1380035 width=4) (actual time=0.019..443.568 rows=1380035 loops=1)
              ->  Hash  (cost=61283.27..61283.27 rows=2528527 width=4) (actual time=1896.097..1896.097 rows=2528312 loops=1)
                    Buckets: 131072  Batches: 64  Memory Usage: 2415kB
                    ->  Seq Scan on title t  (cost=0.00..61283.27 rows=2528527 width=4) (actual time=0.011..1082.720 rows=2528312 loops=1)
Planning time: 1.117 ms
Execution time: 26143.523 ms
