Hash Join  (cost=67697.55..120313.11 rows=943 width=0) (actual time=1662.822..2095.255 rows=555 loops=1)
  Hash Cond: (mc.movie_id = t.id)
  ->  Seq Scan on movie_companies mc  (cost=0.00..51404.11 rows=320537 width=4) (actual time=475.128..854.721 rows=323509 loops=1)
        Filter: (company_id > 91415)
        Rows Removed by Filter: 2285620
  ->  Hash  (cost=67604.59..67604.59 rows=7437 width=4) (actual time=1183.867..1183.867 rows=4597 loops=1)
        Buckets: 8192  Batches: 1  Memory Usage: 226kB
        ->  Seq Scan on title t  (cost=0.00..67604.59 rows=7437 width=4) (actual time=0.164..1181.584 rows=4597 loops=1)
              Filter: (production_year = 1910)
              Rows Removed by Filter: 2523715
Planning time: 2.341 ms
Execution time: 2095.488 ms
