Hash Join  (cost=102767.86..213354.40 rows=818918 width=0) (actual time=2120.242..4612.069 rows=826356 loops=1)
  Hash Cond: (mk.movie_id = t.id)
  ->  Seq Scan on movie_keyword mk  (cost=0.00..81003.12 rows=818918 width=4) (actual time=0.036..1491.403 rows=826356 loops=1)
        Filter: (keyword_id > 22234)
        Rows Removed by Filter: 3697574
  ->  Hash  (cost=61283.27..61283.27 rows=2528527 width=4) (actual time=2118.859..2118.859 rows=2528312 loops=1)
        Buckets: 131072  Batches: 64  Memory Usage: 2425kB
        ->  Seq Scan on title t  (cost=0.00..61283.27 rows=2528527 width=4) (actual time=0.023..1080.274 rows=2528312 loops=1)
Planning time: 1.091 ms
Execution time: 4705.350 ms
