Hash Join  (cost=251194.78..842903.88 rows=8760824 width=0) (actual time=5356.172..18914.134 rows=3902135 loops=1)
  Hash Cond: (mi.movie_id = t.id)
  ->  Seq Scan on movie_info mi  (cost=0.00..309384.22 rows=14739122 width=4) (actual time=0.022..6410.961 rows=14835720 loops=1)
  ->  Hash  (cost=226537.06..226537.06 rows=1502938 width=8) (actual time=5191.415..5191.415 rows=370465 loops=1)
        Buckets: 131072  Batches: 32  Memory Usage: 1478kB
        ->  Hash Join  (cost=92883.59..226537.06 rows=1502938 width=8) (actual time=2251.462..4826.236 rows=370465 loops=1)
              Hash Cond: (mk.movie_id = t.id)
              ->  Seq Scan on movie_keyword mk  (cost=0.00..81003.12 rows=2466393 width=4) (actual time=0.027..1736.202 rows=2453269 loops=1)
                    Filter: (keyword_id > 3665)
                    Rows Removed by Filter: 2070661
              ->  Hash  (cost=67604.59..67604.59 rows=1540800 width=4) (actual time=1743.778..1743.778 rows=1543264 loops=1)
                    Buckets: 131072  Batches: 32  Memory Usage: 2728kB
                    ->  Seq Scan on title t  (cost=0.00..67604.59 rows=1540800 width=4) (actual time=218.867..1242.245 rows=1543264 loops=1)
                          Filter: (kind_id = 7)
                          Rows Removed by Filter: 985048
Planning time: 1.062 ms
Execution time: 19325.060 ms
