Hash Join  (cost=83072.93..141267.24 rows=1 width=0) (actual time=1425.644..2405.796 rows=92 loops=1)
  Hash Cond: (mc.movie_id = t.id)
  ->  Seq Scan on movie_companies mc  (cost=0.00..51404.11 rows=1810719 width=4) (actual time=0.020..882.448 rows=1804070 loops=1)
        Filter: (company_id < 29853)
        Rows Removed by Filter: 805059
  ->  Hash  (cost=83072.90..83072.90 rows=2 width=8) (actual time=1287.040..1287.040 rows=15 loops=1)
        Buckets: 1024  Batches: 1  Memory Usage: 9kB
        ->  Nested Loop  (cost=0.43..83072.90 rows=2 width=8) (actual time=69.991..1287.009 rows=15 loops=1)
              ->  Seq Scan on movie_keyword mk  (cost=0.00..81003.12 rows=246 width=4) (actual time=0.169..1249.985 rows=852 loops=1)
                    Filter: (keyword_id = 1651)
                    Rows Removed by Filter: 4523078
              ->  Index Scan using title_pkey on title t  (cost=0.43..8.40 rows=1 width=4) (actual time=0.042..0.042 rows=0 loops=852)
                    Index Cond: (id = mk.movie_id)
                    Filter: ((kind_id < 7) AND (production_year = 2000))
                    Rows Removed by Filter: 1
Planning time: 4.352 ms
Execution time: 2405.961 ms
