Seq Scan on movie_keyword mk  (cost=0.00..81003.12 rows=246 width=0) (actual time=2.850..1000.754 rows=53 loops=1)
  Filter: (keyword_id = 49679)
  Rows Removed by Filter: 4523877
Planning time: 0.234 ms
Execution time: 1000.860 ms
