Hash Join  (cost=78556.72..145126.49 rows=112162 width=0) (actual time=1319.446..2566.427 rows=38233 loops=1)
  Hash Cond: (mc.movie_id = t.id)
  ->  Seq Scan on movie_companies mc  (cost=0.00..57926.93 rows=424857 width=4) (actual time=0.107..858.751 rows=241243 loops=1)
        Filter: ((company_id < 2042) AND (company_type_id = 2))
        Rows Removed by Filter: 2367886
  ->  Hash  (cost=67604.59..67604.59 rows=667531 width=4) (actual time=1257.404..1257.404 rows=662825 loops=1)
        Buckets: 131072  Batches: 16  Memory Usage: 2476kB
        ->  Seq Scan on title t  (cost=0.00..67604.59 rows=667531 width=4) (actual time=348.292..1049.755 rows=662825 loops=1)
              Filter: (kind_id = 1)
              Rows Removed by Filter: 1865487
Planning time: 0.723 ms
Execution time: 2571.628 ms
