Hash Join  (cost=74031.58..128784.33 rows=8723 width=0) (actual time=1176.717..2393.676 rows=24557 loops=1)
  Hash Cond: (mc.movie_id = t.id)
  ->  Seq Scan on movie_companies mc  (cost=0.00..44881.29 rows=2609129 width=4) (actual time=0.014..656.547 rows=2609129 loops=1)
  ->  Hash  (cost=73925.90..73925.90 rows=8454 width=4) (actual time=1145.635..1145.635 rows=10177 loops=1)
        Buckets: 16384  Batches: 1  Memory Usage: 486kB
        ->  Seq Scan on title t  (cost=0.00..73925.90 rows=8454 width=4) (actual time=0.081..1141.238 rows=10177 loops=1)
              Filter: ((production_year < 2008) AND (kind_id = 6))
              Rows Removed by Filter: 2518135
Planning time: 0.766 ms
Execution time: 2397.443 ms
