Hash Join  (cost=85157.92..222082.83 rows=1224787 width=0) (actual time=1434.361..5511.715 rows=2263832 loops=1)
  Hash Cond: (mk.movie_id = t.id)
  ->  Seq Scan on movie_keyword mk  (cost=0.00..69693.30 rows=4523930 width=4) (actual time=0.019..1363.715 rows=4523930 loops=1)
  ->  Hash  (cost=73925.90..73925.90 rows=684561 width=4) (actual time=1432.359..1432.359 rows=585759 loops=1)
        Buckets: 131072  Batches: 16  Memory Usage: 2317kB
        ->  Seq Scan on title t  (cost=0.00..73925.90 rows=684561 width=4) (actual time=0.069..1236.922 rows=585759 loops=1)
              Filter: ((kind_id < 7) AND (production_year > 1990))
              Rows Removed by Filter: 1942553
Planning time: 0.705 ms
Execution time: 5764.598 ms
