Hash Join  (cost=438846.73..1239438.06 rows=40250 width=0) (actual time=7797.931..23070.875 rows=66469 loops=1)
  Hash Cond: (ci.movie_id = t.id)
  ->  Seq Scan on cast_info ci  (cost=0.00..705507.15 rows=9468168 width=4) (actual time=0.013..13415.585 rows=9384703 loops=1)
        Filter: (role_id > 4)
        Rows Removed by Filter: 26859641
  ->  Hash  (cost=438712.37..438712.37 rows=10749 width=8) (actual time=7793.651..7793.651 rows=16843 loops=1)
        Buckets: 32768 (originally 16384)  Batches: 1 (originally 1)  Memory Usage: 914kB
        ->  Hash Join  (cost=73948.96..438712.37 rows=10749 width=8) (actual time=1035.257..7783.993 rows=16843 loops=1)
              Hash Cond: (mi.movie_id = t.id)
              ->  Seq Scan on movie_info mi  (cost=0.00..309384.22 rows=14739122 width=4) (actual time=0.014..3824.869 rows=14835720 loops=1)
              ->  Hash  (cost=73925.90..73925.90 rows=1844 width=4) (actual time=1034.393..1034.393 rows=2300 loops=1)
                    Buckets: 4096 (originally 2048)  Batches: 1 (originally 1)  Memory Usage: 113kB
                    ->  Seq Scan on title t  (cost=0.00..73925.90 rows=1844 width=4) (actual time=490.062..1033.201 rows=2300 loops=1)
                          Filter: ((kind_id = 4) AND (production_year = 1997))
                          Rows Removed by Filter: 2526012
Planning time: 1.141 ms
Execution time: 23080.259 ms
