Hash Join  (cost=425864.12..1257702.44 rows=75077 width=0) (actual time=8194.179..22846.371 rows=11411 loops=1)
  Hash Cond: (ci.movie_id = t.id)
  ->  Seq Scan on cast_info ci  (cost=0.00..796071.18 rows=9337698 width=4) (actual time=1424.458..15147.733 rows=5072143 loops=1)
        Filter: ((person_id < 2837195) AND (role_id > 3))
        Rows Removed by Filter: 31172201
  ->  Hash  (cost=425610.00..425610.00 rows=20330 width=8) (actual time=6767.934..6767.934 rows=2219 loops=1)
        Buckets: 32768  Batches: 1  Memory Usage: 343kB
        ->  Hash Join  (cost=74434.21..425610.00 rows=20330 width=8) (actual time=2563.930..6766.957 rows=2219 loops=1)
              Hash Cond: (mi.movie_id = t.id)
              ->  Seq Scan on movie_info mi  (cost=0.00..346232.03 rows=1264125 width=4) (actual time=1540.712..5426.224 rows=1288928 loops=1)
                    Filter: (info_type_id = 2)
                    Rows Removed by Filter: 13546792
              ->  Hash  (cost=73925.90..73925.90 rows=40664 width=4) (actual time=1022.138..1022.138 rows=40257 loops=1)
                    Buckets: 65536  Batches: 1  Memory Usage: 1928kB
                    ->  Seq Scan on title t  (cost=0.00..73925.90 rows=40664 width=4) (actual time=38.973..1005.879 rows=40257 loops=1)
                          Filter: ((production_year > 2012) AND (kind_id = 7))
                          Rows Removed by Filter: 2488055
Planning time: 1.190 ms
Execution time: 22849.002 ms
