Seq Scan on cast_info ci  (cost=0.00..705507.15 rows=32621415 width=0) (actual time=343.919..13573.865 rows=32758612 loops=1)
  Filter: (person_id > 334375)
  Rows Removed by Filter: 3485732
Planning time: 0.331 ms
Execution time: 17638.876 ms
