Hash Join  (cost=845008.27..1591772.24 rows=3803831 width=0) (actual time=24105.528..37091.574 rows=2557586 loops=1)
  Hash Cond: (mi.movie_id = t.id)
  ->  Seq Scan on movie_info mi  (cost=0.00..346232.03 rows=12928982 width=4) (actual time=543.435..6885.789 rows=12970088 loops=1)
        Filter: (info_type_id < 18)
        Rows Removed by Filter: 1865632
  ->  Hash  (cost=832803.30..832803.30 rows=743917 width=8) (actual time=23558.923..23558.923 rows=700082 loops=1)
        Buckets: 131072  Batches: 16  Memory Usage: 2764kB
        ->  Hash Join  (cost=74574.97..832803.30 rows=743917 width=8) (actual time=1274.130..22965.359 rows=700082 loops=1)
              Hash Cond: (ci.movie_id = t.id)
              ->  Seq Scan on cast_info ci  (cost=0.00..614943.12 rows=36225612 width=4) (actual time=0.032..9185.662 rows=36244344 loops=1)
              ->  Hash  (cost=73925.90..73925.90 rows=51925 width=4) (actual time=1272.764..1272.764 rows=56480 loops=1)
                    Buckets: 65536  Batches: 1  Memory Usage: 2498kB
                    ->  Seq Scan on title t  (cost=0.00..73925.90 rows=51925 width=4) (actual time=0.025..1248.884 rows=56480 loops=1)
                          Filter: ((kind_id = 7) AND (production_year = 2004))
                          Rows Removed by Filter: 2471832
Planning time: 0.773 ms
Execution time: 37366.581 ms
