Seq Scan on movie_keyword mk  (cost=0.00..81003.12 rows=246 width=0) (actual time=7.186..866.522 rows=441 loops=1)
  Filter: (keyword_id = 2651)
  Rows Removed by Filter: 4523489
Planning time: 0.365 ms
Execution time: 866.778 ms
