Hash Join  (cost=83073.21..449728.25 rows=159 width=0) (actual time=1264.859..6626.738 rows=2559 loops=1)
  Hash Cond: (mi.movie_id = t.id)
  ->  Seq Scan on movie_info mi  (cost=0.00..346232.03 rows=5445713 width=4) (actual time=0.008..4648.536 rows=5410520 loops=1)
        Filter: (info_type_id < 6)
        Rows Removed by Filter: 9425200
  ->  Hash  (cost=83072.29..83072.29 rows=74 width=8) (actual time=1262.636..1262.636 rows=230 loops=1)
        Buckets: 1024  Batches: 1  Memory Usage: 17kB
        ->  Nested Loop  (cost=0.43..83072.29 rows=74 width=8) (actual time=16.022..1262.385 rows=230 loops=1)
              ->  Seq Scan on movie_keyword mk  (cost=0.00..81003.12 rows=246 width=4) (actual time=15.958..1236.466 rows=343 loops=1)
                    Filter: (keyword_id = 1164)
                    Rows Removed by Filter: 4523587
              ->  Index Scan using title_pkey on title t  (cost=0.43..8.40 rows=1 width=4) (actual time=0.073..0.073 rows=1 loops=343)
                    Index Cond: (id = mk.movie_id)
                    Filter: (kind_id < 3)
                    Rows Removed by Filter: 0
Planning time: 1.180 ms
Execution time: 6627.388 ms
