Hash Join  (cost=799707.63..854377.64 rows=449 width=0) (actual time=14733.004..15737.935 rows=225 loops=1)
  Hash Cond: (mc.movie_id = t.id)
  ->  Seq Scan on movie_companies mc  (cost=0.00..44881.29 rows=2609129 width=4) (actual time=0.023..564.439 rows=2609129 loops=1)
  ->  Hash  (cost=799702.19..799702.19 rows=435 width=8) (actual time=14722.967..14722.967 rows=44 loops=1)
        Buckets: 1024  Batches: 1  Memory Usage: 10kB
        ->  Nested Loop  (cost=0.43..799702.19 rows=435 width=8) (actual time=9085.610..14722.906 rows=44 loops=1)
              ->  Seq Scan on cast_info ci  (cost=0.00..796071.18 rows=435 width=4) (actual time=9085.411..14721.766 rows=44 loops=1)
                    Filter: ((role_id < 10) AND (person_id = 1201612))
                    Rows Removed by Filter: 36244300
              ->  Index Only Scan using title_pkey on title t  (cost=0.43..8.34 rows=1 width=4) (actual time=0.023..0.023 rows=1 loops=44)
                    Index Cond: (id = ci.movie_id)
                    Heap Fetches: 44
Planning time: 1.098 ms
Execution time: 15738.105 ms
