Seq Scan on cast_info ci  (cost=0.00..796071.18 rows=3134795 width=0) (actual time=5931.637..11717.322 rows=2709 loops=1)
  Filter: ((person_id < 1522102) AND (role_id = 2))
  Rows Removed by Filter: 36241635
Planning time: 0.385 ms
Execution time: 11717.961 ms
