Seq Scan on movie_companies mc  (cost=0.00..57926.93 rows=1173287 width=0) (actual time=230.368..1071.898 rows=1274246 loops=1)
  Filter: ((company_id < 108472) AND (company_type_id = 1))
  Rows Removed by Filter: 1334883
Planning time: 0.426 ms
Execution time: 1240.276 ms
