Hash Join  (cost=165428.75..252760.62 rows=67383 width=0) (actual time=3706.305..4905.939 rows=332466 loops=1)
  Hash Cond: (mk.movie_id = t.id)
  ->  Seq Scan on movie_keyword mk  (cost=0.00..69693.30 rows=4523930 width=4) (actual time=0.033..975.653 rows=4523930 loops=1)
  ->  Hash  (cost=164957.98..164957.98 rows=37662 width=8) (actual time=3009.604..3009.604 rows=36647 loops=1)
        Buckets: 65536  Batches: 1  Memory Usage: 1944kB
        ->  Hash Join  (cost=102767.86..164957.98 rows=37662 width=8) (actual time=2029.965..2995.341 rows=36647 loops=1)
              Hash Cond: (mc.movie_id = t.id)
              ->  Seq Scan on movie_companies mc  (cost=0.00..51404.11 rows=37662 width=4) (actual time=153.202..661.621 rows=36647 loops=1)
                    Filter: (company_id > 202135)
                    Rows Removed by Filter: 2572482
              ->  Hash  (cost=61283.27..61283.27 rows=2528527 width=4) (actual time=1874.963..1874.963 rows=2528312 loops=1)
                    Buckets: 131072  Batches: 64  Memory Usage: 2415kB
                    ->  Seq Scan on title t  (cost=0.00..61283.27 rows=2528527 width=4) (actual time=0.023..1040.066 rows=2528312 loops=1)
Planning time: 6.336 ms
Execution time: 4947.541 ms
