Seq Scan on movie_keyword mk  (cost=0.00..81003.12 rows=246 width=0) (actual time=1.957..1264.402 rows=489 loops=1)
  Filter: (keyword_id = 44737)
  Rows Removed by Filter: 4523441
Planning time: 0.613 ms
Execution time: 1265.150 ms
