Seq Scan on cast_info ci  (cost=0.00..796071.18 rows=7410360 width=0) (actual time=7489.447..14465.140 rows=12670688 loops=1)
  Filter: ((person_id < 2113995) AND (role_id = 1))
  Rows Removed by Filter: 23573656
Planning time: 0.424 ms
Execution time: 16017.696 ms
