Hash Join  (cost=96280.99..142370.48 rows=495259 width=0) (actual time=1880.993..3141.735 rows=310882 loops=1)
  Hash Cond: (mi_idx.movie_id = t.id)
  ->  Seq Scan on movie_info_idx mi_idx  (cost=0.00..25185.44 rows=919057 width=4) (actual time=0.025..519.894 rows=920110 loops=1)
        Filter: (info_type_id > 99)
        Rows Removed by Filter: 459925
  ->  Hash  (cost=73925.90..73925.90 rows=1362567 width=4) (actual time=1878.330..1878.330 rows=1337599 loops=1)
        Buckets: 131072  Batches: 32  Memory Usage: 2494kB
        ->  Seq Scan on title t  (cost=0.00..73925.90 rows=1362567 width=4) (actual time=0.020..1465.608 rows=1337599 loops=1)
              Filter: ((kind_id > 3) AND (production_year < 2011))
              Rows Removed by Filter: 1190713
Planning time: 0.731 ms
Execution time: 3178.347 ms
