Hash Join  (cost=102767.86..217104.69 rows=974751 width=0) (actual time=1888.934..4475.665 rows=979999 loops=1)
  Hash Cond: (mk.movie_id = t.id)
  ->  Seq Scan on movie_keyword mk  (cost=0.00..81003.12 rows=974751 width=4) (actual time=0.028..1417.891 rows=979999 loops=1)
        Filter: (keyword_id < 918)
        Rows Removed by Filter: 3543931
  ->  Hash  (cost=61283.27..61283.27 rows=2528527 width=4) (actual time=1886.260..1886.260 rows=2528312 loops=1)
        Buckets: 131072  Batches: 64  Memory Usage: 2425kB
        ->  Seq Scan on title t  (cost=0.00..61283.27 rows=2528527 width=4) (actual time=0.023..1015.532 rows=2528312 loops=1)
Planning time: 0.764 ms
Execution time: 4590.162 ms
