Seq Scan on movie_companies mc  (cost=0.00..57926.93 rows=163403 width=0) (actual time=230.870..880.099 rows=259901 loops=1)
  Filter: ((company_id < 161) AND (company_type_id < 2))
  Rows Removed by Filter: 2349228
Planning time: 0.327 ms
Execution time: 914.483 ms
