Seq Scan on movie_companies mc  (cost=0.00..57926.93 rows=334468 width=0) (actual time=296.266..883.679 rows=183021 loops=1)
  Filter: ((company_id < 878) AND (company_type_id = 2))
  Rows Removed by Filter: 2426108
Planning time: 0.349 ms
Execution time: 906.894 ms
