Hash Join  (cost=293532.80..406953.47 rows=2546774 width=0) (actual time=7962.225..14535.190 rows=18433736 loops=1)
  Hash Cond: (mc.movie_id = t.id)
  ->  Seq Scan on movie_companies mc  (cost=0.00..44881.29 rows=2609129 width=4) (actual time=0.032..919.187 rows=2609129 loops=1)
  ->  Hash  (cost=253039.58..253039.58 rows=2468098 width=8) (actual time=7960.475..7960.475 rows=2465035 loops=1)
        Buckets: 131072  Batches: 64  Memory Usage: 2545kB
        ->  Hash Join  (cost=102767.86..253039.58 rows=2468098 width=8) (actual time=2043.823..6606.555 rows=2465035 loops=1)
              Hash Cond: (mk.movie_id = t.id)
              ->  Seq Scan on movie_keyword mk  (cost=0.00..81003.12 rows=2468098 width=4) (actual time=0.020..1653.504 rows=2465035 loops=1)
                    Filter: (keyword_id < 5925)
                    Rows Removed by Filter: 2058895
              ->  Hash  (cost=61283.27..61283.27 rows=2528527 width=4) (actual time=2041.737..2041.737 rows=2528312 loops=1)
                    Buckets: 131072  Batches: 64  Memory Usage: 2425kB
                    ->  Seq Scan on title t  (cost=0.00..61283.27 rows=2528527 width=4) (actual time=0.017..1163.892 rows=2528312 loops=1)
Planning time: 1.053 ms
Execution time: 16582.936 ms
