Hash Join  (cost=353660.90..2099916.70 rows=56130156 width=0) (actual time=8219.630..84536.623 rows=194118665 loops=1)
  Hash Cond: (ci.movie_id = t.id)
  ->  Seq Scan on cast_info ci  (cost=0.00..614943.12 rows=36225612 width=4) (actual time=0.024..13338.171 rows=36244344 loops=1)
  ->  Hash  (cost=289382.74..289382.74 rows=3917853 width=8) (actual time=8217.730..8217.730 rows=4052975 loops=1)
        Buckets: 131072  Batches: 64  Memory Usage: 3513kB
        ->  Hash Join  (cost=107432.01..289382.74 rows=3917853 width=8) (actual time=2180.674..7167.462 rows=4052975 loops=1)
              Hash Cond: (mk.movie_id = t.id)
              ->  Seq Scan on movie_keyword mk  (cost=0.00..81003.12 rows=4080814 width=4) (actual time=0.018..1831.733 rows=4083122 loops=1)
                    Filter: (keyword_id < 40043)
                    Rows Removed by Filter: 440808
              ->  Hash  (cost=67604.59..67604.59 rows=2427554 width=4) (actual time=2179.372..2179.372 rows=2421168 loops=1)
                    Buckets: 131072  Batches: 32  Memory Usage: 3694kB
                    ->  Seq Scan on title t  (cost=0.00..67604.59 rows=2427554 width=4) (actual time=0.019..1383.477 rows=2421168 loops=1)
                          Filter: (production_year > 1911)
                          Rows Removed by Filter: 107144
Planning time: 1.168 ms
Execution time: 105701.896 ms
