Hash Join  (cost=194860.78..711992.57 rows=3498086 width=0) (actual time=4500.836..20751.986 rows=13556112 loops=1)
  Hash Cond: (mi.movie_id = t.id)
  ->  Seq Scan on movie_info mi  (cost=0.00..309384.22 rows=14739122 width=4) (actual time=0.025..5901.888 rows=14835720 loops=1)
  ->  Hash  (cost=185014.48..185014.48 rows=600104 width=8) (actual time=4500.014..4500.014 rows=879396 loops=1)
        Buckets: 131072 (originally 131072)  Batches: 16 (originally 8)  Memory Usage: 3189kB
        ->  Hash Join  (cost=102767.86..185014.48 rows=600104 width=8) (actual time=1955.460..4234.736 rows=879396 loops=1)
              Hash Cond: (mc.movie_id = t.id)
              ->  Seq Scan on movie_companies mc  (cost=0.00..57926.93 rows=600104 width=4) (actual time=0.034..1123.758 rows=879396 loops=1)
                    Filter: ((company_id > 12524) AND (company_type_id > 1))
                    Rows Removed by Filter: 1729733
              ->  Hash  (cost=61283.27..61283.27 rows=2528527 width=4) (actual time=1954.418..1954.418 rows=2528312 loops=1)
                    Buckets: 131072  Batches: 64  Memory Usage: 2415kB
                    ->  Seq Scan on title t  (cost=0.00..61283.27 rows=2528527 width=4) (actual time=0.020..1131.248 rows=2528312 loops=1)
Planning time: 1.161 ms
Execution time: 22100.655 ms
