Hash Join  (cost=80384.28..834139.22 rows=554256 width=0) (actual time=7803.728..15505.835 rows=829214 loops=1)
  Hash Cond: (ci.movie_id = t.id)
  ->  Seq Scan on cast_info ci  (cost=0.00..705507.15 rows=3560329 width=4) (actual time=6273.354..12003.948 rows=3558427 loops=1)
        Filter: (person_id > 3416114)
        Rows Removed by Filter: 32685917
  ->  Hash  (cost=73925.90..73925.90 rows=393630 width=4) (actual time=1529.246..1529.246 rows=401187 loops=1)
        Buckets: 131072  Batches: 8  Memory Usage: 2794kB
        ->  Seq Scan on title t  (cost=0.00..73925.90 rows=393630 width=4) (actual time=0.031..1397.189 rows=401187 loops=1)
              Filter: ((kind_id > 1) AND (production_year > 2009))
              Rows Removed by Filter: 2127125
Planning time: 1.131 ms
Execution time: 15616.041 ms
