Hash Join  (cost=796748.78..823659.70 rows=44 width=0) (actual time=13406.238..13797.510 rows=99 loops=1)
  Hash Cond: (mi_idx.movie_id = t.id)
  ->  Seq Scan on movie_info_idx mi_idx  (cost=0.00..21735.35 rows=1380035 width=4) (actual time=0.022..199.219 rows=1380035 loops=1)
  ->  Hash  (cost=796747.78..796747.78 rows=80 width=8) (actual time=13402.667..13402.667 rows=34 loops=1)
        Buckets: 1024  Batches: 1  Memory Usage: 10kB
        ->  Nested Loop  (cost=0.43..796747.78 rows=80 width=8) (actual time=1371.119..13402.642 rows=34 loops=1)
              ->  Seq Scan on cast_info ci  (cost=0.00..796071.18 rows=80 width=4) (actual time=1371.036..13402.053 rows=34 loops=1)
                    Filter: ((role_id > 8) AND (person_id = 2949951))
                    Rows Removed by Filter: 36244310
              ->  Index Only Scan using title_pkey on title t  (cost=0.43..8.45 rows=1 width=4) (actual time=0.016..0.016 rows=1 loops=34)
                    Index Cond: (id = ci.movie_id)
                    Heap Fetches: 34
Planning time: 1.104 ms
Execution time: 13797.613 ms
