Hash Join  (cost=88334.42..1077883.20 rows=4389979 width=0) (actual time=1517.807..30343.158 rows=8160071 loops=1)
  Hash Cond: (ci.movie_id = t.id)
  ->  Seq Scan on cast_info ci  (cost=0.00..796071.18 rows=12639682 width=4) (actual time=0.024..16663.969 rows=18953925 loops=1)
        Filter: ((person_id > 1643119) AND (role_id > 1))
        Rows Removed by Filter: 17290419
  ->  Hash  (cost=73925.90..73925.90 rows=878201 width=4) (actual time=1516.718..1516.718 rows=947729 loops=1)
        Buckets: 131072  Batches: 16  Memory Usage: 3113kB
        ->  Seq Scan on title t  (cost=0.00..73925.90 rows=878201 width=4) (actual time=0.015..1227.471 rows=947729 loops=1)
              Filter: ((kind_id > 1) AND (production_year > 2003))
              Rows Removed by Filter: 1580583
Planning time: 0.855 ms
Execution time: 31307.176 ms
