Seq Scan on movie_companies mc  (cost=0.00..57926.93 rows=309958 width=0) (actual time=183.901..1013.269 rows=450529 loops=1)
  Filter: ((company_id < 809) AND (company_type_id < 2))
  Rows Removed by Filter: 2158600
Planning time: 0.324 ms
Execution time: 1074.461 ms
