Seq Scan on cast_info ci  (cost=0.00..796071.18 rows=101 width=0) (actual time=2264.169..10355.645 rows=1 loops=1)
  Filter: ((person_id = 2256727) AND (role_id = 2))
  Rows Removed by Filter: 36244343
Planning time: 0.277 ms
Execution time: 10355.733 ms
