Hash Join  (cost=156487.41..226093.78 rows=134528 width=0) (actual time=3439.034..4888.566 rows=293412 loops=1)
  Hash Cond: (mc.movie_id = t.id)
  ->  Seq Scan on movie_companies mc  (cost=0.00..57926.93 rows=737907 width=4) (actual time=0.020..1092.708 rows=524226 loops=1)
        Filter: ((company_id > 7457) AND (company_type_id = 1))
        Rows Removed by Filter: 2084903
  ->  Hash  (cost=148924.19..148924.19 rows=460978 width=8) (actual time=3438.146..3438.146 rows=459925 loops=1)
        Buckets: 131072  Batches: 8  Memory Usage: 3275kB
        ->  Hash Join  (cost=102767.86..148924.19 rows=460978 width=8) (actual time=2001.135..3299.991 rows=459925 loops=1)
              Hash Cond: (mi_idx.movie_id = t.id)
              ->  Seq Scan on movie_info_idx mi_idx  (cost=0.00..25185.44 rows=460978 width=4) (actual time=0.015..496.442 rows=459925 loops=1)
                    Filter: (info_type_id = 99)
                    Rows Removed by Filter: 920110
              ->  Hash  (cost=61283.27..61283.27 rows=2528527 width=4) (actual time=1999.519..1999.519 rows=2528312 loops=1)
                    Buckets: 131072  Batches: 64  Memory Usage: 2415kB
                    ->  Seq Scan on title t  (cost=0.00..61283.27 rows=2528527 width=4) (actual time=0.024..1150.301 rows=2528312 loops=1)
Planning time: 2.587 ms
Execution time: 4916.480 ms
