Hash Join  (cost=135135.20..222043.97 rows=25073 width=0) (actual time=2294.492..4292.536 rows=181993 loops=1)
  Hash Cond: (mk.movie_id = t.id)
  ->  Seq Scan on movie_keyword mk  (cost=0.00..69693.30 rows=4523930 width=4) (actual time=0.024..1095.550 rows=4523930 loops=1)
  ->  Hash  (cost=134960.02..134960.02 rows=14014 width=8) (actual time=2294.286..2294.286 rows=35194 loops=1)
        Buckets: 65536 (originally 16384)  Batches: 1 (originally 1)  Memory Usage: 1887kB
        ->  Hash Join  (cost=74674.67..134960.02 rows=14014 width=8) (actual time=1209.084..2279.845 rows=35194 loops=1)
              Hash Cond: (mc.movie_id = t.id)
              ->  Seq Scan on movie_companies mc  (cost=0.00..57926.93 rows=591542 width=4) (actual time=0.028..966.294 rows=331409 loops=1)
                    Filter: ((company_id > 12083) AND (company_type_id < 2))
                    Rows Removed by Filter: 2277720
              ->  Hash  (cost=73925.90..73925.90 rows=59901 width=4) (actual time=1208.671..1208.671 rows=83315 loops=1)
                    Buckets: 131072 (originally 65536)  Batches: 1 (originally 1)  Memory Usage: 3954kB
                    ->  Seq Scan on title t  (cost=0.00..73925.90 rows=59901 width=4) (actual time=0.732..1176.296 rows=83315 loops=1)
                          Filter: ((production_year > 2001) AND (kind_id = 4))
                          Rows Removed by Filter: 2444997
Planning time: 1.513 ms
Execution time: 4315.629 ms
