Seq Scan on cast_info ci  (cost=0.00..705507.15 rows=31452221 width=0) (actual time=345.448..12727.965 rows=31571892 loops=1)
  Filter: (person_id > 452449)
  Rows Removed by Filter: 4672452
Planning time: 0.226 ms
Execution time: 16463.510 ms
