Hash Join  (cost=74609.54..442453.48 rows=318801 width=0) (actual time=1136.509..9826.062 rows=474934 loops=1)
  Hash Cond: (mi.movie_id = t.id)
  ->  Seq Scan on movie_info mi  (cost=0.00..309384.22 rows=14739122 width=4) (actual time=0.012..4580.064 rows=14835720 loops=1)
  ->  Hash  (cost=73925.90..73925.90 rows=54691 width=4) (actual time=1136.133..1136.133 rows=46344 loops=1)
        Buckets: 65536  Batches: 1  Memory Usage: 2142kB
        ->  Seq Scan on title t  (cost=0.00..73925.90 rows=54691 width=4) (actual time=0.144..1117.779 rows=46344 loops=1)
              Filter: ((kind_id < 4) AND (production_year = 2011))
              Rows Removed by Filter: 2481968
Planning time: 0.739 ms
Execution time: 9892.965 ms
