Hash Join  (cost=73962.22..100888.56 rows=1586 width=0) (actual time=968.919..1415.732 rows=2420 loops=1)
  Hash Cond: (mi_idx.movie_id = t.id)
  ->  Seq Scan on movie_info_idx mi_idx  (cost=0.00..21735.35 rows=1380035 width=4) (actual time=0.008..248.395 rows=1380035 loops=1)
  ->  Hash  (cost=73925.90..73925.90 rows=2905 width=4) (actual time=968.657..968.657 rows=2507 loops=1)
        Buckets: 4096  Batches: 1  Memory Usage: 121kB
        ->  Seq Scan on title t  (cost=0.00..73925.90 rows=2905 width=4) (actual time=38.057..967.309 rows=2507 loops=1)
              Filter: ((kind_id < 7) AND (production_year = 1931))
              Rows Removed by Filter: 2525805
Planning time: 0.797 ms
Execution time: 1416.061 ms
