Hash Join  (cost=323554.12..1165147.48 rows=7993544 width=181) (actual time=7546.880..57803.996 rows=73492704 loops=1)
  Hash Cond: (mi.movie_id = t.id)
  ->  Seq Scan on movie_info mi  (cost=0.00..309384.22 rows=14739122 width=75) (actual time=0.012..6844.124 rows=14835720 loops=1)
  ->  Hash  (cost=283646.75..283646.75 rows=1371309 width=106) (actual time=7545.411..7545.411 rows=1387263 loops=1)
        Buckets: 32768  Batches: 64  Memory Usage: 3186kB
        ->  Hash Join  (cost=129928.86..283646.75 rows=1371309 width=106) (actual time=2967.417..6748.106 rows=1387263 loops=1)
              Hash Cond: (mk.movie_id = t.id)
              ->  Seq Scan on movie_keyword mk  (cost=0.00..81003.12 rows=1371309 width=12) (actual time=0.011..1742.249 rows=1387263 loops=1)
                    Filter: (keyword_id > 12022)
                    Rows Removed by Filter: 3136667
              ->  Hash  (cost=61283.27..61283.27 rows=2528527 width=94) (actual time=2965.820..2965.820 rows=2528312 loops=1)
                    Buckets: 32768  Batches: 128  Memory Usage: 2470kB
                    ->  Seq Scan on title t  (cost=0.00..61283.27 rows=2528527 width=94) (actual time=0.016..1352.817 rows=2528312 loops=1)
Planning time: 1.026 ms
Execution time: 61843.790 ms
