Hash Join  (cost=69687.24..938821.65 rows=301946 width=0) (actual time=10260.757..19656.681 rows=469324 loops=1)
  Hash Cond: (ci.movie_id = t.id)
  ->  Seq Scan on cast_info ci  (cost=0.00..796071.18 rows=6014873 width=4) (actual time=8770.237..14717.500 rows=7656194 loops=1)
        Filter: ((person_id > 1300285) AND (role_id > 4))
        Rows Removed by Filter: 28588150
  ->  Hash  (cost=67604.59..67604.59 rows=126932 width=4) (actual time=1489.494..1489.494 rows=122861 loops=1)
        Buckets: 131072  Batches: 2  Memory Usage: 3191kB
        ->  Seq Scan on title t  (cost=0.00..67604.59 rows=126932 width=4) (actual time=0.034..1081.732 rows=122861 loops=1)
              Filter: (production_year = 2008)
              Rows Removed by Filter: 2405451
Planning time: 6.321 ms
Execution time: 19719.477 ms
