Seq Scan on movie_keyword mk  (cost=0.00..81003.12 rows=3287109 width=0) (actual time=0.020..1542.031 rows=3270701 loops=1)
  Filter: (keyword_id > 1595)
  Rows Removed by Filter: 1253229
Planning time: 0.344 ms
Execution time: 1953.040 ms
