Seq Scan on movie_keyword mk  (cost=0.00..81003.12 rows=1755617 width=0) (actual time=0.016..1417.171 rows=1757936 loops=1)
  Filter: (keyword_id > 7880)
  Rows Removed by Filter: 2765994
Planning time: 0.217 ms
Execution time: 1635.059 ms
