Seq Scan on movie_keyword mk  (cost=0.00..81003.12 rows=16889 width=0) (actual time=0.071..1346.294 rows=14120 loops=1)
  Filter: (keyword_id = 1382)
  Rows Removed by Filter: 4509810
Planning time: 0.447 ms
Execution time: 1349.413 ms
