Seq Scan on movie_companies mc  (cost=0.00..57926.93 rows=53 width=0) (actual time=60.031..961.777 rows=81 loops=1)
  Filter: ((company_type_id > 1) AND (company_id = 1891))
  Rows Removed by Filter: 2609048
Planning time: 0.353 ms
Execution time: 961.917 ms
