Hash Join  (cost=217858.32..1091736.81 rows=2269946 width=0) (actual time=7846.362..25100.134 rows=5805636 loops=1)
  Hash Cond: (ci.movie_id = t.id)
  ->  Seq Scan on cast_info ci  (cost=0.00..796071.18 rows=4316762 width=4) (actual time=2708.610..15989.168 rows=4323018 loops=1)
        Filter: ((person_id < 4055344) AND (role_id = 10))
        Rows Removed by Filter: 31921326
  ->  Hash  (cost=196044.17..196044.17 rows=1329612 width=8) (actual time=5136.131..5136.131 rows=1334883 loops=1)
        Buckets: 131072  Batches: 32  Memory Usage: 2639kB
        ->  Hash Join  (cost=102767.86..196044.17 rows=1329612 width=8) (actual time=2200.909..4723.330 rows=1334883 loops=1)
              Hash Cond: (mc.movie_id = t.id)
              ->  Seq Scan on movie_companies mc  (cost=0.00..51404.11 rows=1329612 width=4) (actual time=170.250..1045.908 rows=1334883 loops=1)
                    Filter: (company_type_id = 2)
                    Rows Removed by Filter: 1274246
              ->  Hash  (cost=61283.27..61283.27 rows=2528527 width=4) (actual time=2029.288..2029.288 rows=2528312 loops=1)
                    Buckets: 131072  Batches: 64  Memory Usage: 2415kB
                    ->  Seq Scan on title t  (cost=0.00..61283.27 rows=2528527 width=4) (actual time=0.028..1186.587 rows=2528312 loops=1)
Planning time: 1.148 ms
Execution time: 25820.798 ms
