Seq Scan on cast_info ci  (cost=0.00..705507.15 rows=22959573 width=0) (actual time=1955.754..10949.343 rows=23011418 loops=1)
  Filter: (person_id > 1304926)
  Rows Removed by Filter: 13232926
Planning time: 0.259 ms
Execution time: 13514.460 ms
