Hash Join  (cost=98098.54..211555.98 rows=918416 width=0) (actual time=1888.577..4356.542 rows=840697 loops=1)
  Hash Cond: (mk.movie_id = t.id)
  ->  Seq Scan on movie_keyword mk  (cost=0.00..81003.12 rows=1249432 width=4) (actual time=0.027..1399.335 rows=1261440 loops=1)
        Filter: (keyword_id > 14204)
        Rows Removed by Filter: 3262490
  ->  Hash  (cost=67604.59..67604.59 rows=1858636 width=4) (actual time=1886.362..1886.362 rows=1852807 loops=1)
        Buckets: 131072  Batches: 32  Memory Usage: 3075kB
        ->  Seq Scan on title t  (cost=0.00..67604.59 rows=1858636 width=4) (actual time=0.027..1270.849 rows=1852807 loops=1)
              Filter: (production_year > 1985)
              Rows Removed by Filter: 675505
Planning time: 0.721 ms
Execution time: 4449.716 ms
