Hash Join  (cost=101077.34..187786.48 rows=5110 width=0) (actual time=1657.380..3375.869 rows=60680 loops=1)
  Hash Cond: (mk.movie_id = t.id)
  ->  Seq Scan on movie_keyword mk  (cost=0.00..69693.30 rows=4523930 width=4) (actual time=0.016..890.453 rows=4523930 loops=1)
  ->  Hash  (cost=101041.64..101041.64 rows=2856 width=8) (actual time=1657.061..1657.061 rows=5811 loops=1)
        Buckets: 8192 (originally 4096)  Batches: 1 (originally 1)  Memory Usage: 291kB
        ->  Hash Join  (cost=74124.68..101041.64 rows=2856 width=8) (actual time=1053.508..1654.192 rows=5811 loops=1)
              Hash Cond: (mi_idx.movie_id = t.id)
              ->  Seq Scan on movie_info_idx mi_idx  (cost=0.00..25185.44 rows=454124 width=4) (actual time=0.012..485.170 rows=459925 loops=1)
                    Filter: (info_type_id = 100)
                    Rows Removed by Filter: 920110
              ->  Hash  (cost=73925.90..73925.90 rows=15902 width=4) (actual time=1053.294..1053.294 rows=12969 loops=1)
                    Buckets: 16384  Batches: 1  Memory Usage: 584kB
                    ->  Seq Scan on title t  (cost=0.00..73925.90 rows=15902 width=4) (actual time=0.052..1047.053 rows=12969 loops=1)
                          Filter: ((kind_id < 7) AND (production_year = 1997))
                          Rows Removed by Filter: 2515343
Planning time: 0.780 ms
Execution time: 3384.280 ms
