Hash Join  (cost=156649.15..231408.15 rows=205995 width=0) (actual time=3896.750..5806.372 rows=778353 loops=1)
  Hash Cond: (mc.movie_id = t.id)
  ->  Seq Scan on movie_companies mc  (cost=0.00..57926.93 rows=1120298 width=4) (actual time=219.783..1243.997 rows=1274246 loops=1)
        Filter: ((company_id < 90907) AND (company_type_id < 2))
        Rows Removed by Filter: 1334883
  ->  Hash  (cost=149020.47..149020.47 rows=464934 width=8) (actual time=3676.113..3676.113 rows=460185 loops=1)
        Buckets: 131072  Batches: 8  Memory Usage: 3276kB
        ->  Hash Join  (cost=102767.86..149020.47 rows=464934 width=8) (actual time=2233.756..3545.232 rows=460185 loops=1)
              Hash Cond: (mi_idx.movie_id = t.id)
              ->  Seq Scan on movie_info_idx mi_idx  (cost=0.00..25185.44 rows=464934 width=4) (actual time=0.020..497.676 rows=460185 loops=1)
                    Filter: (info_type_id > 100)
                    Rows Removed by Filter: 919850
              ->  Hash  (cost=61283.27..61283.27 rows=2528527 width=4) (actual time=2231.998..2231.998 rows=2528312 loops=1)
                    Buckets: 131072  Batches: 64  Memory Usage: 2415kB
                    ->  Seq Scan on title t  (cost=0.00..61283.27 rows=2528527 width=4) (actual time=0.023..1124.995 rows=2528312 loops=1)
Planning time: 1.074 ms
Execution time: 5901.375 ms
