Seq Scan on movie_companies mc  (cost=0.00..57926.93 rows=273622 width=0) (actual time=329.963..762.339 rows=539785 loops=1)
  Filter: ((company_id > 72190) AND (company_type_id > 1))
  Rows Removed by Filter: 2069344
Planning time: 0.343 ms
Execution time: 827.691 ms
