Seq Scan on movie_companies mc  (cost=0.00..57926.93 rows=527618 width=0) (actual time=0.026..936.826 rows=833460 loops=1)
  Filter: ((company_id > 15122) AND (company_type_id = 2))
  Rows Removed by Filter: 1775669
Planning time: 0.395 ms
Execution time: 1041.773 ms
