Hash Join  (cost=154391.37..224177.09 rows=202342 width=0) (actual time=3758.944..5635.910 rows=741772 loops=1)
  Hash Cond: (mc.movie_id = t.id)
  ->  Seq Scan on movie_companies mc  (cost=0.00..51404.11 rows=1279517 width=4) (actual time=1.152..1008.996 rows=1274246 loops=1)
        Filter: (company_type_id = 1)
        Rows Removed by Filter: 1334883
  ->  Hash  (cost=147831.12..147831.12 rows=399860 width=8) (actual time=3756.995..3756.995 rows=436710 loops=1)
        Buckets: 131072  Batches: 8  Memory Usage: 3163kB
        ->  Hash Join  (cost=104131.46..147831.12 rows=399860 width=8) (actual time=2139.834..3378.461 rows=436710 loops=1)
              Hash Cond: (mi_idx.movie_id = t.id)
              ->  Seq Scan on movie_info_idx mi_idx  (cost=0.00..25185.44 rows=454124 width=4) (actual time=0.012..478.320 rows=459925 loops=1)
                    Filter: (info_type_id = 100)
                    Rows Removed by Filter: 920110
              ->  Hash  (cost=67604.59..67604.59 rows=2226390 width=4) (actual time=2138.805..2138.805 rows=2224569 loops=1)
                    Buckets: 131072  Batches: 32  Memory Usage: 3463kB
                    ->  Seq Scan on title t  (cost=0.00..67604.59 rows=2226390 width=4) (actual time=0.034..1433.420 rows=2224569 loops=1)
                          Filter: (production_year < 2012)
                          Rows Removed by Filter: 303743
Planning time: 1.247 ms
Execution time: 5729.456 ms
