Hash Join  (cost=74794.72..426413.29 rows=36788 width=0) (actual time=3389.699..6997.446 rows=30289 loops=1)
  Hash Cond: (mi.movie_id = t.id)
  ->  Seq Scan on movie_info mi  (cost=0.00..346232.03 rows=1338312 width=4) (actual time=2163.078..5490.173 rows=1401902 loops=1)
        Filter: (info_type_id = 7)
        Rows Removed by Filter: 13433818
  ->  Hash  (cost=73925.90..73925.90 rows=69505 width=4) (actual time=1225.822..1225.822 rows=69431 loops=1)
        Buckets: 131072  Batches: 1  Memory Usage: 3465kB
        ->  Seq Scan on title t  (cost=0.00..73925.90 rows=69505 width=4) (actual time=0.031..1198.063 rows=69431 loops=1)
              Filter: ((kind_id < 3) AND (production_year > 2011))
              Rows Removed by Filter: 2458881
Planning time: 2.437 ms
Execution time: 7001.762 ms
