Hash Join  (cost=447821.37..1523591.74 rows=4085317 width=0) (actual time=7471.726..37700.570 rows=4221229 loops=1)
  Hash Cond: (ci.movie_id = t.id)
  ->  Seq Scan on cast_info ci  (cost=0.00..614943.12 rows=36225612 width=4) (actual time=0.023..13218.751 rows=36244344 loops=1)
  ->  Hash  (cost=443142.96..443142.96 rows=285153 width=8) (actual time=7470.951..7470.951 rows=221007 loops=1)
        Buckets: 131072  Batches: 4  Memory Usage: 3196kB
        ->  Hash Join  (cost=76379.89..443142.96 rows=285153 width=8) (actual time=2712.997..7400.205 rows=221007 loops=1)
              Hash Cond: (mi.movie_id = t.id)
              ->  Seq Scan on movie_info mi  (cost=0.00..346232.03 rows=1348138 width=4) (actual time=1377.187..5265.931 rows=1298989 loops=1)
                    Filter: (info_type_id = 4)
                    Rows Removed by Filter: 13536731
              ->  Hash  (cost=67604.59..67604.59 rows=534824 width=4) (actual time=1334.822..1334.822 rows=533369 loops=1)
                    Buckets: 131072  Batches: 8  Memory Usage: 3376kB
                    ->  Seq Scan on title t  (cost=0.00..67604.59 rows=534824 width=4) (actual time=0.028..1151.197 rows=533369 loops=1)
                          Filter: (production_year > 2009)
                          Rows Removed by Filter: 1994943
Planning time: 1.150 ms
Execution time: 38208.566 ms
