Hash Join  (cost=94978.31..1018626.39 rows=4115213 width=0) (actual time=4064.225..23814.006 rows=4932137 loops=1)
  Hash Cond: (ci.movie_id = t.id)
  ->  Seq Scan on cast_info ci  (cost=0.00..796071.18 rows=6236553 width=4) (actual time=2149.502..16061.404 rows=7451973 loops=1)
        Filter: ((person_id < 3125438) AND (role_id = 2))
        Rows Removed by Filter: 28792371
  ->  Hash  (cost=67604.59..67604.59 rows=1668458 width=4) (actual time=1913.733..1913.733 rows=1671292 loops=1)
        Buckets: 131072  Batches: 32  Memory Usage: 2858kB
        ->  Seq Scan on title t  (cost=0.00..67604.59 rows=1668458 width=4) (actual time=0.031..1345.521 rows=1671292 loops=1)
              Filter: (production_year < 2008)
              Rows Removed by Filter: 857020
Planning time: 0.753 ms
Execution time: 24380.318 ms
