Hash Join  (cost=130323.38..865999.46 rows=503 width=0) (actual time=2242.767..14736.823 rows=2591 loops=1)
  Hash Cond: (ci.movie_id = t.id)
  ->  Seq Scan on cast_info ci  (cost=0.00..705507.15 rows=8043707 width=4) (actual time=0.018..11184.342 rows=7924412 loops=1)
        Filter: (person_id < 773020)
        Rows Removed by Filter: 28319932
  ->  Hash  (cost=130321.40..130321.40 rows=158 width=8) (actual time=2213.607..2213.607 rows=754 loops=1)
        Buckets: 1024  Batches: 1  Memory Usage: 38kB
        ->  Hash Join  (cost=73929.67..130321.40 rows=158 width=8) (actual time=1743.863..2213.154 rows=754 loops=1)
              Hash Cond: (mc.movie_id = t.id)
              ->  Seq Scan on movie_companies mc  (cost=0.00..51404.11 rows=1329612 width=4) (actual time=436.038..950.673 rows=1334883 loops=1)
                    Filter: (company_type_id > 1)
                    Rows Removed by Filter: 1274246
              ->  Hash  (cost=73925.90..73925.90 rows=301 width=4) (actual time=1069.225..1069.225 rows=814 loops=1)
                    Buckets: 1024  Batches: 1  Memory Usage: 37kB
                    ->  Seq Scan on title t  (cost=0.00..73925.90 rows=301 width=4) (actual time=509.814..1068.709 rows=814 loops=1)
                          Filter: ((kind_id = 3) AND (production_year = 1964))
                          Rows Removed by Filter: 2527498
Planning time: 0.835 ms
Execution time: 14737.745 ms
