Hash Join  (cost=152832.48..283397.04 rows=702752 width=0) (actual time=3425.055..7262.321 rows=2805516 loops=1)
  Hash Cond: (mk.movie_id = t.id)
  ->  Seq Scan on movie_keyword mk  (cost=0.00..69693.30 rows=4523930 width=4) (actual time=0.018..1367.244 rows=4523930 loops=1)
  ->  Hash  (cost=146387.68..146387.68 rows=392784 width=8) (actual time=3424.271..3424.271 rows=400067 loops=1)
        Buckets: 131072  Batches: 8  Memory Usage: 2993kB
        ->  Hash Join  (cost=102951.51..146387.68 rows=392784 width=8) (actual time=2061.823..3298.073 rows=400067 loops=1)
              Hash Cond: (mi_idx.movie_id = t.id)
              ->  Seq Scan on movie_info_idx mi_idx  (cost=0.00..25185.44 rows=460978 width=4) (actual time=0.019..477.776 rows=459925 loops=1)
                    Filter: (info_type_id < 100)
                    Rows Removed by Filter: 920110
              ->  Hash  (cost=67604.59..67604.59 rows=2154474 width=4) (actual time=2060.313..2060.313 rows=2146684 loops=1)
                    Buckets: 131072  Batches: 32  Memory Usage: 3385kB
                    ->  Seq Scan on title t  (cost=0.00..67604.59 rows=2154474 width=4) (actual time=0.019..1389.462 rows=2146684 loops=1)
                          Filter: (production_year > 1965)
                          Rows Removed by Filter: 381628
Planning time: 1.080 ms
Execution time: 7570.194 ms
