Hash Join  (cost=133792.47..212995.92 rows=301292 width=0) (actual time=3269.515..6140.008 rows=1951936 loops=1)
  Hash Cond: (mc.movie_id = t.id)
  ->  Seq Scan on movie_companies mc  (cost=0.00..44881.29 rows=2609129 width=4) (actual time=0.022..987.554 rows=2609129 loops=1)
  ->  Hash  (cost=129001.66..129001.66 rows=291985 width=8) (actual time=3268.662..3268.662 rows=584972 loops=1)
        Buckets: 131072 (originally 131072)  Batches: 8 (originally 4)  Memory Usage: 3894kB
        ->  Hash Join  (cost=87162.74..129001.66 rows=291985 width=8) (actual time=1686.220..3079.867 rows=584972 loops=1)
              Hash Cond: (mi_idx.movie_id = t.id)
              ->  Seq Scan on movie_info_idx mi_idx  (cost=0.00..25185.44 rows=915101 width=4) (actual time=0.017..582.415 rows=919850 loops=1)
                    Filter: (info_type_id < 101)
                    Rows Removed by Filter: 460185
              ->  Hash  (cost=73925.90..73925.90 rows=806787 width=4) (actual time=1685.141..1685.141 rows=843018 loops=1)
                    Buckets: 131072  Batches: 16  Memory Usage: 2879kB
                    ->  Seq Scan on title t  (cost=0.00..73925.90 rows=806787 width=4) (actual time=0.019..1420.101 rows=843018 loops=1)
                          Filter: ((kind_id < 7) AND (production_year < 2011))
                          Rows Removed by Filter: 1685294
Planning time: 1.266 ms
Execution time: 6368.099 ms
