Hash Join  (cost=100866.78..851674.85 rows=1889 width=0) (actual time=1624.621..17179.358 rows=12183 loops=1)
  Hash Cond: (ci.movie_id = t.id)
  ->  Seq Scan on cast_info ci  (cost=0.00..614943.12 rows=36225612 width=4) (actual time=0.012..8633.678 rows=36244344 loops=1)
  ->  Hash  (cost=100865.13..100865.13 rows=132 width=8) (actual time=1622.566..1622.566 rows=209 loops=1)
        Buckets: 1024  Batches: 1  Memory Usage: 17kB
        ->  Hash Join  (cost=73934.87..100865.13 rows=132 width=8) (actual time=1044.656..1622.373 rows=209 loops=1)
              Hash Cond: (mi_idx.movie_id = t.id)
              ->  Seq Scan on movie_info_idx mi_idx  (cost=0.00..25185.44 rows=464934 width=4) (actual time=0.018..507.979 rows=460185 loops=1)
                    Filter: (info_type_id > 100)
                    Rows Removed by Filter: 919850
              ->  Hash  (cost=73925.90..73925.90 rows=717 width=4) (actual time=1044.314..1044.314 rows=440 loops=1)
                    Buckets: 1024  Batches: 1  Memory Usage: 24kB
                    ->  Seq Scan on title t  (cost=0.00..73925.90 rows=717 width=4) (actual time=0.269..1043.993 rows=440 loops=1)
                          Filter: ((kind_id = 6) AND (production_year = 2010))
                          Rows Removed by Filter: 2527872
Planning time: 1.208 ms
Execution time: 17182.916 ms
