Hash Join  (cost=521607.22..1828821.43 rows=22207403 width=0) (actual time=9261.992..49011.653 rows=26038298 loops=1)
  Hash Cond: (ci.movie_id = t.id)
  ->  Seq Scan on cast_info ci  (cost=0.00..614943.12 rows=36225612 width=4) (actual time=0.024..13115.574 rows=36244344 loops=1)
  ->  Hash  (cost=496176.42..496176.42 rows=1550064 width=8) (actual time=9260.555..9260.555 rows=1533909 loops=1)
        Buckets: 131072  Batches: 32  Memory Usage: 2883kB
        ->  Hash Join  (cost=102767.86..496176.42 rows=1550064 width=8) (actual time=4889.963..8806.619 rows=1533909 loops=1)
              Hash Cond: (mi.movie_id = t.id)
              ->  Seq Scan on movie_info mi  (cost=0.00..346232.03 rows=1550064 width=4) (actual time=2908.394..5080.993 rows=1533909 loops=1)
                    Filter: (info_type_id = 3)
                    Rows Removed by Filter: 13301811
              ->  Hash  (cost=61283.27..61283.27 rows=2528527 width=4) (actual time=1980.477..1980.477 rows=2528312 loops=1)
                    Buckets: 131072  Batches: 64  Memory Usage: 2425kB
                    ->  Seq Scan on title t  (cost=0.00..61283.27 rows=2528527 width=4) (actual time=0.022..1101.614 rows=2528312 loops=1)
Planning time: 1.196 ms
Execution time: 52089.909 ms
