Hash Join  (cost=97102.97..907601.69 rows=264186 width=0) (actual time=2908.891..12901.825 rows=93381 loops=1)
  Hash Cond: (ci.movie_id = t.id)
  ->  Seq Scan on cast_info ci  (cost=0.00..796071.18 rows=371535 width=4) (actual time=1060.775..10657.261 rows=120356 loops=1)
        Filter: ((person_id < 53210) AND (role_id > 1))
        Rows Removed by Filter: 36123988
  ->  Hash  (cost=67604.59..67604.59 rows=1797951 width=4) (actual time=1847.364..1847.364 rows=1793384 loops=1)
        Buckets: 131072  Batches: 32  Memory Usage: 2998kB
        ->  Seq Scan on title t  (cost=0.00..67604.59 rows=1797951 width=4) (actual time=0.012..1266.861 rows=1793384 loops=1)
              Filter: (production_year > 1988)
              Rows Removed by Filter: 734928
Planning time: 0.730 ms
Execution time: 12912.852 ms
