Seq Scan on cast_info ci  (cost=0.00..796071.18 rows=27510 width=0) (actual time=609.038..10331.343 rows=11780 loops=1)
  Filter: ((person_id < 10826) AND (role_id > 4))
  Rows Removed by Filter: 36232564
Planning time: 0.407 ms
Execution time: 10332.825 ms
