Hash Join  (cost=73962.22..428449.27 rows=2521 width=0) (actual time=2690.522..6838.835 rows=10734 loops=1)
  Hash Cond: (mi.movie_id = t.id)
  ->  Seq Scan on movie_info mi  (cost=0.00..346232.03 rows=2194617 width=4) (actual time=1512.351..5325.299 rows=2233850 loops=1)
        Filter: (info_type_id > 16)
        Rows Removed by Filter: 12601870
  ->  Hash  (cost=73925.90..73925.90 rows=2905 width=4) (actual time=1108.989..1108.989 rows=6173 loops=1)
        Buckets: 8192 (originally 4096)  Batches: 1 (originally 1)  Memory Usage: 282kB
        ->  Seq Scan on title t  (cost=0.00..73925.90 rows=2905 width=4) (actual time=0.390..1105.964 rows=6173 loops=1)
              Filter: ((kind_id < 7) AND (production_year = 1971))
              Rows Removed by Filter: 2522139
Planning time: 0.798 ms
Execution time: 6840.843 ms
