Seq Scan on cast_info ci  (cost=0.00..705507.15 rows=500 width=0) (actual time=796.153..10554.900 rows=73 loops=1)
  Filter: (person_id = 2776758)
  Rows Removed by Filter: 36244271
Planning time: 0.350 ms
Execution time: 10555.009 ms
