Hash Join  (cost=67697.55..819552.20 rows=106548 width=0) (actual time=1074.444..17789.602 rows=35721 loops=1)
  Hash Cond: (ci.movie_id = t.id)
  ->  Seq Scan on cast_info ci  (cost=0.00..614943.12 rows=36225612 width=4) (actual time=0.017..9108.021 rows=36244344 loops=1)
  ->  Hash  (cost=67604.59..67604.59 rows=7437 width=4) (actual time=1074.271..1074.271 rows=2567 loops=1)
        Buckets: 8192  Batches: 1  Memory Usage: 155kB
        ->  Seq Scan on title t  (cost=0.00..67604.59 rows=7437 width=4) (actual time=648.520..1072.983 rows=2567 loops=1)
              Filter: (production_year = 1932)
              Rows Removed by Filter: 2525745
Planning time: 0.651 ms
Execution time: 17797.310 ms
