Hash Join  (cost=203560.39..1138845.88 rows=5656710 width=0) (actual time=4458.260..29334.258 rows=10382100 loops=1)
  Hash Cond: (ci.movie_id = t.id)
  ->  Seq Scan on cast_info ci  (cost=0.00..705507.15 rows=14650462 width=4) (actual time=0.022..14196.376 rows=14563311 loops=1)
        Filter: (person_id < 1435474)
        Rows Removed by Filter: 21681033
  ->  Hash  (cost=187542.73..187542.73 rows=976293 width=8) (actual time=4457.330..4457.330 rows=986833 loops=1)
        Buckets: 131072  Batches: 16  Memory Usage: 3442kB
        ->  Hash Join  (cost=102767.86..187542.73 rows=976293 width=8) (actual time=1883.627..4160.856 rows=986833 loops=1)
              Hash Cond: (mc.movie_id = t.id)
              ->  Seq Scan on movie_companies mc  (cost=0.00..51404.11 rows=976293 width=4) (actual time=0.012..963.926 rows=986833 loops=1)
                    Filter: (company_id > 17137)
                    Rows Removed by Filter: 1622296
              ->  Hash  (cost=61283.27..61283.27 rows=2528527 width=4) (actual time=1882.838..1882.838 rows=2528312 loops=1)
                    Buckets: 131072  Batches: 64  Memory Usage: 2415kB
                    ->  Seq Scan on title t  (cost=0.00..61283.27 rows=2528527 width=4) (actual time=0.029..1053.847 rows=2528312 loops=1)
Planning time: 0.934 ms
Execution time: 30569.584 ms
