Hash Join  (cost=102767.86..268306.09 rows=3102591 width=0) (actual time=1913.091..6770.227 rows=3090000 loops=1)
  Hash Cond: (mk.movie_id = t.id)
  ->  Seq Scan on movie_keyword mk  (cost=0.00..81003.12 rows=3102591 width=4) (actual time=0.028..1876.598 rows=3090000 loops=1)
        Filter: (keyword_id < 11662)
        Rows Removed by Filter: 1433930
  ->  Hash  (cost=61283.27..61283.27 rows=2528527 width=4) (actual time=1911.934..1911.934 rows=2528312 loops=1)
        Buckets: 131072  Batches: 64  Memory Usage: 2425kB
        ->  Seq Scan on title t  (cost=0.00..61283.27 rows=2528527 width=4) (actual time=0.015..1057.477 rows=2528312 loops=1)
Planning time: 0.694 ms
Execution time: 7137.512 ms
