Seq Scan on movie_keyword mk  (cost=0.00..81003.12 rows=246 width=0) (actual time=7.170..1187.647 rows=443 loops=1)
  Filter: (keyword_id = 10781)
  Rows Removed by Filter: 4523487
Planning time: 0.381 ms
Execution time: 1187.942 ms
