Hash Join  (cost=190230.21..1183055.18 rows=9040390 width=0) (actual time=4482.924..31781.412 rows=18280283 loops=1)
  Hash Cond: (ci.movie_id = t.id)
  ->  Seq Scan on cast_info ci  (cost=0.00..705507.15 rows=16563978 width=4) (actual time=0.027..14216.826 rows=16692596 loops=1)
        Filter: (person_id > 1958009)
        Rows Removed by Filter: 19551748
  ->  Hash  (cost=167588.78..167588.78 rows=1380035 width=8) (actual time=4481.749..4481.749 rows=1380035 loops=1)
        Buckets: 131072  Batches: 32  Memory Usage: 2708kB
        ->  Hash Join  (cost=102767.86..167588.78 rows=1380035 width=8) (actual time=2202.177..4100.871 rows=1380035 loops=1)
              Hash Cond: (mi_idx.movie_id = t.id)
              ->  Seq Scan on movie_info_idx mi_idx  (cost=0.00..21735.35 rows=1380035 width=4) (actual time=0.021..428.803 rows=1380035 loops=1)
              ->  Hash  (cost=61283.27..61283.27 rows=2528527 width=4) (actual time=2201.382..2201.382 rows=2528312 loops=1)
                    Buckets: 131072  Batches: 64  Memory Usage: 2415kB
                    ->  Seq Scan on title t  (cost=0.00..61283.27 rows=2528527 width=4) (actual time=0.031..1127.912 rows=2528312 loops=1)
Planning time: 1.230 ms
Execution time: 33750.355 ms
