Hash Join  (cost=101625.48..923708.88 rows=311310 width=0) (actual time=1915.002..23068.771 rows=531119 loops=1)
  Hash Cond: (ci.movie_id = t.id)
  ->  Seq Scan on cast_info ci  (cost=0.00..705507.15 rows=30256833 width=4) (actual time=0.024..13540.451 rows=30210933 loops=1)
        Filter: (person_id < 3044866)
        Rows Removed by Filter: 6033411
  ->  Hash  (cost=101300.28..101300.28 rows=26016 width=8) (actual time=1914.769..1914.769 rows=20225 loops=1)
        Buckets: 32768  Batches: 1  Memory Usage: 1047kB
        ->  Hash Join  (cost=69928.56..101300.28 rows=26016 width=8) (actual time=1175.126..1906.105 rows=20225 loops=1)
              Hash Cond: (mi_idx.movie_id = t.id)
              ->  Seq Scan on movie_info_idx mi_idx  (cost=0.00..25185.44 rows=464566 width=4) (actual time=0.025..505.053 rows=459925 loops=1)
                    Filter: (info_type_id = 101)
                    Rows Removed by Filter: 920110
              ->  Hash  (cost=67604.59..67604.59 rows=141598 width=4) (actual time=1174.442..1174.442 rows=141703 loops=1)
                    Buckets: 131072  Batches: 2  Memory Usage: 3511kB
                    ->  Seq Scan on title t  (cost=0.00..67604.59 rows=141598 width=4) (actual time=0.037..1112.938 rows=141703 loops=1)
                          Filter: (production_year = 2010)
                          Rows Removed by Filter: 2386609
Planning time: 1.205 ms
Execution time: 23149.072 ms
