Hash Join  (cost=102767.86..245137.30 rows=2139712 width=0) (actual time=2039.911..6014.933 rows=2143959 loops=1)
  Hash Cond: (mk.movie_id = t.id)
  ->  Seq Scan on movie_keyword mk  (cost=0.00..81003.12 rows=2139712 width=4) (actual time=0.024..1703.022 rows=2143959 loops=1)
        Filter: (keyword_id < 4020)
        Rows Removed by Filter: 2379971
  ->  Hash  (cost=61283.27..61283.27 rows=2528527 width=4) (actual time=2038.027..2038.027 rows=2528312 loops=1)
        Buckets: 131072  Batches: 64  Memory Usage: 2425kB
        ->  Seq Scan on title t  (cost=0.00..61283.27 rows=2528527 width=4) (actual time=0.021..1156.198 rows=2528312 loops=1)
Planning time: 0.770 ms
Execution time: 6273.997 ms
