Hash Join  (cost=80905.14..122581.28 rows=232166 width=0) (actual time=1602.809..2647.509 rows=106416 loops=1)
  Hash Cond: (mi_idx.movie_id = t.id)
  ->  Seq Scan on movie_info_idx mi_idx  (cost=0.00..21735.35 rows=1380035 width=4) (actual time=0.016..414.638 rows=1380035 loops=1)
  ->  Hash  (cost=73925.90..73925.90 rows=425379 width=4) (actual time=1601.534..1601.534 rows=283450 loops=1)
        Buckets: 131072  Batches: 8  Memory Usage: 2259kB
        ->  Seq Scan on title t  (cost=0.00..73925.90 rows=425379 width=4) (actual time=0.020..1243.176 rows=283450 loops=1)
              Filter: ((kind_id > 3) AND (production_year < 1988))
              Rows Removed by Filter: 2244862
Planning time: 1.025 ms
Execution time: 2660.604 ms
