Seq Scan on movie_companies mc  (cost=0.00..51404.11 rows=104 width=0) (actual time=221.915..823.263 rows=57 loops=1)
  Filter: (company_id = 99291)
  Rows Removed by Filter: 2609072
Planning time: 0.362 ms
Execution time: 823.375 ms
