Hash Join  (cost=197372.82..1060009.77 rows=1181528 width=0) (actual time=4177.001..17154.207 rows=835666 loops=1)
  Hash Cond: (ci.movie_id = t.id)
  ->  Seq Scan on cast_info ci  (cost=0.00..796071.18 rows=4511330 width=4) (actual time=209.422..11740.946 rows=1929647 loops=1)
        Filter: ((person_id < 665885) AND (role_id > 1))
        Rows Removed by Filter: 34314697
  ->  Hash  (cost=186507.98..186507.98 rows=662227 width=8) (actual time=3966.182..3966.182 rows=429827 loops=1)
        Buckets: 131072  Batches: 16  Memory Usage: 2077kB
        ->  Hash Join  (cost=102767.86..186507.98 rows=662227 width=8) (actual time=2362.160..3837.417 rows=429827 loops=1)
              Hash Cond: (mc.movie_id = t.id)
              ->  Seq Scan on movie_companies mc  (cost=0.00..57926.93 rows=662227 width=4) (actual time=391.987..1133.765 rows=429827 loops=1)
                    Filter: ((company_id > 11154) AND (company_type_id < 2))
                    Rows Removed by Filter: 2179302
              ->  Hash  (cost=61283.27..61283.27 rows=2528527 width=4) (actual time=1969.357..1969.357 rows=2528312 loops=1)
                    Buckets: 131072  Batches: 64  Memory Usage: 2415kB
                    ->  Seq Scan on title t  (cost=0.00..61283.27 rows=2528527 width=4) (actual time=0.027..1117.475 rows=2528312 loops=1)
Planning time: 1.103 ms
Execution time: 17249.376 ms
