Hash Join  (cost=233489.60..615623.08 rows=807435 width=0) (actual time=5405.503..12215.369 rows=1909815 loops=1)
  Hash Cond: (mi.movie_id = t.id)
  ->  Seq Scan on movie_info mi  (cost=0.00..346232.03 rows=2073893 width=4) (actual time=543.103..5675.015 rows=2091068 loops=1)
        Filter: (info_type_id < 3)
        Rows Removed by Filter: 12744652
  ->  Hash  (cost=217338.12..217338.12 rows=984439 width=8) (actual time=4861.606..4861.606 rows=994173 loops=1)
        Buckets: 131072  Batches: 16  Memory Usage: 3552kB
        ->  Hash Join  (cost=102767.86..217338.12 rows=984439 width=8) (actual time=1981.056..4551.474 rows=994173 loops=1)
              Hash Cond: (mk.movie_id = t.id)
              ->  Seq Scan on movie_keyword mk  (cost=0.00..81003.12 rows=984439 width=4) (actual time=2.641..1339.013 rows=994173 loops=1)
                    Filter: (keyword_id < 936)
                    Rows Removed by Filter: 3529757
              ->  Hash  (cost=61283.27..61283.27 rows=2528527 width=4) (actual time=1976.956..1976.956 rows=2528312 loops=1)
                    Buckets: 131072  Batches: 64  Memory Usage: 2425kB
                    ->  Seq Scan on title t  (cost=0.00..61283.27 rows=2528527 width=4) (actual time=0.016..1112.759 rows=2528312 loops=1)
Planning time: 1.148 ms
Execution time: 12442.485 ms
