Hash Join  (cost=448706.74..526803.48 rows=221020 width=0) (actual time=6912.194..11746.240 rows=8435247 loops=1)
  Hash Cond: (mc.movie_id = t.id)
  ->  Seq Scan on movie_companies mc  (cost=0.00..44881.29 rows=2609129 width=4) (actual time=0.007..812.753 rows=2609129 loops=1)
  ->  Hash  (cost=445192.33..445192.33 rows=214193 width=8) (actual time=6911.171..6911.171 rows=606405 loops=1)
        Buckets: 131072 (originally 131072)  Batches: 8 (originally 4)  Memory Usage: 3902kB
        ->  Hash Join  (cost=81598.21..445192.33 rows=214193 width=8) (actual time=3478.708..6727.784 rows=606405 loops=1)
              Hash Cond: (mi.movie_id = t.id)
              ->  Seq Scan on movie_info mi  (cost=0.00..346232.03 rows=1158179 width=4) (actual time=2099.204..4401.215 rows=1204709 loops=1)
                    Filter: (info_type_id > 18)
                    Rows Removed by Filter: 13631011
              ->  Hash  (cost=73925.90..73925.90 rows=467624 width=4) (actual time=1378.596..1378.596 rows=557493 loops=1)
                    Buckets: 131072  Batches: 8  Memory Usage: 3494kB
                    ->  Seq Scan on title t  (cost=0.00..73925.90 rows=467624 width=4) (actual time=0.044..1202.271 rows=557493 loops=1)
                          Filter: ((kind_id < 7) AND (production_year < 2003))
                          Rows Removed by Filter: 1970819
Planning time: 1.153 ms
Execution time: 12686.422 ms
