Hash Join  (cost=339788.60..890711.10 rows=9432314 width=0) (actual time=8044.793..52816.144 rows=150552585 loops=1)
  Hash Cond: (mi.movie_id = t.id)
  ->  Seq Scan on movie_info mi  (cost=0.00..346232.03 rows=6231111 width=4) (actual time=0.013..6477.285 rows=6223494 loops=1)
        Filter: (info_type_id > 8)
        Rows Removed by Filter: 8612226
  ->  Hash  (cost=276992.27..276992.27 rows=3827546 width=8) (actual time=8043.554..8043.554 rows=3636145 loops=1)
        Buckets: 131072  Batches: 64  Memory Usage: 3276kB
        ->  Hash Join  (cost=102702.86..276992.27 rows=3827546 width=8) (actual time=2073.172..6974.327 rows=3636145 loops=1)
              Hash Cond: (mk.movie_id = t.id)
              ->  Seq Scan on movie_keyword mk  (cost=0.00..69693.30 rows=4523930 width=4) (actual time=0.017..1517.364 rows=4523930 loops=1)
              ->  Hash  (cost=67604.59..67604.59 rows=2139302 width=4) (actual time=2072.351..2072.351 rows=2132973 loops=1)
                    Buckets: 131072  Batches: 32  Memory Usage: 3380kB
                    ->  Seq Scan on title t  (cost=0.00..67604.59 rows=2139302 width=4) (actual time=0.039..1384.076 rows=2132973 loops=1)
                          Filter: (production_year > 1966)
                          Rows Removed by Filter: 395339
Planning time: 1.130 ms
Execution time: 68844.370 ms
