Hash Join  (cost=102767.86..243716.62 rows=2080716 width=0) (actual time=1970.031..5548.066 rows=2090322 loops=1)
  Hash Cond: (mk.movie_id = t.id)
  ->  Seq Scan on movie_keyword mk  (cost=0.00..81003.12 rows=2080716 width=4) (actual time=0.019..1603.133 rows=2090322 loops=1)
        Filter: (keyword_id < 3741)
        Rows Removed by Filter: 2433608
  ->  Hash  (cost=61283.27..61283.27 rows=2528527 width=4) (actual time=1968.779..1968.779 rows=2528312 loops=1)
        Buckets: 131072  Batches: 64  Memory Usage: 2425kB
        ->  Seq Scan on title t  (cost=0.00..61283.27 rows=2528527 width=4) (actual time=0.017..1088.505 rows=2528312 loops=1)
Planning time: 0.515 ms
Execution time: 5796.149 ms
