Hash Join  (cost=223822.49..714698.39 rows=2879853 width=0) (actual time=4540.937..24423.508 rows=37344841 loops=1)
  Hash Cond: (mi.movie_id = t.id)
  ->  Seq Scan on movie_info mi  (cost=0.00..346232.03 rows=9767026 width=4) (actual time=0.017..6710.937 rows=9911754 loops=1)
        Filter: (info_type_id > 4)
        Rows Removed by Filter: 4923966
  ->  Hash  (cost=211590.14..211590.14 rows=745548 width=8) (actual time=4540.066..4540.066 rows=751022 loops=1)
        Buckets: 131072  Batches: 16  Memory Usage: 2972kB
        ->  Hash Join  (cost=102767.86..211590.14 rows=745548 width=8) (actual time=1910.357..4337.012 rows=751022 loops=1)
              Hash Cond: (mk.movie_id = t.id)
              ->  Seq Scan on movie_keyword mk  (cost=0.00..81003.12 rows=745548 width=4) (actual time=0.043..1474.910 rows=751022 loops=1)
                    Filter: (keyword_id > 24894)
                    Rows Removed by Filter: 3772908
              ->  Hash  (cost=61283.27..61283.27 rows=2528527 width=4) (actual time=1908.691..1908.691 rows=2528312 loops=1)
                    Buckets: 131072  Batches: 64  Memory Usage: 2425kB
                    ->  Seq Scan on title t  (cost=0.00..61283.27 rows=2528527 width=4) (actual time=0.015..1053.374 rows=2528312 loops=1)
Planning time: 1.107 ms
Execution time: 28580.361 ms
