Seq Scan on cast_info ci  (cost=0.00..796071.18 rows=2700740 width=0) (actual time=0.010..11760.451 rows=3005741 loops=1)
  Filter: ((person_id < 328177) AND (role_id < 6))
  Rows Removed by Filter: 33238603
Planning time: 0.295 ms
Execution time: 12154.695 ms
