Seq Scan on movie_keyword mk  (cost=0.00..81003.12 rows=2502460 width=0) (actual time=0.025..1489.354 rows=2496397 loops=1)
  Filter: (keyword_id > 3635)
  Rows Removed by Filter: 2027533
Planning time: 0.330 ms
Execution time: 1789.328 ms
