Hash Join  (cost=186237.95..1326687.76 rows=8075655 width=0) (actual time=4120.792..35889.930 rows=6786767 loops=1)
  Hash Cond: (ci.movie_id = t.id)
  ->  Seq Scan on cast_info ci  (cost=0.00..705507.15 rows=30405364 width=4) (actual time=145.788..16655.197 rows=30511650 loops=1)
        Filter: (role_id < 9)
        Rows Removed by Filter: 5732694
  ->  Hash  (cost=175219.24..175219.24 rows=671576 width=8) (actual time=3974.110..3974.110 rows=372812 loops=1)
        Buckets: 131072  Batches: 16  Memory Usage: 1939kB
        ->  Hash Join  (cost=98137.04..175219.24 rows=671576 width=8) (actual time=1863.658..3854.751 rows=372812 loops=1)
              Hash Cond: (mc.movie_id = t.id)
              ->  Seq Scan on movie_companies mc  (cost=0.00..51404.11 rows=912467 width=4) (actual time=0.020..1028.550 rows=920930 loops=1)
                    Filter: (company_id > 20085)
                    Rows Removed by Filter: 1688199
              ->  Hash  (cost=67604.59..67604.59 rows=1860996 width=4) (actual time=1862.189..1862.189 rows=1865487 loops=1)
                    Buckets: 131072  Batches: 32  Memory Usage: 3079kB
                    ->  Seq Scan on title t  (cost=0.00..67604.59 rows=1860996 width=4) (actual time=0.025..1269.468 rows=1865487 loops=1)
                          Filter: (kind_id > 1)
                          Rows Removed by Filter: 662825
Planning time: 1.137 ms
Execution time: 36638.278 ms
