Hash Join  (cost=102767.86..271541.99 rows=3237108 width=0) (actual time=2283.438..6968.601 rows=3225830 loops=1)
  Hash Cond: (mk.movie_id = t.id)
  ->  Seq Scan on movie_keyword mk  (cost=0.00..81003.12 rows=3237108 width=4) (actual time=0.021..1894.677 rows=3225830 loops=1)
        Filter: (keyword_id < 13597)
        Rows Removed by Filter: 1298100
  ->  Hash  (cost=61283.27..61283.27 rows=2528527 width=4) (actual time=2282.461..2282.461 rows=2528312 loops=1)
        Buckets: 131072  Batches: 64  Memory Usage: 2425kB
        ->  Seq Scan on title t  (cost=0.00..61283.27 rows=2528527 width=4) (actual time=0.014..1157.816 rows=2528312 loops=1)
Planning time: 0.951 ms
Execution time: 7357.291 ms
