Hash Join  (cost=155540.25..241823.42 rows=814865 width=0) (actual time=3600.472..6423.365 rows=2788291 loops=1)
  Hash Cond: (mc.movie_id = t.id)
  ->  Seq Scan on movie_companies mc  (cost=0.00..44881.29 rows=2609129 width=4) (actual time=0.015..945.208 rows=2609129 loops=1)
  ->  Hash  (cost=142584.10..142584.10 rows=789692 width=8) (actual time=3599.086..3599.086 rows=949108 loops=1)
        Buckets: 131072  Batches: 16  Memory Usage: 3351kB
        ->  Hash Join  (cost=91342.70..142584.10 rows=789692 width=8) (actual time=1737.527..3342.292 rows=949108 loops=1)
              Hash Cond: (mi_idx.movie_id = t.id)
              ->  Seq Scan on movie_info_idx mi_idx  (cost=0.00..21735.35 rows=1380035 width=4) (actual time=0.015..488.817 rows=1380035 loops=1)
              ->  Hash  (cost=67604.59..67604.59 rows=1446889 width=4) (actual time=1736.307..1736.307 rows=1443298 loops=1)
                    Buckets: 131072  Batches: 32  Memory Usage: 2608kB
                    ->  Seq Scan on title t  (cost=0.00..67604.59 rows=1446889 width=4) (actual time=0.028..1279.049 rows=1443298 loops=1)
                          Filter: (production_year < 2006)
                          Rows Removed by Filter: 1085014
Planning time: 1.144 ms
Execution time: 6709.176 ms
