Hash Join  (cost=95693.05..658018.96 rows=7733698 width=0) (actual time=1825.044..16646.149 rows=3523036 loops=1)
  Hash Cond: (mi.movie_id = t.id)
  ->  Seq Scan on movie_info mi  (cost=0.00..309384.22 rows=14739122 width=4) (actual time=0.020..5903.794 rows=14835720 loops=1)
  ->  Hash  (cost=73925.90..73925.90 rows=1326732 width=4) (actual time=1823.576..1823.576 rows=1405802 loops=1)
        Buckets: 131072  Batches: 32  Memory Usage: 2576kB
        ->  Seq Scan on title t  (cost=0.00..73925.90 rows=1326732 width=4) (actual time=0.023..1369.998 rows=1405802 loops=1)
              Filter: ((production_year > 1963) AND (kind_id = 7))
              Rows Removed by Filter: 1122510
Planning time: 10.571 ms
Execution time: 17077.087 ms
