Hash Join  (cost=74394.67..441236.57 rows=218598 width=0) (actual time=1103.472..9053.694 rows=376337 loops=1)
  Hash Cond: (mi.movie_id = t.id)
  ->  Seq Scan on movie_info mi  (cost=0.00..309384.22 rows=14739122 width=4) (actual time=0.013..4176.587 rows=14835720 loops=1)
  ->  Hash  (cost=73925.90..73925.90 rows=37501 width=4) (actual time=1103.090..1103.090 rows=32253 loops=1)
        Buckets: 65536  Batches: 1  Memory Usage: 1646kB
        ->  Seq Scan on title t  (cost=0.00..73925.90 rows=37501 width=4) (actual time=0.227..1089.625 rows=32253 loops=1)
              Filter: ((kind_id < 7) AND (production_year = 2005))
              Rows Removed by Filter: 2496059
Planning time: 0.801 ms
Execution time: 9107.284 ms
