Hash Join  (cost=242932.83..614722.04 rows=614170 width=0) (actual time=5246.107..11751.699 rows=1143727 loops=1)
  Hash Cond: (mi.movie_id = t.id)
  ->  Seq Scan on movie_info mi  (cost=0.00..346232.03 rows=1264125 width=4) (actual time=37.081..5439.310 rows=1288928 loops=1)
        Filter: (info_type_id = 2)
        Rows Removed by Filter: 13546792
  ->  Hash  (cost=222777.88..222777.88 rows=1228476 width=8) (actual time=5196.844..5196.844 rows=1185686 loops=1)
        Buckets: 131072  Batches: 32  Memory Usage: 2524kB
        ->  Hash Join  (cost=102454.22..222777.88 rows=1228476 width=8) (actual time=2109.133..4887.062 rows=1185686 loops=1)
              Hash Cond: (mk.movie_id = t.id)
              ->  Seq Scan on movie_keyword mk  (cost=0.00..81003.12 rows=1462355 width=4) (actual time=0.220..1474.846 rows=1472411 loops=1)
                    Filter: (keyword_id > 11172)
                    Rows Removed by Filter: 3051519
              ->  Hash  (cost=67604.59..67604.59 rows=2124131 width=4) (actual time=2107.056..2107.056 rows=2118372 loops=1)
                    Buckets: 131072  Batches: 32  Memory Usage: 3365kB
                    ->  Seq Scan on title t  (cost=0.00..67604.59 rows=2124131 width=4) (actual time=0.019..1415.283 rows=2118372 loops=1)
                          Filter: (production_year > 1967)
                          Rows Removed by Filter: 409940
Planning time: 1.164 ms
Execution time: 11884.478 ms
