Hash Join  (cost=206612.52..753906.57 rows=6324913 width=0) (actual time=4601.569..22526.070 rows=15318695 loops=1)
  Hash Cond: (mi.movie_id = t.id)
  ->  Seq Scan on movie_info mi  (cost=0.00..309384.22 rows=14739122 width=4) (actual time=0.003..6055.186 rows=14835720 loops=1)
  ->  Hash  (cost=188810.37..188810.37 rows=1085052 width=8) (actual time=4600.592..4600.592 rows=981032 loops=1)
        Buckets: 131072  Batches: 16  Memory Usage: 3435kB
        ->  Hash Join  (cost=101458.67..188810.37 rows=1085052 width=8) (actual time=1980.236..4288.517 rows=981032 loops=1)
              Hash Cond: (mc.movie_id = t.id)
              ->  Seq Scan on movie_companies mc  (cost=0.00..51404.11 rows=1329612 width=4) (actual time=0.027..915.901 rows=1334883 loops=1)
                    Filter: (company_type_id = 2)
                    Rows Removed by Filter: 1274246
              ->  Hash  (cost=67604.59..67604.59 rows=2063447 width=4) (actual time=1978.845..1978.845 rows=2060346 loops=1)
                    Buckets: 131072  Batches: 32  Memory Usage: 3293kB
                    ->  Seq Scan on title t  (cost=0.00..67604.59 rows=2063447 width=4) (actual time=0.010..1320.267 rows=2060346 loops=1)
                          Filter: (production_year > 1971)
                          Rows Removed by Filter: 467966
Planning time: 0.996 ms
Execution time: 24383.298 ms
