Hash Join  (cost=94891.01..156633.23 rows=3303 width=0) (actual time=1556.476..2863.545 rows=6957 loops=1)
  Hash Cond: (mc.movie_id = t.id)
  ->  Seq Scan on movie_companies mc  (cost=0.00..57926.93 rows=1008602 width=4) (actual time=0.013..1162.205 rows=868489 loops=1)
        Filter: ((company_id > 554) AND (company_type_id < 2))
        Rows Removed by Filter: 1740640
  ->  Hash  (cost=94787.51..94787.51 rows=8280 width=8) (actual time=1554.705..1554.705 rows=6147 loops=1)
        Buckets: 16384  Batches: 1  Memory Usage: 369kB
        ->  Hash Join  (cost=67794.22..94787.51 rows=8280 width=8) (actual time=1116.082..1552.284 rows=6147 loops=1)
              Hash Cond: (mi_idx.movie_id = t.id)
              ->  Seq Scan on movie_info_idx mi_idx  (cost=0.00..21735.35 rows=1380035 width=4) (actual time=0.024..304.107 rows=1380035 loops=1)
              ->  Hash  (cost=67604.59..67604.59 rows=15171 width=4) (actual time=942.064..942.064 rows=14988 loops=1)
                    Buckets: 16384  Batches: 1  Memory Usage: 655kB
                    ->  Seq Scan on title t  (cost=0.00..67604.59 rows=15171 width=4) (actual time=0.014..936.054 rows=14988 loops=1)
                          Filter: (production_year < 1905)
                          Rows Removed by Filter: 2513324
Planning time: 1.190 ms
Execution time: 2864.741 ms
