Seq Scan on cast_info ci  (cost=0.00..796071.18 rows=176 width=0) (actual time=12217.967..13813.870 rows=224 loops=1)
  Filter: ((role_id < 2) AND (person_id = 13258))
  Rows Removed by Filter: 36244120
Planning time: 0.407 ms
Execution time: 13813.999 ms
