Seq Scan on cast_info ci  (cost=0.00..796071.18 rows=276 width=0) (actual time=6300.652..13579.941 rows=161 loops=1)
  Filter: ((role_id < 3) AND (person_id = 2446725))
  Rows Removed by Filter: 36244183
Planning time: 2.992 ms
Execution time: 13580.135 ms
