Seq Scan on movie_keyword mk  (cost=0.00..81003.12 rows=246 width=0) (actual time=0.548..663.758 rows=334 loops=1)
  Filter: (keyword_id = 4758)
  Rows Removed by Filter: 4523596
Planning time: 2.300 ms
Execution time: 663.948 ms
