Hash Join  (cost=129252.22..257295.68 rows=495843 width=0) (actual time=2558.121..8515.326 rows=6981806 loops=1)
  Hash Cond: (mk.movie_id = t.id)
  ->  Seq Scan on movie_keyword mk  (cost=0.00..69693.30 rows=4523930 width=4) (actual time=0.014..1340.325 rows=4523930 loops=1)
  ->  Hash  (cost=124704.99..124704.99 rows=277138 width=8) (actual time=2557.184..2557.184 rows=550776 loops=1)
        Buckets: 131072 (originally 131072)  Batches: 8 (originally 4)  Memory Usage: 3739kB
        ->  Hash Join  (cost=82257.13..124704.99 rows=277138 width=8) (actual time=1094.802..2374.956 rows=550776 loops=1)
              Hash Cond: (mi_idx.movie_id = t.id)
              ->  Seq Scan on movie_info_idx mi_idx  (cost=0.00..21735.35 rows=1380035 width=4) (actual time=0.022..401.999 rows=1380035 loops=1)
              ->  Hash  (cost=73925.90..73925.90 rows=507778 width=4) (actual time=1093.982..1093.982 rows=524129 loops=1)
                    Buckets: 131072  Batches: 8  Memory Usage: 3340kB
                    ->  Seq Scan on title t  (cost=0.00..73925.90 rows=507778 width=4) (actual time=386.035..930.472 rows=524129 loops=1)
                          Filter: ((production_year < 2010) AND (kind_id = 1))
                          Rows Removed by Filter: 2004183
Planning time: 1.113 ms
Execution time: 9286.889 ms
