Hash Join  (cost=137734.95..635158.32 rows=1651045 width=0) (actual time=2924.115..15662.107 rows=1286984 loops=1)
  Hash Cond: (mi.movie_id = t.id)
  ->  Seq Scan on movie_info mi  (cost=0.00..309384.22 rows=14739122 width=4) (actual time=0.020..6163.142 rows=14835720 loops=1)
  ->  Hash  (cost=133087.45..133087.45 rows=283240 width=8) (actual time=2911.603..2911.603 rows=147460 loops=1)
        Buckets: 131072  Batches: 4  Memory Usage: 2468kB
        ->  Hash Join  (cost=93093.72..133087.45 rows=283240 width=8) (actual time=1819.276..2861.853 rows=147460 loops=1)
              Hash Cond: (mi_idx.movie_id = t.id)
              ->  Seq Scan on movie_info_idx mi_idx  (cost=0.00..25185.44 rows=460978 width=4) (actual time=0.025..536.561 rows=459925 loops=1)
                    Filter: (info_type_id < 100)
                    Rows Removed by Filter: 920110
              ->  Hash  (cost=67604.59..67604.59 rows=1553611 width=4) (actual time=1809.925..1809.925 rows=1555864 loops=1)
                    Buckets: 131072  Batches: 32  Memory Usage: 2734kB
                    ->  Seq Scan on title t  (cost=0.00..67604.59 rows=1553611 width=4) (actual time=0.006..1308.973 rows=1555864 loops=1)
                          Filter: (kind_id > 4)
                          Rows Removed by Filter: 972448
Planning time: 3.477 ms
Execution time: 15821.880 ms
