Seq Scan on movie_keyword mk  (cost=0.00..81003.12 rows=246 width=0) (actual time=0.443..1384.056 rows=1245 loops=1)
  Filter: (keyword_id = 4192)
  Rows Removed by Filter: 4522685
Planning time: 0.364 ms
Execution time: 1384.545 ms
