Seq Scan on movie_companies mc  (cost=0.00..57926.93 rows=53 width=0) (actual time=250.312..1051.674 rows=52 loops=1)
  Filter: ((company_type_id > 1) AND (company_id = 98061))
  Rows Removed by Filter: 2609077
Planning time: 0.381 ms
Execution time: 1051.791 ms
