Seq Scan on title t  (cost=0.00..73925.90 rows=960107 width=0) (actual time=0.028..1252.018 rows=977778 loops=1)
  Filter: ((kind_id < 7) AND (production_year > 0))
  Rows Removed by Filter: 1550534
Planning time: 0.355 ms
Execution time: 1379.310 ms
