Hash Join  (cost=97512.77..1342903.39 rows=20597146 width=0) (actual time=1893.446..39475.797 rows=21053931 loops=1)
  Hash Cond: (ci.movie_id = t.id)
  ->  Seq Scan on cast_info ci  (cost=0.00..614943.12 rows=36225612 width=4) (actual time=0.011..12849.370 rows=36244344 loops=1)
  ->  Hash  (cost=73925.90..73925.90 rows=1437669 width=4) (actual time=1892.614..1892.614 rows=1478437 loops=1)
        Buckets: 131072  Batches: 32  Memory Usage: 2651kB
        ->  Seq Scan on title t  (cost=0.00..73925.90 rows=1437669 width=4) (actual time=0.018..1424.160 rows=1478437 loops=1)
              Filter: ((production_year > 1924) AND (kind_id = 7))
              Rows Removed by Filter: 1049875
Planning time: 0.766 ms
Execution time: 41815.678 ms
