Seq Scan on movie_keyword mk  (cost=0.00..81003.12 rows=1351932 width=0) (actual time=0.022..1400.753 rows=1362998 loops=1)
  Filter: (keyword_id > 12297)
  Rows Removed by Filter: 3160932
Planning time: 0.221 ms
Execution time: 1574.308 ms
