Seq Scan on movie_keyword mk  (cost=0.00..81003.12 rows=3364844 width=0) (actual time=0.008..1433.223 rows=3351102 loops=1)
  Filter: (keyword_id < 15899)
  Rows Removed by Filter: 1172828
Planning time: 0.338 ms
Execution time: 1856.028 ms
