Seq Scan on movie_companies mc  (cost=0.00..57926.93 rows=854639 width=0) (actual time=383.383..947.783 rows=664706 loops=1)
  Filter: ((company_id > 2512) AND (company_type_id < 2))
  Rows Removed by Filter: 1944423
Planning time: 0.342 ms
Execution time: 1022.580 ms
