Hash Join  (cost=365297.47..2159177.25 rows=60766157 width=0) (actual time=9367.184..88372.498 rows=201899951 loops=1)
  Hash Cond: (ci.movie_id = t.id)
  ->  Seq Scan on cast_info ci  (cost=0.00..614943.12 rows=36225612 width=4) (actual time=0.016..13469.243 rows=36244344 loops=1)
  ->  Hash  (cost=295710.43..295710.43 rows=4241443 width=8) (actual time=9366.196..9366.196 rows=4242306 loops=1)
        Buckets: 131072  Batches: 64  Memory Usage: 3638kB
        ->  Hash Join  (cost=102767.86..295710.43 rows=4241443 width=8) (actual time=2006.974..8147.456 rows=4242306 loops=1)
              Hash Cond: (mk.movie_id = t.id)
              ->  Seq Scan on movie_keyword mk  (cost=0.00..81003.12 rows=4241443 width=4) (actual time=0.023..1924.797 rows=4242306 loops=1)
                    Filter: (keyword_id < 56745)
                    Rows Removed by Filter: 281624
              ->  Hash  (cost=61283.27..61283.27 rows=2528527 width=4) (actual time=2005.958..2005.958 rows=2528312 loops=1)
                    Buckets: 131072  Batches: 64  Memory Usage: 2425kB
                    ->  Seq Scan on title t  (cost=0.00..61283.27 rows=2528527 width=4) (actual time=0.012..1134.131 rows=2528312 loops=1)
Planning time: 1.153 ms
Execution time: 110295.539 ms
