Hash Join  (cost=83074.74..109986.57 rows=134 width=0) (actual time=1236.139..1837.404 rows=2193 loops=1)
  Hash Cond: (mi_idx.movie_id = t.id)
  ->  Seq Scan on movie_info_idx mi_idx  (cost=0.00..21735.35 rows=1380035 width=4) (actual time=0.009..339.655 rows=1380035 loops=1)
  ->  Hash  (cost=83071.67..83071.67 rows=246 width=8) (actual time=1235.119..1235.119 rows=797 loops=1)
        Buckets: 1024  Batches: 1  Memory Usage: 40kB
        ->  Nested Loop  (cost=0.43..83071.67 rows=246 width=8) (actual time=4.668..1234.504 rows=797 loops=1)
              ->  Seq Scan on movie_keyword mk  (cost=0.00..81003.12 rows=246 width=4) (actual time=4.591..1188.768 rows=797 loops=1)
                    Filter: (keyword_id = 2873)
                    Rows Removed by Filter: 4523133
              ->  Index Only Scan using title_pkey on title t  (cost=0.43..8.40 rows=1 width=4) (actual time=0.055..0.056 rows=1 loops=797)
                    Index Cond: (id = mk.movie_id)
                    Heap Fetches: 797
Planning time: 1.132 ms
Execution time: 1837.942 ms
