Seq Scan on movie_keyword mk  (cost=0.00..81003.12 rows=4516243 width=0) (actual time=0.025..1590.095 rows=4517959 loops=1)
  Filter: (keyword_id < 128630)
  Rows Removed by Filter: 5971
Planning time: 0.329 ms
Execution time: 2137.076 ms
