Nested Loop  (cost=0.43..52283.69 rows=104 width=0) (actual time=242.650..741.220 rows=30 loops=1)
  ->  Seq Scan on movie_companies mc  (cost=0.00..51404.11 rows=104 width=4) (actual time=242.555..740.082 rows=30 loops=1)
        Filter: (company_id = 70923)
        Rows Removed by Filter: 2609099
  ->  Index Only Scan using title_pkey on title t  (cost=0.43..8.45 rows=1 width=4) (actual time=0.035..0.035 rows=1 loops=30)
        Index Cond: (id = mc.movie_id)
        Heap Fetches: 30
Planning time: 0.727 ms
Execution time: 741.312 ms
