Seq Scan on movie_keyword mk  (cost=0.00..81003.12 rows=4323210 width=0) (actual time=0.017..1727.998 rows=4321618 loops=1)
  Filter: (keyword_id < 68097)
  Rows Removed by Filter: 202312
Planning time: 0.319 ms
Execution time: 2263.089 ms
