Seq Scan on movie_keyword mk  (cost=0.00..81003.12 rows=770777 width=0) (actual time=0.014..1223.270 rows=771771 loops=1)
  Filter: (keyword_id < 731)
  Rows Removed by Filter: 3752159
Planning time: 0.260 ms
Execution time: 1320.759 ms
