Hash Join  (cost=110206.27..186496.51 rows=89971 width=0) (actual time=2004.067..3778.610 rows=327596 loops=1)
  Hash Cond: (mc.movie_id = t.id)
  ->  Seq Scan on movie_companies mc  (cost=0.00..44881.29 rows=2609129 width=4) (actual time=0.023..820.700 rows=2609129 loops=1)
  ->  Hash  (cost=108775.37..108775.37 rows=87192 width=8) (actual time=2003.306..2003.306 rows=98537 loops=1)
        Buckets: 131072  Batches: 2  Memory Usage: 2952kB
        ->  Hash Join  (cost=75570.05..108775.37 rows=87192 width=8) (actual time=1193.099..1971.755 rows=98537 loops=1)
              Hash Cond: (mi_idx.movie_id = t.id)
              ->  Seq Scan on movie_info_idx mi_idx  (cost=0.00..25185.44 rows=454124 width=4) (actual time=0.017..457.006 rows=459925 loops=1)
                    Filter: (info_type_id = 100)
                    Rows Removed by Filter: 920110
              ->  Hash  (cost=67604.59..67604.59 rows=485477 width=4) (actual time=1192.152..1192.152 rows=479601 loops=1)
                    Buckets: 131072  Batches: 8  Memory Usage: 3125kB
                    ->  Seq Scan on title t  (cost=0.00..67604.59 rows=485477 width=4) (actual time=0.018..1035.050 rows=479601 loops=1)
                          Filter: (production_year < 1978)
                          Rows Removed by Filter: 2048711
Planning time: 1.221 ms
Execution time: 3816.995 ms
