Seq Scan on cast_info ci  (cost=0.00..796071.18 rows=7961646 width=0) (actual time=0.264..13186.239 rows=4079164 loops=1)
  Filter: ((person_id > 2480667) AND (role_id < 4))
  Rows Removed by Filter: 32165180
Planning time: 1.296 ms
Execution time: 13697.456 ms
