Hash Join  (cost=75195.76..1045503.95 rows=448304 width=0) (actual time=3668.706..21824.683 rows=540638 loops=1)
  Hash Cond: (ci.movie_id = t.id)
  ->  Seq Scan on cast_info ci  (cost=0.00..796071.18 rows=14655194 width=4) (actual time=2292.610..15516.320 rows=13117243 loops=1)
        Filter: ((person_id > 1930818) AND (role_id < 10))
        Rows Removed by Filter: 23127101
  ->  Hash  (cost=73925.90..73925.90 rows=77348 width=4) (actual time=1374.933..1374.933 rows=84109 loops=1)
        Buckets: 131072  Batches: 2  Memory Usage: 2509kB
        ->  Seq Scan on title t  (cost=0.00..73925.90 rows=77348 width=4) (actual time=14.954..1340.822 rows=84109 loops=1)
              Filter: ((kind_id = 7) AND (production_year = 2008))
              Rows Removed by Filter: 2444203
Planning time: 0.798 ms
Execution time: 21893.624 ms
