Seq Scan on cast_info ci  (cost=0.00..796071.18 rows=4571320 width=0) (actual time=3153.401..14685.297 rows=4354139 loops=1)
  Filter: ((person_id < 2301132) AND (role_id = 2))
  Rows Removed by Filter: 31890205
Planning time: 0.402 ms
Execution time: 15212.903 ms
