Hash Join  (cost=160823.02..958055.81 rows=116168 width=0) (actual time=3069.692..19161.569 rows=59139 loops=1)
  Hash Cond: (ci.movie_id = t.id)
  ->  Seq Scan on cast_info ci  (cost=0.00..614943.12 rows=36225612 width=4) (actual time=0.037..9019.062 rows=36244344 loops=1)
  ->  Hash  (cost=160721.67..160721.67 rows=8108 width=8) (actual time=3060.491..3060.491 rows=4008 loops=1)
        Buckets: 8192  Batches: 1  Memory Usage: 221kB
        ->  Hash Join  (cost=73982.55..160721.67 rows=8108 width=8) (actual time=1665.228..3059.181 rows=4008 loops=1)
              Hash Cond: (mk.movie_id = t.id)
              ->  Seq Scan on movie_keyword mk  (cost=0.00..69693.30 rows=4523930 width=4) (actual time=0.016..1081.573 rows=4523930 loops=1)
              ->  Hash  (cost=73925.90..73925.90 rows=4532 width=4) (actual time=1171.466..1171.466 rows=5201 loops=1)
                    Buckets: 8192  Batches: 1  Memory Usage: 247kB
                    ->  Seq Scan on title t  (cost=0.00..73925.90 rows=4532 width=4) (actual time=0.122..1168.717 rows=5201 loops=1)
                          Filter: ((kind_id = 7) AND (production_year = 1956))
                          Rows Removed by Filter: 2523111
Planning time: 0.745 ms
Execution time: 19170.719 ms
