Seq Scan on movie_companies mc  (cost=0.00..57926.93 rows=229994 width=0) (actual time=0.023..899.500 rows=346834 loops=1)
  Filter: ((company_id < 401) AND (company_type_id < 2))
  Rows Removed by Filter: 2262295
Planning time: 2.967 ms
Execution time: 942.781 ms
