Seq Scan on cast_info ci  (cost=0.00..705507.15 rows=34889974 width=0) (actual time=0.018..13473.196 rows=34887799 loops=1)
  Filter: (person_id < 3798771)
  Rows Removed by Filter: 1356545
Planning time: 0.232 ms
Execution time: 17627.870 ms
