Hash Join  (cost=76216.59..115216.85 rows=76178 width=0) (actual time=1211.237..2078.584 rows=3708 loops=1)
  Hash Cond: (mi_idx.movie_id = t.id)
  ->  Seq Scan on movie_info_idx mi_idx  (cost=0.00..21735.35 rows=1380035 width=4) (actual time=0.023..458.359 rows=1380035 loops=1)
  ->  Hash  (cost=73925.90..73925.90 rows=139575 width=4) (actual time=1203.578..1203.578 rows=16104 loops=1)
        Buckets: 131072  Batches: 2  Memory Usage: 1309kB
        ->  Seq Scan on title t  (cost=0.00..73925.90 rows=139575 width=4) (actual time=0.138..1195.890 rows=16104 loops=1)
              Filter: ((kind_id > 1) AND (production_year < 1954))
              Rows Removed by Filter: 2512208
Planning time: 0.713 ms
Execution time: 2079.174 ms
