Hash Join  (cost=135322.43..162388.58 rows=15566 width=0) (actual time=2547.595..2981.040 rows=20011 loops=1)
  Hash Cond: (mi_idx.movie_id = t.id)
  ->  Seq Scan on movie_info_idx mi_idx  (cost=0.00..21735.35 rows=1380035 width=4) (actual time=0.024..334.481 rows=1380035 loops=1)
  ->  Hash  (cost=134965.92..134965.92 rows=28521 width=8) (actual time=2345.911..2345.911 rows=12300 loops=1)
        Buckets: 32768  Batches: 1  Memory Usage: 737kB
        ->  Hash Join  (cost=69687.24..134965.92 rows=28521 width=8) (actual time=1230.921..2340.868 rows=12300 loops=1)
              Hash Cond: (mc.movie_id = t.id)
              ->  Seq Scan on movie_companies mc  (cost=0.00..57926.93 rows=568144 width=4) (actual time=0.023..982.641 rows=293158 loops=1)
                    Filter: ((company_id > 12860) AND (company_type_id < 2))
                    Rows Removed by Filter: 2315971
              ->  Hash  (cost=67604.59..67604.59 rows=126932 width=4) (actual time=1230.081..1230.081 rows=122861 loops=1)
                    Buckets: 131072  Batches: 2  Memory Usage: 3191kB
                    ->  Seq Scan on title t  (cost=0.00..67604.59 rows=126932 width=4) (actual time=0.019..1183.803 rows=122861 loops=1)
                          Filter: (production_year = 2008)
                          Rows Removed by Filter: 2405451
Planning time: 1.195 ms
Execution time: 2984.064 ms
