Hash Join  (cost=547692.12..1688061.84 rows=17215526 width=0) (actual time=10599.115..54689.139 rows=67262465 loops=1)
  Hash Cond: (ci.movie_id = t.id)
  ->  Seq Scan on cast_info ci  (cost=0.00..705507.15 rows=19834861 width=4) (actual time=0.019..14539.987 rows=19718418 loops=1)
        Filter: (person_id < 1976924)
        Rows Removed by Filter: 16525926
  ->  Hash  (cost=511686.41..511686.41 rows=2194617 width=8) (actual time=10598.105..10598.105 rows=2233850 loops=1)
        Buckets: 131072  Batches: 32  Memory Usage: 3598kB
        ->  Hash Join  (cost=102767.86..511686.41 rows=2194617 width=8) (actual time=3280.383..9959.390 rows=2233850 loops=1)
              Hash Cond: (mi.movie_id = t.id)
              ->  Seq Scan on movie_info mi  (cost=0.00..346232.03 rows=2194617 width=4) (actual time=993.022..5499.709 rows=2233850 loops=1)
                    Filter: (info_type_id > 16)
                    Rows Removed by Filter: 12601870
              ->  Hash  (cost=61283.27..61283.27 rows=2528527 width=4) (actual time=2286.492..2286.492 rows=2528312 loops=1)
                    Buckets: 131072  Batches: 64  Memory Usage: 2425kB
                    ->  Seq Scan on title t  (cost=0.00..61283.27 rows=2528527 width=4) (actual time=0.023..1053.957 rows=2528312 loops=1)
Planning time: 6.348 ms
Execution time: 62475.180 ms
