Hash Join  (cost=83073.70..137739.88 rows=66 width=0) (actual time=1529.910..2416.724 rows=14 loops=1)
  Hash Cond: (mc.movie_id = t.id)
  ->  Seq Scan on movie_companies mc  (cost=0.00..44881.29 rows=2609129 width=4) (actual time=0.015..665.016 rows=2609129 loops=1)
  ->  Hash  (cost=83072.90..83072.90 rows=64 width=8) (actual time=1310.409..1310.409 rows=7 loops=1)
        Buckets: 1024  Batches: 1  Memory Usage: 9kB
        ->  Nested Loop  (cost=0.43..83072.90 rows=64 width=8) (actual time=179.074..1310.389 rows=7 loops=1)
              ->  Seq Scan on movie_keyword mk  (cost=0.00..81003.12 rows=246 width=4) (actual time=178.998..1308.851 rows=82 loops=1)
                    Filter: (keyword_id = 33738)
                    Rows Removed by Filter: 4523848
              ->  Index Scan using title_pkey on title t  (cost=0.43..8.40 rows=1 width=4) (actual time=0.017..0.017 rows=0 loops=82)
                    Index Cond: (id = mk.movie_id)
                    Filter: ((kind_id < 7) AND (production_year > 1993))
                    Rows Removed by Filter: 1
Planning time: 2.342 ms
Execution time: 2416.870 ms
