Hash Join  (cost=73958.17..128650.32 rows=2663 width=0) (actual time=1186.727..2238.994 rows=10675 loops=1)
  Hash Cond: (mc.movie_id = t.id)
  ->  Seq Scan on movie_companies mc  (cost=0.00..44881.29 rows=2609129 width=4) (actual time=0.023..660.533 rows=2609129 loops=1)
  ->  Hash  (cost=73925.90..73925.90 rows=2581 width=4) (actual time=1043.453..1043.453 rows=5872 loops=1)
        Buckets: 8192 (originally 4096)  Batches: 1 (originally 1)  Memory Usage: 271kB
        ->  Seq Scan on title t  (cost=0.00..73925.90 rows=2581 width=4) (actual time=0.069..1040.624 rows=5872 loops=1)
              Filter: ((kind_id < 4) AND (production_year < 1900))
              Rows Removed by Filter: 2522440
Planning time: 1.911 ms
Execution time: 2240.842 ms
