Hash Join  (cost=73962.22..130367.65 rows=1528 width=0) (actual time=1281.924..2239.038 rows=3472 loops=1)
  Hash Cond: (mc.movie_id = t.id)
  ->  Seq Scan on movie_companies mc  (cost=0.00..51404.11 rows=1329612 width=4) (actual time=266.361..1006.793 rows=1334883 loops=1)
        Filter: (company_type_id > 1)
        Rows Removed by Filter: 1274246
  ->  Hash  (cost=73925.90..73925.90 rows=2905 width=4) (actual time=1014.907..1014.907 rows=3676 loops=1)
        Buckets: 4096  Batches: 1  Memory Usage: 162kB
        ->  Seq Scan on title t  (cost=0.00..73925.90 rows=2905 width=4) (actual time=2.987..1013.102 rows=3676 loops=1)
              Filter: ((kind_id < 7) AND (production_year = 1958))
              Rows Removed by Filter: 2524636
Planning time: 0.520 ms
Execution time: 2239.843 ms
