Hash Join  (cost=102767.86..914605.67 rows=244716 width=0) (actual time=13208.777..16635.238 rows=82971 loops=1)
  Hash Cond: (ci.movie_id = t.id)
  ->  Seq Scan on cast_info ci  (cost=0.00..796071.18 rows=244716 width=4) (actual time=11206.941..14164.877 rows=82971 loops=1)
        Filter: ((person_id < 2614611) AND (role_id > 10))
        Rows Removed by Filter: 36161373
  ->  Hash  (cost=61283.27..61283.27 rows=2528527 width=4) (actual time=2000.247..2000.247 rows=2528312 loops=1)
        Buckets: 131072  Batches: 64  Memory Usage: 2415kB
        ->  Seq Scan on title t  (cost=0.00..61283.27 rows=2528527 width=4) (actual time=0.017..1162.264 rows=2528312 loops=1)
Planning time: 0.759 ms
Execution time: 16644.974 ms
