Hash Join  (cost=80246.23..160775.81 rows=397506 width=0) (actual time=1296.390..3600.342 rows=281508 loops=1)
  Hash Cond: (mc.movie_id = t.id)
  ->  Seq Scan on movie_companies mc  (cost=0.00..44881.29 rows=2609129 width=4) (actual time=0.031..836.610 rows=2609129 loops=1)
  ->  Hash  (cost=73925.90..73925.90 rows=385226 width=4) (actual time=1295.422..1295.422 rows=249532 loops=1)
        Buckets: 131072  Batches: 8  Memory Usage: 2113kB
        ->  Seq Scan on title t  (cost=0.00..73925.90 rows=385226 width=4) (actual time=0.027..1208.773 rows=249532 loops=1)
              Filter: ((kind_id > 1) AND (production_year < 1981))
              Rows Removed by Filter: 2278780
Planning time: 1.831 ms
Execution time: 3633.275 ms
