Hash Join  (cost=654770.64..2412460.04 rows=48427219 width=0) (actual time=18277.941..106593.702 rows=211621678 loops=1)
  Hash Cond: (ci.movie_id = t.id)
  ->  Seq Scan on cast_info ci  (cost=0.00..614943.12 rows=36225612 width=4) (actual time=0.023..14549.113 rows=36244344 loops=1)
  ->  Hash  (cost=599314.24..599314.24 rows=3380192 width=8) (actual time=18274.381..18274.381 rows=5401723 loops=1)
        Buckets: 131072 (originally 131072)  Batches: 128 (originally 64)  Memory Usage: 3073kB
        ->  Hash Join  (cost=83440.39..599314.24 rows=3380192 width=8) (actual time=1564.981..16657.117 rows=5401723 loops=1)
              Hash Cond: (mi.movie_id = t.id)
              ->  Seq Scan on movie_info mi  (cost=0.00..309384.22 rows=14739122 width=4) (actual time=0.020..6386.948 rows=14835720 loops=1)
              ->  Hash  (cost=73925.90..73925.90 rows=579879 width=4) (actual time=1564.096..1564.096 rows=492958 loops=1)
                    Buckets: 131072  Batches: 8  Memory Usage: 3196kB
                    ->  Seq Scan on title t  (cost=0.00..73925.90 rows=579879 width=4) (actual time=0.014..1400.599 rows=492958 loops=1)
                          Filter: ((kind_id < 7) AND (production_year > 1998))
                          Rows Removed by Filter: 2035354
Planning time: 1.171 ms
Execution time: 129991.509 ms
