Seq Scan on cast_info ci  (cost=0.00..705507.15 rows=500 width=0) (actual time=751.620..10318.228 rows=270 loops=1)
  Filter: (person_id = 1691614)
  Rows Removed by Filter: 36244074
Planning time: 0.376 ms
Execution time: 10318.367 ms
