Hash Join  (cost=81842.24..198903.80 rows=484071 width=0) (actual time=1318.758..4920.858 rows=768965 loops=1)
  Hash Cond: (mk.movie_id = t.id)
  ->  Seq Scan on movie_keyword mk  (cost=0.00..81003.12 rows=2536725 width=4) (actual time=0.033..1672.436 rows=2530817 loops=1)
        Filter: (keyword_id > 3520)
        Rows Removed by Filter: 1993113
  ->  Hash  (cost=73925.90..73925.90 rows=482507 width=4) (actual time=1312.059..1312.059 rows=368439 loops=1)
        Buckets: 131072  Batches: 8  Memory Usage: 2656kB
        ->  Seq Scan on title t  (cost=0.00..73925.90 rows=482507 width=4) (actual time=0.024..1182.469 rows=368439 loops=1)
              Filter: ((kind_id < 3) AND (production_year > 1995))
              Rows Removed by Filter: 2159873
Planning time: 0.748 ms
Execution time: 5014.165 ms
