Seq Scan on movie_companies mc  (cost=0.00..57926.93 rows=146542 width=40) (actual time=0.022..920.820 rows=224384 loops=1)
  Filter: ((company_id < 160) AND (company_type_id = 1))
  Rows Removed by Filter: 2384745
Planning time: 0.486 ms
Execution time: 933.922 ms
