Hash Join  (cost=128753.29..215494.99 rows=8366 width=0) (actual time=3015.334..4335.768 rows=14699 loops=1)
  Hash Cond: (mk.movie_id = t.id)
  ->  Seq Scan on movie_keyword mk  (cost=0.00..69693.30 rows=4523930 width=4) (actual time=0.011..1004.964 rows=4523930 loops=1)
  ->  Hash  (cost=128694.84..128694.84 rows=4676 width=8) (actual time=2516.476..2516.476 rows=6221 loops=1)
        Buckets: 8192  Batches: 1  Memory Usage: 308kB
        ->  Hash Join  (cost=73982.55..128694.84 rows=4676 width=8) (actual time=1295.767..2514.018 rows=6221 loops=1)
              Hash Cond: (mc.movie_id = t.id)
              ->  Seq Scan on movie_companies mc  (cost=0.00..44881.29 rows=2609129 width=4) (actual time=0.014..636.388 rows=2609129 loops=1)
              ->  Hash  (cost=73925.90..73925.90 rows=4532 width=4) (actual time=1295.151..1295.151 rows=13632 loops=1)
                    Buckets: 16384 (originally 8192)  Batches: 1 (originally 1)  Memory Usage: 608kB
                    ->  Seq Scan on title t  (cost=0.00..73925.90 rows=4532 width=4) (actual time=174.750..1288.798 rows=13632 loops=1)
                          Filter: ((kind_id = 7) AND (production_year = 1990))
                          Rows Removed by Filter: 2514680
Planning time: 1.099 ms
Execution time: 4337.981 ms
