Hash Join  (cost=74223.04..129133.86 rows=24529 width=0) (actual time=1107.661..2401.694 rows=45747 loops=1)
  Hash Cond: (mc.movie_id = t.id)
  ->  Seq Scan on movie_companies mc  (cost=0.00..44881.29 rows=2609129 width=4) (actual time=0.012..645.608 rows=2609129 loops=1)
  ->  Hash  (cost=73925.90..73925.90 rows=23771 width=4) (actual time=1107.090..1107.090 rows=20633 loops=1)
        Buckets: 32768  Batches: 1  Memory Usage: 982kB
        ->  Seq Scan on title t  (cost=0.00..73925.90 rows=23771 width=4) (actual time=0.033..1097.892 rows=20633 loops=1)
              Filter: ((kind_id < 7) AND (production_year = 2002))
              Rows Removed by Filter: 2507679
Planning time: 0.726 ms
Execution time: 2408.795 ms
