Nested Loop  (cost=0.43..118456.73 rows=5127 width=0) (actual time=2.601..1306.027 rows=4540 loops=1)
  ->  Seq Scan on movie_keyword mk  (cost=0.00..81003.12 rows=5127 width=4) (actual time=2.555..1196.795 rows=4540 loops=1)
        Filter: (keyword_id = 2762)
        Rows Removed by Filter: 4519390
  ->  Index Only Scan using title_pkey on title t  (cost=0.43..7.30 rows=1 width=4) (actual time=0.023..0.023 rows=1 loops=4540)
        Index Cond: (id = mk.movie_id)
        Heap Fetches: 4540
Planning time: 0.712 ms
Execution time: 1307.288 ms
