Seq Scan on cast_info ci  (cost=0.00..705507.15 rows=500 width=0) (actual time=1622.335..10655.829 rows=103 loops=1)
  Filter: (person_id = 3162568)
  Rows Removed by Filter: 36244241
Planning time: 0.346 ms
Execution time: 10655.953 ms
