Seq Scan on movie_companies mc  (cost=0.00..51404.11 rows=1028084 width=0) (actual time=0.021..920.118 rows=1026886 loops=1)
  Filter: (company_id < 5593)
  Rows Removed by Filter: 1582243
Planning time: 0.306 ms
Execution time: 1055.970 ms
