Hash Join  (cost=83073.10..481533.80 rows=358 width=0) (actual time=1313.639..9237.494 rows=65 loops=1)
  Hash Cond: (mi.movie_id = t.id)
  ->  Seq Scan on movie_info mi  (cost=0.00..346232.03 rows=13926693 width=4) (actual time=0.028..6262.494 rows=13963496 loops=1)
        Filter: (info_type_id < 98)
        Rows Removed by Filter: 872224
  ->  Hash  (cost=83072.29..83072.29 rows=65 width=8) (actual time=1149.311..1149.311 rows=8 loops=1)
        Buckets: 1024  Batches: 1  Memory Usage: 9kB
        ->  Nested Loop  (cost=0.43..83072.29 rows=65 width=8) (actual time=251.965..1149.292 rows=8 loops=1)
              ->  Seq Scan on movie_keyword mk  (cost=0.00..81003.12 rows=246 width=4) (actual time=251.898..1148.837 rows=8 loops=1)
                    Filter: (keyword_id = 77699)
                    Rows Removed by Filter: 4523922
              ->  Index Scan using title_pkey on title t  (cost=0.43..8.40 rows=1 width=4) (actual time=0.048..0.049 rows=1 loops=8)
                    Index Cond: (id = mk.movie_id)
                    Filter: (kind_id = 1)
Planning time: 1.269 ms
Execution time: 9237.776 ms
