Hash Join  (cost=129149.31..215873.53 rows=6618 width=0) (actual time=2720.746..3823.944 rows=13568 loops=1)
  Hash Cond: (mk.movie_id = t.id)
  ->  Seq Scan on movie_keyword mk  (cost=0.00..69693.30 rows=4523930 width=4) (actual time=0.013..1043.582 rows=4523930 loops=1)
  ->  Hash  (cost=129103.07..129103.07 rows=3699 width=8) (actual time=1926.530..1926.530 rows=14456 loops=1)
        Buckets: 16384 (originally 4096)  Batches: 1 (originally 1)  Memory Usage: 693kB
        ->  Hash Join  (cost=76352.87..129103.07 rows=3699 width=8) (actual time=1123.747..1921.560 rows=14456 loops=1)
              Hash Cond: (mc.movie_id = t.id)
              ->  Seq Scan on movie_companies mc  (cost=0.00..51404.11 rows=63228 width=4) (actual time=0.071..780.920 rows=62075 loops=1)
                    Filter: (company_id = 6)
                    Rows Removed by Filter: 2547054
              ->  Hash  (cost=73925.90..73925.90 rows=147917 width=4) (actual time=1103.279..1103.279 rows=46427 loops=1)
                    Buckets: 131072  Batches: 2  Memory Usage: 1840kB
                    ->  Seq Scan on title t  (cost=0.00..73925.90 rows=147917 width=4) (actual time=314.684..1085.328 rows=46427 loops=1)
                          Filter: ((production_year < 1960) AND (kind_id = 7))
                          Rows Removed by Filter: 2481885
Planning time: 1.328 ms
Execution time: 3825.830 ms
