Hash Join  (cost=128478.61..252086.84 rows=456314 width=0) (actual time=2911.849..7448.622 rows=5330523 loops=1)
  Hash Cond: (mk.movie_id = t.id)
  ->  Seq Scan on movie_keyword mk  (cost=0.00..81003.12 rows=3166924 width=4) (actual time=0.026..1711.209 rows=3155679 loops=1)
        Filter: (keyword_id < 12203)
        Rows Removed by Filter: 1368251
  ->  Hash  (cost=122500.50..122500.50 rows=364329 width=8) (actual time=2910.553..2910.553 rows=629900 loops=1)
        Buckets: 131072 (originally 131072)  Batches: 16 (originally 8)  Memory Usage: 3073kB
        ->  Hash Join  (cost=78556.72..122500.50 rows=364329 width=8) (actual time=1360.334..2728.544 rows=629900 loops=1)
              Hash Cond: (mi_idx.movie_id = t.id)
              ->  Seq Scan on movie_info_idx mi_idx  (cost=0.00..21735.35 rows=1380035 width=4) (actual time=0.015..488.047 rows=1380035 loops=1)
              ->  Hash  (cost=67604.59..67604.59 rows=667531 width=4) (actual time=1359.535..1359.535 rows=662825 loops=1)
                    Buckets: 131072  Batches: 16  Memory Usage: 2476kB
                    ->  Seq Scan on title t  (cost=0.00..67604.59 rows=667531 width=4) (actual time=96.649..1140.529 rows=662825 loops=1)
                          Filter: (kind_id = 1)
                          Rows Removed by Filter: 1865487
Planning time: 1.204 ms
Execution time: 8122.676 ms
