Nested Loop  (cost=0.43..799702.19 rows=435 width=0) (actual time=2416.748..12937.706 rows=15 loops=1)
  ->  Seq Scan on cast_info ci  (cost=0.00..796071.18 rows=435 width=4) (actual time=2416.639..12937.187 rows=15 loops=1)
        Filter: ((role_id < 10) AND (person_id = 331677))
        Rows Removed by Filter: 36244329
  ->  Index Only Scan using title_pkey on title t  (cost=0.43..8.34 rows=1 width=4) (actual time=0.031..0.031 rows=1 loops=15)
        Index Cond: (id = ci.movie_id)
        Heap Fetches: 15
Planning time: 3.845 ms
Execution time: 12937.791 ms
