Hash Join  (cost=157768.23..524434.17 rows=1249 width=0) (actual time=3491.190..7946.383 rows=55517 loops=1)
  Hash Cond: (mi.movie_id = t.id)
  ->  Seq Scan on movie_info mi  (cost=0.00..346232.03 rows=5445713 width=4) (actual time=748.499..4620.911 rows=5410520 loops=1)
        Filter: (info_type_id < 6)
        Rows Removed by Filter: 9425200
  ->  Hash  (cost=157760.98..157760.98 rows=580 width=8) (actual time=2649.051..2649.051 rows=4769 loops=1)
        Buckets: 8192 (originally 1024)  Batches: 1 (originally 1)  Memory Usage: 251kB
        ->  Hash Join  (cost=73950.44..157760.98 rows=580 width=8) (actual time=1097.706..2646.896 rows=4769 loops=1)
              Hash Cond: (mk.movie_id = t.id)
              ->  Seq Scan on movie_keyword mk  (cost=0.00..81003.12 rows=747096 width=4) (actual time=0.049..1410.188 rows=754668 loops=1)
                    Filter: (keyword_id < 687)
                    Rows Removed by Filter: 3769262
              ->  Hash  (cost=73925.90..73925.90 rows=1963 width=4) (actual time=1096.975..1096.975 rows=4682 loops=1)
                    Buckets: 8192 (originally 2048)  Batches: 1 (originally 1)  Memory Usage: 229kB
                    ->  Seq Scan on title t  (cost=0.00..73925.90 rows=1963 width=4) (actual time=520.475..1094.635 rows=4682 loops=1)
                          Filter: ((kind_id = 1) AND (production_year = 1987))
                          Rows Removed by Filter: 2523630
Planning time: 1.156 ms
Execution time: 7953.564 ms
