Hash Join  (cost=52284.04..767041.57 rows=7 width=0) (actual time=2436.196..11941.088 rows=1 loops=1)
  Hash Cond: (ci.movie_id = t.id)
  ->  Seq Scan on cast_info ci  (cost=0.00..705507.15 rows=2466750 width=4) (actual time=971.459..10687.628 rows=2407751 loops=1)
        Filter: (person_id < 234198)
        Rows Removed by Filter: 33836593
  ->  Hash  (cost=52283.95..52283.95 rows=7 width=8) (actual time=860.836..860.836 rows=2 loops=1)
        Buckets: 1024  Batches: 1  Memory Usage: 9kB
        ->  Nested Loop  (cost=0.43..52283.95 rows=7 width=8) (actual time=575.996..860.819 rows=2 loops=1)
              ->  Seq Scan on movie_companies mc  (cost=0.00..51404.11 rows=104 width=4) (actual time=1.177..848.854 rows=328 loops=1)
                    Filter: (company_id = 14361)
                    Rows Removed by Filter: 2608801
              ->  Index Scan using title_pkey on title t  (cost=0.43..8.45 rows=1 width=4) (actual time=0.035..0.035 rows=0 loops=328)
                    Index Cond: (id = mc.movie_id)
                    Filter: (production_year = 2012)
                    Rows Removed by Filter: 1
Planning time: 1.180 ms
Execution time: 11941.204 ms
