Hash Join  (cost=139076.09..505706.87 rows=197485 width=0) (actual time=2562.713..11432.511 rows=657192 loops=1)
  Hash Cond: (mi.movie_id = t.id)
  ->  Seq Scan on movie_info mi  (cost=0.00..309384.22 rows=14739122 width=4) (actual time=0.017..4541.874 rows=14835720 loops=1)
  ->  Hash  (cost=138652.61..138652.61 rows=33879 width=8) (actual time=2330.880..2330.880 rows=58752 loops=1)
        Buckets: 65536  Batches: 1  Memory Usage: 2807kB
        ->  Hash Join  (cost=69090.10..138652.61 rows=33879 width=8) (actual time=1411.109..2309.359 rows=58752 loops=1)
              Hash Cond: (mc.movie_id = t.id)
              ->  Seq Scan on movie_companies mc  (cost=0.00..57926.93 rows=946342 width=4) (actual time=460.938..1083.117 rows=632572 loops=1)
                    Filter: ((company_id < 35922) AND (company_type_id = 2))
                    Rows Removed by Filter: 1976557
              ->  Hash  (cost=67604.59..67604.59 rows=90521 width=4) (actual time=949.354..949.354 rows=90852 loops=1)
                    Buckets: 131072  Batches: 2  Memory Usage: 2626kB
                    ->  Seq Scan on title t  (cost=0.00..67604.59 rows=90521 width=4) (actual time=0.020..915.557 rows=90852 loops=1)
                          Filter: (kind_id = 2)
                          Rows Removed by Filter: 2437460
Planning time: 1.160 ms
Execution time: 11519.107 ms
