Seq Scan on movie_keyword mk  (cost=0.00..81003.12 rows=3730003 width=0) (actual time=0.016..1535.853 rows=3732536 loops=1)
  Filter: (keyword_id > 762)
  Rows Removed by Filter: 791394
Planning time: 0.282 ms
Execution time: 2000.630 ms
