Seq Scan on cast_info ci  (cost=0.00..705507.15 rows=500 width=0) (actual time=1871.906..10520.658 rows=73 loops=1)
  Filter: (person_id = 2018739)
  Rows Removed by Filter: 36244271
Planning time: 0.334 ms
Execution time: 10520.835 ms
