Hash Join  (cost=81530.55..158950.57 rows=363944 width=0) (actual time=1699.078..3311.279 rows=393206 loops=1)
  Hash Cond: (mc.movie_id = t.id)
  ->  Seq Scan on movie_companies mc  (cost=0.00..57926.93 rows=1084173 width=4) (actual time=256.121..1131.512 rows=849681 loops=1)
        Filter: ((company_id < 74967) AND (company_type_id > 1))
        Rows Removed by Filter: 1759448
  ->  Hash  (cost=67604.59..67604.59 rows=848797 width=4) (actual time=1441.800..1441.800 rows=849141 loops=1)
        Buckets: 131072  Batches: 16  Memory Usage: 2892kB
        ->  Seq Scan on title t  (cost=0.00..67604.59 rows=848797 width=4) (actual time=0.018..1155.179 rows=849141 loops=1)
              Filter: (production_year < 1996)
              Rows Removed by Filter: 1679171
Planning time: 0.725 ms
Execution time: 3361.160 ms
