Hash Join  (cost=190230.21..314983.20 rows=1229985 width=0) (actual time=4248.012..8207.207 rows=5147638 loops=1)
  Hash Cond: (mk.movie_id = t.id)
  ->  Seq Scan on movie_keyword mk  (cost=0.00..81003.12 rows=2253602 width=4) (actual time=0.010..1633.042 rows=2257232 loops=1)
        Filter: (keyword_id < 4673)
        Rows Removed by Filter: 2266698
  ->  Hash  (cost=167588.78..167588.78 rows=1380035 width=8) (actual time=4246.181..4246.181 rows=1380035 loops=1)
        Buckets: 131072  Batches: 32  Memory Usage: 2726kB
        ->  Hash Join  (cost=102767.86..167588.78 rows=1380035 width=8) (actual time=1863.924..3843.613 rows=1380035 loops=1)
              Hash Cond: (mi_idx.movie_id = t.id)
              ->  Seq Scan on movie_info_idx mi_idx  (cost=0.00..21735.35 rows=1380035 width=4) (actual time=0.023..451.663 rows=1380035 loops=1)
              ->  Hash  (cost=61283.27..61283.27 rows=2528527 width=4) (actual time=1861.856..1861.856 rows=2528312 loops=1)
                    Buckets: 131072  Batches: 64  Memory Usage: 2415kB
                    ->  Seq Scan on title t  (cost=0.00..61283.27 rows=2528527 width=4) (actual time=0.020..1016.334 rows=2528312 loops=1)
Planning time: 1.086 ms
Execution time: 8749.922 ms
