Hash Join  (cost=200739.55..1093897.07 rows=1555562 width=0) (actual time=4340.698..23937.662 rows=2237487 loops=1)
  Hash Cond: (ci.movie_id = t.id)
  ->  Seq Scan on cast_info ci  (cost=0.00..705507.15 rows=13341750 width=4) (actual time=0.012..12965.725 rows=13306609 loops=1)
        Filter: (person_id < 1312251)
        Rows Removed by Filter: 22937735
  ->  Hash  (cost=195902.42..195902.42 rows=294810 width=8) (actual time=4339.447..4339.447 rows=107578 loops=1)
        Buckets: 131072  Batches: 4  Memory Usage: 2000kB
        ->  Hash Join  (cost=70308.29..195902.42 rows=294810 width=8) (actual time=1222.090..4301.850 rows=107578 loops=1)
              Hash Cond: (mk.movie_id = t.id)
              ->  Seq Scan on movie_keyword mk  (cost=0.00..69693.30 rows=4523930 width=4) (actual time=0.024..1338.510 rows=4523930 loops=1)
              ->  Hash  (cost=67604.59..67604.59 rows=164776 width=4) (actual time=1220.823..1220.823 rows=164307 loops=1)
                    Buckets: 131072  Batches: 4  Memory Usage: 2488kB
                    ->  Seq Scan on title t  (cost=0.00..67604.59 rows=164776 width=4) (actual time=0.019..1157.985 rows=164307 loops=1)
                          Filter: (production_year = 2012)
                          Rows Removed by Filter: 2364005
Planning time: 1.190 ms
Execution time: 24199.348 ms
