Seq Scan on movie_companies mc  (cost=0.00..57926.93 rows=53 width=0) (actual time=22.282..944.442 rows=32 loops=1)
  Filter: ((company_type_id > 1) AND (company_id = 812))
  Rows Removed by Filter: 2609097
Planning time: 0.559 ms
Execution time: 944.556 ms
