Hash Join  (cost=83074.74..137742.81 rows=254 width=0) (actual time=1243.251..2342.974 rows=698 loops=1)
  Hash Cond: (mc.movie_id = t.id)
  ->  Seq Scan on movie_companies mc  (cost=0.00..44881.29 rows=2609129 width=4) (actual time=0.013..629.360 rows=2609129 loops=1)
  ->  Hash  (cost=83071.67..83071.67 rows=246 width=8) (actual time=1241.728..1241.728 rows=58 loops=1)
        Buckets: 1024  Batches: 1  Memory Usage: 11kB
        ->  Nested Loop  (cost=0.43..83071.67 rows=246 width=8) (actual time=34.325..1241.622 rows=58 loops=1)
              ->  Seq Scan on movie_keyword mk  (cost=0.00..81003.12 rows=246 width=4) (actual time=34.211..1237.933 rows=58 loops=1)
                    Filter: (keyword_id = 44121)
                    Rows Removed by Filter: 4523872
              ->  Index Only Scan using title_pkey on title t  (cost=0.43..8.40 rows=1 width=4) (actual time=0.056..0.057 rows=1 loops=58)
                    Index Cond: (id = mk.movie_id)
                    Heap Fetches: 58
Planning time: 1.196 ms
Execution time: 2343.239 ms
