Hash Join  (cost=74629.65..127220.89 rows=6654 width=0) (actual time=1118.491..2036.225 rows=5655 loops=1)
  Hash Cond: (mc.movie_id = t.id)
  ->  Seq Scan on movie_companies mc  (cost=0.00..51404.11 rows=298821 width=4) (actual time=0.032..782.209 rows=292877 loops=1)
        Filter: (company_id < 160)
        Rows Removed by Filter: 2316252
  ->  Hash  (cost=73925.90..73925.90 rows=56300 width=4) (actual time=1117.820..1117.820 rows=145502 loops=1)
        Buckets: 131072 (originally 65536)  Batches: 2 (originally 1)  Memory Usage: 3579kB
        ->  Seq Scan on title t  (cost=0.00..73925.90 rows=56300 width=4) (actual time=81.148..1054.828 rows=145502 loops=1)
              Filter: ((kind_id < 7) AND (production_year < 1942))
              Rows Removed by Filter: 2382810
Planning time: 0.791 ms
Execution time: 2037.188 ms
