Hash Join  (cost=75973.97..114835.62 rows=68117 width=0) (actual time=1451.943..2004.240 rows=4413 loops=1)
  Hash Cond: (mi_idx.movie_id = t.id)
  ->  Seq Scan on movie_info_idx mi_idx  (cost=0.00..21735.35 rows=1380035 width=4) (actual time=0.026..422.789 rows=1380035 loops=1)
  ->  Hash  (cost=73925.90..73925.90 rows=124805 width=4) (actual time=1165.454..1165.454 rows=22607 loops=1)
        Buckets: 131072  Batches: 2  Memory Usage: 1421kB
        ->  Seq Scan on title t  (cost=0.00..73925.90 rows=124805 width=4) (actual time=0.027..1155.764 rows=22607 loops=1)
              Filter: ((production_year < 1956) AND (kind_id = 7))
              Rows Removed by Filter: 2505705
Planning time: 0.735 ms
Execution time: 2004.909 ms
