Hash Join  (cost=89435.42..174452.52 rows=7837 width=0) (actual time=1577.680..3013.448 rows=17555 loops=1)
  Hash Cond: (mk.movie_id = t.id)
  ->  Seq Scan on movie_keyword mk  (cost=0.00..81003.12 rows=20961 width=4) (actual time=0.101..1257.306 rows=19528 loops=1)
        Filter: (keyword_id = 137)
        Rows Removed by Filter: 4504402
  ->  Hash  (cost=73925.90..73925.90 rows=945321 width=4) (actual time=1576.229..1576.229 rows=934959 loops=1)
        Buckets: 131072  Batches: 16  Memory Usage: 3088kB
        ->  Seq Scan on title t  (cost=0.00..73925.90 rows=945321 width=4) (actual time=0.024..1264.946 rows=934959 loops=1)
              Filter: ((kind_id < 7) AND (production_year > 1912))
              Rows Removed by Filter: 1593353
Planning time: 0.555 ms
Execution time: 3016.021 ms
