Hash Join  (cost=453218.86..1174618.19 rows=86945 width=0) (actual time=10578.336..19387.816 rows=95874 loops=1)
  Hash Cond: (ci.movie_id = t.id)
  ->  Seq Scan on cast_info ci  (cost=0.00..705507.15 rows=1239125 width=4) (actual time=2751.631..10885.796 rows=1263636 loops=1)
        Filter: (person_id > 3817112)
        Rows Removed by Filter: 34980708
  ->  Hash  (cost=450307.12..450307.12 rows=177419 width=8) (actual time=7825.386..7825.386 rows=469738 loops=1)
        Buckets: 131072 (originally 131072)  Batches: 8 (originally 4)  Memory Usage: 3323kB
        ->  Hash Join  (cost=77474.80..450307.12 rows=177419 width=8) (actual time=1360.492..7676.359 rows=469738 loops=1)
              Hash Cond: (mi.movie_id = t.id)
              ->  Seq Scan on movie_info mi  (cost=0.00..346232.03 rows=2073893 width=4) (actual time=0.032..5020.822 rows=2091068 loops=1)
                    Filter: (info_type_id < 3)
                    Rows Removed by Filter: 12744652
              ->  Hash  (cost=73925.90..73925.90 rows=216312 width=4) (actual time=1359.700..1359.700 rows=327454 loops=1)
                    Buckets: 131072  Batches: 4  Memory Usage: 3908kB
                    ->  Seq Scan on title t  (cost=0.00..73925.90 rows=216312 width=4) (actual time=0.021..1238.527 rows=327454 loops=1)
                          Filter: ((kind_id < 7) AND (production_year < 1983))
                          Rows Removed by Filter: 2200858
Planning time: 1.124 ms
Execution time: 19400.893 ms
