Hash Join  (cost=374622.59..1187841.21 rows=26067198 width=0) (actual time=9579.003..73994.846 rows=234277735 loops=1)
  Hash Cond: (mi.movie_id = t.id)
  ->  Seq Scan on movie_info mi  (cost=0.00..309384.22 rows=14739122 width=4) (actual time=0.014..6635.518 rows=14835720 loops=1)
  ->  Hash  (cost=301255.07..301255.07 rows=4471882 width=8) (actual time=9577.183..9577.183 rows=4475978 loops=1)
        Buckets: 131072  Batches: 64  Memory Usage: 3862kB
        ->  Hash Join  (cost=102767.86..301255.07 rows=4471882 width=8) (actual time=1919.226..8218.679 rows=4475978 loops=1)
              Hash Cond: (mk.movie_id = t.id)
              ->  Seq Scan on movie_keyword mk  (cost=0.00..81003.12 rows=4471882 width=4) (actual time=0.023..1840.391 rows=4475978 loops=1)
                    Filter: (keyword_id > 47)
                    Rows Removed by Filter: 47952
              ->  Hash  (cost=61283.27..61283.27 rows=2528527 width=4) (actual time=1918.304..1918.304 rows=2528312 loops=1)
                    Buckets: 131072  Batches: 64  Memory Usage: 2425kB
                    ->  Seq Scan on title t  (cost=0.00..61283.27 rows=2528527 width=4) (actual time=0.023..1070.841 rows=2528312 loops=1)
Planning time: 1.088 ms
Execution time: 98821.178 ms
