Hash Join  (cost=102767.86..1014145.02 rows=4381414 width=0) (actual time=10207.508..18110.687 rows=2191795 loops=1)
  Hash Cond: (ci.movie_id = t.id)
  ->  Seq Scan on cast_info ci  (cost=0.00..796071.18 rows=4381414 width=4) (actual time=7989.345..13737.268 rows=2191795 loops=1)
        Filter: ((person_id < 1645338) AND (role_id > 4))
        Rows Removed by Filter: 34052549
  ->  Hash  (cost=61283.27..61283.27 rows=2528527 width=4) (actual time=2216.814..2216.814 rows=2528312 loops=1)
        Buckets: 131072  Batches: 64  Memory Usage: 2415kB
        ->  Seq Scan on title t  (cost=0.00..61283.27 rows=2528527 width=4) (actual time=0.021..1127.017 rows=2528312 loops=1)
Planning time: 0.739 ms
Execution time: 18371.644 ms
