Seq Scan on movie_companies mc  (cost=0.00..57926.93 rows=53 width=0) (actual time=329.451..831.226 rows=1 loops=1)
  Filter: ((company_id = 217652) AND (company_type_id = 2))
  Rows Removed by Filter: 2609128
Planning time: 0.373 ms
Execution time: 831.324 ms
