Hash Join  (cost=161422.72..546160.70 rows=165814 width=0) (actual time=3013.238..10584.171 rows=135844 loops=1)
  Hash Cond: (mi.movie_id = t.id)
  ->  Seq Scan on movie_info mi  (cost=0.00..309384.22 rows=14739122 width=4) (actual time=0.013..4520.044 rows=14835720 loops=1)
  ->  Hash  (cost=161067.14..161067.14 rows=28446 width=8) (actual time=3013.046..3013.046 rows=9811 loops=1)
        Buckets: 32768  Batches: 1  Memory Usage: 640kB
        ->  Hash Join  (cost=74124.64..161067.14 rows=28446 width=8) (actual time=1194.038..3008.950 rows=9811 loops=1)
              Hash Cond: (mk.movie_id = t.id)
              ->  Seq Scan on movie_keyword mk  (cost=0.00..69693.30 rows=4523930 width=4) (actual time=0.014..987.746 rows=4523930 loops=1)
              ->  Hash  (cost=73925.90..73925.90 rows=15899 width=4) (actual time=1192.877..1192.877 rows=8276 loops=1)
                    Buckets: 16384  Batches: 1  Memory Usage: 419kB
                    ->  Seq Scan on title t  (cost=0.00..73925.90 rows=15899 width=4) (actual time=0.019..1189.332 rows=8276 loops=1)
                          Filter: ((production_year > 2010) AND (kind_id = 3))
                          Rows Removed by Filter: 2520036
Planning time: 1.957 ms
Execution time: 10609.742 ms
