Hash Join  (cost=427759.24..1149650.43 rows=18213 width=0) (actual time=9696.915..20984.620 rows=14335 loops=1)
  Hash Cond: (ci.movie_id = t.id)
  ->  Seq Scan on cast_info ci  (cost=0.00..705507.15 rows=4320508 width=4) (actual time=2235.042..12673.924 rows=4323018 loops=1)
        Filter: (role_id = 10)
        Rows Removed by Filter: 31921326
  ->  Hash  (cost=427626.00..427626.00 rows=10659 width=8) (actual time=7459.632..7459.632 rows=19239 loops=1)
        Buckets: 32768 (originally 16384)  Batches: 1 (originally 1)  Memory Usage: 1008kB
        ->  Hash Join  (cost=67697.55..427626.00 rows=10659 width=8) (actual time=4313.096..7450.384 rows=19239 loops=1)
              Hash Cond: (mi.movie_id = t.id)
              ->  Seq Scan on movie_info mi  (cost=0.00..346232.03 rows=3623957 width=4) (actual time=3204.741..5692.377 rows=3624977 loops=1)
                    Filter: (info_type_id < 4)
                    Rows Removed by Filter: 11210743
              ->  Hash  (cost=67604.59..67604.59 rows=7437 width=4) (actual time=1107.685..1107.685 rows=11416 loops=1)
                    Buckets: 16384 (originally 8192)  Batches: 1 (originally 1)  Memory Usage: 530kB
                    ->  Seq Scan on title t  (cost=0.00..67604.59 rows=7437 width=4) (actual time=0.042..1102.294 rows=11416 loops=1)
                          Filter: (production_year = 1964)
                          Rows Removed by Filter: 2516896
Planning time: 0.738 ms
Execution time: 20986.959 ms
