Seq Scan on movie_keyword mk  (cost=0.00..81003.12 rows=35610 width=0) (actual time=0.054..1242.575 rows=33093 loops=1)
  Filter: (keyword_id > 108599)
  Rows Removed by Filter: 4490837
Planning time: 0.319 ms
Execution time: 1247.894 ms
