Hash Join  (cost=499956.37..1638804.10 rows=5817548 width=0) (actual time=10906.969..43391.234 rows=11656349 loops=1)
  Hash Cond: (ci.movie_id = t.id)
  ->  Seq Scan on cast_info ci  (cost=0.00..614943.12 rows=36225612 width=4) (actual time=0.015..12947.468 rows=36244344 loops=1)
  ->  Hash  (cost=493293.60..493293.60 rows=406062 width=8) (actual time=10905.821..10905.821 rows=299366 loops=1)
        Buckets: 131072  Batches: 8  Memory Usage: 2455kB
        ->  Hash Join  (cost=70308.29..493293.60 rows=406062 width=8) (actual time=2029.571..10814.632 rows=299366 loops=1)
              Hash Cond: (mi.movie_id = t.id)
              ->  Seq Scan on movie_info mi  (cost=0.00..346232.03 rows=6231111 width=4) (actual time=892.834..6224.928 rows=6223494 loops=1)
                    Filter: (info_type_id > 8)
                    Rows Removed by Filter: 8612226
              ->  Hash  (cost=67604.59..67604.59 rows=164776 width=4) (actual time=1135.690..1135.690 rows=164307 loops=1)
                    Buckets: 131072  Batches: 4  Memory Usage: 2488kB
                    ->  Seq Scan on title t  (cost=0.00..67604.59 rows=164776 width=4) (actual time=0.030..1073.833 rows=164307 loops=1)
                          Filter: (production_year = 2012)
                          Rows Removed by Filter: 2364005
Planning time: 1.178 ms
Execution time: 44613.280 ms
