Hash Join  (cost=107928.35..270658.18 rows=3111345 width=0) (actual time=2555.649..6875.007 rows=3169454 loops=1)
  Hash Cond: (mk.movie_id = t.id)
  ->  Seq Scan on movie_keyword mk  (cost=0.00..81003.12 rows=3200851 width=4) (actual time=0.015..1806.850 rows=3185982 loops=1)
        Filter: (keyword_id < 12838)
        Rows Removed by Filter: 1337948
  ->  Hash  (cost=67604.59..67604.59 rows=2457821 width=4) (actual time=2554.331..2554.331 rows=2456218 loops=1)
        Buckets: 131072  Batches: 64  Memory Usage: 2385kB
        ->  Seq Scan on title t  (cost=0.00..67604.59 rows=2457821 width=4) (actual time=0.011..1432.563 rows=2456218 loops=1)
              Filter: (production_year > 0)
              Rows Removed by Filter: 72094
Planning time: 0.432 ms
Execution time: 7216.278 ms
