Seq Scan on cast_info ci  (cost=0.00..796071.18 rows=9418242 width=0) (actual time=4334.982..15304.623 rows=5189798 loops=1)
  Filter: ((person_id < 2859565) AND (role_id > 3))
  Rows Removed by Filter: 31054546
Planning time: 0.350 ms
Execution time: 15950.413 ms
