Seq Scan on movie_companies mc  (cost=0.00..57926.93 rows=51 width=0) (actual time=394.872..933.985 rows=256 loops=1)
  Filter: ((company_type_id < 2) AND (company_id = 1210))
  Rows Removed by Filter: 2608873
Planning time: 1.243 ms
Execution time: 934.141 ms
