Hash Join  (cost=140881.64..270773.69 rows=749958 width=0) (actual time=3187.580..7636.102 rows=4501539 loops=1)
  Hash Cond: (mk.movie_id = t.id)
  ->  Seq Scan on movie_keyword mk  (cost=0.00..81003.12 rows=3390492 width=4) (actual time=0.019..1828.065 rows=3383406 loops=1)
        Filter: (keyword_id > 1291)
        Rows Removed by Filter: 1140524
  ->  Hash  (cost=131705.44..131705.44 rows=559296 width=8) (actual time=3186.052..3186.052 rows=681292 loops=1)
        Buckets: 131072 (originally 131072)  Batches: 16 (originally 8)  Memory Usage: 3073kB
        ->  Hash Join  (cost=84417.00..131705.44 rows=559296 width=8) (actual time=1531.188..2972.733 rows=681292 loops=1)
              Hash Cond: (mi_idx.movie_id = t.id)
              ->  Seq Scan on movie_info_idx mi_idx  (cost=0.00..21735.35 rows=1380035 width=4) (actual time=0.011..426.353 rows=1380035 loops=1)
              ->  Hash  (cost=67604.59..67604.59 rows=1024753 width=4) (actual time=1530.264..1530.264 rows=1021752 loops=1)
                    Buckets: 131072  Batches: 16  Memory Usage: 3274kB
                    ->  Seq Scan on title t  (cost=0.00..67604.59 rows=1024753 width=4) (actual time=0.012..1207.189 rows=1021752 loops=1)
                          Filter: (production_year < 2000)
                          Rows Removed by Filter: 1506560
Planning time: 1.130 ms
Execution time: 8145.413 ms
