Seq Scan on movie_companies mc  (cost=0.00..57926.93 rows=384127 width=0) (actual time=504.177..929.133 rows=68098 loops=1)
  Filter: ((company_id > 31575) AND (company_type_id = 1))
  Rows Removed by Filter: 2541031
Planning time: 0.356 ms
Execution time: 938.337 ms
