Nested Loop  (cost=0.43..709671.90 rows=500 width=0) (actual time=445.132..10210.443 rows=42 loops=1)
  ->  Seq Scan on cast_info ci  (cost=0.00..705507.15 rows=500 width=4) (actual time=445.042..10209.566 rows=42 loops=1)
        Filter: (person_id = 178501)
        Rows Removed by Filter: 36244302
  ->  Index Only Scan using title_pkey on title t  (cost=0.43..8.32 rows=1 width=4) (actual time=0.019..0.019 rows=1 loops=42)
        Index Cond: (id = ci.movie_id)
        Heap Fetches: 42
Planning time: 0.803 ms
Execution time: 10210.519 ms
