Hash Join  (cost=1026751.72..1738449.00 rows=15955337 width=0) (actual time=22465.948..55259.205 rows=67033628 loops=1)
  Hash Cond: (mi.movie_id = t.id)
  ->  Seq Scan on movie_info mi  (cost=0.00..346232.03 rows=13832302 width=4) (actual time=0.015..7344.164 rows=13867355 loops=1)
        Filter: (info_type_id < 94)
        Rows Removed by Filter: 968365
  ->  Hash  (cost=978900.03..978900.03 rows=2916615 width=8) (actual time=22464.475..22464.475 rows=5921248 loops=1)
        Buckets: 131072 (originally 131072)  Batches: 128 (originally 64)  Memory Usage: 3073kB
        ->  Hash Join  (cost=102767.86..978900.03 rows=2916615 width=8) (actual time=6345.627..20671.155 rows=5921248 loops=1)
              Hash Cond: (ci.movie_id = t.id)
              ->  Seq Scan on cast_info ci  (cost=0.00..796071.18 rows=2916615 width=4) (actual time=4366.836..13281.456 rows=5921248 loops=1)
                    Filter: ((person_id < 801393) AND (role_id = 1))
                    Rows Removed by Filter: 30323096
              ->  Hash  (cost=61283.27..61283.27 rows=2528527 width=4) (actual time=1977.531..1977.531 rows=2528312 loops=1)
                    Buckets: 131072  Batches: 64  Memory Usage: 2415kB
                    ->  Seq Scan on title t  (cost=0.00..61283.27 rows=2528527 width=4) (actual time=0.016..1182.753 rows=2528312 loops=1)
Planning time: 1.196 ms
Execution time: 62307.689 ms
