Hash Join  (cost=102767.86..189385.30 rows=781816 width=0) (actual time=1884.317..3674.769 rows=566877 loops=1)
  Hash Cond: (mc.movie_id = t.id)
  ->  Seq Scan on movie_companies mc  (cost=0.00..57926.93 rows=781816 width=4) (actual time=0.032..1006.921 rows=566877 loops=1)
        Filter: ((company_id > 5197) AND (company_type_id = 1))
        Rows Removed by Filter: 2042252
  ->  Hash  (cost=61283.27..61283.27 rows=2528527 width=4) (actual time=1883.163..1883.163 rows=2528312 loops=1)
        Buckets: 131072  Batches: 64  Memory Usage: 2415kB
        ->  Seq Scan on title t  (cost=0.00..61283.27 rows=2528527 width=4) (actual time=0.021..1072.107 rows=2528312 loops=1)
Planning time: 1.224 ms
Execution time: 3736.612 ms
