Hash Join  (cost=74029.51..428563.28 rows=7194 width=0) (actual time=2304.052..7106.736 rows=478 loops=1)
  Hash Cond: (mi.movie_id = t.id)
  ->  Seq Scan on movie_info mi  (cost=0.00..346232.03 rows=2194617 width=4) (actual time=1071.266..5694.122 rows=2233850 loops=1)
        Filter: (info_type_id > 16)
        Rows Removed by Filter: 12601870
  ->  Hash  (cost=73925.90..73925.90 rows=8288 width=4) (actual time=1065.037..1065.037 rows=1384 loops=1)
        Buckets: 16384  Batches: 1  Memory Usage: 177kB
        ->  Seq Scan on title t  (cost=0.00..73925.90 rows=8288 width=4) (actual time=347.468..1064.159 rows=1384 loops=1)
              Filter: ((production_year < 1956) AND (kind_id = 3))
              Rows Removed by Filter: 2526928
Planning time: 0.763 ms
Execution time: 7107.076 ms
