Hash Join  (cost=108113.76..476260.87 rows=349118 width=0) (actual time=2033.809..9963.996 rows=410829 loops=1)
  Hash Cond: (mi.movie_id = t.id)
  ->  Seq Scan on movie_info mi  (cost=0.00..309384.22 rows=14739122 width=4) (actual time=0.015..4153.317 rows=14835720 loops=1)
  ->  Hash  (cost=107365.11..107365.11 rows=59892 width=8) (actual time=2032.855..2032.855 rows=36442 loops=1)
        Buckets: 65536  Batches: 1  Memory Usage: 1936kB
        ->  Hash Join  (cost=70308.29..107365.11 rows=59892 width=8) (actual time=1119.081..2020.526 rows=36442 loops=1)
              Hash Cond: (mi_idx.movie_id = t.id)
              ->  Seq Scan on movie_info_idx mi_idx  (cost=0.00..25185.44 rows=919057 width=4) (actual time=0.019..522.309 rows=920110 loops=1)
                    Filter: (info_type_id > 99)
                    Rows Removed by Filter: 459925
              ->  Hash  (cost=67604.59..67604.59 rows=164776 width=4) (actual time=1118.070..1118.070 rows=164307 loops=1)
                    Buckets: 131072  Batches: 4  Memory Usage: 2482kB
                    ->  Seq Scan on title t  (cost=0.00..67604.59 rows=164776 width=4) (actual time=0.035..1058.980 rows=164307 loops=1)
                          Filter: (production_year = 2012)
                          Rows Removed by Filter: 2364005
Planning time: 3.181 ms
Execution time: 10021.182 ms
