Hash Join  (cost=1425726.83..2921223.88 rows=74469929 width=0) (actual time=25027.754..63354.696 rows=91297177 loops=1)
  Hash Cond: (mi.movie_id = t.id)
  ->  Seq Scan on movie_info mi  (cost=0.00..309384.22 rows=14739122 width=4) (actual time=0.014..6355.152 rows=14835720 loops=1)
  ->  Hash  (cost=1216128.44..1216128.44 rows=12775471 width=8) (actual time=25025.905..25025.905 rows=6908218 loops=1)
        Buckets: 131072  Batches: 256  Memory Usage: 2145kB
        ->  Hash Join  (cost=102767.86..1216128.44 rows=12775471 width=8) (actual time=1799.803..23098.451 rows=6908218 loops=1)
              Hash Cond: (ci.movie_id = t.id)
              ->  Seq Scan on cast_info ci  (cost=0.00..796071.18 rows=12775471 width=4) (actual time=0.089..13845.518 rows=6908218 loops=1)
                    Filter: ((person_id < 1961521) AND (role_id > 1))
                    Rows Removed by Filter: 29336126
              ->  Hash  (cost=61283.27..61283.27 rows=2528527 width=4) (actual time=1798.172..1798.172 rows=2528312 loops=1)
                    Buckets: 131072  Batches: 64  Memory Usage: 2415kB
                    ->  Seq Scan on title t  (cost=0.00..61283.27 rows=2528527 width=4) (actual time=0.011..975.372 rows=2528312 loops=1)
Planning time: 1.188 ms
Execution time: 73126.406 ms
