Seq Scan on movie_keyword mk  (cost=0.00..81003.12 rows=2415273 width=0) (actual time=0.025..1421.036 rows=2408274 loops=1)
  Filter: (keyword_id > 3854)
  Rows Removed by Filter: 2115656
Planning time: 0.337 ms
Execution time: 1735.229 ms
