Nested Loop  (cost=73218.69..175973.95 rows=4123 width=0) (actual time=1490.314..3227.547 rows=13597 loops=1)
  ->  Hash Join  (cost=73218.26..163124.57 rows=21674 width=8) (actual time=1490.234..2965.761 rows=13597 loops=1)
        Hash Cond: (mk.movie_id = mc.movie_id)
        ->  Seq Scan on movie_keyword mk  (cost=0.00..81003.12 rows=7841 width=4) (actual time=0.083..1230.631 rows=7419 loops=1)
              Filter: (keyword_id = 373)
              Rows Removed by Filter: 4516511
        ->  Hash  (cost=51404.11..51404.11 rows=1329612 width=4) (actual time=1485.468..1485.468 rows=1334883 loops=1)
              Buckets: 131072  Batches: 32  Memory Usage: 2497kB
              ->  Seq Scan on movie_companies mc  (cost=0.00..51404.11 rows=1329612 width=4) (actual time=0.012..1037.346 rows=1334883 loops=1)
                    Filter: (company_type_id = 2)
                    Rows Removed by Filter: 1274246
  ->  Index Only Scan using title_pkey on title t  (cost=0.43..0.58 rows=1 width=4) (actual time=0.018..0.019 rows=1 loops=13597)
        Index Cond: (id = mc.movie_id)
        Heap Fetches: 13597
Planning time: 1.063 ms
Execution time: 3230.511 ms
