Hash Join  (cost=504942.99..596184.65 rows=1174513 width=0) (actual time=9377.642..14827.855 rows=13563175 loops=1)
  Hash Cond: (mc.movie_id = t.id)
  ->  Seq Scan on movie_companies mc  (cost=0.00..44881.29 rows=2609129 width=4) (actual time=0.021..888.263 rows=2609129 loops=1)
  ->  Hash  (cost=486268.12..486268.12 rows=1138230 width=8) (actual time=9376.747..9376.747 rows=1187158 loops=1)
        Buckets: 131072  Batches: 16  Memory Usage: 3843kB
        ->  Hash Join  (cost=102767.86..486268.12 rows=1138230 width=8) (actual time=1926.579..9037.914 rows=1187158 loops=1)
              Hash Cond: (mi.movie_id = t.id)
              ->  Seq Scan on movie_info mi  (cost=0.00..346232.03 rows=1138230 width=4) (actual time=0.009..5425.388 rows=1187158 loops=1)
                    Filter: (info_type_id > 41)
                    Rows Removed by Filter: 13648562
              ->  Hash  (cost=61283.27..61283.27 rows=2528527 width=4) (actual time=1924.574..1924.574 rows=2528312 loops=1)
                    Buckets: 131072  Batches: 64  Memory Usage: 2425kB
                    ->  Seq Scan on title t  (cost=0.00..61283.27 rows=2528527 width=4) (actual time=0.019..1054.647 rows=2528312 loops=1)
Planning time: 1.067 ms
Execution time: 16390.641 ms
