Hash Join  (cost=74126.17..425461.66 rows=8480 width=0) (actual time=3917.486..6174.513 rows=230721 loops=1)
  Hash Cond: (mi.movie_id = t.id)
  ->  Seq Scan on movie_info mi  (cost=0.00..346232.03 rows=1338312 width=4) (actual time=2743.280..4866.422 rows=1401902 loops=1)
        Filter: (info_type_id = 7)
        Rows Removed by Filter: 13433818
  ->  Hash  (cost=73925.90..73925.90 rows=16021 width=4) (actual time=971.580..971.580 rows=59846 loops=1)
        Buckets: 65536 (originally 16384)  Batches: 1 (originally 1)  Memory Usage: 2616kB
        ->  Seq Scan on title t  (cost=0.00..73925.90 rows=16021 width=4) (actual time=0.035..949.137 rows=59846 loops=1)
              Filter: ((production_year < 1915) AND (kind_id = 1))
              Rows Removed by Filter: 2468466
Planning time: 0.784 ms
Execution time: 6201.273 ms
