Seq Scan on movie_keyword mk  (cost=0.00..81003.12 rows=3430917 width=0) (actual time=0.014..1502.896 rows=3426227 loops=1)
  Filter: (keyword_id > 1125)
  Rows Removed by Filter: 1097703
Planning time: 0.338 ms
Execution time: 1929.293 ms
