Hash Join  (cost=156649.15..979508.61 rows=342607 width=0) (actual time=5909.376..15777.322 rows=640 loops=1)
  Hash Cond: (ci.movie_id = t.id)
  ->  Seq Scan on cast_info ci  (cost=0.00..796071.18 rows=1863257 width=4) (actual time=2269.641..12062.508 rows=1608 loops=1)
        Filter: ((person_id < 896422) AND (role_id = 2))
        Rows Removed by Filter: 36242736
  ->  Hash  (cost=149020.47..149020.47 rows=464934 width=8) (actual time=3637.525..3637.525 rows=460185 loops=1)
        Buckets: 131072  Batches: 8  Memory Usage: 3276kB
        ->  Hash Join  (cost=102767.86..149020.47 rows=464934 width=8) (actual time=1854.643..3488.936 rows=460185 loops=1)
              Hash Cond: (mi_idx.movie_id = t.id)
              ->  Seq Scan on movie_info_idx mi_idx  (cost=0.00..25185.44 rows=464934 width=4) (actual time=0.016..518.223 rows=460185 loops=1)
                    Filter: (info_type_id > 100)
                    Rows Removed by Filter: 919850
              ->  Hash  (cost=61283.27..61283.27 rows=2528527 width=4) (actual time=1853.421..1853.421 rows=2528312 loops=1)
                    Buckets: 131072  Batches: 64  Memory Usage: 2415kB
                    ->  Seq Scan on title t  (cost=0.00..61283.27 rows=2528527 width=4) (actual time=0.016..1017.331 rows=2528312 loops=1)
Planning time: 1.112 ms
Execution time: 15777.766 ms
