Hash Join  (cost=164222.68..1162710.16 rows=2712436 width=0) (actual time=3406.023..25622.927 rows=4375163 loops=1)
  Hash Cond: (ci.movie_id = t.id)
  ->  Seq Scan on cast_info ci  (cost=0.00..796071.18 rows=15005850 width=4) (actual time=0.021..14696.334 rows=13385916 loops=1)
        Filter: ((person_id > 1693719) AND (role_id < 8))
        Rows Removed by Filter: 22858428
  ->  Hash  (cost=156723.52..156723.52 rows=457053 width=8) (actual time=3405.126..3405.126 rows=328580 loops=1)
        Buckets: 131072  Batches: 8  Memory Usage: 2592kB
        ->  Hash Join  (cost=82423.69..156723.52 rows=457053 width=8) (actual time=1671.516..3302.309 rows=328580 loops=1)
              Hash Cond: (mc.movie_id = t.id)
              ->  Seq Scan on movie_companies mc  (cost=0.00..51404.11 rows=1279517 width=4) (actual time=262.800..1000.252 rows=1274246 loops=1)
                    Filter: (company_type_id < 2)
                    Rows Removed by Filter: 1334883
              ->  Hash  (cost=67604.59..67604.59 rows=903208 width=4) (actual time=1407.892..1407.892 rows=904491 loops=1)
                    Buckets: 131072  Batches: 16  Memory Usage: 3010kB
                    ->  Seq Scan on title t  (cost=0.00..67604.59 rows=903208 width=4) (actual time=0.021..1124.917 rows=904491 loops=1)
                          Filter: (production_year > 2006)
                          Rows Removed by Filter: 1623821
Planning time: 1.598 ms
Execution time: 26149.503 ms
