Hash Join  (cost=67697.55..94648.62 rows=4059 width=0) (actual time=1129.367..1723.224 rows=4361 loops=1)
  Hash Cond: (mi_idx.movie_id = t.id)
  ->  Seq Scan on movie_info_idx mi_idx  (cost=0.00..21735.35 rows=1380035 width=4) (actual time=0.015..301.711 rows=1380035 loops=1)
  ->  Hash  (cost=67604.59..67604.59 rows=7437 width=4) (actual time=1129.197..1129.197 rows=6834 loops=1)
        Buckets: 8192  Batches: 1  Memory Usage: 305kB
        ->  Seq Scan on title t  (cost=0.00..67604.59 rows=7437 width=4) (actual time=0.059..1125.574 rows=6834 loops=1)
              Filter: (production_year = 1953)
              Rows Removed by Filter: 2521478
Planning time: 0.693 ms
Execution time: 1724.037 ms
