Hash Join  (cost=82004.01..592432.39 rows=2869846 width=0) (actual time=1396.196..18205.754 rows=6789630 loops=1)
  Hash Cond: (mi.movie_id = t.id)
  ->  Seq Scan on movie_info mi  (cost=0.00..309384.22 rows=14739122 width=4) (actual time=0.016..5304.308 rows=14835720 loops=1)
  ->  Hash  (cost=73925.90..73925.90 rows=492328 width=4) (actual time=1395.576..1395.576 rows=570276 loops=1)
        Buckets: 131072  Batches: 8  Memory Usage: 3554kB
        ->  Seq Scan on title t  (cost=0.00..73925.90 rows=492328 width=4) (actual time=9.753..1211.080 rows=570276 loops=1)
              Filter: ((kind_id < 4) AND (production_year < 2006))
              Rows Removed by Filter: 1958036
Planning time: 2.771 ms
Execution time: 18964.376 ms
