Hash Join  (cost=933350.42..1451014.76 rows=3548042 width=0) (actual time=14214.247..28807.613 rows=2927439 loops=1)
  Hash Cond: (mi.movie_id = t.id)
  ->  Seq Scan on movie_info mi  (cost=0.00..309384.22 rows=14739122 width=4) (actual time=0.015..6001.102 rows=14835720 loops=1)
  ->  Hash  (cost=923363.99..923363.99 rows=608674 width=8) (actual time=14212.818..14212.818 rows=213559 loops=1)
        Buckets: 131072  Batches: 8  Memory Usage: 2069kB
        ->  Hash Join  (cost=102767.86..923363.99 rows=608674 width=8) (actual time=2350.801..14140.025 rows=213559 loops=1)
              Hash Cond: (ci.movie_id = t.id)
              ->  Seq Scan on cast_info ci  (cost=0.00..796071.18 rows=608674 width=4) (actual time=142.118..11281.112 rows=213559 loops=1)
                    Filter: ((person_id < 85983) AND (role_id > 1))
                    Rows Removed by Filter: 36030785
              ->  Hash  (cost=61283.27..61283.27 rows=2528527 width=4) (actual time=2207.752..2207.752 rows=2528312 loops=1)
                    Buckets: 131072  Batches: 64  Memory Usage: 2415kB
                    ->  Seq Scan on title t  (cost=0.00..61283.27 rows=2528527 width=4) (actual time=0.021..1072.399 rows=2528312 loops=1)
Planning time: 1.190 ms
Execution time: 29160.283 ms
