Hash Join  (cost=67697.55..866482.85 rows=2112 width=0) (actual time=1332.826..12273.963 rows=228 loops=1)
  Hash Cond: (ci.movie_id = t.id)
  ->  Seq Scan on cast_info ci  (cost=0.00..796071.18 rows=718134 width=4) (actual time=273.115..11179.118 rows=422960 loops=1)
        Filter: ((person_id < 203283) AND (role_id > 3))
        Rows Removed by Filter: 35821384
  ->  Hash  (cost=67604.59..67604.59 rows=7437 width=4) (actual time=1022.168..1022.168 rows=2712 loops=1)
        Buckets: 8192  Batches: 1  Memory Usage: 160kB
        ->  Seq Scan on title t  (cost=0.00..67604.59 rows=7437 width=4) (actual time=299.387..1020.655 rows=2712 loops=1)
              Filter: (production_year = 1908)
              Rows Removed by Filter: 2525600
Planning time: 0.952 ms
Execution time: 12274.141 ms
