Seq Scan on cast_info ci  (cost=0.00..796071.18 rows=11619884 width=0) (actual time=7056.395..16086.257 rows=10472606 loops=1)
  Filter: ((person_id > 296289) AND (role_id < 2))
  Rows Removed by Filter: 25771738
Planning time: 0.331 ms
Execution time: 17330.621 ms
