Seq Scan on title t  (cost=0.00..73925.90 rows=1586525 width=0) (actual time=0.017..1253.102 rows=1608793 loops=1)
  Filter: ((kind_id > 3) AND (production_year > 1914))
  Rows Removed by Filter: 919519
Planning time: 0.330 ms
Execution time: 1458.347 ms
