Hash Join  (cost=98137.04..974760.45 rows=2673671 width=0) (actual time=8192.704..15663.187 rows=206539 loops=1)
  Hash Cond: (ci.movie_id = t.id)
  ->  Seq Scan on cast_info ci  (cost=0.00..796071.18 rows=3632705 width=4) (actual time=6240.265..13227.373 rows=270176 loops=1)
        Filter: ((person_id < 1772931) AND (role_id = 2))
        Rows Removed by Filter: 35974168
  ->  Hash  (cost=67604.59..67604.59 rows=1860996 width=4) (actual time=1951.415..1951.415 rows=1865487 loops=1)
        Buckets: 131072  Batches: 32  Memory Usage: 3079kB
        ->  Seq Scan on title t  (cost=0.00..67604.59 rows=1860996 width=4) (actual time=0.034..1348.900 rows=1865487 loops=1)
              Filter: (kind_id > 1)
              Rows Removed by Filter: 662825
Planning time: 0.743 ms
Execution time: 15687.021 ms
