Hash Join  (cost=890497.75..1377805.90 rows=703023 width=0) (actual time=16549.116..28703.164 rows=2894622 loops=1)
  Hash Cond: (mi.movie_id = t.id)
  ->  Seq Scan on movie_info mi  (cost=0.00..309384.22 rows=14739122 width=4) (actual time=0.011..5945.653 rows=14835720 loops=1)
  ->  Hash  (cost=888518.18..888518.18 rows=120605 width=8) (actual time=16548.418..16548.418 rows=133590 loops=1)
        Buckets: 131072  Batches: 2  Memory Usage: 3644kB
        ->  Hash Join  (cost=83810.17..888518.18 rows=120605 width=8) (actual time=4689.637..16502.547 rows=133590 loops=1)
              Hash Cond: (ci.movie_id = t.id)
              ->  Seq Scan on cast_info ci  (cost=0.00..796071.18 rows=308741 width=4) (actual time=3295.935..14773.030 rows=300779 loops=1)
                    Filter: ((person_id > 399379) AND (role_id > 10))
                    Rows Removed by Filter: 35943565
              ->  Hash  (cost=67604.59..67604.59 rows=987727 width=4) (actual time=1392.662..1392.662 rows=985048 loops=1)
                    Buckets: 131072  Batches: 16  Memory Usage: 3188kB
                    ->  Seq Scan on title t  (cost=0.00..67604.59 rows=987727 width=4) (actual time=0.034..1090.860 rows=985048 loops=1)
                          Filter: (kind_id < 7)
                          Rows Removed by Filter: 1543264
Planning time: 1.609 ms
Execution time: 29031.566 ms
