Seq Scan on movie_keyword mk  (cost=0.00..81003.12 rows=1715966 width=0) (actual time=0.024..1539.460 rows=1724538 loops=1)
  Filter: (keyword_id > 8221)
  Rows Removed by Filter: 2799392
Planning time: 0.343 ms
Execution time: 1752.956 ms
