Hash Join  (cost=102767.86..824127.25 rows=248261 width=0) (actual time=5122.836..13815.943 rows=207983 loops=1)
  Hash Cond: (ci.movie_id = t.id)
  ->  Seq Scan on cast_info ci  (cost=0.00..705507.15 rows=248261 width=4) (actual time=848.369..11170.017 rows=207983 loops=1)
        Filter: (person_id < 24399)
        Rows Removed by Filter: 36036361
  ->  Hash  (cost=61283.27..61283.27 rows=2528527 width=4) (actual time=1980.281..1980.281 rows=2528312 loops=1)
        Buckets: 131072  Batches: 64  Memory Usage: 2415kB
        ->  Seq Scan on title t  (cost=0.00..61283.27 rows=2528527 width=4) (actual time=0.018..1131.004 rows=2528312 loops=1)
Planning time: 1.332 ms
Execution time: 13842.165 ms
