Hash Join  (cost=101519.28..853377.07 rows=106867 width=0) (actual time=1714.663..18303.924 rows=141336 loops=1)
  Hash Cond: (ci.movie_id = t.id)
  ->  Seq Scan on cast_info ci  (cost=0.00..614943.12 rows=36225612 width=4) (actual time=0.019..8535.281 rows=36244344 loops=1)
  ->  Hash  (cost=101426.04..101426.04 rows=7459 width=8) (actual time=1714.236..1714.236 rows=6329 loops=1)
        Buckets: 8192  Batches: 1  Memory Usage: 312kB
        ->  Hash Join  (cost=74437.34..101426.04 rows=7459 width=8) (actual time=1159.607..1711.392 rows=6329 loops=1)
              Hash Cond: (mi_idx.movie_id = t.id)
              ->  Seq Scan on movie_info_idx mi_idx  (cost=0.00..25185.44 rows=460978 width=4) (actual time=0.018..479.853 rows=459925 loops=1)
                    Filter: (info_type_id < 100)
                    Rows Removed by Filter: 920110
              ->  Hash  (cost=73925.90..73925.90 rows=40915 width=4) (actual time=1084.532..1084.532 rows=46448 loops=1)
                    Buckets: 65536  Batches: 1  Memory Usage: 2145kB
                    ->  Seq Scan on title t  (cost=0.00..73925.90 rows=40915 width=4) (actual time=428.341..1065.980 rows=46448 loops=1)
                          Filter: ((production_year > 2006) AND (kind_id = 4))
                          Rows Removed by Filter: 2481864
Planning time: 1.140 ms
Execution time: 18332.135 ms
