Hash Join  (cost=112937.26..1051068.30 rows=915773 width=0) (actual time=2125.304..23375.897 rows=1136891 loops=1)
  Hash Cond: (ci.movie_id = t.id)
  ->  Seq Scan on cast_info ci  (cost=0.00..705507.15 rows=19286176 width=4) (actual time=0.014..13644.015 rows=19435228 loops=1)
        Filter: (person_id > 1662744)
        Rows Removed by Filter: 16809116
  ->  Hash  (cost=110967.47..110967.47 rows=120063 width=8) (actual time=2123.361..2123.361 rows=119764 loops=1)
        Buckets: 131072  Batches: 2  Memory Usage: 3358kB
        ->  Hash Join  (cost=71214.36..110967.47 rows=120063 width=8) (actual time=1021.998..2086.143 rows=119764 loops=1)
              Hash Cond: (mi_idx.movie_id = t.id)
              ->  Seq Scan on movie_info_idx mi_idx  (cost=0.00..21735.35 rows=1380035 width=4) (actual time=0.015..426.553 rows=1380035 loops=1)
              ->  Hash  (cost=67604.59..67604.59 rows=219982 width=4) (actual time=1021.176..1021.176 rows=221115 loops=1)
                    Buckets: 131072  Batches: 4  Memory Usage: 2967kB
                    ->  Seq Scan on title t  (cost=0.00..67604.59 rows=219982 width=4) (actual time=0.017..946.549 rows=221115 loops=1)
                          Filter: (production_year < 1958)
                          Rows Removed by Filter: 2307197
Planning time: 1.297 ms
Execution time: 23515.650 ms
