Hash Join  (cost=74666.71..894274.92 rows=138457 width=0) (actual time=5476.140..20493.133 rows=588379 loops=1)
  Hash Cond: (ci.movie_id = t.id)
  ->  Seq Scan on cast_info ci  (cost=0.00..796071.18 rows=5907323 width=4) (actual time=4363.750..14534.042 rows=12029634 loops=1)
        Filter: ((person_id < 1650479) AND (role_id < 2))
        Rows Removed by Filter: 24214710
  ->  Hash  (cost=73925.90..73925.90 rows=59264 width=4) (actual time=1111.795..1111.795 rows=155122 loops=1)
        Buckets: 131072 (originally 65536)  Batches: 2 (originally 1)  Memory Usage: 3750kB
        ->  Seq Scan on title t  (cost=0.00..73925.90 rows=59264 width=4) (actual time=0.036..1058.485 rows=155122 loops=1)
              Filter: ((kind_id < 7) AND (production_year < 1947))
              Rows Removed by Filter: 2373190
Planning time: 0.746 ms
Execution time: 20563.763 ms
