Hash Join  (cost=101482.33..191131.38 rows=12781 width=0) (actual time=1837.563..3717.691 rows=12345 loops=1)
  Hash Cond: (mk.movie_id = t.id)
  ->  Seq Scan on movie_keyword mk  (cost=0.00..81003.12 rows=2271497 width=4) (actual time=0.026..1528.367 rows=2267888 loops=1)
        Filter: (keyword_id > 4666)
        Rows Removed by Filter: 2256042
  ->  Hash  (cost=101304.49..101304.49 rows=14227 width=8) (actual time=1837.374..1837.374 rows=6543 loops=1)
        Buckets: 16384  Batches: 1  Memory Usage: 384kB
        ->  Hash Join  (cost=74251.74..101304.49 rows=14227 width=8) (actual time=1167.581..1834.569 rows=6543 loops=1)
              Hash Cond: (mi_idx.movie_id = t.id)
              ->  Seq Scan on movie_info_idx mi_idx  (cost=0.00..21735.35 rows=1380035 width=4) (actual time=0.016..338.617 rows=1380035 loops=1)
              ->  Hash  (cost=73925.90..73925.90 rows=26067 width=4) (actual time=1166.676..1166.676 rows=27085 loops=1)
                    Buckets: 32768  Batches: 1  Memory Usage: 1209kB
                    ->  Seq Scan on title t  (cost=0.00..73925.90 rows=26067 width=4) (actual time=0.298..1155.591 rows=27085 loops=1)
                          Filter: ((kind_id < 7) AND (production_year > 2012))
                          Rows Removed by Filter: 2501227
Planning time: 4.439 ms
Execution time: 3719.618 ms
