Nested Loop  (cost=0.43..52283.95 rows=79 width=0) (actual time=11.726..858.926 rows=79 loops=1)
  ->  Seq Scan on movie_companies mc  (cost=0.00..51404.11 rows=104 width=4) (actual time=11.662..856.697 rows=105 loops=1)
        Filter: (company_id = 21452)
        Rows Removed by Filter: 2609024
  ->  Index Scan using title_pkey on title t  (cost=0.43..8.45 rows=1 width=4) (actual time=0.019..0.019 rows=1 loops=105)
        Index Cond: (id = mc.movie_id)
        Filter: (production_year < 2010)
        Rows Removed by Filter: 0
Planning time: 0.752 ms
Execution time: 859.063 ms
