Hash Join  (cost=67697.55..819552.20 rows=106548 width=0) (actual time=1035.208..18978.470 rows=194051 loops=1)
  Hash Cond: (ci.movie_id = t.id)
  ->  Seq Scan on cast_info ci  (cost=0.00..614943.12 rows=36225612 width=4) (actual time=0.014..8977.635 rows=36244344 loops=1)
  ->  Hash  (cost=67604.59..67604.59 rows=7437 width=4) (actual time=1035.115..1035.115 rows=14054 loops=1)
        Buckets: 16384 (originally 8192)  Batches: 1 (originally 1)  Memory Usage: 623kB
        ->  Seq Scan on title t  (cost=0.00..67604.59 rows=7437 width=4) (actual time=0.057..1028.355 rows=14054 loops=1)
              Filter: (production_year = 1975)
              Rows Removed by Filter: 2514258
Planning time: 0.798 ms
Execution time: 19012.424 ms
