Hash Join  (cost=189518.50..231594.96 rows=255498 width=0) (actual time=4288.981..5590.168 rows=1260399 loops=1)
  Hash Cond: (mi_idx.movie_id = t.id)
  ->  Seq Scan on movie_info_idx mi_idx  (cost=0.00..21735.35 rows=1380035 width=4) (actual time=0.025..454.470 rows=1380035 loops=1)
  ->  Hash  (cost=181837.89..181837.89 rows=468129 width=8) (actual time=4288.063..4288.063 rows=672154 loops=1)
        Buckets: 131072 (originally 131072)  Batches: 16 (originally 8)  Memory Usage: 3073kB
        ->  Hash Join  (cost=102767.86..181837.89 rows=468129 width=8) (actual time=2070.061..4084.818 rows=672154 loops=1)
              Hash Cond: (mc.movie_id = t.id)
              ->  Seq Scan on movie_companies mc  (cost=0.00..57926.93 rows=468129 width=4) (actual time=0.025..1033.501 rows=672154 loops=1)
                    Filter: ((company_id < 3793) AND (company_type_id < 2))
                    Rows Removed by Filter: 1936975
              ->  Hash  (cost=61283.27..61283.27 rows=2528527 width=4) (actual time=2068.395..2068.395 rows=2528312 loops=1)
                    Buckets: 131072  Batches: 64  Memory Usage: 2415kB
                    ->  Seq Scan on title t  (cost=0.00..61283.27 rows=2528527 width=4) (actual time=0.022..1219.777 rows=2528312 loops=1)
Planning time: 1.827 ms
Execution time: 5683.035 ms
