Hash Join  (cost=87301.44..148757.74 rows=7506 width=0) (actual time=2406.986..2647.248 rows=3390 loops=1)
  Hash Cond: (mc.movie_id = t.id)
  ->  Seq Scan on movie_companies mc  (cost=0.00..57926.93 rows=23281 width=4) (actual time=767.185..864.633 rows=44680 loops=1)
        Filter: ((company_id > 195666) AND (company_type_id = 2))
        Rows Removed by Filter: 2564449
  ->  Hash  (cost=73925.90..73925.90 rows=815243 width=4) (actual time=1638.794..1638.794 rows=876186 loops=1)
        Buckets: 131072  Batches: 16  Memory Usage: 2955kB
        ->  Seq Scan on title t  (cost=0.00..73925.90 rows=815243 width=4) (actual time=0.018..1364.158 rows=876186 loops=1)
              Filter: ((kind_id > 1) AND (production_year > 2004))
              Rows Removed by Filter: 1652126
Planning time: 6.014 ms
Execution time: 2647.777 ms
