Hash Join  (cost=106840.27..744476.90 rows=11978845 width=0) (actual time=2088.936..19938.993 rows=12448838 loops=1)
  Hash Cond: (mi.movie_id = t.id)
  ->  Seq Scan on movie_info mi  (cost=0.00..346232.03 rows=12665229 width=4) (actual time=0.026..7510.780 rows=12744652 loops=1)
        Filter: (info_type_id > 2)
        Rows Removed by Filter: 2091068
  ->  Hash  (cost=67604.59..67604.59 rows=2391495 width=4) (actual time=2087.692..2087.692 rows=2388876 loops=1)
        Buckets: 131072  Batches: 32  Memory Usage: 3656kB
        ->  Seq Scan on title t  (cost=0.00..67604.59 rows=2391495 width=4) (actual time=0.030..1361.291 rows=2388876 loops=1)
              Filter: (production_year < 2013)
              Rows Removed by Filter: 139436
Planning time: 5.700 ms
Execution time: 21248.429 ms
