Hash Join  (cost=205480.88..1366228.40 rows=12357436 width=0) (actual time=4065.777..42631.561 rows=25467111 loops=1)
  Hash Cond: (ci.movie_id = t.id)
  ->  Seq Scan on cast_info ci  (cost=0.00..614943.12 rows=36225612 width=4) (actual time=0.014..13921.331 rows=36244344 loops=1)
  ->  Hash  (cost=191329.10..191329.10 rows=862542 width=8) (actual time=4064.812..4064.812 rows=676650 loops=1)
        Buckets: 131072  Batches: 16  Memory Usage: 2667kB
        ->  Hash Join  (cost=102767.86..191329.10 rows=862542 width=8) (actual time=1901.125..3873.985 rows=676650 loops=1)
              Hash Cond: (mc.movie_id = t.id)
              ->  Seq Scan on movie_companies mc  (cost=0.00..57926.93 rows=862542 width=4) (actual time=0.021..1045.201 rows=676650 loops=1)
                    Filter: ((company_id > 2281) AND (company_type_id = 1))
                    Rows Removed by Filter: 1932479
              ->  Hash  (cost=61283.27..61283.27 rows=2528527 width=4) (actual time=1899.060..1899.060 rows=2528312 loops=1)
                    Buckets: 131072  Batches: 64  Memory Usage: 2415kB
                    ->  Seq Scan on title t  (cost=0.00..61283.27 rows=2528527 width=4) (actual time=0.011..1066.273 rows=2528312 loops=1)
Planning time: 0.800 ms
Execution time: 45487.188 ms
