Hash Join  (cost=88195.18..468939.58 rows=713328 width=0) (actual time=1545.432..8890.555 rows=1435264 loops=1)
  Hash Cond: (mi.movie_id = t.id)
  ->  Seq Scan on movie_info mi  (cost=0.00..346232.03 rows=2073893 width=4) (actual time=0.019..5533.169 rows=2091068 loops=1)
        Filter: (info_type_id < 3)
        Rows Removed by Filter: 12744652
  ->  Hash  (cost=73925.90..73925.90 rows=869702 width=4) (actual time=1543.042..1543.042 rows=896788 loops=1)
        Buckets: 131072  Batches: 16  Memory Usage: 3007kB
        ->  Seq Scan on title t  (cost=0.00..73925.90 rows=869702 width=4) (actual time=0.014..1251.804 rows=896788 loops=1)
              Filter: ((kind_id < 7) AND (production_year < 2012))
              Rows Removed by Filter: 1631524
Planning time: 0.535 ms
Execution time: 9035.074 ms
