Hash Join  (cost=143295.79..951883.22 rows=112575 width=0) (actual time=3160.725..15736.954 rows=591866 loops=1)
  Hash Cond: (ci.movie_id = t.id)
  ->  Seq Scan on cast_info ci  (cost=0.00..796071.18 rows=875066 width=4) (actual time=0.014..11477.995 rows=1996023 loops=1)
        Filter: ((person_id > 3669912) AND (role_id > 2))
        Rows Removed by Filter: 34248321
  ->  Hash  (cost=137958.68..137958.68 rows=325289 width=8) (actual time=3160.005..3160.005 rows=212359 loops=1)
        Buckets: 131072  Batches: 8  Memory Usage: 2061kB
        ->  Hash Join  (cost=96651.52..137958.68 rows=325289 width=8) (actual time=1947.797..3091.175 rows=212359 loops=1)
              Hash Cond: (mi_idx.movie_id = t.id)
              ->  Seq Scan on movie_info_idx mi_idx  (cost=0.00..25185.44 rows=464566 width=4) (actual time=0.025..504.434 rows=459925 loops=1)
                    Filter: (info_type_id = 101)
                    Rows Removed by Filter: 920110
              ->  Hash  (cost=67604.59..67604.59 rows=1770475 width=4) (actual time=1946.505..1946.505 rows=1774635 loops=1)
                    Buckets: 131072  Batches: 32  Memory Usage: 2978kB
                    ->  Seq Scan on title t  (cost=0.00..67604.59 rows=1770475 width=4) (actual time=0.020..1376.620 rows=1774635 loops=1)
                          Filter: (kind_id > 2)
                          Rows Removed by Filter: 753677
Planning time: 0.957 ms
Execution time: 15802.727 ms
