Hash Join  (cost=102767.86..266636.06 rows=3033174 width=0) (actual time=2180.521..6486.269 rows=3021685 loops=1)
  Hash Cond: (mk.movie_id = t.id)
  ->  Seq Scan on movie_keyword mk  (cost=0.00..81003.12 rows=3033174 width=4) (actual time=0.024..1762.366 rows=3021685 loops=1)
        Filter: (keyword_id > 2163)
        Rows Removed by Filter: 1502245
  ->  Hash  (cost=61283.27..61283.27 rows=2528527 width=4) (actual time=2179.435..2179.435 rows=2528312 loops=1)
        Buckets: 131072  Batches: 64  Memory Usage: 2425kB
        ->  Seq Scan on title t  (cost=0.00..61283.27 rows=2528527 width=4) (actual time=0.024..1113.922 rows=2528312 loops=1)
Planning time: 0.663 ms
Execution time: 6823.240 ms
