Hash Join  (cost=200777.84..339048.92 rows=1335305 width=0) (actual time=4142.631..10500.603 rows=12426635 loops=1)
  Hash Cond: (mk.movie_id = t.id)
  ->  Seq Scan on movie_keyword mk  (cost=0.00..69693.30 rows=4523930 width=4) (actual time=0.018..1500.033 rows=4523930 loops=1)
  ->  Hash  (cost=188532.69..188532.69 rows=746332 width=8) (actual time=4141.610..4141.610 rows=531456 loops=1)
        Buckets: 131072  Batches: 16  Memory Usage: 2361kB
        ->  Hash Join  (cost=102767.86..188532.69 rows=746332 width=8) (actual time=1980.970..3987.338 rows=531456 loops=1)
              Hash Cond: (mc.movie_id = t.id)
              ->  Seq Scan on movie_companies mc  (cost=0.00..57926.93 rows=746332 width=4) (actual time=109.289..1073.283 rows=531456 loops=1)
                    Filter: ((company_id > 6934) AND (company_type_id < 2))
                    Rows Removed by Filter: 2077673
              ->  Hash  (cost=61283.27..61283.27 rows=2528527 width=4) (actual time=1868.257..1868.257 rows=2528312 loops=1)
                    Buckets: 131072  Batches: 64  Memory Usage: 2415kB
                    ->  Seq Scan on title t  (cost=0.00..61283.27 rows=2528527 width=4) (actual time=0.023..1043.721 rows=2528312 loops=1)
Planning time: 1.280 ms
Execution time: 11966.681 ms
