Nested Loop  (cost=0.43..83072.29 rows=5 width=0) (actual time=313.478..1289.023 rows=4 loops=1)
  ->  Seq Scan on movie_keyword mk  (cost=0.00..81003.12 rows=246 width=4) (actual time=29.544..1282.726 rows=116 loops=1)
        Filter: (keyword_id = 37197)
        Rows Removed by Filter: 4523814
  ->  Index Scan using title_pkey on title t  (cost=0.43..8.40 rows=1 width=4) (actual time=0.051..0.051 rows=0 loops=116)
        Index Cond: (id = mk.movie_id)
        Filter: (production_year = 1999)
        Rows Removed by Filter: 1
Planning time: 1.082 ms
Execution time: 1289.127 ms
