Hash Join  (cost=98137.04..1087793.70 rows=6797727 width=0) (actual time=2401.839..22300.675 rows=3968538 loops=1)
  Hash Cond: (ci.movie_id = t.id)
  ->  Seq Scan on cast_info ci  (cost=0.00..796071.18 rows=9236042 width=4) (actual time=400.895..15282.484 rows=5669641 loops=1)
        Filter: ((person_id > 956469) AND (role_id = 1))
        Rows Removed by Filter: 30574703
  ->  Hash  (cost=67604.59..67604.59 rows=1860996 width=4) (actual time=1999.789..1999.789 rows=1865487 loops=1)
        Buckets: 131072  Batches: 32  Memory Usage: 3079kB
        ->  Seq Scan on title t  (cost=0.00..67604.59 rows=1860996 width=4) (actual time=0.024..1401.492 rows=1865487 loops=1)
              Filter: (kind_id > 1)
              Rows Removed by Filter: 662825
Planning time: 0.818 ms
Execution time: 22745.835 ms
