Hash Join  (cost=187199.41..318157.00 rows=735055 width=0) (actual time=4143.204..8792.150 rows=4884734 loops=1)
  Hash Cond: (mk.movie_id = t.id)
  ->  Seq Scan on movie_keyword mk  (cost=0.00..69693.30 rows=4523930 width=4) (actual time=0.018..1435.774 rows=4523930 loops=1)
  ->  Hash  (cost=180458.93..180458.93 rows=410839 width=8) (actual time=4142.111..4142.111 rows=735449 loops=1)
        Buckets: 131072 (originally 131072)  Batches: 16 (originally 8)  Memory Usage: 3073kB
        ->  Hash Join  (cost=102767.86..180458.93 rows=410839 width=8) (actual time=2182.727..3903.689 rows=735449 loops=1)
              Hash Cond: (mc.movie_id = t.id)
              ->  Seq Scan on movie_companies mc  (cost=0.00..57926.93 rows=410839 width=4) (actual time=228.013..914.765 rows=735449 loops=1)
                    Filter: ((company_id > 28917) AND (company_type_id > 1))
                    Rows Removed by Filter: 1873680
              ->  Hash  (cost=61283.27..61283.27 rows=2528527 width=4) (actual time=1953.421..1953.421 rows=2528312 loops=1)
                    Buckets: 131072  Batches: 64  Memory Usage: 2415kB
                    ->  Seq Scan on title t  (cost=0.00..61283.27 rows=2528527 width=4) (actual time=0.018..1105.450 rows=2528312 loops=1)
Planning time: 1.126 ms
Execution time: 9356.843 ms
