Hash Join  (cost=239593.23..287916.90 rows=619619 width=0) (actual time=5353.528..7123.915 rows=2504202 loops=1)
  Hash Cond: (mi_idx.movie_id = t.id)
  ->  Seq Scan on movie_info_idx mi_idx  (cost=0.00..21735.35 rows=1380035 width=4) (actual time=0.025..485.064 rows=1380035 loops=1)
  ->  Hash  (cost=220967.25..220967.25 rows=1135278 width=8) (actual time=5352.603..5352.603 rows=1142102 loops=1)
        Buckets: 131072  Batches: 16  Memory Usage: 3848kB
        ->  Hash Join  (cost=102767.86..220967.25 rows=1135278 width=8) (actual time=2292.049..5049.604 rows=1142102 loops=1)
              Hash Cond: (mk.movie_id = t.id)
              ->  Seq Scan on movie_keyword mk  (cost=0.00..81003.12 rows=1135278 width=4) (actual time=0.042..1517.358 rows=1142102 loops=1)
                    Filter: (keyword_id < 1300)
                    Rows Removed by Filter: 3381828
              ->  Hash  (cost=61283.27..61283.27 rows=2528527 width=4) (actual time=2289.517..2289.517 rows=2528312 loops=1)
                    Buckets: 131072  Batches: 64  Memory Usage: 2425kB
                    ->  Seq Scan on title t  (cost=0.00..61283.27 rows=2528527 width=4) (actual time=0.018..1147.275 rows=2528312 loops=1)
Planning time: 1.059 ms
Execution time: 7389.551 ms
