Nested Loop  (cost=0.43..83071.67 rows=246 width=0) (actual time=0.565..1292.332 rows=3249 loops=1)
  ->  Seq Scan on movie_keyword mk  (cost=0.00..81003.12 rows=246 width=4) (actual time=0.491..1180.255 rows=3249 loops=1)
        Filter: (keyword_id = 1714)
        Rows Removed by Filter: 4520681
  ->  Index Only Scan using title_pkey on title t  (cost=0.43..8.40 rows=1 width=4) (actual time=0.033..0.033 rows=1 loops=3249)
        Index Cond: (id = mk.movie_id)
        Heap Fetches: 3249
Planning time: 0.763 ms
Execution time: 1293.447 ms
