Hash Join  (cost=190230.21..1499994.73 rows=19203590 width=0) (actual time=4363.148..50860.265 rows=39325702 loops=1)
  Hash Cond: (ci.movie_id = t.id)
  ->  Seq Scan on cast_info ci  (cost=0.00..705507.15 rows=35185192 width=4) (actual time=0.025..16883.247 rows=35174165 loops=1)
        Filter: (person_id < 3855061)
        Rows Removed by Filter: 1070179
  ->  Hash  (cost=167588.78..167588.78 rows=1380035 width=8) (actual time=4362.074..4362.074 rows=1380035 loops=1)
        Buckets: 131072  Batches: 32  Memory Usage: 2708kB
        ->  Hash Join  (cost=102767.86..167588.78 rows=1380035 width=8) (actual time=1977.801..3953.341 rows=1380035 loops=1)
              Hash Cond: (mi_idx.movie_id = t.id)
              ->  Seq Scan on movie_info_idx mi_idx  (cost=0.00..21735.35 rows=1380035 width=4) (actual time=0.011..477.474 rows=1380035 loops=1)
              ->  Hash  (cost=61283.27..61283.27 rows=2528527 width=4) (actual time=1976.220..1976.220 rows=2528312 loops=1)
                    Buckets: 131072  Batches: 64  Memory Usage: 2415kB
                    ->  Seq Scan on title t  (cost=0.00..61283.27 rows=2528527 width=4) (actual time=0.020..1138.709 rows=2528312 loops=1)
Planning time: 0.747 ms
Execution time: 55035.348 ms
