Hash Join  (cost=172599.79..692814.03 rows=3787031 width=0) (actual time=4249.888..23042.744 rows=20651697 loops=1)
  Hash Cond: (mi.movie_id = t.id)
  ->  Seq Scan on movie_info mi  (cost=0.00..309384.22 rows=14739122 width=4) (actual time=0.023..6188.536 rows=14835720 loops=1)
  ->  Hash  (cost=161940.88..161940.88 rows=649673 width=8) (actual time=4249.000..4249.000 rows=981090 loops=1)
        Buckets: 131072  Batches: 16  Memory Usage: 3461kB
        ->  Hash Join  (cost=77934.62..161940.88 rows=649673 width=8) (actual time=1382.455..3942.290 rows=981090 loops=1)
              Hash Cond: (mc.movie_id = t.id)
              ->  Seq Scan on movie_companies mc  (cost=0.00..44881.29 rows=2609129 width=4) (actual time=0.024..898.421 rows=2609129 loops=1)
              ->  Hash  (cost=67604.59..67604.59 rows=629603 width=4) (actual time=1381.384..1381.384 rows=622851 loops=1)
                    Buckets: 131072  Batches: 16  Memory Usage: 2387kB
                    ->  Seq Scan on title t  (cost=0.00..67604.59 rows=629603 width=4) (actual time=0.020..1179.939 rows=622851 loops=1)
                          Filter: (production_year < 1987)
                          Rows Removed by Filter: 1905461
Planning time: 3.210 ms
Execution time: 25448.831 ms
