Hash Join  (cost=213357.18..1350378.53 rows=5639811 width=0) (actual time=4547.593..34494.951 rows=7917924 loops=1)
  Hash Cond: (ci.movie_id = t.id)
  ->  Seq Scan on cast_info ci  (cost=0.00..614943.12 rows=36225612 width=4) (actual time=0.020..13286.339 rows=36244344 loops=1)
  ->  Hash  (cost=206898.48..206898.48 rows=393656 width=8) (actual time=4546.683..4546.683 rows=142025 loops=1)
        Buckets: 131072  Batches: 8  Memory Usage: 1671kB
        ->  Hash Join  (cost=71408.55..206898.48 rows=393656 width=8) (actual time=1139.347..4502.296 rows=142025 loops=1)
              Hash Cond: (mk.movie_id = t.id)
              ->  Seq Scan on movie_keyword mk  (cost=0.00..81003.12 rows=4293399 width=4) (actual time=0.027..1755.156 rows=4292643 loops=1)
                    Filter: (keyword_id < 63141)
                    Rows Removed by Filter: 231287
              ->  Hash  (cost=67604.59..67604.59 rows=231837 width=4) (actual time=1136.012..1136.012 rows=231649 loops=1)
                    Buckets: 131072  Batches: 4  Memory Usage: 3082kB
                    ->  Seq Scan on title t  (cost=0.00..67604.59 rows=231837 width=4) (actual time=0.022..1054.577 rows=231649 loops=1)
                          Filter: (production_year > 2011)
                          Rows Removed by Filter: 2296663
Planning time: 1.009 ms
Execution time: 35306.963 ms
