Seq Scan on movie_keyword mk  (cost=0.00..81003.12 rows=246 width=0) (actual time=36.471..1169.573 rows=21 loops=1)
  Filter: (keyword_id = 37275)
  Rows Removed by Filter: 4523909
Planning time: 0.385 ms
Execution time: 1169.672 ms
