Hash Join  (cost=73957.54..423234.31 rows=811 width=0) (actual time=5326.563..6296.277 rows=4379 loops=1)
  Hash Cond: (mi.movie_id = t.id)
  ->  Seq Scan on movie_info mi  (cost=0.00..346232.03 rows=809768 width=4) (actual time=4087.400..4922.995 rows=802140 loops=1)
        Filter: (info_type_id < 2)
        Rows Removed by Filter: 14033580
  ->  Hash  (cost=73925.90..73925.90 rows=2531 width=4) (actual time=1238.382..1238.382 rows=5954 loops=1)
        Buckets: 8192 (originally 4096)  Batches: 1 (originally 1)  Memory Usage: 274kB
        ->  Seq Scan on title t  (cost=0.00..73925.90 rows=2531 width=4) (actual time=0.190..1235.035 rows=5954 loops=1)
              Filter: ((kind_id < 4) AND (production_year = 1972))
              Rows Removed by Filter: 2522358
Planning time: 6.895 ms
Execution time: 6297.236 ms
