Hash Join  (cost=254527.54..354237.62 rows=1552214 width=0) (actual time=6865.894..12519.321 rows=11019929 loops=1)
  Hash Cond: (mc.movie_id = t.id)
  ->  Seq Scan on movie_companies mc  (cost=0.00..44881.29 rows=2609129 width=4) (actual time=0.021..847.095 rows=2609129 loops=1)
  ->  Hash  (cost=229847.26..229847.26 rows=1504263 width=8) (actual time=6864.935..6864.935 rows=1513220 loops=1)
        Buckets: 131072  Batches: 32  Memory Usage: 2856kB
        ->  Hash Join  (cost=102767.86..229847.26 rows=1504263 width=8) (actual time=2617.720..6335.973 rows=1513220 loops=1)
              Hash Cond: (mk.movie_id = t.id)
              ->  Seq Scan on movie_keyword mk  (cost=0.00..81003.12 rows=1504263 width=4) (actual time=0.028..1493.164 rows=1513220 loops=1)
                    Filter: (keyword_id < 2194)
                    Rows Removed by Filter: 3010710
              ->  Hash  (cost=61283.27..61283.27 rows=2528527 width=4) (actual time=2615.666..2615.666 rows=2528312 loops=1)
                    Buckets: 131072  Batches: 64  Memory Usage: 2425kB
                    ->  Seq Scan on title t  (cost=0.00..61283.27 rows=2528527 width=4) (actual time=0.018..1044.463 rows=2528312 loops=1)
Planning time: 1.181 ms
Execution time: 13829.851 ms
