Seq Scan on movie_keyword mk  (cost=0.00..81003.12 rows=2343137 width=0) (actual time=0.015..1433.740 rows=2343041 loops=1)
  Filter: (keyword_id < 5210)
  Rows Removed by Filter: 2180889
Planning time: 0.424 ms
Execution time: 1729.560 ms
