Hash Join  (cost=147798.04..899161.14 rows=57387 width=0) (actual time=1457.940..17653.690 rows=126437 loops=1)
  Hash Cond: (ci.movie_id = t.id)
  ->  Seq Scan on cast_info ci  (cost=0.00..614943.12 rows=36225612 width=4) (actual time=0.021..8244.631 rows=36244344 loops=1)
  ->  Hash  (cost=147747.96..147747.96 rows=4006 width=8) (actual time=1457.377..1457.377 rows=8521 loops=1)
        Buckets: 16384 (originally 4096)  Batches: 1 (originally 1)  Memory Usage: 461kB
        ->  Nested Loop  (cost=0.43..147747.96 rows=4006 width=8) (actual time=0.126..1452.375 rows=8521 loops=1)
              ->  Seq Scan on movie_keyword mk  (cost=0.00..81003.12 rows=10254 width=4) (actual time=0.096..1221.866 rows=8567 loops=1)
                    Filter: (keyword_id = 3636)
                    Rows Removed by Filter: 4515363
              ->  Index Scan using title_pkey on title t  (cost=0.43..6.50 rows=1 width=4) (actual time=0.026..0.026 rows=1 loops=8567)
                    Index Cond: (id = mk.movie_id)
                    Filter: (kind_id < 7)
                    Rows Removed by Filter: 0
Planning time: 1.217 ms
Execution time: 17675.249 ms
