Hash Join  (cost=149617.17..284637.54 rows=1068534 width=0) (actual time=3027.088..6302.337 rows=793380 loops=1)
  Hash Cond: (mk.movie_id = t.id)
  ->  Seq Scan on movie_keyword mk  (cost=0.00..69693.30 rows=4523930 width=4) (actual time=0.028..1396.226 rows=4523930 loops=1)
  ->  Hash  (cost=139818.82..139818.82 rows=597228 width=8) (actual time=3026.110..3026.110 rows=328701 loops=1)
        Buckets: 131072  Batches: 8  Memory Usage: 2639kB
        ->  Hash Join  (cost=91879.05..139818.82 rows=597228 width=8) (actual time=1809.636..2933.306 rows=328701 loops=1)
              Hash Cond: (mi_idx.movie_id = t.id)
              ->  Seq Scan on movie_info_idx mi_idx  (cost=0.00..21735.35 rows=1380035 width=4) (actual time=0.016..432.672 rows=1380035 loops=1)
              ->  Hash  (cost=73925.90..73925.90 rows=1094252 width=4) (actual time=1657.538..1657.538 rows=1044222 loops=1)
                    Buckets: 131072  Batches: 16  Memory Usage: 3319kB
                    ->  Seq Scan on title t  (cost=0.00..73925.90 rows=1094252 width=4) (actual time=0.023..1330.644 rows=1044222 loops=1)
                          Filter: ((production_year < 2009) AND (kind_id = 7))
                          Rows Removed by Filter: 1484090
Planning time: 1.222 ms
Execution time: 6383.429 ms
