Nested Loop  (cost=0.43..138132.94 rows=10 width=0) (actual time=74.307..1437.628 rows=47 loops=1)
  ->  Seq Scan on movie_keyword mk  (cost=0.00..81003.12 rows=8445 width=4) (actual time=4.738..1211.305 rows=7552 loops=1)
        Filter: (keyword_id = 910)
        Rows Removed by Filter: 4516378
  ->  Index Scan using title_pkey on title t  (cost=0.43..6.75 rows=1 width=4) (actual time=0.029..0.029 rows=0 loops=7552)
        Index Cond: (id = mk.movie_id)
        Filter: ((kind_id < 7) AND (production_year = 1982))
        Rows Removed by Filter: 1
Planning time: 1.221 ms
Execution time: 1437.784 ms
