Hash Join  (cost=87171.09..184363.57 rows=282053 width=0) (actual time=1393.734..3561.946 rows=536894 loops=1)
  Hash Cond: (mk.movie_id = t.id)
  ->  Seq Scan on movie_keyword mk  (cost=0.00..81003.12 rows=883418 width=4) (actual time=0.019..1470.955 rows=890240 loops=1)
        Filter: (keyword_id > 20711)
        Rows Removed by Filter: 3633690
  ->  Hash  (cost=73925.90..73925.90 rows=807295 width=4) (actual time=1392.349..1392.349 rows=719706 loops=1)
        Buckets: 131072  Batches: 16  Memory Usage: 2616kB
        ->  Seq Scan on title t  (cost=0.00..73925.90 rows=807295 width=4) (actual time=0.031..1160.950 rows=719706 loops=1)
              Filter: ((kind_id < 6) AND (production_year > 1969))
              Rows Removed by Filter: 1808606
Planning time: 0.787 ms
Execution time: 3630.711 ms
