Hash Join  (cost=160674.95..525649.15 rows=31824 width=0) (actual time=2594.905..10428.289 rows=558164 loops=1)
  Hash Cond: (mi.movie_id = t.id)
  ->  Seq Scan on movie_info mi  (cost=0.00..309384.22 rows=14739122 width=4) (actual time=0.028..4308.227 rows=14835720 loops=1)
  ->  Hash  (cost=160606.70..160606.70 rows=5460 width=8) (actual time=2594.629..2594.629 rows=13180 loops=1)
        Buckets: 16384 (originally 8192)  Batches: 1 (originally 1)  Memory Usage: 643kB
        ->  Hash Join  (cost=77939.33..160606.70 rows=5460 width=8) (actual time=1234.045..2589.536 rows=13180 loops=1)
              Hash Cond: (mk.movie_id = t.id)
              ->  Seq Scan on movie_keyword mk  (cost=0.00..81003.12 rows=56439 width=4) (actual time=0.027..1228.185 rows=57603 loops=1)
                    Filter: (keyword_id < 56)
                    Rows Removed by Filter: 4466327
              ->  Hash  (cost=73925.90..73925.90 rows=244594 width=4) (actual time=1232.398..1232.398 rows=359543 loops=1)
                    Buckets: 131072 (originally 131072)  Batches: 8 (originally 4)  Memory Usage: 3073kB
                    ->  Seq Scan on title t  (cost=0.00..73925.90 rows=244594 width=4) (actual time=389.948..1105.650 rows=359543 loops=1)
                          Filter: ((production_year < 1998) AND (kind_id = 1))
                          Rows Removed by Filter: 2168769
Planning time: 4.661 ms
Execution time: 10505.190 ms
