Hash Join  (cost=195894.61..561979.62 rows=120763 width=0) (actual time=6007.339..9786.976 rows=346268 loops=1)
  Hash Cond: (mi.movie_id = t.id)
  ->  Seq Scan on movie_info mi  (cost=0.00..346232.03 rows=4972096 width=4) (actual time=1992.620..4824.378 rows=4923966 loops=1)
        Filter: (info_type_id < 5)
        Rows Removed by Filter: 9911754
  ->  Hash  (cost=195126.94..195126.94 rows=61413 width=8) (actual time=3631.924..3631.924 rows=58431 loops=1)
        Buckets: 65536  Batches: 1  Memory Usage: 2795kB
        ->  Hash Join  (cost=102767.86..195126.94 rows=61413 width=8) (actual time=1959.925..3612.661 rows=58431 loops=1)
              Hash Cond: (mk.movie_id = t.id)
              ->  Seq Scan on movie_keyword mk  (cost=0.00..81003.12 rows=61413 width=4) (actual time=0.037..1188.980 rows=58431 loops=1)
                    Filter: (keyword_id > 95788)
                    Rows Removed by Filter: 4465499
              ->  Hash  (cost=61283.27..61283.27 rows=2528527 width=4) (actual time=1957.164..1957.164 rows=2528312 loops=1)
                    Buckets: 131072  Batches: 64  Memory Usage: 2425kB
                    ->  Seq Scan on title t  (cost=0.00..61283.27 rows=2528527 width=4) (actual time=0.014..1083.424 rows=2528312 loops=1)
Planning time: 0.918 ms
Execution time: 9832.544 ms
