Hash Join  (cost=370639.08..969899.95 rows=12515034 width=0) (actual time=11246.159..32983.483 rows=58545779 loops=1)
  Hash Cond: (mi.movie_id = t.id)
  ->  Seq Scan on movie_info mi  (cost=0.00..346232.03 rows=7235534 width=4) (actual time=2211.401..6193.066 rows=7286865 loops=1)
        Filter: (info_type_id < 8)
        Rows Removed by Filter: 7548855
  ->  Hash  (cost=298886.34..298886.34 rows=4373499 width=8) (actual time=9033.311..9033.311 rows=4360169 loops=1)
        Buckets: 131072  Batches: 64  Memory Usage: 3788kB
        ->  Hash Join  (cost=102767.86..298886.34 rows=4373499 width=8) (actual time=1946.602..7748.458 rows=4360169 loops=1)
              Hash Cond: (mk.movie_id = t.id)
              ->  Seq Scan on movie_keyword mk  (cost=0.00..81003.12 rows=4373499 width=4) (actual time=0.036..1817.071 rows=4360169 loops=1)
                    Filter: (keyword_id > 117)
                    Rows Removed by Filter: 163761
              ->  Hash  (cost=61283.27..61283.27 rows=2528527 width=4) (actual time=1945.672..1945.672 rows=2528312 loops=1)
                    Buckets: 131072  Batches: 64  Memory Usage: 2425kB
                    ->  Seq Scan on title t  (cost=0.00..61283.27 rows=2528527 width=4) (actual time=0.019..1076.250 rows=2528312 loops=1)
Planning time: 1.204 ms
Execution time: 39529.817 ms
