Hash Join  (cost=136339.21..223044.64 rows=4739 width=0) (actual time=2385.247..4244.017 rows=38927 loops=1)
  Hash Cond: (mk.movie_id = t.id)
  ->  Seq Scan on movie_keyword mk  (cost=0.00..69693.30 rows=4523930 width=4) (actual time=0.023..1041.928 rows=4523930 loops=1)
  ->  Hash  (cost=136306.10..136306.10 rows=2649 width=8) (actual time=2385.135..2385.135 rows=5487 loops=1)
        Buckets: 8192 (originally 4096)  Batches: 1 (originally 1)  Memory Usage: 279kB
        ->  Hash Join  (cost=73998.02..136306.10 rows=2649 width=8) (actual time=1564.005..2382.624 rows=5487 loops=1)
              Hash Cond: (mc.movie_id = t.id)
              ->  Seq Scan on movie_companies mc  (cost=0.00..57926.93 rows=1161242 width=4) (actual time=255.217..1107.546 rows=1274246 loops=1)
                    Filter: ((company_id < 102286) AND (company_type_id = 1))
                    Rows Removed by Filter: 1334883
              ->  Hash  (cost=73925.90..73925.90 rows=5769 width=4) (actual time=1036.984..1036.984 rows=7749 loops=1)
                    Buckets: 8192  Batches: 1  Memory Usage: 337kB
                    ->  Seq Scan on title t  (cost=0.00..73925.90 rows=5769 width=4) (actual time=154.186..1033.652 rows=7749 loops=1)
                          Filter: ((kind_id = 4) AND (production_year = 2009))
                          Rows Removed by Filter: 2520563
Planning time: 1.089 ms
Execution time: 4249.301 ms
