Hash Join  (cost=128661.55..219156.49 rows=2024 width=0) (actual time=2170.000..4133.905 rows=123326 loops=1)
  Hash Cond: (mk.movie_id = t.id)
  ->  Seq Scan on movie_keyword mk  (cost=0.00..81003.12 rows=2525754 width=4) (actual time=0.026..1536.007 rows=2514089 loops=1)
        Filter: (keyword_id < 6225)
        Rows Removed by Filter: 2009841
  ->  Hash  (cost=128636.23..128636.23 rows=2026 width=8) (actual time=2168.345..2168.345 rows=8386 loops=1)
        Buckets: 16384 (originally 2048)  Batches: 1 (originally 1)  Memory Usage: 456kB
        ->  Hash Join  (cost=73950.44..128636.23 rows=2026 width=8) (actual time=979.602..2164.887 rows=8386 loops=1)
              Hash Cond: (mc.movie_id = t.id)
              ->  Seq Scan on movie_companies mc  (cost=0.00..44881.29 rows=2609129 width=4) (actual time=0.011..665.325 rows=2609129 loops=1)
              ->  Hash  (cost=73925.90..73925.90 rows=1963 width=4) (actual time=979.400..979.400 rows=4455 loops=1)
                    Buckets: 8192 (originally 2048)  Batches: 1 (originally 1)  Memory Usage: 221kB
                    ->  Seq Scan on title t  (cost=0.00..73925.90 rows=1963 width=4) (actual time=0.539..977.351 rows=4455 loops=1)
                          Filter: ((kind_id = 1) AND (production_year = 1983))
                          Rows Removed by Filter: 2523857
Planning time: 1.255 ms
Execution time: 4149.853 ms
