Hash Join  (cost=842372.82..2755750.07 rows=68574786 width=0) (actual time=19955.530..89789.579 rows=131850729 loops=1)
  Hash Cond: (ci.movie_id = t.id)
  ->  Seq Scan on cast_info ci  (cost=0.00..796071.18 rows=18297542 width=4) (actual time=0.016..18500.545 rows=20122661 loops=1)
        Filter: ((person_id < 3476391) AND (role_id < 3))
        Rows Removed by Filter: 16121683
  ->  Hash  (cost=686901.94..686901.94 rows=9476311 width=8) (actual time=19954.374..19954.374 rows=9565151 loops=1)
        Buckets: 131072  Batches: 128  Memory Usage: 3919kB
        ->  Hash Join  (cost=102767.86..686901.94 rows=9476311 width=8) (actual time=1924.617..17167.307 rows=9565151 loops=1)
              Hash Cond: (mi.movie_id = t.id)
              ->  Seq Scan on movie_info mi  (cost=0.00..346232.03 rows=9476311 width=4) (actual time=0.020..6798.132 rows=9565151 loops=1)
                    Filter: (info_type_id < 16)
                    Rows Removed by Filter: 5270569
              ->  Hash  (cost=61283.27..61283.27 rows=2528527 width=4) (actual time=1923.921..1923.921 rows=2528312 loops=1)
                    Buckets: 131072  Batches: 64  Memory Usage: 2425kB
                    ->  Seq Scan on title t  (cost=0.00..61283.27 rows=2528527 width=4) (actual time=0.018..1070.621 rows=2528312 loops=1)
Planning time: 10.464 ms
Execution time: 104703.554 ms
