Hash Join  (cost=143313.90..948679.97 rows=1425452 width=0) (actual time=3246.075..20713.272 rows=5305067 loops=1)
  Hash Cond: (ci.movie_id = t.id)
  ->  Seq Scan on cast_info ci  (cost=0.00..705507.15 rows=7235309 width=4) (actual time=0.020..12476.596 rows=7183147 loops=1)
        Filter: (person_id < 694163)
        Rows Removed by Filter: 29061197
  ->  Hash  (cost=135140.99..135140.99 rows=498153 width=8) (actual time=3243.891..3243.891 rows=915077 loops=1)
        Buckets: 131072 (originally 131072)  Batches: 16 (originally 8)  Memory Usage: 3261kB
        ->  Hash Join  (cost=88900.98..135140.99 rows=498153 width=8) (actual time=1488.445..2973.924 rows=915077 loops=1)
              Hash Cond: (mi_idx.movie_id = t.id)
              ->  Seq Scan on movie_info_idx mi_idx  (cost=0.00..21735.35 rows=1380035 width=4) (actual time=0.029..443.880 rows=1380035 loops=1)
              ->  Hash  (cost=73925.90..73925.90 rows=912726 width=4) (actual time=1487.479..1487.479 rows=849923 loops=1)
                    Buckets: 131072  Batches: 16  Memory Usage: 2893kB
                    ->  Seq Scan on title t  (cost=0.00..73925.90 rows=912726 width=4) (actual time=0.019..1224.766 rows=849923 loops=1)
                          Filter: ((kind_id < 7) AND (production_year > 1934))
                          Rows Removed by Filter: 1678389
Planning time: 1.398 ms
Execution time: 21267.383 ms
