Hash Join  (cost=169260.41..926809.66 rows=676004 width=0) (actual time=3206.811..21928.706 rows=915674 loops=1)
  Hash Cond: (ci.movie_id = t.id)
  ->  Seq Scan on cast_info ci  (cost=0.00..614943.12 rows=36225612 width=4) (actual time=0.018..8932.300 rows=36244344 loops=1)
  ->  Hash  (cost=168670.60..168670.60 rows=47185 width=8) (actual time=3206.006..3206.006 rows=47703 loops=1)
        Buckets: 65536  Batches: 1  Memory Usage: 2376kB
        ->  Hash Join  (cost=74361.67..168670.60 rows=47185 width=8) (actual time=1084.006..3191.536 rows=47703 loops=1)
              Hash Cond: (mk.movie_id = t.id)
              ->  Seq Scan on movie_keyword mk  (cost=0.00..81003.12 rows=3422388 width=4) (actual time=0.016..1544.833 rows=3414464 loops=1)
                    Filter: (keyword_id > 1135)
                    Rows Removed by Filter: 1109466
              ->  Hash  (cost=73925.90..73925.90 rows=34861 width=4) (actual time=1083.634..1083.634 rows=36858 loops=1)
                    Buckets: 65536  Batches: 1  Memory Usage: 1808kB
                    ->  Seq Scan on title t  (cost=0.00..73925.90 rows=34861 width=4) (actual time=132.410..1069.014 rows=36858 loops=1)
                          Filter: ((production_year < 1999) AND (kind_id = 2))
                          Rows Removed by Filter: 2491454
Planning time: 1.138 ms
Execution time: 22051.037 ms
