Seq Scan on cast_info ci  (cost=0.00..705507.15 rows=22257787 width=0) (actual time=0.026..12880.994 rows=22297738 loops=1)
  Filter: (person_id > 1374753)
  Rows Removed by Filter: 13946606
Planning time: 0.336 ms
Execution time: 15631.673 ms
