Hash Join  (cost=81025.55..222540.02 rows=758301 width=0) (actual time=1288.939..5034.400 rows=1088383 loops=1)
  Hash Cond: (mk.movie_id = t.id)
  ->  Seq Scan on movie_keyword mk  (cost=0.00..81003.12 rows=4431289 width=4) (actual time=0.029..1760.842 rows=4433537 loops=1)
        Filter: (keyword_id < 84802)
        Rows Removed by Filter: 90393
  ->  Hash  (cost=73925.90..73925.90 rows=432692 width=4) (actual time=1287.540..1287.540 rows=368246 loops=1)
        Buckets: 131072  Batches: 8  Memory Usage: 2646kB
        ->  Seq Scan on title t  (cost=0.00..73925.90 rows=432692 width=4) (actual time=0.017..1173.151 rows=368246 loops=1)
              Filter: ((kind_id < 7) AND (production_year > 2004))
              Rows Removed by Filter: 2160066
Planning time: 1.209 ms
Execution time: 5147.742 ms
