Seq Scan on movie_keyword mk  (cost=0.00..81003.12 rows=2813077 width=12) (actual time=0.021..1828.395 rows=2807307 loops=1)
  Filter: (keyword_id > 2758)
  Rows Removed by Filter: 1716623
Planning time: 0.230 ms
Execution time: 1990.649 ms
