Hash Join  (cost=255376.18..421505.59 rows=1644337 width=156) (actual time=5883.175..14098.230 rows=6962834 loops=1)
  Hash Cond: (mk.movie_id = t.id)
  ->  Seq Scan on movie_keyword mk  (cost=0.00..69693.30 rows=4523930 width=12) (actual time=0.021..1366.928 rows=4523930 loops=1)
  ->  Hash  (cost=225039.97..225039.97 rows=919057 width=144) (actual time=5880.897..5880.897 rows=920110 loops=1)
        Buckets: 32768  Batches: 64  Memory Usage: 2144kB
        ->  Hash Join  (cost=129928.86..225039.97 rows=919057 width=144) (actual time=3176.079..5315.647 rows=920110 loops=1)
              Hash Cond: (mi_idx.movie_id = t.id)
              ->  Seq Scan on movie_info_idx mi_idx  (cost=0.00..25185.44 rows=919057 width=50) (actual time=0.019..578.637 rows=920110 loops=1)
                    Filter: (info_type_id > 99)
                    Rows Removed by Filter: 459925
              ->  Hash  (cost=61283.27..61283.27 rows=2528527 width=94) (actual time=3174.976..3174.976 rows=2528312 loops=1)
                    Buckets: 32768  Batches: 128  Memory Usage: 2453kB
                    ->  Seq Scan on title t  (cost=0.00..61283.27 rows=2528527 width=94) (actual time=0.016..1132.286 rows=2528312 loops=1)
Planning time: 1.148 ms
Execution time: 14487.550 ms
