Hash Join  (cost=433328.88..1275600.48 rows=77877 width=0) (actual time=8877.998..24626.175 rows=304853 loops=1)
  Hash Cond: (ci.movie_id = t.id)
  ->  Seq Scan on cast_info ci  (cost=0.00..796071.18 rows=4542169 width=4) (actual time=0.017..13079.916 rows=7071422 loops=1)
        Filter: ((person_id > 2958919) AND (role_id > 1))
        Rows Removed by Filter: 29172922
  ->  Hash  (cost=432786.99..432786.99 rows=43351 width=8) (actual time=8877.367..8877.367 rows=91760 loops=1)
        Buckets: 131072 (originally 65536)  Batches: 2 (originally 1)  Memory Usage: 3073kB
        ->  Hash Join  (cost=67697.55..432786.99 rows=43351 width=8) (actual time=1002.506..8832.397 rows=91760 loops=1)
              Hash Cond: (mi.movie_id = t.id)
              ->  Seq Scan on movie_info mi  (cost=0.00..309384.22 rows=14739122 width=4) (actual time=0.007..4302.255 rows=14835720 loops=1)
              ->  Hash  (cost=67604.59..67604.59 rows=7437 width=4) (actual time=1001.969..1001.969 rows=14442 loops=1)
                    Buckets: 16384 (originally 8192)  Batches: 1 (originally 1)  Memory Usage: 636kB
                    ->  Seq Scan on title t  (cost=0.00..67604.59 rows=7437 width=4) (actual time=0.103..995.147 rows=14442 loops=1)
                          Filter: (production_year = 1971)
                          Rows Removed by Filter: 2513870
Planning time: 0.754 ms
Execution time: 24670.497 ms
