Seq Scan on movie_companies mc  (cost=0.00..57926.93 rows=607769 width=0) (actual time=166.078..1018.084 rows=359647 loops=1)
  Filter: ((company_id > 11644) AND (company_type_id < 2))
  Rows Removed by Filter: 2249482
Planning time: 0.338 ms
Execution time: 1063.334 ms
