Hash Join  (cost=190230.21..303732.66 rows=869212 width=0) (actual time=4384.493..7608.587 rows=3656644 loops=1)
  Hash Cond: (mk.movie_id = t.id)
  ->  Seq Scan on movie_keyword mk  (cost=0.00..81003.12 rows=1592587 width=4) (actual time=0.026..1500.235 rows=1605620 loops=1)
        Filter: (keyword_id > 9493)
        Rows Removed by Filter: 2918310
  ->  Hash  (cost=167588.78..167588.78 rows=1380035 width=8) (actual time=4382.986..4382.986 rows=1380035 loops=1)
        Buckets: 131072  Batches: 32  Memory Usage: 2726kB
        ->  Hash Join  (cost=102767.86..167588.78 rows=1380035 width=8) (actual time=2089.690..4005.916 rows=1380035 loops=1)
              Hash Cond: (mi_idx.movie_id = t.id)
              ->  Seq Scan on movie_info_idx mi_idx  (cost=0.00..21735.35 rows=1380035 width=4) (actual time=0.021..482.437 rows=1380035 loops=1)
              ->  Hash  (cost=61283.27..61283.27 rows=2528527 width=4) (actual time=2088.858..2088.858 rows=2528312 loops=1)
                    Buckets: 131072  Batches: 64  Memory Usage: 2415kB
                    ->  Seq Scan on title t  (cost=0.00..61283.27 rows=2528527 width=4) (actual time=0.012..1194.254 rows=2528312 loops=1)
Planning time: 1.415 ms
Execution time: 8002.861 ms
