Seq Scan on movie_companies mc  (cost=0.00..57926.93 rows=287100 width=0) (actual time=0.353..944.496 rows=146068 loops=1)
  Filter: ((company_id < 596) AND (company_type_id = 2))
  Rows Removed by Filter: 2463061
Planning time: 0.262 ms
Execution time: 963.080 ms
