Seq Scan on movie_companies mc  (cost=0.00..57926.93 rows=53 width=0) (actual time=323.792..941.099 rows=63 loops=1)
  Filter: ((company_id = 37699) AND (company_type_id = 2))
  Rows Removed by Filter: 2609066
Planning time: 0.398 ms
Execution time: 941.226 ms
