Hash Join  (cost=83072.42..137738.06 rows=11 width=0) (actual time=1426.753..2338.418 rows=10 loops=1)
  Hash Cond: (mc.movie_id = t.id)
  ->  Seq Scan on movie_companies mc  (cost=0.00..44881.29 rows=2609129 width=4) (actual time=0.013..581.987 rows=2609129 loops=1)
  ->  Hash  (cost=83072.29..83072.29 rows=11 width=8) (actual time=1304.285..1304.285 rows=56 loops=1)
        Buckets: 1024  Batches: 1  Memory Usage: 11kB
        ->  Nested Loop  (cost=0.43..83072.29 rows=11 width=8) (actual time=236.061..1304.218 rows=56 loops=1)
              ->  Seq Scan on movie_keyword mk  (cost=0.00..81003.12 rows=246 width=4) (actual time=40.440..1251.825 rows=4389 loops=1)
                    Filter: (keyword_id = 29028)
                    Rows Removed by Filter: 4519541
              ->  Index Scan using title_pkey on title t  (cost=0.43..8.40 rows=1 width=4) (actual time=0.011..0.011 rows=0 loops=4389)
                    Index Cond: (id = mk.movie_id)
                    Filter: (production_year = 2007)
                    Rows Removed by Filter: 1
Planning time: 1.272 ms
Execution time: 2338.586 ms
