Hash Join  (cost=82955.72..1113479.73 rows=5115153 width=0) (actual time=1926.296..29970.524 rows=6696744 loops=1)
  Hash Cond: (ci.movie_id = t.id)
  ->  Seq Scan on cast_info ci  (cost=0.00..705507.15 rows=23499554 width=4) (actual time=334.792..15093.391 rows=23573656 loops=1)
        Filter: (role_id > 1)
        Rows Removed by Filter: 12670688
  ->  Hash  (cost=73925.90..73925.90 rows=550385 width=4) (actual time=1590.743..1590.743 rows=602403 loops=1)
        Buckets: 131072  Batches: 8  Memory Usage: 3672kB
        ->  Seq Scan on title t  (cost=0.00..73925.90 rows=550385 width=4) (actual time=0.016..1068.773 rows=602403 loops=1)
              Filter: ((production_year > 2006) AND (kind_id = 7))
              Rows Removed by Filter: 1925909
Planning time: 0.540 ms
Execution time: 30746.037 ms
