Seq Scan on title t  (cost=0.00..73925.90 rows=24807 width=0) (actual time=52.158..1147.756 rows=25986 loops=1)
  Filter: ((kind_id > 6) AND (production_year = 1997))
  Rows Removed by Filter: 2502326
Planning time: 0.380 ms
Execution time: 1153.006 ms
