Nested Loop  (cost=0.43..709673.15 rows=305 width=0) (actual time=6919.528..11411.690 rows=2 loops=1)
  ->  Seq Scan on cast_info ci  (cost=0.00..705507.15 rows=500 width=4) (actual time=6919.428..11411.553 rows=3 loops=1)
        Filter: (person_id = 238940)
        Rows Removed by Filter: 36244341
  ->  Index Scan using title_pkey on title t  (cost=0.43..8.32 rows=1 width=4) (actual time=0.036..0.036 rows=1 loops=3)
        Index Cond: (id = ci.movie_id)
        Filter: (kind_id = 7)
        Rows Removed by Filter: 0
Planning time: 14.344 ms
Execution time: 11411.826 ms
