Seq Scan on movie_companies mc  (cost=0.00..51404.11 rows=199713 width=0) (actual time=416.416..822.822 rows=201278 loops=1)
  Filter: (company_id > 113054)
  Rows Removed by Filter: 2407851
Planning time: 0.326 ms
Execution time: 847.562 ms
