Hash Join  (cost=139597.14..255102.48 rows=504341 width=0) (actual time=3336.938..7842.049 rows=4900393 loops=1)
  Hash Cond: (mk.movie_id = t.id)
  ->  Seq Scan on movie_keyword mk  (cost=0.00..81003.12 rows=2365549 width=4) (actual time=0.028..1503.393 rows=2366874 loops=1)
        Filter: (keyword_id < 5360)
        Rows Removed by Filter: 2157056
  ->  Hash  (cost=130752.54..130752.54 rows=539088 width=8) (actual time=3336.177..3336.177 rows=954317 loops=1)
        Buckets: 131072 (originally 131072)  Batches: 16 (originally 8)  Memory Usage: 3370kB
        ->  Hash Join  (cost=83810.17..130752.54 rows=539088 width=8) (actual time=1588.230..3094.723 rows=954317 loops=1)
              Hash Cond: (mi_idx.movie_id = t.id)
              ->  Seq Scan on movie_info_idx mi_idx  (cost=0.00..21735.35 rows=1380035 width=4) (actual time=0.016..494.064 rows=1380035 loops=1)
              ->  Hash  (cost=67604.59..67604.59 rows=987727 width=4) (actual time=1586.722..1586.722 rows=985048 loops=1)
                    Buckets: 131072  Batches: 16  Memory Usage: 3188kB
                    ->  Seq Scan on title t  (cost=0.00..67604.59 rows=987727 width=4) (actual time=0.023..1278.774 rows=985048 loops=1)
                          Filter: (kind_id < 7)
                          Rows Removed by Filter: 1543264
Planning time: 1.079 ms
Execution time: 8437.476 ms
