Seq Scan on movie_keyword mk  (cost=0.00..81003.12 rows=88755 width=0) (actual time=0.017..1134.182 rows=98248 loops=1)
  Filter: (keyword_id < 86)
  Rows Removed by Filter: 4425682
Planning time: 0.247 ms
Execution time: 1149.109 ms
