Seq Scan on cast_info ci  (cost=0.00..705507.15 rows=25421344 width=0) (actual time=1435.523..10928.273 rows=25579984 loops=1)
  Filter: (person_id > 1046391)
  Rows Removed by Filter: 10664360
Planning time: 0.334 ms
Execution time: 13677.617 ms
