Hash Join  (cost=74850.14..131426.60 rows=37416 width=0) (actual time=1274.152..2302.410 rows=83413 loops=1)
  Hash Cond: (mc.movie_id = t.id)
  ->  Seq Scan on movie_companies mc  (cost=0.00..51404.11 rows=1279517 width=4) (actual time=103.946..786.943 rows=1274246 loops=1)
        Filter: (company_type_id = 1)
        Rows Removed by Filter: 1334883
  ->  Hash  (cost=73925.90..73925.90 rows=73939 width=4) (actual time=1169.529..1169.529 rows=77452 loops=1)
        Buckets: 131072  Batches: 1  Memory Usage: 3747kB
        ->  Seq Scan on title t  (cost=0.00..73925.90 rows=73939 width=4) (actual time=0.026..1139.352 rows=77452 loops=1)
              Filter: ((production_year < 2011) AND (kind_id = 2))
              Rows Removed by Filter: 2450860
Planning time: 0.748 ms
Execution time: 2312.409 ms
