Hash Join  (cost=100899.10..187581.84 rows=2471 width=0) (actual time=1409.825..3233.659 rows=82725 loops=1)
  Hash Cond: (mk.movie_id = t.id)
  ->  Seq Scan on movie_keyword mk  (cost=0.00..69693.30 rows=4523930 width=4) (actual time=0.022..991.685 rows=4523930 loops=1)
  ->  Hash  (cost=100881.83..100881.83 rows=1381 width=8) (actual time=1408.194..1408.194 rows=8455 loops=1)
        Buckets: 16384 (originally 2048)  Batches: 1 (originally 1)  Memory Usage: 459kB
        ->  Hash Join  (cost=73957.54..100881.83 rows=1381 width=8) (actual time=768.957..1404.669 rows=8455 loops=1)
              Hash Cond: (mi_idx.movie_id = t.id)
              ->  Seq Scan on movie_info_idx mi_idx  (cost=0.00..21735.35 rows=1380035 width=4) (actual time=0.023..347.083 rows=1380035 loops=1)
              ->  Hash  (cost=73925.90..73925.90 rows=2531 width=4) (actual time=768.845..768.845 rows=6727 loops=1)
                    Buckets: 8192 (originally 4096)  Batches: 1 (originally 1)  Memory Usage: 301kB
                    ->  Seq Scan on title t  (cost=0.00..73925.90 rows=2531 width=4) (actual time=0.158..765.666 rows=6727 loops=1)
                          Filter: ((kind_id < 4) AND (production_year = 1984))
                          Rows Removed by Filter: 2521585
Planning time: 1.164 ms
Execution time: 3244.299 ms
