Seq Scan on cast_info ci  (cost=0.00..705507.15 rows=23946925 width=0) (actual time=0.084..11750.968 rows=23876145 loops=1)
  Filter: (person_id < 2448428)
  Rows Removed by Filter: 12368199
Planning time: 0.355 ms
Execution time: 14464.767 ms
