Seq Scan on movie_companies mc  (cost=0.00..51404.11 rows=2469582 width=0) (actual time=0.019..978.712 rows=2470542 loops=1)
  Filter: (company_id < 137007)
  Rows Removed by Filter: 138587
Planning time: 0.250 ms
Execution time: 1284.780 ms
