Hash Join  (cost=212038.46..736803.48 rows=2486818 width=0) (actual time=4819.667..27581.947 rows=46592170 loops=1)
  Hash Cond: (mi.movie_id = t.id)
  ->  Seq Scan on movie_info mi  (cost=0.00..309384.22 rows=14739122 width=4) (actual time=0.018..6123.251 rows=14835720 loops=1)
  ->  Hash  (cost=205038.72..205038.72 rows=426619 width=8) (actual time=4818.529..4818.529 rows=590835 loops=1)
        Buckets: 131072  Batches: 8  Memory Usage: 3850kB
        ->  Hash Join  (cost=77838.49..205038.72 rows=426619 width=8) (actual time=1339.692..4631.881 rows=590835 loops=1)
              Hash Cond: (mk.movie_id = t.id)
              ->  Seq Scan on movie_keyword mk  (cost=0.00..69693.30 rows=4523930 width=4) (actual time=0.020..1448.011 rows=4523930 loops=1)
              ->  Hash  (cost=73925.90..73925.90 rows=238447 width=4) (actual time=1338.871..1338.871 rows=200165 loops=1)
                    Buckets: 131072  Batches: 4  Memory Usage: 2790kB
                    ->  Seq Scan on title t  (cost=0.00..73925.90 rows=238447 width=4) (actual time=287.231..1271.087 rows=200165 loops=1)
                          Filter: ((production_year > 2006) AND (kind_id = 1))
                          Rows Removed by Filter: 2328147
Planning time: 6.796 ms
Execution time: 32815.854 ms
