Hash Join  (cost=92735.26..1078146.74 rows=5886131 width=0) (actual time=1815.489..23415.593 rows=3868289 loops=1)
  Hash Cond: (ci.movie_id = t.id)
  ->  Seq Scan on cast_info ci  (cost=0.00..796071.18 rows=9716597 width=4) (actual time=0.020..16657.346 rows=6567497 loops=1)
        Filter: ((person_id > 829588) AND (role_id = 1))
        Rows Removed by Filter: 29676847
  ->  Hash  (cost=67604.59..67604.59 rows=1531734 width=4) (actual time=1814.283..1814.283 rows=1531613 loops=1)
        Buckets: 131072  Batches: 32  Memory Usage: 2708kB
        ->  Seq Scan on title t  (cost=0.00..67604.59 rows=1531734 width=4) (actual time=0.024..1313.519 rows=1531613 loops=1)
              Filter: (production_year > 1997)
              Rows Removed by Filter: 996699
Planning time: 0.842 ms
Execution time: 23823.731 ms
