Hash Join  (cost=101011.33..155716.61 rows=3976 width=0) (actual time=1662.598..2736.896 rows=228 loops=1)
  Hash Cond: (mc.movie_id = t.id)
  ->  Seq Scan on movie_companies mc  (cost=0.00..44881.29 rows=2609129 width=4) (actual time=0.021..690.745 rows=2609129 loops=1)
  ->  Hash  (cost=100963.17..100963.17 rows=3853 width=8) (actual time=1569.768..1569.768 rows=126 loops=1)
        Buckets: 4096  Batches: 1  Memory Usage: 37kB
        ->  Hash Join  (cost=74014.15..100963.17 rows=3853 width=8) (actual time=1023.528..1569.589 rows=126 loops=1)
              Hash Cond: (mi_idx.movie_id = t.id)
              ->  Seq Scan on movie_info_idx mi_idx  (cost=0.00..21735.35 rows=1380035 width=4) (actual time=0.011..306.545 rows=1380035 loops=1)
              ->  Hash  (cost=73925.90..73925.90 rows=7060 width=4) (actual time=1006.544..1006.544 rows=569 loops=1)
                    Buckets: 8192  Batches: 1  Memory Usage: 85kB
                    ->  Seq Scan on title t  (cost=0.00..73925.90 rows=7060 width=4) (actual time=0.613..1006.152 rows=569 loops=1)
                          Filter: ((production_year < 1952) AND (kind_id = 3))
                          Rows Removed by Filter: 2527743
Planning time: 1.239 ms
Execution time: 2737.069 ms
