Nested Loop  (cost=0.43..709673.15 rows=195 width=0) (actual time=2774.981..11143.745 rows=3 loops=1)
  ->  Seq Scan on cast_info ci  (cost=0.00..705507.15 rows=500 width=4) (actual time=2774.860..11143.163 rows=3 loops=1)
        Filter: (person_id = 2122716)
        Rows Removed by Filter: 36244341
  ->  Index Scan using title_pkey on title t  (cost=0.43..8.32 rows=1 width=4) (actual time=0.168..0.169 rows=1 loops=3)
        Index Cond: (id = ci.movie_id)
        Filter: (kind_id < 7)
Planning time: 5.412 ms
Execution time: 11143.837 ms
