Hash Join  (cost=80166.74..583631.94 rows=2217327 width=0) (actual time=1354.338..15850.105 rows=5440308 loops=1)
  Hash Cond: (mi.movie_id = t.id)
  ->  Seq Scan on movie_info mi  (cost=0.00..309384.22 rows=14739122 width=4) (actual time=0.022..6160.590 rows=14835720 loops=1)
  ->  Hash  (cost=73925.90..73925.90 rows=380387 width=4) (actual time=1353.437..1353.437 rows=484820 loops=1)
        Buckets: 131072  Batches: 8  Memory Usage: 3174kB
        ->  Seq Scan on title t  (cost=0.00..73925.90 rows=380387 width=4) (actual time=0.047..1200.700 rows=484820 loops=1)
              Filter: ((kind_id < 7) AND (production_year < 1999))
              Rows Removed by Filter: 2043492
Planning time: 0.829 ms
Execution time: 16503.875 ms
