Seq Scan on cast_info ci  (cost=0.00..705507.15 rows=1507880 width=0) (actual time=50.492..10573.788 rows=1430900 loops=1)
  Filter: (person_id < 143816)
  Rows Removed by Filter: 34813444
Planning time: 0.338 ms
Execution time: 10756.378 ms
