Hash Join  (cost=167593.85..1077521.09 rows=2946819 width=0) (actual time=4211.288..26894.639 rows=5163032 loops=1)
  Hash Cond: (ci.movie_id = t.id)
  ->  Seq Scan on cast_info ci  (cost=0.00..705507.15 rows=14962640 width=4) (actual time=0.024..13685.369 rows=14856292 loops=1)
        Filter: (person_id < 1466074)
        Rows Removed by Filter: 21388052
  ->  Hash  (cost=159423.09..159423.09 rows=497981 width=8) (actual time=4210.482..4210.482 rows=390873 loops=1)
        Buckets: 131072  Batches: 8  Memory Usage: 2908kB
        ->  Hash Join  (cost=78473.92..159423.09 rows=497981 width=8) (actual time=1907.716..4094.206 rows=390873 loops=1)
              Hash Cond: (mc.movie_id = t.id)
              ->  Seq Scan on movie_companies mc  (cost=0.00..51404.11 rows=1900598 width=4) (actual time=0.026..1063.531 rows=1910049 loops=1)
                    Filter: (company_id > 1284)
                    Rows Removed by Filter: 699080
              ->  Hash  (cost=67604.59..67604.59 rows=662507 width=4) (actual time=1906.457..1906.457 rows=662065 loops=1)
                    Buckets: 131072  Batches: 16  Memory Usage: 2481kB
                    ->  Seq Scan on title t  (cost=0.00..67604.59 rows=662507 width=4) (actual time=0.017..1035.855 rows=662065 loops=1)
                          Filter: (production_year > 2008)
                          Rows Removed by Filter: 1866247
Planning time: 1.233 ms
Execution time: 27565.408 ms
