Seq Scan on movie_keyword mk  (cost=0.00..81003.12 rows=654094 width=0) (actual time=0.014..1319.175 rows=654744 loops=1)
  Filter: (keyword_id < 502)
  Rows Removed by Filter: 3869186
Planning time: 0.348 ms
Execution time: 1404.325 ms
