Seq Scan on cast_info ci  (cost=0.00..796071.18 rows=751026 width=0) (actual time=7662.210..11609.539 rows=1488470 loops=1)
  Filter: ((person_id < 203863) AND (role_id < 2))
  Rows Removed by Filter: 34755874
Planning time: 0.421 ms
Execution time: 11778.338 ms
