Seq Scan on movie_companies mc  (cost=0.00..57926.93 rows=944417 width=0) (actual time=276.422..1045.333 rows=630137 loops=1)
  Filter: ((company_id < 35298) AND (company_type_id = 2))
  Rows Removed by Filter: 1978992
Planning time: 0.423 ms
Execution time: 1121.379 ms
