Seq Scan on cast_info ci  (cost=0.00..705507.15 rows=500 width=0) (actual time=2.751..10768.949 rows=542 loops=1)
  Filter: (person_id = 919226)
  Rows Removed by Filter: 36243802
Planning time: 0.404 ms
Execution time: 10769.111 ms
