Hash Join  (cost=209288.35..1161920.75 rows=6714456 width=0) (actual time=4840.811..31857.399 rows=12539774 loops=1)
  Hash Cond: (ci.movie_id = t.id)
  ->  Seq Scan on cast_info ci  (cost=0.00..705507.15 rows=15188182 width=4) (actual time=0.015..13604.418 rows=15064227 loops=1)
        Filter: (person_id < 1486396)
        Rows Removed by Filter: 21180117
  ->  Hash  (cost=190948.58..190948.58 rows=1117822 width=8) (actual time=4839.762..4839.762 rows=1129341 loops=1)
        Buckets: 131072  Batches: 16  Memory Usage: 3785kB
        ->  Hash Join  (cost=102767.86..190948.58 rows=1117822 width=8) (actual time=1883.967..4498.260 rows=1129341 loops=1)
              Hash Cond: (mc.movie_id = t.id)
              ->  Seq Scan on movie_companies mc  (cost=0.00..51404.11 rows=1117822 width=4) (actual time=0.017..973.968 rows=1129341 loops=1)
                    Filter: (company_id > 13549)
                    Rows Removed by Filter: 1479788
              ->  Hash  (cost=61283.27..61283.27 rows=2528527 width=4) (actual time=1882.283..1882.283 rows=2528312 loops=1)
                    Buckets: 131072  Batches: 64  Memory Usage: 2415kB
                    ->  Seq Scan on title t  (cost=0.00..61283.27 rows=2528527 width=4) (actual time=0.012..1015.728 rows=2528312 loops=1)
Planning time: 1.256 ms
Execution time: 33338.533 ms
