Hash Join  (cost=197656.76..703062.65 rows=2399197 width=0) (actual time=4963.809..28759.401 rows=48014093 loops=1)
  Hash Cond: (mi.movie_id = t.id)
  ->  Seq Scan on movie_info mi  (cost=0.00..309384.22 rows=14739122 width=4) (actual time=0.023..6240.080 rows=14835720 loops=1)
  ->  Hash  (cost=190903.93..190903.93 rows=411587 width=8) (actual time=4962.745..4962.745 rows=968039 loops=1)
        Buckets: 131072 (originally 131072)  Batches: 16 (originally 8)  Memory Usage: 3499kB
        ->  Hash Join  (cost=89253.38..190903.93 rows=411587 width=8) (actual time=1593.228..4676.522 rows=968039 loops=1)
              Hash Cond: (mk.movie_id = t.id)
              ->  Seq Scan on movie_keyword mk  (cost=0.00..81003.12 rows=1114014 width=4) (actual time=0.021..1449.080 rows=1120717 loops=1)
                    Filter: (keyword_id < 1196)
                    Rows Removed by Filter: 3403213
              ->  Hash  (cost=73925.90..73925.90 rows=934198 width=4) (actual time=1592.096..1592.096 rows=950693 loops=1)
                    Buckets: 131072  Batches: 16  Memory Usage: 3123kB
                    ->  Seq Scan on title t  (cost=0.00..73925.90 rows=934198 width=4) (actual time=0.021..1289.105 rows=950693 loops=1)
                          Filter: ((kind_id < 7) AND (production_year < 2013))
                          Rows Removed by Filter: 1577619
Planning time: 1.166 ms
Execution time: 33854.883 ms
