Hash Join  (cost=128934.65..881955.20 rows=223139 width=0) (actual time=2220.313..23829.764 rows=1525269 loops=1)
  Hash Cond: (ci.movie_id = t.id)
  ->  Seq Scan on cast_info ci  (cost=0.00..614943.12 rows=36225612 width=4) (actual time=0.019..8863.826 rows=36244344 loops=1)
  ->  Hash  (cost=128739.96..128739.96 rows=15575 width=8) (actual time=2220.158..2220.158 rows=63688 loops=1)
        Buckets: 65536 (originally 16384)  Batches: 1 (originally 1)  Memory Usage: 3000kB
        ->  Hash Join  (cost=74657.79..128739.96 rows=15575 width=8) (actual time=1351.047..2196.892 rows=63688 loops=1)
              Hash Cond: (mc.movie_id = t.id)
              ->  Seq Scan on movie_companies mc  (cost=0.00..51404.11 rows=672615 width=4) (actual time=0.023..841.873 rows=665632 loops=1)
                    Filter: (company_id < 1015)
                    Rows Removed by Filter: 1943497
              ->  Hash  (cost=73925.90..73925.90 rows=58551 width=4) (actual time=1138.003..1138.003 rows=73511 loops=1)
                    Buckets: 131072 (originally 65536)  Batches: 1 (originally 1)  Memory Usage: 3609kB
                    ->  Seq Scan on title t  (cost=0.00..73925.90 rows=58551 width=4) (actual time=0.015..1109.120 rows=73511 loops=1)
                          Filter: ((production_year < 2006) AND (kind_id = 3))
                          Rows Removed by Filter: 2454801
Planning time: 1.265 ms
Execution time: 24036.615 ms
