Seq Scan on movie_companies mc  (cost=0.00..51404.11 rows=923043 width=0) (actual time=0.015..837.890 rows=931591 loops=1)
  Filter: (company_id > 19433)
  Rows Removed by Filter: 1677538
Planning time: 0.347 ms
Execution time: 953.707 ms
