Hash Join  (cost=505750.53..633468.20 rows=1197096 width=0) (actual time=9019.347..19570.474 rows=35177869 loops=1)
  Hash Cond: (mk.movie_id = t.id)
  ->  Seq Scan on movie_keyword mk  (cost=0.00..81003.12 rows=2613490 width=4) (actual time=0.012..1601.069 rows=2605072 loops=1)
        Filter: (keyword_id > 3305)
        Rows Removed by Filter: 1918858
  ->  Hash  (cost=486748.29..486748.29 rows=1158179 width=8) (actual time=9017.892..9017.892 rows=1204709 loops=1)
        Buckets: 131072  Batches: 16  Memory Usage: 3952kB
        ->  Hash Join  (cost=102767.86..486748.29 rows=1158179 width=8) (actual time=6164.792..8659.806 rows=1204709 loops=1)
              Hash Cond: (mi.movie_id = t.id)
              ->  Seq Scan on movie_info mi  (cost=0.00..346232.03 rows=1158179 width=4) (actual time=4169.960..5243.802 rows=1204709 loops=1)
                    Filter: (info_type_id > 18)
                    Rows Removed by Filter: 13631011
              ->  Hash  (cost=61283.27..61283.27 rows=2528527 width=4) (actual time=1992.352..1992.352 rows=2528312 loops=1)
                    Buckets: 131072  Batches: 64  Memory Usage: 2425kB
                    ->  Seq Scan on title t  (cost=0.00..61283.27 rows=2528527 width=4) (actual time=0.012..1136.463 rows=2528312 loops=1)
Planning time: 1.116 ms
Execution time: 23171.196 ms
