Hash Join  (cost=183417.19..1179863.49 rows=5696974 width=0) (actual time=4298.275..31777.899 rows=15566251 loops=1)
  Hash Cond: (ci.movie_id = t.id)
  ->  Seq Scan on cast_info ci  (cost=0.00..796071.18 rows=11996905 width=4) (actual time=0.014..16026.244 rows=16153591 loops=1)
        Filter: ((person_id < 2187710) AND (role_id < 3))
        Rows Removed by Filter: 20090753
  ->  Hash  (cost=163717.17..163717.17 rows=1200722 width=8) (actual time=4297.406..4297.406 rows=1232815 loops=1)
        Buckets: 131072  Batches: 16  Memory Usage: 4039kB
        ->  Hash Join  (cost=103698.42..163717.17 rows=1200722 width=8) (actual time=2027.429..3926.681 rows=1232815 loops=1)
              Hash Cond: (mi_idx.movie_id = t.id)
              ->  Seq Scan on movie_info_idx mi_idx  (cost=0.00..21735.35 rows=1380035 width=4) (actual time=0.011..446.886 rows=1380035 loops=1)
              ->  Hash  (cost=67604.59..67604.59 rows=2199987 width=4) (actual time=2026.534..2026.534 rows=2192624 loops=1)
                    Buckets: 131072  Batches: 32  Memory Usage: 3436kB
                    ->  Seq Scan on title t  (cost=0.00..67604.59 rows=2199987 width=4) (actual time=0.007..1348.964 rows=2192624 loops=1)
                          Filter: (production_year > 1961)
                          Rows Removed by Filter: 335688
Planning time: 1.200 ms
Execution time: 33224.646 ms
