Hash Join  (cost=69484.36..994675.47 rows=826542 width=0) (actual time=1016.978..22246.427 rows=716446 loops=1)
  Hash Cond: (ci.movie_id = t.id)
  ->  Seq Scan on cast_info ci  (cost=0.00..705507.15 rows=18246011 width=4) (actual time=0.024..13588.912 rows=18129800 loops=1)
        Filter: (person_id < 1799378)
        Rows Removed by Filter: 18114544
  ->  Hash  (cost=67604.59..67604.59 rows=114542 width=4) (actual time=1016.138..1016.138 rows=118234 loops=1)
        Buckets: 131072  Batches: 2  Memory Usage: 3101kB
        ->  Seq Scan on title t  (cost=0.00..67604.59 rows=114542 width=4) (actual time=424.642..974.501 rows=118234 loops=1)
              Filter: (kind_id = 4)
              Rows Removed by Filter: 2410078
Planning time: 1.076 ms
Execution time: 22345.850 ms
