Hash Join  (cost=709675.03..796335.74 rows=268 width=0) (actual time=10811.978..12224.309 rows=576 loops=1)
  Hash Cond: (mk.movie_id = t.id)
  ->  Seq Scan on movie_keyword mk  (cost=0.00..69693.30 rows=4523930 width=4) (actual time=0.008..813.938 rows=4523930 loops=1)
  ->  Hash  (cost=709673.15..709673.15 rows=150 width=8) (actual time=10808.597..10808.597 rows=54 loops=1)
        Buckets: 1024  Batches: 1  Memory Usage: 11kB
        ->  Nested Loop  (cost=0.43..709673.15 rows=150 width=8) (actual time=10470.991..10808.558 rows=54 loops=1)
              ->  Seq Scan on cast_info ci  (cost=0.00..705507.15 rows=500 width=4) (actual time=10470.816..10801.502 rows=492 loops=1)
                    Filter: (person_id = 2043881)
                    Rows Removed by Filter: 36243852
              ->  Index Scan using title_pkey on title t  (cost=0.43..8.32 rows=1 width=4) (actual time=0.014..0.014 rows=0 loops=492)
                    Index Cond: (id = ci.movie_id)
                    Filter: (kind_id < 3)
                    Rows Removed by Filter: 1
Planning time: 0.808 ms
Execution time: 12224.520 ms
