Hash Join  (cost=83073.81..447734.00 rows=426 width=0) (actual time=1378.063..8603.207 rows=32940 loops=1)
  Hash Cond: (mi.movie_id = t.id)
  ->  Seq Scan on movie_info mi  (cost=0.00..309384.22 rows=14739122 width=4) (actual time=0.019..4391.673 rows=14835720 loops=1)
  ->  Hash  (cost=83072.90..83072.90 rows=73 width=8) (actual time=1377.000..1377.000 rows=632 loops=1)
        Buckets: 1024  Batches: 1  Memory Usage: 33kB
        ->  Nested Loop  (cost=0.43..83072.90 rows=73 width=8) (actual time=7.762..1376.453 rows=632 loops=1)
              ->  Seq Scan on movie_keyword mk  (cost=0.00..81003.12 rows=246 width=4) (actual time=7.689..1337.536 rows=724 loops=1)
                    Filter: (keyword_id = 5363)
                    Rows Removed by Filter: 4523206
              ->  Index Scan using title_pkey on title t  (cost=0.43..8.40 rows=1 width=4) (actual time=0.051..0.052 rows=1 loops=724)
                    Index Cond: (id = mk.movie_id)
                    Filter: ((kind_id < 7) AND (production_year < 2010))
                    Rows Removed by Filter: 0
Planning time: 1.163 ms
Execution time: 8608.994 ms
