Hash Join  (cost=28267.69..779068.03 rows=1123 width=0) (actual time=406.220..16594.133 rows=8780 loops=1)
  Hash Cond: (ci.movie_id = t.id)
  ->  Seq Scan on cast_info ci  (cost=0.00..614943.12 rows=36225612 width=4) (actual time=0.017..9363.403 rows=36244344 loops=1)
  ->  Hash  (cost=28266.72..28266.72 rows=78 width=8) (actual time=406.153..406.153 rows=115 loops=1)
        Buckets: 1024  Batches: 1  Memory Usage: 13kB
        ->  Nested Loop  (cost=0.43..28266.72 rows=78 width=8) (actual time=285.653..406.098 rows=115 loops=1)
              ->  Seq Scan on movie_info_idx mi_idx  (cost=0.00..25185.44 rows=368 width=4) (actual time=285.557..401.841 rows=260 loops=1)
                    Filter: (info_type_id > 101)
                    Rows Removed by Filter: 1379775
              ->  Index Scan using title_pkey on title t  (cost=0.43..8.36 rows=1 width=4) (actual time=0.016..0.016 rows=0 loops=260)
                    Index Cond: (id = mi_idx.movie_id)
                    Filter: (production_year < 1982)
                    Rows Removed by Filter: 1
Planning time: 2.590 ms
Execution time: 16597.350 ms
