Hash Join  (cost=454196.95..555083.12 rows=195640 width=0) (actual time=6830.780..9208.285 rows=852969 loops=1)
  Hash Cond: (mk.movie_id = t.id)
  ->  Seq Scan on movie_keyword mk  (cost=0.00..81003.12 rows=1433770 width=4) (actual time=0.011..1483.554 rows=1447837 loops=1)
        Filter: (keyword_id > 11537)
        Rows Removed by Filter: 3076093
  ->  Hash  (cost=448536.19..448536.19 rows=345021 width=8) (actual time=6828.814..6828.814 rows=396954 loops=1)
        Buckets: 131072  Batches: 8  Memory Usage: 2978kB
        ->  Hash Join  (cost=85280.32..448536.19 rows=345021 width=8) (actual time=2634.062..6713.083 rows=396954 loops=1)
              Hash Cond: (mi.movie_id = t.id)
              ->  Seq Scan on movie_info mi  (cost=0.00..346232.03 rows=809768 width=4) (actual time=1025.422..4425.616 rows=802140 loops=1)
                    Filter: (info_type_id < 2)
                    Rows Removed by Filter: 14033580
              ->  Hash  (cost=67604.59..67604.59 rows=1077339 width=4) (actual time=1607.654..1607.654 rows=1074765 loops=1)
                    Buckets: 131072  Batches: 16  Memory Usage: 3396kB
                    ->  Seq Scan on title t  (cost=0.00..67604.59 rows=1077339 width=4) (actual time=0.031..1254.746 rows=1074765 loops=1)
                          Filter: (production_year < 2001)
                          Rows Removed by Filter: 1453547
Planning time: 0.783 ms
Execution time: 9308.597 ms
