Hash Join  (cost=102767.86..1496670.31 rows=28198111 width=0) (actual time=2043.895..39971.517 rows=28332237 loops=1)
  Hash Cond: (ci.movie_id = t.id)
  ->  Seq Scan on cast_info ci  (cost=0.00..705507.15 rows=28198111 width=4) (actual time=0.012..15040.788 rows=28332237 loops=1)
        Filter: (person_id > 771262)
        Rows Removed by Filter: 7912107
  ->  Hash  (cost=61283.27..61283.27 rows=2528527 width=4) (actual time=2042.023..2042.023 rows=2528312 loops=1)
        Buckets: 131072  Batches: 64  Memory Usage: 2415kB
        ->  Seq Scan on title t  (cost=0.00..61283.27 rows=2528527 width=4) (actual time=0.018..1169.444 rows=2528312 loops=1)
Planning time: 0.707 ms
Execution time: 43221.279 ms
