Hash Join  (cost=159317.46..1228455.19 rows=3439656 width=0) (actual time=3199.576..32214.080 rows=3446818 loops=1)
  Hash Cond: (ci.movie_id = t.id)
  ->  Seq Scan on cast_info ci  (cost=0.00..614943.12 rows=36225612 width=4) (actual time=0.022..12854.270 rows=36244344 loops=1)
  ->  Hash  (cost=155378.39..155378.39 rows=240086 width=8) (actual time=3198.755..3198.755 rows=99635 loops=1)
        Buckets: 131072  Batches: 4  Memory Usage: 1995kB
        ->  Hash Join  (cost=90717.09..155378.39 rows=240086 width=8) (actual time=2036.982..3169.777 rows=99635 loops=1)
              Hash Cond: (mc.movie_id = t.id)
              ->  Seq Scan on movie_companies mc  (cost=0.00..51404.11 rows=593152 width=4) (actual time=231.826..916.578 rows=599857 loops=1)
                    Filter: (company_id > 67822)
                    Rows Removed by Filter: 2009272
              ->  Hash  (cost=73925.90..73925.90 rows=1023455 width=4) (actual time=1771.621..1771.621 rows=1117981 loops=1)
                    Buckets: 131072  Batches: 16  Memory Usage: 3489kB
                    ->  Seq Scan on title t  (cost=0.00..73925.90 rows=1023455 width=4) (actual time=0.021..1421.158 rows=1117981 loops=1)
                          Filter: ((production_year > 1993) AND (kind_id = 7))
                          Rows Removed by Filter: 1410331
Planning time: 1.239 ms
Execution time: 32606.172 ms
