Hash Join  (cost=76379.89..220177.14 rows=938728 width=0) (actual time=1310.637..5686.209 rows=467477 loops=1)
  Hash Cond: (mk.movie_id = t.id)
  ->  Seq Scan on movie_keyword mk  (cost=0.00..81003.12 rows=4438092 width=4) (actual time=0.021..1980.384 rows=4432115 loops=1)
        Filter: (keyword_id > 77)
        Rows Removed by Filter: 91815
  ->  Hash  (cost=67604.59..67604.59 rows=534824 width=4) (actual time=1309.756..1309.756 rows=533369 loops=1)
        Buckets: 131072  Batches: 8  Memory Usage: 3376kB
        ->  Seq Scan on title t  (cost=0.00..67604.59 rows=534824 width=4) (actual time=0.026..1135.343 rows=533369 loops=1)
              Filter: (production_year > 2009)
              Rows Removed by Filter: 1994943
Planning time: 0.835 ms
Execution time: 5748.166 ms
