Hash Join  (cost=169556.99..1013744.97 rows=614330 width=0) (actual time=14414.488..22000.646 rows=2086770 loops=1)
  Hash Cond: (ci.movie_id = t.id)
  ->  Seq Scan on cast_info ci  (cost=0.00..796071.18 rows=3479065 width=4) (actual time=10121.958..15233.228 rows=3658617 loops=1)
        Filter: ((person_id > 444684) AND (role_id = 3))
        Rows Removed by Filter: 32585727
  ->  Hash  (cost=162230.93..162230.93 rows=446485 width=8) (actual time=4291.679..4291.679 rows=629582 loops=1)
        Buckets: 131072 (originally 131072)  Batches: 16 (originally 8)  Memory Usage: 4077kB
        ->  Hash Join  (cost=81025.55..162230.93 rows=446485 width=8) (actual time=1818.679..4110.341 rows=629582 loops=1)
              Hash Cond: (mc.movie_id = t.id)
              ->  Seq Scan on movie_companies mc  (cost=0.00..44881.29 rows=2609129 width=4) (actual time=0.022..909.766 rows=2609129 loops=1)
              ->  Hash  (cost=73925.90..73925.90 rows=432692 width=4) (actual time=1817.777..1817.777 rows=368246 loops=1)
                    Buckets: 131072  Batches: 8  Memory Usage: 2639kB
                    ->  Seq Scan on title t  (cost=0.00..73925.90 rows=432692 width=4) (actual time=0.057..1189.357 rows=368246 loops=1)
                          Filter: ((kind_id < 7) AND (production_year > 2004))
                          Rows Removed by Filter: 2160066
Planning time: 1.221 ms
Execution time: 22243.362 ms
