Seq Scan on movie_companies mc  (cost=0.00..57926.93 rows=922573 width=0) (actual time=364.935..1156.988 rows=1229623 loops=1)
  Filter: ((company_id < 40195) AND (company_type_id < 2))
  Rows Removed by Filter: 1379506
Planning time: 0.355 ms
Execution time: 1304.593 ms
