Seq Scan on cast_info ci  (cost=0.00..796071.18 rows=7826231 width=0) (actual time=3252.665..14868.432 rows=12670688 loops=1)
  Filter: ((person_id < 2252644) AND (role_id = 1))
  Rows Removed by Filter: 23573656
Planning time: 0.399 ms
Execution time: 16434.738 ms
