Hash Join  (cost=102205.59..947101.66 rows=1600271 width=0) (actual time=2052.559..14993.170 rows=1748856 loops=1)
  Hash Cond: (ci.movie_id = t.id)
  ->  Seq Scan on cast_info ci  (cost=0.00..796071.18 rows=1918637 width=4) (actual time=152.057..10580.537 rows=2047787 loops=1)
        Filter: ((person_id < 210080) AND (role_id < 10))
        Rows Removed by Filter: 34196557
  ->  Hash  (cost=67604.59..67604.59 rows=2108960 width=4) (actual time=1899.583..1899.583 rows=2104137 loops=1)
        Buckets: 131072  Batches: 32  Memory Usage: 3341kB
        ->  Seq Scan on title t  (cost=0.00..67604.59 rows=2108960 width=4) (actual time=0.013..1244.209 rows=2104137 loops=1)
              Filter: (production_year > 1968)
              Rows Removed by Filter: 424175
Planning time: 0.800 ms
Execution time: 15193.918 ms
