Hash Join  (cost=92735.26..192835.81 rows=1580561 width=0) (actual time=1937.376..4854.795 rows=1298117 loops=1)
  Hash Cond: (mc.movie_id = t.id)
  ->  Seq Scan on movie_companies mc  (cost=0.00..44881.29 rows=2609129 width=4) (actual time=0.019..1024.555 rows=2609129 loops=1)
  ->  Hash  (cost=67604.59..67604.59 rows=1531734 width=4) (actual time=1935.905..1935.905 rows=1531613 loops=1)
        Buckets: 131072  Batches: 32  Memory Usage: 2708kB
        ->  Seq Scan on title t  (cost=0.00..67604.59 rows=1531734 width=4) (actual time=0.022..1435.951 rows=1531613 loops=1)
              Filter: (production_year > 1997)
              Rows Removed by Filter: 996699
Planning time: 0.802 ms
Execution time: 5006.790 ms
