Hash Join  (cost=79273.71..216749.17 rows=553592 width=0) (actual time=1286.654..4805.602 rows=128815 loops=1)
  Hash Cond: (mk.movie_id = t.id)
  ->  Seq Scan on movie_keyword mk  (cost=0.00..81003.12 rows=4295046 width=4) (actual time=0.010..1846.192 rows=4281524 loops=1)
        Filter: (keyword_id > 196)
        Rows Removed by Filter: 242406
  ->  Hash  (cost=73925.90..73925.90 rows=325904 width=4) (actual time=1218.849..1218.849 rows=349534 loops=1)
        Buckets: 131072  Batches: 8  Memory Usage: 2572kB
        ->  Seq Scan on title t  (cost=0.00..73925.90 rows=325904 width=4) (actual time=33.674..1096.565 rows=349534 loops=1)
              Filter: ((production_year > 2009) AND (kind_id = 7))
              Rows Removed by Filter: 2178778
Planning time: 0.561 ms
Execution time: 4819.947 ms
