Hash Join  (cost=85915.47..819373.55 rows=501838 width=0) (actual time=6168.041..15673.648 rows=459941 loops=1)
  Hash Cond: (ci.movie_id = t.id)
  ->  Seq Scan on cast_info ci  (cost=0.00..705507.15 rows=1736414 width=4) (actual time=4338.551..12846.473 rows=1703543 loops=1)
        Filter: (role_id = 8)
        Rows Removed by Filter: 34540801
  ->  Hash  (cost=73925.90..73925.90 rows=730765 width=4) (actual time=1828.435..1828.435 rows=807803 loops=1)
        Buckets: 131072  Batches: 16  Memory Usage: 2806kB
        ->  Seq Scan on title t  (cost=0.00..73925.90 rows=730765 width=4) (actual time=0.023..1421.094 rows=807803 loops=1)
              Filter: ((kind_id > 3) AND (production_year > 2004))
              Rows Removed by Filter: 1720509
Planning time: 0.812 ms
Execution time: 15722.549 ms
