Seq Scan on movie_keyword mk  (cost=0.00..81003.12 rows=1966630 width=0) (actual time=0.016..1448.941 rows=1975902 loops=1)
  Filter: (keyword_id > 6413)
  Rows Removed by Filter: 2548028
Planning time: 1.694 ms
Execution time: 1702.586 ms
