Seq Scan on cast_info ci  (cost=0.00..796071.18 rows=2133665 width=0) (actual time=0.375..13803.118 rows=688644 loops=1)
  Filter: ((person_id < 1756983) AND (role_id = 10))
  Rows Removed by Filter: 35555700
Planning time: 0.400 ms
Execution time: 13891.575 ms
