Seq Scan on cast_info ci  (cost=0.00..796071.18 rows=23415062 width=0) (actual time=0.015..17947.622 rows=23543071 loops=1)
  Filter: ((person_id > 13303) AND (role_id > 1))
  Rows Removed by Filter: 12701273
Planning time: 0.339 ms
Execution time: 20800.529 ms
