Seq Scan on movie_keyword mk  (cost=0.00..81003.12 rows=2349719 width=0) (actual time=0.013..1480.230 rows=2347926 loops=1)
  Filter: (keyword_id < 5251)
  Rows Removed by Filter: 2176004
Planning time: 0.331 ms
Execution time: 1771.253 ms
