Seq Scan on cast_info ci  (cost=0.00..796071.18 rows=11362010 width=0) (actual time=7186.469..15330.427 rows=13129615 loops=1)
  Filter: ((person_id > 1048515) AND (role_id > 2))
  Rows Removed by Filter: 23114729
Planning time: 0.348 ms
Execution time: 16951.469 ms
