Hash Join  (cost=238643.10..1288494.80 rows=12890504 width=0) (actual time=12920.390..39828.853 rows=34082502 loops=1)
  Hash Cond: (ci.movie_id = t.id)
  ->  Seq Scan on cast_info ci  (cost=0.00..705507.15 rows=16201301 width=4) (actual time=6441.998..15021.535 rows=16121683 loops=1)
        Filter: (role_id > 2)
        Rows Removed by Filter: 20122661
  ->  Hash  (cost=205636.44..205636.44 rows=2011813 width=8) (actual time=6477.252..6477.252 rows=1744631 loops=1)
        Buckets: 131072  Batches: 32  Memory Usage: 3122kB
        ->  Hash Join  (cost=99591.38..205636.44 rows=2011813 width=8) (actual time=2358.140..6001.562 rows=1744631 loops=1)
              Hash Cond: (mc.movie_id = t.id)
              ->  Seq Scan on movie_companies mc  (cost=0.00..44881.29 rows=2609129 width=4) (actual time=0.028..1003.037 rows=2609129 loops=1)
              ->  Hash  (cost=67604.59..67604.59 rows=1949663 width=4) (actual time=2356.838..2356.838 rows=1947263 loops=1)
                    Buckets: 131072  Batches: 32  Memory Usage: 3171kB
                    ->  Seq Scan on title t  (cost=0.00..67604.59 rows=1949663 width=4) (actual time=0.024..1240.895 rows=1947263 loops=1)
                          Filter: (production_year > 1979)
                          Rows Removed by Filter: 581049
Planning time: 1.156 ms
Execution time: 43614.513 ms
