Seq Scan on movie_companies mc  (cost=0.00..51404.11 rows=1970100 width=0) (actual time=0.022..914.676 rows=1965040 loops=1)
  Filter: (company_id < 56133)
  Rows Removed by Filter: 644089
Planning time: 0.392 ms
Execution time: 1150.776 ms
