Hash Join  (cost=78556.72..225871.28 rows=1184134 width=0) (actual time=1370.709..5850.117 rows=2875095 loops=1)
  Hash Cond: (mk.movie_id = t.id)
  ->  Seq Scan on movie_keyword mk  (cost=0.00..81003.12 rows=4485358 width=4) (actual time=0.025..1877.657 rows=4492070 loops=1)
        Filter: (keyword_id > 37)
        Rows Removed by Filter: 31860
  ->  Hash  (cost=67604.59..67604.59 rows=667531 width=4) (actual time=1369.618..1369.618 rows=662825 loops=1)
        Buckets: 131072  Batches: 16  Memory Usage: 2486kB
        ->  Seq Scan on title t  (cost=0.00..67604.59 rows=667531 width=4) (actual time=363.948..1148.036 rows=662825 loops=1)
              Filter: (kind_id = 1)
              Rows Removed by Filter: 1865487
Planning time: 0.734 ms
Execution time: 6178.249 ms
