Seq Scan on movie_companies mc  (cost=0.00..57926.93 rows=556598 width=0) (actual time=409.273..974.472 rows=854774 loops=1)
  Filter: ((company_id > 14002) AND (company_type_id = 2))
  Rows Removed by Filter: 1754355
Planning time: 0.402 ms
Execution time: 1082.477 ms
