Hash Join  (cost=98137.04..165965.62 rows=95969 width=0) (actual time=2434.477..3145.185 rows=39222 loops=1)
  Hash Cond: (mc.movie_id = t.id)
  ->  Seq Scan on movie_companies mc  (cost=0.00..57926.93 rows=130392 width=4) (actual time=628.381..940.935 rows=259221 loops=1)
        Filter: ((company_id > 99536) AND (company_type_id = 2))
        Rows Removed by Filter: 2349908
  ->  Hash  (cost=67604.59..67604.59 rows=1860996 width=4) (actual time=1804.783..1804.783 rows=1865487 loops=1)
        Buckets: 131072  Batches: 32  Memory Usage: 3079kB
        ->  Seq Scan on title t  (cost=0.00..67604.59 rows=1860996 width=4) (actual time=0.019..1238.917 rows=1865487 loops=1)
              Filter: (kind_id > 1)
              Rows Removed by Filter: 662825
Planning time: 1.342 ms
Execution time: 3149.553 ms
