Nested Loop  (cost=0.43..83071.67 rows=246 width=0) (actual time=2.483..1450.170 rows=3402 loops=1)
  ->  Seq Scan on movie_keyword mk  (cost=0.00..81003.12 rows=246 width=4) (actual time=2.377..1311.529 rows=3402 loops=1)
        Filter: (keyword_id = 872)
        Rows Removed by Filter: 4520528
  ->  Index Only Scan using title_pkey on title t  (cost=0.43..8.40 rows=1 width=4) (actual time=0.039..0.040 rows=1 loops=3402)
        Index Cond: (id = mk.movie_id)
        Heap Fetches: 3402
Planning time: 0.765 ms
Execution time: 1451.268 ms
