Hash Join  (cost=872354.71..1237458.08 rows=44744 width=0) (actual time=13986.454..21937.692 rows=88402 loops=1)
  Hash Cond: (mi.movie_id = t.id)
  ->  Seq Scan on movie_info mi  (cost=0.00..309384.22 rows=14739122 width=4) (actual time=0.015..4622.442 rows=14835720 loops=1)
  ->  Hash  (cost=872258.76..872258.76 rows=7676 width=8) (actual time=13983.135..13983.135 rows=16386 loops=1)
        Buckets: 32768 (originally 8192)  Batches: 1 (originally 1)  Memory Usage: 897kB
        ->  Hash Join  (cost=74485.76..872258.76 rows=7676 width=8) (actual time=11176.073..13976.182 rows=16386 loops=1)
              Hash Cond: (ci.movie_id = t.id)
              ->  Seq Scan on cast_info ci  (cost=0.00..796071.18 rows=433351 width=4) (actual time=9651.293..12207.852 rows=828382 loops=1)
                    Filter: ((person_id < 116111) AND (role_id < 2))
                    Rows Removed by Filter: 35415962
              ->  Hash  (cost=73925.90..73925.90 rows=44788 width=4) (actual time=1524.394..1524.394 rows=52864 loops=1)
                    Buckets: 65536  Batches: 1  Memory Usage: 2371kB
                    ->  Seq Scan on title t  (cost=0.00..73925.90 rows=44788 width=4) (actual time=0.037..1501.935 rows=52864 loops=1)
                          Filter: ((kind_id > 1) AND (production_year = 2002))
                          Rows Removed by Filter: 2475448
Planning time: 1.308 ms
Execution time: 21951.750 ms
