Nested Loop  (cost=0.43..83071.67 rows=246 width=0) (actual time=5.300..1391.040 rows=828 loops=1)
  ->  Seq Scan on movie_keyword mk  (cost=0.00..81003.12 rows=246 width=4) (actual time=5.226..1362.274 rows=828 loops=1)
        Filter: (keyword_id = 6022)
        Rows Removed by Filter: 4523102
  ->  Index Only Scan using title_pkey on title t  (cost=0.43..8.40 rows=1 width=4) (actual time=0.033..0.033 rows=1 loops=828)
        Index Cond: (id = mk.movie_id)
        Heap Fetches: 828
Planning time: 2.102 ms
Execution time: 1391.676 ms
