Hash Join  (cost=1002562.50..1180767.25 rows=4148880 width=0) (actual time=15653.265..22003.902 rows=11271306 loops=1)
  Hash Cond: (mk.movie_id = t.id)
  ->  Seq Scan on movie_keyword mk  (cost=0.00..69693.30 rows=4523930 width=4) (actual time=0.018..1437.614 rows=4523930 loops=1)
  ->  Hash  (cost=964517.21..964517.21 rows=2318903 width=8) (actual time=15652.453..15652.453 rows=748660 loops=1)
        Buckets: 131072  Batches: 32  Memory Usage: 1965kB
        ->  Hash Join  (cost=102767.86..964517.21 rows=2318903 width=8) (actual time=4021.454..15417.386 rows=748660 loops=1)
              Hash Cond: (ci.movie_id = t.id)
              ->  Seq Scan on cast_info ci  (cost=0.00..796071.18 rows=2318903 width=4) (actual time=2162.515..12392.215 rows=748660 loops=1)
                    Filter: ((person_id < 1935568) AND (role_id = 10))
                    Rows Removed by Filter: 35495684
              ->  Hash  (cost=61283.27..61283.27 rows=2528527 width=4) (actual time=1857.791..1857.791 rows=2528312 loops=1)
                    Buckets: 131072  Batches: 64  Memory Usage: 2415kB
                    ->  Seq Scan on title t  (cost=0.00..61283.27 rows=2528527 width=4) (actual time=0.032..1029.269 rows=2528312 loops=1)
Planning time: 0.956 ms
Execution time: 23179.377 ms
