Hash Join  (cost=160426.43..653123.24 rows=1208088 width=0) (actual time=3438.594..18830.951 rows=8528258 loops=1)
  Hash Cond: (mi.movie_id = t.id)
  ->  Seq Scan on movie_info mi  (cost=0.00..309384.22 rows=14739122 width=4) (actual time=0.014..6269.836 rows=14835720 loops=1)
  ->  Hash  (cost=157025.81..157025.81 rows=207250 width=8) (actual time=3433.095..3433.095 rows=404051 loops=1)
        Buckets: 131072 (originally 131072)  Batches: 8 (originally 4)  Memory Usage: 3073kB
        ->  Hash Join  (cost=80661.47..157025.81 rows=207250 width=8) (actual time=1633.605..3317.103 rows=404051 loops=1)
              Hash Cond: (mc.movie_id = t.id)
              ->  Seq Scan on movie_companies mc  (cost=0.00..57926.93 rows=1276508 width=4) (actual time=0.015..1200.604 rows=1230144 loops=1)
                    Filter: ((company_id < 154783) AND (company_type_id = 2))
                    Rows Removed by Filter: 1378985
              ->  Hash  (cost=73925.90..73925.90 rows=410525 width=4) (actual time=1384.932..1384.932 rows=456146 loops=1)
                    Buckets: 131072  Batches: 8  Memory Usage: 3040kB
                    ->  Seq Scan on title t  (cost=0.00..73925.90 rows=410525 width=4) (actual time=0.068..1235.683 rows=456146 loops=1)
                          Filter: ((production_year < 2007) AND (kind_id = 1))
                          Rows Removed by Filter: 2072166
Planning time: 4.424 ms
Execution time: 19831.174 ms
