Hash Join  (cost=91219.03..163081.60 rows=260139 width=0) (actual time=1884.399..3469.296 rows=119574 loops=1)
  Hash Cond: (mc.movie_id = t.id)
  ->  Seq Scan on movie_companies mc  (cost=0.00..57926.93 rows=624064 width=4) (actual time=106.454..1083.426 rows=890728 loops=1)
        Filter: ((company_id > 11820) AND (company_type_id = 2))
        Rows Removed by Filter: 1718401
  ->  Hash  (cost=73925.90..73925.90 rows=1054010 width=4) (actual time=1776.833..1776.833 rows=1148948 loops=1)
        Buckets: 131072  Batches: 16  Memory Usage: 3556kB
        ->  Seq Scan on title t  (cost=0.00..73925.90 rows=1054010 width=4) (actual time=0.030..1413.298 rows=1148948 loops=1)
              Filter: ((production_year > 1991) AND (kind_id = 7))
              Rows Removed by Filter: 1379364
Planning time: 0.803 ms
Execution time: 3481.700 ms
