Seq Scan on movie_companies mc  (cost=0.00..57926.93 rows=53 width=0) (actual time=88.083..964.989 rows=1 loops=1)
  Filter: ((company_type_id > 1) AND (company_id = 125099))
  Rows Removed by Filter: 2609128
Planning time: 0.395 ms
Execution time: 965.083 ms
