Nested Loop  (cost=32749.09..830871.32 rows=79 width=0) (actual time=10263.645..15516.094 rows=28 loops=1)
  Join Filter: (ci.movie_id = t.id)
  ->  Hash Join  (cost=32748.66..830702.95 rows=198 width=8) (actual time=10263.573..15512.339 rows=28 loops=1)
        Hash Cond: (ci.movie_id = mi_idx.movie_id)
        ->  Seq Scan on cast_info ci  (cost=0.00..796071.18 rows=435 width=4) (actual time=9650.634..14818.865 rows=28 loops=1)
              Filter: ((role_id < 10) AND (person_id = 2659796))
              Rows Removed by Filter: 36244316
        ->  Hash  (cost=25185.44..25185.44 rows=460978 width=4) (actual time=612.017..612.017 rows=459925 loops=1)
              Buckets: 131072  Batches: 8  Memory Usage: 3050kB
              ->  Seq Scan on movie_info_idx mi_idx  (cost=0.00..25185.44 rows=460978 width=4) (actual time=0.022..465.316 rows=459925 loops=1)
                    Filter: (info_type_id = 99)
                    Rows Removed by Filter: 920110
  ->  Index Only Scan using title_pkey on title t  (cost=0.43..0.84 rows=1 width=4) (actual time=0.131..0.131 rows=1 loops=28)
        Index Cond: (id = mi_idx.movie_id)
        Heap Fetches: 28
Planning time: 1.137 ms
Execution time: 15516.194 ms
