Seq Scan on movie_keyword mk  (cost=0.00..81003.12 rows=246 width=0) (actual time=94.618..1314.272 rows=4 loops=1)
  Filter: (keyword_id = 25234)
  Rows Removed by Filter: 4523926
Planning time: 0.384 ms
Execution time: 1314.362 ms
