Seq Scan on cast_info ci  (cost=0.00..796071.18 rows=11987358 width=0) (actual time=3674.302..16187.545 rows=12013689 loops=1)
  Filter: ((person_id > 58525) AND (role_id > 3))
  Rows Removed by Filter: 24230655
Planning time: 2.413 ms
Execution time: 17626.683 ms
