Hash Join  (cost=198791.16..721965.60 rows=4064451 width=0) (actual time=4734.252..20675.793 rows=18642296 loops=1)
  Hash Cond: (mi.movie_id = t.id)
  ->  Seq Scan on movie_info mi  (cost=0.00..309384.22 rows=14739122 width=4) (actual time=0.016..6173.469 rows=14835720 loops=1)
  ->  Hash  (cost=187351.35..187351.35 rows=697265 width=8) (actual time=3918.660..3918.660 rows=483301 loops=1)
        Buckets: 131072  Batches: 16  Memory Usage: 2235kB
        ->  Hash Join  (cost=102767.86..187351.35 rows=697265 width=8) (actual time=2286.132..3768.246 rows=483301 loops=1)
              Hash Cond: (mc.movie_id = t.id)
              ->  Seq Scan on movie_companies mc  (cost=0.00..57926.93 rows=697265 width=4) (actual time=342.091..1002.747 rows=483301 loops=1)
                    Filter: ((company_id > 10248) AND (company_type_id < 2))
                    Rows Removed by Filter: 2125828
              ->  Hash  (cost=61283.27..61283.27 rows=2528527 width=4) (actual time=1940.942..1940.942 rows=2528312 loops=1)
                    Buckets: 131072  Batches: 64  Memory Usage: 2415kB
                    ->  Seq Scan on title t  (cost=0.00..61283.27 rows=2528527 width=4) (actual time=0.023..1117.248 rows=2528312 loops=1)
Planning time: 1.173 ms
Execution time: 22596.651 ms
