Nested Loop  (cost=0.43..797488.04 rows=168 width=0) (actual time=2807.390..12985.875 rows=36 loops=1)
  ->  Seq Scan on cast_info ci  (cost=0.00..796071.18 rows=168 width=4) (actual time=2807.237..12984.945 rows=36 loops=1)
        Filter: ((role_id > 3) AND (person_id = 795186))
        Rows Removed by Filter: 36244308
  ->  Index Only Scan using title_pkey on title t  (cost=0.43..8.42 rows=1 width=4) (actual time=0.022..0.022 rows=1 loops=36)
        Index Cond: (id = ci.movie_id)
        Heap Fetches: 36
Planning time: 0.760 ms
Execution time: 12985.992 ms
