Nested Loop  (cost=0.43..58375.18 rows=53 width=0) (actual time=274.901..843.876 rows=791 loops=1)
  ->  Seq Scan on movie_companies mc  (cost=0.00..57926.93 rows=53 width=4) (actual time=274.790..799.770 rows=791 loops=1)
        Filter: ((company_id = 28437) AND (company_type_id = 2))
        Rows Removed by Filter: 2608338
  ->  Index Only Scan using title_pkey on title t  (cost=0.43..8.45 rows=1 width=4) (actual time=0.055..0.055 rows=1 loops=791)
        Index Cond: (id = mc.movie_id)
        Heap Fetches: 791
Planning time: 0.619 ms
Execution time: 844.175 ms
