Hash Join  (cost=130435.44..495241.76 rows=15039 width=0) (actual time=2353.663..9415.271 rows=33475 loops=1)
  Hash Cond: (mi.movie_id = t.id)
  ->  Seq Scan on movie_info mi  (cost=0.00..309384.22 rows=14739122 width=4) (actual time=0.020..4131.192 rows=14835720 loops=1)
  ->  Hash  (cost=130403.19..130403.19 rows=2580 width=8) (actual time=2353.541..2353.541 rows=4141 loops=1)
        Buckets: 8192 (originally 4096)  Batches: 1 (originally 1)  Memory Usage: 226kB
        ->  Hash Join  (cost=73987.23..130403.19 rows=2580 width=8) (actual time=1200.977..2351.681 rows=4141 loops=1)
              Hash Cond: (mc.movie_id = t.id)
              ->  Seq Scan on movie_companies mc  (cost=0.00..51404.11 rows=1329612 width=4) (actual time=0.018..900.413 rows=1334883 loops=1)
                    Filter: (company_type_id = 2)
                    Rows Removed by Filter: 1274246
              ->  Hash  (cost=73925.90..73925.90 rows=4906 width=4) (actual time=1199.352..1199.352 rows=11476 loops=1)
                    Buckets: 16384 (originally 8192)  Batches: 1 (originally 1)  Memory Usage: 532kB
                    ->  Seq Scan on title t  (cost=0.00..73925.90 rows=4906 width=4) (actual time=0.045..1193.468 rows=11476 loops=1)
                          Filter: ((kind_id > 3) AND (production_year = 1985))
                          Rows Removed by Filter: 2516836
Planning time: 1.625 ms
Execution time: 9420.910 ms
