Hash Join  (cost=219874.45..984049.12 rows=1735635 width=0) (actual time=7156.934..21053.963 rows=3170532 loops=1)
  Hash Cond: (ci.movie_id = t.id)
  ->  Seq Scan on cast_info ci  (cost=0.00..705507.15 rows=2735034 width=4) (actual time=1911.785..13185.308 rows=2728943 loops=1)
        Filter: (role_id = 4)
        Rows Removed by Filter: 33515401
  ->  Hash  (cost=193549.12..193549.12 rows=1604587 width=8) (actual time=5244.016..5244.016 rows=1853708 loops=1)
        Buckets: 131072  Batches: 32  Memory Usage: 3252kB
        ->  Hash Join  (cost=93117.31..193549.12 rows=1604587 width=8) (actual time=1777.348..4730.193 rows=1853708 loops=1)
              Hash Cond: (mc.movie_id = t.id)
              ->  Seq Scan on movie_companies mc  (cost=0.00..44881.29 rows=2609129 width=4) (actual time=0.030..847.908 rows=2609129 loops=1)
              ->  Hash  (cost=67604.59..67604.59 rows=1555018 width=4) (actual time=1776.402..1776.402 rows=1551727 loops=1)
                    Buckets: 131072  Batches: 32  Memory Usage: 2728kB
                    ->  Seq Scan on title t  (cost=0.00..67604.59 rows=1555018 width=4) (actual time=0.031..1273.984 rows=1551727 loops=1)
                          Filter: (production_year < 2007)
                          Rows Removed by Filter: 976585
Planning time: 3.370 ms
Execution time: 21435.460 ms
