Hash Join  (cost=69374.09..555885.82 rows=628381 width=0) (actual time=1065.746..11982.148 rows=570543 loops=1)
  Hash Cond: (mi.movie_id = t.id)
  ->  Seq Scan on movie_info mi  (cost=0.00..309384.22 rows=14739122 width=4) (actual time=0.019..5697.259 rows=14835720 loops=1)
  ->  Hash  (cost=67604.59..67604.59 rows=107800 width=4) (actual time=1064.851..1064.851 rows=108429 loops=1)
        Buckets: 131072  Batches: 2  Memory Usage: 2938kB
        ->  Seq Scan on title t  (cost=0.00..67604.59 rows=107800 width=4) (actual time=0.030..1023.129 rows=108429 loops=1)
              Filter: (production_year = 2006)
              Rows Removed by Filter: 2419883
Planning time: 0.810 ms
Execution time: 12055.104 ms
