Seq Scan on movie_keyword mk  (cost=0.00..81003.12 rows=4312807 width=0) (actual time=0.022..1108.697 rows=4311308 loops=1)
  Filter: (keyword_id < 66108)
  Rows Removed by Filter: 212622
Planning time: 0.302 ms
Execution time: 1521.493 ms
