Hash Join  (cost=102767.86..1022040.80 rows=4709524 width=0) (actual time=4987.260..20599.066 rows=5449874 loops=1)
  Hash Cond: (ci.movie_id = t.id)
  ->  Seq Scan on cast_info ci  (cost=0.00..796071.18 rows=4709524 width=4) (actual time=2356.330..12755.636 rows=5449874 loops=1)
        Filter: ((person_id < 605666) AND (role_id < 5))
        Rows Removed by Filter: 30794470
  ->  Hash  (cost=61283.27..61283.27 rows=2528527 width=4) (actual time=2629.682..2629.682 rows=2528312 loops=1)
        Buckets: 131072  Batches: 64  Memory Usage: 2415kB
        ->  Seq Scan on title t  (cost=0.00..61283.27 rows=2528527 width=4) (actual time=0.023..1019.434 rows=2528312 loops=1)
Planning time: 0.728 ms
Execution time: 21153.650 ms
