Hash Join  (cost=68438.72..157506.10 rows=53022 width=0) (actual time=985.161..2145.475 rows=20175 loops=1)
  Hash Cond: (mk.movie_id = t.id)
  ->  Seq Scan on movie_keyword mk  (cost=0.00..81003.12 rows=2009074 width=4) (actual time=0.016..907.241 rows=2013895 loops=1)
        Filter: (keyword_id < 3593)
        Rows Removed by Filter: 2510035
  ->  Hash  (cost=67604.59..67604.59 rows=66731 width=4) (actual time=984.279..984.279 rows=67342 loops=1)
        Buckets: 131072  Batches: 1  Memory Usage: 3392kB
        ->  Seq Scan on title t  (cost=0.00..67604.59 rows=66731 width=4) (actual time=0.029..956.623 rows=67342 loops=1)
              Filter: (production_year > 2012)
              Rows Removed by Filter: 2460970
Planning time: 1.113 ms
Execution time: 2147.843 ms
