Hash Join  (cost=150824.68..1165278.39 rows=1247409 width=0) (actual time=4108.616..30462.314 rows=1729707 loops=1)
  Hash Cond: (ci.movie_id = t.id)
  ->  Seq Scan on cast_info ci  (cost=0.00..796071.18 rows=17748116 width=4) (actual time=0.022..18011.098 rows=20122661 loops=1)
        Filter: ((person_id < 3296267) AND (role_id < 3))
        Rows Removed by Filter: 16121683
  ->  Hash  (cost=147908.24..147908.24 rows=177715 width=8) (actual time=4107.919..4107.919 rows=103772 loops=1)
        Buckets: 131072  Batches: 4  Memory Usage: 2047kB
        ->  Hash Join  (cost=71408.55..147908.24 rows=177715 width=8) (actual time=2063.331..4073.326 rows=103772 loops=1)
              Hash Cond: (mc.movie_id = t.id)
              ->  Seq Scan on movie_companies mc  (cost=0.00..51404.11 rows=1938248 width=4) (actual time=0.022..1138.174 rows=1933246 loops=1)
                    Filter: (company_id < 49457)
                    Rows Removed by Filter: 675883
              ->  Hash  (cost=67604.59..67604.59 rows=231837 width=4) (actual time=2062.511..2062.511 rows=231649 loops=1)
                    Buckets: 131072  Batches: 4  Memory Usage: 3076kB
                    ->  Seq Scan on title t  (cost=0.00..67604.59 rows=231837 width=4) (actual time=0.023..1983.966 rows=231649 loops=1)
                          Filter: (production_year > 2011)
                          Rows Removed by Filter: 2296663
Planning time: 1.231 ms
Execution time: 30662.148 ms
