Seq Scan on movie_companies mc  (cost=0.00..51404.11 rows=776792 width=0) (actual time=1.342..915.372 rows=767253 loops=1)
  Filter: (company_id < 1609)
  Rows Removed by Filter: 1841876
Planning time: 0.326 ms
Execution time: 1010.800 ms
