Hash Join  (cost=234049.42..1062160.76 rows=2831292 width=0) (actual time=8678.387..22063.058 rows=3851398 loops=1)
  Hash Cond: (ci.movie_id = t.id)
  ->  Seq Scan on cast_info ci  (cost=0.00..705507.15 rows=7846468 width=4) (actual time=3578.200..12881.208 rows=7712640 loops=1)
        Filter: (role_id > 6)
        Rows Removed by Filter: 28531704
  ->  Hash  (cost=219079.61..219079.61 rows=912385 width=8) (actual time=5098.754..5098.754 rows=351171 loops=1)
        Buckets: 131072  Batches: 16  Memory Usage: 1891kB
        ->  Hash Join  (cost=84302.23..219079.61 rows=912385 width=8) (actual time=1553.090..4994.245 rows=351171 loops=1)
              Hash Cond: (mk.movie_id = t.id)
              ->  Seq Scan on movie_keyword mk  (cost=0.00..81003.12 rows=3647841 width=4) (actual time=0.035..1718.984 rows=3640469 loops=1)
                    Filter: (keyword_id < 20873)
                    Rows Removed by Filter: 883461
              ->  Hash  (cost=73925.90..73925.90 rows=632426 width=4) (actual time=1551.815..1551.815 rows=674499 loops=1)
                    Buckets: 131072  Batches: 16  Memory Usage: 2515kB
                    ->  Seq Scan on title t  (cost=0.00..73925.90 rows=632426 width=4) (actual time=0.029..1324.846 rows=674499 loops=1)
                          Filter: ((kind_id > 2) AND (production_year > 2006))
                          Rows Removed by Filter: 1853813
Planning time: 1.140 ms
Execution time: 22466.612 ms
