Seq Scan on movie_keyword mk  (cost=0.00..81003.12 rows=1065115 width=0) (actual time=0.020..1399.140 rows=1072148 loops=1)
  Filter: (keyword_id < 1075)
  Rows Removed by Filter: 3451782
Planning time: 0.236 ms
Execution time: 1534.299 ms
