Nested Loop  (cost=0.43..709673.15 rows=195 width=0) (actual time=1939.426..9655.519 rows=3 loops=1)
  ->  Seq Scan on cast_info ci  (cost=0.00..705507.15 rows=500 width=4) (actual time=1939.247..9637.540 rows=128 loops=1)
        Filter: (person_id = 2867568)
        Rows Removed by Filter: 36244216
  ->  Index Scan using title_pkey on title t  (cost=0.43..8.32 rows=1 width=4) (actual time=0.139..0.139 rows=0 loops=128)
        Index Cond: (id = ci.movie_id)
        Filter: (kind_id < 7)
        Rows Removed by Filter: 1
Planning time: 0.781 ms
Execution time: 9655.630 ms
