Seq Scan on movie_keyword mk  (cost=0.00..81003.12 rows=1627634 width=0) (actual time=0.019..1328.088 rows=1638526 loops=1)
  Filter: (keyword_id > 9037)
  Rows Removed by Filter: 2885404
Planning time: 0.242 ms
Execution time: 1532.748 ms
