Hash Join  (cost=439232.89..1218485.09 rows=76251 width=0) (actual time=20861.270..22341.502 rows=1 loops=1)
  Hash Cond: (ci.movie_id = t.id)
  ->  Seq Scan on cast_info ci  (cost=0.00..705507.15 rows=7298253 width=4) (actual time=9699.073..13162.879 rows=7451973 loops=1)
        Filter: (role_id = 2)
        Rows Removed by Filter: 28792371
  ->  Hash  (cost=438902.66..438902.66 rows=26418 width=8) (actual time=8067.751..8067.751 rows=1 loops=1)
        Buckets: 32768  Batches: 1  Memory Usage: 257kB
        ->  Hash Join  (cost=73982.55..438902.66 rows=26418 width=8) (actual time=1925.557..8067.738 rows=1 loops=1)
              Hash Cond: (mi.movie_id = t.id)
              ->  Seq Scan on movie_info mi  (cost=0.00..309384.22 rows=14739122 width=4) (actual time=0.027..4255.904 rows=14835720 loops=1)
              ->  Hash  (cost=73925.90..73925.90 rows=4532 width=4) (actual time=1117.263..1117.263 rows=1 loops=1)
                    Buckets: 8192  Batches: 1  Memory Usage: 65kB
                    ->  Seq Scan on title t  (cost=0.00..73925.90 rows=4532 width=4) (actual time=812.980..1117.253 rows=1 loops=1)
                          Filter: ((kind_id = 7) AND (production_year = 1940))
                          Rows Removed by Filter: 2528311
Planning time: 3.078 ms
Execution time: 22341.633 ms
