Hash Join  (cost=263115.61..1316100.58 rows=10441838 width=0) (actual time=14626.277..31468.829 rows=15738334 loops=1)
  Hash Cond: (ci.movie_id = t.id)
  ->  Seq Scan on cast_info ci  (cost=0.00..796071.18 rows=10119266 width=4) (actual time=8417.358..16443.009 rows=7367123 loops=1)
        Filter: ((person_id > 711500) AND (role_id = 1))
        Rows Removed by Filter: 28877221
  ->  Hash  (cost=220309.49..220309.49 rows=2609129 width=8) (actual time=6207.081..6207.081 rows=2609129 loops=1)
        Buckets: 131072  Batches: 64  Memory Usage: 2610kB
        ->  Hash Join  (cost=102767.86..220309.49 rows=2609129 width=8) (actual time=1920.530..5476.736 rows=2609129 loops=1)
              Hash Cond: (mc.movie_id = t.id)
              ->  Seq Scan on movie_companies mc  (cost=0.00..44881.29 rows=2609129 width=4) (actual time=0.031..1059.726 rows=2609129 loops=1)
              ->  Hash  (cost=61283.27..61283.27 rows=2528527 width=4) (actual time=1918.965..1918.965 rows=2528312 loops=1)
                    Buckets: 131072  Batches: 64  Memory Usage: 2415kB
                    ->  Seq Scan on title t  (cost=0.00..61283.27 rows=2528527 width=4) (actual time=0.017..1068.575 rows=2528312 loops=1)
Planning time: 0.808 ms
Execution time: 33343.514 ms
