Hash Join  (cost=219208.65..268155.22 rows=655909 width=0) (actual time=4807.445..6680.401 rows=2171997 loops=1)
  Hash Cond: (mi_idx.movie_id = t.id)
  ->  Seq Scan on movie_info_idx mi_idx  (cost=0.00..21735.35 rows=1380035 width=4) (actual time=0.023..453.326 rows=1380035 loops=1)
  ->  Hash  (cost=199491.54..199491.54 rows=1201769 width=8) (actual time=4806.654..4806.654 rows=1150147 loops=1)
        Buckets: 131072  Batches: 16  Memory Usage: 3807kB
        ->  Hash Join  (cost=102767.86..199491.54 rows=1201769 width=8) (actual time=1878.853..4459.874 rows=1150147 loops=1)
              Hash Cond: (mc.movie_id = t.id)
              ->  Seq Scan on movie_companies mc  (cost=0.00..57926.93 rows=1201769 width=4) (actual time=0.017..1235.500 rows=1150147 loops=1)
                    Filter: ((company_id > 27) AND (company_type_id < 2))
                    Rows Removed by Filter: 1458982
              ->  Hash  (cost=61283.27..61283.27 rows=2528527 width=4) (actual time=1878.193..1878.193 rows=2528312 loops=1)
                    Buckets: 131072  Batches: 64  Memory Usage: 2415kB
                    ->  Seq Scan on title t  (cost=0.00..61283.27 rows=2528527 width=4) (actual time=0.018..1035.045 rows=2528312 loops=1)
Planning time: 3.225 ms
Execution time: 6952.117 ms
