Seq Scan on movie_keyword mk  (cost=0.00..81003.12 rows=2852325 width=0) (actual time=0.015..1496.633 rows=2842260 loops=1)
  Filter: (keyword_id > 2602)
  Rows Removed by Filter: 1681670
Planning time: 0.744 ms
Execution time: 1865.306 ms
