Hash Join  (cost=931143.59..1065225.08 rows=991445 width=0) (actual time=15618.102..19728.620 rows=1989263 loops=1)
  Hash Cond: (mk.movie_id = t.id)
  ->  Seq Scan on movie_keyword mk  (cost=0.00..69693.30 rows=4523930 width=4) (actual time=0.015..1445.140 rows=4523930 loops=1)
  ->  Hash  (cost=922051.83..922051.83 rows=554141 width=8) (actual time=15617.285..15617.285 rows=515315 loops=1)
        Buckets: 131072  Batches: 8  Memory Usage: 3560kB
        ->  Hash Join  (cost=102767.86..922051.83 rows=554141 width=8) (actual time=6621.865..15459.820 rows=515315 loops=1)
              Hash Cond: (ci.movie_id = t.id)
              ->  Seq Scan on cast_info ci  (cost=0.00..796071.18 rows=554141 width=4) (actual time=4344.969..12338.049 rows=515315 loops=1)
                    Filter: ((person_id < 1127689) AND (role_id = 8))
                    Rows Removed by Filter: 35729029
              ->  Hash  (cost=61283.27..61283.27 rows=2528527 width=4) (actual time=2275.619..2275.619 rows=2528312 loops=1)
                    Buckets: 131072  Batches: 64  Memory Usage: 2415kB
                    ->  Seq Scan on title t  (cost=0.00..61283.27 rows=2528527 width=4) (actual time=0.020..1157.342 rows=2528312 loops=1)
Planning time: 1.159 ms
Execution time: 19968.613 ms
