Seq Scan on movie_keyword mk  (cost=0.00..81003.12 rows=1622098 width=12) (actual time=0.029..1520.704 rows=1631545 loops=1)
  Filter: (keyword_id > 9109)
  Rows Removed by Filter: 2892385
Planning time: 1.446 ms
Execution time: 1609.954 ms
