Hash Join  (cost=707357.89..2723967.34 rows=73631915 width=0) (actual time=16826.600..61398.642 rows=51843484 loops=1)
  Hash Cond: (ci.movie_id = t.id)
  ->  Seq Scan on cast_info ci  (cost=0.00..614943.12 rows=36225612 width=4) (actual time=0.033..14000.447 rows=36244344 loops=1)
  ->  Hash  (cost=623037.57..623037.57 rows=5139466 width=8) (actual time=16824.515..16824.515 rows=2528711 loops=1)
        Buckets: 131072  Batches: 128  Memory Usage: 1761kB
        ->  Hash Join  (cost=88391.98..623037.57 rows=5139466 width=8) (actual time=1924.671..15819.811 rows=2528711 loops=1)
              Hash Cond: (mi.movie_id = t.id)
              ->  Seq Scan on movie_info mi  (cost=0.00..309384.22 rows=14739122 width=4) (actual time=0.013..6110.963 rows=14835720 loops=1)
              ->  Hash  (cost=73925.90..73925.90 rows=881686 width=4) (actual time=1615.397..1615.397 rows=801513 loops=1)
                    Buckets: 131072  Batches: 16  Memory Usage: 2792kB
                    ->  Seq Scan on title t  (cost=0.00..73925.90 rows=881686 width=4) (actual time=0.017..1332.541 rows=801513 loops=1)
                          Filter: ((kind_id > 6) AND (production_year < 2006))
                          Rows Removed by Filter: 1726799
Planning time: 1.145 ms
Execution time: 67042.345 ms
