Hash Join  (cost=102767.86..230564.94 rows=1534151 width=0) (actual time=2031.950..5372.207 rows=1548319 loops=1)
  Hash Cond: (mk.movie_id = t.id)
  ->  Seq Scan on movie_keyword mk  (cost=0.00..81003.12 rows=1534151 width=4) (actual time=0.028..1607.103 rows=1548319 loops=1)
        Filter: (keyword_id > 10196)
        Rows Removed by Filter: 2975611
  ->  Hash  (cost=61283.27..61283.27 rows=2528527 width=4) (actual time=2030.979..2030.979 rows=2528312 loops=1)
        Buckets: 131072  Batches: 64  Memory Usage: 2425kB
        ->  Seq Scan on title t  (cost=0.00..61283.27 rows=2528527 width=4) (actual time=0.014..1159.909 rows=2528312 loops=1)
Planning time: 0.724 ms
Execution time: 5525.542 ms
