Hash Join  (cost=52284.46..416942.78 rows=239 width=0) (actual time=556.001..7259.773 rows=123502 loops=1)
  Hash Cond: (mi.movie_id = t.id)
  ->  Seq Scan on movie_info mi  (cost=0.00..309384.22 rows=14739122 width=4) (actual time=0.017..3888.674 rows=14835720 loops=1)
  ->  Hash  (cost=52283.95..52283.95 rows=41 width=8) (actual time=555.914..555.914 rows=951 loops=1)
        Buckets: 1024  Batches: 1  Memory Usage: 46kB
        ->  Nested Loop  (cost=0.43..52283.95 rows=41 width=8) (actual time=1.004..555.417 rows=951 loops=1)
              ->  Seq Scan on movie_companies mc  (cost=0.00..51404.11 rows=104 width=4) (actual time=0.970..538.272 rows=955 loops=1)
                    Filter: (company_id = 2215)
                    Rows Removed by Filter: 2608174
              ->  Index Scan using title_pkey on title t  (cost=0.43..8.45 rows=1 width=4) (actual time=0.017..0.017 rows=1 loops=955)
                    Index Cond: (id = mc.movie_id)
                    Filter: (kind_id < 7)
                    Rows Removed by Filter: 0
Planning time: 1.157 ms
Execution time: 7276.369 ms
