Seq Scan on cast_info ci  (cost=0.00..796071.18 rows=176 width=0) (actual time=966.642..14292.246 rows=30 loops=1)
  Filter: ((role_id < 2) AND (person_id = 169961))
  Rows Removed by Filter: 36244314
Planning time: 0.401 ms
Execution time: 14292.358 ms
