Hash Join  (cost=119785.54..494259.74 rows=197636 width=0) (actual time=2889.674..10143.123 rows=924383 loops=1)
  Hash Cond: (mi.movie_id = t.id)
  ->  Seq Scan on movie_info mi  (cost=0.00..346232.03 rows=2194617 width=4) (actual time=0.016..6137.610 rows=2233850 loops=1)
        Filter: (info_type_id > 16)
        Rows Removed by Filter: 12601870
  ->  Hash  (cost=116049.22..116049.22 rows=227706 width=8) (actual time=2888.809..2888.809 rows=245859 loops=1)
        Buckets: 131072  Batches: 4  Memory Usage: 3440kB
        ->  Hash Join  (cost=74449.67..116049.22 rows=227706 width=8) (actual time=1475.184..2806.423 rows=245859 loops=1)
              Hash Cond: (mi_idx.movie_id = t.id)
              ->  Seq Scan on movie_info_idx mi_idx  (cost=0.00..21735.35 rows=1380035 width=4) (actual time=0.016..567.666 rows=1380035 loops=1)
              ->  Hash  (cost=67604.59..67604.59 rows=417207 width=4) (actual time=1474.239..1474.239 rows=409495 loops=1)
                    Buckets: 131072  Batches: 8  Memory Usage: 2821kB
                    ->  Seq Scan on title t  (cost=0.00..67604.59 rows=417207 width=4) (actual time=0.019..1337.411 rows=409495 loops=1)
                          Filter: (production_year < 1973)
                          Rows Removed by Filter: 2118817
Planning time: 1.165 ms
Execution time: 10247.498 ms
