Hash Join  (cost=69179.59..854453.88 rows=252404 width=0) (actual time=1057.971..15795.148 rows=250048 loops=1)
  Hash Cond: (ci.movie_id = t.id)
  ->  Seq Scan on cast_info ci  (cost=0.00..705507.15 rows=6648028 width=4) (actual time=0.020..12120.658 rows=6736080 loops=1)
        Filter: (person_id > 2987694)
        Rows Removed by Filter: 29508264
  ->  Hash  (cost=67604.59..67604.59 rows=96000 width=4) (actual time=1057.170..1057.170 rows=95005 loops=1)
        Buckets: 131072  Batches: 2  Memory Usage: 2716kB
        ->  Seq Scan on title t  (cost=0.00..67604.59 rows=96000 width=4) (actual time=0.043..1020.324 rows=95005 loops=1)
              Filter: (production_year = 2005)
              Rows Removed by Filter: 2433307
Planning time: 0.723 ms
Execution time: 15829.630 ms
