Hash Join  (cost=153905.10..289416.67 rows=887701 width=0) (actual time=3596.629..7647.310 rows=3104101 loops=1)
  Hash Cond: (mk.movie_id = t.id)
  ->  Seq Scan on movie_keyword mk  (cost=0.00..81003.12 rows=3743847 width=4) (actual time=0.015..1804.845 rows=3739494 loops=1)
        Filter: (keyword_id > 748)
        Rows Removed by Filter: 784436
  ->  Hash  (cost=144068.89..144068.89 rows=599537 width=8) (actual time=3595.692..3595.692 rows=555977 loops=1)
        Buckets: 131072  Batches: 8  Memory Usage: 3750kB
        ->  Hash Join  (cost=94666.80..144068.89 rows=599537 width=8) (actual time=2000.789..3438.375 rows=555977 loops=1)
              Hash Cond: (mi_idx.movie_id = t.id)
              ->  Seq Scan on movie_info_idx mi_idx  (cost=0.00..25185.44 rows=919057 width=4) (actual time=0.025..574.778 rows=920110 loops=1)
                    Filter: (info_type_id > 99)
                    Rows Removed by Filter: 459925
              ->  Hash  (cost=67604.59..67604.59 rows=1649457 width=4) (actual time=1999.683..1999.683 rows=1643514 loops=1)
                    Buckets: 131072  Batches: 32  Memory Usage: 2831kB
                    ->  Seq Scan on title t  (cost=0.00..67604.59 rows=1649457 width=4) (actual time=0.011..1455.317 rows=1643514 loops=1)
                          Filter: (production_year > 1994)
                          Rows Removed by Filter: 884798
Planning time: 2.727 ms
Execution time: 7992.051 ms
