Hash Join  (cost=102767.86..938473.59 rows=5000282 width=0) (actual time=8818.372..18385.855 rows=5046289 loops=1)
  Hash Cond: (ci.movie_id = t.id)
  ->  Seq Scan on cast_info ci  (cost=0.00..705507.15 rows=5000282 width=4) (actual time=6782.720..12148.852 rows=5046289 loops=1)
        Filter: (person_id > 3164795)
        Rows Removed by Filter: 31198055
  ->  Hash  (cost=61283.27..61283.27 rows=2528527 width=4) (actual time=2034.199..2034.199 rows=2528312 loops=1)
        Buckets: 131072  Batches: 64  Memory Usage: 2415kB
        ->  Seq Scan on title t  (cost=0.00..61283.27 rows=2528527 width=4) (actual time=0.025..1171.777 rows=2528312 loops=1)
Planning time: 2.558 ms
Execution time: 18943.122 ms
