Nested Loop  (cost=44377.22..166194.28 rows=10252 width=0) (actual time=1001.019..2552.398 rows=15131 loops=1)
  Join Filter: (mc.movie_id = t.id)
  ->  Hash Join  (cost=44376.79..114241.20 rows=87625 width=8) (actual time=1000.984..1894.073 rows=58608 loops=1)
        Hash Cond: (mc.movie_id = mi_idx.movie_id)
        ->  Seq Scan on movie_companies mc  (cost=0.00..57926.93 rows=31007 width=4) (actual time=219.598..823.479 rows=55497 loops=1)
              Filter: ((company_id = 6) AND (company_type_id = 1))
              Rows Removed by Filter: 2553632
        ->  Hash  (cost=21735.35..21735.35 rows=1380035 width=4) (actual time=780.800..780.800 rows=1380035 loops=1)
              Buckets: 131072  Batches: 32  Memory Usage: 2540kB
              ->  Seq Scan on movie_info_idx mi_idx  (cost=0.00..21735.35 rows=1380035 width=4) (actual time=0.023..397.862 rows=1380035 loops=1)
  ->  Index Scan using title_pkey on title t  (cost=0.43..0.58 rows=1 width=4) (actual time=0.011..0.011 rows=0 loops=58608)
        Index Cond: (id = mi_idx.movie_id)
        Filter: (production_year > 1997)
        Rows Removed by Filter: 1
Planning time: 1.270 ms
Execution time: 2555.549 ms
