Seq Scan on movie_keyword mk  (cost=0.00..81003.12 rows=1421092 width=0) (actual time=0.017..1473.519 rows=1436599 loops=1)
  Filter: (keyword_id < 1995)
  Rows Removed by Filter: 3087331
Planning time: 0.315 ms
Execution time: 1651.694 ms
