Hash Join  (cost=95162.59..144976.59 rows=706452 width=0) (actual time=1928.134..3299.804 rows=387648 loops=1)
  Hash Cond: (mi_idx.movie_id = t.id)
  ->  Seq Scan on movie_info_idx mi_idx  (cost=0.00..21735.35 rows=1380035 width=4) (actual time=0.011..460.777 rows=1380035 loops=1)
  ->  Hash  (cost=73925.90..73925.90 rows=1294375 width=4) (actual time=1927.138..1927.138 rows=1374286 loops=1)
        Buckets: 131072  Batches: 32  Memory Usage: 2537kB
        ->  Seq Scan on title t  (cost=0.00..73925.90 rows=1294375 width=4) (actual time=0.016..1488.642 rows=1374286 loops=1)
              Filter: ((production_year > 1967) AND (kind_id = 7))
              Rows Removed by Filter: 1154026
Planning time: 0.528 ms
Execution time: 3342.635 ms
