Seq Scan on title t  (cost=0.00..73925.90 rows=268099 width=0) (actual time=0.026..1039.864 rows=161686 loops=1)
  Filter: ((production_year < 1975) AND (kind_id = 7))
  Rows Removed by Filter: 2366626
Planning time: 0.402 ms
Execution time: 1060.712 ms
