Seq Scan on movie_companies mc  (cost=0.00..51404.11 rows=4696 width=0) (actual time=6.358..763.527 rows=5080 loops=1)
  Filter: (company_id = 475)
  Rows Removed by Filter: 2604049
Planning time: 0.410 ms
Execution time: 764.636 ms
