Seq Scan on cast_info ci  (cost=0.00..705507.15 rows=5818557 width=0) (actual time=0.046..11666.920 rows=5850550 loops=1)
  Filter: (person_id > 3059276)
  Rows Removed by Filter: 30393794
Planning time: 1.798 ms
Execution time: 12392.376 ms
