Seq Scan on movie_keyword mk  (cost=0.00..81003.12 rows=4108521 width=0) (actual time=0.025..1435.990 rows=4116183 loops=1)
  Filter: (keyword_id < 42430)
  Rows Removed by Filter: 407747
Planning time: 4.650 ms
Execution time: 1927.239 ms
