Hash Join  (cost=184702.68..686224.68 rows=2035207 width=0) (actual time=3806.275..21149.125 rows=12959956 loops=1)
  Hash Cond: (mi.movie_id = t.id)
  ->  Seq Scan on movie_info mi  (cost=0.00..309384.22 rows=14739122 width=4) (actual time=0.013..5881.181 rows=14835720 loops=1)
  ->  Hash  (cost=178974.38..178974.38 rows=349144 width=8) (actual time=3805.445..3805.445 rows=496058 loops=1)
        Buckets: 131072  Batches: 8  Memory Usage: 3463kB
        ->  Hash Join  (cost=102767.86..178974.38 rows=349144 width=8) (actual time=2247.693..3664.974 rows=496058 loops=1)
              Hash Cond: (mc.movie_id = t.id)
              ->  Seq Scan on movie_companies mc  (cost=0.00..57926.93 rows=349144 width=4) (actual time=367.019..1010.464 rows=496058 loops=1)
                    Filter: ((company_id < 1310) AND (company_type_id < 2))
                    Rows Removed by Filter: 2113071
              ->  Hash  (cost=61283.27..61283.27 rows=2528527 width=4) (actual time=1879.447..1879.447 rows=2528312 loops=1)
                    Buckets: 131072  Batches: 64  Memory Usage: 2415kB
                    ->  Seq Scan on title t  (cost=0.00..61283.27 rows=2528527 width=4) (actual time=0.015..1078.803 rows=2528312 loops=1)
Planning time: 1.162 ms
Execution time: 22690.179 ms
