Hash Join  (cost=162167.39..1238089.61 rows=4100105 width=0) (actual time=3840.773..34772.408 rows=2680935 loops=1)
  Hash Cond: (ci.movie_id = t.id)
  ->  Seq Scan on cast_info ci  (cost=0.00..614943.12 rows=36225612 width=4) (actual time=0.017..13075.174 rows=36244344 loops=1)
  ->  Hash  (cost=157472.08..157472.08 rows=286185 width=8) (actual time=3838.757..3838.757 rows=180315 loops=1)
        Buckets: 131072  Batches: 4  Memory Usage: 2782kB
        ->  Hash Join  (cost=78476.71..157472.08 rows=286185 width=8) (actual time=1192.371..3779.247 rows=180315 loops=1)
              Hash Cond: (mc.movie_id = t.id)
              ->  Seq Scan on movie_companies mc  (cost=0.00..44881.29 rows=2609129 width=4) (actual time=0.027..833.603 rows=2609129 loops=1)
              ->  Hash  (cost=73925.90..73925.90 rows=277344 width=4) (actual time=1191.163..1191.163 rows=169544 loops=1)
                    Buckets: 131072  Batches: 4  Memory Usage: 2513kB
                    ->  Seq Scan on title t  (cost=0.00..73925.90 rows=277344 width=4) (actual time=0.020..1126.587 rows=169544 loops=1)
                          Filter: ((production_year < 1976) AND (kind_id = 7))
                          Rows Removed by Filter: 2358768
Planning time: 1.237 ms
Execution time: 35097.193 ms
