Hash Join  (cost=85894.26..1005272.30 rows=2405327 width=0) (actual time=1468.632..16899.650 rows=874574 loops=1)
  Hash Cond: (ci.movie_id = t.id)
  ->  Seq Scan on cast_info ci  (cost=0.00..796071.18 rows=8337492 width=4) (actual time=0.021..13474.908 rows=3554095 loops=1)
        Filter: ((person_id < 1265070) AND (role_id > 1))
        Rows Removed by Filter: 32690249
  ->  Hash  (cost=73925.90..73925.90 rows=729468 width=4) (actual time=1467.037..1467.037 rows=638430 loops=1)
        Buckets: 131072  Batches: 16  Memory Usage: 2425kB
        ->  Seq Scan on title t  (cost=0.00..73925.90 rows=729468 width=4) (actual time=0.041..1257.937 rows=638430 loops=1)
              Filter: ((production_year < 2003) AND (kind_id = 7))
              Rows Removed by Filter: 1889882
Planning time: 0.785 ms
Execution time: 16996.737 ms
