Seq Scan on movie_companies mc  (cost=0.00..57926.93 rows=690496 width=0) (actual time=344.762..1062.649 rows=475244 loops=1)
  Filter: ((company_id > 10635) AND (company_type_id = 1))
  Rows Removed by Filter: 2133885
Planning time: 0.352 ms
Execution time: 1123.268 ms
