Hash Join  (cost=169120.99..294857.36 rows=181759 width=0) (actual time=3513.182..6579.229 rows=824012 loops=1)
  Hash Cond: (mk.movie_id = t.id)
  ->  Seq Scan on movie_keyword mk  (cost=0.00..81003.12 rows=3669239 width=4) (actual time=0.025..1700.415 rows=3661652 loops=1)
        Filter: (keyword_id < 21346)
        Rows Removed by Filter: 862278
  ->  Hash  (cost=167065.33..167065.33 rows=125253 width=8) (actual time=3512.166..3512.166 rows=124694 loops=1)
        Buckets: 131072  Batches: 2  Memory Usage: 3476kB
        ->  Hash Join  (cost=102767.86..167065.33 rows=125253 width=8) (actual time=2104.619..3473.081 rows=124694 loops=1)
              Hash Cond: (mc.movie_id = t.id)
              ->  Seq Scan on movie_companies mc  (cost=0.00..51404.11 rows=125253 width=4) (actual time=230.432..672.538 rows=124694 loops=1)
                    Filter: (company_id > 143949)
                    Rows Removed by Filter: 2484435
              ->  Hash  (cost=61283.27..61283.27 rows=2528527 width=4) (actual time=1872.467..1872.467 rows=2528312 loops=1)
                    Buckets: 131072  Batches: 64  Memory Usage: 2415kB
                    ->  Seq Scan on title t  (cost=0.00..61283.27 rows=2528527 width=4) (actual time=0.025..1010.384 rows=2528312 loops=1)
Planning time: 2.626 ms
Execution time: 6684.820 ms
