Hash Join  (cost=163751.04..218622.25 rows=20570 width=0) (actual time=2749.400..4034.869 rows=131567 loops=1)
  Hash Cond: (mc.movie_id = t.id)
  ->  Seq Scan on movie_companies mc  (cost=0.00..44881.29 rows=2609129 width=4) (actual time=0.014..584.954 rows=2609129 loops=1)
  ->  Hash  (cost=163501.86..163501.86 rows=19934 width=8) (actual time=2749.165..2749.165 rows=37630 loops=1)
        Buckets: 65536 (originally 32768)  Batches: 1 (originally 1)  Memory Usage: 1982kB
        ->  Hash Join  (cost=75381.89..163501.86 rows=19934 width=8) (actual time=1191.435..2735.122 rows=37630 loops=1)
              Hash Cond: (mk.movie_id = t.id)
              ->  Seq Scan on movie_keyword mk  (cost=0.00..81003.12 rows=568135 width=4) (actual time=0.016..1321.127 rows=570298 loops=1)
                    Filter: (keyword_id < 405)
                    Rows Removed by Filter: 3953632
              ->  Hash  (cost=73925.90..73925.90 rows=88719 width=4) (actual time=1190.542..1190.542 rows=95827 loops=1)
                    Buckets: 131072  Batches: 2  Memory Usage: 2719kB
                    ->  Seq Scan on title t  (cost=0.00..73925.90 rows=88719 width=4) (actual time=0.026..1156.908 rows=95827 loops=1)
                          Filter: ((production_year > 1962) AND (kind_id = 3))
                          Rows Removed by Filter: 2432485
Planning time: 1.144 ms
Execution time: 4053.162 ms
