Hash Join  (cost=205381.42..346132.45 rows=1538900 width=0) (actual time=5033.965..10253.955 rows=7052705 loops=1)
  Hash Cond: (mk.movie_id = t.id)
  ->  Seq Scan on movie_keyword mk  (cost=0.00..69693.30 rows=4523930 width=4) (actual time=0.026..1400.754 rows=4523930 loops=1)
  ->  Hash  (cost=191269.84..191269.84 rows=860126 width=8) (actual time=5033.010..5033.010 rows=1066668 loops=1)
        Buckets: 131072  Batches: 16  Memory Usage: 3645kB
        ->  Hash Join  (cost=102767.86..191269.84 rows=860126 width=8) (actual time=2206.216..4703.654 rows=1066668 loops=1)
              Hash Cond: (mc.movie_id = t.id)
              ->  Seq Scan on movie_companies mc  (cost=0.00..57926.93 rows=860126 width=4) (actual time=0.022..1123.186 rows=1066668 loops=1)
                    Filter: ((company_id > 3171) AND (company_type_id > 1))
                    Rows Removed by Filter: 1542461
              ->  Hash  (cost=61283.27..61283.27 rows=2528527 width=4) (actual time=2204.887..2204.887 rows=2528312 loops=1)
                    Buckets: 131072  Batches: 64  Memory Usage: 2415kB
                    ->  Seq Scan on title t  (cost=0.00..61283.27 rows=2528527 width=4) (actual time=0.023..1080.801 rows=2528312 loops=1)
Planning time: 3.312 ms
Execution time: 11087.912 ms
