Hash Join  (cost=73962.22..130367.65 rows=1528 width=0) (actual time=1229.448..2360.692 rows=2747 loops=1)
  Hash Cond: (mc.movie_id = t.id)
  ->  Seq Scan on movie_companies mc  (cost=0.00..51404.11 rows=1329612 width=4) (actual time=0.026..935.286 rows=1334883 loops=1)
        Filter: (company_type_id = 2)
        Rows Removed by Filter: 1274246
  ->  Hash  (cost=73925.90..73925.90 rows=2905 width=4) (actual time=1229.379..1229.379 rows=3043 loops=1)
        Buckets: 4096  Batches: 1  Memory Usage: 139kB
        ->  Seq Scan on title t  (cost=0.00..73925.90 rows=2905 width=4) (actual time=6.974..1227.634 rows=3043 loops=1)
              Filter: ((kind_id < 7) AND (production_year = 1952))
              Rows Removed by Filter: 2525269
Planning time: 0.720 ms
Execution time: 2361.394 ms
