Hash Join  (cost=512908.62..1704967.19 rows=6589434 width=0) (actual time=10951.716..42650.462 rows=7612564 loops=1)
  Hash Cond: (ci.movie_id = t.id)
  ->  Seq Scan on cast_info ci  (cost=0.00..614943.12 rows=36225612 width=4) (actual time=0.029..13072.410 rows=36244344 loops=1)
  ->  Hash  (cost=505362.38..505362.38 rows=459939 width=8) (actual time=10950.583..10950.583 rows=346172 loops=1)
        Buckets: 131072  Batches: 8  Memory Usage: 2702kB
        ->  Hash Join  (cost=70241.71..505362.38 rows=459939 width=8) (actual time=1591.698..10832.785 rows=346172 loops=1)
              Hash Cond: (mi.movie_id = t.id)
              ->  Seq Scan on movie_info mi  (cost=0.00..346232.03 rows=7235534 width=4) (actual time=153.864..6295.465 rows=7286865 loops=1)
                    Filter: (info_type_id < 8)
                    Rows Removed by Filter: 7548855
              ->  Hash  (cost=67604.59..67604.59 rows=160730 width=4) (actual time=1436.901..1436.901 rows=160017 loops=1)
                    Buckets: 131072  Batches: 4  Memory Usage: 2442kB
                    ->  Seq Scan on title t  (cost=0.00..67604.59 rows=160730 width=4) (actual time=0.029..1104.996 rows=160017 loops=1)
                          Filter: (production_year = 2011)
                          Rows Removed by Filter: 2368295
Planning time: 1.157 ms
Execution time: 43552.093 ms
