Nested Loop  (cost=0.43..83072.29 rows=96 width=0) (actual time=20.374..1286.957 rows=12 loops=1)
  ->  Seq Scan on movie_keyword mk  (cost=0.00..81003.12 rows=246 width=4) (actual time=20.297..1286.257 rows=13 loops=1)
        Filter: (keyword_id = 70014)
        Rows Removed by Filter: 4523917
  ->  Index Scan using title_pkey on title t  (cost=0.43..8.40 rows=1 width=4) (actual time=0.047..0.048 rows=1 loops=13)
        Index Cond: (id = mk.movie_id)
        Filter: (kind_id < 7)
        Rows Removed by Filter: 0
Planning time: 0.744 ms
Execution time: 1287.063 ms
