Hash Join  (cost=209941.75..1076878.30 rows=4704377 width=0) (actual time=5660.619..24066.417 rows=6233230 loops=1)
  Hash Cond: (ci.movie_id = t.id)
  ->  Seq Scan on cast_info ci  (cost=0.00..705507.15 rows=9468168 width=4) (actual time=1287.451..13958.528 rows=9384703 loops=1)
        Filter: (role_id > 4)
        Rows Removed by Filter: 26859641
  ->  Hash  (cost=189329.62..189329.62 rows=1256330 width=8) (actual time=4371.480..4371.480 rows=588363 loops=1)
        Buckets: 131072  Batches: 32  Memory Usage: 1718kB
        ->  Hash Join  (cost=93093.72..189329.62 rows=1256330 width=8) (actual time=1703.111..4207.126 rows=588363 loops=1)
              Hash Cond: (mc.movie_id = t.id)
              ->  Seq Scan on movie_companies mc  (cost=0.00..51404.11 rows=2044697 width=4) (actual time=0.030..1087.640 rows=2039710 loops=1)
                    Filter: (company_id < 71399)
                    Rows Removed by Filter: 569419
              ->  Hash  (cost=67604.59..67604.59 rows=1553611 width=4) (actual time=1701.616..1701.616 rows=1555864 loops=1)
                    Buckets: 131072  Batches: 32  Memory Usage: 2734kB
                    ->  Seq Scan on title t  (cost=0.00..67604.59 rows=1553611 width=4) (actual time=0.018..1208.848 rows=1555864 loops=1)
                          Filter: (kind_id > 4)
                          Rows Removed by Filter: 972448
Planning time: 1.031 ms
Execution time: 24708.385 ms
