Hash Join  (cost=143764.71..231683.80 rows=126105 width=0) (actual time=2879.806..6483.892 rows=3032110 loops=1)
  Hash Cond: (mk.movie_id = t.id)
  ->  Seq Scan on movie_keyword mk  (cost=0.00..69693.30 rows=4523930 width=4) (actual time=0.019..1136.474 rows=4523930 loops=1)
  ->  Hash  (cost=142883.67..142883.67 rows=70483 width=8) (actual time=2878.564..2878.564 rows=310443 loops=1)
        Buckets: 131072 (originally 131072)  Batches: 4 (originally 1)  Memory Usage: 4055kB
        ->  Hash Join  (cost=78556.72..142883.67 rows=70483 width=8) (actual time=1322.602..2767.879 rows=310443 loops=1)
              Hash Cond: (mc.movie_id = t.id)
              ->  Seq Scan on movie_companies mc  (cost=0.00..57926.93 rows=266982 width=4) (actual time=0.028..943.488 rows=528284 loops=1)
                    Filter: ((company_id > 72843) AND (company_type_id > 1))
                    Rows Removed by Filter: 2080845
              ->  Hash  (cost=67604.59..67604.59 rows=667531 width=4) (actual time=1321.615..1321.615 rows=662825 loops=1)
                    Buckets: 131072  Batches: 16  Memory Usage: 2476kB
                    ->  Seq Scan on title t  (cost=0.00..67604.59 rows=667531 width=4) (actual time=0.356..1123.880 rows=662825 loops=1)
                          Filter: (kind_id = 1)
                          Rows Removed by Filter: 1865487
Planning time: 1.237 ms
Execution time: 6841.887 ms
