Nested Loop  (cost=0.43..83072.29 rows=96 width=0) (actual time=8.044..1314.141 rows=239 loops=1)
  ->  Seq Scan on movie_keyword mk  (cost=0.00..81003.12 rows=246 width=4) (actual time=7.996..1296.003 rows=294 loops=1)
        Filter: (keyword_id = 12218)
        Rows Removed by Filter: 4523636
  ->  Index Scan using title_pkey on title t  (cost=0.43..8.40 rows=1 width=4) (actual time=0.058..0.059 rows=1 loops=294)
        Index Cond: (id = mk.movie_id)
        Filter: (kind_id < 7)
        Rows Removed by Filter: 0
Planning time: 0.743 ms
Execution time: 1314.402 ms
