Hash Join  (cost=86871.65..615753.61 rows=4599303 width=0) (actual time=1424.304..16438.348 rows=8216563 loops=1)
  Hash Cond: (mi.movie_id = t.id)
  ->  Seq Scan on movie_info mi  (cost=0.00..309384.22 rows=14739122 width=4) (actual time=0.017..5849.962 rows=14835720 loops=1)
  ->  Hash  (cost=73925.90..73925.90 rows=789020 width=4) (actual time=1423.157..1423.157 rows=704126 loops=1)
        Buckets: 131072  Batches: 16  Memory Usage: 2578kB
        ->  Seq Scan on title t  (cost=0.00..73925.90 rows=789020 width=4) (actual time=0.023..1193.702 rows=704126 loops=1)
              Filter: ((kind_id < 4) AND (production_year > 1940))
              Rows Removed by Filter: 1824186
Planning time: 0.722 ms
Execution time: 17359.329 ms
