Seq Scan on cast_info ci  (cost=0.00..796071.18 rows=2514132 width=0) (actual time=216.851..11682.049 rows=1537198 loops=1)
  Filter: ((person_id < 535485) AND (role_id > 2))
  Rows Removed by Filter: 34707146
Planning time: 0.356 ms
Execution time: 11876.697 ms
