Hash Join  (cost=128725.37..234211.48 rows=221377 width=0) (actual time=3313.447..5912.993 rows=1371352 loops=1)
  Hash Cond: (mk.movie_id = t.id)
  ->  Seq Scan on movie_keyword mk  (cost=0.00..81003.12 rows=1822190 width=4) (actual time=0.020..1560.625 rows=1826370 loops=1)
        Filter: (keyword_id > 7633)
        Rows Removed by Filter: 2697560
  ->  Hash  (cost=123685.51..123685.51 rows=307189 width=8) (actual time=3312.417..3312.417 rows=379490 loops=1)
        Buckets: 131072  Batches: 8  Memory Usage: 2893kB
        ->  Hash Join  (cost=81530.55..123685.51 rows=307189 width=8) (actual time=1493.033..3192.865 rows=379490 loops=1)
              Hash Cond: (mi_idx.movie_id = t.id)
              ->  Seq Scan on movie_info_idx mi_idx  (cost=0.00..25185.44 rows=915101 width=4) (actual time=0.025..511.037 rows=919850 loops=1)
                    Filter: (info_type_id < 101)
                    Rows Removed by Filter: 460185
              ->  Hash  (cost=67604.59..67604.59 rows=848797 width=4) (actual time=1491.971..1491.971 rows=849141 loops=1)
                    Buckets: 131072  Batches: 16  Memory Usage: 2892kB
                    ->  Seq Scan on title t  (cost=0.00..67604.59 rows=848797 width=4) (actual time=0.015..1224.158 rows=849141 loops=1)
                          Filter: (production_year < 1996)
                          Rows Removed by Filter: 1679171
Planning time: 1.193 ms
Execution time: 6044.558 ms
