Seq Scan on movie_keyword mk  (cost=0.00..81003.12 rows=673724 width=0) (actual time=0.014..1397.600 rows=673775 loops=1)
  Filter: (keyword_id < 538)
  Rows Removed by Filter: 3850155
Planning time: 0.320 ms
Execution time: 1485.106 ms
