Hash Join  (cost=69460.45..1197927.34 rows=1573751 width=0) (actual time=1254.513..32161.374 rows=1827991 loops=1)
  Hash Cond: (ci.movie_id = t.id)
  ->  Seq Scan on cast_info ci  (cost=0.00..705507.15 rows=35180861 width=4) (actual time=0.030..16379.123 rows=35316108 loops=1)
        Filter: (person_id > 95664)
        Rows Removed by Filter: 928236
  ->  Hash  (cost=67604.59..67604.59 rows=113109 width=4) (actual time=1253.695..1253.695 rows=119565 loops=1)
        Buckets: 131072  Batches: 2  Memory Usage: 3115kB
        ->  Seq Scan on title t  (cost=0.00..67604.59 rows=113109 width=4) (actual time=0.022..1208.067 rows=119565 loops=1)
              Filter: (production_year = 2007)
              Rows Removed by Filter: 2408747
Planning time: 0.783 ms
Execution time: 32390.530 ms
