Seq Scan on movie_keyword mk  (cost=0.00..81003.12 rows=246 width=0) (actual time=4.187..1252.087 rows=298 loops=1)
  Filter: (keyword_id = 36605)
  Rows Removed by Filter: 4523632
Planning time: 0.325 ms
Execution time: 1252.307 ms
