Seq Scan on cast_info ci  (cost=0.00..796071.18 rows=25627266 width=0) (actual time=0.014..17572.265 rows=27758030 loops=1)
  Filter: ((person_id < 3544548) AND (role_id < 6))
  Rows Removed by Filter: 8486314
Planning time: 0.353 ms
Execution time: 21023.574 ms
