Seq Scan on cast_info ci  (cost=0.00..796071.18 rows=16124269 width=0) (actual time=0.026..17505.334 rows=16086289 loops=1)
  Filter: ((person_id > 16866) AND (role_id > 2))
  Rows Removed by Filter: 20158055
Planning time: 0.372 ms
Execution time: 19469.487 ms
