Hash Join  (cost=263115.61..448864.35 rows=4001739 width=0) (actual time=6738.998..18513.792 rows=30960681 loops=1)
  Hash Cond: (mk.movie_id = t.id)
  ->  Seq Scan on movie_keyword mk  (cost=0.00..81003.12 rows=3878116 width=4) (actual time=0.014..1831.389 rows=3875878 loops=1)
        Filter: (keyword_id > 498)
        Rows Removed by Filter: 648052
  ->  Hash  (cost=220309.49..220309.49 rows=2609129 width=8) (actual time=6736.714..6736.714 rows=2609129 loops=1)
        Buckets: 131072  Batches: 64  Memory Usage: 2691kB
        ->  Hash Join  (cost=102767.86..220309.49 rows=2609129 width=8) (actual time=2296.737..5942.468 rows=2609129 loops=1)
              Hash Cond: (mc.movie_id = t.id)
              ->  Seq Scan on movie_companies mc  (cost=0.00..44881.29 rows=2609129 width=4) (actual time=0.026..1001.791 rows=2609129 loops=1)
              ->  Hash  (cost=61283.27..61283.27 rows=2528527 width=4) (actual time=2295.561..2295.561 rows=2528312 loops=1)
                    Buckets: 131072  Batches: 64  Memory Usage: 2415kB
                    ->  Seq Scan on title t  (cost=0.00..61283.27 rows=2528527 width=4) (actual time=0.012..1183.743 rows=2528312 loops=1)
Planning time: 1.088 ms
Execution time: 22051.645 ms
