Seq Scan on movie_companies mc  (cost=0.00..57926.93 rows=1185313 width=0) (actual time=0.018..1138.959 rows=1122159 loops=1)
  Filter: ((company_id > 49) AND (company_type_id < 2))
  Rows Removed by Filter: 1486970
Planning time: 0.358 ms
Execution time: 1280.391 ms
