Hash Join  (cost=88195.18..1064197.20 rows=4047392 width=0) (actual time=8147.110..26760.733 rows=4247578 loops=1)
  Hash Cond: (ci.movie_id = t.id)
  ->  Seq Scan on cast_info ci  (cost=0.00..796071.18 rows=11767179 width=4) (actual time=6683.541..17180.703 rows=10794356 loops=1)
        Filter: ((person_id < 3806618) AND (role_id > 3))
        Rows Removed by Filter: 25449988
  ->  Hash  (cost=73925.90..73925.90 rows=869702 width=4) (actual time=1462.393..1462.393 rows=896788 loops=1)
        Buckets: 131072  Batches: 16  Memory Usage: 2998kB
        ->  Seq Scan on title t  (cost=0.00..73925.90 rows=869702 width=4) (actual time=0.035..1192.950 rows=896788 loops=1)
              Filter: ((kind_id < 7) AND (production_year < 2012))
              Rows Removed by Filter: 1631524
Planning time: 0.842 ms
Execution time: 27240.346 ms
