Seq Scan on cast_info ci  (cost=0.00..796071.18 rows=11402209 width=0) (actual time=4208.610..16763.522 rows=12670688 loops=1)
  Filter: ((person_id < 3366971) AND (role_id = 1))
  Rows Removed by Filter: 23573656
Planning time: 0.437 ms
Execution time: 18304.793 ms
