Seq Scan on movie_companies mc  (cost=0.00..57926.93 rows=1056099 width=0) (actual time=0.015..1167.482 rows=1274246 loops=1)
  Filter: ((company_id < 76671) AND (company_type_id < 2))
  Rows Removed by Filter: 1334883
Planning time: 0.300 ms
Execution time: 1335.394 ms
