Hash Join  (cost=83810.17..195968.71 rows=689314 width=0) (actual time=1536.221..4552.196 rows=1544850 loops=1)
  Hash Cond: (mk.movie_id = t.id)
  ->  Seq Scan on movie_keyword mk  (cost=0.00..81003.12 rows=1764606 width=4) (actual time=0.020..1586.876 rows=1771741 loops=1)
        Filter: (keyword_id < 2874)
        Rows Removed by Filter: 2752189
  ->  Hash  (cost=67604.59..67604.59 rows=987727 width=4) (actual time=1534.803..1534.803 rows=985048 loops=1)
        Buckets: 131072  Batches: 16  Memory Usage: 3197kB
        ->  Seq Scan on title t  (cost=0.00..67604.59 rows=987727 width=4) (actual time=0.026..1226.728 rows=985048 loops=1)
              Filter: (kind_id < 7)
              Rows Removed by Filter: 1543264
Planning time: 0.785 ms
Execution time: 4739.427 ms
