Hash Join  (cost=68365.25..867334.98 rows=17480 width=0) (actual time=7738.757..12536.556 rows=12856 loops=1)
  Hash Cond: (ci.movie_id = t.id)
  ->  Seq Scan on cast_info ci  (cost=0.00..796071.18 rows=726334 width=4) (actual time=6679.357..11308.203 rows=503083 loops=1)
        Filter: ((person_id < 628004) AND (role_id = 3))
        Rows Removed by Filter: 35741261
  ->  Hash  (cost=67604.59..67604.59 rows=60853 width=4) (actual time=1058.789..1058.789 rows=62568 loops=1)
        Buckets: 65536  Batches: 1  Memory Usage: 2712kB
        ->  Seq Scan on title t  (cost=0.00..67604.59 rows=60853 width=4) (actual time=0.028..1033.106 rows=62568 loops=1)
              Filter: (production_year = 2002)
              Rows Removed by Filter: 2465744
Planning time: 1.237 ms
Execution time: 12538.782 ms
