Hash Join  (cost=80193.64..456609.84 rows=331536 width=0) (actual time=3457.569..8217.423 rows=1032742 loops=1)
  Hash Cond: (mi.movie_id = t.id)
  ->  Seq Scan on movie_info mi  (cost=0.00..346232.03 rows=2194617 width=4) (actual time=2010.169..5617.626 rows=2233850 loops=1)
        Filter: (info_type_id > 16)
        Rows Removed by Filter: 12601870
  ->  Hash  (cost=73925.90..73925.90 rows=381979 width=4) (actual time=1321.110..1321.110 rows=440029 loops=1)
        Buckets: 131072  Batches: 8  Memory Usage: 2976kB
        ->  Seq Scan on title t  (cost=0.00..73925.90 rows=381979 width=4) (actual time=265.151..1183.383 rows=440029 loops=1)
              Filter: ((kind_id < 2) AND (production_year < 2006))
              Rows Removed by Filter: 2088283
Planning time: 0.739 ms
Execution time: 8329.765 ms
