Seq Scan on movie_keyword mk  (cost=0.00..81003.12 rows=246 width=0) (actual time=0.991..1357.256 rows=778 loops=1)
  Filter: (keyword_id = 6393)
  Rows Removed by Filter: 4523152
Planning time: 0.359 ms
Execution time: 1357.667 ms
