Hash Join  (cost=52284.99..79196.04 rows=57 width=0) (actual time=884.083..1428.518 rows=315 loops=1)
  Hash Cond: (mi_idx.movie_id = t.id)
  ->  Seq Scan on movie_info_idx mi_idx  (cost=0.00..21735.35 rows=1380035 width=4) (actual time=0.020..303.244 rows=1380035 loops=1)
  ->  Hash  (cost=52283.69..52283.69 rows=104 width=8) (actual time=879.851..879.851 rows=109 loops=1)
        Buckets: 1024  Batches: 1  Memory Usage: 13kB
        ->  Nested Loop  (cost=0.43..52283.69 rows=104 width=8) (actual time=72.161..879.737 rows=109 loops=1)
              ->  Seq Scan on movie_companies mc  (cost=0.00..51404.11 rows=104 width=4) (actual time=72.072..876.786 rows=109 loops=1)
                    Filter: (company_id = 5936)
                    Rows Removed by Filter: 2609020
              ->  Index Only Scan using title_pkey on title t  (cost=0.43..8.45 rows=1 width=4) (actual time=0.024..0.024 rows=1 loops=109)
                    Index Cond: (id = mc.movie_id)
                    Heap Fetches: 109
Planning time: 1.146 ms
Execution time: 1428.685 ms
