Hash Join  (cost=119792.17..469064.18 rows=372 width=0) (actual time=5321.310..7057.203 rows=602 loops=1)
  Hash Cond: (mi.movie_id = t.id)
  ->  Seq Scan on movie_info mi  (cost=0.00..346232.03 rows=809669 width=4) (actual time=3460.252..5074.556 rows=802140 loops=1)
        Filter: (info_type_id = 1)
        Rows Removed by Filter: 14033580
  ->  Hash  (cost=119777.65..119777.65 rows=1162 width=8) (actual time=1860.595..1860.595 rows=967 loops=1)
        Buckets: 2048  Batches: 1  Memory Usage: 54kB
        ->  Hash Join  (cost=68058.67..119777.65 rows=1162 width=8) (actual time=987.530..1860.052 rows=967 loops=1)
              Hash Cond: (mc.movie_id = t.id)
              ->  Seq Scan on movie_companies mc  (cost=0.00..51404.11 rows=80864 width=4) (actual time=0.164..851.911 rows=84071 loops=1)
                    Filter: (company_id < 19)
                    Rows Removed by Filter: 2525058
              ->  Hash  (cost=67604.59..67604.59 rows=36327 width=4) (actual time=979.039..979.039 rows=36509 loops=1)
                    Buckets: 65536  Batches: 1  Memory Usage: 1796kB
                    ->  Seq Scan on title t  (cost=0.00..67604.59 rows=36327 width=4) (actual time=0.077..963.513 rows=36509 loops=1)
                          Filter: (production_year = 1996)
                          Rows Removed by Filter: 2491803
Planning time: 1.147 ms
Execution time: 7057.558 ms
