Hash Join  (cost=93117.31..1230428.28 rows=10870073 width=0) (actual time=5341.768..30213.218 rows=8578238 loops=1)
  Hash Cond: (ci.movie_id = t.id)
  ->  Seq Scan on cast_info ci  (cost=0.00..796071.18 rows=17675212 width=4) (actual time=3310.958..17287.789 rows=14579019 loops=1)
        Filter: ((person_id < 2797143) AND (role_id > 1))
        Rows Removed by Filter: 21665325
  ->  Hash  (cost=67604.59..67604.59 rows=1555018 width=4) (actual time=2029.642..2029.642 rows=1551727 loops=1)
        Buckets: 131072  Batches: 32  Memory Usage: 2728kB
        ->  Seq Scan on title t  (cost=0.00..67604.59 rows=1555018 width=4) (actual time=0.022..1529.482 rows=1551727 loops=1)
              Filter: (production_year < 2007)
              Rows Removed by Filter: 976585
Planning time: 0.804 ms
Execution time: 31210.257 ms
