Seq Scan on cast_info ci  (cost=0.00..796071.18 rows=2605686 width=0) (actual time=2334.454..14923.339 rows=3054217 loops=1)
  Filter: ((person_id > 1238670) AND (role_id = 3))
  Rows Removed by Filter: 33190127
Planning time: 0.424 ms
Execution time: 15297.065 ms
