Hash Join  (cost=79405.47..208687.67 rows=597516 width=0) (actual time=1974.530..6521.527 rows=2028639 loops=1)
  Hash Cond: (mk.movie_id = t.id)
  ->  Seq Scan on movie_keyword mk  (cost=0.00..69693.30 rows=4523930 width=4) (actual time=0.010..1470.627 rows=4523930 loops=1)
  ->  Hash  (cost=73925.90..73925.90 rows=333965 width=4) (actual time=1973.632..1973.632 rows=411522 loops=1)
        Buckets: 131072  Batches: 8  Memory Usage: 2849kB
        ->  Seq Scan on title t  (cost=0.00..73925.90 rows=333965 width=4) (actual time=1.098..1334.269 rows=411522 loops=1)
              Filter: ((production_year < 2004) AND (kind_id = 1))
              Rows Removed by Filter: 2116790
Planning time: 0.534 ms
Execution time: 6748.790 ms
