Hash Join  (cost=102767.86..1013896.49 rows=4371043 width=0) (actual time=4516.093..17748.433 rows=2693821 loops=1)
  Hash Cond: (ci.movie_id = t.id)
  ->  Seq Scan on cast_info ci  (cost=0.00..796071.18 rows=4371043 width=4) (actual time=2604.984..13119.818 rows=2693821 loops=1)
        Filter: ((person_id < 942530) AND (role_id > 2))
        Rows Removed by Filter: 33550523
  ->  Hash  (cost=61283.27..61283.27 rows=2528527 width=4) (actual time=1909.876..1909.876 rows=2528312 loops=1)
        Buckets: 131072  Batches: 64  Memory Usage: 2415kB
        ->  Seq Scan on title t  (cost=0.00..61283.27 rows=2528527 width=4) (actual time=0.017..1082.363 rows=2528312 loops=1)
Planning time: 0.801 ms
Execution time: 18074.523 ms
