Seq Scan on movie_keyword mk  (cost=0.00..81003.12 rows=4129710 width=0) (actual time=0.016..1505.451 rows=4134107 loops=1)
  Filter: (keyword_id < 44133)
  Rows Removed by Filter: 389823
Planning time: 0.346 ms
Execution time: 2024.564 ms
