Hash Join  (cost=98864.94..1112754.77 rows=6766620 width=0) (actual time=7867.670..24975.924 rows=5042325 loops=1)
  Hash Cond: (ci.movie_id = t.id)
  ->  Seq Scan on cast_info ci  (cost=0.00..796071.18 rows=11255689 width=4) (actual time=5852.025..16528.028 rows=9254778 loops=1)
        Filter: ((person_id < 3522902) AND (role_id > 3))
        Rows Removed by Filter: 26989566
  ->  Hash  (cost=73925.90..73925.90 rows=1520083 width=4) (actual time=2014.379..2014.379 rows=1507233 loops=1)
        Buckets: 131072  Batches: 32  Memory Usage: 2679kB
        ->  Seq Scan on title t  (cost=0.00..73925.90 rows=1520083 width=4) (actual time=0.031..1520.307 rows=1507233 loops=1)
              Filter: ((kind_id > 1) AND (production_year < 2011))
              Rows Removed by Filter: 1021079
Planning time: 1.075 ms
Execution time: 25576.188 ms
