Hash Join  (cost=164521.93..219744.02 rows=12752 width=0) (actual time=2985.064..4130.913 rows=193406 loops=1)
  Hash Cond: (mc.movie_id = t.id)
  ->  Seq Scan on movie_companies mc  (cost=0.00..51404.11 rows=984123 width=4) (actual time=0.014..872.517 rows=984863 loops=1)
        Filter: (company_id < 4493)
        Rows Removed by Filter: 1624266
  ->  Hash  (cost=164112.39..164112.39 rows=32763 width=8) (actual time=2982.757..2982.757 rows=52016 loops=1)
        Buckets: 65536 (originally 32768)  Batches: 1 (originally 1)  Memory Usage: 2544kB
        ->  Hash Join  (cost=77810.57..164112.39 rows=32763 width=8) (actual time=1170.783..2965.686 rows=52016 loops=1)
              Hash Cond: (mk.movie_id = t.id)
              ->  Seq Scan on movie_keyword mk  (cost=0.00..81003.12 rows=349885 width=4) (actual time=0.031..1362.501 rows=347648 loops=1)
                    Filter: (keyword_id > 47874)
                    Rows Removed by Filter: 4176282
              ->  Hash  (cost=73925.90..73925.90 rows=236773 width=4) (actual time=1169.360..1169.360 rows=208162 loops=1)
                    Buckets: 131072  Batches: 4  Memory Usage: 2863kB
                    ->  Seq Scan on title t  (cost=0.00..73925.90 rows=236773 width=4) (actual time=0.015..1101.209 rows=208162 loops=1)
                          Filter: ((kind_id < 3) AND (production_year > 2007))
                          Rows Removed by Filter: 2320150
Planning time: 1.141 ms
Execution time: 4155.749 ms
