Seq Scan on cast_info ci  (cost=0.00..796071.18 rows=15881559 width=0) (actual time=3143.848..17398.239 rows=15965980 loops=1)
  Filter: ((person_id > 64889) AND (role_id > 2))
  Rows Removed by Filter: 20278364
Planning time: 0.329 ms
Execution time: 19317.693 ms
