Seq Scan on movie_keyword mk  (cost=0.00..81003.12 rows=3620314 width=0) (actual time=0.025..1470.939 rows=3622121 loops=1)
  Filter: (keyword_id < 20476)
  Rows Removed by Filter: 901809
Planning time: 0.313 ms
Execution time: 1905.434 ms
