Hash Join  (cost=986434.67..1780146.19 rows=24238989 width=0) (actual time=19173.911..56709.192 rows=79563378 loops=1)
  Hash Cond: (mi.movie_id = t.id)
  ->  Seq Scan on movie_info mi  (cost=0.00..309384.22 rows=14739122 width=4) (actual time=0.020..6019.280 rows=14835720 loops=1)
  ->  Hash  (cost=918212.55..918212.55 rows=4158249 width=8) (actual time=19172.394..19172.394 rows=4201549 loops=1)
        Buckets: 131072  Batches: 64  Memory Usage: 3631kB
        ->  Hash Join  (cost=102767.86..918212.55 rows=4158249 width=8) (actual time=1867.005..17813.572 rows=4201549 loops=1)
              Hash Cond: (ci.movie_id = t.id)
              ->  Seq Scan on cast_info ci  (cost=0.00..705507.15 rows=4158249 width=4) (actual time=0.024..11040.669 rows=4201549 loops=1)
                    Filter: (person_id > 3289205)
                    Rows Removed by Filter: 32042795
              ->  Hash  (cost=61283.27..61283.27 rows=2528527 width=4) (actual time=1865.912..1865.912 rows=2528312 loops=1)
                    Buckets: 131072  Batches: 64  Memory Usage: 2415kB
                    ->  Seq Scan on title t  (cost=0.00..61283.27 rows=2528527 width=4) (actual time=0.018..1066.305 rows=2528312 loops=1)
Planning time: 2.823 ms
Execution time: 65688.037 ms
