Hash Join  (cost=129613.23..524354.13 rows=146462 width=0) (actual time=2957.561..10475.164 rows=64448 loops=1)
  Hash Cond: (mi.movie_id = t.id)
  ->  Seq Scan on movie_info mi  (cost=0.00..346232.03 rows=12545135 width=4) (actual time=0.022..5715.599 rows=12601870 loops=1)
        Filter: (info_type_id < 17)
        Rows Removed by Filter: 2233850
  ->  Hash  (cost=129244.23..129244.23 rows=29520 width=8) (actual time=2650.328..2650.328 rows=10121 loops=1)
        Buckets: 32768  Batches: 1  Memory Usage: 652kB
        ->  Hash Join  (cost=74283.51..129244.23 rows=29520 width=8) (actual time=1266.088..2646.502 rows=10121 loops=1)
              Hash Cond: (mc.movie_id = t.id)
              ->  Seq Scan on movie_companies mc  (cost=0.00..44881.29 rows=2609129 width=4) (actual time=0.018..705.019 rows=2609129 loops=1)
              ->  Hash  (cost=73925.90..73925.90 rows=28608 width=4) (actual time=1265.523..1265.523 rows=32134 loops=1)
                    Buckets: 32768  Batches: 1  Memory Usage: 1386kB
                    ->  Seq Scan on title t  (cost=0.00..73925.90 rows=28608 width=4) (actual time=0.031..1251.876 rows=32134 loops=1)
                          Filter: ((kind_id = 7) AND (production_year = 1998))
                          Rows Removed by Filter: 2496178
Planning time: 1.613 ms
Execution time: 10483.682 ms
