Seq Scan on movie_keyword mk  (cost=0.00..81003.12 rows=246 width=0) (actual time=9.751..1188.155 rows=191 loops=1)
  Filter: (keyword_id = 6076)
  Rows Removed by Filter: 4523739
Planning time: 0.400 ms
Execution time: 1188.348 ms
