Seq Scan on cast_info ci  (cost=0.00..796071.18 rows=4574248 width=0) (actual time=9434.513..14257.762 rows=6180789 loops=1)
  Filter: ((person_id > 1478842) AND (role_id > 6))
  Rows Removed by Filter: 30063555
Planning time: 0.384 ms
Execution time: 15036.009 ms
