Hash Join  (cost=75427.43..143676.03 rows=30231 width=0) (actual time=1862.289..2502.414 rows=19723 loops=1)
  Hash Cond: (mc.movie_id = t.id)
  ->  Seq Scan on movie_companies mc  (cost=0.00..57926.93 rows=835562 width=4) (actual time=552.395..1095.310 rows=634799 loops=1)
        Filter: ((company_id > 2925) AND (company_type_id = 1))
        Rows Removed by Filter: 1974330
  ->  Hash  (cost=73925.90..73925.90 rows=91482 width=4) (actual time=1173.716..1173.716 rows=99074 loops=1)
        Buckets: 131072  Batches: 2  Memory Usage: 2769kB
        ->  Seq Scan on title t  (cost=0.00..73925.90 rows=91482 width=4) (actual time=497.651..1138.840 rows=99074 loops=1)
              Filter: ((production_year > 1955) AND (kind_id = 3))
              Rows Removed by Filter: 2429238
Planning time: 0.806 ms
Execution time: 2505.441 ms
