Hash Join  (cost=83568.99..961330.90 rows=1328963 width=0) (actual time=2491.082..16501.817 rows=868156 loops=1)
  Hash Cond: (ci.movie_id = t.id)
  ->  Seq Scan on cast_info ci  (cost=0.00..796071.18 rows=5717092 width=4) (actual time=1001.505..12829.517 rows=2585975 loops=1)
        Filter: ((person_id < 2209190) AND (role_id > 4))
        Rows Removed by Filter: 33658369
  ->  Hash  (cost=73925.90..73925.90 rows=587767 width=4) (actual time=1488.788..1488.788 rows=594730 loops=1)
        Buckets: 131072  Batches: 8  Memory Usage: 3648kB
        ->  Seq Scan on title t  (cost=0.00..73925.90 rows=587767 width=4) (actual time=368.308..1306.289 rows=594730 loops=1)
              Filter: ((production_year < 2012) AND (kind_id = 1))
              Rows Removed by Filter: 1933582
Planning time: 0.960 ms
Execution time: 16611.605 ms
