Hash Join  (cost=75831.78..112473.21 rows=42036 width=0) (actual time=1173.761..2185.619 rows=125112 loops=1)
  Hash Cond: (mi_idx.movie_id = t.id)
  ->  Seq Scan on movie_info_idx mi_idx  (cost=0.00..25185.44 rows=915101 width=4) (actual time=0.028..526.914 rows=919850 loops=1)
        Filter: (info_type_id < 101)
        Rows Removed by Filter: 460185
  ->  Hash  (cost=73925.90..73925.90 rows=116150 width=4) (actual time=1172.984..1172.984 rows=248210 loops=1)
        Buckets: 131072 (originally 131072)  Batches: 4 (originally 2)  Memory Usage: 3207kB
        ->  Seq Scan on title t  (cost=0.00..73925.90 rows=116150 width=4) (actual time=285.210..1080.771 rows=248210 loops=1)
              Filter: ((production_year < 1975) AND (kind_id = 1))
              Rows Removed by Filter: 2280102
Planning time: 0.781 ms
Execution time: 2202.377 ms
