Hash Join  (cost=52284.99..148662.62 rows=169 width=0) (actual time=865.865..2806.470 rows=774 loops=1)
  Hash Cond: (mk.movie_id = t.id)
  ->  Seq Scan on movie_keyword mk  (cost=0.00..81003.12 rows=4099418 width=4) (actual time=0.025..1486.620 rows=4087742 loops=1)
        Filter: (keyword_id > 335)
        Rows Removed by Filter: 436188
  ->  Hash  (cost=52283.69..52283.69 rows=104 width=8) (actual time=770.445..770.445 rows=93 loops=1)
        Buckets: 1024  Batches: 1  Memory Usage: 12kB
        ->  Nested Loop  (cost=0.43..52283.69 rows=104 width=8) (actual time=9.345..770.353 rows=93 loops=1)
              ->  Seq Scan on movie_companies mc  (cost=0.00..51404.11 rows=104 width=4) (actual time=9.260..767.392 rows=93 loops=1)
                    Filter: (company_id = 873)
                    Rows Removed by Filter: 2609036
              ->  Index Only Scan using title_pkey on title t  (cost=0.43..8.45 rows=1 width=4) (actual time=0.029..0.029 rows=1 loops=93)
                    Index Cond: (id = mc.movie_id)
                    Heap Fetches: 93
Planning time: 1.112 ms
Execution time: 2806.692 ms
