Hash Join  (cost=52284.99..845925.14 rows=967 width=0) (actual time=751.561..18200.744 rows=560 loops=1)
  Hash Cond: (ci.movie_id = t.id)
  ->  Seq Scan on cast_info ci  (cost=0.00..705507.15 rows=23499554 width=4) (actual time=0.016..14292.143 rows=23573656 loops=1)
        Filter: (role_id > 1)
        Rows Removed by Filter: 12670688
  ->  Hash  (cost=52283.69..52283.69 rows=104 width=8) (actual time=674.333..674.333 rows=56 loops=1)
        Buckets: 1024  Batches: 1  Memory Usage: 11kB
        ->  Nested Loop  (cost=0.43..52283.69 rows=104 width=8) (actual time=51.990..674.286 rows=56 loops=1)
              ->  Seq Scan on movie_companies mc  (cost=0.00..51404.11 rows=104 width=4) (actual time=51.887..671.482 rows=56 loops=1)
                    Filter: (company_id = 57978)
                    Rows Removed by Filter: 2609073
              ->  Index Only Scan using title_pkey on title t  (cost=0.43..8.45 rows=1 width=4) (actual time=0.047..0.048 rows=1 loops=56)
                    Index Cond: (id = mc.movie_id)
                    Heap Fetches: 56
Planning time: 1.228 ms
Execution time: 18201.299 ms
