Hash Join  (cost=101489.21..189658.53 rows=863226 width=0) (actual time=1910.852..3882.218 rows=694523 loops=1)
  Hash Cond: (mc.movie_id = t.id)
  ->  Seq Scan on movie_companies mc  (cost=0.00..57926.93 rows=1056824 width=4) (actual time=0.136..1011.848 rows=796869 loops=1)
        Filter: ((company_id < 72272) AND (company_type_id > 1))
        Rows Removed by Filter: 1812260
  ->  Hash  (cost=67604.59..67604.59 rows=2065330 width=4) (actual time=1909.411..1909.411 rows=2064552 loops=1)
        Buckets: 131072  Batches: 32  Memory Usage: 3289kB
        ->  Seq Scan on title t  (cost=0.00..67604.59 rows=2065330 width=4) (actual time=0.011..1245.884 rows=2064552 loops=1)
              Filter: (production_year < 2011)
              Rows Removed by Filter: 463760
Planning time: 0.757 ms
Execution time: 3964.306 ms
