Hash Join  (cost=901068.83..1391263.05 rows=973529 width=0) (actual time=14664.092..26475.204 rows=923962 loops=1)
  Hash Cond: (mi.movie_id = t.id)
  ->  Seq Scan on movie_info mi  (cost=0.00..309384.22 rows=14739122 width=4) (actual time=0.009..5835.532 rows=14835720 loops=1)
  ->  Hash  (cost=898328.19..898328.19 rows=167011 width=8) (actual time=14662.895..14662.895 rows=147392 loops=1)
        Buckets: 131072  Batches: 4  Memory Usage: 2464kB
        ->  Hash Join  (cost=70308.29..898328.19 rows=167011 width=8) (actual time=5519.641..14606.130 rows=147392 loops=1)
              Hash Cond: (ci.movie_id = t.id)
              ->  Seq Scan on cast_info ci  (cost=0.00..796071.18 rows=2562831 width=4) (actual time=4427.469..12437.498 rows=2350709 loops=1)
                    Filter: ((person_id > 2395416) AND (role_id = 2))
                    Rows Removed by Filter: 33893635
              ->  Hash  (cost=67604.59..67604.59 rows=164776 width=4) (actual time=1091.251..1091.251 rows=164307 loops=1)
                    Buckets: 131072  Batches: 4  Memory Usage: 2482kB
                    ->  Seq Scan on title t  (cost=0.00..67604.59 rows=164776 width=4) (actual time=0.025..1032.409 rows=164307 loops=1)
                          Filter: (production_year = 2012)
                          Rows Removed by Filter: 2364005
Planning time: 0.824 ms
Execution time: 26584.344 ms
