Hash Join  (cost=90606.68..220309.81 rows=1154081 width=0) (actual time=2565.308..4820.824 rows=247922 loops=1)
  Hash Cond: (mk.movie_id = t.id)
  ->  Seq Scan on movie_keyword mk  (cost=0.00..81003.12 rows=2870186 width=4) (actual time=0.015..1689.916 rows=2861891 loops=1)
        Filter: (keyword_id < 8789)
        Rows Removed by Filter: 1662039
  ->  Hash  (cost=73925.90..73925.90 rows=1016702 width=4) (actual time=1658.131..1658.131 rows=960113 loops=1)
        Buckets: 131072  Batches: 16  Memory Usage: 3141kB
        ->  Seq Scan on title t  (cost=0.00..73925.90 rows=1016702 width=4) (actual time=0.017..1338.841 rows=960113 loops=1)
              Filter: ((production_year < 2008) AND (kind_id = 7))
              Rows Removed by Filter: 1568199
Planning time: 7.080 ms
Execution time: 4851.949 ms
