Hash Join  (cost=575416.27..1790245.89 rows=8707490 width=0) (actual time=14214.299..46114.287 rows=15723001 loops=1)
  Hash Cond: (ci.movie_id = t.id)
  ->  Seq Scan on cast_info ci  (cost=0.00..705507.15 rows=23499554 width=4) (actual time=0.019..15620.562 rows=23573656 loops=1)
        Filter: (role_id > 1)
        Rows Removed by Filter: 12670688
  ->  Hash  (cost=560044.81..560044.81 rows=936917 width=8) (actual time=14213.171..14213.171 rows=741934 loops=1)
        Buckets: 131072  Batches: 16  Memory Usage: 2884kB
        ->  Hash Join  (cost=70241.71..560044.81 rows=936917 width=8) (actual time=1107.317..13958.339 rows=741934 loops=1)
              Hash Cond: (mi.movie_id = t.id)
              ->  Seq Scan on movie_info mi  (cost=0.00..309384.22 rows=14739122 width=4) (actual time=0.020..5664.581 rows=14835720 loops=1)
              ->  Hash  (cost=67604.59..67604.59 rows=160730 width=4) (actual time=1106.226..1106.226 rows=160017 loops=1)
                    Buckets: 131072  Batches: 4  Memory Usage: 2442kB
                    ->  Seq Scan on title t  (cost=0.00..67604.59 rows=160730 width=4) (actual time=0.026..1047.417 rows=160017 loops=1)
                          Filter: (production_year = 2011)
                          Rows Removed by Filter: 2368295
Planning time: 1.186 ms
Execution time: 47817.831 ms
