Hash Join  (cost=102767.86..834819.77 rows=692601 width=0) (actual time=7857.361..13840.655 rows=720969 loops=1)
  Hash Cond: (ci.movie_id = t.id)
  ->  Seq Scan on cast_info ci  (cost=0.00..705507.15 rows=692601 width=4) (actual time=5881.573..10840.682 rows=720969 loops=1)
        Filter: (person_id > 3923487)
        Rows Removed by Filter: 35523375
  ->  Hash  (cost=61283.27..61283.27 rows=2528527 width=4) (actual time=1974.436..1974.436 rows=2528312 loops=1)
        Buckets: 131072  Batches: 64  Memory Usage: 2415kB
        ->  Seq Scan on title t  (cost=0.00..61283.27 rows=2528527 width=4) (actual time=0.017..1105.778 rows=2528312 loops=1)
Planning time: 0.764 ms
Execution time: 13927.600 ms
