Hash Join  (cost=73950.44..100871.63 rows=1071 width=0) (actual time=1082.495..1542.095 rows=3782 loops=1)
  Hash Cond: (mi_idx.movie_id = t.id)
  ->  Seq Scan on movie_info_idx mi_idx  (cost=0.00..21735.35 rows=1380035 width=4) (actual time=0.009..273.915 rows=1380035 loops=1)
  ->  Hash  (cost=73925.90..73925.90 rows=1963 width=4) (actual time=991.120..991.120 rows=3361 loops=1)
        Buckets: 4096 (originally 2048)  Batches: 1 (originally 1)  Memory Usage: 151kB
        ->  Seq Scan on title t  (cost=0.00..73925.90 rows=1963 width=4) (actual time=224.512..989.492 rows=3361 loops=1)
              Filter: ((kind_id < 2) AND (production_year = 1963))
              Rows Removed by Filter: 2524951
Planning time: 0.799 ms
Execution time: 1542.835 ms
