Seq Scan on cast_info ci  (cost=0.00..796071.18 rows=11863038 width=0) (actual time=0.025..16337.228 rows=10955180 loops=1)
  Filter: ((person_id > 233231) AND (role_id = 1))
  Rows Removed by Filter: 25289164
Planning time: 0.418 ms
Execution time: 17660.566 ms
