Seq Scan on cast_info ci  (cost=0.00..705507.15 rows=4873233 width=0) (actual time=338.307..11355.267 rows=4757468 loops=1)
  Filter: (person_id < 461700)
  Rows Removed by Filter: 31486876
Planning time: 0.306 ms
Execution time: 11943.261 ms
