Seq Scan on cast_info ci  (cost=0.00..796071.18 rows=2935215 width=0) (actual time=0.017..13903.785 rows=1970561 loops=1)
  Filter: ((person_id < 2747502) AND (role_id = 3))
  Rows Removed by Filter: 34273783
Planning time: 0.462 ms
Execution time: 14146.596 ms
