Seq Scan on movie_companies mc  (cost=0.00..57926.93 rows=510338 width=0) (actual time=111.278..907.702 rows=214967 loops=1)
  Filter: ((company_id > 14972) AND (company_type_id < 2))
  Rows Removed by Filter: 2394162
Planning time: 0.346 ms
Execution time: 935.664 ms
