Hash Join  (cost=165368.73..206551.40 rows=203419 width=0) (actual time=3553.308..5055.487 rows=1203905 loops=1)
  Hash Cond: (mi_idx.movie_id = t.id)
  ->  Seq Scan on movie_info_idx mi_idx  (cost=0.00..21735.35 rows=1380035 width=4) (actual time=0.016..456.414 rows=1380035 loops=1)
  ->  Hash  (cost=159253.87..159253.87 rows=372709 width=8) (actual time=3552.576..3552.576 rows=567331 loops=1)
        Buckets: 131072  Batches: 8  Memory Usage: 3792kB
        ->  Hash Join  (cost=88195.18..159253.87 rows=372709 width=8) (actual time=1575.634..3392.120 rows=567331 loops=1)
              Hash Cond: (mc.movie_id = t.id)
              ->  Seq Scan on movie_companies mc  (cost=0.00..51404.11 rows=1083596 width=4) (actual time=0.024..1002.100 rows=1077651 loops=1)
                    Filter: (company_id < 6893)
                    Rows Removed by Filter: 1531478
              ->  Hash  (cost=73925.90..73925.90 rows=869702 width=4) (actual time=1574.653..1574.653 rows=896788 loops=1)
                    Buckets: 131072  Batches: 16  Memory Usage: 2998kB
                    ->  Seq Scan on title t  (cost=0.00..73925.90 rows=869702 width=4) (actual time=0.027..1296.562 rows=896788 loops=1)
                          Filter: ((kind_id < 7) AND (production_year < 2012))
                          Rows Removed by Filter: 1631524
Planning time: 3.705 ms
Execution time: 5210.856 ms
