Hash Join  (cost=255215.96..893560.43 rows=13131464 width=0) (actual time=6188.091..37649.791 rows=61400817 loops=1)
  Hash Cond: (mi.movie_id = t.id)
  ->  Seq Scan on movie_info mi  (cost=0.00..309384.22 rows=14739122 width=4) (actual time=0.010..6202.384 rows=14835720 loops=1)
  ->  Hash  (cost=218256.83..218256.83 rows=2252730 width=8) (actual time=6187.273..6187.273 rows=2258452 loops=1)
        Buckets: 131072  Batches: 32  Memory Usage: 3835kB
        ->  Hash Join  (cost=102767.86..218256.83 rows=2252730 width=8) (actual time=1921.877..5478.504 rows=2258452 loops=1)
              Hash Cond: (mc.movie_id = t.id)
              ->  Seq Scan on movie_companies mc  (cost=0.00..51404.11 rows=2252730 width=4) (actual time=0.080..1219.971 rows=2258452 loops=1)
                    Filter: (company_id > 166)
                    Rows Removed by Filter: 350677
              ->  Hash  (cost=61283.27..61283.27 rows=2528527 width=4) (actual time=1920.062..1920.062 rows=2528312 loops=1)
                    Buckets: 131072  Batches: 64  Memory Usage: 2415kB
                    ->  Seq Scan on title t  (cost=0.00..61283.27 rows=2528527 width=4) (actual time=0.009..1078.261 rows=2528312 loops=1)
Planning time: 1.164 ms
Execution time: 44961.027 ms
