Hash Join  (cost=260290.26..1656843.08 rows=29552583 width=0) (actual time=6723.255..59770.730 rows=66325767 loops=1)
  Hash Cond: (ci.movie_id = t.id)
  ->  Seq Scan on cast_info ci  (cost=0.00..705507.15 rows=30113169 width=4) (actual time=0.018..16359.248 rows=30226068 loops=1)
        Filter: (person_id > 581513)
        Rows Removed by Filter: 6018276
  ->  Hash  (cost=219578.06..219578.06 rows=2481456 width=8) (actual time=6722.484..6722.484 rows=2468210 loops=1)
        Buckets: 131072  Batches: 64  Memory Usage: 2525kB
        ->  Hash Join  (cost=107058.56..219578.06 rows=2481456 width=8) (actual time=2074.755..5986.089 rows=2468210 loops=1)
              Hash Cond: (mc.movie_id = t.id)
              ->  Seq Scan on movie_companies mc  (cost=0.00..44881.29 rows=2609129 width=4) (actual time=0.015..880.115 rows=2609129 loops=1)
              ->  Hash  (cost=67604.59..67604.59 rows=2404798 width=4) (actual time=2073.553..2073.553 rows=2396371 loops=1)
                    Buckets: 131072  Batches: 32  Memory Usage: 3657kB
                    ->  Seq Scan on title t  (cost=0.00..67604.59 rows=2404798 width=4) (actual time=0.017..1303.514 rows=2396371 loops=1)
                          Filter: (production_year > 1914)
                          Rows Removed by Filter: 131941
Planning time: 1.128 ms
Execution time: 67352.868 ms
