Seq Scan on movie_keyword mk  (cost=0.00..81003.12 rows=246 width=0) (actual time=11.748..1218.799 rows=268 loops=1)
  Filter: (keyword_id = 2760)
  Rows Removed by Filter: 4523662
Planning time: 0.411 ms
Execution time: 1219.056 ms
