Hash Join  (cost=181732.94..937699.09 rows=517704 width=0) (actual time=3375.465..18415.801 rows=68 loops=1)
  Hash Cond: (ci.movie_id = t.id)
  ->  Seq Scan on cast_info ci  (cost=0.00..614943.12 rows=36225612 width=4) (actual time=0.014..7603.575 rows=36244344 loops=1)
  ->  Hash  (cost=181281.26..181281.26 rows=36135 width=8) (actual time=3251.832..3251.832 rows=18 loops=1)
        Buckets: 65536  Batches: 1  Memory Usage: 513kB
        ->  Hash Join  (cost=93093.72..181281.26 rows=36135 width=8) (actual time=1968.537..3251.746 rows=18 loops=1)
              Hash Cond: (mk.movie_id = t.id)
              ->  Seq Scan on movie_keyword mk  (cost=0.00..81003.12 rows=58811 width=4) (actual time=0.048..1201.993 rows=58448 loops=1)
                    Filter: (keyword_id = 16264)
                    Rows Removed by Filter: 4465482
              ->  Hash  (cost=67604.59..67604.59 rows=1553611 width=4) (actual time=1779.698..1779.698 rows=1555864 loops=1)
                    Buckets: 131072  Batches: 32  Memory Usage: 2740kB
                    ->  Seq Scan on title t  (cost=0.00..67604.59 rows=1553611 width=4) (actual time=0.059..1262.824 rows=1555864 loops=1)
                          Filter: (kind_id > 4)
                          Rows Removed by Filter: 972448
Planning time: 1.190 ms
Execution time: 18416.103 ms
