Hash Join  (cost=83074.74..110002.76 rows=45 width=0) (actual time=1324.486..1883.665 rows=1160 loops=1)
  Hash Cond: (mi_idx.movie_id = t.id)
  ->  Seq Scan on movie_info_idx mi_idx  (cost=0.00..25185.44 rows=464566 width=4) (actual time=0.016..484.119 rows=459925 loops=1)
        Filter: (info_type_id = 101)
        Rows Removed by Filter: 920110
  ->  Hash  (cost=83071.67..83071.67 rows=246 width=8) (actual time=1324.287..1324.287 rows=1338 loops=1)
        Buckets: 2048 (originally 1024)  Batches: 1 (originally 1)  Memory Usage: 69kB
        ->  Nested Loop  (cost=0.43..83071.67 rows=246 width=8) (actual time=11.269..1323.285 rows=1338 loops=1)
              ->  Seq Scan on movie_keyword mk  (cost=0.00..81003.12 rows=246 width=4) (actual time=11.175..1267.312 rows=1338 loops=1)
                    Filter: (keyword_id = 2082)
                    Rows Removed by Filter: 4522592
              ->  Index Only Scan using title_pkey on title t  (cost=0.43..8.40 rows=1 width=4) (actual time=0.040..0.040 rows=1 loops=1338)
                    Index Cond: (id = mk.movie_id)
                    Heap Fetches: 1338
Planning time: 1.226 ms
Execution time: 1884.111 ms
