Hash Join  (cost=94616.01..459349.82 rows=7786 width=0) (actual time=1434.925..7297.224 rows=23026 loops=1)
  Hash Cond: (mi.movie_id = t.id)
  ->  Seq Scan on movie_info mi  (cost=0.00..309384.22 rows=14739122 width=4) (actual time=0.020..3325.678 rows=14835720 loops=1)
  ->  Hash  (cost=94599.31..94599.31 rows=1336 width=8) (actual time=1412.325..1412.325 rows=1053 loops=1)
        Buckets: 2048  Batches: 1  Memory Usage: 58kB
        ->  Hash Join  (cost=67697.55..94599.31 rows=1336 width=8) (actual time=954.497..1411.708 rows=1053 loops=1)
              Hash Cond: (mi_idx.movie_id = t.id)
              ->  Seq Scan on movie_info_idx mi_idx  (cost=0.00..25185.44 rows=454124 width=4) (actual time=0.019..386.272 rows=459925 loops=1)
                    Filter: (info_type_id = 100)
                    Rows Removed by Filter: 920110
              ->  Hash  (cost=67604.59..67604.59 rows=7437 width=4) (actual time=953.281..953.281 rows=2798 loops=1)
                    Buckets: 8192  Batches: 1  Memory Usage: 163kB
                    ->  Seq Scan on title t  (cost=0.00..67604.59 rows=7437 width=4) (actual time=0.048..951.791 rows=2798 loops=1)
                          Filter: (production_year = 1936)
                          Rows Removed by Filter: 2525514
Planning time: 1.197 ms
Execution time: 7301.545 ms
