Seq Scan on cast_info ci  (cost=0.00..796071.18 rows=176 width=0) (actual time=4179.753..10078.679 rows=3 loops=1)
  Filter: ((person_id = 324374) AND (role_id = 1))
  Rows Removed by Filter: 36244341
Planning time: 1.230 ms
Execution time: 10078.779 ms
