Hash Join  (cost=365418.15..1932584.39 rows=43827130 width=0) (actual time=8428.687..70106.954 rows=143005943 loops=1)
  Hash Cond: (ci.movie_id = t.id)
  ->  Seq Scan on cast_info ci  (cost=0.00..705507.15 rows=24495976 width=4) (actual time=0.013..14969.878 rows=24618124 loops=1)
        Filter: (person_id > 1144166)
        Rows Removed by Filter: 11626220
  ->  Hash  (cost=291197.02..291197.02 rows=4523930 width=8) (actual time=8427.337..8427.337 rows=4523930 loops=1)
        Buckets: 131072  Batches: 64  Memory Usage: 3816kB
        ->  Hash Join  (cost=102767.86..291197.02 rows=4523930 width=8) (actual time=1886.106..7073.636 rows=4523930 loops=1)
              Hash Cond: (mk.movie_id = t.id)
              ->  Seq Scan on movie_keyword mk  (cost=0.00..69693.30 rows=4523930 width=4) (actual time=0.023..1351.168 rows=4523930 loops=1)
              ->  Hash  (cost=61283.27..61283.27 rows=2528527 width=4) (actual time=1885.052..1885.052 rows=2528312 loops=1)
                    Buckets: 131072  Batches: 64  Memory Usage: 2425kB
                    ->  Seq Scan on title t  (cost=0.00..61283.27 rows=2528527 width=4) (actual time=0.021..1020.712 rows=2528312 loops=1)
Planning time: 1.178 ms
Execution time: 85636.382 ms
