Hash Join  (cost=82423.69..170322.21 rows=932000 width=0) (actual time=1470.022..3845.413 rows=730845 loops=1)
  Hash Cond: (mc.movie_id = t.id)
  ->  Seq Scan on movie_companies mc  (cost=0.00..44881.29 rows=2609129 width=4) (actual time=0.015..818.416 rows=2609129 loops=1)
  ->  Hash  (cost=67604.59..67604.59 rows=903208 width=4) (actual time=1468.782..1468.782 rows=904491 loops=1)
        Buckets: 131072  Batches: 16  Memory Usage: 3010kB
        ->  Seq Scan on title t  (cost=0.00..67604.59 rows=903208 width=4) (actual time=0.007..1175.748 rows=904491 loops=1)
              Filter: (production_year > 2006)
              Rows Removed by Filter: 1623821
Planning time: 0.774 ms
Execution time: 3934.938 ms
