Hash Join  (cost=102767.86..297091.86 rows=4298885 width=0) (actual time=1822.156..7168.728 rows=4296556 loops=1)
  Hash Cond: (mk.movie_id = t.id)
  ->  Seq Scan on movie_keyword mk  (cost=0.00..81003.12 rows=4298885 width=4) (actual time=0.027..1733.211 rows=4296556 loops=1)
        Filter: (keyword_id < 63817)
        Rows Removed by Filter: 227374
  ->  Hash  (cost=61283.27..61283.27 rows=2528527 width=4) (actual time=1821.238..1821.238 rows=2528312 loops=1)
        Buckets: 131072  Batches: 64  Memory Usage: 2425kB
        ->  Seq Scan on title t  (cost=0.00..61283.27 rows=2528527 width=4) (actual time=0.013..950.746 rows=2528312 loops=1)
Planning time: 0.730 ms
Execution time: 7702.379 ms
