Seq Scan on movie_keyword mk  (cost=0.00..81003.12 rows=246 width=0) (actual time=0.029..1166.623 rows=2217 loops=1)
  Filter: (keyword_id = 680)
  Rows Removed by Filter: 4521713
Planning time: 0.350 ms
Execution time: 1167.342 ms
