Seq Scan on movie_companies mc  (cost=0.00..51404.11 rows=298821 width=40) (actual time=0.023..1144.620 rows=292877 loops=1)
  Filter: (company_id < 160)
  Rows Removed by Filter: 2316252
Planning time: 0.893 ms
Execution time: 1162.509 ms
