Hash Join  (cost=207863.43..1339583.99 rows=5123739 width=0) (actual time=4080.860..34100.811 rows=7680776 loops=1)
  Hash Cond: (ci.movie_id = t.id)
  ->  Seq Scan on cast_info ci  (cost=0.00..614943.12 rows=36225612 width=4) (actual time=0.027..11646.596 rows=36244344 loops=1)
  ->  Hash  (cost=201995.01..201995.01 rows=357634 width=8) (actual time=4079.880..4079.880 rows=133787 loops=1)
        Buckets: 131072  Batches: 8  Memory Usage: 1632kB
        ->  Hash Join  (cost=71408.55..201995.01 rows=357634 width=8) (actual time=1056.938..4041.028 rows=133787 loops=1)
              Hash Cond: (mk.movie_id = t.id)
              ->  Seq Scan on movie_keyword mk  (cost=0.00..81003.12 rows=3900531 width=4) (actual time=0.016..1595.659 rows=3903830 loops=1)
                    Filter: (keyword_id > 475)
                    Rows Removed by Filter: 620100
              ->  Hash  (cost=67604.59..67604.59 rows=231837 width=4) (actual time=1054.939..1054.939 rows=231649 loops=1)
                    Buckets: 131072  Batches: 4  Memory Usage: 3082kB
                    ->  Seq Scan on title t  (cost=0.00..67604.59 rows=231837 width=4) (actual time=0.016..972.436 rows=231649 loops=1)
                          Filter: (production_year > 2011)
                          Rows Removed by Filter: 2296663
Planning time: 1.129 ms
Execution time: 34913.004 ms
