Hash Join  (cost=102767.86..1048360.21 rows=5803272 width=0) (actual time=6554.281..23676.676 rows=7451973 loops=1)
  Hash Cond: (ci.movie_id = t.id)
  ->  Seq Scan on cast_info ci  (cost=0.00..796071.18 rows=5803272 width=4) (actual time=4797.699..14414.020 rows=7451973 loops=1)
        Filter: ((person_id < 2924152) AND (role_id = 2))
        Rows Removed by Filter: 28792371
  ->  Hash  (cost=61283.27..61283.27 rows=2528527 width=4) (actual time=1755.136..1755.136 rows=2528312 loops=1)
        Buckets: 131072  Batches: 64  Memory Usage: 2415kB
        ->  Seq Scan on title t  (cost=0.00..61283.27 rows=2528527 width=4) (actual time=0.025..910.040 rows=2528312 loops=1)
Planning time: 0.803 ms
Execution time: 24595.969 ms
