Seq Scan on cast_info ci  (cost=0.00..705507.15 rows=36222066 width=0) (actual time=0.024..13095.210 rows=36243754 loops=1)
  Filter: (person_id < 4061808)
  Rows Removed by Filter: 590
Planning time: 0.335 ms
Execution time: 17699.676 ms
