Hash Join  (cost=274629.96..1660466.18 rows=29860904 width=0) (actual time=4997.886..39886.268 rows=19368042 loops=1)
  Hash Cond: (ci.movie_id = t.id)
  ->  Seq Scan on cast_info ci  (cost=0.00..614943.12 rows=36225612 width=4) (actual time=0.023..12051.490 rows=36244344 loops=1)
  ->  Hash  (cost=240434.53..240434.53 rows=2084274 width=8) (actual time=4994.718..4994.718 rows=519159 loops=1)
        Buckets: 131072  Batches: 32  Memory Usage: 1668kB
        ->  Hash Join  (cost=93038.76..240434.53 rows=2084274 width=8) (actual time=3275.382..4875.797 rows=519159 loops=1)
              Hash Cond: (mk.movie_id = t.id)
              ->  Seq Scan on movie_keyword mk  (cost=0.00..69693.30 rows=4523930 width=4) (actual time=0.018..1283.999 rows=4523930 loops=1)
              ->  Hash  (cost=73925.90..73925.90 rows=1164948 width=4) (actual time=1659.928..1659.928 rows=1252934 loops=1)
                    Buckets: 131072  Batches: 16  Memory Usage: 3794kB
                    ->  Seq Scan on title t  (cost=0.00..73925.90 rows=1164948 width=4) (actual time=0.013..1262.761 rows=1252934 loops=1)
                          Filter: ((production_year > 1982) AND (kind_id = 7))
                          Rows Removed by Filter: 1275378
Planning time: 1.228 ms
Execution time: 42024.259 ms
