Nested Loop  (cost=0.43..83072.90 rows=58 width=0) (actual time=423.322..891.107 rows=34 loops=1)
  ->  Seq Scan on movie_keyword mk  (cost=0.00..81003.12 rows=246 width=4) (actual time=7.074..861.219 rows=948 loops=1)
        Filter: (keyword_id = 5816)
        Rows Removed by Filter: 4522982
  ->  Index Scan using title_pkey on title t  (cost=0.43..8.40 rows=1 width=4) (actual time=0.031..0.031 rows=0 loops=948)
        Index Cond: (id = mk.movie_id)
        Filter: ((production_year < 1999) AND (kind_id = 7))
        Rows Removed by Filter: 1
Planning time: 0.723 ms
Execution time: 891.224 ms
