Seq Scan on cast_info ci  (cost=0.00..796071.18 rows=20025419 width=0) (actual time=0.061..15117.130 rows=19139535 loops=1)
  Filter: ((person_id > 962169) AND (role_id < 6))
  Rows Removed by Filter: 17104809
Planning time: 0.315 ms
Execution time: 17565.215 ms
