Hash Join  (cost=58358.90..809155.38 rows=731 width=0) (actual time=819.352..15742.651 rows=339 loops=1)
  Hash Cond: (ci.movie_id = t.id)
  ->  Seq Scan on cast_info ci  (cost=0.00..614943.12 rows=36225612 width=4) (actual time=0.008..8067.534 rows=36244344 loops=1)
  ->  Hash  (cost=58358.27..58358.27 rows=51 width=8) (actual time=816.222..816.222 rows=22 loops=1)
        Buckets: 1024  Batches: 1  Memory Usage: 9kB
        ->  Nested Loop  (cost=0.43..58358.27 rows=51 width=8) (actual time=109.080..816.183 rows=22 loops=1)
              ->  Seq Scan on movie_companies mc  (cost=0.00..57926.93 rows=51 width=4) (actual time=109.007..802.691 rows=22 loops=1)
                    Filter: ((company_type_id < 2) AND (company_id = 4605))
                    Rows Removed by Filter: 2609107
              ->  Index Only Scan using title_pkey on title t  (cost=0.43..8.45 rows=1 width=4) (actual time=0.606..0.608 rows=1 loops=22)
                    Index Cond: (id = mc.movie_id)
                    Heap Fetches: 22
Planning time: 1.141 ms
Execution time: 15743.028 ms
