Hash Join  (cost=186659.20..225685.55 rows=77686 width=0) (actual time=3204.228..3978.486 rows=19326 loops=1)
  Hash Cond: (mi_idx.movie_id = t.id)
  ->  Seq Scan on movie_info_idx mi_idx  (cost=0.00..21735.35 rows=1380035 width=4) (actual time=0.029..400.269 rows=1380035 loops=1)
  ->  Hash  (cost=184322.99..184322.99 rows=142337 width=8) (actual time=3156.764..3156.764 rows=9894 loops=1)
        Buckets: 131072  Batches: 2  Memory Usage: 1218kB
        ->  Hash Join  (cost=92883.59..184322.99 rows=142337 width=8) (actual time=2673.587..3152.296 rows=9894 loops=1)
              Hash Cond: (mk.movie_id = t.id)
              ->  Seq Scan on movie_keyword mk  (cost=0.00..81003.12 rows=233582 width=4) (actual time=0.016..1174.507 rows=234002 loops=1)
                    Filter: (keyword_id > 62765)
                    Rows Removed by Filter: 4289928
              ->  Hash  (cost=67604.59..67604.59 rows=1540800 width=4) (actual time=1605.344..1605.344 rows=1543264 loops=1)
                    Buckets: 131072  Batches: 32  Memory Usage: 2728kB
                    ->  Seq Scan on title t  (cost=0.00..67604.59 rows=1540800 width=4) (actual time=281.161..1135.607 rows=1543264 loops=1)
                          Filter: (kind_id = 7)
                          Rows Removed by Filter: 985048
Planning time: 1.220 ms
Execution time: 3980.757 ms
