Hash Join  (cost=101947.74..467307.76 rows=70408 width=0) (actual time=1801.324..7988.892 rows=58572 loops=1)
  Hash Cond: (mi.movie_id = t.id)
  ->  Seq Scan on movie_info mi  (cost=0.00..309384.22 rows=14739122 width=4) (actual time=0.014..3288.058 rows=14835720 loops=1)
  ->  Hash  (cost=101796.75..101796.75 rows=12079 width=8) (actual time=1602.250..1602.250 rows=6738 loops=1)
        Buckets: 16384  Batches: 1  Memory Usage: 392kB
        ->  Hash Join  (cost=74747.02..101796.75 rows=12079 width=8) (actual time=1053.421..1599.474 rows=6738 loops=1)
              Hash Cond: (mi_idx.movie_id = t.id)
              ->  Seq Scan on movie_info_idx mi_idx  (cost=0.00..25185.44 rows=464934 width=4) (actual time=0.023..399.298 rows=460185 loops=1)
                    Filter: (info_type_id > 100)
                    Rows Removed by Filter: 919850
              ->  Hash  (cost=73925.90..73925.90 rows=65689 width=4) (actual time=1052.537..1052.537 rows=74524 loops=1)
                    Buckets: 131072  Batches: 1  Memory Usage: 3644kB
                    ->  Seq Scan on title t  (cost=0.00..73925.90 rows=65689 width=4) (actual time=0.024..1022.671 rows=74524 loops=1)
                          Filter: ((kind_id = 7) AND (production_year = 2006))
                          Rows Removed by Filter: 2453788
Planning time: 1.103 ms
Execution time: 7997.785 ms
