Seq Scan on title t  (cost=0.00..73925.90 rows=934198 width=0) (actual time=0.015..1213.982 rows=950693 loops=1)
  Filter: ((kind_id < 7) AND (production_year < 2013))
  Rows Removed by Filter: 1577619
Planning time: 0.322 ms
Execution time: 1338.531 ms
