Hash Join  (cost=148964.83..229233.95 rows=378558 width=0) (actual time=3193.369..5474.837 rows=1043196 loops=1)
  Hash Cond: (mc.movie_id = t.id)
  ->  Seq Scan on movie_companies mc  (cost=0.00..44881.29 rows=2609129 width=4) (actual time=0.018..790.712 rows=2609129 loops=1)
  ->  Hash  (cost=142945.03..142945.03 rows=366864 width=8) (actual time=3192.651..3192.651 rows=364906 loops=1)
        Buckets: 131072  Batches: 8  Memory Usage: 2812kB
        ->  Hash Join  (cost=100338.29..142945.03 rows=366864 width=8) (actual time=1887.829..3078.286 rows=364906 loops=1)
              Hash Cond: (mi_idx.movie_id = t.id)
              ->  Seq Scan on movie_info_idx mi_idx  (cost=0.00..25185.44 rows=464934 width=4) (actual time=0.015..435.496 rows=460185 loops=1)
                    Filter: (info_type_id > 100)
                    Rows Removed by Filter: 919850
              ->  Hash  (cost=67604.59..67604.59 rows=1995176 width=4) (actual time=1886.417..1886.417 rows=1990655 loops=1)
                    Buckets: 131072  Batches: 32  Memory Usage: 3218kB
                    ->  Seq Scan on title t  (cost=0.00..67604.59 rows=1995176 width=4) (actual time=0.014..1253.165 rows=1990655 loops=1)
                          Filter: (production_year > 1976)
                          Rows Removed by Filter: 537657
Planning time: 1.147 ms
Execution time: 5599.240 ms
