Hash Join  (cost=365418.15..1950303.62 rows=40044415 width=0) (actual time=7909.979..66672.746 rows=114358448 loops=1)
  Hash Cond: (ci.movie_id = t.id)
  ->  Seq Scan on cast_info ci  (cost=0.00..796071.18 rows=22381731 width=4) (actual time=0.019..17663.567 rows=21820567 loops=1)
        Filter: ((person_id < 3714932) AND (role_id > 1))
        Rows Removed by Filter: 14423777
  ->  Hash  (cost=291197.02..291197.02 rows=4523930 width=8) (actual time=7908.094..7908.094 rows=4523930 loops=1)
        Buckets: 131072  Batches: 64  Memory Usage: 3816kB
        ->  Hash Join  (cost=102767.86..291197.02 rows=4523930 width=8) (actual time=1783.032..6669.533 rows=4523930 loops=1)
              Hash Cond: (mk.movie_id = t.id)
              ->  Seq Scan on movie_keyword mk  (cost=0.00..69693.30 rows=4523930 width=4) (actual time=0.013..1274.352 rows=4523930 loops=1)
              ->  Hash  (cost=61283.27..61283.27 rows=2528527 width=4) (actual time=1782.371..1782.371 rows=2528312 loops=1)
                    Buckets: 131072  Batches: 64  Memory Usage: 2425kB
                    ->  Seq Scan on title t  (cost=0.00..61283.27 rows=2528527 width=4) (actual time=0.009..917.920 rows=2528312 loops=1)
Planning time: 1.184 ms
Execution time: 78977.986 ms
