Nested Loop  (cost=0.43..110562.79 rows=140 width=0) (actual time=208.329..1092.597 rows=51 loops=1)
  ->  Seq Scan on movie_keyword mk  (cost=0.00..81003.12 rows=3921 width=4) (actual time=0.097..971.786 rows=3515 loops=1)
        Filter: (keyword_id = 178)
        Rows Removed by Filter: 4520415
  ->  Index Scan using title_pkey on title t  (cost=0.43..7.53 rows=1 width=4) (actual time=0.034..0.034 rows=0 loops=3515)
        Index Cond: (id = mk.movie_id)
        Filter: (kind_id = 2)
        Rows Removed by Filter: 1
Planning time: 0.738 ms
Execution time: 1092.731 ms
