Hash Join  (cost=941371.04..1085803.50 rows=1841042 width=0) (actual time=16839.782..22049.070 rows=8741907 loops=1)
  Hash Cond: (mk.movie_id = t.id)
  ->  Seq Scan on movie_keyword mk  (cost=0.00..69693.30 rows=4523930 width=4) (actual time=0.026..1366.070 rows=4523930 loops=1)
  ->  Hash  (cost=924488.54..924488.54 rows=1029000 width=8) (actual time=16838.897..16838.897 rows=1033457 loops=1)
        Buckets: 131072  Batches: 16  Memory Usage: 3552kB
        ->  Hash Join  (cost=83810.17..924488.54 rows=1029000 width=8) (actual time=8659.558..16527.835 rows=1033457 loops=1)
              Hash Cond: (ci.movie_id = t.id)
              ->  Seq Scan on cast_info ci  (cost=0.00..796071.18 rows=2634184 width=4) (actual time=7225.808..13106.001 rows=3071882 loops=1)
                    Filter: ((person_id > 1209557) AND (role_id = 3))
                    Rows Removed by Filter: 33172462
              ->  Hash  (cost=67604.59..67604.59 rows=987727 width=4) (actual time=1432.761..1432.761 rows=985048 loops=1)
                    Buckets: 131072  Batches: 16  Memory Usage: 3188kB
                    ->  Seq Scan on title t  (cost=0.00..67604.59 rows=987727 width=4) (actual time=0.047..1128.991 rows=985048 loops=1)
                          Filter: (kind_id < 7)
                          Rows Removed by Filter: 1543264
Planning time: 1.162 ms
Execution time: 22956.978 ms
