Hash Join  (cost=102767.86..261700.86 rows=2828054 width=0) (actual time=1803.241..5769.071 rows=2815652 loops=1)
  Hash Cond: (mk.movie_id = t.id)
  ->  Seq Scan on movie_keyword mk  (cost=0.00..81003.12 rows=2828054 width=4) (actual time=0.016..1505.600 rows=2815652 loops=1)
        Filter: (keyword_id < 8420)
        Rows Removed by Filter: 1708278
  ->  Hash  (cost=61283.27..61283.27 rows=2528527 width=4) (actual time=1800.550..1800.550 rows=2528312 loops=1)
        Buckets: 131072  Batches: 64  Memory Usage: 2425kB
        ->  Seq Scan on title t  (cost=0.00..61283.27 rows=2528527 width=4) (actual time=0.015..948.183 rows=2528312 loops=1)
Planning time: 0.716 ms
Execution time: 6103.145 ms
