Nested Loop  (cost=0.43..798851.07 rows=332 width=0) (actual time=3346.328..13250.072 rows=207 loops=1)
  ->  Seq Scan on cast_info ci  (cost=0.00..796071.18 rows=332 width=4) (actual time=3346.137..13247.788 rows=207 loops=1)
        Filter: ((role_id < 4) AND (person_id = 329221))
        Rows Removed by Filter: 36244137
  ->  Index Only Scan using title_pkey on title t  (cost=0.43..8.36 rows=1 width=4) (actual time=0.010..0.010 rows=1 loops=207)
        Index Cond: (id = ci.movie_id)
        Heap Fetches: 207
Planning time: 0.747 ms
Execution time: 13250.214 ms
