Seq Scan on cast_info ci  (cost=0.00..705507.15 rows=2238855 width=0) (actual time=5765.283..10180.451 rows=2278218 loops=1)
  Filter: (person_id > 3616735)
  Rows Removed by Filter: 33966126
Planning time: 0.355 ms
Execution time: 10465.747 ms
