Seq Scan on movie_keyword mk  (cost=0.00..81003.12 rows=3034195 width=0) (actual time=0.022..1313.791 rows=3018193 loops=1)
  Filter: (keyword_id < 10760)
  Rows Removed by Filter: 1505737
Planning time: 0.315 ms
Execution time: 1674.140 ms
