Seq Scan on movie_companies mc  (cost=0.00..57926.93 rows=53 width=0) (actual time=525.558..842.221 rows=1 loops=1)
  Filter: ((company_id = 25286) AND (company_type_id = 2))
  Rows Removed by Filter: 2609128
Planning time: 0.370 ms
Execution time: 842.310 ms
