Seq Scan on cast_info ci  (cost=0.00..705507.15 rows=29155766 width=0) (actual time=0.028..11757.631 rows=29103624 loops=1)
  Filter: (person_id < 2953342)
  Rows Removed by Filter: 7140720
Planning time: 0.334 ms
Execution time: 15283.230 ms
