Hash Join  (cost=67697.55..432786.99 rows=43351 width=0) (actual time=1011.608..6890.904 rows=31665 loops=1)
  Hash Cond: (mi.movie_id = t.id)
  ->  Seq Scan on movie_info mi  (cost=0.00..309384.22 rows=14739122 width=4) (actual time=0.024..3238.216 rows=14835720 loops=1)
  ->  Hash  (cost=67604.59..67604.59 rows=7437 width=4) (actual time=1011.139..1011.139 rows=2433 loops=1)
        Buckets: 8192  Batches: 1  Memory Usage: 150kB
        ->  Seq Scan on title t  (cost=0.00..67604.59 rows=7437 width=4) (actual time=0.148..1009.983 rows=2433 loops=1)
              Filter: (production_year = 1933)
              Rows Removed by Filter: 2525879
Planning time: 0.728 ms
Execution time: 6896.994 ms
