Hash Join  (cost=77761.90..204860.27 rows=418233 width=0) (actual time=1228.753..4621.514 rows=1618451 loops=1)
  Hash Cond: (mk.movie_id = t.id)
  ->  Seq Scan on movie_keyword mk  (cost=0.00..69693.30 rows=4523930 width=4) (actual time=0.024..1272.344 rows=4523930 loops=1)
  ->  Hash  (cost=73925.90..73925.90 rows=233760 width=4) (actual time=1228.039..1228.039 rows=353075 loops=1)
        Buckets: 131072 (originally 131072)  Batches: 8 (originally 4)  Memory Usage: 3073kB
        ->  Seq Scan on title t  (cost=0.00..73925.90 rows=233760 width=4) (actual time=100.844..1101.946 rows=353075 loops=1)
              Filter: ((kind_id < 2) AND (production_year < 1997))
              Rows Removed by Filter: 2175237
Planning time: 0.700 ms
Execution time: 4780.689 ms
