Seq Scan on cast_info ci  (cost=0.00..796071.18 rows=20537833 width=0) (actual time=0.017..14945.996 rows=22503085 loops=1)
  Filter: ((person_id < 2403874) AND (role_id < 10))
  Rows Removed by Filter: 13741259
Planning time: 0.334 ms
Execution time: 17790.927 ms
