Hash Join  (cost=209581.97..356109.04 rows=2013003 width=0) (actual time=4299.421..10006.779 rows=11132837 loops=1)
  Hash Cond: (mk.movie_id = t.id)
  ->  Seq Scan on movie_keyword mk  (cost=0.00..69693.30 rows=4523930 width=4) (actual time=0.022..1292.004 rows=4523930 loops=1)
  ->  Hash  (cost=191123.06..191123.06 rows=1125113 width=8) (actual time=4297.874..4297.874 rows=1135499 loops=1)
        Buckets: 131072  Batches: 16  Memory Usage: 3829kB
        ->  Hash Join  (cost=102767.86..191123.06 rows=1125113 width=8) (actual time=1782.213..3954.028 rows=1135499 loops=1)
              Hash Cond: (mc.movie_id = t.id)
              ->  Seq Scan on movie_companies mc  (cost=0.00..51404.11 rows=1125113 width=4) (actual time=0.027..830.009 rows=1135499 loops=1)
                    Filter: (company_id > 13452)
                    Rows Removed by Filter: 1473630
              ->  Hash  (cost=61283.27..61283.27 rows=2528527 width=4) (actual time=1780.591..1780.591 rows=2528312 loops=1)
                    Buckets: 131072  Batches: 64  Memory Usage: 2415kB
                    ->  Seq Scan on title t  (cost=0.00..61283.27 rows=2528527 width=4) (actual time=0.014..943.804 rows=2528312 loops=1)
Planning time: 5.073 ms
Execution time: 11197.228 ms
