Hash Join  (cost=431938.43..486645.33 rows=4137 width=0) (actual time=5662.741..6788.910 rows=98354 loops=1)
  Hash Cond: (mc.movie_id = t.id)
  ->  Seq Scan on movie_companies mc  (cost=0.00..44881.29 rows=2609129 width=4) (actual time=0.011..507.570 rows=2609129 loops=1)
  ->  Hash  (cost=431888.32..431888.32 rows=4009 width=8) (actual time=5662.478..5662.478 rows=15844 loops=1)
        Buckets: 16384 (originally 4096)  Batches: 1 (originally 1)  Memory Usage: 747kB
        ->  Hash Join  (cost=83198.94..431888.32 rows=4009 width=8) (actual time=4161.144..5657.300 rows=15844 loops=1)
              Hash Cond: (mi.movie_id = t.id)
              ->  Seq Scan on movie_info mi  (cost=0.00..346232.03 rows=17937 width=4) (actual time=2849.551..4229.084 rows=18539 loops=1)
                    Filter: (info_type_id = 90)
                    Rows Removed by Filter: 14817181
              ->  Hash  (cost=73925.90..73925.90 rows=565203 width=4) (actual time=1310.595..1310.595 rows=641785 loops=1)
                    Buckets: 131072  Batches: 8  Memory Usage: 3871kB
                    ->  Seq Scan on title t  (cost=0.00..73925.90 rows=565203 width=4) (actual time=0.036..1106.138 rows=641785 loops=1)
                          Filter: ((kind_id < 7) AND (production_year < 2006))
                          Rows Removed by Filter: 1886527
Planning time: 1.156 ms
Execution time: 6802.838 ms
