Seq Scan on cast_info ci  (cost=0.00..705507.15 rows=500 width=0) (actual time=9615.817..9641.609 rows=125 loops=1)
  Filter: (person_id = 3639607)
  Rows Removed by Filter: 36244219
Planning time: 0.314 ms
Execution time: 9641.694 ms
