Hash Join  (cost=365418.15..1744855.75 rows=34078638 width=0) (actual time=8517.736..60239.595 rows=109920041 loops=1)
  Hash Cond: (ci.movie_id = t.id)
  ->  Seq Scan on cast_info ci  (cost=0.00..705507.15 rows=19047323 width=4) (actual time=0.025..15036.397 rows=19195841 loops=1)
        Filter: (person_id > 1685117)
        Rows Removed by Filter: 17048503
  ->  Hash  (cost=291197.02..291197.02 rows=4523930 width=8) (actual time=8515.885..8515.885 rows=4523930 loops=1)
        Buckets: 131072  Batches: 64  Memory Usage: 3816kB
        ->  Hash Join  (cost=102767.86..291197.02 rows=4523930 width=8) (actual time=2049.943..7246.293 rows=4523930 loops=1)
              Hash Cond: (mk.movie_id = t.id)
              ->  Seq Scan on movie_keyword mk  (cost=0.00..69693.30 rows=4523930 width=4) (actual time=0.015..1498.010 rows=4523930 loops=1)
              ->  Hash  (cost=61283.27..61283.27 rows=2528527 width=4) (actual time=2048.144..2048.144 rows=2528312 loops=1)
                    Buckets: 131072  Batches: 64  Memory Usage: 2425kB
                    ->  Seq Scan on title t  (cost=0.00..61283.27 rows=2528527 width=4) (actual time=0.006..1175.216 rows=2528312 loops=1)
Planning time: 1.133 ms
Execution time: 72549.137 ms
