Seq Scan on cast_info ci  (cost=0.00..705507.15 rows=500 width=0) (actual time=8319.470..9841.762 rows=62 loops=1)
  Filter: (person_id = 1340733)
  Rows Removed by Filter: 36244282
Planning time: 0.282 ms
Execution time: 9841.866 ms
