Seq Scan on cast_info ci  (cost=0.00..705507.15 rows=179070 width=0) (actual time=3469.053..9591.147 rows=203863 loops=1)
  Filter: (person_id > 4025976)
  Rows Removed by Filter: 36040481
Planning time: 0.326 ms
Execution time: 9617.920 ms
