Seq Scan on movie_companies mc  (cost=0.00..51404.11 rows=104 width=0) (actual time=140.732..764.077 rows=74 loops=1)
  Filter: (company_id = 42567)
  Rows Removed by Filter: 2609055
Planning time: 0.348 ms
Execution time: 764.175 ms
