Hash Join  (cost=75411.94..943901.97 rows=216519 width=0) (actual time=3065.996..17632.580 rows=389108 loops=1)
  Hash Cond: (ci.movie_id = t.id)
  ->  Seq Scan on cast_info ci  (cost=0.00..796071.18 rows=6045241 width=4) (actual time=1634.775..12744.072 rows=9306499 loops=1)
        Filter: ((person_id > 2770962) AND (role_id > 1))
        Rows Removed by Filter: 26937845
  ->  Hash  (cost=73925.90..73925.90 rows=90563 width=4) (actual time=1168.217..1168.217 rows=80990 loops=1)
        Buckets: 131072  Batches: 2  Memory Usage: 2450kB
        ->  Seq Scan on title t  (cost=0.00..73925.90 rows=90563 width=4) (actual time=0.592..1138.064 rows=80990 loops=1)
              Filter: ((kind_id < 7) AND (production_year > 2011))
              Rows Removed by Filter: 2447322
Planning time: 0.770 ms
Execution time: 17686.006 ms
