Seq Scan on movie_keyword mk  (cost=0.00..81003.12 rows=54107 width=0) (actual time=457.780..1224.509 rows=50399 loops=1)
  Filter: (keyword_id > 99351)
  Rows Removed by Filter: 4473531
Planning time: 0.724 ms
Execution time: 1232.117 ms
