Seq Scan on movie_keyword mk  (cost=0.00..81003.12 rows=246 width=0) (actual time=0.849..1247.194 rows=309 loops=1)
  Filter: (keyword_id = 3748)
  Rows Removed by Filter: 4523621
Planning time: 2.202 ms
Execution time: 1247.436 ms
