Hash Join  (cost=73989.96..438944.56 rows=29868 width=0) (actual time=878.463..7994.736 rows=67395 loops=1)
  Hash Cond: (mi.movie_id = t.id)
  ->  Seq Scan on movie_info mi  (cost=0.00..309384.22 rows=14739122 width=4) (actual time=0.018..3895.101 rows=14835720 loops=1)
  ->  Hash  (cost=73925.90..73925.90 rows=5124 width=4) (actual time=878.341..878.341 rows=9091 loops=1)
        Buckets: 16384 (originally 8192)  Batches: 1 (originally 1)  Memory Usage: 448kB
        ->  Seq Scan on title t  (cost=0.00..73925.90 rows=5124 width=4) (actual time=434.461..874.229 rows=9091 loops=1)
              Filter: ((kind_id = 4) AND (production_year = 2007))
              Rows Removed by Filter: 2519221
Planning time: 4.886 ms
Execution time: 8006.620 ms
