Hash Join  (cost=178564.32..218444.35 rows=127455 width=0) (actual time=3833.358..5066.205 rows=1336479 loops=1)
  Hash Cond: (mi_idx.movie_id = t.id)
  ->  Seq Scan on movie_info_idx mi_idx  (cost=0.00..21735.35 rows=1380035 width=4) (actual time=0.025..460.654 rows=1380035 loops=1)
  ->  Hash  (cost=174732.25..174732.25 rows=233526 width=8) (actual time=3592.779..3592.779 rows=536401 loops=1)
        Buckets: 131072 (originally 131072)  Batches: 8 (originally 4)  Memory Usage: 3685kB
        ->  Hash Join  (cost=78556.72..174732.25 rows=233526 width=8) (actual time=1383.266..3430.254 rows=536401 loops=1)
              Hash Cond: (mk.movie_id = t.id)
              ->  Seq Scan on movie_keyword mk  (cost=0.00..81003.12 rows=884570 width=4) (actual time=0.017..1357.633 rows=892828 loops=1)
                    Filter: (keyword_id < 845)
                    Rows Removed by Filter: 3631102
              ->  Hash  (cost=67604.59..67604.59 rows=667531 width=4) (actual time=1377.213..1377.213 rows=662825 loops=1)
                    Buckets: 131072  Batches: 16  Memory Usage: 2486kB
                    ->  Seq Scan on title t  (cost=0.00..67604.59 rows=667531 width=4) (actual time=66.169..1164.539 rows=662825 loops=1)
                          Filter: (kind_id = 1)
                          Rows Removed by Filter: 1865487
Planning time: 1.214 ms
Execution time: 5229.016 ms
