Seq Scan on cast_info ci  (cost=0.00..705507.15 rows=35254509 width=0) (actual time=0.015..13108.113 rows=35241267 loops=1)
  Filter: (person_id < 3868659)
  Rows Removed by Filter: 1003077
Planning time: 1.009 ms
Execution time: 17563.000 ms
