Hash Join  (cost=167068.47..1181892.70 rows=3165268 width=0) (actual time=3760.766..28016.317 rows=11288933 loops=1)
  Hash Cond: (ci.movie_id = t.id)
  ->  Seq Scan on cast_info ci  (cost=0.00..796071.18 rows=16012631 width=4) (actual time=0.022..15009.957 rows=12011110 loops=1)
        Filter: ((person_id < 2539777) AND (role_id > 1))
        Rows Removed by Filter: 24233234
  ->  Hash  (cost=158867.70..158867.70 rows=499822 width=8) (actual time=3760.053..3760.053 rows=957407 loops=1)
        Buckets: 131072 (originally 131072)  Batches: 16 (originally 8)  Memory Usage: 3354kB
        ->  Hash Join  (cost=83810.17..158867.70 rows=499822 width=8) (actual time=1738.817..3468.682 rows=957407 loops=1)
              Hash Cond: (mc.movie_id = t.id)
              ->  Seq Scan on movie_companies mc  (cost=0.00..51404.11 rows=1279517 width=4) (actual time=247.731..878.862 rows=1274246 loops=1)
                    Filter: (company_type_id = 1)
                    Rows Removed by Filter: 1334883
              ->  Hash  (cost=67604.59..67604.59 rows=987727 width=4) (actual time=1490.281..1490.281 rows=985048 loops=1)
                    Buckets: 131072  Batches: 16  Memory Usage: 3188kB
                    ->  Seq Scan on title t  (cost=0.00..67604.59 rows=987727 width=4) (actual time=0.028..1039.779 rows=985048 loops=1)
                          Filter: (kind_id < 7)
                          Rows Removed by Filter: 1543264
Planning time: 1.136 ms
Execution time: 29405.716 ms
