Hash Join  (cost=449359.55..575980.35 rows=379076 width=0) (actual time=7867.866..12760.381 rows=7273625 loops=1)
  Hash Cond: (mk.movie_id = t.id)
  ->  Seq Scan on movie_keyword mk  (cost=0.00..69693.30 rows=4523930 width=4) (actual time=0.019..1337.774 rows=4523930 loops=1)
  ->  Hash  (cost=445883.13..445883.13 rows=211874 width=8) (actual time=7867.176..7867.176 rows=844243 loops=1)
        Buckets: 131072 (originally 131072)  Batches: 16 (originally 4)  Memory Usage: 3098kB
        ->  Hash Join  (cost=80493.69..445883.13 rows=211874 width=8) (actual time=2424.890..7591.614 rows=844243 loops=1)
              Hash Cond: (mi.movie_id = t.id)
              ->  Seq Scan on movie_info mi  (cost=0.00..346232.03 rows=1338312 width=4) (actual time=1075.152..5272.127 rows=1401902 loops=1)
                    Filter: (info_type_id = 7)
                    Rows Removed by Filter: 13433818
              ->  Hash  (cost=73925.90..73925.90 rows=400303 width=4) (actual time=1348.822..1348.822 rows=500611 loops=1)
                    Buckets: 131072  Batches: 8  Memory Usage: 3244kB
                    ->  Seq Scan on title t  (cost=0.00..73925.90 rows=400303 width=4) (actual time=0.024..1183.009 rows=500611 loops=1)
                          Filter: ((kind_id < 7) AND (production_year < 2000))
                          Rows Removed by Filter: 2027701
Planning time: 0.765 ms
Execution time: 13553.834 ms
