Hash Join  (cost=265748.66..727084.75 rows=3836950 width=0) (actual time=8076.087..19561.750 rows=17587267 loops=1)
  Hash Cond: (mi.movie_id = t.id)
  ->  Seq Scan on movie_info mi  (cost=0.00..346232.03 rows=5445713 width=4) (actual time=1754.082..5205.431 rows=5410520 loops=1)
        Filter: (info_type_id < 6)
        Rows Removed by Filter: 9425200
  ->  Hash  (cost=236519.24..236519.24 rows=1781554 width=8) (actual time=6312.577..6312.577 rows=1785988 loops=1)
        Buckets: 131072  Batches: 32  Memory Usage: 3273kB
        ->  Hash Join  (cost=102767.86..236519.24 rows=1781554 width=8) (actual time=1832.787..5750.820 rows=1785988 loops=1)
              Hash Cond: (mk.movie_id = t.id)
              ->  Seq Scan on movie_keyword mk  (cost=0.00..81003.12 rows=1781554 width=4) (actual time=0.015..1467.508 rows=1785988 loops=1)
                    Filter: (keyword_id > 7771)
                    Rows Removed by Filter: 2737942
              ->  Hash  (cost=61283.27..61283.27 rows=2528527 width=4) (actual time=1830.901..1830.901 rows=2528312 loops=1)
                    Buckets: 131072  Batches: 64  Memory Usage: 2425kB
                    ->  Seq Scan on title t  (cost=0.00..61283.27 rows=2528527 width=4) (actual time=0.019..986.900 rows=2528312 loops=1)
Planning time: 0.756 ms
Execution time: 21458.500 ms
