Seq Scan on cast_info ci  (cost=0.00..796071.18 rows=7719905 width=0) (actual time=8388.172..13461.548 rows=2418731 loops=1)
  Filter: ((person_id > 1397822) AND (role_id = 1))
  Rows Removed by Filter: 33825613
Planning time: 0.361 ms
Execution time: 13772.954 ms
