Seq Scan on movie_keyword mk  (cost=0.00..81003.12 rows=757287 width=0) (actual time=0.027..1236.361 rows=764241 loops=1)
  Filter: (keyword_id > 24494)
  Rows Removed by Filter: 3759689
Planning time: 0.298 ms
Execution time: 1335.152 ms
