Hash Join  (cost=171096.75..301845.06 rows=717827 width=0) (actual time=3841.777..8153.681 rows=3799136 loops=1)
  Hash Cond: (mk.movie_id = t.id)
  ->  Seq Scan on movie_keyword mk  (cost=0.00..69693.30 rows=4523930 width=4) (actual time=0.012..1489.912 rows=4523930 loops=1)
  ->  Hash  (cost=164513.63..164513.63 rows=401210 width=8) (actual time=3840.977..3840.977 rows=584276 loops=1)
        Buckets: 131072  Batches: 8  Memory Usage: 3896kB
        ->  Hash Join  (cost=88359.31..164513.63 rows=401210 width=8) (actual time=1899.917..3679.565 rows=584276 loops=1)
              Hash Cond: (mc.movie_id = t.id)
              ->  Seq Scan on movie_companies mc  (cost=0.00..57926.93 rows=801941 width=4) (actual time=135.644..1089.473 rows=1018754 loops=1)
                    Filter: ((company_id > 5786) AND (company_type_id > 1))
                    Rows Removed by Filter: 1590375
              ->  Hash  (cost=67604.59..67604.59 rows=1265018 width=4) (actual time=1762.805..1762.805 rows=1263700 loops=1)
                    Buckets: 131072  Batches: 32  Memory Usage: 2410kB
                    ->  Seq Scan on title t  (cost=0.00..67604.59 rows=1265018 width=4) (actual time=0.017..1344.955 rows=1263700 loops=1)
                          Filter: (production_year < 2004)
                          Rows Removed by Filter: 1264612
Planning time: 1.188 ms
Execution time: 8601.569 ms
