Hash Join  (cost=71408.55..1048362.55 rows=1322313 width=0) (actual time=1135.987..23957.443 rows=1654479 loops=1)
  Hash Cond: (ci.movie_id = t.id)
  ->  Seq Scan on cast_info ci  (cost=0.00..796071.18 rows=14421783 width=4) (actual time=0.019..15772.533 rows=15044564 loops=1)
        Filter: ((person_id > 369384) AND (role_id > 2))
        Rows Removed by Filter: 21199780
  ->  Hash  (cost=67604.59..67604.59 rows=231837 width=4) (actual time=1135.165..1135.165 rows=231649 loops=1)
        Buckets: 131072  Batches: 4  Memory Usage: 3076kB
        ->  Seq Scan on title t  (cost=0.00..67604.59 rows=231837 width=4) (actual time=0.022..1054.603 rows=231649 loops=1)
              Filter: (production_year > 2011)
              Rows Removed by Filter: 2296663
Planning time: 0.733 ms
Execution time: 24136.044 ms
