Hash Join  (cost=797070.76..883730.66 rows=186 width=0) (actual time=12527.290..14182.378 rows=1034 loops=1)
  Hash Cond: (mk.movie_id = t.id)
  ->  Seq Scan on movie_keyword mk  (cost=0.00..69693.30 rows=4523930 width=4) (actual time=0.013..959.436 rows=4523930 loops=1)
  ->  Hash  (cost=797069.46..797069.46 rows=104 width=8) (actual time=12402.182..12402.182 rows=2155 loops=1)
        Buckets: 4096 (originally 1024)  Batches: 1 (originally 1)  Memory Usage: 117kB
        ->  Nested Loop  (cost=0.43..797069.46 rows=104 width=8) (actual time=7032.772..12401.123 rows=2155 loops=1)
              ->  Seq Scan on cast_info ci  (cost=0.00..796071.18 rows=118 width=4) (actual time=7032.657..12357.804 rows=2921 loops=1)
                    Filter: ((role_id > 5) AND (person_id = 3934382))
                    Rows Removed by Filter: 36241423
              ->  Index Scan using title_pkey on title t  (cost=0.43..8.45 rows=1 width=4) (actual time=0.014..0.014 rows=1 loops=2921)
                    Index Cond: (id = ci.movie_id)
                    Filter: (production_year < 2012)
                    Rows Removed by Filter: 0
Planning time: 1.188 ms
Execution time: 14182.674 ms
