Hash Join  (cost=102767.86..283934.23 rows=3752077 width=0) (actual time=1845.460..6600.816 rows=3747292 loops=1)
  Hash Cond: (mk.movie_id = t.id)
  ->  Seq Scan on movie_keyword mk  (cost=0.00..81003.12 rows=3752077 width=4) (actual time=0.014..1677.519 rows=3747292 loops=1)
        Filter: (keyword_id > 733)
        Rows Removed by Filter: 776638
  ->  Hash  (cost=61283.27..61283.27 rows=2528527 width=4) (actual time=1843.553..1843.553 rows=2528312 loops=1)
        Buckets: 131072  Batches: 64  Memory Usage: 2425kB
        ->  Seq Scan on title t  (cost=0.00..61283.27 rows=2528527 width=4) (actual time=0.016..954.430 rows=2528312 loops=1)
Planning time: 0.809 ms
Execution time: 7043.772 ms
