Hash Join  (cost=160526.42..250134.95 rows=780030 width=0) (actual time=4110.769..6257.238 rows=890676 loops=1)
  Hash Cond: (mc.movie_id = t.id)
  ->  Seq Scan on movie_companies mc  (cost=0.00..51404.11 rows=2345364 width=4) (actual time=0.014..997.435 rows=2341636 loops=1)
        Filter: (company_id < 98160)
        Rows Removed by Filter: 267493
  ->  Hash  (cost=146729.58..146729.58 rows=840947 width=8) (actual time=3949.629..3949.629 rows=425718 loops=1)
        Buckets: 131072  Batches: 16  Memory Usage: 2062kB
        ->  Hash Join  (cost=92883.59..146729.58 rows=840947 width=8) (actual time=2641.410..3817.464 rows=425718 loops=1)
              Hash Cond: (mi_idx.movie_id = t.id)
              ->  Seq Scan on movie_info_idx mi_idx  (cost=0.00..21735.35 rows=1380035 width=4) (actual time=0.009..449.356 rows=1380035 loops=1)
              ->  Hash  (cost=67604.59..67604.59 rows=1540800 width=4) (actual time=2317.883..2317.883 rows=1543264 loops=1)
                    Buckets: 131072  Batches: 32  Memory Usage: 2722kB
                    ->  Seq Scan on title t  (cost=0.00..67604.59 rows=1540800 width=4) (actual time=0.025..1181.399 rows=1543264 loops=1)
                          Filter: (kind_id = 7)
                          Rows Removed by Filter: 985048
Planning time: 0.755 ms
Execution time: 6365.785 ms
