Seq Scan on cast_info ci  (cost=0.00..796071.18 rows=7579812 width=0) (actual time=454.276..12900.598 rows=12670688 loops=1)
  Filter: ((person_id < 2171709) AND (role_id = 1))
  Rows Removed by Filter: 23573656
Planning time: 0.360 ms
Execution time: 14318.597 ms
