Seq Scan on movie_keyword mk  (cost=0.00..81003.12 rows=4373341 width=0) (actual time=0.020..1460.644 rows=4374566 loops=1)
  Filter: (keyword_id < 73966)
  Rows Removed by Filter: 149364
Planning time: 0.374 ms
Execution time: 2024.929 ms
