Hash Join  (cost=196401.32..736649.36 rows=5664612 width=0) (actual time=4645.536..17746.623 rows=1885777 loops=1)
  Hash Cond: (mi.movie_id = t.id)
  ->  Seq Scan on movie_info mi  (cost=0.00..309384.22 rows=14739122 width=4) (actual time=0.026..5160.759 rows=14835720 loops=1)
  ->  Hash  (cost=180458.11..180458.11 rows=971776 width=8) (actual time=4340.864..4340.864 rows=255774 loops=1)
        Buckets: 131072  Batches: 16  Memory Usage: 1646kB
        ->  Hash Join  (cost=92883.59..180458.11 rows=971776 width=8) (actual time=1710.505..4259.207 rows=255774 loops=1)
              Hash Cond: (mc.movie_id = t.id)
              ->  Seq Scan on movie_companies mc  (cost=0.00..51404.11 rows=1594731 width=4) (actual time=0.019..981.870 rows=1595112 loops=1)
                    Filter: (company_id > 5181)
                    Rows Removed by Filter: 1014017
              ->  Hash  (cost=67604.59..67604.59 rows=1540800 width=4) (actual time=1708.589..1708.589 rows=1543264 loops=1)
                    Buckets: 131072  Batches: 32  Memory Usage: 2722kB
                    ->  Seq Scan on title t  (cost=0.00..67604.59 rows=1540800 width=4) (actual time=110.848..1216.521 rows=1543264 loops=1)
                          Filter: (kind_id = 7)
                          Rows Removed by Filter: 985048
Planning time: 1.609 ms
Execution time: 17975.443 ms
