Hash Join  (cost=73928.21..100839.69 rows=100 width=0) (actual time=906.294..1426.350 rows=561 loops=1)
  Hash Cond: (mi_idx.movie_id = t.id)
  ->  Seq Scan on movie_info_idx mi_idx  (cost=0.00..21735.35 rows=1380035 width=4) (actual time=0.020..256.369 rows=1380035 loops=1)
  ->  Hash  (cost=73925.90..73925.90 rows=184 width=4) (actual time=904.747..904.747 rows=322 loops=1)
        Buckets: 1024  Batches: 1  Memory Usage: 20kB
        ->  Seq Scan on title t  (cost=0.00..73925.90 rows=184 width=4) (actual time=517.840..904.542 rows=322 loops=1)
              Filter: ((kind_id = 6) AND (production_year = 1996))
              Rows Removed by Filter: 2527990
Planning time: 0.722 ms
Execution time: 1426.530 ms
