Hash Join  (cost=156487.41..284639.48 rows=617612 width=0) (actual time=3589.831..7001.744 rows=2617528 loops=1)
  Hash Cond: (mk.movie_id = t.id)
  ->  Seq Scan on movie_keyword mk  (cost=0.00..81003.12 rows=3387685 width=4) (actual time=0.025..1486.075 rows=3377245 loops=1)
        Filter: (keyword_id < 16264)
        Rows Removed by Filter: 1146685
  ->  Hash  (cost=148924.19..148924.19 rows=460978 width=8) (actual time=3589.070..3589.070 rows=459925 loops=1)
        Buckets: 131072  Batches: 8  Memory Usage: 3284kB
        ->  Hash Join  (cost=102767.86..148924.19 rows=460978 width=8) (actual time=1831.490..3413.946 rows=459925 loops=1)
              Hash Cond: (mi_idx.movie_id = t.id)
              ->  Seq Scan on movie_info_idx mi_idx  (cost=0.00..25185.44 rows=460978 width=4) (actual time=0.024..452.687 rows=459925 loops=1)
                    Filter: (info_type_id < 100)
                    Rows Removed by Filter: 920110
              ->  Hash  (cost=61283.27..61283.27 rows=2528527 width=4) (actual time=1830.732..1830.732 rows=2528312 loops=1)
                    Buckets: 131072  Batches: 64  Memory Usage: 2415kB
                    ->  Seq Scan on title t  (cost=0.00..61283.27 rows=2528527 width=4) (actual time=0.015..983.625 rows=2528312 loops=1)
Planning time: 1.158 ms
Execution time: 7264.629 ms
