Seq Scan on movie_companies mc  (cost=0.00..57926.93 rows=1113255 width=0) (actual time=410.600..1137.321 rows=1009943 loops=1)
  Filter: ((company_id > 164) AND (company_type_id = 1))
  Rows Removed by Filter: 1599186
Planning time: 0.463 ms
Execution time: 1264.057 ms
