Seq Scan on movie_keyword mk  (cost=0.00..81003.12 rows=246 width=0) (actual time=10.329..1116.485 rows=301 loops=1)
  Filter: (keyword_id = 15899)
  Rows Removed by Filter: 4523629
Planning time: 0.405 ms
Execution time: 1116.718 ms
