Hash Join  (cost=160607.95..242086.86 rows=466339 width=0) (actual time=3438.573..5787.035 rows=1363238 loops=1)
  Hash Cond: (mc.movie_id = t.id)
  ->  Seq Scan on movie_companies mc  (cost=0.00..44881.29 rows=2609129 width=4) (actual time=0.015..822.031 rows=2609129 loops=1)
  ->  Hash  (cost=153192.79..153192.79 rows=451933 width=8) (actual time=3437.852..3437.852 rows=460125 loops=1)
        Buckets: 131072  Batches: 8  Memory Usage: 3276kB
        ->  Hash Join  (cost=107928.35..153192.79 rows=451933 width=8) (actual time=2034.656..3297.630 rows=460125 loops=1)
              Hash Cond: (mi_idx.movie_id = t.id)
              ->  Seq Scan on movie_info_idx mi_idx  (cost=0.00..25185.44 rows=464934 width=4) (actual time=0.030..443.846 rows=460185 loops=1)
                    Filter: (info_type_id > 100)
                    Rows Removed by Filter: 919850
              ->  Hash  (cost=67604.59..67604.59 rows=2457821 width=4) (actual time=2033.275..2033.275 rows=2456218 loops=1)
                    Buckets: 131072  Batches: 64  Memory Usage: 2375kB
                    ->  Seq Scan on title t  (cost=0.00..67604.59 rows=2457821 width=4) (actual time=0.020..1236.085 rows=2456218 loops=1)
                          Filter: (production_year > 0)
                          Rows Removed by Filter: 72094
Planning time: 1.113 ms
Execution time: 5930.615 ms
