Hash Join  (cost=798791.46..1156533.14 rows=393 width=0) (actual time=14815.281..17994.141 rows=3 loops=1)
  Hash Cond: (mi.movie_id = t.id)
  ->  Seq Scan on movie_info mi  (cost=0.00..346232.03 rows=3068194 width=4) (actual time=1026.341..4800.267 rows=3036719 loops=1)
        Filter: (info_type_id = 16)
        Rows Removed by Filter: 11799001
  ->  Hash  (cost=798787.41..798787.41 rows=324 width=8) (actual time=12773.726..12773.726 rows=4 loops=1)
        Buckets: 1024  Batches: 1  Memory Usage: 9kB
        ->  Nested Loop  (cost=0.43..798787.41 rows=324 width=8) (actual time=3206.036..12773.693 rows=4 loops=1)
              ->  Seq Scan on cast_info ci  (cost=0.00..796071.18 rows=324 width=4) (actual time=3205.845..12773.376 rows=4 loops=1)
                    Filter: ((role_id > 1) AND (person_id = 3192354))
                    Rows Removed by Filter: 36244340
              ->  Index Only Scan using title_pkey on title t  (cost=0.43..8.37 rows=1 width=4) (actual time=0.051..0.051 rows=1 loops=4)
                    Index Cond: (id = ci.movie_id)
                    Heap Fetches: 4
Planning time: 1.269 ms
Execution time: 17994.265 ms
