Hash Join  (cost=200992.33..278623.07 rows=187222 width=0) (actual time=3764.831..6394.471 rows=1665272 loops=1)
  Hash Cond: (mc.movie_id = t.id)
  ->  Seq Scan on movie_companies mc  (cost=0.00..44881.29 rows=2609129 width=4) (actual time=0.022..826.863 rows=2609129 loops=1)
  ->  Hash  (cost=198015.35..198015.35 rows=181438 width=8) (actual time=3763.996..3763.996 rows=181372 loops=1)
        Buckets: 131072  Batches: 4  Memory Usage: 2804kB
        ->  Hash Join  (cost=102767.86..198015.35 rows=181438 width=8) (actual time=2053.361..3705.181 rows=181372 loops=1)
              Hash Cond: (mk.movie_id = t.id)
              ->  Seq Scan on movie_keyword mk  (cost=0.00..81003.12 rows=181438 width=4) (actual time=199.574..1262.763 rows=181372 loops=1)
                    Filter: (keyword_id > 71605)
                    Rows Removed by Filter: 4342558
              ->  Hash  (cost=61283.27..61283.27 rows=2528527 width=4) (actual time=1852.476..1852.476 rows=2528312 loops=1)
                    Buckets: 131072  Batches: 64  Memory Usage: 2425kB
                    ->  Seq Scan on title t  (cost=0.00..61283.27 rows=2528527 width=4) (actual time=0.020..974.789 rows=2528312 loops=1)
Planning time: 1.170 ms
Execution time: 6605.594 ms
