Hash Join  (cost=77620.93..155874.26 rows=232381 width=0) (actual time=1525.818..3869.423 rows=685163 loops=1)
  Hash Cond: (mc.movie_id = t.id)
  ->  Seq Scan on movie_companies mc  (cost=0.00..44881.29 rows=2609129 width=4) (actual time=0.023..879.777 rows=2609129 loops=1)
  ->  Hash  (cost=73925.90..73925.90 rows=225202 width=4) (actual time=1525.003..1525.003 rows=334539 loops=1)
        Buckets: 131072  Batches: 4  Memory Usage: 3966kB
        ->  Seq Scan on title t  (cost=0.00..73925.90 rows=225202 width=4) (actual time=0.040..1149.588 rows=334539 loops=1)
              Filter: ((kind_id < 7) AND (production_year < 1984))
              Rows Removed by Filter: 2193773
Planning time: 0.661 ms
Execution time: 3959.507 ms
