Hash Join  (cost=177122.57..218273.61 rows=201556 width=0) (actual time=3509.851..4514.319 rows=204621 loops=1)
  Hash Cond: (mi_idx.movie_id = t.id)
  ->  Seq Scan on movie_info_idx mi_idx  (cost=0.00..21735.35 rows=1380035 width=4) (actual time=0.027..444.294 rows=1380035 loops=1)
  ->  Hash  (cost=171063.40..171063.40 rows=369294 width=8) (actual time=3425.570..3425.570 rows=173814 loops=1)
        Buckets: 131072  Batches: 8  Memory Usage: 1873kB
        ->  Hash Join  (cost=96184.51..171063.40 rows=369294 width=8) (actual time=2599.611..3370.724 rows=173814 loops=1)
              Hash Cond: (mc.movie_id = t.id)
              ->  Seq Scan on movie_companies mc  (cost=0.00..57926.93 rows=688271 width=4) (actual time=0.018..990.952 rows=926026 loops=1)
                    Filter: ((company_id > 11153) AND (company_type_id = 2))
                    Rows Removed by Filter: 1683103
              ->  Hash  (cost=73925.90..73925.90 rows=1356688 width=4) (actual time=1674.687..1674.687 rows=1327781 loops=1)
                    Buckets: 131072  Batches: 32  Memory Usage: 2479kB
                    ->  Seq Scan on title t  (cost=0.00..73925.90 rows=1356688 width=4) (actual time=204.346..1226.894 rows=1327781 loops=1)
                          Filter: ((production_year < 2012) AND (kind_id = 7))
                          Rows Removed by Filter: 1200531
Planning time: 1.143 ms
Execution time: 4536.727 ms
