Hash Join  (cost=102767.86..230976.78 rows=1551249 width=0) (actual time=1869.884..5004.665 rows=1564875 loops=1)
  Hash Cond: (mk.movie_id = t.id)
  ->  Seq Scan on movie_keyword mk  (cost=0.00..81003.12 rows=1551249 width=4) (actual time=0.026..1531.623 rows=1564875 loops=1)
        Filter: (keyword_id > 10018)
        Rows Removed by Filter: 2959055
  ->  Hash  (cost=61283.27..61283.27 rows=2528527 width=4) (actual time=1867.821..1867.821 rows=2528312 loops=1)
        Buckets: 131072  Batches: 64  Memory Usage: 2425kB
        ->  Seq Scan on title t  (cost=0.00..61283.27 rows=2528527 width=4) (actual time=0.020..1000.145 rows=2528312 loops=1)
Planning time: 0.676 ms
Execution time: 5173.183 ms
