Hash Join  (cost=75831.78..143073.84 rows=58776 width=0) (actual time=1134.035..2673.004 rows=288699 loops=1)
  Hash Cond: (mc.movie_id = t.id)
  ->  Seq Scan on movie_companies mc  (cost=0.00..51404.11 rows=1279517 width=4) (actual time=0.016..862.030 rows=1274246 loops=1)
        Filter: (company_type_id = 1)
        Rows Removed by Filter: 1334883
  ->  Hash  (cost=73925.90..73925.90 rows=116150 width=4) (actual time=1133.210..1133.210 rows=248210 loops=1)
        Buckets: 131072 (originally 131072)  Batches: 4 (originally 2)  Memory Usage: 3207kB
        ->  Seq Scan on title t  (cost=0.00..73925.90 rows=116150 width=4) (actual time=410.460..1047.832 rows=248210 loops=1)
              Filter: ((production_year < 1975) AND (kind_id = 1))
              Rows Removed by Filter: 2280102
Planning time: 0.829 ms
Execution time: 2710.753 ms
