Hash Join  (cost=220718.62..1085611.80 rows=2085316 width=0) (actual time=5530.268..19947.955 rows=3449303 loops=1)
  Hash Cond: (ci.movie_id = t.id)
  ->  Seq Scan on cast_info ci  (cost=0.00..796071.18 rows=3248969 width=4) (actual time=26.139..12770.124 rows=1050021 loops=1)
        Filter: ((person_id < 2601969) AND (role_id > 9))
        Rows Removed by Filter: 35194323
  ->  Hash  (cost=194092.27..194092.27 rows=1622908 width=8) (actual time=5502.503..5502.503 rows=1335947 loops=1)
        Buckets: 131072  Batches: 32  Memory Usage: 2637kB
        ->  Hash Join  (cost=93408.25..194092.27 rows=1622908 width=8) (actual time=2522.704..5152.489 rows=1335947 loops=1)
              Hash Cond: (mc.movie_id = t.id)
              ->  Seq Scan on movie_companies mc  (cost=0.00..44881.29 rows=2609129 width=4) (actual time=0.028..744.982 rows=2609129 loops=1)
              ->  Hash  (cost=67604.59..67604.59 rows=1572773 width=4) (actual time=2521.090..2521.090 rows=1570568 loops=1)
                    Buckets: 131072  Batches: 32  Memory Usage: 2751kB
                    ->  Seq Scan on title t  (cost=0.00..67604.59 rows=1572773 width=4) (actual time=0.035..1239.846 rows=1570568 loops=1)
                          Filter: (production_year > 1996)
                          Rows Removed by Filter: 957744
Planning time: 1.229 ms
Execution time: 20371.955 ms
