Hash Join  (cost=202487.96..590819.35 rows=210741 width=0) (actual time=4824.392..10893.102 rows=430 loops=1)
  Hash Cond: (mi.movie_id = t.id)
  ->  Seq Scan on movie_info mi  (cost=0.00..346232.03 rows=3068194 width=4) (actual time=1059.189..5740.148 rows=3036719 loops=1)
        Filter: (info_type_id = 16)
        Rows Removed by Filter: 11799001
  ->  Hash  (cost=199638.05..199638.05 rows=173673 width=8) (actual time=3729.060..3729.060 rows=429 loops=1)
        Buckets: 131072  Batches: 4  Memory Usage: 1034kB
        ->  Hash Join  (cost=75519.28..199638.05 rows=173673 width=8) (actual time=1981.736..3728.528 rows=429 loops=1)
              Hash Cond: (mk.movie_id = t.id)
              ->  Seq Scan on movie_keyword mk  (cost=0.00..69693.30 rows=4523930 width=4) (actual time=0.028..1375.648 rows=4523930 loops=1)
              ->  Hash  (cost=73925.90..73925.90 rows=97070 width=4) (actual time=1081.887..1081.887 rows=1972 loops=1)
                    Buckets: 131072  Batches: 2  Memory Usage: 1064kB
                    ->  Seq Scan on title t  (cost=0.00..73925.90 rows=97070 width=4) (actual time=0.224..1079.890 rows=1972 loops=1)
                          Filter: ((production_year < 1950) AND (kind_id = 7))
                          Rows Removed by Filter: 2526340
Planning time: 1.224 ms
Execution time: 10893.283 ms
