Nested Loop  (cost=0.43..797488.04 rows=168 width=0) (actual time=6608.996..12179.586 rows=268 loops=1)
  ->  Seq Scan on cast_info ci  (cost=0.00..796071.18 rows=168 width=4) (actual time=6608.876..12172.588 rows=268 loops=1)
        Filter: ((role_id > 3) AND (person_id = 494026))
        Rows Removed by Filter: 36244076
  ->  Index Only Scan using title_pkey on title t  (cost=0.43..8.42 rows=1 width=4) (actual time=0.025..0.025 rows=1 loops=268)
        Index Cond: (id = ci.movie_id)
        Heap Fetches: 268
Planning time: 0.909 ms
Execution time: 12179.746 ms
