Hash Join  (cost=162030.59..516681.22 rows=18878 width=0) (actual time=2620.368..8671.682 rows=1245380 loops=1)
  Hash Cond: (mi.movie_id = t.id)
  ->  Seq Scan on movie_info mi  (cost=0.00..346232.03 rows=2194617 width=4) (actual time=0.009..5296.540 rows=2233850 loops=1)
        Filter: (info_type_id > 16)
        Rows Removed by Filter: 12601870
  ->  Hash  (cost=161758.70..161758.70 rows=21751 width=8) (actual time=2620.089..2620.089 rows=50490 loops=1)
        Buckets: 65536 (originally 32768)  Batches: 1 (originally 1)  Memory Usage: 2485kB
        ->  Hash Join  (cost=74341.98..161758.70 rows=21751 width=8) (actual time=976.405..2602.586 rows=50490 loops=1)
              Hash Cond: (mk.movie_id = t.id)
              ->  Seq Scan on movie_keyword mk  (cost=0.00..81003.12 rows=1652290 width=4) (actual time=0.013..1320.285 rows=1665575 loops=1)
                    Filter: (keyword_id < 2554)
                    Rows Removed by Filter: 2858355
              ->  Hash  (cost=73925.90..73925.90 rows=33286 width=4) (actual time=975.840..975.840 rows=28113 loops=1)
                    Buckets: 65536  Batches: 1  Memory Usage: 1501kB
                    ->  Seq Scan on title t  (cost=0.00..73925.90 rows=33286 width=4) (actual time=0.488..964.360 rows=28113 loops=1)
                          Filter: ((kind_id < 7) AND (production_year = 2004))
                          Rows Removed by Filter: 2500199
Planning time: 1.129 ms
Execution time: 8832.858 ms
