Seq Scan on cast_info ci  (cost=0.00..796071.18 rows=324 width=0) (actual time=11259.355..12572.069 rows=1173 loops=1)
  Filter: ((role_id > 1) AND (person_id = 1660797))
  Rows Removed by Filter: 36243171
Planning time: 0.384 ms
Execution time: 12572.324 ms
