Seq Scan on movie_keyword mk  (cost=0.00..81003.12 rows=246 width=0) (actual time=604.338..1033.568 rows=1 loops=1)
  Filter: (keyword_id = 88226)
  Rows Removed by Filter: 4523929
Planning time: 0.346 ms
Execution time: 1033.648 ms
