Hash Join  (cost=937918.56..1451855.88 rows=1472049 width=0) (actual time=19198.443..33283.058 rows=5877592 loops=1)
  Hash Cond: (mi.movie_id = t.id)
  ->  Seq Scan on movie_info mi  (cost=0.00..309384.22 rows=14739122 width=4) (actual time=0.012..5524.059 rows=14835720 loops=1)
  ->  Hash  (cost=933774.90..933774.90 rows=252533 width=8) (actual time=19197.311..19197.311 rows=540892 loops=1)
        Buckets: 131072 (originally 131072)  Batches: 8 (originally 4)  Memory Usage: 3672kB
        ->  Hash Join  (cost=69460.45..933774.90 rows=252533 width=8) (actual time=3911.248..18995.454 rows=540892 loops=1)
              Hash Cond: (ci.movie_id = t.id)
              ->  Seq Scan on cast_info ci  (cost=0.00..796071.18 rows=5645317 width=4) (actual time=2905.534..13481.236 rows=11501651 loops=1)
                    Filter: ((person_id < 1578188) AND (role_id = 1))
                    Rows Removed by Filter: 24742693
              ->  Hash  (cost=67604.59..67604.59 rows=113109 width=4) (actual time=1004.881..1004.881 rows=119565 loops=1)
                    Buckets: 131072  Batches: 2  Memory Usage: 3115kB
                    ->  Seq Scan on title t  (cost=0.00..67604.59 rows=113109 width=4) (actual time=0.027..960.044 rows=119565 loops=1)
                          Filter: (production_year = 2007)
                          Rows Removed by Filter: 2408747
Planning time: 1.272 ms
Execution time: 33968.782 ms
