Seq Scan on movie_keyword mk  (cost=0.00..81003.12 rows=884570 width=0) (actual time=0.023..1314.811 rows=892828 loops=1)
  Filter: (keyword_id < 845)
  Rows Removed by Filter: 3631102
Planning time: 0.338 ms
Execution time: 1432.979 ms
