Hash Join  (cost=78556.72..1116641.60 rows=6133547 width=0) (actual time=1211.602..28880.722 rows=6441523 loops=1)
  Hash Cond: (ci.movie_id = t.id)
  ->  Seq Scan on cast_info ci  (cost=0.00..705507.15 rows=23233136 width=4) (actual time=0.026..13468.609 rows=23294128 loops=1)
        Filter: (person_id > 1279308)
        Rows Removed by Filter: 12950216
  ->  Hash  (cost=67604.59..67604.59 rows=667531 width=4) (actual time=1210.512..1210.512 rows=662825 loops=1)
        Buckets: 131072  Batches: 16  Memory Usage: 2476kB
        ->  Seq Scan on title t  (cost=0.00..67604.59 rows=667531 width=4) (actual time=127.864..1006.078 rows=662825 loops=1)
              Filter: (kind_id = 1)
              Rows Removed by Filter: 1865487
Planning time: 7.481 ms
Execution time: 29597.780 ms
