Hash Join  (cost=433328.88..1233337.86 rows=6639 width=0) (actual time=11962.190..18249.531 rows=17898 loops=1)
  Hash Cond: (ci.movie_id = t.id)
  ->  Seq Scan on cast_info ci  (cost=0.00..796071.18 rows=387144 width=4) (actual time=4184.195..10361.381 rows=360789 loops=1)
        Filter: ((person_id < 776601) AND (role_id = 8))
        Rows Removed by Filter: 35883555
  ->  Hash  (cost=432786.99..432786.99 rows=43351 width=8) (actual time=7776.820..7776.820 rows=65159 loops=1)
        Buckets: 65536  Batches: 1  Memory Usage: 3058kB
        ->  Hash Join  (cost=67697.55..432786.99 rows=43351 width=8) (actual time=899.782..7748.598 rows=65159 loops=1)
              Hash Cond: (mi.movie_id = t.id)
              ->  Seq Scan on movie_info mi  (cost=0.00..309384.22 rows=14739122 width=4) (actual time=0.024..3682.089 rows=14835720 loops=1)
              ->  Hash  (cost=67604.59..67604.59 rows=7437 width=4) (actual time=899.555..899.555 rows=7199 loops=1)
                    Buckets: 8192  Batches: 1  Memory Usage: 318kB
                    ->  Seq Scan on title t  (cost=0.00..67604.59 rows=7437 width=4) (actual time=0.568..895.882 rows=7199 loops=1)
                          Filter: (production_year = 1954)
                          Rows Removed by Filter: 2521113
Planning time: 1.170 ms
Execution time: 18252.125 ms
