Hash Join  (cost=92883.59..203140.54 rows=748841 width=0) (actual time=1730.205..4002.462 rows=151669 loops=1)
  Hash Cond: (mk.movie_id = t.id)
  ->  Seq Scan on movie_keyword mk  (cost=0.00..81003.12 rows=1228884 width=4) (actual time=0.026..1403.858 rows=1236808 loops=1)
        Filter: (keyword_id < 1572)
        Rows Removed by Filter: 3287122
  ->  Hash  (cost=67604.59..67604.59 rows=1540800 width=4) (actual time=1728.851..1728.851 rows=1543264 loops=1)
        Buckets: 131072  Batches: 32  Memory Usage: 2728kB
        ->  Seq Scan on title t  (cost=0.00..67604.59 rows=1540800 width=4) (actual time=9.785..1219.322 rows=1543264 loops=1)
              Filter: (kind_id = 7)
              Rows Removed by Filter: 985048
Planning time: 0.664 ms
Execution time: 4020.427 ms
