Hash Join  (cost=73994.33..160750.31 rows=9794 width=0) (actual time=1039.782..2850.118 rows=12899 loops=1)
  Hash Cond: (mk.movie_id = t.id)
  ->  Seq Scan on movie_keyword mk  (cost=0.00..69693.30 rows=4523930 width=4) (actual time=0.012..947.554 rows=4523930 loops=1)
  ->  Hash  (cost=73925.90..73925.90 rows=5474 width=4) (actual time=1039.008..1039.008 rows=11034 loops=1)
        Buckets: 16384 (originally 8192)  Batches: 1 (originally 1)  Memory Usage: 516kB
        ->  Seq Scan on title t  (cost=0.00..73925.90 rows=5474 width=4) (actual time=0.399..1033.719 rows=11034 loops=1)
              Filter: ((kind_id > 1) AND (production_year = 1983))
              Rows Removed by Filter: 2517278
Planning time: 0.724 ms
Execution time: 2852.244 ms
