Seq Scan on movie_keyword mk  (cost=0.00..81003.12 rows=2202302 width=0) (actual time=0.023..1449.715 rows=2199572 loops=1)
  Filter: (keyword_id > 5076)
  Rows Removed by Filter: 2324358
Planning time: 0.286 ms
Execution time: 1730.824 ms
