Hash Join  (cost=246356.06..1495750.85 rows=20986868 width=0) (actual time=5350.756..49796.404 rows=69256673 loops=1)
  Hash Cond: (ci.movie_id = t.id)
  ->  Seq Scan on cast_info ci  (cost=0.00..614943.12 rows=36225612 width=4) (actual time=0.013..11916.785 rows=36244344 loops=1)
  ->  Hash  (cost=222322.17..222322.17 rows=1464871 width=8) (actual time=5349.579..5349.579 rows=1162748 loops=1)
        Buckets: 131072  Batches: 32  Memory Usage: 2478kB
        ->  Hash Join  (cost=90260.67..222322.17 rows=1464871 width=8) (actual time=1677.062..5004.839 rows=1162748 loops=1)
              Hash Cond: (mk.movie_id = t.id)
              ->  Seq Scan on movie_keyword mk  (cost=0.00..81003.12 rows=2682310 width=4) (actual time=0.017..1543.656 rows=2670775 loops=1)
                    Filter: (keyword_id > 3081)
                    Rows Removed by Filter: 1853155
              ->  Hash  (cost=67604.59..67604.59 rows=1380887 width=4) (actual time=1676.212..1676.212 rows=1381453 loops=1)
                    Buckets: 131072  Batches: 32  Memory Usage: 2551kB
                    ->  Seq Scan on title t  (cost=0.00..67604.59 rows=1380887 width=4) (actual time=0.026..1209.431 rows=1381453 loops=1)
                          Filter: (production_year > 2000)
                          Rows Removed by Filter: 1146859
Planning time: 1.059 ms
Execution time: 57357.239 ms
