Seq Scan on movie_companies mc  (cost=0.00..51404.11 rows=104 width=0) (actual time=809.313..862.605 rows=1 loops=1)
  Filter: (company_id = 195069)
  Rows Removed by Filter: 2609128
Planning time: 0.682 ms
Execution time: 862.680 ms
