Hash Join  (cost=123991.27..251439.03 rows=446972 width=0) (actual time=2782.167..6795.706 rows=2775326 loops=1)
  Hash Cond: (mk.movie_id = t.id)
  ->  Seq Scan on movie_keyword mk  (cost=0.00..69693.30 rows=4523930 width=4) (actual time=0.026..1304.848 rows=4523930 loops=1)
  ->  Hash  (cost=119892.48..119892.48 rows=249823 width=8) (actual time=2781.280..2781.280 rows=301450 loops=1)
        Buckets: 131072  Batches: 4  Memory Usage: 3984kB
        ->  Hash Join  (cost=78930.19..119892.48 rows=249823 width=8) (actual time=1531.803..2686.400 rows=301450 loops=1)
              Hash Cond: (mi_idx.movie_id = t.id)
              ->  Seq Scan on movie_info_idx mi_idx  (cost=0.00..25185.44 rows=915101 width=4) (actual time=0.019..506.617 rows=919850 loops=1)
                    Filter: (info_type_id < 101)
                    Rows Removed by Filter: 460185
              ->  Hash  (cost=67604.59..67604.59 rows=690288 width=4) (actual time=1530.516..1530.516 rows=684146 loops=1)
                    Buckets: 131072  Batches: 16  Memory Usage: 2525kB
                    ->  Seq Scan on title t  (cost=0.00..67604.59 rows=690288 width=4) (actual time=0.016..992.963 rows=684146 loops=1)
                          Filter: (production_year < 1990)
                          Rows Removed by Filter: 1844166
Planning time: 1.062 ms
Execution time: 7135.471 ms
