Seq Scan on movie_companies mc  (cost=0.00..57926.93 rows=53 width=0) (actual time=13.266..812.164 rows=453 loops=1)
  Filter: ((company_type_id > 1) AND (company_id = 3729))
  Rows Removed by Filter: 2608676
Planning time: 0.364 ms
Execution time: 812.374 ms
