Hash Join  (cost=126475.61..224343.56 rows=84549 width=0) (actual time=3601.182..4943.931 rows=52706 loops=1)
  Hash Cond: (mk.movie_id = t.id)
  ->  Seq Scan on movie_keyword mk  (cost=0.00..81003.12 rows=1331021 width=4) (actual time=0.022..1433.252 rows=1349617 loops=1)
        Filter: (keyword_id < 1755)
        Rows Removed by Filter: 3174313
  ->  Hash  (cost=123839.90..123839.90 rows=160617 width=8) (actual time=2593.530..2593.530 rows=79307 loops=1)
        Buckets: 131072  Batches: 4  Memory Usage: 1798kB
        ->  Hash Join  (cost=88257.79..123839.90 rows=160617 width=8) (actual time=1914.724..2564.259 rows=79307 loops=1)
              Hash Cond: (mi_idx.movie_id = t.id)
              ->  Seq Scan on movie_info_idx mi_idx  (cost=0.00..25185.44 rows=464934 width=4) (actual time=0.017..507.178 rows=460185 loops=1)
                    Filter: (info_type_id > 100)
                    Rows Removed by Filter: 919850
              ->  Hash  (cost=73925.90..73925.90 rows=873511 width=4) (actual time=1630.085..1630.085 rows=957299 loops=1)
                    Buckets: 131072  Batches: 16  Memory Usage: 3134kB
                    ->  Seq Scan on title t  (cost=0.00..73925.90 rows=873511 width=4) (actual time=0.007..1332.740 rows=957299 loops=1)
                          Filter: ((production_year > 1999) AND (kind_id = 7))
                          Rows Removed by Filter: 1571013
Planning time: 1.052 ms
Execution time: 4951.010 ms
