Hash Join  (cost=77474.80..141914.08 rows=39033 width=0) (actual time=1124.827..2153.168 rows=43383 loops=1)
  Hash Cond: (mc.movie_id = t.id)
  ->  Seq Scan on movie_companies mc  (cost=0.00..57926.93 rows=456270 width=4) (actual time=0.032..841.500 rows=259563 loops=1)
        Filter: ((company_id < 2787) AND (company_type_id > 1))
        Rows Removed by Filter: 2349566
  ->  Hash  (cost=73925.90..73925.90 rows=216312 width=4) (actual time=1124.132..1124.132 rows=327454 loops=1)
        Buckets: 131072  Batches: 4  Memory Usage: 3902kB
        ->  Seq Scan on title t  (cost=0.00..73925.90 rows=216312 width=4) (actual time=0.015..1016.284 rows=327454 loops=1)
              Filter: ((kind_id < 7) AND (production_year < 1983))
              Rows Removed by Filter: 2200858
Planning time: 0.911 ms
Execution time: 2159.198 ms
