Seq Scan on title t  (cost=0.00..73925.90 rows=2230 width=0) (actual time=0.040..1000.835 rows=4808 loops=1)
  Filter: ((kind_id < 3) AND (production_year = 1977))
  Rows Removed by Filter: 2523504
Planning time: 0.323 ms
Execution time: 1002.090 ms
