Hash Join  (cost=83074.74..447745.01 rows=1434 width=0) (actual time=1213.672..7523.150 rows=35761 loops=1)
  Hash Cond: (mi.movie_id = t.id)
  ->  Seq Scan on movie_info mi  (cost=0.00..309384.22 rows=14739122 width=4) (actual time=0.014..3453.586 rows=14835720 loops=1)
  ->  Hash  (cost=83071.67..83071.67 rows=246 width=8) (actual time=1202.811..1202.811 rows=486 loops=1)
        Buckets: 1024  Batches: 1  Memory Usage: 27kB
        ->  Nested Loop  (cost=0.43..83071.67 rows=246 width=8) (actual time=18.087..1202.390 rows=486 loops=1)
              ->  Seq Scan on movie_keyword mk  (cost=0.00..81003.12 rows=246 width=4) (actual time=17.990..1178.138 rows=486 loops=1)
                    Filter: (keyword_id = 14995)
                    Rows Removed by Filter: 4523444
              ->  Index Only Scan using title_pkey on title t  (cost=0.43..8.40 rows=1 width=4) (actual time=0.029..0.048 rows=1 loops=486)
                    Index Cond: (id = mk.movie_id)
                    Heap Fetches: 486
Planning time: 1.084 ms
Execution time: 7528.910 ms
