Hash Join  (cost=190230.21..307432.31 rows=987858 width=0) (actual time=4206.295..8366.684 rows=4105749 loops=1)
  Hash Cond: (mk.movie_id = t.id)
  ->  Seq Scan on movie_keyword mk  (cost=0.00..81003.12 rows=1809972 width=4) (actual time=0.019..1486.962 rows=1814483 loops=1)
        Filter: (keyword_id < 2960)
        Rows Removed by Filter: 2709447
  ->  Hash  (cost=167588.78..167588.78 rows=1380035 width=8) (actual time=4205.360..4205.360 rows=1380035 loops=1)
        Buckets: 131072  Batches: 32  Memory Usage: 2726kB
        ->  Hash Join  (cost=102767.86..167588.78 rows=1380035 width=8) (actual time=1781.244..3775.470 rows=1380035 loops=1)
              Hash Cond: (mi_idx.movie_id = t.id)
              ->  Seq Scan on movie_info_idx mi_idx  (cost=0.00..21735.35 rows=1380035 width=4) (actual time=0.015..467.936 rows=1380035 loops=1)
              ->  Hash  (cost=61283.27..61283.27 rows=2528527 width=4) (actual time=1779.541..1779.541 rows=2528312 loops=1)
                    Buckets: 131072  Batches: 64  Memory Usage: 2415kB
                    ->  Seq Scan on title t  (cost=0.00..61283.27 rows=2528527 width=4) (actual time=0.010..930.220 rows=2528312 loops=1)
Planning time: 0.697 ms
Execution time: 8855.657 ms
