Hash Join  (cost=158007.80..289291.57 rows=761773 width=0) (actual time=3447.772..7606.711 rows=3445886 loops=1)
  Hash Cond: (mk.movie_id = t.id)
  ->  Seq Scan on movie_keyword mk  (cost=0.00..69693.30 rows=4523930 width=4) (actual time=0.014..1337.781 rows=4523930 loops=1)
  ->  Hash  (cost=151021.65..151021.65 rows=425772 width=8) (actual time=3446.885..3446.885 rows=454247 loops=1)
        Buckets: 131072  Batches: 8  Memory Usage: 3258kB
        ->  Hash Join  (cost=106498.88..151021.65 rows=425772 width=8) (actual time=2110.012..3314.262 rows=454247 loops=1)
              Hash Cond: (mi_idx.movie_id = t.id)
              ->  Seq Scan on movie_info_idx mi_idx  (cost=0.00..25185.44 rows=454124 width=4) (actual time=0.021..425.591 rows=459925 loops=1)
                    Filter: (info_type_id = 100)
                    Rows Removed by Filter: 920110
              ->  Hash  (cost=67604.59..67604.59 rows=2370663 width=4) (actual time=2109.089..2109.089 rows=2366946 loops=1)
                    Buckets: 131072  Batches: 32  Memory Usage: 3627kB
                    ->  Seq Scan on title t  (cost=0.00..67604.59 rows=2370663 width=4) (actual time=0.019..1349.883 rows=2366946 loops=1)
                          Filter: (production_year > 1920)
                          Rows Removed by Filter: 161366
Planning time: 4.185 ms
Execution time: 8037.371 ms
