Hash Join  (cost=183671.00..710295.04 rows=4387711 width=0) (actual time=4956.232..17764.170 rows=3329631 loops=1)
  Hash Cond: (mi.movie_id = t.id)
  ->  Seq Scan on movie_info mi  (cost=0.00..309384.22 rows=14739122 width=4) (actual time=0.024..5472.494 rows=14835720 loops=1)
  ->  Hash  (cost=171320.99..171320.99 rows=752721 width=8) (actual time=4293.369..4293.369 rows=385774 loops=1)
        Buckets: 131072  Batches: 16  Memory Usage: 1964kB
        ->  Hash Join  (cost=85894.26..171320.99 rows=752721 width=8) (actual time=2079.922..4165.723 rows=385774 loops=1)
              Hash Cond: (mc.movie_id = t.id)
              ->  Seq Scan on movie_companies mc  (cost=0.00..44881.29 rows=2609129 width=4) (actual time=0.023..792.122 rows=2609129 loops=1)
              ->  Hash  (cost=73925.90..73925.90 rows=729468 width=4) (actual time=1967.556..1967.556 rows=638430 loops=1)
                    Buckets: 131072  Batches: 16  Memory Usage: 2425kB
                    ->  Seq Scan on title t  (cost=0.00..73925.90 rows=729468 width=4) (actual time=0.017..969.773 rows=638430 loops=1)
                          Filter: ((production_year < 2003) AND (kind_id = 7))
                          Rows Removed by Filter: 1889882
Planning time: 1.100 ms
Execution time: 18159.521 ms
