Hash Join  (cost=101539.12..190175.20 rows=6130 width=0) (actual time=1581.518..2874.748 rows=52086 loops=1)
  Hash Cond: (mk.movie_id = t.id)
  ->  Seq Scan on movie_keyword mk  (cost=0.00..81003.12 rows=2019109 width=4) (actual time=0.026..1022.665 rows=2023603 loops=1)
        Filter: (keyword_id < 3627)
        Rows Removed by Filter: 2500327
  ->  Hash  (cost=101443.15..101443.15 rows=7677 width=8) (actual time=1581.385..1581.385 rows=13785 loops=1)
        Buckets: 16384 (originally 8192)  Batches: 1 (originally 1)  Memory Usage: 667kB
        ->  Hash Join  (cost=74452.28..101443.15 rows=7677 width=8) (actual time=1021.399..1575.335 rows=13785 loops=1)
              Hash Cond: (mi_idx.movie_id = t.id)
              ->  Seq Scan on movie_info_idx mi_idx  (cost=0.00..25185.44 rows=460978 width=4) (actual time=0.012..423.771 rows=459925 loops=1)
                    Filter: (info_type_id < 100)
                    Rows Removed by Filter: 920110
              ->  Hash  (cost=73925.90..73925.90 rows=42110 width=4) (actual time=1021.028..1021.028 rows=33905 loops=1)
                    Buckets: 65536  Batches: 1  Memory Usage: 1704kB
                    ->  Seq Scan on title t  (cost=0.00..73925.90 rows=42110 width=4) (actual time=0.146..1007.459 rows=33905 loops=1)
                          Filter: ((kind_id < 7) AND (production_year = 2006))
                          Rows Removed by Filter: 2494407
Planning time: 1.137 ms
Execution time: 2880.732 ms
