Hash Join  (cost=215418.64..772132.97 rows=5666162 width=0) (actual time=5327.684..23300.769 rows=14847596 loops=1)
  Hash Cond: (mi.movie_id = t.id)
  ->  Seq Scan on movie_info mi  (cost=0.00..346232.03 rows=12928982 width=4) (actual time=0.026..6439.666 rows=12970088 loops=1)
        Filter: (info_type_id < 18)
        Rows Removed by Filter: 1865632
  ->  Hash  (cost=197237.97..197237.97 rows=1108134 width=8) (actual time=5326.594..5326.594 rows=1231696 loops=1)
        Buckets: 131072  Batches: 16  Memory Usage: 4041kB
        ->  Hash Join  (cost=102767.86..197237.97 rows=1108134 width=8) (actual time=2452.053..4944.865 rows=1231696 loops=1)
              Hash Cond: (mc.movie_id = t.id)
              ->  Seq Scan on movie_companies mc  (cost=0.00..57926.93 rows=1108134 width=4) (actual time=81.562..1079.793 rows=1231696 loops=1)
                    Filter: ((company_id > 312) AND (company_type_id > 1))
                    Rows Removed by Filter: 1377433
              ->  Hash  (cost=61283.27..61283.27 rows=2528527 width=4) (actual time=2369.412..2369.412 rows=2528312 loops=1)
                    Buckets: 131072  Batches: 64  Memory Usage: 2415kB
                    ->  Seq Scan on title t  (cost=0.00..61283.27 rows=2528527 width=4) (actual time=0.026..868.742 rows=2528312 loops=1)
Planning time: 1.161 ms
Execution time: 25035.506 ms
