Hash Join  (cost=166206.12..251888.56 rows=771292 width=0) (actual time=3773.139..6630.964 rows=2463838 loops=1)
  Hash Cond: (mc.movie_id = t.id)
  ->  Seq Scan on movie_companies mc  (cost=0.00..44881.29 rows=2609129 width=4) (actual time=0.024..857.959 rows=2609129 loops=1)
  ->  Hash  (cost=153942.80..153942.80 rows=747465 width=8) (actual time=3772.260..3772.260 rows=832054 loops=1)
        Buckets: 131072  Batches: 16  Memory Usage: 3058kB
        ->  Hash Join  (cost=101489.21..153942.80 rows=747465 width=8) (actual time=1864.153..3518.547 rows=832054 loops=1)
              Hash Cond: (mi_idx.movie_id = t.id)
              ->  Seq Scan on movie_info_idx mi_idx  (cost=0.00..25185.44 rows=915101 width=4) (actual time=0.023..558.970 rows=919850 loops=1)
                    Filter: (info_type_id < 101)
                    Rows Removed by Filter: 460185
              ->  Hash  (cost=67604.59..67604.59 rows=2065330 width=4) (actual time=1862.893..1862.893 rows=2064552 loops=1)
                    Buckets: 131072  Batches: 32  Memory Usage: 3289kB
                    ->  Seq Scan on title t  (cost=0.00..67604.59 rows=2065330 width=4) (actual time=0.012..1207.075 rows=2064552 loops=1)
                          Filter: (production_year < 2011)
                          Rows Removed by Filter: 463760
Planning time: 1.158 ms
Execution time: 6931.760 ms
