Hash Join  (cost=89993.73..126183.45 rows=180078 width=0) (actual time=1544.822..2438.183 rows=105843 loops=1)
  Hash Cond: (mi_idx.movie_id = t.id)
  ->  Seq Scan on movie_info_idx mi_idx  (cost=0.00..25185.44 rows=464934 width=4) (actual time=0.016..440.220 rows=460185 loops=1)
        Filter: (info_type_id > 100)
        Rows Removed by Filter: 919850
  ->  Hash  (cost=73925.90..73925.90 rows=979346 width=4) (actual time=1543.805..1543.805 rows=1092545 loops=1)
        Buckets: 131072  Batches: 16  Memory Usage: 3434kB
        ->  Seq Scan on title t  (cost=0.00..73925.90 rows=979346 width=4) (actual time=0.012..1196.181 rows=1092545 loops=1)
              Filter: ((kind_id > 3) AND (production_year > 1998))
              Rows Removed by Filter: 1435767
Planning time: 0.720 ms
Execution time: 2452.294 ms
