Hash Join  (cost=102767.86..192338.22 rows=904457 width=0) (actual time=2048.444..4550.084 rows=1214126 loops=1)
  Hash Cond: (mc.movie_id = t.id)
  ->  Seq Scan on movie_companies mc  (cost=0.00..57926.93 rows=904457 width=4) (actual time=64.658..1180.500 rows=1214126 loops=1)
        Filter: ((company_id < 33949) AND (company_type_id < 2))
        Rows Removed by Filter: 1395003
  ->  Hash  (cost=61283.27..61283.27 rows=2528527 width=4) (actual time=1982.418..1982.418 rows=2528312 loops=1)
        Buckets: 131072  Batches: 64  Memory Usage: 2415kB
        ->  Seq Scan on title t  (cost=0.00..61283.27 rows=2528527 width=4) (actual time=0.023..1158.292 rows=2528312 loops=1)
Planning time: 0.707 ms
Execution time: 4689.827 ms
