Hash Join  (cost=100831.63..884149.82 rows=165231 width=0) (actual time=1505.836..17787.959 rows=338077 loops=1)
  Hash Cond: (ci.movie_id = t.id)
  ->  Seq Scan on cast_info ci  (cost=0.00..705507.15 rows=20308989 width=4) (actual time=0.015..11037.909 rows=20200110 loops=1)
        Filter: (person_id < 2029803)
        Rows Removed by Filter: 16044234
  ->  Hash  (cost=100574.48..100574.48 rows=20572 width=8) (actual time=1505.534..1505.534 rows=27850 loops=1)
        Buckets: 32768  Batches: 1  Memory Usage: 1344kB
        ->  Hash Join  (cost=69484.36..100574.48 rows=20572 width=8) (actual time=931.792..1494.677 rows=27850 loops=1)
              Hash Cond: (mi_idx.movie_id = t.id)
              ->  Seq Scan on movie_info_idx mi_idx  (cost=0.00..25185.44 rows=454124 width=4) (actual time=0.014..421.834 rows=459925 loops=1)
                    Filter: (info_type_id = 100)
                    Rows Removed by Filter: 920110
              ->  Hash  (cost=67604.59..67604.59 rows=114542 width=4) (actual time=863.839..863.839 rows=118234 loops=1)
                    Buckets: 131072  Batches: 2  Memory Usage: 3101kB
                    ->  Seq Scan on title t  (cost=0.00..67604.59 rows=114542 width=4) (actual time=449.662..823.806 rows=118234 loops=1)
                          Filter: (kind_id = 4)
                          Rows Removed by Filter: 2410078
Planning time: 1.139 ms
Execution time: 17838.979 ms
