Seq Scan on movie_keyword mk  (cost=0.00..81003.12 rows=1199239 width=0) (actual time=0.021..1235.406 rows=1208459 loops=1)
  Filter: (keyword_id > 15167)
  Rows Removed by Filter: 3315471
Planning time: 0.300 ms
Execution time: 1388.921 ms
