Hash Join  (cost=128758.81..879648.41 rows=10043 width=0) (actual time=1857.586..16210.196 rows=133338 loops=1)
  Hash Cond: (ci.movie_id = t.id)
  ->  Seq Scan on cast_info ci  (cost=0.00..614943.12 rows=36225612 width=4) (actual time=0.014..7096.336 rows=36244344 loops=1)
  ->  Hash  (cost=128750.05..128750.05 rows=701 width=8) (actual time=1857.314..1857.314 rows=4077 loops=1)
        Buckets: 4096 (originally 1024)  Batches: 1 (originally 1)  Memory Usage: 192kB
        ->  Hash Join  (cost=73950.44..128750.05 rows=701 width=8) (actual time=891.038..1855.345 rows=4077 loops=1)
              Hash Cond: (mc.movie_id = t.id)
              ->  Seq Scan on movie_companies mc  (cost=0.00..51404.11 rows=903596 width=4) (actual time=0.023..804.333 rows=912190 loops=1)
                    Filter: (company_id > 20634)
                    Rows Removed by Filter: 1696939
              ->  Hash  (cost=73925.90..73925.90 rows=1963 width=4) (actual time=890.884..890.884 rows=4860 loops=1)
                    Buckets: 8192 (originally 2048)  Batches: 1 (originally 1)  Memory Usage: 235kB
                    ->  Seq Scan on title t  (cost=0.00..73925.90 rows=1963 width=4) (actual time=379.302..888.501 rows=4860 loops=1)
                          Filter: ((kind_id = 1) AND (production_year = 1988))
                          Rows Removed by Filter: 2523452
Planning time: 1.107 ms
Execution time: 16231.405 ms
