Hash Join  (cost=269854.32..1637075.18 rows=28048766 width=0) (actual time=5394.665..40828.631 rows=14052018 loops=1)
  Hash Cond: (ci.movie_id = t.id)
  ->  Seq Scan on cast_info ci  (cost=0.00..614943.12 rows=36225612 width=4) (actual time=0.018..11925.568 rows=36244344 loops=1)
  ->  Hash  (cost=237733.97..237733.97 rows=1957788 width=8) (actual time=5393.166..5393.166 rows=458671 loops=1)
        Buckets: 131072  Batches: 32  Memory Usage: 1570kB
        ->  Hash Join  (cost=91879.05..237733.97 rows=1957788 width=8) (actual time=2862.501..5014.606 rows=458671 loops=1)
              Hash Cond: (mk.movie_id = t.id)
              ->  Seq Scan on movie_keyword mk  (cost=0.00..69693.30 rows=4523930 width=4) (actual time=0.015..1272.735 rows=4523930 loops=1)
              ->  Hash  (cost=73925.90..73925.90 rows=1094252 width=4) (actual time=1551.451..1551.451 rows=1044222 loops=1)
                    Buckets: 131072  Batches: 16  Memory Usage: 3325kB
                    ->  Seq Scan on title t  (cost=0.00..73925.90 rows=1094252 width=4) (actual time=0.021..1225.087 rows=1044222 loops=1)
                          Filter: ((production_year < 2009) AND (kind_id = 7))
                          Rows Removed by Filter: 1484090
Planning time: 1.157 ms
Execution time: 42480.369 ms
