Hash Join  (cost=160776.82..299621.37 rows=1382352 width=0) (actual time=3634.876..7577.894 rows=2522946 loops=1)
  Hash Cond: (mk.movie_id = t.id)
  ->  Seq Scan on movie_keyword mk  (cost=0.00..69693.30 rows=4523930 width=4) (actual time=0.013..1432.779 rows=4523930 loops=1)
  ->  Hash  (cost=148099.97..148099.97 rows=772628 width=8) (actual time=3628.446..3628.446 rows=636870 loops=1)
        Buckets: 131072  Batches: 16  Memory Usage: 2601kB
        ->  Hash Join  (cost=97151.21..148099.97 rows=772628 width=8) (actual time=1894.907..3441.920 rows=636870 loops=1)
              Hash Cond: (mi_idx.movie_id = t.id)
              ->  Seq Scan on movie_info_idx mi_idx  (cost=0.00..21735.35 rows=1380035 width=4) (actual time=0.024..483.513 rows=1380035 loops=1)
              ->  Hash  (cost=73925.90..73925.90 rows=1415624 width=4) (actual time=1893.693..1893.693 rows=1398720 loops=1)
                    Buckets: 131072  Batches: 32  Memory Usage: 2560kB
                    ->  Seq Scan on title t  (cost=0.00..73925.90 rows=1415624 width=4) (actual time=0.015..1451.547 rows=1398720 loops=1)
                          Filter: ((kind_id > 1) AND (production_year < 2010))
                          Rows Removed by Filter: 1129592
Planning time: 1.219 ms
Execution time: 7865.945 ms
