Seq Scan on cast_info ci  (cost=0.00..705507.15 rows=11075859 width=0) (actual time=0.024..9017.888 rows=10993719 loops=1)
  Filter: (person_id < 1079924)
  Rows Removed by Filter: 25250625
Planning time: 0.327 ms
Execution time: 10330.593 ms
