Hash Join  (cost=77312.52..148818.90 rows=299407 width=0) (actual time=1237.790..2886.833 rows=484555 loops=1)
  Hash Cond: (mc.movie_id = t.id)
  ->  Seq Scan on movie_companies mc  (cost=0.00..51404.11 rows=1279517 width=4) (actual time=49.897..835.672 rows=1274246 loops=1)
        Filter: (company_type_id < 2)
        Rows Removed by Filter: 1334883
  ->  Hash  (cost=67604.59..67604.59 rows=591675 width=4) (actual time=1186.995..1186.995 rows=585020 loops=1)
        Buckets: 131072  Batches: 8  Memory Usage: 3586kB
        ->  Seq Scan on title t  (cost=0.00..67604.59 rows=591675 width=4) (actual time=0.013..996.038 rows=585020 loops=1)
              Filter: (production_year < 1985)
              Rows Removed by Filter: 1943292
Planning time: 0.685 ms
Execution time: 2949.291 ms
