Seq Scan on movie_keyword mk  (cost=0.00..81003.12 rows=1482143 width=0) (actual time=0.019..1348.510 rows=1494613 loops=1)
  Filter: (keyword_id < 2144)
  Rows Removed by Filter: 3029317
Planning time: 0.236 ms
Execution time: 1539.462 ms
