Hash Join  (cost=110816.49..198325.92 rows=85139 width=0) (actual time=1873.873..3710.022 rows=346931 loops=1)
  Hash Cond: (mk.movie_id = t.id)
  ->  Seq Scan on movie_keyword mk  (cost=0.00..69693.30 rows=4523930 width=4) (actual time=0.019..859.142 rows=4523930 loops=1)
  ->  Hash  (cost=110221.67..110221.67 rows=47586 width=8) (actual time=1873.433..1873.433 rows=51912 loops=1)
        Buckets: 65536  Batches: 1  Memory Usage: 2540kB
        ->  Hash Join  (cost=78171.87..110221.67 rows=47586 width=8) (actual time=1097.402..1854.176 rows=51912 loops=1)
              Hash Cond: (mi_idx.movie_id = t.id)
              ->  Seq Scan on movie_info_idx mi_idx  (cost=0.00..25185.44 rows=464934 width=4) (actual time=0.024..502.319 rows=460185 loops=1)
                    Filter: (info_type_id > 100)
                    Rows Removed by Filter: 919850
              ->  Hash  (cost=73925.90..73925.90 rows=258797 width=4) (actual time=1096.341..1096.341 rows=227847 loops=1)
                    Buckets: 131072  Batches: 4  Memory Usage: 3032kB
                    ->  Seq Scan on title t  (cost=0.00..73925.90 rows=258797 width=4) (actual time=0.054..1022.559 rows=227847 loops=1)
                          Filter: ((kind_id < 7) AND (production_year > 2008))
                          Rows Removed by Filter: 2300465
Planning time: 1.111 ms
Execution time: 3754.451 ms
