Hash Join  (cost=83074.74..833899.15 rows=3524 width=0) (actual time=1254.077..15541.293 rows=210 loops=1)
  Hash Cond: (ci.movie_id = t.id)
  ->  Seq Scan on cast_info ci  (cost=0.00..614943.12 rows=36225612 width=4) (actual time=0.008..7692.756 rows=36244344 loops=1)
  ->  Hash  (cost=83071.67..83071.67 rows=246 width=8) (actual time=1189.250..1189.250 rows=9 loops=1)
        Buckets: 1024  Batches: 1  Memory Usage: 9kB
        ->  Nested Loop  (cost=0.43..83071.67 rows=246 width=8) (actual time=116.953..1189.229 rows=9 loops=1)
              ->  Seq Scan on movie_keyword mk  (cost=0.00..81003.12 rows=246 width=4) (actual time=116.865..1188.922 rows=9 loops=1)
                    Filter: (keyword_id = 14059)
                    Rows Removed by Filter: 4523921
              ->  Index Only Scan using title_pkey on title t  (cost=0.43..8.40 rows=1 width=4) (actual time=0.028..0.028 rows=1 loops=9)
                    Index Cond: (id = mk.movie_id)
                    Heap Fetches: 9
Planning time: 0.628 ms
Execution time: 15541.559 ms
