Seq Scan on cast_info ci  (cost=0.00..796071.18 rows=168 width=0) (actual time=2973.304..12069.382 rows=2 loops=1)
  Filter: ((role_id > 3) AND (person_id = 3553801))
  Rows Removed by Filter: 36244342
Planning time: 0.751 ms
Execution time: 12069.505 ms
