Hash Join  (cost=74346.17..101321.56 rows=6129 width=0) (actual time=901.768..1438.006 rows=8628 loops=1)
  Hash Cond: (mi_idx.movie_id = t.id)
  ->  Seq Scan on movie_info_idx mi_idx  (cost=0.00..25185.44 rows=460978 width=4) (actual time=0.020..415.772 rows=459925 loops=1)
        Filter: (info_type_id < 100)
        Rows Removed by Filter: 920110
  ->  Hash  (cost=73925.90..73925.90 rows=33621 width=4) (actual time=901.348..901.348 rows=28104 loops=1)
        Buckets: 65536  Batches: 1  Memory Usage: 1501kB
        ->  Seq Scan on title t  (cost=0.00..73925.90 rows=33621 width=4) (actual time=384.916..889.669 rows=28104 loops=1)
              Filter: ((kind_id = 1) AND (production_year = 2009))
              Rows Removed by Filter: 2500208
Planning time: 0.691 ms
Execution time: 1439.715 ms
