Hash Join  (cost=797180.99..1151643.91 rows=108 width=0) (actual time=12506.505..17712.747 rows=1 loops=1)
  Hash Cond: (mi.movie_id = t.id)
  ->  Seq Scan on movie_info mi  (cost=0.00..346232.03 rows=2194617 width=4) (actual time=326.756..5302.544 rows=2233850 loops=1)
        Filter: (info_type_id > 16)
        Rows Removed by Filter: 12601870
  ->  Hash  (cost=797179.44..797179.44 rows=124 width=8) (actual time=12093.940..12093.940 rows=50 loops=1)
        Buckets: 1024  Batches: 1  Memory Usage: 10kB
        ->  Nested Loop  (cost=0.43..797179.44 rows=124 width=8) (actual time=7492.690..12093.875 rows=50 loops=1)
              ->  Seq Scan on cast_info ci  (cost=0.00..796071.18 rows=131 width=4) (actual time=7492.612..12092.929 rows=50 loops=1)
                    Filter: ((role_id > 4) AND (person_id = 2117891))
                    Rows Removed by Filter: 36244294
              ->  Index Scan using title_pkey on title t  (cost=0.43..8.45 rows=1 width=4) (actual time=0.017..0.018 rows=1 loops=50)
                    Index Cond: (id = ci.movie_id)
                    Filter: (production_year < 2013)
Planning time: 1.099 ms
Execution time: 17712.852 ms
