Hash Join  (cost=668873.83..2496005.50 rows=55187149 width=0) (actual time=16364.355..115298.263 rows=276968987 loops=1)
  Hash Cond: (ci.movie_id = t.id)
  ->  Seq Scan on cast_info ci  (cost=0.00..614943.12 rows=36225612 width=4) (actual time=0.032..12289.951 rows=36244344 loops=1)
  ->  Hash  (cost=605676.44..605676.44 rows=3852031 width=8) (actual time=16362.982..16362.982 rows=6301464 loops=1)
        Buckets: 131072 (originally 131072)  Batches: 128 (originally 64)  Memory Usage: 3073kB
        ->  Hash Join  (cost=84768.21..605676.44 rows=3852031 width=8) (actual time=1273.265..14743.343 rows=6301464 loops=1)
              Hash Cond: (mi.movie_id = t.id)
              ->  Seq Scan on movie_info mi  (cost=0.00..309384.22 rows=14739122 width=4) (actual time=0.017..5135.767 rows=14835720 loops=1)
              ->  Hash  (cost=73925.90..73925.90 rows=660824 width=4) (actual time=1271.845..1271.845 rows=534718 loops=1)
                    Buckets: 131072  Batches: 16  Memory Usage: 2203kB
                    ->  Seq Scan on title t  (cost=0.00..73925.90 rows=660824 width=4) (actual time=0.030..1093.194 rows=534718 loops=1)
                          Filter: ((kind_id < 4) AND (production_year > 1980))
                          Rows Removed by Filter: 1993594
Planning time: 1.122 ms
Execution time: 144289.367 ms
