Hash Join  (cost=80897.33..587132.07 rows=2476881 width=0) (actual time=1414.314..14232.588 rows=1333119 loops=1)
  Hash Cond: (mi.movie_id = t.id)
  ->  Seq Scan on movie_info mi  (cost=0.00..309384.22 rows=14739122 width=4) (actual time=0.031..6070.828 rows=14835720 loops=1)
  ->  Hash  (cost=73925.90..73925.90 rows=424914 width=4) (actual time=1413.125..1413.125 rows=287602 loops=1)
        Buckets: 131072  Batches: 8  Memory Usage: 2284kB
        ->  Seq Scan on title t  (cost=0.00..73925.90 rows=424914 width=4) (actual time=0.020..1312.410 rows=287602 loops=1)
              Filter: ((kind_id > 2) AND (production_year < 1986))
              Rows Removed by Filter: 2240710
Planning time: 0.774 ms
Execution time: 14397.025 ms
