Seq Scan on movie_keyword mk  (cost=0.00..81003.12 rows=246 width=0) (actual time=31.077..1200.186 rows=94 loops=1)
  Filter: (keyword_id = 25711)
  Rows Removed by Filter: 4523836
Planning time: 0.333 ms
Execution time: 1200.341 ms
