Hash Join  (cost=83074.74..137742.81 rows=254 width=0) (actual time=1280.920..2305.836 rows=6238 loops=1)
  Hash Cond: (mc.movie_id = t.id)
  ->  Seq Scan on movie_companies mc  (cost=0.00..44881.29 rows=2609129 width=4) (actual time=0.026..496.579 rows=2609129 loops=1)
  ->  Hash  (cost=83071.67..83071.67 rows=246 width=8) (actual time=1280.347..1280.347 rows=4387 loops=1)
        Buckets: 8192 (originally 1024)  Batches: 1 (originally 1)  Memory Usage: 236kB
        ->  Nested Loop  (cost=0.43..83071.67 rows=246 width=8) (actual time=0.252..1277.671 rows=4387 loops=1)
              ->  Seq Scan on movie_keyword mk  (cost=0.00..81003.12 rows=246 width=4) (actual time=0.191..1177.506 rows=4387 loops=1)
                    Filter: (keyword_id = 20321)
                    Rows Removed by Filter: 4519543
              ->  Index Only Scan using title_pkey on title t  (cost=0.43..8.40 rows=1 width=4) (actual time=0.022..0.022 rows=1 loops=4387)
                    Index Cond: (id = mk.movie_id)
                    Heap Fetches: 4387
Planning time: 1.059 ms
Execution time: 2306.947 ms
