Hash Join  (cost=74311.74..166896.81 rows=36514 width=0) (actual time=2142.629..3037.433 rows=9105 loops=1)
  Hash Cond: (mk.movie_id = t.id)
  ->  Seq Scan on movie_keyword mk  (cost=0.00..81003.12 rows=2991147 width=4) (actual time=0.031..1398.855 rows=2979940 loops=1)
        Filter: (keyword_id > 2273)
        Rows Removed by Filter: 1543990
  ->  Hash  (cost=73925.90..73925.90 rows=30867 width=4) (actual time=1147.814..1147.814 rows=34773 loops=1)
        Buckets: 65536 (originally 32768)  Batches: 1 (originally 1)  Memory Usage: 1735kB
        ->  Seq Scan on title t  (cost=0.00..73925.90 rows=30867 width=4) (actual time=0.046..1132.672 rows=34773 loops=1)
              Filter: ((kind_id = 7) AND (production_year = 1999))
              Rows Removed by Filter: 2493539
Planning time: 0.730 ms
Execution time: 3038.883 ms
