Hash Join  (cost=148773.92..513433.11 rows=327 width=0) (actual time=3045.583..8294.850 rows=5 loops=1)
  Hash Cond: (mi.movie_id = t.id)
  ->  Seq Scan on movie_info mi  (cost=0.00..309384.22 rows=14739122 width=4) (actual time=0.010..3682.254 rows=14835720 loops=1)
  ->  Hash  (cost=148773.22..148773.22 rows=56 width=8) (actual time=2021.027..2021.027 rows=1 loops=1)
        Buckets: 1024  Batches: 1  Memory Usage: 9kB
        ->  Hash Join  (cost=67699.41..148773.22 rows=56 width=8) (actual time=1733.081..2020.988 rows=1 loops=1)
              Hash Cond: (mk.movie_id = t.id)
              ->  Seq Scan on movie_keyword mk  (cost=0.00..81003.12 rows=18699 width=4) (actual time=0.030..1051.718 rows=20522 loops=1)
                    Filter: (keyword_id = 382)
                    Rows Removed by Filter: 4503408
              ->  Hash  (cost=67604.59..67604.59 rows=7586 width=4) (actual time=961.502..961.502 rows=5872 loops=1)
                    Buckets: 8192  Batches: 1  Memory Usage: 271kB
                    ->  Seq Scan on title t  (cost=0.00..67604.59 rows=7586 width=4) (actual time=0.049..958.826 rows=5872 loops=1)
                          Filter: (production_year < 1900)
                          Rows Removed by Filter: 2522440
Planning time: 1.122 ms
Execution time: 8295.022 ms
