Nested Loop  (cost=0.43..52283.95 rows=93 width=0) (actual time=0.171..779.068 rows=1039 loops=1)
  ->  Seq Scan on movie_companies mc  (cost=0.00..51404.11 rows=104 width=4) (actual time=0.133..736.550 rows=1039 loops=1)
        Filter: (company_id = 23893)
        Rows Removed by Filter: 2608090
  ->  Index Scan using title_pkey on title t  (cost=0.43..8.45 rows=1 width=4) (actual time=0.040..0.040 rows=1 loops=1039)
        Index Cond: (id = mc.movie_id)
        Filter: (production_year > 1955)
Planning time: 0.782 ms
Execution time: 779.446 ms
