Hash Join  (cost=102767.86..191353.12 rows=863528 width=0) (actual time=2022.685..3894.685 rows=545825 loops=1)
  Hash Cond: (mc.movie_id = t.id)
  ->  Seq Scan on movie_companies mc  (cost=0.00..57926.93 rows=863528 width=4) (actual time=0.028..1015.496 rows=545825 loops=1)
        Filter: ((company_id < 19953) AND (company_type_id = 2))
        Rows Removed by Filter: 2063304
  ->  Hash  (cost=61283.27..61283.27 rows=2528527 width=4) (actual time=2021.809..2021.809 rows=2528312 loops=1)
        Buckets: 131072  Batches: 64  Memory Usage: 2415kB
        ->  Seq Scan on title t  (cost=0.00..61283.27 rows=2528527 width=4) (actual time=0.034..1204.270 rows=2528312 loops=1)
Planning time: 0.729 ms
Execution time: 3962.142 ms
