Seq Scan on movie_keyword mk  (cost=0.00..81003.12 rows=246 width=0) (actual time=1.044..1153.460 rows=25 loops=1)
  Filter: (keyword_id = 18571)
  Rows Removed by Filter: 4523905
Planning time: 0.354 ms
Execution time: 1153.563 ms
