Seq Scan on movie_keyword mk  (cost=0.00..81003.12 rows=291194 width=0) (actual time=0.032..1225.614 rows=310729 loops=1)
  Filter: (keyword_id < 247)
  Rows Removed by Filter: 4213201
Planning time: 0.294 ms
Execution time: 1268.764 ms
