Hash Join  (cost=83074.74..447745.01 rows=1434 width=0) (actual time=1138.686..7379.181 rows=19464 loops=1)
  Hash Cond: (mi.movie_id = t.id)
  ->  Seq Scan on movie_info mi  (cost=0.00..309384.22 rows=14739122 width=4) (actual time=0.025..3526.867 rows=14835720 loops=1)
  ->  Hash  (cost=83071.67..83071.67 rows=246 width=8) (actual time=1138.156..1138.156 rows=493 loops=1)
        Buckets: 1024  Batches: 1  Memory Usage: 28kB
        ->  Nested Loop  (cost=0.43..83071.67 rows=246 width=8) (actual time=3.801..1137.728 rows=493 loops=1)
              ->  Seq Scan on movie_keyword mk  (cost=0.00..81003.12 rows=246 width=4) (actual time=3.735..1123.832 rows=493 loops=1)
                    Filter: (keyword_id = 6194)
                    Rows Removed by Filter: 4523437
              ->  Index Only Scan using title_pkey on title t  (cost=0.43..8.40 rows=1 width=4) (actual time=0.026..0.027 rows=1 loops=493)
                    Index Cond: (id = mk.movie_id)
                    Heap Fetches: 493
Planning time: 1.196 ms
Execution time: 7382.563 ms
