Hash Join  (cost=74657.14..163428.98 rows=45144 width=0) (actual time=1067.178..2789.856 rows=12045 loops=1)
  Hash Cond: (mk.movie_id = t.id)
  ->  Seq Scan on movie_keyword mk  (cost=0.00..81003.12 rows=1951272 width=4) (actual time=0.013..1353.936 rows=1959362 loops=1)
        Filter: (keyword_id > 6507)
        Rows Removed by Filter: 2564568
  ->  Hash  (cost=73925.90..73925.90 rows=58499 width=4) (actual time=1066.536..1066.536 rows=62752 loops=1)
        Buckets: 65536  Batches: 1  Memory Usage: 2719kB
        ->  Seq Scan on title t  (cost=0.00..73925.90 rows=58499 width=4) (actual time=0.013..1042.393 rows=62752 loops=1)
              Filter: ((kind_id = 7) AND (production_year = 2005))
              Rows Removed by Filter: 2465560
Planning time: 3.700 ms
Execution time: 2791.695 ms
