Nested Loop  (cost=0.43..83072.29 rows=150 width=0) (actual time=1149.695..1280.456 rows=6 loops=1)
  ->  Seq Scan on movie_keyword mk  (cost=0.00..81003.12 rows=246 width=4) (actual time=23.734..1276.793 rows=89 loops=1)
        Filter: (keyword_id = 28850)
        Rows Removed by Filter: 4523841
  ->  Index Scan using title_pkey on title t  (cost=0.43..8.40 rows=1 width=4) (actual time=0.037..0.037 rows=0 loops=89)
        Index Cond: (id = mk.movie_id)
        Filter: (kind_id = 7)
        Rows Removed by Filter: 1
Planning time: 0.826 ms
Execution time: 1280.543 ms
