Hash Join  (cost=102767.86..1155063.86 rows=10237712 width=0) (actual time=4047.004..28992.220 rows=12670688 loops=1)
  Hash Cond: (ci.movie_id = t.id)
  ->  Seq Scan on cast_info ci  (cost=0.00..796071.18 rows=10237712 width=4) (actual time=2116.339..16647.847 rows=12670688 loops=1)
        Filter: ((person_id < 2952241) AND (role_id = 1))
        Rows Removed by Filter: 23573656
  ->  Hash  (cost=61283.27..61283.27 rows=2528527 width=4) (actual time=1929.194..1929.194 rows=2528312 loops=1)
        Buckets: 131072  Batches: 64  Memory Usage: 2415kB
        ->  Seq Scan on title t  (cost=0.00..61283.27 rows=2528527 width=4) (actual time=0.030..1114.028 rows=2528312 loops=1)
Planning time: 0.852 ms
Execution time: 30471.067 ms
