Seq Scan on movie_info mi  (cost=0.00..346232.03 rows=1007301 width=0) (actual time=0.021..4842.008 rows=1059463 loops=1)
  Filter: (info_type_id > 76)
  Rows Removed by Filter: 13776257
Planning time: 0.366 ms
Execution time: 4980.913 ms
