Nested Loop  (cost=0.43..83072.29 rows=1 width=0) (actual time=322.792..1124.673 rows=2 loops=1)
  ->  Seq Scan on movie_keyword mk  (cost=0.00..81003.12 rows=246 width=4) (actual time=0.832..1092.346 rows=1094 loops=1)
        Filter: (keyword_id = 953)
        Rows Removed by Filter: 4522836
  ->  Index Scan using title_pkey on title t  (cost=0.43..8.40 rows=1 width=4) (actual time=0.029..0.029 rows=0 loops=1094)
        Index Cond: (id = mk.movie_id)
        Filter: (production_year = 1930)
        Rows Removed by Filter: 1
Planning time: 0.753 ms
Execution time: 1124.772 ms
