Seq Scan on cast_info ci  (cost=0.00..796071.18 rows=8979236 width=0) (actual time=0.023..14291.643 rows=12670688 loops=1)
  Filter: ((person_id < 2641045) AND (role_id = 1))
  Rows Removed by Filter: 23573656
Planning time: 0.380 ms
Execution time: 15879.144 ms
