Seq Scan on movie_companies mc  (cost=0.00..57926.93 rows=861163 width=0) (actual time=0.031..897.249 rows=1066811 loops=1)
  Filter: ((company_id > 3139) AND (company_type_id = 2))
  Rows Removed by Filter: 1542318
Planning time: 0.370 ms
Execution time: 1033.800 ms
