Seq Scan on movie_companies mc  (cost=0.00..51404.11 rows=2188280 width=0) (actual time=0.016..856.732 rows=2187094 loops=1)
  Filter: (company_id > 301)
  Rows Removed by Filter: 422035
Planning time: 0.315 ms
Execution time: 1140.115 ms
