Seq Scan on cast_info ci  (cost=0.00..796071.18 rows=14187025 width=0) (actual time=0.027..15048.337 rows=11586400 loops=1)
  Filter: ((person_id < 3234172) AND (role_id > 2))
  Rows Removed by Filter: 24657944
Planning time: 0.300 ms
Execution time: 16506.397 ms
