Seq Scan on movie_companies mc  (cost=0.00..57926.93 rows=606510 width=0) (actual time=55.475..804.616 rows=882250 loops=1)
  Filter: ((company_id > 12332) AND (company_type_id > 1))
  Rows Removed by Filter: 1726879
Planning time: 0.354 ms
Execution time: 905.662 ms
