Seq Scan on cast_info ci  (cost=0.00..796071.18 rows=11990460 width=0) (actual time=0.024..15343.811 rows=11215573 loops=1)
  Filter: ((person_id > 199648) AND (role_id = 1))
  Rows Removed by Filter: 25028771
Planning time: 0.347 ms
Execution time: 16696.354 ms
