Hash Join  (cost=168501.82..248258.60 rows=610502 width=0) (actual time=3576.882..5575.949 rows=991257 loops=1)
  Hash Cond: (mc.movie_id = t.id)
  ->  Seq Scan on movie_companies mc  (cost=0.00..51404.11 rows=1597506 width=4) (actual time=0.025..894.465 rows=1588562 loops=1)
        Filter: (company_id < 15961)
        Rows Removed by Filter: 1020567
  ->  Hash  (cost=152648.06..152648.06 rows=966301 width=8) (actual time=3574.580..3574.580 rows=637077 loops=1)
        Buckets: 131072  Batches: 16  Memory Usage: 2587kB
        ->  Hash Join  (cost=96651.52..152648.06 rows=966301 width=8) (actual time=1843.712..3387.737 rows=637077 loops=1)
              Hash Cond: (mi_idx.movie_id = t.id)
              ->  Seq Scan on movie_info_idx mi_idx  (cost=0.00..21735.35 rows=1380035 width=4) (actual time=0.022..391.019 rows=1380035 loops=1)
              ->  Hash  (cost=67604.59..67604.59 rows=1770475 width=4) (actual time=1842.923..1842.923 rows=1774635 loops=1)
                    Buckets: 131072  Batches: 32  Memory Usage: 2978kB
                    ->  Seq Scan on title t  (cost=0.00..67604.59 rows=1770475 width=4) (actual time=0.024..1134.087 rows=1774635 loops=1)
                          Filter: (kind_id > 2)
                          Rows Removed by Filter: 753677
Planning time: 1.127 ms
Execution time: 5702.564 ms
