Seq Scan on cast_info ci  (cost=0.00..705507.15 rows=28100123 width=0) (actual time=0.029..12075.042 rows=28244300 loops=1)
  Filter: (person_id > 782164)
  Rows Removed by Filter: 8000044
Planning time: 1.248 ms
Execution time: 15669.857 ms
