Hash Join  (cost=213297.19..1106804.73 rows=2314912 width=0) (actual time=10226.306..34697.855 rows=34950060 loops=1)
  Hash Cond: (ci.movie_id = t.id)
  ->  Seq Scan on cast_info ci  (cost=0.00..705507.15 rows=12726058 width=4) (actual time=3971.635..12941.989 rows=12670688 loops=1)
        Filter: (role_id < 2)
        Rows Removed by Filter: 23573656
  ->  Hash  (cost=205750.85..205750.85 rows=459947 width=8) (actual time=6252.940..6252.940 rows=1712932 loops=1)
        Buckets: 131072 (originally 131072)  Batches: 32 (originally 8)  Memory Usage: 3105kB
        ->  Hash Join  (cost=78144.34..205750.85 rows=459947 width=8) (actual time=970.205..5763.972 rows=1712932 loops=1)
              Hash Cond: (mk.movie_id = t.id)
              ->  Seq Scan on movie_keyword mk  (cost=0.00..69693.30 rows=4523930 width=4) (actual time=0.020..1299.439 rows=4523930 loops=1)
              ->  Hash  (cost=73925.90..73925.90 rows=257075 width=4) (actual time=969.507..969.507 rows=366618 loops=1)
                    Buckets: 131072 (originally 131072)  Batches: 8 (originally 4)  Memory Usage: 3073kB
                    ->  Seq Scan on title t  (cost=0.00..73925.90 rows=257075 width=4) (actual time=199.682..846.666 rows=366618 loops=1)
                          Filter: ((kind_id < 2) AND (production_year < 1999))
                          Rows Removed by Filter: 2161694
Planning time: 1.229 ms
Execution time: 38573.674 ms
