Hash Join  (cost=107047.93..864468.95 rows=663181 width=0) (actual time=1833.784..19573.546 rows=1351993 loops=1)
  Hash Cond: (ci.movie_id = t.id)
  ->  Seq Scan on cast_info ci  (cost=0.00..614943.12 rows=36225612 width=4) (actual time=0.021..7612.544 rows=36244344 loops=1)
  ->  Hash  (cost=106469.30..106469.30 rows=46290 width=8) (actual time=1833.284..1833.284 rows=40229 loops=1)
        Buckets: 65536  Batches: 1  Memory Usage: 2084kB
        ->  Hash Join  (cost=69694.50..106469.30 rows=46290 width=8) (actual time=1009.237..1818.868 rows=40229 loops=1)
              Hash Cond: (mi_idx.movie_id = t.id)
              ->  Seq Scan on movie_info_idx mi_idx  (cost=0.00..25185.44 rows=919057 width=4) (actual time=0.018..455.375 rows=920110 loops=1)
                    Filter: (info_type_id > 99)
                    Rows Removed by Filter: 459925
              ->  Hash  (cost=67604.59..67604.59 rows=127353 width=4) (actual time=1008.513..1008.513 rows=128696 loops=1)
                    Buckets: 131072  Batches: 2  Memory Usage: 3284kB
                    ->  Seq Scan on title t  (cost=0.00..67604.59 rows=127353 width=4) (actual time=0.018..960.613 rows=128696 loops=1)
                          Filter: (production_year = 2009)
                          Rows Removed by Filter: 2399616
Planning time: 2.456 ms
Execution time: 19754.587 ms
