Seq Scan on cast_info ci  (cost=0.00..705507.15 rows=24848021 width=0) (actual time=0.011..11596.103 rows=24877315 loops=1)
  Filter: (person_id < 2562579)
  Rows Removed by Filter: 11367029
Planning time: 7.525 ms
Execution time: 14662.436 ms
