Nested Loop  (cost=0.43..796536.34 rows=55 width=0) (actual time=4611.107..9072.575 rows=1 loops=1)
  ->  Seq Scan on cast_info ci  (cost=0.00..796071.18 rows=55 width=4) (actual time=4611.013..9072.475 rows=1 loops=1)
        Filter: ((person_id = 2155092) AND (role_id = 3))
        Rows Removed by Filter: 36244343
  ->  Index Only Scan using title_pkey on title t  (cost=0.43..8.45 rows=1 width=4) (actual time=0.067..0.068 rows=1 loops=1)
        Index Cond: (id = ci.movie_id)
        Heap Fetches: 1
Planning time: 0.796 ms
Execution time: 9072.651 ms
