Hash Join  (cost=102767.86..270233.73 rows=3182692 width=0) (actual time=1511.339..5840.776 rows=3163871 loops=1)
  Hash Cond: (mk.movie_id = t.id)
  ->  Seq Scan on movie_keyword mk  (cost=0.00..81003.12 rows=3182692 width=4) (actual time=0.014..1633.390 rows=3163871 loops=1)
        Filter: (keyword_id > 1771)
        Rows Removed by Filter: 1360059
  ->  Hash  (cost=61283.27..61283.27 rows=2528527 width=4) (actual time=1509.306..1509.306 rows=2528312 loops=1)
        Buckets: 131072  Batches: 64  Memory Usage: 2425kB
        ->  Seq Scan on title t  (cost=0.00..61283.27 rows=2528527 width=4) (actual time=0.014..756.364 rows=2528312 loops=1)
Planning time: 0.492 ms
Execution time: 6217.605 ms
