Hash Join  (cost=174865.45..279430.55 rows=476433 width=0) (actual time=4431.698..7708.879 rows=1976944 loops=1)
  Hash Cond: (mk.movie_id = t.id)
  ->  Seq Scan on movie_keyword mk  (cost=0.00..81003.12 rows=1316438 width=4) (actual time=0.029..1380.330 rows=1328393 loops=1)
        Filter: (keyword_id > 12979)
        Rows Removed by Filter: 3195537
  ->  Hash  (cost=159851.69..159851.69 rows=915101 width=8) (actual time=4430.874..4430.874 rows=919850 loops=1)
        Buckets: 131072  Batches: 16  Memory Usage: 3282kB
        ->  Hash Join  (cost=102767.86..159851.69 rows=915101 width=8) (actual time=2543.624..4166.074 rows=919850 loops=1)
              Hash Cond: (mi_idx.movie_id = t.id)
              ->  Seq Scan on movie_info_idx mi_idx  (cost=0.00..25185.44 rows=915101 width=4) (actual time=0.026..496.747 rows=919850 loops=1)
                    Filter: (info_type_id < 101)
                    Rows Removed by Filter: 460185
              ->  Hash  (cost=61283.27..61283.27 rows=2528527 width=4) (actual time=2542.783..2542.783 rows=2528312 loops=1)
                    Buckets: 131072  Batches: 64  Memory Usage: 2415kB
                    ->  Seq Scan on title t  (cost=0.00..61283.27 rows=2528527 width=4) (actual time=0.023..971.909 rows=2528312 loops=1)
Planning time: 1.077 ms
Execution time: 7934.209 ms
