Seq Scan on cast_info ci  (cost=0.00..705507.15 rows=28028551 width=0) (actual time=0.029..12090.880 rows=28099498 loops=1)
  Filter: (person_id < 2866593)
  Rows Removed by Filter: 8144846
Planning time: 0.331 ms
Execution time: 15578.722 ms
