Hash Join  (cost=329017.64..1430953.57 rows=14192649 width=0) (actual time=8144.396..35943.663 rows=39733977 loops=1)
  Hash Cond: (ci.movie_id = t.id)
  ->  Seq Scan on cast_info ci  (cost=0.00..796071.18 rows=10728521 width=4) (actual time=743.791..14689.461 rows=8618302 loops=1)
        Filter: ((person_id > 541562) AND (role_id = 1))
        Rows Removed by Filter: 27626042
  ->  Hash  (cost=274138.61..274138.61 rows=3344962 width=8) (actual time=7398.832..7398.832 rows=3334917 loops=1)
        Buckets: 131072  Batches: 64  Memory Usage: 3081kB
        ->  Hash Join  (cost=102767.86..274138.61 rows=3344962 width=8) (actual time=1757.590..6381.824 rows=3334917 loops=1)
              Hash Cond: (mk.movie_id = t.id)
              ->  Seq Scan on movie_keyword mk  (cost=0.00..81003.12 rows=3344962 width=4) (actual time=0.034..1633.493 rows=3334917 loops=1)
                    Filter: (keyword_id < 15566)
                    Rows Removed by Filter: 1189013
              ->  Hash  (cost=61283.27..61283.27 rows=2528527 width=4) (actual time=1755.621..1755.621 rows=2528312 loops=1)
                    Buckets: 131072  Batches: 64  Memory Usage: 2425kB
                    ->  Seq Scan on title t  (cost=0.00..61283.27 rows=2528527 width=4) (actual time=0.016..928.130 rows=2528312 loops=1)
Planning time: 1.136 ms
Execution time: 40168.589 ms
