Hash Join  (cost=788080.16..3182412.46 rows=105993710 width=0) (actual time=22269.980..117803.848 rows=231578974 loops=1)
  Hash Cond: (ci.movie_id = t.id)
  ->  Seq Scan on cast_info ci  (cost=0.00..614943.12 rows=36225612 width=4) (actual time=0.017..13632.116 rows=36244344 loops=1)
  ->  Hash  (cost=666701.41..666701.41 rows=7398300 width=8) (actual time=22266.987..22266.987 rows=8648702 loops=1)
        Buckets: 131072  Batches: 128  Memory Usage: 3635kB
        ->  Hash Join  (cost=91342.70..666701.41 rows=7398300 width=8) (actual time=1863.266..19453.041 rows=8648702 loops=1)
              Hash Cond: (mi.movie_id = t.id)
              ->  Seq Scan on movie_info mi  (cost=0.00..346232.03 rows=12928982 width=4) (actual time=0.020..7398.255 rows=12970088 loops=1)
                    Filter: (info_type_id < 18)
                    Rows Removed by Filter: 1865632
              ->  Hash  (cost=67604.59..67604.59 rows=1446889 width=4) (actual time=1862.323..1862.323 rows=1443298 loops=1)
                    Buckets: 131072  Batches: 32  Memory Usage: 2617kB
                    ->  Seq Scan on title t  (cost=0.00..67604.59 rows=1446889 width=4) (actual time=0.013..1292.600 rows=1443298 loops=1)
                          Filter: (production_year < 2006)
                          Rows Removed by Filter: 1085014
Planning time: 1.181 ms
Execution time: 143359.435 ms
