Hash Join  (cost=94555.35..187491.66 rows=1297478 width=0) (actual time=1699.878..4095.571 rows=546854 loops=1)
  Hash Cond: (mc.movie_id = t.id)
  ->  Seq Scan on movie_companies mc  (cost=0.00..44881.29 rows=2609129 width=4) (actual time=0.017..777.257 rows=2609129 loops=1)
  ->  Hash  (cost=73925.90..73925.90 rows=1257396 width=4) (actual time=1698.942..1698.942 rows=1340616 loops=1)
        Buckets: 131072  Batches: 32  Memory Usage: 2502kB
        ->  Seq Scan on title t  (cost=0.00..73925.90 rows=1257396 width=4) (actual time=0.015..1270.720 rows=1340616 loops=1)
              Filter: ((production_year > 1971) AND (kind_id = 7))
              Rows Removed by Filter: 1187696
Planning time: 0.723 ms
Execution time: 4163.796 ms
