Nested Loop  (cost=0.43..52283.69 rows=104 width=0) (actual time=0.217..725.287 rows=66 loops=1)
  ->  Seq Scan on movie_companies mc  (cost=0.00..51404.11 rows=104 width=4) (actual time=0.150..722.517 rows=66 loops=1)
        Filter: (company_id = 11957)
        Rows Removed by Filter: 2609063
  ->  Index Only Scan using title_pkey on title t  (cost=0.43..8.45 rows=1 width=4) (actual time=0.039..0.040 rows=1 loops=66)
        Index Cond: (id = mc.movie_id)
        Heap Fetches: 66
Planning time: 0.740 ms
Execution time: 725.379 ms
