Seq Scan on cast_info ci  (cost=0.00..705507.15 rows=29988468 width=0) (actual time=0.017..12186.963 rows=29932900 loops=1)
  Filter: (person_id < 3021559)
  Rows Removed by Filter: 6311444
Planning time: 0.298 ms
Execution time: 15939.698 ms
