Hash Join  (cost=193639.20..582499.98 rows=540902 width=0) (actual time=4197.911..12408.324 rows=7696822 loops=1)
  Hash Cond: (mi.movie_id = t.id)
  ->  Seq Scan on movie_info mi  (cost=0.00..346232.03 rows=3068194 width=4) (actual time=0.014..5047.705 rows=3036719 loops=1)
        Filter: (info_type_id = 16)
        Rows Removed by Filter: 11799001
  ->  Hash  (cost=186325.16..186325.16 rows=445763 width=8) (actual time=4196.903..4196.903 rows=1007721 loops=1)
        Buckets: 131072 (originally 131072)  Batches: 16 (originally 8)  Memory Usage: 3593kB
        ->  Hash Join  (cost=83810.17..186325.16 rows=445763 width=8) (actual time=1475.672..3867.591 rows=1007721 loops=1)
              Hash Cond: (mk.movie_id = t.id)
              ->  Seq Scan on movie_keyword mk  (cost=0.00..81003.12 rows=1141128 width=4) (actual time=0.018..1349.594 rows=1150802 loops=1)
                    Filter: (keyword_id < 1324)
                    Rows Removed by Filter: 3373128
              ->  Hash  (cost=67604.59..67604.59 rows=987727 width=4) (actual time=1474.814..1474.814 rows=985048 loops=1)
                    Buckets: 131072  Batches: 16  Memory Usage: 3197kB
                    ->  Seq Scan on title t  (cost=0.00..67604.59 rows=987727 width=4) (actual time=0.015..1160.080 rows=985048 loops=1)
                          Filter: (kind_id < 7)
                          Rows Removed by Filter: 1543264
Planning time: 0.895 ms
Execution time: 13147.072 ms
