Seq Scan on movie_companies mc  (cost=0.00..51404.11 rows=814209 width=0) (actual time=0.022..780.908 rows=806015 loops=1)
  Filter: (company_id < 1828)
  Rows Removed by Filter: 1803114
Planning time: 0.299 ms
Execution time: 883.477 ms
