Seq Scan on movie_companies mc  (cost=0.00..57926.93 rows=828241 width=0) (actual time=256.644..1001.122 rows=1137186 loops=1)
  Filter: ((company_id < 19607) AND (company_type_id = 1))
  Rows Removed by Filter: 1471943
Planning time: 0.374 ms
Execution time: 1146.738 ms
