Hash Join  (cost=136825.22..522323.09 rows=286512 width=0) (actual time=4065.517..9962.037 rows=244056 loops=1)
  Hash Cond: (mi.movie_id = t.id)
  ->  Seq Scan on movie_info mi  (cost=0.00..346232.03 rows=3068194 width=4) (actual time=863.780..4820.861 rows=3036719 loops=1)
        Filter: (info_type_id = 16)
        Rows Removed by Filter: 11799001
  ->  Hash  (cost=132950.76..132950.76 rows=236117 width=8) (actual time=3201.022..3201.022 rows=128284 loops=1)
        Buckets: 131072  Batches: 4  Memory Usage: 2281kB
        ->  Hash Join  (cost=95011.03..132950.76 rows=236117 width=8) (actual time=2501.091..3163.996 rows=128284 loops=1)
              Hash Cond: (mi_idx.movie_id = t.id)
              ->  Seq Scan on movie_info_idx mi_idx  (cost=0.00..25185.44 rows=464566 width=4) (actual time=0.017..424.183 rows=459925 loops=1)
                    Filter: (info_type_id = 101)
                    Rows Removed by Filter: 920110
              ->  Hash  (cost=73925.90..73925.90 rows=1285130 width=4) (actual time=2286.199..2286.199 rows=1366141 loops=1)
                    Buckets: 131072  Batches: 32  Memory Usage: 2529kB
                    ->  Seq Scan on title t  (cost=0.00..73925.90 rows=1285130 width=4) (actual time=0.012..1281.457 rows=1366141 loops=1)
                          Filter: ((production_year > 1968) AND (kind_id = 7))
                          Rows Removed by Filter: 1162171
Planning time: 0.763 ms
Execution time: 9994.547 ms
