Hash Join  (cost=123872.41..1029799.93 rows=1233848 width=0) (actual time=3325.902..23941.183 rows=3155119 loops=1)
  Hash Cond: (ci.movie_id = t.id)
  ->  Seq Scan on cast_info ci  (cost=0.00..705507.15 rows=16201301 width=4) (actual time=1033.875..14188.448 rows=16121683 loops=1)
        Filter: (role_id > 2)
        Rows Removed by Filter: 20122661
  ->  Hash  (cost=120712.33..120712.33 rows=192566 width=8) (actual time=2291.148..2291.148 rows=233750 loops=1)
        Buckets: 131072  Batches: 4  Memory Usage: 3296kB
        ->  Hash Join  (cost=79715.19..120712.33 rows=192566 width=8) (actual time=1116.290..2217.248 rows=233750 loops=1)
              Hash Cond: (mi_idx.movie_id = t.id)
              ->  Seq Scan on movie_info_idx mi_idx  (cost=0.00..21735.35 rows=1380035 width=4) (actual time=0.019..392.393 rows=1380035 loops=1)
              ->  Hash  (cost=73925.90..73925.90 rows=352823 width=4) (actual time=1115.323..1115.323 rows=302088 loops=1)
                    Buckets: 131072  Batches: 8  Memory Usage: 2342kB
                    ->  Seq Scan on title t  (cost=0.00..73925.90 rows=352823 width=4) (actual time=0.035..1018.023 rows=302088 loops=1)
                          Filter: ((kind_id < 7) AND (production_year > 2006))
                          Rows Removed by Filter: 2226224
Planning time: 5.588 ms
Execution time: 24299.116 ms
