Hash Join  (cost=75533.21..183860.74 rows=87327 width=0) (actual time=1461.324..3290.743 rows=21009 loops=1)
  Hash Cond: (mk.movie_id = t.id)
  ->  Seq Scan on movie_keyword mk  (cost=0.00..81003.12 rows=2254438 width=4) (actual time=0.016..1386.181 rows=2258272 loops=1)
        Filter: (keyword_id < 4678)
        Rows Removed by Filter: 2265658
  ->  Hash  (cost=73925.90..73925.90 rows=97944 width=4) (actual time=1202.682..1202.682 rows=106247 loops=1)
        Buckets: 131072  Batches: 2  Memory Usage: 2896kB
        ->  Seq Scan on title t  (cost=0.00..73925.90 rows=97944 width=4) (actual time=0.026..1160.870 rows=106247 loops=1)
              Filter: ((kind_id = 7) AND (production_year = 2011))
              Rows Removed by Filter: 2422065
Planning time: 0.748 ms
Execution time: 3293.705 ms
