Seq Scan on movie_companies mc  (cost=0.00..51404.11 rows=1166737 width=0) (actual time=0.018..762.982 rows=1160750 loops=1)
  Filter: (company_id < 9538)
  Rows Removed by Filter: 1448379
Planning time: 0.275 ms
Execution time: 913.705 ms
