Hash Join  (cost=83810.17..998084.39 rows=2887481 width=0) (actual time=1524.864..16496.189 rows=2360904 loops=1)
  Hash Cond: (ci.movie_id = t.id)
  ->  Seq Scan on cast_info ci  (cost=0.00..796071.18 rows=7391792 width=4) (actual time=0.027..10971.175 rows=5197969 loops=1)
        Filter: ((person_id > 2839241) AND (role_id < 10))
        Rows Removed by Filter: 31046375
  ->  Hash  (cost=67604.59..67604.59 rows=987727 width=4) (actual time=1523.621..1523.621 rows=985048 loops=1)
        Buckets: 131072  Batches: 16  Memory Usage: 3188kB
        ->  Seq Scan on title t  (cost=0.00..67604.59 rows=987727 width=4) (actual time=0.013..1207.477 rows=985048 loops=1)
              Filter: (kind_id < 7)
              Rows Removed by Filter: 1543264
Planning time: 0.742 ms
Execution time: 16754.194 ms
