Hash Join  (cost=74103.28..968232.17 rows=144582 width=0) (actual time=1090.052..23804.974 rows=160963 loops=1)
  Hash Cond: (ci.movie_id = t.id)
  ->  Seq Scan on cast_info ci  (cost=0.00..796071.18 rows=25763172 width=4) (actual time=0.016..17085.386 rows=27851359 loops=1)
        Filter: ((person_id < 2987614) AND (role_id < 10))
        Rows Removed by Filter: 8392985
  ->  Hash  (cost=73925.90..73925.90 rows=14190 width=4) (actual time=1089.814..1089.814 rows=12208 loops=1)
        Buckets: 16384  Batches: 1  Memory Usage: 558kB
        ->  Seq Scan on title t  (cost=0.00..73925.90 rows=14190 width=4) (actual time=0.161..1084.353 rows=12208 loops=1)
              Filter: ((kind_id < 7) AND (production_year = 1996))
              Rows Removed by Filter: 2516104
Planning time: 0.716 ms
Execution time: 23835.193 ms
