Nested Loop  (cost=0.43..156798.73 rows=2424 width=0) (actual time=0.233..1074.515 rows=3569 loops=1)
  ->  Seq Scan on movie_keyword mk  (cost=0.00..81003.12 rows=12064 width=4) (actual time=0.048..891.684 rows=13753 loops=1)
        Filter: (keyword_id = 121)
        Rows Removed by Filter: 4510177
  ->  Index Scan using title_pkey on title t  (cost=0.43..6.27 rows=1 width=4) (actual time=0.013..0.013 rows=0 loops=13753)
        Index Cond: (id = mk.movie_id)
        Filter: ((kind_id > 1) AND (production_year < 1990))
        Rows Removed by Filter: 1
Planning time: 0.522 ms
Execution time: 1075.506 ms
