Seq Scan on movie_keyword mk  (cost=0.00..81003.12 rows=4409824 width=0) (actual time=0.025..1453.327 rows=4410607 loops=1)
  Filter: (keyword_id < 79486)
  Rows Removed by Filter: 113323
Planning time: 0.317 ms
Execution time: 1995.565 ms
