Hash Join  (cost=74490.27..103286.28 rows=16411 width=0) (actual time=1420.265..1703.392 rows=36890 loops=1)
  Hash Cond: (mi_idx.movie_id = t.id)
  ->  Seq Scan on movie_info_idx mi_idx  (cost=0.00..25185.44 rows=919057 width=4) (actual time=0.025..415.383 rows=920110 loops=1)
        Filter: (info_type_id > 99)
        Rows Removed by Filter: 459925
  ->  Hash  (cost=73925.90..73925.90 rows=45149 width=4) (actual time=1082.580..1082.580 rows=43871 loops=1)
        Buckets: 65536  Batches: 1  Memory Usage: 2055kB
        ->  Seq Scan on title t  (cost=0.00..73925.90 rows=45149 width=4) (actual time=0.073..1063.587 rows=43871 loops=1)
              Filter: ((production_year > 2002) AND (kind_id = 2))
              Rows Removed by Filter: 2484441
Planning time: 0.732 ms
Execution time: 1708.514 ms
