Hash Join  (cost=102767.86..1625844.67 rows=33566379 width=0) (actual time=1763.235..46932.986 rows=33544570 loops=1)
  Hash Cond: (ci.movie_id = t.id)
  ->  Seq Scan on cast_info ci  (cost=0.00..705507.15 rows=33566379 width=4) (actual time=0.013..15461.222 rows=33544570 loops=1)
        Filter: (person_id < 3543866)
        Rows Removed by Filter: 2699774
  ->  Hash  (cost=61283.27..61283.27 rows=2528527 width=4) (actual time=1761.978..1761.978 rows=2528312 loops=1)
        Buckets: 131072  Batches: 64  Memory Usage: 2415kB
        ->  Seq Scan on title t  (cost=0.00..61283.27 rows=2528527 width=4) (actual time=0.018..905.176 rows=2528312 loops=1)
Planning time: 0.678 ms
Execution time: 50655.493 ms
