Seq Scan on title t  (cost=0.00..67604.59 rows=13654 width=0) (actual time=0.016..941.292 rows=13852 loops=1)
  Filter: (production_year < 1904)
  Rows Removed by Filter: 2514460
Planning time: 0.468 ms
Execution time: 943.661 ms
