Hash Join  (cost=102767.86..263417.03 rows=2899449 width=0) (actual time=1792.886..6519.521 rows=2888217 loops=1)
  Hash Cond: (mk.movie_id = t.id)
  ->  Seq Scan on movie_keyword mk  (cost=0.00..81003.12 rows=2899449 width=4) (actual time=0.016..1583.953 rows=2888217 loops=1)
        Filter: (keyword_id < 9078)
        Rows Removed by Filter: 1635713
  ->  Hash  (cost=61283.27..61283.27 rows=2528527 width=4) (actual time=1790.169..1790.169 rows=2528312 loops=1)
        Buckets: 131072  Batches: 64  Memory Usage: 2425kB
        ->  Seq Scan on title t  (cost=0.00..61283.27 rows=2528527 width=4) (actual time=0.018..936.940 rows=2528312 loops=1)
Planning time: 0.702 ms
Execution time: 6863.435 ms
