Seq Scan on movie_companies mc  (cost=0.00..57926.93 rows=51 width=0) (actual time=2.521..765.850 rows=2 loops=1)
  Filter: ((company_id = 43590) AND (company_type_id = 1))
  Rows Removed by Filter: 2609127
Planning time: 0.359 ms
Execution time: 765.934 ms
