Seq Scan on movie_keyword mk  (cost=0.00..81003.12 rows=246 width=0) (actual time=15.180..1190.307 rows=458 loops=1)
  Filter: (keyword_id = 1371)
  Rows Removed by Filter: 4523472
Planning time: 0.369 ms
Execution time: 1190.602 ms
