Hash Join  (cost=94642.16..468046.24 rows=3880 width=0) (actual time=1850.211..8330.598 rows=1940 loops=1)
  Hash Cond: (mi.movie_id = t.id)
  ->  Seq Scan on movie_info mi  (cost=0.00..346232.03 rows=7235534 width=4) (actual time=193.881..5779.997 rows=7286865 loops=1)
        Filter: (info_type_id < 8)
        Rows Removed by Filter: 7548855
  ->  Hash  (cost=94625.21..94625.21 rows=1356 width=8) (actual time=1541.436..1541.436 rows=208 loops=1)
        Buckets: 2048  Batches: 1  Memory Usage: 25kB
        ->  Hash Join  (cost=67697.55..94625.21 rows=1356 width=8) (actual time=1054.244..1541.262 rows=208 loops=1)
              Hash Cond: (mi_idx.movie_id = t.id)
              ->  Seq Scan on movie_info_idx mi_idx  (cost=0.00..25185.44 rows=460978 width=4) (actual time=0.018..400.766 rows=459925 loops=1)
                    Filter: (info_type_id = 99)
                    Rows Removed by Filter: 920110
              ->  Hash  (cost=67604.59..67604.59 rows=7437 width=4) (actual time=1054.156..1054.156 rows=5945 loops=1)
                    Buckets: 8192  Batches: 1  Memory Usage: 274kB
                    ->  Seq Scan on title t  (cost=0.00..67604.59 rows=7437 width=4) (actual time=658.706..1051.416 rows=5945 loops=1)
                          Filter: (production_year = 1911)
                          Rows Removed by Filter: 2522367
Planning time: 0.811 ms
Execution time: 8331.266 ms
