Seq Scan on cast_info ci  (cost=0.00..705507.15 rows=33637932 width=0) (actual time=0.020..12772.092 rows=33613898 loops=1)
  Filter: (person_id < 3553639)
  Rows Removed by Filter: 2630446
Planning time: 0.303 ms
Execution time: 16977.075 ms
