Hash Join  (cost=159135.93..297417.69 rows=1336172 width=0) (actual time=3936.559..7102.057 rows=1083306 loops=1)
  Hash Cond: (mk.movie_id = t.id)
  ->  Seq Scan on movie_keyword mk  (cost=0.00..69693.30 rows=4523930 width=4) (actual time=0.022..1393.109 rows=4523930 loops=1)
  ->  Hash  (cost=146882.72..146882.72 rows=746817 width=8) (actual time=3555.190..3555.190 rows=418242 loops=1)
        Buckets: 131072  Batches: 16  Memory Usage: 2050kB
        ->  Hash Join  (cost=96376.07..146882.72 rows=746817 width=8) (actual time=2448.127..3422.231 rows=418242 loops=1)
              Hash Cond: (mi_idx.movie_id = t.id)
              ->  Seq Scan on movie_info_idx mi_idx  (cost=0.00..21735.35 rows=1380035 width=4) (actual time=0.014..427.004 rows=1380035 loops=1)
              ->  Hash  (cost=73925.90..73925.90 rows=1368333 width=4) (actual time=1941.713..1941.713 rows=1444787 loops=1)
                    Buckets: 131072  Batches: 32  Memory Usage: 2613kB
                    ->  Seq Scan on title t  (cost=0.00..73925.90 rows=1368333 width=4) (actual time=0.031..1479.169 rows=1444787 loops=1)
                          Filter: ((production_year > 1957) AND (kind_id = 7))
                          Rows Removed by Filter: 1083525
Planning time: 2.160 ms
Execution time: 7233.965 ms
