Seq Scan on movie_keyword mk  (cost=0.00..81003.12 rows=1820504 width=0) (actual time=0.017..1409.166 rows=1826297 loops=1)
  Filter: (keyword_id < 3000)
  Rows Removed by Filter: 2697633
Planning time: 0.328 ms
Execution time: 1635.339 ms
