Seq Scan on movie_keyword mk  (cost=0.00..81003.12 rows=246 width=0) (actual time=0.186..1264.756 rows=1790 loops=1)
  Filter: (keyword_id = 5882)
  Rows Removed by Filter: 4522140
Planning time: 0.383 ms
Execution time: 1265.390 ms
