Hash Join  (cost=102767.86..212223.59 rows=771853 width=0) (actual time=2032.125..4940.069 rows=775080 loops=1)
  Hash Cond: (mk.movie_id = t.id)
  ->  Seq Scan on movie_keyword mk  (cost=0.00..81003.12 rows=771853 width=4) (actual time=0.020..1440.252 rows=775080 loops=1)
        Filter: (keyword_id < 733)
        Rows Removed by Filter: 3748850
  ->  Hash  (cost=61283.27..61283.27 rows=2528527 width=4) (actual time=2030.760..2030.760 rows=2528312 loops=1)
        Buckets: 131072  Batches: 64  Memory Usage: 2425kB
        ->  Seq Scan on title t  (cost=0.00..61283.27 rows=2528527 width=4) (actual time=0.014..1177.877 rows=2528312 loops=1)
Planning time: 1.635 ms
Execution time: 5031.203 ms
