Hash Join  (cost=190230.21..1189146.81 rows=6331666 width=0) (actual time=4132.814..29833.219 rows=14424161 loops=1)
  Hash Cond: (ci.movie_id = t.id)
  ->  Seq Scan on cast_info ci  (cost=0.00..796071.18 rows=11601001 width=4) (actual time=0.020..16081.771 rows=11762706 loops=1)
        Filter: ((person_id > 170699) AND (role_id > 3))
        Rows Removed by Filter: 24481638
  ->  Hash  (cost=167588.78..167588.78 rows=1380035 width=8) (actual time=4131.463..4131.463 rows=1380035 loops=1)
        Buckets: 131072  Batches: 32  Memory Usage: 2708kB
        ->  Hash Join  (cost=102767.86..167588.78 rows=1380035 width=8) (actual time=1705.472..3721.870 rows=1380035 loops=1)
              Hash Cond: (mi_idx.movie_id = t.id)
              ->  Seq Scan on movie_info_idx mi_idx  (cost=0.00..21735.35 rows=1380035 width=4) (actual time=0.015..439.822 rows=1380035 loops=1)
              ->  Hash  (cost=61283.27..61283.27 rows=2528527 width=4) (actual time=1703.721..1703.721 rows=2528312 loops=1)
                    Buckets: 131072  Batches: 64  Memory Usage: 2415kB
                    ->  Seq Scan on title t  (cost=0.00..61283.27 rows=2528527 width=4) (actual time=0.024..851.276 rows=2528312 loops=1)
Planning time: 1.339 ms
Execution time: 31384.669 ms
