Seq Scan on movie_companies mc  (cost=0.00..57926.93 rows=530853 width=0) (actual time=0.020..894.267 rows=245620 loops=1)
  Filter: ((company_id > 14135) AND (company_type_id = 1))
  Rows Removed by Filter: 2363509
Planning time: 0.319 ms
Execution time: 925.993 ms
