Hash Join  (cost=583046.46..764673.33 rows=4105673 width=0) (actual time=11611.036..21633.921 rows=27228408 loops=1)
  Hash Cond: (mk.movie_id = t.id)
  ->  Seq Scan on movie_keyword mk  (cost=0.00..81003.12 rows=3383523 width=4) (actual time=0.017..1738.359 rows=3375086 loops=1)
        Filter: (keyword_id < 16206)
        Rows Removed by Filter: 1148844
  ->  Hash  (cost=532708.04..532708.04 rows=3068194 width=8) (actual time=11609.435..11609.435 rows=3036719 loops=1)
        Buckets: 131072  Batches: 64  Memory Usage: 2960kB
        ->  Hash Join  (cost=102767.86..532708.04 rows=3068194 width=8) (actual time=5494.359..10651.742 rows=3036719 loops=1)
              Hash Cond: (mi.movie_id = t.id)
              ->  Seq Scan on movie_info mi  (cost=0.00..346232.03 rows=3068194 width=4) (actual time=3495.332..5494.212 rows=3036719 loops=1)
                    Filter: (info_type_id = 16)
                    Rows Removed by Filter: 11799001
              ->  Hash  (cost=61283.27..61283.27 rows=2528527 width=4) (actual time=1997.104..1997.104 rows=2528312 loops=1)
                    Buckets: 131072  Batches: 64  Memory Usage: 2425kB
                    ->  Seq Scan on title t  (cost=0.00..61283.27 rows=2528527 width=4) (actual time=0.025..1109.599 rows=2528312 loops=1)
Planning time: 1.111 ms
Execution time: 24688.915 ms
