Hash Join  (cost=79273.71..208380.67 rows=583093 width=0) (actual time=3404.075..4765.569 rows=133181 loops=1)
  Hash Cond: (mk.movie_id = t.id)
  ->  Seq Scan on movie_keyword mk  (cost=0.00..69693.30 rows=4523930 width=4) (actual time=0.029..1464.428 rows=4523930 loops=1)
  ->  Hash  (cost=73925.90..73925.90 rows=325904 width=4) (actual time=1166.922..1166.922 rows=349534 loops=1)
        Buckets: 131072  Batches: 8  Memory Usage: 2572kB
        ->  Seq Scan on title t  (cost=0.00..73925.90 rows=325904 width=4) (actual time=0.018..1052.204 rows=349534 loops=1)
              Filter: ((production_year > 2009) AND (kind_id = 7))
              Rows Removed by Filter: 2178778
Planning time: 0.767 ms
Execution time: 4781.147 ms
