Hash Join  (cost=102767.86..178019.60 rows=309465 width=0) (actual time=1962.312..3410.058 rows=169424 loops=1)
  Hash Cond: (mc.movie_id = t.id)
  ->  Seq Scan on movie_companies mc  (cost=0.00..57926.93 rows=309465 width=4) (actual time=0.023..868.086 rows=169424 loops=1)
        Filter: ((company_id < 699) AND (company_type_id = 2))
        Rows Removed by Filter: 2439705
  ->  Hash  (cost=61283.27..61283.27 rows=2528527 width=4) (actual time=1960.372..1960.372 rows=2528312 loops=1)
        Buckets: 131072  Batches: 64  Memory Usage: 2415kB
        ->  Seq Scan on title t  (cost=0.00..61283.27 rows=2528527 width=4) (actual time=0.019..1120.804 rows=2528312 loops=1)
Planning time: 0.707 ms
Execution time: 3429.911 ms
