Hash Join  (cost=123236.43..860112.00 rows=89714 width=0) (actual time=6452.807..14403.328 rows=235112 loops=1)
  Hash Cond: (ci.movie_id = t.id)
  ->  Seq Scan on cast_info ci  (cost=0.00..705507.15 rows=8125675 width=4) (actual time=3935.217..9857.177 rows=8081229 loops=1)
        Filter: (person_id > 2872390)
        Rows Removed by Filter: 28163115
  ->  Hash  (cost=122887.47..122887.47 rows=27917 width=8) (actual time=2517.273..2517.273 rows=26749 loops=1)
        Buckets: 32768  Batches: 1  Memory Usage: 1301kB
        ->  Hash Join  (cost=67942.77..122887.47 rows=27917 width=8) (actual time=1094.249..2507.077 rows=26749 loops=1)
              Hash Cond: (mc.movie_id = t.id)
              ->  Seq Scan on movie_companies mc  (cost=0.00..44881.29 rows=2609129 width=4) (actual time=0.024..727.671 rows=2609129 loops=1)
              ->  Hash  (cost=67604.59..67604.59 rows=27055 width=4) (actual time=1093.717..1093.717 rows=26775 loops=1)
                    Buckets: 32768  Batches: 1  Memory Usage: 1198kB
                    ->  Seq Scan on title t  (cost=0.00..67604.59 rows=27055 width=4) (actual time=0.069..1082.015 rows=26775 loops=1)
                          Filter: (production_year = 1993)
                          Rows Removed by Filter: 2501537
Planning time: 1.090 ms
Execution time: 14437.674 ms
