Seq Scan on cast_info ci  (cost=0.00..796071.18 rows=854204 width=0) (actual time=9545.136..13442.843 rows=905529 loops=1)
  Filter: ((person_id > 1818709) AND (role_id = 8))
  Rows Removed by Filter: 35338815
Planning time: 0.380 ms
Execution time: 13558.490 ms
