Hash Join  (cost=582694.52..1985503.21 rows=13881050 width=0) (actual time=17015.148..71617.373 rows=84220349 loops=1)
  Hash Cond: (ci.movie_id = t.id)
  ->  Seq Scan on cast_info ci  (cost=0.00..614943.12 rows=36225612 width=4) (actual time=0.016..14056.790 rows=36244344 loops=1)
  ->  Hash  (cost=566798.41..566798.41 rows=968889 width=8) (actual time=17012.677..17012.677 rows=3579893 loops=1)
        Buckets: 131072 (originally 131072)  Batches: 64 (originally 16)  Memory Usage: 3263kB
        ->  Hash Join  (cost=76653.59..566798.41 rows=968889 width=8) (actual time=1278.011..15837.370 rows=3579893 loops=1)
              Hash Cond: (mi.movie_id = t.id)
              ->  Seq Scan on movie_info mi  (cost=0.00..309384.22 rows=14739122 width=4) (actual time=0.023..6014.128 rows=14835720 loops=1)
              ->  Hash  (cost=73925.90..73925.90 rows=166215 width=4) (actual time=1277.318..1277.318 rows=301084 loops=1)
                    Buckets: 131072  Batches: 4  Memory Usage: 3680kB
                    ->  Seq Scan on title t  (cost=0.00..73925.90 rows=166215 width=4) (actual time=0.016..1178.660 rows=301084 loops=1)
                          Filter: ((production_year < 1987) AND (kind_id = 1))
                          Rows Removed by Filter: 2227228
Planning time: 1.127 ms
Execution time: 81153.347 ms
