Hash Join  (cost=223427.94..377412.46 rows=2625048 width=0) (actual time=5592.698..14322.789 rows=23293340 loops=1)
  Hash Cond: (mk.movie_id = t.id)
  ->  Seq Scan on movie_keyword mk  (cost=0.00..69693.30 rows=4523930 width=4) (actual time=0.018..1186.231 rows=4523930 loops=1)
  ->  Hash  (cost=199355.95..199355.95 rows=1467199 width=8) (actual time=5591.629..5591.629 rows=1457527 loops=1)
        Buckets: 131072  Batches: 32  Memory Usage: 2838kB
        ->  Hash Join  (cost=102767.86..199355.95 rows=1467199 width=8) (actual time=1953.504..5148.688 rows=1457527 loops=1)
              Hash Cond: (mc.movie_id = t.id)
              ->  Seq Scan on movie_companies mc  (cost=0.00..51404.11 rows=1467199 width=4) (actual time=0.026..1022.905 rows=1457527 loops=1)
                    Filter: (company_id < 13114)
                    Rows Removed by Filter: 1151602
              ->  Hash  (cost=61283.27..61283.27 rows=2528527 width=4) (actual time=1952.192..1952.192 rows=2528312 loops=1)
                    Buckets: 131072  Batches: 64  Memory Usage: 2415kB
                    ->  Seq Scan on title t  (cost=0.00..61283.27 rows=2528527 width=4) (actual time=0.020..1080.507 rows=2528312 loops=1)
Planning time: 1.026 ms
Execution time: 16880.294 ms
