Hash Join  (cost=181112.52..318312.72 rows=1247416 width=0) (actual time=4987.840..13143.021 rows=20990442 loops=1)
  Hash Cond: (mk.movie_id = t.id)
  ->  Seq Scan on movie_keyword mk  (cost=0.00..69693.30 rows=4523930 width=4) (actual time=0.024..1301.637 rows=4523930 loops=1)
  ->  Hash  (cost=169673.41..169673.41 rows=697209 width=8) (actual time=4986.884..4986.884 rows=1060702 loops=1)
        Buckets: 131072  Batches: 16  Memory Usage: 3670kB
        ->  Hash Join  (cost=85011.79..169673.41 rows=697209 width=8) (actual time=2054.077..4652.049 rows=1060702 loops=1)
              Hash Cond: (mc.movie_id = t.id)
              ->  Seq Scan on movie_companies mc  (cost=0.00..44881.29 rows=2609129 width=4) (actual time=0.023..922.648 rows=2609129 loops=1)
              ->  Hash  (cost=73925.90..73925.90 rows=675671 width=4) (actual time=2053.091..2053.091 rows=576285 loops=1)
                    Buckets: 131072  Batches: 16  Memory Usage: 2287kB
                    ->  Seq Scan on title t  (cost=0.00..73925.90 rows=675671 width=4) (actual time=0.027..1225.816 rows=576285 loops=1)
                          Filter: ((kind_id < 7) AND (production_year > 1991))
                          Rows Removed by Filter: 1952027
Planning time: 1.107 ms
Execution time: 15318.040 ms
