Hash Join  (cost=131099.49..496954.88 rows=119946 width=0) (actual time=2280.243..9385.183 rows=26884 loops=1)
  Hash Cond: (mi.movie_id = t.id)
  ->  Seq Scan on movie_info mi  (cost=0.00..309384.22 rows=14739122 width=4) (actual time=0.019..4128.543 rows=14835720 loops=1)
  ->  Hash  (cost=130842.28..130842.28 rows=20577 width=8) (actual time=2269.470..2269.470 rows=4590 loops=1)
        Buckets: 32768  Batches: 1  Memory Usage: 436kB
        ->  Hash Join  (cost=74434.21..130842.28 rows=20577 width=8) (actual time=1420.547..2267.565 rows=4590 loops=1)
              Hash Cond: (mc.movie_id = t.id)
              ->  Seq Scan on movie_companies mc  (cost=0.00..51404.11 rows=1279517 width=4) (actual time=0.023..957.971 rows=1274246 loops=1)
                    Filter: (company_type_id < 2)
                    Rows Removed by Filter: 1334883
              ->  Hash  (cost=73925.90..73925.90 rows=40664 width=4) (actual time=1016.064..1016.064 rows=40257 loops=1)
                    Buckets: 65536  Batches: 1  Memory Usage: 1928kB
                    ->  Seq Scan on title t  (cost=0.00..73925.90 rows=40664 width=4) (actual time=68.087..999.031 rows=40257 loops=1)
                          Filter: ((production_year > 2012) AND (kind_id = 7))
                          Rows Removed by Filter: 2488055
Planning time: 1.087 ms
Execution time: 9389.436 ms
