Seq Scan on movie_keyword mk  (cost=0.00..81003.12 rows=246 width=0) (actual time=0.034..1193.520 rows=1071 loops=1)
  Filter: (keyword_id = 1869)
  Rows Removed by Filter: 4522859
Planning time: 6.264 ms
Execution time: 1193.979 ms
