Hash Join  (cost=223168.69..267692.03 rows=398086 width=0) (actual time=4617.172..6192.410 rows=1508157 loops=1)
  Hash Cond: (mi_idx.movie_id = t.id)
  ->  Seq Scan on movie_info_idx mi_idx  (cost=0.00..21735.35 rows=1380035 width=4) (actual time=0.030..448.424 rows=1380035 loops=1)
  ->  Hash  (cost=211201.42..211201.42 rows=729381 width=8) (actual time=4616.380..4616.380 rows=725402 loops=1)
        Buckets: 131072  Batches: 16  Memory Usage: 2822kB
        ->  Hash Join  (cost=102767.86..211201.42 rows=729381 width=8) (actual time=2076.340..4402.647 rows=725402 loops=1)
              Hash Cond: (mk.movie_id = t.id)
              ->  Seq Scan on movie_keyword mk  (cost=0.00..81003.12 rows=729381 width=4) (actual time=0.026..1300.573 rows=725402 loops=1)
                    Filter: (keyword_id < 646)
                    Rows Removed by Filter: 3798528
              ->  Hash  (cost=61283.27..61283.27 rows=2528527 width=4) (actual time=2075.330..2075.330 rows=2528312 loops=1)
                    Buckets: 131072  Batches: 64  Memory Usage: 2425kB
                    ->  Seq Scan on title t  (cost=0.00..61283.27 rows=2528527 width=4) (actual time=0.029..1187.247 rows=2528312 loops=1)
Planning time: 1.219 ms
Execution time: 6380.579 ms
