Hash Join  (cost=185101.88..565942.33 rows=636661 width=0) (actual time=3839.908..10705.914 rows=231876 loops=1)
  Hash Cond: (mi.movie_id = t.id)
  ->  Seq Scan on movie_info mi  (cost=0.00..346232.03 rows=2194617 width=4) (actual time=0.017..5514.955 rows=2233850 loops=1)
        Filter: (info_type_id > 16)
        Rows Removed by Filter: 12601870
  ->  Hash  (cost=173066.77..173066.77 rows=733529 width=8) (actual time=3675.886..3675.886 rows=198546 loops=1)
        Buckets: 131072  Batches: 16  Memory Usage: 1509kB
        ->  Hash Join  (cost=92883.59..173066.77 rows=733529 width=8) (actual time=2517.754..3626.999 rows=198546 loops=1)
              Hash Cond: (mc.movie_id = t.id)
              ->  Seq Scan on movie_companies mc  (cost=0.00..51404.11 rows=1203756 width=4) (actual time=0.019..1075.153 rows=1214364 loops=1)
                    Filter: (company_id > 12122)
                    Rows Removed by Filter: 1394765
              ->  Hash  (cost=67604.59..67604.59 rows=1540800 width=4) (actual time=1769.959..1769.959 rows=1543264 loops=1)
                    Buckets: 131072  Batches: 32  Memory Usage: 2722kB
                    ->  Seq Scan on title t  (cost=0.00..67604.59 rows=1540800 width=4) (actual time=0.023..1279.295 rows=1543264 loops=1)
                          Filter: (kind_id = 7)
                          Rows Removed by Filter: 985048
Planning time: 1.107 ms
Execution time: 10731.310 ms
