Hash Join  (cost=83074.74..430583.88 rows=33 width=0) (actual time=5912.851..6700.635 rows=420 loops=1)
  Hash Cond: (mi.movie_id = t.id)
  ->  Seq Scan on movie_info mi  (cost=0.00..346232.03 rows=340474 width=4) (actual time=4584.172..5322.458 rows=328857 loops=1)
        Filter: (info_type_id = 98)
        Rows Removed by Filter: 14506863
  ->  Hash  (cost=83071.67..83071.67 rows=246 width=8) (actual time=1326.548..1326.548 rows=483 loops=1)
        Buckets: 1024  Batches: 1  Memory Usage: 27kB
        ->  Nested Loop  (cost=0.43..83071.67 rows=246 width=8) (actual time=0.329..1326.125 rows=483 loops=1)
              ->  Seq Scan on movie_keyword mk  (cost=0.00..81003.12 rows=246 width=4) (actual time=0.185..1294.062 rows=483 loops=1)
                    Filter: (keyword_id = 5360)
                    Rows Removed by Filter: 4523447
              ->  Index Only Scan using title_pkey on title t  (cost=0.43..8.40 rows=1 width=4) (actual time=0.064..0.064 rows=1 loops=483)
                    Index Cond: (id = mk.movie_id)
                    Heap Fetches: 483
Planning time: 1.140 ms
Execution time: 6700.867 ms
