Seq Scan on movie_keyword mk  (cost=0.00..81003.12 rows=1578862 width=0) (actual time=0.025..1507.168 rows=1593659 loops=1)
  Filter: (keyword_id > 9673)
  Rows Removed by Filter: 2930271
Planning time: 0.345 ms
Execution time: 1705.075 ms
