Hash Join  (cost=845899.40..1058343.32 rows=1389402 width=0) (actual time=28884.335..36520.313 rows=16923858 loops=1)
  Hash Cond: (mk.movie_id = t.id)
  ->  Seq Scan on movie_keyword mk  (cost=0.00..69693.30 rows=4523930 width=4) (actual time=0.022..1475.272 rows=4523930 loops=1)
  ->  Hash  (cost=833158.30..833158.30 rows=776568 width=8) (actual time=28883.426..28883.426 rows=1463544 loops=1)
        Buckets: 131072 (originally 131072)  Batches: 32 (originally 16)  Memory Usage: 3073kB
        ->  Hash Join  (cost=74603.46..833158.30 rows=776568 width=8) (actual time=1344.914..28072.452 rows=1463544 loops=1)
              Hash Cond: (ci.movie_id = t.id)
              ->  Seq Scan on cast_info ci  (cost=0.00..614943.12 rows=36225612 width=4) (actual time=0.022..9536.550 rows=36244344 loops=1)
              ->  Hash  (cost=73925.90..73925.90 rows=54204 width=4) (actual time=1344.351..1344.351 rows=162211 loops=1)
                    Buckets: 131072 (originally 65536)  Batches: 2 (originally 1)  Memory Usage: 3877kB
                    ->  Seq Scan on title t  (cost=0.00..73925.90 rows=54204 width=4) (actual time=0.020..1283.035 rows=162211 loops=1)
                          Filter: ((kind_id < 4) AND (production_year < 1950))
                          Rows Removed by Filter: 2366101
Planning time: 1.079 ms
Execution time: 38484.294 ms
