Hash Join  (cost=80562.70..200348.50 rows=759187 width=0) (actual time=1727.123..4516.677 rows=485781 loops=1)
  Hash Cond: (mk.movie_id = t.id)
  ->  Seq Scan on movie_keyword mk  (cost=0.00..81003.12 rows=2430614 width=4) (actual time=0.023..1502.066 rows=2421304 loops=1)
        Filter: (keyword_id > 3784)
        Rows Removed by Filter: 2102626
  ->  Hash  (cost=67604.59..67604.59 rows=789769 width=4) (actual time=1724.754..1724.754 rows=784926 loops=1)
        Buckets: 131072  Batches: 16  Memory Usage: 2756kB
        ->  Seq Scan on title t  (cost=0.00..67604.59 rows=789769 width=4) (actual time=0.025..1207.644 rows=784926 loops=1)
              Filter: (production_year > 2007)
              Rows Removed by Filter: 1743386
Planning time: 0.738 ms
Execution time: 4576.904 ms
