Hash Join  (cost=101715.84..481782.33 rows=67734 width=0) (actual time=1578.880..8259.335 rows=67845 loops=1)
  Hash Cond: (mi.movie_id = t.id)
  ->  Seq Scan on movie_info mi  (cost=0.00..346232.03 rows=8841901 width=4) (actual time=232.482..5437.872 rows=8950757 loops=1)
        Filter: (info_type_id > 6)
        Rows Removed by Filter: 5884963
  ->  Hash  (cost=101473.71..101473.71 rows=19370 width=8) (actual time=1345.325..1345.325 rows=11868 loops=1)
        Buckets: 32768  Batches: 1  Memory Usage: 720kB
        ->  Hash Join  (cost=74369.53..101473.71 rows=19370 width=8) (actual time=1182.421..1342.826 rows=11868 loops=1)
              Hash Cond: (mi_idx.movie_id = t.id)
              ->  Seq Scan on movie_info_idx mi_idx  (cost=0.00..21735.35 rows=1380035 width=4) (actual time=0.027..117.150 rows=1380035 loops=1)
              ->  Hash  (cost=73925.90..73925.90 rows=35490 width=4) (actual time=1042.045..1042.045 rows=39698 loops=1)
                    Buckets: 65536  Batches: 1  Memory Usage: 1908kB
                    ->  Seq Scan on title t  (cost=0.00..73925.90 rows=35490 width=4) (actual time=0.045..1024.128 rows=39698 loops=1)
                          Filter: ((kind_id = 7) AND (production_year = 2001))
                          Rows Removed by Filter: 2488614
Planning time: 1.168 ms
Execution time: 8270.469 ms
