Hash Join  (cost=102767.86..214565.51 rows=2099295 width=0) (actual time=1952.009..5479.556 rows=2093757 loops=1)
  Hash Cond: (mc.movie_id = t.id)
  ->  Seq Scan on movie_companies mc  (cost=0.00..51404.11 rows=2099295 width=4) (actual time=0.021..1129.666 rows=2093757 loops=1)
        Filter: (company_id < 73590)
        Rows Removed by Filter: 515372
  ->  Hash  (cost=61283.27..61283.27 rows=2528527 width=4) (actual time=1950.108..1950.108 rows=2528312 loops=1)
        Buckets: 131072  Batches: 64  Memory Usage: 2415kB
        ->  Seq Scan on title t  (cost=0.00..61283.27 rows=2528527 width=4) (actual time=0.017..1065.720 rows=2528312 loops=1)
Planning time: 0.717 ms
Execution time: 5711.207 ms
