Seq Scan on cast_info ci  (cost=0.00..705507.15 rows=26496155 width=0) (actual time=0.017..11807.404 rows=26699301 loops=1)
  Filter: (person_id > 938595)
  Rows Removed by Filter: 9545043
Planning time: 0.327 ms
Execution time: 14925.583 ms
