Hash Join  (cost=102767.86..1146809.62 rows=13658376 width=0) (actual time=3632.709..26696.543 rows=13818104 loops=1)
  Hash Cond: (ci.movie_id = t.id)
  ->  Seq Scan on cast_info ci  (cost=0.00..705507.15 rows=13658376 width=4) (actual time=1688.922..13839.852 rows=13818104 loops=1)
        Filter: (person_id > 2286550)
        Rows Removed by Filter: 22426240
  ->  Hash  (cost=61283.27..61283.27 rows=2528527 width=4) (actual time=1942.148..1942.148 rows=2528312 loops=1)
        Buckets: 131072  Batches: 64  Memory Usage: 2415kB
        ->  Seq Scan on title t  (cost=0.00..61283.27 rows=2528527 width=4) (actual time=0.027..1092.868 rows=2528312 loops=1)
Planning time: 0.730 ms
Execution time: 28307.418 ms
