Seq Scan on movie_companies mc  (cost=0.00..51404.11 rows=1587758 width=0) (actual time=0.015..959.299 rows=1587229 loops=1)
  Filter: (company_id > 5409)
  Rows Removed by Filter: 1021900
Planning time: 0.265 ms
Execution time: 1160.683 ms
