Hash Join  (cost=224734.02..752312.84 rows=4477189 width=0) (actual time=4485.804..28129.766 rows=43019099 loops=1)
  Hash Cond: (mi.movie_id = t.id)
  ->  Seq Scan on movie_info mi  (cost=0.00..309384.22 rows=14739122 width=4) (actual time=0.023..6392.370 rows=14835720 loops=1)
  ->  Hash  (cost=212132.14..212132.14 rows=768071 width=8) (actual time=4483.647..4483.647 rows=776267 loops=1)
        Buckets: 131072  Batches: 16  Memory Usage: 3030kB
        ->  Hash Join  (cost=102767.86..212132.14 rows=768071 width=8) (actual time=1892.694..4261.689 rows=776267 loops=1)
              Hash Cond: (mk.movie_id = t.id)
              ->  Seq Scan on movie_keyword mk  (cost=0.00..81003.12 rows=768071 width=4) (actual time=0.014..1371.692 rows=776267 loops=1)
                    Filter: (keyword_id > 24291)
                    Rows Removed by Filter: 3747663
              ->  Hash  (cost=61283.27..61283.27 rows=2528527 width=4) (actual time=1891.474..1891.474 rows=2528312 loops=1)
                    Buckets: 131072  Batches: 64  Memory Usage: 2425kB
                    ->  Seq Scan on title t  (cost=0.00..61283.27 rows=2528527 width=4) (actual time=0.018..1025.991 rows=2528312 loops=1)
Planning time: 1.055 ms
Execution time: 33253.439 ms
