Seq Scan on movie_companies mc  (cost=0.00..51404.11 rows=104 width=0) (actual time=10.558..799.119 rows=135 loops=1)
  Filter: (company_id = 2342)
  Rows Removed by Filter: 2608994
Planning time: 0.374 ms
Execution time: 799.234 ms
