Hash Join  (cost=75353.43..151640.70 rows=89775 width=0) (actual time=1226.162..2989.519 rows=40494 loops=1)
  Hash Cond: (mc.movie_id = t.id)
  ->  Seq Scan on movie_companies mc  (cost=0.00..44881.29 rows=2609129 width=4) (actual time=0.020..859.182 rows=2609129 loops=1)
  ->  Hash  (cost=73925.90..73925.90 rows=87002 width=4) (actual time=1225.318..1225.318 rows=93068 loops=1)
        Buckets: 131072  Batches: 2  Memory Usage: 2660kB
        ->  Seq Scan on title t  (cost=0.00..73925.90 rows=87002 width=4) (actual time=0.030..1190.867 rows=93068 loops=1)
              Filter: ((kind_id > 4) AND (production_year = 2010))
              Rows Removed by Filter: 2435244
Planning time: 0.727 ms
Execution time: 2995.393 ms
