Seq Scan on movie_companies mc  (cost=0.00..57926.93 rows=873802 width=0) (actual time=0.018..1095.215 rows=1075374 loops=1)
  Filter: ((company_id > 2770) AND (company_type_id = 2))
  Rows Removed by Filter: 1533755
Planning time: 0.291 ms
Execution time: 1228.012 ms
