Hash Join  (cost=83810.17..219026.87 rows=1271573 width=0) (actual time=1491.150..5873.981 rows=2802308 loops=1)
  Hash Cond: (mk.movie_id = t.id)
  ->  Seq Scan on movie_keyword mk  (cost=0.00..81003.12 rows=3255158 width=4) (actual time=0.021..1674.600 rows=3246171 loops=1)
        Filter: (keyword_id < 13886)
        Rows Removed by Filter: 1277759
  ->  Hash  (cost=67604.59..67604.59 rows=987727 width=4) (actual time=1490.166..1490.166 rows=985048 loops=1)
        Buckets: 131072  Batches: 16  Memory Usage: 3197kB
        ->  Seq Scan on title t  (cost=0.00..67604.59 rows=987727 width=4) (actual time=0.026..1159.130 rows=985048 loops=1)
              Filter: (kind_id < 7)
              Rows Removed by Filter: 1543264
Planning time: 0.579 ms
Execution time: 6210.001 ms
