Seq Scan on movie_keyword mk  (cost=0.00..81003.12 rows=1863532 width=0) (actual time=0.013..1397.992 rows=1873557 loops=1)
  Filter: (keyword_id < 3175)
  Rows Removed by Filter: 2650373
Planning time: 0.354 ms
Execution time: 1632.393 ms
