Hash Join  (cost=83074.74..919096.41 rows=1036 width=0) (actual time=5443.067..19281.455 rows=180 loops=1)
  Hash Cond: (ci.movie_id = t.id)
  ->  Seq Scan on cast_info ci  (cost=0.00..796071.18 rows=10650701 width=4) (actual time=4123.984..16308.958 rows=12670688 loops=1)
        Filter: ((person_id < 3050730) AND (role_id < 2))
        Rows Removed by Filter: 23573656
  ->  Hash  (cost=83071.67..83071.67 rows=246 width=8) (actual time=1306.007..1306.007 rows=10 loops=1)
        Buckets: 1024  Batches: 1  Memory Usage: 9kB
        ->  Nested Loop  (cost=0.43..83071.67 rows=246 width=8) (actual time=53.235..1304.981 rows=10 loops=1)
              ->  Seq Scan on movie_keyword mk  (cost=0.00..81003.12 rows=246 width=4) (actual time=53.135..1304.483 rows=10 loops=1)
                    Filter: (keyword_id = 98789)
                    Rows Removed by Filter: 4523920
              ->  Index Only Scan using title_pkey on title t  (cost=0.43..8.40 rows=1 width=4) (actual time=0.041..0.041 rows=1 loops=10)
                    Index Cond: (id = mk.movie_id)
                    Heap Fetches: 10
Planning time: 1.225 ms
Execution time: 19281.741 ms
