Seq Scan on movie_keyword mk  (cost=0.00..81003.12 rows=246 width=0) (actual time=91.773..1275.932 rows=5 loops=1)
  Filter: (keyword_id = 92220)
  Rows Removed by Filter: 4523925
Planning time: 0.246 ms
Execution time: 1276.010 ms
