Seq Scan on cast_info ci  (cost=0.00..705507.15 rows=1915060 width=0) (actual time=2511.240..10584.130 rows=1953761 loops=1)
  Filter: (person_id > 3677504)
  Rows Removed by Filter: 34290583
Planning time: 0.337 ms
Execution time: 10832.548 ms
