Hash Join  (cost=73930.12..467673.63 rows=1688 width=0) (actual time=994.237..9067.291 rows=16 loops=1)
  Hash Cond: (mi.movie_id = t.id)
  ->  Seq Scan on movie_info mi  (cost=0.00..346232.03 rows=12665229 width=4) (actual time=0.032..6599.818 rows=12744652 loops=1)
        Filter: (info_type_id > 2)
        Rows Removed by Filter: 2091068
  ->  Hash  (cost=73925.90..73925.90 rows=337 width=4) (actual time=718.846..718.846 rows=3 loops=1)
        Buckets: 1024  Batches: 1  Memory Usage: 9kB
        ->  Seq Scan on title t  (cost=0.00..73925.90 rows=337 width=4) (actual time=233.098..718.829 rows=3 loops=1)
              Filter: ((kind_id = 4) AND (production_year = 1970))
              Rows Removed by Filter: 2528309
Planning time: 5.456 ms
Execution time: 9067.400 ms
