Seq Scan on movie_companies mc  (cost=0.00..57926.93 rows=51 width=0) (actual time=376.111..831.306 rows=1 loops=1)
  Filter: ((company_id = 23051) AND (company_type_id = 1))
  Rows Removed by Filter: 2609128
Planning time: 1.841 ms
Execution time: 831.394 ms
