Hash Join  (cost=491650.71..623487.75 rows=1033921 width=0) (actual time=9043.967..13917.680 rows=3249758 loops=1)
  Hash Cond: (mk.movie_id = t.id)
  ->  Seq Scan on movie_keyword mk  (cost=0.00..81003.12 rows=3228453 width=4) (actual time=0.019..1798.209 rows=3214134 loops=1)
        Filter: (keyword_id < 13424)
        Rows Removed by Filter: 1309796
  ->  Hash  (cost=478364.61..478364.61 rows=809768 width=8) (actual time=9043.131..9043.131 rows=802140 loops=1)
        Buckets: 131072  Batches: 16  Memory Usage: 2985kB
        ->  Hash Join  (cost=102767.86..478364.61 rows=809768 width=8) (actual time=4694.451..8785.861 rows=802140 loops=1)
              Hash Cond: (mi.movie_id = t.id)
              ->  Seq Scan on movie_info mi  (cost=0.00..346232.03 rows=809768 width=4) (actual time=2728.699..5703.794 rows=802140 loops=1)
                    Filter: (info_type_id < 2)
                    Rows Removed by Filter: 14033580
              ->  Hash  (cost=61283.27..61283.27 rows=2528527 width=4) (actual time=1964.721..1964.721 rows=2528312 loops=1)
                    Buckets: 131072  Batches: 64  Memory Usage: 2425kB
                    ->  Seq Scan on title t  (cost=0.00..61283.27 rows=2528527 width=4) (actual time=0.029..1088.228 rows=2528312 loops=1)
Planning time: 1.935 ms
Execution time: 14310.306 ms
