Hash Join  (cost=78556.72..154671.03 rows=289589 width=0) (actual time=1776.743..3239.584 rows=627426 loops=1)
  Hash Cond: (mc.movie_id = t.id)
  ->  Seq Scan on movie_companies mc  (cost=0.00..57926.93 rows=1096927 width=4) (actual time=176.711..1188.637 rows=1223687 loops=1)
        Filter: ((company_id > 376) AND (company_type_id = 2))
        Rows Removed by Filter: 1385442
  ->  Hash  (cost=67604.59..67604.59 rows=667531 width=4) (actual time=1236.969..1236.969 rows=662825 loops=1)
        Buckets: 131072  Batches: 16  Memory Usage: 2476kB
        ->  Seq Scan on title t  (cost=0.00..67604.59 rows=667531 width=4) (actual time=0.030..1023.363 rows=662825 loops=1)
              Filter: (kind_id < 2)
              Rows Removed by Filter: 1865487
Planning time: 0.715 ms
Execution time: 3310.428 ms
