Seq Scan on movie_keyword mk  (cost=0.00..81003.12 rows=246 width=0) (actual time=59.631..1285.312 rows=144 loops=1)
  Filter: (keyword_id = 11974)
  Rows Removed by Filter: 4523786
Planning time: 0.331 ms
Execution time: 1285.485 ms
