Hash Join  (cost=102767.86..224796.12 rows=1294347 width=0) (actual time=2249.042..5138.002 rows=1306296 loops=1)
  Hash Cond: (mk.movie_id = t.id)
  ->  Seq Scan on movie_keyword mk  (cost=0.00..81003.12 rows=1294347 width=4) (actual time=0.021..1553.963 rows=1306296 loops=1)
        Filter: (keyword_id > 13448)
        Rows Removed by Filter: 3217634
  ->  Hash  (cost=61283.27..61283.27 rows=2528527 width=4) (actual time=2246.465..2246.465 rows=2528312 loops=1)
        Buckets: 131072  Batches: 64  Memory Usage: 2425kB
        ->  Seq Scan on title t  (cost=0.00..61283.27 rows=2528527 width=4) (actual time=0.023..1095.261 rows=2528312 loops=1)
Planning time: 0.690 ms
Execution time: 5277.695 ms
