Hash Join  (cost=78171.87..140365.56 rows=79517 width=0) (actual time=1358.447..2575.083 rows=148579 loops=1)
  Hash Cond: (mc.movie_id = t.id)
  ->  Seq Scan on movie_companies mc  (cost=0.00..51404.11 rows=776909 width=4) (actual time=0.032..867.936 rows=782799 loops=1)
        Filter: (company_id > 32373)
        Rows Removed by Filter: 1826330
  ->  Hash  (cost=73925.90..73925.90 rows=258797 width=4) (actual time=1357.678..1357.678 rows=227847 loops=1)
        Buckets: 131072  Batches: 4  Memory Usage: 3032kB
        ->  Seq Scan on title t  (cost=0.00..73925.90 rows=258797 width=4) (actual time=0.073..1280.605 rows=227847 loops=1)
              Filter: ((kind_id < 7) AND (production_year > 2008))
              Rows Removed by Filter: 2300465
Planning time: 0.710 ms
Execution time: 2588.539 ms
