Hash Join  (cost=102767.86..193748.84 rows=963080 width=0) (actual time=1823.596..3811.529 rows=652965 loops=1)
  Hash Cond: (mc.movie_id = t.id)
  ->  Seq Scan on movie_companies mc  (cost=0.00..57926.93 rows=963080 width=4) (actual time=0.016..994.424 rows=652965 loops=1)
        Filter: ((company_id < 41728) AND (company_type_id > 1))
        Rows Removed by Filter: 1956164
  ->  Hash  (cost=61283.27..61283.27 rows=2528527 width=4) (actual time=1822.654..1822.654 rows=2528312 loops=1)
        Buckets: 131072  Batches: 64  Memory Usage: 2415kB
        ->  Seq Scan on title t  (cost=0.00..61283.27 rows=2528527 width=4) (actual time=0.010..1014.051 rows=2528312 loops=1)
Planning time: 0.783 ms
Execution time: 3893.718 ms
