Hash Join  (cost=94858.47..471818.79 rows=782156 width=0) (actual time=3038.075..8824.468 rows=12557 loops=1)
  Hash Cond: (mi.movie_id = t.id)
  ->  Seq Scan on movie_info mi  (cost=0.00..346232.03 rows=1550064 width=4) (actual time=1136.124..5875.412 rows=1533909 loops=1)
        Filter: (info_type_id = 3)
        Rows Removed by Filter: 13301811
  ->  Hash  (cost=73925.90..73925.90 rows=1275885 width=4) (actual time=1898.930..1898.930 rows=1357653 loops=1)
        Buckets: 131072  Batches: 32  Memory Usage: 2525kB
        ->  Seq Scan on title t  (cost=0.00..73925.90 rows=1275885 width=4) (actual time=0.044..1456.598 rows=1357653 loops=1)
              Filter: ((production_year > 1969) AND (kind_id = 7))
              Rows Removed by Filter: 1170659
Planning time: 0.568 ms
Execution time: 8825.647 ms
