Hash Join  (cost=992998.61..1642581.95 rows=15108205 width=0) (actual time=20408.029..55537.380 rows=90288398 loops=1)
  Hash Cond: (mi.movie_id = t.id)
  ->  Seq Scan on movie_info mi  (cost=0.00..346232.03 rows=8841901 width=4) (actual time=0.023..6926.128 rows=8950757 loops=1)
        Filter: (info_type_id > 6)
        Rows Removed by Filter: 5884963
  ->  Hash  (cost=922115.26..922115.26 rows=4320508 width=8) (actual time=20406.524..20406.524 rows=4323018 loops=1)
        Buckets: 131072  Batches: 64  Memory Usage: 3697kB
        ->  Hash Join  (cost=102767.86..922115.26 rows=4320508 width=8) (actual time=9733.014..19245.082 rows=4323018 loops=1)
              Hash Cond: (ci.movie_id = t.id)
              ->  Seq Scan on cast_info ci  (cost=0.00..705507.15 rows=4320508 width=4) (actual time=7866.110..13349.604 rows=4323018 loops=1)
                    Filter: (role_id = 10)
                    Rows Removed by Filter: 31921326
              ->  Hash  (cost=61283.27..61283.27 rows=2528527 width=4) (actual time=1865.131..1865.131 rows=2528312 loops=1)
                    Buckets: 131072  Batches: 64  Memory Usage: 2415kB
                    ->  Seq Scan on title t  (cost=0.00..61283.27 rows=2528527 width=4) (actual time=0.019..1057.586 rows=2528312 loops=1)
Planning time: 2.463 ms
Execution time: 65808.388 ms
