Hash Join  (cost=115170.87..240285.97 rows=255506 width=0) (actual time=2397.390..5278.884 rows=360713 loops=1)
  Hash Cond: (mk.movie_id = t.id)
  ->  Seq Scan on movie_keyword mk  (cost=0.00..69693.30 rows=4523930 width=4) (actual time=0.014..1453.471 rows=4523930 loops=1)
  ->  Hash  (cost=112827.77..112827.77 rows=142808 width=8) (actual time=2396.698..2396.698 rows=87688 loops=1)
        Buckets: 131072  Batches: 2  Memory Usage: 2736kB
        ->  Hash Join  (cost=74050.79..112827.77 rows=142808 width=8) (actual time=1309.439..2365.941 rows=87688 loops=1)
              Hash Cond: (mi_idx.movie_id = t.id)
              ->  Seq Scan on movie_info_idx mi_idx  (cost=0.00..25185.44 rows=919057 width=4) (actual time=0.024..542.989 rows=920110 loops=1)
                    Filter: (info_type_id > 99)
                    Rows Removed by Filter: 459925
              ->  Hash  (cost=67604.59..67604.59 rows=392896 width=4) (actual time=1308.570..1308.570 rows=391666 loops=1)
                    Buckets: 131072  Batches: 8  Memory Usage: 2753kB
                    ->  Seq Scan on title t  (cost=0.00..67604.59 rows=392896 width=4) (actual time=0.021..1177.462 rows=391666 loops=1)
                          Filter: (production_year > 2010)
                          Rows Removed by Filter: 2136646
Planning time: 1.137 ms
Execution time: 5323.956 ms
