Hash Join  (cost=89289.29..135750.68 rows=511091 width=0) (actual time=1507.423..3145.457 rows=940604 loops=1)
  Hash Cond: (mi_idx.movie_id = t.id)
  ->  Seq Scan on movie_info_idx mi_idx  (cost=0.00..21735.35 rows=1380035 width=4) (actual time=0.026..516.651 rows=1380035 loops=1)
  ->  Hash  (cost=73925.90..73925.90 rows=936431 width=4) (actual time=1506.701..1506.701 rows=910262 loops=1)
        Buckets: 131072  Batches: 16  Memory Usage: 3024kB
        ->  Seq Scan on title t  (cost=0.00..73925.90 rows=936431 width=4) (actual time=0.025..1238.192 rows=910262 loops=1)
              Filter: ((kind_id < 7) AND (production_year > 1915))
              Rows Removed by Filter: 1618050
Planning time: 0.729 ms
Execution time: 3270.850 ms
