Hash Join  (cost=100972.04..155668.40 rows=3083 width=0) (actual time=1953.647..3026.265 rows=198 loops=1)
  Hash Cond: (mc.movie_id = t.id)
  ->  Seq Scan on movie_companies mc  (cost=0.00..44881.29 rows=2609129 width=4) (actual time=0.014..686.874 rows=2609129 loops=1)
  ->  Hash  (cost=100934.69..100934.69 rows=2988 width=8) (actual time=1878.208..1878.208 rows=78 loops=1)
        Buckets: 4096  Batches: 1  Memory Usage: 36kB
        ->  Hash Join  (cost=73994.33..100934.69 rows=2988 width=8) (actual time=1335.171..1878.129 rows=78 loops=1)
              Hash Cond: (mi_idx.movie_id = t.id)
              ->  Seq Scan on movie_info_idx mi_idx  (cost=0.00..21735.35 rows=1380035 width=4) (actual time=0.012..337.339 rows=1380035 loops=1)
              ->  Hash  (cost=73925.90..73925.90 rows=5474 width=4) (actual time=1274.447..1274.447 rows=636 loops=1)
                    Buckets: 8192  Batches: 1  Memory Usage: 87kB
                    ->  Seq Scan on title t  (cost=0.00..73925.90 rows=5474 width=4) (actual time=2.382..1273.971 rows=636 loops=1)
                          Filter: ((kind_id > 1) AND (production_year = 1948))
                          Rows Removed by Filter: 2527676
Planning time: 1.118 ms
Execution time: 3026.407 ms
