Hash Join  (cost=641222.03..2355675.12 rows=53034293 width=0) (actual time=17842.821..105616.891 rows=202978514 loops=1)
  Hash Cond: (ci.movie_id = t.id)
  ->  Seq Scan on cast_info ci  (cost=0.00..614943.12 rows=36225612 width=4) (actual time=0.013..13405.008 rows=36244344 loops=1)
  ->  Hash  (cost=580489.00..580489.00 rows=3701763 width=8) (actual time=17839.655..17839.655 rows=7614311 loops=1)
        Buckets: 131072 (originally 131072)  Batches: 128 (originally 64)  Memory Usage: 3352kB
        ->  Hash Join  (cost=83810.17..580489.00 rows=3701763 width=8) (actual time=1525.191..15076.854 rows=7614311 loops=1)
              Hash Cond: (mi.movie_id = t.id)
              ->  Seq Scan on movie_info mi  (cost=0.00..346232.03 rows=9476311 width=4) (actual time=0.013..6064.005 rows=9565151 loops=1)
                    Filter: (info_type_id < 16)
                    Rows Removed by Filter: 5270569
              ->  Hash  (cost=67604.59..67604.59 rows=987727 width=4) (actual time=1524.294..1524.294 rows=985048 loops=1)
                    Buckets: 131072  Batches: 16  Memory Usage: 3197kB
                    ->  Seq Scan on title t  (cost=0.00..67604.59 rows=987727 width=4) (actual time=0.008..1190.764 rows=985048 loops=1)
                          Filter: (kind_id < 7)
                          Rows Removed by Filter: 1543264
Planning time: 1.123 ms
Execution time: 128271.390 ms
