Hash Join  (cost=82033.88..1277800.74 rows=7060493 width=0) (actual time=1311.035..38344.281 rows=8364462 loops=1)
  Hash Cond: (ci.movie_id = t.id)
  ->  Seq Scan on cast_info ci  (cost=0.00..705507.15 rows=36127409 width=4) (actual time=0.011..16919.104 rows=36116039 loops=1)
        Filter: (person_id < 4042059)
        Rows Removed by Filter: 128305
  ->  Hash  (cost=73925.90..73925.90 rows=494158 width=4) (actual time=1310.209..1310.209 rows=581419 loops=1)
        Buckets: 131072  Batches: 8  Memory Usage: 3592kB
        ->  Seq Scan on title t  (cost=0.00..73925.90 rows=494158 width=4) (actual time=0.018..1133.089 rows=581419 loops=1)
              Filter: ((kind_id < 7) AND (production_year < 2004))
              Rows Removed by Filter: 1946893
Planning time: 0.522 ms
Execution time: 39342.031 ms
