Seq Scan on movie_keyword mk  (cost=0.00..81003.12 rows=246 width=0) (actual time=38.242..1255.344 rows=39 loops=1)
  Filter: (keyword_id = 11785)
  Rows Removed by Filter: 4523891
Planning time: 0.902 ms
Execution time: 1255.466 ms
