Seq Scan on movie_companies mc  (cost=0.00..51404.11 rows=1430875 width=0) (actual time=0.031..940.504 rows=1421100 loops=1)
  Filter: (company_id < 12514)
  Rows Removed by Filter: 1188029
Planning time: 0.298 ms
Execution time: 1116.602 ms
