Hash Join  (cost=106840.27..1338162.83 rows=18087816 width=0) (actual time=2458.097..34039.468 rows=17323217 loops=1)
  Hash Cond: (ci.movie_id = t.id)
  ->  Seq Scan on cast_info ci  (cost=0.00..796071.18 rows=19124243 width=4) (actual time=339.527..15679.693 rows=18033194 loops=1)
        Filter: ((person_id > 1178368) AND (role_id < 8))
        Rows Removed by Filter: 18211150
  ->  Hash  (cost=67604.59..67604.59 rows=2391495 width=4) (actual time=2117.538..2117.538 rows=2388876 loops=1)
        Buckets: 131072  Batches: 32  Memory Usage: 3646kB
        ->  Seq Scan on title t  (cost=0.00..67604.59 rows=2391495 width=4) (actual time=0.020..1391.814 rows=2388876 loops=1)
              Filter: (production_year < 2013)
              Rows Removed by Filter: 139436
Planning time: 1.178 ms
Execution time: 35981.431 ms
