Hash Join  (cost=102065.08..912464.17 rows=39758 width=0) (actual time=1801.912..17061.699 rows=279728 loops=1)
  Hash Cond: (ci.movie_id = t.id)
  ->  Seq Scan on cast_info ci  (cost=0.00..796071.18 rows=3714755 width=4) (actual time=0.016..13094.136 rows=8261787 loops=1)
        Filter: ((person_id > 2856402) AND (role_id > 2))
        Rows Removed by Filter: 27982557
  ->  Hash  (cost=101726.81..101726.81 rows=27062 width=8) (actual time=1801.537..1801.537 rows=39613 loops=1)
        Buckets: 65536 (originally 32768)  Batches: 1 (originally 1)  Memory Usage: 2060kB
        ->  Hash Join  (cost=74545.71..101726.81 rows=27062 width=8) (actual time=1129.048..1784.957 rows=39613 loops=1)
              Hash Cond: (mi_idx.movie_id = t.id)
              ->  Seq Scan on movie_info_idx mi_idx  (cost=0.00..21735.35 rows=1380035 width=4) (actual time=0.020..327.939 rows=1380035 loops=1)
              ->  Hash  (cost=73925.90..73925.90 rows=49584 width=4) (actual time=1128.674..1128.674 rows=38752 loops=1)
                    Buckets: 65536  Batches: 1  Memory Usage: 1875kB
                    ->  Seq Scan on title t  (cost=0.00..73925.90 rows=49584 width=4) (actual time=0.188..1112.946 rows=38752 loops=1)
                          Filter: ((kind_id < 7) AND (production_year = 2008))
                          Rows Removed by Filter: 2489560
Planning time: 1.172 ms
Execution time: 17104.732 ms
