Seq Scan on cast_info ci  (cost=0.00..705507.15 rows=15921733 width=0) (actual time=0.016..12409.305 rows=15818805 loops=1)
  Filter: (person_id < 1563363)
  Rows Removed by Filter: 20425539
Planning time: 0.314 ms
Execution time: 14414.697 ms
