Hash Join  (cost=74806.43..101821.34 rows=12651 width=0) (actual time=1292.211..1918.450 rows=21518 loops=1)
  Hash Cond: (mi_idx.movie_id = t.id)
  ->  Seq Scan on movie_info_idx mi_idx  (cost=0.00..25185.44 rows=454124 width=4) (actual time=0.023..480.727 rows=459925 loops=1)
        Filter: (info_type_id = 100)
        Rows Removed by Filter: 920110
  ->  Hash  (cost=73925.90..73925.90 rows=70442 width=4) (actual time=1291.416..1291.416 rows=71472 loops=1)
        Buckets: 131072  Batches: 1  Memory Usage: 3537kB
        ->  Seq Scan on title t  (cost=0.00..73925.90 rows=70442 width=4) (actual time=0.032..1263.286 rows=71472 loops=1)
              Filter: ((production_year < 2007) AND (kind_id = 4))
              Rows Removed by Filter: 2456840
Planning time: 0.783 ms
Execution time: 1921.701 ms
