Hash Join  (cost=102767.86..1171899.04 rows=10937354 width=0) (actual time=9077.222..29107.048 rows=12870216 loops=1)
  Hash Cond: (ci.movie_id = t.id)
  ->  Seq Scan on cast_info ci  (cost=0.00..796071.18 rows=10937354 width=4) (actual time=7064.714..15987.010 rows=12870216 loops=1)
        Filter: ((person_id > 1147057) AND (role_id > 2))
        Rows Removed by Filter: 23374128
  ->  Hash  (cost=61283.27..61283.27 rows=2528527 width=4) (actual time=2011.528..2011.528 rows=2528312 loops=1)
        Buckets: 131072  Batches: 64  Memory Usage: 2415kB
        ->  Seq Scan on title t  (cost=0.00..61283.27 rows=2528527 width=4) (actual time=0.013..1178.469 rows=2528312 loops=1)
Planning time: 0.786 ms
Execution time: 30681.642 ms
