Hash Join  (cost=583046.46..1687281.90 rows=13718871 width=0) (actual time=11409.568..42900.373 rows=28752544 loops=1)
  Hash Cond: (ci.movie_id = t.id)
  ->  Seq Scan on cast_info ci  (cost=0.00..796071.18 rows=11305848 width=4) (actual time=0.031..15141.954 rows=12970041 loops=1)
        Filter: ((person_id < 1450732) AND (role_id < 6))
        Rows Removed by Filter: 23274303
  ->  Hash  (cost=532708.04..532708.04 rows=3068194 width=8) (actual time=11407.972..11407.972 rows=3036719 loops=1)
        Buckets: 131072  Batches: 64  Memory Usage: 2881kB
        ->  Hash Join  (cost=102767.86..532708.04 rows=3068194 width=8) (actual time=3823.122..10503.400 rows=3036719 loops=1)
              Hash Cond: (mi.movie_id = t.id)
              ->  Seq Scan on movie_info mi  (cost=0.00..346232.03 rows=3068194 width=4) (actual time=1868.964..5660.614 rows=3036719 loops=1)
                    Filter: (info_type_id = 16)
                    Rows Removed by Filter: 11799001
              ->  Hash  (cost=61283.27..61283.27 rows=2528527 width=4) (actual time=1952.190..1952.190 rows=2528312 loops=1)
                    Buckets: 131072  Batches: 64  Memory Usage: 2425kB
                    ->  Seq Scan on title t  (cost=0.00..61283.27 rows=2528527 width=4) (actual time=0.031..1079.230 rows=2528312 loops=1)
Planning time: 1.227 ms
Execution time: 46231.189 ms
