Seq Scan on movie_keyword mk  (cost=0.00..81003.12 rows=2238133 width=0) (actual time=0.019..1002.584 rows=2231232 loops=1)
  Filter: (keyword_id < 4591)
  Rows Removed by Filter: 2292698
Planning time: 0.244 ms
Execution time: 1222.385 ms
