Hash Join  (cost=83074.74..917023.19 rows=982 width=0) (actual time=5952.799..19473.848 rows=11680 loops=1)
  Hash Cond: (ci.movie_id = t.id)
  ->  Seq Scan on cast_info ci  (cost=0.00..796071.18 rows=10097985 width=4) (actual time=4584.384..16145.392 rows=12670688 loops=1)
        Filter: ((person_id < 2919219) AND (role_id = 1))
        Rows Removed by Filter: 23573656
  ->  Hash  (cost=83071.67..83071.67 rows=246 width=8) (actual time=1368.152..1368.152 rows=2229 loops=1)
        Buckets: 4096 (originally 1024)  Batches: 1 (originally 1)  Memory Usage: 120kB
        ->  Nested Loop  (cost=0.43..83071.67 rows=246 width=8) (actual time=0.503..1366.892 rows=2229 loops=1)
              ->  Seq Scan on movie_keyword mk  (cost=0.00..81003.12 rows=246 width=4) (actual time=0.382..1274.612 rows=2229 loops=1)
                    Filter: (keyword_id = 918)
                    Rows Removed by Filter: 4521701
              ->  Index Only Scan using title_pkey on title t  (cost=0.43..8.40 rows=1 width=4) (actual time=0.040..0.040 rows=1 loops=2229)
                    Index Cond: (id = mk.movie_id)
                    Heap Fetches: 2229
Planning time: 1.193 ms
Execution time: 19476.811 ms
