Seq Scan on movie_keyword mk  (cost=0.00..81003.12 rows=246 width=0) (actual time=0.051..1259.082 rows=690 loops=1)
  Filter: (keyword_id = 7845)
  Rows Removed by Filter: 4523240
Planning time: 0.361 ms
Execution time: 1259.449 ms
