Hash Join  (cost=162075.57..509732.62 rows=5482 width=0) (actual time=3715.756..8097.433 rows=638 loops=1)
  Hash Cond: (mi.movie_id = t.id)
  ->  Seq Scan on movie_info mi  (cost=0.00..346232.03 rows=274038 width=4) (actual time=710.619..5302.347 rows=306788 loops=1)
        Filter: (info_type_id > 105)
        Rows Removed by Filter: 14528932
  ->  Hash  (cost=161443.24..161443.24 rows=50587 width=8) (actual time=2748.259..2748.259 rows=35034 loops=1)
        Buckets: 65536  Batches: 1  Memory Usage: 1881kB
        ->  Hash Join  (cost=74279.33..161443.24 rows=50587 width=8) (actual time=1751.823..2740.662 rows=35034 loops=1)
              Hash Cond: (mk.movie_id = t.id)
              ->  Seq Scan on movie_keyword mk  (cost=0.00..69693.30 rows=4523930 width=4) (actual time=0.035..869.699 rows=4523930 loops=1)
              ->  Hash  (cost=73925.90..73925.90 rows=28274 width=4) (actual time=1061.180..1061.180 rows=25769 loops=1)
                    Buckets: 32768  Batches: 1  Memory Usage: 1162kB
                    ->  Seq Scan on title t  (cost=0.00..73925.90 rows=28274 width=4) (actual time=0.117..1050.490 rows=25769 loops=1)
                          Filter: ((production_year > 2007) AND (kind_id = 2))
                          Rows Removed by Filter: 2502543
Planning time: 5.869 ms
Execution time: 8097.869 ms
