Hash Join  (cost=83356.77..562946.67 rows=2154171 width=0) (actual time=1611.060..13815.392 rows=3751477 loops=1)
  Hash Cond: (mi.movie_id = t.id)
  ->  Seq Scan on movie_info mi  (cost=0.00..346232.03 rows=9476311 width=4) (actual time=0.022..6553.454 rows=9565151 loops=1)
        Filter: (info_type_id < 16)
        Rows Removed by Filter: 5270569
  ->  Hash  (cost=73925.90..73925.90 rows=574789 width=4) (actual time=1444.319..1444.319 rows=454004 loops=1)
        Buckets: 131072  Batches: 8  Memory Usage: 3041kB
        ->  Seq Scan on title t  (cost=0.00..73925.90 rows=574789 width=4) (actual time=4.014..1300.257 rows=454004 loops=1)
              Filter: ((production_year > 1963) AND (kind_id = 1))
              Rows Removed by Filter: 2074308
Planning time: 1.834 ms
Execution time: 14270.512 ms
