Hash Join  (cost=101326.70..911255.39 rows=117591 width=0) (actual time=1775.817..21180.725 rows=450115 loops=1)
  Hash Cond: (ci.movie_id = t.id)
  ->  Seq Scan on cast_info ci  (cost=0.00..705507.15 rows=27532182 width=4) (actual time=0.021..12896.830 rows=27545681 loops=1)
        Filter: (person_id < 2820311)
        Rows Removed by Filter: 8698663
  ->  Hash  (cost=101191.71..101191.71 rows=10799 width=8) (actual time=1774.714..1774.714 rows=21002 loops=1)
        Buckets: 32768 (originally 16384)  Batches: 1 (originally 1)  Memory Usage: 1077kB
        ->  Hash Join  (cost=74173.24..101191.71 rows=10799 width=8) (actual time=1219.008..1766.418 rows=21002 loops=1)
              Hash Cond: (mi_idx.movie_id = t.id)
              ->  Seq Scan on movie_info_idx mi_idx  (cost=0.00..21735.35 rows=1380035 width=4) (actual time=0.018..240.226 rows=1380035 loops=1)
              ->  Hash  (cost=73925.90..73925.90 rows=19787 width=4) (actual time=1217.273..1217.273 rows=15791 loops=1)
                    Buckets: 32768  Batches: 1  Memory Usage: 812kB
                    ->  Seq Scan on title t  (cost=0.00..73925.90 rows=19787 width=4) (actual time=0.028..1209.685 rows=15791 loops=1)
                          Filter: ((kind_id < 7) AND (production_year = 1999))
                          Rows Removed by Filter: 2512521
Planning time: 1.298 ms
Execution time: 21246.137 ms
