Hash Join  (cost=202262.86..680769.86 rows=647786 width=0) (actual time=4155.240..15223.772 rows=904184 loops=1)
  Hash Cond: (mi.movie_id = t.id)
  ->  Seq Scan on movie_info mi  (cost=0.00..346232.03 rows=9767026 width=4) (actual time=0.047..7160.757 rows=9911754 loops=1)
        Filter: (info_type_id > 4)
        Rows Removed by Filter: 4923966
  ->  Hash  (cost=199510.60..199510.60 rows=167701 width=8) (actual time=4151.338..4151.338 rows=87088 loops=1)
        Buckets: 131072  Batches: 4  Memory Usage: 1826kB
        ->  Hash Join  (cost=75464.55..199510.60 rows=167701 width=8) (actual time=1315.234..4121.711 rows=87088 loops=1)
              Hash Cond: (mk.movie_id = t.id)
              ->  Seq Scan on movie_keyword mk  (cost=0.00..69693.30 rows=4523930 width=4) (actual time=0.014..1410.223 rows=4523930 loops=1)
              ->  Hash  (cost=73925.90..73925.90 rows=93732 width=4) (actual time=1312.444..1312.444 rows=100592 loops=1)
                    Buckets: 131072  Batches: 2  Memory Usage: 2797kB
                    ->  Seq Scan on title t  (cost=0.00..73925.90 rows=93732 width=4) (actual time=0.017..1268.176 rows=100592 loops=1)
                          Filter: ((kind_id > 1) AND (production_year = 2009))
                          Rows Removed by Filter: 2427720
Planning time: 1.150 ms
Execution time: 15332.613 ms
