Hash Join  (cost=187203.10..703540.27 rows=3423625 width=0) (actual time=4213.696..18655.545 rows=4016582 loops=1)
  Hash Cond: (mi.movie_id = t.id)
  ->  Seq Scan on movie_info mi  (cost=0.00..309384.22 rows=14739122 width=4) (actual time=0.022..6270.959 rows=14835720 loops=1)
  ->  Hash  (cost=177566.47..177566.47 rows=587330 width=8) (actual time=4212.785..4212.785 rows=432498 loops=1)
        Buckets: 131072  Batches: 8  Memory Usage: 3142kB
        ->  Hash Join  (cost=95609.53..177566.47 rows=587330 width=8) (actual time=1795.654..4072.607 rows=432498 loops=1)
              Hash Cond: (mc.movie_id = t.id)
              ->  Seq Scan on movie_companies mc  (cost=0.00..57926.93 rows=1123655 width=4) (actual time=0.021..936.233 rows=926813 loops=1)
                    Filter: ((company_id < 81272) AND (company_type_id > 1))
                    Rows Removed by Filter: 1682316
              ->  Hash  (cost=73925.90..73925.90 rows=1321650 width=4) (actual time=1794.726..1794.726 rows=1298128 loops=1)
                    Buckets: 131072  Batches: 32  Memory Usage: 2450kB
                    ->  Seq Scan on title t  (cost=0.00..73925.90 rows=1321650 width=4) (actual time=0.028..1392.875 rows=1298128 loops=1)
                          Filter: ((kind_id > 1) AND (production_year < 2009))
                          Rows Removed by Filter: 1230184
Planning time: 1.209 ms
Execution time: 19091.165 ms
