Hash Join  (cost=98137.04..229605.32 rows=1575919 width=0) (actual time=2266.973..5430.963 rows=790934 loops=1)
  Hash Cond: (mk.movie_id = t.id)
  ->  Seq Scan on movie_keyword mk  (cost=0.00..81003.12 rows=2141194 width=4) (actual time=0.014..1618.706 rows=2144947 loops=1)
        Filter: (keyword_id < 4030)
        Rows Removed by Filter: 2378983
  ->  Hash  (cost=67604.59..67604.59 rows=1860996 width=4) (actual time=2264.318..2264.318 rows=1865487 loops=1)
        Buckets: 131072  Batches: 32  Memory Usage: 3085kB
        ->  Seq Scan on title t  (cost=0.00..67604.59 rows=1860996 width=4) (actual time=0.014..1390.115 rows=1865487 loops=1)
              Filter: (kind_id > 1)
              Rows Removed by Filter: 662825
Planning time: 0.745 ms
Execution time: 5528.247 ms
