Seq Scan on movie_keyword mk  (cost=0.00..81003.12 rows=944528 width=0) (actual time=0.014..1279.426 rows=955682 loops=1)
  Filter: (keyword_id > 19841)
  Rows Removed by Filter: 3568248
Planning time: 0.326 ms
Execution time: 1404.004 ms
