Hash Join  (cost=193094.46..655545.19 rows=2603125 width=0) (actual time=3992.153..14660.704 rows=1963700 loops=1)
  Hash Cond: (mi.movie_id = t.id)
  ->  Seq Scan on movie_info mi  (cost=0.00..346232.03 rows=7503588 width=4) (actual time=0.042..6541.042 rows=7548855 loops=1)
        Filter: (info_type_id > 7)
        Rows Removed by Filter: 7286865
  ->  Hash  (cost=178702.58..178702.58 rows=877190 width=8) (actual time=3991.240..3991.240 rows=483704 loops=1)
        Buckets: 131072  Batches: 16  Memory Usage: 2200kB
        ->  Hash Join  (cost=94973.51..178702.58 rows=877190 width=8) (actual time=1727.233..3842.968 rows=483704 loops=1)
              Hash Cond: (mc.movie_id = t.id)
              ->  Seq Scan on movie_companies mc  (cost=0.00..51404.11 rows=1329612 width=4) (actual time=0.027..1026.685 rows=1334883 loops=1)
                    Filter: (company_type_id = 2)
                    Rows Removed by Filter: 1274246
              ->  Hash  (cost=67604.59..67604.59 rows=1668154 width=4) (actual time=1724.770..1724.770 rows=1674098 loops=1)
                    Buckets: 131072  Batches: 32  Memory Usage: 2869kB
                    ->  Seq Scan on title t  (cost=0.00..67604.59 rows=1668154 width=4) (actual time=0.012..1156.369 rows=1674098 loops=1)
                          Filter: (kind_id > 3)
                          Rows Removed by Filter: 854214
Planning time: 1.189 ms
Execution time: 14873.373 ms
