Hash Join  (cost=83074.74..833899.15 rows=3524 width=0) (actual time=1330.939..18253.123 rows=81474 loops=1)
  Hash Cond: (ci.movie_id = t.id)
  ->  Seq Scan on cast_info ci  (cost=0.00..614943.12 rows=36225612 width=4) (actual time=0.016..9319.319 rows=36244344 loops=1)
  ->  Hash  (cost=83071.67..83071.67 rows=246 width=8) (actual time=1330.473..1330.473 rows=1531 loops=1)
        Buckets: 2048 (originally 1024)  Batches: 1 (originally 1)  Memory Usage: 76kB
        ->  Nested Loop  (cost=0.43..83071.67 rows=246 width=8) (actual time=2.343..1329.381 rows=1531 loops=1)
              ->  Seq Scan on movie_keyword mk  (cost=0.00..81003.12 rows=246 width=4) (actual time=2.295..1265.142 rows=1531 loops=1)
                    Filter: (keyword_id = 3741)
                    Rows Removed by Filter: 4522399
              ->  Index Only Scan using title_pkey on title t  (cost=0.43..8.40 rows=1 width=4) (actual time=0.040..0.041 rows=1 loops=1531)
                    Index Cond: (id = mk.movie_id)
                    Heap Fetches: 1531
Planning time: 1.139 ms
Execution time: 18270.573 ms
