Seq Scan on cast_info ci  (cost=0.00..796071.18 rows=6667184 width=0) (actual time=0.024..12822.066 rows=10294315 loops=1)
  Filter: ((person_id > 2682375) AND (role_id > 1))
  Rows Removed by Filter: 25950029
Planning time: 1.324 ms
Execution time: 14108.813 ms
