Hash Join  (cost=76053.24..114960.21 rows=70749 width=0) (actual time=1285.939..2358.411 rows=192582 loops=1)
  Hash Cond: (mi_idx.movie_id = t.id)
  ->  Seq Scan on movie_info_idx mi_idx  (cost=0.00..21735.35 rows=1380035 width=4) (actual time=0.016..434.169 rows=1380035 loops=1)
  ->  Hash  (cost=73925.90..73925.90 rows=129627 width=4) (actual time=1285.248..1285.248 rows=254265 loops=1)
        Buckets: 131072 (originally 131072)  Batches: 4 (originally 2)  Memory Usage: 3264kB
        ->  Seq Scan on title t  (cost=0.00..73925.90 rows=129627 width=4) (actual time=0.020..1195.909 rows=254265 loops=1)
              Filter: ((kind_id < 3) AND (production_year < 1974))
              Rows Removed by Filter: 2274047
Planning time: 0.675 ms
Execution time: 2380.630 ms
