Hash Join  (cost=426244.99..1180250.81 rows=321662 width=0) (actual time=7087.416..26340.749 rows=667638 loops=1)
  Hash Cond: (ci.movie_id = t.id)
  ->  Seq Scan on cast_info ci  (cost=0.00..614943.12 rows=36225612 width=4) (actual time=0.017..8980.888 rows=36244344 loops=1)
  ->  Hash  (cost=425964.34..425964.34 rows=22452 width=8) (actual time=7087.142..7087.142 rows=35600 loops=1)
        Buckets: 65536 (originally 32768)  Batches: 1 (originally 1)  Memory Usage: 1903kB
        ->  Hash Join  (cost=74452.28..425964.34 rows=22452 width=8) (actual time=2944.329..7070.435 rows=35600 loops=1)
              Hash Cond: (mi.movie_id = t.id)
              ->  Seq Scan on movie_info mi  (cost=0.00..346232.03 rows=1348138 width=4) (actual time=1653.863..5442.513 rows=1298989 loops=1)
                    Filter: (info_type_id = 4)
                    Rows Removed by Filter: 13536731
              ->  Hash  (cost=73925.90..73925.90 rows=42110 width=4) (actual time=1290.005..1290.005 rows=33905 loops=1)
                    Buckets: 65536  Batches: 1  Memory Usage: 1704kB
                    ->  Seq Scan on title t  (cost=0.00..73925.90 rows=42110 width=4) (actual time=0.041..1276.066 rows=33905 loops=1)
                          Filter: ((kind_id < 7) AND (production_year = 2006))
                          Rows Removed by Filter: 2494407
Planning time: 0.789 ms
Execution time: 26441.066 ms
