Hash Join  (cost=158730.38..899419.02 rows=652496 width=0) (actual time=3593.038..15069.329 rows=830595 loops=1)
  Hash Cond: (ci.movie_id = t.id)
  ->  Seq Scan on cast_info ci  (cost=0.00..705507.15 rows=2228141 width=4) (actual time=398.320..10717.260 rows=2158672 loops=1)
        Filter: (person_id < 211945)
        Rows Removed by Filter: 34085672
  ->  Hash  (cost=146581.61..146581.61 rows=740462 width=8) (actual time=3193.636..3193.636 rows=394707 loops=1)
        Buckets: 131072  Batches: 16  Memory Usage: 1989kB
        ->  Hash Join  (cost=96184.51..146581.61 rows=740462 width=8) (actual time=1767.744..3084.472 rows=394707 loops=1)
              Hash Cond: (mi_idx.movie_id = t.id)
              ->  Seq Scan on movie_info_idx mi_idx  (cost=0.00..21735.35 rows=1380035 width=4) (actual time=0.018..435.268 rows=1380035 loops=1)
              ->  Hash  (cost=73925.90..73925.90 rows=1356688 width=4) (actual time=1766.516..1766.516 rows=1327781 loops=1)
                    Buckets: 131072  Batches: 32  Memory Usage: 2479kB
                    ->  Seq Scan on title t  (cost=0.00..73925.90 rows=1356688 width=4) (actual time=0.027..1343.610 rows=1327781 loops=1)
                          Filter: ((production_year < 2012) AND (kind_id = 7))
                          Rows Removed by Filter: 1200531
Planning time: 1.193 ms
Execution time: 15155.749 ms
