Hash Join  (cost=67697.55..122439.81 rows=7674 width=0) (actual time=1131.490..2075.063 rows=5162 loops=1)
  Hash Cond: (mc.movie_id = t.id)
  ->  Seq Scan on movie_companies mc  (cost=0.00..44881.29 rows=2609129 width=4) (actual time=0.027..617.109 rows=2609129 loops=1)
  ->  Hash  (cost=67604.59..67604.59 rows=7437 width=4) (actual time=972.543..972.543 rows=2543 loops=1)
        Buckets: 8192  Batches: 1  Memory Usage: 154kB
        ->  Seq Scan on title t  (cost=0.00..67604.59 rows=7437 width=4) (actual time=556.240..971.281 rows=2543 loops=1)
              Filter: (production_year = 1930)
              Rows Removed by Filter: 2525769
Planning time: 7.231 ms
Execution time: 2076.162 ms
