Hash Join  (cost=92883.59..1442606.62 rows=20569730 width=0) (actual time=1835.832..41567.316 rows=19782627 loops=1)
  Hash Cond: (ci.movie_id = t.id)
  ->  Seq Scan on cast_info ci  (cost=0.00..705507.15 rows=33755917 width=4) (actual time=0.013..17144.581 rows=33723651 loops=1)
        Filter: (person_id < 3570972)
        Rows Removed by Filter: 2520693
  ->  Hash  (cost=67604.59..67604.59 rows=1540800 width=4) (actual time=1834.381..1834.381 rows=1543264 loops=1)
        Buckets: 131072  Batches: 32  Memory Usage: 2722kB
        ->  Seq Scan on title t  (cost=0.00..67604.59 rows=1540800 width=4) (actual time=0.010..1328.536 rows=1543264 loops=1)
              Filter: (kind_id = 7)
              Rows Removed by Filter: 985048
Planning time: 0.771 ms
Execution time: 43779.964 ms
