Hash Join  (cost=69687.24..159527.41 rows=34699 width=0) (actual time=1123.544..3438.480 rows=29357 loops=1)
  Hash Cond: (mk.movie_id = t.id)
  ->  Seq Scan on movie_keyword mk  (cost=0.00..81003.12 rows=691215 width=4) (actual time=0.022..1378.252 rows=689160 loops=1)
        Filter: (keyword_id < 571)
        Rows Removed by Filter: 3834770
  ->  Hash  (cost=67604.59..67604.59 rows=126932 width=4) (actual time=1122.838..1122.838 rows=122861 loops=1)
        Buckets: 131072  Batches: 2  Memory Usage: 3197kB
        ->  Seq Scan on title t  (cost=0.00..67604.59 rows=126932 width=4) (actual time=0.051..1011.582 rows=122861 loops=1)
              Filter: (production_year = 2008)
              Rows Removed by Filter: 2405451
Planning time: 0.725 ms
Execution time: 3442.642 ms
