Hash Join  (cost=709678.15..771779.17 rows=220 width=0) (actual time=11493.470..12423.280 rows=2 loops=1)
  Hash Cond: (mc.movie_id = t.id)
  ->  Seq Scan on movie_companies mc  (cost=0.00..57926.93 rows=1112502 width=4) (actual time=0.027..1081.897 rows=1274246 loops=1)
        Filter: ((company_id < 88954) AND (company_type_id = 1))
        Rows Removed by Filter: 1334883
  ->  Hash  (cost=709671.90..709671.90 rows=500 width=8) (actual time=11177.331..11177.331 rows=74 loops=1)
        Buckets: 1024  Batches: 1  Memory Usage: 11kB
        ->  Nested Loop  (cost=0.43..709671.90 rows=500 width=8) (actual time=2858.697..11177.235 rows=74 loops=1)
              ->  Seq Scan on cast_info ci  (cost=0.00..705507.15 rows=500 width=4) (actual time=2858.466..11167.402 rows=74 loops=1)
                    Filter: (person_id = 498974)
                    Rows Removed by Filter: 36244270
              ->  Index Only Scan using title_pkey on title t  (cost=0.43..8.32 rows=1 width=4) (actual time=0.129..0.130 rows=1 loops=74)
                    Index Cond: (id = ci.movie_id)
                    Heap Fetches: 74
Planning time: 1.129 ms
Execution time: 12423.392 ms
