Hash Join  (cost=1256764.35..2340471.97 rows=43078469 width=0) (actual time=28115.369..75701.190 rows=119148896 loops=1)
  Hash Cond: (mi.movie_id = t.id)
  ->  Seq Scan on movie_info mi  (cost=0.00..346232.03 rows=12665229 width=4) (actual time=0.024..7585.952 rows=12744652 loops=1)
        Filter: (info_type_id > 2)
        Rows Removed by Filter: 2091068
  ->  Hash  (cost=1115664.30..1115664.30 rows=8600324 width=8) (actual time=28113.140..28113.140 rows=10323539 loops=1)
        Buckets: 131072 (originally 131072)  Batches: 256 (originally 128)  Memory Usage: 3073kB
        ->  Hash Join  (cost=102767.86..1115664.30 rows=8600324 width=8) (actual time=2017.777..25294.842 rows=10323539 loops=1)
              Hash Cond: (ci.movie_id = t.id)
              ->  Seq Scan on cast_info ci  (cost=0.00..796071.18 rows=8600324 width=4) (actual time=101.931..14298.252 rows=10323539 loops=1)
                    Filter: ((person_id < 1277028) AND (role_id < 4))
                    Rows Removed by Filter: 25920805
              ->  Hash  (cost=61283.27..61283.27 rows=2528527 width=4) (actual time=1914.891..1914.891 rows=2528312 loops=1)
                    Buckets: 131072  Batches: 64  Memory Usage: 2415kB
                    ->  Seq Scan on title t  (cost=0.00..61283.27 rows=2528527 width=4) (actual time=0.014..1076.322 rows=2528312 loops=1)
Planning time: 1.207 ms
Execution time: 88421.194 ms
