Seq Scan on movie_companies mc  (cost=0.00..51404.11 rows=104 width=0) (actual time=172.128..861.478 rows=29 loops=1)
  Filter: (company_id = 30849)
  Rows Removed by Filter: 2609100
Planning time: 0.407 ms
Execution time: 861.566 ms
