Hash Join  (cost=100619.42..162936.01 rows=8469 width=0) (actual time=1931.150..3224.121 rows=49626 loops=1)
  Hash Cond: (mc.movie_id = t.id)
  ->  Seq Scan on movie_companies mc  (cost=0.00..57926.93 rows=1147991 width=4) (actual time=0.014..1095.701 rows=1257392 loops=1)
        Filter: ((company_id > 166) AND (company_type_id > 1))
        Rows Removed by Filter: 1351737
  ->  Hash  (cost=100386.24..100386.24 rows=18654 width=8) (actual time=1822.508..1822.508 rows=37049 loops=1)
        Buckets: 65536 (originally 32768)  Batches: 1 (originally 1)  Memory Usage: 1960kB
        ->  Hash Join  (cost=69283.60..100386.24 rows=18654 width=8) (actual time=1168.099..1806.943 rows=37049 loops=1)
              Hash Cond: (mi_idx.movie_id = t.id)
              ->  Seq Scan on movie_info_idx mi_idx  (cost=0.00..25185.44 rows=460978 width=4) (actual time=0.018..464.672 rows=459925 loops=1)
                    Filter: (info_type_id = 99)
                    Rows Removed by Filter: 920110
              ->  Hash  (cost=67604.59..67604.59 rows=102321 width=4) (actual time=1125.525..1125.525 rows=100537 loops=1)
                    Buckets: 131072  Batches: 2  Memory Usage: 2797kB
                    ->  Seq Scan on title t  (cost=0.00..67604.59 rows=102321 width=4) (actual time=219.411..1089.965 rows=100537 loops=1)
                          Filter: (kind_id = 3)
                          Rows Removed by Filter: 2427775
Planning time: 1.207 ms
Execution time: 3231.103 ms
