Hash Join  (cost=190230.21..320368.94 rows=1402694 width=0) (actual time=4112.631..8504.368 rows=5892352 loops=1)
  Hash Cond: (mk.movie_id = t.id)
  ->  Seq Scan on movie_keyword mk  (cost=0.00..81003.12 rows=2570044 width=4) (actual time=0.018..1737.627 rows=2561588 loops=1)
        Filter: (keyword_id < 6491)
        Rows Removed by Filter: 1962342
  ->  Hash  (cost=167588.78..167588.78 rows=1380035 width=8) (actual time=4111.902..4111.902 rows=1380035 loops=1)
        Buckets: 131072  Batches: 32  Memory Usage: 2726kB
        ->  Hash Join  (cost=102767.86..167588.78 rows=1380035 width=8) (actual time=1995.452..3770.596 rows=1380035 loops=1)
              Hash Cond: (mi_idx.movie_id = t.id)
              ->  Seq Scan on movie_info_idx mi_idx  (cost=0.00..21735.35 rows=1380035 width=4) (actual time=0.028..448.503 rows=1380035 loops=1)
              ->  Hash  (cost=61283.27..61283.27 rows=2528527 width=4) (actual time=1994.372..1994.372 rows=2528312 loops=1)
                    Buckets: 131072  Batches: 64  Memory Usage: 2415kB
                    ->  Seq Scan on title t  (cost=0.00..61283.27 rows=2528527 width=4) (actual time=0.011..1161.251 rows=2528312 loops=1)
Planning time: 1.331 ms
Execution time: 9145.772 ms
