Hash Join  (cost=103830.50..923252.92 rows=100390 width=0) (actual time=2950.543..15803.909 rows=91025 loops=1)
  Hash Cond: (ci.movie_id = t.id)
  ->  Seq Scan on cast_info ci  (cost=0.00..796071.18 rows=5959294 width=4) (actual time=1099.641..13000.807 rows=3680818 loops=1)
        Filter: ((person_id < 1310611) AND (role_id > 2))
        Rows Removed by Filter: 32563526
  ->  Hash  (cost=103298.06..103298.06 rows=42595 width=8) (actual time=1850.531..1850.531 rows=23155 loops=1)
        Buckets: 65536  Batches: 1  Memory Usage: 1417kB
        ->  Hash Join  (cost=71408.55..103298.06 rows=42595 width=8) (actual time=1118.467..1841.983 rows=23155 loops=1)
              Hash Cond: (mi_idx.movie_id = t.id)
              ->  Seq Scan on movie_info_idx mi_idx  (cost=0.00..25185.44 rows=464566 width=4) (actual time=0.017..515.490 rows=459925 loops=1)
                    Filter: (info_type_id = 101)
                    Rows Removed by Filter: 920110
              ->  Hash  (cost=67604.59..67604.59 rows=231837 width=4) (actual time=1117.636..1117.636 rows=231649 loops=1)
                    Buckets: 131072  Batches: 4  Memory Usage: 3076kB
                    ->  Seq Scan on title t  (cost=0.00..67604.59 rows=231837 width=4) (actual time=0.023..1039.051 rows=231649 loops=1)
                          Filter: (production_year > 2011)
                          Rows Removed by Filter: 2296663
Planning time: 1.288 ms
Execution time: 15818.300 ms
