Seq Scan on title t  (cost=0.00..73925.90 rows=622184 width=0) (actual time=142.177..1405.765 rows=552334 loops=1)
  Filter: ((production_year > 1925) AND (kind_id = 1))
  Rows Removed by Filter: 1975978
Planning time: 0.374 ms
Execution time: 1473.264 ms
