Hash Join  (cost=121838.37..208692.47 rows=19606 width=0) (actual time=1126.595..3071.514 rows=38251 loops=1)
  Hash Cond: (mk.movie_id = t.id)
  ->  Seq Scan on movie_keyword mk  (cost=0.00..69693.30 rows=4523930 width=4) (actual time=0.014..1117.963 rows=4523930 loops=1)
  ->  Hash  (cost=121701.40..121701.40 rows=10958 width=8) (actual time=1124.833..1124.833 rows=10667 loops=1)
        Buckets: 16384  Batches: 1  Memory Usage: 545kB
        ->  Nested Loop  (cost=0.43..121701.40 rows=10958 width=8) (actual time=0.250..1119.486 rows=10667 loops=1)
              ->  Seq Scan on movie_companies mc  (cost=0.00..51404.11 rows=10958 width=4) (actual time=0.210..825.295 rows=10667 loops=1)
                    Filter: (company_id = 11)
                    Rows Removed by Filter: 2598462
              ->  Index Only Scan using title_pkey on title t  (cost=0.43..6.41 rows=1 width=4) (actual time=0.027..0.027 rows=1 loops=10667)
                    Index Cond: (id = mc.movie_id)
                    Heap Fetches: 10667
Planning time: 1.261 ms
Execution time: 3076.811 ms
