Hash Join  (cost=52284.99..855160.11 rows=75 width=0) (actual time=8965.096..13114.508 rows=6 loops=1)
  Hash Cond: (ci.movie_id = t.id)
  ->  Seq Scan on cast_info ci  (cost=0.00..796071.18 rows=1814184 width=4) (actual time=8000.176..12171.527 rows=622493 loops=1)
        Filter: ((person_id < 1100537) AND (role_id > 8))
        Rows Removed by Filter: 35621851
  ->  Hash  (cost=52283.69..52283.69 rows=104 width=8) (actual time=856.540..856.540 rows=10 loops=1)
        Buckets: 1024  Batches: 1  Memory Usage: 9kB
        ->  Nested Loop  (cost=0.43..52283.69 rows=104 width=8) (actual time=152.901..856.488 rows=10 loops=1)
              ->  Seq Scan on movie_companies mc  (cost=0.00..51404.11 rows=104 width=4) (actual time=152.756..855.933 rows=10 loops=1)
                    Filter: (company_id = 78792)
                    Rows Removed by Filter: 2609119
              ->  Index Only Scan using title_pkey on title t  (cost=0.43..8.45 rows=1 width=4) (actual time=0.042..0.043 rows=1 loops=10)
                    Index Cond: (id = mc.movie_id)
                    Heap Fetches: 10
Planning time: 1.213 ms
Execution time: 13114.615 ms
