Hash Join  (cost=799349.41..1164014.26 rows=892 width=0) (actual time=15074.916..21914.516 rows=28 loops=1)
  Hash Cond: (mi.movie_id = t.id)
  ->  Seq Scan on movie_info mi  (cost=0.00..309384.22 rows=14739122 width=4) (actual time=0.023..4432.447 rows=14835720 loops=1)
  ->  Hash  (cost=799347.50..799347.50 rows=153 width=8) (actual time=14872.597..14872.597 rows=3 loops=1)
        Buckets: 1024  Batches: 1  Memory Usage: 9kB
        ->  Nested Loop  (cost=0.43..799347.50 rows=153 width=8) (actual time=6991.684..14872.560 rows=3 loops=1)
              ->  Seq Scan on cast_info ci  (cost=0.00..796071.18 rows=392 width=4) (actual time=6991.621..14872.427 rows=3 loops=1)
                    Filter: ((role_id < 7) AND (person_id = 2913751))
                    Rows Removed by Filter: 36244341
              ->  Index Scan using title_pkey on title t  (cost=0.43..8.35 rows=1 width=4) (actual time=0.029..0.029 rows=1 loops=3)
                    Index Cond: (id = ci.movie_id)
                    Filter: (kind_id < 7)
Planning time: 1.261 ms
Execution time: 21914.688 ms
