Hash Join  (cost=125274.51..983291.73 rows=387888 width=0) (actual time=6539.130..21406.067 rows=2122605 loops=1)
  Hash Cond: (ci.movie_id = t.id)
  ->  Seq Scan on cast_info ci  (cost=0.00..796071.18 rows=4954979 width=4) (actual time=3944.993..13970.517 rows=10167016 loops=1)
        Filter: ((person_id < 1385835) AND (role_id = 1))
        Rows Removed by Filter: 26077328
  ->  Hash  (cost=122026.27..122026.27 rows=197939 width=8) (actual time=2593.046..2593.046 rows=238551 loops=1)
        Buckets: 131072  Batches: 4  Memory Usage: 3360kB
        ->  Hash Join  (cost=85280.32..122026.27 rows=197939 width=8) (actual time=1529.013..2521.137 rows=238551 loops=1)
              Hash Cond: (mi_idx.movie_id = t.id)
              ->  Seq Scan on movie_info_idx mi_idx  (cost=0.00..25185.44 rows=464566 width=4) (actual time=0.024..480.086 rows=459925 loops=1)
                    Filter: (info_type_id = 101)
                    Rows Removed by Filter: 920110
              ->  Hash  (cost=67604.59..67604.59 rows=1077339 width=4) (actual time=1527.812..1527.812 rows=1074765 loops=1)
                    Buckets: 131072  Batches: 16  Memory Usage: 3388kB
                    ->  Seq Scan on title t  (cost=0.00..67604.59 rows=1077339 width=4) (actual time=0.025..1195.341 rows=1074765 loops=1)
                          Filter: (production_year < 2001)
                          Rows Removed by Filter: 1453547
Planning time: 1.173 ms
Execution time: 21637.884 ms
