Hash Join  (cost=68173.50..123308.66 rows=46964 width=0) (actual time=1066.171..1961.837 rows=83198 loops=1)
  Hash Cond: (mc.movie_id = t.id)
  ->  Seq Scan on movie_companies mc  (cost=0.00..44881.29 rows=2609129 width=4) (actual time=0.007..418.504 rows=2609129 loops=1)
  ->  Hash  (cost=67604.59..67604.59 rows=45513 width=4) (actual time=1026.613..1026.613 rows=42820 loops=1)
        Buckets: 65536  Batches: 1  Memory Usage: 2018kB
        ->  Seq Scan on title t  (cost=0.00..67604.59 rows=45513 width=4) (actual time=301.214..1010.528 rows=42820 loops=1)
              Filter: (production_year < 1913)
              Rows Removed by Filter: 2485492
Planning time: 3.622 ms
Execution time: 1970.778 ms
