Hash Join  (cost=106623.69..218766.22 rows=2454060 width=0) (actual time=2197.673..5473.637 rows=2427652 loops=1)
  Hash Cond: (mc.movie_id = t.id)
  ->  Seq Scan on movie_companies mc  (cost=0.00..44881.29 rows=2609129 width=4) (actual time=0.016..929.589 rows=2609129 loops=1)
  ->  Hash  (cost=67604.59..67604.59 rows=2378248 width=4) (actual time=2196.232..2196.232 rows=2374571 loops=1)
        Buckets: 131072  Batches: 32  Memory Usage: 3635kB
        ->  Seq Scan on title t  (cost=0.00..67604.59 rows=2378248 width=4) (actual time=0.029..1442.166 rows=2374571 loops=1)
              Filter: (production_year > 1918)
              Rows Removed by Filter: 153741
Planning time: 0.753 ms
Execution time: 5737.337 ms
