Seq Scan on movie_keyword mk  (cost=0.00..81003.12 rows=4308162 width=0) (actual time=0.024..1560.496 rows=4306482 loops=1)
  Filter: (keyword_id < 65220)
  Rows Removed by Filter: 217448
Planning time: 0.305 ms
Execution time: 2103.182 ms
