Hash Join  (cost=436149.97..490871.92 rows=5643 width=0) (actual time=7399.424..8102.361 rows=601 loops=1)
  Hash Cond: (mc.movie_id = t.id)
  ->  Seq Scan on movie_companies mc  (cost=0.00..44881.29 rows=2609129 width=4) (actual time=0.023..518.366 rows=2609129 loops=1)
  ->  Hash  (cost=436081.62..436081.62 rows=5468 width=8) (actual time=7114.633..7114.633 rows=328 loops=1)
        Buckets: 8192  Batches: 1  Memory Usage: 77kB
        ->  Hash Join  (cost=86573.65..436081.62 rows=5468 width=8) (actual time=2732.204..7114.424 rows=328 loops=1)
              Hash Cond: (mi.movie_id = t.id)
              ->  Seq Scan on movie_info mi  (cost=0.00..346232.03 rows=17937 width=4) (actual time=1076.091..5411.761 rows=121863 loops=1)
                    Filter: (info_type_id = 105)
                    Rows Removed by Filter: 14713857
              ->  Hash  (cost=73925.90..73925.90 rows=770860 width=4) (actual time=1534.331..1534.331 rows=682281 loops=1)
                    Buckets: 131072  Batches: 16  Memory Usage: 2528kB
                    ->  Seq Scan on title t  (cost=0.00..73925.90 rows=770860 width=4) (actual time=103.900..1312.704 rows=682281 loops=1)
                          Filter: ((production_year < 2004) AND (kind_id = 7))
                          Rows Removed by Filter: 1846031
Planning time: 1.182 ms
Execution time: 8102.642 ms
