Hash Join  (cost=87734.02..1245400.52 rows=12057534 width=0) (actual time=1417.363..36462.008 rows=12354083 loops=1)
  Hash Cond: (ci.movie_id = t.id)
  ->  Seq Scan on cast_info ci  (cost=0.00..614943.12 rows=36225612 width=4) (actual time=0.024..13433.689 rows=36244344 loops=1)
  ->  Hash  (cost=73925.90..73925.90 rows=841609 width=4) (actual time=1416.404..1416.404 rows=755160 loops=1)
        Buckets: 131072  Batches: 16  Memory Usage: 2686kB
        ->  Seq Scan on title t  (cost=0.00..73925.90 rows=841609 width=4) (actual time=0.022..1174.279 rows=755160 loops=1)
              Filter: ((kind_id < 7) AND (production_year > 1965))
              Rows Removed by Filter: 1773152
Planning time: 0.771 ms
Execution time: 37901.150 ms
