Seq Scan on cast_info ci  (cost=0.00..796071.18 rows=101 width=0) (actual time=222.913..9719.971 rows=390 loops=1)
  Filter: ((person_id = 2171316) AND (role_id = 2))
  Rows Removed by Filter: 36243954
Planning time: 2.763 ms
Execution time: 9720.144 ms
