Seq Scan on movie_keyword mk  (cost=0.00..81003.12 rows=246 width=0) (actual time=53.071..1251.171 rows=50 loops=1)
  Filter: (keyword_id = 9949)
  Rows Removed by Filter: 4523880
Planning time: 0.365 ms
Execution time: 1251.296 ms
