Seq Scan on cast_info ci  (cost=0.00..705507.15 rows=32904137 width=0) (actual time=0.025..13456.503 rows=33041190 loops=1)
  Filter: (person_id > 309851)
  Rows Removed by Filter: 3203154
Planning time: 0.329 ms
Execution time: 17553.270 ms
