Hash Join  (cost=460697.45..1532930.40 rows=1468566 width=0) (actual time=7505.990..35889.864 rows=1683122 loops=1)
  Hash Cond: (ci.movie_id = t.id)
  ->  Seq Scan on cast_info ci  (cost=0.00..705507.15 rows=30405364 width=4) (actual time=0.026..16841.696 rows=30511650 loops=1)
        Filter: (role_id < 9)
        Rows Removed by Filter: 5732694
  ->  Hash  (cost=458692.86..458692.86 rows=122127 width=8) (actual time=7504.432..7504.432 rows=107021 loops=1)
        Buckets: 131072  Batches: 2  Memory Usage: 3121kB
        ->  Hash Join  (cost=69002.72..458692.86 rows=122127 width=8) (actual time=2010.988..7464.664 rows=107021 loops=1)
              Hash Cond: (mi.movie_id = t.id)
              ->  Seq Scan on movie_info mi  (cost=0.00..346232.03 rows=3623957 width=4) (actual time=1022.080..5093.359 rows=3624977 loops=1)
                    Filter: (info_type_id < 4)
                    Rows Removed by Filter: 11210743
              ->  Hash  (cost=67604.59..67604.59 rows=85211 width=4) (actual time=988.161..988.161 rows=84593 loops=1)
                    Buckets: 131072  Batches: 2  Memory Usage: 2524kB
                    ->  Seq Scan on title t  (cost=0.00..67604.59 rows=85211 width=4) (actual time=0.019..952.186 rows=84593 loops=1)
                          Filter: (production_year = 2004)
                          Rows Removed by Filter: 2443719
Planning time: 1.212 ms
Execution time: 36102.451 ms
