Hash Join  (cost=447938.71..605359.30 rows=586299 width=0) (actual time=11003.698..14376.164 rows=743813 loops=1)
  Hash Cond: (mk.movie_id = t.id)
  ->  Seq Scan on movie_keyword mk  (cost=0.00..69693.30 rows=4523930 width=4) (actual time=0.019..1381.297 rows=4523930 loops=1)
  ->  Hash  (cost=442561.51..442561.51 rows=327696 width=8) (actual time=11000.242..11000.242 rows=190771 loops=1)
        Buckets: 131072  Batches: 8  Memory Usage: 1975kB
        ->  Hash Join  (cost=74628.62..442561.51 rows=327696 width=8) (actual time=1200.398..10373.561 rows=190771 loops=1)
              Hash Cond: (mi.movie_id = t.id)
              ->  Seq Scan on movie_info mi  (cost=0.00..309384.22 rows=14739122 width=4) (actual time=0.006..4621.755 rows=14835720 loops=1)
              ->  Hash  (cost=73925.90..73925.90 rows=56217 width=4) (actual time=1199.620..1199.620 rows=64637 loops=1)
                    Buckets: 65536  Batches: 1  Memory Usage: 2785kB
                    ->  Seq Scan on title t  (cost=0.00..73925.90 rows=56217 width=4) (actual time=0.058..1172.946 rows=64637 loops=1)
                          Filter: ((kind_id > 3) AND (production_year = 2004))
                          Rows Removed by Filter: 2463675
Planning time: 0.942 ms
Execution time: 14468.525 ms
