Seq Scan on movie_keyword mk  (cost=0.00..81003.12 rows=246 width=0) (actual time=7.224..1155.012 rows=299 loops=1)
  Filter: (keyword_id = 9852)
  Rows Removed by Filter: 4523631
Planning time: 0.384 ms
Execution time: 1155.275 ms
