Nested Loop  (cost=0.43..83071.67 rows=246 width=0) (actual time=0.422..1366.638 rows=1831 loops=1)
  ->  Seq Scan on movie_keyword mk  (cost=0.00..81003.12 rows=246 width=4) (actual time=0.357..1293.469 rows=1831 loops=1)
        Filter: (keyword_id = 5274)
        Rows Removed by Filter: 4522099
  ->  Index Only Scan using title_pkey on title t  (cost=0.43..8.40 rows=1 width=4) (actual time=0.038..0.039 rows=1 loops=1831)
        Index Cond: (id = mk.movie_id)
        Heap Fetches: 1831
Planning time: 1.028 ms
Execution time: 1367.378 ms
