Hash Join  (cost=120890.52..1032024.32 rows=973535 width=0) (actual time=2363.325..23240.152 rows=2700017 loops=1)
  Hash Cond: (ci.movie_id = t.id)
  ->  Seq Scan on cast_info ci  (cost=0.00..705507.15 rows=16892612 width=4) (actual time=0.025..13403.037 rows=17003253 loops=1)
        Filter: (person_id > 1922726)
        Rows Removed by Filter: 19241091
  ->  Hash  (cost=118499.01..118499.01 rows=145721 width=8) (actual time=2362.395..2362.395 rows=174118 loops=1)
        Buckets: 131072 (originally 131072)  Batches: 4 (originally 2)  Memory Usage: 3073kB
        ->  Hash Join  (cost=78306.32..118499.01 rows=145721 width=8) (actual time=1220.263..2303.461 rows=174118 loops=1)
              Hash Cond: (mi_idx.movie_id = t.id)
              ->  Seq Scan on movie_info_idx mi_idx  (cost=0.00..21735.35 rows=1380035 width=4) (actual time=0.015..442.319 rows=1380035 loops=1)
              ->  Hash  (cost=73925.90..73925.90 rows=266993 width=4) (actual time=1219.532..1219.532 rows=216282 loops=1)
                    Buckets: 131072  Batches: 4  Memory Usage: 2928kB
                    ->  Seq Scan on title t  (cost=0.00..73925.90 rows=266993 width=4) (actual time=0.016..1147.928 rows=216282 loops=1)
                          Filter: ((production_year > 2005) AND (kind_id = 1))
                          Rows Removed by Filter: 2312030
Planning time: 1.317 ms
Execution time: 23564.869 ms
