Seq Scan on cast_info ci  (cost=0.00..796071.18 rows=38 width=0) (actual time=9269.780..10930.465 rows=2 loops=1)
  Filter: ((person_id = 3005897) AND (role_id = 4))
  Rows Removed by Filter: 36244342
Planning time: 0.378 ms
Execution time: 10930.563 ms
