Seq Scan on cast_info ci  (cost=0.00..705507.15 rows=32170181 width=0) (actual time=0.026..13711.975 rows=32153203 loops=1)
  Filter: (person_id < 3307166)
  Rows Removed by Filter: 4091141
Planning time: 0.312 ms
Execution time: 17623.231 ms
