Nested Loop  (cost=0.43..83071.67 rows=246 width=0) (actual time=4.546..1413.866 rows=345 loops=1)
  ->  Seq Scan on movie_keyword mk  (cost=0.00..81003.12 rows=246 width=4) (actual time=4.483..1389.432 rows=345 loops=1)
        Filter: (keyword_id = 3460)
        Rows Removed by Filter: 4523585
  ->  Index Only Scan using title_pkey on title t  (cost=0.43..8.40 rows=1 width=4) (actual time=0.068..0.068 rows=1 loops=345)
        Index Cond: (id = mk.movie_id)
        Heap Fetches: 345
Planning time: 0.766 ms
Execution time: 1414.147 ms
