Hash Join  (cost=154119.32..244398.91 rows=93525 width=0) (actual time=3575.313..5773.055 rows=372277 loops=1)
  Hash Cond: (mk.movie_id = t.id)
  ->  Seq Scan on movie_keyword mk  (cost=0.00..81003.12 rows=584589 width=4) (actual time=0.022..1425.633 rows=582263 loops=1)
        Filter: (keyword_id > 31466)
        Rows Removed by Filter: 3941667
  ->  Hash  (cost=147481.77..147481.77 rows=404524 width=8) (actual time=3574.296..3574.296 rows=411069 loops=1)
        Buckets: 131072  Batches: 8  Memory Usage: 3047kB
        ->  Hash Join  (cost=103698.42..147481.77 rows=404524 width=8) (actual time=2147.660..3435.615 rows=411069 loops=1)
              Hash Cond: (mi_idx.movie_id = t.id)
              ->  Seq Scan on movie_info_idx mi_idx  (cost=0.00..25185.44 rows=464934 width=4) (actual time=0.021..478.055 rows=460185 loops=1)
                    Filter: (info_type_id > 100)
                    Rows Removed by Filter: 919850
              ->  Hash  (cost=67604.59..67604.59 rows=2199987 width=4) (actual time=2146.978..2146.978 rows=2192624 loops=1)
                    Buckets: 131072  Batches: 32  Memory Usage: 3436kB
                    ->  Seq Scan on title t  (cost=0.00..67604.59 rows=2199987 width=4) (actual time=0.008..1438.135 rows=2192624 loops=1)
                          Filter: (production_year > 1961)
                          Rows Removed by Filter: 335688
Planning time: 8.566 ms
Execution time: 5821.761 ms
