Hash Join  (cost=102767.86..228285.87 rows=1439439 width=0) (actual time=1896.768..4799.008 rows=1453529 loops=1)
  Hash Cond: (mk.movie_id = t.id)
  ->  Seq Scan on movie_keyword mk  (cost=0.00..81003.12 rows=1439439 width=4) (actual time=0.025..1372.693 rows=1453529 loops=1)
        Filter: (keyword_id > 11480)
        Rows Removed by Filter: 3070401
  ->  Hash  (cost=61283.27..61283.27 rows=2528527 width=4) (actual time=1895.594..1895.594 rows=2528312 loops=1)
        Buckets: 131072  Batches: 64  Memory Usage: 2425kB
        ->  Seq Scan on title t  (cost=0.00..61283.27 rows=2528527 width=4) (actual time=0.016..1037.199 rows=2528312 loops=1)
Planning time: 1.044 ms
Execution time: 4972.718 ms
