Nested Loop  (cost=0.43..52283.95 rows=98 width=0) (actual time=0.178..766.613 rows=82 loops=1)
  ->  Seq Scan on movie_companies mc  (cost=0.00..51404.11 rows=104 width=4) (actual time=0.125..763.935 rows=83 loops=1)
        Filter: (company_id = 73536)
        Rows Removed by Filter: 2609046
  ->  Index Scan using title_pkey on title t  (cost=0.43..8.45 rows=1 width=4) (actual time=0.030..0.030 rows=1 loops=83)
        Index Cond: (id = mc.movie_id)
        Filter: (production_year < 2013)
        Rows Removed by Filter: 0
Planning time: 0.761 ms
Execution time: 766.745 ms
