Hash Join  (cost=234704.89..1504943.51 rows=15085624 width=0) (actual time=6731.241..71424.445 rows=136344965 loops=1)
  Hash Cond: (ci.movie_id = t.id)
  ->  Seq Scan on cast_info ci  (cost=0.00..705507.15 rows=31938253 width=4) (actual time=0.024..16957.759 rows=31902715 loops=1)
        Filter: (person_id < 3266950)
        Rows Removed by Filter: 4341629
  ->  Hash  (cost=215109.93..215109.93 rows=1194317 width=8) (actual time=6729.568..6729.568 rows=2886675 loops=1)
        Buckets: 131072 (originally 131072)  Batches: 64 (originally 16)  Memory Usage: 3073kB
        ->  Hash Join  (cost=78556.72..215109.93 rows=1194317 width=8) (actual time=1514.407..5910.950 rows=2886675 loops=1)
              Hash Cond: (mk.movie_id = t.id)
              ->  Seq Scan on movie_keyword mk  (cost=0.00..69693.30 rows=4523930 width=4) (actual time=0.033..1425.425 rows=4523930 loops=1)
              ->  Hash  (cost=67604.59..67604.59 rows=667531 width=4) (actual time=1513.148..1513.148 rows=662825 loops=1)
                    Buckets: 131072  Batches: 16  Memory Usage: 2486kB
                    ->  Seq Scan on title t  (cost=0.00..67604.59 rows=667531 width=4) (actual time=0.030..1304.186 rows=662825 loops=1)
                          Filter: (kind_id = 1)
                          Rows Removed by Filter: 1865487
Planning time: 1.182 ms
Execution time: 86167.097 ms
