Hash Join  (cost=798388.90..885051.88 rows=494 width=0) (actual time=14283.811..15887.746 rows=1253 loops=1)
  Hash Cond: (mk.movie_id = t.id)
  ->  Seq Scan on movie_keyword mk  (cost=0.00..69693.30 rows=4523930 width=4) (actual time=0.017..970.992 rows=4523930 loops=1)
  ->  Hash  (cost=798385.45..798385.45 rows=276 width=8) (actual time=14152.160..14152.160 rows=101 loops=1)
        Buckets: 1024  Batches: 1  Memory Usage: 12kB
        ->  Nested Loop  (cost=0.43..798385.45 rows=276 width=8) (actual time=13439.916..14152.113 rows=101 loops=1)
              ->  Seq Scan on cast_info ci  (cost=0.00..796071.18 rows=276 width=4) (actual time=13439.801..14150.731 rows=101 loops=1)
                    Filter: ((role_id < 3) AND (person_id = 1699824))
                    Rows Removed by Filter: 36244243
              ->  Index Only Scan using title_pkey on title t  (cost=0.43..8.38 rows=1 width=4) (actual time=0.012..0.013 rows=1 loops=101)
                    Index Cond: (id = ci.movie_id)
                    Heap Fetches: 101
Planning time: 8.485 ms
Execution time: 15888.052 ms
