Hash Join  (cost=118128.04..185390.52 rows=341921 width=144) (actual time=3109.353..4518.101 rows=250045 loops=1)
  Hash Cond: (mi_idx.movie_id = t.id)
  ->  Seq Scan on movie_info_idx mi_idx  (cost=0.00..25185.44 rows=464566 width=50) (actual time=0.026..496.895 rows=459925 loops=1)
        Filter: (info_type_id = 101)
        Rows Removed by Filter: 920110
  ->  Hash  (cost=67604.59..67604.59 rows=1860996 width=94) (actual time=3107.295..3107.295 rows=1865487 loops=1)
        Buckets: 32768  Batches: 64  Memory Usage: 3598kB
        ->  Seq Scan on title t  (cost=0.00..67604.59 rows=1860996 width=94) (actual time=7.157..1517.308 rows=1865487 loops=1)
              Filter: (kind_id > 1)
              Rows Removed by Filter: 662825
Planning time: 0.941 ms
Execution time: 4533.029 ms
