Seq Scan on cast_info ci  (cost=0.00..796071.18 rows=2114632 width=0) (actual time=9883.197..15265.501 rows=2165400 loops=1)
  Filter: ((person_id > 791675) AND (role_id = 4))
  Rows Removed by Filter: 34078944
Planning time: 0.349 ms
Execution time: 15530.549 ms
