Nested Loop  (cost=0.43..83072.29 rows=151 width=0) (actual time=86.724..1311.555 rows=65 loops=1)
  ->  Seq Scan on movie_keyword mk  (cost=0.00..81003.12 rows=246 width=4) (actual time=2.620..1306.810 rows=99 loops=1)
        Filter: (keyword_id = 8982)
        Rows Removed by Filter: 4523831
  ->  Index Scan using title_pkey on title t  (cost=0.43..8.40 rows=1 width=4) (actual time=0.044..0.044 rows=1 loops=99)
        Index Cond: (id = mk.movie_id)
        Filter: (production_year < 2007)
        Rows Removed by Filter: 0
Planning time: 0.733 ms
Execution time: 1311.711 ms
