Seq Scan on movie_companies mc  (cost=0.00..57926.93 rows=356580 width=0) (actual time=0.019..1086.097 rows=509095 loops=1)
  Filter: ((company_id < 1398) AND (company_type_id = 1))
  Rows Removed by Filter: 2100034
Planning time: 0.372 ms
Execution time: 1151.833 ms
