Seq Scan on movie_companies mc  (cost=0.00..51404.11 rows=1762433 width=0) (actual time=0.028..998.638 rows=1766818 loops=1)
  Filter: (company_id > 2229)
  Rows Removed by Filter: 842311
Planning time: 1.909 ms
Execution time: 1216.962 ms
