Seq Scan on movie_keyword mk  (cost=0.00..81003.12 rows=699138 width=0) (actual time=0.022..1529.962 rows=696113 loops=1)
  Filter: (keyword_id < 580)
  Rows Removed by Filter: 3827817
Planning time: 0.327 ms
Execution time: 1617.564 ms
