Seq Scan on cast_info ci  (cost=0.00..705507.15 rows=2488132 width=0) (actual time=4664.121..11266.391 rows=2537665 loops=1)
  Filter: (person_id > 3567317)
  Rows Removed by Filter: 33706679
Planning time: 0.248 ms
Execution time: 11586.418 ms
