Seq Scan on movie_companies mc  (cost=0.00..57926.93 rows=737200 width=0) (actual time=221.664..1002.791 rows=459506 loops=1)
  Filter: ((company_id < 12790) AND (company_type_id > 1))
  Rows Removed by Filter: 2149623
Planning time: 0.352 ms
Execution time: 1067.955 ms
