Hash Join  (cost=211542.04..361685.02 rows=2309794 width=0) (actual time=4427.631..8026.177 rows=967772 loops=1)
  Hash Cond: (mk.movie_id = t.id)
  ->  Seq Scan on movie_keyword mk  (cost=0.00..69693.30 rows=4523930 width=4) (actual time=0.007..1476.289 rows=4523930 loops=1)
  ->  Hash  (cost=190361.59..190361.59 rows=1290996 width=8) (actual time=4426.709..4426.709 rows=427821 loops=1)
        Buckets: 131072  Batches: 32  Memory Usage: 1537kB
        ->  Hash Join  (cost=92883.59..190361.59 rows=1290996 width=8) (actual time=2047.368..4285.663 rows=427821 loops=1)
              Hash Cond: (mc.movie_id = t.id)
              ->  Seq Scan on movie_companies mc  (cost=0.00..51404.11 rows=2118586 width=4) (actual time=0.028..1108.116 rows=2123742 loops=1)
                    Filter: (company_id > 424)
                    Rows Removed by Filter: 485387
              ->  Hash  (cost=67604.59..67604.59 rows=1540800 width=4) (actual time=1735.907..1735.907 rows=1543264 loops=1)
                    Buckets: 131072  Batches: 32  Memory Usage: 2722kB
                    ->  Seq Scan on title t  (cost=0.00..67604.59 rows=1540800 width=4) (actual time=0.012..1261.387 rows=1543264 loops=1)
                          Filter: (kind_id = 7)
                          Rows Removed by Filter: 985048
Planning time: 1.116 ms
Execution time: 8134.617 ms
