Hash Join  (cost=67697.55..449053.20 rows=27334 width=0) (actual time=1013.671..8042.665 rows=23139 loops=1)
  Hash Cond: (mi.movie_id = t.id)
  ->  Seq Scan on movie_info mi  (cost=0.00..346232.03 rows=9293409 width=4) (actual time=0.015..5637.498 rows=9425200 loops=1)
        Filter: (info_type_id > 5)
        Rows Removed by Filter: 5410520
  ->  Hash  (cost=67604.59..67604.59 rows=7437 width=4) (actual time=1012.958..1012.958 rows=2840 loops=1)
        Buckets: 8192  Batches: 1  Memory Usage: 164kB
        ->  Seq Scan on title t  (cost=0.00..67604.59 rows=7437 width=4) (actual time=0.049..1010.006 rows=2840 loops=1)
              Filter: (production_year = 1948)
              Rows Removed by Filter: 2525472
Planning time: 4.517 ms
Execution time: 8046.658 ms
