Nested Loop  (cost=0.43..52284.21 rows=18 width=0) (actual time=191.298..765.918 rows=2 loops=1)
  ->  Seq Scan on movie_companies mc  (cost=0.00..51404.11 rows=104 width=4) (actual time=82.862..765.650 rows=5 loops=1)
        Filter: (company_id = 60376)
        Rows Removed by Filter: 2609124
  ->  Index Scan using title_pkey on title t  (cost=0.43..8.45 rows=1 width=4) (actual time=0.047..0.048 rows=0 loops=5)
        Index Cond: (id = mc.movie_id)
        Filter: ((kind_id < 7) AND (production_year > 2004))
        Rows Removed by Filter: 1
Planning time: 2.738 ms
Execution time: 766.018 ms
