Hash Join  (cost=73994.33..782238.64 rows=1571 width=0) (actual time=10033.252..14506.214 rows=2342 loops=1)
  Hash Cond: (ci.movie_id = t.id)
  ->  Seq Scan on cast_info ci  (cost=0.00..705507.15 rows=725720 width=4) (actual time=8828.167..13162.609 rows=773674 loops=1)
        Filter: (role_id = 6)
        Rows Removed by Filter: 35470670
  ->  Hash  (cost=73925.90..73925.90 rows=5474 width=4) (actual time=1204.626..1204.626 rows=10047 loops=1)
        Buckets: 16384 (originally 8192)  Batches: 1 (originally 1)  Memory Usage: 482kB
        ->  Seq Scan on title t  (cost=0.00..73925.90 rows=5474 width=4) (actual time=0.051..1199.699 rows=10047 loops=1)
              Filter: ((kind_id > 1) AND (production_year = 1969))
              Rows Removed by Filter: 2518265
Planning time: 0.782 ms
Execution time: 14506.761 ms
