Hash Join  (cost=842857.25..1603539.32 rows=3876741 width=0) (actual time=20498.689..34459.485 rows=2870580 loops=1)
  Hash Cond: (mi.movie_id = t.id)
  ->  Seq Scan on movie_info mi  (cost=0.00..309384.22 rows=14739122 width=4) (actual time=0.010..6479.738 rows=14835720 loops=1)
  ->  Hash  (cost=831945.96..831945.96 rows=665063 width=8) (actual time=20489.344..20489.344 rows=298629 loops=1)
        Buckets: 131072  Batches: 16  Memory Usage: 1765kB
        ->  Hash Join  (cost=74506.17..831945.96 rows=665063 width=8) (actual time=1150.003..20323.621 rows=298629 loops=1)
              Hash Cond: (ci.movie_id = t.id)
              ->  Seq Scan on cast_info ci  (cost=0.00..614943.12 rows=36225612 width=4) (actual time=0.028..9299.479 rows=36244344 loops=1)
              ->  Hash  (cost=73925.90..73925.90 rows=46421 width=4) (actual time=1149.507..1149.507 rows=26700 loops=1)
                    Buckets: 65536  Batches: 1  Memory Usage: 1451kB
                    ->  Seq Scan on title t  (cost=0.00..73925.90 rows=46421 width=4) (actual time=367.903..1138.138 rows=26700 loops=1)
                          Filter: ((production_year < 2000) AND (kind_id = 4))
                          Rows Removed by Filter: 2501612
Planning time: 1.150 ms
Execution time: 34803.908 ms
