Hash Join  (cost=217854.58..726746.83 rows=4807806 width=0) (actual time=4963.781..19536.659 rows=6939419 loops=1)
  Hash Cond: (mi.movie_id = t.id)
  ->  Seq Scan on movie_info mi  (cost=0.00..346232.03 rows=9476311 width=4) (actual time=0.005..6933.539 rows=9565151 loops=1)
        Filter: (info_type_id < 16)
        Rows Removed by Filter: 5270569
  ->  Hash  (cost=196806.98..196806.98 rows=1282848 width=8) (actual time=4962.622..4962.622 rows=938673 loops=1)
        Buckets: 131072  Batches: 32  Memory Usage: 2156kB
        ->  Hash Join  (cost=100809.69..196806.98 rows=1282848 width=8) (actual time=2079.616..4676.913 rows=938673 loops=1)
              Hash Cond: (mc.movie_id = t.id)
              ->  Seq Scan on movie_companies mc  (cost=0.00..51404.11 rows=1979538 width=4) (actual time=0.021..1068.795 rows=1975538 loops=1)
                    Filter: (company_id < 58710)
                    Rows Removed by Filter: 633591
              ->  Hash  (cost=73925.90..73925.90 rows=1638623 width=4) (actual time=2078.772..2078.772 rows=1629839 loops=1)
                    Buckets: 131072  Batches: 32  Memory Usage: 2813kB
                    ->  Seq Scan on title t  (cost=0.00..73925.90 rows=1638623 width=4) (actual time=0.015..1538.151 rows=1629839 loops=1)
                          Filter: ((kind_id > 1) AND (production_year < 2012))
                          Rows Removed by Filter: 898473
Planning time: 1.483 ms
Execution time: 20381.702 ms
