Hash Join  (cost=73962.22..427005.43 rows=2080 width=0) (actual time=1086.878..6738.134 rows=1418 loops=1)
  Hash Cond: (mi.movie_id = t.id)
  ->  Seq Scan on movie_info mi  (cost=0.00..346232.03 rows=1810770 width=4) (actual time=0.023..5467.391 rows=1865632 loops=1)
        Filter: (info_type_id > 17)
        Rows Removed by Filter: 12970088
  ->  Hash  (cost=73925.90..73925.90 rows=2905 width=4) (actual time=998.035..998.035 rows=1747 loops=1)
        Buckets: 4096  Batches: 1  Memory Usage: 94kB
        ->  Seq Scan on title t  (cost=0.00..73925.90 rows=2905 width=4) (actual time=514.505..997.111 rows=1747 loops=1)
              Filter: ((kind_id < 7) AND (production_year = 1901))
              Rows Removed by Filter: 2526565
Planning time: 0.736 ms
Execution time: 6738.536 ms
