Hash Join  (cost=67983.86..95059.94 rows=16560 width=0) (actual time=1036.881..1662.363 rows=10038 loops=1)
  Hash Cond: (mi_idx.movie_id = t.id)
  ->  Seq Scan on movie_info_idx mi_idx  (cost=0.00..21735.35 rows=1380035 width=4) (actual time=0.015..297.416 rows=1380035 loops=1)
  ->  Hash  (cost=67604.59..67604.59 rows=30342 width=4) (actual time=1036.579..1036.579 rows=29105 loops=1)
        Buckets: 32768  Batches: 1  Memory Usage: 1280kB
        ->  Seq Scan on title t  (cost=0.00..67604.59 rows=30342 width=4) (actual time=0.030..1026.253 rows=29105 loops=1)
              Filter: (production_year < 1911)
              Rows Removed by Filter: 2499207
Planning time: 0.743 ms
Execution time: 1663.928 ms
