Hash Join  (cost=154719.66..644657.31 rows=949473 width=0) (actual time=3382.293..20281.044 rows=16079792 loops=1)
  Hash Cond: (mi.movie_id = t.id)
  ->  Seq Scan on movie_info mi  (cost=0.00..309384.22 rows=14739122 width=4) (actual time=0.030..6123.486 rows=14835720 loops=1)
  ->  Hash  (cost=152046.61..152046.61 rows=162884 width=8) (actual time=3381.463..3381.463 rows=306598 loops=1)
        Buckets: 131072  Batches: 4  Memory Usage: 4041kB
        ->  Hash Join  (cost=83810.17..152046.61 rows=162884 width=8) (actual time=1668.946..3290.027 rows=306598 loops=1)
              Hash Cond: (mc.movie_id = t.id)
              ->  Seq Scan on movie_companies mc  (cost=0.00..57926.93 rows=416975 width=4) (actual time=46.163..1137.564 rows=597438 loops=1)
                    Filter: ((company_id < 2281) AND (company_type_id = 1))
                    Rows Removed by Filter: 2011691
              ->  Hash  (cost=67604.59..67604.59 rows=987727 width=4) (actual time=1621.991..1621.991 rows=985048 loops=1)
                    Buckets: 131072  Batches: 16  Memory Usage: 3188kB
                    ->  Seq Scan on title t  (cost=0.00..67604.59 rows=987727 width=4) (actual time=0.024..1310.380 rows=985048 loops=1)
                          Filter: (kind_id < 7)
                          Rows Removed by Filter: 1543264
Planning time: 1.191 ms
Execution time: 22194.294 ms
