Hash Join  (cost=605537.65..2157748.58 rows=35872440 width=0) (actual time=14364.702..59435.421 rows=43276372 loops=1)
  Hash Cond: (ci.movie_id = t.id)
  ->  Seq Scan on cast_info ci  (cost=0.00..796071.18 rows=25029114 width=4) (actual time=1315.130..19260.899 rows=24783646 loops=1)
        Filter: ((person_id > 433286) AND (role_id < 8))
        Rows Removed by Filter: 11460698
  ->  Hash  (cost=546081.18..546081.18 rows=3623957 width=8) (actual time=13048.517..13048.517 rows=3624977 loops=1)
        Buckets: 131072  Batches: 64  Memory Usage: 3234kB
        ->  Hash Join  (cost=102767.86..546081.18 rows=3623957 width=8) (actual time=2585.918..12054.547 rows=3624977 loops=1)
              Hash Cond: (mi.movie_id = t.id)
              ->  Seq Scan on movie_info mi  (cost=0.00..346232.03 rows=3623957 width=4) (actual time=0.022..6052.005 rows=3624977 loops=1)
                    Filter: (info_type_id < 4)
                    Rows Removed by Filter: 11210743
              ->  Hash  (cost=61283.27..61283.27 rows=2528527 width=4) (actual time=2584.060..2584.060 rows=2528312 loops=1)
                    Buckets: 131072  Batches: 64  Memory Usage: 2425kB
                    ->  Seq Scan on title t  (cost=0.00..61283.27 rows=2528527 width=4) (actual time=0.014..998.724 rows=2528312 loops=1)
Planning time: 1.194 ms
Execution time: 64512.968 ms
