Hash Join  (cost=101983.20..854570.95 rows=179852 width=0) (actual time=1777.964..21230.694 rows=463560 loops=1)
  Hash Cond: (ci.movie_id = t.id)
  ->  Seq Scan on cast_info ci  (cost=0.00..614943.12 rows=36225612 width=4) (actual time=0.023..8830.797 rows=36244344 loops=1)
  ->  Hash  (cost=101826.28..101826.28 rows=12554 width=8) (actual time=1777.779..1777.779 rows=31737 loops=1)
        Buckets: 32768 (originally 16384)  Batches: 1 (originally 1)  Memory Usage: 1496kB
        ->  Hash Join  (cost=74786.63..101826.28 rows=12554 width=8) (actual time=1204.479..1765.812 rows=31737 loops=1)
              Hash Cond: (mi_idx.movie_id = t.id)
              ->  Seq Scan on movie_info_idx mi_idx  (cost=0.00..25185.44 rows=460978 width=4) (actual time=0.011..472.708 rows=459925 loops=1)
                    Filter: (info_type_id = 99)
                    Rows Removed by Filter: 920110
              ->  Hash  (cost=73925.90..73925.90 rows=68858 width=4) (actual time=1135.855..1135.855 rows=73032 loops=1)
                    Buckets: 131072  Batches: 1  Memory Usage: 3592kB
                    ->  Seq Scan on title t  (cost=0.00..73925.90 rows=68858 width=4) (actual time=0.028..1106.491 rows=73032 loops=1)
                          Filter: ((production_year < 2010) AND (kind_id = 2))
                          Rows Removed by Filter: 2455280
Planning time: 0.986 ms
Execution time: 21303.856 ms
