Hash Join  (cost=81703.78..557124.97 rows=1776700 width=0) (actual time=2325.493..14333.961 rows=4444455 loops=1)
  Hash Cond: (mi.movie_id = t.id)
  ->  Seq Scan on movie_info mi  (cost=0.00..346232.03 rows=9476311 width=4) (actual time=775.532..7153.529 rows=9565151 loops=1)
        Filter: (info_type_id < 16)
        Rows Removed by Filter: 5270569
  ->  Hash  (cost=73925.90..73925.90 rows=474070 width=4) (actual time=1428.116..1428.116 rows=496025 loops=1)
        Buckets: 131072  Batches: 8  Memory Usage: 3223kB
        ->  Seq Scan on title t  (cost=0.00..73925.90 rows=474070 width=4) (actual time=430.880..1261.332 rows=496025 loops=1)
              Filter: ((production_year < 2009) AND (kind_id = 1))
              Rows Removed by Filter: 2032287
Planning time: 0.792 ms
Execution time: 14853.661 ms
