Seq Scan on cast_info ci  (cost=0.00..796071.18 rows=160431 width=0) (actual time=27.175..10411.468 rows=150532 loops=1)
  Filter: ((person_id < 21321) AND (role_id < 5))
  Rows Removed by Filter: 36093812
Planning time: 0.374 ms
Execution time: 10431.193 ms
