Hash Join  (cost=137289.59..634600.16 rows=1640466 width=0) (actual time=2778.066..16562.387 rows=3589099 loops=1)
  Hash Cond: (mi.movie_id = t.id)
  ->  Seq Scan on movie_info mi  (cost=0.00..309384.22 rows=14739122 width=4) (actual time=0.017..6376.104 rows=14835720 loops=1)
  ->  Hash  (cost=132671.78..132671.78 rows=281425 width=8) (actual time=2777.359..2777.359 rows=252893 loops=1)
        Buckets: 131072  Batches: 4  Memory Usage: 3496kB
        ->  Hash Join  (cost=92735.26..132671.78 rows=281425 width=8) (actual time=1665.587..2694.409 rows=252893 loops=1)
              Hash Cond: (mi_idx.movie_id = t.id)
              ->  Seq Scan on movie_info_idx mi_idx  (cost=0.00..25185.44 rows=464566 width=4) (actual time=0.007..450.799 rows=459925 loops=1)
                    Filter: (info_type_id = 101)
                    Rows Removed by Filter: 920110
              ->  Hash  (cost=67604.59..67604.59 rows=1531734 width=4) (actual time=1664.283..1664.283 rows=1531613 loops=1)
                    Buckets: 131072  Batches: 32  Memory Usage: 2708kB
                    ->  Seq Scan on title t  (cost=0.00..67604.59 rows=1531734 width=4) (actual time=0.021..1179.647 rows=1531613 loops=1)
                          Filter: (production_year > 1997)
                          Rows Removed by Filter: 996699
Planning time: 4.599 ms
Execution time: 16992.457 ms
