Hash Join  (cost=67697.55..96341.54 rows=2692 width=0) (actual time=1074.979..1718.621 rows=3638 loops=1)
  Hash Cond: (mi_idx.movie_id = t.id)
  ->  Seq Scan on movie_info_idx mi_idx  (cost=0.00..25185.44 rows=915101 width=4) (actual time=0.025..485.011 rows=919850 loops=1)
        Filter: (info_type_id < 101)
        Rows Removed by Filter: 460185
  ->  Hash  (cost=67604.59..67604.59 rows=7437 width=4) (actual time=1074.876..1074.876 rows=8628 loops=1)
        Buckets: 16384 (originally 8192)  Batches: 1 (originally 1)  Memory Usage: 432kB
        ->  Seq Scan on title t  (cost=0.00..67604.59 rows=7437 width=4) (actual time=0.115..1070.585 rows=8628 loops=1)
              Filter: (production_year = 1956)
              Rows Removed by Filter: 2519684
Planning time: 0.746 ms
Execution time: 1719.435 ms
