Hash Join  (cost=95609.14..184866.58 rows=850967 width=0) (actual time=4063.148..5999.982 rows=689621 loops=1)
  Hash Cond: (mc.movie_id = t.id)
  ->  Seq Scan on movie_companies mc  (cost=0.00..57926.93 rows=1260567 width=4) (actual time=477.870..1254.029 rows=1274246 loops=1)
        Filter: ((company_id < 201279) AND (company_type_id < 2))
        Rows Removed by Filter: 1334883
  ->  Hash  (cost=67604.59..67604.59 rows=1706924 width=4) (actual time=3584.377..3584.377 rows=1700316 loops=1)
        Buckets: 131072  Batches: 32  Memory Usage: 2895kB
        ->  Seq Scan on title t  (cost=0.00..67604.59 rows=1706924 width=4) (actual time=0.018..3017.667 rows=1700316 loops=1)
              Filter: (production_year > 1992)
              Rows Removed by Filter: 827996
Planning time: 0.750 ms
Execution time: 6092.906 ms
