Hash Join  (cost=140613.61..671519.41 rows=1728824 width=0) (actual time=3358.647..18754.704 rows=1564122 loops=1)
  Hash Cond: (mi.movie_id = t.id)
  ->  Seq Scan on movie_info mi  (cost=0.00..346232.03 rows=14373737 width=4) (actual time=0.012..7804.800 rows=14407069 loops=1)
        Filter: (info_type_id < 105)
        Rows Removed by Filter: 428651
  ->  Hash  (cost=135624.07..135624.07 rows=304123 width=8) (actual time=3357.790..3357.790 rows=175310 loops=1)
        Buckets: 131072  Batches: 4  Memory Usage: 2737kB
        ->  Hash Join  (cost=94973.51..135624.07 rows=304123 width=8) (actual time=1704.294..3305.897 rows=175310 loops=1)
              Hash Cond: (mi_idx.movie_id = t.id)
              ->  Seq Scan on movie_info_idx mi_idx  (cost=0.00..25185.44 rows=460978 width=4) (actual time=0.009..419.985 rows=459925 loops=1)
                    Filter: (info_type_id < 100)
                    Rows Removed by Filter: 920110
              ->  Hash  (cost=67604.59..67604.59 rows=1668154 width=4) (actual time=1703.080..1703.080 rows=1674098 loops=1)
                    Buckets: 131072  Batches: 32  Memory Usage: 2869kB
                    ->  Seq Scan on title t  (cost=0.00..67604.59 rows=1668154 width=4) (actual time=0.020..1180.639 rows=1674098 loops=1)
                          Filter: (kind_id > 3)
                          Rows Removed by Filter: 854214
Planning time: 0.958 ms
Execution time: 18945.506 ms
