Seq Scan on movie_keyword mk  (cost=0.00..81003.12 rows=747096 width=0) (actual time=0.018..1314.729 rows=754668 loops=1)
  Filter: (keyword_id < 687)
  Rows Removed by Filter: 3769262
Planning time: 0.332 ms
Execution time: 1411.047 ms
