Hash Join  (cost=76960.10..568266.87 rows=1077784 width=0) (actual time=1158.086..13702.395 rows=446120 loops=1)
  Hash Cond: (mi.movie_id = t.id)
  ->  Seq Scan on movie_info mi  (cost=0.00..309384.22 rows=14739122 width=4) (actual time=0.023..6131.844 rows=14835720 loops=1)
  ->  Hash  (cost=73925.90..73925.90 rows=184896 width=4) (actual time=1155.887..1155.887 rows=79092 loops=1)
        Buckets: 131072  Batches: 4  Memory Usage: 1724kB
        ->  Seq Scan on title t  (cost=0.00..73925.90 rows=184896 width=4) (actual time=0.016..1126.193 rows=79092 loops=1)
              Filter: ((production_year < 1965) AND (kind_id = 7))
              Rows Removed by Filter: 2449220
Planning time: 0.729 ms
Execution time: 13757.572 ms
