Seq Scan on movie_keyword mk  (cost=0.00..81003.12 rows=926343 width=0) (actual time=0.020..1311.023 rows=931394 loops=1)
  Filter: (keyword_id > 20319)
  Rows Removed by Filter: 3592536
Planning time: 0.295 ms
Execution time: 1422.595 ms
