Hash Join  (cost=58358.46..86990.38 rows=2 width=0) (actual time=1061.525..1604.954 rows=92 loops=1)
  Hash Cond: (mi_idx.movie_id = t.id)
  ->  Seq Scan on movie_info_idx mi_idx  (cost=0.00..25185.44 rows=919057 width=4) (actual time=0.012..487.346 rows=920110 loops=1)
        Filter: (info_type_id > 99)
        Rows Removed by Filter: 459925
  ->  Hash  (cost=58358.39..58358.39 rows=5 width=8) (actual time=991.670..991.670 rows=210 loops=1)
        Buckets: 1024  Batches: 1  Memory Usage: 17kB
        ->  Nested Loop  (cost=0.43..58358.39 rows=5 width=8) (actual time=12.019..991.524 rows=210 loops=1)
              ->  Seq Scan on movie_companies mc  (cost=0.00..57926.93 rows=51 width=4) (actual time=10.472..964.249 rows=999 loops=1)
                    Filter: ((company_type_id < 2) AND (company_id = 656))
                    Rows Removed by Filter: 2608130
              ->  Index Scan using title_pkey on title t  (cost=0.43..8.45 rows=1 width=4) (actual time=0.026..0.027 rows=0 loops=999)
                    Index Cond: (id = mc.movie_id)
                    Filter: (production_year > 2011)
                    Rows Removed by Filter: 1
Planning time: 0.766 ms
Execution time: 1605.067 ms
