Hash Join  (cost=52284.99..416946.98 rows=606 width=0) (actual time=739.374..8201.505 rows=2458 loops=1)
  Hash Cond: (mi.movie_id = t.id)
  ->  Seq Scan on movie_info mi  (cost=0.00..309384.22 rows=14739122 width=4) (actual time=0.025..4685.000 rows=14835720 loops=1)
  ->  Hash  (cost=52283.69..52283.69 rows=104 width=8) (actual time=726.161..726.161 rows=96 loops=1)
        Buckets: 1024  Batches: 1  Memory Usage: 12kB
        ->  Nested Loop  (cost=0.43..52283.69 rows=104 width=8) (actual time=73.875..726.082 rows=96 loops=1)
              ->  Seq Scan on movie_companies mc  (cost=0.00..51404.11 rows=104 width=4) (actual time=73.801..723.723 rows=96 loops=1)
                    Filter: (company_id = 21524)
                    Rows Removed by Filter: 2609033
              ->  Index Only Scan using title_pkey on title t  (cost=0.43..8.45 rows=1 width=4) (actual time=0.022..0.022 rows=1 loops=96)
                    Index Cond: (id = mc.movie_id)
                    Heap Fetches: 96
Planning time: 27.658 ms
Execution time: 8202.403 ms
