Hash Join  (cost=256167.15..1691801.79 rows=29762792 width=0) (actual time=7582.432..59581.803 rows=60676362 loops=1)
  Hash Cond: (ci.movie_id = t.id)
  ->  Seq Scan on cast_info ci  (cost=0.00..705507.15 rows=33061913 width=4) (actual time=0.014..16665.572 rows=33028370 loops=1)
        Filter: (person_id < 3470379)
        Rows Removed by Filter: 3215974
  ->  Hash  (cost=218822.46..218822.46 rows=2276215 width=8) (actual time=7580.925..7580.925 rows=2280116 loops=1)
        Buckets: 131072  Batches: 32  Memory Usage: 3780kB
        ->  Hash Join  (cost=102767.86..218822.46 rows=2276215 width=8) (actual time=2602.424..6783.920 rows=2280116 loops=1)
              Hash Cond: (mc.movie_id = t.id)
              ->  Seq Scan on movie_companies mc  (cost=0.00..51404.11 rows=2276215 width=4) (actual time=0.017..1151.280 rows=2280116 loops=1)
                    Filter: (company_id > 160)
                    Rows Removed by Filter: 329013
              ->  Hash  (cost=61283.27..61283.27 rows=2528527 width=4) (actual time=2600.967..2600.967 rows=2528312 loops=1)
                    Buckets: 131072  Batches: 64  Memory Usage: 2415kB
                    ->  Seq Scan on title t  (cost=0.00..61283.27 rows=2528527 width=4) (actual time=0.020..1098.383 rows=2528312 loops=1)
Planning time: 1.147 ms
Execution time: 66537.876 ms
