Seq Scan on movie_keyword mk  (cost=0.00..81003.12 rows=4319905 width=0) (actual time=0.012..1503.594 rows=4318817 loops=1)
  Filter: (keyword_id < 67465)
  Rows Removed by Filter: 205113
Planning time: 0.317 ms
Execution time: 2038.037 ms
