Seq Scan on cast_info ci  (cost=0.00..705507.15 rows=22084157 width=0) (actual time=0.026..12879.153 rows=22142709 loops=1)
  Filter: (person_id > 1388860)
  Rows Removed by Filter: 14101635
Planning time: 0.367 ms
Execution time: 15679.293 ms
