Hash Join  (cost=214127.37..725270.41 rows=1210223 width=0) (actual time=4326.023..16646.585 rows=750602 loops=1)
  Hash Cond: (mi.movie_id = t.id)
  ->  Seq Scan on movie_info mi  (cost=0.00..309384.22 rows=14739122 width=4) (actual time=0.013..5843.273 rows=14835720 loops=1)
  ->  Hash  (cost=210721.17..210721.17 rows=207616 width=8) (actual time=4324.834..4324.834 rows=69352 loops=1)
        Buckets: 131072  Batches: 4  Memory Usage: 1750kB
        ->  Hash Join  (cost=75867.62..210721.17 rows=207616 width=8) (actual time=1177.339..4299.800 rows=69352 loops=1)
              Hash Cond: (mk.movie_id = t.id)
              ->  Seq Scan on movie_keyword mk  (cost=0.00..81003.12 rows=4437672 width=4) (actual time=0.022..1841.931 rows=4439660 loops=1)
                    Filter: (keyword_id < 86522)
                    Rows Removed by Filter: 84270
              ->  Hash  (cost=73925.90..73925.90 rows=118297 width=4) (actual time=1173.590..1173.590 rows=122606 loops=1)
                    Buckets: 131072  Batches: 2  Memory Usage: 3185kB
                    ->  Seq Scan on title t  (cost=0.00..73925.90 rows=118297 width=4) (actual time=0.036..1127.247 rows=122606 loops=1)
                          Filter: ((kind_id > 1) AND (production_year = 2011))
                          Rows Removed by Filter: 2405706
Planning time: 0.770 ms
Execution time: 16739.793 ms
