Hash Join  (cost=89472.60..993519.90 rows=4769143 width=0) (actual time=6714.556..24441.854 rows=4287305 loops=1)
  Hash Cond: (ci.movie_id = t.id)
  ->  Seq Scan on cast_info ci  (cost=0.00..705507.15 rows=12726058 width=4) (actual time=5021.687..14727.333 rows=12670688 loops=1)
        Filter: (role_id = 1)
        Rows Removed by Filter: 23573656
  ->  Hash  (cost=73925.90..73925.90 rows=947576 width=4) (actual time=1691.720..1691.720 rows=876037 loops=1)
        Buckets: 131072  Batches: 16  Memory Usage: 2949kB
        ->  Seq Scan on title t  (cost=0.00..73925.90 rows=947576 width=4) (actual time=0.033..1421.308 rows=876037 loops=1)
              Filter: ((production_year < 2007) AND (kind_id = 7))
              Rows Removed by Filter: 1652275
Planning time: 2.361 ms
Execution time: 24912.560 ms
