Hash Join  (cost=67697.55..122439.81 rows=7674 width=0) (actual time=890.771..1895.969 rows=12442 loops=1)
  Hash Cond: (mc.movie_id = t.id)
  ->  Seq Scan on movie_companies mc  (cost=0.00..44881.29 rows=2609129 width=4) (actual time=0.012..527.770 rows=2609129 loops=1)
  ->  Hash  (cost=67604.59..67604.59 rows=7437 width=4) (actual time=889.900..889.900 rows=7199 loops=1)
        Buckets: 8192  Batches: 1  Memory Usage: 318kB
        ->  Seq Scan on title t  (cost=0.00..67604.59 rows=7437 width=4) (actual time=0.058..886.097 rows=7199 loops=1)
              Filter: (production_year = 1954)
              Rows Removed by Filter: 2521113
Planning time: 0.702 ms
Execution time: 1897.997 ms
