Hash Join  (cost=102767.86..261057.23 rows=2801369 width=0) (actual time=1906.459..6467.396 rows=2790422 loops=1)
  Hash Cond: (mk.movie_id = t.id)
  ->  Seq Scan on movie_keyword mk  (cost=0.00..81003.12 rows=2801369 width=4) (actual time=0.015..1758.176 rows=2790422 loops=1)
        Filter: (keyword_id < 8150)
        Rows Removed by Filter: 1733508
  ->  Hash  (cost=61283.27..61283.27 rows=2528527 width=4) (actual time=1905.062..1905.062 rows=2528312 loops=1)
        Buckets: 131072  Batches: 64  Memory Usage: 2425kB
        ->  Seq Scan on title t  (cost=0.00..61283.27 rows=2528527 width=4) (actual time=0.014..1027.037 rows=2528312 loops=1)
Planning time: 0.499 ms
Execution time: 6811.317 ms
