Hash Join  (cost=94978.31..183665.74 rows=824039 width=0) (actual time=2364.605..5029.428 rows=929571 loops=1)
  Hash Cond: (mc.movie_id = t.id)
  ->  Seq Scan on movie_companies mc  (cost=0.00..57926.93 rows=1248820 width=4) (actual time=430.687..1269.366 rows=1296872 loops=1)
        Filter: ((company_id > 27) AND (company_type_id = 2))
        Rows Removed by Filter: 1312257
  ->  Hash  (cost=67604.59..67604.59 rows=1668458 width=4) (actual time=1932.676..1932.676 rows=1671292 loops=1)
        Buckets: 131072  Batches: 32  Memory Usage: 2858kB
        ->  Seq Scan on title t  (cost=0.00..67604.59 rows=1668458 width=4) (actual time=0.021..1389.447 rows=1671292 loops=1)
              Filter: (production_year < 2008)
              Rows Removed by Filter: 857020
Planning time: 0.569 ms
Execution time: 5133.349 ms
