Seq Scan on cast_info ci  (cost=0.00..705507.15 rows=500 width=0) (actual time=3662.959..11130.520 rows=25 loops=1)
  Filter: (person_id = 1417509)
  Rows Removed by Filter: 36244319
Planning time: 0.406 ms
Execution time: 11130.620 ms
