Hash Join  (cost=145237.38..264187.88 rows=375910 width=0) (actual time=3688.839..6683.146 rows=599671 loops=1)
  Hash Cond: (mk.movie_id = t.id)
  ->  Seq Scan on movie_keyword mk  (cost=0.00..81003.12 rows=2843805 width=4) (actual time=0.017..1663.224 rows=2833156 loops=1)
        Filter: (keyword_id < 8556)
        Rows Removed by Filter: 1690774
  ->  Hash  (cost=139753.44..139753.44 rows=334235 width=8) (actual time=3687.412..3687.412 rows=250045 loops=1)
        Buckets: 131072  Batches: 8  Memory Usage: 2254kB
        ->  Hash Join  (cost=98137.04..139753.44 rows=334235 width=8) (actual time=1879.143..3599.617 rows=250045 loops=1)
              Hash Cond: (mi_idx.movie_id = t.id)
              ->  Seq Scan on movie_info_idx mi_idx  (cost=0.00..25185.44 rows=454124 width=4) (actual time=0.031..423.445 rows=459925 loops=1)
                    Filter: (info_type_id = 100)
                    Rows Removed by Filter: 920110
              ->  Hash  (cost=67604.59..67604.59 rows=1860996 width=4) (actual time=1877.861..1877.861 rows=1865487 loops=1)
                    Buckets: 131072  Batches: 32  Memory Usage: 3079kB
                    ->  Seq Scan on title t  (cost=0.00..67604.59 rows=1860996 width=4) (actual time=0.031..1297.678 rows=1865487 loops=1)
                          Filter: (kind_id > 1)
                          Rows Removed by Filter: 662825
Planning time: 1.143 ms
Execution time: 6753.960 ms
