Hash Join  (cost=83074.74..875341.27 rows=2250 width=0) (actual time=1225.216..16669.061 rows=586 loops=1)
  Hash Cond: (ci.movie_id = t.id)
  ->  Seq Scan on cast_info ci  (cost=0.00..705507.15 rows=23129833 width=4) (actual time=0.027..11755.269 rows=23192399 loops=1)
        Filter: (person_id > 1289437)
        Rows Removed by Filter: 13051945
  ->  Hash  (cost=83071.67..83071.67 rows=246 width=8) (actual time=1173.905..1173.905 rows=8 loops=1)
        Buckets: 1024  Batches: 1  Memory Usage: 9kB
        ->  Nested Loop  (cost=0.43..83071.67 rows=246 width=8) (actual time=134.112..1173.886 rows=8 loops=1)
              ->  Seq Scan on movie_keyword mk  (cost=0.00..81003.12 rows=246 width=4) (actual time=134.017..1173.395 rows=8 loops=1)
                    Filter: (keyword_id = 61826)
                    Rows Removed by Filter: 4523922
              ->  Index Only Scan using title_pkey on title t  (cost=0.43..8.40 rows=1 width=4) (actual time=0.053..0.053 rows=1 loops=8)
                    Index Cond: (id = mk.movie_id)
                    Heap Fetches: 8
Planning time: 1.147 ms
Execution time: 16669.547 ms
