Hash Join  (cost=190385.45..581208.28 rows=211097 width=0) (actual time=4102.043..12099.269 rows=2197842 loops=1)
  Hash Cond: (mi.movie_id = t.id)
  ->  Seq Scan on movie_info mi  (cost=0.00..346232.03 rows=3623957 width=4) (actual time=0.020..5936.927 rows=3624977 loops=1)
        Filter: (info_type_id < 4)
        Rows Removed by Filter: 11210743
  ->  Hash  (cost=187968.35..187968.35 rows=147288 width=8) (actual time=4101.155..4101.155 rows=483175 loops=1)
        Buckets: 131072 (originally 131072)  Batches: 8 (originally 2)  Memory Usage: 3436kB
        ->  Hash Join  (cost=76405.93..187968.35 rows=147288 width=8) (actual time=1335.741..3953.555 rows=483175 loops=1)
              Hash Cond: (mk.movie_id = t.id)
              ->  Seq Scan on movie_keyword mk  (cost=0.00..81003.12 rows=2464376 width=4) (actual time=0.021..1528.362 rows=2462042 loops=1)
                    Filter: (keyword_id < 5907)
                    Rows Removed by Filter: 2061888
              ->  Hash  (cost=73925.90..73925.90 rows=151122 width=4) (actual time=1334.874..1334.874 rows=251875 loops=1)
                    Buckets: 131072 (originally 131072)  Batches: 4 (originally 2)  Memory Usage: 3245kB
                    ->  Seq Scan on title t  (cost=0.00..73925.90 rows=151122 width=4) (actual time=0.179..1240.520 rows=251875 loops=1)
                          Filter: ((kind_id < 7) AND (production_year < 1971))
                          Rows Removed by Filter: 2276437
Planning time: 1.257 ms
Execution time: 12321.356 ms
