Seq Scan on movie_companies mc  (cost=0.00..51404.11 rows=104 width=0) (actual time=45.947..844.824 rows=50 loops=1)
  Filter: (company_id = 73188)
  Rows Removed by Filter: 2609079
Planning time: 0.899 ms
Execution time: 844.920 ms
