Seq Scan on movie_keyword mk  (cost=0.00..81003.12 rows=246 width=0) (actual time=80.149..1275.623 rows=78 loops=1)
  Filter: (keyword_id = 72638)
  Rows Removed by Filter: 4523852
Planning time: 0.355 ms
Execution time: 1275.778 ms
