Seq Scan on movie_keyword mk  (cost=0.00..81003.12 rows=4277218 width=0) (actual time=0.021..1655.974 rows=4278790 loops=1)
  Filter: (keyword_id < 61147)
  Rows Removed by Filter: 245140
Planning time: 0.316 ms
Execution time: 2195.913 ms
