Hash Join  (cost=80613.38..990433.13 rows=1372166 width=0) (actual time=1569.345..18225.393 rows=427464 loops=1)
  Hash Cond: (ci.movie_id = t.id)
  ->  Seq Scan on cast_info ci  (cost=0.00..796071.18 rows=8513042 width=4) (actual time=290.159..15033.536 rows=4075480 loops=1)
        Filter: ((person_id > 1170846) AND (role_id < 2))
        Rows Removed by Filter: 32168864
  ->  Hash  (cost=73925.90..73925.90 rows=407558 width=4) (actual time=1278.211..1278.211 rows=270281 loops=1)
        Buckets: 131072  Batches: 8  Memory Usage: 2203kB
        ->  Seq Scan on title t  (cost=0.00..73925.90 rows=407558 width=4) (actual time=0.035..1188.067 rows=270281 loops=1)
              Filter: ((kind_id > 1) AND (production_year < 1983))
              Rows Removed by Filter: 2258031
Planning time: 0.581 ms
Execution time: 18276.001 ms
