Hash Join  (cost=1018504.83..3166044.22 rows=86341636 width=0) (actual time=26706.073..120880.678 rows=247936213 loops=1)
  Hash Cond: (ci.movie_id = t.id)
  ->  Seq Scan on cast_info ci  (cost=0.00..796071.18 rows=14812087 width=4) (actual time=0.016..17436.117 rows=19872819 loops=1)
        Filter: ((person_id > 1317124) AND (role_id > 1))
        Rows Removed by Filter: 16371525
  ->  Hash  (cost=776690.81..776690.81 rows=14739122 width=8) (actual time=26704.748..26704.748 rows=14835720 loops=1)
        Buckets: 131072  Batches: 256  Memory Usage: 3268kB
        ->  Hash Join  (cost=102767.86..776690.81 rows=14739122 width=8) (actual time=2745.904..21689.367 rows=14835720 loops=1)
              Hash Cond: (mi.movie_id = t.id)
              ->  Seq Scan on movie_info mi  (cost=0.00..309384.22 rows=14739122 width=4) (actual time=0.026..6152.321 rows=14835720 loops=1)
              ->  Hash  (cost=61283.27..61283.27 rows=2528527 width=4) (actual time=2745.195..2745.195 rows=2528312 loops=1)
                    Buckets: 131072  Batches: 64  Memory Usage: 2425kB
                    ->  Seq Scan on title t  (cost=0.00..61283.27 rows=2528527 width=4) (actual time=0.017..1147.268 rows=2528312 loops=1)
Planning time: 1.207 ms
Execution time: 148398.277 ms
