Seq Scan on movie_companies mc  (cost=0.00..57926.93 rows=51 width=0) (actual time=39.140..822.205 rows=1 loops=1)
  Filter: ((company_id = 31475) AND (company_type_id = 1))
  Rows Removed by Filter: 2609128
Planning time: 0.217 ms
Execution time: 822.271 ms
