Hash Join  (cost=797557.77..884218.13 rows=233 width=0) (actual time=10484.237..12301.243 rows=5668 loops=1)
  Hash Cond: (mk.movie_id = t.id)
  ->  Seq Scan on movie_keyword mk  (cost=0.00..69693.30 rows=4523930 width=4) (actual time=0.017..1037.603 rows=4523930 loops=1)
  ->  Hash  (cost=797556.14..797556.14 rows=130 width=8) (actual time=10480.520..10480.520 rows=1300 loops=1)
        Buckets: 2048 (originally 1024)  Batches: 1 (originally 1)  Memory Usage: 67kB
        ->  Nested Loop  (cost=0.43..797556.14 rows=130 width=8) (actual time=9710.973..10479.925 rows=1300 loops=1)
              ->  Seq Scan on cast_info ci  (cost=0.00..796071.18 rows=176 width=4) (actual time=9710.833..10451.813 rows=1324 loops=1)
                    Filter: ((person_id = 1371697) AND (role_id = 1))
                    Rows Removed by Filter: 36243020
              ->  Index Scan using title_pkey on title t  (cost=0.43..8.43 rows=1 width=4) (actual time=0.020..0.021 rows=1 loops=1324)
                    Index Cond: (id = ci.movie_id)
                    Filter: (kind_id > 1)
                    Rows Removed by Filter: 0
Planning time: 1.232 ms
Execution time: 12302.278 ms
