Seq Scan on cast_info ci  (cost=0.00..705507.15 rows=31582382 width=0) (actual time=0.019..12337.854 rows=31560385 loops=1)
  Filter: (person_id < 3213298)
  Rows Removed by Filter: 4683959
Planning time: 0.217 ms
Execution time: 15995.424 ms
