Hash Join  (cost=117693.49..194101.03 rows=98502 width=0) (actual time=2614.692..4546.709 rows=376756 loops=1)
  Hash Cond: (mc.movie_id = t.id)
  ->  Seq Scan on movie_companies mc  (cost=0.00..44881.29 rows=2609129 width=4) (actual time=0.026..911.651 rows=2609129 loops=1)
  ->  Hash  (cost=116127.25..116127.25 rows=95459 width=8) (actual time=2613.815..2613.815 rows=105012 loops=1)
        Buckets: 131072  Batches: 2  Memory Usage: 3073kB
        ->  Hash Join  (cost=76796.18..116127.25 rows=95459 width=8) (actual time=1371.275..2581.117 rows=105012 loops=1)
              Hash Cond: (mi_idx.movie_id = t.id)
              ->  Seq Scan on movie_info_idx mi_idx  (cost=0.00..21735.35 rows=1380035 width=4) (actual time=0.029..467.914 rows=1380035 loops=1)
              ->  Hash  (cost=73925.90..73925.90 rows=174902 width=4) (actual time=1370.436..1370.436 rows=160286 loops=1)
                    Buckets: 131072  Batches: 4  Memory Usage: 2435kB
                    ->  Seq Scan on title t  (cost=0.00..73925.90 rows=174902 width=4) (actual time=290.502..1317.560 rows=160286 loops=1)
                          Filter: ((production_year > 2008) AND (kind_id = 1))
                          Rows Removed by Filter: 2368026
Planning time: 1.192 ms
Execution time: 4595.588 ms
