Seq Scan on cast_info ci  (cost=0.00..705507.15 rows=13972487 width=0) (actual time=2832.072..12152.051 rows=14154615 loops=1)
  Filter: (person_id > 2250010)
  Rows Removed by Filter: 22089729
Planning time: 5.245 ms
Execution time: 13912.484 ms
