Seq Scan on cast_info ci  (cost=0.00..705507.15 rows=500 width=0) (actual time=9252.576..11218.031 rows=57 loops=1)
  Filter: (person_id = 1392151)
  Rows Removed by Filter: 36244287
Planning time: 0.247 ms
Execution time: 11218.137 ms
