Hash Join  (cost=102767.86..277269.26 rows=3475094 width=0) (actual time=1923.091..6515.681 rows=3468321 loops=1)
  Hash Cond: (mk.movie_id = t.id)
  ->  Seq Scan on movie_keyword mk  (cost=0.00..81003.12 rows=3475094 width=4) (actual time=0.019..1733.155 rows=3468321 loops=1)
        Filter: (keyword_id > 1049)
        Rows Removed by Filter: 1055609
  ->  Hash  (cost=61283.27..61283.27 rows=2528527 width=4) (actual time=1921.262..1921.262 rows=2528312 loops=1)
        Buckets: 131072  Batches: 64  Memory Usage: 2425kB
        ->  Seq Scan on title t  (cost=0.00..61283.27 rows=2528527 width=4) (actual time=0.017..1053.525 rows=2528312 loops=1)
Planning time: 0.653 ms
Execution time: 6906.273 ms
