Nested Loop  (cost=0.43..83072.90 rows=50 width=0) (actual time=792.545..1208.759 rows=1 loops=1)
  ->  Seq Scan on movie_keyword mk  (cost=0.00..81003.12 rows=246 width=4) (actual time=121.707..1208.159 rows=10 loops=1)
        Filter: (keyword_id = 39812)
        Rows Removed by Filter: 4523920
  ->  Index Scan using title_pkey on title t  (cost=0.43..8.40 rows=1 width=4) (actual time=0.053..0.054 rows=0 loops=10)
        Index Cond: (id = mk.movie_id)
        Filter: ((production_year < 1996) AND (kind_id = 7))
        Rows Removed by Filter: 1
Planning time: 0.751 ms
Execution time: 1208.873 ms
