Hash Join  (cost=102767.86..239035.64 rows=1886194 width=0) (actual time=1974.661..5427.591 rows=1898134 loops=1)
  Hash Cond: (mk.movie_id = t.id)
  ->  Seq Scan on movie_keyword mk  (cost=0.00..81003.12 rows=1886194 width=4) (actual time=0.016..1754.275 rows=1898134 loops=1)
        Filter: (keyword_id < 3252)
        Rows Removed by Filter: 2625796
  ->  Hash  (cost=61283.27..61283.27 rows=2528527 width=4) (actual time=1973.774..1973.774 rows=2528312 loops=1)
        Buckets: 131072  Batches: 64  Memory Usage: 2425kB
        ->  Seq Scan on title t  (cost=0.00..61283.27 rows=2528527 width=4) (actual time=0.022..1066.632 rows=2528312 loops=1)
Planning time: 0.758 ms
Execution time: 5603.256 ms
