Seq Scan on movie_companies mc  (cost=0.00..57926.93 rows=862542 width=0) (actual time=224.187..1065.172 rows=676650 loops=1)
  Filter: ((company_id > 2281) AND (company_type_id = 1))
  Rows Removed by Filter: 1932479
Planning time: 0.386 ms
Execution time: 1145.489 ms
