Hash Join  (cost=180783.47..1001742.24 rows=578065 width=0) (actual time=8439.762..16977.848 rows=599883 loops=1)
  Hash Cond: (ci.movie_id = t.id)
  ->  Seq Scan on cast_info ci  (cost=0.00..796071.18 rows=1260784 width=4) (actual time=3618.962..11411.674 rows=536190 loops=1)
        Filter: ((person_id < 185796) AND (role_id > 1))
        Rows Removed by Filter: 35708154
  ->  Hash  (cost=161762.96..161762.96 rows=1159321 width=8) (actual time=4797.238..4797.238 rows=1179682 loops=1)
        Buckets: 131072  Batches: 16  Memory Usage: 3909kB
        ->  Hash Join  (cost=102454.22..161762.96 rows=1159321 width=8) (actual time=1991.111..4442.113 rows=1179682 loops=1)
              Hash Cond: (mi_idx.movie_id = t.id)
              ->  Seq Scan on movie_info_idx mi_idx  (cost=0.00..21735.35 rows=1380035 width=4) (actual time=0.023..457.686 rows=1380035 loops=1)
              ->  Hash  (cost=67604.59..67604.59 rows=2124131 width=4) (actual time=1989.753..1989.753 rows=2118372 loops=1)
                    Buckets: 131072  Batches: 32  Memory Usage: 3356kB
                    ->  Seq Scan on title t  (cost=0.00..67604.59 rows=2124131 width=4) (actual time=0.029..1324.905 rows=2118372 loops=1)
                          Filter: (production_year > 1967)
                          Rows Removed by Filter: 409940
Planning time: 0.793 ms
Execution time: 17048.641 ms
