Hash Join  (cost=81987.19..115319.00 rows=89570 width=0) (actual time=1432.908..2243.284 rows=55027 loops=1)
  Hash Cond: (mi_idx.movie_id = t.id)
  ->  Seq Scan on movie_info_idx mi_idx  (cost=0.00..25185.44 rows=460978 width=4) (actual time=0.016..526.837 rows=459925 loops=1)
        Filter: (info_type_id = 99)
        Rows Removed by Filter: 920110
  ->  Hash  (cost=73925.90..73925.90 rows=491303 width=4) (actual time=1432.049..1432.049 rows=352208 loops=1)
        Buckets: 131072  Batches: 8  Memory Usage: 2561kB
        ->  Seq Scan on title t  (cost=0.00..73925.90 rows=491303 width=4) (actual time=0.024..1305.735 rows=352208 loops=1)
              Filter: ((kind_id > 1) AND (production_year < 1989))
              Rows Removed by Filter: 2176104
Planning time: 0.725 ms
Execution time: 2251.113 ms
