Seq Scan on movie_keyword mk  (cost=0.00..81003.12 rows=323798 width=0) (actual time=0.018..1330.118 rows=320203 loops=1)
  Filter: (keyword_id > 51006)
  Rows Removed by Filter: 4203727
Planning time: 0.288 ms
Execution time: 1370.902 ms
