Hash Join  (cost=129737.67..264036.89 rows=377893 width=0) (actual time=2748.363..7322.333 rows=2204674 loops=1)
  Hash Cond: (mk.movie_id = t.id)
  ->  Seq Scan on movie_keyword mk  (cost=0.00..81003.12 rows=4205644 width=4) (actual time=0.015..1726.525 rows=4209032 loops=1)
        Filter: (keyword_id < 51801)
        Rows Removed by Filter: 314898
  ->  Hash  (cost=126009.70..126009.70 rows=227198 width=8) (actual time=2747.664..2747.664 rows=279975 loops=1)
        Buckets: 131072  Batches: 4  Memory Usage: 3775kB
        ->  Hash Join  (cost=88359.31..126009.70 rows=227198 width=8) (actual time=1690.263..2676.906 rows=279975 loops=1)
              Hash Cond: (mi_idx.movie_id = t.id)
              ->  Seq Scan on movie_info_idx mi_idx  (cost=0.00..25185.44 rows=454124 width=4) (actual time=0.032..536.708 rows=459925 loops=1)
                    Filter: (info_type_id = 100)
                    Rows Removed by Filter: 920110
              ->  Hash  (cost=67604.59..67604.59 rows=1265018 width=4) (actual time=1689.012..1689.012 rows=1263700 loops=1)
                    Buckets: 131072  Batches: 32  Memory Usage: 2410kB
                    ->  Seq Scan on title t  (cost=0.00..67604.59 rows=1265018 width=4) (actual time=0.019..1277.192 rows=1263700 loops=1)
                          Filter: (production_year < 2004)
                          Rows Removed by Filter: 1264612
Planning time: 1.132 ms
Execution time: 7546.490 ms
