Hash Join  (cost=110302.54..240199.28 rows=127298 width=0) (actual time=2377.372..5136.993 rows=689286 loops=1)
  Hash Cond: (mk.movie_id = t.id)
  ->  Seq Scan on movie_keyword mk  (cost=0.00..81003.12 rows=4091904 width=4) (actual time=0.021..1760.459 rows=4096836 loops=1)
        Filter: (keyword_id < 40958)
        Rows Removed by Filter: 427094
  ->  Hash  (cost=109011.26..109011.26 rows=78662 width=8) (actual time=2013.407..2013.407 rows=60804 loops=1)
        Buckets: 131072  Batches: 2  Memory Usage: 2202kB
        ->  Hash Join  (cost=69969.16..109011.26 rows=78662 width=8) (actual time=1227.173..1991.278 rows=60804 loops=1)
              Hash Cond: (mi_idx.movie_id = t.id)
              ->  Seq Scan on movie_info_idx mi_idx  (cost=0.00..21735.35 rows=1380035 width=4) (actual time=0.017..430.812 rows=1380035 loops=1)
              ->  Hash  (cost=67604.59..67604.59 rows=144126 width=4) (actual time=1061.638..1061.638 rows=145539 loops=1)
                    Buckets: 131072  Batches: 2  Memory Usage: 3580kB
                    ->  Seq Scan on title t  (cost=0.00..67604.59 rows=144126 width=4) (actual time=51.153..1013.022 rows=145539 loops=1)
                          Filter: (production_year < 1942)
                          Rows Removed by Filter: 2382773
Planning time: 1.166 ms
Execution time: 5221.281 ms
