Nested Loop  (cost=0.43..797556.14 rows=64 width=0) (actual time=2332.407..13518.665 rows=174 loops=1)
  ->  Seq Scan on cast_info ci  (cost=0.00..796071.18 rows=176 width=4) (actual time=2332.257..13503.165 rows=747 loops=1)
        Filter: ((role_id < 2) AND (person_id = 1145867))
        Rows Removed by Filter: 36243597
  ->  Index Scan using title_pkey on title t  (cost=0.43..8.43 rows=1 width=4) (actual time=0.020..0.020 rows=0 loops=747)
        Index Cond: (id = ci.movie_id)
        Filter: (production_year < 1998)
        Rows Removed by Filter: 1
Planning time: 0.789 ms
Execution time: 13518.800 ms
