Hash Join  (cost=98233.68..137308.89 rows=272427 width=0) (actual time=2091.903..2865.051 rows=141856 loops=1)
  Hash Cond: (mi_idx.movie_id = t.id)
  ->  Seq Scan on movie_info_idx mi_idx  (cost=0.00..25185.44 rows=464934 width=4) (actual time=0.012..446.143 rows=460185 loops=1)
        Filter: (info_type_id > 100)
        Rows Removed by Filter: 919850
  ->  Hash  (cost=73925.90..73925.90 rows=1481582 width=4) (actual time=1858.209..1858.209 rows=1478439 loops=1)
        Buckets: 131072  Batches: 32  Memory Usage: 2651kB
        ->  Seq Scan on title t  (cost=0.00..73925.90 rows=1481582 width=4) (actual time=335.605..1391.395 rows=1478439 loops=1)
              Filter: ((production_year > 1910) AND (kind_id = 7))
              Rows Removed by Filter: 1049873
Planning time: 0.795 ms
Execution time: 2882.088 ms
