Hash Join  (cost=156649.15..1067386.22 rows=2790954 width=0) (actual time=3778.902..26442.404 rows=5923973 loops=1)
  Hash Cond: (ci.movie_id = t.id)
  ->  Seq Scan on cast_info ci  (cost=0.00..705507.15 rows=15178502 width=4) (actual time=0.018..13514.798 rows=15055818 loops=1)
        Filter: (person_id < 1485493)
        Rows Removed by Filter: 21188526
  ->  Hash  (cost=149020.47..149020.47 rows=464934 width=8) (actual time=3778.207..3778.207 rows=460185 loops=1)
        Buckets: 131072  Batches: 8  Memory Usage: 3276kB
        ->  Hash Join  (cost=102767.86..149020.47 rows=464934 width=8) (actual time=2381.447..3635.004 rows=460185 loops=1)
              Hash Cond: (mi_idx.movie_id = t.id)
              ->  Seq Scan on movie_info_idx mi_idx  (cost=0.00..25185.44 rows=464934 width=4) (actual time=0.016..429.813 rows=460185 loops=1)
                    Filter: (info_type_id > 100)
                    Rows Removed by Filter: 919850
              ->  Hash  (cost=61283.27..61283.27 rows=2528527 width=4) (actual time=2380.601..2380.601 rows=2528312 loops=1)
                    Buckets: 131072  Batches: 64  Memory Usage: 2415kB
                    ->  Seq Scan on title t  (cost=0.00..61283.27 rows=2528527 width=4) (actual time=0.012..1064.056 rows=2528312 loops=1)
Planning time: 0.796 ms
Execution time: 27127.890 ms
