Hash Join  (cost=128478.61..503103.95 rows=298822 width=0) (actual time=4380.645..9980.201 rows=1222703 loops=1)
  Hash Cond: (mi.movie_id = t.id)
  ->  Seq Scan on movie_info mi  (cost=0.00..346232.03 rows=2073893 width=4) (actual time=1213.150..5721.939 rows=2091068 loops=1)
        Filter: (info_type_id < 3)
        Rows Removed by Filter: 12744652
  ->  Hash  (cost=122500.50..122500.50 rows=364329 width=8) (actual time=2848.163..2848.163 rows=629900 loops=1)
        Buckets: 131072 (originally 131072)  Batches: 16 (originally 8)  Memory Usage: 3073kB
        ->  Hash Join  (cost=78556.72..122500.50 rows=364329 width=8) (actual time=1487.951..2639.139 rows=629900 loops=1)
              Hash Cond: (mi_idx.movie_id = t.id)
              ->  Seq Scan on movie_info_idx mi_idx  (cost=0.00..21735.35 rows=1380035 width=4) (actual time=0.020..416.858 rows=1380035 loops=1)
              ->  Hash  (cost=67604.59..67604.59 rows=667531 width=4) (actual time=1296.493..1296.493 rows=662825 loops=1)
                    Buckets: 131072  Batches: 16  Memory Usage: 2476kB
                    ->  Seq Scan on title t  (cost=0.00..67604.59 rows=667531 width=4) (actual time=275.547..1088.531 rows=662825 loops=1)
                          Filter: (kind_id = 1)
                          Rows Removed by Filter: 1865487
Planning time: 1.025 ms
Execution time: 10130.219 ms
