Hash Join  (cost=149997.68..188619.02 rows=54086 width=0) (actual time=3249.471..4011.774 rows=104298 loops=1)
  Hash Cond: (mi_idx.movie_id = t.id)
  ->  Seq Scan on movie_info_idx mi_idx  (cost=0.00..21735.35 rows=1380035 width=4) (actual time=0.021..422.779 rows=1380035 loops=1)
  ->  Hash  (cost=148370.96..148370.96 rows=99097 width=8) (actual time=3119.066..3119.066 rows=48674 loops=1)
        Buckets: 131072  Batches: 2  Memory Usage: 1982kB
        ->  Hash Join  (cost=81152.82..148370.96 rows=99097 width=8) (actual time=2109.532..3103.769 rows=48674 loops=1)
              Hash Cond: (mc.movie_id = t.id)
              ->  Seq Scan on movie_companies mc  (cost=0.00..57926.93 rows=568864 width=4) (actual time=0.034..880.976 rows=355581 loops=1)
                    Filter: ((company_id < 7851) AND (company_type_id = 2))
                    Rows Removed by Filter: 2253548
              ->  Hash  (cost=73925.90..73925.90 rows=440473 width=4) (actual time=1962.473..1962.473 rows=473918 loops=1)
                    Buckets: 131072  Batches: 8  Memory Usage: 3117kB
                    ->  Seq Scan on title t  (cost=0.00..73925.90 rows=440473 width=4) (actual time=503.469..1132.596 rows=473918 loops=1)
                          Filter: ((production_year < 2008) AND (kind_id = 1))
                          Rows Removed by Filter: 2054394
Planning time: 2.436 ms
Execution time: 4025.828 ms
