Hash Join  (cost=156649.15..1324347.56 rows=5074061 width=0) (actual time=3467.728..39702.809 rows=10567430 loops=1)
  Hash Cond: (ci.movie_id = t.id)
  ->  Seq Scan on cast_info ci  (cost=0.00..796071.18 rows=27595099 width=4) (actual time=0.020..19642.889 rows=29703193 loops=1)
        Filter: ((person_id < 3227800) AND (role_id < 10))
        Rows Removed by Filter: 6541151
  ->  Hash  (cost=149020.47..149020.47 rows=464934 width=8) (actual time=3466.901..3466.901 rows=460185 loops=1)
        Buckets: 131072  Batches: 8  Memory Usage: 3276kB
        ->  Hash Join  (cost=102767.86..149020.47 rows=464934 width=8) (actual time=2020.684..3322.037 rows=460185 loops=1)
              Hash Cond: (mi_idx.movie_id = t.id)
              ->  Seq Scan on movie_info_idx mi_idx  (cost=0.00..25185.44 rows=464934 width=4) (actual time=0.028..457.797 rows=460185 loops=1)
                    Filter: (info_type_id > 100)
                    Rows Removed by Filter: 919850
              ->  Hash  (cost=61283.27..61283.27 rows=2528527 width=4) (actual time=2019.795..2019.795 rows=2528312 loops=1)
                    Buckets: 131072  Batches: 64  Memory Usage: 2415kB
                    ->  Seq Scan on title t  (cost=0.00..61283.27 rows=2528527 width=4) (actual time=0.015..1184.580 rows=2528312 loops=1)
Planning time: 1.229 ms
Execution time: 40794.853 ms
