Seq Scan on movie_keyword mk  (cost=0.00..81003.12 rows=246 width=0) (actual time=16.595..1263.393 rows=165 loops=1)
  Filter: (keyword_id = 27439)
  Rows Removed by Filter: 4523765
Planning time: 0.494 ms
Execution time: 1263.593 ms
