Hash Join  (cost=102767.86..1252521.85 rows=14287927 width=0) (actual time=5729.991..31877.739 rows=14970109 loops=1)
  Hash Cond: (ci.movie_id = t.id)
  ->  Seq Scan on cast_info ci  (cost=0.00..796071.18 rows=14287927 width=4) (actual time=3991.821..16993.415 rows=14970109 loops=1)
        Filter: ((person_id > 398451) AND (role_id > 2))
        Rows Removed by Filter: 21274235
  ->  Hash  (cost=61283.27..61283.27 rows=2528527 width=4) (actual time=1737.166..1737.166 rows=2528312 loops=1)
        Buckets: 131072  Batches: 64  Memory Usage: 2415kB
        ->  Seq Scan on title t  (cost=0.00..61283.27 rows=2528527 width=4) (actual time=0.037..912.079 rows=2528312 loops=1)
Planning time: 0.735 ms
Execution time: 33580.868 ms
