Hash Join  (cost=74509.97..831993.31 rows=669418 width=0) (actual time=1318.252..21012.152 rows=559549 loops=1)
  Hash Cond: (ci.movie_id = t.id)
  ->  Seq Scan on cast_info ci  (cost=0.00..614943.12 rows=36225612 width=4) (actual time=0.020..9020.594 rows=36244344 loops=1)
  ->  Hash  (cost=73925.90..73925.90 rows=46725 width=4) (actual time=1317.679..1317.679 rows=43011 loops=1)
        Buckets: 65536  Batches: 1  Memory Usage: 2025kB
        ->  Seq Scan on title t  (cost=0.00..73925.90 rows=46725 width=4) (actual time=0.021..1299.247 rows=43011 loops=1)
              Filter: ((kind_id > 2) AND (production_year > 2012))
              Rows Removed by Filter: 2485301
Planning time: 0.772 ms
Execution time: 21093.153 ms
