Hash Join  (cost=798791.46..825703.71 rows=177 width=0) (actual time=12487.817..12980.273 rows=9 loops=1)
  Hash Cond: (mi_idx.movie_id = t.id)
  ->  Seq Scan on movie_info_idx mi_idx  (cost=0.00..21735.35 rows=1380035 width=4) (actual time=0.020..273.060 rows=1380035 loops=1)
  ->  Hash  (cost=798787.41..798787.41 rows=324 width=8) (actual time=12468.073..12468.073 rows=153 loops=1)
        Buckets: 1024  Batches: 1  Memory Usage: 14kB
        ->  Nested Loop  (cost=0.43..798787.41 rows=324 width=8) (actual time=7177.386..12467.963 rows=153 loops=1)
              ->  Seq Scan on cast_info ci  (cost=0.00..796071.18 rows=324 width=4) (actual time=7177.197..12464.326 rows=153 loops=1)
                    Filter: ((role_id > 1) AND (person_id = 2925971))
                    Rows Removed by Filter: 36244191
              ->  Index Only Scan using title_pkey on title t  (cost=0.43..8.37 rows=1 width=4) (actual time=0.022..0.022 rows=1 loops=153)
                    Index Cond: (id = ci.movie_id)
                    Heap Fetches: 153
Planning time: 1.142 ms
Execution time: 12980.382 ms
