Hash Join  (cost=102767.86..209568.81 rows=1891621 width=0) (actual time=1980.193..5049.216 rows=1887450 loops=1)
  Hash Cond: (mc.movie_id = t.id)
  ->  Seq Scan on movie_companies mc  (cost=0.00..51404.11 rows=1891621 width=4) (actual time=0.021..1106.734 rows=1887450 loops=1)
        Filter: (company_id < 41994)
        Rows Removed by Filter: 721679
  ->  Hash  (cost=61283.27..61283.27 rows=2528527 width=4) (actual time=1979.204..1979.204 rows=2528312 loops=1)
        Buckets: 131072  Batches: 64  Memory Usage: 2415kB
        ->  Seq Scan on title t  (cost=0.00..61283.27 rows=2528527 width=4) (actual time=0.025..1116.465 rows=2528312 loops=1)
Planning time: 0.718 ms
Execution time: 5267.046 ms
