Hash Join  (cost=74766.48..101803.18 rows=12260 width=0) (actual time=1069.555..1705.559 rows=19432 loops=1)
  Hash Cond: (mi_idx.movie_id = t.id)
  ->  Seq Scan on movie_info_idx mi_idx  (cost=0.00..25185.44 rows=460978 width=4) (actual time=0.027..432.767 rows=459925 loops=1)
        Filter: (info_type_id = 99)
        Rows Removed by Filter: 920110
  ->  Hash  (cost=73925.90..73925.90 rows=67246 width=4) (actual time=1068.752..1068.752 rows=94334 loops=1)
        Buckets: 131072 (originally 131072)  Batches: 2 (originally 1)  Memory Usage: 3073kB
        ->  Seq Scan on title t  (cost=0.00..73925.90 rows=67246 width=4) (actual time=455.771..1028.400 rows=94334 loops=1)
              Filter: ((production_year > 1998) AND (kind_id = 4))
              Rows Removed by Filter: 2433978
Planning time: 0.788 ms
Execution time: 1708.588 ms
