Hash Join  (cost=483811.61..571653.56 rows=592303 width=0) (actual time=8417.517..12431.761 rows=6290522 loops=1)
  Hash Cond: (mc.movie_id = t.id)
  ->  Seq Scan on movie_companies mc  (cost=0.00..51404.11 rows=2430882 width=4) (actual time=0.023..1132.638 rows=2430206 loops=1)
        Filter: (company_id < 120703)
        Rows Removed by Filter: 178923
  ->  Hash  (cost=473703.43..473703.43 rows=616095 width=8) (actual time=8414.970..8414.970 rows=598457 loops=1)
        Buckets: 131072  Batches: 16  Memory Usage: 2474kB
        ->  Hash Join  (cost=102767.86..473703.43 rows=616095 width=8) (actual time=2434.104..8238.251 rows=598457 loops=1)
              Hash Cond: (mi.movie_id = t.id)
              ->  Seq Scan on movie_info mi  (cost=0.00..346232.03 rows=616095 width=4) (actual time=418.048..5410.477 rows=598457 loops=1)
                    Filter: (info_type_id = 15)
                    Rows Removed by Filter: 14237263
              ->  Hash  (cost=61283.27..61283.27 rows=2528527 width=4) (actual time=1965.579..1965.579 rows=2528312 loops=1)
                    Buckets: 131072  Batches: 64  Memory Usage: 2425kB
                    ->  Seq Scan on title t  (cost=0.00..61283.27 rows=2528527 width=4) (actual time=0.032..1111.399 rows=2528312 loops=1)
Planning time: 1.132 ms
Execution time: 13193.194 ms
