Hash Join  (cost=145459.16..1295426.58 rows=4607757 width=0) (actual time=2987.574..36251.772 rows=6825879 loops=1)
  Hash Cond: (ci.movie_id = t.id)
  ->  Seq Scan on cast_info ci  (cost=0.00..705507.15 rows=34339910 width=4) (actual time=0.021..16501.398 rows=34315105 loops=1)
        Filter: (person_id < 3682867)
        Rows Removed by Filter: 1929239
  ->  Hash  (cost=139892.16..139892.16 rows=339280 width=8) (actual time=2986.657..2986.657 rows=250045 loops=1)
        Buckets: 131072  Batches: 8  Memory Usage: 2248kB
        ->  Hash Join  (cost=98137.04..139892.16 rows=339280 width=8) (actual time=1879.138..2913.560 rows=250045 loops=1)
              Hash Cond: (mi_idx.movie_id = t.id)
              ->  Seq Scan on movie_info_idx mi_idx  (cost=0.00..25185.44 rows=460978 width=4) (actual time=0.028..449.574 rows=459925 loops=1)
                    Filter: (info_type_id < 100)
                    Rows Removed by Filter: 920110
              ->  Hash  (cost=67604.59..67604.59 rows=1860996 width=4) (actual time=1877.607..1877.607 rows=1865487 loops=1)
                    Buckets: 131072  Batches: 32  Memory Usage: 3079kB
                    ->  Seq Scan on title t  (cost=0.00..67604.59 rows=1860996 width=4) (actual time=0.015..1277.192 rows=1865487 loops=1)
                          Filter: (kind_id > 1)
                          Rows Removed by Filter: 662825
Planning time: 5.725 ms
Execution time: 36970.902 ms
