Hash Join  (cost=223232.46..602297.01 rows=599543 width=0) (actual time=4584.432..11546.529 rows=1386924 loops=1)
  Hash Cond: (mi.movie_id = t.id)
  ->  Seq Scan on movie_info mi  (cost=0.00..346232.03 rows=2073893 width=4) (actual time=0.022..5657.295 rows=2091068 loops=1)
        Filter: (info_type_id < 3)
        Rows Removed by Filter: 12744652
  ->  Hash  (cost=211239.29..211239.29 rows=730973 width=8) (actual time=4583.356..4583.356 rows=730205 loops=1)
        Buckets: 131072  Batches: 16  Memory Usage: 2883kB
        ->  Hash Join  (cost=102767.86..211239.29 rows=730973 width=8) (actual time=1993.266..4367.641 rows=730205 loops=1)
              Hash Cond: (mk.movie_id = t.id)
              ->  Seq Scan on movie_keyword mk  (cost=0.00..81003.12 rows=730973 width=4) (actual time=0.013..1341.587 rows=730205 loops=1)
                    Filter: (keyword_id < 650)
                    Rows Removed by Filter: 3793725
              ->  Hash  (cost=61283.27..61283.27 rows=2528527 width=4) (actual time=1991.912..1991.912 rows=2528312 loops=1)
                    Buckets: 131072  Batches: 64  Memory Usage: 2425kB
                    ->  Seq Scan on title t  (cost=0.00..61283.27 rows=2528527 width=4) (actual time=0.028..1143.824 rows=2528312 loops=1)
Planning time: 1.139 ms
Execution time: 11666.959 ms
