Hash Join  (cost=156487.41..284893.13 rows=621068 width=0) (actual time=3311.392..7177.817 rows=2643785 loops=1)
  Hash Cond: (mk.movie_id = t.id)
  ->  Seq Scan on movie_keyword mk  (cost=0.00..81003.12 rows=3406644 width=4) (actual time=0.020..1674.330 rows=3400030 loops=1)
        Filter: (keyword_id > 1212)
        Rows Removed by Filter: 1123900
  ->  Hash  (cost=148924.19..148924.19 rows=460978 width=8) (actual time=3310.573..3310.573 rows=459925 loops=1)
        Buckets: 131072  Batches: 8  Memory Usage: 3284kB
        ->  Hash Join  (cost=102767.86..148924.19 rows=460978 width=8) (actual time=1889.845..3162.928 rows=459925 loops=1)
              Hash Cond: (mi_idx.movie_id = t.id)
              ->  Seq Scan on movie_info_idx mi_idx  (cost=0.00..25185.44 rows=460978 width=4) (actual time=0.020..464.622 rows=459925 loops=1)
                    Filter: (info_type_id = 99)
                    Rows Removed by Filter: 920110
              ->  Hash  (cost=61283.27..61283.27 rows=2528527 width=4) (actual time=1888.079..1888.079 rows=2528312 loops=1)
                    Buckets: 131072  Batches: 64  Memory Usage: 2415kB
                    ->  Seq Scan on title t  (cost=0.00..61283.27 rows=2528527 width=4) (actual time=0.019..1030.901 rows=2528312 loops=1)
Planning time: 1.226 ms
Execution time: 7509.800 ms
