Hash Join  (cost=189445.94..248646.07 rows=50594 width=0) (actual time=4037.625..5284.276 rows=223922 loops=1)
  Hash Cond: (mc.movie_id = t.id)
  ->  Seq Scan on movie_companies mc  (cost=0.00..51404.11 rows=552021 width=4) (actual time=0.035..938.828 rows=557031 loops=1)
        Filter: (company_id > 71719)
        Rows Removed by Filter: 2052098
  ->  Hash  (cost=185643.14..185643.14 rows=231744 width=8) (actual time=4029.623..4029.623 rows=183760 loops=1)
        Buckets: 131072  Batches: 4  Memory Usage: 2822kB
        ->  Hash Join  (cost=91959.31..185643.14 rows=231744 width=8) (actual time=1605.415..3974.561 rows=183760 loops=1)
              Hash Cond: (mk.movie_id = t.id)
              ->  Seq Scan on movie_keyword mk  (cost=0.00..81003.12 rows=394737 width=4) (actual time=0.026..1237.773 rows=390312 loops=1)
                    Filter: (keyword_id > 44098)
                    Rows Removed by Filter: 4133618
              ->  Hash  (cost=67604.59..67604.59 rows=1484458 width=4) (actual time=1599.597..1599.597 rows=1485030 loops=1)
                    Buckets: 131072  Batches: 32  Memory Usage: 2663kB
                    ->  Seq Scan on title t  (cost=0.00..67604.59 rows=1484458 width=4) (actual time=0.016..1109.287 rows=1485030 loops=1)
                          Filter: (production_year > 1998)
                          Rows Removed by Filter: 1043282
Planning time: 1.238 ms
Execution time: 5312.804 ms
