Hash Join  (cost=709674.47..736585.54 rows=58 width=0) (actual time=8535.425..8848.489 rows=63 loops=1)
  Hash Cond: (mi_idx.movie_id = t.id)
  ->  Seq Scan on movie_info_idx mi_idx  (cost=0.00..21735.35 rows=1380035 width=4) (actual time=0.015..201.244 rows=1380035 loops=1)
  ->  Hash  (cost=709673.15..709673.15 rows=106 width=8) (actual time=8447.950..8447.950 rows=21 loops=1)
        Buckets: 1024  Batches: 1  Memory Usage: 9kB
        ->  Nested Loop  (cost=0.43..709673.15 rows=106 width=8) (actual time=7764.478..8447.880 rows=21 loops=1)
              ->  Seq Scan on cast_info ci  (cost=0.00..705507.15 rows=500 width=4) (actual time=455.255..8446.779 rows=56 loops=1)
                    Filter: (person_id = 311494)
                    Rows Removed by Filter: 36244288
              ->  Index Scan using title_pkey on title t  (cost=0.43..8.32 rows=1 width=4) (actual time=0.017..0.017 rows=0 loops=56)
                    Index Cond: (id = ci.movie_id)
                    Filter: (production_year > 2009)
                    Rows Removed by Filter: 1
Planning time: 10.108 ms
Execution time: 8848.637 ms
