Hash Join  (cost=143761.26..522978.24 rows=524714 width=0) (actual time=3651.996..10789.455 rows=1453751 loops=1)
  Hash Cond: (mi.movie_id = t.id)
  ->  Seq Scan on movie_info mi  (cost=0.00..346232.03 rows=2194617 width=4) (actual time=1.203..5797.891 rows=2233850 loops=1)
        Filter: (info_type_id > 16)
        Rows Removed by Filter: 12601870
  ->  Hash  (cost=133842.40..133842.40 rows=604549 width=8) (actual time=3649.677..3649.677 rows=488617 loops=1)
        Buckets: 131072  Batches: 8  Memory Usage: 3411kB
        ->  Hash Join  (cost=85777.42..133842.40 rows=604549 width=8) (actual time=2051.179..3489.436 rows=488617 loops=1)
              Hash Cond: (mi_idx.movie_id = t.id)
              ->  Seq Scan on movie_info_idx mi_idx  (cost=0.00..21735.35 rows=1380035 width=4) (actual time=0.021..420.796 rows=1380035 loops=1)
              ->  Hash  (cost=67604.59..67604.59 rows=1107667 width=4) (actual time=2049.950..2049.950 rows=1107925 loops=1)
                    Buckets: 131072  Batches: 16  Memory Usage: 3460kB
                    ->  Seq Scan on title t  (cost=0.00..67604.59 rows=1107667 width=4) (actual time=0.019..1148.562 rows=1107925 loops=1)
                          Filter: (production_year > 2004)
                          Rows Removed by Filter: 1420387
Planning time: 1.104 ms
Execution time: 10939.661 ms
