Seq Scan on movie_keyword mk  (cost=0.00..81003.12 rows=2807221 width=0) (actual time=0.027..1368.059 rows=2798276 loops=1)
  Filter: (keyword_id < 8213)
  Rows Removed by Filter: 1725654
Planning time: 0.353 ms
Execution time: 1713.094 ms
