Hash Join  (cost=484103.28..570839.77 rows=847698 width=0) (actual time=8232.025..10317.610 rows=502339 loops=1)
  Hash Cond: (mc.movie_id = t.id)
  ->  Seq Scan on movie_companies mc  (cost=0.00..44881.29 rows=2609129 width=4) (actual time=0.028..890.203 rows=2609129 loops=1)
  ->  Hash  (cost=470624.40..470624.40 rows=821510 width=8) (actual time=8230.930..8230.930 rows=358313 loops=1)
        Buckets: 131072  Batches: 16  Memory Usage: 1895kB
        ->  Hash Join  (cost=92883.59..470624.40 rows=821510 width=8) (actual time=2469.444..8127.365 rows=358313 loops=1)
              Hash Cond: (mi.movie_id = t.id)
              ->  Seq Scan on movie_info mi  (cost=0.00..346232.03 rows=1348138 width=4) (actual time=828.754..5501.369 rows=1298989 loops=1)
                    Filter: (info_type_id = 4)
                    Rows Removed by Filter: 13536731
              ->  Hash  (cost=67604.59..67604.59 rows=1540800 width=4) (actual time=1639.515..1639.515 rows=1543264 loops=1)
                    Buckets: 131072  Batches: 32  Memory Usage: 2728kB
                    ->  Seq Scan on title t  (cost=0.00..67604.59 rows=1540800 width=4) (actual time=0.026..1143.983 rows=1543264 loops=1)
                          Filter: (kind_id = 7)
                          Rows Removed by Filter: 985048
Planning time: 1.234 ms
Execution time: 10366.432 ms
