Seq Scan on movie_keyword mk  (cost=0.00..81003.12 rows=1449548 width=0) (actual time=0.021..1379.736 rows=1460720 loops=1)
  Filter: (keyword_id > 11369)
  Rows Removed by Filter: 3063210
Planning time: 0.182 ms
Execution time: 1557.317 ms
