Hash Join  (cost=709675.59..1067415.71 rows=237 width=0) (actual time=12446.220..16518.130 rows=114 loops=1)
  Hash Cond: (mi.movie_id = t.id)
  ->  Seq Scan on movie_info mi  (cost=0.00..346232.03 rows=3068194 width=4) (actual time=1691.435..5474.086 rows=3036719 loops=1)
        Filter: (info_type_id = 16)
        Rows Removed by Filter: 11799001
  ->  Hash  (cost=709673.15..709673.15 rows=195 width=8) (actual time=10628.012..10628.012 rows=51 loops=1)
        Buckets: 1024  Batches: 1  Memory Usage: 10kB
        ->  Nested Loop  (cost=0.43..709673.15 rows=195 width=8) (actual time=744.690..10627.974 rows=51 loops=1)
              ->  Seq Scan on cast_info ci  (cost=0.00..705507.15 rows=500 width=4) (actual time=744.608..10620.890 rows=380 loops=1)
                    Filter: (person_id = 1223097)
                    Rows Removed by Filter: 36243964
              ->  Index Scan using title_pkey on title t  (cost=0.43..8.32 rows=1 width=4) (actual time=0.018..0.018 rows=0 loops=380)
                    Index Cond: (id = ci.movie_id)
                    Filter: (kind_id < 7)
                    Rows Removed by Filter: 1
Planning time: 1.221 ms
Execution time: 16518.360 ms
