Hash Join  (cost=67697.55..130222.74 rows=3578 width=0) (actual time=961.875..2121.682 rows=5684 loops=1)
  Hash Cond: (mc.movie_id = t.id)
  ->  Seq Scan on movie_companies mc  (cost=0.00..57926.93 rows=1216659 width=4) (actual time=0.027..969.101 rows=1165662 loops=1)
        Filter: ((company_id > 19) AND (company_type_id = 1))
        Rows Removed by Filter: 1443467
  ->  Hash  (cost=67604.59..67604.59 rows=7437 width=4) (actual time=961.288..961.288 rows=11121 loops=1)
        Buckets: 16384 (originally 8192)  Batches: 1 (originally 1)  Memory Usage: 519kB
        ->  Seq Scan on title t  (cost=0.00..67604.59 rows=7437 width=4) (actual time=0.019..955.647 rows=11121 loops=1)
              Filter: (production_year = 1960)
              Rows Removed by Filter: 2517191
Planning time: 0.807 ms
Execution time: 2122.687 ms
