Hash Join  (cost=127779.53..216512.03 rows=6740 width=0) (actual time=2232.171..3825.337 rows=78379 loops=1)
  Hash Cond: (mk.movie_id = t.id)
  ->  Seq Scan on movie_keyword mk  (cost=0.00..81003.12 rows=2043195 width=4) (actual time=0.017..1250.173 rows=2051093 loops=1)
        Filter: (keyword_id < 3660)
        Rows Removed by Filter: 2472837
  ->  Hash  (cost=127675.26..127675.26 rows=8341 width=8) (actual time=2230.286..2230.286 rows=14634 loops=1)
        Buckets: 16384  Batches: 1  Memory Usage: 700kB
        ->  Hash Join  (cost=68365.25..127675.26 rows=8341 width=8) (actual time=1315.613..2224.384 rows=14634 loops=1)
              Hash Cond: (mc.movie_id = t.id)
              ->  Seq Scan on movie_companies mc  (cost=0.00..57926.93 rows=346578 width=4) (actual time=246.016..952.846 rows=655764 loops=1)
                    Filter: ((company_id > 47754) AND (company_type_id > 1))
                    Rows Removed by Filter: 1953365
              ->  Hash  (cost=67604.59..67604.59 rows=60853 width=4) (actual time=1069.029..1069.029 rows=62568 loops=1)
                    Buckets: 65536  Batches: 1  Memory Usage: 2712kB
                    ->  Seq Scan on title t  (cost=0.00..67604.59 rows=60853 width=4) (actual time=0.036..1043.418 rows=62568 loops=1)
                          Filter: (production_year = 2002)
                          Rows Removed by Filter: 2465744
Planning time: 3.682 ms
Execution time: 3834.442 ms
