Hash Join  (cost=102767.86..285561.16 rows=3819703 width=0) (actual time=1964.441..6788.382 rows=3812979 loops=1)
  Hash Cond: (mk.movie_id = t.id)
  ->  Seq Scan on movie_keyword mk  (cost=0.00..81003.12 rows=3819703 width=4) (actual time=0.023..1823.536 rows=3812979 loops=1)
        Filter: (keyword_id < 26588)
        Rows Removed by Filter: 710951
  ->  Hash  (cost=61283.27..61283.27 rows=2528527 width=4) (actual time=1962.823..1962.823 rows=2528312 loops=1)
        Buckets: 131072  Batches: 64  Memory Usage: 2425kB
        ->  Seq Scan on title t  (cost=0.00..61283.27 rows=2528527 width=4) (actual time=0.026..1130.924 rows=2528312 loops=1)
Planning time: 1.843 ms
Execution time: 7207.417 ms
