Seq Scan on movie_companies mc  (cost=0.00..57926.93 rows=51 width=0) (actual time=8.734..774.037 rows=579 loops=1)
  Filter: ((company_id = 11663) AND (company_type_id = 1))
  Rows Removed by Filter: 2608550
Planning time: 0.404 ms
Execution time: 774.225 ms
