Hash Join  (cost=167662.04..888256.85 rows=9478 width=0) (actual time=4025.097..17109.276 rows=8922 loops=1)
  Hash Cond: (ci.movie_id = t.id)
  ->  Seq Scan on cast_info ci  (cost=0.00..705507.15 rows=3998100 width=4) (actual time=870.056..13354.017 rows=4008037 loops=1)
        Filter: (role_id = 3)
        Rows Removed by Filter: 32236307
  ->  Hash  (cost=167587.12..167587.12 rows=5994 width=8) (actual time=3146.097..3146.097 rows=4014 loops=1)
        Buckets: 8192  Batches: 1  Memory Usage: 221kB
        ->  Hash Join  (cost=73982.55..167587.12 rows=5994 width=8) (actual time=2338.371..3144.702 rows=4014 loops=1)
              Hash Cond: (mk.movie_id = t.id)
              ->  Seq Scan on movie_keyword mk  (cost=0.00..81003.12 rows=3344399 width=4) (actual time=0.026..1549.541 rows=3338841 loops=1)
                    Filter: (keyword_id > 1411)
                    Rows Removed by Filter: 1185089
              ->  Hash  (cost=73925.90..73925.90 rows=4532 width=4) (actual time=1076.180..1076.180 rows=8818 loops=1)
                    Buckets: 16384 (originally 8192)  Batches: 1 (originally 1)  Memory Usage: 439kB
                    ->  Seq Scan on title t  (cost=0.00..73925.90 rows=4532 width=4) (actual time=0.020..1071.462 rows=8818 loops=1)
                          Filter: ((kind_id = 7) AND (production_year = 1967))
                          Rows Removed by Filter: 2519494
Planning time: 11.032 ms
Execution time: 17110.790 ms
