Hash Join  (cost=204361.52..704983.80 rows=1950835 width=0) (actual time=4318.376..17528.140 rows=4783717 loops=1)
  Hash Cond: (mi.movie_id = t.id)
  ->  Seq Scan on movie_info mi  (cost=0.00..309384.22 rows=14739122 width=4) (actual time=0.017..5693.998 rows=14835720 loops=1)
  ->  Hash  (cost=198870.14..198870.14 rows=334670 width=8) (actual time=4316.668..4316.668 rows=125611 loops=1)
        Buckets: 131072  Batches: 8  Memory Usage: 1612kB
        ->  Hash Join  (cost=71408.55..198870.14 rows=334670 width=8) (actual time=1117.569..4274.079 rows=125611 loops=1)
              Hash Cond: (mk.movie_id = t.id)
              ->  Seq Scan on movie_keyword mk  (cost=0.00..81003.12 rows=3650071 width=4) (actual time=0.017..1768.935 rows=3641832 loops=1)
                    Filter: (keyword_id > 833)
                    Rows Removed by Filter: 882098
              ->  Hash  (cost=67604.59..67604.59 rows=231837 width=4) (actual time=1116.669..1116.669 rows=231649 loops=1)
                    Buckets: 131072  Batches: 4  Memory Usage: 3082kB
                    ->  Seq Scan on title t  (cost=0.00..67604.59 rows=231837 width=4) (actual time=0.010..1036.487 rows=231649 loops=1)
                          Filter: (production_year > 2011)
                          Rows Removed by Filter: 2296663
Planning time: 4.725 ms
Execution time: 18082.722 ms
