Hash Join  (cost=177444.68..962784.40 rows=474140 width=0) (actual time=5808.613..22629.084 rows=1132527 loops=1)
  Hash Cond: (ci.movie_id = t.id)
  ->  Seq Scan on cast_info ci  (cost=0.00..705507.15 rows=20024311 width=4) (actual time=2720.406..14592.478 rows=20122661 loops=1)
        Filter: (role_id < 3)
        Rows Removed by Filter: 16121683
  ->  Hash  (cost=176696.30..176696.30 rows=59871 width=8) (actual time=3087.628..3087.628 rows=41244 loops=1)
        Buckets: 65536  Batches: 1  Memory Usage: 2124kB
        ->  Hash Join  (cost=75411.94..176696.30 rows=59871 width=8) (actual time=1137.628..3075.224 rows=41244 loops=1)
              Hash Cond: (mk.movie_id = t.id)
              ->  Seq Scan on movie_keyword mk  (cost=0.00..81003.12 rows=1671605 width=4) (actual time=0.036..1335.965 rows=1681018 loops=1)
                    Filter: (keyword_id < 2602)
                    Rows Removed by Filter: 2842912
              ->  Hash  (cost=73925.90..73925.90 rows=90563 width=4) (actual time=1132.662..1132.662 rows=80990 loops=1)
                    Buckets: 131072  Batches: 2  Memory Usage: 2456kB
                    ->  Seq Scan on title t  (cost=0.00..73925.90 rows=90563 width=4) (actual time=0.024..1101.554 rows=80990 loops=1)
                          Filter: ((kind_id < 7) AND (production_year > 2011))
                          Rows Removed by Filter: 2447322
Planning time: 1.547 ms
Execution time: 22774.394 ms
