Seq Scan on movie_companies mc  (cost=0.00..57926.93 rows=848782 width=0) (actual time=106.313..1076.992 rows=534435 loops=1)
  Filter: ((company_id < 18490) AND (company_type_id = 2))
  Rows Removed by Filter: 2074694
Planning time: 0.430 ms
Execution time: 1142.654 ms
