Seq Scan on movie_companies mc  (cost=0.00..51404.11 rows=518087 width=0) (actual time=0.007..723.565 rows=523407 loops=1)
  Filter: (company_id > 73145)
  Rows Removed by Filter: 2085722
Planning time: 0.254 ms
Execution time: 785.395 ms
