Seq Scan on movie_keyword mk  (cost=0.00..81003.12 rows=995065 width=0) (actual time=0.034..1434.219 rows=1004735 loops=1)
  Filter: (keyword_id > 18358)
  Rows Removed by Filter: 3519195
Planning time: 0.380 ms
Execution time: 1559.747 ms
