Seq Scan on movie_companies mc  (cost=0.00..57926.93 rows=781816 width=0) (actual time=0.023..985.676 rows=566877 loops=1)
  Filter: ((company_id > 5197) AND (company_type_id < 2))
  Rows Removed by Filter: 2042252
Planning time: 0.345 ms
Execution time: 1055.566 ms
