Hash Join  (cost=165237.87..916330.61 rows=30361 width=0) (actual time=3101.755..19718.186 rows=30350 loops=1)
  Hash Cond: (ci.movie_id = t.id)
  ->  Seq Scan on cast_info ci  (cost=0.00..614943.12 rows=36225612 width=4) (actual time=0.020..9306.657 rows=36244344 loops=1)
  ->  Hash  (cost=165211.38..165211.38 rows=2119 width=8) (actual time=3094.419..3094.419 rows=2449 loops=1)
        Buckets: 4096  Batches: 1  Memory Usage: 128kB
        ->  Hash Join  (cost=73950.44..165211.38 rows=2119 width=8) (actual time=1154.430..3093.182 rows=2449 loops=1)
              Hash Cond: (mk.movie_id = t.id)
              ->  Seq Scan on movie_keyword mk  (cost=0.00..81003.12 rows=2729766 width=4) (actual time=0.025..1493.417 rows=2724203 loops=1)
                    Filter: (keyword_id < 7737)
                    Rows Removed by Filter: 1799727
              ->  Hash  (cost=73925.90..73925.90 rows=1963 width=4) (actual time=1153.943..1153.943 rows=8125 loops=1)
                    Buckets: 8192 (originally 2048)  Batches: 1 (originally 1)  Memory Usage: 350kB
                    ->  Seq Scan on title t  (cost=0.00..73925.90 rows=1963 width=4) (actual time=0.032..1150.819 rows=8125 loops=1)
                          Filter: ((kind_id = 1) AND (production_year = 1914))
                          Rows Removed by Filter: 2520187
Planning time: 1.157 ms
Execution time: 19723.742 ms
