Hash Join  (cost=87442.78..984778.95 rows=4146330 width=0) (actual time=4384.294..24849.440 rows=4200241 loops=1)
  Hash Cond: (ci.movie_id = t.id)
  ->  Seq Scan on cast_info ci  (cost=0.00..705507.15 rows=12726058 width=4) (actual time=2750.711..15011.732 rows=12670688 loops=1)
        Filter: (role_id = 1)
        Rows Removed by Filter: 23573656
  ->  Hash  (cost=73925.90..73925.90 rows=823830 width=4) (actual time=1632.501..1632.501 rows=737996 loops=1)
        Buckets: 131072  Batches: 16  Memory Usage: 2648kB
        ->  Seq Scan on title t  (cost=0.00..73925.90 rows=823830 width=4) (actual time=0.023..1389.376 rows=737996 loops=1)
              Filter: ((kind_id < 7) AND (production_year > 1968))
              Rows Removed by Filter: 1790316
Planning time: 1.170 ms
Execution time: 25348.992 ms
