Seq Scan on cast_info ci  (cost=0.00..796071.18 rows=324 width=0) (actual time=3584.482..14551.367 rows=58 loops=1)
  Filter: ((role_id > 1) AND (person_id = 2720570))
  Rows Removed by Filter: 36244286
Planning time: 0.402 ms
Execution time: 14551.516 ms
