Hash Join  (cost=186867.78..317646.73 rows=720391 width=0) (actual time=4092.078..8678.448 rows=4829500 loops=1)
  Hash Cond: (mk.movie_id = t.id)
  ->  Seq Scan on movie_keyword mk  (cost=0.00..69693.30 rows=4523930 width=4) (actual time=0.020..1423.454 rows=4523930 loops=1)
  ->  Hash  (cost=180261.74..180261.74 rows=402643 width=8) (actual time=4091.179..4091.179 rows=726868 loops=1)
        Buckets: 131072 (originally 131072)  Batches: 16 (originally 8)  Memory Usage: 3073kB
        ->  Hash Join  (cost=102767.86..180261.74 rows=402643 width=8) (actual time=1934.052..3874.135 rows=726868 loops=1)
              Hash Cond: (mc.movie_id = t.id)
              ->  Seq Scan on movie_companies mc  (cost=0.00..57926.93 rows=402643 width=4) (actual time=0.014..938.233 rows=726868 loops=1)
                    Filter: ((company_id > 30798) AND (company_type_id = 2))
                    Rows Removed by Filter: 1882261
              ->  Hash  (cost=61283.27..61283.27 rows=2528527 width=4) (actual time=1932.251..1932.251 rows=2528312 loops=1)
                    Buckets: 131072  Batches: 64  Memory Usage: 2415kB
                    ->  Seq Scan on title t  (cost=0.00..61283.27 rows=2528527 width=4) (actual time=0.010..1105.112 rows=2528312 loops=1)
Planning time: 1.322 ms
Execution time: 9224.379 ms
