Hash Join  (cost=92883.59..181855.79 rows=62843 width=0) (actual time=1734.825..3399.028 rows=18711 loops=1)
  Hash Cond: (mk.movie_id = t.id)
  ->  Seq Scan on movie_keyword mk  (cost=0.00..81003.12 rows=103129 width=4) (actual time=0.094..1341.861 rows=117394 loops=1)
        Filter: (keyword_id < 115)
        Rows Removed by Filter: 4406536
  ->  Hash  (cost=67604.59..67604.59 rows=1540800 width=4) (actual time=1733.194..1733.194 rows=1543264 loops=1)
        Buckets: 131072  Batches: 32  Memory Usage: 2728kB
        ->  Seq Scan on title t  (cost=0.00..67604.59 rows=1540800 width=4) (actual time=0.033..1236.905 rows=1543264 loops=1)
              Filter: (kind_id = 7)
              Rows Removed by Filter: 985048
Planning time: 0.696 ms
Execution time: 3401.448 ms
