Hash Join  (cost=83074.74..109986.57 rows=134 width=0) (actual time=1290.093..1894.123 rows=5788 loops=1)
  Hash Cond: (mi_idx.movie_id = t.id)
  ->  Seq Scan on movie_info_idx mi_idx  (cost=0.00..21735.35 rows=1380035 width=4) (actual time=0.051..332.066 rows=1380035 loops=1)
  ->  Hash  (cost=83071.67..83071.67 rows=246 width=8) (actual time=1289.201..1289.201 rows=2521 loops=1)
        Buckets: 4096 (originally 1024)  Batches: 1 (originally 1)  Memory Usage: 131kB
        ->  Nested Loop  (cost=0.43..83071.67 rows=246 width=8) (actual time=0.928..1287.579 rows=2521 loops=1)
              ->  Seq Scan on movie_keyword mk  (cost=0.00..81003.12 rows=246 width=4) (actual time=0.854..1216.934 rows=2521 loops=1)
                    Filter: (keyword_id = 411)
                    Rows Removed by Filter: 4521409
              ->  Index Only Scan using title_pkey on title t  (cost=0.43..8.40 rows=1 width=4) (actual time=0.027..0.027 rows=1 loops=2521)
                    Index Cond: (id = mk.movie_id)
                    Heap Fetches: 2521
Planning time: 3.235 ms
Execution time: 1895.167 ms
