Hash Join  (cost=74323.94..440836.04 rows=185617 width=0) (actual time=1326.448..9508.166 rows=92454 loops=1)
  Hash Cond: (mi.movie_id = t.id)
  ->  Seq Scan on movie_info mi  (cost=0.00..309384.22 rows=14739122 width=4) (actual time=0.014..4341.673 rows=14835720 loops=1)
  ->  Hash  (cost=73925.90..73925.90 rows=31843 width=4) (actual time=1326.155..1326.155 rows=35656 loops=1)
        Buckets: 65536 (originally 32768)  Batches: 1 (originally 1)  Memory Usage: 1766kB
        ->  Seq Scan on title t  (cost=0.00..73925.90 rows=31843 width=4) (actual time=88.123..1310.324 rows=35656 loops=1)
              Filter: ((kind_id = 7) AND (production_year = 2000))
              Rows Removed by Filter: 2492656
Planning time: 0.817 ms
Execution time: 9521.458 ms
