Seq Scan on movie_keyword mk  (cost=0.00..81003.12 rows=246 width=0) (actual time=0.248..1285.076 rows=400 loops=1)
  Filter: (keyword_id = 5053)
  Rows Removed by Filter: 4523530
Planning time: 0.373 ms
Execution time: 1285.370 ms
