Hash Join  (cost=182078.44..1322639.67 rows=10392406 width=0) (actual time=3850.229..41031.776 rows=26806700 loops=1)
  Hash Cond: (ci.movie_id = t.id)
  ->  Seq Scan on cast_info ci  (cost=0.00..614943.12 rows=36225612 width=4) (actual time=0.019..13412.443 rows=36244344 loops=1)
  ->  Hash  (cost=170177.14..170177.14 rows=725384 width=8) (actual time=3849.347..3849.347 rows=572892 loops=1)
        Buckets: 131072  Batches: 16  Memory Usage: 2398kB
        ->  Hash Join  (cost=91123.00..170177.14 rows=725384 width=8) (actual time=1738.914..3693.997 rows=572892 loops=1)
              Hash Cond: (mc.movie_id = t.id)
              ->  Seq Scan on movie_companies mc  (cost=0.00..51404.11 rows=1279517 width=4) (actual time=0.032..944.207 rows=1274246 loops=1)
                    Filter: (company_type_id < 2)
                    Rows Removed by Filter: 1334883
              ->  Hash  (cost=67604.59..67604.59 rows=1433473 width=4) (actual time=1737.541..1737.541 rows=1434466 loops=1)
                    Buckets: 131072  Batches: 32  Memory Usage: 2600kB
                    ->  Seq Scan on title t  (cost=0.00..67604.59 rows=1433473 width=4) (actual time=0.016..1281.715 rows=1434466 loops=1)
                          Filter: (production_year > 1999)
                          Rows Removed by Filter: 1093846
Planning time: 1.768 ms
Execution time: 44154.423 ms
