Seq Scan on movie_companies mc  (cost=0.00..57926.93 rows=301039 width=0) (actual time=302.469..855.768 rows=9151 loops=1)
  Filter: ((company_id > 62760) AND (company_type_id < 2))
  Rows Removed by Filter: 2599978
Planning time: 0.319 ms
Execution time: 857.103 ms
