Nested Loop  (cost=0.43..798789.03 rows=40 width=0) (actual time=608.883..14161.646 rows=10 loops=1)
  ->  Seq Scan on cast_info ci  (cost=0.00..796071.18 rows=324 width=4) (actual time=608.811..14161.238 rows=10 loops=1)
        Filter: ((role_id > 1) AND (person_id = 191032))
        Rows Removed by Filter: 36244334
  ->  Index Scan using title_pkey on title t  (cost=0.43..8.38 rows=1 width=4) (actual time=0.029..0.030 rows=1 loops=10)
        Index Cond: (id = ci.movie_id)
        Filter: ((production_year < 2003) AND (kind_id = 1))
Planning time: 0.729 ms
Execution time: 14161.794 ms
