Seq Scan on movie_keyword mk  (cost=0.00..81003.12 rows=246 width=0) (actual time=79.494..979.006 rows=13 loops=1)
  Filter: (keyword_id = 17292)
  Rows Removed by Filter: 4523917
Planning time: 0.344 ms
Execution time: 979.099 ms
