Seq Scan on cast_info ci  (cost=0.00..796071.18 rows=2668520 width=0) (actual time=0.014..11918.496 rows=4154253 loops=1)
  Filter: ((person_id > 3296997) AND (role_id > 1))
  Rows Removed by Filter: 32090091
Planning time: 0.327 ms
Execution time: 12394.606 ms
