Hash Join  (cost=190230.21..279341.57 rows=1036241 width=0) (actual time=4178.603..6912.653 rows=2956795 loops=1)
  Hash Cond: (mc.movie_id = t.id)
  ->  Seq Scan on movie_companies mc  (cost=0.00..51404.11 rows=1898621 width=4) (actual time=0.029..1029.323 rows=1908918 loops=1)
        Filter: (company_id > 1299)
        Rows Removed by Filter: 700211
  ->  Hash  (cost=167588.78..167588.78 rows=1380035 width=8) (actual time=4177.750..4177.750 rows=1380035 loops=1)
        Buckets: 131072  Batches: 32  Memory Usage: 2708kB
        ->  Hash Join  (cost=102767.86..167588.78 rows=1380035 width=8) (actual time=1897.998..3796.934 rows=1380035 loops=1)
              Hash Cond: (mi_idx.movie_id = t.id)
              ->  Seq Scan on movie_info_idx mi_idx  (cost=0.00..21735.35 rows=1380035 width=4) (actual time=0.023..456.024 rows=1380035 loops=1)
              ->  Hash  (cost=61283.27..61283.27 rows=2528527 width=4) (actual time=1896.966..1896.966 rows=2528312 loops=1)
                    Buckets: 131072  Batches: 64  Memory Usage: 2415kB
                    ->  Seq Scan on title t  (cost=0.00..61283.27 rows=2528527 width=4) (actual time=0.013..1057.644 rows=2528312 loops=1)
Planning time: 1.227 ms
Execution time: 7204.583 ms
