Seq Scan on movie_companies mc  (cost=0.00..51404.11 rows=2063216 width=0) (actual time=0.025..997.635 rows=2058409 loops=1)
  Filter: (company_id < 71869)
  Rows Removed by Filter: 550720
Planning time: 0.337 ms
Execution time: 1254.579 ms
