Seq Scan on cast_info ci  (cost=0.00..705507.15 rows=33721457 width=0) (actual time=0.020..13213.163 rows=33793167 loops=1)
  Filter: (person_id > 237777)
  Rows Removed by Filter: 2451177
Planning time: 0.279 ms
Execution time: 17298.000 ms
