Hash Join  (cost=590136.35..1827539.49 rows=9292036 width=0) (actual time=15105.429..49559.288 rows=26230788 loops=1)
  Hash Cond: (ci.movie_id = t.id)
  ->  Seq Scan on cast_info ci  (cost=0.00..796071.18 rows=19292759 width=4) (actual time=796.510..17604.956 rows=21066479 loops=1)
        Filter: ((person_id < 2238885) AND (role_id < 10))
        Rows Removed by Filter: 15177865
  ->  Hash  (cost=570155.56..570155.56 rows=1217823 width=8) (actual time=14307.337..14307.337 rows=1778790 loops=1)
        Buckets: 131072 (originally 131072)  Batches: 32 (originally 16)  Memory Usage: 3134kB
        ->  Hash Join  (cost=77354.40..570155.56 rows=1217823 width=8) (actual time=1309.449..13744.471 rows=1778790 loops=1)
              Hash Cond: (mi.movie_id = t.id)
              ->  Seq Scan on movie_info mi  (cost=0.00..309384.22 rows=14739122 width=4) (actual time=0.019..5816.158 rows=14835720 loops=1)
              ->  Hash  (cost=73925.90..73925.90 rows=208920 width=4) (actual time=1308.879..1308.879 rows=183835 loops=1)
                    Buckets: 131072  Batches: 4  Memory Usage: 2655kB
                    ->  Seq Scan on title t  (cost=0.00..73925.90 rows=208920 width=4) (actual time=0.023..1232.068 rows=183835 loops=1)
                          Filter: ((kind_id < 7) AND (production_year > 2009))
                          Rows Removed by Filter: 2344477
Planning time: 1.228 ms
Execution time: 52515.877 ms
