Hash Join  (cost=167597.69..927686.36 rows=929950 width=0) (actual time=2966.812..22614.876 rows=3440652 loops=1)
  Hash Cond: (ci.movie_id = t.id)
  ->  Seq Scan on cast_info ci  (cost=0.00..614943.12 rows=36225612 width=4) (actual time=0.022..8942.917 rows=36244344 loops=1)
  ->  Hash  (cost=166786.32..166786.32 rows=64910 width=8) (actual time=2965.946..2965.946 rows=60038 loops=1)
        Buckets: 65536  Batches: 1  Memory Usage: 2858kB
        ->  Hash Join  (cost=69687.24..166786.32 rows=64910 width=8) (actual time=1062.304..2946.666 rows=60038 loops=1)
              Hash Cond: (mk.movie_id = t.id)
              ->  Seq Scan on movie_keyword mk  (cost=0.00..81003.12 rows=1293028 width=4) (actual time=0.018..1448.090 rows=1304238 loops=1)
                    Filter: (keyword_id > 13476)
                    Rows Removed by Filter: 3219692
              ->  Hash  (cost=67604.59..67604.59 rows=126932 width=4) (actual time=1057.933..1057.933 rows=122861 loops=1)
                    Buckets: 131072  Batches: 2  Memory Usage: 3197kB
                    ->  Seq Scan on title t  (cost=0.00..67604.59 rows=126932 width=4) (actual time=0.028..1009.916 rows=122861 loops=1)
                          Filter: (production_year = 2008)
                          Rows Removed by Filter: 2405451
Planning time: 3.039 ms
Execution time: 23057.731 ms
