Hash Join  (cost=140197.13..636449.28 rows=1974528 width=0) (actual time=3289.968..15780.149 rows=1957818 loops=1)
  Hash Cond: (mi.movie_id = t.id)
  ->  Seq Scan on movie_info mi  (cost=0.00..346232.03 rows=11115165 width=4) (actual time=0.025..7034.651 rows=11210743 loops=1)
        Filter: (info_type_id > 3)
        Rows Removed by Filter: 3624977
  ->  Hash  (cost=132827.45..132827.45 rows=449174 width=8) (actual time=3289.076..3289.076 rows=251721 loops=1)
        Buckets: 131072  Batches: 8  Memory Usage: 2265kB
        ->  Hash Join  (cost=87428.23..132827.45 rows=449174 width=8) (actual time=1424.553..3214.881 rows=251721 loops=1)
              Hash Cond: (mi_idx.movie_id = t.id)
              ->  Seq Scan on movie_info_idx mi_idx  (cost=0.00..21735.35 rows=1380035 width=4) (actual time=0.024..518.388 rows=1380035 loops=1)
              ->  Hash  (cost=73925.90..73925.90 rows=822986 width=4) (actual time=1423.415..1423.415 rows=738761 loops=1)
                    Buckets: 131072  Batches: 16  Memory Usage: 2648kB
                    ->  Seq Scan on title t  (cost=0.00..73925.90 rows=822986 width=4) (actual time=0.020..1195.407 rows=738761 loops=1)
                          Filter: ((production_year < 2005) AND (kind_id = 7))
                          Rows Removed by Filter: 1789551
Planning time: 1.135 ms
Execution time: 15987.003 ms
