Hash Join  (cost=420663.33..1173948.21 rows=249568 width=0) (actual time=5756.605..22351.729 rows=1766424 loops=1)
  Hash Cond: (ci.movie_id = t.id)
  ->  Seq Scan on cast_info ci  (cost=0.00..614943.12 rows=36225612 width=4) (actual time=0.009..8779.230 rows=36244344 loops=1)
  ->  Hash  (cost=420445.58..420445.58 rows=17420 width=8) (actual time=5756.179..5756.179 rows=14255 loops=1)
        Buckets: 32768  Batches: 1  Memory Usage: 813kB
        ->  Hash Join  (cost=70241.71..420445.58 rows=17420 width=8) (actual time=5230.600..5752.381 rows=14255 loops=1)
              Hash Cond: (mi.movie_id = t.id)
              ->  Seq Scan on movie_info mi  (cost=0.00..346232.03 rows=274038 width=4) (actual time=3743.651..4326.541 rows=306788 loops=1)
                    Filter: (info_type_id > 105)
                    Rows Removed by Filter: 14528932
              ->  Hash  (cost=67604.59..67604.59 rows=160730 width=4) (actual time=1291.100..1291.100 rows=160017 loops=1)
                    Buckets: 131072  Batches: 4  Memory Usage: 2442kB
                    ->  Seq Scan on title t  (cost=0.00..67604.59 rows=160730 width=4) (actual time=0.025..1079.899 rows=160017 loops=1)
                          Filter: (production_year = 2011)
                          Rows Removed by Filter: 2368295
Planning time: 1.204 ms
Execution time: 22574.614 ms
