Hash Join  (cost=147838.95..501985.85 rows=30352 width=0) (actual time=4618.569..8825.906 rows=472819 loops=1)
  Hash Cond: (mi.movie_id = t.id)
  ->  Seq Scan on movie_info mi  (cost=0.00..346232.03 rows=616095 width=4) (actual time=442.963..4581.315 rows=598457 loops=1)
        Filter: (info_type_id = 15)
        Rows Removed by Filter: 14237263
  ->  Hash  (cost=145794.82..145794.82 rows=124570 width=8) (actual time=3878.679..3878.679 rows=450105 loops=1)
        Buckets: 131072 (originally 131072)  Batches: 8 (originally 2)  Memory Usage: 3246kB
        ->  Hash Join  (cost=78556.72..145794.82 rows=124570 width=8) (actual time=1376.100..3726.175 rows=450105 loops=1)
              Hash Cond: (mc.movie_id = t.id)
              ->  Seq Scan on movie_companies mc  (cost=0.00..57926.93 rows=471857 width=4) (actual time=0.036..1044.381 rows=793528 loops=1)
                    Filter: ((company_id > 19289) AND (company_type_id > 1))
                    Rows Removed by Filter: 1815601
              ->  Hash  (cost=67604.59..67604.59 rows=667531 width=4) (actual time=1375.293..1375.293 rows=662825 loops=1)
                    Buckets: 131072  Batches: 16  Memory Usage: 2476kB
                    ->  Seq Scan on title t  (cost=0.00..67604.59 rows=667531 width=4) (actual time=0.031..1174.662 rows=662825 loops=1)
                          Filter: (kind_id = 1)
                          Rows Removed by Filter: 1865487
Planning time: 1.119 ms
Execution time: 8865.731 ms
