Seq Scan on cast_info ci  (cost=0.00..705507.15 rows=500 width=0) (actual time=4778.697..10511.728 rows=44 loops=1)
  Filter: (person_id = 1538103)
  Rows Removed by Filter: 36244300
Planning time: 0.397 ms
Execution time: 10511.856 ms
