Hash Join  (cost=94699.36..459591.89 rows=23660 width=0) (actual time=1731.611..9300.046 rows=197455 loops=1)
  Hash Cond: (mi.movie_id = t.id)
  ->  Seq Scan on movie_info mi  (cost=0.00..309384.22 rows=14739122 width=4) (actual time=0.019..4376.619 rows=14835720 loops=1)
  ->  Hash  (cost=94648.62..94648.62 rows=4059 width=8) (actual time=1731.285..1731.285 rows=12385 loops=1)
        Buckets: 16384 (originally 4096)  Batches: 1 (originally 1)  Memory Usage: 612kB
        ->  Hash Join  (cost=67697.55..94648.62 rows=4059 width=8) (actual time=1102.788..1726.303 rows=12385 loops=1)
              Hash Cond: (mi_idx.movie_id = t.id)
              ->  Seq Scan on movie_info_idx mi_idx  (cost=0.00..21735.35 rows=1380035 width=4) (actual time=0.022..312.758 rows=1380035 loops=1)
              ->  Hash  (cost=67604.59..67604.59 rows=7437 width=4) (actual time=1102.629..1102.629 rows=16571 loops=1)
                    Buckets: 32768 (originally 8192)  Batches: 1 (originally 1)  Memory Usage: 839kB
                    ->  Seq Scan on title t  (cost=0.00..67604.59 rows=7437 width=4) (actual time=0.018..1094.752 rows=16571 loops=1)
                          Filter: (production_year = 1984)
                          Rows Removed by Filter: 2511741
Planning time: 1.193 ms
Execution time: 9328.128 ms
