Hash Join  (cost=83073.82..140303.32 rows=76 width=0) (actual time=1186.137..2199.532 rows=1084 loops=1)
  Hash Cond: (mc.movie_id = t.id)
  ->  Seq Scan on movie_companies mc  (cost=0.00..51404.11 rows=1553232 width=4) (actual time=0.027..829.750 rows=1543371 loops=1)
        Filter: (company_id < 14597)
        Rows Removed by Filter: 1065758
  ->  Hash  (cost=83072.29..83072.29 rows=123 width=8) (actual time=1160.020..1160.020 rows=99 loops=1)
        Buckets: 1024  Batches: 1  Memory Usage: 12kB
        ->  Nested Loop  (cost=0.43..83072.29 rows=123 width=8) (actual time=3.153..1159.873 rows=99 loops=1)
              ->  Seq Scan on movie_keyword mk  (cost=0.00..81003.12 rows=246 width=4) (actual time=3.119..1154.338 rows=128 loops=1)
                    Filter: (keyword_id = 33498)
                    Rows Removed by Filter: 4523802
              ->  Index Scan using title_pkey on title t  (cost=0.43..8.40 rows=1 width=4) (actual time=0.039..0.039 rows=1 loops=128)
                    Index Cond: (id = mk.movie_id)
                    Filter: (production_year < 2004)
                    Rows Removed by Filter: 0
Planning time: 0.939 ms
Execution time: 2199.861 ms
