Hash Join  (cost=624949.57..2062231.13 rows=21644838 width=0) (actual time=15863.977..49226.823 rows=11410821 loops=1)
  Hash Cond: (ci.movie_id = t.id)
  ->  Seq Scan on cast_info ci  (cost=0.00..614943.12 rows=36225612 width=4) (actual time=0.011..13079.055 rows=36244344 loops=1)
  ->  Hash  (cost=600162.60..600162.60 rows=1510797 width=8) (actual time=15862.889..15862.889 rows=777298 loops=1)
        Buckets: 131072  Batches: 32  Memory Usage: 1911kB
        ->  Hash Join  (cost=78476.71..600162.60 rows=1510797 width=8) (actual time=2826.684..15618.147 rows=777298 loops=1)
              Hash Cond: (mi.movie_id = t.id)
              ->  Seq Scan on movie_info mi  (cost=0.00..346232.03 rows=13773841 width=4) (actual time=0.018..7370.473 rows=13809504 loops=1)
                    Filter: (info_type_id < 85)
                    Rows Removed by Filter: 1026216
              ->  Hash  (cost=73925.90..73925.90 rows=277344 width=4) (actual time=1946.580..1946.580 rows=169544 loops=1)
                    Buckets: 131072  Batches: 4  Memory Usage: 2519kB
                    ->  Seq Scan on title t  (cost=0.00..73925.90 rows=277344 width=4) (actual time=0.023..1222.995 rows=169544 loops=1)
                          Filter: ((production_year < 1976) AND (kind_id = 7))
                          Rows Removed by Filter: 2358768
Planning time: 0.653 ms
Execution time: 50477.814 ms
