Seq Scan on title t  (cost=0.00..73925.90 rows=25013 width=0) (actual time=0.032..1165.740 rows=26270 loops=1)
  Filter: ((kind_id > 4) AND (production_year = 1997))
  Rows Removed by Filter: 2502042
Planning time: 0.405 ms
Execution time: 1170.791 ms
