Hash Join  (cost=169956.37..301728.86 rows=801946 width=0) (actual time=3306.476..6645.652 rows=1167430 loops=1)
  Hash Cond: (mk.movie_id = t.id)
  ->  Seq Scan on movie_keyword mk  (cost=0.00..69693.30 rows=4523930 width=4) (actual time=0.023..1321.775 rows=4523930 loops=1)
  ->  Hash  (cost=162602.54..162602.54 rows=448226 width=8) (actual time=3305.113..3305.113 rows=278582 loops=1)
        Buckets: 131072  Batches: 8  Memory Usage: 2391kB
        ->  Hash Join  (cost=88458.98..162602.54 rows=448226 width=8) (actual time=1863.738..3228.572 rows=278582 loops=1)
              Hash Cond: (mc.movie_id = t.id)
              ->  Seq Scan on movie_companies mc  (cost=0.00..51404.11 rows=1279517 width=4) (actual time=382.769..992.479 rows=1274246 loops=1)
                    Filter: (company_type_id = 1)
                    Rows Removed by Filter: 1334883
              ->  Hash  (cost=73925.90..73925.90 rows=885766 width=4) (actual time=1479.629..1479.629 rows=802336 loops=1)
                    Buckets: 131072  Batches: 16  Memory Usage: 2788kB
                    ->  Seq Scan on title t  (cost=0.00..73925.90 rows=885766 width=4) (actual time=0.022..1229.727 rows=802336 loops=1)
                          Filter: ((kind_id > 2) AND (production_year < 2004))
                          Rows Removed by Filter: 1725976
Planning time: 1.183 ms
Execution time: 6778.432 ms
