Hash Join  (cost=216434.07..363138.31 rows=2027520 width=0) (actual time=4709.479..10023.749 rows=8070565 loops=1)
  Hash Cond: (mk.movie_id = t.id)
  ->  Seq Scan on movie_keyword mk  (cost=0.00..69693.30 rows=4523930 width=4) (actual time=0.024..1368.438 rows=4523930 loops=1)
  ->  Hash  (cost=197841.73..197841.73 rows=1133227 width=8) (actual time=4708.525..4708.525 rows=1243174 loops=1)
        Buckets: 131072  Batches: 16  Memory Usage: 4071kB
        ->  Hash Join  (cost=102767.86..197841.73 rows=1133227 width=8) (actual time=2038.947..4380.466 rows=1243174 loops=1)
              Hash Cond: (mc.movie_id = t.id)
              ->  Seq Scan on movie_companies mc  (cost=0.00..57926.93 rows=1133227 width=4) (actual time=151.562..1201.169 rows=1243174 loops=1)
                    Filter: ((company_id > 225) AND (company_type_id = 2))
                    Rows Removed by Filter: 1365955
              ->  Hash  (cost=61283.27..61283.27 rows=2528527 width=4) (actual time=1886.117..1886.117 rows=2528312 loops=1)
                    Buckets: 131072  Batches: 64  Memory Usage: 2415kB
                    ->  Seq Scan on title t  (cost=0.00..61283.27 rows=2528527 width=4) (actual time=0.017..1057.218 rows=2528312 loops=1)
Planning time: 1.085 ms
Execution time: 10947.719 ms
