Hash Join  (cost=97494.83..192225.53 rows=31293 width=0) (actual time=1924.745..4088.225 rows=166533 loops=1)
  Hash Cond: (mk.movie_id = t.id)
  ->  Seq Scan on movie_keyword mk  (cost=0.00..81003.12 rows=3577239 width=4) (actual time=0.023..1559.573 rows=3562835 loops=1)
        Filter: (keyword_id < 19778)
        Rows Removed by Filter: 961095
  ->  Hash  (cost=97218.34..97218.34 rows=22119 width=8) (actual time=1924.130..1924.130 rows=27686 loops=1)
        Buckets: 32768  Batches: 1  Memory Usage: 1338kB
        ->  Hash Join  (cost=68365.25..97218.34 rows=22119 width=8) (actual time=1191.254..1913.622 rows=27686 loops=1)
              Hash Cond: (mi_idx.movie_id = t.id)
              ->  Seq Scan on movie_info_idx mi_idx  (cost=0.00..25185.44 rows=919057 width=4) (actual time=0.016..481.152 rows=920110 loops=1)
                    Filter: (info_type_id > 99)
                    Rows Removed by Filter: 459925
              ->  Hash  (cost=67604.59..67604.59 rows=60853 width=4) (actual time=1190.892..1190.892 rows=62568 loops=1)
                    Buckets: 65536  Batches: 1  Memory Usage: 2712kB
                    ->  Seq Scan on title t  (cost=0.00..67604.59 rows=60853 width=4) (actual time=0.027..1164.953 rows=62568 loops=1)
                          Filter: (production_year = 2002)
                          Rows Removed by Filter: 2465744
Planning time: 1.261 ms
Execution time: 4109.494 ms
