Hash Join  (cost=156487.41..257723.59 rows=251038 width=0) (actual time=3645.218..6099.655 rows=1031808 loops=1)
  Hash Cond: (mk.movie_id = t.id)
  ->  Seq Scan on movie_keyword mk  (cost=0.00..81003.12 rows=1376979 width=4) (actual time=0.011..1546.985 rows=1385080 loops=1)
        Filter: (keyword_id < 1869)
        Rows Removed by Filter: 3138850
  ->  Hash  (cost=148924.19..148924.19 rows=460978 width=8) (actual time=3644.481..3644.481 rows=459925 loops=1)
        Buckets: 131072  Batches: 8  Memory Usage: 3284kB
        ->  Hash Join  (cost=102767.86..148924.19 rows=460978 width=8) (actual time=1899.979..3504.839 rows=459925 loops=1)
              Hash Cond: (mi_idx.movie_id = t.id)
              ->  Seq Scan on movie_info_idx mi_idx  (cost=0.00..25185.44 rows=460978 width=4) (actual time=0.025..484.269 rows=459925 loops=1)
                    Filter: (info_type_id < 100)
                    Rows Removed by Filter: 920110
              ->  Hash  (cost=61283.27..61283.27 rows=2528527 width=4) (actual time=1898.547..1898.547 rows=2528312 loops=1)
                    Buckets: 131072  Batches: 64  Memory Usage: 2415kB
                    ->  Seq Scan on title t  (cost=0.00..61283.27 rows=2528527 width=4) (actual time=0.015..1070.582 rows=2528312 loops=1)
Planning time: 0.795 ms
Execution time: 6211.346 ms
