Hash Join  (cost=102767.86..1442951.83 rows=22201895 width=0) (actual time=2685.194..41054.986 rows=23020989 loops=1)
  Hash Cond: (ci.movie_id = t.id)
  ->  Seq Scan on cast_info ci  (cost=0.00..796071.18 rows=22201895 width=4) (actual time=0.026..19401.115 rows=23020989 loops=1)
        Filter: ((person_id > 190672) AND (role_id > 1))
        Rows Removed by Filter: 13223355
  ->  Hash  (cost=61283.27..61283.27 rows=2528527 width=4) (actual time=2683.886..2683.886 rows=2528312 loops=1)
        Buckets: 131072  Batches: 64  Memory Usage: 2415kB
        ->  Seq Scan on title t  (cost=0.00..61283.27 rows=2528527 width=4) (actual time=0.022..1141.618 rows=2528312 loops=1)
Planning time: 10.951 ms
Execution time: 43556.399 ms
