Hash Join  (cost=73962.22..891319.72 rows=34163 width=0) (actual time=1088.636..17775.105 rows=72260 loops=1)
  Hash Cond: (ci.movie_id = t.id)
  ->  Seq Scan on cast_info ci  (cost=0.00..705507.15 rows=29735660 width=4) (actual time=0.022..11153.258 rows=29843342 loops=1)
        Filter: (person_id > 617776)
        Rows Removed by Filter: 6401002
  ->  Hash  (cost=73925.90..73925.90 rows=2905 width=4) (actual time=1088.558..1088.558 rows=5989 loops=1)
        Buckets: 8192 (originally 4096)  Batches: 1 (originally 1)  Memory Usage: 275kB
        ->  Seq Scan on title t  (cost=0.00..73925.90 rows=2905 width=4) (actual time=0.289..1085.478 rows=5989 loops=1)
              Filter: ((kind_id < 7) AND (production_year = 1972))
              Rows Removed by Filter: 2522323
Planning time: 0.795 ms
Execution time: 17789.513 ms
