Hash Join  (cost=428096.21..1179497.28 rows=61186 width=0) (actual time=7218.898..24642.144 rows=175069 loops=1)
  Hash Cond: (ci.movie_id = t.id)
  ->  Seq Scan on cast_info ci  (cost=0.00..614943.12 rows=36225612 width=4) (actual time=0.007..9058.962 rows=36244344 loops=1)
  ->  Hash  (cost=428042.83..428042.83 rows=4271 width=8) (actual time=7218.528..7218.528 rows=9320 loops=1)
        Buckets: 16384 (originally 8192)  Batches: 1 (originally 1)  Memory Usage: 493kB
        ->  Hash Join  (cost=73990.99..428042.83 rows=4271 width=8) (actual time=1279.997..7213.775 rows=9320 loops=1)
              Hash Cond: (mi.movie_id = t.id)
              ->  Seq Scan on movie_info mi  (cost=0.00..346232.03 rows=2073893 width=4) (actual time=184.476..5699.872 rows=2091068 loops=1)
                    Filter: (info_type_id < 3)
                    Rows Removed by Filter: 12744652
              ->  Hash  (cost=73925.90..73925.90 rows=5207 width=4) (actual time=1095.372..1095.372 rows=14491 loops=1)
                    Buckets: 16384 (originally 8192)  Batches: 1 (originally 1)  Memory Usage: 638kB
                    ->  Seq Scan on title t  (cost=0.00..73925.90 rows=5207 width=4) (actual time=0.035..1088.309 rows=14491 loops=1)
                          Filter: ((kind_id > 2) AND (production_year = 1987))
                          Rows Removed by Filter: 2513821
Planning time: 1.216 ms
Execution time: 24670.912 ms
