Seq Scan on cast_info ci  (cost=0.00..705507.15 rows=500 width=0) (actual time=8546.330..9815.492 rows=80 loops=1)
  Filter: (person_id = 996868)
  Rows Removed by Filter: 36244264
Planning time: 0.362 ms
Execution time: 9815.604 ms
