Seq Scan on movie_companies mc  (cost=0.00..57926.93 rows=918555 width=0) (actual time=368.115..1029.558 rows=1102373 loops=1)
  Filter: ((company_id > 1761) AND (company_type_id > 1))
  Rows Removed by Filter: 1506756
Planning time: 0.355 ms
Execution time: 1169.493 ms
