Seq Scan on movie_keyword mk  (cost=0.00..81003.12 rows=749128 width=0) (actual time=0.025..1350.984 rows=755153 loops=1)
  Filter: (keyword_id > 24772)
  Rows Removed by Filter: 3768777
Planning time: 0.394 ms
Execution time: 1446.317 ms
