Hash Join  (cost=150298.95..640420.73 rows=966785 width=0) (actual time=3038.283..15631.933 rows=2680522 loops=1)
  Hash Cond: (mi.movie_id = t.id)
  ->  Seq Scan on movie_info mi  (cost=0.00..309384.22 rows=14739122 width=4) (actual time=0.025..5887.900 rows=14835720 loops=1)
  ->  Hash  (cost=147577.78..147577.78 rows=165854 width=8) (actual time=3037.437..3037.437 rows=126472 loops=1)
        Buckets: 131072  Batches: 4  Memory Usage: 2260kB
        ->  Hash Join  (cost=70241.71..147577.78 rows=165854 width=8) (actual time=1123.628..2996.895 rows=126472 loops=1)
              Hash Cond: (mc.movie_id = t.id)
              ->  Seq Scan on movie_companies mc  (cost=0.00..44881.29 rows=2609129 width=4) (actual time=0.014..815.608 rows=2609129 loops=1)
              ->  Hash  (cost=67604.59..67604.59 rows=160730 width=4) (actual time=1122.816..1122.816 rows=160017 loops=1)
                    Buckets: 131072  Batches: 4  Memory Usage: 2436kB
                    ->  Seq Scan on title t  (cost=0.00..67604.59 rows=160730 width=4) (actual time=0.021..1063.248 rows=160017 loops=1)
                          Filter: (production_year = 2011)
                          Rows Removed by Filter: 2368295
Planning time: 1.126 ms
Execution time: 15953.977 ms
