Hash Join  (cost=160823.02..544375.48 rows=47266 width=0) (actual time=3391.668..10513.304 rows=64367 loops=1)
  Hash Cond: (mi.movie_id = t.id)
  ->  Seq Scan on movie_info mi  (cost=0.00..309384.22 rows=14739122 width=4) (actual time=0.014..4509.679 rows=14835720 loops=1)
  ->  Hash  (cost=160721.67..160721.67 rows=8108 width=8) (actual time=3145.541..3145.541 rows=4117 loops=1)
        Buckets: 8192  Batches: 1  Memory Usage: 225kB
        ->  Hash Join  (cost=73982.55..160721.67 rows=8108 width=8) (actual time=2010.912..3144.082 rows=4117 loops=1)
              Hash Cond: (mk.movie_id = t.id)
              ->  Seq Scan on movie_keyword mk  (cost=0.00..69693.30 rows=4523930 width=4) (actual time=0.014..1020.849 rows=4523930 loops=1)
              ->  Hash  (cost=73925.90..73925.90 rows=4532 width=4) (actual time=1273.476..1273.476 rows=7858 loops=1)
                    Buckets: 8192  Batches: 1  Memory Usage: 341kB
                    ->  Seq Scan on title t  (cost=0.00..73925.90 rows=4532 width=4) (actual time=0.081..1269.504 rows=7858 loops=1)
                          Filter: ((kind_id = 7) AND (production_year = 1975))
                          Rows Removed by Filter: 2520454
Planning time: 1.128 ms
Execution time: 10521.836 ms
