Hash Join  (cost=709673.30..767673.19 rows=8 width=0) (actual time=11265.715..12116.127 rows=1 loops=1)
  Hash Cond: (mc.movie_id = t.id)
  ->  Seq Scan on movie_companies mc  (cost=0.00..51404.11 rows=1758853 width=4) (actual time=0.009..898.734 rows=1763493 loops=1)
        Filter: (company_id > 2281)
        Rows Removed by Filter: 845636
  ->  Hash  (cost=709673.15..709673.15 rows=12 width=8) (actual time=10983.995..10983.995 rows=8 loops=1)
        Buckets: 1024  Batches: 1  Memory Usage: 9kB
        ->  Nested Loop  (cost=0.43..709673.15 rows=12 width=8) (actual time=4243.456..10983.927 rows=8 loops=1)
              ->  Seq Scan on cast_info ci  (cost=0.00..705507.15 rows=500 width=4) (actual time=4242.273..10966.298 rows=667 loops=1)
                    Filter: (person_id = 1147296)
                    Rows Removed by Filter: 36243677
              ->  Index Scan using title_pkey on title t  (cost=0.43..8.32 rows=1 width=4) (actual time=0.026..0.026 rows=0 loops=667)
                    Index Cond: (id = ci.movie_id)
                    Filter: (production_year = 2002)
                    Rows Removed by Filter: 1
Planning time: 0.961 ms
Execution time: 12116.275 ms
