Seq Scan on movie_companies mc  (cost=0.00..51404.11 rows=1110039 width=0) (actual time=0.027..904.438 rows=1119946 loops=1)
  Filter: (company_id > 13713)
  Rows Removed by Filter: 1489183
Planning time: 0.306 ms
Execution time: 1040.642 ms
