Seq Scan on cast_info ci  (cost=0.00..796071.18 rows=8198618 width=0) (actual time=1093.882..14696.465 rows=4135318 loops=1)
  Filter: ((person_id < 2493009) AND (role_id > 3))
  Rows Removed by Filter: 32109026
Planning time: 0.383 ms
Execution time: 15178.113 ms
