Seq Scan on cast_info ci  (cost=0.00..705507.15 rows=21257458 width=0) (actual time=0.012..12424.199 rows=21380640 loops=1)
  Filter: (person_id > 1466630)
  Rows Removed by Filter: 14863704
Planning time: 0.333 ms
Execution time: 15092.562 ms
