Seq Scan on cast_info ci  (cost=0.00..796071.18 rows=7582559 width=0) (actual time=0.010..15330.547 rows=12670688 loops=1)
  Filter: ((person_id < 2172702) AND (role_id < 2))
  Rows Removed by Filter: 23573656
Planning time: 0.369 ms
Execution time: 16841.184 ms
