Seq Scan on movie_companies mc  (cost=0.00..57926.93 rows=995904 width=0) (actual time=0.024..1035.092 rows=856262 loops=1)
  Filter: ((company_id > 624) AND (company_type_id < 2))
  Rows Removed by Filter: 1752867
Planning time: 0.327 ms
Execution time: 1144.995 ms
