Hash Join  (cost=841983.19..1051297.70 rows=1132561 width=0) (actual time=21730.132..27228.185 rows=9764508 loops=1)
  Hash Cond: (mk.movie_id = t.id)
  ->  Seq Scan on movie_keyword mk  (cost=0.00..69693.30 rows=4523930 width=4) (actual time=0.023..1455.027 rows=4523930 loops=1)
  ->  Hash  (cost=831597.51..831597.51 rows=633014 width=8) (actual time=21728.135..21728.135 rows=578444 loops=1)
        Buckets: 131072  Batches: 16  Memory Usage: 2483kB
        ->  Hash Join  (cost=74478.21..831597.51 rows=633014 width=8) (actual time=1105.226..21393.689 rows=578444 loops=1)
              Hash Cond: (ci.movie_id = t.id)
              ->  Seq Scan on cast_info ci  (cost=0.00..614943.12 rows=36225612 width=4) (actual time=0.024..9664.248 rows=36244344 loops=1)
              ->  Hash  (cost=73925.90..73925.90 rows=44184 width=4) (actual time=1104.771..1104.771 rows=35489 loops=1)
                    Buckets: 65536  Batches: 1  Memory Usage: 1760kB
                    ->  Seq Scan on title t  (cost=0.00..73925.90 rows=44184 width=4) (actual time=0.086..1090.877 rows=35489 loops=1)
                          Filter: ((kind_id < 7) AND (production_year = 2007))
                          Rows Removed by Filter: 2492823
Planning time: 0.880 ms
Execution time: 28326.711 ms
