Hash Join  (cost=198212.25..628534.19 rows=546700 width=0) (actual time=4516.611..14782.191 rows=7569461 loops=1)
  Hash Cond: (mi.movie_id = t.id)
  ->  Seq Scan on movie_info mi  (cost=0.00..346232.03 rows=6066786 width=4) (actual time=487.309..6442.645 rows=6065224 loops=1)
        Filter: (info_type_id > 11)
        Rows Removed by Filter: 8770496
  ->  Hash  (cost=194473.08..194473.08 rows=227854 width=8) (actual time=4028.415..4028.415 rows=208164 loops=1)
        Buckets: 131072  Batches: 4  Memory Usage: 2997kB
        ->  Hash Join  (cost=69694.50..194473.08 rows=227854 width=8) (actual time=1074.669..3960.043 rows=208164 loops=1)
              Hash Cond: (mk.movie_id = t.id)
              ->  Seq Scan on movie_keyword mk  (cost=0.00..69693.30 rows=4523930 width=4) (actual time=0.040..1481.485 rows=4523930 loops=1)
              ->  Hash  (cost=67604.59..67604.59 rows=127353 width=4) (actual time=1073.841..1073.841 rows=128696 loops=1)
                    Buckets: 131072  Batches: 2  Memory Usage: 3290kB
                    ->  Seq Scan on title t  (cost=0.00..67604.59 rows=127353 width=4) (actual time=0.024..1021.438 rows=128696 loops=1)
                          Filter: (production_year = 2009)
                          Rows Removed by Filter: 2399616
Planning time: 2.639 ms
Execution time: 15666.495 ms
