Hash Join  (cost=709673.76..1074332.55 rows=286 width=0) (actual time=11051.123..18583.905 rows=4938 loops=1)
  Hash Cond: (mi.movie_id = t.id)
  ->  Seq Scan on movie_info mi  (cost=0.00..309384.22 rows=14739122 width=4) (actual time=0.018..4812.479 rows=14835720 loops=1)
  ->  Hash  (cost=709673.15..709673.15 rows=49 width=8) (actual time=11050.891..11050.891 rows=146 loops=1)
        Buckets: 1024  Batches: 1  Memory Usage: 14kB
        ->  Nested Loop  (cost=0.43..709673.15 rows=49 width=8) (actual time=6028.588..11050.781 rows=146 loops=1)
              ->  Seq Scan on cast_info ci  (cost=0.00..705507.15 rows=500 width=4) (actual time=6028.504..11048.126 rows=147 loops=1)
                    Filter: (person_id = 768488)
                    Rows Removed by Filter: 36244197
              ->  Index Scan using title_pkey on title t  (cost=0.43..8.32 rows=1 width=4) (actual time=0.017..0.017 rows=1 loops=147)
                    Index Cond: (id = ci.movie_id)
                    Filter: (production_year < 1961)
                    Rows Removed by Filter: 0
Planning time: 1.193 ms
Execution time: 18585.245 ms
