Seq Scan on movie_companies mc  (cost=0.00..57926.93 rows=44540 width=0) (actual time=778.363..958.200 rows=87552 loops=1)
  Filter: ((company_id > 165251) AND (company_type_id > 1))
  Rows Removed by Filter: 2521577
Planning time: 0.333 ms
Execution time: 969.281 ms
