Hash Join  (cost=83074.74..139466.19 rows=129 width=0) (actual time=1260.884..2247.807 rows=448 loops=1)
  Hash Cond: (mc.movie_id = t.id)
  ->  Seq Scan on movie_companies mc  (cost=0.00..51404.11 rows=1329612 width=4) (actual time=0.024..829.866 rows=1334883 loops=1)
        Filter: (company_type_id > 1)
        Rows Removed by Filter: 1274246
  ->  Hash  (cost=83071.67..83071.67 rows=246 width=8) (actual time=1259.999..1259.999 rows=210 loops=1)
        Buckets: 1024  Batches: 1  Memory Usage: 17kB
        ->  Nested Loop  (cost=0.43..83071.67 rows=246 width=8) (actual time=1.962..1259.772 rows=210 loops=1)
              ->  Seq Scan on movie_keyword mk  (cost=0.00..81003.12 rows=246 width=4) (actual time=1.892..1245.598 rows=210 loops=1)
                    Filter: (keyword_id = 8621)
                    Rows Removed by Filter: 4523720
              ->  Index Only Scan using title_pkey on title t  (cost=0.43..8.40 rows=1 width=4) (actual time=0.064..0.064 rows=1 loops=210)
                    Index Cond: (id = mk.movie_id)
                    Heap Fetches: 210
Planning time: 2.843 ms
Execution time: 2248.026 ms
