Hash Join  (cost=483811.61..616622.47 rows=859801 width=0) (actual time=7558.078..15890.382 rows=23683996 loops=1)
  Hash Cond: (mk.movie_id = t.id)
  ->  Seq Scan on movie_keyword mk  (cost=0.00..81003.12 rows=3528726 width=4) (actual time=0.017..1707.353 rows=3522906 loops=1)
        Filter: (keyword_id > 956)
        Rows Removed by Filter: 1001024
  ->  Hash  (cost=473703.43..473703.43 rows=616095 width=8) (actual time=7556.446..7556.446 rows=598457 loops=1)
        Buckets: 131072  Batches: 16  Memory Usage: 2551kB
        ->  Hash Join  (cost=102767.86..473703.43 rows=616095 width=8) (actual time=3497.007..7405.730 rows=598457 loops=1)
              Hash Cond: (mi.movie_id = t.id)
              ->  Seq Scan on movie_info mi  (cost=0.00..346232.03 rows=616095 width=4) (actual time=1394.551..4544.934 rows=598457 loops=1)
                    Filter: (info_type_id = 15)
                    Rows Removed by Filter: 14237263
              ->  Hash  (cost=61283.27..61283.27 rows=2528527 width=4) (actual time=2074.798..2074.798 rows=2528312 loops=1)
                    Buckets: 131072  Batches: 64  Memory Usage: 2425kB
                    ->  Seq Scan on title t  (cost=0.00..61283.27 rows=2528527 width=4) (actual time=0.018..1035.664 rows=2528312 loops=1)
Planning time: 1.146 ms
Execution time: 18346.645 ms
