Nested Loop  (cost=0.43..709674.40 rows=159 width=0) (actual time=1267.444..11227.023 rows=82 loops=1)
  ->  Seq Scan on cast_info ci  (cost=0.00..705507.15 rows=500 width=4) (actual time=1267.292..11205.791 rows=238 loops=1)
        Filter: (person_id = 1429305)
        Rows Removed by Filter: 36244106
  ->  Index Scan using title_pkey on title t  (cost=0.43..8.32 rows=1 width=4) (actual time=0.088..0.088 rows=0 loops=238)
        Index Cond: (id = ci.movie_id)
        Filter: ((kind_id < 7) AND (production_year > 1971))
        Rows Removed by Filter: 1
Planning time: 0.749 ms
Execution time: 11227.147 ms
