Hash Join  (cost=102767.86..224549.69 rows=1284105 width=0) (actual time=1956.438..4776.958 rows=1297042 loops=1)
  Hash Cond: (mk.movie_id = t.id)
  ->  Seq Scan on movie_keyword mk  (cost=0.00..81003.12 rows=1284105 width=4) (actual time=0.022..1447.381 rows=1297042 loops=1)
        Filter: (keyword_id < 1684)
        Rows Removed by Filter: 3226888
  ->  Hash  (cost=61283.27..61283.27 rows=2528527 width=4) (actual time=1955.005..1955.005 rows=2528312 loops=1)
        Buckets: 131072  Batches: 64  Memory Usage: 2425kB
        ->  Seq Scan on title t  (cost=0.00..61283.27 rows=2528527 width=4) (actual time=0.020..1112.815 rows=2528312 loops=1)
Planning time: 2.369 ms
Execution time: 4919.798 ms
