Hash Join  (cost=92883.59..1038666.46 rows=4631342 width=0) (actual time=11928.829..17438.781 rows=1234270 loops=1)
  Hash Cond: (ci.movie_id = t.id)
  ->  Seq Scan on cast_info ci  (cost=0.00..796071.18 rows=7600255 width=4) (actual time=10120.456..13931.958 rows=2193699 loops=1)
        Filter: ((person_id > 1429656) AND (role_id = 1))
        Rows Removed by Filter: 34050645
  ->  Hash  (cost=67604.59..67604.59 rows=1540800 width=4) (actual time=1806.926..1806.926 rows=1543264 loops=1)
        Buckets: 131072  Batches: 32  Memory Usage: 2722kB
        ->  Seq Scan on title t  (cost=0.00..67604.59 rows=1540800 width=4) (actual time=0.036..1328.460 rows=1543264 loops=1)
              Filter: (kind_id = 7)
              Rows Removed by Filter: 985048
Planning time: 0.740 ms
Execution time: 17592.727 ms
