Seq Scan on movie_companies mc  (cost=0.00..57926.93 rows=499699 width=0) (actual time=412.553..949.273 rows=198868 loops=1)
  Filter: ((company_id > 15654) AND (company_type_id < 2))
  Rows Removed by Filter: 2410261
Planning time: 0.348 ms
Execution time: 974.828 ms
