Seq Scan on movie_keyword mk  (cost=0.00..81003.12 rows=617562 width=0) (actual time=0.018..1274.224 rows=616479 loops=1)
  Filter: (keyword_id > 29580)
  Rows Removed by Filter: 3907451
Planning time: 0.222 ms
Execution time: 1355.794 ms
