Seq Scan on cast_info ci  (cost=0.00..705507.15 rows=500 width=0) (actual time=790.133..11421.577 rows=15 loops=1)
  Filter: (person_id = 3365615)
  Rows Removed by Filter: 36244329
Planning time: 0.382 ms
Execution time: 11421.675 ms
