Hash Join  (cost=73962.22..128657.72 rows=2998 width=0) (actual time=1089.231..1850.341 rows=16815 loops=1)
  Hash Cond: (mc.movie_id = t.id)
  ->  Seq Scan on movie_companies mc  (cost=0.00..44881.29 rows=2609129 width=4) (actual time=0.029..378.331 rows=2609129 loops=1)
  ->  Hash  (cost=73925.90..73925.90 rows=2905 width=4) (actual time=1088.967..1088.967 rows=8126 loops=1)
        Buckets: 8192 (originally 4096)  Batches: 1 (originally 1)  Memory Usage: 350kB
        ->  Seq Scan on title t  (cost=0.00..73925.90 rows=2905 width=4) (actual time=0.183..1085.149 rows=8126 loops=1)
              Filter: ((kind_id < 7) AND (production_year = 1987))
              Rows Removed by Filter: 2520186
Planning time: 0.786 ms
Execution time: 1852.727 ms
