Nested Loop  (cost=0.43..709673.15 rows=195 width=0) (actual time=1274.268..10571.617 rows=13 loops=1)
  ->  Seq Scan on cast_info ci  (cost=0.00..705507.15 rows=500 width=4) (actual time=1274.207..10571.154 rows=13 loops=1)
        Filter: (person_id = 1661996)
        Rows Removed by Filter: 36244331
  ->  Index Scan using title_pkey on title t  (cost=0.43..8.32 rows=1 width=4) (actual time=0.024..0.024 rows=1 loops=13)
        Index Cond: (id = ci.movie_id)
        Filter: (kind_id < 7)
Planning time: 2.481 ms
Execution time: 10571.733 ms
