Seq Scan on cast_info ci  (cost=0.00..796071.18 rows=324 width=0) (actual time=1451.358..14189.490 rows=1197 loops=1)
  Filter: ((role_id > 1) AND (person_id = 2389155))
  Rows Removed by Filter: 36243147
Planning time: 0.437 ms
Execution time: 14189.698 ms
