Hash Join  (cost=106034.92..163350.53 rows=20381 width=0) (actual time=2058.638..3243.689 rows=18112 loops=1)
  Hash Cond: (mc.movie_id = t.id)
  ->  Seq Scan on movie_companies mc  (cost=0.00..51404.11 rows=1522051 width=4) (actual time=0.011..893.594 rows=1505423 loops=1)
        Filter: (company_id < 14056)
        Rows Removed by Filter: 1103706
  ->  Hash  (cost=105611.68..105611.68 rows=33859 width=8) (actual time=2058.100..2058.100 rows=11738 loops=1)
        Buckets: 65536  Batches: 1  Memory Usage: 971kB
        ->  Hash Join  (cost=69140.02..105611.68 rows=33859 width=8) (actual time=1176.611..2053.467 rows=11738 loops=1)
              Hash Cond: (mi_idx.movie_id = t.id)
              ->  Seq Scan on movie_info_idx mi_idx  (cost=0.00..25185.44 rows=915101 width=4) (actual time=0.012..552.993 rows=919850 loops=1)
                    Filter: (info_type_id < 101)
                    Rows Removed by Filter: 460185
              ->  Hash  (cost=67604.59..67604.59 rows=93555 width=4) (actual time=1175.271..1175.271 rows=92899 loops=1)
                    Buckets: 131072  Batches: 2  Memory Usage: 2656kB
                    ->  Seq Scan on title t  (cost=0.00..67604.59 rows=93555 width=4) (actual time=279.157..1143.256 rows=92899 loops=1)
                          Filter: (production_year < 1922)
                          Rows Removed by Filter: 2435413
Planning time: 1.158 ms
Execution time: 3246.492 ms
