Hash Join  (cost=1018504.83..3302965.75 rows=101521720 width=0) (actual time=29283.168..110838.960 rows=218650867 loops=1)
  Hash Cond: (ci.movie_id = t.id)
  ->  Seq Scan on cast_info ci  (cost=0.00..705507.15 rows=17416262 width=4) (actual time=3164.620..14598.062 rows=17542464 loops=1)
        Filter: (person_id > 1863346)
        Rows Removed by Filter: 18701880
  ->  Hash  (cost=776690.81..776690.81 rows=14739122 width=8) (actual time=26112.140..26112.140 rows=14835720 loops=1)
        Buckets: 131072  Batches: 256  Memory Usage: 3268kB
        ->  Hash Join  (cost=102767.86..776690.81 rows=14739122 width=8) (actual time=2652.233..22085.344 rows=14835720 loops=1)
              Hash Cond: (mi.movie_id = t.id)
              ->  Seq Scan on movie_info mi  (cost=0.00..309384.22 rows=14739122 width=4) (actual time=0.035..6450.829 rows=14835720 loops=1)
              ->  Hash  (cost=61283.27..61283.27 rows=2528527 width=4) (actual time=2650.574..2650.574 rows=2528312 loops=1)
                    Buckets: 131072  Batches: 64  Memory Usage: 2425kB
                    ->  Seq Scan on title t  (cost=0.00..61283.27 rows=2528527 width=4) (actual time=0.025..1061.573 rows=2528312 loops=1)
Planning time: 1.411 ms
Execution time: 134849.385 ms
