Hash Join  (cost=796162.59..1179335.74 rows=9332 width=0) (actual time=13947.085..21765.311 rows=64983 loops=1)
  Hash Cond: (mi.movie_id = t.id)
  ->  Seq Scan on movie_info mi  (cost=0.00..309384.22 rows=14739122 width=4) (actual time=0.019..4688.605 rows=14835720 loops=1)
  ->  Hash  (cost=796142.58..796142.58 rows=1601 width=8) (actual time=13927.433..13927.433 rows=7202 loops=1)
        Buckets: 8192 (originally 2048)  Batches: 1 (originally 1)  Memory Usage: 346kB
        ->  Hash Join  (cost=67612.84..796142.58 rows=1601 width=8) (actual time=980.497..13922.865 rows=7202 loops=1)
              Hash Cond: (ci.movie_id = t.id)
              ->  Seq Scan on cast_info ci  (cost=0.00..705507.15 rows=6135089 width=4) (actual time=0.012..11777.959 rows=6044160 loops=1)
                    Filter: (person_id < 583604)
                    Rows Removed by Filter: 30200184
              ->  Hash  (cost=67604.59..67604.59 rows=660 width=4) (actual time=980.241..980.241 rows=3515 loops=1)
                    Buckets: 4096 (originally 1024)  Batches: 1 (originally 1)  Memory Usage: 156kB
                    ->  Seq Scan on title t  (cost=0.00..67604.59 rows=660 width=4) (actual time=0.036..978.555 rows=3515 loops=1)
                          Filter: (production_year > 2013)
                          Rows Removed by Filter: 2524797
Planning time: 1.064 ms
Execution time: 21775.668 ms
