Seq Scan on cast_info ci  (cost=0.00..705507.15 rows=500 width=0) (actual time=574.916..11107.307 rows=11 loops=1)
  Filter: (person_id = 2882159)
  Rows Removed by Filter: 36244333
Planning time: 0.402 ms
Execution time: 11107.425 ms
