Seq Scan on movie_companies mc  (cost=0.00..57926.93 rows=358493 width=0) (actual time=344.621..905.843 rows=670829 loops=1)
  Filter: ((company_id > 44130) AND (company_type_id = 2))
  Rows Removed by Filter: 1938300
Planning time: 0.449 ms
Execution time: 993.795 ms
