Hash Join  (cost=237025.71..1144097.51 rows=5049793 width=0) (actual time=12013.133..30222.118 rows=16717876 loops=1)
  Hash Cond: (ci.movie_id = t.id)
  ->  Seq Scan on cast_info ci  (cost=0.00..705507.15 rows=12726058 width=4) (actual time=6862.602..14004.222 rows=12670688 loops=1)
        Filter: (role_id < 2)
        Rows Removed by Filter: 23573656
  ->  Hash  (cost=220563.99..220563.99 rows=1003338 width=8) (actual time=5149.512..5149.512 rows=1054635 loops=1)
        Buckets: 131072  Batches: 16  Memory Usage: 3628kB
        ->  Hash Join  (cost=106561.27..220563.99 rows=1003338 width=8) (actual time=2213.761..4848.817 rows=1054635 loops=1)
              Hash Cond: (mk.movie_id = t.id)
              ->  Seq Scan on movie_keyword mk  (cost=0.00..81003.12 rows=1068442 width=4) (actual time=0.040..1371.686 rows=1076319 loops=1)
                    Filter: (keyword_id < 1082)
                    Rows Removed by Filter: 3447611
              ->  Hash  (cost=67604.59..67604.59 rows=2374455 width=4) (actual time=2213.040..2213.040 rows=2370958 loops=1)
                    Buckets: 131072  Batches: 32  Memory Usage: 3641kB
                    ->  Seq Scan on title t  (cost=0.00..67604.59 rows=2374455 width=4) (actual time=0.022..1421.284 rows=2370958 loops=1)
                          Filter: (production_year > 1919)
                          Rows Removed by Filter: 157354
Planning time: 2.903 ms
Execution time: 32087.206 ms
