Seq Scan on movie_keyword mk  (cost=0.00..81003.12 rows=1984340 width=0) (actual time=0.019..1444.041 rows=1984712 loops=1)
  Filter: (keyword_id < 3511)
  Rows Removed by Filter: 2539218
Planning time: 0.300 ms
Execution time: 1694.822 ms
