Hash Join  (cost=95149.64..184290.14 rows=6073 width=0) (actual time=1372.180..3104.429 rows=26544 loops=1)
  Hash Cond: (mk.movie_id = t.id)
  ->  Seq Scan on movie_keyword mk  (cost=0.00..81003.12 rows=2153771 width=4) (actual time=0.017..1375.290 rows=2150363 loops=1)
        Filter: (keyword_id > 5393)
        Rows Removed by Filter: 2373567
  ->  Hash  (cost=95060.51..95060.51 rows=7130 width=8) (actual time=1370.006..1370.006 rows=7816 loops=1)
        Buckets: 8192  Batches: 1  Memory Usage: 370kB
        ->  Hash Join  (cost=68100.81..95060.51 rows=7130 width=8) (actual time=796.077..1366.621 rows=7816 loops=1)
              Hash Cond: (mi_idx.movie_id = t.id)
              ->  Seq Scan on movie_info_idx mi_idx  (cost=0.00..25185.44 rows=454124 width=4) (actual time=0.014..445.354 rows=459925 loops=1)
                    Filter: (info_type_id = 100)
                    Rows Removed by Filter: 920110
              ->  Hash  (cost=67604.59..67604.59 rows=39698 width=4) (actual time=795.733..795.733 rows=36437 loops=1)
                    Buckets: 65536  Batches: 1  Memory Usage: 1793kB
                    ->  Seq Scan on title t  (cost=0.00..67604.59 rows=39698 width=4) (actual time=0.066..780.009 rows=36437 loops=1)
                          Filter: (production_year = 1995)
                          Rows Removed by Filter: 2491875
Planning time: 1.169 ms
Execution time: 3108.352 ms
