Nested Loop  (cost=0.43..58358.27 rows=51 width=0) (actual time=1.787..780.402 rows=416 loops=1)
  ->  Seq Scan on movie_companies mc  (cost=0.00..57926.93 rows=51 width=4) (actual time=1.729..756.235 rows=416 loops=1)
        Filter: ((company_id = 1368) AND (company_type_id = 1))
        Rows Removed by Filter: 2608713
  ->  Index Only Scan using title_pkey on title t  (cost=0.43..8.45 rows=1 width=4) (actual time=0.056..0.057 rows=1 loops=416)
        Index Cond: (id = mc.movie_id)
        Heap Fetches: 416
Planning time: 0.621 ms
Execution time: 780.619 ms
