Seq Scan on movie_companies mc  (cost=0.00..51404.11 rows=1886239 width=0) (actual time=0.028..1001.851 rows=1882448 loops=1)
  Filter: (company_id < 41117)
  Rows Removed by Filter: 726681
Planning time: 0.325 ms
Execution time: 1245.189 ms
