Hash Join  (cost=102767.86..1118199.23 rows=12469429 width=0) (actual time=1917.650..25348.934 rows=12392288 loops=1)
  Hash Cond: (ci.movie_id = t.id)
  ->  Seq Scan on cast_info ci  (cost=0.00..705507.15 rows=12469429 width=4) (actual time=0.057..12728.442 rows=12392288 loops=1)
        Filter: (person_id < 1221955)
        Rows Removed by Filter: 23852056
  ->  Hash  (cost=61283.27..61283.27 rows=2528527 width=4) (actual time=1916.074..1916.074 rows=2528312 loops=1)
        Buckets: 131072  Batches: 64  Memory Usage: 2415kB
        ->  Seq Scan on title t  (cost=0.00..61283.27 rows=2528527 width=4) (actual time=0.006..1075.058 rows=2528312 loops=1)
Planning time: 1.106 ms
Execution time: 26769.258 ms
