Hash Join  (cost=156487.41..1005057.54 rows=690496 width=0) (actual time=4761.844..21589.439 rows=2919335 loops=1)
  Hash Cond: (ci.movie_id = t.id)
  ->  Seq Scan on cast_info ci  (cost=0.00..796071.18 rows=3787463 width=4) (actual time=610.275..12552.913 rows=7655203 loops=1)
        Filter: ((person_id < 1043384) AND (role_id = 1))
        Rows Removed by Filter: 28589141
  ->  Hash  (cost=148924.19..148924.19 rows=460978 width=8) (actual time=4150.712..4150.712 rows=459925 loops=1)
        Buckets: 131072  Batches: 8  Memory Usage: 3275kB
        ->  Hash Join  (cost=102767.86..148924.19 rows=460978 width=8) (actual time=2782.106..4022.311 rows=459925 loops=1)
              Hash Cond: (mi_idx.movie_id = t.id)
              ->  Seq Scan on movie_info_idx mi_idx  (cost=0.00..25185.44 rows=460978 width=4) (actual time=0.023..463.404 rows=459925 loops=1)
                    Filter: (info_type_id < 100)
                    Rows Removed by Filter: 920110
              ->  Hash  (cost=61283.27..61283.27 rows=2528527 width=4) (actual time=2780.052..2780.052 rows=2528312 loops=1)
                    Buckets: 131072  Batches: 64  Memory Usage: 2415kB
                    ->  Seq Scan on title t  (cost=0.00..61283.27 rows=2528527 width=4) (actual time=0.015..1177.456 rows=2528312 loops=1)
Planning time: 1.259 ms
Execution time: 21866.663 ms
