Seq Scan on cast_info ci  (cost=0.00..796071.18 rows=1181863 width=0) (actual time=2763.154..11074.124 rows=1860956 loops=1)
  Filter: ((person_id > 3694523) AND (role_id > 1))
  Rows Removed by Filter: 34383388
Planning time: 0.448 ms
Execution time: 11304.467 ms
