Seq Scan on cast_info ci  (cost=0.00..796071.18 rows=275673 width=0) (actual time=9027.188..13766.244 rows=95681 loops=1)
  Filter: ((person_id < 2904116) AND (role_id > 10))
  Rows Removed by Filter: 36148663
Planning time: 0.254 ms
Execution time: 13778.471 ms
