Seq Scan on movie_companies mc  (cost=0.00..51404.11 rows=1937864 width=0) (actual time=0.019..976.065 rows=1944933 loops=1)
  Filter: (company_id > 1003)
  Rows Removed by Filter: 664196
Planning time: 0.349 ms
Execution time: 1218.455 ms
