Seq Scan on movie_keyword mk  (cost=0.00..81003.12 rows=4328620 width=0) (actual time=0.025..1591.905 rows=4315515 loops=1)
  Filter: (keyword_id > 138)
  Rows Removed by Filter: 208415
Planning time: 0.327 ms
Execution time: 2115.217 ms
