Hash Join  (cost=129298.17..881552.75 rows=98542 width=0) (actual time=6852.343..19232.198 rows=557412 loops=1)
  Hash Cond: (ci.movie_id = t.id)
  ->  Seq Scan on cast_info ci  (cost=0.00..705507.15 rows=12203201 width=4) (actual time=4552.615..13971.857 rows=12113646 loops=1)
        Filter: (role_id > 3)
        Rows Removed by Filter: 24130698
  ->  Hash  (cost=129042.95..129042.95 rows=20418 width=8) (actual time=2299.128..2299.128 rows=31698 loops=1)
        Buckets: 32768  Batches: 1  Memory Usage: 1495kB
        ->  Hash Join  (cost=74173.24..129042.95 rows=20418 width=8) (actual time=1042.975..2287.112 rows=31698 loops=1)
              Hash Cond: (mc.movie_id = t.id)
              ->  Seq Scan on movie_companies mc  (cost=0.00..44881.29 rows=2609129 width=4) (actual time=0.019..643.642 rows=2609129 loops=1)
              ->  Hash  (cost=73925.90..73925.90 rows=19787 width=4) (actual time=1042.469..1042.469 rows=15791 loops=1)
                    Buckets: 32768  Batches: 1  Memory Usage: 812kB
                    ->  Seq Scan on title t  (cost=0.00..73925.90 rows=19787 width=4) (actual time=0.395..1035.220 rows=15791 loops=1)
                          Filter: ((kind_id < 7) AND (production_year = 1999))
                          Rows Removed by Filter: 2512521
Planning time: 1.156 ms
Execution time: 19309.298 ms
