Hash Join  (cost=111633.62..199252.92 rows=96126 width=0) (actual time=1792.454..3769.007 rows=628067 loops=1)
  Hash Cond: (mk.movie_id = t.id)
  ->  Seq Scan on movie_keyword mk  (cost=0.00..69693.30 rows=4523930 width=4) (actual time=0.012..949.613 rows=4523930 loops=1)
  ->  Hash  (cost=110962.04..110962.04 rows=53727 width=8) (actual time=1792.018..1792.018 rows=65193 loops=1)
        Buckets: 65536  Batches: 1  Memory Usage: 3059kB
        ->  Hash Join  (cost=78724.21..110962.04 rows=53727 width=8) (actual time=1090.482..1768.583 rows=65193 loops=1)
              Hash Cond: (mi_idx.movie_id = t.id)
              ->  Seq Scan on movie_info_idx mi_idx  (cost=0.00..25185.44 rows=464566 width=4) (actual time=0.020..408.890 rows=459925 loops=1)
                    Filter: (info_type_id = 101)
                    Rows Removed by Filter: 920110
              ->  Hash  (cost=73925.90..73925.90 rows=292424 width=4) (actual time=1089.666..1089.666 rows=231739 loops=1)
                    Buckets: 131072  Batches: 4  Memory Usage: 3067kB
                    ->  Seq Scan on title t  (cost=0.00..73925.90 rows=292424 width=4) (actual time=0.022..1018.111 rows=231739 loops=1)
                          Filter: ((production_year > 2004) AND (kind_id = 1))
                          Rows Removed by Filter: 2296573
Planning time: 1.215 ms
Execution time: 3847.335 ms
