Hash Join  (cost=160240.05..966214.59 rows=26311 width=0) (actual time=10830.320..17645.878 rows=252069 loops=1)
  Hash Cond: (ci.movie_id = t.id)
  ->  Seq Scan on cast_info ci  (cost=0.00..796071.18 rows=2570734 width=4) (actual time=7283.551..13109.271 rows=2389518 loops=1)
        Filter: ((person_id > 2390874) AND (role_id = 2))
        Rows Removed by Filter: 33854826
  ->  Hash  (cost=159916.56..159916.56 rows=25879 width=8) (actual time=3546.319..3546.319 rows=153470 loops=1)
        Buckets: 131072 (originally 32768)  Batches: 2 (originally 1)  Memory Usage: 4046kB
        ->  Hash Join  (cost=74701.90..159916.56 rows=25879 width=8) (actual time=1225.156..3507.668 rows=153470 loops=1)
              Hash Cond: (mk.movie_id = t.id)
              ->  Seq Scan on movie_keyword mk  (cost=0.00..81003.12 rows=1054065 width=4) (actual time=0.031..1594.666 rows=1061117 loops=1)
                    Filter: (keyword_id < 1060)
                    Rows Removed by Filter: 3462813
              ->  Hash  (cost=73925.90..73925.90 rows=62080 width=4) (actual time=1224.601..1224.601 rows=186209 loops=1)
                    Buckets: 131072 (originally 65536)  Batches: 4 (originally 1)  Memory Usage: 3073kB
                    ->  Seq Scan on title t  (cost=0.00..73925.90 rows=62080 width=4) (actual time=37.878..1148.424 rows=186209 loops=1)
                          Filter: ((production_year < 1959) AND (kind_id = 1))
                          Rows Removed by Filter: 2342103
Planning time: 0.917 ms
Execution time: 17678.920 ms
