Seq Scan on movie_companies mc  (cost=0.00..57926.93 rows=51 width=0) (actual time=436.496..831.851 rows=15 loops=1)
  Filter: ((company_id = 6089) AND (company_type_id = 1))
  Rows Removed by Filter: 2609114
Planning time: 1.309 ms
Execution time: 831.963 ms
