Hash Join  (cost=177723.23..219246.10 rows=223239 width=0) (actual time=3902.446..5282.045 rows=398760 loops=1)
  Hash Cond: (mi_idx.movie_id = t.id)
  ->  Seq Scan on movie_info_idx mi_idx  (cost=0.00..21735.35 rows=1380035 width=4) (actual time=0.015..470.381 rows=1380035 loops=1)
  ->  Hash  (cost=171012.46..171012.46 rows=409022 width=8) (actual time=3806.863..3806.863 rows=273036 loops=1)
        Buckets: 131072  Batches: 8  Memory Usage: 2340kB
        ->  Hash Join  (cost=94574.69..171012.46 rows=409022 width=8) (actual time=2220.808..3724.942 rows=273036 loops=1)
              Hash Cond: (mc.movie_id = t.id)
              ->  Seq Scan on movie_companies mc  (cost=0.00..57926.93 rows=821763 width=4) (actual time=397.956..1097.262 rows=1128636 loops=1)
                    Filter: ((company_id < 18949) AND (company_type_id < 2))
                    Rows Removed by Filter: 1480493
              ->  Hash  (cost=73925.90..73925.90 rows=1258543 width=4) (actual time=1821.327..1821.327 rows=1221534 loops=1)
                    Buckets: 131072  Batches: 32  Memory Usage: 2363kB
                    ->  Seq Scan on title t  (cost=0.00..73925.90 rows=1258543 width=4) (actual time=0.028..1406.778 rows=1221534 loops=1)
                          Filter: ((production_year < 2011) AND (kind_id = 7))
                          Rows Removed by Filter: 1306778
Planning time: 1.135 ms
Execution time: 5330.445 ms
