Hash Join  (cost=102767.86..233817.99 rows=1669354 width=0) (actual time=1951.748..5197.763 rows=1681030 loops=1)
  Hash Cond: (mk.movie_id = t.id)
  ->  Seq Scan on movie_keyword mk  (cost=0.00..81003.12 rows=1669354 width=4) (actual time=0.008..1589.950 rows=1681030 loops=1)
        Filter: (keyword_id > 8649)
        Rows Removed by Filter: 2842900
  ->  Hash  (cost=61283.27..61283.27 rows=2528527 width=4) (actual time=1950.334..1950.334 rows=2528312 loops=1)
        Buckets: 131072  Batches: 64  Memory Usage: 2425kB
        ->  Seq Scan on title t  (cost=0.00..61283.27 rows=2528527 width=4) (actual time=0.025..1079.416 rows=2528312 loops=1)
Planning time: 1.906 ms
Execution time: 5391.856 ms
