Hash Join  (cost=81319.76..922817.83 rows=583148 width=0) (actual time=6707.910..18460.325 rows=1410115 loops=1)
  Hash Cond: (ci.movie_id = t.id)
  ->  Seq Scan on cast_info ci  (cost=0.00..796071.18 rows=3272111 width=4) (actual time=5374.010..13691.478 rows=6684393 loops=1)
        Filter: ((person_id > 2418761) AND (role_id > 4))
        Rows Removed by Filter: 29559951
  ->  Hash  (cost=73925.90..73925.90 rows=450628 width=4) (actual time=1333.042..1333.042 rows=325089 loops=1)
        Buckets: 131072  Batches: 8  Memory Usage: 2458kB
        ->  Seq Scan on title t  (cost=0.00..73925.90 rows=450628 width=4) (actual time=395.708..1228.579 rows=325089 loops=1)
              Filter: ((production_year > 1992) AND (kind_id = 1))
              Rows Removed by Filter: 2203223
Planning time: 1.559 ms
Execution time: 18635.835 ms
