Seq Scan on movie_keyword mk  (cost=0.00..81003.12 rows=2696054 width=0) (actual time=0.017..919.762 rows=2688915 loops=1)
  Filter: (keyword_id > 3028)
  Rows Removed by Filter: 1835015
Planning time: 0.318 ms
Execution time: 1163.940 ms
