Hash Join  (cost=78556.72..225475.06 rows=1176771 width=0) (actual time=1304.278..5781.113 rows=2857380 loops=1)
  Hash Cond: (mk.movie_id = t.id)
  ->  Seq Scan on movie_keyword mk  (cost=0.00..81003.12 rows=4457467 width=4) (actual time=0.009..1801.888 rows=4455121 loops=1)
        Filter: (keyword_id > 58)
        Rows Removed by Filter: 68809
  ->  Hash  (cost=67604.59..67604.59 rows=667531 width=4) (actual time=1303.502..1303.502 rows=662825 loops=1)
        Buckets: 131072  Batches: 16  Memory Usage: 2486kB
        ->  Seq Scan on title t  (cost=0.00..67604.59 rows=667531 width=4) (actual time=112.973..1095.281 rows=662825 loops=1)
              Filter: (kind_id = 1)
              Rows Removed by Filter: 1865487
Planning time: 0.530 ms
Execution time: 6112.466 ms
