Hash Join  (cost=75321.41..108532.94 rows=85742 width=0) (actual time=1207.960..1956.423 rows=95118 loops=1)
  Hash Cond: (mi_idx.movie_id = t.id)
  ->  Seq Scan on movie_info_idx mi_idx  (cost=0.00..25185.44 rows=460978 width=4) (actual time=0.019..410.079 rows=459925 loops=1)
        Filter: (info_type_id < 100)
        Rows Removed by Filter: 920110
  ->  Hash  (cost=67604.59..67604.59 rows=470306 width=4) (actual time=1207.182..1207.182 rows=465563 loops=1)
        Buckets: 131072  Batches: 8  Memory Usage: 3063kB
        ->  Seq Scan on title t  (cost=0.00..67604.59 rows=470306 width=4) (actual time=0.015..1061.280 rows=465563 loops=1)
              Filter: (production_year < 1977)
              Rows Removed by Filter: 2062749
Planning time: 0.756 ms
Execution time: 1968.668 ms
