Hash Join  (cost=58375.85..145034.83 rows=95 width=146) (actual time=1017.837..3016.704 rows=404 loops=1)
  Hash Cond: (mk.movie_id = t.id)
  ->  Seq Scan on movie_keyword mk  (cost=0.00..69693.30 rows=4523930 width=12) (actual time=0.015..1261.182 rows=4523930 loops=1)
  ->  Hash  (cost=58375.18..58375.18 rows=53 width=134) (actual time=967.274..967.274 rows=909 loops=1)
        Buckets: 1024  Batches: 1  Memory Usage: 154kB
        ->  Nested Loop  (cost=0.43..58375.18 rows=53 width=134) (actual time=116.191..966.604 rows=909 loops=1)
              ->  Seq Scan on movie_companies mc  (cost=0.00..57926.93 rows=53 width=40) (actual time=116.143..942.913 rows=909 loops=1)
                    Filter: ((company_type_id > 1) AND (company_id = 1454))
                    Rows Removed by Filter: 2608220
              ->  Index Scan using title_pkey on title t  (cost=0.43..8.45 rows=1 width=94) (actual time=0.025..0.025 rows=1 loops=909)
                    Index Cond: (id = mc.movie_id)
Planning time: 1.367 ms
Execution time: 3016.879 ms
