Hash Join  (cost=83074.74..109986.57 rows=134 width=0) (actual time=1177.464..1645.430 rows=4102 loops=1)
  Hash Cond: (mi_idx.movie_id = t.id)
  ->  Seq Scan on movie_info_idx mi_idx  (cost=0.00..21735.35 rows=1380035 width=4) (actual time=0.030..243.325 rows=1380035 loops=1)
  ->  Hash  (cost=83071.67..83071.67 rows=246 width=8) (actual time=1167.526..1167.526 rows=1572 loops=1)
        Buckets: 2048 (originally 1024)  Batches: 1 (originally 1)  Memory Usage: 78kB
        ->  Nested Loop  (cost=0.43..83071.67 rows=246 width=8) (actual time=0.182..1166.354 rows=1572 loops=1)
              ->  Seq Scan on movie_keyword mk  (cost=0.00..81003.12 rows=246 width=4) (actual time=0.123..1128.758 rows=1572 loops=1)
                    Filter: (keyword_id = 9980)
                    Rows Removed by Filter: 4522358
              ->  Index Only Scan using title_pkey on title t  (cost=0.43..8.40 rows=1 width=4) (actual time=0.022..0.023 rows=1 loops=1572)
                    Index Cond: (id = mk.movie_id)
                    Heap Fetches: 1572
Planning time: 1.179 ms
Execution time: 1646.170 ms
