Nested Loop  (cost=32749.09..830656.71 rows=4 width=0) (actual time=11309.508..11332.470 rows=4 loops=1)
  Join Filter: (ci.movie_id = t.id)
  ->  Hash Join  (cost=32748.66..830633.61 rows=27 width=8) (actual time=11309.436..11332.269 rows=4 loops=1)
        Hash Cond: (ci.movie_id = mi_idx.movie_id)
        ->  Seq Scan on cast_info ci  (cost=0.00..796071.18 rows=60 width=4) (actual time=4421.326..10658.706 rows=4 loops=1)
              Filter: ((person_id = 1111129) AND (role_id = 10))
              Rows Removed by Filter: 36244340
        ->  Hash  (cost=25185.44..25185.44 rows=460978 width=4) (actual time=637.722..637.722 rows=459925 loops=1)
              Buckets: 131072  Batches: 8  Memory Usage: 3050kB
              ->  Seq Scan on movie_info_idx mi_idx  (cost=0.00..25185.44 rows=460978 width=4) (actual time=0.033..499.508 rows=459925 loops=1)
                    Filter: (info_type_id < 100)
                    Rows Removed by Filter: 920110
  ->  Index Scan using title_pkey on title t  (cost=0.43..0.84 rows=1 width=4) (actual time=0.042..0.043 rows=1 loops=4)
        Index Cond: (id = mi_idx.movie_id)
        Filter: ((kind_id < 7) AND (production_year < 2013))
Planning time: 1.086 ms
Execution time: 11332.820 ms
