Hash Join  (cost=293486.32..406890.69 rows=2545644 width=0) (actual time=6663.606..13924.993 rows=19850091 loops=1)
  Hash Cond: (mc.movie_id = t.id)
  ->  Seq Scan on movie_companies mc  (cost=0.00..44881.29 rows=2609129 width=4) (actual time=0.019..1040.623 rows=2609129 loops=1)
  ->  Hash  (cost=253011.78..253011.78 rows=2467003 width=8) (actual time=6659.380..6659.380 rows=2457688 loops=1)
        Buckets: 131072  Batches: 64  Memory Usage: 2542kB
        ->  Hash Join  (cost=102767.86..253011.78 rows=2467003 width=8) (actual time=1914.766..5949.196 rows=2457688 loops=1)
              Hash Cond: (mk.movie_id = t.id)
              ->  Seq Scan on movie_keyword mk  (cost=0.00..81003.12 rows=2467003 width=4) (actual time=0.023..1744.625 rows=2457688 loops=1)
                    Filter: (keyword_id > 3663)
                    Rows Removed by Filter: 2066242
              ->  Hash  (cost=61283.27..61283.27 rows=2528527 width=4) (actual time=1912.532..1912.532 rows=2528312 loops=1)
                    Buckets: 131072  Batches: 64  Memory Usage: 2425kB
                    ->  Seq Scan on title t  (cost=0.00..61283.27 rows=2528527 width=4) (actual time=0.015..1060.921 rows=2528312 loops=1)
Planning time: 1.162 ms
Execution time: 16048.499 ms
