Seq Scan on cast_info ci  (cost=0.00..796071.18 rows=13311946 width=0) (actual time=29.646..12684.211 rows=14510009 loops=1)
  Filter: ((person_id < 1495180) AND (role_id < 10))
  Rows Removed by Filter: 21734335
Planning time: 0.273 ms
Execution time: 14378.689 ms
