Hash Join  (cost=583046.46..792713.12 rows=5404478 width=0) (actual time=11604.748..23422.584 rows=35575583 loops=1)
  Hash Cond: (mk.movie_id = t.id)
  ->  Seq Scan on movie_keyword mk  (cost=0.00..81003.12 rows=4453880 width=4) (actual time=0.024..1852.058 rows=4454931 loops=1)
        Filter: (keyword_id < 91576)
        Rows Removed by Filter: 68999
  ->  Hash  (cost=532708.04..532708.04 rows=3068194 width=8) (actual time=11603.904..11603.904 rows=3036719 loops=1)
        Buckets: 131072  Batches: 64  Memory Usage: 2960kB
        ->  Hash Join  (cost=102767.86..532708.04 rows=3068194 width=8) (actual time=5528.521..10715.281 rows=3036719 loops=1)
              Hash Cond: (mi.movie_id = t.id)
              ->  Seq Scan on movie_info mi  (cost=0.00..346232.03 rows=3068194 width=4) (actual time=3680.521..5802.482 rows=3036719 loops=1)
                    Filter: (info_type_id = 16)
                    Rows Removed by Filter: 11799001
              ->  Hash  (cost=61283.27..61283.27 rows=2528527 width=4) (actual time=1846.012..1846.012 rows=2528312 loops=1)
                    Buckets: 131072  Batches: 64  Memory Usage: 2425kB
                    ->  Seq Scan on title t  (cost=0.00..61283.27 rows=2528527 width=4) (actual time=0.025..989.527 rows=2528312 loops=1)
Planning time: 1.089 ms
Execution time: 27189.069 ms
