Seq Scan on movie_keyword mk  (cost=0.00..81003.12 rows=868503 width=0) (actual time=0.021..1229.519 rows=870627 loops=1)
  Filter: (keyword_id < 827)
  Rows Removed by Filter: 3653303
Planning time: 0.350 ms
Execution time: 1340.048 ms
