Hash Join  (cost=83074.74..890163.73 rows=2635 width=0) (actual time=1332.430..19332.417 rows=47663 loops=1)
  Hash Cond: (ci.movie_id = t.id)
  ->  Seq Scan on cast_info ci  (cost=0.00..705507.15 rows=27081463 width=4) (actual time=0.024..13125.902 rows=27234408 loops=1)
        Filter: (person_id > 886395)
        Rows Removed by Filter: 9009936
  ->  Hash  (cost=83071.67..83071.67 rows=246 width=8) (actual time=1332.014..1332.014 rows=692 loops=1)
        Buckets: 1024  Batches: 1  Memory Usage: 36kB
        ->  Nested Loop  (cost=0.43..83071.67 rows=246 width=8) (actual time=0.450..1331.456 rows=692 loops=1)
              ->  Seq Scan on movie_keyword mk  (cost=0.00..81003.12 rows=246 width=4) (actual time=0.391..1290.284 rows=692 loops=1)
                    Filter: (keyword_id = 8481)
                    Rows Removed by Filter: 4523238
              ->  Index Only Scan using title_pkey on title t  (cost=0.43..8.40 rows=1 width=4) (actual time=0.057..0.058 rows=1 loops=692)
                    Index Cond: (id = mk.movie_id)
                    Heap Fetches: 692
Planning time: 1.202 ms
Execution time: 19346.554 ms
