Hash Join  (cost=200788.86..294387.93 rows=196870 width=0) (actual time=4358.118..6783.603 rows=2357428 loops=1)
  Hash Cond: (mk.movie_id = t.id)
  ->  Seq Scan on movie_keyword mk  (cost=0.00..81003.12 rows=666733 width=4) (actual time=0.019..1343.450 rows=667241 loops=1)
        Filter: (keyword_id < 521)
        Rows Removed by Filter: 3856689
  ->  Hash  (cost=188539.22..188539.22 rows=746611 width=8) (actual time=4357.317..4357.317 rows=1025673 loops=1)
        Buckets: 131072  Batches: 16  Memory Usage: 3572kB
        ->  Hash Join  (cost=102767.86..188539.22 rows=746611 width=8) (actual time=1766.033..4081.087 rows=1025673 loops=1)
              Hash Cond: (mc.movie_id = t.id)
              ->  Seq Scan on movie_companies mc  (cost=0.00..57926.93 rows=746611 width=4) (actual time=0.008..1137.308 rows=1025673 loops=1)
                    Filter: ((company_id < 14064) AND (company_type_id = 1))
                    Rows Removed by Filter: 1583456
              ->  Hash  (cost=61283.27..61283.27 rows=2528527 width=4) (actual time=1763.970..1763.970 rows=2528312 loops=1)
                    Buckets: 131072  Batches: 64  Memory Usage: 2415kB
                    ->  Seq Scan on title t  (cost=0.00..61283.27 rows=2528527 width=4) (actual time=0.013..971.098 rows=2528312 loops=1)
Planning time: 0.782 ms
Execution time: 7066.931 ms
