Hash Join  (cost=83073.11..462529.18 rows=60 width=0) (actual time=2199.198..9383.236 rows=5619 loops=1)
  Hash Cond: (mi.movie_id = t.id)
  ->  Seq Scan on movie_info mi  (cost=0.00..346232.03 rows=8859586 width=4) (actual time=0.023..5940.988 rows=8966694 loops=1)
        Filter: (info_type_id < 15)
        Rows Removed by Filter: 5869026
  ->  Hash  (cost=83072.90..83072.90 rows=17 width=8) (actual time=2191.251..2191.251 rows=225 loops=1)
        Buckets: 1024  Batches: 1  Memory Usage: 17kB
        ->  Nested Loop  (cost=0.43..83072.90 rows=17 width=8) (actual time=945.601..2190.999 rows=225 loops=1)
              ->  Seq Scan on movie_keyword mk  (cost=0.00..81003.12 rows=246 width=4) (actual time=1.103..1236.982 rows=2840 loops=1)
                    Filter: (keyword_id = 569)
                    Rows Removed by Filter: 4521090
              ->  Index Scan using title_pkey on title t  (cost=0.43..8.40 rows=1 width=4) (actual time=0.335..0.335 rows=0 loops=2840)
                    Index Cond: (id = mk.movie_id)
                    Filter: ((production_year > 2008) AND (kind_id = 1))
                    Rows Removed by Filter: 1
Planning time: 1.096 ms
Execution time: 9384.507 ms
