Seq Scan on cast_info ci  (cost=0.00..705507.15 rows=7245 width=0) (actual time=2404.799..9873.483 rows=1929 loops=1)
  Filter: (person_id = 1138158)
  Rows Removed by Filter: 36242415
Planning time: 2.973 ms
Execution time: 9873.887 ms
