Hash Join  (cost=102767.86..294849.12 rows=4205670 width=0) (actual time=2415.501..7783.872 rows=4185086 loops=1)
  Hash Cond: (mk.movie_id = t.id)
  ->  Seq Scan on movie_keyword mk  (cost=0.00..81003.12 rows=4205670 width=4) (actual time=0.024..1918.443 rows=4185086 loops=1)
        Filter: (keyword_id > 275)
        Rows Removed by Filter: 338844
  ->  Hash  (cost=61283.27..61283.27 rows=2528527 width=4) (actual time=2413.024..2413.024 rows=2528312 loops=1)
        Buckets: 131072  Batches: 64  Memory Usage: 2425kB
        ->  Seq Scan on title t  (cost=0.00..61283.27 rows=2528527 width=4) (actual time=0.018..1202.421 rows=2528312 loops=1)
Planning time: 0.744 ms
Execution time: 8282.261 ms
