Hash Join  (cost=81227.90..577282.34 rows=1956354 width=0) (actual time=1295.262..14797.674 rows=2953525 loops=1)
  Hash Cond: (mi.movie_id = t.id)
  ->  Seq Scan on movie_info mi  (cost=0.00..346232.03 rows=11115165 width=4) (actual time=0.010..7085.714 rows=11210743 loops=1)
        Filter: (info_type_id > 3)
        Rows Removed by Filter: 3624977
  ->  Hash  (cost=73925.90..73925.90 rows=445040 width=4) (actual time=1294.444..1294.444 rows=343490 loops=1)
        Buckets: 131072  Batches: 8  Memory Usage: 2545kB
        ->  Seq Scan on title t  (cost=0.00..73925.90 rows=445040 width=4) (actual time=0.018..1179.401 rows=343490 loops=1)
              Filter: ((kind_id < 3) AND (production_year > 1998))
              Rows Removed by Filter: 2184822
Planning time: 0.813 ms
Execution time: 15137.485 ms
