Seq Scan on movie_keyword mk  (cost=0.00..81003.12 rows=246 width=0) (actual time=5.300..1285.509 rows=816 loops=1)
  Filter: (keyword_id = 3618)
  Rows Removed by Filter: 4523114
Planning time: 0.374 ms
Execution time: 1285.859 ms
