Hash Join  (cost=83810.17..966462.62 rows=4375979 width=0) (actual time=1808.260..22008.731 rows=4731503 loops=1)
  Hash Cond: (ci.movie_id = t.id)
  ->  Seq Scan on cast_info ci  (cost=0.00..705507.15 rows=11202267 width=4) (actual time=0.013..12784.759 rows=11124131 loops=1)
        Filter: (person_id < 1091756)
        Rows Removed by Filter: 25120213
  ->  Hash  (cost=67604.59..67604.59 rows=987727 width=4) (actual time=1807.072..1807.072 rows=985048 loops=1)
        Buckets: 131072  Batches: 16  Memory Usage: 3188kB
        ->  Seq Scan on title t  (cost=0.00..67604.59 rows=987727 width=4) (actual time=0.026..1208.266 rows=985048 loops=1)
              Filter: (kind_id < 7)
              Rows Removed by Filter: 1543264
Planning time: 0.779 ms
Execution time: 22584.647 ms
