Seq Scan on movie_keyword mk  (cost=0.00..81003.12 rows=3015676 width=0) (actual time=0.049..1475.414 rows=2997206 loops=1)
  Filter: (keyword_id < 10507)
  Rows Removed by Filter: 1526724
Planning time: 0.335 ms
Execution time: 1836.997 ms
