Seq Scan on movie_companies mc  (cost=0.00..51404.11 rows=6697 width=0) (actual time=0.296..820.635 rows=6205 loops=1)
  Filter: (company_id = 145)
  Rows Removed by Filter: 2602924
Planning time: 0.398 ms
Execution time: 821.590 ms
