Seq Scan on movie_keyword mk  (cost=0.00..81003.12 rows=3406235 width=0) (actual time=0.019..1574.338 rows=3399023 loops=1)
  Filter: (keyword_id > 1214)
  Rows Removed by Filter: 1124907
Planning time: 0.336 ms
Execution time: 1999.777 ms
