Seq Scan on movie_companies mc  (cost=0.00..51404.11 rows=2159118 width=0) (actual time=0.016..930.653 rows=2160276 loops=1)
  Filter: (company_id > 352)
  Rows Removed by Filter: 448853
Planning time: 0.373 ms
Execution time: 1191.375 ms
