Hash Join  (cost=438028.46..1409318.80 rows=1382142 width=0) (actual time=6609.193..31195.780 rows=3390144 loops=1)
  Hash Cond: (ci.movie_id = t.id)
  ->  Seq Scan on cast_info ci  (cost=0.00..705507.15 rows=21736733 width=4) (actual time=0.020..14652.649 rows=21601024 loops=1)
        Filter: (person_id < 2191913)
        Rows Removed by Filter: 14643320
  ->  Hash  (cost=435389.73..435389.73 rows=160778 width=8) (actual time=6606.900..6606.900 rows=135497 loops=1)
        Buckets: 131072  Batches: 4  Memory Usage: 2334kB
        ->  Hash Join  (cost=74050.79..435389.73 rows=160778 width=8) (actual time=5030.837..6562.009 rows=135497 loops=1)
              Hash Cond: (mi.movie_id = t.id)
              ->  Seq Scan on movie_info mi  (cost=0.00..346232.03 rows=1034704 width=4) (actual time=3267.840..4394.253 rows=1089512 loops=1)
                    Filter: (info_type_id > 67)
                    Rows Removed by Filter: 13746208
              ->  Hash  (cost=67604.59..67604.59 rows=392896 width=4) (actual time=1576.160..1576.160 rows=391666 loops=1)
                    Buckets: 131072  Batches: 8  Memory Usage: 2759kB
                    ->  Seq Scan on title t  (cost=0.00..67604.59 rows=392896 width=4) (actual time=0.029..1160.635 rows=391666 loops=1)
                          Filter: (production_year > 2010)
                          Rows Removed by Filter: 2136646
Planning time: 1.215 ms
Execution time: 31602.679 ms
