Nested Loop  (cost=52194.89..413618.63 rows=175 width=0) (actual time=5129.332..6290.024 rows=786 loops=1)
  ->  Hash Join  (cost=52194.46..406297.11 rows=2318 width=8) (actual time=5127.881..6270.020 rows=786 loops=1)
        Hash Cond: (mi.movie_id = mc.movie_id)
        ->  Seq Scan on movie_info mi  (cost=0.00..346232.03 rows=17937 width=4) (actual time=4296.688..5436.669 rows=6440 loops=1)
              Filter: (info_type_id = 64)
              Rows Removed by Filter: 14829280
        ->  Hash  (cost=51404.11..51404.11 rows=63228 width=4) (actual time=830.520..830.520 rows=62075 loops=1)
              Buckets: 65536  Batches: 1  Memory Usage: 2695kB
              ->  Seq Scan on movie_companies mc  (cost=0.00..51404.11 rows=63228 width=4) (actual time=0.938..807.835 rows=62075 loops=1)
                    Filter: (company_id = 6)
                    Rows Removed by Filter: 2547054
  ->  Index Scan using title_pkey on title t  (cost=0.43..3.15 rows=1 width=4) (actual time=0.024..0.025 rows=1 loops=786)
        Index Cond: (id = mc.movie_id)
        Filter: (kind_id < 7)
Planning time: 0.856 ms
Execution time: 6290.374 ms
