Hash Join  (cost=168957.20..523963.54 rows=54450 width=0) (actual time=3688.772..10405.479 rows=2416115 loops=1)
  Hash Cond: (mi.movie_id = t.id)
  ->  Seq Scan on movie_info mi  (cost=0.00..346232.03 rows=2194617 width=4) (actual time=401.708..5541.026 rows=2233850 loops=1)
        Filter: (info_type_id > 16)
        Rows Removed by Filter: 12601870
  ->  Hash  (cost=168173.01..168173.01 rows=62735 width=8) (actual time=3286.460..3286.460 rows=111176 loops=1)
        Buckets: 131072 (originally 65536)  Batches: 2 (originally 1)  Memory Usage: 3198kB
        ->  Hash Join  (cost=74545.71..168173.01 rows=62735 width=8) (actual time=1199.533..3246.793 rows=111176 loops=1)
              Hash Cond: (mk.movie_id = t.id)
              ->  Seq Scan on movie_keyword mk  (cost=0.00..81003.12 rows=3199155 width=4) (actual time=0.035..1493.167 rows=3183609 loops=1)
                    Filter: (keyword_id < 12802)
                    Rows Removed by Filter: 1340321
              ->  Hash  (cost=73925.90..73925.90 rows=49584 width=4) (actual time=1198.725..1198.725 rows=38752 loops=1)
                    Buckets: 65536  Batches: 1  Memory Usage: 1875kB
                    ->  Seq Scan on title t  (cost=0.00..73925.90 rows=49584 width=4) (actual time=0.201..1179.938 rows=38752 loops=1)
                          Filter: ((kind_id < 7) AND (production_year = 2008))
                          Rows Removed by Filter: 2489560
Planning time: 1.205 ms
Execution time: 10695.581 ms
