Hash Join  (cost=146730.98..285367.75 rows=1003570 width=0) (actual time=3285.789..7640.009 rows=2799861 loops=1)
  Hash Cond: (mk.movie_id = t.id)
  ->  Seq Scan on movie_keyword mk  (cost=0.00..81003.12 rows=3896518 width=4) (actual time=1.624..1788.375 rows=3893833 loops=1)
        Filter: (keyword_id < 29124)
        Rows Removed by Filter: 630097
  ->  Hash  (cost=136046.53..136046.53 rows=651236 width=8) (actual time=3283.330..3283.330 rows=539725 loops=1)
        Buckets: 131072  Batches: 16  Memory Usage: 2344kB
        ->  Hash Join  (cost=87180.69..136046.53 rows=651236 width=8) (actual time=1607.035..3104.077 rows=539725 loops=1)
              Hash Cond: (mi_idx.movie_id = t.id)
              ->  Seq Scan on movie_info_idx mi_idx  (cost=0.00..21735.35 rows=1380035 width=4) (actual time=0.028..488.128 rows=1380035 loops=1)
              ->  Hash  (cost=67604.59..67604.59 rows=1193208 width=4) (actual time=1606.121..1606.121 rows=1192518 loops=1)
                    Buckets: 131072  Batches: 16  Memory Usage: 3646kB
                    ->  Seq Scan on title t  (cost=0.00..67604.59 rows=1193208 width=4) (actual time=0.016..1235.048 rows=1192518 loops=1)
                          Filter: (production_year > 2003)
                          Rows Removed by Filter: 1335794
Planning time: 0.823 ms
Execution time: 7961.429 ms
