Seq Scan on cast_info ci  (cost=0.00..796071.18 rows=4668789 width=0) (actual time=0.014..12650.905 rows=6017656 loops=1)
  Filter: ((person_id < 816166) AND (role_id < 3))
  Rows Removed by Filter: 30226688
Planning time: 0.340 ms
Execution time: 13412.714 ms
