Seq Scan on movie_companies mc  (cost=0.00..57926.93 rows=1055004 width=0) (actual time=0.025..1152.056 rows=791827 loops=1)
  Filter: ((company_id < 72093) AND (company_type_id = 2))
  Rows Removed by Filter: 1817302
Planning time: 0.302 ms
Execution time: 1250.249 ms
