Hash Join  (cost=102767.86..239201.14 rows=1893056 width=0) (actual time=1917.002..5241.169 rows=1906126 loops=1)
  Hash Cond: (mk.movie_id = t.id)
  ->  Seq Scan on movie_keyword mk  (cost=0.00..81003.12 rows=1893056 width=4) (actual time=0.019..1543.762 rows=1906126 loops=1)
        Filter: (keyword_id < 3267)
        Rows Removed by Filter: 2617804
  ->  Hash  (cost=61283.27..61283.27 rows=2528527 width=4) (actual time=1915.948..1915.948 rows=2528312 loops=1)
        Buckets: 131072  Batches: 64  Memory Usage: 2425kB
        ->  Seq Scan on title t  (cost=0.00..61283.27 rows=2528527 width=4) (actual time=0.020..1092.086 rows=2528312 loops=1)
Planning time: 0.748 ms
Execution time: 5459.195 ms
