Hash Join  (cost=101232.22..155987.70 rows=8996 width=0) (actual time=1719.507..3016.671 rows=54266 loops=1)
  Hash Cond: (mc.movie_id = t.id)
  ->  Seq Scan on movie_companies mc  (cost=0.00..44881.29 rows=2609129 width=4) (actual time=0.018..718.545 rows=2609129 loops=1)
  ->  Hash  (cost=101123.24..101123.24 rows=8718 width=8) (actual time=1719.252..1719.252 rows=15712 loops=1)
        Buckets: 16384  Batches: 1  Memory Usage: 742kB
        ->  Hash Join  (cost=74125.58..101123.24 rows=8718 width=8) (actual time=1110.663..1713.934 rows=15712 loops=1)
              Hash Cond: (mi_idx.movie_id = t.id)
              ->  Seq Scan on movie_info_idx mi_idx  (cost=0.00..21735.35 rows=1380035 width=4) (actual time=0.015..323.967 rows=1380035 loops=1)
              ->  Hash  (cost=73925.90..73925.90 rows=15974 width=4) (actual time=1110.189..1110.189 rows=11388 loops=1)
                    Buckets: 16384  Batches: 1  Memory Usage: 529kB
                    ->  Seq Scan on title t  (cost=0.00..73925.90 rows=15974 width=4) (actual time=0.049..1104.617 rows=11388 loops=1)
                          Filter: ((kind_id < 4) AND (production_year = 1998))
                          Rows Removed by Filter: 2516924
Planning time: 8.480 ms
Execution time: 3024.789 ms
