Hash Join  (cost=166454.43..909751.49 rows=59280 width=0) (actual time=2857.357..17481.911 rows=127244 loops=1)
  Hash Cond: (ci.movie_id = t.id)
  ->  Seq Scan on cast_info ci  (cost=0.00..705507.15 rows=9919231 width=4) (actual time=0.015..12132.576 rows=9900633 loops=1)
        Filter: (person_id > 2722829)
        Rows Removed by Filter: 26343711
  ->  Hash  (cost=166265.54..166265.54 rows=15111 width=8) (actual time=2857.200..2857.200 rows=16729 loops=1)
        Buckets: 32768 (originally 16384)  Batches: 1 (originally 1)  Memory Usage: 910kB
        ->  Hash Join  (cost=82257.13..166265.54 rows=15111 width=8) (actual time=1508.503..2850.917 rows=16729 loops=1)
              Hash Cond: (mk.movie_id = t.id)
              ->  Seq Scan on movie_keyword mk  (cost=0.00..81003.12 rows=75248 width=4) (actual time=0.012..1217.707 rows=72496 loops=1)
                    Filter: (keyword_id = 335)
                    Rows Removed by Filter: 4451434
              ->  Hash  (cost=73925.90..73925.90 rows=507778 width=4) (actual time=1507.278..1507.278 rows=524129 loops=1)
                    Buckets: 131072  Batches: 8  Memory Usage: 3348kB
                    ->  Seq Scan on title t  (cost=0.00..73925.90 rows=507778 width=4) (actual time=499.736..1345.529 rows=524129 loops=1)
                          Filter: ((production_year < 2010) AND (kind_id = 1))
                          Rows Removed by Filter: 2004183
Planning time: 0.827 ms
Execution time: 17503.196 ms
