Hash Join  (cost=134632.12..501404.20 rows=211615 width=0) (actual time=2611.805..11903.832 rows=2480172 loops=1)
  Hash Cond: (mi.movie_id = t.id)
  ->  Seq Scan on movie_info mi  (cost=0.00..309384.22 rows=14739122 width=4) (actual time=0.032..4606.328 rows=14835720 loops=1)
  ->  Hash  (cost=134178.33..134178.33 rows=36303 width=8) (actual time=2611.392..2611.392 rows=61272 loops=1)
        Buckets: 65536  Batches: 1  Memory Usage: 2906kB
        ->  Hash Join  (cost=74467.58..134178.33 rows=36303 width=8) (actual time=1040.274..2588.910 rows=61272 loops=1)
              Hash Cond: (mc.movie_id = t.id)
              ->  Seq Scan on movie_companies mc  (cost=0.00..51404.11 rows=2118296 width=4) (actual time=0.028..1048.389 rows=2121774 loops=1)
                    Filter: (company_id > 425)
                    Rows Removed by Filter: 487355
              ->  Hash  (cost=73925.90..73925.90 rows=43334 width=4) (actual time=1039.831..1039.831 rows=35836 loops=1)
                    Buckets: 65536  Batches: 1  Memory Usage: 1772kB
                    ->  Seq Scan on title t  (cost=0.00..73925.90 rows=43334 width=4) (actual time=0.184..1024.612 rows=35836 loops=1)
                          Filter: ((kind_id < 4) AND (production_year = 2009))
                          Rows Removed by Filter: 2492476
Planning time: 1.156 ms
Execution time: 12211.675 ms
