Hash Join  (cost=101539.12..193110.31 rows=8488 width=0) (actual time=1768.019..3611.590 rows=71606 loops=1)
  Hash Cond: (mk.movie_id = t.id)
  ->  Seq Scan on movie_keyword mk  (cost=0.00..81003.12 rows=2795517 width=4) (actual time=0.023..1415.804 rows=2785194 loops=1)
        Filter: (keyword_id < 8087)
        Rows Removed by Filter: 1738736
  ->  Hash  (cost=101443.15..101443.15 rows=7677 width=8) (actual time=1767.545..1767.545 rows=13785 loops=1)
        Buckets: 16384 (originally 8192)  Batches: 1 (originally 1)  Memory Usage: 667kB
        ->  Hash Join  (cost=74452.28..101443.15 rows=7677 width=8) (actual time=1204.494..1761.655 rows=13785 loops=1)
              Hash Cond: (mi_idx.movie_id = t.id)
              ->  Seq Scan on movie_info_idx mi_idx  (cost=0.00..25185.44 rows=460978 width=4) (actual time=0.012..435.311 rows=459925 loops=1)
                    Filter: (info_type_id = 99)
                    Rows Removed by Filter: 920110
              ->  Hash  (cost=73925.90..73925.90 rows=42110 width=4) (actual time=1204.085..1204.085 rows=33905 loops=1)
                    Buckets: 65536  Batches: 1  Memory Usage: 1704kB
                    ->  Seq Scan on title t  (cost=0.00..73925.90 rows=42110 width=4) (actual time=0.094..1189.696 rows=33905 loops=1)
                          Filter: ((kind_id < 7) AND (production_year = 2006))
                          Rows Removed by Filter: 2494407
Planning time: 2.802 ms
Execution time: 3620.710 ms
