Seq Scan on movie_companies mc  (cost=0.00..57926.93 rows=700332 width=0) (actual time=0.021..1068.658 rows=935542 loops=1)
  Filter: ((company_id > 11138) AND (company_type_id = 2))
  Rows Removed by Filter: 1673587
Planning time: 0.269 ms
Execution time: 1180.068 ms
