Hash Join  (cost=74207.10..163573.21 rows=19381 width=0) (actual time=1142.241..3143.952 rows=39825 loops=1)
  Hash Cond: (mk.movie_id = t.id)
  ->  Seq Scan on movie_keyword mk  (cost=0.00..81003.12 rows=2178445 width=4) (actual time=0.017..1614.441 rows=2177976 loops=1)
        Filter: (keyword_id < 4289)
        Rows Removed by Filter: 2345954
  ->  Hash  (cost=73925.90..73925.90 rows=22496 width=4) (actual time=1140.615..1140.615 rows=13050 loops=1)
        Buckets: 32768  Batches: 1  Memory Usage: 715kB
        ->  Seq Scan on title t  (cost=0.00..73925.90 rows=22496 width=4) (actual time=246.529..1135.045 rows=13050 loops=1)
              Filter: ((kind_id = 1) AND (production_year = 2004))
              Rows Removed by Filter: 2515262
Planning time: 0.776 ms
Execution time: 3149.399 ms
