Seq Scan on cast_info ci  (cost=0.00..705507.15 rows=25550973 width=0) (actual time=0.016..13581.724 rows=25743882 loops=1)
  Filter: (person_id > 1031489)
  Rows Removed by Filter: 10500462
Planning time: 0.341 ms
Execution time: 16833.982 ms
