Hash Join  (cost=58358.90..145017.85 rows=91 width=0) (actual time=1117.018..2720.323 rows=25 loops=1)
  Hash Cond: (mk.movie_id = t.id)
  ->  Seq Scan on movie_keyword mk  (cost=0.00..69693.30 rows=4523930 width=4) (actual time=0.017..1016.738 rows=4523930 loops=1)
  ->  Hash  (cost=58358.27..58358.27 rows=51 width=8) (actual time=911.550..911.550 rows=24 loops=1)
        Buckets: 1024  Batches: 1  Memory Usage: 9kB
        ->  Nested Loop  (cost=0.43..58358.27 rows=51 width=8) (actual time=150.763..911.511 rows=24 loops=1)
              ->  Seq Scan on movie_companies mc  (cost=0.00..57926.93 rows=51 width=4) (actual time=150.650..909.297 rows=24 loops=1)
                    Filter: ((company_type_id < 2) AND (company_id = 18240))
                    Rows Removed by Filter: 2609105
              ->  Index Only Scan using title_pkey on title t  (cost=0.43..8.45 rows=1 width=4) (actual time=0.086..0.087 rows=1 loops=24)
                    Index Cond: (id = mc.movie_id)
                    Heap Fetches: 24
Planning time: 2.768 ms
Execution time: 2720.428 ms
