Hash Join  (cost=194510.21..329405.36 rows=1058211 width=0) (actual time=4628.461..9220.208 rows=5964805 loops=1)
  Hash Cond: (mk.movie_id = t.id)
  ->  Seq Scan on movie_keyword mk  (cost=0.00..69693.30 rows=4523930 width=4) (actual time=0.019..1369.087 rows=4523930 loops=1)
  ->  Hash  (cost=184805.98..184805.98 rows=591458 width=8) (actual time=4627.043..4627.043 rows=875079 loops=1)
        Buckets: 131072 (originally 131072)  Batches: 16 (originally 8)  Memory Usage: 3181kB
        ->  Hash Join  (cost=102767.86..184805.98 rows=591458 width=8) (actual time=2114.107..4335.059 rows=875079 loops=1)
              Hash Cond: (mc.movie_id = t.id)
              ->  Seq Scan on movie_companies mc  (cost=0.00..57926.93 rows=591458 width=4) (actual time=104.690..1009.461 rows=875079 loops=1)
                    Filter: ((company_id > 12823) AND (company_type_id = 2))
                    Rows Removed by Filter: 1734050
              ->  Hash  (cost=61283.27..61283.27 rows=2528527 width=4) (actual time=2008.284..2008.284 rows=2528312 loops=1)
                    Buckets: 131072  Batches: 64  Memory Usage: 2415kB
                    ->  Seq Scan on title t  (cost=0.00..61283.27 rows=2528527 width=4) (actual time=0.028..1154.285 rows=2528312 loops=1)
Planning time: 1.159 ms
Execution time: 9833.820 ms
