Seq Scan on movie_keyword mk  (cost=0.00..81003.12 rows=1234592 width=0) (actual time=0.021..1355.433 rows=1246853 loops=1)
  Filter: (keyword_id > 14485)
  Rows Removed by Filter: 3277077
Planning time: 0.835 ms
Execution time: 1520.292 ms
