Seq Scan on cast_info ci  (cost=0.00..796071.18 rows=8070980 width=0) (actual time=0.022..14450.997 rows=11159251 loops=1)
  Filter: ((person_id > 1790855) AND (role_id > 2))
  Rows Removed by Filter: 25085093
Planning time: 0.373 ms
Execution time: 15769.947 ms
