Seq Scan on cast_info ci  (cost=0.00..796071.18 rows=9970286 width=0) (actual time=0.094..12944.598 rows=5480843 loops=1)
  Filter: ((person_id < 2254274) AND (role_id > 2))
  Rows Removed by Filter: 30763501
Planning time: 0.617 ms
Execution time: 13614.007 ms
