Seq Scan on movie_keyword mk  (cost=0.00..81003.12 rows=1855688 width=0) (actual time=0.023..1503.177 rows=1860732 loops=1)
  Filter: (keyword_id > 7416)
  Rows Removed by Filter: 2663198
Planning time: 0.367 ms
Execution time: 1734.137 ms
