Hash Join  (cost=79677.10..212585.20 rows=985816 width=0) (actual time=1402.700..4825.488 rows=1358410 loops=1)
  Hash Cond: (mk.movie_id = t.id)
  ->  Seq Scan on movie_keyword mk  (cost=0.00..81003.12 rows=3387685 width=4) (actual time=0.019..1641.256 rows=3377245 loops=1)
        Filter: (keyword_id < 16264)
        Rows Removed by Filter: 1146685
  ->  Hash  (cost=67604.59..67604.59 rows=735801 width=4) (actual time=1401.425..1401.425 rows=730985 loops=1)
        Buckets: 131072  Batches: 16  Memory Usage: 2638kB
        ->  Seq Scan on title t  (cost=0.00..67604.59 rows=735801 width=4) (actual time=0.024..1157.208 rows=730985 loops=1)
              Filter: (production_year < 1992)
              Rows Removed by Filter: 1797327
Planning time: 0.748 ms
Execution time: 4965.079 ms
