Hash Join  (cost=199892.58..239029.93 rows=84186 width=0) (actual time=3798.266..4985.465 rows=371053 loops=1)
  Hash Cond: (mi_idx.movie_id = t.id)
  ->  Seq Scan on movie_info_idx mi_idx  (cost=0.00..21735.35 rows=1380035 width=4) (actual time=0.021..544.438 rows=1380035 loops=1)
  ->  Hash  (cost=197361.50..197361.50 rows=154247 width=8) (actual time=3797.316..3797.316 rows=151705 loops=1)
        Buckets: 131072  Batches: 4  Memory Usage: 2514kB
        ->  Hash Join  (cost=102767.86..197361.50 rows=154247 width=8) (actual time=1875.550..3752.450 rows=151705 loops=1)
              Hash Cond: (mk.movie_id = t.id)
              ->  Seq Scan on movie_keyword mk  (cost=0.00..81003.12 rows=154247 width=4) (actual time=0.013..1380.789 rows=151705 loops=1)
                    Filter: (keyword_id > 73686)
                    Rows Removed by Filter: 4372225
              ->  Hash  (cost=61283.27..61283.27 rows=2528527 width=4) (actual time=1873.258..1873.258 rows=2528312 loops=1)
                    Buckets: 131072  Batches: 64  Memory Usage: 2425kB
                    ->  Seq Scan on title t  (cost=0.00..61283.27 rows=2528527 width=4) (actual time=0.015..1018.994 rows=2528312 loops=1)
Planning time: 1.143 ms
Execution time: 5029.582 ms
