Hash Join  (cost=58358.90..423017.80 rows=297 width=0) (actual time=888.222..7597.541 rows=523 loops=1)
  Hash Cond: (mi.movie_id = t.id)
  ->  Seq Scan on movie_info mi  (cost=0.00..309384.22 rows=14739122 width=4) (actual time=0.018..4097.035 rows=14835720 loops=1)
  ->  Hash  (cost=58358.27..58358.27 rows=51 width=8) (actual time=873.438..873.438 rows=18 loops=1)
        Buckets: 1024  Batches: 1  Memory Usage: 9kB
        ->  Nested Loop  (cost=0.43..58358.27 rows=51 width=8) (actual time=0.879..873.411 rows=18 loops=1)
              ->  Seq Scan on movie_companies mc  (cost=0.00..57926.93 rows=51 width=4) (actual time=0.820..872.568 rows=18 loops=1)
                    Filter: ((company_type_id < 2) AND (company_id = 4361))
                    Rows Removed by Filter: 2609111
              ->  Index Only Scan using title_pkey on title t  (cost=0.43..8.45 rows=1 width=4) (actual time=0.040..0.041 rows=1 loops=18)
                    Index Cond: (id = mc.movie_id)
                    Heap Fetches: 18
Planning time: 0.789 ms
Execution time: 7597.944 ms
