Hash Join  (cost=451139.38..577921.97 rows=392355 width=0) (actual time=8279.940..12046.564 rows=2228521 loops=1)
  Hash Cond: (mk.movie_id = t.id)
  ->  Seq Scan on movie_keyword mk  (cost=0.00..69693.30 rows=4523930 width=4) (actual time=0.018..1430.918 rows=4523930 loops=1)
  ->  Hash  (cost=447541.18..447541.18 rows=219296 width=8) (actual time=8279.024..8279.024 rows=558346 loops=1)
        Buckets: 131072 (originally 131072)  Batches: 8 (originally 4)  Memory Usage: 3761kB
        ->  Hash Join  (cost=79795.46..447541.18 rows=219296 width=8) (actual time=2643.721..8096.278 rows=558346 loops=1)
              Hash Cond: (mi.movie_id = t.id)
              ->  Seq Scan on movie_info mi  (cost=0.00..346232.03 rows=1550064 width=4) (actual time=1293.520..5511.241 rows=1533909 loops=1)
                    Filter: (info_type_id = 3)
                    Rows Removed by Filter: 13301811
              ->  Hash  (cost=73925.90..73925.90 rows=357724 width=4) (actual time=1349.285..1349.285 rows=285602 loops=1)
                    Buckets: 131072  Batches: 8  Memory Usage: 2285kB
                    ->  Seq Scan on title t  (cost=0.00..73925.90 rows=357724 width=4) (actual time=0.032..1219.540 rows=285602 loops=1)
                          Filter: ((kind_id < 3) AND (production_year > 2003))
                          Rows Removed by Filter: 2242710
Planning time: 1.323 ms
Execution time: 12293.677 ms
