Hash Join  (cost=86178.74..171852.19 rows=770592 width=0) (actual time=1822.751..4357.406 rows=1208498 loops=1)
  Hash Cond: (mc.movie_id = t.id)
  ->  Seq Scan on movie_companies mc  (cost=0.00..44881.29 rows=2609129 width=4) (actual time=0.013..903.238 rows=2609129 loops=1)
  ->  Hash  (cost=73925.90..73925.90 rows=746787 width=4) (actual time=1821.932..1821.932 rows=650324 loops=1)
        Buckets: 131072  Batches: 16  Memory Usage: 2453kB
        ->  Seq Scan on title t  (cost=0.00..73925.90 rows=746787 width=4) (actual time=0.027..1289.402 rows=650324 loops=1)
              Filter: ((kind_id < 7) AND (production_year > 1982))
              Rows Removed by Filter: 1877988
Planning time: 1.247 ms
Execution time: 4489.514 ms
