Seq Scan on movie_keyword mk  (cost=0.00..81003.12 rows=668575 width=0) (actual time=0.016..1384.928 rows=674157 loops=1)
  Filter: (keyword_id > 27808)
  Rows Removed by Filter: 3849773
Planning time: 0.338 ms
Execution time: 1470.913 ms
