Hash Join  (cost=90260.67..244120.67 rows=2164153 width=0) (actual time=2014.792..6708.701 rows=1727254 loops=1)
  Hash Cond: (mk.movie_id = t.id)
  ->  Seq Scan on movie_keyword mk  (cost=0.00..81003.12 rows=3962757 width=4) (actual time=0.022..1885.210 rows=3966253 loops=1)
        Filter: (keyword_id < 32958)
        Rows Removed by Filter: 557677
  ->  Hash  (cost=67604.59..67604.59 rows=1380887 width=4) (actual time=2012.386..2012.386 rows=1381453 loops=1)
        Buckets: 131072  Batches: 32  Memory Usage: 2551kB
        ->  Seq Scan on title t  (cost=0.00..67604.59 rows=1380887 width=4) (actual time=0.023..1307.898 rows=1381453 loops=1)
              Filter: (production_year > 2000)
              Rows Removed by Filter: 1146859
Planning time: 0.727 ms
Execution time: 6922.355 ms
