Hash Join  (cost=77232.60..196539.14 rows=241884 width=0) (actual time=1318.000..4356.016 rows=775599 loops=1)
  Hash Cond: (mk.movie_id = t.id)
  ->  Seq Scan on movie_keyword mk  (cost=0.00..81003.12 rows=3035352 width=4) (actual time=0.022..1703.018 rows=3023311 loops=1)
        Filter: (keyword_id > 2158)
        Rows Removed by Filter: 1500619
  ->  Hash  (cost=73925.90..73925.90 rows=201496 width=4) (actual time=1317.303..1317.303 rows=307194 loops=1)
        Buckets: 131072  Batches: 4  Memory Usage: 3733kB
        ->  Seq Scan on title t  (cost=0.00..73925.90 rows=201496 width=4) (actual time=0.247..1214.537 rows=307194 loops=1)
              Filter: ((kind_id < 7) AND (production_year < 1980))
              Rows Removed by Filter: 2221118
Planning time: 0.726 ms
Execution time: 4444.355 ms
