Hash Join  (cost=117693.49..1069795.10 rows=778517 width=0) (actual time=3618.541..24345.575 rows=1969217 loops=1)
  Hash Cond: (ci.movie_id = t.id)
  ->  Seq Scan on cast_info ci  (cost=0.00..705507.15 rows=20621414 width=4) (actual time=1403.573..13360.794 rows=20756915 loops=1)
        Filter: (person_id > 1527223)
        Rows Removed by Filter: 15487429
  ->  Hash  (cost=116127.25..116127.25 rows=95459 width=8) (actual time=2214.119..2214.119 rows=105012 loops=1)
        Buckets: 131072  Batches: 2  Memory Usage: 3073kB
        ->  Hash Join  (cost=76796.18..116127.25 rows=95459 width=8) (actual time=1121.771..2180.415 rows=105012 loops=1)
              Hash Cond: (mi_idx.movie_id = t.id)
              ->  Seq Scan on movie_info_idx mi_idx  (cost=0.00..21735.35 rows=1380035 width=4) (actual time=0.026..461.825 rows=1380035 loops=1)
              ->  Hash  (cost=73925.90..73925.90 rows=174902 width=4) (actual time=1120.947..1120.947 rows=160286 loops=1)
                    Buckets: 131072  Batches: 4  Memory Usage: 2435kB
                    ->  Seq Scan on title t  (cost=0.00..73925.90 rows=174902 width=4) (actual time=572.596..1070.937 rows=160286 loops=1)
                          Filter: ((production_year > 2008) AND (kind_id = 1))
                          Rows Removed by Filter: 2368026
Planning time: 1.262 ms
Execution time: 24592.121 ms
