Hash Join  (cost=128753.29..880212.37 rows=66992 width=0) (actual time=2452.839..19350.564 rows=187541 loops=1)
  Hash Cond: (ci.movie_id = t.id)
  ->  Seq Scan on cast_info ci  (cost=0.00..614943.12 rows=36225612 width=4) (actual time=0.016..8935.111 rows=36244344 loops=1)
  ->  Hash  (cost=128694.84..128694.84 rows=4676 width=8) (actual time=2452.075..2452.075 rows=6349 loops=1)
        Buckets: 8192  Batches: 1  Memory Usage: 313kB
        ->  Hash Join  (cost=73982.55..128694.84 rows=4676 width=8) (actual time=1474.967..2449.627 rows=6349 loops=1)
              Hash Cond: (mc.movie_id = t.id)
              ->  Seq Scan on movie_companies mc  (cost=0.00..44881.29 rows=2609129 width=4) (actual time=0.022..523.687 rows=2609129 loops=1)
              ->  Hash  (cost=73925.90..73925.90 rows=4532 width=4) (actual time=1363.760..1363.760 rows=14720 loops=1)
                    Buckets: 16384 (originally 8192)  Batches: 1 (originally 1)  Memory Usage: 646kB
                    ->  Seq Scan on title t  (cost=0.00..73925.90 rows=4532 width=4) (actual time=0.022..1356.928 rows=14720 loops=1)
                          Filter: ((kind_id = 7) AND (production_year = 1992))
                          Rows Removed by Filter: 2513592
Planning time: 1.171 ms
Execution time: 19378.229 ms
