Seq Scan on movie_keyword mk  (cost=0.00..81003.12 rows=543425 width=0) (actual time=20.887..1342.680 rows=539417 loops=1)
  Filter: (keyword_id > 34066)
  Rows Removed by Filter: 3984513
Planning time: 0.295 ms
Execution time: 1413.879 ms
