Hash Join  (cost=92883.59..261385.62 rows=2626162 width=0) (actual time=4426.248..6305.704 rows=638942 loops=1)
  Hash Cond: (mk.movie_id = t.id)
  ->  Seq Scan on movie_keyword mk  (cost=0.00..81003.12 rows=4309658 width=4) (actual time=0.020..1889.810 rows=4308252 loops=1)
        Filter: (keyword_id < 65506)
        Rows Removed by Filter: 215678
  ->  Hash  (cost=67604.59..67604.59 rows=1540800 width=4) (actual time=1791.113..1791.113 rows=1543264 loops=1)
        Buckets: 131072  Batches: 32  Memory Usage: 2728kB
        ->  Seq Scan on title t  (cost=0.00..67604.59 rows=1540800 width=4) (actual time=0.019..1265.033 rows=1543264 loops=1)
              Filter: (kind_id = 7)
              Rows Removed by Filter: 985048
Planning time: 0.740 ms
Execution time: 6384.652 ms
