Seq Scan on movie_companies mc  (cost=0.00..57926.93 rows=809480 width=0) (actual time=0.025..1129.657 rows=1024449 loops=1)
  Filter: ((company_id > 5386) AND (company_type_id = 2))
  Rows Removed by Filter: 1584680
Planning time: 0.361 ms
Execution time: 1253.095 ms
