Seq Scan on cast_info ci  (cost=0.00..705507.15 rows=8311360 width=0) (actual time=0.015..11373.420 rows=8213370 loops=1)
  Filter: (person_id < 802422)
  Rows Removed by Filter: 28030974
Planning time: 0.305 ms
Execution time: 12404.378 ms
