Hash Join  (cost=73962.22..825167.57 rows=41619 width=0) (actual time=1083.291..16932.493 rows=153079 loops=1)
  Hash Cond: (ci.movie_id = t.id)
  ->  Seq Scan on cast_info ci  (cost=0.00..614943.12 rows=36225612 width=4) (actual time=0.015..7918.437 rows=36244344 loops=1)
  ->  Hash  (cost=73925.90..73925.90 rows=2905 width=4) (actual time=1083.209..1083.209 rows=8669 loops=1)
        Buckets: 16384 (originally 4096)  Batches: 1 (originally 1)  Memory Usage: 433kB
        ->  Seq Scan on title t  (cost=0.00..73925.90 rows=2905 width=4) (actual time=0.158..1079.042 rows=8669 loops=1)
              Filter: ((kind_id < 7) AND (production_year = 1989))
              Rows Removed by Filter: 2519643
Planning time: 0.780 ms
Execution time: 16961.921 ms
