Hash Join  (cost=74334.23..101323.23 rows=6006 width=0) (actual time=1019.869..1468.747 rows=10760 loops=1)
  Hash Cond: (mi_idx.movie_id = t.id)
  ->  Seq Scan on movie_info_idx mi_idx  (cost=0.00..25185.44 rows=464934 width=4) (actual time=0.016..344.487 rows=460185 loops=1)
        Filter: (info_type_id > 100)
        Rows Removed by Filter: 919850
  ->  Hash  (cost=73925.90..73925.90 rows=32666 width=4) (actual time=1019.613..1019.613 rows=22974 loops=1)
        Buckets: 32768  Batches: 1  Memory Usage: 1064kB
        ->  Seq Scan on title t  (cost=0.00..73925.90 rows=32666 width=4) (actual time=0.113..1009.541 rows=22974 loops=1)
              Filter: ((kind_id < 4) AND (production_year = 2005))
              Rows Removed by Filter: 2505338
Planning time: 0.785 ms
Execution time: 1470.503 ms
