Hash Join  (cost=155540.25..294756.11 rows=1412882 width=0) (actual time=3842.813..9073.048 rows=7864557 loops=1)
  Hash Cond: (mk.movie_id = t.id)
  ->  Seq Scan on movie_keyword mk  (cost=0.00..69693.30 rows=4523930 width=4) (actual time=0.028..1335.120 rows=4523930 loops=1)
  ->  Hash  (cost=142584.10..142584.10 rows=789692 width=8) (actual time=3841.452..3841.452 rows=949108 loops=1)
        Buckets: 131072  Batches: 16  Memory Usage: 3363kB
        ->  Hash Join  (cost=91342.70..142584.10 rows=789692 width=8) (actual time=1789.973..3566.450 rows=949108 loops=1)
              Hash Cond: (mi_idx.movie_id = t.id)
              ->  Seq Scan on movie_info_idx mi_idx  (cost=0.00..21735.35 rows=1380035 width=4) (actual time=0.028..568.348 rows=1380035 loops=1)
              ->  Hash  (cost=67604.59..67604.59 rows=1446889 width=4) (actual time=1788.467..1788.467 rows=1443298 loops=1)
                    Buckets: 131072  Batches: 32  Memory Usage: 2608kB
                    ->  Seq Scan on title t  (cost=0.00..67604.59 rows=1446889 width=4) (actual time=0.020..1301.760 rows=1443298 loops=1)
                          Filter: (production_year < 2006)
                          Rows Removed by Filter: 1085014
Planning time: 2.923 ms
Execution time: 9978.359 ms
