Hash Join  (cost=102767.86..251414.57 rows=2400590 width=0) (actual time=1931.570..5753.255 rows=2393790 loops=1)
  Hash Cond: (mk.movie_id = t.id)
  ->  Seq Scan on movie_keyword mk  (cost=0.00..81003.12 rows=2400590 width=4) (actual time=0.027..1648.883 rows=2393790 loops=1)
        Filter: (keyword_id > 3921)
        Rows Removed by Filter: 2130140
  ->  Hash  (cost=61283.27..61283.27 rows=2528527 width=4) (actual time=1930.388..1930.388 rows=2528312 loops=1)
        Buckets: 131072  Batches: 64  Memory Usage: 2425kB
        ->  Seq Scan on title t  (cost=0.00..61283.27 rows=2528527 width=4) (actual time=0.019..1077.177 rows=2528312 loops=1)
Planning time: 0.719 ms
Execution time: 6026.571 ms
