Nested Loop  (cost=0.43..83072.90 rows=89 width=0) (actual time=17.588..1415.147 rows=85 loops=1)
  ->  Seq Scan on movie_keyword mk  (cost=0.00..81003.12 rows=246 width=4) (actual time=0.265..1347.552 rows=1802 loops=1)
        Filter: (keyword_id = 1045)
        Rows Removed by Filter: 4522128
  ->  Index Scan using title_pkey on title t  (cost=0.43..8.40 rows=1 width=4) (actual time=0.036..0.036 rows=0 loops=1802)
        Index Cond: (id = mk.movie_id)
        Filter: ((kind_id > 4) AND (production_year > 1998))
        Rows Removed by Filter: 1
Planning time: 0.542 ms
Execution time: 1415.296 ms
