Seq Scan on cast_info ci  (cost=0.00..796071.18 rows=7120198 width=0) (actual time=0.009..12432.784 rows=7697648 loops=1)
  Filter: ((person_id < 786751) AND (role_id < 10))
  Rows Removed by Filter: 28546696
Planning time: 0.306 ms
Execution time: 13383.835 ms
