Hash Join  (cost=76725.80..893215.97 rows=108922 width=0) (actual time=6002.409..16075.064 rows=98018 loops=1)
  Hash Cond: (ci.movie_id = t.id)
  ->  Seq Scan on cast_info ci  (cost=0.00..796071.18 rows=1614070 width=4) (actual time=4682.381..14016.300 rows=1690359 loops=1)
        Filter: ((person_id > 1454433) AND (role_id = 4))
        Rows Removed by Filter: 34553985
  ->  Hash  (cost=73925.90..73925.90 rows=170632 width=4) (actual time=1319.262..1319.262 rows=170068 loops=1)
        Buckets: 131072  Batches: 4  Memory Usage: 2534kB
        ->  Seq Scan on title t  (cost=0.00..73925.90 rows=170632 width=4) (actual time=0.024..1259.680 rows=170068 loops=1)
              Filter: ((kind_id > 1) AND (production_year > 2011))
              Rows Removed by Filter: 2358244
Planning time: 0.787 ms
Execution time: 16088.401 ms
