Hash Join  (cost=96184.51..1021785.62 rows=3937589 width=0) (actual time=5546.155..16674.351 rows=1630636 loops=1)
  Hash Cond: (ci.movie_id = t.id)
  ->  Seq Scan on cast_info ci  (cost=0.00..796071.18 rows=7338680 width=4) (actual time=3719.033..12571.244 rows=3140687 loops=1)
        Filter: ((person_id < 1102631) AND (role_id > 1))
        Rows Removed by Filter: 33103657
  ->  Hash  (cost=73925.90..73925.90 rows=1356688 width=4) (actual time=1800.233..1800.233 rows=1327781 loops=1)
        Buckets: 131072  Batches: 32  Memory Usage: 2479kB
        ->  Seq Scan on title t  (cost=0.00..73925.90 rows=1356688 width=4) (actual time=0.038..1358.526 rows=1327781 loops=1)
              Filter: ((production_year < 2012) AND (kind_id = 7))
              Rows Removed by Filter: 1200531
Planning time: 0.561 ms
Execution time: 16848.401 ms
