Hash Join  (cost=102767.86..196605.10 rows=122838 width=0) (actual time=1982.899..3715.965 rows=119775 loops=1)
  Hash Cond: (mk.movie_id = t.id)
  ->  Seq Scan on movie_keyword mk  (cost=0.00..81003.12 rows=122838 width=4) (actual time=0.032..1228.796 rows=119775 loops=1)
        Filter: (keyword_id > 78080)
        Rows Removed by Filter: 4404155
  ->  Hash  (cost=61283.27..61283.27 rows=2528527 width=4) (actual time=1979.579..1979.579 rows=2528312 loops=1)
        Buckets: 131072  Batches: 64  Memory Usage: 2425kB
        ->  Seq Scan on title t  (cost=0.00..61283.27 rows=2528527 width=4) (actual time=0.017..1109.941 rows=2528312 loops=1)
Planning time: 0.744 ms
Execution time: 3730.113 ms
