Hash Join  (cost=100846.79..851686.52 rows=5051 width=0) (actual time=1646.289..17960.003 rows=32509 loops=1)
  Hash Cond: (ci.movie_id = t.id)
  ->  Seq Scan on cast_info ci  (cost=0.00..614943.12 rows=36225612 width=4) (actual time=0.012..8877.952 rows=36244344 loops=1)
  ->  Hash  (cost=100842.38..100842.38 rows=353 width=8) (actual time=1645.883..1645.883 rows=1052 loops=1)
        Buckets: 2048 (originally 1024)  Batches: 1 (originally 1)  Memory Usage: 58kB
        ->  Hash Join  (cost=73950.44..100842.38 rows=353 width=8) (actual time=1219.970..1645.280 rows=1052 loops=1)
              Hash Cond: (mi_idx.movie_id = t.id)
              ->  Seq Scan on movie_info_idx mi_idx  (cost=0.00..25185.44 rows=454124 width=4) (actual time=0.025..431.465 rows=459925 loops=1)
                    Filter: (info_type_id = 100)
                    Rows Removed by Filter: 920110
              ->  Hash  (cost=73925.90..73925.90 rows=1963 width=4) (actual time=1138.298..1138.298 rows=2778 loops=1)
                    Buckets: 4096 (originally 2048)  Batches: 1 (originally 1)  Memory Usage: 130kB
                    ->  Seq Scan on title t  (cost=0.00..73925.90 rows=1963 width=4) (actual time=0.219..1136.926 rows=2778 loops=1)
                          Filter: ((kind_id = 1) AND (production_year = 1936))
                          Rows Removed by Filter: 2525534
Planning time: 1.185 ms
Execution time: 17967.355 ms
