Hash Join  (cost=842219.43..1051722.76 rows=1148043 width=0) (actual time=23260.553..27736.490 rows=1788795 loops=1)
  Hash Cond: (mk.movie_id = t.id)
  ->  Seq Scan on movie_keyword mk  (cost=0.00..69693.30 rows=4523930 width=4) (actual time=0.028..1446.797 rows=4523930 loops=1)
  ->  Hash  (cost=831691.59..831691.59 rows=641667 width=8) (actual time=23251.880..23251.880 rows=735281 loops=1)
        Buckets: 131072  Batches: 16  Memory Usage: 2869kB
        ->  Hash Join  (cost=74485.76..831691.59 rows=641667 width=8) (actual time=1306.570..22344.708 rows=735281 loops=1)
              Hash Cond: (ci.movie_id = t.id)
              ->  Seq Scan on cast_info ci  (cost=0.00..614943.12 rows=36225612 width=4) (actual time=0.016..9269.337 rows=36244344 loops=1)
              ->  Hash  (cost=73925.90..73925.90 rows=44788 width=4) (actual time=1306.089..1306.089 rows=52864 loops=1)
                    Buckets: 65536  Batches: 1  Memory Usage: 2371kB
                    ->  Seq Scan on title t  (cost=0.00..73925.90 rows=44788 width=4) (actual time=0.042..1283.841 rows=52864 loops=1)
                          Filter: ((kind_id > 1) AND (production_year = 2002))
                          Rows Removed by Filter: 2475448
Planning time: 1.190 ms
Execution time: 27939.383 ms
