Hash Join  (cost=73962.22..878063.03 rows=2453 width=0) (actual time=5357.751..11598.521 rows=895 loops=1)
  Hash Cond: (ci.movie_id = t.id)
  ->  Seq Scan on cast_info ci  (cost=0.00..796071.18 rows=2134694 width=4) (actual time=4322.872..10450.860 rows=688760 loops=1)
        Filter: ((person_id < 1757885) AND (role_id = 10))
        Rows Removed by Filter: 35555584
  ->  Hash  (cost=73925.90..73925.90 rows=2905 width=4) (actual time=1032.227..1032.227 rows=5878 loops=1)
        Buckets: 8192 (originally 4096)  Batches: 1 (originally 1)  Memory Usage: 271kB
        ->  Seq Scan on title t  (cost=0.00..73925.90 rows=2905 width=4) (actual time=0.122..1029.324 rows=5878 loops=1)
              Filter: ((kind_id < 7) AND (production_year = 1973))
              Rows Removed by Filter: 2522434
Planning time: 0.853 ms
Execution time: 11598.949 ms
