Hash Join  (cost=978403.12..1143594.84 rows=3080777 width=0) (actual time=18532.776..24421.491 rows=8610803 loops=1)
  Hash Cond: (mk.movie_id = t.id)
  ->  Seq Scan on movie_keyword mk  (cost=0.00..69693.30 rows=4523930 width=4) (actual time=0.019..1507.458 rows=4523930 loops=1)
  ->  Hash  (cost=950152.17..950152.17 rows=1721916 width=8) (actual time=18530.955..18530.955 rows=2543408 loops=1)
        Buckets: 131072 (originally 131072)  Batches: 64 (originally 32)  Memory Usage: 3073kB
        ->  Hash Join  (cost=102767.86..950152.17 rows=1721916 width=8) (actual time=11417.913..17551.097 rows=2543408 loops=1)
              Hash Cond: (ci.movie_id = t.id)
              ->  Seq Scan on cast_info ci  (cost=0.00..796071.18 rows=1721916 width=4) (actual time=9404.678..12859.620 rows=2543408 loops=1)
                    Filter: ((person_id > 2065236) AND (role_id = 3))
                    Rows Removed by Filter: 33700936
              ->  Hash  (cost=61283.27..61283.27 rows=2528527 width=4) (actual time=2012.108..2012.108 rows=2528312 loops=1)
                    Buckets: 131072  Batches: 64  Memory Usage: 2415kB
                    ->  Seq Scan on title t  (cost=0.00..61283.27 rows=2528527 width=4) (actual time=0.021..1183.741 rows=2528312 loops=1)
Planning time: 1.164 ms
Execution time: 25342.856 ms
