Seq Scan on movie_keyword mk  (cost=0.00..81003.12 rows=847344 width=0) (actual time=0.015..1345.565 rows=853830 loops=1)
  Filter: (keyword_id > 21521)
  Rows Removed by Filter: 3670100
Planning time: 0.294 ms
Execution time: 1447.199 ms
