Hash Join  (cost=102767.86..230340.48 rows=1524769 width=0) (actual time=2706.399..5789.785 rows=1537070 loops=1)
  Hash Cond: (mk.movie_id = t.id)
  ->  Seq Scan on movie_keyword mk  (cost=0.00..81003.12 rows=1524769 width=4) (actual time=0.024..1448.734 rows=1537070 loops=1)
        Filter: (keyword_id < 2243)
        Rows Removed by Filter: 2986860
  ->  Hash  (cost=61283.27..61283.27 rows=2528527 width=4) (actual time=2703.742..2703.742 rows=2528312 loops=1)
        Buckets: 131072  Batches: 64  Memory Usage: 2425kB
        ->  Seq Scan on title t  (cost=0.00..61283.27 rows=2528527 width=4) (actual time=0.010..1196.975 rows=2528312 loops=1)
Planning time: 0.782 ms
Execution time: 5991.675 ms
