Nested Loop  (cost=66095.69..437389.46 rows=3532 width=0) (actual time=1251.678..8779.030 rows=343490 loops=1)
  ->  Hash Join  (cost=66095.26..422444.21 rows=18249 width=8) (actual time=1251.589..6847.595 rows=343490 loops=1)
        Hash Cond: (mi.movie_id = mc.movie_id)
        ->  Seq Scan on movie_info mi  (cost=0.00..346232.03 rows=17937 width=4) (actual time=0.012..5271.120 rows=68025 loops=1)
              Filter: (info_type_id = 94)
              Rows Removed by Filter: 14767695
        ->  Hash  (cost=57926.93..57926.93 rows=497866 width=4) (actual time=1250.544..1250.544 rows=707443 loops=1)
              Buckets: 131072 (originally 131072)  Batches: 16 (originally 8)  Memory Usage: 3073kB
              ->  Seq Scan on movie_companies mc  (cost=0.00..57926.93 rows=497866 width=4) (actual time=0.025..1022.561 rows=707443 loops=1)
                    Filter: ((company_id < 5208) AND (company_type_id < 2))
                    Rows Removed by Filter: 1901686
  ->  Index Only Scan using title_pkey on title t  (cost=0.43..0.81 rows=1 width=4) (actual time=0.005..0.005 rows=1 loops=343490)
        Index Cond: (id = mc.movie_id)
        Heap Fetches: 343490
Planning time: 1.209 ms
Execution time: 8836.717 ms
