Hash Join  (cost=77854.63..1075891.94 rows=2207152 width=0) (actual time=1207.897..27946.587 rows=2197111 loops=1)
  Hash Cond: (ci.movie_id = t.id)
  ->  Seq Scan on cast_info ci  (cost=0.00..705507.15 rows=23310036 width=4) (actual time=0.053..14806.768 rows=23200055 loops=1)
        Filter: (person_id < 2372674)
        Rows Removed by Filter: 13044289
  ->  Hash  (cost=73925.90..73925.90 rows=239418 width=4) (actual time=1206.544..1206.544 rows=256906 loops=1)
        Buckets: 131072  Batches: 4  Memory Usage: 3296kB
        ->  Seq Scan on title t  (cost=0.00..73925.90 rows=239418 width=4) (actual time=0.023..1121.628 rows=256906 loops=1)
              Filter: ((production_year > 2010) AND (kind_id = 7))
              Rows Removed by Filter: 2271406
Planning time: 0.749 ms
Execution time: 28221.453 ms
