Hash Join  (cost=197456.31..735993.94 rows=5504270 width=0) (actual time=4597.327..22344.823 rows=15665004 loops=1)
  Hash Cond: (mi.movie_id = t.id)
  ->  Seq Scan on movie_info mi  (cost=0.00..309384.22 rows=14739122 width=4) (actual time=0.023..6196.451 rows=14835720 loops=1)
  ->  Hash  (cost=181963.95..181963.95 rows=944269 width=8) (actual time=4596.385..4596.385 rows=1015686 loops=1)
        Buckets: 131072  Batches: 16  Memory Usage: 3524kB
        ->  Hash Join  (cost=97066.09..181963.95 rows=944269 width=8) (actual time=2275.416..4293.625 rows=1015686 loops=1)
              Hash Cond: (mc.movie_id = t.id)
              ->  Seq Scan on movie_companies mc  (cost=0.00..51404.11 rows=1329612 width=4) (actual time=335.303..1024.084 rows=1334883 loops=1)
                    Filter: (company_type_id = 2)
                    Rows Removed by Filter: 1274246
              ->  Hash  (cost=67604.59..67604.59 rows=1795720 width=4) (actual time=1938.885..1938.885 rows=1794153 loops=1)
                    Buckets: 131072  Batches: 32  Memory Usage: 2992kB
                    ->  Seq Scan on title t  (cost=0.00..67604.59 rows=1795720 width=4) (actual time=0.029..1356.684 rows=1794153 loops=1)
                          Filter: (production_year < 2009)
                          Rows Removed by Filter: 734159
Planning time: 1.164 ms
Execution time: 24150.607 ms
