Hash Join  (cost=112956.35..481306.03 rows=369375 width=0) (actual time=2679.020..10962.098 rows=1293451 loops=1)
  Hash Cond: (mi.movie_id = t.id)
  ->  Seq Scan on movie_info mi  (cost=0.00..309384.22 rows=14739122 width=4) (actual time=0.012..3934.200 rows=14835720 loops=1)
  ->  Hash  (cost=112164.26..112164.26 rows=63367 width=8) (actual time=2678.633..2678.633 rows=77903 loops=1)
        Buckets: 131072 (originally 65536)  Batches: 1 (originally 1)  Memory Usage: 4068kB
        ->  Hash Join  (cost=79715.19..112164.26 rows=63367 width=8) (actual time=1264.530..2649.892 rows=77903 loops=1)
              Hash Cond: (mi_idx.movie_id = t.id)
              ->  Seq Scan on movie_info_idx mi_idx  (cost=0.00..25185.44 rows=454124 width=4) (actual time=0.024..454.445 rows=459925 loops=1)
                    Filter: (info_type_id = 100)
                    Rows Removed by Filter: 920110
              ->  Hash  (cost=73925.90..73925.90 rows=352823 width=4) (actual time=1263.465..1263.465 rows=302088 loops=1)
                    Buckets: 131072  Batches: 8  Memory Usage: 2342kB
                    ->  Seq Scan on title t  (cost=0.00..73925.90 rows=352823 width=4) (actual time=0.064..1165.351 rows=302088 loops=1)
                          Filter: ((kind_id < 7) AND (production_year > 2006))
                          Rows Removed by Filter: 2226224
Planning time: 1.194 ms
Execution time: 11117.072 ms
