Hash Join  (cost=203741.29..343608.62 rows=1466330 width=0) (actual time=4486.197..8768.347 rows=2789412 loops=1)
  Hash Cond: (mk.movie_id = t.id)
  ->  Seq Scan on movie_keyword mk  (cost=0.00..69693.30 rows=4523930 width=4) (actual time=0.015..1632.623 rows=4523930 loops=1)
  ->  Hash  (cost=190294.72..190294.72 rows=819565 width=8) (actual time=4485.144..4485.144 rows=512834 loops=1)
        Buckets: 131072  Batches: 16  Memory Usage: 2276kB
        ->  Hash Join  (cost=102767.86..190294.72 rows=819565 width=8) (actual time=2610.467..4329.540 rows=512834 loops=1)
              Hash Cond: (mc.movie_id = t.id)
              ->  Seq Scan on movie_companies mc  (cost=0.00..57926.93 rows=819565 width=4) (actual time=251.959..1138.362 rows=512834 loops=1)
                    Filter: ((company_id < 16374) AND (company_type_id > 1))
                    Rows Removed by Filter: 2096295
              ->  Hash  (cost=61283.27..61283.27 rows=2528527 width=4) (actual time=2357.323..2357.323 rows=2528312 loops=1)
                    Buckets: 131072  Batches: 64  Memory Usage: 2415kB
                    ->  Seq Scan on title t  (cost=0.00..61283.27 rows=2528527 width=4) (actual time=0.013..1261.879 rows=2528312 loops=1)
Planning time: 1.052 ms
Execution time: 9092.333 ms
