Seq Scan on cast_info ci  (cost=0.00..796071.18 rows=6837482 width=0) (actual time=1320.822..13521.020 rows=10546829 loops=1)
  Filter: ((person_id > 2654419) AND (role_id > 1))
  Rows Removed by Filter: 25697515
Planning time: 1.121 ms
Execution time: 14808.631 ms
