Hash Join  (cost=474386.37..554887.22 rows=395433 width=0) (actual time=8245.042..11069.746 rows=4087362 loops=1)
  Hash Cond: (mc.movie_id = t.id)
  ->  Seq Scan on movie_companies mc  (cost=0.00..44881.29 rows=2609129 width=4) (actual time=0.014..946.707 rows=2609129 loops=1)
  ->  Hash  (cost=468099.16..468099.16 rows=383217 width=8) (actual time=8244.083..8244.083 rows=368218 loops=1)
        Buckets: 131072  Batches: 8  Memory Usage: 2837kB
        ->  Hash Join  (cost=102767.86..468099.16 rows=383217 width=8) (actual time=3206.183..8134.937 rows=368218 loops=1)
              Hash Cond: (mi.movie_id = t.id)
              ->  Seq Scan on movie_info mi  (cost=0.00..346232.03 rows=383217 width=4) (actual time=1221.568..5428.868 rows=368218 loops=1)
                    Filter: (info_type_id = 17)
                    Rows Removed by Filter: 14467502
              ->  Hash  (cost=61283.27..61283.27 rows=2528527 width=4) (actual time=1974.868..1974.868 rows=2528312 loops=1)
                    Buckets: 131072  Batches: 64  Memory Usage: 2425kB
                    ->  Seq Scan on title t  (cost=0.00..61283.27 rows=2528527 width=4) (actual time=0.022..1135.192 rows=2528312 loops=1)
Planning time: 1.140 ms
Execution time: 11463.178 ms
