Hash Join  (cost=79795.46..159934.25 rows=369127 width=0) (actual time=1323.872..3616.296 rows=505570 loops=1)
  Hash Cond: (mc.movie_id = t.id)
  ->  Seq Scan on movie_companies mc  (cost=0.00..44881.29 rows=2609129 width=4) (actual time=0.009..917.102 rows=2609129 loops=1)
  ->  Hash  (cost=73925.90..73925.90 rows=357724 width=4) (actual time=1322.378..1322.378 rows=285602 loops=1)
        Buckets: 131072  Batches: 8  Memory Usage: 2279kB
        ->  Seq Scan on title t  (cost=0.00..73925.90 rows=357724 width=4) (actual time=0.027..1227.047 rows=285602 loops=1)
              Filter: ((kind_id < 3) AND (production_year > 2003))
              Rows Removed by Filter: 2242710
Planning time: 0.772 ms
Execution time: 3682.307 ms
