Nested Loop  (cost=0.43..83071.67 rows=246 width=0) (actual time=0.540..1379.767 rows=1508 loops=1)
  ->  Seq Scan on movie_keyword mk  (cost=0.00..81003.12 rows=246 width=4) (actual time=0.486..1319.933 rows=1508 loops=1)
        Filter: (keyword_id = 843)
        Rows Removed by Filter: 4522422
  ->  Index Only Scan using title_pkey on title t  (cost=0.43..8.40 rows=1 width=4) (actual time=0.038..0.038 rows=1 loops=1508)
        Index Cond: (id = mk.movie_id)
        Heap Fetches: 1508
Planning time: 0.739 ms
Execution time: 1380.360 ms
