Seq Scan on cast_info ci  (cost=0.00..796071.18 rows=16738563 width=0) (actual time=0.018..16797.015 rows=20122661 loops=1)
  Filter: ((person_id < 3047225) AND (role_id < 3))
  Rows Removed by Filter: 16121683
Planning time: 0.316 ms
Execution time: 19283.028 ms
