Seq Scan on movie_keyword mk  (cost=0.00..81003.12 rows=246 width=0) (actual time=4.059..1233.942 rows=9 loops=1)
  Filter: (keyword_id = 44508)
  Rows Removed by Filter: 4523921
Planning time: 0.387 ms
Execution time: 1234.031 ms
