Nested Loop  (cost=0.43..83072.29 rows=96 width=0) (actual time=1.750..1223.815 rows=573 loops=1)
  ->  Seq Scan on movie_keyword mk  (cost=0.00..81003.12 rows=246 width=4) (actual time=1.713..1192.594 rows=669 loops=1)
        Filter: (keyword_id = 3173)
        Rows Removed by Filter: 4523261
  ->  Index Scan using title_pkey on title t  (cost=0.43..8.40 rows=1 width=4) (actual time=0.045..0.045 rows=1 loops=669)
        Index Cond: (id = mk.movie_id)
        Filter: (kind_id < 7)
        Rows Removed by Filter: 0
Planning time: 0.707 ms
Execution time: 1224.191 ms
