Seq Scan on movie_keyword mk  (cost=0.00..81003.12 rows=246 width=0) (actual time=308.358..1302.363 rows=2 loops=1)
  Filter: (keyword_id = 42114)
  Rows Removed by Filter: 4523928
Planning time: 0.349 ms
Execution time: 1302.447 ms
