Seq Scan on movie_keyword mk  (cost=0.00..81003.12 rows=2181449 width=0) (actual time=0.033..1454.055 rows=2181654 loops=1)
  Filter: (keyword_id < 4311)
  Rows Removed by Filter: 2342276
Planning time: 0.292 ms
Execution time: 1727.233 ms
