Hash Join  (cost=73962.22..835508.09 rows=17116 width=0) (actual time=1029.887..16319.798 rows=45249 loops=1)
  Hash Cond: (ci.movie_id = t.id)
  ->  Seq Scan on cast_info ci  (cost=0.00..705507.15 rows=14898017 width=4) (actual time=53.386..12233.408 rows=14799034 loops=1)
        Filter: (person_id < 1459557)
        Rows Removed by Filter: 21445310
  ->  Hash  (cost=73925.90..73925.90 rows=2905 width=4) (actual time=976.085..976.085 rows=5914 loops=1)
        Buckets: 8192 (originally 4096)  Batches: 1 (originally 1)  Memory Usage: 272kB
        ->  Seq Scan on title t  (cost=0.00..73925.90 rows=2905 width=4) (actual time=1.307..973.294 rows=5914 loops=1)
              Filter: ((kind_id < 7) AND (production_year = 1974))
              Rows Removed by Filter: 2522398
Planning time: 0.803 ms
Execution time: 16329.096 ms
