Hash Join  (cost=430363.33..517859.90 rows=83854 width=0) (actual time=7708.105..9677.044 rows=418652 loops=1)
  Hash Cond: (mk.movie_id = t.id)
  ->  Seq Scan on movie_keyword mk  (cost=0.00..69693.30 rows=4523930 width=4) (actual time=0.018..1003.619 rows=4523930 loops=1)
  ->  Hash  (cost=429777.48..429777.48 rows=46868 width=8) (actual time=7707.573..7707.573 rows=37781 loops=1)
        Buckets: 65536  Batches: 1  Memory Usage: 1988kB
        ->  Hash Join  (cost=69283.60..429777.48 rows=46868 width=8) (actual time=3492.795..7692.658 rows=37781 loops=1)
              Hash Cond: (mi.movie_id = t.id)
              ->  Seq Scan on movie_info mi  (cost=0.00..346232.03 rows=1158179 width=4) (actual time=2214.294..6063.374 rows=1204709 loops=1)
                    Filter: (info_type_id > 18)
                    Rows Removed by Filter: 13631011
              ->  Hash  (cost=67604.59..67604.59 rows=102321 width=4) (actual time=1197.773..1197.773 rows=100537 loops=1)
                    Buckets: 131072  Batches: 2  Memory Usage: 2803kB
                    ->  Seq Scan on title t  (cost=0.00..67604.59 rows=102321 width=4) (actual time=18.868..1161.751 rows=100537 loops=1)
                          Filter: (kind_id = 3)
                          Rows Removed by Filter: 2427775
Planning time: 27.209 ms
Execution time: 9730.935 ms
