Hash Join  (cost=83074.74..833899.15 rows=3524 width=0) (actual time=1326.717..16216.924 rows=89797 loops=1)
  Hash Cond: (ci.movie_id = t.id)
  ->  Seq Scan on cast_info ci  (cost=0.00..614943.12 rows=36225612 width=4) (actual time=0.009..8184.441 rows=36244344 loops=1)
  ->  Hash  (cost=83071.67..83071.67 rows=246 width=8) (actual time=1326.358..1326.358 rows=2085 loops=1)
        Buckets: 4096 (originally 1024)  Batches: 1 (originally 1)  Memory Usage: 114kB
        ->  Nested Loop  (cost=0.43..83071.67 rows=246 width=8) (actual time=1.602..1324.881 rows=2085 loops=1)
              ->  Seq Scan on movie_keyword mk  (cost=0.00..81003.12 rows=246 width=4) (actual time=1.545..1258.119 rows=2085 loops=1)
                    Filter: (keyword_id = 36)
                    Rows Removed by Filter: 4521845
              ->  Index Only Scan using title_pkey on title t  (cost=0.43..8.40 rows=1 width=4) (actual time=0.031..0.031 rows=1 loops=2085)
                    Index Cond: (id = mk.movie_id)
                    Heap Fetches: 2085
Planning time: 1.151 ms
Execution time: 16236.298 ms
