Hash Join  (cost=173981.20..557211.85 rows=114989 width=0) (actual time=5058.980..11566.003 rows=1488728 loops=1)
  Hash Cond: (mi.movie_id = t.id)
  ->  Seq Scan on movie_info mi  (cost=0.00..346232.03 rows=3068194 width=4) (actual time=1494.836..6178.770 rows=3036719 loops=1)
        Filter: (info_type_id = 16)
        Rows Removed by Filter: 11799001
  ->  Hash  (cost=172425.65..172425.65 rows=94764 width=8) (actual time=3563.201..3563.201 rows=221669 loops=1)
        Buckets: 131072 (originally 131072)  Batches: 4 (originally 2)  Memory Usage: 3213kB
        ->  Hash Join  (cost=83810.17..172425.65 rows=94764 width=8) (actual time=1688.102..3482.754 rows=221669 loops=1)
              Hash Cond: (mk.movie_id = t.id)
              ->  Seq Scan on movie_keyword mk  (cost=0.00..81003.12 rows=242590 width=4) (actual time=0.030..1367.746 rows=260933 loops=1)
                    Filter: (keyword_id < 229)
                    Rows Removed by Filter: 4262997
              ->  Hash  (cost=67604.59..67604.59 rows=987727 width=4) (actual time=1686.562..1686.562 rows=985048 loops=1)
                    Buckets: 131072  Batches: 16  Memory Usage: 3197kB
                    ->  Seq Scan on title t  (cost=0.00..67604.59 rows=987727 width=4) (actual time=0.017..1116.634 rows=985048 loops=1)
                          Filter: (kind_id < 7)
                          Rows Removed by Filter: 1543264
Planning time: 1.202 ms
Execution time: 11708.009 ms
