Hash Join  (cost=121599.94..198881.22 rows=161875 width=0) (actual time=2739.696..5083.037 rows=1247856 loops=1)
  Hash Cond: (mc.movie_id = t.id)
  ->  Seq Scan on movie_companies mc  (cost=0.00..44881.29 rows=2609129 width=4) (actual time=0.010..889.195 rows=2609129 loops=1)
  ->  Hash  (cost=119026.00..119026.00 rows=156875 width=8) (actual time=2738.874..2738.874 rows=364778 loops=1)
        Buckets: 131072 (originally 131072)  Batches: 8 (originally 4)  Memory Usage: 3073kB
        ->  Hash Join  (cost=78641.77..119026.00 rows=156875 width=8) (actual time=1362.870..2622.278 rows=364778 loops=1)
              Hash Cond: (mi_idx.movie_id = t.id)
              ->  Seq Scan on movie_info_idx mi_idx  (cost=0.00..21735.35 rows=1380035 width=4) (actual time=0.018..463.460 rows=1380035 loops=1)
              ->  Hash  (cost=73925.90..73925.90 rows=287429 width=4) (actual time=1362.098..1362.098 rows=401493 loops=1)
                    Buckets: 131072 (originally 131072)  Batches: 8 (originally 4)  Memory Usage: 3073kB
                    ->  Seq Scan on title t  (cost=0.00..73925.90 rows=287429 width=4) (actual time=0.033..1228.400 rows=401493 loops=1)
                          Filter: ((kind_id < 7) AND (production_year < 1992))
                          Rows Removed by Filter: 2126819
Planning time: 1.182 ms
Execution time: 5225.516 ms
