Hash Join  (cost=75580.59..166892.15 rows=33057 width=0) (actual time=1591.143..3258.925 rows=106670 loops=1)
  Hash Cond: (mk.movie_id = t.id)
  ->  Seq Scan on movie_keyword mk  (cost=0.00..81003.12 rows=828762 width=4) (actual time=0.017..1343.197 rows=830240 loops=1)
        Filter: (keyword_id < 797)
        Rows Removed by Filter: 3693690
  ->  Hash  (cost=73925.90..73925.90 rows=100855 width=4) (actual time=1277.471..1277.471 rows=111586 loops=1)
        Buckets: 131072  Batches: 2  Memory Usage: 2988kB
        ->  Seq Scan on title t  (cost=0.00..73925.90 rows=100855 width=4) (actual time=32.315..1235.392 rows=111586 loops=1)
              Filter: ((production_year < 2012) AND (kind_id = 4))
              Rows Removed by Filter: 2416726
Planning time: 1.359 ms
Execution time: 3273.305 ms
