Hash Join  (cost=126395.65..216911.80 rows=582 width=0) (actual time=2192.638..3704.701 rows=31 loops=1)
  Hash Cond: (mk.movie_id = t.id)
  ->  Seq Scan on movie_keyword mk  (cost=0.00..81003.12 rows=2535255 width=4) (actual time=0.013..1542.425 rows=2529292 loops=1)
        Filter: (keyword_id < 6279)
        Rows Removed by Filter: 1994638
  ->  Hash  (cost=126388.40..126388.40 rows=580 width=8) (actual time=1821.892..1821.892 rows=15 loops=1)
        Buckets: 1024  Batches: 1  Memory Usage: 9kB
        ->  Hash Join  (cost=68365.25..126388.40 rows=580 width=8) (actual time=984.548..1821.858 rows=15 loops=1)
              Hash Cond: (mc.movie_id = t.id)
              ->  Seq Scan on movie_companies mc  (cost=0.00..57926.93 rows=24110 width=4) (actual time=3.857..853.037 rows=5188 loops=1)
                    Filter: ((company_id = 19) AND (company_type_id = 2))
                    Rows Removed by Filter: 2603941
              ->  Hash  (cost=67604.59..67604.59 rows=60853 width=4) (actual time=964.874..964.874 rows=62568 loops=1)
                    Buckets: 65536  Batches: 1  Memory Usage: 2712kB
                    ->  Seq Scan on title t  (cost=0.00..67604.59 rows=60853 width=4) (actual time=0.029..939.948 rows=62568 loops=1)
                          Filter: (production_year = 2002)
                          Rows Removed by Filter: 2465744
Planning time: 1.745 ms
Execution time: 3705.074 ms
