Seq Scan on cast_info ci  (cost=0.00..796071.18 rows=44683 width=0) (actual time=3335.141..10250.498 rows=17864 loops=1)
  Filter: ((person_id < 132978) AND (role_id = 9))
  Rows Removed by Filter: 36226480
Planning time: 0.379 ms
Execution time: 10252.709 ms
