Seq Scan on cast_info ci  (cost=0.00..796071.18 rows=1440575 width=0) (actual time=3970.625..10744.656 rows=1834554 loops=1)
  Filter: ((person_id < 246988) AND (role_id < 3))
  Rows Removed by Filter: 34409790
Planning time: 0.370 ms
Execution time: 10965.820 ms
