Hash Join  (cost=105093.67..267753.98 rows=1767826 width=106) (actual time=2382.744..6583.683 rows=1390414 loops=1)
  Hash Cond: (mk.movie_id = t.id)
  ->  Seq Scan on movie_keyword mk  (cost=0.00..81003.12 rows=3237046 width=12) (actual time=0.023..1854.412 rows=3225785 loops=1)
        Filter: (keyword_id < 13596)
        Rows Removed by Filter: 1298145
  ->  Hash  (cost=67604.59..67604.59 rows=1380887 width=94) (actual time=2379.613..2379.613 rows=1381453 loops=1)
        Buckets: 32768  Batches: 64  Memory Usage: 2707kB
        ->  Seq Scan on title t  (cost=0.00..67604.59 rows=1380887 width=94) (actual time=0.017..1483.392 rows=1381453 loops=1)
              Filter: (production_year > 2000)
              Rows Removed by Filter: 1146859
Planning time: 0.663 ms
Execution time: 6653.513 ms
