Hash Join  (cost=219446.17..619178.05 rows=911200 width=0) (actual time=4714.061..11727.606 rows=206104 loops=1)
  Hash Cond: (mi.movie_id = t.id)
  ->  Seq Scan on movie_info mi  (cost=0.00..346232.03 rows=3623957 width=4) (actual time=147.967..5542.191 rows=3624977 loops=1)
        Filter: (info_type_id < 4)
        Rows Removed by Filter: 11210743
  ->  Hash  (cost=209015.07..209015.07 rows=635768 width=8) (actual time=4564.897..4564.897 rows=128564 loops=1)
        Buckets: 131072  Batches: 16  Memory Usage: 1331kB
        ->  Hash Join  (cost=82012.37..209015.07 rows=635768 width=8) (actual time=2083.360..4522.273 rows=128564 loops=1)
              Hash Cond: (mk.movie_id = t.id)
              ->  Seq Scan on movie_keyword mk  (cost=0.00..81003.12 rows=3261840 width=4) (actual time=0.043..1745.546 rows=3252327 loops=1)
                    Filter: (keyword_id < 13993)
                    Rows Removed by Filter: 1271603
              ->  Hash  (cost=73925.90..73925.90 rows=492837 width=4) (actual time=1403.214..1403.214 rows=379345 loops=1)
                    Buckets: 131072  Batches: 8  Memory Usage: 2683kB
                    ->  Seq Scan on title t  (cost=0.00..73925.90 rows=492837 width=4) (actual time=22.073..1270.458 rows=379345 loops=1)
                          Filter: ((production_year < 1995) AND (kind_id = 7))
                          Rows Removed by Filter: 2148967
Planning time: 1.110 ms
Execution time: 11751.762 ms
