Hash Join  (cost=166325.95..266030.37 rows=197453 width=0) (actual time=3359.838..5422.499 rows=109485 loops=1)
  Hash Cond: (mk.movie_id = t.id)
  ->  Seq Scan on movie_keyword mk  (cost=0.00..81003.12 rows=1318604 width=4) (actual time=0.023..1498.825 rows=1332101 loops=1)
        Filter: (keyword_id > 12933)
        Rows Removed by Filter: 3191829
  ->  Hash  (cost=160113.06..160113.06 rows=378631 width=8) (actual time=3345.484..3345.484 rows=139078 loops=1)
        Buckets: 131072  Batches: 8  Memory Usage: 1715kB
        ->  Hash Join  (cost=89602.09..160113.06 rows=378631 width=8) (actual time=1560.013..3298.892 rows=139078 loops=1)
              Hash Cond: (mc.movie_id = t.id)
              ->  Seq Scan on movie_companies mc  (cost=0.00..51404.11 rows=1002013 width=4) (actual time=0.014..1047.026 rows=1010403 loops=1)
                    Filter: (company_id > 16340)
                    Rows Removed by Filter: 1598726
              ->  Hash  (cost=73925.90..73925.90 rows=955455 width=4) (actual time=1558.873..1558.873 rows=885784 loops=1)
                    Buckets: 131072  Batches: 16  Memory Usage: 2971kB
                    ->  Seq Scan on title t  (cost=0.00..73925.90 rows=955455 width=4) (actual time=0.028..1280.965 rows=885784 loops=1)
                          Filter: ((kind_id > 4) AND (production_year < 2007))
                          Rows Removed by Filter: 1642528
Planning time: 1.201 ms
Execution time: 5436.650 ms
