Hash Join  (cost=95609.14..957724.88 rows=2048901 width=0) (actual time=7900.956..19050.292 rows=4008008 loops=1)
  Hash Cond: (ci.movie_id = t.id)
  ->  Seq Scan on cast_info ci  (cost=0.00..796071.18 rows=3035110 width=4) (actual time=5923.032..12607.613 rows=6149308 loops=1)
        Filter: ((person_id < 837038) AND (role_id = 1))
        Rows Removed by Filter: 30095036
  ->  Hash  (cost=67604.59..67604.59 rows=1706924 width=4) (actual time=1977.072..1977.072 rows=1700316 loops=1)
        Buckets: 131072  Batches: 32  Memory Usage: 2895kB
        ->  Seq Scan on title t  (cost=0.00..67604.59 rows=1706924 width=4) (actual time=0.020..1419.168 rows=1700316 loops=1)
              Filter: (production_year > 1992)
              Rows Removed by Filter: 827996
Planning time: 0.733 ms
Execution time: 19501.323 ms
