Seq Scan on title t  (cost=0.00..73925.90 rows=5474 width=0) (actual time=0.097..1155.969 rows=16373 loops=1)
  Filter: ((kind_id > 1) AND (production_year = 1989))
  Rows Removed by Filter: 2511939
Planning time: 0.389 ms
Execution time: 1159.511 ms
