Hash Join  (cost=92883.59..216847.47 rows=1190633 width=0) (actual time=1797.035..4928.914 rows=300511 loops=1)
  Hash Cond: (mk.movie_id = t.id)
  ->  Seq Scan on movie_keyword mk  (cost=0.00..81003.12 rows=1953886 width=4) (actual time=0.012..1604.782 rows=1962032 loops=1)
        Filter: (keyword_id > 6491)
        Rows Removed by Filter: 2561898
  ->  Hash  (cost=67604.59..67604.59 rows=1540800 width=4) (actual time=1795.832..1795.832 rows=1543264 loops=1)
        Buckets: 131072  Batches: 32  Memory Usage: 2728kB
        ->  Seq Scan on title t  (cost=0.00..67604.59 rows=1540800 width=4) (actual time=0.024..1296.355 rows=1543264 loops=1)
              Filter: (kind_id = 7)
              Rows Removed by Filter: 985048
Planning time: 0.681 ms
Execution time: 4967.403 ms
