Hash Join  (cost=274807.04..913377.45 rows=13152659 width=0) (actual time=6220.700..40872.813 rows=94075538 loops=1)
  Hash Cond: (mi.movie_id = t.id)
  ->  Seq Scan on movie_info mi  (cost=0.00..309384.22 rows=14739122 width=4) (actual time=0.017..6211.220 rows=14835720 loops=1)
  ->  Hash  (cost=237788.46..237788.46 rows=2256366 width=8) (actual time=6219.525..6219.525 rows=1727725 loops=1)
        Buckets: 131072  Batches: 32  Memory Usage: 3275kB
        ->  Hash Join  (cost=88295.76..237788.46 rows=2256366 width=8) (actual time=1700.302..5772.846 rows=1727725 loops=1)
              Hash Cond: (mk.movie_id = t.id)
              ->  Seq Scan on movie_keyword mk  (cost=0.00..69693.30 rows=4523930 width=4) (actual time=0.010..1549.083 rows=4523930 loops=1)
              ->  Hash  (cost=67604.59..67604.59 rows=1261134 width=4) (actual time=1698.559..1698.559 rows=1260295 loops=1)
                    Buckets: 131072  Batches: 32  Memory Usage: 2421kB
                    ->  Seq Scan on title t  (cost=0.00..67604.59 rows=1261134 width=4) (actual time=0.012..1288.464 rows=1260295 loops=1)
                          Filter: (production_year > 2002)
                          Rows Removed by Filter: 1268017
Planning time: 1.088 ms
Execution time: 50757.450 ms
