Hash Join  (cost=181977.17..1116109.35 rows=2000164 width=0) (actual time=3797.639..29230.839 rows=7355434 loops=1)
  Hash Cond: (ci.movie_id = t.id)
  ->  Seq Scan on cast_info ci  (cost=0.00..705507.15 rows=17947838 width=4) (actual time=0.028..13688.123 rows=18079976 loops=1)
        Filter: (person_id > 1803427)
        Rows Removed by Filter: 18164368
  ->  Hash  (cost=177353.83..177353.83 rows=281787 width=8) (actual time=3796.801..3796.801 rows=557721 loops=1)
        Buckets: 131072 (originally 131072)  Batches: 8 (originally 4)  Memory Usage: 3758kB
        ->  Hash Join  (cost=102767.86..177353.83 rows=281787 width=8) (actual time=2131.203..3637.460 rows=557721 loops=1)
              Hash Cond: (mc.movie_id = t.id)
              ->  Seq Scan on movie_companies mc  (cost=0.00..57926.93 rows=281787 width=4) (actual time=246.991..926.897 rows=557721 loops=1)
                    Filter: ((company_id > 71696) AND (company_type_id = 2))
                    Rows Removed by Filter: 2051408
              ->  Hash  (cost=61283.27..61283.27 rows=2528527 width=4) (actual time=1882.681..1882.681 rows=2528312 loops=1)
                    Buckets: 131072  Batches: 64  Memory Usage: 2415kB
                    ->  Seq Scan on title t  (cost=0.00..61283.27 rows=2528527 width=4) (actual time=0.025..1049.878 rows=2528312 loops=1)
Planning time: 1.152 ms
Execution time: 30145.274 ms
