Hash Join  (cost=175027.18..300626.55 rows=980714 width=0) (actual time=3950.976..7742.454 rows=4191607 loops=1)
  Hash Cond: (mk.movie_id = t.id)
  ->  Seq Scan on movie_keyword mk  (cost=0.00..81003.12 rows=2698160 width=4) (actual time=0.025..1585.368 rows=2690765 loops=1)
        Filter: (keyword_id > 3020)
        Rows Removed by Filter: 1833165
  ->  Hash  (cost=159947.97..159947.97 rows=919057 width=8) (actual time=3949.476..3949.476 rows=920110 loops=1)
        Buckets: 131072  Batches: 16  Memory Usage: 3283kB
        ->  Hash Join  (cost=102767.86..159947.97 rows=919057 width=8) (actual time=1895.273..3674.472 rows=920110 loops=1)
              Hash Cond: (mi_idx.movie_id = t.id)
              ->  Seq Scan on movie_info_idx mi_idx  (cost=0.00..25185.44 rows=919057 width=4) (actual time=0.033..586.353 rows=920110 loops=1)
                    Filter: (info_type_id > 99)
                    Rows Removed by Filter: 459925
              ->  Hash  (cost=61283.27..61283.27 rows=2528527 width=4) (actual time=1894.358..1894.358 rows=2528312 loops=1)
                    Buckets: 131072  Batches: 64  Memory Usage: 2415kB
                    ->  Seq Scan on title t  (cost=0.00..61283.27 rows=2528527 width=4) (actual time=0.025..1037.391 rows=2528312 loops=1)
Planning time: 6.154 ms
Execution time: 8191.205 ms
