Nested Loop  (cost=0.43..83072.90 rows=14 width=0) (actual time=43.862..1321.738 rows=5 loops=1)
  ->  Seq Scan on movie_keyword mk  (cost=0.00..81003.12 rows=246 width=4) (actual time=43.807..1296.058 rows=936 loops=1)
        Filter: (keyword_id = 59979)
        Rows Removed by Filter: 4522994
  ->  Index Scan using title_pkey on title t  (cost=0.43..8.40 rows=1 width=4) (actual time=0.027..0.027 rows=0 loops=936)
        Index Cond: (id = mk.movie_id)
        Filter: ((kind_id < 3) AND (production_year < 1978))
        Rows Removed by Filter: 1
Planning time: 0.754 ms
Execution time: 1321.855 ms
