Hash Join  (cost=87162.74..166528.50 rows=536559 width=0) (actual time=1583.279..3830.592 rows=1241783 loops=1)
  Hash Cond: (mc.movie_id = t.id)
  ->  Seq Scan on movie_companies mc  (cost=0.00..51404.11 rows=1681614 width=4) (actual time=0.014..999.548 rows=1681481 loops=1)
        Filter: (company_id > 3269)
        Rows Removed by Filter: 927648
  ->  Hash  (cost=73925.90..73925.90 rows=806787 width=4) (actual time=1582.515..1582.515 rows=843018 loops=1)
        Buckets: 131072  Batches: 16  Memory Usage: 2879kB
        ->  Seq Scan on title t  (cost=0.00..73925.90 rows=806787 width=4) (actual time=0.014..1320.938 rows=843018 loops=1)
              Filter: ((kind_id < 7) AND (production_year < 2011))
              Rows Removed by Filter: 1685294
Planning time: 0.709 ms
Execution time: 3964.765 ms
