Hash Join  (cost=202844.45..350322.27 rows=2090978 width=0) (actual time=6680.237..8124.010 rows=1254257 loops=1)
  Hash Cond: (mk.movie_id = t.id)
  ->  Seq Scan on movie_keyword mk  (cost=0.00..69693.30 rows=4523930 width=4) (actual time=0.023..1488.260 rows=4523930 loops=1)
  ->  Hash  (cost=183669.77..183669.77 rows=1168695 width=8) (actual time=4370.040..4370.040 rows=460263 loops=1)
        Buckets: 131072  Batches: 16  Memory Usage: 2138kB
        ->  Hash Join  (cost=92508.29..183669.77 rows=1168695 width=8) (actual time=1742.834..4221.697 rows=460263 loops=1)
              Hash Cond: (mc.movie_id = t.id)
              ->  Seq Scan on movie_companies mc  (cost=0.00..44881.29 rows=2609129 width=4) (actual time=0.020..834.817 rows=2609129 loops=1)
              ->  Hash  (cost=73925.90..73925.90 rows=1132591 width=4) (actual time=1736.529..1736.529 rows=1224674 loops=1)
                    Buckets: 131072  Batches: 16  Memory Usage: 3727kB
                    ->  Seq Scan on title t  (cost=0.00..73925.90 rows=1132591 width=4) (actual time=354.683..1344.868 rows=1224674 loops=1)
                          Filter: ((production_year > 1985) AND (kind_id = 7))
                          Rows Removed by Filter: 1303638
Planning time: 1.127 ms
Execution time: 8281.721 ms
