Seq Scan on movie_keyword mk  (cost=0.00..81003.12 rows=246 width=0) (actual time=0.104..1309.052 rows=1536 loops=1)
  Filter: (keyword_id = 1420)
  Rows Removed by Filter: 4522394
Planning time: 0.339 ms
Execution time: 1309.583 ms
