Hash Join  (cost=709677.53..1074353.85 rows=2040 width=0) (actual time=11352.618..17007.994 rows=2651 loops=1)
  Hash Cond: (mi.movie_id = t.id)
  ->  Seq Scan on movie_info mi  (cost=0.00..309384.22 rows=14739122 width=4) (actual time=0.016..3333.824 rows=14835720 loops=1)
  ->  Hash  (cost=709673.15..709673.15 rows=350 width=8) (actual time=11284.704..11284.704 rows=118 loops=1)
        Buckets: 1024  Batches: 1  Memory Usage: 13kB
        ->  Nested Loop  (cost=0.43..709673.15 rows=350 width=8) (actual time=1424.098..11284.649 rows=118 loops=1)
              ->  Seq Scan on cast_info ci  (cost=0.00..705507.15 rows=500 width=4) (actual time=1422.653..11281.215 rows=138 loops=1)
                    Filter: (person_id = 1872165)
                    Rows Removed by Filter: 36244206
              ->  Index Scan using title_pkey on title t  (cost=0.43..8.32 rows=1 width=4) (actual time=0.024..0.024 rows=1 loops=138)
                    Index Cond: (id = ci.movie_id)
                    Filter: (kind_id > 2)
                    Rows Removed by Filter: 0
Planning time: 1.319 ms
Execution time: 17008.490 ms
