Nested Loop  (cost=44377.22..164443.81 rows=18373 width=0) (actual time=1383.332..2371.021 rows=47473 loops=1)
  Join Filter: (mc.movie_id = t.id)
  ->  Hash Join  (cost=44376.79..108278.24 rows=95131 width=8) (actual time=1383.220..1999.920 rows=47473 loops=1)
        Hash Cond: (mc.movie_id = mi_idx.movie_id)
        ->  Seq Scan on movie_companies mc  (cost=0.00..51404.11 rows=33663 width=4) (actual time=513.561..857.051 rows=32484 loops=1)
              Filter: (company_id > 205632)
              Rows Removed by Filter: 2576645
        ->  Hash  (cost=21735.35..21735.35 rows=1380035 width=4) (actual time=868.717..868.717 rows=1380035 loops=1)
              Buckets: 131072  Batches: 32  Memory Usage: 2540kB
              ->  Seq Scan on movie_info_idx mi_idx  (cost=0.00..21735.35 rows=1380035 width=4) (actual time=0.039..447.928 rows=1380035 loops=1)
  ->  Index Only Scan using title_pkey on title t  (cost=0.43..0.58 rows=1 width=4) (actual time=0.007..0.007 rows=1 loops=47473)
        Index Cond: (id = mi_idx.movie_id)
        Heap Fetches: 47473
Planning time: 1.107 ms
Execution time: 2379.089 ms
