Hash Join  (cost=28268.52..802931.04 rows=1048 width=0) (actual time=402.089..15195.919 rows=17497 loops=1)
  Hash Cond: (ci.movie_id = t.id)
  ->  Seq Scan on cast_info ci  (cost=0.00..705507.15 rows=18438633 width=4) (actual time=0.009..11678.742 rows=18328162 loops=1)
        Filter: (person_id < 1822505)
        Rows Removed by Filter: 17916182
  ->  Hash  (cost=28266.72..28266.72 rows=144 width=8) (actual time=401.228..401.228 rows=260 loops=1)
        Buckets: 1024  Batches: 1  Memory Usage: 19kB
        ->  Nested Loop  (cost=0.43..28266.72 rows=144 width=8) (actual time=202.938..401.101 rows=260 loops=1)
              ->  Seq Scan on movie_info_idx mi_idx  (cost=0.00..25185.44 rows=368 width=4) (actual time=202.855..384.274 rows=260 loops=1)
                    Filter: (info_type_id > 101)
                    Rows Removed by Filter: 1379775
              ->  Index Scan using title_pkey on title t  (cost=0.43..8.36 rows=1 width=4) (actual time=0.064..0.064 rows=1 loops=260)
                    Index Cond: (id = mi_idx.movie_id)
                    Filter: (kind_id < 7)
Planning time: 1.051 ms
Execution time: 15200.675 ms
