Hash Join  (cost=147394.96..273892.08 rows=368908 width=0) (actual time=3668.337..7500.032 rows=2960062 loops=1)
  Hash Cond: (mk.movie_id = t.id)
  ->  Seq Scan on movie_keyword mk  (cost=0.00..69693.30 rows=4523930 width=4) (actual time=0.019..1443.642 rows=4523930 loops=1)
  ->  Hash  (cost=144011.58..144011.58 rows=206191 width=8) (actual time=3667.315..3667.315 rows=299983 loops=1)
        Buckets: 131072  Batches: 4  Memory Usage: 3986kB
        ->  Hash Join  (cost=79303.65..144011.58 rows=206191 width=8) (actual time=2058.084..3563.486 rows=299983 loops=1)
              Hash Cond: (mc.movie_id = t.id)
              ->  Seq Scan on movie_companies mc  (cost=0.00..51404.11 rows=731174 width=4) (actual time=0.019..907.247 rows=722902 loops=1)
                    Filter: (company_id < 1405)
                    Rows Removed by Filter: 1886227
              ->  Hash  (cost=67604.59..67604.59 rows=713045 width=4) (actual time=2056.596..2056.596 rows=707186 loops=1)
                    Buckets: 131072  Batches: 16  Memory Usage: 2578kB
                    ->  Seq Scan on title t  (cost=0.00..67604.59 rows=713045 width=4) (actual time=0.020..1149.235 rows=707186 loops=1)
                          Filter: (production_year < 1991)
                          Rows Removed by Filter: 1821126
Planning time: 2.603 ms
Execution time: 7845.099 ms
