Seq Scan on cast_info ci  (cost=0.00..705507.15 rows=1083219 width=0) (actual time=683.558..9935.305 rows=962460 loops=1)
  Filter: (person_id < 99610)
  Rows Removed by Filter: 35281884
Planning time: 0.307 ms
Execution time: 10055.732 ms
