Hash Join  (cost=102767.86..208073.72 rows=599430 width=0) (actual time=2033.633..4929.272 rows=603050 loops=1)
  Hash Cond: (mk.movie_id = t.id)
  ->  Seq Scan on movie_keyword mk  (cost=0.00..81003.12 rows=599430 width=4) (actual time=0.022..1353.584 rows=603050 loops=1)
        Filter: (keyword_id < 449)
        Rows Removed by Filter: 3920880
  ->  Hash  (cost=61283.27..61283.27 rows=2528527 width=4) (actual time=2032.139..2032.139 rows=2528312 loops=1)
        Buckets: 131072  Batches: 64  Memory Usage: 2425kB
        ->  Seq Scan on title t  (cost=0.00..61283.27 rows=2528527 width=4) (actual time=0.021..1154.893 rows=2528312 loops=1)
Planning time: 0.733 ms
Execution time: 5000.810 ms
