Hash Join  (cost=92883.59..1427288.22 rows=20076004 width=0) (actual time=1718.438..42110.087 rows=19583403 loops=1)
  Hash Cond: (ci.movie_id = t.id)
  ->  Seq Scan on cast_info ci  (cost=0.00..705507.15 rows=32945689 width=4) (actual time=0.018..17145.635 rows=33080326 loops=1)
        Filter: (person_id > 306437)
        Rows Removed by Filter: 3164018
  ->  Hash  (cost=67604.59..67604.59 rows=1540800 width=4) (actual time=1717.239..1717.239 rows=1543264 loops=1)
        Buckets: 131072  Batches: 32  Memory Usage: 2722kB
        ->  Seq Scan on title t  (cost=0.00..67604.59 rows=1540800 width=4) (actual time=55.578..1237.104 rows=1543264 loops=1)
              Filter: (kind_id = 7)
              Rows Removed by Filter: 985048
Planning time: 0.808 ms
Execution time: 44256.296 ms
