Seq Scan on movie_companies mc  (cost=0.00..57926.93 rows=51 width=0) (actual time=1.144..756.505 rows=808 loops=1)
  Filter: ((company_id = 464) AND (company_type_id = 1))
  Rows Removed by Filter: 2608321
Planning time: 10.194 ms
Execution time: 756.764 ms
