Nested Loop  (cost=32749.09..740344.19 rows=50 width=0) (actual time=2813.484..10553.080 rows=27 loops=1)
  Join Filter: (ci.movie_id = t.id)
  ->  Hash Join  (cost=32748.66..740150.58 rows=227 width=8) (actual time=2813.376..10551.020 rows=66 loops=1)
        Hash Cond: (ci.movie_id = mi_idx.movie_id)
        ->  Seq Scan on cast_info ci  (cost=0.00..705507.15 rows=500 width=4) (actual time=2240.677..9903.515 rows=86 loops=1)
              Filter: (person_id = 2481031)
              Rows Removed by Filter: 36244258
        ->  Hash  (cost=25185.44..25185.44 rows=460978 width=4) (actual time=571.779..571.779 rows=459925 loops=1)
              Buckets: 131072  Batches: 8  Memory Usage: 3050kB
              ->  Seq Scan on movie_info_idx mi_idx  (cost=0.00..25185.44 rows=460978 width=4) (actual time=0.024..432.898 rows=459925 loops=1)
                    Filter: (info_type_id = 99)
                    Rows Removed by Filter: 920110
  ->  Index Scan using title_pkey on title t  (cost=0.43..0.84 rows=1 width=4) (actual time=0.029..0.029 rows=0 loops=66)
        Index Cond: (id = mi_idx.movie_id)
        Filter: (production_year > 2000)
        Rows Removed by Filter: 1
Planning time: 2.887 ms
Execution time: 10553.227 ms
