Hash Join  (cost=102544.35..185266.19 rows=6558 width=0) (actual time=1974.971..3167.952 rows=3657 loops=1)
  Hash Cond: (mk.movie_id = t.id)
  ->  Seq Scan on movie_keyword mk  (cost=0.00..81003.12 rows=440835 width=4) (actual time=0.033..1227.060 rows=437274 loops=1)
        Filter: (keyword_id > 40206)
        Rows Removed by Filter: 4086656
  ->  Hash  (cost=102074.13..102074.13 rows=37618 width=8) (actual time=1859.856..1859.856 rows=19569 loops=1)
        Buckets: 65536  Batches: 1  Memory Usage: 1277kB
        ->  Hash Join  (cost=74787.47..102074.13 rows=37618 width=8) (actual time=1192.802..1852.554 rows=19569 loops=1)
              Hash Cond: (mi_idx.movie_id = t.id)
              ->  Seq Scan on movie_info_idx mi_idx  (cost=0.00..21735.35 rows=1380035 width=4) (actual time=0.009..304.651 rows=1380035 loops=1)
              ->  Hash  (cost=73925.90..73925.90 rows=68925 width=4) (actual time=1192.223..1192.223 rows=84076 loops=1)
                    Buckets: 131072  Batches: 1  Memory Usage: 3980kB
                    ->  Seq Scan on title t  (cost=0.00..73925.90 rows=68925 width=4) (actual time=0.013..1158.190 rows=84076 loops=1)
                          Filter: ((kind_id = 7) AND (production_year = 2007))
                          Rows Removed by Filter: 2444236
Planning time: 1.174 ms
Execution time: 3168.849 ms
