Seq Scan on movie_keyword mk  (cost=0.00..81003.12 rows=246 width=0) (actual time=1.423..943.684 rows=1845 loops=1)
  Filter: (keyword_id = 1681)
  Rows Removed by Filter: 4522085
Planning time: 0.353 ms
Execution time: 944.287 ms
