Seq Scan on movie_keyword mk  (cost=0.00..81003.12 rows=1009608 width=0) (actual time=0.028..1316.385 rows=1016319 loops=1)
  Filter: (keyword_id > 17758)
  Rows Removed by Filter: 3507611
Planning time: 0.301 ms
Execution time: 1446.578 ms
