Seq Scan on movie_keyword mk  (cost=0.00..81003.12 rows=2258295 width=0) (actual time=0.014..1499.302 rows=2256139 loops=1)
  Filter: (keyword_id > 4745)
  Rows Removed by Filter: 2267791
Planning time: 0.350 ms
Execution time: 1782.343 ms
