Seq Scan on movie_keyword mk  (cost=0.00..81003.12 rows=2548477 width=0) (actual time=0.015..1539.068 rows=2539506 loops=1)
  Filter: (keyword_id < 6359)
  Rows Removed by Filter: 1984424
Planning time: 0.300 ms
Execution time: 1862.884 ms
