Hash Join  (cost=89645.92..232533.96 rows=1714300 width=0) (actual time=1497.464..6486.167 rows=3863332 loops=1)
  Hash Cond: (mk.movie_id = t.id)
  ->  Seq Scan on movie_keyword mk  (cost=0.00..69693.30 rows=4523930 width=4) (actual time=0.017..1319.276 rows=4523930 loops=1)
  ->  Hash  (cost=73925.90..73925.90 rows=958161 width=4) (actual time=1496.414..1496.414 rows=975433 loops=1)
        Buckets: 131072  Batches: 16  Memory Usage: 3176kB
        ->  Seq Scan on title t  (cost=0.00..73925.90 rows=958161 width=4) (actual time=0.023..1183.166 rows=975433 loops=1)
              Filter: ((kind_id < 7) AND (production_year > 1897))
              Rows Removed by Filter: 1552879
Planning time: 1.246 ms
Execution time: 6933.074 ms
