Seq Scan on movie_companies mc  (cost=0.00..51404.11 rows=1086878 width=0) (actual time=0.022..909.326 rows=1099787 loops=1)
  Filter: (company_id > 14060)
  Rows Removed by Filter: 1509342
Planning time: 0.809 ms
Execution time: 1040.072 ms
