Hash Join  (cost=67697.55..129484.22 rows=3004 width=0) (actual time=1619.335..2471.809 rows=2434 loops=1)
  Hash Cond: (mc.movie_id = t.id)
  ->  Seq Scan on movie_companies mc  (cost=0.00..57926.93 rows=1021251 width=4) (actual time=251.155..1181.922 rows=1165502 loops=1)
        Filter: ((company_id > 687) AND (company_type_id = 2))
        Rows Removed by Filter: 1443627
  ->  Hash  (cost=67604.59..67604.59 rows=7437 width=4) (actual time=1105.852..1105.852 rows=2795 loops=1)
        Buckets: 8192  Batches: 1  Memory Usage: 163kB
        ->  Seq Scan on title t  (cost=0.00..67604.59 rows=7437 width=4) (actual time=49.261..1104.420 rows=2795 loops=1)
              Filter: (production_year = 1937)
              Rows Removed by Filter: 2525517
Planning time: 1.182 ms
Execution time: 2472.363 ms
