Hash Join  (cost=84000.82..1208179.78 rows=8797680 width=0) (actual time=1480.366..36170.443 rows=8395875 loops=1)
  Hash Cond: (ci.movie_id = t.id)
  ->  Seq Scan on cast_info ci  (cost=0.00..614943.12 rows=36225612 width=4) (actual time=0.023..13026.206 rows=36244344 loops=1)
  ->  Hash  (cost=73925.90..73925.90 rows=614073 width=4) (actual time=1479.431..1479.431 rows=497470 loops=1)
        Buckets: 131072  Batches: 16  Memory Usage: 2113kB
        ->  Seq Scan on title t  (cost=0.00..73925.90 rows=614073 width=4) (actual time=0.015..1320.944 rows=497470 loops=1)
              Filter: ((kind_id < 3) AND (production_year > 1972))
              Rows Removed by Filter: 2030842
Planning time: 0.706 ms
Execution time: 37144.113 ms
