Hash Join  (cost=355270.71..2112688.22 rows=57216730 width=0) (actual time=8508.237..85234.710 rows=190402444 loops=1)
  Hash Cond: (ci.movie_id = t.id)
  ->  Seq Scan on cast_info ci  (cost=0.00..614943.12 rows=36225612 width=4) (actual time=0.020..13652.740 rows=36244344 loops=1)
  ->  Hash  (cost=289748.53..289748.53 rows=3993695 width=8) (actual time=8506.403..8506.403 rows=4004671 loops=1)
        Buckets: 131072  Batches: 64  Memory Usage: 3488kB
        ->  Hash Join  (cost=102767.86..289748.53 rows=3993695 width=8) (actual time=1896.777..7426.552 rows=4004671 loops=1)
              Hash Cond: (mk.movie_id = t.id)
              ->  Seq Scan on movie_keyword mk  (cost=0.00..81003.12 rows=3993695 width=4) (actual time=0.022..1793.495 rows=4004671 loops=1)
                    Filter: (keyword_id < 34852)
                    Rows Removed by Filter: 519259
              ->  Hash  (cost=61283.27..61283.27 rows=2528527 width=4) (actual time=1894.629..1894.629 rows=2528312 loops=1)
                    Buckets: 131072  Batches: 64  Memory Usage: 2425kB
                    ->  Seq Scan on title t  (cost=0.00..61283.27 rows=2528527 width=4) (actual time=0.019..1039.872 rows=2528312 loops=1)
Planning time: 1.168 ms
Execution time: 105173.164 ms
