Hash Join  (cost=97968.46..614415.47 rows=5491982 width=0) (actual time=1938.307..13785.413 rows=1929448 loops=1)
  Hash Cond: (mi.movie_id = t.id)
  ->  Seq Scan on movie_info mi  (cost=0.00..346232.03 rows=9476311 width=4) (actual time=0.019..6617.412 rows=9565151 loops=1)
        Filter: (info_type_id < 16)
        Rows Removed by Filter: 5270569
  ->  Hash  (cost=73925.90..73925.90 rows=1465404 width=4) (actual time=1935.941..1935.941 rows=1478439 loops=1)
        Buckets: 131072  Batches: 32  Memory Usage: 2656kB
        ->  Seq Scan on title t  (cost=0.00..73925.90 rows=1465404 width=4) (actual time=193.671..1461.487 rows=1478439 loops=1)
              Filter: ((production_year > 1914) AND (kind_id = 7))
              Rows Removed by Filter: 1049873
Planning time: 0.760 ms
Execution time: 13988.290 ms
