Hash Join  (cost=257931.80..869406.96 rows=9252123 width=0) (actual time=5871.863..28941.905 rows=46222835 loops=1)
  Hash Cond: (mi.movie_id = t.id)
  ->  Seq Scan on movie_info mi  (cost=0.00..346232.03 rows=12928982 width=4) (actual time=0.031..7277.899 rows=12970088 loops=1)
        Filter: (info_type_id < 18)
        Rows Removed by Filter: 1865632
  ->  Hash  (cost=228244.77..228244.77 rows=1809442 width=8) (actual time=5870.539..5870.539 rows=1253091 loops=1)
        Buckets: 131072  Batches: 32  Memory Usage: 2674kB
        ->  Hash Join  (cost=84197.31..228244.77 rows=1809442 width=8) (actual time=1452.260..5248.697 rows=1253091 loops=1)
              Hash Cond: (mk.movie_id = t.id)
              ->  Seq Scan on movie_keyword mk  (cost=0.00..69693.30 rows=4523930 width=4) (actual time=0.018..1444.428 rows=4523930 loops=1)
              ->  Hash  (cost=67604.59..67604.59 rows=1011338 width=4) (actual time=1450.613..1450.613 rows=1012920 loops=1)
                    Buckets: 131072  Batches: 16  Memory Usage: 3257kB
                    ->  Seq Scan on title t  (cost=0.00..67604.59 rows=1011338 width=4) (actual time=0.038..1123.953 rows=1012920 loops=1)
                          Filter: (production_year > 2005)
                          Rows Removed by Filter: 1515392
Planning time: 6.713 ms
Execution time: 33786.578 ms
