Hash Join  (cost=605537.65..823218.33 rows=5923384 width=0) (actual time=12290.315..19961.402 rows=16212649 loops=1)
  Hash Cond: (mk.movie_id = t.id)
  ->  Seq Scan on movie_keyword mk  (cost=0.00..81003.12 rows=4132896 width=4) (actual time=0.021..1750.596 rows=4136076 loops=1)
        Filter: (keyword_id < 44349)
        Rows Removed by Filter: 387854
  ->  Hash  (cost=546081.18..546081.18 rows=3623957 width=8) (actual time=12289.004..12289.004 rows=3624977 loops=1)
        Buckets: 131072  Batches: 64  Memory Usage: 3261kB
        ->  Hash Join  (cost=102767.86..546081.18 rows=3623957 width=8) (actual time=2801.544..11260.984 rows=3624977 loops=1)
              Hash Cond: (mi.movie_id = t.id)
              ->  Seq Scan on movie_info mi  (cost=0.00..346232.03 rows=3623957 width=4) (actual time=891.119..6047.078 rows=3624977 loops=1)
                    Filter: (info_type_id < 4)
                    Rows Removed by Filter: 11210743
              ->  Hash  (cost=61283.27..61283.27 rows=2528527 width=4) (actual time=1909.294..1909.294 rows=2528312 loops=1)
                    Buckets: 131072  Batches: 64  Memory Usage: 2425kB
                    ->  Seq Scan on title t  (cost=0.00..61283.27 rows=2528527 width=4) (actual time=0.011..1062.616 rows=2528312 loops=1)
Planning time: 1.125 ms
Execution time: 21714.914 ms
