Seq Scan on movie_keyword mk  (cost=0.00..81003.12 rows=246 width=0) (actual time=3.637..1393.678 rows=70 loops=1)
  Filter: (keyword_id = 27274)
  Rows Removed by Filter: 4523860
Planning time: 0.393 ms
Execution time: 1393.815 ms
