Hash Join  (cost=102767.86..977290.14 rows=2849791 width=0) (actual time=3583.338..17502.262 rows=4439121 loops=1)
  Hash Cond: (ci.movie_id = t.id)
  ->  Seq Scan on cast_info ci  (cost=0.00..796071.18 rows=2849791 width=4) (actual time=1724.139..11174.921 rows=4439121 loops=1)
        Filter: ((person_id > 3250944) AND (role_id > 1))
        Rows Removed by Filter: 31805223
  ->  Hash  (cost=61283.27..61283.27 rows=2528527 width=4) (actual time=1852.415..1852.415 rows=2528312 loops=1)
        Buckets: 131072  Batches: 64  Memory Usage: 2415kB
        ->  Seq Scan on title t  (cost=0.00..61283.27 rows=2528527 width=4) (actual time=0.021..998.306 rows=2528312 loops=1)
Planning time: 0.856 ms
Execution time: 18054.866 ms
