Hash Join  (cost=201280.16..1301220.22 rows=2030093 width=0) (actual time=4200.073..30550.804 rows=2272688 loops=1)
  Hash Cond: (ci.movie_id = t.id)
  ->  Seq Scan on cast_info ci  (cost=0.00..614943.12 rows=36225612 width=4) (actual time=0.022..13533.485 rows=36244344 loops=1)
  ->  Hash  (cost=198954.92..198954.92 rows=141699 width=8) (actual time=4198.763..4198.763 rows=74649 loops=1)
        Buckets: 131072  Batches: 2  Memory Usage: 2510kB
        ->  Hash Join  (cost=75225.89..198954.92 rows=141699 width=8) (actual time=1316.008..4173.314 rows=74649 loops=1)
              Hash Cond: (mk.movie_id = t.id)
              ->  Seq Scan on movie_keyword mk  (cost=0.00..69693.30 rows=4523930 width=4) (actual time=0.015..1459.152 rows=4523930 loops=1)
              ->  Hash  (cost=73925.90..73925.90 rows=79199 width=4) (actual time=1315.162..1315.162 rows=97735 loops=1)
                    Buckets: 131072  Batches: 2  Memory Usage: 2739kB
                    ->  Seq Scan on title t  (cost=0.00..73925.90 rows=79199 width=4) (actual time=0.025..1275.550 rows=97735 loops=1)
                          Filter: ((kind_id > 2) AND (production_year = 2007))
                          Rows Removed by Filter: 2430577
Planning time: 3.426 ms
Execution time: 30844.589 ms
