Seq Scan on cast_info ci  (cost=0.00..705507.15 rows=22682539 width=0) (actual time=0.022..11100.492 rows=22545815 loops=1)
  Filter: (person_id < 2300214)
  Rows Removed by Filter: 13698529
Planning time: 0.320 ms
Execution time: 13637.194 ms
