Seq Scan on movie_keyword mk  (cost=0.00..81003.12 rows=2131085 width=0) (actual time=0.019..1502.312 rows=2130610 loops=1)
  Filter: (keyword_id > 5553)
  Rows Removed by Filter: 2393320
Planning time: 0.323 ms
Execution time: 1763.171 ms
