Hash Join  (cost=85282.22..157689.20 rows=350268 width=0) (actual time=2601.410..4009.692 rows=164808 loops=1)
  Hash Cond: (mc.movie_id = t.id)
  ->  Seq Scan on movie_companies mc  (cost=0.00..51404.11 rows=1279517 width=4) (actual time=357.414..1043.916 rows=1274246 loops=1)
        Filter: (company_type_id < 2)
        Rows Removed by Filter: 1334883
  ->  Hash  (cost=73925.90..73925.90 rows=692185 width=4) (actual time=2242.671..2242.671 rows=596495 loops=1)
        Buckets: 131072  Batches: 16  Memory Usage: 2332kB
        ->  Seq Scan on title t  (cost=0.00..73925.90 rows=692185 width=4) (actual time=0.038..1329.293 rows=596495 loops=1)
              Filter: ((production_year < 2002) AND (kind_id = 7))
              Rows Removed by Filter: 1931817
Planning time: 0.780 ms
Execution time: 4031.403 ms
