Seq Scan on movie_keyword mk  (cost=0.00..81003.12 rows=3135690 width=0) (actual time=0.026..1555.328 rows=3121674 loops=1)
  Filter: (keyword_id > 1905)
  Rows Removed by Filter: 1402256
Planning time: 0.392 ms
Execution time: 1944.375 ms
