Hash Join  (cost=231855.34..320418.91 rows=816992 width=0) (actual time=4889.002..8551.548 rows=6853226 loops=1)
  Hash Cond: (mc.movie_id = t.id)
  ->  Seq Scan on movie_companies mc  (cost=0.00..51404.11 rows=2188144 width=4) (actual time=0.031..1097.053 rows=2183393 loops=1)
        Filter: (company_id < 79656)
        Rows Removed by Filter: 425736
  ->  Hash  (cost=216366.32..216366.32 rows=944082 width=8) (actual time=4888.046..4888.046 rows=955199 loops=1)
        Buckets: 131072  Batches: 16  Memory Usage: 3404kB
        ->  Hash Join  (cost=102767.86..216366.32 rows=944082 width=8) (actual time=1992.510..4606.377 rows=955199 loops=1)
              Hash Cond: (mk.movie_id = t.id)
              ->  Seq Scan on movie_keyword mk  (cost=0.00..81003.12 rows=944082 width=4) (actual time=0.026..1431.281 rows=955199 loops=1)
                    Filter: (keyword_id > 19854)
                    Rows Removed by Filter: 3568731
              ->  Hash  (cost=61283.27..61283.27 rows=2528527 width=4) (actual time=1991.484..1991.484 rows=2528312 loops=1)
                    Buckets: 131072  Batches: 64  Memory Usage: 2425kB
                    ->  Seq Scan on title t  (cost=0.00..61283.27 rows=2528527 width=4) (actual time=0.019..1131.747 rows=2528312 loops=1)
Planning time: 1.170 ms
Execution time: 9248.333 ms
