Hash Join  (cost=219205.00..1345945.68 rows=9047051 width=0) (actual time=4712.236..42833.461 rows=24859397 loops=1)
  Hash Cond: (ci.movie_id = t.id)
  ->  Seq Scan on cast_info ci  (cost=0.00..614943.12 rows=36225612 width=4) (actual time=0.025..13297.150 rows=36244344 loops=1)
  ->  Hash  (cost=208844.52..208844.52 rows=631479 width=8) (actual time=4711.232..4711.232 rows=630381 loops=1)
        Buckets: 131072  Batches: 16  Memory Usage: 2588kB
        ->  Hash Join  (cost=102767.86..208844.52 rows=631479 width=8) (actual time=1871.951..4530.784 rows=630381 loops=1)
              Hash Cond: (mk.movie_id = t.id)
              ->  Seq Scan on movie_keyword mk  (cost=0.00..81003.12 rows=631479 width=4) (actual time=0.015..1393.578 rows=630381 loops=1)
                    Filter: (keyword_id < 492)
                    Rows Removed by Filter: 3893549
              ->  Hash  (cost=61283.27..61283.27 rows=2528527 width=4) (actual time=1869.626..1869.626 rows=2528312 loops=1)
                    Buckets: 131072  Batches: 64  Memory Usage: 2425kB
                    ->  Seq Scan on title t  (cost=0.00..61283.27 rows=2528527 width=4) (actual time=0.019..1046.176 rows=2528312 loops=1)
Planning time: 1.206 ms
Execution time: 45625.859 ms
