Hash Join  (cost=73957.54..438761.01 rows=14754 width=0) (actual time=1146.821..8938.604 rows=33131 loops=1)
  Hash Cond: (mi.movie_id = t.id)
  ->  Seq Scan on movie_info mi  (cost=0.00..309384.22 rows=14739122 width=4) (actual time=0.020..4783.473 rows=14835720 loops=1)
  ->  Hash  (cost=73925.90..73925.90 rows=2531 width=4) (actual time=1138.269..1138.269 rows=2915 loops=1)
        Buckets: 4096  Batches: 1  Memory Usage: 135kB
        ->  Seq Scan on title t  (cost=0.00..73925.90 rows=2531 width=4) (actual time=658.036..1136.750 rows=2915 loops=1)
              Filter: ((kind_id < 4) AND (production_year = 1927))
              Rows Removed by Filter: 2525397
Planning time: 0.798 ms
Execution time: 8944.676 ms
