Hash Join  (cost=83074.74..430882.90 rows=41 width=0) (actual time=5126.621..5597.615 rows=1668 loops=1)
  Hash Cond: (mi.movie_id = t.id)
  ->  Seq Scan on movie_info mi  (cost=0.00..346232.03 rows=420192 width=4) (actual time=3885.840..4368.057 rows=465636 loops=1)
        Filter: (info_type_id > 103)
        Rows Removed by Filter: 14370084
  ->  Hash  (cost=83071.67..83071.67 rows=246 width=8) (actual time=1161.540..1161.540 rows=446 loops=1)
        Buckets: 1024  Batches: 1  Memory Usage: 26kB
        ->  Nested Loop  (cost=0.43..83071.67 rows=246 width=8) (actual time=3.613..1161.151 rows=446 loops=1)
              ->  Seq Scan on movie_keyword mk  (cost=0.00..81003.12 rows=246 width=4) (actual time=3.532..1147.818 rows=446 loops=1)
                    Filter: (keyword_id = 21179)
                    Rows Removed by Filter: 4523484
              ->  Index Only Scan using title_pkey on title t  (cost=0.43..8.40 rows=1 width=4) (actual time=0.027..0.028 rows=1 loops=446)
                    Index Cond: (id = mk.movie_id)
                    Heap Fetches: 446
Planning time: 1.022 ms
Execution time: 5597.933 ms
