Hash Join  (cost=84087.74..219590.87 rows=1108109 width=0) (actual time=1355.839..5640.550 rows=2763186 loops=1)
  Hash Cond: (mk.movie_id = t.id)
  ->  Seq Scan on movie_keyword mk  (cost=0.00..69693.30 rows=4523930 width=4) (actual time=0.021..1489.970 rows=4523930 loops=1)
  ->  Hash  (cost=73925.90..73925.90 rows=619347 width=4) (actual time=1354.589..1354.589 rows=538460 loops=1)
        Buckets: 131072  Batches: 16  Memory Usage: 2215kB
        ->  Seq Scan on title t  (cost=0.00..73925.90 rows=619347 width=4) (actual time=566.711..1174.074 rows=538460 loops=1)
              Filter: ((production_year > 1930) AND (kind_id = 1))
              Rows Removed by Filter: 1989852
Planning time: 0.712 ms
Execution time: 5966.807 ms
