Seq Scan on cast_info ci  (cost=0.00..796071.18 rows=2077566 width=0) (actual time=4456.642..10947.984 rows=2626859 loops=1)
  Filter: ((person_id < 349085) AND (role_id < 3))
  Rows Removed by Filter: 33617485
Planning time: 0.367 ms
Execution time: 11244.000 ms
