Seq Scan on cast_info ci  (cost=0.00..796071.18 rows=15258730 width=0) (actual time=0.024..15203.654 rows=13607483 loops=1)
  Filter: ((person_id > 1300590) AND (role_id < 4))
  Rows Removed by Filter: 22636861
Planning time: 0.353 ms
Execution time: 16829.695 ms
