Hash Join  (cost=977251.79..1698330.77 rows=19158625 width=0) (actual time=23511.471..59896.200 rows=88894467 loops=1)
  Hash Cond: (mi.movie_id = t.id)
  ->  Seq Scan on movie_info mi  (cost=0.00..309384.22 rows=14739122 width=4) (actual time=0.004..6457.983 rows=14835720 loops=1)
  ->  Hash  (cost=923329.01..923329.01 rows=3286702 width=8) (actual time=23509.886..23509.886 rows=3521695 loops=1)
        Buckets: 131072  Batches: 64  Memory Usage: 3312kB
        ->  Hash Join  (cost=83810.17..923329.01 rows=3286702 width=8) (actual time=2405.608..22227.222 rows=3521695 loops=1)
              Hash Cond: (ci.movie_id = t.id)
              ->  Seq Scan on cast_info ci  (cost=0.00..705507.15 rows=8413778 width=4) (actual time=0.013..12943.384 rows=8306241 loops=1)
                    Filter: (person_id < 813289)
                    Rows Removed by Filter: 27938103
              ->  Hash  (cost=67604.59..67604.59 rows=987727 width=4) (actual time=2404.552..2404.552 rows=985048 loops=1)
                    Buckets: 131072  Batches: 16  Memory Usage: 3188kB
                    ->  Seq Scan on title t  (cost=0.00..67604.59 rows=987727 width=4) (actual time=0.019..1250.398 rows=985048 loops=1)
                          Filter: (kind_id < 7)
                          Rows Removed by Filter: 1543264
Planning time: 1.275 ms
Execution time: 69361.747 ms
