Seq Scan on cast_info ci  (cost=0.00..796071.18 rows=2249735 width=0) (actual time=5647.580..12182.090 rows=1814 loops=1)
  Filter: ((person_id < 1088268) AND (role_id = 2))
  Rows Removed by Filter: 36242530
Planning time: 0.444 ms
Execution time: 12182.559 ms
