Seq Scan on cast_info ci  (cost=0.00..705507.15 rows=500 width=0) (actual time=6308.105..10937.309 rows=53 loops=1)
  Filter: (person_id = 1295446)
  Rows Removed by Filter: 36244291
Planning time: 0.270 ms
Execution time: 10937.390 ms
