Hash Join  (cost=598062.58..2153819.03 rows=41993924 width=0) (actual time=14595.254..109768.632 rows=241453644 loops=1)
  Hash Cond: (ci.movie_id = t.id)
  ->  Seq Scan on cast_info ci  (cost=0.00..614943.12 rows=36225612 width=4) (actual time=0.014..13439.046 rows=36244344 loops=1)
  ->  Hash  (cost=549973.18..549973.18 rows=2931152 width=8) (actual time=14593.232..14593.232 rows=4974252 loops=1)
        Buckets: 131072 (originally 131072)  Batches: 128 (originally 64)  Memory Usage: 4032kB
        ->  Hash Join  (cost=83810.17..549973.18 rows=2931152 width=8) (actual time=1343.296..13097.485 rows=4974252 loops=1)
              Hash Cond: (mi.movie_id = t.id)
              ->  Seq Scan on movie_info mi  (cost=0.00..346232.03 rows=7503588 width=4) (actual time=0.032..6334.495 rows=7548855 loops=1)
                    Filter: (info_type_id > 7)
                    Rows Removed by Filter: 7286865
              ->  Hash  (cost=67604.59..67604.59 rows=987727 width=4) (actual time=1342.210..1342.210 rows=985048 loops=1)
                    Buckets: 131072  Batches: 16  Memory Usage: 3197kB
                    ->  Seq Scan on title t  (cost=0.00..67604.59 rows=987727 width=4) (actual time=0.006..1029.367 rows=985048 loops=1)
                          Filter: (kind_id < 7)
                          Rows Removed by Filter: 1543264
Planning time: 1.246 ms
Execution time: 136574.416 ms
