Seq Scan on movie_companies mc  (cost=0.00..57926.93 rows=584090 width=0) (actual time=14.646..1077.533 rows=371677 loops=1)
  Filter: ((company_id < 8678) AND (company_type_id = 2))
  Rows Removed by Filter: 2237452
Planning time: 0.992 ms
Execution time: 1135.573 ms
