Seq Scan on movie_companies mc  (cost=0.00..57926.93 rows=834129 width=0) (actual time=177.525..987.364 rows=631236 loops=1)
  Filter: ((company_id > 2980) AND (company_type_id < 2))
  Rows Removed by Filter: 1977893
Planning time: 0.340 ms
Execution time: 1071.301 ms
