Hash Join  (cost=424231.43..1209475.96 rows=464625 width=0) (actual time=11170.565..24963.980 rows=2014892 loops=1)
  Hash Cond: (ci.movie_id = t.id)
  ->  Seq Scan on cast_info ci  (cost=0.00..705507.15 rows=20024311 width=4) (actual time=4909.640..13302.691 rows=20122661 loops=1)
        Filter: (role_id < 3)
        Rows Removed by Filter: 16121683
  ->  Hash  (cost=423498.07..423498.07 rows=58669 width=8) (actual time=6260.333..6260.333 rows=66061 loops=1)
        Buckets: 131072 (originally 65536)  Batches: 1 (originally 1)  Memory Usage: 3605kB
        ->  Hash Join  (cost=68449.54..423498.07 rows=58669 width=8) (actual time=987.413..6232.694 rows=66061 loops=1)
              Hash Cond: (mi.movie_id = t.id)
              ->  Seq Scan on movie_info mi  (cost=0.00..346232.03 rows=2194617 width=4) (actual time=161.011..4911.829 rows=2233850 loops=1)
                    Filter: (info_type_id > 16)
                    Rows Removed by Filter: 12601870
              ->  Hash  (cost=67604.59..67604.59 rows=67596 width=4) (actual time=796.050..796.050 rows=67777 loops=1)
                    Buckets: 131072  Batches: 1  Memory Usage: 3407kB
                    ->  Seq Scan on title t  (cost=0.00..67604.59 rows=67596 width=4) (actual time=0.028..770.166 rows=67777 loops=1)
                          Filter: (production_year = 2003)
                          Rows Removed by Filter: 2460535
Planning time: 1.239 ms
Execution time: 25236.232 ms
