Hash Join  (cost=237560.27..1543598.03 rows=22544086 width=0) (actual time=5572.813..51136.175 rows=42689749 loops=1)
  Hash Cond: (ci.movie_id = t.id)
  ->  Seq Scan on cast_info ci  (cost=0.00..705507.15 rows=28668949 width=4) (actual time=0.026..16436.506 rows=28808107 loops=1)
        Filter: (role_id < 8)
        Rows Removed by Filter: 7436237
  ->  Hash  (cost=204939.15..204939.15 rows=1988330 width=8) (actual time=5571.618..5571.618 rows=1708226 loops=1)
        Buckets: 131072  Batches: 32  Memory Usage: 3079kB
        ->  Hash Join  (cost=99217.91..204939.15 rows=1988330 width=8) (actual time=1925.703..5064.900 rows=1708226 loops=1)
              Hash Cond: (mc.movie_id = t.id)
              ->  Seq Scan on movie_companies mc  (cost=0.00..44881.29 rows=2609129 width=4) (actual time=0.030..906.823 rows=2609129 loops=1)
              ->  Hash  (cost=67604.59..67604.59 rows=1926906 width=4) (actual time=1923.976..1923.976 rows=1918028 loops=1)
                    Buckets: 131072  Batches: 32  Memory Usage: 3139kB
                    ->  Seq Scan on title t  (cost=0.00..67604.59 rows=1926906 width=4) (actual time=0.037..1301.246 rows=1918028 loops=1)
                          Filter: (production_year > 1981)
                          Rows Removed by Filter: 610284
Planning time: 1.538 ms
Execution time: 56044.741 ms
