Seq Scan on movie_keyword mk  (cost=0.00..81003.12 rows=417542 width=0) (actual time=0.032..1223.677 rows=410073 loops=1)
  Filter: (keyword_id > 42241)
  Rows Removed by Filter: 4113857
Planning time: 0.308 ms
Execution time: 1276.874 ms
