Seq Scan on movie_keyword mk  (cost=0.00..81003.12 rows=2169556 width=0) (actual time=0.014..1414.965 rows=2169498 loops=1)
  Filter: (keyword_id > 5280)
  Rows Removed by Filter: 2354432
Planning time: 0.387 ms
Execution time: 1686.943 ms
