Seq Scan on movie_keyword mk  (cost=0.00..81003.12 rows=3208481 width=0) (actual time=0.019..1539.703 rows=3196288 loops=1)
  Filter: (keyword_id < 13000)
  Rows Removed by Filter: 1327642
Planning time: 0.465 ms
Execution time: 1936.897 ms
