Seq Scan on movie_keyword mk  (cost=0.00..81003.12 rows=2579334 width=0) (actual time=0.030..1498.703 rows=2570477 loops=1)
  Filter: (keyword_id < 6586)
  Rows Removed by Filter: 1953453
Planning time: 0.307 ms
Execution time: 1823.695 ms
