Nested Loop  (cost=0.43..83072.90 rows=60 width=0) (actual time=623.735..1331.438 rows=30 loops=1)
  ->  Seq Scan on movie_keyword mk  (cost=0.00..81003.12 rows=246 width=4) (actual time=5.872..1305.303 rows=635 loops=1)
        Filter: (keyword_id = 17174)
        Rows Removed by Filter: 4523295
  ->  Index Scan using title_pkey on title t  (cost=0.43..8.40 rows=1 width=4) (actual time=0.040..0.040 rows=0 loops=635)
        Index Cond: (id = mk.movie_id)
        Filter: ((production_year > 2005) AND (kind_id = 7))
        Rows Removed by Filter: 1
Planning time: 0.746 ms
Execution time: 1331.559 ms
