Hash Join  (cost=52284.99..138944.89 rows=186 width=0) (actual time=465.342..1841.127 rows=2565 loops=1)
  Hash Cond: (mk.movie_id = t.id)
  ->  Seq Scan on movie_keyword mk  (cost=0.00..69693.30 rows=4523930 width=4) (actual time=0.022..745.043 rows=4523930 loops=1)
  ->  Hash  (cost=52283.69..52283.69 rows=104 width=8) (actual time=455.879..455.879 rows=61 loops=1)
        Buckets: 1024  Batches: 1  Memory Usage: 11kB
        ->  Nested Loop  (cost=0.43..52283.69 rows=104 width=8) (actual time=297.313..455.835 rows=61 loops=1)
              ->  Seq Scan on movie_companies mc  (cost=0.00..51404.11 rows=104 width=4) (actual time=297.242..454.565 rows=61 loops=1)
                    Filter: (company_id = 12919)
                    Rows Removed by Filter: 2609068
              ->  Index Only Scan using title_pkey on title t  (cost=0.43..8.45 rows=1 width=4) (actual time=0.019..0.019 rows=1 loops=61)
                    Index Cond: (id = mc.movie_id)
                    Heap Fetches: 61
Planning time: 1.239 ms
Execution time: 1841.531 ms
