Hash Join  (cost=83074.74..986971.38 rows=2797 width=0) (actual time=1179.940..23274.351 rows=11828 loops=1)
  Hash Cond: (ci.movie_id = t.id)
  ->  Seq Scan on cast_info ci  (cost=0.00..796071.18 rows=28745997 width=4) (actual time=0.028..17753.809 rows=30947539 loops=1)
        Filter: ((person_id < 3461454) AND (role_id < 10))
        Rows Removed by Filter: 5296805
  ->  Hash  (cost=83071.67..83071.67 rows=246 width=8) (actual time=1179.065..1179.065 rows=216 loops=1)
        Buckets: 1024  Batches: 1  Memory Usage: 17kB
        ->  Nested Loop  (cost=0.43..83071.67 rows=246 width=8) (actual time=2.953..1178.840 rows=216 loops=1)
              ->  Seq Scan on movie_keyword mk  (cost=0.00..81003.12 rows=246 width=4) (actual time=2.884..1167.614 rows=216 loops=1)
                    Filter: (keyword_id = 11373)
                    Rows Removed by Filter: 4523714
              ->  Index Only Scan using title_pkey on title t  (cost=0.43..8.40 rows=1 width=4) (actual time=0.048..0.049 rows=1 loops=216)
                    Index Cond: (id = mk.movie_id)
                    Heap Fetches: 216
Planning time: 1.217 ms
Execution time: 23280.843 ms
