Hash Join  (cost=74609.54..101623.36 rows=9971 width=0) (actual time=1083.675..1665.254 rows=11830 loops=1)
  Hash Cond: (mi_idx.movie_id = t.id)
  ->  Seq Scan on movie_info_idx mi_idx  (cost=0.00..25185.44 rows=460978 width=4) (actual time=0.015..435.357 rows=459925 loops=1)
        Filter: (info_type_id < 100)
        Rows Removed by Filter: 920110
  ->  Hash  (cost=73925.90..73925.90 rows=54691 width=4) (actual time=1083.272..1083.272 rows=46344 loops=1)
        Buckets: 65536  Batches: 1  Memory Usage: 2142kB
        ->  Seq Scan on title t  (cost=0.00..73925.90 rows=54691 width=4) (actual time=0.320..1063.869 rows=46344 loops=1)
              Filter: ((kind_id < 4) AND (production_year = 2011))
              Rows Removed by Filter: 2481968
Planning time: 0.778 ms
Execution time: 1667.387 ms
