Seq Scan on movie_keyword mk  (cost=0.00..81003.12 rows=3047794 width=0) (actual time=0.018..1461.495 rows=3035875 loops=1)
  Filter: (keyword_id < 10960)
  Rows Removed by Filter: 1488055
Planning time: 0.207 ms
Execution time: 1840.577 ms
