Seq Scan on cast_info ci  (cost=0.00..796071.18 rows=16365305 width=0) (actual time=4143.905..14376.286 rows=12580206 loops=1)
  Filter: ((person_id < 2605114) AND (role_id > 1))
  Rows Removed by Filter: 23664138
Planning time: 0.341 ms
Execution time: 15957.357 ms
