Seq Scan on movie_companies mc  (cost=0.00..51404.11 rows=104 width=0) (actual time=50.871..769.677 rows=24 loops=1)
  Filter: (company_id = 8007)
  Rows Removed by Filter: 2609105
Planning time: 0.373 ms
Execution time: 769.762 ms
