Hash Join  (cost=637220.59..1687895.38 rows=16016568 width=0) (actual time=19808.729..61740.236 rows=89997050 loops=1)
  Hash Cond: (ci.movie_id = t.id)
  ->  Seq Scan on cast_info ci  (cost=0.00..705507.15 rows=11155593 width=4) (actual time=3944.741..12101.412 rows=11144963 loops=1)
        Filter: (person_id > 2587601)
        Rows Removed by Filter: 25099381
  ->  Hash  (cost=577660.64..577660.64 rows=3630316 width=8) (actual time=15861.402..15861.402 rows=6413546 loops=1)
        Buckets: 131072 (originally 131072)  Batches: 128 (originally 64)  Memory Usage: 3073kB
        ->  Hash Join  (cost=83810.17..577660.64 rows=3630316 width=8) (actual time=1442.742..14085.150 rows=6413546 loops=1)
              Hash Cond: (mi.movie_id = t.id)
              ->  Seq Scan on movie_info mi  (cost=0.00..346232.03 rows=9293409 width=4) (actual time=0.024..6192.894 rows=9425200 loops=1)
                    Filter: (info_type_id > 5)
                    Rows Removed by Filter: 5410520
              ->  Hash  (cost=67604.59..67604.59 rows=987727 width=4) (actual time=1441.685..1441.685 rows=985048 loops=1)
                    Buckets: 131072  Batches: 16  Memory Usage: 3197kB
                    ->  Seq Scan on title t  (cost=0.00..67604.59 rows=987727 width=4) (actual time=0.023..1124.637 rows=985048 loops=1)
                          Filter: (kind_id < 7)
                          Rows Removed by Filter: 1543264
Planning time: 1.336 ms
Execution time: 72428.840 ms
