Seq Scan on cast_info ci  (cost=0.00..796071.18 rows=12667018 width=0) (actual time=0.023..14749.168 rows=8237566 loops=1)
  Filter: ((person_id < 2890018) AND (role_id > 2))
  Rows Removed by Filter: 28006778
Planning time: 0.382 ms
Execution time: 15787.837 ms
