Hash Join  (cost=210042.69..710891.56 rows=1972096 width=0) (actual time=4586.082..15600.374 rows=597788 loops=1)
  Hash Cond: (mi.movie_id = t.id)
  ->  Seq Scan on movie_info mi  (cost=0.00..309384.22 rows=14739122 width=4) (actual time=0.021..5087.068 rows=14835720 loops=1)
  ->  Hash  (cost=204491.72..204491.72 rows=338317 width=8) (actual time=4509.875..4509.875 rows=70993 loops=1)
        Buckets: 131072  Batches: 8  Memory Usage: 1403kB
        ->  Hash Join  (cost=77854.63..204491.72 rows=338317 width=8) (actual time=1591.376..4489.909 rows=70993 loops=1)
              Hash Cond: (mk.movie_id = t.id)
              ->  Seq Scan on movie_keyword mk  (cost=0.00..81003.12 rows=3573013 width=4) (actual time=0.015..1701.204 rows=3570111 loops=1)
                    Filter: (keyword_id > 889)
                    Rows Removed by Filter: 953819
              ->  Hash  (cost=73925.90..73925.90 rows=239418 width=4) (actual time=1204.944..1204.944 rows=256906 loops=1)
                    Buckets: 131072  Batches: 4  Memory Usage: 3302kB
                    ->  Seq Scan on title t  (cost=0.00..73925.90 rows=239418 width=4) (actual time=0.030..1117.873 rows=256906 loops=1)
                          Filter: ((production_year > 2010) AND (kind_id = 7))
                          Rows Removed by Filter: 2271406
Planning time: 1.202 ms
Execution time: 15665.713 ms
