Seq Scan on movie_keyword mk  (cost=0.00..81003.12 rows=3067392 width=0) (actual time=0.020..1348.499 rows=3052976 loops=1)
  Filter: (keyword_id > 2101)
  Rows Removed by Filter: 1470954
Planning time: 0.388 ms
Execution time: 1738.341 ms
