Nested Loop  (cost=0.43..799702.19 rows=435 width=0) (actual time=323.020..11477.297 rows=120 loops=1)
  ->  Seq Scan on cast_info ci  (cost=0.00..796071.18 rows=435 width=4) (actual time=322.935..11475.266 rows=120 loops=1)
        Filter: ((role_id < 10) AND (person_id = 505379))
        Rows Removed by Filter: 36244224
  ->  Index Only Scan using title_pkey on title t  (cost=0.43..8.34 rows=1 width=4) (actual time=0.016..0.016 rows=1 loops=120)
        Index Cond: (id = ci.movie_id)
        Heap Fetches: 120
Planning time: 0.780 ms
Execution time: 11477.402 ms
