Seq Scan on movie_companies mc  (cost=0.00..51404.11 rows=986254 width=0) (actual time=0.014..813.784 rows=995893 loops=1)
  Filter: (company_id > 16812)
  Rows Removed by Filter: 1613236
Planning time: 0.338 ms
Execution time: 942.414 ms
