Seq Scan on cast_info ci  (cost=0.00..796071.18 rows=435 width=0) (actual time=1704.397..14748.800 rows=3 loops=1)
  Filter: ((role_id < 10) AND (person_id = 124434))
  Rows Removed by Filter: 36244341
Planning time: 0.446 ms
Execution time: 14748.928 ms
