Seq Scan on movie_companies mc  (cost=0.00..51404.11 rows=664400 width=0) (actual time=0.031..780.150 rows=658192 loops=1)
  Filter: (company_id < 942)
  Rows Removed by Filter: 1950937
Planning time: 0.341 ms
Execution time: 864.867 ms
