Hash Join  (cost=933540.08..1445277.57 rows=1265866 width=0) (actual time=18738.761..31308.725 rows=4024722 loops=1)
  Hash Cond: (mi.movie_id = t.id)
  ->  Seq Scan on movie_info mi  (cost=0.00..309384.22 rows=14739122 width=4) (actual time=0.011..5145.403 rows=14835720 loops=1)
  ->  Hash  (cost=929976.56..929976.56 rows=217162 width=8) (actual time=18245.889..18245.889 rows=389309 loops=1)
        Buckets: 131072 (originally 131072)  Batches: 8 (originally 4)  Memory Usage: 3073kB
        ->  Hash Join  (cost=69283.60..929976.56 rows=217162 width=8) (actual time=8059.551..18092.505 rows=389309 loops=1)
              Hash Cond: (ci.movie_id = t.id)
              ->  Seq Scan on cast_info ci  (cost=0.00..796071.18 rows=5366442 width=4) (actual time=7233.365..14342.790 rows=7450320 loops=1)
                    Filter: ((person_id > 926028) AND (role_id = 2))
                    Rows Removed by Filter: 28794024
              ->  Hash  (cost=67604.59..67604.59 rows=102321 width=4) (actual time=825.289..825.289 rows=100537 loops=1)
                    Buckets: 131072  Batches: 2  Memory Usage: 2797kB
                    ->  Seq Scan on title t  (cost=0.00..67604.59 rows=102321 width=4) (actual time=0.018..791.357 rows=100537 loops=1)
                          Filter: (kind_id = 3)
                          Rows Removed by Filter: 2427775
Planning time: 5.862 ms
Execution time: 31765.104 ms
