Seq Scan on movie_keyword mk  (cost=0.00..81003.12 rows=1052639 width=0) (actual time=0.019..1379.572 rows=1059720 loops=1)
  Filter: (keyword_id < 1057)
  Rows Removed by Filter: 3464210
Planning time: 0.310 ms
Execution time: 1514.479 ms
