Nested Loop  (cost=25190.47..106244.59 rows=1 width=0) (actual time=436.459..1533.036 rows=4 loops=1)
  ->  Hash Join  (cost=25190.04..106236.22 rows=1 width=8) (actual time=436.366..1532.780 rows=4 loops=1)
        Hash Cond: (mk.movie_id = mi_idx.movie_id)
        ->  Seq Scan on movie_keyword mk  (cost=0.00..81003.12 rows=246 width=4) (actual time=4.638..1141.582 rows=204 loops=1)
              Filter: (keyword_id = 10214)
              Rows Removed by Filter: 4523726
        ->  Hash  (cost=25185.44..25185.44 rows=368 width=4) (actual time=390.949..390.949 rows=260 loops=1)
              Buckets: 1024  Batches: 1  Memory Usage: 18kB
              ->  Seq Scan on movie_info_idx mi_idx  (cost=0.00..25185.44 rows=368 width=4) (actual time=198.100..390.844 rows=260 loops=1)
                    Filter: (info_type_id > 101)
                    Rows Removed by Filter: 1379775
  ->  Index Only Scan using title_pkey on title t  (cost=0.43..8.36 rows=1 width=4) (actual time=0.053..0.053 rows=1 loops=4)
        Index Cond: (id = mi_idx.movie_id)
        Heap Fetches: 4
Planning time: 1.422 ms
Execution time: 1533.141 ms
