Hash Join  (cost=102767.86..1069867.07 rows=10460804 width=0) (actual time=5775.496..22055.538 rows=10469681 loops=1)
  Hash Cond: (ci.movie_id = t.id)
  ->  Seq Scan on cast_info ci  (cost=0.00..705507.15 rows=10460804 width=4) (actual time=4112.625..12006.509 rows=10469681 loops=1)
        Filter: (person_id > 2662902)
        Rows Removed by Filter: 25774663
  ->  Hash  (cost=61283.27..61283.27 rows=2528527 width=4) (actual time=1660.730..1660.730 rows=2528312 loops=1)
        Buckets: 131072  Batches: 64  Memory Usage: 2415kB
        ->  Seq Scan on title t  (cost=0.00..61283.27 rows=2528527 width=4) (actual time=0.033..830.619 rows=2528312 loops=1)
Planning time: 0.776 ms
Execution time: 23192.874 ms
