Hash Join  (cost=75919.53..1127603.29 rows=1740559 width=0) (actual time=1164.657..29812.447 rows=2427100 loops=1)
  Hash Cond: (ci.movie_id = t.id)
  ->  Seq Scan on cast_info ci  (cost=0.00..614943.12 rows=36225612 width=4) (actual time=0.020..11634.170 rows=36244344 loops=1)
  ->  Hash  (cost=73925.90..73925.90 rows=121490 width=4) (actual time=1163.731..1163.731 rows=222618 loops=1)
        Buckets: 131072 (originally 131072)  Batches: 4 (originally 2)  Memory Usage: 3073kB
        ->  Seq Scan on title t  (cost=0.00..73925.90 rows=121490 width=4) (actual time=0.054..1077.977 rows=222618 loops=1)
              Filter: ((kind_id < 7) AND (production_year < 1966))
              Rows Removed by Filter: 2305694
Planning time: 0.754 ms
Execution time: 30095.941 ms
