Nested Loop  (cost=0.43..83071.67 rows=246 width=0) (actual time=1.904..1145.203 rows=520 loops=1)
  ->  Seq Scan on movie_keyword mk  (cost=0.00..81003.12 rows=246 width=4) (actual time=1.799..1133.969 rows=520 loops=1)
        Filter: (keyword_id = 9329)
        Rows Removed by Filter: 4523410
  ->  Index Only Scan using title_pkey on title t  (cost=0.43..8.40 rows=1 width=4) (actual time=0.020..0.020 rows=1 loops=520)
        Index Cond: (id = mk.movie_id)
        Heap Fetches: 520
Planning time: 0.704 ms
Execution time: 1145.466 ms
