Hash Join  (cost=220208.64..1526744.81 rows=22141399 width=0) (actual time=4479.553..38751.904 rows=21380012 loops=1)
  Hash Cond: (ci.movie_id = t.id)
  ->  Seq Scan on cast_info ci  (cost=0.00..614943.12 rows=36225612 width=4) (actual time=0.013..12325.318 rows=36244344 loops=1)
  ->  Hash  (cost=194853.42..194853.42 rows=1545457 width=8) (actual time=4478.117..4478.117 rows=704352 loops=1)
        Buckets: 131072  Batches: 32  Memory Usage: 1857kB
        ->  Hash Join  (cost=98498.33..194853.42 rows=1545457 width=8) (actual time=1824.474..4284.560 rows=704352 loops=1)
              Hash Cond: (mc.movie_id = t.id)
              ->  Seq Scan on movie_companies mc  (cost=0.00..44881.29 rows=2609129 width=4) (actual time=0.026..819.824 rows=2609129 loops=1)
              ->  Hash  (cost=73925.90..73925.90 rows=1497714 width=4) (actual time=1823.440..1823.440 rows=1478440 loops=1)
                    Buckets: 131072  Batches: 32  Memory Usage: 2651kB
                    ->  Seq Scan on title t  (cost=0.00..73925.90 rows=1497714 width=4) (actual time=118.781..1349.518 rows=1478440 loops=1)
                          Filter: ((production_year > 0) AND (kind_id = 7))
                          Rows Removed by Filter: 1049872
Planning time: 1.154 ms
Execution time: 41188.732 ms
