Seq Scan on cast_info ci  (cost=0.00..705507.15 rows=21609233 width=0) (actual time=0.525..11596.676 rows=21468434 loops=1)
  Filter: (person_id < 2175846)
  Rows Removed by Filter: 14775910
Planning time: 0.345 ms
Execution time: 14157.518 ms
