Hash Join  (cost=102767.86..930359.44 rows=899348 width=0) (actual time=1853.537..13234.746 rows=556110 loops=1)
  Hash Cond: (ci.movie_id = t.id)
  ->  Seq Scan on cast_info ci  (cost=0.00..796071.18 rows=899348 width=4) (actual time=10.044..10546.016 rows=556110 loops=1)
        Filter: ((person_id < 191681) AND (role_id > 2))
        Rows Removed by Filter: 35688234
  ->  Hash  (cost=61283.27..61283.27 rows=2528527 width=4) (actual time=1841.939..1841.939 rows=2528312 loops=1)
        Buckets: 131072  Batches: 64  Memory Usage: 2415kB
        ->  Seq Scan on title t  (cost=0.00..61283.27 rows=2528527 width=4) (actual time=0.013..988.214 rows=2528312 loops=1)
Planning time: 0.758 ms
Execution time: 13301.638 ms
