Hash Join  (cost=190230.21..1122604.76 rows=4197920 width=0) (actual time=6211.607..22118.053 rows=5366750 loops=1)
  Hash Cond: (ci.movie_id = t.id)
  ->  Seq Scan on cast_info ci  (cost=0.00..796071.18 rows=7691510 width=4) (actual time=1585.890..13098.766 rows=5506572 loops=1)
        Filter: ((person_id > 2808529) AND (role_id < 10))
        Rows Removed by Filter: 30737772
  ->  Hash  (cost=167588.78..167588.78 rows=1380035 width=8) (actual time=4624.233..4624.233 rows=1380035 loops=1)
        Buckets: 131072  Batches: 32  Memory Usage: 2708kB
        ->  Hash Join  (cost=102767.86..167588.78 rows=1380035 width=8) (actual time=2034.216..4219.022 rows=1380035 loops=1)
              Hash Cond: (mi_idx.movie_id = t.id)
              ->  Seq Scan on movie_info_idx mi_idx  (cost=0.00..21735.35 rows=1380035 width=4) (actual time=0.024..449.289 rows=1380035 loops=1)
              ->  Hash  (cost=61283.27..61283.27 rows=2528527 width=4) (actual time=2032.500..2032.500 rows=2528312 loops=1)
                    Buckets: 131072  Batches: 64  Memory Usage: 2415kB
                    ->  Seq Scan on title t  (cost=0.00..61283.27 rows=2528527 width=4) (actual time=0.014..1188.241 rows=2528312 loops=1)
Planning time: 0.753 ms
Execution time: 22753.067 ms
