Seq Scan on movie_companies mc  (cost=0.00..57926.93 rows=418271 width=0) (actual time=0.022..851.244 rows=99840 loops=1)
  Filter: ((company_id > 24289) AND (company_type_id = 1))
  Rows Removed by Filter: 2509289
Planning time: 0.382 ms
Execution time: 865.119 ms
