Hash Join  (cost=83074.74..137742.81 rows=254 width=0) (actual time=1128.845..2208.765 rows=14459 loops=1)
  Hash Cond: (mc.movie_id = t.id)
  ->  Seq Scan on movie_companies mc  (cost=0.00..44881.29 rows=2609129 width=4) (actual time=0.013..560.689 rows=2609129 loops=1)
  ->  Hash  (cost=83071.67..83071.67 rows=246 width=8) (actual time=1126.991..1126.991 rows=1503 loops=1)
        Buckets: 2048 (originally 1024)  Batches: 1 (originally 1)  Memory Usage: 75kB
        ->  Nested Loop  (cost=0.43..83071.67 rows=246 width=8) (actual time=0.302..1125.898 rows=1503 loops=1)
              ->  Seq Scan on movie_keyword mk  (cost=0.00..81003.12 rows=246 width=4) (actual time=0.246..1089.230 rows=1503 loops=1)
                    Filter: (keyword_id = 545)
                    Rows Removed by Filter: 4522427
              ->  Index Only Scan using title_pkey on title t  (cost=0.43..8.40 rows=1 width=4) (actual time=0.023..0.023 rows=1 loops=1503)
                    Index Cond: (id = mk.movie_id)
                    Heap Fetches: 1503
Planning time: 1.113 ms
Execution time: 2211.164 ms
