Hash Join  (cost=287491.69..1134399.08 rows=5461862 width=0) (actual time=8947.864..26559.082 rows=22678089 loops=1)
  Hash Cond: (ci.movie_id = t.id)
  ->  Seq Scan on cast_info ci  (cost=0.00..705507.15 rows=6080525 width=4) (actual time=2087.114..10744.883 rows=5977421 loops=1)
        Filter: (person_id < 578566)
        Rows Removed by Filter: 30266923
  ->  Hash  (cost=250227.91..250227.91 rows=2271262 width=8) (actual time=6828.566..6828.566 rows=2808390 loops=1)
        Buckets: 131072 (originally 131072)  Batches: 64 (originally 32)  Memory Usage: 3073kB
        ->  Hash Join  (cost=93117.31..250227.91 rows=2271262 width=8) (actual time=1725.720..5998.131 rows=2808390 loops=1)
              Hash Cond: (mk.movie_id = t.id)
              ->  Seq Scan on movie_keyword mk  (cost=0.00..81003.12 rows=3693171 width=4) (actual time=0.044..1646.330 rows=3685411 loops=1)
                    Filter: (keyword_id < 21937)
                    Rows Removed by Filter: 838519
              ->  Hash  (cost=67604.59..67604.59 rows=1555018 width=4) (actual time=1724.721..1724.721 rows=1551727 loops=1)
                    Buckets: 131072  Batches: 32  Memory Usage: 2736kB
                    ->  Seq Scan on title t  (cost=0.00..67604.59 rows=1555018 width=4) (actual time=0.030..1204.436 rows=1551727 loops=1)
                          Filter: (production_year < 2007)
                          Rows Removed by Filter: 976585
Planning time: 1.158 ms
Execution time: 29192.746 ms
