Hash Join  (cost=84877.30..128820.76 rows=364297 width=0) (actual time=1223.180..2546.327 rows=709916 loops=1)
  Hash Cond: (mi_idx.movie_id = t.id)
  ->  Seq Scan on movie_info_idx mi_idx  (cost=0.00..21735.35 rows=1380035 width=4) (actual time=0.015..394.219 rows=1380035 loops=1)
  ->  Hash  (cost=73925.90..73925.90 rows=667472 width=4) (actual time=1222.279..1222.279 rows=677535 loops=1)
        Buckets: 131072  Batches: 16  Memory Usage: 2513kB
        ->  Seq Scan on title t  (cost=0.00..73925.90 rows=667472 width=4) (actual time=0.007..1005.137 rows=677535 loops=1)
              Filter: ((kind_id < 3) AND (production_year < 2012))
              Rows Removed by Filter: 1850777
Planning time: 0.761 ms
Execution time: 2632.127 ms
