Hash Join  (cost=98137.04..916215.60 rows=537672 width=0) (actual time=1895.935..15241.118 rows=123304 loops=1)
  Hash Cond: (ci.movie_id = t.id)
  ->  Seq Scan on cast_info ci  (cost=0.00..796071.18 rows=730533 width=4) (actual time=0.027..12888.908 rows=246388 loops=1)
        Filter: ((person_id < 2339435) AND (role_id = 9))
        Rows Removed by Filter: 35997956
  ->  Hash  (cost=67604.59..67604.59 rows=1860996 width=4) (actual time=1894.326..1894.326 rows=1865487 loops=1)
        Buckets: 131072  Batches: 32  Memory Usage: 3079kB
        ->  Seq Scan on title t  (cost=0.00..67604.59 rows=1860996 width=4) (actual time=0.013..1295.447 rows=1865487 loops=1)
              Filter: (kind_id > 1)
              Rows Removed by Filter: 662825
Planning time: 3.654 ms
Execution time: 15256.117 ms
