Seq Scan on movie_keyword mk  (cost=0.00..81003.12 rows=1689275 width=0) (actual time=0.024..1303.640 rows=1698687 loops=1)
  Filter: (keyword_id > 8477)
  Rows Removed by Filter: 2825243
Planning time: 0.326 ms
Execution time: 1517.697 ms
