Hash Join  (cost=165685.95..668039.49 rows=2113061 width=0) (actual time=4055.719..16853.735 rows=2073834 loops=1)
  Hash Cond: (mi.movie_id = t.id)
  ->  Seq Scan on movie_info mi  (cost=0.00..309384.22 rows=14739122 width=4) (actual time=0.008..4957.390 rows=14835720 loops=1)
  ->  Hash  (cost=159737.70..159737.70 rows=362500 width=8) (actual time=3987.688..3987.688 rows=230587 loops=1)
        Buckets: 131072  Batches: 8  Memory Usage: 2154kB
        ->  Hash Join  (cost=79690.18..159737.70 rows=362500 width=8) (actual time=1843.554..3918.246 rows=230587 loops=1)
              Hash Cond: (mc.movie_id = t.id)
              ->  Seq Scan on movie_companies mc  (cost=0.00..44881.29 rows=2609129 width=4) (actual time=0.018..887.097 rows=2609129 loops=1)
              ->  Hash  (cost=73925.90..73925.90 rows=351302 width=4) (actual time=1842.709..1842.709 rows=233910 loops=1)
                    Buckets: 131072  Batches: 8  Memory Usage: 2039kB
                    ->  Seq Scan on title t  (cost=0.00..73925.90 rows=351302 width=4) (actual time=351.685..1150.185 rows=233910 loops=1)
                          Filter: ((production_year < 1984) AND (kind_id = 7))
                          Rows Removed by Filter: 2294402
Planning time: 1.161 ms
Execution time: 17041.930 ms
