Hash Join  (cost=80493.69..151846.22 rows=142832 width=0) (actual time=1188.014..2593.088 rows=223435 loops=1)
  Hash Cond: (mc.movie_id = t.id)
  ->  Seq Scan on movie_companies mc  (cost=0.00..57926.93 rows=902205 width=4) (actual time=0.022..961.511 rows=580474 loops=1)
        Filter: ((company_id < 25417) AND (company_type_id > 1))
        Rows Removed by Filter: 2028655
  ->  Hash  (cost=73925.90..73925.90 rows=400303 width=4) (actual time=1187.070..1187.070 rows=500611 loops=1)
        Buckets: 131072  Batches: 8  Memory Usage: 3236kB
        ->  Seq Scan on title t  (cost=0.00..73925.90 rows=400303 width=4) (actual time=0.013..1025.413 rows=500611 loops=1)
              Filter: ((kind_id < 7) AND (production_year < 2000))
              Rows Removed by Filter: 2027701
Planning time: 5.085 ms
Execution time: 2619.943 ms
