Hash Join  (cost=75533.21..106528.52 rows=17591 width=0) (actual time=1171.390..1838.014 rows=8028 loops=1)
  Hash Cond: (mi_idx.movie_id = t.id)
  ->  Seq Scan on movie_info_idx mi_idx  (cost=0.00..25185.44 rows=454124 width=4) (actual time=0.014..460.882 rows=459925 loops=1)
        Filter: (info_type_id = 100)
        Rows Removed by Filter: 920110
  ->  Hash  (cost=73925.90..73925.90 rows=97944 width=4) (actual time=1170.581..1170.581 rows=106247 loops=1)
        Buckets: 131072  Batches: 2  Memory Usage: 2890kB
        ->  Seq Scan on title t  (cost=0.00..73925.90 rows=97944 width=4) (actual time=0.028..1131.382 rows=106247 loops=1)
              Filter: ((kind_id = 7) AND (production_year = 2011))
              Rows Removed by Filter: 2422065
Planning time: 0.749 ms
Execution time: 1839.501 ms
