Hash Join  (cost=118128.04..232601.98 rows=941725 width=134) (actual time=3460.502..6187.458 rows=607176 loops=1)
  Hash Cond: (mc.movie_id = t.id)
  ->  Seq Scan on movie_companies mc  (cost=0.00..51404.11 rows=1279517 width=40) (actual time=160.910..1345.023 rows=1274246 loops=1)
        Filter: (company_type_id < 2)
        Rows Removed by Filter: 1334883
  ->  Hash  (cost=67604.59..67604.59 rows=1860996 width=94) (actual time=3298.721..3298.721 rows=1865487 loops=1)
        Buckets: 32768  Batches: 64  Memory Usage: 3598kB
        ->  Seq Scan on title t  (cost=0.00..67604.59 rows=1860996 width=94) (actual time=0.032..1718.673 rows=1865487 loops=1)
              Filter: (kind_id > 1)
              Rows Removed by Filter: 662825
Planning time: 0.896 ms
Execution time: 6220.990 ms
