Seq Scan on movie_keyword mk  (cost=0.00..81003.12 rows=2252780 width=0) (actual time=0.016..1392.107 rows=2251671 loops=1)
  Filter: (keyword_id > 4778)
  Rows Removed by Filter: 2272259
Planning time: 0.319 ms
Execution time: 1677.713 ms
