Seq Scan on movie_companies mc  (cost=0.00..57926.93 rows=53 width=0) (actual time=214.447..833.409 rows=34 loops=1)
  Filter: ((company_type_id > 1) AND (company_id = 221))
  Rows Removed by Filter: 2609095
Planning time: 0.394 ms
Execution time: 833.532 ms
