Hash Join  (cost=219197.63..365224.62 rows=1936125 width=0) (actual time=5009.558..7523.376 rows=1105965 loops=1)
  Hash Cond: (mk.movie_id = t.id)
  ->  Seq Scan on movie_keyword mk  (cost=0.00..81003.12 rows=3079122 width=4) (actual time=0.021..1554.123 rows=3061536 loops=1)
        Filter: (keyword_id > 2076)
        Rows Removed by Filter: 1462394
  ->  Hash  (cost=193112.68..193112.68 rows=1589916 width=8) (actual time=4300.716..4300.716 rows=717308 loops=1)
        Buckets: 131072  Batches: 32  Memory Usage: 1877kB
        ->  Hash Join  (cost=92883.59..193112.68 rows=1589916 width=8) (actual time=1591.429..4068.979 rows=717308 loops=1)
              Hash Cond: (mc.movie_id = t.id)
              ->  Seq Scan on movie_companies mc  (cost=0.00..44881.29 rows=2609129 width=4) (actual time=0.027..775.935 rows=2609129 loops=1)
              ->  Hash  (cost=67604.59..67604.59 rows=1540800 width=4) (actual time=1568.406..1568.406 rows=1543264 loops=1)
                    Buckets: 131072  Batches: 32  Memory Usage: 2722kB
                    ->  Seq Scan on title t  (cost=0.00..67604.59 rows=1540800 width=4) (actual time=0.013..1081.152 rows=1543264 loops=1)
                          Filter: (kind_id = 7)
                          Rows Removed by Filter: 985048
Planning time: 2.315 ms
Execution time: 7660.269 ms
