Seq Scan on movie_keyword mk  (cost=0.00..81003.12 rows=3796936 width=0) (actual time=0.013..1477.793 rows=3803398 loops=1)
  Filter: (keyword_id > 640)
  Rows Removed by Filter: 720532
Planning time: 0.307 ms
Execution time: 1959.872 ms
