Nested Loop  (cost=0.43..709671.90 rows=500 width=0) (actual time=407.219..9770.010 rows=7 loops=1)
  ->  Seq Scan on cast_info ci  (cost=0.00..705507.15 rows=500 width=4) (actual time=407.127..9769.650 rows=7 loops=1)
        Filter: (person_id = 3103641)
        Rows Removed by Filter: 36244337
  ->  Index Only Scan using title_pkey on title t  (cost=0.43..8.32 rows=1 width=4) (actual time=0.036..0.036 rows=1 loops=7)
        Index Cond: (id = ci.movie_id)
        Heap Fetches: 7
Planning time: 0.697 ms
Execution time: 9770.090 ms
