Seq Scan on movie_keyword mk  (cost=0.00..81003.12 rows=2839961 width=0) (actual time=0.016..835.962 rows=2832252 loops=1)
  Filter: (keyword_id > 2629)
  Rows Removed by Filter: 1691678
Planning time: 0.296 ms
Execution time: 1062.809 ms
