Hash Join  (cost=102767.86..264764.12 rows=2955393 width=0) (actual time=1842.451..5709.268 rows=2946841 loops=1)
  Hash Cond: (mk.movie_id = t.id)
  ->  Seq Scan on movie_keyword mk  (cost=0.00..81003.12 rows=2955393 width=4) (actual time=0.013..1528.376 rows=2946841 loops=1)
        Filter: (keyword_id > 2387)
        Rows Removed by Filter: 1577089
  ->  Hash  (cost=61283.27..61283.27 rows=2528527 width=4) (actual time=1840.169..1840.169 rows=2528312 loops=1)
        Buckets: 131072  Batches: 64  Memory Usage: 2425kB
        ->  Seq Scan on title t  (cost=0.00..61283.27 rows=2528527 width=4) (actual time=0.006..990.070 rows=2528312 loops=1)
Planning time: 0.533 ms
Execution time: 6003.388 ms
