Hash Join  (cost=327146.42..1685735.01 rows=26451225 width=0) (actual time=7730.454..59979.780 rows=92330625 loops=1)
  Hash Cond: (ci.movie_id = t.id)
  ->  Seq Scan on cast_info ci  (cost=0.00..796071.18 rows=20275066 width=4) (actual time=0.016..16323.384 rows=22189709 loops=1)
        Filter: ((person_id < 2368658) AND (role_id < 10))
        Rows Removed by Filter: 14054635
  ->  Hash  (cost=273025.88..273025.88 rows=3298763 width=8) (actual time=7727.401..7727.401 rows=3289605 loops=1)
        Buckets: 131072  Batches: 64  Memory Usage: 3054kB
        ->  Hash Join  (cost=102767.86..273025.88 rows=3298763 width=8) (actual time=1739.332..6112.799 rows=3289605 loops=1)
              Hash Cond: (mk.movie_id = t.id)
              ->  Seq Scan on movie_keyword mk  (cost=0.00..81003.12 rows=3298763 width=4) (actual time=0.014..1542.564 rows=3289605 loops=1)
                    Filter: (keyword_id > 1559)
                    Rows Removed by Filter: 1234325
              ->  Hash  (cost=61283.27..61283.27 rows=2528527 width=4) (actual time=1737.568..1737.568 rows=2528312 loops=1)
                    Buckets: 131072  Batches: 64  Memory Usage: 2425kB
                    ->  Seq Scan on title t  (cost=0.00..61283.27 rows=2528527 width=4) (actual time=0.014..867.097 rows=2528312 loops=1)
Planning time: 1.206 ms
Execution time: 69555.664 ms
