Seq Scan on title t  (cost=0.00..73925.90 rows=1720966 width=0) (actual time=0.013..643.528 rows=1709252 loops=1)
  Filter: ((kind_id > 2) AND (production_year > 0))
  Rows Removed by Filter: 819060
Planning time: 0.348 ms
Execution time: 772.595 ms
