Hash Join  (cost=982098.12..3394520.48 rows=109011420 width=0) (actual time=24359.152..101081.052 rows=208644055 loops=1)
  Hash Cond: (ci.movie_id = t.id)
  ->  Seq Scan on cast_info ci  (cost=0.00..705507.15 rows=21319414 width=4) (actual time=0.013..13869.594 rows=21438021 loops=1)
        Filter: (person_id > 1460382)
        Rows Removed by Filter: 14806323
  ->  Hash  (cost=769981.84..769981.84 rows=12928982 width=8) (actual time=24354.148..24354.148 rows=12970088 loops=1)
        Buckets: 131072  Batches: 256  Memory Usage: 2980kB
        ->  Hash Join  (cost=102767.86..769981.84 rows=12928982 width=8) (actual time=3458.324..20891.089 rows=12970088 loops=1)
              Hash Cond: (mi.movie_id = t.id)
              ->  Seq Scan on movie_info mi  (cost=0.00..346232.03 rows=12928982 width=4) (actual time=0.017..6567.923 rows=12970088 loops=1)
                    Filter: (info_type_id < 18)
                    Rows Removed by Filter: 1865632
              ->  Hash  (cost=61283.27..61283.27 rows=2528527 width=4) (actual time=3457.008..3457.008 rows=2528312 loops=1)
                    Buckets: 131072  Batches: 64  Memory Usage: 2425kB
                    ->  Seq Scan on title t  (cost=0.00..61283.27 rows=2528527 width=4) (actual time=0.011..2609.550 rows=2528312 loops=1)
Planning time: 1.149 ms
Execution time: 123235.531 ms
