Seq Scan on cast_info ci  (cost=0.00..796071.18 rows=6057439 width=0) (actual time=1231.120..12438.308 rows=2583950 loops=1)
  Filter: ((person_id < 903942) AND (role_id > 1))
  Rows Removed by Filter: 33660394
Planning time: 0.270 ms
Execution time: 12758.963 ms
