Hash Join  (cost=234112.81..1462026.54 rows=14487749 width=0) (actual time=6193.320..68800.822 rows=132500772 loops=1)
  Hash Cond: (ci.movie_id = t.id)
  ->  Seq Scan on cast_info ci  (cost=0.00..614943.12 rows=36225612 width=4) (actual time=0.013..12262.971 rows=36244344 loops=1)
  ->  Hash  (cost=217521.35..217521.35 rows=1011237 width=8) (actual time=6192.391..6192.391 rows=2891650 loops=1)
        Buckets: 131072 (originally 131072)  Batches: 64 (originally 16)  Memory Usage: 3073kB
        ->  Hash Join  (cost=83198.94..217521.35 rows=1011237 width=8) (actual time=1478.005..5388.768 rows=2891650 loops=1)
              Hash Cond: (mk.movie_id = t.id)
              ->  Seq Scan on movie_keyword mk  (cost=0.00..69693.30 rows=4523930 width=4) (actual time=0.007..1229.245 rows=4523930 loops=1)
              ->  Hash  (cost=73925.90..73925.90 rows=565203 width=4) (actual time=1477.310..1477.310 rows=641785 loops=1)
                    Buckets: 131072  Batches: 8  Memory Usage: 3870kB
                    ->  Seq Scan on title t  (cost=0.00..73925.90 rows=565203 width=4) (actual time=0.031..1265.241 rows=641785 loops=1)
                          Filter: ((kind_id < 7) AND (production_year < 2006))
                          Rows Removed by Filter: 1886527
Planning time: 1.111 ms
Execution time: 82653.489 ms
