Hash Join  (cost=145033.83..269189.33 rows=176747 width=0) (actual time=2517.726..6010.553 rows=2181572 loops=1)
  Hash Cond: (mk.movie_id = t.id)
  ->  Seq Scan on movie_keyword mk  (cost=0.00..69693.30 rows=4523930 width=4) (actual time=0.016..1265.862 rows=4523930 loops=1)
  ->  Hash  (cost=143412.98..143412.98 rows=98788 width=8) (actual time=2516.768..2516.768 rows=237765 loops=1)
        Buckets: 131072 (originally 131072)  Batches: 4 (originally 2)  Memory Usage: 3367kB
        ->  Hash Join  (cost=83891.93..143412.98 rows=98788 width=8) (actual time=1274.875..2437.154 rows=237765 loops=1)
              Hash Cond: (mc.movie_id = t.id)
              ->  Seq Scan on movie_companies mc  (cost=0.00..51404.11 rows=411214 width=4) (actual time=0.020..772.872 rows=414292 loops=1)
                    Filter: (company_id > 80595)
                    Rows Removed by Filter: 2194837
              ->  Hash  (cost=73925.90..73925.90 rows=607442 width=4) (actual time=1274.011..1274.011 rows=675690 loops=1)
                    Buckets: 131072  Batches: 8  Memory Usage: 4012kB
                    ->  Seq Scan on title t  (cost=0.00..73925.90 rows=607442 width=4) (actual time=0.024..1057.168 rows=675690 loops=1)
                          Filter: ((kind_id < 7) AND (production_year < 2007))
                          Rows Removed by Filter: 1852622
Planning time: 1.103 ms
Execution time: 6278.116 ms
