Nested Loop  (cost=0.43..83072.29 rows=96 width=0) (actual time=52.923..1135.114 rows=55 loops=1)
  ->  Seq Scan on movie_keyword mk  (cost=0.00..81003.12 rows=246 width=4) (actual time=22.212..1132.288 rows=73 loops=1)
        Filter: (keyword_id = 11226)
        Rows Removed by Filter: 4523857
  ->  Index Scan using title_pkey on title t  (cost=0.43..8.40 rows=1 width=4) (actual time=0.034..0.035 rows=1 loops=73)
        Index Cond: (id = mk.movie_id)
        Filter: (kind_id < 7)
        Rows Removed by Filter: 0
Planning time: 0.763 ms
Execution time: 1135.270 ms
