Seq Scan on movie_companies mc  (cost=0.00..51404.11 rows=371 width=0) (actual time=8.445..777.020 rows=1295 loops=1)
  Filter: (company_id < 2)
  Rows Removed by Filter: 2607834
Planning time: 0.337 ms
Execution time: 777.391 ms
