Hash Join  (cost=709675.59..1074342.89 rows=1137 width=0) (actual time=9549.338..15869.216 rows=73 loops=1)
  Hash Cond: (mi.movie_id = t.id)
  ->  Seq Scan on movie_info mi  (cost=0.00..309384.22 rows=14739122 width=4) (actual time=0.026..3912.096 rows=14835720 loops=1)
  ->  Hash  (cost=709673.15..709673.15 rows=195 width=8) (actual time=9224.089..9224.089 rows=4 loops=1)
        Buckets: 1024  Batches: 1  Memory Usage: 9kB
        ->  Nested Loop  (cost=0.43..709673.15 rows=195 width=8) (actual time=5697.635..9224.057 rows=4 loops=1)
              ->  Seq Scan on cast_info ci  (cost=0.00..705507.15 rows=500 width=4) (actual time=5697.519..9223.447 rows=33 loops=1)
                    Filter: (person_id = 1353300)
                    Rows Removed by Filter: 36244311
              ->  Index Scan using title_pkey on title t  (cost=0.43..8.32 rows=1 width=4) (actual time=0.016..0.016 rows=0 loops=33)
                    Index Cond: (id = ci.movie_id)
                    Filter: (kind_id < 7)
                    Rows Removed by Filter: 1
Planning time: 1.554 ms
Execution time: 15869.450 ms
