Seq Scan on cast_info ci  (cost=0.00..705507.15 rows=8363231 width=0) (actual time=0.011..10111.444 rows=8322636 loops=1)
  Filter: (person_id > 2850679)
  Rows Removed by Filter: 27921708
Planning time: 0.239 ms
Execution time: 11152.821 ms
