Hash Join  (cost=94699.36..459591.89 rows=23660 width=0) (actual time=1404.334..7569.960 rows=8037 loops=1)
  Hash Cond: (mi.movie_id = t.id)
  ->  Seq Scan on movie_info mi  (cost=0.00..309384.22 rows=14739122 width=4) (actual time=0.020..3533.643 rows=14835720 loops=1)
  ->  Hash  (cost=94648.62..94648.62 rows=4059 width=8) (actual time=1381.829..1381.829 rows=624 loops=1)
        Buckets: 4096  Batches: 1  Memory Usage: 57kB
        ->  Hash Join  (cost=67697.55..94648.62 rows=4059 width=8) (actual time=877.798..1381.501 rows=624 loops=1)
              Hash Cond: (mi_idx.movie_id = t.id)
              ->  Seq Scan on movie_info_idx mi_idx  (cost=0.00..21735.35 rows=1380035 width=4) (actual time=0.020..264.254 rows=1380035 loops=1)
              ->  Hash  (cost=67604.59..67604.59 rows=7437 width=4) (actual time=833.463..833.463 rows=5945 loops=1)
                    Buckets: 8192  Batches: 1  Memory Usage: 274kB
                    ->  Seq Scan on title t  (cost=0.00..67604.59 rows=7437 width=4) (actual time=368.140..830.729 rows=5945 loops=1)
                          Filter: (production_year = 1911)
                          Rows Removed by Filter: 2522367
Planning time: 1.244 ms
Execution time: 7571.553 ms
