Hash Join  (cost=152397.40..1150087.34 rows=1964146 width=0) (actual time=3719.221..30293.288 rows=3095552 loops=1)
  Hash Cond: (ci.movie_id = t.id)
  ->  Seq Scan on cast_info ci  (cost=0.00..705507.15 rows=23499554 width=4) (actual time=182.740..14743.419 rows=23573656 loops=1)
        Filter: (role_id > 1)
        Rows Removed by Filter: 12670688
  ->  Hash  (cost=148929.65..148929.65 rows=211340 width=8) (actual time=3535.418..3535.418 rows=413724 loops=1)
        Buckets: 131072 (originally 131072)  Batches: 8 (originally 4)  Memory Usage: 3073kB
        ->  Hash Join  (cost=70965.72..148929.65 rows=211340 width=8) (actual time=967.751..3391.018 rows=413724 loops=1)
              Hash Cond: (mc.movie_id = t.id)
              ->  Seq Scan on movie_companies mc  (cost=0.00..44881.29 rows=2609129 width=4) (actual time=0.027..778.000 rows=2609129 loops=1)
              ->  Hash  (cost=67604.59..67604.59 rows=204811 width=4) (actual time=966.986..966.986 rows=202996 loops=1)
                    Buckets: 131072  Batches: 4  Memory Usage: 2808kB
                    ->  Seq Scan on title t  (cost=0.00..67604.59 rows=204811 width=4) (actual time=0.020..899.100 rows=202996 loops=1)
                          Filter: (production_year < 1956)
                          Rows Removed by Filter: 2325316
Planning time: 0.861 ms
Execution time: 30677.684 ms
