Hash Join  (cost=106391.34..162860.12 rows=7862 width=0) (actual time=2164.345..2977.136 rows=13153 loops=1)
  Hash Cond: (mc.movie_id = t.id)
  ->  Seq Scan on movie_companies mc  (cost=0.00..51404.11 rows=1329612 width=4) (actual time=366.993..928.454 rows=1334883 loops=1)
        Filter: (company_type_id > 1)
        Rows Removed by Filter: 1274246
  ->  Hash  (cost=106204.44..106204.44 rows=14952 width=8) (actual time=1797.085..1797.085 rows=12008 loops=1)
        Buckets: 16384  Batches: 1  Memory Usage: 598kB
        ->  Hash Join  (cost=75292.52..106204.44 rows=14952 width=8) (actual time=1088.999..1792.080 rows=12008 loops=1)
              Hash Cond: (mi_idx.movie_id = t.id)
              ->  Seq Scan on movie_info_idx mi_idx  (cost=0.00..25185.44 rows=454124 width=4) (actual time=0.028..508.659 rows=459925 loops=1)
                    Filter: (info_type_id = 100)
                    Rows Removed by Filter: 920110
              ->  Hash  (cost=73925.90..73925.90 rows=83249 width=4) (actual time=1088.040..1088.040 rows=101793 loops=1)
                    Buckets: 131072  Batches: 2  Memory Usage: 2803kB
                    ->  Seq Scan on title t  (cost=0.00..73925.90 rows=83249 width=4) (actual time=0.061..1050.282 rows=101793 loops=1)
                          Filter: ((kind_id > 1) AND (production_year = 2007))
                          Rows Removed by Filter: 2426519
Planning time: 1.190 ms
Execution time: 2979.284 ms
