Hash Join  (cost=100915.24..451494.22 rows=378 width=0) (actual time=4051.486..5892.260 rows=81 loops=1)
  Hash Cond: (mi.movie_id = t.id)
  ->  Seq Scan on movie_info mi  (cost=0.00..346232.03 rows=1158179 width=4) (actual time=2277.225..4203.672 rows=1204709 loops=1)
        Filter: (info_type_id > 18)
        Rows Removed by Filter: 13631011
  ->  Hash  (cost=100904.92..100904.92 rows=826 width=8) (actual time=1516.203..1516.203 rows=249 loops=1)
        Buckets: 1024  Batches: 1  Memory Usage: 18kB
        ->  Hash Join  (cost=73982.55..100904.92 rows=826 width=8) (actual time=997.405..1516.059 rows=249 loops=1)
              Hash Cond: (mi_idx.movie_id = t.id)
              ->  Seq Scan on movie_info_idx mi_idx  (cost=0.00..25185.44 rows=460978 width=4) (actual time=0.040..446.079 rows=459925 loops=1)
                    Filter: (info_type_id = 99)
                    Rows Removed by Filter: 920110
              ->  Hash  (cost=73925.90..73925.90 rows=4532 width=4) (actual time=988.222..988.222 rows=3662 loops=1)
                    Buckets: 8192  Batches: 1  Memory Usage: 193kB
                    ->  Seq Scan on title t  (cost=0.00..73925.90 rows=4532 width=4) (actual time=0.084..986.303 rows=3662 loops=1)
                          Filter: ((kind_id = 7) AND (production_year = 1953))
                          Rows Removed by Filter: 2524650
Planning time: 1.162 ms
Execution time: 5892.389 ms
