Nested Loop  (cost=0.43..58358.39 rows=48 width=0) (actual time=449.293..831.611 rows=1 loops=1)
  ->  Seq Scan on movie_companies mc  (cost=0.00..57926.93 rows=51 width=4) (actual time=449.205..831.520 rows=1 loops=1)
        Filter: ((company_type_id < 2) AND (company_id = 55386))
        Rows Removed by Filter: 2609128
  ->  Index Scan using title_pkey on title t  (cost=0.43..8.45 rows=1 width=4) (actual time=0.081..0.082 rows=1 loops=1)
        Index Cond: (id = mc.movie_id)
        Filter: (production_year < 2013)
Planning time: 1.381 ms
Execution time: 831.731 ms
