Hash Join  (cost=219566.08..576984.81 rows=156035 width=0) (actual time=7503.984..9844.869 rows=2805275 loops=1)
  Hash Cond: (mi.movie_id = t.id)
  ->  Seq Scan on movie_info mi  (cost=0.00..346232.03 rows=616095 width=4) (actual time=3275.718..4558.967 rows=598457 loops=1)
        Filter: (info_type_id = 15)
        Rows Removed by Filter: 14237263
  ->  Hash  (cost=209059.26..209059.26 rows=640386 width=8) (actual time=4205.227..4205.227 rows=641726 loops=1)
        Buckets: 131072  Batches: 16  Memory Usage: 2661kB
        ->  Hash Join  (cost=102767.86..209059.26 rows=640386 width=8) (actual time=1744.921..4012.767 rows=641726 loops=1)
              Hash Cond: (mk.movie_id = t.id)
              ->  Seq Scan on movie_keyword mk  (cost=0.00..81003.12 rows=640386 width=4) (actual time=0.032..1317.096 rows=641726 loops=1)
                    Filter: (keyword_id < 498)
                    Rows Removed by Filter: 3882204
              ->  Hash  (cost=61283.27..61283.27 rows=2528527 width=4) (actual time=1743.034..1743.034 rows=2528312 loops=1)
                    Buckets: 131072  Batches: 64  Memory Usage: 2425kB
                    ->  Seq Scan on title t  (cost=0.00..61283.27 rows=2528527 width=4) (actual time=0.017..924.180 rows=2528312 loops=1)
Planning time: 1.120 ms
Execution time: 10199.822 ms
