Seq Scan on movie_keyword mk  (cost=0.00..81003.12 rows=246 width=0) (actual time=7.714..1083.620 rows=237 loops=1)
  Filter: (keyword_id = 24894)
  Rows Removed by Filter: 4523693
Planning time: 0.367 ms
Execution time: 1083.820 ms
