Hash Join  (cost=190230.21..351911.17 rows=2414158 width=0) (actual time=3964.539..10130.789 rows=10177624 loops=1)
  Hash Cond: (mk.movie_id = t.id)
  ->  Seq Scan on movie_keyword mk  (cost=0.00..81003.12 rows=4423268 width=4) (actual time=0.019..1669.027 rows=4425274 loops=1)
        Filter: (keyword_id < 82641)
        Rows Removed by Filter: 98656
  ->  Hash  (cost=167588.78..167588.78 rows=1380035 width=8) (actual time=3962.983..3962.983 rows=1380035 loops=1)
        Buckets: 131072  Batches: 32  Memory Usage: 2726kB
        ->  Hash Join  (cost=102767.86..167588.78 rows=1380035 width=8) (actual time=1721.679..3564.469 rows=1380035 loops=1)
              Hash Cond: (mi_idx.movie_id = t.id)
              ->  Seq Scan on movie_info_idx mi_idx  (cost=0.00..21735.35 rows=1380035 width=4) (actual time=0.031..385.711 rows=1380035 loops=1)
              ->  Hash  (cost=61283.27..61283.27 rows=2528527 width=4) (actual time=1720.707..1720.707 rows=2528312 loops=1)
                    Buckets: 131072  Batches: 64  Memory Usage: 2415kB
                    ->  Seq Scan on title t  (cost=0.00..61283.27 rows=2528527 width=4) (actual time=0.007..873.810 rows=2528312 loops=1)
Planning time: 1.143 ms
Execution time: 11304.263 ms
