Hash Join  (cost=125844.89..205488.63 rows=333222 width=0) (actual time=2461.178..5475.185 rows=1215072 loops=1)
  Hash Cond: (mc.movie_id = t.id)
  ->  Seq Scan on movie_companies mc  (cost=0.00..44881.29 rows=2609129 width=4) (actual time=0.014..822.808 rows=2609129 loops=1)
  ->  Hash  (cost=120546.29..120546.29 rows=322928 width=8) (actual time=2460.403..2460.403 rows=375670 loops=1)
        Buckets: 131072  Batches: 8  Memory Usage: 2865kB
        ->  Hash Join  (cost=77312.52..120546.29 rows=322928 width=8) (actual time=1181.100..2362.680 rows=375670 loops=1)
              Hash Cond: (mi_idx.movie_id = t.id)
              ->  Seq Scan on movie_info_idx mi_idx  (cost=0.00..21735.35 rows=1380035 width=4) (actual time=0.021..420.867 rows=1380035 loops=1)
              ->  Hash  (cost=67604.59..67604.59 rows=591675 width=4) (actual time=1180.292..1180.292 rows=585020 loops=1)
                    Buckets: 131072  Batches: 8  Memory Usage: 3586kB
                    ->  Seq Scan on title t  (cost=0.00..67604.59 rows=591675 width=4) (actual time=0.017..990.942 rows=585020 loops=1)
                          Filter: (production_year < 1985)
                          Rows Removed by Filter: 1943292
Planning time: 1.178 ms
Execution time: 5613.240 ms
