Seq Scan on movie_companies mc  (cost=0.00..51404.11 rows=729588 width=0) (actual time=0.028..851.269 rows=734015 loops=1)
  Filter: (company_id > 39875)
  Rows Removed by Filter: 1875114
Planning time: 0.307 ms
Execution time: 944.732 ms
