Seq Scan on movie_companies mc  (cost=0.00..57926.93 rows=829681 width=0) (actual time=191.988..1050.954 rows=1139153 loops=1)
  Filter: ((company_id < 19788) AND (company_type_id < 2))
  Rows Removed by Filter: 1469976
Planning time: 0.276 ms
Execution time: 1197.389 ms
