Hash Join  (cost=102767.86..170325.12 rows=260748 width=0) (actual time=2424.799..3359.779 rows=264797 loops=1)
  Hash Cond: (mc.movie_id = t.id)
  ->  Seq Scan on movie_companies mc  (cost=0.00..51404.11 rows=260748 width=4) (actual time=417.774..697.094 rows=264797 loops=1)
        Filter: (company_id > 98633)
        Rows Removed by Filter: 2344332
  ->  Hash  (cost=61283.27..61283.27 rows=2528527 width=4) (actual time=2004.969..2004.969 rows=2528312 loops=1)
        Buckets: 131072  Batches: 64  Memory Usage: 2415kB
        ->  Seq Scan on title t  (cost=0.00..61283.27 rows=2528527 width=4) (actual time=0.019..895.969 rows=2528312 loops=1)
Planning time: 0.730 ms
Execution time: 3394.389 ms
