Seq Scan on cast_info ci  (cost=0.00..796071.18 rows=6513025 width=0) (actual time=0.025..12155.733 rows=10049541 loops=1)
  Filter: ((person_id > 2710758) AND (role_id > 1))
  Rows Removed by Filter: 26194803
Planning time: 0.353 ms
Execution time: 13431.566 ms
