Hash Join  (cost=150665.23..1233742.68 rows=2280803 width=0) (actual time=2829.540..33378.792 rows=7563580 loops=1)
  Hash Cond: (ci.movie_id = t.id)
  ->  Seq Scan on cast_info ci  (cost=0.00..796071.18 rows=22763797 width=4) (actual time=0.013..17207.347 rows=25563420 loops=1)
        Filter: ((person_id < 2787442) AND (role_id < 9))
        Rows Removed by Filter: 10680924
  ->  Hash  (cost=146508.43..146508.43 rows=253344 width=8) (actual time=2828.215..2828.215 rows=426024 loops=1)
        Buckets: 131072 (originally 131072)  Batches: 8 (originally 4)  Memory Usage: 3129kB
        ->  Hash Join  (cost=75818.69..146508.43 rows=253344 width=8) (actual time=962.862..2681.286 rows=426024 loops=1)
              Hash Cond: (mc.movie_id = t.id)
              ->  Seq Scan on movie_companies mc  (cost=0.00..51404.11 rows=1279517 width=4) (actual time=0.022..859.442 rows=1274246 loops=1)
                    Filter: (company_type_id < 2)
                    Rows Removed by Filter: 1334883
              ->  Hash  (cost=67604.59..67604.59 rows=500648 width=4) (actual time=962.001..962.001 rows=494029 loops=1)
                    Buckets: 131072  Batches: 8  Memory Usage: 3188kB
                    ->  Seq Scan on title t  (cost=0.00..67604.59 rows=500648 width=4) (actual time=0.022..824.416 rows=494029 loops=1)
                          Filter: (production_year < 1979)
                          Rows Removed by Filter: 2034283
Planning time: 1.256 ms
Execution time: 34231.213 ms
