Hash Join  (cost=521529.98..1776410.64 rows=17112950 width=0) (actual time=10703.996..53453.996 rows=45540520 loops=1)
  Hash Cond: (ci.movie_id = t.id)
  ->  Seq Scan on cast_info ci  (cost=0.00..614943.12 rows=36225612 width=4) (actual time=0.013..12137.624 rows=36244344 loops=1)
  ->  Hash  (cost=501933.05..501933.05 rows=1194474 width=8) (actual time=10702.190..10702.190 rows=2606928 loops=1)
        Buckets: 131072 (originally 131072)  Batches: 64 (originally 16)  Memory Usage: 3073kB
        ->  Hash Join  (cost=83891.93..501933.05 rows=1194474 width=8) (actual time=2290.869..9945.009 rows=2606928 loops=1)
              Hash Cond: (mi.movie_id = t.id)
              ->  Seq Scan on movie_info mi  (cost=0.00..346232.03 rows=4972096 width=4) (actual time=998.519..5243.439 rows=4923966 loops=1)
                    Filter: (info_type_id < 5)
                    Rows Removed by Filter: 9911754
              ->  Hash  (cost=73925.90..73925.90 rows=607442 width=4) (actual time=1291.371..1291.371 rows=675690 loops=1)
                    Buckets: 131072  Batches: 8  Memory Usage: 4021kB
                    ->  Seq Scan on title t  (cost=0.00..73925.90 rows=607442 width=4) (actual time=0.021..1086.448 rows=675690 loops=1)
                          Filter: ((kind_id < 7) AND (production_year < 2007))
                          Rows Removed by Filter: 1852622
Planning time: 1.578 ms
Execution time: 58506.241 ms
