Hash Join  (cost=159020.44..187654.04 rows=1653 width=0) (actual time=2360.526..2993.483 rows=788 loops=1)
  Hash Cond: (mi_idx.movie_id = t.id)
  ->  Seq Scan on movie_info_idx mi_idx  (cost=0.00..25185.44 rows=915101 width=4) (actual time=0.010..485.700 rows=919850 loops=1)
        Filter: (info_type_id < 101)
        Rows Removed by Filter: 460185
  ->  Hash  (cost=158963.35..158963.35 rows=4567 width=8) (actual time=2359.946..2359.946 rows=3610 loops=1)
        Buckets: 8192  Batches: 1  Memory Usage: 206kB
        ->  Hash Join  (cost=76444.38..158963.35 rows=4567 width=8) (actual time=1088.679..2358.430 rows=3610 loops=1)
              Hash Cond: (mk.movie_id = t.id)
              ->  Seq Scan on movie_keyword mk  (cost=0.00..81003.12 rows=75248 width=4) (actual time=0.021..1207.756 rows=72496 loops=1)
                    Filter: (keyword_id = 335)
                    Rows Removed by Filter: 4451434
              ->  Hash  (cost=73925.90..73925.90 rows=153478 width=4) (actual time=1087.848..1087.848 rows=134760 loops=1)
                    Buckets: 131072  Batches: 4  Memory Usage: 2222kB
                    ->  Seq Scan on title t  (cost=0.00..73925.90 rows=153478 width=4) (actual time=0.020..1041.087 rows=134760 loops=1)
                          Filter: ((kind_id < 7) AND (production_year > 2010))
                          Rows Removed by Filter: 2393552
Planning time: 1.080 ms
Execution time: 2993.748 ms
