Hash Join  (cost=864675.83..1336273.31 rows=3411400 width=0) (actual time=16080.522..28108.979 rows=5970924 loops=1)
  Hash Cond: (mi.movie_id = t.id)
  ->  Seq Scan on movie_info mi  (cost=0.00..346232.03 rows=7503588 width=4) (actual time=284.706..6399.305 rows=7548855 loops=1)
        Filter: (info_type_id > 7)
        Rows Removed by Filter: 7286865
  ->  Hash  (cost=845815.34..845815.34 rows=1149559 width=8) (actual time=15794.723..15794.723 rows=1093558 loops=1)
        Buckets: 131072  Batches: 16  Memory Usage: 3685kB
        ->  Hash Join  (cost=102767.86..845815.34 rows=1149559 width=8) (actual time=12760.923..15464.783 rows=1093558 loops=1)
              Hash Cond: (ci.movie_id = t.id)
              ->  Seq Scan on cast_info ci  (cost=0.00..705507.15 rows=1149559 width=4) (actual time=10817.278..12193.010 rows=1093558 loops=1)
                    Filter: (role_id = 9)
                    Rows Removed by Filter: 35150786
              ->  Hash  (cost=61283.27..61283.27 rows=2528527 width=4) (actual time=1942.061..1942.061 rows=2528312 loops=1)
                    Buckets: 131072  Batches: 64  Memory Usage: 2415kB
                    ->  Seq Scan on title t  (cost=0.00..61283.27 rows=2528527 width=4) (actual time=1.153..1086.874 rows=2528312 loops=1)
Planning time: 4.964 ms
Execution time: 28813.962 ms
