Hash Join  (cost=154802.65..280062.12 rows=267343 width=0) (actual time=4427.760..5471.200 rows=97945 loops=1)
  Hash Cond: (mk.movie_id = t.id)
  ->  Seq Scan on movie_keyword mk  (cost=0.00..69693.30 rows=4523930 width=4) (actual time=0.024..1241.262 rows=4523930 loops=1)
  ->  Hash  (cost=152350.85..152350.85 rows=149424 width=8) (actual time=2630.823..2630.823 rows=90704 loops=1)
        Buckets: 131072  Batches: 2  Memory Usage: 2798kB
        ->  Hash Join  (cost=80599.54..152350.85 rows=149424 width=8) (actual time=1896.434..2603.792 rows=90704 loops=1)
              Hash Cond: (mc.movie_id = t.id)
              ->  Seq Scan on movie_companies mc  (cost=0.00..57926.93 rows=928836 width=4) (actual time=0.024..1030.634 rows=1104771 loops=1)
                    Filter: ((company_id > 1677) AND (company_type_id > 1))
                    Rows Removed by Filter: 1504358
              ->  Hash  (cost=73925.90..73925.90 rows=406771 width=4) (actual time=1056.827..1056.827 rows=288892 loops=1)
                    Buckets: 131072  Batches: 8  Memory Usage: 2281kB
                    ->  Seq Scan on title t  (cost=0.00..73925.90 rows=406771 width=4) (actual time=0.016..961.993 rows=288892 loops=1)
                          Filter: ((production_year < 1989) AND (kind_id = 7))
                          Rows Removed by Filter: 2239420
Planning time: 1.761 ms
Execution time: 5483.862 ms
