Seq Scan on movie_keyword mk  (cost=0.00..81003.12 rows=1309085 width=0) (actual time=0.018..1268.208 rows=1317096 loops=1)
  Filter: (keyword_id < 1727)
  Rows Removed by Filter: 3206834
Planning time: 0.280 ms
Execution time: 1445.489 ms
