Hash Join  (cost=89299.55..1021004.36 rows=4063172 width=0) (actual time=2052.120..22301.908 rows=5812545 loops=1)
  Hash Cond: (ci.movie_id = t.id)
  ->  Seq Scan on cast_info ci  (cost=0.00..796071.18 rows=7769575 width=4) (actual time=441.752..14119.490 rows=9471540 loops=1)
        Filter: ((person_id > 1295276) AND (role_id > 3))
        Rows Removed by Filter: 26772804
  ->  Hash  (cost=67604.59..67604.59 rows=1322317 width=4) (actual time=1608.947..1608.947 rows=1322863 loops=1)
        Buckets: 131072  Batches: 32  Memory Usage: 2481kB
        ->  Seq Scan on title t  (cost=0.00..67604.59 rows=1322317 width=4) (actual time=0.011..1165.199 rows=1322863 loops=1)
              Filter: (production_year > 2001)
              Rows Removed by Filter: 1205449
Planning time: 0.987 ms
Execution time: 22999.257 ms
