Hash Join  (cost=102774.96..189501.29 rows=6829 width=0) (actual time=1544.350..3109.300 rows=4074 loops=1)
  Hash Cond: (mk.movie_id = t.id)
  ->  Seq Scan on movie_keyword mk  (cost=0.00..69693.30 rows=4523930 width=4) (actual time=0.017..781.664 rows=4523930 loops=1)
  ->  Hash  (cost=102727.25..102727.25 rows=3817 width=8) (actual time=1539.508..1539.508 rows=984 loops=1)
        Buckets: 4096  Batches: 1  Memory Usage: 71kB
        ->  Hash Join  (cost=74057.18..102727.25 rows=3817 width=8) (actual time=1166.533..1538.971 rows=984 loops=1)
              Hash Cond: (mi_idx.movie_id = t.id)
              ->  Seq Scan on movie_info_idx mi_idx  (cost=0.00..25185.44 rows=919057 width=4) (actual time=0.021..410.993 rows=920110 loops=1)
                    Filter: (info_type_id > 99)
                    Rows Removed by Filter: 459925
              ->  Hash  (cost=73925.90..73925.90 rows=10502 width=4) (actual time=978.477..978.477 rows=6334 loops=1)
                    Buckets: 16384  Batches: 1  Memory Usage: 351kB
                    ->  Seq Scan on title t  (cost=0.00..73925.90 rows=10502 width=4) (actual time=364.192..975.484 rows=6334 loops=1)
                          Filter: ((production_year > 2011) AND (kind_id = 4))
                          Rows Removed by Filter: 2521978
Planning time: 1.110 ms
Execution time: 3110.109 ms
