Hash Join  (cost=96184.51..175829.74 rows=727122 width=0) (actual time=1915.001..3725.333 rows=173814 loops=1)
  Hash Cond: (mc.movie_id = t.id)
  ->  Seq Scan on movie_companies mc  (cost=0.00..51404.11 rows=1355173 width=4) (actual time=0.023..1112.559 rows=1364807 loops=1)
        Filter: (company_id > 11147)
        Rows Removed by Filter: 1244322
  ->  Hash  (cost=73925.90..73925.90 rows=1356688 width=4) (actual time=1849.817..1849.817 rows=1327781 loops=1)
        Buckets: 131072  Batches: 32  Memory Usage: 2479kB
        ->  Seq Scan on title t  (cost=0.00..73925.90 rows=1356688 width=4) (actual time=0.011..1410.984 rows=1327781 loops=1)
              Filter: ((production_year < 2012) AND (kind_id = 7))
              Rows Removed by Filter: 1200531
Planning time: 0.829 ms
Execution time: 3739.815 ms
