Seq Scan on cast_info ci  (cost=0.00..705507.15 rows=13947592 width=0) (actual time=0.022..10809.546 rows=13928421 loops=1)
  Filter: (person_id < 1372541)
  Rows Removed by Filter: 22315923
Planning time: 0.294 ms
Execution time: 12567.468 ms
