Hash Join  (cost=1421935.90..2911606.97 rows=73923931 width=0) (actual time=28420.984..72365.285 rows=109735298 loops=1)
  Hash Cond: (mi.movie_id = t.id)
  ->  Seq Scan on movie_info mi  (cost=0.00..309384.22 rows=14739122 width=4) (actual time=0.015..5490.225 rows=14835720 loops=1)
  ->  Hash  (cost=1213874.35..1213874.35 rows=12681804 width=8) (actual time=28414.101..28414.101 rows=8267181 loops=1)
        Buckets: 131072  Batches: 256  Memory Usage: 2357kB
        ->  Hash Join  (cost=102767.86..1213874.35 rows=12681804 width=8) (actual time=1794.354..25066.733 rows=8267181 loops=1)
              Hash Cond: (ci.movie_id = t.id)
              ->  Seq Scan on cast_info ci  (cost=0.00..796071.18 rows=12681804 width=4) (actual time=0.030..15157.400 rows=8267181 loops=1)
                    Filter: ((person_id < 2892630) AND (role_id > 2))
                    Rows Removed by Filter: 27977163
              ->  Hash  (cost=61283.27..61283.27 rows=2528527 width=4) (actual time=1792.907..1792.907 rows=2528312 loops=1)
                    Buckets: 131072  Batches: 64  Memory Usage: 2415kB
                    ->  Seq Scan on title t  (cost=0.00..61283.27 rows=2528527 width=4) (actual time=0.014..934.725 rows=2528312 loops=1)
Planning time: 1.029 ms
Execution time: 84120.634 ms
