Hash Join  (cost=271943.70..727617.94 rows=3815574 width=0) (actual time=7218.750..12723.376 rows=897404 loops=1)
  Hash Cond: (mi.movie_id = t.id)
  ->  Seq Scan on movie_info mi  (cost=0.00..346232.03 rows=4972096 width=4) (actual time=2221.865..5251.145 rows=4923966 loops=1)
        Filter: (info_type_id < 5)
        Rows Removed by Filter: 9911754
  ->  Hash  (cost=240108.89..240108.89 rows=1940385 width=8) (actual time=4993.985..4993.985 rows=478439 loops=1)
        Buckets: 131072  Batches: 32  Memory Usage: 1603kB
        ->  Hash Join  (cost=92883.59..240108.89 rows=1940385 width=8) (actual time=2566.767..4871.969 rows=478439 loops=1)
              Hash Cond: (mk.movie_id = t.id)
              ->  Seq Scan on movie_keyword mk  (cost=0.00..81003.12 rows=3184266 width=4) (actual time=0.043..1563.321 rows=3167135 loops=1)
                    Filter: (keyword_id > 1767)
                    Rows Removed by Filter: 1356795
              ->  Hash  (cost=67604.59..67604.59 rows=1540800 width=4) (actual time=1633.648..1633.648 rows=1543264 loops=1)
                    Buckets: 131072  Batches: 32  Memory Usage: 2728kB
                    ->  Seq Scan on title t  (cost=0.00..67604.59 rows=1540800 width=4) (actual time=0.018..1124.237 rows=1543264 loops=1)
                          Filter: (kind_id = 7)
                          Rows Removed by Filter: 985048
Planning time: 1.086 ms
Execution time: 12834.776 ms
