Hash Join  (cost=73929.67..102562.66 rows=109 width=0) (actual time=1130.111..1376.947 rows=1268 loops=1)
  Hash Cond: (mi_idx.movie_id = t.id)
  ->  Seq Scan on movie_info_idx mi_idx  (cost=0.00..25185.44 rows=919057 width=4) (actual time=0.022..339.435 rows=920110 loops=1)
        Filter: (info_type_id > 99)
        Rows Removed by Filter: 459925
  ->  Hash  (cost=73925.90..73925.90 rows=301 width=4) (actual time=924.153..924.153 rows=1529 loops=1)
        Buckets: 2048 (originally 1024)  Batches: 1 (originally 1)  Memory Usage: 70kB
        ->  Seq Scan on title t  (cost=0.00..73925.90 rows=301 width=4) (actual time=555.435..923.308 rows=1529 loops=1)
              Filter: ((kind_id = 3) AND (production_year = 1992))
              Rows Removed by Filter: 2526783
Planning time: 0.749 ms
Execution time: 1377.194 ms
