Seq Scan on movie_keyword mk  (cost=0.00..81003.12 rows=246 width=0) (actual time=24.998..1188.995 rows=108 loops=1)
  Filter: (keyword_id = 37993)
  Rows Removed by Filter: 4523822
Planning time: 0.238 ms
Execution time: 1189.162 ms
