Hash Join  (cost=187653.38..713925.53 rows=2837944 width=0) (actual time=4424.341..18437.794 rows=6052764 loops=1)
  Hash Cond: (mi.movie_id = t.id)
  ->  Seq Scan on movie_info mi  (cost=0.00..346232.03 rows=12928982 width=4) (actual time=0.022..6407.615 rows=12970088 loops=1)
        Filter: (info_type_id < 18)
        Rows Removed by Filter: 1865632
  ->  Hash  (cost=178546.66..178546.66 rows=555018 width=8) (actual time=4423.487..4423.487 rows=558595 loops=1)
        Buckets: 131072  Batches: 8  Memory Usage: 3738kB
        ->  Hash Join  (cost=98137.04..178546.66 rows=555018 width=8) (actual time=2293.140..4236.135 rows=558595 loops=1)
              Hash Cond: (mc.movie_id = t.id)
              ->  Seq Scan on movie_companies mc  (cost=0.00..57926.93 rows=754101 width=4) (actual time=202.337..1083.293 rows=1035496 loops=1)
                    Filter: ((company_id < 14321) AND (company_type_id < 2))
                    Rows Removed by Filter: 1573633
              ->  Hash  (cost=67604.59..67604.59 rows=1860996 width=4) (actual time=2089.977..2089.977 rows=1865487 loops=1)
                    Buckets: 131072  Batches: 32  Memory Usage: 3079kB
                    ->  Seq Scan on title t  (cost=0.00..67604.59 rows=1860996 width=4) (actual time=0.021..1173.705 rows=1865487 loops=1)
                          Filter: (kind_id > 1)
                          Rows Removed by Filter: 662825
Planning time: 4.221 ms
Execution time: 19147.850 ms
