Seq Scan on movie_companies mc  (cost=0.00..57926.93 rows=345034 width=0) (actual time=627.107..810.384 rows=36567 loops=1)
  Filter: ((company_id > 44115) AND (company_type_id = 1))
  Rows Removed by Filter: 2572562
Planning time: 0.343 ms
Execution time: 815.733 ms
