Hash Join  (cost=263115.61..1724552.13 rows=31561425 width=0) (actual time=6679.904..58041.383 rows=64259158 loops=1)
  Hash Cond: (ci.movie_id = t.id)
  ->  Seq Scan on cast_info ci  (cost=0.00..705507.15 rows=30586420 width=4) (actual time=0.030..15312.427 rows=30541291 loops=1)
        Filter: (person_id < 3078012)
        Rows Removed by Filter: 5703053
  ->  Hash  (cost=220309.49..220309.49 rows=2609129 width=8) (actual time=6678.309..6678.309 rows=2609129 loops=1)
        Buckets: 131072  Batches: 64  Memory Usage: 2610kB
        ->  Hash Join  (cost=102767.86..220309.49 rows=2609129 width=8) (actual time=2523.620..5916.343 rows=2609129 loops=1)
              Hash Cond: (mc.movie_id = t.id)
              ->  Seq Scan on movie_companies mc  (cost=0.00..44881.29 rows=2609129 width=4) (actual time=0.023..822.835 rows=2609129 loops=1)
              ->  Hash  (cost=61283.27..61283.27 rows=2528527 width=4) (actual time=2522.707..2522.707 rows=2528312 loops=1)
                    Buckets: 131072  Batches: 64  Memory Usage: 2415kB
                    ->  Seq Scan on title t  (cost=0.00..61283.27 rows=2528527 width=4) (actual time=0.012..869.238 rows=2528312 loops=1)
Planning time: 1.108 ms
Execution time: 65292.641 ms
