Hash Join  (cost=118860.03..242071.60 rows=156459 width=0) (actual time=2116.485..4852.662 rows=837611 loops=1)
  Hash Cond: (mk.movie_id = t.id)
  ->  Seq Scan on movie_keyword mk  (cost=0.00..81003.12 rows=3476493 width=4) (actual time=0.010..1497.333 rows=3465867 loops=1)
        Filter: (keyword_id < 16682)
        Rows Removed by Filter: 1058063
  ->  Hash  (cost=116992.58..116992.58 rows=113796 width=8) (actual time=2115.657..2115.657 rows=129616 loops=1)
        Buckets: 131072  Batches: 2  Memory Usage: 3557kB
        ->  Hash Join  (cost=77347.14..116992.58 rows=113796 width=8) (actual time=1141.480..2073.517 rows=129616 loops=1)
              Hash Cond: (mi_idx.movie_id = t.id)
              ->  Seq Scan on movie_info_idx mi_idx  (cost=0.00..21735.35 rows=1380035 width=4) (actual time=0.034..357.154 rows=1380035 loops=1)
              ->  Hash  (cost=73925.90..73925.90 rows=208499 width=4) (actual time=1140.665..1140.665 rows=182393 loops=1)
                    Buckets: 131072  Batches: 4  Memory Usage: 2628kB
                    ->  Seq Scan on title t  (cost=0.00..73925.90 rows=208499 width=4) (actual time=0.014..1081.940 rows=182393 loops=1)
                          Filter: ((production_year > 2007) AND (kind_id = 1))
                          Rows Removed by Filter: 2345919
Planning time: 1.172 ms
Execution time: 4955.304 ms
