Hash Join  (cost=797489.01..884147.84 rows=79 width=0) (actual time=12851.002..14233.002 rows=3 loops=1)
  Hash Cond: (mk.movie_id = t.id)
  ->  Seq Scan on movie_keyword mk  (cost=0.00..69693.30 rows=4523930 width=4) (actual time=0.019..876.007 rows=4523930 loops=1)
  ->  Hash  (cost=797488.46..797488.46 rows=44 width=8) (actual time=12585.611..12585.611 rows=2 loops=1)
        Buckets: 1024  Batches: 1  Memory Usage: 9kB
        ->  Nested Loop  (cost=0.43..797488.46 rows=44 width=8) (actual time=3250.739..12585.591 rows=2 loops=1)
              ->  Seq Scan on cast_info ci  (cost=0.00..796071.18 rows=168 width=4) (actual time=3250.651..12585.233 rows=17 loops=1)
                    Filter: ((role_id > 3) AND (person_id = 1385887))
                    Rows Removed by Filter: 36244327
              ->  Index Scan using title_pkey on title t  (cost=0.43..8.43 rows=1 width=4) (actual time=0.017..0.017 rows=0 loops=17)
                    Index Cond: (id = ci.movie_id)
                    Filter: (production_year > 2008)
                    Rows Removed by Filter: 1
Planning time: 1.185 ms
Execution time: 14233.225 ms
