Hash Join  (cost=102767.86..253053.67 rows=2468719 width=0) (actual time=1777.744..5650.508 rows=2465593 loops=1)
  Hash Cond: (mk.movie_id = t.id)
  ->  Seq Scan on movie_keyword mk  (cost=0.00..81003.12 rows=2468719 width=4) (actual time=0.013..1488.394 rows=2465593 loops=1)
        Filter: (keyword_id < 5928)
        Rows Removed by Filter: 2058337
  ->  Hash  (cost=61283.27..61283.27 rows=2528527 width=4) (actual time=1776.598..1776.598 rows=2528312 loops=1)
        Buckets: 131072  Batches: 64  Memory Usage: 2425kB
        ->  Seq Scan on title t  (cost=0.00..61283.27 rows=2528527 width=4) (actual time=0.009..916.984 rows=2528312 loops=1)
Planning time: 0.694 ms
Execution time: 5919.533 ms
