Seq Scan on cast_info ci  (cost=0.00..796071.18 rows=5579095 width=0) (actual time=112.280..10126.536 rows=1387811 loops=1)
  Filter: ((person_id > 2845672) AND (role_id < 4))
  Rows Removed by Filter: 34856533
Planning time: 0.308 ms
Execution time: 10278.084 ms
