Hash Join  (cost=842176.52..1056696.77 rows=1559835 width=0) (actual time=21605.669..26534.974 rows=7386871 loops=1)
  Hash Cond: (mk.movie_id = t.id)
  ->  Seq Scan on movie_keyword mk  (cost=0.00..69693.30 rows=4523930 width=4) (actual time=0.019..1264.152 rows=4523930 loops=1)
  ->  Hash  (cost=827872.69..827872.69 rows=871827 width=8) (actual time=21604.441..21604.441 rows=929303 loops=1)
        Buckets: 131072  Batches: 16  Memory Usage: 3381kB
        ->  Hash Join  (cost=68365.25..827872.69 rows=871827 width=8) (actual time=962.938..20935.189 rows=929303 loops=1)
              Hash Cond: (ci.movie_id = t.id)
              ->  Seq Scan on cast_info ci  (cost=0.00..614943.12 rows=36225612 width=4) (actual time=0.019..7904.517 rows=36244344 loops=1)
              ->  Hash  (cost=67604.59..67604.59 rows=60853 width=4) (actual time=962.571..962.571 rows=62568 loops=1)
                    Buckets: 65536  Batches: 1  Memory Usage: 2712kB
                    ->  Seq Scan on title t  (cost=0.00..67604.59 rows=60853 width=4) (actual time=0.017..937.168 rows=62568 loops=1)
                          Filter: (production_year = 2002)
                          Rows Removed by Filter: 2465744
Planning time: 1.117 ms
Execution time: 27374.874 ms
