Seq Scan on cast_info ci  (cost=0.00..705507.15 rows=500 width=0) (actual time=9328.591..10988.977 rows=1 loops=1)
  Filter: (person_id = 686196)
  Rows Removed by Filter: 36244343
Planning time: 0.861 ms
Execution time: 10989.094 ms
