Hash Join  (cost=58358.90..145017.85 rows=91 width=0) (actual time=712.730..2358.020 rows=97 loops=1)
  Hash Cond: (mk.movie_id = t.id)
  ->  Seq Scan on movie_keyword mk  (cost=0.00..69693.30 rows=4523930 width=4) (actual time=0.021..885.658 rows=4523930 loops=1)
  ->  Hash  (cost=58358.27..58358.27 rows=51 width=8) (actual time=682.466..682.466 rows=26 loops=1)
        Buckets: 1024  Batches: 1  Memory Usage: 10kB
        ->  Nested Loop  (cost=0.43..58358.27 rows=51 width=8) (actual time=280.312..682.432 rows=26 loops=1)
              ->  Seq Scan on movie_companies mc  (cost=0.00..57926.93 rows=51 width=4) (actual time=280.216..681.521 rows=26 loops=1)
                    Filter: ((company_id = 16069) AND (company_type_id = 1))
                    Rows Removed by Filter: 2609103
              ->  Index Only Scan using title_pkey on title t  (cost=0.43..8.45 rows=1 width=4) (actual time=0.031..0.032 rows=1 loops=26)
                    Index Cond: (id = mc.movie_id)
                    Heap Fetches: 26
Planning time: 1.137 ms
Execution time: 2358.164 ms
