Seq Scan on title t  (cost=0.00..67604.59 rows=7437 width=0) (actual time=18.899..1063.046 rows=2840 loops=1)
  Filter: (production_year = 1948)
  Rows Removed by Filter: 2525472
Planning time: 0.312 ms
Execution time: 1063.929 ms
