Hash Join  (cost=73980.43..157723.83 rows=1255 width=0) (actual time=1023.255..2318.377 rows=1711 loops=1)
  Hash Cond: (mk.movie_id = t.id)
  ->  Seq Scan on movie_keyword mk  (cost=0.00..81003.12 rows=727392 width=4) (actual time=0.014..1183.424 rows=720532 loops=1)
        Filter: (keyword_id < 641)
        Rows Removed by Filter: 3803398
  ->  Hash  (cost=73925.90..73925.90 rows=4362 width=4) (actual time=1011.943..1011.943 rows=3986 loops=1)
        Buckets: 8192  Batches: 1  Memory Usage: 205kB
        ->  Seq Scan on title t  (cost=0.00..73925.90 rows=4362 width=4) (actual time=26.107..1009.902 rows=3986 loops=1)
              Filter: ((kind_id = 3) AND (production_year = 2006))
              Rows Removed by Filter: 2524326
Planning time: 0.586 ms
Execution time: 2318.817 ms
