Seq Scan on movie_companies mc  (cost=0.00..51404.11 rows=1315881 width=0) (actual time=0.022..732.831 rows=1324348 loops=1)
  Filter: (company_id > 11240)
  Rows Removed by Filter: 1284781
Planning time: 0.166 ms
Execution time: 885.235 ms
