Hash Join  (cost=83074.74..451427.09 rows=574 width=0) (actual time=2125.071..6511.661 rows=30 loops=1)
  Hash Cond: (mi.movie_id = t.id)
  ->  Seq Scan on movie_info mi  (cost=0.00..346232.03 rows=5897221 width=4) (actual time=914.528..4701.558 rows=5884963 loops=1)
        Filter: (info_type_id < 7)
        Rows Removed by Filter: 8950757
  ->  Hash  (cost=83071.67..83071.67 rows=246 width=8) (actual time=1118.068..1118.068 rows=6 loops=1)
        Buckets: 1024  Batches: 1  Memory Usage: 9kB
        ->  Nested Loop  (cost=0.43..83071.67 rows=246 width=8) (actual time=194.747..1118.037 rows=6 loops=1)
              ->  Seq Scan on movie_keyword mk  (cost=0.00..81003.12 rows=246 width=4) (actual time=194.655..1117.603 rows=6 loops=1)
                    Filter: (keyword_id = 105120)
                    Rows Removed by Filter: 4523924
              ->  Index Only Scan using title_pkey on title t  (cost=0.43..8.40 rows=1 width=4) (actual time=0.051..0.052 rows=1 loops=6)
                    Index Cond: (id = mk.movie_id)
                    Heap Fetches: 6
Planning time: 1.062 ms
Execution time: 6511.774 ms
