Hash Join  (cost=68340.54..95258.01 rows=699 width=0) (actual time=721.857..1126.516 rows=6 loops=1)
  Hash Cond: (mi_idx.movie_id = t.id)
  ->  Seq Scan on movie_info_idx mi_idx  (cost=0.00..21735.35 rows=1380035 width=4) (actual time=0.014..246.836 rows=1380035 loops=1)
  ->  Hash  (cost=68324.54..68324.54 rows=1280 width=8) (actual time=625.969..625.969 rows=2 loops=1)
        Buckets: 2048  Batches: 1  Memory Usage: 17kB
        ->  Nested Loop  (cost=0.43..68324.54 rows=1280 width=8) (actual time=419.317..625.960 rows=2 loops=1)
              ->  Seq Scan on movie_companies mc  (cost=0.00..57926.93 rows=1280 width=4) (actual time=419.240..625.821 rows=2 loops=1)
                    Filter: ((company_type_id < 2) AND (company_id = 9749))
                    Rows Removed by Filter: 2609127
              ->  Index Only Scan using title_pkey on title t  (cost=0.43..8.11 rows=1 width=4) (actual time=0.056..0.057 rows=1 loops=2)
                    Index Cond: (id = mc.movie_id)
                    Heap Fetches: 2
Planning time: 1.028 ms
Execution time: 1126.623 ms
