Seq Scan on movie_companies mc  (cost=0.00..51404.11 rows=104 width=0) (actual time=19.603..847.378 rows=94 loops=1)
  Filter: (company_id = 17915)
  Rows Removed by Filter: 2609035
Planning time: 0.367 ms
Execution time: 847.515 ms
