Hash Join  (cost=139597.14..1031700.71 rows=1462267 width=0) (actual time=6856.325..26690.700 rows=10119074 loops=1)
  Hash Cond: (ci.movie_id = t.id)
  ->  Seq Scan on cast_info ci  (cost=0.00..796071.18 rows=6858590 width=4) (actual time=3255.166..12571.895 rows=12670688 loops=1)
        Filter: ((person_id < 1944308) AND (role_id = 1))
        Rows Removed by Filter: 23573656
  ->  Hash  (cost=130752.54..130752.54 rows=539088 width=8) (actual time=3600.065..3600.065 rows=954317 loops=1)
        Buckets: 131072 (originally 131072)  Batches: 16 (originally 8)  Memory Usage: 3354kB
        ->  Hash Join  (cost=83810.17..130752.54 rows=539088 width=8) (actual time=1328.944..3337.244 rows=954317 loops=1)
              Hash Cond: (mi_idx.movie_id = t.id)
              ->  Seq Scan on movie_info_idx mi_idx  (cost=0.00..21735.35 rows=1380035 width=4) (actual time=0.022..347.037 rows=1380035 loops=1)
              ->  Hash  (cost=67604.59..67604.59 rows=987727 width=4) (actual time=1327.825..1327.825 rows=985048 loops=1)
                    Buckets: 131072  Batches: 16  Memory Usage: 3188kB
                    ->  Seq Scan on title t  (cost=0.00..67604.59 rows=987727 width=4) (actual time=0.032..1023.660 rows=985048 loops=1)
                          Filter: (kind_id < 7)
                          Rows Removed by Filter: 1543264
Planning time: 1.191 ms
Execution time: 27821.086 ms
