Hash Join  (cost=68449.54..125816.19 rows=39678 width=0) (actual time=906.672..1536.901 rows=37350 loops=1)
  Hash Cond: (mc.movie_id = t.id)
  ->  Seq Scan on movie_companies mc  (cost=0.00..51404.11 rows=1484202 width=4) (actual time=0.021..418.354 rows=1473647 loops=1)
        Filter: (company_id < 13456)
        Rows Removed by Filter: 1135482
  ->  Hash  (cost=67604.59..67604.59 rows=67596 width=4) (actual time=905.973..905.973 rows=67777 loops=1)
        Buckets: 131072  Batches: 1  Memory Usage: 3407kB
        ->  Seq Scan on title t  (cost=0.00..67604.59 rows=67596 width=4) (actual time=0.015..877.742 rows=67777 loops=1)
              Filter: (production_year = 2003)
              Rows Removed by Filter: 2460535
Planning time: 0.693 ms
Execution time: 1540.438 ms
