Hash Join  (cost=197248.81..1153822.94 rows=938998 width=0) (actual time=3452.420..27510.110 rows=6041375 loops=1)
  Hash Cond: (ci.movie_id = t.id)
  ->  Seq Scan on cast_info ci  (cost=0.00..796071.18 rows=11732391 width=4) (actual time=0.024..15146.617 rows=18242239 loops=1)
        Filter: ((person_id > 1786738) AND (role_id > 1))
        Rows Removed by Filter: 18002105
  ->  Hash  (cost=193928.19..193928.19 rows=202370 width=8) (actual time=3451.396..3451.396 rows=183280 loops=1)
        Buckets: 131072  Batches: 4  Memory Usage: 2773kB
        ->  Hash Join  (cost=69460.45..193928.19 rows=202370 width=8) (actual time=951.771..3393.579 rows=183280 loops=1)
              Hash Cond: (mk.movie_id = t.id)
              ->  Seq Scan on movie_keyword mk  (cost=0.00..69693.30 rows=4523930 width=4) (actual time=0.014..1101.648 rows=4523930 loops=1)
              ->  Hash  (cost=67604.59..67604.59 rows=113109 width=4) (actual time=950.578..950.578 rows=119565 loops=1)
                    Buckets: 131072  Batches: 2  Memory Usage: 3121kB
                    ->  Seq Scan on title t  (cost=0.00..67604.59 rows=113109 width=4) (actual time=0.014..904.957 rows=119565 loops=1)
                          Filter: (production_year = 2007)
                          Rows Removed by Filter: 2408747
Planning time: 1.138 ms
Execution time: 28242.740 ms
