Hash Join  (cost=83074.74..447745.01 rows=1434 width=0) (actual time=1153.708..7503.984 rows=5187 loops=1)
  Hash Cond: (mi.movie_id = t.id)
  ->  Seq Scan on movie_info mi  (cost=0.00..309384.22 rows=14739122 width=4) (actual time=0.023..3619.951 rows=14835720 loops=1)
  ->  Hash  (cost=83071.67..83071.67 rows=246 width=8) (actual time=1151.116..1151.116 rows=59 loops=1)
        Buckets: 1024  Batches: 1  Memory Usage: 11kB
        ->  Nested Loop  (cost=0.43..83071.67 rows=246 width=8) (actual time=47.107..1151.013 rows=59 loops=1)
              ->  Seq Scan on movie_keyword mk  (cost=0.00..81003.12 rows=246 width=4) (actual time=47.003..1144.865 rows=59 loops=1)
                    Filter: (keyword_id = 11659)
                    Rows Removed by Filter: 4523871
              ->  Index Only Scan using title_pkey on title t  (cost=0.43..8.40 rows=1 width=4) (actual time=0.098..0.099 rows=1 loops=59)
                    Index Cond: (id = mk.movie_id)
                    Heap Fetches: 59
Planning time: 1.132 ms
Execution time: 7505.123 ms
