Hash Join  (cost=134422.38..499157.53 rows=7922 width=0) (actual time=2123.884..8582.482 rows=19501 loops=1)
  Hash Cond: (mi.movie_id = t.id)
  ->  Seq Scan on movie_info mi  (cost=0.00..309384.22 rows=14739122 width=4) (actual time=0.013..3634.243 rows=14835720 loops=1)
  ->  Hash  (cost=134405.40..134405.40 rows=1359 width=8) (actual time=2100.091..2100.091 rows=2200 loops=1)
        Buckets: 4096 (originally 2048)  Batches: 1 (originally 1)  Memory Usage: 118kB
        ->  Hash Join  (cost=73990.99..134405.40 rows=1359 width=8) (actual time=1189.834..2099.105 rows=2200 loops=1)
              Hash Cond: (mc.movie_id = t.id)
              ->  Seq Scan on movie_companies mc  (cost=0.00..57926.93 rows=659701 width=4) (actual time=159.740..904.389 rows=908378 loops=1)
                    Filter: ((company_id > 11319) AND (company_type_id = 2))
                    Rows Removed by Filter: 1700751
              ->  Hash  (cost=73925.90..73925.90 rows=5207 width=4) (actual time=1029.919..1029.919 rows=9442 loops=1)
                    Buckets: 16384 (originally 8192)  Batches: 1 (originally 1)  Memory Usage: 460kB
                    ->  Seq Scan on title t  (cost=0.00..73925.90 rows=5207 width=4) (actual time=0.044..1024.779 rows=9442 loops=1)
                          Filter: ((kind_id > 2) AND (production_year = 1969))
                          Rows Removed by Filter: 2518870
Planning time: 8.676 ms
Execution time: 8586.051 ms
