Hash Join  (cost=102767.86..928726.90 rows=831499 width=0) (actual time=6778.843..14151.121 rows=1649724 loops=1)
  Hash Cond: (ci.movie_id = t.id)
  ->  Seq Scan on cast_info ci  (cost=0.00..796071.18 rows=831499 width=4) (actual time=4987.956..10641.738 rows=1649724 loops=1)
        Filter: ((person_id < 224646) AND (role_id < 2))
        Rows Removed by Filter: 34594620
  ->  Hash  (cost=61283.27..61283.27 rows=2528527 width=4) (actual time=1789.633..1789.633 rows=2528312 loops=1)
        Buckets: 131072  Batches: 64  Memory Usage: 2415kB
        ->  Seq Scan on title t  (cost=0.00..61283.27 rows=2528527 width=4) (actual time=0.036..950.510 rows=2528312 loops=1)
Planning time: 0.694 ms
Execution time: 14344.330 ms
