Nested Loop  (cost=0.43..58358.27 rows=51 width=0) (actual time=465.143..717.464 rows=9 loops=1)
  ->  Seq Scan on movie_companies mc  (cost=0.00..57926.93 rows=51 width=4) (actual time=465.059..716.992 rows=9 loops=1)
        Filter: ((company_id = 14185) AND (company_type_id = 1))
        Rows Removed by Filter: 2609120
  ->  Index Only Scan using title_pkey on title t  (cost=0.43..8.45 rows=1 width=4) (actual time=0.045..0.046 rows=1 loops=9)
        Index Cond: (id = mc.movie_id)
        Heap Fetches: 9
Planning time: 0.709 ms
Execution time: 717.546 ms
