Seq Scan on movie_keyword mk  (cost=0.00..81003.12 rows=3799477 width=0) (actual time=0.025..1142.690 rows=3794393 loops=1)
  Filter: (keyword_id < 25722)
  Rows Removed by Filter: 729537
Planning time: 0.303 ms
Execution time: 1542.692 ms
