Seq Scan on movie_keyword mk  (cost=0.00..81003.12 rows=1587707 width=0) (actual time=0.033..1368.989 rows=1601190 loops=1)
  Filter: (keyword_id > 9557)
  Rows Removed by Filter: 2922740
Planning time: 2.368 ms
Execution time: 1569.297 ms
