Seq Scan on movie_companies mc  (cost=0.00..51404.11 rows=840707 width=0) (actual time=0.034..928.558 rows=850312 loops=1)
  Filter: (company_id > 25201)
  Rows Removed by Filter: 1758817
Planning time: 0.289 ms
Execution time: 1033.078 ms
