Seq Scan on movie_companies mc  (cost=0.00..51404.11 rows=2435 width=0) (actual time=382.848..844.817 rows=2228 loops=1)
  Filter: (company_id = 6158)
  Rows Removed by Filter: 2606901
Planning time: 0.385 ms
Execution time: 845.203 ms
