Hash Join  (cost=224819.02..760130.20 rows=5201923 width=0) (actual time=5725.226..50811.656 rows=157102252 loops=1)
  Hash Cond: (mi.movie_id = t.id)
  ->  Seq Scan on movie_info mi  (cost=0.00..309384.22 rows=14739122 width=4) (actual time=0.021..5434.448 rows=14835720 loops=1)
  ->  Hash  (cost=210178.01..210178.01 rows=892401 width=8) (actual time=5578.042..5578.042 rows=2177512 loops=1)
        Buckets: 131072 (originally 131072)  Batches: 32 (originally 16)  Memory Usage: 3754kB
        ->  Hash Join  (cost=78556.72..210178.01 rows=892401 width=8) (actual time=1563.006..4885.881 rows=2177512 loops=1)
              Hash Cond: (mk.movie_id = t.id)
              ->  Seq Scan on movie_keyword mk  (cost=0.00..81003.12 rows=3380307 width=4) (actual time=0.021..1496.575 rows=3370315 loops=1)
                    Filter: (keyword_id < 16158)
                    Rows Removed by Filter: 1153615
              ->  Hash  (cost=67604.59..67604.59 rows=667531 width=4) (actual time=1154.458..1154.458 rows=662825 loops=1)
                    Buckets: 131072  Batches: 16  Memory Usage: 2486kB
                    ->  Seq Scan on title t  (cost=0.00..67604.59 rows=667531 width=4) (actual time=35.553..953.527 rows=662825 loops=1)
                          Filter: (kind_id < 2)
                          Rows Removed by Filter: 1865487
Planning time: 1.103 ms
Execution time: 67306.602 ms
