Hash Join  (cost=892240.59..1017360.88 rows=255926 width=0) (actual time=16554.114..17695.971 rows=119030 loops=1)
  Hash Cond: (mk.movie_id = t.id)
  ->  Seq Scan on movie_keyword mk  (cost=0.00..69693.30 rows=4523930 width=4) (actual time=0.019..1252.830 rows=4523930 loops=1)
  ->  Hash  (cost=889893.55..889893.55 rows=143043 width=8) (actual time=15038.641..15038.641 rows=117424 loops=1)
        Buckets: 131072  Batches: 2  Memory Usage: 3316kB
        ->  Hash Join  (cost=81821.64..889893.55 rows=143043 width=8) (actual time=12402.269..14996.805 rows=117424 loops=1)
              Hash Cond: (ci.movie_id = t.id)
              ->  Seq Scan on cast_info ci  (cost=0.00..796071.18 rows=751546 width=4) (actual time=11249.265..13332.706 rows=824617 loops=1)
                    Filter: ((person_id > 557830) AND (role_id = 5))
                    Rows Removed by Filter: 35419727
              ->  Hash  (cost=73925.90..73925.90 rows=481259 width=4) (actual time=1151.945..1151.945 rows=518327 loops=1)
                    Buckets: 131072  Batches: 8  Memory Usage: 3301kB
                    ->  Seq Scan on title t  (cost=0.00..73925.90 rows=481259 width=4) (actual time=12.486..989.553 rows=518327 loops=1)
                          Filter: ((production_year > 2007) AND (kind_id = 7))
                          Rows Removed by Filter: 2009985
Planning time: 1.150 ms
Execution time: 17711.514 ms
