Hash Join  (cost=73990.12..135008.42 rows=1666 width=0) (actual time=1130.759..2045.611 rows=800 loops=1)
  Hash Cond: (mc.movie_id = t.id)
  ->  Seq Scan on movie_companies mc  (cost=0.00..57926.93 rows=819923 width=4) (actual time=61.038..1027.206 rows=613969 loops=1)
        Filter: ((company_id > 3421) AND (company_type_id < 2))
        Rows Removed by Filter: 1995160
  ->  Hash  (cost=73925.90..73925.90 rows=5137 width=4) (actual time=918.281..918.281 rows=3640 loops=1)
        Buckets: 8192  Batches: 1  Memory Usage: 192kB
        ->  Seq Scan on title t  (cost=0.00..73925.90 rows=5137 width=4) (actual time=0.032..916.592 rows=3640 loops=1)
              Filter: ((kind_id = 3) AND (production_year = 2008))
              Rows Removed by Filter: 2524672
Planning time: 4.314 ms
Execution time: 2045.908 ms
