Seq Scan on movie_companies mc  (cost=0.00..57926.93 rows=762196 width=0) (actual time=9.293..423.911 rows=981328 loops=1)
  Filter: ((company_id > 7754) AND (company_type_id = 2))
  Rows Removed by Filter: 1627801
Planning time: 0.254 ms
Execution time: 491.907 ms
