Hash Join  (cost=190230.21..1188768.92 rows=9223649 width=0) (actual time=7568.159..32364.575 rows=18590182 loops=1)
  Hash Cond: (ci.movie_id = t.id)
  ->  Seq Scan on cast_info ci  (cost=0.00..705507.15 rows=16899750 width=4) (actual time=3399.141..12272.542 rows=17011565 loops=1)
        Filter: (person_id > 1921879)
        Rows Removed by Filter: 19232779
  ->  Hash  (cost=167588.78..167588.78 rows=1380035 width=8) (actual time=4167.830..4167.830 rows=1380035 loops=1)
        Buckets: 131072  Batches: 32  Memory Usage: 2708kB
        ->  Hash Join  (cost=102767.86..167588.78 rows=1380035 width=8) (actual time=1815.676..3785.995 rows=1380035 loops=1)
              Hash Cond: (mi_idx.movie_id = t.id)
              ->  Seq Scan on movie_info_idx mi_idx  (cost=0.00..21735.35 rows=1380035 width=4) (actual time=0.016..511.575 rows=1380035 loops=1)
              ->  Hash  (cost=61283.27..61283.27 rows=2528527 width=4) (actual time=1814.072..1814.072 rows=2528312 loops=1)
                    Buckets: 131072  Batches: 64  Memory Usage: 2415kB
                    ->  Seq Scan on title t  (cost=0.00..61283.27 rows=2528527 width=4) (actual time=0.018..995.744 rows=2528312 loops=1)
Planning time: 1.201 ms
Execution time: 34431.463 ms
