Seq Scan on movie_keyword mk  (cost=0.00..81003.12 rows=2736477 width=0) (actual time=0.034..1428.743 rows=2724900 loops=1)
  Filter: (keyword_id > 2906)
  Rows Removed by Filter: 1799030
Planning time: 0.310 ms
Execution time: 1755.907 ms
