Hash Join  (cost=114811.45..201205.71 rows=28771 width=0) (actual time=2004.532..3342.681 rows=16740 loops=1)
  Hash Cond: (mk.movie_id = t.id)
  ->  Seq Scan on movie_keyword mk  (cost=0.00..81003.12 rows=1360915 width=4) (actual time=0.016..1203.048 rows=1375449 loops=1)
        Filter: (keyword_id < 1821)
        Rows Removed by Filter: 3148481
  ->  Hash  (cost=114143.25..114143.25 rows=53456 width=8) (actual time=1907.691..1907.691 rows=24084 loops=1)
        Buckets: 65536  Batches: 1  Memory Usage: 1453kB
        ->  Hash Join  (cost=75533.21..114143.25 rows=53456 width=8) (actual time=1448.257..1899.409 rows=24084 loops=1)
              Hash Cond: (mi_idx.movie_id = t.id)
              ->  Seq Scan on movie_info_idx mi_idx  (cost=0.00..21735.35 rows=1380035 width=4) (actual time=0.027..387.960 rows=1380035 loops=1)
              ->  Hash  (cost=73925.90..73925.90 rows=97944 width=4) (actual time=1051.286..1051.286 rows=106247 loops=1)
                    Buckets: 131072  Batches: 2  Memory Usage: 2890kB
                    ->  Seq Scan on title t  (cost=0.00..73925.90 rows=97944 width=4) (actual time=0.027..1013.808 rows=106247 loops=1)
                          Filter: ((kind_id = 7) AND (production_year = 2011))
                          Rows Removed by Filter: 2422065
Planning time: 1.026 ms
Execution time: 3345.315 ms
