Nested Loop  (cost=0.43..798788.22 rows=197 width=0) (actual time=3139.774..14195.441 rows=27 loops=1)
  ->  Seq Scan on cast_info ci  (cost=0.00..796071.18 rows=324 width=4) (actual time=3139.552..14192.100 rows=30 loops=1)
        Filter: ((role_id > 1) AND (person_id = 1944100))
        Rows Removed by Filter: 36244314
  ->  Index Scan using title_pkey on title t  (cost=0.43..8.38 rows=1 width=4) (actual time=0.109..0.110 rows=1 loops=30)
        Index Cond: (id = ci.movie_id)
        Filter: (kind_id = 7)
        Rows Removed by Filter: 0
Planning time: 1.049 ms
Execution time: 14195.549 ms
