Hash Join  (cost=73962.22..128657.72 rows=2998 width=0) (actual time=957.662..2009.606 rows=8419 loops=1)
  Hash Cond: (mc.movie_id = t.id)
  ->  Seq Scan on movie_companies mc  (cost=0.00..44881.29 rows=2609129 width=4) (actual time=0.019..577.167 rows=2609129 loops=1)
  ->  Hash  (cost=73925.90..73925.90 rows=2905 width=4) (actual time=957.480..957.480 rows=4390 loops=1)
        Buckets: 8192 (originally 4096)  Batches: 1 (originally 1)  Memory Usage: 219kB
        ->  Seq Scan on title t  (cost=0.00..73925.90 rows=2905 width=4) (actual time=0.070..955.276 rows=4390 loops=1)
              Filter: ((kind_id < 7) AND (production_year = 1962))
              Rows Removed by Filter: 2523922
Planning time: 0.702 ms
Execution time: 2011.251 ms
