Hash Join  (cost=157428.71..910707.01 rows=248913 width=0) (actual time=852.131..14840.617 rows=15541 loops=1)
  Hash Cond: (ci.movie_id = t.id)
  ->  Seq Scan on cast_info ci  (cost=0.00..614943.12 rows=36225612 width=4) (actual time=0.019..7259.198 rows=36244344 loops=1)
  ->  Hash  (cost=157211.54..157211.54 rows=17374 width=8) (actual time=845.785..845.785 rows=619 loops=1)
        Buckets: 32768  Batches: 1  Memory Usage: 281kB
        ->  Nested Loop  (cost=0.43..157211.54 rows=17374 width=8) (actual time=1.829..845.359 rows=619 loops=1)
              ->  Seq Scan on movie_companies mc  (cost=0.00..57926.93 rows=17374 width=4) (actual time=1.781..827.070 rows=619 loops=1)
                    Filter: ((company_type_id > 1) AND (company_id = 160))
                    Rows Removed by Filter: 2608510
              ->  Index Only Scan using title_pkey on title t  (cost=0.43..5.70 rows=1 width=4) (actual time=0.028..0.028 rows=1 loops=619)
                    Index Cond: (id = mc.movie_id)
                    Heap Fetches: 619
Planning time: 1.240 ms
Execution time: 14844.918 ms
