Hash Join  (cost=570065.94..1910692.19 rows=7827804 width=0) (actual time=11580.177..42381.506 rows=8436761 loops=1)
  Hash Cond: (ci.movie_id = t.id)
  ->  Seq Scan on cast_info ci  (cost=0.00..614943.12 rows=36225612 width=4) (actual time=0.021..11607.609 rows=36244344 loops=1)
  ->  Hash  (cost=561101.24..561101.24 rows=546376 width=8) (actual time=11579.278..11579.278 rows=327587 loops=1)
        Buckets: 131072  Batches: 8  Memory Usage: 2577kB
        ->  Hash Join  (cost=75464.55..561101.24 rows=546376 width=8) (actual time=1155.606..11461.695 rows=327587 loops=1)
              Hash Cond: (mi.movie_id = t.id)
              ->  Seq Scan on movie_info mi  (cost=0.00..309384.22 rows=14739122 width=4) (actual time=0.028..5191.513 rows=14835720 loops=1)
              ->  Hash  (cost=73925.90..73925.90 rows=93732 width=4) (actual time=1154.805..1154.805 rows=100592 loops=1)
                    Buckets: 131072  Batches: 2  Memory Usage: 2797kB
                    ->  Seq Scan on title t  (cost=0.00..73925.90 rows=93732 width=4) (actual time=0.026..1115.096 rows=100592 loops=1)
                          Filter: ((kind_id > 1) AND (production_year = 2009))
                          Rows Removed by Filter: 2427720
Planning time: 1.192 ms
Execution time: 43334.300 ms
