Hash Join  (cost=102767.86..301836.49 rows=4496093 width=0) (actual time=1834.321..7840.810 rows=4499233 loops=1)
  Hash Cond: (mk.movie_id = t.id)
  ->  Seq Scan on movie_keyword mk  (cost=0.00..81003.12 rows=4496093 width=4) (actual time=0.018..1745.540 rows=4499233 loops=1)
        Filter: (keyword_id > 15)
        Rows Removed by Filter: 24697
  ->  Hash  (cost=61283.27..61283.27 rows=2528527 width=4) (actual time=1833.259..1833.259 rows=2528312 loops=1)
        Buckets: 131072  Batches: 64  Memory Usage: 2425kB
        ->  Seq Scan on title t  (cost=0.00..61283.27 rows=2528527 width=4) (actual time=0.023..962.592 rows=2528312 loops=1)
Planning time: 0.723 ms
Execution time: 8336.664 ms
