Seq Scan on movie_keyword mk  (cost=0.00..81003.12 rows=4498045 width=0) (actual time=0.025..1371.213 rows=4499769 loops=1)
  Filter: (keyword_id > 11)
  Rows Removed by Filter: 24161
Planning time: 14.761 ms
Execution time: 1935.684 ms
