Hash Join  (cost=102767.86..171790.73 rows=50581 width=0) (actual time=2349.237..3361.694 rows=100034 loops=1)
  Hash Cond: (mc.movie_id = t.id)
  ->  Seq Scan on movie_companies mc  (cost=0.00..57926.93 rows=50581 width=4) (actual time=353.043..891.947 rows=100034 loops=1)
        Filter: ((company_id > 157495) AND (company_type_id > 1))
        Rows Removed by Filter: 2509095
  ->  Hash  (cost=61283.27..61283.27 rows=2528527 width=4) (actual time=1995.183..1995.183 rows=2528312 loops=1)
        Buckets: 131072  Batches: 64  Memory Usage: 2415kB
        ->  Seq Scan on title t  (cost=0.00..61283.27 rows=2528527 width=4) (actual time=0.033..1157.490 rows=2528312 loops=1)
Planning time: 0.790 ms
Execution time: 3373.411 ms
