Hash Join  (cost=248510.77..1050394.37 rows=3456615 width=0) (actual time=7294.447..22630.798 rows=7566155 loops=1)
  Hash Cond: (ci.movie_id = t.id)
  ->  Seq Scan on cast_info ci  (cost=0.00..705507.15 rows=4187861 width=4) (actual time=541.784..10474.480 rows=4059340 loops=1)
        Filter: (person_id < 389554)
        Rows Removed by Filter: 32185004
  ->  Hash  (cost=214270.03..214270.03 rows=2087019 width=8) (actual time=6722.402..6722.402 rows=2082523 loops=1)
        Buckets: 131072  Batches: 32  Memory Usage: 3529kB
        ->  Hash Join  (cost=102767.86..214270.03 rows=2087019 width=8) (actual time=1721.540..5385.404 rows=2082523 loops=1)
              Hash Cond: (mc.movie_id = t.id)
              ->  Seq Scan on movie_companies mc  (cost=0.00..51404.11 rows=2087019 width=4) (actual time=0.038..1082.091 rows=2082523 loops=1)
                    Filter: (company_id < 72933)
                    Rows Removed by Filter: 526606
              ->  Hash  (cost=61283.27..61283.27 rows=2528527 width=4) (actual time=1719.235..1719.235 rows=2528312 loops=1)
                    Buckets: 131072  Batches: 64  Memory Usage: 2415kB
                    ->  Seq Scan on title t  (cost=0.00..61283.27 rows=2528527 width=4) (actual time=0.012..874.545 rows=2528312 loops=1)
Planning time: 1.101 ms
Execution time: 23485.620 ms
