Hash Join  (cost=129400.53..880606.60 rows=41691 width=0) (actual time=2205.355..18004.687 rows=138636 loops=1)
  Hash Cond: (ci.movie_id = t.id)
  ->  Seq Scan on cast_info ci  (cost=0.00..614943.12 rows=36225612 width=4) (actual time=0.018..7616.257 rows=36244344 loops=1)
  ->  Hash  (cost=129364.15..129364.15 rows=2910 width=8) (actual time=2205.220..2205.220 rows=6561 loops=1)
        Buckets: 8192 (originally 4096)  Batches: 1 (originally 1)  Memory Usage: 321kB
        ->  Hash Join  (cost=67697.55..129364.15 rows=2910 width=8) (actual time=1013.203..2202.174 rows=6561 loops=1)
              Hash Cond: (mc.movie_id = t.id)
              ->  Seq Scan on movie_companies mc  (cost=0.00..57926.93 rows=989485 width=4) (actual time=0.026..955.870 rows=1148146 loops=1)
                    Filter: ((company_id > 969) AND (company_type_id = 2))
                    Rows Removed by Filter: 1460983
              ->  Hash  (cost=67604.59..67604.59 rows=7437 width=4) (actual time=1013.102..1013.102 rows=14284 loops=1)
                    Buckets: 16384 (originally 8192)  Batches: 1 (originally 1)  Memory Usage: 631kB
                    ->  Seq Scan on title t  (cost=0.00..67604.59 rows=7437 width=4) (actual time=0.102..1006.388 rows=14284 loops=1)
                          Filter: (production_year = 1973)
                          Rows Removed by Filter: 2514028
Planning time: 1.170 ms
Execution time: 18029.127 ms
