Hash Join  (cost=158297.25..185390.54 rows=18281 width=0) (actual time=2821.225..3341.740 rows=22863 loops=1)
  Hash Cond: (mi_idx.movie_id = t.id)
  ->  Seq Scan on movie_info_idx mi_idx  (cost=0.00..21735.35 rows=1380035 width=4) (actual time=0.017..271.812 rows=1380035 loops=1)
  ->  Hash  (cost=157878.56..157878.56 rows=33495 width=8) (actual time=2768.855..2768.855 rows=15522 loops=1)
        Buckets: 65536  Batches: 1  Memory Usage: 1119kB
        ->  Hash Join  (cost=71408.55..157878.56 rows=33495 width=8) (actual time=1392.944..2763.552 rows=15522 loops=1)
              Hash Cond: (mk.movie_id = t.id)
              ->  Seq Scan on movie_keyword mk  (cost=0.00..81003.12 rows=365316 width=4) (actual time=0.017..1193.514 rows=362606 loops=1)
                    Filter: (keyword_id > 46123)
                    Rows Removed by Filter: 4161324
              ->  Hash  (cost=67604.59..67604.59 rows=231837 width=4) (actual time=1391.339..1391.339 rows=231649 loops=1)
                    Buckets: 131072  Batches: 4  Memory Usage: 3082kB
                    ->  Seq Scan on title t  (cost=0.00..67604.59 rows=231837 width=4) (actual time=0.016..1014.833 rows=231649 loops=1)
                          Filter: (production_year > 2011)
                          Rows Removed by Filter: 2296663
Planning time: 0.758 ms
Execution time: 3345.345 ms
