Hash Join  (cost=156174.27..521287.30 rows=58527 width=0) (actual time=6110.971..8501.896 rows=87167 loops=1)
  Hash Cond: (mi.movie_id = t.id)
  ->  Seq Scan on movie_info mi  (cost=0.00..346232.03 rows=1550064 width=4) (actual time=3300.688..5151.963 rows=1533909 loops=1)
        Filter: (info_type_id = 3)
        Rows Removed by Filter: 13301811
  ->  Hash  (cost=154607.88..154607.88 rows=95471 width=8) (actual time=2809.323..2809.323 rows=65354 loops=1)
        Buckets: 131072  Batches: 2  Memory Usage: 2308kB
        ->  Hash Join  (cost=89095.13..154607.88 rows=95471 width=8) (actual time=1528.495..2789.465 rows=65354 loops=1)
              Hash Cond: (mc.movie_id = t.id)
              ->  Seq Scan on movie_companies mc  (cost=0.00..57926.93 rows=261094 width=4) (actual time=0.047..830.996 rows=136954 loops=1)
                    Filter: ((company_id < 474) AND (company_type_id > 1))
                    Rows Removed by Filter: 2472175
              ->  Hash  (cost=73925.90..73925.90 rows=924578 width=4) (actual time=1527.353..1527.353 rows=884881 loops=1)
                    Buckets: 131072  Batches: 16  Memory Usage: 2969kB
                    ->  Seq Scan on title t  (cost=0.00..73925.90 rows=924578 width=4) (actual time=0.026..1251.663 rows=884881 loops=1)
                          Filter: ((kind_id < 7) AND (production_year > 1921))
                          Rows Removed by Filter: 1643431
Planning time: 5.135 ms
Execution time: 8512.844 ms
