Seq Scan on movie_keyword mk  (cost=0.00..81003.12 rows=3997001 width=0) (actual time=0.024..3932.313 rows=4007119 loops=1)
  Filter: (keyword_id < 35049)
  Rows Removed by Filter: 516811
Planning time: 0.296 ms
Execution time: 4558.972 ms
