Seq Scan on movie_keyword mk  (cost=0.00..81003.12 rows=3937452 width=12) (actual time=0.021..1858.626 rows=3931052 loops=1)
  Filter: (keyword_id > 430)
  Rows Removed by Filter: 592878
Planning time: 0.353 ms
Execution time: 2082.007 ms
