Hash Join  (cost=180582.28..967405.23 rows=1596838 width=219) (actual time=4164.558..23694.987 rows=1210632 loops=1)
  Hash Cond: (mi.movie_id = t.id)
  ->  Seq Scan on movie_info mi  (cost=0.00..346232.03 rows=14373737 width=75) (actual time=0.011..8781.902 rows=14407069 loops=1)
        Filter: (info_type_id < 105)
        Rows Removed by Filter: 428651
  ->  Hash  (cost=171309.96..171309.96 rows=280905 width=144) (actual time=4163.970..4163.970 rows=141906 loops=1)
        Buckets: 32768  Batches: 16  Memory Usage: 1570kB
        ->  Hash Join  (cost=109435.59..171309.96 rows=280905 width=144) (actual time=2768.967..4063.781 rows=141906 loops=1)
              Hash Cond: (mi_idx.movie_id = t.id)
              ->  Seq Scan on movie_info_idx mi_idx  (cost=0.00..25185.44 rows=460978 width=50) (actual time=0.022..552.929 rows=459925 loops=1)
                    Filter: (info_type_id = 99)
                    Rows Removed by Filter: 920110
              ->  Hash  (cost=67604.59..67604.59 rows=1540800 width=94) (actual time=2768.214..2768.214 rows=1543264 loops=1)
                    Buckets: 32768  Batches: 64  Memory Usage: 3011kB
                    ->  Seq Scan on title t  (cost=0.00..67604.59 rows=1540800 width=94) (actual time=134.547..1424.354 rows=1543264 loops=1)
                          Filter: (kind_id = 7)
                          Rows Removed by Filter: 985048
Planning time: 1.472 ms
Execution time: 23764.728 ms
