Seq Scan on movie_keyword mk  (cost=0.00..81003.12 rows=1332067 width=0) (actual time=0.018..1350.252 rows=1346266 loops=1)
  Filter: (keyword_id > 12665)
  Rows Removed by Filter: 3177664
Planning time: 0.324 ms
Execution time: 1512.406 ms
