Hash Join  (cost=108425.96..169578.11 rows=51045 width=0) (actual time=2078.017..3698.042 rows=153941 loops=1)
  Hash Cond: (mc.movie_id = t.id)
  ->  Seq Scan on movie_companies mc  (cost=0.00..51404.11 rows=2463358 width=4) (actual time=0.028..1014.698 rows=2464522 loops=1)
        Filter: (company_id < 134371)
        Rows Removed by Filter: 144607
  ->  Hash  (cost=107771.02..107771.02 rows=52395 width=8) (actual time=2077.541..2077.541 rows=57870 loops=1)
        Buckets: 65536  Batches: 1  Memory Usage: 2773kB
        ->  Hash Join  (cost=69179.59..107771.02 rows=52395 width=8) (actual time=1073.258..2051.312 rows=57870 loops=1)
              Hash Cond: (mi_idx.movie_id = t.id)
              ->  Seq Scan on movie_info_idx mi_idx  (cost=0.00..21735.35 rows=1380035 width=4) (actual time=0.023..475.385 rows=1380035 loops=1)
              ->  Hash  (cost=67604.59..67604.59 rows=96000 width=4) (actual time=1071.980..1071.980 rows=95005 loops=1)
                    Buckets: 131072  Batches: 2  Memory Usage: 2716kB
                    ->  Seq Scan on title t  (cost=0.00..67604.59 rows=96000 width=4) (actual time=0.023..1031.711 rows=95005 loops=1)
                          Filter: (production_year = 2005)
                          Rows Removed by Filter: 2433307
Planning time: 1.141 ms
Execution time: 3720.156 ms
