Seq Scan on cast_info ci  (cost=0.00..705507.15 rows=20141643 width=0) (actual time=12.377..12525.995 rows=20263896 loops=1)
  Filter: (person_id > 1579762)
  Rows Removed by Filter: 15980448
Planning time: 0.298 ms
Execution time: 14978.183 ms
