Hash Join  (cost=160605.14..1069874.83 rows=6436 width=0) (actual time=4011.627..23170.915 rows=18 loops=1)
  Hash Cond: (ci.movie_id = t.id)
  ->  Seq Scan on cast_info ci  (cost=0.00..796071.18 rows=22626833 width=4) (actual time=0.021..16904.420 rows=25569138 loops=1)
        Filter: ((person_id < 2909138) AND (role_id < 8))
        Rows Removed by Filter: 10675206
  ->  Hash  (cost=160596.16..160596.16 rows=719 width=8) (actual time=2780.315..2780.315 rows=1 loops=1)
        Buckets: 1024  Batches: 1  Memory Usage: 9kB
        ->  Hash Join  (cost=73930.93..160596.16 rows=719 width=8) (actual time=2724.042..2780.300 rows=1 loops=1)
              Hash Cond: (mk.movie_id = t.id)
              ->  Seq Scan on movie_keyword mk  (cost=0.00..69693.30 rows=4523930 width=4) (actual time=0.026..1044.542 rows=4523930 loops=1)
              ->  Hash  (cost=73925.90..73925.90 rows=402 width=4) (actual time=965.236..965.236 rows=137 loops=1)
                    Buckets: 1024  Batches: 1  Memory Usage: 13kB
                    ->  Seq Scan on title t  (cost=0.00..73925.90 rows=402 width=4) (actual time=2.188..965.068 rows=137 loops=1)
                          Filter: ((production_year > 2013) AND (kind_id = 7))
                          Rows Removed by Filter: 2528175
Planning time: 1.136 ms
Execution time: 23171.032 ms
