Hash Join  (cost=194952.14..561662.88 rows=74081 width=0) (actual time=4162.527..10696.234 rows=333116 loops=1)
  Hash Cond: (mi.movie_id = t.id)
  ->  Seq Scan on movie_info mi  (cost=0.00..346232.03 rows=5263441 width=4) (actual time=460.221..5726.606 rows=5270569 loops=1)
        Filter: (info_type_id > 15)
        Rows Removed by Filter: 9565151
  ->  Hash  (cost=194507.29..194507.29 rows=35588 width=8) (actual time=3632.641..3632.641 rows=34710 loops=1)
        Buckets: 65536  Batches: 1  Memory Usage: 1868kB
        ->  Hash Join  (cost=102767.86..194507.29 rows=35588 width=8) (actual time=1979.950..3618.725 rows=34710 loops=1)
              Hash Cond: (mk.movie_id = t.id)
              ->  Seq Scan on movie_keyword mk  (cost=0.00..81003.12 rows=35588 width=4) (actual time=0.102..1224.522 rows=34710 loops=1)
                    Filter: (keyword_id = 2488)
                    Rows Removed by Filter: 4489220
              ->  Hash  (cost=61283.27..61283.27 rows=2528527 width=4) (actual time=1976.514..1976.514 rows=2528312 loops=1)
                    Buckets: 131072  Batches: 64  Memory Usage: 2425kB
                    ->  Seq Scan on title t  (cost=0.00..61283.27 rows=2528527 width=4) (actual time=0.019..1090.954 rows=2528312 loops=1)
Planning time: 1.154 ms
Execution time: 10741.591 ms
