Hash Join  (cost=101489.21..531823.92 rows=2960090 width=0) (actual time=4818.473..10609.093 rows=3064065 loops=1)
  Hash Cond: (mi.movie_id = t.id)
  ->  Seq Scan on movie_info mi  (cost=0.00..346232.03 rows=3623957 width=4) (actual time=2814.115..5375.302 rows=3624977 loops=1)
        Filter: (info_type_id < 4)
        Rows Removed by Filter: 11210743
  ->  Hash  (cost=67604.59..67604.59 rows=2065330 width=4) (actual time=2003.351..2003.351 rows=2064552 loops=1)
        Buckets: 131072  Batches: 32  Memory Usage: 3298kB
        ->  Seq Scan on title t  (cost=0.00..67604.59 rows=2065330 width=4) (actual time=0.028..1312.254 rows=2064552 loops=1)
              Filter: (production_year < 2011)
              Rows Removed by Filter: 463760
Planning time: 0.794 ms
Execution time: 10931.118 ms
