Hash Join  (cost=82423.69..186017.78 rows=449894 width=0) (actual time=1553.063..3851.894 rows=287229 loops=1)
  Hash Cond: (mk.movie_id = t.id)
  ->  Seq Scan on movie_keyword mk  (cost=0.00..81003.12 rows=1259475 width=4) (actual time=0.024..1494.695 rows=1271637 loops=1)
        Filter: (keyword_id < 1633)
        Rows Removed by Filter: 3252293
  ->  Hash  (cost=67604.59..67604.59 rows=903208 width=4) (actual time=1552.383..1552.383 rows=904491 loops=1)
        Buckets: 131072  Batches: 16  Memory Usage: 3017kB
        ->  Seq Scan on title t  (cost=0.00..67604.59 rows=903208 width=4) (actual time=0.027..1250.730 rows=904491 loops=1)
              Filter: (production_year > 2006)
              Rows Removed by Filter: 1623821
Planning time: 0.729 ms
Execution time: 3886.897 ms
