Hash Join  (cost=225270.24..1217356.91 rows=6568598 width=0) (actual time=6068.425..36609.569 rows=22292203 loops=1)
  Hash Cond: (ci.movie_id = t.id)
  ->  Seq Scan on cast_info ci  (cost=0.00..796071.18 rows=9647103 width=4) (actual time=0.025..14802.511 rows=15036263 loops=1)
        Filter: ((person_id > 2143480) AND (role_id > 1))
        Rows Removed by Filter: 21208081
  ->  Hash  (cost=197023.69..197023.69 rows=1721644 width=8) (actual time=6067.256..6067.256 rows=1954214 loops=1)
        Buckets: 131072  Batches: 32  Memory Usage: 3380kB
        ->  Hash Join  (cost=94978.31..197023.69 rows=1721644 width=8) (actual time=2421.878..5504.844 rows=1954214 loops=1)
              Hash Cond: (mc.movie_id = t.id)
              ->  Seq Scan on movie_companies mc  (cost=0.00..44881.29 rows=2609129 width=4) (actual time=0.021..829.790 rows=2609129 loops=1)
              ->  Hash  (cost=67604.59..67604.59 rows=1668458 width=4) (actual time=2420.920..2420.920 rows=1671292 loops=1)
                    Buckets: 131072  Batches: 32  Memory Usage: 2858kB
                    ->  Seq Scan on title t  (cost=0.00..67604.59 rows=1668458 width=4) (actual time=0.018..1160.319 rows=1671292 loops=1)
                          Filter: (production_year < 2008)
                          Rows Removed by Filter: 857020
Planning time: 1.193 ms
Execution time: 39131.688 ms
