Seq Scan on cast_info ci  (cost=0.00..796071.18 rows=3491889 width=0) (actual time=1581.059..12776.351 rows=7004715 loops=1)
  Filter: ((person_id < 957068) AND (role_id < 2))
  Rows Removed by Filter: 29239629
Planning time: 0.249 ms
Execution time: 13596.214 ms
