Hash Join  (cost=95314.15..483329.67 rows=1131468 width=0) (actual time=3879.198..8926.184 rows=308289 loops=1)
  Hash Cond: (mi.movie_id = t.id)
  ->  Seq Scan on movie_info mi  (cost=0.00..346232.03 rows=2194617 width=4) (actual time=0.010..5712.973 rows=2233850 loops=1)
        Filter: (info_type_id > 16)
        Rows Removed by Filter: 12601870
  ->  Hash  (cost=73925.90..73925.90 rows=1303620 width=4) (actual time=1877.061..1877.061 rows=1383104 loops=1)
        Buckets: 131072  Batches: 32  Memory Usage: 2552kB
        ->  Seq Scan on title t  (cost=0.00..73925.90 rows=1303620 width=4) (actual time=63.918..1426.974 rows=1383104 loops=1)
              Filter: ((production_year > 1966) AND (kind_id = 7))
              Rows Removed by Filter: 1145208
Planning time: 0.860 ms
Execution time: 8963.755 ms
