Hash Join  (cost=52285.01..138944.57 rows=152 width=0) (actual time=890.648..2692.107 rows=76138 loops=1)
  Hash Cond: (mk.movie_id = t.id)
  ->  Seq Scan on movie_keyword mk  (cost=0.00..69693.30 rows=4523930 width=4) (actual time=0.024..1038.922 rows=4523930 loops=1)
  ->  Hash  (cost=52283.95..52283.95 rows=85 width=8) (actual time=888.174..888.174 rows=1041 loops=1)
        Buckets: 2048 (originally 1024)  Batches: 1 (originally 1)  Memory Usage: 57kB
        ->  Nested Loop  (cost=0.43..52283.95 rows=85 width=8) (actual time=181.127..887.529 rows=1041 loops=1)
              ->  Seq Scan on movie_companies mc  (cost=0.00..51404.11 rows=104 width=4) (actual time=181.070..862.224 rows=1052 loops=1)
                    Filter: (company_id = 573)
                    Rows Removed by Filter: 2608077
              ->  Index Scan using title_pkey on title t  (cost=0.43..8.45 rows=1 width=4) (actual time=0.023..0.023 rows=1 loops=1052)
                    Index Cond: (id = mc.movie_id)
                    Filter: (production_year > 1970)
                    Rows Removed by Filter: 0
Planning time: 1.163 ms
Execution time: 2701.743 ms
