Hash Join  (cost=125807.23..252065.10 rows=349283 width=0) (actual time=2660.871..6494.189 rows=2372530 loops=1)
  Hash Cond: (mk.movie_id = t.id)
  ->  Seq Scan on movie_keyword mk  (cost=0.00..69693.30 rows=4523930 width=4) (actual time=0.026..1427.357 rows=4523930 loops=1)
  ->  Hash  (cost=122603.95..122603.95 rows=195222 width=8) (actual time=2659.970..2659.970 rows=291266 loops=1)
        Buckets: 131072  Batches: 4  Memory Usage: 3884kB
        ->  Hash Join  (cost=82776.67..122603.95 rows=195222 width=8) (actual time=1356.905..2567.828 rows=291266 loops=1)
              Hash Cond: (mi_idx.movie_id = t.id)
              ->  Seq Scan on movie_info_idx mi_idx  (cost=0.00..25185.44 rows=915101 width=4) (actual time=2.411..605.851 rows=919850 loops=1)
                    Filter: (info_type_id < 101)
                    Rows Removed by Filter: 460185
              ->  Hash  (cost=73925.90..73925.90 rows=539421 width=4) (actual time=1353.504..1353.504 rows=459810 loops=1)
                    Buckets: 131072  Batches: 8  Memory Usage: 3041kB
                    ->  Seq Scan on title t  (cost=0.00..73925.90 rows=539421 width=4) (actual time=0.019..1214.344 rows=459810 loops=1)
                          Filter: ((kind_id < 7) AND (production_year > 2000))
                          Rows Removed by Filter: 2068502
Planning time: 1.183 ms
Execution time: 6757.192 ms
