Seq Scan on movie_keyword mk  (cost=0.00..81003.12 rows=3657213 width=0) (actual time=0.029..1489.551 rows=3654913 loops=1)
  Filter: (keyword_id > 825)
  Rows Removed by Filter: 869017
Planning time: 0.809 ms
Execution time: 1943.130 ms
