Seq Scan on movie_companies mc  (cost=0.00..57926.93 rows=35901 width=0) (actual time=667.746..796.453 rows=69722 loops=1)
  Filter: ((company_id > 176994) AND (company_type_id > 1))
  Rows Removed by Filter: 2539407
Planning time: 0.303 ms
Execution time: 805.382 ms
