Hash Join  (cost=217755.70..1245248.87 rows=10683755 width=0) (actual time=6242.640..31661.807 rows=12931644 loops=1)
  Hash Cond: (ci.movie_id = t.id)
  ->  Seq Scan on cast_info ci  (cost=0.00..705507.15 rows=18103059 width=4) (actual time=857.655..14183.733 rows=18258898 loops=1)
        Filter: (person_id > 1784564)
        Rows Removed by Filter: 17985446
  ->  Hash  (cost=193272.66..193272.66 rows=1492243 width=8) (actual time=5383.256..5383.256 rows=952248 loops=1)
        Buckets: 131072  Batches: 32  Memory Usage: 2160kB
        ->  Hash Join  (cost=97651.71..193272.66 rows=1492243 width=8) (actual time=1971.067..5095.122 rows=952248 loops=1)
              Hash Cond: (mc.movie_id = t.id)
              ->  Seq Scan on movie_companies mc  (cost=0.00..44881.29 rows=2609129 width=4) (actual time=0.027..933.838 rows=2609129 loops=1)
              ->  Hash  (cost=73925.90..73925.90 rows=1446144 width=4) (actual time=1969.988..1969.988 rows=1429781 loops=1)
                    Buckets: 131072  Batches: 32  Memory Usage: 2594kB
                    ->  Seq Scan on title t  (cost=0.00..73925.90 rows=1446144 width=4) (actual time=0.022..1507.111 rows=1429781 loops=1)
                          Filter: ((kind_id > 2) AND (production_year < 2011))
                          Rows Removed by Filter: 1098531
Planning time: 5.912 ms
Execution time: 33050.530 ms
