Seq Scan on cast_info ci  (cost=0.00..796071.18 rows=12669503 width=0) (actual time=0.025..15367.144 rows=8244093 loops=1)
  Filter: ((person_id < 2890457) AND (role_id > 2))
  Rows Removed by Filter: 28000251
Planning time: 0.341 ms
Execution time: 16384.675 ms
