Seq Scan on movie_keyword mk  (cost=0.00..81003.12 rows=3158986 width=0) (actual time=0.024..1514.871 rows=3141516 loops=1)
  Filter: (keyword_id < 12082)
  Rows Removed by Filter: 1382414
Planning time: 0.313 ms
Execution time: 1938.832 ms
