Hash Join  (cost=217858.32..1041394.12 rows=696186 width=0) (actual time=13124.991..21447.093 rows=4494715 loops=1)
  Hash Cond: (ci.movie_id = t.id)
  ->  Seq Scan on cast_info ci  (cost=0.00..796071.18 rows=1323938 width=4) (actual time=7954.805..13227.211 rows=3358816 loops=1)
        Filter: ((person_id > 2593793) AND (role_id = 10))
        Rows Removed by Filter: 32885528
  ->  Hash  (cost=196044.17..196044.17 rows=1329612 width=8) (actual time=5168.745..5168.745 rows=1334883 loops=1)
        Buckets: 131072  Batches: 32  Memory Usage: 2639kB
        ->  Hash Join  (cost=102767.86..196044.17 rows=1329612 width=8) (actual time=2282.519..4769.771 rows=1334883 loops=1)
              Hash Cond: (mc.movie_id = t.id)
              ->  Seq Scan on movie_companies mc  (cost=0.00..51404.11 rows=1329612 width=4) (actual time=0.015..958.718 rows=1334883 loops=1)
                    Filter: (company_type_id > 1)
                    Rows Removed by Filter: 1274246
              ->  Hash  (cost=61283.27..61283.27 rows=2528527 width=4) (actual time=2281.687..2281.687 rows=2528312 loops=1)
                    Buckets: 131072  Batches: 64  Memory Usage: 2415kB
                    ->  Seq Scan on title t  (cost=0.00..61283.27 rows=2528527 width=4) (actual time=0.024..1119.037 rows=2528312 loops=1)
Planning time: 1.138 ms
Execution time: 21979.095 ms
