Hash Join  (cost=181215.93..1304638.78 rows=8724069 width=0) (actual time=4517.714..35618.152 rows=5801154 loops=1)
  Hash Cond: (ci.movie_id = t.id)
  ->  Seq Scan on cast_info ci  (cost=0.00..614943.12 rows=36225612 width=4) (actual time=0.022..12811.986 rows=36244344 loops=1)
  ->  Hash  (cost=171225.24..171225.24 rows=608935 width=8) (actual time=4516.971..4516.971 rows=259291 loops=1)
        Buckets: 131072  Batches: 8  Memory Usage: 2291kB
        ->  Hash Join  (cost=94744.57..171225.24 rows=608935 width=8) (actual time=2551.812..4441.535 rows=259291 loops=1)
              Hash Cond: (mc.movie_id = t.id)
              ->  Seq Scan on movie_companies mc  (cost=0.00..51404.11 rows=1213389 width=4) (actual time=0.023..1035.804 rows=1223608 loops=1)
                    Filter: (company_id > 11971)
                    Rows Removed by Filter: 1385521
              ->  Hash  (cost=73925.90..73925.90 rows=1268933 width=4) (actual time=2550.261..2550.261 rows=1236795 loops=1)
                    Buckets: 131072  Batches: 32  Memory Usage: 2383kB
                    ->  Seq Scan on title t  (cost=0.00..73925.90 rows=1268933 width=4) (actual time=0.015..1526.378 rows=1236795 loops=1)
                          Filter: ((kind_id > 3) AND (production_year < 2010))
                          Rows Removed by Filter: 1291517
Planning time: 5.614 ms
Execution time: 36311.630 ms
