Seq Scan on movie_companies mc  (cost=0.00..57926.93 rows=1211669 width=0) (actual time=551.847..1187.146 rows=1101712 loops=1)
  Filter: ((company_id < 104683) AND (company_type_id > 1))
  Rows Removed by Filter: 1507417
Planning time: 0.331 ms
Execution time: 1326.583 ms
