Hash Join  (cost=83073.34..975592.30 rows=851 width=0) (actual time=1414.589..22618.930 rows=452 loops=1)
  Hash Cond: (ci.movie_id = t.id)
  ->  Seq Scan on cast_info ci  (cost=0.00..796071.18 rows=25717131 width=4) (actual time=0.013..17659.143 rows=27758030 loops=1)
        Filter: ((person_id < 3560627) AND (role_id < 6))
        Rows Removed by Filter: 8486314
  ->  Hash  (cost=83072.29..83072.29 rows=84 width=8) (actual time=1245.979..1245.979 rows=10 loops=1)
        Buckets: 1024  Batches: 1  Memory Usage: 9kB
        ->  Nested Loop  (cost=0.43..83072.29 rows=84 width=8) (actual time=69.297..1245.957 rows=10 loops=1)
              ->  Seq Scan on movie_keyword mk  (cost=0.00..81003.12 rows=246 width=4) (actual time=69.224..1245.375 rows=13 loops=1)
                    Filter: (keyword_id = 13626)
                    Rows Removed by Filter: 4523917
              ->  Index Scan using title_pkey on title t  (cost=0.43..8.40 rows=1 width=4) (actual time=0.039..0.039 rows=1 loops=13)
                    Index Cond: (id = mk.movie_id)
                    Filter: (kind_id < 4)
                    Rows Removed by Filter: 0
Planning time: 1.210 ms
Execution time: 22619.591 ms
