Hash Join  (cost=73962.22..936921.90 rows=20430 width=0) (actual time=1019.970..18576.097 rows=61493 loops=1)
  Hash Cond: (ci.movie_id = t.id)
  ->  Seq Scan on cast_info ci  (cost=0.00..796071.18 rows=17782453 width=4) (actual time=0.021..14016.222 rows=22192869 loops=1)
        Filter: ((person_id < 2764123) AND (role_id < 4))
        Rows Removed by Filter: 14051475
  ->  Hash  (cost=73925.90..73925.90 rows=2905 width=4) (actual time=1018.887..1018.887 rows=5989 loops=1)
        Buckets: 8192 (originally 4096)  Batches: 1 (originally 1)  Memory Usage: 275kB
        ->  Seq Scan on title t  (cost=0.00..73925.90 rows=2905 width=4) (actual time=0.038..1015.899 rows=5989 loops=1)
              Filter: ((kind_id < 7) AND (production_year = 1972))
              Rows Removed by Filter: 2522323
Planning time: 11.003 ms
Execution time: 18587.725 ms
