Seq Scan on movie_keyword mk  (cost=0.00..81003.12 rows=1370885 width=0) (actual time=0.019..1329.579 rows=1386944 loops=1)
  Filter: (keyword_id > 12026)
  Rows Removed by Filter: 3136986
Planning time: 0.222 ms
Execution time: 1505.286 ms
