Hash Join  (cost=74356.84..170238.81 rows=52199 width=0) (actual time=1207.995..3449.512 rows=28483 loops=1)
  Hash Cond: (mk.movie_id = t.id)
  ->  Seq Scan on movie_keyword mk  (cost=0.00..81003.12 rows=3828493 width=4) (actual time=0.019..1603.348 rows=3831419 loops=1)
        Filter: (keyword_id > 571)
        Rows Removed by Filter: 692511
  ->  Hash  (cost=73925.90..73925.90 rows=34475 width=4) (actual time=1207.284..1207.284 rows=39896 loops=1)
        Buckets: 65536  Batches: 1  Memory Usage: 1915kB
        ->  Seq Scan on title t  (cost=0.00..73925.90 rows=34475 width=4) (actual time=0.069..1190.937 rows=39896 loops=1)
              Filter: ((kind_id > 3) AND (production_year = 2000))
              Rows Removed by Filter: 2488416
Planning time: 0.520 ms
Execution time: 3453.715 ms
