Hash Join  (cost=102767.86..1063275.91 rows=10186886 width=0) (actual time=2070.127..24793.006 rows=10000996 loops=1)
  Hash Cond: (ci.movie_id = t.id)
  ->  Seq Scan on cast_info ci  (cost=0.00..705507.15 rows=10186886 width=4) (actual time=0.021..12297.196 rows=10000996 loops=1)
        Filter: (person_id < 983985)
        Rows Removed by Filter: 26243348
  ->  Hash  (cost=61283.27..61283.27 rows=2528527 width=4) (actual time=1864.168..1864.168 rows=2528312 loops=1)
        Buckets: 131072  Batches: 64  Memory Usage: 2415kB
        ->  Seq Scan on title t  (cost=0.00..61283.27 rows=2528527 width=4) (actual time=0.018..1036.365 rows=2528312 loops=1)
Planning time: 0.721 ms
Execution time: 25980.895 ms
