Hash Join  (cost=797960.46..824872.16 rows=122 width=0) (actual time=14260.824..14359.184 rows=150 loops=1)
  Hash Cond: (mi_idx.movie_id = t.id)
  ->  Seq Scan on movie_info_idx mi_idx  (cost=0.00..21735.35 rows=1380035 width=4) (actual time=0.026..378.182 rows=1380035 loops=1)
  ->  Hash  (cost=797957.66..797957.66 rows=224 width=8) (actual time=13731.644..13731.644 rows=52 loops=1)
        Buckets: 1024  Batches: 1  Memory Usage: 11kB
        ->  Nested Loop  (cost=0.43..797957.66 rows=224 width=8) (actual time=978.722..13731.578 rows=52 loops=1)
              ->  Seq Scan on cast_info ci  (cost=0.00..796071.18 rows=224 width=4) (actual time=978.635..13730.725 rows=52 loops=1)
                    Filter: ((role_id > 2) AND (person_id = 2991678))
                    Rows Removed by Filter: 36244292
              ->  Index Only Scan using title_pkey on title t  (cost=0.43..8.41 rows=1 width=4) (actual time=0.014..0.014 rows=1 loops=52)
                    Index Cond: (id = ci.movie_id)
                    Heap Fetches: 52
Planning time: 1.156 ms
Execution time: 14359.299 ms
