Hash Join  (cost=102767.86..1061440.86 rows=6346943 width=0) (actual time=7732.038..24521.999 rows=8623087 loops=1)
  Hash Cond: (ci.movie_id = t.id)
  ->  Seq Scan on cast_info ci  (cost=0.00..796071.18 rows=6346943 width=4) (actual time=5733.492..15551.688 rows=8623087 loops=1)
        Filter: ((person_id > 1705936) AND (role_id > 3))
        Rows Removed by Filter: 27621257
  ->  Hash  (cost=61283.27..61283.27 rows=2528527 width=4) (actual time=1996.552..1996.552 rows=2528312 loops=1)
        Buckets: 131072  Batches: 64  Memory Usage: 2415kB
        ->  Seq Scan on title t  (cost=0.00..61283.27 rows=2528527 width=4) (actual time=0.020..1159.030 rows=2528312 loops=1)
Planning time: 0.796 ms
Execution time: 25502.029 ms
