Hash Join  (cost=146707.61..609612.37 rows=339639 width=0) (actual time=2475.076..12814.883 rows=2365606 loops=1)
  Hash Cond: (mi.movie_id = t.id)
  ->  Seq Scan on movie_info mi  (cost=0.00..346232.03 rows=9767026 width=4) (actual time=0.019..6506.062 rows=9911754 loops=1)
        Filter: (info_type_id > 4)
        Rows Removed by Filter: 4923966
  ->  Hash  (cost=145264.52..145264.52 rows=87927 width=8) (actual time=2473.984..2473.984 rows=75723 loops=1)
        Buckets: 131072  Batches: 2  Memory Usage: 2503kB
        ->  Hash Join  (cost=69002.72..145264.52 rows=87927 width=8) (actual time=1126.286..2454.118 rows=75723 loops=1)
              Hash Cond: (mc.movie_id = t.id)
              ->  Seq Scan on movie_companies mc  (cost=0.00..44881.29 rows=2609129 width=4) (actual time=0.022..549.757 rows=2609129 loops=1)
              ->  Hash  (cost=67604.59..67604.59 rows=85211 width=4) (actual time=1125.225..1125.225 rows=84593 loops=1)
                    Buckets: 131072  Batches: 2  Memory Usage: 2518kB
                    ->  Seq Scan on title t  (cost=0.00..67604.59 rows=85211 width=4) (actual time=0.025..1092.273 rows=84593 loops=1)
                          Filter: (production_year = 2004)
                          Rows Removed by Filter: 2443719
Planning time: 1.138 ms
Execution time: 13092.372 ms
