Hash Join  (cost=922471.72..995725.14 rows=145763 width=0) (actual time=17188.366..18875.132 rows=166616 loops=1)
  Hash Cond: (mc.movie_id = t.id)
  ->  Seq Scan on movie_companies mc  (cost=0.00..57926.93 rows=1084493 width=4) (actual time=0.028..1165.009 rows=1211307 loops=1)
        Filter: ((company_id > 419) AND (company_type_id = 2))
        Rows Removed by Filter: 1397822
  ->  Hash  (cost=916895.60..916895.60 rows=339850 width=8) (actual time=17186.956..17186.956 rows=148663 loops=1)
        Buckets: 131072  Batches: 8  Memory Usage: 1749kB
        ->  Hash Join  (cost=102767.86..916895.60 rows=339850 width=8) (actual time=6931.841..17144.235 rows=148663 loops=1)
              Hash Cond: (ci.movie_id = t.id)
              ->  Seq Scan on cast_info ci  (cost=0.00..796071.18 rows=339850 width=4) (actual time=5053.757..14794.333 rows=148663 loops=1)
                    Filter: ((person_id < 3849499) AND (role_id > 10))
                    Rows Removed by Filter: 36095681
              ->  Hash  (cost=61283.27..61283.27 rows=2528527 width=4) (actual time=1877.052..1877.052 rows=2528312 loops=1)
                    Buckets: 131072  Batches: 64  Memory Usage: 2415kB
                    ->  Seq Scan on title t  (cost=0.00..61283.27 rows=2528527 width=4) (actual time=0.025..1018.627 rows=2528312 loops=1)
Planning time: 1.159 ms
Execution time: 18892.421 ms
