Hash Join  (cost=102767.86..267950.90 rows=3087872 width=0) (actual time=2279.168..6715.795 rows=3072365 loops=1)
  Hash Cond: (mk.movie_id = t.id)
  ->  Seq Scan on movie_keyword mk  (cost=0.00..81003.12 rows=3087872 width=4) (actual time=0.010..1786.328 rows=3072365 loops=1)
        Filter: (keyword_id < 11514)
        Rows Removed by Filter: 1451565
  ->  Hash  (cost=61283.27..61283.27 rows=2528527 width=4) (actual time=2277.903..2277.903 rows=2528312 loops=1)
        Buckets: 131072  Batches: 64  Memory Usage: 2425kB
        ->  Seq Scan on title t  (cost=0.00..61283.27 rows=2528527 width=4) (actual time=0.020..1158.828 rows=2528312 loops=1)
Planning time: 0.742 ms
Execution time: 7081.470 ms
