Seq Scan on cast_info ci  (cost=0.00..796071.18 rows=60 width=0) (actual time=4568.481..11529.560 rows=9 loops=1)
  Filter: ((person_id = 1480999) AND (role_id = 10))
  Rows Removed by Filter: 36244335
Planning time: 0.385 ms
Execution time: 11529.673 ms
