Hash Join  (cost=155562.03..522385.47 rows=216750 width=0) (actual time=2357.985..10523.791 rows=303524 loops=1)
  Hash Cond: (mi.movie_id = t.id)
  ->  Seq Scan on movie_info mi  (cost=0.00..309384.22 rows=14739122 width=4) (actual time=0.018..4744.515 rows=14835720 loops=1)
  ->  Hash  (cost=155097.23..155097.23 rows=37184 width=8) (actual time=2357.269..2357.269 rows=14606 loops=1)
        Buckets: 65536  Batches: 1  Memory Usage: 1083kB
        ->  Hash Join  (cost=68438.72..155097.23 rows=37184 width=8) (actual time=967.899..2351.417 rows=14606 loops=1)
              Hash Cond: (mk.movie_id = t.id)
              ->  Seq Scan on movie_keyword mk  (cost=0.00..81003.12 rows=1408945 width=4) (actual time=0.024..1159.006 rows=1421817 loops=1)
                    Filter: (keyword_id > 11729)
                    Rows Removed by Filter: 3102113
              ->  Hash  (cost=67604.59..67604.59 rows=66731 width=4) (actual time=966.713..966.713 rows=67342 loops=1)
                    Buckets: 131072  Batches: 1  Memory Usage: 3392kB
                    ->  Seq Scan on title t  (cost=0.00..67604.59 rows=66731 width=4) (actual time=0.021..939.363 rows=67342 loops=1)
                          Filter: (production_year > 2012)
                          Rows Removed by Filter: 2460970
Planning time: 0.852 ms
Execution time: 10564.478 ms
