Hash Join  (cost=854412.43..1389946.23 rows=5222787 width=0) (actual time=16320.362..31928.346 rows=9684334 loops=1)
  Hash Cond: (mi.movie_id = t.id)
  ->  Seq Scan on movie_info mi  (cost=0.00..309384.22 rows=14739122 width=4) (actual time=0.022..6017.240 rows=14835720 loops=1)
  ->  Hash  (cost=839712.68..839712.68 rows=895980 width=8) (actual time=16319.256..16319.256 rows=898389 loops=1)
        Buckets: 131072  Batches: 16  Memory Usage: 3222kB
        ->  Hash Join  (cost=102767.86..839712.68 rows=895980 width=8) (actual time=12753.610..16040.597 rows=898389 loops=1)
              Hash Cond: (ci.movie_id = t.id)
              ->  Seq Scan on cast_info ci  (cost=0.00..705507.15 rows=895980 width=4) (actual time=10825.550..12901.600 rows=898389 loops=1)
                    Filter: (role_id = 5)
                    Rows Removed by Filter: 35345955
              ->  Hash  (cost=61283.27..61283.27 rows=2528527 width=4) (actual time=1927.146..1927.146 rows=2528312 loops=1)
                    Buckets: 131072  Batches: 64  Memory Usage: 2415kB
                    ->  Seq Scan on title t  (cost=0.00..61283.27 rows=2528527 width=4) (actual time=0.015..1099.425 rows=2528312 loops=1)
Planning time: 1.153 ms
Execution time: 32983.671 ms
