Seq Scan on cast_info ci  (cost=0.00..705507.15 rows=500 width=0) (actual time=9736.878..11425.445 rows=40 loops=1)
  Filter: (person_id = 2723548)
  Rows Removed by Filter: 36244304
Planning time: 0.403 ms
Execution time: 11425.554 ms
