Nested Loop  (cost=0.43..709671.90 rows=500 width=0) (actual time=712.161..11198.386 rows=19 loops=1)
  ->  Seq Scan on cast_info ci  (cost=0.00..705507.15 rows=500 width=4) (actual time=712.069..11197.542 rows=19 loops=1)
        Filter: (person_id = 2562357)
        Rows Removed by Filter: 36244325
  ->  Index Only Scan using title_pkey on title t  (cost=0.43..8.32 rows=1 width=4) (actual time=0.036..0.037 rows=1 loops=19)
        Index Cond: (id = ci.movie_id)
        Heap Fetches: 19
Planning time: 0.776 ms
Execution time: 11198.461 ms
