Hash Join  (cost=135785.85..635254.60 rows=1842781 width=0) (actual time=2802.267..16341.743 rows=1228540 loops=1)
  Hash Cond: (mi.movie_id = t.id)
  ->  Seq Scan on movie_info mi  (cost=0.00..309384.22 rows=14739122 width=4) (actual time=0.014..6550.883 rows=14835720 loops=1)
  ->  Hash  (cost=130599.19..130599.19 rows=316133 width=8) (actual time=2801.251..2801.251 rows=158614 loops=1)
        Buckets: 131072  Batches: 8  Memory Usage: 1798kB
        ->  Hash Join  (cost=88257.79..130599.19 rows=316133 width=8) (actual time=1784.186..2750.999 rows=158614 loops=1)
              Hash Cond: (mi_idx.movie_id = t.id)
              ->  Seq Scan on movie_info_idx mi_idx  (cost=0.00..25185.44 rows=915101 width=4) (actual time=0.032..552.011 rows=919850 loops=1)
                    Filter: (info_type_id < 101)
                    Rows Removed by Filter: 460185
              ->  Hash  (cost=73925.90..73925.90 rows=873511 width=4) (actual time=1572.044..1572.044 rows=957299 loops=1)
                    Buckets: 131072  Batches: 16  Memory Usage: 3134kB
                    ->  Seq Scan on title t  (cost=0.00..73925.90 rows=873511 width=4) (actual time=0.015..1278.596 rows=957299 loops=1)
                          Filter: ((production_year > 1999) AND (kind_id = 7))
                          Rows Removed by Filter: 1571013
Planning time: 1.213 ms
Execution time: 16496.775 ms
