Hash Join  (cost=69928.56..194264.58 rows=197610 width=0) (actual time=1052.575..3920.691 rows=132731 loops=1)
  Hash Cond: (mk.movie_id = t.id)
  ->  Seq Scan on movie_keyword mk  (cost=0.00..81003.12 rows=3528744 width=4) (actual time=0.025..1409.286 rows=3518669 loops=1)
        Filter: (keyword_id < 18353)
        Rows Removed by Filter: 1005261
  ->  Hash  (cost=67604.59..67604.59 rows=141598 width=4) (actual time=1051.044..1051.044 rows=141703 loops=1)
        Buckets: 131072  Batches: 2  Memory Usage: 3517kB
        ->  Seq Scan on title t  (cost=0.00..67604.59 rows=141598 width=4) (actual time=0.054..1000.904 rows=141703 loops=1)
              Filter: (production_year = 2010)
              Rows Removed by Filter: 2386609
Planning time: 2.924 ms
Execution time: 3933.549 ms
