Hash Join  (cost=52284.99..139631.15 rows=70 width=0) (actual time=932.284..2454.535 rows=1 loops=1)
  Hash Cond: (mk.movie_id = t.id)
  ->  Seq Scan on movie_keyword mk  (cost=0.00..81003.12 rows=1691288 width=4) (actual time=0.022..1367.219 rows=1697983 loops=1)
        Filter: (keyword_id < 2642)
        Rows Removed by Filter: 2825947
  ->  Hash  (cost=52283.69..52283.69 rows=104 width=8) (actual time=851.502..851.502 rows=34 loops=1)
        Buckets: 1024  Batches: 1  Memory Usage: 10kB
        ->  Nested Loop  (cost=0.43..52283.69 rows=104 width=8) (actual time=246.273..851.462 rows=34 loops=1)
              ->  Seq Scan on movie_companies mc  (cost=0.00..51404.11 rows=104 width=4) (actual time=246.150..850.766 rows=34 loops=1)
                    Filter: (company_id = 2028)
                    Rows Removed by Filter: 2609095
              ->  Index Only Scan using title_pkey on title t  (cost=0.43..8.45 rows=1 width=4) (actual time=0.018..0.018 rows=1 loops=34)
                    Index Cond: (id = mc.movie_id)
                    Heap Fetches: 34
Planning time: 1.159 ms
Execution time: 2454.635 ms
