Hash Join  (cost=102767.86..289221.04 rows=3971819 width=0) (actual time=2042.421..7376.318 rows=3972207 loops=1)
  Hash Cond: (mk.movie_id = t.id)
  ->  Seq Scan on movie_keyword mk  (cost=0.00..81003.12 rows=3971819 width=4) (actual time=0.020..1901.983 rows=3972207 loops=1)
        Filter: (keyword_id > 394)
        Rows Removed by Filter: 551723
  ->  Hash  (cost=61283.27..61283.27 rows=2528527 width=4) (actual time=2041.211..2041.211 rows=2528312 loops=1)
        Buckets: 131072  Batches: 64  Memory Usage: 2425kB
        ->  Seq Scan on title t  (cost=0.00..61283.27 rows=2528527 width=4) (actual time=0.021..1175.601 rows=2528312 loops=1)
Planning time: 0.706 ms
Execution time: 7818.134 ms
