Seq Scan on movie_companies mc  (cost=0.00..51404.11 rows=1469579 width=0) (actual time=0.033..888.890 rows=1472574 loops=1)
  Filter: (company_id > 8434)
  Rows Removed by Filter: 1136555
Planning time: 0.406 ms
Execution time: 1071.988 ms
