Hash Join  (cost=94206.67..1309937.85 rows=17709902 width=0) (actual time=1926.944..40052.235 rows=19760520 loops=1)
  Hash Cond: (ci.movie_id = t.id)
  ->  Seq Scan on cast_info ci  (cost=0.00..614943.12 rows=36225612 width=4) (actual time=0.006..13391.923 rows=36244344 loops=1)
  ->  Hash  (cost=73925.90..73925.90 rows=1236141 width=4) (actual time=1925.755..1925.755 rows=1353520 loops=1)
        Buckets: 131072  Batches: 32  Memory Usage: 2519kB
        ->  Seq Scan on title t  (cost=0.00..73925.90 rows=1236141 width=4) (actual time=0.024..1425.747 rows=1353520 loops=1)
              Filter: ((kind_id > 1) AND (production_year > 1993))
              Rows Removed by Filter: 1174792
Planning time: 0.775 ms
Execution time: 42254.529 ms
