Hash Join  (cost=74709.85..101962.64 rows=34230 width=0) (actual time=1348.981..2017.153 rows=31608 loops=1)
  Hash Cond: (mi_idx.movie_id = t.id)
  ->  Seq Scan on movie_info_idx mi_idx  (cost=0.00..21735.35 rows=1380035 width=4) (actual time=0.027..332.856 rows=1380035 loops=1)
  ->  Hash  (cost=73925.90..73925.90 rows=62716 width=4) (actual time=1348.601..1348.601 rows=71543 loops=1)
        Buckets: 131072 (originally 65536)  Batches: 1 (originally 1)  Memory Usage: 3540kB
        ->  Seq Scan on title t  (cost=0.00..73925.90 rows=62716 width=4) (actual time=0.023..1317.632 rows=71543 loops=1)
              Filter: ((kind_id > 1) AND (production_year = 2004))
              Rows Removed by Filter: 2456769
Planning time: 0.782 ms
Execution time: 2021.686 ms
