Seq Scan on movie_keyword mk  (cost=0.00..81003.12 rows=1487320 width=0) (actual time=0.020..1482.474 rows=1502241 loops=1)
  Filter: (keyword_id > 10793)
  Rows Removed by Filter: 3021689
Planning time: 0.322 ms
Execution time: 1684.526 ms
