Hash Join  (cost=78556.72..1133208.72 rows=4758065 width=0) (actual time=1230.693..27057.061 rows=4112575 loops=1)
  Hash Cond: (ci.movie_id = t.id)
  ->  Seq Scan on cast_info ci  (cost=0.00..796071.18 rows=18022977 width=4) (actual time=0.026..17478.127 rows=15160623 loops=1)
        Filter: ((person_id < 2843599) AND (role_id > 1))
        Rows Removed by Filter: 21083721
  ->  Hash  (cost=67604.59..67604.59 rows=667531 width=4) (actual time=1229.589..1229.589 rows=662825 loops=1)
        Buckets: 131072  Batches: 16  Memory Usage: 2476kB
        ->  Seq Scan on title t  (cost=0.00..67604.59 rows=667531 width=4) (actual time=216.495..1029.656 rows=662825 loops=1)
              Filter: (kind_id = 1)
              Rows Removed by Filter: 1865487
Planning time: 0.827 ms
Execution time: 27534.678 ms
