Seq Scan on movie_companies mc  (cost=0.00..57926.93 rows=1151762 width=0) (actual time=0.011..1199.600 rows=1077167 loops=1)
  Filter: ((company_id > 126) AND (company_type_id < 2))
  Rows Removed by Filter: 1531962
Planning time: 0.220 ms
Execution time: 1333.376 ms
