Seq Scan on cast_info ci  (cost=0.00..796071.18 rows=6537724 width=0) (actual time=6532.155..14097.872 rows=12670688 loops=1)
  Filter: ((person_id < 1841006) AND (role_id < 2))
  Rows Removed by Filter: 23573656
Planning time: 0.350 ms
Execution time: 15641.488 ms
