Seq Scan on movie_companies mc  (cost=0.00..51404.11 rows=1057689 width=0) (actual time=0.026..912.492 rows=1053437 loops=1)
  Filter: (company_id < 6209)
  Rows Removed by Filter: 1555692
Planning time: 0.314 ms
Execution time: 1050.744 ms
