Hash Join  (cost=214705.56..720254.24 rows=4212431 width=0) (actual time=4779.963..25303.611 rows=37936763 loops=1)
  Hash Cond: (mi.movie_id = t.id)
  ->  Seq Scan on movie_info mi  (cost=0.00..346232.03 rows=9767026 width=4) (actual time=0.014..6991.182 rows=9911754 loops=1)
        Filter: (info_type_id > 4)
        Rows Removed by Filter: 4923966
  ->  Hash  (cost=196813.92..196813.92 rows=1090531 width=8) (actual time=4778.897..4778.897 rows=980308 loops=1)
        Buckets: 131072  Batches: 16  Memory Usage: 3475kB
        ->  Hash Join  (cost=102767.86..196813.92 rows=1090531 width=8) (actual time=2013.744..4487.648 rows=980308 loops=1)
              Hash Cond: (mc.movie_id = t.id)
              ->  Seq Scan on movie_companies mc  (cost=0.00..57926.93 rows=1090531 width=4) (actual time=0.030..1282.255 rows=980308 loops=1)
                    Filter: ((company_id > 225) AND (company_type_id = 1))
                    Rows Removed by Filter: 1628821
              ->  Hash  (cost=61283.27..61283.27 rows=2528527 width=4) (actual time=2012.308..2012.308 rows=2528312 loops=1)
                    Buckets: 131072  Batches: 64  Memory Usage: 2415kB
                    ->  Seq Scan on title t  (cost=0.00..61283.27 rows=2528527 width=4) (actual time=0.019..1152.720 rows=2528312 loops=1)
Planning time: 1.245 ms
Execution time: 29622.340 ms
