Seq Scan on movie_companies mc  (cost=0.00..57926.93 rows=1064190 width=0) (actual time=140.028..1186.120 rows=1194548 loops=1)
  Filter: ((company_id > 475) AND (company_type_id > 1))
  Rows Removed by Filter: 1414581
Planning time: 0.336 ms
Execution time: 1329.491 ms
