Hash Join  (cost=101908.63..188776.63 rows=20996 width=0) (actual time=1998.652..3611.010 rows=49631 loops=1)
  Hash Cond: (mk.movie_id = t.id)
  ->  Seq Scan on movie_keyword mk  (cost=0.00..69693.30 rows=4523930 width=4) (actual time=0.023..872.065 rows=4523930 loops=1)
  ->  Hash  (cost=101761.95..101761.95 rows=11735 width=8) (actual time=1998.472..1998.472 rows=10687 loops=1)
        Buckets: 16384  Batches: 1  Memory Usage: 546kB
        ->  Hash Join  (cost=74730.49..101761.95 rows=11735 width=8) (actual time=1342.068..1993.551 rows=10687 loops=1)
              Hash Cond: (mi_idx.movie_id = t.id)
              ->  Seq Scan on movie_info_idx mi_idx  (cost=0.00..25185.44 rows=460978 width=4) (actual time=0.016..493.283 rows=459925 loops=1)
                    Filter: (info_type_id < 100)
                    Rows Removed by Filter: 920110
              ->  Hash  (cost=73925.90..73925.90 rows=64367 width=4) (actual time=1341.697..1341.697 rows=53905 loops=1)
                    Buckets: 65536  Batches: 1  Memory Usage: 2408kB
                    ->  Seq Scan on title t  (cost=0.00..73925.90 rows=64367 width=4) (actual time=0.031..1319.465 rows=53905 loops=1)
                          Filter: ((kind_id < 7) AND (production_year = 2012))
                          Rows Removed by Filter: 2474407
Planning time: 3.949 ms
Execution time: 3616.863 ms
