Hash Join  (cost=709678.15..736591.36 rows=273 width=0) (actual time=11336.035..11802.301 rows=21 loops=1)
  Hash Cond: (mi_idx.movie_id = t.id)
  ->  Seq Scan on movie_info_idx mi_idx  (cost=0.00..21735.35 rows=1380035 width=4) (actual time=0.024..277.650 rows=1380035 loops=1)
  ->  Hash  (cost=709671.90..709671.90 rows=500 width=8) (actual time=11281.908..11281.908 rows=7 loops=1)
        Buckets: 1024  Batches: 1  Memory Usage: 9kB
        ->  Nested Loop  (cost=0.43..709671.90 rows=500 width=8) (actual time=7216.811..11281.875 rows=7 loops=1)
              ->  Seq Scan on cast_info ci  (cost=0.00..705507.15 rows=500 width=4) (actual time=7216.625..11281.511 rows=7 loops=1)
                    Filter: (person_id = 3738713)
                    Rows Removed by Filter: 36244337
              ->  Index Only Scan using title_pkey on title t  (cost=0.43..8.32 rows=1 width=4) (actual time=0.038..0.038 rows=1 loops=7)
                    Index Cond: (id = ci.movie_id)
                    Heap Fetches: 7
Planning time: 1.119 ms
Execution time: 11802.418 ms
