Hash Join  (cost=101766.50..933936.22 rows=76341 width=0) (actual time=2260.815..16951.220 rows=51064 loops=1)
  Hash Cond: (ci.movie_id = t.id)
  ->  Seq Scan on cast_info ci  (cost=0.00..796071.18 rows=9422700 width=4) (actual time=213.806..12978.677 rows=9296351 loops=1)
        Filter: ((person_id < 919361) AND (role_id < 11))
        Rows Removed by Filter: 26947993
  ->  Hash  (cost=101510.42..101510.42 rows=20486 width=8) (actual time=2045.887..2045.887 rows=18305 loops=1)
        Buckets: 32768  Batches: 1  Memory Usage: 972kB
        ->  Hash Join  (cost=74395.08..101510.42 rows=20486 width=8) (actual time=1447.175..2038.981 rows=18305 loops=1)
              Hash Cond: (mi_idx.movie_id = t.id)
              ->  Seq Scan on movie_info_idx mi_idx  (cost=0.00..21735.35 rows=1380035 width=4) (actual time=0.023..369.043 rows=1380035 loops=1)
              ->  Hash  (cost=73925.90..73925.90 rows=37534 width=4) (actual time=1157.098..1157.098 rows=95962 loops=1)
                    Buckets: 131072 (originally 65536)  Batches: 2 (originally 1)  Memory Usage: 3073kB
                    ->  Seq Scan on title t  (cost=0.00..73925.90 rows=37534 width=4) (actual time=33.113..1118.810 rows=95962 loops=1)
                          Filter: ((kind_id < 7) AND (production_year < 1923))
                          Rows Removed by Filter: 2432350
Planning time: 1.177 ms
Execution time: 16958.759 ms
