Hash Join  (cost=73994.33..161525.18 rows=3747 width=0) (actual time=1241.453..3065.503 rows=3171 loops=1)
  Hash Cond: (mk.movie_id = t.id)
  ->  Seq Scan on movie_keyword mk  (cost=0.00..81003.12 rows=1730736 width=4) (actual time=0.024..1533.267 rows=1740983 loops=1)
        Filter: (keyword_id > 8062)
        Rows Removed by Filter: 2782947
  ->  Hash  (cost=73925.90..73925.90 rows=5474 width=4) (actual time=1240.144..1240.144 rows=9683 loops=1)
        Buckets: 16384 (originally 8192)  Batches: 1 (originally 1)  Memory Usage: 469kB
        ->  Seq Scan on title t  (cost=0.00..73925.90 rows=5474 width=4) (actual time=0.030..1235.250 rows=9683 loops=1)
              Filter: ((kind_id > 1) AND (production_year = 1975))
              Rows Removed by Filter: 2518629
Planning time: 0.732 ms
Execution time: 3066.299 ms
