Hash Join  (cost=334791.12..1099701.78 rows=21539805 width=0) (actual time=7976.810..69888.532 rows=223289145 loops=1)
  Hash Cond: (mi.movie_id = t.id)
  ->  Seq Scan on movie_info mi  (cost=0.00..309384.22 rows=14739122 width=4) (actual time=0.014..6388.875 rows=14835720 loops=1)
  ->  Hash  (cost=274166.14..274166.14 rows=3695198 width=8) (actual time=7975.575..7975.575 rows=4200438 loops=1)
        Buckets: 131072  Batches: 64  Memory Usage: 3690kB
        ->  Hash Join  (cost=101489.21..274166.14 rows=3695198 width=8) (actual time=1941.317..6835.896 rows=4200438 loops=1)
              Hash Cond: (mk.movie_id = t.id)
              ->  Seq Scan on movie_keyword mk  (cost=0.00..69693.30 rows=4523930 width=4) (actual time=0.018..1437.580 rows=4523930 loops=1)
              ->  Hash  (cost=67604.59..67604.59 rows=2065330 width=4) (actual time=1940.038..1940.038 rows=2064552 loops=1)
                    Buckets: 131072  Batches: 32  Memory Usage: 3298kB
                    ->  Seq Scan on title t  (cost=0.00..67604.59 rows=2065330 width=4) (actual time=0.018..1270.278 rows=2064552 loops=1)
                          Filter: (production_year < 2011)
                          Rows Removed by Filter: 463760
Planning time: 1.096 ms
Execution time: 94045.702 ms
