Hash Join  (cost=125588.99..152579.14 rows=7967 width=0) (actual time=2227.397..2911.322 rows=58320 loops=1)
  Hash Cond: (mi_idx.movie_id = t.id)
  ->  Seq Scan on movie_info_idx mi_idx  (cost=0.00..21735.35 rows=1380035 width=4) (actual time=0.008..334.685 rows=1380035 loops=1)
  ->  Hash  (cost=125406.52..125406.52 rows=14598 width=8) (actual time=2227.286..2227.286 rows=41156 loops=1)
        Buckets: 65536 (originally 16384)  Batches: 1 (originally 1)  Memory Usage: 2120kB
        ->  Hash Join  (cost=69283.60..125406.52 rows=14598 width=8) (actual time=1240.022..2211.561 rows=41156 loops=1)
              Hash Cond: (mc.movie_id = t.id)
              ->  Seq Scan on movie_companies mc  (cost=0.00..51404.11 rows=360753 width=4) (actual time=0.012..857.933 rows=358065 loops=1)
                    Filter: (company_id < 181)
                    Rows Removed by Filter: 2251064
              ->  Hash  (cost=67604.59..67604.59 rows=102321 width=4) (actual time=1191.131..1191.131 rows=100537 loops=1)
                    Buckets: 131072  Batches: 2  Memory Usage: 2797kB
                    ->  Seq Scan on title t  (cost=0.00..67604.59 rows=102321 width=4) (actual time=0.017..1051.206 rows=100537 loops=1)
                          Filter: (kind_id = 3)
                          Rows Removed by Filter: 2427775
Planning time: 0.690 ms
Execution time: 2919.673 ms
