Hash Join  (cost=73994.33..127473.51 rows=1191 width=0) (actual time=1211.803..2146.092 rows=4716 loops=1)
  Hash Cond: (mc.movie_id = t.id)
  ->  Seq Scan on movie_companies mc  (cost=0.00..51404.11 rows=550174 width=4) (actual time=0.014..802.088 rows=546632 loops=1)
        Filter: (company_id < 554)
        Rows Removed by Filter: 2062497
  ->  Hash  (cost=73925.90..73925.90 rows=5474 width=4) (actual time=1210.528..1210.528 rows=12057 loops=1)
        Buckets: 16384 (originally 8192)  Batches: 1 (originally 1)  Memory Usage: 552kB
        ->  Seq Scan on title t  (cost=0.00..73925.90 rows=5474 width=4) (actual time=0.124..1204.377 rows=12057 loops=1)
              Filter: ((kind_id > 1) AND (production_year = 1984))
              Rows Removed by Filter: 2516255
Planning time: 0.720 ms
Execution time: 2147.102 ms
