Hash Join  (cost=129915.89..886187.05 rows=548199 width=0) (actual time=2608.582..19791.749 rows=483663 loops=1)
  Hash Cond: (ci.movie_id = t.id)
  ->  Seq Scan on cast_info ci  (cost=0.00..614943.12 rows=36225612 width=4) (actual time=0.014..8471.027 rows=36244344 loops=1)
  ->  Hash  (cost=129437.59..129437.59 rows=38264 width=8) (actual time=2606.836..2606.836 rows=13210 loops=1)
        Buckets: 65536  Batches: 1  Memory Usage: 1029kB
        ->  Hash Join  (cost=74389.43..129437.59 rows=38264 width=8) (actual time=1197.840..2601.087 rows=13210 loops=1)
              Hash Cond: (mc.movie_id = t.id)
              ->  Seq Scan on movie_companies mc  (cost=0.00..44881.29 rows=2609129 width=4) (actual time=0.018..703.097 rows=2609129 loops=1)
              ->  Hash  (cost=73925.90..73925.90 rows=37082 width=4) (actual time=1196.741..1196.741 rows=41935 loops=1)
                    Buckets: 65536  Batches: 1  Memory Usage: 1987kB
                    ->  Seq Scan on title t  (cost=0.00..73925.90 rows=37082 width=4) (actual time=0.024..1179.011 rows=41935 loops=1)
                          Filter: ((kind_id = 7) AND (production_year = 2002))
                          Rows Removed by Filter: 2486377
Planning time: 1.283 ms
Execution time: 19858.596 ms
