Seq Scan on cast_info ci  (cost=0.00..705507.15 rows=28459539 width=0) (actual time=0.023..13403.547 rows=28470885 loops=1)
  Filter: (person_id < 2900098)
  Rows Removed by Filter: 7773459
Planning time: 0.346 ms
Execution time: 16965.527 ms
