Hash Join  (cost=52284.86..845922.12 rows=678 width=0) (actual time=764.079..16783.745 rows=20061 loops=1)
  Hash Cond: (ci.movie_id = t.id)
  ->  Seq Scan on cast_info ci  (cost=0.00..705507.15 rows=23499554 width=4) (actual time=0.023..12878.124 rows=23573656 loops=1)
        Filter: (role_id > 1)
        Rows Removed by Filter: 12670688
  ->  Hash  (cost=52283.95..52283.95 rows=73 width=8) (actual time=762.692..762.692 rows=507 loops=1)
        Buckets: 1024  Batches: 1  Memory Usage: 28kB
        ->  Nested Loop  (cost=0.43..52283.95 rows=73 width=8) (actual time=127.374..762.363 rows=507 loops=1)
              ->  Seq Scan on movie_companies mc  (cost=0.00..51404.11 rows=104 width=4) (actual time=127.305..737.047 rows=788 loops=1)
                    Filter: (company_id = 7575)
                    Rows Removed by Filter: 2608341
              ->  Index Scan using title_pkey on title t  (cost=0.43..8.45 rows=1 width=4) (actual time=0.031..0.031 rows=1 loops=788)
                    Index Cond: (id = mc.movie_id)
                    Filter: (production_year > 1989)
                    Rows Removed by Filter: 0
Planning time: 1.183 ms
Execution time: 16788.190 ms
