Hash Join  (cost=238616.65..1606070.62 rows=23737577 width=0) (actual time=5506.231..54451.406 rows=54540814 loops=1)
  Hash Cond: (ci.movie_id = t.id)
  ->  Seq Scan on cast_info ci  (cost=0.00..705507.15 rows=32575410 width=4) (actual time=0.022..16628.996 rows=32702312 loops=1)
        Filter: (person_id > 338678)
        Rows Removed by Filter: 3542032
  ->  Hash  (cost=208387.05..208387.05 rows=1842528 width=8) (actual time=5504.928..5504.928 rows=1836640 loops=1)
        Buckets: 131072  Batches: 32  Memory Usage: 3227kB
        ->  Hash Join  (cost=102767.86..208387.05 rows=1842528 width=8) (actual time=2014.933..4972.788 rows=1836640 loops=1)
              Hash Cond: (mc.movie_id = t.id)
              ->  Seq Scan on movie_companies mc  (cost=0.00..51404.11 rows=1842528 width=4) (actual time=0.017..1068.115 rows=1836640 loops=1)
                    Filter: (company_id < 33715)
                    Rows Removed by Filter: 772489
              ->  Hash  (cost=61283.27..61283.27 rows=2528527 width=4) (actual time=2012.922..2012.922 rows=2528312 loops=1)
                    Buckets: 131072  Batches: 64  Memory Usage: 2415kB
                    ->  Seq Scan on title t  (cost=0.00..61283.27 rows=2528527 width=4) (actual time=0.021..1159.016 rows=2528312 loops=1)
Planning time: 1.144 ms
Execution time: 60872.131 ms
