Hash Join  (cost=162805.49..1003427.27 rows=759905 width=0) (actual time=3247.280..27333.293 rows=6735110 loops=1)
  Hash Cond: (ci.movie_id = t.id)
  ->  Seq Scan on cast_info ci  (cost=0.00..705507.15 rows=25503123 width=4) (actual time=0.018..12899.437 rows=25676268 loops=1)
        Filter: (person_id > 1036958)
        Rows Removed by Filter: 10568076
  ->  Hash  (cost=161863.73..161863.73 rows=75341 width=8) (actual time=3246.057..3246.057 rows=151030 loops=1)
        Buckets: 131072 (originally 131072)  Batches: 2 (originally 1)  Memory Usage: 3987kB
        ->  Hash Join  (cost=74452.28..161863.73 rows=75341 width=8) (actual time=1260.855..3194.479 rows=151030 loops=1)
              Hash Cond: (mk.movie_id = t.id)
              ->  Seq Scan on movie_keyword mk  (cost=0.00..69693.30 rows=4523930 width=4) (actual time=0.015..1023.401 rows=4523930 loops=1)
              ->  Hash  (cost=73925.90..73925.90 rows=42110 width=4) (actual time=1260.474..1260.474 rows=33905 loops=1)
                    Buckets: 65536  Batches: 1  Memory Usage: 1704kB
                    ->  Seq Scan on title t  (cost=0.00..73925.90 rows=42110 width=4) (actual time=0.247..1246.563 rows=33905 loops=1)
                          Filter: ((kind_id < 7) AND (production_year = 2006))
                          Rows Removed by Filter: 2494407
Planning time: 1.147 ms
Execution time: 28136.145 ms
