Seq Scan on cast_info ci  (cost=0.00..705507.15 rows=8747314 width=0) (actual time=1503.304..11846.914 rows=8755020 loops=1)
  Filter: (person_id > 2815662)
  Rows Removed by Filter: 27489324
Planning time: 0.395 ms
Execution time: 12930.664 ms
