Hash Join  (cost=197817.22..685452.46 rows=733729 width=0) (actual time=4069.458..14071.504 rows=344319 loops=1)
  Hash Cond: (mi.movie_id = t.id)
  ->  Seq Scan on movie_info mi  (cost=0.00..309384.22 rows=14739122 width=4) (actual time=0.015..5557.813 rows=14835720 loops=1)
  ->  Hash  (cost=195751.81..195751.81 rows=125873 width=8) (actual time=3840.573..3840.573 rows=34420 loops=1)
        Buckets: 131072  Batches: 2  Memory Usage: 1732kB
        ->  Hash Join  (cost=75533.21..195751.81 rows=125873 width=8) (actual time=1229.582..3828.791 rows=34420 loops=1)
              Hash Cond: (mk.movie_id = t.id)
              ->  Seq Scan on movie_keyword mk  (cost=0.00..81003.12 rows=3249533 width=4) (actual time=0.027..1638.180 rows=3237625 loops=1)
                    Filter: (keyword_id > 1661)
                    Rows Removed by Filter: 1286305
              ->  Hash  (cost=73925.90..73925.90 rows=97944 width=4) (actual time=1219.857..1219.857 rows=106247 loops=1)
                    Buckets: 131072  Batches: 2  Memory Usage: 2896kB
                    ->  Seq Scan on title t  (cost=0.00..73925.90 rows=97944 width=4) (actual time=0.017..1179.040 rows=106247 loops=1)
                          Filter: ((kind_id = 7) AND (production_year = 2011))
                          Rows Removed by Filter: 2422065
Planning time: 1.108 ms
Execution time: 14110.801 ms
