Seq Scan on movie_companies mc  (cost=0.00..57926.93 rows=51 width=0) (actual time=194.074..766.875 rows=141 loops=1)
  Filter: ((company_id = 754) AND (company_type_id = 1))
  Rows Removed by Filter: 2608988
Planning time: 0.295 ms
Execution time: 766.963 ms
