Seq Scan on movie_companies mc  (cost=0.00..57926.93 rows=53 width=0) (actual time=39.418..951.461 rows=5 loops=1)
  Filter: ((company_type_id > 1) AND (company_id = 106263))
  Rows Removed by Filter: 2609124
Planning time: 0.383 ms
Execution time: 951.559 ms
