Hash Join  (cost=68191.41..891747.61 rows=129661 width=0) (actual time=2758.418..19555.856 rows=231872 loops=1)
  Hash Cond: (ci.movie_id = t.id)
  ->  Seq Scan on cast_info ci  (cost=0.00..796071.18 rows=6983575 width=4) (actual time=1677.858..14957.369 rows=12670688 loops=1)
        Filter: ((person_id < 1981835) AND (role_id = 1))
        Rows Removed by Filter: 23573656
  ->  Hash  (cost=67604.59..67604.59 rows=46946 width=4) (actual time=1080.056..1080.056 rows=46583 loops=1)
        Buckets: 65536  Batches: 1  Memory Usage: 2150kB
        ->  Seq Scan on title t  (cost=0.00..67604.59 rows=46946 width=4) (actual time=0.028..1060.312 rows=46583 loops=1)
              Filter: (production_year = 1998)
              Rows Removed by Filter: 2481729
Planning time: 0.816 ms
Execution time: 19590.318 ms
