Hash Join  (cost=175027.18..1084811.01 rows=4799790 width=0) (actual time=3992.674..27981.854 rows=10323585 loops=1)
  Hash Cond: (ci.movie_id = t.id)
  ->  Seq Scan on cast_info ci  (cost=0.00..705507.15 rows=13205273 width=4) (actual time=0.052..14374.472 rows=13162019 loops=1)
        Filter: (person_id < 1299581)
        Rows Removed by Filter: 23082325
  ->  Hash  (cost=159947.97..159947.97 rows=919057 width=8) (actual time=3991.667..3991.667 rows=920110 loops=1)
        Buckets: 131072  Batches: 16  Memory Usage: 3269kB
        ->  Hash Join  (cost=102767.86..159947.97 rows=919057 width=8) (actual time=1902.129..3718.241 rows=920110 loops=1)
              Hash Cond: (mi_idx.movie_id = t.id)
              ->  Seq Scan on movie_info_idx mi_idx  (cost=0.00..25185.44 rows=919057 width=4) (actual time=0.022..601.364 rows=920110 loops=1)
                    Filter: (info_type_id > 99)
                    Rows Removed by Filter: 459925
              ->  Hash  (cost=61283.27..61283.27 rows=2528527 width=4) (actual time=1901.051..1901.051 rows=2528312 loops=1)
                    Buckets: 131072  Batches: 64  Memory Usage: 2415kB
                    ->  Seq Scan on title t  (cost=0.00..61283.27 rows=2528527 width=4) (actual time=0.019..1056.435 rows=2528312 loops=1)
Planning time: 1.189 ms
Execution time: 29232.131 ms
