Hash Join  (cost=102252.05..468725.50 rows=181754 width=0) (actual time=1839.881..10261.062 rows=473277 loops=1)
  Hash Cond: (mi.movie_id = t.id)
  ->  Seq Scan on movie_info mi  (cost=0.00..309384.22 rows=14739122 width=4) (actual time=0.023..4527.612 rows=14835720 loops=1)
  ->  Hash  (cost=101862.30..101862.30 rows=31180 width=8) (actual time=1839.417..1839.417 rows=43437 loops=1)
        Buckets: 65536 (originally 32768)  Batches: 1 (originally 1)  Memory Usage: 2209kB
        ->  Hash Join  (cost=74640.02..101862.30 rows=31180 width=8) (actual time=1401.560..1823.559 rows=43437 loops=1)
              Hash Cond: (mi_idx.movie_id = t.id)
              ->  Seq Scan on movie_info_idx mi_idx  (cost=0.00..21735.35 rows=1380035 width=4) (actual time=0.015..316.133 rows=1380035 loops=1)
              ->  Hash  (cost=73925.90..73925.90 rows=57129 width=4) (actual time=1157.591..1157.591 rows=78578 loops=1)
                    Buckets: 131072 (originally 65536)  Batches: 1 (originally 1)  Memory Usage: 3787kB
                    ->  Seq Scan on title t  (cost=0.00..73925.90 rows=57129 width=4) (actual time=0.023..1126.819 rows=78578 loops=1)
                          Filter: ((production_year > 2002) AND (kind_id = 4))
                          Rows Removed by Filter: 2449734
Planning time: 1.116 ms
Execution time: 10328.668 ms
