Hash Join  (cost=102767.86..214794.07 rows=878713 width=0) (actual time=2006.030..4788.389 rows=885825 loops=1)
  Hash Cond: (mk.movie_id = t.id)
  ->  Seq Scan on movie_keyword mk  (cost=0.00..81003.12 rows=878713 width=4) (actual time=0.019..1422.906 rows=885825 loops=1)
        Filter: (keyword_id > 20815)
        Rows Removed by Filter: 3638105
  ->  Hash  (cost=61283.27..61283.27 rows=2528527 width=4) (actual time=2000.967..2000.967 rows=2528312 loops=1)
        Buckets: 131072  Batches: 64  Memory Usage: 2425kB
        ->  Seq Scan on title t  (cost=0.00..61283.27 rows=2528527 width=4) (actual time=0.015..1145.768 rows=2528312 loops=1)
Planning time: 0.735 ms
Execution time: 4891.283 ms
