Seq Scan on cast_info ci  (cost=0.00..796071.18 rows=2402055 width=0) (actual time=6680.954..13000.084 rows=771489 loops=1)
  Filter: ((person_id < 2009916) AND (role_id = 10))
  Rows Removed by Filter: 35472855
Planning time: 0.283 ms
Execution time: 13086.998 ms
