Seq Scan on movie_keyword mk  (cost=0.00..81003.12 rows=246 width=0) (actual time=17.088..1261.601 rows=205 loops=1)
  Filter: (keyword_id = 4524)
  Rows Removed by Filter: 4523725
Planning time: 0.392 ms
Execution time: 1261.801 ms
