Hash Join  (cost=52284.22..805514.14 rows=5 width=0) (actual time=3640.837..16553.523 rows=17 loops=1)
  Hash Cond: (ci.movie_id = t.id)
  ->  Seq Scan on cast_info ci  (cost=0.00..705507.15 rows=12726058 width=4) (actual time=2067.848..13956.628 rows=12670688 loops=1)
        Filter: (role_id < 2)
        Rows Removed by Filter: 23573656
  ->  Hash  (cost=52284.21..52284.21 rows=1 width=8) (actual time=831.966..831.966 rows=1 loops=1)
        Buckets: 1024  Batches: 1  Memory Usage: 9kB
        ->  Nested Loop  (cost=0.43..52284.21 rows=1 width=8) (actual time=690.996..831.957 rows=1 loops=1)
              ->  Seq Scan on movie_companies mc  (cost=0.00..51404.11 rows=104 width=4) (actual time=2.028..824.254 rows=130 loops=1)
                    Filter: (company_id = 17928)
                    Rows Removed by Filter: 2608999
              ->  Index Scan using title_pkey on title t  (cost=0.43..8.45 rows=1 width=4) (actual time=0.057..0.057 rows=0 loops=130)
                    Index Cond: (id = mc.movie_id)
                    Filter: ((kind_id = 1) AND (production_year = 2006))
                    Rows Removed by Filter: 1
Planning time: 1.189 ms
Execution time: 16553.672 ms
