Hash Join  (cost=67983.86..426089.79 rows=36818 width=0) (actual time=6167.808..7238.350 rows=23292 loops=1)
  Hash Cond: (mi.movie_id = t.id)
  ->  Seq Scan on movie_info mi  (cost=0.00..346232.03 rows=3068194 width=4) (actual time=4038.111..5552.457 rows=3036719 loops=1)
        Filter: (info_type_id = 16)
        Rows Removed by Filter: 11799001
  ->  Hash  (cost=67604.59..67604.59 rows=30342 width=4) (actual time=1008.750..1008.750 rows=29105 loops=1)
        Buckets: 32768  Batches: 1  Memory Usage: 1280kB
        ->  Seq Scan on title t  (cost=0.00..67604.59 rows=30342 width=4) (actual time=121.613..997.016 rows=29105 loops=1)
              Filter: (production_year < 1911)
              Rows Removed by Filter: 2499207
Planning time: 11.294 ms
Execution time: 7241.905 ms
