Hash Join  (cost=156632.57..215463.55 rows=76943 width=0) (actual time=4308.904..5123.651 rows=193363 loops=1)
  Hash Cond: (mc.movie_id = t.id)
  ->  Seq Scan on movie_companies mc  (cost=0.00..51404.11 rows=418785 width=4) (actual time=471.258..937.282 rows=422202 loops=1)
        Filter: (company_id > 79869)
        Rows Removed by Filter: 2186927
  ->  Hash  (cost=149010.49..149010.49 rows=464566 width=8) (actual time=3836.670..3836.670 rows=459925 loops=1)
        Buckets: 131072  Batches: 8  Memory Usage: 3275kB
        ->  Hash Join  (cost=102767.86..149010.49 rows=464566 width=8) (actual time=2384.472..3700.977 rows=459925 loops=1)
              Hash Cond: (mi_idx.movie_id = t.id)
              ->  Seq Scan on movie_info_idx mi_idx  (cost=0.00..25185.44 rows=464566 width=4) (actual time=0.028..525.997 rows=459925 loops=1)
                    Filter: (info_type_id = 101)
                    Rows Removed by Filter: 920110
              ->  Hash  (cost=61283.27..61283.27 rows=2528527 width=4) (actual time=2383.387..2383.387 rows=2528312 loops=1)
                    Buckets: 131072  Batches: 64  Memory Usage: 2415kB
                    ->  Seq Scan on title t  (cost=0.00..61283.27 rows=2528527 width=4) (actual time=0.016..1269.410 rows=2528312 loops=1)
Planning time: 1.154 ms
Execution time: 5149.715 ms
