Hash Join  (cost=155820.83..286762.27 rows=733740 width=0) (actual time=4020.419..8041.523 rows=3014082 loops=1)
  Hash Cond: (mk.movie_id = t.id)
  ->  Seq Scan on movie_keyword mk  (cost=0.00..69693.30 rows=4523930 width=4) (actual time=0.021..1512.825 rows=4523930 loops=1)
  ->  Hash  (cost=149092.54..149092.54 rows=410104 width=8) (actual time=4019.733..4019.733 rows=428340 loops=1)
        Buckets: 131072  Batches: 8  Memory Usage: 3131kB
        ->  Hash Join  (cost=105067.44..149092.54 rows=410104 width=8) (actual time=2515.674..3882.814 rows=428340 loops=1)
              Hash Cond: (mi_idx.movie_id = t.id)
              ->  Seq Scan on movie_info_idx mi_idx  (cost=0.00..25185.44 rows=454124 width=4) (actual time=0.025..542.922 rows=459925 loops=1)
                    Filter: (info_type_id = 100)
                    Rows Removed by Filter: 920110
              ->  Hash  (cost=67604.59..67604.59 rows=2283428 width=4) (actual time=2514.404..2514.404 rows=2275262 loops=1)
                    Buckets: 131072  Batches: 32  Memory Usage: 3527kB
                    ->  Seq Scan on title t  (cost=0.00..67604.59 rows=2283428 width=4) (actual time=0.010..1322.169 rows=2275262 loops=1)
                          Filter: (production_year > 1952)
                          Rows Removed by Filter: 253050
Planning time: 1.194 ms
Execution time: 8359.435 ms
