Seq Scan on movie_keyword mk  (cost=0.00..81003.12 rows=196142 width=0) (actual time=0.039..1362.861 rows=212018 loops=1)
  Filter: (keyword_id < 141)
  Rows Removed by Filter: 4311912
Planning time: 0.327 ms
Execution time: 1391.354 ms
