Seq Scan on movie_companies mc  (cost=0.00..51404.11 rows=1790280 width=0) (actual time=0.020..1005.362 rows=1799310 loops=1)
  Filter: (company_id > 1869)
  Rows Removed by Filter: 809819
Planning time: 0.228 ms
Execution time: 1230.991 ms
