Seq Scan on movie_keyword mk  (cost=0.00..81003.12 rows=246 width=0) (actual time=75.721..1325.567 rows=90 loops=1)
  Filter: (keyword_id = 23419)
  Rows Removed by Filter: 4523840
Planning time: 0.376 ms
Execution time: 1325.720 ms
