Hash Join  (cost=75342.47..165032.35 rows=23928 width=0) (actual time=2305.074..2830.160 rows=4859 loops=1)
  Hash Cond: (mk.movie_id = t.id)
  ->  Seq Scan on movie_keyword mk  (cost=0.00..81003.12 rows=701194 width=4) (actual time=0.019..1394.392 rows=699472 loops=1)
        Filter: (keyword_id < 585)
        Rows Removed by Filter: 3824458
  ->  Hash  (cost=73925.90..73925.90 rows=86285 width=4) (actual time=1191.198..1191.198 rows=92628 loops=1)
        Buckets: 131072  Batches: 2  Memory Usage: 2659kB
        ->  Seq Scan on title t  (cost=0.00..73925.90 rows=86285 width=4) (actual time=176.211..1156.007 rows=92628 loops=1)
              Filter: ((kind_id = 7) AND (production_year = 2010))
              Rows Removed by Filter: 2435684
Planning time: 0.739 ms
Execution time: 2830.881 ms
