Hash Join  (cost=156209.36..283692.86 rows=601054 width=0) (actual time=4099.672..7778.624 rows=2599122 loops=1)
  Hash Cond: (mk.movie_id = t.id)
  ->  Seq Scan on movie_keyword mk  (cost=0.00..81003.12 rows=3346624 width=4) (actual time=0.020..1638.480 rows=3340416 loops=1)
        Filter: (keyword_id > 1402)
        Rows Removed by Filter: 1183514
  ->  Hash  (cost=148758.81..148758.81 rows=454124 width=8) (actual time=4098.756..4098.756 rows=459925 loops=1)
        Buckets: 131072  Batches: 8  Memory Usage: 3284kB
        ->  Hash Join  (cost=102767.86..148758.81 rows=454124 width=8) (actual time=1913.004..3960.931 rows=459925 loops=1)
              Hash Cond: (mi_idx.movie_id = t.id)
              ->  Seq Scan on movie_info_idx mi_idx  (cost=0.00..25185.44 rows=454124 width=4) (actual time=0.042..508.256 rows=459925 loops=1)
                    Filter: (info_type_id = 100)
                    Rows Removed by Filter: 920110
              ->  Hash  (cost=61283.27..61283.27 rows=2528527 width=4) (actual time=1911.604..1911.604 rows=2528312 loops=1)
                    Buckets: 131072  Batches: 64  Memory Usage: 2415kB
                    ->  Seq Scan on title t  (cost=0.00..61283.27 rows=2528527 width=4) (actual time=0.013..1081.989 rows=2528312 loops=1)
Planning time: 1.183 ms
Execution time: 8088.590 ms
