Hash Join  (cost=74245.23..136191.03 rows=10543 width=0) (actual time=1617.497..2561.120 rows=17876 loops=1)
  Hash Cond: (mc.movie_id = t.id)
  ->  Seq Scan on movie_companies mc  (cost=0.00..57926.93 rows=1043583 width=4) (actual time=504.182..1194.832 rows=1190366 loops=1)
        Filter: ((company_id > 588) AND (company_type_id > 1))
        Rows Removed by Filter: 1418763
  ->  Hash  (cost=73925.90..73925.90 rows=25546 width=4) (actual time=1112.949..1112.949 rows=16319 loops=1)
        Buckets: 32768  Batches: 1  Memory Usage: 830kB
        ->  Seq Scan on title t  (cost=0.00..73925.90 rows=25546 width=4) (actual time=0.462..1104.917 rows=16319 loops=1)
              Filter: ((kind_id < 3) AND (production_year = 2004))
              Rows Removed by Filter: 2511993
Planning time: 0.752 ms
Execution time: 2564.086 ms
