Hash Join  (cost=228835.09..762716.22 rows=5067820 width=0) (actual time=4970.726..28360.368 rows=36200047 loops=1)
  Hash Cond: (mi.movie_id = t.id)
  ->  Seq Scan on movie_info mi  (cost=0.00..309384.22 rows=14739122 width=4) (actual time=0.010..6016.080 rows=14835720 loops=1)
  ->  Hash  (cost=214570.65..214570.65 rows=869395 width=8) (actual time=4969.788..4969.788 rows=871177 loops=1)
        Buckets: 131072  Batches: 16  Memory Usage: 3239kB
        ->  Hash Join  (cost=102767.86..214570.65 rows=869395 width=8) (actual time=1974.891..4700.953 rows=871177 loops=1)
              Hash Cond: (mk.movie_id = t.id)
              ->  Seq Scan on movie_keyword mk  (cost=0.00..81003.12 rows=869395 width=4) (actual time=0.021..1588.758 rows=871177 loops=1)
                    Filter: (keyword_id < 828)
                    Rows Removed by Filter: 3652753
              ->  Hash  (cost=61283.27..61283.27 rows=2528527 width=4) (actual time=1973.975..1973.975 rows=2528312 loops=1)
                    Buckets: 131072  Batches: 64  Memory Usage: 2425kB
                    ->  Seq Scan on title t  (cost=0.00..61283.27 rows=2528527 width=4) (actual time=0.021..1129.742 rows=2528312 loops=1)
Planning time: 1.225 ms
Execution time: 32522.933 ms
