Seq Scan on movie_keyword mk  (cost=0.00..81003.12 rows=1579853 width=0) (actual time=0.019..1377.036 rows=1594309 loops=1)
  Filter: (keyword_id > 9660)
  Rows Removed by Filter: 2929621
Planning time: 0.348 ms
Execution time: 1577.049 ms
