Hash Join  (cost=300316.09..990014.23 rows=16217643 width=0) (actual time=7365.230..61601.270 rows=182919590 loops=1)
  Hash Cond: (mi.movie_id = t.id)
  ->  Seq Scan on movie_info mi  (cost=0.00..309384.22 rows=14739122 width=4) (actual time=0.004..6471.281 rows=14835720 loops=1)
  ->  Hash  (cost=254670.96..254670.96 rows=2782170 width=8) (actual time=7362.782..7362.782 rows=3430522 loops=1)
        Buckets: 131072  Batches: 64  Memory Usage: 3188kB
        ->  Hash Join  (cost=93117.31..254670.96 rows=2782170 width=8) (actual time=1760.583..6409.025 rows=3430522 loops=1)
              Hash Cond: (mk.movie_id = t.id)
              ->  Seq Scan on movie_keyword mk  (cost=0.00..69693.30 rows=4523930 width=4) (actual time=0.856..1515.890 rows=4523930 loops=1)
              ->  Hash  (cost=67604.59..67604.59 rows=1555018 width=4) (actual time=1758.535..1758.535 rows=1551727 loops=1)
                    Buckets: 131072  Batches: 32  Memory Usage: 2736kB
                    ->  Seq Scan on title t  (cost=0.00..67604.59 rows=1555018 width=4) (actual time=0.020..1234.370 rows=1551727 loops=1)
                          Filter: (production_year < 2007)
                          Rows Removed by Filter: 976585
Planning time: 0.743 ms
Execution time: 81584.611 ms
