Seq Scan on cast_info ci  (cost=0.00..705507.15 rows=500 width=0) (actual time=342.365..11129.349 rows=100 loops=1)
  Filter: (person_id = 425926)
  Rows Removed by Filter: 36244244
Planning time: 0.430 ms
Execution time: 11129.463 ms
