Seq Scan on movie_keyword mk  (cost=0.00..81003.12 rows=246 width=0) (actual time=2.395..1308.282 rows=67 loops=1)
  Filter: (keyword_id = 2939)
  Rows Removed by Filter: 4523863
Planning time: 0.296 ms
Execution time: 1308.405 ms
