Hash Join  (cost=88334.42..1251386.37 rows=12581779 width=0) (actual time=1853.773..37621.607 rows=14213259 loops=1)
  Hash Cond: (ci.movie_id = t.id)
  ->  Seq Scan on cast_info ci  (cost=0.00..614943.12 rows=36225612 width=4) (actual time=0.017..13370.119 rows=36244344 loops=1)
  ->  Hash  (cost=73925.90..73925.90 rows=878201 width=4) (actual time=1852.630..1852.630 rows=947729 loops=1)
        Buckets: 131072  Batches: 16  Memory Usage: 3113kB
        ->  Seq Scan on title t  (cost=0.00..73925.90 rows=878201 width=4) (actual time=0.017..1297.118 rows=947729 loops=1)
              Filter: ((kind_id > 1) AND (production_year > 2003))
              Rows Removed by Filter: 1580583
Planning time: 0.723 ms
Execution time: 39345.944 ms
