Hash Join  (cost=127125.60..280559.41 rows=2262288 width=134) (actual time=3381.466..7507.905 rows=2056228 loops=1)
  Hash Cond: (mc.movie_id = t.id)
  ->  Seq Scan on movie_companies mc  (cost=0.00..44881.29 rows=2609129 width=40) (actual time=0.017..913.554 rows=2609129 loops=1)
  ->  Hash  (cost=67604.59..67604.59 rows=2192401 width=94) (actual time=3380.960..3380.960 rows=2182316 loops=1)
        Buckets: 32768  Batches: 128  Memory Usage: 2156kB
        ->  Seq Scan on title t  (cost=0.00..67604.59 rows=2192401 width=94) (actual time=0.023..1636.084 rows=2182316 loops=1)
              Filter: (production_year > 1962)
              Rows Removed by Filter: 345996
Planning time: 0.925 ms
Execution time: 7607.905 ms
