Seq Scan on cast_info ci  (cost=0.00..705507.15 rows=15105666 width=0) (actual time=2400.296..12224.884 rows=15256228 loops=1)
  Filter: (person_id > 2116775)
  Rows Removed by Filter: 20988116
Planning time: 0.437 ms
Execution time: 14107.434 ms
