Seq Scan on movie_companies mc  (cost=0.00..51404.11 rows=104 width=0) (actual time=94.756..751.083 rows=79 loops=1)
  Filter: (company_id = 22810)
  Rows Removed by Filter: 2609050
Planning time: 0.375 ms
Execution time: 751.187 ms
