Hash Join  (cost=111895.66..486061.98 rows=80104 width=0) (actual time=2778.574..9207.575 rows=26440 loops=1)
  Hash Cond: (mi.movie_id = t.id)
  ->  Seq Scan on movie_info mi  (cost=0.00..346232.03 rows=7235534 width=4) (actual time=755.756..5915.873 rows=7286865 loops=1)
        Filter: (info_type_id < 8)
        Rows Removed by Filter: 7548855
  ->  Hash  (cost=111545.75..111545.75 rows=27993 width=8) (actual time=2021.893..2021.893 rows=12658 loops=1)
        Buckets: 32768  Batches: 1  Memory Usage: 751kB
        ->  Hash Join  (cost=75195.76..111545.75 rows=27993 width=8) (actual time=1522.722..2018.474 rows=12658 loops=1)
              Hash Cond: (mi_idx.movie_id = t.id)
              ->  Seq Scan on movie_info_idx mi_idx  (cost=0.00..25185.44 rows=915101 width=4) (actual time=0.030..485.856 rows=919850 loops=1)
                    Filter: (info_type_id < 101)
                    Rows Removed by Filter: 460185
              ->  Hash  (cost=73925.90..73925.90 rows=77348 width=4) (actual time=1243.909..1243.909 rows=84109 loops=1)
                    Buckets: 131072  Batches: 2  Memory Usage: 2509kB
                    ->  Seq Scan on title t  (cost=0.00..73925.90 rows=77348 width=4) (actual time=0.037..1211.192 rows=84109 loops=1)
                          Filter: ((kind_id = 7) AND (production_year = 2008))
                          Rows Removed by Filter: 2444203
Planning time: 0.791 ms
Execution time: 9211.276 ms
