Hash Join  (cost=78556.72..145104.90 rows=111766 width=0) (actual time=1305.837..2443.271 rows=80241 loops=1)
  Hash Cond: (mc.movie_id = t.id)
  ->  Seq Scan on movie_companies mc  (cost=0.00..57926.93 rows=423356 width=4) (actual time=0.015..974.119 rows=104275 loops=1)
        Filter: ((company_id > 23627) AND (company_type_id = 1))
        Rows Removed by Filter: 2504854
  ->  Hash  (cost=67604.59..67604.59 rows=667531 width=4) (actual time=1304.906..1304.906 rows=662825 loops=1)
        Buckets: 131072  Batches: 16  Memory Usage: 2476kB
        ->  Seq Scan on title t  (cost=0.00..67604.59 rows=667531 width=4) (actual time=0.024..1108.263 rows=662825 loops=1)
              Filter: (kind_id = 1)
              Rows Removed by Filter: 1865487
Planning time: 0.787 ms
Execution time: 2452.204 ms
