Seq Scan on cast_info ci  (cost=0.00..796071.18 rows=6597706 width=0) (actual time=0.019..12752.080 rows=7451973 loops=1)
  Filter: ((person_id < 3427758) AND (role_id = 2))
  Rows Removed by Filter: 28792371
Planning time: 0.415 ms
Execution time: 13642.955 ms
