Hash Join  (cost=79653.55..118100.32 rows=126886 width=0) (actual time=1398.484..2143.964 rows=164308 loops=1)
  Hash Cond: (mi_idx.movie_id = t.id)
  ->  Seq Scan on movie_info_idx mi_idx  (cost=0.00..25185.44 rows=919057 width=4) (actual time=0.026..556.307 rows=920110 loops=1)
        Filter: (info_type_id > 99)
        Rows Removed by Filter: 459925
  ->  Hash  (cost=73925.90..73925.90 rows=349092 width=4) (actual time=1100.117..1100.117 rows=265275 loops=1)
        Buckets: 131072  Batches: 8  Memory Usage: 2190kB
        ->  Seq Scan on title t  (cost=0.00..73925.90 rows=349092 width=4) (actual time=469.020..1025.607 rows=265275 loops=1)
              Filter: ((kind_id < 2) AND (production_year > 2001))
              Rows Removed by Filter: 2263037
Planning time: 0.804 ms
Execution time: 2165.057 ms
