Seq Scan on cast_info ci  (cost=0.00..796071.18 rows=12785473 width=0) (actual time=0.027..15565.730 rows=14023490 loops=1)
  Filter: ((person_id > 731166) AND (role_id > 2))
  Rows Removed by Filter: 22220854
Planning time: 0.353 ms
Execution time: 17250.365 ms
