Hash Join  (cost=74391.93..830522.40 rows=534130 width=0) (actual time=1284.844..20869.315 rows=551283 loops=1)
  Hash Cond: (ci.movie_id = t.id)
  ->  Seq Scan on cast_info ci  (cost=0.00..614943.12 rows=36225612 width=4) (actual time=0.026..8928.394 rows=36244344 loops=1)
  ->  Hash  (cost=73925.90..73925.90 rows=37282 width=4) (actual time=1284.300..1284.300 rows=42986 loops=1)
        Buckets: 65536  Batches: 1  Memory Usage: 2024kB
        ->  Seq Scan on title t  (cost=0.00..73925.90 rows=37282 width=4) (actual time=0.023..1265.370 rows=42986 loops=1)
              Filter: ((kind_id > 1) AND (production_year = 1999))
              Rows Removed by Filter: 2485326
Planning time: 1.027 ms
Execution time: 20948.663 ms
