Hash Join  (cost=102767.86..187596.63 rows=707436 width=0) (actual time=2024.502..3744.638 rows=492536 loops=1)
  Hash Cond: (mc.movie_id = t.id)
  ->  Seq Scan on movie_companies mc  (cost=0.00..57926.93 rows=707436 width=4) (actual time=97.703..1019.512 rows=492536 loops=1)
        Filter: ((company_id > 9530) AND (company_type_id < 2))
        Rows Removed by Filter: 2116593
  ->  Hash  (cost=61283.27..61283.27 rows=2528527 width=4) (actual time=1925.474..1925.474 rows=2528312 loops=1)
        Buckets: 131072  Batches: 64  Memory Usage: 2415kB
        ->  Seq Scan on title t  (cost=0.00..61283.27 rows=2528527 width=4) (actual time=0.029..1068.182 rows=2528312 loops=1)
Planning time: 1.048 ms
Execution time: 3805.809 ms
