Hash Join  (cost=100887.51..155556.76 rows=373 width=0) (actual time=1739.068..2883.082 rows=5871 loops=1)
  Hash Cond: (mc.movie_id = t.id)
  ->  Seq Scan on movie_companies mc  (cost=0.00..44881.29 rows=2609129 width=4) (actual time=0.007..641.672 rows=2609129 loops=1)
  ->  Hash  (cost=100882.99..100882.99 rows=361 width=8) (actual time=1738.965..1738.965 rows=1769 loops=1)
        Buckets: 2048 (originally 1024)  Batches: 1 (originally 1)  Memory Usage: 86kB
        ->  Hash Join  (cost=73950.44..100882.99 rows=361 width=8) (actual time=1216.393..1737.930 rows=1769 loops=1)
              Hash Cond: (mi_idx.movie_id = t.id)
              ->  Seq Scan on movie_info_idx mi_idx  (cost=0.00..25185.44 rows=464934 width=4) (actual time=0.015..443.160 rows=460185 loops=1)
                    Filter: (info_type_id > 100)
                    Rows Removed by Filter: 919850
              ->  Hash  (cost=73925.90..73925.90 rows=1963 width=4) (actual time=1216.257..1216.257 rows=4302 loops=1)
                    Buckets: 8192 (originally 2048)  Batches: 1 (originally 1)  Memory Usage: 216kB
                    ->  Seq Scan on title t  (cost=0.00..73925.90 rows=1963 width=4) (actual time=68.904..1214.115 rows=4302 loops=1)
                          Filter: ((kind_id = 1) AND (production_year = 1969))
                          Rows Removed by Filter: 2524010
Planning time: 1.019 ms
Execution time: 2884.205 ms
