Hash Join  (cost=131258.26..218061.38 rows=14508 width=0) (actual time=2102.638..4024.986 rows=396448 loops=1)
  Hash Cond: (mk.movie_id = t.id)
  ->  Seq Scan on movie_keyword mk  (cost=0.00..69693.30 rows=4523930 width=4) (actual time=0.021..940.527 rows=4523930 loops=1)
  ->  Hash  (cost=131156.90..131156.90 rows=8109 width=8) (actual time=2100.008..2100.008 rows=13733 loops=1)
        Buckets: 16384 (originally 8192)  Batches: 1 (originally 1)  Memory Usage: 665kB
        ->  Hash Join  (cost=74098.35..131156.90 rows=8109 width=8) (actual time=1194.900..2094.976 rows=13733 loops=1)
              Hash Cond: (mc.movie_id = t.id)
              ->  Seq Scan on movie_companies mc  (cost=0.00..51404.11 rows=1486224 width=4) (actual time=0.017..691.068 rows=1488322 loops=1)
                    Filter: (company_id > 7851)
                    Rows Removed by Filter: 1120807
              ->  Hash  (cost=73925.90..73925.90 rows=13796 width=4) (actual time=1160.084..1160.084 rows=8100 loops=1)
                    Buckets: 16384  Batches: 1  Memory Usage: 413kB
                    ->  Seq Scan on title t  (cost=0.00..73925.90 rows=13796 width=4) (actual time=68.725..1156.323 rows=8100 loops=1)
                          Filter: ((kind_id = 1) AND (production_year = 2000))
                          Rows Removed by Filter: 2520212
Planning time: 4.565 ms
Execution time: 4078.745 ms
