Hash Join  (cost=83074.74..137742.81 rows=254 width=0) (actual time=1249.809..2433.369 rows=5256 loops=1)
  Hash Cond: (mc.movie_id = t.id)
  ->  Seq Scan on movie_companies mc  (cost=0.00..44881.29 rows=2609129 width=4) (actual time=0.011..675.558 rows=2609129 loops=1)
  ->  Hash  (cost=83071.67..83071.67 rows=246 width=8) (actual time=1248.682..1248.682 rows=917 loops=1)
        Buckets: 1024  Batches: 1  Memory Usage: 44kB
        ->  Nested Loop  (cost=0.43..83071.67 rows=246 width=8) (actual time=12.538..1247.968 rows=917 loops=1)
              ->  Seq Scan on movie_keyword mk  (cost=0.00..81003.12 rows=246 width=4) (actual time=12.443..1200.371 rows=917 loops=1)
                    Filter: (keyword_id = 3305)
                    Rows Removed by Filter: 4523013
              ->  Index Only Scan using title_pkey on title t  (cost=0.43..8.40 rows=1 width=4) (actual time=0.050..0.050 rows=1 loops=917)
                    Index Cond: (id = mk.movie_id)
                    Heap Fetches: 917
Planning time: 1.122 ms
Execution time: 2434.389 ms
