Hash Join  (cost=190230.21..1014901.98 rows=3648288 width=0) (actual time=4303.277..22962.492 rows=8148579 loops=1)
  Hash Cond: (ci.movie_id = t.id)
  ->  Seq Scan on cast_info ci  (cost=0.00..705507.15 rows=6684464 width=4) (actual time=0.027..12352.231 rows=6770485 loops=1)
        Filter: (person_id > 2984795)
        Rows Removed by Filter: 29473859
  ->  Hash  (cost=167588.78..167588.78 rows=1380035 width=8) (actual time=4302.336..4302.336 rows=1380035 loops=1)
        Buckets: 131072  Batches: 32  Memory Usage: 2708kB
        ->  Hash Join  (cost=102767.86..167588.78 rows=1380035 width=8) (actual time=1912.299..3889.860 rows=1380035 loops=1)
              Hash Cond: (mi_idx.movie_id = t.id)
              ->  Seq Scan on movie_info_idx mi_idx  (cost=0.00..21735.35 rows=1380035 width=4) (actual time=0.025..467.637 rows=1380035 loops=1)
              ->  Hash  (cost=61283.27..61283.27 rows=2528527 width=4) (actual time=1911.340..1911.340 rows=2528312 loops=1)
                    Buckets: 131072  Batches: 64  Memory Usage: 2415kB
                    ->  Seq Scan on title t  (cost=0.00..61283.27 rows=2528527 width=4) (actual time=0.020..1066.065 rows=2528312 loops=1)
Planning time: 1.142 ms
Execution time: 23979.411 ms
