Seq Scan on movie_companies mc  (cost=0.00..51404.11 rows=1463689 width=0) (actual time=0.024..853.507 rows=1467408 loops=1)
  Filter: (company_id > 8651)
  Rows Removed by Filter: 1141721
Planning time: 0.325 ms
Execution time: 1031.329 ms
