Seq Scan on movie_companies mc  (cost=0.00..57926.93 rows=1296655 width=0) (actual time=262.942..1236.262 rows=1271259 loops=1)
  Filter: ((company_id < 181163) AND (company_type_id = 2))
  Rows Removed by Filter: 1337870
Planning time: 0.282 ms
Execution time: 1396.019 ms
