Hash Join  (cost=93093.72..164648.82 rows=244970 width=0) (actual time=1755.939..3276.720 rows=196186 loops=1)
  Hash Cond: (mc.movie_id = t.id)
  ->  Seq Scan on movie_companies mc  (cost=0.00..57926.93 rows=398693 width=4) (actual time=0.022..828.797 rows=722564 loops=1)
        Filter: ((company_id > 31681) AND (company_type_id > 1))
        Rows Removed by Filter: 1886565
  ->  Hash  (cost=67604.59..67604.59 rows=1553611 width=4) (actual time=1746.704..1746.704 rows=1555864 loops=1)
        Buckets: 131072  Batches: 32  Memory Usage: 2734kB
        ->  Seq Scan on title t  (cost=0.00..67604.59 rows=1553611 width=4) (actual time=0.020..1248.762 rows=1555864 loops=1)
              Filter: (kind_id > 4)
              Rows Removed by Filter: 972448
Planning time: 0.772 ms
Execution time: 3301.813 ms
