Hash Join  (cost=101523.87..853388.98 rows=107588 width=0) (actual time=1807.156..18331.323 rows=168920 loops=1)
  Hash Cond: (ci.movie_id = t.id)
  ->  Seq Scan on cast_info ci  (cost=0.00..614943.12 rows=36225612 width=4) (actual time=0.024..8819.008 rows=36244344 loops=1)
  ->  Hash  (cost=101430.00..101430.00 rows=7510 width=8) (actual time=1806.966..1806.966 rows=4503 loops=1)
        Buckets: 8192  Batches: 1  Memory Usage: 240kB
        ->  Hash Join  (cost=74440.79..101430.00 rows=7510 width=8) (actual time=1362.635..1804.939 rows=4503 loops=1)
              Hash Cond: (mi_idx.movie_id = t.id)
              ->  Seq Scan on movie_info_idx mi_idx  (cost=0.00..25185.44 rows=460978 width=4) (actual time=0.019..494.989 rows=459925 loops=1)
                    Filter: (info_type_id = 99)
                    Rows Removed by Filter: 920110
              ->  Hash  (cost=73925.90..73925.90 rows=41191 width=4) (actual time=1167.459..1167.459 rows=43851 loops=1)
                    Buckets: 65536  Batches: 1  Memory Usage: 2054kB
                    ->  Seq Scan on title t  (cost=0.00..73925.90 rows=41191 width=4) (actual time=0.066..1149.931 rows=43851 loops=1)
                          Filter: ((kind_id = 7) AND (production_year = 2003))
                          Rows Removed by Filter: 2484461
Planning time: 1.209 ms
Execution time: 18360.056 ms
