Hash Join  (cost=173756.69..1219129.40 rows=1126155 width=0) (actual time=3303.668..32569.660 rows=3967037 loops=1)
  Hash Cond: (ci.movie_id = t.id)
  ->  Seq Scan on cast_info ci  (cost=0.00..614943.12 rows=36225612 width=4) (actual time=0.016..13328.225 rows=36244344 loops=1)
  ->  Hash  (cost=172466.12..172466.12 rows=78605 width=8) (actual time=3302.513..3302.513 rows=152925 loops=1)
        Buckets: 131072  Batches: 2  Memory Usage: 4020kB
        ->  Hash Join  (cost=102767.86..172466.12 rows=78605 width=8) (actual time=2165.581..3251.726 rows=152925 loops=1)
              Hash Cond: (mc.movie_id = t.id)
              ->  Seq Scan on movie_companies mc  (cost=0.00..57926.93 rows=78605 width=4) (actual time=228.375..718.578 rows=152925 loops=1)
                    Filter: ((company_id > 130845) AND (company_type_id = 2))
                    Rows Removed by Filter: 2456204
              ->  Hash  (cost=61283.27..61283.27 rows=2528527 width=4) (actual time=1935.828..1935.828 rows=2528312 loops=1)
                    Buckets: 131072  Batches: 64  Memory Usage: 2415kB
                    ->  Seq Scan on title t  (cost=0.00..61283.27 rows=2528527 width=4) (actual time=0.023..1063.822 rows=2528312 loops=1)
Planning time: 1.750 ms
Execution time: 33078.055 ms
