Hash Join  (cost=102598.73..966309.99 rows=266005 width=0) (actual time=1839.679..22235.331 rows=352482 loops=1)
  Hash Cond: (ci.movie_id = t.id)
  ->  Seq Scan on cast_info ci  (cost=0.00..796071.18 rows=17328004 width=4) (actual time=0.024..16558.807 rows=16677309 loops=1)
        Filter: ((person_id > 462140) AND (role_id < 3))
        Rows Removed by Filter: 19567035
  ->  Hash  (cost=102113.53..102113.53 rows=38816 width=8) (actual time=1839.208..1839.208 rows=27540 loops=1)
        Buckets: 65536  Batches: 1  Memory Usage: 1588kB
        ->  Hash Join  (cost=74814.89..102113.53 rows=38816 width=8) (actual time=1145.697..1829.575 rows=27540 loops=1)
              Hash Cond: (mi_idx.movie_id = t.id)
              ->  Seq Scan on movie_info_idx mi_idx  (cost=0.00..21735.35 rows=1380035 width=4) (actual time=0.014..337.839 rows=1380035 loops=1)
              ->  Hash  (cost=73925.90..73925.90 rows=71119 width=4) (actual time=1144.951..1144.951 rows=84234 loops=1)
                    Buckets: 131072  Batches: 1  Memory Usage: 3986kB
                    ->  Seq Scan on title t  (cost=0.00..73925.90 rows=71119 width=4) (actual time=0.014..1111.533 rows=84234 loops=1)
                          Filter: ((kind_id > 3) AND (production_year = 2006))
                          Rows Removed by Filter: 2444078
Planning time: 1.279 ms
Execution time: 22283.816 ms
