Seq Scan on movie_keyword mk  (cost=0.00..81003.12 rows=246 width=0) (actual time=1.360..1219.937 rows=135 loops=1)
  Filter: (keyword_id = 25345)
  Rows Removed by Filter: 4523795
Planning time: 0.338 ms
Execution time: 1220.133 ms
