Hash Join  (cost=102767.86..218017.55 rows=2242805 width=0) (actual time=1940.830..5589.661 rows=2241740 loops=1)
  Hash Cond: (mc.movie_id = t.id)
  ->  Seq Scan on movie_companies mc  (cost=0.00..51404.11 rows=2242805 width=4) (actual time=0.021..1103.961 rows=2241740 loops=1)
        Filter: (company_id > 192)
        Rows Removed by Filter: 367389
  ->  Hash  (cost=61283.27..61283.27 rows=2528527 width=4) (actual time=1939.453..1939.453 rows=2528312 loops=1)
        Buckets: 131072  Batches: 64  Memory Usage: 2415kB
        ->  Seq Scan on title t  (cost=0.00..61283.27 rows=2528527 width=4) (actual time=0.015..1097.103 rows=2528312 loops=1)
Planning time: 0.691 ms
Execution time: 5870.969 ms
