Hash Join  (cost=58375.93..85286.68 rows=27 width=0) (actual time=969.390..1422.476 rows=9 loops=1)
  Hash Cond: (mi_idx.movie_id = t.id)
  ->  Seq Scan on movie_info_idx mi_idx  (cost=0.00..21735.35 rows=1380035 width=4) (actual time=0.018..283.544 rows=1380035 loops=1)
  ->  Hash  (cost=58375.31..58375.31 rows=49 width=8) (actual time=900.052..900.052 rows=4 loops=1)
        Buckets: 1024  Batches: 1  Memory Usage: 9kB
        ->  Nested Loop  (cost=0.43..58375.31 rows=49 width=8) (actual time=4.609..900.040 rows=4 loops=1)
              ->  Seq Scan on movie_companies mc  (cost=0.00..57926.93 rows=53 width=4) (actual time=4.545..899.797 rows=4 loops=1)
                    Filter: ((company_id = 109006) AND (company_type_id = 2))
                    Rows Removed by Filter: 2609125
              ->  Index Scan using title_pkey on title t  (cost=0.43..8.45 rows=1 width=4) (actual time=0.053..0.054 rows=1 loops=4)
                    Index Cond: (id = mc.movie_id)
                    Filter: (production_year > 1924)
Planning time: 1.158 ms
Execution time: 1422.643 ms
