Hash Join  (cost=316577.58..1960056.44 rows=43926718 width=0) (actual time=7677.731..81276.498 rows=167581992 loops=1)
  Hash Cond: (ci.movie_id = t.id)
  ->  Seq Scan on cast_info ci  (cost=0.00..705507.15 rows=34570801 width=4) (actual time=0.017..17347.975 rows=34659287 loops=1)
        Filter: (person_id > 157653)
        Rows Removed by Filter: 1585057
  ->  Hash  (cost=263866.28..263866.28 rows=3212824 width=8) (actual time=7675.256..7675.256 rows=3815930 loops=1)
        Buckets: 131072  Batches: 64  Memory Usage: 3370kB
        ->  Hash Join  (cost=97066.09..263866.28 rows=3212824 width=8) (actual time=1929.943..6663.144 rows=3815930 loops=1)
              Hash Cond: (mk.movie_id = t.id)
              ->  Seq Scan on movie_keyword mk  (cost=0.00..69693.30 rows=4523930 width=4) (actual time=0.017..1500.319 rows=4523930 loops=1)
              ->  Hash  (cost=67604.59..67604.59 rows=1795720 width=4) (actual time=1927.789..1927.789 rows=1794153 loops=1)
                    Buckets: 131072  Batches: 32  Memory Usage: 3001kB
                    ->  Seq Scan on title t  (cost=0.00..67604.59 rows=1795720 width=4) (actual time=0.011..1337.907 rows=1794153 loops=1)
                          Filter: (production_year < 2009)
                          Rows Removed by Filter: 734159
Planning time: 1.216 ms
Execution time: 99399.965 ms
