Hash Join  (cost=74452.28..161904.56 rows=27423 width=0) (actual time=1121.702..2929.040 rows=55568 loops=1)
  Hash Cond: (mk.movie_id = t.id)
  ->  Seq Scan on movie_keyword mk  (cost=0.00..81003.12 rows=1646646 width=4) (actual time=0.013..1492.651 rows=1652599 loops=1)
        Filter: (keyword_id > 8853)
        Rows Removed by Filter: 2871331
  ->  Hash  (cost=73925.90..73925.90 rows=42110 width=4) (actual time=1120.870..1120.870 rows=33905 loops=1)
        Buckets: 65536  Batches: 1  Memory Usage: 1704kB
        ->  Seq Scan on title t  (cost=0.00..73925.90 rows=42110 width=4) (actual time=0.826..1106.741 rows=33905 loops=1)
              Filter: ((kind_id < 7) AND (production_year = 2006))
              Rows Removed by Filter: 2494407
Planning time: 0.743 ms
Execution time: 2937.067 ms
