Hash Join  (cost=147818.62..649922.70 rows=2089716 width=0) (actual time=3238.611..17435.389 rows=5171409 loops=1)
  Hash Cond: (mi.movie_id = t.id)
  ->  Seq Scan on movie_info mi  (cost=0.00..309384.22 rows=14739122 width=4) (actual time=0.008..6148.573 rows=14835720 loops=1)
  ->  Hash  (cost=141936.43..141936.43 rows=358495 width=8) (actual time=3237.730..3237.730 rows=353915 loops=1)
        Buckets: 131072  Batches: 8  Memory Usage: 2766kB
        ->  Hash Join  (cost=99591.38..141936.43 rows=358495 width=8) (actual time=1985.211..3120.819 rows=353915 loops=1)
              Hash Cond: (mi_idx.movie_id = t.id)
              ->  Seq Scan on movie_info_idx mi_idx  (cost=0.00..25185.44 rows=464934 width=4) (actual time=0.017..443.742 rows=460185 loops=1)
                    Filter: (info_type_id > 100)
                    Rows Removed by Filter: 919850
              ->  Hash  (cost=67604.59..67604.59 rows=1949663 width=4) (actual time=1984.282..1984.282 rows=1947263 loops=1)
                    Buckets: 131072  Batches: 32  Memory Usage: 3171kB
                    ->  Seq Scan on title t  (cost=0.00..67604.59 rows=1949663 width=4) (actual time=0.015..1358.124 rows=1947263 loops=1)
                          Filter: (production_year > 1979)
                          Rows Removed by Filter: 581049
Planning time: 1.151 ms
Execution time: 18017.569 ms
