Hash Join  (cost=92883.59..957224.31 rows=2006375 width=0) (actual time=7391.988..20211.309 rows=3401664 loops=1)
  Hash Cond: (ci.movie_id = t.id)
  ->  Seq Scan on cast_info ci  (cost=0.00..796071.18 rows=3292558 width=4) (actual time=5587.845..13674.327 rows=5518415 loops=1)
        Filter: ((person_id > 2045481) AND (role_id > 7))
        Rows Removed by Filter: 30725929
  ->  Hash  (cost=67604.59..67604.59 rows=1540800 width=4) (actual time=1802.723..1802.723 rows=1543264 loops=1)
        Buckets: 131072  Batches: 32  Memory Usage: 2722kB
        ->  Seq Scan on title t  (cost=0.00..67604.59 rows=1540800 width=4) (actual time=0.029..1296.032 rows=1543264 loops=1)
              Filter: (kind_id = 7)
              Rows Removed by Filter: 985048
Planning time: 1.158 ms
Execution time: 20634.107 ms
