Hash Join  (cost=102767.86..1141213.56 rows=9662186 width=0) (actual time=2199.937..21878.194 rows=6724840 loops=1)
  Hash Cond: (ci.movie_id = t.id)
  ->  Seq Scan on cast_info ci  (cost=0.00..796071.18 rows=9662186 width=4) (actual time=0.014..14071.523 rows=6724840 loops=1)
        Filter: ((person_id > 2402772) AND (role_id < 6))
        Rows Removed by Filter: 29519504
  ->  Hash  (cost=61283.27..61283.27 rows=2528527 width=4) (actual time=2198.564..2198.564 rows=2528312 loops=1)
        Buckets: 131072  Batches: 64  Memory Usage: 2415kB
        ->  Seq Scan on title t  (cost=0.00..61283.27 rows=2528527 width=4) (actual time=0.011..1073.779 rows=2528312 loops=1)
Planning time: 0.745 ms
Execution time: 22630.798 ms
