Hash Join  (cost=80549.28..1076925.69 rows=2411204 width=0) (actual time=3751.976..29808.760 rows=3438697 loops=1)
  Hash Cond: (ci.movie_id = t.id)
  ->  Seq Scan on cast_info ci  (cost=0.00..796071.18 rows=15101918 width=4) (actual time=2350.826..17046.020 rows=20122661 loops=1)
        Filter: ((person_id < 2802994) AND (role_id < 3))
        Rows Removed by Filter: 16121683
  ->  Hash  (cost=73925.90..73925.90 rows=403710 width=4) (actual time=1400.250..1400.250 rows=434218 loops=1)
        Buckets: 131072  Batches: 8  Memory Usage: 2935kB
        ->  Seq Scan on title t  (cost=0.00..73925.90 rows=403710 width=4) (actual time=0.029..1259.807 rows=434218 loops=1)
              Filter: ((production_year > 2008) AND (kind_id = 7))
              Rows Removed by Filter: 2094094
Planning time: 0.801 ms
Execution time: 30176.033 ms
