Hash Join  (cost=103324.96..618812.82 rows=6461089 width=0) (actual time=2525.667..14853.639 rows=6543546 loops=1)
  Hash Cond: (mi.movie_id = t.id)
  ->  Seq Scan on movie_info mi  (cost=0.00..346232.03 rows=7503588 width=4) (actual time=214.236..6264.707 rows=7548855 loops=1)
        Filter: (info_type_id > 7)
        Rows Removed by Filter: 7286865
  ->  Hash  (cost=67604.59..67604.59 rows=2177230 width=4) (actual time=2310.073..2310.073 rows=2171163 loops=1)
        Buckets: 131072  Batches: 32  Memory Usage: 3421kB
        ->  Seq Scan on title t  (cost=0.00..67604.59 rows=2177230 width=4) (actual time=0.022..1417.923 rows=2171163 loops=1)
              Filter: (production_year > 1963)
              Rows Removed by Filter: 357149
Planning time: 0.772 ms
Execution time: 15685.351 ms
