Seq Scan on movie_keyword mk  (cost=0.00..81003.12 rows=246 width=0) (actual time=1.710..1278.961 rows=141 loops=1)
  Filter: (keyword_id = 4757)
  Rows Removed by Filter: 4523789
Planning time: 0.378 ms
Execution time: 1279.154 ms
