Hash Join  (cost=28268.58..114927.95 rows=134 width=0) (actual time=421.746..2338.936 rows=19079 loops=1)
  Hash Cond: (mk.movie_id = t.id)
  ->  Seq Scan on movie_keyword mk  (cost=0.00..69693.30 rows=4523930 width=4) (actual time=0.026..1155.088 rows=4523930 loops=1)
  ->  Hash  (cost=28267.64..28267.64 rows=75 width=8) (actual time=399.351..399.351 rows=117 loops=1)
        Buckets: 1024  Batches: 1  Memory Usage: 13kB
        ->  Nested Loop  (cost=0.43..28267.64 rows=75 width=8) (actual time=230.373..399.287 rows=117 loops=1)
              ->  Seq Scan on movie_info_idx mi_idx  (cost=0.00..25185.44 rows=368 width=4) (actual time=230.310..394.998 rows=260 loops=1)
                    Filter: (info_type_id > 101)
                    Rows Removed by Filter: 1379775
              ->  Index Scan using title_pkey on title t  (cost=0.43..8.37 rows=1 width=4) (actual time=0.016..0.016 rows=0 loops=260)
                    Index Cond: (id = mi_idx.movie_id)
                    Filter: ((kind_id < 3) AND (production_year > 1991))
                    Rows Removed by Filter: 1
Planning time: 0.784 ms
Execution time: 2341.399 ms
