Hash Join  (cost=210658.95..334302.30 rows=981049 width=0) (actual time=4697.722..9980.394 rows=11544951 loops=1)
  Hash Cond: (mk.movie_id = t.id)
  ->  Seq Scan on movie_keyword mk  (cost=0.00..81003.12 rows=2504463 width=4) (actual time=0.030..1598.700 rows=2498398 loops=1)
        Filter: (keyword_id < 6104)
        Rows Removed by Filter: 2025532
  ->  Hash  (cost=194408.01..194408.01 rows=990475 width=8) (actual time=4696.718..4696.718 rows=849193 loops=1)
        Buckets: 131072  Batches: 16  Memory Usage: 3147kB
        ->  Hash Join  (cost=102767.86..194408.01 rows=990475 width=8) (actual time=1954.864..4446.031 rows=849193 loops=1)
              Hash Cond: (mc.movie_id = t.id)
              ->  Seq Scan on movie_companies mc  (cost=0.00..57926.93 rows=990475 width=4) (actual time=0.023..1169.676 rows=849193 loops=1)
                    Filter: ((company_id > 666) AND (company_type_id < 2))
                    Rows Removed by Filter: 1759936
              ->  Hash  (cost=61283.27..61283.27 rows=2528527 width=4) (actual time=1954.023..1954.023 rows=2528312 loops=1)
                    Buckets: 131072  Batches: 64  Memory Usage: 2415kB
                    ->  Seq Scan on title t  (cost=0.00..61283.27 rows=2528527 width=4) (actual time=0.023..1105.011 rows=2528312 loops=1)
Planning time: 1.153 ms
Execution time: 11254.118 ms
