Hash Join  (cost=68438.72..128735.16 rows=15579 width=0) (actual time=1184.344..2292.595 rows=5367 loops=1)
  Hash Cond: (mc.movie_id = t.id)
  ->  Seq Scan on movie_companies mc  (cost=0.00..57926.93 rows=590322 width=4) (actual time=0.028..1016.472 rows=328787 loops=1)
        Filter: ((company_id > 12122) AND (company_type_id < 2))
        Rows Removed by Filter: 2280342
  ->  Hash  (cost=67604.59..67604.59 rows=66731 width=4) (actual time=1183.688..1183.688 rows=67342 loops=1)
        Buckets: 131072  Batches: 1  Memory Usage: 3392kB
        ->  Seq Scan on title t  (cost=0.00..67604.59 rows=66731 width=4) (actual time=0.014..1155.539 rows=67342 loops=1)
              Filter: (production_year > 2012)
              Rows Removed by Filter: 2460970
Planning time: 0.692 ms
Execution time: 2293.801 ms
