Seq Scan on title t  (cost=0.00..73925.90 rows=909762 width=0) (actual time=0.018..1157.677 rows=844670 loops=1)
  Filter: ((kind_id < 7) AND (production_year > 1936))
  Rows Removed by Filter: 1683642
Planning time: 0.318 ms
Execution time: 1261.602 ms
