Hash Join  (cost=89299.55..566698.75 rows=3924072 width=0) (actual time=1880.274..13572.053 rows=3765630 loops=1)
  Hash Cond: (mi.movie_id = t.id)
  ->  Seq Scan on movie_info mi  (cost=0.00..346232.03 rows=7503588 width=4) (actual time=0.019..6747.667 rows=7548855 loops=1)
        Filter: (info_type_id > 7)
        Rows Removed by Filter: 7286865
  ->  Hash  (cost=67604.59..67604.59 rows=1322317 width=4) (actual time=1878.939..1878.939 rows=1322863 loops=1)
        Buckets: 131072  Batches: 32  Memory Usage: 2488kB
        ->  Seq Scan on title t  (cost=0.00..67604.59 rows=1322317 width=4) (actual time=0.012..1437.796 rows=1322863 loops=1)
              Filter: (production_year > 2001)
              Rows Removed by Filter: 1205449
Planning time: 0.784 ms
Execution time: 14004.563 ms
