Hash Join  (cost=73962.22..881942.58 rows=31299 width=0) (actual time=1274.907..20086.468 rows=68188 loops=1)
  Hash Cond: (ci.movie_id = t.id)
  ->  Seq Scan on cast_info ci  (cost=0.00..705507.15 rows=27242726 width=4) (actual time=201.359..13480.693 rows=27385370 loops=1)
        Filter: (person_id > 871625)
        Rows Removed by Filter: 8858974
  ->  Hash  (cost=73925.90..73925.90 rows=2905 width=4) (actual time=1072.775..1072.775 rows=6093 loops=1)
        Buckets: 8192 (originally 4096)  Batches: 1 (originally 1)  Memory Usage: 279kB
        ->  Seq Scan on title t  (cost=0.00..73925.90 rows=2905 width=4) (actual time=1.280..1069.701 rows=6093 loops=1)
              Filter: ((kind_id < 7) AND (production_year = 1977))
              Rows Removed by Filter: 2522219
Planning time: 0.751 ms
Execution time: 20101.235 ms
