Hash Join  (cost=151689.85..655409.98 rows=2241222 width=0) (actual time=3647.286..17655.043 rows=5677299 loops=1)
  Hash Cond: (mi.movie_id = t.id)
  ->  Seq Scan on movie_info mi  (cost=0.00..309384.22 rows=14739122 width=4) (actual time=0.010..6097.595 rows=14835720 loops=1)
  ->  Hash  (cost=145381.77..145381.77 rows=384486 width=8) (actual time=3646.345..3646.345 rows=390088 loops=1)
        Buckets: 131072  Batches: 8  Memory Usage: 2944kB
        ->  Hash Join  (cost=102205.59..145381.77 rows=384486 width=8) (actual time=2273.226..3529.569 rows=390088 loops=1)
              Hash Cond: (mi_idx.movie_id = t.id)
              ->  Seq Scan on movie_info_idx mi_idx  (cost=0.00..25185.44 rows=460978 width=4) (actual time=0.028..510.955 rows=459925 loops=1)
                    Filter: (info_type_id = 99)
                    Rows Removed by Filter: 920110
              ->  Hash  (cost=67604.59..67604.59 rows=2108960 width=4) (actual time=2272.402..2272.402 rows=2104137 loops=1)
                    Buckets: 131072  Batches: 32  Memory Usage: 3341kB
                    ->  Seq Scan on title t  (cost=0.00..67604.59 rows=2108960 width=4) (actual time=0.018..1424.851 rows=2104137 loops=1)
                          Filter: (production_year > 1968)
                          Rows Removed by Filter: 424175
Planning time: 1.162 ms
Execution time: 18246.508 ms
