Hash Join  (cost=92883.59..548093.54 rows=3318436 width=0) (actual time=2874.403..11471.043 rows=951682 loops=1)
  Hash Cond: (mi.movie_id = t.id)
  ->  Seq Scan on movie_info mi  (cost=0.00..346232.03 rows=5445713 width=4) (actual time=1194.312..6173.004 rows=5410520 loops=1)
        Filter: (info_type_id < 6)
        Rows Removed by Filter: 9425200
  ->  Hash  (cost=67604.59..67604.59 rows=1540800 width=4) (actual time=1679.228..1679.228 rows=1543264 loops=1)
        Buckets: 131072  Batches: 32  Memory Usage: 2728kB
        ->  Seq Scan on title t  (cost=0.00..67604.59 rows=1540800 width=4) (actual time=0.019..1173.784 rows=1543264 loops=1)
              Filter: (kind_id = 7)
              Rows Removed by Filter: 985048
Planning time: 0.804 ms
Execution time: 11579.650 ms
