Seq Scan on movie_keyword mk  (cost=0.00..81003.12 rows=979595 width=0) (actual time=0.022..1424.547 rows=986426 loops=1)
  Filter: (keyword_id < 927)
  Rows Removed by Filter: 3537504
Planning time: 0.306 ms
Execution time: 1549.546 ms
