Hash Join  (cost=85113.64..162305.80 rows=313957 width=0) (actual time=1821.966..3401.055 rows=143984 loops=1)
  Hash Cond: (mc.movie_id = t.id)
  ->  Seq Scan on movie_companies mc  (cost=0.00..57926.93 rows=1164174 width=4) (actual time=221.154..1194.680 rows=1095971 loops=1)
        Filter: ((company_id > 92) AND (company_type_id < 2))
        Rows Removed by Filter: 1513158
  ->  Hash  (cost=73925.90..73925.90 rows=681899 width=4) (actual time=1599.280..1599.280 rows=565062 loops=1)
        Buckets: 131072  Batches: 16  Memory Usage: 2266kB
        ->  Seq Scan on title t  (cost=0.00..73925.90 rows=681899 width=4) (actual time=0.043..1408.286 rows=565062 loops=1)
              Filter: ((kind_id > 1) AND (production_year < 1998))
              Rows Removed by Filter: 1963250
Planning time: 0.803 ms
Execution time: 3417.058 ms
