Nested Loop  (cost=0.43..58375.31 rows=21 width=0) (actual time=376.413..936.808 rows=67 loops=1)
  ->  Seq Scan on movie_companies mc  (cost=0.00..57926.93 rows=53 width=4) (actual time=371.125..932.999 rows=133 loops=1)
        Filter: ((company_type_id > 1) AND (company_id = 1479))
        Rows Removed by Filter: 2608996
  ->  Index Scan using title_pkey on title t  (cost=0.43..8.45 rows=1 width=4) (actual time=0.026..0.026 rows=1 loops=133)
        Index Cond: (id = mc.movie_id)
        Filter: (kind_id < 7)
        Rows Removed by Filter: 0
Planning time: 0.764 ms
Execution time: 936.950 ms
