Hash Join  (cost=91959.31..686780.84 rows=8176140 width=0) (actual time=1825.715..18711.140 rows=6963702 loops=1)
  Hash Cond: (mi.movie_id = t.id)
  ->  Seq Scan on movie_info mi  (cost=0.00..346232.03 rows=13926693 width=4) (actual time=0.009..7355.520 rows=13963496 loops=1)
        Filter: (info_type_id < 98)
        Rows Removed by Filter: 872224
  ->  Hash  (cost=67604.59..67604.59 rows=1484458 width=4) (actual time=1824.320..1824.320 rows=1485030 loops=1)
        Buckets: 131072  Batches: 32  Memory Usage: 2663kB
        ->  Seq Scan on title t  (cost=0.00..67604.59 rows=1484458 width=4) (actual time=0.010..1335.112 rows=1485030 loops=1)
              Filter: (production_year > 1998)
              Rows Removed by Filter: 1043282
Planning time: 2.781 ms
Execution time: 19465.722 ms
