Hash Join  (cost=102843.09..189590.86 rows=8973 width=0) (actual time=1816.483..3697.133 rows=112544 loops=1)
  Hash Cond: (mk.movie_id = t.id)
  ->  Seq Scan on movie_keyword mk  (cost=0.00..69693.30 rows=4523930 width=4) (actual time=0.012..1011.112 rows=4523930 loops=1)
  ->  Hash  (cost=102780.41..102780.41 rows=5015 width=8) (actual time=1816.120..1816.120 rows=8405 loops=1)
        Buckets: 16384 (originally 8192)  Batches: 1 (originally 1)  Memory Usage: 457kB
        ->  Hash Join  (cost=74098.35..102780.41 rows=5015 width=8) (actual time=1129.873..1812.457 rows=8405 loops=1)
              Hash Cond: (mi_idx.movie_id = t.id)
              ->  Seq Scan on movie_info_idx mi_idx  (cost=0.00..25185.44 rows=919057 width=4) (actual time=0.023..506.867 rows=920110 loops=1)
                    Filter: (info_type_id > 99)
                    Rows Removed by Filter: 459925
              ->  Hash  (cost=73925.90..73925.90 rows=13796 width=4) (actual time=1129.701..1129.701 rows=8100 loops=1)
                    Buckets: 16384  Batches: 1  Memory Usage: 413kB
                    ->  Seq Scan on title t  (cost=0.00..73925.90 rows=13796 width=4) (actual time=0.055..1126.192 rows=8100 loops=1)
                          Filter: ((kind_id = 1) AND (production_year = 2000))
                          Rows Removed by Filter: 2520212
Planning time: 1.183 ms
Execution time: 3711.944 ms
