Seq Scan on movie_companies mc  (cost=0.00..57926.93 rows=53 width=0) (actual time=94.323..899.890 rows=247 loops=1)
  Filter: ((company_id = 892) AND (company_type_id = 2))
  Rows Removed by Filter: 2608882
Planning time: 0.368 ms
Execution time: 900.060 ms
