Hash Join  (cost=263115.61..1275243.52 rows=8712674 width=0) (actual time=6610.109..26672.220 rows=8359159 loops=1)
  Hash Cond: (ci.movie_id = t.id)
  ->  Seq Scan on cast_info ci  (cost=0.00..796071.18 rows=8443519 width=4) (actual time=0.019..15496.840 rows=3939518 loops=1)
        Filter: ((person_id > 1190912) AND (role_id = 1))
        Rows Removed by Filter: 32304826
  ->  Hash  (cost=220309.49..220309.49 rows=2609129 width=8) (actual time=6609.209..6609.209 rows=2609129 loops=1)
        Buckets: 131072  Batches: 64  Memory Usage: 2610kB
        ->  Hash Join  (cost=102767.86..220309.49 rows=2609129 width=8) (actual time=1963.504..5849.553 rows=2609129 loops=1)
              Hash Cond: (mc.movie_id = t.id)
              ->  Seq Scan on movie_companies mc  (cost=0.00..44881.29 rows=2609129 width=4) (actual time=0.015..1000.208 rows=2609129 loops=1)
              ->  Hash  (cost=61283.27..61283.27 rows=2528527 width=4) (actual time=1962.150..1962.150 rows=2528312 loops=1)
                    Buckets: 131072  Batches: 64  Memory Usage: 2415kB
                    ->  Seq Scan on title t  (cost=0.00..61283.27 rows=2528527 width=4) (actual time=0.018..1120.668 rows=2528312 loops=1)
Planning time: 1.141 ms
Execution time: 27615.376 ms
