Nested Loop  (cost=0.43..83071.67 rows=246 width=0) (actual time=376.774..1309.991 rows=2 loops=1)
  ->  Seq Scan on movie_keyword mk  (cost=0.00..81003.12 rows=246 width=4) (actual time=376.653..1309.817 rows=2 loops=1)
        Filter: (keyword_id = 70544)
        Rows Removed by Filter: 4523928
  ->  Index Only Scan using title_pkey on title t  (cost=0.43..8.40 rows=1 width=4) (actual time=0.073..0.075 rows=1 loops=2)
        Index Cond: (id = mk.movie_id)
        Heap Fetches: 2
Planning time: 0.755 ms
Execution time: 1310.050 ms
