Seq Scan on movie_companies mc  (cost=0.00..57926.93 rows=529887 width=0) (actual time=0.018..980.596 rows=834294 loops=1)
  Filter: ((company_id > 14996) AND (company_type_id = 2))
  Rows Removed by Filter: 1774835
Planning time: 0.362 ms
Execution time: 1080.485 ms
