Seq Scan on cast_info ci  (cost=0.00..705507.15 rows=500 width=0) (actual time=9703.750..10085.051 rows=1 loops=1)
  Filter: (person_id = 716198)
  Rows Removed by Filter: 36244343
Planning time: 0.367 ms
Execution time: 10085.128 ms
