Hash Join  (cost=156649.15..227594.16 rows=153683 width=0) (actual time=3465.550..5144.433 rows=456848 loops=1)
  Hash Cond: (mc.movie_id = t.id)
  ->  Seq Scan on movie_companies mc  (cost=0.00..57926.93 rows=835798 width=4) (actual time=177.075..1166.468 rows=1046857 loops=1)
        Filter: ((company_id > 4136) AND (company_type_id > 1))
        Rows Removed by Filter: 1562272
  ->  Hash  (cost=149020.47..149020.47 rows=464934 width=8) (actual time=3287.599..3287.599 rows=460185 loops=1)
        Buckets: 131072  Batches: 8  Memory Usage: 3276kB
        ->  Hash Join  (cost=102767.86..149020.47 rows=464934 width=8) (actual time=1941.243..3157.136 rows=460185 loops=1)
              Hash Cond: (mi_idx.movie_id = t.id)
              ->  Seq Scan on movie_info_idx mi_idx  (cost=0.00..25185.44 rows=464934 width=4) (actual time=0.016..498.009 rows=460185 loops=1)
                    Filter: (info_type_id > 100)
                    Rows Removed by Filter: 919850
              ->  Hash  (cost=61283.27..61283.27 rows=2528527 width=4) (actual time=1939.006..1939.006 rows=2528312 loops=1)
                    Buckets: 131072  Batches: 64  Memory Usage: 2415kB
                    ->  Seq Scan on title t  (cost=0.00..61283.27 rows=2528527 width=4) (actual time=0.026..1096.116 rows=2528312 loops=1)
Planning time: 0.756 ms
Execution time: 5198.489 ms
