Hash Join  (cost=102767.86..911907.35 rows=132573 width=0) (actual time=13822.414..16172.091 rows=20109 loops=1)
  Hash Cond: (ci.movie_id = t.id)
  ->  Seq Scan on cast_info ci  (cost=0.00..796071.18 rows=132573 width=4) (actual time=11712.586..13646.119 rows=20109 loops=1)
        Filter: ((person_id < 1626419) AND (role_id = 7))
        Rows Removed by Filter: 36224235
  ->  Hash  (cost=61283.27..61283.27 rows=2528527 width=4) (actual time=2107.452..2107.452 rows=2528312 loops=1)
        Buckets: 131072  Batches: 64  Memory Usage: 2415kB
        ->  Seq Scan on title t  (cost=0.00..61283.27 rows=2528527 width=4) (actual time=0.024..1256.247 rows=2528312 loops=1)
Planning time: 0.759 ms
Execution time: 16174.748 ms
