Hash Join  (cost=83810.17..215625.97 rows=1185710 width=0) (actual time=1547.276..5164.466 rows=2568725 loops=1)
  Hash Cond: (mk.movie_id = t.id)
  ->  Seq Scan on movie_keyword mk  (cost=0.00..81003.12 rows=3035352 width=4) (actual time=0.016..1582.749 rows=3023311 loops=1)
        Filter: (keyword_id > 2158)
        Rows Removed by Filter: 1500619
  ->  Hash  (cost=67604.59..67604.59 rows=987727 width=4) (actual time=1546.177..1546.177 rows=985048 loops=1)
        Buckets: 131072  Batches: 16  Memory Usage: 3197kB
        ->  Seq Scan on title t  (cost=0.00..67604.59 rows=987727 width=4) (actual time=0.021..1217.808 rows=985048 loops=1)
              Filter: (kind_id < 7)
              Rows Removed by Filter: 1543264
Planning time: 0.766 ms
Execution time: 5442.832 ms
