Hash Join  (cost=462286.90..593257.47 rows=736054 width=0) (actual time=8214.516..12252.205 rows=341326 loops=1)
  Hash Cond: (mk.movie_id = t.id)
  ->  Seq Scan on movie_keyword mk  (cost=0.00..69693.30 rows=4523930 width=4) (actual time=0.012..1415.703 rows=4523930 loops=1)
  ->  Hash  (cost=455536.43..455536.43 rows=411397 width=8) (actual time=8213.131..8213.131 rows=279215 loops=1)
        Buckets: 131072  Batches: 8  Memory Usage: 2387kB
        ->  Hash Join  (cost=86678.77..455536.43 rows=411397 width=8) (actual time=4071.842..8129.922 rows=279215 loops=1)
              Hash Cond: (mi.movie_id = t.id)
              ->  Seq Scan on movie_info mi  (cost=0.00..346232.03 rows=1338312 width=4) (actual time=2495.325..5753.361 rows=1401902 loops=1)
                    Filter: (info_type_id = 7)
                    Rows Removed by Filter: 13433818
              ->  Hash  (cost=73925.90..73925.90 rows=777269 width=4) (actual time=1575.408..1575.408 rows=690703 loops=1)
                    Buckets: 131072  Batches: 16  Memory Usage: 2547kB
                    ->  Seq Scan on title t  (cost=0.00..73925.90 rows=777269 width=4) (actual time=0.032..1349.387 rows=690703 loops=1)
                          Filter: ((kind_id > 4) AND (production_year < 2004))
                          Rows Removed by Filter: 1837609
Planning time: 1.074 ms
Execution time: 12294.967 ms
