Hash Join  (cost=102767.86..277189.18 rows=3471766 width=0) (actual time=2059.231..6658.353 rows=3464210 loops=1)
  Hash Cond: (mk.movie_id = t.id)
  ->  Seq Scan on movie_keyword mk  (cost=0.00..81003.12 rows=3471766 width=4) (actual time=0.013..1826.146 rows=3464210 loops=1)
        Filter: (keyword_id > 1056)
        Rows Removed by Filter: 1059720
  ->  Hash  (cost=61283.27..61283.27 rows=2528527 width=4) (actual time=2058.060..2058.060 rows=2528312 loops=1)
        Buckets: 131072  Batches: 64  Memory Usage: 2425kB
        ->  Seq Scan on title t  (cost=0.00..61283.27 rows=2528527 width=4) (actual time=0.020..1184.538 rows=2528312 loops=1)
Planning time: 0.787 ms
Execution time: 7036.309 ms
