Seq Scan on movie_keyword mk  (cost=0.00..81003.12 rows=246 width=0) (actual time=43.342..1325.724 rows=22 loops=1)
  Filter: (keyword_id = 40337)
  Rows Removed by Filter: 4523908
Planning time: 3.015 ms
Execution time: 1325.826 ms
