Seq Scan on cast_info ci  (cost=0.00..705507.15 rows=500 width=0) (actual time=3651.674..10619.070 rows=485 loops=1)
  Filter: (person_id = 2954099)
  Rows Removed by Filter: 36243859
Planning time: 0.415 ms
Execution time: 10619.209 ms
