Hash Join  (cost=204955.20..349739.14 rows=1869890 width=0) (actual time=4478.098..13781.542 rows=24923953 loops=1)
  Hash Cond: (mk.movie_id = t.id)
  ->  Seq Scan on movie_keyword mk  (cost=0.00..69693.30 rows=4523930 width=4) (actual time=0.018..1427.408 rows=4523930 loops=1)
  ->  Hash  (cost=187808.15..187808.15 rows=1045124 width=8) (actual time=4477.040..4477.040 rows=1151325 loops=1)
        Buckets: 131072  Batches: 16  Memory Usage: 3897kB
        ->  Hash Join  (cost=101489.21..187808.15 rows=1045124 width=8) (actual time=2107.508..4130.978 rows=1151325 loops=1)
              Hash Cond: (mc.movie_id = t.id)
              ->  Seq Scan on movie_companies mc  (cost=0.00..51404.11 rows=1279517 width=4) (actual time=199.704..900.934 rows=1274246 loops=1)
                    Filter: (company_type_id < 2)
                    Rows Removed by Filter: 1334883
              ->  Hash  (cost=67604.59..67604.59 rows=2065330 width=4) (actual time=1906.998..1906.998 rows=2064552 loops=1)
                    Buckets: 131072  Batches: 32  Memory Usage: 3289kB
                    ->  Seq Scan on title t  (cost=0.00..67604.59 rows=2065330 width=4) (actual time=0.029..1261.248 rows=2064552 loops=1)
                          Filter: (production_year < 2011)
                          Rows Removed by Filter: 463760
Planning time: 1.122 ms
Execution time: 16717.861 ms
