Hash Join  (cost=79690.18..541814.86 rows=1228453 width=0) (actual time=1253.153..11686.868 rows=672214 loops=1)
  Hash Cond: (mi.movie_id = t.id)
  ->  Seq Scan on movie_info mi  (cost=0.00..346232.03 rows=8841901 width=4) (actual time=0.019..6437.553 rows=8950757 loops=1)
        Filter: (info_type_id > 6)
        Rows Removed by Filter: 5884963
  ->  Hash  (cost=73925.90..73925.90 rows=351302 width=4) (actual time=1252.389..1252.389 rows=233910 loops=1)
        Buckets: 131072  Batches: 8  Memory Usage: 2045kB
        ->  Seq Scan on title t  (cost=0.00..73925.90 rows=351302 width=4) (actual time=251.961..1172.569 rows=233910 loops=1)
              Filter: ((production_year < 1984) AND (kind_id = 7))
              Rows Removed by Filter: 2294402
Planning time: 0.615 ms
Execution time: 11770.223 ms
