Seq Scan on movie_keyword mk  (cost=0.00..81003.12 rows=2296569 width=0) (actual time=0.025..1100.588 rows=2299305 loops=1)
  Filter: (keyword_id < 4928)
  Rows Removed by Filter: 2224625
Planning time: 0.320 ms
Execution time: 1337.432 ms
