Hash Join  (cost=428398.53..1179229.52 rows=4190 width=0) (actual time=7215.270..23052.677 rows=20168 loops=1)
  Hash Cond: (ci.movie_id = t.id)
  ->  Seq Scan on cast_info ci  (cost=0.00..614943.12 rows=36225612 width=4) (actual time=0.012..8681.632 rows=36244344 loops=1)
  ->  Hash  (cost=428394.88..428394.88 rows=292 width=8) (actual time=7214.195..7214.195 rows=815 loops=1)
        Buckets: 1024  Batches: 1  Memory Usage: 40kB
        ->  Hash Join  (cost=73930.12..428394.88 rows=292 width=8) (actual time=1303.007..7213.623 rows=815 loops=1)
              Hash Cond: (mi.movie_id = t.id)
              ->  Seq Scan on movie_info mi  (cost=0.00..346232.03 rows=2194617 width=4) (actual time=166.450..5829.687 rows=2233850 loops=1)
                    Filter: (info_type_id > 16)
                    Rows Removed by Filter: 12601870
              ->  Hash  (cost=73925.90..73925.90 rows=337 width=4) (actual time=1032.173..1032.173 rows=1387 loops=1)
                    Buckets: 2048 (originally 1024)  Batches: 1 (originally 1)  Memory Usage: 65kB
                    ->  Seq Scan on title t  (cost=0.00..73925.90 rows=337 width=4) (actual time=0.334..1031.334 rows=1387 loops=1)
                          Filter: ((kind_id = 4) AND (production_year = 1991))
                          Rows Removed by Filter: 2526925
Planning time: 1.283 ms
Execution time: 23057.070 ms
