Hash Join  (cost=912556.17..1398260.40 rows=552730 width=0) (actual time=12652.605..26006.356 rows=3789619 loops=1)
  Hash Cond: (mi.movie_id = t.id)
  ->  Seq Scan on movie_info mi  (cost=0.00..309384.22 rows=14739122 width=4) (actual time=0.019..5849.145 rows=14835720 loops=1)
  ->  Hash  (cost=910999.90..910999.90 rows=94822 width=8) (actual time=12651.786..12651.786 rows=241779 loops=1)
        Buckets: 131072 (originally 131072)  Batches: 4 (originally 2)  Memory Usage: 3382kB
        ->  Hash Join  (cost=102767.86..910999.90 rows=94822 width=8) (actual time=5700.860..12571.262 rows=241779 loops=1)
              Hash Cond: (ci.movie_id = t.id)
              ->  Seq Scan on cast_info ci  (cost=0.00..796071.18 rows=94822 width=4) (actual time=3753.338..10056.931 rows=241779 loops=1)
                    Filter: ((person_id > 4019423) AND (role_id > 2))
                    Rows Removed by Filter: 36002565
              ->  Hash  (cost=61283.27..61283.27 rows=2528527 width=4) (actual time=1945.416..1945.416 rows=2528312 loops=1)
                    Buckets: 131072  Batches: 64  Memory Usage: 2415kB
                    ->  Seq Scan on title t  (cost=0.00..61283.27 rows=2528527 width=4) (actual time=0.028..1084.703 rows=2528312 loops=1)
Planning time: 1.870 ms
Execution time: 26468.136 ms
