Hash Join  (cost=102767.86..984493.73 rows=3149089 width=0) (actual time=11365.583..19357.588 rows=3424785 loops=1)
  Hash Cond: (ci.movie_id = t.id)
  ->  Seq Scan on cast_info ci  (cost=0.00..796071.18 rows=3149089 width=4) (actual time=9464.689..14311.059 rows=3424785 loops=1)
        Filter: ((person_id > 736140) AND (role_id = 3))
        Rows Removed by Filter: 32819559
  ->  Hash  (cost=61283.27..61283.27 rows=2528527 width=4) (actual time=1899.814..1899.814 rows=2528312 loops=1)
        Buckets: 131072  Batches: 64  Memory Usage: 2415kB
        ->  Seq Scan on title t  (cost=0.00..61283.27 rows=2528527 width=4) (actual time=0.016..1049.601 rows=2528312 loops=1)
Planning time: 0.761 ms
Execution time: 19772.603 ms
