Hash Join  (cost=106808.86..193778.92 rows=31203 width=0) (actual time=1938.417..3499.096 rows=191140 loops=1)
  Hash Cond: (mk.movie_id = t.id)
  ->  Seq Scan on movie_keyword mk  (cost=0.00..69693.30 rows=4523930 width=4) (actual time=0.012..795.942 rows=4523930 loops=1)
  ->  Hash  (cost=106590.86..106590.86 rows=17440 width=8) (actual time=1915.728..1915.728 rows=27844 loops=1)
        Buckets: 32768  Batches: 1  Memory Usage: 1344kB
        ->  Hash Join  (cost=75482.52..106590.86 rows=17440 width=8) (actual time=1463.970..1905.403 rows=27844 loops=1)
              Hash Cond: (mi_idx.movie_id = t.id)
              ->  Seq Scan on movie_info_idx mi_idx  (cost=0.00..25185.44 rows=464934 width=4) (actual time=0.033..420.831 rows=460185 loops=1)
                    Filter: (info_type_id > 100)
                    Rows Removed by Filter: 919850
              ->  Hash  (cost=73925.90..73925.90 rows=94849 width=4) (actual time=1271.896..1271.896 rows=117911 loops=1)
                    Buckets: 131072  Batches: 2  Memory Usage: 3095kB
                    ->  Seq Scan on title t  (cost=0.00..73925.90 rows=94849 width=4) (actual time=0.022..1230.720 rows=117911 loops=1)
                          Filter: ((production_year > 1969) AND (kind_id = 4))
                          Rows Removed by Filter: 2410401
Planning time: 1.197 ms
Execution time: 3519.732 ms
