Hash Join  (cost=92508.29..998201.66 rows=5466121 width=0) (actual time=10104.688..23287.643 rows=5936185 loops=1)
  Hash Cond: (ci.movie_id = t.id)
  ->  Seq Scan on cast_info ci  (cost=0.00..705507.15 rows=12203201 width=4) (actual time=8252.064..13660.533 rows=12113646 loops=1)
        Filter: (role_id > 3)
        Rows Removed by Filter: 24130698
  ->  Hash  (cost=73925.90..73925.90 rows=1132591 width=4) (actual time=1851.100..1851.100 rows=1224674 loops=1)
        Buckets: 131072  Batches: 16  Memory Usage: 3727kB
        ->  Seq Scan on title t  (cost=0.00..73925.90 rows=1132591 width=4) (actual time=0.050..1481.588 rows=1224674 loops=1)
              Filter: ((production_year > 1985) AND (kind_id = 7))
              Rows Removed by Filter: 1303638
Planning time: 0.762 ms
Execution time: 23941.919 ms
