Hash Join  (cost=190230.21..336687.64 rows=1926006 width=0) (actual time=4300.381..9880.842 rows=8119083 loops=1)
  Hash Cond: (mk.movie_id = t.id)
  ->  Seq Scan on movie_keyword mk  (cost=0.00..81003.12 rows=3528865 width=4) (actual time=0.011..1869.002 rows=3519082 loops=1)
        Filter: (keyword_id < 18358)
        Rows Removed by Filter: 1004848
  ->  Hash  (cost=167588.78..167588.78 rows=1380035 width=8) (actual time=4299.148..4299.148 rows=1380035 loops=1)
        Buckets: 131072  Batches: 32  Memory Usage: 2726kB
        ->  Hash Join  (cost=102767.86..167588.78 rows=1380035 width=8) (actual time=1900.357..3873.779 rows=1380035 loops=1)
              Hash Cond: (mi_idx.movie_id = t.id)
              ->  Seq Scan on movie_info_idx mi_idx  (cost=0.00..21735.35 rows=1380035 width=4) (actual time=0.021..450.802 rows=1380035 loops=1)
              ->  Hash  (cost=61283.27..61283.27 rows=2528527 width=4) (actual time=1899.502..1899.502 rows=2528312 loops=1)
                    Buckets: 131072  Batches: 64  Memory Usage: 2415kB
                    ->  Seq Scan on title t  (cost=0.00..61283.27 rows=2528527 width=4) (actual time=0.013..1049.213 rows=2528312 loops=1)
Planning time: 0.775 ms
Execution time: 10801.219 ms
