Hash Join  (cost=128236.05..493247.79 rows=35581 width=0) (actual time=1392.795..8058.502 rows=437 loops=1)
  Hash Cond: (mi.movie_id = t.id)
  ->  Seq Scan on movie_info mi  (cost=0.00..309384.22 rows=14739122 width=4) (actual time=0.013..4231.735 rows=14835720 loops=1)
  ->  Hash  (cost=128159.75..128159.75 rows=6104 width=8) (actual time=1082.429..1082.429 rows=33 loops=1)
        Buckets: 8192  Batches: 1  Memory Usage: 66kB
        ->  Nested Loop  (cost=0.43..128159.75 rows=6104 width=8) (actual time=27.709..1082.398 rows=33 loops=1)
              ->  Seq Scan on movie_companies mc  (cost=0.00..51404.11 rows=12263 width=4) (actual time=0.474..844.940 rows=10163 loops=1)
                    Filter: (company_id = 846)
                    Rows Removed by Filter: 2598966
              ->  Index Scan using title_pkey on title t  (cost=0.43..6.25 rows=1 width=4) (actual time=0.023..0.023 rows=0 loops=10163)
                    Index Cond: (id = mc.movie_id)
                    Filter: ((production_year < 2011) AND (kind_id = 7))
                    Rows Removed by Filter: 1
Planning time: 1.160 ms
Execution time: 8058.800 ms
