Hash Join  (cost=93117.31..179696.04 rows=943707 width=0) (actual time=1836.781..4206.710 rows=1118707 loops=1)
  Hash Cond: (mc.movie_id = t.id)
  ->  Seq Scan on movie_companies mc  (cost=0.00..51404.11 rows=1534508 width=4) (actual time=0.028..1033.803 rows=1521294 loops=1)
        Filter: (company_id < 14267)
        Rows Removed by Filter: 1087835
  ->  Hash  (cost=67604.59..67604.59 rows=1555018 width=4) (actual time=1835.734..1835.734 rows=1551727 loops=1)
        Buckets: 131072  Batches: 32  Memory Usage: 2728kB
        ->  Seq Scan on title t  (cost=0.00..67604.59 rows=1555018 width=4) (actual time=0.028..1325.002 rows=1551727 loops=1)
              Filter: (production_year < 2007)
              Rows Removed by Filter: 976585
Planning time: 0.753 ms
Execution time: 4345.615 ms
