Seq Scan on movie_companies mc  (cost=0.00..51404.11 rows=152132 width=0) (actual time=582.026..825.188 rows=150841 loops=1)
  Filter: (company_id > 131725)
  Rows Removed by Filter: 2458288
Planning time: 0.452 ms
Execution time: 844.435 ms
