Hash Join  (cost=218735.40..366679.32 rows=2129289 width=0) (actual time=4772.068..13761.193 rows=26443187 loops=1)
  Hash Cond: (mk.movie_id = t.id)
  ->  Seq Scan on movie_keyword mk  (cost=0.00..69693.30 rows=4523930 width=4) (actual time=0.017..1458.032 rows=4523930 loops=1)
  ->  Hash  (cost=199210.05..199210.05 rows=1190108 width=8) (actual time=4770.825..4770.825 rows=1274246 loops=1)
        Buckets: 131072 (originally 131072)  Batches: 32 (originally 16)  Memory Usage: 3073kB
        ->  Hash Join  (cost=102767.86..199210.05 rows=1190108 width=8) (actual time=1904.394..4413.656 rows=1274246 loops=1)
              Hash Cond: (mc.movie_id = t.id)
              ->  Seq Scan on movie_companies mc  (cost=0.00..57926.93 rows=1190108 width=4) (actual time=0.011..1150.264 rows=1274246 loops=1)
                    Filter: ((company_id < 119127) AND (company_type_id = 1))
                    Rows Removed by Filter: 1334883
              ->  Hash  (cost=61283.27..61283.27 rows=2528527 width=4) (actual time=1902.256..1902.256 rows=2528312 loops=1)
                    Buckets: 131072  Batches: 64  Memory Usage: 2415kB
                    ->  Seq Scan on title t  (cost=0.00..61283.27 rows=2528527 width=4) (actual time=0.024..1041.074 rows=2528312 loops=1)
Planning time: 1.116 ms
Execution time: 16513.151 ms
