Seq Scan on movie_keyword mk  (cost=0.00..81003.12 rows=3220074 width=0) (actual time=0.014..1525.943 rows=3211430 loops=1)
  Filter: (keyword_id > 1718)
  Rows Removed by Filter: 1312500
Planning time: 0.319 ms
Execution time: 1922.124 ms
