Seq Scan on cast_info ci  (cost=0.00..796071.18 rows=176 width=0) (actual time=1732.477..10612.519 rows=200 loops=1)
  Filter: ((person_id = 1694169) AND (role_id = 1))
  Rows Removed by Filter: 36244144
Planning time: 0.405 ms
Execution time: 10612.661 ms
