Hash Join  (cost=94782.46..152494.36 rows=40655 width=0) (actual time=1769.375..2828.405 rows=32322 loops=1)
  Hash Cond: (mc.movie_id = t.id)
  ->  Seq Scan on movie_companies mc  (cost=0.00..51404.11 rows=80864 width=4) (actual time=0.017..774.133 rows=84071 loops=1)
        Filter: (company_id < 19)
        Rows Removed by Filter: 2525058
  ->  Hash  (cost=73925.90..73925.90 rows=1271244 width=4) (actual time=1768.456..1768.456 rows=1389666 loops=1)
        Buckets: 131072  Batches: 32  Memory Usage: 2563kB
        ->  Seq Scan on title t  (cost=0.00..73925.90 rows=1271244 width=4) (actual time=0.016..1339.317 rows=1389666 loops=1)
              Filter: ((kind_id > 3) AND (production_year > 1981))
              Rows Removed by Filter: 1138646
Planning time: 0.682 ms
Execution time: 2832.666 ms
