Hash Join  (cost=94655.84..974868.60 rows=12108 width=0) (actual time=1559.901..21901.764 rows=79075 loops=1)
  Hash Cond: (ci.movie_id = t.id)
  ->  Seq Scan on cast_info ci  (cost=0.00..796071.18 rows=22405477 width=4) (actual time=0.019..16560.671 rows=21804556 loops=1)
        Filter: ((person_id > 758995) AND (role_id < 8))
        Rows Removed by Filter: 14439788
  ->  Hash  (cost=94638.77..94638.77 rows=1366 width=8) (actual time=1559.762..1559.762 rows=4763 loops=1)
        Buckets: 8192 (originally 2048)  Batches: 1 (originally 1)  Memory Usage: 251kB
        ->  Hash Join  (cost=67697.55..94638.77 rows=1366 width=8) (actual time=982.921..1557.539 rows=4763 loops=1)
              Hash Cond: (mi_idx.movie_id = t.id)
              ->  Seq Scan on movie_info_idx mi_idx  (cost=0.00..25185.44 rows=464566 width=4) (actual time=0.015..463.972 rows=459925 loops=1)
                    Filter: (info_type_id = 101)
                    Rows Removed by Filter: 920110
              ->  Hash  (cost=67604.59..67604.59 rows=7437 width=4) (actual time=982.727..982.727 rows=19440 loops=1)
                    Buckets: 32768 (originally 8192)  Batches: 1 (originally 1)  Memory Usage: 940kB
                    ->  Seq Scan on title t  (cost=0.00..67604.59 rows=7437 width=4) (actual time=0.043..972.883 rows=19440 loops=1)
                          Filter: (production_year = 1986)
                          Rows Removed by Filter: 2508872
Planning time: 1.179 ms
Execution time: 21917.118 ms
