Hash Join  (cost=68100.81..156041.97 rows=27880 width=0) (actual time=1116.829..2915.361 rows=27065 loops=1)
  Hash Cond: (mk.movie_id = t.id)
  ->  Seq Scan on movie_keyword mk  (cost=0.00..81003.12 rows=1775796 width=4) (actual time=0.024..1481.215 rows=1777136 loops=1)
        Filter: (keyword_id > 7778)
        Rows Removed by Filter: 2746794
  ->  Hash  (cost=67604.59..67604.59 rows=39698 width=4) (actual time=1116.450..1116.450 rows=36437 loops=1)
        Buckets: 65536  Batches: 1  Memory Usage: 1793kB
        ->  Seq Scan on title t  (cost=0.00..67604.59 rows=39698 width=4) (actual time=0.028..1099.321 rows=36437 loops=1)
              Filter: (production_year = 1995)
              Rows Removed by Filter: 2491875
Planning time: 0.699 ms
Execution time: 2919.477 ms
