Nested Loop  (cost=32749.09..88377.93 rows=444 width=0) (actual time=967.764..1451.632 rows=26 loops=1)
  Join Filter: (mc.movie_id = t.id)
  ->  Hash Join  (cost=32748.66..86422.89 rows=2299 width=8) (actual time=967.655..1449.804 rows=26 loops=1)
        Hash Cond: (mc.movie_id = mi_idx.movie_id)
        ->  Seq Scan on movie_companies mc  (cost=0.00..51404.11 rows=2435 width=4) (actual time=7.159..757.835 rows=2249 loops=1)
              Filter: (company_id = 14048)
              Rows Removed by Filter: 2606880
        ->  Hash  (cost=25185.44..25185.44 rows=460978 width=4) (actual time=601.743..601.743 rows=459925 loops=1)
              Buckets: 131072  Batches: 8  Memory Usage: 3050kB
              ->  Seq Scan on movie_info_idx mi_idx  (cost=0.00..25185.44 rows=460978 width=4) (actual time=0.024..467.765 rows=459925 loops=1)
                    Filter: (info_type_id = 99)
                    Rows Removed by Filter: 920110
  ->  Index Only Scan using title_pkey on title t  (cost=0.43..0.84 rows=1 width=4) (actual time=0.066..0.066 rows=1 loops=26)
        Index Cond: (id = mi_idx.movie_id)
        Heap Fetches: 26
Planning time: 1.783 ms
Execution time: 1452.133 ms
