Seq Scan on cast_info ci  (cost=0.00..705507.15 rows=500 width=0) (actual time=10935.528..10961.050 rows=3 loops=1)
  Filter: (person_id = 317402)
  Rows Removed by Filter: 36244341
Planning time: 0.375 ms
Execution time: 10961.150 ms
