Hash Join  (cost=69378.77..136549.08 rows=54700 width=0) (actual time=1099.606..2580.078 rows=102761 loops=1)
  Hash Cond: (mc.movie_id = t.id)
  ->  Seq Scan on movie_companies mc  (cost=0.00..51404.11 rows=1279517 width=4) (actual time=0.025..997.909 rows=1274246 loops=1)
        Filter: (company_type_id = 1)
        Rows Removed by Filter: 1334883
  ->  Hash  (cost=67604.59..67604.59 rows=108095 width=4) (actual time=1092.346..1092.346 rows=109742 loops=1)
        Buckets: 131072  Batches: 2  Memory Usage: 2948kB
        ->  Seq Scan on title t  (cost=0.00..67604.59 rows=108095 width=4) (actual time=102.662..1055.677 rows=109742 loops=1)
              Filter: (production_year < 1928)
              Rows Removed by Filter: 2418570
Planning time: 0.783 ms
Execution time: 2593.490 ms
