Hash Join  (cost=104071.89..231779.16 rows=1547130 width=0) (actual time=2073.297..5061.224 rows=1479301 loops=1)
  Hash Cond: (mk.movie_id = t.id)
  ->  Seq Scan on movie_keyword mk  (cost=0.00..81003.12 rows=1759969 width=4) (actual time=0.021..1488.852 rows=1765271 loops=1)
        Filter: (keyword_id > 7858)
        Rows Removed by Filter: 2758659
  ->  Hash  (cost=67604.59..67604.59 rows=2222744 width=4) (actual time=2072.137..2072.137 rows=2214818 loops=1)
        Buckets: 131072  Batches: 32  Memory Usage: 3469kB
        ->  Seq Scan on title t  (cost=0.00..67604.59 rows=2222744 width=4) (actual time=0.018..1376.548 rows=2214818 loops=1)
              Filter: (production_year > 1959)
              Rows Removed by Filter: 313494
Planning time: 1.273 ms
Execution time: 5219.257 ms
