Seq Scan on movie_keyword mk  (cost=0.00..81003.12 rows=3056131 width=0) (actual time=0.031..1489.602 rows=3038123 loops=1)
  Filter: (keyword_id > 2125)
  Rows Removed by Filter: 1485807
Planning time: 0.999 ms
Execution time: 1847.683 ms
