Hash Join  (cost=102287.28..196114.23 rows=41810 width=0) (actual time=2563.875..5165.540 rows=377214 loops=1)
  Hash Cond: (mk.movie_id = t.id)
  ->  Seq Scan on movie_keyword mk  (cost=0.00..81003.12 rows=3308192 width=4) (actual time=0.018..1585.959 rows=3298644 loops=1)
        Filter: (keyword_id < 14842)
        Rows Removed by Filter: 1225286
  ->  Hash  (cost=101887.83..101887.83 rows=31956 width=8) (actual time=2563.485..2563.485 rows=81252 loops=1)
        Buckets: 131072 (originally 32768)  Batches: 2 (originally 1)  Memory Usage: 3073kB
        ->  Hash Join  (cost=74657.79..101887.83 rows=31956 width=8) (actual time=1327.990..1977.531 rows=81252 loops=1)
              Hash Cond: (mi_idx.movie_id = t.id)
              ->  Seq Scan on movie_info_idx mi_idx  (cost=0.00..21735.35 rows=1380035 width=4) (actual time=0.019..301.737 rows=1380035 loops=1)
              ->  Hash  (cost=73925.90..73925.90 rows=58551 width=4) (actual time=1313.460..1313.460 rows=73511 loops=1)
                    Buckets: 131072 (originally 65536)  Batches: 1 (originally 1)  Memory Usage: 3609kB
                    ->  Seq Scan on title t  (cost=0.00..73925.90 rows=58551 width=4) (actual time=56.085..1283.136 rows=73511 loops=1)
                          Filter: ((production_year < 2006) AND (kind_id = 3))
                          Rows Removed by Filter: 2454801
Planning time: 1.256 ms
Execution time: 5212.280 ms
