Hash Join  (cost=94420.17..219523.35 rows=993789 width=134) (actual time=1938.141..5901.561 rows=1883048 loops=1)
  Hash Cond: (mc.movie_id = t.id)
  ->  Seq Scan on movie_companies mc  (cost=0.00..51404.11 rows=2544046 width=40) (actual time=0.028..1265.490 rows=2542342 loops=1)
        Filter: (company_id > 6)
        Rows Removed by Filter: 66787
  ->  Hash  (cost=67604.59..67604.59 rows=987727 width=94) (actual time=1936.686..1936.686 rows=985048 loops=1)
        Buckets: 32768  Batches: 64  Memory Usage: 1938kB
        ->  Seq Scan on title t  (cost=0.00..67604.59 rows=987727 width=94) (actual time=0.025..1488.844 rows=985048 loops=1)
              Filter: (kind_id < 7)
              Rows Removed by Filter: 1543264
Planning time: 0.920 ms
Execution time: 5995.499 ms
