Hash Join  (cost=434041.07..528992.78 rows=99050 width=0) (actual time=9162.831..10160.932 rows=206405 loops=1)
  Hash Cond: (mk.movie_id = t.id)
  ->  Seq Scan on movie_keyword mk  (cost=0.00..81003.12 rows=3455488 width=4) (actual time=0.014..1625.750 rows=3445068 loops=1)
        Filter: (keyword_id > 1082)
        Rows Removed by Filter: 1078862
  ->  Hash  (cost=433135.08..433135.08 rows=72479 width=8) (actual time=7938.650..7938.650 rows=61506 loops=1)
        Buckets: 131072  Batches: 1  Memory Usage: 3427kB
        ->  Hash Join  (cost=74672.54..433135.08 rows=72479 width=8) (actual time=2891.971..7912.781 rows=61506 loops=1)
              Hash Cond: (mi.movie_id = t.id)
              ->  Seq Scan on movie_info mi  (cost=0.00..346232.03 rows=3068194 width=4) (actual time=1555.366..5715.272 rows=3036719 loops=1)
                    Filter: (info_type_id = 16)
                    Rows Removed by Filter: 11799001
              ->  Hash  (cost=73925.90..73925.90 rows=59731 width=4) (actual time=1336.150..1336.150 rows=64886 loops=1)
                    Buckets: 65536  Batches: 1  Memory Usage: 2794kB
                    ->  Seq Scan on title t  (cost=0.00..73925.90 rows=59731 width=4) (actual time=116.994..1310.101 rows=64886 loops=1)
                          Filter: ((production_year < 2008) AND (kind_id = 2))
                          Rows Removed by Filter: 2463426
Planning time: 1.125 ms
Execution time: 10186.421 ms
