Hash Join  (cost=568373.62..1900667.34 rows=7016645 width=0) (actual time=12577.583..43714.508 rows=7347414 loops=1)
  Hash Cond: (ci.movie_id = t.id)
  ->  Seq Scan on cast_info ci  (cost=0.00..614943.12 rows=36225612 width=4) (actual time=0.012..13372.455 rows=36244344 loops=1)
  ->  Hash  (cost=560337.65..560337.65 rows=489758 width=8) (actual time=12576.410..12576.410 rows=265764 loops=1)
        Buckets: 131072  Batches: 8  Memory Usage: 2297kB
        ->  Hash Join  (cost=75305.14..560337.65 rows=489758 width=8) (actual time=1319.898..12488.303 rows=265764 loops=1)
              Hash Cond: (mi.movie_id = t.id)
              ->  Seq Scan on movie_info mi  (cost=0.00..309384.22 rows=14739122 width=4) (actual time=0.023..5995.798 rows=14835720 loops=1)
              ->  Hash  (cost=73925.90..73925.90 rows=84019 width=4) (actual time=1318.588..1318.588 rows=92860 loops=1)
                    Buckets: 131072  Batches: 2  Memory Usage: 2662kB
                    ->  Seq Scan on title t  (cost=0.00..73925.90 rows=84019 width=4) (actual time=0.021..1281.832 rows=92860 loops=1)
                          Filter: ((kind_id > 3) AND (production_year = 2009))
                          Rows Removed by Filter: 2435452
Planning time: 2.240 ms
Execution time: 44534.936 ms
