Hash Join  (cost=350846.53..1127523.12 rows=22642495 width=0) (actual time=8063.532..64068.983 rows=210399840 loops=1)
  Hash Cond: (mi.movie_id = t.id)
  ->  Seq Scan on movie_info mi  (cost=0.00..309384.22 rows=14739122 width=4) (actual time=0.022..6485.558 rows=14835720 loops=1)
  ->  Hash  (cost=287117.95..287117.95 rows=3884367 width=8) (actual time=8060.923..8060.923 rows=3882448 loops=1)
        Buckets: 131072  Batches: 64  Memory Usage: 3496kB
        ->  Hash Join  (cost=102767.86..287117.95 rows=3884367 width=8) (actual time=2292.121..7057.650 rows=3882448 loops=1)
              Hash Cond: (mk.movie_id = t.id)
              ->  Seq Scan on movie_keyword mk  (cost=0.00..81003.12 rows=3884367 width=4) (actual time=0.024..1735.912 rows=3882448 loops=1)
                    Filter: (keyword_id > 496)
                    Rows Removed by Filter: 641482
              ->  Hash  (cost=61283.27..61283.27 rows=2528527 width=4) (actual time=2290.744..2290.744 rows=2528312 loops=1)
                    Buckets: 131072  Batches: 64  Memory Usage: 2425kB
                    ->  Seq Scan on title t  (cost=0.00..61283.27 rows=2528527 width=4) (actual time=0.009..1160.371 rows=2528312 loops=1)
Planning time: 2.094 ms
Execution time: 84724.652 ms
