Hash Join  (cost=204116.60..344186.29 rows=1482965 width=0) (actual time=3860.336..8014.370 rows=2825736 loops=1)
  Hash Cond: (mk.movie_id = t.id)
  ->  Seq Scan on movie_keyword mk  (cost=0.00..69693.30 rows=4523930 width=4) (actual time=0.016..1354.393 rows=4523930 loops=1)
  ->  Hash  (cost=190517.82..190517.82 rows=828863 width=8) (actual time=3859.411..3859.411 rows=519298 loops=1)
        Buckets: 131072  Batches: 16  Memory Usage: 2291kB
        ->  Hash Join  (cost=102767.86..190517.82 rows=828863 width=8) (actual time=1966.637..3703.305 rows=519298 loops=1)
              Hash Cond: (mc.movie_id = t.id)
              ->  Seq Scan on movie_companies mc  (cost=0.00..57926.93 rows=828863 width=4) (actual time=0.020..899.780 rows=519298 loops=1)
                    Filter: ((company_id < 16925) AND (company_type_id > 1))
                    Rows Removed by Filter: 2089831
              ->  Hash  (cost=61283.27..61283.27 rows=2528527 width=4) (actual time=1965.816..1965.816 rows=2528312 loops=1)
                    Buckets: 131072  Batches: 64  Memory Usage: 2415kB
                    ->  Seq Scan on title t  (cost=0.00..61283.27 rows=2528527 width=4) (actual time=0.018..1110.498 rows=2528312 loops=1)
Planning time: 1.100 ms
Execution time: 8317.683 ms
