Seq Scan on movie_companies mc  (cost=0.00..57926.93 rows=1216296 width=0) (actual time=0.040..1143.777 rows=1163261 loops=1)
  Filter: ((company_id > 21) AND (company_type_id < 2))
  Rows Removed by Filter: 1445868
Planning time: 0.343 ms
Execution time: 1286.301 ms
