Hash Join  (cost=190003.49..232192.27 rows=262029 width=0) (actual time=3315.542..4455.461 rows=293744 loops=1)
  Hash Cond: (mi_idx.movie_id = t.id)
  ->  Seq Scan on movie_info_idx mi_idx  (cost=0.00..21735.35 rows=1380035 width=4) (actual time=0.030..483.718 rows=1380035 loops=1)
  ->  Hash  (cost=182126.32..182126.32 rows=480094 width=8) (actual time=3313.418..3313.418 rows=176602 loops=1)
        Buckets: 131072  Batches: 8  Memory Usage: 1898kB
        ->  Hash Join  (cost=102767.86..182126.32 rows=480094 width=8) (actual time=1894.470..3267.760 rows=176602 loops=1)
              Hash Cond: (mc.movie_id = t.id)
              ->  Seq Scan on movie_companies mc  (cost=0.00..57926.93 rows=480094 width=4) (actual time=0.024..910.706 rows=176602 loops=1)
                    Filter: ((company_id > 17047) AND (company_type_id < 2))
                    Rows Removed by Filter: 2432527
              ->  Hash  (cost=61283.27..61283.27 rows=2528527 width=4) (actual time=1892.244..1892.244 rows=2528312 loops=1)
                    Buckets: 131072  Batches: 64  Memory Usage: 2415kB
                    ->  Seq Scan on title t  (cost=0.00..61283.27 rows=2528527 width=4) (actual time=0.020..1046.673 rows=2528312 loops=1)
Planning time: 1.164 ms
Execution time: 4491.309 ms
