Hash Join  (cost=94973.51..1099214.98 rows=6854118 width=0) (actual time=1719.865..18930.672 rows=2761391 loops=1)
  Hash Cond: (ci.movie_id = t.id)
  ->  Seq Scan on cast_info ci  (cost=0.00..796071.18 rows=10389222 width=4) (actual time=0.036..13680.962 rows=4448978 loops=1)
        Filter: ((person_id < 1573765) AND (role_id > 1))
        Rows Removed by Filter: 31795366
  ->  Hash  (cost=67604.59..67604.59 rows=1668154 width=4) (actual time=1718.958..1718.958 rows=1674098 loops=1)
        Buckets: 131072  Batches: 32  Memory Usage: 2869kB
        ->  Seq Scan on title t  (cost=0.00..67604.59 rows=1668154 width=4) (actual time=0.005..1182.930 rows=1674098 loops=1)
              Filter: (kind_id > 3)
              Rows Removed by Filter: 854214
Planning time: 0.648 ms
Execution time: 19250.503 ms
