Hash Join  (cost=102767.86..910628.74 rows=79366 width=0) (actual time=4151.136..13173.877 rows=90796 loops=1)
  Hash Cond: (ci.movie_id = t.id)
  ->  Seq Scan on cast_info ci  (cost=0.00..796071.18 rows=79366 width=4) (actual time=2277.479..10812.938 rows=90796 loops=1)
        Filter: ((person_id < 14624) AND (role_id < 3))
        Rows Removed by Filter: 36153548
  ->  Hash  (cost=61283.27..61283.27 rows=2528527 width=4) (actual time=1872.361..1872.361 rows=2528312 loops=1)
        Buckets: 131072  Batches: 64  Memory Usage: 2415kB
        ->  Seq Scan on title t  (cost=0.00..61283.27 rows=2528527 width=4) (actual time=0.018..1062.504 rows=2528312 loops=1)
Planning time: 0.828 ms
Execution time: 13185.121 ms
