Seq Scan on cast_info ci  (cost=0.00..796071.18 rows=324 width=0) (actual time=319.095..14655.389 rows=16 loops=1)
  Filter: ((role_id > 1) AND (person_id = 3080999))
  Rows Removed by Filter: 36244328
Planning time: 0.454 ms
Execution time: 14655.528 ms
