Hash Join  (cost=185674.48..1002278.19 rows=215877 width=0) (actual time=3218.130..15841.897 rows=125119 loops=1)
  Hash Cond: (ci.movie_id = t.id)
  ->  Seq Scan on cast_info ci  (cost=0.00..796071.18 rows=1462869 width=4) (actual time=0.015..11612.288 rows=2295402 loops=1)
        Filter: ((person_id > 3613519) AND (role_id > 1))
        Rows Removed by Filter: 33948942
  ->  Hash  (cost=179552.27..179552.27 rows=373137 width=8) (actual time=3217.264..3217.264 rows=58575 loops=1)
        Buckets: 131072  Batches: 8  Memory Usage: 1321kB
        ->  Hash Join  (cost=102767.86..179552.27 rows=373137 width=8) (actual time=2059.200..3199.898 rows=58575 loops=1)
              Hash Cond: (mc.movie_id = t.id)
              ->  Seq Scan on movie_companies mc  (cost=0.00..57926.93 rows=373137 width=4) (actual time=107.791..839.848 rows=58575 loops=1)
                    Filter: ((company_id > 34471) AND (company_type_id = 1))
                    Rows Removed by Filter: 2550554
              ->  Hash  (cost=61283.27..61283.27 rows=2528527 width=4) (actual time=1949.692..1949.692 rows=2528312 loops=1)
                    Buckets: 131072  Batches: 64  Memory Usage: 2415kB
                    ->  Seq Scan on title t  (cost=0.00..61283.27 rows=2528527 width=4) (actual time=0.028..1108.685 rows=2528312 loops=1)
Planning time: 1.104 ms
Execution time: 15859.166 ms
