Hash Join  (cost=263115.61..442054.01 rows=3713493 width=0) (actual time=6339.112..17357.998 rows=27501865 loops=1)
  Hash Cond: (mk.movie_id = t.id)
  ->  Seq Scan on movie_keyword mk  (cost=0.00..81003.12 rows=3598775 width=4) (actual time=0.023..1848.626 rows=3602141 loops=1)
        Filter: (keyword_id < 20329)
        Rows Removed by Filter: 921789
  ->  Hash  (cost=220309.49..220309.49 rows=2609129 width=8) (actual time=6337.159..6337.159 rows=2609129 loops=1)
        Buckets: 131072  Batches: 64  Memory Usage: 2691kB
        ->  Hash Join  (cost=102767.86..220309.49 rows=2609129 width=8) (actual time=1943.440..5539.104 rows=2609129 loops=1)
              Hash Cond: (mc.movie_id = t.id)
              ->  Seq Scan on movie_companies mc  (cost=0.00..44881.29 rows=2609129 width=4) (actual time=0.023..1005.015 rows=2609129 loops=1)
              ->  Hash  (cost=61283.27..61283.27 rows=2528527 width=4) (actual time=1941.280..1941.280 rows=2528312 loops=1)
                    Buckets: 131072  Batches: 64  Memory Usage: 2415kB
                    ->  Seq Scan on title t  (cost=0.00..61283.27 rows=2528527 width=4) (actual time=0.018..1104.163 rows=2528312 loops=1)
Planning time: 1.101 ms
Execution time: 20659.817 ms
