Hash Join  (cost=132443.73..200293.22 rows=76205 width=0) (actual time=3557.122..5204.238 rows=615474 loops=1)
  Hash Cond: (mc.movie_id = t.id)
  ->  Seq Scan on movie_companies mc  (cost=0.00..57926.93 rows=699069 width=4) (actual time=0.019..1014.807 rows=960984 loops=1)
        Filter: ((company_id < 12432) AND (company_type_id < 2))
        Rows Removed by Filter: 1648145
  ->  Hash  (cost=127921.33..127921.33 rows=275632 width=8) (actual time=3556.116..3556.116 rows=472140 loops=1)
        Buckets: 131072 (originally 131072)  Batches: 8 (originally 4)  Memory Usage: 3339kB
        ->  Hash Join  (cost=86421.94..127921.33 rows=275632 width=8) (actual time=1480.731..3406.565 rows=472140 loops=1)
              Hash Cond: (mi_idx.movie_id = t.id)
              ->  Seq Scan on movie_info_idx mi_idx  (cost=0.00..25185.44 rows=915101 width=4) (actual time=0.016..531.888 rows=919850 loops=1)
                    Filter: (info_type_id < 101)
                    Rows Removed by Filter: 460185
              ->  Hash  (cost=73925.90..73925.90 rows=761603 width=4) (actual time=1479.831..1479.831 rows=670584 loops=1)
                    Buckets: 131072  Batches: 16  Memory Usage: 2498kB
                    ->  Seq Scan on title t  (cost=0.00..73925.90 rows=761603 width=4) (actual time=0.029..1267.677 rows=670584 loops=1)
                          Filter: ((kind_id < 7) AND (production_year > 1979))
                          Rows Removed by Filter: 1857728
Planning time: 1.158 ms
Execution time: 5267.602 ms
