Seq Scan on cast_info ci  (cost=0.00..796071.18 rows=10877829 width=0) (actual time=0.019..13138.636 rows=4628732 loops=1)
  Filter: ((person_id < 1645849) AND (role_id > 1))
  Rows Removed by Filter: 31615612
Planning time: 0.615 ms
Execution time: 13713.054 ms
