Hash Join  (cost=119739.59..1176628.01 rows=2247230 width=0) (actual time=2512.306..35540.597 rows=7860915 loops=1)
  Hash Cond: (ci.movie_id = t.id)
  ->  Seq Scan on cast_info ci  (cost=0.00..614943.12 rows=36225612 width=4) (actual time=0.016..13101.239 rows=36244344 loops=1)
  ->  Hash  (cost=117165.90..117165.90 rows=156855 width=8) (actual time=2511.510..2511.510 rows=284615 loops=1)
        Buckets: 131072  Batches: 4  Memory Usage: 3809kB
        ->  Hash Join  (cost=81720.25..117165.90 rows=156855 width=8) (actual time=1426.836..2428.506 rows=284615 loops=1)
              Hash Cond: (mi_idx.movie_id = t.id)
              ->  Seq Scan on movie_info_idx mi_idx  (cost=0.00..25185.44 rows=460978 width=4) (actual time=0.018..516.783 rows=459925 loops=1)
                    Filter: (info_type_id = 99)
                    Rows Removed by Filter: 920110
              ->  Hash  (cost=67604.59..67604.59 rows=860373 width=4) (actual time=1425.823..1425.823 rows=854214 loops=1)
                    Buckets: 131072  Batches: 16  Memory Usage: 2897kB
                    ->  Seq Scan on title t  (cost=0.00..67604.59 rows=860373 width=4) (actual time=0.021..1166.215 rows=854214 loops=1)
                          Filter: (kind_id < 4)
                          Rows Removed by Filter: 1674098
Planning time: 1.146 ms
Execution time: 36479.571 ms
