Hash Join  (cost=165344.59..294427.95 rows=505691 width=0) (actual time=4302.476..9603.444 rows=7593464 loops=1)
  Hash Cond: (mk.movie_id = t.id)
  ->  Seq Scan on movie_keyword mk  (cost=0.00..81003.12 rows=3600885 width=4) (actual time=0.023..1822.615 rows=3593291 loops=1)
        Filter: (keyword_id > 870)
        Rows Removed by Filter: 930639
  ->  Hash  (cost=159517.92..159517.92 rows=355094 width=8) (actual time=4301.434..4301.434 rows=485036 loops=1)
        Buckets: 131072  Batches: 8  Memory Usage: 3409kB
        ->  Hash Join  (cost=79572.46..159517.92 rows=355094 width=8) (actual time=1100.499..4137.356 rows=485036 loops=1)
              Hash Cond: (mc.movie_id = t.id)
              ->  Seq Scan on movie_companies mc  (cost=0.00..44881.29 rows=2609129 width=4) (actual time=0.024..894.222 rows=2609129 loops=1)
              ->  Hash  (cost=73925.90..73925.90 rows=344124 width=4) (actual time=1099.722..1099.722 rows=277148 loops=1)
                    Buckets: 131072  Batches: 8  Memory Usage: 2235kB
                    ->  Seq Scan on title t  (cost=0.00..73925.90 rows=344124 width=4) (actual time=0.011..1013.505 rows=277148 loops=1)
                          Filter: ((kind_id < 4) AND (production_year > 2005))
                          Rows Removed by Filter: 2251164
Planning time: 1.131 ms
Execution time: 10484.749 ms
