Seq Scan on movie_keyword mk  (cost=0.00..81003.12 rows=246 width=0) (actual time=14.518..1245.497 rows=1600 loops=1)
  Filter: (keyword_id = 10474)
  Rows Removed by Filter: 4522330
Planning time: 0.391 ms
Execution time: 1246.049 ms
