Seq Scan on cast_info ci  (cost=0.00..796071.18 rows=6659719 width=0) (actual time=0.024..13105.790 rows=4127995 loops=1)
  Filter: ((person_id < 1458842) AND (role_id > 2))
  Rows Removed by Filter: 32116349
Planning time: 0.342 ms
Execution time: 13624.979 ms
