Seq Scan on cast_info ci  (cost=0.00..796071.18 rows=5042732 width=0) (actual time=0.012..13034.892 rows=10314874 loops=1)
  Filter: ((person_id < 1406537) AND (role_id = 1))
  Rows Removed by Filter: 25929470
Planning time: 0.426 ms
Execution time: 14254.273 ms
