Hash Join  (cost=131607.27..497492.85 rows=122966 width=0) (actual time=1892.584..9563.089 rows=1262465 loops=1)
  Hash Cond: (mi.movie_id = t.id)
  ->  Seq Scan on movie_info mi  (cost=0.00..309384.22 rows=14739122 width=4) (actual time=0.023..3674.437 rows=14835720 loops=1)
  ->  Hash  (cost=131343.58..131343.58 rows=21095 width=8) (actual time=1892.260..1892.260 rows=41353 loops=1)
        Buckets: 65536 (originally 32768)  Batches: 1 (originally 1)  Memory Usage: 2128kB
        ->  Hash Join  (cost=74394.67..131343.58 rows=21095 width=8) (actual time=1087.254..1879.439 rows=41353 loops=1)
              Hash Cond: (mc.movie_id = t.id)
              ->  Seq Scan on movie_companies mc  (cost=0.00..51404.11 rows=1422360 width=4) (actual time=0.017..552.729 rows=1427629 loops=1)
                    Filter: (company_id > 10229)
                    Rows Removed by Filter: 1181500
              ->  Hash  (cost=73925.90..73925.90 rows=37501 width=4) (actual time=1086.873..1086.873 rows=32253 loops=1)
                    Buckets: 65536  Batches: 1  Memory Usage: 1646kB
                    ->  Seq Scan on title t  (cost=0.00..73925.90 rows=37501 width=4) (actual time=0.142..1073.940 rows=32253 loops=1)
                          Filter: ((kind_id < 7) AND (production_year = 2005))
                          Rows Removed by Filter: 2496059
Planning time: 2.698 ms
Execution time: 9727.696 ms
