Hash Join  (cost=205921.46..720611.92 rows=1542661 width=0) (actual time=3897.556..15676.748 rows=331583 loops=1)
  Hash Cond: (mi.movie_id = t.id)
  ->  Seq Scan on movie_info mi  (cost=0.00..309384.22 rows=14739122 width=4) (actual time=0.012..6116.971 rows=14835720 loops=1)
  ->  Hash  (cost=201579.38..201579.38 rows=264647 width=8) (actual time=3885.585..3885.585 rows=31040 loops=1)
        Buckets: 131072  Batches: 4  Memory Usage: 1340kB
        ->  Hash Join  (cost=76352.87..201579.38 rows=264647 width=8) (actual time=1222.218..3873.394 rows=31040 loops=1)
              Hash Cond: (mk.movie_id = t.id)
              ->  Seq Scan on movie_keyword mk  (cost=0.00..69693.30 rows=4523930 width=4) (actual time=0.012..1395.437 rows=4523930 loops=1)
              ->  Hash  (cost=73925.90..73925.90 rows=147917 width=4) (actual time=1221.037..1221.037 rows=46427 loops=1)
                    Buckets: 131072  Batches: 2  Memory Usage: 1845kB
                    ->  Seq Scan on title t  (cost=0.00..73925.90 rows=147917 width=4) (actual time=0.041..1200.683 rows=46427 loops=1)
                          Filter: ((kind_id > 6) AND (production_year < 1960))
                          Rows Removed by Filter: 2481885
Planning time: 1.198 ms
Execution time: 15716.396 ms
