Hash Join  (cost=170655.13..930652.97 rows=920866 width=0) (actual time=3180.191..32587.555 rows=8314323 loops=1)
  Hash Cond: (ci.movie_id = t.id)
  ->  Seq Scan on cast_info ci  (cost=0.00..614943.12 rows=36225612 width=4) (actual time=0.023..9392.103 rows=36244344 loops=1)
  ->  Hash  (cost=169851.68..169851.68 rows=64276 width=8) (actual time=3179.643..3179.643 rows=208415 loops=1)
        Buckets: 131072 (originally 65536)  Batches: 4 (originally 1)  Memory Usage: 3075kB
        ->  Hash Join  (cost=82581.58..169851.68 rows=64276 width=8) (actual time=1410.093..3104.155 rows=208415 loops=1)
              Hash Cond: (mk.movie_id = t.id)
              ->  Seq Scan on movie_keyword mk  (cost=0.00..81003.12 rows=308058 width=4) (actual time=0.012..1349.298 rows=327246 loops=1)
                    Filter: (keyword_id < 266)
                    Rows Removed by Filter: 4196684
              ->  Hash  (cost=73925.90..73925.90 rows=527574 width=4) (actual time=1409.157..1409.157 rows=609532 loops=1)
                    Buckets: 131072  Batches: 8  Memory Usage: 3723kB
                    ->  Seq Scan on title t  (cost=0.00..73925.90 rows=527574 width=4) (actual time=0.012..1207.895 rows=609532 loops=1)
                          Filter: ((kind_id < 7) AND (production_year < 2005))
                          Rows Removed by Filter: 1918780
Planning time: 2.145 ms
Execution time: 33484.388 ms
