Seq Scan on movie_keyword mk  (cost=0.00..81003.12 rows=246 width=0) (actual time=0.135..668.191 rows=1740 loops=1)
  Filter: (keyword_id = 3221)
  Rows Removed by Filter: 4522190
Planning time: 0.363 ms
Execution time: 668.666 ms
