Hash Join  (cost=82871.49..216758.85 rows=975532 width=0) (actual time=1305.274..5220.708 rows=2713936 loops=1)
  Hash Cond: (mk.movie_id = t.id)
  ->  Seq Scan on movie_keyword mk  (cost=0.00..69693.30 rows=4523930 width=4) (actual time=0.028..1432.148 rows=4523930 loops=1)
  ->  Hash  (cost=73925.90..73925.90 rows=545247 width=4) (actual time=1304.252..1304.252 rows=557319 loops=1)
        Buckets: 131072  Batches: 8  Memory Usage: 3494kB
        ->  Seq Scan on title t  (cost=0.00..73925.90 rows=545247 width=4) (actual time=461.901..1128.248 rows=557319 loops=1)
              Filter: ((kind_id < 2) AND (production_year < 2011))
              Rows Removed by Filter: 1970993
Planning time: 1.515 ms
Execution time: 5506.760 ms
