Hash Join  (cost=58358.90..809155.38 rows=731 width=0) (actual time=729.027..16382.386 rows=23474 loops=1)
  Hash Cond: (ci.movie_id = t.id)
  ->  Seq Scan on cast_info ci  (cost=0.00..614943.12 rows=36225612 width=4) (actual time=0.022..8661.592 rows=36244344 loops=1)
  ->  Hash  (cost=58358.27..58358.27 rows=51 width=8) (actual time=728.479..728.479 rows=425 loops=1)
        Buckets: 1024  Batches: 1  Memory Usage: 25kB
        ->  Nested Loop  (cost=0.43..58358.27 rows=51 width=8) (actual time=0.735..728.202 rows=425 loops=1)
              ->  Seq Scan on movie_companies mc  (cost=0.00..57926.93 rows=51 width=4) (actual time=0.662..715.014 rows=425 loops=1)
                    Filter: ((company_id = 36) AND (company_type_id = 1))
                    Rows Removed by Filter: 2608704
              ->  Index Only Scan using title_pkey on title t  (cost=0.43..8.45 rows=1 width=4) (actual time=0.029..0.030 rows=1 loops=425)
                    Index Cond: (id = mc.movie_id)
                    Heap Fetches: 425
Planning time: 1.201 ms
Execution time: 16387.792 ms
