Seq Scan on movie_keyword mk  (cost=0.00..81003.12 rows=45756 width=0) (actual time=397.839..1340.132 rows=42341 loops=1)
  Filter: (keyword_id > 103424)
  Rows Removed by Filter: 4481589
Planning time: 0.319 ms
Execution time: 1347.032 ms
