Hash Join  (cost=193902.06..273324.52 rows=317193 width=0) (actual time=3653.394..5467.129 rows=156353 loops=1)
  Hash Cond: (mc.movie_id = t.id)
  ->  Seq Scan on movie_companies mc  (cost=0.00..44881.29 rows=2609129 width=4) (actual time=0.014..831.674 rows=2609129 loops=1)
  ->  Hash  (cost=188858.64..188858.64 rows=307394 width=8) (actual time=3558.926..3558.926 rows=69350 loops=1)
        Buckets: 131072  Batches: 8  Memory Usage: 1347kB
        ->  Hash Join  (cost=80372.21..188858.64 rows=307394 width=8) (actual time=2141.781..3538.821 rows=69350 loops=1)
              Hash Cond: (mk.movie_id = t.id)
              ->  Seq Scan on movie_keyword mk  (cost=0.00..81003.12 rows=1978231 width=4) (actual time=0.010..1568.325 rows=1986684 loops=1)
                    Filter: (keyword_id > 6342)
                    Rows Removed by Filter: 2537246
              ->  Hash  (cost=73925.90..73925.90 rows=392904 width=4) (actual time=1115.652..1115.652 rows=277350 loops=1)
                    Buckets: 131072  Batches: 8  Memory Usage: 2237kB
                    ->  Seq Scan on title t  (cost=0.00..73925.90 rows=392904 width=4) (actual time=271.966..1018.153 rows=277350 loops=1)
                          Filter: ((production_year < 1988) AND (kind_id = 7))
                          Rows Removed by Filter: 2250962
Planning time: 3.309 ms
Execution time: 5485.280 ms
