Nested Loop  (cost=0.43..709673.15 rows=195 width=0) (actual time=2600.427..11352.468 rows=84 loops=1)
  ->  Seq Scan on cast_info ci  (cost=0.00..705507.15 rows=500 width=4) (actual time=2600.328..11350.633 rows=84 loops=1)
        Filter: (person_id = 2500268)
        Rows Removed by Filter: 36244260
  ->  Index Scan using title_pkey on title t  (cost=0.43..8.32 rows=1 width=4) (actual time=0.020..0.021 rows=1 loops=84)
        Index Cond: (id = ci.movie_id)
        Filter: (kind_id < 7)
Planning time: 0.569 ms
Execution time: 11352.566 ms
