Hash Join  (cost=1182755.38..2295344.67 rows=47217405 width=0) (actual time=29185.120..66747.275 rows=89203016 loops=1)
  Hash Cond: (mi.movie_id = t.id)
  ->  Seq Scan on movie_info mi  (cost=0.00..309384.22 rows=14739122 width=4) (actual time=0.017..6333.507 rows=14835720 loops=1)
  ->  Hash  (cost=1049860.33..1049860.33 rows=8100244 width=8) (actual time=29182.726..29182.726 rows=7817379 loops=1)
        Buckets: 131072  Batches: 128  Memory Usage: 3499kB
        ->  Hash Join  (cost=94009.45..1049860.33 rows=8100244 width=8) (actual time=7960.865..26528.142 rows=7817379 loops=1)
              Hash Cond: (ci.movie_id = t.id)
              ->  Seq Scan on cast_info ci  (cost=0.00..705507.15 rows=12726058 width=4) (actual time=5431.480..14654.755 rows=12670688 loops=1)
                    Filter: (role_id = 1)
                    Rows Removed by Filter: 23573656
              ->  Hash  (cost=67604.59..67604.59 rows=1609429 width=4) (actual time=2528.362..2528.362 rows=1607077 loops=1)
                    Buckets: 131072  Batches: 32  Memory Usage: 2791kB
                    ->  Seq Scan on title t  (cost=0.00..67604.59 rows=1609429 width=4) (actual time=0.031..1334.542 rows=1607077 loops=1)
                          Filter: (production_year > 1995)
                          Rows Removed by Filter: 921235
Planning time: 0.796 ms
Execution time: 76429.695 ms
