Nested Loop  (cost=32807.94..120492.55 rows=79 width=0) (actual time=710.204..2219.616 rows=89 loops=1)
  ->  Hash Join  (cost=32807.51..116528.54 rows=4678 width=8) (actual time=603.599..2149.669 rows=2232 loops=1)
        Hash Cond: (mk.movie_id = mi_idx.movie_id)
        ->  Seq Scan on movie_keyword mk  (cost=0.00..81003.12 rows=4675 width=4) (actual time=1.456..1002.161 rows=4057 loops=1)
              Filter: (keyword_id = 2862)
              Rows Removed by Filter: 4519873
        ->  Hash  (cost=25185.44..25185.44 rows=464566 width=4) (actual time=601.440..601.440 rows=459925 loops=1)
              Buckets: 131072  Batches: 8  Memory Usage: 3059kB
              ->  Seq Scan on movie_info_idx mi_idx  (cost=0.00..25185.44 rows=464566 width=4) (actual time=0.020..456.482 rows=459925 loops=1)
                    Filter: (info_type_id = 101)
                    Rows Removed by Filter: 920110
  ->  Index Scan using title_pkey on title t  (cost=0.43..0.84 rows=1 width=4) (actual time=0.031..0.031 rows=0 loops=2232)
        Index Cond: (id = mi_idx.movie_id)
        Filter: (production_year > 2011)
        Rows Removed by Filter: 1
Planning time: 1.185 ms
Execution time: 2219.811 ms
