Seq Scan on movie_companies mc  (cost=0.00..51404.11 rows=2483326 width=0) (actual time=0.013..1060.338 rows=2483884 loops=1)
  Filter: (company_id < 143682)
  Rows Removed by Filter: 125245
Planning time: 0.328 ms
Execution time: 1362.508 ms
