Hash Join  (cost=102612.36..467324.19 rows=5589 width=0) (actual time=887.495..8117.547 rows=24906 loops=1)
  Hash Cond: (mi.movie_id = t.id)
  ->  Seq Scan on movie_info mi  (cost=0.00..309384.22 rows=14739122 width=4) (actual time=0.019..4355.367 rows=14835720 loops=1)
  ->  Hash  (cost=102600.37..102600.37 rows=959 width=8) (actual time=886.569..886.569 rows=2548 loops=1)
        Buckets: 4096 (originally 1024)  Batches: 1 (originally 1)  Memory Usage: 132kB
        ->  Hash Join  (cost=73958.88..102600.37 rows=959 width=8) (actual time=540.948..885.805 rows=2548 loops=1)
              Hash Cond: (mi_idx.movie_id = t.id)
              ->  Seq Scan on movie_info_idx mi_idx  (cost=0.00..25185.44 rows=919057 width=4) (actual time=0.020..245.081 rows=920110 loops=1)
                    Filter: (info_type_id > 99)
                    Rows Removed by Filter: 459925
              ->  Hash  (cost=73925.90..73925.90 rows=2638 width=4) (actual time=539.093..539.093 rows=4094 loops=1)
                    Buckets: 4096  Batches: 1  Memory Usage: 176kB
                    ->  Seq Scan on title t  (cost=0.00..73925.90 rows=2638 width=4) (actual time=215.922..537.920 rows=4094 loops=1)
                          Filter: ((kind_id = 4) AND (production_year = 2001))
                          Rows Removed by Filter: 2524218
Planning time: 1.266 ms
Execution time: 8121.993 ms
