Seq Scan on cast_info ci  (cost=0.00..796071.18 rows=10471460 width=0) (actual time=0.028..16115.651 rows=12670688 loops=1)
  Filter: ((person_id < 3006006) AND (role_id = 1))
  Rows Removed by Filter: 23573656
Planning time: 0.396 ms
Execution time: 17622.823 ms
