Hash Join  (cost=433080.88..520817.89 rows=107897 width=0) (actual time=7040.151..8947.864 rows=219679 loops=1)
  Hash Cond: (mk.movie_id = t.id)
  ->  Seq Scan on movie_keyword mk  (cost=0.00..69693.30 rows=4523930 width=4) (actual time=0.018..992.250 rows=4523930 loops=1)
  ->  Hash  (cost=432327.05..432327.05 rows=60306 width=8) (actual time=7039.621..7039.621 rows=52890 loops=1)
        Buckets: 65536  Batches: 1  Memory Usage: 2579kB
        ->  Hash Join  (cost=69460.45..432327.05 rows=60306 width=8) (actual time=5441.862..7017.385 rows=52890 loops=1)
              Hash Cond: (mi.movie_id = t.id)
              ->  Seq Scan on movie_info mi  (cost=0.00..346232.03 rows=1348138 width=4) (actual time=4384.288..5414.804 rows=1298989 loops=1)
                    Filter: (info_type_id = 4)
                    Rows Removed by Filter: 13536731
              ->  Hash  (cost=67604.59..67604.59 rows=113109 width=4) (actual time=1056.501..1056.501 rows=119565 loops=1)
                    Buckets: 131072  Batches: 2  Memory Usage: 3121kB
                    ->  Seq Scan on title t  (cost=0.00..67604.59 rows=113109 width=4) (actual time=0.039..1010.000 rows=119565 loops=1)
                          Filter: (production_year = 2007)
                          Rows Removed by Filter: 2408747
Planning time: 0.792 ms
Execution time: 8976.064 ms
