Seq Scan on cast_info ci  (cost=0.00..705507.15 rows=500 width=0) (actual time=2153.058..10855.918 rows=5 loops=1)
  Filter: (person_id = 3052130)
  Rows Removed by Filter: 36244339
Planning time: 0.397 ms
Execution time: 10856.021 ms
