Hash Join  (cost=797557.48..884217.43 rows=191 width=0) (actual time=11111.480..12372.048 rows=7 loops=1)
  Hash Cond: (mk.movie_id = t.id)
  ->  Seq Scan on movie_keyword mk  (cost=0.00..69693.30 rows=4523930 width=4) (actual time=0.017..936.604 rows=4523930 loops=1)
  ->  Hash  (cost=797556.14..797556.14 rows=107 width=8) (actual time=10689.101..10689.101 rows=1 loops=1)
        Buckets: 1024  Batches: 1  Memory Usage: 9kB
        ->  Nested Loop  (cost=0.43..797556.14 rows=107 width=8) (actual time=5462.727..10689.085 rows=1 loops=1)
              ->  Seq Scan on cast_info ci  (cost=0.00..796071.18 rows=176 width=4) (actual time=5462.651..10688.999 rows=1 loops=1)
                    Filter: ((person_id = 13406) AND (role_id = 1))
                    Rows Removed by Filter: 36244343
              ->  Index Scan using title_pkey on title t  (cost=0.43..8.43 rows=1 width=4) (actual time=0.059..0.061 rows=1 loops=1)
                    Index Cond: (id = ci.movie_id)
                    Filter: (kind_id = 7)
Planning time: 1.301 ms
Execution time: 12372.231 ms
