Hash Join  (cost=168250.38..206915.04 rows=56618 width=0) (actual time=3465.341..4432.615 rows=151188 loops=1)
  Hash Cond: (mi_idx.movie_id = t.id)
  ->  Seq Scan on movie_info_idx mi_idx  (cost=0.00..21735.35 rows=1380035 width=4) (actual time=0.042..462.186 rows=1380035 loops=1)
  ->  Hash  (cost=166547.68..166547.68 rows=103736 width=8) (actual time=3464.544..3464.544 rows=104307 loops=1)
        Buckets: 131072  Batches: 2  Memory Usage: 3072kB
        ->  Hash Join  (cost=102767.86..166547.68 rows=103736 width=8) (actual time=2145.138..3427.400 rows=104307 loops=1)
              Hash Cond: (mc.movie_id = t.id)
              ->  Seq Scan on movie_companies mc  (cost=0.00..51404.11 rows=103736 width=4) (actual time=48.988..784.226 rows=104307 loops=1)
                    Filter: (company_id > 155030)
                    Rows Removed by Filter: 2504822
              ->  Hash  (cost=61283.27..61283.27 rows=2528527 width=4) (actual time=2094.449..2094.449 rows=2528312 loops=1)
                    Buckets: 131072  Batches: 64  Memory Usage: 2415kB
                    ->  Seq Scan on title t  (cost=0.00..61283.27 rows=2528527 width=4) (actual time=0.022..1194.540 rows=2528312 loops=1)
Planning time: 1.118 ms
Execution time: 4451.972 ms
