Seq Scan on cast_info ci  (cost=0.00..705507.15 rows=19677666 width=0) (actual time=2869.226..12432.561 rows=19841432 loops=1)
  Filter: (person_id > 1624082)
  Rows Removed by Filter: 16402912
Planning time: 0.322 ms
Execution time: 14918.283 ms
