Hash Join  (cost=177514.13..651118.31 rows=2243170 width=0) (actual time=4465.996..21746.221 rows=20022581 loops=1)
  Hash Cond: (mi.movie_id = t.id)
  ->  Seq Scan on movie_info mi  (cost=0.00..346232.03 rows=8859586 width=4) (actual time=0.025..6563.316 rows=8966694 loops=1)
        Filter: (info_type_id < 15)
        Rows Removed by Filter: 5869026
  ->  Hash  (cost=167010.62..167010.62 rows=640201 width=8) (actual time=4465.162..4465.162 rows=1150829 loops=1)
        Buckets: 131072  Batches: 16  Memory Usage: 3901kB
        ->  Hash Join  (cost=78556.72..167010.62 rows=640201 width=8) (actual time=1426.231..4133.106 rows=1150829 loops=1)
              Hash Cond: (mc.movie_id = t.id)
              ->  Seq Scan on movie_companies mc  (cost=0.00..51404.11 rows=2425006 width=4) (actual time=0.020..1155.541 rows=2424016 loops=1)
                    Filter: (company_id < 118497)
                    Rows Removed by Filter: 185113
              ->  Hash  (cost=67604.59..67604.59 rows=667531 width=4) (actual time=1425.260..1425.260 rows=662825 loops=1)
                    Buckets: 131072  Batches: 16  Memory Usage: 2476kB
                    ->  Seq Scan on title t  (cost=0.00..67604.59 rows=667531 width=4) (actual time=0.021..1225.107 rows=662825 loops=1)
                          Filter: (kind_id = 1)
                          Rows Removed by Filter: 1865487
Planning time: 1.194 ms
Execution time: 24037.985 ms
