Hash Join  (cost=1018504.83..3237401.68 rows=97146640 width=0) (actual time=25302.726..103857.023 rows=210178813 loops=1)
  Hash Cond: (ci.movie_id = t.id)
  ->  Seq Scan on cast_info ci  (cost=0.00..705507.15 rows=16665708 width=4) (actual time=0.011..13310.249 rows=16778584 loops=1)
        Filter: (person_id > 1948268)
        Rows Removed by Filter: 19465760
  ->  Hash  (cost=776690.81..776690.81 rows=14739122 width=8) (actual time=25300.405..25300.405 rows=14835720 loops=1)
        Buckets: 131072  Batches: 256  Memory Usage: 3268kB
        ->  Hash Join  (cost=102767.86..776690.81 rows=14739122 width=8) (actual time=2317.896..21009.314 rows=14835720 loops=1)
              Hash Cond: (mi.movie_id = t.id)
              ->  Seq Scan on movie_info mi  (cost=0.00..309384.22 rows=14739122 width=4) (actual time=0.015..6195.111 rows=14835720 loops=1)
              ->  Hash  (cost=61283.27..61283.27 rows=2528527 width=4) (actual time=2316.457..2316.457 rows=2528312 loops=1)
                    Buckets: 131072  Batches: 64  Memory Usage: 2425kB
                    ->  Seq Scan on title t  (cost=0.00..61283.27 rows=2528527 width=4) (actual time=0.015..1095.103 rows=2528312 loops=1)
Planning time: 1.049 ms
Execution time: 127114.244 ms
