Hash Join  (cost=84240.62..220376.47 rows=932253 width=0) (actual time=1598.397..5224.096 rows=1637300 loops=1)
  Hash Cond: (mk.movie_id = t.id)
  ->  Seq Scan on movie_keyword mk  (cost=0.00..81003.12 rows=3749386 width=4) (actual time=0.024..1728.810 rows=3746419 loops=1)
        Filter: (keyword_id > 738)
        Rows Removed by Filter: 777511
  ->  Hash  (cost=73925.90..73925.90 rows=628697 width=4) (actual time=1597.045..1597.045 rows=532584 loops=1)
        Buckets: 131072  Batches: 16  Memory Usage: 2196kB
        ->  Seq Scan on title t  (cost=0.00..73925.90 rows=628697 width=4) (actual time=0.017..1165.766 rows=532584 loops=1)
              Filter: ((kind_id < 7) AND (production_year > 1995))
              Rows Removed by Filter: 1995728
Planning time: 0.934 ms
Execution time: 5386.774 ms
