Hash Join  (cost=74207.10..167854.72 rows=29304 width=0) (actual time=1247.504..2642.942 rows=60161 loops=1)
  Hash Cond: (mk.movie_id = t.id)
  ->  Seq Scan on movie_keyword mk  (cost=0.00..81003.12 rows=3293721 width=4) (actual time=0.018..1163.918 rows=3282327 loops=1)
        Filter: (keyword_id < 14568)
        Rows Removed by Filter: 1241603
  ->  Hash  (cost=73925.90..73925.90 rows=22496 width=4) (actual time=1062.880..1062.880 rows=13050 loops=1)
        Buckets: 32768  Batches: 1  Memory Usage: 715kB
        ->  Seq Scan on title t  (cost=0.00..73925.90 rows=22496 width=4) (actual time=0.027..1057.394 rows=13050 loops=1)
              Filter: ((kind_id = 1) AND (production_year = 2004))
              Rows Removed by Filter: 2515262
Planning time: 0.701 ms
Execution time: 2648.981 ms
