Seq Scan on cast_info ci  (cost=0.00..796071.18 rows=1009874 width=0) (actual time=0.019..12527.514 rows=3039293 loops=1)
  Filter: ((person_id > 2841098) AND (role_id = 10))
  Rows Removed by Filter: 33205051
Planning time: 0.436 ms
Execution time: 12907.746 ms
