Hash Join  (cost=74210.29..880241.04 rows=235544 width=0) (actual time=1130.993..20802.806 rows=230262 loops=1)
  Hash Cond: (ci.movie_id = t.id)
  ->  Seq Scan on cast_info ci  (cost=0.00..705507.15 rows=26178175 width=4) (actual time=0.166..13248.371 rows=26187406 loops=1)
        Filter: (person_id < 2709884)
        Rows Removed by Filter: 10056938
  ->  Hash  (cost=73925.90..73925.90 rows=22751 width=4) (actual time=1130.020..1130.020 rows=18892 loops=1)
        Buckets: 32768  Batches: 1  Memory Usage: 921kB
        ->  Seq Scan on title t  (cost=0.00..73925.90 rows=22751 width=4) (actual time=0.045..1121.678 rows=18892 loops=1)
              Filter: ((kind_id < 7) AND (production_year = 2001))
              Rows Removed by Filter: 2509420
Planning time: 1.240 ms
Execution time: 20843.308 ms
