Hash Join  (cost=129543.97..512343.51 rows=103135 width=0) (actual time=2600.744..12576.685 rows=1313583 loops=1)
  Hash Cond: (mi.movie_id = t.id)
  ->  Seq Scan on movie_info mi  (cost=0.00..346232.03 rows=9476311 width=4) (actual time=0.025..6065.992 rows=9565151 loops=1)
        Filter: (info_type_id < 16)
        Rows Removed by Filter: 5270569
  ->  Hash  (cost=129199.98..129199.98 rows=27519 width=8) (actual time=2600.057..2600.057 rows=131212 loops=1)
        Buckets: 131072 (originally 32768)  Batches: 2 (originally 1)  Memory Usage: 3589kB
        ->  Hash Join  (cost=74259.27..129199.98 rows=27519 width=8) (actual time=1167.144..2546.219 rows=131212 loops=1)
              Hash Cond: (mc.movie_id = t.id)
              ->  Seq Scan on movie_companies mc  (cost=0.00..44881.29 rows=2609129 width=4) (actual time=0.019..649.359 rows=2609129 loops=1)
              ->  Hash  (cost=73925.90..73925.90 rows=26669 width=4) (actual time=1114.184..1114.184 rows=67516 loops=1)
                    Buckets: 131072 (originally 32768)  Batches: 1 (originally 1)  Memory Usage: 3398kB
                    ->  Seq Scan on title t  (cost=0.00..73925.90 rows=26669 width=4) (actual time=204.078..1088.404 rows=67516 loops=1)
                          Filter: ((kind_id < 7) AND (production_year < 1916))
                          Rows Removed by Filter: 2460796
Planning time: 1.154 ms
Execution time: 12737.492 ms
