Nested Loop  (cost=73218.69..462257.79 rows=106 width=0) (actual time=4966.905..9299.456 rows=33549 loops=1)
  ->  Hash Join  (cost=73218.26..433121.09 rows=48736 width=8) (actual time=4808.400..7116.237 rows=434229 loops=1)
        Hash Cond: (mi.movie_id = mc.movie_id)
        ->  Seq Scan on movie_info mi  (cost=0.00..346232.03 rows=17937 width=4) (actual time=3321.950..5023.680 rows=109034 loops=1)
              Filter: (info_type_id = 106)
              Rows Removed by Filter: 14726686
        ->  Hash  (cost=51404.11..51404.11 rows=1329612 width=4) (actual time=1427.073..1427.073 rows=1334883 loops=1)
              Buckets: 131072  Batches: 32  Memory Usage: 2494kB
              ->  Seq Scan on movie_companies mc  (cost=0.00..51404.11 rows=1329612 width=4) (actual time=0.032..1004.381 rows=1334883 loops=1)
                    Filter: (company_type_id > 1)
                    Rows Removed by Filter: 1274246
  ->  Index Scan using title_pkey on title t  (cost=0.43..0.59 rows=1 width=4) (actual time=0.005..0.005 rows=0 loops=434229)
        Index Cond: (id = mc.movie_id)
        Filter: ((kind_id = 1) AND (production_year = 2006))
        Rows Removed by Filter: 1
Planning time: 1.247 ms
Execution time: 9304.875 ms
