Hash Join  (cost=75411.94..106365.00 rows=16265 width=0) (actual time=1202.057..1895.475 rows=12868 loops=1)
  Hash Cond: (mi_idx.movie_id = t.id)
  ->  Seq Scan on movie_info_idx mi_idx  (cost=0.00..25185.44 rows=454124 width=4) (actual time=0.025..510.187 rows=459925 loops=1)
        Filter: (info_type_id = 100)
        Rows Removed by Filter: 920110
  ->  Hash  (cost=73925.90..73925.90 rows=90563 width=4) (actual time=1201.248..1201.248 rows=80990 loops=1)
        Buckets: 131072  Batches: 2  Memory Usage: 2450kB
        ->  Seq Scan on title t  (cost=0.00..73925.90 rows=90563 width=4) (actual time=0.025..1163.227 rows=80990 loops=1)
              Filter: ((kind_id < 7) AND (production_year > 2011))
              Rows Removed by Filter: 2447322
Planning time: 0.691 ms
Execution time: 1897.853 ms
