Hash Join  (cost=190230.21..325798.94 rows=1576841 width=0) (actual time=4419.474..9150.942 rows=6699481 loops=1)
  Hash Cond: (mk.movie_id = t.id)
  ->  Seq Scan on movie_keyword mk  (cost=0.00..81003.12 rows=2889118 width=4) (actual time=0.025..1691.911 rows=2879481 loops=1)
        Filter: (keyword_id > 2496)
        Rows Removed by Filter: 1644449
  ->  Hash  (cost=167588.78..167588.78 rows=1380035 width=8) (actual time=4418.621..4418.621 rows=1380035 loops=1)
        Buckets: 131072  Batches: 32  Memory Usage: 2726kB
        ->  Hash Join  (cost=102767.86..167588.78 rows=1380035 width=8) (actual time=1991.839..4002.559 rows=1380035 loops=1)
              Hash Cond: (mi_idx.movie_id = t.id)
              ->  Seq Scan on movie_info_idx mi_idx  (cost=0.00..21735.35 rows=1380035 width=4) (actual time=0.023..444.837 rows=1380035 loops=1)
              ->  Hash  (cost=61283.27..61283.27 rows=2528527 width=4) (actual time=1990.822..1990.822 rows=2528312 loops=1)
                    Buckets: 131072  Batches: 64  Memory Usage: 2415kB
                    ->  Seq Scan on title t  (cost=0.00..61283.27 rows=2528527 width=4) (actual time=0.055..1164.965 rows=2528312 loops=1)
Planning time: 1.062 ms
Execution time: 9912.919 ms
