Hash Join  (cost=137708.86..1231864.37 rows=5875029 width=0) (actual time=3180.530..41130.360 rows=22480526 loops=1)
  Hash Cond: (ci.movie_id = t.id)
  ->  Seq Scan on cast_info ci  (cost=0.00..614943.12 rows=36225612 width=4) (actual time=0.028..12989.762 rows=36244344 loops=1)
  ->  Hash  (cost=130980.94..130980.94 rows=410074 width=8) (actual time=3179.502..3179.502 rows=838326 loops=1)
        Buckets: 131072 (originally 131072)  Batches: 16 (originally 8)  Memory Usage: 3076kB
        ->  Hash Join  (cost=86252.72..130980.94 rows=410074 width=8) (actual time=1454.975..2906.721 rows=838326 loops=1)
              Hash Cond: (mi_idx.movie_id = t.id)
              ->  Seq Scan on movie_info_idx mi_idx  (cost=0.00..21735.35 rows=1380035 width=4) (actual time=0.026..420.016 rows=1380035 loops=1)
              ->  Hash  (cost=73925.90..73925.90 rows=751345 width=4) (actual time=1453.921..1453.921 rows=793943 loops=1)
                    Buckets: 131072  Batches: 16  Memory Usage: 2771kB
                    ->  Seq Scan on title t  (cost=0.00..73925.90 rows=751345 width=4) (actual time=0.031..1209.780 rows=793943 loops=1)
                          Filter: ((kind_id < 7) AND (production_year < 2010))
                          Rows Removed by Filter: 1734369
Planning time: 4.819 ms
Execution time: 43604.824 ms
