Hash Join  (cost=171645.95..255305.66 rows=729317 width=0) (actual time=3832.734..6186.867 rows=1310001 loops=1)
  Hash Cond: (mc.movie_id = t.id)
  ->  Seq Scan on movie_companies mc  (cost=0.00..51404.11 rows=1815582 width=4) (actual time=0.031..1075.836 rows=1808595 loops=1)
        Filter: (company_id < 30407)
        Rows Removed by Filter: 800534
  ->  Hash  (cost=154981.62..154981.62 rows=1015706 width=8) (actual time=3831.742..3831.742 rows=750135 loops=1)
        Buckets: 131072  Batches: 16  Memory Usage: 2867kB
        ->  Hash Join  (cost=98137.04..154981.62 rows=1015706 width=8) (actual time=1941.805..3599.114 rows=750135 loops=1)
              Hash Cond: (mi_idx.movie_id = t.id)
              ->  Seq Scan on movie_info_idx mi_idx  (cost=0.00..21735.35 rows=1380035 width=4) (actual time=0.022..463.026 rows=1380035 loops=1)
              ->  Hash  (cost=67604.59..67604.59 rows=1860996 width=4) (actual time=1940.594..1940.594 rows=1865487 loops=1)
                    Buckets: 131072  Batches: 32  Memory Usage: 3079kB
                    ->  Seq Scan on title t  (cost=0.00..67604.59 rows=1860996 width=4) (actual time=0.015..1338.453 rows=1865487 loops=1)
                          Filter: (kind_id > 1)
                          Rows Removed by Filter: 662825
Planning time: 1.068 ms
Execution time: 6336.542 ms
