Hash Join  (cost=73958.88..132780.99 rows=248 width=0) (actual time=1129.348..1911.699 rows=750 loops=1)
  Hash Cond: (mc.movie_id = t.id)
  ->  Seq Scan on movie_companies mc  (cost=0.00..57926.93 rows=238053 width=4) (actual time=49.566..928.108 rows=471989 loops=1)
        Filter: ((company_id > 75912) AND (company_type_id = 2))
        Rows Removed by Filter: 2137140
  ->  Hash  (cost=73925.90..73925.90 rows=2638 width=4) (actual time=893.298..893.298 rows=4094 loops=1)
        Buckets: 4096  Batches: 1  Memory Usage: 176kB
        ->  Seq Scan on title t  (cost=0.00..73925.90 rows=2638 width=4) (actual time=74.432..891.417 rows=4094 loops=1)
              Filter: ((kind_id = 4) AND (production_year = 2001))
              Rows Removed by Filter: 2524218
Planning time: 0.856 ms
Execution time: 1911.988 ms
