Nested Loop  (cost=0.43..83071.67 rows=246 width=0) (actual time=0.378..1412.686 rows=2212 loops=1)
  ->  Seq Scan on movie_keyword mk  (cost=0.00..81003.12 rows=246 width=4) (actual time=0.310..1319.422 rows=2212 loops=1)
        Filter: (keyword_id = 2560)
        Rows Removed by Filter: 4521718
  ->  Index Only Scan using title_pkey on title t  (cost=0.43..8.40 rows=1 width=4) (actual time=0.041..0.041 rows=1 loops=2212)
        Index Cond: (id = mk.movie_id)
        Heap Fetches: 2212
Planning time: 0.642 ms
Execution time: 1413.536 ms
