Hash Join  (cost=73957.54..128649.19 rows=2612 width=0) (actual time=1126.932..2255.835 rows=6580 loops=1)
  Hash Cond: (mc.movie_id = t.id)
  ->  Seq Scan on movie_companies mc  (cost=0.00..44881.29 rows=2609129 width=4) (actual time=0.030..634.976 rows=2609129 loops=1)
  ->  Hash  (cost=73925.90..73925.90 rows=2531 width=4) (actual time=1126.407..1126.407 rows=2748 loops=1)
        Buckets: 4096  Batches: 1  Memory Usage: 129kB
        ->  Seq Scan on title t  (cost=0.00..73925.90 rows=2531 width=4) (actual time=0.440..1124.842 rows=2748 loops=1)
              Filter: ((kind_id < 4) AND (production_year = 1951))
              Rows Removed by Filter: 2525564
Planning time: 1.299 ms
Execution time: 2257.217 ms
