Hash Join  (cost=95643.74..848190.80 rows=175792 width=0) (actual time=1329.345..15929.316 rows=175609 loops=1)
  Hash Cond: (ci.movie_id = t.id)
  ->  Seq Scan on cast_info ci  (cost=0.00..614943.12 rows=36225612 width=4) (actual time=0.029..7528.774 rows=36244344 loops=1)
  ->  Hash  (cost=95490.36..95490.36 rows=12270 width=8) (actual time=1328.913..1328.913 rows=4937 loops=1)
        Buckets: 16384  Batches: 1  Memory Usage: 321kB
        ->  Hash Join  (cost=68438.72..95490.36 rows=12270 width=8) (actual time=712.276..1326.442 rows=4937 loops=1)
              Hash Cond: (mi_idx.movie_id = t.id)
              ->  Seq Scan on movie_info_idx mi_idx  (cost=0.00..25185.44 rows=464934 width=4) (actual time=0.027..467.989 rows=460185 loops=1)
                    Filter: (info_type_id > 100)
                    Rows Removed by Filter: 919850
              ->  Hash  (cost=67604.59..67604.59 rows=66731 width=4) (actual time=711.331..711.331 rows=67342 loops=1)
                    Buckets: 131072  Batches: 1  Memory Usage: 3392kB
                    ->  Seq Scan on title t  (cost=0.00..67604.59 rows=66731 width=4) (actual time=0.032..688.878 rows=67342 loops=1)
                          Filter: (production_year > 2012)
                          Rows Removed by Filter: 2460970
Planning time: 3.253 ms
Execution time: 15958.463 ms
