Seq Scan on movie_companies mc  (cost=0.00..51404.11 rows=104 width=0) (actual time=142.384..842.103 rows=5 loops=1)
  Filter: (company_id = 96532)
  Rows Removed by Filter: 2609124
Planning time: 0.354 ms
Execution time: 842.179 ms
