Seq Scan on cast_info ci  (cost=0.00..796071.18 rows=697069 width=0) (actual time=9026.010..11753.299 rows=482090 loops=1)
  Filter: ((person_id < 598926) AND (role_id = 3))
  Rows Removed by Filter: 35762254
Planning time: 0.300 ms
Execution time: 11811.691 ms
