Seq Scan on movie_keyword mk  (cost=0.00..81003.12 rows=4504366 width=0) (actual time=0.016..1733.949 rows=4507600 loops=1)
  Filter: (keyword_id < 120110)
  Rows Removed by Filter: 16330
Planning time: 0.333 ms
Execution time: 2273.345 ms
