Hash Join  (cost=83072.37..137737.97 rows=7 width=0) (actual time=1325.821..2335.327 rows=18 loops=1)
  Hash Cond: (mc.movie_id = t.id)
  ->  Seq Scan on movie_companies mc  (cost=0.00..44881.29 rows=2609129 width=4) (actual time=0.018..649.820 rows=2609129 loops=1)
  ->  Hash  (cost=83072.29..83072.29 rows=7 width=8) (actual time=1210.487..1210.487 rows=6 loops=1)
        Buckets: 1024  Batches: 1  Memory Usage: 9kB
        ->  Nested Loop  (cost=0.43..83072.29 rows=7 width=8) (actual time=306.416..1210.460 rows=6 loops=1)
              ->  Seq Scan on movie_keyword mk  (cost=0.00..81003.12 rows=246 width=4) (actual time=2.795..1194.926 rows=167 loops=1)
                    Filter: (keyword_id = 10071)
                    Rows Removed by Filter: 4523763
              ->  Index Scan using title_pkey on title t  (cost=0.43..8.40 rows=1 width=4) (actual time=0.090..0.090 rows=0 loops=167)
                    Index Cond: (id = mk.movie_id)
                    Filter: (production_year = 2003)
                    Rows Removed by Filter: 1
Planning time: 0.760 ms
Execution time: 2335.462 ms
