Seq Scan on movie_keyword mk  (cost=0.00..81003.12 rows=246 width=0) (actual time=105.416..1187.430 rows=32 loops=1)
  Filter: (keyword_id = 603)
  Rows Removed by Filter: 4523898
Planning time: 0.358 ms
Execution time: 1187.542 ms
