Hash Join  (cost=92883.59..184179.09 rows=1091685 width=0) (actual time=1856.306..4069.023 rows=525425 loops=1)
  Hash Cond: (mc.movie_id = t.id)
  ->  Seq Scan on movie_companies mc  (cost=0.00..51404.11 rows=1791507 width=4) (actual time=0.022..1063.039 rows=1782966 loops=1)
        Filter: (company_id < 27793)
        Rows Removed by Filter: 826163
  ->  Hash  (cost=67604.59..67604.59 rows=1540800 width=4) (actual time=1703.476..1703.476 rows=1543264 loops=1)
        Buckets: 131072  Batches: 32  Memory Usage: 2722kB
        ->  Seq Scan on title t  (cost=0.00..67604.59 rows=1540800 width=4) (actual time=17.014..1212.402 rows=1543264 loops=1)
              Filter: (kind_id = 7)
              Rows Removed by Filter: 985048
Planning time: 0.732 ms
Execution time: 4135.680 ms
