Seq Scan on cast_info ci  (cost=0.00..796071.18 rows=435 width=0) (actual time=2748.678..14431.324 rows=34 loops=1)
  Filter: ((role_id < 10) AND (person_id = 3305800))
  Rows Removed by Filter: 36244310
Planning time: 0.400 ms
Execution time: 14431.411 ms
