Hash Join  (cost=67697.55..151182.09 rows=1931 width=0) (actual time=1073.205..2615.513 rows=4883 loops=1)
  Hash Cond: (mk.movie_id = t.id)
  ->  Seq Scan on movie_keyword mk  (cost=0.00..81003.12 rows=656562 width=4) (actual time=0.020..1398.790 rows=655932 loops=1)
        Filter: (keyword_id < 508)
        Rows Removed by Filter: 3867998
  ->  Hash  (cost=67604.59..67604.59 rows=7437 width=4) (actual time=1072.441..1072.441 rows=13623 loops=1)
        Buckets: 16384 (originally 8192)  Batches: 1 (originally 1)  Memory Usage: 607kB
        ->  Seq Scan on title t  (cost=0.00..67604.59 rows=7437 width=4) (actual time=0.027..1065.919 rows=13623 loops=1)
              Filter: (production_year = 1972)
              Rows Removed by Filter: 2514689
Planning time: 0.890 ms
Execution time: 2616.615 ms
