Hash Join  (cost=83074.74..109986.57 rows=134 width=0) (actual time=1288.982..1887.355 rows=795 loops=1)
  Hash Cond: (mi_idx.movie_id = t.id)
  ->  Seq Scan on movie_info_idx mi_idx  (cost=0.00..21735.35 rows=1380035 width=4) (actual time=0.029..340.028 rows=1380035 loops=1)
  ->  Hash  (cost=83071.67..83071.67 rows=246 width=8) (actual time=1285.917..1285.917 rows=368 loops=1)
        Buckets: 1024  Batches: 1  Memory Usage: 23kB
        ->  Nested Loop  (cost=0.43..83071.67 rows=246 width=8) (actual time=15.104..1285.542 rows=368 loops=1)
              ->  Seq Scan on movie_keyword mk  (cost=0.00..81003.12 rows=246 width=4) (actual time=15.006..1259.778 rows=368 loops=1)
                    Filter: (keyword_id = 7296)
                    Rows Removed by Filter: 4523562
              ->  Index Only Scan using title_pkey on title t  (cost=0.43..8.40 rows=1 width=4) (actual time=0.067..0.067 rows=1 loops=368)
                    Index Cond: (id = mk.movie_id)
                    Heap Fetches: 368
Planning time: 1.289 ms
Execution time: 1887.617 ms
