Seq Scan on movie_keyword mk  (cost=0.00..81003.12 rows=246 width=0) (actual time=0.364..1277.843 rows=1550 loops=1)
  Filter: (keyword_id = 2042)
  Rows Removed by Filter: 4522380
Planning time: 0.363 ms
Execution time: 1278.391 ms
