Hash Join  (cost=190230.21..1078172.18 rows=2773059 width=0) (actual time=4220.033..20577.025 rows=3849062 loops=1)
  Hash Cond: (ci.movie_id = t.id)
  ->  Seq Scan on cast_info ci  (cost=0.00..796071.18 rows=5080853 width=4) (actual time=0.019..13722.570 rows=3029911 loops=1)
        Filter: ((person_id < 1476555) AND (role_id > 3))
        Rows Removed by Filter: 33214433
  ->  Hash  (cost=167588.78..167588.78 rows=1380035 width=8) (actual time=4218.919..4218.919 rows=1380035 loops=1)
        Buckets: 131072  Batches: 32  Memory Usage: 2708kB
        ->  Hash Join  (cost=102767.86..167588.78 rows=1380035 width=8) (actual time=1898.595..3836.565 rows=1380035 loops=1)
              Hash Cond: (mi_idx.movie_id = t.id)
              ->  Seq Scan on movie_info_idx mi_idx  (cost=0.00..21735.35 rows=1380035 width=4) (actual time=0.010..475.838 rows=1380035 loops=1)
              ->  Hash  (cost=61283.27..61283.27 rows=2528527 width=4) (actual time=1897.910..1897.910 rows=2528312 loops=1)
                    Buckets: 131072  Batches: 64  Memory Usage: 2415kB
                    ->  Seq Scan on title t  (cost=0.00..61283.27 rows=2528527 width=4) (actual time=0.011..1067.570 rows=2528312 loops=1)
Planning time: 0.711 ms
Execution time: 20984.519 ms
