Seq Scan on movie_keyword mk  (cost=0.00..81003.12 rows=246 width=0) (actual time=2.020..1221.214 rows=1523 loops=1)
  Filter: (keyword_id = 1733)
  Rows Removed by Filter: 4522407
Planning time: 0.353 ms
Execution time: 1221.737 ms
