Hash Join  (cost=102767.86..1101111.11 rows=7995574 width=0) (actual time=1971.367..28493.607 rows=12670688 loops=1)
  Hash Cond: (ci.movie_id = t.id)
  ->  Seq Scan on cast_info ci  (cost=0.00..796071.18 rows=7995574 width=4) (actual time=0.016..16422.698 rows=12670688 loops=1)
        Filter: ((person_id < 2309483) AND (role_id = 1))
        Rows Removed by Filter: 23573656
  ->  Hash  (cost=61283.27..61283.27 rows=2528527 width=4) (actual time=1969.854..1969.854 rows=2528312 loops=1)
        Buckets: 131072  Batches: 64  Memory Usage: 2415kB
        ->  Seq Scan on title t  (cost=0.00..61283.27 rows=2528527 width=4) (actual time=0.019..1162.396 rows=2528312 loops=1)
Planning time: 0.793 ms
Execution time: 29813.709 ms
