Hash Join  (cost=424488.59..521205.56 rows=34103 width=0) (actual time=8349.069..8961.638 rows=12989 loops=1)
  Hash Cond: (mk.movie_id = t.id)
  ->  Seq Scan on movie_keyword mk  (cost=0.00..81003.12 rows=4099418 width=4) (actual time=0.016..1599.126 rows=4087742 loops=1)
        Filter: (keyword_id > 335)
        Rows Removed by Filter: 436188
  ->  Hash  (cost=424225.65..424225.65 rows=21035 width=8) (actual time=6771.379..6771.379 rows=4556 loops=1)
        Buckets: 32768  Batches: 1  Memory Usage: 434kB
        ->  Hash Join  (cost=74747.02..424225.65 rows=21035 width=8) (actual time=5413.841..6769.563 rows=4556 loops=1)
              Hash Cond: (mi.movie_id = t.id)
              ->  Seq Scan on movie_info mi  (cost=0.00..346232.03 rows=809669 width=4) (actual time=4129.785..5272.626 rows=802140 loops=1)
                    Filter: (info_type_id = 1)
                    Rows Removed by Filter: 14033580
              ->  Hash  (cost=73925.90..73925.90 rows=65689 width=4) (actual time=1281.517..1281.517 rows=74524 loops=1)
                    Buckets: 131072  Batches: 1  Memory Usage: 3644kB
                    ->  Seq Scan on title t  (cost=0.00..73925.90 rows=65689 width=4) (actual time=275.148..1251.896 rows=74524 loops=1)
                          Filter: ((kind_id = 7) AND (production_year = 2006))
                          Rows Removed by Filter: 2453788
Planning time: 3.295 ms
Execution time: 8963.560 ms
