Hash Join  (cost=85282.22..203608.04 rows=662684 width=0) (actual time=1652.365..4193.714 rows=126422 loops=1)
  Hash Cond: (mk.movie_id = t.id)
  ->  Seq Scan on movie_keyword mk  (cost=0.00..81003.12 rows=2420762 width=4) (actual time=0.020..1614.461 rows=2421996 loops=1)
        Filter: (keyword_id < 5717)
        Rows Removed by Filter: 2101934
  ->  Hash  (cost=73925.90..73925.90 rows=692185 width=4) (actual time=1436.058..1436.058 rows=596495 loops=1)
        Buckets: 131072  Batches: 16  Memory Usage: 2338kB
        ->  Seq Scan on title t  (cost=0.00..73925.90 rows=692185 width=4) (actual time=333.348..1245.397 rows=596495 loops=1)
              Filter: ((production_year < 2002) AND (kind_id = 7))
              Rows Removed by Filter: 1931817
Planning time: 0.715 ms
Execution time: 4208.344 ms
