Seq Scan on movie_keyword mk  (cost=0.00..81003.12 rows=246 width=0) (actual time=14.948..1234.947 rows=69 loops=1)
  Filter: (keyword_id = 7701)
  Rows Removed by Filter: 4523861
Planning time: 0.335 ms
Execution time: 1235.098 ms
