Seq Scan on cast_info ci  (cost=0.00..796071.18 rows=324 width=0) (actual time=6108.300..14289.385 rows=20 loops=1)
  Filter: ((role_id > 1) AND (person_id = 2832550))
  Rows Removed by Filter: 36244324
Planning time: 0.375 ms
Execution time: 14289.502 ms
