Hash Join  (cost=67697.55..918661.55 rows=42719 width=0) (actual time=1158.440..17397.641 rows=61330 loops=1)
  Hash Cond: (ci.movie_id = t.id)
  ->  Seq Scan on cast_info ci  (cost=0.00..796071.18 rows=14524167 width=4) (actual time=0.024..13668.630 rows=12715289 loops=1)
        Filter: ((person_id > 1875831) AND (role_id < 9))
        Rows Removed by Filter: 23529055
  ->  Hash  (cost=67604.59..67604.59 rows=7437 width=4) (actual time=1157.864..1157.864 rows=14054 loops=1)
        Buckets: 16384 (originally 8192)  Batches: 1 (originally 1)  Memory Usage: 623kB
        ->  Seq Scan on title t  (cost=0.00..67604.59 rows=7437 width=4) (actual time=0.015..1151.008 rows=14054 loops=1)
              Filter: (production_year = 1975)
              Rows Removed by Filter: 2514258
Planning time: 0.575 ms
Execution time: 17408.787 ms
