Hash Join  (cost=222774.88..372894.53 rows=2307861 width=0) (actual time=5636.701..11799.285 rows=8378267 loops=1)
  Hash Cond: (mk.movie_id = t.id)
  ->  Seq Scan on movie_keyword mk  (cost=0.00..69693.30 rows=4523930 width=4) (actual time=0.015..1501.255 rows=4523930 loops=1)
  ->  Hash  (cost=201611.93..201611.93 rows=1289916 width=8) (actual time=5634.445..5634.445 rows=1318337 loops=1)
        Buckets: 131072  Batches: 32  Memory Usage: 2641kB
        ->  Hash Join  (cost=102767.86..201611.93 rows=1289916 width=8) (actual time=2438.581..5225.075 rows=1318337 loops=1)
              Hash Cond: (mc.movie_id = t.id)
              ->  Seq Scan on movie_companies mc  (cost=0.00..57926.93 rows=1289916 width=4) (actual time=0.011..1242.677 rows=1318337 loops=1)
                    Filter: ((company_id > 11) AND (company_type_id = 2))
                    Rows Removed by Filter: 1290792
              ->  Hash  (cost=61283.27..61283.27 rows=2528527 width=4) (actual time=2437.288..2437.288 rows=2528312 loops=1)
                    Buckets: 131072  Batches: 64  Memory Usage: 2415kB
                    ->  Seq Scan on title t  (cost=0.00..61283.27 rows=2528527 width=4) (actual time=0.016..974.050 rows=2528312 loops=1)
Planning time: 0.974 ms
Execution time: 12737.109 ms
