Seq Scan on cast_info ci  (cost=0.00..796071.18 rows=2712009 width=0) (actual time=0.021..12746.937 rows=5500553 loops=1)
  Filter: ((person_id < 738682) AND (role_id = 1))
  Rows Removed by Filter: 30743791
Planning time: 0.430 ms
Execution time: 13434.809 ms
