Hash Join  (cost=478290.75..1359420.95 rows=2642533 width=0) (actual time=9502.592..31747.169 rows=7567788 loops=1)
  Hash Cond: (ci.movie_id = t.id)
  ->  Seq Scan on cast_info ci  (cost=0.00..705507.15 rows=12726058 width=4) (actual time=0.029..13081.835 rows=12670688 loops=1)
        Filter: (role_id < 2)
        Rows Removed by Filter: 23573656
  ->  Hash  (cost=469676.73..469676.73 rows=525042 width=8) (actual time=9501.738..9501.738 rows=560990 loops=1)
        Buckets: 131072  Batches: 8  Memory Usage: 3763kB
        ->  Hash Join  (cost=81025.55..469676.73 rows=525042 width=8) (actual time=4951.929..9298.729 rows=560990 loops=1)
              Hash Cond: (mi.movie_id = t.id)
              ->  Seq Scan on movie_info mi  (cost=0.00..346232.03 rows=3068194 width=4) (actual time=3346.636..5628.161 rows=3036719 loops=1)
                    Filter: (info_type_id = 16)
                    Rows Removed by Filter: 11799001
              ->  Hash  (cost=73925.90..73925.90 rows=432692 width=4) (actual time=1603.841..1603.841 rows=368246 loops=1)
                    Buckets: 131072  Batches: 8  Memory Usage: 2645kB
                    ->  Seq Scan on title t  (cost=0.00..73925.90 rows=432692 width=4) (actual time=0.031..1285.561 rows=368246 loops=1)
                          Filter: ((kind_id < 7) AND (production_year > 2004))
                          Rows Removed by Filter: 2160066
Planning time: 6.742 ms
Execution time: 32635.398 ms
