Hash Join  (cost=277243.56..903952.18 rows=12040979 width=0) (actual time=6027.232..44854.203 rows=113492078 loops=1)
  Hash Cond: (mi.movie_id = t.id)
  ->  Seq Scan on movie_info mi  (cost=0.00..309384.22 rows=14739122 width=4) (actual time=0.012..6381.716 rows=14835720 loops=1)
  ->  Hash  (cost=243353.88..243353.88 rows=2065655 width=8) (actual time=6025.958..6025.958 rows=2068861 loops=1)
        Buckets: 131072  Batches: 32  Memory Usage: 3615kB
        ->  Hash Join  (cost=102767.86..243353.88 rows=2065655 width=8) (actual time=1954.749..5443.535 rows=2068861 loops=1)
              Hash Cond: (mk.movie_id = t.id)
              ->  Seq Scan on movie_keyword mk  (cost=0.00..81003.12 rows=2065655 width=4) (actual time=0.022..1530.847 rows=2068861 loops=1)
                    Filter: (keyword_id > 5882)
                    Rows Removed by Filter: 2455069
              ->  Hash  (cost=61283.27..61283.27 rows=2528527 width=4) (actual time=1952.749..1952.749 rows=2528312 loops=1)
                    Buckets: 131072  Batches: 64  Memory Usage: 2425kB
                    ->  Seq Scan on title t  (cost=0.00..61283.27 rows=2528527 width=4) (actual time=0.010..1109.522 rows=2528312 loops=1)
Planning time: 1.060 ms
Execution time: 56541.641 ms
