Hash Join  (cost=127937.84..568127.83 rows=635952 width=0) (actual time=2912.977..12954.609 rows=1521956 loops=1)
  Hash Cond: (mi.movie_id = t.id)
  ->  Seq Scan on movie_info mi  (cost=0.00..346232.03 rows=7503588 width=4) (actual time=409.620..6639.700 rows=7548855 loops=1)
        Filter: (info_type_id > 7)
        Rows Removed by Filter: 7286865
  ->  Hash  (cost=124421.09..124421.09 rows=214300 width=8) (actual time=2502.650..2502.650 rows=179890 loops=1)
        Buckets: 131072  Batches: 4  Memory Usage: 2779kB
        ->  Hash Join  (cost=87180.69..124421.09 rows=214300 width=8) (actual time=1488.451..2451.529 rows=179890 loops=1)
              Hash Cond: (mi_idx.movie_id = t.id)
              ->  Seq Scan on movie_info_idx mi_idx  (cost=0.00..25185.44 rows=454124 width=4) (actual time=0.018..493.819 rows=459925 loops=1)
                    Filter: (info_type_id = 100)
                    Rows Removed by Filter: 920110
              ->  Hash  (cost=67604.59..67604.59 rows=1193208 width=4) (actual time=1487.501..1487.501 rows=1192518 loops=1)
                    Buckets: 131072  Batches: 16  Memory Usage: 3646kB
                    ->  Seq Scan on title t  (cost=0.00..67604.59 rows=1193208 width=4) (actual time=0.025..1132.307 rows=1192518 loops=1)
                          Filter: (production_year > 2003)
                          Rows Removed by Filter: 1335794
Planning time: 0.898 ms
Execution time: 13141.761 ms
