Hash Join  (cost=163933.64..928552.46 rows=173795 width=0) (actual time=5102.855..19396.695 rows=476042 loops=1)
  Hash Cond: (ci.movie_id = t.id)
  ->  Seq Scan on cast_info ci  (cost=0.00..705507.15 rows=15299668 width=4) (actual time=2178.988..12413.606 rows=15443020 loops=1)
        Filter: (person_id > 2095902)
        Rows Removed by Filter: 20801324
  ->  Hash  (cost=163574.61..163574.61 rows=28722 width=8) (actual time=2923.581..2923.581 rows=42109 loops=1)
        Buckets: 65536 (originally 32768)  Batches: 1 (originally 1)  Memory Usage: 2157kB
        ->  Hash Join  (cost=74355.26..163574.61 rows=28722 width=8) (actual time=1059.740..2908.013 rows=42109 loops=1)
              Hash Cond: (mk.movie_id = t.id)
              ->  Seq Scan on movie_keyword mk  (cost=0.00..81003.12 rows=2114403 width=4) (actual time=0.020..1464.501 rows=2113024 loops=1)
                    Filter: (keyword_id > 5651)
                    Rows Removed by Filter: 2410906
              ->  Hash  (cost=73925.90..73925.90 rows=34348 width=4) (actual time=1059.413..1059.413 rows=45020 loops=1)
                    Buckets: 65536  Batches: 1  Memory Usage: 2095kB
                    ->  Seq Scan on title t  (cost=0.00..73925.90 rows=34348 width=4) (actual time=358.811..1043.827 rows=45020 loops=1)
                          Filter: ((production_year < 1996) AND (kind_id = 3))
                          Rows Removed by Filter: 2483292
Planning time: 1.223 ms
Execution time: 19459.733 ms
