Hash Join  (cost=67697.55..128816.55 rows=2484 width=0) (actual time=1037.219..2274.681 rows=2508 loops=1)
  Hash Cond: (mc.movie_id = t.id)
  ->  Seq Scan on movie_companies mc  (cost=0.00..57926.93 rows=844593 width=4) (actual time=0.026..1056.697 rows=1157326 loops=1)
        Filter: ((company_id < 21846) AND (company_type_id < 2))
        Rows Removed by Filter: 1451803
  ->  Hash  (cost=67604.59..67604.59 rows=7437 width=4) (actual time=1036.913..1036.913 rows=2543 loops=1)
        Buckets: 8192  Batches: 1  Memory Usage: 154kB
        ->  Seq Scan on title t  (cost=0.00..67604.59 rows=7437 width=4) (actual time=424.675..1035.608 rows=2543 loops=1)
              Filter: (production_year = 1930)
              Rows Removed by Filter: 2525769
Planning time: 0.796 ms
Execution time: 2275.226 ms
