Hash Join  (cost=52284.99..417164.43 rows=205 width=0) (actual time=621.484..6974.253 rows=384 loops=1)
  Hash Cond: (mi.movie_id = t.id)
  ->  Seq Scan on movie_info mi  (cost=0.00..346232.03 rows=4972096 width=4) (actual time=247.562..5953.904 rows=4923966 loops=1)
        Filter: (info_type_id < 5)
        Rows Removed by Filter: 9911754
  ->  Hash  (cost=52283.69..52283.69 rows=104 width=8) (actual time=302.288..302.288 rows=128 loops=1)
        Buckets: 1024  Batches: 1  Memory Usage: 13kB
        ->  Nested Loop  (cost=0.43..52283.69 rows=104 width=8) (actual time=155.431..302.239 rows=128 loops=1)
              ->  Seq Scan on movie_companies mc  (cost=0.00..51404.11 rows=104 width=4) (actual time=155.355..300.212 rows=128 loops=1)
                    Filter: (company_id = 100990)
                    Rows Removed by Filter: 2609001
              ->  Index Only Scan using title_pkey on title t  (cost=0.43..8.45 rows=1 width=4) (actual time=0.015..0.015 rows=1 loops=128)
                    Index Cond: (id = mc.movie_id)
                    Heap Fetches: 128
Planning time: 1.304 ms
Execution time: 6974.515 ms
