Hash Join  (cost=67697.55..94638.77 rows=1366 width=0) (actual time=1081.489..1633.175 rows=980 loops=1)
  Hash Cond: (mi_idx.movie_id = t.id)
  ->  Seq Scan on movie_info_idx mi_idx  (cost=0.00..25185.44 rows=464566 width=4) (actual time=0.023..477.613 rows=459925 loops=1)
        Filter: (info_type_id = 101)
        Rows Removed by Filter: 920110
  ->  Hash  (cost=67604.59..67604.59 rows=7437 width=4) (actual time=1081.290..1081.290 rows=2493 loops=1)
        Buckets: 8192  Batches: 1  Memory Usage: 152kB
        ->  Seq Scan on title t  (cost=0.00..67604.59 rows=7437 width=4) (actual time=0.045..1080.089 rows=2493 loops=1)
              Filter: (production_year = 1934)
              Rows Removed by Filter: 2525819
Planning time: 0.771 ms
Execution time: 1633.503 ms
