Hash Join  (cost=102767.86..253606.62 rows=2491670 width=0) (actual time=1879.073..6059.403 rows=2484672 loops=1)
  Hash Cond: (mk.movie_id = t.id)
  ->  Seq Scan on movie_keyword mk  (cost=0.00..81003.12 rows=2491670 width=4) (actual time=0.012..1686.275 rows=2484672 loops=1)
        Filter: (keyword_id < 6039)
        Rows Removed by Filter: 2039258
  ->  Hash  (cost=61283.27..61283.27 rows=2528527 width=4) (actual time=1878.104..1878.104 rows=2528312 loops=1)
        Buckets: 131072  Batches: 64  Memory Usage: 2425kB
        ->  Seq Scan on title t  (cost=0.00..61283.27 rows=2528527 width=4) (actual time=0.008..1007.239 rows=2528312 loops=1)
Planning time: 0.781 ms
Execution time: 6343.499 ms
