Seq Scan on movie_keyword mk  (cost=0.00..81003.12 rows=2580015 width=0) (actual time=0.031..1454.574 rows=2571039 loops=1)
  Filter: (keyword_id < 6595)
  Rows Removed by Filter: 1952891
Planning time: 0.351 ms
Execution time: 1773.873 ms
