Hash Join  (cost=256337.17..1137985.77 rows=2776803 width=0) (actual time=11400.503..25453.876 rows=14116503 loops=1)
  Hash Cond: (ci.movie_id = t.id)
  ->  Seq Scan on cast_info ci  (cost=0.00..796071.18 rows=3973080 width=4) (actual time=4546.059..12835.487 rows=2361904 loops=1)
        Filter: ((person_id < 1149664) AND (role_id > 3))
        Rows Removed by Filter: 33882440
  ->  Hash  (cost=227343.19..227343.19 rows=1767198 width=8) (actual time=6852.523..6852.523 rows=3878469 loops=1)
        Buckets: 131072 (originally 131072)  Batches: 64 (originally 32)  Memory Usage: 3438kB
        ->  Hash Join  (cost=83810.17..227343.19 rows=1767198 width=8) (actual time=1496.643..5825.512 rows=3878469 loops=1)
              Hash Cond: (mk.movie_id = t.id)
              ->  Seq Scan on movie_keyword mk  (cost=0.00..69693.30 rows=4523930 width=4) (actual time=0.727..1389.323 rows=4523930 loops=1)
              ->  Hash  (cost=67604.59..67604.59 rows=987727 width=4) (actual time=1495.005..1495.005 rows=985048 loops=1)
                    Buckets: 131072  Batches: 16  Memory Usage: 3197kB
                    ->  Seq Scan on title t  (cost=0.00..67604.59 rows=987727 width=4) (actual time=0.027..1187.808 rows=985048 loops=1)
                          Filter: (kind_id < 7)
                          Rows Removed by Filter: 1543264
Planning time: 0.857 ms
Execution time: 27071.994 ms
