Seq Scan on movie_keyword mk  (cost=0.00..81003.12 rows=246 width=0) (actual time=103.473..1290.537 rows=4 loops=1)
  Filter: (keyword_id = 48121)
  Rows Removed by Filter: 4523926
Planning time: 2.831 ms
Execution time: 1290.637 ms
