Seq Scan on cast_info ci  (cost=0.00..705507.15 rows=3135056 width=0) (actual time=404.903..10436.641 rows=3041119 loops=1)
  Filter: (person_id < 295163)
  Rows Removed by Filter: 33203225
Planning time: 0.358 ms
Execution time: 10804.570 ms
