Hash Join  (cost=597268.53..1649402.94 rows=11549411 width=0) (actual time=11210.919..30938.201 rows=6900409 loops=1)
  Hash Cond: (ci.movie_id = t.id)
  ->  Seq Scan on cast_info ci  (cost=0.00..796071.18 rows=9104980 width=4) (actual time=0.033..14798.701 rows=5238983 loops=1)
        Filter: ((person_id < 2035654) AND (role_id > 2))
        Rows Removed by Filter: 31005361
  ->  Hash  (cost=544647.47..544647.47 rows=3207365 width=8) (actual time=11209.703..11209.703 rows=2012496 loops=1)
        Buckets: 131072  Batches: 64  Memory Usage: 2242kB
        ->  Hash Join  (cost=92883.59..544647.47 rows=3207365 width=8) (actual time=2121.224..10688.426 rows=2012496 loops=1)
              Hash Cond: (mi.movie_id = t.id)
              ->  Seq Scan on movie_info mi  (cost=0.00..346232.03 rows=5263441 width=4) (actual time=410.695..5800.975 rows=5270569 loops=1)
                    Filter: (info_type_id > 15)
                    Rows Removed by Filter: 9565151
              ->  Hash  (cost=67604.59..67604.59 rows=1540800 width=4) (actual time=1689.206..1689.206 rows=1543264 loops=1)
                    Buckets: 131072  Batches: 32  Memory Usage: 2728kB
                    ->  Seq Scan on title t  (cost=0.00..67604.59 rows=1540800 width=4) (actual time=292.701..1182.752 rows=1543264 loops=1)
                          Filter: (kind_id = 7)
                          Rows Removed by Filter: 985048
Planning time: 3.175 ms
Execution time: 31662.741 ms
