Seq Scan on movie_keyword mk  (cost=0.00..81003.12 rows=7992 width=0) (actual time=0.078..1209.841 rows=7673 loops=1)
  Filter: (keyword_id = 7078)
  Rows Removed by Filter: 4516257
Planning time: 0.522 ms
Execution time: 1211.754 ms
