Hash Join  (cost=102767.86..175632.98 rows=481293 width=0) (actual time=1912.876..3467.837 rows=475058 loops=1)
  Hash Cond: (mc.movie_id = t.id)
  ->  Seq Scan on movie_companies mc  (cost=0.00..51404.11 rows=481293 width=4) (actual time=0.023..811.984 rows=475058 loops=1)
        Filter: (company_id < 420)
        Rows Removed by Filter: 2134071
  ->  Hash  (cost=61283.27..61283.27 rows=2528527 width=4) (actual time=1912.035..1912.035 rows=2528312 loops=1)
        Buckets: 131072  Batches: 64  Memory Usage: 2415kB
        ->  Seq Scan on title t  (cost=0.00..61283.27 rows=2528527 width=4) (actual time=0.017..1068.670 rows=2528312 loops=1)
Planning time: 0.775 ms
Execution time: 3522.431 ms
