Seq Scan on movie_companies mc  (cost=0.00..57926.93 rows=31642 width=0) (actual time=339.459..799.906 rows=61087 loops=1)
  Filter: ((company_id > 183025) AND (company_type_id > 1))
  Rows Removed by Filter: 2548042
Planning time: 0.337 ms
Execution time: 808.004 ms
