Hash Join  (cost=156379.12..260811.69 rows=301205 width=184) (actual time=3165.819..6047.393 rows=552174 loops=1)
  Hash Cond: (mc.movie_id = t.id)
  ->  Seq Scan on movie_companies mc  (cost=0.00..44881.29 rows=2609129 width=40) (actual time=0.015..977.660 rows=2609129 loops=1)
  ->  Hash  (cost=146743.37..146743.37 rows=291900 width=144) (actual time=3164.801..3164.801 rows=192209 loops=1)
        Buckets: 32768  Batches: 16  Memory Usage: 1875kB
        ->  Hash Join  (cost=82124.89..146743.37 rows=291900 width=144) (actual time=1735.140..3041.601 rows=192209 loops=1)
              Hash Cond: (mi_idx.movie_id = t.id)
              ->  Seq Scan on movie_info_idx mi_idx  (cost=0.00..21735.35 rows=1380035 width=50) (actual time=0.017..399.579 rows=1380035 loops=1)
              ->  Hash  (cost=67604.59..67604.59 rows=534824 width=94) (actual time=1734.426..1734.426 rows=533369 loops=1)
                    Buckets: 32768  Batches: 32  Memory Usage: 2134kB
                    ->  Seq Scan on title t  (cost=0.00..67604.59 rows=534824 width=94) (actual time=0.022..1481.288 rows=533369 loops=1)
                          Filter: (production_year > 2009)
                          Rows Removed by Filter: 1994943
Planning time: 11.333 ms
Execution time: 6078.050 ms
