Hash Join  (cost=102767.86..184792.33 rows=590864 width=0) (actual time=2317.967..3526.913 rows=376681 loops=1)
  Hash Cond: (mc.movie_id = t.id)
  ->  Seq Scan on movie_companies mc  (cost=0.00..57926.93 rows=590864 width=4) (actual time=440.459..977.719 rows=376681 loops=1)
        Filter: ((company_id < 9211) AND (company_type_id > 1))
        Rows Removed by Filter: 2232448
  ->  Hash  (cost=61283.27..61283.27 rows=2528527 width=4) (actual time=1876.293..1876.293 rows=2528312 loops=1)
        Buckets: 131072  Batches: 64  Memory Usage: 2415kB
        ->  Seq Scan on title t  (cost=0.00..61283.27 rows=2528527 width=4) (actual time=0.028..1050.976 rows=2528312 loops=1)
Planning time: 0.735 ms
Execution time: 3568.966 ms
