Hash Join  (cost=433080.88..488368.68 rows=62229 width=0) (actual time=7560.045..9001.938 rows=103218 loops=1)
  Hash Cond: (mc.movie_id = t.id)
  ->  Seq Scan on movie_companies mc  (cost=0.00..44881.29 rows=2609129 width=4) (actual time=0.012..696.556 rows=2609129 loops=1)
  ->  Hash  (cost=432327.05..432327.05 rows=60306 width=8) (actual time=7559.626..7559.626 rows=52890 loops=1)
        Buckets: 65536  Batches: 1  Memory Usage: 2579kB
        ->  Hash Join  (cost=69460.45..432327.05 rows=60306 width=8) (actual time=6312.378..7537.869 rows=52890 loops=1)
              Hash Cond: (mi.movie_id = t.id)
              ->  Seq Scan on movie_info mi  (cost=0.00..346232.03 rows=1348138 width=4) (actual time=5082.037..5762.813 rows=1298989 loops=1)
                    Filter: (info_type_id = 4)
                    Rows Removed by Filter: 13536731
              ->  Hash  (cost=67604.59..67604.59 rows=113109 width=4) (actual time=1229.244..1229.244 rows=119565 loops=1)
                    Buckets: 131072  Batches: 2  Memory Usage: 3121kB
                    ->  Seq Scan on title t  (cost=0.00..67604.59 rows=113109 width=4) (actual time=0.034..1182.946 rows=119565 loops=1)
                          Filter: (production_year = 2007)
                          Rows Removed by Filter: 2408747
Planning time: 1.746 ms
Execution time: 9016.535 ms
