Nested Loop  (cost=0.43..83071.67 rows=246 width=0) (actual time=3.884..1314.867 rows=225 loops=1)
  ->  Seq Scan on movie_keyword mk  (cost=0.00..81003.12 rows=246 width=4) (actual time=3.837..1306.789 rows=225 loops=1)
        Filter: (keyword_id = 9109)
        Rows Removed by Filter: 4523705
  ->  Index Only Scan using title_pkey on title t  (cost=0.43..8.40 rows=1 width=4) (actual time=0.032..0.033 rows=1 loops=225)
        Index Cond: (id = mk.movie_id)
        Heap Fetches: 225
Planning time: 0.962 ms
Execution time: 1315.098 ms
