Hash Join  (cost=102767.86..243166.92 rows=2057842 width=0) (actual time=1999.393..5601.847 rows=2070661 loops=1)
  Hash Cond: (mk.movie_id = t.id)
  ->  Seq Scan on movie_keyword mk  (cost=0.00..81003.12 rows=2057842 width=4) (actual time=0.016..1608.296 rows=2070661 loops=1)
        Filter: (keyword_id < 3666)
        Rows Removed by Filter: 2453269
  ->  Hash  (cost=61283.27..61283.27 rows=2528527 width=4) (actual time=1997.758..1997.758 rows=2528312 loops=1)
        Buckets: 131072  Batches: 64  Memory Usage: 2425kB
        ->  Seq Scan on title t  (cost=0.00..61283.27 rows=2528527 width=4) (actual time=0.004..1148.483 rows=2528312 loops=1)
Planning time: 0.794 ms
Execution time: 5787.974 ms
