Seq Scan on movie_keyword mk  (cost=0.00..81003.12 rows=1161713 width=0) (actual time=0.014..1285.903 rows=1174960 loops=1)
  Filter: (keyword_id > 15855)
  Rows Removed by Filter: 3348970
Planning time: 0.328 ms
Execution time: 1433.157 ms
