Hash Join  (cost=102767.86..1552763.24 rows=30529245 width=0) (actual time=1901.642..43428.920 rows=30628675 loops=1)
  Hash Cond: (ci.movie_id = t.id)
  ->  Seq Scan on cast_info ci  (cost=0.00..705507.15 rows=30529245 width=4) (actual time=0.018..16405.256 rows=30628675 loops=1)
        Filter: (person_id > 542647)
        Rows Removed by Filter: 5615669
  ->  Hash  (cost=61283.27..61283.27 rows=2528527 width=4) (actual time=1899.798..1899.798 rows=2528312 loops=1)
        Buckets: 131072  Batches: 64  Memory Usage: 2415kB
        ->  Seq Scan on title t  (cost=0.00..61283.27 rows=2528527 width=4) (actual time=0.016..1061.906 rows=2528312 loops=1)
Planning time: 0.810 ms
Execution time: 46846.931 ms
