Hash Join  (cost=141020.52..1220275.46 rows=4424477 width=0) (actual time=3840.295..37317.499 rows=9082454 loops=1)
  Hash Cond: (ci.movie_id = t.id)
  ->  Seq Scan on cast_info ci  (cost=0.00..614943.12 rows=36225612 width=4) (actual time=0.007..13194.266 rows=36244344 loops=1)
  ->  Hash  (cost=135953.19..135953.19 rows=308826 width=8) (actual time=3839.649..3839.649 rows=285191 loops=1)
        Buckets: 131072  Batches: 8  Memory Usage: 2419kB
        ->  Hash Join  (cost=95159.82..135953.19 rows=308826 width=8) (actual time=2698.184..3756.386 rows=285191 loops=1)
              Hash Cond: (mi_idx.movie_id = t.id)
              ->  Seq Scan on movie_info_idx mi_idx  (cost=0.00..25185.44 rows=464934 width=4) (actual time=0.009..450.255 rows=460185 loops=1)
                    Filter: (info_type_id > 100)
                    Rows Removed by Filter: 919850
              ->  Hash  (cost=67604.59..67604.59 rows=1679539 width=4) (actual time=2697.143..2697.143 rows=1673541 loops=1)
                    Buckets: 131072  Batches: 32  Memory Usage: 2866kB
                    ->  Seq Scan on title t  (cost=0.00..67604.59 rows=1679539 width=4) (actual time=0.014..1377.797 rows=1673541 loops=1)
                          Filter: (production_year > 1993)
                          Rows Removed by Filter: 854771
Planning time: 0.772 ms
Execution time: 38369.327 ms
