Seq Scan on movie_keyword mk  (cost=0.00..81003.12 rows=146078 width=0) (actual time=0.028..1280.971 rows=145278 loops=1)
  Filter: (keyword_id > 74338)
  Rows Removed by Filter: 4378652
Planning time: 0.376 ms
Execution time: 1300.381 ms
