Seq Scan on cast_info ci  (cost=0.00..796071.18 rows=10455445 width=0) (actual time=496.892..14329.382 rows=16270646 loops=1)
  Filter: ((person_id > 2006360) AND (role_id > 1))
  Rows Removed by Filter: 19973698
Planning time: 0.383 ms
Execution time: 16319.565 ms
