Hash Join  (cost=102767.86..291948.17 rows=4085119 width=0) (actual time=2296.619..7391.227 rows=4089364 loops=1)
  Hash Cond: (mk.movie_id = t.id)
  ->  Seq Scan on movie_keyword mk  (cost=0.00..81003.12 rows=4085119 width=4) (actual time=0.020..1790.083 rows=4089364 loops=1)
        Filter: (keyword_id < 40357)
        Rows Removed by Filter: 434566
  ->  Hash  (cost=61283.27..61283.27 rows=2528527 width=4) (actual time=2292.672..2292.672 rows=2528312 loops=1)
        Buckets: 131072  Batches: 64  Memory Usage: 2425kB
        ->  Seq Scan on title t  (cost=0.00..61283.27 rows=2528527 width=4) (actual time=0.011..1146.074 rows=2528312 loops=1)
Planning time: 0.781 ms
Execution time: 7850.624 ms
