Seq Scan on cast_info ci  (cost=0.00..796071.18 rows=6637770 width=0) (actual time=4041.611..13317.870 rows=266865 loops=1)
  Filter: ((person_id > 1700464) AND (role_id = 1))
  Rows Removed by Filter: 35977479
Planning time: 0.398 ms
Execution time: 13348.094 ms
