Hash Join  (cost=185135.65..539759.79 rows=16230 width=0) (actual time=1767.165..7251.847 rows=178673 loops=1)
  Hash Cond: (mi.movie_id = t.id)
  ->  Seq Scan on movie_info mi  (cost=0.00..346232.03 rows=2194617 width=4) (actual time=0.021..4983.062 rows=2233850 loops=1)
        Filter: (info_type_id > 16)
        Rows Removed by Filter: 12601870
  ->  Hash  (cost=184901.92..184901.92 rows=18699 width=8) (actual time=1766.260..1766.260 rows=20522 loops=1)
        Buckets: 32768  Batches: 1  Memory Usage: 1058kB
        ->  Nested Loop  (cost=0.43..184901.92 rows=18699 width=8) (actual time=0.140..1754.731 rows=20522 loops=1)
              ->  Seq Scan on movie_keyword mk  (cost=0.00..81003.12 rows=18699 width=4) (actual time=0.087..1264.035 rows=20522 loops=1)
                    Filter: (keyword_id = 382)
                    Rows Removed by Filter: 4503408
              ->  Index Only Scan using title_pkey on title t  (cost=0.43..5.55 rows=1 width=4) (actual time=0.022..0.023 rows=1 loops=20522)
                    Index Cond: (id = mk.movie_id)
                    Heap Fetches: 20522
Planning time: 1.197 ms
Execution time: 7276.963 ms
