Hash Join  (cost=798790.14..861241.55 rows=42 width=0) (actual time=14525.335..15909.589 rows=25 loops=1)
  Hash Cond: (mc.movie_id = t.id)
  ->  Seq Scan on movie_companies mc  (cost=0.00..57926.93 rows=1206413 width=4) (actual time=0.024..1247.638 rows=1090728 loops=1)
        Filter: ((company_id < 102178) AND (company_type_id = 2))
        Rows Removed by Filter: 1518401
  ->  Hash  (cost=798789.03..798789.03 rows=89 width=8) (actual time=14505.468..14505.468 rows=9 loops=1)
        Buckets: 1024  Batches: 1  Memory Usage: 9kB
        ->  Nested Loop  (cost=0.43..798789.03 rows=89 width=8) (actual time=10834.115..14505.418 rows=9 loops=1)
              ->  Seq Scan on cast_info ci  (cost=0.00..796071.18 rows=324 width=4) (actual time=10833.976..14503.844 rows=123 loops=1)
                    Filter: ((role_id > 1) AND (person_id = 2985399))
                    Rows Removed by Filter: 36244221
              ->  Index Scan using title_pkey on title t  (cost=0.43..8.38 rows=1 width=4) (actual time=0.012..0.012 rows=0 loops=123)
                    Index Cond: (id = ci.movie_id)
                    Filter: ((kind_id < 7) AND (production_year > 1989))
                    Rows Removed by Filter: 1
Planning time: 1.300 ms
Execution time: 15909.754 ms
