Hash Join  (cost=107183.38..1106583.88 rows=12141506 width=0) (actual time=7045.590..26590.791 rows=12517050 loops=1)
  Hash Cond: (ci.movie_id = t.id)
  ->  Seq Scan on cast_info ci  (cost=0.00..705507.15 rows=12726058 width=4) (actual time=4857.168..14253.931 rows=12670688 loops=1)
        Filter: (role_id = 1)
        Rows Removed by Filter: 23573656
  ->  Hash  (cost=67604.59..67604.59 rows=2412383 width=4) (actual time=2187.252..2187.252 rows=2404496 loops=1)
        Buckets: 131072  Batches: 32  Memory Usage: 3666kB
        ->  Seq Scan on title t  (cost=0.00..67604.59 rows=2412383 width=4) (actual time=0.031..1427.827 rows=2404496 loops=1)
              Filter: (production_year > 1913)
              Rows Removed by Filter: 123816
Planning time: 0.805 ms
Execution time: 27911.340 ms
