Hash Join  (cost=92883.59..904050.80 rows=292500 width=0) (actual time=5172.215..14190.358 rows=199650 loops=1)
  Hash Cond: (ci.movie_id = t.id)
  ->  Seq Scan on cast_info ci  (cost=0.00..796071.18 rows=480006 width=4) (actual time=3457.848..11951.486 rows=443649 loops=1)
        Filter: ((person_id < 964578) AND (role_id = 8))
        Rows Removed by Filter: 35800695
  ->  Hash  (cost=67604.59..67604.59 rows=1540800 width=4) (actual time=1712.707..1712.707 rows=1543264 loops=1)
        Buckets: 131072  Batches: 32  Memory Usage: 2722kB
        ->  Seq Scan on title t  (cost=0.00..67604.59 rows=1540800 width=4) (actual time=0.035..1235.128 rows=1543264 loops=1)
              Filter: (kind_id = 7)
              Rows Removed by Filter: 985048
Planning time: 0.716 ms
Execution time: 14214.569 ms
