Hash Join  (cost=102767.86..247052.98 rows=2219323 width=0) (actual time=1999.146..5650.206 rows=2210246 loops=1)
  Hash Cond: (mk.movie_id = t.id)
  ->  Seq Scan on movie_keyword mk  (cost=0.00..81003.12 rows=2219323 width=4) (actual time=0.011..1672.882 rows=2210246 loops=1)
        Filter: (keyword_id > 4975)
        Rows Removed by Filter: 2313684
  ->  Hash  (cost=61283.27..61283.27 rows=2528527 width=4) (actual time=1995.089..1995.089 rows=2528312 loops=1)
        Buckets: 131072  Batches: 64  Memory Usage: 2425kB
        ->  Seq Scan on title t  (cost=0.00..61283.27 rows=2528527 width=4) (actual time=0.014..1133.736 rows=2528312 loops=1)
Planning time: 0.540 ms
Execution time: 5891.300 ms
