Hash Join  (cost=274045.81..1645502.92 rows=28461093 width=0) (actual time=6047.732..59292.488 rows=92724009 loops=1)
  Hash Cond: (ci.movie_id = t.id)
  ->  Seq Scan on cast_info ci  (cost=0.00..614943.12 rows=36225612 width=4) (actual time=0.014..13160.628 rows=36244344 loops=1)
  ->  Hash  (cost=241452.71..241452.71 rows=1986568 width=8) (actual time=6046.572..6046.572 rows=1988987 loops=1)
        Buckets: 131072  Batches: 32  Memory Usage: 3435kB
        ->  Hash Join  (cost=102767.86..241452.71 rows=1986568 width=8) (actual time=2124.102..5524.630 rows=1988987 loops=1)
              Hash Cond: (mk.movie_id = t.id)
              ->  Seq Scan on movie_keyword mk  (cost=0.00..81003.12 rows=1986568 width=4) (actual time=0.030..1581.005 rows=1988987 loops=1)
                    Filter: (keyword_id < 3518)
                    Rows Removed by Filter: 2534943
              ->  Hash  (cost=61283.27..61283.27 rows=2528527 width=4) (actual time=2123.212..2123.212 rows=2528312 loops=1)
                    Buckets: 131072  Batches: 64  Memory Usage: 2425kB
                    ->  Seq Scan on title t  (cost=0.00..61283.27 rows=2528527 width=4) (actual time=0.013..1260.210 rows=2528312 loops=1)
Planning time: 1.150 ms
Execution time: 68528.991 ms
