Nested Loop  (cost=0.43..83071.67 rows=246 width=0) (actual time=0.624..979.048 rows=709 loops=1)
  ->  Seq Scan on movie_keyword mk  (cost=0.00..81003.12 rows=246 width=4) (actual time=0.584..955.982 rows=709 loops=1)
        Filter: (keyword_id = 7356)
        Rows Removed by Filter: 4523221
  ->  Index Only Scan using title_pkey on title t  (cost=0.43..8.40 rows=1 width=4) (actual time=0.031..0.031 rows=1 loops=709)
        Index Cond: (id = mk.movie_id)
        Heap Fetches: 709
Planning time: 0.531 ms
Execution time: 979.339 ms
