Seq Scan on cast_info ci  (cost=0.00..705507.15 rows=10820904 width=0) (actual time=133.590..11975.974 rows=10688484 loops=1)
  Filter: (person_id < 1048567)
  Rows Removed by Filter: 25555860
Planning time: 0.345 ms
Execution time: 13316.458 ms
