Seq Scan on movie_keyword mk  (cost=0.00..81003.12 rows=2989587 width=0) (actual time=0.024..1464.713 rows=2975455 loops=1)
  Filter: (keyword_id < 10194)
  Rows Removed by Filter: 1548475
Planning time: 0.361 ms
Execution time: 1826.447 ms
