Hash Join  (cost=197332.20..742391.21 rows=6115408 width=0) (actual time=4252.628..18814.484 rows=4419108 loops=1)
  Hash Cond: (mi.movie_id = t.id)
  ->  Seq Scan on movie_info mi  (cost=0.00..309384.22 rows=14739122 width=4) (actual time=0.007..6237.074 rows=14835720 loops=1)
  ->  Hash  (cost=180119.31..180119.31 rows=1049111 width=8) (actual time=4251.289..4251.289 rows=494102 loops=1)
        Buckets: 131072  Batches: 16  Memory Usage: 2227kB
        ->  Hash Join  (cost=90606.68..180119.31 rows=1049111 width=8) (actual time=1968.894..4095.687 rows=494102 loops=1)
              Hash Cond: (mc.movie_id = t.id)
              ->  Seq Scan on movie_companies mc  (cost=0.00..44881.29 rows=2609129 width=4) (actual time=0.013..957.030 rows=2609129 loops=1)
              ->  Hash  (cost=73925.90..73925.90 rows=1016702 width=4) (actual time=1556.600..1556.600 rows=960113 loops=1)
                    Buckets: 131072  Batches: 16  Memory Usage: 3135kB
                    ->  Seq Scan on title t  (cost=0.00..73925.90 rows=1016702 width=4) (actual time=16.379..1251.777 rows=960113 loops=1)
                          Filter: ((production_year < 2008) AND (kind_id = 7))
                          Rows Removed by Filter: 1568199
Planning time: 2.933 ms
Execution time: 19310.540 ms
