Hash Join  (cost=171645.95..264124.14 rows=956697 width=0) (actual time=3632.806..6526.898 rows=1699785 loops=1)
  Hash Cond: (mc.movie_id = t.id)
  ->  Seq Scan on movie_companies mc  (cost=0.00..51404.11 rows=2381629 width=4) (actual time=0.011..1264.609 rows=2380146 loops=1)
        Filter: (company_id < 105674)
        Rows Removed by Filter: 228983
  ->  Hash  (cost=154981.62..154981.62 rows=1015706 width=8) (actual time=3631.764..3631.764 rows=750135 loops=1)
        Buckets: 131072  Batches: 16  Memory Usage: 2867kB
        ->  Hash Join  (cost=98137.04..154981.62 rows=1015706 width=8) (actual time=1790.320..3419.539 rows=750135 loops=1)
              Hash Cond: (mi_idx.movie_id = t.id)
              ->  Seq Scan on movie_info_idx mi_idx  (cost=0.00..21735.35 rows=1380035 width=4) (actual time=0.014..482.662 rows=1380035 loops=1)
              ->  Hash  (cost=67604.59..67604.59 rows=1860996 width=4) (actual time=1448.111..1448.111 rows=1865487 loops=1)
                    Buckets: 131072  Batches: 32  Memory Usage: 3079kB
                    ->  Seq Scan on title t  (cost=0.00..67604.59 rows=1860996 width=4) (actual time=0.019..962.362 rows=1865487 loops=1)
                          Filter: (kind_id > 1)
                          Rows Removed by Filter: 662825
Planning time: 0.878 ms
Execution time: 6716.238 ms
