Seq Scan on movie_companies mc  (cost=0.00..51404.11 rows=887924 width=0) (actual time=0.019..916.875 rows=894010 loops=1)
  Filter: (company_id > 21770)
  Rows Removed by Filter: 1715119
Planning time: 0.334 ms
Execution time: 1030.602 ms
