Hash Join  (cost=75326.69..113818.96 rows=46579 width=0) (actual time=1524.129..2195.286 rows=104718 loops=1)
  Hash Cond: (mi_idx.movie_id = t.id)
  ->  Seq Scan on movie_info_idx mi_idx  (cost=0.00..21735.35 rows=1380035 width=4) (actual time=0.016..442.940 rows=1380035 loops=1)
  ->  Hash  (cost=73925.90..73925.90 rows=85343 width=4) (actual time=1268.318..1268.318 rows=90067 loops=1)
        Buckets: 131072  Batches: 2  Memory Usage: 2610kB
        ->  Seq Scan on title t  (cost=0.00..73925.90 rows=85343 width=4) (actual time=391.175..1234.490 rows=90067 loops=1)
              Filter: ((production_year > 1968) AND (kind_id = 3))
              Rows Removed by Filter: 2438245
Planning time: 0.782 ms
Execution time: 2209.079 ms
