Hash Join  (cost=141833.83..968860.76 rows=155965 width=0) (actual time=2430.183..19207.602 rows=189220 loops=1)
  Hash Cond: (ci.movie_id = t.id)
  ->  Seq Scan on cast_info ci  (cost=0.00..796071.18 rows=7838960 width=4) (actual time=0.019..15270.230 rows=4205615 loops=1)
        Filter: ((person_id < 3021881) AND (role_id > 4))
        Rows Removed by Filter: 32038729
  ->  Hash  (cost=141204.98..141204.98 rows=50308 width=8) (actual time=2428.866..2428.866 rows=89540 loops=1)
        Buckets: 131072 (originally 65536)  Batches: 2 (originally 1)  Memory Usage: 3073kB
        ->  Hash Join  (cost=69484.36..141204.98 rows=50308 width=8) (actual time=995.281..2391.803 rows=89540 loops=1)
              Hash Cond: (mc.movie_id = t.id)
              ->  Seq Scan on movie_companies mc  (cost=0.00..57926.93 rows=1110561 width=4) (actual time=0.028..870.684 rows=1274246 loops=1)
                    Filter: ((company_id < 88442) AND (company_type_id = 1))
                    Rows Removed by Filter: 1334883
              ->  Hash  (cost=67604.59..67604.59 rows=114542 width=4) (actual time=994.532..994.532 rows=118234 loops=1)
                    Buckets: 131072  Batches: 2  Memory Usage: 3101kB
                    ->  Seq Scan on title t  (cost=0.00..67604.59 rows=114542 width=4) (actual time=305.439..952.996 rows=118234 loops=1)
                          Filter: (kind_id = 4)
                          Rows Removed by Filter: 2410078
Planning time: 1.216 ms
Execution time: 19229.265 ms
