Hash Join  (cost=102767.86..255347.53 rows=2564095 width=0) (actual time=2044.446..6039.833 rows=2555088 loops=1)
  Hash Cond: (mk.movie_id = t.id)
  ->  Seq Scan on movie_keyword mk  (cost=0.00..81003.12 rows=2564095 width=4) (actual time=0.020..1661.761 rows=2555088 loops=1)
        Filter: (keyword_id > 3434)
        Rows Removed by Filter: 1968842
  ->  Hash  (cost=61283.27..61283.27 rows=2528527 width=4) (actual time=2042.489..2042.489 rows=2528312 loops=1)
        Buckets: 131072  Batches: 64  Memory Usage: 2425kB
        ->  Seq Scan on title t  (cost=0.00..61283.27 rows=2528527 width=4) (actual time=0.023..1183.857 rows=2528312 loops=1)
Planning time: 0.717 ms
Execution time: 6345.059 ms
