Hash Join  (cost=92883.59..220394.70 rows=1304953 width=0) (actual time=3288.904..4592.563 rows=284704 loops=1)
  Hash Cond: (mk.movie_id = t.id)
  ->  Seq Scan on movie_keyword mk  (cost=0.00..81003.12 rows=2141491 width=4) (actual time=0.022..1615.547 rows=2146974 loops=1)
        Filter: (keyword_id < 4032)
        Rows Removed by Filter: 2376956
  ->  Hash  (cost=67604.59..67604.59 rows=1540800 width=4) (actual time=1738.588..1738.588 rows=1543264 loops=1)
        Buckets: 131072  Batches: 32  Memory Usage: 2728kB
        ->  Seq Scan on title t  (cost=0.00..67604.59 rows=1540800 width=4) (actual time=309.555..1227.091 rows=1543264 loops=1)
              Filter: (kind_id = 7)
              Rows Removed by Filter: 985048
Planning time: 0.751 ms
Execution time: 4624.381 ms
