Hash Join  (cost=196520.67..573176.71 rows=158893 width=0) (actual time=4896.759..11606.714 rows=944409 loops=1)
  Hash Cond: (mi.movie_id = t.id)
  ->  Seq Scan on movie_info mi  (cost=0.00..346232.03 rows=2194617 width=4) (actual time=112.438..5910.535 rows=2233850 loops=1)
        Filter: (info_type_id > 16)
        Rows Removed by Filter: 12601870
  ->  Hash  (cost=193516.32..193516.32 rows=183068 width=8) (actual time=4602.565..4602.565 rows=250907 loops=1)
        Buckets: 131072  Batches: 4  Memory Usage: 3470kB
        ->  Hash Join  (cost=69283.60..193516.32 rows=183068 width=8) (actual time=1095.360..4517.251 rows=250907 loops=1)
              Hash Cond: (mk.movie_id = t.id)
              ->  Seq Scan on movie_keyword mk  (cost=0.00..69693.30 rows=4523930 width=4) (actual time=0.020..1521.499 rows=4523930 loops=1)
              ->  Hash  (cost=67604.59..67604.59 rows=102321 width=4) (actual time=1094.555..1094.555 rows=100537 loops=1)
                    Buckets: 131072  Batches: 2  Memory Usage: 2803kB
                    ->  Seq Scan on title t  (cost=0.00..67604.59 rows=102321 width=4) (actual time=21.750..1058.070 rows=100537 loops=1)
                          Filter: (kind_id = 3)
                          Rows Removed by Filter: 2427775
Planning time: 1.195 ms
Execution time: 11709.292 ms
