Hash Join  (cost=152939.20..279240.65 rows=352841 width=0) (actual time=2902.731..8804.099 rows=11677842 loops=1)
  Hash Cond: (mk.movie_id = t.id)
  ->  Seq Scan on movie_keyword mk  (cost=0.00..69693.30 rows=4523930 width=4) (actual time=0.026..1499.854 rows=4523930 loops=1)
  ->  Hash  (cost=149703.07..149703.07 rows=197211 width=8) (actual time=2901.727..2901.727 rows=427401 loops=1)
        Buckets: 131072 (originally 131072)  Batches: 8 (originally 4)  Memory Usage: 3146kB
        ->  Hash Join  (cost=78556.72..149703.07 rows=197211 width=8) (actual time=1584.419..2767.478 rows=427401 loops=1)
              Hash Cond: (mc.movie_id = t.id)
              ->  Seq Scan on movie_companies mc  (cost=0.00..57926.93 rows=747012 width=4) (actual time=145.889..924.606 rows=533114 loops=1)
                    Filter: ((company_id > 6893) AND (company_type_id = 1))
                    Rows Removed by Filter: 2076015
              ->  Hash  (cost=67604.59..67604.59 rows=667531 width=4) (actual time=1364.043..1364.043 rows=662825 loops=1)
                    Buckets: 131072  Batches: 16  Memory Usage: 2476kB
                    ->  Seq Scan on title t  (cost=0.00..67604.59 rows=667531 width=4) (actual time=0.024..1157.382 rows=662825 loops=1)
                          Filter: (kind_id = 1)
                          Rows Removed by Filter: 1865487
Planning time: 1.236 ms
Execution time: 10069.810 ms
