Hash Join  (cost=102767.86..931815.18 rows=959886 width=0) (actual time=3549.011..17510.722 rows=979588 loops=1)
  Hash Cond: (ci.movie_id = t.id)
  ->  Seq Scan on cast_info ci  (cost=0.00..796071.18 rows=959886 width=4) (actual time=944.627..13713.214 rows=979588 loops=1)
        Filter: ((person_id > 1592182) AND (role_id = 8))
        Rows Removed by Filter: 35264756
  ->  Hash  (cost=61283.27..61283.27 rows=2528527 width=4) (actual time=2603.230..2603.230 rows=2528312 loops=1)
        Buckets: 131072  Batches: 64  Memory Usage: 2415kB
        ->  Seq Scan on title t  (cost=0.00..61283.27 rows=2528527 width=4) (actual time=0.022..1092.994 rows=2528312 loops=1)
Planning time: 0.783 ms
Execution time: 17621.813 ms
