Seq Scan on movie_companies mc  (cost=0.00..51404.11 rows=1587610 width=0) (actual time=0.025..918.290 rows=1577172 loops=1)
  Filter: (company_id < 15547)
  Rows Removed by Filter: 1031957
Planning time: 0.362 ms
Execution time: 1119.922 ms
