Hash Join  (cost=101637.21..188455.11 rows=15986 width=0) (actual time=1697.686..3015.802 rows=115763 loops=1)
  Hash Cond: (mk.movie_id = t.id)
  ->  Seq Scan on movie_keyword mk  (cost=0.00..69693.30 rows=4523930 width=4) (actual time=1.344..653.866 rows=4523930 loops=1)
  ->  Hash  (cost=101525.52..101525.52 rows=8935 width=8) (actual time=1695.862..1695.862 rows=13238 loops=1)
        Buckets: 16384  Batches: 1  Memory Usage: 646kB
        ->  Hash Join  (cost=74547.77..101525.52 rows=8935 width=8) (actual time=1121.571..1690.010 rows=13238 loops=1)
              Hash Cond: (mi_idx.movie_id = t.id)
              ->  Seq Scan on movie_info_idx mi_idx  (cost=0.00..25185.44 rows=454124 width=4) (actual time=0.035..429.235 rows=459925 loops=1)
                    Filter: (info_type_id = 100)
                    Rows Removed by Filter: 920110
              ->  Hash  (cost=73925.90..73925.90 rows=49749 width=4) (actual time=1121.199..1121.199 rows=44012 loops=1)
                    Buckets: 65536  Batches: 1  Memory Usage: 2060kB
                    ->  Seq Scan on title t  (cost=0.00..73925.90 rows=49749 width=4) (actual time=0.493..1103.276 rows=44012 loops=1)
                          Filter: ((kind_id < 7) AND (production_year = 2009))
                          Rows Removed by Filter: 2484300
Planning time: 0.791 ms
Execution time: 3028.029 ms
