Hash Join  (cost=164110.51..219304.65 rows=52862 width=0) (actual time=2879.666..4368.364 rows=491216 loops=1)
  Hash Cond: (mc.movie_id = t.id)
  ->  Seq Scan on movie_companies mc  (cost=0.00..44881.29 rows=2609129 width=4) (actual time=0.022..720.539 rows=2609129 loops=1)
  ->  Hash  (cost=163470.15..163470.15 rows=51229 width=8) (actual time=2879.257..2879.257 rows=50020 loops=1)
        Buckets: 65536  Batches: 1  Memory Usage: 2466kB
        ->  Hash Join  (cost=69694.50..163470.15 rows=51229 width=8) (actual time=1105.368..2862.741 rows=50020 loops=1)
              Hash Cond: (mk.movie_id = t.id)
              ->  Seq Scan on movie_keyword mk  (cost=0.00..81003.12 rows=1017128 width=4) (actual time=0.016..1401.245 rows=1023896 loops=1)
                    Filter: (keyword_id > 17534)
                    Rows Removed by Filter: 3500034
              ->  Hash  (cost=67604.59..67604.59 rows=127353 width=4) (actual time=1104.590..1104.590 rows=128696 loops=1)
                    Buckets: 131072  Batches: 2  Memory Usage: 3290kB
                    ->  Seq Scan on title t  (cost=0.00..67604.59 rows=127353 width=4) (actual time=0.017..1050.650 rows=128696 loops=1)
                          Filter: (production_year = 2009)
                          Rows Removed by Filter: 2399616
Planning time: 1.354 ms
Execution time: 4431.312 ms
