Seq Scan on cast_info ci  (cost=0.00..705507.15 rows=28102321 width=0) (actual time=0.024..13480.699 rows=28248966 loops=1)
  Filter: (person_id > 781913)
  Rows Removed by Filter: 7995378
Planning time: 1.666 ms
Execution time: 16974.161 ms
