Hash Join  (cost=847522.46..959863.97 rows=566791 width=0) (actual time=15120.417..18152.144 rows=1505200 loops=1)
  Hash Cond: (mk.movie_id = t.id)
  ->  Seq Scan on movie_keyword mk  (cost=0.00..81003.12 rows=1974793 width=4) (actual time=0.017..1633.024 rows=1977254 loops=1)
        Filter: (keyword_id < 3481)
        Rows Removed by Filter: 2546676
  ->  Hash  (cost=835615.96..835615.96 rows=725720 width=8) (actual time=15119.180..15119.180 rows=773674 loops=1)
        Buckets: 131072  Batches: 16  Memory Usage: 2910kB
        ->  Hash Join  (cost=102767.86..835615.96 rows=725720 width=8) (actual time=13163.023..14915.783 rows=773674 loops=1)
              Hash Cond: (ci.movie_id = t.id)
              ->  Seq Scan on cast_info ci  (cost=0.00..705507.15 rows=725720 width=4) (actual time=11132.916..11902.585 rows=773674 loops=1)
                    Filter: (role_id = 6)
                    Rows Removed by Filter: 35470670
              ->  Hash  (cost=61283.27..61283.27 rows=2528527 width=4) (actual time=2028.380..2028.380 rows=2528312 loops=1)
                    Buckets: 131072  Batches: 64  Memory Usage: 2415kB
                    ->  Seq Scan on title t  (cost=0.00..61283.27 rows=2528527 width=4) (actual time=0.015..1188.107 rows=2528312 loops=1)
Planning time: 5.004 ms
Execution time: 18331.921 ms
