Seq Scan on title t  (cost=0.00..73925.90 rows=1531476 width=0) (actual time=0.021..1356.514 rows=1608760 loops=1)
  Filter: ((kind_id > 3) AND (production_year > 1939))
  Rows Removed by Filter: 919552
Planning time: 0.379 ms
Execution time: 1559.222 ms
