Hash Join  (cost=113349.02..478774.48 rows=77569 width=0) (actual time=6437.043..8457.434 rows=69262 loops=1)
  Hash Cond: (mi.movie_id = t.id)
  ->  Seq Scan on movie_info mi  (cost=0.00..346232.03 rows=1550064 width=4) (actual time=4071.278..5559.966 rows=1533909 loops=1)
        Filter: (info_type_id = 3)
        Rows Removed by Filter: 13301811
  ->  Hash  (cost=111272.36..111272.36 rows=126533 width=8) (actual time=2364.764..2364.764 rows=69471 loops=1)
        Buckets: 131072  Batches: 2  Memory Usage: 2383kB
        ->  Hash Join  (cost=71408.55..111272.36 rows=126533 width=8) (actual time=1311.325..2341.755 rows=69471 loops=1)
              Hash Cond: (mi_idx.movie_id = t.id)
              ->  Seq Scan on movie_info_idx mi_idx  (cost=0.00..21735.35 rows=1380035 width=4) (actual time=0.037..467.227 rows=1380035 loops=1)
              ->  Hash  (cost=67604.59..67604.59 rows=231837 width=4) (actual time=1310.427..1310.427 rows=231649 loops=1)
                    Buckets: 131072  Batches: 4  Memory Usage: 3076kB
                    ->  Seq Scan on title t  (cost=0.00..67604.59 rows=231837 width=4) (actual time=0.035..1226.727 rows=231649 loops=1)
                          Filter: (production_year > 2011)
                          Rows Removed by Filter: 2296663
Planning time: 4.286 ms
Execution time: 8467.412 ms
