Hash Join  (cost=98137.04..232415.24 rows=1678454 width=0) (actual time=2012.485..5360.728 rows=827561 loops=1)
  Hash Cond: (mk.movie_id = t.id)
  ->  Seq Scan on movie_keyword mk  (cost=0.00..81003.12 rows=2280508 width=4) (actual time=0.023..1793.460 rows=2279601 loops=1)
        Filter: (keyword_id < 4834)
        Rows Removed by Filter: 2244329
  ->  Hash  (cost=67604.59..67604.59 rows=1860996 width=4) (actual time=2010.894..2010.894 rows=1865487 loops=1)
        Buckets: 131072  Batches: 32  Memory Usage: 3085kB
        ->  Seq Scan on title t  (cost=0.00..67604.59 rows=1860996 width=4) (actual time=0.039..1403.370 rows=1865487 loops=1)
              Filter: (kind_id > 1)
              Rows Removed by Filter: 662825
Planning time: 1.547 ms
Execution time: 5458.891 ms
