Hash Join  (cost=102767.86..275450.66 rows=3399488 width=0) (actual time=2047.135..7110.742 rows=3390880 loops=1)
  Hash Cond: (mk.movie_id = t.id)
  ->  Seq Scan on movie_keyword mk  (cost=0.00..81003.12 rows=3399488 width=4) (actual time=0.023..1736.606 rows=3390880 loops=1)
        Filter: (keyword_id > 1247)
        Rows Removed by Filter: 1133050
  ->  Hash  (cost=61283.27..61283.27 rows=2528527 width=4) (actual time=2045.505..2045.505 rows=2528312 loops=1)
        Buckets: 131072  Batches: 64  Memory Usage: 2425kB
        ->  Seq Scan on title t  (cost=0.00..61283.27 rows=2528527 width=4) (actual time=0.018..1122.728 rows=2528312 loops=1)
Planning time: 0.600 ms
Execution time: 7497.685 ms
