Hash Join  (cost=68365.25..130466.30 rows=25173 width=0) (actual time=935.058..2115.084 rows=25990 loops=1)
  Hash Cond: (mc.movie_id = t.id)
  ->  Seq Scan on movie_companies mc  (cost=0.00..57926.93 rows=1045970 width=4) (actual time=0.641..935.027 rows=1190509 loops=1)
        Filter: ((company_id > 570) AND (company_type_id = 2))
        Rows Removed by Filter: 1418620
  ->  Hash  (cost=67604.59..67604.59 rows=60853 width=4) (actual time=934.018..934.018 rows=62568 loops=1)
        Buckets: 65536  Batches: 1  Memory Usage: 2712kB
        ->  Seq Scan on title t  (cost=0.00..67604.59 rows=60853 width=4) (actual time=0.021..908.562 rows=62568 loops=1)
              Filter: (production_year = 2002)
              Rows Removed by Filter: 2465744
Planning time: 1.218 ms
Execution time: 2118.253 ms
