Hash Join  (cost=189632.99..1163006.25 rows=4480290 width=0) (actual time=6076.667..33815.955 rows=21874101 loops=1)
  Hash Cond: (ci.movie_id = t.id)
  ->  Seq Scan on cast_info ci  (cost=0.00..796071.18 rows=11114982 width=4) (actual time=824.454..15474.102 rows=13272062 loops=1)
        Filter: ((person_id < 1645124) AND (role_id < 4))
        Rows Removed by Filter: 22972282
  ->  Hash  (cost=172910.83..172910.83 rows=1019213 width=8) (actual time=5251.291..5251.291 rows=1891821 loops=1)
        Buckets: 131072 (originally 131072)  Batches: 32 (originally 16)  Memory Usage: 3321kB
        ->  Hash Join  (cost=83810.17..172910.83 rows=1019213 width=8) (actual time=1459.858..4430.122 rows=1891821 loops=1)
              Hash Cond: (mc.movie_id = t.id)
              ->  Seq Scan on movie_companies mc  (cost=0.00..44881.29 rows=2609129 width=4) (actual time=0.023..998.832 rows=2609129 loops=1)
              ->  Hash  (cost=67604.59..67604.59 rows=987727 width=4) (actual time=1458.987..1458.987 rows=985048 loops=1)
                    Buckets: 131072  Batches: 16  Memory Usage: 3188kB
                    ->  Seq Scan on title t  (cost=0.00..67604.59 rows=987727 width=4) (actual time=0.045..1163.747 rows=985048 loops=1)
                          Filter: (kind_id < 7)
                          Rows Removed by Filter: 1543264
Planning time: 6.910 ms
Execution time: 36329.316 ms
