Hash Join  (cost=133439.27..220482.17 rows=38487 width=0) (actual time=2229.277..3998.074 rows=10251 loops=1)
  Hash Cond: (mk.movie_id = t.id)
  ->  Seq Scan on movie_keyword mk  (cost=0.00..69693.30 rows=4523930 width=4) (actual time=1.805..963.885 rows=4523930 loops=1)
  ->  Hash  (cost=133170.38..133170.38 rows=21511 width=8) (actual time=2227.142..2227.142 rows=8613 loops=1)
        Buckets: 32768  Batches: 1  Memory Usage: 593kB
        ->  Hash Join  (cost=71408.55..133170.38 rows=21511 width=8) (actual time=1273.143..2223.824 rows=8613 loops=1)
              Hash Cond: (mc.movie_id = t.id)
              ->  Seq Scan on movie_companies mc  (cost=0.00..57926.93 rows=234609 width=4) (actual time=0.037..868.324 rows=112393 loops=1)
                    Filter: ((company_id < 389) AND (company_type_id = 2))
                    Rows Removed by Filter: 2496736
              ->  Hash  (cost=67604.59..67604.59 rows=231837 width=4) (actual time=1271.398..1271.398 rows=231649 loops=1)
                    Buckets: 131072  Batches: 4  Memory Usage: 3076kB
                    ->  Seq Scan on title t  (cost=0.00..67604.59 rows=231837 width=4) (actual time=0.031..1193.458 rows=231649 loops=1)
                          Filter: (production_year > 2011)
                          Rows Removed by Filter: 2296663
Planning time: 1.691 ms
Execution time: 3999.918 ms
