Hash Join  (cost=105067.44..231591.91 rows=1513150 width=0) (actual time=2131.742..5364.975 rows=1462244 loops=1)
  Hash Cond: (mk.movie_id = t.id)
  ->  Seq Scan on movie_keyword mk  (cost=0.00..81003.12 rows=1675569 width=4) (actual time=0.017..1572.417 rows=1684040 loops=1)
        Filter: (keyword_id < 2615)
        Rows Removed by Filter: 2839890
  ->  Hash  (cost=67604.59..67604.59 rows=2283428 width=4) (actual time=2129.945..2129.945 rows=2275262 loops=1)
        Buckets: 131072  Batches: 32  Memory Usage: 3536kB
        ->  Seq Scan on title t  (cost=0.00..67604.59 rows=2283428 width=4) (actual time=0.020..1386.985 rows=2275262 loops=1)
              Filter: (production_year > 1952)
              Rows Removed by Filter: 253050
Planning time: 0.802 ms
Execution time: 5547.056 ms
