Hash Join  (cost=159823.70..199488.16 rows=114898 width=0) (actual time=4013.090..5461.169 rows=1306912 loops=1)
  Hash Cond: (mi_idx.movie_id = t.id)
  ->  Seq Scan on movie_info_idx mi_idx  (cost=0.00..21735.35 rows=1380035 width=4) (actual time=0.011..411.338 rows=1380035 loops=1)
  ->  Hash  (cost=156369.23..156369.23 rows=210518 width=8) (actual time=4012.179..4012.179 rows=597139 loops=1)
        Buckets: 131072 (originally 131072)  Batches: 8 (originally 4)  Memory Usage: 3949kB
        ->  Hash Join  (cost=83568.99..156369.23 rows=210518 width=8) (actual time=1599.768..3807.656 rows=597139 loops=1)
              Hash Cond: (mc.movie_id = t.id)
              ->  Seq Scan on movie_companies mc  (cost=0.00..57926.93 rows=905632 width=4) (actual time=0.017..1173.564 rows=1215083 loops=1)
                    Filter: ((company_id < 34261) AND (company_type_id = 1))
                    Rows Removed by Filter: 1394046
              ->  Hash  (cost=73925.90..73925.90 rows=587767 width=4) (actual time=1570.892..1570.892 rows=594730 loops=1)
                    Buckets: 131072  Batches: 8  Memory Usage: 3648kB
                    ->  Seq Scan on title t  (cost=0.00..73925.90 rows=587767 width=4) (actual time=0.018..1384.884 rows=594730 loops=1)
                          Filter: ((production_year < 2012) AND (kind_id = 1))
                          Rows Removed by Filter: 1933582
Planning time: 1.652 ms
Execution time: 5622.589 ms
