Seq Scan on cast_info ci  (cost=0.00..796071.18 rows=224 width=0) (actual time=11346.923..12178.395 rows=6 loops=1)
  Filter: ((role_id > 2) AND (person_id = 3640768))
  Rows Removed by Filter: 36244338
Planning time: 0.418 ms
Execution time: 12178.494 ms
