Seq Scan on movie_companies mc  (cost=0.00..57926.93 rows=1145262 width=0) (actual time=0.019..1129.323 rows=1067394 loops=1)
  Filter: ((company_id > 139) AND (company_type_id = 1))
  Rows Removed by Filter: 1541735
Planning time: 0.326 ms
Execution time: 1266.235 ms
