Nested Loop  (cost=0.43..709673.15 rows=154 width=0) (actual time=2277.789..10780.586 rows=123 loops=1)
  ->  Seq Scan on cast_info ci  (cost=0.00..705507.15 rows=500 width=4) (actual time=2277.662..10777.048 rows=123 loops=1)
        Filter: (person_id = 199074)
        Rows Removed by Filter: 36244221
  ->  Index Scan using title_pkey on title t  (cost=0.43..8.32 rows=1 width=4) (actual time=0.027..0.028 rows=1 loops=123)
        Index Cond: (id = ci.movie_id)
        Filter: (production_year < 1994)
Planning time: 0.767 ms
Execution time: 10780.765 ms
