Hash Join  (cost=181295.61..319730.71 rows=1348806 width=0) (actual time=4725.359..15329.571 rows=28972299 loops=1)
  Hash Cond: (mk.movie_id = t.id)
  ->  Seq Scan on movie_keyword mk  (cost=0.00..69693.30 rows=4523930 width=4) (actual time=0.016..1558.393 rows=4523930 loops=1)
  ->  Hash  (cost=168927.14..168927.14 rows=753878 width=8) (actual time=4724.316..4724.316 rows=1385956 loops=1)
        Buckets: 131072 (originally 131072)  Batches: 32 (originally 16)  Memory Usage: 3073kB
        ->  Hash Join  (cost=83810.17..168927.14 rows=753878 width=8) (actual time=1420.566..4261.588 rows=1385956 loops=1)
              Hash Cond: (mc.movie_id = t.id)
              ->  Seq Scan on movie_companies mc  (cost=0.00..51404.11 rows=1929886 width=4) (actual time=0.019..1237.723 rows=1924620 loops=1)
                    Filter: (company_id < 47912)
                    Rows Removed by Filter: 684509
              ->  Hash  (cost=67604.59..67604.59 rows=987727 width=4) (actual time=1419.601..1419.601 rows=985048 loops=1)
                    Buckets: 131072  Batches: 16  Memory Usage: 3188kB
                    ->  Seq Scan on title t  (cost=0.00..67604.59 rows=987727 width=4) (actual time=0.021..1096.258 rows=985048 loops=1)
                          Filter: (kind_id < 7)
                          Rows Removed by Filter: 1543264
Planning time: 0.736 ms
Execution time: 18704.137 ms
