Seq Scan on title t  (cost=0.00..73925.90 rows=483340 width=0) (actual time=0.011..1271.106 rows=345276 loops=1)
  Filter: ((kind_id > 2) AND (production_year < 1990))
  Rows Removed by Filter: 2183036
Planning time: 0.229 ms
Execution time: 1319.522 ms
