Nested Loop  (cost=0.43..52283.69 rows=104 width=0) (actual time=268.503..746.337 rows=39 loops=1)
  ->  Seq Scan on movie_companies mc  (cost=0.00..51404.11 rows=104 width=4) (actual time=268.400..744.800 rows=39 loops=1)
        Filter: (company_id = 21146)
        Rows Removed by Filter: 2609090
  ->  Index Only Scan using title_pkey on title t  (cost=0.43..8.45 rows=1 width=4) (actual time=0.035..0.036 rows=1 loops=39)
        Index Cond: (id = mc.movie_id)
        Heap Fetches: 39
Planning time: 0.706 ms
Execution time: 746.433 ms
