Hash Join  (cost=82131.75..146572.93 rows=222616 width=0) (actual time=1516.633..3000.022 rows=302497 loops=1)
  Hash Cond: (mc.movie_id = t.id)
  ->  Seq Scan on movie_companies mc  (cost=0.00..51404.11 rows=635710 width=4) (actual time=0.027..926.870 rows=628981 loops=1)
        Filter: (company_id < 830)
        Rows Removed by Filter: 1980148
  ->  Hash  (cost=67604.59..67604.59 rows=885453 width=4) (actual time=1515.623..1515.623 rows=885650 loops=1)
        Buckets: 131072  Batches: 16  Memory Usage: 2972kB
        ->  Seq Scan on title t  (cost=0.00..67604.59 rows=885453 width=4) (actual time=0.030..1222.761 rows=885650 loops=1)
              Filter: (production_year < 1997)
              Rows Removed by Filter: 1642662
Planning time: 5.226 ms
Execution time: 3034.444 ms
