Seq Scan on movie_companies mc  (cost=0.00..57926.93 rows=771379 width=0) (actual time=0.028..1120.027 rows=1062466 loops=1)
  Filter: ((company_id < 15099) AND (company_type_id = 1))
  Rows Removed by Filter: 1546663
Planning time: 0.392 ms
Execution time: 1255.002 ms
