Hash Join  (cost=1077541.33..1307442.28 rows=7463818 width=0) (actual time=17897.162..25596.994 rows=16075915 loops=1)
  Hash Cond: (mk.movie_id = t.id)
  ->  Seq Scan on movie_keyword mk  (cost=0.00..69693.30 rows=4523930 width=4) (actual time=0.019..1492.347 rows=4523930 loops=1)
  ->  Hash  (cost=1009099.11..1009099.11 rows=4171697 width=8) (actual time=17895.753..17895.753 rows=2575782 loops=1)
        Buckets: 131072  Batches: 64  Memory Usage: 2633kB
        ->  Hash Join  (cost=102767.86..1009099.11 rows=4171697 width=8) (actual time=3843.762..17177.207 rows=2575782 loops=1)
              Hash Cond: (ci.movie_id = t.id)
              ->  Seq Scan on cast_info ci  (cost=0.00..796071.18 rows=4171697 width=4) (actual time=1984.338..12816.198 rows=2575782 loops=1)
                    Filter: ((person_id < 903037) AND (role_id > 2))
                    Rows Removed by Filter: 33668562
              ->  Hash  (cost=61283.27..61283.27 rows=2528527 width=4) (actual time=1858.373..1858.373 rows=2528312 loops=1)
                    Buckets: 131072  Batches: 64  Memory Usage: 2415kB
                    ->  Seq Scan on title t  (cost=0.00..61283.27 rows=2528527 width=4) (actual time=0.024..1026.691 rows=2528312 loops=1)
Planning time: 1.123 ms
Execution time: 27368.426 ms
