Nested Loop  (cost=0.43..83071.67 rows=246 width=0) (actual time=1.356..1264.627 rows=1677 loops=1)
  ->  Seq Scan on movie_keyword mk  (cost=0.00..81003.12 rows=246 width=4) (actual time=1.298..1187.186 rows=1677 loops=1)
        Filter: (keyword_id = 2185)
        Rows Removed by Filter: 4522253
  ->  Index Only Scan using title_pkey on title t  (cost=0.43..8.40 rows=1 width=4) (actual time=0.045..0.045 rows=1 loops=1677)
        Index Cond: (id = mk.movie_id)
        Heap Fetches: 1677
Planning time: 0.717 ms
Execution time: 1265.273 ms
