Hash Join  (cost=58375.85..452105.13 rows=265 width=0) (actual time=889.690..9002.575 rows=2330 loops=1)
  Hash Cond: (mi.movie_id = t.id)
  ->  Seq Scan on movie_info mi  (cost=0.00..346232.03 rows=12665229 width=4) (actual time=0.018..6411.778 rows=12744652 loops=1)
        Filter: (info_type_id > 2)
        Rows Removed by Filter: 2091068
  ->  Hash  (cost=58375.18..58375.18 rows=53 width=8) (actual time=793.998..793.998 rows=243 loops=1)
        Buckets: 1024  Batches: 1  Memory Usage: 18kB
        ->  Nested Loop  (cost=0.43..58375.18 rows=53 width=8) (actual time=84.140..793.852 rows=243 loops=1)
              ->  Seq Scan on movie_companies mc  (cost=0.00..57926.93 rows=53 width=4) (actual time=84.038..779.058 rows=243 loops=1)
                    Filter: ((company_id = 75011) AND (company_type_id = 2))
                    Rows Removed by Filter: 2608886
              ->  Index Only Scan using title_pkey on title t  (cost=0.43..8.45 rows=1 width=4) (actual time=0.060..0.060 rows=1 loops=243)
                    Index Cond: (id = mc.movie_id)
                    Heap Fetches: 243
Planning time: 1.184 ms
Execution time: 9003.042 ms
