Hash Join  (cost=69484.36..1120145.69 rows=1641016 width=0) (actual time=1176.313..28660.634 rows=1378081 loops=1)
  Hash Cond: (ci.movie_id = t.id)
  ->  Seq Scan on cast_info ci  (cost=0.00..614943.12 rows=36225612 width=4) (actual time=0.024..12655.032 rows=36244344 loops=1)
  ->  Hash  (cost=67604.59..67604.59 rows=114542 width=4) (actual time=1175.323..1175.323 rows=118234 loops=1)
        Buckets: 131072  Batches: 2  Memory Usage: 3101kB
        ->  Seq Scan on title t  (cost=0.00..67604.59 rows=114542 width=4) (actual time=602.479..1133.251 rows=118234 loops=1)
              Filter: (kind_id = 4)
              Rows Removed by Filter: 2410078
Planning time: 1.507 ms
Execution time: 28838.850 ms
