Hash Join  (cost=102205.59..243936.51 rows=2069607 width=0) (actual time=2125.219..5861.329 rows=1941298 loops=1)
  Hash Cond: (mk.movie_id = t.id)
  ->  Seq Scan on movie_keyword mk  (cost=0.00..81003.12 rows=2481345 width=4) (actual time=0.024..1712.744 rows=2473213 loops=1)
        Filter: (keyword_id > 3658)
        Rows Removed by Filter: 2050717
  ->  Hash  (cost=67604.59..67604.59 rows=2108960 width=4) (actual time=2122.339..2122.339 rows=2104137 loops=1)
        Buckets: 131072  Batches: 32  Memory Usage: 3350kB
        ->  Seq Scan on title t  (cost=0.00..67604.59 rows=2108960 width=4) (actual time=0.014..1429.493 rows=2104137 loops=1)
              Filter: (production_year > 1968)
              Rows Removed by Filter: 424175
Planning time: 0.714 ms
Execution time: 6089.375 ms
