Seq Scan on movie_keyword mk  (cost=0.00..81003.12 rows=3079518 width=0) (actual time=0.019..1448.881 rows=3067541 loops=1)
  Filter: (keyword_id < 11430)
  Rows Removed by Filter: 1456389
Planning time: 0.329 ms
Execution time: 1844.343 ms
