Hash Join  (cost=101031.03..475528.73 rows=12722 width=0) (actual time=1761.295..8825.977 rows=119971 loops=1)
  Hash Cond: (mi.movie_id = t.id)
  ->  Seq Scan on movie_info mi  (cost=0.00..346232.03 rows=7503588 width=4) (actual time=0.009..5850.617 rows=7548855 loops=1)
        Filter: (info_type_id > 7)
        Rows Removed by Filter: 7286865
  ->  Hash  (cost=100977.44..100977.44 rows=4287 width=8) (actual time=1682.077..1682.077 rows=7305 loops=1)
        Buckets: 8192  Batches: 1  Memory Usage: 350kB
        ->  Hash Join  (cost=74024.09..100977.44 rows=4287 width=8) (actual time=1097.231..1679.407 rows=7305 loops=1)
              Hash Cond: (mi_idx.movie_id = t.id)
              ->  Seq Scan on movie_info_idx mi_idx  (cost=0.00..21735.35 rows=1380035 width=4) (actual time=0.024..312.879 rows=1380035 loops=1)
              ->  Hash  (cost=73925.90..73925.90 rows=7855 width=4) (actual time=1097.119..1097.119 rows=5336 loops=1)
                    Buckets: 8192  Batches: 1  Memory Usage: 252kB
                    ->  Seq Scan on title t  (cost=0.00..73925.90 rows=7855 width=4) (actual time=417.957..1094.668 rows=5336 loops=1)
                          Filter: ((kind_id = 1) AND (production_year = 1994))
                          Rows Removed by Filter: 2522976
Planning time: 1.186 ms
Execution time: 8842.372 ms
