Hash Join  (cost=58375.85..143712.22 rows=24 width=0) (actual time=1266.184..2384.424 rows=3 loops=1)
  Hash Cond: (mk.movie_id = t.id)
  ->  Seq Scan on movie_keyword mk  (cost=0.00..81003.12 rows=1155470 width=4) (actual time=0.026..1304.835 rows=1159861 loops=1)
        Filter: (keyword_id < 1382)
        Rows Removed by Filter: 3364069
  ->  Hash  (cost=58375.18..58375.18 rows=53 width=8) (actual time=915.625..915.625 rows=242 loops=1)
        Buckets: 1024  Batches: 1  Memory Usage: 18kB
        ->  Nested Loop  (cost=0.43..58375.18 rows=53 width=8) (actual time=177.178..915.497 rows=242 loops=1)
              ->  Seq Scan on movie_companies mc  (cost=0.00..57926.93 rows=53 width=4) (actual time=177.072..911.715 rows=242 loops=1)
                    Filter: ((company_type_id > 1) AND (company_id = 2010))
                    Rows Removed by Filter: 2608887
              ->  Index Only Scan using title_pkey on title t  (cost=0.43..8.45 rows=1 width=4) (actual time=0.014..0.015 rows=1 loops=242)
                    Index Cond: (id = mc.movie_id)
                    Heap Fetches: 242
Planning time: 1.232 ms
Execution time: 2384.544 ms
