Hash Join  (cost=128695.20..215406.87 rows=5364 width=0) (actual time=2320.839..4161.642 rows=6126 loops=1)
  Hash Cond: (mk.movie_id = t.id)
  ->  Seq Scan on movie_keyword mk  (cost=0.00..69693.30 rows=4523930 width=4) (actual time=0.023..989.070 rows=4523930 loops=1)
  ->  Hash  (cost=128657.72..128657.72 rows=2998 width=8) (actual time=2319.392..2319.392 rows=17409 loops=1)
        Buckets: 32768 (originally 4096)  Batches: 1 (originally 1)  Memory Usage: 937kB
        ->  Hash Join  (cost=73962.22..128657.72 rows=2998 width=8) (actual time=1128.096..2312.072 rows=17409 loops=1)
              Hash Cond: (mc.movie_id = t.id)
              ->  Seq Scan on movie_companies mc  (cost=0.00..44881.29 rows=2609129 width=4) (actual time=0.018..627.515 rows=2609129 loops=1)
              ->  Hash  (cost=73925.90..73925.90 rows=2905 width=4) (actual time=1128.037..1128.037 rows=8902 loops=1)
                    Buckets: 16384 (originally 4096)  Batches: 1 (originally 1)  Memory Usage: 441kB
                    ->  Seq Scan on title t  (cost=0.00..73925.90 rows=2905 width=4) (actual time=123.265..1124.253 rows=8902 loops=1)
                          Filter: ((kind_id < 7) AND (production_year = 1913))
                          Rows Removed by Filter: 2519410
Planning time: 1.126 ms
Execution time: 4162.903 ms
