Hash Join  (cost=171106.25..557175.14 rows=298910 width=0) (actual time=3261.397..15747.031 rows=9162553 loops=1)
  Hash Cond: (mi.movie_id = t.id)
  ->  Seq Scan on movie_info mi  (cost=0.00..309384.22 rows=14739122 width=4) (actual time=0.018..4226.820 rows=14835720 loops=1)
  ->  Hash  (cost=170465.27..170465.27 rows=51278 width=8) (actual time=3260.654..3260.654 rows=113938 loops=1)
        Buckets: 131072 (originally 65536)  Batches: 2 (originally 1)  Memory Usage: 3234kB
        ->  Hash Join  (cost=74341.98..170465.27 rows=51278 width=8) (actual time=1068.185..3218.903 rows=113938 loops=1)
              Hash Cond: (mk.movie_id = t.id)
              ->  Seq Scan on movie_keyword mk  (cost=0.00..81003.12 rows=3895303 width=4) (actual time=0.028..1510.116 rows=3895751 loops=1)
                    Filter: (keyword_id > 486)
                    Rows Removed by Filter: 628179
              ->  Hash  (cost=73925.90..73925.90 rows=33286 width=4) (actual time=1067.799..1067.799 rows=28113 loops=1)
                    Buckets: 65536  Batches: 1  Memory Usage: 1501kB
                    ->  Seq Scan on title t  (cost=0.00..73925.90 rows=33286 width=4) (actual time=0.198..1055.065 rows=28113 loops=1)
                          Filter: ((kind_id < 7) AND (production_year = 2004))
                          Rows Removed by Filter: 2500199
Planning time: 1.163 ms
Execution time: 16807.072 ms
