Hash Join  (cost=84197.31..586377.97 rows=3906529 width=0) (actual time=1571.083..13945.190 rows=3118846 loops=1)
  Hash Cond: (mi.movie_id = t.id)
  ->  Seq Scan on movie_info mi  (cost=0.00..346232.03 rows=9767026 width=4) (actual time=1.117..6699.160 rows=9911754 loops=1)
        Filter: (info_type_id > 4)
        Rows Removed by Filter: 4923966
  ->  Hash  (cost=67604.59..67604.59 rows=1011338 width=4) (actual time=1569.237..1569.237 rows=1012920 loops=1)
        Buckets: 131072  Batches: 16  Memory Usage: 3256kB
        ->  Seq Scan on title t  (cost=0.00..67604.59 rows=1011338 width=4) (actual time=0.021..1234.852 rows=1012920 loops=1)
              Filter: (production_year > 2005)
              Rows Removed by Filter: 1515392
Planning time: 0.782 ms
Execution time: 14309.861 ms
