Hash Join  (cost=187291.42..740580.99 rows=4295247 width=0) (actual time=3880.258..18926.889 rows=3006280 loops=1)
  Hash Cond: (mi.movie_id = t.id)
  ->  Seq Scan on movie_info mi  (cost=0.00..346232.03 rows=13929354 width=4) (actual time=0.028..7606.893 rows=14033580 loops=1)
        Filter: (info_type_id > 1)
        Rows Removed by Filter: 802140
  ->  Hash  (cost=174499.23..174499.23 rows=779695 width=8) (actual time=3878.185..3878.185 rows=316839 loops=1)
        Buckets: 131072  Batches: 16  Memory Usage: 1789kB
        ->  Hash Join  (cost=92883.59..174499.23 rows=779695 width=8) (actual time=2032.672..3778.323 rows=316839 loops=1)
              Hash Cond: (mc.movie_id = t.id)
              ->  Seq Scan on movie_companies mc  (cost=0.00..51404.11 rows=1279517 width=4) (actual time=301.503..1093.831 rows=1274246 loops=1)
                    Filter: (company_type_id = 1)
                    Rows Removed by Filter: 1334883
              ->  Hash  (cost=67604.59..67604.59 rows=1540800 width=4) (actual time=1729.576..1729.576 rows=1543264 loops=1)
                    Buckets: 131072  Batches: 32  Memory Usage: 2722kB
                    ->  Seq Scan on title t  (cost=0.00..67604.59 rows=1540800 width=4) (actual time=0.032..1240.657 rows=1543264 loops=1)
                          Filter: (kind_id > 6)
                          Rows Removed by Filter: 985048
Planning time: 1.262 ms
Execution time: 19303.076 ms
