Seq Scan on movie_companies mc  (cost=0.00..51404.11 rows=2476851 width=0) (actual time=0.022..1159.026 rows=2477614 loops=1)
  Filter: (company_id < 140537)
  Rows Removed by Filter: 131515
Planning time: 0.287 ms
Execution time: 1474.126 ms
