Seq Scan on movie_keyword mk  (cost=0.00..81003.12 rows=2648742 width=0) (actual time=0.017..1541.694 rows=2636527 loops=1)
  Filter: (keyword_id > 3225)
  Rows Removed by Filter: 1887403
Planning time: 0.276 ms
Execution time: 1877.348 ms
