Hash Join  (cost=124306.46..489355.10 rows=39271 width=0) (actual time=2244.209..10267.396 rows=146947 loops=1)
  Hash Cond: (mi.movie_id = t.id)
  ->  Seq Scan on movie_info mi  (cost=0.00..309384.22 rows=14739122 width=4) (actual time=0.011..4557.493 rows=14835720 loops=1)
  ->  Hash  (cost=124222.25..124222.25 rows=6737 width=8) (actual time=2244.102..2244.102 rows=13271 loops=1)
        Buckets: 16384 (originally 8192)  Batches: 1 (originally 1)  Memory Usage: 647kB
        ->  Hash Join  (cost=67764.72..124222.25 rows=6737 width=8) (actual time=1467.610..2238.726 rows=13271 loops=1)
              Hash Cond: (mc.movie_id = t.id)
              ->  Seq Scan on movie_companies mc  (cost=0.00..51404.11 rows=1329612 width=4) (actual time=146.907..951.089 rows=1334883 loops=1)
                    Filter: (company_type_id = 2)
                    Rows Removed by Filter: 1274246
              ->  Hash  (cost=67604.59..67604.59 rows=12811 width=4) (actual time=1014.420..1014.420 rows=12600 loops=1)
                    Buckets: 16384  Batches: 1  Memory Usage: 571kB
                    ->  Seq Scan on title t  (cost=0.00..67604.59 rows=12811 width=4) (actual time=153.760..1009.180 rows=12600 loops=1)
                          Filter: (kind_id = 6)
                          Rows Removed by Filter: 2515712
Planning time: 2.935 ms
Execution time: 10289.108 ms
