Seq Scan on title t  (cost=0.00..73925.90 rows=678892 width=0) (actual time=0.008..1209.236 rows=559674 loops=1)
  Filter: ((kind_id < 4) AND (production_year > 1976))
  Rows Removed by Filter: 1968638
Planning time: 0.342 ms
Execution time: 1284.908 ms
