Hash Join  (cost=101717.18..926745.84 rows=119057 width=0) (actual time=1877.328..22711.150 rows=143885 loops=1)
  Hash Cond: (ci.movie_id = t.id)
  ->  Seq Scan on cast_info ci  (cost=0.00..705507.15 rows=31554923 width=4) (actual time=0.013..15511.042 rows=31605208 loops=1)
        Filter: (role_id < 10)
        Rows Removed by Filter: 4639136
  ->  Hash  (cost=101597.93..101597.93 rows=9540 width=8) (actual time=1876.613..1876.613 rows=5040 loops=1)
        Buckets: 16384  Batches: 1  Memory Usage: 325kB
        ->  Hash Join  (cost=74574.97..101597.93 rows=9540 width=8) (actual time=1245.109..1874.459 rows=5040 loops=1)
              Hash Cond: (mi_idx.movie_id = t.id)
              ->  Seq Scan on movie_info_idx mi_idx  (cost=0.00..25185.44 rows=464566 width=4) (actual time=0.016..494.116 rows=459925 loops=1)
                    Filter: (info_type_id = 101)
                    Rows Removed by Filter: 920110
              ->  Hash  (cost=73925.90..73925.90 rows=51925 width=4) (actual time=1244.675..1244.675 rows=56480 loops=1)
                    Buckets: 65536  Batches: 1  Memory Usage: 2498kB
                    ->  Seq Scan on title t  (cost=0.00..73925.90 rows=51925 width=4) (actual time=0.024..1221.200 rows=56480 loops=1)
                          Filter: ((kind_id = 7) AND (production_year = 2004))
                          Rows Removed by Filter: 2471832
Planning time: 1.241 ms
Execution time: 22734.644 ms
