Seq Scan on cast_info ci  (cost=0.00..796071.18 rows=324 width=0) (actual time=8662.359..13756.403 rows=2 loops=1)
  Filter: ((role_id > 1) AND (person_id = 3204547))
  Rows Removed by Filter: 36244342
Planning time: 0.378 ms
Execution time: 13756.562 ms
