Hash Join  (cost=174556.85..280044.78 rows=78468 width=0) (actual time=3383.535..5840.738 rows=721350 loops=1)
  Hash Cond: (mk.movie_id = t.id)
  ->  Seq Scan on movie_keyword mk  (cost=0.00..81003.12 rows=2016300 width=4) (actual time=0.022..1496.307 rows=2020487 loops=1)
        Filter: (keyword_id > 6122)
        Rows Removed by Filter: 2503443
  ->  Hash  (cost=172941.83..172941.83 rows=98402 width=8) (actual time=3382.575..3382.575 rows=194130 loops=1)
        Buckets: 131072 (originally 131072)  Batches: 4 (originally 2)  Memory Usage: 3073kB
        ->  Hash Join  (cost=102767.86..172941.83 rows=98402 width=8) (actual time=2129.310..3314.820 rows=194130 loops=1)
              Hash Cond: (mc.movie_id = t.id)
              ->  Seq Scan on movie_companies mc  (cost=0.00..57926.93 rows=98402 width=4) (actual time=282.820..882.735 rows=194130 loops=1)
                    Filter: ((company_id > 115364) AND (company_type_id = 2))
                    Rows Removed by Filter: 2414999
              ->  Hash  (cost=61283.27..61283.27 rows=2528527 width=4) (actual time=1845.083..1845.083 rows=2528312 loops=1)
                    Buckets: 131072  Batches: 64  Memory Usage: 2415kB
                    ->  Seq Scan on title t  (cost=0.00..61283.27 rows=2528527 width=4) (actual time=0.025..1021.633 rows=2528312 loops=1)
Planning time: 0.737 ms
Execution time: 5929.749 ms
