Hash Join  (cost=102464.17..157499.64 rows=36995 width=0) (actual time=2115.328..3297.368 rows=44802 loops=1)
  Hash Cond: (mc.movie_id = t.id)
  ->  Seq Scan on movie_companies mc  (cost=0.00..44881.29 rows=2609129 width=4) (actual time=0.019..571.339 rows=2609129 loops=1)
  ->  Hash  (cost=102016.02..102016.02 rows=35852 width=8) (actual time=2114.244..2114.244 rows=20214 loops=1)
        Buckets: 65536  Batches: 1  Memory Usage: 1302kB
        ->  Hash Join  (cost=74747.02..102016.02 rows=35852 width=8) (actual time=1393.805..2107.338 rows=20214 loops=1)
              Hash Cond: (mi_idx.movie_id = t.id)
              ->  Seq Scan on movie_info_idx mi_idx  (cost=0.00..21735.35 rows=1380035 width=4) (actual time=0.013..369.607 rows=1380035 loops=1)
              ->  Hash  (cost=73925.90..73925.90 rows=65689 width=4) (actual time=1392.831..1392.831 rows=74524 loops=1)
                    Buckets: 131072  Batches: 1  Memory Usage: 3644kB
                    ->  Seq Scan on title t  (cost=0.00..73925.90 rows=65689 width=4) (actual time=183.999..1362.392 rows=74524 loops=1)
                          Filter: ((kind_id = 7) AND (production_year = 2006))
                          Rows Removed by Filter: 2453788
Planning time: 1.145 ms
Execution time: 3303.387 ms
