Seq Scan on cast_info ci  (cost=0.00..705507.15 rows=500 width=0) (actual time=6172.460..10205.599 rows=283 loops=1)
  Filter: (person_id = 3416860)
  Rows Removed by Filter: 36244061
Planning time: 5.774 ms
Execution time: 10205.732 ms
