Hash Join  (cost=94811.97..1315974.29 rows=18238616 width=0) (actual time=2042.887..40072.127 rows=20372398 loops=1)
  Hash Cond: (ci.movie_id = t.id)
  ->  Seq Scan on cast_info ci  (cost=0.00..614943.12 rows=36225612 width=4) (actual time=0.012..13803.781 rows=36244344 loops=1)
  ->  Hash  (cost=73925.90..73925.90 rows=1273045 width=4) (actual time=2041.755..2041.755 rows=1394954 loops=1)
        Buckets: 131072  Batches: 32  Memory Usage: 2564kB
        ->  Seq Scan on title t  (cost=0.00..73925.90 rows=1273045 width=4) (actual time=0.022..1589.384 rows=1394954 loops=1)
              Filter: ((kind_id > 1) AND (production_year > 1991))
              Rows Removed by Filter: 1133358
Planning time: 0.716 ms
Execution time: 42159.190 ms
