Seq Scan on movie_companies mc  (cost=0.00..57926.93 rows=51 width=0) (actual time=33.746..802.492 rows=10 loops=1)
  Filter: ((company_id = 12331) AND (company_type_id = 1))
  Rows Removed by Filter: 2609119
Planning time: 0.282 ms
Execution time: 802.566 ms
