Hash Join  (cost=100809.69..181376.34 rows=764506 width=0) (actual time=1965.454..3931.453 rows=385099 loops=1)
  Hash Cond: (mc.movie_id = t.id)
  ->  Seq Scan on movie_companies mc  (cost=0.00..51404.11 rows=1179694 width=4) (actual time=0.015..976.489 rows=1190460 loops=1)
        Filter: (company_id > 12492)
        Rows Removed by Filter: 1418669
  ->  Hash  (cost=73925.90..73925.90 rows=1638623 width=4) (actual time=1964.130..1964.130 rows=1629839 loops=1)
        Buckets: 131072  Batches: 32  Memory Usage: 2813kB
        ->  Seq Scan on title t  (cost=0.00..73925.90 rows=1638623 width=4) (actual time=0.026..1439.278 rows=1629839 loops=1)
              Filter: ((kind_id > 1) AND (production_year < 2012))
              Rows Removed by Filter: 898473
Planning time: 0.794 ms
Execution time: 3981.308 ms
