Seq Scan on cast_info ci  (cost=0.00..705507.15 rows=22609790 width=0) (actual time=0.019..11757.969 rows=22466717 loops=1)
  Filter: (person_id < 2291577)
  Rows Removed by Filter: 13777627
Planning time: 0.313 ms
Execution time: 14341.131 ms
