Seq Scan on movie_companies mc  (cost=0.00..57926.93 rows=1266415 width=0) (actual time=359.272..1146.387 rows=1211395 loops=1)
  Filter: ((company_id < 144551) AND (company_type_id = 2))
  Rows Removed by Filter: 1397734
Planning time: 0.422 ms
Execution time: 1296.112 ms
