Seq Scan on movie_keyword mk  (cost=0.00..81003.12 rows=246 width=0) (actual time=13.328..1360.216 rows=336 loops=1)
  Filter: (keyword_id = 3747)
  Rows Removed by Filter: 4523594
Planning time: 0.352 ms
Execution time: 1360.459 ms
