Hash Join  (cost=168723.35..223709.88 rows=32100 width=0) (actual time=3750.256..4981.500 rows=42700 loops=1)
  Hash Cond: (mc.movie_id = t.id)
  ->  Seq Scan on movie_companies mc  (cost=0.00..44881.29 rows=2609129 width=4) (actual time=0.026..649.358 rows=2609129 loops=1)
  ->  Hash  (cost=168334.50..168334.50 rows=31108 width=8) (actual time=3750.015..3750.015 rows=15331 loops=1)
        Buckets: 32768  Batches: 1  Memory Usage: 855kB
        ->  Hash Join  (cost=75225.89..168334.50 rows=31108 width=8) (actual time=1324.218..3744.209 rows=15331 loops=1)
              Hash Cond: (mk.movie_id = t.id)
              ->  Seq Scan on movie_keyword mk  (cost=0.00..81003.12 rows=993175 width=4) (actual time=0.018..1354.315 rows=1002414 loops=1)
                    Filter: (keyword_id > 18436)
                    Rows Removed by Filter: 3521516
              ->  Hash  (cost=73925.90..73925.90 rows=79199 width=4) (actual time=1322.465..1322.465 rows=97735 loops=1)
                    Buckets: 131072  Batches: 2  Memory Usage: 2739kB
                    ->  Seq Scan on title t  (cost=0.00..73925.90 rows=79199 width=4) (actual time=0.019..1284.476 rows=97735 loops=1)
                          Filter: ((kind_id > 2) AND (production_year = 2007))
                          Rows Removed by Filter: 2430577
Planning time: 1.220 ms
Execution time: 4987.419 ms
