Hash Join  (cost=263115.61..1401611.61 rows=14060902 width=0) (actual time=6277.593..36922.717 rows=23432054 loops=1)
  Hash Cond: (ci.movie_id = t.id)
  ->  Seq Scan on cast_info ci  (cost=0.00..796071.18 rows=13626528 width=4) (actual time=0.021..17170.984 rows=10328159 loops=1)
        Filter: ((person_id < 3065170) AND (role_id > 2))
        Rows Removed by Filter: 25916185
  ->  Hash  (cost=220309.49..220309.49 rows=2609129 width=8) (actual time=6276.111..6276.111 rows=2609129 loops=1)
        Buckets: 131072  Batches: 64  Memory Usage: 2610kB
        ->  Hash Join  (cost=102767.86..220309.49 rows=2609129 width=8) (actual time=1972.177..5546.980 rows=2609129 loops=1)
              Hash Cond: (mc.movie_id = t.id)
              ->  Seq Scan on movie_companies mc  (cost=0.00..44881.29 rows=2609129 width=4) (actual time=0.009..909.890 rows=2609129 loops=1)
              ->  Hash  (cost=61283.27..61283.27 rows=2528527 width=4) (actual time=1970.817..1970.817 rows=2528312 loops=1)
                    Buckets: 131072  Batches: 64  Memory Usage: 2415kB
                    ->  Seq Scan on title t  (cost=0.00..61283.27 rows=2528527 width=4) (actual time=0.012..1161.031 rows=2528312 loops=1)
Planning time: 0.790 ms
Execution time: 39726.041 ms
