Seq Scan on movie_companies mc  (cost=0.00..51404.11 rows=1002881 width=0) (actual time=0.024..920.466 rows=1012638 loops=1)
  Filter: (company_id > 16314)
  Rows Removed by Filter: 1596491
Planning time: 0.361 ms
Execution time: 1040.188 ms
