Hash Join  (cost=221155.63..615585.78 rows=962241 width=0) (actual time=8633.424..13100.584 rows=747675 loops=1)
  Hash Cond: (mi.movie_id = t.id)
  ->  Seq Scan on movie_info mi  (cost=0.00..346232.03 rows=3068194 width=4) (actual time=3612.461..6054.213 rows=3036719 loops=1)
        Filter: (info_type_id = 16)
        Rows Removed by Filter: 11799001
  ->  Hash  (cost=208145.24..208145.24 rows=792991 width=8) (actual time=4912.643..4912.643 rows=391125 loops=1)
        Buckets: 131072  Batches: 16  Memory Usage: 2021kB
        ->  Hash Join  (cost=98137.04..208145.24 rows=792991 width=8) (actual time=2000.825..4826.117 rows=391125 loops=1)
              Hash Cond: (mk.movie_id = t.id)
              ->  Seq Scan on movie_keyword mk  (cost=0.00..81003.12 rows=1077434 width=4) (actual time=0.052..1498.433 rows=1088237 loops=1)
                    Filter: (keyword_id > 16264)
                    Rows Removed by Filter: 3435693
              ->  Hash  (cost=67604.59..67604.59 rows=1860996 width=4) (actual time=1999.454..1999.454 rows=1865487 loops=1)
                    Buckets: 131072  Batches: 32  Memory Usage: 3085kB
                    ->  Seq Scan on title t  (cost=0.00..67604.59 rows=1860996 width=4) (actual time=0.027..1370.172 rows=1865487 loops=1)
                          Filter: (kind_id > 1)
                          Rows Removed by Filter: 662825
Planning time: 1.134 ms
Execution time: 13185.474 ms
