Hash Join  (cost=94973.51..1450395.24 rows=21868796 width=0) (actual time=1737.895..42631.688 rows=21149970 loops=1)
  Hash Cond: (ci.movie_id = t.id)
  ->  Seq Scan on cast_info ci  (cost=0.00..705507.15 rows=33147924 width=4) (actual time=0.022..16387.778 rows=33251199 loops=1)
        Filter: (person_id > 290958)
        Rows Removed by Filter: 2993145
  ->  Hash  (cost=67604.59..67604.59 rows=1668154 width=4) (actual time=1736.793..1736.793 rows=1674098 loops=1)
        Buckets: 131072  Batches: 32  Memory Usage: 2869kB
        ->  Seq Scan on title t  (cost=0.00..67604.59 rows=1668154 width=4) (actual time=0.021..1195.772 rows=1674098 loops=1)
              Filter: (kind_id > 3)
              Rows Removed by Filter: 854214
Planning time: 0.797 ms
Execution time: 44953.948 ms
