Nested Loop  (cost=0.43..83072.90 rows=4 width=0) (actual time=974.862..1412.643 rows=2 loops=1)
  ->  Seq Scan on movie_keyword mk  (cost=0.00..81003.12 rows=246 width=4) (actual time=0.229..1308.215 rows=2365 loops=1)
        Filter: (keyword_id = 1884)
        Rows Removed by Filter: 4521565
  ->  Index Scan using title_pkey on title t  (cost=0.43..8.40 rows=1 width=4) (actual time=0.043..0.043 rows=0 loops=2365)
        Index Cond: (id = mk.movie_id)
        Filter: ((production_year > 2012) AND (kind_id = 7))
        Rows Removed by Filter: 1
Planning time: 0.794 ms
Execution time: 1412.777 ms
