Hash Join  (cost=74730.49..967496.55 rows=614673 width=0) (actual time=1296.540..25210.825 rows=552377 loops=1)
  Hash Cond: (ci.movie_id = t.id)
  ->  Seq Scan on cast_info ci  (cost=0.00..796071.18 rows=24146174 width=4) (actual time=0.014..16916.055 rows=23573516 loops=1)
        Filter: ((person_id > 822773) AND (role_id < 10))
        Rows Removed by Filter: 12670828
  ->  Hash  (cost=73925.90..73925.90 rows=64367 width=4) (actual time=1296.100..1296.100 rows=53905 loops=1)
        Buckets: 65536  Batches: 1  Memory Usage: 2408kB
        ->  Seq Scan on title t  (cost=0.00..73925.90 rows=64367 width=4) (actual time=0.017..1274.391 rows=53905 loops=1)
              Filter: ((kind_id < 7) AND (production_year = 2012))
              Rows Removed by Filter: 2474407
Planning time: 0.823 ms
Execution time: 25290.433 ms
