Hash Join  (cost=79273.71..158960.16 rows=336293 width=0) (actual time=1424.136..3659.460 rows=145467 loops=1)
  Hash Cond: (mc.movie_id = t.id)
  ->  Seq Scan on movie_companies mc  (cost=0.00..44881.29 rows=2609129 width=4) (actual time=0.020..1004.843 rows=2609129 loops=1)
  ->  Hash  (cost=73925.90..73925.90 rows=325904 width=4) (actual time=1423.279..1423.279 rows=349534 loops=1)
        Buckets: 131072  Batches: 8  Memory Usage: 2566kB
        ->  Seq Scan on title t  (cost=0.00..73925.90 rows=325904 width=4) (actual time=279.415..1310.635 rows=349534 loops=1)
              Filter: ((production_year > 2009) AND (kind_id = 7))
              Rows Removed by Filter: 2178778
Planning time: 0.753 ms
Execution time: 3679.435 ms
