Hash Join  (cost=924712.22..1055329.73 rows=707148 width=0) (actual time=15957.005..22795.215 rows=14807667 loops=1)
  Hash Cond: (mk.movie_id = t.id)
  ->  Seq Scan on movie_keyword mk  (cost=0.00..69693.30 rows=4523930 width=4) (actual time=0.019..1467.727 rows=4523930 loops=1)
  ->  Hash  (cost=918227.70..918227.70 rows=395241 width=8) (actual time=15953.201..15953.201 rows=1197704 loops=1)
        Buckets: 131072 (originally 131072)  Batches: 16 (originally 8)  Memory Usage: 3982kB
        ->  Hash Join  (cost=102767.86..918227.70 rows=395241 width=8) (actual time=2298.729..15647.662 rows=1197704 loops=1)
              Hash Cond: (ci.movie_id = t.id)
              ->  Seq Scan on cast_info ci  (cost=0.00..796071.18 rows=395241 width=4) (actual time=202.192..12326.315 rows=1197704 loops=1)
                    Filter: ((person_id > 3829624) AND (role_id > 3))
                    Rows Removed by Filter: 35046640
              ->  Hash  (cost=61283.27..61283.27 rows=2528527 width=4) (actual time=2095.142..2095.142 rows=2528312 loops=1)
                    Buckets: 131072  Batches: 64  Memory Usage: 2415kB
                    ->  Seq Scan on title t  (cost=0.00..61283.27 rows=2528527 width=4) (actual time=0.022..1233.576 rows=2528312 loops=1)
Planning time: 1.302 ms
Execution time: 24448.086 ms
