Hash Join  (cost=75078.32..581539.65 rows=91388 width=169) (actual time=4546.452..9735.397 rows=202886 loops=1)
  Hash Cond: (mi.movie_id = t.id)
  ->  Seq Scan on movie_info mi  (cost=0.00..346232.03 rows=5445713 width=75) (actual time=3052.146..6279.738 rows=5410520 loops=1)
        Filter: (info_type_id < 6)
        Rows Removed by Filter: 9425200
  ->  Hash  (cost=73925.90..73925.90 rows=42433 width=94) (actual time=1369.742..1369.742 rows=37411 loops=1)
        Buckets: 32768  Batches: 2  Memory Usage: 2253kB
        ->  Seq Scan on title t  (cost=0.00..73925.90 rows=42433 width=94) (actual time=12.553..1353.182 rows=37411 loops=1)
              Filter: ((kind_id < 2) AND (production_year = 2011))
              Rows Removed by Filter: 2490901
Planning time: 4.787 ms
Execution time: 9746.584 ms
