Hash Join  (cost=85113.64..607332.37 rows=3974880 width=0) (actual time=1604.671..15806.658 rows=2565899 loops=1)
  Hash Cond: (mi.movie_id = t.id)
  ->  Seq Scan on movie_info mi  (cost=0.00..309384.22 rows=14739122 width=4) (actual time=0.016..6191.775 rows=14835720 loops=1)
  ->  Hash  (cost=73925.90..73925.90 rows=681899 width=4) (actual time=1603.976..1603.976 rows=565062 loops=1)
        Buckets: 131072  Batches: 16  Memory Usage: 2272kB
        ->  Seq Scan on title t  (cost=0.00..73925.90 rows=681899 width=4) (actual time=0.018..1407.838 rows=565062 loops=1)
              Filter: ((kind_id > 1) AND (production_year < 1998))
              Rows Removed by Filter: 1963250
Planning time: 0.720 ms
Execution time: 16094.464 ms
