Nested Loop  (cost=0.43..58375.31 rows=32 width=0) (actual time=534.807..797.787 rows=1 loops=1)
  ->  Seq Scan on movie_companies mc  (cost=0.00..57926.93 rows=53 width=4) (actual time=531.380..797.627 rows=3 loops=1)
        Filter: ((company_id = 78901) AND (company_type_id = 2))
        Rows Removed by Filter: 2609126
  ->  Index Scan using title_pkey on title t  (cost=0.43..8.45 rows=1 width=4) (actual time=0.047..0.047 rows=0 loops=3)
        Index Cond: (id = mc.movie_id)
        Filter: (kind_id = 7)
        Rows Removed by Filter: 1
Planning time: 0.748 ms
Execution time: 797.888 ms
