Nested Loop  (cost=0.43..146168.62 rows=9953 width=0) (actual time=0.337..1573.139 rows=10799 loops=1)
  ->  Seq Scan on movie_keyword mk  (cost=0.00..81003.12 rows=9953 width=4) (actual time=0.267..1222.485 rows=10799 loops=1)
        Filter: (keyword_id = 347)
        Rows Removed by Filter: 4513131
  ->  Index Only Scan using title_pkey on title t  (cost=0.43..6.54 rows=1 width=4) (actual time=0.031..0.032 rows=1 loops=10799)
        Index Cond: (id = mk.movie_id)
        Heap Fetches: 10799
Planning time: 0.711 ms
Execution time: 1576.293 ms
