Hash Join  (cost=910834.77..1308509.46 rows=295898 width=0) (actual time=14137.362..27513.500 rows=1721949 loops=1)
  Hash Cond: (mi.movie_id = t.id)
  ->  Seq Scan on movie_info mi  (cost=0.00..346232.03 rows=12928982 width=4) (actual time=0.030..7101.978 rows=12970088 loops=1)
        Filter: (info_type_id < 18)
        Rows Removed by Filter: 1865632
  ->  Hash  (cost=910111.41..910111.41 rows=57869 width=8) (actual time=14136.827..14136.827 rows=210286 loops=1)
        Buckets: 131072 (originally 65536)  Batches: 4 (originally 1)  Memory Usage: 3079kB
        ->  Hash Join  (cost=102767.86..910111.41 rows=57869 width=8) (actual time=12779.774..14060.760 rows=210286 loops=1)
              Hash Cond: (ci.movie_id = t.id)
              ->  Seq Scan on cast_info ci  (cost=0.00..796071.18 rows=57869 width=4) (actual time=10819.189..11510.194 rows=210286 loops=1)
                    Filter: ((person_id > 3043169) AND (role_id = 11))
                    Rows Removed by Filter: 36034058
              ->  Hash  (cost=61283.27..61283.27 rows=2528527 width=4) (actual time=1959.621..1959.621 rows=2528312 loops=1)
                    Buckets: 131072  Batches: 64  Memory Usage: 2415kB
                    ->  Seq Scan on title t  (cost=0.00..61283.27 rows=2528527 width=4) (actual time=0.027..1118.654 rows=2528312 loops=1)
Planning time: 1.161 ms
Execution time: 27714.627 ms
