Hash Join  (cost=182509.43..318393.96 rows=1139449 width=0) (actual time=4148.417..7809.007 rows=758186 loops=1)
  Hash Cond: (mk.movie_id = t.id)
  ->  Seq Scan on movie_keyword mk  (cost=0.00..69693.30 rows=4523930 width=4) (actual time=0.024..1507.532 rows=4523930 loops=1)
  ->  Hash  (cost=172060.63..172060.63 rows=636864 width=8) (actual time=4147.406..4147.406 rows=273036 loops=1)
        Buckets: 131072  Batches: 16  Memory Usage: 1685kB
        ->  Hash Join  (cost=94574.69..172060.63 rows=636864 width=8) (actual time=2396.087..4061.990 rows=273036 loops=1)
              Hash Cond: (mc.movie_id = t.id)
              ->  Seq Scan on movie_companies mc  (cost=0.00..51404.11 rows=1279517 width=4) (actual time=0.024..1103.248 rows=1274246 loops=1)
                    Filter: (company_type_id = 1)
                    Rows Removed by Filter: 1334883
              ->  Hash  (cost=73925.90..73925.90 rows=1258543 width=4) (actual time=1813.340..1813.340 rows=1221534 loops=1)
                    Buckets: 131072  Batches: 32  Memory Usage: 2363kB
                    ->  Seq Scan on title t  (cost=0.00..73925.90 rows=1258543 width=4) (actual time=0.028..1419.761 rows=1221534 loops=1)
                          Filter: ((production_year < 2011) AND (kind_id = 7))
                          Rows Removed by Filter: 1306778
Planning time: 1.175 ms
Execution time: 7908.900 ms
