Hash Join  (cost=71961.27..150788.38 rows=273958 width=0) (actual time=1159.801..3492.956 rows=511795 loops=1)
  Hash Cond: (mc.movie_id = t.id)
  ->  Seq Scan on movie_companies mc  (cost=0.00..44881.29 rows=2609129 width=4) (actual time=0.014..988.674 rows=2609129 loops=1)
  ->  Hash  (cost=67604.59..67604.59 rows=265495 width=4) (actual time=1158.827..1158.827 rows=263594 loops=1)
        Buckets: 131072  Batches: 4  Memory Usage: 3340kB
        ->  Seq Scan on title t  (cost=0.00..67604.59 rows=265495 width=4) (actual time=0.029..1069.719 rows=263594 loops=1)
              Filter: (production_year < 1962)
              Rows Removed by Filter: 2264718
Planning time: 5.744 ms
Execution time: 3555.753 ms
