Seq Scan on movie_keyword mk  (cost=0.00..81003.12 rows=3079120 width=0) (actual time=0.044..1516.738 rows=3066697 loops=1)
  Filter: (keyword_id < 11426)
  Rows Removed by Filter: 1457233
Planning time: 0.307 ms
Execution time: 1900.596 ms
