Hash Join  (cost=102767.86..183926.45 rows=554933 width=0) (actual time=2985.425..4480.908 rows=340129 loops=1)
  Hash Cond: (mc.movie_id = t.id)
  ->  Seq Scan on movie_companies mc  (cost=0.00..57926.93 rows=554933 width=4) (actual time=311.137..1093.635 rows=340129 loops=1)
        Filter: ((company_id < 6986) AND (company_type_id > 1))
        Rows Removed by Filter: 2269000
  ->  Hash  (cost=61283.27..61283.27 rows=2528527 width=4) (actual time=2672.917..2672.917 rows=2528312 loops=1)
        Buckets: 131072  Batches: 64  Memory Usage: 2415kB
        ->  Seq Scan on title t  (cost=0.00..61283.27 rows=2528527 width=4) (actual time=0.019..1078.360 rows=2528312 loops=1)
Planning time: 0.709 ms
Execution time: 4529.707 ms
