Hash Join  (cost=212456.86..1398579.17 rows=14827614 width=0) (actual time=5342.771..48667.317 rows=47470011 loops=1)
  Hash Cond: (ci.movie_id = t.id)
  ->  Seq Scan on cast_info ci  (cost=0.00..614943.12 rows=36225612 width=4) (actual time=0.022..13761.161 rows=36244344 loops=1)
  ->  Hash  (cost=195476.88..195476.88 rows=1034959 width=8) (actual time=5341.914..5341.914 rows=1274246 loops=1)
        Buckets: 131072 (originally 131072)  Batches: 32 (originally 16)  Memory Usage: 3073kB
        ->  Hash Join  (cost=102767.86..195476.88 rows=1034959 width=8) (actual time=2354.294..5037.933 rows=1274246 loops=1)
              Hash Cond: (mc.movie_id = t.id)
              ->  Seq Scan on movie_companies mc  (cost=0.00..57926.93 rows=1034959 width=4) (actual time=345.400..1177.450 rows=1274246 loops=1)
                    Filter: ((company_id < 74175) AND (company_type_id < 2))
                    Rows Removed by Filter: 1334883
              ->  Hash  (cost=61283.27..61283.27 rows=2528527 width=4) (actual time=2007.519..2007.519 rows=2528312 loops=1)
                    Buckets: 131072  Batches: 64  Memory Usage: 2415kB
                    ->  Seq Scan on title t  (cost=0.00..61283.27 rows=2528527 width=4) (actual time=0.020..1176.897 rows=2528312 loops=1)
Planning time: 1.107 ms
Execution time: 53741.546 ms
