Hash Join  (cost=137168.24..519218.07 rows=96752 width=0) (actual time=2714.247..11646.711 rows=1328627 loops=1)
  Hash Cond: (mi.movie_id = t.id)
  ->  Seq Scan on movie_info mi  (cost=0.00..346232.03 rows=9293409 width=4) (actual time=0.017..6344.572 rows=9425200 loops=1)
        Filter: (info_type_id > 5)
        Rows Removed by Filter: 5410520
  ->  Hash  (cost=136839.19..136839.19 rows=26324 width=8) (actual time=2714.032..2714.032 rows=55139 loops=1)
        Buckets: 65536 (originally 32768)  Batches: 1 (originally 1)  Memory Usage: 2666kB
        ->  Hash Join  (cost=75238.98..136839.19 rows=26324 width=8) (actual time=1392.906..2693.438 rows=55139 loops=1)
              Hash Cond: (mc.movie_id = t.id)
              ->  Seq Scan on movie_companies mc  (cost=0.00..51404.11 rows=831961 width=4) (actual time=0.043..900.508 rows=823981 loops=1)
                    Filter: (company_id < 2017)
                    Rows Removed by Filter: 1785148
              ->  Hash  (cost=73925.90..73925.90 rows=80006 width=4) (actual time=1218.507..1218.507 rows=180389 loops=1)
                    Buckets: 131072 (originally 131072)  Batches: 4 (originally 2)  Memory Usage: 3073kB
                    ->  Seq Scan on title t  (cost=0.00..73925.90 rows=80006 width=4) (actual time=0.163..1113.153 rows=180389 loops=1)
                          Filter: ((kind_id < 7) AND (production_year < 1956))
                          Rows Removed by Filter: 2347923
Planning time: 1.155 ms
Execution time: 11818.329 ms
