Hash Join  (cost=68268.32..953927.29 rows=475086 width=0) (actual time=997.846..23185.484 rows=76069 loops=1)
  Hash Cond: (ci.movie_id = t.id)
  ->  Seq Scan on cast_info ci  (cost=0.00..796071.18 rows=22623179 width=4) (actual time=0.027..16084.499 rows=22022665 loops=1)
        Filter: ((person_id > 628953) AND (role_id < 6))
        Rows Removed by Filter: 14221679
  ->  Hash  (cost=67604.59..67604.59 rows=53099 width=4) (actual time=997.450..997.450 rows=51722 loops=1)
        Buckets: 65536  Batches: 1  Memory Usage: 2331kB
        ->  Seq Scan on title t  (cost=0.00..67604.59 rows=53099 width=4) (actual time=0.032..979.152 rows=51722 loops=1)
              Filter: (production_year < 1914)
              Rows Removed by Filter: 2476590
Planning time: 0.826 ms
Execution time: 23197.201 ms
