Hash Join  (cost=102767.86..483612.51 rows=1027854 width=0) (actual time=2037.319..9105.507 rows=1083166 loops=1)
  Hash Cond: (mi.movie_id = t.id)
  ->  Seq Scan on movie_info mi  (cost=0.00..346232.03 rows=1027854 width=4) (actual time=0.025..5761.325 rows=1083166 loops=1)
        Filter: (info_type_id > 70)
        Rows Removed by Filter: 13752554
  ->  Hash  (cost=61283.27..61283.27 rows=2528527 width=4) (actual time=2036.381..2036.381 rows=2528312 loops=1)
        Buckets: 131072  Batches: 64  Memory Usage: 2425kB
        ->  Seq Scan on title t  (cost=0.00..61283.27 rows=2528527 width=4) (actual time=0.047..1174.240 rows=2528312 loops=1)
Planning time: 0.733 ms
Execution time: 9238.213 ms
