Hash Join  (cost=75636.60..176682.25 rows=67580 width=0) (actual time=1207.960..3261.194 rows=32898 loops=1)
  Hash Cond: (mk.movie_id = t.id)
  ->  Seq Scan on movie_keyword mk  (cost=0.00..81003.12 rows=1639659 width=4) (actual time=0.013..1498.950 rows=1648255 loops=1)
        Filter: (keyword_id > 8916)
        Rows Removed by Filter: 2875675
  ->  Hash  (cost=73925.90..73925.90 rows=104216 width=4) (actual time=1206.103..1206.103 rows=108513 loops=1)
        Buckets: 131072  Batches: 2  Memory Usage: 2937kB
        ->  Seq Scan on title t  (cost=0.00..73925.90 rows=104216 width=4) (actual time=2.813..1162.703 rows=108513 loops=1)
              Filter: ((kind_id > 1) AND (production_year = 2010))
              Rows Removed by Filter: 2419799
Planning time: 0.412 ms
Execution time: 3266.006 ms
