Hash Join  (cost=73950.44..134657.76 rows=1922 width=0) (actual time=1125.497..2516.107 rows=6899 loops=1)
  Hash Cond: (mc.movie_id = t.id)
  ->  Seq Scan on movie_companies mc  (cost=0.00..51404.11 rows=2475728 width=4) (actual time=0.018..983.982 rows=2476588 loops=1)
        Filter: (company_id < 139992)
        Rows Removed by Filter: 132541
  ->  Hash  (cost=73925.90..73925.90 rows=1963 width=4) (actual time=1125.441..1125.441 rows=3792 loops=1)
        Buckets: 4096 (originally 2048)  Batches: 1 (originally 1)  Memory Usage: 166kB
        ->  Seq Scan on title t  (cost=0.00..73925.90 rows=1963 width=4) (actual time=0.266..1123.503 rows=3792 loops=1)
              Filter: ((kind_id = 1) AND (production_year = 1966))
              Rows Removed by Filter: 2524520
Planning time: 0.987 ms
Execution time: 2517.511 ms
