Hash Join  (cost=263115.61..1631096.63 rows=27606153 width=0) (actual time=5982.876..51376.010 rows=56702687 loops=1)
  Hash Cond: (ci.movie_id = t.id)
  ->  Seq Scan on cast_info ci  (cost=0.00..705507.15 rows=26753335 width=4) (actual time=0.021..16376.962 rows=26781340 loops=1)
        Filter: (person_id < 2759418)
        Rows Removed by Filter: 9463004
  ->  Hash  (cost=220309.49..220309.49 rows=2609129 width=8) (actual time=5981.257..5981.257 rows=2609129 loops=1)
        Buckets: 131072  Batches: 64  Memory Usage: 2610kB
        ->  Hash Join  (cost=102767.86..220309.49 rows=2609129 width=8) (actual time=1886.456..5304.493 rows=2609129 loops=1)
              Hash Cond: (mc.movie_id = t.id)
              ->  Seq Scan on movie_companies mc  (cost=0.00..44881.29 rows=2609129 width=4) (actual time=0.024..900.190 rows=2609129 loops=1)
              ->  Hash  (cost=61283.27..61283.27 rows=2528527 width=4) (actual time=1884.349..1884.349 rows=2528312 loops=1)
                    Buckets: 131072  Batches: 64  Memory Usage: 2415kB
                    ->  Seq Scan on title t  (cost=0.00..61283.27 rows=2528527 width=4) (actual time=0.014..1050.485 rows=2528312 loops=1)
Planning time: 1.151 ms
Execution time: 57683.606 ms
