Seq Scan on movie_companies mc  (cost=0.00..51404.11 rows=1080941 width=0) (actual time=1.731..977.947 rows=1093149 loops=1)
  Filter: (company_id > 14161)
  Rows Removed by Filter: 1515980
Planning time: 3.423 ms
Execution time: 1113.502 ms
