Hash Join  (cost=83073.34..109984.28 rows=46 width=0) (actual time=1310.169..1831.748 rows=600 loops=1)
  Hash Cond: (mi_idx.movie_id = t.id)
  ->  Seq Scan on movie_info_idx mi_idx  (cost=0.00..21735.35 rows=1380035 width=4) (actual time=0.027..273.724 rows=1380035 loops=1)
  ->  Hash  (cost=83072.29..83072.29 rows=84 width=8) (actual time=1310.089..1310.089 rows=202 loops=1)
        Buckets: 1024  Batches: 1  Memory Usage: 16kB
        ->  Nested Loop  (cost=0.43..83072.29 rows=84 width=8) (actual time=1.219..1309.879 rows=202 loops=1)
              ->  Seq Scan on movie_keyword mk  (cost=0.00..81003.12 rows=246 width=4) (actual time=1.182..1293.244 rows=428 loops=1)
                    Filter: (keyword_id = 16486)
                    Rows Removed by Filter: 4523502
              ->  Index Scan using title_pkey on title t  (cost=0.43..8.40 rows=1 width=4) (actual time=0.037..0.037 rows=0 loops=428)
                    Index Cond: (id = mk.movie_id)
                    Filter: (kind_id < 4)
                    Rows Removed by Filter: 1
Planning time: 1.173 ms
Execution time: 1832.033 ms
