Hash Join  (cost=176569.11..686539.98 rows=3234397 width=0) (actual time=4106.815..21143.653 rows=20387193 loops=1)
  Hash Cond: (mi.movie_id = t.id)
  ->  Seq Scan on movie_info mi  (cost=0.00..346232.03 rows=11115165 width=4) (actual time=0.015..7144.431 rows=11210743 loops=1)
        Filter: (info_type_id > 3)
        Rows Removed by Filter: 3624977
  ->  Hash  (cost=164496.92..164496.92 rows=735775 width=8) (actual time=4103.593..4103.593 rows=1076426 loops=1)
        Buckets: 131072  Batches: 16  Memory Usage: 3700kB
        ->  Hash Join  (cost=79303.65..164496.92 rows=735775 width=8) (actual time=1344.588..3794.722 rows=1076426 loops=1)
              Hash Cond: (mc.movie_id = t.id)
              ->  Seq Scan on movie_companies mc  (cost=0.00..44881.29 rows=2609129 width=4) (actual time=0.017..823.641 rows=2609129 loops=1)
              ->  Hash  (cost=67604.59..67604.59 rows=713045 width=4) (actual time=1343.760..1343.760 rows=707186 loops=1)
                    Buckets: 131072  Batches: 16  Memory Usage: 2578kB
                    ->  Seq Scan on title t  (cost=0.00..67604.59 rows=713045 width=4) (actual time=0.018..1122.210 rows=707186 loops=1)
                          Filter: (production_year < 1991)
                          Rows Removed by Filter: 1821126
Planning time: 1.153 ms
Execution time: 23151.722 ms
