Hash Join  (cost=92883.59..220051.34 rows=1293893 width=0) (actual time=2825.209..4614.932 rows=282110 loops=1)
  Hash Cond: (mk.movie_id = t.id)
  ->  Seq Scan on movie_keyword mk  (cost=0.00..81003.12 rows=2123340 width=4) (actual time=0.021..1567.435 rows=2126961 loops=1)
        Filter: (keyword_id < 3921)
        Rows Removed by Filter: 2396969
  ->  Hash  (cost=67604.59..67604.59 rows=1540800 width=4) (actual time=1759.325..1759.325 rows=1543264 loops=1)
        Buckets: 131072  Batches: 32  Memory Usage: 2728kB
        ->  Seq Scan on title t  (cost=0.00..67604.59 rows=1540800 width=4) (actual time=0.020..1227.862 rows=1543264 loops=1)
              Filter: (kind_id = 7)
              Rows Removed by Filter: 985048
Planning time: 3.481 ms
Execution time: 4648.211 ms
