Hash Join  (cost=199836.72..244300.74 rows=394654 width=0) (actual time=4387.988..5892.061 rows=1230368 loops=1)
  Hash Cond: (mi_idx.movie_id = t.id)
  ->  Seq Scan on movie_info_idx mi_idx  (cost=0.00..21735.35 rows=1380035 width=4) (actual time=0.015..446.967 rows=1380035 loops=1)
  ->  Hash  (cost=187973.05..187973.05 rows=723093 width=8) (actual time=4387.253..4387.253 rows=942260 loops=1)
        Buckets: 131072  Batches: 16  Memory Usage: 3327kB
        ->  Hash Join  (cost=102767.86..187973.05 rows=723093 width=8) (actual time=1869.668..4116.853 rows=942260 loops=1)
              Hash Cond: (mc.movie_id = t.id)
              ->  Seq Scan on movie_companies mc  (cost=0.00..57926.93 rows=723093 width=4) (actual time=0.024..1062.508 rows=942260 loops=1)
                    Filter: ((company_id > 10351) AND (company_type_id > 1))
                    Rows Removed by Filter: 1666869
              ->  Hash  (cost=61283.27..61283.27 rows=2528527 width=4) (actual time=1868.590..1868.590 rows=2528312 loops=1)
                    Buckets: 131072  Batches: 64  Memory Usage: 2415kB
                    ->  Seq Scan on title t  (cost=0.00..61283.27 rows=2528527 width=4) (actual time=0.028..1042.330 rows=2528312 loops=1)
Planning time: 8.426 ms
Execution time: 6027.391 ms
