Hash Join  (cost=209727.38..256480.14 rows=528028 width=0) (actual time=4897.567..6910.713 rows=2297546 loops=1)
  Hash Cond: (mi_idx.movie_id = t.id)
  ->  Seq Scan on movie_info_idx mi_idx  (cost=0.00..21735.35 rows=1380035 width=4) (actual time=0.015..479.592 rows=1380035 loops=1)
  ->  Hash  (cost=193854.08..193854.08 rows=967464 width=8) (actual time=4896.650..4896.650 rows=1257595 loops=1)
        Buckets: 131072 (originally 131072)  Batches: 32 (originally 16)  Memory Usage: 4072kB
        ->  Hash Join  (cost=102767.86..193854.08 rows=967464 width=8) (actual time=1961.634..4528.081 rows=1257595 loops=1)
              Hash Cond: (mc.movie_id = t.id)
              ->  Seq Scan on movie_companies mc  (cost=0.00..57926.93 rows=967464 width=4) (actual time=0.016..983.282 rows=1257595 loops=1)
                    Filter: ((company_id < 56872) AND (company_type_id = 1))
                    Rows Removed by Filter: 1351534
              ->  Hash  (cost=61283.27..61283.27 rows=2528527 width=4) (actual time=1960.526..1960.526 rows=2528312 loops=1)
                    Buckets: 131072  Batches: 64  Memory Usage: 2415kB
                    ->  Seq Scan on title t  (cost=0.00..61283.27 rows=2528527 width=4) (actual time=0.023..1116.897 rows=2528312 loops=1)
Planning time: 1.223 ms
Execution time: 7154.897 ms
