Nested Loop  (cost=0.43..796113.48 rows=2 width=0) (actual time=6491.927..13042.415 rows=5 loops=1)
  ->  Seq Scan on cast_info ci  (cost=0.00..796071.18 rows=5 width=4) (actual time=6491.859..13042.244 rows=5 loops=1)
        Filter: ((role_id > 10) AND (person_id = 4057448))
        Rows Removed by Filter: 36244339
  ->  Index Scan using title_pkey on title t  (cost=0.43..8.45 rows=1 width=4) (actual time=0.028..0.028 rows=1 loops=5)
        Index Cond: (id = ci.movie_id)
        Filter: (production_year < 1997)
Planning time: 3.361 ms
Execution time: 13042.522 ms
