Hash Join  (cost=78670.55..206976.33 rows=517374 width=0) (actual time=1456.468..4606.512 rows=135195 loops=1)
  Hash Cond: (mk.movie_id = t.id)
  ->  Seq Scan on movie_keyword mk  (cost=0.00..69693.30 rows=4523930 width=4) (actual time=0.023..1394.508 rows=4523930 loops=1)
  ->  Hash  (cost=73925.90..73925.90 rows=289172 width=4) (actual time=1455.447..1455.447 rows=292674 loops=1)
        Buckets: 131072  Batches: 4  Memory Usage: 3623kB
        ->  Seq Scan on title t  (cost=0.00..73925.90 rows=289172 width=4) (actual time=0.017..1353.360 rows=292674 loops=1)
              Filter: ((kind_id > 1) AND (production_year > 2010))
              Rows Removed by Filter: 2235638
Planning time: 1.120 ms
Execution time: 4624.555 ms
