Hash Join  (cost=102767.86..215933.75 rows=2156171 width=0) (actual time=1988.079..5375.035 rows=2152863 loops=1)
  Hash Cond: (mc.movie_id = t.id)
  ->  Seq Scan on movie_companies mc  (cost=0.00..51404.11 rows=2156171 width=4) (actual time=0.025..1143.521 rows=2152863 loops=1)
        Filter: (company_id < 76841)
        Rows Removed by Filter: 456266
  ->  Hash  (cost=61283.27..61283.27 rows=2528527 width=4) (actual time=1986.725..1986.725 rows=2528312 loops=1)
        Buckets: 131072  Batches: 64  Memory Usage: 2415kB
        ->  Seq Scan on title t  (cost=0.00..61283.27 rows=2528527 width=4) (actual time=0.022..1152.599 rows=2528312 loops=1)
Planning time: 0.723 ms
Execution time: 5637.502 ms
