Hash Join  (cost=83783.19..561901.29 rows=2208279 width=0) (actual time=2289.633..13347.505 rows=3767722 loops=1)
  Hash Cond: (mi.movie_id = t.id)
  ->  Seq Scan on movie_info mi  (cost=0.00..346232.03 rows=9293409 width=4) (actual time=0.030..6661.012 rows=9425200 loops=1)
        Filter: (info_type_id > 5)
        Rows Removed by Filter: 5410520
  ->  Hash  (cost=73925.90..73925.90 rows=600823 width=4) (actual time=1436.951..1436.951 rows=484625 loops=1)
        Buckets: 131072  Batches: 8  Memory Usage: 3176kB
        ->  Seq Scan on title t  (cost=0.00..73925.90 rows=600823 width=4) (actual time=623.795..1276.034 rows=484625 loops=1)
              Filter: ((kind_id < 2) AND (production_year > 1953))
              Rows Removed by Filter: 2043687
Planning time: 1.798 ms
Execution time: 13777.945 ms
