Seq Scan on movie_keyword mk  (cost=0.00..81003.12 rows=3176 width=0) (actual time=575.450..1327.637 rows=2389 loops=1)
  Filter: (keyword_id > 131866)
  Rows Removed by Filter: 4521541
Planning time: 0.249 ms
Execution time: 1328.086 ms
