Seq Scan on movie_keyword mk  (cost=0.00..81003.12 rows=246 width=0) (actual time=0.796..1234.860 rows=1271 loops=1)
  Filter: (keyword_id = 1993)
  Rows Removed by Filter: 4522659
Planning time: 0.437 ms
Execution time: 1235.361 ms
