Hash Join  (cost=95609.14..260473.63 rows=3053954 width=0) (actual time=1842.942..6175.463 rows=2629445 loops=1)
  Hash Cond: (mk.movie_id = t.id)
  ->  Seq Scan on movie_keyword mk  (cost=0.00..69693.30 rows=4523930 width=4) (actual time=0.019..1430.365 rows=4523930 loops=1)
  ->  Hash  (cost=67604.59..67604.59 rows=1706924 width=4) (actual time=1841.304..1841.304 rows=1700316 loops=1)
        Buckets: 131072  Batches: 32  Memory Usage: 2903kB
        ->  Seq Scan on title t  (cost=0.00..67604.59 rows=1706924 width=4) (actual time=0.024..1268.179 rows=1700316 loops=1)
              Filter: (production_year > 1992)
              Rows Removed by Filter: 827996
Planning time: 0.521 ms
Execution time: 6480.310 ms
