Hash Join  (cost=100841.93..851648.58 rows=1751 width=0) (actual time=2054.747..17261.026 rows=42 loops=1)
  Hash Cond: (ci.movie_id = t.id)
  ->  Seq Scan on cast_info ci  (cost=0.00..614943.12 rows=36225612 width=4) (actual time=0.022..9051.594 rows=36244344 loops=1)
  ->  Hash  (cost=100840.41..100840.41 rows=122 width=8) (actual time=1542.351..1542.351 rows=3 loops=1)
        Buckets: 1024  Batches: 1  Memory Usage: 9kB
        ->  Hash Join  (cost=73928.71..100840.41 rows=122 width=8) (actual time=1523.895..1542.316 rows=3 loops=1)
              Hash Cond: (mi_idx.movie_id = t.id)
              ->  Seq Scan on movie_info_idx mi_idx  (cost=0.00..21735.35 rows=1380035 width=4) (actual time=0.019..174.448 rows=1380035 loops=1)
              ->  Hash  (cost=73925.90..73925.90 rows=224 width=4) (actual time=1158.657..1158.657 rows=3358 loops=1)
                    Buckets: 4096 (originally 1024)  Batches: 1 (originally 1)  Memory Usage: 151kB
                    ->  Seq Scan on title t  (cost=0.00..73925.90 rows=224 width=4) (actual time=6.201..1156.907 rows=3358 loops=1)
                          Filter: ((kind_id < 4) AND (production_year > 2013))
                          Rows Removed by Filter: 2524954
Planning time: 1.196 ms
Execution time: 17261.199 ms
