Seq Scan on movie_keyword mk  (cost=0.00..81003.12 rows=246 width=0) (actual time=1.234..1171.161 rows=923 loops=1)
  Filter: (keyword_id = 687)
  Rows Removed by Filter: 4523007
Planning time: 0.284 ms
Execution time: 1171.519 ms
