Hash Join  (cost=513038.35..631062.06 rows=998335 width=0) (actual time=9519.374..13617.958 rows=5254208 loops=1)
  Hash Cond: (mk.movie_id = t.id)
  ->  Seq Scan on movie_keyword mk  (cost=0.00..81003.12 rows=1886194 width=4) (actual time=0.021..1597.267 rows=1898134 loops=1)
        Filter: (keyword_id < 3252)
        Rows Removed by Filter: 2625796
  ->  Hash  (cost=491081.45..491081.45 rows=1338312 width=8) (actual time=9518.548..9518.548 rows=1401902 loops=1)
        Buckets: 131072  Batches: 32  Memory Usage: 2722kB
        ->  Hash Join  (cost=102767.86..491081.45 rows=1338312 width=8) (actual time=2742.610..9124.020 rows=1401902 loops=1)
              Hash Cond: (mi.movie_id = t.id)
              ->  Seq Scan on movie_info mi  (cost=0.00..346232.03 rows=1338312 width=4) (actual time=775.340..5698.825 rows=1401902 loops=1)
                    Filter: (info_type_id = 7)
                    Rows Removed by Filter: 13433818
              ->  Hash  (cost=61283.27..61283.27 rows=2528527 width=4) (actual time=1964.858..1964.858 rows=2528312 loops=1)
                    Buckets: 131072  Batches: 64  Memory Usage: 2425kB
                    ->  Seq Scan on title t  (cost=0.00..61283.27 rows=2528527 width=4) (actual time=0.021..1090.966 rows=2528312 loops=1)
Planning time: 1.132 ms
Execution time: 14171.628 ms
