Hash Join  (cost=452468.21..491437.46 rows=74377 width=0) (actual time=6496.286..6981.194 rows=903 loops=1)
  Hash Cond: (mi_idx.movie_id = t.id)
  ->  Seq Scan on movie_info_idx mi_idx  (cost=0.00..21735.35 rows=1380035 width=4) (actual time=0.014..454.705 rows=1380035 loops=1)
  ->  Hash  (cost=450231.77..450231.77 rows=136275 width=8) (actual time=6118.126..6118.126 rows=304 loops=1)
        Buckets: 131072  Batches: 2  Memory Usage: 1033kB
        ->  Hash Join  (cost=94555.35..450231.77 rows=136275 width=8) (actual time=5877.964..6117.818 rows=304 loops=1)
              Hash Cond: (mi.movie_id = t.id)
              ->  Seq Scan on movie_info mi  (cost=0.00..346232.03 rows=274038 width=4) (actual time=3189.513..3885.813 rows=306788 loops=1)
                    Filter: (info_type_id > 105)
                    Rows Removed by Filter: 14528932
              ->  Hash  (cost=73925.90..73925.90 rows=1257396 width=4) (actual time=1837.377..1837.377 rows=1340616 loops=1)
                    Buckets: 131072  Batches: 32  Memory Usage: 2508kB
                    ->  Seq Scan on title t  (cost=0.00..73925.90 rows=1257396 width=4) (actual time=0.023..1373.322 rows=1340616 loops=1)
                          Filter: ((production_year > 1971) AND (kind_id = 7))
                          Rows Removed by Filter: 1187696
Planning time: 1.127 ms
Execution time: 6981.756 ms
