Hash Join  (cost=152201.14..639423.44 rows=695037 width=0) (actual time=3525.366..15518.176 rows=2768423 loops=1)
  Hash Cond: (mi.movie_id = t.id)
  ->  Seq Scan on movie_info mi  (cost=0.00..309384.22 rows=14739122 width=4) (actual time=0.019..6128.420 rows=14835720 loops=1)
  ->  Hash  (cost=150244.70..150244.70 rows=119235 width=8) (actual time=3524.646..3524.646 rows=93730 loops=1)
        Buckets: 131072  Batches: 2  Memory Usage: 2866kB
        ->  Hash Join  (cost=69687.24..150244.70 rows=119235 width=8) (actual time=1049.221..3487.426 rows=93730 loops=1)
              Hash Cond: (mc.movie_id = t.id)
              ->  Seq Scan on movie_companies mc  (cost=0.00..51404.11 rows=2375201 width=4) (actual time=0.014..1100.220 rows=2373656 loops=1)
                    Filter: (company_id < 104058)
                    Rows Removed by Filter: 235473
              ->  Hash  (cost=67604.59..67604.59 rows=126932 width=4) (actual time=1048.464..1048.464 rows=122861 loops=1)
                    Buckets: 131072  Batches: 2  Memory Usage: 3191kB
                    ->  Seq Scan on title t  (cost=0.00..67604.59 rows=126932 width=4) (actual time=0.028..1003.229 rows=122861 loops=1)
                          Filter: (production_year = 2008)
                          Rows Removed by Filter: 2405451
Planning time: 1.216 ms
Execution time: 15838.815 ms
