Hash Join  (cost=81152.82..140473.19 rows=81114 width=0) (actual time=1405.521..2702.027 rows=213056 loops=1)
  Hash Cond: (mc.movie_id = t.id)
  ->  Seq Scan on movie_companies mc  (cost=0.00..51404.11 rows=465632 width=4) (actual time=0.019..997.155 rows=470409 loops=1)
        Filter: (company_id > 76012)
        Rows Removed by Filter: 2138720
  ->  Hash  (cost=73925.90..73925.90 rows=440473 width=4) (actual time=1347.322..1347.322 rows=473918 loops=1)
        Buckets: 131072  Batches: 8  Memory Usage: 3117kB
        ->  Seq Scan on title t  (cost=0.00..73925.90 rows=440473 width=4) (actual time=0.022..1198.567 rows=473918 loops=1)
              Filter: ((production_year < 2008) AND (kind_id = 1))
              Rows Removed by Filter: 2054394
Planning time: 0.786 ms
Execution time: 2725.651 ms
