Nested Loop  (cost=0.43..58375.45 rows=26 width=0) (actual time=262.620..740.172 rows=1 loops=1)
  ->  Seq Scan on movie_companies mc  (cost=0.00..57926.93 rows=53 width=4) (actual time=262.576..740.128 rows=1 loops=1)
        Filter: ((company_id = 707) AND (company_type_id = 2))
        Rows Removed by Filter: 2609128
  ->  Index Scan using title_pkey on title t  (cost=0.43..8.45 rows=1 width=4) (actual time=0.040..0.040 rows=1 loops=1)
        Index Cond: (id = mc.movie_id)
        Filter: ((kind_id > 1) AND (production_year < 2008))
Planning time: 0.838 ms
Execution time: 740.280 ms
