Hash Join  (cost=535611.96..1471234.58 rows=1244099 width=0) (actual time=13276.169..37741.614 rows=5915003 loops=1)
  Hash Cond: (ci.movie_id = t.id)
  ->  Seq Scan on cast_info ci  (cost=0.00..796071.18 rows=8203260 width=4) (actual time=1228.327..15731.710 rows=12670688 loops=1)
        Filter: ((person_id < 2377545) AND (role_id = 1))
        Rows Removed by Filter: 23573656
  ->  Hash  (cost=529320.53..529320.53 rows=383474 width=8) (actual time=12046.880..12046.880 rows=594712 loops=1)
        Buckets: 131072  Batches: 8  Memory Usage: 3891kB
        ->  Hash Join  (cost=69283.60..529320.53 rows=383474 width=8) (actual time=1521.359..11561.190 rows=594712 loops=1)
              Hash Cond: (mi.movie_id = t.id)
              ->  Seq Scan on movie_info mi  (cost=0.00..346232.03 rows=9476311 width=4) (actual time=0.026..6678.225 rows=9565151 loops=1)
                    Filter: (info_type_id < 16)
                    Rows Removed by Filter: 5270569
              ->  Hash  (cost=67604.59..67604.59 rows=102321 width=4) (actual time=1042.129..1042.129 rows=100537 loops=1)
                    Buckets: 131072  Batches: 2  Memory Usage: 2803kB
                    ->  Seq Scan on title t  (cost=0.00..67604.59 rows=102321 width=4) (actual time=529.325..1007.461 rows=100537 loops=1)
                          Filter: (kind_id = 3)
                          Rows Removed by Filter: 2427775
Planning time: 1.257 ms
Execution time: 38366.471 ms
