Hash Join  (cost=95523.84..150418.62 rows=22927 width=0) (actual time=1664.364..2924.770 rows=73571 loops=1)
  Hash Cond: (mc.movie_id = t.id)
  ->  Seq Scan on movie_companies mc  (cost=0.00..44881.29 rows=2609129 width=4) (actual time=0.028..668.106 rows=2609129 loops=1)
  ->  Hash  (cost=95246.11..95246.11 rows=22218 width=8) (actual time=1663.878..1663.878 rows=26998 loops=1)
        Buckets: 32768  Batches: 1  Memory Usage: 1311kB
        ->  Hash Join  (cost=68113.45..95246.11 rows=22218 width=8) (actual time=990.937..1654.638 rows=26998 loops=1)
              Hash Cond: (mi_idx.movie_id = t.id)
              ->  Seq Scan on movie_info_idx mi_idx  (cost=0.00..21735.35 rows=1380035 width=4) (actual time=0.019..323.623 rows=1380035 loops=1)
              ->  Hash  (cost=67604.59..67604.59 rows=40709 width=4) (actual time=990.585..990.585 rows=38955 loops=1)
                    Buckets: 65536  Batches: 1  Memory Usage: 1882kB
                    ->  Seq Scan on title t  (cost=0.00..67604.59 rows=40709 width=4) (actual time=0.049..974.001 rows=38955 loops=1)
                          Filter: (production_year = 1997)
                          Rows Removed by Filter: 2489357
Planning time: 1.179 ms
Execution time: 2934.437 ms
