Hash Join  (cost=77642.13..192353.70 rows=235994 width=0) (actual time=1159.742..3769.419 rows=43420 loops=1)
  Hash Cond: (mk.movie_id = t.id)
  ->  Seq Scan on movie_keyword mk  (cost=0.00..81003.12 rows=2634534 width=4) (actual time=0.017..1671.553 rows=2622654 loops=1)
        Filter: (keyword_id > 3259)
        Rows Removed by Filter: 1901276
  ->  Hash  (cost=73925.90..73925.90 rows=226498 width=4) (actual time=1158.658..1158.658 rows=120787 loops=1)
        Buckets: 131072  Batches: 4  Memory Usage: 2088kB
        ->  Seq Scan on title t  (cost=0.00..73925.90 rows=226498 width=4) (actual time=307.192..1113.857 rows=120787 loops=1)
              Filter: ((production_year < 1970) AND (kind_id = 7))
              Rows Removed by Filter: 2407525
Planning time: 0.528 ms
Execution time: 3774.006 ms
