Nested Loop  (cost=0.43..54511.70 rows=6 width=0) (actual time=61.549..874.076 rows=49 loops=1)
  ->  Seq Scan on movie_companies mc  (cost=0.00..51404.11 rows=371 width=4) (actual time=1.666..840.161 rows=1295 loops=1)
        Filter: (company_id < 2)
        Rows Removed by Filter: 2607834
  ->  Index Scan using title_pkey on title t  (cost=0.43..8.37 rows=1 width=4) (actual time=0.025..0.025 rows=0 loops=1295)
        Index Cond: (id = mc.movie_id)
        Filter: ((kind_id = 7) AND (production_year = 2003))
        Rows Removed by Filter: 1
Planning time: 0.915 ms
Execution time: 874.205 ms
