Hash Join  (cost=70965.72..197433.15 rows=366439 width=0) (actual time=1181.057..4361.507 rows=645168 loops=1)
  Hash Cond: (mk.movie_id = t.id)
  ->  Seq Scan on movie_keyword mk  (cost=0.00..69693.30 rows=4523930 width=4) (actual time=0.027..1382.056 rows=4523930 loops=1)
  ->  Hash  (cost=67604.59..67604.59 rows=204811 width=4) (actual time=1170.226..1170.226 rows=202996 loops=1)
        Buckets: 131072  Batches: 4  Memory Usage: 2815kB
        ->  Seq Scan on title t  (cost=0.00..67604.59 rows=204811 width=4) (actual time=0.025..1092.657 rows=202996 loops=1)
              Filter: (production_year < 1956)
              Rows Removed by Filter: 2325316
Planning time: 0.770 ms
Execution time: 4438.946 ms
