Hash Join  (cost=83074.74..464166.09 rows=904 width=0) (actual time=1310.390..8777.458 rows=111169 loops=1)
  Hash Cond: (mi.movie_id = t.id)
  ->  Seq Scan on movie_info mi  (cost=0.00..346232.03 rows=9293409 width=4) (actual time=0.011..6024.416 rows=9425200 loops=1)
        Filter: (info_type_id > 5)
        Rows Removed by Filter: 5410520
  ->  Hash  (cost=83071.67..83071.67 rows=246 width=8) (actual time=1310.334..1310.334 rows=2070 loops=1)
        Buckets: 4096 (originally 1024)  Batches: 1 (originally 1)  Memory Usage: 113kB
        ->  Nested Loop  (cost=0.43..83071.67 rows=246 width=8) (actual time=2.361..1308.884 rows=2070 loops=1)
              ->  Seq Scan on movie_keyword mk  (cost=0.00..81003.12 rows=246 width=4) (actual time=2.288..1242.365 rows=2070 loops=1)
                    Filter: (keyword_id = 536)
                    Rows Removed by Filter: 4521860
              ->  Index Only Scan using title_pkey on title t  (cost=0.43..8.40 rows=1 width=4) (actual time=0.031..0.031 rows=1 loops=2070)
                    Index Cond: (id = mk.movie_id)
                    Heap Fetches: 2070
Planning time: 1.303 ms
Execution time: 8793.163 ms
