Hash Join  (cost=365418.15..2192939.88 rows=57347059 width=0) (actual time=8492.895..85952.081 rows=176183580 loops=1)
  Hash Cond: (ci.movie_id = t.id)
  ->  Seq Scan on cast_info ci  (cost=0.00..705507.15 rows=32052571 width=4) (actual time=0.017..17073.057 rows=32025188 loops=1)
        Filter: (person_id < 3286621)
        Rows Removed by Filter: 4219156
  ->  Hash  (cost=291197.02..291197.02 rows=4523930 width=8) (actual time=8491.341..8491.341 rows=4523930 loops=1)
        Buckets: 131072  Batches: 64  Memory Usage: 3816kB
        ->  Hash Join  (cost=102767.86..291197.02 rows=4523930 width=8) (actual time=1997.869..7214.180 rows=4523930 loops=1)
              Hash Cond: (mk.movie_id = t.id)
              ->  Seq Scan on movie_keyword mk  (cost=0.00..69693.30 rows=4523930 width=4) (actual time=0.021..1541.715 rows=4523930 loops=1)
              ->  Hash  (cost=61283.27..61283.27 rows=2528527 width=4) (actual time=1996.933..1996.933 rows=2528312 loops=1)
                    Buckets: 131072  Batches: 64  Memory Usage: 2425kB
                    ->  Seq Scan on title t  (cost=0.00..61283.27 rows=2528527 width=4) (actual time=0.026..1153.706 rows=2528312 loops=1)
Planning time: 1.254 ms
Execution time: 105419.259 ms
