Seq Scan on movie_keyword mk  (cost=0.00..81003.12 rows=3361918 width=0) (actual time=0.011..1684.081 rows=3345604 loops=1)
  Filter: (keyword_id < 15850)
  Rows Removed by Filter: 1178326
Planning time: 0.225 ms
Execution time: 2112.975 ms
