Hash Join  (cost=181041.41..590861.49 rows=508570 width=0) (actual time=5560.811..11066.228 rows=422651 loops=1)
  Hash Cond: (mi.movie_id = t.id)
  ->  Seq Scan on movie_info mi  (cost=0.00..346232.03 rows=4972096 width=4) (actual time=2172.703..5476.927 rows=4923966 loops=1)
        Filter: (info_type_id < 5)
        Rows Removed by Filter: 9911754
  ->  Hash  (cost=176797.53..176797.53 rows=258630 width=8) (actual time=3387.104..3387.104 rows=136424 loops=1)
        Buckets: 131072  Batches: 4  Memory Usage: 2366kB
        ->  Hash Join  (cost=102767.86..176797.53 rows=258630 width=8) (actual time=1991.543..3349.297 rows=136424 loops=1)
              Hash Cond: (mc.movie_id = t.id)
              ->  Seq Scan on movie_companies mc  (cost=0.00..57926.93 rows=258630 width=4) (actual time=0.029..927.529 rows=136424 loops=1)
                    Filter: ((company_id < 453) AND (company_type_id > 1))
                    Rows Removed by Filter: 2472705
              ->  Hash  (cost=61283.27..61283.27 rows=2528527 width=4) (actual time=1989.647..1989.647 rows=2528312 loops=1)
                    Buckets: 131072  Batches: 64  Memory Usage: 2415kB
                    ->  Seq Scan on title t  (cost=0.00..61283.27 rows=2528527 width=4) (actual time=0.025..1152.178 rows=2528312 loops=1)
Planning time: 3.544 ms
Execution time: 11113.165 ms
