Hash Join  (cost=896574.92..951619.91 rows=37946 width=0) (actual time=12780.422..14005.365 rows=14604 loops=1)
  Hash Cond: (mc.movie_id = t.id)
  ->  Seq Scan on movie_companies mc  (cost=0.00..44881.29 rows=2609129 width=4) (actual time=0.012..654.892 rows=2609129 loops=1)
  ->  Hash  (cost=896115.25..896115.25 rows=36774 width=8) (actual time=12780.038..12780.038 rows=9968 loops=1)
        Buckets: 65536  Batches: 1  Memory Usage: 902kB
        ->  Hash Join  (cost=92883.59..896115.25 rows=36774 width=8) (actual time=2281.329..12775.918 rows=9968 loops=1)
              Hash Cond: (ci.movie_id = t.id)
              ->  Seq Scan on cast_info ci  (cost=0.00..796071.18 rows=60348 width=4) (actual time=547.051..10380.025 rows=21039 loops=1)
                    Filter: ((person_id < 27407) AND (role_id > 6))
                    Rows Removed by Filter: 36223305
              ->  Hash  (cost=67604.59..67604.59 rows=1540800 width=4) (actual time=1732.503..1732.503 rows=1543264 loops=1)
                    Buckets: 131072  Batches: 32  Memory Usage: 2722kB
                    ->  Seq Scan on title t  (cost=0.00..67604.59 rows=1540800 width=4) (actual time=279.529..1235.631 rows=1543264 loops=1)
                          Filter: (kind_id = 7)
                          Rows Removed by Filter: 985048
Planning time: 1.363 ms
Execution time: 14007.528 ms
