Seq Scan on cast_info ci  (cost=0.00..796071.18 rows=8775639 width=0) (actual time=0.017..14117.950 rows=13678712 loops=1)
  Filter: ((person_id > 2302014) AND (role_id > 1))
  Rows Removed by Filter: 22565632
Planning time: 0.541 ms
Execution time: 15787.280 ms
