Seq Scan on movie_keyword mk  (cost=0.00..81003.12 rows=246 width=0) (actual time=2.333..1200.559 rows=379 loops=1)
  Filter: (keyword_id = 2198)
  Rows Removed by Filter: 4523551
Planning time: 0.394 ms
Execution time: 1200.836 ms
