Hash Join  (cost=102767.86..244584.41 rows=2116765 width=0) (actual time=2678.656..6308.970 rows=2120110 loops=1)
  Hash Cond: (mk.movie_id = t.id)
  ->  Seq Scan on movie_keyword mk  (cost=0.00..81003.12 rows=2116765 width=4) (actual time=0.023..1673.809 rows=2120110 loops=1)
        Filter: (keyword_id < 3891)
        Rows Removed by Filter: 2403820
  ->  Hash  (cost=61283.27..61283.27 rows=2528527 width=4) (actual time=2677.431..2677.431 rows=2528312 loops=1)
        Buckets: 131072  Batches: 64  Memory Usage: 2425kB
        ->  Seq Scan on title t  (cost=0.00..61283.27 rows=2528527 width=4) (actual time=0.024..1081.061 rows=2528312 loops=1)
Planning time: 0.755 ms
Execution time: 6553.292 ms
