Hash Join  (cost=134509.76..502708.80 rows=354312 width=0) (actual time=2429.231..11094.729 rows=530527 loops=1)
  Hash Cond: (mi.movie_id = t.id)
  ->  Seq Scan on movie_info mi  (cost=0.00..309384.22 rows=14739122 width=4) (actual time=0.014..4611.082 rows=14835720 loops=1)
  ->  Hash  (cost=133749.97..133749.97 rows=60783 width=8) (actual time=2428.493..2428.493 rows=39736 loops=1)
        Buckets: 65536  Batches: 1  Memory Usage: 2065kB
        ->  Hash Join  (cost=70308.29..133749.97 rows=60783 width=8) (actual time=1068.342..2414.820 rows=39736 loops=1)
              Hash Cond: (mc.movie_id = t.id)
              ->  Seq Scan on movie_companies mc  (cost=0.00..51404.11 rows=932730 width=4) (actual time=0.287..951.313 rows=931897 loops=1)
                    Filter: (company_id < 3351)
                    Rows Removed by Filter: 1677232
              ->  Hash  (cost=67604.59..67604.59 rows=164776 width=4) (actual time=1066.716..1066.716 rows=164307 loops=1)
                    Buckets: 131072  Batches: 4  Memory Usage: 2482kB
                    ->  Seq Scan on title t  (cost=0.00..67604.59 rows=164776 width=4) (actual time=0.028..1009.798 rows=164307 loops=1)
                          Filter: (production_year = 2012)
                          Rows Removed by Filter: 2364005
Planning time: 1.297 ms
Execution time: 11165.609 ms
