Seq Scan on movie_keyword mk  (cost=0.00..81003.12 rows=246 width=0) (actual time=8.705..1295.217 rows=34 loops=1)
  Filter: (keyword_id = 23645)
  Rows Removed by Filter: 4523896
Planning time: 0.269 ms
Execution time: 1295.318 ms
