Nested Loop  (cost=0.43..798787.41 rows=324 width=0) (actual time=1954.654..13808.798 rows=122 loops=1)
  ->  Seq Scan on cast_info ci  (cost=0.00..796071.18 rows=324 width=4) (actual time=1954.537..13806.961 rows=122 loops=1)
        Filter: ((role_id > 1) AND (person_id = 2918353))
        Rows Removed by Filter: 36244222
  ->  Index Only Scan using title_pkey on title t  (cost=0.43..8.37 rows=1 width=4) (actual time=0.014..0.014 rows=1 loops=122)
        Index Cond: (id = ci.movie_id)
        Heap Fetches: 122
Planning time: 0.551 ms
Execution time: 13808.885 ms
