Hash Join  (cost=102602.93..853542.67 rows=15062 width=0) (actual time=1777.150..18064.573 rows=216980 loops=1)
  Hash Cond: (ci.movie_id = t.id)
  ->  Seq Scan on cast_info ci  (cost=0.00..614943.12 rows=36225612 width=4) (actual time=0.012..8460.343 rows=36244344 loops=1)
  ->  Hash  (cost=102589.79..102589.79 rows=1051 width=8) (actual time=1777.050..1777.050 rows=7662 loops=1)
        Buckets: 8192 (originally 2048)  Batches: 1 (originally 1)  Memory Usage: 364kB
        ->  Hash Join  (cost=73962.22..102589.79 rows=1051 width=8) (actual time=1108.592..1773.817 rows=7662 loops=1)
              Hash Cond: (mi_idx.movie_id = t.id)
              ->  Seq Scan on movie_info_idx mi_idx  (cost=0.00..25185.44 rows=915101 width=4) (actual time=0.029..502.591 rows=919850 loops=1)
                    Filter: (info_type_id < 101)
                    Rows Removed by Filter: 460185
              ->  Hash  (cost=73925.90..73925.90 rows=2905 width=4) (actual time=1108.059..1108.059 rows=8669 loops=1)
                    Buckets: 16384 (originally 4096)  Batches: 1 (originally 1)  Memory Usage: 433kB
                    ->  Seq Scan on title t  (cost=0.00..73925.90 rows=2905 width=4) (actual time=0.239..1103.929 rows=8669 loops=1)
                          Filter: ((kind_id < 7) AND (production_year = 1989))
                          Rows Removed by Filter: 2519643
Planning time: 1.179 ms
Execution time: 18099.563 ms
