Hash Join  (cost=155540.25..1395389.73 rows=11298007 width=0) (actual time=4939.543..46677.046 rows=26623180 loops=1)
  Hash Cond: (ci.movie_id = t.id)
  ->  Seq Scan on cast_info ci  (cost=0.00..705507.15 rows=36175266 width=4) (actual time=0.024..17811.748 rows=36177446 loops=1)
        Filter: (person_id < 4051577)
        Rows Removed by Filter: 66898
  ->  Hash  (cost=142584.10..142584.10 rows=789692 width=8) (actual time=4938.630..4938.630 rows=949108 loops=1)
        Buckets: 131072  Batches: 16  Memory Usage: 3351kB
        ->  Hash Join  (cost=91342.70..142584.10 rows=789692 width=8) (actual time=2889.153..4654.843 rows=949108 loops=1)
              Hash Cond: (mi_idx.movie_id = t.id)
              ->  Seq Scan on movie_info_idx mi_idx  (cost=0.00..21735.35 rows=1380035 width=4) (actual time=0.023..559.190 rows=1380035 loops=1)
              ->  Hash  (cost=67604.59..67604.59 rows=1446889 width=4) (actual time=2887.759..2887.759 rows=1443298 loops=1)
                    Buckets: 131072  Batches: 32  Memory Usage: 2608kB
                    ->  Seq Scan on title t  (cost=0.00..67604.59 rows=1446889 width=4) (actual time=0.015..1360.058 rows=1443298 loops=1)
                          Filter: (production_year < 2006)
                          Rows Removed by Filter: 1085014
Planning time: 1.181 ms
Execution time: 49555.536 ms
