Hash Join  (cost=82206.63..150307.30 rows=120738 width=0) (actual time=1637.460..2322.603 rows=152150 loops=1)
  Hash Cond: (mc.movie_id = t.id)
  ->  Seq Scan on movie_companies mc  (cost=0.00..57926.93 rows=604895 width=4) (actual time=410.624..887.604 rows=353082 loops=1)
        Filter: ((company_id > 11713) AND (company_type_id = 1))
        Rows Removed by Filter: 2256047
  ->  Hash  (cost=73925.90..73925.90 rows=504698 width=4) (actual time=1225.944..1225.944 rows=373632 loops=1)
        Buckets: 131072  Batches: 8  Memory Usage: 2673kB
        ->  Seq Scan on title t  (cost=0.00..73925.90 rows=504698 width=4) (actual time=154.534..1103.081 rows=373632 loops=1)
              Filter: ((kind_id < 2) AND (production_year > 1982))
              Rows Removed by Filter: 2154680
Planning time: 0.774 ms
Execution time: 2335.699 ms
