Hash Join  (cost=156487.41..1107602.34 rows=3320616 width=0) (actual time=3815.800..29137.374 rows=6641677 loops=1)
  Hash Cond: (ci.movie_id = t.id)
  ->  Seq Scan on cast_info ci  (cost=0.00..705507.15 rows=18214032 width=4) (actual time=0.014..13859.996 rows=18379594 loops=1)
        Filter: (person_id > 1770418)
        Rows Removed by Filter: 17864750
  ->  Hash  (cost=148924.19..148924.19 rows=460978 width=8) (actual time=3814.914..3814.914 rows=459925 loops=1)
        Buckets: 131072  Batches: 8  Memory Usage: 3275kB
        ->  Hash Join  (cost=102767.86..148924.19 rows=460978 width=8) (actual time=2425.531..3689.097 rows=459925 loops=1)
              Hash Cond: (mi_idx.movie_id = t.id)
              ->  Seq Scan on movie_info_idx mi_idx  (cost=0.00..25185.44 rows=460978 width=4) (actual time=0.028..505.688 rows=459925 loops=1)
                    Filter: (info_type_id = 99)
                    Rows Removed by Filter: 920110
              ->  Hash  (cost=61283.27..61283.27 rows=2528527 width=4) (actual time=2424.259..2424.259 rows=2528312 loops=1)
                    Buckets: 131072  Batches: 64  Memory Usage: 2415kB
                    ->  Seq Scan on title t  (cost=0.00..61283.27 rows=2528527 width=4) (actual time=0.028..1064.267 rows=2528312 loops=1)
Planning time: 0.864 ms
Execution time: 29950.525 ms
