Hash Join  (cost=83074.74..447745.01 rows=1434 width=0) (actual time=1444.134..7775.817 rows=3954 loops=1)
  Hash Cond: (mi.movie_id = t.id)
  ->  Seq Scan on movie_info mi  (cost=0.00..309384.22 rows=14739122 width=4) (actual time=0.017..3829.447 rows=14835720 loops=1)
  ->  Hash  (cost=83071.67..83071.67 rows=246 width=8) (actual time=1364.329..1364.329 rows=77 loops=1)
        Buckets: 1024  Batches: 1  Memory Usage: 12kB
        ->  Nested Loop  (cost=0.43..83071.67 rows=246 width=8) (actual time=39.720..1364.215 rows=77 loops=1)
              ->  Seq Scan on movie_keyword mk  (cost=0.00..81003.12 rows=246 width=4) (actual time=39.614..1360.667 rows=77 loops=1)
                    Filter: (keyword_id = 24718)
                    Rows Removed by Filter: 4523853
              ->  Index Only Scan using title_pkey on title t  (cost=0.43..8.40 rows=1 width=4) (actual time=0.040..0.041 rows=1 loops=77)
                    Index Cond: (id = mk.movie_id)
                    Heap Fetches: 77
Planning time: 1.163 ms
Execution time: 7776.808 ms
