Nested Loop  (cost=0.43..89435.35 rows=5218 width=0) (actual time=0.129..936.456 rows=4481 loops=1)
  ->  Seq Scan on movie_companies mc  (cost=0.00..51404.11 rows=5218 width=4) (actual time=0.077..829.731 rows=4481 loops=1)
        Filter: (company_id = 11373)
        Rows Removed by Filter: 2604648
  ->  Index Only Scan using title_pkey on title t  (cost=0.43..7.28 rows=1 width=4) (actual time=0.023..0.023 rows=1 loops=4481)
        Index Cond: (id = mc.movie_id)
        Heap Fetches: 4481
Planning time: 0.693 ms
Execution time: 937.542 ms
