Nested Loop  (cost=0.43..28266.72 rows=301 width=0) (actual time=235.071..451.524 rows=248 loops=1)
  ->  Seq Scan on movie_info_idx mi_idx  (cost=0.00..25185.44 rows=368 width=4) (actual time=235.009..444.793 rows=260 loops=1)
        Filter: (info_type_id > 101)
        Rows Removed by Filter: 1379775
  ->  Index Scan using title_pkey on title t  (cost=0.43..8.36 rows=1 width=4) (actual time=0.025..0.025 rows=1 loops=260)
        Index Cond: (id = mi_idx.movie_id)
        Filter: (production_year < 2011)
        Rows Removed by Filter: 0
Planning time: 2.718 ms
Execution time: 451.690 ms
