Hash Join  (cost=208778.14..1154058.45 rows=1262167 width=0) (actual time=12781.830..22481.948 rows=2810826 loops=1)
  Hash Cond: (ci.movie_id = t.id)
  ->  Seq Scan on cast_info ci  (cost=0.00..796071.18 rows=10568293 width=4) (actual time=7702.251..13397.784 rows=8109914 loops=1)
        Filter: ((person_id > 2322860) AND (role_id < 8))
        Rows Removed by Filter: 28134430
  ->  Hash  (cost=203823.38..203823.38 rows=301981 width=8) (actual time=5078.567..5078.567 rows=528814 loops=1)
        Buckets: 131072 (originally 131072)  Batches: 8 (originally 4)  Memory Usage: 3639kB
        ->  Hash Join  (cost=70592.26..203823.38 rows=301981 width=8) (actual time=1149.688..4925.793 rows=528814 loops=1)
              Hash Cond: (mk.movie_id = t.id)
              ->  Seq Scan on movie_keyword mk  (cost=0.00..81003.12 rows=4194181 width=4) (actual time=0.029..1886.330 rows=4195146 loops=1)
                    Filter: (keyword_id < 50159)
                    Rows Removed by Filter: 328784
              ->  Hash  (cost=67604.59..67604.59 rows=182054 width=4) (actual time=1145.631..1145.631 rows=180956 loops=1)
                    Buckets: 131072  Batches: 4  Memory Usage: 2618kB
                    ->  Seq Scan on title t  (cost=0.00..67604.59 rows=182054 width=4) (actual time=0.027..1081.516 rows=180956 loops=1)
                          Filter: (production_year < 1953)
                          Rows Removed by Filter: 2347356
Planning time: 1.187 ms
Execution time: 22781.089 ms
