Hash Join  (cost=102767.86..270203.46 rows=3181445 width=0) (actual time=2716.849..7262.047 rows=3170555 loops=1)
  Hash Cond: (mk.movie_id = t.id)
  ->  Seq Scan on movie_keyword mk  (cost=0.00..81003.12 rows=3181445 width=4) (actual time=0.025..1791.215 rows=3170555 loops=1)
        Filter: (keyword_id < 12472)
        Rows Removed by Filter: 1353375
  ->  Hash  (cost=61283.27..61283.27 rows=2528527 width=4) (actual time=2715.016..2715.016 rows=2528312 loops=1)
        Buckets: 131072  Batches: 64  Memory Usage: 2425kB
        ->  Seq Scan on title t  (cost=0.00..61283.27 rows=2528527 width=4) (actual time=0.016..1128.915 rows=2528312 loops=1)
Planning time: 0.794 ms
Execution time: 7634.323 ms
