Seq Scan on movie_keyword mk  (cost=0.00..81003.12 rows=246 width=0) (actual time=796.287..1268.242 rows=4 loops=1)
  Filter: (keyword_id = 118305)
  Rows Removed by Filter: 4523926
Planning time: 0.350 ms
Execution time: 1268.331 ms
