Seq Scan on movie_keyword mk  (cost=0.00..81003.12 rows=543122 width=0) (actual time=0.019..1244.637 rows=539068 loops=1)
  Filter: (keyword_id > 34084)
  Rows Removed by Filter: 3984862
Planning time: 0.311 ms
Execution time: 1313.229 ms
