Hash Join  (cost=160717.46..544061.23 rows=26397 width=0) (actual time=3075.932..10331.831 rows=18995 loops=1)
  Hash Cond: (mi.movie_id = t.id)
  ->  Seq Scan on movie_info mi  (cost=0.00..309384.22 rows=14739122 width=4) (actual time=0.009..4489.868 rows=14835720 loops=1)
  ->  Hash  (cost=160660.86..160660.86 rows=4528 width=8) (actual time=3072.443..3072.443 rows=1382 loops=1)
        Buckets: 8192  Batches: 1  Memory Usage: 118kB
        ->  Hash Join  (cost=73957.54..160660.86 rows=4528 width=8) (actual time=1162.109..3071.597 rows=1382 loops=1)
              Hash Cond: (mk.movie_id = t.id)
              ->  Seq Scan on movie_keyword mk  (cost=0.00..69693.30 rows=4523930 width=4) (actual time=0.005..1072.641 rows=4523930 loops=1)
              ->  Hash  (cost=73925.90..73925.90 rows=2531 width=4) (actual time=1154.535..1154.535 rows=5945 loops=1)
                    Buckets: 8192 (originally 4096)  Batches: 1 (originally 1)  Memory Usage: 274kB
                    ->  Seq Scan on title t  (cost=0.00..73925.90 rows=2531 width=4) (actual time=0.012..1151.757 rows=5945 loops=1)
                          Filter: ((kind_id < 4) AND (production_year = 1911))
                          Rows Removed by Filter: 2522367
Planning time: 1.229 ms
Execution time: 10338.014 ms
