Seq Scan on cast_info ci  (cost=0.00..796071.18 rows=1302456 width=0) (actual time=10868.907..13260.801 rows=1474440 loops=1)
  Filter: ((person_id > 1881784) AND (role_id = 4))
  Rows Removed by Filter: 34769904
Planning time: 0.285 ms
Execution time: 13446.659 ms
