Hash Join  (cost=83810.17..925993.94 rows=3353995 width=0) (actual time=1440.013..19211.296 rows=3500666 loops=1)
  Hash Cond: (ci.movie_id = t.id)
  ->  Seq Scan on cast_info ci  (cost=0.00..705507.15 rows=8586044 width=4) (actual time=0.015..12381.147 rows=8584179 loops=1)
        Filter: (person_id > 2829576)
        Rows Removed by Filter: 27660165
  ->  Hash  (cost=67604.59..67604.59 rows=987727 width=4) (actual time=1438.701..1438.701 rows=985048 loops=1)
        Buckets: 131072  Batches: 16  Memory Usage: 3188kB
        ->  Seq Scan on title t  (cost=0.00..67604.59 rows=987727 width=4) (actual time=0.023..1124.655 rows=985048 loops=1)
              Filter: (kind_id < 7)
              Rows Removed by Filter: 1543264
Planning time: 0.811 ms
Execution time: 19616.589 ms
