Seq Scan on movie_companies mc  (cost=0.00..57926.93 rows=525211 width=0) (actual time=0.023..922.797 rows=238229 loops=1)
  Filter: ((company_id > 14328) AND (company_type_id = 1))
  Rows Removed by Filter: 2370900
Planning time: 0.398 ms
Execution time: 951.182 ms
