Hash Join  (cost=513038.35..655941.51 rows=1779572 width=0) (actual time=9744.999..16005.859 rows=9735154 loops=1)
  Hash Cond: (mk.movie_id = t.id)
  ->  Seq Scan on movie_keyword mk  (cost=0.00..81003.12 rows=3362217 width=4) (actual time=0.021..1764.352 rows=3346045 loops=1)
        Filter: (keyword_id < 15855)
        Rows Removed by Filter: 1177885
  ->  Hash  (cost=491081.45..491081.45 rows=1338312 width=8) (actual time=9743.470..9743.470 rows=1401902 loops=1)
        Buckets: 131072  Batches: 32  Memory Usage: 2722kB
        ->  Hash Join  (cost=102767.86..491081.45 rows=1338312 width=8) (actual time=4015.133..9340.166 rows=1401902 loops=1)
              Hash Cond: (mi.movie_id = t.id)
              ->  Seq Scan on movie_info mi  (cost=0.00..346232.03 rows=1338312 width=4) (actual time=1889.683..5682.464 rows=1401902 loops=1)
                    Filter: (info_type_id = 7)
                    Rows Removed by Filter: 13433818
              ->  Hash  (cost=61283.27..61283.27 rows=2528527 width=4) (actual time=2124.003..2124.003 rows=2528312 loops=1)
                    Buckets: 131072  Batches: 64  Memory Usage: 2425kB
                    ->  Seq Scan on title t  (cost=0.00..61283.27 rows=2528527 width=4) (actual time=0.018..970.589 rows=2528312 loops=1)
Planning time: 1.221 ms
Execution time: 17153.420 ms
