Nested Loop  (cost=0.43..797958.22 rows=127 width=0) (actual time=11664.940..13484.307 rows=47 loops=1)
  ->  Seq Scan on cast_info ci  (cost=0.00..796071.18 rows=224 width=4) (actual time=11664.761..13482.467 rows=47 loops=1)
        Filter: ((role_id > 2) AND (person_id = 821730))
        Rows Removed by Filter: 36244297
  ->  Index Scan using title_pkey on title t  (cost=0.43..8.41 rows=1 width=4) (actual time=0.037..0.037 rows=1 loops=47)
        Index Cond: (id = ci.movie_id)
        Filter: (production_year > 1999)
Planning time: 0.864 ms
Execution time: 13484.431 ms
