Hash Join  (cost=100972.04..161244.51 rows=2786 width=0) (actual time=1762.587..3236.207 rows=18351 loops=1)
  Hash Cond: (mc.movie_id = t.id)
  ->  Seq Scan on movie_companies mc  (cost=0.00..51404.11 rows=2357465 width=4) (actual time=0.010..1064.008 rows=2360568 loops=1)
        Filter: (company_id > 115)
        Rows Removed by Filter: 248561
  ->  Hash  (cost=100934.69..100934.69 rows=2988 width=8) (actual time=1762.318..1762.318 rows=10692 loops=1)
        Buckets: 16384 (originally 4096)  Batches: 1 (originally 1)  Memory Usage: 546kB
        ->  Hash Join  (cost=73994.33..100934.69 rows=2988 width=8) (actual time=1140.634..1758.018 rows=10692 loops=1)
              Hash Cond: (mi_idx.movie_id = t.id)
              ->  Seq Scan on movie_info_idx mi_idx  (cost=0.00..21735.35 rows=1380035 width=4) (actual time=0.014..312.253 rows=1380035 loops=1)
              ->  Hash  (cost=73925.90..73925.90 rows=5474 width=4) (actual time=1140.189..1140.189 rows=18793 loops=1)
                    Buckets: 32768 (originally 8192)  Batches: 1 (originally 1)  Memory Usage: 917kB
                    ->  Seq Scan on title t  (cost=0.00..73925.90 rows=5474 width=4) (actual time=0.087..1131.532 rows=18793 loops=1)
                          Filter: ((kind_id > 1) AND (production_year = 1991))
                          Rows Removed by Filter: 2509519
Planning time: 1.286 ms
Execution time: 3239.228 ms
