Seq Scan on movie_companies mc  (cost=0.00..51404.11 rows=223757 width=0) (actual time=0.021..815.350 rows=225176 loops=1)
  Filter: (company_id > 106615)
  Rows Removed by Filter: 2383953
Planning time: 0.353 ms
Execution time: 844.757 ms
