Seq Scan on cast_info ci  (cost=0.00..796071.18 rows=3707946 width=0) (actual time=0.027..12349.023 rows=7481959 loops=1)
  Filter: ((person_id < 1020490) AND (role_id = 1))
  Rows Removed by Filter: 28762385
Planning time: 0.425 ms
Execution time: 13278.350 ms
