Hash Join  (cost=132723.69..1016916.39 rows=1110629 width=0) (actual time=2896.233..18854.816 rows=1127525 loops=1)
  Hash Cond: (ci.movie_id = t.id)
  ->  Seq Scan on cast_info ci  (cost=0.00..796071.18 rows=6514994 width=4) (actual time=0.015..14250.910 rows=3079437 loops=1)
        Filter: ((person_id < 2820297) AND (role_id > 5))
        Rows Removed by Filter: 33164907
  ->  Hash  (cost=125651.63..125651.63 rows=431045 width=8) (actual time=2895.072..2895.072 rows=311149 loops=1)
        Buckets: 131072  Batches: 8  Memory Usage: 2532kB
        ->  Hash Join  (cost=80562.70..125651.63 rows=431045 width=8) (actual time=1464.398..2793.848 rows=311149 loops=1)
              Hash Cond: (mi_idx.movie_id = t.id)
              ->  Seq Scan on movie_info_idx mi_idx  (cost=0.00..21735.35 rows=1380035 width=4) (actual time=0.013..478.070 rows=1380035 loops=1)
              ->  Hash  (cost=67604.59..67604.59 rows=789769 width=4) (actual time=1462.878..1462.878 rows=784926 loops=1)
                    Buckets: 131072  Batches: 16  Memory Usage: 2749kB
                    ->  Seq Scan on title t  (cost=0.00..67604.59 rows=789769 width=4) (actual time=0.030..1198.504 rows=784926 loops=1)
                          Filter: (production_year > 2007)
                          Rows Removed by Filter: 1743386
Planning time: 1.195 ms
Execution time: 18987.030 ms
