Hash Join  (cost=67697.55..128687.97 rows=2384 width=0) (actual time=998.191..2211.452 rows=8575 loops=1)
  Hash Cond: (mc.movie_id = t.id)
  ->  Seq Scan on movie_companies mc  (cost=0.00..57926.93 rows=810571 width=4) (actual time=0.032..1004.290 rows=1026145 loops=1)
        Filter: ((company_id > 5316) AND (company_type_id = 2))
        Rows Removed by Filter: 1582984
  ->  Hash  (cost=67604.59..67604.59 rows=7437 width=4) (actual time=998.071..998.071 rows=21312 loops=1)
        Buckets: 32768 (originally 8192)  Batches: 1 (originally 1)  Memory Usage: 1006kB
        ->  Seq Scan on title t  (cost=0.00..67604.59 rows=7437 width=4) (actual time=0.242..988.210 rows=21312 loops=1)
              Filter: (production_year = 1989)
              Rows Removed by Filter: 2507000
Planning time: 14.986 ms
Execution time: 2213.192 ms
