Nested Loop  (cost=0.43..797555.70 rows=176 width=0) (actual time=8563.121..12475.078 rows=196 loops=1)
  ->  Seq Scan on cast_info ci  (cost=0.00..796071.18 rows=176 width=4) (actual time=8562.923..12468.141 rows=196 loops=1)
        Filter: ((role_id < 2) AND (person_id = 897535))
        Rows Removed by Filter: 36244148
  ->  Index Only Scan using title_pkey on title t  (cost=0.43..8.42 rows=1 width=4) (actual time=0.034..0.034 rows=1 loops=196)
        Index Cond: (id = ci.movie_id)
        Heap Fetches: 196
Planning time: 0.736 ms
Execution time: 12475.218 ms
