Hash Join  (cost=288668.34..1164626.98 rows=6777022 width=0) (actual time=14956.893..29000.224 rows=18473390 loops=1)
  Hash Cond: (ci.movie_id = t.id)
  ->  Seq Scan on cast_info ci  (cost=0.00..705507.15 rows=7298253 width=4) (actual time=7787.861..12870.317 rows=7451973 loops=1)
        Filter: (role_id = 2)
        Rows Removed by Filter: 28792371
  ->  Hash  (cost=250147.06..250147.06 rows=2347943 width=8) (actual time=7168.082..7168.082 rows=2347155 loops=1)
        Buckets: 131072  Batches: 32  Memory Usage: 3871kB
        ->  Hash Join  (cost=102767.86..250147.06 rows=2347943 width=8) (actual time=1981.835..6499.430 rows=2347155 loops=1)
              Hash Cond: (mk.movie_id = t.id)
              ->  Seq Scan on movie_keyword mk  (cost=0.00..81003.12 rows=2347943 width=4) (actual time=0.035..1668.067 rows=2347155 loops=1)
                    Filter: (keyword_id > 4271)
                    Rows Removed by Filter: 2176775
              ->  Hash  (cost=61283.27..61283.27 rows=2528527 width=4) (actual time=1979.836..1979.836 rows=2528312 loops=1)
                    Buckets: 131072  Batches: 64  Memory Usage: 2425kB
                    ->  Seq Scan on title t  (cost=0.00..61283.27 rows=2528527 width=4) (actual time=0.014..1100.353 rows=2528312 loops=1)
Planning time: 1.186 ms
Execution time: 31053.739 ms
