Seq Scan on movie_keyword mk  (cost=0.00..81003.12 rows=3701105 width=0) (actual time=0.010..1484.017 rows=3692191 loops=1)
  Filter: (keyword_id < 22136)
  Rows Removed by Filter: 831739
Planning time: 0.255 ms
Execution time: 1928.299 ms
