Nested Loop  (cost=0.43..83072.90 rows=78 width=0) (actual time=15.635..1198.796 rows=154 loops=1)
  ->  Seq Scan on movie_keyword mk  (cost=0.00..81003.12 rows=246 width=4) (actual time=9.175..1189.577 rows=263 loops=1)
        Filter: (keyword_id = 3300)
        Rows Removed by Filter: 4523667
  ->  Index Scan using title_pkey on title t  (cost=0.43..8.40 rows=1 width=4) (actual time=0.032..0.032 rows=1 loops=263)
        Index Cond: (id = mk.movie_id)
        Filter: ((kind_id < 7) AND (production_year > 1971))
        Rows Removed by Filter: 0
Planning time: 0.518 ms
Execution time: 1198.977 ms
