Hash Join  (cost=93117.31..238267.11 rows=1883357 width=0) (actual time=1701.484..5409.996 rows=2336501 loops=1)
  Hash Cond: (mk.movie_id = t.id)
  ->  Seq Scan on movie_keyword mk  (cost=0.00..81003.12 rows=3062420 width=4) (actual time=2.129..1535.536 rows=3052113 loops=1)
        Filter: (keyword_id < 11185)
        Rows Removed by Filter: 1471817
  ->  Hash  (cost=67604.59..67604.59 rows=1555018 width=4) (actual time=1698.115..1698.115 rows=1551727 loops=1)
        Buckets: 131072  Batches: 32  Memory Usage: 2736kB
        ->  Seq Scan on title t  (cost=0.00..67604.59 rows=1555018 width=4) (actual time=0.019..1179.810 rows=1551727 loops=1)
              Filter: (production_year < 2007)
              Rows Removed by Filter: 976585
Planning time: 0.526 ms
Execution time: 5682.595 ms
