Hash Join  (cost=128699.39..493537.13 rows=18181 width=0) (actual time=2101.285..8685.236 rows=12056 loops=1)
  Hash Cond: (mi.movie_id = t.id)
  ->  Seq Scan on movie_info mi  (cost=0.00..309384.22 rows=14739122 width=4) (actual time=0.022..3733.654 rows=14835720 loops=1)
  ->  Hash  (cost=128660.41..128660.41 rows=3119 width=8) (actual time=2100.480..2100.480 rows=1569 loops=1)
        Buckets: 4096  Batches: 1  Memory Usage: 94kB
        ->  Hash Join  (cost=73963.69..128660.41 rows=3119 width=8) (actual time=985.957..2099.505 rows=1569 loops=1)
              Hash Cond: (mc.movie_id = t.id)
              ->  Seq Scan on movie_companies mc  (cost=0.00..44881.29 rows=2609129 width=4) (actual time=0.022..628.691 rows=2609129 loops=1)
              ->  Hash  (cost=73925.90..73925.90 rows=3023 width=4) (actual time=985.633..985.633 rows=1148 loops=1)
                    Buckets: 4096  Batches: 1  Memory Usage: 73kB
                    ->  Seq Scan on title t  (cost=0.00..73925.90 rows=3023 width=4) (actual time=242.484..984.975 rows=1148 loops=1)
                          Filter: ((production_year > 2012) AND (kind_id = 4))
                          Rows Removed by Filter: 2527164
Planning time: 1.179 ms
Execution time: 8687.808 ms
