Hash Join  (cost=221628.92..374644.74 rows=2545578 width=0) (actual time=4735.017..12379.544 rows=17264207 loops=1)
  Hash Cond: (mk.movie_id = t.id)
  ->  Seq Scan on movie_keyword mk  (cost=0.00..69693.30 rows=4523930 width=4) (actual time=0.013..1442.705 rows=4523930 loops=1)
  ->  Hash  (cost=198286.16..198286.16 rows=1422781 width=8) (actual time=4732.454..4732.454 rows=1428262 loops=1)
        Buckets: 131072  Batches: 32  Memory Usage: 2808kB
        ->  Hash Join  (cost=102767.86..198286.16 rows=1422781 width=8) (actual time=1838.152..4341.818 rows=1428262 loops=1)
              Hash Cond: (mc.movie_id = t.id)
              ->  Seq Scan on movie_companies mc  (cost=0.00..51404.11 rows=1422781 width=4) (actual time=0.029..944.976 rows=1428262 loops=1)
                    Filter: (company_id > 10214)
                    Rows Removed by Filter: 1180867
              ->  Hash  (cost=61283.27..61283.27 rows=2528527 width=4) (actual time=1836.663..1836.663 rows=2528312 loops=1)
                    Buckets: 131072  Batches: 64  Memory Usage: 2415kB
                    ->  Seq Scan on title t  (cost=0.00..61283.27 rows=2528527 width=4) (actual time=0.218..992.809 rows=2528312 loops=1)
Planning time: 1.162 ms
Execution time: 14337.162 ms
