Seq Scan on movie_keyword mk  (cost=0.00..81003.12 rows=246 width=0) (actual time=0.022..1166.920 rows=923 loops=1)
  Filter: (keyword_id = 11575)
  Rows Removed by Filter: 4523007
Planning time: 0.335 ms
Execution time: 1167.327 ms
