Hash Join  (cost=184472.09..333009.23 rows=2177910 width=0) (actual time=3923.884..9605.114 rows=8778526 loops=1)
  Hash Cond: (mk.movie_id = t.id)
  ->  Seq Scan on movie_keyword mk  (cost=0.00..69693.30 rows=4523930 width=4) (actual time=0.019..1315.129 rows=4523930 loops=1)
  ->  Hash  (cost=164500.05..164500.05 rows=1217283 width=8) (actual time=3922.757..3922.757 rows=1253924 loops=1)
        Buckets: 131072 (originally 131072)  Batches: 32 (originally 16)  Memory Usage: 3073kB
        ->  Hash Join  (cost=104196.70..164500.05 rows=1217283 width=8) (actual time=1914.247..3594.606 rows=1253924 loops=1)
              Hash Cond: (mi_idx.movie_id = t.id)
              ->  Seq Scan on movie_info_idx mi_idx  (cost=0.00..21735.35 rows=1380035 width=4) (actual time=0.020..418.529 rows=1380035 loops=1)
              ->  Hash  (cost=67604.59..67604.59 rows=2230329 width=4) (actual time=1913.117..1913.117 rows=2225335 loops=1)
                    Buckets: 131072  Batches: 32  Memory Usage: 3472kB
                    ->  Seq Scan on title t  (cost=0.00..67604.59 rows=2230329 width=4) (actual time=0.010..1216.732 rows=2225335 loops=1)
                          Filter: (production_year > 1958)
                          Rows Removed by Filter: 302977
Planning time: 1.740 ms
Execution time: 10688.015 ms
