Hash Join  (cost=74478.21..897950.53 rows=525219 width=0) (actual time=967.739..21505.930 rows=472589 loops=1)
  Hash Cond: (ci.movie_id = t.id)
  ->  Seq Scan on cast_info ci  (cost=0.00..705507.15 rows=30056795 width=4) (actual time=0.018..12416.341 rows=30005246 loops=1)
        Filter: (person_id < 3027461)
        Rows Removed by Filter: 6239098
  ->  Hash  (cost=73925.90..73925.90 rows=44184 width=4) (actual time=967.352..967.352 rows=35489 loops=1)
        Buckets: 65536  Batches: 1  Memory Usage: 1760kB
        ->  Seq Scan on title t  (cost=0.00..73925.90 rows=44184 width=4) (actual time=0.031..952.988 rows=35489 loops=1)
              Filter: ((kind_id < 7) AND (production_year = 2007))
              Rows Removed by Filter: 2492823
Planning time: 0.845 ms
Execution time: 21578.405 ms
