Seq Scan on cast_info ci  (cost=0.00..796071.18 rows=5661065 width=0) (actual time=0.024..13959.154 rows=7451973 loops=1)
  Filter: ((person_id < 2872337) AND (role_id = 2))
  Rows Removed by Filter: 28792371
Planning time: 0.436 ms
Execution time: 14836.552 ms
