Hash Join  (cost=83074.74..109986.57 rows=134 width=0) (actual time=1136.590..1650.600 rows=695 loops=1)
  Hash Cond: (mi_idx.movie_id = t.id)
  ->  Seq Scan on movie_info_idx mi_idx  (cost=0.00..21735.35 rows=1380035 width=4) (actual time=0.009..260.155 rows=1380035 loops=1)
  ->  Hash  (cost=83071.67..83071.67 rows=246 width=8) (actual time=1135.653..1135.653 rows=248 loops=1)
        Buckets: 1024  Batches: 1  Memory Usage: 18kB
        ->  Nested Loop  (cost=0.43..83071.67 rows=246 width=8) (actual time=8.253..1135.381 rows=248 loops=1)
              ->  Seq Scan on movie_keyword mk  (cost=0.00..81003.12 rows=246 width=4) (actual time=8.176..1127.848 rows=248 loops=1)
                    Filter: (keyword_id = 243)
                    Rows Removed by Filter: 4523682
              ->  Index Only Scan using title_pkey on title t  (cost=0.43..8.40 rows=1 width=4) (actual time=0.027..0.028 rows=1 loops=248)
                    Index Cond: (id = mk.movie_id)
                    Heap Fetches: 248
Planning time: 1.114 ms
Execution time: 1650.887 ms
