Seq Scan on cast_info ci  (cost=0.00..705507.15 rows=500 width=0) (actual time=8479.295..10027.294 rows=33 loops=1)
  Filter: (person_id = 384282)
  Rows Removed by Filter: 36244311
Planning time: 3.576 ms
Execution time: 10027.446 ms
