Seq Scan on cast_info ci  (cost=0.00..796071.18 rows=8614852 width=0) (actual time=231.647..11877.381 rows=3671376 loops=1)
  Filter: ((person_id < 1306294) AND (role_id > 1))
  Rows Removed by Filter: 32572968
Planning time: 0.349 ms
Execution time: 12352.882 ms
