Hash Join  (cost=83072.94..440810.73 rows=3 width=0) (actual time=3735.861..6445.134 rows=27 loops=1)
  Hash Cond: (mi.movie_id = t.id)
  ->  Seq Scan on movie_info mi  (cost=0.00..346232.03 rows=3068194 width=4) (actual time=1891.075..4785.042 rows=3036719 loops=1)
        Filter: (info_type_id = 16)
        Rows Removed by Filter: 11799001
  ->  Hash  (cost=83072.90..83072.90 rows=3 width=8) (actual time=1234.023..1234.023 rows=3 loops=1)
        Buckets: 1024  Batches: 1  Memory Usage: 9kB
        ->  Nested Loop  (cost=0.43..83072.90 rows=3 width=8) (actual time=387.337..1234.007 rows=3 loops=1)
              ->  Seq Scan on movie_keyword mk  (cost=0.00..81003.12 rows=246 width=4) (actual time=0.827..1203.463 rows=274 loops=1)
                    Filter: (keyword_id = 1548)
                    Rows Removed by Filter: 4523656
              ->  Index Scan using title_pkey on title t  (cost=0.43..8.40 rows=1 width=4) (actual time=0.109..0.109 rows=0 loops=274)
                    Index Cond: (id = mk.movie_id)
                    Filter: ((kind_id < 7) AND (production_year = 2003))
                    Rows Removed by Filter: 1
Planning time: 1.229 ms
Execution time: 6445.308 ms
