Seq Scan on cast_info ci  (cost=0.00..796071.18 rows=2521521 width=0) (actual time=6387.517..13263.157 rows=2728943 loops=1)
  Filter: ((person_id < 3520818) AND (role_id = 4))
  Rows Removed by Filter: 33515401
Planning time: 1.486 ms
Execution time: 13583.082 ms
