Seq Scan on movie_keyword mk  (cost=0.00..81003.12 rows=1093013 width=0) (actual time=0.019..1485.386 rows=1097253 loops=1)
  Filter: (keyword_id < 1125)
  Rows Removed by Filter: 3426677
Planning time: 0.339 ms
Execution time: 1627.208 ms
