Hash Join  (cost=93117.31..214494.91 rows=1112368 width=0) (actual time=1632.912..4562.271 rows=1352495 loops=1)
  Hash Cond: (mk.movie_id = t.id)
  ->  Seq Scan on movie_keyword mk  (cost=0.00..81003.12 rows=1808759 width=4) (actual time=0.016..1435.203 rows=1809507 loops=1)
        Filter: (keyword_id > 7672)
        Rows Removed by Filter: 2714423
  ->  Hash  (cost=67604.59..67604.59 rows=1555018 width=4) (actual time=1631.849..1631.849 rows=1551727 loops=1)
        Buckets: 131072  Batches: 32  Memory Usage: 2736kB
        ->  Seq Scan on title t  (cost=0.00..67604.59 rows=1555018 width=4) (actual time=0.019..1130.901 rows=1551727 loops=1)
              Filter: (production_year < 2007)
              Rows Removed by Filter: 976585
Planning time: 0.722 ms
Execution time: 4732.783 ms
