Hash Join  (cost=466354.87..528160.26 rows=57514 width=0) (actual time=7238.270..8491.515 rows=311162 loops=1)
  Hash Cond: (mc.movie_id = t.id)
  ->  Seq Scan on movie_companies mc  (cost=0.00..51404.11 rows=787236 width=4) (actual time=0.030..829.404 rows=795159 loops=1)
        Filter: (company_id > 31126)
        Rows Removed by Filter: 1813970
  ->  Hash  (cost=463323.74..463323.74 rows=184730 width=8) (actual time=7236.997..7236.997 rows=180112 loops=1)
        Buckets: 131072  Batches: 4  Memory Usage: 2749kB
        ->  Hash Join  (cost=102767.86..463323.74 rows=184730 width=8) (actual time=2439.665..7182.625 rows=180112 loops=1)
              Hash Cond: (mi.movie_id = t.id)
              ->  Seq Scan on movie_info mi  (cost=0.00..346232.03 rows=184730 width=4) (actual time=678.029..4872.288 rows=180112 loops=1)
                    Filter: (info_type_id = 13)
                    Rows Removed by Filter: 14655608
              ->  Hash  (cost=61283.27..61283.27 rows=2528527 width=4) (actual time=1744.310..1744.310 rows=2528312 loops=1)
                    Buckets: 131072  Batches: 64  Memory Usage: 2425kB
                    ->  Seq Scan on title t  (cost=0.00..61283.27 rows=2528527 width=4) (actual time=0.024..881.303 rows=2528312 loops=1)
Planning time: 0.960 ms
Execution time: 8531.696 ms
