Nested Loop  (cost=0.43..83072.90 rows=54 width=0) (actual time=3.326..1196.662 rows=64 loops=1)
  ->  Seq Scan on movie_keyword mk  (cost=0.00..81003.12 rows=246 width=4) (actual time=3.287..1184.873 rows=242 loops=1)
        Filter: (keyword_id = 8650)
        Rows Removed by Filter: 4523688
  ->  Index Scan using title_pkey on title t  (cost=0.43..8.40 rows=1 width=4) (actual time=0.046..0.046 rows=0 loops=242)
        Index Cond: (id = mk.movie_id)
        Filter: ((kind_id < 7) AND (production_year > 1999))
        Rows Removed by Filter: 1
Planning time: 0.749 ms
Execution time: 1196.827 ms
