Hash Join  (cost=283635.21..1131273.23 rows=8044409 width=219) (actual time=2026.620..11442.457 rows=20885030 loops=1)
  Hash Cond: (mi.movie_id = t.id)
  ->  Seq Scan on movie_info mi  (cost=0.00..309384.22 rows=14739122 width=75) (actual time=0.017..1247.144 rows=14835720 loops=1)
  ->  Hash  (cost=238082.78..238082.78 rows=1380035 width=144) (actual time=2026.144..2026.144 rows=1380035 loops=1)
        Buckets: 32768  Batches: 64  Memory Usage: 3138kB
        ->  Hash Join  (cost=129928.86..238082.78 rows=1380035 width=144) (actual time=720.973..1649.732 rows=1380035 loops=1)
              Hash Cond: (mi_idx.movie_id = t.id)
              ->  Seq Scan on movie_info_idx mi_idx  (cost=0.00..21735.35 rows=1380035 width=50) (actual time=0.011..97.645 rows=1380035 loops=1)
              ->  Hash  (cost=61283.27..61283.27 rows=2528527 width=94) (actual time=720.657..720.657 rows=2528312 loops=1)
                    Buckets: 32768  Batches: 128  Memory Usage: 2453kB
                    ->  Seq Scan on title t  (cost=0.00..61283.27 rows=2528527 width=94) (actual time=0.010..272.096 rows=2528312 loops=1)
Planning time: 0.723 ms
Execution time: 11975.622 ms
