Hash Join  (cost=78476.71..889135.06 rows=116980 width=0) (actual time=4156.429..13301.753 rows=70405 loops=1)
  Hash Cond: (ci.movie_id = t.id)
  ->  Seq Scan on cast_info ci  (cost=0.00..796071.18 rows=1066499 width=4) (actual time=3004.963..10919.642 rows=3217623 loops=1)
        Filter: ((person_id > 3470041) AND (role_id > 3))
        Rows Removed by Filter: 33026721
  ->  Hash  (cost=73925.90..73925.90 rows=277344 width=4) (actual time=1150.218..1150.218 rows=169544 loops=1)
        Buckets: 131072  Batches: 4  Memory Usage: 2513kB
        ->  Seq Scan on title t  (cost=0.00..73925.90 rows=277344 width=4) (actual time=78.184..1092.134 rows=169544 loops=1)
              Filter: ((production_year < 1976) AND (kind_id = 7))
              Rows Removed by Filter: 2358768
Planning time: 1.082 ms
Execution time: 13309.679 ms
