Hash Join  (cost=153934.73..1012421.98 rows=541238 width=0) (actual time=3400.482..22256.337 rows=522711 loops=1)
  Hash Cond: (ci.movie_id = t.id)
  ->  Seq Scan on cast_info ci  (cost=0.00..705507.15 rows=12726058 width=4) (actual time=367.184..14754.034 rows=12670688 loops=1)
        Filter: (role_id = 1)
        Rows Removed by Filter: 23573656
  ->  Hash  (cost=152169.51..152169.51 rows=107538 width=8) (actual time=3032.487..3032.487 rows=66403 loops=1)
        Buckets: 131072  Batches: 2  Memory Usage: 2319kB
        ->  Hash Join  (cost=75636.60..152169.51 rows=107538 width=8) (actual time=1205.911..3008.183 rows=66403 loops=1)
              Hash Cond: (mc.movie_id = t.id)
              ->  Seq Scan on movie_companies mc  (cost=0.00..44881.29 rows=2609129 width=4) (actual time=0.037..844.142 rows=2609129 loops=1)
              ->  Hash  (cost=73925.90..73925.90 rows=104216 width=4) (actual time=1205.107..1205.107 rows=108513 loops=1)
                    Buckets: 131072  Batches: 2  Memory Usage: 2931kB
                    ->  Seq Scan on title t  (cost=0.00..73925.90 rows=104216 width=4) (actual time=0.027..1163.625 rows=108513 loops=1)
                          Filter: ((kind_id > 1) AND (production_year = 2010))
                          Rows Removed by Filter: 2419799
Planning time: 1.180 ms
Execution time: 22319.819 ms
