Nested Loop  (cost=0.43..52283.95 rows=5 width=0) (actual time=135.629..851.148 rows=18 loops=1)
  ->  Seq Scan on movie_companies mc  (cost=0.00..51404.11 rows=104 width=4) (actual time=135.500..839.070 rows=424 loops=1)
        Filter: (company_id = 11420)
        Rows Removed by Filter: 2608705
  ->  Index Scan using title_pkey on title t  (cost=0.43..8.45 rows=1 width=4) (actual time=0.027..0.027 rows=0 loops=424)
        Index Cond: (id = mc.movie_id)
        Filter: (production_year = 2007)
        Rows Removed by Filter: 1
Planning time: 0.779 ms
Execution time: 851.265 ms
