Seq Scan on cast_info ci  (cost=0.00..705507.15 rows=1851734 width=0) (actual time=901.801..10637.529 rows=1779878 loops=1)
  Filter: (person_id < 176984)
  Rows Removed by Filter: 34464466
Planning time: 0.322 ms
Execution time: 10856.574 ms
