Seq Scan on cast_info ci  (cost=0.00..705507.15 rows=15267835 width=0) (actual time=404.630..11175.705 rows=15410017 loops=1)
  Filter: (person_id > 2099327)
  Rows Removed by Filter: 20834327
Planning time: 0.351 ms
Execution time: 13120.126 ms
