Hash Join  (cost=425260.76..1176311.39 rows=26146 width=0) (actual time=6037.781..21492.183 rows=37743 loops=1)
  Hash Cond: (ci.movie_id = t.id)
  ->  Seq Scan on cast_info ci  (cost=0.00..614943.12 rows=36225612 width=4) (actual time=0.019..8162.656 rows=36244344 loops=1)
  ->  Hash  (cost=425237.95..425237.95 rows=1825 width=8) (actual time=6035.432..6035.432 rows=966 loops=1)
        Buckets: 2048  Batches: 1  Memory Usage: 54kB
        ->  Hash Join  (cost=73969.01..425237.95 rows=1825 width=8) (actual time=3632.179..6034.857 rows=966 loops=1)
              Hash Cond: (mi.movie_id = t.id)
              ->  Seq Scan on movie_info mi  (cost=0.00..346232.03 rows=1338312 width=4) (actual time=2574.122..4922.347 rows=1401902 loops=1)
                    Filter: (info_type_id = 7)
                    Rows Removed by Filter: 13433818
              ->  Hash  (cost=73925.90..73925.90 rows=3448 width=4) (actual time=889.313..889.313 rows=3637 loops=1)
                    Buckets: 4096  Batches: 1  Memory Usage: 160kB
                    ->  Seq Scan on title t  (cost=0.00..73925.90 rows=3448 width=4) (actual time=0.078..887.526 rows=3637 loops=1)
                          Filter: ((kind_id = 3) AND (production_year = 2004))
                          Rows Removed by Filter: 2524675
Planning time: 1.234 ms
Execution time: 21500.013 ms
