Seq Scan on movie_companies mc  (cost=0.00..57926.93 rows=3368 width=0) (actual time=333.390..818.471 rows=4689 loops=1)
  Filter: ((company_type_id > 1) AND (company_id = 7851))
  Rows Removed by Filter: 2604440
Planning time: 2.163 ms
Execution time: 819.464 ms
