Hash Join  (cost=74329.67..829746.52 rows=462769 width=0) (actual time=1023.515..16472.039 rows=73382 loops=1)
  Hash Cond: (ci.movie_id = t.id)
  ->  Seq Scan on cast_info ci  (cost=0.00..614943.12 rows=36225612 width=4) (actual time=0.018..7862.495 rows=36244344 loops=1)
  ->  Hash  (cost=73925.90..73925.90 rows=32301 width=4) (actual time=1022.383..1022.383 rows=5892 loops=1)
        Buckets: 32768  Batches: 1  Memory Usage: 464kB
        ->  Seq Scan on title t  (cost=0.00..73925.90 rows=32301 width=4) (actual time=88.538..1019.556 rows=5892 loops=1)
              Filter: ((production_year < 1991) AND (kind_id = 4))
              Rows Removed by Filter: 2522420
Planning time: 0.759 ms
Execution time: 16485.868 ms
