Hash Join  (cost=85303.03..222420.97 rows=1240690 width=0) (actual time=1266.219..5276.691 rows=2310238 loops=1)
  Hash Cond: (mk.movie_id = t.id)
  ->  Seq Scan on movie_keyword mk  (cost=0.00..69693.30 rows=4523930 width=4) (actual time=0.013..1301.058 rows=4523930 loops=1)
  ->  Hash  (cost=73925.90..73925.90 rows=693450 width=4) (actual time=1264.918..1264.918 rows=595167 loops=1)
        Buckets: 131072  Batches: 16  Memory Usage: 2338kB
        ->  Seq Scan on title t  (cost=0.00..73925.90 rows=693450 width=4) (actual time=0.029..1060.909 rows=595167 loops=1)
              Filter: ((kind_id < 7) AND (production_year > 1989))
              Rows Removed by Filter: 1933145
Planning time: 0.720 ms
Execution time: 5565.318 ms
