Seq Scan on title t  (cost=0.00..73925.90 rows=32041 width=0) (actual time=4.120..975.614 rows=125355 loops=1)
  Filter: ((kind_id < 2) AND (production_year < 1934))
  Rows Removed by Filter: 2402957
Planning time: 0.240 ms
Execution time: 992.478 ms
