Hash Join  (cost=467854.67..611132.81 rows=986566 width=0) (actual time=8518.585..14033.274 rows=9519463 loops=1)
  Hash Cond: (mk.movie_id = t.id)
  ->  Seq Scan on movie_keyword mk  (cost=0.00..81003.12 rows=4338228 width=4) (actual time=0.026..1835.534 rows=4334039 loops=1)
        Filter: (keyword_id < 70968)
        Rows Removed by Filter: 189891
  ->  Hash  (cost=458419.94..458419.94 rows=575018 width=8) (actual time=8517.389..8517.389 rows=454904 loops=1)
        Buckets: 131072  Batches: 8  Memory Usage: 3313kB
        ->  Hash Join  (cost=78473.92..458419.94 rows=575018 width=8) (actual time=1517.300..8384.862 rows=454904 loops=1)
              Hash Cond: (mi.movie_id = t.id)
              ->  Seq Scan on movie_info mi  (cost=0.00..346232.03 rows=2194617 width=4) (actual time=0.023..5694.349 rows=2233850 loops=1)
                    Filter: (info_type_id > 16)
                    Rows Removed by Filter: 12601870
              ->  Hash  (cost=67604.59..67604.59 rows=662507 width=4) (actual time=1461.858..1461.858 rows=662065 loops=1)
                    Buckets: 131072  Batches: 16  Memory Usage: 2487kB
                    ->  Seq Scan on title t  (cost=0.00..67604.59 rows=662507 width=4) (actual time=0.024..1232.436 rows=662065 loops=1)
                          Filter: (production_year > 2008)
                          Rows Removed by Filter: 1866247
Planning time: 1.254 ms
Execution time: 15043.874 ms
