Hash Join  (cost=101489.21..226436.87 rows=1396689 width=0) (actual time=1950.016..4799.455 rows=1581897 loops=1)
  Hash Cond: (mk.movie_id = t.id)
  ->  Seq Scan on movie_keyword mk  (cost=0.00..81003.12 rows=1709928 width=4) (actual time=0.020..1463.548 rows=1715685 loops=1)
        Filter: (keyword_id > 8286)
        Rows Removed by Filter: 2808245
  ->  Hash  (cost=67604.59..67604.59 rows=2065330 width=4) (actual time=1949.323..1949.323 rows=2064552 loops=1)
        Buckets: 131072  Batches: 32  Memory Usage: 3298kB
        ->  Seq Scan on title t  (cost=0.00..67604.59 rows=2065330 width=4) (actual time=0.021..1272.219 rows=2064552 loops=1)
              Filter: (production_year < 2011)
              Rows Removed by Filter: 463760
Planning time: 0.663 ms
Execution time: 4946.424 ms
