Hash Join  (cost=129268.54..632507.73 rows=2196124 width=0) (actual time=3487.477..16959.105 rows=7564019 loops=1)
  Hash Cond: (mi.movie_id = t.id)
  ->  Seq Scan on movie_info mi  (cost=0.00..309384.22 rows=14739122 width=4) (actual time=0.018..5291.784 rows=14835720 loops=1)
  ->  Hash  (cost=123087.17..123087.17 rows=376750 width=8) (actual time=3486.610..3486.610 rows=452314 loops=1)
        Buckets: 131072  Batches: 8  Memory Usage: 3249kB
        ->  Hash Join  (cost=78930.19..123087.17 rows=376750 width=8) (actual time=2043.610..3340.385 rows=452314 loops=1)
              Hash Cond: (mi_idx.movie_id = t.id)
              ->  Seq Scan on movie_info_idx mi_idx  (cost=0.00..21735.35 rows=1380035 width=4) (actual time=0.020..416.279 rows=1380035 loops=1)
              ->  Hash  (cost=67604.59..67604.59 rows=690288 width=4) (actual time=2042.808..2042.808 rows=684146 loops=1)
                    Buckets: 131072  Batches: 16  Memory Usage: 2525kB
                    ->  Seq Scan on title t  (cost=0.00..67604.59 rows=690288 width=4) (actual time=0.025..1131.949 rows=684146 loops=1)
                          Filter: (production_year < 1990)
                          Rows Removed by Filter: 1844166
Planning time: 4.139 ms
Execution time: 17739.112 ms
