Seq Scan on movie_keyword mk  (cost=0.00..81003.12 rows=246 width=0) (actual time=133.836..1100.821 rows=2 loops=1)
  Filter: (keyword_id = 114847)
  Rows Removed by Filter: 4523928
Planning time: 0.370 ms
Execution time: 1100.904 ms
