Hash Join  (cost=447514.54..1170205.57 rows=8991 width=0) (actual time=11495.812..17715.402 rows=34049 loops=1)
  Hash Cond: (ci.movie_id = t.id)
  ->  Seq Scan on cast_info ci  (cost=0.00..705507.15 rows=2735034 width=4) (actual time=4885.348..10450.244 rows=2728943 loops=1)
        Filter: (role_id = 4)
        Rows Removed by Filter: 33515401
  ->  Hash  (cost=447410.62..447410.62 rows=8313 width=8) (actual time=6606.299..6606.299 rows=74786 loops=1)
        Buckets: 131072 (originally 16384)  Batches: 1 (originally 1)  Memory Usage: 3946kB
        ->  Hash Join  (cost=73962.22..447410.62 rows=8313 width=8) (actual time=1598.634..6579.544 rows=74786 loops=1)
              Hash Cond: (mi.movie_id = t.id)
              ->  Seq Scan on movie_info mi  (cost=0.00..346232.03 rows=7235534 width=4) (actual time=601.863..4453.453 rows=7286865 loops=1)
                    Filter: (info_type_id < 8)
                    Rows Removed by Filter: 7548855
              ->  Hash  (cost=73925.90..73925.90 rows=2905 width=4) (actual time=936.828..936.828 rows=8125 loops=1)
                    Buckets: 8192 (originally 4096)  Batches: 1 (originally 1)  Memory Usage: 350kB
                    ->  Seq Scan on title t  (cost=0.00..73925.90 rows=2905 width=4) (actual time=0.069..933.374 rows=8125 loops=1)
                          Filter: ((kind_id < 7) AND (production_year = 1914))
                          Rows Removed by Filter: 2520187
Planning time: 0.840 ms
Execution time: 17720.422 ms
