Hash Join  (cost=122535.74..219898.99 rows=13134 width=0) (actual time=2056.946..4144.254 rows=381630 loops=1)
  Hash Cond: (mk.movie_id = t.id)
  ->  Seq Scan on movie_keyword mk  (cost=0.00..81003.12 rows=4327677 width=4) (actual time=0.015..1355.996 rows=4324650 loops=1)
        Filter: (keyword_id < 68951)
        Rows Removed by Filter: 199280
  ->  Hash  (cost=122439.81..122439.81 rows=7674 width=8) (actual time=2055.868..2055.868 rows=24726 loops=1)
        Buckets: 32768 (originally 8192)  Batches: 1 (originally 1)  Memory Usage: 1222kB
        ->  Hash Join  (cost=67697.55..122439.81 rows=7674 width=8) (actual time=877.735..2045.621 rows=24726 loops=1)
              Hash Cond: (mc.movie_id = t.id)
              ->  Seq Scan on movie_companies mc  (cost=0.00..44881.29 rows=2609129 width=4) (actual time=0.013..556.286 rows=2609129 loops=1)
              ->  Hash  (cost=67604.59..67604.59 rows=7437 width=4) (actual time=877.570..877.570 rows=23040 loops=1)
                    Buckets: 32768 (originally 8192)  Batches: 1 (originally 1)  Memory Usage: 1066kB
                    ->  Seq Scan on title t  (cost=0.00..67604.59 rows=7437 width=4) (actual time=0.067..867.516 rows=23040 loops=1)
                          Filter: (production_year = 1990)
                          Rows Removed by Filter: 2505272
Planning time: 1.105 ms
Execution time: 4191.596 ms
