Hash Join  (cost=85684.58..453037.15 rows=360675 width=0) (actual time=3275.976..6892.152 rows=233480 loops=1)
  Hash Cond: (mi.movie_id = t.id)
  ->  Seq Scan on movie_info mi  (cost=0.00..346232.03 rows=1272478 width=4) (actual time=1819.957..4634.405 rows=1325361 loops=1)
        Filter: (info_type_id = 8)
        Rows Removed by Filter: 13510359
  ->  Hash  (cost=73925.90..73925.90 rows=716694 width=4) (actual time=1455.052..1455.052 rows=604570 loops=1)
        Buckets: 131072  Batches: 16  Memory Usage: 2362kB
        ->  Seq Scan on title t  (cost=0.00..73925.90 rows=716694 width=4) (actual time=0.015..1255.322 rows=604570 loops=1)
              Filter: ((kind_id > 1) AND (production_year < 1999))
              Rows Removed by Filter: 1923742
Planning time: 0.566 ms
Execution time: 6921.048 ms
