Hash Join  (cost=74346.17..914622.18 rows=151373 width=0) (actual time=3361.162..17207.414 rows=121685 loops=1)
  Hash Cond: (ci.movie_id = t.id)
  ->  Seq Scan on cast_info ci  (cost=0.00..796071.18 rows=11384293 width=4) (actual time=2363.566..13988.049 rows=10009961 loops=1)
        Filter: ((person_id > 354346) AND (role_id = 1))
        Rows Removed by Filter: 26234383
  ->  Hash  (cost=73925.90..73925.90 rows=33621 width=4) (actual time=997.088..997.088 rows=28104 loops=1)
        Buckets: 65536  Batches: 1  Memory Usage: 1501kB
        ->  Seq Scan on title t  (cost=0.00..73925.90 rows=33621 width=4) (actual time=0.060..985.974 rows=28104 loops=1)
              Filter: ((kind_id = 1) AND (production_year = 2009))
              Rows Removed by Filter: 2500208
Planning time: 0.622 ms
Execution time: 17225.736 ms
