Nested Loop  (cost=0.43..52283.69 rows=104 width=0) (actual time=14.020..765.967 rows=559 loops=1)
  ->  Seq Scan on movie_companies mc  (cost=0.00..51404.11 rows=104 width=4) (actual time=13.926..745.713 rows=559 loops=1)
        Filter: (company_id = 1676)
        Rows Removed by Filter: 2608570
  ->  Index Only Scan using title_pkey on title t  (cost=0.43..8.45 rows=1 width=4) (actual time=0.035..0.035 rows=1 loops=559)
        Index Cond: (id = mc.movie_id)
        Heap Fetches: 559
Planning time: 0.706 ms
Execution time: 766.244 ms
