Hash Join  (cost=73962.22..171685.50 rows=5107 width=0) (actual time=933.546..3116.454 rows=13938 loops=1)
  Hash Cond: (mk.movie_id = t.id)
  ->  Seq Scan on movie_keyword mk  (cost=0.00..81003.12 rows=4445091 width=4) (actual time=0.018..1509.810 rows=4439551 loops=1)
        Filter: (keyword_id > 71)
        Rows Removed by Filter: 84379
  ->  Hash  (cost=73925.90..73925.90 rows=2905 width=4) (actual time=932.037..932.037 rows=3676 loops=1)
        Buckets: 4096  Batches: 1  Memory Usage: 162kB
        ->  Seq Scan on title t  (cost=0.00..73925.90 rows=2905 width=4) (actual time=2.381..930.207 rows=3676 loops=1)
              Filter: ((kind_id < 7) AND (production_year = 1958))
              Rows Removed by Filter: 2524636
Planning time: 0.660 ms
Execution time: 3118.590 ms
