Hash Join  (cost=102767.86..270620.36 rows=3198731 width=0) (actual time=2457.544..6600.942 rows=3183259 loops=1)
  Hash Cond: (mk.movie_id = t.id)
  ->  Seq Scan on movie_keyword mk  (cost=0.00..81003.12 rows=3198731 width=4) (actual time=0.020..1526.888 rows=3183259 loops=1)
        Filter: (keyword_id < 12793)
        Rows Removed by Filter: 1340671
  ->  Hash  (cost=61283.27..61283.27 rows=2528527 width=4) (actual time=2455.121..2455.121 rows=2528312 loops=1)
        Buckets: 131072  Batches: 64  Memory Usage: 2425kB
        ->  Seq Scan on title t  (cost=0.00..61283.27 rows=2528527 width=4) (actual time=0.020..924.796 rows=2528312 loops=1)
Planning time: 0.694 ms
Execution time: 6945.463 ms
