Seq Scan on cast_info ci  (cost=0.00..796071.18 rows=23222986 width=0) (actual time=0.011..15547.653 rows=23124770 loops=1)
  Filter: ((person_id < 3976408) AND (role_id > 1))
  Rows Removed by Filter: 13119574
Planning time: 0.342 ms
Execution time: 18279.426 ms
