Hash Join  (cost=510338.50..662318.34 rows=1957721 width=0) (actual time=8701.786..12966.724 rows=4176522 loops=1)
  Hash Cond: (mk.movie_id = t.id)
  ->  Seq Scan on movie_keyword mk  (cost=0.00..81003.12 rows=4030267 width=4) (actual time=0.017..1739.519 rows=4036189 loops=1)
        Filter: (keyword_id < 36833)
        Rows Removed by Filter: 487741
  ->  Hash  (cost=490187.45..490187.45 rows=1228244 width=8) (actual time=8700.260..8700.260 rows=1176584 loops=1)
        Buckets: 131072  Batches: 32  Memory Usage: 2463kB
        ->  Hash Join  (cost=105399.30..490187.45 rows=1228244 width=8) (actual time=4300.227..8337.429 rows=1176584 loops=1)
              Hash Cond: (mi.movie_id = t.id)
              ->  Seq Scan on movie_info mi  (cost=0.00..346232.03 rows=1348138 width=4) (actual time=2373.214..4927.841 rows=1298989 loops=1)
                    Filter: (info_type_id = 4)
                    Rows Removed by Filter: 13536731
              ->  Hash  (cost=67604.59..67604.59 rows=2303657 width=4) (actual time=1926.053..1926.053 rows=2295881 loops=1)
                    Buckets: 131072  Batches: 32  Memory Usage: 3559kB
                    ->  Seq Scan on title t  (cost=0.00..67604.59 rows=2303657 width=4) (actual time=0.029..1215.944 rows=2295881 loops=1)
                          Filter: (production_year > 1948)
                          Rows Removed by Filter: 232431
Planning time: 1.115 ms
Execution time: 13322.633 ms
