Hash Join  (cost=212104.68..1335372.05 rows=3801465 width=0) (actual time=4085.151..32486.913 rows=2523691 loops=1)
  Hash Cond: (ci.movie_id = t.id)
  ->  Seq Scan on cast_info ci  (cost=0.00..796071.18 rows=22439514 width=4) (actual time=0.017..18169.813 rows=23133794 loops=1)
        Filter: ((person_id > 155619) AND (role_id > 1))
        Rows Removed by Filter: 13110550
  ->  Hash  (cost=205076.23..205076.23 rows=428356 width=8) (actual time=4083.548..4083.548 rows=84368 loops=1)
        Buckets: 131072  Batches: 8  Memory Usage: 1467kB
        ->  Hash Join  (cost=77854.63..205076.23 rows=428356 width=8) (actual time=1079.224..4056.106 rows=84368 loops=1)
              Hash Cond: (mk.movie_id = t.id)
              ->  Seq Scan on movie_keyword mk  (cost=0.00..69693.30 rows=4523930 width=4) (actual time=0.026..1285.676 rows=4523930 loops=1)
              ->  Hash  (cost=73925.90..73925.90 rows=239418 width=4) (actual time=1078.299..1078.299 rows=256906 loops=1)
                    Buckets: 131072  Batches: 4  Memory Usage: 3302kB
                    ->  Seq Scan on title t  (cost=0.00..73925.90 rows=239418 width=4) (actual time=92.197..988.686 rows=256906 loops=1)
                          Filter: ((production_year > 2010) AND (kind_id = 7))
                          Rows Removed by Filter: 2271406
Planning time: 1.135 ms
Execution time: 32784.085 ms
