Hash Join  (cost=81206.46..219663.68 rows=734229 width=0) (actual time=1183.596..4838.496 rows=2188882 loops=1)
  Hash Cond: (mk.movie_id = t.id)
  ->  Seq Scan on movie_keyword mk  (cost=0.00..81003.12 rows=4183950 width=4) (actual time=0.026..1517.221 rows=4186938 loops=1)
        Filter: (keyword_id < 48998)
        Rows Removed by Filter: 336992
  ->  Hash  (cost=73925.90..73925.90 rows=443724 width=4) (actual time=1182.803..1182.803 rows=536860 loops=1)
        Buckets: 131072  Batches: 8  Memory Usage: 3402kB
        ->  Seq Scan on title t  (cost=0.00..73925.90 rows=443724 width=4) (actual time=0.013..1005.318 rows=536860 loops=1)
              Filter: ((kind_id < 7) AND (production_year < 2002))
              Rows Removed by Filter: 1991452
Planning time: 0.723 ms
Execution time: 5070.875 ms
