Hash Join  (cost=105986.33..871390.95 rows=348528 width=0) (actual time=2011.689..18318.515 rows=819123 loops=1)
  Hash Cond: (ci.movie_id = t.id)
  ->  Seq Scan on cast_info ci  (cost=0.00..705507.15 rows=15043249 width=4) (actual time=0.024..11213.667 rows=14933234 loops=1)
        Filter: (person_id < 1474203)
        Rows Removed by Filter: 21311110
  ->  Hash  (cost=105254.06..105254.06 rows=58582 width=8) (actual time=2009.677..2009.677 rows=63191 loops=1)
        Buckets: 65536  Batches: 1  Memory Usage: 2981kB
        ->  Hash Join  (cost=72956.84..105254.06 rows=58582 width=8) (actual time=1239.792..1986.500 rows=63191 loops=1)
              Hash Cond: (mi_idx.movie_id = t.id)
              ->  Seq Scan on movie_info_idx mi_idx  (cost=0.00..25185.44 rows=454124 width=4) (actual time=0.015..459.083 rows=459925 loops=1)
                    Filter: (info_type_id = 100)
                    Rows Removed by Filter: 920110
              ->  Hash  (cost=67604.59..67604.59 rows=326180 width=4) (actual time=1239.137..1239.137 rows=323245 loops=1)
                    Buckets: 131072  Batches: 8  Memory Usage: 2437kB
                    ->  Seq Scan on title t  (cost=0.00..67604.59 rows=326180 width=4) (actual time=0.028..1131.617 rows=323245 loops=1)
                          Filter: (production_year < 1967)
                          Rows Removed by Filter: 2205067
Planning time: 1.137 ms
Execution time: 18424.417 ms
