Hash Join  (cost=106988.21..199218.43 rows=22055 width=0) (actual time=1830.373..3742.633 rows=28306 loops=1)
  Hash Cond: (mk.movie_id = t.id)
  ->  Seq Scan on movie_keyword mk  (cost=0.00..81003.12 rows=2935080 width=4) (actual time=0.022..1432.598 rows=2921756 loops=1)
        Filter: (keyword_id < 9542)
        Rows Removed by Filter: 1602174
  ->  Hash  (cost=106750.71..106750.71 rows=19000 width=8) (actual time=1829.645..1829.645 rows=11384 loops=1)
        Buckets: 32768  Batches: 1  Memory Usage: 701kB
        ->  Hash Join  (cost=75636.60..106750.71 rows=19000 width=8) (actual time=1160.494..1824.561 rows=11384 loops=1)
              Hash Cond: (mi_idx.movie_id = t.id)
              ->  Seq Scan on movie_info_idx mi_idx  (cost=0.00..25185.44 rows=460978 width=4) (actual time=0.010..471.033 rows=459925 loops=1)
                    Filter: (info_type_id = 99)
                    Rows Removed by Filter: 920110
              ->  Hash  (cost=73925.90..73925.90 rows=104216 width=4) (actual time=1159.605..1159.605 rows=108513 loops=1)
                    Buckets: 131072  Batches: 2  Memory Usage: 2931kB
                    ->  Seq Scan on title t  (cost=0.00..73925.90 rows=104216 width=4) (actual time=0.065..1120.056 rows=108513 loops=1)
                          Filter: ((kind_id > 1) AND (production_year = 2010))
                          Rows Removed by Filter: 2419799
Planning time: 1.145 ms
Execution time: 3746.750 ms
