Hash Join  (cost=459241.89..582597.85 rows=543857 width=0) (actual time=7506.396..18037.397 rows=37340296 loops=1)
  Hash Cond: (mk.movie_id = t.id)
  ->  Seq Scan on movie_keyword mk  (cost=0.00..81003.12 rows=3039538 width=4) (actual time=0.030..1575.871 rows=3023427 loops=1)
        Filter: (keyword_id < 10833)
        Rows Removed by Filter: 1500503
  ->  Hash  (cost=451818.60..451818.60 rows=452423 width=8) (actual time=7502.508..7502.508 rows=1058826 loops=1)
        Buckets: 131072 (originally 131072)  Batches: 16 (originally 8)  Memory Usage: 3596kB
        ->  Hash Join  (cost=83810.17..451818.60 rows=452423 width=8) (actual time=1644.314..7180.360 rows=1058826 loops=1)
              Hash Cond: (mi.movie_id = t.id)
              ->  Seq Scan on movie_info mi  (cost=0.00..346232.03 rows=1158179 width=4) (actual time=360.971..4814.114 rows=1204709 loops=1)
                    Filter: (info_type_id > 18)
                    Rows Removed by Filter: 13631011
              ->  Hash  (cost=67604.59..67604.59 rows=987727 width=4) (actual time=1279.955..1279.955 rows=985048 loops=1)
                    Buckets: 131072  Batches: 16  Memory Usage: 3197kB
                    ->  Seq Scan on title t  (cost=0.00..67604.59 rows=987727 width=4) (actual time=0.029..984.260 rows=985048 loops=1)
                          Filter: (kind_id < 7)
                          Rows Removed by Filter: 1543264
Planning time: 1.183 ms
Execution time: 21918.468 ms
