Hash Join  (cost=102767.86..208707.40 rows=1855842 width=0) (actual time=1739.813..4452.595 rows=1861412 loops=1)
  Hash Cond: (mc.movie_id = t.id)
  ->  Seq Scan on movie_companies mc  (cost=0.00..51404.11 rows=1855842 width=4) (actual time=0.021..963.115 rows=1861412 loops=1)
        Filter: (company_id > 1451)
        Rows Removed by Filter: 747717
  ->  Hash  (cost=61283.27..61283.27 rows=2528527 width=4) (actual time=1739.000..1739.000 rows=2528312 loops=1)
        Buckets: 131072  Batches: 64  Memory Usage: 2415kB
        ->  Seq Scan on title t  (cost=0.00..61283.27 rows=2528527 width=4) (actual time=0.015..932.939 rows=2528312 loops=1)
Planning time: 0.726 ms
Execution time: 4655.300 ms
