Hash Join  (cost=83074.29..137741.46 rows=166 width=0) (actual time=1169.317..2034.054 rows=74 loops=1)
  Hash Cond: (mc.movie_id = t.id)
  ->  Seq Scan on movie_companies mc  (cost=0.00..44881.29 rows=2609129 width=4) (actual time=0.027..454.017 rows=2609129 loops=1)
  ->  Hash  (cost=83072.29..83072.29 rows=160 width=8) (actual time=1159.447..1159.447 rows=14 loops=1)
        Buckets: 1024  Batches: 1  Memory Usage: 9kB
        ->  Nested Loop  (cost=0.43..83072.29 rows=160 width=8) (actual time=13.221..1159.403 rows=14 loops=1)
              ->  Seq Scan on movie_keyword mk  (cost=0.00..81003.12 rows=246 width=4) (actual time=6.142..1156.170 rows=63 loops=1)
                    Filter: (keyword_id = 15713)
                    Rows Removed by Filter: 4523867
              ->  Index Scan using title_pkey on title t  (cost=0.43..8.40 rows=1 width=4) (actual time=0.046..0.047 rows=0 loops=63)
                    Index Cond: (id = mk.movie_id)
                    Filter: (production_year > 1994)
                    Rows Removed by Filter: 1
Planning time: 1.139 ms
Execution time: 2034.211 ms
