Hash Join  (cost=73950.44..867763.36 rows=18244 width=0) (actual time=747.060..19113.909 rows=39152 loops=1)
  Hash Cond: (ci.movie_id = t.id)
  ->  Seq Scan on cast_info ci  (cost=0.00..705507.15 rows=23499554 width=4) (actual time=0.015..14555.796 rows=23573656 loops=1)
        Filter: (role_id > 1)
        Rows Removed by Filter: 12670688
  ->  Hash  (cost=73925.90..73925.90 rows=1963 width=4) (actual time=745.247..745.247 rows=4557 loops=1)
        Buckets: 8192 (originally 2048)  Batches: 1 (originally 1)  Memory Usage: 225kB
        ->  Seq Scan on title t  (cost=0.00..73925.90 rows=1963 width=4) (actual time=394.095..743.966 rows=4557 loops=1)
              Filter: ((kind_id < 2) AND (production_year = 1968))
              Rows Removed by Filter: 2523755
Planning time: 0.803 ms
Execution time: 19122.236 ms
