Seq Scan on cast_info ci  (cost=0.00..796071.18 rows=6920954 width=0) (actual time=5756.035..14324.536 rows=7451745 loops=1)
  Filter: ((person_id > 179002) AND (role_id = 2))
  Rows Removed by Filter: 28792599
Planning time: 2.430 ms
Execution time: 15264.205 ms
