Hash Join  (cost=226596.87..311155.79 rows=652817 width=0) (actual time=4439.620..8628.388 rows=5617152 loops=1)
  Hash Cond: (mc.movie_id = t.id)
  ->  Seq Scan on movie_companies mc  (cost=0.00..51404.11 rows=2027637 width=4) (actual time=0.010..1010.902 rows=2032097 loops=1)
        Filter: (company_id > 636)
        Rows Removed by Filter: 577032
  ->  Hash  (cost=213239.83..213239.83 rows=814083 width=8) (actual time=4439.008..4439.008 rows=819932 loops=1)
        Buckets: 131072  Batches: 16  Memory Usage: 3066kB
        ->  Hash Join  (cost=102767.86..213239.83 rows=814083 width=8) (actual time=2120.133..4243.039 rows=819932 loops=1)
              Hash Cond: (mk.movie_id = t.id)
              ->  Seq Scan on movie_keyword mk  (cost=0.00..81003.12 rows=814083 width=4) (actual time=0.009..1233.778 rows=819932 loops=1)
                    Filter: (keyword_id > 22372)
                    Rows Removed by Filter: 3703998
              ->  Hash  (cost=61283.27..61283.27 rows=2528527 width=4) (actual time=2118.419..2118.419 rows=2528312 loops=1)
                    Buckets: 131072  Batches: 64  Memory Usage: 2425kB
                    ->  Seq Scan on title t  (cost=0.00..61283.27 rows=2528527 width=4) (actual time=0.007..956.601 rows=2528312 loops=1)
Planning time: 0.688 ms
Execution time: 9287.721 ms
