Hash Join  (cost=233261.62..1540670.65 rows=20565206 width=0) (actual time=6085.367..46841.496 rows=37527436 loops=1)
  Hash Cond: (ci.movie_id = t.id)
  ->  Seq Scan on cast_info ci  (cost=0.00..705507.15 rows=30405364 width=4) (actual time=842.629..15769.811 rows=30511650 loops=1)
        Filter: (role_id < 9)
        Rows Removed by Filter: 5732694
  ->  Hash  (cost=205202.95..205202.95 rows=1710214 width=8) (actual time=5241.856..5241.856 rows=1713840 loops=1)
        Buckets: 131072  Batches: 32  Memory Usage: 3105kB
        ->  Hash Join  (cost=102767.86..205202.95 rows=1710214 width=8) (actual time=1871.420..4748.962 rows=1713840 loops=1)
              Hash Cond: (mc.movie_id = t.id)
              ->  Seq Scan on movie_companies mc  (cost=0.00..51404.11 rows=1710214 width=4) (actual time=0.030..1056.956 rows=1713840 loops=1)
                    Filter: (company_id > 2805)
                    Rows Removed by Filter: 895289
              ->  Hash  (cost=61283.27..61283.27 rows=2528527 width=4) (actual time=1869.683..1869.683 rows=2528312 loops=1)
                    Buckets: 131072  Batches: 64  Memory Usage: 2415kB
                    ->  Seq Scan on title t  (cost=0.00..61283.27 rows=2528527 width=4) (actual time=0.027..988.429 rows=2528312 loops=1)
Planning time: 2.039 ms
Execution time: 51073.220 ms
