Hash Join  (cost=74434.21..168926.63 rows=55471 width=0) (actual time=1355.961..2677.333 rows=6187 loops=1)
  Hash Cond: (mk.movie_id = t.id)
  ->  Seq Scan on movie_keyword mk  (cost=0.00..81003.12 rows=3449223 width=4) (actual time=0.026..1112.663 rows=3439116 loops=1)
        Filter: (keyword_id < 16302)
        Rows Removed by Filter: 1084814
  ->  Hash  (cost=73925.90..73925.90 rows=40664 width=4) (actual time=1114.369..1114.369 rows=40257 loops=1)
        Buckets: 65536  Batches: 1  Memory Usage: 1928kB
        ->  Seq Scan on title t  (cost=0.00..73925.90 rows=40664 width=4) (actual time=263.205..1097.346 rows=40257 loops=1)
              Filter: ((production_year > 2012) AND (kind_id = 7))
              Rows Removed by Filter: 2488055
Planning time: 0.791 ms
Execution time: 2677.939 ms
