Hash Join  (cost=460709.11..500831.91 rows=141632 width=0) (actual time=6629.596..7601.809 rows=98151 loops=1)
  Hash Cond: (mi_idx.movie_id = t.id)
  ->  Seq Scan on movie_info_idx mi_idx  (cost=0.00..21735.35 rows=1380035 width=4) (actual time=0.025..411.754 rows=1380035 loops=1)
  ->  Hash  (cost=456451.36..456451.36 rows=259500 width=8) (actual time=6628.262..6628.262 rows=64343 loops=1)
        Buckets: 131072  Batches: 4  Memory Usage: 1646kB
        ->  Hash Join  (cost=96735.51..456451.36 rows=259500 width=8) (actual time=5454.155..6608.330 rows=64343 loops=1)
              Hash Cond: (mi.movie_id = t.id)
              ->  Seq Scan on movie_info mi  (cost=0.00..346232.03 rows=471955 width=4) (actual time=3480.575..4235.556 rows=543367 loops=1)
                    Filter: (info_type_id > 98)
                    Rows Removed by Filter: 14292353
              ->  Hash  (cost=73925.90..73925.90 rows=1390288 width=4) (actual time=1879.834..1879.834 rows=1518592 loops=1)
                    Buckets: 131072  Batches: 32  Memory Usage: 2709kB
                    ->  Seq Scan on title t  (cost=0.00..73925.90 rows=1390288 width=4) (actual time=0.022..1377.903 rows=1518592 loops=1)
                          Filter: ((kind_id > 1) AND (production_year > 1983))
                          Rows Removed by Filter: 1009720
Planning time: 1.169 ms
Execution time: 7615.021 ms
