Seq Scan on movie_companies mc  (cost=0.00..57926.93 rows=503980 width=0) (actual time=0.026..903.340 rows=204638 loops=1)
  Filter: ((company_id > 15339) AND (company_type_id < 2))
  Rows Removed by Filter: 2404491
Planning time: 0.318 ms
Execution time: 928.833 ms
