Hash Join  (cost=74314.82..130674.56 rows=15744 width=0) (actual time=1102.103..2376.373 rows=74465 loops=1)
  Hash Cond: (mc.movie_id = t.id)
  ->  Seq Scan on movie_companies mc  (cost=0.00..51404.11 rows=1279517 width=4) (actual time=0.016..971.630 rows=1274246 loops=1)
        Filter: (company_type_id = 1)
        Rows Removed by Filter: 1334883
  ->  Hash  (cost=73925.90..73925.90 rows=31113 width=4) (actual time=1101.867..1101.867 rows=77864 loops=1)
        Buckets: 131072 (originally 32768)  Batches: 1 (originally 1)  Memory Usage: 3762kB
        ->  Seq Scan on title t  (cost=0.00..73925.90 rows=31113 width=4) (actual time=0.015..1071.226 rows=77864 loops=1)
              Filter: ((kind_id < 7) AND (production_year < 1918))
              Rows Removed by Filter: 2450448
Planning time: 0.706 ms
Execution time: 2386.447 ms
