Hash Join  (cost=101400.16..466779.88 rows=72382 width=0) (actual time=1911.213..10096.490 rows=488987 loops=1)
  Hash Cond: (mi.movie_id = t.id)
  ->  Seq Scan on movie_info mi  (cost=0.00..309384.22 rows=14739122 width=4) (actual time=0.014..4575.415 rows=14835720 loops=1)
  ->  Hash  (cost=101244.94..101244.94 rows=12417 width=8) (actual time=1911.002..1911.002 rows=25587 loops=1)
        Buckets: 32768 (originally 16384)  Batches: 1 (originally 1)  Memory Usage: 1256kB
        ->  Hash Join  (cost=74210.29..101244.94 rows=12417 width=8) (actual time=1194.230..1900.884 rows=25587 loops=1)
              Hash Cond: (mi_idx.movie_id = t.id)
              ->  Seq Scan on movie_info_idx mi_idx  (cost=0.00..21735.35 rows=1380035 width=4) (actual time=0.012..383.947 rows=1380035 loops=1)
              ->  Hash  (cost=73925.90..73925.90 rows=22751 width=4) (actual time=1193.837..1193.837 rows=18892 loops=1)
                    Buckets: 32768  Batches: 1  Memory Usage: 921kB
                    ->  Seq Scan on title t  (cost=0.00..73925.90 rows=22751 width=4) (actual time=0.163..1185.641 rows=18892 loops=1)
                          Filter: ((kind_id < 7) AND (production_year = 2001))
                          Rows Removed by Filter: 2509420
Planning time: 6.278 ms
Execution time: 10164.621 ms
