Nested Loop  (cost=0.43..83071.67 rows=246 width=0) (actual time=40.482..1311.975 rows=36 loops=1)
  ->  Seq Scan on movie_keyword mk  (cost=0.00..81003.12 rows=246 width=4) (actual time=40.395..1309.819 rows=36 loops=1)
        Filter: (keyword_id = 21608)
        Rows Removed by Filter: 4523894
  ->  Index Only Scan using title_pkey on title t  (cost=0.43..8.40 rows=1 width=4) (actual time=0.054..0.055 rows=1 loops=36)
        Index Cond: (id = mk.movie_id)
        Heap Fetches: 36
Planning time: 6.625 ms
Execution time: 1312.079 ms
