Hash Join  (cost=89435.42..135980.33 rows=515943 width=0) (actual time=1449.167..2868.533 rows=942785 loops=1)
  Hash Cond: (mi_idx.movie_id = t.id)
  ->  Seq Scan on movie_info_idx mi_idx  (cost=0.00..21735.35 rows=1380035 width=4) (actual time=0.021..389.313 rows=1380035 loops=1)
  ->  Hash  (cost=73925.90..73925.90 rows=945321 width=4) (actual time=1448.186..1448.186 rows=934959 loops=1)
        Buckets: 131072  Batches: 16  Memory Usage: 3079kB
        ->  Seq Scan on title t  (cost=0.00..73925.90 rows=945321 width=4) (actual time=0.031..1150.723 rows=934959 loops=1)
              Filter: ((kind_id < 7) AND (production_year > 1912))
              Rows Removed by Filter: 1593353
Planning time: 0.671 ms
Execution time: 2977.043 ms
