Nested Loop  (cost=0.43..86919.28 rows=3839 width=0) (actual time=0.347..924.930 rows=4375 loops=1)
  ->  Seq Scan on movie_companies mc  (cost=0.00..57926.93 rows=3839 width=4) (actual time=0.294..851.237 rows=4375 loops=1)
        Filter: ((company_type_id < 2) AND (company_id = 159))
        Rows Removed by Filter: 2604754
  ->  Index Only Scan using title_pkey on title t  (cost=0.43..7.54 rows=1 width=4) (actual time=0.016..0.016 rows=1 loops=4375)
        Index Cond: (id = mc.movie_id)
        Heap Fetches: 4375
Planning time: 0.765 ms
Execution time: 926.112 ms
