Hash Join  (cost=843392.98..1384903.43 rows=4530282 width=0) (actual time=13941.579..29346.587 rows=8468572 loops=1)
  Hash Cond: (mi.movie_id = t.id)
  ->  Seq Scan on movie_info mi  (cost=0.00..346232.03 rows=12665229 width=4) (actual time=0.010..6546.717 rows=12744652 loops=1)
        Filter: (info_type_id > 2)
        Rows Removed by Filter: 2091068
  ->  Hash  (cost=828554.48..828554.48 rows=904440 width=8) (actual time=13936.659..13936.659 rows=865906 loops=1)
        Buckets: 131072  Batches: 16  Memory Usage: 3161kB
        ->  Hash Join  (cost=87180.69..828554.48 rows=904440 width=8) (actual time=3340.831..13675.511 rows=865906 loops=1)
              Hash Cond: (ci.movie_id = t.id)
              ->  Seq Scan on cast_info ci  (cost=0.00..705507.15 rows=1916598 width=4) (actual time=1828.728..10530.522 rows=1860331 loops=1)
                    Filter: (person_id < 183209)
                    Rows Removed by Filter: 34384013
              ->  Hash  (cost=67604.59..67604.59 rows=1193208 width=4) (actual time=1508.848..1508.848 rows=1192518 loops=1)
                    Buckets: 131072  Batches: 16  Memory Usage: 3646kB
                    ->  Seq Scan on title t  (cost=0.00..67604.59 rows=1193208 width=4) (actual time=0.032..1135.819 rows=1192518 loops=1)
                          Filter: (production_year > 2003)
                          Rows Removed by Filter: 1335794
Planning time: 5.879 ms
Execution time: 30388.753 ms
