Seq Scan on movie_keyword mk  (cost=0.00..81003.12 rows=3748669 width=0) (actual time=0.024..1507.896 rows=3739998 loops=1)
  Filter: (keyword_id < 24046)
  Rows Removed by Filter: 783932
Planning time: 0.315 ms
Execution time: 1984.043 ms
