Hash Join  (cost=102767.86..181019.99 rows=705232 width=0) (actual time=1728.296..3597.163 rows=710402 loops=1)
  Hash Cond: (mc.movie_id = t.id)
  ->  Seq Scan on movie_companies mc  (cost=0.00..51404.11 rows=705232 width=4) (actual time=0.032..842.986 rows=710402 loops=1)
        Filter: (company_id > 43863)
        Rows Removed by Filter: 1898727
  ->  Hash  (cost=61283.27..61283.27 rows=2528527 width=4) (actual time=1727.094..1727.094 rows=2528312 loops=1)
        Buckets: 131072  Batches: 64  Memory Usage: 2415kB
        ->  Seq Scan on title t  (cost=0.00..61283.27 rows=2528527 width=4) (actual time=0.020..877.221 rows=2528312 loops=1)
Planning time: 0.645 ms
Execution time: 3685.666 ms
