Hash Join  (cost=165758.29..668209.35 rows=2122213 width=0) (actual time=4122.730..19694.248 rows=14785639 loops=1)
  Hash Cond: (mi.movie_id = t.id)
  ->  Seq Scan on movie_info mi  (cost=0.00..309384.22 rows=14739122 width=4) (actual time=0.016..5039.492 rows=14835720 loops=1)
  ->  Hash  (cost=159784.42..159784.42 rows=364070 width=8) (actual time=4121.869..4121.869 rows=492287 loops=1)
        Buckets: 131072  Batches: 8  Memory Usage: 3403kB
        ->  Hash Join  (cost=79715.19..159784.42 rows=364070 width=8) (actual time=1159.860..3964.934 rows=492287 loops=1)
              Hash Cond: (mc.movie_id = t.id)
              ->  Seq Scan on movie_companies mc  (cost=0.00..44881.29 rows=2609129 width=4) (actual time=0.023..802.372 rows=2609129 loops=1)
              ->  Hash  (cost=73925.90..73925.90 rows=352823 width=4) (actual time=1159.202..1159.202 rows=302088 loops=1)
                    Buckets: 131072  Batches: 8  Memory Usage: 2342kB
                    ->  Seq Scan on title t  (cost=0.00..73925.90 rows=352823 width=4) (actual time=0.016..1056.716 rows=302088 loops=1)
                          Filter: ((kind_id < 7) AND (production_year > 2006))
                          Rows Removed by Filter: 2226224
Planning time: 1.148 ms
Execution time: 21169.936 ms
