Seq Scan on title t  (cost=0.00..73925.90 rows=692185 width=0) (actual time=65.568..1145.324 rows=596495 loops=1)
  Filter: ((production_year < 2002) AND (kind_id = 7))
  Rows Removed by Filter: 1931817
Planning time: 0.382 ms
Execution time: 1220.910 ms
