Seq Scan on title t  (cost=0.00..73925.90 rows=5124 width=0) (actual time=292.216..901.366 rows=9091 loops=1)
  Filter: ((kind_id = 4) AND (production_year = 2007))
  Rows Removed by Filter: 2519221
Planning time: 0.364 ms
Execution time: 903.089 ms
