Seq Scan on movie_companies mc  (cost=0.00..57926.93 rows=3989 width=0) (actual time=51.841..750.863 rows=3185 loops=1)
  Filter: ((company_type_id > 1) AND (company_id = 159))
  Rows Removed by Filter: 2605944
Planning time: 0.349 ms
Execution time: 751.635 ms
