Hash Join  (cost=75919.53..563282.27 rows=708181 width=0) (actual time=1118.606..13841.906 rows=2604470 loops=1)
  Hash Cond: (mi.movie_id = t.id)
  ->  Seq Scan on movie_info mi  (cost=0.00..309384.22 rows=14739122 width=4) (actual time=0.012..5446.939 rows=14835720 loops=1)
  ->  Hash  (cost=73925.90..73925.90 rows=121490 width=4) (actual time=1116.470..1116.470 rows=222618 loops=1)
        Buckets: 131072 (originally 131072)  Batches: 4 (originally 2)  Memory Usage: 3073kB
        ->  Seq Scan on title t  (cost=0.00..73925.90 rows=121490 width=4) (actual time=0.020..1034.120 rows=222618 loops=1)
              Filter: ((kind_id < 7) AND (production_year < 1966))
              Rows Removed by Filter: 2305694
Planning time: 0.842 ms
Execution time: 14178.465 ms
