Seq Scan on movie_keyword mk  (cost=0.00..81003.12 rows=766779 width=0) (actual time=0.026..1267.927 rows=774820 loops=1)
  Filter: (keyword_id > 24335)
  Rows Removed by Filter: 3749110
Planning time: 0.330 ms
Execution time: 1366.271 ms
