Seq Scan on cast_info ci  (cost=0.00..796071.18 rows=104 width=0) (actual time=3947.520..11479.876 rows=18 loops=1)
  Filter: ((role_id > 7) AND (person_id = 169417))
  Rows Removed by Filter: 36244326
Planning time: 0.388 ms
Execution time: 11479.964 ms
