Hash Join  (cost=28270.40..125089.18 rows=614 width=0) (actual time=407.383..2602.497 rows=37248 loops=1)
  Hash Cond: (mk.movie_id = t.id)
  ->  Seq Scan on movie_keyword mk  (cost=0.00..81003.12 rows=4215872 width=4) (actual time=0.019..1615.842 rows=4192622 loops=1)
        Filter: (keyword_id > 266)
        Rows Removed by Filter: 331308
  ->  Hash  (cost=28265.80..28265.80 rows=368 width=8) (actual time=401.005..401.005 rows=260 loops=1)
        Buckets: 1024  Batches: 1  Memory Usage: 19kB
        ->  Nested Loop  (cost=0.43..28265.80 rows=368 width=8) (actual time=372.892..400.855 rows=260 loops=1)
              ->  Seq Scan on movie_info_idx mi_idx  (cost=0.00..25185.44 rows=368 width=4) (actual time=372.796..389.012 rows=260 loops=1)
                    Filter: (info_type_id > 101)
                    Rows Removed by Filter: 1379775
              ->  Index Only Scan using title_pkey on title t  (cost=0.43..8.36 rows=1 width=4) (actual time=0.044..0.045 rows=1 loops=260)
                    Index Cond: (id = mi_idx.movie_id)
                    Heap Fetches: 260
Planning time: 1.224 ms
Execution time: 2607.284 ms
