Hash Join  (cost=102767.86..1109636.03 rows=12113540 width=0) (actual time=1819.544..25184.048 rows=12021640 loops=1)
  Hash Cond: (ci.movie_id = t.id)
  ->  Seq Scan on cast_info ci  (cost=0.00..705507.15 rows=12113540 width=4) (actual time=0.023..11957.579 rows=12021640 loops=1)
        Filter: (person_id < 1184241)
        Rows Removed by Filter: 24222704
  ->  Hash  (cost=61283.27..61283.27 rows=2528527 width=4) (actual time=1818.548..1818.548 rows=2528312 loops=1)
        Buckets: 131072  Batches: 64  Memory Usage: 2415kB
        ->  Seq Scan on title t  (cost=0.00..61283.27 rows=2528527 width=4) (actual time=0.015..940.040 rows=2528312 loops=1)
Planning time: 0.723 ms
Execution time: 26561.880 ms
