Hash Join  (cost=212747.23..1399925.92 rows=14930452 width=0) (actual time=4338.304..40132.247 rows=18042435 loops=1)
  Hash Cond: (ci.movie_id = t.id)
  ->  Seq Scan on cast_info ci  (cost=0.00..614943.12 rows=36225612 width=4) (actual time=0.021..12183.055 rows=36244344 loops=1)
  ->  Hash  (cost=195649.52..195649.52 rows=1042137 width=8) (actual time=4337.294..4337.294 rows=766230 loops=1)
        Buckets: 131072  Batches: 16  Memory Usage: 2883kB
        ->  Hash Join  (cost=102767.86..195649.52 rows=1042137 width=8) (actual time=1854.831..4116.826 rows=766230 loops=1)
              Hash Cond: (mc.movie_id = t.id)
              ->  Seq Scan on movie_companies mc  (cost=0.00..57926.93 rows=1042137 width=4) (actual time=0.016..1043.397 rows=766230 loops=1)
                    Filter: ((company_id < 71408) AND (company_type_id > 1))
                    Rows Removed by Filter: 1842899
              ->  Hash  (cost=61283.27..61283.27 rows=2528527 width=4) (actual time=1853.445..1853.445 rows=2528312 loops=1)
                    Buckets: 131072  Batches: 64  Memory Usage: 2415kB
                    ->  Seq Scan on title t  (cost=0.00..61283.27 rows=2528527 width=4) (actual time=0.023..975.054 rows=2528312 loops=1)
Planning time: 1.146 ms
Execution time: 42244.314 ms
