Hash Join  (cost=438999.16..1354414.27 rows=79393 width=0) (actual time=7641.193..25043.999 rows=501825 loops=1)
  Hash Cond: (ci.movie_id = t.id)
  ->  Seq Scan on cast_info ci  (cost=0.00..796071.18 rows=11854998 width=4) (actual time=0.018..14952.148 rows=10934745 loops=1)
        Filter: ((person_id > 235421) AND (role_id < 2))
        Rows Removed by Filter: 25309599
  ->  Hash  (cost=438787.48..438787.48 rows=16934 width=8) (actual time=7640.600..7640.600 rows=43446 loops=1)
        Buckets: 65536 (originally 32768)  Batches: 1 (originally 1)  Memory Usage: 2210kB
        ->  Hash Join  (cost=73962.22..438787.48 rows=16934 width=8) (actual time=903.388..7619.415 rows=43446 loops=1)
              Hash Cond: (mi.movie_id = t.id)
              ->  Seq Scan on movie_info mi  (cost=0.00..309384.22 rows=14739122 width=4) (actual time=0.011..3714.654 rows=14835720 loops=1)
              ->  Hash  (cost=73925.90..73925.90 rows=2905 width=4) (actual time=903.320..903.320 rows=4122 loops=1)
                    Buckets: 8192 (originally 4096)  Batches: 1 (originally 1)  Memory Usage: 209kB
                    ->  Seq Scan on title t  (cost=0.00..73925.90 rows=2905 width=4) (actual time=0.102..901.162 rows=4122 loops=1)
                          Filter: ((kind_id < 7) AND (production_year = 1960))
                          Rows Removed by Filter: 2524190
Planning time: 1.219 ms
Execution time: 25105.091 ms
