Hash Join  (cost=83810.17..164523.86 rows=642689 width=0) (actual time=1595.471..3998.397 rows=1375193 loops=1)
  Hash Cond: (mc.movie_id = t.id)
  ->  Seq Scan on movie_companies mc  (cost=0.00..51404.11 rows=1645248 width=4) (actual time=0.026..975.914 rows=1643569 loops=1)
        Filter: (company_id > 4011)
        Rows Removed by Filter: 965560
  ->  Hash  (cost=67604.59..67604.59 rows=987727 width=4) (actual time=1594.716..1594.716 rows=985048 loops=1)
        Buckets: 131072  Batches: 16  Memory Usage: 3188kB
        ->  Seq Scan on title t  (cost=0.00..67604.59 rows=987727 width=4) (actual time=0.010..1233.696 rows=985048 loops=1)
              Filter: (kind_id < 7)
              Rows Removed by Filter: 1543264
Planning time: 0.592 ms
Execution time: 4164.389 ms
