Hash Join  (cost=103604.85..270693.85 rows=3236505 width=0) (actual time=2747.307..6762.136 rows=1621697 loops=1)
  Hash Cond: (mk.movie_id = t.id)
  ->  Seq Scan on movie_keyword mk  (cost=0.00..69693.30 rows=4523930 width=4) (actual time=0.014..1320.261 rows=4523930 loops=1)
  ->  Hash  (cost=73925.90..73925.90 rows=1808956 width=4) (actual time=2746.373..2746.373 rows=1799907 loops=1)
        Buckets: 131072  Batches: 32  Memory Usage: 3013kB
        ->  Seq Scan on title t  (cost=0.00..73925.90 rows=1808956 width=4) (actual time=0.017..1368.826 rows=1799907 loops=1)
              Filter: ((kind_id > 1) AND (production_year > 0))
              Rows Removed by Filter: 728405
Planning time: 0.678 ms
Execution time: 6950.732 ms
