Hash Join  (cost=238466.55..1076675.97 rows=2809550 width=0) (actual time=5550.523..27080.748 rows=27336716 loops=1)
  Hash Cond: (ci.movie_id = t.id)
  ->  Seq Scan on cast_info ci  (cost=0.00..705507.15 rows=7889751 width=4) (actual time=0.016..10561.582 rows=7869481 loops=1)
        Filter: (person_id > 2891029)
        Rows Removed by Filter: 28374863
  ->  Hash  (cost=223693.40..223693.40 rows=900412 width=8) (actual time=5549.310..5549.310 rows=1476013 loops=1)
        Buckets: 131072 (originally 131072)  Batches: 32 (originally 16)  Memory Usage: 3073kB
        ->  Hash Join  (cost=82776.67..223693.40 rows=900412 width=8) (actual time=1199.290..5091.371 rows=1476013 loops=1)
              Hash Cond: (mk.movie_id = t.id)
              ->  Seq Scan on movie_keyword mk  (cost=0.00..81003.12 rows=4220664 width=4) (actual time=0.020..1672.605 rows=4224360 loops=1)
                    Filter: (keyword_id < 53967)
                    Rows Removed by Filter: 299570
              ->  Hash  (cost=73925.90..73925.90 rows=539421 width=4) (actual time=1198.246..1198.246 rows=459810 loops=1)
                    Buckets: 131072  Batches: 8  Memory Usage: 3049kB
                    ->  Seq Scan on title t  (cost=0.00..73925.90 rows=539421 width=4) (actual time=0.025..1044.687 rows=459810 loops=1)
                          Filter: ((kind_id < 7) AND (production_year > 2000))
                          Rows Removed by Filter: 2068502
Planning time: 1.191 ms
Execution time: 29920.437 ms
