Seq Scan on movie_companies mc  (cost=0.00..57926.93 rows=260273 width=0) (actual time=424.982..779.568 rows=136731 loops=1)
  Filter: ((company_id < 467) AND (company_type_id > 1))
  Rows Removed by Filter: 2472398
Planning time: 0.334 ms
Execution time: 795.051 ms
