Seq Scan on movie_companies mc  (cost=0.00..57926.93 rows=53 width=0) (actual time=327.701..862.973 rows=430 loops=1)
  Filter: ((company_type_id > 1) AND (company_id = 5898))
  Rows Removed by Filter: 2608699
Planning time: 0.349 ms
Execution time: 863.160 ms
