Seq Scan on movie_keyword mk  (cost=0.00..81003.12 rows=291724 width=0) (actual time=0.011..1209.731 rows=287775 loops=1)
  Filter: (keyword_id > 55609)
  Rows Removed by Filter: 4236155
Planning time: 0.221 ms
Execution time: 1247.816 ms
