Hash Join  (cost=797557.90..852225.24 rows=182 width=0) (actual time=9950.045..10963.684 rows=45 loops=1)
  Hash Cond: (mc.movie_id = t.id)
  ->  Seq Scan on movie_companies mc  (cost=0.00..44881.29 rows=2609129 width=4) (actual time=0.023..557.927 rows=2609129 loops=1)
  ->  Hash  (cost=797555.70..797555.70 rows=176 width=8) (actual time=9902.754..9902.754 rows=909 loops=1)
        Buckets: 1024  Batches: 1  Memory Usage: 44kB
        ->  Nested Loop  (cost=0.43..797555.70 rows=176 width=8) (actual time=3019.134..9902.377 rows=909 loops=1)
              ->  Seq Scan on cast_info ci  (cost=0.00..796071.18 rows=176 width=4) (actual time=3018.934..9891.505 rows=909 loops=1)
                    Filter: ((person_id = 1193313) AND (role_id = 1))
                    Rows Removed by Filter: 36243435
              ->  Index Only Scan using title_pkey on title t  (cost=0.43..8.42 rows=1 width=4) (actual time=0.011..0.011 rows=1 loops=909)
                    Index Cond: (id = ci.movie_id)
                    Heap Fetches: 909
Planning time: 1.122 ms
Execution time: 10963.802 ms
