Hash Join  (cost=263115.61..802486.86 rows=7742780 width=0) (actual time=6153.263..27424.830 rows=45288910 loops=1)
  Hash Cond: (mi.movie_id = t.id)
  ->  Seq Scan on movie_info mi  (cost=0.00..346232.03 rows=7503588 width=4) (actual time=0.016..6666.928 rows=7548855 loops=1)
        Filter: (info_type_id > 7)
        Rows Removed by Filter: 7286865
  ->  Hash  (cost=220309.49..220309.49 rows=2609129 width=8) (actual time=6150.501..6150.501 rows=2609129 loops=1)
        Buckets: 131072  Batches: 64  Memory Usage: 2692kB
        ->  Hash Join  (cost=102767.86..220309.49 rows=2609129 width=8) (actual time=1931.179..5402.625 rows=2609129 loops=1)
              Hash Cond: (mc.movie_id = t.id)
              ->  Seq Scan on movie_companies mc  (cost=0.00..44881.29 rows=2609129 width=4) (actual time=0.013..997.831 rows=2609129 loops=1)
              ->  Hash  (cost=61283.27..61283.27 rows=2528527 width=4) (actual time=1930.277..1930.277 rows=2528312 loops=1)
                    Buckets: 131072  Batches: 64  Memory Usage: 2415kB
                    ->  Seq Scan on title t  (cost=0.00..61283.27 rows=2528527 width=4) (actual time=0.023..1116.223 rows=2528312 loops=1)
Planning time: 1.857 ms
Execution time: 32443.149 ms
