Hash Join  (cost=234427.15..689628.81 rows=3776116 width=0) (actual time=5604.360..14608.918 rows=3846061 loops=1)
  Hash Cond: (mi.movie_id = t.id)
  ->  Seq Scan on movie_info mi  (cost=0.00..346232.03 rows=4972096 width=4) (actual time=467.063..5696.957 rows=4923966 loops=1)
        Filter: (info_type_id < 5)
        Rows Removed by Filter: 9911754
  ->  Hash  (cost=202921.16..202921.16 rows=1920319 width=8) (actual time=5136.537..5136.537 rows=1301439 loops=1)
        Buckets: 131072  Batches: 32  Memory Usage: 2596kB
        ->  Hash Join  (cost=98137.04..202921.16 rows=1920319 width=8) (actual time=1832.152..4758.994 rows=1301439 loops=1)
              Hash Cond: (mc.movie_id = t.id)
              ->  Seq Scan on movie_companies mc  (cost=0.00..44881.29 rows=2609129 width=4) (actual time=0.028..895.581 rows=2609129 loops=1)
              ->  Hash  (cost=67604.59..67604.59 rows=1860996 width=4) (actual time=1830.829..1830.829 rows=1865487 loops=1)
                    Buckets: 131072  Batches: 32  Memory Usage: 3079kB
                    ->  Seq Scan on title t  (cost=0.00..67604.59 rows=1860996 width=4) (actual time=0.014..1242.120 rows=1865487 loops=1)
                          Filter: (kind_id > 1)
                          Rows Removed by Filter: 662825
Planning time: 1.204 ms
Execution time: 15011.080 ms
