Hash Join  (cost=52284.99..138944.89 rows=186 width=0) (actual time=1075.766..2320.768 rows=14 loops=1)
  Hash Cond: (mk.movie_id = t.id)
  ->  Seq Scan on movie_keyword mk  (cost=0.00..69693.30 rows=4523930 width=4) (actual time=0.025..782.291 rows=4523930 loops=1)
  ->  Hash  (cost=52283.69..52283.69 rows=104 width=8) (actual time=775.786..775.786 rows=20 loops=1)
        Buckets: 1024  Batches: 1  Memory Usage: 9kB
        ->  Nested Loop  (cost=0.43..52283.69 rows=104 width=8) (actual time=5.017..775.754 rows=20 loops=1)
              ->  Seq Scan on movie_companies mc  (cost=0.00..51404.11 rows=104 width=4) (actual time=4.936..774.949 rows=20 loops=1)
                    Filter: (company_id = 907)
                    Rows Removed by Filter: 2609109
              ->  Index Only Scan using title_pkey on title t  (cost=0.43..8.45 rows=1 width=4) (actual time=0.035..0.036 rows=1 loops=20)
                    Index Cond: (id = mc.movie_id)
                    Heap Fetches: 20
Planning time: 1.090 ms
Execution time: 2320.871 ms
