Hash Join  (cost=97066.09..1295510.05 rows=17328898 width=0) (actual time=2303.298..33259.082 rows=16776747 loops=1)
  Hash Cond: (ci.movie_id = t.id)
  ->  Seq Scan on cast_info ci  (cost=0.00..705507.15 rows=24400567 width=4) (actual time=576.253..13548.838 rows=24503577 loops=1)
        Filter: (person_id > 1153079)
        Rows Removed by Filter: 11740767
  ->  Hash  (cost=67604.59..67604.59 rows=1795720 width=4) (actual time=1725.829..1725.829 rows=1794153 loops=1)
        Buckets: 131072  Batches: 32  Memory Usage: 2992kB
        ->  Seq Scan on title t  (cost=0.00..67604.59 rows=1795720 width=4) (actual time=0.020..1150.201 rows=1794153 loops=1)
              Filter: (production_year < 2009)
              Rows Removed by Filter: 734159
Planning time: 0.500 ms
Execution time: 35246.367 ms
