Hash Join  (cost=102767.86..182722.99 rows=775940 width=0) (actual time=2141.367..3980.093 rows=766852 loops=1)
  Hash Cond: (mc.movie_id = t.id)
  ->  Seq Scan on movie_companies mc  (cost=0.00..51404.11 rows=775940 width=4) (actual time=0.024..849.924 rows=766852 loops=1)
        Filter: (company_id < 1603)
        Rows Removed by Filter: 1842277
  ->  Hash  (cost=61283.27..61283.27 rows=2528527 width=4) (actual time=2140.355..2140.355 rows=2528312 loops=1)
        Buckets: 131072  Batches: 64  Memory Usage: 2415kB
        ->  Seq Scan on title t  (cost=0.00..61283.27 rows=2528527 width=4) (actual time=0.004..981.409 rows=2528312 loops=1)
Planning time: 0.742 ms
Execution time: 4068.891 ms
