Hash Join  (cost=92279.71..238667.10 rows=2001536 width=0) (actual time=1667.365..5370.034 rows=557439 loops=1)
  Hash Cond: (mk.movie_id = t.id)
  ->  Seq Scan on movie_keyword mk  (cost=0.00..69693.30 rows=4523930 width=4) (actual time=0.013..1452.171 rows=4523930 loops=1)
  ->  Hash  (cost=73925.90..73925.90 rows=1118704 width=4) (actual time=1652.701..1652.701 rows=1210549 loops=1)
        Buckets: 131072  Batches: 16  Memory Usage: 3701kB
        ->  Seq Scan on title t  (cost=0.00..73925.90 rows=1118704 width=4) (actual time=0.141..1274.741 rows=1210549 loops=1)
              Filter: ((kind_id > 4) AND (production_year > 1987))
              Rows Removed by Filter: 1317763
Planning time: 0.725 ms
Execution time: 5438.070 ms
