Seq Scan on movie_companies mc  (cost=0.00..51404.11 rows=86162 width=0) (actual time=156.428..708.776 rows=86189 loops=1)
  Filter: (company_id > 166062)
  Rows Removed by Filter: 2522940
Planning time: 3.319 ms
Execution time: 720.072 ms
