Hash Join  (cost=58358.94..85269.67 rows=24 width=0) (actual time=1035.307..1390.007 rows=190 loops=1)
  Hash Cond: (mi_idx.movie_id = t.id)
  ->  Seq Scan on movie_info_idx mi_idx  (cost=0.00..21735.35 rows=1380035 width=4) (actual time=0.018..277.657 rows=1380035 loops=1)
  ->  Hash  (cost=58358.39..58358.39 rows=44 width=8) (actual time=856.905..856.905 rows=66 loops=1)
        Buckets: 1024  Batches: 1  Memory Usage: 11kB
        ->  Nested Loop  (cost=0.43..58358.39 rows=44 width=8) (actual time=204.570..856.827 rows=66 loops=1)
              ->  Seq Scan on movie_companies mc  (cost=0.00..57926.93 rows=51 width=4) (actual time=204.504..848.612 rows=140 loops=1)
                    Filter: ((company_type_id < 2) AND (company_id = 12673))
                    Rows Removed by Filter: 2608989
              ->  Index Scan using title_pkey on title t  (cost=0.43..8.45 rows=1 width=4) (actual time=0.057..0.057 rows=0 loops=140)
                    Index Cond: (id = mc.movie_id)
                    Filter: (production_year > 1963)
                    Rows Removed by Filter: 1
Planning time: 1.143 ms
Execution time: 1390.222 ms
