Hash Join  (cost=73982.55..160721.67 rows=8108 width=0) (actual time=1424.774..2716.418 rows=3699 loops=1)
  Hash Cond: (mk.movie_id = t.id)
  ->  Seq Scan on movie_keyword mk  (cost=0.00..69693.30 rows=4523930 width=4) (actual time=0.015..863.295 rows=4523930 loops=1)
  ->  Hash  (cost=73925.90..73925.90 rows=4532 width=4) (actual time=1059.660..1059.660 rows=8404 loops=1)
        Buckets: 16384 (originally 8192)  Batches: 1 (originally 1)  Memory Usage: 424kB
        ->  Seq Scan on title t  (cost=0.00..73925.90 rows=4532 width=4) (actual time=0.053..1055.286 rows=8404 loops=1)
              Filter: ((kind_id = 7) AND (production_year = 1983))
              Rows Removed by Filter: 2519908
Planning time: 0.772 ms
Execution time: 2717.122 ms
