Seq Scan on movie_keyword mk  (cost=0.00..81003.12 rows=3379588 width=0) (actual time=0.022..1350.872 rows=3369891 loops=1)
  Filter: (keyword_id > 1337)
  Rows Removed by Filter: 1154039
Planning time: 0.323 ms
Execution time: 1774.188 ms
