Seq Scan on movie_keyword mk  (cost=0.00..81003.12 rows=525385 width=0) (actual time=0.025..1183.560 rows=515361 loops=1)
  Filter: (keyword_id > 35141)
  Rows Removed by Filter: 4008569
Planning time: 0.289 ms
Execution time: 1251.206 ms
