Hash Join  (cost=709678.15..1074363.23 rows=2915 width=0) (actual time=9289.409..15066.078 rows=898 loops=1)
  Hash Cond: (mi.movie_id = t.id)
  ->  Seq Scan on movie_info mi  (cost=0.00..309384.22 rows=14739122 width=4) (actual time=0.024..3315.764 rows=14835720 loops=1)
  ->  Hash  (cost=709671.90..709671.90 rows=500 width=8) (actual time=9254.086..9254.086 rows=368 loops=1)
        Buckets: 1024  Batches: 1  Memory Usage: 23kB
        ->  Nested Loop  (cost=0.43..709671.90 rows=500 width=8) (actual time=88.439..9253.905 rows=368 loops=1)
              ->  Seq Scan on cast_info ci  (cost=0.00..705507.15 rows=500 width=4) (actual time=88.347..9248.402 rows=368 loops=1)
                    Filter: (person_id = 1053454)
                    Rows Removed by Filter: 36243976
              ->  Index Only Scan using title_pkey on title t  (cost=0.43..8.32 rows=1 width=4) (actual time=0.014..0.014 rows=1 loops=368)
                    Index Cond: (id = ci.movie_id)
                    Heap Fetches: 368
Planning time: 6.278 ms
Execution time: 15066.342 ms
