Hash Join  (cost=236799.73..1449072.40 rows=17373250 width=0) (actual time=5839.903..66123.843 rows=133372936 loops=1)
  Hash Cond: (ci.movie_id = t.id)
  ->  Seq Scan on cast_info ci  (cost=0.00..614943.12 rows=36225612 width=4) (actual time=0.019..12373.867 rows=36244344 loops=1)
  ->  Hash  (cost=216904.69..216904.69 rows=1212643 width=8) (actual time=5837.994..5837.994 rows=2651030 loops=1)
        Buckets: 131072 (originally 131072)  Batches: 64 (originally 16)  Memory Usage: 3073kB
        ->  Hash Join  (cost=83600.04..216904.69 rows=1212643 width=8) (actual time=1444.614..5097.826 rows=2651030 loops=1)
              Hash Cond: (mk.movie_id = t.id)
              ->  Seq Scan on movie_keyword mk  (cost=0.00..81003.12 rows=3145092 width=4) (actual time=0.025..1486.238 rows=3129446 loops=1)
                    Filter: (keyword_id < 12015)
                    Rows Removed by Filter: 1394484
              ->  Hash  (cost=67604.59..67604.59 rows=974916 width=4) (actual time=1443.576..1443.576 rows=972448 loops=1)
                    Buckets: 131072  Batches: 16  Memory Usage: 3169kB
                    ->  Seq Scan on title t  (cost=0.00..67604.59 rows=974916 width=4) (actual time=0.031..1121.278 rows=972448 loops=1)
                          Filter: (kind_id < 6)
                          Rows Removed by Filter: 1555864
Planning time: 1.266 ms
Execution time: 80059.773 ms
