Seq Scan on movie_info mi  (cost=0.00..346232.03 rows=13613071 width=0) (actual time=0.027..4872.550 rows=13655071 loops=1)
  Filter: (info_type_id < 43)
  Rows Removed by Filter: 1180649
Planning time: 0.300 ms
Execution time: 6463.127 ms
