Hash Join  (cost=99758.49..216097.25 rows=954472 width=0) (actual time=1873.561..4412.700 rows=529347 loops=1)
  Hash Cond: (mk.movie_id = t.id)
  ->  Seq Scan on movie_keyword mk  (cost=0.00..81003.12 rows=1532783 width=4) (actual time=0.025..1396.332 rows=1540940 loops=1)
        Filter: (keyword_id < 2273)
        Rows Removed by Filter: 2982990
  ->  Hash  (cost=73925.90..73925.90 rows=1574527 width=4) (actual time=1871.540..1871.540 rows=1690206 loops=1)
        Buckets: 131072  Batches: 32  Memory Usage: 2892kB
        ->  Seq Scan on title t  (cost=0.00..73925.90 rows=1574527 width=4) (actual time=0.019..1304.533 rows=1690206 loops=1)
              Filter: ((kind_id > 1) AND (production_year > 1966))
              Rows Removed by Filter: 838106
Planning time: 0.709 ms
Execution time: 4472.030 ms
