Hash Join  (cost=87442.78..174212.21 rows=850091 width=0) (actual time=1387.539..3850.193 rows=1379126 loops=1)
  Hash Cond: (mc.movie_id = t.id)
  ->  Seq Scan on movie_companies mc  (cost=0.00..44881.29 rows=2609129 width=4) (actual time=0.023..939.500 rows=2609129 loops=1)
  ->  Hash  (cost=73925.90..73925.90 rows=823830 width=4) (actual time=1386.506..1386.506 rows=737996 loops=1)
        Buckets: 131072  Batches: 16  Memory Usage: 2648kB
        ->  Seq Scan on title t  (cost=0.00..73925.90 rows=823830 width=4) (actual time=0.033..1175.235 rows=737996 loops=1)
              Filter: ((kind_id < 7) AND (production_year > 1968))
              Rows Removed by Filter: 1790316
Planning time: 0.710 ms
Execution time: 3981.120 ms
