Seq Scan on cast_info ci  (cost=0.00..796071.18 rows=14608068 width=0) (actual time=602.802..13047.090 rows=17962632 loops=1)
  Filter: ((person_id < 2226179) AND (role_id < 4))
  Rows Removed by Filter: 18281712
Planning time: 0.325 ms
Execution time: 15080.955 ms
