Hash Join  (cost=132712.90..497470.36 rows=175476 width=0) (actual time=5816.621..8719.244 rows=1181754 loops=1)
  Hash Cond: (mi.movie_id = t.id)
  ->  Seq Scan on movie_info mi  (cost=0.00..346232.03 rows=1338312 width=4) (actual time=2931.927..4632.017 rows=1401902 loops=1)
        Filter: (info_type_id = 7)
        Rows Removed by Filter: 13433818
  ->  Hash  (cost=127272.74..127272.74 rows=331533 width=8) (actual time=2883.694..2883.694 rows=720537 loops=1)
        Buckets: 131072 (originally 131072)  Batches: 16 (originally 8)  Memory Usage: 3073kB
        ->  Hash Join  (cost=83891.93..127272.74 rows=331533 width=8) (actual time=1327.529..2661.560 rows=720537 loops=1)
              Hash Cond: (mi_idx.movie_id = t.id)
              ->  Seq Scan on movie_info_idx mi_idx  (cost=0.00..21735.35 rows=1380035 width=4) (actual time=0.029..382.459 rows=1380035 loops=1)
              ->  Hash  (cost=73925.90..73925.90 rows=607442 width=4) (actual time=1326.738..1326.738 rows=675690 loops=1)
                    Buckets: 131072  Batches: 8  Memory Usage: 4012kB
                    ->  Seq Scan on title t  (cost=0.00..73925.90 rows=607442 width=4) (actual time=0.025..1117.585 rows=675690 loops=1)
                          Filter: ((kind_id < 7) AND (production_year < 2007))
                          Rows Removed by Filter: 1852622
Planning time: 1.162 ms
Execution time: 8831.363 ms
