Seq Scan on movie_keyword mk  (cost=0.00..81003.12 rows=246 width=0) (actual time=1.089..1266.700 rows=260 loops=1)
  Filter: (keyword_id = 45802)
  Rows Removed by Filter: 4523670
Planning time: 0.389 ms
Execution time: 1266.925 ms
