Hash Join  (cost=263115.61..1247144.12 rows=7523442 width=0) (actual time=10261.276..33256.814 rows=26996615 loops=1)
  Hash Cond: (ci.movie_id = t.id)
  ->  Seq Scan on cast_info ci  (cost=0.00..796071.18 rows=7291026 width=4) (actual time=4126.341..13730.175 rows=10944689 loops=1)
        Filter: ((person_id > 1986690) AND (role_id > 2))
        Rows Removed by Filter: 25299655
  ->  Hash  (cost=220309.49..220309.49 rows=2609129 width=8) (actual time=6133.234..6133.234 rows=2609129 loops=1)
        Buckets: 131072  Batches: 64  Memory Usage: 2610kB
        ->  Hash Join  (cost=102767.86..220309.49 rows=2609129 width=8) (actual time=1750.574..5340.193 rows=2609129 loops=1)
              Hash Cond: (mc.movie_id = t.id)
              ->  Seq Scan on movie_companies mc  (cost=0.00..44881.29 rows=2609129 width=4) (actual time=0.023..873.832 rows=2609129 loops=1)
              ->  Hash  (cost=61283.27..61283.27 rows=2528527 width=4) (actual time=1748.790..1748.790 rows=2528312 loops=1)
                    Buckets: 131072  Batches: 64  Memory Usage: 2415kB
                    ->  Seq Scan on title t  (cost=0.00..61283.27 rows=2528527 width=4) (actual time=0.020..910.717 rows=2528312 loops=1)
Planning time: 1.131 ms
Execution time: 36398.514 ms
