Seq Scan on cast_info ci  (cost=0.00..796071.18 rows=7861999 width=0) (actual time=2806.676..11934.821 rows=11096206 loops=1)
  Filter: ((person_id > 1845100) AND (role_id > 2))
  Rows Removed by Filter: 25148138
Planning time: 0.331 ms
Execution time: 13257.264 ms
