Seq Scan on movie_companies mc  (cost=0.00..57926.93 rows=219661 width=0) (actual time=27.760..725.055 rows=102927 loops=1)
  Filter: ((company_id < 312) AND (company_type_id = 2))
  Rows Removed by Filter: 2506202
Planning time: 0.351 ms
Execution time: 739.288 ms
