Seq Scan on movie_keyword mk  (cost=0.00..81003.12 rows=4482127 width=0) (actual time=0.029..1501.760 rows=4485270 loops=1)
  Filter: (keyword_id < 105352)
  Rows Removed by Filter: 38660
Planning time: 0.295 ms
Execution time: 2082.766 ms
