Seq Scan on movie_keyword mk  (cost=0.00..81003.12 rows=3168918 width=0) (actual time=0.027..1453.567 rows=3151756 loops=1)
  Filter: (keyword_id > 1806)
  Rows Removed by Filter: 1372174
Planning time: 0.332 ms
Execution time: 1850.448 ms
