Seq Scan on movie_keyword mk  (cost=0.00..81003.12 rows=939001 width=0) (actual time=0.024..1257.865 rows=949497 loops=1)
  Filter: (keyword_id > 20002)
  Rows Removed by Filter: 3574433
Planning time: 0.309 ms
Execution time: 1381.396 ms
