Hash Join  (cost=69186.59..166075.08 rows=60097 width=134) (actual time=365.198..1185.756 rows=52796 loops=1)
  Hash Cond: (mc.movie_id = t.id)
  ->  Seq Scan on movie_companies mc  (cost=0.00..44881.29 rows=2609129 width=40) (actual time=0.024..217.010 rows=2609129 loops=1)
  ->  Hash  (cost=67604.59..67604.59 rows=58240 width=94) (actual time=364.942..364.942 rows=58590 loops=1)
        Buckets: 32768  Batches: 2  Memory Usage: 3509kB
        ->  Seq Scan on title t  (cost=0.00..67604.59 rows=58240 width=94) (actual time=0.031..350.584 rows=58590 loops=1)
              Filter: (production_year = 2001)
              Rows Removed by Filter: 2469722
Planning time: 0.589 ms
Execution time: 1187.807 ms
