Hash Join  (cost=129268.27..255162.40 rows=319409 width=0) (actual time=2486.617..5567.715 rows=607214 loops=1)
  Hash Cond: (mk.movie_id = t.id)
  ->  Seq Scan on movie_keyword mk  (cost=0.00..69693.30 rows=4523930 width=4) (actual time=0.019..1256.103 rows=4523930 loops=1)
  ->  Hash  (cost=126338.71..126338.71 rows=178525 width=8) (actual time=2485.813..2485.813 rows=152323 loops=1)
        Buckets: 131072  Batches: 4  Memory Usage: 2523kB
        ->  Hash Join  (cost=90234.05..126338.71 rows=178525 width=8) (actual time=1549.917..2433.867 rows=152323 loops=1)
              Hash Cond: (mi_idx.movie_id = t.id)
              ->  Seq Scan on movie_info_idx mi_idx  (cost=0.00..25185.44 rows=454124 width=4) (actual time=0.034..442.053 rows=459925 loops=1)
                    Filter: (info_type_id = 100)
                    Rows Removed by Filter: 920110
              ->  Hash  (cost=73925.90..73925.90 rows=994012 width=4) (actual time=1548.938..1548.938 rows=923721 loops=1)
                    Buckets: 131072  Batches: 16  Memory Usage: 3057kB
                    ->  Seq Scan on title t  (cost=0.00..73925.90 rows=994012 width=4) (actual time=0.022..1258.724 rows=923721 loops=1)
                          Filter: ((kind_id > 1) AND (production_year < 2005))
                          Rows Removed by Filter: 1604591
Planning time: 1.063 ms
Execution time: 5643.636 ms
