Seq Scan on movie_companies mc  (cost=0.00..51404.11 rows=857914 width=0) (actual time=0.027..852.773 rows=864739 loops=1)
  Filter: (company_id > 23970)
  Rows Removed by Filter: 1744390
Planning time: 0.294 ms
Execution time: 963.704 ms
