Hash Join  (cost=69305.46..779410.36 rows=14357 width=0) (actual time=13504.085..14826.672 rows=728 loops=1)
  Hash Cond: (ci.movie_id = t.id)
  ->  Seq Scan on cast_info ci  (cost=0.00..705507.15 rows=350181 width=4) (actual time=11999.404..13200.007 rows=316118 loops=1)
        Filter: (role_id > 10)
        Rows Removed by Filter: 35928226
  ->  Hash  (cost=67604.59..67604.59 rows=103670 width=4) (actual time=1497.831..1497.831 rows=103980 loops=1)
        Buckets: 131072  Batches: 2  Memory Usage: 2847kB
        ->  Seq Scan on title t  (cost=0.00..67604.59 rows=103670 width=4) (actual time=191.697..1163.713 rows=103980 loops=1)
              Filter: (production_year < 1926)
              Rows Removed by Filter: 2424332
Planning time: 0.837 ms
Execution time: 14827.201 ms
