Hash Join  (cost=135162.39..499823.57 rows=525 width=0) (actual time=2194.938..8676.713 rows=34916 loops=1)
  Hash Cond: (mi.movie_id = t.id)
  ->  Seq Scan on movie_info mi  (cost=0.00..309384.22 rows=14739122 width=4) (actual time=0.024..3481.319 rows=14835720 loops=1)
  ->  Hash  (cost=135161.26..135161.26 rows=90 width=8) (actual time=2194.264..2194.264 rows=4669 loops=1)
        Buckets: 8192 (originally 1024)  Batches: 1 (originally 1)  Memory Usage: 247kB
        ->  Hash Join  (cost=73929.13..135161.26 rows=90 width=8) (actual time=981.042..2192.196 rows=4669 loops=1)
              Hash Cond: (mc.movie_id = t.id)
              ->  Seq Scan on movie_companies mc  (cost=0.00..57926.93 rows=881146 width=4) (actual time=0.018..1039.868 rows=1078882 loops=1)
                    Filter: ((company_id > 2561) AND (company_type_id = 2))
                    Rows Removed by Filter: 1530247
              ->  Hash  (cost=73925.90..73925.90 rows=258 width=4) (actual time=980.291..980.291 rows=3378 loops=1)
                    Buckets: 4096 (originally 1024)  Batches: 1 (originally 1)  Memory Usage: 151kB
                    ->  Seq Scan on title t  (cost=0.00..73925.90 rows=258 width=4) (actual time=4.295..978.617 rows=3378 loops=1)
                          Filter: ((kind_id < 7) AND (production_year > 2013))
                          Rows Removed by Filter: 2524934
Planning time: 1.191 ms
Execution time: 8683.241 ms
