Hash Join  (cost=298395.90..1419051.07 rows=13706586 width=0) (actual time=6825.154..33115.844 rows=10272391 loops=1)
  Hash Cond: (ci.movie_id = t.id)
  ->  Seq Scan on cast_info ci  (cost=0.00..796071.18 rows=13873819 width=4) (actual time=0.019..16363.087 rows=14709650 loops=1)
        Filter: ((person_id > 493693) AND (role_id > 2))
        Rows Removed by Filter: 21534694
  ->  Hash  (cost=257411.29..257411.29 rows=2498049 width=8) (actual time=6822.012..6822.012 rows=592370 loops=1)
        Buckets: 131072  Batches: 64  Memory Usage: 1370kB
        ->  Hash Join  (cost=92883.59..257411.29 rows=2498049 width=8) (actual time=4545.864..5990.633 rows=592370 loops=1)
              Hash Cond: (mk.movie_id = t.id)
              ->  Seq Scan on movie_keyword mk  (cost=0.00..81003.12 rows=4099418 width=4) (actual time=0.018..1684.853 rows=4087742 loops=1)
                    Filter: (keyword_id > 335)
                    Rows Removed by Filter: 436188
              ->  Hash  (cost=67604.59..67604.59 rows=1540800 width=4) (actual time=2048.562..2048.562 rows=1543264 loops=1)
                    Buckets: 131072  Batches: 32  Memory Usage: 2728kB
                    ->  Seq Scan on title t  (cost=0.00..67604.59 rows=1540800 width=4) (actual time=0.025..978.755 rows=1543264 loops=1)
                          Filter: (kind_id = 7)
                          Rows Removed by Filter: 985048
Planning time: 1.157 ms
Execution time: 34350.140 ms
