Hash Join  (cost=363848.99..1487239.21 rows=20902278 width=0) (actual time=8968.728..45175.263 rows=72933009 loops=1)
  Hash Cond: (ci.movie_id = t.id)
  ->  Seq Scan on cast_info ci  (cost=0.00..705507.15 rows=12566838 width=4) (actual time=3.808..12424.211 rows=12507456 loops=1)
        Filter: (person_id < 1232976)
        Rows Removed by Filter: 23736888
  ->  Hash  (cost=294849.12..294849.12 rows=4205670 width=8) (actual time=7897.868..7897.868 rows=4185086 loops=1)
        Buckets: 131072  Batches: 64  Memory Usage: 3606kB
        ->  Hash Join  (cost=102767.86..294849.12 rows=4205670 width=8) (actual time=1748.193..6767.227 rows=4185086 loops=1)
              Hash Cond: (mk.movie_id = t.id)
              ->  Seq Scan on movie_keyword mk  (cost=0.00..81003.12 rows=4205670 width=4) (actual time=0.025..1732.131 rows=4185086 loops=1)
                    Filter: (keyword_id > 275)
                    Rows Removed by Filter: 338844
              ->  Hash  (cost=61283.27..61283.27 rows=2528527 width=4) (actual time=1746.745..1746.745 rows=2528312 loops=1)
                    Buckets: 131072  Batches: 64  Memory Usage: 2425kB
                    ->  Seq Scan on title t  (cost=0.00..61283.27 rows=2528527 width=4) (actual time=0.012..891.763 rows=2528312 loops=1)
Planning time: 1.115 ms
Execution time: 52619.667 ms
