Hash Join  (cost=128478.61..215010.99 rows=373462 width=0) (actual time=2717.891..5527.329 rows=2308160 loops=1)
  Hash Cond: (mc.movie_id = t.id)
  ->  Seq Scan on movie_companies mc  (cost=0.00..51404.11 rows=2591908 width=4) (actual time=0.018..1030.339 rows=2593208 loops=1)
        Filter: (company_id < 219994)
        Rows Removed by Filter: 15921
  ->  Hash  (cost=122500.50..122500.50 rows=364329 width=8) (actual time=2717.004..2717.004 rows=629900 loops=1)
        Buckets: 131072 (originally 131072)  Batches: 16 (originally 8)  Memory Usage: 3073kB
        ->  Hash Join  (cost=78556.72..122500.50 rows=364329 width=8) (actual time=1301.320..2545.676 rows=629900 loops=1)
              Hash Cond: (mi_idx.movie_id = t.id)
              ->  Seq Scan on movie_info_idx mi_idx  (cost=0.00..21735.35 rows=1380035 width=4) (actual time=5.706..382.626 rows=1380035 loops=1)
              ->  Hash  (cost=67604.59..67604.59 rows=667531 width=4) (actual time=1294.515..1294.515 rows=662825 loops=1)
                    Buckets: 131072  Batches: 16  Memory Usage: 2476kB
                    ->  Seq Scan on title t  (cost=0.00..67604.59 rows=667531 width=4) (actual time=0.552..1086.607 rows=662825 loops=1)
                          Filter: (kind_id = 1)
                          Rows Removed by Filter: 1865487
Planning time: 1.097 ms
Execution time: 5788.683 ms
