Hash Join  (cost=299355.01..1373370.93 rows=11667843 width=0) (actual time=11763.347..25501.041 rows=4334485 loops=1)
  Hash Cond: (ci.movie_id = t.id)
  ->  Seq Scan on cast_info ci  (cost=0.00..796071.18 rows=10701968 width=4) (actual time=5825.663..13768.070 rows=8562475 loops=1)
        Filter: ((person_id > 549570) AND (role_id = 1))
        Rows Removed by Filter: 27681869
  ->  Hash  (cost=254126.86..254126.86 rows=2756732 width=8) (actual time=5934.814..5934.814 rows=645461 loops=1)
        Buckets: 131072  Batches: 64  Memory Usage: 1402kB
        ->  Hash Join  (cost=92883.59..254126.86 rows=2756732 width=8) (actual time=4224.568..5749.481 rows=645461 loops=1)
              Hash Cond: (mk.movie_id = t.id)
              ->  Seq Scan on movie_keyword mk  (cost=0.00..69693.30 rows=4523930 width=4) (actual time=0.030..1228.705 rows=4523930 loops=1)
              ->  Hash  (cost=67604.59..67604.59 rows=1540800 width=4) (actual time=1461.417..1461.417 rows=1543264 loops=1)
                    Buckets: 131072  Batches: 32  Memory Usage: 2728kB
                    ->  Seq Scan on title t  (cost=0.00..67604.59 rows=1540800 width=4) (actual time=0.027..977.155 rows=1543264 loops=1)
                          Filter: (kind_id = 7)
                          Rows Removed by Filter: 985048
Planning time: 1.102 ms
Execution time: 26034.828 ms
