Hash Join  (cost=94699.36..895374.82 rows=1963 width=0) (actual time=5670.231..13507.252 rows=5868 loops=1)
  Hash Cond: (ci.movie_id = t.id)
  ->  Seq Scan on cast_info ci  (cost=0.00..796071.18 rows=1222573 width=4) (actual time=4293.037..11703.118 rows=2367990 loops=1)
        Filter: ((person_id > 2596417) AND (role_id = 3))
        Rows Removed by Filter: 33876354
  ->  Hash  (cost=94648.62..94648.62 rows=4059 width=8) (actual time=1375.803..1375.803 rows=9368 loops=1)
        Buckets: 16384 (originally 4096)  Batches: 1 (originally 1)  Memory Usage: 494kB
        ->  Hash Join  (cost=67697.55..94648.62 rows=4059 width=8) (actual time=797.037..1372.173 rows=9368 loops=1)
              Hash Cond: (mi_idx.movie_id = t.id)
              ->  Seq Scan on movie_info_idx mi_idx  (cost=0.00..21735.35 rows=1380035 width=4) (actual time=0.019..264.444 rows=1380035 loops=1)
              ->  Hash  (cost=67604.59..67604.59 rows=7437 width=4) (actual time=796.721..796.721 rows=14349 loops=1)
                    Buckets: 16384 (originally 8192)  Batches: 1 (originally 1)  Memory Usage: 633kB
                    ->  Seq Scan on title t  (cost=0.00..67604.59 rows=7437 width=4) (actual time=0.313..790.354 rows=14349 loops=1)
                          Filter: (production_year = 1969)
                          Rows Removed by Filter: 2513963
Planning time: 1.139 ms
Execution time: 13508.587 ms
