Hash Join  (cost=236016.41..800279.41 rows=6188518 width=0) (actual time=4809.802..18323.402 rows=2584783 loops=1)
  Hash Cond: (mi.movie_id = t.id)
  ->  Seq Scan on movie_info mi  (cost=0.00..309384.22 rows=14739122 width=4) (actual time=0.017..5511.431 rows=14835720 loops=1)
  ->  Hash  (cost=218597.75..218597.75 rows=1061653 width=8) (actual time=4588.259..4588.259 rows=232330 loops=1)
        Buckets: 131072  Batches: 16  Memory Usage: 1571kB
        ->  Hash Join  (cost=83661.18..218597.75 rows=1061653 width=8) (actual time=1263.121..4518.683 rows=232330 loops=1)
              Hash Cond: (mk.movie_id = t.id)
              ->  Seq Scan on movie_keyword mk  (cost=0.00..69693.30 rows=4523930 width=4) (actual time=0.015..1310.200 rows=4523930 loops=1)
              ->  Hash  (cost=73925.90..73925.90 rows=593382 width=4) (actual time=1262.349..1262.349 rows=486368 loops=1)
                    Buckets: 131072  Batches: 8  Memory Usage: 3153kB
                    ->  Seq Scan on title t  (cost=0.00..73925.90 rows=593382 width=4) (actual time=0.027..1097.227 rows=486368 loops=1)
                          Filter: ((production_year < 1999) AND (kind_id = 7))
                          Rows Removed by Filter: 2041944
Planning time: 1.096 ms
Execution time: 18633.528 ms
