Seq Scan on movie_keyword mk  (cost=0.00..81003.12 rows=3641145 width=0) (actual time=0.020..1364.367 rows=3632196 loops=1)
  Filter: (keyword_id > 843)
  Rows Removed by Filter: 891734
Planning time: 0.292 ms
Execution time: 1809.573 ms
