Hash Join  (cost=153419.20..1070379.42 rows=384678 width=0) (actual time=3022.522..21133.897 rows=472161 loops=1)
  Hash Cond: (ci.movie_id = t.id)
  ->  Seq Scan on cast_info ci  (cost=0.00..796071.18 rows=10089936 width=4) (actual time=0.851..13699.683 rows=13163888 loops=1)
        Filter: ((person_id < 1800335) AND (role_id < 3))
        Rows Removed by Filter: 23080456
  ->  Hash  (cost=151837.20..151837.20 rows=96400 width=8) (actual time=2898.779..2898.779 rows=59688 loops=1)
        Buckets: 131072  Batches: 2  Memory Usage: 2189kB
        ->  Hash Join  (cost=75458.68..151837.20 rows=96400 width=8) (actual time=1274.547..2878.333 rows=59688 loops=1)
              Hash Cond: (mc.movie_id = t.id)
              ->  Seq Scan on movie_companies mc  (cost=0.00..44881.29 rows=2609129 width=4) (actual time=0.021..733.215 rows=2609129 loops=1)
              ->  Hash  (cost=73925.90..73925.90 rows=93422 width=4) (actual time=1273.730..1273.730 rows=100754 loops=1)
                    Buckets: 131072  Batches: 2  Memory Usage: 2802kB
                    ->  Seq Scan on title t  (cost=0.00..73925.90 rows=93422 width=4) (actual time=0.021..1235.539 rows=100754 loops=1)
                          Filter: ((kind_id > 1) AND (production_year = 2008))
                          Rows Removed by Filter: 2427558
Planning time: 1.099 ms
Execution time: 21196.065 ms
