Hash Join  (cost=97066.09..1102848.52 rows=7228472 width=0) (actual time=2054.729..22164.693 rows=4857809 loops=1)
  Hash Cond: (ci.movie_id = t.id)
  ->  Seq Scan on cast_info ci  (cost=0.00..796071.18 rows=10178306 width=4) (actual time=289.581..14564.509 rows=7205239 loops=1)
        Filter: ((person_id > 2090615) AND (role_id < 4))
        Rows Removed by Filter: 29039105
  ->  Hash  (cost=67604.59..67604.59 rows=1795720 width=4) (actual time=1763.847..1763.847 rows=1794153 loops=1)
        Buckets: 131072  Batches: 32  Memory Usage: 2992kB
        ->  Seq Scan on title t  (cost=0.00..67604.59 rows=1795720 width=4) (actual time=0.025..1198.034 rows=1794153 loops=1)
              Filter: (production_year < 2009)
              Rows Removed by Filter: 734159
Planning time: 2.021 ms
Execution time: 22776.613 ms
