Hash Join  (cost=102767.86..188349.67 rows=738762 width=0) (actual time=1865.864..3609.647 rows=460789 loops=1)
  Hash Cond: (mc.movie_id = t.id)
  ->  Seq Scan on movie_companies mc  (cost=0.00..57926.93 rows=738762 width=4) (actual time=0.299..934.118 rows=460789 loops=1)
        Filter: ((company_id < 12844) AND (company_type_id = 2))
        Rows Removed by Filter: 2148340
  ->  Hash  (cost=61283.27..61283.27 rows=2528527 width=4) (actual time=1864.330..1864.330 rows=2528312 loops=1)
        Buckets: 131072  Batches: 64  Memory Usage: 2415kB
        ->  Seq Scan on title t  (cost=0.00..61283.27 rows=2528527 width=4) (actual time=0.016..1014.159 rows=2528312 loops=1)
Planning time: 0.668 ms
Execution time: 3667.878 ms
