Hash Join  (cost=102767.86..200871.64 rows=300102 width=0) (actual time=1825.422..3573.011 rows=318911 loops=1)
  Hash Cond: (mk.movie_id = t.id)
  ->  Seq Scan on movie_keyword mk  (cost=0.00..81003.12 rows=300102 width=4) (actual time=0.014..1140.855 rows=318911 loops=1)
        Filter: (keyword_id < 251)
        Rows Removed by Filter: 4205019
  ->  Hash  (cost=61283.27..61283.27 rows=2528527 width=4) (actual time=1824.319..1824.319 rows=2528312 loops=1)
        Buckets: 131072  Batches: 64  Memory Usage: 2425kB
        ->  Seq Scan on title t  (cost=0.00..61283.27 rows=2528527 width=4) (actual time=0.017..923.391 rows=2528312 loops=1)
Planning time: 0.666 ms
Execution time: 3608.447 ms
