Seq Scan on cast_info ci  (cost=0.00..796071.18 rows=166440 width=0) (actual time=780.767..10216.075 rows=242725 loops=1)
  Filter: ((person_id > 1884540) AND (role_id > 10))
  Rows Removed by Filter: 36001619
Planning time: 1.883 ms
Execution time: 10244.689 ms
