Hash Join  (cost=439368.21..1421138.98 rows=457150 width=0) (actual time=7707.638..26047.646 rows=1065438 loops=1)
  Hash Cond: (ci.movie_id = t.id)
  ->  Seq Scan on cast_info ci  (cost=0.00..614943.12 rows=36225612 width=4) (actual time=0.015..7660.901 rows=36244344 loops=1)
  ->  Hash  (cost=438969.35..438969.35 rows=31909 width=8) (actual time=7706.778..7706.778 rows=49505 loops=1)
        Buckets: 65536 (originally 32768)  Batches: 1 (originally 1)  Memory Usage: 2446kB
        ->  Hash Join  (cost=73994.33..438969.35 rows=31909 width=8) (actual time=1008.625..7682.913 rows=49505 loops=1)
              Hash Cond: (mi.movie_id = t.id)
              ->  Seq Scan on movie_info mi  (cost=0.00..309384.22 rows=14739122 width=4) (actual time=0.016..3453.526 rows=14835720 loops=1)
              ->  Hash  (cost=73925.90..73925.90 rows=5474 width=4) (actual time=1008.330..1008.330 rows=11034 loops=1)
                    Buckets: 16384 (originally 8192)  Batches: 1 (originally 1)  Memory Usage: 516kB
                    ->  Seq Scan on title t  (cost=0.00..73925.90 rows=5474 width=4) (actual time=0.023..1002.820 rows=11034 loops=1)
                          Filter: ((kind_id > 1) AND (production_year = 1983))
                          Rows Removed by Filter: 2517278
Planning time: 1.158 ms
Execution time: 26187.972 ms
