Hash Join  (cost=149073.96..500359.16 rows=31270 width=0) (actual time=2735.417..6729.526 rows=12198 loops=1)
  Hash Cond: (mi.movie_id = t.id)
  ->  Seq Scan on movie_info mi  (cost=0.00..346232.03 rows=1264125 width=4) (actual time=105.468..3812.040 rows=1288928 loops=1)
        Filter: (info_type_id = 2)
        Rows Removed by Filter: 13546792
  ->  Hash  (cost=148292.14..148292.14 rows=62546 width=8) (actual time=2629.310..2629.310 rows=31539 loops=1)
        Buckets: 65536  Batches: 1  Memory Usage: 1744kB
        ->  Hash Join  (cost=76243.83..148292.14 rows=62546 width=8) (actual time=1104.774..2618.134 rows=31539 loops=1)
              Hash Cond: (mc.movie_id = t.id)
              ->  Seq Scan on movie_companies mc  (cost=0.00..57926.93 rows=1119443 width=4) (actual time=0.090..1037.048 rows=1237810 loops=1)
                    Filter: ((company_id > 276) AND (company_type_id > 1))
                    Rows Removed by Filter: 1371319
              ->  Hash  (cost=73925.90..73925.90 rows=141274 width=4) (actual time=1104.068..1104.068 rows=150659 loops=1)
                    Buckets: 131072  Batches: 2  Memory Usage: 3673kB
                    ->  Seq Scan on title t  (cost=0.00..73925.90 rows=141274 width=4) (actual time=0.026..1051.115 rows=150659 loops=1)
                          Filter: ((production_year > 2011) AND (kind_id = 7))
                          Rows Removed by Filter: 2377653
Planning time: 1.183 ms
Execution time: 6731.682 ms
