Seq Scan on title t  (cost=0.00..73925.90 rows=188244 width=0) (actual time=0.020..1188.438 rows=321026 loops=1)
  Filter: ((production_year < 1991) AND (kind_id = 1))
  Rows Removed by Filter: 2207286
Planning time: 0.385 ms
Execution time: 1228.622 ms
