Hash Join  (cost=81071.32..429245.50 rows=3089 width=0) (actual time=3248.698..6357.698 rows=43 loops=1)
  Hash Cond: (mi.movie_id = t.id)
  ->  Seq Scan on movie_info mi  (cost=0.00..346232.03 rows=17937 width=4) (actual time=1758.528..4862.486 rows=109034 loops=1)
        Filter: (info_type_id = 106)
        Rows Removed by Filter: 14726686
  ->  Hash  (cost=73925.90..73925.90 rows=435473 width=4) (actual time=1414.504..1414.504 rows=293372 loops=1)
        Buckets: 131072  Batches: 8  Memory Usage: 2309kB
        ->  Seq Scan on title t  (cost=0.00..73925.90 rows=435473 width=4) (actual time=0.028..1314.360 rows=293372 loops=1)
              Filter: ((kind_id > 1) AND (production_year < 1985))
              Rows Removed by Filter: 2234940
Planning time: 0.767 ms
Execution time: 6357.777 ms
