Seq Scan on movie_keyword mk  (cost=0.00..81003.12 rows=1930077 width=0) (actual time=0.015..1263.792 rows=1940566 loops=1)
  Filter: (keyword_id > 6778)
  Rows Removed by Filter: 2583364
Planning time: 0.343 ms
Execution time: 1478.106 ms
