Seq Scan on movie_keyword mk  (cost=0.00..81003.12 rows=2553705 width=0) (actual time=0.024..1446.478 rows=2543903 loops=1)
  Filter: (keyword_id < 6391)
  Rows Removed by Filter: 1980027
Planning time: 0.318 ms
Execution time: 1779.497 ms
