Hash Join  (cost=102767.86..970993.06 rows=2588063 width=0) (actual time=1815.713..15030.130 rows=2831361 loops=1)
  Hash Cond: (ci.movie_id = t.id)
  ->  Seq Scan on cast_info ci  (cost=0.00..796071.18 rows=2588063 width=4) (actual time=45.759..10794.573 rows=2831361 loops=1)
        Filter: ((person_id < 291432) AND (role_id < 9))
        Rows Removed by Filter: 33412983
  ->  Hash  (cost=61283.27..61283.27 rows=2528527 width=4) (actual time=1768.802..1768.802 rows=2528312 loops=1)
        Buckets: 131072  Batches: 64  Memory Usage: 2415kB
        ->  Seq Scan on title t  (cost=0.00..61283.27 rows=2528527 width=4) (actual time=0.023..895.522 rows=2528312 loops=1)
Planning time: 0.950 ms
Execution time: 15328.692 ms
