Seq Scan on cast_info ci  (cost=0.00..705507.15 rows=33326575 width=0) (actual time=0.025..13083.779 rows=33398168 loops=1)
  Filter: (person_id > 275248)
  Rows Removed by Filter: 2846176
Planning time: 0.289 ms
Execution time: 17021.099 ms
