Seq Scan on cast_info ci  (cost=0.00..796071.18 rows=5323461 width=0) (actual time=780.153..9752.604 rows=2247511 loops=1)
  Filter: ((person_id < 790432) AND (role_id > 1))
  Rows Removed by Filter: 33996833
Planning time: 0.423 ms
Execution time: 10001.411 ms
