Hash Join  (cost=937867.12..1305130.62 rows=360101 width=0) (actual time=18093.743..24029.409 rows=531904 loops=1)
  Hash Cond: (mi.movie_id = t.id)
  ->  Seq Scan on movie_info mi  (cost=0.00..346232.03 rows=1264125 width=4) (actual time=362.173..5376.549 rows=1288928 loops=1)
        Filter: (info_type_id = 2)
        Rows Removed by Filter: 13546792
  ->  Hash  (cost=926049.60..926049.60 rows=720281 width=8) (actual time=17730.469..17730.469 rows=771036 loops=1)
        Buckets: 131072  Batches: 16  Memory Usage: 2905kB
        ->  Hash Join  (cost=102767.86..926049.60 rows=720281 width=8) (actual time=13725.505..17501.737 rows=771036 loops=1)
              Hash Cond: (ci.movie_id = t.id)
              ->  Seq Scan on cast_info ci  (cost=0.00..796071.18 rows=720281 width=4) (actual time=12002.628..14685.187 rows=771036 loops=1)
                    Filter: ((person_id > 26700) AND (role_id = 6))
                    Rows Removed by Filter: 35473308
              ->  Hash  (cost=61283.27..61283.27 rows=2528527 width=4) (actual time=1721.418..1721.418 rows=2528312 loops=1)
                    Buckets: 131072  Batches: 64  Memory Usage: 2415kB
                    ->  Seq Scan on title t  (cost=0.00..61283.27 rows=2528527 width=4) (actual time=0.031..917.711 rows=2528312 loops=1)
Planning time: 1.027 ms
Execution time: 24094.293 ms
