Hash Join  (cost=940805.43..1083870.03 rows=1728756 width=0) (actual time=14176.753..17178.897 rows=777 loops=1)
  Hash Cond: (mk.movie_id = t.id)
  ->  Seq Scan on movie_keyword mk  (cost=0.00..69693.30 rows=4523930 width=4) (actual time=0.021..1515.350 rows=4523930 loops=1)
  ->  Hash  (cost=924952.42..924952.42 rows=966241 width=8) (actual time=13852.405..13852.405 rows=769 loops=1)
        Buckets: 131072  Batches: 16  Memory Usage: 1033kB
        ->  Hash Join  (cost=92883.59..924952.42 rows=966241 width=8) (actual time=10714.941..13851.301 rows=769 loops=1)
              Hash Cond: (ci.movie_id = t.id)
              ->  Seq Scan on cast_info ci  (cost=0.00..796071.18 rows=1585648 width=4) (actual time=8587.849..11493.943 rows=1448 loops=1)
                    Filter: ((person_id < 754233) AND (role_id = 2))
                    Rows Removed by Filter: 36242896
              ->  Hash  (cost=67604.59..67604.59 rows=1540800 width=4) (actual time=2098.797..2098.797 rows=1543264 loops=1)
                    Buckets: 131072  Batches: 32  Memory Usage: 2722kB
                    ->  Seq Scan on title t  (cost=0.00..67604.59 rows=1540800 width=4) (actual time=0.029..1382.062 rows=1543264 loops=1)
                          Filter: (kind_id = 7)
                          Rows Removed by Filter: 985048
Planning time: 4.302 ms
Execution time: 17179.379 ms
