Hash Join  (cost=74013.52..439078.01 rows=40856 width=0) (actual time=1403.329..9246.520 rows=240194 loops=1)
  Hash Cond: (mi.movie_id = t.id)
  ->  Seq Scan on movie_info mi  (cost=0.00..309384.22 rows=14739122 width=4) (actual time=0.019..4267.939 rows=14835720 loops=1)
  ->  Hash  (cost=73925.90..73925.90 rows=7009 width=4) (actual time=1135.755..1135.755 rows=24507 loops=1)
        Buckets: 32768 (originally 8192)  Batches: 1 (originally 1)  Memory Usage: 1118kB
        ->  Seq Scan on title t  (cost=0.00..73925.90 rows=7009 width=4) (actual time=0.015..1125.747 rows=24507 loops=1)
              Filter: ((production_year < 1910) AND (kind_id = 1))
              Rows Removed by Filter: 2503805
Planning time: 0.760 ms
Execution time: 9280.806 ms
