Seq Scan on movie_companies mc  (cost=0.00..51404.11 rows=2071138 width=0) (actual time=0.013..900.528 rows=2067727 loops=1)
  Filter: (company_id < 72137)
  Rows Removed by Filter: 541402
Planning time: 0.331 ms
Execution time: 1141.376 ms
