Hash Join  (cost=123014.22..248532.86 rows=288560 width=0) (actual time=2485.311..6838.360 rows=4011510 loops=1)
  Hash Cond: (mk.movie_id = t.id)
  ->  Seq Scan on movie_keyword mk  (cost=0.00..69693.30 rows=4523930 width=4) (actual time=0.019..1321.490 rows=4523930 loops=1)
  ->  Hash  (cost=120367.19..120367.19 rows=161283 width=8) (actual time=2483.960..2483.960 rows=361998 loops=1)
        Buckets: 131072 (originally 131072)  Batches: 8 (originally 4)  Memory Usage: 3073kB
        ->  Hash Join  (cost=81206.46..120367.19 rows=161283 width=8) (actual time=1234.558..2362.254 rows=361998 loops=1)
              Hash Cond: (mi_idx.movie_id = t.id)
              ->  Seq Scan on movie_info_idx mi_idx  (cost=0.00..25185.44 rows=919057 width=4) (actual time=0.030..490.771 rows=920110 loops=1)
                    Filter: (info_type_id > 99)
                    Rows Removed by Filter: 459925
              ->  Hash  (cost=73925.90..73925.90 rows=443724 width=4) (actual time=1233.726..1233.726 rows=536860 loops=1)
                    Buckets: 131072  Batches: 8  Memory Usage: 3395kB
                    ->  Seq Scan on title t  (cost=0.00..73925.90 rows=443724 width=4) (actual time=0.034..1067.626 rows=536860 loops=1)
                          Filter: ((kind_id < 7) AND (production_year < 2002))
                          Rows Removed by Filter: 1991452
Planning time: 6.586 ms
Execution time: 7281.180 ms
