Hash Join  (cost=798791.46..853460.32 rows=334 width=0) (actual time=13216.234..14267.189 rows=478 loops=1)
  Hash Cond: (mc.movie_id = t.id)
  ->  Seq Scan on movie_companies mc  (cost=0.00..44881.29 rows=2609129 width=4) (actual time=0.024..643.165 rows=2609129 loops=1)
  ->  Hash  (cost=798787.41..798787.41 rows=324 width=8) (actual time=13161.472..13161.472 rows=236 loops=1)
        Buckets: 1024  Batches: 1  Memory Usage: 18kB
        ->  Nested Loop  (cost=0.43..798787.41 rows=324 width=8) (actual time=10319.750..13161.310 rows=236 loops=1)
              ->  Seq Scan on cast_info ci  (cost=0.00..796071.18 rows=324 width=4) (actual time=10319.626..13154.010 rows=236 loops=1)
                    Filter: ((role_id > 1) AND (person_id = 1301762))
                    Rows Removed by Filter: 36244108
              ->  Index Only Scan using title_pkey on title t  (cost=0.43..8.37 rows=1 width=4) (actual time=0.030..0.030 rows=1 loops=236)
                    Index Cond: (id = ci.movie_id)
                    Heap Fetches: 236
Planning time: 1.119 ms
Execution time: 14267.448 ms
