Seq Scan on movie_keyword mk  (cost=0.00..81003.12 rows=246 width=0) (actual time=78.981..1202.501 rows=36 loops=1)
  Filter: (keyword_id = 5734)
  Rows Removed by Filter: 4523894
Planning time: 0.344 ms
Execution time: 1202.614 ms
