Hash Join  (cost=97399.10..666193.54 rows=8339951 width=0) (actual time=2175.938..16416.337 rows=3937344 loops=1)
  Hash Cond: (mi.movie_id = t.id)
  ->  Seq Scan on movie_info mi  (cost=0.00..309384.22 rows=14739122 width=4) (actual time=0.021..5960.654 rows=14835720 loops=1)
  ->  Hash  (cost=73925.90..73925.90 rows=1430736 width=4) (actual time=2058.265..2058.265 rows=1478437 loops=1)
        Buckets: 131072  Batches: 32  Memory Usage: 2656kB
        ->  Seq Scan on title t  (cost=0.00..73925.90 rows=1430736 width=4) (actual time=0.019..1542.204 rows=1478437 loops=1)
              Filter: ((production_year > 1929) AND (kind_id = 7))
              Rows Removed by Filter: 1049875
Planning time: 0.793 ms
Execution time: 16847.311 ms
