Hash Join  (cost=461557.37..597273.14 rows=762683 width=0) (actual time=8566.117..13010.470 rows=3433984 loops=1)
  Hash Cond: (mk.movie_id = t.id)
  ->  Seq Scan on movie_keyword mk  (cost=0.00..81003.12 rows=3905284 width=4) (actual time=0.024..1838.739 rows=3905470 loops=1)
        Filter: (keyword_id > 465)
        Rows Removed by Filter: 618460
  ->  Hash  (cost=453455.76..453455.76 rows=493809 width=8) (actual time=8565.166..8565.166 rows=936925 loops=1)
        Buckets: 131072 (originally 131072)  Batches: 16 (originally 8)  Memory Usage: 3315kB
        ->  Hash Join  (cost=83810.17..453455.76 rows=493809 width=8) (actual time=3734.611..8266.177 rows=936925 loops=1)
              Hash Cond: (mi.movie_id = t.id)
              ->  Seq Scan on movie_info mi  (cost=0.00..346232.03 rows=1264125 width=4) (actual time=2183.928..5593.472 rows=1288928 loops=1)
                    Filter: (info_type_id = 2)
                    Rows Removed by Filter: 13546792
              ->  Hash  (cost=67604.59..67604.59 rows=987727 width=4) (actual time=1549.889..1549.889 rows=985048 loops=1)
                    Buckets: 131072  Batches: 16  Memory Usage: 3197kB
                    ->  Seq Scan on title t  (cost=0.00..67604.59 rows=987727 width=4) (actual time=0.021..1225.378 rows=985048 loops=1)
                          Filter: (kind_id < 7)
                          Rows Removed by Filter: 1543264
Planning time: 1.237 ms
Execution time: 13389.822 ms
