Seq Scan on movie_keyword mk  (cost=0.00..81003.12 rows=780650 width=0) (actual time=0.022..1339.491 rows=788641 loops=1)
  Filter: (keyword_id > 23840)
  Rows Removed by Filter: 3735289
Planning time: 0.298 ms
Execution time: 1444.340 ms
