Seq Scan on cast_info ci  (cost=0.00..796071.18 rows=5175128 width=0) (actual time=2670.643..14506.502 rows=7110275 loops=1)
  Filter: ((person_id < 2654626) AND (role_id = 2))
  Rows Removed by Filter: 29134069
Planning time: 5.206 ms
Execution time: 15370.790 ms
