Hash Join  (cost=215833.08..1103512.54 rows=2636515 width=0) (actual time=4659.074..22196.567 rows=4204046 loops=1)
  Hash Cond: (ci.movie_id = t.id)
  ->  Seq Scan on cast_info ci  (cost=0.00..796071.18 rows=5210168 width=4) (actual time=0.014..15111.519 rows=2166626 loops=1)
        Filter: ((person_id < 2577098) AND (role_id > 7))
        Rows Removed by Filter: 34077718
  ->  Hash  (cost=194840.12..194840.12 rows=1279517 width=8) (actual time=4658.077..4658.077 rows=1274246 loops=1)
        Buckets: 131072  Batches: 32  Memory Usage: 2553kB
        ->  Hash Join  (cost=102767.86..194840.12 rows=1279517 width=8) (actual time=1840.773..4286.564 rows=1274246 loops=1)
              Hash Cond: (mc.movie_id = t.id)
              ->  Seq Scan on movie_companies mc  (cost=0.00..51404.11 rows=1279517 width=4) (actual time=0.024..988.356 rows=1274246 loops=1)
                    Filter: (company_type_id < 2)
                    Rows Removed by Filter: 1334883
              ->  Hash  (cost=61283.27..61283.27 rows=2528527 width=4) (actual time=1839.173..1839.173 rows=2528312 loops=1)
                    Buckets: 131072  Batches: 64  Memory Usage: 2415kB
                    ->  Seq Scan on title t  (cost=0.00..61283.27 rows=2528527 width=4) (actual time=0.024..995.695 rows=2528312 loops=1)
Planning time: 1.571 ms
Execution time: 22699.705 ms
