Seq Scan on movie_keyword mk  (cost=0.00..81003.12 rows=246 width=0) (actual time=9.755..1262.167 rows=317 loops=1)
  Filter: (keyword_id = 27554)
  Rows Removed by Filter: 4523613
Planning time: 0.355 ms
Execution time: 1262.405 ms
