Hash Join  (cost=231998.36..1401197.18 rows=15604290 width=0) (actual time=5390.696..49398.708 rows=36926197 loops=1)
  Hash Cond: (ci.movie_id = t.id)
  ->  Seq Scan on cast_info ci  (cost=0.00..705507.15 rows=23499554 width=4) (actual time=0.008..16295.198 rows=23573656 loops=1)
        Filter: (role_id > 1)
        Rows Removed by Filter: 12670688
  ->  Hash  (cost=204451.80..204451.80 rows=1679005 width=8) (actual time=5389.713..5389.713 rows=1670545 loops=1)
        Buckets: 131072  Batches: 32  Memory Usage: 3021kB
        ->  Hash Join  (cost=102767.86..204451.80 rows=1679005 width=8) (actual time=1891.648..4872.476 rows=1670545 loops=1)
              Hash Cond: (mc.movie_id = t.id)
              ->  Seq Scan on movie_companies mc  (cost=0.00..51404.11 rows=1679005 width=4) (actual time=0.017..1066.585 rows=1670545 loops=1)
                    Filter: (company_id < 19099)
                    Rows Removed by Filter: 938584
              ->  Hash  (cost=61283.27..61283.27 rows=2528527 width=4) (actual time=1890.244..1890.244 rows=2528312 loops=1)
                    Buckets: 131072  Batches: 64  Memory Usage: 2415kB
                    ->  Seq Scan on title t  (cost=0.00..61283.27 rows=2528527 width=4) (actual time=0.014..1058.100 rows=2528312 loops=1)
Planning time: 1.150 ms
Execution time: 53500.038 ms
