Seq Scan on cast_info ci  (cost=0.00..796071.18 rows=1224235 width=0) (actual time=7111.125..10109.790 rows=2419262 loops=1)
  Filter: ((person_id < 323214) AND (role_id = 1))
  Rows Removed by Filter: 33825082
Planning time: 0.271 ms
Execution time: 10387.588 ms
