Hash Join  (cost=652600.50..1765258.21 rows=19699112 width=0) (actual time=20029.023..42006.007 rows=20526951 loops=1)
  Hash Cond: (ci.movie_id = t.id)
  ->  Seq Scan on cast_info ci  (cost=0.00..705507.15 rows=12726058 width=4) (actual time=4712.255..14248.698 rows=12670688 loops=1)
        Filter: (role_id = 1)
        Rows Removed by Filter: 23573656
  ->  Hash  (cost=588385.55..588385.55 rows=3913996 width=8) (actual time=15315.097..15315.097 rows=2684786 loops=1)
        Buckets: 131072  Batches: 64  Memory Usage: 2616kB
        ->  Hash Join  (cost=91397.28..588385.55 rows=3913996 width=8) (actual time=2245.610..14560.002 rows=2684786 loops=1)
              Hash Cond: (mi.movie_id = t.id)
              ->  Seq Scan on movie_info mi  (cost=0.00..346232.03 rows=9293409 width=4) (actual time=0.029..6938.541 rows=9425200 loops=1)
                    Filter: (info_type_id > 5)
                    Rows Removed by Filter: 5410520
              ->  Hash  (cost=73925.90..73925.90 rows=1064910 width=4) (actual time=2244.486..2244.486 rows=1003269 loops=1)
                    Buckets: 131072  Batches: 16  Memory Usage: 3239kB
                    ->  Seq Scan on title t  (cost=0.00..73925.90 rows=1064910 width=4) (actual time=0.019..1515.991 rows=1003269 loops=1)
                          Filter: ((kind_id > 1) AND (production_year < 2006))
                          Rows Removed by Filter: 1525043
Planning time: 1.215 ms
Execution time: 44355.417 ms
