Hash Join  (cost=979525.77..1507413.45 rows=6130673 width=0) (actual time=15430.226..27244.570 rows=6607127 loops=1)
  Hash Cond: (mi.movie_id = t.id)
  ->  Seq Scan on movie_info mi  (cost=0.00..346232.03 rows=8859586 width=4) (actual time=633.605..6419.485 rows=8966694 loops=1)
        Filter: (info_type_id < 15)
        Rows Removed by Filter: 5869026
  ->  Hash  (cost=950819.58..950819.58 rows=1749695 width=8) (actual time=14795.838..14795.838 rows=1058240 loops=1)
        Buckets: 131072  Batches: 32  Memory Usage: 2322kB
        ->  Hash Join  (cost=102767.86..950819.58 rows=1749695 width=8) (actual time=2697.031..14482.257 rows=1058240 loops=1)
              Hash Cond: (ci.movie_id = t.id)
              ->  Seq Scan on cast_info ci  (cost=0.00..796071.18 rows=1749695 width=4) (actual time=828.222..11341.843 rows=1058240 loops=1)
                    Filter: ((person_id < 363442) AND (role_id > 2))
                    Rows Removed by Filter: 35186104
              ->  Hash  (cost=61283.27..61283.27 rows=2528527 width=4) (actual time=1866.557..1866.557 rows=2528312 loops=1)
                    Buckets: 131072  Batches: 64  Memory Usage: 2415kB
                    ->  Seq Scan on title t  (cost=0.00..61283.27 rows=2528527 width=4) (actual time=0.024..1011.928 rows=2528312 loops=1)
Planning time: 0.754 ms
Execution time: 27937.982 ms
