Hash Join  (cost=73962.22..825167.57 rows=41619 width=0) (actual time=1137.991..18889.389 rows=26524 loops=1)
  Hash Cond: (ci.movie_id = t.id)
  ->  Seq Scan on cast_info ci  (cost=0.00..614943.12 rows=36225612 width=4) (actual time=0.024..9230.281 rows=36244344 loops=1)
  ->  Hash  (cost=73925.90..73925.90 rows=2905 width=4) (actual time=1137.712..1137.712 rows=7770 loops=1)
        Buckets: 8192 (originally 4096)  Batches: 1 (originally 1)  Memory Usage: 338kB
        ->  Seq Scan on title t  (cost=0.00..73925.90 rows=2905 width=4) (actual time=492.761..1134.279 rows=7770 loops=1)
              Filter: ((kind_id < 7) AND (production_year = 1912))
              Rows Removed by Filter: 2520542
Planning time: 0.704 ms
Execution time: 18894.863 ms
