Hash Join  (cost=529008.89..692627.64 rows=2951680 width=0) (actual time=12635.260..14164.558 rows=572790 loops=1)
  Hash Cond: (mk.movie_id = t.id)
  ->  Seq Scan on movie_keyword mk  (cost=0.00..69693.30 rows=4523930 width=4) (actual time=0.025..1455.144 rows=4523930 loops=1)
  ->  Hash  (cost=501941.88..501941.88 rows=1649761 width=8) (actual time=10489.226..10489.226 rows=363068 loops=1)
        Buckets: 131072  Batches: 32  Memory Usage: 1469kB
        ->  Hash Join  (cost=92811.40..501941.88 rows=1649761 width=8) (actual time=3930.956..10373.147 rows=363068 loops=1)
              Hash Cond: (mi.movie_id = t.id)
              ->  Seq Scan on movie_info mi  (cost=0.00..346232.03 rows=3623957 width=4) (actual time=1911.804..6278.439 rows=3624977 loops=1)
                    Filter: (info_type_id < 4)
                    Rows Removed by Filter: 11210743
              ->  Hash  (cost=73925.90..73925.90 rows=1151080 width=4) (actual time=2018.057..2018.057 rows=1244530 loops=1)
                    Buckets: 131072  Batches: 16  Memory Usage: 3777kB
                    ->  Seq Scan on title t  (cost=0.00..73925.90 rows=1151080 width=4) (actual time=188.990..1474.886 rows=1244530 loops=1)
                          Filter: ((production_year > 1983) AND (kind_id = 7))
                          Rows Removed by Filter: 1283782
Planning time: 1.152 ms
Execution time: 14225.012 ms
