Hash Join  (cost=84197.31..120570.85 rows=185960 width=0) (actual time=1554.857..3716.481 rows=143613 loops=1)
  Hash Cond: (mi_idx.movie_id = t.id)
  ->  Seq Scan on movie_info_idx mi_idx  (cost=0.00..25185.44 rows=464934 width=4) (actual time=0.024..441.628 rows=460185 loops=1)
        Filter: (info_type_id > 100)
        Rows Removed by Filter: 919850
  ->  Hash  (cost=67604.59..67604.59 rows=1011338 width=4) (actual time=1553.669..1553.669 rows=1012920 loops=1)
        Buckets: 131072  Batches: 16  Memory Usage: 3250kB
        ->  Seq Scan on title t  (cost=0.00..67604.59 rows=1011338 width=4) (actual time=0.025..1240.735 rows=1012920 loops=1)
              Filter: (production_year > 2005)
              Rows Removed by Filter: 1515392
Planning time: 0.755 ms
Execution time: 3736.299 ms
