Hash Join  (cost=77934.62..144641.63 rows=111973 width=0) (actual time=1347.580..2792.752 rows=235749 loops=1)
  Hash Cond: (mc.movie_id = t.id)
  ->  Seq Scan on movie_companies mc  (cost=0.00..57926.93 rows=449690 width=4) (actual time=3.985..978.042 rows=650557 loops=1)
        Filter: ((company_id < 3139) AND (company_type_id < 2))
        Rows Removed by Filter: 1958572
  ->  Hash  (cost=67604.59..67604.59 rows=629603 width=4) (actual time=1342.239..1342.239 rows=622851 loops=1)
        Buckets: 131072  Batches: 16  Memory Usage: 2387kB
        ->  Seq Scan on title t  (cost=0.00..67604.59 rows=629603 width=4) (actual time=0.014..1137.751 rows=622851 loops=1)
              Filter: (production_year < 1987)
              Rows Removed by Filter: 1905461
Planning time: 0.516 ms
Execution time: 2822.119 ms
