Seq Scan on cast_info ci  (cost=0.00..796071.18 rows=529357 width=0) (actual time=7538.545..10969.210 rows=1027193 loops=1)
  Filter: ((person_id < 143715) AND (role_id = 1))
  Rows Removed by Filter: 35217151
Planning time: 0.423 ms
Execution time: 11085.870 ms
