Hash Join  (cost=114113.75..844204.28 rows=174344 width=0) (actual time=2179.567..15001.466 rows=306740 loops=1)
  Hash Cond: (ci.movie_id = t.id)
  ->  Seq Scan on cast_info ci  (cost=0.00..705507.15 rows=6090650 width=4) (actual time=0.051..10982.607 rows=6164503 loops=1)
        Filter: (person_id > 3034213)
        Rows Removed by Filter: 30079841
  ->  Hash  (cost=113209.01..113209.01 rows=72379 width=8) (actual time=2178.950..2178.950 rows=37696 loops=1)
        Buckets: 131072  Batches: 1  Memory Usage: 2497kB
        ->  Hash Join  (cost=80384.28..113209.01 rows=72379 width=8) (actual time=1405.580..2164.403 rows=37696 loops=1)
              Hash Cond: (mi_idx.movie_id = t.id)
              ->  Seq Scan on movie_info_idx mi_idx  (cost=0.00..25185.44 rows=464934 width=4) (actual time=0.015..484.517 rows=460185 loops=1)
                    Filter: (info_type_id > 100)
                    Rows Removed by Filter: 919850
              ->  Hash  (cost=73925.90..73925.90 rows=393630 width=4) (actual time=1403.922..1403.922 rows=401187 loops=1)
                    Buckets: 131072  Batches: 8  Memory Usage: 2794kB
                    ->  Seq Scan on title t  (cost=0.00..73925.90 rows=393630 width=4) (actual time=0.018..1273.295 rows=401187 loops=1)
                          Filter: ((kind_id > 1) AND (production_year > 2009))
                          Rows Removed by Filter: 2127125
Planning time: 0.748 ms
Execution time: 15043.277 ms
