Seq Scan on cast_info ci  (cost=0.00..796071.18 rows=324 width=0) (actual time=11090.950..14198.689 rows=2 loops=1)
  Filter: ((role_id > 1) AND (person_id = 2924444))
  Rows Removed by Filter: 36244342
Planning time: 0.381 ms
Execution time: 14198.791 ms
