Hash Join  (cost=94024.89..650876.74 rows=6077957 width=0) (actual time=2839.157..16799.392 rows=2862968 loops=1)
  Hash Cond: (mi.movie_id = t.id)
  ->  Seq Scan on movie_info mi  (cost=0.00..346232.03 rows=12545135 width=4) (actual time=651.025..7233.220 rows=12601870 loops=1)
        Filter: (info_type_id < 17)
        Rows Removed by Filter: 2233850
  ->  Hash  (cost=73925.90..73925.90 rows=1225039 width=4) (actual time=2187.179..2187.179 rows=1308896 loops=1)
        Buckets: 131072  Batches: 32  Memory Usage: 2474kB
        ->  Seq Scan on title t  (cost=0.00..73925.90 rows=1225039 width=4) (actual time=0.027..1454.090 rows=1308896 loops=1)
              Filter: ((production_year > 1975) AND (kind_id = 7))
              Rows Removed by Filter: 1219416
Planning time: 0.755 ms
Execution time: 17100.728 ms
