Seq Scan on movie_keyword mk  (cost=0.00..81003.12 rows=1223924 width=0) (actual time=0.029..1291.674 rows=1233447 loops=1)
  Filter: (keyword_id > 14687)
  Rows Removed by Filter: 3290483
Planning time: 0.318 ms
Execution time: 1443.132 ms
