Hash Join  (cost=257257.40..357927.07 rows=1621874 width=0) (actual time=5494.745..10729.765 rows=12397683 loops=1)
  Hash Cond: (mc.movie_id = t.id)
  ->  Seq Scan on movie_companies mc  (cost=0.00..44881.29 rows=2609129 width=4) (actual time=0.014..966.806 rows=2609129 loops=1)
  ->  Hash  (cost=231470.26..231470.26 rows=1571771 width=8) (actual time=5493.233..5493.233 rows=1588471 loops=1)
        Buckets: 131072  Batches: 32  Memory Usage: 2951kB
        ->  Hash Join  (cost=102767.86..231470.26 rows=1571771 width=8) (actual time=2005.829..5019.924 rows=1588471 loops=1)
              Hash Cond: (mk.movie_id = t.id)
              ->  Seq Scan on movie_keyword mk  (cost=0.00..81003.12 rows=1571771 width=4) (actual time=0.024..1395.689 rows=1588471 loops=1)
                    Filter: (keyword_id > 9766)
                    Rows Removed by Filter: 2935459
              ->  Hash  (cost=61283.27..61283.27 rows=2528527 width=4) (actual time=2004.340..2004.340 rows=2528312 loops=1)
                    Buckets: 131072  Batches: 64  Memory Usage: 2425kB
                    ->  Seq Scan on title t  (cost=0.00..61283.27 rows=2528527 width=4) (actual time=0.020..1127.585 rows=2528312 loops=1)
Planning time: 1.146 ms
Execution time: 12133.442 ms
