Hash Join  (cost=160687.50..543972.05 rows=20473 width=0) (actual time=2699.712..11161.015 rows=2646471 loops=1)
  Hash Cond: (mi.movie_id = t.id)
  ->  Seq Scan on movie_info mi  (cost=0.00..309384.22 rows=14739122 width=4) (actual time=0.016..4767.016 rows=14835720 loops=1)
  ->  Hash  (cost=160643.60..160643.60 rows=3512 width=8) (actual time=2694.028..2694.028 rows=29282 loops=1)
        Buckets: 32768 (originally 4096)  Batches: 1 (originally 1)  Memory Usage: 1400kB
        ->  Hash Join  (cost=73950.44..160643.60 rows=3512 width=8) (actual time=1101.683..2685.393 rows=29282 loops=1)
              Hash Cond: (mk.movie_id = t.id)
              ->  Seq Scan on movie_keyword mk  (cost=0.00..69693.30 rows=4523930 width=4) (actual time=0.018..842.026 rows=4523930 loops=1)
              ->  Hash  (cost=73925.90..73925.90 rows=1963 width=4) (actual time=1101.237..1101.237 rows=5006 loops=1)
                    Buckets: 8192 (originally 2048)  Batches: 1 (originally 1)  Memory Usage: 240kB
                    ->  Seq Scan on title t  (cost=0.00..73925.90 rows=1963 width=4) (actual time=11.071..1098.839 rows=5006 loops=1)
                          Filter: ((kind_id = 1) AND (production_year = 1991))
                          Rows Removed by Filter: 2523306
Planning time: 1.123 ms
Execution time: 11469.577 ms
