Hash Join  (cost=263115.61..1377219.13 rows=13028545 width=0) (actual time=6386.607..30374.955 rows=15314858 loops=1)
  Hash Cond: (ci.movie_id = t.id)
  ->  Seq Scan on cast_info ci  (cost=0.00..796071.18 rows=12626063 width=4) (actual time=0.018..15568.152 rows=6694598 loops=1)
        Filter: ((person_id < 1937809) AND (role_id > 1))
        Rows Removed by Filter: 29549746
  ->  Hash  (cost=220309.49..220309.49 rows=2609129 width=8) (actual time=6385.091..6385.091 rows=2609129 loops=1)
        Buckets: 131072  Batches: 64  Memory Usage: 2610kB
        ->  Hash Join  (cost=102767.86..220309.49 rows=2609129 width=8) (actual time=1970.090..5587.749 rows=2609129 loops=1)
              Hash Cond: (mc.movie_id = t.id)
              ->  Seq Scan on movie_companies mc  (cost=0.00..44881.29 rows=2609129 width=4) (actual time=0.021..922.948 rows=2609129 loops=1)
              ->  Hash  (cost=61283.27..61283.27 rows=2528527 width=4) (actual time=1968.783..1968.783 rows=2528312 loops=1)
                    Buckets: 131072  Batches: 64  Memory Usage: 2415kB
                    ->  Seq Scan on title t  (cost=0.00..61283.27 rows=2528527 width=4) (actual time=0.021..1147.348 rows=2528312 loops=1)
Planning time: 1.393 ms
Execution time: 32130.493 ms
