Hash Join  (cost=102767.86..969170.55 rows=2512339 width=0) (actual time=1925.110..19172.038 rows=3734325 loops=1)
  Hash Cond: (ci.movie_id = t.id)
  ->  Seq Scan on cast_info ci  (cost=0.00..796071.18 rows=2512339 width=4) (actual time=0.013..13347.850 rows=3734325 loops=1)
        Filter: ((person_id > 1483835) AND (role_id = 10))
        Rows Removed by Filter: 32510019
  ->  Hash  (cost=61283.27..61283.27 rows=2528527 width=4) (actual time=1923.593..1923.593 rows=2528312 loops=1)
        Buckets: 131072  Batches: 64  Memory Usage: 2415kB
        ->  Seq Scan on title t  (cost=0.00..61283.27 rows=2528527 width=4) (actual time=0.019..1090.493 rows=2528312 loops=1)
Planning time: 1.221 ms
Execution time: 19570.157 ms
