Hash Join  (cost=108248.19..962417.76 rows=287725 width=0) (actual time=2158.217..23389.064 rows=699789 loops=1)
  Hash Cond: (ci.movie_id = t.id)
  ->  Seq Scan on cast_info ci  (cost=0.00..796071.18 rows=14725637 width=4) (actual time=0.024..15383.829 rows=15231028 loops=1)
        Filter: ((person_id > 308044) AND (role_id > 2))
        Rows Removed by Filter: 21013316
  ->  Hash  (cost=107630.63..107630.63 rows=49405 width=8) (actual time=2157.499..2157.499 rows=113058 loops=1)
        Buckets: 131072 (originally 65536)  Batches: 2 (originally 1)  Memory Usage: 3246kB
        ->  Hash Join  (cost=69090.10..107630.63 rows=49405 width=8) (actual time=1185.504..2115.985 rows=113058 loops=1)
              Hash Cond: (mi_idx.movie_id = t.id)
              ->  Seq Scan on movie_info_idx mi_idx  (cost=0.00..21735.35 rows=1380035 width=4) (actual time=0.015..433.894 rows=1380035 loops=1)
              ->  Hash  (cost=67604.59..67604.59 rows=90521 width=4) (actual time=1184.715..1184.715 rows=90852 loops=1)
                    Buckets: 131072  Batches: 2  Memory Usage: 2626kB
                    ->  Seq Scan on title t  (cost=0.00..67604.59 rows=90521 width=4) (actual time=97.219..1146.988 rows=90852 loops=1)
                          Filter: (kind_id = 2)
                          Rows Removed by Filter: 2437460
Planning time: 1.280 ms
Execution time: 23474.437 ms
