Hash Join  (cost=216556.63..723590.47 rows=4639565 width=0) (actual time=5511.542..19324.698 rows=10773780 loops=1)
  Hash Cond: (mi.movie_id = t.id)
  ->  Seq Scan on movie_info mi  (cost=0.00..346232.03 rows=9476311 width=4) (actual time=563.216..6613.426 rows=9565151 loops=1)
        Filter: (info_type_id < 16)
        Rows Removed by Filter: 5270569
  ->  Hash  (cost=196246.17..196246.17 rows=1237957 width=8) (actual time=4947.491..4947.491 rows=1212182 loops=1)
        Buckets: 131072  Batches: 32  Memory Usage: 2512kB
        ->  Hash Join  (cost=106229.42..196246.17 rows=1237957 width=8) (actual time=2166.002..4578.096 rows=1212182 loops=1)
              Hash Cond: (mc.movie_id = t.id)
              ->  Seq Scan on movie_companies mc  (cost=0.00..51404.11 rows=1329612 width=4) (actual time=0.035..959.956 rows=1334883 loops=1)
                    Filter: (company_type_id = 2)
                    Rows Removed by Filter: 1274246
              ->  Hash  (cost=67604.59..67604.59 rows=2354227 width=4) (actual time=2165.075..2165.075 rows=2349391 loops=1)
                    Buckets: 131072  Batches: 32  Memory Usage: 3609kB
                    ->  Seq Scan on title t  (cost=0.00..67604.59 rows=2354227 width=4) (actual time=0.020..1419.539 rows=2349391 loops=1)
                          Filter: (production_year > 1926)
                          Rows Removed by Filter: 178921
Planning time: 1.139 ms
Execution time: 20541.655 ms
