Nested Loop  (cost=0.43..52284.21 rows=1 width=0) (actual time=197.146..2028.513 rows=4 loops=1)
  ->  Seq Scan on movie_companies mc  (cost=0.00..51404.11 rows=104 width=4) (actual time=0.374..606.565 rows=2519 loops=1)
        Filter: (company_id = 115)
        Rows Removed by Filter: 2606610
  ->  Index Scan using title_pkey on title t  (cost=0.43..8.45 rows=1 width=4) (actual time=0.564..0.564 rows=0 loops=2519)
        Index Cond: (id = mc.movie_id)
        Filter: ((kind_id < 4) AND (production_year = 1977))
        Rows Removed by Filter: 1
Planning time: 0.773 ms
Execution time: 2028.615 ms
