Hash Join  (cost=92883.59..198747.30 rows=607275 width=0) (actual time=3594.600..4416.448 rows=166482 loops=1)
  Hash Cond: (mk.movie_id = t.id)
  ->  Seq Scan on movie_keyword mk  (cost=0.00..81003.12 rows=996568 width=4) (actual time=0.021..1462.542 rows=1006438 loops=1)
        Filter: (keyword_id > 18296)
        Rows Removed by Filter: 3517492
  ->  Hash  (cost=67604.59..67604.59 rows=1540800 width=4) (actual time=2148.100..2148.100 rows=1543264 loops=1)
        Buckets: 131072  Batches: 32  Memory Usage: 2728kB
        ->  Seq Scan on title t  (cost=0.00..67604.59 rows=1540800 width=4) (actual time=11.596..1368.751 rows=1543264 loops=1)
              Filter: (kind_id = 7)
              Rows Removed by Filter: 985048
Planning time: 0.558 ms
Execution time: 4437.338 ms
