Hash Join  (cost=203532.26..1026162.68 rows=150799 width=0) (actual time=4203.102..15392.318 rows=79607 loops=1)
  Hash Cond: (ci.movie_id = t.id)
  ->  Seq Scan on cast_info ci  (cost=0.00..796071.18 rows=1893650 width=4) (actual time=238.795..10277.546 rows=901487 loops=1)
        Filter: ((person_id < 880336) AND (role_id > 7))
        Rows Removed by Filter: 35342857
  ->  Hash  (cost=200228.30..200228.30 rows=201357 width=8) (actual time=3962.322..3962.322 rows=63504 loops=1)
        Buckets: 131072  Batches: 4  Memory Usage: 1685kB
        ->  Hash Join  (cost=75772.69..200228.30 rows=201357 width=8) (actual time=1179.434..3940.787 rows=63504 loops=1)
              Hash Cond: (mk.movie_id = t.id)
              ->  Seq Scan on movie_keyword mk  (cost=0.00..69693.30 rows=4523930 width=4) (actual time=0.019..1341.447 rows=4523930 loops=1)
              ->  Hash  (cost=73925.90..73925.90 rows=112543 width=4) (actual time=1176.501..1176.501 rows=117253 loops=1)
                    Buckets: 131072  Batches: 2  Memory Usage: 3091kB
                    ->  Seq Scan on title t  (cost=0.00..73925.90 rows=112543 width=4) (actual time=0.024..1130.512 rows=117253 loops=1)
                          Filter: ((kind_id > 2) AND (production_year = 2011))
                          Rows Removed by Filter: 2411059
Planning time: 1.174 ms
Execution time: 15402.276 ms
