Nested Loop  (cost=0.43..52283.69 rows=104 width=0) (actual time=1.743..915.371 rows=2018 loops=1)
  ->  Seq Scan on movie_companies mc  (cost=0.00..51404.11 rows=104 width=4) (actual time=1.689..864.122 rows=2018 loops=1)
        Filter: (company_id = 436)
        Rows Removed by Filter: 2607111
  ->  Index Only Scan using title_pkey on title t  (cost=0.43..8.45 rows=1 width=4) (actual time=0.024..0.025 rows=1 loops=2018)
        Index Cond: (id = mc.movie_id)
        Heap Fetches: 2018
Planning time: 0.774 ms
Execution time: 916.008 ms
