Hash Join  (cost=300220.87..1163619.57 rows=6451023 width=0) (actual time=11392.344..22458.363 rows=5381731 loops=1)
  Hash Cond: (ci.movie_id = t.id)
  ->  Seq Scan on cast_info ci  (cost=0.00..705507.15 rows=5868210 width=4) (actual time=5602.724..12181.056 rows=5898090 loops=1)
        Filter: (person_id > 3054513)
        Rows Removed by Filter: 30346254
  ->  Hash  (cost=254616.21..254616.21 rows=2779653 width=8) (actual time=5787.424..5787.424 rows=730679 loops=1)
        Buckets: 131072  Batches: 64  Memory Usage: 1439kB
        ->  Hash Join  (cost=93093.72..254616.21 rows=2779653 width=8) (actual time=1873.910..5597.368 rows=730679 loops=1)
              Hash Cond: (mk.movie_id = t.id)
              ->  Seq Scan on movie_keyword mk  (cost=0.00..69693.30 rows=4523930 width=4) (actual time=0.030..1517.208 rows=4523930 loops=1)
              ->  Hash  (cost=67604.59..67604.59 rows=1553611 width=4) (actual time=1788.531..1788.531 rows=1555864 loops=1)
                    Buckets: 131072  Batches: 32  Memory Usage: 2740kB
                    ->  Seq Scan on title t  (cost=0.00..67604.59 rows=1553611 width=4) (actual time=0.158..1290.816 rows=1555864 loops=1)
                          Filter: (kind_id > 4)
                          Rows Removed by Filter: 972448
Planning time: 8.855 ms
Execution time: 23101.727 ms
