Hash Join  (cost=196680.66..749389.97 rows=6832438 width=0) (actual time=4778.480..27338.794 rows=37849804 loops=1)
  Hash Cond: (mi.movie_id = t.id)
  ->  Seq Scan on movie_info mi  (cost=0.00..309384.22 rows=14739122 width=4) (actual time=0.017..5897.656 rows=14835720 loops=1)
  ->  Hash  (cost=177450.18..177450.18 rows=1172119 width=8) (actual time=4775.830..4775.830 rows=1467163 loops=1)
        Buckets: 131072 (originally 131072)  Batches: 32 (originally 16)  Memory Usage: 3073kB
        ->  Hash Join  (cost=86241.46..177450.18 rows=1172119 width=8) (actual time=1575.586..4353.321 rows=1467163 loops=1)
              Hash Cond: (mc.movie_id = t.id)
              ->  Seq Scan on movie_companies mc  (cost=0.00..44881.29 rows=2609129 width=4) (actual time=0.026..905.087 rows=2609129 loops=1)
              ->  Hash  (cost=67604.59..67604.59 rows=1135910 width=4) (actual time=1574.673..1574.673 rows=1133355 loops=1)
                    Buckets: 131072  Batches: 16  Memory Usage: 3516kB
                    ->  Seq Scan on title t  (cost=0.00..67604.59 rows=1135910 width=4) (actual time=0.022..1221.487 rows=1133355 loops=1)
                          Filter: (production_year < 2002)
                          Rows Removed by Filter: 1394957
Planning time: 1.145 ms
Execution time: 31624.406 ms
