Hash Join  (cost=134772.43..1156859.42 rows=4305448 width=0) (actual time=3280.618..32453.038 rows=8607971 loops=1)
  Hash Cond: (ci.movie_id = t.id)
  ->  Seq Scan on cast_info ci  (cost=0.00..705507.15 rows=23499554 width=4) (actual time=0.019..15970.295 rows=23573656 loops=1)
        Filter: (role_id > 1)
        Rows Removed by Filter: 12670688
  ->  Hash  (cost=127171.65..127171.65 rows=463262 width=8) (actual time=3279.487..3279.487 rows=569398 loops=1)
        Buckets: 131072  Batches: 8  Memory Usage: 3815kB
        ->  Hash Join  (cost=81530.55..127171.65 rows=463262 width=8) (actual time=1697.734..3109.666 rows=569398 loops=1)
              Hash Cond: (mi_idx.movie_id = t.id)
              ->  Seq Scan on movie_info_idx mi_idx  (cost=0.00..21735.35 rows=1380035 width=4) (actual time=0.010..469.511 rows=1380035 loops=1)
              ->  Hash  (cost=67604.59..67604.59 rows=848797 width=4) (actual time=1696.612..1696.612 rows=849141 loops=1)
                    Buckets: 131072  Batches: 16  Memory Usage: 2892kB
                    ->  Seq Scan on title t  (cost=0.00..67604.59 rows=848797 width=4) (actual time=0.010..1122.891 rows=849141 loops=1)
                          Filter: (production_year < 1996)
                          Rows Removed by Filter: 1679171
Planning time: 7.224 ms
Execution time: 33414.889 ms
