Seq Scan on movie_keyword mk  (cost=0.00..81003.12 rows=625730 width=0) (actual time=0.033..1090.644 rows=629115 loops=1)
  Filter: (keyword_id > 29186)
  Rows Removed by Filter: 3894815
Planning time: 0.237 ms
Execution time: 1162.146 ms
