Seq Scan on cast_info ci  (cost=0.00..796071.18 rows=27302011 width=0) (actual time=0.024..17352.985 rows=29398610 loops=1)
  Filter: ((person_id < 3180924) AND (role_id < 10))
  Rows Removed by Filter: 6845734
Planning time: 0.367 ms
Execution time: 21010.247 ms
