Seq Scan on movie_keyword mk  (cost=0.00..81003.12 rows=2697897 width=0) (actual time=0.021..1490.343 rows=2690287 loops=1)
  Filter: (keyword_id > 3021)
  Rows Removed by Filter: 1833643
Planning time: 4.321 ms
Execution time: 1818.403 ms
