Seq Scan on movie_keyword mk  (cost=0.00..81003.12 rows=1854671 width=0) (actual time=0.027..1405.971 rows=1859274 loops=1)
  Filter: (keyword_id > 7423)
  Rows Removed by Filter: 2664656
Planning time: 0.277 ms
Execution time: 1636.454 ms
