Seq Scan on movie_companies mc  (cost=0.00..51404.11 rows=1010834 width=0) (actual time=0.034..863.076 rows=1019738 loops=1)
  Filter: (company_id > 15994)
  Rows Removed by Filter: 1589391
Planning time: 0.333 ms
Execution time: 994.239 ms
