Nested Loop  (cost=0.43..58375.18 rows=53 width=0) (actual time=301.410..825.565 rows=1 loops=1)
  ->  Seq Scan on movie_companies mc  (cost=0.00..57926.93 rows=53 width=4) (actual time=301.313..825.466 rows=1 loops=1)
        Filter: ((company_id = 187184) AND (company_type_id = 2))
        Rows Removed by Filter: 2609128
  ->  Index Only Scan using title_pkey on title t  (cost=0.43..8.45 rows=1 width=4) (actual time=0.083..0.085 rows=1 loops=1)
        Index Cond: (id = mc.movie_id)
        Heap Fetches: 1
Planning time: 0.691 ms
Execution time: 825.630 ms
