Hash Join  (cost=1214218.36..2034406.75 rows=26450654 width=0) (actual time=21932.952..41482.735 rows=29604626 loops=1)
  Hash Cond: (mi.movie_id = t.id)
  ->  Seq Scan on movie_info mi  (cost=0.00..346232.03 rows=8859586 width=4) (actual time=396.513..6796.690 rows=8966694 loops=1)
        Filter: (info_type_id < 15)
        Rows Removed by Filter: 5869026
  ->  Hash  (cost=1090366.61..1090366.61 rows=7549020 width=8) (actual time=21534.613..21534.613 rows=4666132 loops=1)
        Buckets: 131072  Batches: 128  Memory Usage: 2513kB
        ->  Hash Join  (cost=102767.86..1090366.61 rows=7549020 width=8) (actual time=8244.880..20189.762 rows=4666132 loops=1)
              Hash Cond: (ci.movie_id = t.id)
              ->  Seq Scan on cast_info ci  (cost=0.00..796071.18 rows=7549020 width=4) (actual time=6006.670..13733.151 rows=4666132 loops=1)
                    Filter: ((person_id < 1656768) AND (role_id > 2))
                    Rows Removed by Filter: 31578212
              ->  Hash  (cost=61283.27..61283.27 rows=2528527 width=4) (actual time=2236.969..2236.969 rows=2528312 loops=1)
                    Buckets: 131072  Batches: 64  Memory Usage: 2415kB
                    ->  Seq Scan on title t  (cost=0.00..61283.27 rows=2528527 width=4) (actual time=0.026..1033.645 rows=2528312 loops=1)
Planning time: 1.174 ms
Execution time: 44810.599 ms
