Nested Loop  (cost=0.43..83071.67 rows=246 width=0) (actual time=43.622..1239.177 rows=174 loops=1)
  ->  Seq Scan on movie_keyword mk  (cost=0.00..81003.12 rows=246 width=4) (actual time=43.522..1232.522 rows=174 loops=1)
        Filter: (keyword_id = 49682)
        Rows Removed by Filter: 4523756
  ->  Index Only Scan using title_pkey on title t  (cost=0.43..8.40 rows=1 width=4) (actual time=0.034..0.035 rows=1 loops=174)
        Index Cond: (id = mk.movie_id)
        Heap Fetches: 174
Planning time: 0.662 ms
Execution time: 1239.354 ms
