Seq Scan on movie_keyword mk  (cost=0.00..81003.12 rows=3003891 width=0) (actual time=0.032..1466.675 rows=2988030 loops=1)
  Filter: (keyword_id < 10346)
  Rows Removed by Filter: 1535900
Planning time: 0.376 ms
Execution time: 1848.564 ms
