Hash Join  (cost=75580.59..152064.82 rows=104070 width=0) (actual time=1252.507..3174.411 rows=151499 loops=1)
  Hash Cond: (mc.movie_id = t.id)
  ->  Seq Scan on movie_companies mc  (cost=0.00..44881.29 rows=2609129 width=4) (actual time=0.025..915.435 rows=2609129 loops=1)
  ->  Hash  (cost=73925.90..73925.90 rows=100855 width=4) (actual time=1251.575..1251.575 rows=111586 loops=1)
        Buckets: 131072  Batches: 2  Memory Usage: 2982kB
        ->  Seq Scan on title t  (cost=0.00..73925.90 rows=100855 width=4) (actual time=0.026..1211.816 rows=111586 loops=1)
              Filter: ((production_year < 2012) AND (kind_id = 4))
              Rows Removed by Filter: 2416726
Planning time: 0.754 ms
Execution time: 3194.614 ms
