Seq Scan on movie_companies mc  (cost=0.00..51404.11 rows=126511 width=0) (actual time=0.025..910.714 rows=125853 loops=1)
  Filter: (company_id > 143338)
  Rows Removed by Filter: 2483276
Planning time: 0.338 ms
Execution time: 931.310 ms
