Hash Join  (cost=76650.07..108161.65 rows=30502 width=0) (actual time=1205.453..1982.300 rows=83118 loops=1)
  Hash Cond: (mi_idx.movie_id = t.id)
  ->  Seq Scan on movie_info_idx mi_idx  (cost=0.00..25185.44 rows=464566 width=4) (actual time=0.018..475.742 rows=459925 loops=1)
        Filter: (info_type_id = 101)
        Rows Removed by Filter: 920110
  ->  Hash  (cost=73925.90..73925.90 rows=166013 width=4) (actual time=1204.663..1204.663 rows=299356 loops=1)
        Buckets: 131072  Batches: 4  Memory Usage: 3656kB
        ->  Seq Scan on title t  (cost=0.00..73925.90 rows=166013 width=4) (actual time=0.023..1104.875 rows=299356 loops=1)
              Filter: ((kind_id < 3) AND (production_year < 1983))
              Rows Removed by Filter: 2228956
Planning time: 0.777 ms
Execution time: 1993.818 ms
