Hash Join  (cost=101349.48..184996.27 rows=3114 width=0) (actual time=1717.145..3231.374 rows=35959 loops=1)
  Hash Cond: (mk.movie_id = t.id)
  ->  Seq Scan on movie_keyword mk  (cost=0.00..81003.12 rows=696671 width=4) (actual time=0.019..1362.468 rows=692553 loops=1)
        Filter: (keyword_id < 574)
        Rows Removed by Filter: 3831377
  ->  Hash  (cost=101208.22..101208.22 rows=11301 width=8) (actual time=1716.889..1716.889 rows=23224 loops=1)
        Buckets: 32768 (originally 16384)  Batches: 1 (originally 1)  Memory Usage: 1164kB
        ->  Hash Join  (cost=74184.73..101208.22 rows=11301 width=8) (actual time=1096.638..1708.287 rows=23224 loops=1)
              Hash Cond: (mi_idx.movie_id = t.id)
              ->  Seq Scan on movie_info_idx mi_idx  (cost=0.00..21735.35 rows=1380035 width=4) (actual time=0.011..295.599 rows=1380035 loops=1)
              ->  Hash  (cost=73925.90..73925.90 rows=20706 width=4) (actual time=1095.906..1095.906 rows=15444 loops=1)
                    Buckets: 32768  Batches: 1  Memory Usage: 799kB
                    ->  Seq Scan on title t  (cost=0.00..73925.90 rows=20706 width=4) (actual time=1.235..1089.002 rows=15444 loops=1)
                          Filter: ((kind_id < 4) AND (production_year = 2002))
                          Rows Removed by Filter: 2512868
Planning time: 0.769 ms
Execution time: 3236.437 ms
