Hash Join  (cost=97151.21..1385974.01 rows=18849561 width=0) (actual time=1915.057..41509.030 rows=18198176 loops=1)
  Hash Cond: (ci.movie_id = t.id)
  ->  Seq Scan on cast_info ci  (cost=0.00..705507.15 rows=33668279 width=4) (actual time=0.025..16758.702 rows=33644364 loops=1)
        Filter: (person_id < 3557784)
        Rows Removed by Filter: 2599980
  ->  Hash  (cost=73925.90..73925.90 rows=1415624 width=4) (actual time=1913.887..1913.887 rows=1398720 loops=1)
        Buckets: 131072  Batches: 32  Memory Usage: 2560kB
        ->  Seq Scan on title t  (cost=0.00..73925.90 rows=1415624 width=4) (actual time=0.012..1454.846 rows=1398720 loops=1)
              Filter: ((kind_id > 1) AND (production_year < 2010))
              Rows Removed by Filter: 1129592
Planning time: 1.482 ms
Execution time: 43562.519 ms
