Hash Join  (cost=156994.19..284085.39 rows=417716 width=0) (actual time=2746.904..6995.617 rows=4884043 loops=1)
  Hash Cond: (mk.movie_id = t.id)
  ->  Seq Scan on movie_keyword mk  (cost=0.00..69693.30 rows=4523930 width=4) (actual time=0.011..1394.568 rows=4523930 loops=1)
  ->  Hash  (cost=153163.80..153163.80 rows=233471 width=8) (actual time=2745.917..2745.917 rows=263526 loops=1)
        Buckets: 131072  Batches: 4  Memory Usage: 3621kB
        ->  Hash Join  (cost=88171.38..153163.80 rows=233471 width=8) (actual time=1368.204..2663.113 rows=263526 loops=1)
              Hash Cond: (mc.movie_id = t.id)
              ->  Seq Scan on movie_companies mc  (cost=0.00..51404.11 rows=679894 width=4) (actual time=0.021..775.528 rows=671710 loops=1)
                    Filter: (company_id < 1080)
                    Rows Removed by Filter: 1937419
              ->  Hash  (cost=73925.90..73925.90 rows=868278 width=4) (actual time=1367.331..1367.331 rows=782805 loops=1)
                    Buckets: 131072  Batches: 16  Memory Usage: 2746kB
                    ->  Seq Scan on title t  (cost=0.00..73925.90 rows=868278 width=4) (actual time=0.014..1124.631 rows=782805 loops=1)
                          Filter: ((kind_id < 7) AND (production_year > 1959))
                          Rows Removed by Filter: 1745507
Planning time: 0.755 ms
Execution time: 7571.117 ms
