Hash Join  (cost=231113.77..725225.86 rows=3469290 width=0) (actual time=4683.028..20166.982 rows=19610252 loops=1)
  Hash Cond: (mi.movie_id = t.id)
  ->  Seq Scan on movie_info mi  (cost=0.00..346232.03 rows=9476311 width=4) (actual time=0.009..6526.839 rows=9565151 loops=1)
        Filter: (info_type_id < 16)
        Rows Removed by Filter: 5270569
  ->  Hash  (cost=215925.56..215925.56 rows=925697 width=8) (actual time=4681.925..4681.925 rows=934355 loops=1)
        Buckets: 131072  Batches: 16  Memory Usage: 3402kB
        ->  Hash Join  (cost=102767.86..215925.56 rows=925697 width=8) (actual time=1861.839..4417.936 rows=934355 loops=1)
              Hash Cond: (mk.movie_id = t.id)
              ->  Seq Scan on movie_keyword mk  (cost=0.00..81003.12 rows=925697 width=4) (actual time=0.025..1391.733 rows=934355 loops=1)
                    Filter: (keyword_id < 875)
                    Rows Removed by Filter: 3589575
              ->  Hash  (cost=61283.27..61283.27 rows=2528527 width=4) (actual time=1859.897..1859.897 rows=2528312 loops=1)
                    Buckets: 131072  Batches: 64  Memory Usage: 2425kB
                    ->  Seq Scan on title t  (cost=0.00..61283.27 rows=2528527 width=4) (actual time=0.011..1005.890 rows=2528312 loops=1)
Planning time: 1.211 ms
Execution time: 22283.632 ms
