Hash Join  (cost=939947.69..1025974.96 rows=796274 width=0) (actual time=16466.554..19805.578 rows=2007523 loops=1)
  Hash Cond: (mc.movie_id = t.id)
  ->  Seq Scan on movie_companies mc  (cost=0.00..44881.29 rows=2609129 width=4) (actual time=0.019..941.570 rows=2609129 loops=1)
  ->  Hash  (cost=927286.76..927286.76 rows=771675 width=8) (actual time=16465.146..16465.146 rows=1293790 loops=1)
        Buckets: 131072 (originally 131072)  Batches: 32 (originally 16)  Memory Usage: 3073kB
        ->  Hash Join  (cost=102767.86..927286.76 rows=771675 width=8) (actual time=12914.616..16100.297 rows=1293790 loops=1)
              Hash Cond: (ci.movie_id = t.id)
              ->  Seq Scan on cast_info ci  (cost=0.00..796071.18 rows=771675 width=4) (actual time=10921.994..12328.169 rows=1293790 loops=1)
                    Filter: ((person_id > 2689171) AND (role_id = 4))
                    Rows Removed by Filter: 34950554
              ->  Hash  (cost=61283.27..61283.27 rows=2528527 width=4) (actual time=1990.304..1990.304 rows=2528312 loops=1)
                    Buckets: 131072  Batches: 64  Memory Usage: 2415kB
                    ->  Seq Scan on title t  (cost=0.00..61283.27 rows=2528527 width=4) (actual time=0.020..1144.539 rows=2528312 loops=1)
Planning time: 3.244 ms
Execution time: 20046.845 ms
