Seq Scan on movie_keyword mk  (cost=0.00..81003.12 rows=234104 width=0) (actual time=0.019..1304.989 rows=246484 loops=1)
  Filter: (keyword_id < 213)
  Rows Removed by Filter: 4277446
Planning time: 0.313 ms
Execution time: 1338.732 ms
