Hash Join  (cost=833985.09..1574437.26 rows=1980751 width=0) (actual time=20850.184..33969.677 rows=1102098 loops=1)
  Hash Cond: (mi.movie_id = t.id)
  ->  Seq Scan on movie_info mi  (cost=0.00..309384.22 rows=14739122 width=4) (actual time=0.015..6082.715 rows=14835720 loops=1)
  ->  Hash  (cost=828409.57..828409.57 rows=339802 width=8) (actual time=20848.617..20848.617 rows=140725 loops=1)
        Buckets: 131072  Batches: 8  Memory Usage: 1674kB
        ->  Hash Join  (cost=74222.38..828409.57 rows=339802 width=8) (actual time=1025.042..19971.326 rows=140725 loops=1)
              Hash Cond: (ci.movie_id = t.id)
              ->  Seq Scan on cast_info ci  (cost=0.00..614943.12 rows=36225612 width=4) (actual time=0.021..9337.121 rows=36244344 loops=1)
              ->  Hash  (cost=73925.90..73925.90 rows=23718 width=4) (actual time=1024.335..1024.335 rows=21737 loops=1)
                    Buckets: 32768  Batches: 1  Memory Usage: 1021kB
                    ->  Seq Scan on title t  (cost=0.00..73925.90 rows=23718 width=4) (actual time=249.492..1015.356 rows=21737 loops=1)
                          Filter: ((production_year > 2008) AND (kind_id = 2))
                          Rows Removed by Filter: 2506575
Planning time: 2.586 ms
Execution time: 34093.218 ms
