Seq Scan on movie_companies mc  (cost=0.00..51404.11 rows=672575 width=0) (actual time=0.024..869.073 rows=678030 loops=1)
  Filter: (company_id > 49144)
  Rows Removed by Filter: 1931099
Planning time: 0.324 ms
Execution time: 962.128 ms
