Hash Join  (cost=91342.70..183894.02 rows=195138 width=0) (actual time=1773.330..3636.891 rows=269892 loops=1)
  Hash Cond: (mk.movie_id = t.id)
  ->  Seq Scan on movie_keyword mk  (cost=0.00..81003.12 rows=341016 width=4) (actual time=0.025..1347.123 rows=357892 loops=1)
        Filter: (keyword_id < 319)
        Rows Removed by Filter: 4166038
  ->  Hash  (cost=67604.59..67604.59 rows=1446889 width=4) (actual time=1771.300..1771.300 rows=1443298 loops=1)
        Buckets: 131072  Batches: 32  Memory Usage: 2616kB
        ->  Seq Scan on title t  (cost=0.00..67604.59 rows=1446889 width=4) (actual time=0.018..1277.487 rows=1443298 loops=1)
              Filter: (production_year < 2006)
              Rows Removed by Filter: 1085014
Planning time: 0.760 ms
Execution time: 3669.893 ms
