Seq Scan on cast_info ci  (cost=0.00..796071.18 rows=1680113 width=0) (actual time=8231.276..13232.291 rows=546689 loops=1)
  Filter: ((person_id < 1384381) AND (role_id = 10))
  Rows Removed by Filter: 35697655
Planning time: 0.284 ms
Execution time: 13303.042 ms
