Hash Join  (cost=75235.98..198978.59 rows=142857 width=0) (actual time=2147.503..4209.910 rows=177033 loops=1)
  Hash Cond: (mk.movie_id = t.id)
  ->  Seq Scan on movie_keyword mk  (cost=0.00..69693.30 rows=4523930 width=4) (actual time=0.016..1344.144 rows=4523930 loops=1)
  ->  Hash  (cost=73925.90..73925.90 rows=79846 width=4) (actual time=1473.649..1473.649 rows=87921 loops=1)
        Buckets: 131072  Batches: 2  Memory Usage: 2579kB
        ->  Seq Scan on title t  (cost=0.00..73925.90 rows=79846 width=4) (actual time=0.028..1438.787 rows=87921 loops=1)
              Filter: ((production_year > 1958) AND (kind_id = 2))
              Rows Removed by Filter: 2440391
Planning time: 0.763 ms
Execution time: 4232.386 ms
