Seq Scan on cast_info ci  (cost=0.00..705507.15 rows=7345613 width=0) (actual time=269.984..12262.720 rows=7290960 loops=1)
  Filter: (person_id < 704566)
  Rows Removed by Filter: 28953384
Planning time: 0.320 ms
Execution time: 13207.639 ms
