Seq Scan on cast_info ci  (cost=0.00..705507.15 rows=500 width=0) (actual time=10225.638..11501.026 rows=12 loops=1)
  Filter: (person_id = 85777)
  Rows Removed by Filter: 36244332
Planning time: 0.693 ms
Execution time: 11501.119 ms
