Hash Join  (cost=58375.56..423032.66 rows=117 width=209) (actual time=1068.025..8184.735 rows=1139 loops=1)
  Hash Cond: (mi.movie_id = t.id)
  ->  Seq Scan on movie_info mi  (cost=0.00..309384.22 rows=14739122 width=75) (actual time=0.023..4557.104 rows=14835720 loops=1)
  ->  Hash  (cost=58375.31..58375.31 rows=20 width=134) (actual time=1023.947..1023.947 rows=254 loops=1)
        Buckets: 1024  Batches: 1  Memory Usage: 51kB
        ->  Nested Loop  (cost=0.43..58375.31 rows=20 width=134) (actual time=53.343..1023.691 rows=254 loops=1)
              ->  Seq Scan on movie_companies mc  (cost=0.00..57926.93 rows=53 width=40) (actual time=9.233..990.505 rows=680 loops=1)
                    Filter: ((company_type_id > 1) AND (company_id = 91))
                    Rows Removed by Filter: 2608449
              ->  Index Scan using title_pkey on title t  (cost=0.43..8.45 rows=1 width=94) (actual time=0.048..0.048 rows=0 loops=680)
                    Index Cond: (id = mc.movie_id)
                    Filter: (production_year < 1999)
                    Rows Removed by Filter: 1
Planning time: 1.219 ms
Execution time: 8184.980 ms
