Seq Scan on cast_info ci  (cost=0.00..796071.18 rows=1447614 width=0) (actual time=7279.773..11325.474 rows=1362 loops=1)
  Filter: ((person_id < 689123) AND (role_id = 2))
  Rows Removed by Filter: 36242982
Planning time: 0.377 ms
Execution time: 11325.826 ms
