Hash Join  (cost=106369.68..464281.95 rows=17451 width=0) (actual time=2949.388..8166.578 rows=36405 loops=1)
  Hash Cond: (mi.movie_id = t.id)
  ->  Seq Scan on movie_info mi  (cost=0.00..346232.03 rows=3068194 width=4) (actual time=1097.404..5730.314 rows=3036719 loops=1)
        Filter: (info_type_id = 16)
        Rows Removed by Filter: 11799001
  ->  Hash  (cost=106189.90..106189.90 rows=14382 width=8) (actual time=1851.801..1851.801 rows=12192 loops=1)
        Buckets: 16384  Batches: 1  Memory Usage: 605kB
        ->  Hash Join  (cost=75220.98..106189.90 rows=14382 width=8) (actual time=1185.425..1846.542 rows=12192 loops=1)
              Hash Cond: (mi_idx.movie_id = t.id)
              ->  Seq Scan on movie_info_idx mi_idx  (cost=0.00..25185.44 rows=460978 width=4) (actual time=0.027..473.985 rows=459925 loops=1)
                    Filter: (info_type_id < 100)
                    Rows Removed by Filter: 920110
              ->  Hash  (cost=73925.90..73925.90 rows=78886 width=4) (actual time=1184.647..1184.647 rows=74127 loops=1)
                    Buckets: 131072  Batches: 2  Memory Usage: 2328kB
                    ->  Seq Scan on title t  (cost=0.00..73925.90 rows=78886 width=4) (actual time=0.032..1155.077 rows=74127 loops=1)
                          Filter: ((kind_id < 4) AND (production_year > 2011))
                          Rows Removed by Filter: 2454185
Planning time: 1.144 ms
Execution time: 8172.266 ms
