Hash Join  (cost=68191.41..451719.02 rows=175942 width=0) (actual time=1097.376..8340.350 rows=153346 loops=1)
  Hash Cond: (mi.movie_id = t.id)
  ->  Seq Scan on movie_info mi  (cost=0.00..346232.03 rows=9476311 width=4) (actual time=0.012..5100.613 rows=9565151 loops=1)
        Filter: (info_type_id < 16)
        Rows Removed by Filter: 5270569
  ->  Hash  (cost=67604.59..67604.59 rows=46946 width=4) (actual time=1097.045..1097.045 rows=46583 loops=1)
        Buckets: 65536  Batches: 1  Memory Usage: 2150kB
        ->  Seq Scan on title t  (cost=0.00..67604.59 rows=46946 width=4) (actual time=0.020..1078.706 rows=46583 loops=1)
              Filter: (production_year = 1998)
              Rows Removed by Filter: 2481729
Planning time: 0.538 ms
Execution time: 8361.832 ms
