Seq Scan on movie_companies mc  (cost=0.00..51404.11 rows=104 width=0) (actual time=0.385..849.718 rows=492 loops=1)
  Filter: (company_id = 2449)
  Rows Removed by Filter: 2608637
Planning time: 0.374 ms
Execution time: 849.921 ms
