Seq Scan on movie_companies mc  (cost=0.00..57926.93 rows=1084765 width=0) (actual time=0.027..1106.418 rows=971354 loops=1)
  Filter: ((company_id > 240) AND (company_type_id = 1))
  Rows Removed by Filter: 1637775
Planning time: 0.377 ms
Execution time: 1225.783 ms
