Hash Join  (cost=148713.92..228296.96 rows=328852 width=0) (actual time=3145.942..5383.309 rows=581727 loops=1)
  Hash Cond: (mc.movie_id = t.id)
  ->  Seq Scan on movie_companies mc  (cost=0.00..44881.29 rows=2609129 width=4) (actual time=0.016..888.260 rows=2609129 loops=1)
  ->  Hash  (cost=143485.25..143485.25 rows=318693 width=8) (actual time=3144.922..3144.922 rows=249986 loops=1)
        Buckets: 131072  Batches: 8  Memory Usage: 2248kB
        ->  Hash Join  (cost=102384.05..143485.25 rows=318693 width=8) (actual time=2012.848..3072.160 rows=249986 loops=1)
              Hash Cond: (mi_idx.movie_id = t.id)
              ->  Seq Scan on movie_info_idx mi_idx  (cost=0.00..25185.44 rows=464566 width=4) (actual time=0.018..432.067 rows=459925 loops=1)
                    Filter: (info_type_id = 101)
                    Rows Removed by Filter: 920110
              ->  Hash  (cost=73925.90..73925.90 rows=1734572 width=4) (actual time=2011.936..2011.936 rows=1799904 loops=1)
                    Buckets: 131072  Batches: 32  Memory Usage: 3007kB
                    ->  Seq Scan on title t  (cost=0.00..73925.90 rows=1734572 width=4) (actual time=0.013..1406.447 rows=1799904 loops=1)
                          Filter: ((kind_id > 1) AND (production_year > 1925))
                          Rows Removed by Filter: 728408
Planning time: 1.111 ms
Execution time: 5454.099 ms
