Hash Join  (cost=106945.38..464907.17 rows=22403 width=0) (actual time=4562.054..8323.464 rows=14453 loops=1)
  Hash Cond: (mi.movie_id = t.id)
  ->  Seq Scan on movie_info mi  (cost=0.00..346232.03 rows=3068194 width=4) (actual time=2586.651..5826.908 rows=3036719 loops=1)
        Filter: (info_type_id = 16)
        Rows Removed by Filter: 11799001
  ->  Hash  (cost=106714.59..106714.59 rows=18463 width=8) (actual time=1973.473..1973.473 rows=7531 loops=1)
        Buckets: 32768  Batches: 1  Memory Usage: 551kB
        ->  Hash Join  (cost=75574.02..106714.59 rows=18463 width=8) (actual time=1341.111..1970.296 rows=7531 loops=1)
              Hash Cond: (mi_idx.movie_id = t.id)
              ->  Seq Scan on movie_info_idx mi_idx  (cost=0.00..25185.44 rows=464934 width=4) (actual time=0.032..442.136 rows=460185 loops=1)
                    Filter: (info_type_id > 100)
                    Rows Removed by Filter: 919850
              ->  Hash  (cost=73925.90..73925.90 rows=100409 width=4) (actual time=1340.303..1340.303 rows=110402 loops=1)
                    Buckets: 131072  Batches: 2  Memory Usage: 2964kB
                    ->  Seq Scan on title t  (cost=0.00..73925.90 rows=100409 width=4) (actual time=0.026..1299.952 rows=110402 loops=1)
                          Filter: ((kind_id = 7) AND (production_year = 2012))
                          Rows Removed by Filter: 2417910
Planning time: 1.251 ms
Execution time: 8325.647 ms
