Hash Join  (cost=81720.25..431583.57 rows=6103 width=0) (actual time=3178.644..5876.369 rows=6491 loops=1)
  Hash Cond: (mi.movie_id = t.id)
  ->  Seq Scan on movie_info mi  (cost=0.00..346232.03 rows=17937 width=4) (actual time=1683.324..4224.302 rows=6595 loops=1)
        Filter: (info_type_id = 43)
        Rows Removed by Filter: 14829125
  ->  Hash  (cost=67604.59..67604.59 rows=860373 width=4) (actual time=1492.959..1492.959 rows=854214 loops=1)
        Buckets: 131072  Batches: 16  Memory Usage: 2906kB
        ->  Seq Scan on title t  (cost=0.00..67604.59 rows=860373 width=4) (actual time=0.037..1219.090 rows=854214 loops=1)
              Filter: (kind_id < 4)
              Rows Removed by Filter: 1674098
Planning time: 0.799 ms
Execution time: 5877.373 ms
