Seq Scan on movie_keyword mk  (cost=0.00..81003.12 rows=1490101 width=0) (actual time=0.021..1217.807 rows=1506323 loops=1)
  Filter: (keyword_id > 10755)
  Rows Removed by Filter: 3017607
Planning time: 0.319 ms
Execution time: 1396.445 ms
