Hash Join  (cost=130363.82..881300.83 rows=14785 width=0) (actual time=2319.995..18179.300 rows=51481 loops=1)
  Hash Cond: (ci.movie_id = t.id)
  ->  Seq Scan on cast_info ci  (cost=0.00..614943.12 rows=36225612 width=4) (actual time=0.023..8777.416 rows=36244344 loops=1)
  ->  Hash  (cost=130350.92..130350.92 rows=1032 width=8) (actual time=2318.824..2318.824 rows=2133 loops=1)
        Buckets: 4096 (originally 2048)  Batches: 1 (originally 1)  Memory Usage: 116kB
        ->  Hash Join  (cost=73950.44..130350.92 rows=1032 width=8) (actual time=1791.201..2317.765 rows=2133 loops=1)
              Hash Cond: (mc.movie_id = t.id)
              ->  Seq Scan on movie_companies mc  (cost=0.00..51404.11 rows=1329612 width=4) (actual time=381.415..971.446 rows=1334883 loops=1)
                    Filter: (company_type_id = 2)
                    Rows Removed by Filter: 1274246
              ->  Hash  (cost=73925.90..73925.90 rows=1963 width=4) (actual time=1139.296..1139.296 rows=2177 loops=1)
                    Buckets: 4096 (originally 2048)  Batches: 1 (originally 1)  Memory Usage: 109kB
                    ->  Seq Scan on title t  (cost=0.00..73925.90 rows=1963 width=4) (actual time=0.117..1137.966 rows=2177 loops=1)
                          Filter: ((kind_id < 2) AND (production_year = 1942))
                          Rows Removed by Filter: 2526135
Planning time: 1.189 ms
Execution time: 18189.230 ms
