Hash Join  (cost=185054.80..1099919.73 rows=1036485 width=0) (actual time=4354.883..25626.607 rows=1911942 loops=1)
  Hash Cond: (ci.movie_id = t.id)
  ->  Seq Scan on cast_info ci  (cost=0.00..796071.18 rows=9282104 width=4) (actual time=633.191..16529.523 rows=12670688 loops=1)
        Filter: ((person_id < 2732739) AND (role_id = 1))
        Rows Removed by Filter: 23573656
  ->  Hash  (cost=180422.45..180422.45 rows=282348 width=8) (actual time=3714.258..3714.258 rows=115161 loops=1)
        Buckets: 131072  Batches: 4  Memory Usage: 2155kB
        ->  Hash Join  (cost=74050.79..180422.45 rows=282348 width=8) (actual time=1240.552..3676.373 rows=115161 loops=1)
              Hash Cond: (mk.movie_id = t.id)
              ->  Seq Scan on movie_keyword mk  (cost=0.00..81003.12 rows=1817081 width=4) (actual time=0.026..1569.618 rows=1819295 loops=1)
                    Filter: (keyword_id < 2987)
                    Rows Removed by Filter: 2704635
              ->  Hash  (cost=67604.59..67604.59 rows=392896 width=4) (actual time=1239.550..1239.550 rows=391666 loops=1)
                    Buckets: 131072  Batches: 8  Memory Usage: 2759kB
                    ->  Seq Scan on title t  (cost=0.00..67604.59 rows=392896 width=4) (actual time=0.025..1103.110 rows=391666 loops=1)
                          Filter: (production_year > 2010)
                          Rows Removed by Filter: 2136646
Planning time: 6.008 ms
Execution time: 25846.397 ms
