Hash Join  (cost=219543.34..1381582.48 rows=12483195 width=0) (actual time=5046.384..48022.360 rows=44782548 loops=1)
  Hash Cond: (ci.movie_id = t.id)
  ->  Seq Scan on cast_info ci  (cost=0.00..614943.12 rows=36225612 width=4) (actual time=0.013..13160.711 rows=36244344 loops=1)
  ->  Hash  (cost=205247.84..205247.84 rows=871320 width=8) (actual time=5045.364..5045.364 rows=1207048 loops=1)
        Buckets: 131072  Batches: 16  Memory Usage: 4004kB
        ->  Hash Join  (cost=80874.21..205247.84 rows=871320 width=8) (actual time=1484.438..4705.961 rows=1207048 loops=1)
              Hash Cond: (mk.movie_id = t.id)
              ->  Seq Scan on movie_keyword mk  (cost=0.00..81003.12 rows=2724082 width=4) (actual time=0.027..1630.043 rows=2716578 loops=1)
                    Filter: (keyword_id > 2926)
                    Rows Removed by Filter: 1807352
              ->  Hash  (cost=67604.59..67604.59 rows=808770 width=4) (actual time=1483.511..1483.511 rows=812704 loops=1)
                    Buckets: 131072  Batches: 16  Memory Usage: 2819kB
                    ->  Seq Scan on title t  (cost=0.00..67604.59 rows=808770 width=4) (actual time=0.015..1212.586 rows=812704 loops=1)
                          Filter: (production_year < 1995)
                          Rows Removed by Filter: 1715608
Planning time: 1.149 ms
Execution time: 52692.070 ms
