Hash Join  (cost=69098.42..554566.44 rows=530609 width=0) (actual time=1025.391..12716.891 rows=970030 loops=1)
  Hash Cond: (mi.movie_id = t.id)
  ->  Seq Scan on movie_info mi  (cost=0.00..309384.22 rows=14739122 width=4) (actual time=0.017..5814.919 rows=14835720 loops=1)
  ->  Hash  (cost=67604.59..67604.59 rows=91027 width=4) (actual time=1024.700..1024.700 rows=89272 loops=1)
        Buckets: 131072  Batches: 2  Memory Usage: 2599kB
        ->  Seq Scan on title t  (cost=0.00..67604.59 rows=91027 width=4) (actual time=39.354..993.501 rows=89272 loops=1)
              Filter: (production_year < 1921)
              Rows Removed by Filter: 2439040
Planning time: 0.572 ms
Execution time: 12840.527 ms
