Hash Join  (cost=168580.96..293296.86 rows=518301 width=0) (actual time=4058.824..10329.056 rows=17932662 loops=1)
  Hash Cond: (mk.movie_id = t.id)
  ->  Seq Scan on movie_keyword mk  (cost=0.00..81003.12 rows=3193536 width=4) (actual time=0.020..1735.537 rows=3178715 loops=1)
        Filter: (keyword_id < 12696)
        Rows Removed by Filter: 1345215
  ->  Hash  (cost=161847.31..161847.31 rows=410372 width=8) (actual time=4057.211..4057.211 rows=957407 loops=1)
        Buckets: 131072 (originally 131072)  Batches: 16 (originally 8)  Memory Usage: 3430kB
        ->  Hash Join  (cost=83810.17..161847.31 rows=410372 width=8) (actual time=1490.906..3776.207 rows=957407 loops=1)
              Hash Cond: (mc.movie_id = t.id)
              ->  Seq Scan on movie_companies mc  (cost=0.00..57926.93 rows=1050529 width=4) (actual time=0.017..1208.953 rows=1274246 loops=1)
                    Filter: ((company_id < 75925) AND (company_type_id < 2))
                    Rows Removed by Filter: 1334883
              ->  Hash  (cost=67604.59..67604.59 rows=987727 width=4) (actual time=1489.988..1489.988 rows=985048 loops=1)
                    Buckets: 131072  Batches: 16  Memory Usage: 3188kB
                    ->  Seq Scan on title t  (cost=0.00..67604.59 rows=987727 width=4) (actual time=0.014..1191.760 rows=985048 loops=1)
                          Filter: (kind_id < 7)
                          Rows Removed by Filter: 1543264
Planning time: 2.190 ms
Execution time: 11961.828 ms
