Seq Scan on cast_info ci  (cost=0.00..796071.18 rows=80 width=0) (actual time=1941.896..13089.801 rows=43 loops=1)
  Filter: ((role_id > 8) AND (person_id = 1720470))
  Rows Removed by Filter: 36244301
Planning time: 0.411 ms
Execution time: 13089.923 ms
