Seq Scan on movie_companies mc  (cost=0.00..51404.11 rows=608714 width=0) (actual time=0.028..840.399 rows=606071 loops=1)
  Filter: (company_id < 707)
  Rows Removed by Filter: 2003058
Planning time: 0.326 ms
Execution time: 915.968 ms
