Hash Join  (cost=80741.03..586382.43 rows=2421247 width=0) (actual time=1374.401..14504.980 rows=1163224 loops=1)
  Hash Cond: (mi.movie_id = t.id)
  ->  Seq Scan on movie_info mi  (cost=0.00..309384.22 rows=14739122 width=4) (actual time=0.023..5901.554 rows=14835720 loops=1)
  ->  Hash  (cost=73925.90..73925.90 rows=415370 width=4) (actual time=1372.942..1372.942 rows=270265 loops=1)
        Buckets: 131072  Batches: 8  Memory Usage: 2207kB
        ->  Seq Scan on title t  (cost=0.00..73925.90 rows=415370 width=4) (actual time=0.021..1279.405 rows=270265 loops=1)
              Filter: ((kind_id > 3) AND (production_year < 1987))
              Rows Removed by Filter: 2258047
Planning time: 0.723 ms
Execution time: 14649.582 ms
