Seq Scan on movie_companies mc  (cost=0.00..57926.93 rows=665049 width=0) (actual time=370.121..1121.641 rows=911023 loops=1)
  Filter: ((company_id > 11264) AND (company_type_id > 1))
  Rows Removed by Filter: 1698106
Planning time: 0.327 ms
Execution time: 1235.849 ms
