Hash Join  (cost=83462.78..126598.75 rows=317249 width=0) (actual time=2087.171..3270.774 rows=181533 loops=1)
  Hash Cond: (mi_idx.movie_id = t.id)
  ->  Seq Scan on movie_info_idx mi_idx  (cost=0.00..21735.35 rows=1380035 width=4) (actual time=0.021..458.228 rows=1380035 loops=1)
  ->  Hash  (cost=73925.90..73925.90 rows=581270 width=4) (actual time=2085.803..2085.803 rows=602533 loops=1)
        Buckets: 131072  Batches: 8  Memory Usage: 3669kB
        ->  Seq Scan on title t  (cost=0.00..73925.90 rows=581270 width=4) (actual time=0.012..1335.579 rows=602533 loops=1)
              Filter: ((kind_id > 1) AND (production_year > 2007))
              Rows Removed by Filter: 1925779
Planning time: 1.933 ms
Execution time: 3292.939 ms
