Hash Join  (cost=149170.16..276129.10 rows=406790 width=0) (actual time=3190.052..6660.313 rows=1335674 loops=1)
  Hash Cond: (mk.movie_id = t.id)
  ->  Seq Scan on movie_keyword mk  (cost=0.00..69693.30 rows=4523930 width=4) (actual time=0.020..1486.349 rows=4523930 loops=1)
  ->  Hash  (cost=145439.11..145439.11 rows=227364 width=8) (actual time=3189.048..3189.048 rows=350550 loops=1)
        Buckets: 131072 (originally 131072)  Batches: 8 (originally 4)  Memory Usage: 3073kB
        ->  Hash Join  (cost=74698.31..145439.11 rows=227364 width=8) (actual time=1285.893..3061.961 rows=350550 loops=1)
              Hash Cond: (mc.movie_id = t.id)
              ->  Seq Scan on movie_companies mc  (cost=0.00..51404.11 rows=1329612 width=4) (actual time=44.342..1036.481 rows=1334883 loops=1)
                    Filter: (company_type_id > 1)
                    Rows Removed by Filter: 1274246
              ->  Hash  (cost=67604.59..67604.59 rows=432378 width=4) (actual time=1240.648..1240.648 rows=423779 loops=1)
                    Buckets: 131072  Batches: 8  Memory Usage: 2885kB
                    ->  Seq Scan on title t  (cost=0.00..67604.59 rows=432378 width=4) (actual time=0.022..1099.263 rows=423779 loops=1)
                          Filter: (production_year < 1974)
                          Rows Removed by Filter: 2104533
Planning time: 1.186 ms
Execution time: 6792.701 ms
