Hash Join  (cost=102767.86..1447875.10 rows=26170221 width=0) (actual time=1941.400..39785.802 rows=26177239 loops=1)
  Hash Cond: (ci.movie_id = t.id)
  ->  Seq Scan on cast_info ci  (cost=0.00..705507.15 rows=26170221 width=4) (actual time=0.026..15322.941 rows=26177239 loops=1)
        Filter: (person_id < 2708934)
        Rows Removed by Filter: 10067105
  ->  Hash  (cost=61283.27..61283.27 rows=2528527 width=4) (actual time=1940.316..1940.316 rows=2528312 loops=1)
        Buckets: 131072  Batches: 64  Memory Usage: 2415kB
        ->  Seq Scan on title t  (cost=0.00..61283.27 rows=2528527 width=4) (actual time=0.013..1100.360 rows=2528312 loops=1)
Planning time: 0.733 ms
Execution time: 42768.296 ms
