Hash Join  (cost=299162.05..986936.50 rows=14017992 width=0) (actual time=6861.852..43193.451 rows=98381456 loops=1)
  Hash Cond: (mi.movie_id = t.id)
  ->  Seq Scan on movie_info mi  (cost=0.00..346232.03 rows=13594802 width=4) (actual time=0.016..7623.907 rows=13635350 loops=1)
        Filter: (info_type_id < 40)
        Rows Removed by Filter: 1200370
  ->  Hash  (cost=256386.58..256386.58 rows=2607237 width=8) (actual time=6860.401..6860.401 rows=2597258 loops=1)
        Buckets: 131072  Batches: 64  Memory Usage: 2708kB
        ->  Hash Join  (cost=102767.86..256386.58 rows=2607237 width=8) (actual time=1925.574..6102.898 rows=2597258 loops=1)
              Hash Cond: (mk.movie_id = t.id)
              ->  Seq Scan on movie_keyword mk  (cost=0.00..81003.12 rows=2607237 width=4) (actual time=0.031..1744.941 rows=2597258 loops=1)
                    Filter: (keyword_id < 6955)
                    Rows Removed by Filter: 1926672
              ->  Hash  (cost=61283.27..61283.27 rows=2528527 width=4) (actual time=1924.415..1924.415 rows=2528312 loops=1)
                    Buckets: 131072  Batches: 64  Memory Usage: 2425kB
                    ->  Seq Scan on title t  (cost=0.00..61283.27 rows=2528527 width=4) (actual time=0.016..1051.364 rows=2528312 loops=1)
Planning time: 1.155 ms
Execution time: 53796.723 ms
