Hash Join  (cost=69179.59..960398.26 rows=301299 width=0) (actual time=5476.170..20778.428 rows=336206 loops=1)
  Hash Cond: (ci.movie_id = t.id)
  ->  Seq Scan on cast_info ci  (cost=0.00..796071.18 rows=7935866 width=4) (actual time=4261.498..16138.813 rows=8619344 loops=1)
        Filter: ((person_id > 559241) AND (role_id > 4))
        Rows Removed by Filter: 27625000
  ->  Hash  (cost=67604.59..67604.59 rows=96000 width=4) (actual time=1213.712..1213.712 rows=95005 loops=1)
        Buckets: 131072  Batches: 2  Memory Usage: 2716kB
        ->  Seq Scan on title t  (cost=0.00..67604.59 rows=96000 width=4) (actual time=0.033..1143.672 rows=95005 loops=1)
              Filter: (production_year = 2005)
              Rows Removed by Filter: 2433307
Planning time: 2.005 ms
Execution time: 20822.813 ms
