Hash Join  (cost=58375.80..145034.54 rows=70 width=0) (actual time=1005.589..2831.687 rows=1635 loops=1)
  Hash Cond: (mk.movie_id = t.id)
  ->  Seq Scan on movie_keyword mk  (cost=0.00..69693.30 rows=4523930 width=4) (actual time=0.029..1044.222 rows=4523930 loops=1)
  ->  Hash  (cost=58375.31..58375.31 rows=39 width=8) (actual time=996.041..996.041 rows=91 loops=1)
        Buckets: 1024  Batches: 1  Memory Usage: 12kB
        ->  Nested Loop  (cost=0.43..58375.31 rows=39 width=8) (actual time=33.517..995.928 rows=91 loops=1)
              ->  Seq Scan on movie_companies mc  (cost=0.00..57926.93 rows=53 width=4) (actual time=33.462..977.115 rows=94 loops=1)
                    Filter: ((company_type_id > 1) AND (company_id = 680))
                    Rows Removed by Filter: 2609035
              ->  Index Scan using title_pkey on title t  (cost=0.43..8.45 rows=1 width=4) (actual time=0.196..0.197 rows=1 loops=94)
                    Index Cond: (id = mc.movie_id)
                    Filter: (kind_id > 1)
                    Rows Removed by Filter: 0
Planning time: 1.162 ms
Execution time: 2832.090 ms
