Hash Join  (cost=128695.20..502146.26 rows=8579 width=0) (actual time=2916.256..8992.883 rows=127380 loops=1)
  Hash Cond: (mi.movie_id = t.id)
  ->  Seq Scan on movie_info mi  (cost=0.00..346232.03 rows=7235534 width=4) (actual time=789.109..5529.868 rows=7286865 loops=1)
        Filter: (info_type_id < 8)
        Rows Removed by Filter: 7548855
  ->  Hash  (cost=128657.72..128657.72 rows=2998 width=8) (actual time=2122.679..2122.679 rows=12158 loops=1)
        Buckets: 16384 (originally 4096)  Batches: 1 (originally 1)  Memory Usage: 603kB
        ->  Hash Join  (cost=73962.22..128657.72 rows=2998 width=8) (actual time=1047.387..2117.483 rows=12158 loops=1)
              Hash Cond: (mc.movie_id = t.id)
              ->  Seq Scan on movie_companies mc  (cost=0.00..44881.29 rows=2609129 width=4) (actual time=0.036..535.866 rows=2609129 loops=1)
              ->  Hash  (cost=73925.90..73925.90 rows=2905 width=4) (actual time=1047.060..1047.060 rows=6173 loops=1)
                    Buckets: 8192 (originally 4096)  Batches: 1 (originally 1)  Memory Usage: 282kB
                    ->  Seq Scan on title t  (cost=0.00..73925.90 rows=2905 width=4) (actual time=1.327..1043.674 rows=6173 loops=1)
                          Filter: ((kind_id < 7) AND (production_year = 1971))
                          Rows Removed by Filter: 2522139
Planning time: 1.205 ms
Execution time: 9010.150 ms
