Seq Scan on movie_companies mc  (cost=0.00..51404.11 rows=104 width=0) (actual time=388.791..818.954 rows=9 loops=1)
  Filter: (company_id = 71998)
  Rows Removed by Filter: 2609120
Planning time: 0.266 ms
Execution time: 819.022 ms
