Seq Scan on movie_keyword mk  (cost=0.00..81003.12 rows=3931773 width=0) (actual time=0.025..1563.927 rows=3931220 loops=1)
  Filter: (keyword_id < 31028)
  Rows Removed by Filter: 592710
Planning time: 0.349 ms
Execution time: 2059.006 ms
