Hash Join  (cost=427425.04..514689.76 rows=60669 width=0) (actual time=6635.501..9246.856 rows=299773 loops=1)
  Hash Cond: (mk.movie_id = t.id)
  ->  Seq Scan on movie_keyword mk  (cost=0.00..69693.30 rows=4523930 width=4) (actual time=0.023..1038.678 rows=4523930 loops=1)
  ->  Hash  (cost=427001.17..427001.17 rows=33909 width=8) (actual time=6633.691..6633.691 rows=102540 loops=1)
        Buckets: 131072 (originally 65536)  Batches: 2 (originally 1)  Memory Usage: 3073kB
        ->  Hash Join  (cost=74617.32..427001.17 rows=33909 width=8) (actual time=3908.086..6591.299 rows=102540 loops=1)
              Hash Cond: (mi.movie_id = t.id)
              ->  Seq Scan on movie_info mi  (cost=0.00..346232.03 rows=1550064 width=4) (actual time=2796.801..5053.090 rows=1533909 loops=1)
                    Filter: (info_type_id = 3)
                    Rows Removed by Filter: 13301811
              ->  Hash  (cost=73925.90..73925.90 rows=55313 width=4) (actual time=1110.787..1110.787 rows=49075 loops=1)
                    Buckets: 65536  Batches: 1  Memory Usage: 2238kB
                    ->  Seq Scan on title t  (cost=0.00..73925.90 rows=55313 width=4) (actual time=0.113..1090.953 rows=49075 loops=1)
                          Filter: ((kind_id < 7) AND (production_year = 2010))
                          Rows Removed by Filter: 2479237
Planning time: 1.179 ms
Execution time: 9284.254 ms
