Hash Join  (cost=87080.17..838275.93 rows=40659 width=0) (actual time=1006.537..18533.652 rows=87289 loops=1)
  Hash Cond: (ci.movie_id = t.id)
  ->  Seq Scan on cast_info ci  (cost=0.00..614943.12 rows=36225612 width=4) (actual time=0.018..9122.729 rows=36244344 loops=1)
  ->  Hash  (cost=87044.69..87044.69 rows=2838 width=8) (actual time=1006.171..1006.171 rows=8589 loops=1)
        Buckets: 16384 (originally 4096)  Batches: 1 (originally 1)  Memory Usage: 464kB
        ->  Nested Loop  (cost=0.43..87044.69 rows=2838 width=8) (actual time=398.800..1002.866 rows=8589 loops=1)
              ->  Seq Scan on movie_companies mc  (cost=0.00..57926.93 rows=3856 width=4) (actual time=398.748..898.414 rows=8606 loops=1)
                    Filter: ((company_type_id > 1) AND (company_id = 596))
                    Rows Removed by Filter: 2600523
              ->  Index Scan using title_pkey on title t  (cost=0.43..7.54 rows=1 width=4) (actual time=0.011..0.012 rows=1 loops=8606)
                    Index Cond: (id = mc.movie_id)
                    Filter: (kind_id > 1)
                    Rows Removed by Filter: 0
Planning time: 3.409 ms
Execution time: 18548.059 ms
