Nested Loop  (cost=0.43..796925.89 rows=66 width=0) (actual time=3916.861..10805.757 rows=1 loops=1)
  ->  Seq Scan on cast_info ci  (cost=0.00..796071.18 rows=101 width=4) (actual time=3916.716..10805.605 rows=1 loops=1)
        Filter: ((person_id = 2256769) AND (role_id = 2))
        Rows Removed by Filter: 36244343
  ->  Index Scan using title_pkey on title t  (cost=0.43..8.45 rows=1 width=4) (actual time=0.089..0.090 rows=1 loops=1)
        Index Cond: (id = ci.movie_id)
        Filter: ((kind_id > 1) AND (production_year > 1955))
Planning time: 0.868 ms
Execution time: 10805.862 ms
