Hash Join  (cost=435667.03..1231335.84 rows=621647 width=0) (actual time=7004.544..29450.700 rows=1405671 loops=1)
  Hash Cond: (ci.movie_id = t.id)
  ->  Seq Scan on cast_info ci  (cost=0.00..705507.15 rows=22385377 width=4) (actual time=0.040..12870.075 rows=22227255 loops=1)
        Filter: (person_id < 2265067)
        Rows Removed by Filter: 14017089
  ->  Hash  (cost=434789.31..434789.31 rows=70218 width=8) (actual time=7003.815..7003.815 rows=170102 loops=1)
        Buckets: 131072 (originally 131072)  Batches: 2 (originally 1)  Memory Usage: 4353kB
        ->  Hash Join  (cost=69484.36..434789.31 rows=70218 width=8) (actual time=3223.069..6942.914 rows=170102 loops=1)
              Hash Cond: (mi.movie_id = t.id)
              ->  Seq Scan on movie_info mi  (cost=0.00..346232.03 rows=1550064 width=4) (actual time=2090.876..5273.652 rows=1533909 loops=1)
                    Filter: (info_type_id = 3)
                    Rows Removed by Filter: 13301811
              ->  Hash  (cost=67604.59..67604.59 rows=114542 width=4) (actual time=1042.863..1042.863 rows=118234 loops=1)
                    Buckets: 131072  Batches: 2  Memory Usage: 3107kB
                    ->  Seq Scan on title t  (cost=0.00..67604.59 rows=114542 width=4) (actual time=441.649..998.465 rows=118234 loops=1)
                          Filter: (kind_id = 4)
                          Rows Removed by Filter: 2410078
Planning time: 1.209 ms
Execution time: 29632.862 ms
