Hash Join  (cost=89472.60..160299.60 rows=225129 width=0) (actual time=1906.074..3175.587 rows=123940 loops=1)
  Hash Cond: (mc.movie_id = t.id)
  ->  Seq Scan on movie_companies mc  (cost=0.00..57926.93 rows=600738 width=4) (actual time=336.432..1069.821 rows=879439 loops=1)
        Filter: ((company_id > 12505) AND (company_type_id = 2))
        Rows Removed by Filter: 1729690
  ->  Hash  (cost=73925.90..73925.90 rows=947576 width=4) (actual time=1568.499..1568.499 rows=876037 loops=1)
        Buckets: 131072  Batches: 16  Memory Usage: 2949kB
        ->  Seq Scan on title t  (cost=0.00..73925.90 rows=947576 width=4) (actual time=0.026..1285.688 rows=876037 loops=1)
              Filter: ((production_year < 2007) AND (kind_id = 7))
              Rows Removed by Filter: 1652275
Planning time: 0.744 ms
Execution time: 3186.486 ms
