Seq Scan on cast_info ci  (cost=0.00..796071.18 rows=13533152 width=0) (actual time=0.036..14783.413 rows=8071565 loops=1)
  Filter: ((person_id < 2089039) AND (role_id > 1))
  Rows Removed by Filter: 28172779
Planning time: 0.367 ms
Execution time: 15779.496 ms
