Hash Join  (cost=74530.73..425778.05 rows=24350 width=0) (actual time=2151.083..7151.891 rows=6484 loops=1)
  Hash Cond: (mi.movie_id = t.id)
  ->  Seq Scan on movie_info mi  (cost=0.00..346232.03 rows=1272478 width=4) (actual time=920.867..5585.648 rows=1325361 loops=1)
        Filter: (info_type_id = 8)
        Rows Removed by Filter: 13510359
  ->  Hash  (cost=73925.90..73925.90 rows=48386 width=4) (actual time=1229.782..1229.782 rows=45023 loops=1)
        Buckets: 65536  Batches: 1  Memory Usage: 2095kB
        ->  Seq Scan on title t  (cost=0.00..73925.90 rows=48386 width=4) (actual time=0.226..1209.389 rows=45023 loops=1)
              Filter: ((kind_id > 1) AND (production_year = 2013))
              Rows Removed by Filter: 2483289
Planning time: 0.783 ms
Execution time: 7153.267 ms
