Hash Join  (cost=69484.36..789253.11 rows=52075 width=0) (actual time=12020.315..14165.454 rows=50870 loops=1)
  Hash Cond: (ci.movie_id = t.id)
  ->  Seq Scan on cast_info ci  (cost=0.00..705507.15 rows=1149559 width=4) (actual time=10949.666..12676.788 rows=1093558 loops=1)
        Filter: (role_id = 9)
        Rows Removed by Filter: 35150786
  ->  Hash  (cost=67604.59..67604.59 rows=114542 width=4) (actual time=1069.766..1069.766 rows=118234 loops=1)
        Buckets: 131072  Batches: 2  Memory Usage: 3101kB
        ->  Seq Scan on title t  (cost=0.00..67604.59 rows=114542 width=4) (actual time=381.390..1023.016 rows=118234 loops=1)
              Filter: (kind_id = 4)
              Rows Removed by Filter: 2410078
Planning time: 1.146 ms
Execution time: 14171.596 ms
