Hash Join  (cost=128303.11..208496.77 rows=373114 width=0) (actual time=2742.865..4896.401 rows=746650 loops=1)
  Hash Cond: (mc.movie_id = t.id)
  ->  Seq Scan on movie_companies mc  (cost=0.00..44881.29 rows=2609129 width=4) (actual time=0.017..848.594 rows=2609129 loops=1)
  ->  Hash  (cost=122370.28..122370.28 rows=361587 width=8) (actual time=2741.806..2741.806 rows=252549 loops=1)
        Buckets: 131072  Batches: 8  Memory Usage: 2244kB
        ->  Hash Join  (cost=78473.92..122370.28 rows=361587 width=8) (actual time=1416.575..2670.447 rows=252549 loops=1)
              Hash Cond: (mi_idx.movie_id = t.id)
              ->  Seq Scan on movie_info_idx mi_idx  (cost=0.00..21735.35 rows=1380035 width=4) (actual time=0.014..452.420 rows=1380035 loops=1)
              ->  Hash  (cost=67604.59..67604.59 rows=662507 width=4) (actual time=1415.278..1415.278 rows=662065 loops=1)
                    Buckets: 131072  Batches: 16  Memory Usage: 2481kB
                    ->  Seq Scan on title t  (cost=0.00..67604.59 rows=662507 width=4) (actual time=0.024..1200.419 rows=662065 loops=1)
                          Filter: (production_year > 2008)
                          Rows Removed by Filter: 1866247
Planning time: 1.062 ms
Execution time: 4986.067 ms
