Hash Join  (cost=160526.42..1265796.35 rows=8856719 width=0) (actual time=3340.415..34075.066 rows=11232318 loops=1)
  Hash Cond: (ci.movie_id = t.id)
  ->  Seq Scan on cast_info ci  (cost=0.00..705507.15 rows=26630032 width=4) (actual time=0.008..15737.180 rows=26830044 loops=1)
        Filter: (person_id > 926639)
        Rows Removed by Filter: 9414300
  ->  Hash  (cost=146729.58..146729.58 rows=840947 width=8) (actual time=3339.284..3339.284 rows=425718 loops=1)
        Buckets: 131072  Batches: 16  Memory Usage: 2062kB
        ->  Hash Join  (cost=92883.59..146729.58 rows=840947 width=8) (actual time=1792.295..3218.512 rows=425718 loops=1)
              Hash Cond: (mi_idx.movie_id = t.id)
              ->  Seq Scan on movie_info_idx mi_idx  (cost=0.00..21735.35 rows=1380035 width=4) (actual time=0.011..487.523 rows=1380035 loops=1)
              ->  Hash  (cost=67604.59..67604.59 rows=1540800 width=4) (actual time=1707.196..1707.196 rows=1543264 loops=1)
                    Buckets: 131072  Batches: 32  Memory Usage: 2722kB
                    ->  Seq Scan on title t  (cost=0.00..67604.59 rows=1540800 width=4) (actual time=262.733..1235.223 rows=1543264 loops=1)
                          Filter: (kind_id = 7)
                          Rows Removed by Filter: 985048
Planning time: 1.308 ms
Execution time: 35355.561 ms
