Seq Scan on movie_keyword mk  (cost=0.00..81003.12 rows=4464526 width=0) (actual time=0.007..1482.239 rows=4467725 loops=1)
  Filter: (keyword_id < 96768)
  Rows Removed by Filter: 56205
Planning time: 0.234 ms
Execution time: 2019.825 ms
