Seq Scan on cast_info ci  (cost=0.00..796071.18 rows=11551536 width=0) (actual time=26.677..14268.611 rows=4985390 loops=1)
  Filter: ((person_id < 1748346) AND (role_id > 1))
  Rows Removed by Filter: 31258954
Planning time: 0.381 ms
Execution time: 14888.588 ms
