Seq Scan on movie_keyword mk  (cost=0.00..81003.12 rows=246 width=0) (actual time=17.182..1321.497 rows=33 loops=1)
  Filter: (keyword_id = 18294)
  Rows Removed by Filter: 4523897
Planning time: 0.353 ms
Execution time: 1321.617 ms
