Nested Loop  (cost=0.43..83071.67 rows=246 width=0) (actual time=8.050..1168.124 rows=174 loops=1)
  ->  Seq Scan on movie_keyword mk  (cost=0.00..81003.12 rows=246 width=4) (actual time=7.968..1156.603 rows=174 loops=1)
        Filter: (keyword_id = 32232)
        Rows Removed by Filter: 4523756
  ->  Index Only Scan using title_pkey on title t  (cost=0.43..8.40 rows=1 width=4) (actual time=0.062..0.063 rows=1 loops=174)
        Index Cond: (id = mk.movie_id)
        Heap Fetches: 174
Planning time: 0.722 ms
Execution time: 1168.314 ms
