Hash Join  (cost=74580.37..832870.59 rows=750106 width=0) (actual time=1190.265..21403.502 rows=716304 loops=1)
  Hash Cond: (ci.movie_id = t.id)
  ->  Seq Scan on cast_info ci  (cost=0.00..614943.12 rows=36225612 width=4) (actual time=0.020..8843.965 rows=36244344 loops=1)
  ->  Hash  (cost=73925.90..73925.90 rows=52357 width=4) (actual time=1189.495..1189.495 rows=56910 loops=1)
        Buckets: 65536  Batches: 1  Memory Usage: 2513kB
        ->  Seq Scan on title t  (cost=0.00..73925.90 rows=52357 width=4) (actual time=0.014..1166.028 rows=56910 loops=1)
              Filter: ((kind_id > 4) AND (production_year = 2004))
              Rows Removed by Filter: 2471402
Planning time: 0.547 ms
Execution time: 21501.733 ms
