Seq Scan on cast_info ci  (cost=0.00..796071.18 rows=5778065 width=0) (actual time=2806.844..14731.384 rows=7451973 loops=1)
  Filter: ((person_id < 2914772) AND (role_id = 2))
  Rows Removed by Filter: 28792371
Planning time: 0.401 ms
Execution time: 15621.301 ms
