Seq Scan on cast_info ci  (cost=0.00..796071.18 rows=428970 width=0) (actual time=362.329..11072.756 rows=289411 loops=1)
  Filter: ((person_id < 360944) AND (role_id = 3))
  Rows Removed by Filter: 35954933
Planning time: 0.289 ms
Execution time: 11112.537 ms
