Hash Join  (cost=120818.43..236329.74 rows=132942 width=0) (actual time=2255.901..4883.187 rows=209601 loops=1)
  Hash Cond: (mk.movie_id = t.id)
  ->  Seq Scan on movie_keyword mk  (cost=0.00..81003.12 rows=2829269 width=4) (actual time=0.022..1594.859 rows=2819383 loops=1)
        Filter: (keyword_id > 2662)
        Rows Removed by Filter: 1704547
  ->  Hash  (cost=118868.30..118868.30 rows=118811 width=8) (actual time=2255.041..2255.041 rows=88992 loops=1)
        Buckets: 131072  Batches: 2  Memory Usage: 2773kB
        ->  Hash Join  (cost=84618.08..118868.30 rows=118811 width=8) (actual time=1428.271..2223.375 rows=88992 loops=1)
              Hash Cond: (mi_idx.movie_id = t.id)
              ->  Seq Scan on movie_info_idx mi_idx  (cost=0.00..25185.44 rows=460978 width=4) (actual time=0.026..463.545 rows=459925 loops=1)
                    Filter: (info_type_id < 100)
                    Rows Removed by Filter: 920110
              ->  Hash  (cost=73925.90..73925.90 rows=651694 width=4) (actual time=1426.974..1426.974 rows=532575 loops=1)
                    Buckets: 131072  Batches: 16  Memory Usage: 2197kB
                    ->  Seq Scan on title t  (cost=0.00..73925.90 rows=651694 width=4) (actual time=0.024..1244.690 rows=532575 loops=1)
                          Filter: ((kind_id > 1) AND (production_year < 1997))
                          Rows Removed by Filter: 1995737
Planning time: 1.126 ms
Execution time: 4909.062 ms
