Seq Scan on movie_companies mc  (cost=0.00..57926.93 rows=638308 width=0) (actual time=190.723..928.842 rows=401242 loops=1)
  Filter: ((company_id > 11282) AND (company_type_id = 1))
  Rows Removed by Filter: 2207887
Planning time: 0.403 ms
Execution time: 980.650 ms
