Seq Scan on movie_companies mc  (cost=0.00..57926.93 rows=631838 width=0) (actual time=192.528..1018.349 rows=862560 loops=1)
  Filter: ((company_id < 11219) AND (company_type_id < 2))
  Rows Removed by Filter: 1746569
Planning time: 0.322 ms
Execution time: 1127.037 ms
