Seq Scan on movie_keyword mk  (cost=0.00..81003.12 rows=4342884 width=0) (actual time=0.017..1599.696 rows=4343012 loops=1)
  Filter: (keyword_id < 71635)
  Rows Removed by Filter: 180918
Planning time: 0.349 ms
Execution time: 2110.799 ms
