Hash Join  (cost=360158.96..1166855.33 rows=25455971 width=0) (actual time=8532.645..70617.112 rows=235210747 loops=1)
  Hash Cond: (mi.movie_id = t.id)
  ->  Seq Scan on movie_info mi  (cost=0.00..309384.22 rows=14739122 width=4) (actual time=0.013..6239.770 rows=14835720 loops=1)
  ->  Hash  (cost=288512.15..288512.15 rows=4367025 width=8) (actual time=8530.719..8530.719 rows=4494357 loops=1)
        Buckets: 131072  Batches: 64  Memory Usage: 3871kB
        ->  Hash Join  (cost=107649.95..288512.15 rows=4367025 width=8) (actual time=2273.198..7314.605 rows=4494357 loops=1)
              Hash Cond: (mk.movie_id = t.id)
              ->  Seq Scan on movie_keyword mk  (cost=0.00..69693.30 rows=4523930 width=4) (actual time=0.010..1549.084 rows=4523930 loops=1)
              ->  Hash  (cost=67604.59..67604.59 rows=2440829 width=4) (actual time=2272.041..2272.041 rows=2439326 loops=1)
                    Buckets: 131072  Batches: 32  Memory Usage: 3713kB
                    ->  Seq Scan on title t  (cost=0.00..67604.59 rows=2440829 width=4) (actual time=0.033..1487.603 rows=2439326 loops=1)
                          Filter: (production_year > 1906)
                          Rows Removed by Filter: 88986
Planning time: 0.855 ms
Execution time: 94788.760 ms
