Hash Join  (cost=139597.14..216093.23 rows=256304 width=0) (actual time=3878.758..5908.712 rows=1860954 loops=1)
  Hash Cond: (mc.movie_id = t.id)
  ->  Seq Scan on movie_companies mc  (cost=0.00..57926.93 rows=1202165 width=4) (actual time=290.178..1100.563 rows=1274246 loops=1)
        Filter: ((company_id < 129396) AND (company_type_id < 2))
        Rows Removed by Filter: 1334883
  ->  Hash  (cost=130752.54..130752.54 rows=539088 width=8) (actual time=3587.876..3587.876 rows=954317 loops=1)
        Buckets: 131072 (originally 131072)  Batches: 16 (originally 8)  Memory Usage: 3354kB
        ->  Hash Join  (cost=83810.17..130752.54 rows=539088 width=8) (actual time=1980.780..3345.894 rows=954317 loops=1)
              Hash Cond: (mi_idx.movie_id = t.id)
              ->  Seq Scan on movie_info_idx mi_idx  (cost=0.00..21735.35 rows=1380035 width=4) (actual time=0.019..401.572 rows=1380035 loops=1)
              ->  Hash  (cost=67604.59..67604.59 rows=987727 width=4) (actual time=1979.739..1979.739 rows=985048 loops=1)
                    Buckets: 131072  Batches: 16  Memory Usage: 3188kB
                    ->  Seq Scan on title t  (cost=0.00..67604.59 rows=987727 width=4) (actual time=0.015..1010.891 rows=985048 loops=1)
                          Filter: (kind_id < 7)
                          Rows Removed by Filter: 1543264
Planning time: 1.141 ms
Execution time: 6130.529 ms
