Seq Scan on movie_keyword mk  (cost=0.00..81003.12 rows=1382020 width=0) (actual time=0.018..1366.070 rows=1397697 loops=1)
  Filter: (keyword_id > 11985)
  Rows Removed by Filter: 3126233
Planning time: 0.312 ms
Execution time: 1539.668 ms
