Seq Scan on movie_companies mc  (cost=0.00..57926.93 rows=979538 width=0) (actual time=1.894..1039.669 rows=1265725 loops=1)
  Filter: ((company_id < 63276) AND (company_type_id = 1))
  Rows Removed by Filter: 1343404
Planning time: 0.917 ms
Execution time: 1197.310 ms
