Seq Scan on cast_info ci  (cost=0.00..796071.18 rows=1966160 width=0) (actual time=0.019..14781.008 rows=2027896 loops=1)
  Filter: ((person_id > 983633) AND (role_id = 4))
  Rows Removed by Filter: 34216448
Planning time: 0.381 ms
Execution time: 15030.721 ms
