Hash Join  (cost=102767.86..194997.26 rows=1286110 width=0) (actual time=1969.645..4431.483 rows=1278611 loops=1)
  Hash Cond: (mc.movie_id = t.id)
  ->  Seq Scan on movie_companies mc  (cost=0.00..51404.11 rows=1286110 width=4) (actual time=0.024..1079.482 rows=1278611 loops=1)
        Filter: (company_id < 11209)
        Rows Removed by Filter: 1330518
  ->  Hash  (cost=61283.27..61283.27 rows=2528527 width=4) (actual time=1968.477..1968.477 rows=2528312 loops=1)
        Buckets: 131072  Batches: 64  Memory Usage: 2415kB
        ->  Seq Scan on title t  (cost=0.00..61283.27 rows=2528527 width=4) (actual time=0.018..1141.085 rows=2528312 loops=1)
Planning time: 0.757 ms
Execution time: 4581.882 ms
