Seq Scan on cast_info ci  (cost=0.00..796071.18 rows=2014371 width=0) (actual time=8723.710..12863.856 rows=4085515 loops=1)
  Filter: ((person_id < 546639) AND (role_id = 1))
  Rows Removed by Filter: 32158829
Planning time: 0.403 ms
Execution time: 13375.512 ms
