Seq Scan on movie_keyword mk  (cost=0.00..81003.12 rows=2986417 width=0) (actual time=0.024..1455.093 rows=2971707 loops=1)
  Filter: (keyword_id < 10161)
  Rows Removed by Filter: 1552223
Planning time: 0.355 ms
Execution time: 1818.337 ms
