Seq Scan on movie_keyword mk  (cost=0.00..81003.12 rows=2944413 width=0) (actual time=0.026..1367.743 rows=2936643 loops=1)
  Filter: (keyword_id > 2426)
  Rows Removed by Filter: 1587287
Planning time: 0.317 ms
Execution time: 1703.000 ms
