Seq Scan on cast_info ci  (cost=0.00..796071.18 rows=3351539 width=0) (actual time=4727.298..13901.808 rows=6732156 loops=1)
  Filter: ((person_id < 921682) AND (role_id = 1))
  Rows Removed by Filter: 29512188
Planning time: 0.413 ms
Execution time: 14735.468 ms
