Hash Join  (cost=74611.35..129842.72 rows=56584 width=0) (actual time=1264.025..2638.664 rows=124442 loops=1)
  Hash Cond: (mc.movie_id = t.id)
  ->  Seq Scan on movie_companies mc  (cost=0.00..44881.29 rows=2609129 width=4) (actual time=0.014..695.908 rows=2609129 loops=1)
  ->  Hash  (cost=73925.90..73925.90 rows=54836 width=4) (actual time=1166.226..1166.226 rows=55815 loops=1)
        Buckets: 65536  Batches: 1  Memory Usage: 2475kB
        ->  Seq Scan on title t  (cost=0.00..73925.90 rows=54836 width=4) (actual time=115.491..1143.603 rows=55815 loops=1)
              Filter: ((production_year > 1997) AND (kind_id = 2))
              Rows Removed by Filter: 2472497
Planning time: 0.809 ms
Execution time: 2655.687 ms
