Seq Scan on movie_keyword mk  (cost=0.00..81003.12 rows=246 width=0) (actual time=0.710..1272.016 rows=384 loops=1)
  Filter: (keyword_id = 26908)
  Rows Removed by Filter: 4523546
Planning time: 0.361 ms
Execution time: 1272.289 ms
