Seq Scan on cast_info ci  (cost=0.00..705507.15 rows=500 width=0) (actual time=1812.328..10075.462 rows=108 loops=1)
  Filter: (person_id = 2941164)
  Rows Removed by Filter: 36244236
Planning time: 0.376 ms
Execution time: 10075.564 ms
