Seq Scan on cast_info ci  (cost=0.00..796071.18 rows=55 width=0) (actual time=2041.072..10616.478 rows=1 loops=1)
  Filter: ((person_id = 2989062) AND (role_id = 3))
  Rows Removed by Filter: 36244343
Planning time: 1.387 ms
Execution time: 10616.587 ms
