Hash Join  (cost=75777.30..826625.06 rows=5860 width=0) (actual time=868.741..15731.039 rows=2612 loops=1)
  Hash Cond: (ci.movie_id = t.id)
  ->  Seq Scan on cast_info ci  (cost=0.00..614943.12 rows=36225612 width=4) (actual time=0.022..8164.440 rows=36244344 loops=1)
  ->  Hash  (cost=75772.18..75772.18 rows=409 width=8) (actual time=868.487..868.487 rows=74 loops=1)
        Buckets: 1024  Batches: 1  Memory Usage: 11kB
        ->  Nested Loop  (cost=0.43..75772.18 rows=409 width=8) (actual time=1.788..868.432 rows=74 loops=1)
              ->  Seq Scan on movie_companies mc  (cost=0.00..57926.93 rows=2260 width=4) (actual time=1.716..843.522 rows=1127 loops=1)
                    Filter: ((company_type_id > 1) AND (company_id = 240))
                    Rows Removed by Filter: 2608002
              ->  Index Scan using title_pkey on title t  (cost=0.43..7.89 rows=1 width=4) (actual time=0.021..0.021 rows=0 loops=1127)
                    Index Cond: (id = mc.movie_id)
                    Filter: ((kind_id > 6) AND (production_year < 1993))
                    Rows Removed by Filter: 1
Planning time: 1.293 ms
Execution time: 15732.323 ms
