Seq Scan on movie_keyword mk  (cost=0.00..81003.12 rows=246 width=0) (actual time=0.192..1190.343 rows=59 loops=1)
  Filter: (keyword_id = 5225)
  Rows Removed by Filter: 4523871
Planning time: 0.386 ms
Execution time: 1190.474 ms
