Hash Join  (cost=75570.05..146798.06 rows=255285 width=0) (actual time=1331.188..3893.673 rows=385437 loops=1)
  Hash Cond: (mc.movie_id = t.id)
  ->  Seq Scan on movie_companies mc  (cost=0.00..51404.11 rows=1329612 width=4) (actual time=0.021..979.882 rows=1334883 loops=1)
        Filter: (company_type_id > 1)
        Rows Removed by Filter: 1274246
  ->  Hash  (cost=67604.59..67604.59 rows=485477 width=4) (actual time=1330.049..1330.049 rows=479601 loops=1)
        Buckets: 131072  Batches: 8  Memory Usage: 3125kB
        ->  Seq Scan on title t  (cost=0.00..67604.59 rows=485477 width=4) (actual time=0.022..1177.203 rows=479601 loops=1)
              Filter: (production_year < 1978)
              Rows Removed by Filter: 2048711
Planning time: 0.724 ms
Execution time: 3942.471 ms
