Hash Join  (cost=323125.57..1911702.86 rows=45188913 width=0) (actual time=7766.302..76181.184 rows=161496357 loops=1)
  Hash Cond: (ci.movie_id = t.id)
  ->  Seq Scan on cast_info ci  (cost=0.00..614943.12 rows=36225612 width=4) (actual time=0.021..13186.110 rows=36244344 loops=1)
  ->  Hash  (cost=271377.57..271377.57 rows=3154160 width=8) (actual time=7764.702..7764.702 rows=3296048 loops=1)
        Buckets: 131072  Batches: 64  Memory Usage: 3051kB
        ->  Hash Join  (cost=106229.42..271377.57 rows=3154160 width=8) (actual time=2712.046..6894.801 rows=3296048 loops=1)
              Hash Cond: (mk.movie_id = t.id)
              ->  Seq Scan on movie_keyword mk  (cost=0.00..81003.12 rows=3387685 width=4) (actual time=0.018..1543.701 rows=3377245 loops=1)
                    Filter: (keyword_id < 16264)
                    Rows Removed by Filter: 1146685
              ->  Hash  (cost=67604.59..67604.59 rows=2354227 width=4) (actual time=2711.042..2711.042 rows=2349391 loops=1)
                    Buckets: 131072  Batches: 32  Memory Usage: 3618kB
                    ->  Seq Scan on title t  (cost=0.00..67604.59 rows=2354227 width=4) (actual time=0.012..1272.331 rows=2349391 loops=1)
                          Filter: (production_year > 1926)
                          Rows Removed by Filter: 178921
Planning time: 1.175 ms
Execution time: 93087.750 ms
