Seq Scan on cast_info ci  (cost=0.00..705507.15 rows=23230806 width=0) (actual time=0.013..12838.207 rows=23115680 loops=1)
  Filter: (person_id < 2363288)
  Rows Removed by Filter: 13128664
Planning time: 0.314 ms
Execution time: 15690.984 ms
