Hash Join  (cost=76444.38..184686.86 rows=132868 width=0) (actual time=1855.984..4248.515 rows=109392 loops=1)
  Hash Cond: (mk.movie_id = t.id)
  ->  Seq Scan on movie_keyword mk  (cost=0.00..81003.12 rows=2188979 width=4) (actual time=0.023..1568.962 rows=2189103 loops=1)
        Filter: (keyword_id > 5159)
        Rows Removed by Filter: 2334827
  ->  Hash  (cost=73925.90..73925.90 rows=153478 width=4) (actual time=1855.104..1855.104 rows=134760 loops=1)
        Buckets: 131072  Batches: 4  Memory Usage: 2222kB
        ->  Seq Scan on title t  (cost=0.00..73925.90 rows=153478 width=4) (actual time=0.029..1060.345 rows=134760 loops=1)
              Filter: ((kind_id < 7) AND (production_year > 2010))
              Rows Removed by Filter: 2393552
Planning time: 0.731 ms
Execution time: 4262.117 ms
