Hash Join  (cost=443026.81..1303585.41 rows=733473 width=0) (actual time=8932.700..27934.472 rows=4504110 loops=1)
  Hash Cond: (ci.movie_id = t.id)
  ->  Seq Scan on cast_info ci  (cost=0.00..705507.15 rows=12726058 width=4) (actual time=2411.487..14261.977 rows=12670688 loops=1)
        Filter: (role_id = 1)
        Rows Removed by Filter: 23573656
  ->  Hash  (cost=440635.15..440635.15 rows=145733 width=8) (actual time=6520.208..6520.208 rows=285366 loops=1)
        Buckets: 131072 (originally 131072)  Batches: 4 (originally 2)  Memory Usage: 3826kB
        ->  Hash Join  (cost=83198.94..440635.15 rows=145733 width=8) (actual time=4585.975..6423.595 rows=285366 loops=1)
              Hash Cond: (mi.movie_id = t.id)
              ->  Seq Scan on movie_info mi  (cost=0.00..346232.03 rows=651960 width=4) (actual time=3261.980..4554.555 rows=660923 loops=1)
                    Filter: (info_type_id = 18)
                    Rows Removed by Filter: 14174797
              ->  Hash  (cost=73925.90..73925.90 rows=565203 width=4) (actual time=1323.120..1323.120 rows=641785 loops=1)
                    Buckets: 131072  Batches: 8  Memory Usage: 3871kB
                    ->  Seq Scan on title t  (cost=0.00..73925.90 rows=565203 width=4) (actual time=0.031..1115.231 rows=641785 loops=1)
                          Filter: ((kind_id < 7) AND (production_year < 2006))
                          Rows Removed by Filter: 1886527
Planning time: 1.133 ms
Execution time: 28488.596 ms
