Seq Scan on title t  (cost=0.00..73925.90 rows=352823 width=0) (actual time=0.017..1108.528 rows=302088 loops=1)
  Filter: ((kind_id < 7) AND (production_year > 2006))
  Rows Removed by Filter: 2226224
Planning time: 0.361 ms
Execution time: 1149.333 ms
