Hash Join  (cost=441541.65..1285943.73 rows=304894 width=0) (actual time=7315.552..25297.721 rows=211070 loops=1)
  Hash Cond: (ci.movie_id = t.id)
  ->  Seq Scan on cast_info ci  (cost=0.00..614943.12 rows=36225612 width=4) (actual time=0.011..8921.083 rows=36244344 loops=1)
  ->  Hash  (cost=441275.64..441275.64 rows=21281 width=8) (actual time=7314.490..7314.490 rows=26896 loops=1)
        Buckets: 32768  Batches: 1  Memory Usage: 1307kB
        ->  Hash Join  (cost=67697.55..441275.64 rows=21281 width=8) (actual time=2419.269..7303.747 rows=26896 loops=1)
              Hash Cond: (mi.movie_id = t.id)
              ->  Seq Scan on movie_info mi  (cost=0.00..346232.03 rows=7235534 width=4) (actual time=1259.958..5118.185 rows=7286865 loops=1)
                    Filter: (info_type_id < 8)
                    Rows Removed by Filter: 7548855
              ->  Hash  (cost=67604.59..67604.59 rows=7437 width=4) (actual time=1049.054..1049.054 rows=3613 loops=1)
                    Buckets: 8192  Batches: 1  Memory Usage: 192kB
                    ->  Seq Scan on title t  (cost=0.00..67604.59 rows=7437 width=4) (actual time=637.529..1047.233 rows=3613 loops=1)
                          Filter: (production_year = 1919)
                          Rows Removed by Filter: 2524699
Planning time: 1.198 ms
Execution time: 25327.117 ms
