Hash Join  (cost=143223.47..181825.68 rows=52973 width=0) (actual time=2866.701..3400.752 rows=49425 loops=1)
  Hash Cond: (mi_idx.movie_id = t.id)
  ->  Seq Scan on movie_info_idx mi_idx  (cost=0.00..21735.35 rows=1380035 width=4) (actual time=0.941..437.383 rows=1380035 loops=1)
  ->  Hash  (cost=141630.24..141630.24 rows=97058 width=8) (actual time=2502.609..2502.609 rows=41855 loops=1)
        Buckets: 131072  Batches: 2  Memory Usage: 1840kB
        ->  Hash Join  (cost=79273.71..141630.24 rows=97058 width=8) (actual time=1258.682..2488.324 rows=41855 loops=1)
              Hash Cond: (mc.movie_id = t.id)
              ->  Seq Scan on movie_companies mc  (cost=0.00..51404.11 rows=753026 width=4) (actual time=0.019..895.152 rows=757749 loops=1)
                    Filter: (company_id > 35769)
                    Rows Removed by Filter: 1851380
              ->  Hash  (cost=73925.90..73925.90 rows=325904 width=4) (actual time=1161.090..1161.090 rows=349534 loops=1)
                    Buckets: 131072  Batches: 8  Memory Usage: 2566kB
                    ->  Seq Scan on title t  (cost=0.00..73925.90 rows=325904 width=4) (actual time=308.123..1048.193 rows=349534 loops=1)
                          Filter: ((production_year > 2009) AND (kind_id = 7))
                          Rows Removed by Filter: 2178778
Planning time: 1.141 ms
Execution time: 3407.528 ms
