Seq Scan on cast_info ci  (cost=0.00..705507.15 rows=13174304 width=0) (actual time=0.018..12156.348 rows=13295351 loops=1)
  Filter: (person_id > 2343025)
  Rows Removed by Filter: 22948993
Planning time: 0.312 ms
Execution time: 13770.017 ms
