Hash Join  (cost=102767.86..221109.43 rows=1141197 width=0) (actual time=1969.519..4793.934 rows=1149325 loops=1)
  Hash Cond: (mk.movie_id = t.id)
  ->  Seq Scan on movie_keyword mk  (cost=0.00..81003.12 rows=1141197 width=4) (actual time=0.014..1547.151 rows=1149325 loops=1)
        Filter: (keyword_id > 16195)
        Rows Removed by Filter: 3374605
  ->  Hash  (cost=61283.27..61283.27 rows=2528527 width=4) (actual time=1967.089..1967.089 rows=2528312 loops=1)
        Buckets: 131072  Batches: 64  Memory Usage: 2425kB
        ->  Seq Scan on title t  (cost=0.00..61283.27 rows=2528527 width=4) (actual time=0.017..1151.605 rows=2528312 loops=1)
Planning time: 3.785 ms
Execution time: 4930.509 ms
