Hash Join  (cost=168392.62..680759.24 rows=3051569 width=0) (actual time=4649.103..26467.678 rows=29654469 loops=1)
  Hash Cond: (mi.movie_id = t.id)
  ->  Seq Scan on movie_info mi  (cost=0.00..309384.22 rows=14739122 width=4) (actual time=0.019..6044.046 rows=14835720 loops=1)
  ->  Hash  (cost=159803.83..159803.83 rows=523503 width=8) (actual time=4645.873..4645.873 rows=1149563 loops=1)
        Buckets: 131072 (originally 131072)  Batches: 16 (originally 8)  Memory Usage: 3881kB
        ->  Hash Join  (cost=83810.17..159803.83 rows=523503 width=8) (actual time=2055.309..4316.087 rows=1149563 loops=1)
              Hash Cond: (mc.movie_id = t.id)
              ->  Seq Scan on movie_companies mc  (cost=0.00..51404.11 rows=1340138 width=4) (actual time=0.026..1050.019 rows=1348594 loops=1)
                    Filter: (company_id > 11183)
                    Rows Removed by Filter: 1260535
              ->  Hash  (cost=67604.59..67604.59 rows=987727 width=4) (actual time=2054.027..2054.027 rows=985048 loops=1)
                    Buckets: 131072  Batches: 16  Memory Usage: 3188kB
                    ->  Seq Scan on title t  (cost=0.00..67604.59 rows=987727 width=4) (actual time=0.027..1127.844 rows=985048 loops=1)
                          Filter: (kind_id < 7)
                          Rows Removed by Filter: 1543264
Planning time: 1.199 ms
Execution time: 29670.040 ms
