Seq Scan on movie_keyword mk  (cost=0.00..81003.12 rows=574074 width=0) (actual time=0.025..1449.555 rows=571784 loops=1)
  Filter: (keyword_id > 32136)
  Rows Removed by Filter: 3952146
Planning time: 0.319 ms
Execution time: 1523.480 ms
