Hash Join  (cost=102767.86..1260217.71 rows=14607795 width=0) (actual time=1873.188..31691.447 rows=16547163 loops=1)
  Hash Cond: (ci.movie_id = t.id)
  ->  Seq Scan on cast_info ci  (cost=0.00..796071.18 rows=14607795 width=4) (actual time=20.495..16134.399 rows=16547163 loops=1)
        Filter: ((person_id < 1824706) AND (role_id < 8))
        Rows Removed by Filter: 19697181
  ->  Hash  (cost=61283.27..61283.27 rows=2528527 width=4) (actual time=1851.369..1851.369 rows=2528312 loops=1)
        Buckets: 131072  Batches: 64  Memory Usage: 2415kB
        ->  Seq Scan on title t  (cost=0.00..61283.27 rows=2528527 width=4) (actual time=0.024..1000.910 rows=2528312 loops=1)
Planning time: 0.526 ms
Execution time: 33425.444 ms
