Hash Join  (cost=76796.18..515663.00 rows=519034 width=0) (actual time=1144.088..11298.083 rows=789415 loops=1)
  Hash Cond: (mi.movie_id = t.id)
  ->  Seq Scan on movie_info mi  (cost=0.00..346232.03 rows=7503588 width=4) (actual time=0.026..6776.457 rows=7548855 loops=1)
        Filter: (info_type_id > 7)
        Rows Removed by Filter: 7286865
  ->  Hash  (cost=73925.90..73925.90 rows=174902 width=4) (actual time=1143.217..1143.217 rows=160286 loops=1)
        Buckets: 131072  Batches: 4  Memory Usage: 2441kB
        ->  Seq Scan on title t  (cost=0.00..73925.90 rows=174902 width=4) (actual time=177.894..1088.569 rows=160286 loops=1)
              Filter: ((production_year > 2008) AND (kind_id = 1))
              Rows Removed by Filter: 2368026
Planning time: 0.815 ms
Execution time: 11403.393 ms
