Seq Scan on movie_keyword mk  (cost=0.00..81003.12 rows=246 width=0) (actual time=2.905..1324.518 rows=1486 loops=1)
  Filter: (keyword_id = 856)
  Rows Removed by Filter: 4522444
Planning time: 0.370 ms
Execution time: 1324.853 ms
