Hash Join  (cost=215833.08..1185124.67 rows=5120987 width=0) (actual time=9076.559..23741.431 rows=6216285 loops=1)
  Hash Cond: (ci.movie_id = t.id)
  ->  Seq Scan on cast_info ci  (cost=0.00..796071.18 rows=10119877 width=4) (actual time=3946.991..14062.298 rows=4335125 loops=1)
        Filter: ((person_id < 1526766) AND (role_id > 1))
        Rows Removed by Filter: 31909219
  ->  Hash  (cost=194840.12..194840.12 rows=1279517 width=8) (actual time=5094.822..5094.822 rows=1274246 loops=1)
        Buckets: 131072  Batches: 32  Memory Usage: 2553kB
        ->  Hash Join  (cost=102767.86..194840.12 rows=1279517 width=8) (actual time=1972.687..4693.559 rows=1274246 loops=1)
              Hash Cond: (mc.movie_id = t.id)
              ->  Seq Scan on movie_companies mc  (cost=0.00..51404.11 rows=1279517 width=4) (actual time=0.035..1054.323 rows=1274246 loops=1)
                    Filter: (company_type_id = 1)
                    Rows Removed by Filter: 1334883
              ->  Hash  (cost=61283.27..61283.27 rows=2528527 width=4) (actual time=1971.934..1971.934 rows=2528312 loops=1)
                    Buckets: 131072  Batches: 64  Memory Usage: 2415kB
                    ->  Seq Scan on title t  (cost=0.00..61283.27 rows=2528527 width=4) (actual time=0.020..1133.166 rows=2528312 loops=1)
Planning time: 1.118 ms
Execution time: 24504.558 ms
