Seq Scan on cast_info ci  (cost=0.00..705507.15 rows=500 width=0) (actual time=9608.319..10991.097 rows=122 loops=1)
  Filter: (person_id = 312400)
  Rows Removed by Filter: 36244222
Planning time: 0.328 ms
Execution time: 10991.223 ms
