Seq Scan on movie_keyword mk  (cost=0.00..81003.12 rows=1869127 width=0) (actual time=0.019..1348.197 rows=1877903 loops=1)
  Filter: (keyword_id < 3199)
  Rows Removed by Filter: 2646027
Planning time: 0.325 ms
Execution time: 1578.684 ms
