Hash Join  (cost=110344.09..197789.77 rows=78764 width=0) (actual time=3489.477..4302.135 rows=47330 loops=1)
  Hash Cond: (mk.movie_id = t.id)
  ->  Seq Scan on movie_keyword mk  (cost=0.00..69693.30 rows=4523930 width=4) (actual time=0.024..940.000 rows=4523930 loops=1)
  ->  Hash  (cost=109793.80..109793.80 rows=44023 width=8) (actual time=2515.626..2515.626 rows=18315 loops=1)
        Buckets: 65536  Batches: 1  Memory Usage: 1228kB
        ->  Hash Join  (cost=77854.63..109793.80 rows=44023 width=8) (actual time=1268.773..2508.344 rows=18315 loops=1)
              Hash Cond: (mi_idx.movie_id = t.id)
              ->  Seq Scan on movie_info_idx mi_idx  (cost=0.00..25185.44 rows=464934 width=4) (actual time=0.025..471.737 rows=460185 loops=1)
                    Filter: (info_type_id > 100)
                    Rows Removed by Filter: 919850
              ->  Hash  (cost=73925.90..73925.90 rows=239418 width=4) (actual time=1268.006..1268.006 rows=256906 loops=1)
                    Buckets: 131072  Batches: 4  Memory Usage: 3296kB
                    ->  Seq Scan on title t  (cost=0.00..73925.90 rows=239418 width=4) (actual time=136.357..1177.801 rows=256906 loops=1)
                          Filter: ((production_year > 2010) AND (kind_id = 7))
                          Rows Removed by Filter: 2271406
Planning time: 1.083 ms
Execution time: 4308.715 ms
