Hash Join  (cost=102767.86..219147.34 rows=2289684 width=0) (actual time=2254.542..5622.024 rows=2289631 loops=1)
  Hash Cond: (mc.movie_id = t.id)
  ->  Seq Scan on movie_companies mc  (cost=0.00..51404.11 rows=2289684 width=4) (actual time=0.027..1200.621 rows=2289631 loops=1)
        Filter: (company_id < 91545)
        Rows Removed by Filter: 319498
  ->  Hash  (cost=61283.27..61283.27 rows=2528527 width=4) (actual time=2252.897..2252.897 rows=2528312 loops=1)
        Buckets: 131072  Batches: 64  Memory Usage: 2415kB
        ->  Seq Scan on title t  (cost=0.00..61283.27 rows=2528527 width=4) (actual time=0.011..1149.985 rows=2528312 loops=1)
Planning time: 0.646 ms
Execution time: 5869.708 ms
