Hash Join  (cost=89472.60..187111.14 rows=316567 width=0) (actual time=1697.294..3647.573 rows=64364 loops=1)
  Hash Cond: (mk.movie_id = t.id)
  ->  Seq Scan on movie_keyword mk  (cost=0.00..81003.12 rows=844732 width=4) (actual time=0.020..1384.354 rows=848066 loops=1)
        Filter: (keyword_id < 810)
        Rows Removed by Filter: 3675864
  ->  Hash  (cost=73925.90..73925.90 rows=947576 width=4) (actual time=1695.542..1695.542 rows=876037 loops=1)
        Buckets: 131072  Batches: 16  Memory Usage: 2955kB
        ->  Seq Scan on title t  (cost=0.00..73925.90 rows=947576 width=4) (actual time=0.018..1412.467 rows=876037 loops=1)
              Filter: ((production_year < 2007) AND (kind_id = 7))
              Rows Removed by Filter: 1652275
Planning time: 0.736 ms
Execution time: 3656.094 ms
