Hash Join  (cost=102767.86..189692.46 rows=1065630 width=0) (actual time=1902.851..4226.067 rows=1076170 loops=1)
  Hash Cond: (mc.movie_id = t.id)
  ->  Seq Scan on movie_companies mc  (cost=0.00..51404.11 rows=1065630 width=4) (actual time=0.017..1066.975 rows=1076170 loops=1)
        Filter: (company_id > 14423)
        Rows Removed by Filter: 1532959
  ->  Hash  (cost=61283.27..61283.27 rows=2528527 width=4) (actual time=1901.520..1901.520 rows=2528312 loops=1)
        Buckets: 131072  Batches: 64  Memory Usage: 2415kB
        ->  Seq Scan on title t  (cost=0.00..61283.27 rows=2528527 width=4) (actual time=0.021..1064.622 rows=2528312 loops=1)
Planning time: 0.698 ms
Execution time: 4353.363 ms
