Seq Scan on movie_keyword mk  (cost=0.00..81003.12 rows=246 width=0) (actual time=86.633..1247.026 rows=8 loops=1)
  Filter: (keyword_id = 49262)
  Rows Removed by Filter: 4523922
Planning time: 0.355 ms
Execution time: 1247.122 ms
