Hash Join  (cost=163444.92..290110.71 rows=430788 width=0) (actual time=4695.098..10405.559 rows=10426469 loops=1)
  Hash Cond: (mk.movie_id = t.id)
  ->  Seq Scan on movie_keyword mk  (cost=0.00..81003.12 rows=3470341 width=4) (actual time=0.664..1769.760 rows=3462813 loops=1)
        Filter: (keyword_id > 1059)
        Rows Removed by Filter: 1061117
  ->  Hash  (cost=158294.46..158294.46 rows=313877 width=8) (actual time=4692.201..4692.201 rows=857915 loops=1)
        Buckets: 131072 (originally 131072)  Batches: 16 (originally 8)  Memory Usage: 3166kB
        ->  Hash Join  (cost=78917.17..158294.46 rows=313877 width=8) (actual time=1423.878..4423.814 rows=857915 loops=1)
              Hash Cond: (mc.movie_id = t.id)
              ->  Seq Scan on movie_companies mc  (cost=0.00..44881.29 rows=2609129 width=4) (actual time=0.030..863.444 rows=2609129 loops=1)
              ->  Hash  (cost=73925.90..73925.90 rows=304181 width=4) (actual time=1422.907..1422.907 rows=422218 loops=1)
                    Buckets: 131072 (originally 131072)  Batches: 8 (originally 4)  Memory Usage: 3073kB
                    ->  Seq Scan on title t  (cost=0.00..73925.90 rows=304181 width=4) (actual time=0.029..1281.463 rows=422218 loops=1)
                          Filter: ((kind_id < 7) AND (production_year < 1994))
                          Rows Removed by Filter: 2106094
Planning time: 1.115 ms
Execution time: 11536.054 ms
