Hash Join  (cost=160717.46..985473.51 rows=10238 width=0) (actual time=3033.443..19943.212 rows=123559 loops=1)
  Hash Cond: (ci.movie_id = t.id)
  ->  Seq Scan on cast_info ci  (cost=0.00..796071.18 rows=5716500 width=4) (actual time=0.015..15594.158 rows=7450525 loops=1)
        Filter: ((person_id > 752136) AND (role_id = 2))
        Rows Removed by Filter: 28793819
  ->  Hash  (cost=160660.86..160660.86 rows=4528 width=8) (actual time=3032.649..3032.649 rows=17616 loops=1)
        Buckets: 32768 (originally 8192)  Batches: 1 (originally 1)  Memory Usage: 945kB
        ->  Hash Join  (cost=73957.54..160660.86 rows=4528 width=8) (actual time=1109.186..3025.886 rows=17616 loops=1)
              Hash Cond: (mk.movie_id = t.id)
              ->  Seq Scan on movie_keyword mk  (cost=0.00..69693.30 rows=4523930 width=4) (actual time=0.026..1078.309 rows=4523930 loops=1)
              ->  Hash  (cost=73925.90..73925.90 rows=2531 width=4) (actual time=1109.096..1109.096 rows=4962 loops=1)
                    Buckets: 8192 (originally 4096)  Batches: 1 (originally 1)  Memory Usage: 239kB
                    ->  Seq Scan on title t  (cost=0.00..73925.90 rows=2531 width=4) (actual time=17.582..1106.487 rows=4962 loops=1)
                          Filter: ((kind_id < 4) AND (production_year = 1964))
                          Rows Removed by Filter: 2523350
Planning time: 5.868 ms
Execution time: 19959.407 ms
