Nested Loop  (cost=0.43..83072.29 rows=96 width=0) (actual time=0.063..1284.067 rows=940 loops=1)
  ->  Seq Scan on movie_keyword mk  (cost=0.00..81003.12 rows=246 width=4) (actual time=0.036..1240.439 rows=1035 loops=1)
        Filter: (keyword_id = 2342)
        Rows Removed by Filter: 4522895
  ->  Index Scan using title_pkey on title t  (cost=0.43..8.40 rows=1 width=4) (actual time=0.040..0.041 rows=1 loops=1035)
        Index Cond: (id = mk.movie_id)
        Filter: (kind_id < 7)
        Rows Removed by Filter: 0
Planning time: 0.478 ms
Execution time: 1284.547 ms
