Hash Join  (cost=74007.21..855120.60 rows=51508 width=0) (actual time=1049.433..18167.856 rows=43767 loops=1)
  Hash Cond: (ci.movie_id = t.id)
  ->  Seq Scan on cast_info ci  (cost=0.00..705507.15 rows=20024311 width=4) (actual time=0.016..14001.667 rows=20122661 loops=1)
        Filter: (role_id < 3)
        Rows Removed by Filter: 16121683
  ->  Hash  (cost=73925.90..73925.90 rows=6504 width=4) (actual time=1048.412..1048.412 rows=3580 loops=1)
        Buckets: 8192  Batches: 1  Memory Usage: 190kB
        ->  Seq Scan on title t  (cost=0.00..73925.90 rows=6504 width=4) (actual time=0.110..1046.623 rows=3580 loops=1)
              Filter: ((kind_id = 3) AND (production_year = 2011))
              Rows Removed by Filter: 2524732
Planning time: 1.550 ms
Execution time: 18177.162 ms
