Seq Scan on movie_companies mc  (cost=0.00..57926.93 rows=818922 width=0) (actual time=408.785..1017.890 rows=610347 loops=1)
  Filter: ((company_id > 3464) AND (company_type_id < 2))
  Rows Removed by Filter: 1998782
Planning time: 0.406 ms
Execution time: 1096.243 ms
