Hash Join  (cost=74453.72..133305.94 rows=31754 width=0) (actual time=1223.356..3023.116 rows=170847 loops=1)
  Hash Cond: (mc.movie_id = t.id)
  ->  Seq Scan on movie_companies mc  (cost=0.00..51404.11 rows=1901486 width=4) (actual time=0.023..1055.872 rows=1894926 loops=1)
        Filter: (company_id < 43496)
        Rows Removed by Filter: 714203
  ->  Hash  (cost=73925.90..73925.90 rows=42225 width=4) (actual time=1222.931..1222.931 rows=109739 loops=1)
        Buckets: 131072 (originally 65536)  Batches: 2 (originally 1)  Memory Usage: 3073kB
        ->  Seq Scan on title t  (cost=0.00..73925.90 rows=42225 width=4) (actual time=262.570..1177.060 rows=109739 loops=1)
              Filter: ((kind_id < 7) AND (production_year < 1928))
              Rows Removed by Filter: 2418573
Planning time: 0.738 ms
Execution time: 3045.565 ms
