Nested Loop  (cost=0.43..83072.29 rows=12 width=0) (actual time=80.378..1209.624 rows=6 loops=1)
  ->  Seq Scan on movie_keyword mk  (cost=0.00..81003.12 rows=246 width=4) (actual time=0.240..1203.328 rows=166 loops=1)
        Filter: (keyword_id = 13451)
        Rows Removed by Filter: 4523764
  ->  Index Scan using title_pkey on title t  (cost=0.43..8.40 rows=1 width=4) (actual time=0.035..0.035 rows=0 loops=166)
        Index Cond: (id = mk.movie_id)
        Filter: (production_year = 2008)
        Rows Removed by Filter: 1
Planning time: 1.089 ms
Execution time: 1209.735 ms
