Hash Join  (cost=76557.15..141576.76 rows=33610 width=0) (actual time=1236.127..2586.521 rows=37121 loops=1)
  Hash Cond: (mc.movie_id = t.id)
  ->  Seq Scan on movie_companies mc  (cost=0.00..57926.93 rows=530018 width=4) (actual time=0.031..1035.179 rows=739929 loops=1)
        Filter: ((company_id < 6810) AND (company_type_id < 2))
        Rows Removed by Filter: 1869200
  ->  Hash  (cost=73925.90..73925.90 rows=160340 width=4) (actual time=1235.204..1235.204 rows=149805 loops=1)
        Buckets: 131072  Batches: 4  Memory Usage: 2348kB
        ->  Seq Scan on title t  (cost=0.00..73925.90 rows=160340 width=4) (actual time=0.033..1184.830 rows=149805 loops=1)
              Filter: ((kind_id < 3) AND (production_year > 2009))
              Rows Removed by Filter: 2378507
Planning time: 0.743 ms
Execution time: 2591.372 ms
