Hash Join  (cost=190873.06..1008819.28 rows=158284 width=0) (actual time=4665.530..18070.308 rows=34337 loops=1)
  Hash Cond: (ci.movie_id = t.id)
  ->  Seq Scan on cast_info ci  (cost=0.00..796071.18 rows=1674188 width=4) (actual time=1035.971..13451.440 rows=2524521 loops=1)
        Filter: ((person_id > 2109926) AND (role_id = 3))
        Rows Removed by Filter: 33719823
  ->  Hash  (cost=186950.84..186950.84 rows=239057 width=8) (actual time=3628.295..3628.295 rows=49414 loops=1)
        Buckets: 131072  Batches: 4  Memory Usage: 1496kB
        ->  Hash Join  (cost=78780.63..186950.84 rows=239057 width=8) (actual time=1255.833..3611.905 rows=49414 loops=1)
              Hash Cond: (mk.movie_id = t.id)
              ->  Seq Scan on movie_keyword mk  (cost=0.00..81003.12 rows=2042805 width=4) (actual time=0.019..1559.279 rows=2047456 loops=1)
                    Filter: (keyword_id > 5988)
                    Rows Removed by Filter: 2476474
              ->  Hash  (cost=73925.90..73925.90 rows=295898 width=4) (actual time=1254.751..1254.751 rows=160225 loops=1)
                    Buckets: 131072  Batches: 4  Memory Usage: 2438kB
                    ->  Seq Scan on title t  (cost=0.00..73925.90 rows=295898 width=4) (actual time=0.027..1192.867 rows=160225 loops=1)
                          Filter: ((kind_id > 1) AND (production_year < 1972))
                          Rows Removed by Filter: 2368087
Planning time: 1.262 ms
Execution time: 18075.229 ms
