Hash Join  (cost=102767.86..1508977.42 rows=28709564 width=0) (actual time=2005.387..42136.811 rows=28804681 loops=1)
  Hash Cond: (ci.movie_id = t.id)
  ->  Seq Scan on cast_info ci  (cost=0.00..705507.15 rows=28709564 width=4) (actual time=0.027..16140.279 rows=28804681 loops=1)
        Filter: (person_id > 720156)
        Rows Removed by Filter: 7439663
  ->  Hash  (cost=61283.27..61283.27 rows=2528527 width=4) (actual time=2003.785..2003.785 rows=2528312 loops=1)
        Buckets: 131072  Batches: 64  Memory Usage: 2415kB
        ->  Seq Scan on title t  (cost=0.00..61283.27 rows=2528527 width=4) (actual time=0.040..1148.278 rows=2528312 loops=1)
Planning time: 6.539 ms
Execution time: 45484.235 ms
