Seq Scan on title t  (cost=0.00..73925.90 rows=35558 width=0) (actual time=326.008..1194.555 rows=89270 loops=1)
  Filter: ((kind_id < 7) AND (production_year < 1921))
  Rows Removed by Filter: 2439042
Planning time: 0.348 ms
Execution time: 1205.941 ms
