Hash Join  (cost=81055.23..222006.48 rows=753686 width=0) (actual time=3089.137..4929.830 rows=156647 loops=1)
  Hash Cond: (mk.movie_id = t.id)
  ->  Seq Scan on movie_keyword mk  (cost=0.00..81003.12 rows=4385938 width=4) (actual time=0.020..1798.896 rows=4388877 loops=1)
        Filter: (keyword_id < 75640)
        Rows Removed by Filter: 135053
  ->  Hash  (cost=73925.90..73925.90 rows=434506 width=4) (actual time=1335.027..1335.027 rows=315167 loops=1)
        Buckets: 131072  Batches: 8  Memory Usage: 2403kB
        ->  Seq Scan on title t  (cost=0.00..73925.90 rows=434506 width=4) (actual time=164.300..1231.390 rows=315167 loops=1)
              Filter: ((production_year < 1991) AND (kind_id = 7))
              Rows Removed by Filter: 2213145
Planning time: 0.726 ms
Execution time: 4949.055 ms
