Hash Join  (cost=194931.10..579143.94 rows=135447 width=0) (actual time=4793.722..13043.181 rows=2297107 loops=1)
  Hash Cond: (mi.movie_id = t.id)
  ->  Seq Scan on movie_info mi  (cost=0.00..346232.03 rows=9767026 width=4) (actual time=0.013..6669.875 rows=9911754 loops=1)
        Filter: (info_type_id > 4)
        Rows Removed by Filter: 4923966
  ->  Hash  (cost=194492.79..194492.79 rows=35065 width=8) (actual time=3781.921..3781.921 rows=32417 loops=1)
        Buckets: 65536  Batches: 1  Memory Usage: 1779kB
        ->  Hash Join  (cost=102767.86..194492.79 rows=35065 width=8) (actual time=2407.563..3770.361 rows=32417 loops=1)
              Hash Cond: (mk.movie_id = t.id)
              ->  Seq Scan on movie_keyword mk  (cost=0.00..81003.12 rows=35065 width=4) (actual time=228.455..1145.663 rows=32417 loops=1)
                    Filter: (keyword_id > 108990)
                    Rows Removed by Filter: 4491513
              ->  Hash  (cost=61283.27..61283.27 rows=2528527 width=4) (actual time=2177.355..2177.355 rows=2528312 loops=1)
                    Buckets: 131072  Batches: 64  Memory Usage: 2425kB
                    ->  Seq Scan on title t  (cost=0.00..61283.27 rows=2528527 width=4) (actual time=0.050..1126.759 rows=2528312 loops=1)
Planning time: 1.115 ms
Execution time: 13327.845 ms
