Hash Join  (cost=104693.99..665897.12 rows=8472455 width=0) (actual time=2215.098..15991.377 rows=7725483 loops=1)
  Hash Cond: (mi.movie_id = t.id)
  ->  Seq Scan on movie_info mi  (cost=0.00..346232.03 rows=9476311 width=4) (actual time=51.930..6458.266 rows=9565151 loops=1)
        Filter: (info_type_id < 16)
        Rows Removed by Filter: 5270569
  ->  Hash  (cost=67604.59..67604.59 rows=2260672 width=4) (actual time=2162.323..2162.323 rows=2253222 loops=1)
        Buckets: 131072  Batches: 32  Memory Usage: 3512kB
        ->  Seq Scan on title t  (cost=0.00..67604.59 rows=2260672 width=4) (actual time=0.027..1446.475 rows=2253222 loops=1)
              Filter: (production_year > 1955)
              Rows Removed by Filter: 275090
Planning time: 0.755 ms
Execution time: 16853.227 ms
