Hash Join  (cost=447994.97..1250442.81 rows=119492 width=0) (actual time=5204.817..22023.389 rows=39705 loops=1)
  Hash Cond: (ci.movie_id = t.id)
  ->  Seq Scan on cast_info ci  (cost=0.00..705507.15 rows=25532196 width=4) (actual time=0.017..12344.766 rows=25543138 loops=1)
        Filter: (person_id < 2638075)
        Rows Removed by Filter: 10701206
  ->  Hash  (cost=447847.04..447847.04 rows=11834 width=8) (actual time=5204.162..5204.162 rows=2677 loops=1)
        Buckets: 16384  Batches: 1  Memory Usage: 233kB
        ->  Nested Loop  (cost=0.43..447847.04 rows=11834 width=8) (actual time=4229.394..5202.321 rows=2677 loops=1)
              ->  Seq Scan on movie_info mi  (cost=0.00..346232.03 rows=17937 width=4) (actual time=4115.801..4854.812 rows=16603 loops=1)
                    Filter: (info_type_id = 102)
                    Rows Removed by Filter: 14819117
              ->  Index Scan using title_pkey on title t  (cost=0.43..5.66 rows=1 width=4) (actual time=0.020..0.020 rows=0 loops=16603)
                    Index Cond: (id = mi.movie_id)
                    Filter: (kind_id > 3)
                    Rows Removed by Filter: 1
Planning time: 1.191 ms
Execution time: 22031.953 ms
