Nested Loop  (cost=0.43..447847.04 rows=11021 width=0) (actual time=3344.012..6846.087 rows=3331 loops=1)
  ->  Seq Scan on movie_info mi  (cost=0.00..346232.03 rows=17937 width=4) (actual time=3343.625..5408.867 rows=140065 loops=1)
        Filter: (info_type_id = 9)
        Rows Removed by Filter: 14695655
  ->  Index Scan using title_pkey on title t  (cost=0.43..5.66 rows=1 width=4) (actual time=0.010..0.010 rows=0 loops=140065)
        Index Cond: (id = mi.movie_id)
        Filter: (kind_id > 4)
        Rows Removed by Filter: 1
Planning time: 0.774 ms
Execution time: 6847.143 ms
