Nested Loop  (cost=87687.83..503407.02 rows=18509 width=0) (actual time=5488.934..19775.246 rows=920658 loops=1)
  ->  Hash Join  (cost=87687.40..453057.22 rows=95636 width=8) (actual time=5488.835..7531.978 rows=920658 loops=1)
        Hash Cond: (mi.movie_id = mc.movie_id)
        ->  Seq Scan on movie_info mi  (cost=0.00..346232.03 rows=17937 width=4) (actual time=3532.036..4397.154 rows=68025 loops=1)
              Filter: (info_type_id = 94)
              Rows Removed by Filter: 14767695
        ->  Hash  (cost=44881.29..44881.29 rows=2609129 width=4) (actual time=1955.608..1955.608 rows=2609129 loops=1)
              Buckets: 131072  Batches: 64  Memory Usage: 2532kB
              ->  Seq Scan on movie_companies mc  (cost=0.00..44881.29 rows=2609129 width=4) (actual time=0.038..897.328 rows=2609129 loops=1)
  ->  Index Only Scan using title_pkey on title t  (cost=0.43..0.52 rows=1 width=4) (actual time=0.013..0.013 rows=1 loops=920658)
        Index Cond: (id = mc.movie_id)
        Heap Fetches: 920658
Planning time: 1.151 ms
Execution time: 19927.938 ms
