Seq Scan on movie_companies mc  (cost=0.00..57926.93 rows=374838 width=0) (actual time=347.199..905.985 rows=59979 loops=1)
  Filter: ((company_id > 34008) AND (company_type_id = 1))
  Rows Removed by Filter: 2549150
Planning time: 0.402 ms
Execution time: 914.016 ms
