Seq Scan on movie_keyword mk  (cost=0.00..81003.12 rows=881892 width=0) (actual time=0.031..1395.756 rows=888536 loops=1)
  Filter: (keyword_id < 842)
  Rows Removed by Filter: 3635394
Planning time: 0.380 ms
Execution time: 1506.766 ms
