Hash Join  (cost=104196.70..225327.60 rows=1280835 width=0) (actual time=2060.689..4887.599 rows=1236484 loops=1)
  Hash Cond: (mk.movie_id = t.id)
  ->  Seq Scan on movie_keyword mk  (cost=0.00..81003.12 rows=1452084 width=4) (actual time=0.026..1465.501 rows=1463166 loops=1)
        Filter: (keyword_id > 11330)
        Rows Removed by Filter: 3060764
  ->  Hash  (cost=67604.59..67604.59 rows=2230329 width=4) (actual time=2059.263..2059.263 rows=2225335 loops=1)
        Buckets: 131072  Batches: 32  Memory Usage: 3481kB
        ->  Seq Scan on title t  (cost=0.00..67604.59 rows=2230329 width=4) (actual time=0.018..1335.133 rows=2225335 loops=1)
              Filter: (production_year > 1958)
              Rows Removed by Filter: 302977
Planning time: 0.774 ms
Execution time: 5021.703 ms
