Seq Scan on cast_info ci  (cost=0.00..796071.18 rows=176 width=0) (actual time=7640.574..9716.996 rows=96 loops=1)
  Filter: ((person_id = 827278) AND (role_id = 1))
  Rows Removed by Filter: 36244248
Planning time: 0.472 ms
Execution time: 9717.099 ms
