Hash Join  (cost=114200.96..201632.38 rows=77338 width=0) (actual time=2288.862..4131.351 rows=108840 loops=1)
  Hash Cond: (mk.movie_id = t.id)
  ->  Seq Scan on movie_keyword mk  (cost=0.00..69693.30 rows=4523930 width=4) (actual time=0.029..1001.154 rows=4523930 loops=1)
  ->  Hash  (cost=113660.63..113660.63 rows=43226 width=8) (actual time=2288.013..2288.013 rows=30312 loops=1)
        Buckets: 65536  Batches: 1  Memory Usage: 1697kB
        ->  Hash Join  (cost=75225.89..113660.63 rows=43226 width=8) (actual time=1372.917..2277.306 rows=30312 loops=1)
              Hash Cond: (mi_idx.movie_id = t.id)
              ->  Seq Scan on movie_info_idx mi_idx  (cost=0.00..21735.35 rows=1380035 width=4) (actual time=0.020..452.026 rows=1380035 loops=1)
              ->  Hash  (cost=73925.90..73925.90 rows=79199 width=4) (actual time=1372.032..1372.032 rows=97735 loops=1)
                    Buckets: 131072  Batches: 2  Memory Usage: 2733kB
                    ->  Seq Scan on title t  (cost=0.00..73925.90 rows=79199 width=4) (actual time=0.042..1332.847 rows=97735 loops=1)
                          Filter: ((kind_id > 2) AND (production_year = 2007))
                          Rows Removed by Filter: 2430577
Planning time: 1.027 ms
Execution time: 4145.296 ms
