Hash Join  (cost=167621.61..930340.57 rows=150926 width=0) (actual time=8353.034..18891.871 rows=1556638 loops=1)
  Hash Cond: (ci.movie_id = t.id)
  ->  Seq Scan on cast_info ci  (cost=0.00..705507.15 rows=4320508 width=4) (actual time=4864.951..13482.939 rows=4323018 loops=1)
        Filter: (role_id = 10)
        Rows Removed by Filter: 31921326
  ->  Hash  (cost=166171.51..166171.51 rows=88328 width=8) (actual time=3487.198..3487.198 rows=102421 loops=1)
        Buckets: 131072  Batches: 2  Memory Usage: 3059kB
        ->  Hash Join  (cost=68257.79..166171.51 rows=88328 width=8) (actual time=1182.419..3451.509 rows=102421 loops=1)
              Hash Cond: (mk.movie_id = t.id)
              ->  Seq Scan on movie_keyword mk  (cost=0.00..81003.12 rows=4273951 width=4) (actual time=0.032..1555.788 rows=4255669 loops=1)
                    Filter: (keyword_id > 229)
                    Rows Removed by Filter: 268261
              ->  Hash  (cost=67604.59..67604.59 rows=52256 width=4) (actual time=1182.013..1182.013 rows=53013 loops=1)
                    Buckets: 65536  Batches: 1  Memory Usage: 2376kB
                    ->  Seq Scan on title t  (cost=0.00..67604.59 rows=52256 width=4) (actual time=0.020..1159.917 rows=53013 loops=1)
                          Filter: (production_year = 2000)
                          Rows Removed by Filter: 2475299
Planning time: 2.574 ms
Execution time: 19083.985 ms
