Hash Join  (cost=73983.12..130397.35 rows=2407 width=0) (actual time=1640.550..2143.028 rows=4806 loops=1)
  Hash Cond: (mc.movie_id = t.id)
  ->  Seq Scan on movie_companies mc  (cost=0.00..51404.11 rows=1329612 width=4) (actual time=365.538..926.905 rows=1334883 loops=1)
        Filter: (company_type_id = 2)
        Rows Removed by Filter: 1274246
  ->  Hash  (cost=73925.90..73925.90 rows=4577 width=4) (actual time=999.680..999.680 rows=4138 loops=1)
        Buckets: 8192  Batches: 1  Memory Usage: 210kB
        ->  Seq Scan on title t  (cost=0.00..73925.90 rows=4577 width=4) (actual time=415.510..997.791 rows=4138 loops=1)
              Filter: ((kind_id = 3) AND (production_year = 2007))
              Rows Removed by Filter: 2524174
Planning time: 0.806 ms
Execution time: 2144.088 ms
