Hash Join  (cost=165438.67..291396.53 rows=324682 width=0) (actual time=4833.325..7001.791 rows=617598 loops=1)
  Hash Cond: (mk.movie_id = t.id)
  ->  Seq Scan on movie_keyword mk  (cost=0.00..69693.30 rows=4523930 width=4) (actual time=0.021..1260.007 rows=4523930 loops=1)
  ->  Hash  (cost=162461.27..162461.27 rows=181472 width=8) (actual time=3442.814..3442.814 rows=252373 loops=1)
        Buckets: 131072  Batches: 4  Memory Usage: 3484kB
        ->  Hash Join  (cost=92883.59..162461.27 rows=181472 width=8) (actual time=1837.288..3360.970 rows=252373 loops=1)
              Hash Cond: (mc.movie_id = t.id)
              ->  Seq Scan on movie_companies mc  (cost=0.00..57926.93 rows=297805 width=4) (actual time=94.137..1038.458 rows=434456 loops=1)
                    Filter: ((company_id < 699) AND (company_type_id = 1))
                    Rows Removed by Filter: 2174673
              ->  Hash  (cost=67604.59..67604.59 rows=1540800 width=4) (actual time=1741.587..1741.587 rows=1543264 loops=1)
                    Buckets: 131072  Batches: 32  Memory Usage: 2722kB
                    ->  Seq Scan on title t  (cost=0.00..67604.59 rows=1540800 width=4) (actual time=0.023..1251.603 rows=1543264 loops=1)
                          Filter: (kind_id = 7)
                          Rows Removed by Filter: 985048
Planning time: 6.234 ms
Execution time: 7079.468 ms
