Hash Join  (cost=174403.47..311208.83 rows=1012686 width=0) (actual time=4834.040..14931.061 rows=24232487 loops=1)
  Hash Cond: (mk.movie_id = t.id)
  ->  Seq Scan on movie_keyword mk  (cost=0.00..81003.12 rows=3717431 width=4) (actual time=0.023..1795.645 rows=3713243 loops=1)
        Filter: (keyword_id < 22705)
        Rows Removed by Filter: 810687
  ->  Hash  (cost=163102.35..163102.35 rows=688810 width=8) (actual time=4833.307..4833.307 rows=1307690 loops=1)
        Buckets: 131072 (originally 131072)  Batches: 32 (originally 16)  Memory Usage: 3073kB
        ->  Hash Join  (cost=78556.72..163102.35 rows=688810 width=8) (actual time=1416.132..4450.356 rows=1307690 loops=1)
              Hash Cond: (mc.movie_id = t.id)
              ->  Seq Scan on movie_companies mc  (cost=0.00..44881.29 rows=2609129 width=4) (actual time=0.023..886.416 rows=2609129 loops=1)
              ->  Hash  (cost=67604.59..67604.59 rows=667531 width=4) (actual time=1256.000..1256.000 rows=662825 loops=1)
                    Buckets: 131072  Batches: 16  Memory Usage: 2476kB
                    ->  Seq Scan on title t  (cost=0.00..67604.59 rows=667531 width=4) (actual time=0.022..1051.775 rows=662825 loops=1)
                          Filter: (kind_id = 1)
                          Rows Removed by Filter: 1865487
Planning time: 1.171 ms
Execution time: 17900.731 ms
