Seq Scan on movie_keyword mk  (cost=0.00..81003.12 rows=3406031 width=0) (actual time=0.014..1513.676 rows=3398380 loops=1)
  Filter: (keyword_id > 1215)
  Rows Removed by Filter: 1125550
Planning time: 6.841 ms
Execution time: 1934.683 ms
