Hash Join  (cost=1031570.22..1229922.34 rows=5338426 width=0) (actual time=17826.959..24380.421 rows=13280339 loops=1)
  Hash Cond: (mk.movie_id = t.id)
  ->  Seq Scan on movie_keyword mk  (cost=0.00..69693.30 rows=4523930 width=4) (actual time=0.023..1402.745 rows=4523930 loops=1)
  ->  Hash  (cost=982617.13..982617.13 rows=2983767 width=8) (actual time=17823.628..17823.628 rows=1041761 loops=1)
        Buckets: 131072  Batches: 64  Memory Usage: 1696kB
        ->  Hash Join  (cost=107308.20..982617.13 rows=2983767 width=8) (actual time=2745.690..17490.749 rows=1041761 loops=1)
              Hash Cond: (ci.movie_id = t.id)
              ->  Seq Scan on cast_info ci  (cost=0.00..796071.18 rows=3117617 width=4) (actual time=0.018..13421.890 rows=1053052 loops=1)
                    Filter: ((person_id < 1931182) AND (role_id > 8))
                    Rows Removed by Filter: 35191292
              ->  Hash  (cost=67604.59..67604.59 rows=2419969 width=4) (actual time=2744.539..2744.539 rows=2413398 loops=1)
                    Buckets: 131072  Batches: 32  Memory Usage: 3676kB
                    ->  Seq Scan on title t  (cost=0.00..67604.59 rows=2419969 width=4) (actual time=0.016..1283.902 rows=2413398 loops=1)
                          Filter: (production_year > 1912)
                          Rows Removed by Filter: 114914
Planning time: 1.182 ms
Execution time: 25802.931 ms
