Hash Join  (cost=81055.23..212529.26 rows=777399 width=0) (actual time=1110.382..4323.008 rows=156647 loops=1)
  Hash Cond: (mk.movie_id = t.id)
  ->  Seq Scan on movie_keyword mk  (cost=0.00..69693.30 rows=4523930 width=4) (actual time=0.023..1394.451 rows=4523930 loops=1)
  ->  Hash  (cost=73925.90..73925.90 rows=434506 width=4) (actual time=1109.183..1109.183 rows=315167 loops=1)
        Buckets: 131072  Batches: 8  Memory Usage: 2403kB
        ->  Seq Scan on title t  (cost=0.00..73925.90 rows=434506 width=4) (actual time=124.113..1003.021 rows=315167 loops=1)
              Filter: ((production_year < 1991) AND (kind_id = 7))
              Rows Removed by Filter: 2213145
Planning time: 0.816 ms
Execution time: 4342.198 ms
