Hash Join  (cost=102767.86..998669.19 rows=3738225 width=0) (actual time=10172.692..17624.312 rows=1219766 loops=1)
  Hash Cond: (ci.movie_id = t.id)
  ->  Seq Scan on cast_info ci  (cost=0.00..796071.18 rows=3738225 width=4) (actual time=8266.866..14306.276 rows=1219766 loops=1)
        Filter: ((person_id < 2367571) AND (role_id > 8))
        Rows Removed by Filter: 35024578
  ->  Hash  (cost=61283.27..61283.27 rows=2528527 width=4) (actual time=1904.062..1904.062 rows=2528312 loops=1)
        Buckets: 131072  Batches: 64  Memory Usage: 2415kB
        ->  Seq Scan on title t  (cost=0.00..61283.27 rows=2528527 width=4) (actual time=0.025..1045.012 rows=2528312 loops=1)
Planning time: 0.725 ms
Execution time: 17776.011 ms
