Hash Join  (cost=158890.22..1244532.83 rows=5046345 width=0) (actual time=3526.571..36531.983 rows=10531815 loops=1)
  Hash Cond: (ci.movie_id = t.id)
  ->  Seq Scan on cast_info ci  (cost=0.00..614943.12 rows=36225612 width=4) (actual time=0.018..12881.235 rows=36244344 loops=1)
  ->  Hash  (cost=153111.32..153111.32 rows=352232 width=8) (actual time=3525.772..3525.772 rows=619717 loops=1)
        Buckets: 131072  Batches: 8  Memory Usage: 4051kB
        ->  Hash Join  (cost=73205.47..153111.32 rows=352232 width=8) (actual time=1223.994..3386.206 rows=619717 loops=1)
              Hash Cond: (mc.movie_id = t.id)
              ->  Seq Scan on movie_companies mc  (cost=0.00..44881.29 rows=2609129 width=4) (actual time=0.019..937.511 rows=2609129 loops=1)
              ->  Hash  (cost=67604.59..67604.59 rows=341351 width=4) (actual time=1222.571..1222.571 rows=337846 loops=1)
                    Buckets: 131072  Batches: 8  Memory Usage: 2501kB
                    ->  Seq Scan on title t  (cost=0.00..67604.59 rows=341351 width=4) (actual time=0.026..1107.410 rows=337846 loops=1)
                          Filter: (production_year < 1968)
                          Rows Removed by Filter: 2190466
Planning time: 1.158 ms
Execution time: 37732.205 ms
