Seq Scan on movie_keyword mk  (cost=0.00..81003.12 rows=283308 width=0) (actual time=159.483..1247.710 rows=282443 loops=1)
  Filter: (keyword_id > 56644)
  Rows Removed by Filter: 4241487
Planning time: 0.315 ms
Execution time: 1282.509 ms
