Seq Scan on title t  (cost=0.00..73925.90 rows=57129 width=0) (actual time=537.478..1014.721 rows=78578 loops=1)
  Filter: ((production_year > 2002) AND (kind_id = 4))
  Rows Removed by Filter: 2449734
Planning time: 0.386 ms
Execution time: 1024.886 ms
