Seq Scan on movie_companies mc  (cost=0.00..51404.11 rows=104 width=0) (actual time=195.731..732.672 rows=5 loops=1)
  Filter: (company_id = 104851)
  Rows Removed by Filter: 2609124
Planning time: 0.379 ms
Execution time: 732.745 ms
