Hash Join  (cost=171421.85..983376.74 rows=37938 width=0) (actual time=5228.363..16418.814 rows=160159 loops=1)
  Hash Cond: (ci.movie_id = t.id)
  ->  Seq Scan on cast_info ci  (cost=0.00..796071.18 rows=4134487 width=4) (actual time=1212.233..10655.969 rows=6463701 loops=1)
        Filter: ((person_id > 3009781) AND (role_id > 1))
        Rows Removed by Filter: 29780643
  ->  Hash  (cost=171131.83..171131.83 rows=23202 width=8) (actual time=4015.307..4015.307 rows=42064 loops=1)
        Buckets: 65536 (originally 32768)  Batches: 1 (originally 1)  Memory Usage: 2156kB
        ->  Hash Join  (cost=102767.86..171131.83 rows=23202 width=8) (actual time=2687.522..3998.713 rows=42064 loops=1)
              Hash Cond: (mc.movie_id = t.id)
              ->  Seq Scan on movie_companies mc  (cost=0.00..57926.93 rows=23202 width=4) (actual time=0.018..829.179 rows=42064 loops=1)
                    Filter: ((company_type_id < 2) AND (company_id = 19))
                    Rows Removed by Filter: 2567065
              ->  Hash  (cost=61283.27..61283.27 rows=2528527 width=4) (actual time=2685.907..2685.907 rows=2528312 loops=1)
                    Buckets: 131072  Batches: 64  Memory Usage: 2415kB
                    ->  Seq Scan on title t  (cost=0.00..61283.27 rows=2528527 width=4) (actual time=0.016..1094.297 rows=2528312 loops=1)
Planning time: 1.048 ms
Execution time: 16440.554 ms
