Hash Join  (cost=102767.86..870726.71 rows=2184843 width=0) (actual time=2936.009..15077.015 rows=2123955 loops=1)
  Hash Cond: (ci.movie_id = t.id)
  ->  Seq Scan on cast_info ci  (cost=0.00..705507.15 rows=2184843 width=4) (actual time=990.208..10675.219 rows=2123955 loops=1)
        Filter: (person_id < 208373)
        Rows Removed by Filter: 34120389
  ->  Hash  (cost=61283.27..61283.27 rows=2528527 width=4) (actual time=1944.628..1944.628 rows=2528312 loops=1)
        Buckets: 131072  Batches: 64  Memory Usage: 2415kB
        ->  Seq Scan on title t  (cost=0.00..61283.27 rows=2528527 width=4) (actual time=0.029..1090.277 rows=2528312 loops=1)
Planning time: 0.761 ms
Execution time: 15342.412 ms
