Hash Join  (cost=235730.10..780211.10 rows=6061308 width=0) (actual time=4826.178..31339.306 rows=56941423 loops=1)
  Hash Cond: (mi.movie_id = t.id)
  ->  Seq Scan on movie_info mi  (cost=0.00..309384.22 rows=14739122 width=4) (actual time=0.017..6294.055 rows=14835720 loops=1)
  ->  Hash  (cost=218670.22..218670.22 rows=1039830 width=8) (actual time=4824.744..4824.744 rows=1049752 loops=1)
        Buckets: 131072  Batches: 16  Memory Usage: 3725kB
        ->  Hash Join  (cost=102767.86..218670.22 rows=1039830 width=8) (actual time=1902.860..4519.582 rows=1049752 loops=1)
              Hash Cond: (mk.movie_id = t.id)
              ->  Seq Scan on movie_keyword mk  (cost=0.00..81003.12 rows=1039830 width=4) (actual time=0.019..1380.637 rows=1049752 loops=1)
                    Filter: (keyword_id > 16892)
                    Rows Removed by Filter: 3474178
              ->  Hash  (cost=61283.27..61283.27 rows=2528527 width=4) (actual time=1901.348..1901.348 rows=2528312 loops=1)
                    Buckets: 131072  Batches: 64  Memory Usage: 2425kB
                    ->  Seq Scan on title t  (cost=0.00..61283.27 rows=2528527 width=4) (actual time=0.018..1011.515 rows=2528312 loops=1)
Planning time: 1.129 ms
Execution time: 37506.607 ms
