Hash Join  (cost=197003.26..233442.35 rows=30118 width=0) (actual time=4014.972..4846.850 rows=136151 loops=1)
  Hash Cond: (mi_idx.movie_id = t.id)
  ->  Seq Scan on movie_info_idx mi_idx  (cost=0.00..25185.44 rows=919057 width=4) (actual time=0.016..480.730 rows=920110 loops=1)
        Filter: (info_type_id > 99)
        Rows Removed by Filter: 459925
  ->  Hash  (cost=195643.49..195643.49 rows=82862 width=8) (actual time=4014.210..4014.210 rows=81222 loops=1)
        Buckets: 131072  Batches: 2  Memory Usage: 2613kB
        ->  Hash Join  (cost=102767.86..195643.49 rows=82862 width=8) (actual time=2311.915..3986.273 rows=81222 loops=1)
              Hash Cond: (mk.movie_id = t.id)
              ->  Seq Scan on movie_keyword mk  (cost=0.00..81003.12 rows=82862 width=4) (actual time=161.480..1309.658 rows=81222 loops=1)
                    Filter: (keyword_id > 87437)
                    Rows Removed by Filter: 4442708
              ->  Hash  (cost=61283.27..61283.27 rows=2528527 width=4) (actual time=2149.506..2149.506 rows=2528312 loops=1)
                    Buckets: 131072  Batches: 64  Memory Usage: 2425kB
                    ->  Seq Scan on title t  (cost=0.00..61283.27 rows=2528527 width=4) (actual time=0.024..1084.979 rows=2528312 loops=1)
Planning time: 1.671 ms
Execution time: 4863.833 ms
