Nested Loop  (cost=0.43..83071.67 rows=246 width=0) (actual time=0.737..1328.628 rows=960 loops=1)
  ->  Seq Scan on movie_keyword mk  (cost=0.00..81003.12 rows=246 width=4) (actual time=0.672..1290.313 rows=960 loops=1)
        Filter: (keyword_id = 1517)
        Rows Removed by Filter: 4522970
  ->  Index Only Scan using title_pkey on title t  (cost=0.43..8.40 rows=1 width=4) (actual time=0.038..0.039 rows=1 loops=960)
        Index Cond: (id = mk.movie_id)
        Heap Fetches: 960
Planning time: 0.705 ms
Execution time: 1329.080 ms
