Nested Loop  (cost=0.43..709671.90 rows=500 width=0) (actual time=2597.907..9651.555 rows=244 loops=1)
  ->  Seq Scan on cast_info ci  (cost=0.00..705507.15 rows=500 width=4) (actual time=2597.737..9628.832 rows=244 loops=1)
        Filter: (person_id = 414725)
        Rows Removed by Filter: 36244100
  ->  Index Only Scan using title_pkey on title t  (cost=0.43..8.32 rows=1 width=4) (actual time=0.092..0.092 rows=1 loops=244)
        Index Cond: (id = ci.movie_id)
        Heap Fetches: 244
Planning time: 0.796 ms
Execution time: 9651.698 ms
