Hash Join  (cost=73953.78..127794.64 rows=572 width=0) (actual time=1072.494..2028.748 rows=2638 loops=1)
  Hash Cond: (mc.movie_id = t.id)
  ->  Seq Scan on movie_companies mc  (cost=0.00..51404.11 rows=648275 width=4) (actual time=0.012..835.975 rows=653505 loops=1)
        Filter: (company_id > 54026)
        Rows Removed by Filter: 1955624
  ->  Hash  (cost=73925.90..73925.90 rows=2230 width=4) (actual time=1072.339..1072.339 rows=5667 loops=1)
        Buckets: 8192 (originally 4096)  Batches: 1 (originally 1)  Memory Usage: 264kB
        ->  Seq Scan on title t  (cost=0.00..73925.90 rows=2230 width=4) (actual time=0.688..1069.448 rows=5667 loops=1)
              Filter: ((kind_id < 3) AND (production_year = 1985))
              Rows Removed by Filter: 2522645
Planning time: 0.754 ms
Execution time: 2029.500 ms
