Nested Loop  (cost=77104.27..178758.24 rows=2354 width=0) (actual time=2210.062..3277.121 rows=2549 loops=1)
  ->  Hash Join  (cost=77103.84..167182.39 rows=20136 width=8) (actual time=1548.377..2984.567 rows=26373 loops=1)
        Hash Cond: (mk.movie_id = mc.movie_id)
        ->  Seq Scan on movie_keyword mk  (cost=0.00..81003.12 rows=6183 width=4) (actual time=0.059..1172.229 rows=5871 loops=1)
              Filter: (keyword_id = 2860)
              Rows Removed by Filter: 4518059
        ->  Hash  (cost=51404.11..51404.11 rows=1566458 width=4) (actual time=1538.475..1538.475 rows=1556874 loops=1)
              Buckets: 131072  Batches: 32  Memory Usage: 2767kB
              ->  Seq Scan on movie_companies mc  (cost=0.00..51404.11 rows=1566458 width=4) (actual time=0.009..1043.191 rows=1556874 loops=1)
                    Filter: (company_id < 14915)
                    Rows Removed by Filter: 1052255
  ->  Index Scan using title_pkey on title t  (cost=0.43..0.56 rows=1 width=4) (actual time=0.011..0.011 rows=0 loops=26373)
        Index Cond: (id = mc.movie_id)
        Filter: (kind_id > 4)
        Rows Removed by Filter: 1
Planning time: 1.084 ms
Execution time: 3277.777 ms
