Hash Join  (cost=217959.02..599663.94 rows=696308 width=0) (actual time=4304.242..11072.216 rows=357814 loops=1)
  Hash Cond: (mi.movie_id = t.id)
  ->  Seq Scan on movie_info mi  (cost=0.00..346232.03 rows=2194617 width=4) (actual time=0.017..5934.498 rows=2233850 loops=1)
        Filter: (info_type_id > 16)
        Rows Removed by Filter: 12601870
  ->  Hash  (cost=204796.88..204796.88 rows=802251 width=8) (actual time=4157.843..4157.843 rows=210501 loops=1)
        Buckets: 131072  Batches: 16  Memory Usage: 1555kB
        ->  Hash Join  (cost=92883.59..204796.88 rows=802251 width=8) (actual time=1679.601..4091.509 rows=210501 loops=1)
              Hash Cond: (mk.movie_id = t.id)
              ->  Seq Scan on movie_keyword mk  (cost=0.00..81003.12 rows=1316532 width=4) (actual time=0.023..1486.064 rows=1328472 loops=1)
                    Filter: (keyword_id > 12977)
                    Rows Removed by Filter: 3195458
              ->  Hash  (cost=67604.59..67604.59 rows=1540800 width=4) (actual time=1678.921..1678.921 rows=1543264 loops=1)
                    Buckets: 131072  Batches: 32  Memory Usage: 2728kB
                    ->  Seq Scan on title t  (cost=0.00..67604.59 rows=1540800 width=4) (actual time=0.030..1186.457 rows=1543264 loops=1)
                          Filter: (kind_id = 7)
                          Rows Removed by Filter: 985048
Planning time: 1.115 ms
Execution time: 11105.325 ms
