Hash Join  (cost=188440.17..965639.75 rows=146753 width=0) (actual time=1423.902..18140.462 rows=560509 loops=1)
  Hash Cond: (ci.movie_id = t.id)
  ->  Seq Scan on cast_info ci  (cost=0.00..705507.15 rows=18726639 width=4) (actual time=0.025..12464.230 rows=18623698 loops=1)
        Filter: (person_id < 1854114)
        Rows Removed by Filter: 17620646
  ->  Hash  (cost=188192.49..188192.49 rows=19815 width=8) (actual time=1423.496..1423.496 rows=16547 loops=1)
        Buckets: 32768  Batches: 1  Memory Usage: 903kB
        ->  Nested Loop  (cost=0.43..188192.49 rows=19815 width=8) (actual time=0.169..1416.208 rows=16547 loops=1)
              ->  Seq Scan on movie_keyword mk  (cost=0.00..81003.12 rows=19815 width=4) (actual time=0.121..1233.790 rows=16547 loops=1)
                    Filter: (keyword_id > 119930)
                    Rows Removed by Filter: 4507383
              ->  Index Only Scan using title_pkey on title t  (cost=0.43..5.40 rows=1 width=4) (actual time=0.010..0.010 rows=1 loops=16547)
                    Index Cond: (id = mk.movie_id)
                    Heap Fetches: 16547
Planning time: 4.221 ms
Execution time: 18217.339 ms
