Hash Join  (cost=102767.86..1030061.32 rows=5042848 width=0) (actual time=7424.195..22921.128 rows=6540796 loops=1)
  Hash Cond: (ci.movie_id = t.id)
  ->  Seq Scan on cast_info ci  (cost=0.00..796071.18 rows=5042848 width=4) (actual time=5551.367..15242.158 rows=6540796 loops=1)
        Filter: ((person_id < 2583167) AND (role_id = 2))
        Rows Removed by Filter: 29703548
  ->  Hash  (cost=61283.27..61283.27 rows=2528527 width=4) (actual time=1871.582..1871.582 rows=2528312 loops=1)
        Buckets: 131072  Batches: 64  Memory Usage: 2415kB
        ->  Seq Scan on title t  (cost=0.00..61283.27 rows=2528527 width=4) (actual time=0.024..1041.632 rows=2528312 loops=1)
Planning time: 0.733 ms
Execution time: 23696.331 ms
