Hash Join  (cost=114419.79..172156.04 rows=29844 width=0) (actual time=2330.022..3944.118 rows=317606 loops=1)
  Hash Cond: (mc.movie_id = t.id)
  ->  Seq Scan on movie_companies mc  (cost=0.00..51404.11 rows=1608986 width=4) (actual time=0.023..1000.695 rows=1600263 loops=1)
        Filter: (company_id < 16396)
        Rows Removed by Filter: 1008866
  ->  Hash  (cost=113833.54..113833.54 rows=46900 width=8) (actual time=2329.577..2329.577 rows=112438 loops=1)
        Buckets: 131072 (originally 65536)  Batches: 2 (originally 1)  Memory Usage: 3213kB
        ->  Hash Join  (cost=75336.05..113833.54 rows=46900 width=8) (actual time=1239.039..2291.537 rows=112438 loops=1)
              Hash Cond: (mi_idx.movie_id = t.id)
              ->  Seq Scan on movie_info_idx mi_idx  (cost=0.00..21735.35 rows=1380035 width=4) (actual time=0.026..464.368 rows=1380035 loops=1)
              ->  Hash  (cost=73925.90..73925.90 rows=85932 width=4) (actual time=1238.187..1238.187 rows=187462 loops=1)
                    Buckets: 131072 (originally 131072)  Batches: 4 (originally 2)  Memory Usage: 3073kB
                    ->  Seq Scan on title t  (cost=0.00..73925.90 rows=85932 width=4) (actual time=0.123..1169.916 rows=187462 loops=1)
                          Filter: ((kind_id < 7) AND (production_year < 1958))
                          Rows Removed by Filter: 2340850
Planning time: 1.157 ms
Execution time: 3978.246 ms
