Hash Join  (cost=87276.73..184494.11 rows=283816 width=0) (actual time=1589.717..3660.535 rows=647436 loops=1)
  Hash Cond: (mk.movie_id = t.id)
  ->  Seq Scan on movie_keyword mk  (cost=0.00..81003.12 rows=881892 width=4) (actual time=0.020..1394.076 rows=888536 loops=1)
        Filter: (keyword_id < 842)
        Rows Removed by Filter: 3635394
  ->  Hash  (cost=73925.90..73925.90 rows=813746 width=4) (actual time=1588.299..1588.299 rows=821639 loops=1)
        Buckets: 131072  Batches: 16  Memory Usage: 2836kB
        ->  Seq Scan on title t  (cost=0.00..73925.90 rows=813746 width=4) (actual time=0.014..1320.678 rows=821639 loops=1)
              Filter: ((kind_id < 4) AND (production_year < 2013))
              Rows Removed by Filter: 1706673
Planning time: 0.541 ms
Execution time: 3726.521 ms
