Hash Join  (cost=102767.86..224891.17 rows=1298350 width=0) (actual time=2030.672..5256.888 rows=1314365 loops=1)
  Hash Cond: (mk.movie_id = t.id)
  ->  Seq Scan on movie_keyword mk  (cost=0.00..81003.12 rows=1298350 width=4) (actual time=0.025..1456.666 rows=1314365 loops=1)
        Filter: (keyword_id > 13363)
        Rows Removed by Filter: 3209565
  ->  Hash  (cost=61283.27..61283.27 rows=2528527 width=4) (actual time=2029.517..2029.517 rows=2528312 loops=1)
        Buckets: 131072  Batches: 64  Memory Usage: 2425kB
        ->  Seq Scan on title t  (cost=0.00..61283.27 rows=2528527 width=4) (actual time=0.016..1157.988 rows=2528312 loops=1)
Planning time: 13.291 ms
Execution time: 5419.486 ms
