Seq Scan on movie_companies mc  (cost=0.00..57926.93 rows=865715 width=0) (actual time=165.076..1018.980 rows=681120 loops=1)
  Filter: ((company_id > 2187) AND (company_type_id = 1))
  Rows Removed by Filter: 1928009
Planning time: 0.422 ms
Execution time: 1101.474 ms
