Hash Join  (cost=175172.46..1225703.14 rows=1628351 width=0) (actual time=3162.917..29013.427 rows=1110267 loops=1)
  Hash Cond: (ci.movie_id = t.id)
  ->  Seq Scan on cast_info ci  (cost=0.00..614943.12 rows=36225612 width=4) (actual time=0.013..12900.571 rows=36244344 loops=1)
  ->  Hash  (cost=173307.73..173307.73 rows=113658 width=8) (actual time=3161.893..3161.893 rows=51217 loops=1)
        Buckets: 131072  Batches: 2  Memory Usage: 2031kB
        ->  Hash Join  (cost=102767.86..173307.73 rows=113658 width=8) (actual time=2335.596..3144.603 rows=51217 loops=1)
              Hash Cond: (mc.movie_id = t.id)
              ->  Seq Scan on movie_companies mc  (cost=0.00..57926.93 rows=113658 width=4) (actual time=406.240..804.408 rows=51217 loops=1)
                    Filter: ((company_id < 79) AND (company_type_id > 1))
                    Rows Removed by Filter: 2557912
              ->  Hash  (cost=61283.27..61283.27 rows=2528527 width=4) (actual time=1927.986..1927.986 rows=2528312 loops=1)
                    Buckets: 131072  Batches: 64  Memory Usage: 2415kB
                    ->  Seq Scan on title t  (cost=0.00..61283.27 rows=2528527 width=4) (actual time=0.017..1086.826 rows=2528312 loops=1)
Planning time: 0.803 ms
Execution time: 29164.165 ms
