Hash Join  (cost=124170.17..506164.42 rows=22606 width=0) (actual time=1524.411..8474.670 rows=52346 loops=1)
  Hash Cond: (mi.movie_id = t.id)
  ->  Seq Scan on movie_info mi  (cost=0.00..346232.03 rows=9476311 width=4) (actual time=0.015..5512.611 rows=9565151 loops=1)
        Filter: (info_type_id < 16)
        Rows Removed by Filter: 5270569
  ->  Hash  (cost=124094.77..124094.77 rows=6032 width=8) (actual time=1524.212..1524.212 rows=6516 loops=1)
        Buckets: 8192  Batches: 1  Memory Usage: 319kB
        ->  Nested Loop  (cost=0.43..124094.77 rows=6032 width=8) (actual time=0.097..1520.275 rows=6516 loops=1)
              ->  Seq Scan on movie_keyword mk  (cost=0.00..81003.12 rows=6032 width=4) (actual time=0.021..1298.528 rows=6516 loops=1)
                    Filter: (keyword_id = 196)
                    Rows Removed by Filter: 4517414
              ->  Index Only Scan using title_pkey on title t  (cost=0.43..7.13 rows=1 width=4) (actual time=0.033..0.033 rows=1 loops=6516)
                    Index Cond: (id = mk.movie_id)
                    Heap Fetches: 6516
Planning time: 1.199 ms
Execution time: 8483.050 ms
