Hash Join  (cost=146136.19..279964.72 rows=970649 width=0) (actual time=3459.142..7061.668 rows=1821642 loops=1)
  Hash Cond: (mk.movie_id = t.id)
  ->  Seq Scan on movie_keyword mk  (cost=0.00..69693.30 rows=4523930 width=4) (actual time=0.017..1428.316 rows=4523930 loops=1)
  ->  Hash  (cost=137234.72..137234.72 rows=542518 width=8) (actual time=3457.655..3457.655 rows=456969 loops=1)
        Buckets: 131072  Batches: 8  Memory Usage: 3276kB
        ->  Hash Join  (cost=90234.05..137234.72 rows=542518 width=8) (actual time=1987.604..3315.001 rows=456969 loops=1)
              Hash Cond: (mi_idx.movie_id = t.id)
              ->  Seq Scan on movie_info_idx mi_idx  (cost=0.00..21735.35 rows=1380035 width=4) (actual time=0.029..403.287 rows=1380035 loops=1)
              ->  Hash  (cost=73925.90..73925.90 rows=994012 width=4) (actual time=1986.440..1986.440 rows=923721 loops=1)
                    Buckets: 131072  Batches: 16  Memory Usage: 3057kB
                    ->  Seq Scan on title t  (cost=0.00..73925.90 rows=994012 width=4) (actual time=0.019..1424.791 rows=923721 loops=1)
                          Filter: ((kind_id > 1) AND (production_year < 2005))
                          Rows Removed by Filter: 1604591
Planning time: 1.144 ms
Execution time: 7260.793 ms
