Hash Join  (cost=103574.60..924341.28 rows=651029 width=0) (actual time=2654.286..14241.608 rows=258938 loops=1)
  Hash Cond: (ci.movie_id = t.id)
  ->  Seq Scan on cast_info ci  (cost=0.00..796071.18 rows=750841 width=4) (actual time=102.094..11176.251 rows=282565 loops=1)
        Filter: ((person_id < 107641) AND (role_id > 1))
        Rows Removed by Filter: 35961779
  ->  Hash  (cost=67604.59..67604.59 rows=2192401 width=4) (actual time=2550.650..2550.650 rows=2182316 loops=1)
        Buckets: 131072  Batches: 32  Memory Usage: 3425kB
        ->  Seq Scan on title t  (cost=0.00..67604.59 rows=2192401 width=4) (actual time=0.027..1548.985 rows=2182316 loops=1)
              Filter: (production_year > 1962)
              Rows Removed by Filter: 345996
Planning time: 10.141 ms
Execution time: 14267.777 ms
