Hash Join  (cost=220509.15..372921.75 rows=2496056 width=0) (actual time=4942.863..13975.546 rows=21037586 loops=1)
  Hash Cond: (mk.movie_id = t.id)
  ->  Seq Scan on movie_keyword mk  (cost=0.00..69693.30 rows=4523930 width=4) (actual time=0.019..1537.839 rows=4523930 loops=1)
  ->  Hash  (cost=197620.38..197620.38 rows=1395102 width=8) (actual time=4941.209..4941.209 rows=1382793 loops=1)
        Buckets: 131072  Batches: 32  Memory Usage: 2740kB
        ->  Hash Join  (cost=102767.86..197620.38 rows=1395102 width=8) (actual time=2002.472..4551.041 rows=1382793 loops=1)
              Hash Cond: (mc.movie_id = t.id)
              ->  Seq Scan on movie_companies mc  (cost=0.00..51404.11 rows=1395102 width=4) (actual time=0.028..1066.723 rows=1382793 loops=1)
                    Filter: (company_id < 11961)
                    Rows Removed by Filter: 1226336
              ->  Hash  (cost=61283.27..61283.27 rows=2528527 width=4) (actual time=2001.125..2001.125 rows=2528312 loops=1)
                    Buckets: 131072  Batches: 64  Memory Usage: 2415kB
                    ->  Seq Scan on title t  (cost=0.00..61283.27 rows=2528527 width=4) (actual time=0.020..1172.935 rows=2528312 loops=1)
Planning time: 4.518 ms
Execution time: 16442.592 ms
