Nested Loop  (cost=0.43..796925.64 rows=96 width=0) (actual time=1132.200..11404.964 rows=9 loops=1)
  ->  Seq Scan on cast_info ci  (cost=0.00..796071.18 rows=101 width=4) (actual time=1132.130..11404.703 rows=9 loops=1)
        Filter: ((person_id = 2135555) AND (role_id = 2))
        Rows Removed by Filter: 36244335
  ->  Index Scan using title_pkey on title t  (cost=0.43..8.45 rows=1 width=4) (actual time=0.027..0.027 rows=1 loops=9)
        Index Cond: (id = ci.movie_id)
        Filter: (production_year < 2013)
Planning time: 0.772 ms
Execution time: 11405.085 ms
