Seq Scan on cast_info ci  (cost=0.00..705507.15 rows=974860 width=0) (actual time=10544.354..11525.120 rows=1006505 loops=1)
  Filter: (person_id > 3867922)
  Rows Removed by Filter: 35237839
Planning time: 0.317 ms
Execution time: 11651.460 ms
