Hash Join  (cost=258235.25..1329722.47 rows=8791768 width=0) (actual time=5345.034..27654.014 rows=4318771 loops=1)
  Hash Cond: (ci.movie_id = t.id)
  ->  Seq Scan on cast_info ci  (cost=0.00..796071.18 rows=14155070 width=4) (actual time=0.023..15732.623 rows=12157401 loops=1)
        Filter: ((person_id > 1674218) AND (role_id < 5))
        Rows Removed by Filter: 24086943
  ->  Hash  (cost=232469.27..232469.27 rows=1570478 width=8) (actual time=5344.183..5344.183 rows=407854 loops=1)
        Buckets: 131072  Batches: 32  Memory Usage: 1525kB
        ->  Hash Join  (cost=95011.03..232469.27 rows=1570478 width=8) (actual time=3592.306..5230.504 rows=407854 loops=1)
              Hash Cond: (mk.movie_id = t.id)
              ->  Seq Scan on movie_keyword mk  (cost=0.00..81003.12 rows=3089956 width=4) (actual time=0.022..1714.798 rows=3073628 loops=1)
                    Filter: (keyword_id > 2039)
                    Rows Removed by Filter: 1450302
              ->  Hash  (cost=73925.90..73925.90 rows=1285130 width=4) (actual time=1907.162..1907.162 rows=1366141 loops=1)
                    Buckets: 131072  Batches: 32  Memory Usage: 2535kB
                    ->  Seq Scan on title t  (cost=0.00..73925.90 rows=1285130 width=4) (actual time=0.021..1457.862 rows=1366141 loops=1)
                          Filter: ((production_year > 1968) AND (kind_id = 7))
                          Rows Removed by Filter: 1162171
Planning time: 1.202 ms
Execution time: 28140.875 ms
