Hash Join  (cost=201823.05..319134.91 rows=831677 width=0) (actual time=4590.252..8397.748 rows=3373106 loops=1)
  Hash Cond: (mk.movie_id = t.id)
  ->  Seq Scan on movie_keyword mk  (cost=0.00..81003.12 rows=2079191 width=4) (actual time=0.017..1634.543 rows=2088928 loops=1)
        Filter: (keyword_id < 3736)
        Rows Removed by Filter: 2435002
  ->  Hash  (cost=185229.41..185229.41 rows=1011411 width=8) (actual time=4589.104..4589.104 rows=1076109 loops=1)
        Buckets: 131072  Batches: 16  Memory Usage: 3674kB
        ->  Hash Join  (cost=99161.12..185229.41 rows=1011411 width=8) (actual time=1956.168..4258.032 rows=1076109 loops=1)
              Hash Cond: (mc.movie_id = t.id)
              ->  Seq Scan on movie_companies mc  (cost=0.00..51404.11 rows=1329612 width=4) (actual time=0.016..917.984 rows=1334883 loops=1)
                    Filter: (company_type_id > 1)
                    Rows Removed by Filter: 1274246
              ->  Hash  (cost=67604.59..67604.59 rows=1923403 width=4) (actual time=1954.988..1954.988 rows=1922849 loops=1)
                    Buckets: 131072  Batches: 32  Memory Usage: 3132kB
                    ->  Seq Scan on title t  (cost=0.00..67604.59 rows=1923403 width=4) (actual time=0.025..1301.522 rows=1922849 loops=1)
                          Filter: (production_year < 2010)
                          Rows Removed by Filter: 605463
Planning time: 1.438 ms
Execution time: 8789.599 ms
