Hash Join  (cost=666507.87..2584105.31 rows=68401624 width=0) (actual time=16382.280..81583.870 rows=119677753 loops=1)
  Hash Cond: (ci.movie_id = t.id)
  ->  Seq Scan on cast_info ci  (cost=0.00..614943.12 rows=36225612 width=4) (actual time=0.016..13987.514 rows=36244344 loops=1)
  ->  Hash  (cost=588177.95..588177.95 rows=4774394 width=8) (actual time=16380.249..16380.249 rows=5540994 loops=1)
        Buckets: 131072 (originally 131072)  Batches: 128 (originally 64)  Memory Usage: 3073kB
        ->  Hash Join  (cost=94978.31..588177.95 rows=4774394 width=8) (actual time=2555.773..14116.652 rows=5540994 loops=1)
              Hash Cond: (mi.movie_id = t.id)
              ->  Seq Scan on movie_info mi  (cost=0.00..346232.03 rows=7235534 width=4) (actual time=699.744..6182.843 rows=7286865 loops=1)
                    Filter: (info_type_id < 8)
                    Rows Removed by Filter: 7548855
              ->  Hash  (cost=67604.59..67604.59 rows=1668458 width=4) (actual time=1855.110..1855.110 rows=1671292 loops=1)
                    Buckets: 131072  Batches: 32  Memory Usage: 2867kB
                    ->  Seq Scan on title t  (cost=0.00..67604.59 rows=1668458 width=4) (actual time=0.027..1311.711 rows=1671292 loops=1)
                          Filter: (production_year < 2008)
                          Rows Removed by Filter: 857020
Planning time: 4.289 ms
Execution time: 94687.264 ms
