Hash Join  (cost=92883.59..253748.46 rows=2380015 width=0) (actual time=2596.709..5643.482 rows=560378 loops=1)
  Hash Cond: (mk.movie_id = t.id)
  ->  Seq Scan on movie_keyword mk  (cost=0.00..81003.12 rows=3905719 width=4) (actual time=0.022..1789.149 rows=3906529 loops=1)
        Filter: (keyword_id < 29543)
        Rows Removed by Filter: 617401
  ->  Hash  (cost=67604.59..67604.59 rows=1540800 width=4) (actual time=1774.794..1774.794 rows=1543264 loops=1)
        Buckets: 131072  Batches: 32  Memory Usage: 2728kB
        ->  Seq Scan on title t  (cost=0.00..67604.59 rows=1540800 width=4) (actual time=0.018..1264.817 rows=1543264 loops=1)
              Filter: (kind_id = 7)
              Rows Removed by Filter: 985048
Planning time: 0.762 ms
Execution time: 5710.228 ms
