Hash Join  (cost=209991.41..949399.79 rows=752088 width=0) (actual time=5168.210..19061.057 rows=2457954 loops=1)
  Hash Cond: (ci.movie_id = t.id)
  ->  Seq Scan on cast_info ci  (cost=0.00..705507.15 rows=1952359 width=4) (actual time=335.142..12019.449 rows=1896341 loops=1)
        Filter: (person_id < 186641)
        Rows Removed by Filter: 34348003
  ->  Hash  (cost=194010.93..194010.93 rows=974039 width=8) (actual time=4832.017..4832.017 rows=1262363 loops=1)
        Buckets: 131072 (originally 131072)  Batches: 32 (originally 16)  Memory Usage: 4085kB
        ->  Hash Join  (cost=102767.86..194010.93 rows=974039 width=8) (actual time=2334.104..4499.121 rows=1262363 loops=1)
              Hash Cond: (mc.movie_id = t.id)
              ->  Seq Scan on movie_companies mc  (cost=0.00..57926.93 rows=974039 width=4) (actual time=409.600..1213.803 rows=1262363 loops=1)
                    Filter: ((company_id < 60533) AND (company_type_id = 1))
                    Rows Removed by Filter: 1346766
              ->  Hash  (cost=61283.27..61283.27 rows=2528527 width=4) (actual time=1923.165..1923.165 rows=2528312 loops=1)
                    Buckets: 131072  Batches: 64  Memory Usage: 2415kB
                    ->  Seq Scan on title t  (cost=0.00..61283.27 rows=2528527 width=4) (actual time=0.017..1071.702 rows=2528312 loops=1)
Planning time: 1.213 ms
Execution time: 19352.002 ms
