Seq Scan on movie_companies mc  (cost=0.00..57926.93 rows=53 width=0) (actual time=260.483..973.811 rows=32 loops=1)
  Filter: ((company_type_id > 1) AND (company_id = 17))
  Rows Removed by Filter: 2609097
Planning time: 0.377 ms
Execution time: 973.916 ms
