Hash Join  (cost=219807.22..753799.48 rows=6008168 width=0) (actual time=4922.672..17153.870 rows=4189201 loops=1)
  Hash Cond: (mi.movie_id = t.id)
  ->  Seq Scan on movie_info mi  (cost=0.00..346232.03 rows=9476311 width=4) (actual time=0.023..6717.362 rows=9565151 loops=1)
        Filter: (info_type_id < 16)
        Rows Removed by Filter: 5270569
  ->  Hash  (cost=193505.02..193505.02 rows=1603136 width=8) (actual time=4744.892..4744.892 rows=747310 loops=1)
        Buckets: 131072  Batches: 32  Memory Usage: 1913kB
        ->  Hash Join  (cost=93093.72..193505.02 rows=1603136 width=8) (actual time=1754.339..4507.913 rows=747310 loops=1)
              Hash Cond: (mc.movie_id = t.id)
              ->  Seq Scan on movie_companies mc  (cost=0.00..44881.29 rows=2609129 width=4) (actual time=0.021..978.037 rows=2609129 loops=1)
              ->  Hash  (cost=67604.59..67604.59 rows=1553611 width=4) (actual time=1752.929..1752.929 rows=1555864 loops=1)
                    Buckets: 131072  Batches: 32  Memory Usage: 2734kB
                    ->  Seq Scan on title t  (cost=0.00..67604.59 rows=1553611 width=4) (actual time=0.027..1223.913 rows=1555864 loops=1)
                          Filter: (kind_id > 4)
                          Rows Removed by Filter: 972448
Planning time: 3.471 ms
Execution time: 17614.259 ms
