Hash Join  (cost=166517.58..295312.45 rows=557483 width=0) (actual time=3218.174..6516.954 rows=307468 loops=1)
  Hash Cond: (mk.movie_id = t.id)
  ->  Seq Scan on movie_keyword mk  (cost=0.00..69693.30 rows=4523930 width=4) (actual time=0.025..1385.939 rows=4523930 loops=1)
  ->  Hash  (cost=161404.71..161404.71 rows=311590 width=8) (actual time=3212.638..3212.638 rows=142609 loops=1)
        Buckets: 131072  Batches: 8  Memory Usage: 1722kB
        ->  Hash Join  (cost=94746.51..161404.71 rows=311590 width=8) (actual time=1992.926..3163.549 rows=142609 loops=1)
              Hash Cond: (mc.movie_id = t.id)
              ->  Seq Scan on movie_companies mc  (cost=0.00..51404.11 rows=620850 width=4) (actual time=227.246..861.615 rows=625079 loops=1)
                    Filter: (company_id > 61092)
                    Rows Removed by Filter: 1984050
              ->  Hash  (cost=73925.90..73925.90 rows=1269008 width=4) (actual time=1757.912..1757.912 rows=1233025 loops=1)
                    Buckets: 131072  Batches: 32  Memory Usage: 2375kB
                    ->  Seq Scan on title t  (cost=0.00..73925.90 rows=1269008 width=4) (actual time=0.047..1341.953 rows=1233025 loops=1)
                          Filter: ((kind_id > 4) AND (production_year < 2011))
                          Rows Removed by Filter: 1295287
Planning time: 1.535 ms
Execution time: 6556.222 ms
