Hash Join  (cost=137516.40..848570.79 rows=39206 width=0) (actual time=11233.000..16173.007 rows=58256 loops=1)
  Hash Cond: (ci.movie_id = t.id)
  ->  Seq Scan on cast_info ci  (cost=0.00..705507.15 rows=350181 width=4) (actual time=8057.918..12826.976 rows=316118 loops=1)
        Filter: (role_id > 10)
        Rows Removed by Filter: 35928226
  ->  Hash  (cost=132871.77..132871.77 rows=283091 width=8) (actual time=3173.916..3173.916 rows=141906 loops=1)
        Buckets: 131072  Batches: 4  Memory Usage: 2407kB
        ->  Hash Join  (cost=92883.59..132871.77 rows=283091 width=8) (actual time=2318.488..3125.849 rows=141906 loops=1)
              Hash Cond: (mi_idx.movie_id = t.id)
              ->  Seq Scan on movie_info_idx mi_idx  (cost=0.00..25185.44 rows=464566 width=4) (actual time=0.026..491.542 rows=459925 loops=1)
                    Filter: (info_type_id = 101)
                    Rows Removed by Filter: 920110
              ->  Hash  (cost=67604.59..67604.59 rows=1540800 width=4) (actual time=2076.190..2076.190 rows=1543264 loops=1)
                    Buckets: 131072  Batches: 32  Memory Usage: 2722kB
                    ->  Seq Scan on title t  (cost=0.00..67604.59 rows=1540800 width=4) (actual time=118.212..1236.209 rows=1543264 loops=1)
                          Filter: (kind_id > 6)
                          Rows Removed by Filter: 985048
Planning time: 1.022 ms
Execution time: 16180.733 ms
