Hash Join  (cost=73994.33..442468.60 rows=12767 width=0) (actual time=1293.064..8535.241 rows=32862 loops=1)
  Hash Cond: (mi.movie_id = t.id)
  ->  Seq Scan on movie_info mi  (cost=0.00..346232.03 rows=5897221 width=4) (actual time=0.020..5980.446 rows=5884963 loops=1)
        Filter: (info_type_id < 7)
        Rows Removed by Filter: 8950757
  ->  Hash  (cost=73925.90..73925.90 rows=5474 width=4) (actual time=1292.911..1292.911 rows=19727 loops=1)
        Buckets: 32768 (originally 8192)  Batches: 1 (originally 1)  Memory Usage: 950kB
        ->  Seq Scan on title t  (cost=0.00..73925.90 rows=5474 width=4) (actual time=0.056..1283.499 rows=19727 loops=1)
              Filter: ((kind_id > 1) AND (production_year = 1992))
              Rows Removed by Filter: 2508585
Planning time: 2.067 ms
Execution time: 8541.192 ms
