Seq Scan on movie_companies mc  (cost=0.00..57926.93 rows=1197448 width=0) (actual time=0.025..1147.570 rows=1275291 loops=1)
  Filter: ((company_id > 122) AND (company_type_id > 1))
  Rows Removed by Filter: 1333838
Planning time: 0.351 ms
Execution time: 1306.219 ms
