Hash Join  (cost=170819.79..536875.96 rows=117877 width=0) (actual time=5473.361..10736.453 rows=240981 loops=1)
  Hash Cond: (mi.movie_id = t.id)
  ->  Seq Scan on movie_info mi  (cost=0.00..346232.03 rows=4972096 width=4) (actual time=1327.930..5609.935 rows=4923966 loops=1)
        Filter: (info_type_id < 5)
        Rows Removed by Filter: 9911754
  ->  Hash  (cost=170070.46..170070.46 rows=59946 width=8) (actual time=3820.071..3820.071 rows=58133 loops=1)
        Buckets: 65536  Batches: 1  Memory Usage: 2783kB
        ->  Hash Join  (cost=74432.12..170070.46 rows=59946 width=8) (actual time=1186.497..3799.126 rows=58133 loops=1)
              Hash Cond: (mk.movie_id = t.id)
              ->  Seq Scan on movie_keyword mk  (cost=0.00..81003.12 rows=3742870 width=4) (actual time=0.027..1532.593 rows=3735113 loops=1)
                    Filter: (keyword_id < 23822)
                    Rows Removed by Filter: 788817
              ->  Hash  (cost=73925.90..73925.90 rows=40497 width=4) (actual time=1185.039..1185.039 rows=103977 loops=1)
                    Buckets: 131072 (originally 65536)  Batches: 2 (originally 1)  Memory Usage: 3073kB
                    ->  Seq Scan on title t  (cost=0.00..73925.90 rows=40497 width=4) (actual time=0.019..1140.122 rows=103977 loops=1)
                          Filter: ((kind_id < 7) AND (production_year < 1926))
                          Rows Removed by Filter: 2424335
Planning time: 1.177 ms
Execution time: 10768.789 ms
