Hash Join  (cost=73962.22..134457.97 rows=2777 width=0) (actual time=1025.812..2382.645 rows=6952 loops=1)
  Hash Cond: (mc.movie_id = t.id)
  ->  Seq Scan on movie_companies mc  (cost=0.00..51404.11 rows=2417033 width=4) (actual time=0.013..947.014 rows=2417919 loops=1)
        Filter: (company_id > 49)
        Rows Removed by Filter: 191210
  ->  Hash  (cost=73925.90..73925.90 rows=2905 width=4) (actual time=1025.457..1025.457 rows=3676 loops=1)
        Buckets: 4096  Batches: 1  Memory Usage: 162kB
        ->  Seq Scan on title t  (cost=0.00..73925.90 rows=2905 width=4) (actual time=0.259..1023.416 rows=3676 loops=1)
              Filter: ((kind_id < 7) AND (production_year = 1958))
              Rows Removed by Filter: 2524636
Planning time: 0.775 ms
Execution time: 2383.986 ms
