Hash Join  (cost=83810.17..221742.98 rows=1340151 width=0) (actual time=1492.801..5510.118 rows=2914956 loops=1)
  Hash Cond: (mk.movie_id = t.id)
  ->  Seq Scan on movie_keyword mk  (cost=0.00..81003.12 rows=3430712 width=4) (actual time=0.024..1673.395 rows=3425442 loops=1)
        Filter: (keyword_id > 1126)
        Rows Removed by Filter: 1098488
  ->  Hash  (cost=67604.59..67604.59 rows=987727 width=4) (actual time=1492.082..1492.082 rows=985048 loops=1)
        Buckets: 131072  Batches: 16  Memory Usage: 3197kB
        ->  Seq Scan on title t  (cost=0.00..67604.59 rows=987727 width=4) (actual time=0.013..1184.157 rows=985048 loops=1)
              Filter: (kind_id < 7)
              Rows Removed by Filter: 1543264
Planning time: 0.655 ms
Execution time: 5842.624 ms
