Seq Scan on movie_companies mc  (cost=0.00..51404.11 rows=72240 width=0) (actual time=343.414..734.054 rows=71471 loops=1)
  Filter: (company_id > 175702)
  Rows Removed by Filter: 2537658
Planning time: 0.316 ms
Execution time: 743.528 ms
