Hash Join  (cost=83074.74..804788.00 rows=420 width=0) (actual time=3344.543..14491.741 rows=10613 loops=1)
  Hash Cond: (ci.movie_id = t.id)
  ->  Seq Scan on cast_info ci  (cost=0.00..705507.15 rows=4320508 width=4) (actual time=1999.350..12489.986 rows=4323018 loops=1)
        Filter: (role_id = 10)
        Rows Removed by Filter: 31921326
  ->  Hash  (cost=83071.67..83071.67 rows=246 width=8) (actual time=1344.967..1344.967 rows=1512 loops=1)
        Buckets: 2048 (originally 1024)  Batches: 1 (originally 1)  Memory Usage: 76kB
        ->  Nested Loop  (cost=0.43..83071.67 rows=246 width=8) (actual time=1.025..1343.956 rows=1512 loops=1)
              ->  Seq Scan on movie_keyword mk  (cost=0.00..81003.12 rows=246 width=4) (actual time=0.938..1271.518 rows=1512 loops=1)
                    Filter: (keyword_id = 2989)
                    Rows Removed by Filter: 4522418
              ->  Index Only Scan using title_pkey on title t  (cost=0.43..8.40 rows=1 width=4) (actual time=0.046..0.047 rows=1 loops=1512)
                    Index Cond: (id = mk.movie_id)
                    Heap Fetches: 1512
Planning time: 1.283 ms
Execution time: 14494.392 ms
