Hash Join  (cost=101851.70..188711.27 rows=20153 width=0) (actual time=1787.111..3721.984 rows=40676 loops=1)
  Hash Cond: (mk.movie_id = t.id)
  ->  Seq Scan on movie_keyword mk  (cost=0.00..69693.30 rows=4523930 width=4) (actual time=0.020..1044.648 rows=4523930 loops=1)
  ->  Hash  (cost=101710.90..101710.90 rows=11264 width=8) (actual time=1786.550..1786.550 rows=10536 loops=1)
        Buckets: 16384  Batches: 1  Memory Usage: 540kB
        ->  Hash Join  (cost=74709.85..101710.90 rows=11264 width=8) (actual time=1154.473..1781.482 rows=10536 loops=1)
              Hash Cond: (mi_idx.movie_id = t.id)
              ->  Seq Scan on movie_info_idx mi_idx  (cost=0.00..25185.44 rows=454124 width=4) (actual time=0.021..475.747 rows=459925 loops=1)
                    Filter: (info_type_id = 100)
                    Rows Removed by Filter: 920110
              ->  Hash  (cost=73925.90..73925.90 rows=62716 width=4) (actual time=1153.853..1153.853 rows=71543 loops=1)
                    Buckets: 131072 (originally 65536)  Batches: 1 (originally 1)  Memory Usage: 3540kB
                    ->  Seq Scan on title t  (cost=0.00..73925.90 rows=62716 width=4) (actual time=0.046..1120.163 rows=71543 loops=1)
                          Filter: ((kind_id > 1) AND (production_year = 2004))
                          Rows Removed by Filter: 2456769
Planning time: 1.073 ms
Execution time: 3728.037 ms
