Hash Join  (cost=200387.15..726014.76 rows=4294369 width=0) (actual time=4268.238..23216.563 rows=14539066 loops=1)
  Hash Cond: (mi.movie_id = t.id)
  ->  Seq Scan on movie_info mi  (cost=0.00..309384.22 rows=14739122 width=4) (actual time=0.026..5864.698 rows=14835720 loops=1)
  ->  Hash  (cost=188300.30..188300.30 rows=736708 width=8) (actual time=4267.364..4267.364 rows=956981 loops=1)
        Buckets: 131072  Batches: 16  Memory Usage: 3376kB
        ->  Hash Join  (cost=102767.86..188300.30 rows=736708 width=8) (actual time=1915.030..3996.997 rows=956981 loops=1)
              Hash Cond: (mc.movie_id = t.id)
              ->  Seq Scan on movie_companies mc  (cost=0.00..57926.93 rows=736708 width=4) (actual time=79.235..984.980 rows=956981 loops=1)
                    Filter: ((company_id > 9391) AND (company_type_id > 1))
                    Rows Removed by Filter: 1652148
              ->  Hash  (cost=61283.27..61283.27 rows=2528527 width=4) (actual time=1834.497..1834.497 rows=2528312 loops=1)
                    Buckets: 131072  Batches: 64  Memory Usage: 2415kB
                    ->  Seq Scan on title t  (cost=0.00..61283.27 rows=2528527 width=4) (actual time=0.031..988.244 rows=2528312 loops=1)
Planning time: 1.105 ms
Execution time: 24953.989 ms
