Hash Join  (cost=129993.11..627761.81 rows=1683377 width=0) (actual time=2880.296..18383.260 rows=12551873 loops=1)
  Hash Cond: (mi.movie_id = t.id)
  ->  Seq Scan on movie_info mi  (cost=0.00..309384.22 rows=14739122 width=4) (actual time=0.010..5782.719 rows=14835720 loops=1)
  ->  Hash  (cost=125254.27..125254.27 rows=288787 width=8) (actual time=2879.382..2879.382 rows=643158 loops=1)
        Buckets: 131072 (originally 131072)  Batches: 8 (originally 4)  Memory Usage: 4203kB
        ->  Hash Join  (cost=82606.92..125254.27 rows=288787 width=8) (actual time=1376.606..2708.170 rows=643158 loops=1)
              Hash Cond: (mi_idx.movie_id = t.id)
              ->  Seq Scan on movie_info_idx mi_idx  (cost=0.00..21735.35 rows=1380035 width=4) (actual time=0.021..473.582 rows=1380035 loops=1)
              ->  Hash  (cost=73925.90..73925.90 rows=529121 width=4) (actual time=1375.238..1375.238 rows=594471 loops=1)
                    Buckets: 131072  Batches: 8  Memory Usage: 3653kB
                    ->  Seq Scan on title t  (cost=0.00..73925.90 rows=529121 width=4) (actual time=0.033..1185.790 rows=594471 loops=1)
                          Filter: ((kind_id < 4) AND (production_year < 2007))
                          Rows Removed by Filter: 1933841
Planning time: 1.098 ms
Execution time: 19795.108 ms
