Hash Join  (cost=52284.99..803089.06 rows=1490 width=0) (actual time=780.173..16141.647 rows=15235 loops=1)
  Hash Cond: (ci.movie_id = t.id)
  ->  Seq Scan on cast_info ci  (cost=0.00..614943.12 rows=36225612 width=4) (actual time=0.010..8522.062 rows=36244344 loops=1)
  ->  Hash  (cost=52283.69..52283.69 rows=104 width=8) (actual time=774.009..774.009 rows=294 loops=1)
        Buckets: 1024  Batches: 1  Memory Usage: 20kB
        ->  Nested Loop  (cost=0.43..52283.69 rows=104 width=8) (actual time=191.118..773.871 rows=294 loops=1)
              ->  Seq Scan on movie_companies mc  (cost=0.00..51404.11 rows=104 width=4) (actual time=191.006..769.489 rows=294 loops=1)
                    Filter: (company_id = 72622)
                    Rows Removed by Filter: 2608835
              ->  Index Only Scan using title_pkey on title t  (cost=0.43..8.45 rows=1 width=4) (actual time=0.014..0.014 rows=1 loops=294)
                    Index Cond: (id = mc.movie_id)
                    Heap Fetches: 294
Planning time: 0.773 ms
Execution time: 16144.962 ms
