Hash Join  (cost=148219.66..515809.33 rows=293374 width=0) (actual time=2638.919..10823.761 rows=309345 loops=1)
  Hash Cond: (mi.movie_id = t.id)
  ->  Seq Scan on movie_info mi  (cost=0.00..309384.22 rows=14739122 width=4) (actual time=0.025..4366.930 rows=14835720 loops=1)
  ->  Hash  (cost=147590.55..147590.55 rows=50329 width=8) (actual time=2638.409..2638.409 rows=24917 loops=1)
        Buckets: 65536  Batches: 1  Memory Usage: 1486kB
        ->  Hash Join  (cost=83810.17..147590.55 rows=50329 width=8) (actual time=1583.535..2628.830 rows=24917 loops=1)
              Hash Cond: (mc.movie_id = t.id)
              ->  Seq Scan on movie_companies mc  (cost=0.00..57926.93 rows=128840 width=4) (actual time=0.023..844.582 rows=58291 loops=1)
                    Filter: ((company_id < 119) AND (company_type_id > 1))
                    Rows Removed by Filter: 2550838
              ->  Hash  (cost=67604.59..67604.59 rows=987727 width=4) (actual time=1582.275..1582.275 rows=985048 loops=1)
                    Buckets: 131072  Batches: 16  Memory Usage: 3188kB
                    ->  Seq Scan on title t  (cost=0.00..67604.59 rows=987727 width=4) (actual time=0.029..1282.318 rows=985048 loops=1)
                          Filter: (kind_id < 7)
                          Rows Removed by Filter: 1543264
Planning time: 1.118 ms
Execution time: 10869.483 ms
