Seq Scan on title t  (cost=0.00..73925.90 rows=492328 width=0) (actual time=0.033..1117.090 rows=570276 loops=1)
  Filter: ((kind_id < 4) AND (production_year < 2006))
  Rows Removed by Filter: 1958036
Planning time: 0.418 ms
Execution time: 1192.897 ms
