Seq Scan on movie_keyword mk  (cost=0.00..81003.12 rows=338517 width=0) (actual time=0.028..1351.028 rows=335634 loops=1)
  Filter: (keyword_id > 49164)
  Rows Removed by Filter: 4188296
Planning time: 0.210 ms
Execution time: 1401.650 ms
