Hash Join  (cost=74202.60..796677.06 rows=38707 width=0) (actual time=1341.198..13749.987 rows=43067 loops=1)
  Hash Cond: (ci.movie_id = t.id)
  ->  Seq Scan on cast_info ci  (cost=0.00..705507.15 rows=4421395 width=4) (actual time=87.222..11315.958 rows=4293222 loops=1)
        Filter: (person_id < 413770)
        Rows Removed by Filter: 31951122
  ->  Hash  (cost=73925.90..73925.90 rows=22136 width=4) (actual time=1245.115..1245.115 rows=24301 loops=1)
        Buckets: 32768  Batches: 1  Memory Usage: 1111kB
        ->  Seq Scan on title t  (cost=0.00..73925.90 rows=22136 width=4) (actual time=0.095..1234.596 rows=24301 loops=1)
              Filter: ((kind_id = 7) AND (production_year = 1996))
              Rows Removed by Filter: 2504011
Planning time: 0.770 ms
Execution time: 13756.609 ms
