Hash Join  (cost=97247.54..1026997.95 rows=7154354 width=0) (actual time=1892.407..24947.023 rows=7127892 loops=1)
  Hash Cond: (ci.movie_id = t.id)
  ->  Seq Scan on cast_info ci  (cost=0.00..705507.15 rows=12726058 width=4) (actual time=0.022..14255.990 rows=12670688 loops=1)
        Filter: (role_id < 2)
        Rows Removed by Filter: 23573656
  ->  Hash  (cost=73925.90..73925.90 rows=1421491 width=4) (actual time=1891.210..1891.210 rows=1478436 loops=1)
        Buckets: 131072  Batches: 32  Memory Usage: 2651kB
        ->  Seq Scan on title t  (cost=0.00..73925.90 rows=1421491 width=4) (actual time=0.017..1420.727 rows=1478436 loops=1)
              Filter: ((production_year > 1935) AND (kind_id = 7))
              Rows Removed by Filter: 1049876
Planning time: 0.775 ms
Execution time: 25765.615 ms
