Hash Join  (cost=102767.86..241407.43 rows=1984766 width=0) (actual time=1866.257..5407.688 rows=1990894 loops=1)
  Hash Cond: (mk.movie_id = t.id)
  ->  Seq Scan on movie_keyword mk  (cost=0.00..81003.12 rows=1984766 width=4) (actual time=0.021..1624.722 rows=1990894 loops=1)
        Filter: (keyword_id > 6302)
        Rows Removed by Filter: 2533036
  ->  Hash  (cost=61283.27..61283.27 rows=2528527 width=4) (actual time=1865.315..1865.315 rows=2528312 loops=1)
        Buckets: 131072  Batches: 64  Memory Usage: 2425kB
        ->  Seq Scan on title t  (cost=0.00..61283.27 rows=2528527 width=4) (actual time=0.022..1010.007 rows=2528312 loops=1)
Planning time: 0.727 ms
Execution time: 5650.680 ms
