Seq Scan on movie_companies mc  (cost=0.00..57926.93 rows=547450 width=0) (actual time=641.423..999.461 rows=266390 loops=1)
  Filter: ((company_id > 13581) AND (company_type_id = 1))
  Rows Removed by Filter: 2342739
Planning time: 0.422 ms
Execution time: 1033.529 ms
