Seq Scan on movie_companies mc  (cost=0.00..51404.11 rows=1901105 width=0) (actual time=0.031..932.843 rows=1894699 loops=1)
  Filter: (company_id < 43438)
  Rows Removed by Filter: 714430
Planning time: 1.560 ms
Execution time: 1171.150 ms
