Hash Join  (cost=190230.21..304644.34 rows=898474 width=0) (actual time=5068.963..9157.860 rows=3777146 loops=1)
  Hash Cond: (mk.movie_id = t.id)
  ->  Seq Scan on movie_keyword mk  (cost=0.00..81003.12 rows=1646202 width=4) (actual time=0.021..1599.916 rows=1651787 loops=1)
        Filter: (keyword_id > 8857)
        Rows Removed by Filter: 2872143
  ->  Hash  (cost=167588.78..167588.78 rows=1380035 width=8) (actual time=5068.241..5068.241 rows=1380035 loops=1)
        Buckets: 131072  Batches: 32  Memory Usage: 2726kB
        ->  Hash Join  (cost=102767.86..167588.78 rows=1380035 width=8) (actual time=2711.444..4672.699 rows=1380035 loops=1)
              Hash Cond: (mi_idx.movie_id = t.id)
              ->  Seq Scan on movie_info_idx mi_idx  (cost=0.00..21735.35 rows=1380035 width=4) (actual time=0.019..474.170 rows=1380035 loops=1)
              ->  Hash  (cost=61283.27..61283.27 rows=2528527 width=4) (actual time=2710.420..2710.420 rows=2528312 loops=1)
                    Buckets: 131072  Batches: 64  Memory Usage: 2415kB
                    ->  Seq Scan on title t  (cost=0.00..61283.27 rows=2528527 width=4) (actual time=0.019..1125.203 rows=2528312 loops=1)
Planning time: 0.688 ms
Execution time: 9548.040 ms
