Seq Scan on movie_keyword mk  (cost=0.00..81003.12 rows=3641914 width=0) (actual time=0.018..1506.858 rows=3634574 loops=1)
  Filter: (keyword_id < 20742)
  Rows Removed by Filter: 889356
Planning time: 0.206 ms
Execution time: 1967.109 ms
