Hash Join  (cost=76379.89..202319.99 rows=662587 width=0) (actual time=1412.635..4486.756 rows=337462 loops=1)
  Hash Cond: (mk.movie_id = t.id)
  ->  Seq Scan on movie_keyword mk  (cost=0.00..81003.12 rows=3132562 width=4) (actual time=0.025..1618.890 rows=3116144 loops=1)
        Filter: (keyword_id > 1915)
        Rows Removed by Filter: 1407786
  ->  Hash  (cost=67604.59..67604.59 rows=534824 width=4) (actual time=1410.917..1410.917 rows=533369 loops=1)
        Buckets: 131072  Batches: 8  Memory Usage: 3376kB
        ->  Seq Scan on title t  (cost=0.00..67604.59 rows=534824 width=4) (actual time=0.036..1231.267 rows=533369 loops=1)
              Filter: (production_year > 2009)
              Rows Removed by Filter: 1994943
Planning time: 0.737 ms
Execution time: 4531.452 ms
