Hash Join  (cost=80372.21..901459.27 rows=278173 width=0) (actual time=2451.126..14968.439 rows=439498 loops=1)
  Hash Cond: (ci.movie_id = t.id)
  ->  Seq Scan on cast_info ci  (cost=0.00..796071.18 rows=1790176 width=4) (actual time=1138.513..11404.071 rows=3608294 loops=1)
        Filter: ((person_id < 482969) AND (role_id = 1))
        Rows Removed by Filter: 32636050
  ->  Hash  (cost=73925.90..73925.90 rows=392904 width=4) (actual time=1311.462..1311.462 rows=277350 loops=1)
        Buckets: 131072  Batches: 8  Memory Usage: 2231kB
        ->  Seq Scan on title t  (cost=0.00..73925.90 rows=392904 width=4) (actual time=0.029..1219.771 rows=277350 loops=1)
              Filter: ((production_year < 1988) AND (kind_id = 7))
              Rows Removed by Filter: 2250962
Planning time: 0.768 ms
Execution time: 15018.481 ms
