Seq Scan on title t  (cost=0.00..73925.90 rows=194252 width=0) (actual time=392.592..1070.938 rows=326032 loops=1)
  Filter: ((kind_id < 2) AND (production_year < 1992))
  Rows Removed by Filter: 2202280
Planning time: 0.971 ms
Execution time: 1111.473 ms
