Hash Join  (cost=204396.83..1135650.89 rows=1116879 width=0) (actual time=3922.715..27554.293 rows=4856951 loops=1)
  Hash Cond: (ci.movie_id = t.id)
  ->  Seq Scan on cast_info ci  (cost=0.00..796071.18 rows=10635759 width=4) (actual time=0.015..17019.285 rows=12670688 loops=1)
        Filter: ((person_id < 3046650) AND (role_id < 2))
        Rows Removed by Filter: 23573656
  ->  Hash  (cost=200039.76..200039.76 rows=265525 width=8) (actual time=3921.926..3921.926 rows=266396 loops=1)
        Buckets: 131072  Batches: 4  Memory Usage: 3639kB
        ->  Hash Join  (cost=102767.86..200039.76 rows=265525 width=8) (actual time=1978.100..3850.673 rows=266396 loops=1)
              Hash Cond: (mk.movie_id = t.id)
              ->  Seq Scan on movie_keyword mk  (cost=0.00..81003.12 rows=265525 width=4) (actual time=0.044..1324.993 rows=266396 loops=1)
                    Filter: (keyword_id > 58831)
                    Rows Removed by Filter: 4257534
              ->  Hash  (cost=61283.27..61283.27 rows=2528527 width=4) (actual time=1977.049..1977.049 rows=2528312 loops=1)
                    Buckets: 131072  Batches: 64  Memory Usage: 2425kB
                    ->  Seq Scan on title t  (cost=0.00..61283.27 rows=2528527 width=4) (actual time=0.012..1096.054 rows=2528312 loops=1)
Planning time: 5.875 ms
Execution time: 28117.201 ms
