Seq Scan on movie_keyword mk  (cost=0.00..81003.12 rows=3026143 width=0) (actual time=0.024..1545.215 rows=3006285 loops=1)
  Filter: (keyword_id < 10650)
  Rows Removed by Filter: 1517645
Planning time: 0.316 ms
Execution time: 1913.485 ms
