Hash Join  (cost=190230.21..341724.49 rows=2087518 width=0) (actual time=4360.146..10807.636 rows=8977442 loops=1)
  Hash Cond: (mk.movie_id = t.id)
  ->  Seq Scan on movie_keyword mk  (cost=0.00..81003.12 rows=3824792 width=4) (actual time=0.026..1781.894 rows=3824777 loops=1)
        Filter: (keyword_id > 580)
        Rows Removed by Filter: 699153
  ->  Hash  (cost=167588.78..167588.78 rows=1380035 width=8) (actual time=4359.432..4359.432 rows=1380035 loops=1)
        Buckets: 131072  Batches: 32  Memory Usage: 2726kB
        ->  Hash Join  (cost=102767.86..167588.78 rows=1380035 width=8) (actual time=1927.222..3944.103 rows=1380035 loops=1)
              Hash Cond: (mi_idx.movie_id = t.id)
              ->  Seq Scan on movie_info_idx mi_idx  (cost=0.00..21735.35 rows=1380035 width=4) (actual time=0.018..523.574 rows=1380035 loops=1)
              ->  Hash  (cost=61283.27..61283.27 rows=2528527 width=4) (actual time=1926.304..1926.304 rows=2528312 loops=1)
                    Buckets: 131072  Batches: 64  Memory Usage: 2415kB
                    ->  Seq Scan on title t  (cost=0.00..61283.27 rows=2528527 width=4) (actual time=0.027..1080.669 rows=2528312 loops=1)
Planning time: 1.123 ms
Execution time: 11760.485 ms
