Seq Scan on movie_companies mc  (cost=0.00..51404.11 rows=829263 width=0) (actual time=0.024..891.789 rows=838003 loops=1)
  Filter: (company_id > 26439)
  Rows Removed by Filter: 1771126
Planning time: 0.314 ms
Execution time: 987.216 ms
