Hash Join  (cost=154810.96..193736.89 rows=71845 width=0) (actual time=2684.363..3561.767 rows=56805 loops=1)
  Hash Cond: (mi_idx.movie_id = t.id)
  ->  Seq Scan on movie_info_idx mi_idx  (cost=0.00..21735.35 rows=1380035 width=4) (actual time=0.029..445.484 rows=1380035 loops=1)
  ->  Hash  (cost=152650.51..152650.51 rows=131636 width=8) (actual time=2671.566..2671.566 rows=51840 loops=1)
        Buckets: 131072  Batches: 2  Memory Usage: 2037kB
        ->  Hash Join  (cost=85092.26..152650.51 rows=131636 width=8) (actual time=1555.885..2653.655 rows=51840 loops=1)
              Hash Cond: (mc.movie_id = t.id)
              ->  Seq Scan on movie_companies mc  (cost=0.00..57926.93 rows=489056 width=4) (actual time=51.522..879.210 rows=283671 loops=1)
                    Filter: ((company_id < 3909) AND (company_type_id = 2))
                    Rows Removed by Filter: 2325458
              ->  Hash  (cost=73925.90..73925.90 rows=680588 width=4) (actual time=1503.182..1503.182 rows=743261 loops=1)
                    Buckets: 131072  Batches: 16  Memory Usage: 2663kB
                    ->  Seq Scan on title t  (cost=0.00..73925.90 rows=680588 width=4) (actual time=0.029..1265.931 rows=743261 loops=1)
                          Filter: ((kind_id > 4) AND (production_year > 2004))
                          Rows Removed by Filter: 1785051
Planning time: 3.501 ms
Execution time: 3569.231 ms
