Hash Join  (cost=127090.41..491776.93 rows=3060 width=0) (actual time=2135.571..10030.575 rows=24182 loops=1)
  Hash Cond: (mi.movie_id = t.id)
  ->  Seq Scan on movie_info mi  (cost=0.00..309384.22 rows=14739122 width=4) (actual time=0.020..4935.291 rows=14835720 loops=1)
  ->  Hash  (cost=127083.85..127083.85 rows=525 width=8) (actual time=2135.341..2135.341 rows=878 loops=1)
        Buckets: 1024  Batches: 1  Memory Usage: 43kB
        ->  Hash Join  (cost=73962.22..127083.85 rows=525 width=8) (actual time=1157.679..2134.682 rows=878 loops=1)
              Hash Cond: (mc.movie_id = t.id)
              ->  Seq Scan on movie_companies mc  (cost=0.00..51404.11 rows=456604 width=4) (actual time=0.025..891.459 rows=451787 loops=1)
                    Filter: (company_id < 376)
                    Rows Removed by Filter: 2157342
              ->  Hash  (cost=73925.90..73925.90 rows=2905 width=4) (actual time=1157.375..1157.375 rows=3646 loops=1)
                    Buckets: 4096  Batches: 1  Memory Usage: 161kB
                    ->  Seq Scan on title t  (cost=0.00..73925.90 rows=2905 width=4) (actual time=2.437..1155.430 rows=3646 loops=1)
                          Filter: ((kind_id < 7) AND (production_year = 1957))
                          Rows Removed by Filter: 2524666
Planning time: 1.205 ms
Execution time: 10034.788 ms
