Hash Join  (cost=101955.95..923358.75 rows=673308 width=0) (actual time=5864.099..16870.179 rows=777988 loops=1)
  Hash Cond: (ci.movie_id = t.id)
  ->  Seq Scan on cast_info ci  (cost=0.00..796071.18 rows=813108 width=4) (actual time=3810.079..13921.266 rows=895085 loops=1)
        Filter: ((person_id > 1914337) AND (role_id = 8))
        Rows Removed by Filter: 35349259
  ->  Hash  (cost=67604.59..67604.59 rows=2093789 width=4) (actual time=2051.291..2051.291 rows=2089788 loops=1)
        Buckets: 131072  Batches: 32  Memory Usage: 3324kB
        ->  Seq Scan on title t  (cost=0.00..67604.59 rows=2093789 width=4) (actual time=0.039..1383.625 rows=2089788 loops=1)
              Filter: (production_year > 1969)
              Rows Removed by Filter: 438524
Planning time: 0.533 ms
Execution time: 16942.133 ms
