Hash Join  (cost=123203.20..487878.31 rows=1915 width=0) (actual time=1644.945..8154.856 rows=395 loops=1)
  Hash Cond: (mi.movie_id = t.id)
  ->  Seq Scan on movie_info mi  (cost=0.00..309384.22 rows=14739122 width=4) (actual time=0.014..4092.886 rows=14835720 loops=1)
  ->  Hash  (cost=123199.09..123199.09 rows=329 width=8) (actual time=1489.949..1489.949 rows=49 loops=1)
        Buckets: 1024  Batches: 1  Memory Usage: 10kB
        ->  Nested Loop  (cost=0.43..123199.09 rows=329 width=8) (actual time=217.816..1489.892 rows=49 loops=1)
              ->  Seq Scan on movie_keyword mk  (cost=0.00..81003.12 rows=5881 width=4) (actual time=0.644..1280.417 rows=4261 loops=1)
                    Filter: (keyword_id = 2867)
                    Rows Removed by Filter: 4519669
              ->  Index Scan using title_pkey on title t  (cost=0.43..7.16 rows=1 width=4) (actual time=0.048..0.048 rows=0 loops=4261)
                    Index Cond: (id = mk.movie_id)
                    Filter: ((production_year > 2011) AND (kind_id = 7))
                    Rows Removed by Filter: 1
Planning time: 1.319 ms
Execution time: 8155.121 ms
