Seq Scan on cast_info ci  (cost=0.00..796071.18 rows=435 width=0) (actual time=9767.610..14701.675 rows=38 loops=1)
  Filter: ((role_id < 10) AND (person_id = 3532977))
  Rows Removed by Filter: 36244306
Planning time: 0.418 ms
Execution time: 14701.804 ms
