Hash Join  (cost=100912.42..851815.49 rows=11393 width=0) (actual time=1611.764..18768.642 rows=59537 loops=1)
  Hash Cond: (ci.movie_id = t.id)
  ->  Seq Scan on cast_info ci  (cost=0.00..614943.12 rows=36225612 width=4) (actual time=0.023..9542.066 rows=36244344 loops=1)
  ->  Hash  (cost=100902.48..100902.48 rows=795 width=8) (actual time=1611.661..1611.661 rows=1777 loops=1)
        Buckets: 2048 (originally 1024)  Batches: 1 (originally 1)  Memory Usage: 86kB
        ->  Hash Join  (cost=73980.43..100902.48 rows=795 width=8) (actual time=1017.949..1610.663 rows=1777 loops=1)
              Hash Cond: (mi_idx.movie_id = t.id)
              ->  Seq Scan on movie_info_idx mi_idx  (cost=0.00..25185.44 rows=460978 width=4) (actual time=0.024..507.363 rows=459925 loops=1)
                    Filter: (info_type_id < 100)
                    Rows Removed by Filter: 920110
              ->  Hash  (cost=73925.90..73925.90 rows=4362 width=4) (actual time=1017.832..1017.832 rows=3986 loops=1)
                    Buckets: 8192  Batches: 1  Memory Usage: 205kB
                    ->  Seq Scan on title t  (cost=0.00..73925.90 rows=4362 width=4) (actual time=195.366..1015.888 rows=3986 loops=1)
                          Filter: ((kind_id = 3) AND (production_year = 2006))
                          Rows Removed by Filter: 2524326
Planning time: 1.111 ms
Execution time: 18782.529 ms
