Seq Scan on cast_info ci  (cost=0.00..705507.15 rows=500 width=0) (actual time=5875.966..9995.958 rows=691 loops=1)
  Filter: (person_id = 1477844)
  Rows Removed by Filter: 36243653
Planning time: 13.416 ms
Execution time: 9996.152 ms
