Hash Join  (cost=170754.29..315319.01 rows=639568 width=156) (actual time=3902.667..11560.413 rows=6185304 loops=1)
  Hash Cond: (mk.movie_id = t.id)
  ->  Seq Scan on movie_keyword mk  (cost=0.00..69693.30 rows=4523930 width=12) (actual time=0.013..1591.682 rows=4523930 loops=1)
  ->  Hash  (cost=158954.93..158954.93 rows=357469 width=144) (actual time=3901.673..3901.673 rows=636038 loops=1)
        Buckets: 32768  Batches: 32  Memory Usage: 2861kB
        ->  Hash Join  (cost=94420.17..158954.93 rows=357469 width=144) (actual time=1791.936..3520.213 rows=636038 loops=1)
              Hash Cond: (mi_idx.movie_id = t.id)
              ->  Seq Scan on movie_info_idx mi_idx  (cost=0.00..25185.44 rows=915101 width=50) (actual time=0.016..668.777 rows=919850 loops=1)
                    Filter: (info_type_id < 101)
                    Rows Removed by Filter: 460185
              ->  Hash  (cost=67604.59..67604.59 rows=987727 width=94) (actual time=1791.256..1791.256 rows=985048 loops=1)
                    Buckets: 32768  Batches: 64  Memory Usage: 1938kB
                    ->  Seq Scan on title t  (cost=0.00..67604.59 rows=987727 width=94) (actual time=0.030..1336.863 rows=985048 loops=1)
                          Filter: (kind_id < 7)
                          Rows Removed by Filter: 1543264
Planning time: 4.929 ms
Execution time: 11874.813 ms
