Hash Join  (cost=130352.35..258772.83 rows=526744 width=0) (actual time=2876.416..7002.395 rows=3571224 loops=1)
  Hash Cond: (mk.movie_id = t.id)
  ->  Seq Scan on movie_keyword mk  (cost=0.00..69693.30 rows=4523930 width=4) (actual time=0.013..1456.133 rows=4523930 loops=1)
  ->  Hash  (cost=125521.24..125521.24 rows=294409 width=8) (actual time=2874.312..2874.312 rows=436973 loops=1)
        Buckets: 131072 (originally 131072)  Batches: 8 (originally 4)  Memory Usage: 3175kB
        ->  Hash Join  (cost=82776.67..125521.24 rows=294409 width=8) (actual time=1483.447..2737.112 rows=436973 loops=1)
              Hash Cond: (mi_idx.movie_id = t.id)
              ->  Seq Scan on movie_info_idx mi_idx  (cost=0.00..21735.35 rows=1380035 width=4) (actual time=0.021..436.779 rows=1380035 loops=1)
              ->  Hash  (cost=73925.90..73925.90 rows=539421 width=4) (actual time=1482.758..1482.758 rows=459810 loops=1)
                    Buckets: 131072  Batches: 8  Memory Usage: 3041kB
                    ->  Seq Scan on title t  (cost=0.00..73925.90 rows=539421 width=4) (actual time=0.042..1327.994 rows=459810 loops=1)
                          Filter: ((kind_id < 7) AND (production_year > 2000))
                          Rows Removed by Filter: 2068502
Planning time: 1.181 ms
Execution time: 7417.887 ms
