Hash Join  (cost=179422.24..666068.88 rows=641070 width=0) (actual time=3569.498..14170.454 rows=4768473 loops=1)
  Hash Cond: (mi.movie_id = t.id)
  ->  Seq Scan on movie_info mi  (cost=0.00..309384.22 rows=14739122 width=4) (actual time=0.018..5097.194 rows=14835720 loops=1)
  ->  Hash  (cost=177617.53..177617.53 rows=109977 width=8) (actual time=3568.537..3568.537 rows=98616 loops=1)
        Buckets: 131072  Batches: 2  Memory Usage: 2949kB
        ->  Hash Join  (cost=69687.24..177617.53 rows=109977 width=8) (actual time=1206.140..3534.886 rows=98616 loops=1)
              Hash Cond: (mk.movie_id = t.id)
              ->  Seq Scan on movie_keyword mk  (cost=0.00..81003.12 rows=2190773 width=4) (actual time=0.021..1599.190 rows=2191021 loops=1)
                    Filter: (keyword_id < 4334)
                    Rows Removed by Filter: 2332909
              ->  Hash  (cost=67604.59..67604.59 rows=126932 width=4) (actual time=1205.207..1205.207 rows=122861 loops=1)
                    Buckets: 131072  Batches: 2  Memory Usage: 3197kB
                    ->  Seq Scan on title t  (cost=0.00..67604.59 rows=126932 width=4) (actual time=0.021..1155.467 rows=122861 loops=1)
                          Filter: (production_year = 2008)
                          Rows Removed by Filter: 2405451
Planning time: 1.197 ms
Execution time: 14689.480 ms
