Hash Join  (cost=601546.72..1961324.24 rows=9692120 width=0) (actual time=13535.833..40966.483 rows=179640 loops=1)
  Hash Cond: (ci.movie_id = t.id)
  ->  Seq Scan on cast_info ci  (cost=0.00..614943.12 rows=36225612 width=4) (actual time=0.016..12831.386 rows=36244344 loops=1)
  ->  Hash  (cost=590447.40..590447.40 rows=676505 width=8) (actual time=13205.718..13205.718 rows=23723 loops=1)
        Buckets: 131072  Batches: 16  Memory Usage: 1085kB
        ->  Hash Join  (cost=75941.23..590447.40 rows=676505 width=8) (actual time=1245.663..13165.368 rows=23723 loops=1)
              Hash Cond: (mi.movie_id = t.id)
              ->  Seq Scan on movie_info mi  (cost=0.00..346232.03 rows=13926693 width=4) (actual time=0.028..7417.244 rows=13963496 loops=1)
                    Filter: (info_type_id < 98)
                    Rows Removed by Filter: 872224
              ->  Hash  (cost=73925.90..73925.90 rows=122826 width=4) (actual time=1244.156..1244.156 rows=5119 loops=1)
                    Buckets: 131072  Batches: 2  Memory Usage: 1120kB
                    ->  Seq Scan on title t  (cost=0.00..73925.90 rows=122826 width=4) (actual time=0.065..1241.013 rows=5119 loops=1)
                          Filter: ((kind_id > 1) AND (production_year < 1951))
                          Rows Removed by Filter: 2523193
Planning time: 1.221 ms
Execution time: 40990.286 ms
