Seq Scan on movie_companies mc  (cost=0.00..51404.11 rows=2166594 width=0) (actual time=0.017..965.483 rows=2166031 loops=1)
  Filter: (company_id > 329)
  Rows Removed by Filter: 443098
Planning time: 0.344 ms
Execution time: 1234.902 ms
