Hash Join  (cost=58375.58..145033.99 rows=38 width=0) (actual time=1727.433..2583.442 rows=192 loops=1)
  Hash Cond: (mk.movie_id = t.id)
  ->  Seq Scan on movie_keyword mk  (cost=0.00..69693.30 rows=4523930 width=4) (actual time=0.024..950.314 rows=4523930 loops=1)
  ->  Hash  (cost=58375.31..58375.31 rows=21 width=8) (actual time=851.145..851.145 rows=9 loops=1)
        Buckets: 1024  Batches: 1  Memory Usage: 9kB
        ->  Nested Loop  (cost=0.43..58375.31 rows=21 width=8) (actual time=181.755..851.127 rows=9 loops=1)
              ->  Seq Scan on movie_companies mc  (cost=0.00..57926.93 rows=53 width=4) (actual time=181.707..850.660 rows=9 loops=1)
                    Filter: ((company_type_id > 1) AND (company_id = 3121))
                    Rows Removed by Filter: 2609120
              ->  Index Scan using title_pkey on title t  (cost=0.43..8.45 rows=1 width=4) (actual time=0.044..0.045 rows=1 loops=9)
                    Index Cond: (id = mc.movie_id)
                    Filter: (kind_id < 7)
Planning time: 1.155 ms
Execution time: 2583.614 ms
