Hash Join  (cost=179357.31..555725.74 rows=328259 width=0) (actual time=3666.870..11006.158 rows=1620494 loops=1)
  Hash Cond: (mi.movie_id = t.id)
  ->  Seq Scan on movie_info mi  (cost=0.00..346232.03 rows=2194617 width=4) (actual time=0.020..5926.829 rows=2233850 loops=1)
        Filter: (info_type_id > 16)
        Rows Removed by Filter: 12601870
  ->  Hash  (cost=173151.77..173151.77 rows=378203 width=8) (actual time=3665.865..3665.865 rows=381641 loops=1)
        Buckets: 131072  Batches: 8  Memory Usage: 2911kB
        ->  Hash Join  (cost=102767.86..173151.77 rows=378203 width=8) (actual time=1932.979..3550.331 rows=381641 loops=1)
              Hash Cond: (mc.movie_id = t.id)
              ->  Seq Scan on movie_companies mc  (cost=0.00..51404.11 rows=378203 width=4) (actual time=0.006..885.850 rows=381641 loops=1)
                    Filter: (company_id > 84088)
                    Rows Removed by Filter: 2227488
              ->  Hash  (cost=61283.27..61283.27 rows=2528527 width=4) (actual time=1932.227..1932.227 rows=2528312 loops=1)
                    Buckets: 131072  Batches: 64  Memory Usage: 2415kB
                    ->  Seq Scan on title t  (cost=0.00..61283.27 rows=2528527 width=4) (actual time=0.015..1095.151 rows=2528312 loops=1)
Planning time: 1.207 ms
Execution time: 11183.689 ms
