Hash Join  (cost=105689.54..1123570.02 rows=8880440 width=0) (actual time=3351.712..31037.012 rows=14558677 loops=1)
  Hash Cond: (ci.movie_id = t.id)
  ->  Seq Scan on cast_info ci  (cost=0.00..796071.18 rows=9672981 width=4) (actual time=1308.818..15990.463 rows=15074457 loops=1)
        Filter: ((person_id > 2138414) AND (role_id > 1))
        Rows Removed by Filter: 21169887
  ->  Hash  (cost=67604.59..67604.59 rows=2321356 width=4) (actual time=2042.166..2042.166 rows=2315087 loops=1)
        Buckets: 131072  Batches: 32  Memory Usage: 3571kB
        ->  Seq Scan on title t  (cost=0.00..67604.59 rows=2321356 width=4) (actual time=0.021..1329.843 rows=2315087 loops=1)
              Filter: (production_year > 1939)
              Rows Removed by Filter: 213225
Planning time: 0.636 ms
Execution time: 32749.038 ms
