Hash Join  (cost=74261.02..161398.71 rows=47965 width=0) (actual time=1202.532..3051.492 rows=24036 loops=1)
  Hash Cond: (mk.movie_id = t.id)
  ->  Seq Scan on movie_keyword mk  (cost=0.00..69693.30 rows=4523930 width=4) (actual time=0.012..999.946 rows=4523930 loops=1)
  ->  Hash  (cost=73925.90..73925.90 rows=26809 width=4) (actual time=1201.724..1201.724 rows=15183 loops=1)
        Buckets: 32768  Batches: 1  Memory Usage: 790kB
        ->  Seq Scan on title t  (cost=0.00..73925.90 rows=26809 width=4) (actual time=136.622..1195.360 rows=15183 loops=1)
              Filter: ((production_year > 2008) AND (kind_id = 3))
              Rows Removed by Filter: 2513129
Planning time: 0.962 ms
Execution time: 3054.948 ms
