Hash Join  (cost=243377.60..819765.09 rows=7324867 width=0) (actual time=6720.098..57036.299 rows=157928171 loops=1)
  Hash Cond: (mi.movie_id = t.id)
  ->  Seq Scan on movie_info mi  (cost=0.00..309384.22 rows=14739122 width=4) (actual time=0.025..6069.512 rows=14835720 loops=1)
  ->  Hash  (cost=222761.15..222761.15 rows=1256596 width=8) (actual time=6718.106..6718.106 rows=2357693 loops=1)
        Buckets: 131072  Batches: 32  Memory Usage: 3943kB
        ->  Hash Join  (cost=85449.15..222761.15 rows=1256596 width=8) (actual time=1507.866..5993.826 rows=2357693 loops=1)
              Hash Cond: (mk.movie_id = t.id)
              ->  Seq Scan on movie_keyword mk  (cost=0.00..69693.30 rows=4523930 width=4) (actual time=0.012..1461.965 rows=4523930 loops=1)
              ->  Hash  (cost=73925.90..73925.90 rows=702340 width=4) (actual time=1506.702..1506.702 rows=603836 loops=1)
                    Buckets: 131072  Batches: 16  Memory Usage: 2357kB
                    ->  Seq Scan on title t  (cost=0.00..73925.90 rows=702340 width=4) (actual time=0.021..1302.659 rows=603836 loops=1)
                          Filter: ((kind_id < 7) AND (production_year > 1988))
                          Rows Removed by Filter: 1924476
Planning time: 1.161 ms
Execution time: 74333.902 ms
