Nested Loop  (cost=0.43..83072.90 rows=139 width=0) (actual time=16.407..1182.448 rows=61 loops=1)
  ->  Seq Scan on movie_keyword mk  (cost=0.00..81003.12 rows=246 width=4) (actual time=7.960..1174.669 rows=179 loops=1)
        Filter: (keyword_id = 16382)
        Rows Removed by Filter: 4523751
  ->  Index Scan using title_pkey on title t  (cost=0.43..8.40 rows=1 width=4) (actual time=0.040..0.041 rows=0 loops=179)
        Index Cond: (id = mk.movie_id)
        Filter: ((kind_id > 1) AND (production_year > 1980))
        Rows Removed by Filter: 1
Planning time: 0.726 ms
Execution time: 1182.593 ms
