Hash Join  (cost=206960.66..336204.87 rows=1051976 width=0) (actual time=4023.498..8194.096 rows=2188773 loops=1)
  Hash Cond: (mk.movie_id = t.id)
  ->  Seq Scan on movie_keyword mk  (cost=0.00..81003.12 rows=2958487 width=4) (actual time=0.024..1718.448 rows=2942590 loops=1)
        Filter: (keyword_id < 9849)
        Rows Removed by Filter: 1581340
  ->  Hash  (cost=192209.02..192209.02 rows=899091 width=8) (actual time=4022.798..4022.798 rows=577907 loops=1)
        Buckets: 131072  Batches: 16  Memory Usage: 2435kB
        ->  Hash Join  (cost=102767.86..192209.02 rows=899091 width=8) (actual time=1930.985..3857.728 rows=577907 loops=1)
              Hash Cond: (mc.movie_id = t.id)
              ->  Seq Scan on movie_companies mc  (cost=0.00..57926.93 rows=899091 width=4) (actual time=31.832..1108.650 rows=577907 loops=1)
                    Filter: ((company_id < 24806) AND (company_type_id > 1))
                    Rows Removed by Filter: 2031222
              ->  Hash  (cost=61283.27..61283.27 rows=2528527 width=4) (actual time=1897.881..1897.881 rows=2528312 loops=1)
                    Buckets: 131072  Batches: 64  Memory Usage: 2415kB
                    ->  Seq Scan on title t  (cost=0.00..61283.27 rows=2528527 width=4) (actual time=0.016..1079.422 rows=2528312 loops=1)
Planning time: 1.163 ms
Execution time: 8422.179 ms
