Hash Join  (cost=102767.86..238849.24 rows=1878416 width=0) (actual time=1902.178..5141.499 rows=1889994 loops=1)
  Hash Cond: (mk.movie_id = t.id)
  ->  Seq Scan on movie_keyword mk  (cost=0.00..81003.12 rows=1878416 width=4) (actual time=0.024..1536.720 rows=1889994 loops=1)
        Filter: (keyword_id < 3235)
        Rows Removed by Filter: 2633936
  ->  Hash  (cost=61283.27..61283.27 rows=2528527 width=4) (actual time=1898.183..1898.183 rows=2528312 loops=1)
        Buckets: 131072  Batches: 64  Memory Usage: 2425kB
        ->  Seq Scan on title t  (cost=0.00..61283.27 rows=2528527 width=4) (actual time=0.019..1039.524 rows=2528312 loops=1)
Planning time: 0.741 ms
Execution time: 5334.170 ms
