Hash Join  (cost=165469.08..293451.86 rows=490875 width=0) (actual time=3445.363..6477.026 rows=543646 loops=1)
  Hash Cond: (mk.movie_id = t.id)
  ->  Seq Scan on movie_keyword mk  (cost=0.00..69693.30 rows=4523930 width=4) (actual time=0.012..1409.683 rows=4523930 loops=1)
  ->  Hash  (cost=160967.57..160967.57 rows=274361 width=8) (actual time=3431.457..3431.457 rows=261487 loops=1)
        Buckets: 131072  Batches: 4  Memory Usage: 3579kB
        ->  Hash Join  (cost=94973.51..160967.57 rows=274361 width=8) (actual time=1827.442..3348.988 rows=261487 loops=1)
              Hash Cond: (mc.movie_id = t.id)
              ->  Seq Scan on movie_companies mc  (cost=0.00..51404.11 rows=415866 width=4) (actual time=0.018..944.624 rows=417014 loops=1)
                    Filter: (company_id < 292)
                    Rows Removed by Filter: 2192115
              ->  Hash  (cost=67604.59..67604.59 rows=1668154 width=4) (actual time=1819.172..1819.172 rows=1674098 loops=1)
                    Buckets: 131072  Batches: 32  Memory Usage: 2869kB
                    ->  Seq Scan on title t  (cost=0.00..67604.59 rows=1668154 width=4) (actual time=0.012..1278.816 rows=1674098 loops=1)
                          Filter: (kind_id > 3)
                          Rows Removed by Filter: 854214
Planning time: 1.172 ms
Execution time: 6532.138 ms
