Hash Join  (cost=190340.79..315898.70 rows=964068 width=0) (actual time=4943.825..12829.987 rows=19146957 loops=1)
  Hash Cond: (mk.movie_id = t.id)
  ->  Seq Scan on movie_keyword mk  (cost=0.00..81003.12 rows=2716294 width=4) (actual time=0.016..1752.120 rows=2715053 loops=1)
        Filter: (keyword_id < 7677)
        Rows Removed by Filter: 1808877
  ->  Hash  (cost=175616.96..175616.96 rows=897426 width=8) (actual time=4942.697..4942.697 rows=1770929 loops=1)
        Buckets: 131072 (originally 131072)  Batches: 32 (originally 16)  Memory Usage: 3258kB
        ->  Hash Join  (cost=88195.18..175616.96 rows=897426 width=8) (actual time=1495.161..4394.877 rows=1770929 loops=1)
              Hash Cond: (mc.movie_id = t.id)
              ->  Seq Scan on movie_companies mc  (cost=0.00..44881.29 rows=2609129 width=4) (actual time=0.021..915.498 rows=2609129 loops=1)
              ->  Hash  (cost=73925.90..73925.90 rows=869702 width=4) (actual time=1494.150..1494.150 rows=896788 loops=1)
                    Buckets: 131072  Batches: 16  Memory Usage: 2998kB
                    ->  Seq Scan on title t  (cost=0.00..73925.90 rows=869702 width=4) (actual time=0.033..1206.879 rows=896788 loops=1)
                          Filter: ((kind_id < 7) AND (production_year < 2012))
                          Rows Removed by Filter: 1631524
Planning time: 12.018 ms
Execution time: 14847.136 ms
