Hash Join  (cost=709675.89..1079279.98 rows=540 width=0) (actual time=12202.442..16577.060 rows=6 loops=1)
  Hash Cond: (mi.movie_id = t.id)
  ->  Seq Scan on movie_info mi  (cost=0.00..346232.03 rows=6231111 width=4) (actual time=1517.376..5306.645 rows=6223494 loops=1)
        Filter: (info_type_id > 8)
        Rows Removed by Filter: 8612226
  ->  Hash  (cost=709673.15..709673.15 rows=219 width=8) (actual time=10441.684..10441.684 rows=1 loops=1)
        Buckets: 1024  Batches: 1  Memory Usage: 9kB
        ->  Nested Loop  (cost=0.43..709673.15 rows=219 width=8) (actual time=2756.579..10441.674 rows=1 loops=1)
              ->  Seq Scan on cast_info ci  (cost=0.00..705507.15 rows=500 width=4) (actual time=2756.521..10441.610 rows=1 loops=1)
                    Filter: (person_id = 858665)
                    Rows Removed by Filter: 36244343
              ->  Index Scan using title_pkey on title t  (cost=0.43..8.32 rows=1 width=4) (actual time=0.037..0.037 rows=1 loops=1)
                    Index Cond: (id = ci.movie_id)
                    Filter: (production_year > 2004)
Planning time: 1.216 ms
Execution time: 16577.199 ms
