Hash Join  (cost=185253.47..1160368.18 rows=950853 width=0) (actual time=4323.201..30435.955 rows=3546420 loops=1)
  Hash Cond: (ci.movie_id = t.id)
  ->  Seq Scan on cast_info ci  (cost=0.00..705507.15 rows=22458686 width=4) (actual time=0.020..14816.521 rows=22311267 loops=1)
        Filter: (person_id < 2273727)
        Rows Removed by Filter: 13933077
  ->  Hash  (cost=183496.32..183496.32 rows=107052 width=8) (actual time=4322.377..4322.377 rows=157137 loops=1)
        Buckets: 131072 (originally 131072)  Batches: 4 (originally 2)  Memory Usage: 3073kB
        ->  Hash Join  (cost=93117.31..183496.32 rows=107052 width=8) (actual time=1746.608..4265.445 rows=157137 loops=1)
              Hash Cond: (mk.movie_id = t.id)
              ->  Seq Scan on movie_keyword mk  (cost=0.00..81003.12 rows=174072 width=4) (actual time=0.035..1408.469 rows=188777 loops=1)
                    Filter: (keyword_id < 137)
                    Rows Removed by Filter: 4335153
              ->  Hash  (cost=67604.59..67604.59 rows=1555018 width=4) (actual time=1745.928..1745.928 rows=1551727 loops=1)
                    Buckets: 131072  Batches: 32  Memory Usage: 2736kB
                    ->  Seq Scan on title t  (cost=0.00..67604.59 rows=1555018 width=4) (actual time=0.017..1229.071 rows=1551727 loops=1)
                          Filter: (production_year < 2007)
                          Rows Removed by Filter: 976585
Planning time: 1.098 ms
Execution time: 30864.429 ms
