Hash Join  (cost=420526.79..515086.92 rows=49030 width=0) (actual time=6614.623..8295.813 rows=30562 loops=1)
  Hash Cond: (mk.movie_id = t.id)
  ->  Seq Scan on movie_keyword mk  (cost=0.00..81003.12 rows=3484454 width=4) (actual time=0.023..1216.228 rows=3474326 loops=1)
        Filter: (keyword_id < 16902)
        Rows Removed by Filter: 1049604
  ->  Hash  (cost=420082.06..420082.06 rows=35579 width=8) (actual time=6613.548..6613.548 rows=27841 loops=1)
        Buckets: 65536  Batches: 1  Memory Usage: 1600kB
        ->  Hash Join  (cost=68438.72..420082.06 rows=35579 width=8) (actual time=3543.802..6601.694 rows=27841 loops=1)
              Hash Cond: (mi.movie_id = t.id)
              ->  Seq Scan on movie_info mi  (cost=0.00..346232.03 rows=1348138 width=4) (actual time=2499.371..5186.164 rows=1298989 loops=1)
                    Filter: (info_type_id = 4)
                    Rows Removed by Filter: 13536731
              ->  Hash  (cost=67604.59..67604.59 rows=66731 width=4) (actual time=1043.657..1043.657 rows=67342 loops=1)
                    Buckets: 131072  Batches: 1  Memory Usage: 3392kB
                    ->  Seq Scan on title t  (cost=0.00..67604.59 rows=66731 width=4) (actual time=0.026..1015.458 rows=67342 loops=1)
                          Filter: (production_year > 2012)
                          Rows Removed by Filter: 2460970
Planning time: 1.221 ms
Execution time: 8301.181 ms
