Seq Scan on movie_keyword mk  (cost=0.00..81003.12 rows=246 width=0) (actual time=8.609..1174.960 rows=34 loops=1)
  Filter: (keyword_id = 21191)
  Rows Removed by Filter: 4523896
Planning time: 0.263 ms
Execution time: 1175.078 ms
