Hash Join  (cost=108812.38..166326.99 rows=35700 width=0) (actual time=1945.650..2952.211 rows=96427 loops=1)
  Hash Cond: (mc.movie_id = t.id)
  ->  Seq Scan on movie_companies mc  (cost=0.00..51404.11 rows=1534263 width=4) (actual time=0.016..693.462 rows=1538027 loops=1)
        Filter: (company_id > 6635)
        Rows Removed by Filter: 1071102
  ->  Hash  (cost=108076.93..108076.93 rows=58836 width=8) (actual time=1945.226..1945.226 rows=61574 loops=1)
        Buckets: 65536  Batches: 1  Memory Usage: 2918kB
        ->  Hash Join  (cost=69374.09..108076.93 rows=58836 width=8) (actual time=1055.843..1925.016 rows=61574 loops=1)
              Hash Cond: (mi_idx.movie_id = t.id)
              ->  Seq Scan on movie_info_idx mi_idx  (cost=0.00..21735.35 rows=1380035 width=4) (actual time=0.018..391.906 rows=1380035 loops=1)
              ->  Hash  (cost=67604.59..67604.59 rows=107800 width=4) (actual time=1055.074..1055.074 rows=108429 loops=1)
                    Buckets: 131072  Batches: 2  Memory Usage: 2931kB
                    ->  Seq Scan on title t  (cost=0.00..67604.59 rows=107800 width=4) (actual time=0.022..1013.577 rows=108429 loops=1)
                          Filter: (production_year = 2006)
                          Rows Removed by Filter: 2419883
Planning time: 1.120 ms
Execution time: 2963.920 ms
