Hash Join  (cost=364987.65..1031537.53 rows=15867253 width=0) (actual time=8010.103..43217.331 rows=107352230 loops=1)
  Hash Cond: (mi.movie_id = t.id)
  ->  Seq Scan on movie_info mi  (cost=0.00..346232.03 rows=9476311 width=4) (actual time=0.011..6940.944 rows=9565151 loops=1)
        Filter: (info_type_id < 16)
        Rows Removed by Filter: 5270569
  ->  Hash  (cost=295526.18..295526.18 rows=4233797 width=8) (actual time=8007.115..8007.115 rows=4213440 loops=1)
        Buckets: 131072  Batches: 64  Memory Usage: 3705kB
        ->  Hash Join  (cost=102767.86..295526.18 rows=4233797 width=8) (actual time=1872.849..6930.546 rows=4213440 loops=1)
              Hash Cond: (mk.movie_id = t.id)
              ->  Seq Scan on movie_keyword mk  (cost=0.00..81003.12 rows=4233797 width=4) (actual time=0.009..1795.421 rows=4213440 loops=1)
                    Filter: (keyword_id > 245)
                    Rows Removed by Filter: 310490
              ->  Hash  (cost=61283.27..61283.27 rows=2528527 width=4) (actual time=1872.175..1872.175 rows=2528312 loops=1)
                    Buckets: 131072  Batches: 64  Memory Usage: 2425kB
                    ->  Seq Scan on title t  (cost=0.00..61283.27 rows=2528527 width=4) (actual time=0.037..1003.452 rows=2528312 loops=1)
Planning time: 0.757 ms
Execution time: 54525.612 ms
