Hash Join  (cost=254684.96..786727.91 rows=5831637 width=0) (actual time=7107.255..41103.750 rows=107230540 loops=1)
  Hash Cond: (mi.movie_id = t.id)
  ->  Seq Scan on movie_info mi  (cost=0.00..346232.03 rows=9476311 width=4) (actual time=0.024..6588.009 rows=9565151 loops=1)
        Filter: (info_type_id < 16)
        Rows Removed by Filter: 5270569
  ->  Hash  (cost=229155.55..229155.55 rows=1556033 width=8) (actual time=7105.436..7105.436 rows=3752349 loops=1)
        Buckets: 131072 (originally 131072)  Batches: 64 (originally 32)  Memory Usage: 3443kB
        ->  Hash Join  (cost=88195.18..229155.55 rows=1556033 width=8) (actual time=1491.239..6001.458 rows=3752349 loops=1)
              Hash Cond: (mk.movie_id = t.id)
              ->  Seq Scan on movie_keyword mk  (cost=0.00..69693.30 rows=4523930 width=4) (actual time=0.028..1407.620 rows=4523930 loops=1)
              ->  Hash  (cost=73925.90..73925.90 rows=869702 width=4) (actual time=1490.391..1490.391 rows=896788 loops=1)
                    Buckets: 131072  Batches: 16  Memory Usage: 3007kB
                    ->  Seq Scan on title t  (cost=0.00..73925.90 rows=869702 width=4) (actual time=0.031..1215.843 rows=896788 loops=1)
                          Filter: ((kind_id < 7) AND (production_year < 2012))
                          Rows Removed by Filter: 1631524
Planning time: 0.772 ms
Execution time: 52131.249 ms
