Hash Join  (cost=125637.39..990241.91 rows=1108966 width=0) (actual time=2856.348..22350.282 rows=979401 loops=1)
  Hash Cond: (ci.movie_id = t.id)
  ->  Seq Scan on cast_info ci  (cost=0.00..705507.15 rows=12726058 width=4) (actual time=355.019..14376.695 rows=12670688 loops=1)
        Filter: (role_id = 1)
        Rows Removed by Filter: 23573656
  ->  Hash  (cost=122022.15..122022.15 rows=220339 width=8) (actual time=2500.491..2500.491 rows=96867 loops=1)
        Buckets: 131072  Batches: 4  Memory Usage: 1961kB
        ->  Hash Join  (cost=80549.28..122022.15 rows=220339 width=8) (actual time=1346.924..2467.450 rows=96867 loops=1)
              Hash Cond: (mi_idx.movie_id = t.id)
              ->  Seq Scan on movie_info_idx mi_idx  (cost=0.00..21735.35 rows=1380035 width=4) (actual time=0.027..480.065 rows=1380035 loops=1)
              ->  Hash  (cost=73925.90..73925.90 rows=403710 width=4) (actual time=1333.587..1333.587 rows=434218 loops=1)
                    Buckets: 131072  Batches: 8  Memory Usage: 2935kB
                    ->  Seq Scan on title t  (cost=0.00..73925.90 rows=403710 width=4) (actual time=256.322..1194.437 rows=434218 loops=1)
                          Filter: ((production_year > 2008) AND (kind_id = 7))
                          Rows Removed by Filter: 2094094
Planning time: 1.284 ms
Execution time: 22468.077 ms
