Hash Join  (cost=76725.80..154203.04 rows=176071 width=0) (actual time=1282.551..3312.090 rows=92024 loops=1)
  Hash Cond: (mc.movie_id = t.id)
  ->  Seq Scan on movie_companies mc  (cost=0.00..44881.29 rows=2609129 width=4) (actual time=0.018..895.943 rows=2609129 loops=1)
  ->  Hash  (cost=73925.90..73925.90 rows=170632 width=4) (actual time=1281.254..1281.254 rows=170068 loops=1)
        Buckets: 131072  Batches: 4  Memory Usage: 2534kB
        ->  Seq Scan on title t  (cost=0.00..73925.90 rows=170632 width=4) (actual time=0.094..1221.177 rows=170068 loops=1)
              Filter: ((kind_id > 1) AND (production_year > 2011))
              Rows Removed by Filter: 2358244
Planning time: 0.540 ms
Execution time: 3324.120 ms
