Hash Join  (cost=77624.77..434821.90 rows=72185 width=0) (actual time=2065.690..6405.709 rows=147805 loops=1)
  Hash Cond: (mi.movie_id = t.id)
  ->  Seq Scan on movie_info mi  (cost=0.00..346232.03 rows=809669 width=4) (actual time=876.053..4805.196 rows=802140 loops=1)
        Filter: (info_type_id = 1)
        Rows Removed by Filter: 14033580
  ->  Hash  (cost=73925.90..73925.90 rows=225429 width=4) (actual time=1188.780..1188.780 rows=197206 loops=1)
        Buckets: 131072  Batches: 4  Memory Usage: 2768kB
        ->  Seq Scan on title t  (cost=0.00..73925.90 rows=225429 width=4) (actual time=0.058..1119.360 rows=197206 loops=1)
              Filter: ((kind_id < 4) AND (production_year > 2008))
              Rows Removed by Filter: 2331106
Planning time: 0.559 ms
Execution time: 6424.033 ms
