Hash Join  (cost=139597.14..978367.42 rows=631960 width=0) (actual time=14567.157..16894.069 rows=1673 loops=1)
  Hash Cond: (ci.movie_id = t.id)
  ->  Seq Scan on cast_info ci  (cost=0.00..796071.18 rows=2964134 width=4) (actual time=10640.145..12867.702 rows=2650 loops=1)
        Filter: ((person_id < 1440876) AND (role_id = 2))
        Rows Removed by Filter: 36241694
  ->  Hash  (cost=130752.54..130752.54 rows=539088 width=8) (actual time=3906.906..3906.906 rows=954317 loops=1)
        Buckets: 131072 (originally 131072)  Batches: 16 (originally 8)  Memory Usage: 3354kB
        ->  Hash Join  (cost=83810.17..130752.54 rows=539088 width=8) (actual time=1454.581..3605.907 rows=954317 loops=1)
              Hash Cond: (mi_idx.movie_id = t.id)
              ->  Seq Scan on movie_info_idx mi_idx  (cost=0.00..21735.35 rows=1380035 width=4) (actual time=0.030..409.208 rows=1380035 loops=1)
              ->  Hash  (cost=67604.59..67604.59 rows=987727 width=4) (actual time=1453.798..1453.798 rows=985048 loops=1)
                    Buckets: 131072  Batches: 16  Memory Usage: 3188kB
                    ->  Seq Scan on title t  (cost=0.00..67604.59 rows=987727 width=4) (actual time=0.024..1156.172 rows=985048 loops=1)
                          Filter: (kind_id < 7)
                          Rows Removed by Filter: 1543264
Planning time: 0.847 ms
Execution time: 16894.661 ms
