Hash Join  (cost=102431.42..165180.28 rows=17227 width=0) (actual time=1854.159..3251.729 rows=38095 loops=1)
  Hash Cond: (mc.movie_id = t.id)
  ->  Seq Scan on movie_companies mc  (cost=0.00..57926.93 rows=1239907 width=4) (actual time=0.017..1160.819 rows=1158712 loops=1)
        Filter: ((company_id < 121645) AND (company_type_id = 2))
        Rows Removed by Filter: 1450417
  ->  Hash  (cost=101992.28..101992.28 rows=35131 width=8) (actual time=1853.096..1853.096 rows=32067 loops=1)
        Buckets: 65536  Batches: 1  Memory Usage: 1765kB
        ->  Hash Join  (cost=74730.49..101992.28 rows=35131 width=8) (actual time=1158.463..1841.440 rows=32067 loops=1)
              Hash Cond: (mi_idx.movie_id = t.id)
              ->  Seq Scan on movie_info_idx mi_idx  (cost=0.00..21735.35 rows=1380035 width=4) (actual time=0.026..331.407 rows=1380035 loops=1)
              ->  Hash  (cost=73925.90..73925.90 rows=64367 width=4) (actual time=1158.062..1158.062 rows=53905 loops=1)
                    Buckets: 65536  Batches: 1  Memory Usage: 2408kB
                    ->  Seq Scan on title t  (cost=0.00..73925.90 rows=64367 width=4) (actual time=0.112..1135.915 rows=53905 loops=1)
                          Filter: ((kind_id < 7) AND (production_year = 2012))
                          Rows Removed by Filter: 2474407
Planning time: 1.187 ms
Execution time: 3256.810 ms
