Hash Join  (cost=102767.86..167902.34 rows=160023 width=0) (actual time=1972.818..3336.072 rows=162876 loops=1)
  Hash Cond: (mc.movie_id = t.id)
  ->  Seq Scan on movie_companies mc  (cost=0.00..51404.11 rows=160023 width=4) (actual time=0.040..823.692 rows=162876 loops=1)
        Filter: (company_id < 31)
        Rows Removed by Filter: 2446253
  ->  Hash  (cost=61283.27..61283.27 rows=2528527 width=4) (actual time=1971.146..1971.146 rows=2528312 loops=1)
        Buckets: 131072  Batches: 64  Memory Usage: 2415kB
        ->  Seq Scan on title t  (cost=0.00..61283.27 rows=2528527 width=4) (actual time=0.018..1117.377 rows=2528312 loops=1)
Planning time: 0.803 ms
Execution time: 3356.257 ms
