Hash Join  (cost=106561.27..238332.35 rows=1754841 width=0) (actual time=2097.276..5280.372 rows=1853749 loops=1)
  Hash Cond: (mk.movie_id = t.id)
  ->  Seq Scan on movie_keyword mk  (cost=0.00..81003.12 rows=1868708 width=4) (actual time=0.014..1518.416 rows=1876833 loops=1)
        Filter: (keyword_id > 7314)
        Rows Removed by Filter: 2647097
  ->  Hash  (cost=67604.59..67604.59 rows=2374455 width=4) (actual time=2095.748..2095.748 rows=2370958 loops=1)
        Buckets: 131072  Batches: 32  Memory Usage: 3641kB
        ->  Seq Scan on title t  (cost=0.00..67604.59 rows=2374455 width=4) (actual time=0.022..1340.243 rows=2370958 loops=1)
              Filter: (production_year > 1919)
              Rows Removed by Filter: 157354
Planning time: 0.763 ms
Execution time: 5490.375 ms
