Seq Scan on movie_keyword mk  (cost=0.00..81003.12 rows=246 width=0) (actual time=30.707..1162.192 rows=62 loops=1)
  Filter: (keyword_id = 11796)
  Rows Removed by Filter: 4523868
Planning time: 0.379 ms
Execution time: 1162.332 ms
