Seq Scan on movie_companies mc  (cost=0.00..57926.93 rows=889572 width=0) (actual time=211.237..650.208 rows=719100 loops=1)
  Filter: ((company_id > 1705) AND (company_type_id = 1))
  Rows Removed by Filter: 1890029
Planning time: 0.384 ms
Execution time: 701.928 ms
