Seq Scan on movie_companies mc  (cost=0.00..51404.11 rows=206799 width=0) (actual time=0.022..800.541 rows=207954 loops=1)
  Filter: (company_id > 111105)
  Rows Removed by Filter: 2401175
Planning time: 0.366 ms
Execution time: 827.759 ms
