Hash Join  (cost=156649.15..1193040.91 rows=4515053 width=0) (actual time=3425.847..32909.728 rows=9093536 loops=1)
  Hash Cond: (ci.movie_id = t.id)
  ->  Seq Scan on cast_info ci  (cost=0.00..705507.15 rows=24554955 width=4) (actual time=0.020..15391.255 rows=24669998 loops=1)
        Filter: (person_id > 1138648)
        Rows Removed by Filter: 11574346
  ->  Hash  (cost=149020.47..149020.47 rows=464934 width=8) (actual time=3424.975..3424.975 rows=460185 loops=1)
        Buckets: 131072  Batches: 8  Memory Usage: 3276kB
        ->  Hash Join  (cost=102767.86..149020.47 rows=464934 width=8) (actual time=1985.424..3280.731 rows=460185 loops=1)
              Hash Cond: (mi_idx.movie_id = t.id)
              ->  Seq Scan on movie_info_idx mi_idx  (cost=0.00..25185.44 rows=464934 width=4) (actual time=0.016..451.878 rows=460185 loops=1)
                    Filter: (info_type_id > 100)
                    Rows Removed by Filter: 919850
              ->  Hash  (cost=61283.27..61283.27 rows=2528527 width=4) (actual time=1984.359..1984.359 rows=2528312 loops=1)
                    Buckets: 131072  Batches: 64  Memory Usage: 2415kB
                    ->  Seq Scan on title t  (cost=0.00..61283.27 rows=2528527 width=4) (actual time=0.045..1152.388 rows=2528312 loops=1)
Planning time: 1.221 ms
Execution time: 33852.683 ms
