Seq Scan on movie_keyword mk  (cost=0.00..81003.12 rows=3708521 width=0) (actual time=0.013..1469.084 rows=3701270 loops=1)
  Filter: (keyword_id < 22322)
  Rows Removed by Filter: 822660
Planning time: 0.341 ms
Execution time: 1909.240 ms
