Seq Scan on movie_keyword mk  (cost=0.00..81003.12 rows=875275 width=0) (actual time=0.039..1317.465 rows=882349 loops=1)
  Filter: (keyword_id > 20891)
  Rows Removed by Filter: 3641581
Planning time: 0.328 ms
Execution time: 1432.010 ms
