Hash Join  (cost=190230.21..990562.73 rows=2867813 width=0) (actual time=9418.638..21003.488 rows=6693810 loops=1)
  Hash Cond: (ci.movie_id = t.id)
  ->  Seq Scan on cast_info ci  (cost=0.00..705507.15 rows=5254463 width=4) (actual time=5145.386..12150.550 rows=5324363 loops=1)
        Filter: (person_id > 3127685)
        Rows Removed by Filter: 30919981
  ->  Hash  (cost=167588.78..167588.78 rows=1380035 width=8) (actual time=4271.349..4271.349 rows=1380035 loops=1)
        Buckets: 131072  Batches: 32  Memory Usage: 2708kB
        ->  Hash Join  (cost=102767.86..167588.78 rows=1380035 width=8) (actual time=2044.835..3899.464 rows=1380035 loops=1)
              Hash Cond: (mi_idx.movie_id = t.id)
              ->  Seq Scan on movie_info_idx mi_idx  (cost=0.00..21735.35 rows=1380035 width=4) (actual time=0.027..469.302 rows=1380035 loops=1)
              ->  Hash  (cost=61283.27..61283.27 rows=2528527 width=4) (actual time=2044.131..2044.131 rows=2528312 loops=1)
                    Buckets: 131072  Batches: 64  Memory Usage: 2415kB
                    ->  Seq Scan on title t  (cost=0.00..61283.27 rows=2528527 width=4) (actual time=0.016..1228.985 rows=2528312 loops=1)
Planning time: 1.257 ms
Execution time: 21717.547 ms
