Hash Join  (cost=88872.62..230733.17 rows=1629952 width=0) (actual time=1702.364..5270.473 rows=723535 loops=1)
  Hash Cond: (mk.movie_id = t.id)
  ->  Seq Scan on movie_keyword mk  (cost=0.00..69693.30 rows=4523930 width=4) (actual time=0.019..1441.908 rows=4523930 loops=1)
  ->  Hash  (cost=73925.90..73925.90 rows=911017 width=4) (actual time=1701.210..1701.210 rows=1014366 loops=1)
        Buckets: 131072  Batches: 16  Memory Usage: 3268kB
        ->  Seq Scan on title t  (cost=0.00..73925.90 rows=911017 width=4) (actual time=0.010..1366.989 rows=1014366 loops=1)
              Filter: ((kind_id > 3) AND (production_year > 2000))
              Rows Removed by Filter: 1513946
Planning time: 0.721 ms
Execution time: 5349.898 ms
