Hash Join  (cost=74710.74..133076.96 rows=2728 width=0) (actual time=1364.964..2025.870 rows=1552 loops=1)
  Hash Cond: (mc.movie_id = t.id)
  ->  Seq Scan on movie_companies mc  (cost=0.00..57926.93 rows=109867 width=4) (actual time=213.058..821.736 rows=172624 loops=1)
        Filter: ((company_id < 82) AND (company_type_id < 2))
        Rows Removed by Filter: 2436505
  ->  Hash  (cost=73925.90..73925.90 rows=62787 width=4) (actual time=1151.435..1151.435 rows=53770 loops=1)
        Buckets: 65536  Batches: 1  Memory Usage: 2403kB
        ->  Seq Scan on title t  (cost=0.00..73925.90 rows=62787 width=4) (actual time=0.028..1130.490 rows=53770 loops=1)
              Filter: ((kind_id < 7) AND (production_year = 2011))
              Rows Removed by Filter: 2474542
Planning time: 0.780 ms
Execution time: 2026.481 ms
