Hash Join  (cost=188152.97..966436.80 rows=468376 width=0) (actual time=11532.406..19748.682 rows=779033 loops=1)
  Hash Cond: (ci.movie_id = t.id)
  ->  Seq Scan on cast_info ci  (cost=0.00..705507.15 rows=5820248 width=4) (actual time=7435.455..12972.429 rows=5732694 loops=1)
        Filter: (role_id > 8)
        Rows Removed by Filter: 30511650
  ->  Hash  (cost=184814.48..184814.48 rows=203479 width=8) (actual time=4095.785..4095.785 rows=367630 loops=1)
        Buckets: 131072 (originally 131072)  Batches: 8 (originally 4)  Memory Usage: 3073kB
        ->  Hash Join  (cost=70840.90..184814.48 rows=203479 width=8) (actual time=1255.875..3978.843 rows=367630 loops=1)
              Hash Cond: (mk.movie_id = t.id)
              ->  Seq Scan on movie_keyword mk  (cost=0.00..81003.12 rows=2608712 width=4) (actual time=0.029..1647.635 rows=2592011 loops=1)
                    Filter: (keyword_id > 3317)
                    Rows Removed by Filter: 1931919
              ->  Hash  (cost=67604.59..67604.59 rows=197225 width=4) (actual time=1253.897..1253.897 rows=194989 loops=1)
                    Buckets: 131072  Batches: 4  Memory Usage: 2744kB
                    ->  Seq Scan on title t  (cost=0.00..67604.59 rows=197225 width=4) (actual time=0.085..1185.339 rows=194989 loops=1)
                          Filter: (production_year < 1955)
                          Rows Removed by Filter: 2333323
Planning time: 1.195 ms
Execution time: 19850.651 ms
