Hash Join  (cost=917292.76..956969.68 rows=115644 width=0) (actual time=16241.929..17186.517 rows=137502 loops=1)
  Hash Cond: (mi_idx.movie_id = t.id)
  ->  Seq Scan on movie_info_idx mi_idx  (cost=0.00..21735.35 rows=1380035 width=4) (actual time=0.017..444.433 rows=1380035 loops=1)
  ->  Hash  (cost=913816.18..913816.18 rows=211886 width=8) (actual time=16241.229..16241.229 rows=78101 loops=1)
        Buckets: 131072  Batches: 4  Memory Usage: 1784kB
        ->  Hash Join  (cost=102767.86..913816.18 rows=211886 width=8) (actual time=11416.478..16218.822 rows=78101 loops=1)
              Hash Cond: (ci.movie_id = t.id)
              ->  Seq Scan on cast_info ci  (cost=0.00..796071.18 rows=211886 width=4) (actual time=9367.356..13170.583 rows=78101 loops=1)
                    Filter: ((person_id < 2214912) AND (role_id > 10))
                    Rows Removed by Filter: 36166243
              ->  Hash  (cost=61283.27..61283.27 rows=2528527 width=4) (actual time=2047.586..2047.586 rows=2528312 loops=1)
                    Buckets: 131072  Batches: 64  Memory Usage: 2415kB
                    ->  Seq Scan on title t  (cost=0.00..61283.27 rows=2528527 width=4) (actual time=0.021..1198.419 rows=2528312 loops=1)
Planning time: 0.786 ms
Execution time: 17201.330 ms
