Hash Join  (cost=100888.25..851753.34 rows=7588 width=0) (actual time=1561.031..18159.177 rows=42580 loops=1)
  Hash Cond: (ci.movie_id = t.id)
  ->  Seq Scan on cast_info ci  (cost=0.00..614943.12 rows=36225612 width=4) (actual time=0.023..9115.075 rows=36244344 loops=1)
  ->  Hash  (cost=100881.62..100881.62 rows=530 width=8) (actual time=1560.964..1560.964 rows=1840 loops=1)
        Buckets: 2048 (originally 1024)  Batches: 1 (originally 1)  Memory Usage: 88kB
        ->  Hash Join  (cost=73962.22..100881.62 rows=530 width=8) (actual time=1002.883..1559.918 rows=1840 loops=1)
              Hash Cond: (mi_idx.movie_id = t.id)
              ->  Seq Scan on movie_info_idx mi_idx  (cost=0.00..25185.44 rows=460978 width=4) (actual time=0.029..470.916 rows=459925 loops=1)
                    Filter: (info_type_id < 100)
                    Rows Removed by Filter: 920110
              ->  Hash  (cost=73925.90..73925.90 rows=2905 width=4) (actual time=1001.089..1001.089 rows=5239 loops=1)
                    Buckets: 8192 (originally 4096)  Batches: 1 (originally 1)  Memory Usage: 249kB
                    ->  Seq Scan on title t  (cost=0.00..73925.90 rows=2905 width=4) (actual time=2.016..998.483 rows=5239 loops=1)
                          Filter: ((kind_id < 7) AND (production_year = 1965))
                          Rows Removed by Filter: 2523073
Planning time: 1.236 ms
Execution time: 18169.121 ms
