Hash Join  (cost=52284.99..849880.59 rows=1010 width=0) (actual time=798.912..17983.460 rows=1273 loops=1)
  Hash Cond: (ci.movie_id = t.id)
  ->  Seq Scan on cast_info ci  (cost=0.00..705507.15 rows=24554227 width=4) (actual time=0.013..13206.308 rows=24525285 loops=1)
        Filter: (person_id < 2520635)
        Rows Removed by Filter: 11719059
  ->  Hash  (cost=52283.69..52283.69 rows=104 width=8) (actual time=793.125..793.125 rows=11 loops=1)
        Buckets: 1024  Batches: 1  Memory Usage: 9kB
        ->  Nested Loop  (cost=0.43..52283.69 rows=104 width=8) (actual time=317.242..793.105 rows=11 loops=1)
              ->  Seq Scan on movie_companies mc  (cost=0.00..51404.11 rows=104 width=4) (actual time=317.135..792.588 rows=11 loops=1)
                    Filter: (company_id = 18710)
                    Rows Removed by Filter: 2609118
              ->  Index Only Scan using title_pkey on title t  (cost=0.43..8.45 rows=1 width=4) (actual time=0.039..0.040 rows=1 loops=11)
                    Index Cond: (id = mc.movie_id)
                    Heap Fetches: 11
Planning time: 1.205 ms
Execution time: 17984.505 ms
