Hash Join  (cost=83074.31..109985.67 rows=89 width=0) (actual time=1371.152..1970.391 rows=1030 loops=1)
  Hash Cond: (mi_idx.movie_id = t.id)
  ->  Seq Scan on movie_info_idx mi_idx  (cost=0.00..21735.35 rows=1380035 width=4) (actual time=0.014..355.335 rows=1380035 loops=1)
  ->  Hash  (cost=83072.29..83072.29 rows=162 width=8) (actual time=1364.244..1364.244 rows=546 loops=1)
        Buckets: 1024  Batches: 1  Memory Usage: 30kB
        ->  Nested Loop  (cost=0.43..83072.29 rows=162 width=8) (actual time=4.159..1363.759 rows=546 loops=1)
              ->  Seq Scan on movie_keyword mk  (cost=0.00..81003.12 rows=246 width=4) (actual time=4.123..1343.274 rows=687 loops=1)
                    Filter: (keyword_id = 482)
                    Rows Removed by Filter: 4523243
              ->  Index Scan using title_pkey on title t  (cost=0.43..8.40 rows=1 width=4) (actual time=0.028..0.028 rows=1 loops=687)
                    Index Cond: (id = mk.movie_id)
                    Filter: (production_year < 2008)
                    Rows Removed by Filter: 0
Planning time: 1.254 ms
Execution time: 1970.717 ms
