Seq Scan on movie_keyword mk  (cost=0.00..81003.12 rows=1409840 width=0) (actual time=0.121..1443.010 rows=1422139 loops=1)
  Filter: (keyword_id > 11720)
  Rows Removed by Filter: 3101791
Planning time: 2.506 ms
Execution time: 1621.176 ms
