Seq Scan on cast_info ci  (cost=0.00..705507.15 rows=12407118 width=0) (actual time=4137.604..12479.850 rows=12506959 loops=1)
  Filter: (person_id > 2432439)
  Rows Removed by Filter: 23737385
Planning time: 0.324 ms
Execution time: 14032.113 ms
