Hash Join  (cost=190230.21..321798.96 rows=1448573 width=0) (actual time=4316.599..9056.363 rows=6160504 loops=1)
  Hash Cond: (mk.movie_id = t.id)
  ->  Seq Scan on movie_keyword mk  (cost=0.00..81003.12 rows=2654104 width=4) (actual time=0.021..1707.456 rows=2645098 loops=1)
        Filter: (keyword_id > 3202)
        Rows Removed by Filter: 1878832
  ->  Hash  (cost=167588.78..167588.78 rows=1380035 width=8) (actual time=4314.678..4314.678 rows=1380035 loops=1)
        Buckets: 131072  Batches: 32  Memory Usage: 2726kB
        ->  Hash Join  (cost=102767.86..167588.78 rows=1380035 width=8) (actual time=1919.748..3899.523 rows=1380035 loops=1)
              Hash Cond: (mi_idx.movie_id = t.id)
              ->  Seq Scan on movie_info_idx mi_idx  (cost=0.00..21735.35 rows=1380035 width=4) (actual time=0.021..459.936 rows=1380035 loops=1)
              ->  Hash  (cost=61283.27..61283.27 rows=2528527 width=4) (actual time=1918.639..1918.639 rows=2528312 loops=1)
                    Buckets: 131072  Batches: 64  Memory Usage: 2415kB
                    ->  Seq Scan on title t  (cost=0.00..61283.27 rows=2528527 width=4) (actual time=0.024..1072.583 rows=2528312 loops=1)
Planning time: 8.161 ms
Execution time: 9749.618 ms
