Hash Join  (cost=111020.24..1177805.82 rows=1077101 width=0) (actual time=2039.189..29313.317 rows=1461985 loops=1)
  Hash Cond: (ci.movie_id = t.id)
  ->  Seq Scan on cast_info ci  (cost=0.00..705507.15 rows=30283594 width=4) (actual time=0.018..15590.481 rows=30251879 loops=1)
        Filter: (person_id < 3047433)
        Rows Removed by Filter: 5992465
  ->  Hash  (cost=109544.09..109544.09 rows=89932 width=8) (actual time=2038.075..2038.075 rows=54660 loops=1)
        Buckets: 131072  Batches: 2  Memory Usage: 2091kB
        ->  Hash Join  (cost=70308.29..109544.09 rows=89932 width=8) (actual time=989.604..2019.983 rows=54660 loops=1)
              Hash Cond: (mi_idx.movie_id = t.id)
              ->  Seq Scan on movie_info_idx mi_idx  (cost=0.00..21735.35 rows=1380035 width=4) (actual time=0.021..459.581 rows=1380035 loops=1)
              ->  Hash  (cost=67604.59..67604.59 rows=164776 width=4) (actual time=988.730..988.730 rows=164307 loops=1)
                    Buckets: 131072  Batches: 4  Memory Usage: 2482kB
                    ->  Seq Scan on title t  (cost=0.00..67604.59 rows=164776 width=4) (actual time=0.027..932.198 rows=164307 loops=1)
                          Filter: (production_year = 2012)
                          Rows Removed by Filter: 2364005
Planning time: 1.128 ms
Execution time: 29490.157 ms
