Hash Join  (cost=67764.72..880023.08 rows=21579 width=0) (actual time=984.548..14592.314 rows=8027 loops=1)
  Hash Cond: (ci.movie_id = t.id)
  ->  Seq Scan on cast_info ci  (cost=0.00..796071.18 rows=4259036 width=4) (actual time=0.021..12999.194 rows=2627377 loops=1)
        Filter: ((person_id < 920119) AND (role_id > 2))
        Rows Removed by Filter: 33616967
  ->  Hash  (cost=67604.59..67604.59 rows=12811 width=4) (actual time=984.198..984.198 rows=12600 loops=1)
        Buckets: 16384  Batches: 1  Memory Usage: 571kB
        ->  Seq Scan on title t  (cost=0.00..67604.59 rows=12811 width=4) (actual time=410.477..978.823 rows=12600 loops=1)
              Filter: (kind_id = 6)
              Rows Removed by Filter: 2515712
Planning time: 0.802 ms
Execution time: 14594.031 ms
