Seq Scan on cast_info ci  (cost=0.00..796071.18 rows=47882 width=0) (actual time=6340.911..10615.722 rows=35949 loops=1)
  Filter: ((person_id < 226864) AND (role_id = 6))
  Rows Removed by Filter: 36208395
Planning time: 0.394 ms
Execution time: 10618.143 ms
