Seq Scan on movie_companies mc  (cost=0.00..51404.11 rows=104 width=0) (actual time=95.053..909.821 rows=7 loops=1)
  Filter: (company_id = 51557)
  Rows Removed by Filter: 2609122
Planning time: 0.381 ms
Execution time: 909.900 ms
