Hash Join  (cost=102767.86..222302.59 rows=2420838 width=0) (actual time=1877.839..5269.978 rows=2420214 loops=1)
  Hash Cond: (mc.movie_id = t.id)
  ->  Seq Scan on movie_companies mc  (cost=0.00..51404.11 rows=2420838 width=4) (actual time=0.022..1165.242 rows=2420214 loops=1)
        Filter: (company_id < 117042)
        Rows Removed by Filter: 188915
  ->  Hash  (cost=61283.27..61283.27 rows=2528527 width=4) (actual time=1876.417..1876.417 rows=2528312 loops=1)
        Buckets: 131072  Batches: 64  Memory Usage: 2415kB
        ->  Seq Scan on title t  (cost=0.00..61283.27 rows=2528527 width=4) (actual time=0.023..1057.794 rows=2528312 loops=1)
Planning time: 1.682 ms
Execution time: 5532.309 ms
