Hash Join  (cost=115569.26..239336.23 rows=144793 width=0) (actual time=2331.963..5910.817 rows=2128217 loops=1)
  Hash Cond: (mk.movie_id = t.id)
  ->  Seq Scan on movie_keyword mk  (cost=0.00..69693.30 rows=4523930 width=4) (actual time=0.022..1411.579 rows=4523930 loops=1)
  ->  Hash  (cost=114240.66..114240.66 rows=80928 width=8) (actual time=2331.058..2331.058 rows=166685 loops=1)
        Buckets: 131072 (originally 131072)  Batches: 4 (originally 2)  Memory Usage: 3073kB
        ->  Hash Join  (cost=81152.82..114240.66 rows=80928 width=8) (actual time=1381.288..2264.606 rows=166685 loops=1)
              Hash Cond: (mi_idx.movie_id = t.id)
              ->  Seq Scan on movie_info_idx mi_idx  (cost=0.00..25185.44 rows=464566 width=4) (actual time=0.022..501.684 rows=459925 loops=1)
                    Filter: (info_type_id = 101)
                    Rows Removed by Filter: 920110
              ->  Hash  (cost=73925.90..73925.90 rows=440473 width=4) (actual time=1380.432..1380.432 rows=473918 loops=1)
                    Buckets: 131072  Batches: 8  Memory Usage: 3117kB
                    ->  Seq Scan on title t  (cost=0.00..73925.90 rows=440473 width=4) (actual time=27.146..1235.358 rows=473918 loops=1)
                          Filter: ((production_year < 2008) AND (kind_id = 1))
                          Rows Removed by Filter: 2054394
Planning time: 1.149 ms
Execution time: 6152.258 ms
