Hash Join  (cost=75227.65..559968.41 rows=462483 width=0) (actual time=1287.123..12467.905 rows=317915 loops=1)
  Hash Cond: (mi.movie_id = t.id)
  ->  Seq Scan on movie_info mi  (cost=0.00..309384.22 rows=14739122 width=4) (actual time=0.015..5995.920 rows=14835720 loops=1)
  ->  Hash  (cost=73925.90..73925.90 rows=79340 width=4) (actual time=1282.814..1282.814 rows=92312 loops=1)
        Buckets: 131072  Batches: 2  Memory Usage: 2654kB
        ->  Seq Scan on title t  (cost=0.00..73925.90 rows=79340 width=4) (actual time=0.020..1244.948 rows=92312 loops=1)
              Filter: ((kind_id > 1) AND (production_year = 2006))
              Rows Removed by Filter: 2436000
Planning time: 0.802 ms
Execution time: 12509.391 ms
