Hash Join  (cost=73960.09..160667.06 rows=4893 width=0) (actual time=1078.345..2751.280 rows=11155 loops=1)
  Hash Cond: (mk.movie_id = t.id)
  ->  Seq Scan on movie_keyword mk  (cost=0.00..69693.30 rows=4523930 width=4) (actual time=0.014..883.771 rows=4523930 loops=1)
  ->  Hash  (cost=73925.90..73925.90 rows=2735 width=4) (actual time=1078.092..1078.092 rows=3368 loops=1)
        Buckets: 4096  Batches: 1  Memory Usage: 151kB
        ->  Seq Scan on title t  (cost=0.00..73925.90 rows=2735 width=4) (actual time=0.018..1076.451 rows=3368 loops=1)
              Filter: ((kind_id = 3) AND (production_year = 2003))
              Rows Removed by Filter: 2524944
Planning time: 0.785 ms
Execution time: 2752.997 ms
