Seq Scan on cast_info ci  (cost=0.00..796071.18 rows=17164029 width=0) (actual time=4443.537..16987.101 rows=20122661 loops=1)
  Filter: ((person_id < 3139362) AND (role_id < 3))
  Rows Removed by Filter: 16121683
Planning time: 0.368 ms
Execution time: 19438.353 ms
