Hash Join  (cost=83074.14..431616.76 rows=24 width=0) (actual time=6178.679..6893.441 rows=42 loops=1)
  Hash Cond: (mi.movie_id = t.id)
  ->  Seq Scan on movie_info mi  (cost=0.00..346232.03 rows=616095 width=4) (actual time=4872.583..5563.870 rows=598457 loops=1)
        Filter: (info_type_id = 15)
        Rows Removed by Filter: 14237263
  ->  Hash  (cost=83072.90..83072.90 rows=99 width=8) (actual time=1248.367..1248.367 rows=36 loops=1)
        Buckets: 1024  Batches: 1  Memory Usage: 10kB
        ->  Nested Loop  (cost=0.43..83072.90 rows=99 width=8) (actual time=11.077..1248.303 rows=36 loops=1)
              ->  Seq Scan on movie_keyword mk  (cost=0.00..81003.12 rows=246 width=4) (actual time=2.793..1238.081 rows=263 loops=1)
                    Filter: (keyword_id = 4735)
                    Rows Removed by Filter: 4523667
              ->  Index Scan using title_pkey on title t  (cost=0.43..8.40 rows=1 width=4) (actual time=0.036..0.036 rows=0 loops=263)
                    Index Cond: (id = mk.movie_id)
                    Filter: ((kind_id > 1) AND (production_year > 2000))
                    Rows Removed by Filter: 1
Planning time: 1.218 ms
Execution time: 6893.597 ms
