Hash Join  (cost=913328.10..1346691.37 rows=1301858 width=0) (actual time=16012.607..30047.868 rows=16867438 loops=1)
  Hash Cond: (mi.movie_id = t.id)
  ->  Seq Scan on movie_info mi  (cost=0.00..346232.03 rows=6231111 width=4) (actual time=0.011..6264.616 rows=6223494 loops=1)
        Filter: (info_type_id > 8)
        Rows Removed by Filter: 8612226
  ->  Hash  (cost=904660.58..904660.58 rows=528282 width=8) (actual time=16011.568..16011.568 rows=1132068 loops=1)
        Buckets: 131072 (originally 131072)  Batches: 16 (originally 8)  Memory Usage: 3799kB
        ->  Hash Join  (cost=83810.17..904660.58 rows=528282 width=8) (actual time=10136.374..15629.941 rows=1132068 loops=1)
              Hash Cond: (ci.movie_id = t.id)
              ->  Seq Scan on cast_info ci  (cost=0.00..796071.18 rows=1352374 width=4) (actual time=8692.481..12301.499 rows=2686408 loops=1)
                    Filter: ((person_id < 357305) AND (role_id = 1))
                    Rows Removed by Filter: 33557936
              ->  Hash  (cost=67604.59..67604.59 rows=987727 width=4) (actual time=1443.036..1443.036 rows=985048 loops=1)
                    Buckets: 131072  Batches: 16  Memory Usage: 3188kB
                    ->  Seq Scan on title t  (cost=0.00..67604.59 rows=987727 width=4) (actual time=0.017..1131.166 rows=985048 loops=1)
                          Filter: (kind_id < 7)
                          Rows Removed by Filter: 1543264
Planning time: 1.902 ms
Execution time: 31946.358 ms
