Seq Scan on movie_keyword mk  (cost=0.00..81003.12 rows=239408 width=0) (actual time=0.017..1327.962 rows=254185 loops=1)
  Filter: (keyword_id < 223)
  Rows Removed by Filter: 4269745
Planning time: 3.425 ms
Execution time: 1362.207 ms
