Hash Join  (cost=76379.89..884270.37 rows=150430 width=0) (actual time=9916.998..13636.939 rows=271432 loops=1)
  Hash Cond: (ci.movie_id = t.id)
  ->  Seq Scan on cast_info ci  (cost=0.00..796071.18 rows=711200 width=4) (actual time=8574.620..11474.336 rows=1411767 loops=1)
        Filter: ((person_id < 192983) AND (role_id = 1))
        Rows Removed by Filter: 34832577
  ->  Hash  (cost=67604.59..67604.59 rows=534824 width=4) (actual time=1341.485..1341.485 rows=533369 loops=1)
        Buckets: 131072  Batches: 8  Memory Usage: 3369kB
        ->  Seq Scan on title t  (cost=0.00..67604.59 rows=534824 width=4) (actual time=0.026..1172.600 rows=533369 loops=1)
              Filter: (production_year > 2009)
              Rows Removed by Filter: 1994943
Planning time: 0.959 ms
Execution time: 13666.860 ms
