Hash Join  (cost=171645.95..312061.55 rows=1429530 width=0) (actual time=4262.091..8147.477 rows=2277660 loops=1)
  Hash Cond: (mk.movie_id = t.id)
  ->  Seq Scan on movie_keyword mk  (cost=0.00..81003.12 rows=3558713 width=4) (actual time=0.022..1779.672 rows=3550961 loops=1)
        Filter: (keyword_id < 19357)
        Rows Removed by Filter: 972969
  ->  Hash  (cost=154981.62..154981.62 rows=1015706 width=8) (actual time=4261.101..4261.101 rows=750135 loops=1)
        Buckets: 131072  Batches: 16  Memory Usage: 2873kB
        ->  Hash Join  (cost=98137.04..154981.62 rows=1015706 width=8) (actual time=1857.215..4048.315 rows=750135 loops=1)
              Hash Cond: (mi_idx.movie_id = t.id)
              ->  Seq Scan on movie_info_idx mi_idx  (cost=0.00..21735.35 rows=1380035 width=4) (actual time=0.015..483.224 rows=1380035 loops=1)
              ->  Hash  (cost=67604.59..67604.59 rows=1860996 width=4) (actual time=1855.633..1855.633 rows=1865487 loops=1)
                    Buckets: 131072  Batches: 32  Memory Usage: 3079kB
                    ->  Seq Scan on title t  (cost=0.00..67604.59 rows=1860996 width=4) (actual time=0.024..1259.003 rows=1865487 loops=1)
                          Filter: (kind_id > 1)
                          Rows Removed by Filter: 662825
Planning time: 1.168 ms
Execution time: 8404.152 ms
