Hash Join  (cost=835896.52..1471208.87 rows=1583180 width=0) (actual time=22492.314..33440.089 rows=1332771 loops=1)
  Hash Cond: (mi.movie_id = t.id)
  ->  Seq Scan on movie_info mi  (cost=0.00..346232.03 rows=9767026 width=4) (actual time=463.525..6628.450 rows=9911754 loops=1)
        Filter: (info_type_id > 4)
        Rows Removed by Filter: 4923966
  ->  Hash  (cost=829171.27..829171.27 rows=409860 width=8) (actual time=22024.853..22024.853 rows=405089 loops=1)
        Buckets: 131072  Batches: 8  Memory Usage: 3027kB
        ->  Hash Join  (cost=74283.51..829171.27 rows=409860 width=8) (actual time=1119.320..21323.664 rows=405089 loops=1)
              Hash Cond: (ci.movie_id = t.id)
              ->  Seq Scan on cast_info ci  (cost=0.00..614943.12 rows=36225612 width=4) (actual time=0.020..9043.477 rows=36244344 loops=1)
              ->  Hash  (cost=73925.90..73925.90 rows=28608 width=4) (actual time=1118.655..1118.655 rows=32134 loops=1)
                    Buckets: 32768  Batches: 1  Memory Usage: 1386kB
                    ->  Seq Scan on title t  (cost=0.00..73925.90 rows=28608 width=4) (actual time=0.037..1105.324 rows=32134 loops=1)
                          Filter: ((kind_id = 7) AND (production_year = 1998))
                          Rows Removed by Filter: 2496178
Planning time: 0.857 ms
Execution time: 33603.362 ms
