Hash Join  (cost=88463.62..623380.99 rows=5164945 width=0) (actual time=1419.457..17651.480 rows=8736215 loops=1)
  Hash Cond: (mi.movie_id = t.id)
  ->  Seq Scan on movie_info mi  (cost=0.00..309384.22 rows=14739122 width=4) (actual time=0.010..5607.971 rows=14835720 loops=1)
  ->  Hash  (cost=73925.90..73925.90 rows=886057 width=4) (actual time=1418.416..1418.416 rows=800705 loops=1)
        Buckets: 131072  Batches: 16  Memory Usage: 2794kB
        ->  Seq Scan on title t  (cost=0.00..73925.90 rows=886057 width=4) (actual time=0.014..1165.802 rows=800705 loops=1)
              Filter: ((kind_id < 7) AND (production_year > 1954))
              Rows Removed by Filter: 1727607
Planning time: 0.728 ms
Execution time: 18705.936 ms
