Hash Join  (cost=102767.86..1141893.86 rows=9690389 width=0) (actual time=2227.871..23266.205 rows=6520148 loops=1)
  Hash Cond: (ci.movie_id = t.id)
  ->  Seq Scan on cast_info ci  (cost=0.00..796071.18 rows=9690389 width=4) (actual time=0.026..15489.821 rows=6520148 loops=1)
        Filter: ((person_id > 837215) AND (role_id < 2))
        Rows Removed by Filter: 29724196
  ->  Hash  (cost=61283.27..61283.27 rows=2528527 width=4) (actual time=2226.269..2226.269 rows=2528312 loops=1)
        Buckets: 131072  Batches: 64  Memory Usage: 2415kB
        ->  Seq Scan on title t  (cost=0.00..61283.27 rows=2528527 width=4) (actual time=0.019..1116.067 rows=2528312 loops=1)
Planning time: 0.712 ms
Execution time: 24027.934 ms
