Nested Loop  (cost=0.43..83072.90 rows=6 width=0) (actual time=241.566..1177.762 rows=1 loops=1)
  ->  Seq Scan on movie_keyword mk  (cost=0.00..81003.12 rows=246 width=4) (actual time=8.873..1173.524 rows=56 loops=1)
        Filter: (keyword_id = 17866)
        Rows Removed by Filter: 4523874
  ->  Index Scan using title_pkey on title t  (cost=0.43..8.40 rows=1 width=4) (actual time=0.072..0.072 rows=0 loops=56)
        Index Cond: (id = mk.movie_id)
        Filter: ((kind_id < 7) AND (production_year = 2011))
        Rows Removed by Filter: 1
Planning time: 0.905 ms
Execution time: 1177.863 ms
