Hash Join  (cost=140613.61..639335.28 rows=1772772 width=0) (actual time=2704.509..15801.467 rows=1568553 loops=1)
  Hash Cond: (mi.movie_id = t.id)
  ->  Seq Scan on movie_info mi  (cost=0.00..309384.22 rows=14739122 width=4) (actual time=0.015..6049.690 rows=14835720 loops=1)
  ->  Hash  (cost=135624.07..135624.07 rows=304123 width=8) (actual time=2703.591..2703.591 rows=175310 loops=1)
        Buckets: 131072  Batches: 4  Memory Usage: 2737kB
        ->  Hash Join  (cost=94973.51..135624.07 rows=304123 width=8) (actual time=1721.909..2655.762 rows=175310 loops=1)
              Hash Cond: (mi_idx.movie_id = t.id)
              ->  Seq Scan on movie_info_idx mi_idx  (cost=0.00..25185.44 rows=460978 width=4) (actual time=0.025..453.274 rows=459925 loops=1)
                    Filter: (info_type_id < 100)
                    Rows Removed by Filter: 920110
              ->  Hash  (cost=67604.59..67604.59 rows=1668154 width=4) (actual time=1720.175..1720.175 rows=1674098 loops=1)
                    Buckets: 131072  Batches: 32  Memory Usage: 2869kB
                    ->  Seq Scan on title t  (cost=0.00..67604.59 rows=1668154 width=4) (actual time=0.017..1195.285 rows=1674098 loops=1)
                          Filter: (kind_id > 3)
                          Rows Removed by Filter: 854214
Planning time: 2.377 ms
Execution time: 15982.502 ms
