Hash Join  (cost=167010.96..562120.54 rows=547972 width=0) (actual time=4389.944..12330.922 rows=2829597 loops=1)
  Hash Cond: (mi.movie_id = t.id)
  ->  Seq Scan on movie_info mi  (cost=0.00..346232.03 rows=3623957 width=4) (actual time=370.936..5750.271 rows=3624977 loops=1)
        Filter: (info_type_id < 4)
        Rows Removed by Filter: 11210743
  ->  Hash  (cost=160737.78..160737.78 rows=382334 width=8) (actual time=4018.109..4018.109 rows=838940 loops=1)
        Buckets: 131072 (originally 131072)  Batches: 16 (originally 8)  Memory Usage: 3093kB
        ->  Hash Join  (cost=83810.17..160737.78 rows=382334 width=8) (actual time=1832.520..3797.822 rows=838940 loops=1)
              Hash Cond: (mc.movie_id = t.id)
              ->  Seq Scan on movie_companies mc  (cost=0.00..57926.93 rows=978755 width=4) (actual time=439.294..1216.487 rows=1140815 loops=1)
                    Filter: ((company_id > 1159) AND (company_type_id = 2))
                    Rows Removed by Filter: 1468314
              ->  Hash  (cost=67604.59..67604.59 rows=987727 width=4) (actual time=1392.346..1392.346 rows=985048 loops=1)
                    Buckets: 131072  Batches: 16  Memory Usage: 3188kB
                    ->  Seq Scan on title t  (cost=0.00..67604.59 rows=987727 width=4) (actual time=0.022..1074.067 rows=985048 loops=1)
                          Filter: (kind_id < 7)
                          Rows Removed by Filter: 1543264
Planning time: 0.807 ms
Execution time: 12629.966 ms
