Seq Scan on movie_keyword mk  (cost=0.00..81003.12 rows=2897373 width=0) (actual time=0.027..1487.366 rows=2886161 loops=1)
  Filter: (keyword_id < 9051)
  Rows Removed by Filter: 1637769
Planning time: 0.314 ms
Execution time: 1838.759 ms
