Seq Scan on title t  (cost=0.00..73925.90 rows=1225039 width=0) (actual time=0.006..1336.043 rows=1308896 loops=1)
  Filter: ((production_year > 1975) AND (kind_id = 7))
  Rows Removed by Filter: 1219416
Planning time: 1.640 ms
Execution time: 1507.336 ms
