Seq Scan on cast_info ci  (cost=0.00..796071.18 rows=5294848 width=0) (actual time=0.024..13384.448 rows=8315682 loops=1)
  Filter: ((person_id > 2053261) AND (role_id > 3))
  Rows Removed by Filter: 27928662
Planning time: 0.353 ms
Execution time: 14413.376 ms
