Hash Join  (cost=122535.74..215103.84 rows=9285 width=0) (actual time=2168.722..4135.785 rows=89873 loops=1)
  Hash Cond: (mk.movie_id = t.id)
  ->  Seq Scan on movie_keyword mk  (cost=0.00..81003.12 rows=3059235 width=4) (actual time=0.015..1464.381 rows=3047282 loops=1)
        Filter: (keyword_id < 11136)
        Rows Removed by Filter: 1476648
  ->  Hash  (cost=122439.81..122439.81 rows=7674 width=8) (actual time=2167.775..2167.775 rows=18169 loops=1)
        Buckets: 32768 (originally 8192)  Batches: 1 (originally 1)  Memory Usage: 966kB
        ->  Hash Join  (cost=67697.55..122439.81 rows=7674 width=8) (actual time=1044.814..2159.572 rows=18169 loops=1)
              Hash Cond: (mc.movie_id = t.id)
              ->  Seq Scan on movie_companies mc  (cost=0.00..44881.29 rows=2609129 width=4) (actual time=0.019..533.153 rows=2609129 loops=1)
              ->  Hash  (cost=67604.59..67604.59 rows=7437 width=4) (actual time=1044.707..1044.707 rows=13063 loops=1)
                    Buckets: 16384 (originally 8192)  Batches: 1 (originally 1)  Memory Usage: 588kB
                    ->  Seq Scan on title t  (cost=0.00..67604.59 rows=7437 width=4) (actual time=0.064..1038.365 rows=13063 loops=1)
                          Filter: (production_year = 1965)
                          Rows Removed by Filter: 2515249
Planning time: 1.130 ms
Execution time: 4147.637 ms
