Hash Join  (cost=91123.00..660087.99 rows=8355906 width=0) (actual time=1789.982..18107.763 rows=7289318 loops=1)
  Hash Cond: (mi.movie_id = t.id)
  ->  Seq Scan on movie_info mi  (cost=0.00..309384.22 rows=14739122 width=4) (actual time=0.014..6080.786 rows=14835720 loops=1)
  ->  Hash  (cost=67604.59..67604.59 rows=1433473 width=4) (actual time=1788.162..1788.162 rows=1434466 loops=1)
        Buckets: 131072  Batches: 32  Memory Usage: 2607kB
        ->  Seq Scan on title t  (cost=0.00..67604.59 rows=1433473 width=4) (actual time=0.020..1314.390 rows=1434466 loops=1)
              Filter: (production_year > 1999)
              Rows Removed by Filter: 1093846
Planning time: 0.795 ms
Execution time: 19007.989 ms
