Hash Join  (cost=74811.87..835755.41 rows=1015438 width=0) (actual time=11816.745..18811.304 rows=3 loops=1)
  Hash Cond: (ci.movie_id = t.id)
  ->  Seq Scan on cast_info ci  (cost=0.00..614943.12 rows=36225612 width=4) (actual time=0.016..8847.287 rows=36244344 loops=1)
  ->  Hash  (cost=73925.90..73925.90 rows=70877 width=4) (actual time=912.109..912.109 rows=3 loops=1)
        Buckets: 131072  Batches: 1  Memory Usage: 1025kB
        ->  Seq Scan on title t  (cost=0.00..73925.90 rows=70877 width=4) (actual time=653.255..912.095 rows=3 loops=1)
              Filter: ((production_year < 1932) AND (kind_id = 7))
              Rows Removed by Filter: 2528309
Planning time: 0.744 ms
Execution time: 18811.516 ms
