Hash Join  (cost=217947.33..734503.40 rows=2563222 width=0) (actual time=5075.662..17184.029 rows=1095923 loops=1)
  Hash Cond: (mi.movie_id = t.id)
  ->  Seq Scan on movie_info mi  (cost=0.00..346232.03 rows=11115165 width=4) (actual time=0.011..7091.752 rows=11210743 loops=1)
        Filter: (info_type_id > 3)
        Rows Removed by Filter: 3624977
  ->  Hash  (cost=208380.67..208380.67 rows=583093 width=8) (actual time=5074.802..5074.802 rows=133181 loops=1)
        Buckets: 131072  Batches: 8  Memory Usage: 1709kB
        ->  Hash Join  (cost=79273.71..208380.67 rows=583093 width=8) (actual time=3594.219..5036.145 rows=133181 loops=1)
              Hash Cond: (mk.movie_id = t.id)
              ->  Seq Scan on movie_keyword mk  (cost=0.00..69693.30 rows=4523930 width=4) (actual time=0.018..1490.237 rows=4523930 loops=1)
              ->  Hash  (cost=73925.90..73925.90 rows=325904 width=4) (actual time=1695.232..1695.232 rows=349534 loops=1)
                    Buckets: 131072  Batches: 8  Memory Usage: 2572kB
                    ->  Seq Scan on title t  (cost=0.00..73925.90 rows=325904 width=4) (actual time=0.025..1274.863 rows=349534 loops=1)
                          Filter: ((production_year > 2009) AND (kind_id = 7))
                          Rows Removed by Filter: 2178778
Planning time: 4.796 ms
Execution time: 17306.045 ms
