Hash Join  (cost=190230.21..1082969.69 rows=2926905 width=0) (actual time=4213.513..27597.548 rows=12393224 loops=1)
  Hash Cond: (ci.movie_id = t.id)
  ->  Seq Scan on cast_info ci  (cost=0.00..796071.18 rows=5362732 width=4) (actual time=0.023..14801.997 rows=10905002 loops=1)
        Filter: ((person_id < 1493598) AND (role_id < 2))
        Rows Removed by Filter: 25339342
  ->  Hash  (cost=167588.78..167588.78 rows=1380035 width=8) (actual time=4211.980..4211.980 rows=1380035 loops=1)
        Buckets: 131072  Batches: 32  Memory Usage: 2708kB
        ->  Hash Join  (cost=102767.86..167588.78 rows=1380035 width=8) (actual time=2088.707..3871.442 rows=1380035 loops=1)
              Hash Cond: (mi_idx.movie_id = t.id)
              ->  Seq Scan on movie_info_idx mi_idx  (cost=0.00..21735.35 rows=1380035 width=4) (actual time=0.022..422.414 rows=1380035 loops=1)
              ->  Hash  (cost=61283.27..61283.27 rows=2528527 width=4) (actual time=2087.455..2087.455 rows=2528312 loops=1)
                    Buckets: 131072  Batches: 64  Memory Usage: 2415kB
                    ->  Seq Scan on title t  (cost=0.00..61283.27 rows=2528527 width=4) (actual time=0.009..1254.128 rows=2528312 loops=1)
Planning time: 1.120 ms
Execution time: 28949.649 ms
