Hash Join  (cost=154654.97..1014505.11 rows=160749 width=0) (actual time=2779.462..22022.148 rows=724004 loops=1)
  Hash Cond: (ci.movie_id = t.id)
  ->  Seq Scan on cast_info ci  (cost=0.00..705507.15 rows=30547097 width=4) (actual time=0.015..13038.073 rows=30505836 loops=1)
        Filter: (person_id < 3073120)
        Rows Removed by Filter: 5738508
  ->  Hash  (cost=154488.65..154488.65 rows=13306 width=8) (actual time=2778.631..2778.631 rows=20967 loops=1)
        Buckets: 32768 (originally 16384)  Batches: 1 (originally 1)  Memory Usage: 1076kB
        ->  Hash Join  (cost=67697.55..154488.65 rows=13306 width=8) (actual time=1006.383..2771.450 rows=20967 loops=1)
              Hash Cond: (mk.movie_id = t.id)
              ->  Seq Scan on movie_keyword mk  (cost=0.00..69693.30 rows=4523930 width=4) (actual time=0.015..986.844 rows=4523930 loops=1)
              ->  Hash  (cost=67604.59..67604.59 rows=7437 width=4) (actual time=1006.277..1006.277 rows=2840 loops=1)
                    Buckets: 8192  Batches: 1  Memory Usage: 164kB
                    ->  Seq Scan on title t  (cost=0.00..67604.59 rows=7437 width=4) (actual time=0.145..1004.775 rows=2840 loops=1)
                          Filter: (production_year = 1948)
                          Rows Removed by Filter: 2525472
Planning time: 1.160 ms
Execution time: 22112.335 ms
