Seq Scan on cast_info ci  (cost=0.00..796071.18 rows=1798375 width=0) (actual time=0.025..11953.307 rows=5415272 loops=1)
  Filter: ((person_id > 3115415) AND (role_id > 3))
  Rows Removed by Filter: 30829072
Planning time: 0.340 ms
Execution time: 12645.000 ms
