Nested Loop  (cost=0.43..83071.67 rows=246 width=0) (actual time=160.000..1285.405 rows=8 loops=1)
  ->  Seq Scan on movie_keyword mk  (cost=0.00..81003.12 rows=246 width=4) (actual time=159.911..1284.942 rows=8 loops=1)
        Filter: (keyword_id = 91147)
        Rows Removed by Filter: 4523922
  ->  Index Only Scan using title_pkey on title t  (cost=0.43..8.40 rows=1 width=4) (actual time=0.049..0.051 rows=1 loops=8)
        Index Cond: (id = mk.movie_id)
        Heap Fetches: 8
Planning time: 0.736 ms
Execution time: 1285.476 ms
