Hash Join  (cost=947032.87..993591.54 rows=516719 width=0) (actual time=17306.804..19928.541 rows=4212658 loops=1)
  Hash Cond: (mi_idx.movie_id = t.id)
  ->  Seq Scan on movie_info_idx mi_idx  (cost=0.00..21735.35 rows=1380035 width=4) (actual time=0.025..371.432 rows=1380035 loops=1)
  ->  Hash  (cost=931499.59..931499.59 rows=946742 width=8) (actual time=17305.486..17305.486 rows=2855062 loops=1)
        Buckets: 131072 (originally 131072)  Batches: 64 (originally 16)  Memory Usage: 3073kB
        ->  Hash Join  (cost=102767.86..931499.59 rows=946742 width=8) (actual time=1858.598..16502.464 rows=2855062 loops=1)
              Hash Cond: (ci.movie_id = t.id)
              ->  Seq Scan on cast_info ci  (cost=0.00..796071.18 rows=946742 width=4) (actual time=0.015..11782.128 rows=2855062 loops=1)
                    Filter: ((person_id > 3523214) AND (role_id > 3))
                    Rows Removed by Filter: 33389282
              ->  Hash  (cost=61283.27..61283.27 rows=2528527 width=4) (actual time=1857.792..1857.792 rows=2528312 loops=1)
                    Buckets: 131072  Batches: 64  Memory Usage: 2415kB
                    ->  Seq Scan on title t  (cost=0.00..61283.27 rows=2528527 width=4) (actual time=0.021..1012.832 rows=2528312 loops=1)
Planning time: 1.085 ms
Execution time: 20413.681 ms
