Seq Scan on cast_info ci  (cost=0.00..796071.18 rows=3929838 width=0) (actual time=7060.067..13662.451 rows=1611710 loops=1)
  Filter: ((person_id < 1942427) AND (role_id = 2))
  Rows Removed by Filter: 34632634
Planning time: 0.539 ms
Execution time: 13865.636 ms
