Hash Join  (cost=258383.62..359449.16 rows=1650560 width=0) (actual time=6137.328..12830.192 rows=12625709 loops=1)
  Hash Cond: (mc.movie_id = t.id)
  ->  Seq Scan on movie_companies mc  (cost=0.00..44881.29 rows=2609129 width=4) (actual time=0.021..948.907 rows=2609129 loops=1)
  ->  Hash  (cost=232139.99..232139.99 rows=1599570 width=8) (actual time=6136.309..6136.309 rows=1612807 loops=1)
        Buckets: 131072  Batches: 32  Memory Usage: 2982kB
        ->  Hash Join  (cost=102767.86..232139.99 rows=1599570 width=8) (actual time=2600.086..5724.263 rows=1612807 loops=1)
              Hash Cond: (mk.movie_id = t.id)
              ->  Seq Scan on movie_keyword mk  (cost=0.00..81003.12 rows=1599570 width=4) (actual time=0.025..1607.910 rows=1612807 loops=1)
                    Filter: (keyword_id > 9402)
                    Rows Removed by Filter: 2911123
              ->  Hash  (cost=61283.27..61283.27 rows=2528527 width=4) (actual time=2599.085..2599.085 rows=2528312 loops=1)
                    Buckets: 131072  Batches: 64  Memory Usage: 2425kB
                    ->  Seq Scan on title t  (cost=0.00..61283.27 rows=2528527 width=4) (actual time=0.025..1015.863 rows=2528312 loops=1)
Planning time: 1.932 ms
Execution time: 14197.229 ms
