Hash Join  (cost=83074.74..110004.13 rows=45 width=0) (actual time=1332.934..1828.836 rows=228 loops=1)
  Hash Cond: (mi_idx.movie_id = t.id)
  ->  Seq Scan on movie_info_idx mi_idx  (cost=0.00..25185.44 rows=464934 width=4) (actual time=0.024..439.781 rows=460185 loops=1)
        Filter: (info_type_id > 100)
        Rows Removed by Filter: 919850
  ->  Hash  (cost=83071.67..83071.67 rows=246 width=8) (actual time=1320.272..1320.272 rows=508 loops=1)
        Buckets: 1024  Batches: 1  Memory Usage: 28kB
        ->  Nested Loop  (cost=0.43..83071.67 rows=246 width=8) (actual time=1.520..1319.889 rows=508 loops=1)
              ->  Seq Scan on movie_keyword mk  (cost=0.00..81003.12 rows=246 width=4) (actual time=1.465..1307.863 rows=508 loops=1)
                    Filter: (keyword_id = 20003)
                    Rows Removed by Filter: 4523422
              ->  Index Only Scan using title_pkey on title t  (cost=0.43..8.40 rows=1 width=4) (actual time=0.021..0.022 rows=1 loops=508)
                    Index Cond: (id = mk.movie_id)
                    Heap Fetches: 508
Planning time: 1.160 ms
Execution time: 1829.042 ms
