Hash Join  (cost=74357.80..130929.65 rows=18169 width=0) (actual time=1425.887..2727.577 rows=13012 loops=1)
  Hash Cond: (mc.movie_id = t.id)
  ->  Seq Scan on movie_companies mc  (cost=0.00..51404.11 rows=1329612 width=4) (actual time=0.023..983.771 rows=1334883 loops=1)
        Filter: (company_type_id > 1)
        Rows Removed by Filter: 1274246
  ->  Hash  (cost=73925.90..73925.90 rows=34552 width=4) (actual time=1425.194..1425.194 rows=39508 loops=1)
        Buckets: 65536  Batches: 1  Memory Usage: 1901kB
        ->  Seq Scan on title t  (cost=0.00..73925.90 rows=34552 width=4) (actual time=0.177..1407.868 rows=39508 loops=1)
              Filter: ((kind_id > 1) AND (production_year = 1998))
              Rows Removed by Filter: 2488804
Planning time: 1.036 ms
Execution time: 2729.658 ms
