Hash Join  (cost=141264.64..269090.57 rows=477989 width=0) (actual time=3799.952..6559.667 rows=369034 loops=1)
  Hash Cond: (mk.movie_id = t.id)
  ->  Seq Scan on movie_keyword mk  (cost=0.00..69693.30 rows=4523930 width=4) (actual time=0.017..1388.479 rows=4523930 loops=1)
  ->  Hash  (cost=136881.15..136881.15 rows=267159 width=8) (actual time=3462.184..3462.184 rows=141856 loops=1)
        Buckets: 131072  Batches: 4  Memory Usage: 2413kB
        ->  Hash Join  (cost=97968.46..136881.15 rows=267159 width=8) (actual time=2452.437..3415.622 rows=141856 loops=1)
              Hash Cond: (mi_idx.movie_id = t.id)
              ->  Seq Scan on movie_info_idx mi_idx  (cost=0.00..25185.44 rows=460978 width=4) (actual time=0.024..450.877 rows=459925 loops=1)
                    Filter: (info_type_id = 99)
                    Rows Removed by Filter: 920110
              ->  Hash  (cost=73925.90..73925.90 rows=1465404 width=4) (actual time=2451.089..2451.089 rows=1478439 loops=1)
                    Buckets: 131072  Batches: 32  Memory Usage: 2651kB
                    ->  Seq Scan on title t  (cost=0.00..73925.90 rows=1465404 width=4) (actual time=53.940..1395.577 rows=1478439 loops=1)
                          Filter: ((production_year > 1914) AND (kind_id = 7))
                          Rows Removed by Filter: 1049873
Planning time: 1.180 ms
Execution time: 6601.733 ms
