Seq Scan on cast_info ci  (cost=0.00..796071.18 rows=18594077 width=0) (actual time=3003.981..15784.751 rows=17248639 loops=1)
  Filter: ((person_id > 1383163) AND (role_id < 9))
  Rows Removed by Filter: 18995705
Planning time: 1.401 ms
Execution time: 17891.533 ms
