Hash Join  (cost=83074.74..906127.91 rows=700 width=0) (actual time=1343.925..16625.801 rows=19694 loops=1)
  Hash Cond: (ci.movie_id = t.id)
  ->  Seq Scan on cast_info ci  (cost=0.00..796071.18 rows=7193330 width=4) (actual time=0.012..13560.079 rows=11074823 loops=1)
        Filter: ((person_id > 2595125) AND (role_id > 1))
        Rows Removed by Filter: 25169521
  ->  Hash  (cost=83071.67..83071.67 rows=246 width=8) (actual time=1343.680..1343.680 rows=913 loops=1)
        Buckets: 1024  Batches: 1  Memory Usage: 44kB
        ->  Nested Loop  (cost=0.43..83071.67 rows=246 width=8) (actual time=1.289..1343.029 rows=913 loops=1)
              ->  Seq Scan on movie_keyword mk  (cost=0.00..81003.12 rows=246 width=4) (actual time=1.254..1307.833 rows=913 loops=1)
                    Filter: (keyword_id = 7505)
                    Rows Removed by Filter: 4523017
              ->  Index Only Scan using title_pkey on title t  (cost=0.43..8.40 rows=1 width=4) (actual time=0.037..0.037 rows=1 loops=913)
                    Index Cond: (id = mk.movie_id)
                    Heap Fetches: 913
Planning time: 2.116 ms
Execution time: 16630.580 ms
