Hash Join  (cost=100908.38..160571.81 rows=290 width=0) (actual time=1868.851..2943.865 rows=5630 loops=1)
  Hash Cond: (mc.movie_id = t.id)
  ->  Seq Scan on movie_companies mc  (cost=0.00..57926.93 rows=462290 width=4) (actual time=0.018..962.559 rows=665131 loops=1)
        Filter: ((company_id < 3538) AND (company_type_id = 1))
        Rows Removed by Filter: 1943998
  ->  Hash  (cost=100888.56..100888.56 rows=1586 width=8) (actual time=1867.588..1867.588 rows=6773 loops=1)
        Buckets: 8192 (originally 2048)  Batches: 1 (originally 1)  Memory Usage: 329kB
        ->  Hash Join  (cost=73962.22..100888.56 rows=1586 width=8) (actual time=1213.423..1864.908 rows=6773 loops=1)
              Hash Cond: (mi_idx.movie_id = t.id)
              ->  Seq Scan on movie_info_idx mi_idx  (cost=0.00..21735.35 rows=1380035 width=4) (actual time=0.023..370.377 rows=1380035 loops=1)
              ->  Hash  (cost=73925.90..73925.90 rows=2905 width=4) (actual time=1213.213..1213.213 rows=6196 loops=1)
                    Buckets: 8192 (originally 4096)  Batches: 1 (originally 1)  Memory Usage: 282kB
                    ->  Seq Scan on title t  (cost=0.00..73925.90 rows=2905 width=4) (actual time=0.216..1210.303 rows=6196 loops=1)
                          Filter: ((kind_id < 7) AND (production_year = 1975))
                          Rows Removed by Filter: 2522116
Planning time: 1.178 ms
Execution time: 2944.984 ms
