Hash Join  (cost=435765.86..474574.91 rows=65057 width=0) (actual time=8055.124..8882.776 rows=355741 loops=1)
  Hash Cond: (mi_idx.movie_id = t.id)
  ->  Seq Scan on movie_info_idx mi_idx  (cost=0.00..21735.35 rows=1380035 width=4) (actual time=0.022..462.246 rows=1380035 loops=1)
  ->  Hash  (cost=433809.89..433809.89 rows=119198 width=8) (actual time=7748.741..7748.741 rows=295196 loops=1)
        Buckets: 131072 (originally 131072)  Batches: 4 (originally 2)  Memory Usage: 3908kB
        ->  Hash Join  (cost=78556.72..433809.89 rows=119198 width=8) (actual time=4190.876..7655.757 rows=295196 loops=1)
              Hash Cond: (mi.movie_id = t.id)
              ->  Seq Scan on movie_info mi  (cost=0.00..346232.03 rows=451508 width=4) (actual time=2699.626..5859.444 rows=474443 loops=1)
                    Filter: (info_type_id = 6)
                    Rows Removed by Filter: 14361277
              ->  Hash  (cost=67604.59..67604.59 rows=667531 width=4) (actual time=1368.503..1368.503 rows=662825 loops=1)
                    Buckets: 131072  Batches: 16  Memory Usage: 2485kB
                    ->  Seq Scan on title t  (cost=0.00..67604.59 rows=667531 width=4) (actual time=0.022..1162.447 rows=662825 loops=1)
                          Filter: (kind_id < 2)
                          Rows Removed by Filter: 1865487
Planning time: 1.114 ms
Execution time: 8925.640 ms
