Seq Scan on movie_keyword mk  (cost=0.00..81003.12 rows=3342508 width=12) (actual time=0.023..2059.399 rows=3330897 loops=1)
  Filter: (keyword_id < 15518)
  Rows Removed by Filter: 1193033
Planning time: 0.355 ms
Execution time: 2269.082 ms
