Hash Join  (cost=85590.92..187202.02 rows=482472 width=134) (actual time=1599.914..4713.533 rows=382334 loops=1)
  Hash Cond: (mc.movie_id = t.id)
  ->  Seq Scan on movie_companies mc  (cost=0.00..51404.11 rows=1841404 width=40) (actual time=0.477..1107.875 rows=1848829 loops=1)
        Filter: (company_id > 1544)
        Rows Removed by Filter: 760300
  ->  Hash  (cost=67604.59..67604.59 rows=662507 width=94) (actual time=1598.950..1598.950 rows=662065 loops=1)
        Buckets: 32768  Batches: 32  Memory Usage: 2590kB
        ->  Seq Scan on title t  (cost=0.00..67604.59 rows=662507 width=94) (actual time=0.035..1315.978 rows=662065 loops=1)
              Filter: (production_year > 2008)
              Rows Removed by Filter: 1866247
Planning time: 0.911 ms
Execution time: 4734.071 ms
