Seq Scan on movie_companies mc  (cost=0.00..57926.93 rows=892032 width=0) (actual time=56.840..999.687 rows=1084865 loops=1)
  Filter: ((company_id > 2403) AND (company_type_id > 1))
  Rows Removed by Filter: 1524264
Planning time: 0.322 ms
Execution time: 1127.076 ms
