Seq Scan on movie_companies mc  (cost=0.00..51404.11 rows=485572 width=0) (actual time=377.009..914.388 rows=488604 loops=1)
  Filter: (company_id > 74784)
  Rows Removed by Filter: 2120525
Planning time: 0.394 ms
Execution time: 974.065 ms
