Hash Join  (cost=129587.43..225386.11 rows=6562 width=0) (actual time=1974.306..4142.348 rows=35507 loops=1)
  Hash Cond: (mk.movie_id = t.id)
  ->  Seq Scan on movie_keyword mk  (cost=0.00..81003.12 rows=3927983 width=4) (actual time=0.019..1582.501 rows=3927574 loops=1)
        Filter: (keyword_id < 30812)
        Rows Removed by Filter: 596356
  ->  Hash  (cost=129534.62..129534.62 rows=4224 width=8) (actual time=1973.525..1973.525 rows=2347 loops=1)
        Buckets: 8192  Batches: 1  Memory Usage: 156kB
        ->  Hash Join  (cost=76697.17..129534.62 rows=4224 width=8) (actual time=1137.924..1972.611 rows=2347 loops=1)
              Hash Cond: (mc.movie_id = t.id)
              ->  Seq Scan on movie_companies mc  (cost=0.00..51404.11 rows=63228 width=4) (actual time=0.094..784.257 rows=62075 loops=1)
                    Filter: (company_id = 6)
                    Rows Removed by Filter: 2547054
              ->  Hash  (cost=73925.90..73925.90 rows=168901 width=4) (actual time=1136.345..1136.345 rows=269915 loops=1)
                    Buckets: 131072  Batches: 4  Memory Usage: 3401kB
                    ->  Seq Scan on title t  (cost=0.00..73925.90 rows=168901 width=4) (actual time=0.046..1050.205 rows=269915 loops=1)
                          Filter: ((kind_id < 7) AND (production_year < 1974))
                          Rows Removed by Filter: 2258397
Planning time: 0.796 ms
Execution time: 4147.188 ms
