Hash Join  (cost=370639.08..937147.65 rows=10777721 width=0) (actual time=9263.848..54942.272 rows=166128158 loops=1)
  Hash Cond: (mi.movie_id = t.id)
  ->  Seq Scan on movie_info mi  (cost=0.00..346232.03 rows=6231111 width=4) (actual time=509.064..6506.691 rows=6223494 loops=1)
        Filter: (info_type_id > 8)
        Rows Removed by Filter: 8612226
  ->  Hash  (cost=298886.34..298886.34 rows=4373499 width=8) (actual time=8752.554..8752.554 rows=4360169 loops=1)
        Buckets: 131072  Batches: 64  Memory Usage: 3788kB
        ->  Hash Join  (cost=102767.86..298886.34 rows=4373499 width=8) (actual time=2051.014..7527.118 rows=4360169 loops=1)
              Hash Cond: (mk.movie_id = t.id)
              ->  Seq Scan on movie_keyword mk  (cost=0.00..81003.12 rows=4373499 width=4) (actual time=0.023..1917.164 rows=4360169 loops=1)
                    Filter: (keyword_id > 117)
                    Rows Removed by Filter: 163761
              ->  Hash  (cost=61283.27..61283.27 rows=2528527 width=4) (actual time=2048.310..2048.310 rows=2528312 loops=1)
                    Buckets: 131072  Batches: 64  Memory Usage: 2425kB
                    ->  Seq Scan on title t  (cost=0.00..61283.27 rows=2528527 width=4) (actual time=0.014..1166.274 rows=2528312 loops=1)
Planning time: 1.111 ms
Execution time: 72602.130 ms
