Hash Join  (cost=83462.78..1202814.14 rows=8327719 width=0) (actual time=1511.512..35938.192 rows=9334287 loops=1)
  Hash Cond: (ci.movie_id = t.id)
  ->  Seq Scan on cast_info ci  (cost=0.00..614943.12 rows=36225612 width=4) (actual time=0.021..12891.513 rows=36244344 loops=1)
  ->  Hash  (cost=73925.90..73925.90 rows=581270 width=4) (actual time=1510.556..1510.556 rows=602533 loops=1)
        Buckets: 131072  Batches: 8  Memory Usage: 3669kB
        ->  Seq Scan on title t  (cost=0.00..73925.90 rows=581270 width=4) (actual time=0.017..1325.641 rows=602533 loops=1)
              Filter: ((kind_id > 1) AND (production_year > 2007))
              Rows Removed by Filter: 1925779
Planning time: 0.705 ms
Execution time: 37023.226 ms
