Nested Loop  (cost=0.43..58358.27 rows=51 width=0) (actual time=509.524..960.254 rows=12 loops=1)
  ->  Seq Scan on movie_companies mc  (cost=0.00..57926.93 rows=51 width=4) (actual time=509.444..959.638 rows=12 loops=1)
        Filter: ((company_type_id < 2) AND (company_id = 16360))
        Rows Removed by Filter: 2609117
  ->  Index Only Scan using title_pkey on title t  (cost=0.43..8.45 rows=1 width=4) (actual time=0.044..0.045 rows=1 loops=12)
        Index Cond: (id = mc.movie_id)
        Heap Fetches: 12
Planning time: 4.532 ms
Execution time: 960.325 ms
