Hash Join  (cost=83661.18..215158.42 rows=812798 width=0) (actual time=1850.044..4655.196 rows=164392 loops=1)
  Hash Cond: (mk.movie_id = t.id)
  ->  Seq Scan on movie_keyword mk  (cost=0.00..81003.12 rows=3463504 width=4) (actual time=0.022..1720.595 rows=3455780 loops=1)
        Filter: (keyword_id < 16501)
        Rows Removed by Filter: 1068150
  ->  Hash  (cost=73925.90..73925.90 rows=593382 width=4) (actual time=1460.566..1460.566 rows=486368 loops=1)
        Buckets: 131072  Batches: 8  Memory Usage: 3153kB
        ->  Seq Scan on title t  (cost=0.00..73925.90 rows=593382 width=4) (actual time=0.005..1297.131 rows=486368 loops=1)
              Filter: ((production_year < 1999) AND (kind_id = 7))
              Rows Removed by Filter: 2041944
Planning time: 0.541 ms
Execution time: 4675.593 ms
