Hash Join  (cost=80355.62..903475.86 rows=301624 width=0) (actual time=2247.949..14779.547 rows=103761 loops=1)
  Hash Cond: (ci.movie_id = t.id)
  ->  Seq Scan on cast_info ci  (cost=0.00..796071.18 rows=1946085 width=4) (actual time=913.524..13084.272 rows=629817 loops=1)
        Filter: ((person_id < 1603237) AND (role_id = 10))
        Rows Removed by Filter: 35614527
  ->  Hash  (cost=73925.90..73925.90 rows=391897 width=4) (actual time=1333.310..1333.310 rows=289693 loops=1)
        Buckets: 131072  Batches: 8  Memory Usage: 2301kB
        ->  Seq Scan on title t  (cost=0.00..73925.90 rows=391897 width=4) (actual time=0.021..1244.993 rows=289693 loops=1)
              Filter: ((kind_id < 2) AND (production_year > 1998))
              Rows Removed by Filter: 2238619
Planning time: 0.722 ms
Execution time: 14793.230 ms
