Hash Join  (cost=81437.64..589719.45 rows=2668688 width=0) (actual time=1489.430..14133.132 rows=1376638 loops=1)
  Hash Cond: (mi.movie_id = t.id)
  ->  Seq Scan on movie_info mi  (cost=0.00..309384.22 rows=14739122 width=4) (actual time=0.026..6024.135 rows=14835720 loops=1)
  ->  Hash  (cost=73925.90..73925.90 rows=457819 width=4) (actual time=1296.869..1296.869 rows=344212 loops=1)
        Buckets: 131072  Batches: 8  Memory Usage: 2529kB
        ->  Seq Scan on title t  (cost=0.00..73925.90 rows=457819 width=4) (actual time=0.014..1185.080 rows=344212 loops=1)
              Filter: ((production_year < 1993) AND (kind_id = 7))
              Rows Removed by Filter: 2184100
Planning time: 0.804 ms
Execution time: 14293.462 ms
