Hash Join  (cost=102767.86..210599.11 rows=704377 width=0) (actual time=2040.216..4394.162 rows=707194 loops=1)
  Hash Cond: (mk.movie_id = t.id)
  ->  Seq Scan on movie_keyword mk  (cost=0.00..81003.12 rows=704377 width=4) (actual time=0.016..1415.662 rows=707194 loops=1)
        Filter: (keyword_id < 593)
        Rows Removed by Filter: 3816736
  ->  Hash  (cost=61283.27..61283.27 rows=2528527 width=4) (actual time=2037.507..2037.507 rows=2528312 loops=1)
        Buckets: 131072  Batches: 64  Memory Usage: 2425kB
        ->  Seq Scan on title t  (cost=0.00..61283.27 rows=2528527 width=4) (actual time=0.016..1180.245 rows=2528312 loops=1)
Planning time: 1.867 ms
Execution time: 4477.069 ms
