Seq Scan on movie_keyword mk  (cost=0.00..81003.12 rows=2273670 width=0) (actual time=0.018..1442.535 rows=2269942 loops=1)
  Filter: (keyword_id > 4653)
  Rows Removed by Filter: 2253988
Planning time: 0.286 ms
Execution time: 1731.109 ms
