Hash Join  (cost=81573.24..186549.28 rows=304582 width=0) (actual time=1295.718..3623.281 rows=457032 loops=1)
  Hash Cond: (mk.movie_id = t.id)
  ->  Seq Scan on movie_keyword mk  (cost=0.00..81003.12 rows=1652290 width=4) (actual time=0.025..1573.814 rows=1665575 loops=1)
        Filter: (keyword_id < 2554)
        Rows Removed by Filter: 2858355
  ->  Hash  (cost=73925.90..73925.90 rows=466107 width=4) (actual time=1294.572..1294.572 rows=396359 loops=1)
        Buckets: 131072  Batches: 8  Memory Usage: 2769kB
        ->  Seq Scan on title t  (cost=0.00..73925.90 rows=466107 width=4) (actual time=0.022..1165.041 rows=396359 loops=1)
              Filter: ((kind_id < 7) AND (production_year > 2003))
              Rows Removed by Filter: 2131953
Planning time: 0.773 ms
Execution time: 3661.255 ms
