Hash Join  (cost=101828.68..705838.70 rows=9913619 width=0) (actual time=1955.045..17259.176 rows=6502773 loops=1)
  Hash Cond: (mi.movie_id = t.id)
  ->  Seq Scan on movie_info mi  (cost=0.00..309384.22 rows=14739122 width=4) (actual time=0.024..5785.777 rows=14835720 loops=1)
  ->  Hash  (cost=73925.90..73925.90 rows=1700702 width=4) (actual time=1953.978..1953.978 rows=1799531 loops=1)
        Buckets: 131072  Batches: 32  Memory Usage: 3013kB
        ->  Seq Scan on title t  (cost=0.00..73925.90 rows=1700702 width=4) (actual time=0.021..1385.524 rows=1799531 loops=1)
              Filter: ((kind_id > 1) AND (production_year > 1944))
              Rows Removed by Filter: 728781
Planning time: 0.726 ms
Execution time: 18010.955 ms
