Seq Scan on cast_info ci  (cost=0.00..796071.18 rows=435 width=0) (actual time=70.361..14528.967 rows=16 loops=1)
  Filter: ((role_id < 10) AND (person_id = 2967109))
  Rows Removed by Filter: 36244328
Planning time: 0.486 ms
Execution time: 14529.123 ms
