Hash Join  (cost=491105.15..1667880.76 rows=11593931 width=0) (actual time=8769.116..43306.495 rows=12907018 loops=1)
  Hash Cond: (ci.movie_id = t.id)
  ->  Seq Scan on cast_info ci  (cost=0.00..705507.15 rows=30405364 width=4) (actual time=654.806..17755.673 rows=30511650 loops=1)
        Filter: (role_id < 9)
        Rows Removed by Filter: 5732694
  ->  Hash  (cost=475286.17..475286.17 rows=964158 width=8) (actual time=8113.449..8113.449 rows=895199 loops=1)
        Buckets: 131072  Batches: 16  Memory Usage: 3201kB
        ->  Hash Join  (cost=93408.25..475286.17 rows=964158 width=8) (actual time=2706.309..7874.236 rows=895199 loops=1)
              Hash Cond: (mi.movie_id = t.id)
              ->  Seq Scan on movie_info mi  (cost=0.00..346232.03 rows=1550064 width=4) (actual time=953.262..4887.893 rows=1533909 loops=1)
                    Filter: (info_type_id = 3)
                    Rows Removed by Filter: 13301811
              ->  Hash  (cost=67604.59..67604.59 rows=1572773 width=4) (actual time=1752.290..1752.290 rows=1570568 loops=1)
                    Buckets: 131072  Batches: 32  Memory Usage: 2759kB
                    ->  Seq Scan on title t  (cost=0.00..67604.59 rows=1572773 width=4) (actual time=3.872..1222.559 rows=1570568 loops=1)
                          Filter: (production_year > 1996)
                          Rows Removed by Filter: 957744
Planning time: 1.189 ms
Execution time: 44647.157 ms
