Seq Scan on cast_info ci  (cost=0.00..705507.15 rows=24532353 width=0) (actual time=426.452..12703.471 rows=24652646 loops=1)
  Filter: (person_id > 1140286)
  Rows Removed by Filter: 11591698
Planning time: 0.339 ms
Execution time: 15700.690 ms
