Seq Scan on movie_companies mc  (cost=0.00..51404.11 rows=1549073 width=0) (actual time=0.015..1052.413 rows=1538523 loops=1)
  Filter: (company_id < 14499)
  Rows Removed by Filter: 1070606
Planning time: 0.301 ms
Execution time: 1252.313 ms
