Seq Scan on cast_info ci  (cost=0.00..796071.18 rows=3843877 width=0) (actual time=2092.094..13697.913 rows=1245961 loops=1)
  Filter: ((person_id < 2445642) AND (role_id > 8))
  Rows Removed by Filter: 34998383
Planning time: 0.365 ms
Execution time: 13861.113 ms
