Hash Join  (cost=163628.03..1112034.25 rows=5237617 width=0) (actual time=3489.227..28893.679 rows=8660094 loops=1)
  Hash Cond: (ci.movie_id = t.id)
  ->  Seq Scan on cast_info ci  (cost=0.00..705507.15 rows=16201301 width=4) (actual time=0.026..14757.517 rows=16121683 loops=1)
        Filter: (role_id > 2)
        Rows Removed by Filter: 20122661
  ->  Hash  (cost=150216.13..150216.13 rows=817432 width=8) (actual time=3487.942..3487.942 rows=425568 loops=1)
        Buckets: 131072  Batches: 16  Memory Usage: 2062kB
        ->  Hash Join  (cost=98498.33..150216.13 rows=817432 width=8) (actual time=2248.265..3360.611 rows=425568 loops=1)
              Hash Cond: (mi_idx.movie_id = t.id)
              ->  Seq Scan on movie_info_idx mi_idx  (cost=0.00..21735.35 rows=1380035 width=4) (actual time=0.032..475.106 rows=1380035 loops=1)
              ->  Hash  (cost=73925.90..73925.90 rows=1497714 width=4) (actual time=1866.001..1866.001 rows=1478440 loops=1)
                    Buckets: 131072  Batches: 32  Memory Usage: 2651kB
                    ->  Seq Scan on title t  (cost=0.00..73925.90 rows=1497714 width=4) (actual time=0.017..1398.393 rows=1478440 loops=1)
                          Filter: ((production_year > 0) AND (kind_id = 7))
                          Rows Removed by Filter: 1049872
Planning time: 0.995 ms
Execution time: 29905.026 ms
