Hash Join  (cost=100886.12..182299.71 rows=16 width=0) (actual time=919.612..1847.420 rows=447 loops=1)
  Hash Cond: (mk.movie_id = t.id)
  ->  Seq Scan on movie_keyword mk  (cost=0.00..81003.12 rows=109414 width=4) (actual time=0.051..908.806 rows=121921 loops=1)
        Filter: (keyword_id < 117)
        Rows Removed by Filter: 4402009
  ->  Hash  (cost=100881.61..100881.61 rows=361 width=8) (actual time=914.458..914.458 rows=1986 loops=1)
        Buckets: 2048 (originally 1024)  Batches: 1 (originally 1)  Memory Usage: 94kB
        ->  Hash Join  (cost=73950.44..100881.61 rows=361 width=8) (actual time=766.144..913.923 rows=1986 loops=1)
              Hash Cond: (mi_idx.movie_id = t.id)
              ->  Seq Scan on movie_info_idx mi_idx  (cost=0.00..25185.44 rows=464566 width=4) (actual time=0.009..179.931 rows=459925 loops=1)
                    Filter: (info_type_id = 101)
                    Rows Removed by Filter: 920110
              ->  Hash  (cost=73925.90..73925.90 rows=1963 width=4) (actual time=690.634..690.634 rows=4455 loops=1)
                    Buckets: 8192 (originally 2048)  Batches: 1 (originally 1)  Memory Usage: 221kB
                    ->  Seq Scan on title t  (cost=0.00..73925.90 rows=1963 width=4) (actual time=0.176..688.594 rows=4455 loops=1)
                          Filter: ((kind_id = 1) AND (production_year = 1983))
                          Rows Removed by Filter: 2523857
Planning time: 1.158 ms
Execution time: 1847.677 ms
