Seq Scan on movie_companies mc  (cost=0.00..57926.93 rows=840437 width=0) (actual time=193.561..730.483 rows=642189 loops=1)
  Filter: ((company_id > 2787) AND (company_type_id = 1))
  Rows Removed by Filter: 1966940
Planning time: 0.349 ms
Execution time: 792.563 ms
