Hash Join  (cost=164375.97..529560.16 rows=194065 width=0) (actual time=4655.602..8697.843 rows=169039 loops=1)
  Hash Cond: (mi.movie_id = t.id)
  ->  Seq Scan on movie_info mi  (cost=0.00..346232.03 rows=1348138 width=4) (actual time=857.788..4267.718 rows=1298989 loops=1)
        Filter: (info_type_id = 4)
        Rows Removed by Filter: 13536731
  ->  Hash  (cost=158404.20..158404.20 rows=363982 width=8) (actual time=3796.470..3796.470 rows=207756 loops=1)
        Buckets: 131072  Batches: 8  Memory Usage: 2037kB
        ->  Hash Join  (cost=85282.22..158404.20 rows=363982 width=8) (actual time=1426.115..3731.454 rows=207756 loops=1)
              Hash Cond: (mc.movie_id = t.id)
              ->  Seq Scan on movie_companies mc  (cost=0.00..51404.11 rows=1329612 width=4) (actual time=0.290..973.203 rows=1334883 loops=1)
                    Filter: (company_type_id = 2)
                    Rows Removed by Filter: 1274246
              ->  Hash  (cost=73925.90..73925.90 rows=692185 width=4) (actual time=1424.769..1424.769 rows=596495 loops=1)
                    Buckets: 131072  Batches: 16  Memory Usage: 2332kB
                    ->  Seq Scan on title t  (cost=0.00..73925.90 rows=692185 width=4) (actual time=0.036..1236.283 rows=596495 loops=1)
                          Filter: ((production_year < 2002) AND (kind_id = 7))
                          Rows Removed by Filter: 1931817
Planning time: 1.171 ms
Execution time: 8721.151 ms
