Seq Scan on movie_keyword mk  (cost=0.00..81003.12 rows=246 width=0) (actual time=12.957..1187.868 rows=207 loops=1)
  Filter: (keyword_id = 10661)
  Rows Removed by Filter: 4523723
Planning time: 0.340 ms
Execution time: 1188.079 ms
