Seq Scan on movie_companies mc  (cost=0.00..57926.93 rows=495700 width=0) (actual time=0.342..943.071 rows=288838 loops=1)
  Filter: ((company_id < 4226) AND (company_type_id > 1))
  Rows Removed by Filter: 2320291
Planning time: 0.304 ms
Execution time: 977.446 ms
