Seq Scan on cast_info ci  (cost=0.00..796071.18 rows=188238 width=0) (actual time=6131.665..10243.914 rows=129170 loops=1)
  Filter: ((person_id < 162638) AND (role_id = 3))
  Rows Removed by Filter: 36115174
Planning time: 0.421 ms
Execution time: 10251.724 ms
