Seq Scan on movie_keyword mk  (cost=0.00..81003.12 rows=246 width=0) (actual time=10.851..1294.664 rows=86 loops=1)
  Filter: (keyword_id = 3781)
  Rows Removed by Filter: 4523844
Planning time: 0.382 ms
Execution time: 1294.821 ms
