Hash Join  (cost=102035.39..482416.16 rows=92531 width=0) (actual time=1478.774..7783.601 rows=31761 loops=1)
  Hash Cond: (mi.movie_id = t.id)
  ->  Seq Scan on movie_info mi  (cost=0.00..346232.03 rows=8859586 width=4) (actual time=510.274..5353.230 rows=8966694 loops=1)
        Filter: (info_type_id < 15)
        Rows Removed by Filter: 5869026
  ->  Hash  (cost=101705.29..101705.29 rows=26408 width=8) (actual time=967.529..967.529 rows=10347 loops=1)
        Buckets: 32768  Batches: 1  Memory Usage: 661kB
        ->  Hash Join  (cost=74530.73..101705.29 rows=26408 width=8) (actual time=706.122..965.482 rows=10347 loops=1)
              Hash Cond: (mi_idx.movie_id = t.id)
              ->  Seq Scan on movie_info_idx mi_idx  (cost=0.00..21735.35 rows=1380035 width=4) (actual time=0.024..111.232 rows=1380035 loops=1)
              ->  Hash  (cost=73925.90..73925.90 rows=48386 width=4) (actual time=705.686..705.686 rows=45023 loops=1)
                    Buckets: 65536  Batches: 1  Memory Usage: 2095kB
                    ->  Seq Scan on title t  (cost=0.00..73925.90 rows=48386 width=4) (actual time=0.032..689.945 rows=45023 loops=1)
                          Filter: ((kind_id > 1) AND (production_year = 2013))
                          Rows Removed by Filter: 2483289
Planning time: 1.191 ms
Execution time: 7788.603 ms
