Hash Join  (cost=94744.57..1315301.78 rows=18179705 width=0) (actual time=1825.083..37844.400 rows=17019673 loops=1)
  Hash Cond: (ci.movie_id = t.id)
  ->  Seq Scan on cast_info ci  (cost=0.00..614943.12 rows=36225612 width=4) (actual time=0.014..13110.726 rows=36244344 loops=1)
  ->  Hash  (cost=73925.90..73925.90 rows=1268933 width=4) (actual time=1823.880..1823.880 rows=1236795 loops=1)
        Buckets: 131072  Batches: 32  Memory Usage: 2383kB
        ->  Seq Scan on title t  (cost=0.00..73925.90 rows=1268933 width=4) (actual time=0.021..1410.177 rows=1236795 loops=1)
              Filter: ((kind_id > 3) AND (production_year < 2010))
              Rows Removed by Filter: 1291517
Planning time: 0.760 ms
Execution time: 39753.438 ms
