Hash Join  (cost=189632.99..1109038.72 rows=3085211 width=0) (actual time=4999.368..29487.247 rows=16908353 loops=1)
  Hash Cond: (ci.movie_id = t.id)
  ->  Seq Scan on cast_info ci  (cost=0.00..796071.18 rows=7653984 width=4) (actual time=2.348..14166.256 rows=9992784 loops=1)
        Filter: ((person_id < 1362169) AND (role_id < 3))
        Rows Removed by Filter: 26251560
  ->  Hash  (cost=172910.83..172910.83 rows=1019213 width=8) (actual time=4991.674..4991.674 rows=1891821 loops=1)
        Buckets: 131072 (originally 131072)  Batches: 32 (originally 16)  Memory Usage: 3321kB
        ->  Hash Join  (cost=83810.17..172910.83 rows=1019213 width=8) (actual time=1506.908..4430.833 rows=1891821 loops=1)
              Hash Cond: (mc.movie_id = t.id)
              ->  Seq Scan on movie_companies mc  (cost=0.00..44881.29 rows=2609129 width=4) (actual time=7.395..860.548 rows=2609129 loops=1)
              ->  Hash  (cost=67604.59..67604.59 rows=987727 width=4) (actual time=1498.050..1498.050 rows=985048 loops=1)
                    Buckets: 131072  Batches: 16  Memory Usage: 3188kB
                    ->  Seq Scan on title t  (cost=0.00..67604.59 rows=987727 width=4) (actual time=0.025..1196.381 rows=985048 loops=1)
                          Filter: (kind_id < 7)
                          Rows Removed by Filter: 1543264
Planning time: 1.260 ms
Execution time: 31257.708 ms
