Hash Join  (cost=28268.49..392928.38 rows=397 width=0) (actual time=515.232..7442.035 rows=71809 loops=1)
  Hash Cond: (mi.movie_id = t.id)
  ->  Seq Scan on movie_info mi  (cost=0.00..309384.22 rows=14739122 width=4) (actual time=0.018..4180.981 rows=14835720 loops=1)
  ->  Hash  (cost=28267.64..28267.64 rows=68 width=8) (actual time=514.461..514.461 rows=196 loops=1)
        Buckets: 1024  Batches: 1  Memory Usage: 16kB
        ->  Nested Loop  (cost=0.43..28267.64 rows=68 width=8) (actual time=469.954..514.347 rows=196 loops=1)
              ->  Seq Scan on movie_info_idx mi_idx  (cost=0.00..25185.44 rows=368 width=4) (actual time=469.888..495.068 rows=260 loops=1)
                    Filter: (info_type_id > 101)
                    Rows Removed by Filter: 1379775
              ->  Index Scan using title_pkey on title t  (cost=0.43..8.37 rows=1 width=4) (actual time=0.073..0.073 rows=1 loops=260)
                    Index Cond: (id = mi_idx.movie_id)
                    Filter: ((kind_id < 7) AND (production_year < 2003))
                    Rows Removed by Filter: 0
Planning time: 1.221 ms
Execution time: 7452.146 ms
