Seq Scan on cast_info ci  (cost=0.00..796071.18 rows=324 width=0) (actual time=8583.518..13922.000 rows=11 loops=1)
  Filter: ((role_id > 1) AND (person_id = 3398365))
  Rows Removed by Filter: 36244333
Planning time: 0.400 ms
Execution time: 13922.118 ms
