Nested Loop  (cost=0.43..116523.02 rows=4826 width=0) (actual time=0.136..1363.294 rows=4904 loops=1)
  ->  Seq Scan on movie_keyword mk  (cost=0.00..81003.12 rows=4826 width=4) (actual time=0.095..1202.068 rows=4904 loops=1)
        Filter: (keyword_id = 24382)
        Rows Removed by Filter: 4519026
  ->  Index Only Scan using title_pkey on title t  (cost=0.43..7.35 rows=1 width=4) (actual time=0.032..0.032 rows=1 loops=4904)
        Index Cond: (id = mk.movie_id)
        Heap Fetches: 4904
Planning time: 0.498 ms
Execution time: 1364.678 ms
