Hash Join  (cost=83810.17..1032287.99 rows=3751245 width=0) (actual time=2245.028..19584.016 rows=2467628 loops=1)
  Hash Cond: (ci.movie_id = t.id)
  ->  Seq Scan on cast_info ci  (cost=0.00..796071.18 rows=9602982 width=4) (actual time=759.050..13980.336 rows=6429882 loops=1)
        Filter: ((person_id > 1868222) AND (role_id < 3))
        Rows Removed by Filter: 29814462
  ->  Hash  (cost=67604.59..67604.59 rows=987727 width=4) (actual time=1485.061..1485.061 rows=985048 loops=1)
        Buckets: 131072  Batches: 16  Memory Usage: 3188kB
        ->  Seq Scan on title t  (cost=0.00..67604.59 rows=987727 width=4) (actual time=0.058..1177.038 rows=985048 loops=1)
              Filter: (kind_id < 7)
              Rows Removed by Filter: 1543264
Planning time: 0.766 ms
Execution time: 19841.030 ms
