Hash Join  (cost=215833.08..1083253.26 rows=2019805 width=0) (actual time=4854.105..18638.720 rows=2436687 loops=1)
  Hash Cond: (ci.movie_id = t.id)
  ->  Seq Scan on cast_info ci  (cost=0.00..796071.18 rows=3991453 width=4) (actual time=150.536..12143.711 rows=1681322 loops=1)
        Filter: ((person_id < 584366) AND (role_id > 1))
        Rows Removed by Filter: 34563022
  ->  Hash  (cost=194840.12..194840.12 rows=1279517 width=8) (actual time=4702.849..4702.849 rows=1274246 loops=1)
        Buckets: 131072  Batches: 32  Memory Usage: 2553kB
        ->  Hash Join  (cost=102767.86..194840.12 rows=1279517 width=8) (actual time=2192.763..4347.858 rows=1274246 loops=1)
              Hash Cond: (mc.movie_id = t.id)
              ->  Seq Scan on movie_companies mc  (cost=0.00..51404.11 rows=1279517 width=4) (actual time=191.320..900.266 rows=1274246 loops=1)
                    Filter: (company_type_id = 1)
                    Rows Removed by Filter: 1334883
              ->  Hash  (cost=61283.27..61283.27 rows=2528527 width=4) (actual time=2000.113..2000.113 rows=2528312 loops=1)
                    Buckets: 131072  Batches: 64  Memory Usage: 2415kB
                    ->  Seq Scan on title t  (cost=0.00..61283.27 rows=2528527 width=4) (actual time=0.027..1103.689 rows=2528312 loops=1)
Planning time: 1.223 ms
Execution time: 18941.938 ms
