Hash Join  (cost=69471.89..1120021.62 rows=1630157 width=0) (actual time=1150.531..27409.244 rows=615509 loops=1)
  Hash Cond: (ci.movie_id = t.id)
  ->  Seq Scan on cast_info ci  (cost=0.00..614943.12 rows=36225612 width=4) (actual time=0.015..12526.468 rows=36244344 loops=1)
  ->  Hash  (cost=67604.59..67604.59 rows=113784 width=4) (actual time=1149.344..1149.344 rows=117858 loops=1)
        Buckets: 131072  Batches: 2  Memory Usage: 3091kB
        ->  Seq Scan on title t  (cost=0.00..67604.59 rows=113784 width=4) (actual time=96.581..1105.152 rows=117858 loops=1)
              Filter: (production_year < 1931)
              Rows Removed by Filter: 2410454
Planning time: 0.709 ms
Execution time: 27489.109 ms
