Seq Scan on cast_info ci  (cost=0.00..796071.18 rows=276 width=0) (actual time=386.406..14204.853 rows=480 loops=1)
  Filter: ((role_id < 3) AND (person_id = 1213067))
  Rows Removed by Filter: 36243864
Planning time: 1.195 ms
Execution time: 14205.033 ms
