Hash Join  (cost=174236.18..262015.90 rows=19275 width=0) (actual time=4595.404..6330.712 rows=184745 loops=1)
  Hash Cond: (mk.movie_id = t.id)
  ->  Seq Scan on movie_keyword mk  (cost=0.00..81003.12 rows=538625 width=4) (actual time=0.019..1428.318 rows=531689 loops=1)
        Filter: (keyword_id > 34352)
        Rows Removed by Filter: 3992241
  ->  Hash  (cost=172751.14..172751.14 rows=90483 width=8) (actual time=4594.528..4594.528 rows=178049 loops=1)
        Buckets: 131072 (originally 131072)  Batches: 4 (originally 2)  Memory Usage: 3073kB
        ->  Hash Join  (cost=102767.86..172751.14 rows=90483 width=8) (actual time=3229.883..4532.946 rows=178049 loops=1)
              Hash Cond: (mc.movie_id = t.id)
              ->  Seq Scan on movie_companies mc  (cost=0.00..57926.93 rows=90483 width=4) (actual time=560.137..863.993 rows=178049 loops=1)
                    Filter: ((company_id > 120996) AND (company_type_id = 2))
                    Rows Removed by Filter: 2431080
              ->  Hash  (cost=61283.27..61283.27 rows=2528527 width=4) (actual time=2667.648..2667.648 rows=2528312 loops=1)
                    Buckets: 131072  Batches: 64  Memory Usage: 2415kB
                    ->  Seq Scan on title t  (cost=0.00..61283.27 rows=2528527 width=4) (actual time=0.020..1139.724 rows=2528312 loops=1)
Planning time: 1.144 ms
Execution time: 6370.026 ms
