Seq Scan on movie_keyword mk  (cost=0.00..81003.12 rows=3293331 width=0) (actual time=0.016..1663.615 rows=3280179 loops=1)
  Filter: (keyword_id > 1578)
  Rows Removed by Filter: 1243751
Planning time: 0.324 ms
Execution time: 2079.872 ms
