Hash Join  (cost=75464.55..132421.99 rows=16106 width=0) (actual time=1395.284..2414.636 rows=7022 loops=1)
  Hash Cond: (mc.movie_id = t.id)
  ->  Seq Scan on movie_companies mc  (cost=0.00..51404.11 rows=434469 width=4) (actual time=0.032..839.666 rows=439986 loops=1)
        Filter: (company_id > 78274)
        Rows Removed by Filter: 2169143
  ->  Hash  (cost=73925.90..73925.90 rows=93732 width=4) (actual time=1394.491..1394.491 rows=100592 loops=1)
        Buckets: 131072  Batches: 2  Memory Usage: 2791kB
        ->  Seq Scan on title t  (cost=0.00..73925.90 rows=93732 width=4) (actual time=0.015..1356.313 rows=100592 loops=1)
              Filter: ((kind_id > 1) AND (production_year = 2009))
              Rows Removed by Filter: 2427720
Planning time: 0.756 ms
Execution time: 2416.049 ms
