Hash Join  (cost=73928.71..794432.27 rows=354 width=0) (actual time=2756.184..13018.724 rows=10483 loops=1)
  Hash Cond: (ci.movie_id = t.id)
  ->  Seq Scan on cast_info ci  (cost=0.00..705507.15 rows=3998100 width=4) (actual time=1680.355..11400.087 rows=4008037 loops=1)
        Filter: (role_id = 3)
        Rows Removed by Filter: 32236307
  ->  Hash  (cost=73925.90..73925.90 rows=224 width=4) (actual time=1075.546..1075.546 rows=3358 loops=1)
        Buckets: 4096 (originally 1024)  Batches: 1 (originally 1)  Memory Usage: 151kB
        ->  Seq Scan on title t  (cost=0.00..73925.90 rows=224 width=4) (actual time=14.358..1073.756 rows=3358 loops=1)
              Filter: ((kind_id < 4) AND (production_year > 2013))
              Rows Removed by Filter: 2524954
Planning time: 0.611 ms
Execution time: 13020.797 ms
