Seq Scan on cast_info ci  (cost=0.00..705507.15 rows=500 width=0) (actual time=4227.494..10721.117 rows=40 loops=1)
  Filter: (person_id = 2391298)
  Rows Removed by Filter: 36244304
Planning time: 0.407 ms
Execution time: 10721.242 ms
