Seq Scan on movie_companies mc  (cost=0.00..51404.11 rows=158369 width=0) (actual time=200.803..621.118 rows=156877 loops=1)
  Filter: (company_id > 129131)
  Rows Removed by Filter: 2452252
Planning time: 0.307 ms
Execution time: 641.920 ms
