Hash Join  (cost=157117.92..521808.30 rows=3444 width=0) (actual time=2957.262..10046.588 rows=31629 loops=1)
  Hash Cond: (mi.movie_id = t.id)
  ->  Seq Scan on movie_info mi  (cost=0.00..309384.22 rows=14739122 width=4) (actual time=0.015..4238.519 rows=14835720 loops=1)
  ->  Hash  (cost=157110.53..157110.53 rows=591 width=8) (actual time=2894.037..2894.037 rows=2663 loops=1)
        Buckets: 4096 (originally 1024)  Batches: 1 (originally 1)  Memory Usage: 137kB
        ->  Hash Join  (cost=67612.84..157110.53 rows=591 width=8) (actual time=1064.138..2892.659 rows=2663 loops=1)
              Hash Cond: (mk.movie_id = t.id)
              ->  Seq Scan on movie_keyword mk  (cost=0.00..81003.12 rows=2263643 width=4) (actual time=0.027..1480.231 rows=2260514 loops=1)
                    Filter: (keyword_id > 4713)
                    Rows Removed by Filter: 2263416
              ->  Hash  (cost=67604.59..67604.59 rows=660 width=4) (actual time=1061.414..1061.414 rows=3515 loops=1)
                    Buckets: 4096 (originally 1024)  Batches: 1 (originally 1)  Memory Usage: 156kB
                    ->  Seq Scan on title t  (cost=0.00..67604.59 rows=660 width=4) (actual time=12.816..1059.712 rows=3515 loops=1)
                          Filter: (production_year > 2013)
                          Rows Removed by Filter: 2524797
Planning time: 11.247 ms
Execution time: 10051.544 ms
