Hash Join  (cost=157428.71..999933.80 rows=246507 width=0) (actual time=965.664..20829.890 rows=15465 loops=1)
  Hash Cond: (ci.movie_id = t.id)
  ->  Seq Scan on cast_info ci  (cost=0.00..705507.15 rows=35875431 width=4) (actual time=0.021..14792.894 rows=35928226 loops=1)
        Filter: (role_id < 11)
        Rows Removed by Filter: 316118
  ->  Hash  (cost=157211.54..157211.54 rows=17374 width=8) (actual time=964.953..964.953 rows=619 loops=1)
        Buckets: 32768  Batches: 1  Memory Usage: 281kB
        ->  Nested Loop  (cost=0.43..157211.54 rows=17374 width=8) (actual time=30.942..964.545 rows=619 loops=1)
              ->  Seq Scan on movie_companies mc  (cost=0.00..57926.93 rows=17374 width=4) (actual time=30.877..939.069 rows=619 loops=1)
                    Filter: ((company_type_id > 1) AND (company_id = 160))
                    Rows Removed by Filter: 2608510
              ->  Index Only Scan using title_pkey on title t  (cost=0.43..5.70 rows=1 width=4) (actual time=0.040..0.040 rows=1 loops=619)
                    Index Cond: (id = mc.movie_id)
                    Heap Fetches: 619
Planning time: 1.098 ms
Execution time: 20834.448 ms
