Seq Scan on movie_companies mc  (cost=0.00..51404.11 rows=104 width=0) (actual time=4.952..757.822 rows=1645 loops=1)
  Filter: (company_id = 3111)
  Rows Removed by Filter: 2607484
Planning time: 0.306 ms
Execution time: 758.137 ms
