Hash Join  (cost=102767.86..942349.97 rows=1397719 width=0) (actual time=6627.199..16314.123 rows=2191894 loops=1)
  Hash Cond: (ci.movie_id = t.id)
  ->  Seq Scan on cast_info ci  (cost=0.00..796071.18 rows=1397719 width=4) (actual time=4615.820..11803.905 rows=2191894 loops=1)
        Filter: ((person_id > 3633429) AND (role_id > 1))
        Rows Removed by Filter: 34052450
  ->  Hash  (cost=61283.27..61283.27 rows=2528527 width=4) (actual time=2009.938..2009.938 rows=2528312 loops=1)
        Buckets: 131072  Batches: 64  Memory Usage: 2415kB
        ->  Seq Scan on title t  (cost=0.00..61283.27 rows=2528527 width=4) (actual time=0.018..1163.453 rows=2528312 loops=1)
Planning time: 0.786 ms
Execution time: 16588.042 ms
