Hash Join  (cost=178148.13..888909.68 rows=31522 width=0) (actual time=11431.160..17590.490 rows=278806 loops=1)
  Hash Cond: (ci.movie_id = t.id)
  ->  Seq Scan on cast_info ci  (cost=0.00..705507.15 rows=350181 width=4) (actual time=7124.200..12952.112 rows=316118 loops=1)
        Filter: (role_id > 10)
        Rows Removed by Filter: 35928226
  ->  Hash  (cost=174413.02..174413.02 rows=227609 width=8) (actual time=4306.098..4306.098 rows=577486 loops=1)
        Buckets: 131072 (originally 131072)  Batches: 8 (originally 4)  Memory Usage: 3892kB
        ->  Hash Join  (cost=78556.72..174413.02 rows=227609 width=8) (actual time=1413.006..4119.264 rows=577486 loops=1)
              Hash Cond: (mk.movie_id = t.id)
              ->  Seq Scan on movie_keyword mk  (cost=0.00..81003.12 rows=862155 width=4) (actual time=0.028..1473.700 rows=870587 loops=1)
                    Filter: (keyword_id > 21181)
                    Rows Removed by Filter: 3653343
              ->  Hash  (cost=67604.59..67604.59 rows=667531 width=4) (actual time=1340.499..1340.499 rows=662825 loops=1)
                    Buckets: 131072  Batches: 16  Memory Usage: 2486kB
                    ->  Seq Scan on title t  (cost=0.00..67604.59 rows=667531 width=4) (actual time=8.747..1129.209 rows=662825 loops=1)
                          Filter: (kind_id = 1)
                          Rows Removed by Filter: 1865487
Planning time: 1.126 ms
Execution time: 17625.621 ms
