Seq Scan on movie_keyword mk  (cost=0.00..81003.12 rows=1054065 width=0) (actual time=0.025..1340.355 rows=1061117 loops=1)
  Filter: (keyword_id < 1060)
  Rows Removed by Filter: 3462813
Planning time: 0.347 ms
Execution time: 1485.042 ms
