Nested Loop  (cost=0.43..709673.15 rows=286 width=0) (actual time=6170.951..10615.057 rows=302 loops=1)
  ->  Seq Scan on cast_info ci  (cost=0.00..705507.15 rows=500 width=4) (actual time=6170.803..10598.412 rows=302 loops=1)
        Filter: (person_id = 2434370)
        Rows Removed by Filter: 36244042
  ->  Index Scan using title_pkey on title t  (cost=0.43..8.32 rows=1 width=4) (actual time=0.054..0.054 rows=1 loops=302)
        Index Cond: (id = ci.movie_id)
        Filter: (production_year < 2006)
Planning time: 0.802 ms
Execution time: 10615.237 ms
