Seq Scan on movie_keyword mk  (cost=0.00..81003.12 rows=4337971 width=0) (actual time=0.026..1722.610 rows=4333759 loops=1)
  Filter: (keyword_id < 70919)
  Rows Removed by Filter: 190171
Planning time: 0.373 ms
Execution time: 2262.035 ms
