Seq Scan on movie_keyword mk  (cost=0.00..81003.12 rows=246 width=0) (actual time=12.973..1317.888 rows=227 loops=1)
  Filter: (keyword_id = 15690)
  Rows Removed by Filter: 4523703
Planning time: 0.369 ms
Execution time: 1318.142 ms
