Hash Join  (cost=799707.63..858807.39 rows=353 width=0) (actual time=15019.735..16361.355 rows=132 loops=1)
  Hash Cond: (mc.movie_id = t.id)
  ->  Seq Scan on movie_companies mc  (cost=0.00..51404.11 rows=2051230 width=4) (actual time=0.022..1083.643 rows=2053864 loops=1)
        Filter: (company_id > 575)
        Rows Removed by Filter: 555265
  ->  Hash  (cost=799702.19..799702.19 rows=435 width=8) (actual time=15004.642..15004.642 rows=183 loops=1)
        Buckets: 1024  Batches: 1  Memory Usage: 16kB
        ->  Nested Loop  (cost=0.43..799702.19 rows=435 width=8) (actual time=13993.900..15004.544 rows=183 loops=1)
              ->  Seq Scan on cast_info ci  (cost=0.00..796071.18 rows=435 width=4) (actual time=13993.727..14999.830 rows=183 loops=1)
                    Filter: ((role_id < 10) AND (person_id = 1890667))
                    Rows Removed by Filter: 36244161
              ->  Index Only Scan using title_pkey on title t  (cost=0.43..8.34 rows=1 width=4) (actual time=0.024..0.025 rows=1 loops=183)
                    Index Cond: (id = ci.movie_id)
                    Heap Fetches: 183
Planning time: 3.008 ms
Execution time: 16361.495 ms
