Hash Join  (cost=80042.24..1262005.30 rows=9749180 width=0) (actual time=1299.587..35708.662 rows=10136134 loops=1)
  Hash Cond: (ci.movie_id = t.id)
  ->  Seq Scan on cast_info ci  (cost=0.00..705507.15 rows=32518964 width=4) (actual time=0.022..16634.547 rows=32650151 loops=1)
        Filter: (person_id > 344006)
        Rows Removed by Filter: 3594193
  ->  Hash  (cost=67604.59..67604.59 rows=758052 width=4) (actual time=1298.438..1298.438 rows=753677 loops=1)
        Buckets: 131072  Batches: 16  Memory Usage: 2677kB
        ->  Seq Scan on title t  (cost=0.00..67604.59 rows=758052 width=4) (actual time=0.042..1070.773 rows=753677 loops=1)
              Filter: (kind_id < 3)
              Rows Removed by Filter: 1774635
Planning time: 0.773 ms
Execution time: 36795.675 ms
