Hash Join  (cost=74110.60..444073.43 rows=36413 width=0) (actual time=2804.595..7438.175 rows=11 loops=1)
  Hash Cond: (mi.movie_id = t.id)
  ->  Seq Scan on movie_info mi  (cost=0.00..346232.03 rows=6231111 width=4) (actual time=0.014..5519.562 rows=6223494 loops=1)
        Filter: (info_type_id > 8)
        Rows Removed by Filter: 8612226
  ->  Hash  (cost=73925.90..73925.90 rows=14776 width=4) (actual time=1087.512..1087.512 rows=7 loops=1)
        Buckets: 16384  Batches: 1  Memory Usage: 129kB
        ->  Seq Scan on title t  (cost=0.00..73925.90 rows=14776 width=4) (actual time=316.706..1087.494 rows=7 loops=1)
              Filter: ((production_year < 1967) AND (kind_id = 4))
              Rows Removed by Filter: 2528305
Planning time: 0.766 ms
Execution time: 7438.303 ms
