Seq Scan on movie_companies mc  (cost=0.00..51404.11 rows=2026836 width=0) (actual time=0.018..872.923 rows=2019552 loops=1)
  Filter: (company_id < 70577)
  Rows Removed by Filter: 589577
Planning time: 0.323 ms
Execution time: 1133.930 ms
