Seq Scan on movie_keyword mk  (cost=0.00..81003.12 rows=246 width=0) (actual time=1.461..1284.617 rows=142 loops=1)
  Filter: (keyword_id = 72064)
  Rows Removed by Filter: 4523788
Planning time: 0.543 ms
Execution time: 1284.766 ms
