Hash Join  (cost=140228.05..648000.81 rows=2620982 width=0) (actual time=3077.588..20595.099 rows=13949405 loops=1)
  Hash Cond: (mi.movie_id = t.id)
  ->  Seq Scan on movie_info mi  (cost=0.00..309384.22 rows=14739122 width=4) (actual time=0.018..6409.471 rows=14835720 loops=1)
  ->  Hash  (cost=132850.61..132850.61 rows=449635 width=8) (actual time=3076.649..3076.649 rows=785590 loops=1)
        Buckets: 131072 (originally 131072)  Batches: 16 (originally 8)  Memory Usage: 3073kB
        ->  Hash Join  (cost=87442.78..132850.61 rows=449635 width=8) (actual time=1478.374..2870.819 rows=785590 loops=1)
              Hash Cond: (mi_idx.movie_id = t.id)
              ->  Seq Scan on movie_info_idx mi_idx  (cost=0.00..21735.35 rows=1380035 width=4) (actual time=0.024..472.380 rows=1380035 loops=1)
              ->  Hash  (cost=73925.90..73925.90 rows=823830 width=4) (actual time=1477.297..1477.297 rows=737996 loops=1)
                    Buckets: 131072  Batches: 16  Memory Usage: 2648kB
                    ->  Seq Scan on title t  (cost=0.00..73925.90 rows=823830 width=4) (actual time=0.027..1254.067 rows=737996 loops=1)
                          Filter: ((kind_id < 7) AND (production_year > 1968))
                          Rows Removed by Filter: 1790316
Planning time: 1.199 ms
Execution time: 22247.847 ms
