Seq Scan on movie_companies mc  (cost=0.00..57926.93 rows=112498 width=0) (actual time=0.022..816.312 rows=175501 loops=1)
  Filter: ((company_id < 84) AND (company_type_id < 2))
  Rows Removed by Filter: 2433628
Planning time: 0.312 ms
Execution time: 839.078 ms
