Hash Join  (cost=74823.85..162767.15 rows=128526 width=0) (actual time=1244.765..3174.398 rows=177120 loops=1)
  Hash Cond: (mk.movie_id = t.id)
  ->  Seq Scan on movie_keyword mk  (cost=0.00..69693.30 rows=4523930 width=4) (actual time=0.014..1019.709 rows=4523930 loops=1)
  ->  Hash  (cost=73925.90..73925.90 rows=71836 width=4) (actual time=1244.069..1244.069 rows=65261 loops=1)
        Buckets: 131072  Batches: 1  Memory Usage: 3319kB
        ->  Seq Scan on title t  (cost=0.00..73925.90 rows=71836 width=4) (actual time=283.029..1214.538 rows=65261 loops=1)
              Filter: ((production_year > 1989) AND (kind_id = 3))
              Rows Removed by Filter: 2463051
Planning time: 0.737 ms
Execution time: 3197.389 ms
