Hash Join  (cost=213247.74..1106684.65 rows=2308348 width=0) (actual time=9640.711..23407.606 rows=687697 loops=1)
  Hash Cond: (ci.movie_id = t.id)
  ->  Seq Scan on cast_info ci  (cost=0.00..705507.15 rows=12726058 width=4) (actual time=5372.591..14120.698 rows=12670688 loops=1)
        Filter: (role_id = 1)
        Rows Removed by Filter: 23573656
  ->  Hash  (cost=205722.70..205722.70 rows=458643 width=8) (actual time=4259.395..4259.395 rows=79891 loops=1)
        Buckets: 131072  Batches: 8  Memory Usage: 1387kB
        ->  Hash Join  (cost=78132.23..205722.70 rows=458643 width=8) (actual time=1205.560..4233.154 rows=79891 loops=1)
              Hash Cond: (mk.movie_id = t.id)
              ->  Seq Scan on movie_keyword mk  (cost=0.00..69693.30 rows=4523930 width=4) (actual time=0.014..1408.329 rows=4523930 loops=1)
              ->  Hash  (cost=73925.90..73925.90 rows=256346 width=4) (actual time=1144.486..1144.486 rows=145500 loops=1)
                    Buckets: 131072  Batches: 4  Memory Usage: 2308kB
                    ->  Seq Scan on title t  (cost=0.00..73925.90 rows=256346 width=4) (actual time=0.135..1090.700 rows=145500 loops=1)
                          Filter: ((kind_id > 4) AND (production_year < 1973))
                          Rows Removed by Filter: 2382812
Planning time: 1.000 ms
Execution time: 23480.114 ms
