Hash Join  (cost=193877.09..1206217.74 rows=3370117 width=0) (actual time=5090.542..40867.421 rows=27172957 loops=1)
  Hash Cond: (ci.movie_id = t.id)
  ->  Seq Scan on cast_info ci  (cost=0.00..705507.15 rows=23499554 width=4) (actual time=0.022..15621.614 rows=23573656 loops=1)
        Filter: (role_id > 1)
        Rows Removed by Filter: 12670688
  ->  Hash  (cost=187927.33..187927.33 rows=362621 width=8) (actual time=5089.406..5089.406 rows=984030 loops=1)
        Buckets: 131072 (originally 131072)  Batches: 16 (originally 8)  Memory Usage: 3450kB
        ->  Hash Join  (cost=86252.72..187927.33 rows=362621 width=8) (actual time=2447.369..4823.548 rows=984030 loops=1)
              Hash Cond: (mk.movie_id = t.id)
              ->  Seq Scan on movie_keyword mk  (cost=0.00..81003.12 rows=1220341 width=4) (actual time=3.280..1448.901 rows=1228876 loops=1)
                    Filter: (keyword_id < 1559)
                    Rows Removed by Filter: 3295054
              ->  Hash  (cost=73925.90..73925.90 rows=751345 width=4) (actual time=2443.291..2443.291 rows=793943 loops=1)
                    Buckets: 131072  Batches: 16  Memory Usage: 2779kB
                    ->  Seq Scan on title t  (cost=0.00..73925.90 rows=751345 width=4) (actual time=0.042..1317.101 rows=793943 loops=1)
                          Filter: ((kind_id < 7) AND (production_year < 2010))
                          Rows Removed by Filter: 1734369
Planning time: 1.147 ms
Execution time: 44074.442 ms
