Seq Scan on cast_info ci  (cost=0.00..705507.15 rows=29922839 width=0) (actual time=0.026..13752.782 rows=29862190 loops=1)
  Filter: (person_id < 3015890)
  Rows Removed by Filter: 6382154
Planning time: 0.342 ms
Execution time: 17457.142 ms
