Hash Join  (cost=98201.10..149749.13 rows=807554 width=0) (actual time=1986.082..3539.840 rows=667581 loops=1)
  Hash Cond: (mi_idx.movie_id = t.id)
  ->  Seq Scan on movie_info_idx mi_idx  (cost=0.00..21735.35 rows=1380035 width=4) (actual time=0.012..405.025 rows=1380035 loops=1)
  ->  Hash  (cost=73925.90..73925.90 rows=1479616 width=4) (actual time=1984.644..1984.644 rows=1600919 loops=1)
        Buckets: 131072  Batches: 32  Memory Usage: 2791kB
        ->  Seq Scan on title t  (cost=0.00..73925.90 rows=1479616 width=4) (actual time=0.022..1460.423 rows=1600919 loops=1)
              Filter: ((kind_id > 1) AND (production_year > 1975))
              Rows Removed by Filter: 927393
Planning time: 0.807 ms
Execution time: 3619.641 ms
