Hash Join  (cost=84240.62..191802.90 rows=426568 width=0) (actual time=1469.250..4238.005 rows=755067 loops=1)
  Hash Cond: (mk.movie_id = t.id)
  ->  Seq Scan on movie_keyword mk  (cost=0.00..81003.12 rows=1715595 width=4) (actual time=0.025..1603.558 rows=1723965 loops=1)
        Filter: (keyword_id > 8225)
        Rows Removed by Filter: 2799965
  ->  Hash  (cost=73925.90..73925.90 rows=628697 width=4) (actual time=1468.234..1468.234 rows=532584 loops=1)
        Buckets: 131072  Batches: 16  Memory Usage: 2196kB
        ->  Seq Scan on title t  (cost=0.00..73925.90 rows=628697 width=4) (actual time=0.012..1286.932 rows=532584 loops=1)
              Filter: ((kind_id < 7) AND (production_year > 1995))
              Rows Removed by Filter: 1995728
Planning time: 0.746 ms
Execution time: 4331.552 ms
