Hash Join  (cost=107774.22..195724.82 rows=129256 width=0) (actual time=2068.482..3927.827 rows=181097 loops=1)
  Hash Cond: (mk.movie_id = t.id)
  ->  Seq Scan on movie_keyword mk  (cost=0.00..69693.30 rows=4523930 width=4) (actual time=0.018..968.116 rows=4523930 loops=1)
  ->  Hash  (cost=106871.17..106871.17 rows=72244 width=8) (actual time=2067.621..2067.621 rows=43850 loops=1)
        Buckets: 131072  Batches: 1  Memory Usage: 2737kB
        ->  Hash Join  (cost=74050.79..106871.17 rows=72244 width=8) (actual time=1235.540..2049.238 rows=43850 loops=1)
              Hash Cond: (mi_idx.movie_id = t.id)
              ->  Seq Scan on movie_info_idx mi_idx  (cost=0.00..25185.44 rows=464934 width=4) (actual time=0.018..514.552 rows=460185 loops=1)
                    Filter: (info_type_id > 100)
                    Rows Removed by Filter: 919850
              ->  Hash  (cost=67604.59..67604.59 rows=392896 width=4) (actual time=1234.678..1234.678 rows=391666 loops=1)
                    Buckets: 131072  Batches: 8  Memory Usage: 2753kB
                    ->  Seq Scan on title t  (cost=0.00..67604.59 rows=392896 width=4) (actual time=0.019..1105.625 rows=391666 loops=1)
                          Filter: (production_year > 2010)
                          Rows Removed by Filter: 2136646
Planning time: 3.191 ms
Execution time: 3951.969 ms
