Nested Loop  (cost=0.43..52283.69 rows=104 width=0) (actual time=43.725..784.187 rows=323 loops=1)
  ->  Seq Scan on movie_companies mc  (cost=0.00..51404.11 rows=104 width=4) (actual time=43.643..776.524 rows=323 loops=1)
        Filter: (company_id = 8850)
        Rows Removed by Filter: 2608806
  ->  Index Only Scan using title_pkey on title t  (cost=0.43..8.45 rows=1 width=4) (actual time=0.022..0.022 rows=1 loops=323)
        Index Cond: (id = mc.movie_id)
        Heap Fetches: 323
Planning time: 0.768 ms
Execution time: 784.398 ms
