Seq Scan on movie_keyword mk  (cost=0.00..81003.12 rows=246 width=0) (actual time=0.120..873.224 rows=1749 loops=1)
  Filter: (keyword_id = 1221)
  Rows Removed by Filter: 4522181
Planning time: 0.366 ms
Execution time: 873.784 ms
