Hash Join  (cost=75199.97..144685.59 rows=29101 width=0) (actual time=1398.078..2714.509 rows=17000 loops=1)
  Hash Cond: (mc.movie_id = t.id)
  ->  Seq Scan on movie_companies mc  (cost=0.00..57926.93 rows=948181 width=4) (actual time=199.408..1100.710 rows=1245603 loops=1)
        Filter: ((company_id < 48577) AND (company_type_id = 1))
        Rows Removed by Filter: 1363526
  ->  Hash  (cost=73925.90..73925.90 rows=77605 width=4) (actual time=1197.500..1197.500 rows=84684 loops=1)
        Buckets: 131072  Batches: 2  Memory Usage: 2512kB
        ->  Seq Scan on title t  (cost=0.00..73925.90 rows=77605 width=4) (actual time=180.936..1166.452 rows=84684 loops=1)
              Filter: ((kind_id = 7) AND (production_year = 2009))
              Rows Removed by Filter: 2443628
Planning time: 0.761 ms
Execution time: 2716.869 ms
