Seq Scan on movie_companies mc  (cost=0.00..57926.93 rows=51 width=0) (actual time=98.777..807.607 rows=416 loops=1)
  Filter: ((company_type_id < 2) AND (company_id = 1368))
  Rows Removed by Filter: 2608713
Planning time: 0.282 ms
Execution time: 807.802 ms
