Hash Join  (cost=78593.13..1044470.33 rows=2298529 width=0) (actual time=2105.704..26640.093 rows=2718521 loops=1)
  Hash Cond: (ci.movie_id = t.id)
  ->  Seq Scan on cast_info ci  (cost=0.00..705507.15 rows=20434336 width=4) (actual time=778.995..14035.510 rows=20564780 loops=1)
        Filter: (person_id > 1548834)
        Rows Removed by Filter: 15679564
  ->  Hash  (cost=73925.90..73925.90 rows=284418 width=4) (actual time=1325.774..1325.774 rows=382296 loops=1)
        Buckets: 131072 (originally 131072)  Batches: 8 (originally 4)  Memory Usage: 3073kB
        ->  Seq Scan on title t  (cost=0.00..73925.90 rows=284418 width=4) (actual time=51.916..1192.164 rows=382296 loops=1)
              Filter: ((production_year < 2001) AND (kind_id = 1))
              Rows Removed by Filter: 2146016
Planning time: 0.799 ms
Execution time: 26976.419 ms
