Hash Join  (cost=222655.92..1469592.28 rows=20747620 width=0) (actual time=5008.043..46113.414 rows=39860571 loops=1)
  Hash Cond: (ci.movie_id = t.id)
  ->  Seq Scan on cast_info ci  (cost=0.00..614943.12 rows=36225612 width=4) (actual time=0.011..13013.593 rows=36244344 loops=1)
  ->  Hash  (cost=198896.77..198896.77 rows=1448172 width=8) (actual time=5007.145..5007.145 rows=1452863 loops=1)
        Buckets: 131072  Batches: 32  Memory Usage: 2786kB
        ->  Hash Join  (cost=102767.86..198896.77 rows=1448172 width=8) (actual time=1928.740..4562.339 rows=1452863 loops=1)
              Hash Cond: (mc.movie_id = t.id)
              ->  Seq Scan on movie_companies mc  (cost=0.00..51404.11 rows=1448172 width=4) (actual time=0.031..954.581 rows=1452863 loops=1)
                    Filter: (company_id > 9278)
                    Rows Removed by Filter: 1156266
              ->  Hash  (cost=61283.27..61283.27 rows=2528527 width=4) (actual time=1927.110..1927.110 rows=2528312 loops=1)
                    Buckets: 131072  Batches: 64  Memory Usage: 2415kB
                    ->  Seq Scan on title t  (cost=0.00..61283.27 rows=2528527 width=4) (actual time=0.023..1096.840 rows=2528312 loops=1)
Planning time: 1.146 ms
Execution time: 50090.052 ms
