Seq Scan on movie_keyword mk  (cost=0.00..81003.12 rows=2845311 width=0) (actual time=0.024..1493.313 rows=2834645 loops=1)
  Filter: (keyword_id < 8569)
  Rows Removed by Filter: 1689285
Planning time: 0.329 ms
Execution time: 1860.103 ms
