Hash Join  (cost=881823.28..1060271.06 rows=919744 width=0) (actual time=22970.526..27771.547 rows=5794135 loops=1)
  Hash Cond: (mk.movie_id = t.id)
  ->  Seq Scan on movie_keyword mk  (cost=0.00..69693.30 rows=4523930 width=4) (actual time=0.013..1557.614 rows=4523930 loops=1)
  ->  Hash  (cost=873388.46..873388.46 rows=514066 width=8) (actual time=22969.525..22969.525 rows=525927 loops=1)
        Buckets: 131072  Batches: 8  Memory Usage: 3574kB
        ->  Hash Join  (cost=74617.32..873388.46 rows=514066 width=8) (actual time=967.987..22475.678 rows=525927 loops=1)
              Hash Cond: (ci.movie_id = t.id)
              ->  Seq Scan on cast_info ci  (cost=0.00..705507.15 rows=23499554 width=4) (actual time=0.017..14955.150 rows=23573656 loops=1)
                    Filter: (role_id > 1)
                    Rows Removed by Filter: 12670688
              ->  Hash  (cost=73925.90..73925.90 rows=55313 width=4) (actual time=967.633..967.633 rows=49075 loops=1)
                    Buckets: 65536  Batches: 1  Memory Usage: 2238kB
                    ->  Seq Scan on title t  (cost=0.00..73925.90 rows=55313 width=4) (actual time=0.037..949.301 rows=49075 loops=1)
                          Filter: ((kind_id < 7) AND (production_year = 2010))
                          Rows Removed by Filter: 2479237
Planning time: 0.707 ms
Execution time: 28470.984 ms
