Seq Scan on movie_companies mc  (cost=0.00..57926.93 rows=53 width=0) (actual time=0.047..767.607 rows=103 loops=1)
  Filter: ((company_id = 13119) AND (company_type_id = 2))
  Rows Removed by Filter: 2609026
Planning time: 0.431 ms
Execution time: 767.737 ms
