Hash Join  (cost=161395.06..534516.90 rows=57262 width=0) (actual time=2882.226..10623.074 rows=3924584 loops=1)
  Hash Cond: (mi.movie_id = t.id)
  ->  Seq Scan on movie_info mi  (cost=0.00..346232.03 rows=5263441 width=4) (actual time=0.022..5761.939 rows=5270569 loops=1)
        Filter: (info_type_id > 15)
        Rows Removed by Filter: 9565151
  ->  Hash  (cost=161051.21..161051.21 rows=27508 width=8) (actual time=2881.919..2881.919 rows=62211 loops=1)
        Buckets: 65536 (originally 32768)  Batches: 1 (originally 1)  Memory Usage: 2943kB
        ->  Hash Join  (cost=74118.09..161051.21 rows=27508 width=8) (actual time=1116.081..2861.807 rows=62211 loops=1)
              Hash Cond: (mk.movie_id = t.id)
              ->  Seq Scan on movie_keyword mk  (cost=0.00..69693.30 rows=4523930 width=4) (actual time=0.012..904.815 rows=4523930 loops=1)
              ->  Hash  (cost=73925.90..73925.90 rows=15375 width=4) (actual time=1115.389..1115.389 rows=8740 loops=1)
                    Buckets: 16384  Batches: 1  Memory Usage: 436kB
                    ->  Seq Scan on title t  (cost=0.00..73925.90 rows=15375 width=4) (actual time=365.996..1111.382 rows=8740 loops=1)
                          Filter: ((kind_id = 1) AND (production_year = 2001))
                          Rows Removed by Filter: 2519572
Planning time: 1.162 ms
Execution time: 11111.943 ms
