Seq Scan on movie_keyword mk  (cost=0.00..81003.12 rows=515938 width=0) (actual time=0.019..842.828 rows=508488 loops=1)
  Filter: (keyword_id > 35704)
  Rows Removed by Filter: 4015442
Planning time: 0.320 ms
Execution time: 891.176 ms
