Hash Join  (cost=365418.15..1991943.54 rows=46909560 width=0) (actual time=8614.172..73915.177 rows=152962237 loops=1)
  Hash Cond: (ci.movie_id = t.id)
  ->  Seq Scan on cast_info ci  (cost=0.00..705507.15 rows=26218816 width=4) (actual time=0.015..15636.956 rows=26241606 loops=1)
        Filter: (person_id < 2714738)
        Rows Removed by Filter: 10002738
  ->  Hash  (cost=291197.02..291197.02 rows=4523930 width=8) (actual time=8612.493..8612.493 rows=4523930 loops=1)
        Buckets: 131072  Batches: 64  Memory Usage: 3816kB
        ->  Hash Join  (cost=102767.86..291197.02 rows=4523930 width=8) (actual time=1943.288..7335.993 rows=4523930 loops=1)
              Hash Cond: (mk.movie_id = t.id)
              ->  Seq Scan on movie_keyword mk  (cost=0.00..69693.30 rows=4523930 width=4) (actual time=0.011..1478.494 rows=4523930 loops=1)
              ->  Hash  (cost=61283.27..61283.27 rows=2528527 width=4) (actual time=1941.365..1941.365 rows=2528312 loops=1)
                    Buckets: 131072  Batches: 64  Memory Usage: 2425kB
                    ->  Seq Scan on title t  (cost=0.00..61283.27 rows=2528527 width=4) (actual time=0.012..1076.476 rows=2528312 loops=1)
Planning time: 1.166 ms
Execution time: 89934.106 ms
