Hash Join  (cost=73976.52..161799.06 rows=2900 width=0) (actual time=1821.537..2655.189 rows=2445 loops=1)
  Hash Cond: (mk.movie_id = t.id)
  ->  Seq Scan on movie_keyword mk  (cost=0.00..81003.12 rows=1810779 width=4) (actual time=0.025..1326.585 rows=1810579 loops=1)
        Filter: (keyword_id > 7663)
        Rows Removed by Filter: 2713351
  ->  Hash  (cost=73925.90..73925.90 rows=4049 width=4) (actual time=1048.511..1048.511 rows=4058 loops=1)
        Buckets: 4096  Batches: 1  Memory Usage: 175kB
        ->  Seq Scan on title t  (cost=0.00..73925.90 rows=4049 width=4) (actual time=0.412..1046.421 rows=4058 loops=1)
              Filter: ((kind_id = 2) AND (production_year = 2007))
              Rows Removed by Filter: 2524254
Planning time: 0.768 ms
Execution time: 2655.657 ms
