Hash Join  (cost=635390.12..2297658.08 rows=39138279 width=0) (actual time=16203.604..105721.717 rows=225602756 loops=1)
  Hash Cond: (ci.movie_id = t.id)
  ->  Seq Scan on cast_info ci  (cost=0.00..614943.12 rows=36225612 width=4) (actual time=0.015..12213.054 rows=36244344 loops=1)
  ->  Hash  (cost=590570.26..590570.26 rows=2731829 width=8) (actual time=16201.650..16201.650 rows=4502619 loops=1)
        Buckets: 131072  Batches: 64  Memory Usage: 3708kB
        ->  Hash Join  (cost=81615.04..590570.26 rows=2731829 width=8) (actual time=1243.453..14814.684 rows=4502619 loops=1)
              Hash Cond: (mi.movie_id = t.id)
              ->  Seq Scan on movie_info mi  (cost=0.00..309384.22 rows=14739122 width=4) (actual time=0.020..5035.286 rows=14835720 loops=1)
              ->  Hash  (cost=73925.90..73925.90 rows=468651 width=4) (actual time=1242.641..1242.641 rows=340746 loops=1)
                    Buckets: 131072  Batches: 8  Memory Usage: 2534kB
                    ->  Seq Scan on title t  (cost=0.00..73925.90 rows=468651 width=4) (actual time=0.371..1131.840 rows=340746 loops=1)
                          Filter: ((production_year > 1989) AND (kind_id = 1))
                          Rows Removed by Filter: 2187566
Planning time: 2.304 ms
Execution time: 131225.808 ms
