Hash Join  (cost=76746.21..116048.70 rows=93801 width=0) (actual time=1420.298..2487.071 rows=209702 loops=1)
  Hash Cond: (mi_idx.movie_id = t.id)
  ->  Seq Scan on movie_info_idx mi_idx  (cost=0.00..21735.35 rows=1380035 width=4) (actual time=0.017..406.624 rows=1380035 loops=1)
  ->  Hash  (cost=73925.90..73925.90 rows=171864 width=4) (actual time=1418.437..1418.437 rows=275829 loops=1)
        Buckets: 131072  Batches: 4  Memory Usage: 3453kB
        ->  Seq Scan on title t  (cost=0.00..73925.90 rows=171864 width=4) (actual time=0.106..1095.758 rows=275829 loops=1)
              Filter: ((kind_id < 7) AND (production_year < 1975))
              Rows Removed by Filter: 2252483
Planning time: 0.757 ms
Execution time: 2514.316 ms
