Nested Loop  (cost=44377.22..145309.23 rows=1260 width=0) (actual time=843.686..2391.871 rows=3939 loops=1)
  ->  Hash Join  (cost=44376.79..132341.63 rows=21964 width=8) (actual time=843.626..2168.222 rows=25061 loops=1)
        Hash Cond: (mk.movie_id = mi_idx.movie_id)
        ->  Seq Scan on movie_keyword mk  (cost=0.00..81003.12 rows=7389 width=4) (actual time=0.023..1110.671 rows=9638 loops=1)
              Filter: (keyword_id = 236)
              Rows Removed by Filter: 4514292
        ->  Hash  (cost=21735.35..21735.35 rows=1380035 width=4) (actual time=842.721..842.721 rows=1380035 loops=1)
              Buckets: 131072  Batches: 32  Memory Usage: 2556kB
              ->  Seq Scan on movie_info_idx mi_idx  (cost=0.00..21735.35 rows=1380035 width=4) (actual time=0.012..415.720 rows=1380035 loops=1)
  ->  Index Scan using title_pkey on title t  (cost=0.43..0.58 rows=1 width=4) (actual time=0.009..0.009 rows=0 loops=25061)
        Index Cond: (id = mi_idx.movie_id)
        Filter: (production_year > 2007)
        Rows Removed by Filter: 1
Planning time: 1.013 ms
Execution time: 2392.737 ms
