Seq Scan on cast_info ci  (cost=0.00..796071.18 rows=1587489 width=0) (actual time=900.479..10153.106 rows=678921 loops=1)
  Filter: ((person_id < 232326) AND (role_id > 1))
  Rows Removed by Filter: 35565423
Planning time: 0.348 ms
Execution time: 10231.320 ms
