Nested Loop  (cost=0.43..79794.80 rows=2815 width=0) (actual time=10.013..839.280 rows=72 loops=1)
  ->  Seq Scan on movie_companies mc  (cost=0.00..57926.93 rows=2815 width=4) (actual time=9.931..834.121 rows=72 loops=1)
        Filter: ((company_type_id < 2) AND (company_id = 1284))
        Rows Removed by Filter: 2609057
  ->  Index Only Scan using title_pkey on title t  (cost=0.43..7.76 rows=1 width=4) (actual time=0.068..0.069 rows=1 loops=72)
        Index Cond: (id = mc.movie_id)
        Heap Fetches: 72
Planning time: 0.746 ms
Execution time: 839.396 ms
