Seq Scan on movie_keyword mk  (cost=0.00..81003.12 rows=3752748 width=0) (actual time=0.029..1501.588 rows=3744667 loops=1)
  Filter: (keyword_id < 24185)
  Rows Removed by Filter: 779263
Planning time: 1.839 ms
Execution time: 1978.315 ms
