Hash Join  (cost=129780.31..884218.43 rows=171049 width=0) (actual time=2341.760..17326.304 rows=722171 loops=1)
  Hash Cond: (ci.movie_id = t.id)
  ->  Seq Scan on cast_info ci  (cost=0.00..705507.15 rows=12592128 width=4) (actual time=0.024..11198.924 rows=12537786 loops=1)
        Filter: (person_id < 1235890)
        Rows Removed by Filter: 23706558
  ->  Hash  (cost=129350.97..129350.97 rows=34347 width=8) (actual time=2341.184..2341.184 rows=59122 loops=1)
        Buckets: 65536  Batches: 1  Memory Usage: 2822kB
        ->  Hash Join  (cost=74341.98..129350.97 rows=34347 width=8) (actual time=1081.371..2318.841 rows=59122 loops=1)
              Hash Cond: (mc.movie_id = t.id)
              ->  Seq Scan on movie_companies mc  (cost=0.00..44881.29 rows=2609129 width=4) (actual time=0.023..596.408 rows=2609129 loops=1)
              ->  Hash  (cost=73925.90..73925.90 rows=33286 width=4) (actual time=1081.014..1081.014 rows=28113 loops=1)
                    Buckets: 65536  Batches: 1  Memory Usage: 1501kB
                    ->  Seq Scan on title t  (cost=0.00..73925.90 rows=33286 width=4) (actual time=0.248..1069.204 rows=28113 loops=1)
                          Filter: ((kind_id < 7) AND (production_year = 2004))
                          Rows Removed by Filter: 2500199
Planning time: 1.199 ms
Execution time: 17423.615 ms
