Seq Scan on title t  (cost=0.00..67604.59 rows=987727 width=94) (actual time=0.012..1233.658 rows=985048 loops=1)
  Filter: (kind_id < 7)
  Rows Removed by Filter: 1543264
Planning time: 2.305 ms
Execution time: 1291.126 ms
