Nested Loop  (cost=0.43..83071.67 rows=246 width=0) (actual time=2.666..1198.126 rows=1191 loops=1)
  ->  Seq Scan on movie_keyword mk  (cost=0.00..81003.12 rows=246 width=4) (actual time=2.589..1147.270 rows=1191 loops=1)
        Filter: (keyword_id = 1028)
        Rows Removed by Filter: 4522739
  ->  Index Only Scan using title_pkey on title t  (cost=0.43..8.40 rows=1 width=4) (actual time=0.041..0.042 rows=1 loops=1191)
        Index Cond: (id = mk.movie_id)
        Heap Fetches: 1191
Planning time: 1.704 ms
Execution time: 1198.618 ms
