Hash Join  (cost=149985.78..188943.27 rows=73701 width=0) (actual time=2597.488..3453.712 rows=88920 loops=1)
  Hash Cond: (mi_idx.movie_id = t.id)
  ->  Seq Scan on movie_info_idx mi_idx  (cost=0.00..21735.35 rows=1380035 width=4) (actual time=0.029..421.932 rows=1380035 loops=1)
  ->  Hash  (cost=147769.81..147769.81 rows=135037 width=8) (actual time=2596.778..2596.778 rows=47824 loops=1)
        Buckets: 131072  Batches: 2  Memory Usage: 1961kB
        ->  Hash Join  (cost=80380.17..147769.81 rows=135037 width=8) (actual time=1380.012..2579.100 rows=47824 loops=1)
              Hash Cond: (mc.movie_id = t.id)
              ->  Seq Scan on movie_companies mc  (cost=0.00..57926.93 rows=438489 width=4) (actual time=0.046..965.916 rows=121712 loops=1)
                    Filter: ((company_id > 21319) AND (company_type_id = 1))
                    Rows Removed by Filter: 2487417
              ->  Hash  (cost=67604.59..67604.59 rows=778687 width=4) (actual time=1378.643..1378.643 rows=782677 loops=1)
                    Buckets: 131072  Batches: 16  Memory Usage: 2744kB
                    ->  Seq Scan on title t  (cost=0.00..67604.59 rows=778687 width=4) (actual time=0.017..1127.603 rows=782677 loops=1)
                          Filter: (production_year < 1994)
                          Rows Removed by Filter: 1745635
Planning time: 1.187 ms
Execution time: 3464.210 ms
