Seq Scan on movie_keyword mk  (cost=0.00..81003.12 rows=3877759 width=0) (actual time=0.014..1423.601 rows=3867217 loops=1)
  Filter: (keyword_id < 28616)
  Rows Removed by Filter: 656713
Planning time: 0.327 ms
Execution time: 1909.278 ms
