Hash Join  (cost=171335.62..226700.38 rows=69923 width=0) (actual time=3029.453..4891.099 rows=1160949 loops=1)
  Hash Cond: (mc.movie_id = t.id)
  ->  Seq Scan on movie_companies mc  (cost=0.00..44881.29 rows=2609129 width=4) (actual time=0.023..592.509 rows=2609129 loops=1)
  ->  Hash  (cost=170488.59..170488.59 rows=67763 width=8) (actual time=3028.481..3028.481 rows=94174 loops=1)
        Buckets: 131072 (originally 131072)  Batches: 2 (originally 1)  Memory Usage: 3073kB
        ->  Hash Join  (cost=76796.18..170488.59 rows=67763 width=8) (actual time=1431.558..2993.996 rows=94174 loops=1)
              Hash Cond: (mk.movie_id = t.id)
              ->  Seq Scan on movie_keyword mk  (cost=0.00..81003.12 rows=979640 width=4) (actual time=0.014..1349.389 rows=983856 loops=1)
                    Filter: (keyword_id > 18814)
                    Rows Removed by Filter: 3540074
              ->  Hash  (cost=73925.90..73925.90 rows=174902 width=4) (actual time=1206.062..1206.062 rows=160286 loops=1)
                    Buckets: 131072  Batches: 4  Memory Usage: 2442kB
                    ->  Seq Scan on title t  (cost=0.00..73925.90 rows=174902 width=4) (actual time=0.020..1154.078 rows=160286 loops=1)
                          Filter: ((production_year > 2008) AND (kind_id = 1))
                          Rows Removed by Filter: 2368026
Planning time: 2.927 ms
Execution time: 5034.119 ms
