Seq Scan on title t  (cost=0.00..67604.59 rows=37928 width=0) (actual time=217.622..799.361 rows=35050 loops=1)
  Filter: (production_year < 1912)
  Rows Removed by Filter: 2493262
Planning time: 0.311 ms
Execution time: 804.389 ms
