Hash Join  (cost=74574.97..101583.73 rows=9466 width=0) (actual time=1260.617..1628.026 rows=5040 loops=1)
  Hash Cond: (mi_idx.movie_id = t.id)
  ->  Seq Scan on movie_info_idx mi_idx  (cost=0.00..25185.44 rows=460978 width=4) (actual time=0.022..385.947 rows=459925 loops=1)
        Filter: (info_type_id < 100)
        Rows Removed by Filter: 920110
  ->  Hash  (cost=73925.90..73925.90 rows=51925 width=4) (actual time=1108.722..1108.722 rows=56480 loops=1)
        Buckets: 65536  Batches: 1  Memory Usage: 2498kB
        ->  Seq Scan on title t  (cost=0.00..73925.90 rows=51925 width=4) (actual time=22.112..1086.310 rows=56480 loops=1)
              Filter: ((kind_id = 7) AND (production_year = 2004))
              Rows Removed by Filter: 2471832
Planning time: 0.692 ms
Execution time: 1628.982 ms
