Nested Loop  (cost=0.43..709673.15 rows=96 width=0) (actual time=7832.967..10362.121 rows=1 loops=1)
  ->  Seq Scan on cast_info ci  (cost=0.00..705507.15 rows=500 width=4) (actual time=2309.605..10333.513 rows=807 loops=1)
        Filter: (person_id = 582903)
        Rows Removed by Filter: 36243537
  ->  Index Scan using title_pkey on title t  (cost=0.43..8.32 rows=1 width=4) (actual time=0.035..0.035 rows=0 loops=807)
        Index Cond: (id = ci.movie_id)
        Filter: (production_year < 1978)
        Rows Removed by Filter: 1
Planning time: 0.790 ms
Execution time: 10362.257 ms
