Seq Scan on cast_info ci  (cost=0.00..705507.15 rows=20581987 width=0) (actual time=0.014..11863.808 rows=20485931 loops=1)
  Filter: (person_id < 2060922)
  Rows Removed by Filter: 15758413
Planning time: 0.348 ms
Execution time: 14463.323 ms
