Hash Join  (cost=74125.58..898480.37 rows=46859 width=0) (actual time=964.032..17601.218 rows=74317 loops=1)
  Hash Cond: (ci.movie_id = t.id)
  ->  Seq Scan on cast_info ci  (cost=0.00..796071.18 rows=7417338 width=4) (actual time=0.018..14199.416 rows=12670688 loops=1)
        Filter: ((person_id < 2116132) AND (role_id = 1))
        Rows Removed by Filter: 23573656
  ->  Hash  (cost=73925.90..73925.90 rows=15974 width=4) (actual time=963.604..963.604 rows=11388 loops=1)
        Buckets: 16384  Batches: 1  Memory Usage: 529kB
        ->  Seq Scan on title t  (cost=0.00..73925.90 rows=15974 width=4) (actual time=0.169..958.315 rows=11388 loops=1)
              Filter: ((kind_id < 4) AND (production_year = 1998))
              Rows Removed by Filter: 2516924
Planning time: 0.547 ms
Execution time: 17614.732 ms
