Seq Scan on cast_info ci  (cost=0.00..796071.18 rows=10838024 width=0) (actual time=0.020..12700.029 rows=11834203 loops=1)
  Filter: ((person_id < 1218929) AND (role_id < 10))
  Rows Removed by Filter: 24410141
Planning time: 0.371 ms
Execution time: 14222.995 ms
