Hash Join  (cost=98969.27..913380.64 rows=403426 width=0) (actual time=4107.059..15122.871 rows=725894 loops=1)
  Hash Cond: (ci.movie_id = t.id)
  ->  Seq Scan on cast_info ci  (cost=0.00..796071.18 rows=533585 width=4) (actual time=2364.674..12368.673 rows=861517 loops=1)
        Filter: ((person_id > 1931976) AND (role_id = 9))
        Rows Removed by Filter: 35382827
  ->  Hash  (cost=67604.59..67604.59 rows=1911735 width=4) (actual time=1740.992..1740.992 rows=1903258 loops=1)
        Buckets: 131072  Batches: 32  Memory Usage: 3122kB
        ->  Seq Scan on title t  (cost=0.00..67604.59 rows=1911735 width=4) (actual time=0.024..1127.629 rows=1903258 loops=1)
              Filter: (production_year > 1982)
              Rows Removed by Filter: 625054
Planning time: 0.772 ms
Execution time: 15214.823 ms
