Hash Join  (cost=83072.40..833862.85 rows=134 width=0) (actual time=1255.462..15121.080 rows=6777 loops=1)
  Hash Cond: (ci.movie_id = t.id)
  ->  Seq Scan on cast_info ci  (cost=0.00..614943.12 rows=36225612 width=4) (actual time=0.016..7288.003 rows=36244344 loops=1)
  ->  Hash  (cost=83072.29..83072.29 rows=9 width=8) (actual time=1252.379..1252.379 rows=72 loops=1)
        Buckets: 1024  Batches: 1  Memory Usage: 11kB
        ->  Nested Loop  (cost=0.43..83072.29 rows=9 width=8) (actual time=14.381..1252.262 rows=72 loops=1)
              ->  Seq Scan on movie_keyword mk  (cost=0.00..81003.12 rows=246 width=4) (actual time=0.034..1181.353 rows=1614 loops=1)
                    Filter: (keyword_id = 2292)
                    Rows Removed by Filter: 4522316
              ->  Index Scan using title_pkey on title t  (cost=0.43..8.40 rows=1 width=4) (actual time=0.043..0.043 rows=0 loops=1614)
                    Index Cond: (id = mk.movie_id)
                    Filter: (production_year = 2005)
                    Rows Removed by Filter: 1
Planning time: 0.846 ms
Execution time: 15123.561 ms
