Hash Join  (cost=124039.11..201095.02 rows=145538 width=0) (actual time=2279.570..4421.533 rows=801587 loops=1)
  Hash Cond: (mc.movie_id = t.id)
  ->  Seq Scan on movie_companies mc  (cost=0.00..44881.29 rows=2609129 width=4) (actual time=0.013..754.348 rows=2609129 loops=1)
  ->  Hash  (cost=121725.09..121725.09 rows=141042 width=8) (actual time=2278.785..2278.785 rows=245883 loops=1)
        Buckets: 131072 (originally 131072)  Batches: 4 (originally 2)  Memory Usage: 3425kB
        ->  Hash Join  (cost=86810.27..121725.09 rows=141042 width=8) (actual time=1310.948..2192.376 rows=245883 loops=1)
              Hash Cond: (mi_idx.movie_id = t.id)
              ->  Seq Scan on movie_info_idx mi_idx  (cost=0.00..25185.44 rows=454124 width=4) (actual time=0.031..433.015 rows=459925 loops=1)
                    Filter: (info_type_id = 100)
                    Rows Removed by Filter: 920110
              ->  Hash  (cost=73925.90..73925.90 rows=785309 width=4) (actual time=1309.905..1309.905 rows=695753 loops=1)
                    Buckets: 131072  Batches: 16  Memory Usage: 2553kB
                    ->  Seq Scan on title t  (cost=0.00..73925.90 rows=785309 width=4) (actual time=0.019..1085.332 rows=695753 loops=1)
                          Filter: ((kind_id < 7) AND (production_year > 1975))
                          Rows Removed by Filter: 1832559
Planning time: 1.076 ms
Execution time: 4518.107 ms
