Seq Scan on movie_companies mc  (cost=0.00..51404.11 rows=611871 width=0) (actual time=0.032..749.825 rows=609879 loops=1)
  Filter: (company_id < 711)
  Rows Removed by Filter: 1999250
Planning time: 0.318 ms
Execution time: 826.411 ms
