Hash Join  (cost=173824.65..1219452.37 rows=1151055 width=0) (actual time=3168.530..29235.207 rows=3315644 loops=1)
  Hash Cond: (ci.movie_id = t.id)
  ->  Seq Scan on cast_info ci  (cost=0.00..614943.12 rows=36225612 width=4) (actual time=0.023..11655.228 rows=36244344 loops=1)
  ->  Hash  (cost=172506.37..172506.37 rows=80343 width=8) (actual time=3167.621..3167.621 rows=129553 loops=1)
        Buckets: 131072  Batches: 2  Memory Usage: 3556kB
        ->  Hash Join  (cost=102767.86..172506.37 rows=80343 width=8) (actual time=1847.107..3123.300 rows=129553 loops=1)
              Hash Cond: (mc.movie_id = t.id)
              ->  Seq Scan on movie_companies mc  (cost=0.00..57926.93 rows=80343 width=4) (actual time=0.028..746.176 rows=129553 loops=1)
                    Filter: ((company_id < 34) AND (company_type_id = 1))
                    Rows Removed by Filter: 2479576
              ->  Hash  (cost=61283.27..61283.27 rows=2528527 width=4) (actual time=1841.827..1841.827 rows=2528312 loops=1)
                    Buckets: 131072  Batches: 64  Memory Usage: 2415kB
                    ->  Seq Scan on title t  (cost=0.00..61283.27 rows=2528527 width=4) (actual time=0.014..990.607 rows=2528312 loops=1)
Planning time: 1.081 ms
Execution time: 29625.232 ms
