Seq Scan on movie_companies mc  (cost=0.00..57926.93 rows=915568 width=0) (actual time=0.016..547.074 rows=754474 loops=1)
  Filter: ((company_id > 1435) AND (company_type_id = 1))
  Rows Removed by Filter: 1854655
Planning time: 0.344 ms
Execution time: 617.248 ms
