Hash Join  (cost=111630.50..989997.29 rows=266555 width=0) (actual time=4650.767..14625.816 rows=37415 loops=1)
  Hash Cond: (ci.movie_id = t.id)
  ->  Seq Scan on cast_info ci  (cost=0.00..796071.18 rows=6853615 width=4) (actual time=2570.311..12268.985 rows=708999 loops=1)
        Filter: ((person_id > 1640687) AND (role_id = 1))
        Rows Removed by Filter: 35535345
  ->  Hash  (cost=110016.24..110016.24 rows=98341 width=8) (actual time=2079.636..2079.636 rows=64083 loops=1)
        Buckets: 131072  Batches: 2  Memory Usage: 2272kB
        ->  Hash Join  (cost=76379.89..110016.24 rows=98341 width=8) (actual time=1199.492..2056.938 rows=64083 loops=1)
              Hash Cond: (mi_idx.movie_id = t.id)
              ->  Seq Scan on movie_info_idx mi_idx  (cost=0.00..25185.44 rows=464934 width=4) (actual time=0.013..515.653 rows=460185 loops=1)
                    Filter: (info_type_id > 100)
                    Rows Removed by Filter: 919850
              ->  Hash  (cost=67604.59..67604.59 rows=534824 width=4) (actual time=1198.585..1198.585 rows=533369 loops=1)
                    Buckets: 131072  Batches: 8  Memory Usage: 3369kB
                    ->  Seq Scan on title t  (cost=0.00..67604.59 rows=534824 width=4) (actual time=0.030..1025.054 rows=533369 loops=1)
                          Filter: (production_year > 2009)
                          Rows Removed by Filter: 1994943
Planning time: 1.137 ms
Execution time: 14631.679 ms
