Hash Join  (cost=100915.24..833814.68 rows=2385 width=0) (actual time=5115.491..14445.489 rows=904 loops=1)
  Hash Cond: (ci.movie_id = t.id)
  ->  Seq Scan on cast_info ci  (cost=0.00..705507.15 rows=7298253 width=4) (actual time=3445.774..11741.435 rows=7451973 loops=1)
        Filter: (role_id = 2)
        Rows Removed by Filter: 28792371
  ->  Hash  (cost=100904.92..100904.92 rows=826 width=8) (actual time=1664.267..1664.267 rows=428 loops=1)
        Buckets: 1024  Batches: 1  Memory Usage: 25kB
        ->  Hash Join  (cost=73982.55..100904.92 rows=826 width=8) (actual time=1120.364..1664.032 rows=428 loops=1)
              Hash Cond: (mi_idx.movie_id = t.id)
              ->  Seq Scan on movie_info_idx mi_idx  (cost=0.00..25185.44 rows=460978 width=4) (actual time=0.047..459.397 rows=459925 loops=1)
                    Filter: (info_type_id < 100)
                    Rows Removed by Filter: 920110
              ->  Hash  (cost=73925.90..73925.90 rows=4532 width=4) (actual time=1120.218..1120.218 rows=4691 loops=1)
                    Buckets: 8192  Batches: 1  Memory Usage: 229kB
                    ->  Seq Scan on title t  (cost=0.00..73925.90 rows=4532 width=4) (actual time=0.372..1117.583 rows=4691 loops=1)
                          Filter: ((kind_id = 7) AND (production_year = 1955))
                          Rows Removed by Filter: 2523621
Planning time: 1.212 ms
Execution time: 14446.027 ms
