Seq Scan on movie_companies mc  (cost=0.00..51404.11 rows=1549710 width=0) (actual time=0.028..936.827 rows=1539791 loops=1)
  Filter: (company_id < 14514)
  Rows Removed by Filter: 1069338
Planning time: 0.369 ms
Execution time: 1136.994 ms
