Seq Scan on movie_keyword mk  (cost=0.00..81003.12 rows=1136182 width=0) (actual time=0.015..1307.780 rows=1145212 loops=1)
  Filter: (keyword_id < 1304)
  Rows Removed by Filter: 3378718
Planning time: 0.374 ms
Execution time: 1472.287 ms
