Hash Join  (cost=88359.31..1230669.87 rows=13042729 width=0) (actual time=1491.672..34085.458 rows=13235716 loops=1)
  Hash Cond: (ci.movie_id = t.id)
  ->  Seq Scan on cast_info ci  (cost=0.00..705507.15 rows=26069899 width=4) (actual time=0.026..14230.472 rows=26060386 loops=1)
        Filter: (person_id < 2696952)
        Rows Removed by Filter: 10183958
  ->  Hash  (cost=67604.59..67604.59 rows=1265018 width=4) (actual time=1490.706..1490.706 rows=1263700 loops=1)
        Buckets: 131072  Batches: 32  Memory Usage: 2410kB
        ->  Seq Scan on title t  (cost=0.00..67604.59 rows=1265018 width=4) (actual time=0.021..1070.621 rows=1263700 loops=1)
              Filter: (production_year < 2004)
              Rows Removed by Filter: 1264612
Planning time: 0.763 ms
Execution time: 35698.699 ms
