Hash Join  (cost=171685.74..1247271.50 rows=5170039 width=0) (actual time=3947.638..34716.912 rows=7190815 loops=1)
  Hash Cond: (ci.movie_id = t.id)
  ->  Seq Scan on cast_info ci  (cost=0.00..705507.15 rows=27373925 width=4) (actual time=0.020..15594.885 rows=27509187 loops=1)
        Filter: (person_id > 860245)
        Rows Removed by Filter: 8735157
  ->  Hash  (cost=163850.29..163850.29 rows=477556 width=8) (actual time=3946.717..3946.717 rows=460945 loops=1)
        Buckets: 131072  Batches: 8  Memory Usage: 3273kB
        ->  Hash Join  (cost=88381.15..163850.29 rows=477556 width=8) (actual time=1713.733..3806.321 rows=460945 loops=1)
              Hash Cond: (mc.movie_id = t.id)
              ->  Seq Scan on movie_companies mc  (cost=0.00..51404.11 rows=1370523 width=4) (actual time=0.021..1146.807 rows=1356449 loops=1)
                    Filter: (company_id < 11652)
                    Rows Removed by Filter: 1252680
              ->  Hash  (cost=73925.90..73925.90 rows=881060 width=4) (actual time=1711.966..1711.966 rows=795183 loops=1)
                    Buckets: 131072  Batches: 16  Memory Usage: 2773kB
                    ->  Seq Scan on title t  (cost=0.00..73925.90 rows=881060 width=4) (actual time=0.013..1434.594 rows=795183 loops=1)
                          Filter: ((kind_id > 1) AND (production_year < 2003))
                          Rows Removed by Filter: 1733129
Planning time: 1.214 ms
Execution time: 35570.199 ms
