Seq Scan on movie_keyword mk  (cost=0.00..81003.12 rows=246 width=0) (actual time=53.280..1147.085 rows=9 loops=1)
  Filter: (keyword_id = 50295)
  Rows Removed by Filter: 4523921
Planning time: 0.408 ms
Execution time: 1147.210 ms
