Seq Scan on movie_companies mc  (cost=0.00..51404.11 rows=158864 width=0) (actual time=296.287..820.334 rows=157285 loops=1)
  Filter: (company_id > 128925)
  Rows Removed by Filter: 2451844
Planning time: 0.320 ms
Execution time: 840.569 ms
