Nested Loop  (cost=0.43..709674.40 rows=171 width=0) (actual time=3850.241..9767.195 rows=32 loops=1)
  ->  Seq Scan on cast_info ci  (cost=0.00..705507.15 rows=500 width=4) (actual time=3850.149..9762.821 rows=124 loops=1)
        Filter: (person_id = 2071698)
        Rows Removed by Filter: 36244220
  ->  Index Scan using title_pkey on title t  (cost=0.43..8.32 rows=1 width=4) (actual time=0.034..0.035 rows=0 loops=124)
        Index Cond: (id = ci.movie_id)
        Filter: ((kind_id < 7) AND (production_year > 1960))
        Rows Removed by Filter: 1
Planning time: 0.808 ms
Execution time: 9767.302 ms
