Hash Join  (cost=102767.86..1166972.05 rows=10732616 width=0) (actual time=2125.831..29469.008 rows=12670688 loops=1)
  Hash Cond: (ci.movie_id = t.id)
  ->  Seq Scan on cast_info ci  (cost=0.00..796071.18 rows=10732616 width=4) (actual time=319.613..15570.837 rows=12670688 loops=1)
        Filter: ((person_id < 3073623) AND (role_id < 2))
        Rows Removed by Filter: 23573656
  ->  Hash  (cost=61283.27..61283.27 rows=2528527 width=4) (actual time=1804.999..1804.999 rows=2528312 loops=1)
        Buckets: 131072  Batches: 64  Memory Usage: 2415kB
        ->  Seq Scan on title t  (cost=0.00..61283.27 rows=2528527 width=4) (actual time=0.033..957.589 rows=2528312 loops=1)
Planning time: 0.762 ms
Execution time: 30982.166 ms
