Hash Join  (cost=74251.74..126358.22 rows=1879 width=0) (actual time=1055.701..1846.757 rows=426 loops=1)
  Hash Cond: (mc.movie_id = t.id)
  ->  Seq Scan on movie_companies mc  (cost=0.00..51404.11 rows=182286 width=4) (actual time=0.039..738.236 rows=182418 loops=1)
        Filter: (company_id < 46)
        Rows Removed by Filter: 2426711
  ->  Hash  (cost=73925.90..73925.90 rows=26067 width=4) (actual time=1055.325..1055.325 rows=27085 loops=1)
        Buckets: 32768  Batches: 1  Memory Usage: 1209kB
        ->  Seq Scan on title t  (cost=0.00..73925.90 rows=26067 width=4) (actual time=0.026..1043.241 rows=27085 loops=1)
              Filter: ((kind_id < 7) AND (production_year > 2012))
              Rows Removed by Filter: 2501227
Planning time: 2.063 ms
Execution time: 1847.080 ms
