Seq Scan on movie_keyword mk  (cost=0.00..81003.12 rows=413185 width=0) (actual time=0.009..1147.709 rows=406627 loops=1)
  Filter: (keyword_id > 42627)
  Rows Removed by Filter: 4117303
Planning time: 0.307 ms
Execution time: 1200.046 ms
