Hash Join  (cost=232896.42..1415082.18 rows=14444355 width=0) (actual time=5070.629..37318.935 rows=6846437 loops=1)
  Hash Cond: (ci.movie_id = t.id)
  ->  Seq Scan on cast_info ci  (cost=0.00..614943.12 rows=36225612 width=4) (actual time=0.024..12301.322 rows=36244344 loops=1)
  ->  Hash  (cost=216354.82..216354.82 rows=1008208 width=8) (actual time=5069.588..5069.588 rows=244238 loops=1)
        Buckets: 131072  Batches: 16  Memory Usage: 1622kB
        ->  Hash Join  (cost=88391.98..216354.82 rows=1008208 width=8) (actual time=2924.183..5001.803 rows=244238 loops=1)
              Hash Cond: (mk.movie_id = t.id)
              ->  Seq Scan on movie_keyword mk  (cost=0.00..81003.12 rows=2891370 width=4) (actual time=0.016..1544.043 rows=2883031 loops=1)
                    Filter: (keyword_id > 2488)
                    Rows Removed by Filter: 1640899
              ->  Hash  (cost=73925.90..73925.90 rows=881686 width=4) (actual time=2042.879..2042.879 rows=801513 loops=1)
                    Buckets: 131072  Batches: 16  Memory Usage: 2792kB
                    ->  Seq Scan on title t  (cost=0.00..73925.90 rows=881686 width=4) (actual time=318.815..1207.883 rows=801513 loops=1)
                          Filter: ((production_year < 2006) AND (kind_id = 7))
                          Rows Removed by Filter: 1726799
Planning time: 1.137 ms
Execution time: 38136.739 ms
