Hash Join  (cost=86292.72..480093.65 rows=914618 width=0) (actual time=5264.940..9904.884 rows=1023787 loops=1)
  Hash Cond: (mi.movie_id = t.id)
  ->  Seq Scan on movie_info mi  (cost=0.00..346232.03 rows=3068194 width=4) (actual time=3716.478..5928.196 rows=3036719 loops=1)
        Filter: (info_type_id = 16)
        Rows Removed by Filter: 11799001
  ->  Hash  (cost=73925.90..73925.90 rows=753745 width=4) (actual time=1547.130..1547.130 rows=648332 loops=1)
        Buckets: 131072  Batches: 16  Memory Usage: 2457kB
        ->  Seq Scan on title t  (cost=0.00..73925.90 rows=753745 width=4) (actual time=0.033..1340.402 rows=648332 loops=1)
              Filter: ((kind_id < 4) AND (production_year > 1960))
              Rows Removed by Filter: 1879980
Planning time: 0.811 ms
Execution time: 10013.499 ms
