Seq Scan on movie_companies mc  (cost=0.00..57926.93 rows=16719 width=0) (actual time=154.235..889.332 rows=35517 loops=1)
  Filter: ((company_type_id < 2) AND (company_id = 160))
  Rows Removed by Filter: 2573612
Planning time: 0.380 ms
Execution time: 894.640 ms
