Nested Loop  (cost=54915.18..761618.31 rows=25 width=0) (actual time=10568.133..11025.026 rows=3 loops=1)
  ->  Hash Join  (cost=54914.75..761481.70 rows=105 width=8) (actual time=10568.074..11024.849 rows=5 loops=1)
        Hash Cond: (ci.movie_id = mc.movie_id)
        ->  Seq Scan on cast_info ci  (cost=0.00..705507.15 rows=500 width=4) (actual time=3295.991..9862.243 rows=576 loops=1)
              Filter: (person_id = 1421818)
              Rows Removed by Filter: 36243768
        ->  Hash  (cost=51404.11..51404.11 rows=213971 width=4) (actual time=836.318..836.318 rows=215295 loops=1)
              Buckets: 131072  Batches: 4  Memory Usage: 2924kB
              ->  Seq Scan on movie_companies mc  (cost=0.00..51404.11 rows=213971 width=4) (actual time=0.029..769.165 rows=215295 loops=1)
                    Filter: (company_id > 109182)
                    Rows Removed by Filter: 2393834
  ->  Index Scan using title_pkey on title t  (cost=0.43..1.29 rows=1 width=4) (actual time=0.030..0.030 rows=1 loops=5)
        Index Cond: (id = mc.movie_id)
        Filter: (production_year > 1998)
        Rows Removed by Filter: 0
Planning time: 1.146 ms
Execution time: 11025.136 ms
