Hash Join  (cost=365418.15..1260881.50 rows=8946479 width=0) (actual time=8366.741..30116.123 rows=30387971 loops=1)
  Hash Cond: (ci.movie_id = t.id)
  ->  Seq Scan on cast_info ci  (cost=0.00..705507.15 rows=5000390 width=4) (actual time=0.068..11030.684 rows=4878805 loops=1)
        Filter: (person_id < 473848)
        Rows Removed by Filter: 31365539
  ->  Hash  (cost=291197.02..291197.02 rows=4523930 width=8) (actual time=8364.916..8364.916 rows=4523930 loops=1)
        Buckets: 131072  Batches: 64  Memory Usage: 3816kB
        ->  Hash Join  (cost=102767.86..291197.02 rows=4523930 width=8) (actual time=1923.027..7031.975 rows=4523930 loops=1)
              Hash Cond: (mk.movie_id = t.id)
              ->  Seq Scan on movie_keyword mk  (cost=0.00..69693.30 rows=4523930 width=4) (actual time=0.015..1324.662 rows=4523930 loops=1)
              ->  Hash  (cost=61283.27..61283.27 rows=2528527 width=4) (actual time=1920.466..1920.466 rows=2528312 loops=1)
                    Buckets: 131072  Batches: 64  Memory Usage: 2425kB
                    ->  Seq Scan on title t  (cost=0.00..61283.27 rows=2528527 width=4) (actual time=0.021..1062.338 rows=2528312 loops=1)
Planning time: 1.717 ms
Execution time: 33580.479 ms
