Hash Join  (cost=102767.86..228076.74 rows=1430754 width=0) (actual time=1923.936..4791.046 rows=1446350 loops=1)
  Hash Cond: (mk.movie_id = t.id)
  ->  Seq Scan on movie_keyword mk  (cost=0.00..81003.12 rows=1430754 width=4) (actual time=0.019..1384.548 rows=1446350 loops=1)
        Filter: (keyword_id < 2028)
        Rows Removed by Filter: 3077580
  ->  Hash  (cost=61283.27..61283.27 rows=2528527 width=4) (actual time=1920.551..1920.551 rows=2528312 loops=1)
        Buckets: 131072  Batches: 64  Memory Usage: 2425kB
        ->  Seq Scan on title t  (cost=0.00..61283.27 rows=2528527 width=4) (actual time=0.014..1039.825 rows=2528312 loops=1)
Planning time: 0.689 ms
Execution time: 4955.628 ms
