Hash Join  (cost=102767.86..297198.53 rows=4303357 width=0) (actual time=1870.219..7528.885 rows=4301831 loops=1)
  Hash Cond: (mk.movie_id = t.id)
  ->  Seq Scan on movie_keyword mk  (cost=0.00..81003.12 rows=4303357 width=4) (actual time=0.020..1725.574 rows=4301831 loops=1)
        Filter: (keyword_id < 64368)
        Rows Removed by Filter: 222099
  ->  Hash  (cost=61283.27..61283.27 rows=2528527 width=4) (actual time=1869.361..1869.361 rows=2528312 loops=1)
        Buckets: 131072  Batches: 64  Memory Usage: 2425kB
        ->  Seq Scan on title t  (cost=0.00..61283.27 rows=2528527 width=4) (actual time=0.019..1002.648 rows=2528312 loops=1)
Planning time: 0.693 ms
Execution time: 8067.161 ms
