Seq Scan on movie_keyword mk  (cost=0.00..81003.12 rows=650213 width=0) (actual time=0.027..1301.391 rows=660172 loops=1)
  Filter: (keyword_id > 28467)
  Rows Removed by Filter: 3863758
Planning time: 0.296 ms
Execution time: 1391.489 ms
