Seq Scan on title t  (cost=0.00..73925.90 rows=4532 width=0) (actual time=0.145..1104.198 rows=3303 loops=1)
  Filter: ((kind_id = 7) AND (production_year = 1952))
  Rows Removed by Filter: 2525009
Planning time: 0.373 ms
Execution time: 1105.185 ms
