Hash Join  (cost=549882.55..1490063.63 rows=5491693 width=0) (actual time=15595.634..31861.647 rows=3798596 loops=1)
  Hash Cond: (ci.movie_id = t.id)
  ->  Seq Scan on cast_info ci  (cost=0.00..796071.18 rows=6287995 width=4) (actual time=5145.607..14263.233 rows=12670688 loops=1)
        Filter: ((person_id < 1757960) AND (role_id = 1))
        Rows Removed by Filter: 23573656
  ->  Hash  (cost=513651.58..513651.58 rows=2208318 width=8) (actual time=10442.541..10442.541 rows=535381 loops=1)
        Buckets: 131072  Batches: 32  Memory Usage: 1661kB
        ->  Hash Join  (cost=92883.59..513651.58 rows=2208318 width=8) (actual time=3012.648..10198.059 rows=535381 loops=1)
              Hash Cond: (mi.movie_id = t.id)
              ->  Seq Scan on movie_info mi  (cost=0.00..346232.03 rows=3623957 width=4) (actual time=1342.002..5130.756 rows=3624977 loops=1)
                    Filter: (info_type_id < 4)
                    Rows Removed by Filter: 11210743
              ->  Hash  (cost=67604.59..67604.59 rows=1540800 width=4) (actual time=1669.445..1669.445 rows=1543264 loops=1)
                    Buckets: 131072  Batches: 32  Memory Usage: 2728kB
                    ->  Seq Scan on title t  (cost=0.00..67604.59 rows=1540800 width=4) (actual time=0.019..1161.394 rows=1543264 loops=1)
                          Filter: (kind_id = 7)
                          Rows Removed by Filter: 985048
Planning time: 1.224 ms
Execution time: 32321.102 ms
