Hash Join  (cost=86534.07..235124.35 rows=1344284 width=0) (actual time=3224.170..5227.910 rows=339504 loops=1)
  Hash Cond: (mk.movie_id = t.id)
  ->  Seq Scan on movie_keyword mk  (cost=0.00..81003.12 rows=4423019 width=4) (actual time=0.020..1685.317 rows=4414069 loops=1)
        Filter: (keyword_id > 107)
        Rows Removed by Filter: 109861
  ->  Hash  (cost=73925.90..73925.90 rows=768493 width=4) (actual time=1482.415..1482.415 rows=840010 loops=1)
        Buckets: 131072  Batches: 16  Memory Usage: 2883kB
        ->  Seq Scan on title t  (cost=0.00..73925.90 rows=768493 width=4) (actual time=120.688..1210.221 rows=840010 loops=1)
              Filter: ((production_year > 2002) AND (kind_id = 7))
              Rows Removed by Filter: 1688302
Planning time: 0.781 ms
Execution time: 5267.611 ms
