Hash Join  (cost=82581.58..125214.49 rows=287943 width=0) (actual time=1337.434..2645.387 rows=639517 loops=1)
  Hash Cond: (mi_idx.movie_id = t.id)
  ->  Seq Scan on movie_info_idx mi_idx  (cost=0.00..21735.35 rows=1380035 width=4) (actual time=0.018..440.603 rows=1380035 loops=1)
  ->  Hash  (cost=73925.90..73925.90 rows=527574 width=4) (actual time=1336.538..1336.538 rows=609532 loops=1)
        Buckets: 131072  Batches: 8  Memory Usage: 3715kB
        ->  Seq Scan on title t  (cost=0.00..73925.90 rows=527574 width=4) (actual time=0.016..1155.592 rows=609532 loops=1)
              Filter: ((kind_id < 7) AND (production_year < 2005))
              Rows Removed by Filter: 1918780
Planning time: 0.807 ms
Execution time: 2725.220 ms
