Hash Join  (cost=82423.69..211901.49 rows=1060765 width=0) (actual time=1376.540..4436.649 rows=672537 loops=1)
  Hash Cond: (mk.movie_id = t.id)
  ->  Seq Scan on movie_keyword mk  (cost=0.00..81003.12 rows=2969607 width=4) (actual time=0.025..1509.371 rows=2954625 loops=1)
        Filter: (keyword_id < 9986)
        Rows Removed by Filter: 1569305
  ->  Hash  (cost=67604.59..67604.59 rows=903208 width=4) (actual time=1375.095..1375.095 rows=904491 loops=1)
        Buckets: 131072  Batches: 16  Memory Usage: 3017kB
        ->  Seq Scan on title t  (cost=0.00..67604.59 rows=903208 width=4) (actual time=0.017..1079.149 rows=904491 loops=1)
              Filter: (production_year > 2006)
              Rows Removed by Filter: 1623821
Planning time: 0.795 ms
Execution time: 4513.659 ms
