Hash Join  (cost=82412.27..515460.16 rows=1274620 width=0) (actual time=1673.268..9894.414 rows=690946 loops=1)
  Hash Cond: (mi.movie_id = t.id)
  ->  Seq Scan on movie_info mi  (cost=0.00..346232.03 rows=6231111 width=4) (actual time=393.580..5311.416 rows=6223494 loops=1)
        Filter: (info_type_id > 8)
        Rows Removed by Filter: 8612226
  ->  Hash  (cost=73925.90..73925.90 rows=517229 width=4) (actual time=1278.772..1278.772 rows=403947 loops=1)
        Buckets: 131072  Batches: 8  Memory Usage: 2790kB
        ->  Seq Scan on title t  (cost=0.00..73925.90 rows=517229 width=4) (actual time=0.028..1134.227 rows=403947 loops=1)
              Filter: ((production_year < 1996) AND (kind_id = 7))
              Rows Removed by Filter: 2124365
Planning time: 0.823 ms
Execution time: 9983.013 ms
