Hash Join  (cost=250483.08..1325328.19 rows=8867878 width=0) (actual time=7804.511..37123.756 rows=28229681 loops=1)
  Hash Cond: (ci.movie_id = t.id)
  ->  Seq Scan on cast_info ci  (cost=0.00..796071.18 rows=15966172 width=4) (actual time=2692.476..17605.070 rows=15570837 loops=1)
        Filter: ((person_id < 3956099) AND (role_id > 2))
        Rows Removed by Filter: 20673507
  ->  Hash  (cost=227442.26..227442.26 rows=1404386 width=8) (actual time=5110.817..5110.817 rows=1421831 loops=1)
        Buckets: 131072  Batches: 32  Memory Usage: 2749kB
        ->  Hash Join  (cost=102767.86..227442.26 rows=1404386 width=8) (actual time=1779.769..4693.465 rows=1421831 loops=1)
              Hash Cond: (mk.movie_id = t.id)
              ->  Seq Scan on movie_keyword mk  (cost=0.00..81003.12 rows=1404386 width=4) (actual time=0.034..1375.017 rows=1421831 loops=1)
                    Filter: (keyword_id < 1957)
                    Rows Removed by Filter: 3102099
              ->  Hash  (cost=61283.27..61283.27 rows=2528527 width=4) (actual time=1776.759..1776.759 rows=2528312 loops=1)
                    Buckets: 131072  Batches: 64  Memory Usage: 2425kB
                    ->  Seq Scan on title t  (cost=0.00..61283.27 rows=2528527 width=4) (actual time=0.020..950.224 rows=2528312 loops=1)
Planning time: 0.977 ms
Execution time: 40121.966 ms
