Seq Scan on movie_companies mc  (cost=0.00..57926.93 rows=53 width=0) (actual time=339.912..775.443 rows=4 loops=1)
  Filter: ((company_id = 138859) AND (company_type_id = 2))
  Rows Removed by Filter: 2609125
Planning time: 0.390 ms
Execution time: 775.530 ms
