Hash Join  (cost=83074.31..137741.50 rows=167 width=0) (actual time=1151.997..2140.329 rows=3612 loops=1)
  Hash Cond: (mc.movie_id = t.id)
  ->  Seq Scan on movie_companies mc  (cost=0.00..44881.29 rows=2609129 width=4) (actual time=0.015..531.728 rows=2609129 loops=1)
  ->  Hash  (cost=83072.29..83072.29 rows=162 width=8) (actual time=1147.927..1147.927 rows=391 loops=1)
        Buckets: 1024  Batches: 1  Memory Usage: 24kB
        ->  Nested Loop  (cost=0.43..83072.29 rows=162 width=8) (actual time=3.033..1147.582 rows=391 loops=1)
              ->  Seq Scan on movie_keyword mk  (cost=0.00..81003.12 rows=246 width=4) (actual time=2.994..1132.990 rows=467 loops=1)
                    Filter: (keyword_id = 6302)
                    Rows Removed by Filter: 4523463
              ->  Index Scan using title_pkey on title t  (cost=0.43..8.40 rows=1 width=4) (actual time=0.029..0.030 rows=1 loops=467)
                    Index Cond: (id = mk.movie_id)
                    Filter: (production_year < 2008)
                    Rows Removed by Filter: 0
Planning time: 1.138 ms
Execution time: 2141.041 ms
