Hash Join  (cost=999387.21..1636970.37 rows=13060133 width=0) (actual time=15863.796..35302.240 rows=20048771 loops=1)
  Hash Cond: (mi.movie_id = t.id)
  ->  Seq Scan on movie_info mi  (cost=0.00..309384.22 rows=14739122 width=4) (actual time=0.011..5364.737 rows=14835720 loops=1)
  ->  Hash  (cost=962629.05..962629.05 rows=2240493 width=8) (actual time=15862.616..15862.616 rows=1111692 loops=1)
        Buckets: 131072  Batches: 32  Memory Usage: 2392kB
        ->  Hash Join  (cost=102767.86..962629.05 rows=2240493 width=8) (actual time=6718.053..15518.971 rows=1111692 loops=1)
              Hash Cond: (ci.movie_id = t.id)
              ->  Seq Scan on cast_info ci  (cost=0.00..796071.18 rows=2240493 width=4) (actual time=4658.444..11714.103 rows=1111692 loops=1)
                    Filter: ((person_id < 830209) AND (role_id > 4))
                    Rows Removed by Filter: 35132652
              ->  Hash  (cost=61283.27..61283.27 rows=2528527 width=4) (actual time=2058.294..2058.294 rows=2528312 loops=1)
                    Buckets: 131072  Batches: 64  Memory Usage: 2415kB
                    ->  Seq Scan on title t  (cost=0.00..61283.27 rows=2528527 width=4) (actual time=0.022..780.595 rows=2528312 loops=1)
Planning time: 1.111 ms
Execution time: 37725.814 ms
