Hash Join  (cost=83074.74..447745.01 rows=1434 width=0) (actual time=1149.319..7654.345 rows=9704 loops=1)
  Hash Cond: (mi.movie_id = t.id)
  ->  Seq Scan on movie_info mi  (cost=0.00..309384.22 rows=14739122 width=4) (actual time=0.008..3770.039 rows=14835720 loops=1)
  ->  Hash  (cost=83071.67..83071.67 rows=246 width=8) (actual time=1136.136..1136.136 rows=158 loops=1)
        Buckets: 1024  Batches: 1  Memory Usage: 15kB
        ->  Nested Loop  (cost=0.43..83071.67 rows=246 width=8) (actual time=0.230..1135.936 rows=158 loops=1)
              ->  Seq Scan on movie_keyword mk  (cost=0.00..81003.12 rows=246 width=4) (actual time=0.187..1123.768 rows=158 loops=1)
                    Filter: (keyword_id = 5861)
                    Rows Removed by Filter: 4523772
              ->  Index Only Scan using title_pkey on title t  (cost=0.43..8.40 rows=1 width=4) (actual time=0.073..0.073 rows=1 loops=158)
                    Index Cond: (id = mk.movie_id)
                    Heap Fetches: 158
Planning time: 1.100 ms
Execution time: 7656.340 ms
