Hash Join  (cost=132029.36..559469.48 rows=790543 width=0) (actual time=4128.575..12849.482 rows=7100698 loops=1)
  Hash Cond: (mi.movie_id = t.id)
  ->  Seq Scan on movie_info mi  (cost=0.00..346232.03 rows=6231111 width=4) (actual time=1068.897..5388.565 rows=6223494 loops=1)
        Filter: (info_type_id > 8)
        Rows Removed by Filter: 8612226
  ->  Hash  (cost=126765.42..126765.42 rows=320795 width=8) (actual time=2902.571..2902.571 rows=603038 loops=1)
        Buckets: 131072  Batches: 8  Memory Usage: 3993kB
        ->  Hash Join  (cost=83568.99..126765.42 rows=320795 width=8) (actual time=1362.652..2703.764 rows=603038 loops=1)
              Hash Cond: (mi_idx.movie_id = t.id)
              ->  Seq Scan on movie_info_idx mi_idx  (cost=0.00..21735.35 rows=1380035 width=4) (actual time=0.024..411.576 rows=1380035 loops=1)
              ->  Hash  (cost=73925.90..73925.90 rows=587767 width=4) (actual time=1361.710..1361.710 rows=594730 loops=1)
                    Buckets: 131072  Batches: 8  Memory Usage: 3648kB
                    ->  Seq Scan on title t  (cost=0.00..73925.90 rows=587767 width=4) (actual time=547.444..1174.138 rows=594730 loops=1)
                          Filter: ((production_year < 2012) AND (kind_id = 1))
                          Rows Removed by Filter: 1933582
Planning time: 1.171 ms
Execution time: 13661.406 ms
