Seq Scan on cast_info ci  (cost=0.00..796071.18 rows=20523021 width=0) (actual time=0.030..15835.527 rows=18949441 loops=1)
  Filter: ((person_id < 3221364) AND (role_id > 1))
  Rows Removed by Filter: 17294903
Planning time: 0.361 ms
Execution time: 18212.099 ms
