Nested Loop  (cost=0.43..52283.69 rows=104 width=0) (actual time=4.630..838.933 rows=155 loops=1)
  ->  Seq Scan on movie_companies mc  (cost=0.00..51404.11 rows=104 width=4) (actual time=4.565..835.152 rows=155 loops=1)
        Filter: (company_id = 14256)
        Rows Removed by Filter: 2608974
  ->  Index Only Scan using title_pkey on title t  (cost=0.43..8.45 rows=1 width=4) (actual time=0.022..0.023 rows=1 loops=155)
        Index Cond: (id = mc.movie_id)
        Heap Fetches: 155
Planning time: 3.438 ms
Execution time: 839.053 ms
