Seq Scan on cast_info ci  (cost=0.00..796071.18 rows=3944525 width=0) (actual time=4584.901..14166.452 rows=3980752 loops=1)
  Filter: ((person_id > 46239) AND (role_id = 3))
  Rows Removed by Filter: 32263592
Planning time: 0.409 ms
Execution time: 14653.623 ms
