Hash Join  (cost=73950.44..825020.84 rows=28123 width=0) (actual time=1097.356..16493.541 rows=63234 loops=1)
  Hash Cond: (ci.movie_id = t.id)
  ->  Seq Scan on cast_info ci  (cost=0.00..614943.12 rows=36225612 width=4) (actual time=0.012..7760.907 rows=36244344 loops=1)
  ->  Hash  (cost=73925.90..73925.90 rows=1963 width=4) (actual time=1097.058..1097.058 rows=4053 loops=1)
        Buckets: 4096 (originally 2048)  Batches: 1 (originally 1)  Memory Usage: 175kB
        ->  Seq Scan on title t  (cost=0.00..73925.90 rows=1963 width=4) (actual time=149.271..1095.227 rows=4053 loops=1)
              Filter: ((kind_id = 1) AND (production_year = 1967))
              Rows Removed by Filter: 2524259
Planning time: 3.607 ms
Execution time: 16507.104 ms
