Hash Join  (cost=247845.57..760816.30 rows=4808019 width=0) (actual time=5458.278..16175.154 rows=2773578 loops=1)
  Hash Cond: (mi.movie_id = t.id)
  ->  Seq Scan on movie_info mi  (cost=0.00..346232.03 rows=8841901 width=4) (actual time=318.362..6040.420 rows=8950757 loops=1)
        Filter: (info_type_id > 6)
        Rows Removed by Filter: 5884963
  ->  Hash  (cost=225287.65..225287.65 rows=1374954 width=8) (actual time=5137.340..5137.340 rows=349415 loops=1)
        Buckets: 131072  Batches: 32  Memory Usage: 1472kB
        ->  Hash Join  (cost=86534.07..225287.65 rows=1374954 width=8) (actual time=1900.994..5026.205 rows=349415 loops=1)
              Hash Cond: (mk.movie_id = t.id)
              ->  Seq Scan on movie_keyword mk  (cost=0.00..69693.30 rows=4523930 width=4) (actual time=0.028..1249.691 rows=4523930 loops=1)
              ->  Hash  (cost=73925.90..73925.90 rows=768493 width=4) (actual time=1606.918..1606.918 rows=840010 loops=1)
                    Buckets: 131072  Batches: 16  Memory Usage: 2883kB
                    ->  Seq Scan on title t  (cost=0.00..73925.90 rows=768493 width=4) (actual time=0.021..1115.848 rows=840010 loops=1)
                          Filter: ((production_year > 2002) AND (kind_id = 7))
                          Rows Removed by Filter: 1688302
Planning time: 1.177 ms
Execution time: 16512.731 ms
