Hash Join  (cost=102767.86..195998.64 rows=1327672 width=0) (actual time=1743.044..4031.573 rows=1317791 loops=1)
  Hash Cond: (mc.movie_id = t.id)
  ->  Seq Scan on movie_companies mc  (cost=0.00..51404.11 rows=1327672 width=4) (actual time=0.017..953.930 rows=1317791 loops=1)
        Filter: (company_id < 11373)
        Rows Removed by Filter: 1291338
  ->  Hash  (cost=61283.27..61283.27 rows=2528527 width=4) (actual time=1740.936..1740.936 rows=2528312 loops=1)
        Buckets: 131072  Batches: 64  Memory Usage: 2415kB
        ->  Seq Scan on title t  (cost=0.00..61283.27 rows=2528527 width=4) (actual time=0.010..886.905 rows=2528312 loops=1)
Planning time: 0.753 ms
Execution time: 4169.187 ms
