Hash Join  (cost=134151.39..268025.71 rows=556287 width=0) (actual time=2798.087..8097.609 rows=6779390 loops=1)
  Hash Cond: (mk.movie_id = t.id)
  ->  Seq Scan on movie_keyword mk  (cost=0.00..81003.12 rows=3971819 width=4) (actual time=0.022..1571.928 rows=3972207 loops=1)
        Filter: (keyword_id > 394)
        Rows Removed by Filter: 551723
  ->  Hash  (cost=128340.62..128340.62 rows=354142 width=8) (actual time=2795.978..2795.978 rows=629897 loops=1)
        Buckets: 131072 (originally 131072)  Batches: 16 (originally 8)  Memory Usage: 3073kB
        ->  Hash Join  (cost=84571.72..128340.62 rows=354142 width=8) (actual time=1293.601..2598.638 rows=629897 loops=1)
              Hash Cond: (mi_idx.movie_id = t.id)
              ->  Seq Scan on movie_info_idx mi_idx  (cost=0.00..21735.35 rows=1380035 width=4) (actual time=0.011..394.293 rows=1380035 loops=1)
              ->  Hash  (cost=73925.90..73925.90 rows=648865 width=4) (actual time=1292.596..1292.596 rows=656311 loops=1)
                    Buckets: 131072  Batches: 16  Memory Usage: 2462kB
                    ->  Seq Scan on title t  (cost=0.00..73925.90 rows=648865 width=4) (actual time=81.722..1093.323 rows=656311 loops=1)
                          Filter: ((production_year > 0) AND (kind_id = 1))
                          Rows Removed by Filter: 1872001
Planning time: 1.183 ms
Execution time: 8910.419 ms
