Hash Join  (cost=190230.21..1011364.09 rows=630775 width=0) (actual time=12523.361..18809.360 rows=4962461 loops=1)
  Hash Cond: (ci.movie_id = t.id)
  ->  Seq Scan on cast_info ci  (cost=0.00..796071.18 rows=1155719 width=4) (actual time=8283.704..11536.047 rows=3242771 loops=1)
        Filter: ((person_id > 2742432) AND (role_id = 10))
        Rows Removed by Filter: 33001573
  ->  Hash  (cost=167588.78..167588.78 rows=1380035 width=8) (actual time=4238.443..4238.443 rows=1380035 loops=1)
        Buckets: 131072  Batches: 32  Memory Usage: 2708kB
        ->  Hash Join  (cost=102767.86..167588.78 rows=1380035 width=8) (actual time=1923.128..3837.524 rows=1380035 loops=1)
              Hash Cond: (mi_idx.movie_id = t.id)
              ->  Seq Scan on movie_info_idx mi_idx  (cost=0.00..21735.35 rows=1380035 width=4) (actual time=0.022..434.481 rows=1380035 loops=1)
              ->  Hash  (cost=61283.27..61283.27 rows=2528527 width=4) (actual time=1921.624..1921.624 rows=2528312 loops=1)
                    Buckets: 131072  Batches: 64  Memory Usage: 2415kB
                    ->  Seq Scan on title t  (cost=0.00..61283.27 rows=2528527 width=4) (actual time=0.009..1097.720 rows=2528312 loops=1)
Planning time: 1.232 ms
Execution time: 19380.201 ms
