Hash Join  (cost=214146.54..1364235.34 rows=6911865 width=0) (actual time=5296.107..48787.012 rows=56703192 loops=1)
  Hash Cond: (ci.movie_id = t.id)
  ->  Seq Scan on cast_info ci  (cost=0.00..614943.12 rows=36225612 width=4) (actual time=3.248..12221.670 rows=36244344 loops=1)
  ->  Hash  (cost=206230.99..206230.99 rows=482444 width=8) (actual time=5291.139..5291.139 rows=1554249 loops=1)
        Buckets: 131072 (originally 131072)  Batches: 32 (originally 8)  Memory Usage: 3073kB
        ->  Hash Join  (cost=78350.52..206230.99 rows=482444 width=8) (actual time=1223.983..4836.057 rows=1554249 loops=1)
              Hash Cond: (mk.movie_id = t.id)
              ->  Seq Scan on movie_keyword mk  (cost=0.00..69693.30 rows=4523930 width=4) (actual time=0.029..1281.076 rows=4523930 loops=1)
              ->  Hash  (cost=73925.90..73925.90 rows=269649 width=4) (actual time=1222.941..1222.941 rows=382611 loops=1)
                    Buckets: 131072 (originally 131072)  Batches: 8 (originally 4)  Memory Usage: 3073kB
                    ->  Seq Scan on title t  (cost=0.00..73925.90 rows=269649 width=4) (actual time=0.020..1090.368 rows=382611 loops=1)
                          Filter: ((kind_id < 7) AND (production_year < 1990))
                          Rows Removed by Filter: 2145701
Planning time: 1.089 ms
Execution time: 55284.822 ms
