Seq Scan on movie_companies mc  (cost=0.00..57926.93 rows=51 width=0) (actual time=10.636..755.700 rows=62 loops=1)
  Filter: ((company_type_id < 2) AND (company_id = 3243))
  Rows Removed by Filter: 2609067
Planning time: 0.255 ms
Execution time: 755.794 ms
