Hash Join  (cost=90260.67..175520.88 rows=912994 width=0) (actual time=1576.689..3688.448 rows=753884 loops=1)
  Hash Cond: (mc.movie_id = t.id)
  ->  Seq Scan on movie_companies mc  (cost=0.00..51404.11 rows=1671774 width=4) (actual time=0.026..878.029 rows=1672687 loops=1)
        Filter: (company_id > 3424)
        Rows Removed by Filter: 936442
  ->  Hash  (cost=67604.59..67604.59 rows=1380887 width=4) (actual time=1575.823..1575.823 rows=1381453 loops=1)
        Buckets: 131072  Batches: 32  Memory Usage: 2543kB
        ->  Seq Scan on title t  (cost=0.00..67604.59 rows=1380887 width=4) (actual time=0.012..1129.283 rows=1381453 loops=1)
              Filter: (production_year > 2000)
              Rows Removed by Filter: 1146859
Planning time: 0.724 ms
Execution time: 3781.215 ms
