Hash Join  (cost=365418.15..2029522.76 rows=48861078 width=0) (actual time=9211.921..76113.919 rows=160716881 loops=1)
  Hash Cond: (ci.movie_id = t.id)
  ->  Seq Scan on cast_info ci  (cost=0.00..705507.15 rows=27309564 width=4) (actual time=0.022..14293.640 rows=27460388 loops=1)
        Filter: (person_id > 864899)
        Rows Removed by Filter: 8783956
  ->  Hash  (cost=291197.02..291197.02 rows=4523930 width=8) (actual time=9210.656..9210.656 rows=4523930 loops=1)
        Buckets: 131072  Batches: 64  Memory Usage: 3816kB
        ->  Hash Join  (cost=102767.86..291197.02 rows=4523930 width=8) (actual time=1725.378..7811.785 rows=4523930 loops=1)
              Hash Cond: (mk.movie_id = t.id)
              ->  Seq Scan on movie_keyword mk  (cost=0.00..69693.30 rows=4523930 width=4) (actual time=0.013..1369.325 rows=4523930 loops=1)
              ->  Hash  (cost=61283.27..61283.27 rows=2528527 width=4) (actual time=1724.306..1724.306 rows=2528312 loops=1)
                    Buckets: 131072  Batches: 64  Memory Usage: 2425kB
                    ->  Seq Scan on title t  (cost=0.00..61283.27 rows=2528527 width=4) (actual time=0.019..884.927 rows=2528312 loops=1)
Planning time: 0.592 ms
Execution time: 93447.487 ms
