Hash Join  (cost=680834.94..2566857.15 rows=60919793 width=0) (actual time=14930.028..58367.474 rows=42650573 loops=1)
  Hash Cond: (ci.movie_id = t.id)
  ->  Seq Scan on cast_info ci  (cost=0.00..614943.12 rows=36225612 width=4) (actual time=0.011..12530.865 rows=36244344 loops=1)
  ->  Hash  (cost=611071.85..611071.85 rows=4252167 width=8) (actual time=14927.759..14927.759 rows=2152654 loops=1)
        Buckets: 131072  Batches: 64  Memory Usage: 2295kB
        ->  Hash Join  (cost=85894.26..611071.85 rows=4252167 width=8) (actual time=1280.559..13988.130 rows=2152654 loops=1)
              Hash Cond: (mi.movie_id = t.id)
              ->  Seq Scan on movie_info mi  (cost=0.00..309384.22 rows=14739122 width=4) (actual time=0.017..5210.491 rows=14835720 loops=1)
              ->  Hash  (cost=73925.90..73925.90 rows=729468 width=4) (actual time=1252.577..1252.577 rows=638430 loops=1)
                    Buckets: 131072  Batches: 16  Memory Usage: 2431kB
                    ->  Seq Scan on title t  (cost=0.00..73925.90 rows=729468 width=4) (actual time=17.637..1041.003 rows=638430 loops=1)
                          Filter: ((production_year < 2003) AND (kind_id = 7))
                          Rows Removed by Filter: 1889882
Planning time: 0.746 ms
Execution time: 63326.736 ms
