Hash Join  (cost=277441.67..792307.77 rows=6406113 width=0) (actual time=5402.367..15721.719 rows=3814831 loops=1)
  Hash Cond: (mi.movie_id = t.id)
  ->  Seq Scan on movie_info mi  (cost=0.00..346232.03 rows=7503588 width=4) (actual time=0.017..5797.799 rows=7548855 loops=1)
        Filter: (info_type_id > 7)
        Rows Removed by Filter: 7286865
  ->  Hash  (cost=242024.85..242024.85 rows=2158705 width=8) (actual time=5401.473..5401.473 rows=534961 loops=1)
        Buckets: 131072  Batches: 32  Memory Usage: 1697kB
        ->  Hash Join  (cost=93721.77..242024.85 rows=2158705 width=8) (actual time=2612.630..5249.434 rows=534961 loops=1)
              Hash Cond: (mk.movie_id = t.id)
              ->  Seq Scan on movie_keyword mk  (cost=0.00..69693.30 rows=4523930 width=4) (actual time=0.016..1428.161 rows=4523930 loops=1)
              ->  Hash  (cost=73925.90..73925.90 rows=1206549 width=4) (actual time=1644.423..1644.423 rows=1293155 loops=1)
                    Buckets: 131072  Batches: 16  Memory Usage: 3882kB
                    ->  Seq Scan on title t  (cost=0.00..73925.90 rows=1206549 width=4) (actual time=0.014..1234.863 rows=1293155 loops=1)
                          Filter: ((production_year > 1977) AND (kind_id = 7))
                          Rows Removed by Filter: 1235157
Planning time: 0.816 ms
Execution time: 16194.905 ms
