Hash Join  (cost=176177.27..978054.36 rows=1055449 width=0) (actual time=6051.229..18467.321 rows=800408 loops=1)
  Hash Cond: (ci.movie_id = t.id)
  ->  Seq Scan on cast_info ci  (cost=0.00..705507.15 rows=7298253 width=4) (actual time=2991.889..11732.712 rows=7451973 loops=1)
        Filter: (role_id = 2)
        Rows Removed by Filter: 28792371
  ->  Hash  (cost=170177.44..170177.44 rows=365667 width=8) (actual time=3058.282..3058.282 rows=178431 loops=1)
        Buckets: 131072  Batches: 8  Memory Usage: 1892kB
        ->  Hash Join  (cost=94973.51..170177.44 rows=365667 width=8) (actual time=2021.394..3010.412 rows=178431 loops=1)
              Hash Cond: (mc.movie_id = t.id)
              ->  Seq Scan on movie_companies mc  (cost=0.00..57926.93 rows=554264 width=4) (actual time=406.222..897.607 rows=339452 loops=1)
                    Filter: ((company_id < 6946) AND (company_type_id = 2))
                    Rows Removed by Filter: 2269677
              ->  Hash  (cost=67604.59..67604.59 rows=1668154 width=4) (actual time=1613.917..1613.917 rows=1674098 loops=1)
                    Buckets: 131072  Batches: 32  Memory Usage: 2869kB
                    ->  Seq Scan on title t  (cost=0.00..67604.59 rows=1668154 width=4) (actual time=0.029..1121.819 rows=1674098 loops=1)
                          Filter: (kind_id > 3)
                          Rows Removed by Filter: 854214
Planning time: 1.157 ms
Execution time: 18554.260 ms
