Seq Scan on movie_keyword mk  (cost=0.00..81003.12 rows=1714666 width=0) (actual time=0.018..1390.875 rows=1721095 loops=1)
  Filter: (keyword_id > 8235)
  Rows Removed by Filter: 2802835
Planning time: 0.306 ms
Execution time: 1605.084 ms
