Hash Join  (cost=154250.23..279180.38 rows=240311 width=0) (actual time=3002.887..6891.150 rows=2484168 loops=1)
  Hash Cond: (mk.movie_id = t.id)
  ->  Seq Scan on movie_keyword mk  (cost=0.00..69693.30 rows=4523930 width=4) (actual time=0.016..1315.458 rows=4523930 loops=1)
  ->  Hash  (cost=152046.29..152046.29 rows=134315 width=8) (actual time=3002.082..3002.082 rows=378530 loops=1)
        Buckets: 131072 (originally 131072)  Batches: 8 (originally 2)  Memory Usage: 3073kB
        ->  Hash Join  (cost=79110.05..152046.29 rows=134315 width=8) (actual time=1125.455..2875.720 rows=378530 loops=1)
              Hash Cond: (mc.movie_id = t.id)
              ->  Seq Scan on movie_companies mc  (cost=0.00..57926.93 rows=1074974 width=4) (actual time=0.016..1014.226 rows=1199545 loops=1)
                    Filter: ((company_id > 439) AND (company_type_id > 1))
                    Rows Removed by Filter: 1409584
              ->  Hash  (cost=73925.90..73925.90 rows=315932 width=4) (actual time=1124.027..1124.027 rows=433359 loops=1)
                    Buckets: 131072  Batches: 8  Memory Usage: 2939kB
                    ->  Seq Scan on title t  (cost=0.00..73925.90 rows=315932 width=4) (actual time=0.026..985.818 rows=433359 loops=1)
                          Filter: ((kind_id < 7) AND (production_year < 1995))
                          Rows Removed by Filter: 2094953
Planning time: 1.112 ms
Execution time: 7201.994 ms
