Hash Join  (cost=209548.21..717513.20 rows=2639007 width=0) (actual time=4742.860..33958.679 rows=72484161 loops=1)
  Hash Cond: (mi.movie_id = t.id)
  ->  Seq Scan on movie_info mi  (cost=0.00..309384.22 rows=14739122 width=4) (actual time=0.017..6109.325 rows=14835720 loops=1)
  ->  Hash  (cost=202120.12..202120.12 rows=452727 width=8) (actual time=4716.943..4716.943 rows=748196 loops=1)
        Buckets: 131072 (originally 131072)  Batches: 16 (originally 8)  Memory Usage: 3073kB
        ->  Hash Join  (cost=80135.37..202120.12 rows=452727 width=8) (actual time=1386.346..4492.169 rows=748196 loops=1)
              Hash Cond: (mk.movie_id = t.id)
              ->  Seq Scan on movie_keyword mk  (cost=0.00..81003.12 rows=3024896 width=4) (actual time=0.024..1666.738 rows=3015041 loops=1)
                    Filter: (keyword_id > 2182)
                    Rows Removed by Filter: 1508889
              ->  Hash  (cost=73925.90..73925.90 rows=378437 width=4) (actual time=1385.308..1385.308 rows=282115 loops=1)
                    Buckets: 131072  Batches: 8  Memory Usage: 2273kB
                    ->  Seq Scan on title t  (cost=0.00..73925.90 rows=378437 width=4) (actual time=0.012..949.726 rows=282115 loops=1)
                          Filter: ((production_year > 1999) AND (kind_id = 1))
                          Rows Removed by Filter: 2246197
Planning time: 7.232 ms
Execution time: 42139.366 ms
