Hash Join  (cost=797723.83..1184887.55 rows=408389 width=0) (actual time=12895.871..20750.128 rows=243298 loops=1)
  Hash Cond: (mi.movie_id = t.id)
  ->  Seq Scan on movie_info mi  (cost=0.00..309384.22 rows=14739122 width=4) (actual time=0.015..3774.646 rows=14835720 loops=1)
  ->  Hash  (cost=796848.08..796848.08 rows=70060 width=8) (actual time=12890.385..12890.385 rows=73638 loops=1)
        Buckets: 131072  Batches: 1  Memory Usage: 3901kB
        ->  Hash Join  (cost=74438.43..796848.08 rows=70060 width=8) (actual time=992.611..12858.132 rows=73638 loops=1)
              Hash Cond: (ci.movie_id = t.id)
              ->  Seq Scan on cast_info ci  (cost=0.00..705507.15 rows=4320508 width=4) (actual time=0.025..10777.662 rows=4323018 loops=1)
                    Filter: (role_id = 10)
                    Rows Removed by Filter: 31921326
              ->  Hash  (cost=73925.90..73925.90 rows=41002 width=4) (actual time=992.176..992.176 rows=40409 loops=1)
                    Buckets: 65536  Batches: 1  Memory Usage: 1933kB
                    ->  Seq Scan on title t  (cost=0.00..73925.90 rows=41002 width=4) (actual time=0.008..976.237 rows=40409 loops=1)
                          Filter: ((kind_id > 4) AND (production_year > 2012))
                          Rows Removed by Filter: 2487903
Planning time: 1.076 ms
Execution time: 20782.311 ms
