Seq Scan on movie_companies mc  (cost=0.00..51404.11 rows=1972374 width=0) (actual time=0.025..916.878 rows=1977713 loops=1)
  Filter: (company_id > 836)
  Rows Removed by Filter: 631416
Planning time: 0.325 ms
Execution time: 1168.480 ms
