Seq Scan on cast_info ci  (cost=0.00..796071.18 rows=2762419 width=0) (actual time=9228.544..14134.730 rows=4695659 loops=1)
  Filter: ((person_id > 1887269) AND (role_id > 8))
  Rows Removed by Filter: 31548685
Planning time: 0.330 ms
Execution time: 14709.737 ms
