Hash Join  (cost=936537.01..980667.08 rows=375159 width=0) (actual time=17546.675..19007.296 rows=933031 loops=1)
  Hash Cond: (mi_idx.movie_id = t.id)
  ->  Seq Scan on movie_info_idx mi_idx  (cost=0.00..21735.35 rows=1380035 width=4) (actual time=0.015..447.797 rows=1380035 loops=1)
  ->  Hash  (cost=925258.85..925258.85 rows=687373 width=8) (actual time=17545.861..17545.861 rows=745482 loops=1)
        Buckets: 131072  Batches: 16  Memory Usage: 2833kB
        ->  Hash Join  (cost=102767.86..925258.85 rows=687373 width=8) (actual time=4331.794..17327.768 rows=745482 loops=1)
              Hash Cond: (ci.movie_id = t.id)
              ->  Seq Scan on cast_info ci  (cost=0.00..796071.18 rows=687373 width=4) (actual time=2593.158..14561.296 rows=745482 loops=1)
                    Filter: ((person_id > 182974) AND (role_id = 6))
                    Rows Removed by Filter: 35498862
              ->  Hash  (cost=61283.27..61283.27 rows=2528527 width=4) (actual time=1736.914..1736.914 rows=2528312 loops=1)
                    Buckets: 131072  Batches: 64  Memory Usage: 2415kB
                    ->  Seq Scan on title t  (cost=0.00..61283.27 rows=2528527 width=4) (actual time=0.022..899.070 rows=2528312 loops=1)
Planning time: 3.926 ms
Execution time: 19114.534 ms
