Hash Join  (cost=102767.86..221688.38 rows=2395348 width=0) (actual time=1890.804..5178.921 rows=2394784 loops=1)
  Hash Cond: (mc.movie_id = t.id)
  ->  Seq Scan on movie_companies mc  (cost=0.00..51404.11 rows=2395348 width=4) (actual time=0.021..959.152 rows=2394784 loops=1)
        Filter: (company_id > 69)
        Rows Removed by Filter: 214345
  ->  Hash  (cost=61283.27..61283.27 rows=2528527 width=4) (actual time=1886.103..1886.103 rows=2528312 loops=1)
        Buckets: 131072  Batches: 64  Memory Usage: 2415kB
        ->  Seq Scan on title t  (cost=0.00..61283.27 rows=2528527 width=4) (actual time=0.030..1026.233 rows=2528312 loops=1)
Planning time: 0.688 ms
Execution time: 5472.667 ms
