Hash Join  (cost=101350.38..156132.73 rows=11681 width=0) (actual time=1662.001..2753.239 rows=25320 loops=1)
  Hash Cond: (mc.movie_id = t.id)
  ->  Seq Scan on movie_companies mc  (cost=0.00..44881.29 rows=2609129 width=4) (actual time=0.080..529.929 rows=2609129 loops=1)
  ->  Hash  (cost=101208.87..101208.87 rows=11321 width=8) (actual time=1661.465..1661.465 rows=12165 loops=1)
        Buckets: 16384  Batches: 1  Memory Usage: 604kB
        ->  Hash Join  (cost=74185.18..101208.87 rows=11321 width=8) (actual time=1024.445..1657.043 rows=12165 loops=1)
              Hash Cond: (mi_idx.movie_id = t.id)
              ->  Seq Scan on movie_info_idx mi_idx  (cost=0.00..21735.35 rows=1380035 width=4) (actual time=0.013..316.143 rows=1380035 loops=1)
              ->  Hash  (cost=73925.90..73925.90 rows=20742 width=4) (actual time=1001.180..1001.180 rows=51721 loops=1)
                    Buckets: 65536 (originally 32768)  Batches: 1 (originally 1)  Memory Usage: 2331kB
                    ->  Seq Scan on title t  (cost=0.00..73925.90 rows=20742 width=4) (actual time=0.014..980.556 rows=51721 loops=1)
                          Filter: ((kind_id < 7) AND (production_year < 1914))
                          Rows Removed by Filter: 2476591
Planning time: 1.160 ms
Execution time: 2757.120 ms
