Hash Join  (cost=190230.21..1394773.22 rows=12925441 width=0) (actual time=4077.901..38750.552 rows=23780561 loops=1)
  Hash Cond: (ci.movie_id = t.id)
  ->  Seq Scan on cast_info ci  (cost=0.00..796071.18 rows=23682245 width=4) (actual time=0.015..17246.458 rows=23082837 loops=1)
        Filter: ((person_id > 876318) AND (role_id < 10))
        Rows Removed by Filter: 13161507
  ->  Hash  (cost=167588.78..167588.78 rows=1380035 width=8) (actual time=4075.907..4075.907 rows=1380035 loops=1)
        Buckets: 131072  Batches: 32  Memory Usage: 2708kB
        ->  Hash Join  (cost=102767.86..167588.78 rows=1380035 width=8) (actual time=1511.889..3683.415 rows=1380035 loops=1)
              Hash Cond: (mi_idx.movie_id = t.id)
              ->  Seq Scan on movie_info_idx mi_idx  (cost=0.00..21735.35 rows=1380035 width=4) (actual time=0.020..423.106 rows=1380035 loops=1)
              ->  Hash  (cost=61283.27..61283.27 rows=2528527 width=4) (actual time=1510.466..1510.466 rows=2528312 loops=1)
                    Buckets: 131072  Batches: 64  Memory Usage: 2415kB
                    ->  Seq Scan on title t  (cost=0.00..61283.27 rows=2528527 width=4) (actual time=0.010..763.472 rows=2528312 loops=1)
Planning time: 3.775 ms
Execution time: 41293.243 ms
