Hash Join  (cost=263115.61..1136548.86 rows=2842766 width=0) (actual time=13952.575..21363.355 rows=5669077 loops=1)
  Hash Cond: (ci.movie_id = t.id)
  ->  Seq Scan on cast_info ci  (cost=0.00..796071.18 rows=2754946 width=4) (actual time=7590.911..11540.606 rows=3228622 loops=1)
        Filter: ((person_id > 2284651) AND (role_id = 2))
        Rows Removed by Filter: 33015722
  ->  Hash  (cost=220309.49..220309.49 rows=2609129 width=8) (actual time=6360.129..6360.129 rows=2609129 loops=1)
        Buckets: 131072  Batches: 64  Memory Usage: 2610kB
        ->  Hash Join  (cost=102767.86..220309.49 rows=2609129 width=8) (actual time=2034.863..5661.551 rows=2609129 loops=1)
              Hash Cond: (mc.movie_id = t.id)
              ->  Seq Scan on movie_companies mc  (cost=0.00..44881.29 rows=2609129 width=4) (actual time=0.017..891.539 rows=2609129 loops=1)
              ->  Hash  (cost=61283.27..61283.27 rows=2528527 width=4) (actual time=2033.423..2033.423 rows=2528312 loops=1)
                    Buckets: 131072  Batches: 64  Memory Usage: 2415kB
                    ->  Seq Scan on title t  (cost=0.00..61283.27 rows=2528527 width=4) (actual time=0.011..952.793 rows=2528312 loops=1)
Planning time: 1.366 ms
Execution time: 22022.039 ms
