Hash Join  (cost=100850.59..465524.77 rows=1823 width=0) (actual time=983.528..6498.622 rows=10941 loops=1)
  Hash Cond: (mi.movie_id = t.id)
  ->  Seq Scan on movie_info mi  (cost=0.00..309384.22 rows=14739122 width=4) (actual time=0.005..3157.763 rows=14835720 loops=1)
  ->  Hash  (cost=100846.68..100846.68 rows=313 width=8) (actual time=982.220..982.220 rows=744 loops=1)
        Buckets: 1024  Batches: 1  Memory Usage: 38kB
        ->  Hash Join  (cost=73933.07..100846.68 rows=313 width=8) (actual time=751.742..982.042 rows=744 loops=1)
              Hash Cond: (mi_idx.movie_id = t.id)
              ->  Seq Scan on movie_info_idx mi_idx  (cost=0.00..21735.35 rows=1380035 width=4) (actual time=0.020..110.174 rows=1380035 loops=1)
              ->  Hash  (cost=73925.90..73925.90 rows=573 width=4) (actual time=749.454..749.454 rows=430 loops=1)
                    Buckets: 1024  Batches: 1  Memory Usage: 24kB
                    ->  Seq Scan on title t  (cost=0.00..73925.90 rows=573 width=4) (actual time=0.673..749.196 rows=430 loops=1)
                          Filter: ((kind_id = 6) AND (production_year = 2007))
                          Rows Removed by Filter: 2527882
Planning time: 1.148 ms
Execution time: 6500.406 ms
