Seq Scan on movie_keyword mk  (cost=0.00..81003.12 rows=246 width=0) (actual time=232.389..1173.465 rows=27 loops=1)
  Filter: (keyword_id = 25898)
  Rows Removed by Filter: 4523903
Planning time: 0.313 ms
Execution time: 1173.565 ms
