Seq Scan on movie_keyword mk  (cost=0.00..81003.12 rows=303495 width=0) (actual time=0.022..1170.968 rows=299695 loops=1)
  Filter: (keyword_id > 53934)
  Rows Removed by Filter: 4224235
Planning time: 0.280 ms
Execution time: 1209.378 ms
