Seq Scan on movie_keyword mk  (cost=0.00..81003.12 rows=2043195 width=0) (actual time=0.025..1540.953 rows=2051093 loops=1)
  Filter: (keyword_id < 3660)
  Rows Removed by Filter: 2472837
Planning time: 0.347 ms
Execution time: 1793.450 ms
