Seq Scan on cast_info ci  (cost=0.00..705507.15 rows=500 width=0) (actual time=1319.030..9128.459 rows=138 loops=1)
  Filter: (person_id = 690244)
  Rows Removed by Filter: 36244206
Planning time: 0.403 ms
Execution time: 9128.587 ms
