Hash Join  (cost=83810.17..172294.68 rows=91449 width=0) (actual time=1187.005..3353.963 rows=210991 loops=1)
  Hash Cond: (mk.movie_id = t.id)
  ->  Seq Scan on movie_keyword mk  (cost=0.00..81003.12 rows=234104 width=4) (actual time=0.022..1125.815 rows=246484 loops=1)
        Filter: (keyword_id < 213)
        Rows Removed by Filter: 4277446
  ->  Hash  (cost=67604.59..67604.59 rows=987727 width=4) (actual time=1185.769..1185.769 rows=985048 loops=1)
        Buckets: 131072  Batches: 16  Memory Usage: 3197kB
        ->  Seq Scan on title t  (cost=0.00..67604.59 rows=987727 width=4) (actual time=0.014..877.332 rows=985048 loops=1)
              Filter: (kind_id < 7)
              Rows Removed by Filter: 1543264
Planning time: 0.652 ms
Execution time: 3381.776 ms
