Hash Join  (cost=102767.86..188057.65 rows=726576 width=0) (actual time=1525.729..4421.722 rows=1000571 loops=1)
  Hash Cond: (mc.movie_id = t.id)
  ->  Seq Scan on movie_companies mc  (cost=0.00..57926.93 rows=726576 width=4) (actual time=0.008..1037.946 rows=1000571 loops=1)
        Filter: ((company_id < 13400) AND (company_type_id < 2))
        Rows Removed by Filter: 1608558
  ->  Hash  (cost=61283.27..61283.27 rows=2528527 width=4) (actual time=1524.780..1524.780 rows=2528312 loops=1)
        Buckets: 131072  Batches: 64  Memory Usage: 2415kB
        ->  Seq Scan on title t  (cost=0.00..61283.27 rows=2528527 width=4) (actual time=0.010..767.511 rows=2528312 loops=1)
Planning time: 0.484 ms
Execution time: 4534.443 ms
