Seq Scan on movie_companies mc  (cost=0.00..57926.93 rows=431231 width=0) (actual time=117.647..962.192 rows=246055 loops=1)
  Filter: ((company_id < 2222) AND (company_type_id > 1))
  Rows Removed by Filter: 2363074
Planning time: 0.306 ms
Execution time: 994.323 ms
