Nested Loop  (cost=0.43..83072.29 rows=181 width=0) (actual time=0.346..1134.378 rows=635 loops=1)
  ->  Seq Scan on movie_keyword mk  (cost=0.00..81003.12 rows=246 width=4) (actual time=0.220..1077.107 rows=2773 loops=1)
        Filter: (keyword_id = 2215)
        Rows Removed by Filter: 4521157
  ->  Index Scan using title_pkey on title t  (cost=0.43..8.40 rows=1 width=4) (actual time=0.020..0.020 rows=0 loops=2773)
        Index Cond: (id = mk.movie_id)
        Filter: (kind_id > 1)
        Rows Removed by Filter: 1
Planning time: 0.667 ms
Execution time: 1134.764 ms
