Seq Scan on title t  (cost=0.00..73925.90 rows=4532 width=0) (actual time=284.555..1061.441 rows=5201 loops=1)
  Filter: ((kind_id = 7) AND (production_year = 1956))
  Rows Removed by Filter: 2523111
Planning time: 0.367 ms
Execution time: 1062.852 ms
