Seq Scan on cast_info ci  (cost=0.00..705507.15 rows=3975070 width=0) (actual time=142.076..8424.435 rows=3851108 loops=1)
  Filter: (person_id < 369004)
  Rows Removed by Filter: 32393236
Planning time: 0.298 ms
Execution time: 8883.437 ms
