Hash Join  (cost=102636.52..936989.03 rows=6610 width=0) (actual time=1854.789..15387.978 rows=13388 loops=1)
  Hash Cond: (ci.movie_id = t.id)
  ->  Seq Scan on cast_info ci  (cost=0.00..796071.18 rows=10190727 width=4) (actual time=0.018..12676.594 rows=5548681 loops=1)
        Filter: ((person_id < 2312619) AND (role_id > 2))
        Rows Removed by Filter: 30695663
  ->  Hash  (cost=102616.02..102616.02 rows=1640 width=8) (actual time=1824.260..1824.260 rows=2792 loops=1)
        Buckets: 4096 (originally 2048)  Batches: 1 (originally 1)  Memory Usage: 142kB
        ->  Hash Join  (cost=73982.55..102616.02 rows=1640 width=8) (actual time=1211.342..1823.106 rows=2792 loops=1)
              Hash Cond: (mi_idx.movie_id = t.id)
              ->  Seq Scan on movie_info_idx mi_idx  (cost=0.00..25185.44 rows=915101 width=4) (actual time=0.022..467.585 rows=919850 loops=1)
                    Filter: (info_type_id < 101)
                    Rows Removed by Filter: 460185
              ->  Hash  (cost=73925.90..73925.90 rows=4532 width=4) (actual time=1205.069..1205.069 rows=8420 loops=1)
                    Buckets: 16384 (originally 8192)  Batches: 1 (originally 1)  Memory Usage: 425kB
                    ->  Seq Scan on title t  (cost=0.00..73925.90 rows=4532 width=4) (actual time=0.445..1200.929 rows=8420 loops=1)
                          Filter: ((kind_id = 7) AND (production_year = 1966))
                          Rows Removed by Filter: 2519892
Planning time: 1.162 ms
Execution time: 15390.258 ms
