Seq Scan on title t  (cost=0.00..73925.90 rows=88105 width=0) (actual time=504.914..1008.553 rows=95027 loops=1)
  Filter: ((production_year > 1963) AND (kind_id = 3))
  Rows Removed by Filter: 2433285
Planning time: 0.363 ms
Execution time: 1021.144 ms
