Hash Join  (cost=89116.48..626510.54 rows=5397113 width=0) (actual time=1546.572..14464.597 rows=2911703 loops=1)
  Hash Cond: (mi.movie_id = t.id)
  ->  Seq Scan on movie_info mi  (cost=0.00..309384.22 rows=14739122 width=4) (actual time=0.013..5127.704 rows=14835720 loops=1)
  ->  Hash  (cost=73925.90..73925.90 rows=925886 width=4) (actual time=1545.376..1545.376 rows=1011017 loops=1)
        Buckets: 131072  Batches: 16  Memory Usage: 3260kB
        ->  Seq Scan on title t  (cost=0.00..73925.90 rows=925886 width=4) (actual time=0.020..1221.095 rows=1011017 loops=1)
              Filter: ((kind_id > 2) AND (production_year > 2001))
              Rows Removed by Filter: 1517295
Planning time: 0.739 ms
Execution time: 14804.613 ms
