Hash Join  (cost=463602.40..504847.35 rows=207047 width=0) (actual time=7840.843..9591.251 rows=199992 loops=1)
  Hash Cond: (mi_idx.movie_id = t.id)
  ->  Seq Scan on movie_info_idx mi_idx  (cost=0.00..21735.35 rows=1380035 width=4) (actual time=0.020..390.929 rows=1380035 loops=1)
  ->  Hash  (cost=457378.45..457378.45 rows=379356 width=8) (actual time=7839.884..7839.884 rows=189727 loops=1)
        Buckets: 131072  Batches: 8  Memory Usage: 1941kB
        ->  Hash Join  (cost=93362.60..457378.45 rows=379356 width=8) (actual time=5545.061..7784.531 rows=189727 loops=1)
              Hash Cond: (mi.movie_id = t.id)
              ->  Seq Scan on movie_info mi  (cost=0.00..346232.03 rows=809669 width=4) (actual time=3260.084..4891.810 rows=802140 loops=1)
                    Filter: (info_type_id = 1)
                    Rows Removed by Filter: 14033580
              ->  Hash  (cost=73925.90..73925.90 rows=1184696 width=4) (actual time=2283.862..2283.862 rows=1143935 loops=1)
                    Buckets: 131072  Batches: 16  Memory Usage: 3547kB
                    ->  Seq Scan on title t  (cost=0.00..73925.90 rows=1184696 width=4) (actual time=0.040..1277.789 rows=1143935 loops=1)
                          Filter: ((kind_id > 3) AND (production_year < 2009))
                          Rows Removed by Filter: 1384377
Planning time: 1.140 ms
Execution time: 9617.652 ms
