Hash Join  (cost=108779.22..196613.00 rows=22483 width=0) (actual time=2215.887..3639.612 rows=7191 loops=1)
  Hash Cond: (mk.movie_id = t.id)
  ->  Seq Scan on movie_keyword mk  (cost=0.00..81003.12 rows=1761552 width=4) (actual time=0.016..1425.571 rows=1766283 loops=1)
        Filter: (keyword_id > 7850)
        Rows Removed by Filter: 2757647
  ->  Hash  (cost=108375.82..108375.82 rows=32272 width=8) (actual time=1937.148..1937.148 rows=7592 loops=1)
        Buckets: 32768  Batches: 1  Memory Usage: 553kB
        ->  Hash Join  (cost=76808.54..108375.82 rows=32272 width=8) (actual time=1515.670..1934.360 rows=7592 loops=1)
              Hash Cond: (mi_idx.movie_id = t.id)
              ->  Seq Scan on movie_info_idx mi_idx  (cost=0.00..25185.44 rows=464566 width=4) (actual time=0.017..498.786 rows=459925 loops=1)
                    Filter: (info_type_id = 101)
                    Rows Removed by Filter: 920110
              ->  Hash  (cost=73925.90..73925.90 rows=175651 width=4) (actual time=1244.572..1244.572 rows=72638 loops=1)
                    Buckets: 131072  Batches: 4  Memory Usage: 1661kB
                    ->  Seq Scan on title t  (cost=0.00..73925.90 rows=175651 width=4) (actual time=0.016..1218.296 rows=72638 loops=1)
                          Filter: ((production_year < 1964) AND (kind_id = 7))
                          Rows Removed by Filter: 2455674
Planning time: 1.249 ms
Execution time: 3640.596 ms
