Seq Scan on cast_info ci  (cost=0.00..705507.15 rows=4837644 width=0) (actual time=387.203..10302.284 rows=4727012 loops=1)
  Filter: (person_id < 458300)
  Rows Removed by Filter: 31517332
Planning time: 0.283 ms
Execution time: 10933.212 ms
