Hash Join  (cost=85777.42..883634.68 rows=2418553 width=0) (actual time=2842.843..15192.121 rows=2344940 loops=1)
  Hash Cond: (ci.movie_id = t.id)
  ->  Seq Scan on cast_info ci  (cost=0.00..705507.15 rows=5520952 width=4) (actual time=1368.687..10514.856 rows=5438875 loops=1)
        Filter: (person_id < 524836)
        Rows Removed by Filter: 30805469
  ->  Hash  (cost=67604.59..67604.59 rows=1107667 width=4) (actual time=1473.149..1473.149 rows=1107925 loops=1)
        Buckets: 131072  Batches: 16  Memory Usage: 3460kB
        ->  Seq Scan on title t  (cost=0.00..67604.59 rows=1107667 width=4) (actual time=0.023..1124.505 rows=1107925 loops=1)
              Filter: (production_year > 2004)
              Rows Removed by Filter: 1420387
Planning time: 1.165 ms
Execution time: 15425.480 ms
