Hash Join  (cost=102767.86..1576248.93 rows=31505226 width=0) (actual time=1687.403..47262.616 rows=31484925 loops=1)
  Hash Cond: (ci.movie_id = t.id)
  ->  Seq Scan on cast_info ci  (cost=0.00..705507.15 rows=31505226 width=4) (actual time=0.037..15352.448 rows=31484925 loops=1)
        Filter: (person_id < 3202855)
        Rows Removed by Filter: 4759419
  ->  Hash  (cost=61283.27..61283.27 rows=2528527 width=4) (actual time=1686.580..1686.580 rows=2528312 loops=1)
        Buckets: 131072  Batches: 64  Memory Usage: 2415kB
        ->  Seq Scan on title t  (cost=0.00..61283.27 rows=2528527 width=4) (actual time=0.012..873.032 rows=2528312 loops=1)
Planning time: 0.782 ms
Execution time: 50879.356 ms
