Hash Join  (cost=104998.08..927370.10 rows=6671409 width=169) (actual time=2453.977..22798.271 rows=4484652 loops=1)
  Hash Cond: (mi.movie_id = t.id)
  ->  Seq Scan on movie_info mi  (cost=0.00..309384.22 rows=14739122 width=75) (actual time=0.013..7094.293 rows=14835720 loops=1)
  ->  Hash  (cost=73925.90..73925.90 rows=1144494 width=94) (actual time=2451.197..2451.197 rows=1095581 loops=1)
        Buckets: 32768  Batches: 64  Memory Usage: 2217kB
        ->  Seq Scan on title t  (cost=0.00..73925.90 rows=1144494 width=94) (actual time=0.018..1658.630 rows=1095581 loops=1)
              Filter: ((kind_id > 1) AND (production_year < 2007))
              Rows Removed by Filter: 1432731
Planning time: 1.080 ms
Execution time: 23051.235 ms
