Seq Scan on cast_info ci  (cost=0.00..796071.18 rows=420 width=0) (actual time=6151.428..13702.608 rows=13 loops=1)
  Filter: ((role_id < 9) AND (person_id = 120604))
  Rows Removed by Filter: 36244331
Planning time: 0.365 ms
Execution time: 13702.752 ms
