Hash Join  (cost=102767.86..1448277.61 rows=26186991 width=0) (actual time=2004.087..40390.072 rows=26410492 loops=1)
  Hash Cond: (ci.movie_id = t.id)
  ->  Seq Scan on cast_info ci  (cost=0.00..705507.15 rows=26186991 width=4) (actual time=0.385..16157.572 rows=26410492 loops=1)
        Filter: (person_id > 967338)
        Rows Removed by Filter: 9833852
  ->  Hash  (cost=61283.27..61283.27 rows=2528527 width=4) (actual time=2001.844..2001.844 rows=2528312 loops=1)
        Buckets: 131072  Batches: 64  Memory Usage: 2415kB
        ->  Seq Scan on title t  (cost=0.00..61283.27 rows=2528527 width=4) (actual time=0.017..1167.066 rows=2528312 loops=1)
Planning time: 1.140 ms
Execution time: 43320.219 ms
