Hash Join  (cost=193504.40..236503.28 rows=309240 width=0) (actual time=3524.278..4726.981 rows=470579 loops=1)
  Hash Cond: (mi_idx.movie_id = t.id)
  ->  Seq Scan on movie_info_idx mi_idx  (cost=0.00..21735.35 rows=1380035 width=4) (actual time=0.031..444.564 rows=1380035 loops=1)
  ->  Hash  (cost=184207.96..184207.96 rows=566595 width=8) (actual time=3523.316..3523.316 rows=352569 loops=1)
        Buckets: 131072  Batches: 8  Memory Usage: 2746kB
        ->  Hash Join  (cost=102767.86..184207.96 rows=566595 width=8) (actual time=1781.910..3412.532 rows=352569 loops=1)
              Hash Cond: (mc.movie_id = t.id)
              ->  Seq Scan on movie_companies mc  (cost=0.00..57926.93 rows=566595 width=4) (actual time=0.026..919.686 rows=352569 loops=1)
                    Filter: ((company_id < 7699) AND (company_type_id = 2))
                    Rows Removed by Filter: 2256560
              ->  Hash  (cost=61283.27..61283.27 rows=2528527 width=4) (actual time=1779.804..1779.804 rows=2528312 loops=1)
                    Buckets: 131072  Batches: 64  Memory Usage: 2415kB
                    ->  Seq Scan on title t  (cost=0.00..61283.27 rows=2528527 width=4) (actual time=0.010..922.812 rows=2528312 loops=1)
Planning time: 6.173 ms
Execution time: 4786.529 ms
