Seq Scan on movie_keyword mk  (cost=0.00..81003.12 rows=2516922 width=0) (actual time=0.020..1344.967 rows=2510967 loops=1)
  Filter: (keyword_id > 3586)
  Rows Removed by Filter: 2012963
Planning time: 0.279 ms
Execution time: 1664.263 ms
