Hash Join  (cost=97835.13..172081.37 rows=353454 width=0) (actual time=1846.226..3427.555 rows=187641 loops=1)
  Hash Cond: (mc.movie_id = t.id)
  ->  Seq Scan on movie_companies mc  (cost=0.00..57926.93 rows=613271 width=4) (actual time=155.117..983.572 rows=885554 loops=1)
        Filter: ((company_id > 12127) AND (company_type_id = 2))
        Rows Removed by Filter: 1723575
  ->  Hash  (cost=73925.90..73925.90 rows=1457298 width=4) (actual time=1689.942..1689.942 rows=1438183 loops=1)
        Buckets: 131072  Batches: 32  Memory Usage: 2604kB
        ->  Seq Scan on title t  (cost=0.00..73925.90 rows=1457298 width=4) (actual time=69.970..1232.781 rows=1438183 loops=1)
              Filter: ((production_year < 2013) AND (kind_id = 7))
              Rows Removed by Filter: 1090129
Planning time: 0.820 ms
Execution time: 3452.819 ms
