Hash Join  (cost=84197.31..142456.65 rows=74641 width=0) (actual time=1531.042..2580.167 rows=37383 loops=1)
  Hash Cond: (mc.movie_id = t.id)
  ->  Seq Scan on movie_companies mc  (cost=0.00..51404.11 rows=186617 width=4) (actual time=0.031..796.624 rows=186044 loops=1)
        Filter: (company_id < 49)
        Rows Removed by Filter: 2423085
  ->  Hash  (cost=67604.59..67604.59 rows=1011338 width=4) (actual time=1529.923..1529.923 rows=1012920 loops=1)
        Buckets: 131072  Batches: 16  Memory Usage: 3250kB
        ->  Seq Scan on title t  (cost=0.00..67604.59 rows=1011338 width=4) (actual time=0.019..1205.677 rows=1012920 loops=1)
              Filter: (production_year > 2005)
              Rows Removed by Filter: 1515392
Planning time: 12.715 ms
Execution time: 2584.812 ms
