Hash Join  (cost=87731.24..123121.83 rows=154603 width=0) (actual time=1816.364..2303.370 rows=75681 loops=1)
  Hash Cond: (mi_idx.movie_id = t.id)
  ->  Seq Scan on movie_info_idx mi_idx  (cost=0.00..25185.44 rows=464566 width=4) (actual time=0.016..408.709 rows=459925 loops=1)
        Filter: (info_type_id = 101)
        Rows Removed by Filter: 920110
  ->  Hash  (cost=73925.90..73925.90 rows=841467 width=4) (actual time=1507.067..1507.067 rows=921643 loops=1)
        Buckets: 131072  Batches: 16  Memory Usage: 3057kB
        ->  Seq Scan on title t  (cost=0.00..73925.90 rows=841467 width=4) (actual time=0.022..1217.632 rows=921643 loops=1)
              Filter: ((production_year > 2000) AND (kind_id = 7))
              Rows Removed by Filter: 1606669
Planning time: 0.754 ms
Execution time: 2313.089 ms
