Hash Join  (cost=130069.22..1191364.63 rows=2676219 width=0) (actual time=2475.150..29576.324 rows=3405602 loops=1)
  Hash Cond: (ci.movie_id = t.id)
  ->  Seq Scan on cast_info ci  (cost=0.00..614943.12 rows=36225612 width=4) (actual time=0.026..11832.648 rows=36244344 loops=1)
  ->  Hash  (cost=127004.23..127004.23 rows=186799 width=8) (actual time=2474.285..2474.285 rows=103238 loops=1)
        Buckets: 131072  Batches: 4  Memory Usage: 2032kB
        ->  Hash Join  (cost=90606.68..127004.23 rows=186799 width=8) (actual time=1794.806..2438.586 rows=103238 loops=1)
              Hash Cond: (mi_idx.movie_id = t.id)
              ->  Seq Scan on movie_info_idx mi_idx  (cost=0.00..25185.44 rows=464566 width=4) (actual time=0.031..493.564 rows=459925 loops=1)
                    Filter: (info_type_id = 101)
                    Rows Removed by Filter: 920110
              ->  Hash  (cost=73925.90..73925.90 rows=1016702 width=4) (actual time=1504.411..1504.411 rows=960113 loops=1)
                    Buckets: 131072  Batches: 16  Memory Usage: 3135kB
                    ->  Seq Scan on title t  (cost=0.00..73925.90 rows=1016702 width=4) (actual time=74.606..1198.887 rows=960113 loops=1)
                          Filter: ((production_year < 2008) AND (kind_id = 7))
                          Rows Removed by Filter: 1568199
Planning time: 2.616 ms
Execution time: 29962.346 ms
