Seq Scan on movie_keyword mk  (cost=0.00..81003.12 rows=3725871 width=0) (actual time=0.015..1484.153 rows=3722905 loops=1)
  Filter: (keyword_id > 769)
  Rows Removed by Filter: 801025
Planning time: 0.266 ms
Execution time: 1955.311 ms
