Hash Join  (cost=89762.59..981020.88 rows=5702628 width=0) (actual time=1596.861..20774.409 rows=5874460 loops=1)
  Hash Cond: (ci.movie_id = t.id)
  ->  Seq Scan on cast_info ci  (cost=0.00..705507.15 rows=10676496 width=4) (actual time=0.041..11856.747 rows=10502926 loops=1)
        Filter: (person_id < 1031732)
        Rows Removed by Filter: 25741418
  ->  Hash  (cost=67604.59..67604.59 rows=1350560 width=4) (actual time=1595.394..1595.394 rows=1348293 loops=1)
        Buckets: 131072  Batches: 32  Memory Usage: 2505kB
        ->  Seq Scan on title t  (cost=0.00..67604.59 rows=1350560 width=4) (actual time=0.011..1152.338 rows=1348293 loops=1)
              Filter: (production_year < 2005)
              Rows Removed by Filter: 1180019
Planning time: 0.838 ms
Execution time: 21381.381 ms
