Hash Join  (cost=709678.15..1064144.33 rows=434 width=0) (actual time=12765.159..17091.964 rows=19 loops=1)
  Hash Cond: (mi.movie_id = t.id)
  ->  Seq Scan on movie_info mi  (cost=0.00..346232.03 rows=2194617 width=4) (actual time=0.011..5997.197 rows=2233850 loops=1)
        Filter: (info_type_id > 16)
        Rows Removed by Filter: 12601870
  ->  Hash  (cost=709671.90..709671.90 rows=500 width=8) (actual time=10773.378..10773.378 rows=190 loops=1)
        Buckets: 1024  Batches: 1  Memory Usage: 16kB
        ->  Nested Loop  (cost=0.43..709671.90 rows=500 width=8) (actual time=7791.504..10773.304 rows=190 loops=1)
              ->  Seq Scan on cast_info ci  (cost=0.00..705507.15 rows=500 width=4) (actual time=7791.380..10770.428 rows=190 loops=1)
                    Filter: (person_id = 3161293)
                    Rows Removed by Filter: 36244154
              ->  Index Only Scan using title_pkey on title t  (cost=0.43..8.32 rows=1 width=4) (actual time=0.014..0.014 rows=1 loops=190)
                    Index Cond: (id = ci.movie_id)
                    Heap Fetches: 190
Planning time: 3.465 ms
Execution time: 17092.074 ms
