Hash Join  (cost=137466.38..1133373.45 rows=2418675 width=0) (actual time=3249.631..25233.119 rows=3359241 loops=1)
  Hash Cond: (ci.movie_id = t.id)
  ->  Seq Scan on cast_info ci  (cost=0.00..796071.18 rows=15053898 width=4) (actual time=5.309..14462.829 rows=16429143 loops=1)
        Filter: ((person_id < 1695518) AND (role_id < 10))
        Rows Removed by Filter: 19815201
  ->  Hash  (cost=130801.22..130801.22 rows=406253 width=8) (actual time=2857.318..2857.318 rows=256629 loops=1)
        Buckets: 131072  Batches: 8  Memory Usage: 2271kB
        ->  Hash Join  (cost=86138.21..130801.22 rows=406253 width=8) (actual time=1494.070..2778.811 rows=256629 loops=1)
              Hash Cond: (mi_idx.movie_id = t.id)
              ->  Seq Scan on movie_info_idx mi_idx  (cost=0.00..21735.35 rows=1380035 width=4) (actual time=0.015..443.413 rows=1380035 loops=1)
              ->  Hash  (cost=73925.90..73925.90 rows=744344 width=4) (actual time=1492.823..1492.823 rows=796638 loops=1)
                    Buckets: 131072  Batches: 16  Memory Usage: 2779kB
                    ->  Seq Scan on title t  (cost=0.00..73925.90 rows=744344 width=4) (actual time=0.019..1231.764 rows=796638 loops=1)
                          Filter: ((kind_id > 1) AND (production_year > 2005))
                          Rows Removed by Filter: 1731674
Planning time: 1.146 ms
Execution time: 25627.778 ms
