Hash Join  (cost=102767.86..283347.17 rows=3727642 width=0) (actual time=1724.700..7126.289 rows=3726831 loops=1)
  Hash Cond: (mk.movie_id = t.id)
  ->  Seq Scan on movie_keyword mk  (cost=0.00..81003.12 rows=3727642 width=4) (actual time=0.012..1647.611 rows=3726831 loops=1)
        Filter: (keyword_id > 766)
        Rows Removed by Filter: 797099
  ->  Hash  (cost=61283.27..61283.27 rows=2528527 width=4) (actual time=1722.921..1722.921 rows=2528312 loops=1)
        Buckets: 131072  Batches: 64  Memory Usage: 2425kB
        ->  Seq Scan on title t  (cost=0.00..61283.27 rows=2528527 width=4) (actual time=0.020..849.442 rows=2528312 loops=1)
Planning time: 0.681 ms
Execution time: 7582.020 ms
