Seq Scan on cast_info ci  (cost=0.00..796071.18 rows=99827 width=0) (actual time=1846.994..9538.280 rows=92667 loops=1)
  Filter: ((person_id < 198563) AND (role_id = 8))
  Rows Removed by Filter: 36151677
Planning time: 0.370 ms
Execution time: 9550.288 ms
