Nested Loop  (cost=91929.43..801039.95 rows=132 width=0) (actual time=11592.345..11666.222 rows=38 loops=1)
  Join Filter: (ci.movie_id = t.id)
  ->  Hash Join  (cost=91929.00..800800.43 rows=328 width=8) (actual time=11592.215..11665.708 rows=38 loops=1)
        Hash Cond: (ci.movie_id = mk.movie_id)
        ->  Seq Scan on cast_info ci  (cost=0.00..705507.15 rows=500 width=4) (actual time=3177.461..10014.929 rows=37 loops=1)
              Filter: (person_id = 1155790)
              Rows Removed by Filter: 36244307
        ->  Hash  (cost=81003.12..81003.12 rows=665910 width=4) (actual time=1567.883..1567.883 rows=664261 loops=1)
              Buckets: 131072  Batches: 16  Memory Usage: 2506kB
              ->  Seq Scan on movie_keyword mk  (cost=0.00..81003.12 rows=665910 width=4) (actual time=0.043..1356.913 rows=664261 loops=1)
                    Filter: (keyword_id < 519)
                    Rows Removed by Filter: 3859669
  ->  Index Only Scan using title_pkey on title t  (cost=0.43..0.72 rows=1 width=4) (actual time=0.011..0.012 rows=1 loops=38)
        Index Cond: (id = mk.movie_id)
        Heap Fetches: 38
Planning time: 2.235 ms
Execution time: 11666.326 ms
