Hash Join  (cost=86080.39..224231.20 rows=1325477 width=0) (actual time=1279.407..5372.175 rows=2560250 loops=1)
  Hash Cond: (mk.movie_id = t.id)
  ->  Seq Scan on movie_keyword mk  (cost=0.00..69693.30 rows=4523930 width=4) (actual time=0.017..1233.482 rows=4523930 loops=1)
  ->  Hash  (cost=73925.90..73925.90 rows=740839 width=4) (actual time=1278.134..1278.134 rows=635012 loops=1)
        Buckets: 131072  Batches: 16  Memory Usage: 2427kB
        ->  Seq Scan on title t  (cost=0.00..73925.90 rows=740839 width=4) (actual time=0.024..1064.952 rows=635012 loops=1)
              Filter: ((kind_id < 4) AND (production_year > 1963))
              Rows Removed by Filter: 1893300
Planning time: 4.265 ms
Execution time: 5678.474 ms
