Hash Join  (cost=345457.78..1113851.48 rows=21866206 width=0) (actual time=8678.853..65302.140 rows=192130523 loops=1)
  Hash Cond: (mi.movie_id = t.id)
  ->  Seq Scan on movie_info mi  (cost=0.00..309384.22 rows=14739122 width=4) (actual time=0.013..5438.541 rows=14835720 loops=1)
  ->  Hash  (cost=283913.87..283913.87 rows=3751193 width=8) (actual time=8673.530..8673.530 rows=3742306 loops=1)
        Buckets: 131072  Batches: 64  Memory Usage: 3414kB
        ->  Hash Join  (cost=102767.86..283913.87 rows=3751193 width=8) (actual time=1857.271..7545.645 rows=3742306 loops=1)
              Hash Cond: (mk.movie_id = t.id)
              ->  Seq Scan on movie_keyword mk  (cost=0.00..81003.12 rows=3751193 width=4) (actual time=0.026..1707.816 rows=3742306 loops=1)
                    Filter: (keyword_id < 24132)
                    Rows Removed by Filter: 781624
              ->  Hash  (cost=61283.27..61283.27 rows=2528527 width=4) (actual time=1856.009..1856.009 rows=2528312 loops=1)
                    Buckets: 131072  Batches: 64  Memory Usage: 2425kB
                    ->  Seq Scan on title t  (cost=0.00..61283.27 rows=2528527 width=4) (actual time=0.016..980.885 rows=2528312 loops=1)
Planning time: 1.157 ms
Execution time: 86800.724 ms
