Seq Scan on movie_keyword mk  (cost=0.00..81003.12 rows=246 width=0) (actual time=126.330..1214.500 rows=37 loops=1)
  Filter: (keyword_id = 38716)
  Rows Removed by Filter: 4523893
Planning time: 0.285 ms
Execution time: 1214.610 ms
