Hash Join  (cost=74285.67..161458.65 rows=51494 width=0) (actual time=1002.677..2160.198 rows=95300 loops=1)
  Hash Cond: (mk.movie_id = t.id)
  ->  Seq Scan on movie_keyword mk  (cost=0.00..69693.30 rows=4523930 width=4) (actual time=0.025..552.832 rows=4523930 loops=1)
  ->  Hash  (cost=73925.90..73925.90 rows=28781 width=4) (actual time=1001.958..1001.958 rows=19082 loops=1)
        Buckets: 32768  Batches: 1  Memory Usage: 927kB
        ->  Seq Scan on title t  (cost=0.00..73925.90 rows=28781 width=4) (actual time=0.015..993.619 rows=19082 loops=1)
              Filter: ((kind_id < 3) AND (production_year = 2005))
              Rows Removed by Filter: 2509230
Planning time: 0.710 ms
Execution time: 2169.759 ms
