Nested Loop  (cost=0.43..83072.29 rows=12 width=0) (actual time=16.450..1292.674 rows=83 loops=1)
  ->  Seq Scan on movie_keyword mk  (cost=0.00..81003.12 rows=246 width=4) (actual time=0.645..1195.323 rows=2620 loops=1)
        Filter: (keyword_id = 1013)
        Rows Removed by Filter: 4521310
  ->  Index Scan using title_pkey on title t  (cost=0.43..8.40 rows=1 width=4) (actual time=0.036..0.036 rows=0 loops=2620)
        Index Cond: (id = mk.movie_id)
        Filter: (production_year = 2008)
        Rows Removed by Filter: 1
Planning time: 0.774 ms
Execution time: 1292.851 ms
