Hash Join  (cost=445821.99..1394084.30 rows=805884 width=0) (actual time=16672.156..31780.235 rows=4158119 loops=1)
  Hash Cond: (ci.movie_id = t.id)
  ->  Seq Scan on cast_info ci  (cost=0.00..796071.18 rows=8035931 width=4) (actual time=7429.563..14682.748 rows=12670688 loops=1)
        Filter: ((person_id < 2323237) AND (role_id = 1))
        Rows Removed by Filter: 23573656
  ->  Hash  (cost=441661.32..441661.32 rows=253573 width=8) (actual time=9241.355..9241.355 rows=405218 loops=1)
        Buckets: 131072 (originally 131072)  Batches: 8 (originally 4)  Memory Usage: 3073kB
        ->  Hash Join  (cost=74469.67..441661.32 rows=253573 width=8) (actual time=992.323..8444.272 rows=405218 loops=1)
              Hash Cond: (mi.movie_id = t.id)
              ->  Seq Scan on movie_info mi  (cost=0.00..309384.22 rows=14739122 width=4) (actual time=0.019..3527.055 rows=14835720 loops=1)
              ->  Hash  (cost=73925.90..73925.90 rows=43501 width=4) (actual time=991.419..991.419 rows=39560 loops=1)
                    Buckets: 65536  Batches: 1  Memory Usage: 1903kB
                    ->  Seq Scan on title t  (cost=0.00..73925.90 rows=43501 width=4) (actual time=31.013..976.491 rows=39560 loops=1)
                          Filter: ((kind_id < 2) AND (production_year = 2012))
                          Rows Removed by Filter: 2488752
Planning time: 1.230 ms
Execution time: 32233.455 ms
