Nested Loop  (cost=0.43..138132.94 rows=327 width=0) (actual time=749.052..1056.606 rows=8 loops=1)
  ->  Seq Scan on movie_keyword mk  (cost=0.00..81003.12 rows=8445 width=4) (actual time=0.039..954.756 rows=7552 loops=1)
        Filter: (keyword_id = 910)
        Rows Removed by Filter: 4516378
  ->  Index Scan using title_pkey on title t  (cost=0.43..6.75 rows=1 width=4) (actual time=0.013..0.013 rows=0 loops=7552)
        Index Cond: (id = mk.movie_id)
        Filter: ((kind_id = 7) AND (production_year = 2011))
        Rows Removed by Filter: 1
Planning time: 0.977 ms
Execution time: 1056.725 ms
