Seq Scan on movie_keyword mk  (cost=0.00..81003.12 rows=252392 width=0) (actual time=0.030..1149.651 rows=249966 loops=1)
  Filter: (keyword_id > 60447)
  Rows Removed by Filter: 4273964
Planning time: 0.275 ms
Execution time: 1185.875 ms
