Hash Join  (cost=122793.78..1070810.72 rows=1046164 width=0) (actual time=7106.157..23423.637 rows=1107489 loops=1)
  Hash Cond: (ci.movie_id = t.id)
  ->  Seq Scan on cast_info ci  (cost=0.00..705507.15 rows=20024311 width=4) (actual time=4934.176..14194.319 rows=20122661 loops=1)
        Filter: (role_id < 3)
        Rows Removed by Filter: 16121683
  ->  Hash  (cost=120625.50..120625.50 rows=132102 width=8) (actual time=2170.805..2170.805 rows=77400 loops=1)
        Buckets: 131072  Batches: 2  Memory Usage: 2542kB
        ->  Hash Join  (cost=85994.08..120625.50 rows=132102 width=8) (actual time=1364.325..2144.065 rows=77400 loops=1)
              Hash Cond: (mi_idx.movie_id = t.id)
              ->  Seq Scan on movie_info_idx mi_idx  (cost=0.00..25185.44 rows=454124 width=4) (actual time=0.029..435.450 rows=459925 loops=1)
                    Filter: (info_type_id = 100)
                    Rows Removed by Filter: 920110
              ->  Hash  (cost=73925.90..73925.90 rows=735534 width=4) (actual time=1362.973..1362.973 rows=646443 loops=1)
                    Buckets: 131072  Batches: 16  Memory Usage: 2443kB
                    ->  Seq Scan on title t  (cost=0.00..73925.90 rows=735534 width=4) (actual time=0.045..1156.596 rows=646443 loops=1)
                          Filter: ((kind_id > 4) AND (production_year < 2003))
                          Rows Removed by Filter: 1881869
Planning time: 0.876 ms
Execution time: 23544.540 ms
