Seq Scan on cast_info ci  (cost=0.00..705507.15 rows=18541308 width=0) (actual time=0.024..10759.136 rows=18704796 loops=1)
  Filter: (person_id > 1736639)
  Rows Removed by Filter: 17539548
Planning time: 0.281 ms
Execution time: 12997.944 ms
