Hash Join  (cost=101068.14..852196.99 rows=33972 width=0) (actual time=1575.959..17256.404 rows=14158 loops=1)
  Hash Cond: (ci.movie_id = t.id)
  ->  Seq Scan on cast_info ci  (cost=0.00..614943.12 rows=36225612 width=4) (actual time=0.020..7944.218 rows=36244344 loops=1)
  ->  Hash  (cost=101038.50..101038.50 rows=2371 width=8) (actual time=1561.188..1561.188 rows=3554 loops=1)
        Buckets: 4096  Batches: 1  Memory Usage: 171kB
        ->  Hash Join  (cost=74087.23..101038.50 rows=2371 width=8) (actual time=972.036..1559.600 rows=3554 loops=1)
              Hash Cond: (mi_idx.movie_id = t.id)
              ->  Seq Scan on movie_info_idx mi_idx  (cost=0.00..25185.44 rows=464566 width=4) (actual time=0.011..461.346 rows=459925 loops=1)
                    Filter: (info_type_id = 101)
                    Rows Removed by Filter: 920110
              ->  Hash  (cost=73925.90..73925.90 rows=12906 width=4) (actual time=965.993..965.993 rows=35049 loops=1)
                    Buckets: 65536 (originally 16384)  Batches: 1 (originally 1)  Memory Usage: 1745kB
                    ->  Seq Scan on title t  (cost=0.00..73925.90 rows=12906 width=4) (actual time=439.795..951.296 rows=35049 loops=1)
                          Filter: ((kind_id < 4) AND (production_year < 1912))
                          Rows Removed by Filter: 2493263
Planning time: 2.463 ms
Execution time: 17259.704 ms
