Hash Join  (cost=132160.07..1202512.60 rows=3557834 width=0) (actual time=2829.409..34716.131 rows=8321835 loops=1)
  Hash Cond: (ci.movie_id = t.id)
  ->  Seq Scan on cast_info ci  (cost=0.00..614943.12 rows=36225612 width=4) (actual time=0.013..13202.514 rows=36244344 loops=1)
  ->  Hash  (cost=128084.88..128084.88 rows=248335 width=8) (actual time=2828.591..2828.591 rows=297220 loops=1)
        Buckets: 131072  Batches: 4  Memory Usage: 3931kB
        ->  Hash Join  (cost=89762.59..128084.88 rows=248335 width=8) (actual time=1659.208..2737.498 rows=297220 loops=1)
              Hash Cond: (mi_idx.movie_id = t.id)
              ->  Seq Scan on movie_info_idx mi_idx  (cost=0.00..25185.44 rows=464934 width=4) (actual time=0.017..507.691 rows=460185 loops=1)
                    Filter: (info_type_id > 100)
                    Rows Removed by Filter: 919850
              ->  Hash  (cost=67604.59..67604.59 rows=1350560 width=4) (actual time=1658.081..1658.081 rows=1348293 loops=1)
                    Buckets: 131072  Batches: 32  Memory Usage: 2505kB
                    ->  Seq Scan on title t  (cost=0.00..67604.59 rows=1350560 width=4) (actual time=0.023..1228.444 rows=1348293 loops=1)
                          Filter: (production_year < 2005)
                          Rows Removed by Filter: 1180019
Planning time: 1.250 ms
Execution time: 35609.524 ms
