Seq Scan on movie_companies mc  (cost=0.00..57926.93 rows=338693 width=0) (actual time=8.666..808.011 rows=185925 loops=1)
  Filter: ((company_id < 944) AND (company_type_id > 1))
  Rows Removed by Filter: 2423204
Planning time: 7.353 ms
Execution time: 832.273 ms
