Hash Join  (cost=69374.09..1119043.50 rows=1544425 width=0) (actual time=1120.374..27386.217 rows=1655065 loops=1)
  Hash Cond: (ci.movie_id = t.id)
  ->  Seq Scan on cast_info ci  (cost=0.00..614943.12 rows=36225612 width=4) (actual time=0.023..12616.234 rows=36244344 loops=1)
  ->  Hash  (cost=67604.59..67604.59 rows=107800 width=4) (actual time=1119.593..1119.593 rows=108429 loops=1)
        Buckets: 131072  Batches: 2  Memory Usage: 2931kB
        ->  Seq Scan on title t  (cost=0.00..67604.59 rows=107800 width=4) (actual time=0.032..1078.434 rows=108429 loops=1)
              Filter: (production_year = 2006)
              Rows Removed by Filter: 2419883
Planning time: 0.789 ms
Execution time: 27587.731 ms
