Hash Join  (cost=145361.48..904397.27 rows=824663 width=0) (actual time=2458.910..20250.880 rows=1172953 loops=1)
  Hash Cond: (ci.movie_id = t.id)
  ->  Seq Scan on cast_info ci  (cost=0.00..614943.12 rows=36225612 width=4) (actual time=0.020..6993.596 rows=36244344 loops=1)
  ->  Hash  (cost=144641.97..144641.97 rows=57561 width=8) (actual time=2458.483..2458.483 rows=62517 loops=1)
        Buckets: 65536  Batches: 1  Memory Usage: 2955kB
        ->  Hash Join  (cost=75580.59..144641.97 rows=57561 width=8) (actual time=1059.086..2433.627 rows=62517 loops=1)
              Hash Cond: (mc.movie_id = t.id)
              ->  Seq Scan on movie_companies mc  (cost=0.00..51404.11 rows=1443107 width=4) (actual time=0.016..818.017 rows=1435106 loops=1)
                    Filter: (company_id < 12728)
                    Rows Removed by Filter: 1174023
              ->  Hash  (cost=73925.90..73925.90 rows=100855 width=4) (actual time=1058.343..1058.343 rows=111586 loops=1)
                    Buckets: 131072  Batches: 2  Memory Usage: 2982kB
                    ->  Seq Scan on title t  (cost=0.00..73925.90 rows=100855 width=4) (actual time=549.343..1020.029 rows=111586 loops=1)
                          Filter: ((production_year < 2012) AND (kind_id = 4))
                          Rows Removed by Filter: 2416726
Planning time: 1.128 ms
Execution time: 20398.835 ms
