Hash Join  (cost=917982.19..1050557.44 rows=867821 width=0) (actual time=17042.700..18999.965 rows=254328 loops=1)
  Hash Cond: (mk.movie_id = t.id)
  ->  Seq Scan on movie_keyword mk  (cost=0.00..69693.30 rows=4523930 width=4) (actual time=0.011..1331.129 rows=4523930 loops=1)
  ->  Hash  (cost=910024.13..910024.13 rows=485045 width=8) (actual time=14983.951..14983.951 rows=426954 loops=1)
        Buckets: 131072  Batches: 8  Memory Usage: 3113kB
        ->  Hash Join  (cost=92883.59..910024.13 rows=485045 width=8) (actual time=9259.351..14861.503 rows=426954 loops=1)
              Hash Cond: (ci.movie_id = t.id)
              ->  Seq Scan on cast_info ci  (cost=0.00..796071.18 rows=795982 width=4) (actual time=7703.250..12495.330 rows=890955 loops=1)
                    Filter: ((person_id > 1953440) AND (role_id = 8))
                    Rows Removed by Filter: 35353389
              ->  Hash  (cost=67604.59..67604.59 rows=1540800 width=4) (actual time=1554.901..1554.901 rows=1543264 loops=1)
                    Buckets: 131072  Batches: 32  Memory Usage: 2722kB
                    ->  Seq Scan on title t  (cost=0.00..67604.59 rows=1540800 width=4) (actual time=0.027..1066.593 rows=1543264 loops=1)
                          Filter: (kind_id = 7)
                          Rows Removed by Filter: 985048
Planning time: 1.613 ms
Execution time: 19031.080 ms
