Hash Join  (cost=106334.30..919376.26 rows=405864 width=0) (actual time=2491.091..22530.068 rows=1737726 loops=1)
  Hash Cond: (ci.movie_id = t.id)
  ->  Seq Scan on cast_info ci  (cost=0.00..705507.15 rows=27593647 width=4) (actual time=598.970..12063.039 rows=27730831 loops=1)
        Filter: (person_id > 836183)
        Rows Removed by Filter: 8513513
  ->  Hash  (cost=105869.41..105869.41 rows=37191 width=8) (actual time=1891.755..1891.755 rows=74098 loops=1)
        Buckets: 131072 (originally 65536)  Batches: 1 (originally 1)  Memory Usage: 3919kB
        ->  Hash Join  (cost=69283.60..105869.41 rows=37191 width=8) (actual time=1008.403..1866.377 rows=74098 loops=1)
              Hash Cond: (mi_idx.movie_id = t.id)
              ->  Seq Scan on movie_info_idx mi_idx  (cost=0.00..25185.44 rows=919057 width=4) (actual time=0.026..512.388 rows=920110 loops=1)
                    Filter: (info_type_id > 99)
                    Rows Removed by Filter: 459925
              ->  Hash  (cost=67604.59..67604.59 rows=102321 width=4) (actual time=1007.712..1007.712 rows=100537 loops=1)
                    Buckets: 131072  Batches: 2  Memory Usage: 2797kB
                    ->  Seq Scan on title t  (cost=0.00..67604.59 rows=102321 width=4) (actual time=466.444..971.950 rows=100537 loops=1)
                          Filter: (kind_id = 3)
                          Rows Removed by Filter: 2427775
Planning time: 1.258 ms
Execution time: 22760.450 ms
