Seq Scan on cast_info ci  (cost=0.00..796071.18 rows=435 width=0) (actual time=1282.198..13419.758 rows=529 loops=1)
  Filter: ((role_id < 10) AND (person_id = 2812281))
  Rows Removed by Filter: 36243815
Planning time: 0.359 ms
Execution time: 13419.892 ms
