Hash Join  (cost=484103.28..1638812.25 rows=11769585 width=0) (actual time=7814.650..38221.289 rows=7769761 loops=1)
  Hash Cond: (ci.movie_id = t.id)
  ->  Seq Scan on cast_info ci  (cost=0.00..614943.12 rows=36225612 width=4) (actual time=0.024..11847.395 rows=36244344 loops=1)
  ->  Hash  (cost=470624.40..470624.40 rows=821510 width=8) (actual time=7813.647..7813.647 rows=358313 loops=1)
        Buckets: 131072  Batches: 16  Memory Usage: 1895kB
        ->  Hash Join  (cost=92883.59..470624.40 rows=821510 width=8) (actual time=2233.167..7708.005 rows=358313 loops=1)
              Hash Cond: (mi.movie_id = t.id)
              ->  Seq Scan on movie_info mi  (cost=0.00..346232.03 rows=1348138 width=4) (actual time=601.435..5101.057 rows=1298989 loops=1)
                    Filter: (info_type_id = 4)
                    Rows Removed by Filter: 13536731
              ->  Hash  (cost=67604.59..67604.59 rows=1540800 width=4) (actual time=1630.537..1630.537 rows=1543264 loops=1)
                    Buckets: 131072  Batches: 32  Memory Usage: 2728kB
                    ->  Seq Scan on title t  (cost=0.00..67604.59 rows=1540800 width=4) (actual time=243.625..1126.675 rows=1543264 loops=1)
                          Filter: (kind_id = 7)
                          Rows Removed by Filter: 985048
Planning time: 1.232 ms
Execution time: 39208.833 ms
