Hash Join  (cost=102767.86..865717.65 rows=1976655 width=0) (actual time=3538.334..13679.896 rows=2014451 loops=1)
  Hash Cond: (ci.movie_id = t.id)
  ->  Seq Scan on cast_info ci  (cost=0.00..705507.15 rows=1976655 width=4) (actual time=1748.191..9906.621 rows=2014451 loops=1)
        Filter: (person_id > 3666252)
        Rows Removed by Filter: 34229893
  ->  Hash  (cost=61283.27..61283.27 rows=2528527 width=4) (actual time=1788.045..1788.045 rows=2528312 loops=1)
        Buckets: 131072  Batches: 64  Memory Usage: 2415kB
        ->  Seq Scan on title t  (cost=0.00..61283.27 rows=2528527 width=4) (actual time=0.025..916.678 rows=2528312 loops=1)
Planning time: 0.758 ms
Execution time: 13917.772 ms
