Seq Scan on movie_companies mc  (cost=0.00..57926.93 rows=51 width=0) (actual time=14.575..816.319 rows=227 loops=1)
  Filter: ((company_type_id < 2) AND (company_id = 629))
  Rows Removed by Filter: 2608902
Planning time: 0.378 ms
Execution time: 816.463 ms
