Seq Scan on movie_keyword mk  (cost=0.00..81003.12 rows=3053254 width=0) (actual time=0.023..1347.791 rows=3041389 loops=1)
  Filter: (keyword_id < 11044)
  Rows Removed by Filter: 1482541
Planning time: 0.285 ms
Execution time: 1722.349 ms
