Hash Join  (cost=137850.43..196121.67 rows=51193 width=0) (actual time=2794.115..3783.512 rows=113034 loops=1)
  Hash Cond: (mc.movie_id = t.id)
  ->  Seq Scan on movie_companies mc  (cost=0.00..51404.11 rows=453120 width=4) (actual time=0.021..748.272 rows=449541 loops=1)
        Filter: (company_id < 364)
        Rows Removed by Filter: 2159588
  ->  Hash  (cost=133163.54..133163.54 rows=285671 width=8) (actual time=2793.333..2793.333 rows=147460 loops=1)
        Buckets: 131072  Batches: 4  Memory Usage: 2462kB
        ->  Hash Join  (cost=93093.72..133163.54 rows=285671 width=8) (actual time=1643.781..2749.074 rows=147460 loops=1)
              Hash Cond: (mi_idx.movie_id = t.id)
              ->  Seq Scan on movie_info_idx mi_idx  (cost=0.00..25185.44 rows=464934 width=4) (actual time=0.024..484.497 rows=460185 loops=1)
                    Filter: (info_type_id > 100)
                    Rows Removed by Filter: 919850
              ->  Hash  (cost=67604.59..67604.59 rows=1553611 width=4) (actual time=1637.646..1637.646 rows=1555864 loops=1)
                    Buckets: 131072  Batches: 32  Memory Usage: 2734kB
                    ->  Seq Scan on title t  (cost=0.00..67604.59 rows=1553611 width=4) (actual time=0.011..1136.274 rows=1555864 loops=1)
                          Filter: (kind_id > 4)
                          Rows Removed by Filter: 972448
Planning time: 1.159 ms
Execution time: 3798.413 ms
