Seq Scan on movie_companies mc  (cost=0.00..51404.11 rows=625116 width=0) (actual time=0.009..759.486 rows=629304 loops=1)
  Filter: (company_id > 59932)
  Rows Removed by Filter: 1979825
Planning time: 0.292 ms
Execution time: 839.877 ms
