Seq Scan on movie_companies mc  (cost=0.00..57926.93 rows=689818 width=0) (actual time=105.770..965.779 rows=475087 loops=1)
  Filter: ((company_id > 10674) AND (company_type_id < 2))
  Rows Removed by Filter: 2134042
Planning time: 0.307 ms
Execution time: 1025.480 ms
