Hash Join  (cost=834301.82..2407866.41 rows=51832739 width=0) (actual time=17589.969..49018.705 rows=36224914 loops=1)
  Hash Cond: (ci.movie_id = t.id)
  ->  Seq Scan on cast_info ci  (cost=0.00..705507.15 rows=14592223 width=4) (actual time=2.247..13990.665 rows=14516595 loops=1)
        Filter: (person_id < 1429780)
        Rows Removed by Filter: 21727749
  ->  Hash  (cost=686947.71..686947.71 rows=8981529 width=8) (actual time=17584.215..17584.215 rows=3963336 loops=1)
        Buckets: 131072  Batches: 128  Memory Usage: 2196kB
        ->  Hash Join  (cost=92883.59..686947.71 rows=8981529 width=8) (actual time=1758.997..16509.562 rows=3963336 loops=1)
              Hash Cond: (mi.movie_id = t.id)
              ->  Seq Scan on movie_info mi  (cost=0.00..309384.22 rows=14739122 width=4) (actual time=0.011..6152.499 rows=14835720 loops=1)
              ->  Hash  (cost=67604.59..67604.59 rows=1540800 width=4) (actual time=1651.628..1651.628 rows=1543264 loops=1)
                    Buckets: 131072  Batches: 32  Memory Usage: 2728kB
                    ->  Seq Scan on title t  (cost=0.00..67604.59 rows=1540800 width=4) (actual time=273.411..1153.481 rows=1543264 loops=1)
                          Filter: (kind_id = 7)
                          Rows Removed by Filter: 985048
Planning time: 1.256 ms
Execution time: 53024.676 ms
