Seq Scan on movie_keyword mk  (cost=0.00..81003.12 rows=3228217 width=0) (actual time=0.024..1398.117 rows=3213821 loops=1)
  Filter: (keyword_id < 13419)
  Rows Removed by Filter: 1310109
Planning time: 0.270 ms
Execution time: 1810.345 ms
