Hash Join  (cost=146234.39..233324.77 rows=43235 width=0) (actual time=2701.852..4282.560 rows=20937 loops=1)
  Hash Cond: (mk.movie_id = t.id)
  ->  Seq Scan on movie_keyword mk  (cost=0.00..69693.30 rows=4523930 width=4) (actual time=0.020..944.131 rows=4523930 loops=1)
  ->  Hash  (cost=145932.32..145932.32 rows=24165 width=8) (actual time=2511.488..2511.488 rows=9604 loops=1)
        Buckets: 32768  Batches: 1  Memory Usage: 632kB
        ->  Hash Join  (cost=89780.46..145932.32 rows=24165 width=8) (actual time=1695.793..2507.345 rows=9604 loops=1)
              Hash Cond: (mc.movie_id = t.id)
              ->  Seq Scan on movie_companies mc  (cost=0.00..51404.11 rows=63228 width=4) (actual time=0.301..741.793 rows=62075 loops=1)
                    Filter: (company_id = 6)
                    Rows Removed by Filter: 2547054
              ->  Hash  (cost=73925.90..73925.90 rows=966364 width=4) (actual time=1548.078..1548.078 rows=1056944 loops=1)
                    Buckets: 131072  Batches: 16  Memory Usage: 3356kB
                    ->  Seq Scan on title t  (cost=0.00..73925.90 rows=966364 width=4) (actual time=0.021..1217.492 rows=1056944 loops=1)
                          Filter: ((kind_id > 4) AND (production_year > 1996))
                          Rows Removed by Filter: 1471368
Planning time: 1.209 ms
Execution time: 4285.320 ms
