Hash Join  (cost=426962.66..1184828.96 rows=707707 width=0) (actual time=6503.977..23495.436 rows=1484284 loops=1)
  Hash Cond: (ci.movie_id = t.id)
  ->  Seq Scan on cast_info ci  (cost=0.00..614943.12 rows=36225612 width=4) (actual time=0.010..7173.813 rows=36244344 loops=1)
  ->  Hash  (cost=426345.18..426345.18 rows=49398 width=8) (actual time=6502.957..6502.957 rows=45755 loops=1)
        Buckets: 65536  Batches: 1  Memory Usage: 2300kB
        ->  Hash Join  (cost=68113.45..426345.18 rows=49398 width=8) (actual time=2142.269..6484.250 rows=45755 loops=1)
              Hash Cond: (mi.movie_id = t.id)
              ->  Seq Scan on movie_info mi  (cost=0.00..346232.03 rows=3068194 width=4) (actual time=1181.648..4817.631 rows=3036719 loops=1)
                    Filter: (info_type_id = 16)
                    Rows Removed by Filter: 11799001
              ->  Hash  (cost=67604.59..67604.59 rows=40709 width=4) (actual time=959.674..959.674 rows=38955 loops=1)
                    Buckets: 65536  Batches: 1  Memory Usage: 1882kB
                    ->  Seq Scan on title t  (cost=0.00..67604.59 rows=40709 width=4) (actual time=0.025..940.082 rows=38955 loops=1)
                          Filter: (production_year = 1997)
                          Rows Removed by Filter: 2489357
Planning time: 1.180 ms
Execution time: 23682.762 ms
