Hash Join  (cost=913276.89..990911.34 rows=187492 width=0) (actual time=13344.321..17013.248 rows=2758331 loops=1)
  Hash Cond: (mc.movie_id = t.id)
  ->  Seq Scan on movie_companies mc  (cost=0.00..44881.29 rows=2609129 width=4) (actual time=0.013..908.554 rows=2609129 loops=1)
  ->  Hash  (cost=910295.64..910295.64 rows=181700 width=8) (actual time=13343.074..13343.074 rows=678619 loops=1)
        Buckets: 131072 (originally 131072)  Batches: 16 (originally 4)  Memory Usage: 3073kB
        ->  Hash Join  (cost=101489.21..910295.64 rows=181700 width=8) (actual time=7421.263..13123.341 rows=678619 loops=1)
              Hash Cond: (ci.movie_id = t.id)
              ->  Seq Scan on cast_info ci  (cost=0.00..796071.18 rows=222450 width=4) (actual time=5153.449..9843.174 rows=883456 loops=1)
                    Filter: ((person_id > 3892199) AND (role_id > 4))
                    Rows Removed by Filter: 35360888
              ->  Hash  (cost=67604.59..67604.59 rows=2065330 width=4) (actual time=2266.980..2266.980 rows=2064552 loops=1)
                    Buckets: 131072  Batches: 32  Memory Usage: 3289kB
                    ->  Seq Scan on title t  (cost=0.00..67604.59 rows=2065330 width=4) (actual time=0.031..1103.729 rows=2064552 loops=1)
                          Filter: (production_year < 2011)
                          Rows Removed by Filter: 463760
Planning time: 1.223 ms
Execution time: 17308.591 ms
