Hash Join  (cost=513038.35..665852.68 rows=2090790 width=0) (actual time=8142.831..14420.194 rows=11671862 loops=1)
  Hash Cond: (mk.movie_id = t.id)
  ->  Seq Scan on movie_keyword mk  (cost=0.00..81003.12 rows=3950215 width=4) (actual time=0.024..1604.413 rows=3947775 loops=1)
        Filter: (keyword_id > 405)
        Rows Removed by Filter: 576155
  ->  Hash  (cost=491081.45..491081.45 rows=1338312 width=8) (actual time=8138.779..8138.779 rows=1401902 loops=1)
        Buckets: 131072  Batches: 32  Memory Usage: 2722kB
        ->  Hash Join  (cost=102767.86..491081.45 rows=1338312 width=8) (actual time=5116.726..7781.467 rows=1401902 loops=1)
              Hash Cond: (mi.movie_id = t.id)
              ->  Seq Scan on movie_info mi  (cost=0.00..346232.03 rows=1338312 width=4) (actual time=3276.524..4584.776 rows=1401902 loops=1)
                    Filter: (info_type_id = 7)
                    Rows Removed by Filter: 13433818
              ->  Hash  (cost=61283.27..61283.27 rows=2528527 width=4) (actual time=1838.828..1838.828 rows=2528312 loops=1)
                    Buckets: 131072  Batches: 64  Memory Usage: 2425kB
                    ->  Seq Scan on title t  (cost=0.00..61283.27 rows=2528527 width=4) (actual time=0.019..991.231 rows=2528312 loops=1)
Planning time: 1.265 ms
Execution time: 15656.539 ms
