Hash Join  (cost=163256.02..674698.01 rows=1740936 width=0) (actual time=3701.378..24284.990 rows=36776074 loops=1)
  Hash Cond: (mi.movie_id = t.id)
  ->  Seq Scan on movie_info mi  (cost=0.00..346232.03 rows=12665229 width=4) (actual time=0.021..7211.931 rows=12744652 loops=1)
        Filter: (info_type_id > 2)
        Rows Removed by Filter: 2091068
  ->  Hash  (cost=157553.44..157553.44 rows=347566 width=8) (actual time=3700.456..3700.456 rows=562707 loops=1)
        Buckets: 131072  Batches: 8  Memory Usage: 3846kB
        ->  Hash Join  (cost=85194.48..157553.44 rows=347566 width=8) (actual time=1656.315..3524.119 rows=562707 loops=1)
              Hash Cond: (mc.movie_id = t.id)
              ->  Seq Scan on movie_companies mc  (cost=0.00..51404.11 rows=1279517 width=4) (actual time=0.021..981.345 rows=1274246 loops=1)
                    Filter: (company_type_id < 2)
                    Rows Removed by Filter: 1334883
              ->  Hash  (cost=73925.90..73925.90 rows=686846 width=4) (actual time=1655.285..1655.285 rows=579856 loops=1)
                    Buckets: 131072  Batches: 16  Memory Usage: 2297kB
                    ->  Seq Scan on title t  (cost=0.00..73925.90 rows=686846 width=4) (actual time=0.023..1194.477 rows=579856 loops=1)
                          Filter: ((kind_id < 3) AND (production_year > 1951))
                          Rows Removed by Filter: 1948456
Planning time: 1.175 ms
Execution time: 28111.846 ms
