Seq Scan on movie_keyword mk  (cost=0.00..81003.12 rows=246 width=0) (actual time=42.098..1324.515 rows=102 loops=1)
  Filter: (keyword_id = 59514)
  Rows Removed by Filter: 4523828
Planning time: 0.360 ms
Execution time: 1324.695 ms
