Seq Scan on cast_info ci  (cost=0.00..796071.18 rows=6492290 width=0) (actual time=7905.596..14982.400 rows=7900915 loops=1)
  Filter: ((person_id > 1109800) AND (role_id > 4))
  Rows Removed by Filter: 28343429
Planning time: 2.299 ms
Execution time: 15979.717 ms
