Seq Scan on title t  (cost=0.00..73925.90 rows=424136 width=0) (actual time=0.025..1283.881 rows=305111 loops=1)
  Filter: ((kind_id > 4) AND (production_year < 1990))
  Rows Removed by Filter: 2223201
Planning time: 0.324 ms
Execution time: 1323.894 ms
