Seq Scan on cast_info ci  (cost=0.00..705507.15 rows=26363487 width=0) (actual time=0.023..12828.314 rows=26407895 loops=1)
  Filter: (person_id < 2727717)
  Rows Removed by Filter: 9836449
Planning time: 0.316 ms
Execution time: 16089.460 ms
