Seq Scan on cast_info ci  (cost=0.00..705507.15 rows=500 width=0) (actual time=2798.553..10359.320 rows=15 loops=1)
  Filter: (person_id = 2648862)
  Rows Removed by Filter: 36244329
Planning time: 1.129 ms
Execution time: 10359.427 ms
