Hash Join  (cost=216967.47..1424967.30 rows=14618156 width=0) (actual time=4933.080..46750.416 rows=31003522 loops=1)
  Hash Cond: (ci.movie_id = t.id)
  ->  Seq Scan on cast_info ci  (cost=0.00..705507.15 rows=30405364 width=4) (actual time=0.021..16885.915 rows=30511650 loops=1)
        Filter: (role_id < 9)
        Rows Removed by Filter: 5732694
  ->  Hash  (cost=197022.80..197022.80 rows=1215654 width=8) (actual time=4932.159..4932.159 rows=1233083 loops=1)
        Buckets: 131072  Batches: 16  Memory Usage: 4003kB
        ->  Hash Join  (cost=107819.01..197022.80 rows=1215654 width=8) (actual time=2222.179..4604.875 rows=1233083 loops=1)
              Hash Cond: (mc.movie_id = t.id)
              ->  Seq Scan on movie_companies mc  (cost=0.00..51404.11 rows=1254027 width=4) (actual time=0.028..1037.859 rows=1244515 loops=1)
                    Filter: (company_id < 11149)
                    Rows Removed by Filter: 1364614
              ->  Hash  (cost=67604.59..67604.59 rows=2451154 width=4) (actual time=2220.963..2220.963 rows=2450346 loops=1)
                    Buckets: 131072  Batches: 64  Memory Usage: 2372kB
                    ->  Seq Scan on title t  (cost=0.00..67604.59 rows=2451154 width=4) (actual time=0.010..1404.097 rows=2450346 loops=1)
                          Filter: (production_year > 1899)
                          Rows Removed by Filter: 77966
Planning time: 1.070 ms
Execution time: 50090.590 ms
