Hash Join  (cost=75870.49..200456.16 rows=212063 width=0) (actual time=1275.638..4498.437 rows=769465 loops=1)
  Hash Cond: (mk.movie_id = t.id)
  ->  Seq Scan on movie_keyword mk  (cost=0.00..69693.30 rows=4523930 width=4) (actual time=0.023..1453.141 rows=4523930 loops=1)
  ->  Hash  (cost=73925.90..73925.90 rows=118527 width=4) (actual time=1274.745..1274.745 rows=217379 loops=1)
        Buckets: 131072 (originally 131072)  Batches: 4 (originally 2)  Memory Usage: 3073kB
        ->  Seq Scan on title t  (cost=0.00..73925.90 rows=118527 width=4) (actual time=0.242..1189.515 rows=217379 loops=1)
              Filter: ((kind_id < 7) AND (production_year < 1965))
              Rows Removed by Filter: 2310933
Planning time: 0.832 ms
Execution time: 4584.273 ms
