Hash Join  (cost=228712.33..679569.32 rows=2139541 width=0) (actual time=4821.108..14431.389 rows=1695974 loops=1)
  Hash Cond: (mi.movie_id = t.id)
  ->  Seq Scan on movie_info mi  (cost=0.00..346232.03 rows=6231111 width=4) (actual time=0.022..6303.657 rows=6223494 loops=1)
        Filter: (info_type_id > 8)
        Rows Removed by Filter: 8612226
  ->  Hash  (cost=214467.75..214467.75 rows=868206 width=8) (actual time=4819.143..4819.143 rows=228017 loops=1)
        Buckets: 131072  Batches: 16  Memory Usage: 1597kB
        ->  Hash Join  (cost=81887.65..214467.75 rows=868206 width=8) (actual time=1418.897..4750.689 rows=228017 loops=1)
              Hash Cond: (mk.movie_id = t.id)
              ->  Seq Scan on movie_keyword mk  (cost=0.00..69693.30 rows=4523930 width=4) (actual time=0.022..1422.121 rows=4523930 loops=1)
              ->  Hash  (cost=73925.90..73925.90 rows=485260 width=4) (actual time=1417.383..1417.383 rows=520584 loops=1)
                    Buckets: 131072  Batches: 8  Memory Usage: 3317kB
                    ->  Seq Scan on title t  (cost=0.00..73925.90 rows=485260 width=4) (actual time=0.166..1248.446 rows=520584 loops=1)
                          Filter: ((kind_id > 4) AND (production_year > 2007))
                          Rows Removed by Filter: 2007728
Planning time: 1.154 ms
Execution time: 14611.006 ms
