Hash Join  (cost=93117.31..245714.32 rows=2124899 width=0) (actual time=1719.996..6248.909 rows=2624556 loops=1)
  Hash Cond: (mk.movie_id = t.id)
  ->  Seq Scan on movie_keyword mk  (cost=0.00..81003.12 rows=3455179 width=4) (actual time=0.020..1770.104 rows=3443038 loops=1)
        Filter: (keyword_id < 16385)
        Rows Removed by Filter: 1080892
  ->  Hash  (cost=67604.59..67604.59 rows=1555018 width=4) (actual time=1718.349..1718.349 rows=1551727 loops=1)
        Buckets: 131072  Batches: 32  Memory Usage: 2736kB
        ->  Seq Scan on title t  (cost=0.00..67604.59 rows=1555018 width=4) (actual time=0.023..1205.515 rows=1551727 loops=1)
              Filter: (production_year < 2007)
              Rows Removed by Filter: 976585
Planning time: 1.116 ms
Execution time: 6545.731 ms
