Hash Join  (cost=249764.64..669284.19 rows=2570055 width=0) (actual time=9969.679..16080.970 rows=9578516 loops=1)
  Hash Cond: (mi.movie_id = t.id)
  ->  Seq Scan on movie_info mi  (cost=0.00..346232.03 rows=3068194 width=4) (actual time=3540.511..5058.373 rows=3036719 loops=1)
        Filter: (info_type_id = 16)
        Rows Removed by Filter: 11799001
  ->  Hash  (cost=215015.57..215015.57 rows=2118006 width=8) (actual time=6427.903..6427.903 rows=2120611 loops=1)
        Buckets: 131072  Batches: 32  Memory Usage: 3670kB
        ->  Hash Join  (cost=102767.86..215015.57 rows=2118006 width=8) (actual time=2023.808..5823.097 rows=2120611 loops=1)
              Hash Cond: (mc.movie_id = t.id)
              ->  Seq Scan on movie_companies mc  (cost=0.00..51404.11 rows=2118006 width=4) (actual time=0.026..1073.719 rows=2120611 loops=1)
                    Filter: (company_id > 426)
                    Rows Removed by Filter: 488518
              ->  Hash  (cost=61283.27..61283.27 rows=2528527 width=4) (actual time=2021.333..2021.333 rows=2528312 loops=1)
                    Buckets: 131072  Batches: 64  Memory Usage: 2415kB
                    ->  Seq Scan on title t  (cost=0.00..61283.27 rows=2528527 width=4) (actual time=0.021..1188.991 rows=2528312 loops=1)
Planning time: 1.575 ms
Execution time: 17091.170 ms
