Hash Join  (cost=83189.08..1109164.87 rows=3685348 width=0) (actual time=6133.096..25192.721 rows=2107711 loops=1)
  Hash Cond: (ci.movie_id = t.id)
  ->  Seq Scan on cast_info ci  (cost=0.00..796071.18 rows=16505367 width=4) (actual time=4848.158..16333.492 rows=12787867 loops=1)
        Filter: ((person_id < 2628513) AND (role_id > 1))
        Rows Removed by Filter: 23456477
  ->  Hash  (cost=73925.90..73925.90 rows=564574 width=4) (actual time=1284.063..1284.063 rows=454234 loops=1)
        Buckets: 131072  Batches: 8  Memory Usage: 3004kB
        ->  Seq Scan on title t  (cost=0.00..73925.90 rows=564574 width=4) (actual time=0.026..1140.837 rows=454234 loops=1)
              Filter: ((production_year < 1998) AND (kind_id = 7))
              Rows Removed by Filter: 2074078
Planning time: 0.705 ms
Execution time: 25455.567 ms
