Hash Join  (cost=129938.78..627654.29 rows=1678456 width=0) (actual time=3648.873..19622.326 rows=11932129 loops=1)
  Hash Cond: (mi.movie_id = t.id)
  ->  Seq Scan on movie_info mi  (cost=0.00..309384.22 rows=14739122 width=4) (actual time=0.025..5855.242 rows=14835720 loops=1)
  ->  Hash  (cost=125214.49..125214.49 rows=287943 width=8) (actual time=3648.039..3648.039 rows=639517 loops=1)
        Buckets: 131072 (originally 131072)  Batches: 8 (originally 4)  Memory Usage: 4178kB
        ->  Hash Join  (cost=82581.58..125214.49 rows=287943 width=8) (actual time=2110.527..3444.564 rows=639517 loops=1)
              Hash Cond: (mi_idx.movie_id = t.id)
              ->  Seq Scan on movie_info_idx mi_idx  (cost=0.00..21735.35 rows=1380035 width=4) (actual time=0.020..413.905 rows=1380035 loops=1)
              ->  Hash  (cost=73925.90..73925.90 rows=527574 width=4) (actual time=2109.758..2109.758 rows=609532 loops=1)
                    Buckets: 131072  Batches: 8  Memory Usage: 3715kB
                    ->  Seq Scan on title t  (cost=0.00..73925.90 rows=527574 width=4) (actual time=0.032..1246.937 rows=609532 loops=1)
                          Filter: ((kind_id < 7) AND (production_year < 2005))
                          Rows Removed by Filter: 1918780
Planning time: 1.196 ms
Execution time: 20943.068 ms
