Seq Scan on cast_info ci  (cost=0.00..796071.18 rows=4179215 width=0) (actual time=0.020..13305.210 rows=8530109 loops=1)
  Filter: ((person_id < 1160988) AND (role_id = 1))
  Rows Removed by Filter: 27714235
Planning time: 0.370 ms
Execution time: 14382.248 ms
