Seq Scan on cast_info ci  (cost=0.00..705507.15 rows=500 width=0) (actual time=5956.104..11223.301 rows=128 loops=1)
  Filter: (person_id = 2793788)
  Rows Removed by Filter: 36244216
Planning time: 0.387 ms
Execution time: 11223.417 ms
