Seq Scan on cast_info ci  (cost=0.00..705507.15 rows=12665391 width=0) (actual time=0.019..10410.534 rows=12780421 loops=1)
  Filter: (person_id > 2401839)
  Rows Removed by Filter: 23463923
Planning time: 0.325 ms
Execution time: 11900.785 ms
