Hash Join  (cost=127065.76..474741.42 rows=657 width=0) (actual time=2222.882..6841.930 rows=7824 loops=1)
  Hash Cond: (mi.movie_id = t.id)
  ->  Seq Scan on movie_info mi  (cost=0.00..346232.03 rows=383217 width=4) (actual time=203.425..4785.986 rows=368218 loops=1)
        Filter: (info_type_id = 17)
        Rows Removed by Filter: 14467502
  ->  Hash  (cost=127011.54..127011.54 rows=4338 width=8) (actual time=1990.942..1990.942 rows=5755 loops=1)
        Buckets: 8192  Batches: 1  Memory Usage: 289kB
        ->  Hash Join  (cost=68365.25..127011.54 rows=4338 width=8) (actual time=1375.540..1988.588 rows=5755 loops=1)
              Hash Cond: (mc.movie_id = t.id)
              ->  Seq Scan on movie_companies mc  (cost=0.00..57926.93 rows=180259 width=4) (actual time=345.147..867.033 rows=283498 loops=1)
                    Filter: ((company_id < 197) AND (company_type_id = 1))
                    Rows Removed by Filter: 2325631
              ->  Hash  (cost=67604.59..67604.59 rows=60853 width=4) (actual time=1029.872..1029.872 rows=62568 loops=1)
                    Buckets: 65536  Batches: 1  Memory Usage: 2712kB
                    ->  Seq Scan on title t  (cost=0.00..67604.59 rows=60853 width=4) (actual time=0.032..1003.244 rows=62568 loops=1)
                          Filter: (production_year = 2002)
                          Rows Removed by Filter: 2465744
Planning time: 1.020 ms
Execution time: 6843.387 ms
