Hash Join  (cost=170466.82..1255278.97 rows=4965499 width=0) (actual time=3522.508..32374.803 rows=4404520 loops=1)
  Hash Cond: (ci.movie_id = t.id)
  ->  Seq Scan on cast_info ci  (cost=0.00..614943.12 rows=36225612 width=4) (actual time=0.023..13204.282 rows=36244344 loops=1)
  ->  Hash  (cost=164780.45..164780.45 rows=346589 width=8) (actual time=3521.373..3521.373 rows=167376 loops=1)
        Buckets: 131072  Batches: 8  Memory Usage: 1843kB
        ->  Hash Join  (cost=96651.52..164780.45 rows=346589 width=8) (actual time=2247.906..3469.287 rows=167376 loops=1)
              Hash Cond: (mc.movie_id = t.id)
              ->  Seq Scan on movie_companies mc  (cost=0.00..51404.11 rows=494985 width=4) (actual time=321.726..943.209 rows=496967 loops=1)
                    Filter: (company_id > 74347)
                    Rows Removed by Filter: 2112162
              ->  Hash  (cost=67604.59..67604.59 rows=1770475 width=4) (actual time=1924.799..1924.799 rows=1774635 loops=1)
                    Buckets: 131072  Batches: 32  Memory Usage: 2978kB
                    ->  Seq Scan on title t  (cost=0.00..67604.59 rows=1770475 width=4) (actual time=0.035..1358.033 rows=1774635 loops=1)
                          Filter: (kind_id > 2)
                          Rows Removed by Filter: 753677
Planning time: 1.095 ms
Execution time: 32862.152 ms
