Seq Scan on movie_keyword mk  (cost=0.00..81003.12 rows=2665773 width=0) (actual time=0.019..1612.975 rows=2660124 loops=1)
  Filter: (keyword_id < 7399)
  Rows Removed by Filter: 1863806
Planning time: 0.309 ms
Execution time: 1941.968 ms
