Seq Scan on movie_keyword mk  (cost=0.00..81003.12 rows=3249167 width=0) (actual time=0.022..1574.468 rows=3234803 loops=1)
  Filter: (keyword_id > 1662)
  Rows Removed by Filter: 1289127
Planning time: 0.285 ms
Execution time: 1978.376 ms
