Hash Join  (cost=98498.33..194853.42 rows=1545457 width=0) (actual time=1933.739..4721.748 rows=704352 loops=1)
  Hash Cond: (mc.movie_id = t.id)
  ->  Seq Scan on movie_companies mc  (cost=0.00..44881.29 rows=2609129 width=4) (actual time=0.016..866.188 rows=2609129 loops=1)
  ->  Hash  (cost=73925.90..73925.90 rows=1497714 width=4) (actual time=1932.963..1932.963 rows=1478440 loops=1)
        Buckets: 131072  Batches: 32  Memory Usage: 2651kB
        ->  Seq Scan on title t  (cost=0.00..73925.90 rows=1497714 width=4) (actual time=325.574..1460.370 rows=1478440 loops=1)
              Filter: ((production_year > 0) AND (kind_id = 7))
              Rows Removed by Filter: 1049872
Planning time: 0.772 ms
Execution time: 4799.384 ms
