Hash Join  (cost=52284.99..803089.06 rows=1490 width=0) (actual time=916.000..17018.828 rows=15304 loops=1)
  Hash Cond: (ci.movie_id = t.id)
  ->  Seq Scan on cast_info ci  (cost=0.00..614943.12 rows=36225612 width=4) (actual time=0.019..8912.508 rows=36244344 loops=1)
  ->  Hash  (cost=52283.69..52283.69 rows=104 width=8) (actual time=909.243..909.243 rows=767 loops=1)
        Buckets: 1024  Batches: 1  Memory Usage: 38kB
        ->  Nested Loop  (cost=0.43..52283.69 rows=104 width=8) (actual time=11.457..908.739 rows=767 loops=1)
              ->  Seq Scan on movie_companies mc  (cost=0.00..51404.11 rows=104 width=4) (actual time=11.347..887.703 rows=767 loops=1)
                    Filter: (company_id = 11369)
                    Rows Removed by Filter: 2608362
              ->  Index Only Scan using title_pkey on title t  (cost=0.43..8.45 rows=1 width=4) (actual time=0.026..0.026 rows=1 loops=767)
                    Index Cond: (id = mc.movie_id)
                    Heap Fetches: 767
Planning time: 1.360 ms
Execution time: 17022.502 ms
