Hash Join  (cost=101325.25..188076.31 rows=9302 width=0) (actual time=1972.583..3540.844 rows=24310 loops=1)
  Hash Cond: (mk.movie_id = t.id)
  ->  Seq Scan on movie_keyword mk  (cost=0.00..69693.30 rows=4523930 width=4) (actual time=0.015..954.099 rows=4523930 loops=1)
  ->  Hash  (cost=101260.26..101260.26 rows=5199 width=8) (actual time=1761.638..1761.638 rows=9678 loops=1)
        Buckets: 16384 (originally 8192)  Batches: 1 (originally 1)  Memory Usage: 507kB
        ->  Hash Join  (cost=74279.33..101260.26 rows=5199 width=8) (actual time=1138.626..1757.083 rows=9678 loops=1)
              Hash Cond: (mi_idx.movie_id = t.id)
              ->  Seq Scan on movie_info_idx mi_idx  (cost=0.00..25185.44 rows=464934 width=4) (actual time=0.023..484.791 rows=460185 loops=1)
                    Filter: (info_type_id > 100)
                    Rows Removed by Filter: 919850
              ->  Hash  (cost=73925.90..73925.90 rows=28274 width=4) (actual time=1138.423..1138.423 rows=25769 loops=1)
                    Buckets: 32768  Batches: 1  Memory Usage: 1162kB
                    ->  Seq Scan on title t  (cost=0.00..73925.90 rows=28274 width=4) (actual time=0.027..1127.668 rows=25769 loops=1)
                          Filter: ((production_year > 2007) AND (kind_id = 2))
                          Rows Removed by Filter: 2502543
Planning time: 7.860 ms
Execution time: 3543.800 ms
