Hash Join  (cost=439368.21..1421138.98 rows=457150 width=0) (actual time=8494.754..26982.473 rows=567829 loops=1)
  Hash Cond: (ci.movie_id = t.id)
  ->  Seq Scan on cast_info ci  (cost=0.00..614943.12 rows=36225612 width=4) (actual time=0.014..8190.977 rows=36244344 loops=1)
  ->  Hash  (cost=438969.35..438969.35 rows=31909 width=8) (actual time=8494.368..8494.368 rows=41439 loops=1)
        Buckets: 65536 (originally 32768)  Batches: 1 (originally 1)  Memory Usage: 2131kB
        ->  Hash Join  (cost=73994.33..438969.35 rows=31909 width=8) (actual time=1112.877..8474.648 rows=41439 loops=1)
              Hash Cond: (mi.movie_id = t.id)
              ->  Seq Scan on movie_info mi  (cost=0.00..309384.22 rows=14739122 width=4) (actual time=0.021..4325.885 rows=14835720 loops=1)
              ->  Hash  (cost=73925.90..73925.90 rows=5474 width=4) (actual time=1102.445..1102.445 rows=6970 loops=1)
                    Buckets: 8192  Batches: 1  Memory Usage: 310kB
                    ->  Seq Scan on title t  (cost=0.00..73925.90 rows=5474 width=4) (actual time=0.064..1098.873 rows=6970 loops=1)
                          Filter: ((kind_id > 1) AND (production_year = 1962))
                          Rows Removed by Filter: 2521342
Planning time: 1.113 ms
Execution time: 27054.114 ms
