Hash Join  (cost=80562.70..929427.74 rows=1057159 width=0) (actual time=3029.677..18535.361 rows=2527318 loops=1)
  Hash Cond: (ci.movie_id = t.id)
  ->  Seq Scan on cast_info ci  (cost=0.00..796071.18 rows=3384605 width=4) (actual time=1595.610..13651.747 rows=6143612 loops=1)
        Filter: ((person_id > 2215316) AND (role_id > 5))
        Rows Removed by Filter: 30100732
  ->  Hash  (cost=67604.59..67604.59 rows=789769 width=4) (actual time=1432.932..1432.932 rows=784926 loops=1)
        Buckets: 131072  Batches: 16  Memory Usage: 2749kB
        ->  Seq Scan on title t  (cost=0.00..67604.59 rows=789769 width=4) (actual time=0.030..1182.321 rows=784926 loops=1)
              Filter: (production_year > 2007)
              Rows Removed by Filter: 1743386
Planning time: 0.789 ms
Execution time: 18778.489 ms
