Seq Scan on movie_keyword mk  (cost=0.00..81003.12 rows=246 width=0) (actual time=7.980..1325.391 rows=15 loops=1)
  Filter: (keyword_id = 30544)
  Rows Removed by Filter: 4523915
Planning time: 0.348 ms
Execution time: 1325.486 ms
