Seq Scan on movie_keyword mk  (cost=0.00..81003.12 rows=3083297 width=0) (actual time=0.019..1629.611 rows=3069371 loops=1)
  Filter: (keyword_id < 11468)
  Rows Removed by Filter: 1454559
Planning time: 1.283 ms
Execution time: 2006.925 ms
