Hash Join  (cost=216319.48..362961.94 rows=2022443 width=0) (actual time=5093.544..10520.164 rows=8068408 loops=1)
  Hash Cond: (mk.movie_id = t.id)
  ->  Seq Scan on movie_keyword mk  (cost=0.00..69693.30 rows=4523930 width=4) (actual time=0.019..1474.125 rows=4523930 loops=1)
  ->  Hash  (cost=197773.61..197773.61 rows=1130389 width=8) (actual time=5092.654..5092.654 rows=1242073 loops=1)
        Buckets: 131072  Batches: 16  Memory Usage: 4069kB
        ->  Hash Join  (cost=102767.86..197773.61 rows=1130389 width=8) (actual time=2073.284..4717.864 rows=1242073 loops=1)
              Hash Cond: (mc.movie_id = t.id)
              ->  Seq Scan on movie_companies mc  (cost=0.00..57926.93 rows=1130389 width=4) (actual time=0.021..1188.086 rows=1242073 loops=1)
                    Filter: ((company_id > 233) AND (company_type_id > 1))
                    Rows Removed by Filter: 1367056
              ->  Hash  (cost=61283.27..61283.27 rows=2528527 width=4) (actual time=2071.649..2071.649 rows=2528312 loops=1)
                    Buckets: 131072  Batches: 64  Memory Usage: 2415kB
                    ->  Seq Scan on title t  (cost=0.00..61283.27 rows=2528527 width=4) (actual time=0.011..1209.214 rows=2528312 loops=1)
Planning time: 0.743 ms
Execution time: 11430.046 ms
