Hash Join  (cost=263115.61..1530801.94 rows=23361461 width=0) (actual time=6246.439..48548.896 rows=50035291 loops=1)
  Hash Cond: (ci.movie_id = t.id)
  ->  Seq Scan on cast_info ci  (cost=0.00..705507.15 rows=22639772 width=4) (actual time=0.027..15574.640 rows=22700280 loops=1)
        Filter: (person_id > 1334698)
        Rows Removed by Filter: 13544064
  ->  Hash  (cost=220309.49..220309.49 rows=2609129 width=8) (actual time=6244.719..6244.719 rows=2609129 loops=1)
        Buckets: 131072  Batches: 64  Memory Usage: 2610kB
        ->  Hash Join  (cost=102767.86..220309.49 rows=2609129 width=8) (actual time=1954.287..5552.053 rows=2609129 loops=1)
              Hash Cond: (mc.movie_id = t.id)
              ->  Seq Scan on movie_companies mc  (cost=0.00..44881.29 rows=2609129 width=4) (actual time=0.016..939.858 rows=2609129 loops=1)
              ->  Hash  (cost=61283.27..61283.27 rows=2528527 width=4) (actual time=1953.049..1953.049 rows=2528312 loops=1)
                    Buckets: 131072  Batches: 64  Memory Usage: 2415kB
                    ->  Seq Scan on title t  (cost=0.00..61283.27 rows=2528527 width=4) (actual time=0.019..1097.675 rows=2528312 loops=1)
Planning time: 1.065 ms
Execution time: 54117.679 ms
