Hash Join  (cost=75628.47..177011.88 rows=68435 width=0) (actual time=1815.186..3899.300 rows=58676 loops=1)
  Hash Cond: (mk.movie_id = t.id)
  ->  Seq Scan on movie_keyword mk  (cost=0.00..81003.12 rows=1668250 width=4) (actual time=0.017..1510.194 rows=1679469 loops=1)
        Filter: (keyword_id < 2591)
        Rows Removed by Filter: 2844461
  ->  Hash  (cost=73925.90..73925.90 rows=103725 width=4) (actual time=1138.976..1138.976 rows=98992 loops=1)
        Buckets: 131072  Batches: 2  Memory Usage: 2766kB
        ->  Seq Scan on title t  (cost=0.00..73925.90 rows=103725 width=4) (actual time=0.023..1017.491 rows=98992 loops=1)
              Filter: ((production_year > 2010) AND (kind_id = 1))
              Rows Removed by Filter: 2429320
Planning time: 0.730 ms
Execution time: 3907.613 ms
