Hash Join  (cost=74730.49..173693.56 rows=114168 width=0) (actual time=1201.382..3689.122 rows=75868 loops=1)
  Hash Cond: (mk.movie_id = t.id)
  ->  Seq Scan on movie_keyword mk  (cost=0.00..81003.12 rows=4484870 width=4) (actual time=0.029..1716.978 rows=4490941 loops=1)
        Filter: (keyword_id > 38)
        Rows Removed by Filter: 32989
  ->  Hash  (cost=73925.90..73925.90 rows=64367 width=4) (actual time=1200.585..1200.585 rows=53905 loops=1)
        Buckets: 65536  Batches: 1  Memory Usage: 2408kB
        ->  Seq Scan on title t  (cost=0.00..73925.90 rows=64367 width=4) (actual time=0.021..1178.251 rows=53905 loops=1)
              Filter: ((kind_id < 7) AND (production_year = 2012))
              Rows Removed by Filter: 2474407
Planning time: 0.714 ms
Execution time: 3699.410 ms
