Hash Join  (cost=96651.52..723880.86 rows=9685380 width=0) (actual time=2047.604..18161.353 rows=5551326 loops=1)
  Hash Cond: (mi.movie_id = t.id)
  ->  Seq Scan on movie_info mi  (cost=0.00..346232.03 rows=13832302 width=4) (actual time=50.524..7337.611 rows=13867355 loops=1)
        Filter: (info_type_id < 94)
        Rows Removed by Filter: 968365
  ->  Hash  (cost=67604.59..67604.59 rows=1770475 width=4) (actual time=1996.194..1996.194 rows=1774635 loops=1)
        Buckets: 131072  Batches: 32  Memory Usage: 2984kB
        ->  Seq Scan on title t  (cost=0.00..67604.59 rows=1770475 width=4) (actual time=0.030..1382.354 rows=1774635 loops=1)
              Filter: (kind_id > 2)
              Rows Removed by Filter: 753677
Planning time: 0.772 ms
Execution time: 18731.444 ms
