Hash Join  (cost=521607.22..683052.24 rows=2773307 width=0) (actual time=8487.901..14421.961 rows=8855087 loops=1)
  Hash Cond: (mk.movie_id = t.id)
  ->  Seq Scan on movie_keyword mk  (cost=0.00..69693.30 rows=4523930 width=4) (actual time=0.024..1489.980 rows=4523930 loops=1)
  ->  Hash  (cost=496176.42..496176.42 rows=1550064 width=8) (actual time=8486.513..8486.513 rows=1533909 loops=1)
        Buckets: 131072  Batches: 32  Memory Usage: 2900kB
        ->  Hash Join  (cost=102767.86..496176.42 rows=1550064 width=8) (actual time=4457.965..8043.065 rows=1533909 loops=1)
              Hash Cond: (mi.movie_id = t.id)
              ->  Seq Scan on movie_info mi  (cost=0.00..346232.03 rows=1550064 width=4) (actual time=2611.767..4534.331 rows=1533909 loops=1)
                    Filter: (info_type_id = 3)
                    Rows Removed by Filter: 13301811
              ->  Hash  (cost=61283.27..61283.27 rows=2528527 width=4) (actual time=1844.276..1844.276 rows=2528312 loops=1)
                    Buckets: 131072  Batches: 64  Memory Usage: 2425kB
                    ->  Seq Scan on title t  (cost=0.00..61283.27 rows=2528527 width=4) (actual time=0.025..965.801 rows=2528312 loops=1)
Planning time: 0.910 ms
Execution time: 15458.111 ms
