Hash Join  (cost=96552.93..147160.47 rows=752706 width=0) (actual time=2207.112..3790.023 rows=617706 loops=1)
  Hash Cond: (mi_idx.movie_id = t.id)
  ->  Seq Scan on movie_info_idx mi_idx  (cost=0.00..21735.35 rows=1380035 width=4) (actual time=0.024..469.203 rows=1380035 loops=1)
  ->  Hash  (cost=73925.90..73925.90 rows=1379122 width=4) (actual time=2205.758..2205.758 rows=1506535 loops=1)
        Buckets: 131072  Batches: 32  Memory Usage: 2690kB
        ->  Seq Scan on title t  (cost=0.00..73925.90 rows=1379122 width=4) (actual time=0.028..1434.073 rows=1506535 loops=1)
              Filter: ((kind_id > 1) AND (production_year > 1984))
              Rows Removed by Filter: 1021777
Planning time: 3.832 ms
Execution time: 3868.035 ms
