Seq Scan on movie_companies mc  (cost=0.00..57926.93 rows=78952 width=0) (actual time=575.822..908.783 rows=153589 loops=1)
  Filter: ((company_id > 130562) AND (company_type_id > 1))
  Rows Removed by Filter: 2455540
Planning time: 0.344 ms
Execution time: 929.775 ms
