Hash Join  (cost=102767.86..299746.34 rows=4409191 width=0) (actual time=2321.390..7678.390 rows=4410159 loops=1)
  Hash Cond: (mk.movie_id = t.id)
  ->  Seq Scan on movie_keyword mk  (cost=0.00..81003.12 rows=4409191 width=4) (actual time=0.021..1898.442 rows=4410159 loops=1)
        Filter: (keyword_id < 79384)
        Rows Removed by Filter: 113771
  ->  Hash  (cost=61283.27..61283.27 rows=2528527 width=4) (actual time=2320.581..2320.581 rows=2528312 loops=1)
        Buckets: 131072  Batches: 64  Memory Usage: 2425kB
        ->  Seq Scan on title t  (cost=0.00..61283.27 rows=2528527 width=4) (actual time=0.022..1204.303 rows=2528312 loops=1)
Planning time: 0.715 ms
Execution time: 8145.469 ms
