Seq Scan on cast_info ci  (cost=0.00..796071.18 rows=19596696 width=0) (actual time=0.014..16357.784 rows=19631787 loops=1)
  Filter: ((person_id > 70698) AND (role_id < 3))
  Rows Removed by Filter: 16612557
Planning time: 1.116 ms
Execution time: 18566.751 ms
