Seq Scan on movie_keyword mk  (cost=0.00..81003.12 rows=3516886 width=0) (actual time=0.026..1660.703 rows=3514036 loops=1)
  Filter: (keyword_id > 978)
  Rows Removed by Filter: 1009894
Planning time: 0.309 ms
Execution time: 2089.181 ms
