Hash Join  (cost=615247.42..1661359.07 rows=13523809 width=0) (actual time=16945.174..55628.167 rows=61819165 loops=1)
  Hash Cond: (ci.movie_id = t.id)
  ->  Seq Scan on cast_info ci  (cost=0.00..705507.15 rows=12726058 width=4) (actual time=138.924..14963.464 rows=12670688 loops=1)
        Filter: (role_id = 1)
        Rows Removed by Filter: 23573656
  ->  Hash  (cost=571162.53..571162.53 rows=2687031 width=8) (actual time=16803.509..16803.509 rows=6054368 loops=1)
        Buckets: 131072 (originally 131072)  Batches: 128 (originally 64)  Memory Usage: 3073kB
        ->  Hash Join  (cost=85689.03..571162.53 rows=2687031 width=8) (actual time=1433.832..14787.778 rows=6054368 loops=1)
              Hash Cond: (mi.movie_id = t.id)
              ->  Seq Scan on movie_info mi  (cost=0.00..346232.03 rows=9476311 width=4) (actual time=0.031..6738.933 rows=9565151 loops=1)
                    Filter: (info_type_id < 16)
                    Rows Removed by Filter: 5270569
              ->  Hash  (cost=73925.90..73925.90 rows=716970 width=4) (actual time=1432.855..1432.855 rows=722635 loops=1)
                    Buckets: 131072  Batches: 16  Memory Usage: 2619kB
                    ->  Seq Scan on title t  (cost=0.00..73925.90 rows=716970 width=4) (actual time=0.031..1188.236 rows=722635 loops=1)
                          Filter: ((kind_id < 3) AND (production_year < 2013))
                          Rows Removed by Filter: 1805677
Planning time: 2.556 ms
Execution time: 62567.514 ms
