Hash Join  (cost=102464.17..858389.76 rows=513645 width=0) (actual time=1802.733..19003.648 rows=798174 loops=1)
  Hash Cond: (ci.movie_id = t.id)
  ->  Seq Scan on cast_info ci  (cost=0.00..614943.12 rows=36225612 width=4) (actual time=0.018..8417.614 rows=36244344 loops=1)
  ->  Hash  (cost=102016.02..102016.02 rows=35852 width=8) (actual time=1802.331..1802.331 rows=20214 loops=1)
        Buckets: 65536  Batches: 1  Memory Usage: 1302kB
        ->  Hash Join  (cost=74747.02..102016.02 rows=35852 width=8) (actual time=1163.852..1795.152 rows=20214 loops=1)
              Hash Cond: (mi_idx.movie_id = t.id)
              ->  Seq Scan on movie_info_idx mi_idx  (cost=0.00..21735.35 rows=1380035 width=4) (actual time=0.019..286.423 rows=1380035 loops=1)
              ->  Hash  (cost=73925.90..73925.90 rows=65689 width=4) (actual time=1163.204..1163.204 rows=74524 loops=1)
                    Buckets: 131072  Batches: 1  Memory Usage: 3644kB
                    ->  Seq Scan on title t  (cost=0.00..73925.90 rows=65689 width=4) (actual time=0.023..1133.889 rows=74524 loops=1)
                          Filter: ((kind_id = 7) AND (production_year = 2006))
                          Rows Removed by Filter: 2453788
Planning time: 1.111 ms
Execution time: 19105.837 ms
