Hash Join  (cost=75356.03..151645.62 rows=89907 width=0) (actual time=1199.627..3091.820 rows=135124 loops=1)
  Hash Cond: (mc.movie_id = t.id)
  ->  Seq Scan on movie_companies mc  (cost=0.00..44881.29 rows=2609129 width=4) (actual time=0.025..887.143 rows=2609129 loops=1)
  ->  Hash  (cost=73925.90..73925.90 rows=87130 width=4) (actual time=1198.826..1198.826 rows=96838 loops=1)
        Buckets: 131072  Batches: 2  Memory Usage: 2720kB
        ->  Seq Scan on title t  (cost=0.00..73925.90 rows=87130 width=4) (actual time=0.016..1164.158 rows=96838 loops=1)
              Filter: ((production_year < 2010) AND (kind_id = 4))
              Rows Removed by Filter: 2431474
Planning time: 8.801 ms
Execution time: 3109.613 ms
