Hash Join  (cost=74142.85..161111.42 rows=31053 width=0) (actual time=962.618..2884.295 rows=23871 loops=1)
  Hash Cond: (mk.movie_id = t.id)
  ->  Seq Scan on movie_keyword mk  (cost=0.00..69693.30 rows=4523930 width=4) (actual time=0.020..1076.268 rows=4523930 loops=1)
  ->  Hash  (cost=73925.90..73925.90 rows=17356 width=4) (actual time=960.293..960.293 rows=18804 loops=1)
        Buckets: 32768  Batches: 1  Memory Usage: 918kB
        ->  Seq Scan on title t  (cost=0.00..73925.90 rows=17356 width=4) (actual time=0.025..952.435 rows=18804 loops=1)
              Filter: ((kind_id = 1) AND (production_year = 2013))
              Rows Removed by Filter: 2509508
Planning time: 0.707 ms
Execution time: 2887.840 ms
