Hash Join  (cost=149026.51..272787.44 rows=144290 width=0) (actual time=3122.650..6064.149 rows=762983 loops=1)
  Hash Cond: (mk.movie_id = t.id)
  ->  Seq Scan on movie_keyword mk  (cost=0.00..69693.30 rows=4523930 width=4) (actual time=0.021..1278.048 rows=4523930 loops=1)
  ->  Hash  (cost=147702.42..147702.42 rows=80647 width=8) (actual time=3121.900..3121.900 rows=150742 loops=1)
        Buckets: 131072  Batches: 2  Memory Usage: 3988kB
        ->  Hash Join  (cost=69090.10..147702.42 rows=80647 width=8) (actual time=1161.204..3068.859 rows=150742 loops=1)
              Hash Cond: (mc.movie_id = t.id)
              ->  Seq Scan on movie_companies mc  (cost=0.00..51404.11 rows=2252730 width=4) (actual time=0.027..1046.523 rows=2258452 loops=1)
                    Filter: (company_id > 166)
                    Rows Removed by Filter: 350677
              ->  Hash  (cost=67604.59..67604.59 rows=90521 width=4) (actual time=1160.445..1160.445 rows=90852 loops=1)
                    Buckets: 131072  Batches: 2  Memory Usage: 2626kB
                    ->  Seq Scan on title t  (cost=0.00..67604.59 rows=90521 width=4) (actual time=236.209..1124.585 rows=90852 loops=1)
                          Filter: (kind_id = 2)
                          Rows Removed by Filter: 2437460
Planning time: 0.701 ms
Execution time: 6141.678 ms
