Hash Join  (cost=1907174.42..4001211.14 rows=83564106 width=211) (actual time=50680.819..158747.990 rows=143031280 loops=1)
  Hash Cond: (mi.movie_id = t.id)
  ->  Seq Scan on movie_info mi  (cost=0.00..309384.22 rows=14739122 width=75) (actual time=0.026..7538.715 rows=14835720 loops=1)
  ->  Hash  (cost=1447986.47..1447986.47 rows=14335596 width=136) (actual time=50666.132..50666.132 rows=12825325 loops=1)
        Buckets: 32768  Batches: 1024  Memory Usage: 2054kB
        ->  Hash Join  (cost=129928.86..1447986.47 rows=14335596 width=136) (actual time=5129.897..39538.384 rows=12825325 loops=1)
              Hash Cond: (ci.movie_id = t.id)
              ->  Seq Scan on cast_info ci  (cost=0.00..796071.18 rows=14335596 width=42) (actual time=2644.874..19090.727 rows=12825325 loops=1)
                    Filter: ((person_id > 995714) AND (role_id < 3))
                    Rows Removed by Filter: 23419019
              ->  Hash  (cost=61283.27..61283.27 rows=2528527 width=94) (actual time=2484.445..2484.445 rows=2528312 loops=1)
                    Buckets: 32768  Batches: 128  Memory Usage: 2453kB
                    ->  Seq Scan on title t  (cost=0.00..61283.27 rows=2528527 width=94) (actual time=0.034..1234.202 rows=2528312 loops=1)
Planning time: 6.281 ms
Execution time: 166634.895 ms
