Hash Join  (cost=212182.85..282401.23 rows=226708 width=0) (actual time=4572.942..7011.685 rows=3031888 loops=1)
  Hash Cond: (mc.movie_id = t.id)
  ->  Seq Scan on movie_companies mc  (cost=0.00..51404.11 rows=1279517 width=4) (actual time=0.022..1156.933 rows=1274246 loops=1)
        Filter: (company_type_id < 2)
        Rows Removed by Filter: 1334883
  ->  Hash  (cost=204831.73..204831.73 rows=448010 width=8) (actual time=4529.532..4529.532 rows=475561 loops=1)
        Buckets: 131072  Batches: 8  Memory Usage: 3377kB
        ->  Hash Join  (cost=104131.46..204831.73 rows=448010 width=8) (actual time=2247.627..4388.900 rows=475561 loops=1)
              Hash Cond: (mk.movie_id = t.id)
              ->  Seq Scan on movie_keyword mk  (cost=0.00..81003.12 rows=508808 width=4) (actual time=0.026..1358.198 rows=499527 loops=1)
                    Filter: (keyword_id > 36091)
                    Rows Removed by Filter: 4024403
              ->  Hash  (cost=67604.59..67604.59 rows=2226390 width=4) (actual time=2246.704..2246.704 rows=2224569 loops=1)
                    Buckets: 131072  Batches: 32  Memory Usage: 3472kB
                    ->  Seq Scan on title t  (cost=0.00..67604.59 rows=2226390 width=4) (actual time=0.020..1511.243 rows=2224569 loops=1)
                          Filter: (production_year < 2012)
                          Rows Removed by Filter: 303743
Planning time: 1.384 ms
Execution time: 7358.888 ms
