Hash Join  (cost=572674.32..1926148.41 rows=9078491 width=0) (actual time=12330.900..44134.982 rows=4887168 loops=1)
  Hash Cond: (ci.movie_id = t.id)
  ->  Seq Scan on cast_info ci  (cost=0.00..614943.12 rows=36225612 width=4) (actual time=0.023..12634.754 rows=36244344 loops=1)
  ->  Hash  (cost=562277.41..562277.41 rows=633673 width=8) (actual time=12329.554..12329.554 rows=224418 loops=1)
        Buckets: 131072  Batches: 16  Memory Usage: 1572kB
        ->  Hash Join  (cost=75709.76..562277.41 rows=633673 width=8) (actual time=1163.424..12082.434 rows=224418 loops=1)
              Hash Cond: (mi.movie_id = t.id)
              ->  Seq Scan on movie_info mi  (cost=0.00..309384.22 rows=14739122 width=4) (actual time=0.021..5659.129 rows=14835720 loops=1)
              ->  Hash  (cost=73925.90..73925.90 rows=108708 width=4) (actual time=1161.921..1161.921 rows=115965 loops=1)
                    Buckets: 131072  Batches: 2  Memory Usage: 3068kB
                    ->  Seq Scan on title t  (cost=0.00..73925.90 rows=108708 width=4) (actual time=0.028..1104.350 rows=115965 loops=1)
                          Filter: ((kind_id > 3) AND (production_year = 2012))
                          Rows Removed by Filter: 2412347
Planning time: 1.170 ms
Execution time: 44702.500 ms
