Hash Join  (cost=841842.90..925874.56 rows=651514 width=0) (actual time=14080.050..16540.902 rows=1448787 loops=1)
  Hash Cond: (mc.movie_id = t.id)
  ->  Seq Scan on movie_companies mc  (cost=0.00..44881.29 rows=2609129 width=4) (actual time=0.010..814.199 rows=2609129 loops=1)
  ->  Hash  (cost=831483.56..831483.56 rows=631387 width=8) (actual time=14078.900..14078.900 rows=744678 loops=1)
        Buckets: 131072  Batches: 16  Memory Usage: 2815kB
        ->  Hash Join  (cost=100766.14..831483.56 rows=631387 width=8) (actual time=11582.603..13875.714 rows=744678 loops=1)
              Hash Cond: (ci.movie_id = t.id)
              ->  Seq Scan on cast_info ci  (cost=0.00..705507.15 rows=975879 width=4) (actual time=9614.439..10948.264 rows=1007502 loops=1)
                    Filter: (person_id > 3867722)
                    Rows Removed by Filter: 35236842
              ->  Hash  (cost=73925.90..73925.90 rows=1635939 width=4) (actual time=1967.001..1967.001 rows=1747677 loops=1)
                    Buckets: 131072  Batches: 32  Memory Usage: 2948kB
                    ->  Seq Scan on title t  (cost=0.00..73925.90 rows=1635939 width=4) (actual time=0.019..1398.409 rows=1747677 loops=1)
                          Filter: ((kind_id > 1) AND (production_year > 1959))
                          Rows Removed by Filter: 780635
Planning time: 5.228 ms
Execution time: 16705.346 ms
