Seq Scan on cast_info ci  (cost=0.00..796071.18 rows=147771 width=0) (actual time=4149.821..11569.938 rows=566311 loops=1)
  Filter: ((person_id > 3211480) AND (role_id = 9))
  Rows Removed by Filter: 35678033
Planning time: 0.474 ms
Execution time: 11639.819 ms
