Seq Scan on movie_companies mc  (cost=0.00..57926.93 rows=188322 width=0) (actual time=0.016..833.861 rows=372453 loops=1)
  Filter: ((company_id > 85207) AND (company_type_id = 2))
  Rows Removed by Filter: 2236676
Planning time: 0.328 ms
Execution time: 879.655 ms
