Hash Join  (cost=78869.03..179851.62 rows=175651 width=0) (actual time=1236.094..3610.497 rows=558473 loops=1)
  Hash Cond: (mk.movie_id = t.id)
  ->  Seq Scan on movie_keyword mk  (cost=0.00..81003.12 rows=1474121 width=4) (actual time=0.024..1522.664 rows=1486266 loops=1)
        Filter: (keyword_id > 10991)
        Rows Removed by Filter: 3037664
  ->  Hash  (cost=73925.90..73925.90 rows=301290 width=4) (actual time=1235.309..1235.309 rows=433166 loops=1)
        Buckets: 131072 (originally 131072)  Batches: 8 (originally 4)  Memory Usage: 3073kB
        ->  Seq Scan on title t  (cost=0.00..73925.90 rows=301290 width=4) (actual time=0.022..1088.435 rows=433166 loops=1)
              Filter: ((kind_id < 4) AND (production_year < 1997))
              Rows Removed by Filter: 2095146
Planning time: 0.735 ms
Execution time: 3675.538 ms
