Seq Scan on movie_keyword mk  (cost=0.00..81003.12 rows=4240614 width=0) (actual time=0.016..1413.841 rows=4241436 loops=1)
  Filter: (keyword_id < 56643)
  Rows Removed by Filter: 282494
Planning time: 0.323 ms
Execution time: 1895.490 ms
