Seq Scan on movie_keyword mk  (cost=0.00..81003.12 rows=2917748 width=0) (actual time=0.023..1483.609 rows=2905468 loops=1)
  Filter: (keyword_id < 9316)
  Rows Removed by Filter: 1618462
Planning time: 0.313 ms
Execution time: 1843.518 ms
