Seq Scan on movie_companies mc  (cost=0.00..57926.93 rows=53 width=0) (actual time=75.980..889.668 rows=431 loops=1)
  Filter: ((company_type_id > 1) AND (company_id = 17009))
  Rows Removed by Filter: 2608698
Planning time: 0.367 ms
Execution time: 889.866 ms
