Nested Loop  (cost=0.43..83072.29 rows=95 width=0) (actual time=0.765..1231.030 rows=445 loops=1)
  ->  Seq Scan on movie_keyword mk  (cost=0.00..81003.12 rows=246 width=4) (actual time=0.252..1197.719 rows=753 loops=1)
        Filter: (keyword_id = 1773)
        Rows Removed by Filter: 4523177
  ->  Index Scan using title_pkey on title t  (cost=0.43..8.40 rows=1 width=4) (actual time=0.043..0.043 rows=1 loops=753)
        Index Cond: (id = mk.movie_id)
        Filter: (production_year < 1999)
        Rows Removed by Filter: 0
Planning time: 0.750 ms
Execution time: 1231.386 ms
