Hash Join  (cost=462765.76..1470383.51 rows=1612701 width=0) (actual time=8636.534..36344.243 rows=5242922 loops=1)
  Hash Cond: (ci.movie_id = t.id)
  ->  Seq Scan on cast_info ci  (cost=0.00..705507.15 rows=24677762 width=4) (actual time=0.018..15165.325 rows=24785196 loops=1)
        Filter: (person_id > 1126322)
        Rows Removed by Filter: 11459148
  ->  Hash  (cost=460054.26..460054.26 rows=165240 width=8) (actual time=8635.443..8635.443 rows=355319 loops=1)
        Buckets: 131072 (originally 131072)  Batches: 8 (originally 4)  Memory Usage: 3073kB
        ->  Hash Join  (cost=76160.10..460054.26 rows=165240 width=8) (actual time=3508.056..8512.909 rows=355319 loops=1)
              Hash Cond: (mi.movie_id = t.id)
              ->  Seq Scan on movie_info mi  (cost=0.00..346232.03 rows=3068194 width=4) (actual time=966.127..5778.977 rows=3036719 loops=1)
                    Filter: (info_type_id = 16)
                    Rows Removed by Filter: 11799001
              ->  Hash  (cost=73925.90..73925.90 rows=136176 width=4) (actual time=1249.616..1249.616 rows=269736 loops=1)
                    Buckets: 131072 (originally 131072)  Batches: 4 (originally 2)  Memory Usage: 3402kB
                    ->  Seq Scan on title t  (cost=0.00..73925.90 rows=136176 width=4) (actual time=0.023..988.573 rows=269736 loops=1)
                          Filter: ((kind_id < 2) AND (production_year < 1980))
                          Rows Removed by Filter: 2258576
Planning time: 1.198 ms
Execution time: 36969.000 ms
