Seq Scan on cast_info ci  (cost=0.00..705507.15 rows=36198840 width=0) (actual time=0.022..13643.654 rows=36223833 loops=1)
  Filter: (person_id > 3049)
  Rows Removed by Filter: 20511
Planning time: 0.342 ms
Execution time: 18078.819 ms
