Hash Join  (cost=179941.89..1053893.97 rows=1976421 width=0) (actual time=3499.336..24765.794 rows=3668228 loops=1)
  Hash Cond: (ci.movie_id = t.id)
  ->  Seq Scan on cast_info ci  (cost=0.00..705507.15 rows=12726058 width=4) (actual time=0.022..14208.936 rows=12670688 loops=1)
        Filter: (role_id = 1)
        Rows Removed by Filter: 23573656
  ->  Hash  (cost=173499.23..173499.23 rows=392693 width=8) (actual time=3498.431..3498.431 rows=393040 loops=1)
        Buckets: 131072  Batches: 8  Memory Usage: 2950kB
        ->  Hash Join  (cost=102767.86..173499.23 rows=392693 width=8) (actual time=1827.318..3382.106 rows=393040 loops=1)
              Hash Cond: (mc.movie_id = t.id)
              ->  Seq Scan on movie_companies mc  (cost=0.00..51404.11 rows=392693 width=4) (actual time=0.026..835.600 rows=393040 loops=1)
                    Filter: (company_id < 240)
                    Rows Removed by Filter: 2216089
              ->  Hash  (cost=61283.27..61283.27 rows=2528527 width=4) (actual time=1826.069..1826.069 rows=2528312 loops=1)
                    Buckets: 131072  Batches: 64  Memory Usage: 2415kB
                    ->  Seq Scan on title t  (cost=0.00..61283.27 rows=2528527 width=4) (actual time=0.015..998.419 rows=2528312 loops=1)
Planning time: 1.237 ms
Execution time: 25207.305 ms
