Hash Join  (cost=798791.46..1181662.35 rows=1252 width=0) (actual time=14278.137..21829.293 rows=1704 loops=1)
  Hash Cond: (mi.movie_id = t.id)
  ->  Seq Scan on movie_info mi  (cost=0.00..346232.03 rows=9767026 width=4) (actual time=0.019..6235.194 rows=9911754 loops=1)
        Filter: (info_type_id > 4)
        Rows Removed by Filter: 4923966
  ->  Hash  (cost=798787.41..798787.41 rows=324 width=8) (actual time=14150.057..14150.057 rows=501 loops=1)
        Buckets: 1024  Batches: 1  Memory Usage: 28kB
        ->  Nested Loop  (cost=0.43..798787.41 rows=324 width=8) (actual time=1443.181..14149.778 rows=501 loops=1)
              ->  Seq Scan on cast_info ci  (cost=0.00..796071.18 rows=324 width=4) (actual time=1443.012..14137.462 rows=501 loops=1)
                    Filter: ((role_id > 1) AND (person_id = 2503453))
                    Rows Removed by Filter: 36243843
              ->  Index Only Scan using title_pkey on title t  (cost=0.43..8.37 rows=1 width=4) (actual time=0.023..0.024 rows=1 loops=501)
                    Index Cond: (id = ci.movie_id)
                    Heap Fetches: 501
Planning time: 1.274 ms
Execution time: 21829.936 ms
