Hash Join  (cost=100908.38..851924.77 rows=22715 width=0) (actual time=1593.764..17555.499 rows=87337 loops=1)
  Hash Cond: (ci.movie_id = t.id)
  ->  Seq Scan on cast_info ci  (cost=0.00..614943.12 rows=36225612 width=4) (actual time=0.018..8815.691 rows=36244344 loops=1)
  ->  Hash  (cost=100888.56..100888.56 rows=1586 width=8) (actual time=1592.556..1592.556 rows=2844 loops=1)
        Buckets: 4096 (originally 2048)  Batches: 1 (originally 1)  Memory Usage: 144kB
        ->  Hash Join  (cost=73962.22..100888.56 rows=1586 width=8) (actual time=1070.322..1591.309 rows=2844 loops=1)
              Hash Cond: (mi_idx.movie_id = t.id)
              ->  Seq Scan on movie_info_idx mi_idx  (cost=0.00..21735.35 rows=1380035 width=4) (actual time=0.037..295.279 rows=1380035 loops=1)
              ->  Hash  (cost=73925.90..73925.90 rows=2905 width=4) (actual time=1018.551..1018.551 rows=2352 loops=1)
                    Buckets: 4096  Batches: 1  Memory Usage: 115kB
                    ->  Seq Scan on title t  (cost=0.00..73925.90 rows=2905 width=4) (actual time=29.414..1017.200 rows=2352 loops=1)
                          Filter: ((kind_id < 7) AND (production_year = 1948))
                          Rows Removed by Filter: 2525960
Planning time: 0.879 ms
Execution time: 17577.565 ms
