Nested Loop  (cost=356928.96..1068606.51 rows=31 width=0) (actual time=9306.769..16359.439 rows=46 loops=1)
  Join Filter: (ci.movie_id = t.id)
  ->  Hash Join  (cost=356928.53..1068368.64 rows=321 width=8) (actual time=7230.155..16352.346 rows=485 loops=1)
        Hash Cond: (ci.movie_id = mi.movie_id)
        ->  Seq Scan on cast_info ci  (cost=0.00..705507.15 rows=500 width=4) (actual time=1819.766..10825.058 rows=650 loops=1)
              Filter: (person_id = 1014607)
              Rows Removed by Filter: 36243694
        ->  Hash  (cost=346232.03..346232.03 rows=651960 width=4) (actual time=5409.202..5409.202 rows=660923 loops=1)
              Buckets: 131072  Batches: 16  Memory Usage: 2455kB
              ->  Seq Scan on movie_info mi  (cost=0.00..346232.03 rows=651960 width=4) (actual time=1915.730..5210.615 rows=660923 loops=1)
                    Filter: (info_type_id = 18)
                    Rows Removed by Filter: 14174797
  ->  Index Scan using title_pkey on title t  (cost=0.43..0.73 rows=1 width=4) (actual time=0.014..0.014 rows=0 loops=485)
        Index Cond: (id = mi.movie_id)
        Filter: ((kind_id < 3) AND (production_year < 2011))
        Rows Removed by Filter: 1
Planning time: 1.293 ms
Execution time: 16359.578 ms
