Hash Join  (cost=126296.79..938218.44 rows=544232 width=0) (actual time=2687.641..19740.722 rows=2105242 loops=1)
  Hash Cond: (ci.movie_id = t.id)
  ->  Seq Scan on cast_info ci  (cost=0.00..705507.15 rows=8678981 width=4) (actual time=6.187..12292.736 rows=8558596 loops=1)
        Filter: (person_id < 841413)
        Rows Removed by Filter: 27685748
  ->  Hash  (cost=123694.85..123694.85 rows=158556 width=8) (actual time=2680.625..2680.625 rows=305141 loops=1)
        Buckets: 131072  Batches: 4  Memory Usage: 4008kB
        ->  Hash Join  (cost=88195.18..123694.85 rows=158556 width=8) (actual time=1599.810..2585.490 rows=305141 loops=1)
              Hash Cond: (mi_idx.movie_id = t.id)
              ->  Seq Scan on movie_info_idx mi_idx  (cost=0.00..25185.44 rows=460978 width=4) (actual time=0.029..473.778 rows=459925 loops=1)
                    Filter: (info_type_id < 100)
                    Rows Removed by Filter: 920110
              ->  Hash  (cost=73925.90..73925.90 rows=869702 width=4) (actual time=1598.922..1598.922 rows=896788 loops=1)
                    Buckets: 131072  Batches: 16  Memory Usage: 2998kB
                    ->  Seq Scan on title t  (cost=0.00..73925.90 rows=869702 width=4) (actual time=0.019..1317.837 rows=896788 loops=1)
                          Filter: ((kind_id < 7) AND (production_year < 2012))
                          Rows Removed by Filter: 1631524
Planning time: 1.130 ms
Execution time: 19963.409 ms
