Hash Join  (cost=164046.45..219005.89 rows=29391 width=0) (actual time=2634.830..4065.410 rows=412077 loops=1)
  Hash Cond: (mc.movie_id = t.id)
  ->  Seq Scan on movie_companies mc  (cost=0.00..44881.29 rows=2609129 width=4) (actual time=0.015..673.142 rows=2609129 loops=1)
  ->  Hash  (cost=163690.41..163690.41 rows=28483 width=8) (actual time=2634.595..2634.595 rows=41359 loops=1)
        Buckets: 65536 (originally 32768)  Batches: 1 (originally 1)  Memory Usage: 2128kB
        ->  Hash Join  (cost=78171.87..163690.41 rows=28483 width=8) (actual time=1189.027..2619.162 rows=41359 loops=1)
              Hash Cond: (mk.movie_id = t.id)
              ->  Seq Scan on movie_keyword mk  (cost=0.00..81003.12 rows=278291 width=4) (actual time=0.027..1264.481 rows=277251 loops=1)
                    Filter: (keyword_id > 57261)
                    Rows Removed by Filter: 4246679
              ->  Hash  (cost=73925.90..73925.90 rows=258797 width=4) (actual time=1187.232..1187.232 rows=227847 loops=1)
                    Buckets: 131072  Batches: 4  Memory Usage: 3038kB
                    ->  Seq Scan on title t  (cost=0.00..73925.90 rows=258797 width=4) (actual time=0.035..1113.683 rows=227847 loops=1)
                          Filter: ((kind_id < 7) AND (production_year > 2008))
                          Rows Removed by Filter: 2300465
Planning time: 1.565 ms
Execution time: 4117.337 ms
