Seq Scan on movie_companies mc  (cost=0.00..57926.93 rows=448515 width=0) (actual time=410.530..945.254 rows=648820 loops=1)
  Filter: ((company_id < 3100) AND (company_type_id = 1))
  Rows Removed by Filter: 1960309
Planning time: 0.386 ms
Execution time: 1027.129 ms
