Hash Join  (cost=165758.29..295697.11 rows=651378 width=0) (actual time=3673.916..8842.626 rows=8074210 loops=1)
  Hash Cond: (mk.movie_id = t.id)
  ->  Seq Scan on movie_keyword mk  (cost=0.00..69693.30 rows=4523930 width=4) (actual time=0.022..1489.881 rows=4523930 loops=1)
  ->  Hash  (cost=159784.42..159784.42 rows=364070 width=8) (actual time=3671.430..3671.430 rows=492287 loops=1)
        Buckets: 131072  Batches: 8  Memory Usage: 3430kB
        ->  Hash Join  (cost=79715.19..159784.42 rows=364070 width=8) (actual time=1299.777..3514.908 rows=492287 loops=1)
              Hash Cond: (mc.movie_id = t.id)
              ->  Seq Scan on movie_companies mc  (cost=0.00..44881.29 rows=2609129 width=4) (actual time=0.023..858.827 rows=2609129 loops=1)
              ->  Hash  (cost=73925.90..73925.90 rows=352823 width=4) (actual time=1298.836..1298.836 rows=302088 loops=1)
                    Buckets: 131072  Batches: 8  Memory Usage: 2342kB
                    ->  Seq Scan on title t  (cost=0.00..73925.90 rows=352823 width=4) (actual time=0.034..1203.160 rows=302088 loops=1)
                          Filter: ((kind_id < 7) AND (production_year > 2006))
                          Rows Removed by Filter: 2226224
Planning time: 1.149 ms
Execution time: 9759.038 ms
