Hash Join  (cost=101955.95..275253.06 rows=3746116 width=0) (actual time=2009.635..7123.358 rows=3558265 loops=1)
  Hash Cond: (mk.movie_id = t.id)
  ->  Seq Scan on movie_keyword mk  (cost=0.00..69693.30 rows=4523930 width=4) (actual time=0.022..1495.649 rows=4523930 loops=1)
  ->  Hash  (cost=67604.59..67604.59 rows=2093789 width=4) (actual time=2008.460..2008.460 rows=2089788 loops=1)
        Buckets: 131072  Batches: 32  Memory Usage: 3334kB
        ->  Seq Scan on title t  (cost=0.00..67604.59 rows=2093789 width=4) (actual time=0.016..1317.452 rows=2089788 loops=1)
              Filter: (production_year > 1969)
              Rows Removed by Filter: 438524
Planning time: 0.740 ms
Execution time: 7549.896 ms
