Hash Join  (cost=141891.05..260343.40 rows=309399 width=0) (actual time=3788.701..5842.883 rows=258556 loops=1)
  Hash Cond: (mk.movie_id = t.id)
  ->  Seq Scan on movie_keyword mk  (cost=0.00..81003.12 rows=2879264 width=4) (actual time=0.019..1604.819 rows=2866746 loops=1)
        Filter: (keyword_id > 2529)
        Rows Removed by Filter: 1657184
  ->  Hash  (cost=137432.67..137432.67 rows=271710 width=8) (actual time=3102.121..3102.121 rows=141856 loops=1)
        Buckets: 131072  Batches: 4  Memory Usage: 2413kB
        ->  Hash Join  (cost=98377.47..137432.67 rows=271710 width=8) (actual time=2026.763..3059.037 rows=141856 loops=1)
              Hash Cond: (mi_idx.movie_id = t.id)
              ->  Seq Scan on movie_info_idx mi_idx  (cost=0.00..25185.44 rows=460978 width=4) (actual time=0.029..549.730 rows=459925 loops=1)
                    Filter: (info_type_id < 100)
                    Rows Removed by Filter: 920110
              ->  Hash  (cost=73925.90..73925.90 rows=1490365 width=4) (actual time=2025.214..2025.214 rows=1478439 loops=1)
                    Buckets: 131072  Batches: 32  Memory Usage: 2651kB
                    ->  Seq Scan on title t  (cost=0.00..73925.90 rows=1490365 width=4) (actual time=0.018..1545.992 rows=1478439 loops=1)
                          Filter: ((production_year > 1903) AND (kind_id = 7))
                          Rows Removed by Filter: 1049873
Planning time: 1.225 ms
Execution time: 5875.779 ms
