Seq Scan on movie_companies mc  (cost=0.00..51404.11 rows=2127836 width=0) (actual time=0.012..1174.255 rows=2132518 loops=1)
  Filter: (company_id > 420)
  Rows Removed by Filter: 476611
Planning time: 0.227 ms
Execution time: 1438.877 ms
