Hash Join  (cost=128029.66..507550.10 rows=6496 width=0) (actual time=2209.508..9041.110 rows=13107 loops=1)
  Hash Cond: (mi.movie_id = t.id)
  ->  Seq Scan on movie_info mi  (cost=0.00..346232.03 rows=8859586 width=4) (actual time=0.020..5478.790 rows=8966694 loops=1)
        Filter: (info_type_id < 15)
        Rows Removed by Filter: 5869026
  ->  Hash  (cost=128006.49..128006.49 rows=1854 width=8) (actual time=2205.818..2205.818 rows=1096 loops=1)
        Buckets: 2048  Batches: 1  Memory Usage: 59kB
        ->  Hash Join  (cost=67697.55..128006.49 rows=1854 width=8) (actual time=1069.265..2205.228 rows=1096 loops=1)
              Hash Cond: (mc.movie_id = t.id)
              ->  Seq Scan on movie_companies mc  (cost=0.00..57926.93 rows=630257 width=4) (actual time=0.018..1057.585 rows=859684 loops=1)
                    Filter: ((company_id < 11205) AND (company_type_id = 1))
                    Rows Removed by Filter: 1749445
              ->  Hash  (cost=67604.59..67604.59 rows=7437 width=4) (actual time=1020.892..1020.892 rows=2615 loops=1)
                    Buckets: 8192  Batches: 1  Memory Usage: 156kB
                    ->  Seq Scan on title t  (cost=0.00..67604.59 rows=7437 width=4) (actual time=0.130..1019.525 rows=2615 loops=1)
                          Filter: (production_year = 1924)
                          Rows Removed by Filter: 2525697
Planning time: 1.298 ms
Execution time: 9043.616 ms
