Hash Join  (cost=134520.32..499559.10 rows=38286 width=0) (actual time=2112.981..8985.403 rows=3284 loops=1)
  Hash Cond: (mi.movie_id = t.id)
  ->  Seq Scan on movie_info mi  (cost=0.00..309384.22 rows=14739122 width=4) (actual time=0.011..4189.503 rows=14835720 loops=1)
  ->  Hash  (cost=134438.22..134438.22 rows=6568 width=8) (actual time=2111.215..2111.215 rows=238 loops=1)
        Buckets: 8192  Batches: 1  Memory Usage: 74kB
        ->  Hash Join  (cost=74286.47..134438.22 rows=6568 width=8) (actual time=1160.263..2110.959 rows=238 loops=1)
              Hash Cond: (mc.movie_id = t.id)
              ->  Seq Scan on movie_companies mc  (cost=0.00..57926.93 rows=575769 width=4) (actual time=55.413..929.538 rows=304487 loops=1)
                    Filter: ((company_id > 12586) AND (company_type_id = 1))
                    Rows Removed by Filter: 2304642
              ->  Hash  (cost=73925.90..73925.90 rows=28845 width=4) (actual time=1103.463..1103.463 rows=32463 loops=1)
                    Buckets: 32768  Batches: 1  Memory Usage: 1398kB
                    ->  Seq Scan on title t  (cost=0.00..73925.90 rows=28845 width=4) (actual time=0.200..1087.466 rows=32463 loops=1)
                          Filter: ((kind_id > 4) AND (production_year = 1998))
                          Rows Removed by Filter: 2495849
Planning time: 1.236 ms
Execution time: 8986.430 ms
