Hash Join  (cost=156487.41..1103136.09 rows=2026300 width=0) (actual time=3321.576..27867.137 rows=4798120 loops=1)
  Hash Cond: (ci.movie_id = t.id)
  ->  Seq Scan on cast_info ci  (cost=0.00..796071.18 rows=11114533 width=4) (actual time=0.015..16484.954 rows=12670688 loops=1)
        Filter: ((person_id < 3221537) AND (role_id = 1))
        Rows Removed by Filter: 23573656
  ->  Hash  (cost=148924.19..148924.19 rows=460978 width=8) (actual time=3320.440..3320.440 rows=459925 loops=1)
        Buckets: 131072  Batches: 8  Memory Usage: 3275kB
        ->  Hash Join  (cost=102767.86..148924.19 rows=460978 width=8) (actual time=1882.040..3181.024 rows=459925 loops=1)
              Hash Cond: (mi_idx.movie_id = t.id)
              ->  Seq Scan on movie_info_idx mi_idx  (cost=0.00..25185.44 rows=460978 width=4) (actual time=0.025..532.387 rows=459925 loops=1)
                    Filter: (info_type_id = 99)
                    Rows Removed by Filter: 920110
              ->  Hash  (cost=61283.27..61283.27 rows=2528527 width=4) (actual time=1880.158..1880.158 rows=2528312 loops=1)
                    Buckets: 131072  Batches: 64  Memory Usage: 2415kB
                    ->  Seq Scan on title t  (cost=0.00..61283.27 rows=2528527 width=4) (actual time=0.013..1082.568 rows=2528312 loops=1)
Planning time: 1.245 ms
Execution time: 28443.489 ms
