Hash Join  (cost=121757.62..247233.41 rows=285075 width=0) (actual time=2648.792..7121.316 rows=4717505 loops=1)
  Hash Cond: (mk.movie_id = t.id)
  ->  Seq Scan on movie_keyword mk  (cost=0.00..69693.30 rows=4523930 width=4) (actual time=0.023..1459.947 rows=4523930 loops=1)
  ->  Hash  (cost=119142.94..119142.94 rows=159335 width=8) (actual time=2647.670..2647.670 rows=391001 loops=1)
        Buckets: 131072 (originally 131072)  Batches: 8 (originally 4)  Memory Usage: 3073kB
        ->  Hash Join  (cost=78716.10..119142.94 rows=159335 width=8) (actual time=1249.822..2511.962 rows=391001 loops=1)
              Hash Cond: (mi_idx.movie_id = t.id)
              ->  Seq Scan on movie_info_idx mi_idx  (cost=0.00..21735.35 rows=1380035 width=4) (actual time=0.008..424.105 rows=1380035 loops=1)
              ->  Hash  (cost=73925.90..73925.90 rows=291936 width=4) (actual time=1248.863..1248.863 rows=403476 loops=1)
                    Buckets: 131072 (originally 131072)  Batches: 8 (originally 4)  Memory Usage: 3073kB
                    ->  Seq Scan on title t  (cost=0.00..73925.90 rows=291936 width=4) (actual time=0.033..1118.445 rows=403476 loops=1)
                          Filter: ((kind_id < 3) AND (production_year < 1999))
                          Rows Removed by Filter: 2124836
Planning time: 1.112 ms
Execution time: 7678.183 ms
