Hash Join  (cost=89649.84..125719.03 rows=176225 width=0) (actual time=1702.984..2586.293 rows=89234 loops=1)
  Hash Cond: (mi_idx.movie_id = t.id)
  ->  Seq Scan on movie_info_idx mi_idx  (cost=0.00..25185.44 rows=464934 width=4) (actual time=0.025..469.711 rows=460185 loops=1)
        Filter: (info_type_id > 100)
        Rows Removed by Filter: 919850
  ->  Hash  (cost=73925.90..73925.90 rows=958395 width=4) (actual time=1702.062..1702.062 rows=1050192 loops=1)
        Buckets: 131072  Batches: 16  Memory Usage: 3340kB
        ->  Seq Scan on title t  (cost=0.00..73925.90 rows=958395 width=4) (actual time=0.024..1375.842 rows=1050192 loops=1)
              Filter: ((production_year > 1996) AND (kind_id = 7))
              Rows Removed by Filter: 1478120
Planning time: 0.785 ms
Execution time: 2597.387 ms
