Seq Scan on movie_keyword mk  (cost=0.00..81003.12 rows=2113040 width=0) (actual time=0.019..1426.525 rows=2117766 loops=1)
  Filter: (keyword_id < 3874)
  Rows Removed by Filter: 2406164
Planning time: 0.318 ms
Execution time: 1701.860 ms
