Hash Join  (cost=102069.22..468307.92 rows=158281 width=0) (actual time=1923.963..9252.989 rows=278886 loops=1)
  Hash Cond: (mi.movie_id = t.id)
  ->  Seq Scan on movie_info mi  (cost=0.00..309384.22 rows=14739122 width=4) (actual time=0.013..4023.449 rows=14835720 loops=1)
  ->  Hash  (cost=101729.80..101729.80 rows=27153 width=8) (actual time=1919.903..1919.903 rows=29040 loops=1)
        Buckets: 32768  Batches: 1  Memory Usage: 1391kB
        ->  Hash Join  (cost=74547.79..101729.80 rows=27153 width=8) (actual time=1241.767..1909.835 rows=29040 loops=1)
              Hash Cond: (mi_idx.movie_id = t.id)
              ->  Seq Scan on movie_info_idx mi_idx  (cost=0.00..21735.35 rows=1380035 width=4) (actual time=0.020..321.789 rows=1380035 loops=1)
              ->  Hash  (cost=73925.90..73925.90 rows=49751 width=4) (actual time=1241.391..1241.391 rows=56995 loops=1)
                    Buckets: 65536  Batches: 1  Memory Usage: 2516kB
                    ->  Seq Scan on title t  (cost=0.00..73925.90 rows=49751 width=4) (actual time=0.033..1217.521 rows=56995 loops=1)
                          Filter: ((kind_id > 1) AND (production_year = 2003))
                          Rows Removed by Filter: 2471317
Planning time: 1.152 ms
Execution time: 9287.677 ms
