Hash Join  (cost=180816.96..302960.52 rows=319917 width=0) (actual time=4596.249..8246.240 rows=2387699 loops=1)
  Hash Cond: (mk.movie_id = t.id)
  ->  Seq Scan on movie_keyword mk  (cost=0.00..81003.12 rows=3195804 width=4) (actual time=0.016..1656.538 rows=3180827 loops=1)
        Filter: (keyword_id < 12738)
        Rows Removed by Filter: 1343103
  ->  Hash  (cost=176663.98..176663.98 rows=253119 width=8) (actual time=4594.635..4594.635 rows=378019 loops=1)
        Buckets: 131072 (originally 131072)  Batches: 8 (originally 4)  Memory Usage: 3073kB
        ->  Hash Join  (cost=102767.86..176663.98 rows=253119 width=8) (actual time=2025.268..4478.557 rows=378019 loops=1)
              Hash Cond: (mc.movie_id = t.id)
              ->  Seq Scan on movie_companies mc  (cost=0.00..57926.93 rows=253119 width=4) (actual time=0.026..970.474 rows=378019 loops=1)
                    Filter: ((company_id < 475) AND (company_type_id < 2))
                    Rows Removed by Filter: 2231110
              ->  Hash  (cost=61283.27..61283.27 rows=2528527 width=4) (actual time=2024.598..2024.598 rows=2528312 loops=1)
                    Buckets: 131072  Batches: 64  Memory Usage: 2415kB
                    ->  Seq Scan on title t  (cost=0.00..61283.27 rows=2528527 width=4) (actual time=0.028..1171.102 rows=2528312 loops=1)
Planning time: 6.214 ms
Execution time: 8547.671 ms
