Seq Scan on movie_companies mc  (cost=0.00..51404.11 rows=104 width=0) (actual time=284.078..855.517 rows=39 loops=1)
  Filter: (company_id = 778)
  Rows Removed by Filter: 2609090
Planning time: 1.024 ms
Execution time: 855.622 ms
