Hash Join  (cost=232336.86..768965.94 rows=5325414 width=0) (actual time=5276.336..18139.146 rows=2565641 loops=1)
  Hash Cond: (mi.movie_id = t.id)
  ->  Seq Scan on movie_info mi  (cost=0.00..309384.22 rows=14739122 width=4) (actual time=0.009..6113.020 rows=14835720 loops=1)
  ->  Hash  (cost=217348.03..217348.03 rows=913586 width=8) (actual time=5200.641..5200.641 rows=242911 loops=1)
        Buckets: 131072  Batches: 16  Memory Usage: 1646kB
        ->  Hash Join  (cost=85000.09..217348.03 rows=913586 width=8) (actual time=3645.350..5130.414 rows=242911 loops=1)
              Hash Cond: (mk.movie_id = t.id)
              ->  Seq Scan on movie_keyword mk  (cost=0.00..81003.12 rows=3422388 width=4) (actual time=0.025..1940.346 rows=3414464 loops=1)
                    Filter: (keyword_id > 1135)
                    Rows Removed by Filter: 1109466
              ->  Hash  (cost=73925.90..73925.90 rows=674975 width=4) (actual time=1581.102..1581.102 rows=739679 loops=1)
                    Buckets: 131072  Batches: 16  Memory Usage: 2660kB
                    ->  Seq Scan on title t  (cost=0.00..73925.90 rows=674975 width=4) (actual time=0.024..1334.646 rows=739679 loops=1)
                          Filter: ((production_year > 2004) AND (kind_id = 7))
                          Rows Removed by Filter: 1788633
Planning time: 1.155 ms
Execution time: 18416.809 ms
