Hash Join  (cost=74850.14..135756.64 rows=21553 width=0) (actual time=1328.119..2451.560 rows=83413 loops=1)
  Hash Cond: (mc.movie_id = t.id)
  ->  Seq Scan on movie_companies mc  (cost=0.00..57926.93 rows=737074 width=4) (actual time=125.998..988.649 rows=1014859 loops=1)
        Filter: ((company_id < 13791) AND (company_type_id < 2))
        Rows Removed by Filter: 1594270
  ->  Hash  (cost=73925.90..73925.90 rows=73939 width=4) (actual time=1201.387..1201.387 rows=77452 loops=1)
        Buckets: 131072  Batches: 1  Memory Usage: 3747kB
        ->  Seq Scan on title t  (cost=0.00..73925.90 rows=73939 width=4) (actual time=0.028..1170.956 rows=77452 loops=1)
              Filter: ((production_year < 2011) AND (kind_id = 2))
              Rows Removed by Filter: 2450860
Planning time: 0.757 ms
Execution time: 2462.170 ms
