Hash Join  (cost=77037.46..1138751.47 rows=2716985 width=0) (actual time=1409.174..31288.228 rows=3501410 loops=1)
  Hash Cond: (ci.movie_id = t.id)
  ->  Seq Scan on cast_info ci  (cost=0.00..614943.12 rows=36225612 width=4) (actual time=0.013..13326.409 rows=36244344 loops=1)
  ->  Hash  (cost=73925.90..73925.90 rows=189644 width=4) (actual time=1408.032..1408.032 rows=294316 loops=1)
        Buckets: 131072  Batches: 4  Memory Usage: 3615kB
        ->  Seq Scan on title t  (cost=0.00..73925.90 rows=189644 width=4) (actual time=0.016..1156.473 rows=294316 loops=1)
              Filter: ((kind_id < 7) AND (production_year < 1978))
              Rows Removed by Filter: 2233996
Planning time: 0.532 ms
Execution time: 31667.008 ms
