Nested Loop  (cost=0.43..709671.90 rows=500 width=0) (actual time=9126.559..11743.079 rows=14 loops=1)
  ->  Seq Scan on cast_info ci  (cost=0.00..705507.15 rows=500 width=4) (actual time=9126.453..11742.644 rows=14 loops=1)
        Filter: (person_id = 288518)
        Rows Removed by Filter: 36244330
  ->  Index Only Scan using title_pkey on title t  (cost=0.43..8.32 rows=1 width=4) (actual time=0.027..0.027 rows=1 loops=14)
        Index Cond: (id = ci.movie_id)
        Heap Fetches: 14
Planning time: 1.044 ms
Execution time: 11743.150 ms
