Hash Join  (cost=96931.79..249499.93 rows=2508810 width=0) (actual time=2377.188..5488.023 rows=635056 loops=1)
  Hash Cond: (mk.movie_id = t.id)
  ->  Seq Scan on movie_keyword mk  (cost=0.00..69693.30 rows=4523930 width=4) (actual time=0.022..1428.373 rows=4523930 loops=1)
  ->  Hash  (cost=73925.90..73925.90 rows=1402231 width=4) (actual time=1904.176..1904.176 rows=1476468 loops=1)
        Buckets: 131072  Batches: 32  Memory Usage: 2655kB
        ->  Seq Scan on title t  (cost=0.00..73925.90 rows=1402231 width=4) (actual time=0.023..1421.807 rows=1476468 loops=1)
              Filter: ((production_year > 1949) AND (kind_id = 7))
              Rows Removed by Filter: 1051844
Planning time: 0.940 ms
Execution time: 5551.466 ms
