Hash Join  (cost=197813.36..564330.27 rows=276722 width=0) (actual time=8757.017..10385.849 rows=954926 loops=1)
  Hash Cond: (mi.movie_id = t.id)
  ->  Seq Scan on movie_info mi  (cost=0.00..346232.03 rows=1338312 width=4) (actual time=4254.120..5013.319 rows=1401902 loops=1)
        Filter: (info_type_id = 7)
        Rows Removed by Filter: 13433818
  ->  Hash  (cost=189235.07..189235.07 rows=522823 width=8) (actual time=4495.430..4495.430 rows=354555 loops=1)
        Buckets: 131072  Batches: 8  Memory Usage: 2749kB
        ->  Hash Join  (cost=80562.70..189235.07 rows=522823 width=8) (actual time=1874.106..4393.166 rows=354555 loops=1)
              Hash Cond: (mk.movie_id = t.id)
              ->  Seq Scan on movie_keyword mk  (cost=0.00..81003.12 rows=1673871 width=4) (actual time=0.030..1587.113 rows=1684967 loops=1)
                    Filter: (keyword_id > 8610)
                    Rows Removed by Filter: 2838963
              ->  Hash  (cost=67604.59..67604.59 rows=789769 width=4) (actual time=1872.909..1872.909 rows=784926 loops=1)
                    Buckets: 131072  Batches: 16  Memory Usage: 2756kB
                    ->  Seq Scan on title t  (cost=0.00..67604.59 rows=789769 width=4) (actual time=0.025..1232.931 rows=784926 loops=1)
                          Filter: (production_year > 2007)
                          Rows Removed by Filter: 1743386
Planning time: 1.306 ms
Execution time: 10505.043 ms
