Hash Join  (cost=102767.86..1403475.10 rows=24325052 width=0) (actual time=1923.269..35923.601 rows=24272610 loops=1)
  Hash Cond: (ci.movie_id = t.id)
  ->  Seq Scan on cast_info ci  (cost=0.00..705507.15 rows=24325052 width=4) (actual time=0.010..15368.881 rows=24272610 loops=1)
        Filter: (person_id < 2491585)
        Rows Removed by Filter: 11971734
  ->  Hash  (cost=61283.27..61283.27 rows=2528527 width=4) (actual time=1922.005..1922.005 rows=2528312 loops=1)
        Buckets: 131072  Batches: 64  Memory Usage: 2415kB
        ->  Seq Scan on title t  (cost=0.00..61283.27 rows=2528527 width=4) (actual time=0.026..1061.603 rows=2528312 loops=1)
Planning time: 0.634 ms
Execution time: 38336.997 ms
