Hash Join  (cost=102767.86..181518.67 rows=454885 width=0) (actual time=1916.490..3803.307 rows=656923 loops=1)
  Hash Cond: (mc.movie_id = t.id)
  ->  Seq Scan on movie_companies mc  (cost=0.00..57926.93 rows=454885 width=4) (actual time=0.025..1004.069 rows=656923 loops=1)
        Filter: ((company_id < 3270) AND (company_type_id = 1))
        Rows Removed by Filter: 1952206
  ->  Hash  (cost=61283.27..61283.27 rows=2528527 width=4) (actual time=1914.782..1914.782 rows=2528312 loops=1)
        Buckets: 131072  Batches: 64  Memory Usage: 2415kB
        ->  Seq Scan on title t  (cost=0.00..61283.27 rows=2528527 width=4) (actual time=0.010..1090.866 rows=2528312 loops=1)
Planning time: 0.737 ms
Execution time: 3877.323 ms
