Hash Join  (cost=202713.11..1308237.89 rows=2573766 width=0) (actual time=4349.661..32044.033 rows=1169729 loops=1)
  Hash Cond: (ci.movie_id = t.id)
  ->  Seq Scan on cast_info ci  (cost=0.00..614943.12 rows=36225612 width=4) (actual time=0.013..13265.545 rows=36244344 loops=1)
  ->  Hash  (cost=199765.53..199765.53 rows=179647 width=8) (actual time=4348.396..4348.396 rows=30858 loops=1)
        Buckets: 131072  Batches: 4  Memory Usage: 1318kB
        ->  Hash Join  (cost=75574.02..199765.53 rows=179647 width=8) (actual time=1413.914..4337.624 rows=30858 loops=1)
              Hash Cond: (mk.movie_id = t.id)
              ->  Seq Scan on movie_keyword mk  (cost=0.00..69693.30 rows=4523930 width=4) (actual time=0.029..1449.976 rows=4523930 loops=1)
              ->  Hash  (cost=73925.90..73925.90 rows=100409 width=4) (actual time=1276.264..1276.264 rows=110402 loops=1)
                    Buckets: 131072  Batches: 2  Memory Usage: 2970kB
                    ->  Seq Scan on title t  (cost=0.00..73925.90 rows=100409 width=4) (actual time=183.161..1233.901 rows=110402 loops=1)
                          Filter: ((kind_id = 7) AND (production_year = 2012))
                          Rows Removed by Filter: 2417910
Planning time: 2.228 ms
Execution time: 32187.846 ms
