Seq Scan on movie_companies mc  (cost=0.00..51404.11 rows=1324170 width=0) (actual time=0.030..928.545 rows=1333260 loops=1)
  Filter: (company_id > 11204)
  Rows Removed by Filter: 1275869
Planning time: 0.336 ms
Execution time: 1094.588 ms
