Hash Join  (cost=72583.38..185320.45 rows=287223 width=0) (actual time=979.891..3919.912 rows=422260 loops=1)
  Hash Cond: (mk.movie_id = t.id)
  ->  Seq Scan on movie_keyword mk  (cost=0.00..81003.12 rows=2393526 width=4) (actual time=0.019..1410.188 rows=2393800 loops=1)
        Filter: (keyword_id < 5557)
        Rows Removed by Filter: 2130130
  ->  Hash  (cost=67604.59..67604.59 rows=303423 width=4) (actual time=979.017..979.017 rows=296471 loops=1)
        Buckets: 131072  Batches: 4  Memory Usage: 3632kB
        ->  Seq Scan on title t  (cost=0.00..67604.59 rows=303423 width=4) (actual time=0.022..877.131 rows=296471 loops=1)
              Filter: (production_year < 1965)
              Rows Removed by Filter: 2231841
Planning time: 0.733 ms
Execution time: 3975.183 ms
