Hash Join  (cost=156632.57..256176.11 rows=229310 width=0) (actual time=3471.346..5742.300 rows=924057 loops=1)
  Hash Cond: (mk.movie_id = t.id)
  ->  Seq Scan on movie_keyword mk  (cost=0.00..81003.12 rows=1248084 width=4) (actual time=0.028..1423.607 rows=1262230 loops=1)
        Filter: (keyword_id < 1613)
        Rows Removed by Filter: 3261700
  ->  Hash  (cost=149010.49..149010.49 rows=464566 width=8) (actual time=3470.483..3470.483 rows=459925 loops=1)
        Buckets: 131072  Batches: 8  Memory Usage: 3284kB
        ->  Hash Join  (cost=102767.86..149010.49 rows=464566 width=8) (actual time=1987.634..3320.859 rows=459925 loops=1)
              Hash Cond: (mi_idx.movie_id = t.id)
              ->  Seq Scan on movie_info_idx mi_idx  (cost=0.00..25185.44 rows=464566 width=4) (actual time=0.017..472.028 rows=459925 loops=1)
                    Filter: (info_type_id = 101)
                    Rows Removed by Filter: 920110
              ->  Hash  (cost=61283.27..61283.27 rows=2528527 width=4) (actual time=1986.518..1986.518 rows=2528312 loops=1)
                    Buckets: 131072  Batches: 64  Memory Usage: 2415kB
                    ->  Seq Scan on title t  (cost=0.00..61283.27 rows=2528527 width=4) (actual time=0.017..1132.325 rows=2528312 loops=1)
Planning time: 2.074 ms
Execution time: 5845.301 ms
