Nested Loop  (cost=0.43..103595.39 rows=1735 width=0) (actual time=0.927..825.932 rows=337 loops=1)
  ->  Seq Scan on movie_companies mc  (cost=0.00..51404.11 rows=7566 width=4) (actual time=0.901..722.005 rows=8702 loops=1)
        Filter: (company_id = 596)
        Rows Removed by Filter: 2600427
  ->  Index Scan using title_pkey on title t  (cost=0.43..6.89 rows=1 width=4) (actual time=0.011..0.012 rows=0 loops=8702)
        Index Cond: (id = mc.movie_id)
        Filter: ((kind_id < 7) AND (production_year > 1998))
        Rows Removed by Filter: 1
Planning time: 0.547 ms
Execution time: 826.150 ms
