Seq Scan on movie_keyword mk  (cost=0.00..81003.12 rows=246 width=0) (actual time=0.816..1304.824 rows=550 loops=1)
  Filter: (keyword_id = 827)
  Rows Removed by Filter: 4523380
Planning time: 1.974 ms
Execution time: 1305.098 ms
