Hash Join  (cost=67697.55..154488.65 rows=13306 width=0) (actual time=981.521..2843.392 rows=21856 loops=1)
  Hash Cond: (mk.movie_id = t.id)
  ->  Seq Scan on movie_keyword mk  (cost=0.00..69693.30 rows=4523930 width=4) (actual time=0.038..1003.540 rows=4523930 loops=1)
  ->  Hash  (cost=67604.59..67604.59 rows=7437 width=4) (actual time=981.403..981.403 rows=8007 loops=1)
        Buckets: 8192  Batches: 1  Memory Usage: 346kB
        ->  Seq Scan on title t  (cost=0.00..67604.59 rows=7437 width=4) (actual time=0.099..977.500 rows=8007 loops=1)
              Filter: (production_year = 1955)
              Rows Removed by Filter: 2520305
Planning time: 0.748 ms
Execution time: 2846.499 ms
