Seq Scan on cast_info ci  (cost=0.00..796071.18 rows=80596 width=0) (actual time=7579.305..12026.268 rows=223457 loops=1)
  Filter: ((person_id > 2853256) AND (role_id > 10))
  Rows Removed by Filter: 36020887
Planning time: 0.393 ms
Execution time: 12053.588 ms
