Hash Join  (cost=185822.54..717546.23 rows=4865677 width=0) (actual time=4807.941..31237.518 rows=55889880 loops=1)
  Hash Cond: (mi.movie_id = t.id)
  ->  Seq Scan on movie_info mi  (cost=0.00..309384.22 rows=14739122 width=4) (actual time=0.023..5878.653 rows=14835720 loops=1)
  ->  Hash  (cost=172127.57..172127.57 rows=834717 width=8) (actual time=4806.617..4806.617 rows=1702918 loops=1)
        Buckets: 131072 (originally 131072)  Batches: 32 (originally 16)  Memory Usage: 3174kB
        ->  Hash Join  (cost=83810.17..172127.57 rows=834717 width=8) (actual time=1319.058..4260.933 rows=1702918 loops=1)
              Hash Cond: (mc.movie_id = t.id)
              ->  Seq Scan on movie_companies mc  (cost=0.00..51404.11 rows=2136831 width=4) (actual time=0.023..1132.817 rows=2139487 loops=1)
                    Filter: (company_id > 401)
                    Rows Removed by Filter: 469642
              ->  Hash  (cost=67604.59..67604.59 rows=987727 width=4) (actual time=1318.061..1318.061 rows=985048 loops=1)
                    Buckets: 131072  Batches: 16  Memory Usage: 3188kB
                    ->  Seq Scan on title t  (cost=0.00..67604.59 rows=987727 width=4) (actual time=0.014..1021.072 rows=985048 loops=1)
                          Filter: (kind_id < 7)
                          Rows Removed by Filter: 1543264
Planning time: 1.177 ms
Execution time: 37302.436 ms
