Hash Join  (cost=79814.01..1166436.21 rows=5141704 width=0) (actual time=1468.480..35663.828 rows=6336456 loops=1)
  Hash Cond: (ci.movie_id = t.id)
  ->  Seq Scan on cast_info ci  (cost=0.00..614943.12 rows=36225612 width=4) (actual time=0.025..13090.919 rows=36244344 loops=1)
  ->  Hash  (cost=73925.90..73925.90 rows=358888 width=4) (actual time=1467.500..1467.500 rows=447524 loops=1)
        Buckets: 131072  Batches: 8  Memory Usage: 3002kB
        ->  Seq Scan on title t  (cost=0.00..73925.90 rows=358888 width=4) (actual time=0.022..1323.517 rows=447524 loops=1)
              Filter: ((kind_id < 3) AND (production_year < 2003))
              Rows Removed by Filter: 2080788
Planning time: 0.841 ms
Execution time: 36444.498 ms
