Seq Scan on movie_companies mc  (cost=0.00..57926.93 rows=1083207 width=0) (actual time=0.020..897.512 rows=848375 loops=1)
  Filter: ((company_id < 74879) AND (company_type_id = 2))
  Rows Removed by Filter: 1760754
Planning time: 0.326 ms
Execution time: 990.147 ms
