Seq Scan on cast_info ci  (cost=0.00..796071.18 rows=324 width=0) (actual time=10865.976..14540.407 rows=15 loops=1)
  Filter: ((role_id > 1) AND (person_id = 3027586))
  Rows Removed by Filter: 36244329
Planning time: 0.441 ms
Execution time: 14540.528 ms
