Seq Scan on cast_info ci  (cost=0.00..705507.15 rows=5393053 width=0) (actual time=2144.176..10992.219 rows=5309955 loops=1)
  Filter: (person_id < 513152)
  Rows Removed by Filter: 30934389
Planning time: 0.296 ms
Execution time: 11680.811 ms
