Seq Scan on cast_info ci  (cost=0.00..796071.18 rows=1992874 width=0) (actual time=8258.722..12138.442 rows=928404 loops=1)
  Filter: ((person_id < 892087) AND (role_id > 6))
  Rows Removed by Filter: 35315940
Planning time: 0.311 ms
Execution time: 12259.659 ms
