Seq Scan on cast_info ci  (cost=0.00..796071.18 rows=156089 width=0) (actual time=4931.076..13368.874 rows=63853 loops=1)
  Filter: ((person_id < 1586769) AND (role_id > 10))
  Rows Removed by Filter: 36180491
Planning time: 0.270 ms
Execution time: 13377.033 ms
