Nested Loop  (cost=0.43..83072.29 rows=182 width=0) (actual time=154.572..1205.724 rows=26 loops=1)
  ->  Seq Scan on movie_keyword mk  (cost=0.00..81003.12 rows=246 width=4) (actual time=154.509..1202.947 rows=68 loops=1)
        Filter: (keyword_id = 70872)
        Rows Removed by Filter: 4523862
  ->  Index Scan using title_pkey on title t  (cost=0.43..8.40 rows=1 width=4) (actual time=0.036..0.036 rows=0 loops=68)
        Index Cond: (id = mk.movie_id)
        Filter: (production_year > 1984)
        Rows Removed by Filter: 1
Planning time: 0.706 ms
Execution time: 1205.855 ms
