Hash Join  (cost=73928.48..472042.91 rows=1127 width=0) (actual time=532.206..8606.926 rows=2997 loops=1)
  Hash Cond: (mi.movie_id = t.id)
  ->  Seq Scan on movie_info mi  (cost=0.00..346232.03 rows=13832302 width=4) (actual time=0.026..6190.662 rows=13867355 loops=1)
        Filter: (info_type_id < 94)
        Rows Removed by Filter: 968365
  ->  Hash  (cost=73925.90..73925.90 rows=206 width=4) (actual time=530.834..530.834 rows=284 loops=1)
        Buckets: 1024  Batches: 1  Memory Usage: 18kB
        ->  Seq Scan on title t  (cost=0.00..73925.90 rows=206 width=4) (actual time=303.377..530.704 rows=284 loops=1)
              Filter: ((kind_id = 6) AND (production_year = 1997))
              Rows Removed by Filter: 2528028
Planning time: 0.846 ms
Execution time: 8607.845 ms
