Hash Join  (cost=873550.20..1396261.14 rows=1297458 width=0) (actual time=22275.487..32938.875 rows=4999567 loops=1)
  Hash Cond: (mi.movie_id = t.id)
  ->  Seq Scan on movie_info mi  (cost=0.00..346232.03 rows=7503588 width=4) (actual time=459.702..6776.127 rows=7548855 loops=1)
        Filter: (info_type_id > 7)
        Rows Removed by Filter: 7286865
  ->  Hash  (cost=866377.05..866377.05 rows=437212 width=8) (actual time=21813.921..21813.921 rows=429426 loops=1)
        Buckets: 131072  Batches: 8  Memory Usage: 3175kB
        ->  Hash Join  (cost=68191.41..866377.05 rows=437212 width=8) (actual time=3429.198..21561.938 rows=429426 loops=1)
              Hash Cond: (ci.movie_id = t.id)
              ->  Seq Scan on cast_info ci  (cost=0.00..705507.15 rows=23548364 width=4) (actual time=2217.793..13062.605 rows=23616859 loops=1)
                    Filter: (person_id > 1245698)
                    Rows Removed by Filter: 12627485
              ->  Hash  (cost=67604.59..67604.59 rows=46946 width=4) (actual time=1210.949..1210.949 rows=46583 loops=1)
                    Buckets: 65536  Batches: 1  Memory Usage: 2150kB
                    ->  Seq Scan on title t  (cost=0.00..67604.59 rows=46946 width=4) (actual time=0.028..1190.514 rows=46583 loops=1)
                          Filter: (production_year = 1998)
                          Rows Removed by Filter: 2481729
Planning time: 1.048 ms
Execution time: 33460.784 ms
