Hash Join  (cost=694306.22..2393757.19 rows=49832518 width=0) (actual time=21501.245..118664.535 rows=241791068 loops=1)
  Hash Cond: (ci.movie_id = t.id)
  ->  Seq Scan on cast_info ci  (cost=0.00..705507.15 rows=26792765 width=4) (actual time=0.015..15837.791 rows=26977711 loops=1)
        Filter: (person_id > 912520)
        Rows Removed by Filter: 9266633
  ->  Hash  (cost=617149.36..617149.36 rows=4702869 width=8) (actual time=21497.233..21497.233 rows=9565776 loops=1)
        Buckets: 131072 (originally 131072)  Batches: 256 (originally 64)  Memory Usage: 3962kB
        ->  Hash Join  (cost=87162.74..617149.36 rows=4702869 width=8) (actual time=1614.463..18543.286 rows=9565776 loops=1)
              Hash Cond: (mi.movie_id = t.id)
              ->  Seq Scan on movie_info mi  (cost=0.00..309384.22 rows=14739122 width=4) (actual time=0.020..6288.642 rows=14835720 loops=1)
              ->  Hash  (cost=73925.90..73925.90 rows=806787 width=4) (actual time=1613.425..1613.425 rows=843018 loops=1)
                    Buckets: 131072  Batches: 16  Memory Usage: 2888kB
                    ->  Seq Scan on title t  (cost=0.00..73925.90 rows=806787 width=4) (actual time=0.033..1312.087 rows=843018 loops=1)
                          Filter: ((kind_id < 7) AND (production_year < 2011))
                          Rows Removed by Filter: 1685294
Planning time: 1.204 ms
Execution time: 146554.033 ms
