Hash Join  (cost=139963.47..225260.88 rows=9373 width=0) (actual time=2374.121..4015.213 rows=1013 loops=1)
  Hash Cond: (mk.movie_id = t.id)
  ->  Seq Scan on movie_keyword mk  (cost=0.00..81003.12 rows=1120148 width=4) (actual time=0.036..1454.079 rows=1128151 loops=1)
        Filter: (keyword_id < 1226)
        Rows Removed by Filter: 3395779
  ->  Hash  (cost=139699.00..139699.00 rows=21158 width=8) (actual time=2371.745..2371.745 rows=1348 loops=1)
        Buckets: 32768  Batches: 1  Memory Usage: 309kB
        ->  Hash Join  (cost=75867.62..139699.00 rows=21158 width=8) (actual time=1810.879..2371.044 rows=1348 loops=1)
              Hash Cond: (mc.movie_id = t.id)
              ->  Seq Scan on movie_companies mc  (cost=0.00..57926.93 rows=452231 width=4) (actual time=439.641..932.706 rows=138585 loops=1)
                    Filter: ((company_id > 19487) AND (company_type_id = 1))
                    Rows Removed by Filter: 2470544
              ->  Hash  (cost=73925.90..73925.90 rows=118297 width=4) (actual time=1369.851..1369.851 rows=122606 loops=1)
                    Buckets: 131072  Batches: 2  Memory Usage: 3179kB
                    ->  Seq Scan on title t  (cost=0.00..73925.90 rows=118297 width=4) (actual time=0.036..1323.874 rows=122606 loops=1)
                          Filter: ((kind_id > 1) AND (production_year = 2011))
                          Rows Removed by Filter: 2405706
Planning time: 1.182 ms
Execution time: 4015.653 ms
