Nested Loop  (cost=0.43..120380.46 rows=187 width=0) (actual time=167.322..1492.187 rows=1 loops=1)
  ->  Seq Scan on movie_keyword mk  (cost=0.00..81003.12 rows=5429 width=4) (actual time=0.038..1261.106 rows=6326 loops=1)
        Filter: (keyword_id = 498)
        Rows Removed by Filter: 4517604
  ->  Index Scan using title_pkey on title t  (cost=0.43..7.24 rows=1 width=4) (actual time=0.036..0.036 rows=0 loops=6326)
        Index Cond: (id = mk.movie_id)
        Filter: (production_year < 1920)
        Rows Removed by Filter: 1
Planning time: 1.059 ms
Execution time: 1492.277 ms
