Hash Join  (cost=248107.43..635370.79 rows=1154924 width=0) (actual time=5403.672..12603.647 rows=1059708 loops=1)
  Hash Cond: (mi.movie_id = t.id)
  ->  Seq Scan on movie_info mi  (cost=0.00..346232.03 rows=2073893 width=4) (actual time=447.977..5647.042 rows=2091068 loops=1)
        Filter: (info_type_id < 3)
        Rows Removed by Filter: 12744652
  ->  Hash  (cost=225005.13..225005.13 rows=1408104 width=8) (actual time=4954.889..4954.889 rows=692616 loops=1)
        Buckets: 131072  Batches: 32  Memory Usage: 1872kB
        ->  Hash Join  (cost=98137.04..225005.13 rows=1408104 width=8) (actual time=1911.351..4774.626 rows=692616 loops=1)
              Hash Cond: (mk.movie_id = t.id)
              ->  Seq Scan on movie_keyword mk  (cost=0.00..81003.12 rows=1913185 width=4) (actual time=0.030..1541.963 rows=1921650 loops=1)
                    Filter: (keyword_id < 3311)
                    Rows Removed by Filter: 2602280
              ->  Hash  (cost=67604.59..67604.59 rows=1860996 width=4) (actual time=1910.547..1910.547 rows=1865487 loops=1)
                    Buckets: 131072  Batches: 32  Memory Usage: 3085kB
                    ->  Seq Scan on title t  (cost=0.00..67604.59 rows=1860996 width=4) (actual time=0.020..1285.049 rows=1865487 loops=1)
                          Filter: (kind_id > 1)
                          Rows Removed by Filter: 662825
Planning time: 4.005 ms
Execution time: 12733.878 ms
