Seq Scan on movie_keyword mk  (cost=0.00..81003.12 rows=246 width=0) (actual time=0.079..1294.946 rows=1102 loops=1)
  Filter: (keyword_id = 1046)
  Rows Removed by Filter: 4522828
Planning time: 0.300 ms
Execution time: 1295.414 ms
