Nested Loop  (cost=0.43..67681.55 rows=314 width=0) (actual time=637.821..998.406 rows=9 loops=1)
  ->  Seq Scan on movie_companies mc  (cost=0.00..57926.93 rows=1197 width=4) (actual time=628.494..995.365 rows=74 loops=1)
        Filter: ((company_type_id > 1) AND (company_id = 452))
        Rows Removed by Filter: 2609055
  ->  Index Scan using title_pkey on title t  (cost=0.43..8.14 rows=1 width=4) (actual time=0.038..0.038 rows=0 loops=74)
        Index Cond: (id = mc.movie_id)
        Filter: (production_year > 2008)
        Rows Removed by Filter: 1
Planning time: 0.567 ms
Execution time: 998.488 ms
