Hash Join  (cost=679493.85..1973978.60 rows=28312965 width=0) (actual time=20106.976..84266.215 rows=161120177 loops=1)
  Hash Cond: (ci.movie_id = t.id)
  ->  Seq Scan on cast_info ci  (cost=0.00..705507.15 rows=16201301 width=4) (actual time=0.025..15923.882 rows=16121683 loops=1)
        Filter: (role_id > 2)
        Rows Removed by Filter: 20122661
  ->  Hash  (cost=606998.02..606998.02 rows=4418786 width=8) (actual time=20104.251..20104.251 rows=9070626 loops=1)
        Buckets: 131072 (originally 131072)  Batches: 128 (originally 64)  Memory Usage: 3789kB
        ->  Hash Join  (cost=80042.24..606998.02 rows=4418786 width=8) (actual time=1337.650..17589.601 rows=9070626 loops=1)
              Hash Cond: (mi.movie_id = t.id)
              ->  Seq Scan on movie_info mi  (cost=0.00..309384.22 rows=14739122 width=4) (actual time=0.032..6096.906 rows=14835720 loops=1)
              ->  Hash  (cost=67604.59..67604.59 rows=758052 width=4) (actual time=1336.685..1336.685 rows=753677 loops=1)
                    Buckets: 131072  Batches: 16  Memory Usage: 2686kB
                    ->  Seq Scan on title t  (cost=0.00..67604.59 rows=758052 width=4) (actual time=0.011..1092.496 rows=753677 loops=1)
                          Filter: (kind_id < 3)
                          Rows Removed by Filter: 1774635
Planning time: 1.100 ms
Execution time: 101164.155 ms
