Hash Join  (cost=118941.10..1190481.85 rows=1876676 width=0) (actual time=2469.077..31044.953 rows=3111459 loops=1)
  Hash Cond: (ci.movie_id = t.id)
  ->  Seq Scan on cast_info ci  (cost=0.00..796071.18 rows=22128751 width=4) (actual time=0.033..18745.888 rows=22988645 loops=1)
        Filter: ((person_id > 201493) AND (role_id > 1))
        Rows Removed by Filter: 13255699
  ->  Hash  (cost=115422.64..115422.64 rows=214437 width=8) (actual time=2468.211..2468.211 rows=131526 loops=1)
        Buckets: 131072  Batches: 4  Memory Usage: 2311kB
        ->  Hash Join  (cost=74050.79..115422.64 rows=214437 width=8) (actual time=1330.315..2427.949 rows=131526 loops=1)
              Hash Cond: (mi_idx.movie_id = t.id)
              ->  Seq Scan on movie_info_idx mi_idx  (cost=0.00..21735.35 rows=1380035 width=4) (actual time=0.015..412.242 rows=1380035 loops=1)
              ->  Hash  (cost=67604.59..67604.59 rows=392896 width=4) (actual time=1328.517..1328.517 rows=391666 loops=1)
                    Buckets: 131072  Batches: 8  Memory Usage: 2753kB
                    ->  Seq Scan on title t  (cost=0.00..67604.59 rows=392896 width=4) (actual time=0.027..1185.738 rows=391666 loops=1)
                          Filter: (production_year > 2010)
                          Rows Removed by Filter: 2136646
Planning time: 1.324 ms
Execution time: 31396.550 ms
