Hash Join  (cost=283816.13..393821.33 rows=2299027 width=0) (actual time=6511.389..12657.201 rows=16415824 loops=1)
  Hash Cond: (mc.movie_id = t.id)
  ->  Seq Scan on movie_companies mc  (cost=0.00..44881.29 rows=2609129 width=4) (actual time=0.024..1020.064 rows=2609129 loops=1)
  ->  Hash  (cost=247262.06..247262.06 rows=2228005 width=8) (actual time=6510.337..6510.337 rows=2222745 loops=1)
        Buckets: 131072  Batches: 32  Memory Usage: 3724kB
        ->  Hash Join  (cost=102767.86..247262.06 rows=2228005 width=8) (actual time=2060.155..5881.628 rows=2222745 loops=1)
              Hash Cond: (mk.movie_id = t.id)
              ->  Seq Scan on movie_keyword mk  (cost=0.00..81003.12 rows=2228005 width=4) (actual time=0.025..1743.670 rows=2222745 loops=1)
                    Filter: (keyword_id < 4547)
                    Rows Removed by Filter: 2301185
              ->  Hash  (cost=61283.27..61283.27 rows=2528527 width=4) (actual time=2059.007..2059.007 rows=2528312 loops=1)
                    Buckets: 131072  Batches: 64  Memory Usage: 2425kB
                    ->  Seq Scan on title t  (cost=0.00..61283.27 rows=2528527 width=4) (actual time=0.020..1197.787 rows=2528312 loops=1)
Planning time: 1.124 ms
Execution time: 14440.199 ms
