Hash Join  (cost=106338.40..815296.83 rows=5074 width=0) (actual time=1942.927..13981.306 rows=15412 loops=1)
  Hash Cond: (ci.movie_id = t.id)
  ->  Seq Scan on cast_info ci  (cost=0.00..705507.15 rows=906811 width=4) (actual time=0.019..11840.129 rows=941653 loops=1)
        Filter: (person_id > 3881271)
        Rows Removed by Filter: 35302691
  ->  Hash  (cost=106161.55..106161.55 rows=14148 width=8) (actual time=1942.676..1942.676 rows=6873 loops=1)
        Buckets: 16384  Batches: 1  Memory Usage: 397kB
        ->  Hash Join  (cost=75199.97..106161.55 rows=14148 width=8) (actual time=1195.046..1939.784 rows=6873 loops=1)
              Hash Cond: (mi_idx.movie_id = t.id)
              ->  Seq Scan on movie_info_idx mi_idx  (cost=0.00..25185.44 rows=460978 width=4) (actual time=0.025..547.640 rows=459925 loops=1)
                    Filter: (info_type_id < 100)
                    Rows Removed by Filter: 920110
              ->  Hash  (cost=73925.90..73925.90 rows=77605 width=4) (actual time=1194.365..1194.365 rows=84684 loops=1)
                    Buckets: 131072  Batches: 2  Memory Usage: 2512kB
                    ->  Seq Scan on title t  (cost=0.00..73925.90 rows=77605 width=4) (actual time=0.018..1162.679 rows=84684 loops=1)
                          Filter: ((kind_id = 7) AND (production_year = 2009))
                          Rows Removed by Filter: 2443628
Planning time: 1.178 ms
Execution time: 13983.677 ms
