Seq Scan on cast_info ci  (cost=0.00..705507.15 rows=31226187 width=0) (actual time=0.015..14397.821 rows=31200514 loops=1)
  Filter: (person_id < 3164920)
  Rows Removed by Filter: 5043830
Planning time: 0.342 ms
Execution time: 18299.865 ms
