Hash Join  (cost=162584.72..189587.09 rows=9189 width=0) (actual time=2955.393..3598.703 rows=23090 loops=1)
  Hash Cond: (mi_idx.movie_id = t.id)
  ->  Seq Scan on movie_info_idx mi_idx  (cost=0.00..21735.35 rows=1380035 width=4) (actual time=0.016..369.236 rows=1380035 loops=1)
  ->  Hash  (cost=162374.26..162374.26 rows=16837 width=8) (actual time=2954.819..2954.819 rows=15579 loops=1)
        Buckets: 32768  Batches: 1  Memory Usage: 865kB
        ->  Hash Join  (cost=75411.94..162374.26 rows=16837 width=8) (actual time=1398.600..2948.869 rows=15579 loops=1)
              Hash Cond: (mk.movie_id = t.id)
              ->  Seq Scan on movie_keyword mk  (cost=0.00..81003.12 rows=470085 width=4) (actual time=0.014..1372.413 rows=467318 loops=1)
                    Filter: (keyword_id > 38116)
                    Rows Removed by Filter: 4056612
              ->  Hash  (cost=73925.90..73925.90 rows=90563 width=4) (actual time=1397.873..1397.873 rows=80990 loops=1)
                    Buckets: 131072  Batches: 2  Memory Usage: 2456kB
                    ->  Seq Scan on title t  (cost=0.00..73925.90 rows=90563 width=4) (actual time=0.009..1364.226 rows=80990 loops=1)
                          Filter: ((kind_id < 7) AND (production_year > 2011))
                          Rows Removed by Filter: 2447322
Planning time: 0.831 ms
Execution time: 3601.767 ms
