Seq Scan on movie_keyword mk  (cost=0.00..81003.12 rows=3159622 width=0) (actual time=0.014..1419.906 rows=3142196 loops=1)
  Filter: (keyword_id < 12088)
  Rows Removed by Filter: 1381734
Planning time: 0.332 ms
Execution time: 1805.756 ms
