Seq Scan on title t  (cost=0.00..73925.90 rows=701468 width=0) (actual time=0.028..1219.973 rows=749931 loops=1)
  Filter: ((kind_id < 7) AND (production_year < 2009))
  Rows Removed by Filter: 1778381
Planning time: 0.328 ms
Execution time: 1316.502 ms
