Hash Join  (cost=52284.90..141858.73 rows=69 width=0) (actual time=809.680..2245.364 rows=1725 loops=1)
  Hash Cond: (mk.movie_id = t.id)
  ->  Seq Scan on movie_keyword mk  (cost=0.00..81003.12 rows=2285337 width=4) (actual time=0.017..1177.004 rows=2291058 loops=1)
        Filter: (keyword_id > 4593)
        Rows Removed by Filter: 2232872
  ->  Hash  (cost=52283.95..52283.95 rows=76 width=8) (actual time=796.355..796.355 rows=90 loops=1)
        Buckets: 1024  Batches: 1  Memory Usage: 12kB
        ->  Nested Loop  (cost=0.43..52283.95 rows=76 width=8) (actual time=0.278..796.252 rows=90 loops=1)
              ->  Seq Scan on movie_companies mc  (cost=0.00..51404.11 rows=104 width=4) (actual time=0.058..787.723 rows=217 loops=1)
                    Filter: (company_id = 17187)
                    Rows Removed by Filter: 2608912
              ->  Index Scan using title_pkey on title t  (cost=0.43..8.45 rows=1 width=4) (actual time=0.037..0.037 rows=0 loops=217)
                    Index Cond: (id = mc.movie_id)
                    Filter: (production_year > 1985)
                    Rows Removed by Filter: 1
Planning time: 0.778 ms
Execution time: 2245.705 ms
