Nested Loop  (cost=0.43..110562.79 rows=1035 width=0) (actual time=0.328..1375.958 rows=2095 loops=1)
  ->  Seq Scan on movie_keyword mk  (cost=0.00..81003.12 rows=3921 width=4) (actual time=0.268..1260.428 rows=3195 loops=1)
        Filter: (keyword_id = 438)
        Rows Removed by Filter: 4520735
  ->  Index Scan using title_pkey on title t  (cost=0.43..7.53 rows=1 width=4) (actual time=0.035..0.035 rows=1 loops=3195)
        Index Cond: (id = mk.movie_id)
        Filter: (kind_id = 1)
        Rows Removed by Filter: 0
Planning time: 3.750 ms
Execution time: 1376.762 ms
