Hash Join  (cost=106420.85..471924.98 rows=84821 width=0) (actual time=1728.628..9633.964 rows=97515 loops=1)
  Hash Cond: (mi.movie_id = t.id)
  ->  Seq Scan on movie_info mi  (cost=0.00..309384.22 rows=14739122 width=4) (actual time=0.017..4542.984 rows=14835720 loops=1)
  ->  Hash  (cost=106238.96..106238.96 rows=14551 width=8) (actual time=1728.371..1728.371 rows=10104 loops=1)
        Buckets: 16384  Batches: 1  Memory Usage: 523kB
        ->  Hash Join  (cost=75225.89..106238.96 rows=14551 width=8) (actual time=1042.440..1724.215 rows=10104 loops=1)
              Hash Cond: (mi_idx.movie_id = t.id)
              ->  Seq Scan on movie_info_idx mi_idx  (cost=0.00..25185.44 rows=464566 width=4) (actual time=0.014..494.108 rows=459925 loops=1)
                    Filter: (info_type_id = 101)
                    Rows Removed by Filter: 920110
              ->  Hash  (cost=73925.90..73925.90 rows=79199 width=4) (actual time=802.546..802.546 rows=97735 loops=1)
                    Buckets: 131072  Batches: 2  Memory Usage: 2733kB
                    ->  Seq Scan on title t  (cost=0.00..73925.90 rows=79199 width=4) (actual time=0.016..707.363 rows=97735 loops=1)
                          Filter: ((kind_id > 2) AND (production_year = 2007))
                          Rows Removed by Filter: 2430577
Planning time: 3.115 ms
Execution time: 9650.198 ms
