Seq Scan on cast_info ci  (cost=0.00..705507.15 rows=500 width=0) (actual time=345.548..10036.252 rows=28 loops=1)
  Filter: (person_id = 1731884)
  Rows Removed by Filter: 36244316
Planning time: 0.405 ms
Execution time: 10036.391 ms
