Hash Join  (cost=96527.63..248018.44 rows=2085146 width=0) (actual time=2705.878..6349.184 rows=546580 loops=1)
  Hash Cond: (mk.movie_id = t.id)
  ->  Seq Scan on movie_keyword mk  (cost=0.00..81003.12 rows=3827259 width=4) (actual time=0.016..1954.247 rows=3829629 loops=1)
        Filter: (keyword_id > 574)
        Rows Removed by Filter: 694301
  ->  Hash  (cost=73925.90..73925.90 rows=1377578 width=4) (actual time=2008.250..2008.250 rows=1455833 loops=1)
        Buckets: 131072  Batches: 32  Memory Usage: 2632kB
        ->  Seq Scan on title t  (cost=0.00..73925.90 rows=1377578 width=4) (actual time=324.551..1513.526 rows=1455833 loops=1)
              Filter: ((production_year > 1955) AND (kind_id = 7))
              Rows Removed by Filter: 1072479
Planning time: 0.726 ms
Execution time: 6416.939 ms
