Hash Join  (cost=67697.55..432786.99 rows=43351 width=0) (actual time=1052.370..7659.355 rows=38038 loops=1)
  Hash Cond: (mi.movie_id = t.id)
  ->  Seq Scan on movie_info mi  (cost=0.00..309384.22 rows=14739122 width=4) (actual time=0.020..3941.133 rows=14835720 loops=1)
  ->  Hash  (cost=67604.59..67604.59 rows=7437 width=4) (actual time=983.421..983.421 rows=2483 loops=1)
        Buckets: 8192  Batches: 1  Memory Usage: 152kB
        ->  Seq Scan on title t  (cost=0.00..67604.59 rows=7437 width=4) (actual time=0.136..981.968 rows=2483 loops=1)
              Filter: (production_year = 1939)
              Rows Removed by Filter: 2525829
Planning time: 4.690 ms
Execution time: 7666.210 ms
