Hash Join  (cost=565701.07..1932328.42 rows=19174914 width=0) (actual time=15747.000..72523.971 rows=92510627 loops=1)
  Hash Cond: (ci.movie_id = t.id)
  ->  Seq Scan on cast_info ci  (cost=0.00..614943.12 rows=36225612 width=4) (actual time=0.027..13178.159 rows=36244344 loops=1)
  ->  Hash  (cost=543742.09..543742.09 rows=1338398 width=8) (actual time=15745.330..15745.330 rows=3739354 loops=1)
        Buckets: 131072 (originally 131072)  Batches: 64 (originally 32)  Memory Usage: 3302kB
        ->  Hash Join  (cost=80193.64..543742.09 rows=1338398 width=8) (actual time=1365.560..14627.820 rows=3739354 loops=1)
              Hash Cond: (mi.movie_id = t.id)
              ->  Seq Scan on movie_info mi  (cost=0.00..346232.03 rows=8859586 width=4) (actual time=0.029..6393.194 rows=8966694 loops=1)
                    Filter: (info_type_id < 15)
                    Rows Removed by Filter: 5869026
              ->  Hash  (cost=73925.90..73925.90 rows=381979 width=4) (actual time=1363.533..1363.533 rows=440029 loops=1)
                    Buckets: 131072  Batches: 8  Memory Usage: 2976kB
                    ->  Seq Scan on title t  (cost=0.00..73925.90 rows=381979 width=4) (actual time=234.037..1218.727 rows=440029 loops=1)
                          Filter: ((kind_id < 2) AND (production_year < 2006))
                          Rows Removed by Filter: 2088283
Planning time: 1.173 ms
Execution time: 83118.441 ms
