Hash Join  (cost=102767.86..976955.73 rows=2835858 width=0) (actual time=4325.095..19078.734 rows=3840972 loops=1)
  Hash Cond: (ci.movie_id = t.id)
  ->  Seq Scan on cast_info ci  (cost=0.00..796071.18 rows=2835858 width=4) (actual time=2496.876..13560.290 rows=3840972 loops=1)
        Filter: ((person_id > 1219587) AND (role_id = 10))
        Rows Removed by Filter: 32403372
  ->  Hash  (cost=61283.27..61283.27 rows=2528527 width=4) (actual time=1826.091..1826.091 rows=2528312 loops=1)
        Buckets: 131072  Batches: 64  Memory Usage: 2415kB
        ->  Seq Scan on title t  (cost=0.00..61283.27 rows=2528527 width=4) (actual time=0.029..969.636 rows=2528312 loops=1)
Planning time: 0.754 ms
Execution time: 19505.625 ms
