Hash Join  (cost=74787.47..133508.87 rows=5384 width=0) (actual time=1338.641..2082.842 rows=7540 loops=1)
  Hash Cond: (mc.movie_id = t.id)
  ->  Seq Scan on movie_companies mc  (cost=0.00..57926.93 rows=197500 width=4) (actual time=179.298..831.160 rows=307213 loops=1)
        Filter: ((company_id < 253) AND (company_type_id = 1))
        Rows Removed by Filter: 2301916
  ->  Hash  (cost=73925.90..73925.90 rows=68925 width=4) (actual time=1158.408..1158.408 rows=84076 loops=1)
        Buckets: 131072  Batches: 1  Memory Usage: 3980kB
        ->  Seq Scan on title t  (cost=0.00..73925.90 rows=68925 width=4) (actual time=0.026..1124.204 rows=84076 loops=1)
              Filter: ((kind_id = 7) AND (production_year = 2007))
              Rows Removed by Filter: 2444236
Planning time: 0.732 ms
Execution time: 2084.086 ms
