Hash Join  (cost=52284.99..138844.47 rows=61 width=0) (actual time=873.826..2545.342 rows=3711 loops=1)
  Hash Cond: (mk.movie_id = t.id)
  ->  Seq Scan on movie_keyword mk  (cost=0.00..81003.12 rows=1481532 width=4) (actual time=0.015..1439.667 rows=1493348 loops=1)
        Filter: (keyword_id > 10877)
        Rows Removed by Filter: 3030582
  ->  Hash  (cost=52283.69..52283.69 rows=104 width=8) (actual time=869.568..869.568 rows=710 loops=1)
        Buckets: 1024  Batches: 1  Memory Usage: 36kB
        ->  Nested Loop  (cost=0.43..52283.69 rows=104 width=8) (actual time=1.861..869.094 rows=710 loops=1)
              ->  Seq Scan on movie_companies mc  (cost=0.00..51404.11 rows=104 width=4) (actual time=1.808..824.744 rows=710 loops=1)
                    Filter: (company_id = 11393)
                    Rows Removed by Filter: 2608419
              ->  Index Only Scan using title_pkey on title t  (cost=0.43..8.45 rows=1 width=4) (actual time=0.061..0.061 rows=1 loops=710)
                    Index Cond: (id = mc.movie_id)
                    Heap Fetches: 710
Planning time: 1.182 ms
Execution time: 2546.036 ms
