Hash Join  (cost=67737.34..414592.86 rows=691 width=0) (actual time=1158.298..6474.387 rows=1 loops=1)
  Hash Cond: (mi.movie_id = t.id)
  ->  Seq Scan on movie_info mi  (cost=0.00..346232.03 rows=164423 width=4) (actual time=87.588..5417.649 rows=197754 loops=1)
        Filter: (info_type_id > 106)
        Rows Removed by Filter: 14637966
  ->  Hash  (cost=67604.59..67604.59 rows=10620 width=4) (actual time=1024.051..1024.051 rows=9435 loops=1)
        Buckets: 16384  Batches: 1  Memory Usage: 460kB
        ->  Seq Scan on title t  (cost=0.00..67604.59 rows=10620 width=4) (actual time=0.143..1020.124 rows=9435 loops=1)
              Filter: (production_year < 1902)
              Rows Removed by Filter: 2518877
Planning time: 0.802 ms
Execution time: 6474.520 ms
