Seq Scan on cast_info ci  (cost=0.00..796071.18 rows=628882 width=0) (actual time=9611.086..11399.850 rows=202147 loops=1)
  Filter: ((person_id < 500774) AND (role_id = 10))
  Rows Removed by Filter: 36042197
Planning time: 0.575 ms
Execution time: 11426.007 ms
