Hash Join  (cost=67697.55..157284.34 rows=6680 width=0) (actual time=957.282..2798.625 rows=24967 loops=1)
  Hash Cond: (mk.movie_id = t.id)
  ->  Seq Scan on movie_keyword mk  (cost=0.00..81003.12 rows=2271163 width=4) (actual time=0.019..1453.995 rows=2266848 loops=1)
        Filter: (keyword_id > 4668)
        Rows Removed by Filter: 2257082
  ->  Hash  (cost=67604.59..67604.59 rows=7437 width=4) (actual time=957.027..957.027 rows=20122 loops=1)
        Buckets: 32768 (originally 8192)  Batches: 1 (originally 1)  Memory Usage: 964kB
        ->  Seq Scan on title t  (cost=0.00..67604.59 rows=7437 width=4) (actual time=0.033..947.965 rows=20122 loops=1)
              Filter: (production_year = 1987)
              Rows Removed by Filter: 2508190
Planning time: 0.741 ms
Execution time: 2802.465 ms
