Seq Scan on movie_companies mc  (cost=0.00..51404.11 rows=2197279 width=0) (actual time=0.022..961.933 rows=2194438 loops=1)
  Filter: (company_id < 80534)
  Rows Removed by Filter: 414691
Planning time: 0.299 ms
Execution time: 1234.689 ms
