Nested Loop  (cost=0.43..83072.90 rows=5 width=0) (actual time=261.106..1236.994 rows=3 loops=1)
  ->  Seq Scan on movie_keyword mk  (cost=0.00..81003.12 rows=246 width=4) (actual time=1.381..1221.827 rows=280 loops=1)
        Filter: (keyword_id = 5717)
        Rows Removed by Filter: 4523650
  ->  Index Scan using title_pkey on title t  (cost=0.43..8.40 rows=1 width=4) (actual time=0.052..0.052 rows=0 loops=280)
        Index Cond: (id = mk.movie_id)
        Filter: ((kind_id < 7) AND (production_year = 2010))
        Rows Removed by Filter: 1
Planning time: 0.753 ms
Execution time: 1237.092 ms
