Seq Scan on cast_info ci  (cost=0.00..796071.18 rows=960464 width=0) (actual time=2768.329..10928.924 rows=2972825 loops=1)
  Filter: ((person_id > 2878125) AND (role_id = 10))
  Rows Removed by Filter: 33271519
Planning time: 0.409 ms
Execution time: 11297.387 ms
