Hash Join  (cost=1384012.46..2663691.61 rows=33606471 width=211) (actual time=25327.561..43032.663 rows=13226890 loops=1)
  Hash Cond: (mi.movie_id = t.id)
  ->  Seq Scan on movie_info mi  (cost=0.00..309384.22 rows=14739122 width=75) (actual time=0.012..2971.386 rows=14835720 loops=1)
  ->  Hash  (cost=1199343.71..1199343.71 rows=5765260 width=136) (actual time=25185.463..25185.463 rows=3473469 loops=1)
        Buckets: 32768  Batches: 256  Memory Usage: 2171kB
        ->  Hash Join  (cost=109435.59..1199343.71 rows=5765260 width=136) (actual time=12219.171..22168.807 rows=3473469 loops=1)
              Hash Cond: (ci.movie_id = t.id)
              ->  Seq Scan on cast_info ci  (cost=0.00..796071.18 rows=9461069 width=42) (actual time=9684.503..13075.670 rows=6085662 loops=1)
                    Filter: ((person_id > 900534) AND (role_id = 1))
                    Rows Removed by Filter: 30158682
              ->  Hash  (cost=67604.59..67604.59 rows=1540800 width=94) (actual time=2532.978..2532.978 rows=1543264 loops=1)
                    Buckets: 32768  Batches: 64  Memory Usage: 3011kB
                    ->  Seq Scan on title t  (cost=0.00..67604.59 rows=1540800 width=94) (actual time=0.026..1089.267 rows=1543264 loops=1)
                          Filter: (kind_id = 7)
                          Rows Removed by Filter: 985048
Planning time: 1.700 ms
Execution time: 43545.163 ms
