Hash Join  (cost=102767.86..192191.48 rows=898381 width=0) (actual time=1953.147..4251.711 rows=1088827 loops=1)
  Hash Cond: (mc.movie_id = t.id)
  ->  Seq Scan on movie_companies mc  (cost=0.00..57926.93 rows=898381 width=4) (actual time=75.438..1124.089 rows=1088827 loops=1)
        Filter: ((company_id > 2222) AND (company_type_id = 2))
        Rows Removed by Filter: 1520302
  ->  Hash  (cost=61283.27..61283.27 rows=2528527 width=4) (actual time=1876.408..1876.408 rows=2528312 loops=1)
        Buckets: 131072  Batches: 64  Memory Usage: 2415kB
        ->  Seq Scan on title t  (cost=0.00..61283.27 rows=2528527 width=4) (actual time=0.031..1016.015 rows=2528312 loops=1)
Planning time: 0.786 ms
Execution time: 4373.295 ms
