Seq Scan on movie_keyword mk  (cost=0.00..81003.12 rows=242938 width=0) (actual time=0.026..1272.218 rows=241691 loops=1)
  Filter: (keyword_id > 61612)
  Rows Removed by Filter: 4282239
Planning time: 1.922 ms
Execution time: 1305.362 ms
