Seq Scan on movie_companies mc  (cost=0.00..57926.93 rows=606073 width=0) (actual time=70.925..1052.517 rows=355893 loops=1)
  Filter: ((company_id > 11684) AND (company_type_id = 1))
  Rows Removed by Filter: 2253236
Planning time: 0.365 ms
Execution time: 1097.618 ms
