Seq Scan on movie_keyword mk  (cost=0.00..81003.12 rows=35231 width=0) (actual time=0.015..1145.492 rows=32639 loops=1)
  Filter: (keyword_id > 108871)
  Rows Removed by Filter: 4491291
Planning time: 0.329 ms
Execution time: 1150.454 ms
