Seq Scan on cast_info ci  (cost=0.00..705507.15 rows=500 width=0) (actual time=8274.495..10505.658 rows=3839 loops=1)
  Filter: (person_id = 458088)
  Rows Removed by Filter: 36240505
Planning time: 0.357 ms
Execution time: 10506.281 ms
