Seq Scan on cast_info ci  (cost=0.00..796071.18 rows=176 width=0) (actual time=4243.210..10865.371 rows=4 loops=1)
  Filter: ((person_id = 1528799) AND (role_id = 1))
  Rows Removed by Filter: 36244340
Planning time: 0.440 ms
Execution time: 10865.477 ms
