Hash Join  (cost=83074.74..871313.06 rows=2146 width=0) (actual time=1328.577..17413.799 rows=5257 loops=1)
  Hash Cond: (ci.movie_id = t.id)
  ->  Seq Scan on cast_info ci  (cost=0.00..705507.15 rows=22055921 width=4) (actual time=0.018..12502.508 rows=21911427 loops=1)
        Filter: (person_id < 2229055)
        Rows Removed by Filter: 14332917
  ->  Hash  (cost=83071.67..83071.67 rows=246 width=8) (actual time=1323.046..1323.046 rows=138 loops=1)
        Buckets: 1024  Batches: 1  Memory Usage: 14kB
        ->  Nested Loop  (cost=0.43..83071.67 rows=246 width=8) (actual time=8.358..1322.838 rows=138 loops=1)
              ->  Seq Scan on movie_keyword mk  (cost=0.00..81003.12 rows=246 width=4) (actual time=8.274..1301.818 rows=138 loops=1)
                    Filter: (keyword_id = 12085)
                    Rows Removed by Filter: 4523792
              ->  Index Only Scan using title_pkey on title t  (cost=0.43..8.40 rows=1 width=4) (actual time=0.147..0.148 rows=1 loops=138)
                    Index Cond: (id = mk.movie_id)
                    Heap Fetches: 138
Planning time: 1.164 ms
Execution time: 17416.270 ms
