Hash Join  (cost=147521.74..271825.82 rows=188904 width=0) (actual time=3137.386..6079.509 rows=1034911 loops=1)
  Hash Cond: (mk.movie_id = t.id)
  ->  Seq Scan on movie_keyword mk  (cost=0.00..69693.30 rows=4523930 width=4) (actual time=0.027..1382.623 rows=4523930 loops=1)
  ->  Hash  (cost=145788.95..145788.95 rows=105583 width=8) (actual time=3024.293..3024.293 rows=200368 loops=1)
        Buckets: 131072 (originally 131072)  Batches: 4 (originally 2)  Memory Usage: 3073kB
        ->  Hash Join  (cost=69283.60..145788.95 rows=105583 width=8) (actual time=1091.976..2949.694 rows=200368 loops=1)
              Hash Cond: (mc.movie_id = t.id)
              ->  Seq Scan on movie_companies mc  (cost=0.00..44881.29 rows=2609129 width=4) (actual time=0.028..863.642 rows=2609129 loops=1)
              ->  Hash  (cost=67604.59..67604.59 rows=102321 width=4) (actual time=1091.196..1091.196 rows=100537 loops=1)
                    Buckets: 131072  Batches: 2  Memory Usage: 2797kB
                    ->  Seq Scan on title t  (cost=0.00..67604.59 rows=102321 width=4) (actual time=24.929..1055.763 rows=100537 loops=1)
                          Filter: (kind_id = 3)
                          Rows Removed by Filter: 2427775
Planning time: 1.125 ms
Execution time: 6179.007 ms
