Seq Scan on cast_info ci  (cost=0.00..796071.18 rows=2021260 width=0) (actual time=7333.399..13292.391 rows=1382536 loops=1)
  Filter: ((person_id < 1808050) AND (role_id = 3))
  Rows Removed by Filter: 34861808
Planning time: 4.020 ms
Execution time: 13468.216 ms
