Seq Scan on cast_info ci  (cost=0.00..705507.15 rows=20280252 width=0) (actual time=0.016..12818.809 rows=20169958 loops=1)
  Filter: (person_id < 2026404)
  Rows Removed by Filter: 16074386
Planning time: 0.310 ms
Execution time: 15365.310 ms
