Nested Loop  (cost=0.43..83071.67 rows=246 width=0) (actual time=23.929..1254.670 rows=393 loops=1)
  ->  Seq Scan on movie_keyword mk  (cost=0.00..81003.12 rows=246 width=4) (actual time=23.844..1240.768 rows=393 loops=1)
        Filter: (keyword_id = 71672)
        Rows Removed by Filter: 4523537
  ->  Index Only Scan using title_pkey on title t  (cost=0.43..8.40 rows=1 width=4) (actual time=0.033..0.034 rows=1 loops=393)
        Index Cond: (id = mk.movie_id)
        Heap Fetches: 393
Planning time: 0.710 ms
Execution time: 1254.900 ms
