Hash Join  (cost=88295.76..907710.65 rows=554993 width=0) (actual time=7427.919..16080.609 rows=500804 loops=1)
  Hash Cond: (ci.movie_id = t.id)
  ->  Seq Scan on cast_info ci  (cost=0.00..796071.18 rows=1112740 width=4) (actual time=5514.402..12625.146 rows=1029552 loops=1)
        Filter: ((person_id < 1443448) AND (role_id = 4))
        Rows Removed by Filter: 35214792
  ->  Hash  (cost=67604.59..67604.59 rows=1261134 width=4) (actual time=1912.696..1912.696 rows=1260295 loops=1)
        Buckets: 131072  Batches: 32  Memory Usage: 2413kB
        ->  Seq Scan on title t  (cost=0.00..67604.59 rows=1261134 width=4) (actual time=0.019..1150.433 rows=1260295 loops=1)
              Filter: (production_year > 2002)
              Rows Removed by Filter: 1268017
Planning time: 0.840 ms
Execution time: 16142.706 ms
