Seq Scan on cast_info ci  (cost=0.00..796071.18 rows=2109327 width=0) (actual time=2878.608..12183.903 rows=3281316 loops=1)
  Filter: ((person_id > 3457681) AND (role_id > 1))
  Rows Removed by Filter: 32963028
Planning time: 0.360 ms
Execution time: 12609.533 ms
