Hash Join  (cost=94642.16..151039.45 rows=713 width=0) (actual time=1629.075..2772.995 rows=1344 loops=1)
  Hash Cond: (mc.movie_id = t.id)
  ->  Seq Scan on movie_companies mc  (cost=0.00..51404.11 rows=1329612 width=4) (actual time=0.008..948.143 rows=1334883 loops=1)
        Filter: (company_type_id = 2)
        Rows Removed by Filter: 1274246
  ->  Hash  (cost=94625.21..94625.21 rows=1356 width=8) (actual time=1628.908..1628.908 rows=1254 loops=1)
        Buckets: 2048  Batches: 1  Memory Usage: 65kB
        ->  Hash Join  (cost=67697.55..94625.21 rows=1356 width=8) (actual time=1040.886..1627.998 rows=1254 loops=1)
              Hash Cond: (mi_idx.movie_id = t.id)
              ->  Seq Scan on movie_info_idx mi_idx  (cost=0.00..25185.44 rows=460978 width=4) (actual time=0.022..500.231 rows=459925 loops=1)
                    Filter: (info_type_id = 99)
                    Rows Removed by Filter: 920110
              ->  Hash  (cost=67604.59..67604.59 rows=7437 width=4) (actual time=1040.208..1040.208 rows=4763 loops=1)
                    Buckets: 8192  Batches: 1  Memory Usage: 232kB
                    ->  Seq Scan on title t  (cost=0.00..67604.59 rows=7437 width=4) (actual time=0.057..1037.652 rows=4763 loops=1)
                          Filter: (production_year = 1950)
                          Rows Removed by Filter: 2523549
Planning time: 2.622 ms
Execution time: 2773.408 ms
