Hash Join  (cost=858159.13..947271.02 rows=1020037 width=0) (actual time=14613.306..18139.342 rows=3908439 loops=1)
  Hash Cond: (mc.movie_id = t.id)
  ->  Seq Scan on movie_companies mc  (cost=0.00..44881.29 rows=2609129 width=4) (actual time=0.020..909.562 rows=2609129 loops=1)
  ->  Hash  (cost=841940.56..841940.56 rows=988526 width=8) (actual time=14612.466..14612.466 rows=1018894 loops=1)
        Buckets: 131072  Batches: 16  Memory Usage: 3490kB
        ->  Hash Join  (cost=102767.86..841940.56 rows=988526 width=8) (actual time=7621.260..14322.747 rows=1018894 loops=1)
              Hash Cond: (ci.movie_id = t.id)
              ->  Seq Scan on cast_info ci  (cost=0.00..705507.15 rows=988526 width=4) (actual time=5599.406..11094.565 rows=1018894 loops=1)
                    Filter: (person_id > 3865241)
                    Rows Removed by Filter: 35225450
              ->  Hash  (cost=61283.27..61283.27 rows=2528527 width=4) (actual time=2020.420..2020.420 rows=2528312 loops=1)
                    Buckets: 131072  Batches: 64  Memory Usage: 2415kB
                    ->  Seq Scan on title t  (cost=0.00..61283.27 rows=2528527 width=4) (actual time=0.023..1194.929 rows=2528312 loops=1)
Planning time: 1.123 ms
Execution time: 18595.409 ms
