Hash Join  (cost=83074.74..447745.01 rows=1434 width=0) (actual time=1363.950..8445.956 rows=47180 loops=1)
  Hash Cond: (mi.movie_id = t.id)
  ->  Seq Scan on movie_info mi  (cost=0.00..309384.22 rows=14739122 width=4) (actual time=0.014..4151.612 rows=14835720 loops=1)
  ->  Hash  (cost=83071.67..83071.67 rows=246 width=8) (actual time=1363.162..1363.162 rows=934 loops=1)
        Buckets: 1024  Batches: 1  Memory Usage: 45kB
        ->  Nested Loop  (cost=0.43..83071.67 rows=246 width=8) (actual time=0.933..1362.427 rows=934 loops=1)
              ->  Seq Scan on movie_keyword mk  (cost=0.00..81003.12 rows=246 width=4) (actual time=0.890..1323.377 rows=934 loops=1)
                    Filter: (keyword_id = 7469)
                    Rows Removed by Filter: 4522996
              ->  Index Only Scan using title_pkey on title t  (cost=0.43..8.40 rows=1 width=4) (actual time=0.040..0.040 rows=1 loops=934)
                    Index Cond: (id = mk.movie_id)
                    Heap Fetches: 934
Planning time: 1.047 ms
Execution time: 8453.799 ms
