Hash Join  (cost=365418.15..1535669.78 rows=18512951 width=0) (actual time=14543.929..41762.352 rows=48509750 loops=1)
  Hash Cond: (ci.movie_id = t.id)
  ->  Seq Scan on cast_info ci  (cost=0.00..796071.18 rows=10347308 width=4) (actual time=6159.728..15908.216 rows=7845373 loops=1)
        Filter: ((person_id > 647707) AND (role_id < 2))
        Rows Removed by Filter: 28398971
  ->  Hash  (cost=291197.02..291197.02 rows=4523930 width=8) (actual time=8383.314..8383.314 rows=4523930 loops=1)
        Buckets: 131072  Batches: 64  Memory Usage: 3816kB
        ->  Hash Join  (cost=102767.86..291197.02 rows=4523930 width=8) (actual time=1997.216..7156.611 rows=4523930 loops=1)
              Hash Cond: (mk.movie_id = t.id)
              ->  Seq Scan on movie_keyword mk  (cost=0.00..69693.30 rows=4523930 width=4) (actual time=0.021..1542.187 rows=4523930 loops=1)
              ->  Hash  (cost=61283.27..61283.27 rows=2528527 width=4) (actual time=1996.506..1996.506 rows=2528312 loops=1)
                    Buckets: 131072  Batches: 64  Memory Usage: 2425kB
                    ->  Seq Scan on title t  (cost=0.00..61283.27 rows=2528527 width=4) (actual time=0.015..1147.962 rows=2528312 loops=1)
Planning time: 1.142 ms
Execution time: 47461.318 ms
