Hash Join  (cost=102767.86..246482.93 rows=2195689 width=0) (actual time=1997.064..5551.764 rows=2195799 loops=1)
  Hash Cond: (mk.movie_id = t.id)
  ->  Seq Scan on movie_keyword mk  (cost=0.00..81003.12 rows=2195689 width=4) (actual time=0.021..1649.656 rows=2195799 loops=1)
        Filter: (keyword_id < 4370)
        Rows Removed by Filter: 2328131
  ->  Hash  (cost=61283.27..61283.27 rows=2528527 width=4) (actual time=1995.614..1995.614 rows=2528312 loops=1)
        Buckets: 131072  Batches: 64  Memory Usage: 2425kB
        ->  Seq Scan on title t  (cost=0.00..61283.27 rows=2528527 width=4) (actual time=0.019..1143.358 rows=2528312 loops=1)
Planning time: 0.695 ms
Execution time: 5778.484 ms
