Hash Join  (cost=67936.46..155069.52 rows=47502 width=0) (actual time=1194.291..2721.936 rows=7417 loops=1)
  Hash Cond: (mk.movie_id = t.id)
  ->  Seq Scan on movie_keyword mk  (cost=0.00..69693.30 rows=4523930 width=4) (actual time=0.017..894.790 rows=4523930 loops=1)
  ->  Hash  (cost=67604.59..67604.59 rows=26550 width=4) (actual time=1018.497..1018.497 rows=24508 loops=1)
        Buckets: 32768  Batches: 1  Memory Usage: 1118kB
        ->  Seq Scan on title t  (cost=0.00..67604.59 rows=26550 width=4) (actual time=0.023..1008.397 rows=24508 loops=1)
              Filter: (production_year < 1910)
              Rows Removed by Filter: 2503804
Planning time: 0.488 ms
Execution time: 2723.217 ms
