Hash Join  (cost=71961.27..568281.26 rows=1547606 width=0) (actual time=1169.133..14189.511 rows=2753460 loops=1)
  Hash Cond: (mi.movie_id = t.id)
  ->  Seq Scan on movie_info mi  (cost=0.00..309384.22 rows=14739122 width=4) (actual time=0.023..5882.118 rows=14835720 loops=1)
  ->  Hash  (cost=67604.59..67604.59 rows=265495 width=4) (actual time=1168.289..1168.289 rows=263594 loops=1)
        Buckets: 131072  Batches: 4  Memory Usage: 3346kB
        ->  Seq Scan on title t  (cost=0.00..67604.59 rows=265495 width=4) (actual time=0.028..1076.317 rows=263594 loops=1)
              Filter: (production_year < 1962)
              Rows Removed by Filter: 2264718
Planning time: 0.829 ms
Execution time: 14531.799 ms
