Hash Join  (cost=108812.38..167281.58 rows=41278 width=0) (actual time=2066.898..3394.953 rows=124505 loops=1)
  Hash Cond: (mc.movie_id = t.id)
  ->  Seq Scan on movie_companies mc  (cost=0.00..51404.11 rows=1773950 width=4) (actual time=0.029..872.064 rows=1764981 loops=1)
        Filter: (company_id < 25799)
        Rows Removed by Filter: 844148
  ->  Hash  (cost=108076.93..108076.93 rows=58836 width=8) (actual time=2066.475..2066.475 rows=61574 loops=1)
        Buckets: 65536  Batches: 1  Memory Usage: 2918kB
        ->  Hash Join  (cost=69374.09..108076.93 rows=58836 width=8) (actual time=1151.265..2045.688 rows=61574 loops=1)
              Hash Cond: (mi_idx.movie_id = t.id)
              ->  Seq Scan on movie_info_idx mi_idx  (cost=0.00..21735.35 rows=1380035 width=4) (actual time=0.017..404.677 rows=1380035 loops=1)
              ->  Hash  (cost=67604.59..67604.59 rows=107800 width=4) (actual time=1150.595..1150.595 rows=108429 loops=1)
                    Buckets: 131072  Batches: 2  Memory Usage: 2931kB
                    ->  Seq Scan on title t  (cost=0.00..67604.59 rows=107800 width=4) (actual time=0.013..1109.046 rows=108429 loops=1)
                          Filter: (production_year = 2006)
                          Rows Removed by Filter: 2419883
Planning time: 0.948 ms
Execution time: 3411.887 ms
