Nested Loop  (cost=0.43..798787.41 rows=324 width=0) (actual time=10534.121..13941.930 rows=1 loops=1)
  ->  Seq Scan on cast_info ci  (cost=0.00..796071.18 rows=324 width=4) (actual time=10534.019..13941.824 rows=1 loops=1)
        Filter: ((role_id > 1) AND (person_id = 1938453))
        Rows Removed by Filter: 36244343
  ->  Index Only Scan using title_pkey on title t  (cost=0.43..8.37 rows=1 width=4) (actual time=0.081..0.082 rows=1 loops=1)
        Index Cond: (id = ci.movie_id)
        Heap Fetches: 1
Planning time: 1.396 ms
Execution time: 13941.997 ms
