Hash Join  (cost=463181.62..596580.17 rows=935351 width=0) (actual time=8444.517..14426.256 rows=12553617 loops=1)
  Hash Cond: (mk.movie_id = t.id)
  ->  Seq Scan on movie_keyword mk  (cost=0.00..69693.30 rows=4523930 width=4) (actual time=0.020..1452.177 rows=4523930 loops=1)
  ->  Hash  (cost=454603.76..454603.76 rows=522789 width=8) (actual time=8443.626..8443.626 rows=1092388 loops=1)
        Buckets: 131072 (originally 131072)  Batches: 16 (originally 8)  Memory Usage: 3715kB
        ->  Hash Join  (cost=83810.17..454603.76 rows=522789 width=8) (actual time=3513.330..8153.228 rows=1092388 loops=1)
              Hash Cond: (mi.movie_id = t.id)
              ->  Seq Scan on movie_info mi  (cost=0.00..346232.03 rows=1338312 width=4) (actual time=2009.489..5611.662 rows=1401902 loops=1)
                    Filter: (info_type_id = 7)
                    Rows Removed by Filter: 13433818
              ->  Hash  (cost=67604.59..67604.59 rows=987727 width=4) (actual time=1503.154..1503.154 rows=985048 loops=1)
                    Buckets: 131072  Batches: 16  Memory Usage: 3197kB
                    ->  Seq Scan on title t  (cost=0.00..67604.59 rows=987727 width=4) (actual time=0.032..1180.017 rows=985048 loops=1)
                          Filter: (kind_id < 7)
                          Rows Removed by Filter: 1543264
Planning time: 1.115 ms
Execution time: 15728.136 ms
