Hash Join  (cost=100529.73..699614.31 rows=9451975 width=0) (actual time=1900.622..16035.824 rows=4933035 loops=1)
  Hash Cond: (mi.movie_id = t.id)
  ->  Seq Scan on movie_info mi  (cost=0.00..309384.22 rows=14739122 width=4) (actual time=0.013..5965.685 rows=14835720 loops=1)
  ->  Hash  (cost=73925.90..73925.90 rows=1621506 width=4) (actual time=1898.922..1898.922 rows=1608794 loops=1)
        Buckets: 131072  Batches: 32  Memory Usage: 2803kB
        ->  Seq Scan on title t  (cost=0.00..73925.90 rows=1621506 width=4) (actual time=0.021..1384.686 rows=1608794 loops=1)
              Filter: ((kind_id > 3) AND (production_year > 0))
              Rows Removed by Filter: 919518
Planning time: 0.793 ms
Execution time: 16538.406 ms
