Hash Join  (cost=128331.06..954487.39 rows=239530 width=0) (actual time=3337.871..17435.869 rows=355857 loops=1)
  Hash Cond: (ci.movie_id = t.id)
  ->  Seq Scan on cast_info ci  (cost=0.00..796071.18 rows=2305825 width=4) (actual time=724.129..14112.540 rows=1477536 loops=1)
        Filter: ((person_id < 2092293) AND (role_id = 3))
        Rows Removed by Filter: 34766808
  ->  Hash  (cost=124020.76..124020.76 rows=262664 width=8) (actual time=2612.089..2612.089 rows=115854 loops=1)
        Buckets: 131072  Batches: 4  Memory Usage: 2149kB
        ->  Hash Join  (cost=81821.64..124020.76 rows=262664 width=8) (actual time=1706.561..2568.845 rows=115854 loops=1)
              Hash Cond: (mi_idx.movie_id = t.id)
              ->  Seq Scan on movie_info_idx mi_idx  (cost=0.00..21735.35 rows=1380035 width=4) (actual time=0.025..464.459 rows=1380035 loops=1)
              ->  Hash  (cost=73925.90..73925.90 rows=481259 width=4) (actual time=1422.896..1422.896 rows=518327 loops=1)
                    Buckets: 131072  Batches: 8  Memory Usage: 3301kB
                    ->  Seq Scan on title t  (cost=0.00..73925.90 rows=481259 width=4) (actual time=244.992..1259.801 rows=518327 loops=1)
                          Filter: ((production_year > 2007) AND (kind_id = 7))
                          Rows Removed by Filter: 2009985
Planning time: 1.165 ms
Execution time: 17478.974 ms
