Hash Join  (cost=68438.72..868967.65 rows=29309 width=0) (actual time=9123.558..15911.049 rows=32359 loops=1)
  Hash Cond: (ci.movie_id = t.id)
  ->  Seq Scan on cast_info ci  (cost=0.00..796071.18 rows=1110576 width=4) (actual time=8199.378..14667.818 rows=1078514 loops=1)
        Filter: ((person_id > 115545) AND (role_id = 9))
        Rows Removed by Filter: 35165830
  ->  Hash  (cost=67604.59..67604.59 rows=66731 width=4) (actual time=923.414..923.414 rows=67342 loops=1)
        Buckets: 131072  Batches: 1  Memory Usage: 3392kB
        ->  Seq Scan on title t  (cost=0.00..67604.59 rows=66731 width=4) (actual time=0.024..894.802 rows=67342 loops=1)
              Filter: (production_year > 2012)
              Rows Removed by Filter: 2460970
Planning time: 0.800 ms
Execution time: 15915.794 ms
