Seq Scan on movie_companies mc  (cost=0.00..51404.11 rows=215117 width=0) (actual time=0.012..899.427 rows=215203 loops=1)
  Filter: (company_id < 73)
  Rows Removed by Filter: 2393926
Planning time: 0.306 ms
Execution time: 928.722 ms
