Hash Join  (cost=82423.69..796759.89 rows=125087 width=0) (actual time=1829.063..14226.630 rows=116523 loops=1)
  Hash Cond: (ci.movie_id = t.id)
  ->  Seq Scan on cast_info ci  (cost=0.00..705507.15 rows=350181 width=4) (actual time=367.775..12398.226 rows=316118 loops=1)
        Filter: (role_id > 10)
        Rows Removed by Filter: 35928226
  ->  Hash  (cost=67604.59..67604.59 rows=903208 width=4) (actual time=1460.061..1460.061 rows=904491 loops=1)
        Buckets: 131072  Batches: 16  Memory Usage: 3010kB
        ->  Seq Scan on title t  (cost=0.00..67604.59 rows=903208 width=4) (actual time=0.025..1174.330 rows=904491 loops=1)
              Filter: (production_year > 2006)
              Rows Removed by Filter: 1623821
Planning time: 0.715 ms
Execution time: 14240.866 ms
