Hash Join  (cost=67697.55..789533.69 rows=12708 width=0) (actual time=8144.268..14880.434 rows=961 loops=1)
  Hash Cond: (ci.movie_id = t.id)
  ->  Seq Scan on cast_info ci  (cost=0.00..705507.15 rows=4320508 width=4) (actual time=7046.309..13191.172 rows=4323018 loops=1)
        Filter: (role_id = 10)
        Rows Removed by Filter: 31921326
  ->  Hash  (cost=67604.59..67604.59 rows=7437 width=4) (actual time=1097.375..1097.375 rows=2798 loops=1)
        Buckets: 8192  Batches: 1  Memory Usage: 163kB
        ->  Seq Scan on title t  (cost=0.00..67604.59 rows=7437 width=4) (actual time=1.506..1095.810 rows=2798 loops=1)
              Filter: (production_year = 1936)
              Rows Removed by Filter: 2525514
Planning time: 0.797 ms
Execution time: 14880.937 ms
