Nested Loop  (cost=0.43..83072.29 rows=96 width=0) (actual time=59.181..1266.210 rows=53 loops=1)
  ->  Seq Scan on movie_keyword mk  (cost=0.00..81003.12 rows=246 width=4) (actual time=58.924..1263.424 rows=59 loops=1)
        Filter: (keyword_id = 16040)
        Rows Removed by Filter: 4523871
  ->  Index Scan using title_pkey on title t  (cost=0.43..8.40 rows=1 width=4) (actual time=0.041..0.042 rows=1 loops=59)
        Index Cond: (id = mk.movie_id)
        Filter: (kind_id < 7)
        Rows Removed by Filter: 0
Planning time: 0.721 ms
Execution time: 1266.380 ms
