Hash Join  (cost=58358.90..85286.55 rows=9 width=0) (actual time=827.363..1273.270 rows=244 loops=1)
  Hash Cond: (mi_idx.movie_id = t.id)
  ->  Seq Scan on movie_info_idx mi_idx  (cost=0.00..25185.44 rows=464566 width=4) (actual time=0.014..418.151 rows=459925 loops=1)
        Filter: (info_type_id = 101)
        Rows Removed by Filter: 920110
  ->  Hash  (cost=58358.27..58358.27 rows=51 width=8) (actual time=792.470..792.470 rows=245 loops=1)
        Buckets: 1024  Batches: 1  Memory Usage: 18kB
        ->  Nested Loop  (cost=0.43..58358.27 rows=51 width=8) (actual time=279.967..792.328 rows=245 loops=1)
              ->  Seq Scan on movie_companies mc  (cost=0.00..57926.93 rows=51 width=4) (actual time=279.880..781.842 rows=245 loops=1)
                    Filter: ((company_id = 532) AND (company_type_id = 1))
                    Rows Removed by Filter: 2608884
              ->  Index Only Scan using title_pkey on title t  (cost=0.43..8.45 rows=1 width=4) (actual time=0.041..0.042 rows=1 loops=245)
                    Index Cond: (id = mc.movie_id)
                    Heap Fetches: 245
Planning time: 2.015 ms
Execution time: 1273.417 ms
