Hash Join  (cost=82008.92..121483.90 rows=178292 width=0) (actual time=1361.842..2464.554 rows=254996 loops=1)
  Hash Cond: (mi_idx.movie_id = t.id)
  ->  Seq Scan on movie_info_idx mi_idx  (cost=0.00..25185.44 rows=915101 width=4) (actual time=0.021..548.400 rows=919850 loops=1)
        Filter: (info_type_id < 101)
        Rows Removed by Filter: 460185
  ->  Hash  (cost=73925.90..73925.90 rows=492641 width=4) (actual time=1361.208..1361.208 rows=420285 loops=1)
        Buckets: 131072  Batches: 8  Memory Usage: 2868kB
        ->  Seq Scan on title t  (cost=0.00..73925.90 rows=492641 width=4) (actual time=0.033..1216.109 rows=420285 loops=1)
              Filter: ((kind_id < 7) AND (production_year > 2002))
              Rows Removed by Filter: 2108027
Planning time: 0.734 ms
Execution time: 2496.857 ms
