Hash Join  (cost=223202.07..664662.22 rows=1684603 width=0) (actual time=8256.355..14260.953 rows=385965 loops=1)
  Hash Cond: (mi.movie_id = t.id)
  ->  Seq Scan on movie_info mi  (cost=0.00..346232.03 rows=5897221 width=4) (actual time=2633.368..6007.263 rows=5884963 loops=1)
        Filter: (info_type_id < 7)
        Rows Removed by Filter: 8950757
  ->  Hash  (cost=211351.32..211351.32 rows=722300 width=8) (actual time=5620.525..5620.525 rows=176814 loops=1)
        Buckets: 131072  Batches: 16  Memory Usage: 1464kB
        ->  Hash Join  (cost=80549.28..211351.32 rows=722300 width=8) (actual time=3606.771..5570.748 rows=176814 loops=1)
              Hash Cond: (mk.movie_id = t.id)
              ->  Seq Scan on movie_keyword mk  (cost=0.00..69693.30 rows=4523930 width=4) (actual time=0.026..1419.475 rows=4523930 loops=1)
              ->  Hash  (cost=73925.90..73925.90 rows=403710 width=4) (actual time=2221.618..2221.618 rows=434218 loops=1)
                    Buckets: 131072  Batches: 8  Memory Usage: 2941kB
                    ->  Seq Scan on title t  (cost=0.00..73925.90 rows=403710 width=4) (actual time=0.027..1139.319 rows=434218 loops=1)
                          Filter: ((production_year > 2008) AND (kind_id = 7))
                          Rows Removed by Filter: 2094094
Planning time: 1.202 ms
Execution time: 14308.465 ms
