Seq Scan on movie_keyword mk  (cost=0.00..81003.12 rows=4181553 width=0) (actual time=0.026..1547.993 rows=4183802 loops=1)
  Filter: (keyword_id < 48726)
  Rows Removed by Filter: 340128
Planning time: 0.310 ms
Execution time: 2057.526 ms
