Hash Join  (cost=190230.21..309523.66 rows=1054917 width=0) (actual time=4832.282..8771.724 rows=4428007 loops=1)
  Hash Cond: (mk.movie_id = t.id)
  ->  Seq Scan on movie_keyword mk  (cost=0.00..81003.12 rows=1932840 width=4) (actual time=0.028..1555.449 rows=1947504 loops=1)
        Filter: (keyword_id < 3369)
        Rows Removed by Filter: 2576426
  ->  Hash  (cost=167588.78..167588.78 rows=1380035 width=8) (actual time=4831.189..4831.189 rows=1380035 loops=1)
        Buckets: 131072  Batches: 32  Memory Usage: 2726kB
        ->  Hash Join  (cost=102767.86..167588.78 rows=1380035 width=8) (actual time=1962.436..4500.147 rows=1380035 loops=1)
              Hash Cond: (mi_idx.movie_id = t.id)
              ->  Seq Scan on movie_info_idx mi_idx  (cost=0.00..21735.35 rows=1380035 width=4) (actual time=0.016..467.862 rows=1380035 loops=1)
              ->  Hash  (cost=61283.27..61283.27 rows=2528527 width=4) (actual time=1961.017..1961.017 rows=2528312 loops=1)
                    Buckets: 131072  Batches: 64  Memory Usage: 2415kB
                    ->  Seq Scan on title t  (cost=0.00..61283.27 rows=2528527 width=4) (actual time=0.025..1122.630 rows=2528312 loops=1)
Planning time: 1.053 ms
Execution time: 9274.830 ms
