Hash Join  (cost=129780.31..926427.94 rows=2015 width=0) (actual time=4703.044..15105.220 rows=12602 loops=1)
  Hash Cond: (ci.movie_id = t.id)
  ->  Seq Scan on cast_info ci  (cost=0.00..796071.18 rows=148345 width=4) (actual time=2179.763..12510.899 rows=239860 loops=1)
        Filter: ((person_id > 2090915) AND (role_id > 10))
        Rows Removed by Filter: 36004484
  ->  Hash  (cost=129350.97..129350.97 rows=34347 width=8) (actual time=2522.634..2522.634 rows=59122 loops=1)
        Buckets: 65536  Batches: 1  Memory Usage: 2822kB
        ->  Hash Join  (cost=74341.98..129350.97 rows=34347 width=8) (actual time=1220.681..2500.836 rows=59122 loops=1)
              Hash Cond: (mc.movie_id = t.id)
              ->  Seq Scan on movie_companies mc  (cost=0.00..44881.29 rows=2609129 width=4) (actual time=0.023..628.662 rows=2609129 loops=1)
              ->  Hash  (cost=73925.90..73925.90 rows=33286 width=4) (actual time=1220.284..1220.284 rows=28113 loops=1)
                    Buckets: 65536  Batches: 1  Memory Usage: 1501kB
                    ->  Seq Scan on title t  (cost=0.00..73925.90 rows=33286 width=4) (actual time=0.028..1208.274 rows=28113 loops=1)
                          Filter: ((kind_id < 7) AND (production_year = 2004))
                          Rows Removed by Filter: 2500199
Planning time: 1.187 ms
Execution time: 15107.113 ms
