Seq Scan on cast_info ci  (cost=0.00..796071.18 rows=176 width=0) (actual time=6791.195..11116.726 rows=25 loops=1)
  Filter: ((person_id = 1649359) AND (role_id = 1))
  Rows Removed by Filter: 36244319
Planning time: 0.392 ms
Execution time: 11116.845 ms
