Hash Join  (cost=176161.67..301173.60 rows=246989 width=0) (actual time=3021.214..5868.729 rows=196596 loops=1)
  Hash Cond: (mk.movie_id = t.id)
  ->  Seq Scan on movie_keyword mk  (cost=0.00..69693.30 rows=4523930 width=4) (actual time=0.023..1443.698 rows=4523930 loops=1)
  ->  Hash  (cost=173896.07..173896.07 rows=138048 width=8) (actual time=3020.337..3020.337 rows=62483 loops=1)
        Buckets: 131072  Batches: 2  Memory Usage: 2254kB
        ->  Hash Join  (cost=102767.86..173896.07 rows=138048 width=8) (actual time=1845.009..2999.373 rows=62483 loops=1)
              Hash Cond: (mc.movie_id = t.id)
              ->  Seq Scan on movie_companies mc  (cost=0.00..57926.93 rows=138048 width=4) (actual time=0.049..724.848 rows=62483 loops=1)
                    Filter: ((company_id < 139) AND (company_type_id > 1))
                    Rows Removed by Filter: 2546646
              ->  Hash  (cost=61283.27..61283.27 rows=2528527 width=4) (actual time=1843.754..1843.754 rows=2528312 loops=1)
                    Buckets: 131072  Batches: 64  Memory Usage: 2415kB
                    ->  Seq Scan on title t  (cost=0.00..61283.27 rows=2528527 width=4) (actual time=0.016..1011.952 rows=2528312 loops=1)
Planning time: 1.149 ms
Execution time: 5893.544 ms
