Seq Scan on movie_keyword mk  (cost=0.00..81003.12 rows=246 width=0) (actual time=2.979..1325.615 rows=49 loops=1)
  Filter: (keyword_id = 27403)
  Rows Removed by Filter: 4523881
Planning time: 0.348 ms
Execution time: 1325.731 ms
