Hash Join  (cost=74119.19..428715.24 rows=13421 width=0) (actual time=1923.811..6668.162 rows=5 loops=1)
  Hash Cond: (mi.movie_id = t.id)
  ->  Seq Scan on movie_info mi  (cost=0.00..346232.03 rows=2194617 width=4) (actual time=362.490..5320.219 rows=2233850 loops=1)
        Filter: (info_type_id > 16)
        Rows Removed by Filter: 12601870
  ->  Hash  (cost=73925.90..73925.90 rows=15463 width=4) (actual time=1019.374..1019.374 rows=8 loops=1)
        Buckets: 16384  Batches: 1  Memory Usage: 129kB
        ->  Seq Scan on title t  (cost=0.00..73925.90 rows=15463 width=4) (actual time=149.960..1019.352 rows=8 loops=1)
              Filter: ((production_year < 1968) AND (kind_id = 4))
              Rows Removed by Filter: 2528304
Planning time: 0.784 ms
Execution time: 6668.300 ms
