Seq Scan on cast_info ci  (cost=0.00..796071.18 rows=55 width=0) (actual time=3733.526..11118.468 rows=62 loops=1)
  Filter: ((person_id = 834690) AND (role_id = 3))
  Rows Removed by Filter: 36244282
Planning time: 0.434 ms
Execution time: 11118.594 ms
