Hash Join  (cost=139597.14..946205.58 rows=131258 width=0) (actual time=6178.021..16346.831 rows=833466 loops=1)
  Hash Cond: (ci.movie_id = t.id)
  ->  Seq Scan on cast_info ci  (cost=0.00..796071.18 rows=615649 width=4) (actual time=2843.145..11948.345 rows=981993 loops=1)
        Filter: ((person_id > 3872985) AND (role_id > 1))
        Rows Removed by Filter: 35262351
  ->  Hash  (cost=130752.54..130752.54 rows=539088 width=8) (actual time=3333.926..3333.926 rows=954317 loops=1)
        Buckets: 131072 (originally 131072)  Batches: 16 (originally 8)  Memory Usage: 3354kB
        ->  Hash Join  (cost=83810.17..130752.54 rows=539088 width=8) (actual time=1463.386..3041.388 rows=954317 loops=1)
              Hash Cond: (mi_idx.movie_id = t.id)
              ->  Seq Scan on movie_info_idx mi_idx  (cost=0.00..21735.35 rows=1380035 width=4) (actual time=0.035..448.689 rows=1380035 loops=1)
              ->  Hash  (cost=67604.59..67604.59 rows=987727 width=4) (actual time=1462.576..1462.576 rows=985048 loops=1)
                    Buckets: 131072  Batches: 16  Memory Usage: 3188kB
                    ->  Seq Scan on title t  (cost=0.00..67604.59 rows=987727 width=4) (actual time=0.022..1154.802 rows=985048 loops=1)
                          Filter: (kind_id < 7)
                          Rows Removed by Filter: 1543264
Planning time: 1.218 ms
Execution time: 16438.753 ms
