Hash Join  (cost=100948.70..187651.00 rows=4426 width=0) (actual time=1678.113..3422.718 rows=6870 loops=1)
  Hash Cond: (mk.movie_id = t.id)
  ->  Seq Scan on movie_keyword mk  (cost=0.00..69693.30 rows=4523930 width=4) (actual time=0.023..953.259 rows=4523930 loops=1)
  ->  Hash  (cost=100917.78..100917.78 rows=2474 width=8) (actual time=1677.333..1677.333 rows=3876 loops=1)
        Buckets: 4096  Batches: 1  Memory Usage: 184kB
        ->  Hash Join  (cost=73982.55..100917.78 rows=2474 width=8) (actual time=1093.247..1675.964 rows=3876 loops=1)
              Hash Cond: (mi_idx.movie_id = t.id)
              ->  Seq Scan on movie_info_idx mi_idx  (cost=0.00..21735.35 rows=1380035 width=4) (actual time=0.026..292.471 rows=1380035 loops=1)
              ->  Hash  (cost=73925.90..73925.90 rows=4532 width=4) (actual time=1091.402..1091.402 rows=8098 loops=1)
                    Buckets: 8192  Batches: 1  Memory Usage: 349kB
                    ->  Seq Scan on title t  (cost=0.00..73925.90 rows=4532 width=4) (actual time=268.503..1087.600 rows=8098 loops=1)
                          Filter: ((kind_id = 7) AND (production_year = 1978))
                          Rows Removed by Filter: 2520214
Planning time: 2.221 ms
Execution time: 3423.847 ms
