Hash Join  (cost=102767.86..254674.43 rows=2536089 width=0) (actual time=1955.307..6590.367 rows=2528835 loops=1)
  Hash Cond: (mk.movie_id = t.id)
  ->  Seq Scan on movie_keyword mk  (cost=0.00..81003.12 rows=2536089 width=4) (actual time=0.022..1652.463 rows=2528835 loops=1)
        Filter: (keyword_id > 3522)
        Rows Removed by Filter: 1995095
  ->  Hash  (cost=61283.27..61283.27 rows=2528527 width=4) (actual time=1951.829..1951.829 rows=2528312 loops=1)
        Buckets: 131072  Batches: 64  Memory Usage: 2425kB
        ->  Seq Scan on title t  (cost=0.00..61283.27 rows=2528527 width=4) (actual time=0.016..1070.266 rows=2528312 loops=1)
Planning time: 0.741 ms
Execution time: 6891.178 ms
