Hash Join  (cost=365418.15..1768619.55 rows=35312694 width=0) (actual time=10324.333..59722.011 rows=114492433 loops=1)
  Hash Cond: (ci.movie_id = t.id)
  ->  Seq Scan on cast_info ci  (cost=0.00..705507.15 rows=19737065 width=4) (actual time=1705.030..14376.955 rows=19905634 loops=1)
        Filter: (person_id > 1618420)
        Rows Removed by Filter: 16338710
  ->  Hash  (cost=291197.02..291197.02 rows=4523930 width=8) (actual time=8617.155..8617.155 rows=4523930 loops=1)
        Buckets: 131072  Batches: 64  Memory Usage: 3816kB
        ->  Hash Join  (cost=102767.86..291197.02 rows=4523930 width=8) (actual time=1899.689..7254.397 rows=4523930 loops=1)
              Hash Cond: (mk.movie_id = t.id)
              ->  Seq Scan on movie_keyword mk  (cost=0.00..69693.30 rows=4523930 width=4) (actual time=0.030..1508.765 rows=4523930 loops=1)
              ->  Hash  (cost=61283.27..61283.27 rows=2528527 width=4) (actual time=1898.336..1898.336 rows=2528312 loops=1)
                    Buckets: 131072  Batches: 64  Memory Usage: 2425kB
                    ->  Seq Scan on title t  (cost=0.00..61283.27 rows=2528527 width=4) (actual time=0.020..1038.311 rows=2528312 loops=1)
Planning time: 0.958 ms
Execution time: 71855.460 ms
