Hash Join  (cost=74809.10..131434.12 rows=36206 width=0) (actual time=1338.939..2597.165 rows=21020 loops=1)
  Hash Cond: (mc.movie_id = t.id)
  ->  Seq Scan on movie_companies mc  (cost=0.00..51404.11 rows=1295692 width=4) (actual time=0.013..910.096 rows=1304829 loops=1)
        Filter: (company_id > 11313)
        Rows Removed by Filter: 1304300
  ->  Hash  (cost=73925.90..73925.90 rows=70656 width=4) (actual time=1337.736..1337.736 rows=79548 loops=1)
        Buckets: 131072  Batches: 1  Memory Usage: 3821kB
        ->  Seq Scan on title t  (cost=0.00..73925.90 rows=70656 width=4) (actual time=0.036..1304.707 rows=79548 loops=1)
              Filter: ((kind_id > 1) AND (production_year = 2005))
              Rows Removed by Filter: 2448764
Planning time: 0.732 ms
Execution time: 2600.801 ms
