Nested Loop  (cost=0.43..83072.29 rows=151 width=0) (actual time=0.194..1098.012 rows=3044 loops=1)
  ->  Seq Scan on movie_keyword mk  (cost=0.00..81003.12 rows=246 width=4) (actual time=0.138..1020.732 rows=3713 loops=1)
        Filter: (keyword_id = 1876)
        Rows Removed by Filter: 4520217
  ->  Index Scan using title_pkey on title t  (cost=0.43..8.40 rows=1 width=4) (actual time=0.020..0.020 rows=1 loops=3713)
        Index Cond: (id = mk.movie_id)
        Filter: (production_year < 2007)
        Rows Removed by Filter: 0
Planning time: 2.812 ms
Execution time: 1099.022 ms
