Nested Loop  (cost=0.43..798385.45 rows=276 width=0) (actual time=9820.806..14268.343 rows=25 loops=1)
  ->  Seq Scan on cast_info ci  (cost=0.00..796071.18 rows=276 width=4) (actual time=9820.707..14267.669 rows=25 loops=1)
        Filter: ((role_id < 3) AND (person_id = 154310))
        Rows Removed by Filter: 36244319
  ->  Index Only Scan using title_pkey on title t  (cost=0.43..8.38 rows=1 width=4) (actual time=0.025..0.025 rows=1 loops=25)
        Index Cond: (id = ci.movie_id)
        Heap Fetches: 25
Planning time: 0.745 ms
Execution time: 14268.426 ms
