Hash Join  (cost=1018504.83..3153569.17 rows=85509195 width=0) (actual time=26618.256..87759.571 rows=121015594 loops=1)
  Hash Cond: (ci.movie_id = t.id)
  ->  Seq Scan on cast_info ci  (cost=0.00..796071.18 rows=14669280 width=4) (actual time=1733.588..15490.262 rows=13131017 loops=1)
        Filter: ((person_id > 1928899) AND (role_id < 10))
        Rows Removed by Filter: 23113327
  ->  Hash  (cost=776690.81..776690.81 rows=14739122 width=8) (actual time=24883.683..24883.683 rows=14835720 loops=1)
        Buckets: 131072  Batches: 256  Memory Usage: 3268kB
        ->  Hash Join  (cost=102767.86..776690.81 rows=14739122 width=8) (actual time=1853.232..20421.882 rows=14835720 loops=1)
              Hash Cond: (mi.movie_id = t.id)
              ->  Seq Scan on movie_info mi  (cost=0.00..309384.22 rows=14739122 width=4) (actual time=0.029..6051.373 rows=14835720 loops=1)
              ->  Hash  (cost=61283.27..61283.27 rows=2528527 width=4) (actual time=1851.691..1851.691 rows=2528312 loops=1)
                    Buckets: 131072  Batches: 64  Memory Usage: 2425kB
                    ->  Seq Scan on title t  (cost=0.00..61283.27 rows=2528527 width=4) (actual time=0.019..975.335 rows=2528312 loops=1)
Planning time: 1.166 ms
Execution time: 101657.884 ms
