Seq Scan on movie_keyword mk  (cost=0.00..81003.12 rows=246 width=0) (actual time=40.024..1234.266 rows=39 loops=1)
  Filter: (keyword_id = 6275)
  Rows Removed by Filter: 4523891
Planning time: 0.381 ms
Execution time: 1234.407 ms
