Hash Join  (cost=102767.86..216753.03 rows=2190219 width=0) (actual time=1943.427..5247.600 rows=2189320 loops=1)
  Hash Cond: (mc.movie_id = t.id)
  ->  Seq Scan on movie_companies mc  (cost=0.00..51404.11 rows=2190219 width=4) (actual time=0.024..1102.226 rows=2189320 loops=1)
        Filter: (company_id > 292)
        Rows Removed by Filter: 419809
  ->  Hash  (cost=61283.27..61283.27 rows=2528527 width=4) (actual time=1941.504..1941.504 rows=2528312 loops=1)
        Buckets: 131072  Batches: 64  Memory Usage: 2415kB
        ->  Seq Scan on title t  (cost=0.00..61283.27 rows=2528527 width=4) (actual time=0.023..1097.893 rows=2528312 loops=1)
Planning time: 0.730 ms
Execution time: 5500.035 ms
