Hash Join  (cost=170900.28..927812.84 rows=612337 width=0) (actual time=3089.868..28474.818 rows=4410846 loops=1)
  Hash Cond: (ci.movie_id = t.id)
  ->  Seq Scan on cast_info ci  (cost=0.00..614943.12 rows=36225612 width=4) (actual time=0.016..9044.733 rows=36244344 loops=1)
  ->  Hash  (cost=170366.01..170366.01 rows=42741 width=8) (actual time=3089.208..3089.208 rows=102982 loops=1)
        Buckets: 131072 (originally 65536)  Batches: 2 (originally 1)  Memory Usage: 3073kB
        ->  Hash Join  (cost=83810.17..170366.01 rows=42741 width=8) (actual time=1521.229..3050.472 rows=102982 loops=1)
              Hash Cond: (mk.movie_id = t.id)
              ->  Seq Scan on movie_keyword mk  (cost=0.00..81003.12 rows=109414 width=4) (actual time=0.017..1269.244 rows=121921 loops=1)
                    Filter: (keyword_id < 117)
                    Rows Removed by Filter: 4402009
              ->  Hash  (cost=67604.59..67604.59 rows=987727 width=4) (actual time=1520.029..1520.029 rows=985048 loops=1)
                    Buckets: 131072  Batches: 16  Memory Usage: 3197kB
                    ->  Seq Scan on title t  (cost=0.00..67604.59 rows=987727 width=4) (actual time=0.025..1207.602 rows=985048 loops=1)
                          Filter: (kind_id < 7)
                          Rows Removed by Filter: 1543264
Planning time: 2.010 ms
Execution time: 29030.957 ms
