Hash Join  (cost=110135.42..867024.21 rows=609961 width=0) (actual time=2642.008..28158.192 rows=2487468 loops=1)
  Hash Cond: (ci.movie_id = t.id)
  ->  Seq Scan on cast_info ci  (cost=0.00..614943.12 rows=36225612 width=4) (actual time=0.012..9514.120 rows=36244344 loops=1)
  ->  Hash  (cost=109603.23..109603.23 rows=42575 width=8) (actual time=2641.440..2641.440 rows=99298 loops=1)
        Buckets: 131072 (originally 65536)  Batches: 2 (originally 1)  Memory Usage: 3073kB
        ->  Hash Join  (cost=77815.08..109603.23 rows=42575 width=8) (actual time=1765.901..2603.028 rows=99298 loops=1)
              Hash Cond: (mi_idx.movie_id = t.id)
              ->  Seq Scan on movie_info_idx mi_idx  (cost=0.00..25185.44 rows=454124 width=4) (actual time=0.020..492.341 rows=459925 loops=1)
                    Filter: (info_type_id = 100)
                    Rows Removed by Filter: 920110
              ->  Hash  (cost=73925.90..73925.90 rows=237054 width=4) (actual time=1764.534..1764.534 rows=349645 loops=1)
                    Buckets: 131072 (originally 131072)  Batches: 8 (originally 4)  Memory Usage: 3073kB
                    ->  Seq Scan on title t  (cost=0.00..73925.90 rows=237054 width=4) (actual time=0.100..1150.183 rows=349645 loops=1)
                          Filter: ((kind_id < 7) AND (production_year < 1986))
                          Rows Removed by Filter: 2178667
Planning time: 1.510 ms
Execution time: 28466.455 ms
