Seq Scan on movie_companies mc  (cost=0.00..51404.11 rows=1562315 width=0) (actual time=0.281..883.324 rows=1551642 loops=1)
  Filter: (company_id < 14811)
  Rows Removed by Filter: 1057487
Planning time: 3.561 ms
Execution time: 1075.743 ms
