Seq Scan on movie_companies mc  (cost=0.00..51404.11 rows=1979955 width=0) (actual time=0.015..1018.371 rows=1975918 loops=1)
  Filter: (company_id < 58824)
  Rows Removed by Filter: 633211
Planning time: 0.996 ms
Execution time: 1266.834 ms
