Hash Join  (cost=67697.55..156833.45 rows=6329 width=0) (actual time=1098.773..2823.778 rows=9298 loops=1)
  Hash Cond: (mk.movie_id = t.id)
  ->  Seq Scan on movie_keyword mk  (cost=0.00..81003.12 rows=2151863 width=4) (actual time=0.022..1390.887 rows=2158199 loops=1)
        Filter: (keyword_id < 4102)
        Rows Removed by Filter: 2365731
  ->  Hash  (cost=67604.59..67604.59 rows=7437 width=4) (actual time=1096.204..1096.204 rows=9491 loops=1)
        Buckets: 16384 (originally 8192)  Batches: 1 (originally 1)  Memory Usage: 462kB
        ->  Seq Scan on title t  (cost=0.00..67604.59 rows=7437 width=4) (actual time=0.055..1091.389 rows=9491 loops=1)
              Filter: (production_year = 1957)
              Rows Removed by Filter: 2518821
Planning time: 0.695 ms
Execution time: 2825.272 ms
