Hash Join  (cost=67697.55..905487.78 rows=32467 width=0) (actual time=1066.740..17915.217 rows=113470 loops=1)
  Hash Cond: (ci.movie_id = t.id)
  ->  Seq Scan on cast_info ci  (cost=0.00..796071.18 rows=11038502 width=4) (actual time=25.426..14144.364 rows=12080928 loops=1)
        Filter: ((person_id < 1245139) AND (role_id < 10))
        Rows Removed by Filter: 24163416
  ->  Hash  (cost=67604.59..67604.59 rows=7437 width=4) (actual time=996.093..996.093 rows=20122 loops=1)
        Buckets: 32768 (originally 8192)  Batches: 1 (originally 1)  Memory Usage: 964kB
        ->  Seq Scan on title t  (cost=0.00..67604.59 rows=7437 width=4) (actual time=0.048..986.779 rows=20122 loops=1)
              Filter: (production_year = 1987)
              Rows Removed by Filter: 2508190
Planning time: 0.796 ms
Execution time: 17933.580 ms
