Hash Join  (cost=102767.86..910782.96 rows=85780 width=0) (actual time=6220.298..14059.398 rows=210960 loops=1)
  Hash Cond: (ci.movie_id = t.id)
  ->  Seq Scan on cast_info ci  (cost=0.00..796071.18 rows=85780 width=4) (actual time=4368.221..11653.127 rows=210960 loops=1)
        Filter: ((person_id > 2634944) AND (role_id = 7))
        Rows Removed by Filter: 36033384
  ->  Hash  (cost=61283.27..61283.27 rows=2528527 width=4) (actual time=1850.641..1850.641 rows=2528312 loops=1)
        Buckets: 131072  Batches: 64  Memory Usage: 2415kB
        ->  Seq Scan on title t  (cost=0.00..61283.27 rows=2528527 width=4) (actual time=0.019..1048.500 rows=2528312 loops=1)
Planning time: 0.724 ms
Execution time: 14083.828 ms
