Hash Join  (cost=190230.21..323091.71 rows=1489991 width=0) (actual time=5064.472..9729.797 rows=6287810 loops=1)
  Hash Cond: (mk.movie_id = t.id)
  ->  Seq Scan on movie_keyword mk  (cost=0.00..81003.12 rows=2729990 width=4) (actual time=0.025..1663.710 rows=2724390 loops=1)
        Filter: (keyword_id < 7738)
        Rows Removed by Filter: 1799540
  ->  Hash  (cost=167588.78..167588.78 rows=1380035 width=8) (actual time=5063.207..5063.207 rows=1380035 loops=1)
        Buckets: 131072  Batches: 32  Memory Usage: 2726kB
        ->  Hash Join  (cost=102767.86..167588.78 rows=1380035 width=8) (actual time=2036.469..4674.493 rows=1380035 loops=1)
              Hash Cond: (mi_idx.movie_id = t.id)
              ->  Seq Scan on movie_info_idx mi_idx  (cost=0.00..21735.35 rows=1380035 width=4) (actual time=0.019..431.479 rows=1380035 loops=1)
              ->  Hash  (cost=61283.27..61283.27 rows=2528527 width=4) (actual time=2035.505..2035.505 rows=2528312 loops=1)
                    Buckets: 131072  Batches: 64  Memory Usage: 2415kB
                    ->  Seq Scan on title t  (cost=0.00..61283.27 rows=2528527 width=4) (actual time=0.008..1191.264 rows=2528312 loops=1)
Planning time: 1.114 ms
Execution time: 10498.564 ms
