Hash Join  (cost=122593.72..585534.27 rows=646436 width=0) (actual time=3194.353..15055.044 rows=5168427 loops=1)
  Hash Cond: (mi.movie_id = t.id)
  ->  Seq Scan on movie_info mi  (cost=0.00..346232.03 rows=9476311 width=4) (actual time=0.018..6753.992 rows=9565151 loops=1)
        Filter: (info_type_id < 16)
        Rows Removed by Filter: 5270569
  ->  Hash  (cost=119763.65..119763.65 rows=172486 width=8) (actual time=3193.447..3193.447 rows=398500 loops=1)
        Buckets: 131072 (originally 131072)  Batches: 8 (originally 4)  Memory Usage: 3073kB
        ->  Hash Join  (cost=79111.30..119763.65 rows=172486 width=8) (actual time=1774.130..3057.893 rows=398500 loops=1)
              Hash Cond: (mi_idx.movie_id = t.id)
              ->  Seq Scan on movie_info_idx mi_idx  (cost=0.00..21735.35 rows=1380035 width=4) (actual time=0.009..469.466 rows=1380035 loops=1)
              ->  Hash  (cost=73925.90..73925.90 rows=316032 width=4) (actual time=1773.378..1773.378 rows=400740 loops=1)
                    Buckets: 131072  Batches: 8  Memory Usage: 2793kB
                    ->  Seq Scan on title t  (cost=0.00..73925.90 rows=316032 width=4) (actual time=0.588..1365.880 rows=400740 loops=1)
                          Filter: ((production_year < 2003) AND (kind_id = 1))
                          Rows Removed by Filter: 2127572
Planning time: 1.176 ms
Execution time: 15565.178 ms
