Nested Loop  (cost=0.43..808844.71 rows=3 width=0) (actual time=4902.335..10237.679 rows=1 loops=1)
  ->  Seq Scan on cast_info ci  (cost=0.00..796071.18 rows=1586 width=4) (actual time=2861.175..10225.125 rows=801 loops=1)
        Filter: ((person_id < 744) AND (role_id > 2))
        Rows Removed by Filter: 36243543
  ->  Index Scan using title_pkey on title t  (cost=0.43..8.04 rows=1 width=4) (actual time=0.015..0.015 rows=0 loops=801)
        Index Cond: (id = ci.movie_id)
        Filter: ((kind_id > 1) AND (production_year = 1980))
        Rows Removed by Filter: 1
Planning time: 0.773 ms
Execution time: 10237.788 ms
