Hash Join  (cost=86616.10..1223951.46 rows=8970939 width=0) (actual time=1447.200..34809.235 rows=9220340 loops=1)
  Hash Cond: (ci.movie_id = t.id)
  ->  Seq Scan on cast_info ci  (cost=0.00..705507.15 rows=29327151 width=4) (actual time=0.026..16276.605 rows=29414797 loops=1)
        Filter: (person_id > 660331)
        Rows Removed by Filter: 6829547
  ->  Hash  (cost=73925.90..73925.90 rows=773456 width=4) (actual time=1446.141..1446.141 rows=683462 loops=1)
        Buckets: 131072  Batches: 16  Memory Usage: 2527kB
        ->  Seq Scan on title t  (cost=0.00..73925.90 rows=773456 width=4) (actual time=0.016..1239.148 rows=683462 loops=1)
              Filter: ((kind_id < 7) AND (production_year > 1977))
              Rows Removed by Filter: 1844850
Planning time: 0.812 ms
Execution time: 35868.813 ms
