Seq Scan on cast_info ci  (cost=0.00..796071.18 rows=385323 width=0) (actual time=3418.596..11390.595 rows=721927 loops=1)
  Filter: ((person_id < 101008) AND (role_id < 2))
  Rows Removed by Filter: 35522417
Planning time: 0.344 ms
Execution time: 11481.657 ms
