Nested Loop  (cost=0.43..83071.67 rows=246 width=0) (actual time=0.562..1414.704 rows=4387 loops=1)
  ->  Seq Scan on movie_keyword mk  (cost=0.00..81003.12 rows=246 width=4) (actual time=0.511..1303.825 rows=4387 loops=1)
        Filter: (keyword_id = 20321)
        Rows Removed by Filter: 4519543
  ->  Index Only Scan using title_pkey on title t  (cost=0.43..8.40 rows=1 width=4) (actual time=0.024..0.025 rows=1 loops=4387)
        Index Cond: (id = mk.movie_id)
        Heap Fetches: 4387
Planning time: 7.324 ms
Execution time: 1415.906 ms
