Hash Join  (cost=153461.27..535366.97 rows=13751 width=0) (actual time=3693.709..9999.808 rows=147698 loops=1)
  Hash Cond: (mi.movie_id = t.id)
  ->  Seq Scan on movie_info mi  (cost=0.00..346232.03 rows=9476311 width=4) (actual time=968.965..5870.757 rows=9565151 loops=1)
        Filter: (info_type_id < 16)
        Rows Removed by Filter: 5270569
  ->  Hash  (cost=153415.41..153415.41 rows=3669 width=8) (actual time=2670.115..2670.115 rows=5440 loops=1)
        Buckets: 8192 (originally 4096)  Batches: 1 (originally 1)  Memory Usage: 277kB
        ->  Hash Join  (cost=67697.55..153415.41 rows=3669 width=8) (actual time=1031.620..2667.863 rows=5440 loops=1)
              Hash Cond: (mk.movie_id = t.id)
              ->  Seq Scan on movie_keyword mk  (cost=0.00..81003.12 rows=1247478 width=4) (actual time=0.030..1427.828 rows=1259755 loops=1)
                    Filter: (keyword_id > 14241)
                    Rows Removed by Filter: 3264175
              ->  Hash  (cost=67604.59..67604.59 rows=7437 width=4) (actual time=1029.979..1029.979 rows=10517 loops=1)
                    Buckets: 16384 (originally 8192)  Batches: 1 (originally 1)  Memory Usage: 498kB
                    ->  Seq Scan on title t  (cost=0.00..67604.59 rows=7437 width=4) (actual time=0.097..1024.393 rows=10517 loops=1)
                          Filter: (production_year = 1959)
                          Rows Removed by Filter: 2517795
Planning time: 3.871 ms
Execution time: 10016.400 ms
