Seq Scan on movie_keyword mk  (cost=0.00..81003.12 rows=2590412 width=0) (actual time=0.020..1562.554 rows=2575618 loops=1)
  Filter: (keyword_id > 3371)
  Rows Removed by Filter: 1948312
Planning time: 0.228 ms
Execution time: 1874.328 ms
