Hash Join  (cost=570799.04..1819526.63 rows=5067336 width=0) (actual time=12804.697..41783.521 rows=3003936 loops=1)
  Hash Cond: (ci.movie_id = t.id)
  ->  Seq Scan on cast_info ci  (cost=0.00..796071.18 rows=22442203 width=4) (actual time=0.015..18593.033 rows=22286255 loops=1)
        Filter: ((person_id > 226179) AND (role_id < 4))
        Rows Removed by Filter: 13958089
  ->  Hash  (cost=561431.42..561431.42 rows=570929 width=8) (actual time=12803.979..12803.979 rows=208630 loops=1)
        Buckets: 131072  Batches: 8  Memory Usage: 2050kB
        ->  Hash Join  (cost=75533.21..561431.42 rows=570929 width=8) (actual time=1278.811..12468.445 rows=208630 loops=1)
              Hash Cond: (mi.movie_id = t.id)
              ->  Seq Scan on movie_info mi  (cost=0.00..309384.22 rows=14739122 width=4) (actual time=0.015..6060.536 rows=14835720 loops=1)
              ->  Hash  (cost=73925.90..73925.90 rows=97944 width=4) (actual time=1278.176..1278.176 rows=106247 loops=1)
                    Buckets: 131072  Batches: 2  Memory Usage: 2896kB
                    ->  Seq Scan on title t  (cost=0.00..73925.90 rows=97944 width=4) (actual time=0.022..1233.503 rows=106247 loops=1)
                          Filter: ((kind_id = 7) AND (production_year = 2011))
                          Rows Removed by Filter: 2422065
Planning time: 0.845 ms
Execution time: 42138.978 ms
