Hash Join  (cost=169179.01..525530.65 rows=102576 width=0) (actual time=4925.059..10156.059 rows=213787 loops=1)
  Hash Cond: (mi.movie_id = t.id)
  ->  Seq Scan on movie_info mi  (cost=0.00..346232.03 rows=651960 width=4) (actual time=1555.679..5760.368 rows=660923 loops=1)
        Filter: (info_type_id = 18)
        Rows Removed by Filter: 14174797
  ->  Hash  (cost=162651.20..162651.20 rows=397825 width=8) (actual time=3368.254..3368.254 rows=354056 loops=1)
        Buckets: 131072  Batches: 8  Memory Usage: 2759kB
        ->  Hash Join  (cost=92883.59..162651.20 rows=397825 width=8) (actual time=1573.517..3259.723 rows=354056 loops=1)
              Hash Cond: (mc.movie_id = t.id)
              ->  Seq Scan on movie_companies mc  (cost=0.00..51404.11 rows=652850 width=4) (actual time=0.035..981.958 rows=643047 loops=1)
                    Filter: (company_id < 858)
                    Rows Removed by Filter: 1966082
              ->  Hash  (cost=67604.59..67604.59 rows=1540800 width=4) (actual time=1571.876..1571.876 rows=1543264 loops=1)
                    Buckets: 131072  Batches: 32  Memory Usage: 2722kB
                    ->  Seq Scan on title t  (cost=0.00..67604.59 rows=1540800 width=4) (actual time=0.020..1131.859 rows=1543264 loops=1)
                          Filter: (kind_id = 7)
                          Rows Removed by Filter: 985048
Planning time: 1.203 ms
Execution time: 10181.293 ms
