Hash Join  (cost=197620.12..243080.71 rows=452711 width=0) (actual time=4992.293..6467.626 rows=1166424 loops=1)
  Hash Cond: (mi_idx.movie_id = t.id)
  ->  Seq Scan on movie_info_idx mi_idx  (cost=0.00..21735.35 rows=1380035 width=4) (actual time=0.014..431.906 rows=1380035 loops=1)
  ->  Hash  (cost=184010.79..184010.79 rows=829466 width=8) (actual time=4990.979..4990.979 rows=838142 loops=1)
        Buckets: 131072  Batches: 16  Memory Usage: 3081kB
        ->  Hash Join  (cost=102767.86..184010.79 rows=829466 width=8) (actual time=2625.026..4747.078 rows=838142 loops=1)
              Hash Cond: (mc.movie_id = t.id)
              ->  Seq Scan on movie_companies mc  (cost=0.00..51404.11 rows=829466 width=4) (actual time=0.020..992.382 rows=838142 loops=1)
                    Filter: (company_id > 26417)
                    Rows Removed by Filter: 1770987
              ->  Hash  (cost=61283.27..61283.27 rows=2528527 width=4) (actual time=2624.038..2624.038 rows=2528312 loops=1)
                    Buckets: 131072  Batches: 64  Memory Usage: 2415kB
                    ->  Seq Scan on title t  (cost=0.00..61283.27 rows=2528527 width=4) (actual time=0.037..1129.515 rows=2528312 loops=1)
Planning time: 1.129 ms
Execution time: 6606.706 ms
