Seq Scan on cast_info ci  (cost=0.00..705507.15 rows=7823611 width=0) (actual time=0.020..11184.544 rows=7712425 loops=1)
  Filter: (person_id < 749144)
  Rows Removed by Filter: 28531919
Planning time: 0.331 ms
Execution time: 12144.113 ms
