Hash Join  (cost=271326.16..376941.10 rows=1980600 width=0) (actual time=6056.656..12898.606 rows=15409051 loops=1)
  Hash Cond: (mc.movie_id = t.id)
  ->  Seq Scan on movie_companies mc  (cost=0.00..44881.29 rows=2609129 width=4) (actual time=0.026..991.331 rows=2609129 loops=1)
  ->  Hash  (cost=239835.48..239835.48 rows=1919415 width=8) (actual time=6055.649..6055.649 rows=1931074 loops=1)
        Buckets: 131072  Batches: 32  Memory Usage: 3370kB
        ->  Hash Join  (cost=102767.86..239835.48 rows=1919415 width=8) (actual time=1946.144..5482.717 rows=1931074 loops=1)
              Hash Cond: (mk.movie_id = t.id)
              ->  Seq Scan on movie_keyword mk  (cost=0.00..81003.12 rows=1919415 width=4) (actual time=0.026..1632.546 rows=1931074 loops=1)
                    Filter: (keyword_id > 6919)
                    Rows Removed by Filter: 2592856
              ->  Hash  (cost=61283.27..61283.27 rows=2528527 width=4) (actual time=1944.767..1944.767 rows=2528312 loops=1)
                    Buckets: 131072  Batches: 64  Memory Usage: 2425kB
                    ->  Seq Scan on title t  (cost=0.00..61283.27 rows=2528527 width=4) (actual time=0.014..1089.234 rows=2528312 loops=1)
Planning time: 1.113 ms
Execution time: 14690.112 ms
