Hash Join  (cost=141183.30..168146.59 rows=4918 width=0) (actual time=2454.625..3235.748 rows=73989 loops=1)
  Hash Cond: (mi_idx.movie_id = t.id)
  ->  Seq Scan on movie_info_idx mi_idx  (cost=0.00..25185.44 rows=460978 width=4) (actual time=0.028..519.450 rows=459925 loops=1)
        Filter: (info_type_id < 100)
        Rows Removed by Filter: 920110
  ->  Hash  (cost=140846.09..140846.09 rows=26977 width=8) (actual time=2454.243..2454.243 rows=161930 loops=1)
        Buckets: 131072 (originally 32768)  Batches: 4 (originally 1)  Memory Usage: 3073kB
        ->  Hash Join  (cost=78846.40..140846.09 rows=26977 width=8) (actual time=1699.471..2400.452 rows=161930 loops=1)
              Hash Cond: (mc.movie_id = t.id)
              ->  Seq Scan on movie_companies mc  (cost=0.00..57926.93 rows=227461 width=4) (actual time=345.803..871.825 rows=450942 loops=1)
                    Filter: ((company_id > 77269) AND (company_type_id > 1))
                    Rows Removed by Filter: 2158187
              ->  Hash  (cost=73925.90..73925.90 rows=299880 width=4) (actual time=1211.272..1211.272 rows=391036 loops=1)
                    Buckets: 131072 (originally 131072)  Batches: 8 (originally 4)  Memory Usage: 3073kB
                    ->  Seq Scan on title t  (cost=0.00..73925.90 rows=299880 width=4) (actual time=21.760..1082.900 rows=391036 loops=1)
                          Filter: ((production_year < 2002) AND (kind_id = 1))
                          Rows Removed by Filter: 2137276
Planning time: 1.198 ms
Execution time: 3246.254 ms
