Hash Join  (cost=564137.45..1906708.84 rows=8017210 width=0) (actual time=12812.548..47850.029 rows=19876464 loops=1)
  Hash Cond: (ci.movie_id = t.id)
  ->  Seq Scan on cast_info ci  (cost=0.00..614943.12 rows=36225612 width=4) (actual time=0.022..13405.926 rows=36244344 loops=1)
  ->  Hash  (cost=554956.48..554956.48 rows=559597 width=8) (actual time=12811.504..12811.504 rows=522217 loops=1)
        Buckets: 131072  Batches: 8  Memory Usage: 3708kB
        ->  Hash Join  (cost=69179.59..554956.48 rows=559597 width=8) (actual time=1196.630..12628.228 rows=522217 loops=1)
              Hash Cond: (mi.movie_id = t.id)
              ->  Seq Scan on movie_info mi  (cost=0.00..309384.22 rows=14739122 width=4) (actual time=0.022..6128.704 rows=14835720 loops=1)
              ->  Hash  (cost=67604.59..67604.59 rows=96000 width=4) (actual time=1195.782..1195.782 rows=95005 loops=1)
                    Buckets: 131072  Batches: 2  Memory Usage: 2722kB
                    ->  Seq Scan on title t  (cost=0.00..67604.59 rows=96000 width=4) (actual time=0.028..1157.606 rows=95005 loops=1)
                          Filter: (production_year = 2005)
                          Rows Removed by Filter: 2433307
Planning time: 0.839 ms
Execution time: 50037.615 ms
