Hash Join  (cost=284762.59..914836.45 rows=11277268 width=0) (actual time=6464.563..41148.911 rows=106322642 loops=1)
  Hash Cond: (mi.movie_id = t.id)
  ->  Seq Scan on movie_info mi  (cost=0.00..346232.03 rows=12665229 width=4) (actual time=0.019..6996.729 rows=12744652 loops=1)
        Filter: (info_type_id > 2)
        Rows Removed by Filter: 2091068
  ->  Hash  (cost=247824.72..247824.72 rows=2251430 width=8) (actual time=6463.352..6463.352 rows=2254471 loops=1)
        Buckets: 131072  Batches: 32  Memory Usage: 3841kB
        ->  Hash Join  (cost=102767.86..247824.72 rows=2251430 width=8) (actual time=1911.208..5794.165 rows=2254471 loops=1)
              Hash Cond: (mk.movie_id = t.id)
              ->  Seq Scan on movie_keyword mk  (cost=0.00..81003.12 rows=2251430 width=4) (actual time=0.015..1559.604 rows=2254471 loops=1)
                    Filter: (keyword_id < 4660)
                    Rows Removed by Filter: 2269459
              ->  Hash  (cost=61283.27..61283.27 rows=2528527 width=4) (actual time=1909.410..1909.410 rows=2528312 loops=1)
                    Buckets: 131072  Batches: 64  Memory Usage: 2425kB
                    ->  Seq Scan on title t  (cost=0.00..61283.27 rows=2528527 width=4) (actual time=0.014..1056.520 rows=2528312 loops=1)
Planning time: 1.183 ms
Execution time: 51755.375 ms
