Hash Join  (cost=167764.20..263267.80 rows=106509 width=0) (actual time=4083.450..5987.171 rows=193801 loops=1)
  Hash Cond: (mk.movie_id = t.id)
  ->  Seq Scan on movie_keyword mk  (cost=0.00..81003.12 rows=1077434 width=4) (actual time=0.025..1421.933 rows=1088237 loops=1)
        Filter: (keyword_id > 16264)
        Rows Removed by Filter: 3435693
  ->  Hash  (cost=163662.77..163662.77 rows=249955 width=8) (actual time=4082.455..4082.455 rows=302844 loops=1)
        Buckets: 131072  Batches: 4  Memory Usage: 3990kB
        ->  Hash Join  (cost=98137.04..163662.77 rows=249955 width=8) (actual time=2577.240..3985.735 rows=302844 loops=1)
              Hash Cond: (mc.movie_id = t.id)
              ->  Seq Scan on movie_companies mc  (cost=0.00..51404.11 rows=339613 width=4) (actual time=0.015..802.619 rows=334457 loops=1)
                    Filter: (company_id < 166)
                    Rows Removed by Filter: 2274672
              ->  Hash  (cost=67604.59..67604.59 rows=1860996 width=4) (actual time=2576.566..2576.566 rows=1865487 loops=1)
                    Buckets: 131072  Batches: 32  Memory Usage: 3079kB
                    ->  Seq Scan on title t  (cost=0.00..67604.59 rows=1860996 width=4) (actual time=0.028..1301.979 rows=1865487 loops=1)
                          Filter: (kind_id > 1)
                          Rows Removed by Filter: 662825
Planning time: 2.260 ms
Execution time: 6017.761 ms
