Hash Join  (cost=830994.46..1564627.40 rows=1341628 width=0) (actual time=19119.351..34595.409 rows=11086752 loops=1)
  Hash Cond: (mi.movie_id = t.id)
  ->  Seq Scan on movie_info mi  (cost=0.00..309384.22 rows=14739122 width=4) (actual time=0.015..6335.336 rows=14835720 loops=1)
  ->  Hash  (cost=827217.47..827217.47 rows=230159 width=8) (actual time=19117.924..19117.924 rows=194022 loops=1)
        Buckets: 131072  Batches: 4  Memory Usage: 3012kB
        ->  Hash Join  (cost=74126.72..827217.47 rows=230159 width=8) (actual time=1139.776..18762.118 rows=194022 loops=1)
              Hash Cond: (ci.movie_id = t.id)
              ->  Seq Scan on cast_info ci  (cost=0.00..614943.12 rows=36225612 width=4) (actual time=0.015..9051.372 rows=36244344 loops=1)
              ->  Hash  (cost=73925.90..73925.90 rows=16065 width=4) (actual time=1138.852..1138.852 rows=9704 loops=1)
                    Buckets: 16384  Batches: 1  Memory Usage: 470kB
                    ->  Seq Scan on title t  (cost=0.00..73925.90 rows=16065 width=4) (actual time=0.032..1130.855 rows=9704 loops=1)
                          Filter: ((kind_id = 1) AND (production_year = 2002))
                          Rows Removed by Filter: 2518608
Planning time: 1.315 ms
Execution time: 35896.544 ms
