Seq Scan on movie_keyword mk  (cost=0.00..81003.12 rows=246 width=0) (actual time=83.728..912.569 rows=16 loops=1)
  Filter: (keyword_id = 34760)
  Rows Removed by Filter: 4523914
Planning time: 0.342 ms
Execution time: 912.665 ms
