Seq Scan on cast_info ci  (cost=0.00..796071.18 rows=3720084 width=0) (actual time=354.539..15019.423 rows=1795646 loops=1)
  Filter: ((person_id < 3159828) AND (role_id = 10))
  Rows Removed by Filter: 34448698
Planning time: 0.805 ms
Execution time: 15239.431 ms
