Hash Join  (cost=144828.18..645452.27 rows=1951015 width=0) (actual time=3175.374..18080.346 rows=4664088 loops=1)
  Hash Cond: (mi.movie_id = t.id)
  ->  Seq Scan on movie_info mi  (cost=0.00..309384.22 rows=14739122 width=4) (actual time=0.020..5986.097 rows=14835720 loops=1)
  ->  Hash  (cost=139336.41..139336.41 rows=334701 width=8) (actual time=3174.463..3174.463 rows=325034 loops=1)
        Buckets: 131072  Batches: 8  Memory Usage: 2621kB
        ->  Hash Join  (cost=97725.07..139336.41 rows=334701 width=8) (actual time=1910.878..3071.803 rows=325034 loops=1)
              Hash Cond: (mi_idx.movie_id = t.id)
              ->  Seq Scan on movie_info_idx mi_idx  (cost=0.00..25185.44 rows=460978 width=4) (actual time=0.017..505.255 rows=459925 loops=1)
                    Filter: (info_type_id < 100)
                    Rows Removed by Filter: 920110
              ->  Hash  (cost=67604.59..67604.59 rows=1835879 width=4) (actual time=1909.422..1909.422 rows=1833367 loops=1)
                    Buckets: 131072  Batches: 32  Memory Usage: 3045kB
                    ->  Seq Scan on title t  (cost=0.00..67604.59 rows=1835879 width=4) (actual time=0.019..1345.161 rows=1833367 loops=1)
                          Filter: (production_year > 1986)
                          Rows Removed by Filter: 694945
Planning time: 1.730 ms
Execution time: 18588.766 ms
