Seq Scan on cast_info ci  (cost=0.00..796071.18 rows=6672197 width=0) (actual time=0.905..12697.745 rows=2834249 loops=1)
  Filter: ((person_id < 995056) AND (role_id > 1))
  Rows Removed by Filter: 33410095
Planning time: 0.356 ms
Execution time: 13051.584 ms
