Hash Join  (cost=76216.59..1130562.34 rows=1999658 width=0) (actual time=1154.036..25857.278 rows=113617 loops=1)
  Hash Cond: (ci.movie_id = t.id)
  ->  Seq Scan on cast_info ci  (cost=0.00..614943.12 rows=36225612 width=4) (actual time=0.023..12965.216 rows=36244344 loops=1)
  ->  Hash  (cost=73925.90..73925.90 rows=139575 width=4) (actual time=1151.521..1151.521 rows=16104 loops=1)
        Buckets: 131072  Batches: 2  Memory Usage: 1309kB
        ->  Seq Scan on title t  (cost=0.00..73925.90 rows=139575 width=4) (actual time=0.033..1144.232 rows=16104 loops=1)
              Filter: ((kind_id > 1) AND (production_year < 1954))
              Rows Removed by Filter: 2512208
Planning time: 0.766 ms
Execution time: 25874.812 ms
