Hash Join  (cost=89762.59..812986.06 rows=393068 width=0) (actual time=9725.607..13555.231 rows=325047 loops=1)
  Hash Cond: (ci.movie_id = t.id)
  ->  Seq Scan on cast_info ci  (cost=0.00..705507.15 rows=735904 width=4) (actual time=8040.400..11147.955 rows=766533 loops=1)
        Filter: (person_id > 3914798)
        Rows Removed by Filter: 35477811
  ->  Hash  (cost=67604.59..67604.59 rows=1350560 width=4) (actual time=1683.721..1683.721 rows=1348293 loops=1)
        Buckets: 131072  Batches: 32  Memory Usage: 2505kB
        ->  Seq Scan on title t  (cost=0.00..67604.59 rows=1350560 width=4) (actual time=0.014..1239.027 rows=1348293 loops=1)
              Filter: (production_year < 2005)
              Rows Removed by Filter: 1180019
Planning time: 0.741 ms
Execution time: 13592.361 ms
