Hash Join  (cost=102767.86..1157553.13 rows=10341175 width=0) (actual time=8742.504..28250.213 rows=12507380 loops=1)
  Hash Cond: (ci.movie_id = t.id)
  ->  Seq Scan on cast_info ci  (cost=0.00..796071.18 rows=10341175 width=4) (actual time=6888.211..16449.704 rows=12507380 loops=1)
        Filter: ((person_id > 1290151) AND (role_id > 2))
        Rows Removed by Filter: 23736964
  ->  Hash  (cost=61283.27..61283.27 rows=2528527 width=4) (actual time=1853.339..1853.339 rows=2528312 loops=1)
        Buckets: 131072  Batches: 64  Memory Usage: 2415kB
        ->  Seq Scan on title t  (cost=0.00..61283.27 rows=2528527 width=4) (actual time=0.017..1032.748 rows=2528312 loops=1)
Planning time: 0.528 ms
Execution time: 29597.693 ms
