Seq Scan on movie_keyword mk  (cost=0.00..81003.12 rows=4267732 width=0) (actual time=0.025..1615.819 rows=4268082 loops=1)
  Filter: (keyword_id < 59978)
  Rows Removed by Filter: 255848
Planning time: 3.192 ms
Execution time: 2152.928 ms
