Seq Scan on cast_info ci  (cost=0.00..796071.18 rows=176 width=0) (actual time=6975.401..10953.563 rows=56 loops=1)
  Filter: ((person_id = 1167867) AND (role_id = 1))
  Rows Removed by Filter: 36244288
Planning time: 0.386 ms
Execution time: 10953.673 ms
