Seq Scan on movie_keyword mk  (cost=0.00..81003.12 rows=499753 width=0) (actual time=0.027..1294.686 rows=502130 loops=1)
  Filter: (keyword_id < 362)
  Rows Removed by Filter: 4021800
Planning time: 0.275 ms
Execution time: 1359.315 ms
