Hash Join  (cost=198316.49..723526.86 rows=4255244 width=0) (actual time=4346.695..18586.871 rows=4979380 loops=1)
  Hash Cond: (mi.movie_id = t.id)
  ->  Seq Scan on movie_info mi  (cost=0.00..309384.22 rows=14739122 width=4) (actual time=0.025..5724.650 rows=14835720 loops=1)
  ->  Hash  (cost=186339.54..186339.54 rows=729996 width=8) (actual time=4345.619..4345.619 rows=565763 loops=1)
        Buckets: 131072  Batches: 16  Memory Usage: 2405kB
        ->  Hash Join  (cost=100032.85..186339.54 rows=729996 width=8) (actual time=1984.482..4188.177 rows=565763 loops=1)
              Hash Cond: (mc.movie_id = t.id)
              ->  Seq Scan on movie_companies mc  (cost=0.00..57926.93 rows=1159959 width=4) (actual time=0.027..1139.411 rows=1265771 loops=1)
                    Filter: ((company_id > 160) AND (company_type_id > 1))
                    Rows Removed by Filter: 1343358
              ->  Hash  (cost=73925.90..73925.90 rows=1591276 width=4) (actual time=1983.121..1983.121 rows=1709435 loops=1)
                    Buckets: 131072  Batches: 32  Memory Usage: 2907kB
                    ->  Seq Scan on title t  (cost=0.00..73925.90 rows=1591276 width=4) (actual time=0.023..1413.933 rows=1709435 loops=1)
                          Filter: ((kind_id > 1) AND (production_year > 1964))
                          Rows Removed by Filter: 818877
Planning time: 2.660 ms
Execution time: 19145.988 ms
