Hash Join  (cost=67976.49..155980.50 rows=21299 width=0) (actual time=1103.446..2857.502 rows=25147 loops=1)
  Hash Cond: (mk.movie_id = t.id)
  ->  Seq Scan on movie_keyword mk  (cost=0.00..81003.12 rows=1810106 width=4) (actual time=0.020..1434.556 rows=1809943 loops=1)
        Filter: (keyword_id > 7666)
        Rows Removed by Filter: 2713987
  ->  Hash  (cost=67604.59..67604.59 rows=29752 width=4) (actual time=1102.983..1102.983 rows=30027 loops=1)
        Buckets: 32768  Batches: 1  Memory Usage: 1312kB
        ->  Seq Scan on title t  (cost=0.00..67604.59 rows=29752 width=4) (actual time=0.031..1089.236 rows=30027 loops=1)
              Filter: (production_year = 1994)
              Rows Removed by Filter: 2498285
Planning time: 0.663 ms
Execution time: 2861.205 ms
