Seq Scan on movie_companies mc  (cost=0.00..51404.11 rows=104 width=0) (actual time=0.863..787.796 rows=357 loops=1)
  Filter: (company_id = 1649)
  Rows Removed by Filter: 2608772
Planning time: 0.344 ms
Execution time: 787.944 ms
