Seq Scan on movie_companies mc  (cost=0.00..51404.11 rows=2348 width=0) (actual time=4.157..769.561 rows=2500 loops=1)
  Filter: (company_id = 14490)
  Rows Removed by Filter: 2606629
Planning time: 0.321 ms
Execution time: 770.143 ms
