Seq Scan on movie_keyword mk  (cost=0.00..81003.12 rows=1709503 width=0) (actual time=0.024..1319.064 rows=1715538 loops=1)
  Filter: (keyword_id < 2750)
  Rows Removed by Filter: 2808392
Planning time: 0.299 ms
Execution time: 1538.605 ms
