Hash Join  (cost=83074.74..434079.80 rows=124 width=0) (actual time=5066.333..6112.557 rows=243 loops=1)
  Hash Cond: (mi.movie_id = t.id)
  ->  Seq Scan on movie_info mi  (cost=0.00..346232.03 rows=1272478 width=4) (actual time=3826.849..4729.011 rows=1325361 loops=1)
        Filter: (info_type_id = 8)
        Rows Removed by Filter: 13510359
  ->  Hash  (cost=83071.67..83071.67 rows=246 width=8) (actual time=1214.046..1214.046 rows=189 loops=1)
        Buckets: 1024  Batches: 1  Memory Usage: 16kB
        ->  Nested Loop  (cost=0.43..83071.67 rows=246 width=8) (actual time=6.007..1213.788 rows=189 loops=1)
              ->  Seq Scan on movie_keyword mk  (cost=0.00..81003.12 rows=246 width=4) (actual time=5.863..1189.881 rows=189 loops=1)
                    Filter: (keyword_id = 14441)
                    Rows Removed by Filter: 4523741
              ->  Index Only Scan using title_pkey on title t  (cost=0.43..8.40 rows=1 width=4) (actual time=0.122..0.123 rows=1 loops=189)
                    Index Cond: (id = mk.movie_id)
                    Heap Fetches: 189
Planning time: 1.157 ms
Execution time: 6112.745 ms
