Hash Join  (cost=103634.05..663267.63 rows=2552097 width=169) (actual time=2638.193..15146.089 rows=898244 loops=1)
  Hash Cond: (mi.movie_id = t.id)
  ->  Seq Scan on movie_info mi  (cost=0.00..346232.03 rows=5897221 width=75) (actual time=680.828..7599.262 rows=5884963 loops=1)
        Filter: (info_type_id < 7)
        Rows Removed by Filter: 8950757
  ->  Hash  (cost=73925.90..73925.90 rows=1094252 width=94) (actual time=1956.714..1956.714 rows=1044222 loops=1)
        Buckets: 32768  Batches: 64  Memory Usage: 2124kB
        ->  Seq Scan on title t  (cost=0.00..73925.90 rows=1094252 width=94) (actual time=0.026..1471.891 rows=1044222 loops=1)
              Filter: ((production_year < 2009) AND (kind_id = 7))
              Rows Removed by Filter: 1484090
Planning time: 0.958 ms
Execution time: 15193.868 ms
