Hash Join  (cost=87273.01..174018.18 rows=8713 width=0) (actual time=885.480..2686.086 rows=108303 loops=1)
  Hash Cond: (mk.movie_id = t.id)
  ->  Seq Scan on movie_keyword mk  (cost=0.00..69693.30 rows=4523930 width=4) (actual time=0.012..972.589 rows=4523930 loops=1)
  ->  Hash  (cost=87212.14..87212.14 rows=4870 width=8) (actual time=885.186..885.186 rows=3986 loops=1)
        Buckets: 8192  Batches: 1  Memory Usage: 220kB
        ->  Nested Loop  (cost=0.43..87212.14 rows=4870 width=8) (actual time=0.074..883.079 rows=3986 loops=1)
              ->  Seq Scan on movie_companies mc  (cost=0.00..51404.11 rows=4870 width=4) (actual time=0.028..795.825 rows=3986 loops=1)
                    Filter: (company_id = 1684)
                    Rows Removed by Filter: 2605143
              ->  Index Only Scan using title_pkey on title t  (cost=0.43..7.34 rows=1 width=4) (actual time=0.021..0.021 rows=1 loops=3986)
                    Index Cond: (id = mc.movie_id)
                    Heap Fetches: 3986
Planning time: 0.814 ms
Execution time: 2700.169 ms
