Hash Join  (cost=92508.29..183669.77 rows=1168695 width=0) (actual time=2264.791..4380.447 rows=460263 loops=1)
  Hash Cond: (mc.movie_id = t.id)
  ->  Seq Scan on movie_companies mc  (cost=0.00..44881.29 rows=2609129 width=4) (actual time=0.025..886.686 rows=2609129 loops=1)
  ->  Hash  (cost=73925.90..73925.90 rows=1132591 width=4) (actual time=1769.590..1769.590 rows=1224674 loops=1)
        Buckets: 131072  Batches: 16  Memory Usage: 3727kB
        ->  Seq Scan on title t  (cost=0.00..73925.90 rows=1132591 width=4) (actual time=99.394..1401.817 rows=1224674 loops=1)
              Filter: ((production_year > 1985) AND (kind_id = 7))
              Rows Removed by Filter: 1303638
Planning time: 0.702 ms
Execution time: 4430.777 ms
