Seq Scan on cast_info ci  (cost=0.00..796071.18 rows=3962508 width=0) (actual time=6498.952..13679.696 rows=1738019 loops=1)
  Filter: ((person_id < 1958734) AND (role_id = 2))
  Rows Removed by Filter: 34506325
Planning time: 0.404 ms
Execution time: 13904.105 ms
