Hash Join  (cost=102767.86..180555.54 rows=685881 width=0) (actual time=2789.438..4705.814 rows=679476 loops=1)
  Hash Cond: (mc.movie_id = t.id)
  ->  Seq Scan on movie_companies mc  (cost=0.00..51404.11 rows=685881 width=4) (actual time=0.033..873.464 rows=679476 loops=1)
        Filter: (company_id < 1135)
        Rows Removed by Filter: 1929653
  ->  Hash  (cost=61283.27..61283.27 rows=2528527 width=4) (actual time=2787.967..2787.967 rows=2528312 loops=1)
        Buckets: 131072  Batches: 64  Memory Usage: 2415kB
        ->  Seq Scan on title t  (cost=0.00..61283.27 rows=2528527 width=4) (actual time=0.020..1187.335 rows=2528312 loops=1)
Planning time: 0.657 ms
Execution time: 4789.287 ms
