Nested Loop  (cost=0.43..709673.15 rows=305 width=0) (actual time=1835.458..9964.219 rows=108 loops=1)
  ->  Seq Scan on cast_info ci  (cost=0.00..705507.15 rows=500 width=4) (actual time=1835.331..9962.703 rows=110 loops=1)
        Filter: (person_id = 3859494)
        Rows Removed by Filter: 36244234
  ->  Index Scan using title_pkey on title t  (cost=0.43..8.32 rows=1 width=4) (actual time=0.013..0.013 rows=1 loops=110)
        Index Cond: (id = ci.movie_id)
        Filter: (kind_id = 7)
        Rows Removed by Filter: 0
Planning time: 0.732 ms
Execution time: 9964.349 ms
