Hash Join  (cost=113682.82..201575.24 rows=123439 width=0) (actual time=1873.762..4549.473 rows=953258 loops=1)
  Hash Cond: (mk.movie_id = t.id)
  ->  Seq Scan on movie_keyword mk  (cost=0.00..69693.30 rows=4523930 width=4) (actual time=0.027..1056.053 rows=4523930 loops=1)
  ->  Hash  (cost=112820.40..112820.40 rows=68993 width=8) (actual time=1872.714..1872.714 rows=90772 loops=1)
        Buckets: 131072 (originally 131072)  Batches: 2 (originally 1)  Memory Usage: 3073kB
        ->  Hash Join  (cost=80135.37..112820.40 rows=68993 width=8) (actual time=1139.012..1839.843 rows=90772 loops=1)
              Hash Cond: (mi_idx.movie_id = t.id)
              ->  Seq Scan on movie_info_idx mi_idx  (cost=0.00..25185.44 rows=460978 width=4) (actual time=0.027..448.728 rows=459925 loops=1)
                    Filter: (info_type_id = 99)
                    Rows Removed by Filter: 920110
              ->  Hash  (cost=73925.90..73925.90 rows=378437 width=4) (actual time=1138.069..1138.069 rows=282115 loops=1)
                    Buckets: 131072  Batches: 8  Memory Usage: 2266kB
                    ->  Seq Scan on title t  (cost=0.00..73925.90 rows=378437 width=4) (actual time=0.022..1049.087 rows=282115 loops=1)
                          Filter: ((kind_id < 2) AND (production_year > 1999))
                          Rows Removed by Filter: 2246197
Planning time: 1.132 ms
Execution time: 4668.668 ms
