Hash Join  (cost=58375.85..423034.86 rows=309 width=0) (actual time=961.231..6932.099 rows=2428 loops=1)
  Hash Cond: (mi.movie_id = t.id)
  ->  Seq Scan on movie_info mi  (cost=0.00..309384.22 rows=14739122 width=4) (actual time=0.017..3681.878 rows=14835720 loops=1)
  ->  Hash  (cost=58375.18..58375.18 rows=53 width=8) (actual time=957.959..957.959 rows=133 loops=1)
        Buckets: 1024  Batches: 1  Memory Usage: 14kB
        ->  Nested Loop  (cost=0.43..58375.18 rows=53 width=8) (actual time=6.409..957.831 rows=133 loops=1)
              ->  Seq Scan on movie_companies mc  (cost=0.00..57926.93 rows=53 width=4) (actual time=6.320..953.642 rows=133 loops=1)
                    Filter: ((company_type_id > 1) AND (company_id = 1479))
                    Rows Removed by Filter: 2608996
              ->  Index Only Scan using title_pkey on title t  (cost=0.43..8.45 rows=1 width=4) (actual time=0.029..0.029 rows=1 loops=133)
                    Index Cond: (id = mc.movie_id)
                    Heap Fetches: 133
Planning time: 1.052 ms
Execution time: 6932.811 ms
