Hash Join  (cost=129965.15..477527.39 rows=5344 width=0) (actual time=2517.221..7696.736 rows=8423 loops=1)
  Hash Cond: (mi.movie_id = t.id)
  ->  Seq Scan on movie_info mi  (cost=0.00..346232.03 rows=340474 width=4) (actual time=0.024..5098.672 rows=328857 loops=1)
        Filter: (info_type_id = 98)
        Rows Removed by Filter: 14506863
  ->  Hash  (cost=129469.06..129469.06 rows=39687 width=8) (actual time=2516.722..2516.722 rows=27069 loops=1)
        Buckets: 65536  Batches: 1  Memory Usage: 1570kB
        ->  Hash Join  (cost=74406.67..129469.06 rows=39687 width=8) (actual time=1234.632..2505.750 rows=27069 loops=1)
              Hash Cond: (mc.movie_id = t.id)
              ->  Seq Scan on movie_companies mc  (cost=0.00..44881.29 rows=2609129 width=4) (actual time=0.013..579.334 rows=2609129 loops=1)
              ->  Hash  (cost=73925.90..73925.90 rows=38461 width=4) (actual time=1234.283..1234.283 rows=44913 loops=1)
                    Buckets: 65536  Batches: 1  Memory Usage: 2091kB
                    ->  Seq Scan on title t  (cost=0.00..73925.90 rows=38461 width=4) (actual time=0.029..1214.263 rows=44913 loops=1)
                          Filter: ((kind_id > 1) AND (production_year = 2000))
                          Rows Removed by Filter: 2483399
Planning time: 1.093 ms
Execution time: 7698.104 ms
