Hash Join  (cost=82997.89..503760.34 rows=1151052 width=0) (actual time=1671.552..10187.483 rows=665155 loops=1)
  Hash Cond: (mi.movie_id = t.id)
  ->  Seq Scan on movie_info mi  (cost=0.00..346232.03 rows=5263441 width=4) (actual time=271.665..6195.233 rows=5270569 loops=1)
        Filter: (info_type_id > 15)
        Rows Removed by Filter: 9565151
  ->  Hash  (cost=73925.90..73925.90 rows=552959 width=4) (actual time=1398.636..1398.636 rows=424680 loops=1)
        Buckets: 131072  Batches: 8  Memory Usage: 2887kB
        ->  Seq Scan on title t  (cost=0.00..73925.90 rows=552959 width=4) (actual time=0.030..1253.865 rows=424680 loops=1)
              Filter: ((kind_id > 1) AND (production_year < 1993))
              Rows Removed by Filter: 2103632
Planning time: 0.591 ms
Execution time: 10267.427 ms
