Hash Join  (cost=156487.41..230303.13 rows=280694 width=0) (actual time=3319.287..5417.671 rows=741460 loops=1)
  Hash Cond: (mc.movie_id = t.id)
  ->  Seq Scan on movie_companies mc  (cost=0.00..51404.11 rows=1539643 width=4) (actual time=0.027..1214.139 rows=1541678 loops=1)
        Filter: (company_id > 6476)
        Rows Removed by Filter: 1067451
  ->  Hash  (cost=148924.19..148924.19 rows=460978 width=8) (actual time=3318.439..3318.439 rows=459925 loops=1)
        Buckets: 131072  Batches: 8  Memory Usage: 3275kB
        ->  Hash Join  (cost=102767.86..148924.19 rows=460978 width=8) (actual time=1883.349..3186.552 rows=459925 loops=1)
              Hash Cond: (mi_idx.movie_id = t.id)
              ->  Seq Scan on movie_info_idx mi_idx  (cost=0.00..25185.44 rows=460978 width=4) (actual time=0.006..533.813 rows=459925 loops=1)
                    Filter: (info_type_id = 99)
                    Rows Removed by Filter: 920110
              ->  Hash  (cost=61283.27..61283.27 rows=2528527 width=4) (actual time=1882.517..1882.517 rows=2528312 loops=1)
                    Buckets: 131072  Batches: 64  Memory Usage: 2415kB
                    ->  Seq Scan on title t  (cost=0.00..61283.27 rows=2528527 width=4) (actual time=0.015..1064.646 rows=2528312 loops=1)
Planning time: 2.781 ms
Execution time: 5492.703 ms
