Hash Join  (cost=200324.77..341865.12 rows=1603632 width=0) (actual time=4324.684..10820.993 rows=11918935 loops=1)
  Hash Cond: (mk.movie_id = t.id)
  ->  Seq Scan on movie_keyword mk  (cost=0.00..69693.30 rows=4523930 width=4) (actual time=0.015..1318.362 rows=4523930 loops=1)
  ->  Hash  (cost=185618.94..185618.94 rows=896306 width=8) (actual time=4323.532..4323.532 rows=892966 loops=1)
        Buckets: 131072  Batches: 16  Memory Usage: 3222kB
        ->  Hash Join  (cost=102767.86..185618.94 rows=896306 width=8) (actual time=1987.738..4067.911 rows=892966 loops=1)
              Hash Cond: (mc.movie_id = t.id)
              ->  Seq Scan on movie_companies mc  (cost=0.00..51404.11 rows=896306 width=4) (actual time=0.021..960.380 rows=892966 loops=1)
                    Filter: (company_id < 2805)
                    Rows Removed by Filter: 1716163
              ->  Hash  (cost=61283.27..61283.27 rows=2528527 width=4) (actual time=1985.568..1985.568 rows=2528312 loops=1)
                    Buckets: 131072  Batches: 64  Memory Usage: 2415kB
                    ->  Seq Scan on title t  (cost=0.00..61283.27 rows=2528527 width=4) (actual time=0.015..1155.315 rows=2528312 loops=1)
Planning time: 1.169 ms
Execution time: 12266.060 ms
