Seq Scan on movie_keyword mk  (cost=0.00..81003.12 rows=246 width=0) (actual time=17.847..1206.933 rows=73 loops=1)
  Filter: (keyword_id = 62120)
  Rows Removed by Filter: 4523857
Planning time: 0.349 ms
Execution time: 1207.089 ms
