Seq Scan on movie_keyword mk  (cost=0.00..81003.12 rows=3360784 width=0) (actual time=0.024..1438.166 rows=3344818 loops=1)
  Filter: (keyword_id < 15831)
  Rows Removed by Filter: 1179112
Planning time: 0.313 ms
Execution time: 1835.101 ms
