Seq Scan on movie_companies mc  (cost=0.00..57926.93 rows=892733 width=0) (actual time=213.536..1027.274 rows=1085081 loops=1)
  Filter: ((company_id > 2383) AND (company_type_id = 2))
  Rows Removed by Filter: 1524048
Planning time: 0.398 ms
Execution time: 1166.381 ms
