Seq Scan on movie_keyword mk  (cost=0.00..81003.12 rows=2357028 width=0) (actual time=0.026..1598.901 rows=2357889 loops=1)
  Filter: (keyword_id < 5299)
  Rows Removed by Filter: 2166041
Planning time: 0.319 ms
Execution time: 1894.866 ms
