Hash Join  (cost=102767.86..186751.39 rows=672283 width=0) (actual time=2040.004..3909.219 rows=916031 loops=1)
  Hash Cond: (mc.movie_id = t.id)
  ->  Seq Scan on movie_companies mc  (cost=0.00..57926.93 rows=672283 width=4) (actual time=170.322..1039.106 rows=916031 loops=1)
        Filter: ((company_id < 11656) AND (company_type_id < 2))
        Rows Removed by Filter: 1693098
  ->  Hash  (cost=61283.27..61283.27 rows=2528527 width=4) (actual time=1868.294..1868.294 rows=2528312 loops=1)
        Buckets: 131072  Batches: 64  Memory Usage: 2415kB
        ->  Seq Scan on title t  (cost=0.00..61283.27 rows=2528527 width=4) (actual time=0.022..1037.100 rows=2528312 loops=1)
Planning time: 2.288 ms
Execution time: 4002.114 ms
