Hash Join  (cost=83265.76..180598.36 rows=229869 width=0) (actual time=1463.349..3427.805 rows=49454 loops=1)
  Hash Cond: (mk.movie_id = t.id)
  ->  Seq Scan on movie_keyword mk  (cost=0.00..81003.12 rows=1021011 width=4) (actual time=0.024..1443.448 rows=1024156 loops=1)
        Filter: (keyword_id < 1002)
        Rows Removed by Filter: 3499774
  ->  Hash  (cost=73925.90..73925.90 rows=569268 width=4) (actual time=1461.524..1461.524 rows=460200 loops=1)
        Buckets: 131072  Batches: 8  Memory Usage: 3037kB
        ->  Seq Scan on title t  (cost=0.00..73925.90 rows=569268 width=4) (actual time=0.019..1279.116 rows=460200 loops=1)
              Filter: ((kind_id > 4) AND (production_year < 1998))
              Rows Removed by Filter: 2068112
Planning time: 0.691 ms
Execution time: 3434.131 ms
