Seq Scan on movie_keyword mk  (cost=0.00..81003.12 rows=3561082 width=0) (actual time=0.014..1489.179 rows=3552262 loops=1)
  Filter: (keyword_id < 19426)
  Rows Removed by Filter: 971668
Planning time: 0.322 ms
Execution time: 1902.970 ms
