Seq Scan on movie_companies mc  (cost=0.00..51404.11 rows=1259208 width=0) (actual time=0.020..888.750 rows=1253304 loops=1)
  Filter: (company_id < 11156)
  Rows Removed by Filter: 1355825
Planning time: 0.321 ms
Execution time: 1049.082 ms
