Seq Scan on movie_companies mc  (cost=0.00..57926.93 rows=526205 width=0) (actual time=366.513..936.958 rows=239209 loops=1)
  Filter: ((company_id > 14294) AND (company_type_id = 1))
  Rows Removed by Filter: 2369920
Planning time: 0.374 ms
Execution time: 966.361 ms
