Hash Join  (cost=187000.83..218345.54 rows=26361 width=0) (actual time=3537.958..4206.050 rows=10723 loops=1)
  Hash Cond: (mi_idx.movie_id = t.id)
  ->  Seq Scan on movie_info_idx mi_idx  (cost=0.00..25185.44 rows=460978 width=4) (actual time=0.020..510.226 rows=459925 loops=1)
        Filter: (info_type_id < 100)
        Rows Removed by Filter: 920110
  ->  Hash  (cost=184628.41..184628.41 rows=144593 width=8) (actual time=3536.741..3536.741 rows=18724 loops=1)
        Buckets: 131072  Batches: 2  Memory Usage: 1384kB
        ->  Hash Join  (cost=93093.72..184628.41 rows=144593 width=8) (actual time=1989.457..3529.429 rows=18724 loops=1)
              Hash Cond: (mk.movie_id = t.id)
              ->  Seq Scan on movie_keyword mk  (cost=0.00..81003.12 rows=235327 width=4) (actual time=169.759..1343.863 rows=235761 loops=1)
                    Filter: (keyword_id > 62550)
                    Rows Removed by Filter: 4288169
              ->  Hash  (cost=67604.59..67604.59 rows=1553611 width=4) (actual time=1817.860..1817.860 rows=1555864 loops=1)
                    Buckets: 131072  Batches: 32  Memory Usage: 2740kB
                    ->  Seq Scan on title t  (cost=0.00..67604.59 rows=1553611 width=4) (actual time=0.029..1300.918 rows=1555864 loops=1)
                          Filter: (kind_id > 4)
                          Rows Removed by Filter: 972448
Planning time: 1.125 ms
Execution time: 4207.874 ms
