Hash Join  (cost=87539.85..122870.51 rows=152572 width=0) (actual time=1478.312..2444.779 rows=264132 loops=1)
  Hash Cond: (mi_idx.movie_id = t.id)
  ->  Seq Scan on movie_info_idx mi_idx  (cost=0.00..25185.44 rows=464934 width=4) (actual time=0.026..501.721 rows=460185 loops=1)
        Filter: (info_type_id > 100)
        Rows Removed by Filter: 919850
  ->  Hash  (cost=73925.90..73925.90 rows=829756 width=4) (actual time=1477.309..1477.309 rows=744086 loops=1)
        Buckets: 131072  Batches: 16  Memory Usage: 2662kB
        ->  Seq Scan on title t  (cost=0.00..73925.90 rows=829756 width=4) (actual time=0.018..1245.217 rows=744086 loops=1)
              Filter: ((kind_id < 7) AND (production_year > 1967))
              Rows Removed by Filter: 1784226
Planning time: 0.741 ms
Execution time: 2476.315 ms
