Nested Loop  (cost=0.43..83071.67 rows=246 width=0) (actual time=1.283..1320.202 rows=895 loops=1)
  ->  Seq Scan on movie_keyword mk  (cost=0.00..81003.12 rows=246 width=4) (actual time=1.220..1286.253 rows=895 loops=1)
        Filter: (keyword_id = 3483)
        Rows Removed by Filter: 4523035
  ->  Index Only Scan using title_pkey on title t  (cost=0.43..8.40 rows=1 width=4) (actual time=0.036..0.036 rows=1 loops=895)
        Index Cond: (id = mk.movie_id)
        Heap Fetches: 895
Planning time: 4.118 ms
Execution time: 1320.617 ms
