Seq Scan on cast_info ci  (cost=0.00..705507.15 rows=500 width=0) (actual time=3225.073..10944.108 rows=12 loops=1)
  Filter: (person_id = 3005049)
  Rows Removed by Filter: 36244332
Planning time: 0.295 ms
Execution time: 10944.194 ms
