Hash Join  (cost=87245.25..193930.71 rows=610202 width=0) (actual time=1450.510..4018.701 rows=779872 loops=1)
  Hash Cond: (mk.movie_id = t.id)
  ->  Seq Scan on movie_keyword mk  (cost=0.00..81003.12 rows=1288883 width=4) (actual time=0.022..1563.682 rows=1300130 loops=1)
        Filter: (keyword_id > 13564)
        Rows Removed by Filter: 3223800
  ->  Hash  (cost=67604.59..67604.59 rows=1197093 width=4) (actual time=1449.425..1449.425 rows=1195923 loops=1)
        Buckets: 131072  Batches: 16  Memory Usage: 3661kB
        ->  Seq Scan on title t  (cost=0.00..67604.59 rows=1197093 width=4) (actual time=0.038..1080.474 rows=1195923 loops=1)
              Filter: (production_year < 2003)
              Rows Removed by Filter: 1332389
Planning time: 0.799 ms
Execution time: 4111.086 ms
