Hash Join  (cost=176075.94..1301084.22 rows=8878411 width=0) (actual time=4214.109..47092.566 rows=41534614 loops=1)
  Hash Cond: (ci.movie_id = t.id)
  ->  Seq Scan on cast_info ci  (cost=0.00..614943.12 rows=36225612 width=4) (actual time=0.019..13430.296 rows=36244344 loops=1)
  ->  Hash  (cost=165908.59..165908.59 rows=619708 width=8) (actual time=4213.221..4213.221 rows=1081635 loops=1)
        Buckets: 131072  Batches: 16  Memory Usage: 3654kB
        ->  Hash Join  (cost=78556.72..165908.59 rows=619708 width=8) (actual time=1301.195..3903.152 rows=1081635 loops=1)
              Hash Cond: (mc.movie_id = t.id)
              ->  Seq Scan on movie_companies mc  (cost=0.00..51404.11 rows=2347380 width=4) (actual time=0.020..1085.130 rows=2343138 loops=1)
                    Filter: (company_id < 98476)
                    Rows Removed by Filter: 265991
              ->  Hash  (cost=67604.59..67604.59 rows=667531 width=4) (actual time=1300.277..1300.277 rows=662825 loops=1)
                    Buckets: 131072  Batches: 16  Memory Usage: 2476kB
                    ->  Seq Scan on title t  (cost=0.00..67604.59 rows=667531 width=4) (actual time=5.979..1103.245 rows=662825 loops=1)
                          Filter: (kind_id = 1)
                          Rows Removed by Filter: 1865487
Planning time: 1.151 ms
Execution time: 51429.759 ms
