Hash Join  (cost=193796.82..734084.07 rows=5668232 width=0) (actual time=4670.845..31268.341 rows=59978596 loops=1)
  Hash Cond: (mi.movie_id = t.id)
  ->  Seq Scan on movie_info mi  (cost=0.00..309384.22 rows=14739122 width=4) (actual time=0.009..6286.683 rows=14835720 loops=1)
  ->  Hash  (cost=177842.86..177842.86 rows=972397 width=8) (actual time=4669.736..4669.736 rows=1779594 loops=1)
        Buckets: 131072 (originally 131072)  Batches: 32 (originally 16)  Memory Usage: 3266kB
        ->  Hash Join  (cost=89387.37..177842.86 rows=972397 width=8) (actual time=1450.592..4187.149 rows=1779594 loops=1)
              Hash Cond: (mc.movie_id = t.id)
              ->  Seq Scan on movie_companies mc  (cost=0.00..44881.29 rows=2609129 width=4) (actual time=0.026..905.138 rows=2609129 loops=1)
              ->  Hash  (cost=73925.90..73925.90 rows=942357 width=4) (actual time=1449.426..1449.426 rows=926057 loops=1)
                    Buckets: 131072  Batches: 16  Memory Usage: 3059kB
                    ->  Seq Scan on title t  (cost=0.00..73925.90 rows=942357 width=4) (actual time=0.027..1169.449 rows=926057 loops=1)
                          Filter: ((kind_id < 7) AND (production_year > 1913))
                          Rows Removed by Filter: 1602255
Planning time: 1.097 ms
Execution time: 37293.409 ms
