Hash Join  (cost=102767.86..183839.95 rows=551333 width=0) (actual time=2368.486..4233.279 rows=848988 loops=1)
  Hash Cond: (mc.movie_id = t.id)
  ->  Seq Scan on movie_companies mc  (cost=0.00..57926.93 rows=551333 width=4) (actual time=341.681..1104.988 rows=848988 loops=1)
        Filter: ((company_id > 14145) AND (company_type_id = 2))
        Rows Removed by Filter: 1760141
  ->  Hash  (cost=61283.27..61283.27 rows=2528527 width=4) (actual time=2025.534..2025.534 rows=2528312 loops=1)
        Buckets: 131072  Batches: 64  Memory Usage: 2415kB
        ->  Seq Scan on title t  (cost=0.00..61283.27 rows=2528527 width=4) (actual time=0.029..1183.960 rows=2528312 loops=1)
Planning time: 0.752 ms
Execution time: 4337.061 ms
