Seq Scan on cast_info ci  (cost=0.00..796071.18 rows=101 width=0) (actual time=2801.927..11204.356 rows=351 loops=1)
  Filter: ((person_id = 1754816) AND (role_id = 2))
  Rows Removed by Filter: 36243993
Planning time: 0.405 ms
Execution time: 11204.516 ms
