Hash Join  (cost=175027.18..305750.63 rows=1103275 width=0) (actual time=4485.603..8545.523 rows=4693797 loops=1)
  Hash Cond: (mk.movie_id = t.id)
  ->  Seq Scan on movie_keyword mk  (cost=0.00..81003.12 rows=3035352 width=4) (actual time=0.016..1635.236 rows=3023311 loops=1)
        Filter: (keyword_id > 2158)
        Rows Removed by Filter: 1500619
  ->  Hash  (cost=159947.97..159947.97 rows=919057 width=8) (actual time=4483.568..4483.568 rows=920110 loops=1)
        Buckets: 131072  Batches: 16  Memory Usage: 3283kB
        ->  Hash Join  (cost=102767.86..159947.97 rows=919057 width=8) (actual time=2419.245..4199.909 rows=920110 loops=1)
              Hash Cond: (mi_idx.movie_id = t.id)
              ->  Seq Scan on movie_info_idx mi_idx  (cost=0.00..25185.44 rows=919057 width=4) (actual time=0.045..554.524 rows=920110 loops=1)
                    Filter: (info_type_id > 99)
                    Rows Removed by Filter: 459925
              ->  Hash  (cost=61283.27..61283.27 rows=2528527 width=4) (actual time=2417.840..2417.840 rows=2528312 loops=1)
                    Buckets: 131072  Batches: 64  Memory Usage: 2415kB
                    ->  Seq Scan on title t  (cost=0.00..61283.27 rows=2528527 width=4) (actual time=0.034..1300.827 rows=2528312 loops=1)
Planning time: 9.933 ms
Execution time: 9031.156 ms
