Hash Join  (cost=102767.86..281673.19 rows=3658105 width=0) (actual time=2389.408..7601.776 rows=3657295 loops=1)
  Hash Cond: (mk.movie_id = t.id)
  ->  Seq Scan on movie_keyword mk  (cost=0.00..81003.12 rows=3658105 width=4) (actual time=0.022..1690.168 rows=3657295 loops=1)
        Filter: (keyword_id > 824)
        Rows Removed by Filter: 866635
  ->  Hash  (cost=61283.27..61283.27 rows=2528527 width=4) (actual time=2386.287..2386.287 rows=2528312 loops=1)
        Buckets: 131072  Batches: 64  Memory Usage: 2425kB
        ->  Seq Scan on title t  (cost=0.00..61283.27 rows=2528527 width=4) (actual time=0.011..1225.825 rows=2528312 loops=1)
Planning time: 0.709 ms
Execution time: 8023.144 ms
