Seq Scan on cast_info ci  (cost=0.00..705507.15 rows=28364261 width=0) (actual time=0.026..13190.106 rows=28500649 loops=1)
  Filter: (person_id > 753238)
  Rows Removed by Filter: 7743695
Planning time: 0.353 ms
Execution time: 16699.637 ms
