Hash Join  (cost=253796.38..1677351.38 rows=33532682 width=0) (actual time=6918.973..61262.646 rows=73840190 loops=1)
  Hash Cond: (ci.movie_id = t.id)
  ->  Seq Scan on cast_info ci  (cost=0.00..614943.12 rows=36225612 width=4) (actual time=0.015..13154.570 rows=36244344 loops=1)
  ->  Hash  (cost=215396.35..215396.35 rows=2340562 width=8) (actual time=6917.909..6917.909 rows=2185143 loops=1)
        Buckets: 131072  Batches: 32  Memory Usage: 3651kB
        ->  Hash Join  (cost=104818.80..215396.35 rows=2340562 width=8) (actual time=2315.015..6266.800 rows=2185143 loops=1)
              Hash Cond: (mc.movie_id = t.id)
              ->  Seq Scan on movie_companies mc  (cost=0.00..44881.29 rows=2609129 width=4) (actual time=0.012..866.073 rows=2609129 loops=1)
              ->  Hash  (cost=67604.59..67604.59 rows=2268257 width=4) (actual time=2314.097..2314.097 rows=2261229 loops=1)
                    Buckets: 131072  Batches: 32  Memory Usage: 3511kB
                    ->  Seq Scan on title t  (cost=0.00..67604.59 rows=2268257 width=4) (actual time=0.015..1576.908 rows=2261229 loops=1)
                          Filter: (production_year > 1954)
                          Rows Removed by Filter: 267083
Planning time: 3.640 ms
Execution time: 69398.524 ms
