Hash Join  (cost=83074.74..437538.72 rows=214 width=0) (actual time=3490.328..6924.804 rows=2352 loops=1)
  Hash Cond: (mi.movie_id = t.id)
  ->  Seq Scan on movie_info mi  (cost=0.00..346232.03 rows=2194617 width=4) (actual time=1980.381..5206.425 rows=2233850 loops=1)
        Filter: (info_type_id > 16)
        Rows Removed by Filter: 12601870
  ->  Hash  (cost=83071.67..83071.67 rows=246 width=8) (actual time=1403.788..1403.788 rows=1155 loops=1)
        Buckets: 2048 (originally 1024)  Batches: 1 (originally 1)  Memory Usage: 62kB
        ->  Nested Loop  (cost=0.43..83071.67 rows=246 width=8) (actual time=4.968..1403.049 rows=1155 loops=1)
              ->  Seq Scan on movie_keyword mk  (cost=0.00..81003.12 rows=246 width=4) (actual time=4.870..1357.056 rows=1155 loops=1)
                    Filter: (keyword_id = 6241)
                    Rows Removed by Filter: 4522775
              ->  Index Only Scan using title_pkey on title t  (cost=0.43..8.40 rows=1 width=4) (actual time=0.038..0.039 rows=1 loops=1155)
                    Index Cond: (id = mk.movie_id)
                    Heap Fetches: 1155
Planning time: 1.141 ms
Execution time: 6925.323 ms
