Hash Join  (cost=149336.65..523721.67 rows=1455 width=0) (actual time=1836.574..9475.994 rows=12498 loops=1)
  Hash Cond: (mi.movie_id = t.id)
  ->  Seq Scan on movie_info mi  (cost=0.00..346232.03 rows=7503588 width=4) (actual time=0.014..6455.790 rows=7548855 loops=1)
        Filter: (info_type_id > 7)
        Rows Removed by Filter: 7286865
  ->  Hash  (cost=149330.53..149330.53 rows=490 width=8) (actual time=1834.667..1834.667 rows=826 loops=1)
        Buckets: 1024  Batches: 1  Memory Usage: 41kB
        ->  Hash Join  (cost=67697.55..149330.53 rows=490 width=8) (actual time=517.048..1834.142 rows=826 loops=1)
              Hash Cond: (mk.movie_id = t.id)
              ->  Seq Scan on movie_keyword mk  (cost=0.00..81003.12 rows=166654 width=4) (actual time=0.015..1282.002 rows=180184 loops=1)
                    Filter: (keyword_id < 132)
                    Rows Removed by Filter: 4343746
              ->  Hash  (cost=67604.59..67604.59 rows=7437 width=4) (actual time=515.794..515.794 rows=2433 loops=1)
                    Buckets: 8192  Batches: 1  Memory Usage: 150kB
                    ->  Seq Scan on title t  (cost=0.00..67604.59 rows=7437 width=4) (actual time=77.208..514.806 rows=2433 loops=1)
                          Filter: (production_year = 1933)
                          Rows Removed by Filter: 2525879
Planning time: 1.091 ms
Execution time: 9478.273 ms
