Seq Scan on movie_companies mc  (cost=0.00..51404.11 rows=104 width=0) (actual time=126.606..907.511 rows=12 loops=1)
  Filter: (company_id = 50439)
  Rows Removed by Filter: 2609117
Planning time: 0.376 ms
Execution time: 907.588 ms
