Seq Scan on cast_info ci  (cost=0.00..796071.18 rows=332 width=0) (actual time=1520.925..14828.940 rows=4 loops=1)
  Filter: ((role_id < 4) AND (person_id = 1130084))
  Rows Removed by Filter: 36244340
Planning time: 0.430 ms
Execution time: 14829.052 ms
