Nested Loop  (cost=0.43..83071.67 rows=246 width=0) (actual time=3.838..1269.834 rows=119 loops=1)
  ->  Seq Scan on movie_keyword mk  (cost=0.00..81003.12 rows=246 width=4) (actual time=3.786..1264.212 rows=119 loops=1)
        Filter: (keyword_id = 8925)
        Rows Removed by Filter: 4523811
  ->  Index Only Scan using title_pkey on title t  (cost=0.43..8.40 rows=1 width=4) (actual time=0.042..0.043 rows=1 loops=119)
        Index Cond: (id = mk.movie_id)
        Heap Fetches: 119
Planning time: 0.739 ms
Execution time: 1269.991 ms
