Hash Join  (cost=209981.62..684221.48 rows=1303989 width=0) (actual time=4798.902..13907.672 rows=413313 loops=1)
  Hash Cond: (mi.movie_id = t.id)
  ->  Seq Scan on movie_info mi  (cost=0.00..346232.03 rows=8859586 width=4) (actual time=920.496..6503.537 rows=8966694 loops=1)
        Filter: (info_type_id < 15)
        Rows Removed by Filter: 5869026
  ->  Hash  (cost=203875.63..203875.63 rows=372159 width=8) (actual time=3876.814..3876.814 rows=62889 loops=1)
        Buckets: 131072  Batches: 8  Memory Usage: 1315kB
        ->  Hash Join  (cost=77339.01..203875.63 rows=372159 width=8) (actual time=2976.797..3859.429 rows=62889 loops=1)
              Hash Cond: (mk.movie_id = t.id)
              ->  Seq Scan on movie_keyword mk  (cost=0.00..69693.30 rows=4523930 width=4) (actual time=0.027..1369.865 rows=4523930 loops=1)
              ->  Hash  (cost=73925.90..73925.90 rows=208008 width=4) (actual time=995.067..995.067 rows=104154 loops=1)
                    Buckets: 131072  Batches: 4  Memory Usage: 1942kB
                    ->  Seq Scan on title t  (cost=0.00..73925.90 rows=208008 width=4) (actual time=13.593..956.356 rows=104154 loops=1)
                          Filter: ((production_year < 1968) AND (kind_id = 7))
                          Rows Removed by Filter: 2424158
Planning time: 1.219 ms
Execution time: 13948.576 ms
