Seq Scan on movie_keyword mk  (cost=0.00..81003.12 rows=4454354 width=0) (actual time=0.026..1668.465 rows=4455430 loops=1)
  Filter: (keyword_id < 91807)
  Rows Removed by Filter: 68500
Planning time: 0.400 ms
Execution time: 2210.054 ms
