Hash Join  (cost=165118.14..220242.55 rows=45888 width=0) (actual time=2986.596..5144.156 rows=1445786 loops=1)
  Hash Cond: (mc.movie_id = t.id)
  ->  Seq Scan on movie_companies mc  (cost=0.00..44881.29 rows=2609129 width=4) (actual time=0.023..722.426 rows=2609129 loops=1)
  ->  Hash  (cost=164562.25..164562.25 rows=44471 width=8) (actual time=2986.201..2986.201 rows=138100 loops=1)
        Buckets: 131072 (originally 65536)  Batches: 2 (originally 1)  Memory Usage: 3728kB
        ->  Hash Join  (cost=78556.72..164562.25 rows=44471 width=8) (actual time=1535.327..2939.677 rows=138100 loops=1)
              Hash Cond: (mk.movie_id = t.id)
              ->  Seq Scan on movie_keyword mk  (cost=0.00..81003.12 rows=168450 width=4) (actual time=108.505..1279.943 rows=162892 loops=1)
                    Filter: (keyword_id > 72599)
                    Rows Removed by Filter: 4361038
              ->  Hash  (cost=67604.59..67604.59 rows=667531 width=4) (actual time=1287.757..1287.757 rows=662825 loops=1)
                    Buckets: 131072  Batches: 16  Memory Usage: 2486kB
                    ->  Seq Scan on title t  (cost=0.00..67604.59 rows=667531 width=4) (actual time=301.557..1088.045 rows=662825 loops=1)
                          Filter: (kind_id = 1)
                          Rows Removed by Filter: 1865487
Planning time: 5.008 ms
Execution time: 5327.519 ms
