Seq Scan on movie_keyword mk  (cost=0.00..81003.12 rows=1217196 width=0) (actual time=0.026..1377.541 rows=1223469 loops=1)
  Filter: (keyword_id < 1548)
  Rows Removed by Filter: 3300461
Planning time: 0.336 ms
Execution time: 1522.825 ms
