Hash Join  (cost=800838.32..1213518.87 rows=294610 width=0) (actual time=14321.316..22992.329 rows=920013 loops=1)
  Hash Cond: (mi.movie_id = t.id)
  ->  Seq Scan on movie_info mi  (cost=0.00..346232.03 rows=5445713 width=4) (actual time=0.021..5607.092 rows=5410520 loops=1)
        Filter: (info_type_id < 6)
        Rows Removed by Filter: 9425200
  ->  Hash  (cost=798593.42..798593.42 rows=136792 width=8) (actual time=14320.530..14320.530 rows=141265 loops=1)
        Buckets: 131072  Batches: 2  Memory Usage: 3794kB
        ->  Hash Join  (cost=83810.17..798593.42 rows=136792 width=8) (actual time=5584.982..14267.451 rows=141265 loops=1)
              Hash Cond: (ci.movie_id = t.id)
              ->  Seq Scan on cast_info ci  (cost=0.00..705507.15 rows=350181 width=4) (actual time=4138.512..12419.458 rows=316118 loops=1)
                    Filter: (role_id > 10)
                    Rows Removed by Filter: 35928226
              ->  Hash  (cost=67604.59..67604.59 rows=987727 width=4) (actual time=1445.528..1445.528 rows=985048 loops=1)
                    Buckets: 131072  Batches: 16  Memory Usage: 3188kB
                    ->  Seq Scan on title t  (cost=0.00..67604.59 rows=987727 width=4) (actual time=0.032..1138.354 rows=985048 loops=1)
                          Filter: (kind_id < 7)
                          Rows Removed by Filter: 1543264
Planning time: 1.223 ms
Execution time: 23100.623 ms
