Hash Join  (cost=91342.70..1013431.74 rows=6982989 width=0) (actual time=6796.852..22835.085 rows=6224605 loops=1)
  Hash Cond: (ci.movie_id = t.id)
  ->  Seq Scan on cast_info ci  (cost=0.00..705507.15 rows=12203201 width=4) (actual time=5210.822..12817.714 rows=12113646 loops=1)
        Filter: (role_id > 3)
        Rows Removed by Filter: 24130698
  ->  Hash  (cost=67604.59..67604.59 rows=1446889 width=4) (actual time=1584.699..1584.699 rows=1443298 loops=1)
        Buckets: 131072  Batches: 32  Memory Usage: 2608kB
        ->  Seq Scan on title t  (cost=0.00..67604.59 rows=1446889 width=4) (actual time=0.027..1140.086 rows=1443298 loops=1)
              Filter: (production_year < 2006)
              Rows Removed by Filter: 1085014
Planning time: 0.781 ms
Execution time: 23547.458 ms
