Seq Scan on cast_info ci  (cost=0.00..796071.18 rows=8506745 width=0) (actual time=0.024..15073.307 rows=12670688 loops=1)
  Filter: ((person_id < 2480171) AND (role_id < 2))
  Rows Removed by Filter: 23573656
Planning time: 0.309 ms
Execution time: 16647.811 ms
