Hash Join  (cost=156487.41..275041.70 rows=486900 width=0) (actual time=3294.519..6701.622 rows=2038848 loops=1)
  Hash Cond: (mk.movie_id = t.id)
  ->  Seq Scan on movie_keyword mk  (cost=0.00..81003.12 rows=2670711 width=4) (actual time=0.025..1663.783 rows=2665535 loops=1)
        Filter: (keyword_id < 7433)
        Rows Removed by Filter: 1858395
  ->  Hash  (cost=148924.19..148924.19 rows=460978 width=8) (actual time=3293.690..3293.690 rows=459925 loops=1)
        Buckets: 131072  Batches: 8  Memory Usage: 3284kB
        ->  Hash Join  (cost=102767.86..148924.19 rows=460978 width=8) (actual time=1904.766..3156.828 rows=459925 loops=1)
              Hash Cond: (mi_idx.movie_id = t.id)
              ->  Seq Scan on movie_info_idx mi_idx  (cost=0.00..25185.44 rows=460978 width=4) (actual time=0.020..507.557 rows=459925 loops=1)
                    Filter: (info_type_id < 100)
                    Rows Removed by Filter: 920110
              ->  Hash  (cost=61283.27..61283.27 rows=2528527 width=4) (actual time=1902.700..1902.700 rows=2528312 loops=1)
                    Buckets: 131072  Batches: 64  Memory Usage: 2415kB
                    ->  Seq Scan on title t  (cost=0.00..61283.27 rows=2528527 width=4) (actual time=0.020..1054.460 rows=2528312 loops=1)
Planning time: 1.163 ms
Execution time: 6949.773 ms
