Hash Join  (cost=78741.46..454043.56 rows=254727 width=0) (actual time=3610.024..8179.463 rows=667519 loops=1)
  Hash Cond: (mi.movie_id = t.id)
  ->  Seq Scan on movie_info mi  (cost=0.00..346232.03 rows=2194617 width=4) (actual time=2268.963..5647.387 rows=2233850 loops=1)
        Filter: (info_type_id > 16)
        Rows Removed by Filter: 12601870
  ->  Hash  (cost=73925.90..73925.90 rows=293484 width=4) (actual time=1270.278..1270.278 rows=411690 loops=1)
        Buckets: 131072 (originally 131072)  Batches: 8 (originally 4)  Memory Usage: 3073kB
        ->  Seq Scan on title t  (cost=0.00..73925.90 rows=293484 width=4) (actual time=0.060..1129.089 rows=411690 loops=1)
              Filter: ((kind_id < 7) AND (production_year < 1993))
              Rows Removed by Filter: 2116622
Planning time: 3.218 ms
Execution time: 8258.796 ms
