Seq Scan on movie_companies mc  (cost=0.00..57926.93 rows=914518 width=0) (actual time=381.134..1026.432 rows=1101620 loops=1)
  Filter: ((company_id > 1831) AND (company_type_id = 2))
  Rows Removed by Filter: 1507509
Planning time: 0.387 ms
Execution time: 1156.749 ms
