Hash Join  (cost=190230.21..1021542.62 rows=957169 width=0) (actual time=6227.170..17025.696 rows=1347822 loops=1)
  Hash Cond: (ci.movie_id = t.id)
  ->  Seq Scan on cast_info ci  (cost=0.00..796071.18 rows=1753744 width=4) (actual time=2217.414..11710.437 rows=1060450 loops=1)
        Filter: ((person_id < 364329) AND (role_id > 2))
        Rows Removed by Filter: 35183894
  ->  Hash  (cost=167588.78..167588.78 rows=1380035 width=8) (actual time=4008.441..4008.441 rows=1380035 loops=1)
        Buckets: 131072  Batches: 32  Memory Usage: 2708kB
        ->  Hash Join  (cost=102767.86..167588.78 rows=1380035 width=8) (actual time=1913.683..3673.583 rows=1380035 loops=1)
              Hash Cond: (mi_idx.movie_id = t.id)
              ->  Seq Scan on movie_info_idx mi_idx  (cost=0.00..21735.35 rows=1380035 width=4) (actual time=0.031..439.832 rows=1380035 loops=1)
              ->  Hash  (cost=61283.27..61283.27 rows=2528527 width=4) (actual time=1911.727..1911.727 rows=2528312 loops=1)
                    Buckets: 131072  Batches: 64  Memory Usage: 2415kB
                    ->  Seq Scan on title t  (cost=0.00..61283.27 rows=2528527 width=4) (actual time=0.018..1065.198 rows=2528312 loops=1)
Planning time: 1.111 ms
Execution time: 17187.222 ms
