Hash Join  (cost=81812.24..1094521.27 rows=4311002 width=0) (actual time=1327.320..27400.220 rows=4098557 loops=1)
  Hash Cond: (ci.movie_id = t.id)
  ->  Seq Scan on cast_info ci  (cost=0.00..705507.15 rows=22677830 width=4) (actual time=0.016..14734.659 rows=22742551 loops=1)
        Filter: (person_id > 1331016)
        Rows Removed by Filter: 13501793
  ->  Hash  (cost=73925.90..73925.90 rows=480667 width=4) (actual time=1326.295..1326.295 rows=350545 loops=1)
        Buckets: 131072  Batches: 8  Memory Usage: 2572kB
        ->  Seq Scan on title t  (cost=0.00..73925.90 rows=480667 width=4) (actual time=40.929..1216.310 rows=350545 loops=1)
              Filter: ((production_year > 1987) AND (kind_id = 1))
              Rows Removed by Filter: 2177767
Planning time: 0.781 ms
Execution time: 27865.215 ms
