Hash Join  (cost=102767.86..194625.04 rows=999523 width=0) (actual time=2177.844..4265.640 rows=858540 loops=1)
  Hash Cond: (mc.movie_id = t.id)
  ->  Seq Scan on movie_companies mc  (cost=0.00..57926.93 rows=999523 width=4) (actual time=210.266..1162.959 rows=858540 loops=1)
        Filter: ((company_id > 596) AND (company_type_id < 2))
        Rows Removed by Filter: 1750589
  ->  Hash  (cost=61283.27..61283.27 rows=2528527 width=4) (actual time=1966.172..1966.172 rows=2528312 loops=1)
        Buckets: 131072  Batches: 64  Memory Usage: 2415kB
        ->  Seq Scan on title t  (cost=0.00..61283.27 rows=2528527 width=4) (actual time=0.017..1119.394 rows=2528312 loops=1)
Planning time: 1.129 ms
Execution time: 4367.961 ms
