Hash Join  (cost=117397.94..889455.51 rows=70065 width=0) (actual time=1118.406..16265.211 rows=144673 loops=1)
  Hash Cond: (ci.movie_id = t.id)
  ->  Seq Scan on cast_info ci  (cost=0.00..705507.15 rows=17559937 width=4) (actual time=0.020..11573.533 rows=17680806 loops=1)
        Filter: (person_id > 1847269)
        Rows Removed by Filter: 18563538
  ->  Hash  (cost=117271.83..117271.83 rows=10089 width=8) (actual time=1118.249..1118.249 rows=10160 loops=1)
        Buckets: 16384  Batches: 1  Memory Usage: 525kB
        ->  Nested Loop  (cost=0.43..117271.83 rows=10089 width=8) (actual time=0.090..1112.953 rows=10160 loops=1)
              ->  Seq Scan on movie_companies mc  (cost=0.00..51404.11 rows=10089 width=4) (actual time=0.027..845.088 rows=10160 loops=1)
                    Filter: (company_id = 2561)
                    Rows Removed by Filter: 2598969
              ->  Index Only Scan using title_pkey on title t  (cost=0.43..6.52 rows=1 width=4) (actual time=0.025..0.026 rows=1 loops=10160)
                    Index Cond: (id = mc.movie_id)
                    Heap Fetches: 10160
Planning time: 1.308 ms
Execution time: 16286.270 ms
