Hash Join  (cost=158914.48..285616.58 rows=385706 width=0) (actual time=3483.369..7201.333 rows=3266737 loops=1)
  Hash Cond: (mk.movie_id = t.id)
  ->  Seq Scan on movie_keyword mk  (cost=0.00..69693.30 rows=4523930 width=4) (actual time=0.016..1410.952 rows=4523930 loops=1)
  ->  Hash  (cost=155376.73..155376.73 rows=215580 width=8) (actual time=3482.411..3482.411 rows=263784 loops=1)
        Buckets: 131072  Batches: 4  Memory Usage: 3590kB
        ->  Hash Join  (cost=77354.40..155376.73 rows=215580 width=8) (actual time=1276.136..3396.840 rows=263784 loops=1)
              Hash Cond: (mc.movie_id = t.id)
              ->  Seq Scan on movie_companies mc  (cost=0.00..44881.29 rows=2609129 width=4) (actual time=0.015..933.785 rows=2609129 loops=1)
              ->  Hash  (cost=73925.90..73925.90 rows=208920 width=4) (actual time=1275.313..1275.313 rows=183835 loops=1)
                    Buckets: 131072  Batches: 4  Memory Usage: 2649kB
                    ->  Seq Scan on title t  (cost=0.00..73925.90 rows=208920 width=4) (actual time=0.016..1211.747 rows=183835 loops=1)
                          Filter: ((kind_id < 7) AND (production_year > 2009))
                          Rows Removed by Filter: 2344477
Planning time: 1.264 ms
Execution time: 7553.607 ms
