Hash Join  (cost=75733.69..181106.13 rows=86903 width=0) (actual time=1203.397..3713.046 rows=419776 loops=1)
  Hash Cond: (mk.movie_id = t.id)
  ->  Seq Scan on movie_keyword mk  (cost=0.00..81003.12 rows=1995009 width=4) (actual time=0.516..1629.534 rows=2003616 loops=1)
        Filter: (keyword_id > 6243)
        Rows Removed by Filter: 2520314
  ->  Hash  (cost=73925.90..73925.90 rows=110143 width=4) (actual time=1202.096..1202.096 rows=239899 loops=1)
        Buckets: 131072 (originally 131072)  Batches: 4 (originally 2)  Memory Usage: 3141kB
        ->  Seq Scan on title t  (cost=0.00..73925.90 rows=110143 width=4) (actual time=0.014..1116.855 rows=239899 loops=1)
              Filter: ((production_year < 1973) AND (kind_id = 1))
              Rows Removed by Filter: 2288413
Planning time: 0.788 ms
Execution time: 3760.595 ms
