Hash Join  (cost=174208.64..674876.98 rows=459364 width=0) (actual time=3346.245..16682.929 rows=2424149 loops=1)
  Hash Cond: (mi.movie_id = t.id)
  ->  Seq Scan on movie_info mi  (cost=0.00..346232.03 rows=12928982 width=4) (actual time=0.007..7171.293 rows=12970088 loops=1)
        Filter: (info_type_id < 18)
        Rows Removed by Filter: 1865632
  ->  Hash  (cost=172734.66..172734.66 rows=89838 width=8) (actual time=3318.718..3318.718 rows=176522 loops=1)
        Buckets: 131072 (originally 131072)  Batches: 4 (originally 2)  Memory Usage: 3073kB
        ->  Hash Join  (cost=102767.86..172734.66 rows=89838 width=8) (actual time=1978.007..3254.011 rows=176522 loops=1)
              Hash Cond: (mc.movie_id = t.id)
              ->  Seq Scan on movie_companies mc  (cost=0.00..57926.93 rows=89838 width=4) (actual time=179.811..860.512 rows=176522 loops=1)
                    Filter: ((company_id > 121534) AND (company_type_id > 1))
                    Rows Removed by Filter: 2432607
              ->  Hash  (cost=61283.27..61283.27 rows=2528527 width=4) (actual time=1796.917..1796.917 rows=2528312 loops=1)
                    Buckets: 131072  Batches: 64  Memory Usage: 2415kB
                    ->  Seq Scan on title t  (cost=0.00..61283.27 rows=2528527 width=4) (actual time=0.024..973.370 rows=2528312 loops=1)
Planning time: 1.411 ms
Execution time: 16976.075 ms
