Hash Join  (cost=422150.69..1225600.02 rows=3306 width=0) (actual time=9964.873..21916.765 rows=10042 loops=1)
  Hash Cond: (ci.movie_id = t.id)
  ->  Seq Scan on cast_info ci  (cost=0.00..796071.18 rows=1958690 width=4) (actual time=3191.510..14759.682 rows=2019652 loops=1)
        Filter: ((person_id > 994742) AND (role_id = 4))
        Rows Removed by Filter: 34224692
  ->  Hash  (cost=422097.34..422097.34 rows=4268 width=8) (actual time=6773.209..6773.209 rows=8315 loops=1)
        Buckets: 16384 (originally 8192)  Batches: 1 (originally 1)  Memory Usage: 453kB
        ->  Hash Join  (cost=74246.92..422097.34 rows=4268 width=8) (actual time=4422.430..6769.797 rows=8315 loops=1)
              Hash Cond: (mi.movie_id = t.id)
              ->  Seq Scan on movie_info mi  (cost=0.00..346232.03 rows=420192 width=4) (actual time=3144.071..5513.941 rows=465636 loops=1)
                    Filter: (info_type_id > 103)
                    Rows Removed by Filter: 14370084
              ->  Hash  (cost=73925.90..73925.90 rows=25681 width=4) (actual time=1164.028..1164.028 rows=23707 loops=1)
                    Buckets: 32768  Batches: 1  Memory Usage: 1090kB
                    ->  Seq Scan on title t  (cost=0.00..73925.90 rows=25681 width=4) (actual time=0.060..1153.579 rows=23707 loops=1)
                          Filter: ((kind_id < 7) AND (production_year = 2013))
                          Rows Removed by Filter: 2504605
Planning time: 1.205 ms
Execution time: 21919.262 ms
