Seq Scan on cast_info ci  (cost=0.00..705507.15 rows=500 width=0) (actual time=4469.759..10845.639 rows=1 loops=1)
  Filter: (person_id = 498372)
  Rows Removed by Filter: 36244343
Planning time: 0.344 ms
Execution time: 10845.726 ms
