Hash Join  (cost=92883.59..1020747.75 rows=4053777 width=0) (actual time=2886.329..18978.866 rows=1787830 loops=1)
  Hash Cond: (ci.movie_id = t.id)
  ->  Seq Scan on cast_info ci  (cost=0.00..796071.18 rows=6652443 width=4) (actual time=1208.054..15037.871 rows=3274021 loops=1)
        Filter: ((person_id < 2873412) AND (role_id > 5))
        Rows Removed by Filter: 32970323
  ->  Hash  (cost=67604.59..67604.59 rows=1540800 width=4) (actual time=1676.243..1676.243 rows=1543264 loops=1)
        Buckets: 131072  Batches: 32  Memory Usage: 2722kB
        ->  Seq Scan on title t  (cost=0.00..67604.59 rows=1540800 width=4) (actual time=0.027..1185.549 rows=1543264 loops=1)
              Filter: (kind_id = 7)
              Rows Removed by Filter: 985048
Planning time: 0.677 ms
Execution time: 19169.696 ms
