Hash Join  (cost=174865.45..1068962.81 rows=4410503 width=0) (actual time=6347.546..24927.834 rows=9285940 loops=1)
  Hash Cond: (ci.movie_id = t.id)
  ->  Seq Scan on cast_info ci  (cost=0.00..705507.15 rows=12186716 width=4) (actual time=2466.830..12091.093 rows=12268951 loops=1)
        Filter: (person_id > 2459878)
        Rows Removed by Filter: 23975393
  ->  Hash  (cost=159851.69..159851.69 rows=915101 width=8) (actual time=3879.660..3879.660 rows=919850 loops=1)
        Buckets: 131072  Batches: 16  Memory Usage: 3269kB
        ->  Hash Join  (cost=102767.86..159851.69 rows=915101 width=8) (actual time=1906.650..3621.050 rows=919850 loops=1)
              Hash Cond: (mi_idx.movie_id = t.id)
              ->  Seq Scan on movie_info_idx mi_idx  (cost=0.00..25185.44 rows=915101 width=4) (actual time=0.018..563.943 rows=919850 loops=1)
                    Filter: (info_type_id < 101)
                    Rows Removed by Filter: 460185
              ->  Hash  (cost=61283.27..61283.27 rows=2528527 width=4) (actual time=1904.559..1904.559 rows=2528312 loops=1)
                    Buckets: 131072  Batches: 64  Memory Usage: 2415kB
                    ->  Seq Scan on title t  (cost=0.00..61283.27 rows=2528527 width=4) (actual time=0.018..1072.893 rows=2528312 loops=1)
Planning time: 1.016 ms
Execution time: 25942.093 ms
