Nested Loop  (cost=0.43..83072.90 rows=147 width=0) (actual time=124.392..1227.615 rows=5 loops=1)
  ->  Seq Scan on movie_keyword mk  (cost=0.00..81003.12 rows=246 width=4) (actual time=124.321..1226.958 rows=14 loops=1)
        Filter: (keyword_id = 27139)
        Rows Removed by Filter: 4523916
  ->  Index Scan using title_pkey on title t  (cost=0.43..8.40 rows=1 width=4) (actual time=0.041..0.042 rows=0 loops=14)
        Index Cond: (id = mk.movie_id)
        Filter: ((kind_id > 4) AND (production_year > 0))
        Rows Removed by Filter: 1
Planning time: 0.809 ms
Execution time: 1227.716 ms
