Hash Join  (cost=83075.00..447743.58 rows=1263 width=0) (actual time=1370.629..8577.847 rows=208920 loops=1)
  Hash Cond: (mi.movie_id = t.id)
  ->  Seq Scan on movie_info mi  (cost=0.00..309384.22 rows=14739122 width=4) (actual time=0.028..4257.093 rows=14835720 loops=1)
  ->  Hash  (cost=83072.29..83072.29 rows=217 width=8) (actual time=1370.454..1370.454 rows=2567 loops=1)
        Buckets: 4096 (originally 1024)  Batches: 1 (originally 1)  Memory Usage: 133kB
        ->  Nested Loop  (cost=0.43..83072.29 rows=217 width=8) (actual time=0.119..1368.580 rows=2567 loops=1)
              ->  Seq Scan on movie_keyword mk  (cost=0.00..81003.12 rows=246 width=4) (actual time=0.076..1278.772 rows=2637 loops=1)
                    Filter: (keyword_id = 381)
                    Rows Removed by Filter: 4521293
              ->  Index Scan using title_pkey on title t  (cost=0.43..8.40 rows=1 width=4) (actual time=0.033..0.033 rows=1 loops=2637)
                    Index Cond: (id = mk.movie_id)
                    Filter: (production_year < 2012)
                    Rows Removed by Filter: 0
Planning time: 1.229 ms
Execution time: 8607.773 ms
