Hash Join  (cost=263115.61..1594550.63 rows=22226540 width=0) (actual time=7568.648..52421.599 rows=48256749 loops=1)
  Hash Cond: (ci.movie_id = t.id)
  ->  Seq Scan on cast_info ci  (cost=0.00..796071.18 rows=21539911 width=4) (actual time=729.423..18093.571 rows=23694831 loops=1)
        Filter: ((person_id < 2546260) AND (role_id < 10))
        Rows Removed by Filter: 12549513
  ->  Hash  (cost=220309.49..220309.49 rows=2609129 width=8) (actual time=6838.094..6838.094 rows=2609129 loops=1)
        Buckets: 131072  Batches: 64  Memory Usage: 2610kB
        ->  Hash Join  (cost=102767.86..220309.49 rows=2609129 width=8) (actual time=2542.525..6072.848 rows=2609129 loops=1)
              Hash Cond: (mc.movie_id = t.id)
              ->  Seq Scan on movie_companies mc  (cost=0.00..44881.29 rows=2609129 width=4) (actual time=0.014..948.242 rows=2609129 loops=1)
              ->  Hash  (cost=61283.27..61283.27 rows=2528527 width=4) (actual time=2540.888..2540.888 rows=2528312 loops=1)
                    Buckets: 131072  Batches: 64  Memory Usage: 2415kB
                    ->  Seq Scan on title t  (cost=0.00..61283.27 rows=2528527 width=4) (actual time=0.012..1067.405 rows=2528312 loops=1)
Planning time: 1.167 ms
Execution time: 58116.005 ms
