Hash Join  (cost=74729.49..101990.84 rows=35087 width=0) (actual time=1453.996..1921.089 rows=89628 loops=1)
  Hash Cond: (mi_idx.movie_id = t.id)
  ->  Seq Scan on movie_info_idx mi_idx  (cost=0.00..21735.35 rows=1380035 width=4) (actual time=0.013..334.409 rows=1380035 loops=1)
  ->  Hash  (cost=73925.90..73925.90 rows=64287 width=4) (actual time=1238.093..1238.093 rows=68918 loops=1)
        Buckets: 131072 (originally 65536)  Batches: 1 (originally 1)  Memory Usage: 3447kB
        ->  Seq Scan on title t  (cost=0.00..73925.90 rows=64287 width=4) (actual time=0.019..1208.526 rows=68918 loops=1)
              Filter: ((production_year < 2009) AND (kind_id = 2))
              Rows Removed by Filter: 2459394
Planning time: 0.772 ms
Execution time: 1932.709 ms
