Hash Join  (cost=797557.90..1152021.27 rows=153 width=0) (actual time=13283.768..18251.985 rows=7 loops=1)
  Hash Cond: (mi.movie_id = t.id)
  ->  Seq Scan on movie_info mi  (cost=0.00..346232.03 rows=2194617 width=4) (actual time=782.101..5770.321 rows=2233850 loops=1)
        Filter: (info_type_id > 16)
        Rows Removed by Filter: 12601870
  ->  Hash  (cost=797555.70..797555.70 rows=176 width=8) (actual time=12172.025..12172.025 rows=1 loops=1)
        Buckets: 1024  Batches: 1  Memory Usage: 9kB
        ->  Nested Loop  (cost=0.43..797555.70 rows=176 width=8) (actual time=3228.472..12171.997 rows=1 loops=1)
              ->  Seq Scan on cast_info ci  (cost=0.00..796071.18 rows=176 width=4) (actual time=3228.277..12171.796 rows=1 loops=1)
                    Filter: ((role_id < 2) AND (person_id = 1445801))
                    Rows Removed by Filter: 36244343
              ->  Index Only Scan using title_pkey on title t  (cost=0.43..8.42 rows=1 width=4) (actual time=0.107..0.108 rows=1 loops=1)
                    Index Cond: (id = ci.movie_id)
                    Heap Fetches: 1
Planning time: 1.323 ms
Execution time: 18252.100 ms
