Seq Scan on movie_keyword mk  (cost=0.00..81003.12 rows=2091696 width=0) (actual time=0.016..1000.841 rows=2097966 loops=1)
  Filter: (keyword_id < 3777)
  Rows Removed by Filter: 2425964
Planning time: 0.373 ms
Execution time: 1214.243 ms
