Seq Scan on cast_info ci  (cost=0.00..705507.15 rows=19310585 width=0) (actual time=0.024..12766.402 rows=19465225 loops=1)
  Filter: (person_id > 1660310)
  Rows Removed by Filter: 16779119
Planning time: 1.255 ms
Execution time: 15162.499 ms
