Hash Join  (cost=836393.09..968219.51 rows=806339 width=0) (actual time=13130.177..17152.819 rows=4933481 loops=1)
  Hash Cond: (mk.movie_id = t.id)
  ->  Seq Scan on movie_keyword mk  (cost=0.00..69693.30 rows=4523930 width=4) (actual time=0.019..1359.063 rows=4523930 loops=1)
  ->  Hash  (cost=828998.57..828998.57 rows=450681 width=8) (actual time=13129.138..13129.138 rows=473582 loops=1)
        Buckets: 131072  Batches: 8  Memory Usage: 3327kB
        ->  Hash Join  (cost=102767.86..828998.57 rows=450681 width=8) (actual time=4781.866..12995.065 rows=473582 loops=1)
              Hash Cond: (ci.movie_id = t.id)
              ->  Seq Scan on cast_info ci  (cost=0.00..705507.15 rows=450681 width=4) (actual time=2872.165..10291.092 rows=473582 loops=1)
                    Filter: (person_id > 3971435)
                    Rows Removed by Filter: 35770762
              ->  Hash  (cost=61283.27..61283.27 rows=2528527 width=4) (actual time=1907.828..1907.828 rows=2528312 loops=1)
                    Buckets: 131072  Batches: 64  Memory Usage: 2415kB
                    ->  Seq Scan on title t  (cost=0.00..61283.27 rows=2528527 width=4) (actual time=0.024..1104.899 rows=2528312 loops=1)
Planning time: 1.187 ms
Execution time: 17627.223 ms
