Hash Join  (cost=79225.23..208267.99 rows=577872 width=0) (actual time=1371.196..5022.718 rows=1919304 loops=1)
  Hash Cond: (mk.movie_id = t.id)
  ->  Seq Scan on movie_keyword mk  (cost=0.00..69693.30 rows=4523930 width=4) (actual time=0.023..1430.590 rows=4523930 loops=1)
  ->  Hash  (cost=73925.90..73925.90 rows=322986 width=4) (actual time=1370.374..1370.374 rows=423758 loops=1)
        Buckets: 131072  Batches: 8  Memory Usage: 2903kB
        ->  Seq Scan on title t  (cost=0.00..73925.90 rows=322986 width=4) (actual time=0.119..1229.946 rows=423758 loops=1)
              Filter: ((kind_id < 3) AND (production_year < 2001))
              Rows Removed by Filter: 2104554
Planning time: 0.821 ms
Execution time: 5229.970 ms
