Hash Join  (cost=87428.23..152420.87 rows=227844 width=0) (actual time=1831.973..2906.008 rows=229279 loops=1)
  Hash Cond: (mc.movie_id = t.id)
  ->  Seq Scan on movie_companies mc  (cost=0.00..51404.11 rows=700023 width=4) (actual time=0.014..820.826 rows=689958 loops=1)
        Filter: (company_id < 1263)
        Rows Removed by Filter: 1919171
  ->  Hash  (cost=73925.90..73925.90 rows=822986 width=4) (actual time=1576.055..1576.055 rows=738761 loops=1)
        Buckets: 131072  Batches: 16  Memory Usage: 2648kB
        ->  Seq Scan on title t  (cost=0.00..73925.90 rows=822986 width=4) (actual time=0.020..1340.439 rows=738761 loops=1)
              Filter: ((production_year < 2005) AND (kind_id = 7))
              Rows Removed by Filter: 1789551
Planning time: 0.598 ms
Execution time: 2932.462 ms
