Seq Scan on movie_keyword mk  (cost=0.00..81003.12 rows=693144 width=0) (actual time=0.024..1290.041 rows=698667 loops=1)
  Filter: (keyword_id > 26993)
  Rows Removed by Filter: 3825263
Planning time: 0.328 ms
Execution time: 1377.598 ms
