Hash Join  (cost=127001.14..218866.83 rows=117 width=0) (actual time=2045.831..4041.148 rows=5565 loops=1)
  Hash Cond: (mk.movie_id = t.id)
  ->  Seq Scan on movie_keyword mk  (cost=0.00..81003.12 rows=2896373 width=4) (actual time=0.015..1563.904 rows=2885404 loops=1)
        Filter: (keyword_id < 9038)
        Rows Removed by Filter: 1638526
  ->  Hash  (cost=126999.86..126999.86 rows=102 width=8) (actual time=2041.367..2041.367 rows=3746 loops=1)
        Buckets: 4096 (originally 1024)  Batches: 1 (originally 1)  Memory Usage: 179kB
        ->  Hash Join  (cost=67612.84..126999.86 rows=102 width=8) (actual time=996.131..2039.626 rows=3746 loops=1)
              Hash Cond: (mc.movie_id = t.id)
              ->  Seq Scan on movie_companies mc  (cost=0.00..57926.93 rows=389086 width=4) (actual time=0.024..922.377 rows=709163 loops=1)
                    Filter: ((company_id > 34117) AND (company_type_id = 2))
                    Rows Removed by Filter: 1899966
              ->  Hash  (cost=67604.59..67604.59 rows=660 width=4) (actual time=995.940..995.940 rows=3515 loops=1)
                    Buckets: 4096 (originally 1024)  Batches: 1 (originally 1)  Memory Usage: 156kB
                    ->  Seq Scan on title t  (cost=0.00..67604.59 rows=660 width=4) (actual time=0.568..994.271 rows=3515 loops=1)
                          Filter: (production_year > 2013)
                          Rows Removed by Filter: 2524797
Planning time: 1.179 ms
Execution time: 4042.139 ms
