Hash Join  (cost=115604.38..466600.24 rows=2337 width=0) (actual time=3570.478..6980.511 rows=3081 loops=1)
  Hash Cond: (mi.movie_id = t.id)
  ->  Seq Scan on movie_info mi  (cost=0.00..346232.03 rows=1264125 width=4) (actual time=2177.674..5382.750 rows=1288928 loops=1)
        Filter: (info_type_id = 2)
        Rows Removed by Filter: 13546792
  ->  Hash  (cost=115545.94..115545.94 rows=4675 width=8) (actual time=1390.578..1390.578 rows=4057 loops=1)
        Buckets: 8192  Batches: 1  Memory Usage: 223kB
        ->  Nested Loop  (cost=0.43..115545.94 rows=4675 width=8) (actual time=3.491..1388.290 rows=4057 loops=1)
              ->  Seq Scan on movie_keyword mk  (cost=0.00..81003.12 rows=4675 width=4) (actual time=3.396..1274.449 rows=4057 loops=1)
                    Filter: (keyword_id = 2862)
                    Rows Removed by Filter: 4519873
              ->  Index Only Scan using title_pkey on title t  (cost=0.43..7.38 rows=1 width=4) (actual time=0.027..0.027 rows=1 loops=4057)
                    Index Cond: (id = mk.movie_id)
                    Heap Fetches: 4057
Planning time: 1.213 ms
Execution time: 6981.121 ms
