Seq Scan on movie_companies mc  (cost=0.00..57926.93 rows=1024095 width=0) (actual time=524.975..1119.591 rows=892773 loops=1)
  Filter: ((company_id > 475) AND (company_type_id < 2))
  Rows Removed by Filter: 1716356
Planning time: 0.246 ms
Execution time: 1231.815 ms
