Hash Join  (cost=100842.97..851652.91 rows=2080 width=0) (actual time=2381.415..17418.069 rows=1761 loops=1)
  Hash Cond: (ci.movie_id = t.id)
  ->  Seq Scan on cast_info ci  (cost=0.00..614943.12 rows=36225612 width=4) (actual time=0.020..9032.839 rows=36244344 loops=1)
  ->  Hash  (cost=100841.16..100841.16 rows=145 width=8) (actual time=1541.718..1541.718 rows=252 loops=1)
        Buckets: 1024  Batches: 1  Memory Usage: 18kB
        ->  Hash Join  (cost=73929.23..100841.16 rows=145 width=8) (actual time=1019.105..1541.566 rows=252 loops=1)
              Hash Cond: (mi_idx.movie_id = t.id)
              ->  Seq Scan on movie_info_idx mi_idx  (cost=0.00..21735.35 rows=1380035 width=4) (actual time=0.015..275.726 rows=1380035 loops=1)
              ->  Hash  (cost=73925.90..73925.90 rows=266 width=4) (actual time=1016.601..1016.601 rows=236 loops=1)
                    Buckets: 1024  Batches: 1  Memory Usage: 17kB
                    ->  Seq Scan on title t  (cost=0.00..73925.90 rows=266 width=4) (actual time=0.380..1016.358 rows=236 loops=1)
                          Filter: ((kind_id = 2) AND (production_year = 1954))
                          Rows Removed by Filter: 2528076
Planning time: 1.176 ms
Execution time: 17418.919 ms
