Hash Join  (cost=101489.21..459665.79 rows=150890 width=0) (actual time=6266.430..7719.868 rows=171356 loops=1)
  Hash Cond: (mi.movie_id = t.id)
  ->  Seq Scan on movie_info mi  (cost=0.00..346232.03 rows=184730 width=4) (actual time=4318.633..4786.783 rows=180112 loops=1)
        Filter: (info_type_id = 13)
        Rows Removed by Filter: 14655608
  ->  Hash  (cost=67604.59..67604.59 rows=2065330 width=4) (actual time=1942.235..1942.235 rows=2064552 loops=1)
        Buckets: 131072  Batches: 32  Memory Usage: 3298kB
        ->  Seq Scan on title t  (cost=0.00..67604.59 rows=2065330 width=4) (actual time=0.026..1302.526 rows=2064552 loops=1)
              Filter: (production_year < 2011)
              Rows Removed by Filter: 463760
Planning time: 0.880 ms
Execution time: 7741.702 ms
