Hash Join  (cost=981676.68..1592037.42 rows=10508791 width=0) (actual time=14784.429..30673.151 rows=10542984 loops=1)
  Hash Cond: (mi.movie_id = t.id)
  ->  Seq Scan on movie_info mi  (cost=0.00..309384.22 rows=14739122 width=4) (actual time=0.018..6309.294 rows=14835720 loops=1)
  ->  Hash  (cost=952098.62..952098.62 rows=1802805 width=8) (actual time=14783.421..14783.421 rows=769558 loops=1)
        Buckets: 131072  Batches: 32  Memory Usage: 1970kB
        ->  Hash Join  (cost=102767.86..952098.62 rows=1802805 width=8) (actual time=3889.350..14552.711 rows=769558 loops=1)
              Hash Cond: (ci.movie_id = t.id)
              ->  Seq Scan on cast_info ci  (cost=0.00..796071.18 rows=1802805 width=4) (actual time=1997.338..11490.177 rows=769558 loops=1)
                    Filter: ((person_id < 263022) AND (role_id > 1))
                    Rows Removed by Filter: 35474786
              ->  Hash  (cost=61283.27..61283.27 rows=2528527 width=4) (actual time=1862.125..1862.125 rows=2528312 loops=1)
                    Buckets: 131072  Batches: 64  Memory Usage: 2415kB
                    ->  Seq Scan on title t  (cost=0.00..61283.27 rows=2528527 width=4) (actual time=0.016..1052.605 rows=2528312 loops=1)
Planning time: 1.164 ms
Execution time: 31831.824 ms
