Seq Scan on movie_keyword mk  (cost=0.00..81003.12 rows=246 width=0) (actual time=64.707..1151.516 rows=61 loops=1)
  Filter: (keyword_id = 81119)
  Rows Removed by Filter: 4523869
Planning time: 0.388 ms
Execution time: 1151.668 ms
