Hash Join  (cost=175027.18..296997.21 rows=893923 width=0) (actual time=4328.338..8491.972 rows=3827762 loops=1)
  Hash Cond: (mk.movie_id = t.id)
  ->  Seq Scan on movie_keyword mk  (cost=0.00..81003.12 rows=2459378 width=4) (actual time=0.030..1792.747 rows=2442107 loops=1)
        Filter: (keyword_id > 3688)
        Rows Removed by Filter: 2081823
  ->  Hash  (cost=159947.97..159947.97 rows=919057 width=8) (actual time=4327.300..4327.300 rows=920110 loops=1)
        Buckets: 131072  Batches: 16  Memory Usage: 3283kB
        ->  Hash Join  (cost=102767.86..159947.97 rows=919057 width=8) (actual time=2276.756..4054.074 rows=920110 loops=1)
              Hash Cond: (mi_idx.movie_id = t.id)
              ->  Seq Scan on movie_info_idx mi_idx  (cost=0.00..25185.44 rows=919057 width=4) (actual time=0.013..585.354 rows=920110 loops=1)
                    Filter: (info_type_id > 99)
                    Rows Removed by Filter: 459925
              ->  Hash  (cost=61283.27..61283.27 rows=2528527 width=4) (actual time=2275.933..2275.933 rows=2528312 loops=1)
                    Buckets: 131072  Batches: 64  Memory Usage: 2415kB
                    ->  Seq Scan on title t  (cost=0.00..61283.27 rows=2528527 width=4) (actual time=0.012..1131.900 rows=2528312 loops=1)
Planning time: 1.203 ms
Execution time: 8913.147 ms
