Hash Join  (cost=202589.77..247690.95 rows=431769 width=0) (actual time=4593.661..5906.679 rows=606991 loops=1)
  Hash Cond: (mi_idx.movie_id = t.id)
  ->  Seq Scan on movie_info_idx mi_idx  (cost=0.00..21735.35 rows=1380035 width=4) (actual time=0.022..475.732 rows=1380035 loops=1)
  ->  Hash  (cost=189610.09..189610.09 rows=791095 width=8) (actual time=4592.651..4592.651 rows=495102 loops=1)
        Buckets: 131072  Batches: 16  Memory Usage: 2223kB
        ->  Hash Join  (cost=102767.86..189610.09 rows=791095 width=8) (actual time=1931.236..4445.474 rows=495102 loops=1)
              Hash Cond: (mc.movie_id = t.id)
              ->  Seq Scan on movie_companies mc  (cost=0.00..57926.93 rows=791095 width=4) (actual time=0.042..982.687 rows=495102 loops=1)
                    Filter: ((company_id < 14577) AND (company_type_id > 1))
                    Rows Removed by Filter: 2114027
              ->  Hash  (cost=61283.27..61283.27 rows=2528527 width=4) (actual time=1930.629..1930.629 rows=2528312 loops=1)
                    Buckets: 131072  Batches: 64  Memory Usage: 2415kB
                    ->  Seq Scan on title t  (cost=0.00..61283.27 rows=2528527 width=4) (actual time=0.009..1081.729 rows=2528312 loops=1)
Planning time: 1.175 ms
Execution time: 5980.037 ms
