Hash Join  (cost=315799.83..1270547.19 rows=6743834 width=0) (actual time=17387.035..22091.894 rows=3296839 loops=1)
  Hash Cond: (ci.movie_id = t.id)
  ->  Seq Scan on cast_info ci  (cost=0.00..796071.18 rows=5649414 width=4) (actual time=10374.129..12731.969 rows=1455049 loops=1)
        Filter: ((person_id > 2835900) AND (role_id < 4))
        Rows Removed by Filter: 34789295
  ->  Hash  (cost=266279.33..266279.33 rows=3018360 width=8) (actual time=7010.637..7010.637 rows=3006729 loops=1)
        Buckets: 131072  Batches: 64  Memory Usage: 2887kB
        ->  Hash Join  (cost=102767.86..266279.33 rows=3018360 width=8) (actual time=1904.286..6158.203 rows=3006729 loops=1)
              Hash Cond: (mk.movie_id = t.id)
              ->  Seq Scan on movie_keyword mk  (cost=0.00..81003.12 rows=3018360 width=4) (actual time=0.035..1636.559 rows=3006729 loops=1)
                    Filter: (keyword_id > 2197)
                    Rows Removed by Filter: 1517201
              ->  Hash  (cost=61283.27..61283.27 rows=2528527 width=4) (actual time=1902.951..1902.951 rows=2528312 loops=1)
                    Buckets: 131072  Batches: 64  Memory Usage: 2425kB
                    ->  Seq Scan on title t  (cost=0.00..61283.27 rows=2528527 width=4) (actual time=0.018..1029.368 rows=2528312 loops=1)
Planning time: 1.188 ms
Execution time: 22472.723 ms
