Seq Scan on cast_info ci  (cost=0.00..796071.18 rows=2818701 width=0) (actual time=3309.152..12962.453 rows=5711365 loops=1)
  Filter: ((person_id < 770842) AND (role_id = 1))
  Rows Removed by Filter: 30532979
Planning time: 0.401 ms
Execution time: 13678.185 ms
