Hash Join  (cost=521607.22..646086.74 rows=1211013 width=0) (actual time=10602.932..14070.747 rows=3904020 loops=1)
  Hash Cond: (mk.movie_id = t.id)
  ->  Seq Scan on movie_keyword mk  (cost=0.00..81003.12 rows=1975453 width=4) (actual time=0.019..1504.936 rows=1983472 loops=1)
        Filter: (keyword_id > 6359)
        Rows Removed by Filter: 2540458
  ->  Hash  (cost=496176.42..496176.42 rows=1550064 width=8) (actual time=10601.887..10601.887 rows=1533909 loops=1)
        Buckets: 131072  Batches: 32  Memory Usage: 2900kB
        ->  Hash Join  (cost=102767.86..496176.42 rows=1550064 width=8) (actual time=5015.892..10108.781 rows=1533909 loops=1)
              Hash Cond: (mi.movie_id = t.id)
              ->  Seq Scan on movie_info mi  (cost=0.00..346232.03 rows=1550064 width=4) (actual time=2887.873..5685.280 rows=1533909 loops=1)
                    Filter: (info_type_id = 3)
                    Rows Removed by Filter: 13301811
              ->  Hash  (cost=61283.27..61283.27 rows=2528527 width=4) (actual time=2127.010..2127.010 rows=2528312 loops=1)
                    Buckets: 131072  Batches: 64  Memory Usage: 2425kB
                    ->  Seq Scan on title t  (cost=0.00..61283.27 rows=2528527 width=4) (actual time=0.026..1258.032 rows=2528312 loops=1)
Planning time: 1.149 ms
Execution time: 14486.144 ms
