Hash Join  (cost=102767.86..947339.96 rows=5368797 width=0) (actual time=2602.584..19060.941 rows=5281368 loops=1)
  Hash Cond: (ci.movie_id = t.id)
  ->  Seq Scan on cast_info ci  (cost=0.00..705507.15 rows=5368797 width=4) (actual time=464.438..12525.716 rows=5281368 loops=1)
        Filter: (person_id < 510653)
        Rows Removed by Filter: 30962976
  ->  Hash  (cost=61283.27..61283.27 rows=2528527 width=4) (actual time=2137.146..2137.146 rows=2528312 loops=1)
        Buckets: 131072  Batches: 64  Memory Usage: 2415kB
        ->  Seq Scan on title t  (cost=0.00..61283.27 rows=2528527 width=4) (actual time=0.018..1323.284 rows=2528312 loops=1)
Planning time: 1.096 ms
Execution time: 19589.684 ms
