Hash Join  (cost=138826.07..634148.46 rows=1454147 width=0) (actual time=2939.256..15273.808 rows=1186131 loops=1)
  Hash Cond: (mi.movie_id = t.id)
  ->  Seq Scan on movie_info mi  (cost=0.00..309384.22 rows=14739122 width=4) (actual time=0.012..6192.445 rows=14835720 loops=1)
  ->  Hash  (cost=134732.79..134732.79 rows=249462 width=8) (actual time=2870.021..2870.021 rows=139414 loops=1)
        Buckets: 131072  Batches: 4  Memory Usage: 2389kB
        ->  Hash Join  (cost=96376.07..134732.79 rows=249462 width=8) (actual time=2131.266..2820.485 rows=139414 loops=1)
              Hash Cond: (mi_idx.movie_id = t.id)
              ->  Seq Scan on movie_info_idx mi_idx  (cost=0.00..25185.44 rows=460978 width=4) (actual time=0.011..483.050 rows=459925 loops=1)
                    Filter: (info_type_id < 100)
                    Rows Removed by Filter: 920110
              ->  Hash  (cost=73925.90..73925.90 rows=1368333 width=4) (actual time=1828.263..1828.263 rows=1444787 loops=1)
                    Buckets: 131072  Batches: 32  Memory Usage: 2613kB
                    ->  Seq Scan on title t  (cost=0.00..73925.90 rows=1368333 width=4) (actual time=248.922..1374.214 rows=1444787 loops=1)
                          Filter: ((production_year > 1957) AND (kind_id = 7))
                          Rows Removed by Filter: 1083525
Planning time: 0.812 ms
Execution time: 15387.492 ms
