Hash Join  (cost=92917.42..130130.83 rows=212847 width=0) (actual time=1769.314..2741.119 rows=160994 loops=1)
  Hash Cond: (mi_idx.movie_id = t.id)
  ->  Seq Scan on movie_info_idx mi_idx  (cost=0.00..25185.44 rows=464934 width=4) (actual time=0.025..447.763 rows=460185 loops=1)
        Filter: (info_type_id > 100)
        Rows Removed by Filter: 919850
  ->  Hash  (cost=73925.90..73925.90 rows=1157561 width=4) (actual time=1767.947..1767.947 rows=1267332 loops=1)
        Buckets: 131072  Batches: 16  Memory Usage: 3815kB
        ->  Seq Scan on title t  (cost=0.00..73925.90 rows=1157561 width=4) (actual time=0.038..1381.619 rows=1267332 loops=1)
              Filter: ((kind_id > 1) AND (production_year > 1996))
              Rows Removed by Filter: 1260980
Planning time: 0.746 ms
Execution time: 2760.398 ms
