Hash Join  (cost=102767.86..278699.99 rows=3534585 width=0) (actual time=1999.461..6720.631 rows=3525240 loops=1)
  Hash Cond: (mk.movie_id = t.id)
  ->  Seq Scan on movie_keyword mk  (cost=0.00..81003.12 rows=3534585 width=4) (actual time=0.025..1716.312 rows=3525240 loops=1)
        Filter: (keyword_id < 18594)
        Rows Removed by Filter: 998690
  ->  Hash  (cost=61283.27..61283.27 rows=2528527 width=4) (actual time=1995.375..1995.375 rows=2528312 loops=1)
        Buckets: 131072  Batches: 64  Memory Usage: 2425kB
        ->  Seq Scan on title t  (cost=0.00..61283.27 rows=2528527 width=4) (actual time=0.020..1176.921 rows=2528312 loops=1)
Planning time: 0.733 ms
Execution time: 7147.371 ms
