Hash Join  (cost=102767.86..793331.33 rows=13899289 width=0) (actual time=1940.568..20626.770 rows=13940177 loops=1)
  Hash Cond: (mi.movie_id = t.id)
  ->  Seq Scan on movie_info mi  (cost=0.00..346232.03 rows=13899289 width=4) (actual time=0.026..7709.575 rows=13940177 loops=1)
        Filter: (info_type_id < 96)
        Rows Removed by Filter: 895543
  ->  Hash  (cost=61283.27..61283.27 rows=2528527 width=4) (actual time=1938.912..1938.912 rows=2528312 loops=1)
        Buckets: 131072  Batches: 64  Memory Usage: 2425kB
        ->  Seq Scan on title t  (cost=0.00..61283.27 rows=2528527 width=4) (actual time=0.010..1095.634 rows=2528312 loops=1)
Planning time: 0.754 ms
Execution time: 22151.367 ms
