Hash Join  (cost=133301.52..884132.66 rows=4198 width=0) (actual time=2085.992..17772.434 rows=91771 loops=1)
  Hash Cond: (ci.movie_id = t.id)
  ->  Seq Scan on cast_info ci  (cost=0.00..614943.12 rows=36225612 width=4) (actual time=0.017..8615.753 rows=36244344 loops=1)
  ->  Hash  (cost=133297.86..133297.86 rows=293 width=8) (actual time=2085.900..2085.900 rows=1132 loops=1)
        Buckets: 2048 (originally 1024)  Batches: 1 (originally 1)  Memory Usage: 61kB
        ->  Hash Join  (cost=73950.44..133297.86 rows=293 width=8) (actual time=1315.053..2085.283 rows=1132 loops=1)
              Hash Cond: (mc.movie_id = t.id)
              ->  Seq Scan on movie_companies mc  (cost=0.00..57926.93 rows=378013 width=4) (actual time=0.024..866.739 rows=535526 loops=1)
                    Filter: ((company_id < 1567) AND (company_type_id = 1))
                    Rows Removed by Filter: 2073603
              ->  Hash  (cost=73925.90..73925.90 rows=1963 width=4) (actual time=1124.288..1124.288 rows=5006 loops=1)
                    Buckets: 8192 (originally 2048)  Batches: 1 (originally 1)  Memory Usage: 240kB
                    ->  Seq Scan on title t  (cost=0.00..73925.90 rows=1963 width=4) (actual time=200.359..1121.909 rows=5006 loops=1)
                          Filter: ((kind_id = 1) AND (production_year = 1991))
                          Rows Removed by Filter: 2523306
Planning time: 1.584 ms
Execution time: 17787.563 ms
