Hash Join  (cost=180816.96..573569.60 rows=362777 width=0) (actual time=5636.490..10938.817 rows=855573 loops=1)
  Hash Cond: (mi.movie_id = t.id)
  ->  Seq Scan on movie_info mi  (cost=0.00..346232.03 rows=3623957 width=4) (actual time=2184.429..5543.073 rows=3624977 loops=1)
        Filter: (info_type_id < 4)
        Rows Removed by Filter: 11210743
  ->  Hash  (cost=176663.98..176663.98 rows=253119 width=8) (actual time=3451.235..3451.235 rows=378019 loops=1)
        Buckets: 131072 (originally 131072)  Batches: 8 (originally 4)  Memory Usage: 3073kB
        ->  Hash Join  (cost=102767.86..176663.98 rows=253119 width=8) (actual time=1822.671..3358.016 rows=378019 loops=1)
              Hash Cond: (mc.movie_id = t.id)
              ->  Seq Scan on movie_companies mc  (cost=0.00..57926.93 rows=253119 width=4) (actual time=0.032..942.136 rows=378019 loops=1)
                    Filter: ((company_id < 475) AND (company_type_id < 2))
                    Rows Removed by Filter: 2231110
              ->  Hash  (cost=61283.27..61283.27 rows=2528527 width=4) (actual time=1821.968..1821.968 rows=2528312 loops=1)
                    Buckets: 131072  Batches: 64  Memory Usage: 2415kB
                    ->  Seq Scan on title t  (cost=0.00..61283.27 rows=2528527 width=4) (actual time=0.014..999.396 rows=2528312 loops=1)
Planning time: 1.523 ms
Execution time: 11036.459 ms
