Hash Join  (cost=136831.91..641284.66 rows=2309883 width=0) (actual time=3299.975..19041.632 rows=11657976 loops=1)
  Hash Cond: (mi.movie_id = t.id)
  ->  Seq Scan on movie_info mi  (cost=0.00..309384.22 rows=14739122 width=4) (actual time=0.009..5343.753 rows=14835720 loops=1)
  ->  Hash  (cost=130330.60..130330.60 rows=396265 width=8) (actual time=3296.505..3296.505 rows=656267 loops=1)
        Buckets: 131072 (originally 131072)  Batches: 16 (originally 8)  Memory Usage: 3073kB
        ->  Hash Join  (cost=85838.47..130330.60 rows=396265 width=8) (actual time=1503.196..3096.207 rows=656267 loops=1)
              Hash Cond: (mi_idx.movie_id = t.id)
              ->  Seq Scan on movie_info_idx mi_idx  (cost=0.00..21735.35 rows=1380035 width=4) (actual time=0.015..409.823 rows=1380035 loops=1)
              ->  Hash  (cost=73925.90..73925.90 rows=726045 width=4) (actual time=1501.865..1501.865 rows=628133 loops=1)
                    Buckets: 131072  Batches: 16  Memory Usage: 2403kB
                    ->  Seq Scan on title t  (cost=0.00..73925.90 rows=726045 width=4) (actual time=0.022..1305.548 rows=628133 loops=1)
                          Filter: ((kind_id < 7) AND (production_year > 1985))
                          Rows Removed by Filter: 1900179
Planning time: 1.191 ms
Execution time: 20375.730 ms
