Hash Join  (cost=196187.15..233683.93 rows=81087 width=0) (actual time=6077.239..8142.115 rows=89806 loops=1)
  Hash Cond: (mi_idx.movie_id = t.id)
  ->  Seq Scan on movie_info_idx mi_idx  (cost=0.00..25185.44 rows=919057 width=4) (actual time=0.028..1852.481 rows=920110 loops=1)
        Filter: (info_type_id > 99)
        Rows Removed by Filter: 459925
  ->  Hash  (cost=192526.57..192526.57 rows=223087 width=8) (actual time=5646.285..5646.285 rows=77339 loops=1)
        Buckets: 131072  Batches: 4  Memory Usage: 1777kB
        ->  Hash Join  (cost=98137.04..192526.57 rows=223087 width=8) (actual time=2361.524..5619.496 rows=77339 loops=1)
              Hash Cond: (mk.movie_id = t.id)
              ->  Seq Scan on movie_keyword mk  (cost=0.00..81003.12 rows=303107 width=4) (actual time=156.097..2422.695 rows=299359 loops=1)
                    Filter: (keyword_id > 53990)
                    Rows Removed by Filter: 4224571
              ->  Hash  (cost=67604.59..67604.59 rows=1860996 width=4) (actual time=2203.833..2203.833 rows=1865487 loops=1)
                    Buckets: 131072  Batches: 32  Memory Usage: 3085kB
                    ->  Seq Scan on title t  (cost=0.00..67604.59 rows=1860996 width=4) (actual time=0.035..1572.280 rows=1865487 loops=1)
                          Filter: (kind_id > 1)
                          Rows Removed by Filter: 662825
Planning time: 1.187 ms
Execution time: 8154.505 ms
