Hash Join  (cost=272711.07..378812.78 rows=2015878 width=0) (actual time=5997.761..11493.996 rows=14339967 loops=1)
  Hash Cond: (mc.movie_id = t.id)
  ->  Seq Scan on movie_companies mc  (cost=0.00..44881.29 rows=2609129 width=4) (actual time=0.013..971.871 rows=2609129 loops=1)
  ->  Hash  (cost=240659.03..240659.03 rows=1953603 width=8) (actual time=5996.429..5996.429 rows=1963759 loops=1)
        Buckets: 131072  Batches: 32  Memory Usage: 3404kB
        ->  Hash Join  (cost=102767.86..240659.03 rows=1953603 width=8) (actual time=2131.233..5487.308 rows=1963759 loops=1)
              Hash Cond: (mk.movie_id = t.id)
              ->  Seq Scan on movie_keyword mk  (cost=0.00..81003.12 rows=1953603 width=4) (actual time=0.019..1556.970 rows=1963759 loops=1)
                    Filter: (keyword_id < 3431)
                    Rows Removed by Filter: 2560171
              ->  Hash  (cost=61283.27..61283.27 rows=2528527 width=4) (actual time=2130.352..2130.352 rows=2528312 loops=1)
                    Buckets: 131072  Batches: 64  Memory Usage: 2425kB
                    ->  Seq Scan on title t  (cost=0.00..61283.27 rows=2528527 width=4) (actual time=0.008..1250.599 rows=2528312 loops=1)
Planning time: 1.043 ms
Execution time: 12981.093 ms
