Seq Scan on movie_keyword mk  (cost=0.00..81003.12 rows=2092001 width=0) (actual time=0.027..1408.913 rows=2097982 loops=1)
  Filter: (keyword_id < 3778)
  Rows Removed by Filter: 2425948
Planning time: 0.331 ms
Execution time: 1658.437 ms
