Hash Join  (cost=82400.67..153232.84 rows=261387 width=0) (actual time=1399.805..3150.041 rows=374344 loops=1)
  Hash Cond: (mc.movie_id = t.id)
  ->  Seq Scan on movie_companies mc  (cost=0.00..51404.11 rows=1279517 width=4) (actual time=0.029..1001.833 rows=1274246 loops=1)
        Filter: (company_type_id < 2)
        Rows Removed by Filter: 1334883
  ->  Hash  (cost=73925.90..73925.90 rows=516541 width=4) (actual time=1398.770..1398.770 rows=440918 loops=1)
        Buckets: 131072  Batches: 8  Memory Usage: 2960kB
        ->  Seq Scan on title t  (cost=0.00..73925.90 rows=516541 width=4) (actual time=0.020..1254.734 rows=440918 loops=1)
              Filter: ((kind_id < 7) AND (production_year > 2001))
              Rows Removed by Filter: 2087394
Planning time: 0.734 ms
Execution time: 3193.977 ms
