Seq Scan on movie_companies mc  (cost=0.00..51404.11 rows=104 width=0) (actual time=284.752..753.467 rows=1140 loops=1)
  Filter: (company_id = 6012)
  Rows Removed by Filter: 2607989
Planning time: 0.389 ms
Execution time: 753.849 ms
