Seq Scan on movie_companies mc  (cost=0.00..51404.11 rows=2608929 width=0) (actual time=0.031..992.085 rows=2607834 loops=1)
  Filter: (company_id > 1)
  Rows Removed by Filter: 1295
Planning time: 0.335 ms
Execution time: 1300.606 ms
