Hash Join  (cost=174865.45..305168.04 rows=1090012 width=0) (actual time=4455.593..8691.708 rows=4628742 loops=1)
  Hash Cond: (mk.movie_id = t.id)
  ->  Seq Scan on movie_keyword mk  (cost=0.00..81003.12 rows=3011825 width=4) (actual time=0.015..1724.030 rows=2999504 loops=1)
        Filter: (keyword_id > 2212)
        Rows Removed by Filter: 1524426
  ->  Hash  (cost=159851.69..159851.69 rows=915101 width=8) (actual time=4454.349..4454.349 rows=919850 loops=1)
        Buckets: 131072  Batches: 16  Memory Usage: 3282kB
        ->  Hash Join  (cost=102767.86..159851.69 rows=915101 width=8) (actual time=1955.656..4184.512 rows=919850 loops=1)
              Hash Cond: (mi_idx.movie_id = t.id)
              ->  Seq Scan on movie_info_idx mi_idx  (cost=0.00..25185.44 rows=915101 width=4) (actual time=0.023..558.459 rows=919850 loops=1)
                    Filter: (info_type_id < 101)
                    Rows Removed by Filter: 460185
              ->  Hash  (cost=61283.27..61283.27 rows=2528527 width=4) (actual time=1953.573..1953.573 rows=2528312 loops=1)
                    Buckets: 131072  Batches: 64  Memory Usage: 2415kB
                    ->  Seq Scan on title t  (cost=0.00..61283.27 rows=2528527 width=4) (actual time=0.020..1089.288 rows=2528312 loops=1)
Planning time: 1.128 ms
Execution time: 9214.243 ms
