Hash Join  (cost=122535.74..924633.34 rows=4838 width=176) (actual time=4958.981..14171.896 rows=11568 loops=1)
  Hash Cond: (ci.movie_id = t.id)
  ->  Seq Scan on cast_info ci  (cost=0.00..796071.18 rows=1594144 width=42) (actual time=3139.422..12123.309 rows=797206 loops=1)
        Filter: ((person_id < 580296) AND (role_id > 4))
        Rows Removed by Filter: 35447138
  ->  Hash  (cost=122439.81..122439.81 rows=7674 width=134) (actual time=1819.160..1819.160 rows=20384 loops=1)
        Buckets: 32768 (originally 8192)  Batches: 1 (originally 1)  Memory Usage: 3160kB
        ->  Hash Join  (cost=67697.55..122439.81 rows=7674 width=134) (actual time=363.262..1801.824 rows=20384 loops=1)
              Hash Cond: (mc.movie_id = t.id)
              ->  Seq Scan on movie_companies mc  (cost=0.00..44881.29 rows=2609129 width=40) (actual time=0.020..798.219 rows=2609129 loops=1)
              ->  Hash  (cost=67604.59..67604.59 rows=7437 width=94) (actual time=362.894..362.894 rows=14601 loops=1)
                    Buckets: 16384 (originally 8192)  Batches: 1 (originally 1)  Memory Usage: 1779kB
                    ->  Seq Scan on title t  (cost=0.00..67604.59 rows=7437 width=94) (actual time=0.042..358.881 rows=14601 loops=1)
                          Filter: (production_year = 1967)
                          Rows Removed by Filter: 2513711
Planning time: 1.408 ms
Execution time: 14173.577 ms
