Hash Join  (cost=124170.17..489177.70 rows=35161 width=0) (actual time=1410.948..7730.058 rows=70659 loops=1)
  Hash Cond: (mi.movie_id = t.id)
  ->  Seq Scan on movie_info mi  (cost=0.00..309384.22 rows=14739122 width=4) (actual time=0.013..3538.368 rows=14835720 loops=1)
  ->  Hash  (cost=124094.77..124094.77 rows=6032 width=8) (actual time=1410.504..1410.504 rows=6516 loops=1)
        Buckets: 8192  Batches: 1  Memory Usage: 319kB
        ->  Nested Loop  (cost=0.43..124094.77 rows=6032 width=8) (actual time=0.598..1406.549 rows=6516 loops=1)
              ->  Seq Scan on movie_keyword mk  (cost=0.00..81003.12 rows=6032 width=4) (actual time=0.540..1243.762 rows=6516 loops=1)
                    Filter: (keyword_id = 196)
                    Rows Removed by Filter: 4517414
              ->  Index Only Scan using title_pkey on title t  (cost=0.43..7.13 rows=1 width=4) (actual time=0.024..0.024 rows=1 loops=6516)
                    Index Cond: (id = mk.movie_id)
                    Heap Fetches: 6516
Planning time: 2.280 ms
Execution time: 7741.087 ms
