Hash Join  (cost=244346.87..707024.94 rows=3159949 width=0) (actual time=5597.067..17639.170 rows=5388603 loops=1)
  Hash Cond: (mi.movie_id = t.id)
  ->  Seq Scan on movie_info mi  (cost=0.00..346232.03 rows=6231111 width=4) (actual time=189.249..6477.773 rows=6223494 loops=1)
        Filter: (info_type_id > 8)
        Rows Removed by Filter: 8612226
  ->  Hash  (cost=223309.40..223309.40 rows=1282278 width=8) (actual time=5406.479..5406.479 rows=607420 loops=1)
        Buckets: 131072  Batches: 32  Memory Usage: 1731kB
        ->  Hash Join  (cost=85684.58..223309.40 rows=1282278 width=8) (actual time=1608.784..5227.188 rows=607420 loops=1)
              Hash Cond: (mk.movie_id = t.id)
              ->  Seq Scan on movie_keyword mk  (cost=0.00..69693.30 rows=4523930 width=4) (actual time=0.027..1505.851 rows=4523930 loops=1)
              ->  Hash  (cost=73925.90..73925.90 rows=716694 width=4) (actual time=1605.603..1605.603 rows=604570 loops=1)
                    Buckets: 131072  Batches: 16  Memory Usage: 2362kB
                    ->  Seq Scan on title t  (cost=0.00..73925.90 rows=716694 width=4) (actual time=0.028..1395.141 rows=604570 loops=1)
                          Filter: ((kind_id > 1) AND (production_year < 1999))
                          Rows Removed by Filter: 1923742
Planning time: 2.112 ms
Execution time: 18269.737 ms
