Hash Join  (cost=103888.80..901296.23 rows=3217 width=0) (actual time=11395.526..12896.908 rows=2 loops=1)
  Hash Cond: (ci.movie_id = t.id)
  ->  Seq Scan on cast_info ci  (cost=0.00..796071.18 rows=347751 width=4) (actual time=9275.026..10967.608 rows=204 loops=1)
        Filter: ((person_id < 164654) AND (role_id = 2))
        Rows Removed by Filter: 36244140
  ->  Hash  (cost=103596.35..103596.35 rows=23396 width=8) (actual time=1928.870..1928.870 rows=21380 loops=1)
        Buckets: 32768  Batches: 1  Memory Usage: 1092kB
        ->  Hash Join  (cost=74730.49..103596.35 rows=23396 width=8) (actual time=1140.286..1920.909 rows=21380 loops=1)
              Hash Cond: (mi_idx.movie_id = t.id)
              ->  Seq Scan on movie_info_idx mi_idx  (cost=0.00..25185.44 rows=919057 width=4) (actual time=0.031..549.370 rows=920110 loops=1)
                    Filter: (info_type_id > 99)
                    Rows Removed by Filter: 459925
              ->  Hash  (cost=73925.90..73925.90 rows=64367 width=4) (actual time=1139.777..1139.777 rows=53905 loops=1)
                    Buckets: 65536  Batches: 1  Memory Usage: 2408kB
                    ->  Seq Scan on title t  (cost=0.00..73925.90 rows=64367 width=4) (actual time=0.063..1114.082 rows=53905 loops=1)
                          Filter: ((kind_id < 7) AND (production_year = 2012))
                          Rows Removed by Filter: 2474407
Planning time: 5.913 ms
Execution time: 12897.480 ms
