Hash Join  (cost=82871.49..991026.07 rows=1728258 width=0) (actual time=2896.884..24488.238 rows=3303295 loops=1)
  Hash Cond: (ci.movie_id = t.id)
  ->  Seq Scan on cast_info ci  (cost=0.00..796071.18 rows=8014617 width=4) (actual time=1418.222..15524.994 rows=12670688 loops=1)
        Filter: ((person_id < 2315973) AND (role_id = 1))
        Rows Removed by Filter: 23573656
  ->  Hash  (cost=73925.90..73925.90 rows=545247 width=4) (actual time=1477.615..1477.615 rows=557319 loops=1)
        Buckets: 131072  Batches: 8  Memory Usage: 3485kB
        ->  Seq Scan on title t  (cost=0.00..73925.90 rows=545247 width=4) (actual time=0.028..1305.252 rows=557319 loops=1)
              Filter: ((production_year < 2011) AND (kind_id = 1))
              Rows Removed by Filter: 1970993
Planning time: 0.811 ms
Execution time: 24845.894 ms
