Seq Scan on cast_info ci  (cost=0.00..796071.18 rows=13609469 width=0) (actual time=0.044..16189.023 rows=14542652 loops=1)
  Filter: ((person_id > 553124) AND (role_id > 2))
  Rows Removed by Filter: 21701692
Planning time: 0.358 ms
Execution time: 17974.769 ms
