Hash Join  (cost=77642.13..1068638.22 rows=2046336 width=0) (actual time=1156.770..25140.780 rows=910652 loops=1)
  Hash Cond: (ci.movie_id = t.id)
  ->  Seq Scan on cast_info ci  (cost=0.00..705507.15 rows=22844420 width=4) (actual time=0.020..13952.504 rows=22722825 loops=1)
        Filter: (person_id < 2319595)
        Rows Removed by Filter: 13521519
  ->  Hash  (cost=73925.90..73925.90 rows=226498 width=4) (actual time=1155.837..1155.837 rows=120787 loops=1)
        Buckets: 131072  Batches: 4  Memory Usage: 2083kB
        ->  Seq Scan on title t  (cost=0.00..73925.90 rows=226498 width=4) (actual time=0.023..1113.015 rows=120787 loops=1)
              Filter: ((production_year < 1970) AND (kind_id = 7))
              Rows Removed by Filter: 2407525
Planning time: 0.751 ms
Execution time: 25255.762 ms
