Seq Scan on movie_keyword mk  (cost=0.00..81003.12 rows=2886822 width=0) (actual time=0.020..1496.678 rows=2878466 loops=1)
  Filter: (keyword_id < 8939)
  Rows Removed by Filter: 1645464
Planning time: 0.427 ms
Execution time: 1857.810 ms
