Hash Join  (cost=106187.82..150833.86 rows=432077 width=0) (actual time=2978.665..4343.779 rows=452017 loops=1)
  Hash Cond: (mi_idx.movie_id = t.id)
  ->  Seq Scan on movie_info_idx mi_idx  (cost=0.00..25185.44 rows=464566 width=4) (actual time=0.012..525.997 rows=459925 loops=1)
        Filter: (info_type_id = 101)
        Rows Removed by Filter: 920110
  ->  Hash  (cost=67604.59..67604.59 rows=2351699 width=4) (actual time=2977.992..2977.992 rows=2346476 loops=1)
        Buckets: 131072  Batches: 32  Memory Usage: 3606kB
        ->  Seq Scan on title t  (cost=0.00..67604.59 rows=2351699 width=4) (actual time=0.009..1436.996 rows=2346476 loops=1)
              Filter: (production_year > 1927)
              Rows Removed by Filter: 181836
Planning time: 0.547 ms
Execution time: 4398.424 ms
