Seq Scan on cast_info ci  (cost=0.00..796071.18 rows=131 width=0) (actual time=33116.666..34063.894 rows=1 loops=1)
  Filter: ((role_id > 4) AND (person_id = 3992744))
  Rows Removed by Filter: 36244343
Planning time: 0.338 ms
Execution time: 34064.003 ms
