Hash Join  (cost=177228.38..302814.85 rows=294143 width=0) (actual time=3657.187..7449.753 rows=2743337 loops=1)
  Hash Cond: (mk.movie_id = t.id)
  ->  Seq Scan on movie_keyword mk  (cost=0.00..69693.30 rows=4523930 width=4) (actual time=0.015..1402.894 rows=4523930 loops=1)
  ->  Hash  (cost=174530.34..174530.34 rows=164403 width=8) (actual time=3651.920..3651.920 rows=327985 loops=1)
        Buckets: 131072 (originally 131072)  Batches: 8 (originally 4)  Memory Usage: 3073kB
        ->  Hash Join  (cost=102767.86..174530.34 rows=164403 width=8) (actual time=2282.102..3536.030 rows=327985 loops=1)
              Hash Cond: (mc.movie_id = t.id)
              ->  Seq Scan on movie_companies mc  (cost=0.00..57926.93 rows=164403 width=4) (actual time=451.952..965.223 rows=327985 loops=1)
                    Filter: ((company_id > 91160) AND (company_type_id = 2))
                    Rows Removed by Filter: 2281144
              ->  Hash  (cost=61283.27..61283.27 rows=2528527 width=4) (actual time=1828.882..1828.882 rows=2528312 loops=1)
                    Buckets: 131072  Batches: 64  Memory Usage: 2415kB
                    ->  Seq Scan on title t  (cost=0.00..61283.27 rows=2528527 width=4) (actual time=0.025..980.697 rows=2528312 loops=1)
Planning time: 1.116 ms
Execution time: 7734.032 ms
