Hash Join  (cost=346669.76..1116926.10 rows=22040771 width=0) (actual time=8045.429..69186.166 rows=205518520 loops=1)
  Hash Cond: (mi.movie_id = t.id)
  ->  Seq Scan on movie_info mi  (cost=0.00..309384.22 rows=14739122 width=4) (actual time=0.017..6202.800 rows=14835720 loops=1)
  ->  Hash  (cost=284634.51..284634.51 rows=3781140 width=8) (actual time=8043.185..8043.185 rows=3775753 loops=1)
        Buckets: 131072  Batches: 64  Memory Usage: 3434kB
        ->  Hash Join  (cost=102767.86..284634.51 rows=3781140 width=8) (actual time=1904.850..6908.949 rows=3775753 loops=1)
              Hash Cond: (mk.movie_id = t.id)
              ->  Seq Scan on movie_keyword mk  (cost=0.00..81003.12 rows=3781140 width=4) (actual time=0.013..1694.277 rows=3775753 loops=1)
                    Filter: (keyword_id > 679)
                    Rows Removed by Filter: 748177
              ->  Hash  (cost=61283.27..61283.27 rows=2528527 width=4) (actual time=1903.475..1903.475 rows=2528312 loops=1)
                    Buckets: 131072  Batches: 64  Memory Usage: 2425kB
                    ->  Seq Scan on title t  (cost=0.00..61283.27 rows=2528527 width=4) (actual time=0.018..1064.380 rows=2528312 loops=1)
Planning time: 1.127 ms
Execution time: 92522.746 ms
