Hash Join  (cost=102767.86..181765.50 rows=465151 width=0) (actual time=2249.284..3306.290 rows=155163 loops=1)
  Hash Cond: (mc.movie_id = t.id)
  ->  Seq Scan on movie_companies mc  (cost=0.00..57926.93 rows=465151 width=4) (actual time=432.143..983.303 rows=155163 loops=1)
        Filter: ((company_id > 18261) AND (company_type_id = 1))
        Rows Removed by Filter: 2453966
  ->  Hash  (cost=61283.27..61283.27 rows=2528527 width=4) (actual time=1816.069..1816.069 rows=2528312 loops=1)
        Buckets: 131072  Batches: 64  Memory Usage: 2415kB
        ->  Seq Scan on title t  (cost=0.00..61283.27 rows=2528527 width=4) (actual time=0.026..976.845 rows=2528312 loops=1)
Planning time: 0.752 ms
Execution time: 3324.788 ms
