Hash Join  (cost=102767.86..247257.95 rows=2227875 width=0) (actual time=1930.961..5577.651 rows=2225400 loops=1)
  Hash Cond: (mk.movie_id = t.id)
  ->  Seq Scan on movie_keyword mk  (cost=0.00..81003.12 rows=2227875 width=4) (actual time=0.016..1600.022 rows=2225400 loops=1)
        Filter: (keyword_id > 4925)
        Rows Removed by Filter: 2298530
  ->  Hash  (cost=61283.27..61283.27 rows=2528527 width=4) (actual time=1929.322..1929.322 rows=2528312 loops=1)
        Buckets: 131072  Batches: 64  Memory Usage: 2425kB
        ->  Seq Scan on title t  (cost=0.00..61283.27 rows=2528527 width=4) (actual time=0.009..1082.487 rows=2528312 loops=1)
Planning time: 0.710 ms
Execution time: 5825.933 ms
