Seq Scan on movie_companies mc  (cost=0.00..57926.93 rows=414983 width=0) (actual time=193.302..968.681 rows=594915 loops=1)
  Filter: ((company_id < 2222) AND (company_type_id < 2))
  Rows Removed by Filter: 2014214
Planning time: 0.313 ms
Execution time: 1045.595 ms
