Hash Join  (cost=77779.93..572195.45 rows=1369159 width=0) (actual time=1329.701..15464.412 rows=4239394 loops=1)
  Hash Cond: (mi.movie_id = t.id)
  ->  Seq Scan on movie_info mi  (cost=0.00..309384.22 rows=14739122 width=4) (actual time=0.015..6085.165 rows=14835720 loops=1)
  ->  Hash  (cost=73925.90..73925.90 rows=234882 width=4) (actual time=1328.756..1328.756 rows=374067 loops=1)
        Buckets: 131072 (originally 131072)  Batches: 8 (originally 4)  Memory Usage: 3073kB
        ->  Seq Scan on title t  (cost=0.00..73925.90 rows=234882 width=4) (actual time=0.013..1204.164 rows=374067 loops=1)
              Filter: ((kind_id < 4) AND (production_year < 1990))
              Rows Removed by Filter: 2154245
Planning time: 0.818 ms
Execution time: 15946.857 ms
