Hash Join  (cost=102190.70..906561.26 rows=25312 width=0) (actual time=3761.899..16219.497 rows=277902 loops=1)
  Hash Cond: (ci.movie_id = t.id)
  ->  Seq Scan on cast_info ci  (cost=0.00..796071.18 rows=2145668 width=4) (actual time=1928.402..13085.522 rows=4526928 loops=1)
        Filter: ((person_id > 2322757) AND (role_id > 8))
        Rows Removed by Filter: 31717416
  ->  Hash  (cost=101817.84..101817.84 rows=29829 width=8) (actual time=1833.014..1833.014 rows=75915 loops=1)
        Buckets: 131072 (originally 32768)  Batches: 1 (originally 1)  Memory Usage: 3990kB
        ->  Hash Join  (cost=74609.07..101817.84 rows=29829 width=8) (actual time=1120.452..1805.479 rows=75915 loops=1)
              Hash Cond: (mi_idx.movie_id = t.id)
              ->  Seq Scan on movie_info_idx mi_idx  (cost=0.00..21735.35 rows=1380035 width=4) (actual time=0.026..323.729 rows=1380035 loops=1)
              ->  Hash  (cost=73925.90..73925.90 rows=54653 width=4) (actual time=1120.035..1120.035 rows=69619 loops=1)
                    Buckets: 131072 (originally 65536)  Batches: 1 (originally 1)  Memory Usage: 3472kB
                    ->  Seq Scan on title t  (cost=0.00..73925.90 rows=54653 width=4) (actual time=0.044..1092.710 rows=69619 loops=1)
                          Filter: ((production_year < 2005) AND (kind_id = 3))
                          Rows Removed by Filter: 2458693
Planning time: 1.206 ms
Execution time: 16256.668 ms
