Seq Scan on cast_info ci  (cost=0.00..796071.18 rows=10659159 width=0) (actual time=3825.815..14666.193 rows=12707583 loops=1)
  Filter: ((person_id > 1213343) AND (role_id > 2))
  Rows Removed by Filter: 23536761
Planning time: 0.345 ms
Execution time: 16143.259 ms
