Seq Scan on movie_companies mc  (cost=0.00..57926.93 rows=51 width=0) (actual time=81.916..771.773 rows=75 loops=1)
  Filter: ((company_id = 11757) AND (company_type_id = 1))
  Rows Removed by Filter: 2609054
Planning time: 0.376 ms
Execution time: 771.883 ms
