Seq Scan on movie_keyword mk  (cost=0.00..81003.12 rows=3416458 width=0) (actual time=0.025..4802.182 rows=3407583 loops=1)
  Filter: (keyword_id > 1164)
  Rows Removed by Filter: 1116347
Planning time: 0.322 ms
Execution time: 5358.664 ms
