Hash Join  (cost=116949.60..1163081.72 rows=1200098 width=0) (actual time=2246.276..27972.685 rows=2203968 loops=1)
  Hash Cond: (ci.movie_id = t.id)
  ->  Seq Scan on cast_info ci  (cost=0.00..614943.12 rows=36225612 width=4) (actual time=0.030..12755.071 rows=36244344 loops=1)
  ->  Hash  (cost=115574.52..115574.52 rows=83766 width=8) (actual time=2245.327..2245.327 rows=76581 loops=1)
        Buckets: 131072  Batches: 2  Memory Usage: 2511kB
        ->  Hash Join  (cost=76444.38..115574.52 rows=83766 width=8) (actual time=1197.722..2221.081 rows=76581 loops=1)
              Hash Cond: (mi_idx.movie_id = t.id)
              ->  Seq Scan on movie_info_idx mi_idx  (cost=0.00..21735.35 rows=1380035 width=4) (actual time=0.015..445.412 rows=1380035 loops=1)
              ->  Hash  (cost=73925.90..73925.90 rows=153478 width=4) (actual time=1196.955..1196.955 rows=134760 loops=1)
                    Buckets: 131072  Batches: 4  Memory Usage: 2216kB
                    ->  Seq Scan on title t  (cost=0.00..73925.90 rows=153478 width=4) (actual time=0.025..1150.514 rows=134760 loops=1)
                          Filter: ((kind_id < 7) AND (production_year > 2010))
                          Rows Removed by Filter: 2393552
Planning time: 1.289 ms
Execution time: 28249.031 ms
