Seq Scan on cast_info ci  (cost=0.00..705507.15 rows=500 width=0) (actual time=6980.733..10425.929 rows=64 loops=1)
  Filter: (person_id = 156641)
  Rows Removed by Filter: 36244280
Planning time: 0.364 ms
Execution time: 10426.048 ms
