Seq Scan on movie_keyword mk  (cost=0.00..81003.12 rows=246 width=0) (actual time=1.584..1397.060 rows=837 loops=1)
  Filter: (keyword_id = 5673)
  Rows Removed by Filter: 4523093
Planning time: 0.363 ms
Execution time: 1397.484 ms
