Hash Join  (cost=90606.68..233666.15 rows=1498708 width=0) (actual time=2950.924..5614.608 rows=332074 loops=1)
  Hash Cond: (mk.movie_id = t.id)
  ->  Seq Scan on movie_keyword mk  (cost=0.00..81003.12 rows=3727270 width=4) (actual time=0.014..1645.853 rows=3724663 loops=1)
        Filter: (keyword_id < 23137)
        Rows Removed by Filter: 799267
  ->  Hash  (cost=73925.90..73925.90 rows=1016702 width=4) (actual time=1605.079..1605.079 rows=960113 loops=1)
        Buckets: 131072  Batches: 16  Memory Usage: 3141kB
        ->  Seq Scan on title t  (cost=0.00..73925.90 rows=1016702 width=4) (actual time=0.018..1297.351 rows=960113 loops=1)
              Filter: ((production_year < 2008) AND (kind_id = 7))
              Rows Removed by Filter: 1568199
Planning time: 0.440 ms
Execution time: 5651.089 ms
