Hash Join  (cost=174865.45..288440.44 rows=691243 width=0) (actual time=4064.535..7270.121 rows=2894528 loops=1)
  Hash Cond: (mk.movie_id = t.id)
  ->  Seq Scan on movie_keyword mk  (cost=0.00..81003.12 rows=1909983 width=4) (actual time=0.011..1518.257 rows=1917093 loops=1)
        Filter: (keyword_id < 3304)
        Rows Removed by Filter: 2606837
  ->  Hash  (cost=159851.69..159851.69 rows=915101 width=8) (actual time=4063.606..4063.606 rows=919850 loops=1)
        Buckets: 131072  Batches: 16  Memory Usage: 3282kB
        ->  Hash Join  (cost=102767.86..159851.69 rows=915101 width=8) (actual time=2104.166..3796.807 rows=919850 loops=1)
              Hash Cond: (mi_idx.movie_id = t.id)
              ->  Seq Scan on movie_info_idx mi_idx  (cost=0.00..25185.44 rows=915101 width=4) (actual time=0.015..555.198 rows=919850 loops=1)
                    Filter: (info_type_id < 101)
                    Rows Removed by Filter: 460185
              ->  Hash  (cost=61283.27..61283.27 rows=2528527 width=4) (actual time=2102.499..2102.499 rows=2528312 loops=1)
                    Buckets: 131072  Batches: 64  Memory Usage: 2415kB
                    ->  Seq Scan on title t  (cost=0.00..61283.27 rows=2528527 width=4) (actual time=0.003..1244.848 rows=2528312 loops=1)
Planning time: 0.740 ms
Execution time: 7600.123 ms
