Hash Join  (cost=1063888.03..1764330.43 rows=15497877 width=0) (actual time=29180.491..74412.252 rows=136088362 loops=1)
  Hash Cond: (mi.movie_id = t.id)
  ->  Seq Scan on movie_info mi  (cost=0.00..309384.22 rows=14739122 width=4) (actual time=0.013..6342.918 rows=14835720 loops=1)
  ->  Hash  (cost=1020268.36..1020268.36 rows=2658693 width=8) (actual time=29077.891..29077.891 rows=4303544 loops=1)
        Buckets: 131072  Batches: 64  Memory Usage: 3738kB
        ->  Hash Join  (cost=78556.72..1020268.36 rows=2658693 width=8) (actual time=2526.269..27769.405 rows=4303544 loops=1)
              Hash Cond: (ci.movie_id = t.id)
              ->  Seq Scan on cast_info ci  (cost=0.00..796071.18 rows=10070808 width=4) (actual time=1276.907..15399.197 rows=15644530 loops=1)
                    Filter: ((person_id > 2073193) AND (role_id > 1))
                    Rows Removed by Filter: 20599814
              ->  Hash  (cost=67604.59..67604.59 rows=667531 width=4) (actual time=1248.284..1248.284 rows=662825 loops=1)
                    Buckets: 131072  Batches: 16  Memory Usage: 2476kB
                    ->  Seq Scan on title t  (cost=0.00..67604.59 rows=667531 width=4) (actual time=0.026..1048.387 rows=662825 loops=1)
                          Filter: (kind_id = 1)
                          Rows Removed by Filter: 1865487
Planning time: 1.153 ms
Execution time: 88099.945 ms
