Seq Scan on movie_companies mc  (cost=0.00..57926.93 rows=674621 width=0) (actual time=0.021..995.496 rows=921109 loops=1)
  Filter: ((company_id < 11713) AND (company_type_id = 1))
  Rows Removed by Filter: 1688020
Planning time: 0.374 ms
Execution time: 1109.023 ms
