Hash Join  (cost=120662.55..247232.68 rows=374909 width=0) (actual time=2675.799..6165.148 rows=2327246 loops=1)
  Hash Cond: (mk.movie_id = t.id)
  ->  Seq Scan on movie_keyword mk  (cost=0.00..69693.30 rows=4523930 width=4) (actual time=0.014..1374.631 rows=4523930 loops=1)
  ->  Hash  (cost=117224.24..117224.24 rows=209545 width=8) (actual time=2675.123..2675.123 rows=242230 loops=1)
        Buckets: 131072  Batches: 4  Memory Usage: 3405kB
        ->  Hash Join  (cost=77062.89..117224.24 rows=209545 width=8) (actual time=1432.324..2597.322 rows=242230 loops=1)
              Hash Cond: (mi_idx.movie_id = t.id)
              ->  Seq Scan on movie_info_idx mi_idx  (cost=0.00..25185.44 rows=919057 width=4) (actual time=0.016..587.212 rows=920110 loops=1)
                    Filter: (info_type_id > 99)
                    Rows Removed by Filter: 459925
              ->  Hash  (cost=67604.59..67604.59 rows=576504 width=4) (actual time=1431.533..1431.533 rows=568449 loops=1)
                    Buckets: 131072  Batches: 8  Memory Usage: 3513kB
                    ->  Seq Scan on title t  (cost=0.00..67604.59 rows=576504 width=4) (actual time=0.010..1250.324 rows=568449 loops=1)
                          Filter: (production_year < 1984)
                          Rows Removed by Filter: 1959863
Planning time: 1.138 ms
Execution time: 6431.024 ms
