Seq Scan on movie_companies mc  (cost=0.00..57926.93 rows=513171 width=0) (actual time=545.851..884.163 rows=219424 loops=1)
  Filter: ((company_id > 14820) AND (company_type_id < 2))
  Rows Removed by Filter: 2389705
Planning time: 0.352 ms
Execution time: 913.046 ms
