Seq Scan on cast_info ci  (cost=0.00..705507.15 rows=500 width=0) (actual time=826.352..9540.160 rows=685 loops=1)
  Filter: (person_id = 82654)
  Rows Removed by Filter: 36243659
Planning time: 0.363 ms
Execution time: 9540.357 ms
