Nested Loop  (cost=0.43..83072.29 rows=65 width=0) (actual time=50.871..1272.011 rows=15 loops=1)
  ->  Seq Scan on movie_keyword mk  (cost=0.00..81003.12 rows=246 width=4) (actual time=50.803..1270.485 rows=27 loops=1)
        Filter: (keyword_id = 10051)
        Rows Removed by Filter: 4523903
  ->  Index Scan using title_pkey on title t  (cost=0.43..8.40 rows=1 width=4) (actual time=0.049..0.050 rows=1 loops=27)
        Index Cond: (id = mk.movie_id)
        Filter: (kind_id = 1)
        Rows Removed by Filter: 0
Planning time: 0.810 ms
Execution time: 1272.145 ms
