Hash Join  (cost=1163784.33..2127726.96 rows=36739619 width=0) (actual time=27802.020..64202.289 rows=75873206 loops=1)
  Hash Cond: (mi.movie_id = t.id)
  ->  Seq Scan on movie_info mi  (cost=0.00..309384.22 rows=14739122 width=4) (actual time=0.019..6693.404 rows=14835720 loops=1)
  ->  Hash  (cost=1060378.85..1060378.85 rows=6302758 width=8) (actual time=27798.091..27798.091 rows=7450695 loops=1)
        Buckets: 131072  Batches: 128  Memory Usage: 3316kB
        ->  Hash Join  (cost=102767.86..1060378.85 rows=6302758 width=8) (actual time=2085.567..25667.992 rows=7450695 loops=1)
              Hash Cond: (ci.movie_id = t.id)
              ->  Seq Scan on cast_info ci  (cost=0.00..796071.18 rows=6302758 width=4) (actual time=0.025..16952.660 rows=7450695 loops=1)
                    Filter: ((person_id > 468197) AND (role_id = 2))
                    Rows Removed by Filter: 28793649
              ->  Hash  (cost=61283.27..61283.27 rows=2528527 width=4) (actual time=2083.728..2083.728 rows=2528312 loops=1)
                    Buckets: 131072  Batches: 64  Memory Usage: 2415kB
                    ->  Seq Scan on title t  (cost=0.00..61283.27 rows=2528527 width=4) (actual time=0.020..969.460 rows=2528312 loops=1)
Planning time: 1.172 ms
Execution time: 72793.688 ms
