Seq Scan on movie_keyword mk  (cost=0.00..81003.12 rows=1283512 width=0) (actual time=0.021..667.852 rows=1293877 loops=1)
  Filter: (keyword_id > 13650)
  Rows Removed by Filter: 3230053
Planning time: 1.415 ms
Execution time: 762.736 ms
