Seq Scan on movie_companies mc  (cost=0.00..57926.93 rows=53 width=0) (actual time=790.228..971.937 rows=62 loops=1)
  Filter: ((company_type_id > 1) AND (company_id = 73903))
  Rows Removed by Filter: 2609067
Planning time: 0.363 ms
Execution time: 972.049 ms
