Hash Join  (cost=82955.72..152584.26 rows=151301 width=0) (actual time=1557.658..3131.143 rows=68327 loops=1)
  Hash Cond: (mc.movie_id = t.id)
  ->  Seq Scan on movie_companies mc  (cost=0.00..57926.93 rows=695092 width=4) (actual time=64.032..1097.080 rows=933304 loops=1)
        Filter: ((company_id > 11141) AND (company_type_id = 2))
        Rows Removed by Filter: 1675825
  ->  Hash  (cost=73925.90..73925.90 rows=550385 width=4) (actual time=1492.653..1492.653 rows=602403 loops=1)
        Buckets: 131072  Batches: 8  Memory Usage: 3672kB
        ->  Seq Scan on title t  (cost=0.00..73925.90 rows=550385 width=4) (actual time=346.673..1301.501 rows=602403 loops=1)
              Filter: ((production_year > 2006) AND (kind_id = 7))
              Rows Removed by Filter: 1925909
Planning time: 0.767 ms
Execution time: 3139.533 ms
