Hash Join  (cost=128297.80..255098.06 rows=393822 width=0) (actual time=7260.833..14583.941 rows=2283827 loops=1)
  Hash Cond: (mk.movie_id = t.id)
  ->  Seq Scan on movie_keyword mk  (cost=0.00..69693.30 rows=4523930 width=4) (actual time=0.023..4498.238 rows=4523930 loops=1)
  ->  Hash  (cost=124686.35..124686.35 rows=220116 width=8) (actual time=7260.139..7260.139 rows=265071 loops=1)
        Buckets: 131072  Batches: 4  Memory Usage: 3628kB
        ->  Hash Join  (cost=87245.25..124686.35 rows=220116 width=8) (actual time=5116.179..7155.506 rows=265071 loops=1)
              Hash Cond: (mi_idx.movie_id = t.id)
              ->  Seq Scan on movie_info_idx mi_idx  (cost=0.00..25185.44 rows=464934 width=4) (actual time=0.015..1346.424 rows=460185 loops=1)
                    Filter: (info_type_id > 100)
                    Rows Removed by Filter: 919850
              ->  Hash  (cost=67604.59..67604.59 rows=1197093 width=4) (actual time=5115.301..5115.301 rows=1195923 loops=1)
                    Buckets: 131072  Batches: 16  Memory Usage: 3653kB
                    ->  Seq Scan on title t  (cost=0.00..67604.59 rows=1197093 width=4) (actual time=0.014..4574.638 rows=1195923 loops=1)
                          Filter: (production_year < 2003)
                          Rows Removed by Filter: 1332389
Planning time: 1.049 ms
Execution time: 14898.544 ms
