Seq Scan on movie_companies mc  (cost=0.00..57926.93 rows=53 width=0) (actual time=513.902..908.830 rows=6 loops=1)
  Filter: ((company_type_id > 1) AND (company_id = 122573))
  Rows Removed by Filter: 2609123
Planning time: 0.443 ms
Execution time: 908.929 ms
