Seq Scan on movie_companies mc  (cost=0.00..57926.93 rows=1192307 width=0) (actual time=0.012..1099.706 rows=1131906 loops=1)
  Filter: ((company_id > 34) AND (company_type_id = 1))
  Rows Removed by Filter: 1477223
Planning time: 0.267 ms
Execution time: 1242.300 ms
