Hash Join  (cost=1018504.83..4907999.11 rows=208625844 width=0) (actual time=24695.681..180956.825 rows=455844911 loops=1)
  Hash Cond: (ci.movie_id = t.id)
  ->  Seq Scan on cast_info ci  (cost=0.00..705507.15 rows=35790197 width=4) (actual time=0.021..17698.213 rows=35877729 loops=1)
        Filter: (person_id > 41949)
        Rows Removed by Filter: 366615
  ->  Hash  (cost=776690.81..776690.81 rows=14739122 width=8) (actual time=24693.150..24693.150 rows=14835720 loops=1)
        Buckets: 131072  Batches: 256  Memory Usage: 3268kB
        ->  Hash Join  (cost=102767.86..776690.81 rows=14739122 width=8) (actual time=2007.865..20649.808 rows=14835720 loops=1)
              Hash Cond: (mi.movie_id = t.id)
              ->  Seq Scan on movie_info mi  (cost=0.00..309384.22 rows=14739122 width=4) (actual time=0.012..6374.321 rows=14835720 loops=1)
              ->  Hash  (cost=61283.27..61283.27 rows=2528527 width=4) (actual time=2006.269..2006.269 rows=2528312 loops=1)
                    Buckets: 131072  Batches: 64  Memory Usage: 2425kB
                    ->  Seq Scan on title t  (cost=0.00..61283.27 rows=2528527 width=4) (actual time=0.004..1167.462 rows=2528312 loops=1)
Planning time: 1.101 ms
Execution time: 230774.575 ms
