Hash Join  (cost=69090.10..1116701.26 rows=1026345 width=0) (actual time=1092.783..27865.927 rows=706909 loops=1)
  Hash Cond: (ci.movie_id = t.id)
  ->  Seq Scan on cast_info ci  (cost=0.00..705507.15 rows=28668949 width=4) (actual time=0.014..15678.763 rows=28808107 loops=1)
        Filter: (role_id < 8)
        Rows Removed by Filter: 7436237
  ->  Hash  (cost=67604.59..67604.59 rows=90521 width=4) (actual time=1091.895..1091.895 rows=90852 loops=1)
        Buckets: 131072  Batches: 2  Memory Usage: 2626kB
        ->  Seq Scan on title t  (cost=0.00..67604.59 rows=90521 width=4) (actual time=0.014..1058.727 rows=90852 loops=1)
              Filter: (kind_id = 2)
              Rows Removed by Filter: 2437460
Planning time: 0.763 ms
Execution time: 27961.595 ms
