Hash Join  (cost=165379.43..892263.63 rows=30826 width=0) (actual time=1820.643..13686.765 rows=71138 loops=1)
  Hash Cond: (ci.movie_id = t.id)
  ->  Seq Scan on cast_info ci  (cost=0.00..705507.15 rows=5618342 width=4) (actual time=212.741..10691.019 rows=5542340 loops=1)
        Filter: (person_id < 535148)
        Rows Removed by Filter: 30702004
  ->  Hash  (cost=165206.02..165206.02 rows=13873 width=8) (actual time=1582.350..1582.350 rows=14364 loops=1)
        Buckets: 16384  Batches: 1  Memory Usage: 690kB
        ->  Nested Loop  (cost=0.43..165206.02 rows=13873 width=8) (actual time=0.353..1574.631 rows=14364 loops=1)
              ->  Seq Scan on movie_keyword mk  (cost=0.00..81003.12 rows=13873 width=4) (actual time=0.281..1250.990 rows=14364 loops=1)
                    Filter: (keyword_id = 1)
                    Rows Removed by Filter: 4509566
              ->  Index Only Scan using title_pkey on title t  (cost=0.43..6.06 rows=1 width=4) (actual time=0.021..0.022 rows=1 loops=14364)
                    Index Cond: (id = mk.movie_id)
                    Heap Fetches: 14364
Planning time: 1.262 ms
Execution time: 13698.605 ms
