Seq Scan on cast_info ci  (cost=0.00..705507.15 rows=500 width=0) (actual time=4351.199..9959.444 rows=269 loops=1)
  Filter: (person_id = 357574)
  Rows Removed by Filter: 36244075
Planning time: 10.431 ms
Execution time: 9959.588 ms
