Seq Scan on cast_info ci  (cost=0.00..705507.15 rows=500 width=0) (actual time=5036.553..10043.789 rows=1805 loops=1)
  Filter: (person_id = 2069715)
  Rows Removed by Filter: 36242539
Planning time: 0.363 ms
Execution time: 10044.116 ms
