Hash Join  (cost=125339.09..1205887.22 rows=1948142 width=0) (actual time=2482.437..32512.774 rows=5009842 loops=1)
  Hash Cond: (ci.movie_id = t.id)
  ->  Seq Scan on cast_info ci  (cost=0.00..796071.18 rows=22845485 width=4) (actual time=0.018..19065.650 rows=23344207 loops=1)
        Filter: ((person_id > 92542) AND (role_id > 1))
        Rows Removed by Filter: 12900137
  ->  Hash  (cost=121800.85..121800.85 rows=215619 width=8) (actual time=2481.442..2481.442 rows=275110 loops=1)
        Buckets: 131072  Batches: 4  Memory Usage: 3701kB
        ->  Hash Join  (cost=80408.18..121800.85 rows=215619 width=8) (actual time=1251.847..2400.309 rows=275110 loops=1)
              Hash Cond: (mi_idx.movie_id = t.id)
              ->  Seq Scan on movie_info_idx mi_idx  (cost=0.00..21735.35 rows=1380035 width=4) (actual time=0.018..421.377 rows=1380035 loops=1)
              ->  Hash  (cost=73925.90..73925.90 rows=395062 width=4) (actual time=1250.825..1250.825 rows=335993 loops=1)
                    Buckets: 131072  Batches: 8  Memory Usage: 2492kB
                    ->  Seq Scan on title t  (cost=0.00..73925.90 rows=395062 width=4) (actual time=0.019..1134.849 rows=335993 loops=1)
                          Filter: ((kind_id < 7) AND (production_year > 2005))
                          Rows Removed by Filter: 2192319
Planning time: 1.194 ms
Execution time: 33063.996 ms
