Hash Join  (cost=98137.04..904735.86 rows=3423095 width=0) (actual time=15009.972..47739.479 rows=3315450 loops=1)
  Hash Cond: (ci.movie_id = t.id)
  ->  Seq Scan on cast_info ci  (cost=0.00..705507.15 rows=4650944 width=4) (actual time=9921.819..37674.533 rows=4690634 loops=1)
        Filter: (person_id > 3212254)
        Rows Removed by Filter: 31553710
  ->  Hash  (cost=67604.59..67604.59 rows=1860996 width=4) (actual time=5085.627..5085.627 rows=1865487 loops=1)
        Buckets: 131072  Batches: 32  Memory Usage: 3079kB
        ->  Seq Scan on title t  (cost=0.00..67604.59 rows=1860996 width=4) (actual time=0.026..4268.368 rows=1865487 loops=1)
              Filter: (kind_id > 1)
              Rows Removed by Filter: 662825
Planning time: 3.005 ms
Execution time: 48207.170 ms
