Nested Loop  (cost=0.43..797958.78 rows=113 width=0) (actual time=1233.338..13510.414 rows=61 loops=1)
  ->  Seq Scan on cast_info ci  (cost=0.00..796071.18 rows=224 width=4) (actual time=1233.252..13507.367 rows=62 loops=1)
        Filter: ((role_id > 2) AND (person_id = 3424275))
        Rows Removed by Filter: 36244282
  ->  Index Scan using title_pkey on title t  (cost=0.43..8.42 rows=1 width=4) (actual time=0.048..0.048 rows=1 loops=62)
        Index Cond: (id = ci.movie_id)
        Filter: ((kind_id > 1) AND (production_year > 1991))
        Rows Removed by Filter: 0
Planning time: 0.805 ms
Execution time: 13510.580 ms
