Seq Scan on movie_companies mc  (cost=0.00..57926.93 rows=53 width=0) (actual time=271.956..913.777 rows=99 loops=1)
  Filter: ((company_id = 14144) AND (company_type_id = 2))
  Rows Removed by Filter: 2609030
Planning time: 0.394 ms
Execution time: 913.923 ms
