Hash Join  (cost=482102.58..621036.34 rows=1389673 width=0) (actual time=22575.591..30949.964 rows=491500 loops=1)
  Hash Cond: (mk.movie_id = t.id)
  ->  Seq Scan on movie_keyword mk  (cost=0.00..69693.30 rows=4523930 width=4) (actual time=0.018..4933.609 rows=4523930 loops=1)
  ->  Hash  (cost=469358.58..469358.58 rows=776720 width=8) (actual time=22572.619..22572.619 rows=363948 loops=1)
        Buckets: 131072  Batches: 16  Memory Usage: 1917kB
        ->  Hash Join  (cost=93093.72..469358.58 rows=776720 width=8) (actual time=6095.736..22444.789 rows=363948 loops=1)
              Hash Cond: (mi.movie_id = t.id)
              ->  Seq Scan on movie_info mi  (cost=0.00..346232.03 rows=1264125 width=4) (actual time=1229.895..16012.723 rows=1288928 loops=1)
                    Filter: (info_type_id = 2)
                    Rows Removed by Filter: 13546792
              ->  Hash  (cost=67604.59..67604.59 rows=1553611 width=4) (actual time=4864.654..4864.654 rows=1555864 loops=1)
                    Buckets: 131072  Batches: 32  Memory Usage: 2740kB
                    ->  Seq Scan on title t  (cost=0.00..67604.59 rows=1553611 width=4) (actual time=0.031..4138.298 rows=1555864 loops=1)
                          Filter: (kind_id > 4)
                          Rows Removed by Filter: 972448
Planning time: 1.106 ms
Execution time: 31015.604 ms
