Hash Join  (cost=964260.57..1556518.33 rows=8812193 width=0) (actual time=22026.872..52864.176 rows=61178571 loops=1)
  Hash Cond: (mi.movie_id = t.id)
  ->  Seq Scan on movie_info mi  (cost=0.00..309384.22 rows=14739122 width=4) (actual time=0.022..6600.748 rows=14835720 loops=1)
  ->  Hash  (cost=939457.70..939457.70 rows=1511750 width=8) (actual time=22025.246..22025.246 rows=4050774 loops=1)
        Buckets: 131072 (originally 131072)  Batches: 64 (originally 32)  Memory Usage: 3514kB
        ->  Hash Join  (cost=88295.76..939457.70 rows=1511750 width=8) (actual time=1650.735..20539.233 rows=4050774 loops=1)
              Hash Cond: (ci.movie_id = t.id)
              ->  Seq Scan on cast_info ci  (cost=0.00..796071.18 rows=3031002 width=4) (actual time=0.032..14013.150 rows=6615339 loops=1)
                    Filter: ((person_id > 2531629) AND (role_id > 4))
                    Rows Removed by Filter: 29629005
              ->  Hash  (cost=67604.59..67604.59 rows=1261134 width=4) (actual time=1649.592..1649.592 rows=1260295 loops=1)
                    Buckets: 131072  Batches: 32  Memory Usage: 2413kB
                    ->  Seq Scan on title t  (cost=0.00..67604.59 rows=1261134 width=4) (actual time=0.006..1246.168 rows=1260295 loops=1)
                          Filter: (production_year > 2002)
                          Rows Removed by Filter: 1268017
Planning time: 1.167 ms
Execution time: 59629.920 ms
