Hash Join  (cost=28270.40..120411.30 rows=432 width=0) (actual time=348.710..2253.938 rows=28029 loops=1)
  Hash Cond: (mk.movie_id = t.id)
  ->  Seq Scan on movie_keyword mk  (cost=0.00..81003.12 rows=2968922 width=4) (actual time=0.013..1480.927 rows=2963371 loops=1)
        Filter: (keyword_id > 2337)
        Rows Removed by Filter: 1560559
  ->  Hash  (cost=28265.80..28265.80 rows=368 width=8) (actual time=348.258..348.258 rows=260 loops=1)
        Buckets: 1024  Batches: 1  Memory Usage: 19kB
        ->  Nested Loop  (cost=0.43..28265.80 rows=368 width=8) (actual time=237.617..348.149 rows=260 loops=1)
              ->  Seq Scan on movie_info_idx mi_idx  (cost=0.00..25185.44 rows=368 width=4) (actual time=237.500..343.117 rows=260 loops=1)
                    Filter: (info_type_id > 101)
                    Rows Removed by Filter: 1379775
              ->  Index Only Scan using title_pkey on title t  (cost=0.43..8.36 rows=1 width=4) (actual time=0.018..0.019 rows=1 loops=260)
                    Index Cond: (id = mi_idx.movie_id)
                    Heap Fetches: 260
Planning time: 9.170 ms
Execution time: 2257.709 ms
