Seq Scan on cast_info ci  (cost=0.00..705507.15 rows=500 width=0) (actual time=9801.150..9933.783 rows=46 loops=1)
  Filter: (person_id = 3622712)
  Rows Removed by Filter: 36244298
Planning time: 0.374 ms
Execution time: 9933.870 ms
