Seq Scan on cast_info ci  (cost=0.00..796071.18 rows=9178262 width=0) (actual time=0.019..13967.375 rows=11763092 loops=1)
  Filter: ((person_id > 1538671) AND (role_id > 2))
  Rows Removed by Filter: 24481252
Planning time: 0.346 ms
Execution time: 15392.609 ms
