Hash Join  (cost=156487.41..224144.15 rows=107978 width=0) (actual time=3775.366..5416.583 rows=515718 loops=1)
  Hash Cond: (mc.movie_id = t.id)
  ->  Seq Scan on movie_companies mc  (cost=0.00..57926.93 rows=592272 width=4) (actual time=0.015..1039.801 rows=802010 loops=1)
        Filter: ((company_id < 10822) AND (company_type_id < 2))
        Rows Removed by Filter: 1807119
  ->  Hash  (cost=148924.19..148924.19 rows=460978 width=8) (actual time=3774.523..3774.523 rows=459925 loops=1)
        Buckets: 131072  Batches: 8  Memory Usage: 3275kB
        ->  Hash Join  (cost=102767.86..148924.19 rows=460978 width=8) (actual time=2346.668..3640.371 rows=459925 loops=1)
              Hash Cond: (mi_idx.movie_id = t.id)
              ->  Seq Scan on movie_info_idx mi_idx  (cost=0.00..25185.44 rows=460978 width=4) (actual time=0.027..513.982 rows=459925 loops=1)
                    Filter: (info_type_id = 99)
                    Rows Removed by Filter: 920110
              ->  Hash  (cost=61283.27..61283.27 rows=2528527 width=4) (actual time=2345.086..2345.086 rows=2528312 loops=1)
                    Buckets: 131072  Batches: 64  Memory Usage: 2415kB
                    ->  Seq Scan on title t  (cost=0.00..61283.27 rows=2528527 width=4) (actual time=0.015..872.590 rows=2528312 loops=1)
Planning time: 1.192 ms
Execution time: 5479.206 ms
