Hash Join  (cost=67697.55..869589.18 rows=4530 width=0) (actual time=10445.294..17124.705 rows=8841 loops=1)
  Hash Cond: (ci.movie_id = t.id)
  ->  Seq Scan on cast_info ci  (cost=0.00..796071.18 rows=1540039 width=4) (actual time=9357.122..15719.490 rows=1472831 loops=1)
        Filter: ((person_id < 3299932) AND (role_id = 8))
        Rows Removed by Filter: 34771513
  ->  Hash  (cost=67604.59..67604.59 rows=7437 width=4) (actual time=1087.836..1087.836 rows=14442 loops=1)
        Buckets: 16384 (originally 8192)  Batches: 1 (originally 1)  Memory Usage: 636kB
        ->  Seq Scan on title t  (cost=0.00..67604.59 rows=7437 width=4) (actual time=0.150..1080.953 rows=14442 loops=1)
              Filter: (production_year = 1971)
              Rows Removed by Filter: 2513870
Planning time: 0.761 ms
Execution time: 17126.400 ms
