Hash Join  (cost=102767.86..1446705.69 rows=26121642 width=0) (actual time=2001.966..39300.407 rows=26117716 loops=1)
  Hash Cond: (ci.movie_id = t.id)
  ->  Seq Scan on cast_info ci  (cost=0.00..705507.15 rows=26121642 width=4) (actual time=0.019..15751.555 rows=26117716 loops=1)
        Filter: (person_id < 2703132)
        Rows Removed by Filter: 10126628
  ->  Hash  (cost=61283.27..61283.27 rows=2528527 width=4) (actual time=2000.919..2000.919 rows=2528312 loops=1)
        Buckets: 131072  Batches: 64  Memory Usage: 2415kB
        ->  Seq Scan on title t  (cost=0.00..61283.27 rows=2528527 width=4) (actual time=0.012..1134.352 rows=2528312 loops=1)
Planning time: 0.792 ms
Execution time: 42253.371 ms
