Hash Join  (cost=114895.04..216275.50 rows=79525 width=0) (actual time=2308.351..4857.859 rows=906450 loops=1)
  Hash Cond: (mk.movie_id = t.id)
  ->  Seq Scan on movie_keyword mk  (cost=0.00..81003.12 rows=1652290 width=4) (actual time=0.016..1604.041 rows=1665575 loops=1)
        Filter: (keyword_id < 2554)
        Rows Removed by Filter: 2858355
  ->  Hash  (cost=112897.81..112897.81 rows=121698 width=8) (actual time=2307.536..2307.536 rows=209880 loops=1)
        Buckets: 131072 (originally 131072)  Batches: 4 (originally 2)  Memory Usage: 3084kB
        ->  Hash Join  (cost=78556.72..112897.81 rows=121698 width=8) (actual time=1331.599..2235.686 rows=209880 loops=1)
              Hash Cond: (mi_idx.movie_id = t.id)
              ->  Seq Scan on movie_info_idx mi_idx  (cost=0.00..25185.44 rows=460978 width=4) (actual time=0.005..518.990 rows=459925 loops=1)
                    Filter: (info_type_id = 99)
                    Rows Removed by Filter: 920110
              ->  Hash  (cost=67604.59..67604.59 rows=667531 width=4) (actual time=1330.738..1330.738 rows=662825 loops=1)
                    Buckets: 131072  Batches: 16  Memory Usage: 2476kB
                    ->  Seq Scan on title t  (cost=0.00..67604.59 rows=667531 width=4) (actual time=0.617..1117.770 rows=662825 loops=1)
                          Filter: (kind_id = 1)
                          Rows Removed by Filter: 1865487
Planning time: 3.771 ms
Execution time: 4972.974 ms
