Hash Join  (cost=191954.63..325473.52 rows=945286 width=0) (actual time=4250.082..12487.366 rows=13870137 loops=1)
  Hash Cond: (mk.movie_id = t.id)
  ->  Seq Scan on movie_keyword mk  (cost=0.00..69693.30 rows=4523930 width=4) (actual time=0.023..1449.224 rows=4523930 loops=1)
  ->  Hash  (cost=183286.35..183286.35 rows=528342 width=8) (actual time=4248.686..4248.686 rows=738153 loops=1)
        Buckets: 131072 (originally 131072)  Batches: 16 (originally 8)  Memory Usage: 3073kB
        ->  Hash Join  (cost=102767.86..183286.35 rows=528342 width=8) (actual time=2250.683..4030.709 rows=738153 loops=1)
              Hash Cond: (mc.movie_id = t.id)
              ->  Seq Scan on movie_companies mc  (cost=0.00..57926.93 rows=528342 width=4) (actual time=293.408..1071.141 rows=738153 loops=1)
                    Filter: ((company_id < 6709) AND (company_type_id < 2))
                    Rows Removed by Filter: 1870976
              ->  Hash  (cost=61283.27..61283.27 rows=2528527 width=4) (actual time=1956.018..1956.018 rows=2528312 loops=1)
                    Buckets: 131072  Batches: 64  Memory Usage: 2415kB
                    ->  Seq Scan on title t  (cost=0.00..61283.27 rows=2528527 width=4) (actual time=0.029..1116.749 rows=2528312 loops=1)
Planning time: 1.146 ms
Execution time: 14135.215 ms
