Hash Join  (cost=75292.52..153257.92 rows=72634 width=0) (actual time=1267.705..3258.190 rows=54952 loops=1)
  Hash Cond: (mc.movie_id = t.id)
  ->  Seq Scan on movie_companies mc  (cost=0.00..51404.11 rows=2206121 width=4) (actual time=0.026..1175.523 rows=2202256 loops=1)
        Filter: (company_id < 81382)
        Rows Removed by Filter: 406873
  ->  Hash  (cost=73925.90..73925.90 rows=83249 width=4) (actual time=1266.213..1266.213 rows=101793 loops=1)
        Buckets: 131072  Batches: 2  Memory Usage: 2803kB
        ->  Seq Scan on title t  (cost=0.00..73925.90 rows=83249 width=4) (actual time=0.021..1228.333 rows=101793 loops=1)
              Filter: ((kind_id > 1) AND (production_year = 2007))
              Rows Removed by Filter: 2426519
Planning time: 0.781 ms
Execution time: 3266.740 ms
