Nested Loop  (cost=0.43..797556.14 rows=108 width=0) (actual time=5533.666..10615.322 rows=150 loops=1)
  ->  Seq Scan on cast_info ci  (cost=0.00..796071.18 rows=176 width=4) (actual time=5533.564..10611.413 rows=185 loops=1)
        Filter: ((person_id = 631164) AND (role_id = 1))
        Rows Removed by Filter: 36244159
  ->  Index Scan using title_pkey on title t  (cost=0.43..8.43 rows=1 width=4) (actual time=0.020..0.020 rows=1 loops=185)
        Index Cond: (id = ci.movie_id)
        Filter: (production_year < 2007)
        Rows Removed by Filter: 0
Planning time: 0.803 ms
Execution time: 10615.489 ms
