Seq Scan on movie_keyword mk  (cost=0.00..81003.12 rows=4499129 width=0) (actual time=0.025..1661.723 rows=4502584 loops=1)
  Filter: (keyword_id < 116353)
  Rows Removed by Filter: 21346
Planning time: 0.334 ms
Execution time: 2223.030 ms
