Hash Join  (cost=210355.15..1345663.29 rows=5472992 width=0) (actual time=5882.927..53152.197 rows=63425853 loops=1)
  Hash Cond: (ci.movie_id = t.id)
  ->  Seq Scan on cast_info ci  (cost=0.00..614943.12 rows=36225612 width=4) (actual time=0.025..13535.909 rows=36244344 loops=1)
  ->  Hash  (cost=204087.00..204087.00 rows=382012 width=8) (actual time=5880.928..5880.928 rows=1536826 loops=1)
        Buckets: 131072 (originally 131072)  Batches: 32 (originally 8)  Memory Usage: 3073kB
        ->  Hash Join  (cost=77429.84..204087.00 rows=382012 width=8) (actual time=1314.032..5416.067 rows=1536826 loops=1)
              Hash Cond: (mk.movie_id = t.id)
              ->  Seq Scan on movie_keyword mk  (cost=0.00..69693.30 rows=4523930 width=4) (actual time=0.014..1272.341 rows=4523930 loops=1)
              ->  Hash  (cost=73925.90..73925.90 rows=213515 width=4) (actual time=1313.204..1313.204 rows=341626 loops=1)
                    Buckets: 131072  Batches: 4  Memory Usage: 4038kB
                    ->  Seq Scan on title t  (cost=0.00..73925.90 rows=213515 width=4) (actual time=434.647..1200.167 rows=341626 loops=1)
                          Filter: ((production_year < 1995) AND (kind_id = 1))
                          Rows Removed by Filter: 2186686
Planning time: 1.216 ms
Execution time: 59577.180 ms
