Hash Join  (cost=190230.21..270265.12 rows=745180 width=0) (actual time=4407.064..7472.212 rows=2236948 loops=1)
  Hash Cond: (mc.movie_id = t.id)
  ->  Seq Scan on movie_companies mc  (cost=0.00..51404.11 rows=1365333 width=4) (actual time=0.025..1037.382 rows=1350948 loops=1)
        Filter: (company_id < 11595)
        Rows Removed by Filter: 1258181
  ->  Hash  (cost=167588.78..167588.78 rows=1380035 width=8) (actual time=4405.998..4405.998 rows=1380035 loops=1)
        Buckets: 131072  Batches: 32  Memory Usage: 2708kB
        ->  Hash Join  (cost=102767.86..167588.78 rows=1380035 width=8) (actual time=2027.500..4018.406 rows=1380035 loops=1)
              Hash Cond: (mi_idx.movie_id = t.id)
              ->  Seq Scan on movie_info_idx mi_idx  (cost=0.00..21735.35 rows=1380035 width=4) (actual time=0.021..460.808 rows=1380035 loops=1)
              ->  Hash  (cost=61283.27..61283.27 rows=2528527 width=4) (actual time=2025.772..2025.772 rows=2528312 loops=1)
                    Buckets: 131072  Batches: 64  Memory Usage: 2415kB
                    ->  Seq Scan on title t  (cost=0.00..61283.27 rows=2528527 width=4) (actual time=0.023..1173.086 rows=2528312 loops=1)
Planning time: 1.158 ms
Execution time: 7737.604 ms
