Hash Join  (cost=190230.21..301647.23 rows=802385 width=0) (actual time=10611.271..16380.679 rows=3365984 loops=1)
  Hash Cond: (mk.movie_id = t.id)
  ->  Seq Scan on movie_keyword mk  (cost=0.00..81003.12 rows=1470145 width=4) (actual time=0.014..3731.547 rows=1487974 loops=1)
        Filter: (keyword_id < 2130)
        Rows Removed by Filter: 3035956
  ->  Hash  (cost=167588.78..167588.78 rows=1380035 width=8) (actual time=10605.302..10605.302 rows=1380035 loops=1)
        Buckets: 131072  Batches: 32  Memory Usage: 2726kB
        ->  Hash Join  (cost=102767.86..167588.78 rows=1380035 width=8) (actual time=6394.850..10097.082 rows=1380035 loops=1)
              Hash Cond: (mi_idx.movie_id = t.id)
              ->  Seq Scan on movie_info_idx mi_idx  (cost=0.00..21735.35 rows=1380035 width=4) (actual time=0.024..1820.703 rows=1380035 loops=1)
              ->  Hash  (cost=61283.27..61283.27 rows=2528527 width=4) (actual time=6387.856..6387.856 rows=2528312 loops=1)
                    Buckets: 131072  Batches: 64  Memory Usage: 2415kB
                    ->  Seq Scan on title t  (cost=0.00..61283.27 rows=2528527 width=4) (actual time=0.026..4672.647 rows=2528312 loops=1)
Planning time: 1.872 ms
Execution time: 16815.383 ms
