Nested Loop  (cost=0.43..52284.21 rows=1 width=0) (actual time=23.632..798.338 rows=14 loops=1)
  ->  Seq Scan on movie_companies mc  (cost=0.00..51404.11 rows=104 width=4) (actual time=5.528..791.736 rows=181 loops=1)
        Filter: (company_id = 15884)
        Rows Removed by Filter: 2608948
  ->  Index Scan using title_pkey on title t  (cost=0.43..8.45 rows=1 width=4) (actual time=0.035..0.035 rows=0 loops=181)
        Index Cond: (id = mc.movie_id)
        Filter: ((kind_id = 1) AND (production_year = 2008))
        Rows Removed by Filter: 1
Planning time: 0.854 ms
Execution time: 798.446 ms
