Hash Join  (cost=102767.86..1218351.70 rows=12867856 width=0) (actual time=2068.554..26393.837 rows=8613726 loops=1)
  Hash Cond: (ci.movie_id = t.id)
  ->  Seq Scan on cast_info ci  (cost=0.00..796071.18 rows=12867856 width=4) (actual time=0.017..16242.052 rows=8613726 loops=1)
        Filter: ((person_id < 2921400) AND (role_id > 2))
        Rows Removed by Filter: 27630618
  ->  Hash  (cost=61283.27..61283.27 rows=2528527 width=4) (actual time=2066.346..2066.346 rows=2528312 loops=1)
        Buckets: 131072  Batches: 64  Memory Usage: 2415kB
        ->  Seq Scan on title t  (cost=0.00..61283.27 rows=2528527 width=4) (actual time=0.012..1238.659 rows=2528312 loops=1)
Planning time: 0.650 ms
Execution time: 27369.895 ms
