Hash Join  (cost=114767.63..239383.67 rows=214500 width=0) (actual time=2265.381..5303.516 rows=1344208 loops=1)
  Hash Cond: (mk.movie_id = t.id)
  ->  Seq Scan on movie_keyword mk  (cost=0.00..69693.30 rows=4523930 width=4) (actual time=0.014..1399.632 rows=4523930 loops=1)
  ->  Hash  (cost=112800.02..112800.02 rows=119889 width=8) (actual time=2264.359..2264.359 rows=145048 loops=1)
        Buckets: 131072  Batches: 2  Memory Usage: 3870kB
        ->  Hash Join  (cost=78556.72..112800.02 rows=119889 width=8) (actual time=1362.505..2216.754 rows=145048 loops=1)
              Hash Cond: (mi_idx.movie_id = t.id)
              ->  Seq Scan on movie_info_idx mi_idx  (cost=0.00..25185.44 rows=454124 width=4) (actual time=0.026..487.735 rows=459925 loops=1)
                    Filter: (info_type_id = 100)
                    Rows Removed by Filter: 920110
              ->  Hash  (cost=67604.59..67604.59 rows=667531 width=4) (actual time=1361.634..1361.634 rows=662834 loops=1)
                    Buckets: 131072  Batches: 16  Memory Usage: 2478kB
                    ->  Seq Scan on title t  (cost=0.00..67604.59 rows=667531 width=4) (actual time=0.020..1145.657 rows=662834 loops=1)
                          Filter: (production_year < 1989)
                          Rows Removed by Filter: 1865478
Planning time: 1.187 ms
Execution time: 5452.762 ms
