Hash Join  (cost=93093.72..189666.41 rows=307900 width=0) (actual time=1668.869..3445.358 rows=74418 loops=1)
  Hash Cond: (mk.movie_id = t.id)
  ->  Seq Scan on movie_keyword mk  (cost=0.00..81003.12 rows=501113 width=4) (actual time=0.024..1318.649 rows=494499 loops=1)
        Filter: (keyword_id > 36468)
        Rows Removed by Filter: 4029431
  ->  Hash  (cost=67604.59..67604.59 rows=1553611 width=4) (actual time=1655.838..1655.838 rows=1555864 loops=1)
        Buckets: 131072  Batches: 32  Memory Usage: 2740kB
        ->  Seq Scan on title t  (cost=0.00..67604.59 rows=1553611 width=4) (actual time=0.015..1153.784 rows=1555864 loops=1)
              Filter: (kind_id > 4)
              Rows Removed by Filter: 972448
Planning time: 0.768 ms
Execution time: 3452.882 ms
