Seq Scan on movie_companies mc  (cost=0.00..57926.93 rows=253178 width=0) (actual time=0.017..2346.721 rows=132016 loops=1)
  Filter: ((company_id < 436) AND (company_type_id = 2))
  Rows Removed by Filter: 2477113
Planning time: 9.134 ms
Execution time: 2364.740 ms
