Seq Scan on cast_info ci  (cost=0.00..796071.18 rows=816687 width=0) (actual time=12254.836..14724.461 rows=898389 loops=1)
  Filter: ((person_id < 3464087) AND (role_id = 5))
  Rows Removed by Filter: 35345955
Planning time: 5.938 ms
Execution time: 14831.943 ms
