Hash Join  (cost=240410.74..1396508.53 rows=10070469 width=0) (actual time=5113.434..43004.100 rows=30987258 loops=1)
  Hash Cond: (ci.movie_id = t.id)
  ->  Seq Scan on cast_info ci  (cost=0.00..796071.18 rows=22037312 width=4) (actual time=0.020..18946.274 rows=22941054 loops=1)
        Filter: ((person_id > 214430) AND (role_id > 1))
        Rows Removed by Filter: 13303290
  ->  Hash  (cost=221453.37..221453.37 rows=1155470 width=8) (actual time=5112.753..5112.753 rows=1159861 loops=1)
        Buckets: 131072  Batches: 16  Memory Usage: 3891kB
        ->  Hash Join  (cost=102767.86..221453.37 rows=1155470 width=8) (actual time=1919.899..4772.036 rows=1159861 loops=1)
              Hash Cond: (mk.movie_id = t.id)
              ->  Seq Scan on movie_keyword mk  (cost=0.00..81003.12 rows=1155470 width=4) (actual time=0.013..1484.696 rows=1159861 loops=1)
                    Filter: (keyword_id < 1382)
                    Rows Removed by Filter: 3364069
              ->  Hash  (cost=61283.27..61283.27 rows=2528527 width=4) (actual time=1919.145..1919.145 rows=2528312 loops=1)
                    Buckets: 131072  Batches: 64  Memory Usage: 2425kB
                    ->  Seq Scan on title t  (cost=0.00..61283.27 rows=2528527 width=4) (actual time=0.009..1077.447 rows=2528312 loops=1)
Planning time: 0.741 ms
Execution time: 46451.945 ms
