Hash Join  (cost=81253.89..1180790.98 rows=6398892 width=0) (actual time=1553.474..31206.282 rows=3658715 loops=1)
  Hash Cond: (ci.movie_id = t.id)
  ->  Seq Scan on cast_info ci  (cost=0.00..614943.12 rows=36225612 width=4) (actual time=0.022..12976.751 rows=36244344 loops=1)
  ->  Hash  (cost=73925.90..73925.90 rows=446639 width=4) (actual time=1552.211..1552.211 rows=306970 loops=1)
        Buckets: 131072  Batches: 8  Memory Usage: 2364kB
        ->  Seq Scan on title t  (cost=0.00..73925.90 rows=446639 width=4) (actual time=0.021..1447.412 rows=306970 loops=1)
              Filter: ((kind_id > 1) AND (production_year < 1986))
              Rows Removed by Filter: 2221342
Planning time: 0.814 ms
Execution time: 31628.245 ms
