Seq Scan on title t  (cost=0.00..67604.59 rows=2435140 width=0) (actual time=0.021..1319.360 rows=2431710 loops=1)
  Filter: (production_year > 1909)
  Rows Removed by Filter: 96602
Planning time: 0.312 ms
Execution time: 1629.267 ms
