Seq Scan on movie_keyword mk  (cost=0.00..81003.12 rows=526728 width=0) (actual time=0.019..1074.980 rows=516416 loops=1)
  Filter: (keyword_id > 35061)
  Rows Removed by Filter: 4007514
Planning time: 0.337 ms
Execution time: 1135.479 ms
