Seq Scan on cast_info ci  (cost=0.00..796071.18 rows=7362520 width=0) (actual time=9062.748..13904.364 rows=1764218 loops=1)
  Filter: ((person_id > 1493812) AND (role_id = 1))
  Rows Removed by Filter: 34480126
Planning time: 0.433 ms
Execution time: 14119.087 ms
