Hash Join  (cost=352857.35..1147525.35 rows=24328632 width=0) (actual time=8086.899..73491.416 rows=230200364 loops=1)
  Hash Cond: (mi.movie_id = t.id)
  ->  Seq Scan on movie_info mi  (cost=0.00..309384.22 rows=14739122 width=4) (actual time=0.021..5971.919 rows=14835720 loops=1)
  ->  Hash  (cost=284383.01..284383.01 rows=4173628 width=8) (actual time=8084.893..8084.893 rows=4289504 loops=1)
        Buckets: 131072  Batches: 64  Memory Usage: 3729kB
        ->  Hash Join  (cost=105876.77..284383.01 rows=4173628 width=8) (actual time=2165.968..7006.334 rows=4289504 loops=1)
              Hash Cond: (mk.movie_id = t.id)
              ->  Seq Scan on movie_keyword mk  (cost=0.00..69693.30 rows=4523930 width=4) (actual time=0.014..1500.053 rows=4523930 loops=1)
              ->  Hash  (cost=67604.59..67604.59 rows=2332735 width=4) (actual time=2165.145..2165.145 rows=2325893 loops=1)
                    Buckets: 131072  Batches: 32  Memory Usage: 3592kB
                    ->  Seq Scan on title t  (cost=0.00..67604.59 rows=2332735 width=4) (actual time=0.012..1407.037 rows=2325893 loops=1)
                          Filter: (production_year > 1935)
                          Rows Removed by Filter: 202419
Planning time: 3.321 ms
Execution time: 98511.264 ms
