Hash Join  (cost=88195.18..204606.35 rows=733884 width=0) (actual time=1535.947..4705.079 rows=1748265 loops=1)
  Hash Cond: (mk.movie_id = t.id)
  ->  Seq Scan on movie_keyword mk  (cost=0.00..81003.12 rows=2133656 width=4) (actual time=0.015..1595.229 rows=2133814 loops=1)
        Filter: (keyword_id > 5537)
        Rows Removed by Filter: 2390116
  ->  Hash  (cost=73925.90..73925.90 rows=869702 width=4) (actual time=1534.883..1534.883 rows=896788 loops=1)
        Buckets: 131072  Batches: 16  Memory Usage: 3007kB
        ->  Seq Scan on title t  (cost=0.00..73925.90 rows=869702 width=4) (actual time=0.014..1259.264 rows=896788 loops=1)
              Filter: ((kind_id < 7) AND (production_year < 2012))
              Rows Removed by Filter: 1631524
Planning time: 0.651 ms
Execution time: 4913.973 ms
