Hash Join  (cost=102767.86..219208.98 rows=2292247 width=0) (actual time=1805.259..5113.324 rows=2292536 loops=1)
  Hash Cond: (mc.movie_id = t.id)
  ->  Seq Scan on movie_companies mc  (cost=0.00..51404.11 rows=2292247 width=4) (actual time=0.024..1012.991 rows=2292536 loops=1)
        Filter: (company_id < 91850)
        Rows Removed by Filter: 316593
  ->  Hash  (cost=61283.27..61283.27 rows=2528527 width=4) (actual time=1803.729..1803.729 rows=2528312 loops=1)
        Buckets: 131072  Batches: 64  Memory Usage: 2415kB
        ->  Seq Scan on title t  (cost=0.00..61283.27 rows=2528527 width=4) (actual time=0.012..960.035 rows=2528312 loops=1)
Planning time: 0.749 ms
Execution time: 5380.547 ms
