Hash Join  (cost=217818.26..261103.32 rows=325958 width=0) (actual time=4104.123..5753.091 rows=1400006 loops=1)
  Hash Cond: (mi_idx.movie_id = t.id)
  ->  Seq Scan on movie_info_idx mi_idx  (cost=0.00..21735.35 rows=1380035 width=4) (actual time=0.024..410.960 rows=1380035 loops=1)
  ->  Hash  (cost=208019.92..208019.92 rows=597227 width=8) (actual time=4103.420..4103.420 rows=597341 loops=1)
        Buckets: 131072  Batches: 8  Memory Usage: 3977kB
        ->  Hash Join  (cost=102767.86..208019.92 rows=597227 width=8) (actual time=1820.948..3937.373 rows=597341 loops=1)
              Hash Cond: (mk.movie_id = t.id)
              ->  Seq Scan on movie_keyword mk  (cost=0.00..81003.12 rows=597227 width=4) (actual time=0.027..1269.052 rows=597341 loops=1)
                    Filter: (keyword_id > 30739)
                    Rows Removed by Filter: 3926589
              ->  Hash  (cost=61283.27..61283.27 rows=2528527 width=4) (actual time=1819.837..1819.837 rows=2528312 loops=1)
                    Buckets: 131072  Batches: 64  Memory Usage: 2425kB
                    ->  Seq Scan on title t  (cost=0.00..61283.27 rows=2528527 width=4) (actual time=0.005..965.942 rows=2528312 loops=1)
Planning time: 1.133 ms
Execution time: 5923.349 ms
