Hash Join  (cost=189784.89..1152314.65 rows=1412418 width=0) (actual time=3835.110..26882.301 rows=5859599 loops=1)
  Hash Cond: (ci.movie_id = t.id)
  ->  Seq Scan on cast_info ci  (cost=0.00..796071.18 rows=13082505 width=4) (actual time=0.016..16220.311 rows=9080016 loops=1)
        Filter: ((person_id < 2961254) AND (role_id > 2))
        Rows Removed by Filter: 27164328
  ->  Hash  (cost=185305.57..185305.57 rows=272986 width=8) (actual time=3834.113..3834.113 rows=636826 loops=1)
        Buckets: 131072 (originally 131072)  Batches: 16 (originally 4)  Memory Usage: 3073kB
        ->  Hash Join  (cost=89435.42..185305.57 rows=272986 width=8) (actual time=1528.994..3619.048 rows=636826 loops=1)
              Hash Cond: (mk.movie_id = t.id)
              ->  Seq Scan on movie_keyword mk  (cost=0.00..81003.12 rows=730177 width=4) (actual time=0.033..1342.502 rows=725769 loops=1)
                    Filter: (keyword_id < 648)
                    Rows Removed by Filter: 3798161
              ->  Hash  (cost=73925.90..73925.90 rows=945321 width=4) (actual time=1528.067..1528.067 rows=934959 loops=1)
                    Buckets: 131072  Batches: 16  Memory Usage: 3088kB
                    ->  Seq Scan on title t  (cost=0.00..73925.90 rows=945321 width=4) (actual time=0.021..1236.668 rows=934959 loops=1)
                          Filter: ((kind_id < 7) AND (production_year > 1912))
                          Rows Removed by Filter: 1593353
Planning time: 1.851 ms
Execution time: 27508.878 ms
