Hash Join  (cost=76449.51..542156.07 rows=594119 width=0) (actual time=1101.766..11715.400 rows=218137 loops=1)
  Hash Cond: (mi.movie_id = t.id)
  ->  Seq Scan on movie_info mi  (cost=0.00..346232.03 rows=9767026 width=4) (actual time=0.012..6235.653 rows=9911754 loops=1)
        Filter: (info_type_id > 4)
        Rows Removed by Filter: 4923966
  ->  Hash  (cost=73925.90..73925.90 rows=153808 width=4) (actual time=1098.901..1098.901 rows=53427 loops=1)
        Buckets: 131072  Batches: 4  Memory Usage: 1500kB
        ->  Seq Scan on title t  (cost=0.00..73925.90 rows=153808 width=4) (actual time=0.022..1078.042 rows=53427 loops=1)
              Filter: ((kind_id > 4) AND (production_year < 1961))
              Rows Removed by Filter: 2474885
Planning time: 0.792 ms
Execution time: 11743.537 ms
