Seq Scan on cast_info ci  (cost=0.00..705507.15 rows=20647470 width=0) (actual time=0.015..12230.245 rows=20782065 loops=1)
  Filter: (person_id > 1524213)
  Rows Removed by Filter: 15462279
Planning time: 0.328 ms
Execution time: 14755.003 ms
