Hash Join  (cost=145674.12..535970.01 rows=649514 width=0) (actual time=7755.744..10774.261 rows=595623 loops=1)
  Hash Cond: (mi.movie_id = t.id)
  ->  Seq Scan on movie_info mi  (cost=0.00..346232.03 rows=3068194 width=4) (actual time=4181.402..5691.582 rows=3036719 loops=1)
        Filter: (info_type_id = 16)
        Rows Removed by Filter: 11799001
  ->  Hash  (cost=136892.25..136892.25 rows=535270 width=8) (actual time=3573.241..3573.241 rows=276246 loops=1)
        Buckets: 131072  Batches: 8  Memory Usage: 2376kB
        ->  Hash Join  (cost=90016.07..136892.25 rows=535270 width=8) (actual time=2213.578..3491.904 rows=276246 loops=1)
              Hash Cond: (mi_idx.movie_id = t.id)
              ->  Seq Scan on movie_info_idx mi_idx  (cost=0.00..21735.35 rows=1380035 width=4) (actual time=1.047..419.597 rows=1380035 loops=1)
              ->  Hash  (cost=73925.90..73925.90 rows=980733 width=4) (actual time=2211.525..2211.525 rows=1074493 loops=1)
                    Buckets: 131072  Batches: 16  Memory Usage: 3394kB
                    ->  Seq Scan on title t  (cost=0.00..73925.90 rows=980733 width=4) (actual time=99.243..1360.308 rows=1074493 loops=1)
                          Filter: ((production_year > 1995) AND (kind_id = 7))
                          Rows Removed by Filter: 1453819
Planning time: 1.123 ms
Execution time: 10846.364 ms
