Seq Scan on movie_companies mc  (cost=0.00..57926.93 rows=51 width=0) (actual time=14.040..746.893 rows=12 loops=1)
  Filter: ((company_id = 21031) AND (company_type_id = 1))
  Rows Removed by Filter: 2609117
Planning time: 0.374 ms
Execution time: 746.992 ms
