Hash Join  (cost=1231345.37..2335974.01 rows=46471340 width=0) (actual time=28541.495..82535.119 rows=162686186 loops=1)
  Hash Cond: (mi.movie_id = t.id)
  ->  Seq Scan on movie_info mi  (cost=0.00..309384.22 rows=14739122 width=4) (actual time=0.020..5537.231 rows=14835720 loops=1)
  ->  Hash  (cost=1100550.18..1100550.18 rows=7972255 width=8) (actual time=28540.537..28540.537 rows=12379616 loops=1)
        Buckets: 131072 (originally 131072)  Batches: 256 (originally 128)  Memory Usage: 3073kB
        ->  Hash Join  (cost=102767.86..1100550.18 rows=7972255 width=8) (actual time=1849.559..24985.040 rows=12379616 loops=1)
              Hash Cond: (ci.movie_id = t.id)
              ->  Seq Scan on cast_info ci  (cost=0.00..796071.18 rows=7972255 width=4) (actual time=0.015..13327.009 rows=12379616 loops=1)
                    Filter: ((person_id > 2447071) AND (role_id > 1))
                    Rows Removed by Filter: 23864728
              ->  Hash  (cost=61283.27..61283.27 rows=2528527 width=4) (actual time=1847.482..1847.482 rows=2528312 loops=1)
                    Buckets: 131072  Batches: 64  Memory Usage: 2415kB
                    ->  Seq Scan on title t  (cost=0.00..61283.27 rows=2528527 width=4) (actual time=0.013..1019.361 rows=2528312 loops=1)
Planning time: 1.348 ms
Execution time: 99874.660 ms
