Hash Join  (cost=128753.29..215494.99 rows=8366 width=0) (actual time=2022.187..3615.282 rows=3238 loops=1)
  Hash Cond: (mk.movie_id = t.id)
  ->  Seq Scan on movie_keyword mk  (cost=0.00..69693.30 rows=4523930 width=4) (actual time=0.028..932.977 rows=4523930 loops=1)
  ->  Hash  (cost=128694.84..128694.84 rows=4676 width=8) (actual time=1898.445..1898.445 rows=5140 loops=1)
        Buckets: 8192  Batches: 1  Memory Usage: 265kB
        ->  Hash Join  (cost=73982.55..128694.84 rows=4676 width=8) (actual time=1128.852..1896.737 rows=5140 loops=1)
              Hash Cond: (mc.movie_id = t.id)
              ->  Seq Scan on movie_companies mc  (cost=0.00..44881.29 rows=2609129 width=4) (actual time=0.016..353.117 rows=2609129 loops=1)
              ->  Hash  (cost=73925.90..73925.90 rows=4532 width=4) (actual time=1128.216..1128.216 rows=8044 loops=1)
                    Buckets: 8192  Batches: 1  Memory Usage: 347kB
                    ->  Seq Scan on title t  (cost=0.00..73925.90 rows=4532 width=4) (actual time=0.048..1124.406 rows=8044 loops=1)
                          Filter: ((kind_id = 7) AND (production_year = 1980))
                          Rows Removed by Filter: 2520268
Planning time: 1.139 ms
Execution time: 3615.841 ms
