Hash Join  (cost=102767.86..1450906.18 rows=22532501 width=0) (actual time=14576.206..85268.626 rows=21855544 loops=1)
  Hash Cond: (ci.movie_id = t.id)
  ->  Seq Scan on cast_info ci  (cost=0.00..796071.18 rows=22532501 width=4) (actual time=8807.645..51332.377 rows=21855544 loops=1)
        Filter: ((person_id > 1001547) AND (role_id < 10))
        Rows Removed by Filter: 14388800
  ->  Hash  (cost=61283.27..61283.27 rows=2528527 width=4) (actual time=5767.115..5767.115 rows=2528312 loops=1)
        Buckets: 131072  Batches: 64  Memory Usage: 2415kB
        ->  Seq Scan on title t  (cost=0.00..61283.27 rows=2528527 width=4) (actual time=0.025..4240.275 rows=2528312 loops=1)
Planning time: 0.766 ms
Execution time: 88538.235 ms
