Hash Join  (cost=104131.46..486569.16 rows=1120428 width=0) (actual time=3900.828..7574.258 rows=1218964 loops=1)
  Hash Cond: (mi.movie_id = t.id)
  ->  Seq Scan on movie_info mi  (cost=0.00..346232.03 rows=1272478 width=4) (actual time=1954.600..4192.416 rows=1325361 loops=1)
        Filter: (info_type_id = 8)
        Rows Removed by Filter: 13510359
  ->  Hash  (cost=67604.59..67604.59 rows=2226390 width=4) (actual time=1945.064..1945.064 rows=2224569 loops=1)
        Buckets: 131072  Batches: 32  Memory Usage: 3472kB
        ->  Seq Scan on title t  (cost=0.00..67604.59 rows=2226390 width=4) (actual time=0.040..1208.747 rows=2224569 loops=1)
              Filter: (production_year < 2012)
              Rows Removed by Filter: 303743
Planning time: 0.777 ms
Execution time: 7720.353 ms
