Hash Join  (cost=190230.21..1413434.50 rows=16427897 width=0) (actual time=4664.826..42902.525 rows=33878020 loops=1)
  Hash Cond: (ci.movie_id = t.id)
  ->  Seq Scan on cast_info ci  (cost=0.00..705507.15 rows=30099512 width=4) (actual time=0.010..14087.408 rows=30211709 loops=1)
        Filter: (person_id > 582774)
        Rows Removed by Filter: 6032635
  ->  Hash  (cost=167588.78..167588.78 rows=1380035 width=8) (actual time=4663.380..4663.380 rows=1380035 loops=1)
        Buckets: 131072  Batches: 32  Memory Usage: 2708kB
        ->  Hash Join  (cost=102767.86..167588.78 rows=1380035 width=8) (actual time=1672.373..3539.565 rows=1380035 loops=1)
              Hash Cond: (mi_idx.movie_id = t.id)
              ->  Seq Scan on movie_info_idx mi_idx  (cost=0.00..21735.35 rows=1380035 width=4) (actual time=0.024..347.233 rows=1380035 loops=1)
              ->  Hash  (cost=61283.27..61283.27 rows=2528527 width=4) (actual time=1671.407..1671.407 rows=2528312 loops=1)
                    Buckets: 131072  Batches: 64  Memory Usage: 2415kB
                    ->  Seq Scan on title t  (cost=0.00..61283.27 rows=2528527 width=4) (actual time=0.020..836.449 rows=2528312 loops=1)
Planning time: 1.137 ms
Execution time: 46733.588 ms
