Hash Join  (cost=709678.15..796345.14 rows=895 width=0) (actual time=8883.562..10032.866 rows=3563 loops=1)
  Hash Cond: (mk.movie_id = t.id)
  ->  Seq Scan on movie_keyword mk  (cost=0.00..69693.30 rows=4523930 width=4) (actual time=0.024..580.434 rows=4523930 loops=1)
  ->  Hash  (cost=709671.90..709671.90 rows=500 width=8) (actual time=8876.853..8876.853 rows=185 loops=1)
        Buckets: 1024  Batches: 1  Memory Usage: 16kB
        ->  Nested Loop  (cost=0.43..709671.90 rows=500 width=8) (actual time=223.284..8876.773 rows=185 loops=1)
              ->  Seq Scan on cast_info ci  (cost=0.00..705507.15 rows=500 width=4) (actual time=223.174..8872.773 rows=185 loops=1)
                    Filter: (person_id = 1302923)
                    Rows Removed by Filter: 36244159
              ->  Index Only Scan using title_pkey on title t  (cost=0.43..8.32 rows=1 width=4) (actual time=0.021..0.021 rows=1 loops=185)
                    Index Cond: (id = ci.movie_id)
                    Heap Fetches: 185
Planning time: 1.460 ms
Execution time: 10033.419 ms
