Seq Scan on cast_info ci  (cost=0.00..705507.15 rows=30422015 width=0) (actual time=0.015..10811.625 rows=30409160 loops=1)
  Filter: (person_id < 3060711)
  Rows Removed by Filter: 5835184
Planning time: 0.282 ms
Execution time: 14312.719 ms
