Seq Scan on cast_info ci  (cost=0.00..705507.15 rows=500 width=0) (actual time=1240.858..9687.840 rows=607 loops=1)
  Filter: (person_id = 2800890)
  Rows Removed by Filter: 36243737
Planning time: 0.401 ms
Execution time: 9688.015 ms
