Seq Scan on cast_info ci  (cost=0.00..796071.18 rows=2224411 width=0) (actual time=6049.186..11416.917 rows=777990 loops=1)
  Filter: ((person_id > 2600419) AND (role_id = 2))
  Rows Removed by Filter: 35466354
Planning time: 0.400 ms
Execution time: 11515.053 ms
