Seq Scan on movie_keyword mk  (cost=0.00..81003.12 rows=246 width=0) (actual time=12.161..1065.502 rows=56 loops=1)
  Filter: (keyword_id = 40905)
  Rows Removed by Filter: 4523874
Planning time: 0.355 ms
Execution time: 1065.642 ms
