Seq Scan on movie_companies mc  (cost=0.00..51404.11 rows=104 width=0) (actual time=200.804..695.761 rows=3 loops=1)
  Filter: (company_id = 128250)
  Rows Removed by Filter: 2609126
Planning time: 0.341 ms
Execution time: 695.831 ms
