Seq Scan on movie_companies mc  (cost=0.00..51404.11 rows=104 width=0) (actual time=0.138..671.319 rows=102 loops=1)
  Filter: (company_id = 95373)
  Rows Removed by Filter: 2609027
Planning time: 0.353 ms
Execution time: 671.413 ms
