Hash Join  (cost=125519.97..1045702.87 rows=857039 width=0) (actual time=9099.131..23524.419 rows=3373596 loops=1)
  Hash Cond: (ci.movie_id = t.id)
  ->  Seq Scan on cast_info ci  (cost=0.00..796071.18 rows=9918750 width=4) (actual time=6380.680..14586.193 rows=12236972 loops=1)
        Filter: ((person_id > 1381136) AND (role_id > 2))
        Rows Removed by Filter: 24007372
  ->  Hash  (cost=121934.97..121934.97 rows=218480 width=8) (actual time=2717.402..2717.402 rows=493645 loops=1)
        Buckets: 131072 (originally 131072)  Batches: 8 (originally 4)  Memory Usage: 3442kB
        ->  Hash Join  (cost=80493.69..121934.97 rows=218480 width=8) (actual time=1273.760..2560.926 rows=493645 loops=1)
              Hash Cond: (mi_idx.movie_id = t.id)
              ->  Seq Scan on movie_info_idx mi_idx  (cost=0.00..21735.35 rows=1380035 width=4) (actual time=0.032..440.302 rows=1380035 loops=1)
              ->  Hash  (cost=73925.90..73925.90 rows=400303 width=4) (actual time=1272.574..1272.574 rows=500611 loops=1)
                    Buckets: 131072  Batches: 8  Memory Usage: 3236kB
                    ->  Seq Scan on title t  (cost=0.00..73925.90 rows=400303 width=4) (actual time=0.021..1112.566 rows=500611 loops=1)
                          Filter: ((kind_id < 7) AND (production_year < 2000))
                          Rows Removed by Filter: 2027701
Planning time: 1.401 ms
Execution time: 23888.782 ms
