Hash Join  (cost=77793.51..134522.45 rows=77746 width=144) (actual time=1443.541..2488.271 rows=31413 loops=1)
  Hash Cond: (mi_idx.movie_id = t.id)
  ->  Seq Scan on movie_info_idx mi_idx  (cost=0.00..21735.35 rows=1380035 width=50) (actual time=0.021..438.255 rows=1380035 loops=1)
  ->  Hash  (cost=73925.90..73925.90 rows=142448 width=94) (actual time=1402.966..1402.966 rows=151188 loops=1)
        Buckets: 32768  Batches: 8  Memory Usage: 2430kB
        ->  Seq Scan on title t  (cost=0.00..73925.90 rows=142448 width=94) (actual time=0.026..1339.619 rows=151188 loops=1)
              Filter: ((kind_id > 4) AND (production_year > 2011))
              Rows Removed by Filter: 2377124
Planning time: 0.994 ms
Execution time: 2490.050 ms
