Nested Loop  (cost=0.43..126829.55 rows=6484 width=0) (actual time=0.229..1333.305 rows=6780 loops=1)
  ->  Seq Scan on movie_keyword mk  (cost=0.00..81003.12 rows=6484 width=4) (actual time=0.169..1150.051 rows=6780 loops=1)
        Filter: (keyword_id = 1135)
        Rows Removed by Filter: 4517150
  ->  Index Only Scan using title_pkey on title t  (cost=0.43..7.06 rows=1 width=4) (actual time=0.026..0.026 rows=1 loops=6780)
        Index Cond: (id = mk.movie_id)
        Heap Fetches: 6780
Planning time: 0.728 ms
Execution time: 1335.379 ms
