Seq Scan on movie_companies mc  (cost=0.00..57926.93 rows=836390 width=0) (actual time=0.026..979.229 rows=523736 loops=1)
  Filter: ((company_id < 17419) AND (company_type_id > 1))
  Rows Removed by Filter: 2085393
Planning time: 0.386 ms
Execution time: 1047.008 ms
