Hash Join  (cost=87539.85..174393.44 rows=856206 width=0) (actual time=1429.073..4166.326 rows=1390529 loops=1)
  Hash Cond: (mc.movie_id = t.id)
  ->  Seq Scan on movie_companies mc  (cost=0.00..44881.29 rows=2609129 width=4) (actual time=0.028..905.560 rows=2609129 loops=1)
  ->  Hash  (cost=73925.90..73925.90 rows=829756 width=4) (actual time=1428.053..1428.053 rows=744086 loops=1)
        Buckets: 131072  Batches: 16  Memory Usage: 2662kB
        ->  Seq Scan on title t  (cost=0.00..73925.90 rows=829756 width=4) (actual time=0.018..1190.308 rows=744086 loops=1)
              Filter: ((kind_id < 7) AND (production_year > 1967))
              Rows Removed by Filter: 1784226
Planning time: 0.646 ms
Execution time: 4342.254 ms
