Hash Join  (cost=102767.86..183153.84 rows=522772 width=0) (actual time=1575.115..2884.407 rows=234364 loops=1)
  Hash Cond: (mc.movie_id = t.id)
  ->  Seq Scan on movie_companies mc  (cost=0.00..57926.93 rows=522772 width=4) (actual time=0.026..842.193 rows=234364 loops=1)
        Filter: ((company_id > 14414) AND (company_type_id < 2))
        Rows Removed by Filter: 2374765
  ->  Hash  (cost=61283.27..61283.27 rows=2528527 width=4) (actual time=1574.022..1574.022 rows=2528312 loops=1)
        Buckets: 131072  Batches: 64  Memory Usage: 2415kB
        ->  Seq Scan on title t  (cost=0.00..61283.27 rows=2528527 width=4) (actual time=0.010..811.422 rows=2528312 loops=1)
Planning time: 0.706 ms
Execution time: 2907.248 ms
