Hash Join  (cost=92883.59..1179500.36 rows=9170579 width=0) (actual time=3723.584..29126.394 rows=9159066 loops=1)
  Hash Cond: (ci.movie_id = t.id)
  ->  Seq Scan on cast_info ci  (cost=0.00..796071.18 rows=15049361 width=4) (actual time=1802.311..15805.832 rows=15406941 loops=1)
        Filter: ((person_id > 244626) AND (role_id > 2))
        Rows Removed by Filter: 20837403
  ->  Hash  (cost=67604.59..67604.59 rows=1540800 width=4) (actual time=1919.623..1919.623 rows=1543264 loops=1)
        Buckets: 131072  Batches: 32  Memory Usage: 2722kB
        ->  Seq Scan on title t  (cost=0.00..67604.59 rows=1540800 width=4) (actual time=6.761..1195.794 rows=1543264 loops=1)
              Filter: (kind_id = 7)
              Rows Removed by Filter: 985048
Planning time: 0.846 ms
Execution time: 30136.669 ms
