Hash Join  (cost=102767.86..201764.97 rows=1296257 width=0) (actual time=1739.550..4348.041 rows=1326946 loops=1)
  Hash Cond: (mc.movie_id = t.id)
  ->  Seq Scan on movie_companies mc  (cost=0.00..57926.93 rows=1296257 width=4) (actual time=0.017..1164.691 rows=1326946 loops=1)
        Filter: ((company_id > 7) AND (company_type_id > 1))
        Rows Removed by Filter: 1282183
  ->  Hash  (cost=61283.27..61283.27 rows=2528527 width=4) (actual time=1738.324..1738.324 rows=2528312 loops=1)
        Buckets: 131072  Batches: 64  Memory Usage: 2415kB
        ->  Seq Scan on title t  (cost=0.00..61283.27 rows=2528527 width=4) (actual time=0.009..912.048 rows=2528312 loops=1)
Planning time: 0.737 ms
Execution time: 4510.898 ms
