Hash Join  (cost=188553.81..322875.33 rows=680433 width=0) (actual time=9098.243..18879.651 rows=4395214 loops=1)
  Hash Cond: (mk.movie_id = t.id)
  ->  Seq Scan on movie_keyword mk  (cost=0.00..81003.12 rows=3872550 width=4) (actual time=0.011..5720.435 rows=3862259 loops=1)
        Filter: (keyword_id < 28424)
        Rows Removed by Filter: 661671
  ->  Hash  (cost=181264.33..181264.33 rows=444279 width=8) (actual time=9097.125..9097.125 rows=769743 loops=1)
        Buckets: 131072 (originally 131072)  Batches: 16 (originally 8)  Memory Usage: 3073kB
        ->  Hash Join  (cost=102767.86..181264.33 rows=444279 width=8) (actual time=4782.153..8801.768 rows=769743 loops=1)
              Hash Cond: (mc.movie_id = t.id)
              ->  Seq Scan on movie_companies mc  (cost=0.00..57926.93 rows=444279 width=4) (actual time=0.027..2712.286 rows=769743 loops=1)
                    Filter: ((company_id > 22982) AND (company_type_id > 1))
                    Rows Removed by Filter: 1839386
              ->  Hash  (cost=61283.27..61283.27 rows=2528527 width=4) (actual time=4772.980..4772.980 rows=2528312 loops=1)
                    Buckets: 131072  Batches: 64  Memory Usage: 2415kB
                    ->  Seq Scan on title t  (cost=0.00..61283.27 rows=2528527 width=4) (actual time=0.018..3637.996 rows=2528312 loops=1)
Planning time: 1.207 ms
Execution time: 19487.300 ms
