Hash Join  (cost=455975.37..1344170.33 rows=155978 width=0) (actual time=7119.054..21667.068 rows=499918 loops=1)
  Hash Cond: (ci.movie_id = t.id)
  ->  Seq Scan on cast_info ci  (cost=0.00..614943.12 rows=36225612 width=4) (actual time=0.011..6718.079 rows=36244344 loops=1)
  ->  Hash  (cost=455839.28..455839.28 rows=10887 width=8) (actual time=7118.909..7118.909 rows=24186 loops=1)
        Buckets: 32768 (originally 16384)  Batches: 1 (originally 1)  Memory Usage: 1201kB
        ->  Hash Join  (cost=73962.22..455839.28 rows=10887 width=8) (actual time=1288.159..7107.375 rows=24186 loops=1)
              Hash Cond: (mi.movie_id = t.id)
              ->  Seq Scan on movie_info mi  (cost=0.00..346232.03 rows=9476311 width=4) (actual time=273.382..4713.540 rows=9565151 loops=1)
                    Filter: (info_type_id < 16)
                    Rows Removed by Filter: 5270569
              ->  Hash  (cost=73925.90..73925.90 rows=2905 width=4) (actual time=937.383..937.383 rows=2433 loops=1)
                    Buckets: 4096  Batches: 1  Memory Usage: 118kB
                    ->  Seq Scan on title t  (cost=0.00..73925.90 rows=2905 width=4) (actual time=0.077..936.069 rows=2433 loops=1)
                          Filter: ((kind_id < 7) AND (production_year = 1933))
                          Rows Removed by Filter: 2525879
Planning time: 1.129 ms
Execution time: 21728.626 ms
