Nested Loop  (cost=0.43..58375.31 rows=16 width=0) (actual time=268.084..765.373 rows=6 loops=1)
  ->  Seq Scan on movie_companies mc  (cost=0.00..57926.93 rows=53 width=4) (actual time=268.012..764.766 rows=10 loops=1)
        Filter: ((company_type_id > 1) AND (company_id = 3377))
        Rows Removed by Filter: 2609119
  ->  Index Scan using title_pkey on title t  (cost=0.43..8.45 rows=1 width=4) (actual time=0.054..0.055 rows=1 loops=10)
        Index Cond: (id = mc.movie_id)
        Filter: (kind_id < 3)
        Rows Removed by Filter: 0
Planning time: 0.517 ms
Execution time: 765.450 ms
