Hash Join  (cost=52284.99..138944.89 rows=186 width=0) (actual time=784.299..2463.920 rows=15831 loops=1)
  Hash Cond: (mk.movie_id = t.id)
  ->  Seq Scan on movie_keyword mk  (cost=0.00..69693.30 rows=4523930 width=4) (actual time=0.023..879.466 rows=4523930 loops=1)
  ->  Hash  (cost=52283.69..52283.69 rows=104 width=8) (actual time=780.052..780.052 rows=788 loops=1)
        Buckets: 1024  Batches: 1  Memory Usage: 39kB
        ->  Nested Loop  (cost=0.43..52283.69 rows=104 width=8) (actual time=0.251..779.572 rows=788 loops=1)
              ->  Seq Scan on movie_companies mc  (cost=0.00..51404.11 rows=104 width=4) (actual time=0.197..759.053 rows=788 loops=1)
                    Filter: (company_id = 7575)
                    Rows Removed by Filter: 2608341
              ->  Index Only Scan using title_pkey on title t  (cost=0.43..8.45 rows=1 width=4) (actual time=0.025..0.025 rows=1 loops=788)
                    Index Cond: (id = mc.movie_id)
                    Heap Fetches: 788
Planning time: 1.091 ms
Execution time: 2466.161 ms
