Hash Join  (cost=158638.27..197885.38 rows=90563 width=0) (actual time=2777.113..3945.114 rows=367336 loops=1)
  Hash Cond: (mi_idx.movie_id = t.id)
  ->  Seq Scan on movie_info_idx mi_idx  (cost=0.00..21735.35 rows=1380035 width=4) (actual time=0.082..463.881 rows=1380035 loops=1)
  ->  Hash  (cost=155915.13..155915.13 rows=165931 width=8) (actual time=2776.225..2776.225 rows=207128 loops=1)
        Buckets: 131072  Batches: 4  Memory Usage: 3069kB
        ->  Hash Join  (cost=87162.74..155915.13 rows=165931 width=8) (actual time=1603.547..2709.606 rows=207128 loops=1)
              Hash Cond: (mc.movie_id = t.id)
              ->  Seq Scan on movie_companies mc  (cost=0.00..57926.93 rows=520039 width=4) (actual time=130.647..894.087 rows=230218 loops=1)
                    Filter: ((company_id > 14490) AND (company_type_id = 1))
                    Rows Removed by Filter: 2378911
              ->  Hash  (cost=73925.90..73925.90 rows=806787 width=4) (actual time=1471.904..1471.904 rows=843018 loops=1)
                    Buckets: 131072  Batches: 16  Memory Usage: 2879kB
                    ->  Seq Scan on title t  (cost=0.00..73925.90 rows=806787 width=4) (actual time=0.028..1208.953 rows=843018 loops=1)
                          Filter: ((kind_id < 7) AND (production_year < 2011))
                          Rows Removed by Filter: 1685294
Planning time: 1.164 ms
Execution time: 4002.225 ms
