Hash Join  (cost=74146.12..170017.13 rows=27120 width=0) (actual time=824.167..2653.084 rows=25270 loops=1)
  Hash Cond: (mk.movie_id = t.id)
  ->  Seq Scan on movie_keyword mk  (cost=0.00..81003.12 rows=3892451 width=4) (actual time=0.014..1258.653 rows=3892576 loops=1)
        Filter: (keyword_id > 492)
        Rows Removed by Filter: 631354
  ->  Hash  (cost=73925.90..73925.90 rows=17617 width=4) (actual time=823.809..823.809 rows=22021 loops=1)
        Buckets: 32768  Batches: 1  Memory Usage: 1031kB
        ->  Seq Scan on title t  (cost=0.00..73925.90 rows=17617 width=4) (actual time=0.068..815.465 rows=22021 loops=1)
              Filter: ((kind_id < 2) AND (production_year > 2012))
              Rows Removed by Filter: 2506291
Planning time: 0.747 ms
Execution time: 2656.440 ms
