Hash Join  (cost=197734.17..328399.27 rows=1209634 width=0) (actual time=4163.365..7412.343 rows=799913 loops=1)
  Hash Cond: (mk.movie_id = t.id)
  ->  Seq Scan on movie_keyword mk  (cost=0.00..81003.12 rows=2891370 width=4) (actual time=0.017..1539.855 rows=2883031 loops=1)
        Filter: (keyword_id > 2488)
        Rows Removed by Filter: 1640899
  ->  Hash  (cost=180378.23..180378.23 rows=1057835 width=8) (actual time=4129.109..4129.109 rows=518659 loops=1)
        Buckets: 131072  Batches: 16  Memory Usage: 2289kB
        ->  Hash Join  (cost=90745.35..180378.23 rows=1057835 width=8) (actual time=1530.281..3964.989 rows=518659 loops=1)
              Hash Cond: (mc.movie_id = t.id)
              ->  Seq Scan on movie_companies mc  (cost=0.00..44881.29 rows=2609129 width=4) (actual time=0.024..834.767 rows=2609129 loops=1)
              ->  Hash  (cost=73925.90..73925.90 rows=1025156 width=4) (actual time=1528.344..1528.344 rows=970290 loops=1)
                    Buckets: 131072  Batches: 16  Memory Usage: 3158kB
                    ->  Seq Scan on title t  (cost=0.00..73925.90 rows=1025156 width=4) (actual time=0.031..1214.049 rows=970290 loops=1)
                          Filter: ((kind_id > 4) AND (production_year < 2008))
                          Rows Removed by Filter: 1558022
Planning time: 1.284 ms
Execution time: 7512.668 ms
