Seq Scan on cast_info ci  (cost=0.00..796071.18 rows=16072804 width=0) (actual time=0.022..46240.644 rows=15806219 loops=1)
  Filter: ((person_id < 4004448) AND (role_id > 2))
  Rows Removed by Filter: 20438125
Planning time: 0.351 ms
Execution time: 49061.984 ms
