Hash Join  (cost=74766.14..102043.49 rows=36687 width=0) (actual time=1090.550..1696.073 rows=30933 loops=1)
  Hash Cond: (mi_idx.movie_id = t.id)
  ->  Seq Scan on movie_info_idx mi_idx  (cost=0.00..21735.35 rows=1380035 width=4) (actual time=0.021..258.307 rows=1380035 loops=1)
  ->  Hash  (cost=73925.90..73925.90 rows=67219 width=4) (actual time=1089.105..1089.105 rows=75923 loops=1)
        Buckets: 131072  Batches: 1  Memory Usage: 3694kB
        ->  Seq Scan on title t  (cost=0.00..73925.90 rows=67219 width=4) (actual time=0.014..1057.649 rows=75923 loops=1)
              Filter: ((kind_id > 2) AND (production_year = 2005))
              Rows Removed by Filter: 2452389
Planning time: 3.084 ms
Execution time: 1700.575 ms
