Hash Join  (cost=483632.21..1226700.83 rows=645287 width=0) (actual time=10389.162..19859.539 rows=1010348 loops=1)
  Hash Cond: (ci.movie_id = t.id)
  ->  Seq Scan on cast_info ci  (cost=0.00..705507.15 rows=2466825 width=4) (actual time=2483.057..10346.234 rows=2517648 loops=1)
        Filter: (person_id > 3571541)
        Rows Removed by Filter: 33726696
  ->  Hash  (cost=472780.36..472780.36 rows=661428 width=8) (actual time=7904.991..7904.991 rows=689817 loops=1)
        Buckets: 131072  Batches: 16  Memory Usage: 2703kB
        ->  Hash Join  (cost=101489.21..472780.36 rows=661428 width=8) (actual time=6003.232..7701.541 rows=689817 loops=1)
              Hash Cond: (mi.movie_id = t.id)
              ->  Seq Scan on movie_info mi  (cost=0.00..346232.03 rows=809768 width=4) (actual time=4071.719..4783.088 rows=802140 loops=1)
                    Filter: (info_type_id < 2)
                    Rows Removed by Filter: 14033580
              ->  Hash  (cost=67604.59..67604.59 rows=2065330 width=4) (actual time=1930.684..1930.684 rows=2064552 loops=1)
                    Buckets: 131072  Batches: 32  Memory Usage: 3298kB
                    ->  Seq Scan on title t  (cost=0.00..67604.59 rows=2065330 width=4) (actual time=0.033..1241.630 rows=2064552 loops=1)
                          Filter: (production_year < 2011)
                          Rows Removed by Filter: 463760
Planning time: 1.143 ms
Execution time: 19987.564 ms
