Hash Join  (cost=73454.11..140962.83 rows=88993 width=0) (actual time=926.029..2428.234 rows=206327 loops=1)
  Hash Cond: (mc.movie_id = t.id)
  ->  Seq Scan on movie_companies mc  (cost=0.00..57926.93 rows=631160 width=4) (actual time=0.023..966.904 rows=862316 loops=1)
        Filter: ((company_id < 11213) AND (company_type_id < 2))
        Rows Removed by Filter: 1746813
  ->  Hash  (cost=67604.59..67604.59 rows=356522 width=4) (actual time=924.859..924.859 rows=352081 loops=1)
        Buckets: 131072  Batches: 8  Memory Usage: 2565kB
        ->  Seq Scan on title t  (cost=0.00..67604.59 rows=356522 width=4) (actual time=0.027..821.611 rows=352081 loops=1)
              Filter: (production_year < 1969)
              Rows Removed by Filter: 2176231
Planning time: 0.723 ms
Execution time: 2459.619 ms
