Hash Join  (cost=89144.17..159696.42 rows=216752 width=0) (actual time=1415.751..3135.691 rows=614695 loops=1)
  Hash Cond: (mc.movie_id = t.id)
  ->  Seq Scan on movie_companies mc  (cost=0.00..57926.93 rows=590879 width=4) (actual time=0.025..927.502 rows=874094 loops=1)
        Filter: ((company_id > 12843) AND (company_type_id = 2))
        Rows Removed by Filter: 1735035
  ->  Hash  (cost=73925.90..73925.90 rows=927541 width=4) (actual time=1414.793..1414.793 rows=892520 loops=1)
        Buckets: 131072  Batches: 16  Memory Usage: 2986kB
        ->  Seq Scan on title t  (cost=0.00..73925.90 rows=927541 width=4) (actual time=0.018..1126.173 rows=892520 loops=1)
              Filter: ((kind_id < 7) AND (production_year > 1919))
              Rows Removed by Filter: 1635792
Planning time: 0.779 ms
Execution time: 3208.509 ms
