Hash Join  (cost=799705.40..1174080.92 rows=504 width=0) (actual time=13691.791..20055.082 rows=140 loops=1)
  Hash Cond: (mi.movie_id = t.id)
  ->  Seq Scan on movie_info mi  (cost=0.00..346232.03 rows=7503588 width=4) (actual time=0.015..5340.846 rows=7548855 loops=1)
        Filter: (info_type_id > 7)
        Rows Removed by Filter: 7286865
  ->  Hash  (cost=799703.28..799703.28 rows=170 width=8) (actual time=13659.666..13659.666 rows=40 loops=1)
        Buckets: 1024  Batches: 1  Memory Usage: 10kB
        ->  Nested Loop  (cost=0.43..799703.28 rows=170 width=8) (actual time=9438.450..13659.602 rows=40 loops=1)
              ->  Seq Scan on cast_info ci  (cost=0.00..796071.18 rows=435 width=4) (actual time=9438.313..13658.407 rows=55 loops=1)
                    Filter: ((role_id < 10) AND (person_id = 3135031))
                    Rows Removed by Filter: 36244289
              ->  Index Scan using title_pkey on title t  (cost=0.43..8.34 rows=1 width=4) (actual time=0.020..0.020 rows=1 loops=55)
                    Index Cond: (id = ci.movie_id)
                    Filter: (kind_id < 7)
                    Rows Removed by Filter: 0
Planning time: 1.189 ms
Execution time: 20055.275 ms
