Hash Join  (cost=74115.73..128937.95 rows=15670 width=0) (actual time=3231.175..6505.970 rows=21755 loops=1)
  Hash Cond: (mc.movie_id = t.id)
  ->  Seq Scan on movie_companies mc  (cost=0.00..44881.29 rows=2609129 width=4) (actual time=0.017..2503.634 rows=2609129 loops=1)
  ->  Hash  (cost=73925.90..73925.90 rows=15186 width=4) (actual time=3231.001..3231.001 rows=9845 loops=1)
        Buckets: 16384  Batches: 1  Memory Usage: 475kB
        ->  Seq Scan on title t  (cost=0.00..73925.90 rows=15186 width=4) (actual time=0.191..3225.828 rows=9845 loops=1)
              Filter: ((kind_id < 3) AND (production_year = 1999))
              Rows Removed by Filter: 2518467
Planning time: 0.709 ms
Execution time: 6510.113 ms
