Hash Join  (cost=83568.99..170511.40 rows=556413 width=0) (actual time=1471.900..4332.417 rows=1061285 loops=1)
  Hash Cond: (mc.movie_id = t.id)
  ->  Seq Scan on movie_companies mc  (cost=0.00..51404.11 rows=2393644 width=4) (actual time=0.014..1083.523 rows=2392265 loops=1)
        Filter: (company_id < 108776)
        Rows Removed by Filter: 216864
  ->  Hash  (cost=73925.90..73925.90 rows=587767 width=4) (actual time=1471.035..1471.035 rows=594730 loops=1)
        Buckets: 131072  Batches: 8  Memory Usage: 3648kB
        ->  Seq Scan on title t  (cost=0.00..73925.90 rows=587767 width=4) (actual time=523.676..1283.878 rows=594730 loops=1)
              Filter: ((production_year < 2012) AND (kind_id = 1))
              Rows Removed by Filter: 1933582
Planning time: 0.745 ms
Execution time: 4459.377 ms
