Hash Join  (cost=74530.73..845353.50 rows=317120 width=0) (actual time=1152.665..17059.765 rows=236084 loops=1)
  Hash Cond: (ci.movie_id = t.id)
  ->  Seq Scan on cast_info ci  (cost=0.00..705507.15 rows=16571845 width=4) (actual time=0.026..11091.450 rows=16425237 loops=1)
        Filter: (person_id < 1626439)
        Rows Removed by Filter: 19819107
  ->  Hash  (cost=73925.90..73925.90 rows=48386 width=4) (actual time=1152.184..1152.184 rows=45023 loops=1)
        Buckets: 65536  Batches: 1  Memory Usage: 2095kB
        ->  Seq Scan on title t  (cost=0.00..73925.90 rows=48386 width=4) (actual time=0.212..1133.293 rows=45023 loops=1)
              Filter: ((kind_id > 1) AND (production_year = 2013))
              Rows Removed by Filter: 2483289
Planning time: 0.796 ms
Execution time: 17095.683 ms
