Nested Loop  (cost=0.43..52283.95 rows=85 width=0) (actual time=579.644..791.198 rows=36 loops=1)
  ->  Seq Scan on movie_companies mc  (cost=0.00..51404.11 rows=104 width=4) (actual time=579.583..790.673 rows=36 loops=1)
        Filter: (company_id = 89000)
        Rows Removed by Filter: 2609093
  ->  Index Scan using title_pkey on title t  (cost=0.43..8.45 rows=1 width=4) (actual time=0.013..0.014 rows=1 loops=36)
        Index Cond: (id = mc.movie_id)
        Filter: (production_year > 1970)
Planning time: 0.705 ms
Execution time: 791.316 ms
