Hash Join  (cost=102767.86..949687.13 rows=1702652 width=0) (actual time=3703.307..14004.410 rows=1031459 loops=1)
  Hash Cond: (ci.movie_id = t.id)
  ->  Seq Scan on cast_info ci  (cost=0.00..796071.18 rows=1702652 width=4) (actual time=1951.466..10726.755 rows=1031459 loops=1)
        Filter: ((person_id < 353136) AND (role_id > 2))
        Rows Removed by Filter: 35212885
  ->  Hash  (cost=61283.27..61283.27 rows=2528527 width=4) (actual time=1750.509..1750.509 rows=2528312 loops=1)
        Buckets: 131072  Batches: 64  Memory Usage: 2415kB
        ->  Seq Scan on title t  (cost=0.00..61283.27 rows=2528527 width=4) (actual time=0.018..938.300 rows=2528312 loops=1)
Planning time: 1.128 ms
Execution time: 14130.850 ms
