Hash Join  (cost=518519.19..1761195.56 rows=17012464 width=0) (actual time=9495.618..44937.127 rows=14642690 loops=1)
  Hash Cond: (ci.movie_id = t.id)
  ->  Seq Scan on cast_info ci  (cost=0.00..705507.15 rows=28181923 width=4) (actual time=0.013..14697.970 rows=28319933 loops=1)
        Filter: (person_id > 773018)
        Rows Removed by Filter: 7924411
  ->  Hash  (cost=493476.38..493476.38 rows=1526385 width=8) (actual time=9494.313..9494.313 rows=1022918 loops=1)
        Buckets: 131072  Batches: 32  Memory Usage: 2262kB
        ->  Hash Join  (cost=98137.04..493476.38 rows=1526385 width=8) (actual time=3615.663..9179.548 rows=1022918 loops=1)
              Hash Cond: (mi.movie_id = t.id)
              ->  Seq Scan on movie_info mi  (cost=0.00..346232.03 rows=2073893 width=4) (actual time=1737.756..5255.211 rows=2091068 loops=1)
                    Filter: (info_type_id < 3)
                    Rows Removed by Filter: 12744652
              ->  Hash  (cost=67604.59..67604.59 rows=1860996 width=4) (actual time=1877.016..1877.016 rows=1865487 loops=1)
                    Buckets: 131072  Batches: 32  Memory Usage: 3085kB
                    ->  Seq Scan on title t  (cost=0.00..67604.59 rows=1860996 width=4) (actual time=0.029..1263.851 rows=1865487 loops=1)
                          Filter: (kind_id > 1)
                          Rows Removed by Filter: 662825
Planning time: 1.205 ms
Execution time: 46621.316 ms
