Seq Scan on movie_keyword mk  (cost=0.00..81003.12 rows=797230 width=0) (actual time=0.018..1226.821 rows=799694 loops=1)
  Filter: (keyword_id > 23112)
  Rows Removed by Filter: 3724236
Planning time: 0.352 ms
Execution time: 1324.474 ms
