Hash Join  (cost=173539.91..1281647.18 rows=7233111 width=0) (actual time=3807.743..39615.712 rows=21601041 loops=1)
  Hash Cond: (ci.movie_id = t.id)
  ->  Seq Scan on cast_info ci  (cost=0.00..614943.12 rows=36225612 width=4) (actual time=0.013..11690.300 rows=36244344 loops=1)
  ->  Hash  (cost=165256.07..165256.07 rows=504867 width=8) (actual time=3806.914..3806.914 rows=925156 loops=1)
        Buckets: 131072 (originally 131072)  Batches: 16 (originally 8)  Memory Usage: 3287kB
        ->  Hash Join  (cost=89678.24..165256.07 rows=504867 width=8) (actual time=1704.054..3516.508 rows=925156 loops=1)
              Hash Cond: (mc.movie_id = t.id)
              ->  Seq Scan on movie_companies mc  (cost=0.00..51404.11 rows=1329612 width=4) (actual time=326.441..969.595 rows=1334883 loops=1)
                    Filter: (company_type_id = 2)
                    Rows Removed by Filter: 1274246
              ->  Hash  (cost=73925.90..73925.90 rows=960107 width=4) (actual time=1376.762..1376.762 rows=977778 loops=1)
                    Buckets: 131072  Batches: 16  Memory Usage: 3172kB
                    ->  Seq Scan on title t  (cost=0.00..73925.90 rows=960107 width=4) (actual time=0.036..1077.467 rows=977778 loops=1)
                          Filter: ((kind_id < 7) AND (production_year > 0))
                          Rows Removed by Filter: 1550534
Planning time: 2.583 ms
Execution time: 42092.066 ms
