Hash Join  (cost=52284.38..79194.93 rows=7 width=0) (actual time=631.040..852.110 rows=36 loops=1)
  Hash Cond: (mi_idx.movie_id = t.id)
  ->  Seq Scan on movie_info_idx mi_idx  (cost=0.00..21735.35 rows=1380035 width=4) (actual time=0.012..162.547 rows=1380035 loops=1)
  ->  Hash  (cost=52284.21..52284.21 rows=13 width=8) (actual time=544.501..544.501 rows=15 loops=1)
        Buckets: 1024  Batches: 1  Memory Usage: 9kB
        ->  Nested Loop  (cost=0.43..52284.21 rows=13 width=8) (actual time=83.130..544.479 rows=15 loops=1)
              ->  Seq Scan on movie_companies mc  (cost=0.00..51404.11 rows=104 width=4) (actual time=78.246..541.511 rows=125 loops=1)
                    Filter: (company_id = 15663)
                    Rows Removed by Filter: 2609004
              ->  Index Scan using title_pkey on title t  (cost=0.43..8.45 rows=1 width=4) (actual time=0.023..0.023 rows=0 loops=125)
                    Index Cond: (id = mc.movie_id)
                    Filter: ((kind_id < 7) AND (production_year > 2007))
                    Rows Removed by Filter: 1
Planning time: 1.084 ms
Execution time: 852.222 ms
