Hash Join  (cost=426817.07..513515.10 rows=3999 width=0) (actual time=5484.450..8888.378 rows=6672725 loops=1)
  Hash Cond: (mk.movie_id = t.id)
  ->  Seq Scan on movie_keyword mk  (cost=0.00..69693.30 rows=4523930 width=4) (actual time=0.023..996.856 rows=4523930 loops=1)
  ->  Hash  (cost=426789.13..426789.13 rows=2235 width=8) (actual time=5484.314..5484.314 rows=66192 loops=1)
        Buckets: 131072 (originally 4096)  Batches: 1 (originally 1)  Memory Usage: 3610kB
        ->  Hash Join  (cost=79094.49..426789.13 rows=2235 width=8) (actual time=2030.768..5463.526 rows=66192 loops=1)
              Hash Cond: (mi.movie_id = t.id)
              ->  Seq Scan on movie_info mi  (cost=0.00..346232.03 rows=17937 width=4) (actual time=662.909..4106.832 rows=147487 loops=1)
                    Filter: (info_type_id = 107)
                    Rows Removed by Filter: 14688233
              ->  Hash  (cost=73925.90..73925.90 rows=315007 width=4) (actual time=1232.611..1232.611 rows=244789 loops=1)
                    Buckets: 131072  Batches: 8  Memory Usage: 2105kB
                    ->  Seq Scan on title t  (cost=0.00..73925.90 rows=315007 width=4) (actual time=429.225..1151.248 rows=244789 loops=1)
                          Filter: ((production_year > 2003) AND (kind_id = 1))
                          Rows Removed by Filter: 2283523
Planning time: 1.082 ms
Execution time: 9705.236 ms
