Seq Scan on movie_companies mc  (cost=0.00..51404.11 rows=1833047 width=0) (actual time=0.023..959.130 rows=1842030 loops=1)
  Filter: (company_id > 1604)
  Rows Removed by Filter: 767099
Planning time: 0.288 ms
Execution time: 1191.102 ms
