Nested Loop  (cost=0.43..709673.15 rows=225 width=0) (actual time=6173.380..9337.405 rows=31 loops=1)
  ->  Seq Scan on cast_info ci  (cost=0.00..705507.15 rows=500 width=4) (actual time=6173.244..9336.691 rows=31 loops=1)
        Filter: (person_id = 2391388)
        Rows Removed by Filter: 36244313
  ->  Index Scan using title_pkey on title t  (cost=0.43..8.32 rows=1 width=4) (actual time=0.020..0.020 rows=1 loops=31)
        Index Cond: (id = ci.movie_id)
        Filter: (production_year < 2002)
Planning time: 0.841 ms
Execution time: 9337.511 ms
