Nested Loop  (cost=0.43..83072.90 rows=64 width=0) (actual time=239.820..864.759 rows=175 loops=1)
  ->  Seq Scan on movie_keyword mk  (cost=0.00..81003.12 rows=246 width=4) (actual time=1.731..843.471 rows=1177 loops=1)
        Filter: (keyword_id = 1316)
        Rows Removed by Filter: 4522753
  ->  Index Scan using title_pkey on title t  (cost=0.43..8.40 rows=1 width=4) (actual time=0.017..0.017 rows=0 loops=1177)
        Index Cond: (id = mk.movie_id)
        Filter: ((production_year < 2001) AND (kind_id = 7))
        Rows Removed by Filter: 1
Planning time: 0.812 ms
Execution time: 864.886 ms
