Seq Scan on cast_info ci  (cost=0.00..796071.18 rows=168 width=0) (actual time=813.441..11274.157 rows=7 loops=1)
  Filter: ((role_id > 3) AND (person_id = 2790289))
  Rows Removed by Filter: 36244337
Planning time: 0.442 ms
Execution time: 11274.253 ms
