Hash Join  (cost=465664.10..524773.81 rows=40992 width=0) (actual time=6664.412..8259.126 rows=840010 loops=1)
  Hash Cond: (mc.movie_id = t.id)
  ->  Seq Scan on movie_companies mc  (cost=0.00..51404.11 rows=1945517 width=4) (actual time=0.018..950.582 rows=1951497 loops=1)
        Filter: (company_id > 935)
        Rows Removed by Filter: 657632
  ->  Hash  (cost=464998.17..464998.17 rows=53275 width=8) (actual time=6664.110..6664.110 rows=50266 loops=1)
        Buckets: 65536  Batches: 1  Memory Usage: 2476kB
        ->  Hash Join  (cost=107928.35..464998.17 rows=53275 width=8) (actual time=4076.366..6648.955 rows=50266 loops=1)
              Hash Cond: (mi.movie_id = t.id)
              ->  Seq Scan on movie_info mi  (cost=0.00..346232.03 rows=54808 width=4) (actual time=1971.698..4202.902 rows=50267 loops=1)
                    Filter: (info_type_id > 107)
                    Rows Removed by Filter: 14785453
              ->  Hash  (cost=67604.59..67604.59 rows=2457821 width=4) (actual time=2075.619..2075.619 rows=2456218 loops=1)
                    Buckets: 131072  Batches: 64  Memory Usage: 2385kB
                    ->  Seq Scan on title t  (cost=0.00..67604.59 rows=2457821 width=4) (actual time=0.023..1238.163 rows=2456218 loops=1)
                          Filter: (production_year > 0)
                          Rows Removed by Filter: 72094
Planning time: 0.730 ms
Execution time: 8373.155 ms
