Seq Scan on cast_info ci  (cost=0.00..705507.15 rows=5175133 width=0) (actual time=0.017..10040.405 rows=5235571 loops=1)
  Filter: (person_id > 3139267)
  Rows Removed by Filter: 31008773
Planning time: 0.357 ms
Execution time: 10635.584 ms
