Seq Scan on cast_info ci  (cost=0.00..796071.18 rows=23130471 width=0) (actual time=0.018..15307.729 rows=22528593 loops=1)
  Filter: ((person_id > 933412) AND (role_id < 10))
  Rows Removed by Filter: 13715751
Planning time: 0.333 ms
Execution time: 18100.221 ms
