Hash Join  (cost=880224.52..1487977.36 rows=2006529 width=0) (actual time=21330.495..31751.113 rows=1001036 loops=1)
  Hash Cond: (mi.movie_id = t.id)
  ->  Seq Scan on movie_info mi  (cost=0.00..346232.03 rows=11115165 width=4) (actual time=181.182..6029.744 rows=11210743 loops=1)
        Filter: (info_type_id > 3)
        Rows Removed by Filter: 3624977
  ->  Hash  (cost=872734.85..872734.85 rows=456454 width=8) (actual time=21147.006..21147.006 rows=390044 loops=1)
        Buckets: 131072  Batches: 8  Memory Usage: 2968kB
        ->  Hash Join  (cost=74539.83..872734.85 rows=456454 width=8) (actual time=800.630..20912.809 rows=390044 loops=1)
              Hash Cond: (ci.movie_id = t.id)
              ->  Seq Scan on cast_info ci  (cost=0.00..705507.15 rows=23499554 width=4) (actual time=0.026..13753.031 rows=23573656 loops=1)
                    Filter: (role_id > 1)
                    Rows Removed by Filter: 12670688
              ->  Hash  (cost=73925.90..73925.90 rows=49114 width=4) (actual time=800.269..800.269 rows=45321 loops=1)
                    Buckets: 65536  Batches: 1  Memory Usage: 2106kB
                    ->  Seq Scan on title t  (cost=0.00..73925.90 rows=49114 width=4) (actual time=0.465..783.294 rows=45321 loops=1)
                          Filter: ((kind_id > 1) AND (production_year > 2012))
                          Rows Removed by Filter: 2482991
Planning time: 1.122 ms
Execution time: 31833.121 ms
