Hash Join  (cost=77062.89..218338.23 rows=955642 width=0) (actual time=1126.018..4958.760 rows=1303297 loops=1)
  Hash Cond: (mk.movie_id = t.id)
  ->  Seq Scan on movie_keyword mk  (cost=0.00..81003.12 rows=4191414 width=4) (actual time=0.022..1797.266 rows=4192694 loops=1)
        Filter: (keyword_id < 49845)
        Rows Removed by Filter: 331236
  ->  Hash  (cost=67604.59..67604.59 rows=576504 width=4) (actual time=1124.062..1124.062 rows=568449 loops=1)
        Buckets: 131072  Batches: 8  Memory Usage: 3519kB
        ->  Seq Scan on title t  (cost=0.00..67604.59 rows=576504 width=4) (actual time=0.023..938.913 rows=568449 loops=1)
              Filter: (production_year < 1984)
              Rows Removed by Filter: 1959863
Planning time: 0.719 ms
Execution time: 5103.711 ms
