Hash Join  (cost=80609.54..455755.59 rows=334092 width=0) (actual time=2620.567..7699.115 rows=764541 loops=1)
  Hash Cond: (mi.movie_id = t.id)
  ->  Seq Scan on movie_info mi  (cost=0.00..346232.03 rows=2073893 width=4) (actual time=1394.687..5112.673 rows=2091068 loops=1)
        Filter: (info_type_id < 3)
        Rows Removed by Filter: 12744652
  ->  Hash  (cost=73925.90..73925.90 rows=407331 width=4) (actual time=1224.677..1224.677 rows=510138 loops=1)
        Buckets: 131072  Batches: 8  Memory Usage: 3287kB
        ->  Seq Scan on title t  (cost=0.00..73925.90 rows=407331 width=4) (actual time=0.078..1057.249 rows=510138 loops=1)
              Filter: ((kind_id < 4) AND (production_year < 2003))
              Rows Removed by Filter: 2018174
Planning time: 0.726 ms
Execution time: 7801.044 ms
