Hash Join  (cost=115536.53..214294.22 rows=114875 width=0) (actual time=2237.406..4016.740 rows=7998 loops=1)
  Hash Cond: (mk.movie_id = t.id)
  ->  Seq Scan on movie_keyword mk  (cost=0.00..81003.12 rows=4428219 width=4) (actual time=0.010..1558.792 rows=4430063 loops=1)
        Filter: (keyword_id < 83975)
        Rows Removed by Filter: 93867
  ->  Hash  (cost=114716.60..114716.60 rows=65594 width=8) (actual time=1804.195..1804.195 rows=3129 loops=1)
        Buckets: 131072  Batches: 1  Memory Usage: 1147kB
        ->  Hash Join  (cost=75898.18..114716.60 rows=65594 width=8) (actual time=988.531..1802.015 rows=3129 loops=1)
              Hash Cond: (mi_idx.movie_id = t.id)
              ->  Seq Scan on movie_info_idx mi_idx  (cost=0.00..21735.35 rows=1380035 width=4) (actual time=0.008..390.918 rows=1380035 loops=1)
              ->  Hash  (cost=73925.90..73925.90 rows=120182 width=4) (actual time=986.788..986.788 rows=17916 loops=1)
                    Buckets: 131072  Batches: 2  Memory Usage: 1340kB
                    ->  Seq Scan on title t  (cost=0.00..73925.90 rows=120182 width=4) (actual time=326.357..977.762 rows=17916 loops=1)
                          Filter: ((production_year < 1955) AND (kind_id = 7))
                          Rows Removed by Filter: 2510396
Planning time: 1.221 ms
Execution time: 4017.943 ms
