Hash Join  (cost=159202.80..524215.06 rows=35635 width=0) (actual time=2449.546..8974.075 rows=5183 loops=1)
  Hash Cond: (mi.movie_id = t.id)
  ->  Seq Scan on movie_info mi  (cost=0.00..309384.22 rows=14739122 width=4) (actual time=0.010..3786.883 rows=14835720 loops=1)
  ->  Hash  (cost=159126.39..159126.39 rows=6113 width=8) (actual time=2448.579..2448.579 rows=847 loops=1)
        Buckets: 8192  Batches: 1  Memory Usage: 98kB
        ->  Hash Join  (cost=76243.83..159126.39 rows=6113 width=8) (actual time=1366.031..2448.179 rows=847 loops=1)
              Hash Cond: (mk.movie_id = t.id)
              ->  Seq Scan on movie_keyword mk  (cost=0.00..81003.12 rows=109414 width=4) (actual time=0.056..1194.422 rows=121921 loops=1)
                    Filter: (keyword_id < 117)
                    Rows Removed by Filter: 4402009
              ->  Hash  (cost=73925.90..73925.90 rows=141274 width=4) (actual time=1183.715..1183.715 rows=150659 loops=1)
                    Buckets: 131072  Batches: 2  Memory Usage: 3679kB
                    ->  Seq Scan on title t  (cost=0.00..73925.90 rows=141274 width=4) (actual time=0.036..1128.287 rows=150659 loops=1)
                          Filter: ((production_year > 2011) AND (kind_id = 7))
                          Rows Removed by Filter: 2377653
Planning time: 1.160 ms
Execution time: 8975.372 ms
