Seq Scan on movie_keyword mk  (cost=0.00..81003.12 rows=3320833 width=0) (actual time=0.034..1488.934 rows=3312391 loops=1)
  Filter: (keyword_id < 15091)
  Rows Removed by Filter: 1211539
Planning time: 0.298 ms
Execution time: 1915.296 ms
