Hash Join  (cost=83810.17..160064.25 rows=365317 width=0) (actual time=1318.698..3120.384 rows=737050 loops=1)
  Hash Cond: (mc.movie_id = t.id)
  ->  Seq Scan on movie_companies mc  (cost=0.00..57926.93 rows=935191 width=4) (actual time=0.012..1056.347 rows=780864 loops=1)
        Filter: ((company_id > 1279) AND (company_type_id < 2))
        Rows Removed by Filter: 1828265
  ->  Hash  (cost=67604.59..67604.59 rows=987727 width=4) (actual time=1317.751..1317.751 rows=985048 loops=1)
        Buckets: 131072  Batches: 16  Memory Usage: 3188kB
        ->  Seq Scan on title t  (cost=0.00..67604.59 rows=987727 width=4) (actual time=0.012..1011.635 rows=985048 loops=1)
              Filter: (kind_id < 7)
              Rows Removed by Filter: 1543264
Planning time: 0.718 ms
Execution time: 3207.540 ms
