Hash Join  (cost=171517.96..690272.34 rows=3650145 width=0) (actual time=9698.928..49499.502 rows=19981777 loops=1)
  Hash Cond: (mi.movie_id = t.id)
  ->  Seq Scan on movie_info mi  (cost=0.00..309384.22 rows=14739122 width=4) (actual time=0.010..21095.815 rows=14835720 loops=1)
  ->  Hash  (cost=161243.59..161243.59 rows=626190 width=8) (actual time=9698.230..9698.230 rows=958623 loops=1)
        Buckets: 131072  Batches: 16  Memory Usage: 3401kB
        ->  Hash Join  (cost=77561.16..161243.59 rows=626190 width=8) (actual time=4021.941..9327.862 rows=958623 loops=1)
              Hash Cond: (mc.movie_id = t.id)
              ->  Seq Scan on movie_companies mc  (cost=0.00..44881.29 rows=2609129 width=4) (actual time=0.015..3162.418 rows=2609129 loops=1)
              ->  Hash  (cost=67604.59..67604.59 rows=606846 width=4) (actual time=4021.128..4021.128 rows=603411 loops=1)
                    Buckets: 131072  Batches: 8  Memory Usage: 3668kB
                    ->  Seq Scan on title t  (cost=0.00..67604.59 rows=606846 width=4) (actual time=0.023..3672.878 rows=603411 loops=1)
                          Filter: (production_year < 1986)
                          Rows Removed by Filter: 1924901
Planning time: 4.634 ms
Execution time: 52238.925 ms
