Hash Join  (cost=193281.18..238145.16 rows=417950 width=0) (actual time=3731.423..6165.404 rows=414909 loops=1)
  Hash Cond: (mi_idx.movie_id = t.id)
  ->  Seq Scan on movie_info_idx mi_idx  (cost=0.00..21735.35 rows=1380035 width=4) (actual time=0.012..383.279 rows=1380035 loops=1)
  ->  Hash  (cost=180716.98..180716.98 rows=765776 width=8) (actual time=3730.688..3730.688 rows=386298 loops=1)
        Buckets: 131072  Batches: 16  Memory Usage: 1955kB
        ->  Hash Join  (cost=93093.72..180716.98 rows=765776 width=8) (actual time=1612.228..3618.583 rows=386298 loops=1)
              Hash Cond: (mc.movie_id = t.id)
              ->  Seq Scan on movie_companies mc  (cost=0.00..57926.93 rows=1246312 width=4) (actual time=0.011..1056.706 rows=1296728 loops=1)
                    Filter: ((company_id > 33) AND (company_type_id > 1))
                    Rows Removed by Filter: 1312401
              ->  Hash  (cost=67604.59..67604.59 rows=1553611 width=4) (actual time=1610.540..1610.540 rows=1555864 loops=1)
                    Buckets: 131072  Batches: 32  Memory Usage: 2734kB
                    ->  Seq Scan on title t  (cost=0.00..67604.59 rows=1553611 width=4) (actual time=0.020..1133.829 rows=1555864 loops=1)
                          Filter: (kind_id > 4)
                          Rows Removed by Filter: 972448
Planning time: 0.767 ms
Execution time: 6215.676 ms
