Hash Join  (cost=505750.53..601141.12 rows=1119674 width=0) (actual time=9353.886..15490.314 rows=13406576 loops=1)
  Hash Cond: (mc.movie_id = t.id)
  ->  Seq Scan on movie_companies mc  (cost=0.00..51404.11 rows=2444464 width=4) (actual time=0.020..1085.113 rows=2445866 loops=1)
        Filter: (company_id < 126473)
        Rows Removed by Filter: 163263
  ->  Hash  (cost=486748.29..486748.29 rows=1158179 width=8) (actual time=9352.923..9352.923 rows=1204709 loops=1)
        Buckets: 131072  Batches: 16  Memory Usage: 3882kB
        ->  Hash Join  (cost=102767.86..486748.29 rows=1158179 width=8) (actual time=5806.734..8973.932 rows=1204709 loops=1)
              Hash Cond: (mi.movie_id = t.id)
              ->  Seq Scan on movie_info mi  (cost=0.00..346232.03 rows=1158179 width=4) (actual time=3858.327..5205.363 rows=1204709 loops=1)
                    Filter: (info_type_id > 18)
                    Rows Removed by Filter: 13631011
              ->  Hash  (cost=61283.27..61283.27 rows=2528527 width=4) (actual time=1945.966..1945.966 rows=2528312 loops=1)
                    Buckets: 131072  Batches: 64  Memory Usage: 2425kB
                    ->  Seq Scan on title t  (cost=0.00..61283.27 rows=2528527 width=4) (actual time=0.024..1087.108 rows=2528312 loops=1)
Planning time: 1.124 ms
Execution time: 17038.536 ms
