Hash Join  (cost=74394.67..871001.70 rows=2039 width=0) (actual time=1341.039..11343.816 rows=10326 loops=1)
  Hash Cond: (ci.movie_id = t.id)
  ->  Seq Scan on cast_info ci  (cost=0.00..796071.18 rows=137458 width=4) (actual time=405.160..10326.625 rows=501293 loops=1)
        Filter: ((person_id > 3088162) AND (role_id = 5))
        Rows Removed by Filter: 35743051
  ->  Hash  (cost=73925.90..73925.90 rows=37501 width=4) (actual time=935.408..935.408 rows=32253 loops=1)
        Buckets: 65536  Batches: 1  Memory Usage: 1646kB
        ->  Seq Scan on title t  (cost=0.00..73925.90 rows=37501 width=4) (actual time=0.396..921.910 rows=32253 loops=1)
              Filter: ((kind_id < 7) AND (production_year = 2005))
              Rows Removed by Filter: 2496059
Planning time: 1.343 ms
Execution time: 11345.157 ms
