Seq Scan on movie_companies mc  (cost=0.00..51404.11 rows=104 width=0) (actual time=0.313..800.536 rows=548 loops=1)
  Filter: (company_id = 11649)
  Rows Removed by Filter: 2608581
Planning time: 0.357 ms
Execution time: 800.745 ms
