Seq Scan on cast_info ci  (cost=0.00..705507.15 rows=500 width=0) (actual time=1069.118..9999.448 rows=75 loops=1)
  Filter: (person_id = 3468048)
  Rows Removed by Filter: 36244269
Planning time: 0.275 ms
Execution time: 9999.541 ms
