Hash Join  (cost=81812.24..1186357.44 rows=6886403 width=0) (actual time=1299.578..32648.172 rows=6420877 loops=1)
  Hash Cond: (ci.movie_id = t.id)
  ->  Seq Scan on cast_info ci  (cost=0.00..614943.12 rows=36225612 width=4) (actual time=0.014..11563.801 rows=36244344 loops=1)
  ->  Hash  (cost=73925.90..73925.90 rows=480667 width=4) (actual time=1298.613..1298.613 rows=350545 loops=1)
        Buckets: 131072  Batches: 8  Memory Usage: 2572kB
        ->  Seq Scan on title t  (cost=0.00..73925.90 rows=480667 width=4) (actual time=482.573..1183.620 rows=350545 loops=1)
              Filter: ((production_year > 1987) AND (kind_id = 1))
              Rows Removed by Filter: 2177767
Planning time: 0.797 ms
Execution time: 33417.297 ms
