Nested Loop  (cost=0.43..76715.38 rows=378 width=0) (actual time=414.981..921.147 rows=2544 loops=1)
  ->  Seq Scan on movie_companies mc  (cost=0.00..57926.93 rows=2388 width=4) (actual time=412.270..819.980 rows=3928 loops=1)
        Filter: ((company_id = 1684) AND (company_type_id = 1))
        Rows Removed by Filter: 2605201
  ->  Index Scan using title_pkey on title t  (cost=0.43..7.86 rows=1 width=4) (actual time=0.025..0.025 rows=1 loops=3928)
        Index Cond: (id = mc.movie_id)
        Filter: ((kind_id < 7) AND (production_year < 2000))
        Rows Removed by Filter: 0
Planning time: 0.729 ms
Execution time: 921.999 ms
