Hash Join  (cost=137516.40..948747.37 rows=124057 width=0) (actual time=33728.567..41274.981 rows=194021 loops=1)
  Hash Cond: (ci.movie_id = t.id)
  ->  Seq Scan on cast_info ci  (cost=0.00..796071.18 rows=1108058 width=4) (actual time=27260.629..34324.501 rows=765530 loops=1)
        Filter: ((person_id < 967469) AND (role_id = 3))
        Rows Removed by Filter: 35478814
  ->  Hash  (cost=132871.77..132871.77 rows=283091 width=8) (actual time=6466.063..6466.063 rows=141906 loops=1)
        Buckets: 131072  Batches: 4  Memory Usage: 2407kB
        ->  Hash Join  (cost=92883.59..132871.77 rows=283091 width=8) (actual time=5379.309..6418.508 rows=141906 loops=1)
              Hash Cond: (mi_idx.movie_id = t.id)
              ->  Seq Scan on movie_info_idx mi_idx  (cost=0.00..25185.44 rows=464566 width=4) (actual time=0.024..1241.361 rows=459925 loops=1)
                    Filter: (info_type_id = 101)
                    Rows Removed by Filter: 920110
              ->  Hash  (cost=67604.59..67604.59 rows=1540800 width=4) (actual time=4609.425..4609.425 rows=1543264 loops=1)
                    Buckets: 131072  Batches: 32  Memory Usage: 2722kB
                    ->  Seq Scan on title t  (cost=0.00..67604.59 rows=1540800 width=4) (actual time=0.014..4012.450 rows=1543264 loops=1)
                          Filter: (kind_id = 7)
                          Rows Removed by Filter: 985048
Planning time: 1.081 ms
Execution time: 41307.543 ms
