Hash Join  (cost=52284.99..768049.64 rows=112 width=0) (actual time=9081.684..12699.328 rows=31 loops=1)
  Hash Cond: (ci.movie_id = t.id)
  ->  Seq Scan on cast_info ci  (cost=0.00..705507.15 rows=2735034 width=4) (actual time=8287.082..11584.912 rows=2728943 loops=1)
        Filter: (role_id = 4)
        Rows Removed by Filter: 33515401
  ->  Hash  (cost=52283.69..52283.69 rows=104 width=8) (actual time=751.835..751.835 rows=12 loops=1)
        Buckets: 1024  Batches: 1  Memory Usage: 9kB
        ->  Nested Loop  (cost=0.43..52283.69 rows=104 width=8) (actual time=52.616..751.800 rows=12 loops=1)
              ->  Seq Scan on movie_companies mc  (cost=0.00..51404.11 rows=104 width=4) (actual time=52.452..751.225 rows=12 loops=1)
                    Filter: (company_id = 47761)
                    Rows Removed by Filter: 2609117
              ->  Index Only Scan using title_pkey on title t  (cost=0.43..8.45 rows=1 width=4) (actual time=0.036..0.038 rows=1 loops=12)
                    Index Cond: (id = mc.movie_id)
                    Heap Fetches: 12
Planning time: 1.170 ms
Execution time: 12699.486 ms
