Hash Join  (cost=158470.25..523867.76 rows=74159 width=0) (actual time=2684.381..9374.484 rows=855477 loops=1)
  Hash Cond: (mi.movie_id = t.id)
  ->  Seq Scan on movie_info mi  (cost=0.00..309384.22 rows=14739122 width=4) (actual time=0.019..3398.585 rows=14835720 loops=1)
  ->  Hash  (cost=158311.22..158311.22 rows=12722 width=8) (actual time=2660.993..2660.993 rows=36273 loops=1)
        Buckets: 65536 (originally 16384)  Batches: 1 (originally 1)  Memory Usage: 1929kB
        ->  Hash Join  (cost=67764.72..158311.22 rows=12722 width=8) (actual time=927.127..2648.383 rows=36273 loops=1)
              Hash Cond: (mk.movie_id = t.id)
              ->  Seq Scan on movie_keyword mk  (cost=0.00..81003.12 rows=2510974 width=4) (actual time=0.019..1313.299 rows=2504982 loops=1)
                    Filter: (keyword_id < 6141)
                    Rows Removed by Filter: 2018948
              ->  Hash  (cost=67604.59..67604.59 rows=12811 width=4) (actual time=925.691..925.691 rows=12600 loops=1)
                    Buckets: 16384  Batches: 1  Memory Usage: 571kB
                    ->  Seq Scan on title t  (cost=0.00..67604.59 rows=12811 width=4) (actual time=0.013..920.847 rows=12600 loops=1)
                          Filter: (kind_id = 6)
                          Rows Removed by Filter: 2515712
Planning time: 1.104 ms
Execution time: 9459.635 ms
