Hash Join  (cost=102767.86..181774.58 rows=736530 width=0) (actual time=1830.258..4233.628 rows=740728 loops=1)
  Hash Cond: (mc.movie_id = t.id)
  ->  Seq Scan on movie_companies mc  (cost=0.00..51404.11 rows=736530 width=4) (actual time=78.230..847.504 rows=740728 loops=1)
        Filter: (company_id > 38588)
        Rows Removed by Filter: 1868401
  ->  Hash  (cost=61283.27..61283.27 rows=2528527 width=4) (actual time=1750.839..1750.839 rows=2528312 loops=1)
        Buckets: 131072  Batches: 64  Memory Usage: 2415kB
        ->  Seq Scan on title t  (cost=0.00..61283.27 rows=2528527 width=4) (actual time=0.026..923.127 rows=2528312 loops=1)
Planning time: 0.709 ms
Execution time: 4316.716 ms
