Hash Join  (cost=68078.69..419530.13 rows=20075 width=0) (actual time=3598.812..5948.918 rows=120526 loops=1)
  Hash Cond: (mi.movie_id = t.id)
  ->  Seq Scan on movie_info mi  (cost=0.00..346232.03 rows=1338312 width=4) (actual time=2465.455..4707.441 rows=1401902 loops=1)
        Filter: (info_type_id = 7)
        Rows Removed by Filter: 13433818
  ->  Hash  (cost=67604.59..67604.59 rows=37928 width=4) (actual time=953.418..953.418 rows=35050 loops=1)
        Buckets: 65536  Batches: 1  Memory Usage: 1745kB
        ->  Seq Scan on title t  (cost=0.00..67604.59 rows=37928 width=4) (actual time=218.508..939.659 rows=35050 loops=1)
              Filter: (production_year < 1912)
              Rows Removed by Filter: 2493262
Planning time: 0.720 ms
Execution time: 5963.821 ms
