Hash Join  (cost=114841.79..1166573.68 rows=1745269 width=0) (actual time=1992.828..26617.364 rows=2847153 loops=1)
  Hash Cond: (ci.movie_id = t.id)
  ->  Seq Scan on cast_info ci  (cost=0.00..614943.12 rows=36225612 width=4) (actual time=0.023..11284.751 rows=36244344 loops=1)
  ->  Hash  (cost=112843.05..112843.05 rows=121819 width=8) (actual time=1991.982..1991.982 rows=84201 loops=1)
        Buckets: 131072  Batches: 2  Memory Usage: 2666kB
        ->  Hash Join  (cost=78473.92..112843.05 rows=121819 width=8) (actual time=1238.575..1965.022 rows=84201 loops=1)
              Hash Cond: (mi_idx.movie_id = t.id)
              ->  Seq Scan on movie_info_idx mi_idx  (cost=0.00..25185.44 rows=464934 width=4) (actual time=0.014..395.434 rows=460185 loops=1)
                    Filter: (info_type_id > 100)
                    Rows Removed by Filter: 919850
              ->  Hash  (cost=67604.59..67604.59 rows=662507 width=4) (actual time=1237.302..1237.302 rows=662065 loops=1)
                    Buckets: 131072  Batches: 16  Memory Usage: 2481kB
                    ->  Seq Scan on title t  (cost=0.00..67604.59 rows=662507 width=4) (actual time=0.014..1009.772 rows=662065 loops=1)
                          Filter: (production_year > 2008)
                          Rows Removed by Filter: 1866247
Planning time: 1.646 ms
Execution time: 26966.237 ms
