Hash Join  (cost=168092.55..302124.46 rows=987387 width=0) (actual time=3629.933..7697.172 rows=3655294 loops=1)
  Hash Cond: (mk.movie_id = t.id)
  ->  Seq Scan on movie_keyword mk  (cost=0.00..69693.30 rows=4523930 width=4) (actual time=0.015..1347.011 rows=4523930 loops=1)
  ->  Hash  (cost=159038.14..159038.14 rows=551873 width=8) (actual time=3628.358..3628.358 rows=409251 loops=1)
        Buckets: 131072  Batches: 8  Memory Usage: 3016kB
        ->  Hash Join  (cost=76379.89..159038.14 rows=551873 width=8) (actual time=1178.006..3490.168 rows=409251 loops=1)
              Hash Cond: (mc.movie_id = t.id)
              ->  Seq Scan on movie_companies mc  (cost=0.00..44881.29 rows=2609129 width=4) (actual time=0.030..790.455 rows=2609129 loops=1)
              ->  Hash  (cost=67604.59..67604.59 rows=534824 width=4) (actual time=1177.267..1177.267 rows=533369 loops=1)
                    Buckets: 131072  Batches: 8  Memory Usage: 3369kB
                    ->  Seq Scan on title t  (cost=0.00..67604.59 rows=534824 width=4) (actual time=0.027..1012.787 rows=533369 loops=1)
                          Filter: (production_year > 2009)
                          Rows Removed by Filter: 1994943
Planning time: 1.111 ms
Execution time: 8147.261 ms
