Seq Scan on cast_info ci  (cost=0.00..705507.15 rows=500 width=0) (actual time=25.359..10160.106 rows=3 loops=1)
  Filter: (person_id = 3567705)
  Rows Removed by Filter: 36244341
Planning time: 0.270 ms
Execution time: 10160.196 ms
