Seq Scan on movie_keyword mk  (cost=0.00..81003.12 rows=246 width=0) (actual time=39.466..905.448 rows=85 loops=1)
  Filter: (keyword_id = 14115)
  Rows Removed by Filter: 4523845
Planning time: 0.617 ms
Execution time: 905.588 ms
