Hash Join  (cost=102767.86..1363754.97 rows=22674336 width=0) (actual time=1646.175..34452.372 rows=22535604 loops=1)
  Hash Cond: (ci.movie_id = t.id)
  ->  Seq Scan on cast_info ci  (cost=0.00..705507.15 rows=22674336 width=4) (actual time=0.022..13473.676 rows=22535604 loops=1)
        Filter: (person_id < 2299232)
        Rows Removed by Filter: 13708740
  ->  Hash  (cost=61283.27..61283.27 rows=2528527 width=4) (actual time=1644.240..1644.240 rows=2528312 loops=1)
        Buckets: 131072  Batches: 64  Memory Usage: 2415kB
        ->  Seq Scan on title t  (cost=0.00..61283.27 rows=2528527 width=4) (actual time=0.017..836.782 rows=2528312 loops=1)
Planning time: 0.816 ms
Execution time: 37202.852 ms
