Hash Join  (cost=219033.39..267939.38 rows=653550 width=0) (actual time=4804.415..6560.490 rows=1673742 loops=1)
  Hash Cond: (mi_idx.movie_id = t.id)
  ->  Seq Scan on movie_info_idx mi_idx  (cost=0.00..21735.35 rows=1380035 width=4) (actual time=0.012..529.687 rows=1380035 loops=1)
  ->  Hash  (cost=199387.31..199387.31 rows=1197447 width=8) (actual time=4803.257..4803.257 rows=1275291 loops=1)
        Buckets: 131072 (originally 131072)  Batches: 32 (originally 16)  Memory Usage: 3073kB
        ->  Hash Join  (cost=102767.86..199387.31 rows=1197447 width=8) (actual time=1967.933..4421.233 rows=1275291 loops=1)
              Hash Cond: (mc.movie_id = t.id)
              ->  Seq Scan on movie_companies mc  (cost=0.00..57926.93 rows=1197447 width=4) (actual time=243.162..1207.003 rows=1275291 loops=1)
                    Filter: ((company_id > 122) AND (company_type_id = 2))
                    Rows Removed by Filter: 1333838
              ->  Hash  (cost=61283.27..61283.27 rows=2528527 width=4) (actual time=1723.569..1723.569 rows=2528312 loops=1)
                    Buckets: 131072  Batches: 64  Memory Usage: 2415kB
                    ->  Seq Scan on title t  (cost=0.00..61283.27 rows=2528527 width=4) (actual time=0.021..867.819 rows=2528312 loops=1)
Planning time: 2.563 ms
Execution time: 6727.476 ms
