Hash Join  (cost=265522.81..369097.82 rows=1832607 width=0) (actual time=5265.412..11235.581 rows=14088694 loops=1)
  Hash Cond: (mc.movie_id = t.id)
  ->  Seq Scan on movie_companies mc  (cost=0.00..44881.29 rows=2609129 width=4) (actual time=0.034..852.153 rows=2609129 loops=1)
  ->  Hash  (cost=236384.89..236384.89 rows=1775994 width=8) (actual time=5264.541..5264.541 rows=1778082 loops=1)
        Buckets: 131072  Batches: 32  Memory Usage: 3183kB
        ->  Hash Join  (cost=102767.86..236384.89 rows=1775994 width=8) (actual time=1735.130..4791.801 rows=1778082 loops=1)
              Hash Cond: (mk.movie_id = t.id)
              ->  Seq Scan on movie_keyword mk  (cost=0.00..81003.12 rows=1775994 width=4) (actual time=0.023..1404.804 rows=1778082 loops=1)
                    Filter: (keyword_id > 7777)
                    Rows Removed by Filter: 2745848
              ->  Hash  (cost=61283.27..61283.27 rows=2528527 width=4) (actual time=1734.404..1734.404 rows=2528312 loops=1)
                    Buckets: 131072  Batches: 64  Memory Usage: 2425kB
                    ->  Seq Scan on title t  (cost=0.00..61283.27 rows=2528527 width=4) (actual time=0.010..922.969 rows=2528312 loops=1)
Planning time: 1.062 ms
Execution time: 12949.362 ms
