Hash Join  (cost=137483.84..623096.38 rows=544161 width=0) (actual time=2475.490..13627.202 rows=2422855 loops=1)
  Hash Cond: (mi.movie_id = t.id)
  ->  Seq Scan on movie_info mi  (cost=0.00..309384.22 rows=14739122 width=4) (actual time=0.012..5164.452 rows=14835720 loops=1)
  ->  Hash  (cost=135951.94..135951.94 rows=93352 width=8) (actual time=2474.746..2474.746 rows=155562 loops=1)
        Buckets: 131072  Batches: 2  Memory Usage: 4079kB
        ->  Hash Join  (cost=76440.79..135951.94 rows=93352 width=8) (actual time=1297.673..2424.353 rows=155562 loops=1)
              Hash Cond: (mc.movie_id = t.id)
              ->  Seq Scan on movie_companies mc  (cost=0.00..51404.11 rows=438273 width=4) (actual time=0.044..787.368 rows=439315 loops=1)
                    Filter: (company_id < 329)
                    Rows Removed by Filter: 2169814
              ->  Hash  (cost=67604.59..67604.59 rows=538576 width=4) (actual time=1296.487..1296.487 rows=538190 loops=1)
                    Buckets: 131072  Batches: 8  Memory Usage: 3380kB
                    ->  Seq Scan on title t  (cost=0.00..67604.59 rows=538576 width=4) (actual time=0.026..1122.648 rows=538190 loops=1)
                          Filter: (production_year < 1982)
                          Rows Removed by Filter: 1990122
Planning time: 1.290 ms
Execution time: 13914.038 ms
