Hash Join  (cost=75458.62..106558.33 rows=17177 width=0) (actual time=1111.283..1791.563 rows=8283 loops=1)
  Hash Cond: (mi_idx.movie_id = t.id)
  ->  Seq Scan on movie_info_idx mi_idx  (cost=0.00..25185.44 rows=464934 width=4) (actual time=0.016..480.427 rows=460185 loops=1)
        Filter: (info_type_id > 100)
        Rows Removed by Filter: 919850
  ->  Hash  (cost=73925.90..73925.90 rows=93417 width=4) (actual time=1110.469..1110.469 rows=100804 loops=1)
        Buckets: 131072  Batches: 2  Memory Usage: 2798kB
        ->  Seq Scan on title t  (cost=0.00..73925.90 rows=93417 width=4) (actual time=0.011..1073.628 rows=100804 loops=1)
              Filter: ((kind_id > 3) AND (production_year = 2010))
              Rows Removed by Filter: 2427508
Planning time: 0.700 ms
Execution time: 1793.180 ms
