Hash Join  (cost=102767.86..179490.80 rows=641651 width=0) (actual time=1787.939..3633.388 rows=646983 loops=1)
  Hash Cond: (mc.movie_id = t.id)
  ->  Seq Scan on movie_companies mc  (cost=0.00..51404.11 rows=641651 width=4) (actual time=0.016..860.446 rows=646983 loops=1)
        Filter: (company_id > 55453)
        Rows Removed by Filter: 1962146
  ->  Hash  (cost=61283.27..61283.27 rows=2528527 width=4) (actual time=1786.417..1786.417 rows=2528312 loops=1)
        Buckets: 131072  Batches: 64  Memory Usage: 2415kB
        ->  Seq Scan on title t  (cost=0.00..61283.27 rows=2528527 width=4) (actual time=0.016..935.347 rows=2528312 loops=1)
Planning time: 0.739 ms
Execution time: 3714.818 ms
