Hash Join  (cost=842372.82..2185544.77 rows=32379131 width=0) (actual time=44792.226..105731.910 rows=35536649 loops=1)
  Hash Cond: (ci.movie_id = t.id)
  ->  Seq Scan on cast_info ci  (cost=0.00..796071.18 rows=8639597 width=4) (actual time=0.020..44283.053 rows=4256979 loops=1)
        Filter: ((person_id < 2650321) AND (role_id > 3))
        Rows Removed by Filter: 31987365
  ->  Hash  (cost=686901.94..686901.94 rows=9476311 width=8) (actual time=44789.679..44789.679 rows=9565151 loops=1)
        Buckets: 131072  Batches: 128  Memory Usage: 3919kB
        ->  Hash Join  (cost=102767.86..686901.94 rows=9476311 width=8) (actual time=5444.842..41060.810 rows=9565151 loops=1)
              Hash Cond: (mi.movie_id = t.id)
              ->  Seq Scan on movie_info mi  (cost=0.00..346232.03 rows=9476311 width=4) (actual time=0.010..22269.697 rows=9565151 loops=1)
                    Filter: (info_type_id < 16)
                    Rows Removed by Filter: 5270569
              ->  Hash  (cost=61283.27..61283.27 rows=2528527 width=4) (actual time=5443.539..5443.539 rows=2528312 loops=1)
                    Buckets: 131072  Batches: 64  Memory Usage: 2425kB
                    ->  Seq Scan on title t  (cost=0.00..61283.27 rows=2528527 width=4) (actual time=0.004..4306.337 rows=2528312 loops=1)
Planning time: 1.099 ms
Execution time: 110841.668 ms
