Hash Join  (cost=74434.21..131030.61 rows=21352 width=0) (actual time=1247.294..2089.633 rows=8579 loops=1)
  Hash Cond: (mc.movie_id = t.id)
  ->  Seq Scan on movie_companies mc  (cost=0.00..51404.11 rows=1327672 width=4) (actual time=0.025..844.819 rows=1317791 loops=1)
        Filter: (company_id < 11373)
        Rows Removed by Filter: 1291338
  ->  Hash  (cost=73925.90..73925.90 rows=40664 width=4) (actual time=940.090..940.090 rows=40257 loops=1)
        Buckets: 65536  Batches: 1  Memory Usage: 1928kB
        ->  Seq Scan on title t  (cost=0.00..73925.90 rows=40664 width=4) (actual time=0.026..923.661 rows=40257 loops=1)
              Filter: ((production_year > 2012) AND (kind_id = 7))
              Rows Removed by Filter: 2488055
Planning time: 0.703 ms
Execution time: 2090.956 ms
