Seq Scan on cast_info ci  (cost=0.00..705507.15 rows=31378945 width=0) (actual time=752.295..11705.729 rows=31510534 loops=1)
  Filter: (person_id > 459162)
  Rows Removed by Filter: 4733810
Planning time: 0.311 ms
Execution time: 15392.285 ms
