Hash Join  (cost=178689.52..300500.94 rows=691698 width=0) (actual time=3663.569..6776.824 rows=893376 loops=1)
  Hash Cond: (mk.movie_id = t.id)
  ->  Seq Scan on movie_keyword mk  (cost=0.00..81003.12 rows=2713151 width=4) (actual time=0.020..1609.475 rows=2710357 loops=1)
        Filter: (keyword_id < 7663)
        Rows Removed by Filter: 1813573
  ->  Hash  (cost=168112.66..168112.66 rows=644629 width=8) (actual time=3662.299..3662.299 rows=485048 loops=1)
        Buckets: 131072  Batches: 16  Memory Usage: 2225kB
        ->  Hash Join  (cost=84175.84..168112.66 rows=644629 width=8) (actual time=1274.237..3511.612 rows=485048 loops=1)
              Hash Cond: (mc.movie_id = t.id)
              ->  Seq Scan on movie_companies mc  (cost=0.00..44881.29 rows=2609129 width=4) (actual time=0.015..829.279 rows=2609129 loops=1)
              ->  Hash  (cost=73925.90..73925.90 rows=624715 width=4) (actual time=1273.386..1273.386 rows=501928 loops=1)
                    Buckets: 131072  Batches: 16  Memory Usage: 2129kB
                    ->  Seq Scan on title t  (cost=0.00..73925.90 rows=624715 width=4) (actual time=0.019..1120.703 rows=501928 loops=1)
                          Filter: ((kind_id > 1) AND (production_year < 1996))
                          Rows Removed by Filter: 2026384
Planning time: 0.712 ms
Execution time: 6890.576 ms
