Hash Join  (cost=327850.84..1050762.50 rows=19330393 width=0) (actual time=6962.454..56134.938 rows=181235911 loops=1)
  Hash Cond: (mi.movie_id = t.id)
  ->  Seq Scan on movie_info mi  (cost=0.00..309384.22 rows=14739122 width=4) (actual time=0.017..5146.117 rows=14835720 loops=1)
  ->  Hash  (cost=273444.73..273444.73 rows=3316169 width=8) (actual time=6960.847..6960.847 rows=3314454 loops=1)
        Buckets: 131072  Batches: 64  Memory Usage: 3146kB
        ->  Hash Join  (cost=102767.86..273444.73 rows=3316169 width=8) (actual time=1769.788..6080.301 rows=3314454 loops=1)
              Hash Cond: (mk.movie_id = t.id)
              ->  Seq Scan on movie_keyword mk  (cost=0.00..81003.12 rows=3316169 width=4) (actual time=0.026..1623.210 rows=3314454 loops=1)
                    Filter: (keyword_id > 1515)
                    Rows Removed by Filter: 1209476
              ->  Hash  (cost=61283.27..61283.27 rows=2528527 width=4) (actual time=1768.127..1768.127 rows=2528312 loops=1)
                    Buckets: 131072  Batches: 64  Memory Usage: 2425kB
                    ->  Seq Scan on title t  (cost=0.00..61283.27 rows=2528527 width=4) (actual time=0.023..890.843 rows=2528312 loops=1)
Planning time: 1.143 ms
Execution time: 74321.989 ms
