Seq Scan on movie_companies mc  (cost=0.00..51404.11 rows=104 width=0) (actual time=20.974..681.220 rows=38 loops=1)
  Filter: (company_id = 1384)
  Rows Removed by Filter: 2609091
Planning time: 0.260 ms
Execution time: 681.327 ms
