Seq Scan on movie_companies mc  (cost=0.00..57926.93 rows=1049817 width=0) (actual time=0.026..1032.389 rows=781575 loops=1)
  Filter: ((company_id < 71792) AND (company_type_id > 1))
  Rows Removed by Filter: 1827554
Planning time: 0.484 ms
Execution time: 1132.449 ms
