Seq Scan on cast_info ci  (cost=0.00..705507.15 rows=500 width=0) (actual time=3783.880..8325.801 rows=80 loops=1)
  Filter: (person_id = 3564277)
  Rows Removed by Filter: 36244264
Planning time: 0.318 ms
Execution time: 8325.881 ms
