Hash Join  (cost=455908.89..496113.12 rows=146375 width=0) (actual time=6719.243..7680.880 rows=115488 loops=1)
  Hash Cond: (mi_idx.movie_id = t.id)
  ->  Seq Scan on movie_info_idx mi_idx  (cost=0.00..21735.35 rows=1380035 width=4) (actual time=0.022..428.899 rows=1380035 loops=1)
  ->  Hash  (cost=451508.49..451508.49 rows=268192 width=8) (actual time=6717.980..6717.980 rows=77463 loops=1)
        Buckets: 131072  Batches: 4  Memory Usage: 1774kB
        ->  Hash Join  (cost=90991.69..451508.49 rows=268192 width=8) (actual time=3554.516..6692.779 rows=77463 loops=1)
              Hash Cond: (mi.movie_id = t.id)
              ->  Seq Scan on movie_info mi  (cost=0.00..346232.03 rows=651960 width=4) (actual time=1985.246..4303.192 rows=660923 loops=1)
                    Filter: (info_type_id = 18)
                    Rows Removed by Filter: 14174797
              ->  Hash  (cost=73925.90..73925.90 rows=1040143 width=4) (actual time=1568.365..1568.365 rows=1134228 loops=1)
                    Buckets: 131072  Batches: 16  Memory Usage: 3531kB
                    ->  Seq Scan on title t  (cost=0.00..73925.90 rows=1040143 width=4) (actual time=0.024..1205.657 rows=1134228 loops=1)
                          Filter: ((production_year > 1992) AND (kind_id = 7))
                          Rows Removed by Filter: 1394084
Planning time: 1.111 ms
Execution time: 7694.677 ms
