Hash Join  (cost=263115.61..1546485.59 rows=20192337 width=0) (actual time=8423.611..47214.899 rows=36104873 loops=1)
  Hash Cond: (ci.movie_id = t.id)
  ->  Seq Scan on cast_info ci  (cost=0.00..796071.18 rows=19568549 width=4) (actual time=2113.354..16872.163 rows=17441775 loops=1)
        Filter: ((person_id < 3036876) AND (role_id > 1))
        Rows Removed by Filter: 18802569
  ->  Hash  (cost=220309.49..220309.49 rows=2609129 width=8) (actual time=6308.800..6308.800 rows=2609129 loops=1)
        Buckets: 131072  Batches: 64  Memory Usage: 2610kB
        ->  Hash Join  (cost=102767.86..220309.49 rows=2609129 width=8) (actual time=1771.638..5292.051 rows=2609129 loops=1)
              Hash Cond: (mc.movie_id = t.id)
              ->  Seq Scan on movie_companies mc  (cost=0.00..44881.29 rows=2609129 width=4) (actual time=0.012..894.324 rows=2609129 loops=1)
              ->  Hash  (cost=61283.27..61283.27 rows=2528527 width=4) (actual time=1770.586..1770.586 rows=2528312 loops=1)
                    Buckets: 131072  Batches: 64  Memory Usage: 2415kB
                    ->  Seq Scan on title t  (cost=0.00..61283.27 rows=2528527 width=4) (actual time=0.032..932.835 rows=2528312 loops=1)
Planning time: 1.312 ms
Execution time: 51373.914 ms
