Hash Join  (cost=102767.86..210473.98 rows=699138 width=0) (actual time=1773.358..4398.504 rows=696113 loops=1)
  Hash Cond: (mk.movie_id = t.id)
  ->  Seq Scan on movie_keyword mk  (cost=0.00..81003.12 rows=699138 width=4) (actual time=0.017..1193.888 rows=696113 loops=1)
        Filter: (keyword_id < 580)
        Rows Removed by Filter: 3827817
  ->  Hash  (cost=61283.27..61283.27 rows=2528527 width=4) (actual time=1771.566..1771.566 rows=2528312 loops=1)
        Buckets: 131072  Batches: 64  Memory Usage: 2425kB
        ->  Seq Scan on title t  (cost=0.00..61283.27 rows=2528527 width=4) (actual time=0.014..880.181 rows=2528312 loops=1)
Planning time: 0.645 ms
Execution time: 4467.367 ms
