Nested Loop  (cost=0.43..83072.90 rows=1 width=0) (actual time=85.219..1188.921 rows=1 loops=1)
  ->  Seq Scan on movie_keyword mk  (cost=0.00..81003.12 rows=246 width=4) (actual time=0.435..1168.832 rows=651 loops=1)
        Filter: (keyword_id = 5692)
        Rows Removed by Filter: 4523279
  ->  Index Scan using title_pkey on title t  (cost=0.43..8.40 rows=1 width=4) (actual time=0.029..0.029 rows=0 loops=651)
        Index Cond: (id = mk.movie_id)
        Filter: ((kind_id = 4) AND (production_year = 2007))
        Rows Removed by Filter: 1
Planning time: 0.717 ms
Execution time: 1189.047 ms
