Nested Loop  (cost=0.43..83071.67 rows=246 width=0) (actual time=0.480..1197.191 rows=268 loops=1)
  ->  Seq Scan on movie_keyword mk  (cost=0.00..81003.12 rows=246 width=4) (actual time=0.440..1188.986 rows=268 loops=1)
        Filter: (keyword_id = 1620)
        Rows Removed by Filter: 4523662
  ->  Index Only Scan using title_pkey on title t  (cost=0.43..8.40 rows=1 width=4) (actual time=0.028..0.028 rows=1 loops=268)
        Index Cond: (id = mk.movie_id)
        Heap Fetches: 268
Planning time: 0.704 ms
Execution time: 1197.413 ms
