Hash Join  (cost=102767.86..1090322.27 rows=7547153 width=0) (actual time=7065.422..18061.940 rows=4503395 loops=1)
  Hash Cond: (ci.movie_id = t.id)
  ->  Seq Scan on cast_info ci  (cost=0.00..796071.18 rows=7547153 width=4) (actual time=5246.735..11817.301 rows=4503395 loops=1)
        Filter: ((person_id > 2754584) AND (role_id < 8))
        Rows Removed by Filter: 31740949
  ->  Hash  (cost=61283.27..61283.27 rows=2528527 width=4) (actual time=1817.680..1817.680 rows=2528312 loops=1)
        Buckets: 131072  Batches: 64  Memory Usage: 2415kB
        ->  Seq Scan on title t  (cost=0.00..61283.27 rows=2528527 width=4) (actual time=0.032..994.248 rows=2528312 loops=1)
Planning time: 1.405 ms
Execution time: 18629.163 ms
