Hash Join  (cost=155283.85..972652.65 rows=173289 width=0) (actual time=11037.783..16702.347 rows=155660 loops=1)
  Hash Cond: (ci.movie_id = t.id)
  ->  Seq Scan on cast_info ci  (cost=0.00..796071.18 rows=1599393 width=4) (actual time=7028.488..12068.834 rows=1095341 loops=1)
        Filter: ((person_id < 1419945) AND (role_id = 3))
        Rows Removed by Filter: 35149003
  ->  Hash  (cost=150788.38..150788.38 rows=273958 width=8) (actual time=4007.348..4007.348 rows=511795 loops=1)
        Buckets: 131072 (originally 131072)  Batches: 8 (originally 4)  Memory Usage: 3512kB
        ->  Hash Join  (cost=71961.27..150788.38 rows=273958 width=8) (actual time=1793.906..3851.884 rows=511795 loops=1)
              Hash Cond: (mc.movie_id = t.id)
              ->  Seq Scan on movie_companies mc  (cost=0.00..44881.29 rows=2609129 width=4) (actual time=0.020..746.618 rows=2609129 loops=1)
              ->  Hash  (cost=67604.59..67604.59 rows=265495 width=4) (actual time=1793.044..1793.044 rows=263594 loops=1)
                    Buckets: 131072  Batches: 4  Memory Usage: 3340kB
                    ->  Seq Scan on title t  (cost=0.00..67604.59 rows=265495 width=4) (actual time=0.038..1043.243 rows=263594 loops=1)
                          Filter: (production_year < 1962)
                          Rows Removed by Filter: 2264718
Planning time: 4.856 ms
Execution time: 16722.735 ms
