Seq Scan on movie_keyword mk  (cost=0.00..81003.12 rows=246 width=0) (actual time=208.866..1111.238 rows=9 loops=1)
  Filter: (keyword_id = 64414)
  Rows Removed by Filter: 4523921
Planning time: 0.342 ms
Execution time: 1111.329 ms
