Hash Join  (cost=94973.51..135490.58 rows=299601 width=0) (actual time=1612.474..2637.401 rows=175310 loops=1)
  Hash Cond: (mi_idx.movie_id = t.id)
  ->  Seq Scan on movie_info_idx mi_idx  (cost=0.00..25185.44 rows=454124 width=4) (actual time=0.025..467.969 rows=459925 loops=1)
        Filter: (info_type_id = 100)
        Rows Removed by Filter: 920110
  ->  Hash  (cost=67604.59..67604.59 rows=1668154 width=4) (actual time=1610.762..1610.762 rows=1674098 loops=1)
        Buckets: 131072  Batches: 32  Memory Usage: 2869kB
        ->  Seq Scan on title t  (cost=0.00..67604.59 rows=1668154 width=4) (actual time=0.025..1075.384 rows=1674098 loops=1)
              Filter: (kind_id > 3)
              Rows Removed by Filter: 854214
Planning time: 0.733 ms
Execution time: 2658.462 ms
