Hash Join  (cost=169366.97..537198.67 rows=317578 width=0) (actual time=3012.321..9719.649 rows=35107 loops=1)
  Hash Cond: (mi.movie_id = t.id)
  ->  Seq Scan on movie_info mi  (cost=0.00..309384.22 rows=14739122 width=4) (actual time=0.017..3781.851 rows=14835720 loops=1)
  ->  Hash  (cost=168685.96..168685.96 rows=54481 width=8) (actual time=2906.867..2906.867 rows=6181 loops=1)
        Buckets: 65536  Batches: 1  Memory Usage: 754kB
        ->  Hash Join  (cost=74434.21..168685.96 rows=54481 width=8) (actual time=894.593..2904.135 rows=6181 loops=1)
              Hash Cond: (mk.movie_id = t.id)
              ->  Seq Scan on movie_keyword mk  (cost=0.00..81003.12 rows=3387685 width=4) (actual time=0.017..1466.354 rows=3377245 loops=1)
                    Filter: (keyword_id < 16264)
                    Rows Removed by Filter: 1146685
              ->  Hash  (cost=73925.90..73925.90 rows=40664 width=4) (actual time=889.703..889.703 rows=40257 loops=1)
                    Buckets: 65536  Batches: 1  Memory Usage: 1928kB
                    ->  Seq Scan on title t  (cost=0.00..73925.90 rows=40664 width=4) (actual time=0.023..872.917 rows=40257 loops=1)
                          Filter: ((production_year > 2012) AND (kind_id = 7))
                          Rows Removed by Filter: 2488055
Planning time: 3.331 ms
Execution time: 9724.672 ms
