Hash Join  (cost=86252.72..152286.02 rows=105719 width=0) (actual time=1748.707..2408.747 rows=34003 loops=1)
  Hash Cond: (mc.movie_id = t.id)
  ->  Seq Scan on movie_companies mc  (cost=0.00..57926.93 rows=355780 width=4) (actual time=292.240..785.947 rows=43653 loops=1)
        Filter: ((company_id > 40635) AND (company_type_id = 1))
        Rows Removed by Filter: 2565476
  ->  Hash  (cost=73925.90..73925.90 rows=751345 width=4) (actual time=1455.480..1455.480 rows=793943 loops=1)
        Buckets: 131072  Batches: 16  Memory Usage: 2771kB
        ->  Seq Scan on title t  (cost=0.00..73925.90 rows=751345 width=4) (actual time=0.045..1204.524 rows=793943 loops=1)
              Filter: ((kind_id < 7) AND (production_year < 2010))
              Rows Removed by Filter: 1734369
Planning time: 0.700 ms
Execution time: 2413.441 ms
