Seq Scan on movie_keyword mk  (cost=0.00..81003.12 rows=1418457 width=0) (actual time=0.028..1312.298 rows=1433949 loops=1)
  Filter: (keyword_id < 1986)
  Rows Removed by Filter: 3089981
Planning time: 0.306 ms
Execution time: 1489.708 ms
