Hash Join  (cost=235306.58..1417936.86 rows=14487606 width=0) (actual time=4684.000..43110.529 rows=48100941 loops=1)
  Hash Cond: (ci.movie_id = t.id)
  ->  Seq Scan on cast_info ci  (cost=0.00..614943.12 rows=36225612 width=4) (actual time=0.015..11891.817 rows=36244344 loops=1)
  ->  Hash  (cost=218715.24..218715.24 rows=1011227 width=8) (actual time=4682.991..4682.991 rows=981894 loops=1)
        Buckets: 131072  Batches: 16  Memory Usage: 3470kB
        ->  Hash Join  (cost=104196.70..218715.24 rows=1011227 width=8) (actual time=1906.285..4394.905 rows=981894 loops=1)
              Hash Cond: (mk.movie_id = t.id)
              ->  Seq Scan on movie_keyword mk  (cost=0.00..81003.12 rows=1146429 width=4) (actual time=0.277..1307.634 rows=1163008 loops=1)
                    Filter: (keyword_id > 16111)
                    Rows Removed by Filter: 3360922
              ->  Hash  (cost=67604.59..67604.59 rows=2230329 width=4) (actual time=1904.890..1904.890 rows=2225335 loops=1)
                    Buckets: 131072  Batches: 32  Memory Usage: 3481kB
                    ->  Seq Scan on title t  (cost=0.00..67604.59 rows=2230329 width=4) (actual time=0.015..1189.094 rows=2225335 loops=1)
                          Filter: (production_year > 1958)
                          Rows Removed by Filter: 302977
Planning time: 1.065 ms
Execution time: 47681.967 ms
