Hash Join  (cost=461795.64..591318.38 rows=617270 width=0) (actual time=9254.690..11295.075 rows=216449 loops=1)
  Hash Cond: (mk.movie_id = t.id)
  ->  Seq Scan on movie_keyword mk  (cost=0.00..69693.30 rows=4523930 width=4) (actual time=0.015..1309.420 rows=4523930 loops=1)
  ->  Hash  (cost=456135.06..456135.06 rows=345006 width=8) (actual time=7387.059..7387.059 rows=192750 loops=1)
        Buckets: 131072  Batches: 8  Memory Usage: 1968kB
        ->  Hash Join  (cost=80827.88..456135.06 rows=345006 width=8) (actual time=2682.639..7324.064 rows=192750 loops=1)
              Hash Cond: (mi.movie_id = t.id)
              ->  Seq Scan on movie_info mi  (cost=0.00..346232.03 rows=2073893 width=4) (actual time=1520.454..4637.771 rows=2091068 loops=1)
                    Filter: (info_type_id < 3)
                    Rows Removed by Filter: 12744652
              ->  Hash  (cost=73925.90..73925.90 rows=420638 width=4) (actual time=1161.137..1161.137 rows=301535 loops=1)
                    Buckets: 131072  Batches: 8  Memory Usage: 2343kB
                    ->  Seq Scan on title t  (cost=0.00..73925.90 rows=420638 width=4) (actual time=0.033..1062.089 rows=301535 loops=1)
                          Filter: ((production_year < 1990) AND (kind_id = 7))
                          Rows Removed by Filter: 2226777
Planning time: 1.025 ms
Execution time: 11319.657 ms
