Seq Scan on cast_info ci  (cost=0.00..796071.18 rows=3092261 width=0) (actual time=4302.636..13160.975 rows=999153 loops=1)
  Filter: ((person_id < 2452970) AND (role_id > 9))
  Rows Removed by Filter: 35245191
Planning time: 0.434 ms
Execution time: 13292.095 ms
