Hash Join  (cost=116356.09..1004651.84 rows=10467492 width=169) (actual time=2644.430..27471.627 rows=11658103 loops=1)
  Hash Cond: (mi.movie_id = t.id)
  ->  Seq Scan on movie_info mi  (cost=0.00..309384.22 rows=14739122 width=75) (actual time=0.014..6951.982 rows=14835720 loops=1)
  ->  Hash  (cost=67604.59..67604.59 rows=1795720 width=94) (actual time=2643.708..2643.708 rows=1794153 loops=1)
        Buckets: 32768  Batches: 64  Memory Usage: 3414kB
        ->  Seq Scan on title t  (cost=0.00..67604.59 rows=1795720 width=94) (actual time=0.011..1726.709 rows=1794153 loops=1)
              Filter: (production_year < 2009)
              Rows Removed by Filter: 734159
Planning time: 0.680 ms
Execution time: 28111.631 ms
