Seq Scan on movie_companies mc  (cost=0.00..57926.93 rows=746414 width=0) (actual time=102.661..478.682 rows=1022707 loops=1)
  Filter: ((company_id < 14056) AND (company_type_id < 2))
  Rows Removed by Filter: 1586422
Planning time: 0.302 ms
Execution time: 554.424 ms
