Hash Join  (cost=131134.03..225646.63 rows=29693 width=0) (actual time=2279.291..3786.290 rows=845180 loops=1)
  Hash Cond: (mk.movie_id = t.id)
  ->  Seq Scan on movie_keyword mk  (cost=0.00..81003.12 rows=3523344 width=4) (actual time=0.014..962.909 rows=3516657 loops=1)
        Filter: (keyword_id > 966)
        Rows Removed by Filter: 1007273
  ->  Hash  (cost=130867.67..130867.67 rows=21309 width=8) (actual time=2278.892..2278.892 rows=36279 loops=1)
        Buckets: 65536 (originally 32768)  Batches: 1 (originally 1)  Memory Usage: 1930kB
        ->  Hash Join  (cost=74452.28..130867.67 rows=21309 width=8) (actual time=1097.609..2264.376 rows=36279 loops=1)
              Hash Cond: (mc.movie_id = t.id)
              ->  Seq Scan on movie_companies mc  (cost=0.00..51404.11 rows=1279517 width=4) (actual time=0.015..887.708 rows=1274246 loops=1)
                    Filter: (company_type_id = 1)
                    Rows Removed by Filter: 1334883
              ->  Hash  (cost=73925.90..73925.90 rows=42110 width=4) (actual time=1097.249..1097.249 rows=33905 loops=1)
                    Buckets: 65536  Batches: 1  Memory Usage: 1704kB
                    ->  Seq Scan on title t  (cost=0.00..73925.90 rows=42110 width=4) (actual time=0.087..1081.696 rows=33905 loops=1)
                          Filter: ((kind_id < 7) AND (production_year = 2006))
                          Rows Removed by Filter: 2494407
Planning time: 1.111 ms
Execution time: 3862.727 ms
