Hash Join  (cost=120126.22..1173608.85 rows=1915639 width=0) (actual time=5482.253..69948.443 rows=1012590 loops=1)
  Hash Cond: (ci.movie_id = t.id)
  ->  Seq Scan on cast_info ci  (cost=0.00..614943.12 rows=36225612 width=4) (actual time=0.016..44298.942 rows=36244344 loops=1)
  ->  Hash  (cost=117931.83..117931.83 rows=133711 width=8) (actual time=5479.998..5479.998 rows=47685 loops=1)
        Buckets: 131072  Batches: 2  Memory Usage: 1958kB
        ->  Hash Join  (cost=77945.24..117931.83 rows=133711 width=8) (actual time=4196.063..5457.380 rows=47685 loops=1)
              Hash Cond: (mi_idx.movie_id = t.id)
              ->  Seq Scan on movie_info_idx mi_idx  (cost=0.00..21735.35 rows=1380035 width=4) (actual time=0.020..1266.616 rows=1380035 loops=1)
              ->  Hash  (cost=73925.90..73925.90 rows=244987 width=4) (actual time=3527.536..3527.536 rows=137824 loops=1)
                    Buckets: 131072  Batches: 4  Memory Usage: 2233kB
                    ->  Seq Scan on title t  (cost=0.00..73925.90 rows=244987 width=4) (actual time=0.024..3458.835 rows=137824 loops=1)
                          Filter: ((production_year < 1972) AND (kind_id = 7))
                          Rows Removed by Filter: 2390488
Planning time: 8.902 ms
Execution time: 70153.002 ms
