Seq Scan on movie_companies mc  (cost=0.00..57926.93 rows=524594 width=0) (actual time=0.030..877.660 rows=832422 loops=1)
  Filter: ((company_id > 15290) AND (company_type_id > 1))
  Rows Removed by Filter: 1776707
Planning time: 0.309 ms
Execution time: 977.351 ms
