Seq Scan on cast_info ci  (cost=0.00..796071.18 rows=324 width=0) (actual time=5174.536..12760.994 rows=40 loops=1)
  Filter: ((role_id > 1) AND (person_id = 2501235))
  Rows Removed by Filter: 36244304
Planning time: 0.269 ms
Execution time: 12761.109 ms
