Hash Join  (cost=93569.21..1303584.30 rows=17153493 width=0) (actual time=1632.613..40187.700 rows=18918355 loops=1)
  Hash Cond: (ci.movie_id = t.id)
  ->  Seq Scan on cast_info ci  (cost=0.00..614943.12 rows=36225612 width=4) (actual time=0.016..11510.196 rows=36244344 loops=1)
  ->  Hash  (cost=73925.90..73925.90 rows=1197304 width=4) (actual time=1631.585..1631.585 rows=1285057 loops=1)
        Buckets: 131072  Batches: 16  Memory Usage: 3858kB
        ->  Seq Scan on title t  (cost=0.00..73925.90 rows=1197304 width=4) (actual time=0.011..1233.754 rows=1285057 loops=1)
              Filter: ((production_year > 1978) AND (kind_id = 7))
              Rows Removed by Filter: 1243255
Planning time: 4.902 ms
Execution time: 42201.408 ms
