Hash Join  (cost=142115.37..223983.79 rows=494589 width=0) (actual time=2946.670..4867.041 rows=802353 loops=1)
  Hash Cond: (mc.movie_id = t.id)
  ->  Seq Scan on movie_companies mc  (cost=0.00..44881.29 rows=2609129 width=4) (actual time=0.020..773.529 rows=2609129 loops=1)
  ->  Hash  (cost=134251.00..134251.00 rows=479310 width=8) (actual time=2945.687..2945.687 rows=324597 loops=1)
        Buckets: 131072  Batches: 8  Memory Usage: 2604kB
        ->  Hash Join  (cost=88334.42..134251.00 rows=479310 width=8) (actual time=1537.913..2845.185 rows=324597 loops=1)
              Hash Cond: (mi_idx.movie_id = t.id)
              ->  Seq Scan on movie_info_idx mi_idx  (cost=0.00..21735.35 rows=1380035 width=4) (actual time=0.049..433.101 rows=1380035 loops=1)
              ->  Hash  (cost=73925.90..73925.90 rows=878201 width=4) (actual time=1537.024..1537.024 rows=947729 loops=1)
                    Buckets: 131072  Batches: 16  Memory Usage: 3113kB
                    ->  Seq Scan on title t  (cost=0.00..73925.90 rows=878201 width=4) (actual time=0.014..1235.958 rows=947729 loops=1)
                          Filter: ((kind_id > 1) AND (production_year > 2003))
                          Rows Removed by Filter: 1580583
Planning time: 1.126 ms
Execution time: 4935.663 ms
