Hash Join  (cost=135571.01..221312.36 rows=19519 width=0) (actual time=2414.980..3843.068 rows=4557 loops=1)
  Hash Cond: (mk.movie_id = t.id)
  ->  Seq Scan on movie_keyword mk  (cost=0.00..81003.12 rows=1211478 width=4) (actual time=0.017..1213.698 rows=1213557 loops=1)
        Filter: (keyword_id < 1528)
        Rows Removed by Filter: 3310373
  ->  Hash  (cost=135061.78..135061.78 rows=40738 width=8) (actual time=2413.031..2413.031 rows=14842 loops=1)
        Buckets: 65536  Batches: 1  Memory Usage: 1092kB
        ->  Hash Join  (cost=74476.22..135061.78 rows=40738 width=8) (actual time=989.935..2406.411 rows=14842 loops=1)
              Hash Cond: (mc.movie_id = t.id)
              ->  Seq Scan on movie_companies mc  (cost=0.00..51404.11 rows=2339752 width=4) (actual time=0.014..880.951 rows=2337362 loops=1)
                    Filter: (company_id < 97280)
                    Rows Removed by Filter: 271767
              ->  Hash  (cost=73925.90..73925.90 rows=44025 width=4) (actual time=989.530..989.530 rows=41557 loops=1)
                    Buckets: 65536  Batches: 1  Memory Usage: 1973kB
                    ->  Seq Scan on title t  (cost=0.00..73925.90 rows=44025 width=4) (actual time=0.053..973.352 rows=41557 loops=1)
                          Filter: ((kind_id > 3) AND (production_year > 2012))
                          Rows Removed by Filter: 2486755
Planning time: 1.104 ms
Execution time: 3844.164 ms
