Seq Scan on movie_companies mc  (cost=0.00..57926.93 rows=1088929 width=0) (actual time=315.926..3354.570 rows=1213444 loops=1)
  Filter: ((company_id > 401) AND (company_type_id > 1))
  Rows Removed by Filter: 1395685
Planning time: 0.369 ms
Execution time: 3618.817 ms
