Seq Scan on cast_info ci  (cost=0.00..796071.18 rows=1294886 width=0) (actual time=9797.968..11426.589 rows=893675 loops=1)
  Filter: ((person_id < 1144480) AND (role_id = 3))
  Rows Removed by Filter: 35350669
Planning time: 0.378 ms
Execution time: 11539.478 ms
