Hash Join  (cost=102767.86..196970.78 rows=1096984 width=0) (actual time=1760.931..3881.927 rows=875013 loops=1)
  Hash Cond: (mc.movie_id = t.id)
  ->  Seq Scan on movie_companies mc  (cost=0.00..57926.93 rows=1096984 width=4) (actual time=0.020..1049.489 rows=875013 loops=1)
        Filter: ((company_id < 76612) AND (company_type_id > 1))
        Rows Removed by Filter: 1734116
  ->  Hash  (cost=61283.27..61283.27 rows=2528527 width=4) (actual time=1758.637..1758.637 rows=2528312 loops=1)
        Buckets: 131072  Batches: 64  Memory Usage: 2415kB
        ->  Seq Scan on title t  (cost=0.00..61283.27 rows=2528527 width=4) (actual time=0.019..919.310 rows=2528312 loops=1)
Planning time: 0.647 ms
Execution time: 3980.376 ms
