Hash Join  (cost=73962.22..911510.90 rows=40330 width=0) (actual time=1087.260..19718.761 rows=27026 loops=1)
  Hash Cond: (ci.movie_id = t.id)
  ->  Seq Scan on cast_info ci  (cost=0.00..705507.15 rows=35103528 width=4) (actual time=0.027..12263.870 rows=35097581 loops=1)
        Filter: (person_id < 3839354)
        Rows Removed by Filter: 1146763
  ->  Hash  (cost=73925.90..73925.90 rows=2905 width=4) (actual time=1080.396..1080.396 rows=2800 loops=1)
        Buckets: 4096  Batches: 1  Memory Usage: 131kB
        ->  Seq Scan on title t  (cost=0.00..73925.90 rows=2905 width=4) (actual time=150.007..1078.993 rows=2800 loops=1)
              Filter: ((kind_id < 7) AND (production_year = 1929))
              Rows Removed by Filter: 2525512
Planning time: 0.755 ms
Execution time: 19724.835 ms
