Seq Scan on movie_keyword mk  (cost=0.00..81003.12 rows=1694139 width=0) (actual time=0.022..1299.115 rows=1705557 loops=1)
  Filter: (keyword_id > 8435)
  Rows Removed by Filter: 2818373
Planning time: 0.318 ms
Execution time: 1519.032 ms
