Hash Join  (cost=169556.99..1297383.50 rows=5571940 width=0) (actual time=3607.040..38898.872 rows=16250702 loops=1)
  Hash Cond: (ci.movie_id = t.id)
  ->  Seq Scan on cast_info ci  (cost=0.00..705507.15 rows=31554923 width=4) (actual time=0.022..15383.452 rows=31605208 loops=1)
        Filter: (role_id < 10)
        Rows Removed by Filter: 4639136
  ->  Hash  (cost=162230.93..162230.93 rows=446485 width=8) (actual time=3606.096..3606.096 rows=629582 loops=1)
        Buckets: 131072 (originally 131072)  Batches: 16 (originally 8)  Memory Usage: 4077kB
        ->  Hash Join  (cost=81025.55..162230.93 rows=446485 width=8) (actual time=1144.808..3427.962 rows=629582 loops=1)
              Hash Cond: (mc.movie_id = t.id)
              ->  Seq Scan on movie_companies mc  (cost=0.00..44881.29 rows=2609129 width=4) (actual time=0.028..912.097 rows=2609129 loops=1)
              ->  Hash  (cost=73925.90..73925.90 rows=432692 width=4) (actual time=1143.791..1143.791 rows=368246 loops=1)
                    Buckets: 131072  Batches: 8  Memory Usage: 2639kB
                    ->  Seq Scan on title t  (cost=0.00..73925.90 rows=432692 width=4) (actual time=0.017..1029.127 rows=368246 loops=1)
                          Filter: ((kind_id < 7) AND (production_year > 2004))
                          Rows Removed by Filter: 2160066
Planning time: 1.116 ms
Execution time: 40747.001 ms
