Seq Scan on movie_keyword mk  (cost=0.00..81003.12 rows=4157971 width=0) (actual time=0.017..1369.708 rows=4159746 loops=1)
  Filter: (keyword_id < 46050)
  Rows Removed by Filter: 364184
Planning time: 0.300 ms
Execution time: 1851.661 ms
