Hash Join  (cost=322876.50..1390646.41 rows=17009890 width=0) (actual time=11026.439..39196.253 rows=53985625 loops=1)
  Hash Cond: (ci.movie_id = t.id)
  ->  Seq Scan on cast_info ci  (cost=0.00..705507.15 rows=12726058 width=4) (actual time=3550.963..12392.806 rows=12670688 loops=1)
        Filter: (role_id < 2)
        Rows Removed by Filter: 23573656
  ->  Hash  (cost=267428.53..267428.53 rows=3379677 width=8) (actual time=7473.794..7473.794 rows=3080164 loops=1)
        Buckets: 131072  Batches: 64  Memory Usage: 2892kB
        ->  Hash Join  (cost=98595.81..267428.53 rows=3379677 width=8) (actual time=1889.041..6714.393 rows=3080164 loops=1)
              Hash Cond: (mk.movie_id = t.id)
              ->  Seq Scan on movie_keyword mk  (cost=0.00..69693.30 rows=4523930 width=4) (actual time=0.025..1320.976 rows=4523930 loops=1)
              ->  Hash  (cost=67604.59..67604.59 rows=1888978 width=4) (actual time=1888.280..1888.280 rows=1887769 loops=1)
                    Buckets: 131072  Batches: 32  Memory Usage: 3114kB
                    ->  Seq Scan on title t  (cost=0.00..67604.59 rows=1888978 width=4) (actual time=0.031..1263.423 rows=1887769 loops=1)
                          Filter: (production_year > 1983)
                          Rows Removed by Filter: 640543
Planning time: 1.075 ms
Execution time: 45040.967 ms
