Hash Join  (cost=288524.28..400184.47 rows=2419125 width=0) (actual time=7504.470..15162.394 rows=18843078 loops=1)
  Hash Cond: (mc.movie_id = t.id)
  ->  Seq Scan on movie_companies mc  (cost=0.00..44881.29 rows=2609129 width=4) (actual time=1.254..752.178 rows=2609129 loops=1)
  ->  Hash  (cost=250061.37..250061.37 rows=2344393 width=8) (actual time=7501.850..7501.850 rows=2342991 loops=1)
        Buckets: 131072  Batches: 32  Memory Usage: 3866kB
        ->  Hash Join  (cost=102767.86..250061.37 rows=2344393 width=8) (actual time=2533.769..6225.115 rows=2342991 loops=1)
              Hash Cond: (mk.movie_id = t.id)
              ->  Seq Scan on movie_keyword mk  (cost=0.00..81003.12 rows=2344393 width=4) (actual time=0.028..1422.764 rows=2342991 loops=1)
                    Filter: (keyword_id > 4297)
                    Rows Removed by Filter: 2180939
              ->  Hash  (cost=61283.27..61283.27 rows=2528527 width=4) (actual time=2532.473..2532.473 rows=2528312 loops=1)
                    Buckets: 131072  Batches: 64  Memory Usage: 2425kB
                    ->  Seq Scan on title t  (cost=0.00..61283.27 rows=2528527 width=4) (actual time=0.011..978.107 rows=2528312 loops=1)
Planning time: 0.975 ms
Execution time: 17274.621 ms
