Hash Join  (cost=167989.42..546259.83 rows=13335 width=0) (actual time=3974.924..9850.247 rows=169939 loops=1)
  Hash Cond: (mi.movie_id = t.id)
  ->  Seq Scan on movie_info mi  (cost=0.00..346232.03 rows=8508011 width=4) (actual time=1019.980..5522.657 rows=8612226 loops=1)
        Filter: (info_type_id < 9)
        Rows Removed by Filter: 6223494
  ->  Hash  (cost=167939.88..167939.88 rows=3963 width=8) (actual time=2950.219..2950.219 rows=10664 loops=1)
        Buckets: 16384 (originally 4096)  Batches: 1 (originally 1)  Memory Usage: 545kB
        ->  Hash Join  (cost=73962.22..167939.88 rows=3963 width=8) (actual time=1022.989..2946.132 rows=10664 loops=1)
              Hash Cond: (mk.movie_id = t.id)
              ->  Seq Scan on movie_keyword mk  (cost=0.00..81003.12 rows=3449309 width=4) (actual time=0.036..1425.546 rows=3439396 loops=1)
                    Filter: (keyword_id > 1095)
                    Rows Removed by Filter: 1084534
              ->  Hash  (cost=73925.90..73925.90 rows=2905 width=4) (actual time=1021.730..1021.730 rows=3676 loops=1)
                    Buckets: 4096  Batches: 1  Memory Usage: 162kB
                    ->  Seq Scan on title t  (cost=0.00..73925.90 rows=2905 width=4) (actual time=2.048..1019.731 rows=3676 loops=1)
                          Filter: ((kind_id < 7) AND (production_year = 1958))
                          Rows Removed by Filter: 2524636
Planning time: 1.115 ms
Execution time: 9872.384 ms
