Hash Join  (cost=100619.42..187611.21 rows=33375 width=0) (actual time=1556.384..3303.352 rows=202236 loops=1)
  Hash Cond: (mk.movie_id = t.id)
  ->  Seq Scan on movie_keyword mk  (cost=0.00..69693.30 rows=4523930 width=4) (actual time=0.015..843.878 rows=4523930 loops=1)
  ->  Hash  (cost=100386.24..100386.24 rows=18654 width=8) (actual time=1556.093..1556.093 rows=37049 loops=1)
        Buckets: 65536 (originally 32768)  Batches: 1 (originally 1)  Memory Usage: 1960kB
        ->  Hash Join  (cost=69283.60..100386.24 rows=18654 width=8) (actual time=1110.368..1541.957 rows=37049 loops=1)
              Hash Cond: (mi_idx.movie_id = t.id)
              ->  Seq Scan on movie_info_idx mi_idx  (cost=0.00..25185.44 rows=460978 width=4) (actual time=0.024..427.617 rows=459925 loops=1)
                    Filter: (info_type_id < 100)
                    Rows Removed by Filter: 920110
              ->  Hash  (cost=67604.59..67604.59 rows=102321 width=4) (actual time=919.107..919.107 rows=100537 loops=1)
                    Buckets: 131072  Batches: 2  Memory Usage: 2797kB
                    ->  Seq Scan on title t  (cost=0.00..67604.59 rows=102321 width=4) (actual time=361.649..884.424 rows=100537 loops=1)
                          Filter: (kind_id = 3)
                          Rows Removed by Filter: 2427775
Planning time: 1.138 ms
Execution time: 3330.063 ms
