Hash Join  (cost=157295.44..953103.27 rows=520923 width=0) (actual time=4652.218..19962.163 rows=1604686 loops=1)
  Hash Cond: (ci.movie_id = t.id)
  ->  Seq Scan on cast_info ci  (cost=0.00..705507.15 rows=7298253 width=4) (actual time=1659.169..13033.247 rows=7451973 loops=1)
        Filter: (role_id = 2)
        Rows Removed by Filter: 28792371
  ->  Hash  (cost=154334.47..154334.47 rows=180477 width=8) (actual time=2991.616..2991.616 rows=225706 loops=1)
        Buckets: 131072  Batches: 4  Memory Usage: 3200kB
        ->  Hash Join  (cost=76796.18..154334.47 rows=180477 width=8) (actual time=1146.323..2922.754 rows=225706 loops=1)
              Hash Cond: (mc.movie_id = t.id)
              ->  Seq Scan on movie_companies mc  (cost=0.00..44881.29 rows=2609129 width=4) (actual time=0.027..724.135 rows=2609129 loops=1)
              ->  Hash  (cost=73925.90..73925.90 rows=174902 width=4) (actual time=1084.122..1084.122 rows=160286 loops=1)
                    Buckets: 131072  Batches: 4  Memory Usage: 2435kB
                    ->  Seq Scan on title t  (cost=0.00..73925.90 rows=174902 width=4) (actual time=140.983..1031.378 rows=160286 loops=1)
                          Filter: ((production_year > 2008) AND (kind_id = 1))
                          Rows Removed by Filter: 2368026
Planning time: 2.093 ms
Execution time: 20179.539 ms
