Hash Join  (cost=122535.74..209525.96 rows=4807 width=0) (actual time=2106.223..3772.179 rows=137192 loops=1)
  Hash Cond: (mk.movie_id = t.id)
  ->  Seq Scan on movie_keyword mk  (cost=0.00..81003.12 rows=1583740 width=4) (actual time=0.022..1345.628 rows=1594517 loops=1)
        Filter: (keyword_id < 2441)
        Rows Removed by Filter: 2929413
  ->  Hash  (cost=122439.81..122439.81 rows=7674 width=8) (actual time=2105.561..2105.561 rows=24726 loops=1)
        Buckets: 32768 (originally 8192)  Batches: 1 (originally 1)  Memory Usage: 1222kB
        ->  Hash Join  (cost=67697.55..122439.81 rows=7674 width=8) (actual time=926.865..2095.494 rows=24726 loops=1)
              Hash Cond: (mc.movie_id = t.id)
              ->  Seq Scan on movie_companies mc  (cost=0.00..44881.29 rows=2609129 width=4) (actual time=0.019..543.002 rows=2609129 loops=1)
              ->  Hash  (cost=67604.59..67604.59 rows=7437 width=4) (actual time=926.723..926.723 rows=23040 loops=1)
                    Buckets: 32768 (originally 8192)  Batches: 1 (originally 1)  Memory Usage: 1066kB
                    ->  Seq Scan on title t  (cost=0.00..67604.59 rows=7437 width=4) (actual time=0.046..916.735 rows=23040 loops=1)
                          Filter: (production_year = 1990)
                          Rows Removed by Filter: 2505272
Planning time: 3.792 ms
Execution time: 3790.438 ms
