Hash Join  (cost=174865.45..320996.91 rows=1467332 width=0) (actual time=3963.568..8734.499 rows=6197136 loops=1)
  Hash Cond: (mk.movie_id = t.id)
  ->  Seq Scan on movie_keyword mk  (cost=0.00..81003.12 rows=4054404 width=4) (actual time=0.017..1724.958 rows=4057135 loops=1)
        Filter: (keyword_id < 38156)
        Rows Removed by Filter: 466795
  ->  Hash  (cost=159851.69..159851.69 rows=915101 width=8) (actual time=3962.639..3962.639 rows=919850 loops=1)
        Buckets: 131072  Batches: 16  Memory Usage: 3282kB
        ->  Hash Join  (cost=102767.86..159851.69 rows=915101 width=8) (actual time=1767.032..3691.527 rows=919850 loops=1)
              Hash Cond: (mi_idx.movie_id = t.id)
              ->  Seq Scan on movie_info_idx mi_idx  (cost=0.00..25185.44 rows=915101 width=4) (actual time=0.018..546.616 rows=919850 loops=1)
                    Filter: (info_type_id < 101)
                    Rows Removed by Filter: 460185
              ->  Hash  (cost=61283.27..61283.27 rows=2528527 width=4) (actual time=1765.758..1765.758 rows=2528312 loops=1)
                    Buckets: 131072  Batches: 64  Memory Usage: 2415kB
                    ->  Seq Scan on title t  (cost=0.00..61283.27 rows=2528527 width=4) (actual time=0.025..931.308 rows=2528312 loops=1)
Planning time: 1.167 ms
Execution time: 9328.048 ms
