Hash Join  (cost=106153.60..203890.11 rows=59394 width=0) (actual time=1862.159..4070.284 rows=245485 loops=1)
  Hash Cond: (mk.movie_id = t.id)
  ->  Seq Scan on movie_keyword mk  (cost=0.00..81003.12 rows=4303851 width=4) (actual time=0.015..1484.414 rows=4289311 loops=1)
        Filter: (keyword_id > 186)
        Rows Removed by Filter: 234619
  ->  Hash  (cost=105717.43..105717.43 rows=34894 width=8) (actual time=1861.772..1861.772 rows=38581 loops=1)
        Buckets: 65536  Batches: 1  Memory Usage: 2020kB
        ->  Hash Join  (cost=69179.59..105717.43 rows=34894 width=8) (actual time=1038.237..1847.413 rows=38581 loops=1)
              Hash Cond: (mi_idx.movie_id = t.id)
              ->  Seq Scan on movie_info_idx mi_idx  (cost=0.00..25185.44 rows=919057 width=4) (actual time=0.012..496.455 rows=920110 loops=1)
                    Filter: (info_type_id > 99)
                    Rows Removed by Filter: 459925
              ->  Hash  (cost=67604.59..67604.59 rows=96000 width=4) (actual time=1037.422..1037.422 rows=95005 loops=1)
                    Buckets: 131072  Batches: 2  Memory Usage: 2716kB
                    ->  Seq Scan on title t  (cost=0.00..67604.59 rows=96000 width=4) (actual time=0.017..1000.680 rows=95005 loops=1)
                          Filter: (production_year = 2005)
                          Rows Removed by Filter: 2433307
Planning time: 0.974 ms
Execution time: 4101.522 ms
