Seq Scan on movie_keyword mk  (cost=0.00..81003.12 rows=246 width=0) (actual time=301.970..3707.033 rows=21 loops=1)
  Filter: (keyword_id = 23421)
  Rows Removed by Filter: 4523909
Planning time: 0.389 ms
Execution time: 3707.153 ms
