Hash Join  (cost=79715.19..189695.85 rows=297184 width=0) (actual time=1260.668..3821.974 rows=381823 loops=1)
  Hash Cond: (mk.movie_id = t.id)
  ->  Seq Scan on movie_keyword mk  (cost=0.00..81003.12 rows=2129785 width=4) (actual time=0.014..1594.579 rows=2135599 loops=1)
        Filter: (keyword_id < 3953)
        Rows Removed by Filter: 2388331
  ->  Hash  (cost=73925.90..73925.90 rows=352823 width=4) (actual time=1259.711..1259.711 rows=302088 loops=1)
        Buckets: 131072  Batches: 8  Memory Usage: 2349kB
        ->  Seq Scan on title t  (cost=0.00..73925.90 rows=352823 width=4) (actual time=0.015..1157.264 rows=302088 loops=1)
              Filter: ((kind_id < 7) AND (production_year > 2006))
              Rows Removed by Filter: 2226224
Planning time: 0.769 ms
Execution time: 3862.961 ms
