Hash Join  (cost=438620.05..1280768.77 rows=2821 width=0) (actual time=11891.064..22334.913 rows=9042 loops=1)
  Hash Cond: (ci.movie_id = t.id)
  ->  Seq Scan on cast_info ci  (cost=0.00..796071.18 rows=4604929 width=4) (actual time=3629.227..12468.599 rows=10169252 loops=1)
        Filter: ((person_id > 2681149) AND (role_id > 2))
        Rows Removed by Filter: 26075092
  ->  Hash  (cost=438600.67..438600.67 rows=1551 width=8) (actual time=8202.572..8202.572 rows=4656 loops=1)
        Buckets: 8192 (originally 2048)  Batches: 1 (originally 1)  Memory Usage: 246kB
        ->  Hash Join  (cost=73929.23..438600.67 rows=1551 width=8) (actual time=968.435..8199.686 rows=4656 loops=1)
              Hash Cond: (mi.movie_id = t.id)
              ->  Seq Scan on movie_info mi  (cost=0.00..309384.22 rows=14739122 width=4) (actual time=0.031..4390.642 rows=14835720 loops=1)
              ->  Hash  (cost=73925.90..73925.90 rows=266 width=4) (actual time=968.092..968.092 rows=556 loops=1)
                    Buckets: 1024  Batches: 1  Memory Usage: 28kB
                    ->  Seq Scan on title t  (cost=0.00..73925.90 rows=266 width=4) (actual time=0.581..967.678 rows=556 loops=1)
                          Filter: ((kind_id = 2) AND (production_year = 1971))
                          Rows Removed by Filter: 2527756
Planning time: 3.803 ms
Execution time: 22336.627 ms
