Seq Scan on movie_keyword mk  (cost=0.00..81003.12 rows=1635938 width=0) (actual time=0.027..1354.110 rows=1646197 loops=1)
  Filter: (keyword_id < 2500)
  Rows Removed by Filter: 2877733
Planning time: 0.292 ms
Execution time: 1558.247 ms
