Seq Scan on title t  (cost=0.00..73925.90 rows=912726 width=0) (actual time=0.030..1100.207 rows=849923 loops=1)
  Filter: ((kind_id < 7) AND (production_year > 1934))
  Rows Removed by Filter: 1678389
Planning time: 0.339 ms
Execution time: 1208.968 ms
