Hash Join  (cost=135818.77..220337.86 rows=6770 width=0) (actual time=2269.276..3738.232 rows=35278 loops=1)
  Hash Cond: (mk.movie_id = t.id)
  ->  Seq Scan on movie_keyword mk  (cost=0.00..81003.12 rows=919538 width=4) (actual time=0.018..1296.228 rows=909252 loops=1)
        Filter: (keyword_id > 20342)
        Rows Removed by Filter: 3614678
  ->  Hash  (cost=135586.06..135586.06 rows=18617 width=8) (actual time=2269.034..2269.034 rows=34058 loops=1)
        Buckets: 65536 (originally 32768)  Batches: 1 (originally 1)  Memory Usage: 1843kB
        ->  Hash Join  (cost=74730.49..135586.06 rows=18617 width=8) (actual time=1063.365..2254.529 rows=34058 loops=1)
              Hash Cond: (mc.movie_id = t.id)
              ->  Seq Scan on movie_companies mc  (cost=0.00..57926.93 rows=731323 width=4) (actual time=39.809..938.839 rows=951597 loops=1)
                    Filter: ((company_id > 9749) AND (company_type_id > 1))
                    Rows Removed by Filter: 1657532
              ->  Hash  (cost=73925.90..73925.90 rows=64367 width=4) (actual time=1023.199..1023.199 rows=53905 loops=1)
                    Buckets: 65536  Batches: 1  Memory Usage: 2408kB
                    ->  Seq Scan on title t  (cost=0.00..73925.90 rows=64367 width=4) (actual time=0.045..1002.098 rows=53905 loops=1)
                          Filter: ((kind_id < 7) AND (production_year = 2012))
                          Rows Removed by Filter: 2474407
Planning time: 1.156 ms
Execution time: 3743.629 ms
