Seq Scan on cast_info ci  (cost=0.00..705507.15 rows=5105932 width=0) (actual time=0.265..9169.981 rows=4999417 loops=1)
  Filter: (person_id < 483931)
  Rows Removed by Filter: 31244927
Planning time: 0.229 ms
Execution time: 9782.701 ms
