Hash Join  (cost=204873.82..1005321.52 rows=28524 width=0) (actual time=10040.337..14497.395 rows=30888 loops=1)
  Hash Cond: (ci.movie_id = t.id)
  ->  Seq Scan on cast_info ci  (cost=0.00..796071.18 rows=260076 width=4) (actual time=6276.754..10641.997 rows=102888 loops=1)
        Filter: ((person_id < 789214) AND (role_id = 9))
        Rows Removed by Filter: 36141456
  ->  Hash  (cost=200323.37..200323.37 rows=277316 width=8) (actual time=3762.513..3762.513 rows=297845 loops=1)
        Buckets: 131072  Batches: 4  Memory Usage: 3948kB
        ->  Hash Join  (cost=102767.86..200323.37 rows=277316 width=8) (actual time=1791.385..3671.533 rows=297845 loops=1)
              Hash Cond: (mk.movie_id = t.id)
              ->  Seq Scan on movie_keyword mk  (cost=0.00..81003.12 rows=277316 width=4) (actual time=0.038..1221.187 rows=297845 loops=1)
                    Filter: (keyword_id < 245)
                    Rows Removed by Filter: 4226085
              ->  Hash  (cost=61283.27..61283.27 rows=2528527 width=4) (actual time=1790.525..1790.525 rows=2528312 loops=1)
                    Buckets: 131072  Batches: 64  Memory Usage: 2425kB
                    ->  Seq Scan on title t  (cost=0.00..61283.27 rows=2528527 width=4) (actual time=0.018..929.294 rows=2528312 loops=1)
Planning time: 1.179 ms
Execution time: 14501.708 ms
