Hash Join  (cost=85698.05..453057.84 rows=361097 width=0) (actual time=4305.445..7284.195 rows=211113 loops=1)
  Hash Cond: (mi.movie_id = t.id)
  ->  Seq Scan on movie_info mi  (cost=0.00..346232.03 rows=1272478 width=4) (actual time=2894.708..5066.964 rows=1325361 loops=1)
        Filter: (info_type_id = 8)
        Rows Removed by Filter: 13510359
  ->  Hash  (cost=73925.90..73925.90 rows=717532 width=4) (actual time=1409.698..1409.698 rows=608431 loops=1)
        Buckets: 131072  Batches: 16  Memory Usage: 2368kB
        ->  Seq Scan on title t  (cost=0.00..73925.90 rows=717532 width=4) (actual time=0.027..1204.118 rows=608431 loops=1)
              Filter: ((kind_id > 2) AND (production_year < 2000))
              Rows Removed by Filter: 1919881
Planning time: 0.754 ms
Execution time: 7310.949 ms
