Seq Scan on cast_info ci  (cost=0.00..705507.15 rows=22445044 width=0) (actual time=0.023..11796.445 rows=22487736 loops=1)
  Filter: (person_id > 1354941)
  Rows Removed by Filter: 13756608
Planning time: 0.313 ms
Execution time: 14644.261 ms
