Hash Join  (cost=80408.18..166823.84 rows=398384 width=0) (actual time=1830.217..4049.796 rows=535929 loops=1)
  Hash Cond: (mc.movie_id = t.id)
  ->  Seq Scan on movie_companies mc  (cost=0.00..51404.11 rows=2549789 width=4) (actual time=0.011..996.516 rows=2550779 loops=1)
        Filter: (company_id < 185053)
        Rows Removed by Filter: 58350
  ->  Hash  (cost=73925.90..73925.90 rows=395062 width=4) (actual time=1829.281..1829.281 rows=335993 loops=1)
        Buckets: 131072  Batches: 8  Memory Usage: 2492kB
        ->  Seq Scan on title t  (cost=0.00..73925.90 rows=395062 width=4) (actual time=0.015..1129.080 rows=335993 loops=1)
              Filter: ((kind_id < 7) AND (production_year > 2005))
              Rows Removed by Filter: 2192319
Planning time: 3.157 ms
Execution time: 4103.203 ms
