Hash Join  (cost=190230.21..981906.54 rows=2590281 width=0) (actual time=9237.321..19483.880 rows=6245583 loops=1)
  Hash Cond: (ci.movie_id = t.id)
  ->  Seq Scan on cast_info ci  (cost=0.00..705507.15 rows=4745964 width=4) (actual time=4597.390..10362.020 rows=4780908 loops=1)
        Filter: (person_id > 3199393)
        Rows Removed by Filter: 31463436
  ->  Hash  (cost=167588.78..167588.78 rows=1380035 width=8) (actual time=4638.330..4638.330 rows=1380035 loops=1)
        Buckets: 131072  Batches: 32  Memory Usage: 2708kB
        ->  Hash Join  (cost=102767.86..167588.78 rows=1380035 width=8) (actual time=2375.356..4249.384 rows=1380035 loops=1)
              Hash Cond: (mi_idx.movie_id = t.id)
              ->  Seq Scan on movie_info_idx mi_idx  (cost=0.00..21735.35 rows=1380035 width=4) (actual time=0.020..415.333 rows=1380035 loops=1)
              ->  Hash  (cost=61283.27..61283.27 rows=2528527 width=4) (actual time=2373.853..2373.853 rows=2528312 loops=1)
                    Buckets: 131072  Batches: 64  Memory Usage: 2415kB
                    ->  Seq Scan on title t  (cost=0.00..61283.27 rows=2528527 width=4) (actual time=0.025..881.472 rows=2528312 loops=1)
Planning time: 1.192 ms
Execution time: 20245.478 ms
