Hash Join  (cost=972541.89..1134576.77 rows=2821693 width=0) (actual time=15492.389..21702.945 rows=8402639 loops=1)
  Hash Cond: (mk.movie_id = t.id)
  ->  Seq Scan on movie_keyword mk  (cost=0.00..69693.30 rows=4523930 width=4) (actual time=0.020..1289.446 rows=4523930 loops=1)
  ->  Hash  (cost=946667.04..946667.04 rows=1577108 width=8) (actual time=15490.817..15490.817 rows=2485084 loops=1)
        Buckets: 131072 (originally 131072)  Batches: 64 (originally 32)  Memory Usage: 4038kB
        ->  Hash Join  (cost=102767.86..946667.04 rows=1577108 width=8) (actual time=5741.474..14702.125 rows=2485084 loops=1)
              Hash Cond: (ci.movie_id = t.id)
              ->  Seq Scan on cast_info ci  (cost=0.00..796071.18 rows=1577108 width=4) (actual time=4014.699..10420.468 rows=2485084 loops=1)
                    Filter: ((person_id > 2217011) AND (role_id = 3))
                    Rows Removed by Filter: 33759260
              ->  Hash  (cost=61283.27..61283.27 rows=2528527 width=4) (actual time=1725.764..1725.764 rows=2528312 loops=1)
                    Buckets: 131072  Batches: 64  Memory Usage: 2415kB
                    ->  Seq Scan on title t  (cost=0.00..61283.27 rows=2528527 width=4) (actual time=0.015..900.268 rows=2528312 loops=1)
Planning time: 1.114 ms
Execution time: 22661.498 ms
