Hash Join  (cost=78556.72..142995.44 rows=193790 width=0) (actual time=1156.988..2751.563 rows=131272 loops=1)
  Hash Cond: (mc.movie_id = t.id)
  ->  Seq Scan on movie_companies mc  (cost=0.00..51404.11 rows=734055 width=4) (actual time=0.004..825.858 rows=726951 loops=1)
        Filter: (company_id < 1427)
        Rows Removed by Filter: 1882178
  ->  Hash  (cost=67604.59..67604.59 rows=667531 width=4) (actual time=1143.185..1143.185 rows=662825 loops=1)
        Buckets: 131072  Batches: 16  Memory Usage: 2476kB
        ->  Seq Scan on title t  (cost=0.00..67604.59 rows=667531 width=4) (actual time=0.581..929.652 rows=662825 loops=1)
              Filter: (kind_id = 1)
              Rows Removed by Filter: 1865487
Planning time: 0.686 ms
Execution time: 2769.482 ms
