Hash Join  (cost=433328.88..1416738.92 rows=621083 width=0) (actual time=8305.318..32329.864 rows=3200377 loops=1)
  Hash Cond: (ci.movie_id = t.id)
  ->  Seq Scan on cast_info ci  (cost=0.00..614943.12 rows=36225612 width=4) (actual time=0.022..8216.901 rows=36244344 loops=1)
  ->  Hash  (cost=432786.99..432786.99 rows=43351 width=8) (actual time=8294.794..8294.794 rows=101717 loops=1)
        Buckets: 131072 (originally 65536)  Batches: 2 (originally 1)  Memory Usage: 3073kB
        ->  Hash Join  (cost=67697.55..432786.99 rows=43351 width=8) (actual time=975.158..8244.260 rows=101717 loops=1)
              Hash Cond: (mi.movie_id = t.id)
              ->  Seq Scan on movie_info mi  (cost=0.00..309384.22 rows=14739122 width=4) (actual time=0.019..3723.713 rows=14835720 loops=1)
              ->  Hash  (cost=67604.59..67604.59 rows=7437 width=4) (actual time=974.443..974.443 rows=14770 loops=1)
                    Buckets: 16384 (originally 8192)  Batches: 1 (originally 1)  Memory Usage: 648kB
                    ->  Seq Scan on title t  (cost=0.00..67604.59 rows=7437 width=4) (actual time=0.031..967.514 rows=14770 loops=1)
                          Filter: (production_year = 1982)
                          Rows Removed by Filter: 2513542
Planning time: 1.134 ms
Execution time: 32736.976 ms
