Seq Scan on movie_companies mc  (cost=0.00..57926.93 rows=844202 width=0) (actual time=0.018..674.860 rows=1054419 loops=1)
  Filter: ((company_id > 3749) AND (company_type_id > 1))
  Rows Removed by Filter: 1554710
Planning time: 0.309 ms
Execution time: 773.470 ms
