Seq Scan on cast_info ci  (cost=0.00..796071.18 rows=1585934 width=0) (actual time=3888.594..12333.608 rows=3642591 loops=1)
  Filter: ((person_id > 2445723) AND (role_id > 9))
  Rows Removed by Filter: 32601753
Planning time: 0.408 ms
Execution time: 12794.563 ms
