Seq Scan on title t  (cost=0.00..73925.90 rows=792922 width=0) (actual time=0.023..4409.337 rows=692469 loops=1)
  Filter: ((kind_id > 1) AND (production_year < 2001))
  Rows Removed by Filter: 1835843
Planning time: 0.330 ms
Execution time: 4519.912 ms
