Hash Join  (cost=96369.35..175085.09 rows=492266 width=0) (actual time=1769.479..3442.617 rows=251760 loops=1)
  Hash Cond: (mc.movie_id = t.id)
  ->  Seq Scan on movie_companies mc  (cost=0.00..57926.93 rows=909903 width=4) (actual time=0.022..1049.885 rows=587773 loops=1)
        Filter: ((company_id < 27052) AND (company_type_id > 1))
        Rows Removed by Filter: 2021356
  ->  Hash  (cost=73925.90..73925.90 rows=1367956 width=4) (actual time=1768.101..1768.101 rows=1492937 loops=1)
        Buckets: 131072  Batches: 32  Memory Usage: 2675kB
        ->  Seq Scan on title t  (cost=0.00..73925.90 rows=1367956 width=4) (actual time=0.011..1302.157 rows=1492937 loops=1)
              Filter: ((kind_id > 1) AND (production_year > 1985))
              Rows Removed by Filter: 1035375
Planning time: 0.604 ms
Execution time: 3473.543 ms
