Hash Join  (cost=872016.98..1445858.02 rows=7086221 width=0) (actual time=13806.241..43847.603 rows=62840440 loops=1)
  Hash Cond: (mi.movie_id = t.id)
  ->  Seq Scan on movie_info mi  (cost=0.00..309384.22 rows=14739122 width=4) (actual time=0.012..5568.409 rows=14835720 loops=1)
  ->  Hash  (cost=852072.29..852072.29 rows=1215656 width=8) (actual time=13805.283..13805.283 rows=1357958 loops=1)
        Buckets: 131072 (originally 131072)  Batches: 32 (originally 16)  Memory Usage: 3073kB
        ->  Hash Join  (cost=78556.72..852072.29 rows=1215656 width=8) (actual time=1168.297..13448.789 rows=1357958 loops=1)
              Hash Cond: (ci.movie_id = t.id)
              ->  Seq Scan on cast_info ci  (cost=0.00..705507.15 rows=4604760 width=4) (actual time=0.025..9187.754 rows=4641504 loops=1)
                    Filter: (person_id > 3218896)
                    Rows Removed by Filter: 31602840
              ->  Hash  (cost=67604.59..67604.59 rows=667531 width=4) (actual time=1167.256..1167.256 rows=662825 loops=1)
                    Buckets: 131072  Batches: 16  Memory Usage: 2476kB
                    ->  Seq Scan on title t  (cost=0.00..67604.59 rows=667531 width=4) (actual time=0.011..972.472 rows=662825 loops=1)
                          Filter: (kind_id = 1)
                          Rows Removed by Filter: 1865487
Planning time: 1.133 ms
Execution time: 51005.473 ms
