Hash Join  (cost=83074.74..109986.57 rows=134 width=0) (actual time=1215.356..1783.429 rows=75 loops=1)
  Hash Cond: (mi_idx.movie_id = t.id)
  ->  Seq Scan on movie_info_idx mi_idx  (cost=0.00..21735.35 rows=1380035 width=4) (actual time=0.019..326.818 rows=1380035 loops=1)
  ->  Hash  (cost=83071.67..83071.67 rows=246 width=8) (actual time=1200.135..1200.135 rows=27 loops=1)
        Buckets: 1024  Batches: 1  Memory Usage: 10kB
        ->  Nested Loop  (cost=0.43..83071.67 rows=246 width=8) (actual time=1.490..1200.094 rows=27 loops=1)
              ->  Seq Scan on movie_keyword mk  (cost=0.00..81003.12 rows=246 width=4) (actual time=1.432..1199.012 rows=27 loops=1)
                    Filter: (keyword_id = 8515)
                    Rows Removed by Filter: 4523903
              ->  Index Only Scan using title_pkey on title t  (cost=0.43..8.40 rows=1 width=4) (actual time=0.035..0.035 rows=1 loops=27)
                    Index Cond: (id = mk.movie_id)
                    Heap Fetches: 27
Planning time: 1.111 ms
Execution time: 1783.563 ms
