Hash Join  (cost=75195.93..559814.39 rows=450953 width=0) (actual time=1155.590..11328.999 rows=618262 loops=1)
  Hash Cond: (mi.movie_id = t.id)
  ->  Seq Scan on movie_info mi  (cost=0.00..309384.22 rows=14739122 width=4) (actual time=0.013..5405.233 rows=14835720 loops=1)
  ->  Hash  (cost=73925.90..73925.90 rows=77362 width=4) (actual time=1018.958..1018.958 rows=74255 loops=1)
        Buckets: 131072  Batches: 2  Memory Usage: 2338kB
        ->  Seq Scan on title t  (cost=0.00..73925.90 rows=77362 width=4) (actual time=68.896..991.049 rows=74255 loops=1)
              Filter: ((production_year > 1982) AND (kind_id = 3))
              Rows Removed by Filter: 2454057
Planning time: 0.758 ms
Execution time: 11402.175 ms
