Seq Scan on movie_companies mc  (cost=0.00..51404.11 rows=1564455 width=0) (actual time=0.021..924.971 rows=1565784 loops=1)
  Filter: (company_id > 6012)
  Rows Removed by Filter: 1043345
Planning time: 0.312 ms
Execution time: 1119.892 ms
