Seq Scan on cast_info ci  (cost=0.00..796071.18 rows=101 width=0) (actual time=871.560..9055.781 rows=124 loops=1)
  Filter: ((person_id = 2212316) AND (role_id = 2))
  Rows Removed by Filter: 36244220
Planning time: 0.380 ms
Execution time: 9055.913 ms
