Hash Join  (cost=157714.28..280281.73 rows=248583 width=0) (actual time=3539.047..7561.178 rows=5955635 loops=1)
  Hash Cond: (mk.movie_id = t.id)
  ->  Seq Scan on movie_keyword mk  (cost=0.00..81003.12 rows=3315598 width=4) (actual time=0.030..1484.307 rows=3313483 loops=1)
        Filter: (keyword_id > 1517)
        Rows Removed by Filter: 1210447
  ->  Hash  (cost=154603.62..154603.62 rows=189573 width=8) (actual time=3538.243..3538.243 rows=596649 loops=1)
        Buckets: 131072 (originally 131072)  Batches: 8 (originally 4)  Memory Usage: 3970kB
        ->  Hash Join  (cost=76940.37..154603.62 rows=189573 width=8) (actual time=1204.496..3348.344 rows=596649 loops=1)
              Hash Cond: (mc.movie_id = t.id)
              ->  Seq Scan on movie_companies mc  (cost=0.00..44881.29 rows=2609129 width=4) (actual time=0.015..758.331 rows=2609129 loops=1)
              ->  Hash  (cost=73925.90..73925.90 rows=183717 width=4) (actual time=1203.753..1203.753 rows=288223 loops=1)
                    Buckets: 131072  Batches: 4  Memory Usage: 3562kB
                    ->  Seq Scan on title t  (cost=0.00..73925.90 rows=183717 width=4) (actual time=0.031..1110.381 rows=288223 loops=1)
                          Filter: ((kind_id < 7) AND (production_year < 1977))
                          Rows Removed by Filter: 2240089
Planning time: 1.164 ms
Execution time: 8168.623 ms
