Hash Join  (cost=83073.90..447737.35 rows=750 width=0) (actual time=1122.700..7408.510 rows=597 loops=1)
  Hash Cond: (mi.movie_id = t.id)
  ->  Seq Scan on movie_info mi  (cost=0.00..309384.22 rows=14739122 width=4) (actual time=0.014..3688.430 rows=14835720 loops=1)
  ->  Hash  (cost=83072.29..83072.29 rows=129 width=8) (actual time=1120.579..1120.579 rows=29 loops=1)
        Buckets: 1024  Batches: 1  Memory Usage: 10kB
        ->  Nested Loop  (cost=0.43..83072.29 rows=129 width=8) (actual time=22.742..1120.522 rows=29 loops=1)
              ->  Seq Scan on movie_keyword mk  (cost=0.00..81003.12 rows=246 width=4) (actual time=3.344..1118.320 rows=53 loops=1)
                    Filter: (keyword_id = 21420)
                    Rows Removed by Filter: 4523877
              ->  Index Scan using title_pkey on title t  (cost=0.43..8.40 rows=1 width=4) (actual time=0.037..0.038 rows=1 loops=53)
                    Index Cond: (id = mk.movie_id)
                    Filter: (production_year > 2001)
                    Rows Removed by Filter: 0
Planning time: 1.187 ms
Execution time: 7408.908 ms
