Seq Scan on cast_info ci  (cost=0.00..796071.18 rows=11683087 width=0) (actual time=0.035..14333.766 rows=18150673 loops=1)
  Filter: ((person_id > 1795503) AND (role_id > 1))
  Rows Removed by Filter: 18093671
Planning time: 0.330 ms
Execution time: 16595.363 ms
