Hash Join  (cost=102767.86..918082.85 rows=389158 width=0) (actual time=7962.773..14677.131 rows=2473321 loops=1)
  Hash Cond: (ci.movie_id = t.id)
  ->  Seq Scan on cast_info ci  (cost=0.00..796071.18 rows=389158 width=4) (actual time=6165.486..9942.158 rows=2473321 loops=1)
        Filter: ((person_id > 3580398) AND (role_id > 8))
        Rows Removed by Filter: 33771023
  ->  Hash  (cost=61283.27..61283.27 rows=2528527 width=4) (actual time=1795.424..1795.424 rows=2528312 loops=1)
        Buckets: 131072  Batches: 64  Memory Usage: 2415kB
        ->  Seq Scan on title t  (cost=0.00..61283.27 rows=2528527 width=4) (actual time=0.026..945.206 rows=2528312 loops=1)
Planning time: 0.738 ms
Execution time: 14948.438 ms
