Seq Scan on cast_info ci  (cost=0.00..705507.15 rows=500 width=0) (actual time=12519.487..31248.880 rows=3 loops=1)
  Filter: (person_id = 3525087)
  Rows Removed by Filter: 36244341
Planning time: 1.533 ms
Execution time: 31248.982 ms
