Hash Join  (cost=114141.07..850382.49 rows=131002 width=0) (actual time=9857.321..16159.145 rows=276285 loops=1)
  Hash Cond: (ci.movie_id = t.id)
  ->  Seq Scan on cast_info ci  (cost=0.00..705507.15 rows=7846468 width=4) (actual time=7832.058..12563.680 rows=7712640 loops=1)
        Filter: (role_id > 6)
        Rows Removed by Filter: 28531704
  ->  Hash  (cost=113613.39..113613.39 rows=42215 width=8) (actual time=2024.535..2024.535 rows=18987 loops=1)
        Buckets: 65536  Batches: 1  Memory Usage: 1254kB
        ->  Hash Join  (cost=75195.76..113613.39 rows=42215 width=8) (actual time=1527.095..2017.672 rows=18987 loops=1)
              Hash Cond: (mi_idx.movie_id = t.id)
              ->  Seq Scan on movie_info_idx mi_idx  (cost=0.00..21735.35 rows=1380035 width=4) (actual time=0.021..369.972 rows=1380035 loops=1)
              ->  Hash  (cost=73925.90..73925.90 rows=77348 width=4) (actual time=1199.107..1199.107 rows=84109 loops=1)
                    Buckets: 131072  Batches: 2  Memory Usage: 2509kB
                    ->  Seq Scan on title t  (cost=0.00..73925.90 rows=77348 width=4) (actual time=0.025..1167.980 rows=84109 loops=1)
                          Filter: ((kind_id = 7) AND (production_year = 2008))
                          Rows Removed by Filter: 2444203
Planning time: 3.475 ms
Execution time: 16195.671 ms
