Hash Join  (cost=101489.21..201990.65 rows=1597342 width=0) (actual time=1882.316..4594.419 rows=1715793 loops=1)
  Hash Cond: (mc.movie_id = t.id)
  ->  Seq Scan on movie_companies mc  (cost=0.00..51404.11 rows=1955582 width=4) (actual time=0.032..994.216 rows=1964717 loops=1)
        Filter: (company_id > 862)
        Rows Removed by Filter: 644412
  ->  Hash  (cost=67604.59..67604.59 rows=2065330 width=4) (actual time=1880.969..1880.969 rows=2064552 loops=1)
        Buckets: 131072  Batches: 32  Memory Usage: 3289kB
        ->  Seq Scan on title t  (cost=0.00..67604.59 rows=2065330 width=4) (actual time=0.010..1240.711 rows=2064552 loops=1)
              Filter: (production_year < 2011)
              Rows Removed by Filter: 463760
Planning time: 1.264 ms
Execution time: 4778.208 ms
