Hash Join  (cost=102767.86..167992.24 rows=163832 width=0) (actual time=1959.826..3237.150 rows=167708 loops=1)
  Hash Cond: (mc.movie_id = t.id)
  ->  Seq Scan on movie_companies mc  (cost=0.00..51404.11 rows=163832 width=4) (actual time=0.028..725.374 rows=167708 loops=1)
        Filter: (company_id < 34)
        Rows Removed by Filter: 2441421
  ->  Hash  (cost=61283.27..61283.27 rows=2528527 width=4) (actual time=1956.796..1956.796 rows=2528312 loops=1)
        Buckets: 131072  Batches: 64  Memory Usage: 2415kB
        ->  Seq Scan on title t  (cost=0.00..61283.27 rows=2528527 width=4) (actual time=0.011..973.545 rows=2528312 loops=1)
Planning time: 2.073 ms
Execution time: 3258.022 ms
