Hash Join  (cost=76152.90..103074.09 rows=1070 width=0) (actual time=1158.433..1472.872 rows=6882 loops=1)
  Hash Cond: (mi_idx.movie_id = t.id)
  ->  Seq Scan on movie_info_idx mi_idx  (cost=0.00..21735.35 rows=1380035 width=4) (actual time=0.015..357.548 rows=1380035 loops=1)
  ->  Hash  (cost=76128.39..76128.39 rows=1961 width=8) (actual time=843.311..843.311 rows=3215 loops=1)
        Buckets: 4096 (originally 2048)  Batches: 1 (originally 1)  Memory Usage: 158kB
        ->  Nested Loop  (cost=0.43..76128.39 rows=1961 width=8) (actual time=166.621..841.832 rows=3215 loops=1)
              ->  Seq Scan on movie_companies mc  (cost=0.00..51404.11 rows=3218 width=4) (actual time=47.868..763.403 rows=3567 loops=1)
                    Filter: (company_id = 46)
                    Rows Removed by Filter: 2605562
              ->  Index Scan using title_pkey on title t  (cost=0.43..7.67 rows=1 width=4) (actual time=0.021..0.021 rows=1 loops=3567)
                    Index Cond: (id = mc.movie_id)
                    Filter: (kind_id = 7)
                    Rows Removed by Filter: 0
Planning time: 1.184 ms
Execution time: 1473.909 ms
