Hash Join  (cost=97476.44..640472.78 rows=6823576 width=0) (actual time=2492.777..15975.621 rows=5683289 loops=1)
  Hash Cond: (mi.movie_id = t.id)
  ->  Seq Scan on movie_info mi  (cost=0.00..346232.03 rows=9476311 width=4) (actual time=728.969..6226.269 rows=9565151 loops=1)
        Filter: (info_type_id < 16)
        Rows Removed by Filter: 5270569
  ->  Hash  (cost=67604.59..67604.59 rows=1820708 width=4) (actual time=1762.984..1762.984 rows=1813245 loops=1)
        Buckets: 131072  Batches: 32  Memory Usage: 3030kB
        ->  Seq Scan on title t  (cost=0.00..67604.59 rows=1820708 width=4) (actual time=0.038..1175.021 rows=1813245 loops=1)
              Filter: (production_year > 1987)
              Rows Removed by Filter: 715067
Planning time: 0.801 ms
Execution time: 16643.491 ms
