Hash Join  (cost=73962.22..438787.48 rows=16934 width=0) (actual time=808.060..7666.159 rows=38663 loops=1)
  Hash Cond: (mi.movie_id = t.id)
  ->  Seq Scan on movie_info mi  (cost=0.00..309384.22 rows=14739122 width=4) (actual time=0.019..3910.475 rows=14835720 loops=1)
  ->  Hash  (cost=73925.90..73925.90 rows=2905 width=4) (actual time=807.976..807.976 rows=3043 loops=1)
        Buckets: 4096  Batches: 1  Memory Usage: 139kB
        ->  Seq Scan on title t  (cost=0.00..73925.90 rows=2905 width=4) (actual time=6.605..806.328 rows=3043 loops=1)
              Filter: ((kind_id < 7) AND (production_year = 1952))
              Rows Removed by Filter: 2525269
Planning time: 0.768 ms
Execution time: 7673.541 ms
