Hash Join  (cost=98230.80..1004166.97 rows=3500126 width=0) (actual time=1873.078..17452.263 rows=2221754 loops=1)
  Hash Cond: (ci.movie_id = t.id)
  ->  Seq Scan on cast_info ci  (cost=0.00..796071.18 rows=5974059 width=4) (actual time=0.032..12611.868 rows=3689451 loops=1)
        Filter: ((person_id < 1313805) AND (role_id > 2))
        Rows Removed by Filter: 32554893
  ->  Hash  (cost=73925.90..73925.90 rows=1481432 width=4) (actual time=1867.332..1867.332 rows=1575139 loops=1)
        Buckets: 131072  Batches: 32  Memory Usage: 2760kB
        ->  Seq Scan on title t  (cost=0.00..73925.90 rows=1481432 width=4) (actual time=0.023..1366.286 rows=1575139 loops=1)
              Filter: ((kind_id > 3) AND (production_year > 1957))
              Rows Removed by Filter: 953173
Planning time: 0.799 ms
Execution time: 17716.882 ms
