Hash Join  (cost=148712.82..1138662.51 rows=1221322 width=0) (actual time=2881.350..26310.920 rows=3330956 loops=1)
  Hash Cond: (ci.movie_id = t.id)
  ->  Seq Scan on cast_info ci  (cost=0.00..705507.15 rows=23499554 width=4) (actual time=0.014..14283.482 rows=23573656 loops=1)
        Filter: (role_id > 1)
        Rows Removed by Filter: 12670688
  ->  Hash  (cost=146556.15..146556.15 rows=131413 width=8) (actual time=2880.405..2880.405 rows=115325 loops=1)
        Buckets: 131072  Batches: 2  Memory Usage: 3270kB
        ->  Hash Join  (cost=69694.50..146556.15 rows=131413 width=8) (actual time=1049.210..2837.042 rows=115325 loops=1)
              Hash Cond: (mc.movie_id = t.id)
              ->  Seq Scan on movie_companies mc  (cost=0.00..44881.29 rows=2609129 width=4) (actual time=0.024..774.687 rows=2609129 loops=1)
              ->  Hash  (cost=67604.59..67604.59 rows=127353 width=4) (actual time=1048.365..1048.365 rows=128696 loops=1)
                    Buckets: 131072  Batches: 2  Memory Usage: 3284kB
                    ->  Seq Scan on title t  (cost=0.00..67604.59 rows=127353 width=4) (actual time=0.023..1001.048 rows=128696 loops=1)
                          Filter: (production_year = 2009)
                          Rows Removed by Filter: 2399616
Planning time: 1.093 ms
Execution time: 26723.768 ms
