Seq Scan on cast_info ci  (cost=0.00..705507.15 rows=7864872 width=0) (actual time=0.025..9077.082 rows=7746912 loops=1)
  Filter: (person_id < 753620)
  Rows Removed by Filter: 28497432
Planning time: 0.296 ms
Execution time: 10017.774 ms
