Hash Join  (cost=161660.85..546869.60 rows=212892 width=0) (actual time=2904.276..14594.987 rows=6294505 loops=1)
  Hash Cond: (mi.movie_id = t.id)
  ->  Seq Scan on movie_info mi  (cost=0.00..309384.22 rows=14739122 width=4) (actual time=0.023..4342.822 rows=14835720 loops=1)
  ->  Hash  (cost=161204.33..161204.33 rows=36522 width=8) (actual time=2902.813..2902.813 rows=96120 loops=1)
        Buckets: 131072 (originally 65536)  Batches: 2 (originally 1)  Memory Usage: 3073kB
        ->  Hash Join  (cost=74181.07..161204.33 rows=36522 width=8) (actual time=995.718..2867.094 rows=96120 loops=1)
              Hash Cond: (mk.movie_id = t.id)
              ->  Seq Scan on movie_keyword mk  (cost=0.00..69693.30 rows=4523930 width=4) (actual time=0.013..989.515 rows=4523930 loops=1)
              ->  Hash  (cost=73925.90..73925.90 rows=20413 width=4) (actual time=994.988..994.988 rows=17357 loops=1)
                    Buckets: 32768  Batches: 1  Memory Usage: 867kB
                    ->  Seq Scan on title t  (cost=0.00..73925.90 rows=20413 width=4) (actual time=0.380..987.740 rows=17357 loops=1)
                          Filter: ((kind_id < 7) AND (production_year = 2000))
                          Rows Removed by Filter: 2510955
Planning time: 1.281 ms
Execution time: 15347.999 ms
