Hash Join  (cost=129580.41..205788.31 rows=208696 width=0) (actual time=2277.712..3982.171 rows=129681 loops=1)
  Hash Cond: (mc.movie_id = t.id)
  ->  Seq Scan on movie_companies mc  (cost=0.00..51404.11 rows=1869287 width=4) (actual time=0.020..934.120 rows=1874047 loops=1)
        Filter: (company_id > 1434)
        Rows Removed by Filter: 735082
  ->  Hash  (cost=124948.71..124948.71 rows=282296 width=8) (actual time=2258.196..2258.196 rows=149322 loops=1)
        Buckets: 131072  Batches: 4  Memory Usage: 2494kB
        ->  Hash Join  (cost=82412.27..124948.71 rows=282296 width=8) (actual time=1284.396..2224.803 rows=149322 loops=1)
              Hash Cond: (mi_idx.movie_id = t.id)
              ->  Seq Scan on movie_info_idx mi_idx  (cost=0.00..21735.35 rows=1380035 width=4) (actual time=0.019..393.168 rows=1380035 loops=1)
              ->  Hash  (cost=73925.90..73925.90 rows=517229 width=4) (actual time=1212.938..1212.938 rows=403947 loops=1)
                    Buckets: 131072  Batches: 8  Memory Usage: 2784kB
                    ->  Seq Scan on title t  (cost=0.00..73925.90 rows=517229 width=4) (actual time=0.028..1084.106 rows=403947 loops=1)
                          Filter: ((production_year < 1996) AND (kind_id = 7))
                          Rows Removed by Filter: 2124365
Planning time: 1.174 ms
Execution time: 3999.172 ms
