Hash Join  (cost=220172.12..614606.54 rows=962567 width=0) (actual time=6395.237..11148.886 rows=544912 loops=1)
  Hash Cond: (mi.movie_id = t.id)
  ->  Seq Scan on movie_info mi  (cost=0.00..346232.03 rows=3068194 width=4) (actual time=1354.260..4589.232 rows=3036719 loops=1)
        Filter: (info_type_id = 16)
        Rows Removed by Filter: 11799001
  ->  Hash  (cost=207157.37..207157.37 rows=793260 width=8) (actual time=5039.484..5039.484 rows=195821 loops=1)
        Buckets: 131072  Batches: 16  Memory Usage: 1516kB
        ->  Hash Join  (cost=88257.79..207157.37 rows=793260 width=8) (actual time=1594.371..4990.949 rows=195821 loops=1)
              Hash Cond: (mk.movie_id = t.id)
              ->  Seq Scan on movie_keyword mk  (cost=0.00..81003.12 rows=2296227 width=4) (actual time=0.041..1668.642 rows=2298530 loops=1)
                    Filter: (keyword_id < 4926)
                    Rows Removed by Filter: 2225400
              ->  Hash  (cost=73925.90..73925.90 rows=873511 width=4) (actual time=1592.356..1592.356 rows=957299 loops=1)
                    Buckets: 131072  Batches: 16  Memory Usage: 3140kB
                    ->  Seq Scan on title t  (cost=0.00..73925.90 rows=873511 width=4) (actual time=0.021..1283.119 rows=957299 loops=1)
                          Filter: ((production_year > 1999) AND (kind_id = 7))
                          Rows Removed by Filter: 1571013
Planning time: 1.196 ms
Execution time: 11216.583 ms
