Seq Scan on movie_keyword mk  (cost=0.00..81003.12 rows=1531181 width=0) (actual time=0.016..1468.300 rows=1540689 loops=1)
  Filter: (keyword_id < 2267)
  Rows Removed by Filter: 2983241
Planning time: 0.319 ms
Execution time: 1664.126 ms
