Hash Join  (cost=74272.58..894051.63 rows=67373 width=0) (actual time=12625.750..13439.889 rows=1 loops=1)
  Hash Cond: (ci.movie_id = t.id)
  ->  Seq Scan on cast_info ci  (cost=0.00..796071.18 rows=6142437 width=4) (actual time=0.019..11918.680 rows=3593359 loops=1)
        Filter: ((person_id < 1797851) AND (role_id > 3))
        Rows Removed by Filter: 32650985
  ->  Hash  (cost=73925.90..73925.90 rows=27734 width=4) (actual time=954.049..954.049 rows=1 loops=1)
        Buckets: 32768  Batches: 1  Memory Usage: 257kB
        ->  Seq Scan on title t  (cost=0.00..73925.90 rows=27734 width=4) (actual time=279.576..954.040 rows=1 loops=1)
              Filter: ((production_year < 1913) AND (kind_id = 7))
              Rows Removed by Filter: 2528311
Planning time: 0.786 ms
Execution time: 13439.997 ms
