Nested Loop  (cost=0.43..798386.83 rows=105 width=0) (actual time=13311.287..13873.332 rows=1608 loops=1)
  ->  Seq Scan on cast_info ci  (cost=0.00..796071.18 rows=276 width=4) (actual time=13310.966..13850.777 rows=1627 loops=1)
        Filter: ((role_id < 3) AND (person_id = 500774))
        Rows Removed by Filter: 36242717
  ->  Index Scan using title_pkey on title t  (cost=0.43..8.38 rows=1 width=4) (actual time=0.013..0.013 rows=1 loops=1627)
        Index Cond: (id = ci.movie_id)
        Filter: ((production_year > 1996) AND (kind_id = 7))
        Rows Removed by Filter: 0
Planning time: 0.537 ms
Execution time: 13873.792 ms
