Hash Join  (cost=124884.90..486280.03 rows=95493 width=0) (actual time=6596.739..9741.169 rows=1777130 loops=1)
  Hash Cond: (mi.movie_id = t.id)
  ->  Seq Scan on movie_info mi  (cost=0.00..346232.03 rows=1158179 width=4) (actual time=3908.347..5662.170 rows=1204709 loops=1)
        Filter: (info_type_id > 18)
        Rows Removed by Filter: 13631011
  ->  Hash  (cost=121463.91..121463.91 rows=208479 width=8) (actual time=2687.497..2687.497 rows=455779 loops=1)
        Buckets: 131072 (originally 131072)  Batches: 8 (originally 4)  Memory Usage: 3277kB
        ->  Hash Join  (cost=80193.64..121463.91 rows=208479 width=8) (actual time=1609.501..2552.115 rows=455779 loops=1)
              Hash Cond: (mi_idx.movie_id = t.id)
              ->  Seq Scan on movie_info_idx mi_idx  (cost=0.00..21735.35 rows=1380035 width=4) (actual time=0.032..464.899 rows=1380035 loops=1)
              ->  Hash  (cost=73925.90..73925.90 rows=381979 width=4) (actual time=1302.470..1302.470 rows=440029 loops=1)
                    Buckets: 131072  Batches: 8  Memory Usage: 2968kB
                    ->  Seq Scan on title t  (cost=0.00..73925.90 rows=381979 width=4) (actual time=233.237..1164.247 rows=440029 loops=1)
                          Filter: ((production_year < 2006) AND (kind_id = 1))
                          Rows Removed by Filter: 2088283
Planning time: 1.123 ms
Execution time: 9945.476 ms
