Nested Loop  (cost=0.43..83072.90 rows=14 width=0) (actual time=78.035..4255.152 rows=8 loops=1)
  ->  Seq Scan on movie_keyword mk  (cost=0.00..81003.12 rows=246 width=4) (actual time=77.967..4248.347 rows=40 loops=1)
        Filter: (keyword_id = 20684)
        Rows Removed by Filter: 4523890
  ->  Index Scan using title_pkey on title t  (cost=0.43..8.40 rows=1 width=4) (actual time=0.165..0.165 rows=0 loops=40)
        Index Cond: (id = mk.movie_id)
        Filter: ((kind_id < 7) AND (production_year < 1970))
        Rows Removed by Filter: 1
Planning time: 0.676 ms
Execution time: 4255.255 ms
