Hash Join  (cost=102767.86..183229.17 rows=796997 width=0) (actual time=1750.114..3688.449 rows=803728 loops=1)
  Hash Cond: (mc.movie_id = t.id)
  ->  Seq Scan on movie_companies mc  (cost=0.00..51404.11 rows=796997 width=4) (actual time=0.032..864.338 rows=803728 loops=1)
        Filter: (company_id > 30014)
        Rows Removed by Filter: 1805401
  ->  Hash  (cost=61283.27..61283.27 rows=2528527 width=4) (actual time=1749.218..1749.218 rows=2528312 loops=1)
        Buckets: 131072  Batches: 64  Memory Usage: 2415kB
        ->  Seq Scan on title t  (cost=0.00..61283.27 rows=2528527 width=4) (actual time=0.020..900.644 rows=2528312 loops=1)
Planning time: 0.755 ms
Execution time: 3786.435 ms
