Hash Join  (cost=82257.13..927808.77 rows=702826 width=0) (actual time=1310.464..16418.798 rows=1284790 loops=1)
  Hash Cond: (ci.movie_id = t.id)
  ->  Seq Scan on cast_info ci  (cost=0.00..796071.18 rows=3499787 width=4) (actual time=0.021..11930.484 rows=5468750 loops=1)
        Filter: ((person_id > 3108381) AND (role_id > 1))
        Rows Removed by Filter: 30775594
  ->  Hash  (cost=73925.90..73925.90 rows=507778 width=4) (actual time=1309.382..1309.382 rows=524129 loops=1)
        Buckets: 131072  Batches: 8  Memory Usage: 3340kB
        ->  Seq Scan on title t  (cost=0.00..73925.90 rows=507778 width=4) (actual time=37.916..1145.508 rows=524129 loops=1)
              Filter: ((production_year < 2010) AND (kind_id = 1))
              Rows Removed by Filter: 2004183
Planning time: 0.854 ms
Execution time: 16589.295 ms
