Seq Scan on movie_companies mc  (cost=0.00..57926.93 rows=53 width=0) (actual time=202.417..788.450 rows=14 loops=1)
  Filter: ((company_type_id > 1) AND (company_id = 24810))
  Rows Removed by Filter: 2609115
Planning time: 0.382 ms
Execution time: 788.553 ms
