Hash Join  (cost=140417.21..530981.79 rows=669783 width=0) (actual time=6589.919..10721.407 rows=1284970 loops=1)
  Hash Cond: (mi.movie_id = t.id)
  ->  Seq Scan on movie_info mi  (cost=0.00..346232.03 rows=3068194 width=4) (actual time=3717.720..5797.119 rows=3036719 loops=1)
        Filter: (info_type_id = 16)
        Rows Removed by Filter: 11799001
  ->  Hash  (cost=131360.53..131360.53 rows=551974 width=8) (actual time=2871.020..2871.020 rows=430747 loops=1)
        Buckets: 131072  Batches: 8  Memory Usage: 3121kB
        ->  Hash Join  (cost=84197.31..131360.53 rows=551974 width=8) (actual time=1372.972..2737.079 rows=430747 loops=1)
              Hash Cond: (mi_idx.movie_id = t.id)
              ->  Seq Scan on movie_info_idx mi_idx  (cost=0.00..21735.35 rows=1380035 width=4) (actual time=0.037..450.131 rows=1380035 loops=1)
              ->  Hash  (cost=67604.59..67604.59 rows=1011338 width=4) (actual time=1372.059..1372.059 rows=1012920 loops=1)
                    Buckets: 131072  Batches: 16  Memory Usage: 3250kB
                    ->  Seq Scan on title t  (cost=0.00..67604.59 rows=1011338 width=4) (actual time=0.034..1062.768 rows=1012920 loops=1)
                          Filter: (production_year > 2005)
                          Rows Removed by Filter: 1515392
Planning time: 1.124 ms
Execution time: 10882.389 ms
