Seq Scan on cast_info ci  (cost=0.00..705507.15 rows=8377811 width=0) (actual time=5954.750..11367.626 rows=8338419 loops=1)
  Filter: (person_id > 2849219)
  Rows Removed by Filter: 27905925
Planning time: 0.333 ms
Execution time: 12419.589 ms
