Seq Scan on movie_keyword mk  (cost=0.00..81003.12 rows=3863136 width=0) (actual time=0.026..1444.955 rows=3856359 loops=1)
  Filter: (keyword_id < 28077)
  Rows Removed by Filter: 667571
Planning time: 0.280 ms
Execution time: 1913.323 ms
