Hash Join  (cost=267325.27..942704.06 rows=14875605 width=0) (actual time=15669.476..70266.285 rows=66376637 loops=1)
  Hash Cond: (mi.movie_id = t.id)
  ->  Seq Scan on movie_info mi  (cost=0.00..309384.22 rows=14739122 width=4) (actual time=0.015..22944.288 rows=14835720 loops=1)
  ->  Hash  (cost=225457.01..225457.01 rows=2551941 width=8) (actual time=15668.595..15668.595 rows=2553020 loops=1)
        Buckets: 131072  Batches: 64  Memory Usage: 2656kB
        ->  Hash Join  (cost=102767.86..225457.01 rows=2551941 width=8) (actual time=6217.159..14656.167 rows=2553020 loops=1)
              Hash Cond: (mc.movie_id = t.id)
              ->  Seq Scan on movie_companies mc  (cost=0.00..51404.11 rows=2551941 width=4) (actual time=0.025..4360.275 rows=2553020 loops=1)
                    Filter: (company_id < 186725)
                    Rows Removed by Filter: 56109
              ->  Hash  (cost=61283.27..61283.27 rows=2528527 width=4) (actual time=6215.926..6215.926 rows=2528312 loops=1)
                    Buckets: 131072  Batches: 64  Memory Usage: 2415kB
                    ->  Seq Scan on title t  (cost=0.00..61283.27 rows=2528527 width=4) (actual time=0.009..4615.475 rows=2528312 loops=1)
Planning time: 9.592 ms
Execution time: 79514.864 ms
