Hash Join  (cost=207013.36..1326282.49 rows=8319696 width=0) (actual time=4685.946..40017.729 rows=27019276 loops=1)
  Hash Cond: (ci.movie_id = t.id)
  ->  Seq Scan on cast_info ci  (cost=0.00..614943.12 rows=36225612 width=4) (actual time=0.026..13030.034 rows=36244344 loops=1)
  ->  Hash  (cost=197485.49..197485.49 rows=580710 width=8) (actual time=4684.874..4684.874 rows=813152 loops=1)
        Buckets: 131072 (originally 131072)  Batches: 16 (originally 8)  Memory Usage: 3073kB
        ->  Hash Join  (cost=76192.15..197485.49 rows=580710 width=8) (actual time=1192.878..4470.940 rows=813152 loops=1)
              Hash Cond: (mk.movie_id = t.id)
              ->  Seq Scan on movie_keyword mk  (cost=0.00..81003.12 rows=2805363 width=4) (actual time=0.017..1624.478 rows=2795409 loops=1)
                    Filter: (keyword_id < 8193)
                    Rows Removed by Filter: 1728521
              ->  Hash  (cost=67604.59..67604.59 rows=523405 width=4) (actual time=1191.214..1191.214 rows=523734 loops=1)
                    Buckets: 131072  Batches: 8  Memory Usage: 3326kB
                    ->  Seq Scan on title t  (cost=0.00..67604.59 rows=523405 width=4) (actual time=0.015..1020.072 rows=523734 loops=1)
                          Filter: (production_year < 1981)
                          Rows Removed by Filter: 2004578
Planning time: 1.182 ms
Execution time: 42829.327 ms
