Hash Join  (cost=102767.86..980162.90 rows=2969099 width=0) (actual time=8392.126..17455.299 rows=956926 loops=1)
  Hash Cond: (ci.movie_id = t.id)
  ->  Seq Scan on cast_info ci  (cost=0.00..796071.18 rows=2969099 width=4) (actual time=6535.997..14343.808 rows=956926 loops=1)
        Filter: ((person_id < 2567832) AND (role_id = 10))
        Rows Removed by Filter: 35287418
  ->  Hash  (cost=61283.27..61283.27 rows=2528527 width=4) (actual time=1854.858..1854.858 rows=2528312 loops=1)
        Buckets: 131072  Batches: 64  Memory Usage: 2415kB
        ->  Seq Scan on title t  (cost=0.00..61283.27 rows=2528527 width=4) (actual time=0.031..972.711 rows=2528312 loops=1)
Planning time: 0.699 ms
Execution time: 17570.029 ms
