Seq Scan on movie_companies mc  (cost=0.00..51404.11 rows=104 width=0) (actual time=538.081..896.725 rows=218 loops=1)
  Filter: (company_id = 11800)
  Rows Removed by Filter: 2608911
Planning time: 0.338 ms
Execution time: 896.882 ms
