Seq Scan on cast_info ci  (cost=0.00..796071.18 rows=79602 width=0) (actual time=2406.217..10662.798 rows=21272 loops=1)
  Filter: ((person_id < 60814) AND (role_id = 10))
  Rows Removed by Filter: 36223072
Planning time: 0.388 ms
Execution time: 10665.823 ms
