Hash Join  (cost=94657.25..181339.74 rows=2446 width=0) (actual time=1570.470..3347.237 rows=30250 loops=1)
  Hash Cond: (mk.movie_id = t.id)
  ->  Seq Scan on movie_keyword mk  (cost=0.00..69693.30 rows=4523930 width=4) (actual time=0.014..958.056 rows=4523930 loops=1)
  ->  Hash  (cost=94640.16..94640.16 rows=1367 width=8) (actual time=1569.923..1569.923 rows=3147 loops=1)
        Buckets: 4096 (originally 2048)  Batches: 1 (originally 1)  Memory Usage: 155kB
        ->  Hash Join  (cost=67697.55..94640.16 rows=1367 width=8) (actual time=1033.722..1568.331 rows=3147 loops=1)
              Hash Cond: (mi_idx.movie_id = t.id)
              ->  Seq Scan on movie_info_idx mi_idx  (cost=0.00..25185.44 rows=464934 width=4) (actual time=0.034..432.205 rows=460185 loops=1)
                    Filter: (info_type_id > 100)
                    Rows Removed by Filter: 919850
              ->  Hash  (cost=67604.59..67604.59 rows=7437 width=4) (actual time=1032.864..1032.864 rows=13623 loops=1)
                    Buckets: 16384 (originally 8192)  Batches: 1 (originally 1)  Memory Usage: 607kB
                    ->  Seq Scan on title t  (cost=0.00..67604.59 rows=7437 width=4) (actual time=0.021..1026.343 rows=13623 loops=1)
                          Filter: (production_year = 1972)
                          Rows Removed by Filter: 2514689
Planning time: 2.131 ms
Execution time: 3351.513 ms
