Hash Join  (cost=93633.68..466552.58 rows=640436 width=0) (actual time=3439.256..8202.326 rows=365299 loops=1)
  Hash Cond: (mi.movie_id = t.id)
  ->  Seq Scan on movie_info mi  (cost=0.00..346232.03 rows=1348138 width=4) (actual time=1577.812..5327.528 rows=1298989 loops=1)
        Filter: (info_type_id = 4)
        Rows Removed by Filter: 13536731
  ->  Hash  (cost=73925.90..73925.90 rows=1201182 width=4) (actual time=1860.320..1860.320 rows=1325344 loops=1)
        Buckets: 131072  Batches: 16  Memory Usage: 3956kB
        ->  Seq Scan on title t  (cost=0.00..73925.90 rows=1201182 width=4) (actual time=0.035..1436.855 rows=1325344 loops=1)
              Filter: ((kind_id > 3) AND (production_year > 1987))
              Rows Removed by Filter: 1202968
Planning time: 0.746 ms
Execution time: 8248.123 ms
