Hash Join  (cost=149116.82..236524.02 rows=74916 width=0) (actual time=7543.529..12471.378 rows=66668 loops=1)
  Hash Cond: (mk.movie_id = t.id)
  ->  Seq Scan on movie_keyword mk  (cost=0.00..69693.30 rows=4523930 width=4) (actual time=0.074..3644.301 rows=4523930 loops=1)
  ->  Hash  (cost=148593.42..148593.42 rows=41872 width=8) (actual time=7542.520..7542.520 rows=20313 loops=1)
        Buckets: 65536  Batches: 1  Memory Usage: 1306kB
        ->  Hash Join  (cost=75300.67..148593.42 rows=41872 width=8) (actual time=3804.115..7533.695 rows=20313 loops=1)
              Hash Cond: (mc.movie_id = t.id)
              ->  Seq Scan on movie_companies mc  (cost=0.00..57926.93 rows=1264294 width=4) (actual time=284.201..3353.756 rows=1312144 loops=1)
                    Filter: ((company_id > 19) AND (company_type_id = 2))
                    Rows Removed by Filter: 1296985
              ->  Hash  (cost=73925.90..73925.90 rows=83741 width=4) (actual time=3517.584..3517.584 rows=93082 loops=1)
                    Buckets: 131072  Batches: 2  Memory Usage: 2666kB
                    ->  Seq Scan on title t  (cost=0.00..73925.90 rows=83741 width=4) (actual time=0.036..3466.519 rows=93082 loops=1)
                          Filter: ((kind_id > 3) AND (production_year = 2008))
                          Rows Removed by Filter: 2435230
Planning time: 1.501 ms
Execution time: 12482.931 ms
