Seq Scan on movie_companies mc  (cost=0.00..51404.11 rows=104 width=0) (actual time=55.148..804.231 rows=4 loops=1)
  Filter: (company_id = 18206)
  Rows Removed by Filter: 2609125
Planning time: 0.331 ms
Execution time: 804.304 ms
