Hash Join  (cost=102767.86..247659.38 rows=2244578 width=0) (actual time=2127.298..5655.248 rows=2243122 loops=1)
  Hash Cond: (mk.movie_id = t.id)
  ->  Seq Scan on movie_keyword mk  (cost=0.00..81003.12 rows=2244578 width=4) (actual time=0.018..1615.023 rows=2243122 loops=1)
        Filter: (keyword_id < 4619)
        Rows Removed by Filter: 2280808
  ->  Hash  (cost=61283.27..61283.27 rows=2528527 width=4) (actual time=2125.437..2125.437 rows=2528312 loops=1)
        Buckets: 131072  Batches: 64  Memory Usage: 2425kB
        ->  Seq Scan on title t  (cost=0.00..61283.27 rows=2528527 width=4) (actual time=0.020..1249.773 rows=2528312 loops=1)
Planning time: 0.705 ms
Execution time: 5881.797 ms
