Hash Join  (cost=67841.64..122702.85 rows=19569 width=0) (actual time=1131.377..2252.911 rows=33018 loops=1)
  Hash Cond: (mc.movie_id = t.id)
  ->  Seq Scan on movie_companies mc  (cost=0.00..44881.29 rows=2609129 width=4) (actual time=0.019..605.930 rows=2609129 loops=1)
  ->  Hash  (cost=67604.59..67604.59 rows=18964 width=4) (actual time=1053.529..1053.529 rows=16892 loops=1)
        Buckets: 32768  Batches: 1  Memory Usage: 850kB
        ->  Seq Scan on title t  (cost=0.00..67604.59 rows=18964 width=4) (actual time=55.290..1046.124 rows=16892 loops=1)
              Filter: (production_year < 1907)
              Rows Removed by Filter: 2511420
Planning time: 0.746 ms
Execution time: 2257.820 ms
