Seq Scan on movie_companies mc  (cost=0.00..57926.93 rows=53 width=0) (actual time=0.379..887.827 rows=214 loops=1)
  Filter: ((company_type_id > 1) AND (company_id = 6978))
  Rows Removed by Filter: 2608915
Planning time: 0.385 ms
Execution time: 887.980 ms
