Hash Join  (cost=252693.06..1232460.28 rows=8494927 width=0) (actual time=11707.168..41166.191 rows=63987419 loops=1)
  Hash Cond: (ci.movie_id = t.id)
  ->  Seq Scan on cast_info ci  (cost=0.00..705507.15 rows=14317963 width=4) (actual time=4399.158..13649.458 rows=14469744 loops=1)
        Filter: (person_id > 2213451)
        Rows Removed by Filter: 21774600
  ->  Hash  (cost=228079.70..228079.70 rows=1500189 width=8) (actual time=7306.416..7306.416 rows=3299294 loops=1)
        Buckets: 131072 (originally 131072)  Batches: 64 (originally 32)  Memory Usage: 3073kB
        ->  Hash Join  (cost=83810.17..228079.70 rows=1500189 width=8) (actual time=1924.818..6400.351 rows=3299294 loops=1)
              Hash Cond: (mk.movie_id = t.id)
              ->  Seq Scan on movie_keyword mk  (cost=0.00..81003.12 rows=3840402 width=4) (actual time=0.034..1847.961 rows=3833670 loops=1)
                    Filter: (keyword_id < 27312)
                    Rows Removed by Filter: 690260
              ->  Hash  (cost=67604.59..67604.59 rows=987727 width=4) (actual time=1924.005..1924.005 rows=985048 loops=1)
                    Buckets: 131072  Batches: 16  Memory Usage: 3197kB
                    ->  Seq Scan on title t  (cost=0.00..67604.59 rows=987727 width=4) (actual time=0.019..1212.843 rows=985048 loops=1)
                          Filter: (kind_id < 7)
                          Rows Removed by Filter: 1543264
Planning time: 0.746 ms
Execution time: 47602.914 ms
