Seq Scan on cast_info ci  (cost=0.00..705507.15 rows=28663371 width=42) (actual time=0.031..15502.181 rows=28639690 loops=1)
  Filter: (person_id < 2914126)
  Rows Removed by Filter: 7604654
Planning time: 0.426 ms
Execution time: 17201.901 ms
