Nested Loop  (cost=0.43..52284.21 rows=22 width=0) (actual time=271.308..835.592 rows=1 loops=1)
  ->  Seq Scan on movie_companies mc  (cost=0.00..51404.11 rows=104 width=4) (actual time=271.241..835.522 rows=1 loops=1)
        Filter: (company_id = 129821)
        Rows Removed by Filter: 2609128
  ->  Index Scan using title_pkey on title t  (cost=0.43..8.45 rows=1 width=4) (actual time=0.061..0.062 rows=1 loops=1)
        Index Cond: (id = mc.movie_id)
        Filter: ((production_year < 2011) AND (kind_id = 1))
Planning time: 0.771 ms
Execution time: 835.699 ms
