Nested Loop  (cost=0.43..709673.15 rows=342 width=0) (actual time=1657.606..11184.727 rows=131 loops=1)
  ->  Seq Scan on cast_info ci  (cost=0.00..705507.15 rows=500 width=4) (actual time=1657.455..11181.940 rows=174 loops=1)
        Filter: (person_id = 1038809)
        Rows Removed by Filter: 36244170
  ->  Index Scan using title_pkey on title t  (cost=0.43..8.32 rows=1 width=4) (actual time=0.015..0.015 rows=1 loops=174)
        Index Cond: (id = ci.movie_id)
        Filter: (production_year > 1991)
        Rows Removed by Filter: 0
Planning time: 0.715 ms
Execution time: 11184.876 ms
