Hash Join  (cost=99841.01..157658.33 rows=1072379 width=0) (actual time=2081.196..3783.494 rows=1072836 loops=1)
  Hash Cond: (mi_idx.movie_id = t.id)
  ->  Seq Scan on movie_info_idx mi_idx  (cost=0.00..21735.35 rows=1380035 width=4) (actual time=0.021..438.189 rows=1380035 loops=1)
  ->  Hash  (cost=67604.59..67604.59 rows=1964834 width=4) (actual time=2080.137..2080.137 rows=1962189 loops=1)
        Buckets: 131072  Batches: 32  Memory Usage: 3187kB
        ->  Seq Scan on title t  (cost=0.00..67604.59 rows=1964834 width=4) (actual time=0.014..1428.136 rows=1962189 loops=1)
              Filter: (production_year > 1978)
              Rows Removed by Filter: 566123
Planning time: 0.640 ms
Execution time: 3911.893 ms
