Seq Scan on movie_keyword mk  (cost=0.00..81003.12 rows=1846393 width=0) (actual time=0.025..1457.625 rows=1849211 loops=1)
  Filter: (keyword_id > 7480)
  Rows Removed by Filter: 2674719
Planning time: 0.327 ms
Execution time: 1683.898 ms
