Hash Join  (cost=547692.12..1843843.44 rows=19849257 width=0) (actual time=12953.641..63628.237 rows=79939506 loops=1)
  Hash Cond: (ci.movie_id = t.id)
  ->  Seq Scan on cast_info ci  (cost=0.00..796071.18 rows=22869313 width=4) (actual time=2173.625..19509.944 rows=23353663 loops=1)
        Filter: ((person_id > 88774) AND (role_id > 1))
        Rows Removed by Filter: 12890681
  ->  Hash  (cost=511686.41..511686.41 rows=2194617 width=8) (actual time=10779.076..10779.076 rows=2233850 loops=1)
        Buckets: 131072  Batches: 32  Memory Usage: 3598kB
        ->  Hash Join  (cost=102767.86..511686.41 rows=2194617 width=8) (actual time=1940.054..9928.817 rows=2233850 loops=1)
              Hash Cond: (mi.movie_id = t.id)
              ->  Seq Scan on movie_info mi  (cost=0.00..346232.03 rows=2194617 width=4) (actual time=0.021..5688.778 rows=2233850 loops=1)
                    Filter: (info_type_id > 16)
                    Rows Removed by Filter: 12601870
              ->  Hash  (cost=61283.27..61283.27 rows=2528527 width=4) (actual time=1939.100..1939.100 rows=2528312 loops=1)
                    Buckets: 131072  Batches: 64  Memory Usage: 2425kB
                    ->  Seq Scan on title t  (cost=0.00..61283.27 rows=2528527 width=4) (actual time=0.017..1083.726 rows=2528312 loops=1)
Planning time: 1.168 ms
Execution time: 72238.661 ms
