Seq Scan on cast_info ci  (cost=0.00..796071.18 rows=153371 width=0) (actual time=3751.644..10949.242 rows=520864 loops=1)
  Filter: ((person_id > 3024681) AND (role_id = 5))
  Rows Removed by Filter: 35723480
Planning time: 0.377 ms
Execution time: 10981.234 ms
