Seq Scan on movie_keyword mk  (cost=0.00..81003.12 rows=3364904 width=0) (actual time=0.016..4851.757 rows=3351403 loops=1)
  Filter: (keyword_id < 15900)
  Rows Removed by Filter: 1172527
Planning time: 0.318 ms
Execution time: 5434.129 ms
