Seq Scan on movie_companies mc  (cost=0.00..57926.93 rows=53 width=0) (actual time=9.936..600.120 rows=18 loops=1)
  Filter: ((company_id = 89535) AND (company_type_id = 2))
  Rows Removed by Filter: 2609111
Planning time: 0.385 ms
Execution time: 600.214 ms
