Hash Join  (cost=58358.90..824624.20 rows=327 width=0) (actual time=3547.881..17362.700 rows=16 loops=1)
  Hash Cond: (ci.movie_id = t.id)
  ->  Seq Scan on cast_info ci  (cost=0.00..705507.15 rows=16201301 width=4) (actual time=2499.782..14481.162 rows=16121683 loops=1)
        Filter: (role_id > 2)
        Rows Removed by Filter: 20122661
  ->  Hash  (cost=58358.27..58358.27 rows=51 width=8) (actual time=641.323..641.323 rows=3 loops=1)
        Buckets: 1024  Batches: 1  Memory Usage: 9kB
        ->  Nested Loop  (cost=0.43..58358.27 rows=51 width=8) (actual time=366.215..641.312 rows=3 loops=1)
              ->  Seq Scan on movie_companies mc  (cost=0.00..57926.93 rows=51 width=4) (actual time=366.077..641.089 rows=3 loops=1)
                    Filter: ((company_id = 20964) AND (company_type_id = 1))
                    Rows Removed by Filter: 2609126
              ->  Index Only Scan using title_pkey on title t  (cost=0.43..8.45 rows=1 width=4) (actual time=0.048..0.049 rows=1 loops=3)
                    Index Cond: (id = mc.movie_id)
                    Heap Fetches: 3
Planning time: 3.056 ms
Execution time: 17362.838 ms
