Seq Scan on cast_info ci  (cost=0.00..796071.18 rows=766269 width=0) (actual time=13874.814..15125.806 rows=833003 loops=1)
  Filter: ((person_id > 497836) AND (role_id = 5))
  Rows Removed by Filter: 35411341
Planning time: 1.656 ms
Execution time: 15226.229 ms
