Seq Scan on movie_companies mc  (cost=0.00..57926.93 rows=789636 width=0) (actual time=0.023..1079.725 rows=1087887 loops=1)
  Filter: ((company_id < 16432) AND (company_type_id < 2))
  Rows Removed by Filter: 1521242
Planning time: 0.312 ms
Execution time: 1219.148 ms
