Hash Join  (cost=296191.11..1253296.40 rows=6288655 width=0) (actual time=13314.221..21754.798 rows=3651576 loops=1)
  Hash Cond: (ci.movie_id = t.id)
  ->  Seq Scan on cast_info ci  (cost=0.00..796071.18 rows=6275449 width=4) (actual time=6298.474..12578.800 rows=1965104 loops=1)
        Filter: ((person_id > 2760092) AND (role_id < 4))
        Rows Removed by Filter: 34279240
  ->  Hash  (cost=254620.01..254620.01 rows=2533848 width=8) (actual time=7014.235..7014.235 rows=2527471 loops=1)
        Buckets: 131072  Batches: 64  Memory Usage: 2584kB
        ->  Hash Join  (cost=102767.86..254620.01 rows=2533848 width=8) (actual time=2117.109..6328.959 rows=2527471 loops=1)
              Hash Cond: (mk.movie_id = t.id)
              ->  Seq Scan on movie_keyword mk  (cost=0.00..81003.12 rows=2533848 width=4) (actual time=0.034..1636.092 rows=2527471 loops=1)
                    Filter: (keyword_id < 6271)
                    Rows Removed by Filter: 1996459
              ->  Hash  (cost=61283.27..61283.27 rows=2528527 width=4) (actual time=2115.095..2115.095 rows=2528312 loops=1)
                    Buckets: 131072  Batches: 64  Memory Usage: 2425kB
                    ->  Seq Scan on title t  (cost=0.00..61283.27 rows=2528527 width=4) (actual time=0.031..1244.868 rows=2528312 loops=1)
Planning time: 1.152 ms
Execution time: 22148.471 ms
