Hash Join  (cost=882282.70..1249050.00 rows=211137 width=0) (actual time=12734.279..20443.934 rows=184220 loops=1)
  Hash Cond: (mi.movie_id = t.id)
  ->  Seq Scan on movie_info mi  (cost=0.00..309384.22 rows=14739122 width=4) (actual time=0.018..4094.661 rows=14835720 loops=1)
  ->  Hash  (cost=881829.94..881829.94 rows=36221 width=8) (actual time=12733.222..12733.222 rows=29223 loops=1)
        Buckets: 65536  Batches: 1  Memory Usage: 1654kB
        ->  Hash Join  (cost=81282.57..881829.94 rows=36221 width=8) (actual time=2246.494..12722.530 rows=29223 loops=1)
              Hash Cond: (ci.movie_id = t.id)
              ->  Seq Scan on cast_info ci  (cost=0.00..796071.18 rows=204262 width=4) (actual time=1069.822..11421.948 rows=192607 loops=1)
                    Filter: ((person_id < 255514) AND (role_id = 4))
                    Rows Removed by Filter: 36051737
              ->  Hash  (cost=73925.90..73925.90 rows=448373 width=4) (actual time=1175.649..1175.649 rows=329492 loops=1)
                    Buckets: 131072  Batches: 8  Memory Usage: 2461kB
                    ->  Seq Scan on title t  (cost=0.00..73925.90 rows=448373 width=4) (actual time=0.019..1071.555 rows=329492 loops=1)
                          Filter: ((production_year < 1992) AND (kind_id = 7))
                          Rows Removed by Filter: 2198820
Planning time: 1.178 ms
Execution time: 20467.170 ms
