Hash Join  (cost=155456.73..251015.03 rows=160553 width=0) (actual time=3445.986..5669.174 rows=644987 loops=1)
  Hash Cond: (mk.movie_id = t.id)
  ->  Seq Scan on movie_keyword mk  (cost=0.00..81003.12 rows=979906 width=4) (actual time=0.026..1532.144 rows=984208 loops=1)
        Filter: (keyword_id > 18803)
        Rows Removed by Filter: 3539722
  ->  Hash  (cost=148659.14..148659.14 rows=414287 width=8) (actual time=3444.995..3444.995 rows=422072 loops=1)
        Buckets: 131072  Batches: 8  Memory Usage: 3101kB
        ->  Hash Join  (cost=104570.16..148659.14 rows=414287 width=8) (actual time=2109.492..3308.835 rows=422072 loops=1)
              Hash Cond: (mi_idx.movie_id = t.id)
              ->  Seq Scan on movie_info_idx mi_idx  (cost=0.00..25185.44 rows=464934 width=4) (actual time=0.022..414.795 rows=460185 loops=1)
                    Filter: (info_type_id > 100)
                    Rows Removed by Filter: 919850
              ->  Hash  (cost=67604.59..67604.59 rows=2253086 width=4) (actual time=2108.320..2108.320 rows=2244594 loops=1)
                    Buckets: 131072  Batches: 32  Memory Usage: 3493kB
                    ->  Seq Scan on title t  (cost=0.00..67604.59 rows=2253086 width=4) (actual time=0.024..1391.737 rows=2244594 loops=1)
                          Filter: (production_year > 1956)
                          Rows Removed by Filter: 283718
Planning time: 1.209 ms
Execution time: 5750.860 ms
