Seq Scan on cast_info ci  (cost=0.00..796071.18 rows=304884 width=0) (actual time=10433.828..15113.531 rows=114492 loops=1)
  Filter: ((person_id < 3207518) AND (role_id > 10))
  Rows Removed by Filter: 36129852
Planning time: 0.349 ms
Execution time: 15129.860 ms
