Hash Join  (cost=102767.86..914664.07 rows=247079 width=0) (actual time=12168.154..14176.384 rows=130670 loops=1)
  Hash Cond: (ci.movie_id = t.id)
  ->  Seq Scan on cast_info ci  (cost=0.00..796071.18 rows=247079 width=4) (actual time=9318.658..10831.960 rows=130670 loops=1)
        Filter: ((person_id < 961845) AND (role_id = 5))
        Rows Removed by Filter: 36113674
  ->  Hash  (cost=61283.27..61283.27 rows=2528527 width=4) (actual time=2848.081..2848.081 rows=2528312 loops=1)
        Buckets: 131072  Batches: 64  Memory Usage: 2415kB
        ->  Seq Scan on title t  (cost=0.00..61283.27 rows=2528527 width=4) (actual time=0.006..1259.189 rows=2528312 loops=1)
Planning time: 0.726 ms
Execution time: 14191.964 ms
