Nested Loop  (cost=0.43..83072.90 rows=5 width=0) (actual time=10.923..950.885 rows=3 loops=1)
  ->  Seq Scan on movie_keyword mk  (cost=0.00..81003.12 rows=246 width=4) (actual time=9.820..947.201 rows=108 loops=1)
        Filter: (keyword_id = 34901)
        Rows Removed by Filter: 4523822
  ->  Index Scan using title_pkey on title t  (cost=0.43..8.40 rows=1 width=4) (actual time=0.032..0.032 rows=0 loops=108)
        Index Cond: (id = mk.movie_id)
        Filter: ((kind_id < 7) AND (production_year = 2009))
        Rows Removed by Filter: 1
Planning time: 0.720 ms
Execution time: 950.982 ms
