Hash Join  (cost=78556.72..197209.95 rows=651369 width=0) (actual time=1464.565..4547.530 rows=1583315 loops=1)
  Hash Cond: (mk.movie_id = t.id)
  ->  Seq Scan on movie_keyword mk  (cost=0.00..81003.12 rows=2467308 width=4) (actual time=0.026..1607.858 rows=2459956 loops=1)
        Filter: (keyword_id > 3662)
        Rows Removed by Filter: 2063974
  ->  Hash  (cost=67604.59..67604.59 rows=667531 width=4) (actual time=1463.523..1463.523 rows=662825 loops=1)
        Buckets: 131072  Batches: 16  Memory Usage: 2486kB
        ->  Seq Scan on title t  (cost=0.00..67604.59 rows=667531 width=4) (actual time=0.027..1244.784 rows=662825 loops=1)
              Filter: (kind_id = 1)
              Rows Removed by Filter: 1865487
Planning time: 0.725 ms
Execution time: 4714.282 ms
