Seq Scan on title t  (cost=0.00..73925.90 rows=1561503 width=0) (actual time=0.012..1349.830 rows=1608792 loops=1)
  Filter: ((kind_id > 3) AND (production_year > 1921))
  Rows Removed by Filter: 919520
Planning time: 0.326 ms
Execution time: 1553.022 ms
