Hash Join  (cost=162926.42..1169644.94 rows=3111824 width=0) (actual time=3702.740..35184.314 rows=20254157 loops=1)
  Hash Cond: (ci.movie_id = t.id)
  ->  Seq Scan on cast_info ci  (cost=0.00..705507.15 rows=23244834 width=4) (actual time=0.026..14826.170 rows=23308789 loops=1)
        Filter: (person_id > 1278161)
        Rows Removed by Filter: 12935555
  ->  Hash  (cost=157372.20..157372.20 rows=338498 width=8) (actual time=3701.682..3701.682 rows=763046 loops=1)
        Buckets: 131072 (originally 131072)  Batches: 16 (originally 8)  Memory Usage: 3073kB
        ->  Hash Join  (cost=80042.24..157372.20 rows=338498 width=8) (actual time=1401.255..3510.415 rows=763046 loops=1)
              Hash Cond: (mc.movie_id = t.id)
              ->  Seq Scan on movie_companies mc  (cost=0.00..57926.93 rows=1129079 width=4) (actual time=0.032..1198.008 rows=1274246 loops=1)
                    Filter: ((company_id < 93054) AND (company_type_id < 2))
                    Rows Removed by Filter: 1334883
              ->  Hash  (cost=67604.59..67604.59 rows=758052 width=4) (actual time=1400.444..1400.444 rows=753677 loops=1)
                    Buckets: 131072  Batches: 16  Memory Usage: 2677kB
                    ->  Seq Scan on title t  (cost=0.00..67604.59 rows=758052 width=4) (actual time=0.019..1155.278 rows=753677 loops=1)
                          Filter: (kind_id < 3)
                          Rows Removed by Filter: 1774635
Planning time: 1.171 ms
Execution time: 37281.752 ms
