Hash Join  (cost=140402.24..540124.37 rows=125503 width=0) (actual time=2255.099..11418.251 rows=73187 loops=1)
  Hash Cond: (mi.movie_id = t.id)
  ->  Seq Scan on movie_info mi  (cost=0.00..346232.03 rows=13929354 width=4) (actual time=0.019..6562.298 rows=14033580 loops=1)
        Filter: (info_type_id > 1)
        Rows Removed by Filter: 802140
  ->  Hash  (cost=140117.46..140117.46 rows=22782 width=8) (actual time=2254.695..2254.695 rows=12175 loops=1)
        Buckets: 32768  Batches: 1  Memory Usage: 732kB
        ->  Hash Join  (cost=75867.62..140117.46 rows=22782 width=8) (actual time=1607.062..2249.969 rows=12175 loops=1)
              Hash Cond: (mc.movie_id = t.id)
              ->  Seq Scan on movie_companies mc  (cost=0.00..57926.93 rows=486957 width=4) (actual time=433.116..948.310 rows=281831 loops=1)
                    Filter: ((company_id < 3814) AND (company_type_id > 1))
                    Rows Removed by Filter: 2327298
              ->  Hash  (cost=73925.90..73925.90 rows=118297 width=4) (actual time=1173.155..1173.155 rows=122606 loops=1)
                    Buckets: 131072  Batches: 2  Memory Usage: 3179kB
                    ->  Seq Scan on title t  (cost=0.00..73925.90 rows=118297 width=4) (actual time=0.055..1128.274 rows=122606 loops=1)
                          Filter: ((kind_id > 1) AND (production_year = 2011))
                          Rows Removed by Filter: 2405706
Planning time: 1.204 ms
Execution time: 11429.952 ms
