Seq Scan on title t  (cost=0.00..67604.59 rows=2341585 width=0) (actual time=0.025..1152.190 rows=2333286 loops=1)
  Filter: (production_year > 1932)
  Rows Removed by Filter: 195026
Planning time: 0.287 ms
Execution time: 1444.635 ms
