Seq Scan on movie_keyword mk  (cost=0.00..81003.12 rows=1117490 width=0) (actual time=0.013..3636.550 rows=1123900 loops=1)
  Filter: (keyword_id < 1213)
  Rows Removed by Filter: 3400030
Planning time: 1.673 ms
Execution time: 3834.289 ms
