Hash Join  (cost=77653.14..117473.31 rows=123969 width=0) (actual time=1348.713..2487.412 rows=323561 loops=1)
  Hash Cond: (mi_idx.movie_id = t.id)
  ->  Seq Scan on movie_info_idx mi_idx  (cost=0.00..21735.35 rows=1380035 width=4) (actual time=0.040..440.503 rows=1380035 loops=1)
  ->  Hash  (cost=73925.90..73925.90 rows=227139 width=4) (actual time=1347.827..1347.827 rows=366661 loops=1)
        Buckets: 131072 (originally 131072)  Batches: 8 (originally 4)  Memory Usage: 3073kB
        ->  Seq Scan on title t  (cost=0.00..73925.90 rows=227139 width=4) (actual time=0.016..1215.015 rows=366661 loops=1)
              Filter: ((kind_id < 4) AND (production_year < 1989))
              Rows Removed by Filter: 2161651
Planning time: 0.784 ms
Execution time: 2518.642 ms
