Seq Scan on movie_keyword mk  (cost=0.00..81003.12 rows=928363 width=0) (actual time=0.025..1315.883 rows=935306 loops=1)
  Filter: (keyword_id > 20302)
  Rows Removed by Filter: 3588624
Planning time: 2.461 ms
Execution time: 1433.047 ms
