Hash Join  (cost=83073.94..144203.41 rows=28 width=0) (actual time=1253.295..2293.439 rows=5 loops=1)
  Hash Cond: (mc.movie_id = t.id)
  ->  Seq Scan on movie_companies mc  (cost=0.00..57926.93 rows=853936 width=4) (actual time=4.636..979.302 rows=538327 loops=1)
        Filter: ((company_id < 18949) AND (company_type_id = 2))
        Rows Removed by Filter: 2070802
  ->  Hash  (cost=83072.90..83072.90 rows=83 width=8) (actual time=1239.917..1239.917 rows=10 loops=1)
        Buckets: 1024  Batches: 1  Memory Usage: 9kB
        ->  Nested Loop  (cost=0.43..83072.90 rows=83 width=8) (actual time=58.733..1239.898 rows=10 loops=1)
              ->  Seq Scan on movie_keyword mk  (cost=0.00..81003.12 rows=246 width=4) (actual time=58.654..1234.684 rows=13 loops=1)
                    Filter: (keyword_id = 19771)
                    Rows Removed by Filter: 4523917
              ->  Index Scan using title_pkey on title t  (cost=0.43..8.40 rows=1 width=4) (actual time=0.393..0.394 rows=1 loops=13)
                    Index Cond: (id = mk.movie_id)
                    Filter: ((kind_id < 7) AND (production_year > 1962))
                    Rows Removed by Filter: 0
Planning time: 1.161 ms
Execution time: 2293.581 ms
