Hash Join  (cost=83074.74..447745.01 rows=1434 width=0) (actual time=1305.763..8103.374 rows=10343 loops=1)
  Hash Cond: (mi.movie_id = t.id)
  ->  Seq Scan on movie_info mi  (cost=0.00..309384.22 rows=14739122 width=4) (actual time=0.011..4124.052 rows=14835720 loops=1)
  ->  Hash  (cost=83071.67..83071.67 rows=246 width=8) (actual time=1302.124..1302.124 rows=88 loops=1)
        Buckets: 1024  Batches: 1  Memory Usage: 12kB
        ->  Nested Loop  (cost=0.43..83071.67 rows=246 width=8) (actual time=2.367..1301.973 rows=88 loops=1)
              ->  Seq Scan on movie_keyword mk  (cost=0.00..81003.12 rows=246 width=4) (actual time=2.311..1295.898 rows=88 loops=1)
                    Filter: (keyword_id = 20311)
                    Rows Removed by Filter: 4523842
              ->  Index Only Scan using title_pkey on title t  (cost=0.43..8.40 rows=1 width=4) (actual time=0.063..0.064 rows=1 loops=88)
                    Index Cond: (id = mk.movie_id)
                    Heap Fetches: 88
Planning time: 1.152 ms
Execution time: 8105.495 ms
