Hash Join  (cost=101451.10..502771.21 rows=77553 width=0) (actual time=1832.450..11003.541 rows=71961 loops=1)
  Hash Cond: (mi.movie_id = t.id)
  ->  Seq Scan on movie_info mi  (cost=0.00..346232.03 rows=14483353 width=4) (actual time=0.017..6687.703 rows=14528932 loops=1)
        Filter: (info_type_id < 106)
        Rows Removed by Filter: 306788
  ->  Hash  (cost=101281.86..101281.86 rows=13539 width=8) (actual time=1831.588..1831.588 rows=9561 loops=1)
        Buckets: 16384  Batches: 1  Memory Usage: 502kB
        ->  Hash Join  (cost=74235.99..101281.86 rows=13539 width=8) (actual time=1223.323..1828.346 rows=9561 loops=1)
              Hash Cond: (mi_idx.movie_id = t.id)
              ->  Seq Scan on movie_info_idx mi_idx  (cost=0.00..21735.35 rows=1380035 width=4) (actual time=0.012..324.549 rows=1380035 loops=1)
              ->  Hash  (cost=73925.90..73925.90 rows=24807 width=4) (actual time=1198.921..1198.921 rows=25986 loops=1)
                    Buckets: 32768  Batches: 1  Memory Usage: 1170kB
                    ->  Seq Scan on title t  (cost=0.00..73925.90 rows=24807 width=4) (actual time=165.119..1187.599 rows=25986 loops=1)
                          Filter: ((kind_id = 7) AND (production_year = 1997))
                          Rows Removed by Filter: 2502326
Planning time: 1.192 ms
Execution time: 11013.524 ms
