Seq Scan on movie_companies mc  (cost=0.00..57926.93 rows=514586 width=0) (actual time=214.120..899.099 rows=221466 loops=1)
  Filter: ((company_id > 14752) AND (company_type_id = 1))
  Rows Removed by Filter: 2387663
Planning time: 0.362 ms
Execution time: 928.277 ms
