Hash Join  (cost=163565.25..218448.21 rows=21743 width=0) (actual time=7687.751..11655.922 rows=331256 loops=1)
  Hash Cond: (mc.movie_id = t.id)
  ->  Seq Scan on movie_companies mc  (cost=0.00..44881.29 rows=2609129 width=4) (actual time=0.012..2894.745 rows=2609129 loops=1)
  ->  Hash  (cost=163301.87..163301.87 rows=21071 width=8) (actual time=7687.520..7687.520 rows=40295 loops=1)
        Buckets: 65536 (originally 32768)  Batches: 1 (originally 1)  Memory Usage: 2087kB
        ->  Hash Join  (cost=78556.72..163301.87 rows=21071 width=8) (actual time=3633.380..7672.663 rows=40295 loops=1)
              Hash Cond: (mk.movie_id = t.id)
              ->  Seq Scan on movie_keyword mk  (cost=0.00..81003.12 rows=79815 width=4) (actual time=0.021..3851.207 rows=84961 loops=1)
                    Filter: (keyword_id < 73)
                    Rows Removed by Filter: 4438969
              ->  Hash  (cost=67604.59..67604.59 rows=667531 width=4) (actual time=3630.662..3630.662 rows=662825 loops=1)
                    Buckets: 131072  Batches: 16  Memory Usage: 2486kB
                    ->  Seq Scan on title t  (cost=0.00..67604.59 rows=667531 width=4) (actual time=0.005..3344.889 rows=662825 loops=1)
                          Filter: (kind_id = 1)
                          Rows Removed by Filter: 1865487
Planning time: 1.162 ms
Execution time: 11718.444 ms
