Hash Join  (cost=99591.38..516410.19 rows=2365782 width=0) (actual time=4192.299..10669.387 rows=2437489 loops=1)
  Hash Cond: (mi.movie_id = t.id)
  ->  Seq Scan on movie_info mi  (cost=0.00..346232.03 rows=3068194 width=4) (actual time=2060.208..5617.157 rows=3036719 loops=1)
        Filter: (info_type_id = 16)
        Rows Removed by Filter: 11799001
  ->  Hash  (cost=67604.59..67604.59 rows=1949663 width=4) (actual time=2130.480..2130.480 rows=1947263 loops=1)
        Buckets: 131072  Batches: 32  Memory Usage: 3180kB
        ->  Seq Scan on title t  (cost=0.00..67604.59 rows=1949663 width=4) (actual time=0.021..1470.209 rows=1947263 loops=1)
              Filter: (production_year > 1979)
              Rows Removed by Filter: 581049
Planning time: 0.756 ms
Execution time: 10973.234 ms
