Hash Join  (cost=83074.74..109986.57 rows=134 width=0) (actual time=1211.870..1810.128 rows=1341 loops=1)
  Hash Cond: (mi_idx.movie_id = t.id)
  ->  Seq Scan on movie_info_idx mi_idx  (cost=0.00..21735.35 rows=1380035 width=4) (actual time=0.028..342.152 rows=1380035 loops=1)
  ->  Hash  (cost=83071.67..83071.67 rows=246 width=8) (actual time=1211.501..1211.501 rows=503 loops=1)
        Buckets: 1024  Batches: 1  Memory Usage: 28kB
        ->  Nested Loop  (cost=0.43..83071.67 rows=246 width=8) (actual time=3.656..1211.012 rows=503 loops=1)
              ->  Seq Scan on movie_keyword mk  (cost=0.00..81003.12 rows=246 width=4) (actual time=3.597..1176.300 rows=503 loops=1)
                    Filter: (keyword_id = 5899)
                    Rows Removed by Filter: 4523427
              ->  Index Only Scan using title_pkey on title t  (cost=0.43..8.40 rows=1 width=4) (actual time=0.066..0.067 rows=1 loops=503)
                    Index Cond: (id = mk.movie_id)
                    Heap Fetches: 503
Planning time: 1.125 ms
Execution time: 1810.502 ms
