Seq Scan on movie_companies mc  (cost=0.00..57926.93 rows=53 width=0) (actual time=255.483..745.650 rows=2 loops=1)
  Filter: ((company_id = 77287) AND (company_type_id = 2))
  Rows Removed by Filter: 2609127
Planning time: 0.390 ms
Execution time: 745.744 ms
