Hash Join  (cost=83074.74..437538.72 rows=214 width=0) (actual time=2191.000..6876.181 rows=2061 loops=1)
  Hash Cond: (mi.movie_id = t.id)
  ->  Seq Scan on movie_info mi  (cost=0.00..346232.03 rows=2194617 width=4) (actual time=948.843..5368.562 rows=2233850 loops=1)
        Filter: (info_type_id > 16)
        Rows Removed by Filter: 12601870
  ->  Hash  (cost=83071.67..83071.67 rows=246 width=8) (actual time=1189.188..1189.188 rows=149 loops=1)
        Buckets: 1024  Batches: 1  Memory Usage: 14kB
        ->  Nested Loop  (cost=0.43..83071.67 rows=246 width=8) (actual time=0.161..1188.968 rows=149 loops=1)
              ->  Seq Scan on movie_keyword mk  (cost=0.00..81003.12 rows=246 width=4) (actual time=0.095..1182.991 rows=149 loops=1)
                    Filter: (keyword_id = 14568)
                    Rows Removed by Filter: 4523781
              ->  Index Only Scan using title_pkey on title t  (cost=0.43..8.40 rows=1 width=4) (actual time=0.035..0.036 rows=1 loops=149)
                    Index Cond: (id = mk.movie_id)
                    Heap Fetches: 149
Planning time: 1.172 ms
Execution time: 6876.706 ms
