Hash Join  (cost=78473.92..843273.49 rows=1047554 width=0) (actual time=7792.703..17285.368 rows=1468224 loops=1)
  Hash Cond: (ci.movie_id = t.id)
  ->  Seq Scan on cast_info ci  (cost=0.00..705507.15 rows=3998100 width=4) (actual time=6365.344..13156.810 rows=4008037 loops=1)
        Filter: (role_id = 3)
        Rows Removed by Filter: 32236307
  ->  Hash  (cost=67604.59..67604.59 rows=662507 width=4) (actual time=1426.269..1426.269 rows=662065 loops=1)
        Buckets: 131072  Batches: 16  Memory Usage: 2481kB
        ->  Seq Scan on title t  (cost=0.00..67604.59 rows=662507 width=4) (actual time=0.021..1211.064 rows=662065 loops=1)
              Filter: (production_year > 2008)
              Rows Removed by Filter: 1866247
Planning time: 0.770 ms
Execution time: 17460.738 ms
