Seq Scan on movie_companies mc  (cost=0.00..51404.11 rows=488760 width=0) (actual time=1.285..821.013 rows=491578 loops=1)
  Filter: (company_id > 74636)
  Rows Removed by Filter: 2117551
Planning time: 0.319 ms
Execution time: 885.089 ms
