Seq Scan on cast_info ci  (cost=0.00..796071.18 rows=10649474 width=0) (actual time=3084.469..15860.525 rows=12670688 loops=1)
  Filter: ((person_id < 3050395) AND (role_id < 2))
  Rows Removed by Filter: 23573656
Planning time: 0.349 ms
Execution time: 17335.508 ms
