Hash Join  (cost=106491.61..200352.21 rows=51023 width=0) (actual time=1996.541..4130.581 rows=197634 loops=1)
  Hash Cond: (mk.movie_id = t.id)
  ->  Seq Scan on movie_keyword mk  (cost=0.00..81003.12 rows=3292599 width=4) (actual time=0.022..1563.998 rows=3279680 loops=1)
        Filter: (keyword_id > 1580)
        Rows Removed by Filter: 1244250
  ->  Hash  (cost=106001.82..106001.82 rows=39183 width=8) (actual time=1995.104..1995.104 rows=41051 loops=1)
        Buckets: 65536  Batches: 1  Memory Usage: 2116kB
        ->  Hash Join  (cost=69374.09..106001.82 rows=39183 width=8) (actual time=1069.981..1979.889 rows=41051 loops=1)
              Hash Cond: (mi_idx.movie_id = t.id)
              ->  Seq Scan on movie_info_idx mi_idx  (cost=0.00..25185.44 rows=919057 width=4) (actual time=0.025..561.016 rows=920110 loops=1)
                    Filter: (info_type_id > 99)
                    Rows Removed by Filter: 459925
              ->  Hash  (cost=67604.59..67604.59 rows=107800 width=4) (actual time=1069.229..1069.229 rows=108429 loops=1)
                    Buckets: 131072  Batches: 2  Memory Usage: 2931kB
                    ->  Seq Scan on title t  (cost=0.00..67604.59 rows=107800 width=4) (actual time=0.022..1029.027 rows=108429 loops=1)
                          Filter: (production_year = 2006)
                          Rows Removed by Filter: 2419883
Planning time: 1.252 ms
Execution time: 4156.418 ms
