Seq Scan on movie_keyword mk  (cost=0.00..81003.12 rows=3357202 width=0) (actual time=0.011..1541.540 rows=3341929 loops=1)
  Filter: (keyword_id < 15771)
  Rows Removed by Filter: 1182001
Planning time: 0.255 ms
Execution time: 1959.210 ms
