Hash Join  (cost=100899.10..155321.45 rows=439 width=0) (actual time=1833.940..2801.090 rows=4916 loops=1)
  Hash Cond: (mc.movie_id = t.id)
  ->  Seq Scan on movie_companies mc  (cost=0.00..51404.11 rows=803695 width=4) (actual time=0.025..832.171 rows=810045 loops=1)
        Filter: (company_id > 29227)
        Rows Removed by Filter: 1799084
  ->  Hash  (cost=100881.83..100881.83 rows=1381 width=8) (actual time=1830.039..1830.039 rows=5342 loops=1)
        Buckets: 8192 (originally 2048)  Batches: 1 (originally 1)  Memory Usage: 273kB
        ->  Hash Join  (cost=73957.54..100881.83 rows=1381 width=8) (actual time=1211.321..1827.961 rows=5342 loops=1)
              Hash Cond: (mi_idx.movie_id = t.id)
              ->  Seq Scan on movie_info_idx mi_idx  (cost=0.00..21735.35 rows=1380035 width=4) (actual time=0.014..327.812 rows=1380035 loops=1)
              ->  Hash  (cost=73925.90..73925.90 rows=2531 width=4) (actual time=1203.651..1203.651 rows=4962 loops=1)
                    Buckets: 8192 (originally 4096)  Batches: 1 (originally 1)  Memory Usage: 239kB
                    ->  Seq Scan on title t  (cost=0.00..73925.90 rows=2531 width=4) (actual time=0.147..1201.156 rows=4962 loops=1)
                          Filter: ((kind_id < 4) AND (production_year = 1964))
                          Rows Removed by Filter: 2523350
Planning time: 1.155 ms
Execution time: 2802.078 ms
