Seq Scan on movie_keyword mk  (cost=0.00..81003.12 rows=3360306 width=0) (actual time=0.019..1586.769 rows=3344424 loops=1)
  Filter: (keyword_id < 15823)
  Rows Removed by Filter: 1179506
Planning time: 0.334 ms
Execution time: 2015.520 ms
