Hash Join  (cost=102767.86..200922.11 rows=302223 width=0) (actual time=1918.628..3830.061 rows=319973 loops=1)
  Hash Cond: (mk.movie_id = t.id)
  ->  Seq Scan on movie_keyword mk  (cost=0.00..81003.12 rows=302223 width=4) (actual time=0.036..1301.607 rows=319973 loops=1)
        Filter: (keyword_id < 255)
        Rows Removed by Filter: 4203957
  ->  Hash  (cost=61283.27..61283.27 rows=2528527 width=4) (actual time=1915.544..1915.544 rows=2528312 loops=1)
        Buckets: 131072  Batches: 64  Memory Usage: 2425kB
        ->  Seq Scan on title t  (cost=0.00..61283.27 rows=2528527 width=4) (actual time=0.024..1048.883 rows=2528312 loops=1)
Planning time: 0.765 ms
Execution time: 3864.617 ms
