Hash Join  (cost=74207.10..129104.76 rows=23213 width=0) (actual time=1413.435..2488.005 rows=30667 loops=1)
  Hash Cond: (mc.movie_id = t.id)
  ->  Seq Scan on movie_companies mc  (cost=0.00..44881.29 rows=2609129 width=4) (actual time=0.028..735.698 rows=2609129 loops=1)
  ->  Hash  (cost=73925.90..73925.90 rows=22496 width=4) (actual time=1187.902..1187.902 rows=13050 loops=1)
        Buckets: 32768  Batches: 1  Memory Usage: 715kB
        ->  Seq Scan on title t  (cost=0.00..73925.90 rows=22496 width=4) (actual time=367.191..1182.228 rows=13050 loops=1)
              Filter: ((kind_id = 1) AND (production_year = 2004))
              Rows Removed by Filter: 2515262
Planning time: 6.091 ms
Execution time: 2492.511 ms
