Hash Join  (cost=481915.06..1542161.21 rows=7967464 width=0) (actual time=9781.824..55500.171 rows=72345713 loops=1)
  Hash Cond: (ci.movie_id = t.id)
  ->  Seq Scan on cast_info ci  (cost=0.00..705507.15 rows=23499554 width=4) (actual time=0.018..15872.196 rows=23573656 loops=1)
        Filter: (role_id > 1)
        Rows Removed by Filter: 12670688
  ->  Hash  (cost=467849.92..467849.92 rows=857291 width=8) (actual time=9780.543..9780.543 rows=1863158 loops=1)
        Buckets: 131072 (originally 131072)  Batches: 32 (originally 16)  Memory Usage: 3160kB
        ->  Hash Join  (cost=83810.17..467849.92 rows=857291 width=8) (actual time=2717.686..9197.945 rows=1863158 loops=1)
              Hash Cond: (mi.movie_id = t.id)
              ->  Seq Scan on movie_info mi  (cost=0.00..346232.03 rows=2194617 width=4) (actual time=1048.660..5771.910 rows=2233850 loops=1)
                    Filter: (info_type_id > 16)
                    Rows Removed by Filter: 12601870
              ->  Hash  (cost=67604.59..67604.59 rows=987727 width=4) (actual time=1565.500..1565.500 rows=985048 loops=1)
                    Buckets: 131072  Batches: 16  Memory Usage: 3197kB
                    ->  Seq Scan on title t  (cost=0.00..67604.59 rows=987727 width=4) (actual time=0.030..1247.157 rows=985048 loops=1)
                          Filter: (kind_id < 7)
                          Rows Removed by Filter: 1543264
Planning time: 1.223 ms
Execution time: 63172.312 ms
