Seq Scan on title t  (cost=0.00..67604.59 rows=303423 width=0) (actual time=0.026..2860.031 rows=296471 loops=1)
  Filter: (production_year < 1965)
  Rows Removed by Filter: 2231841
Planning time: 0.377 ms
Execution time: 2904.938 ms
