Nested Loop  (cost=0.43..83072.90 rows=6 width=0) (actual time=2889.703..3328.442 rows=4 loops=1)
  ->  Seq Scan on movie_keyword mk  (cost=0.00..81003.12 rows=246 width=4) (actual time=2.676..3268.570 rows=360 loops=1)
        Filter: (keyword_id = 2890)
        Rows Removed by Filter: 4523570
  ->  Index Scan using title_pkey on title t  (cost=0.43..8.40 rows=1 width=4) (actual time=0.162..0.162 rows=0 loops=360)
        Index Cond: (id = mk.movie_id)
        Filter: ((kind_id = 7) AND (production_year = 2005))
        Rows Removed by Filter: 1
Planning time: 0.813 ms
Execution time: 3328.542 ms
