Hash Join  (cost=132641.32..954470.92 rows=76000 width=0) (actual time=2401.986..19385.856 rows=192203 loops=1)
  Hash Cond: (ci.movie_id = t.id)
  ->  Seq Scan on cast_info ci  (cost=0.00..796071.18 rows=6666246 width=4) (actual time=0.015..14261.352 rows=12670688 loops=1)
        Filter: ((person_id < 1881940) AND (role_id < 2))
        Rows Removed by Filter: 23573656
  ->  Hash  (cost=132280.98..132280.98 rows=28827 width=8) (actual time=2401.356..2401.356 rows=23819 loops=1)
        Buckets: 32768  Batches: 1  Memory Usage: 1187kB
        ->  Hash Join  (cost=74485.76..132280.98 rows=28827 width=8) (actual time=1180.035..2392.251 rows=23819 loops=1)
              Hash Cond: (mc.movie_id = t.id)
              ->  Seq Scan on movie_companies mc  (cost=0.00..51404.11 rows=1627424 width=4) (actual time=0.013..800.645 rows=1615555 loops=1)
                    Filter: (company_id < 16956)
                    Rows Removed by Filter: 993574
              ->  Hash  (cost=73925.90..73925.90 rows=44788 width=4) (actual time=1179.644..1179.644 rows=52864 loops=1)
                    Buckets: 65536  Batches: 1  Memory Usage: 2371kB
                    ->  Seq Scan on title t  (cost=0.00..73925.90 rows=44788 width=4) (actual time=0.027..1157.236 rows=52864 loops=1)
                          Filter: ((kind_id > 1) AND (production_year = 2002))
                          Rows Removed by Filter: 2475448
Planning time: 1.320 ms
Execution time: 19412.717 ms
