Seq Scan on title t  (cost=0.00..73925.90 rows=107193 width=0) (actual time=17.806..1115.939 rows=361 loops=1)
  Filter: ((kind_id > 1) AND (production_year < 1943))
  Rows Removed by Filter: 2527951
Planning time: 0.317 ms
Execution time: 1116.240 ms
