Hash Join  (cost=82033.88..503807.06 rows=1064273 width=0) (actual time=2029.879..10949.181 rows=2500709 loops=1)
  Hash Cond: (mi.movie_id = t.id)
  ->  Seq Scan on movie_info mi  (cost=0.00..346232.03 rows=5445713 width=4) (actual time=442.648..5760.709 rows=5410520 loops=1)
        Filter: (info_type_id < 6)
        Rows Removed by Filter: 9425200
  ->  Hash  (cost=73925.90..73925.90 rows=494158 width=4) (actual time=1586.189..1586.189 rows=581419 loops=1)
        Buckets: 131072  Batches: 8  Memory Usage: 3601kB
        ->  Seq Scan on title t  (cost=0.00..73925.90 rows=494158 width=4) (actual time=0.038..1271.153 rows=581419 loops=1)
              Filter: ((kind_id < 7) AND (production_year < 2004))
              Rows Removed by Filter: 1946893
Planning time: 0.949 ms
Execution time: 11233.051 ms
