Hash Join  (cost=85953.60..130511.23 rows=400114 width=0) (actual time=1321.322..2769.616 rows=704236 loops=1)
  Hash Cond: (mi_idx.movie_id = t.id)
  ->  Seq Scan on movie_info_idx mi_idx  (cost=0.00..21735.35 rows=1380035 width=4) (actual time=0.016..490.188 rows=1380035 loops=1)
  ->  Hash  (cost=73925.90..73925.90 rows=733096 width=4) (actual time=1320.403..1320.403 rows=624813 loops=1)
        Buckets: 131072  Batches: 16  Memory Usage: 2395kB
        ->  Seq Scan on title t  (cost=0.00..73925.90 rows=733096 width=4) (actual time=0.022..1126.748 rows=624813 loops=1)
              Filter: ((kind_id < 4) AND (production_year > 1965))
              Rows Removed by Filter: 1903499
Planning time: 0.745 ms
Execution time: 2860.697 ms
