Nested Loop  (cost=0.43..58375.31 rows=10 width=0) (actual time=0.350..980.019 rows=1734 loops=1)
  ->  Seq Scan on movie_companies mc  (cost=0.00..57926.93 rows=53 width=4) (actual time=0.323..926.253 rows=1734 loops=1)
        Filter: ((company_id = 11151) AND (company_type_id = 2))
        Rows Removed by Filter: 2607395
  ->  Index Scan using title_pkey on title t  (cost=0.43..8.45 rows=1 width=4) (actual time=0.030..0.030 rows=1 loops=1734)
        Index Cond: (id = mc.movie_id)
        Filter: (production_year < 1978)
Planning time: 1.076 ms
Execution time: 980.572 ms
