Seq Scan on cast_info ci  (cost=0.00..796071.18 rows=504155 width=0) (actual time=2386.211..12049.531 rows=466201 loops=1)
  Filter: ((person_id < 1016924) AND (role_id = 8))
  Rows Removed by Filter: 35778143
Planning time: 0.430 ms
Execution time: 12096.152 ms
