Seq Scan on title t  (cost=0.00..73925.90 rows=1413890 width=0) (actual time=0.020..1303.229 rows=1488902 loops=1)
  Filter: ((kind_id > 4) AND (production_year > 1949))
  Rows Removed by Filter: 1039410
Planning time: 0.360 ms
Execution time: 1481.497 ms
