Hash Join  (cost=107928.35..478452.47 rows=633729 width=0) (actual time=3114.450..7264.963 rows=657703 loops=1)
  Hash Cond: (mi.movie_id = t.id)
  ->  Seq Scan on movie_info mi  (cost=0.00..346232.03 rows=651960 width=4) (actual time=363.965..3571.960 rows=660923 loops=1)
        Filter: (info_type_id = 18)
        Rows Removed by Filter: 14174797
  ->  Hash  (cost=67604.59..67604.59 rows=2457821 width=4) (actual time=2749.523..2749.523 rows=2456218 loops=1)
        Buckets: 131072  Batches: 64  Memory Usage: 2385kB
        ->  Seq Scan on title t  (cost=0.00..67604.59 rows=2457821 width=4) (actual time=0.032..1344.147 rows=2456218 loops=1)
              Filter: (production_year > 0)
              Rows Removed by Filter: 72094
Planning time: 0.775 ms
Execution time: 7345.796 ms
