Hash Join  (cost=351171.95..1128350.75 rows=22689617 width=0) (actual time=8263.239..69963.151 rows=210659471 loops=1)
  Hash Cond: (mi.movie_id = t.id)
  ->  Seq Scan on movie_info mi  (cost=0.00..309384.22 rows=14739122 width=4) (actual time=0.010..6265.860 rows=14835720 loops=1)
  ->  Hash  (cost=287311.31..287311.31 rows=3892451 width=8) (actual time=8262.320..8262.320 rows=3892576 loops=1)
        Buckets: 131072  Batches: 64  Memory Usage: 3501kB
        ->  Hash Join  (cost=102767.86..287311.31 rows=3892451 width=8) (actual time=1932.080..7089.337 rows=3892576 loops=1)
              Hash Cond: (mk.movie_id = t.id)
              ->  Seq Scan on movie_keyword mk  (cost=0.00..81003.12 rows=3892451 width=4) (actual time=0.036..1802.003 rows=3892576 loops=1)
                    Filter: (keyword_id > 492)
                    Rows Removed by Filter: 631354
              ->  Hash  (cost=61283.27..61283.27 rows=2528527 width=4) (actual time=1930.722..1930.722 rows=2528312 loops=1)
                    Buckets: 131072  Batches: 64  Memory Usage: 2425kB
                    ->  Seq Scan on title t  (cost=0.00..61283.27 rows=2528527 width=4) (actual time=0.011..1059.478 rows=2528312 loops=1)
Planning time: 1.135 ms
Execution time: 93865.561 ms
