Hash Join  (cost=279626.68..1295557.44 rows=8579969 width=0) (actual time=9732.809..28527.821 rows=5662212 loops=1)
  Hash Cond: (ci.movie_id = t.id)
  ->  Seq Scan on cast_info ci  (cost=0.00..796071.18 rows=9787384 width=4) (actual time=3669.608..14950.171 rows=12670688 loops=1)
        Filter: ((person_id < 2850488) AND (role_id = 1))
        Rows Removed by Filter: 23573656
  ->  Hash  (cost=243260.23..243260.23 rows=2216596 width=8) (actual time=6061.358..6061.358 rows=551629 loops=1)
        Buckets: 131072  Batches: 32  Memory Usage: 1708kB
        ->  Hash Join  (cost=94252.23..243260.23 rows=2216596 width=8) (actual time=2226.815..5652.934 rows=551629 loops=1)
              Hash Cond: (mk.movie_id = t.id)
              ->  Seq Scan on movie_keyword mk  (cost=0.00..69693.30 rows=4523930 width=4) (actual time=0.024..1121.348 rows=4523930 loops=1)
              ->  Hash  (cost=73925.90..73925.90 rows=1238906 width=4) (actual time=1687.061..1687.061 rows=1324576 loops=1)
                    Buckets: 131072  Batches: 32  Memory Usage: 2490kB
                    ->  Seq Scan on title t  (cost=0.00..73925.90 rows=1238906 width=4) (actual time=0.019..1256.708 rows=1324576 loops=1)
                          Filter: ((production_year > 1973) AND (kind_id = 7))
                          Rows Removed by Filter: 1203736
Planning time: 1.200 ms
Execution time: 29134.675 ms
