Hash Join  (cost=196859.52..237515.14 rows=235056 width=0) (actual time=3776.706..4887.306 rows=483008 loops=1)
  Hash Cond: (mi_idx.movie_id = t.id)
  ->  Seq Scan on movie_info_idx mi_idx  (cost=0.00..25185.44 rows=915101 width=4) (actual time=0.017..569.518 rows=919850 loops=1)
        Filter: (info_type_id < 101)
        Rows Removed by Filter: 460185
  ->  Hash  (cost=186202.94..186202.94 rows=649486 width=8) (actual time=3749.779..3749.779 rows=414785 loops=1)
        Buckets: 131072  Batches: 16  Memory Usage: 2040kB
        ->  Hash Join  (cost=102767.86..186202.94 rows=649486 width=8) (actual time=2257.040..3626.944 rows=414785 loops=1)
              Hash Cond: (mc.movie_id = t.id)
              ->  Seq Scan on movie_companies mc  (cost=0.00..57926.93 rows=649486 width=4) (actual time=406.821..1010.359 rows=414785 loops=1)
                    Filter: ((company_id > 11203) AND (company_type_id = 1))
                    Rows Removed by Filter: 2194344
              ->  Hash  (cost=61283.27..61283.27 rows=2528527 width=4) (actual time=1848.335..1848.335 rows=2528312 loops=1)
                    Buckets: 131072  Batches: 64  Memory Usage: 2415kB
                    ->  Seq Scan on title t  (cost=0.00..61283.27 rows=2528527 width=4) (actual time=0.015..1035.984 rows=2528312 loops=1)
Planning time: 0.913 ms
Execution time: 4941.373 ms
