Hash Join  (cost=71408.55..135591.66 rows=39297 width=0) (actual time=1238.956..2678.311 rows=69330 loops=1)
  Hash Cond: (mc.movie_id = t.id)
  ->  Seq Scan on movie_companies mc  (cost=0.00..57926.93 rows=428589 width=4) (actual time=0.022..1071.027 rows=755310 loops=1)
        Filter: ((company_id > 25166) AND (company_type_id > 1))
        Rows Removed by Filter: 1853819
  ->  Hash  (cost=67604.59..67604.59 rows=231837 width=4) (actual time=1238.130..1238.130 rows=231649 loops=1)
        Buckets: 131072  Batches: 4  Memory Usage: 3076kB
        ->  Seq Scan on title t  (cost=0.00..67604.59 rows=231837 width=4) (actual time=0.016..1159.272 rows=231649 loops=1)
              Filter: (production_year > 2011)
              Rows Removed by Filter: 2296663
Planning time: 1.952 ms
Execution time: 2687.545 ms
