Seq Scan on movie_keyword mk  (cost=0.00..81003.12 rows=941177 width=0) (actual time=0.031..1475.183 rows=944519 loops=1)
  Filter: (keyword_id < 884)
  Rows Removed by Filter: 3579411
Planning time: 0.531 ms
Execution time: 1595.425 ms
