Hash Join  (cost=128600.88..493272.72 rows=1591 width=0) (actual time=2193.130..9413.337 rows=12244 loops=1)
  Hash Cond: (mi.movie_id = t.id)
  ->  Seq Scan on movie_info mi  (cost=0.00..309384.22 rows=14739122 width=4) (actual time=0.008..4438.520 rows=14835720 loops=1)
  ->  Hash  (cost=128597.47..128597.47 rows=273 width=8) (actual time=2190.656..2190.656 rows=999 loops=1)
        Buckets: 1024  Batches: 1  Memory Usage: 48kB
        ->  Hash Join  (cost=73929.22..128597.47 rows=273 width=8) (actual time=1065.930..2190.006 rows=999 loops=1)
              Hash Cond: (mc.movie_id = t.id)
              ->  Seq Scan on movie_companies mc  (cost=0.00..44881.29 rows=2609129 width=4) (actual time=0.011..643.421 rows=2609129 loops=1)
              ->  Hash  (cost=73925.90..73925.90 rows=265 width=4) (actual time=1065.051..1065.051 rows=429 loops=1)
                    Buckets: 1024  Batches: 1  Memory Usage: 24kB
                    ->  Seq Scan on title t  (cost=0.00..73925.90 rows=265 width=4) (actual time=0.091..1064.747 rows=429 loops=1)
                          Filter: ((kind_id = 6) AND (production_year = 2000))
                          Rows Removed by Filter: 2527883
Planning time: 1.180 ms
Execution time: 9415.599 ms
