Seq Scan on cast_info ci  (cost=0.00..796071.18 rows=176 width=0) (actual time=21929.252..33301.618 rows=69 loops=1)
  Filter: ((person_id = 777776) AND (role_id = 1))
  Rows Removed by Filter: 36244275
Planning time: 0.401 ms
Execution time: 33301.724 ms
