Hash Join  (cost=77184.65..1140219.64 rows=2845582 width=0) (actual time=1235.099..29522.488 rows=2858327 loops=1)
  Hash Cond: (ci.movie_id = t.id)
  ->  Seq Scan on cast_info ci  (cost=0.00..614943.12 rows=36225612 width=4) (actual time=0.016..12926.635 rows=36244344 loops=1)
  ->  Hash  (cost=73925.90..73925.90 rows=198620 width=4) (actual time=1234.263..1234.263 rows=182023 loops=1)
        Buckets: 131072  Batches: 4  Memory Usage: 2629kB
        ->  Seq Scan on title t  (cost=0.00..73925.90 rows=198620 width=4) (actual time=0.019..1170.325 rows=182023 loops=1)
              Filter: ((kind_id < 3) AND (production_year > 2008))
              Rows Removed by Filter: 2346289
Planning time: 0.744 ms
Execution time: 29841.516 ms
