Hash Join  (cost=92883.59..1274818.44 rows=12242775 width=0) (actual time=4975.605..32571.965 rows=11081544 loops=1)
  Hash Cond: (ci.movie_id = t.id)
  ->  Seq Scan on cast_info ci  (cost=0.00..796071.18 rows=20090984 width=4) (actual time=3094.597..17853.247 rows=18249013 loops=1)
        Filter: ((person_id < 3127685) AND (role_id > 1))
        Rows Removed by Filter: 17995331
  ->  Hash  (cost=67604.59..67604.59 rows=1540800 width=4) (actual time=1880.015..1880.015 rows=1543264 loops=1)
        Buckets: 131072  Batches: 32  Memory Usage: 2722kB
        ->  Seq Scan on title t  (cost=0.00..67604.59 rows=1540800 width=4) (actual time=0.036..1380.419 rows=1543264 loops=1)
              Filter: (kind_id = 7)
              Rows Removed by Filter: 985048
Planning time: 0.782 ms
Execution time: 33807.548 ms
