Nested Loop  (cost=0.43..52283.95 rows=40 width=0) (actual time=257.786..632.707 rows=123 loops=1)
  ->  Seq Scan on movie_companies mc  (cost=0.00..51404.11 rows=104 width=4) (actual time=257.726..626.910 rows=123 loops=1)
        Filter: (company_id = 11179)
        Rows Removed by Filter: 2609006
  ->  Index Scan using title_pkey on title t  (cost=0.43..8.45 rows=1 width=4) (actual time=0.046..0.046 rows=1 loops=123)
        Index Cond: (id = mc.movie_id)
        Filter: (production_year < 1999)
Planning time: 0.793 ms
Execution time: 632.854 ms
