Hash Join  (cost=102767.86..205275.85 rows=483130 width=0) (actual time=1935.436..3998.351 rows=478726 loops=1)
  Hash Cond: (mk.movie_id = t.id)
  ->  Seq Scan on movie_keyword mk  (cost=0.00..81003.12 rows=483130 width=4) (actual time=0.028..1275.093 rows=478726 loops=1)
        Filter: (keyword_id > 37349)
        Rows Removed by Filter: 4045204
  ->  Hash  (cost=61283.27..61283.27 rows=2528527 width=4) (actual time=1931.942..1931.942 rows=2528312 loops=1)
        Buckets: 131072  Batches: 64  Memory Usage: 2425kB
        ->  Seq Scan on title t  (cost=0.00..61283.27 rows=2528527 width=4) (actual time=0.034..1079.359 rows=2528312 loops=1)
Planning time: 0.954 ms
Execution time: 4055.317 ms
