Seq Scan on movie_keyword mk  (cost=0.00..81003.12 rows=246 width=0) (actual time=0.708..1208.527 rows=209 loops=1)
  Filter: (keyword_id = 5002)
  Rows Removed by Filter: 4523721
Planning time: 0.649 ms
Execution time: 1208.759 ms
