Nested Loop  (cost=0.43..83072.29 rows=1 width=0) (actual time=1075.195..1344.684 rows=1 loops=1)
  ->  Seq Scan on movie_keyword mk  (cost=0.00..81003.12 rows=246 width=4) (actual time=5.864..1339.564 rows=83 loops=1)
        Filter: (keyword_id = 40318)
        Rows Removed by Filter: 4523847
  ->  Index Scan using title_pkey on title t  (cost=0.43..8.40 rows=1 width=4) (actual time=0.057..0.057 rows=0 loops=83)
        Index Cond: (id = mk.movie_id)
        Filter: (production_year = 1972)
        Rows Removed by Filter: 1
Planning time: 1.147 ms
Execution time: 1344.785 ms
