Hash Join  (cost=102767.86..182183.99 rows=753601 width=0) (actual time=1854.373..3798.949 rows=758687 loops=1)
  Hash Cond: (mc.movie_id = t.id)
  ->  Seq Scan on movie_companies mc  (cost=0.00..51404.11 rows=753601 width=4) (actual time=0.022..929.291 rows=758687 loops=1)
        Filter: (company_id > 35674)
        Rows Removed by Filter: 1850442
  ->  Hash  (cost=61283.27..61283.27 rows=2528527 width=4) (actual time=1851.905..1851.905 rows=2528312 loops=1)
        Buckets: 131072  Batches: 64  Memory Usage: 2415kB
        ->  Seq Scan on title t  (cost=0.00..61283.27 rows=2528527 width=4) (actual time=0.022..1012.004 rows=2528312 loops=1)
Planning time: 1.402 ms
Execution time: 3890.767 ms
