Seq Scan on movie_companies mc  (cost=0.00..51404.11 rows=104 width=0) (actual time=222.128..841.217 rows=10 loops=1)
  Filter: (company_id = 130928)
  Rows Removed by Filter: 2609119
Planning time: 0.377 ms
Execution time: 841.296 ms
