Hash Join  (cost=81711.23..197932.56 rows=465873 width=0) (actual time=1664.811..3833.584 rows=112921 loops=1)
  Hash Cond: (mk.movie_id = t.id)
  ->  Seq Scan on movie_keyword mk  (cost=0.00..81003.12 rows=2482526 width=4) (actual time=0.017..1558.305 rows=2477214 loops=1)
        Filter: (keyword_id > 3654)
        Rows Removed by Filter: 2046716
  ->  Hash  (cost=73925.90..73925.90 rows=474506 width=4) (actual time=1202.035..1202.035 rows=360459 loops=1)
        Buckets: 131072  Batches: 8  Memory Usage: 2600kB
        ->  Seq Scan on title t  (cost=0.00..73925.90 rows=474506 width=4) (actual time=286.241..1091.423 rows=360459 loops=1)
              Filter: ((production_year < 1994) AND (kind_id = 7))
              Rows Removed by Filter: 2167853
Planning time: 0.564 ms
Execution time: 3847.894 ms
