Seq Scan on movie_companies mc  (cost=0.00..57926.93 rows=1125881 width=0) (actual time=40.447..3294.239 rows=1274246 loops=1)
  Filter: ((company_id < 92278) AND (company_type_id = 1))
  Rows Removed by Filter: 1334883
Planning time: 0.438 ms
Execution time: 3487.495 ms
