Hash Join  (cost=513437.85..1332260.21 rows=3409904 width=0) (actual time=9647.145..26309.525 rows=4268662 loops=1)
  Hash Cond: (ci.movie_id = t.id)
  ->  Seq Scan on cast_info ci  (cost=0.00..705507.15 rows=6395513 width=4) (actual time=0.018..12314.915 rows=6302788 loops=1)
        Filter: (person_id < 607856)
        Rows Removed by Filter: 29941556
  ->  Hash  (cost=491319.12..491319.12 rows=1348138 width=8) (actual time=9646.008..9646.008 rows=1298989 loops=1)
        Buckets: 131072  Batches: 32  Memory Usage: 2598kB
        ->  Hash Join  (cost=102767.86..491319.12 rows=1348138 width=8) (actual time=5502.688..9251.108 rows=1298989 loops=1)
              Hash Cond: (mi.movie_id = t.id)
              ->  Seq Scan on movie_info mi  (cost=0.00..346232.03 rows=1348138 width=4) (actual time=3516.696..5669.902 rows=1298989 loops=1)
                    Filter: (info_type_id = 4)
                    Rows Removed by Filter: 13536731
              ->  Hash  (cost=61283.27..61283.27 rows=2528527 width=4) (actual time=1984.709..1984.709 rows=2528312 loops=1)
                    Buckets: 131072  Batches: 64  Memory Usage: 2425kB
                    ->  Seq Scan on title t  (cost=0.00..61283.27 rows=2528527 width=4) (actual time=0.033..1070.892 rows=2528312 loops=1)
Planning time: 0.958 ms
Execution time: 26755.590 ms
