Seq Scan on cast_info ci  (cost=0.00..796071.18 rows=4724587 width=0) (actual time=1870.741..12263.120 rows=5642795 loops=1)
  Filter: ((person_id < 682992) AND (role_id < 4))
  Rows Removed by Filter: 30601549
Planning time: 0.485 ms
Execution time: 12926.277 ms
