Seq Scan on movie_companies mc  (cost=0.00..57926.93 rows=430010 width=0) (actual time=117.146..884.357 rows=756390 loops=1)
  Filter: ((company_id > 24870) AND (company_type_id = 2))
  Rows Removed by Filter: 1852739
Planning time: 6.766 ms
Execution time: 974.150 ms
