Hash Join  (cost=128478.61..1035263.14 rows=1211002 width=0) (actual time=5678.796..25882.578 rows=7421510 loops=1)
  Hash Cond: (ci.movie_id = t.id)
  ->  Seq Scan on cast_info ci  (cost=0.00..796071.18 rows=8404625 width=4) (actual time=2726.820..14988.322 rows=12670688 loops=1)
        Filter: ((person_id < 2445618) AND (role_id = 1))
        Rows Removed by Filter: 23573656
  ->  Hash  (cost=122500.50..122500.50 rows=364329 width=8) (actual time=2950.908..2950.908 rows=629900 loops=1)
        Buckets: 131072 (originally 131072)  Batches: 16 (originally 8)  Memory Usage: 3073kB
        ->  Hash Join  (cost=78556.72..122500.50 rows=364329 width=8) (actual time=1335.871..2751.105 rows=629900 loops=1)
              Hash Cond: (mi_idx.movie_id = t.id)
              ->  Seq Scan on movie_info_idx mi_idx  (cost=0.00..21735.35 rows=1380035 width=4) (actual time=0.017..485.976 rows=1380035 loops=1)
              ->  Hash  (cost=67604.59..67604.59 rows=667531 width=4) (actual time=1334.926..1334.926 rows=662825 loops=1)
                    Buckets: 131072  Batches: 16  Memory Usage: 2476kB
                    ->  Seq Scan on title t  (cost=0.00..67604.59 rows=667531 width=4) (actual time=0.021..1092.424 rows=662825 loops=1)
                          Filter: (kind_id = 1)
                          Rows Removed by Filter: 1865487
Planning time: 1.037 ms
Execution time: 26614.729 ms
