Hash Join  (cost=100972.04..854352.30 rows=15037 width=0) (actual time=3474.221..17032.811 rows=100788 loops=1)
  Hash Cond: (ci.movie_id = t.id)
  ->  Seq Scan on cast_info ci  (cost=0.00..705507.15 rows=12726058 width=4) (actual time=1520.745..12808.635 rows=12670688 loops=1)
        Filter: (role_id = 1)
        Rows Removed by Filter: 23573656
  ->  Hash  (cost=100934.69..100934.69 rows=2988 width=8) (actual time=1953.229..1953.229 rows=10692 loops=1)
        Buckets: 16384 (originally 4096)  Batches: 1 (originally 1)  Memory Usage: 546kB
        ->  Hash Join  (cost=73994.33..100934.69 rows=2988 width=8) (actual time=1302.718..1949.064 rows=10692 loops=1)
              Hash Cond: (mi_idx.movie_id = t.id)
              ->  Seq Scan on movie_info_idx mi_idx  (cost=0.00..21735.35 rows=1380035 width=4) (actual time=0.028..322.831 rows=1380035 loops=1)
              ->  Hash  (cost=73925.90..73925.90 rows=5474 width=4) (actual time=1302.052..1302.052 rows=18793 loops=1)
                    Buckets: 32768 (originally 8192)  Batches: 1 (originally 1)  Memory Usage: 917kB
                    ->  Seq Scan on title t  (cost=0.00..73925.90 rows=5474 width=4) (actual time=0.040..1293.137 rows=18793 loops=1)
                          Filter: ((kind_id > 1) AND (production_year = 1991))
                          Rows Removed by Filter: 2509519
Planning time: 1.182 ms
Execution time: 17048.029 ms
