Hash Join  (cost=178349.53..304540.08 rows=343751 width=0) (actual time=3313.406..6543.212 rows=334597 loops=1)
  Hash Cond: (mk.movie_id = t.id)
  ->  Seq Scan on movie_keyword mk  (cost=0.00..69693.30 rows=4523930 width=4) (actual time=0.022..1462.269 rows=4523930 loops=1)
  ->  Hash  (cost=175196.91..175196.91 rows=192130 width=8) (actual time=3312.618..3312.618 rows=87034 loops=1)
        Buckets: 131072  Batches: 4  Memory Usage: 1885kB
        ->  Hash Join  (cost=102767.86..175196.91 rows=192130 width=8) (actual time=2114.773..3280.930 rows=87034 loops=1)
              Hash Cond: (mc.movie_id = t.id)
              ->  Seq Scan on movie_companies mc  (cost=0.00..57926.93 rows=192130 width=4) (actual time=185.570..864.892 rows=87034 loops=1)
                    Filter: ((company_id < 225) AND (company_type_id > 1))
                    Rows Removed by Filter: 2522095
              ->  Hash  (cost=61283.27..61283.27 rows=2528527 width=4) (actual time=1927.919..1927.919 rows=2528312 loops=1)
                    Buckets: 131072  Batches: 64  Memory Usage: 2415kB
                    ->  Seq Scan on title t  (cost=0.00..61283.27 rows=2528527 width=4) (actual time=0.026..1082.099 rows=2528312 loops=1)
Planning time: 1.077 ms
Execution time: 6586.861 ms
