Hash Join  (cost=102767.86..965781.67 rows=2371485 width=0) (actual time=11732.785..18662.368 rows=2889629 loops=1)
  Hash Cond: (ci.movie_id = t.id)
  ->  Seq Scan on cast_info ci  (cost=0.00..796071.18 rows=2371485 width=4) (actual time=9512.019..13862.037 rows=2889629 loops=1)
        Filter: ((person_id > 1443448) AND (role_id = 3))
        Rows Removed by Filter: 33354715
  ->  Hash  (cost=61283.27..61283.27 rows=2528527 width=4) (actual time=2219.795..2219.795 rows=2528312 loops=1)
        Buckets: 131072  Batches: 64  Memory Usage: 2415kB
        ->  Seq Scan on title t  (cost=0.00..61283.27 rows=2528527 width=4) (actual time=0.010..1090.060 rows=2528312 loops=1)
Planning time: 0.841 ms
Execution time: 18976.221 ms
