Hash Join  (cost=1307874.40..2566970.39 rows=57494594 width=0) (actual time=69983.205..159537.158 rows=160233289 loops=1)
  Hash Cond: (mi.movie_id = t.id)
  ->  Seq Scan on movie_info mi  (cost=0.00..309384.22 rows=14739122 width=4) (actual time=0.010..23089.956 rows=14835720 loops=1)
  ->  Hash  (cost=1146053.94..1146053.94 rows=9863317 width=8) (actual time=69978.435..69978.435 rows=12670688 loops=1)
        Buckets: 131072  Batches: 256  Memory Usage: 3036kB
        ->  Hash Join  (cost=102767.86..1146053.94 rows=9863317 width=8) (actual time=5954.627..65110.258 rows=12670688 loops=1)
              Hash Cond: (ci.movie_id = t.id)
              ->  Seq Scan on cast_info ci  (cost=0.00..796071.18 rows=9863317 width=4) (actual time=184.316..44105.416 rows=12670688 loops=1)
                    Filter: ((person_id < 2870548) AND (role_id = 1))
                    Rows Removed by Filter: 23573656
              ->  Hash  (cost=61283.27..61283.27 rows=2528527 width=4) (actual time=5769.127..5769.127 rows=2528312 loops=1)
                    Buckets: 131072  Batches: 64  Memory Usage: 2415kB
                    ->  Seq Scan on title t  (cost=0.00..61283.27 rows=2528527 width=4) (actual time=0.020..4619.297 rows=2528312 loops=1)
Planning time: 10.930 ms
Execution time: 182842.860 ms
