Hash Join  (cost=73950.44..871114.56 rows=226 width=0) (actual time=4141.486..15754.287 rows=513 loops=1)
  Hash Cond: (ci.movie_id = t.id)
  ->  Seq Scan on cast_info ci  (cost=0.00..796071.18 rows=290848 width=4) (actual time=2997.020..14560.856 rows=291691 loops=1)
        Filter: ((person_id > 583866) AND (role_id > 10))
        Rows Removed by Filter: 35952653
  ->  Hash  (cost=73925.90..73925.90 rows=1963 width=4) (actual time=1144.234..1144.234 rows=2465 loops=1)
        Buckets: 4096 (originally 2048)  Batches: 1 (originally 1)  Memory Usage: 119kB
        ->  Seq Scan on title t  (cost=0.00..73925.90 rows=1963 width=4) (actual time=88.041..1142.758 rows=2465 loops=1)
              Filter: ((kind_id = 1) AND (production_year = 1951))
              Rows Removed by Filter: 2525847
Planning time: 0.620 ms
Execution time: 15754.489 ms
