Hash Join  (cost=98137.04..1038049.48 rows=4982843 width=0) (actual time=4549.893..23966.386 rows=5611017 loops=1)
  Hash Cond: (ci.movie_id = t.id)
  ->  Seq Scan on cast_info ci  (cost=0.00..796071.18 rows=6770166 width=4) (actual time=2755.869..16463.944 rows=7451973 loops=1)
        Filter: ((person_id < 3549059) AND (role_id = 2))
        Rows Removed by Filter: 28792371
  ->  Hash  (cost=67604.59..67604.59 rows=1860996 width=4) (actual time=1793.003..1793.003 rows=1865487 loops=1)
        Buckets: 131072  Batches: 32  Memory Usage: 3079kB
        ->  Seq Scan on title t  (cost=0.00..67604.59 rows=1860996 width=4) (actual time=0.035..1165.124 rows=1865487 loops=1)
              Filter: (kind_id > 1)
              Rows Removed by Filter: 662825
Planning time: 0.746 ms
Execution time: 24619.573 ms
