Hash Join  (cost=73990.99..825526.15 rows=74599 width=0) (actual time=1189.022..18447.420 rows=132473 loops=1)
  Hash Cond: (ci.movie_id = t.id)
  ->  Seq Scan on cast_info ci  (cost=0.00..614943.12 rows=36225612 width=4) (actual time=0.019..9026.675 rows=36244344 loops=1)
  ->  Hash  (cost=73925.90..73925.90 rows=5207 width=4) (actual time=1188.540..1188.540 rows=9426 loops=1)
        Buckets: 16384 (originally 8192)  Batches: 1 (originally 1)  Memory Usage: 460kB
        ->  Seq Scan on title t  (cost=0.00..73925.90 rows=5207 width=4) (actual time=0.034..1183.461 rows=9426 loops=1)
              Filter: ((kind_id > 2) AND (production_year = 1978))
              Rows Removed by Filter: 2518886
Planning time: 0.793 ms
Execution time: 18470.314 ms
