Seq Scan on movie_keyword mk  (cost=0.00..81003.12 rows=419890 width=0) (actual time=0.029..1342.730 rows=411603 loops=1)
  Filter: (keyword_id > 42033)
  Rows Removed by Filter: 4112327
Planning time: 0.313 ms
Execution time: 1398.238 ms
