Hash Join  (cost=52284.99..138944.89 rows=186 width=0) (actual time=2146.369..2506.632 rows=2 loops=1)
  Hash Cond: (mk.movie_id = t.id)
  ->  Seq Scan on movie_keyword mk  (cost=0.00..69693.30 rows=4523930 width=4) (actual time=0.024..991.198 rows=4523930 loops=1)
  ->  Hash  (cost=52283.69..52283.69 rows=104 width=8) (actual time=753.831..753.831 rows=132 loops=1)
        Buckets: 1024  Batches: 1  Memory Usage: 14kB
        ->  Nested Loop  (cost=0.43..52283.69 rows=104 width=8) (actual time=0.309..753.731 rows=132 loops=1)
              ->  Seq Scan on movie_companies mc  (cost=0.00..51404.11 rows=104 width=4) (actual time=0.239..748.218 rows=132 loops=1)
                    Filter: (company_id = 42221)
                    Rows Removed by Filter: 2608997
              ->  Index Only Scan using title_pkey on title t  (cost=0.43..8.45 rows=1 width=4) (actual time=0.040..0.040 rows=1 loops=132)
                    Index Cond: (id = mc.movie_id)
                    Heap Fetches: 132
Planning time: 1.036 ms
Execution time: 2506.740 ms
