Seq Scan on cast_info ci  (cost=0.00..796071.18 rows=395758 width=0) (actual time=9023.657..13647.398 rows=216014 loops=1)
  Filter: ((person_id < 1572160) AND (role_id = 5))
  Rows Removed by Filter: 36028330
Planning time: 0.403 ms
Execution time: 13675.520 ms
