Hash Join  (cost=263115.61..1460964.44 rows=20405758 width=0) (actual time=12964.842..81817.633 rows=43187133 loops=1)
  Hash Cond: (ci.movie_id = t.id)
  ->  Seq Scan on cast_info ci  (cost=0.00..705507.15 rows=19775377 width=4) (actual time=0.043..39419.299 rows=19658454 loops=1)
        Filter: (person_id < 1970367)
        Rows Removed by Filter: 16585890
  ->  Hash  (cost=220309.49..220309.49 rows=2609129 width=8) (actual time=12963.288..12963.288 rows=2609129 loops=1)
        Buckets: 131072  Batches: 64  Memory Usage: 2610kB
        ->  Hash Join  (cost=102767.86..220309.49 rows=2609129 width=8) (actual time=5528.551..12115.400 rows=2609129 loops=1)
              Hash Cond: (mc.movie_id = t.id)
              ->  Seq Scan on movie_companies mc  (cost=0.00..44881.29 rows=2609129 width=4) (actual time=0.014..3008.859 rows=2609129 loops=1)
              ->  Hash  (cost=61283.27..61283.27 rows=2528527 width=4) (actual time=5527.207..5527.207 rows=2528312 loops=1)
                    Buckets: 131072  Batches: 64  Memory Usage: 2415kB
                    ->  Seq Scan on title t  (cost=0.00..61283.27 rows=2528527 width=4) (actual time=0.013..4109.476 rows=2528312 loops=1)
Planning time: 1.122 ms
Execution time: 87844.363 ms
