Hash Join  (cost=92917.42..137460.77 rows=420745 width=0) (actual time=1769.376..3141.061 rows=321988 loops=1)
  Hash Cond: (mi_idx.movie_id = t.id)
  ->  Seq Scan on movie_info_idx mi_idx  (cost=0.00..25185.44 rows=919057 width=4) (actual time=0.011..529.352 rows=920110 loops=1)
        Filter: (info_type_id > 99)
        Rows Removed by Filter: 459925
  ->  Hash  (cost=73925.90..73925.90 rows=1157561 width=4) (actual time=1768.229..1768.229 rows=1267332 loops=1)
        Buckets: 131072  Batches: 16  Memory Usage: 3815kB
        ->  Seq Scan on title t  (cost=0.00..73925.90 rows=1157561 width=4) (actual time=0.014..1376.771 rows=1267332 loops=1)
              Filter: ((kind_id > 1) AND (production_year > 1996))
              Rows Removed by Filter: 1260980
Planning time: 0.740 ms
Execution time: 3176.676 ms
