Seq Scan on title t  (cost=0.00..67604.59 rows=2226390 width=94) (actual time=0.026..1650.461 rows=2224569 loops=1)
  Filter: (production_year < 2012)
  Rows Removed by Filter: 303743
Planning time: 0.543 ms
Execution time: 1783.562 ms
