Hash Join  (cost=90657.34..156913.36 rows=336354 width=144) (actual time=1708.695..3051.966 rows=155637 loops=1)
  Hash Cond: (mi_idx.movie_id = t.id)
  ->  Seq Scan on movie_info_idx mi_idx  (cost=0.00..21735.35 rows=1380035 width=50) (actual time=0.022..386.408 rows=1380035 loops=1)
  ->  Hash  (cost=73925.90..73925.90 rows=616275 width=94) (actual time=1707.230..1707.230 rows=676927 loops=1)
        Buckets: 32768  Batches: 32  Memory Usage: 2680kB
        ->  Seq Scan on title t  (cost=0.00..73925.90 rows=616275 width=94) (actual time=0.022..1428.794 rows=676927 loops=1)
              Filter: ((production_year > 2005) AND (kind_id = 7))
              Rows Removed by Filter: 1851385
Planning time: 0.879 ms
Execution time: 3060.867 ms
