Hash Join  (cost=148034.06..261724.12 rows=123727 width=0) (actual time=3057.158..5829.044 rows=931094 loops=1)
  Hash Cond: (mk.movie_id = t.id)
  ->  Seq Scan on movie_keyword mk  (cost=0.00..81003.12 rows=2680445 width=4) (actual time=0.025..1710.896 rows=2666711 loops=1)
        Filter: (keyword_id > 3089)
        Rows Removed by Filter: 1857219
  ->  Hash  (cost=146119.12..146119.12 rows=116715 width=8) (actual time=3055.983..3055.983 rows=100506 loops=1)
        Buckets: 131072  Batches: 2  Memory Usage: 3006kB
        ->  Hash Join  (cost=69460.45..146119.12 rows=116715 width=8) (actual time=1198.953..3016.667 rows=100506 loops=1)
              Hash Cond: (mc.movie_id = t.id)
              ->  Seq Scan on movie_companies mc  (cost=0.00..44881.29 rows=2609129 width=4) (actual time=0.017..846.416 rows=2609129 loops=1)
              ->  Hash  (cost=67604.59..67604.59 rows=113109 width=4) (actual time=1198.114..1198.114 rows=119565 loops=1)
                    Buckets: 131072  Batches: 2  Memory Usage: 3115kB
                    ->  Seq Scan on title t  (cost=0.00..67604.59 rows=113109 width=4) (actual time=0.019..1151.749 rows=119565 loops=1)
                          Filter: (production_year = 2007)
                          Rows Removed by Filter: 2408747
Planning time: 1.333 ms
Execution time: 5944.090 ms
