Hash Join  (cost=1082989.58..1852174.97 rows=22883998 width=0) (actual time=22475.747..53384.955 rows=61365728 loops=1)
  Hash Cond: (mi.movie_id = t.id)
  ->  Seq Scan on movie_info mi  (cost=0.00..346232.03 rows=8841901 width=4) (actual time=0.021..6787.525 rows=8950757 loops=1)
        Filter: (info_type_id > 6)
        Rows Removed by Filter: 5884963
  ->  Hash  (cost=975623.59..975623.59 rows=6544159 width=8) (actual time=22474.747..22474.747 rows=6459548 loops=1)
        Buckets: 131072  Batches: 128  Memory Usage: 3050kB
        ->  Hash Join  (cost=102767.86..975623.59 rows=6544159 width=8) (actual time=1988.145..20669.303 rows=6459548 loops=1)
              Hash Cond: (ci.movie_id = t.id)
              ->  Seq Scan on cast_info ci  (cost=0.00..705507.15 rows=6544159 width=4) (actual time=0.041..12811.010 rows=6459548 loops=1)
                    Filter: (person_id < 623859)
                    Rows Removed by Filter: 29784796
              ->  Hash  (cost=61283.27..61283.27 rows=2528527 width=4) (actual time=1986.437..1986.437 rows=2528312 loops=1)
                    Buckets: 131072  Batches: 64  Memory Usage: 2415kB
                    ->  Seq Scan on title t  (cost=0.00..61283.27 rows=2528527 width=4) (actual time=0.010..1155.655 rows=2528312 loops=1)
Planning time: 1.190 ms
Execution time: 60623.869 ms
