Seq Scan on title t  (cost=0.00..73925.90 rows=1444603 width=0) (actual time=234.864..1337.955 rows=1478438 loops=1)
  Filter: ((production_year > 1920) AND (kind_id = 7))
  Rows Removed by Filter: 1049874
Planning time: 0.350 ms
Execution time: 1530.884 ms
