Seq Scan on cast_info ci  (cost=0.00..796071.18 rows=5663737 width=0) (actual time=12639.323..16487.448 rows=5687081 loops=1)
  Filter: ((person_id > 89040) AND (role_id > 8))
  Rows Removed by Filter: 30557263
Planning time: 1.678 ms
Execution time: 17175.002 ms
