Hash Join  (cost=272310.61..1625674.97 rows=26699922 width=0) (actual time=6177.971..59232.079 rows=90061649 loops=1)
  Hash Cond: (ci.movie_id = t.id)
  ->  Seq Scan on cast_info ci  (cost=0.00..614943.12 rows=36225612 width=4) (actual time=0.019..13920.324 rows=36244344 loops=1)
  ->  Hash  (cost=241735.12..241735.12 rows=1863639 width=8) (actual time=6176.585..6176.585 rows=1923217 loops=1)
        Buckets: 131072  Batches: 32  Memory Usage: 3355kB
        ->  Hash Join  (cost=107928.35..241735.12 rows=1863639 width=8) (actual time=2164.502..5658.069 rows=1923217 loops=1)
              Hash Cond: (mk.movie_id = t.id)
              ->  Seq Scan on movie_keyword mk  (cost=0.00..81003.12 rows=1917252 width=4) (actual time=0.022..1646.170 rows=1933447 loops=1)
                    Filter: (keyword_id < 3323)
                    Rows Removed by Filter: 2590483
              ->  Hash  (cost=67604.59..67604.59 rows=2457821 width=4) (actual time=2163.202..2163.202 rows=2456218 loops=1)
                    Buckets: 131072  Batches: 64  Memory Usage: 2385kB
                    ->  Seq Scan on title t  (cost=0.00..67604.59 rows=2457821 width=4) (actual time=0.020..1328.673 rows=2456218 loops=1)
                          Filter: (production_year > 0)
                          Rows Removed by Filter: 72094
Planning time: 1.109 ms
Execution time: 68903.723 ms
