Seq Scan on cast_info ci  (cost=0.00..796071.18 rows=324 width=0) (actual time=6505.630..12440.554 rows=2 loops=1)
  Filter: ((role_id > 1) AND (person_id = 3467425))
  Rows Removed by Filter: 36244342
Planning time: 0.386 ms
Execution time: 12440.704 ms
