Hash Join  (cost=83810.17..1069649.76 rows=4694713 width=0) (actual time=1795.534..30832.190 rows=7317858 loops=1)
  Hash Cond: (ci.movie_id = t.id)
  ->  Seq Scan on cast_info ci  (cost=0.00..796071.18 rows=12018207 width=4) (actual time=291.806..16990.235 rows=18669872 loops=1)
        Filter: ((person_id > 1737040) AND (role_id > 1))
        Rows Removed by Filter: 17574472
  ->  Hash  (cost=67604.59..67604.59 rows=987727 width=4) (actual time=1502.468..1502.468 rows=985048 loops=1)
        Buckets: 131072  Batches: 16  Memory Usage: 3188kB
        ->  Seq Scan on title t  (cost=0.00..67604.59 rows=987727 width=4) (actual time=0.036..1201.008 rows=985048 loops=1)
              Filter: (kind_id < 7)
              Rows Removed by Filter: 1543264
Planning time: 0.813 ms
Execution time: 31665.254 ms
