Hash Join  (cost=102767.86..286464.43 rows=3857197 width=0) (actual time=1918.853..6518.606 rows=3854983 loops=1)
  Hash Cond: (mk.movie_id = t.id)
  ->  Seq Scan on movie_keyword mk  (cost=0.00..81003.12 rows=3857197 width=4) (actual time=0.024..1757.688 rows=3854983 loops=1)
        Filter: (keyword_id > 521)
        Rows Removed by Filter: 668947
  ->  Hash  (cost=61283.27..61283.27 rows=2528527 width=4) (actual time=1918.151..1918.151 rows=2528312 loops=1)
        Buckets: 131072  Batches: 64  Memory Usage: 2425kB
        ->  Seq Scan on title t  (cost=0.00..61283.27 rows=2528527 width=4) (actual time=0.011..1043.191 rows=2528312 loops=1)
Planning time: 1.191 ms
Execution time: 6911.513 ms
