Hash Join  (cost=72956.84..156248.31 rows=10170 width=0) (actual time=1123.640..2434.662 rows=15294 loops=1)
  Hash Cond: (mk.movie_id = t.id)
  ->  Seq Scan on movie_keyword mk  (cost=0.00..81003.12 rows=78839 width=4) (actual time=0.017..1212.672 rows=81533 loops=1)
        Filter: (keyword_id < 71)
        Rows Removed by Filter: 4442397
  ->  Hash  (cost=67604.59..67604.59 rows=326180 width=4) (actual time=1122.785..1122.785 rows=323245 loops=1)
        Buckets: 131072  Batches: 8  Memory Usage: 2443kB
        ->  Seq Scan on title t  (cost=0.00..67604.59 rows=326180 width=4) (actual time=0.013..1011.151 rows=323245 loops=1)
              Filter: (production_year < 1967)
              Rows Removed by Filter: 2205067
Planning time: 0.710 ms
Execution time: 2436.961 ms
