Seq Scan on movie_companies mc  (cost=0.00..57926.93 rows=606438 width=0) (actual time=92.283..1010.782 rows=356592 loops=1)
  Filter: ((company_id > 11675) AND (company_type_id < 2))
  Rows Removed by Filter: 2252537
Planning time: 0.331 ms
Execution time: 1054.370 ms
