Hash Join  (cost=513186.92..1755335.35 rows=20281521 width=0) (actual time=10270.459..57625.503 rows=52952737 loops=1)
  Hash Cond: (ci.movie_id = t.id)
  ->  Seq Scan on cast_info ci  (cost=0.00..614943.12 rows=36225612 width=4) (actual time=0.018..13253.952 rows=36244344 loops=1)
  ->  Hash  (cost=489961.43..489961.43 rows=1415639 width=8) (actual time=10268.165..10268.165 rows=3089596 loops=1)
        Buckets: 131072 (originally 131072)  Batches: 64 (originally 32)  Memory Usage: 3073kB
        ->  Hash Join  (cost=83810.17..489961.43 rows=1415639 width=8) (actual time=3485.368..9349.101 rows=3089596 loops=1)
              Hash Cond: (mi.movie_id = t.id)
              ->  Seq Scan on movie_info mi  (cost=0.00..346232.03 rows=3623957 width=4) (actual time=2117.012..5021.296 rows=3624977 loops=1)
                    Filter: (info_type_id < 4)
                    Rows Removed by Filter: 11210743
              ->  Hash  (cost=67604.59..67604.59 rows=987727 width=4) (actual time=1367.474..1367.474 rows=985048 loops=1)
                    Buckets: 131072  Batches: 16  Memory Usage: 3197kB
                    ->  Seq Scan on title t  (cost=0.00..67604.59 rows=987727 width=4) (actual time=0.033..1065.719 rows=985048 loops=1)
                          Filter: (kind_id < 7)
                          Rows Removed by Filter: 1543264
Planning time: 3.469 ms
Execution time: 63554.471 ms
