Seq Scan on movie_companies mc  (cost=0.00..51404.11 rows=104 width=0) (actual time=53.698..852.966 rows=204 loops=1)
  Filter: (company_id = 2383)
  Rows Removed by Filter: 2608925
Planning time: 0.347 ms
Execution time: 853.079 ms
