Seq Scan on cast_info ci  (cost=0.00..705507.15 rows=500 width=0) (actual time=512.632..10855.982 rows=65 loops=1)
  Filter: (person_id = 76211)
  Rows Removed by Filter: 36244279
Planning time: 0.358 ms
Execution time: 10856.093 ms
