Seq Scan on cast_info ci  (cost=0.00..705507.15 rows=500 width=0) (actual time=866.261..9789.331 rows=63 loops=1)
  Filter: (person_id = 2954913)
  Rows Removed by Filter: 36244281
Planning time: 0.345 ms
Execution time: 9789.438 ms
