Hash Join  (cost=90260.67..170886.46 rows=555053 width=0) (actual time=1761.570..3808.361 rows=550185 loops=1)
  Hash Cond: (mc.movie_id = t.id)
  ->  Seq Scan on movie_companies mc  (cost=0.00..57926.93 rows=1016351 width=4) (actual time=119.983..1161.464 rows=1274246 loops=1)
        Filter: ((company_id < 72205) AND (company_type_id = 1))
        Rows Removed by Filter: 1334883
  ->  Hash  (cost=67604.59..67604.59 rows=1380887 width=4) (actual time=1640.707..1640.707 rows=1381453 loops=1)
        Buckets: 131072  Batches: 32  Memory Usage: 2543kB
        ->  Seq Scan on title t  (cost=0.00..67604.59 rows=1380887 width=4) (actual time=0.017..1192.541 rows=1381453 loops=1)
              Filter: (production_year > 2000)
              Rows Removed by Filter: 1146859
Planning time: 0.839 ms
Execution time: 3873.212 ms
