Nested Loop  (cost=0.43..83072.29 rows=5 width=0) (actual time=934.202..1118.253 rows=2 loops=1)
  ->  Seq Scan on movie_keyword mk  (cost=0.00..81003.12 rows=246 width=4) (actual time=15.689..1112.078 rows=174 loops=1)
        Filter: (keyword_id = 32232)
        Rows Removed by Filter: 4523756
  ->  Index Scan using title_pkey on title t  (cost=0.43..8.40 rows=1 width=4) (actual time=0.033..0.033 rows=0 loops=174)
        Index Cond: (id = mk.movie_id)
        Filter: (production_year = 1998)
        Rows Removed by Filter: 1
Planning time: 0.792 ms
Execution time: 1118.347 ms
