Hash Join  (cost=84873.07..606178.73 rows=3889274 width=0) (actual time=1594.763..16250.332 rows=1865649 loops=1)
  Hash Cond: (mi.movie_id = t.id)
  ->  Seq Scan on movie_info mi  (cost=0.00..309384.22 rows=14739122 width=4) (actual time=0.014..5874.067 rows=14835720 loops=1)
  ->  Hash  (cost=73925.90..73925.90 rows=667213 width=4) (actual time=1593.315..1593.315 rows=735772 loops=1)
        Buckets: 131072  Batches: 16  Memory Usage: 2653kB
        ->  Seq Scan on title t  (cost=0.00..73925.90 rows=667213 width=4) (actual time=0.027..1343.905 rows=735772 loops=1)
              Filter: ((kind_id > 3) AND (production_year > 2005))
              Rows Removed by Filter: 1792540
Planning time: 2.301 ms
Execution time: 16481.658 ms
