Hash Join  (cost=101547.40..188344.42 rows=13898 width=0) (actual time=5492.126..10227.156 rows=32782 loops=1)
  Hash Cond: (mk.movie_id = t.id)
  ->  Seq Scan on movie_keyword mk  (cost=0.00..69693.30 rows=4523930 width=4) (actual time=0.018..3506.340 rows=4523930 loops=1)
  ->  Hash  (cost=101450.30..101450.30 rows=7768 width=8) (actual time=5485.442..5485.442 rows=7587 loops=1)
        Buckets: 8192  Batches: 1  Memory Usage: 361kB
        ->  Hash Join  (cost=74458.52..101450.30 rows=7768 width=8) (actual time=3745.399..5481.795 rows=7587 loops=1)
              Hash Cond: (mi_idx.movie_id = t.id)
              ->  Seq Scan on movie_info_idx mi_idx  (cost=0.00..25185.44 rows=460978 width=4) (actual time=0.021..1503.324 rows=459925 loops=1)
                    Filter: (info_type_id < 100)
                    Rows Removed by Filter: 920110
              ->  Hash  (cost=73925.90..73925.90 rows=42609 width=4) (actual time=3744.816..3744.816 rows=50164 loops=1)
                    Buckets: 65536  Batches: 1  Memory Usage: 2276kB
                    ->  Seq Scan on title t  (cost=0.00..73925.90 rows=42609 width=4) (actual time=0.018..3723.012 rows=50164 loops=1)
                          Filter: ((kind_id > 2) AND (production_year = 2002))
                          Rows Removed by Filter: 2478148
Planning time: 13.494 ms
Execution time: 10232.785 ms
