Hash Join  (cost=84171.54..127712.19 rows=340817 width=0) (actual time=1773.905..2558.055 rows=187647 loops=1)
  Hash Cond: (mi_idx.movie_id = t.id)
  ->  Seq Scan on movie_info_idx mi_idx  (cost=0.00..21735.35 rows=1380035 width=4) (actual time=0.019..447.739 rows=1380035 loops=1)
  ->  Hash  (cost=73925.90..73925.90 rows=624451 width=4) (actual time=1344.218..1344.218 rows=521141 loops=1)
        Buckets: 131072  Batches: 16  Memory Usage: 2168kB
        ->  Seq Scan on title t  (cost=0.00..73925.90 rows=624451 width=4) (actual time=83.338..1172.341 rows=521141 loops=1)
              Filter: ((production_year < 2000) AND (kind_id = 7))
              Rows Removed by Filter: 2007171
Planning time: 0.731 ms
Execution time: 2582.196 ms
