Hash Join  (cost=102767.86..218675.03 rows=2270096 width=0) (actual time=2010.116..5219.742 rows=2275487 loops=1)
  Hash Cond: (mc.movie_id = t.id)
  ->  Seq Scan on movie_companies mc  (cost=0.00..51404.11 rows=2270096 width=4) (actual time=0.015..1084.866 rows=2275487 loops=1)
        Filter: (company_id > 164)
        Rows Removed by Filter: 333642
  ->  Hash  (cost=61283.27..61283.27 rows=2528527 width=4) (actual time=2009.162..2009.162 rows=2528312 loops=1)
        Buckets: 131072  Batches: 64  Memory Usage: 2415kB
        ->  Seq Scan on title t  (cost=0.00..61283.27 rows=2528527 width=4) (actual time=0.011..1138.846 rows=2528312 loops=1)
Planning time: 0.758 ms
Execution time: 5465.839 ms
