Hash Join  (cost=83073.82..137740.62 rows=127 width=0) (actual time=1331.908..2415.699 rows=1021 loops=1)
  Hash Cond: (mc.movie_id = t.id)
  ->  Seq Scan on movie_companies mc  (cost=0.00..44881.29 rows=2609129 width=4) (actual time=0.014..618.930 rows=2609129 loops=1)
  ->  Hash  (cost=83072.29..83072.29 rows=123 width=8) (actual time=1318.317..1318.317 rows=116 loops=1)
        Buckets: 1024  Batches: 1  Memory Usage: 13kB
        ->  Nested Loop  (cost=0.43..83072.29 rows=123 width=8) (actual time=11.652..1318.162 rows=116 loops=1)
              ->  Seq Scan on movie_keyword mk  (cost=0.00..81003.12 rows=246 width=4) (actual time=7.095..1306.852 rows=213 loops=1)
                    Filter: (keyword_id = 8869)
                    Rows Removed by Filter: 4523717
              ->  Index Scan using title_pkey on title t  (cost=0.43..8.40 rows=1 width=4) (actual time=0.050..0.050 rows=1 loops=213)
                    Index Cond: (id = mk.movie_id)
                    Filter: (production_year < 2004)
                    Rows Removed by Filter: 0
Planning time: 1.134 ms
Execution time: 2416.071 ms
