Seq Scan on movie_companies mc  (cost=0.00..51404.11 rows=1273596 width=0) (actual time=0.018..1000.944 rows=1263574 loops=1)
  Filter: (company_id < 11203)
  Rows Removed by Filter: 1345555
Planning time: 0.290 ms
Execution time: 1164.072 ms
