Seq Scan on cast_info ci  (cost=0.00..796071.18 rows=176 width=0) (actual time=2831.941..13587.093 rows=5 loops=1)
  Filter: ((role_id < 2) AND (person_id = 378856))
  Rows Removed by Filter: 36244339
Planning time: 0.487 ms
Execution time: 13587.213 ms
