Seq Scan on movie_companies mc  (cost=0.00..51404.11 rows=104 width=0) (actual time=232.235..763.758 rows=434 loops=1)
  Filter: (company_id = 73691)
  Rows Removed by Filter: 2608695
Planning time: 0.369 ms
Execution time: 763.894 ms
