Seq Scan on movie_keyword mk  (cost=0.00..81003.12 rows=246 width=0) (actual time=17.214..1190.058 rows=47 loops=1)
  Filter: (keyword_id = 34577)
  Rows Removed by Filter: 4523883
Planning time: 0.383 ms
Execution time: 1190.179 ms
