Seq Scan on movie_keyword mk  (cost=0.00..81003.12 rows=711935 width=0) (actual time=0.020..1297.814 rows=710974 loops=1)
  Filter: (keyword_id < 612)
  Rows Removed by Filter: 3812956
Planning time: 0.298 ms
Execution time: 1389.134 ms
