Hash Join  (cost=89154.34..657974.32 rows=5276444 width=0) (actual time=1820.214..17139.369 rows=3071353 loops=1)
  Hash Cond: (mi.movie_id = t.id)
  ->  Seq Scan on movie_info mi  (cost=0.00..346232.03 rows=14373737 width=4) (actual time=0.014..7368.384 rows=14407069 loops=1)
        Filter: (info_type_id < 105)
        Rows Removed by Filter: 428651
  ->  Hash  (cost=73925.90..73925.90 rows=928195 width=4) (actual time=1819.122..1819.122 rows=1004724 loops=1)
        Buckets: 131072  Batches: 16  Memory Usage: 3245kB
        ->  Seq Scan on title t  (cost=0.00..73925.90 rows=928195 width=4) (actual time=0.012..1487.348 rows=1004724 loops=1)
              Filter: ((kind_id > 1) AND (production_year > 2002))
              Rows Removed by Filter: 1523588
Planning time: 0.825 ms
Execution time: 17499.096 ms
