Hash Join  (cost=188844.26..325558.76 rows=1207546 width=0) (actual time=6210.962..8658.556 rows=587594 loops=1)
  Hash Cond: (mk.movie_id = t.id)
  ->  Seq Scan on movie_keyword mk  (cost=0.00..69693.30 rows=4523930 width=4) (actual time=0.015..1408.938 rows=4523930 loops=1)
  ->  Hash  (cost=177770.70..177770.70 rows=674925 width=8) (actual time=4468.798..4468.798 rows=349522 loops=1)
        Buckets: 131072  Batches: 16  Memory Usage: 1871kB
        ->  Hash Join  (cost=92883.59..177770.70 rows=674925 width=8) (actual time=1896.733..4363.910 rows=349522 loops=1)
              Hash Cond: (mc.movie_id = t.id)
              ->  Seq Scan on movie_companies mc  (cost=0.00..57926.93 rows=1107585 width=4) (actual time=233.378..1153.194 rows=1230795 loops=1)
                    Filter: ((company_id > 317) AND (company_type_id = 2))
                    Rows Removed by Filter: 1378334
              ->  Hash  (cost=67604.59..67604.59 rows=1540800 width=4) (actual time=1662.188..1662.188 rows=1543264 loops=1)
                    Buckets: 131072  Batches: 32  Memory Usage: 2722kB
                    ->  Seq Scan on title t  (cost=0.00..67604.59 rows=1540800 width=4) (actual time=0.022..1158.522 rows=1543264 loops=1)
                          Filter: (kind_id = 7)
                          Rows Removed by Filter: 985048
Planning time: 1.152 ms
Execution time: 8724.128 ms
