Hash Join  (cost=224634.72..1415607.41 rows=10891745 width=0) (actual time=4584.619..35450.570 rows=4385855 loops=1)
  Hash Cond: (ci.movie_id = t.id)
  ->  Seq Scan on cast_info ci  (cost=0.00..614943.12 rows=36225612 width=4) (actual time=0.013..13106.317 rows=36244344 loops=1)
  ->  Hash  (cost=212161.75..212161.75 rows=760238 width=8) (actual time=4583.641..4583.641 rows=211274 loops=1)
        Buckets: 131072  Batches: 16  Memory Usage: 1519kB
        ->  Hash Join  (cost=80897.33..212161.75 rows=760238 width=8) (actual time=1311.623..4524.801 rows=211274 loops=1)
              Hash Cond: (mk.movie_id = t.id)
              ->  Seq Scan on movie_keyword mk  (cost=0.00..69693.30 rows=4523930 width=4) (actual time=0.014..1428.000 rows=4523930 loops=1)
              ->  Hash  (cost=73925.90..73925.90 rows=424914 width=4) (actual time=1309.963..1309.963 rows=287602 loops=1)
                    Buckets: 131072  Batches: 8  Memory Usage: 2284kB
                    ->  Seq Scan on title t  (cost=0.00..73925.90 rows=424914 width=4) (actual time=0.016..1210.536 rows=287602 loops=1)
                          Filter: ((kind_id > 2) AND (production_year < 1986))
                          Rows Removed by Filter: 2240710
Planning time: 0.817 ms
Execution time: 35986.037 ms
