Seq Scan on cast_info ci  (cost=0.00..705507.15 rows=500 width=0) (actual time=1013.996..10487.559 rows=82 loops=1)
  Filter: (person_id = 1261173)
  Rows Removed by Filter: 36244262
Planning time: 0.453 ms
Execution time: 10487.668 ms
