Hash Join  (cost=83072.93..447731.89 rows=303 width=0) (actual time=1280.574..7874.000 rows=118 loops=1)
  Hash Cond: (mi.movie_id = t.id)
  ->  Seq Scan on movie_info mi  (cost=0.00..309384.22 rows=14739122 width=4) (actual time=0.013..4101.831 rows=14835720 loops=1)
  ->  Hash  (cost=83072.29..83072.29 rows=52 width=8) (actual time=1249.375..1249.375 rows=3 loops=1)
        Buckets: 1024  Batches: 1  Memory Usage: 9kB
        ->  Nested Loop  (cost=0.43..83072.29 rows=52 width=8) (actual time=350.809..1249.353 rows=3 loops=1)
              ->  Seq Scan on movie_keyword mk  (cost=0.00..81003.12 rows=246 width=4) (actual time=116.505..1247.837 rows=30 loops=1)
                    Filter: (keyword_id = 14396)
                    Rows Removed by Filter: 4523900
              ->  Index Scan using title_pkey on title t  (cost=0.43..8.40 rows=1 width=4) (actual time=0.044..0.045 rows=0 loops=30)
                    Index Cond: (id = mk.movie_id)
                    Filter: (production_year > 2009)
                    Rows Removed by Filter: 1
Planning time: 1.248 ms
Execution time: 7874.189 ms
