Hash Join  (cost=70241.71..173315.93 rows=111737 width=0) (actual time=1050.525..3203.363 rows=62701 loops=1)
  Hash Cond: (mk.movie_id = t.id)
  ->  Seq Scan on movie_keyword mk  (cost=0.00..81003.12 rows=1757793 width=4) (actual time=0.008..1462.359 rows=1762321 loops=1)
        Filter: (keyword_id > 7869)
        Rows Removed by Filter: 2761609
  ->  Hash  (cost=67604.59..67604.59 rows=160730 width=4) (actual time=1048.534..1048.534 rows=160017 loops=1)
        Buckets: 131072  Batches: 4  Memory Usage: 2442kB
        ->  Seq Scan on title t  (cost=0.00..67604.59 rows=160730 width=4) (actual time=0.013..990.116 rows=160017 loops=1)
              Filter: (production_year = 2011)
              Rows Removed by Filter: 2368295
Planning time: 0.776 ms
Execution time: 3211.450 ms
