Seq Scan on movie_keyword mk  (cost=0.00..81003.12 rows=2096822 width=0) (actual time=0.027..1120.340 rows=2106262 loops=1)
  Filter: (keyword_id < 3800)
  Rows Removed by Filter: 2417668
Planning time: 0.316 ms
Execution time: 1338.293 ms
