Hash Join  (cost=184768.05..326687.24 rows=1634715 width=0) (actual time=4704.511..11601.967 rows=15153863 loops=1)
  Hash Cond: (mk.movie_id = t.id)
  ->  Seq Scan on movie_keyword mk  (cost=0.00..69693.30 rows=4523930 width=4) (actual time=0.022..1407.407 rows=4523930 loops=1)
  ->  Hash  (cost=169777.06..169777.06 rows=913679 width=8) (actual time=4703.623..4703.623 rows=1248606 loops=1)
        Buckets: 131072 (originally 131072)  Batches: 32 (originally 16)  Memory Usage: 4112kB
        ->  Hash Join  (cost=82131.75..169777.06 rows=913679 width=8) (actual time=1477.318..4275.242 rows=1248606 loops=1)
              Hash Cond: (mc.movie_id = t.id)
              ->  Seq Scan on movie_companies mc  (cost=0.00..44881.29 rows=2609129 width=4) (actual time=0.019..860.115 rows=2609129 loops=1)
              ->  Hash  (cost=67604.59..67604.59 rows=885453 width=4) (actual time=1476.155..1476.155 rows=885650 loops=1)
                    Buckets: 131072  Batches: 16  Memory Usage: 2972kB
                    ->  Seq Scan on title t  (cost=0.00..67604.59 rows=885453 width=4) (actual time=0.017..1191.355 rows=885650 loops=1)
                          Filter: (production_year < 1997)
                          Rows Removed by Filter: 1642662
Planning time: 5.851 ms
Execution time: 13212.736 ms
