Hash Join  (cost=97151.21..459486.87 rows=344928 width=0) (actual time=3018.337..7943.847 rows=294073 loops=1)
  Hash Cond: (mi.movie_id = t.id)
  ->  Seq Scan on movie_info mi  (cost=0.00..346232.03 rows=616095 width=4) (actual time=1140.493..5513.196 rows=598457 loops=1)
        Filter: (info_type_id = 15)
        Rows Removed by Filter: 14237263
  ->  Hash  (cost=73925.90..73925.90 rows=1415624 width=4) (actual time=1851.804..1851.804 rows=1398720 loops=1)
        Buckets: 131072  Batches: 32  Memory Usage: 2566kB
        ->  Seq Scan on title t  (cost=0.00..73925.90 rows=1415624 width=4) (actual time=0.020..1391.033 rows=1398720 loops=1)
              Filter: ((kind_id > 1) AND (production_year < 2010))
              Rows Removed by Filter: 1129592
Planning time: 0.829 ms
Execution time: 7979.103 ms
