Hash Join  (cost=83072.76..139275.25 rows=19 width=0) (actual time=1339.001..2336.348 rows=64 loops=1)
  Hash Cond: (mc.movie_id = t.id)
  ->  Seq Scan on movie_companies mc  (cost=0.00..51404.11 rows=1279517 width=4) (actual time=0.024..928.044 rows=1274246 loops=1)
        Filter: (company_type_id < 2)
        Rows Removed by Filter: 1334883
  ->  Hash  (cost=83072.29..83072.29 rows=38 width=8) (actual time=1232.857..1232.857 rows=17 loops=1)
        Buckets: 1024  Batches: 1  Memory Usage: 9kB
        ->  Nested Loop  (cost=0.43..83072.29 rows=38 width=8) (actual time=153.535..1232.816 rows=17 loops=1)
              ->  Seq Scan on movie_keyword mk  (cost=0.00..81003.12 rows=246 width=4) (actual time=8.861..1224.981 rows=168 loops=1)
                    Filter: (keyword_id = 1402)
                    Rows Removed by Filter: 4523762
              ->  Index Scan using title_pkey on title t  (cost=0.43..8.40 rows=1 width=4) (actual time=0.043..0.043 rows=0 loops=168)
                    Index Cond: (id = mk.movie_id)
                    Filter: (production_year > 2010)
                    Rows Removed by Filter: 1
Planning time: 1.116 ms
Execution time: 2336.491 ms
