Hash Join  (cost=141820.76..251322.54 rows=372154 width=0) (actual time=3463.308..7246.847 rows=4012328 loops=1)
  Hash Cond: (mk.movie_id = t.id)
  ->  Seq Scan on movie_keyword mk  (cost=0.00..81003.12 rows=1982431 width=4) (actual time=0.016..1587.718 rows=1982648 loops=1)
        Filter: (keyword_id < 3505)
        Rows Removed by Filter: 2541282
  ->  Hash  (cost=134032.37..134032.37 rows=474671 width=8) (actual time=3462.425..3462.425 rows=915677 loops=1)
        Buckets: 131072 (originally 131072)  Batches: 16 (originally 8)  Memory Usage: 3282kB
        ->  Hash Join  (cost=88195.18..134032.37 rows=474671 width=8) (actual time=1715.328..3205.698 rows=915677 loops=1)
              Hash Cond: (mi_idx.movie_id = t.id)
              ->  Seq Scan on movie_info_idx mi_idx  (cost=0.00..21735.35 rows=1380035 width=4) (actual time=0.020..459.805 rows=1380035 loops=1)
              ->  Hash  (cost=73925.90..73925.90 rows=869702 width=4) (actual time=1714.529..1714.529 rows=896788 loops=1)
                    Buckets: 131072  Batches: 16  Memory Usage: 2998kB
                    ->  Seq Scan on title t  (cost=0.00..73925.90 rows=869702 width=4) (actual time=0.023..1430.174 rows=896788 loops=1)
                          Filter: ((kind_id < 7) AND (production_year < 2012))
                          Rows Removed by Filter: 1631524
Planning time: 1.121 ms
Execution time: 7720.094 ms
