Seq Scan on cast_info ci  (cost=0.00..796071.18 rows=276 width=0) (actual time=3473.003..40056.418 rows=247 loops=1)
  Filter: ((role_id < 3) AND (person_id = 1229690))
  Rows Removed by Filter: 36244097
Planning time: 0.361 ms
Execution time: 40056.552 ms
