Hash Join  (cost=129093.82..862388.35 rows=41893 width=0) (actual time=4294.881..17355.102 rows=27132 loops=1)
  Hash Cond: (ci.movie_id = t.id)
  ->  Seq Scan on cast_info ci  (cost=0.00..705507.15 rows=7298253 width=4) (actual time=2000.157..13404.598 rows=7451973 loops=1)
        Filter: (role_id = 2)
        Rows Removed by Filter: 28792371
  ->  Hash  (cost=128912.39..128912.39 rows=14514 width=8) (actual time=2293.841..2293.841 rows=26441 loops=1)
        Buckets: 32768 (originally 16384)  Batches: 1 (originally 1)  Memory Usage: 1289kB
        ->  Hash Join  (cost=74101.73..128912.39 rows=14514 width=8) (actual time=1295.280..2283.344 rows=26441 loops=1)
              Hash Cond: (mc.movie_id = t.id)
              ->  Seq Scan on movie_companies mc  (cost=0.00..44881.29 rows=2609129 width=4) (actual time=0.020..614.526 rows=2609129 loops=1)
              ->  Hash  (cost=73925.90..73925.90 rows=14066 width=4) (actual time=1090.839..1090.839 rows=13203 loops=1)
                    Buckets: 16384  Batches: 1  Memory Usage: 593kB
                    ->  Seq Scan on title t  (cost=0.00..73925.90 rows=14066 width=4) (actual time=0.125..1084.801 rows=13203 loops=1)
                          Filter: ((production_year > 2010) AND (kind_id = 2))
                          Rows Removed by Filter: 2515109
Planning time: 1.188 ms
Execution time: 17360.183 ms
