Hash Join  (cost=182469.64..222089.02 rows=112290 width=0) (actual time=3703.489..5185.515 rows=1396122 loops=1)
  Hash Cond: (mi_idx.movie_id = t.id)
  ->  Seq Scan on movie_info_idx mi_idx  (cost=0.00..21735.35 rows=1380035 width=4) (actual time=0.025..458.881 rows=1380035 loops=1)
  ->  Hash  (cost=179093.89..179093.89 rows=205740 width=8) (actual time=3702.606..3702.606 rows=546277 loops=1)
        Buckets: 131072 (originally 131072)  Batches: 8 (originally 4)  Memory Usage: 3737kB
        ->  Hash Join  (cost=82871.49..179093.89 rows=205740 width=8) (actual time=1431.287..3536.678 rows=546277 loops=1)
              Hash Cond: (mk.movie_id = t.id)
              ->  Seq Scan on movie_keyword mk  (cost=0.00..81003.12 rows=954099 width=4) (actual time=0.025..1406.766 rows=955113 loops=1)
                    Filter: (keyword_id < 895)
                    Rows Removed by Filter: 3568817
              ->  Hash  (cost=73925.90..73925.90 rows=545247 width=4) (actual time=1430.371..1430.371 rows=557319 loops=1)
                    Buckets: 131072  Batches: 8  Memory Usage: 3494kB
                    ->  Seq Scan on title t  (cost=0.00..73925.90 rows=545247 width=4) (actual time=27.771..1254.454 rows=557319 loops=1)
                          Filter: ((production_year < 2011) AND (kind_id = 1))
                          Rows Removed by Filter: 1970993
Planning time: 1.116 ms
Execution time: 5354.135 ms
