Hash Join  (cost=181691.99..700345.98 rows=3640807 width=0) (actual time=3695.094..16747.964 rows=2470687 loops=1)
  Hash Cond: (mi.movie_id = t.id)
  ->  Seq Scan on movie_info mi  (cost=0.00..309384.22 rows=14739122 width=4) (actual time=0.020..6157.993 rows=14835720 loops=1)
  ->  Hash  (cost=171444.64..171444.64 rows=624588 width=8) (actual time=3693.968..3693.968 rows=237243 loops=1)
        Buckets: 131072  Batches: 16  Memory Usage: 1597kB
        ->  Hash Join  (cost=94176.46..171444.64 rows=624588 width=8) (actual time=2707.273..3617.034 rows=237243 loops=1)
              Hash Cond: (mc.movie_id = t.id)
              ->  Seq Scan on movie_companies mc  (cost=0.00..51404.11 rows=1279517 width=4) (actual time=0.034..971.536 rows=1274246 loops=1)
                    Filter: (company_type_id = 1)
                    Rows Removed by Filter: 1334883
              ->  Hash  (cost=73925.90..73925.90 rows=1234284 width=4) (actual time=1752.763..1752.763 rows=1316754 loops=1)
                    Buckets: 131072  Batches: 32  Memory Usage: 2476kB
                    ->  Seq Scan on title t  (cost=0.00..73925.90 rows=1234284 width=4) (actual time=0.017..1330.615 rows=1316754 loops=1)
                          Filter: ((production_year > 1974) AND (kind_id = 7))
                          Rows Removed by Filter: 1211558
Planning time: 4.291 ms
Execution time: 17002.409 ms
