Hash Join  (cost=216765.79..733355.46 rows=1720587 width=0) (actual time=5075.374..16822.895 rows=545823 loops=1)
  Hash Cond: (mi.movie_id = t.id)
  ->  Seq Scan on movie_info mi  (cost=0.00..309384.22 rows=14739122 width=4) (actual time=0.016..6131.844 rows=14835720 loops=1)
  ->  Hash  (cost=211922.16..211922.16 rows=295170 width=8) (actual time=5073.346..5073.346 rows=64491 loops=1)
        Buckets: 131072  Batches: 4  Memory Usage: 1657kB
        ->  Hash Join  (cost=76725.80..211922.16 rows=295170 width=8) (actual time=1717.683..5052.038 rows=64491 loops=1)
              Hash Cond: (mk.movie_id = t.id)
              ->  Seq Scan on movie_keyword mk  (cost=0.00..81003.12 rows=4374008 width=4) (actual time=0.016..1775.322 rows=4375165 loops=1)
                    Filter: (keyword_id < 74017)
                    Rows Removed by Filter: 148765
              ->  Hash  (cost=73925.90..73925.90 rows=170632 width=4) (actual time=1714.958..1714.958 rows=170068 loops=1)
                    Buckets: 131072  Batches: 4  Memory Usage: 2540kB
                    ->  Seq Scan on title t  (cost=0.00..73925.90 rows=170632 width=4) (actual time=0.022..1340.545 rows=170068 loops=1)
                          Filter: ((kind_id > 1) AND (production_year > 2011))
                          Rows Removed by Filter: 2358244
Planning time: 1.096 ms
Execution time: 16879.671 ms
