Hash Join  (cost=139218.05..262993.30 rows=145521 width=0) (actual time=2744.794..5446.625 rows=889838 loops=1)
  Hash Cond: (mk.movie_id = t.id)
  ->  Seq Scan on movie_keyword mk  (cost=0.00..69693.30 rows=4523930 width=4) (actual time=0.013..1241.964 rows=4523930 loops=1)
  ->  Hash  (cost=137883.36..137883.36 rows=81335 width=8) (actual time=2742.572..2742.572 rows=55281 loops=1)
        Buckets: 131072  Batches: 2  Memory Usage: 2099kB
        ->  Hash Join  (cost=70241.71..137883.36 rows=81335 width=8) (actual time=1463.572..2722.068 rows=55281 loops=1)
              Hash Cond: (mc.movie_id = t.id)
              ->  Seq Scan on movie_companies mc  (cost=0.00..51404.11 rows=1279517 width=4) (actual time=354.911..1080.360 rows=1274246 loops=1)
                    Filter: (company_type_id = 1)
                    Rows Removed by Filter: 1334883
              ->  Hash  (cost=67604.59..67604.59 rows=160730 width=4) (actual time=1107.931..1107.931 rows=160017 loops=1)
                    Buckets: 131072  Batches: 4  Memory Usage: 2436kB
                    ->  Seq Scan on title t  (cost=0.00..67604.59 rows=160730 width=4) (actual time=0.023..1051.060 rows=160017 loops=1)
                          Filter: (production_year = 2011)
                          Rows Removed by Filter: 2368295
Planning time: 1.086 ms
Execution time: 5552.678 ms
