Seq Scan on movie_keyword mk  (cost=0.00..81003.12 rows=246 width=0) (actual time=0.665..1267.983 rows=1524 loops=1)
  Filter: (keyword_id = 262)
  Rows Removed by Filter: 4522406
Planning time: 0.367 ms
Execution time: 1268.625 ms
