Hash Join  (cost=278940.81..1706215.18 rows=33894716 width=0) (actual time=6465.982..61083.212 rows=107599331 loops=1)
  Hash Cond: (ci.movie_id = t.id)
  ->  Seq Scan on cast_info ci  (cost=0.00..614943.12 rows=36225612 width=4) (actual time=0.013..13404.345 rows=36244344 loops=1)
  ->  Hash  (cost=240125.91..240125.91 rows=2365832 width=8) (actual time=6464.453..6464.453 rows=1855908 loops=1)
        Buckets: 131072  Batches: 32  Memory Usage: 3373kB
        ->  Hash Join  (cost=89299.55..240125.91 rows=2365832 width=8) (actual time=1789.828..5935.699 rows=1855908 loops=1)
              Hash Cond: (mk.movie_id = t.id)
              ->  Seq Scan on movie_keyword mk  (cost=0.00..69693.30 rows=4523930 width=4) (actual time=0.018..1476.039 rows=4523930 loops=1)
              ->  Hash  (cost=67604.59..67604.59 rows=1322317 width=4) (actual time=1788.286..1788.286 rows=1322863 loops=1)
                    Buckets: 131072  Batches: 32  Memory Usage: 2489kB
                    ->  Seq Scan on title t  (cost=0.00..67604.59 rows=1322317 width=4) (actual time=0.020..1342.682 rows=1322863 loops=1)
                          Filter: (production_year > 2001)
                          Rows Removed by Filter: 1205449
Planning time: 1.131 ms
Execution time: 71738.825 ms
