Hash Join  (cost=126757.89..204778.65 rows=215524 width=0) (actual time=2741.355..5075.917 rows=749507 loops=1)
  Hash Cond: (mc.movie_id = t.id)
  ->  Seq Scan on movie_companies mc  (cost=0.00..44881.29 rows=2609129 width=4) (actual time=0.021..1009.814 rows=2609129 loops=1)
  ->  Hash  (cost=123331.06..123331.06 rows=208866 width=8) (actual time=2740.585..2740.585 rows=251226 loops=1)
        Buckets: 131072  Batches: 4  Memory Usage: 3482kB
        ->  Hash Join  (cost=86241.46..123331.06 rows=208866 width=8) (actual time=1642.140..2659.061 rows=251226 loops=1)
              Hash Cond: (mi_idx.movie_id = t.id)
              ->  Seq Scan on movie_info_idx mi_idx  (cost=0.00..25185.44 rows=464934 width=4) (actual time=0.023..463.757 rows=460185 loops=1)
                    Filter: (info_type_id > 100)
                    Rows Removed by Filter: 919850
              ->  Hash  (cost=67604.59..67604.59 rows=1135910 width=4) (actual time=1641.133..1641.133 rows=1133355 loops=1)
                    Buckets: 131072  Batches: 16  Memory Usage: 3516kB
                    ->  Seq Scan on title t  (cost=0.00..67604.59 rows=1135910 width=4) (actual time=0.014..1277.254 rows=1133355 loops=1)
                          Filter: (production_year < 2002)
                          Rows Removed by Filter: 1394957
Planning time: 1.105 ms
Execution time: 5167.277 ms
