Hash Join  (cost=83075.00..447743.58 rows=1263 width=0) (actual time=1517.105..8388.031 rows=276 loops=1)
  Hash Cond: (mi.movie_id = t.id)
  ->  Seq Scan on movie_info mi  (cost=0.00..309384.22 rows=14739122 width=4) (actual time=0.016..4477.311 rows=14835720 loops=1)
  ->  Hash  (cost=83072.29..83072.29 rows=217 width=8) (actual time=1275.679..1275.679 rows=11 loops=1)
        Buckets: 1024  Batches: 1  Memory Usage: 9kB
        ->  Nested Loop  (cost=0.43..83072.29 rows=217 width=8) (actual time=553.196..1275.647 rows=11 loops=1)
              ->  Seq Scan on movie_keyword mk  (cost=0.00..81003.12 rows=246 width=4) (actual time=553.145..1275.162 rows=11 loops=1)
                    Filter: (keyword_id = 105028)
                    Rows Removed by Filter: 4523919
              ->  Index Scan using title_pkey on title t  (cost=0.43..8.40 rows=1 width=4) (actual time=0.038..0.038 rows=1 loops=11)
                    Index Cond: (id = mk.movie_id)
                    Filter: (production_year < 2012)
Planning time: 1.128 ms
Execution time: 8388.329 ms
