Hash Join  (cost=444296.83..522626.16 rows=237880 width=0) (actual time=7288.873..9492.483 rows=669360 loops=1)
  Hash Cond: (mc.movie_id = t.id)
  ->  Seq Scan on movie_companies mc  (cost=0.00..44881.29 rows=2609129 width=4) (actual time=0.027..869.469 rows=2609129 loops=1)
  ->  Hash  (cost=440514.17..440514.17 rows=230532 width=8) (actual time=7288.026..7288.026 rows=293129 loops=1)
        Buckets: 131072  Batches: 4  Memory Usage: 3889kB
        ->  Hash Join  (cost=74698.31..440514.17 rows=230532 width=8) (actual time=2688.248..7197.730 rows=293129 loops=1)
              Hash Cond: (mi.movie_id = t.id)
              ->  Seq Scan on movie_info mi  (cost=0.00..346232.03 rows=1348138 width=4) (actual time=1414.784..5153.887 rows=1298989 loops=1)
                    Filter: (info_type_id = 4)
                    Rows Removed by Filter: 13536731
              ->  Hash  (cost=67604.59..67604.59 rows=432378 width=4) (actual time=1272.530..1272.530 rows=423779 loops=1)
                    Buckets: 131072  Batches: 8  Memory Usage: 2891kB
                    ->  Seq Scan on title t  (cost=0.00..67604.59 rows=432378 width=4) (actual time=0.045..1127.543 rows=423779 loops=1)
                          Filter: (production_year < 1974)
                          Rows Removed by Filter: 2104533
Planning time: 1.204 ms
Execution time: 9575.959 ms
