Hash Join  (cost=78556.72..1304613.39 rows=7944188 width=0) (actual time=1313.412..38413.117 rows=8554767 loops=1)
  Hash Cond: (ci.movie_id = t.id)
  ->  Seq Scan on cast_info ci  (cost=0.00..796071.18 rows=30091627 width=4) (actual time=0.016..19409.694 rows=30198765 loops=1)
        Filter: ((person_id > 557892) AND (role_id < 11))
        Rows Removed by Filter: 6045579
  ->  Hash  (cost=67604.59..67604.59 rows=667531 width=4) (actual time=1312.366..1312.366 rows=662825 loops=1)
        Buckets: 131072  Batches: 16  Memory Usage: 2476kB
        ->  Seq Scan on title t  (cost=0.00..67604.59 rows=667531 width=4) (actual time=0.025..1108.587 rows=662825 loops=1)
              Filter: (kind_id = 1)
              Rows Removed by Filter: 1865487
Planning time: 0.671 ms
Execution time: 39354.129 ms
