Nested Loop  (cost=0.43..52284.21 rows=25 width=0) (actual time=221.624..833.018 rows=8 loops=1)
  ->  Seq Scan on movie_companies mc  (cost=0.00..51404.11 rows=104 width=4) (actual time=12.489..823.338 rows=58 loops=1)
        Filter: (company_id = 2713)
        Rows Removed by Filter: 2609071
  ->  Index Scan using title_pkey on title t  (cost=0.43..8.45 rows=1 width=4) (actual time=0.163..0.163 rows=0 loops=58)
        Index Cond: (id = mc.movie_id)
        Filter: ((production_year > 2005) AND (kind_id = 7))
        Rows Removed by Filter: 1
Planning time: 1.102 ms
Execution time: 833.141 ms
