Seq Scan on movie_companies mc  (cost=0.00..51404.11 rows=104 width=0) (actual time=351.264..2646.480 rows=1 loops=1)
  Filter: (company_id = 225315)
  Rows Removed by Filter: 2609128
Planning time: 0.404 ms
Execution time: 2646.556 ms
