Hash Join  (cost=107847.09..1275181.91 rows=19486745 width=0) (actual time=2290.498..34368.242 rows=19757488 loops=1)
  Hash Cond: (ci.movie_id = t.id)
  ->  Seq Scan on cast_info ci  (cost=0.00..705507.15 rows=20088045 width=4) (actual time=0.014..14940.607 rows=19952245 loops=1)
        Filter: (person_id < 2004143)
        Rows Removed by Filter: 16292099
  ->  Hash  (cost=67604.59..67604.59 rows=2452840 width=4) (actual time=2289.233..2289.233 rows=2453873 loops=1)
        Buckets: 131072  Batches: 64  Memory Usage: 2373kB
        ->  Seq Scan on title t  (cost=0.00..67604.59 rows=2452840 width=4) (actual time=0.022..1491.949 rows=2453873 loops=1)
              Filter: (production_year > 1897)
              Rows Removed by Filter: 74439
Planning time: 2.540 ms
Execution time: 36451.092 ms
