Seq Scan on cast_info ci  (cost=0.00..705507.15 rows=500 width=0) (actual time=7684.605..11775.080 rows=192 loops=1)
  Filter: (person_id = 2472125)
  Rows Removed by Filter: 36244152
Planning time: 3.225 ms
Execution time: 11775.170 ms
