Seq Scan on movie_companies mc  (cost=0.00..51404.11 rows=775304 width=0) (actual time=0.024..904.197 rows=781215 loops=1)
  Filter: (company_id > 32582)
  Rows Removed by Filter: 1827914
Planning time: 0.322 ms
Execution time: 1003.012 ms
