Hash Join  (cost=102767.86..256736.00 rows=2621724 width=0) (actual time=1899.477..6733.626 rows=2611485 loops=1)
  Hash Cond: (mk.movie_id = t.id)
  ->  Seq Scan on movie_keyword mk  (cost=0.00..81003.12 rows=2621724 width=4) (actual time=0.022..1527.169 rows=2611485 loops=1)
        Filter: (keyword_id > 3287)
        Rows Removed by Filter: 1912445
  ->  Hash  (cost=61283.27..61283.27 rows=2528527 width=4) (actual time=1897.171..1897.171 rows=2528312 loops=1)
        Buckets: 131072  Batches: 64  Memory Usage: 2425kB
        ->  Seq Scan on title t  (cost=0.00..61283.27 rows=2528527 width=4) (actual time=0.036..1046.832 rows=2528312 loops=1)
Planning time: 3.712 ms
Execution time: 7016.192 ms
