Seq Scan on movie_companies mc  (cost=0.00..57926.93 rows=51 width=0) (actual time=70.775..832.982 rows=18 loops=1)
  Filter: ((company_id = 30330) AND (company_type_id = 1))
  Rows Removed by Filter: 2609111
Planning time: 0.392 ms
Execution time: 833.084 ms
