Hash Join  (cost=645637.07..2380512.70 rows=55022337 width=0) (actual time=37361.406..139132.602 rows=119952854 loops=1)
  Hash Cond: (ci.movie_id = t.id)
  ->  Seq Scan on cast_info ci  (cost=0.00..614943.12 rows=36225612 width=4) (actual time=2.093..42634.375 rows=36244344 loops=1)
  ->  Hash  (cost=582627.47..582627.47 rows=3840528 width=8) (actual time=37356.034..37356.034 rows=5231267 loops=1)
        Buckets: 131072 (originally 131072)  Batches: 128 (originally 64)  Memory Usage: 3073kB
        ->  Hash Join  (cost=84417.00..582627.47 rows=3840528 width=8) (actual time=7105.465..35744.838 rows=5231267 loops=1)
              Hash Cond: (mi.movie_id = t.id)
              ->  Seq Scan on movie_info mi  (cost=0.00..346232.03 rows=9476311 width=4) (actual time=1580.074..21117.105 rows=9565151 loops=1)
                    Filter: (info_type_id < 16)
                    Rows Removed by Filter: 5270569
              ->  Hash  (cost=67604.59..67604.59 rows=1024753 width=4) (actual time=5524.484..5524.484 rows=1021752 loops=1)
                    Buckets: 131072  Batches: 16  Memory Usage: 3282kB
                    ->  Seq Scan on title t  (cost=0.00..67604.59 rows=1024753 width=4) (actual time=0.032..4393.380 rows=1021752 loops=1)
                          Filter: (production_year < 2000)
                          Rows Removed by Filter: 1506560
Planning time: 1.099 ms
Execution time: 153516.864 ms
