Hash Join  (cost=142236.73..615491.62 rows=1768658 width=0) (actual time=4164.832..14588.874 rows=1834764 loops=1)
  Hash Cond: (mi.movie_id = t.id)
  ->  Seq Scan on movie_info mi  (cost=0.00..346232.03 rows=9293409 width=4) (actual time=0.017..6656.042 rows=9425200 loops=1)
        Filter: (info_type_id > 5)
        Rows Removed by Filter: 5410520
  ->  Hash  (cost=134341.58..134341.58 rows=481212 width=8) (actual time=3599.036..3599.036 rows=269931 loops=1)
        Buckets: 131072  Batches: 8  Memory Usage: 2353kB
        ->  Hash Join  (cost=88391.98..134341.58 rows=481212 width=8) (actual time=1619.075..3454.495 rows=269931 loops=1)
              Hash Cond: (mi_idx.movie_id = t.id)
              ->  Seq Scan on movie_info_idx mi_idx  (cost=0.00..21735.35 rows=1380035 width=4) (actual time=0.020..404.458 rows=1380035 loops=1)
              ->  Hash  (cost=73925.90..73925.90 rows=881686 width=4) (actual time=1617.660..1617.660 rows=801513 loops=1)
                    Buckets: 131072  Batches: 16  Memory Usage: 2786kB
                    ->  Seq Scan on title t  (cost=0.00..73925.90 rows=881686 width=4) (actual time=0.018..1354.111 rows=801513 loops=1)
                          Filter: ((production_year < 2006) AND (kind_id = 7))
                          Rows Removed by Filter: 1726799
Planning time: 3.116 ms
Execution time: 14792.396 ms
