Hash Join  (cost=240400.13..792057.49 rows=6733844 width=0) (actual time=5032.894..30490.013 rows=60941429 loops=1)
  Hash Cond: (mi.movie_id = t.id)
  ->  Seq Scan on movie_info mi  (cost=0.00..309384.22 rows=14739122 width=4) (actual time=0.013..6195.983 rows=14835720 loops=1)
  ->  Hash  (cost=221447.06..221447.06 rows=1155205 width=8) (actual time=5032.020..5032.020 rows=1169891 loops=1)
        Buckets: 131072  Batches: 16  Memory Usage: 4021kB
        ->  Hash Join  (cost=102767.86..221447.06 rows=1155205 width=8) (actual time=1971.953..4690.933 rows=1169891 loops=1)
              Hash Cond: (mk.movie_id = t.id)
              ->  Seq Scan on movie_keyword mk  (cost=0.00..81003.12 rows=1155205 width=4) (actual time=0.020..1369.566 rows=1169891 loops=1)
                    Filter: (keyword_id > 15964)
                    Rows Removed by Filter: 3354039
              ->  Hash  (cost=61283.27..61283.27 rows=2528527 width=4) (actual time=1970.661..1970.661 rows=2528312 loops=1)
                    Buckets: 131072  Batches: 64  Memory Usage: 2425kB
                    ->  Seq Scan on title t  (cost=0.00..61283.27 rows=2528527 width=4) (actual time=0.014..1103.819 rows=2528312 loops=1)
Planning time: 1.002 ms
Execution time: 36516.481 ms
