Hash Join  (cost=102767.86..802475.26 rows=14279346 width=0) (actual time=1975.835..21662.968 rows=14292353 loops=1)
  Hash Cond: (mi.movie_id = t.id)
  ->  Seq Scan on movie_info mi  (cost=0.00..346232.03 rows=14279346 width=4) (actual time=0.020..7378.796 rows=14292353 loops=1)
        Filter: (info_type_id < 102)
        Rows Removed by Filter: 543367
  ->  Hash  (cost=61283.27..61283.27 rows=2528527 width=4) (actual time=1972.748..1972.748 rows=2528312 loops=1)
        Buckets: 131072  Batches: 64  Memory Usage: 2425kB
        ->  Seq Scan on title t  (cost=0.00..61283.27 rows=2528527 width=4) (actual time=0.018..1111.056 rows=2528312 loops=1)
Planning time: 0.723 ms
Execution time: 23298.893 ms
