Nested Loop  (cost=0.43..28267.64 rows=4 width=0) (actual time=400.118..476.532 rows=3 loops=1)
  ->  Seq Scan on movie_info_idx mi_idx  (cost=0.00..25185.44 rows=368 width=4) (actual time=397.667..471.970 rows=260 loops=1)
        Filter: (info_type_id > 101)
        Rows Removed by Filter: 1379775
  ->  Index Scan using title_pkey on title t  (cost=0.43..8.37 rows=1 width=4) (actual time=0.017..0.017 rows=0 loops=260)
        Index Cond: (id = mi_idx.movie_id)
        Filter: ((kind_id = 1) AND (production_year = 2005))
        Rows Removed by Filter: 1
Planning time: 0.805 ms
Execution time: 476.629 ms
