Hash Join  (cost=229171.98..318105.06 rows=1007055 width=0) (actual time=4913.677..7962.522 rows=1483109 loops=1)
  Hash Cond: (mc.movie_id = t.id)
  ->  Seq Scan on movie_companies mc  (cost=0.00..44881.29 rows=2609129 width=4) (actual time=0.018..902.032 rows=2609129 loops=1)
  ->  Hash  (cost=213159.67..213159.67 rows=975945 width=8) (actual time=4912.474..4912.474 rows=505212 loops=1)
        Buckets: 131072  Batches: 16  Memory Usage: 2270kB
        ->  Hash Join  (cost=98137.04..213159.67 rows=975945 width=8) (actual time=2344.023..4755.442 rows=505212 loops=1)
              Hash Cond: (mk.movie_id = t.id)
              ->  Seq Scan on movie_keyword mk  (cost=0.00..81003.12 rows=1326012 width=4) (actual time=0.020..1292.205 rows=1345582 loops=1)
                    Filter: (keyword_id < 1753)
                    Rows Removed by Filter: 3178348
              ->  Hash  (cost=67604.59..67604.59 rows=1860996 width=4) (actual time=2343.063..2343.063 rows=1865487 loops=1)
                    Buckets: 131072  Batches: 32  Memory Usage: 3085kB
                    ->  Seq Scan on title t  (cost=0.00..67604.59 rows=1860996 width=4) (actual time=0.022..1067.205 rows=1865487 loops=1)
                          Filter: (kind_id > 1)
                          Rows Removed by Filter: 662825
Planning time: 4.960 ms
Execution time: 8134.135 ms
