Hash Join  (cost=102767.86..192629.53 rows=1187665 width=0) (actual time=1855.288..4148.175 rows=1182459 loops=1)
  Hash Cond: (mc.movie_id = t.id)
  ->  Seq Scan on movie_companies mc  (cost=0.00..51404.11 rows=1187665 width=4) (actual time=0.023..968.722 rows=1182459 loops=1)
        Filter: (company_id < 10261)
        Rows Removed by Filter: 1426670
  ->  Hash  (cost=61283.27..61283.27 rows=2528527 width=4) (actual time=1854.213..1854.213 rows=2528312 loops=1)
        Buckets: 131072  Batches: 64  Memory Usage: 2415kB
        ->  Seq Scan on title t  (cost=0.00..61283.27 rows=2528527 width=4) (actual time=0.019..1020.112 rows=2528312 loops=1)
Planning time: 0.728 ms
Execution time: 4286.573 ms
