Seq Scan on movie_keyword mk  (cost=0.00..81003.12 rows=208660 width=0) (actual time=0.017..1220.819 rows=210833 loops=1)
  Filter: (keyword_id > 66579)
  Rows Removed by Filter: 4313097
Planning time: 0.341 ms
Execution time: 1248.725 ms
