Seq Scan on movie_companies mc  (cost=0.00..51404.11 rows=104 width=0) (actual time=2.698..755.342 rows=214 loops=1)
  Filter: (company_id = 3428)
  Rows Removed by Filter: 2608915
Planning time: 0.397 ms
Execution time: 755.484 ms
