Seq Scan on cast_info ci  (cost=0.00..705507.15 rows=9060624 width=0) (actual time=0.032..10449.331 rows=9065157 loops=1)
  Filter: (person_id > 2790811)
  Rows Removed by Filter: 27179187
Planning time: 0.458 ms
Execution time: 11600.203 ms
