Hash Join  (cost=83074.74..109986.57 rows=134 width=0) (actual time=1265.157..1796.578 rows=1934 loops=1)
  Hash Cond: (mi_idx.movie_id = t.id)
  ->  Seq Scan on movie_info_idx mi_idx  (cost=0.00..21735.35 rows=1380035 width=4) (actual time=0.019..273.640 rows=1380035 loops=1)
  ->  Hash  (cost=83071.67..83071.67 rows=246 width=8) (actual time=1264.663..1264.663 rows=650 loops=1)
        Buckets: 1024  Batches: 1  Memory Usage: 34kB
        ->  Nested Loop  (cost=0.43..83071.67 rows=246 width=8) (actual time=9.223..1264.094 rows=650 loops=1)
              ->  Seq Scan on movie_keyword mk  (cost=0.00..81003.12 rows=246 width=4) (actual time=9.139..1247.693 rows=650 loops=1)
                    Filter: (keyword_id = 1756)
                    Rows Removed by Filter: 4523280
              ->  Index Only Scan using title_pkey on title t  (cost=0.43..8.40 rows=1 width=4) (actual time=0.023..0.024 rows=1 loops=650)
                    Index Cond: (id = mk.movie_id)
                    Heap Fetches: 650
Planning time: 6.341 ms
Execution time: 1797.030 ms
