Hash Join  (cost=263115.61..424182.61 rows=2957097 width=0) (actual time=6383.474..16040.599 rows=22783517 loops=1)
  Hash Cond: (mk.movie_id = t.id)
  ->  Seq Scan on movie_keyword mk  (cost=0.00..81003.12 rows=2865745 width=4) (actual time=0.026..1761.274 rows=2854035 loops=1)
        Filter: (keyword_id > 2558)
        Rows Removed by Filter: 1669895
  ->  Hash  (cost=220309.49..220309.49 rows=2609129 width=8) (actual time=6380.635..6380.635 rows=2609129 loops=1)
        Buckets: 131072  Batches: 64  Memory Usage: 2691kB
        ->  Hash Join  (cost=102767.86..220309.49 rows=2609129 width=8) (actual time=1981.652..5573.252 rows=2609129 loops=1)
              Hash Cond: (mc.movie_id = t.id)
              ->  Seq Scan on movie_companies mc  (cost=0.00..44881.29 rows=2609129 width=4) (actual time=0.015..944.263 rows=2609129 loops=1)
              ->  Hash  (cost=61283.27..61283.27 rows=2528527 width=4) (actual time=1979.256..1979.256 rows=2528312 loops=1)
                    Buckets: 131072  Batches: 64  Memory Usage: 2415kB
                    ->  Seq Scan on title t  (cost=0.00..61283.27 rows=2528527 width=4) (actual time=0.021..1138.945 rows=2528312 loops=1)
Planning time: 4.129 ms
Execution time: 18750.878 ms
