Hash Join  (cost=90717.09..944959.41 rows=3752940 width=0) (actual time=2822.310..20332.168 rows=3751557 loops=1)
  Hash Cond: (ci.movie_id = t.id)
  ->  Seq Scan on cast_info ci  (cost=0.00..705507.15 rows=9271938 width=4) (actual time=1134.449..12455.216 rows=9124827 loops=1)
        Filter: (person_id < 898541)
        Rows Removed by Filter: 27119517
  ->  Hash  (cost=73925.90..73925.90 rows=1023455 width=4) (actual time=1686.931..1686.931 rows=1117981 loops=1)
        Buckets: 131072  Batches: 16  Memory Usage: 3489kB
        ->  Seq Scan on title t  (cost=0.00..73925.90 rows=1023455 width=4) (actual time=0.031..1340.878 rows=1117981 loops=1)
              Filter: ((production_year > 1993) AND (kind_id = 7))
              Rows Removed by Filter: 1410331
Planning time: 0.508 ms
Execution time: 20760.519 ms
