Hash Join  (cost=136881.37..999418.66 rows=61772 width=0) (actual time=2499.409..21298.786 rows=125443 loops=1)
  Hash Cond: (ci.movie_id = t.id)
  ->  Seq Scan on cast_info ci  (cost=0.00..796071.18 rows=17559571 width=4) (actual time=0.020..15835.900 rows=14413854 loops=1)
        Filter: ((person_id < 2783401) AND (role_id > 1))
        Rows Removed by Filter: 21830490
  ->  Hash  (cost=136770.18..136770.18 rows=8895 width=8) (actual time=2498.798..2498.798 rows=11445 loops=1)
        Buckets: 16384  Batches: 1  Memory Usage: 576kB
        ->  Hash Join  (cost=74155.14..136770.18 rows=8895 width=8) (actual time=1162.347..2493.973 rows=11445 loops=1)
              Hash Cond: (mc.movie_id = t.id)
              ->  Seq Scan on movie_companies mc  (cost=0.00..57926.93 rows=1226442 width=4) (actual time=0.025..1102.221 rows=1130896 loops=1)
                    Filter: ((company_id < 112270) AND (company_type_id = 2))
                    Rows Removed by Filter: 1478233
              ->  Hash  (cost=73925.90..73925.90 rows=18339 width=4) (actual time=1162.047..1162.047 rows=14449 loops=1)
                    Buckets: 32768  Batches: 1  Memory Usage: 764kB
                    ->  Seq Scan on title t  (cost=0.00..73925.90 rows=18339 width=4) (actual time=0.691..1155.606 rows=14449 loops=1)
                          Filter: ((kind_id < 7) AND (production_year = 1998))
                          Rows Removed by Filter: 2513863
Planning time: 1.269 ms
Execution time: 21319.983 ms
