Seq Scan on movie_companies mc  (cost=0.00..51404.11 rows=1170335 width=0) (actual time=0.027..726.870 rows=1178712 loops=1)
  Filter: (company_id > 12652)
  Rows Removed by Filter: 1430417
Planning time: 0.334 ms
Execution time: 851.932 ms
