Seq Scan on movie_keyword mk  (cost=0.00..81003.12 rows=840088 width=0) (actual time=0.023..3617.861 rows=846328 loops=1)
  Filter: (keyword_id > 21703)
  Rows Removed by Filter: 3677602
Planning time: 1.883 ms
Execution time: 3773.211 ms
