Hash Join  (cost=86573.65..574277.83 rows=2888998 width=0) (actual time=1907.593..13036.657 rows=1309964 loops=1)
  Hash Cond: (mi.movie_id = t.id)
  ->  Seq Scan on movie_info mi  (cost=0.00..346232.03 rows=9476311 width=4) (actual time=403.432..6579.296 rows=9565151 loops=1)
        Filter: (info_type_id < 16)
        Rows Removed by Filter: 5270569
  ->  Hash  (cost=73925.90..73925.90 rows=770860 width=4) (actual time=1502.914..1502.914 rows=682281 loops=1)
        Buckets: 131072  Batches: 16  Memory Usage: 2528kB
        ->  Seq Scan on title t  (cost=0.00..73925.90 rows=770860 width=4) (actual time=0.043..1270.407 rows=682281 loops=1)
              Filter: ((kind_id > 6) AND (production_year < 2004))
              Rows Removed by Filter: 1846031
Planning time: 0.812 ms
Execution time: 13205.453 ms
