Seq Scan on cast_info ci  (cost=0.00..796071.18 rows=8234562 width=0) (actual time=1068.902..14501.536 rows=9756631 loops=1)
  Filter: ((person_id > 1148232) AND (role_id > 3))
  Rows Removed by Filter: 26487713
Planning time: 0.328 ms
Execution time: 15670.297 ms
