Hash Join  (cost=938457.35..1023960.75 rows=758288 width=0) (actual time=14085.345..17251.647 rows=1191594 loops=1)
  Hash Cond: (mc.movie_id = t.id)
  ->  Seq Scan on movie_companies mc  (cost=0.00..44881.29 rows=2609129 width=4) (actual time=0.023..844.654 rows=2609129 loops=1)
  ->  Hash  (cost=926400.56..926400.56 rows=734863 width=8) (actual time=14084.451..14084.451 rows=671731 loops=1)
        Buckets: 131072  Batches: 16  Memory Usage: 2668kB
        ->  Hash Join  (cost=102767.86..926400.56 rows=734863 width=8) (actual time=3428.954..13894.930 rows=671731 loops=1)
              Hash Cond: (ci.movie_id = t.id)
              ->  Seq Scan on cast_info ci  (cost=0.00..796071.18 rows=734863 width=4) (actual time=811.558..10296.843 rows=671731 loops=1)
                    Filter: ((person_id < 938937) AND (role_id = 4))
                    Rows Removed by Filter: 35572613
              ->  Hash  (cost=61283.27..61283.27 rows=2528527 width=4) (actual time=2615.437..2615.437 rows=2528312 loops=1)
                    Buckets: 131072  Batches: 64  Memory Usage: 2415kB
                    ->  Seq Scan on title t  (cost=0.00..61283.27 rows=2528527 width=4) (actual time=0.022..1042.340 rows=2528312 loops=1)
Planning time: 2.164 ms
Execution time: 17389.832 ms
