Hash Join  (cost=74013.35..870653.42 rows=417 width=0) (actual time=7418.913..14395.291 rows=12 loops=1)
  Hash Cond: (ci.movie_id = t.id)
  ->  Seq Scan on cast_info ci  (cost=0.00..796071.18 rows=150592 width=4) (actual time=6276.869..13241.768 rows=61550 loops=1)
        Filter: ((person_id < 1524249) AND (role_id > 10))
        Rows Removed by Filter: 36182794
  ->  Hash  (cost=73925.90..73925.90 rows=6996 width=4) (actual time=1141.398..1141.398 rows=5314 loops=1)
        Buckets: 8192  Batches: 1  Memory Usage: 251kB
        ->  Seq Scan on title t  (cost=0.00..73925.90 rows=6996 width=4) (actual time=0.063..1138.759 rows=5314 loops=1)
              Filter: ((production_year > 2000) AND (kind_id = 6))
              Rows Removed by Filter: 2522998
Planning time: 0.539 ms
Execution time: 14395.385 ms
