Hash Join  (cost=74202.60..162846.37 rows=17430 width=0) (actual time=1215.392..3119.934 rows=3806 loops=1)
  Hash Cond: (mk.movie_id = t.id)
  ->  Seq Scan on movie_keyword mk  (cost=0.00..81003.12 rows=1991024 width=4) (actual time=0.023..1550.192 rows=1997809 loops=1)
        Filter: (keyword_id < 3532)
        Rows Removed by Filter: 2526121
  ->  Hash  (cost=73925.90..73925.90 rows=22136 width=4) (actual time=1213.208..1213.208 rows=24301 loops=1)
        Buckets: 32768  Batches: 1  Memory Usage: 1111kB
        ->  Seq Scan on title t  (cost=0.00..73925.90 rows=22136 width=4) (actual time=0.021..1202.772 rows=24301 loops=1)
              Filter: ((kind_id = 7) AND (production_year = 1996))
              Rows Removed by Filter: 2504011
Planning time: 0.752 ms
Execution time: 3120.618 ms
