Seq Scan on movie_companies mc  (cost=0.00..51404.11 rows=74266 width=0) (actual time=624.706..683.208 rows=73563 loops=1)
  Filter: (company_id > 174240)
  Rows Removed by Filter: 2535566
Planning time: 0.374 ms
Execution time: 688.287 ms
