Hash Join  (cost=83810.17..162337.33 rows=422720 width=0) (actual time=1436.363..3594.821 rows=855023 loops=1)
  Hash Cond: (mc.movie_id = t.id)
  ->  Seq Scan on movie_companies mc  (cost=0.00..57926.93 rows=1082140 width=4) (actual time=0.028..1142.023 rows=967033 loops=1)
        Filter: ((company_id > 252) AND (company_type_id = 1))
        Rows Removed by Filter: 1642096
  ->  Hash  (cost=67604.59..67604.59 rows=987727 width=4) (actual time=1435.438..1435.438 rows=985048 loops=1)
        Buckets: 131072  Batches: 16  Memory Usage: 3188kB
        ->  Seq Scan on title t  (cost=0.00..67604.59 rows=987727 width=4) (actual time=0.016..1133.141 rows=985048 loops=1)
              Filter: (kind_id < 7)
              Rows Removed by Filter: 1543264
Planning time: 6.741 ms
Execution time: 3693.538 ms
