Hash Join  (cost=165415.89..553892.94 rows=56318 width=0) (actual time=3285.903..11666.171 rows=84062 loops=1)
  Hash Cond: (mi.movie_id = t.id)
  ->  Seq Scan on movie_info mi  (cost=0.00..346232.03 rows=11115165 width=4) (actual time=0.019..6642.722 rows=11210743 loops=1)
        Filter: (info_type_id > 3)
        Rows Removed by Filter: 3624977
  ->  Hash  (cost=165255.75..165255.75 rows=12811 width=8) (actual time=3285.620..3285.620 rows=2649 loops=1)
        Buckets: 16384  Batches: 1  Memory Usage: 232kB
        ->  Hash Join  (cost=80562.70..165255.75 rows=12811 width=8) (actual time=1868.303..3284.345 rows=2649 loops=1)
              Hash Cond: (mk.movie_id = t.id)
              ->  Seq Scan on movie_keyword mk  (cost=0.00..81003.12 rows=41017 width=4) (actual time=0.034..1277.923 rows=41840 loops=1)
                    Filter: (keyword_id = 117)
                    Rows Removed by Filter: 4482090
              ->  Hash  (cost=67604.59..67604.59 rows=789769 width=4) (actual time=1838.627..1838.627 rows=784926 loops=1)
                    Buckets: 131072  Batches: 16  Memory Usage: 2756kB
                    ->  Seq Scan on title t  (cost=0.00..67604.59 rows=789769 width=4) (actual time=0.024..1300.599 rows=784926 loops=1)
                          Filter: (production_year > 2007)
                          Rows Removed by Filter: 1743386
Planning time: 1.135 ms
Execution time: 11679.027 ms
