Seq Scan on cast_info ci  (cost=0.00..705507.15 rows=15257341 width=0) (actual time=0.022..12985.955 rows=15399916 loops=1)
  Filter: (person_id > 2100456)
  Rows Removed by Filter: 20844428
Planning time: 0.570 ms
Execution time: 14920.920 ms
