Hash Join  (cost=107924.17..759008.88 rows=14325487 width=0) (actual time=2358.705..20940.253 rows=14756242 loops=1)
  Hash Cond: (mi.movie_id = t.id)
  ->  Seq Scan on movie_info mi  (cost=0.00..309384.22 rows=14739122 width=4) (actual time=0.014..6575.271 rows=14835720 loops=1)
  ->  Hash  (cost=67604.59..67604.59 rows=2457567 width=4) (actual time=2357.256..2357.256 rows=2452703 loops=1)
        Buckets: 131072  Batches: 64  Memory Usage: 2383kB
        ->  Seq Scan on title t  (cost=0.00..67604.59 rows=2457567 width=4) (actual time=0.006..1509.732 rows=2452703 loops=1)
              Filter: (production_year < 2014)
              Rows Removed by Filter: 75609
Planning time: 0.749 ms
Execution time: 22544.738 ms
