Hash Join  (cost=176145.07..304661.48 rows=534637 width=0) (actual time=3424.320..6786.740 rows=2095316 loops=1)
  Hash Cond: (mk.movie_id = t.id)
  ->  Seq Scan on movie_keyword mk  (cost=0.00..69693.30 rows=4523930 width=4) (actual time=0.015..1406.523 rows=4523930 loops=1)
  ->  Hash  (cost=171241.81..171241.81 rows=298821 width=8) (actual time=3423.339..3423.339 rows=292877 loops=1)
        Buckets: 131072  Batches: 4  Memory Usage: 3895kB
        ->  Hash Join  (cost=102767.86..171241.81 rows=298821 width=8) (actual time=1858.131..3340.288 rows=292877 loops=1)
              Hash Cond: (mc.movie_id = t.id)
              ->  Seq Scan on movie_companies mc  (cost=0.00..51404.11 rows=298821 width=4) (actual time=0.033..871.790 rows=292877 loops=1)
                    Filter: (company_id < 160)
                    Rows Removed by Filter: 2316252
              ->  Hash  (cost=61283.27..61283.27 rows=2528527 width=4) (actual time=1857.310..1857.310 rows=2528312 loops=1)
                    Buckets: 131072  Batches: 64  Memory Usage: 2415kB
                    ->  Seq Scan on title t  (cost=0.00..61283.27 rows=2528527 width=4) (actual time=0.019..1038.851 rows=2528312 loops=1)
Planning time: 1.073 ms
Execution time: 6978.550 ms
