Hash Join  (cost=83072.30..138549.40 rows=1 width=0) (actual time=1312.952..2227.175 rows=4 loops=1)
  Hash Cond: (mc.movie_id = t.id)
  ->  Seq Scan on movie_companies mc  (cost=0.00..51404.11 rows=1086128 width=4) (actual time=0.038..911.337 rows=1098352 loops=1)
        Filter: (company_id > 14074)
        Rows Removed by Filter: 1510777
  ->  Hash  (cost=83072.29..83072.29 rows=1 width=8) (actual time=1168.720..1168.720 rows=3 loops=1)
        Buckets: 1024  Batches: 1  Memory Usage: 9kB
        ->  Nested Loop  (cost=0.43..83072.29 rows=1 width=8) (actual time=660.866..1168.709 rows=3 loops=1)
              ->  Seq Scan on movie_keyword mk  (cost=0.00..81003.12 rows=246 width=4) (actual time=3.873..1159.268 rows=280 loops=1)
                    Filter: (keyword_id = 5717)
                    Rows Removed by Filter: 4523650
              ->  Index Scan using title_pkey on title t  (cost=0.43..8.40 rows=1 width=4) (actual time=0.032..0.032 rows=0 loops=280)
                    Index Cond: (id = mk.movie_id)
                    Filter: (production_year = 1952)
                    Rows Removed by Filter: 1
Planning time: 1.144 ms
Execution time: 2227.320 ms
