Hash Join  (cost=132235.95..186977.73 rows=7625 width=0) (actual time=1432.562..2645.330 rows=68860 loops=1)
  Hash Cond: (mc.movie_id = t.id)
  ->  Seq Scan on movie_companies mc  (cost=0.00..44881.29 rows=2609129 width=4) (actual time=0.018..643.900 rows=2609129 loops=1)
  ->  Hash  (cost=132143.59..132143.59 rows=7389 width=8) (actual time=1431.043..1431.043 rows=7328 loops=1)
        Buckets: 8192  Batches: 1  Memory Usage: 351kB
        ->  Nested Loop  (cost=0.43..132143.59 rows=7389 width=8) (actual time=0.150..1426.639 rows=7328 loops=1)
              ->  Seq Scan on movie_keyword mk  (cost=0.00..81003.12 rows=7389 width=4) (actual time=0.084..1241.874 rows=7328 loops=1)
                    Filter: (keyword_id = 229)
                    Rows Removed by Filter: 4516602
              ->  Index Only Scan using title_pkey on title t  (cost=0.43..6.91 rows=1 width=4) (actual time=0.024..0.024 rows=1 loops=7328)
                    Index Cond: (id = mk.movie_id)
                    Heap Fetches: 7328
Planning time: 1.046 ms
Execution time: 2654.831 ms
