Seq Scan on movie_keyword mk  (cost=0.00..81003.12 rows=3166168 width=0) (actual time=0.020..1499.075 rows=3153170 loops=1)
  Filter: (keyword_id < 12189)
  Rows Removed by Filter: 1370760
Planning time: 0.294 ms
Execution time: 1893.224 ms
