Hash Join  (cost=152036.87..278244.12 rows=345121 width=0) (actual time=3201.139..6879.145 rows=2575692 loops=1)
  Hash Cond: (mk.movie_id = t.id)
  ->  Seq Scan on movie_keyword mk  (cost=0.00..69693.30 rows=4523930 width=4) (actual time=0.013..1391.485 rows=4523930 loops=1)
  ->  Hash  (cost=148871.67..148871.67 rows=192896 width=8) (actual time=3197.516..3197.516 rows=159347 loops=1)
        Buckets: 131072  Batches: 4  Memory Usage: 2563kB
        ->  Hash Join  (cost=76379.89..148871.67 rows=192896 width=8) (actual time=1358.455..3148.670 rows=159347 loops=1)
              Hash Cond: (mc.movie_id = t.id)
              ->  Seq Scan on movie_companies mc  (cost=0.00..57926.93 rows=911970 width=4) (actual time=0.019..1137.239 rows=1220734 loops=1)
                    Filter: ((company_id < 36354) AND (company_type_id = 1))
                    Rows Removed by Filter: 1388395
              ->  Hash  (cost=67604.59..67604.59 rows=534824 width=4) (actual time=1357.558..1357.558 rows=533369 loops=1)
                    Buckets: 131072  Batches: 8  Memory Usage: 3369kB
                    ->  Seq Scan on title t  (cost=0.00..67604.59 rows=534824 width=4) (actual time=0.020..1185.697 rows=533369 loops=1)
                          Filter: (production_year > 2009)
                          Rows Removed by Filter: 1994943
Planning time: 1.125 ms
Execution time: 7149.041 ms
