Hash Join  (cost=77761.90..204860.27 rows=418233 width=0) (actual time=1293.611..4849.941 rows=1618451 loops=1)
  Hash Cond: (mk.movie_id = t.id)
  ->  Seq Scan on movie_keyword mk  (cost=0.00..69693.30 rows=4523930 width=4) (actual time=0.022..1407.237 rows=4523930 loops=1)
  ->  Hash  (cost=73925.90..73925.90 rows=233760 width=4) (actual time=1292.828..1292.828 rows=353075 loops=1)
        Buckets: 131072 (originally 131072)  Batches: 8 (originally 4)  Memory Usage: 3073kB
        ->  Seq Scan on title t  (cost=0.00..73925.90 rows=233760 width=4) (actual time=3.909..1176.805 rows=353075 loops=1)
              Filter: ((production_year < 1997) AND (kind_id = 1))
              Rows Removed by Filter: 2175237
Planning time: 0.968 ms
Execution time: 5022.555 ms
