Hash Join  (cost=92970.26..205918.07 rows=723829 width=134) (actual time=2207.033..5518.041 rows=1537006 loops=1)
  Hash Cond: (mc.movie_id = t.id)
  ->  Seq Scan on movie_companies mc  (cost=0.00..44881.29 rows=2609129 width=40) (actual time=0.016..906.544 rows=2609129 loops=1)
  ->  Hash  (cost=73925.90..73925.90 rows=701468 width=94) (actual time=2206.129..2206.129 rows=749931 loops=1)
        Buckets: 32768  Batches: 32  Memory Usage: 2843kB
        ->  Seq Scan on title t  (cost=0.00..73925.90 rows=701468 width=94) (actual time=0.025..1425.993 rows=749931 loops=1)
              Filter: ((kind_id < 7) AND (production_year < 2009))
              Rows Removed by Filter: 1778381
Planning time: 1.096 ms
Execution time: 5600.150 ms
