Hash Join  (cost=221588.75..265746.29 rows=376806 width=0) (actual time=5722.127..7251.133 rows=1415110 loops=1)
  Hash Cond: (mi_idx.movie_id = t.id)
  ->  Seq Scan on movie_info_idx mi_idx  (cost=0.00..21735.35 rows=1380035 width=4) (actual time=0.019..485.121 rows=1380035 loops=1)
  ->  Hash  (cost=210261.85..210261.85 rows=690392 width=8) (actual time=5721.251..5721.251 rows=686312 loops=1)
        Buckets: 131072  Batches: 16  Memory Usage: 2727kB
        ->  Hash Join  (cost=102767.86..210261.85 rows=690392 width=8) (actual time=2376.764..4887.677 rows=686312 loops=1)
              Hash Cond: (mk.movie_id = t.id)
              ->  Seq Scan on movie_keyword mk  (cost=0.00..81003.12 rows=690392 width=4) (actual time=0.017..1490.057 rows=686312 loops=1)
                    Filter: (keyword_id < 569)
                    Rows Removed by Filter: 3837618
              ->  Hash  (cost=61283.27..61283.27 rows=2528527 width=4) (actual time=2373.433..2373.433 rows=2528312 loops=1)
                    Buckets: 131072  Batches: 64  Memory Usage: 2425kB
                    ->  Seq Scan on title t  (cost=0.00..61283.27 rows=2528527 width=4) (actual time=0.012..1062.234 rows=2528312 loops=1)
Planning time: 0.742 ms
Execution time: 7410.743 ms
