Hash Join  (cost=287570.70..1224786.09 rows=5512630 width=0) (actual time=7381.195..37768.974 rows=38314020 loops=1)
  Hash Cond: (ci.movie_id = t.id)
  ->  Seq Scan on cast_info ci  (cost=0.00..796071.18 rows=6005982 width=4) (actual time=902.942..15275.166 rows=12228176 loops=1)
        Filter: ((person_id < 1676956) AND (role_id = 1))
        Rows Removed by Filter: 24016168
  ->  Hash  (cost=249494.39..249494.39 rows=2320825 width=8) (actual time=6477.380..6477.380 rows=2322770 loops=1)
        Buckets: 131072  Batches: 32  Memory Usage: 3844kB
        ->  Hash Join  (cost=102767.86..249494.39 rows=2320825 width=8) (actual time=1962.965..5792.470 rows=2322770 loops=1)
              Hash Cond: (mk.movie_id = t.id)
              ->  Seq Scan on movie_keyword mk  (cost=0.00..81003.12 rows=2320825 width=4) (actual time=0.028..1636.134 rows=2322770 loops=1)
                    Filter: (keyword_id < 5071)
                    Rows Removed by Filter: 2201160
              ->  Hash  (cost=61283.27..61283.27 rows=2528527 width=4) (actual time=1956.142..1956.142 rows=2528312 loops=1)
                    Buckets: 131072  Batches: 64  Memory Usage: 2425kB
                    ->  Seq Scan on title t  (cost=0.00..61283.27 rows=2528527 width=4) (actual time=0.016..1097.758 rows=2528312 loops=1)
Planning time: 1.838 ms
Execution time: 41791.046 ms
