Seq Scan on cast_info ci  (cost=0.00..796071.18 rows=1044381 width=0) (actual time=5503.339..12067.371 rows=335150 loops=1)
  Filter: ((person_id < 850057) AND (role_id = 10))
  Rows Removed by Filter: 35909194
Planning time: 0.383 ms
Execution time: 12110.359 ms
