Hash Join  (cost=263115.61..443349.51 rows=3768267 width=0) (actual time=6110.159..16213.469 rows=29265305 loops=1)
  Hash Cond: (mk.movie_id = t.id)
  ->  Seq Scan on movie_keyword mk  (cost=0.00..81003.12 rows=3651857 width=4) (actual time=0.019..1683.285 rows=3645663 loops=1)
        Filter: (keyword_id > 831)
        Rows Removed by Filter: 878267
  ->  Hash  (cost=220309.49..220309.49 rows=2609129 width=8) (actual time=6107.768..6107.768 rows=2609129 loops=1)
        Buckets: 131072  Batches: 64  Memory Usage: 2691kB
        ->  Hash Join  (cost=102767.86..220309.49 rows=2609129 width=8) (actual time=1936.036..5405.381 rows=2609129 loops=1)
              Hash Cond: (mc.movie_id = t.id)
              ->  Seq Scan on movie_companies mc  (cost=0.00..44881.29 rows=2609129 width=4) (actual time=0.015..863.528 rows=2609129 loops=1)
              ->  Hash  (cost=61283.27..61283.27 rows=2528527 width=4) (actual time=1935.115..1935.115 rows=2528312 loops=1)
                    Buckets: 131072  Batches: 64  Memory Usage: 2415kB
                    ->  Seq Scan on title t  (cost=0.00..61283.27 rows=2528527 width=4) (actual time=0.017..1091.964 rows=2528312 loops=1)
Planning time: 1.194 ms
Execution time: 19375.492 ms
