Hash Join  (cost=457812.67..594844.93 rows=305339 width=0) (actual time=10379.226..13691.648 rows=530217 loops=1)
  Hash Cond: (mk.movie_id = t.id)
  ->  Seq Scan on movie_keyword mk  (cost=0.00..69693.30 rows=4523930 width=4) (actual time=0.020..1500.948 rows=4523930 loops=1)
  ->  Hash  (cost=455012.41..455012.41 rows=170661 width=8) (actual time=10372.769..10372.769 rows=115061 loops=1)
        Buckets: 131072  Batches: 4  Memory Usage: 2173kB
        ->  Hash Join  (cost=74547.79..455012.41 rows=170661 width=8) (actual time=1327.380..9641.565 rows=115061 loops=1)
              Hash Cond: (mi.movie_id = t.id)
              ->  Seq Scan on movie_info mi  (cost=0.00..346232.03 rows=8673596 width=4) (actual time=0.012..5994.455 rows=8786582 loops=1)
                    Filter: (info_type_id < 13)
                    Rows Removed by Filter: 6049138
              ->  Hash  (cost=73925.90..73925.90 rows=49751 width=4) (actual time=1326.785..1326.785 rows=56995 loops=1)
                    Buckets: 65536  Batches: 1  Memory Usage: 2516kB
                    ->  Seq Scan on title t  (cost=0.00..73925.90 rows=49751 width=4) (actual time=0.021..1301.436 rows=56995 loops=1)
                          Filter: ((kind_id > 1) AND (production_year = 2003))
                          Rows Removed by Filter: 2471317
Planning time: 1.139 ms
Execution time: 13761.719 ms
