Hash Join  (cost=709677.58..1074348.31 rows=1481 width=0) (actual time=16228.046..17957.068 rows=2 loops=1)
  Hash Cond: (mi.movie_id = t.id)
  ->  Seq Scan on movie_info mi  (cost=0.00..309384.22 rows=14739122 width=4) (actual time=0.008..4034.780 rows=14835720 loops=1)
  ->  Hash  (cost=709674.40..709674.40 rows=254 width=8) (actual time=11429.749..11429.749 rows=2 loops=1)
        Buckets: 1024  Batches: 1  Memory Usage: 9kB
        ->  Nested Loop  (cost=0.43..709674.40 rows=254 width=8) (actual time=1280.366..11429.739 rows=2 loops=1)
              ->  Seq Scan on cast_info ci  (cost=0.00..705507.15 rows=500 width=4) (actual time=1280.230..11424.958 rows=31 loops=1)
                    Filter: (person_id = 1281883)
                    Rows Removed by Filter: 36244313
              ->  Index Scan using title_pkey on title t  (cost=0.43..8.32 rows=1 width=4) (actual time=0.152..0.152 rows=0 loops=31)
                    Index Cond: (id = ci.movie_id)
                    Filter: ((production_year > 1968) AND (kind_id = 7))
                    Rows Removed by Filter: 1
Planning time: 1.339 ms
Execution time: 17957.252 ms
