Hash Join  (cost=547692.12..1778061.14 rows=20850081 width=0) (actual time=11653.708..58138.023 rows=69777639 loops=1)
  Hash Cond: (ci.movie_id = t.id)
  ->  Seq Scan on cast_info ci  (cost=0.00..705507.15 rows=24022411 width=4) (actual time=0.014..16261.093 rows=24130698 loops=1)
        Filter: (role_id < 4)
        Rows Removed by Filter: 12113646
  ->  Hash  (cost=511686.41..511686.41 rows=2194617 width=8) (actual time=11652.374..11652.374 rows=2233850 loops=1)
        Buckets: 131072  Batches: 32  Memory Usage: 3598kB
        ->  Hash Join  (cost=102767.86..511686.41 rows=2194617 width=8) (actual time=2970.677..11010.079 rows=2233850 loops=1)
              Hash Cond: (mi.movie_id = t.id)
              ->  Seq Scan on movie_info mi  (cost=0.00..346232.03 rows=2194617 width=4) (actual time=348.934..5572.019 rows=2233850 loops=1)
                    Filter: (info_type_id > 16)
                    Rows Removed by Filter: 12601870
              ->  Hash  (cost=61283.27..61283.27 rows=2528527 width=4) (actual time=2611.679..2611.679 rows=2528312 loops=1)
                    Buckets: 131072  Batches: 64  Memory Usage: 2425kB
                    ->  Seq Scan on title t  (cost=0.00..61283.27 rows=2528527 width=4) (actual time=0.034..1209.735 rows=2528312 loops=1)
Planning time: 0.789 ms
Execution time: 65180.625 ms
