Hash Join  (cost=81025.55..1061686.05 rows=3525432 width=0) (actual time=4165.851..25904.648 rows=3498656 loops=1)
  Hash Cond: (ci.movie_id = t.id)
  ->  Seq Scan on cast_info ci  (cost=0.00..705507.15 rows=20601608 width=4) (actual time=2929.539..14359.451 rows=20734599 loops=1)
        Filter: (person_id > 1529511)
        Rows Removed by Filter: 15509745
  ->  Hash  (cost=73925.90..73925.90 rows=432692 width=4) (actual time=1235.298..1235.298 rows=368246 loops=1)
        Buckets: 131072  Batches: 8  Memory Usage: 2639kB
        ->  Seq Scan on title t  (cost=0.00..73925.90 rows=432692 width=4) (actual time=0.044..1122.926 rows=368246 loops=1)
              Filter: ((kind_id < 7) AND (production_year > 2004))
              Rows Removed by Filter: 2160066
Planning time: 0.514 ms
Execution time: 26304.746 ms
