Hash Join  (cost=102767.86..293858.69 rows=4164536 width=0) (actual time=2009.639..7859.407 rows=4166798 loops=1)
  Hash Cond: (mk.movie_id = t.id)
  ->  Seq Scan on movie_keyword mk  (cost=0.00..81003.12 rows=4164536 width=4) (actual time=0.019..1801.619 rows=4166798 loops=1)
        Filter: (keyword_id < 46795)
        Rows Removed by Filter: 357132
  ->  Hash  (cost=61283.27..61283.27 rows=2528527 width=4) (actual time=2008.929..2008.929 rows=2528312 loops=1)
        Buckets: 131072  Batches: 64  Memory Usage: 2425kB
        ->  Seq Scan on title t  (cost=0.00..61283.27 rows=2528527 width=4) (actual time=0.021..1119.282 rows=2528312 loops=1)
Planning time: 2.981 ms
Execution time: 8336.254 ms
