Seq Scan on movie_companies mc  (cost=0.00..57926.93 rows=53 width=0) (actual time=1.073..886.877 rows=878 loops=1)
  Filter: ((company_type_id > 1) AND (company_id = 64))
  Rows Removed by Filter: 2608251
Planning time: 0.389 ms
Execution time: 887.189 ms
