Hash Join  (cost=294066.65..731988.80 rows=3556334 width=0) (actual time=7872.680..17005.626 rows=9822105 loops=1)
  Hash Cond: (mi.movie_id = t.id)
  ->  Seq Scan on movie_info mi  (cost=0.00..346232.03 rows=3623957 width=4) (actual time=1304.945..6135.763 rows=3624977 loops=1)
        Filter: (info_type_id < 4)
        Rows Removed by Filter: 11210743
  ->  Hash  (cost=253356.84..253356.84 rows=2481345 width=8) (actual time=6560.889..6560.889 rows=2473213 loops=1)
        Buckets: 131072  Batches: 64  Memory Usage: 2634kB
        ->  Hash Join  (cost=102767.86..253356.84 rows=2481345 width=8) (actual time=1951.477..5814.844 rows=2473213 loops=1)
              Hash Cond: (mk.movie_id = t.id)
              ->  Seq Scan on movie_keyword mk  (cost=0.00..81003.12 rows=2481345 width=4) (actual time=0.024..1597.278 rows=2473213 loops=1)
                    Filter: (keyword_id > 3658)
                    Rows Removed by Filter: 2050717
              ->  Hash  (cost=61283.27..61283.27 rows=2528527 width=4) (actual time=1950.285..1950.285 rows=2528312 loops=1)
                    Buckets: 131072  Batches: 64  Memory Usage: 2425kB
                    ->  Seq Scan on title t  (cost=0.00..61283.27 rows=2528527 width=4) (actual time=0.024..1093.660 rows=2528312 loops=1)
Planning time: 1.093 ms
Execution time: 18056.774 ms
