Hash Join  (cost=84571.72..128340.62 rows=354142 width=0) (actual time=1416.295..3170.151 rows=629897 loops=1)
  Hash Cond: (mi_idx.movie_id = t.id)
  ->  Seq Scan on movie_info_idx mi_idx  (cost=0.00..21735.35 rows=1380035 width=4) (actual time=0.020..502.837 rows=1380035 loops=1)
  ->  Hash  (cost=73925.90..73925.90 rows=648865 width=4) (actual time=1415.451..1415.451 rows=656311 loops=1)
        Buckets: 131072  Batches: 16  Memory Usage: 2462kB
        ->  Seq Scan on title t  (cost=0.00..73925.90 rows=648865 width=4) (actual time=371.612..1220.353 rows=656311 loops=1)
              Filter: ((kind_id < 2) AND (production_year > 0))
              Rows Removed by Filter: 1872001
Planning time: 0.717 ms
Execution time: 3244.321 ms
