Hash Join  (cost=74617.32..450629.25 rows=164145 width=0) (actual time=1491.703..8488.977 rows=222049 loops=1)
  Hash Cond: (mi.movie_id = t.id)
  ->  Seq Scan on movie_info mi  (cost=0.00..346232.03 rows=7503588 width=4) (actual time=386.306..5629.198 rows=7548855 loops=1)
        Filter: (info_type_id > 7)
        Rows Removed by Filter: 7286865
  ->  Hash  (cost=73925.90..73925.90 rows=55313 width=4) (actual time=1104.931..1104.931 rows=49075 loops=1)
        Buckets: 65536  Batches: 1  Memory Usage: 2238kB
        ->  Seq Scan on title t  (cost=0.00..73925.90 rows=55313 width=4) (actual time=0.313..1084.266 rows=49075 loops=1)
              Filter: ((kind_id < 7) AND (production_year = 2010))
              Rows Removed by Filter: 2479237
Planning time: 0.785 ms
Execution time: 8519.222 ms
