Seq Scan on movie_companies mc  (cost=0.00..57926.93 rows=1098226 width=0) (actual time=6.449..965.878 rows=877593 loops=1)
  Filter: ((company_id < 76770) AND (company_type_id = 2))
  Rows Removed by Filter: 1731536
Planning time: 0.406 ms
Execution time: 1061.564 ms
