Hash Join  (cost=263115.61..1085769.86 rows=4526590 width=0) (actual time=11065.718..24949.353 rows=13902875 loops=1)
  Hash Cond: (ci.movie_id = t.id)
  ->  Seq Scan on cast_info ci  (cost=0.00..705507.15 rows=4386753 width=4) (actual time=3347.132..10766.065 rows=4432971 loops=1)
        Filter: (person_id > 3251902)
        Rows Removed by Filter: 31811373
  ->  Hash  (cost=220309.49..220309.49 rows=2609129 width=8) (actual time=7716.814..7716.814 rows=2609129 loops=1)
        Buckets: 131072  Batches: 64  Memory Usage: 2610kB
        ->  Hash Join  (cost=102767.86..220309.49 rows=2609129 width=8) (actual time=2636.415..6825.183 rows=2609129 loops=1)
              Hash Cond: (mc.movie_id = t.id)
              ->  Seq Scan on movie_companies mc  (cost=0.00..44881.29 rows=2609129 width=4) (actual time=0.025..911.604 rows=2609129 loops=1)
              ->  Hash  (cost=61283.27..61283.27 rows=2528527 width=4) (actual time=2635.227..2635.227 rows=2528312 loops=1)
                    Buckets: 131072  Batches: 64  Memory Usage: 2415kB
                    ->  Seq Scan on title t  (cost=0.00..61283.27 rows=2528527 width=4) (actual time=0.020..1037.825 rows=2528312 loops=1)
Planning time: 4.215 ms
Execution time: 26428.760 ms
