Seq Scan on cast_info ci  (cost=0.00..796071.18 rows=14043576 width=0) (actual time=2166.650..14284.718 rows=8842824 loops=1)
  Filter: ((person_id < 2180832) AND (role_id > 1))
  Rows Removed by Filter: 27401520
Planning time: 0.348 ms
Execution time: 15403.109 ms
