Nested Loop  (cost=0.43..799265.94 rows=382 width=0) (actual time=12774.925..14584.179 rows=574 loops=1)
  ->  Seq Scan on cast_info ci  (cost=0.00..796071.18 rows=382 width=4) (actual time=12774.774..14572.612 rows=574 loops=1)
        Filter: ((role_id < 6) AND (person_id = 859604))
        Rows Removed by Filter: 36243770
  ->  Index Only Scan using title_pkey on title t  (cost=0.43..8.35 rows=1 width=4) (actual time=0.019..0.019 rows=1 loops=574)
        Index Cond: (id = ci.movie_id)
        Heap Fetches: 574
Planning time: 1.286 ms
Execution time: 14584.397 ms
