Hash Join  (cost=73982.55..825421.01 rows=64929 width=0) (actual time=1095.454..19613.948 rows=216331 loops=1)
  Hash Cond: (ci.movie_id = t.id)
  ->  Seq Scan on cast_info ci  (cost=0.00..614943.12 rows=36225612 width=4) (actual time=0.015..9239.662 rows=36244344 loops=1)
  ->  Hash  (cost=73925.90..73925.90 rows=4532 width=4) (actual time=1094.918..1094.918 rows=14720 loops=1)
        Buckets: 16384 (originally 8192)  Batches: 1 (originally 1)  Memory Usage: 646kB
        ->  Seq Scan on title t  (cost=0.00..73925.90 rows=4532 width=4) (actual time=0.056..1088.033 rows=14720 loops=1)
              Filter: ((kind_id = 7) AND (production_year = 1992))
              Rows Removed by Filter: 2513592
Planning time: 0.600 ms
Execution time: 19647.983 ms
