Hash Join  (cost=92883.59..957465.09 rows=2014108 width=0) (actual time=2432.701..20355.627 rows=2454970 loops=1)
  Hash Cond: (ci.movie_id = t.id)
  ->  Seq Scan on cast_info ci  (cost=0.00..796071.18 rows=3305249 width=4) (actual time=682.413..15869.107 rows=3709316 loops=1)
        Filter: ((person_id < 3018054) AND (role_id = 3))
        Rows Removed by Filter: 32535028
  ->  Hash  (cost=67604.59..67604.59 rows=1540800 width=4) (actual time=1749.271..1749.271 rows=1543264 loops=1)
        Buckets: 131072  Batches: 32  Memory Usage: 2722kB
        ->  Seq Scan on title t  (cost=0.00..67604.59 rows=1540800 width=4) (actual time=339.482..1259.628 rows=1543264 loops=1)
              Filter: (kind_id = 7)
              Rows Removed by Filter: 985048
Planning time: 0.816 ms
Execution time: 20635.633 ms
