Hash Join  (cost=137528.28..206129.51 rows=84506 width=0) (actual time=3803.978..4249.885 rows=68782 loops=1)
  Hash Cond: (mc.movie_id = t.id)
  ->  Seq Scan on movie_companies mc  (cost=0.00..57926.93 rows=754194 width=4) (actual time=0.026..975.693 rows=469769 loops=1)
        Filter: ((company_id < 13365) AND (company_type_id = 2))
        Rows Removed by Filter: 2139360
  ->  Hash  (cost=132879.85..132879.85 rows=283315 width=8) (actual time=3042.711..3042.711 rows=141906 loops=1)
        Buckets: 131072  Batches: 4  Memory Usage: 2407kB
        ->  Hash Join  (cost=92883.59..132879.85 rows=283315 width=8) (actual time=1893.595..2995.734 rows=141906 loops=1)
              Hash Cond: (mi_idx.movie_id = t.id)
              ->  Seq Scan on movie_info_idx mi_idx  (cost=0.00..25185.44 rows=464934 width=4) (actual time=0.034..505.423 rows=460185 loops=1)
                    Filter: (info_type_id > 100)
                    Rows Removed by Filter: 919850
              ->  Hash  (cost=67604.59..67604.59 rows=1540800 width=4) (actual time=1892.478..1892.478 rows=1543264 loops=1)
                    Buckets: 131072  Batches: 32  Memory Usage: 2722kB
                    ->  Seq Scan on title t  (cost=0.00..67604.59 rows=1540800 width=4) (actual time=0.017..1239.541 rows=1543264 loops=1)
                          Filter: (kind_id = 7)
                          Rows Removed by Filter: 985048
Planning time: 1.221 ms
Execution time: 4259.514 ms
