Hash Join  (cost=198360.57..335487.09 rows=1187185 width=0) (actual time=4195.741..8706.198 rows=5025228 loops=1)
  Hash Cond: (mk.movie_id = t.id)
  ->  Seq Scan on movie_keyword mk  (cost=0.00..81003.12 rows=3540679 width=4) (actual time=0.026..1740.330 rows=3532756 loops=1)
        Filter: (keyword_id < 18665)
        Rows Removed by Filter: 991174
  ->  Hash  (cost=184450.92..184450.92 rows=847812 width=8) (actual time=4194.503..4194.503 rows=856917 loops=1)
        Buckets: 131072  Batches: 16  Memory Usage: 3144kB
        ->  Hash Join  (cost=102767.86..184450.92 rows=847812 width=8) (actual time=1861.123..3950.821 rows=856917 loops=1)
              Hash Cond: (mc.movie_id = t.id)
              ->  Seq Scan on movie_companies mc  (cost=0.00..51404.11 rows=847812 width=4) (actual time=0.010..993.670 rows=856917 loops=1)
                    Filter: (company_id > 24615)
                    Rows Removed by Filter: 1752212
              ->  Hash  (cost=61283.27..61283.27 rows=2528527 width=4) (actual time=1859.196..1859.196 rows=2528312 loops=1)
                    Buckets: 131072  Batches: 64  Memory Usage: 2415kB
                    ->  Seq Scan on title t  (cost=0.00..61283.27 rows=2528527 width=4) (actual time=0.029..1011.809 rows=2528312 loops=1)
Planning time: 1.109 ms
Execution time: 9255.498 ms
