Seq Scan on movie_companies mc  (cost=0.00..51404.11 rows=1111170 width=0) (actual time=0.022..769.676 rows=1107303 loops=1)
  Filter: (company_id < 7676)
  Rows Removed by Filter: 1501826
Planning time: 0.361 ms
Execution time: 902.796 ms
