Hash Join  (cost=99574.92..620205.74 rows=5477787 width=0) (actual time=2884.713..14503.404 rows=3073385 loops=1)
  Hash Cond: (mi.movie_id = t.id)
  ->  Seq Scan on movie_info mi  (cost=0.00..346232.03 rows=8859586 width=4) (actual time=898.349..6584.256 rows=8966694 loops=1)
        Filter: (info_type_id < 15)
        Rows Removed by Filter: 5869026
  ->  Hash  (cost=73925.90..73925.90 rows=1563361 width=4) (actual time=1985.518..1985.518 rows=1679658 loops=1)
        Buckets: 131072  Batches: 32  Memory Usage: 2881kB
        ->  Seq Scan on title t  (cost=0.00..73925.90 rows=1563361 width=4) (actual time=0.023..1439.300 rows=1679658 loops=1)
              Filter: ((kind_id > 1) AND (production_year > 1967))
              Rows Removed by Filter: 848654
Planning time: 0.697 ms
Execution time: 14844.990 ms
