Hash Join  (cost=460850.36..548371.82 rows=86343 width=0) (actual time=7647.429..10463.590 rows=4194976 loops=1)
  Hash Cond: (mk.movie_id = t.id)
  ->  Seq Scan on movie_keyword mk  (cost=0.00..69693.30 rows=4523930 width=4) (actual time=0.013..1023.158 rows=4523930 loops=1)
  ->  Hash  (cost=460247.12..460247.12 rows=48259 width=8) (actual time=7642.364..7642.364 rows=49152 loops=1)
        Buckets: 65536  Batches: 1  Memory Usage: 2432kB
        ->  Hash Join  (cost=104131.46..460247.12 rows=48259 width=8) (actual time=5251.889..7626.084 rows=49152 loops=1)
              Hash Cond: (mi.movie_id = t.id)
              ->  Seq Scan on movie_info mi  (cost=0.00..346232.03 rows=54808 width=4) (actual time=3129.770..5128.045 rows=50267 loops=1)
                    Filter: (info_type_id > 107)
                    Rows Removed by Filter: 14785453
              ->  Hash  (cost=67604.59..67604.59 rows=2226390 width=4) (actual time=2070.525..2070.525 rows=2224569 loops=1)
                    Buckets: 131072  Batches: 32  Memory Usage: 3472kB
                    ->  Seq Scan on title t  (cost=0.00..67604.59 rows=2226390 width=4) (actual time=0.034..1339.556 rows=2224569 loops=1)
                          Filter: (production_year < 2012)
                          Rows Removed by Filter: 303743
Planning time: 0.861 ms
Execution time: 10968.677 ms
