Hash Join  (cost=68100.81..95101.31 rows=7294 width=0) (actual time=1008.998..1621.072 rows=7816 loops=1)
  Hash Cond: (mi_idx.movie_id = t.id)
  ->  Seq Scan on movie_info_idx mi_idx  (cost=0.00..25185.44 rows=464566 width=4) (actual time=0.023..473.782 rows=459925 loops=1)
        Filter: (info_type_id = 101)
        Rows Removed by Filter: 920110
  ->  Hash  (cost=67604.59..67604.59 rows=39698 width=4) (actual time=1008.554..1008.554 rows=36437 loops=1)
        Buckets: 65536  Batches: 1  Memory Usage: 1793kB
        ->  Seq Scan on title t  (cost=0.00..67604.59 rows=39698 width=4) (actual time=1.338..992.624 rows=36437 loops=1)
              Filter: (production_year = 1995)
              Rows Removed by Filter: 2491875
Planning time: 12.688 ms
Execution time: 1622.521 ms
