Hash Join  (cost=102767.86..973629.20 rows=2697610 width=0) (actual time=6165.074..20276.741 rows=3794972 loops=1)
  Hash Cond: (ci.movie_id = t.id)
  ->  Seq Scan on cast_info ci  (cost=0.00..796071.18 rows=2697610 width=4) (actual time=3866.984..14599.738 rows=3794972 loops=1)
        Filter: ((person_id > 1336775) AND (role_id = 10))
        Rows Removed by Filter: 32449372
  ->  Hash  (cost=61283.27..61283.27 rows=2528527 width=4) (actual time=2296.030..2296.030 rows=2528312 loops=1)
        Buckets: 131072  Batches: 64  Memory Usage: 2415kB
        ->  Seq Scan on title t  (cost=0.00..61283.27 rows=2528527 width=4) (actual time=0.034..1251.066 rows=2528312 loops=1)
Planning time: 0.673 ms
Execution time: 20708.202 ms
