Hash Join  (cost=197346.41..1094628.26 rows=1136172 width=0) (actual time=4009.165..24098.518 rows=2949483 loops=1)
  Hash Cond: (ci.movie_id = t.id)
  ->  Seq Scan on cast_info ci  (cost=0.00..705507.15 rows=14018393 width=4) (actual time=0.023..13489.666 rows=14199450 loops=1)
        Filter: (person_id > 2245132)
        Rows Removed by Filter: 22044894
  ->  Hash  (cost=193983.74..193983.74 rows=204934 width=8) (actual time=4008.144..4008.144 rows=472540 loops=1)
        Buckets: 131072 (originally 131072)  Batches: 8 (originally 4)  Memory Usage: 3332kB
        ->  Hash Join  (cost=69484.36..193983.74 rows=204934 width=8) (actual time=1099.650..3847.622 rows=472540 loops=1)
              Hash Cond: (mk.movie_id = t.id)
              ->  Seq Scan on movie_keyword mk  (cost=0.00..69693.30 rows=4523930 width=4) (actual time=0.014..1213.042 rows=4523930 loops=1)
              ->  Hash  (cost=67604.59..67604.59 rows=114542 width=4) (actual time=1098.996..1098.996 rows=118234 loops=1)
                    Buckets: 131072  Batches: 2  Memory Usage: 3107kB
                    ->  Seq Scan on title t  (cost=0.00..67604.59 rows=114542 width=4) (actual time=231.327..1057.965 rows=118234 loops=1)
                          Filter: (kind_id = 4)
                          Rows Removed by Filter: 2410078
Planning time: 0.808 ms
Execution time: 24424.784 ms
