Hash Join  (cost=163686.30..870216.90 rows=1837 width=0) (actual time=5265.539..13908.483 rows=1558 loops=1)
  Hash Cond: (ci.movie_id = t.id)
  ->  Seq Scan on cast_info ci  (cost=0.00..705507.15 rows=50014 width=4) (actual time=2266.105..10882.981 rows=66218 loops=1)
        Filter: (person_id > 4051643)
        Rows Removed by Filter: 36178126
  ->  Hash  (cost=162162.03..162162.03 rows=92902 width=8) (actual time=2997.510..2997.510 rows=19488 loops=1)
        Buckets: 131072  Batches: 2  Memory Usage: 1383kB
        ->  Hash Join  (cost=74574.97..162162.03 rows=92902 width=8) (actual time=1166.104..2990.227 rows=19488 loops=1)
              Hash Cond: (mk.movie_id = t.id)
              ->  Seq Scan on movie_keyword mk  (cost=0.00..69693.30 rows=4523930 width=4) (actual time=0.023..948.538 rows=4523930 loops=1)
              ->  Hash  (cost=73925.90..73925.90 rows=51925 width=4) (actual time=1162.249..1162.249 rows=56480 loops=1)
                    Buckets: 65536  Batches: 1  Memory Usage: 2498kB
                    ->  Seq Scan on title t  (cost=0.00..73925.90 rows=51925 width=4) (actual time=227.378..1132.200 rows=56480 loops=1)
                          Filter: ((kind_id = 7) AND (production_year = 2004))
                          Rows Removed by Filter: 2471832
Planning time: 1.278 ms
Execution time: 13908.926 ms
