Hash Join  (cost=217830.41..367245.06 rows=2249961 width=0) (actual time=5071.453..10216.959 rows=8322934 loops=1)
  Hash Cond: (mk.movie_id = t.id)
  ->  Seq Scan on movie_keyword mk  (cost=0.00..69693.30 rows=4523930 width=4) (actual time=0.027..1368.119 rows=4523930 loops=1)
  ->  Hash  (cost=197197.99..197197.99 rows=1257554 width=8) (actual time=5070.787..5070.787 rows=1278460 loops=1)
        Buckets: 131072  Batches: 32  Memory Usage: 2593kB
        ->  Hash Join  (cost=106840.27..197197.99 rows=1257554 width=8) (actual time=2142.028..4686.722 rows=1278460 loops=1)
              Hash Cond: (mc.movie_id = t.id)
              ->  Seq Scan on movie_companies mc  (cost=0.00..51404.11 rows=1329612 width=4) (actual time=0.019..1045.488 rows=1334883 loops=1)
                    Filter: (company_type_id = 2)
                    Rows Removed by Filter: 1274246
              ->  Hash  (cost=67604.59..67604.59 rows=2391495 width=4) (actual time=2141.056..2141.056 rows=2388876 loops=1)
                    Buckets: 131072  Batches: 32  Memory Usage: 3646kB
                    ->  Seq Scan on title t  (cost=0.00..67604.59 rows=2391495 width=4) (actual time=0.020..1394.990 rows=2388876 loops=1)
                          Filter: (production_year < 2013)
                          Rows Removed by Filter: 139436
Planning time: 4.668 ms
Execution time: 11065.979 ms
