Seq Scan on cast_info ci  (cost=0.00..796071.18 rows=168 width=0) (actual time=914.252..13522.154 rows=3 loops=1)
  Filter: ((role_id > 3) AND (person_id = 2780485))
  Rows Removed by Filter: 36244341
Planning time: 0.412 ms
Execution time: 13522.292 ms
