Hash Join  (cost=83568.99..218383.10 rows=1051607 width=0) (actual time=1553.568..6019.565 rows=2791946 loops=1)
  Hash Cond: (mk.movie_id = t.id)
  ->  Seq Scan on movie_keyword mk  (cost=0.00..69693.30 rows=4523930 width=4) (actual time=0.018..1263.119 rows=4523930 loops=1)
  ->  Hash  (cost=73925.90..73925.90 rows=587767 width=4) (actual time=1552.618..1552.618 rows=594730 loops=1)
        Buckets: 131072  Batches: 8  Memory Usage: 3657kB
        ->  Seq Scan on title t  (cost=0.00..73925.90 rows=587767 width=4) (actual time=0.021..1372.652 rows=594730 loops=1)
              Filter: ((production_year < 2012) AND (kind_id = 1))
              Rows Removed by Filter: 1933582
Planning time: 1.583 ms
Execution time: 6345.335 ms
