Hash Join  (cost=75203.83..491744.73 rows=181530 width=0) (actual time=3650.092..9628.742 rows=370894 loops=1)
  Hash Cond: (mi.movie_id = t.id)
  ->  Seq Scan on movie_info mi  (cost=0.00..346232.03 rows=5897221 width=4) (actual time=2360.339..6026.378 rows=5884963 loops=1)
        Filter: (info_type_id < 7)
        Rows Removed by Filter: 8950757
  ->  Hash  (cost=73925.90..73925.90 rows=77834 width=4) (actual time=1220.568..1220.568 rows=88893 loops=1)
        Buckets: 131072  Batches: 2  Memory Usage: 2597kB
        ->  Seq Scan on title t  (cost=0.00..73925.90 rows=77834 width=4) (actual time=0.028..1188.759 rows=88893 loops=1)
              Filter: ((production_year < 2010) AND (kind_id = 3))
              Rows Removed by Filter: 2439419
Planning time: 0.806 ms
Execution time: 9677.798 ms
