Seq Scan on cast_info ci  (cost=0.00..705507.15 rows=24714308 width=0) (actual time=0.013..13603.522 rows=24823480 loops=1)
  Filter: (person_id > 1122424)
  Rows Removed by Filter: 11420864
Planning time: 0.316 ms
Execution time: 16686.108 ms
