Hash Join  (cost=814531.90..892617.33 rows=220191 width=0) (actual time=14884.325..16894.855 rows=244088 loops=1)
  Hash Cond: (mc.movie_id = t.id)
  ->  Seq Scan on movie_companies mc  (cost=0.00..44881.29 rows=2609129 width=4) (actual time=0.020..863.850 rows=2609129 loops=1)
  ->  Hash  (cost=811030.53..811030.53 rows=213389 width=8) (actual time=14883.297..14883.297 rows=174853 loops=1)
        Buckets: 131072  Batches: 4  Memory Usage: 2729kB
        ->  Hash Join  (cost=92883.59..811030.53 rows=213389 width=8) (actual time=12485.454..14827.821 rows=174853 loops=1)
              Hash Cond: (ci.movie_id = t.id)
              ->  Seq Scan on cast_info ci  (cost=0.00..705507.15 rows=350181 width=4) (actual time=10697.841..12554.703 rows=316118 loops=1)
                    Filter: (role_id > 10)
                    Rows Removed by Filter: 35928226
              ->  Hash  (cost=67604.59..67604.59 rows=1540800 width=4) (actual time=1785.988..1785.988 rows=1543264 loops=1)
                    Buckets: 131072  Batches: 32  Memory Usage: 2722kB
                    ->  Seq Scan on title t  (cost=0.00..67604.59 rows=1540800 width=4) (actual time=0.025..1280.457 rows=1543264 loops=1)
                          Filter: (kind_id = 7)
                          Rows Removed by Filter: 985048
Planning time: 1.223 ms
Execution time: 16926.761 ms
