Hash Join  (cost=207952.29..288029.48 rows=364667 width=0) (actual time=4171.115..7027.258 rows=2883697 loops=1)
  Hash Cond: (mc.movie_id = t.id)
  ->  Seq Scan on movie_companies mc  (cost=0.00..44881.29 rows=2609129 width=4) (actual time=0.015..910.633 rows=2609129 loops=1)
  ->  Hash  (cost=202153.77..202153.77 rows=353402 width=8) (actual time=4170.157..4170.157 rows=350309 loops=1)
        Buckets: 131072  Batches: 8  Memory Usage: 2760kB
        ->  Hash Join  (cost=102767.86..202153.77 rows=353402 width=8) (actual time=2006.530..4072.998 rows=350309 loops=1)
              Hash Cond: (mk.movie_id = t.id)
              ->  Seq Scan on movie_keyword mk  (cost=0.00..81003.12 rows=353402 width=4) (actual time=0.034..1356.065 rows=350309 loops=1)
                    Filter: (keyword_id > 47475)
                    Rows Removed by Filter: 4173621
              ->  Hash  (cost=61283.27..61283.27 rows=2528527 width=4) (actual time=2004.610..2004.610 rows=2528312 loops=1)
                    Buckets: 131072  Batches: 64  Memory Usage: 2425kB
                    ->  Seq Scan on title t  (cost=0.00..61283.27 rows=2528527 width=4) (actual time=0.032..1150.969 rows=2528312 loops=1)
Planning time: 1.078 ms
Execution time: 7365.713 ms
