Hash Join  (cost=83072.49..798836.18 rows=17 width=0) (actual time=12826.444..14796.849 rows=33 loops=1)
  Hash Cond: (ci.movie_id = t.id)
  ->  Seq Scan on cast_info ci  (cost=0.00..705507.15 rows=2735034 width=4) (actual time=11521.327..13156.381 rows=2728943 loops=1)
        Filter: (role_id = 4)
        Rows Removed by Filter: 33515401
  ->  Hash  (cost=83072.29..83072.29 rows=16 width=8) (actual time=1290.211..1290.211 rows=18 loops=1)
        Buckets: 1024  Batches: 1  Memory Usage: 9kB
        ->  Nested Loop  (cost=0.43..83072.29 rows=16 width=8) (actual time=309.167..1290.159 rows=18 loops=1)
              ->  Seq Scan on movie_keyword mk  (cost=0.00..81003.12 rows=246 width=4) (actual time=2.467..1255.380 rows=833 loops=1)
                    Filter: (keyword_id = 3444)
                    Rows Removed by Filter: 4523097
              ->  Index Scan using title_pkey on title t  (cost=0.43..8.40 rows=1 width=4) (actual time=0.040..0.040 rows=0 loops=833)
                    Index Cond: (id = mk.movie_id)
                    Filter: (production_year = 2011)
                    Rows Removed by Filter: 1
Planning time: 1.190 ms
Execution time: 14797.007 ms
