Hash Join  (cost=82871.49..165677.30 rows=562628 width=0) (actual time=1442.154..3998.813 rows=1170137 loops=1)
  Hash Cond: (mc.movie_id = t.id)
  ->  Seq Scan on movie_companies mc  (cost=0.00..44881.29 rows=2609129 width=4) (actual time=0.020..981.411 rows=2609129 loops=1)
  ->  Hash  (cost=73925.90..73925.90 rows=545247 width=4) (actual time=1363.346..1363.346 rows=557319 loops=1)
        Buckets: 131072  Batches: 8  Memory Usage: 3485kB
        ->  Seq Scan on title t  (cost=0.00..73925.90 rows=545247 width=4) (actual time=88.011..1187.827 rows=557319 loops=1)
              Filter: ((kind_id < 2) AND (production_year < 2011))
              Rows Removed by Filter: 1970993
Planning time: 1.007 ms
Execution time: 4136.369 ms
