Hash Join  (cost=82955.72..1015443.72 rows=2127187 width=0) (actual time=8386.214..21251.438 rows=1504801 loops=1)
  Hash Cond: (ci.movie_id = t.id)
  ->  Seq Scan on cast_info ci  (cost=0.00..796071.18 rows=9772522 width=4) (actual time=6803.022..14901.649 rows=6680250 loops=1)
        Filter: ((person_id > 812566) AND (role_id = 1))
        Rows Removed by Filter: 29564094
  ->  Hash  (cost=73925.90..73925.90 rows=550385 width=4) (actual time=1581.868..1581.868 rows=602403 loops=1)
        Buckets: 131072  Batches: 8  Memory Usage: 3672kB
        ->  Seq Scan on title t  (cost=0.00..73925.90 rows=550385 width=4) (actual time=100.508..1396.566 rows=602403 loops=1)
              Filter: ((production_year > 2006) AND (kind_id = 7))
              Rows Removed by Filter: 1925909
Planning time: 0.774 ms
Execution time: 21428.983 ms
