Seq Scan on cast_info ci  (cost=0.00..796071.18 rows=176 width=0) (actual time=1302.755..10433.090 rows=1 loops=1)
  Filter: ((person_id = 451535) AND (role_id = 1))
  Rows Removed by Filter: 36244343
Planning time: 0.423 ms
Execution time: 10433.220 ms
