Hash Join  (cost=174403.47..309578.07 rows=981601 width=0) (actual time=4923.606..14517.639 rows=23537336 loops=1)
  Hash Cond: (mk.movie_id = t.id)
  ->  Seq Scan on movie_keyword mk  (cost=0.00..81003.12 rows=3603322 width=4) (actual time=0.024..1784.893 rows=3608992 loops=1)
        Filter: (keyword_id < 20333)
        Rows Removed by Filter: 914938
  ->  Hash  (cost=163102.35..163102.35 rows=688810 width=8) (actual time=4921.857..4921.857 rows=1307690 loops=1)
        Buckets: 131072 (originally 131072)  Batches: 32 (originally 16)  Memory Usage: 3073kB
        ->  Hash Join  (cost=78556.72..163102.35 rows=688810 width=8) (actual time=1821.253..4516.953 rows=1307690 loops=1)
              Hash Cond: (mc.movie_id = t.id)
              ->  Seq Scan on movie_companies mc  (cost=0.00..44881.29 rows=2609129 width=4) (actual time=0.017..886.262 rows=2609129 loops=1)
              ->  Hash  (cost=67604.59..67604.59 rows=667531 width=4) (actual time=1820.498..1820.498 rows=662825 loops=1)
                    Buckets: 131072  Batches: 16  Memory Usage: 2476kB
                    ->  Seq Scan on title t  (cost=0.00..67604.59 rows=667531 width=4) (actual time=0.019..1181.825 rows=662825 loops=1)
                          Filter: (kind_id = 1)
                          Rows Removed by Filter: 1865487
Planning time: 1.107 ms
Execution time: 17063.602 ms
