Seq Scan on cast_info ci  (cost=0.00..796071.18 rows=3686466 width=0) (actual time=1743.845..13603.022 rows=6218394 loops=1)
  Filter: ((person_id > 2067604) AND (role_id > 5))
  Rows Removed by Filter: 30025950
Planning time: 0.278 ms
Execution time: 14347.603 ms
