Seq Scan on cast_info ci  (cost=0.00..705507.15 rows=12538780 width=0) (actual time=357.042..9546.973 rows=12468838 loops=1)
  Filter: (person_id < 1229743)
  Rows Removed by Filter: 23775506
Planning time: 0.481 ms
Execution time: 11017.232 ms
