Hash Join  (cost=147820.49..640477.53 rows=1204311 width=0) (actual time=3165.546..16295.282 rows=1931628 loops=1)
  Hash Cond: (mi.movie_id = t.id)
  ->  Seq Scan on movie_info mi  (cost=0.00..309384.22 rows=14739122 width=4) (actual time=0.006..6065.381 rows=14835720 loops=1)
  ->  Hash  (cost=144429.96..144429.96 rows=206602 width=8) (actual time=3164.745..3164.745 rows=176197 loops=1)
        Buckets: 131072  Batches: 4  Memory Usage: 2765kB
        ->  Hash Join  (cost=74050.79..144429.96 rows=206602 width=8) (actual time=1808.632..3106.676 rows=176197 loops=1)
              Hash Cond: (mc.movie_id = t.id)
              ->  Seq Scan on movie_companies mc  (cost=0.00..51404.11 rows=1329612 width=4) (actual time=459.345..1038.109 rows=1334883 loops=1)
                    Filter: (company_type_id = 2)
                    Rows Removed by Filter: 1274246
              ->  Hash  (cost=67604.59..67604.59 rows=392896 width=4) (actual time=1348.201..1348.201 rows=391666 loops=1)
                    Buckets: 131072  Batches: 8  Memory Usage: 2753kB
                    ->  Seq Scan on title t  (cost=0.00..67604.59 rows=392896 width=4) (actual time=0.033..1209.317 rows=391666 loops=1)
                          Filter: (production_year > 2010)
                          Rows Removed by Filter: 2136646
Planning time: 1.124 ms
Execution time: 16520.128 ms
