Hash Join  (cost=913199.58..1037615.79 rows=198117 width=0) (actual time=13727.478..16671.452 rows=384220 loops=1)
  Hash Cond: (mk.movie_id = t.id)
  ->  Seq Scan on movie_keyword mk  (cost=0.00..69693.30 rows=4523930 width=4) (actual time=0.015..1486.583 rows=4523930 loops=1)
  ->  Hash  (cost=911382.43..911382.43 rows=110732 width=8) (actual time=13725.091..13725.091 rows=98722 loops=1)
        Buckets: 131072  Batches: 2  Memory Usage: 2955kB
        ->  Hash Join  (cost=102767.86..911382.43 rows=110732 width=8) (actual time=9797.946..13692.185 rows=98722 loops=1)
              Hash Cond: (ci.movie_id = t.id)
              ->  Seq Scan on cast_info ci  (cost=0.00..796071.18 rows=110732 width=4) (actual time=7774.962..11229.716 rows=98722 loops=1)
                    Filter: ((person_id < 139497) AND (role_id = 4))
                    Rows Removed by Filter: 36145622
              ->  Hash  (cost=61283.27..61283.27 rows=2528527 width=4) (actual time=2020.962..2020.962 rows=2528312 loops=1)
                    Buckets: 131072  Batches: 64  Memory Usage: 2415kB
                    ->  Seq Scan on title t  (cost=0.00..61283.27 rows=2528527 width=4) (actual time=0.015..1161.559 rows=2528312 loops=1)
Planning time: 2.073 ms
Execution time: 16719.645 ms
