Hash Join  (cost=104071.89..586031.01 rows=5169612 width=0) (actual time=2768.403..14176.829 rows=5250440 loops=1)
  Hash Cond: (mi.movie_id = t.id)
  ->  Seq Scan on movie_info mi  (cost=0.00..346232.03 rows=5880796 width=4) (actual time=404.091..6448.029 rows=5869026 loops=1)
        Filter: (info_type_id > 13)
        Rows Removed by Filter: 8966694
  ->  Hash  (cost=67604.59..67604.59 rows=2222744 width=4) (actual time=2362.899..2362.899 rows=2214818 loops=1)
        Buckets: 131072  Batches: 32  Memory Usage: 3469kB
        ->  Seq Scan on title t  (cost=0.00..67604.59 rows=2222744 width=4) (actual time=0.015..1475.191 rows=2214818 loops=1)
              Filter: (production_year > 1959)
              Rows Removed by Filter: 313494
Planning time: 0.663 ms
Execution time: 14831.951 ms
