Hash Join  (cost=102767.86..229657.81 rows=1496420 width=0) (actual time=2079.089..5448.324 rows=1506709 loops=1)
  Hash Cond: (mk.movie_id = t.id)
  ->  Seq Scan on movie_keyword mk  (cost=0.00..81003.12 rows=1496420 width=4) (actual time=0.019..1554.938 rows=1506709 loops=1)
        Filter: (keyword_id < 2176)
        Rows Removed by Filter: 3017221
  ->  Hash  (cost=61283.27..61283.27 rows=2528527 width=4) (actual time=2076.176..2076.176 rows=2528312 loops=1)
        Buckets: 131072  Batches: 64  Memory Usage: 2425kB
        ->  Seq Scan on title t  (cost=0.00..61283.27 rows=2528527 width=4) (actual time=0.021..1223.146 rows=2528312 loops=1)
Planning time: 0.735 ms
Execution time: 5641.457 ms
