Hash Join  (cost=188712.61..722140.49 rows=5025395 width=0) (actual time=4584.890..19471.484 rows=4618144 loops=1)
  Hash Cond: (mi.movie_id = t.id)
  ->  Seq Scan on movie_info mi  (cost=0.00..309384.22 rows=14739122 width=4) (actual time=0.024..6205.656 rows=14835720 loops=1)
  ->  Hash  (cost=174568.15..174568.15 rows=862117 width=8) (actual time=4580.761..4580.761 rows=487285 loops=1)
        Buckets: 131072  Batches: 16  Memory Usage: 2202kB
        ->  Hash Join  (cost=87633.46..174568.15 rows=862117 width=8) (actual time=2093.319..4446.380 rows=487285 loops=1)
              Hash Cond: (mc.movie_id = t.id)
              ->  Seq Scan on movie_companies mc  (cost=0.00..44881.29 rows=2609129 width=4) (actual time=0.015..907.975 rows=2609129 loops=1)
              ->  Hash  (cost=73925.90..73925.90 rows=835484 width=4) (actual time=2091.842..2091.842 rows=906916 loops=1)
                    Buckets: 131072  Batches: 16  Memory Usage: 3024kB
                    ->  Seq Scan on title t  (cost=0.00..73925.90 rows=835484 width=4) (actual time=0.014..1193.621 rows=906916 loops=1)
                          Filter: ((kind_id > 2) AND (production_year > 2003))
                          Rows Removed by Filter: 1621396
Planning time: 4.341 ms
Execution time: 20008.500 ms
