Seq Scan on cast_info ci  (cost=0.00..796071.18 rows=678323 width=0) (actual time=10403.167..12960.594 rows=783513 loops=1)
  Filter: ((person_id > 854893) AND (role_id = 5))
  Rows Removed by Filter: 35460831
Planning time: 0.403 ms
Execution time: 13056.139 ms
