Hash Join  (cost=169044.82..920447.74 rows=61376 width=0) (actual time=3323.919..19705.660 rows=1129 loops=1)
  Hash Cond: (ci.movie_id = t.id)
  ->  Seq Scan on cast_info ci  (cost=0.00..614943.12 rows=36225612 width=4) (actual time=0.022..9423.656 rows=36244344 loops=1)
  ->  Hash  (cost=168991.27..168991.27 rows=4284 width=8) (actual time=3257.960..3257.960 rows=481 loops=1)
        Buckets: 8192  Batches: 1  Memory Usage: 83kB
        ->  Hash Join  (cost=73962.22..168991.27 rows=4284 width=8) (actual time=1133.864..3257.546 rows=481 loops=1)
              Hash Cond: (mk.movie_id = t.id)
              ->  Seq Scan on movie_keyword mk  (cost=0.00..81003.12 rows=3728823 width=4) (actual time=0.019..1600.567 rows=3728623 loops=1)
                    Filter: (keyword_id > 764)
                    Rows Removed by Filter: 795307
              ->  Hash  (cost=73925.90..73925.90 rows=2905 width=4) (actual time=1121.919..1121.919 rows=1787 loops=1)
                    Buckets: 4096  Batches: 1  Memory Usage: 95kB
                    ->  Seq Scan on title t  (cost=0.00..73925.90 rows=2905 width=4) (actual time=1.007..1120.898 rows=1787 loops=1)
                          Filter: ((kind_id < 7) AND (production_year = 1899))
                          Rows Removed by Filter: 2526525
Planning time: 1.215 ms
Execution time: 19706.052 ms
