Seq Scan on movie_companies mc  (cost=0.00..51404.11 rows=104 width=0) (actual time=100.773..761.539 rows=93 loops=1)
  Filter: (company_id = 41874)
  Rows Removed by Filter: 2609036
Planning time: 0.342 ms
Execution time: 761.653 ms
