Seq Scan on cast_info ci  (cost=0.00..705507.15 rows=14387281 width=0) (actual time=0.026..12312.923 rows=14317483 loops=1)
  Filter: (person_id < 1409743)
  Rows Removed by Filter: 21926861
Planning time: 0.334 ms
Execution time: 14086.646 ms
