Nested Loop  (cost=0.43..58358.27 rows=51 width=0) (actual time=1.328..809.430 rows=10 loops=1)
  ->  Seq Scan on movie_companies mc  (cost=0.00..57926.93 rows=51 width=4) (actual time=1.252..808.894 rows=10 loops=1)
        Filter: ((company_id = 22485) AND (company_type_id = 1))
        Rows Removed by Filter: 2609119
  ->  Index Only Scan using title_pkey on title t  (cost=0.43..8.45 rows=1 width=4) (actual time=0.048..0.048 rows=1 loops=10)
        Index Cond: (id = mc.movie_id)
        Heap Fetches: 10
Planning time: 0.783 ms
Execution time: 809.499 ms
