Seq Scan on title t  (cost=0.00..73925.90 rows=345888 width=0) (actual time=0.012..1128.750 rows=457402 loops=1)
  Filter: ((kind_id < 7) AND (production_year < 1997))
  Rows Removed by Filter: 2070910
Planning time: 0.228 ms
Execution time: 1191.430 ms
