Hash Join  (cost=84197.31..142670.49 rows=80104 width=0) (actual time=1964.925..2804.587 rows=86160 loops=1)
  Hash Cond: (mc.movie_id = t.id)
  ->  Seq Scan on movie_companies mc  (cost=0.00..51404.11 rows=200274 width=4) (actual time=358.575..897.703 rows=201899 loops=1)
        Filter: (company_id > 112858)
        Rows Removed by Filter: 2407230
  ->  Hash  (cost=67604.59..67604.59 rows=1011338 width=4) (actual time=1605.155..1605.155 rows=1012920 loops=1)
        Buckets: 131072  Batches: 16  Memory Usage: 3250kB
        ->  Seq Scan on title t  (cost=0.00..67604.59 rows=1011338 width=4) (actual time=0.037..1279.201 rows=1012920 loops=1)
              Filter: (production_year > 2005)
              Rows Removed by Filter: 1515392
Planning time: 0.723 ms
Execution time: 2815.233 ms
