Nested Loop  (cost=0.43..709671.90 rows=500 width=0) (actual time=11152.108..11343.507 rows=227 loops=1)
  ->  Seq Scan on cast_info ci  (cost=0.00..705507.15 rows=500 width=4) (actual time=11151.925..11334.728 rows=227 loops=1)
        Filter: (person_id = 429415)
        Rows Removed by Filter: 36244117
  ->  Index Only Scan using title_pkey on title t  (cost=0.43..8.32 rows=1 width=4) (actual time=0.037..0.038 rows=1 loops=227)
        Index Cond: (id = ci.movie_id)
        Heap Fetches: 227
Planning time: 0.783 ms
Execution time: 11343.628 ms
