Hash Join  (cost=237560.27..859459.51 rows=11590241 width=0) (actual time=5574.657..29376.288 rows=49701877 loops=1)
  Hash Cond: (mi.movie_id = t.id)
  ->  Seq Scan on movie_info mi  (cost=0.00..309384.22 rows=14739122 width=4) (actual time=0.012..6077.513 rows=14835720 loops=1)
  ->  Hash  (cost=204939.15..204939.15 rows=1988330 width=8) (actual time=5573.265..5573.265 rows=1708226 loops=1)
        Buckets: 131072  Batches: 32  Memory Usage: 3158kB
        ->  Hash Join  (cost=99217.91..204939.15 rows=1988330 width=8) (actual time=1970.235..5051.002 rows=1708226 loops=1)
              Hash Cond: (mc.movie_id = t.id)
              ->  Seq Scan on movie_companies mc  (cost=0.00..44881.29 rows=2609129 width=4) (actual time=0.020..910.217 rows=2609129 loops=1)
              ->  Hash  (cost=67604.59..67604.59 rows=1926906 width=4) (actual time=1969.004..1969.004 rows=1918028 loops=1)
                    Buckets: 131072  Batches: 32  Memory Usage: 3139kB
                    ->  Seq Scan on title t  (cost=0.00..67604.59 rows=1926906 width=4) (actual time=0.015..1365.051 rows=1918028 loops=1)
                          Filter: (production_year > 1981)
                          Rows Removed by Filter: 610284
Planning time: 1.161 ms
Execution time: 34422.710 ms
