Hash Join  (cost=73930.12..438605.68 rows=1964 width=0) (actual time=1822.428..8000.794 rows=14 loops=1)
  Hash Cond: (mi.movie_id = t.id)
  ->  Seq Scan on movie_info mi  (cost=0.00..309384.22 rows=14739122 width=4) (actual time=0.021..4226.848 rows=14835720 loops=1)
  ->  Hash  (cost=73925.90..73925.90 rows=337 width=4) (actual time=1067.399..1067.399 rows=2 loops=1)
        Buckets: 1024  Batches: 1  Memory Usage: 9kB
        ->  Seq Scan on title t  (cost=0.00..73925.90 rows=337 width=4) (actual time=282.848..1067.387 rows=2 loops=1)
              Filter: ((kind_id = 4) AND (production_year = 1965))
              Rows Removed by Filter: 2528310
Planning time: 0.811 ms
Execution time: 8000.901 ms
