Nested Loop  (cost=32749.09..158093.76 rows=375 width=0) (actual time=760.151..2643.755 rows=600 loops=1)
  ->  Hash Join  (cost=32748.66..123460.03 rows=40727 width=8) (actual time=690.537..2079.622 rows=25275 loops=1)
        Hash Cond: (mk.movie_id = mi_idx.movie_id)
        ->  Seq Scan on movie_keyword mk  (cost=0.00..81003.12 rows=41017 width=4) (actual time=0.033..1266.925 rows=41840 loops=1)
              Filter: (keyword_id = 117)
              Rows Removed by Filter: 4482090
        ->  Hash  (cost=25185.44..25185.44 rows=460978 width=4) (actual time=688.619..688.619 rows=459925 loops=1)
              Buckets: 131072  Batches: 8  Memory Usage: 3059kB
              ->  Seq Scan on movie_info_idx mi_idx  (cost=0.00..25185.44 rows=460978 width=4) (actual time=0.015..535.981 rows=459925 loops=1)
                    Filter: (info_type_id < 100)
                    Rows Removed by Filter: 920110
  ->  Index Scan using title_pkey on title t  (cost=0.43..0.84 rows=1 width=4) (actual time=0.022..0.022 rows=0 loops=25275)
        Index Cond: (id = mi_idx.movie_id)
        Filter: (production_year = 2008)
        Rows Removed by Filter: 1
Planning time: 1.118 ms
Execution time: 2644.462 ms
