Hash Join  (cost=289587.22..1700154.50 rows=29163247 width=0) (actual time=6061.977..42225.936 rows=20480409 loops=1)
  Hash Cond: (ci.movie_id = t.id)
  ->  Seq Scan on cast_info ci  (cost=0.00..705507.15 rows=31554923 width=4) (actual time=0.043..17098.225 rows=31605208 loops=1)
        Filter: (role_id < 10)
        Rows Removed by Filter: 4639136
  ->  Hash  (cost=251247.22..251247.22 rows=2336880 width=8) (actual time=6060.323..6060.323 rows=928821 loops=1)
        Buckets: 131072  Batches: 32  Memory Usage: 2138kB
        ->  Hash Join  (cost=94973.51..251247.22 rows=2336880 width=8) (actual time=1875.655..5791.522 rows=928821 loops=1)
              Hash Cond: (mk.movie_id = t.id)
              ->  Seq Scan on movie_keyword mk  (cost=0.00..81003.12 rows=3542157 width=4) (actual time=0.013..1791.590 rows=3536771 loops=1)
                    Filter: (keyword_id < 18726)
                    Rows Removed by Filter: 987159
              ->  Hash  (cost=67604.59..67604.59 rows=1668154 width=4) (actual time=1873.077..1873.077 rows=1674098 loops=1)
                    Buckets: 131072  Batches: 32  Memory Usage: 2875kB
                    ->  Seq Scan on title t  (cost=0.00..67604.59 rows=1668154 width=4) (actual time=0.027..1325.503 rows=1674098 loops=1)
                          Filter: (kind_id > 3)
                          Rows Removed by Filter: 854214
Planning time: 1.295 ms
Execution time: 44459.284 ms
