Hash Join  (cost=199083.37..1297985.68 rows=6337114 width=0) (actual time=4493.684..50400.630 rows=56093951 loops=1)
  Hash Cond: (ci.movie_id = t.id)
  ->  Seq Scan on cast_info ci  (cost=0.00..614943.12 rows=36225612 width=4) (actual time=0.015..13161.867 rows=36244344 loops=1)
  ->  Hash  (cost=191826.28..191826.28 rows=442327 width=8) (actual time=4492.758..4492.758 rows=1193951 loops=1)
        Buckets: 131072 (originally 131072)  Batches: 16 (originally 8)  Memory Usage: 3970kB
        ->  Hash Join  (cost=86252.72..191826.28 rows=442327 width=8) (actual time=1552.941..4163.314 rows=1193951 loops=1)
              Hash Cond: (mk.movie_id = t.id)
              ->  Seq Scan on movie_keyword mk  (cost=0.00..81003.12 rows=1488578 width=4) (actual time=0.027..1476.393 rows=1498466 loops=1)
                    Filter: (keyword_id < 2158)
                    Rows Removed by Filter: 3025464
              ->  Hash  (cost=73925.90..73925.90 rows=751345 width=4) (actual time=1551.428..1551.428 rows=793943 loops=1)
                    Buckets: 131072  Batches: 16  Memory Usage: 2779kB
                    ->  Seq Scan on title t  (cost=0.00..73925.90 rows=751345 width=4) (actual time=0.021..1294.594 rows=793943 loops=1)
                          Filter: ((kind_id < 7) AND (production_year < 2010))
                          Rows Removed by Filter: 1734369
Planning time: 1.214 ms
Execution time: 56133.418 ms
