Hash Join  (cost=102767.86..1617638.51 rows=33225323 width=0) (actual time=1892.999..45295.954 rows=33168846 loops=1)
  Hash Cond: (ci.movie_id = t.id)
  ->  Seq Scan on cast_info ci  (cost=0.00..705507.15 rows=33225323 width=4) (actual time=0.009..16632.636 rows=33168846 loops=1)
        Filter: (person_id < 3495042)
        Rows Removed by Filter: 3075498
  ->  Hash  (cost=61283.27..61283.27 rows=2528527 width=4) (actual time=1891.013..1891.013 rows=2528312 loops=1)
        Buckets: 131072  Batches: 64  Memory Usage: 2415kB
        ->  Seq Scan on title t  (cost=0.00..61283.27 rows=2528527 width=4) (actual time=0.005..1042.852 rows=2528312 loops=1)
Planning time: 0.761 ms
Execution time: 48788.556 ms
