Hash Join  (cost=104818.80..148907.41 rows=413528 width=0) (actual time=1989.546..3356.436 rows=425438 loops=1)
  Hash Cond: (mi_idx.movie_id = t.id)
  ->  Seq Scan on movie_info_idx mi_idx  (cost=0.00..25185.44 rows=460978 width=4) (actual time=0.020..540.406 rows=459925 loops=1)
        Filter: (info_type_id = 99)
        Rows Removed by Filter: 920110
  ->  Hash  (cost=67604.59..67604.59 rows=2268257 width=4) (actual time=1988.127..1988.127 rows=2261229 loops=1)
        Buckets: 131072  Batches: 32  Memory Usage: 3511kB
        ->  Seq Scan on title t  (cost=0.00..67604.59 rows=2268257 width=4) (actual time=0.021..1244.397 rows=2261229 loops=1)
              Filter: (production_year > 1954)
              Rows Removed by Filter: 267083
Planning time: 0.763 ms
Execution time: 3411.822 ms
