Hash Join  (cost=151445.47..281839.68 rows=688818 width=0) (actual time=3434.255..7626.226 rows=2744294 loops=1)
  Hash Cond: (mk.movie_id = t.id)
  ->  Seq Scan on movie_keyword mk  (cost=0.00..69693.30 rows=4523930 width=4) (actual time=0.018..1406.057 rows=4523930 loops=1)
  ->  Hash  (cost=145129.02..145129.02 rows=384996 width=8) (actual time=3432.973..3432.973 rows=387142 loops=1)
        Buckets: 131072  Batches: 8  Memory Usage: 2929kB
        ->  Hash Join  (cost=101955.95..145129.02 rows=384996 width=8) (actual time=2076.529..3315.722 rows=387142 loops=1)
              Hash Cond: (mi_idx.movie_id = t.id)
              ->  Seq Scan on movie_info_idx mi_idx  (cost=0.00..25185.44 rows=464934 width=4) (actual time=0.018..519.681 rows=460185 loops=1)
                    Filter: (info_type_id > 100)
                    Rows Removed by Filter: 919850
              ->  Hash  (cost=67604.59..67604.59 rows=2093789 width=4) (actual time=2075.613..2075.613 rows=2089788 loops=1)
                    Buckets: 131072  Batches: 32  Memory Usage: 3324kB
                    ->  Seq Scan on title t  (cost=0.00..67604.59 rows=2093789 width=4) (actual time=0.010..1393.194 rows=2089788 loops=1)
                          Filter: (production_year > 1969)
                          Rows Removed by Filter: 438524
Planning time: 1.181 ms
Execution time: 7935.210 ms
