Hash Join  (cost=128995.99..494619.78 rows=96787 width=0) (actual time=2215.112..10292.925 rows=476141 loops=1)
  Hash Cond: (mi.movie_id = t.id)
  ->  Seq Scan on movie_info mi  (cost=0.00..309384.22 rows=14739122 width=4) (actual time=0.017..4247.179 rows=14835720 loops=1)
  ->  Hash  (cost=128788.44..128788.44 rows=16604 width=8) (actual time=2214.777..2214.777 rows=28107 loops=1)
        Buckets: 32768  Batches: 1  Memory Usage: 1354kB
        ->  Hash Join  (cost=74710.74..128788.44 rows=16604 width=8) (actual time=1175.424..2203.687 rows=28107 loops=1)
              Hash Cond: (mc.movie_id = t.id)
              ->  Seq Scan on movie_companies mc  (cost=0.00..51404.11 rows=668678 width=4) (actual time=0.020..824.950 rows=673392 loops=1)
                    Filter: (company_id > 49864)
                    Rows Removed by Filter: 1935737
              ->  Hash  (cost=73925.90..73925.90 rows=62787 width=4) (actual time=1175.074..1175.074 rows=53770 loops=1)
                    Buckets: 65536  Batches: 1  Memory Usage: 2403kB
                    ->  Seq Scan on title t  (cost=0.00..73925.90 rows=62787 width=4) (actual time=0.186..1153.887 rows=53770 loops=1)
                          Filter: ((kind_id < 7) AND (production_year = 2011))
                          Rows Removed by Filter: 2474542
Planning time: 1.013 ms
Execution time: 10357.678 ms
