Hash Join  (cost=169194.06..225859.39 rows=27518 width=0) (actual time=3168.489..4215.592 rows=117285 loops=1)
  Hash Cond: (mc.movie_id = t.id)
  ->  Seq Scan on movie_companies mc  (cost=0.00..51404.11 rows=1329612 width=4) (actual time=136.812..909.135 rows=1334883 loops=1)
        Filter: (company_type_id > 1)
        Rows Removed by Filter: 1274246
  ->  Hash  (cost=168539.91..168539.91 rows=52332 width=8) (actual time=3005.919..3005.919 rows=47936 loops=1)
        Buckets: 65536  Batches: 1  Memory Usage: 2385kB
        ->  Hash Join  (cost=76444.38..168539.91 rows=52332 width=8) (actual time=1223.359..2991.981 rows=47936 loops=1)
              Hash Cond: (mk.movie_id = t.id)
              ->  Seq Scan on movie_keyword mk  (cost=0.00..81003.12 rows=862155 width=4) (actual time=0.029..1412.009 rows=870587 loops=1)
                    Filter: (keyword_id > 21181)
                    Rows Removed by Filter: 3653343
              ->  Hash  (cost=73925.90..73925.90 rows=153478 width=4) (actual time=1222.550..1222.550 rows=134760 loops=1)
                    Buckets: 131072  Batches: 4  Memory Usage: 2222kB
                    ->  Seq Scan on title t  (cost=0.00..73925.90 rows=153478 width=4) (actual time=0.025..1173.269 rows=134760 loops=1)
                          Filter: ((kind_id < 7) AND (production_year > 2010))
                          Rows Removed by Filter: 2393552
Planning time: 4.308 ms
Execution time: 4229.076 ms
