Hash Join  (cost=83074.55..109986.02 rows=99 width=0) (actual time=1269.168..1743.995 rows=21 loops=1)
  Hash Cond: (mi_idx.movie_id = t.id)
  ->  Seq Scan on movie_info_idx mi_idx  (cost=0.00..21735.35 rows=1380035 width=4) (actual time=0.026..318.923 rows=1380035 loops=1)
  ->  Hash  (cost=83072.29..83072.29 rows=181 width=8) (actual time=1182.196..1182.196 rows=36 loops=1)
        Buckets: 1024  Batches: 1  Memory Usage: 10kB
        ->  Nested Loop  (cost=0.43..83072.29 rows=181 width=8) (actual time=502.638..1182.149 rows=36 loops=1)
              ->  Seq Scan on movie_keyword mk  (cost=0.00..81003.12 rows=246 width=4) (actual time=447.356..1180.039 rows=39 loops=1)
                    Filter: (keyword_id = 13681)
                    Rows Removed by Filter: 4523891
              ->  Index Scan using title_pkey on title t  (cost=0.43..8.40 rows=1 width=4) (actual time=0.052..0.052 rows=1 loops=39)
                    Index Cond: (id = mk.movie_id)
                    Filter: (kind_id > 1)
                    Rows Removed by Filter: 0
Planning time: 1.838 ms
Execution time: 1744.144 ms
