Hash Join  (cost=183290.07..570040.43 rows=381261 width=0) (actual time=3519.143..10469.085 rows=342093 loops=1)
  Hash Cond: (mi.movie_id = t.id)
  ->  Seq Scan on movie_info mi  (cost=0.00..346232.03 rows=3068194 width=4) (actual time=135.077..5468.602 rows=3036719 loops=1)
        Filter: (info_type_id = 16)
        Rows Removed by Filter: 11799001
  ->  Hash  (cost=178134.56..178134.56 rows=314201 width=8) (actual time=3383.087..3383.087 rows=172494 loops=1)
        Buckets: 131072  Batches: 8  Memory Usage: 1884kB
        ->  Hash Join  (cost=102767.86..178134.56 rows=314201 width=8) (actual time=2280.044..3323.949 rows=172494 loops=1)
              Hash Cond: (mc.movie_id = t.id)
              ->  Seq Scan on movie_companies mc  (cost=0.00..57926.93 rows=314201 width=4) (actual time=369.537..843.952 rows=172494 loops=1)
                    Filter: ((company_id < 737) AND (company_type_id = 2))
                    Rows Removed by Filter: 2436635
              ->  Hash  (cost=61283.27..61283.27 rows=2528527 width=4) (actual time=1906.370..1906.370 rows=2528312 loops=1)
                    Buckets: 131072  Batches: 64  Memory Usage: 2415kB
                    ->  Seq Scan on title t  (cost=0.00..61283.27 rows=2528527 width=4) (actual time=0.029..1076.721 rows=2528312 loops=1)
Planning time: 1.172 ms
Execution time: 10511.905 ms
