Hash Join  (cost=111982.03..236258.53 rows=186647 width=0) (actual time=2346.707..5411.639 rows=1241276 loops=1)
  Hash Cond: (mk.movie_id = t.id)
  ->  Seq Scan on movie_keyword mk  (cost=0.00..69693.30 rows=4523930 width=4) (actual time=0.023..1372.008 rows=4523930 loops=1)
  ->  Hash  (cost=110270.01..110270.01 rows=104321 width=8) (actual time=2345.996..2345.996 rows=107804 loops=1)
        Buckets: 131072  Batches: 2  Memory Usage: 3135kB
        ->  Hash Join  (cost=72333.74..110270.01 rows=104321 width=8) (actual time=1280.899..2306.698 rows=107804 loops=1)
              Hash Cond: (mi_idx.movie_id = t.id)
              ->  Seq Scan on movie_info_idx mi_idx  (cost=0.00..25185.44 rows=915101 width=4) (actual time=0.018..531.255 rows=919850 loops=1)
                    Filter: (info_type_id < 101)
                    Rows Removed by Filter: 460185
              ->  Hash  (cost=67604.59..67604.59 rows=288252 width=4) (actual time=1280.077..1280.077 rows=285055 loops=1)
                    Buckets: 131072  Batches: 4  Memory Usage: 3527kB
                    ->  Seq Scan on title t  (cost=0.00..67604.59 rows=288252 width=4) (actual time=0.017..1186.437 rows=285055 loops=1)
                          Filter: (production_year < 1964)
                          Rows Removed by Filter: 2243257
Planning time: 1.182 ms
Execution time: 5570.713 ms
