Hash Join  (cost=153353.76..278461.94 rows=254915 width=0) (actual time=2536.881..4883.573 rows=331657 loops=1)
  Hash Cond: (mk.movie_id = t.id)
  ->  Seq Scan on movie_keyword mk  (cost=0.00..69693.30 rows=4523930 width=4) (actual time=0.021..1150.323 rows=4523930 loops=1)
  ->  Hash  (cost=151015.78..151015.78 rows=142478 width=8) (actual time=2535.880..2535.880 rows=20916 loops=1)
        Buckets: 131072  Batches: 2  Memory Usage: 1445kB
        ->  Hash Join  (cost=83580.70..151015.78 rows=142478 width=8) (actual time=2000.401..2527.569 rows=20916 loops=1)
              Hash Cond: (mc.movie_id = t.id)
              ->  Seq Scan on movie_companies mc  (cost=0.00..57926.93 rows=369964 width=4) (actual time=536.276..890.974 rows=55559 loops=1)
                    Filter: ((company_id > 35540) AND (company_type_id = 1))
                    Rows Removed by Filter: 2553570
              ->  Hash  (cost=67604.59..67604.59 rows=973769 width=4) (actual time=1462.979..1462.979 rows=971188 loops=1)
                    Buckets: 131072  Batches: 16  Memory Usage: 3161kB
                    ->  Seq Scan on title t  (cost=0.00..67604.59 rows=973769 width=4) (actual time=0.024..1161.823 rows=971188 loops=1)
                          Filter: (production_year < 1999)
                          Rows Removed by Filter: 1557124
Planning time: 1.201 ms
Execution time: 4920.023 ms
