Seq Scan on movie_keyword mk  (cost=0.00..81003.12 rows=4318995 width=0) (actual time=0.025..1131.770 rows=4317535 loops=1)
  Filter: (keyword_id < 67291)
  Rows Removed by Filter: 206395
Planning time: 0.327 ms
Execution time: 1551.765 ms
