Hash Join  (cost=449123.10..607447.94 rows=660524 width=0) (actual time=9836.015..13250.913 rows=832112 loops=1)
  Hash Cond: (mk.movie_id = t.id)
  ->  Seq Scan on movie_keyword mk  (cost=0.00..69693.30 rows=4523930 width=4) (actual time=0.008..1417.011 rows=4523930 loops=1)
  ->  Hash  (cost=443065.33..443065.33 rows=369182 width=8) (actual time=9832.011..9832.011 rows=219212 loops=1)
        Buckets: 131072  Batches: 8  Memory Usage: 2115kB
        ->  Hash Join  (cost=74717.58..443065.33 rows=369182 width=8) (actual time=1225.408..9731.111 rows=219212 loops=1)
              Hash Cond: (mi.movie_id = t.id)
              ->  Seq Scan on movie_info mi  (cost=0.00..309384.22 rows=14739122 width=4) (actual time=0.017..4236.456 rows=14835720 loops=1)
              ->  Hash  (cost=73925.90..73925.90 rows=63334 width=4) (actual time=1224.970..1224.970 rows=72031 loops=1)
                    Buckets: 131072 (originally 65536)  Batches: 1 (originally 1)  Memory Usage: 3557kB
                    ->  Seq Scan on title t  (cost=0.00..73925.90 rows=63334 width=4) (actual time=0.011..1192.678 rows=72031 loops=1)
                          Filter: ((kind_id > 3) AND (production_year = 2005))
                          Rows Removed by Filter: 2456281
Planning time: 0.962 ms
Execution time: 13349.335 ms
