Hash Join  (cost=263115.61..1333943.74 rows=11196974 width=0) (actual time=6699.239..33350.716 rows=19055581 loops=1)
  Hash Cond: (ci.movie_id = t.id)
  ->  Seq Scan on cast_info ci  (cost=0.00..796071.18 rows=10851074 width=4) (actual time=0.021..16032.649 rows=8881791 loops=1)
        Filter: ((person_id > 507405) AND (role_id = 1))
        Rows Removed by Filter: 27362553
  ->  Hash  (cost=220309.49..220309.49 rows=2609129 width=8) (actual time=6698.294..6698.294 rows=2609129 loops=1)
        Buckets: 131072  Batches: 64  Memory Usage: 2610kB
        ->  Hash Join  (cost=102767.86..220309.49 rows=2609129 width=8) (actual time=1914.451..5952.205 rows=2609129 loops=1)
              Hash Cond: (mc.movie_id = t.id)
              ->  Seq Scan on movie_companies mc  (cost=0.00..44881.29 rows=2609129 width=4) (actual time=0.020..797.268 rows=2609129 loops=1)
              ->  Hash  (cost=61283.27..61283.27 rows=2528527 width=4) (actual time=1913.365..1913.365 rows=2528312 loops=1)
                    Buckets: 131072  Batches: 64  Memory Usage: 2415kB
                    ->  Seq Scan on title t  (cost=0.00..61283.27 rows=2528527 width=4) (actual time=0.009..1078.382 rows=2528312 loops=1)
Planning time: 1.144 ms
Execution time: 35406.812 ms
