Seq Scan on movie_companies mc  (cost=0.00..51404.11 rows=1361600 width=0) (actual time=0.022..1068.167 rows=1346930 loops=1)
  Filter: (company_id < 11554)
  Rows Removed by Filter: 1262199
Planning time: 0.334 ms
Execution time: 1240.710 ms
