Hash Join  (cost=86241.46..904562.62 rows=498378 width=0) (actual time=5359.402..17649.514 rows=350949 loops=1)
  Hash Cond: (ci.movie_id = t.id)
  ->  Seq Scan on cast_info ci  (cost=0.00..796071.18 rows=1109386 width=4) (actual time=3844.892..15329.448 rows=1093558 loops=1)
        Filter: ((person_id < 3812008) AND (role_id = 9))
        Rows Removed by Filter: 35150786
  ->  Hash  (cost=67604.59..67604.59 rows=1135910 width=4) (actual time=1513.237..1513.237 rows=1133355 loops=1)
        Buckets: 131072  Batches: 16  Memory Usage: 3516kB
        ->  Seq Scan on title t  (cost=0.00..67604.59 rows=1135910 width=4) (actual time=0.022..1166.468 rows=1133355 loops=1)
              Filter: (production_year < 2002)
              Rows Removed by Filter: 1394957
Planning time: 0.818 ms
Execution time: 17690.717 ms
