Seq Scan on movie_companies mc  (cost=0.00..57926.93 rows=883561 width=0) (actual time=432.253..1002.324 rows=563149 loops=1)
  Filter: ((company_id < 22717) AND (company_type_id > 1))
  Rows Removed by Filter: 2045980
Planning time: 0.752 ms
Execution time: 1074.441 ms
