Nested Loop  (cost=0.43..52283.69 rows=104 width=0) (actual time=235.128..766.322 rows=54 loops=1)
  ->  Seq Scan on movie_companies mc  (cost=0.00..51404.11 rows=104 width=4) (actual time=234.603..761.017 rows=54 loops=1)
        Filter: (company_id = 9325)
        Rows Removed by Filter: 2609075
  ->  Index Only Scan using title_pkey on title t  (cost=0.43..8.45 rows=1 width=4) (actual time=0.094..0.095 rows=1 loops=54)
        Index Cond: (id = mc.movie_id)
        Heap Fetches: 54
Planning time: 0.768 ms
Execution time: 766.415 ms
