Seq Scan on movie_keyword mk  (cost=0.00..81003.12 rows=2184453 width=0) (actual time=0.025..1385.908 rows=2184258 loops=1)
  Filter: (keyword_id < 4333)
  Rows Removed by Filter: 2339672
Planning time: 0.291 ms
Execution time: 1667.201 ms
