Hash Join  (cost=73929.23..166416.48 rows=322 width=0) (actual time=1679.157..2964.574 rows=951 loops=1)
  Hash Cond: (mk.movie_id = t.id)
  ->  Seq Scan on movie_keyword mk  (cost=0.00..81003.12 rows=3061575 width=4) (actual time=0.016..1490.053 rows=3049296 loops=1)
        Filter: (keyword_id < 11172)
        Rows Removed by Filter: 1474634
  ->  Hash  (cost=73925.90..73925.90 rows=266 width=4) (actual time=1045.630..1045.630 rows=627 loops=1)
        Buckets: 1024  Batches: 1  Memory Usage: 31kB
        ->  Seq Scan on title t  (cost=0.00..73925.90 rows=266 width=4) (actual time=0.950..1045.114 rows=627 loops=1)
              Filter: ((kind_id = 2) AND (production_year = 1973))
              Rows Removed by Filter: 2527685
Planning time: 3.377 ms
Execution time: 2964.812 ms
