Hash Join  (cost=58358.90..864552.52 rows=54 width=0) (actual time=10178.285..14483.380 rows=10 loops=1)
  Hash Cond: (ci.movie_id = t.id)
  ->  Seq Scan on cast_info ci  (cost=0.00..796071.18 rows=2699172 width=4) (actual time=9102.286..12819.336 rows=5472990 loops=1)
        Filter: ((person_id < 735302) AND (role_id = 1))
        Rows Removed by Filter: 30771354
  ->  Hash  (cost=58358.27..58358.27 rows=51 width=8) (actual time=951.377..951.377 rows=3 loops=1)
        Buckets: 1024  Batches: 1  Memory Usage: 9kB
        ->  Nested Loop  (cost=0.43..58358.27 rows=51 width=8) (actual time=18.969..951.366 rows=3 loops=1)
              ->  Seq Scan on movie_companies mc  (cost=0.00..57926.93 rows=51 width=4) (actual time=18.873..951.110 rows=3 loops=1)
                    Filter: ((company_type_id < 2) AND (company_id = 15992))
                    Rows Removed by Filter: 2609126
              ->  Index Only Scan using title_pkey on title t  (cost=0.43..8.45 rows=1 width=4) (actual time=0.070..0.072 rows=1 loops=3)
                    Index Cond: (id = mc.movie_id)
                    Heap Fetches: 3
Planning time: 1.178 ms
Execution time: 14483.501 ms
