Hash Join  (cost=83074.74..109986.57 rows=134 width=0) (actual time=1447.126..2025.207 rows=12995 loops=1)
  Hash Cond: (mi_idx.movie_id = t.id)
  ->  Seq Scan on movie_info_idx mi_idx  (cost=0.00..21735.35 rows=1380035 width=4) (actual time=0.031..303.526 rows=1380035 loops=1)
  ->  Hash  (cost=83071.67..83071.67 rows=246 width=8) (actual time=1447.039..1447.039 rows=4600 loops=1)
        Buckets: 8192 (originally 1024)  Batches: 1 (originally 1)  Memory Usage: 244kB
        ->  Nested Loop  (cost=0.43..83071.67 rows=246 width=8) (actual time=0.288..1444.094 rows=4600 loops=1)
              ->  Seq Scan on movie_keyword mk  (cost=0.00..81003.12 rows=246 width=4) (actual time=0.222..1261.638 rows=4600 loops=1)
                    Filter: (keyword_id = 110)
                    Rows Removed by Filter: 4519330
              ->  Index Only Scan using title_pkey on title t  (cost=0.43..8.40 rows=1 width=4) (actual time=0.038..0.039 rows=1 loops=4600)
                    Index Cond: (id = mk.movie_id)
                    Heap Fetches: 4600
Planning time: 1.190 ms
Execution time: 2027.211 ms
