Hash Join  (cost=98167.76..946669.26 rows=1566426 width=0) (actual time=7161.641..16330.103 rows=1768005 loops=1)
  Hash Cond: (ci.movie_id = t.id)
  ->  Seq Scan on cast_info ci  (cost=0.00..796071.18 rows=2680552 width=4) (actual time=5877.542..12883.418 rows=2892655 loops=1)
        Filter: ((person_id > 2327393) AND (role_id = 2))
        Rows Removed by Filter: 33351689
  ->  Hash  (cost=73925.90..73925.90 rows=1477588 width=4) (actual time=1282.900..1282.900 rows=1490873 loops=1)
        Buckets: 131072  Batches: 32  Memory Usage: 2663kB
        ->  Seq Scan on title t  (cost=0.00..73925.90 rows=1477588 width=4) (actual time=0.029..915.245 rows=1490873 loops=1)
              Filter: ((kind_id > 4) AND (production_year > 1914))
              Rows Removed by Filter: 1037439
Planning time: 0.837 ms
Execution time: 16524.858 ms
