Hash Join  (cost=92883.59..151835.78 rows=49276 width=0) (actual time=1763.497..2714.274 rows=71109 loops=1)
  Hash Cond: (mc.movie_id = t.id)
  ->  Seq Scan on movie_companies mc  (cost=0.00..51404.11 rows=80864 width=4) (actual time=0.151..849.982 rows=84071 loops=1)
        Filter: (company_id < 19)
        Rows Removed by Filter: 2525058
  ->  Hash  (cost=67604.59..67604.59 rows=1540800 width=4) (actual time=1582.546..1582.546 rows=1543264 loops=1)
        Buckets: 131072  Batches: 32  Memory Usage: 2722kB
        ->  Seq Scan on title t  (cost=0.00..67604.59 rows=1540800 width=4) (actual time=147.222..1120.381 rows=1543264 loops=1)
              Filter: (kind_id = 7)
              Rows Removed by Filter: 985048
Planning time: 0.758 ms
Execution time: 2722.033 ms
