Hash Join  (cost=158109.39..523188.04 rows=42270 width=0) (actual time=2168.801..9708.816 rows=609138 loops=1)
  Hash Cond: (mi.movie_id = t.id)
  ->  Seq Scan on movie_info mi  (cost=0.00..309384.22 rows=14739122 width=4) (actual time=0.023..4418.162 rows=14835720 loops=1)
  ->  Hash  (cost=158018.74..158018.74 rows=7252 width=8) (actual time=2168.659..2168.659 rows=13617 loops=1)
        Buckets: 16384 (originally 8192)  Batches: 1 (originally 1)  Memory Usage: 660kB
        ->  Hash Join  (cost=67697.55..158018.74 rows=7252 width=8) (actual time=562.895..2164.153 rows=13617 loops=1)
              Hash Cond: (mk.movie_id = t.id)
              ->  Seq Scan on movie_keyword mk  (cost=0.00..81003.12 rows=2465478 width=4) (actual time=0.018..1256.461 rows=2449306 loops=1)
                    Filter: (keyword_id > 3668)
                    Rows Removed by Filter: 2074624
              ->  Hash  (cost=67604.59..67604.59 rows=7437 width=4) (actual time=562.198..562.198 rows=6834 loops=1)
                    Buckets: 8192  Batches: 1  Memory Usage: 305kB
                    ->  Seq Scan on title t  (cost=0.00..67604.59 rows=7437 width=4) (actual time=0.075..559.347 rows=6834 loops=1)
                          Filter: (production_year = 1953)
                          Rows Removed by Filter: 2521478
Planning time: 11.503 ms
Execution time: 9788.084 ms
