Hash Join  (cost=668787.62..1967311.18 rows=30602400 width=0) (actual time=16588.002..67369.583 rows=113274563 loops=1)
  Hash Cond: (ci.movie_id = t.id)
  ->  Seq Scan on cast_info ci  (cost=0.00..705507.15 rows=16201301 width=4) (actual time=1442.973..15394.643 rows=16121683 loops=1)
        Filter: (role_id > 2)
        Rows Removed by Filter: 20122661
  ->  Hash  (cost=590429.39..590429.39 rows=4776098 width=8) (actual time=15143.969..15143.969 rows=4692642 loops=1)
        Buckets: 131072  Batches: 64  Memory Usage: 3807kB
        ->  Hash Join  (cost=94009.45..590429.39 rows=4776098 width=8) (actual time=1802.253..13978.841 rows=4692642 loops=1)
              Hash Cond: (mi.movie_id = t.id)
              ->  Seq Scan on movie_info mi  (cost=0.00..346232.03 rows=7503588 width=4) (actual time=0.032..6784.694 rows=7548855 loops=1)
                    Filter: (info_type_id > 7)
                    Rows Removed by Filter: 7286865
              ->  Hash  (cost=67604.59..67604.59 rows=1609429 width=4) (actual time=1801.345..1801.345 rows=1607077 loops=1)
                    Buckets: 131072  Batches: 32  Memory Usage: 2799kB
                    ->  Seq Scan on title t  (cost=0.00..67604.59 rows=1609429 width=4) (actual time=0.017..1267.352 rows=1607077 loops=1)
                          Filter: (production_year > 1995)
                          Rows Removed by Filter: 921235
Planning time: 1.211 ms
Execution time: 79178.870 ms
