Hash Join  (cost=69090.10..157599.64 rows=21477 width=0) (actual time=1608.466..2561.967 rows=45531 loops=1)
  Hash Cond: (mk.movie_id = t.id)
  ->  Seq Scan on movie_keyword mk  (cost=0.00..81003.12 rows=599905 width=4) (actual time=0.016..1312.347 rows=604661 loops=1)
        Filter: (keyword_id < 450)
        Rows Removed by Filter: 3919269
  ->  Hash  (cost=67604.59..67604.59 rows=90521 width=4) (actual time=1011.957..1011.957 rows=90852 loops=1)
        Buckets: 131072  Batches: 2  Memory Usage: 2632kB
        ->  Seq Scan on title t  (cost=0.00..67604.59 rows=90521 width=4) (actual time=0.009..977.696 rows=90852 loops=1)
              Filter: (kind_id = 2)
              Rows Removed by Filter: 2437460
Planning time: 0.693 ms
Execution time: 2567.797 ms
