Seq Scan on title t  (cost=0.00..67604.59 rows=1888978 width=0) (actual time=0.022..1210.300 rows=1887769 loops=1)
  Filter: (production_year > 1983)
  Rows Removed by Filter: 640543
Planning time: 0.308 ms
Execution time: 1450.166 ms
