Hash Join  (cost=102767.86..1396341.61 rows=24028591 width=0) (actual time=2067.716..37339.010 rows=23961577 loops=1)
  Hash Cond: (ci.movie_id = t.id)
  ->  Seq Scan on cast_info ci  (cost=0.00..705507.15 rows=24028591 width=4) (actual time=0.025..15463.798 rows=23961577 loops=1)
        Filter: (person_id < 2458595)
        Rows Removed by Filter: 12282767
  ->  Hash  (cost=61283.27..61283.27 rows=2528527 width=4) (actual time=2066.825..2066.825 rows=2528312 loops=1)
        Buckets: 131072  Batches: 64  Memory Usage: 2415kB
        ->  Seq Scan on title t  (cost=0.00..61283.27 rows=2528527 width=4) (actual time=0.015..1235.815 rows=2528312 loops=1)
Planning time: 10.888 ms
Execution time: 39947.063 ms
