Hash Join  (cost=139597.14..1174976.54 rows=5102780 width=0) (actual time=3206.695..34490.235 rows=16389373 loops=1)
  Hash Cond: (ci.movie_id = t.id)
  ->  Seq Scan on cast_info ci  (cost=0.00..705507.15 rows=23933982 width=4) (actual time=0.017..14911.591 rows=24037522 loops=1)
        Filter: (person_id > 1202164)
        Rows Removed by Filter: 12206822
  ->  Hash  (cost=130752.54..130752.54 rows=539088 width=8) (actual time=3204.640..3204.640 rows=954317 loops=1)
        Buckets: 131072 (originally 131072)  Batches: 16 (originally 8)  Memory Usage: 3354kB
        ->  Hash Join  (cost=83810.17..130752.54 rows=539088 width=8) (actual time=1381.276..2919.948 rows=954317 loops=1)
              Hash Cond: (mi_idx.movie_id = t.id)
              ->  Seq Scan on movie_info_idx mi_idx  (cost=0.00..21735.35 rows=1380035 width=4) (actual time=0.022..440.740 rows=1380035 loops=1)
              ->  Hash  (cost=67604.59..67604.59 rows=987727 width=4) (actual time=1380.563..1380.563 rows=985048 loops=1)
                    Buckets: 131072  Batches: 16  Memory Usage: 3188kB
                    ->  Seq Scan on title t  (cost=0.00..67604.59 rows=987727 width=4) (actual time=0.019..1076.993 rows=985048 loops=1)
                          Filter: (kind_id < 7)
                          Rows Removed by Filter: 1543264
Planning time: 1.171 ms
Execution time: 36325.160 ms
