Hash Join  (cost=180998.45..1235770.10 rows=2041147 width=0) (actual time=3492.778..28868.067 rows=3537982 loops=1)
  Hash Cond: (ci.movie_id = t.id)
  ->  Seq Scan on cast_info ci  (cost=0.00..614943.12 rows=36225612 width=4) (actual time=0.016..12594.307 rows=36244344 loops=1)
  ->  Hash  (cost=178660.56..178660.56 rows=142471 width=8) (actual time=3491.380..3491.380 rows=55828 loops=1)
        Buckets: 131072  Batches: 2  Memory Usage: 2082kB
        ->  Hash Join  (cost=70308.29..178660.56 rows=142471 width=8) (actual time=1092.576..3475.686 rows=55828 loops=1)
              Hash Cond: (mk.movie_id = t.id)
              ->  Seq Scan on movie_keyword mk  (cost=0.00..81003.12 rows=2186250 width=4) (actual time=0.014..1614.932 rows=2184370 loops=1)
                    Filter: (keyword_id > 5176)
                    Rows Removed by Filter: 2339560
              ->  Hash  (cost=67604.59..67604.59 rows=164776 width=4) (actual time=1091.909..1091.909 rows=164307 loops=1)
                    Buckets: 131072  Batches: 4  Memory Usage: 2488kB
                    ->  Seq Scan on title t  (cost=0.00..67604.59 rows=164776 width=4) (actual time=0.011..1034.371 rows=164307 loops=1)
                          Filter: (production_year = 2012)
                          Rows Removed by Filter: 2364005
Planning time: 7.405 ms
Execution time: 29295.633 ms
