Hash Join  (cost=255491.26..1504818.87 rows=20980338 width=0) (actual time=5574.820..40136.470 rows=22004691 loops=1)
  Hash Cond: (ci.movie_id = t.id)
  ->  Seq Scan on cast_info ci  (cost=0.00..614943.12 rows=36225612 width=4) (actual time=0.019..13341.648 rows=36244344 loops=1)
  ->  Hash  (cost=231465.06..231465.06 rows=1464416 width=8) (actual time=5573.069..5573.069 rows=669350 loops=1)
        Buckets: 131072  Batches: 32  Memory Usage: 1840kB
        ->  Hash Join  (cost=91346.33..231465.06 rows=1464416 width=8) (actual time=1806.130..5383.834 rows=669350 loops=1)
              Hash Cond: (mk.movie_id = t.id)
              ->  Seq Scan on movie_keyword mk  (cost=0.00..81003.12 rows=3487319 width=4) (actual time=0.025..1730.479 rows=3485549 loops=1)
                    Filter: (keyword_id > 1028)
                    Rows Removed by Filter: 1038381
              ->  Hash  (cost=73925.90..73925.90 rows=1061794 width=4) (actual time=1804.769..1804.769 rows=1183200 loops=1)
                    Buckets: 131072  Batches: 16  Memory Usage: 3641kB
                    ->  Seq Scan on title t  (cost=0.00..73925.90 rows=1061794 width=4) (actual time=0.023..1410.821 rows=1183200 loops=1)
                          Filter: ((kind_id > 3) AND (production_year > 1995))
                          Rows Removed by Filter: 1345112
Planning time: 1.161 ms
Execution time: 42572.845 ms
