Seq Scan on cast_info ci  (cost=0.00..705507.15 rows=27653425 width=42) (actual time=185.777..13799.995 rows=27758030 loops=1)
  Filter: (role_id < 6)
  Rows Removed by Filter: 8486314
Planning time: 0.404 ms
Execution time: 15223.352 ms
