Hash Join  (cost=184078.54..226352.07 rows=267005 width=0) (actual time=4679.559..6007.251 rows=779832 loops=1)
  Hash Cond: (mi_idx.movie_id = t.id)
  ->  Seq Scan on movie_info_idx mi_idx  (cost=0.00..21735.35 rows=1380035 width=4) (actual time=0.021..433.254 rows=1380035 loops=1)
  ->  Hash  (cost=176052.39..176052.39 rows=489212 width=8) (actual time=4678.704..4678.704 rows=483961 loops=1)
        Buckets: 131072  Batches: 8  Memory Usage: 3382kB
        ->  Hash Join  (cost=103947.06..176052.39 rows=489212 width=8) (actual time=2710.647..4530.803 rows=483961 loops=1)
              Hash Cond: (mc.movie_id = t.id)
              ->  Seq Scan on movie_companies mc  (cost=0.00..51404.11 rows=558419 width=4) (actual time=0.016..940.575 rows=555459 loops=1)
                    Filter: (company_id < 577)
                    Rows Removed by Filter: 2053670
              ->  Hash  (cost=67604.59..67604.59 rows=2215158 width=4) (actual time=2709.079..2709.079 rows=2203697 loops=1)
                    Buckets: 131072  Batches: 32  Memory Usage: 3448kB
                    ->  Seq Scan on title t  (cost=0.00..67604.59 rows=2215158 width=4) (actual time=0.011..1353.886 rows=2203697 loops=1)
                          Filter: (production_year > 1960)
                          Rows Removed by Filter: 324615
Planning time: 6.818 ms
Execution time: 6104.895 ms
