Hash Join  (cost=78556.72..170238.24 rows=149988 width=0) (actual time=1324.069..3148.388 rows=322583 loops=1)
  Hash Cond: (mk.movie_id = t.id)
  ->  Seq Scan on movie_keyword mk  (cost=0.00..81003.12 rows=568135 width=4) (actual time=0.016..1341.256 rows=570298 loops=1)
        Filter: (keyword_id < 405)
        Rows Removed by Filter: 3953632
  ->  Hash  (cost=67604.59..67604.59 rows=667531 width=4) (actual time=1323.230..1323.230 rows=662825 loops=1)
        Buckets: 131072  Batches: 16  Memory Usage: 2486kB
        ->  Seq Scan on title t  (cost=0.00..67604.59 rows=667531 width=4) (actual time=23.326..1115.489 rows=662825 loops=1)
              Filter: (kind_id = 1)
              Rows Removed by Filter: 1865487
Planning time: 0.715 ms
Execution time: 3187.617 ms
