Seq Scan on movie_keyword mk  (cost=0.00..81003.12 rows=1511234 width=0) (actual time=0.029..1411.158 rows=1523278 loops=1)
  Filter: (keyword_id < 2210)
  Rows Removed by Filter: 3000652
Planning time: 0.465 ms
Execution time: 1605.518 ms
