Hash Join  (cost=74228.29..981479.91 rows=276594 width=0) (actual time=3032.363..26101.043 rows=243021 loops=1)
  Hash Cond: (ci.movie_id = t.id)
  ->  Seq Scan on cast_info ci  (cost=0.00..796071.18 rows=28910533 width=4) (actual time=1738.681..17716.476 rows=28776700 loops=1)
        Filter: ((person_id > 287527) AND (role_id < 10))
        Rows Removed by Filter: 7467644
  ->  Hash  (cost=73925.90..73925.90 rows=24191 width=4) (actual time=1293.124..1293.124 rows=24602 loops=1)
        Buckets: 32768  Batches: 1  Memory Usage: 1121kB
        ->  Seq Scan on title t  (cost=0.00..73925.90 rows=24191 width=4) (actual time=97.545..1282.318 rows=24602 loops=1)
              Filter: ((kind_id = 7) AND (production_year = 1995))
              Rows Removed by Filter: 2503710
Planning time: 0.772 ms
Execution time: 26137.825 ms
