Hash Join  (cost=83810.17..175796.87 rows=927335 width=0) (actual time=1498.996..4481.169 rows=1815082 loops=1)
  Hash Cond: (mc.movie_id = t.id)
  ->  Seq Scan on movie_companies mc  (cost=0.00..51404.11 rows=2373928 width=4) (actual time=0.127..1089.084 rows=2376464 loops=1)
        Filter: (company_id > 92)
        Rows Removed by Filter: 232665
  ->  Hash  (cost=67604.59..67604.59 rows=987727 width=4) (actual time=1497.698..1497.698 rows=985048 loops=1)
        Buckets: 131072  Batches: 16  Memory Usage: 3188kB
        ->  Seq Scan on title t  (cost=0.00..67604.59 rows=987727 width=4) (actual time=0.019..1182.924 rows=985048 loops=1)
              Filter: (kind_id < 7)
              Rows Removed by Filter: 1543264
Planning time: 0.504 ms
Execution time: 4699.522 ms
