Hash Join  (cost=194949.51..274151.70 rows=301167 width=0) (actual time=4321.051..6360.039 rows=483341 loops=1)
  Hash Cond: (mc.movie_id = t.id)
  ->  Seq Scan on movie_companies mc  (cost=0.00..44881.29 rows=2609129 width=4) (actual time=0.011..855.096 rows=2609129 loops=1)
  ->  Hash  (cost=190160.22..190160.22 rows=291863 width=8) (actual time=4320.225..4320.225 rows=187374 loops=1)
        Buckets: 131072  Batches: 4  Memory Usage: 2859kB
        ->  Hash Join  (cost=94537.60..190160.22 rows=291863 width=8) (actual time=2367.610..4265.826 rows=187374 loops=1)
              Hash Cond: (mk.movie_id = t.id)
              ->  Seq Scan on movie_keyword mk  (cost=0.00..81003.12 rows=587429 width=4) (actual time=0.026..1343.209 rows=592921 loops=1)
                    Filter: (keyword_id < 432)
                    Rows Removed by Filter: 3931009
              ->  Hash  (cost=73925.90..73925.90 rows=1256296 width=4) (actual time=2365.408..2365.408 rows=1375227 loops=1)
                    Buckets: 131072  Batches: 32  Memory Usage: 2548kB
                    ->  Seq Scan on title t  (cost=0.00..73925.90 rows=1256296 width=4) (actual time=0.020..1370.800 rows=1375227 loops=1)
                          Filter: ((kind_id > 1) AND (production_year > 1992))
                          Rows Removed by Filter: 1153085
Planning time: 3.164 ms
Execution time: 6417.863 ms
