Seq Scan on cast_info ci  (cost=0.00..796071.18 rows=5306459 width=0) (actual time=0.017..11038.403 rows=2145301 loops=1)
  Filter: ((person_id > 2963073) AND (role_id < 6))
  Rows Removed by Filter: 34099043
Planning time: 0.327 ms
Execution time: 11303.202 ms
