Hash Join  (cost=108061.12..205403.89 rows=96683 width=0) (actual time=2788.398..4946.095 rows=123514 loops=1)
  Hash Cond: (mk.movie_id = t.id)
  ->  Seq Scan on movie_keyword mk  (cost=0.00..81003.12 rows=4099418 width=4) (actual time=0.006..1503.269 rows=4087742 loops=1)
        Filter: (keyword_id > 335)
        Rows Removed by Filter: 436188
  ->  Hash  (cost=107315.69..107315.69 rows=59634 width=8) (actual time=2788.068..2788.068 rows=36436 loops=1)
        Buckets: 65536  Batches: 1  Memory Usage: 1936kB
        ->  Hash Join  (cost=70308.29..107315.69 rows=59634 width=8) (actual time=1003.341..2776.944 rows=36436 loops=1)
              Hash Cond: (mi_idx.movie_id = t.id)
              ->  Seq Scan on movie_info_idx mi_idx  (cost=0.00..25185.44 rows=915101 width=4) (actual time=0.020..535.632 rows=919850 loops=1)
                    Filter: (info_type_id < 101)
                    Rows Removed by Filter: 460185
              ->  Hash  (cost=67604.59..67604.59 rows=164776 width=4) (actual time=1001.666..1001.666 rows=164307 loops=1)
                    Buckets: 131072  Batches: 4  Memory Usage: 2482kB
                    ->  Seq Scan on title t  (cost=0.00..67604.59 rows=164776 width=4) (actual time=0.012..944.092 rows=164307 loops=1)
                          Filter: (production_year = 2012)
                          Rows Removed by Filter: 2364005
Planning time: 0.715 ms
Execution time: 4962.025 ms
