Hash Join  (cost=71587.82..444740.89 rows=199094 width=0) (actual time=4518.276..8181.232 rows=310700 loops=1)
  Hash Cond: (mi.movie_id = t.id)
  ->  Seq Scan on movie_info mi  (cost=0.00..346232.03 rows=2073893 width=4) (actual time=2863.421..5485.551 rows=2091068 loops=1)
        Filter: (info_type_id < 3)
        Rows Removed by Filter: 12744652
  ->  Hash  (cost=67604.59..67604.59 rows=242739 width=4) (actual time=1653.010..1653.010 rows=241400 loops=1)
        Buckets: 131072  Batches: 4  Memory Usage: 3153kB
        ->  Seq Scan on title t  (cost=0.00..67604.59 rows=242739 width=4) (actual time=0.026..999.519 rows=241400 loops=1)
              Filter: (production_year < 1960)
              Rows Removed by Filter: 2286912
Planning time: 0.772 ms
Execution time: 8217.303 ms
