Hash Join  (cost=73962.22..439992.62 rows=6047 width=0) (actual time=1329.108..7019.376 rows=18966 loops=1)
  Hash Cond: (mi.movie_id = t.id)
  ->  Seq Scan on movie_info mi  (cost=0.00..346232.03 rows=5263441 width=4) (actual time=132.368..4992.164 rows=5270569 loops=1)
        Filter: (info_type_id > 15)
        Rows Removed by Filter: 9565151
  ->  Hash  (cost=73925.90..73925.90 rows=2905 width=4) (actual time=1148.619..1148.619 rows=6330 loops=1)
        Buckets: 8192 (originally 4096)  Batches: 1 (originally 1)  Memory Usage: 287kB
        ->  Seq Scan on title t  (cost=0.00..73925.90 rows=2905 width=4) (actual time=0.491..1145.425 rows=6330 loops=1)
              Filter: ((kind_id < 7) AND (production_year = 1978))
              Rows Removed by Filter: 2521982
Planning time: 0.714 ms
Execution time: 7022.770 ms
