Hash Join  (cost=176256.24..301319.21 rows=251194 width=0) (actual time=3076.035..6185.962 rows=201780 loops=1)
  Hash Cond: (mk.movie_id = t.id)
  ->  Seq Scan on movie_keyword mk  (cost=0.00..69693.30 rows=4523930 width=4) (actual time=0.014..1407.938 rows=4523930 loops=1)
  ->  Hash  (cost=173952.26..173952.26 rows=140398 width=8) (actual time=3074.986..3074.986 rows=64010 loops=1)
        Buckets: 131072  Batches: 2  Memory Usage: 2283kB
        ->  Hash Join  (cost=102767.86..173952.26 rows=140398 width=8) (actual time=1867.879..3051.518 rows=64010 loops=1)
              Hash Cond: (mc.movie_id = t.id)
              ->  Seq Scan on movie_companies mc  (cost=0.00..57926.93 rows=140398 width=4) (actual time=0.042..731.466 rows=64010 loops=1)
                    Filter: ((company_id < 145) AND (company_type_id > 1))
                    Rows Removed by Filter: 2545119
              ->  Hash  (cost=61283.27..61283.27 rows=2528527 width=4) (actual time=1866.863..1866.863 rows=2528312 loops=1)
                    Buckets: 131072  Batches: 64  Memory Usage: 2415kB
                    ->  Seq Scan on title t  (cost=0.00..61283.27 rows=2528527 width=4) (actual time=0.016..996.965 rows=2528312 loops=1)
Planning time: 1.143 ms
Execution time: 6213.566 ms
