Seq Scan on cast_info ci  (cost=0.00..796071.18 rows=55 width=0) (actual time=3777.065..10919.020 rows=10 loops=1)
  Filter: ((person_id = 1055378) AND (role_id = 3))
  Rows Removed by Filter: 36244334
Planning time: 6.282 ms
Execution time: 10919.129 ms
