Hash Join  (cost=188097.34..319538.30 rows=774692 width=0) (actual time=4071.755..9718.529 rows=10079418 loops=1)
  Hash Cond: (mk.movie_id = t.id)
  ->  Seq Scan on movie_keyword mk  (cost=0.00..69693.30 rows=4523930 width=4) (actual time=0.015..1422.604 rows=4523930 loops=1)
  ->  Hash  (cost=180992.93..180992.93 rows=432993 width=8) (actual time=4070.645..4070.645 rows=620568 loops=1)
        Buckets: 131072  Batches: 8  Memory Usage: 4064kB
        ->  Hash Join  (cost=102767.86..180992.93 rows=432993 width=8) (actual time=1808.247..3867.820 rows=620568 loops=1)
              Hash Cond: (mc.movie_id = t.id)
              ->  Seq Scan on movie_companies mc  (cost=0.00..57926.93 rows=432993 width=4) (actual time=0.021..1021.598 rows=620568 loops=1)
                    Filter: ((company_id < 2601) AND (company_type_id = 1))
                    Rows Removed by Filter: 1988561
              ->  Hash  (cost=61283.27..61283.27 rows=2528527 width=4) (actual time=1806.998..1806.998 rows=2528312 loops=1)
                    Buckets: 131072  Batches: 64  Memory Usage: 2415kB
                    ->  Seq Scan on title t  (cost=0.00..61283.27 rows=2528527 width=4) (actual time=0.015..943.438 rows=2528312 loops=1)
Planning time: 6.156 ms
Execution time: 10886.959 ms
