Hash Join  (cost=177434.70..312895.35 rows=1104661 width=0) (actual time=4058.677..11407.186 rows=17919541 loops=1)
  Hash Cond: (mk.movie_id = t.id)
  ->  Seq Scan on movie_keyword mk  (cost=0.00..69693.30 rows=4523930 width=4) (actual time=0.024..1458.321 rows=4523930 loops=1)
  ->  Hash  (cost=167304.95..167304.95 rows=617420 width=8) (actual time=4056.986..4056.986 rows=924679 loops=1)
        Buckets: 131072  Batches: 16  Memory Usage: 3329kB
        ->  Hash Join  (cost=83743.23..167304.95 rows=617420 width=8) (actual time=1379.128..3788.849 rows=924679 loops=1)
              Hash Cond: (mc.movie_id = t.id)
              ->  Seq Scan on movie_companies mc  (cost=0.00..44881.29 rows=2609129 width=4) (actual time=0.023..860.844 rows=2609129 loops=1)
              ->  Hash  (cost=73925.90..73925.90 rows=598346 width=4) (actual time=1378.141..1378.141 rows=507407 loops=1)
                    Buckets: 131072  Batches: 8  Memory Usage: 3251kB
                    ->  Seq Scan on title t  (cost=0.00..73925.90 rows=598346 width=4) (actual time=0.035..1214.452 rows=507407 loops=1)
                          Filter: ((kind_id < 7) AND (production_year > 1997))
                          Rows Removed by Filter: 2020905
Planning time: 1.166 ms
Execution time: 13356.475 ms
