Seq Scan on cast_info ci  (cost=0.00..796071.18 rows=3246103 width=0) (actual time=10505.718..13093.934 rows=2775 loops=1)
  Filter: ((person_id < 1582913) AND (role_id = 2))
  Rows Removed by Filter: 36241569
Planning time: 0.430 ms
Execution time: 13094.579 ms
