Hash Join  (cost=242027.62..411685.75 rows=3447418 width=0) (actual time=5448.320..15457.688 rows=28248406 loops=1)
  Hash Cond: (mk.movie_id = t.id)
  ->  Seq Scan on movie_keyword mk  (cost=0.00..69693.30 rows=4523930 width=4) (actual time=0.024..1407.322 rows=4523930 loops=1)
  ->  Hash  (cost=210415.12..210415.12 rows=1926840 width=8) (actual time=5447.027..5447.027 rows=1933688 loops=1)
        Buckets: 131072  Batches: 32  Memory Usage: 3445kB
        ->  Hash Join  (cost=102767.86..210415.12 rows=1926840 width=8) (actual time=1992.257..4894.674 rows=1933688 loops=1)
              Hash Cond: (mc.movie_id = t.id)
              ->  Seq Scan on movie_companies mc  (cost=0.00..51404.11 rows=1926840 width=4) (actual time=0.070..986.683 rows=1933688 loops=1)
                    Filter: (company_id > 1102)
                    Rows Removed by Filter: 675441
              ->  Hash  (cost=61283.27..61283.27 rows=2528527 width=4) (actual time=1990.315..1990.315 rows=2528312 loops=1)
                    Buckets: 131072  Batches: 64  Memory Usage: 2415kB
                    ->  Seq Scan on title t  (cost=0.00..61283.27 rows=2528527 width=4) (actual time=0.019..1139.202 rows=2528312 loops=1)
Planning time: 1.130 ms
Execution time: 18561.410 ms
