Seq Scan on cast_info ci  (cost=0.00..705507.15 rows=500 width=0) (actual time=3361.565..10815.067 rows=714 loops=1)
  Filter: (person_id = 1083502)
  Rows Removed by Filter: 36243630
Planning time: 0.356 ms
Execution time: 10815.286 ms
