Nested Loop  (cost=0.43..83072.29 rows=175 width=0) (actual time=28.595..1286.376 rows=110 loops=1)
  ->  Seq Scan on movie_keyword mk  (cost=0.00..81003.12 rows=246 width=4) (actual time=28.511..1282.608 rows=129 loops=1)
        Filter: (keyword_id = 4680)
        Rows Removed by Filter: 4523801
  ->  Index Scan using title_pkey on title t  (cost=0.43..8.40 rows=1 width=4) (actual time=0.026..0.027 rows=1 loops=129)
        Index Cond: (id = mk.movie_id)
        Filter: (production_year > 1988)
        Rows Removed by Filter: 0
Planning time: 0.694 ms
Execution time: 1286.524 ms
