Hash Join  (cost=90260.67..187996.65 rows=363669 width=0) (actual time=1720.343..4374.616 rows=285679 loops=1)
  Hash Cond: (mk.movie_id = t.id)
  ->  Seq Scan on movie_keyword mk  (cost=0.00..81003.12 rows=665910 width=4) (actual time=0.017..1440.946 rows=664261 loops=1)
        Filter: (keyword_id < 519)
        Rows Removed by Filter: 3859669
  ->  Hash  (cost=67604.59..67604.59 rows=1380887 width=4) (actual time=1719.429..1719.429 rows=1381453 loops=1)
        Buckets: 131072  Batches: 32  Memory Usage: 2551kB
        ->  Seq Scan on title t  (cost=0.00..67604.59 rows=1380887 width=4) (actual time=0.021..1267.408 rows=1381453 loops=1)
              Filter: (production_year > 2000)
              Rows Removed by Filter: 1146859
Planning time: 0.493 ms
Execution time: 4419.850 ms
