Hash Join  (cost=83072.42..953728.66 rows=87 width=0) (actual time=1363.792..19628.750 rows=2570 loops=1)
  Hash Cond: (ci.movie_id = t.id)
  ->  Seq Scan on cast_info ci  (cost=0.00..796071.18 rows=19889117 width=4) (actual time=0.013..15652.348 rows=18819180 loops=1)
        Filter: ((person_id > 1317166) AND (role_id < 10))
        Rows Removed by Filter: 17425164
  ->  Hash  (cost=83072.29..83072.29 rows=11 width=8) (actual time=1362.608..1362.608 rows=129 loops=1)
        Buckets: 1024  Batches: 1  Memory Usage: 14kB
        ->  Nested Loop  (cost=0.43..83072.29 rows=11 width=8) (actual time=0.098..1362.429 rows=129 loops=1)
              ->  Seq Scan on movie_keyword mk  (cost=0.00..81003.12 rows=246 width=4) (actual time=0.066..1271.697 rows=2212 loops=1)
                    Filter: (keyword_id = 2560)
                    Rows Removed by Filter: 4521718
              ->  Index Scan using title_pkey on title t  (cost=0.43..8.40 rows=1 width=4) (actual time=0.040..0.040 rows=0 loops=2212)
                    Index Cond: (id = mk.movie_id)
                    Filter: (production_year = 2007)
                    Rows Removed by Filter: 1
Planning time: 0.754 ms
Execution time: 19630.261 ms
