Hash Join  (cost=74282.62..101222.27 rows=5125 width=0) (actual time=1282.007..1877.781 rows=7848 loops=1)
  Hash Cond: (mi_idx.movie_id = t.id)
  ->  Seq Scan on movie_info_idx mi_idx  (cost=0.00..25185.44 rows=454124 width=4) (actual time=0.018..502.042 rows=459925 loops=1)
        Filter: (info_type_id = 100)
        Rows Removed by Filter: 920110
  ->  Hash  (cost=73925.90..73925.90 rows=28537 width=4) (actual time=1177.037..1177.037 rows=109739 loops=1)
        Buckets: 131072 (originally 32768)  Batches: 2 (originally 1)  Memory Usage: 3073kB
        ->  Seq Scan on title t  (cost=0.00..73925.90 rows=28537 width=4) (actual time=50.227..1131.862 rows=109739 loops=1)
              Filter: ((production_year < 1928) AND (kind_id = 1))
              Rows Removed by Filter: 2418573
Planning time: 0.730 ms
Execution time: 1879.483 ms
