Hash Join  (cost=83810.17..169218.47 rows=13784 width=0) (actual time=1926.211..3429.311 rows=28268 loops=1)
  Hash Cond: (mk.movie_id = t.id)
  ->  Seq Scan on movie_keyword mk  (cost=0.00..81003.12 rows=35287 width=4) (actual time=0.236..1335.199 rows=29440 loops=1)
        Filter: (keyword_id = 359)
        Rows Removed by Filter: 4494490
  ->  Hash  (cost=67604.59..67604.59 rows=987727 width=4) (actual time=1923.720..1923.720 rows=985048 loops=1)
        Buckets: 131072  Batches: 16  Memory Usage: 3197kB
        ->  Seq Scan on title t  (cost=0.00..67604.59 rows=987727 width=4) (actual time=0.011..1358.844 rows=985048 loops=1)
              Filter: (kind_id < 7)
              Rows Removed by Filter: 1543264
Planning time: 0.713 ms
Execution time: 3433.081 ms
