Seq Scan on cast_info ci  (cost=0.00..705507.15 rows=500 width=0) (actual time=7802.133..10282.181 rows=77 loops=1)
  Filter: (person_id = 1309362)
  Rows Removed by Filter: 36244267
Planning time: 0.354 ms
Execution time: 10282.270 ms
