Hash Join  (cost=223058.26..816370.19 rows=8032483 width=0) (actual time=4974.003..28684.322 rows=32978344 loops=1)
  Hash Cond: (mi.movie_id = t.id)
  ->  Seq Scan on movie_info mi  (cost=0.00..346232.03 rows=13929354 width=4) (actual time=0.017..7488.061 rows=14033580 loops=1)
        Filter: (info_type_id > 1)
        Rows Removed by Filter: 802140
  ->  Hash  (cost=199136.05..199136.05 rows=1458097 width=8) (actual time=4972.748..4972.748 rows=1462005 loops=1)
        Buckets: 131072  Batches: 32  Memory Usage: 2840kB
        ->  Hash Join  (cost=102767.86..199136.05 rows=1458097 width=8) (actual time=1872.943..4533.963 rows=1462005 loops=1)
              Hash Cond: (mc.movie_id = t.id)
              ->  Seq Scan on movie_companies mc  (cost=0.00..51404.11 rows=1458097 width=4) (actual time=0.026..984.103 rows=1462005 loops=1)
                    Filter: (company_id > 8857)
                    Rows Removed by Filter: 1147124
              ->  Hash  (cost=61283.27..61283.27 rows=2528527 width=4) (actual time=1872.074..1872.074 rows=2528312 loops=1)
                    Buckets: 131072  Batches: 64  Memory Usage: 2415kB
                    ->  Seq Scan on title t  (cost=0.00..61283.27 rows=2528527 width=4) (actual time=0.017..1028.315 rows=2528312 loops=1)
Planning time: 1.172 ms
Execution time: 32461.836 ms
