Hash Join  (cost=73962.22..424949.23 rows=1452 width=0) (actual time=1260.729..6948.700 rows=5071 loops=1)
  Hash Cond: (mi.movie_id = t.id)
  ->  Seq Scan on movie_info mi  (cost=0.00..346232.03 rows=1264125 width=4) (actual time=177.662..5641.371 rows=1288928 loops=1)
        Filter: (info_type_id = 2)
        Rows Removed by Filter: 13546792
  ->  Hash  (cost=73925.90..73925.90 rows=2905 width=4) (actual time=1082.885..1082.885 rows=5914 loops=1)
        Buckets: 8192 (originally 4096)  Batches: 1 (originally 1)  Memory Usage: 272kB
        ->  Seq Scan on title t  (cost=0.00..73925.90 rows=2905 width=4) (actual time=3.877..1080.067 rows=5914 loops=1)
              Filter: ((kind_id < 7) AND (production_year = 1974))
              Rows Removed by Filter: 2522398
Planning time: 0.816 ms
Execution time: 6949.792 ms
