Hash Join  (cost=122096.57..476132.54 rows=2684 width=0) (actual time=5232.828..7573.999 rows=9688 loops=1)
  Hash Cond: (mi.movie_id = t.id)
  ->  Seq Scan on movie_info mi  (cost=0.00..346232.03 rows=2073893 width=4) (actual time=2743.334..5020.274 rows=2091068 loops=1)
        Filter: (info_type_id < 3)
        Rows Removed by Filter: 12744652
  ->  Hash  (cost=122055.67..122055.67 rows=3272 width=8) (actual time=2217.341..2217.341 rows=5418 loops=1)
        Buckets: 8192 (originally 4096)  Batches: 1 (originally 1)  Memory Usage: 276kB
        ->  Hash Join  (cost=69283.60..122055.67 rows=3272 width=8) (actual time=1224.412..2215.046 rows=5418 loops=1)
              Hash Cond: (mc.movie_id = t.id)
              ->  Seq Scan on movie_companies mc  (cost=0.00..51404.11 rows=80864 width=4) (actual time=0.037..942.145 rows=84071 loops=1)
                    Filter: (company_id < 19)
                    Rows Removed by Filter: 2525058
              ->  Hash  (cost=67604.59..67604.59 rows=102321 width=4) (actual time=1223.795..1223.795 rows=100537 loops=1)
                    Buckets: 131072  Batches: 2  Memory Usage: 2797kB
                    ->  Seq Scan on title t  (cost=0.00..67604.59 rows=102321 width=4) (actual time=0.018..1046.872 rows=100537 loops=1)
                          Filter: (kind_id = 3)
                          Rows Removed by Filter: 2427775
Planning time: 2.693 ms
Execution time: 7575.683 ms
