Hash Join  (cost=70093.99..109207.49 rows=82802 width=0) (actual time=1270.847..2297.118 rows=74080 loops=1)
  Hash Cond: (mi_idx.movie_id = t.id)
  ->  Seq Scan on movie_info_idx mi_idx  (cost=0.00..21735.35 rows=1380035 width=4) (actual time=0.014..513.616 rows=1380035 loops=1)
  ->  Hash  (cost=67604.59..67604.59 rows=151712 width=4) (actual time=1270.114..1270.114 rows=155206 loops=1)
        Buckets: 131072  Batches: 2  Memory Usage: 3752kB
        ->  Seq Scan on title t  (cost=0.00..67604.59 rows=151712 width=4) (actual time=10.475..1216.275 rows=155206 loops=1)
              Filter: (production_year < 1947)
              Rows Removed by Filter: 2373106
Planning time: 0.662 ms
Execution time: 2307.736 ms
