Seq Scan on cast_info ci  (cost=0.00..705507.15 rows=500 width=0) (actual time=6981.795..10928.402 rows=40 loops=1)
  Filter: (person_id = 2951609)
  Rows Removed by Filter: 36244304
Planning time: 0.374 ms
Execution time: 10928.517 ms
