Nested Loop  (cost=0.43..69321.67 rows=245 width=0) (actual time=59.015..901.995 rows=2339 loops=1)
  ->  Seq Scan on movie_companies mc  (cost=0.00..57926.93 rows=1407 width=4) (actual time=58.945..841.615 rows=2340 loops=1)
        Filter: ((company_type_id < 2) AND (company_id = 4625))
        Rows Removed by Filter: 2606789
  ->  Index Scan using title_pkey on title t  (cost=0.43..8.09 rows=1 width=4) (actual time=0.025..0.025 rows=1 loops=2340)
        Index Cond: (id = mc.movie_id)
        Filter: ((production_year < 2008) AND (kind_id = 1))
        Rows Removed by Filter: 0
Planning time: 0.819 ms
Execution time: 902.721 ms
