Hash Join  (cost=28268.20..379519.14 rows=24 width=0) (actual time=1281.118..6229.934 rows=417 loops=1)
  Hash Cond: (mi.movie_id = t.id)
  ->  Seq Scan on movie_info mi  (cost=0.00..346232.03 rows=1338312 width=4) (actual time=707.972..5638.551 rows=1401902 loops=1)
        Filter: (info_type_id = 7)
        Rows Removed by Filter: 13433818
  ->  Hash  (cost=28267.64..28267.64 rows=45 width=8) (actual time=389.763..389.763 rows=34 loops=1)
        Buckets: 1024  Batches: 1  Memory Usage: 10kB
        ->  Nested Loop  (cost=0.43..28267.64 rows=45 width=8) (actual time=123.405..389.732 rows=34 loops=1)
              ->  Seq Scan on movie_info_idx mi_idx  (cost=0.00..25185.44 rows=368 width=4) (actual time=123.214..384.626 rows=260 loops=1)
                    Filter: (info_type_id > 101)
                    Rows Removed by Filter: 1379775
              ->  Index Scan using title_pkey on title t  (cost=0.43..8.37 rows=1 width=4) (actual time=0.019..0.019 rows=0 loops=260)
                    Index Cond: (id = mi_idx.movie_id)
                    Filter: ((kind_id < 7) AND (production_year > 2007))
                    Rows Removed by Filter: 1
Planning time: 2.048 ms
Execution time: 6230.149 ms
