Nested Loop  (cost=32749.09..899326.00 rows=21837 width=0) (actual time=11572.215..14687.367 rows=29248 loops=1)
  Join Filter: (ci.movie_id = t.id)
  ->  Hash Join  (cost=32748.66..853062.37 rows=54403 width=8) (actual time=11572.139..13829.082 rows=29248 loops=1)
        Hash Cond: (ci.movie_id = mi_idx.movie_id)
        ->  Seq Scan on cast_info ci  (cost=0.00..796071.18 rows=119780 width=4) (actual time=10910.147..13039.636 rows=48396 loops=1)
              Filter: ((person_id < 1213227) AND (role_id > 10))
              Rows Removed by Filter: 36195948
        ->  Hash  (cost=25185.44..25185.44 rows=460978 width=4) (actual time=660.826..660.826 rows=459925 loops=1)
              Buckets: 131072  Batches: 8  Memory Usage: 3050kB
              ->  Seq Scan on movie_info_idx mi_idx  (cost=0.00..25185.44 rows=460978 width=4) (actual time=0.027..521.239 rows=459925 loops=1)
                    Filter: (info_type_id < 100)
                    Rows Removed by Filter: 920110
  ->  Index Only Scan using title_pkey on title t  (cost=0.43..0.84 rows=1 width=4) (actual time=0.028..0.029 rows=1 loops=29248)
        Index Cond: (id = mi_idx.movie_id)
        Heap Fetches: 29248
Planning time: 1.166 ms
Execution time: 14694.545 ms
