Seq Scan on movie_companies mc  (cost=0.00..57926.93 rows=299868 width=0) (actual time=404.444..1032.043 rows=593443 loops=1)
  Filter: ((company_id > 69018) AND (company_type_id > 1))
  Rows Removed by Filter: 2015686
Planning time: 0.308 ms
Execution time: 1104.708 ms
