Seq Scan on title t  (cost=0.00..73925.90 rows=524801 width=0) (actual time=0.012..1339.247 rows=386160 loops=1)
  Filter: ((kind_id > 1) AND (production_year < 1991))
  Rows Removed by Filter: 2142152
Planning time: 0.367 ms
Execution time: 1389.889 ms
