Hash Join  (cost=186052.94..335131.52 rows=2222354 width=0) (actual time=4394.539..10526.764 rows=9021354 loops=1)
  Hash Cond: (mk.movie_id = t.id)
  ->  Seq Scan on movie_keyword mk  (cost=0.00..69693.30 rows=4523930 width=4) (actual time=0.008..1491.001 rows=4523930 loops=1)
  ->  Hash  (cost=165673.39..165673.39 rows=1242124 width=8) (actual time=4393.734..4393.734 rows=1280882 loops=1)
        Buckets: 131072  Batches: 32  Memory Usage: 2605kB
        ->  Hash Join  (cost=104943.62..165673.39 rows=1242124 width=8) (actual time=2119.262..4010.332 rows=1280882 loops=1)
              Hash Cond: (mi_idx.movie_id = t.id)
              ->  Seq Scan on movie_info_idx mi_idx  (cost=0.00..21735.35 rows=1380035 width=4) (actual time=0.014..503.888 rows=1380035 loops=1)
              ->  Hash  (cost=67604.59..67604.59 rows=2275843 width=4) (actual time=2118.321..2118.321 rows=2268428 loops=1)
                    Buckets: 131072  Batches: 32  Memory Usage: 3520kB
                    ->  Seq Scan on title t  (cost=0.00..67604.59 rows=2275843 width=4) (actual time=0.005..1396.211 rows=2268428 loops=1)
                          Filter: (production_year > 1953)
                          Rows Removed by Filter: 259884
Planning time: 1.103 ms
Execution time: 11590.611 ms
