Hash Join  (cost=941812.15..1028494.77 rows=843810 width=0) (actual time=15337.855..19683.830 rows=3518017 loops=1)
  Hash Cond: (mc.movie_id = t.id)
  ->  Seq Scan on movie_companies mc  (cost=0.00..44881.29 rows=2609129 width=4) (actual time=0.019..959.132 rows=2609129 loops=1)
  ->  Hash  (cost=928395.36..928395.36 rows=817743 width=8) (actual time=15336.532..15336.532 rows=1623693 loops=1)
        Buckets: 131072 (originally 131072)  Batches: 32 (originally 16)  Memory Usage: 3073kB
        ->  Hash Join  (cost=102767.86..928395.36 rows=817743 width=8) (actual time=11447.048..14408.264 rows=1623693 loops=1)
              Hash Cond: (ci.movie_id = t.id)
              ->  Seq Scan on cast_info ci  (cost=0.00..796071.18 rows=817743 width=4) (actual time=9534.533..10658.713 rows=1623693 loops=1)
                    Filter: ((person_id < 221477) AND (role_id = 1))
                    Rows Removed by Filter: 34620651
              ->  Hash  (cost=61283.27..61283.27 rows=2528527 width=4) (actual time=1911.151..1911.151 rows=2528312 loops=1)
                    Buckets: 131072  Batches: 64  Memory Usage: 2415kB
                    ->  Seq Scan on title t  (cost=0.00..61283.27 rows=2528527 width=4) (actual time=0.022..1121.046 rows=2528312 loops=1)
Planning time: 1.128 ms
Execution time: 20126.689 ms
