Hash Join  (cost=176716.20..662696.64 rows=578653 width=0) (actual time=3353.983..13690.645 rows=134989 loops=1)
  Hash Cond: (mi.movie_id = t.id)
  ->  Seq Scan on movie_info mi  (cost=0.00..309384.22 rows=14739122 width=4) (actual time=0.008..5772.573 rows=14835720 loops=1)
  ->  Hash  (cost=175087.33..175087.33 rows=99269 width=8) (actual time=3199.056..3199.056 rows=12914 loops=1)
        Buckets: 131072  Batches: 2  Memory Usage: 1276kB
        ->  Hash Join  (cost=77035.88..175087.33 rows=99269 width=8) (actual time=2720.329..3194.761 rows=12914 loops=1)
              Hash Cond: (mk.movie_id = t.id)
              ->  Seq Scan on movie_keyword mk  (cost=0.00..81003.12 rows=1324437 width=4) (actual time=0.025..1570.972 rows=1340785 loops=1)
                    Filter: (keyword_id < 1749)
                    Rows Removed by Filter: 3183145
              ->  Hash  (cost=73925.90..73925.90 rows=189518 width=4) (actual time=1126.196..1126.196 rows=86916 loops=1)
                    Buckets: 131072  Batches: 4  Memory Usage: 1792kB
                    ->  Seq Scan on title t  (cost=0.00..73925.90 rows=189518 width=4) (actual time=0.023..1093.266 rows=86916 loops=1)
                          Filter: ((production_year < 1966) AND (kind_id = 7))
                          Rows Removed by Filter: 2441396
Planning time: 12.194 ms
Execution time: 13708.187 ms
