Hash Join  (cost=513038.35..1645991.28 rows=13258263 width=0) (actual time=9902.320..45110.302 rows=23095508 loops=1)
  Hash Cond: (ci.movie_id = t.id)
  ->  Seq Scan on cast_info ci  (cost=0.00..705507.15 rows=25049373 width=4) (actual time=0.071..15956.546 rows=25076585 loops=1)
        Filter: (person_id < 2585274)
        Rows Removed by Filter: 11167759
  ->  Hash  (cost=491081.45..491081.45 rows=1338312 width=8) (actual time=9900.697..9900.697 rows=1401902 loops=1)
        Buckets: 131072  Batches: 32  Memory Usage: 2687kB
        ->  Hash Join  (cost=102767.86..491081.45 rows=1338312 width=8) (actual time=3843.628..9480.451 rows=1401902 loops=1)
              Hash Cond: (mi.movie_id = t.id)
              ->  Seq Scan on movie_info mi  (cost=0.00..346232.03 rows=1338312 width=4) (actual time=1887.476..5724.352 rows=1401902 loops=1)
                    Filter: (info_type_id = 7)
                    Rows Removed by Filter: 13433818
              ->  Hash  (cost=61283.27..61283.27 rows=2528527 width=4) (actual time=1954.561..1954.561 rows=2528312 loops=1)
                    Buckets: 131072  Batches: 64  Memory Usage: 2425kB
                    ->  Seq Scan on title t  (cost=0.00..61283.27 rows=2528527 width=4) (actual time=0.036..1102.633 rows=2528312 loops=1)
Planning time: 1.067 ms
Execution time: 47709.191 ms
