Nested Loop  (cost=0.43..709673.15 rows=305 width=0) (actual time=4127.177..10640.574 rows=210 loops=1)
  ->  Seq Scan on cast_info ci  (cost=0.00..705507.15 rows=500 width=4) (actual time=4125.948..10636.715 rows=293 loops=1)
        Filter: (person_id = 2691358)
        Rows Removed by Filter: 36244051
  ->  Index Scan using title_pkey on title t  (cost=0.43..8.32 rows=1 width=4) (actual time=0.012..0.013 rows=1 loops=293)
        Index Cond: (id = ci.movie_id)
        Filter: (kind_id = 7)
        Rows Removed by Filter: 0
Planning time: 0.729 ms
Execution time: 10640.722 ms
