Seq Scan on movie_keyword mk  (cost=0.00..81003.12 rows=3716088 width=0) (actual time=0.013..1556.600 rows=3712401 loops=1)
  Filter: (keyword_id < 22646)
  Rows Removed by Filter: 811529
Planning time: 0.371 ms
Execution time: 2020.849 ms
