Seq Scan on cast_info ci  (cost=0.00..796071.18 rows=435 width=0) (actual time=2152.538..14036.628 rows=346 loops=1)
  Filter: ((role_id < 10) AND (person_id = 2790297))
  Rows Removed by Filter: 36243998
Planning time: 4.928 ms
Execution time: 14036.794 ms
