Seq Scan on cast_info ci  (cost=0.00..796071.18 rows=891377 width=0) (actual time=3831.230..14583.933 rows=898389 loops=1)
  Filter: ((person_id < 4024578) AND (role_id = 5))
  Rows Removed by Filter: 35345955
Planning time: 0.433 ms
Execution time: 14702.755 ms
