Hash Join  (cost=69687.24..188686.04 rows=156027 width=0) (actual time=1129.612..3750.574 rows=139349 loops=1)
  Hash Cond: (mk.movie_id = t.id)
  ->  Seq Scan on movie_keyword mk  (cost=0.00..81003.12 rows=3108109 width=4) (actual time=0.014..1648.738 rows=3091113 loops=1)
        Filter: (keyword_id > 1977)
        Rows Removed by Filter: 1432817
  ->  Hash  (cost=67604.59..67604.59 rows=126932 width=4) (actual time=1128.828..1128.828 rows=122861 loops=1)
        Buckets: 131072  Batches: 2  Memory Usage: 3197kB
        ->  Seq Scan on title t  (cost=0.00..67604.59 rows=126932 width=4) (actual time=0.009..1072.749 rows=122861 loops=1)
              Filter: (production_year = 2008)
              Rows Removed by Filter: 2405451
Planning time: 0.809 ms
Execution time: 3768.806 ms
