Seq Scan on movie_keyword mk  (cost=0.00..81003.12 rows=246 width=0) (actual time=15.187..1140.048 rows=30 loops=1)
  Filter: (keyword_id = 15680)
  Rows Removed by Filter: 4523900
Planning time: 0.414 ms
Execution time: 1140.150 ms
