Nested Loop  (cost=44377.22..121157.65 rows=131 width=0) (actual time=994.172..2050.173 rows=51 loops=1)
  Join Filter: (mc.movie_id = t.id)
  ->  Hash Join  (cost=44376.79..109201.18 rows=20166 width=8) (actual time=994.111..2040.587 rows=255 loops=1)
        Hash Cond: (mc.movie_id = mi_idx.movie_id)
        ->  Seq Scan on movie_companies mc  (cost=0.00..57926.93 rows=7136 width=4) (actual time=17.991..964.638 rows=107 loops=1)
              Filter: ((company_type_id > 1) AND (company_id = 34))
              Rows Removed by Filter: 2609022
        ->  Hash  (cost=21735.35..21735.35 rows=1380035 width=4) (actual time=893.381..893.381 rows=1380035 loops=1)
              Buckets: 131072  Batches: 32  Memory Usage: 2540kB
              ->  Seq Scan on movie_info_idx mi_idx  (cost=0.00..21735.35 rows=1380035 width=4) (actual time=0.021..474.114 rows=1380035 loops=1)
  ->  Index Scan using title_pkey on title t  (cost=0.43..0.58 rows=1 width=4) (actual time=0.036..0.036 rows=0 loops=255)
        Index Cond: (id = mi_idx.movie_id)
        Filter: (production_year = 2004)
        Rows Removed by Filter: 1
Planning time: 1.152 ms
Execution time: 2050.332 ms
