Hash Join  (cost=93873.33..216403.98 rows=1080146 width=0) (actual time=3789.392..5220.752 rows=254316 loops=1)
  Hash Cond: (mk.movie_id = t.id)
  ->  Seq Scan on movie_keyword mk  (cost=0.00..81003.12 rows=2246416 width=4) (actual time=0.015..1566.478 rows=2248999 loops=1)
        Filter: (keyword_id < 4630)
        Rows Removed by Filter: 2274931
  ->  Hash  (cost=73925.90..73925.90 rows=1215794 width=4) (actual time=2399.710..2399.710 rows=1301100 loops=1)
        Buckets: 131072  Batches: 16  Memory Usage: 3898kB
        ->  Seq Scan on title t  (cost=0.00..73925.90 rows=1215794 width=4) (actual time=0.017..1459.023 rows=1301100 loops=1)
              Filter: ((production_year > 1976) AND (kind_id = 7))
              Rows Removed by Filter: 1227212
Planning time: 0.756 ms
Execution time: 5247.081 ms
