Hash Join  (cost=114640.80..171432.43 rows=40147 width=0) (actual time=2102.085..3575.304 rows=168835 loops=1)
  Hash Cond: (mc.movie_id = t.id)
  ->  Seq Scan on movie_companies mc  (cost=0.00..51404.11 rows=1329612 width=4) (actual time=0.014..946.630 rows=1334883 loops=1)
        Filter: (company_type_id = 2)
        Rows Removed by Filter: 1274246
  ->  Hash  (cost=113686.46..113686.46 rows=76347 width=8) (actual time=2101.309..2101.309 rows=100992 loops=1)
        Buckets: 131072 (originally 131072)  Batches: 2 (originally 1)  Memory Usage: 3073kB
        ->  Hash Join  (cost=80738.05..113686.46 rows=76347 width=8) (actual time=1325.260..2061.926 rows=100992 loops=1)
              Hash Cond: (mi_idx.movie_id = t.id)
              ->  Seq Scan on movie_info_idx mi_idx  (cost=0.00..25185.44 rows=464934 width=4) (actual time=0.015..479.051 rows=460185 loops=1)
                    Filter: (info_type_id > 100)
                    Rows Removed by Filter: 919850
              ->  Hash  (cost=73925.90..73925.90 rows=415212 width=4) (actual time=1272.321..1272.321 rows=303236 loops=1)
                    Buckets: 131072  Batches: 8  Memory Usage: 2359kB
                    ->  Seq Scan on title t  (cost=0.00..73925.90 rows=415212 width=4) (actual time=439.994..1178.954 rows=303236 loops=1)
                          Filter: ((kind_id < 2) AND (production_year > 1996))
                          Rows Removed by Filter: 2225076
Planning time: 1.246 ms
Execution time: 3596.212 ms
