Seq Scan on movie_companies mc  (cost=0.00..57926.93 rows=51 width=0) (actual time=504.305..799.255 rows=26 loops=1)
  Filter: ((company_id = 19066) AND (company_type_id = 1))
  Rows Removed by Filter: 2609103
Planning time: 0.377 ms
Execution time: 799.374 ms
