Seq Scan on movie_keyword mk  (cost=0.00..81003.12 rows=1074922 width=0) (actual time=0.026..634.350 rows=1084824 loops=1)
  Filter: (keyword_id > 16299)
  Rows Removed by Filter: 3439106
Planning time: 1.670 ms
Execution time: 714.353 ms
