Hash Join  (cost=74547.77..133662.25 rows=38437 width=0) (actual time=1061.000..2550.551 rows=54009 loops=1)
  Hash Cond: (mc.movie_id = t.id)
  ->  Seq Scan on movie_companies mc  (cost=0.00..51404.11 rows=1953600 width=4) (actual time=0.023..978.977 rows=1948587 loops=1)
        Filter: (company_id < 52463)
        Rows Removed by Filter: 660542
  ->  Hash  (cost=73925.90..73925.90 rows=49749 width=4) (actual time=1060.548..1060.548 rows=44012 loops=1)
        Buckets: 65536  Batches: 1  Memory Usage: 2060kB
        ->  Seq Scan on title t  (cost=0.00..73925.90 rows=49749 width=4) (actual time=0.019..1043.216 rows=44012 loops=1)
              Filter: ((kind_id < 7) AND (production_year = 2009))
              Rows Removed by Filter: 2484300
Planning time: 0.828 ms
Execution time: 2558.503 ms
