Seq Scan on movie_keyword mk  (cost=0.00..81003.12 rows=246 width=0) (actual time=9.877..1347.753 rows=245 loops=1)
  Filter: (keyword_id = 16503)
  Rows Removed by Filter: 4523685
Planning time: 2.010 ms
Execution time: 1347.999 ms
