Hash Join  (cost=74547.79..426061.81 rows=26332 width=0) (actual time=4238.538..6534.283 rows=4364 loops=1)
  Hash Cond: (mi.movie_id = t.id)
  ->  Seq Scan on movie_info mi  (cost=0.00..346232.03 rows=1338312 width=4) (actual time=3060.755..5083.788 rows=1401902 loops=1)
        Filter: (info_type_id = 7)
        Rows Removed by Filter: 13433818
  ->  Hash  (cost=73925.90..73925.90 rows=49751 width=4) (actual time=1177.284..1177.284 rows=56995 loops=1)
        Buckets: 65536  Batches: 1  Memory Usage: 2516kB
        ->  Seq Scan on title t  (cost=0.00..73925.90 rows=49751 width=4) (actual time=0.021..1154.336 rows=56995 loops=1)
              Filter: ((kind_id > 1) AND (production_year = 2003))
              Rows Removed by Filter: 2471317
Planning time: 1.621 ms
Execution time: 6535.250 ms
