Hash Join  (cost=944137.79..1031637.93 rows=903162 width=0) (actual time=18373.204..21161.418 rows=1785222 loops=1)
  Hash Cond: (mc.movie_id = t.id)
  ->  Seq Scan on movie_companies mc  (cost=0.00..44881.29 rows=2609129 width=4) (actual time=0.006..932.750 rows=2609129 loops=1)
  ->  Hash  (cost=929778.03..929778.03 rows=875261 width=8) (actual time=18371.997..18371.997 rows=898389 loops=1)
        Buckets: 131072  Batches: 16  Memory Usage: 3213kB
        ->  Hash Join  (cost=102767.86..929778.03 rows=875261 width=8) (actual time=11334.111..18109.968 rows=898389 loops=1)
              Hash Cond: (ci.movie_id = t.id)
              ->  Seq Scan on cast_info ci  (cost=0.00..796071.18 rows=875261 width=4) (actual time=9400.924..14980.930 rows=898389 loops=1)
                    Filter: ((person_id < 3894826) AND (role_id = 5))
                    Rows Removed by Filter: 35345955
              ->  Hash  (cost=61283.27..61283.27 rows=2528527 width=4) (actual time=1927.086..1927.086 rows=2528312 loops=1)
                    Buckets: 131072  Batches: 64  Memory Usage: 2415kB
                    ->  Seq Scan on title t  (cost=0.00..61283.27 rows=2528527 width=4) (actual time=0.030..1091.878 rows=2528312 loops=1)
Planning time: 1.182 ms
Execution time: 21356.214 ms
