Nested Loop  (cost=0.43..709673.15 rows=286 width=0) (actual time=7572.303..11068.338 rows=5 loops=1)
  ->  Seq Scan on cast_info ci  (cost=0.00..705507.15 rows=500 width=4) (actual time=7572.076..11063.929 rows=208 loops=1)
        Filter: (person_id = 4037403)
        Rows Removed by Filter: 36244136
  ->  Index Scan using title_pkey on title t  (cost=0.43..8.32 rows=1 width=4) (actual time=0.020..0.021 rows=0 loops=208)
        Index Cond: (id = ci.movie_id)
        Filter: (production_year < 2006)
        Rows Removed by Filter: 1
Planning time: 0.820 ms
Execution time: 11068.448 ms
