Seq Scan on movie_companies mc  (cost=0.00..57926.93 rows=892909 width=0) (actual time=354.638..1081.902 rows=1085400 loops=1)
  Filter: ((company_id > 2378) AND (company_type_id = 2))
  Rows Removed by Filter: 1523729
Planning time: 0.314 ms
Execution time: 1219.087 ms
