Seq Scan on movie_keyword mk  (cost=0.00..81003.12 rows=1515574 width=0) (actual time=0.014..1382.470 rows=1533854 loops=1)
  Filter: (keyword_id > 10407)
  Rows Removed by Filter: 2990076
Planning time: 0.322 ms
Execution time: 1572.580 ms
