Nested Loop  (cost=0.43..709671.90 rows=500 width=0) (actual time=4158.902..10740.926 rows=178 loops=1)
  ->  Seq Scan on cast_info ci  (cost=0.00..705507.15 rows=500 width=4) (actual time=4158.709..10736.783 rows=178 loops=1)
        Filter: (person_id = 1818826)
        Rows Removed by Filter: 36244166
  ->  Index Only Scan using title_pkey on title t  (cost=0.43..8.32 rows=1 width=4) (actual time=0.022..0.022 rows=1 loops=178)
        Index Cond: (id = ci.movie_id)
        Heap Fetches: 178
Planning time: 0.766 ms
Execution time: 10741.035 ms
