Hash Join  (cost=112320.48..467068.02 rows=28571 width=0) (actual time=2418.619..8065.355 rows=87781 loops=1)
  Hash Cond: (mi.movie_id = t.id)
  ->  Seq Scan on movie_info mi  (cost=0.00..346232.03 rows=2194617 width=4) (actual time=241.583..5498.627 rows=2233850 loops=1)
        Filter: (info_type_id > 16)
        Rows Removed by Filter: 12601870
  ->  Hash  (cost=111909.01..111909.01 rows=32917 width=8) (actual time=2104.914..2104.914 rows=25742 loops=1)
        Buckets: 65536  Batches: 1  Memory Usage: 1518kB
        ->  Hash Join  (cost=75411.94..111909.01 rows=32917 width=8) (actual time=1291.141..2096.498 rows=25742 loops=1)
              Hash Cond: (mi_idx.movie_id = t.id)
              ->  Seq Scan on movie_info_idx mi_idx  (cost=0.00..25185.44 rows=919057 width=4) (actual time=0.036..513.575 rows=920110 loops=1)
                    Filter: (info_type_id > 99)
                    Rows Removed by Filter: 459925
              ->  Hash  (cost=73925.90..73925.90 rows=90563 width=4) (actual time=1109.515..1109.515 rows=80990 loops=1)
                    Buckets: 131072  Batches: 2  Memory Usage: 2450kB
                    ->  Seq Scan on title t  (cost=0.00..73925.90 rows=90563 width=4) (actual time=0.049..1078.452 rows=80990 loops=1)
                          Filter: ((kind_id < 7) AND (production_year > 2011))
                          Rows Removed by Filter: 2447322
Planning time: 1.131 ms
Execution time: 8077.906 ms
