Hash Join  (cost=84155.89..475867.62 rows=756598 width=0) (actual time=1294.190..8818.813 rows=984195 loops=1)
  Hash Cond: (mi.movie_id = t.id)
  ->  Seq Scan on movie_info mi  (cost=0.00..346232.03 rows=3068194 width=4) (actual time=0.016..5766.419 rows=3036719 loops=1)
        Filter: (info_type_id = 16)
        Rows Removed by Filter: 11799001
  ->  Hash  (cost=73925.90..73925.90 rows=623519 width=4) (actual time=1293.332..1293.332 rows=557735 loops=1)
        Buckets: 131072  Batches: 16  Memory Usage: 2256kB
        ->  Seq Scan on title t  (cost=0.00..73925.90 rows=623519 width=4) (actual time=0.013..1117.768 rows=557735 loops=1)
              Filter: ((kind_id < 2) AND (production_year > 1923))
              Rows Removed by Filter: 1970577
Planning time: 4.442 ms
Execution time: 8934.324 ms
