Hash Join  (cost=210606.36..1180226.88 rows=1842904 width=0) (actual time=9263.031..27674.869 rows=532448 loops=1)
  Hash Cond: (ci.movie_id = t.id)
  ->  Seq Scan on cast_info ci  (cost=0.00..796071.18 rows=11988259 width=4) (actual time=4962.862..17329.531 rows=12670688 loops=1)
        Filter: ((person_id < 3643684) AND (role_id = 1))
        Rows Removed by Filter: 23573656
  ->  Hash  (cost=204228.61..204228.61 rows=388700 width=8) (actual time=4292.364..4292.364 rows=66037 loops=1)
        Buckets: 131072  Batches: 8  Memory Usage: 1324kB
        ->  Hash Join  (cost=77490.57..204228.61 rows=388700 width=8) (actual time=3144.281..4272.138 rows=66037 loops=1)
              Hash Cond: (mk.movie_id = t.id)
              ->  Seq Scan on movie_keyword mk  (cost=0.00..69693.30 rows=4523930 width=4) (actual time=0.031..1532.565 rows=4523930 loops=1)
              ->  Hash  (cost=73925.90..73925.90 rows=217253 width=4) (actual time=1105.026..1105.026 rows=112299 loops=1)
                    Buckets: 131072  Batches: 4  Memory Usage: 2014kB
                    ->  Seq Scan on title t  (cost=0.00..73925.90 rows=217253 width=4) (actual time=0.026..1063.776 rows=112299 loops=1)
                          Filter: ((production_year < 1969) AND (kind_id = 7))
                          Rows Removed by Filter: 2416013
Planning time: 1.149 ms
Execution time: 27743.691 ms
