Hash Join  (cost=74624.40..442537.65 rows=325732 width=0) (actual time=1267.252..9536.070 rows=363783 loops=1)
  Hash Cond: (mi.movie_id = t.id)
  ->  Seq Scan on movie_info mi  (cost=0.00..309384.22 rows=14739122 width=4) (actual time=0.017..4250.303 rows=14835720 loops=1)
  ->  Hash  (cost=73925.90..73925.90 rows=55880 width=4) (actual time=1266.532..1266.532 rows=43879 loops=1)
        Buckets: 65536  Batches: 1  Memory Usage: 2055kB
        ->  Seq Scan on title t  (cost=0.00..73925.90 rows=55880 width=4) (actual time=0.033..1249.382 rows=43879 loops=1)
              Filter: ((production_year > 2000) AND (kind_id = 3))
              Rows Removed by Filter: 2484433
Planning time: 0.718 ms
Execution time: 9587.260 ms
