Seq Scan on movie_keyword mk  (cost=0.00..81003.12 rows=3880988 width=0) (actual time=0.025..1471.159 rows=3869364 loops=1)
  Filter: (keyword_id < 28735)
  Rows Removed by Filter: 654566
Planning time: 0.319 ms
Execution time: 1936.560 ms
