Hash Join  (cost=156421.61..651257.76 rows=1408622 width=0) (actual time=3499.352..18804.365 rows=9977278 loops=1)
  Hash Cond: (mi.movie_id = t.id)
  ->  Seq Scan on movie_info mi  (cost=0.00..309384.22 rows=14739122 width=4) (actual time=0.022..5809.661 rows=14835720 loops=1)
  ->  Hash  (cost=152456.96..152456.96 rows=241652 width=8) (actual time=3498.518..3498.518 rows=549459 loops=1)
        Buckets: 131072 (originally 131072)  Batches: 8 (originally 4)  Memory Usage: 3735kB
        ->  Hash Join  (cost=81466.28..152456.96 rows=241652 width=8) (actual time=1557.672..3324.937 rows=549459 loops=1)
              Hash Cond: (mc.movie_id = t.id)
              ->  Seq Scan on movie_companies mc  (cost=0.00..51404.11 rows=1329612 width=4) (actual time=130.562..945.852 rows=1334883 loops=1)
                    Filter: (company_type_id > 1)
                    Rows Removed by Filter: 1274246
              ->  Hash  (cost=73925.90..73925.90 rows=459550 width=4) (actual time=1426.120..1426.120 rows=547302 loops=1)
                    Buckets: 131072  Batches: 8  Memory Usage: 3441kB
                    ->  Seq Scan on title t  (cost=0.00..73925.90 rows=459550 width=4) (actual time=0.038..1251.780 rows=547302 loops=1)
                          Filter: ((kind_id < 4) AND (production_year < 2005))
                          Rows Removed by Filter: 1981010
Planning time: 1.148 ms
Execution time: 19971.646 ms
