Hash Join  (cost=426535.29..520156.11 rows=44247 width=0) (actual time=7772.773..8930.840 rows=12579 loops=1)
  Hash Cond: (mk.movie_id = t.id)
  ->  Seq Scan on movie_keyword mk  (cost=0.00..81003.12 rows=3246726 width=4) (actual time=0.024..1648.809 rows=3237368 loops=1)
        Filter: (keyword_id < 13751)
        Rows Removed by Filter: 1286562
  ->  Hash  (cost=426104.55..426104.55 rows=34459 width=8) (actual time=6774.426..6774.426 rows=15761 loops=1)
        Buckets: 65536  Batches: 1  Memory Usage: 1128kB
        ->  Hash Join  (cost=74787.47..426104.55 rows=34459 width=8) (actual time=1819.104..6768.287 rows=15761 loops=1)
              Hash Cond: (mi.movie_id = t.id)
              ->  Seq Scan on movie_info mi  (cost=0.00..346232.03 rows=1264125 width=4) (actual time=574.496..5140.523 rows=1288928 loops=1)
                    Filter: (info_type_id = 2)
                    Rows Removed by Filter: 13546792
              ->  Hash  (cost=73925.90..73925.90 rows=68925 width=4) (actual time=1243.626..1243.626 rows=84076 loops=1)
                    Buckets: 131072  Batches: 1  Memory Usage: 3980kB
                    ->  Seq Scan on title t  (cost=0.00..73925.90 rows=68925 width=4) (actual time=0.028..1208.461 rows=84076 loops=1)
                          Filter: ((kind_id = 7) AND (production_year = 2007))
                          Rows Removed by Filter: 2444236
Planning time: 1.146 ms
Execution time: 8932.898 ms
