Seq Scan on movie_keyword mk  (cost=0.00..81003.12 rows=28087 width=0) (actual time=514.256..1286.439 rows=24620 loops=1)
  Filter: (keyword_id > 113996)
  Rows Removed by Filter: 4499310
Planning time: 0.300 ms
Execution time: 1290.394 ms
