Hash Join  (cost=101082.95..187786.35 rows=4536 width=0) (actual time=1580.829..3478.526 rows=55911 loops=1)
  Hash Cond: (mk.movie_id = t.id)
  ->  Seq Scan on movie_keyword mk  (cost=0.00..69693.30 rows=4523930 width=4) (actual time=0.013..1047.848 rows=4523930 loops=1)
  ->  Hash  (cost=101051.26..101051.26 rows=2535 width=8) (actual time=1580.444..1580.444 rows=4200 loops=1)
        Buckets: 8192 (originally 4096)  Batches: 1 (originally 1)  Memory Usage: 229kB
        ->  Hash Join  (cost=74098.35..101051.26 rows=2535 width=8) (actual time=1054.316..1578.254 rows=4200 loops=1)
              Hash Cond: (mi_idx.movie_id = t.id)
              ->  Seq Scan on movie_info_idx mi_idx  (cost=0.00..25185.44 rows=464566 width=4) (actual time=0.026..468.282 rows=459925 loops=1)
                    Filter: (info_type_id = 101)
                    Rows Removed by Filter: 920110
              ->  Hash  (cost=73925.90..73925.90 rows=13796 width=4) (actual time=1016.812..1016.812 rows=8100 loops=1)
                    Buckets: 16384  Batches: 1  Memory Usage: 413kB
                    ->  Seq Scan on title t  (cost=0.00..73925.90 rows=13796 width=4) (actual time=154.883..1013.084 rows=8100 loops=1)
                          Filter: ((kind_id = 1) AND (production_year = 2000))
                          Rows Removed by Filter: 2520212
Planning time: 1.147 ms
Execution time: 3486.178 ms
