Seq Scan on movie_keyword mk  (cost=0.00..81003.12 rows=342923 width=0) (actual time=0.021..1285.543 rows=341025 loops=1)
  Filter: (keyword_id > 48664)
  Rows Removed by Filter: 4182905
Planning time: 0.293 ms
Execution time: 1330.758 ms
