Hash Join  (cost=102767.86..1216943.12 rows=16573053 width=0) (actual time=1940.327..30398.210 rows=16703957 loops=1)
  Hash Cond: (ci.movie_id = t.id)
  ->  Seq Scan on cast_info ci  (cost=0.00..705507.15 rows=16573053 width=4) (actual time=0.016..13085.033 rows=16703957 loops=1)
        Filter: (person_id > 1957023)
        Rows Removed by Filter: 19540387
  ->  Hash  (cost=61283.27..61283.27 rows=2528527 width=4) (actual time=1939.303..1939.303 rows=2528312 loops=1)
        Buckets: 131072  Batches: 64  Memory Usage: 2415kB
        ->  Seq Scan on title t  (cost=0.00..61283.27 rows=2528527 width=4) (actual time=0.018..1094.953 rows=2528312 loops=1)
Planning time: 0.721 ms
Execution time: 32253.397 ms
