Hash Join  (cost=101570.68..854676.91 rows=231703 width=0) (actual time=1138.801..16225.508 rows=85770 loops=1)
  Hash Cond: (ci.movie_id = t.id)
  ->  Seq Scan on cast_info ci  (cost=0.00..614943.12 rows=36225612 width=4) (actual time=0.017..7198.314 rows=36244344 loops=1)
  ->  Hash  (cost=101368.52..101368.52 rows=16173 width=8) (actual time=1133.189..1133.189 rows=14373 loops=1)
        Buckets: 16384  Batches: 1  Memory Usage: 690kB
        ->  Hash Join  (cost=74296.30..101368.52 rows=16173 width=8) (actual time=951.630..1130.534 rows=14373 loops=1)
              Hash Cond: (mi_idx.movie_id = t.id)
              ->  Seq Scan on movie_info_idx mi_idx  (cost=0.00..21735.35 rows=1380035 width=4) (actual time=0.009..116.332 rows=1380035 loops=1)
              ->  Hash  (cost=73925.90..73925.90 rows=29632 width=4) (actual time=852.045..852.045 rows=73351 loops=1)
                    Buckets: 131072 (originally 32768)  Batches: 1 (originally 1)  Memory Usage: 3603kB
                    ->  Seq Scan on title t  (cost=0.00..73925.90 rows=29632 width=4) (actual time=0.016..824.212 rows=73351 loops=1)
                          Filter: ((kind_id < 7) AND (production_year < 1917))
                          Rows Removed by Filter: 2454961
Planning time: 1.422 ms
Execution time: 16238.767 ms
