Hash Join  (cost=709676.96..765880.80 rows=154 width=0) (actual time=12377.872..12754.461 rows=1314 loops=1)
  Hash Cond: (mc.movie_id = t.id)
  ->  Seq Scan on movie_companies mc  (cost=0.00..51404.11 rows=1279517 width=4) (actual time=0.017..939.315 rows=1274246 loops=1)
        Filter: (company_type_id = 1)
        Rows Removed by Filter: 1334883
  ->  Hash  (cost=709673.15..709673.15 rows=305 width=8) (actual time=11614.963..11614.963 rows=1824 loops=1)
        Buckets: 2048 (originally 1024)  Batches: 1 (originally 1)  Memory Usage: 88kB
        ->  Nested Loop  (cost=0.43..709673.15 rows=305 width=8) (actual time=791.659..11614.132 rows=1824 loops=1)
              ->  Seq Scan on cast_info ci  (cost=0.00..705507.15 rows=500 width=4) (actual time=791.076..11589.547 rows=1854 loops=1)
                    Filter: (person_id = 2579970)
                    Rows Removed by Filter: 36242490
              ->  Index Scan using title_pkey on title t  (cost=0.43..8.32 rows=1 width=4) (actual time=0.012..0.013 rows=1 loops=1854)
                    Index Cond: (id = ci.movie_id)
                    Filter: (kind_id = 7)
                    Rows Removed by Filter: 0
Planning time: 1.219 ms
Execution time: 12754.797 ms
