Hash Join  (cost=52284.99..416946.98 rows=606 width=0) (actual time=943.407..7554.407 rows=108 loops=1)
  Hash Cond: (mi.movie_id = t.id)
  ->  Seq Scan on movie_info mi  (cost=0.00..309384.22 rows=14739122 width=4) (actual time=0.017..4051.344 rows=14835720 loops=1)
  ->  Hash  (cost=52283.69..52283.69 rows=104 width=8) (actual time=795.208..795.208 rows=18 loops=1)
        Buckets: 1024  Batches: 1  Memory Usage: 9kB
        ->  Nested Loop  (cost=0.43..52283.69 rows=104 width=8) (actual time=362.459..795.173 rows=18 loops=1)
              ->  Seq Scan on movie_companies mc  (cost=0.00..51404.11 rows=104 width=4) (actual time=362.365..794.383 rows=18 loops=1)
                    Filter: (company_id = 14945)
                    Rows Removed by Filter: 2609111
              ->  Index Only Scan using title_pkey on title t  (cost=0.43..8.45 rows=1 width=4) (actual time=0.037..0.038 rows=1 loops=18)
                    Index Cond: (id = mc.movie_id)
                    Heap Fetches: 18
Planning time: 0.722 ms
Execution time: 7554.587 ms
