Hash Join  (cost=158096.45..909022.15 rows=13649 width=0) (actual time=2598.734..19168.205 rows=258875 loops=1)
  Hash Cond: (ci.movie_id = t.id)
  ->  Seq Scan on cast_info ci  (cost=0.00..614943.12 rows=36225612 width=4) (actual time=0.017..9062.649 rows=36244344 loops=1)
  ->  Hash  (cost=158084.54..158084.54 rows=953 width=8) (actual time=2597.352..2597.352 rows=6416 loops=1)
        Buckets: 8192 (originally 1024)  Batches: 1 (originally 1)  Memory Usage: 315kB
        ->  Hash Join  (cost=73962.22..158084.54 rows=953 width=8) (actual time=1193.756..2594.812 rows=6416 loops=1)
              Hash Cond: (mk.movie_id = t.id)
              ->  Seq Scan on movie_keyword mk  (cost=0.00..81003.12 rows=829244 width=4) (actual time=0.022..1261.486 rows=837680 loops=1)
                    Filter: (keyword_id > 21975)
                    Rows Removed by Filter: 3686250
              ->  Hash  (cost=73925.90..73925.90 rows=2905 width=4) (actual time=1190.815..1190.815 rows=6650 loops=1)
                    Buckets: 8192 (originally 4096)  Batches: 1 (originally 1)  Memory Usage: 298kB
                    ->  Seq Scan on title t  (cost=0.00..73925.90 rows=2905 width=4) (actual time=2.409..1187.514 rows=6650 loops=1)
                          Filter: ((kind_id < 7) AND (production_year = 1981))
                          Rows Removed by Filter: 2521662
Planning time: 1.091 ms
Execution time: 19208.338 ms
