Hash Join  (cost=118941.10..187684.87 rows=112761 width=0) (actual time=2522.929..4071.563 rows=184406 loops=1)
  Hash Cond: (mc.movie_id = t.id)
  ->  Seq Scan on movie_companies mc  (cost=0.00..51404.11 rows=1329612 width=4) (actual time=0.021..1031.941 rows=1334883 loops=1)
        Filter: (company_type_id > 1)
        Rows Removed by Filter: 1274246
  ->  Hash  (cost=115422.64..115422.64 rows=214437 width=8) (actual time=2521.970..2521.970 rows=131526 loops=1)
        Buckets: 131072  Batches: 4  Memory Usage: 2311kB
        ->  Hash Join  (cost=74050.79..115422.64 rows=214437 width=8) (actual time=1349.120..2488.916 rows=131526 loops=1)
              Hash Cond: (mi_idx.movie_id = t.id)
              ->  Seq Scan on movie_info_idx mi_idx  (cost=0.00..21735.35 rows=1380035 width=4) (actual time=0.015..498.562 rows=1380035 loops=1)
              ->  Hash  (cost=67604.59..67604.59 rows=392896 width=4) (actual time=1348.292..1348.292 rows=391666 loops=1)
                    Buckets: 131072  Batches: 8  Memory Usage: 2753kB
                    ->  Seq Scan on title t  (cost=0.00..67604.59 rows=392896 width=4) (actual time=0.020..1221.169 rows=391666 loops=1)
                          Filter: (production_year > 2010)
                          Rows Removed by Filter: 2136646
Planning time: 1.162 ms
Execution time: 4088.342 ms
