Seq Scan on cast_info ci  (cost=0.00..705507.15 rows=24412201 width=0) (actual time=0.024..12668.104 rows=24516355 loops=1)
  Filter: (person_id > 1151790)
  Rows Removed by Filter: 11727989
Planning time: 0.308 ms
Execution time: 15693.764 ms
