Hash Join  (cost=844087.60..1060135.03 rows=1685153 width=0) (actual time=24376.180..28174.831 rows=1788787 loops=1)
  Hash Cond: (mk.movie_id = t.id)
  ->  Seq Scan on movie_keyword mk  (cost=0.00..69693.30 rows=4523930 width=4) (actual time=0.013..1428.670 rows=4523930 loops=1)
  ->  Hash  (cost=828634.23..828634.23 rows=941870 width=8) (actual time=24361.142..24361.142 rows=945184 loops=1)
        Buckets: 131072  Batches: 16  Memory Usage: 3335kB
        ->  Hash Join  (cost=68426.36..828634.23 rows=941870 width=8) (actual time=1275.903..23085.958 rows=945184 loops=1)
              Hash Cond: (ci.movie_id = t.id)
              ->  Seq Scan on cast_info ci  (cost=0.00..614943.12 rows=36225612 width=4) (actual time=0.017..9471.834 rows=36244344 loops=1)
              ->  Hash  (cost=67604.59..67604.59 rows=65742 width=4) (actual time=1274.893..1274.893 rows=63827 loops=1)
                    Buckets: 131072  Batches: 1  Memory Usage: 3268kB
                    ->  Seq Scan on title t  (cost=0.00..67604.59 rows=65742 width=4) (actual time=0.032..1244.377 rows=63827 loops=1)
                          Filter: (production_year = 2013)
                          Rows Removed by Filter: 2464485
Planning time: 1.125 ms
Execution time: 28374.170 ms
