Hash Join  (cost=129955.15..500524.73 rows=97089 width=0) (actual time=2499.489..10348.607 rows=1760304 loops=1)
  Hash Cond: (mi.movie_id = t.id)
  ->  Seq Scan on movie_info mi  (cost=0.00..346232.03 rows=6231111 width=4) (actual time=0.006..5997.129 rows=6223494 loops=1)
        Filter: (info_type_id > 8)
        Rows Removed by Filter: 8612226
  ->  Hash  (cost=129462.67..129462.67 rows=39398 width=8) (actual time=2498.482..2498.482 rows=59938 loops=1)
        Buckets: 65536  Batches: 1  Memory Usage: 2854kB
        ->  Hash Join  (cost=74403.17..129462.67 rows=39398 width=8) (actual time=1162.134..2475.829 rows=59938 loops=1)
              Hash Cond: (mc.movie_id = t.id)
              ->  Seq Scan on movie_companies mc  (cost=0.00..44881.29 rows=2609129 width=4) (actual time=0.015..622.277 rows=2609129 loops=1)
              ->  Hash  (cost=73925.90..73925.90 rows=38181 width=4) (actual time=1161.806..1161.806 rows=32218 loops=1)
                    Buckets: 65536  Batches: 1  Memory Usage: 1645kB
                    ->  Seq Scan on title t  (cost=0.00..73925.90 rows=38181 width=4) (actual time=0.065..1147.639 rows=32218 loops=1)
                          Filter: ((kind_id < 3) AND (production_year = 2009))
                          Rows Removed by Filter: 2496094
Planning time: 1.132 ms
Execution time: 10585.841 ms
