Hash Join  (cost=375068.88..1188973.79 rows=26131528 width=0) (actual time=8582.884..72479.990 rows=234449212 loops=1)
  Hash Cond: (mi.movie_id = t.id)
  ->  Seq Scan on movie_info mi  (cost=0.00..309384.22 rows=14739122 width=4) (actual time=0.020..6255.852 rows=14835720 loops=1)
  ->  Hash  (cost=301520.40..301520.40 rows=4482918 width=8) (actual time=8580.581..8580.581 rows=4487523 loops=1)
        Buckets: 131072  Batches: 64  Memory Usage: 3869kB
        ->  Hash Join  (cost=102767.86..301520.40 rows=4482918 width=8) (actual time=1973.804..7368.370 rows=4487523 loops=1)
              Hash Cond: (mk.movie_id = t.id)
              ->  Seq Scan on movie_keyword mk  (cost=0.00..81003.12 rows=4482918 width=4) (actual time=0.024..1797.140 rows=4487523 loops=1)
                    Filter: (keyword_id > 42)
                    Rows Removed by Filter: 36407
              ->  Hash  (cost=61283.27..61283.27 rows=2528527 width=4) (actual time=1971.956..1971.956 rows=2528312 loops=1)
                    Buckets: 131072  Batches: 64  Memory Usage: 2425kB
                    ->  Seq Scan on title t  (cost=0.00..61283.27 rows=2528527 width=4) (actual time=0.022..1146.279 rows=2528312 loops=1)
Planning time: 5.358 ms
Execution time: 96525.356 ms
