Seq Scan on movie_companies mc  (cost=0.00..51404.11 rows=1105673 width=0) (actual time=0.014..850.777 rows=1096639 loops=1)
  Filter: (company_id < 7495)
  Rows Removed by Filter: 1512490
Planning time: 0.325 ms
Execution time: 985.721 ms
