Hash Join  (cost=69694.50..138207.89 rows=42111 width=0) (actual time=1090.197..2625.217 rows=49434 loops=1)
  Hash Cond: (mc.movie_id = t.id)
  ->  Seq Scan on movie_companies mc  (cost=0.00..57926.93 rows=836092 width=4) (actual time=0.025..1096.496 rows=1047029 loops=1)
        Filter: ((company_id > 4122) AND (company_type_id = 2))
        Rows Removed by Filter: 1562100
  ->  Hash  (cost=67604.59..67604.59 rows=127353 width=4) (actual time=1089.382..1089.382 rows=128696 loops=1)
        Buckets: 131072  Batches: 2  Memory Usage: 3284kB
        ->  Seq Scan on title t  (cost=0.00..67604.59 rows=127353 width=4) (actual time=0.016..1041.814 rows=128696 loops=1)
              Filter: (production_year = 2009)
              Rows Removed by Filter: 2399616
Planning time: 0.743 ms
Execution time: 2632.079 ms
