Seq Scan on movie_keyword mk  (cost=0.00..81003.12 rows=246 width=0) (actual time=35.217..1205.302 rows=198 loops=1)
  Filter: (keyword_id = 72189)
  Rows Removed by Filter: 4523732
Planning time: 0.319 ms
Execution time: 1205.461 ms
