Hash Join  (cost=153591.76..518737.63 rows=48991 width=0) (actual time=3054.274..10011.915 rows=293121 loops=1)
  Hash Cond: (mi.movie_id = t.id)
  ->  Seq Scan on movie_info mi  (cost=0.00..309384.22 rows=14739122 width=4) (actual time=0.025..4526.106 rows=14835720 loops=1)
  ->  Hash  (cost=153486.70..153486.70 rows=8405 width=8) (actual time=2536.991..2536.991 rows=4594 loops=1)
        Buckets: 16384  Batches: 1  Memory Usage: 308kB
        ->  Hash Join  (cost=70241.71..153486.70 rows=8405 width=8) (actual time=1138.691..2535.010 rows=4594 loops=1)
              Hash Cond: (mk.movie_id = t.id)
              ->  Seq Scan on movie_keyword mk  (cost=0.00..81003.12 rows=132216 width=4) (actual time=0.034..1316.441 rows=128851 loops=1)
                    Filter: (keyword_id > 76570)
                    Rows Removed by Filter: 4395079
              ->  Hash  (cost=67604.59..67604.59 rows=160730 width=4) (actual time=1137.284..1137.284 rows=160017 loops=1)
                    Buckets: 131072  Batches: 4  Memory Usage: 2442kB
                    ->  Seq Scan on title t  (cost=0.00..67604.59 rows=160730 width=4) (actual time=0.023..1078.174 rows=160017 loops=1)
                          Filter: (production_year = 2011)
                          Rows Removed by Filter: 2368295
Planning time: 2.868 ms
Execution time: 10050.257 ms
