Nested Loop  (cost=0.43..52283.95 rows=65 width=0) (actual time=191.221..719.437 rows=3 loops=1)
  ->  Seq Scan on movie_companies mc  (cost=0.00..51404.11 rows=104 width=4) (actual time=191.143..719.312 rows=3 loops=1)
        Filter: (company_id = 37614)
        Rows Removed by Filter: 2609126
  ->  Index Scan using title_pkey on title t  (cost=0.43..8.45 rows=1 width=4) (actual time=0.036..0.037 rows=1 loops=3)
        Index Cond: (id = mc.movie_id)
        Filter: (production_year > 1996)
Planning time: 0.805 ms
Execution time: 719.566 ms
