Hash Join  (cost=888423.91..1023975.25 rows=1666767 width=0) (actual time=16956.247..21257.709 rows=2424143 loops=1)
  Hash Cond: (mk.movie_id = t.id)
  ->  Seq Scan on movie_keyword mk  (cost=0.00..81003.12 rows=2427108 width=4) (actual time=0.016..1662.751 rows=2416748 loops=1)
        Filter: (keyword_id > 3800)
        Rows Removed by Filter: 2107182
  ->  Hash  (cost=859935.74..859935.74 rows=1736414 width=8) (actual time=16955.508..16955.508 rows=1703543 loops=1)
        Buckets: 131072  Batches: 32  Memory Usage: 3094kB
        ->  Hash Join  (cost=102767.86..859935.74 rows=1736414 width=8) (actual time=4880.841..16431.326 rows=1703543 loops=1)
              Hash Cond: (ci.movie_id = t.id)
              ->  Seq Scan on cast_info ci  (cost=0.00..705507.15 rows=1736414 width=4) (actual time=2229.428..11847.052 rows=1703543 loops=1)
                    Filter: (role_id = 8)
                    Rows Removed by Filter: 34540801
              ->  Hash  (cost=61283.27..61283.27 rows=2528527 width=4) (actual time=2649.935..2649.935 rows=2528312 loops=1)
                    Buckets: 131072  Batches: 64  Memory Usage: 2415kB
                    ->  Seq Scan on title t  (cost=0.00..61283.27 rows=2528527 width=4) (actual time=0.025..1097.746 rows=2528312 loops=1)
Planning time: 0.805 ms
Execution time: 21532.920 ms
