Seq Scan on cast_info ci  (cost=0.00..796071.18 rows=5383885 width=0) (actual time=3734.935..12101.637 rows=1814523 loops=1)
  Filter: ((person_id > 2935123) AND (role_id < 5))
  Rows Removed by Filter: 34429821
Planning time: 0.392 ms
Execution time: 12317.607 ms
