Hash Join  (cost=189535.57..653960.00 rows=1607142 width=0) (actual time=4416.792..14960.321 rows=1720743 loops=1)
  Hash Cond: (mi.movie_id = t.id)
  ->  Seq Scan on movie_info mi  (cost=0.00..346232.03 rows=8673596 width=4) (actual time=786.285..6588.293 rows=8786582 loops=1)
        Filter: (info_type_id < 13)
        Rows Removed by Filter: 6049138
  ->  Hash  (cost=181848.15..181848.15 rows=468514 width=8) (actual time=3629.550..3629.550 rows=268072 loops=1)
        Buckets: 131072  Batches: 8  Memory Usage: 2345kB
        ->  Hash Join  (cost=102767.86..181848.15 rows=468514 width=8) (actual time=1997.186..3543.669 rows=268072 loops=1)
              Hash Cond: (mc.movie_id = t.id)
              ->  Seq Scan on movie_companies mc  (cost=0.00..57926.93 rows=468514 width=4) (actual time=0.026..903.567 rows=268072 loops=1)
                    Filter: ((company_id < 3141) AND (company_type_id > 1))
                    Rows Removed by Filter: 2341057
              ->  Hash  (cost=61283.27..61283.27 rows=2528527 width=4) (actual time=1996.082..1996.082 rows=2528312 loops=1)
                    Buckets: 131072  Batches: 64  Memory Usage: 2415kB
                    ->  Seq Scan on title t  (cost=0.00..61283.27 rows=2528527 width=4) (actual time=0.017..1146.652 rows=2528312 loops=1)
Planning time: 1.308 ms
Execution time: 15176.317 ms
