Hash Join  (cost=177155.24..638518.78 rows=503635 width=0) (actual time=5090.416..14201.859 rows=104666 loops=1)
  Hash Cond: (mi.movie_id = t.id)
  ->  Seq Scan on movie_info mi  (cost=0.00..346232.03 rows=9476311 width=4) (actual time=0.015..6428.812 rows=9565151 loops=1)
        Filter: (info_type_id < 16)
        Rows Removed by Filter: 5270569
  ->  Hash  (cost=174950.45..174950.45 rows=134383 width=8) (actual time=3686.889..3686.889 rows=23920 loops=1)
        Buckets: 131072  Batches: 2  Memory Usage: 1509kB
        ->  Hash Join  (cost=79273.71..174950.45 rows=134383 width=8) (actual time=2709.896..3679.235 rows=23920 loops=1)
              Hash Cond: (mk.movie_id = t.id)
              ->  Seq Scan on movie_keyword mk  (cost=0.00..81003.12 rows=1042611 width=4) (actual time=0.024..1448.951 rows=1042777 loops=1)
                    Filter: (keyword_id < 1038)
                    Rows Removed by Filter: 3481153
              ->  Hash  (cost=73925.90..73925.90 rows=325904 width=4) (actual time=1093.100..1093.100 rows=349534 loops=1)
                    Buckets: 131072  Batches: 8  Memory Usage: 2572kB
                    ->  Seq Scan on title t  (cost=0.00..73925.90 rows=325904 width=4) (actual time=0.025..973.246 rows=349534 loops=1)
                          Filter: ((production_year > 2009) AND (kind_id = 7))
                          Rows Removed by Filter: 2178778
Planning time: 1.234 ms
Execution time: 14214.707 ms
