Hash Join  (cost=78178.99..205831.65 rows=463762 width=0) (actual time=1315.196..4238.774 rows=111607 loops=1)
  Hash Cond: (mk.movie_id = t.id)
  ->  Seq Scan on movie_keyword mk  (cost=0.00..69693.30 rows=4523930 width=4) (actual time=0.012..1309.496 rows=4523930 loops=1)
  ->  Hash  (cost=73925.90..73925.90 rows=259207 width=4) (actual time=1313.786..1313.786 rows=271195 loops=1)
        Buckets: 131072  Batches: 4  Memory Usage: 3430kB
        ->  Seq Scan on title t  (cost=0.00..73925.90 rows=259207 width=4) (actual time=0.040..1219.771 rows=271195 loops=1)
              Filter: ((kind_id > 3) AND (production_year > 2010))
              Rows Removed by Filter: 2257117
Planning time: 0.725 ms
Execution time: 4250.426 ms
