Hash Join  (cost=165344.59..667237.42 rows=2069890 width=0) (actual time=4135.562..21274.800 rows=16487247 loops=1)
  Hash Cond: (mi.movie_id = t.id)
  ->  Seq Scan on movie_info mi  (cost=0.00..309384.22 rows=14739122 width=4) (actual time=0.016..6497.384 rows=14835720 loops=1)
  ->  Hash  (cost=159517.92..159517.92 rows=355094 width=8) (actual time=4134.617..4134.617 rows=485036 loops=1)
        Buckets: 131072  Batches: 8  Memory Usage: 3379kB
        ->  Hash Join  (cost=79572.46..159517.92 rows=355094 width=8) (actual time=1323.570..3982.016 rows=485036 loops=1)
              Hash Cond: (mc.movie_id = t.id)
              ->  Seq Scan on movie_companies mc  (cost=0.00..44881.29 rows=2609129 width=4) (actual time=0.020..1032.539 rows=2609129 loops=1)
              ->  Hash  (cost=73925.90..73925.90 rows=344124 width=4) (actual time=1322.651..1322.651 rows=277148 loops=1)
                    Buckets: 131072  Batches: 8  Memory Usage: 2235kB
                    ->  Seq Scan on title t  (cost=0.00..73925.90 rows=344124 width=4) (actual time=0.026..1231.866 rows=277148 loops=1)
                          Filter: ((kind_id < 4) AND (production_year > 2005))
                          Rows Removed by Filter: 2251164
Planning time: 1.143 ms
Execution time: 23122.271 ms
