Seq Scan on movie_keyword mk  (cost=0.00..81003.12 rows=4040575 width=0) (actual time=0.020..1524.374 rows=4044799 loops=1)
  Filter: (keyword_id < 37338)
  Rows Removed by Filter: 479131
Planning time: 0.336 ms
Execution time: 2008.583 ms
