Seq Scan on movie_companies mc  (cost=0.00..57926.93 rows=53 width=0) (actual time=12.782..814.290 rows=142 loops=1)
  Filter: ((company_id = 12579) AND (company_type_id = 2))
  Rows Removed by Filter: 2608987
Planning time: 0.397 ms
Execution time: 814.415 ms
