Hash Join  (cost=161959.14..963169.13 rows=18282 width=0) (actual time=9550.767..15704.068 rows=219292 loops=1)
  Hash Cond: (ci.movie_id = t.id)
  ->  Seq Scan on cast_info ci  (cost=0.00..796071.18 rows=991199 width=4) (actual time=6433.806..11833.030 rows=3008182 loops=1)
        Filter: ((person_id > 3503778) AND (role_id > 3))
        Rows Removed by Filter: 33236162
  ->  Hash  (cost=161376.16..161376.16 rows=46638 width=8) (actual time=3116.287..3116.287 rows=35418 loops=1)
        Buckets: 65536  Batches: 1  Memory Usage: 1896kB
        ->  Hash Join  (cost=74251.74..161376.16 rows=46638 width=8) (actual time=1174.231..3103.217 rows=35418 loops=1)
              Hash Cond: (mk.movie_id = t.id)
              ->  Seq Scan on movie_keyword mk  (cost=0.00..69693.30 rows=4523930 width=4) (actual time=0.026..1060.378 rows=4523930 loops=1)
              ->  Hash  (cost=73925.90..73925.90 rows=26067 width=4) (actual time=1171.621..1171.621 rows=27085 loops=1)
                    Buckets: 32768  Batches: 1  Memory Usage: 1209kB
                    ->  Seq Scan on title t  (cost=0.00..73925.90 rows=26067 width=4) (actual time=0.081..1160.060 rows=27085 loops=1)
                          Filter: ((kind_id < 7) AND (production_year > 2012))
                          Rows Removed by Filter: 2501227
Planning time: 0.792 ms
Execution time: 15732.293 ms
