Hash Join  (cost=78556.72..1074020.66 rows=3657856 width=0) (actual time=3076.174..29350.622 rows=5289519 loops=1)
  Hash Cond: (ci.movie_id = t.id)
  ->  Seq Scan on cast_info ci  (cost=0.00..796071.18 rows=13855518 width=4) (actual time=1782.630..17457.348 rows=19448918 loops=1)
        Filter: ((person_id > 1456400) AND (role_id > 1))
        Rows Removed by Filter: 16795426
  ->  Hash  (cost=67604.59..67604.59 rows=667531 width=4) (actual time=1292.288..1292.288 rows=662825 loops=1)
        Buckets: 131072  Batches: 16  Memory Usage: 2476kB
        ->  Seq Scan on title t  (cost=0.00..67604.59 rows=667531 width=4) (actual time=67.349..1092.797 rows=662825 loops=1)
              Filter: (kind_id < 2)
              Rows Removed by Filter: 1865487
Planning time: 0.765 ms
Execution time: 29956.667 ms
