Seq Scan on title t  (cost=0.00..67604.59 rows=576504 width=94) (actual time=0.021..1363.743 rows=568449 loops=1)
  Filter: (production_year < 1984)
  Rows Removed by Filter: 1959863
Planning time: 0.556 ms
Execution time: 1398.189 ms
