Hash Join  (cost=237236.13..847944.30 rows=10541335 width=0) (actual time=6028.902..34913.465 rows=47908856 loops=1)
  Hash Cond: (mi.movie_id = t.id)
  ->  Seq Scan on movie_info mi  (cost=0.00..309384.22 rows=14739122 width=4) (actual time=0.019..6176.974 rows=14835720 loops=1)
  ->  Hash  (cost=207566.28..207566.28 rows=1808388 width=8) (actual time=6027.813..6027.813 rows=1818292 loops=1)
        Buckets: 131072  Batches: 32  Memory Usage: 3293kB
        ->  Hash Join  (cost=102767.86..207566.28 rows=1808388 width=8) (actual time=2512.611..5475.101 rows=1818292 loops=1)
              Hash Cond: (mc.movie_id = t.id)
              ->  Seq Scan on movie_companies mc  (cost=0.00..51404.11 rows=1808388 width=4) (actual time=0.026..1030.392 rows=1818292 loops=1)
                    Filter: (company_id > 1709)
                    Rows Removed by Filter: 790837
              ->  Hash  (cost=61283.27..61283.27 rows=2528527 width=4) (actual time=2511.188..2511.188 rows=2528312 loops=1)
                    Buckets: 131072  Batches: 64  Memory Usage: 2415kB
                    ->  Seq Scan on title t  (cost=0.00..61283.27 rows=2528527 width=4) (actual time=0.016..1068.236 rows=2528312 loops=1)
Planning time: 1.175 ms
Execution time: 40389.310 ms
