Seq Scan on movie_companies mc  (cost=0.00..57926.93 rows=774595 width=0) (actual time=0.018..1053.709 rows=994302 loops=1)
  Filter: ((company_id > 6991) AND (company_type_id > 1))
  Rows Removed by Filter: 1614827
Planning time: 0.356 ms
Execution time: 1169.192 ms
