Hash Join  (cost=798791.46..1163466.28 rows=1889 width=0) (actual time=15289.410..21753.446 rows=26 loops=1)
  Hash Cond: (mi.movie_id = t.id)
  ->  Seq Scan on movie_info mi  (cost=0.00..309384.22 rows=14739122 width=4) (actual time=0.013..4774.040 rows=14835720 loops=1)
  ->  Hash  (cost=798787.41..798787.41 rows=324 width=8) (actual time=14329.273..14329.273 rows=3 loops=1)
        Buckets: 1024  Batches: 1  Memory Usage: 9kB
        ->  Nested Loop  (cost=0.43..798787.41 rows=324 width=8) (actual time=12137.085..14329.260 rows=3 loops=1)
              ->  Seq Scan on cast_info ci  (cost=0.00..796071.18 rows=324 width=4) (actual time=12136.967..14329.075 rows=3 loops=1)
                    Filter: ((role_id > 1) AND (person_id = 2174927))
                    Rows Removed by Filter: 36244341
              ->  Index Only Scan using title_pkey on title t  (cost=0.43..8.37 rows=1 width=4) (actual time=0.049..0.049 rows=1 loops=3)
                    Index Cond: (id = ci.movie_id)
                    Heap Fetches: 3
Planning time: 1.242 ms
Execution time: 21753.646 ms
