Hash Join  (cost=190230.21..310443.31 rows=1084415 width=0) (actual time=4174.676..8123.584 rows=4539076 loops=1)
  Hash Cond: (mk.movie_id = t.id)
  ->  Seq Scan on movie_keyword mk  (cost=0.00..81003.12 rows=1986886 width=4) (actual time=0.028..1604.547 rows=1992651 loops=1)
        Filter: (keyword_id < 3519)
        Rows Removed by Filter: 2531279
  ->  Hash  (cost=167588.78..167588.78 rows=1380035 width=8) (actual time=4173.526..4173.526 rows=1380035 loops=1)
        Buckets: 131072  Batches: 32  Memory Usage: 2726kB
        ->  Hash Join  (cost=102767.86..167588.78 rows=1380035 width=8) (actual time=1771.524..3743.198 rows=1380035 loops=1)
              Hash Cond: (mi_idx.movie_id = t.id)
              ->  Seq Scan on movie_info_idx mi_idx  (cost=0.00..21735.35 rows=1380035 width=4) (actual time=0.025..444.294 rows=1380035 loops=1)
              ->  Hash  (cost=61283.27..61283.27 rows=2528527 width=4) (actual time=1770.561..1770.561 rows=2528312 loops=1)
                    Buckets: 131072  Batches: 64  Memory Usage: 2415kB
                    ->  Seq Scan on title t  (cost=0.00..61283.27 rows=2528527 width=4) (actual time=0.022..948.029 rows=2528312 loops=1)
Planning time: 1.114 ms
Execution time: 8686.202 ms
