Hash Join  (cost=94699.36..861221.47 rows=26008 width=0) (actual time=1814.233..18996.748 rows=134814 loops=1)
  Hash Cond: (ci.movie_id = t.id)
  ->  Seq Scan on cast_info ci  (cost=0.00..705507.15 rows=16201301 width=4) (actual time=0.016..14230.668 rows=16121683 loops=1)
        Filter: (role_id > 2)
        Rows Removed by Filter: 20122661
  ->  Hash  (cost=94648.62..94648.62 rows=4059 width=8) (actual time=1814.057..1814.057 rows=12385 loops=1)
        Buckets: 16384 (originally 4096)  Batches: 1 (originally 1)  Memory Usage: 612kB
        ->  Hash Join  (cost=67697.55..94648.62 rows=4059 width=8) (actual time=1087.138..1808.892 rows=12385 loops=1)
              Hash Cond: (mi_idx.movie_id = t.id)
              ->  Seq Scan on movie_info_idx mi_idx  (cost=0.00..21735.35 rows=1380035 width=4) (actual time=0.023..406.184 rows=1380035 loops=1)
              ->  Hash  (cost=67604.59..67604.59 rows=7437 width=4) (actual time=1086.948..1086.948 rows=16571 loops=1)
                    Buckets: 32768 (originally 8192)  Batches: 1 (originally 1)  Memory Usage: 839kB
                    ->  Seq Scan on title t  (cost=0.00..67604.59 rows=7437 width=4) (actual time=0.016..1078.819 rows=16571 loops=1)
                          Filter: (production_year = 1984)
                          Rows Removed by Filter: 2511741
Planning time: 1.203 ms
Execution time: 19017.429 ms
