Hash Join  (cost=93155.63..141824.04 rows=639693 width=0) (actual time=2137.984..3003.573 rows=349320 loops=1)
  Hash Cond: (mi_idx.movie_id = t.id)
  ->  Seq Scan on movie_info_idx mi_idx  (cost=0.00..21735.35 rows=1380035 width=4) (actual time=0.020..428.546 rows=1380035 loops=1)
  ->  Hash  (cost=73925.90..73925.90 rows=1172058 width=4) (actual time=1668.716..1668.716 rows=1128906 loops=1)
        Buckets: 131072  Batches: 16  Memory Usage: 3503kB
        ->  Seq Scan on title t  (cost=0.00..73925.90 rows=1172058 width=4) (actual time=0.043..1316.190 rows=1128906 loops=1)
              Filter: ((production_year < 2010) AND (kind_id = 7))
              Rows Removed by Filter: 1399406
Planning time: 0.747 ms
Execution time: 3046.710 ms
