Hash Join  (cost=58358.90..151777.96 rows=67 width=0) (actual time=835.162..2618.439 rows=3127 loops=1)
  Hash Cond: (mk.movie_id = t.id)
  ->  Seq Scan on movie_keyword mk  (cost=0.00..81003.12 rows=3310737 width=4) (actual time=0.025..1402.655 rows=3305573 loops=1)
        Filter: (keyword_id > 1534)
        Rows Removed by Filter: 1218357
  ->  Hash  (cost=58358.27..58358.27 rows=51 width=8) (actual time=800.177..800.177 rows=260 loops=1)
        Buckets: 1024  Batches: 1  Memory Usage: 19kB
        ->  Nested Loop  (cost=0.43..58358.27 rows=51 width=8) (actual time=113.059..799.996 rows=260 loops=1)
              ->  Seq Scan on movie_companies mc  (cost=0.00..57926.93 rows=51 width=4) (actual time=112.973..793.413 rows=260 loops=1)
                    Filter: ((company_id = 277) AND (company_type_id = 1))
                    Rows Removed by Filter: 2608869
              ->  Index Only Scan using title_pkey on title t  (cost=0.43..8.45 rows=1 width=4) (actual time=0.023..0.024 rows=1 loops=260)
                    Index Cond: (id = mc.movie_id)
                    Heap Fetches: 260
Planning time: 1.160 ms
Execution time: 2618.986 ms
