Hash Join  (cost=67697.55..124126.82 rows=3911 width=0) (actual time=1502.408..2167.077 rows=8736 loops=1)
  Hash Cond: (mc.movie_id = t.id)
  ->  Seq Scan on movie_companies mc  (cost=0.00..51404.11 rows=1329612 width=4) (actual time=205.016..896.995 rows=1334883 loops=1)
        Filter: (company_type_id > 1)
        Rows Removed by Filter: 1274246
  ->  Hash  (cost=67604.59..67604.59 rows=7437 width=4) (actual time=1039.007..1039.007 rows=8902 loops=1)
        Buckets: 16384 (originally 8192)  Batches: 1 (originally 1)  Memory Usage: 441kB
        ->  Seq Scan on title t  (cost=0.00..67604.59 rows=7437 width=4) (actual time=226.256..1034.827 rows=8902 loops=1)
              Filter: (production_year = 1913)
              Rows Removed by Filter: 2519410
Planning time: 1.581 ms
Execution time: 2168.605 ms
