Seq Scan on movie_companies mc  (cost=0.00..51404.11 rows=98193 width=0) (actual time=162.389..769.148 rows=98886 loops=1)
  Filter: (company_id > 158191)
  Rows Removed by Filter: 2510243
Planning time: 2.941 ms
Execution time: 782.018 ms
