Hash Join  (cost=58358.78..145017.37 rows=55 width=0) (actual time=955.006..2679.275 rows=16063 loops=1)
  Hash Cond: (mk.movie_id = t.id)
  ->  Seq Scan on movie_keyword mk  (cost=0.00..69693.30 rows=4523930 width=4) (actual time=0.016..961.683 rows=4523930 loops=1)
  ->  Hash  (cost=58358.39..58358.39 rows=31 width=8) (actual time=953.438..953.438 rows=357 loops=1)
        Buckets: 1024  Batches: 1  Memory Usage: 22kB
        ->  Nested Loop  (cost=0.43..58358.39 rows=31 width=8) (actual time=85.150..953.148 rows=357 loops=1)
              ->  Seq Scan on movie_companies mc  (cost=0.00..57926.93 rows=51 width=4) (actual time=85.090..936.520 rows=358 loops=1)
                    Filter: ((company_type_id < 2) AND (company_id = 1376))
                    Rows Removed by Filter: 2608771
              ->  Index Scan using title_pkey on title t  (cost=0.43..8.45 rows=1 width=4) (actual time=0.044..0.045 rows=1 loops=358)
                    Index Cond: (id = mc.movie_id)
                    Filter: (production_year < 2007)
                    Rows Removed by Filter: 0
Planning time: 1.221 ms
Execution time: 2681.446 ms
