Hash Join  (cost=83386.85..171578.66 rows=81293 width=0) (actual time=1218.556..2990.887 rows=230623 loops=1)
  Hash Cond: (mk.movie_id = t.id)
  ->  Seq Scan on movie_keyword mk  (cost=0.00..81003.12 rows=356468 width=4) (actual time=0.025..1296.275 rows=354217 loops=1)
        Filter: (keyword_id > 47127)
        Rows Removed by Filter: 4169713
  ->  Hash  (cost=73925.90..73925.90 rows=576636 width=4) (actual time=1217.786..1217.786 rows=597161 loops=1)
        Buckets: 131072  Batches: 8  Memory Usage: 3671kB
        ->  Seq Scan on title t  (cost=0.00..73925.90 rows=576636 width=4) (actual time=0.011..1050.393 rows=597161 loops=1)
              Filter: ((kind_id < 3) AND (production_year < 2010))
              Rows Removed by Filter: 1931151
Planning time: 0.822 ms
Execution time: 3020.741 ms
