Hash Join  (cost=156369.13..907578.36 rows=42010 width=0) (actual time=2676.646..19258.775 rows=68881 loops=1)
  Hash Cond: (ci.movie_id = t.id)
  ->  Seq Scan on cast_info ci  (cost=0.00..614943.12 rows=36225612 width=4) (actual time=0.022..8974.776 rows=36244344 loops=1)
  ->  Hash  (cost=156332.48..156332.48 rows=2932 width=8) (actual time=2676.113..2676.113 rows=2627 loops=1)
        Buckets: 4096  Batches: 1  Memory Usage: 135kB
        ->  Hash Join  (cost=74260.10..156332.48 rows=2932 width=8) (actual time=1361.724..2674.710 rows=2627 loops=1)
              Hash Cond: (mk.movie_id = t.id)
              ->  Seq Scan on movie_keyword mk  (cost=0.00..81003.12 rows=277316 width=4) (actual time=0.026..1231.410 rows=297845 loops=1)
                    Filter: (keyword_id < 245)
                    Rows Removed by Filter: 4226085
              ->  Hash  (cost=73925.90..73925.90 rows=26736 width=4) (actual time=1359.909..1359.909 rows=30647 loops=1)
                    Buckets: 32768  Batches: 1  Memory Usage: 1334kB
                    ->  Seq Scan on title t  (cost=0.00..73925.90 rows=26736 width=4) (actual time=0.053..1346.432 rows=30647 loops=1)
                          Filter: ((kind_id > 1) AND (production_year = 1996))
                          Rows Removed by Filter: 2497665
Planning time: 1.211 ms
Execution time: 19274.002 ms
