Hash Join  (cost=115475.81..915106.81 rows=600051 width=0) (actual time=2315.045..20167.890 rows=956433 loops=1)
  Hash Cond: (ci.movie_id = t.id)
  ->  Seq Scan on cast_info ci  (cost=0.00..705507.15 rows=23499554 width=4) (actual time=0.015..12776.996 rows=23573656 loops=1)
        Filter: (role_id > 1)
        Rows Removed by Filter: 12670688
  ->  Hash  (cost=114668.75..114668.75 rows=64565 width=8) (actual time=2314.562..2314.562 rows=36324 loops=1)
        Buckets: 65536  Batches: 1  Memory Usage: 1931kB
        ->  Hash Join  (cost=75867.62..114668.75 rows=64565 width=8) (actual time=1381.434..2302.035 rows=36324 loops=1)
              Hash Cond: (mi_idx.movie_id = t.id)
              ->  Seq Scan on movie_info_idx mi_idx  (cost=0.00..21735.35 rows=1380035 width=4) (actual time=0.023..451.193 rows=1380035 loops=1)
              ->  Hash  (cost=73925.90..73925.90 rows=118297 width=4) (actual time=1380.562..1380.562 rows=122606 loops=1)
                    Buckets: 131072  Batches: 2  Memory Usage: 3179kB
                    ->  Seq Scan on title t  (cost=0.00..73925.90 rows=118297 width=4) (actual time=0.020..1333.824 rows=122606 loops=1)
                          Filter: ((kind_id > 1) AND (production_year = 2011))
                          Rows Removed by Filter: 2405706
Planning time: 2.262 ms
Execution time: 20280.129 ms
