Hash Join  (cost=102767.86..217609.79 rows=995742 width=0) (actual time=1874.340..4510.530 rows=1001024 loops=1)
  Hash Cond: (mk.movie_id = t.id)
  ->  Seq Scan on movie_keyword mk  (cost=0.00..81003.12 rows=995742 width=4) (actual time=0.017..1490.206 rows=1001024 loops=1)
        Filter: (keyword_id < 957)
        Rows Removed by Filter: 3522906
  ->  Hash  (cost=61283.27..61283.27 rows=2528527 width=4) (actual time=1873.141..1873.141 rows=2528312 loops=1)
        Buckets: 131072  Batches: 64  Memory Usage: 2425kB
        ->  Seq Scan on title t  (cost=0.00..61283.27 rows=2528527 width=4) (actual time=0.336..1049.053 rows=2528312 loops=1)
Planning time: 0.756 ms
Execution time: 4625.937 ms
