Hash Join  (cost=152588.97..1272117.24 rows=8344905 width=0) (actual time=3228.967..39690.582 rows=17215226 loops=1)
  Hash Cond: (ci.movie_id = t.id)
  ->  Seq Scan on cast_info ci  (cost=0.00..614943.12 rows=36225612 width=4) (actual time=0.014..12915.677 rows=36244344 loops=1)
  ->  Hash  (cost=143032.09..143032.09 rows=582470 width=8) (actual time=3228.171..3228.171 rows=540240 loops=1)
        Buckets: 131072  Batches: 8  Memory Usage: 3665kB
        ->  Hash Join  (cost=94009.45..143032.09 rows=582470 width=8) (actual time=1833.250..3098.697 rows=540240 loops=1)
              Hash Cond: (mi_idx.movie_id = t.id)
              ->  Seq Scan on movie_info_idx mi_idx  (cost=0.00..25185.44 rows=915101 width=4) (actual time=0.022..479.830 rows=919850 loops=1)
                    Filter: (info_type_id < 101)
                    Rows Removed by Filter: 460185
              ->  Hash  (cost=67604.59..67604.59 rows=1609429 width=4) (actual time=1832.677..1832.677 rows=1607077 loops=1)
                    Buckets: 131072  Batches: 32  Memory Usage: 2791kB
                    ->  Seq Scan on title t  (cost=0.00..67604.59 rows=1609429 width=4) (actual time=0.008..1329.574 rows=1607077 loops=1)
                          Filter: (production_year > 1995)
                          Rows Removed by Filter: 921235
Planning time: 1.179 ms
Execution time: 41641.429 ms
