Seq Scan on movie_keyword mk  (cost=0.00..81003.12 rows=1727448 width=0) (actual time=0.026..1200.897 rows=1732368 loops=1)
  Filter: (keyword_id < 2826)
  Rows Removed by Filter: 2791562
Planning time: 0.322 ms
Execution time: 1400.246 ms
