Hash Join  (cost=160526.42..1385538.78 rows=11531572 width=0) (actual time=3265.035..38490.952 rows=14555631 loops=1)
  Hash Cond: (ci.movie_id = t.id)
  ->  Seq Scan on cast_info ci  (cost=0.00..705507.15 rows=34672675 width=4) (actual time=0.018..16505.610 rows=34771076 loops=1)
        Filter: (person_id > 148241)
        Rows Removed by Filter: 1473268
  ->  Hash  (cost=146729.58..146729.58 rows=840947 width=8) (actual time=3264.104..3264.104 rows=425718 loops=1)
        Buckets: 131072  Batches: 16  Memory Usage: 2062kB
        ->  Hash Join  (cost=92883.59..146729.58 rows=840947 width=8) (actual time=1764.577..3163.686 rows=425718 loops=1)
              Hash Cond: (mi_idx.movie_id = t.id)
              ->  Seq Scan on movie_info_idx mi_idx  (cost=0.00..21735.35 rows=1380035 width=4) (actual time=0.014..498.845 rows=1380035 loops=1)
              ->  Hash  (cost=67604.59..67604.59 rows=1540800 width=4) (actual time=1763.120..1763.120 rows=1543264 loops=1)
                    Buckets: 131072  Batches: 32  Memory Usage: 2722kB
                    ->  Seq Scan on title t  (cost=0.00..67604.59 rows=1540800 width=4) (actual time=12.103..1278.684 rows=1543264 loops=1)
                          Filter: (kind_id = 7)
                          Rows Removed by Filter: 985048
Planning time: 1.242 ms
Execution time: 40005.064 ms
