Hash Join  (cost=83074.74..879550.39 rows=2359 width=0) (actual time=2341.892..18029.151 rows=75008 loops=1)
  Hash Cond: (ci.movie_id = t.id)
  ->  Seq Scan on cast_info ci  (cost=0.00..705507.15 rows=24251975 width=4) (actual time=1065.282..12078.168 rows=24351852 loops=1)
        Filter: (person_id > 1168740)
        Rows Removed by Filter: 11892492
  ->  Hash  (cost=83071.67..83071.67 rows=246 width=8) (actual time=1275.974..1275.974 rows=3050 loops=1)
        Buckets: 4096 (originally 1024)  Batches: 1 (originally 1)  Memory Usage: 152kB
        ->  Nested Loop  (cost=0.43..83071.67 rows=246 width=8) (actual time=0.242..1273.943 rows=3050 loops=1)
              ->  Seq Scan on movie_keyword mk  (cost=0.00..81003.12 rows=246 width=4) (actual time=0.173..1182.163 rows=3050 loops=1)
                    Filter: (keyword_id = 2273)
                    Rows Removed by Filter: 4520880
              ->  Index Only Scan using title_pkey on title t  (cost=0.43..8.40 rows=1 width=4) (actual time=0.029..0.029 rows=1 loops=3050)
                    Index Cond: (id = mk.movie_id)
                    Heap Fetches: 3050
Planning time: 1.233 ms
Execution time: 18044.905 ms
