Hash Join  (cost=103076.32..243811.04 rows=2052664 width=0) (actual time=2114.541..5658.898 rows=1927474 loops=1)
  Hash Cond: (mk.movie_id = t.id)
  ->  Seq Scan on movie_keyword mk  (cost=0.00..81003.12 rows=2400590 width=4) (actual time=0.026..1572.867 rows=2393790 loops=1)
        Filter: (keyword_id > 3921)
        Rows Removed by Filter: 2130140
  ->  Hash  (cost=67604.59..67604.59 rows=2162059 width=4) (actual time=2113.077..2113.077 rows=2159747 loops=1)
        Buckets: 131072  Batches: 32  Memory Usage: 3409kB
        ->  Seq Scan on title t  (cost=0.00..67604.59 rows=2162059 width=4) (actual time=0.010..1408.949 rows=2159747 loops=1)
              Filter: (production_year > 1964)
              Rows Removed by Filter: 368565
Planning time: 0.741 ms
Execution time: 5907.593 ms
