Hash Join  (cost=88381.15..1031693.54 rows=3329986 width=0) (actual time=6506.315..24443.060 rows=2888438 loops=1)
  Hash Cond: (ci.movie_id = t.id)
  ->  Seq Scan on cast_info ci  (cost=0.00..796071.18 rows=9556625 width=4) (actual time=4872.929..15379.685 rows=12002900 loops=1)
        Filter: ((person_id > 1455450) AND (role_id > 2))
        Rows Removed by Filter: 24241444
  ->  Hash  (cost=73925.90..73925.90 rows=881060 width=4) (actual time=1632.132..1632.132 rows=795183 loops=1)
        Buckets: 131072  Batches: 16  Memory Usage: 2773kB
        ->  Seq Scan on title t  (cost=0.00..73925.90 rows=881060 width=4) (actual time=0.034..1374.617 rows=795183 loops=1)
              Filter: ((kind_id > 1) AND (production_year < 2003))
              Rows Removed by Filter: 1733129
Planning time: 0.823 ms
Execution time: 24795.251 ms
