Hash Join  (cost=174251.31..564204.62 rows=142744 width=0) (actual time=3523.309..11337.545 rows=945480 loops=1)
  Hash Cond: (mi.movie_id = t.id)
  ->  Seq Scan on movie_info mi  (cost=0.00..346232.03 rows=3623957 width=4) (actual time=198.135..5746.696 rows=3624977 loops=1)
        Filter: (info_type_id < 4)
        Rows Removed by Filter: 11210743
  ->  Hash  (cost=172616.36..172616.36 rows=99596 width=8) (actual time=3324.328..3324.328 rows=232074 loops=1)
        Buckets: 131072 (originally 131072)  Batches: 4 (originally 2)  Memory Usage: 3316kB
        ->  Hash Join  (cost=83810.17..172616.36 rows=99596 width=8) (actual time=1513.407..3239.106 rows=232074 loops=1)
              Hash Cond: (mk.movie_id = t.id)
              ->  Seq Scan on movie_keyword mk  (cost=0.00..81003.12 rows=254961 width=4) (actual time=0.034..1321.667 rows=272446 loops=1)
                    Filter: (keyword_id < 231)
                    Rows Removed by Filter: 4251484
              ->  Hash  (cost=67604.59..67604.59 rows=987727 width=4) (actual time=1512.680..1512.680 rows=985048 loops=1)
                    Buckets: 131072  Batches: 16  Memory Usage: 3197kB
                    ->  Seq Scan on title t  (cost=0.00..67604.59 rows=987727 width=4) (actual time=0.018..1185.410 rows=985048 loops=1)
                          Filter: (kind_id < 7)
                          Rows Removed by Filter: 1543264
Planning time: 1.213 ms
Execution time: 11442.210 ms
