Hash Join  (cost=163580.41..1049165.33 rows=1179299 width=0) (actual time=10773.623..28018.137 rows=6526408 loops=1)
  Hash Cond: (ci.movie_id = t.id)
  ->  Seq Scan on cast_info ci  (cost=0.00..796071.18 rows=6568199 width=4) (actual time=6284.891..15102.502 rows=12670688 loops=1)
        Filter: ((person_id < 1850780) AND (role_id = 1))
        Rows Removed by Filter: 23573656
  ->  Hash  (cost=156131.55..156131.55 rows=453989 width=8) (actual time=4487.235..4487.235 rows=746488 loops=1)
        Buckets: 131072 (originally 131072)  Batches: 16 (originally 8)  Memory Usage: 3073kB
        ->  Hash Join  (cost=74823.14..156131.55 rows=453989 width=8) (actual time=1819.719..4271.133 rows=746488 loops=1)
              Hash Cond: (mc.movie_id = t.id)
              ->  Seq Scan on movie_companies mc  (cost=0.00..44881.29 rows=2609129 width=4) (actual time=0.027..988.583 rows=2609129 loops=1)
              ->  Hash  (cost=67604.59..67604.59 rows=439964 width=4) (actual time=1818.651..1818.651 rows=437515 loops=1)
                    Buckets: 131072  Batches: 8  Memory Usage: 2944kB
                    ->  Seq Scan on title t  (cost=0.00..67604.59 rows=439964 width=4) (actual time=0.025..1078.388 rows=437515 loops=1)
                          Filter: (production_year < 1975)
                          Rows Removed by Filter: 2090797
Planning time: 1.223 ms
Execution time: 28773.102 ms
