Hash Join  (cost=904065.95..1395793.41 rows=1117253 width=0) (actual time=17317.871..28585.252 rows=823964 loops=1)
  Hash Cond: (mi.movie_id = t.id)
  ->  Seq Scan on movie_info mi  (cost=0.00..309384.22 rows=14739122 width=4) (actual time=0.014..5514.087 rows=14835720 loops=1)
  ->  Hash  (cost=900921.11..900921.11 rows=191667 width=8) (actual time=16966.169..16966.169 rows=168078 loops=1)
        Buckets: 131072  Batches: 4  Memory Usage: 2669kB
        ->  Hash Join  (cost=92883.59..900921.11 rows=191667 width=8) (actual time=16263.263..16911.030 rows=168078 loops=1)
              Hash Cond: (ci.movie_id = t.id)
              ->  Seq Scan on cast_info ci  (cost=0.00..796071.18 rows=314535 width=4) (actual time=14512.888..14709.018 rows=303023 loops=1)
                    Filter: ((person_id > 342172) AND (role_id > 10))
                    Rows Removed by Filter: 35941321
              ->  Hash  (cost=67604.59..67604.59 rows=1540800 width=4) (actual time=1748.750..1748.750 rows=1543264 loops=1)
                    Buckets: 131072  Batches: 32  Memory Usage: 2722kB
                    ->  Seq Scan on title t  (cost=0.00..67604.59 rows=1540800 width=4) (actual time=0.015..1259.183 rows=1543264 loops=1)
                          Filter: (kind_id = 7)
                          Rows Removed by Filter: 985048
Planning time: 1.287 ms
Execution time: 28662.948 ms
