Nested Loop  (cost=0.43..83071.67 rows=246 width=0) (actual time=530.433..1276.072 rows=2 loops=1)
  ->  Seq Scan on movie_keyword mk  (cost=0.00..81003.12 rows=246 width=4) (actual time=530.336..1275.930 rows=2 loops=1)
        Filter: (keyword_id = 79177)
        Rows Removed by Filter: 4523928
  ->  Index Only Scan using title_pkey on title t  (cost=0.43..8.40 rows=1 width=4) (actual time=0.058..0.059 rows=1 loops=2)
        Index Cond: (id = mk.movie_id)
        Heap Fetches: 2
Planning time: 0.757 ms
Execution time: 1276.137 ms
