Hash Join  (cost=272709.80..892447.20 rows=11387557 width=0) (actual time=6741.326..43614.642 rows=107557126 loops=1)
  Hash Cond: (mi.movie_id = t.id)
  ->  Seq Scan on movie_info mi  (cost=0.00..309384.22 rows=14739122 width=4) (actual time=0.012..6165.907 rows=14835720 loops=1)
  ->  Hash  (cost=240658.32..240658.32 rows=1953559 width=8) (actual time=6740.425..6740.425 rows=1961607 loops=1)
        Buckets: 131072  Batches: 32  Memory Usage: 3486kB
        ->  Hash Join  (cost=102767.86..240658.32 rows=1953559 width=8) (actual time=2028.035..6142.455 rows=1961607 loops=1)
              Hash Cond: (mk.movie_id = t.id)
              ->  Seq Scan on movie_keyword mk  (cost=0.00..81003.12 rows=1953559 width=4) (actual time=0.019..1545.084 rows=1961607 loops=1)
                    Filter: (keyword_id > 6493)
                    Rows Removed by Filter: 2562323
              ->  Hash  (cost=61283.27..61283.27 rows=2528527 width=4) (actual time=2026.212..2026.212 rows=2528312 loops=1)
                    Buckets: 131072  Batches: 64  Memory Usage: 2425kB
                    ->  Seq Scan on title t  (cost=0.00..61283.27 rows=2528527 width=4) (actual time=0.011..1147.936 rows=2528312 loops=1)
Planning time: 1.080 ms
Execution time: 54967.153 ms
