Hash Join  (cost=74501.65..129642.46 rows=47528 width=0) (actual time=1098.371..3513.718 rows=356138 loops=1)
  Hash Cond: (mc.movie_id = t.id)
  ->  Seq Scan on movie_companies mc  (cost=0.00..44881.29 rows=2609129 width=4) (actual time=0.029..640.939 rows=2609129 loops=1)
  ->  Hash  (cost=73925.90..73925.90 rows=46060 width=4) (actual time=1097.955..1097.955 rows=166293 loops=1)
        Buckets: 131072 (originally 65536)  Batches: 2 (originally 1)  Memory Usage: 3949kB
        ->  Seq Scan on title t  (cost=0.00..73925.90 rows=46060 width=4) (actual time=0.007..1033.515 rows=166293 loops=1)
              Filter: ((production_year < 1952) AND (kind_id = 1))
              Rows Removed by Filter: 2362019
Planning time: 0.744 ms
Execution time: 3553.702 ms
