Seq Scan on movie_companies mc  (cost=0.00..57926.93 rows=1272520 width=0) (actual time=226.898..1013.086 rows=1274246 loops=1)
  Filter: ((company_id < 222561) AND (company_type_id < 2))
  Rows Removed by Filter: 1334883
Planning time: 0.220 ms
Execution time: 1171.806 ms
