Seq Scan on movie_companies mc  (cost=0.00..51404.11 rows=936052 width=0) (actual time=0.172..921.109 rows=944164 loops=1)
  Filter: (company_id > 18830)
  Rows Removed by Filter: 1664965
Planning time: 0.330 ms
Execution time: 1042.368 ms
