Hash Join  (cost=81720.25..219928.41 rows=1224219 width=0) (actual time=1387.641..5352.291 rows=2642890 loops=1)
  Hash Cond: (mk.movie_id = t.id)
  ->  Seq Scan on movie_keyword mk  (cost=0.00..81003.12 rows=3597825 width=4) (actual time=0.023..1582.522 rows=3592732 loops=1)
        Filter: (keyword_id < 20321)
        Rows Removed by Filter: 931198
  ->  Hash  (cost=67604.59..67604.59 rows=860373 width=4) (actual time=1386.763..1386.763 rows=854214 loops=1)
        Buckets: 131072  Batches: 16  Memory Usage: 2906kB
        ->  Seq Scan on title t  (cost=0.00..67604.59 rows=860373 width=4) (actual time=0.021..1109.695 rows=854214 loops=1)
              Filter: (kind_id < 4)
              Rows Removed by Filter: 1674098
Planning time: 1.114 ms
Execution time: 5592.966 ms
