Nested Loop  (cost=0.43..165275.39 rows=3525 width=0) (actual time=8.732..1393.722 rows=2105 loops=1)
  ->  Seq Scan on movie_keyword mk  (cost=0.00..81003.12 rows=13873 width=4) (actual time=0.038..1168.229 rows=14364 loops=1)
        Filter: (keyword_id = 1)
        Rows Removed by Filter: 4509566
  ->  Index Scan using title_pkey on title t  (cost=0.43..6.06 rows=1 width=4) (actual time=0.015..0.015 rows=0 loops=14364)
        Index Cond: (id = mk.movie_id)
        Filter: ((kind_id > 3) AND (production_year < 1999))
        Rows Removed by Filter: 1
Planning time: 0.747 ms
Execution time: 1394.428 ms
