Nested Loop  (cost=0.43..83072.29 rows=52 width=0) (actual time=19.443..1118.227 rows=4 loops=1)
  ->  Seq Scan on movie_keyword mk  (cost=0.00..81003.12 rows=246 width=4) (actual time=17.930..1115.885 rows=67 loops=1)
        Filter: (keyword_id = 38893)
        Rows Removed by Filter: 4523863
  ->  Index Scan using title_pkey on title t  (cost=0.43..8.40 rows=1 width=4) (actual time=0.032..0.032 rows=0 loops=67)
        Index Cond: (id = mk.movie_id)
        Filter: (production_year > 2009)
        Rows Removed by Filter: 1
Planning time: 0.743 ms
Execution time: 1118.346 ms
