Seq Scan on cast_info ci  (cost=0.00..796071.18 rows=291572 width=0) (actual time=1935.548..10521.977 rows=524144 loops=1)
  Filter: ((person_id < 74872) AND (role_id = 1))
  Rows Removed by Filter: 35720200
Planning time: 0.385 ms
Execution time: 10587.553 ms
