Hash Join  (cost=102053.45..186853.42 rows=10439 width=0) (actual time=1742.268..3106.529 rows=4224 loops=1)
  Hash Cond: (mk.movie_id = t.id)
  ->  Seq Scan on movie_keyword mk  (cost=0.00..81003.12 rows=984657 width=4) (actual time=0.012..1211.188 rows=994054 loops=1)
        Filter: (keyword_id > 18607)
        Rows Removed by Filter: 3529876
  ->  Hash  (cost=101718.37..101718.37 rows=26806 width=8) (actual time=1729.555..1729.555 rows=10347 loops=1)
        Buckets: 32768  Batches: 1  Memory Usage: 661kB
        ->  Hash Join  (cost=74539.83..101718.37 rows=26806 width=8) (actual time=1080.202..1725.577 rows=10347 loops=1)
              Hash Cond: (mi_idx.movie_id = t.id)
              ->  Seq Scan on movie_info_idx mi_idx  (cost=0.00..21735.35 rows=1380035 width=4) (actual time=0.010..313.113 rows=1380035 loops=1)
              ->  Hash  (cost=73925.90..73925.90 rows=49114 width=4) (actual time=1079.398..1079.398 rows=45321 loops=1)
                    Buckets: 65536  Batches: 1  Memory Usage: 2106kB
                    ->  Seq Scan on title t  (cost=0.00..73925.90 rows=49114 width=4) (actual time=0.081..1060.169 rows=45321 loops=1)
                          Filter: ((kind_id > 1) AND (production_year > 2012))
                          Rows Removed by Filter: 2482991
Planning time: 1.009 ms
Execution time: 3107.362 ms
