Hash Join  (cost=81703.78..887132.77 rows=1368339 width=0) (actual time=1206.905..17912.507 rows=1422427 loops=1)
  Hash Cond: (ci.movie_id = t.id)
  ->  Seq Scan on cast_info ci  (cost=0.00..705507.15 rows=7298253 width=4) (actual time=0.022..12796.960 rows=7451973 loops=1)
        Filter: (role_id = 2)
        Rows Removed by Filter: 28792371
  ->  Hash  (cost=73925.90..73925.90 rows=474070 width=4) (actual time=1205.444..1205.444 rows=496025 loops=1)
        Buckets: 131072  Batches: 8  Memory Usage: 3214kB
        ->  Seq Scan on title t  (cost=0.00..73925.90 rows=474070 width=4) (actual time=42.850..1055.010 rows=496025 loops=1)
              Filter: ((production_year < 2009) AND (kind_id = 1))
              Rows Removed by Filter: 2032287
Planning time: 0.536 ms
Execution time: 18087.872 ms
