Seq Scan on movie_companies mc  (cost=0.00..51404.11 rows=2211020 width=0) (actual time=0.025..918.456 rows=2205727 loops=1)
  Filter: (company_id < 81883)
  Rows Removed by Filter: 403402
Planning time: 0.303 ms
Execution time: 1192.379 ms
