Nested Loop  (cost=0.43..83071.67 rows=246 width=0) (actual time=8.356..1186.223 rows=110 loops=1)
  ->  Seq Scan on movie_keyword mk  (cost=0.00..81003.12 rows=246 width=4) (actual time=8.284..1181.913 rows=110 loops=1)
        Filter: (keyword_id = 21200)
        Rows Removed by Filter: 4523820
  ->  Index Only Scan using title_pkey on title t  (cost=0.43..8.40 rows=1 width=4) (actual time=0.034..0.035 rows=1 loops=110)
        Index Cond: (id = mk.movie_id)
        Heap Fetches: 110
Planning time: 0.782 ms
Execution time: 1186.384 ms
