Hash Join  (cost=102767.86..189648.04 rows=1063758 width=0) (actual time=1787.893..3918.377 rows=1060194 loops=1)
  Hash Cond: (mc.movie_id = t.id)
  ->  Seq Scan on movie_companies mc  (cost=0.00..51404.11 rows=1063758 width=4) (actual time=0.025..848.367 rows=1060194 loops=1)
        Filter: (company_id < 6322)
        Rows Removed by Filter: 1548935
  ->  Hash  (cost=61283.27..61283.27 rows=2528527 width=4) (actual time=1786.184..1786.184 rows=2528312 loops=1)
        Buckets: 131072  Batches: 64  Memory Usage: 2415kB
        ->  Seq Scan on title t  (cost=0.00..61283.27 rows=2528527 width=4) (actual time=0.020..938.836 rows=2528312 loops=1)
Planning time: 0.751 ms
Execution time: 4049.093 ms
