Nested Loop  (cost=0.43..83072.90 rows=144 width=0) (actual time=90.909..1318.711 rows=9 loops=1)
  ->  Seq Scan on movie_keyword mk  (cost=0.00..81003.12 rows=246 width=4) (actual time=3.240..1317.296 rows=34 loops=1)
        Filter: (keyword_id = 33485)
        Rows Removed by Filter: 4523896
  ->  Index Scan using title_pkey on title t  (cost=0.43..8.40 rows=1 width=4) (actual time=0.038..0.038 rows=0 loops=34)
        Index Cond: (id = mk.movie_id)
        Filter: ((kind_id > 3) AND (production_year > 1957))
        Rows Removed by Filter: 1
Planning time: 0.793 ms
Execution time: 1318.822 ms
