Seq Scan on cast_info ci  (cost=0.00..796071.18 rows=9441107 width=0) (actual time=6.467..13070.242 rows=11319456 loops=1)
  Filter: ((person_id < 1396732) AND (role_id < 4))
  Rows Removed by Filter: 24924888
Planning time: 0.328 ms
Execution time: 14488.552 ms
