Hash Join  (cost=94699.36..937237.09 rows=19807 width=0) (actual time=1419.498..19473.125 rows=109250 loops=1)
  Hash Cond: (ci.movie_id = t.id)
  ->  Seq Scan on cast_info ci  (cost=0.00..796071.18 rows=12338264 width=4) (actual time=0.023..15821.112 rows=12670688 loops=1)
        Filter: ((person_id < 3842813) AND (role_id = 1))
        Rows Removed by Filter: 23573656
  ->  Hash  (cost=94648.62..94648.62 rows=4059 width=8) (actual time=1418.391..1418.391 rows=10055 loops=1)
        Buckets: 16384 (originally 4096)  Batches: 1 (originally 1)  Memory Usage: 521kB
        ->  Hash Join  (cost=67697.55..94648.62 rows=4059 width=8) (actual time=828.156..1414.474 rows=10055 loops=1)
              Hash Cond: (mi_idx.movie_id = t.id)
              ->  Seq Scan on movie_info_idx mi_idx  (cost=0.00..21735.35 rows=1380035 width=4) (actual time=0.014..288.352 rows=1380035 loops=1)
              ->  Hash  (cost=67604.59..67604.59 rows=7437 width=4) (actual time=828.075..828.075 rows=13736 loops=1)
                    Buckets: 16384 (originally 8192)  Batches: 1 (originally 1)  Memory Usage: 611kB
                    ->  Seq Scan on title t  (cost=0.00..67604.59 rows=7437 width=4) (actual time=0.033..821.889 rows=13736 loops=1)
                          Filter: (production_year = 1974)
                          Rows Removed by Filter: 2514576
Planning time: 1.201 ms
Execution time: 19489.806 ms
