Seq Scan on cast_info ci  (cost=0.00..705507.15 rows=4841362 width=0) (actual time=0.023..10714.954 rows=4877248 loops=1)
  Filter: (person_id > 3186481)
  Rows Removed by Filter: 31367096
Planning time: 0.304 ms
Execution time: 11336.771 ms
