Hash Join  (cost=128779.72..1202276.89 rows=3863995 width=0) (actual time=2835.224..38477.523 rows=16053420 loops=1)
  Hash Cond: (ci.movie_id = t.id)
  ->  Seq Scan on cast_info ci  (cost=0.00..614943.12 rows=36225612 width=4) (actual time=0.013..11840.017 rows=36244344 loops=1)
  ->  Hash  (cost=124354.41..124354.41 rows=269705 width=8) (actual time=2834.310..2834.310 rows=603529 loops=1)
        Buckets: 131072 (originally 131072)  Batches: 8 (originally 4)  Memory Usage: 3992kB
        ->  Hash Join  (cost=82033.88..124354.41 rows=269705 width=8) (actual time=1291.507..2641.421 rows=603529 loops=1)
              Hash Cond: (mi_idx.movie_id = t.id)
              ->  Seq Scan on movie_info_idx mi_idx  (cost=0.00..21735.35 rows=1380035 width=4) (actual time=0.024..444.922 rows=1380035 loops=1)
              ->  Hash  (cost=73925.90..73925.90 rows=494158 width=4) (actual time=1290.681..1290.681 rows=581419 loops=1)
                    Buckets: 131072  Batches: 8  Memory Usage: 3592kB
                    ->  Seq Scan on title t  (cost=0.00..73925.90 rows=494158 width=4) (actual time=0.033..1113.328 rows=581419 loops=1)
                          Filter: ((kind_id < 7) AND (production_year < 2004))
                          Rows Removed by Filter: 1946893
Planning time: 1.196 ms
Execution time: 40396.385 ms
