Hash Join  (cost=266191.59..717171.74 rows=3423966 width=0) (actual time=10528.952..21673.085 rows=21515316 loops=1)
  Hash Cond: (mi.movie_id = t.id)
  ->  Seq Scan on movie_info mi  (cost=0.00..346232.03 rows=4972096 width=4) (actual time=2419.753..5288.723 rows=4923966 loops=1)
        Filter: (info_type_id < 5)
        Rows Removed by Filter: 9911754
  ->  Hash  (cost=237624.15..237624.15 rows=1741235 width=8) (actual time=8107.665..8107.665 rows=3823015 loops=1)
        Buckets: 131072 (originally 131072)  Batches: 64 (originally 32)  Memory Usage: 3479kB
        ->  Hash Join  (cost=83810.17..237624.15 rows=1741235 width=8) (actual time=1369.784..6991.097 rows=3823015 loops=1)
              Hash Cond: (mk.movie_id = t.id)
              ->  Seq Scan on movie_keyword mk  (cost=0.00..81003.12 rows=4457467 width=4) (actual time=0.046..2522.279 rows=4455121 loops=1)
                    Filter: (keyword_id > 58)
                    Rows Removed by Filter: 68809
              ->  Hash  (cost=67604.59..67604.59 rows=987727 width=4) (actual time=1368.542..1368.542 rows=985048 loops=1)
                    Buckets: 131072  Batches: 16  Memory Usage: 3197kB
                    ->  Seq Scan on title t  (cost=0.00..67604.59 rows=987727 width=4) (actual time=0.028..1046.972 rows=985048 loops=1)
                          Filter: (kind_id < 7)
                          Rows Removed by Filter: 1543264
Planning time: 1.260 ms
Execution time: 24193.198 ms
