Seq Scan on movie_companies mc  (cost=0.00..57926.93 rows=138048 width=0) (actual time=248.480..726.820 rows=62483 loops=1)
  Filter: ((company_id < 139) AND (company_type_id > 1))
  Rows Removed by Filter: 2546646
Planning time: 0.299 ms
Execution time: 735.245 ms
