Hash Join  (cost=212624.13..1315428.90 rows=6716960 width=0) (actual time=4344.141..39227.896 rows=22709551 loops=1)
  Hash Cond: (ci.movie_id = t.id)
  ->  Seq Scan on cast_info ci  (cost=0.00..614943.12 rows=36225612 width=4) (actual time=0.017..11819.419 rows=36244344 loops=1)
  ->  Hash  (cost=204931.63..204931.63 rows=468840 width=8) (actual time=4340.984..4340.984 rows=466279 loops=1)
        Buckets: 131072  Batches: 8  Memory Usage: 3329kB
        ->  Hash Join  (cost=102767.86..204931.63 rows=468840 width=8) (actual time=2196.392..4197.639 rows=466279 loops=1)
              Hash Cond: (mk.movie_id = t.id)
              ->  Seq Scan on movie_keyword mk  (cost=0.00..81003.12 rows=468840 width=4) (actual time=0.025..1202.619 rows=466279 loops=1)
                    Filter: (keyword_id > 38205)
                    Rows Removed by Filter: 4057651
              ->  Hash  (cost=61283.27..61283.27 rows=2528527 width=4) (actual time=2193.331..2193.331 rows=2528312 loops=1)
                    Buckets: 131072  Batches: 64  Memory Usage: 2425kB
                    ->  Seq Scan on title t  (cost=0.00..61283.27 rows=2528527 width=4) (actual time=0.016..989.226 rows=2528312 loops=1)
Planning time: 0.733 ms
Execution time: 41878.843 ms
