Hash Join  (cost=73982.55..825421.01 rows=64929 width=0) (actual time=1081.431..16878.148 rows=110925 loops=1)
  Hash Cond: (ci.movie_id = t.id)
  ->  Seq Scan on cast_info ci  (cost=0.00..614943.12 rows=36225612 width=4) (actual time=0.018..7641.304 rows=36244344 loops=1)
  ->  Hash  (cost=73925.90..73925.90 rows=4532 width=4) (actual time=1077.918..1077.918 rows=7945 loops=1)
        Buckets: 8192  Batches: 1  Memory Usage: 344kB
        ->  Seq Scan on title t  (cost=0.00..73925.90 rows=4532 width=4) (actual time=0.049..1074.284 rows=7945 loops=1)
              Filter: ((kind_id = 7) AND (production_year = 1977))
              Rows Removed by Filter: 2520367
Planning time: 0.428 ms
Execution time: 16896.412 ms
