Hash Join  (cost=94699.36..892588.76 rows=775 width=0) (actual time=2245.409..13951.306 rows=2328 loops=1)
  Hash Cond: (ci.movie_id = t.id)
  ->  Seq Scan on cast_info ci  (cost=0.00..796071.18 rows=482793 width=4) (actual time=575.102..12135.737 rows=815464 loops=1)
        Filter: ((person_id > 2706930) AND (role_id = 8))
        Rows Removed by Filter: 35428880
  ->  Hash  (cost=94648.62..94648.62 rows=4059 width=8) (actual time=1669.709..1669.709 rows=6594 loops=1)
        Buckets: 8192 (originally 4096)  Batches: 1 (originally 1)  Memory Usage: 322kB
        ->  Hash Join  (cost=67697.55..94648.62 rows=4059 width=8) (actual time=1049.317..1667.052 rows=6594 loops=1)
              Hash Cond: (mi_idx.movie_id = t.id)
              ->  Seq Scan on movie_info_idx mi_idx  (cost=0.00..21735.35 rows=1380035 width=4) (actual time=0.018..316.078 rows=1380035 loops=1)
              ->  Hash  (cost=67604.59..67604.59 rows=7437 width=4) (actual time=1048.833..1048.833 rows=10517 loops=1)
                    Buckets: 16384 (originally 8192)  Batches: 1 (originally 1)  Memory Usage: 498kB
                    ->  Seq Scan on title t  (cost=0.00..67604.59 rows=7437 width=4) (actual time=0.026..1043.051 rows=10517 loops=1)
                          Filter: (production_year = 1959)
                          Rows Removed by Filter: 2517795
Planning time: 1.214 ms
Execution time: 13951.969 ms
