Hash Join  (cost=83073.41..137739.36 rows=42 width=0) (actual time=1272.779..2346.169 rows=691 loops=1)
  Hash Cond: (mc.movie_id = t.id)
  ->  Seq Scan on movie_companies mc  (cost=0.00..44881.29 rows=2609129 width=4) (actual time=0.012..633.698 rows=2609129 loops=1)
  ->  Hash  (cost=83072.90..83072.90 rows=41 width=8) (actual time=1262.646..1262.646 rows=114 loops=1)
        Buckets: 1024  Batches: 1  Memory Usage: 13kB
        ->  Nested Loop  (cost=0.43..83072.90 rows=41 width=8) (actual time=0.933..1262.502 rows=114 loops=1)
              ->  Seq Scan on movie_keyword mk  (cost=0.00..81003.12 rows=246 width=4) (actual time=0.893..1246.221 rows=247 loops=1)
                    Filter: (keyword_id = 5191)
                    Rows Removed by Filter: 4523683
              ->  Index Scan using title_pkey on title t  (cost=0.43..8.40 rows=1 width=4) (actual time=0.063..0.063 rows=0 loops=247)
                    Index Cond: (id = mk.movie_id)
                    Filter: ((kind_id < 7) AND (production_year < 2001))
                    Rows Removed by Filter: 1
Planning time: 11.894 ms
Execution time: 2346.443 ms
