Seq Scan on movie_keyword mk  (cost=0.00..81003.12 rows=2562038 width=0) (actual time=0.017..1307.488 rows=2557581 loops=1)
  Filter: (keyword_id < 6442)
  Rows Removed by Filter: 1966349
Planning time: 0.318 ms
Execution time: 1643.769 ms
