Seq Scan on movie_keyword mk  (cost=0.00..81003.12 rows=3528768 width=0) (actual time=0.016..1477.195 rows=3518688 loops=1)
  Filter: (keyword_id < 18354)
  Rows Removed by Filter: 1005242
Planning time: 0.537 ms
Execution time: 1928.346 ms
