Hash Join  (cost=92703.08..1180763.23 rows=10636667 width=0) (actual time=1743.301..31123.470 rows=9143109 loops=1)
  Hash Cond: (ci.movie_id = t.id)
  ->  Seq Scan on cast_info ci  (cost=0.00..705507.15 rows=23499554 width=4) (actual time=0.024..14467.013 rows=23573656 loops=1)
        Filter: (role_id > 1)
        Rows Removed by Filter: 12670688
  ->  Hash  (cost=73925.90..73925.90 rows=1144494 width=4) (actual time=1742.281..1742.281 rows=1095581 loops=1)
        Buckets: 131072  Batches: 16  Memory Usage: 3437kB
        ->  Seq Scan on title t  (cost=0.00..73925.90 rows=1144494 width=4) (actual time=0.028..1398.074 rows=1095581 loops=1)
              Filter: ((kind_id > 1) AND (production_year < 2007))
              Rows Removed by Filter: 1432731
Planning time: 0.760 ms
Execution time: 32269.953 ms
