Hash Join  (cost=74050.79..837762.28 rows=671344 width=0) (actual time=1097.919..16008.930 rows=916127 loops=1)
  Hash Cond: (ci.movie_id = t.id)
  ->  Seq Scan on cast_info ci  (cost=0.00..705507.15 rows=4320508 width=4) (actual time=0.016..11821.081 rows=4323018 loops=1)
        Filter: (role_id = 10)
        Rows Removed by Filter: 31921326
  ->  Hash  (cost=67604.59..67604.59 rows=392896 width=4) (actual time=1096.995..1096.995 rows=391666 loops=1)
        Buckets: 131072  Batches: 8  Memory Usage: 2753kB
        ->  Seq Scan on title t  (cost=0.00..67604.59 rows=392896 width=4) (actual time=0.021..968.065 rows=391666 loops=1)
              Filter: (production_year > 2010)
              Rows Removed by Filter: 2136646
Planning time: 0.675 ms
Execution time: 16121.547 ms
