Hash Join  (cost=964024.56..1528832.01 rows=7966252 width=0) (actual time=18393.349..52238.754 rows=82925517 loops=1)
  Hash Cond: (mi.movie_id = t.id)
  ->  Seq Scan on movie_info mi  (cost=0.00..309384.22 rows=14739122 width=4) (actual time=0.015..5504.400 rows=14835720 loops=1)
  ->  Hash  (cost=941602.73..941602.73 rows=1366627 width=8) (actual time=18392.574..18392.574 rows=3371538 loops=1)
        Buckets: 131072 (originally 131072)  Batches: 64 (originally 32)  Memory Usage: 3124kB
        ->  Hash Join  (cost=102767.86..941602.73 rows=1366627 width=8) (actual time=9245.052..17379.159 rows=3371538 loops=1)
              Hash Cond: (ci.movie_id = t.id)
              ->  Seq Scan on cast_info ci  (cost=0.00..796071.18 rows=1366627 width=4) (actual time=7420.596..12482.555 rows=3371538 loops=1)
                    Filter: ((person_id > 2551979) AND (role_id = 10))
                    Rows Removed by Filter: 32872806
              ->  Hash  (cost=61283.27..61283.27 rows=2528527 width=4) (actual time=1822.620..1822.620 rows=2528312 loops=1)
                    Buckets: 131072  Batches: 64  Memory Usage: 2415kB
                    ->  Seq Scan on title t  (cost=0.00..61283.27 rows=2528527 width=4) (actual time=0.029..971.870 rows=2528312 loops=1)
Planning time: 8.390 ms
Execution time: 61182.025 ms
