Hash Join  (cost=155832.22..534531.58 rows=131179 width=0) (actual time=3042.710..9476.068 rows=2921672 loops=1)
  Hash Cond: (mi.movie_id = t.id)
  ->  Seq Scan on movie_info mi  (cost=0.00..346232.03 rows=6231111 width=4) (actual time=418.907..5039.058 rows=6223494 loops=1)
        Filter: (info_type_id > 8)
        Rows Removed by Filter: 8612226
  ->  Hash  (cost=155166.83..155166.83 rows=53231 width=8) (actual time=2621.692..2621.692 rows=65035 loops=1)
        Buckets: 65536  Batches: 1  Memory Usage: 3053kB
        ->  Hash Join  (cost=67976.49..155166.83 rows=53231 width=8) (actual time=897.061..2600.212 rows=65035 loops=1)
              Hash Cond: (mk.movie_id = t.id)
              ->  Seq Scan on movie_keyword mk  (cost=0.00..69693.30 rows=4523930 width=4) (actual time=0.018..792.708 rows=4523930 loops=1)
              ->  Hash  (cost=67604.59..67604.59 rows=29752 width=4) (actual time=896.075..896.075 rows=30027 loops=1)
                    Buckets: 32768  Batches: 1  Memory Usage: 1312kB
                    ->  Seq Scan on title t  (cost=0.00..67604.59 rows=29752 width=4) (actual time=0.102..883.437 rows=30027 loops=1)
                          Filter: (production_year = 1994)
                          Rows Removed by Filter: 2498285
Planning time: 1.261 ms
Execution time: 9811.978 ms
