Hash Join  (cost=365418.15..2094539.31 rows=52237211 width=0) (actual time=8121.657..78847.044 rows=172165418 loops=1)
  Hash Cond: (ci.movie_id = t.id)
  ->  Seq Scan on cast_info ci  (cost=0.00..705507.15 rows=29196561 width=4) (actual time=0.011..14965.021 rows=29278831 loops=1)
        Filter: (person_id > 673343)
        Rows Removed by Filter: 6965513
  ->  Hash  (cost=291197.02..291197.02 rows=4523930 width=8) (actual time=8120.399..8120.399 rows=4523930 loops=1)
        Buckets: 131072  Batches: 64  Memory Usage: 3816kB
        ->  Hash Join  (cost=102767.86..291197.02 rows=4523930 width=8) (actual time=1743.585..6849.519 rows=4523930 loops=1)
              Hash Cond: (mk.movie_id = t.id)
              ->  Seq Scan on movie_keyword mk  (cost=0.00..69693.30 rows=4523930 width=4) (actual time=0.024..1403.437 rows=4523930 loops=1)
              ->  Hash  (cost=61283.27..61283.27 rows=2528527 width=4) (actual time=1742.393..1742.393 rows=2528312 loops=1)
                    Buckets: 131072  Batches: 64  Memory Usage: 2425kB
                    ->  Seq Scan on title t  (cost=0.00..61283.27 rows=2528527 width=4) (actual time=0.012..889.373 rows=2528312 loops=1)
Planning time: 0.991 ms
Execution time: 96669.594 ms
