Hash Join  (cost=256337.17..1253853.59 rows=10062884 width=0) (actual time=6887.606..43116.956 rows=75928925 loops=1)
  Hash Cond: (ci.movie_id = t.id)
  ->  Seq Scan on cast_info ci  (cost=0.00..705507.15 rows=14398088 width=4) (actual time=0.019..12204.143 rows=14553155 loops=1)
        Filter: (person_id > 2203354)
        Rows Removed by Filter: 21691189
  ->  Hash  (cost=227343.19..227343.19 rows=1767198 width=8) (actual time=6885.421..6885.421 rows=3878469 loops=1)
        Buckets: 131072 (originally 131072)  Batches: 64 (originally 32)  Memory Usage: 3438kB
        ->  Hash Join  (cost=83810.17..227343.19 rows=1767198 width=8) (actual time=1399.022..5800.058 rows=3878469 loops=1)
              Hash Cond: (mk.movie_id = t.id)
              ->  Seq Scan on movie_keyword mk  (cost=0.00..69693.30 rows=4523930 width=4) (actual time=0.012..1357.009 rows=4523930 loops=1)
              ->  Hash  (cost=67604.59..67604.59 rows=987727 width=4) (actual time=1398.100..1398.100 rows=985048 loops=1)
                    Buckets: 131072  Batches: 16  Memory Usage: 3197kB
                    ->  Seq Scan on title t  (cost=0.00..67604.59 rows=987727 width=4) (actual time=0.026..1077.008 rows=985048 loops=1)
                          Filter: (kind_id < 7)
                          Rows Removed by Filter: 1543264
Planning time: 1.171 ms
Execution time: 50898.939 ms
