Hash Join  (cost=179004.69..315207.74 rows=1165601 width=0) (actual time=4647.619..16694.646 rows=29811343 loops=1)
  Hash Cond: (mk.movie_id = t.id)
  ->  Seq Scan on movie_keyword mk  (cost=0.00..69693.30 rows=4523930 width=4) (actual time=0.019..1254.022 rows=4523930 loops=1)
  ->  Hash  (cost=168316.18..168316.18 rows=651481 width=8) (actual time=4646.416..4646.416 rows=1266192 loops=1)
        Buckets: 131072 (originally 131072)  Batches: 32 (originally 16)  Memory Usage: 3073kB
        ->  Hash Join  (cost=84284.84..168316.18 rows=651481 width=8) (actual time=1843.027..4249.015 rows=1266192 loops=1)
              Hash Cond: (mc.movie_id = t.id)
              ->  Seq Scan on movie_companies mc  (cost=0.00..44881.29 rows=2609129 width=4) (actual time=0.013..810.390 rows=2609129 loops=1)
              ->  Hash  (cost=73925.90..73925.90 rows=631355 width=4) (actual time=1710.146..1710.146 rows=634290 loops=1)
                    Buckets: 131072  Batches: 16  Memory Usage: 2416kB
                    ->  Seq Scan on title t  (cost=0.00..73925.90 rows=631355 width=4) (actual time=0.014..1051.270 rows=634290 loops=1)
                          Filter: ((production_year < 2013) AND (kind_id = 1))
                          Rows Removed by Filter: 1894022
Planning time: 1.070 ms
Execution time: 20370.510 ms
