Seq Scan on title t  (cost=0.00..73925.90 rows=954561 width=0) (actual time=0.016..1023.138 rows=873022 loops=1)
  Filter: ((kind_id > 3) AND (production_year < 2006))
  Rows Removed by Filter: 1655290
Planning time: 0.360 ms
Execution time: 1127.065 ms
