Hash Join  (cost=143200.31..230588.46 rows=73012 width=0) (actual time=2923.954..4141.261 rows=55183 loops=1)
  Hash Cond: (mk.movie_id = t.id)
  ->  Seq Scan on movie_keyword mk  (cost=0.00..69693.30 rows=4523930 width=4) (actual time=0.010..891.006 rows=4523930 loops=1)
  ->  Hash  (cost=142690.21..142690.21 rows=40808 width=8) (actual time=2378.010..2378.010 rows=18914 loops=1)
        Buckets: 65536  Batches: 1  Memory Usage: 1251kB
        ->  Hash Join  (cost=75199.97..142690.21 rows=40808 width=8) (actual time=1757.038..2371.237 rows=18914 loops=1)
              Hash Cond: (mc.movie_id = t.id)
              ->  Seq Scan on movie_companies mc  (cost=0.00..51404.11 rows=1329612 width=4) (actual time=0.022..824.082 rows=1334883 loops=1)
                    Filter: (company_type_id = 2)
                    Rows Removed by Filter: 1274246
              ->  Hash  (cost=73925.90..73925.90 rows=77605 width=4) (actual time=1071.477..1071.477 rows=84684 loops=1)
                    Buckets: 131072  Batches: 2  Memory Usage: 2512kB
                    ->  Seq Scan on title t  (cost=0.00..73925.90 rows=77605 width=4) (actual time=0.019..1040.907 rows=84684 loops=1)
                          Filter: ((kind_id = 7) AND (production_year = 2009))
                          Rows Removed by Filter: 2443628
Planning time: 0.909 ms
Execution time: 4148.534 ms
