Seq Scan on movie_companies mc  (cost=0.00..51404.11 rows=104 width=0) (actual time=466.597..800.524 rows=270 loops=1)
  Filter: (company_id = 93316)
  Rows Removed by Filter: 2608859
Planning time: 0.404 ms
Execution time: 800.669 ms
