Hash Join  (cost=215230.00..739739.20 rows=4189525 width=0) (actual time=4624.008..17231.727 rows=1504410 loops=1)
  Hash Cond: (mi.movie_id = t.id)
  ->  Seq Scan on movie_info mi  (cost=0.00..309384.22 rows=14739122 width=4) (actual time=0.013..5388.608 rows=14835720 loops=1)
  ->  Hash  (cost=203437.97..203437.97 rows=718722 width=8) (actual time=4623.141..4623.141 rows=147820 loops=1)
        Buckets: 131072  Batches: 16  Memory Usage: 1388kB
        ->  Hash Join  (cost=90606.68..203437.97 rows=718722 width=8) (actual time=1856.943..3893.869 rows=147820 loops=1)
              Hash Cond: (mk.movie_id = t.id)
              ->  Seq Scan on movie_keyword mk  (cost=0.00..81003.12 rows=1787453 width=4) (actual time=0.013..1381.214 rows=1797881 loops=1)
                    Filter: (keyword_id < 2906)
                    Rows Removed by Filter: 2726049
              ->  Hash  (cost=73925.90..73925.90 rows=1016702 width=4) (actual time=1535.261..1535.261 rows=960113 loops=1)
                    Buckets: 131072  Batches: 16  Memory Usage: 3141kB
                    ->  Seq Scan on title t  (cost=0.00..73925.90 rows=1016702 width=4) (actual time=0.009..1227.687 rows=960113 loops=1)
                          Filter: ((production_year < 2008) AND (kind_id = 7))
                          Rows Removed by Filter: 1568199
Planning time: 1.178 ms
Execution time: 17419.818 ms
