Hash Join  (cost=58358.90..145017.85 rows=91 width=0) (actual time=912.264..2445.129 rows=5298 loops=1)
  Hash Cond: (mk.movie_id = t.id)
  ->  Seq Scan on movie_keyword mk  (cost=0.00..69693.30 rows=4523930 width=4) (actual time=0.023..803.710 rows=4523930 loops=1)
  ->  Hash  (cost=58358.27..58358.27 rows=51 width=8) (actual time=902.390..902.390 rows=146 loops=1)
        Buckets: 1024  Batches: 1  Memory Usage: 14kB
        ->  Nested Loop  (cost=0.43..58358.27 rows=51 width=8) (actual time=39.206..902.259 rows=146 loops=1)
              ->  Seq Scan on movie_companies mc  (cost=0.00..57926.93 rows=51 width=4) (actual time=39.062..897.760 rows=146 loops=1)
                    Filter: ((company_type_id < 2) AND (company_id = 4782))
                    Rows Removed by Filter: 2608983
              ->  Index Only Scan using title_pkey on title t  (cost=0.43..8.45 rows=1 width=4) (actual time=0.028..0.029 rows=1 loops=146)
                    Index Cond: (id = mc.movie_id)
                    Heap Fetches: 146
Planning time: 1.173 ms
Execution time: 2445.964 ms
