Hash Join  (cost=217858.32..340992.40 rows=1154662 width=0) (actual time=5101.682..8882.983 rows=4046623 loops=1)
  Hash Cond: (mk.movie_id = t.id)
  ->  Seq Scan on movie_keyword mk  (cost=0.00..81003.12 rows=2195825 width=4) (actual time=0.019..1489.261 rows=2195966 loops=1)
        Filter: (keyword_id < 4371)
        Rows Removed by Filter: 2327964
  ->  Hash  (cost=196044.17..196044.17 rows=1329612 width=8) (actual time=5100.135..5100.135 rows=1334883 loops=1)
        Buckets: 131072  Batches: 32  Memory Usage: 2660kB
        ->  Hash Join  (cost=102767.86..196044.17 rows=1329612 width=8) (actual time=1934.985..4653.498 rows=1334883 loops=1)
              Hash Cond: (mc.movie_id = t.id)
              ->  Seq Scan on movie_companies mc  (cost=0.00..51404.11 rows=1329612 width=4) (actual time=112.853..933.957 rows=1334883 loops=1)
                    Filter: (company_type_id > 1)
                    Rows Removed by Filter: 1274246
              ->  Hash  (cost=61283.27..61283.27 rows=2528527 width=4) (actual time=1820.776..1820.776 rows=2528312 loops=1)
                    Buckets: 131072  Batches: 64  Memory Usage: 2415kB
                    ->  Seq Scan on title t  (cost=0.00..61283.27 rows=2528527 width=4) (actual time=0.021..1001.190 rows=2528312 loops=1)
Planning time: 1.088 ms
Execution time: 9383.461 ms
