Hash Join  (cost=74851.90..130281.84 rows=76441 width=0) (actual time=1114.167..2993.323 rows=372499 loops=1)
  Hash Cond: (mc.movie_id = t.id)
  ->  Seq Scan on movie_companies mc  (cost=0.00..44881.29 rows=2609129 width=4) (actual time=0.035..697.295 rows=2609129 loops=1)
  ->  Hash  (cost=73925.90..73925.90 rows=74080 width=4) (actual time=1112.838..1112.838 rows=173895 loops=1)
        Buckets: 131072 (originally 131072)  Batches: 2 (originally 1)  Memory Usage: 4084kB
        ->  Seq Scan on title t  (cost=0.00..73925.90 rows=74080 width=4) (actual time=1.172..1048.608 rows=173895 loops=1)
              Filter: ((kind_id < 7) AND (production_year < 1954))
              Rows Removed by Filter: 2354417
Planning time: 0.470 ms
Execution time: 3035.069 ms
