Hash Join  (cost=74545.71..164219.06 rows=43086 width=0) (actual time=1045.878..2742.501 rows=78379 loops=1)
  Hash Cond: (mk.movie_id = t.id)
  ->  Seq Scan on movie_keyword mk  (cost=0.00..81003.12 rows=2197166 width=4) (actual time=0.009..1308.103 rows=2196013 loops=1)
        Filter: (keyword_id > 5108)
        Rows Removed by Filter: 2327917
  ->  Hash  (cost=73925.90..73925.90 rows=49584 width=4) (actual time=1045.584..1045.584 rows=38752 loops=1)
        Buckets: 65536  Batches: 1  Memory Usage: 1875kB
        ->  Seq Scan on title t  (cost=0.00..73925.90 rows=49584 width=4) (actual time=0.016..1030.327 rows=38752 loops=1)
              Filter: ((kind_id < 7) AND (production_year = 2008))
              Rows Removed by Filter: 2489560
Planning time: 0.692 ms
Execution time: 2753.023 ms
