Hash Join  (cost=102767.86..190688.56 rows=835924 width=0) (actual time=1823.807..4508.592 rows=1046972 loops=1)
  Hash Cond: (mc.movie_id = t.id)
  ->  Seq Scan on movie_companies mc  (cost=0.00..57926.93 rows=835924 width=4) (actual time=84.617..1016.917 rows=1046972 loops=1)
        Filter: ((company_id > 4130) AND (company_type_id = 2))
        Rows Removed by Filter: 1562157
  ->  Hash  (cost=61283.27..61283.27 rows=2528527 width=4) (actual time=1737.850..1737.850 rows=2528312 loops=1)
        Buckets: 131072  Batches: 64  Memory Usage: 2415kB
        ->  Seq Scan on title t  (cost=0.00..61283.27 rows=2528527 width=4) (actual time=0.047..908.398 rows=2528312 loops=1)
Planning time: 0.730 ms
Execution time: 4632.367 ms
