Nested Loop  (cost=0.43..83071.67 rows=246 width=0) (actual time=5.931..1180.755 rows=139 loops=1)
  ->  Seq Scan on movie_keyword mk  (cost=0.00..81003.12 rows=246 width=4) (actual time=5.849..1178.752 rows=139 loops=1)
        Filter: (keyword_id = 33693)
        Rows Removed by Filter: 4523791
  ->  Index Only Scan using title_pkey on title t  (cost=0.43..8.40 rows=1 width=4) (actual time=0.013..0.014 rows=1 loops=139)
        Index Cond: (id = mk.movie_id)
        Heap Fetches: 139
Planning time: 0.708 ms
Execution time: 1180.859 ms
