Seq Scan on movie_keyword mk  (cost=0.00..81003.12 rows=2807406 width=0) (actual time=0.013..1361.101 rows=2798546 loops=1)
  Filter: (keyword_id < 8215)
  Rows Removed by Filter: 1725384
Planning time: 0.314 ms
Execution time: 1712.388 ms
