Seq Scan on movie_companies mc  (cost=0.00..57926.93 rows=1728 width=0) (actual time=427.784..864.056 rows=2 loops=1)
  Filter: ((company_type_id > 1) AND (company_id = 428))
  Rows Removed by Filter: 2609127
Planning time: 0.417 ms
Execution time: 864.156 ms
