Hash Join  (cost=217208.34..768687.23 rows=6717097 width=0) (actual time=4878.254..28435.347 rows=43933767 loops=1)
  Hash Cond: (mi.movie_id = t.id)
  ->  Seq Scan on movie_info mi  (cost=0.00..309384.22 rows=14739122 width=4) (actual time=0.011..6021.805 rows=14835720 loops=1)
  ->  Hash  (cost=198302.19..198302.19 rows=1152332 width=8) (actual time=4877.502..4877.502 rows=1078467 loops=1)
        Buckets: 131072  Batches: 16  Memory Usage: 3712kB
        ->  Hash Join  (cost=102767.86..198302.19 rows=1152332 width=8) (actual time=2245.692..4555.892 rows=1078467 loops=1)
              Hash Cond: (mc.movie_id = t.id)
              ->  Seq Scan on movie_companies mc  (cost=0.00..57926.93 rows=1152332 width=4) (actual time=303.997..1228.481 rows=1078467 loops=1)
                    Filter: ((company_id > 122) AND (company_type_id = 1))
                    Rows Removed by Filter: 1530662
              ->  Hash  (cost=61283.27..61283.27 rows=2528527 width=4) (actual time=1939.829..1939.829 rows=2528312 loops=1)
                    Buckets: 131072  Batches: 64  Memory Usage: 2415kB
                    ->  Seq Scan on title t  (cost=0.00..61283.27 rows=2528527 width=4) (actual time=0.021..1076.597 rows=2528312 loops=1)
Planning time: 1.160 ms
Execution time: 33233.886 ms
