Hash Join  (cost=102767.86..184227.68 rows=567439 width=0) (actual time=2069.866..3801.279 rows=859937 loops=1)
  Hash Cond: (mc.movie_id = t.id)
  ->  Seq Scan on movie_companies mc  (cost=0.00..57926.93 rows=567439 width=4) (actual time=386.130..1040.545 rows=859937 loops=1)
        Filter: ((company_id > 13642) AND (company_type_id = 2))
        Rows Removed by Filter: 1749192
  ->  Hash  (cost=61283.27..61283.27 rows=2528527 width=4) (actual time=1682.618..1682.618 rows=2528312 loops=1)
        Buckets: 131072  Batches: 64  Memory Usage: 2415kB
        ->  Seq Scan on title t  (cost=0.00..61283.27 rows=2528527 width=4) (actual time=0.010..853.536 rows=2528312 loops=1)
Planning time: 0.709 ms
Execution time: 3902.072 ms
