Hash Join  (cost=460550.72..1468894.76 rows=2455353 width=0) (actual time=6929.189..29923.296 rows=1319083 loops=1)
  Hash Cond: (ci.movie_id = t.id)
  ->  Seq Scan on cast_info ci  (cost=0.00..705507.15 rows=23980099 width=4) (actual time=0.016..13629.101 rows=23912104 loops=1)
        Filter: (person_id < 2452558)
        Rows Removed by Filter: 12332240
  ->  Hash  (cost=456302.48..456302.48 rows=258899 width=8) (actual time=6928.369..6928.369 rows=57199 loops=1)
        Buckets: 131072  Batches: 4  Memory Usage: 1573kB
        ->  Hash Join  (cost=96603.40..456302.48 rows=258899 width=8) (actual time=2674.303..6908.779 rows=57199 loops=1)
              Hash Cond: (mi.movie_id = t.id)
              ->  Seq Scan on movie_info mi  (cost=0.00..346232.03 rows=473617 width=4) (actual time=859.219..4609.139 rows=486554 loops=1)
                    Filter: (info_type_id = 5)
                    Rows Removed by Filter: 14349166
              ->  Hash  (cost=73925.90..73925.90 rows=1382200 width=4) (actual time=1814.194..1814.194 rows=1460524 loops=1)
                    Buckets: 131072  Batches: 32  Memory Usage: 2636kB
                    ->  Seq Scan on title t  (cost=0.00..73925.90 rows=1382200 width=4) (actual time=160.665..1330.812 rows=1460524 loops=1)
                          Filter: ((production_year > 1954) AND (kind_id = 7))
                          Rows Removed by Filter: 1067788
Planning time: 1.171 ms
Execution time: 30089.987 ms
