Hash Join  (cost=102767.86..271575.31 rows=3238420 width=0) (actual time=1804.348..6217.036 rows=3227060 loops=1)
  Hash Cond: (mk.movie_id = t.id)
  ->  Seq Scan on movie_keyword mk  (cost=0.00..81003.12 rows=3238420 width=4) (actual time=0.020..1632.686 rows=3227060 loops=1)
        Filter: (keyword_id < 13618)
        Rows Removed by Filter: 1296870
  ->  Hash  (cost=61283.27..61283.27 rows=2528527 width=4) (actual time=1802.116..1802.116 rows=2528312 loops=1)
        Buckets: 131072  Batches: 64  Memory Usage: 2425kB
        ->  Seq Scan on title t  (cost=0.00..61283.27 rows=2528527 width=4) (actual time=0.009..938.940 rows=2528312 loops=1)
Planning time: 0.680 ms
Execution time: 6611.099 ms
