Seq Scan on movie_keyword mk  (cost=0.00..81003.12 rows=3514733 width=0) (actual time=0.016..1487.694 rows=3510722 loops=1)
  Filter: (keyword_id > 982)
  Rows Removed by Filter: 1013208
Planning time: 0.320 ms
Execution time: 1929.039 ms
