Hash Join  (cost=73950.44..438720.80 rows=11443 width=0) (actual time=1080.808..7740.553 rows=50547 loops=1)
  Hash Cond: (mi.movie_id = t.id)
  ->  Seq Scan on movie_info mi  (cost=0.00..309384.22 rows=14739122 width=4) (actual time=0.024..3736.363 rows=14835720 loops=1)
  ->  Hash  (cost=73925.90..73925.90 rows=1963 width=4) (actual time=1079.890..1079.890 rows=4367 loops=1)
        Buckets: 8192 (originally 2048)  Batches: 1 (originally 1)  Memory Usage: 218kB
        ->  Seq Scan on title t  (cost=0.00..73925.90 rows=1963 width=4) (actual time=258.024..1077.764 rows=4367 loops=1)
              Filter: ((kind_id = 1) AND (production_year = 1976))
              Rows Removed by Filter: 2523945
Planning time: 0.841 ms
Execution time: 7749.505 ms
