Hash Join  (cost=164811.44..220000.60 rows=11250 width=0) (actual time=3497.072..4019.920 rows=4434 loops=1)
  Hash Cond: (mc.movie_id = t.id)
  ->  Seq Scan on movie_companies mc  (cost=0.00..51404.11 rows=979345 width=4) (actual time=0.016..849.355 rows=980711 loops=1)
        Filter: (company_id < 4384)
        Rows Removed by Filter: 1628418
  ->  Hash  (cost=164448.36..164448.36 rows=29046 width=8) (actual time=3004.971..3004.971 rows=2224 loops=1)
        Buckets: 32768  Batches: 1  Memory Usage: 343kB
        ->  Hash Join  (cost=79273.71..164448.36 rows=29046 width=8) (actual time=2706.668..3003.877 rows=2224 loops=1)
              Hash Cond: (mk.movie_id = t.id)
              ->  Seq Scan on movie_keyword mk  (cost=0.00..81003.12 rows=225353 width=4) (actual time=0.020..1277.433 rows=227513 loops=1)
                    Filter: (keyword_id > 63779)
                    Rows Removed by Filter: 4296417
              ->  Hash  (cost=73925.90..73925.90 rows=325904 width=4) (actual time=1299.616..1299.616 rows=349534 loops=1)
                    Buckets: 131072  Batches: 8  Memory Usage: 2572kB
                    ->  Seq Scan on title t  (cost=0.00..73925.90 rows=325904 width=4) (actual time=0.023..1183.269 rows=349534 loops=1)
                          Filter: ((production_year > 2009) AND (kind_id = 7))
                          Rows Removed by Filter: 2178778
Planning time: 1.210 ms
Execution time: 4021.080 ms
