Hash Join  (cost=939054.84..1077397.26 rows=1341139 width=0) (actual time=14962.687..19392.998 rows=3523921 loops=1)
  Hash Cond: (mk.movie_id = t.id)
  ->  Seq Scan on movie_keyword mk  (cost=0.00..69693.30 rows=4523930 width=4) (actual time=0.010..1335.862 rows=4523930 loops=1)
  ->  Hash  (cost=926755.92..926755.92 rows=749593 width=8) (actual time=14961.524..14961.524 rows=1263992 loops=1)
        Buckets: 131072 (originally 131072)  Batches: 32 (originally 16)  Memory Usage: 3073kB
        ->  Hash Join  (cost=102767.86..926755.92 rows=749593 width=8) (actual time=5647.946..14566.635 rows=1263992 loops=1)
              Hash Cond: (ci.movie_id = t.id)
              ->  Seq Scan on cast_info ci  (cost=0.00..796071.18 rows=749593 width=4) (actual time=3859.774..11290.833 rows=1263992 loops=1)
                    Filter: ((person_id > 2722046) AND (role_id = 4))
                    Rows Removed by Filter: 34980352
              ->  Hash  (cost=61283.27..61283.27 rows=2528527 width=4) (actual time=1786.373..1786.373 rows=2528312 loops=1)
                    Buckets: 131072  Batches: 64  Memory Usage: 2415kB
                    ->  Seq Scan on title t  (cost=0.00..61283.27 rows=2528527 width=4) (actual time=0.022..982.978 rows=2528312 loops=1)
Planning time: 1.075 ms
Execution time: 19808.018 ms
