Hash Join  (cost=70308.29..780001.07 rows=18886 width=0) (actual time=12595.559..12982.911 rows=16857 loops=1)
  Hash Cond: (ci.movie_id = t.id)
  ->  Seq Scan on cast_info ci  (cost=0.00..705507.15 rows=289805 width=4) (actual time=11570.101..11819.266 rows=276403 loops=1)
        Filter: (role_id = 7)
        Rows Removed by Filter: 35967941
  ->  Hash  (cost=67604.59..67604.59 rows=164776 width=4) (actual time=1024.508..1024.508 rows=164307 loops=1)
        Buckets: 131072  Batches: 4  Memory Usage: 2482kB
        ->  Seq Scan on title t  (cost=0.00..67604.59 rows=164776 width=4) (actual time=0.037..966.616 rows=164307 loops=1)
              Filter: (production_year = 2012)
              Rows Removed by Filter: 2364005
Planning time: 0.721 ms
Execution time: 12985.434 ms
