Seq Scan on movie_keyword mk  (cost=0.00..81003.12 rows=1115446 width=0) (actual time=0.033..1093.703 rows=1123033 loops=1)
  Filter: (keyword_id < 1203)
  Rows Removed by Filter: 3400897
Planning time: 0.294 ms
Execution time: 1207.353 ms
