Seq Scan on movie_companies mc  (cost=0.00..51404.11 rows=2164011 width=0) (actual time=0.024..937.959 rows=2159574 loops=1)
  Filter: (company_id < 77349)
  Rows Removed by Filter: 449555
Planning time: 0.935 ms
Execution time: 1201.460 ms
