Hash Join  (cost=202046.68..668102.96 rows=567733 width=0) (actual time=3492.206..13486.537 rows=1794727 loops=1)
  Hash Cond: (mi.movie_id = t.id)
  ->  Seq Scan on movie_info mi  (cost=0.00..346232.03 rows=8859586 width=4) (actual time=0.019..6064.393 rows=8966694 loops=1)
        Filter: (info_type_id < 15)
        Rows Removed by Filter: 5869026
  ->  Hash  (cost=199388.29..199388.29 rows=162031 width=8) (actual time=3491.247..3491.247 rows=112138 loops=1)
        Buckets: 131072  Batches: 4  Memory Usage: 2097kB
        ->  Hash Join  (cost=75411.94..199388.29 rows=162031 width=8) (actual time=1060.677..3461.136 rows=112138 loops=1)
              Hash Cond: (mk.movie_id = t.id)
              ->  Seq Scan on movie_keyword mk  (cost=0.00..69693.30 rows=4523930 width=4) (actual time=0.014..1215.428 rows=4523930 loops=1)
              ->  Hash  (cost=73925.90..73925.90 rows=90563 width=4) (actual time=1059.884..1059.884 rows=80990 loops=1)
                    Buckets: 131072  Batches: 2  Memory Usage: 2456kB
                    ->  Seq Scan on title t  (cost=0.00..73925.90 rows=90563 width=4) (actual time=0.025..1028.891 rows=80990 loops=1)
                          Filter: ((kind_id < 7) AND (production_year > 2011))
                          Rows Removed by Filter: 2447322
Planning time: 1.140 ms
Execution time: 13711.324 ms
