Seq Scan on title t  (cost=0.00..73925.90 rows=92285 width=0) (actual time=144.814..617.565 rows=56 loops=1)
  Filter: ((kind_id > 4) AND (production_year < 1946))
  Rows Removed by Filter: 2528256
Planning time: 0.253 ms
Execution time: 617.679 ms
