Seq Scan on movie_companies mc  (cost=0.00..57926.93 rows=891541 width=0) (actual time=0.028..985.802 rows=1084320 loops=1)
  Filter: ((company_id > 2417) AND (company_type_id = 2))
  Rows Removed by Filter: 1524809
Planning time: 0.358 ms
Execution time: 1120.543 ms
