Seq Scan on movie_companies mc  (cost=0.00..57926.93 rows=886556 width=0) (actual time=29.800..964.120 rows=711061 loops=1)
  Filter: ((company_id > 1714) AND (company_type_id < 2))
  Rows Removed by Filter: 1898068
Planning time: 0.382 ms
Execution time: 1056.954 ms
