Hash Join  (cost=83810.17..175409.31 rows=917562 width=0) (actual time=1415.716..4292.354 rows=1801872 loops=1)
  Hash Cond: (mc.movie_id = t.id)
  ->  Seq Scan on movie_companies mc  (cost=0.00..51404.11 rows=2348908 width=4) (actual time=0.019..1049.038 rows=2352279 loops=1)
        Filter: (company_id > 125)
        Rows Removed by Filter: 256850
  ->  Hash  (cost=67604.59..67604.59 rows=987727 width=4) (actual time=1414.428..1414.428 rows=985048 loops=1)
        Buckets: 131072  Batches: 16  Memory Usage: 3188kB
        ->  Seq Scan on title t  (cost=0.00..67604.59 rows=987727 width=4) (actual time=0.012..1115.122 rows=985048 loops=1)
              Filter: (kind_id < 7)
              Rows Removed by Filter: 1543264
Planning time: 0.697 ms
Execution time: 4510.056 ms
