Seq Scan on movie_keyword mk  (cost=0.00..81003.12 rows=429305 width=0) (actual time=0.012..1238.505 rows=424218 loops=1)
  Filter: (keyword_id > 41199)
  Rows Removed by Filter: 4099712
Planning time: 0.298 ms
Execution time: 1292.091 ms
