Seq Scan on cast_info ci  (cost=0.00..796071.18 rows=5554610 width=0) (actual time=496.773..11891.566 rows=11313163 loops=1)
  Filter: ((person_id < 1551137) AND (role_id = 1))
  Rows Removed by Filter: 24931181
Planning time: 0.263 ms
Execution time: 13297.615 ms
