Seq Scan on movie_companies mc  (cost=0.00..57926.93 rows=53 width=0) (actual time=484.807..874.016 rows=235 loops=1)
  Filter: ((company_type_id > 1) AND (company_id = 79944))
  Rows Removed by Filter: 2608894
Planning time: 0.390 ms
Execution time: 874.147 ms
