Nested Loop  (cost=0.43..83071.67 rows=246 width=0) (actual time=0.233..1140.525 rows=2411 loops=1)
  ->  Seq Scan on movie_keyword mk  (cost=0.00..81003.12 rows=246 width=4) (actual time=0.171..1080.383 rows=2411 loops=1)
        Filter: (keyword_id = 2549)
        Rows Removed by Filter: 4521519
  ->  Index Only Scan using title_pkey on title t  (cost=0.43..8.40 rows=1 width=4) (actual time=0.024..0.024 rows=1 loops=2411)
        Index Cond: (id = mk.movie_id)
        Heap Fetches: 2411
Planning time: 0.714 ms
Execution time: 1141.419 ms
