Hash Join  (cost=74663.22..101657.56 rows=10594 width=0) (actual time=1048.462..1630.476 rows=6396 loops=1)
  Hash Cond: (mi_idx.movie_id = t.id)
  ->  Seq Scan on movie_info_idx mi_idx  (cost=0.00..25185.44 rows=454124 width=4) (actual time=0.019..414.643 rows=459925 loops=1)
        Filter: (info_type_id = 100)
        Rows Removed by Filter: 920110
  ->  Hash  (cost=73925.90..73925.90 rows=58985 width=4) (actual time=1047.951..1047.951 rows=63200 loops=1)
        Buckets: 65536  Batches: 1  Memory Usage: 2734kB
        ->  Seq Scan on title t  (cost=0.00..73925.90 rows=58985 width=4) (actual time=0.024..1022.496 rows=63200 loops=1)
              Filter: ((kind_id > 4) AND (production_year = 2005))
              Rows Removed by Filter: 2465112
Planning time: 0.736 ms
Execution time: 1631.638 ms
