Seq Scan on movie_keyword mk  (cost=0.00..81003.12 rows=246 width=0) (actual time=29.865..1161.362 rows=32 loops=1)
  Filter: (keyword_id = 22173)
  Rows Removed by Filter: 4523898
Planning time: 0.340 ms
Execution time: 1161.472 ms
