Seq Scan on movie_keyword mk  (cost=0.00..81003.12 rows=1439240 width=0) (actual time=0.022..1372.482 rows=1453442 loops=1)
  Filter: (keyword_id > 11482)
  Rows Removed by Filter: 3070488
Planning time: 0.289 ms
Execution time: 1559.918 ms
