Hash Join  (cost=130078.93..199877.97 rows=66948 width=0) (actual time=2355.216..3847.478 rows=69142 loops=1)
  Hash Cond: (mc.movie_id = t.id)
  ->  Seq Scan on movie_companies mc  (cost=0.00..57926.93 rows=905502 width=4) (actual time=0.015..1014.526 rows=1094258 loops=1)
        Filter: ((company_id > 2021) AND (company_type_id > 1))
        Rows Removed by Filter: 1514871
  ->  Hash  (cost=127011.09..127011.09 rows=186947 width=8) (actual time=2354.395..2354.395 rows=103238 loops=1)
        Buckets: 131072  Batches: 4  Memory Usage: 2032kB
        ->  Hash Join  (cost=90606.68..127011.09 rows=186947 width=8) (actual time=1407.563..2320.536 rows=103238 loops=1)
              Hash Cond: (mi_idx.movie_id = t.id)
              ->  Seq Scan on movie_info_idx mi_idx  (cost=0.00..25185.44 rows=464934 width=4) (actual time=0.022..498.617 rows=460185 loops=1)
                    Filter: (info_type_id > 100)
                    Rows Removed by Filter: 919850
              ->  Hash  (cost=73925.90..73925.90 rows=1016702 width=4) (actual time=1406.367..1406.367 rows=960113 loops=1)
                    Buckets: 131072  Batches: 16  Memory Usage: 3135kB
                    ->  Seq Scan on title t  (cost=0.00..73925.90 rows=1016702 width=4) (actual time=0.041..1104.763 rows=960113 loops=1)
                          Filter: ((production_year < 2008) AND (kind_id = 7))
                          Rows Removed by Filter: 1568199
Planning time: 1.140 ms
Execution time: 3856.954 ms
