Seq Scan on cast_info ci  (cost=0.00..705507.15 rows=500 width=0) (actual time=5863.759..9054.076 rows=266 loops=1)
  Filter: (person_id = 3885059)
  Rows Removed by Filter: 36244078
Planning time: 0.374 ms
Execution time: 9054.227 ms
