Hash Join  (cost=146293.03..960437.23 rows=112849 width=148) (actual time=1206.546..22212.191 rows=398434 loops=1)
  Hash Cond: (ci.movie_id = t.id)
  ->  Seq Scan on cast_info ci  (cost=0.00..705507.15 rows=28668949 width=42) (actual time=0.026..15250.421 rows=28808107 loops=1)
        Filter: (role_id < 8)
        Rows Removed by Filter: 7436237
  ->  Hash  (cost=146168.62..146168.62 rows=9953 width=106) (actual time=1206.329..1206.329 rows=10799 loops=1)
        Buckets: 16384  Batches: 1  Memory Usage: 1457kB
        ->  Nested Loop  (cost=0.43..146168.62 rows=9953 width=106) (actual time=0.076..1198.186 rows=10799 loops=1)
              ->  Seq Scan on movie_keyword mk  (cost=0.00..81003.12 rows=9953 width=12) (actual time=0.018..958.939 rows=10799 loops=1)
                    Filter: (keyword_id = 347)
                    Rows Removed by Filter: 4513131
              ->  Index Scan using title_pkey on title t  (cost=0.43..6.54 rows=1 width=94) (actual time=0.021..0.021 rows=1 loops=10799)
                    Index Cond: (id = mk.movie_id)
Planning time: 7.679 ms
Execution time: 22235.141 ms
