Seq Scan on movie_companies mc  (cost=0.00..57926.93 rows=947987 width=0) (actual time=0.016..1057.167 rows=1245475 loops=1)
  Filter: ((company_id < 48504) AND (company_type_id = 1))
  Rows Removed by Filter: 1363654
Planning time: 0.350 ms
Execution time: 1203.771 ms
