Hash Join  (cost=83198.94..149630.79 rows=101990 width=0) (actual time=1304.290..2494.462 rows=96834 loops=1)
  Hash Cond: (mc.movie_id = t.id)
  ->  Seq Scan on movie_companies mc  (cost=0.00..57926.93 rows=456270 width=4) (actual time=0.023..919.102 rows=259563 loops=1)
        Filter: ((company_id < 2787) AND (company_type_id = 2))
        Rows Removed by Filter: 2349566
  ->  Hash  (cost=73925.90..73925.90 rows=565203 width=4) (actual time=1303.324..1303.324 rows=641785 loops=1)
        Buckets: 131072  Batches: 8  Memory Usage: 3862kB
        ->  Seq Scan on title t  (cost=0.00..73925.90 rows=565203 width=4) (actual time=0.020..1100.350 rows=641785 loops=1)
              Filter: ((kind_id < 7) AND (production_year < 2006))
              Rows Removed by Filter: 1886527
Planning time: 0.734 ms
Execution time: 2508.312 ms
