Seq Scan on cast_info ci  (cost=0.00..796071.18 rows=4494346 width=0) (actual time=5178.102..12206.359 rows=6974329 loops=1)
  Filter: ((person_id > 1887037) AND (role_id > 4))
  Rows Removed by Filter: 29270015
Planning time: 0.333 ms
Execution time: 13091.367 ms
