Seq Scan on movie_keyword mk  (cost=0.00..81003.12 rows=1694602 width=0) (actual time=0.025..1376.268 rows=1706057 loops=1)
  Filter: (keyword_id > 8431)
  Rows Removed by Filter: 2817873
Planning time: 0.293 ms
Execution time: 1597.879 ms
