Hash Join  (cost=220781.42..369826.96 rows=2219651 width=0) (actual time=4469.789..9734.531 rows=6989205 loops=1)
  Hash Cond: (mk.movie_id = t.id)
  ->  Seq Scan on movie_keyword mk  (cost=0.00..69693.30 rows=4523930 width=4) (actual time=0.025..1407.994 rows=4523930 loops=1)
  ->  Hash  (cost=200426.75..200426.75 rows=1240613 width=8) (actual time=4468.493..4468.493 rows=1160454 loops=1)
        Buckets: 131072  Batches: 32  Memory Usage: 2445kB
        ->  Hash Join  (cost=102767.86..200426.75 rows=1240613 width=8) (actual time=1802.005..4160.585 rows=1160454 loops=1)
              Hash Cond: (mc.movie_id = t.id)
              ->  Seq Scan on movie_companies mc  (cost=0.00..57926.93 rows=1240613 width=4) (actual time=0.037..1096.498 rows=1160454 loops=1)
                    Filter: ((company_id < 122233) AND (company_type_id = 2))
                    Rows Removed by Filter: 1448675
              ->  Hash  (cost=61283.27..61283.27 rows=2528527 width=4) (actual time=1800.973..1800.973 rows=2528312 loops=1)
                    Buckets: 131072  Batches: 64  Memory Usage: 2415kB
                    ->  Seq Scan on title t  (cost=0.00..61283.27 rows=2528527 width=4) (actual time=0.010..966.973 rows=2528312 loops=1)
Planning time: 1.146 ms
Execution time: 10561.776 ms
