Hash Join  (cost=671884.81..1873050.00 rows=21414586 width=0) (actual time=13133.462..42405.188 rows=42085052 loops=1)
  Hash Cond: (ci.movie_id = t.id)
  ->  Seq Scan on cast_info ci  (cost=0.00..796071.18 rows=10287445 width=4) (actual time=0.015..14724.983 rows=6367498 loops=1)
        Filter: ((person_id < 3072066) AND (role_id > 3))
        Rows Removed by Filter: 29876846
  ->  Hash  (cost=585530.80..585530.80 rows=5263441 width=8) (actual time=13131.147..13131.147 rows=5270569 loops=1)
        Buckets: 131072  Batches: 128  Memory Usage: 2642kB
        ->  Hash Join  (cost=102767.86..585530.80 rows=5263441 width=8) (actual time=2869.055..11683.621 rows=5270569 loops=1)
              Hash Cond: (mi.movie_id = t.id)
              ->  Seq Scan on movie_info mi  (cost=0.00..346232.03 rows=5263441 width=4) (actual time=1066.871..5354.496 rows=5270569 loops=1)
                    Filter: (info_type_id > 15)
                    Rows Removed by Filter: 9565151
              ->  Hash  (cost=61283.27..61283.27 rows=2528527 width=4) (actual time=1801.294..1801.294 rows=2528312 loops=1)
                    Buckets: 131072  Batches: 64  Memory Usage: 2425kB
                    ->  Seq Scan on title t  (cost=0.00..61283.27 rows=2528527 width=4) (actual time=0.021..930.073 rows=2528312 loops=1)
Planning time: 1.198 ms
Execution time: 47123.870 ms
