Seq Scan on cast_info ci  (cost=0.00..796071.18 rows=3351673 width=0) (actual time=141.351..10431.319 rows=2066446 loops=1)
  Filter: ((person_id < 718182) AND (role_id > 2))
  Rows Removed by Filter: 34177898
Planning time: 0.342 ms
Execution time: 10688.976 ms
