Nested Loop  (cost=0.43..83072.90 rows=95 width=0) (actual time=492.894..1236.957 rows=11 loops=1)
  ->  Seq Scan on movie_keyword mk  (cost=0.00..81003.12 rows=246 width=4) (actual time=2.218..1229.557 rows=151 loops=1)
        Filter: (keyword_id = 2754)
        Rows Removed by Filter: 4523779
  ->  Index Scan using title_pkey on title t  (cost=0.43..8.40 rows=1 width=4) (actual time=0.046..0.046 rows=0 loops=151)
        Index Cond: (id = mk.movie_id)
        Filter: ((production_year > 1995) AND (kind_id = 7))
        Rows Removed by Filter: 1
Planning time: 0.730 ms
Execution time: 1237.072 ms
