Hash Join  (cost=76435.78..565755.37 rows=891566 width=0) (actual time=1235.620..11432.632 rows=293852 loops=1)
  Hash Cond: (mi.movie_id = t.id)
  ->  Seq Scan on movie_info mi  (cost=0.00..309384.22 rows=14739122 width=4) (actual time=0.016..4911.964 rows=14835720 loops=1)
  ->  Hash  (cost=73925.90..73925.90 rows=152950 width=4) (actual time=1234.783..1234.783 rows=157522 loops=1)
        Buckets: 131072  Batches: 2  Memory Usage: 3801kB
        ->  Seq Scan on title t  (cost=0.00..73925.90 rows=152950 width=4) (actual time=0.009..1169.528 rows=157522 loops=1)
              Filter: ((kind_id > 3) AND (production_year > 2011))
              Rows Removed by Filter: 2370790
Planning time: 0.524 ms
Execution time: 11472.031 ms
