Hash Join  (cost=207959.88..729417.01 rows=3903520 width=0) (actual time=3965.395..22453.093 rows=29996414 loops=1)
  Hash Cond: (mi.movie_id = t.id)
  ->  Seq Scan on movie_info mi  (cost=0.00..309384.22 rows=14739122 width=4) (actual time=0.017..5489.106 rows=14835720 loops=1)
  ->  Hash  (cost=196973.17..196973.17 rows=669657 width=8) (actual time=3964.386..3964.386 rows=545204 loops=1)
        Buckets: 131072  Batches: 16  Memory Usage: 2485kB
        ->  Hash Join  (cost=89299.55..196973.17 rows=669657 width=8) (actual time=1562.990..3789.020 rows=545204 loops=1)
              Hash Cond: (mk.movie_id = t.id)
              ->  Seq Scan on movie_keyword mk  (cost=0.00..81003.12 rows=1280514 width=4) (actual time=0.012..1246.425 rows=1290704 loops=1)
                    Filter: (keyword_id > 13698)
                    Rows Removed by Filter: 3233226
              ->  Hash  (cost=67604.59..67604.59 rows=1322317 width=4) (actual time=1561.095..1561.095 rows=1322863 loops=1)
                    Buckets: 131072  Batches: 32  Memory Usage: 2489kB
                    ->  Seq Scan on title t  (cost=0.00..67604.59 rows=1322317 width=4) (actual time=0.009..1130.321 rows=1322863 loops=1)
                          Filter: (production_year > 2001)
                          Rows Removed by Filter: 1205449
Planning time: 0.810 ms
Execution time: 25607.083 ms
