Hash Join  (cost=147521.74..656996.89 rows=567543 width=0) (actual time=2872.523..16131.860 rows=2098183 loops=1)
  Hash Cond: (mi.movie_id = t.id)
  ->  Seq Scan on movie_info mi  (cost=0.00..346232.03 rows=13591652 width=4) (actual time=0.016..6291.033 rows=13631011 loops=1)
        Filter: (info_type_id < 35)
        Rows Removed by Filter: 1204709
  ->  Hash  (cost=145788.95..145788.95 rows=105583 width=8) (actual time=2871.557..2871.557 rows=200368 loops=1)
        Buckets: 131072 (originally 131072)  Batches: 4 (originally 2)  Memory Usage: 3073kB
        ->  Hash Join  (cost=69283.60..145788.95 rows=105583 width=8) (actual time=1186.856..2797.377 rows=200368 loops=1)
              Hash Cond: (mc.movie_id = t.id)
              ->  Seq Scan on movie_companies mc  (cost=0.00..44881.29 rows=2609129 width=4) (actual time=0.009..799.875 rows=2609129 loops=1)
              ->  Hash  (cost=67604.59..67604.59 rows=102321 width=4) (actual time=988.271..988.271 rows=100537 loops=1)
                    Buckets: 131072  Batches: 2  Memory Usage: 2797kB
                    ->  Seq Scan on title t  (cost=0.00..67604.59 rows=102321 width=4) (actual time=0.009..952.560 rows=100537 loops=1)
                          Filter: (kind_id = 3)
                          Rows Removed by Filter: 2427775
Planning time: 0.876 ms
Execution time: 16399.772 ms
