Hash Join  (cost=83074.74..833899.15 rows=3524 width=0) (actual time=1174.311..15024.962 rows=3318 loops=1)
  Hash Cond: (ci.movie_id = t.id)
  ->  Seq Scan on cast_info ci  (cost=0.00..614943.12 rows=36225612 width=4) (actual time=0.021..7393.336 rows=36244344 loops=1)
  ->  Hash  (cost=83071.67..83071.67 rows=246 width=8) (actual time=1144.369..1144.369 rows=50 loops=1)
        Buckets: 1024  Batches: 1  Memory Usage: 10kB
        ->  Nested Loop  (cost=0.43..83071.67 rows=246 width=8) (actual time=13.503..1144.296 rows=50 loops=1)
              ->  Seq Scan on movie_keyword mk  (cost=0.00..81003.12 rows=246 width=4) (actual time=13.426..1142.263 rows=50 loops=1)
                    Filter: (keyword_id = 45944)
                    Rows Removed by Filter: 4523880
              ->  Index Only Scan using title_pkey on title t  (cost=0.43..8.40 rows=1 width=4) (actual time=0.035..0.035 rows=1 loops=50)
                    Index Cond: (id = mk.movie_id)
                    Heap Fetches: 50
Planning time: 1.070 ms
Execution time: 15026.740 ms
