Hash Join  (cost=83072.93..137738.47 rows=3 width=0) (actual time=1326.999..2391.104 rows=1466 loops=1)
  Hash Cond: (mc.movie_id = t.id)
  ->  Seq Scan on movie_companies mc  (cost=0.00..44881.29 rows=2609129 width=4) (actual time=0.018..594.162 rows=2609129 loops=1)
  ->  Hash  (cost=83072.90..83072.90 rows=2 width=8) (actual time=1321.705..1321.705 rows=120 loops=1)
        Buckets: 1024  Batches: 1  Memory Usage: 13kB
        ->  Nested Loop  (cost=0.43..83072.90 rows=2 width=8) (actual time=5.662..1321.523 rows=120 loops=1)
              ->  Seq Scan on movie_keyword mk  (cost=0.00..81003.12 rows=246 width=4) (actual time=0.129..1211.434 rows=3420 loops=1)
                    Filter: (keyword_id = 679)
                    Rows Removed by Filter: 4520510
              ->  Index Scan using title_pkey on title t  (cost=0.43..8.40 rows=1 width=4) (actual time=0.031..0.032 rows=0 loops=3420)
                    Index Cond: (id = mk.movie_id)
                    Filter: ((kind_id < 2) AND (production_year = 2005))
                    Rows Removed by Filter: 1
Planning time: 0.725 ms
Execution time: 2391.479 ms
