Hash Join  (cost=107928.35..153102.56 rows=448088 width=0) (actual time=2053.192..3395.663 rows=459865 loops=1)
  Hash Cond: (mi_idx.movie_id = t.id)
  ->  Seq Scan on movie_info_idx mi_idx  (cost=0.00..25185.44 rows=460978 width=4) (actual time=0.017..496.591 rows=459925 loops=1)
        Filter: (info_type_id < 100)
        Rows Removed by Filter: 920110
  ->  Hash  (cost=67604.59..67604.59 rows=2457821 width=4) (actual time=2052.476..2052.476 rows=2456218 loops=1)
        Buckets: 131072  Batches: 64  Memory Usage: 2375kB
        ->  Seq Scan on title t  (cost=0.00..67604.59 rows=2457821 width=4) (actual time=0.021..1210.408 rows=2456218 loops=1)
              Filter: (production_year > 0)
              Rows Removed by Filter: 72094
Planning time: 0.693 ms
Execution time: 3453.913 ms
