Seq Scan on movie_keyword mk  (cost=0.00..81003.12 rows=246 width=0) (actual time=31.373..1154.217 rows=34 loops=1)
  Filter: (keyword_id = 57768)
  Rows Removed by Filter: 4523896
Planning time: 0.353 ms
Execution time: 1154.331 ms
