Seq Scan on movie_companies mc  (cost=0.00..57926.93 rows=368008 width=0) (actual time=0.017..927.030 rows=683857 loops=1)
  Filter: ((company_id > 41254) AND (company_type_id = 2))
  Rows Removed by Filter: 1925272
Planning time: 0.354 ms
Execution time: 1014.933 ms
