Hash Join  (cost=102767.86..174493.54 rows=433943 width=0) (actual time=2158.510..3340.599 rows=438612 loops=1)
  Hash Cond: (mc.movie_id = t.id)
  ->  Seq Scan on movie_companies mc  (cost=0.00..51404.11 rows=433943 width=4) (actual time=368.772..805.445 rows=438612 loops=1)
        Filter: (company_id > 78328)
        Rows Removed by Filter: 2170517
  ->  Hash  (cost=61283.27..61283.27 rows=2528527 width=4) (actual time=1787.449..1787.449 rows=2528312 loops=1)
        Buckets: 131072  Batches: 64  Memory Usage: 2415kB
        ->  Seq Scan on title t  (cost=0.00..61283.27 rows=2528527 width=4) (actual time=0.026..951.195 rows=2528312 loops=1)
Planning time: 0.663 ms
Execution time: 3393.685 ms
