Hash Join  (cost=451619.08..580516.60 rows=565949 width=0) (actual time=7786.273..12116.518 rows=4234396 loops=1)
  Hash Cond: (mk.movie_id = t.id)
  ->  Seq Scan on movie_keyword mk  (cost=0.00..69693.30 rows=4523930 width=4) (actual time=0.019..1331.447 rows=4523930 loops=1)
  ->  Hash  (cost=446429.05..446429.05 rows=316322 width=8) (actual time=7785.271..7785.271 rows=633102 loops=1)
        Buckets: 131072 (originally 131072)  Batches: 16 (originally 8)  Memory Usage: 3073kB
        ->  Hash Join  (cost=83810.17..446429.05 rows=316322 width=8) (actual time=2628.937..7579.322 rows=633102 loops=1)
              Hash Cond: (mi.movie_id = t.id)
              ->  Seq Scan on movie_info mi  (cost=0.00..346232.03 rows=809768 width=4) (actual time=293.250..4426.618 rows=802140 loops=1)
                    Filter: (info_type_id < 2)
                    Rows Removed by Filter: 14033580
              ->  Hash  (cost=67604.59..67604.59 rows=987727 width=4) (actual time=2334.868..2334.868 rows=985048 loops=1)
                    Buckets: 131072  Batches: 16  Memory Usage: 3197kB
                    ->  Seq Scan on title t  (cost=0.00..67604.59 rows=987727 width=4) (actual time=0.031..1212.534 rows=985048 loops=1)
                          Filter: (kind_id < 7)
                          Rows Removed by Filter: 1543264
Planning time: 1.151 ms
Execution time: 12515.772 ms
