Seq Scan on movie_companies mc  (cost=0.00..57926.93 rows=51 width=0) (actual time=141.276..702.633 rows=216 loops=1)
  Filter: ((company_id = 13434) AND (company_type_id = 1))
  Rows Removed by Filter: 2608913
Planning time: 0.332 ms
Execution time: 702.778 ms
