Hash Join  (cost=583046.46..1675986.48 rows=17390561 width=0) (actual time=10809.377..40451.464 rows=32925941 loops=1)
  Hash Cond: (ci.movie_id = t.id)
  ->  Seq Scan on cast_info ci  (cost=0.00..705507.15 rows=14331722 width=4) (actual time=0.014..12407.488 rows=14264697 loops=1)
        Filter: (person_id < 1404517)
        Rows Removed by Filter: 21979647
  ->  Hash  (cost=532708.04..532708.04 rows=3068194 width=8) (actual time=10807.221..10807.221 rows=3036719 loops=1)
        Buckets: 131072  Batches: 64  Memory Usage: 2881kB
        ->  Hash Join  (cost=102767.86..532708.04 rows=3068194 width=8) (actual time=1872.641..9941.683 rows=3036719 loops=1)
              Hash Cond: (mi.movie_id = t.id)
              ->  Seq Scan on movie_info mi  (cost=0.00..346232.03 rows=3068194 width=4) (actual time=0.022..5200.914 rows=3036719 loops=1)
                    Filter: (info_type_id = 16)
                    Rows Removed by Filter: 11799001
              ->  Hash  (cost=61283.27..61283.27 rows=2528527 width=4) (actual time=1871.952..1871.952 rows=2528312 loops=1)
                    Buckets: 131072  Batches: 64  Memory Usage: 2425kB
                    ->  Seq Scan on title t  (cost=0.00..61283.27 rows=2528527 width=4) (actual time=0.019..992.195 rows=2528312 loops=1)
Planning time: 1.089 ms
Execution time: 44124.737 ms
