Hash Join  (cost=99841.01..142049.92 rows=352885 width=0) (actual time=1724.354..2868.681 rows=357560 loops=1)
  Hash Cond: (mi_idx.movie_id = t.id)
  ->  Seq Scan on movie_info_idx mi_idx  (cost=0.00..25185.44 rows=454124 width=4) (actual time=0.013..434.603 rows=459925 loops=1)
        Filter: (info_type_id = 100)
        Rows Removed by Filter: 920110
  ->  Hash  (cost=67604.59..67604.59 rows=1964834 width=4) (actual time=1723.681..1723.681 rows=1962189 loops=1)
        Buckets: 131072  Batches: 32  Memory Usage: 3187kB
        ->  Seq Scan on title t  (cost=0.00..67604.59 rows=1964834 width=4) (actual time=0.014..1120.924 rows=1962189 loops=1)
              Filter: (production_year > 1978)
              Rows Removed by Filter: 566123
Planning time: 0.602 ms
Execution time: 2913.602 ms
