Seq Scan on cast_info ci  (cost=0.00..796071.18 rows=281349 width=0) (actual time=12917.811..13819.634 rows=97585 loops=1)
  Filter: ((person_id < 2949179) AND (role_id = 11))
  Rows Removed by Filter: 36146759
Planning time: 0.360 ms
Execution time: 13831.575 ms
