Hash Join  (cost=102767.86..205486.81 rows=491928 width=0) (actual time=1973.099..4123.523 rows=486238 loops=1)
  Hash Cond: (mk.movie_id = t.id)
  ->  Seq Scan on movie_keyword mk  (cost=0.00..81003.12 rows=491928 width=4) (actual time=0.027..1364.129 rows=486238 loops=1)
        Filter: (keyword_id > 36918)
        Rows Removed by Filter: 4037692
  ->  Hash  (cost=61283.27..61283.27 rows=2528527 width=4) (actual time=1971.696..1971.696 rows=2528312 loops=1)
        Buckets: 131072  Batches: 64  Memory Usage: 2425kB
        ->  Seq Scan on title t  (cost=0.00..61283.27 rows=2528527 width=4) (actual time=0.014..1099.166 rows=2528312 loops=1)
Planning time: 0.673 ms
Execution time: 4183.198 ms
