Hash Join  (cost=131092.40..629935.02 rows=1784071 width=0) (actual time=3563.161..18180.270 rows=10601989 loops=1)
  Hash Cond: (mi.movie_id = t.id)
  ->  Seq Scan on movie_info mi  (cost=0.00..309384.22 rows=14739122 width=4) (actual time=0.015..5019.012 rows=14835720 loops=1)
  ->  Hash  (cost=126070.63..126070.63 rows=306061 width=8) (actual time=3539.548..3539.548 rows=479659 loops=1)
        Buckets: 131072 (originally 131072)  Batches: 8 (originally 4)  Memory Usage: 3390kB
        ->  Hash Join  (cost=83126.54..126070.63 rows=306061 width=8) (actual time=1379.497..3315.779 rows=479659 loops=1)
              Hash Cond: (mi_idx.movie_id = t.id)
              ->  Seq Scan on movie_info_idx mi_idx  (cost=0.00..21735.35 rows=1380035 width=4) (actual time=0.028..473.376 rows=1380035 loops=1)
              ->  Hash  (cost=73925.90..73925.90 rows=560771 width=4) (actual time=1378.456..1378.456 rows=438714 loops=1)
                    Buckets: 131072  Batches: 8  Memory Usage: 2965kB
                    ->  Seq Scan on title t  (cost=0.00..73925.90 rows=560771 width=4) (actual time=37.989..1243.877 rows=438714 loops=1)
                          Filter: ((production_year > 1967) AND (kind_id = 1))
                          Rows Removed by Filter: 2089598
Planning time: 1.093 ms
Execution time: 19355.569 ms
