Hash Join  (cost=74029.65..826007.94 rows=118912 width=0) (actual time=766.909..16723.607 rows=50418 loops=1)
  Hash Cond: (ci.movie_id = t.id)
  ->  Seq Scan on cast_info ci  (cost=0.00..614943.12 rows=36225612 width=4) (actual time=0.011..7885.444 rows=36244344 loops=1)
  ->  Hash  (cost=73925.90..73925.90 rows=8300 width=4) (actual time=766.772..766.772 rows=7850 loops=1)
        Buckets: 16384  Batches: 1  Memory Usage: 404kB
        ->  Seq Scan on title t  (cost=0.00..73925.90 rows=8300 width=4) (actual time=0.027..762.922 rows=7850 loops=1)
              Filter: ((production_year > 2011) AND (kind_id = 2))
              Rows Removed by Filter: 2520462
Planning time: 0.686 ms
Execution time: 16735.664 ms
