Hash Join  (cost=97066.09..223792.37 rows=1380374 width=0) (actual time=1891.746..5378.230 rows=1655040 loops=1)
  Hash Cond: (mk.movie_id = t.id)
  ->  Seq Scan on movie_keyword mk  (cost=0.00..81003.12 rows=1943684 width=4) (actual time=0.026..1531.751 rows=1953503 loops=1)
        Filter: (keyword_id < 3401)
        Rows Removed by Filter: 2570427
  ->  Hash  (cost=67604.59..67604.59 rows=1795720 width=4) (actual time=1890.392..1890.392 rows=1794153 loops=1)
        Buckets: 131072  Batches: 32  Memory Usage: 3001kB
        ->  Seq Scan on title t  (cost=0.00..67604.59 rows=1795720 width=4) (actual time=0.011..1302.702 rows=1794153 loops=1)
              Filter: (production_year < 2009)
              Rows Removed by Filter: 734159
Planning time: 0.678 ms
Execution time: 5553.271 ms
