Seq Scan on movie_companies mc  (cost=0.00..57926.93 rows=1189806 width=0) (actual time=0.017..966.755 rows=1270999 loops=1)
  Filter: ((company_id > 141) AND (company_type_id = 2))
  Rows Removed by Filter: 1338130
Planning time: 0.277 ms
Execution time: 1110.014 ms
