Hash Join  (cost=94630.63..827541.70 rows=3548 width=0) (actual time=4067.450..12361.150 rows=85 loops=1)
  Hash Cond: (ci.movie_id = t.id)
  ->  Seq Scan on cast_info ci  (cost=0.00..705507.15 rows=7298253 width=4) (actual time=2657.796..10127.748 rows=7451973 loops=1)
        Filter: (role_id = 2)
        Rows Removed by Filter: 28792371
  ->  Hash  (cost=94615.27..94615.27 rows=1229 width=8) (actual time=1353.129..1353.129 rows=988 loops=1)
        Buckets: 2048  Batches: 1  Memory Usage: 55kB
        ->  Hash Join  (cost=67688.88..94615.27 rows=1229 width=8) (actual time=887.407..1352.646 rows=988 loops=1)
              Hash Cond: (mi_idx.movie_id = t.id)
              ->  Seq Scan on movie_info_idx mi_idx  (cost=0.00..25185.44 rows=460978 width=4) (actual time=0.031..390.033 rows=459925 loops=1)
                    Filter: (info_type_id = 99)
                    Rows Removed by Filter: 920110
              ->  Hash  (cost=67604.59..67604.59 rows=6743 width=4) (actual time=886.944..886.944 rows=4085 loops=1)
                    Buckets: 8192  Batches: 1  Memory Usage: 208kB
                    ->  Seq Scan on title t  (cost=0.00..67604.59 rows=6743 width=4) (actual time=207.077..884.947 rows=4085 loops=1)
                          Filter: (production_year < 1899)
                          Rows Removed by Filter: 2524227
Planning time: 1.107 ms
Execution time: 12361.313 ms
