Hash Join  (cost=75195.76..206645.61 rows=129240 width=0) (actual time=894.223..3795.180 rows=39022 loops=1)
  Hash Cond: (mk.movie_id = t.id)
  ->  Seq Scan on movie_keyword mk  (cost=0.00..81003.12 rows=4224889 width=4) (actual time=0.598..1639.745 rows=4206711 loops=1)
        Filter: (keyword_id > 249)
        Rows Removed by Filter: 317219
  ->  Hash  (cost=73925.90..73925.90 rows=77348 width=4) (actual time=892.646..892.646 rows=84109 loops=1)
        Buckets: 131072  Batches: 2  Memory Usage: 2515kB
        ->  Seq Scan on title t  (cost=0.00..73925.90 rows=77348 width=4) (actual time=0.009..863.362 rows=84109 loops=1)
              Filter: ((kind_id = 7) AND (production_year = 2008))
              Rows Removed by Filter: 2444203
Planning time: 0.516 ms
Execution time: 3800.294 ms
