Hash Join  (cost=167717.06..535341.07 rows=296806 width=0) (actual time=3444.759..10133.605 rows=2431097 loops=1)
  Hash Cond: (mi.movie_id = t.id)
  ->  Seq Scan on movie_info mi  (cost=0.00..309384.22 rows=14739122 width=4) (actual time=0.020..3379.031 rows=14835720 loops=1)
  ->  Hash  (cost=167080.59..167080.59 rows=50918 width=8) (actual time=2946.246..2946.246 rows=34874 loops=1)
        Buckets: 65536  Batches: 1  Memory Usage: 1875kB
        ->  Hash Join  (cost=74469.67..167080.59 rows=50918 width=8) (actual time=990.799..2934.148 rows=34874 loops=1)
              Hash Cond: (mk.movie_id = t.id)
              ->  Seq Scan on movie_keyword mk  (cost=0.00..81003.12 rows=2959631 width=4) (actual time=0.017..1434.737 rows=2945497 loops=1)
                    Filter: (keyword_id < 9864)
                    Rows Removed by Filter: 1578433
              ->  Hash  (cost=73925.90..73925.90 rows=43501 width=4) (actual time=989.833..989.833 rows=39560 loops=1)
                    Buckets: 65536  Batches: 1  Memory Usage: 1903kB
                    ->  Seq Scan on title t  (cost=0.00..73925.90 rows=43501 width=4) (actual time=152.234..974.183 rows=39560 loops=1)
                          Filter: ((kind_id = 1) AND (production_year = 2012))
                          Rows Removed by Filter: 2488752
Planning time: 1.110 ms
Execution time: 10432.887 ms
