Hash Join  (cost=201541.77..1275346.65 rows=3893975 width=0) (actual time=3372.139..29474.820 rows=838526 loops=1)
  Hash Cond: (ci.movie_id = t.id)
  ->  Seq Scan on cast_info ci  (cost=0.00..614943.12 rows=36225612 width=4) (actual time=0.021..12126.312 rows=36244344 loops=1)
  ->  Hash  (cost=197082.30..197082.30 rows=271797 width=8) (actual time=3367.636..3367.636 rows=46708 loops=1)
        Buckets: 131072  Batches: 4  Memory Usage: 1483kB
        ->  Hash Join  (cost=77673.67..197082.30 rows=271797 width=8) (actual time=1635.064..3354.562 rows=46708 loops=1)
              Hash Cond: (mk.movie_id = t.id)
              ->  Seq Scan on movie_keyword mk  (cost=0.00..81003.12 rows=3009211 width=4) (actual time=0.024..1392.779 rows=2993086 loops=1)
                    Filter: (keyword_id > 2218)
                    Rows Removed by Filter: 1530844
              ->  Hash  (cost=73925.90..73925.90 rows=228381 width=4) (actual time=1006.920..1006.920 rows=120792 loops=1)
                    Buckets: 131072  Batches: 4  Memory Usage: 2089kB
                    ->  Seq Scan on title t  (cost=0.00..73925.90 rows=228381 width=4) (actual time=0.022..962.870 rows=120792 loops=1)
                          Filter: ((kind_id > 4) AND (production_year < 1970))
                          Rows Removed by Filter: 2407520
Planning time: 1.104 ms
Execution time: 29570.203 ms
