Hash Join  (cost=163546.81..874010.72 rows=12286 width=0) (actual time=10781.593..15084.492 rows=75378 loops=1)
  Hash Cond: (ci.movie_id = t.id)
  ->  Seq Scan on cast_info ci  (cost=0.00..705507.15 rows=350181 width=4) (actual time=7933.393..12061.033 rows=316118 loops=1)
        Filter: (role_id > 10)
        Rows Removed by Filter: 35928226
  ->  Hash  (cost=162090.88..162090.88 rows=88714 width=8) (actual time=2846.738..2846.738 rows=160187 loops=1)
        Buckets: 131072 (originally 131072)  Batches: 4 (originally 2)  Memory Usage: 3073kB
        ->  Hash Join  (cost=74545.71..162090.88 rows=88714 width=8) (actual time=934.663..2787.714 rows=160187 loops=1)
              Hash Cond: (mk.movie_id = t.id)
              ->  Seq Scan on movie_keyword mk  (cost=0.00..69693.30 rows=4523930 width=4) (actual time=0.022..914.979 rows=4523930 loops=1)
              ->  Hash  (cost=73925.90..73925.90 rows=49584 width=4) (actual time=934.201..934.201 rows=38752 loops=1)
                    Buckets: 65536  Batches: 1  Memory Usage: 1875kB
                    ->  Seq Scan on title t  (cost=0.00..73925.90 rows=49584 width=4) (actual time=0.046..918.289 rows=38752 loops=1)
                          Filter: ((kind_id < 7) AND (production_year = 2008))
                          Rows Removed by Filter: 2489560
Planning time: 0.615 ms
Execution time: 15094.656 ms
