Hash Join  (cost=438863.84..1417702.49 rows=163933 width=0) (actual time=7644.837..24253.074 rows=2096971 loops=1)
  Hash Cond: (ci.movie_id = t.id)
  ->  Seq Scan on cast_info ci  (cost=0.00..614943.12 rows=36225612 width=4) (actual time=0.015..7181.851 rows=36244344 loops=1)
  ->  Hash  (cost=438720.80..438720.80 rows=11443 width=8) (actual time=7643.806..7643.806 rows=51178 loops=1)
        Buckets: 65536 (originally 16384)  Batches: 1 (originally 1)  Memory Usage: 2512kB
        ->  Hash Join  (cost=73950.44..438720.80 rows=11443 width=8) (actual time=974.792..7621.342 rows=51178 loops=1)
              Hash Cond: (mi.movie_id = t.id)
              ->  Seq Scan on movie_info mi  (cost=0.00..309384.22 rows=14739122 width=4) (actual time=0.017..3792.444 rows=14835720 loops=1)
              ->  Hash  (cost=73925.90..73925.90 rows=1963 width=4) (actual time=876.492..876.492 rows=4189 loops=1)
                    Buckets: 8192 (originally 2048)  Batches: 1 (originally 1)  Memory Usage: 212kB
                    ->  Seq Scan on title t  (cost=0.00..73925.90 rows=1963 width=4) (actual time=0.127..872.430 rows=4189 loops=1)
                          Filter: ((kind_id = 1) AND (production_year = 1981))
                          Rows Removed by Filter: 2524123
Planning time: 4.711 ms
Execution time: 24497.813 ms
