Hash Join  (cost=102767.86..173527.12 rows=393794 width=0) (actual time=1853.600..3529.098 rows=399037 loops=1)
  Hash Cond: (mc.movie_id = t.id)
  ->  Seq Scan on movie_companies mc  (cost=0.00..51404.11 rows=393794 width=4) (actual time=0.017..936.233 rows=399037 loops=1)
        Filter: (company_id > 82350)
        Rows Removed by Filter: 2210092
  ->  Hash  (cost=61283.27..61283.27 rows=2528527 width=4) (actual time=1852.516..1852.516 rows=2528312 loops=1)
        Buckets: 131072  Batches: 64  Memory Usage: 2415kB
        ->  Seq Scan on title t  (cost=0.00..61283.27 rows=2528527 width=4) (actual time=0.023..1006.246 rows=2528312 loops=1)
Planning time: 0.740 ms
Execution time: 3578.789 ms
