Hash Join  (cost=352196.44..1487310.11 rows=16282352 width=0) (actual time=10578.637..38682.663 rows=43762939 loops=1)
  Hash Cond: (ci.movie_id = t.id)
  ->  Seq Scan on cast_info ci  (cost=0.00..796071.18 rows=10508663 width=4) (actual time=2728.418..14984.243 rows=8192903 loops=1)
        Filter: ((person_id > 598481) AND (role_id = 1))
        Rows Removed by Filter: 28051441
  ->  Hash  (cost=287920.50..287920.50 rows=3917755 width=8) (actual time=7848.323..7848.323 rows=3912783 loops=1)
        Buckets: 131072  Batches: 64  Memory Usage: 3435kB
        ->  Hash Join  (cost=102767.86..287920.50 rows=3917755 width=8) (actual time=1788.163..6707.036 rows=3912783 loops=1)
              Hash Cond: (mk.movie_id = t.id)
              ->  Seq Scan on movie_keyword mk  (cost=0.00..81003.12 rows=3917755 width=4) (actual time=0.035..1618.585 rows=3912783 loops=1)
                    Filter: (keyword_id < 30229)
                    Rows Removed by Filter: 611147
              ->  Hash  (cost=61283.27..61283.27 rows=2528527 width=4) (actual time=1787.087..1787.087 rows=2528312 loops=1)
                    Buckets: 131072  Batches: 64  Memory Usage: 2425kB
                    ->  Seq Scan on title t  (cost=0.00..61283.27 rows=2528527 width=4) (actual time=0.027..923.273 rows=2528312 loops=1)
Planning time: 1.133 ms
Execution time: 43748.409 ms
