Hash Join  (cost=73957.54..100881.83 rows=1381 width=0) (actual time=1018.740..1402.025 rows=741 loops=1)
  Hash Cond: (mi_idx.movie_id = t.id)
  ->  Seq Scan on movie_info_idx mi_idx  (cost=0.00..21735.35 rows=1380035 width=4) (actual time=0.013..181.968 rows=1380035 loops=1)
  ->  Hash  (cost=73925.90..73925.90 rows=2531 width=4) (actual time=1013.684..1013.684 rows=8125 loops=1)
        Buckets: 8192 (originally 4096)  Batches: 1 (originally 1)  Memory Usage: 350kB
        ->  Seq Scan on title t  (cost=0.00..73925.90 rows=2531 width=4) (actual time=499.556..1010.090 rows=8125 loops=1)
              Filter: ((kind_id < 4) AND (production_year = 1914))
              Rows Removed by Filter: 2520187
Planning time: 0.749 ms
Execution time: 1402.283 ms
