Seq Scan on movie_companies mc  (cost=0.00..51404.11 rows=917560 width=0) (actual time=0.021..775.757 rows=924989 loops=1)
  Filter: (company_id > 19771)
  Rows Removed by Filter: 1684140
Planning time: 0.337 ms
Execution time: 895.718 ms
