Hash Join  (cost=102767.86..247372.88 rows=2232609 width=0) (actual time=2054.092..5599.219 rows=2225342 loops=1)
  Hash Cond: (mk.movie_id = t.id)
  ->  Seq Scan on movie_keyword mk  (cost=0.00..81003.12 rows=2232609 width=4) (actual time=0.010..1474.261 rows=2225342 loops=1)
        Filter: (keyword_id < 4567)
        Rows Removed by Filter: 2298588
  ->  Hash  (cost=61283.27..61283.27 rows=2528527 width=4) (actual time=2052.298..2052.298 rows=2528312 loops=1)
        Buckets: 131072  Batches: 64  Memory Usage: 2425kB
        ->  Seq Scan on title t  (cost=0.00..61283.27 rows=2528527 width=4) (actual time=0.010..942.706 rows=2528312 loops=1)
Planning time: 0.705 ms
Execution time: 5870.870 ms
