Hash Join  (cost=762539.04..2133511.95 rows=37765504 width=0) (actual time=24455.231..69885.078 rows=102256505 loops=1)
  Hash Cond: (ci.movie_id = t.id)
  ->  Seq Scan on cast_info ci  (cost=0.00..705507.15 rows=12726058 width=4) (actual time=6562.204..12727.768 rows=12670688 loops=1)
        Filter: (role_id = 1)
        Rows Removed by Filter: 23573656
  ->  Hash  (cost=639433.19..639433.19 rows=7503588 width=8) (actual time=17891.723..17891.723 rows=7548855 loops=1)
        Buckets: 131072  Batches: 128  Memory Usage: 3325kB
        ->  Hash Join  (cost=102767.86..639433.19 rows=7503588 width=8) (actual time=2214.254..15196.968 rows=7548855 loops=1)
              Hash Cond: (mi.movie_id = t.id)
              ->  Seq Scan on movie_info mi  (cost=0.00..346232.03 rows=7503588 width=4) (actual time=335.207..5668.624 rows=7548855 loops=1)
                    Filter: (info_type_id > 7)
                    Rows Removed by Filter: 7286865
              ->  Hash  (cost=61283.27..61283.27 rows=2528527 width=4) (actual time=1877.752..1877.752 rows=2528312 loops=1)
                    Buckets: 131072  Batches: 64  Memory Usage: 2425kB
                    ->  Seq Scan on title t  (cost=0.00..61283.27 rows=2528527 width=4) (actual time=0.022..1006.506 rows=2528312 loops=1)
Planning time: 2.732 ms
Execution time: 81332.945 ms
