Hash Join  (cost=83810.17..908168.33 rows=616842 width=0) (actual time=7428.116..11937.295 rows=679 loops=1)
  Hash Cond: (ci.movie_id = t.id)
  ->  Seq Scan on cast_info ci  (cost=0.00..796071.18 rows=1579081 width=4) (actual time=5991.988..10362.513 rows=1448 loops=1)
        Filter: ((person_id < 750697) AND (role_id = 2))
        Rows Removed by Filter: 36242896
  ->  Hash  (cost=67604.59..67604.59 rows=987727 width=4) (actual time=1420.641..1420.641 rows=985048 loops=1)
        Buckets: 131072  Batches: 16  Memory Usage: 3188kB
        ->  Seq Scan on title t  (cost=0.00..67604.59 rows=987727 width=4) (actual time=0.030..1113.964 rows=985048 loops=1)
              Filter: (kind_id < 7)
              Rows Removed by Filter: 1543264
Planning time: 0.694 ms
Execution time: 11937.479 ms
