Seq Scan on movie_keyword mk  (cost=0.00..81003.12 rows=246 width=0) (actual time=494.568..1124.076 rows=4 loops=1)
  Filter: (keyword_id = 62352)
  Rows Removed by Filter: 4523926
Planning time: 0.313 ms
Execution time: 1124.151 ms
