Hash Join  (cost=94978.31..182433.62 rows=782160 width=0) (actual time=1791.164..3894.432 rows=766891 loops=1)
  Hash Cond: (mc.movie_id = t.id)
  ->  Seq Scan on movie_companies mc  (cost=0.00..57926.93 rows=1185354 width=4) (actual time=0.022..1096.393 rows=1049763 loops=1)
        Filter: ((company_id < 95315) AND (company_type_id = 2))
        Rows Removed by Filter: 1559366
  ->  Hash  (cost=67604.59..67604.59 rows=1668458 width=4) (actual time=1789.682..1789.682 rows=1671292 loops=1)
        Buckets: 131072  Batches: 32  Memory Usage: 2858kB
        ->  Seq Scan on title t  (cost=0.00..67604.59 rows=1668458 width=4) (actual time=0.025..1236.687 rows=1671292 loops=1)
              Filter: (production_year < 2008)
              Rows Removed by Filter: 857020
Planning time: 0.672 ms
Execution time: 3978.228 ms
