Hash Join  (cost=58375.85..884539.78 rows=168 width=0) (actual time=5144.771..14796.946 rows=2 loops=1)
  Hash Cond: (ci.movie_id = t.id)
  ->  Seq Scan on cast_info ci  (cost=0.00..796071.18 rows=8024286 width=4) (actual time=0.025..12577.859 rows=9592572 loops=1)
        Filter: ((person_id < 1182803) AND (role_id < 4))
        Rows Removed by Filter: 26651772
  ->  Hash  (cost=58375.18..58375.18 rows=53 width=8) (actual time=899.888..899.888 rows=1 loops=1)
        Buckets: 1024  Batches: 1  Memory Usage: 9kB
        ->  Nested Loop  (cost=0.43..58375.18 rows=53 width=8) (actual time=568.731..899.883 rows=1 loops=1)
              ->  Seq Scan on movie_companies mc  (cost=0.00..57926.93 rows=53 width=4) (actual time=568.661..899.810 rows=1 loops=1)
                    Filter: ((company_type_id > 1) AND (company_id = 231125))
                    Rows Removed by Filter: 2609128
              ->  Index Only Scan using title_pkey on title t  (cost=0.43..8.45 rows=1 width=4) (actual time=0.059..0.060 rows=1 loops=1)
                    Index Cond: (id = mc.movie_id)
                    Heap Fetches: 1
Planning time: 1.160 ms
Execution time: 14797.040 ms
