Seq Scan on movie_info mi  (cost=0.00..346232.03 rows=184730 width=0) (actual time=3279.202..4855.353 rows=180112 loops=1)
  Filter: (info_type_id = 13)
  Rows Removed by Filter: 14655608
Planning time: 0.241 ms
Execution time: 4876.393 ms
