Hash Join  (cost=73962.22..160672.23 rows=5197 width=0) (actual time=1008.199..2282.694 rows=23742 loops=1)
  Hash Cond: (mk.movie_id = t.id)
  ->  Seq Scan on movie_keyword mk  (cost=0.00..69693.30 rows=4523930 width=4) (actual time=0.037..625.116 rows=4523930 loops=1)
  ->  Hash  (cost=73925.90..73925.90 rows=2905 width=4) (actual time=1005.851..1005.851 rows=2466 loops=1)
        Buckets: 4096  Batches: 1  Memory Usage: 119kB
        ->  Seq Scan on title t  (cost=0.00..73925.90 rows=2905 width=4) (actual time=0.141..1004.554 rows=2466 loops=1)
              Filter: ((kind_id < 7) AND (production_year = 1935))
              Rows Removed by Filter: 2525846
Planning time: 0.688 ms
Execution time: 2285.529 ms
