Hash Join  (cost=102767.86..189062.27 rows=768337 width=0) (actual time=2052.661..3492.833 rows=477325 loops=1)
  Hash Cond: (mc.movie_id = t.id)
  ->  Seq Scan on movie_companies mc  (cost=0.00..57926.93 rows=768337 width=4) (actual time=223.381..922.087 rows=477325 loops=1)
        Filter: ((company_id < 13885) AND (company_type_id = 2))
        Rows Removed by Filter: 2131804
  ->  Hash  (cost=61283.27..61283.27 rows=2528527 width=4) (actual time=1827.905..1827.905 rows=2528312 loops=1)
        Buckets: 131072  Batches: 64  Memory Usage: 2415kB
        ->  Seq Scan on title t  (cost=0.00..61283.27 rows=2528527 width=4) (actual time=0.024..966.543 rows=2528312 loops=1)
Planning time: 0.949 ms
Execution time: 3545.452 ms
