Hash Join  (cost=128753.29..480065.76 rows=2493 width=0) (actual time=4476.444..6660.469 rows=6489 loops=1)
  Hash Cond: (mi.movie_id = t.id)
  ->  Seq Scan on movie_info mi  (cost=0.00..346232.03 rows=1348138 width=4) (actual time=2891.009..4882.260 rows=1298989 loops=1)
        Filter: (info_type_id = 4)
        Rows Removed by Filter: 13536731
  ->  Hash  (cost=128694.84..128694.84 rows=4676 width=8) (actual time=1583.150..1583.150 rows=7304 loops=1)
        Buckets: 8192  Batches: 1  Memory Usage: 350kB
        ->  Hash Join  (cost=73982.55..128694.84 rows=4676 width=8) (actual time=937.910..1581.214 rows=7304 loops=1)
              Hash Cond: (mc.movie_id = t.id)
              ->  Seq Scan on movie_companies mc  (cost=0.00..44881.29 rows=2609129 width=4) (actual time=1.072..299.185 rows=2609129 loops=1)
              ->  Hash  (cost=73925.90..73925.90 rows=4532 width=4) (actual time=935.412..935.412 rows=8145 loops=1)
                    Buckets: 8192  Batches: 1  Memory Usage: 351kB
                    ->  Seq Scan on title t  (cost=0.00..73925.90 rows=4532 width=4) (actual time=226.948..932.195 rows=8145 loops=1)
                          Filter: ((kind_id = 7) AND (production_year = 1968))
                          Rows Removed by Filter: 2520167
Planning time: 1.229 ms
Execution time: 6661.490 ms
