Hash Join  (cost=87731.24..154097.55 rows=115118 width=0) (actual time=1779.021..2731.456 rows=43764 loops=1)
  Hash Cond: (mc.movie_id = t.id)
  ->  Seq Scan on movie_companies mc  (cost=0.00..57926.93 rows=345919 width=4) (actual time=66.670..790.693 rows=190100 loops=1)
        Filter: ((company_id < 1070) AND (company_type_id > 1))
        Rows Removed by Filter: 2419029
  ->  Hash  (cost=73925.90..73925.90 rows=841467 width=4) (actual time=1711.183..1711.183 rows=921643 loops=1)
        Buckets: 131072  Batches: 16  Memory Usage: 3057kB
        ->  Seq Scan on title t  (cost=0.00..73925.90 rows=841467 width=4) (actual time=160.896..778.029 rows=921643 loops=1)
              Filter: ((production_year > 2000) AND (kind_id = 7))
              Rows Removed by Filter: 1606669
Planning time: 1.908 ms
Execution time: 2736.154 ms
