Nested Loop  (cost=0.43..82668.61 rows=230 width=0) (actual time=1.534..917.812 rows=3400 loops=1)
  ->  Seq Scan on movie_companies mc  (cost=0.00..51404.11 rows=4175 width=4) (actual time=1.471..840.934 rows=3401 loops=1)
        Filter: (company_id = 11147)
        Rows Removed by Filter: 2605728
  ->  Index Scan using title_pkey on title t  (cost=0.43..7.48 rows=1 width=4) (actual time=0.022..0.022 rows=1 loops=3401)
        Index Cond: (id = mc.movie_id)
        Filter: (production_year < 1940)
        Rows Removed by Filter: 0
Planning time: 0.528 ms
Execution time: 918.843 ms
