Hash Join  (cost=103899.00..158809.84 rows=24531 width=0) (actual time=1677.470..2796.702 rows=29868 loops=1)
  Hash Cond: (mc.movie_id = t.id)
  ->  Seq Scan on movie_companies mc  (cost=0.00..44881.29 rows=2609129 width=4) (actual time=0.022..580.949 rows=2609129 loops=1)
  ->  Hash  (cost=103601.82..103601.82 rows=23774 width=8) (actual time=1655.312..1655.312 rows=13476 loops=1)
        Buckets: 32768  Batches: 1  Memory Usage: 783kB
        ->  Hash Join  (cost=74747.02..103601.82 rows=23774 width=8) (actual time=996.355..1650.519 rows=13476 loops=1)
              Hash Cond: (mi_idx.movie_id = t.id)
              ->  Seq Scan on movie_info_idx mi_idx  (cost=0.00..25185.44 rows=915101 width=4) (actual time=0.025..443.886 rows=919850 loops=1)
                    Filter: (info_type_id < 101)
                    Rows Removed by Filter: 460185
              ->  Hash  (cost=73925.90..73925.90 rows=65689 width=4) (actual time=995.659..995.659 rows=74524 loops=1)
                    Buckets: 131072  Batches: 1  Memory Usage: 3644kB
                    ->  Seq Scan on title t  (cost=0.00..73925.90 rows=65689 width=4) (actual time=0.024..966.745 rows=74524 loops=1)
                          Filter: ((kind_id = 7) AND (production_year = 2006))
                          Rows Removed by Filter: 2453788
Planning time: 1.150 ms
Execution time: 2801.089 ms
