Seq Scan on movie_keyword mk  (cost=0.00..81003.12 rows=246 width=0) (actual time=6.099..1154.996 rows=583 loops=1)
  Filter: (keyword_id = 3836)
  Rows Removed by Filter: 4523347
Planning time: 0.328 ms
Execution time: 1155.259 ms
