Seq Scan on movie_keyword mk  (cost=0.00..81003.12 rows=856455 width=0) (actual time=0.011..1277.991 rows=863887 loops=1)
  Filter: (keyword_id > 21307)
  Rows Removed by Filter: 3660043
Planning time: 0.274 ms
Execution time: 1389.083 ms
