Nested Loop  (cost=44377.22..431294.25 rows=9790 width=0) (actual time=4662.379..6483.550 rows=88511 loops=1)
  Join Filter: (mi.movie_id = t.id)
  ->  Hash Join  (cost=44376.79..399813.99 rows=53320 width=8) (actual time=4662.304..5839.133 rows=88511 loops=1)
        Hash Cond: (mi.movie_id = mi_idx.movie_id)
        ->  Seq Scan on movie_info mi  (cost=0.00..346232.03 rows=17937 width=4) (actual time=3821.047..4769.696 rows=30180 loops=1)
              Filter: (info_type_id = 110)
              Rows Removed by Filter: 14805540
        ->  Hash  (cost=21735.35..21735.35 rows=1380035 width=4) (actual time=806.352..806.352 rows=1380035 loops=1)
              Buckets: 131072  Batches: 32  Memory Usage: 2557kB
              ->  Seq Scan on movie_info_idx mi_idx  (cost=0.00..21735.35 rows=1380035 width=4) (actual time=0.014..381.444 rows=1380035 loops=1)
  ->  Index Only Scan using title_pkey on title t  (cost=0.43..0.58 rows=1 width=4) (actual time=0.006..0.007 rows=1 loops=88511)
        Index Cond: (id = mi_idx.movie_id)
        Heap Fetches: 88511
Planning time: 1.134 ms
Execution time: 6498.245 ms
