Hash Join  (cost=154654.97..973779.11 rows=118333 width=0) (actual time=2546.272..18501.856 rows=395467 loops=1)
  Hash Cond: (ci.movie_id = t.id)
  ->  Seq Scan on cast_info ci  (cost=0.00..705507.15 rows=22486731 width=4) (actual time=0.024..11428.193 rows=22339106 loops=1)
        Filter: (person_id < 2277040)
        Rows Removed by Filter: 13905238
  ->  Hash  (cost=154488.65..154488.65 rows=13306 width=8) (actual time=2545.764..2545.764 rows=18962 loops=1)
        Buckets: 32768 (originally 16384)  Batches: 1 (originally 1)  Memory Usage: 997kB
        ->  Hash Join  (cost=67697.55..154488.65 rows=13306 width=8) (actual time=833.256..2538.619 rows=18962 loops=1)
              Hash Cond: (mk.movie_id = t.id)
              ->  Seq Scan on movie_keyword mk  (cost=0.00..69693.30 rows=4523930 width=4) (actual time=0.012..838.776 rows=4523930 loops=1)
              ->  Hash  (cost=67604.59..67604.59 rows=7437 width=4) (actual time=832.876..832.876 rows=11073 loops=1)
                    Buckets: 16384 (originally 8192)  Batches: 1 (originally 1)  Memory Usage: 518kB
                    ->  Seq Scan on title t  (cost=0.00..67604.59 rows=7437 width=4) (actual time=0.024..827.709 rows=11073 loops=1)
                          Filter: (production_year = 1961)
                          Rows Removed by Filter: 2517239
Planning time: 1.424 ms
Execution time: 18554.116 ms
