Hash Join  (cost=68191.41..878166.46 rows=65592 width=0) (actual time=9270.476..15551.028 rows=126245 loops=1)
  Hash Cond: (ci.movie_id = t.id)
  ->  Seq Scan on cast_info ci  (cost=0.00..796071.18 rows=3532787 width=4) (actual time=8285.660..12772.941 rows=6568555 loops=1)
        Filter: ((person_id > 1850040) AND (role_id = 2))
        Rows Removed by Filter: 29675789
  ->  Hash  (cost=67604.59..67604.59 rows=46946 width=4) (actual time=984.220..984.220 rows=46583 loops=1)
        Buckets: 65536  Batches: 1  Memory Usage: 2150kB
        ->  Seq Scan on title t  (cost=0.00..67604.59 rows=46946 width=4) (actual time=0.054..964.845 rows=46583 loops=1)
              Filter: (production_year = 1998)
              Rows Removed by Filter: 2481729
Planning time: 0.779 ms
Execution time: 15569.979 ms
