Hash Join  (cost=83074.74..109989.30 rows=45 width=0) (actual time=1349.535..1880.192 rows=3387 loops=1)
  Hash Cond: (mi_idx.movie_id = t.id)
  ->  Seq Scan on movie_info_idx mi_idx  (cost=0.00..25185.44 rows=460978 width=4) (actual time=0.015..447.360 rows=459925 loops=1)
        Filter: (info_type_id < 100)
        Rows Removed by Filter: 920110
  ->  Hash  (cost=83071.67..83071.67 rows=246 width=8) (actual time=1349.401..1349.401 rows=5252 loops=1)
        Buckets: 8192 (originally 1024)  Batches: 1 (originally 1)  Memory Usage: 270kB
        ->  Nested Loop  (cost=0.43..83071.67 rows=246 width=8) (actual time=0.371..1346.145 rows=5252 loops=1)
              ->  Seq Scan on movie_keyword mk  (cost=0.00..81003.12 rows=246 width=4) (actual time=0.310..1199.770 rows=5252 loops=1)
                    Filter: (keyword_id = 3311)
                    Rows Removed by Filter: 4518678
              ->  Index Only Scan using title_pkey on title t  (cost=0.43..8.40 rows=1 width=4) (actual time=0.027..0.027 rows=1 loops=5252)
                    Index Cond: (id = mk.movie_id)
                    Heap Fetches: 5252
Planning time: 1.102 ms
Execution time: 1880.986 ms
