Seq Scan on cast_info ci  (cost=0.00..796071.18 rows=1585416 width=0) (actual time=8217.729..10489.162 rows=1085683 loops=1)
  Filter: ((person_id < 1407564) AND (role_id = 3))
  Rows Removed by Filter: 35158661
Planning time: 0.369 ms
Execution time: 10618.540 ms
