Seq Scan on cast_info ci  (cost=0.00..796071.18 rows=22555124 width=0) (actual time=0.025..16246.322 rows=26090923 loops=1)
  Filter: ((person_id < 3071776) AND (role_id < 5))
  Rows Removed by Filter: 10153421
Planning time: 0.319 ms
Execution time: 19512.399 ms
