Seq Scan on title t  (cost=0.00..67604.59 rows=15171 width=0) (actual time=0.091..1028.168 rows=14988 loops=1)
  Filter: (production_year < 1905)
  Rows Removed by Filter: 2513324
Planning time: 0.339 ms
Execution time: 1030.854 ms
