Seq Scan on movie_companies mc  (cost=0.00..51404.11 rows=270455 width=0) (actual time=140.884..822.421 rows=272505 loops=1)
  Filter: (company_id > 97111)
  Rows Removed by Filter: 2336624
Planning time: 0.304 ms
Execution time: 859.391 ms
