Hash Join  (cost=73929.67..438603.14 rows=1755 width=0) (actual time=1013.152..6892.113 rows=13095 loops=1)
  Hash Cond: (mi.movie_id = t.id)
  ->  Seq Scan on movie_info mi  (cost=0.00..309384.22 rows=14739122 width=4) (actual time=0.018..3219.553 rows=14835720 loops=1)
  ->  Hash  (cost=73925.90..73925.90 rows=301 width=4) (actual time=1012.092..1012.092 rows=1542 loops=1)
        Buckets: 2048 (originally 1024)  Batches: 1 (originally 1)  Memory Usage: 71kB
        ->  Seq Scan on title t  (cost=0.00..73925.90 rows=301 width=4) (actual time=559.200..1011.204 rows=1542 loops=1)
              Filter: ((kind_id = 3) AND (production_year = 1991))
              Rows Removed by Filter: 2526770
Planning time: 0.579 ms
Execution time: 6894.893 ms
