Hash Join  (cost=168227.52..662977.05 rows=1400461 width=0) (actual time=4021.232..14567.005 rows=1462676 loops=1)
  Hash Cond: (mi.movie_id = t.id)
  ->  Seq Scan on movie_info mi  (cost=0.00..309384.22 rows=14739122 width=4) (actual time=0.019..4796.914 rows=14835720 loops=1)
  ->  Hash  (cost=164285.37..164285.37 rows=240252 width=8) (actual time=4020.388..4020.388 rows=186966 loops=1)
        Buckets: 131072  Batches: 4  Memory Usage: 2859kB
        ->  Hash Join  (cost=92883.59..164285.37 rows=240252 width=8) (actual time=1714.246..3956.368 rows=186966 loops=1)
              Hash Cond: (mc.movie_id = t.id)
              ->  Seq Scan on movie_companies mc  (cost=0.00..57926.93 rows=394265 width=4) (actual time=0.015..985.282 rows=714524 loops=1)
                    Filter: ((company_id > 32794) AND (company_type_id = 2))
                    Rows Removed by Filter: 1894605
              ->  Hash  (cost=67604.59..67604.59 rows=1540800 width=4) (actual time=1713.408..1713.408 rows=1543264 loops=1)
                    Buckets: 131072  Batches: 32  Memory Usage: 2722kB
                    ->  Seq Scan on title t  (cost=0.00..67604.59 rows=1540800 width=4) (actual time=0.013..1220.170 rows=1543264 loops=1)
                          Filter: (kind_id = 7)
                          Rows Removed by Filter: 985048
Planning time: 1.187 ms
Execution time: 14718.441 ms
