Nested Loop  (cost=0.43..83072.90 rows=2 width=0) (actual time=898.698..1122.077 rows=1 loops=1)
  ->  Seq Scan on movie_keyword mk  (cost=0.00..81003.12 rows=246 width=4) (actual time=0.347..1101.414 rows=753 loops=1)
        Filter: (keyword_id = 1773)
        Rows Removed by Filter: 4523177
  ->  Index Scan using title_pkey on title t  (cost=0.43..8.40 rows=1 width=4) (actual time=0.026..0.026 rows=0 loops=753)
        Index Cond: (id = mk.movie_id)
        Filter: ((kind_id = 7) AND (production_year = 1997))
        Rows Removed by Filter: 1
Planning time: 0.748 ms
Execution time: 1122.156 ms
