Hash Join  (cost=254034.23..430159.46 rows=3978228 width=0) (actual time=5999.999..16722.045 rows=31795132 loops=1)
  Hash Cond: (mk.movie_id = t.id)
  ->  Seq Scan on movie_keyword mk  (cost=0.00..69693.30 rows=4523930 width=4) (actual time=0.021..1451.473 rows=4523930 loops=1)
  ->  Hash  (cost=217554.20..217554.20 rows=2223522 width=8) (actual time=5998.664..5998.664 rows=2218601 loops=1)
        Buckets: 131072  Batches: 32  Memory Usage: 3770kB
        ->  Hash Join  (cost=102767.86..217554.20 rows=2223522 width=8) (actual time=2003.343..5371.727 rows=2218601 loops=1)
              Hash Cond: (mc.movie_id = t.id)
              ->  Seq Scan on movie_companies mc  (cost=0.00..51404.11 rows=2223522 width=4) (actual time=0.030..1149.113 rows=2218601 loops=1)
                    Filter: (company_id < 83236)
                    Rows Removed by Filter: 390528
              ->  Hash  (cost=61283.27..61283.27 rows=2528527 width=4) (actual time=2002.525..2002.525 rows=2528312 loops=1)
                    Buckets: 131072  Batches: 64  Memory Usage: 2415kB
                    ->  Seq Scan on title t  (cost=0.00..61283.27 rows=2528527 width=4) (actual time=0.009..1168.191 rows=2528312 loops=1)
Planning time: 1.160 ms
Execution time: 20093.635 ms
