Hash Join  (cost=79082.94..117215.58 rows=113757 width=0) (actual time=1176.342..2150.368 rows=48324 loops=1)
  Hash Cond: (mi_idx.movie_id = t.id)
  ->  Seq Scan on movie_info_idx mi_idx  (cost=0.00..25185.44 rows=915101 width=4) (actual time=0.025..559.561 rows=919850 loops=1)
        Filter: (info_type_id < 101)
        Rows Removed by Filter: 460185
  ->  Hash  (cost=73925.90..73925.90 rows=314323 width=4) (actual time=1175.278..1175.278 rows=201761 loops=1)
        Buckets: 131072  Batches: 8  Memory Usage: 1902kB
        ->  Seq Scan on title t  (cost=0.00..73925.90 rows=314323 width=4) (actual time=0.021..1110.014 rows=201761 loops=1)
              Filter: ((production_year < 1980) AND (kind_id = 7))
              Rows Removed by Filter: 2326551
Planning time: 0.807 ms
Execution time: 2156.407 ms
