Seq Scan on movie_keyword mk  (cost=0.00..81003.12 rows=1441229 width=0) (actual time=0.025..1271.579 rows=1454874 loops=1)
  Filter: (keyword_id > 11462)
  Rows Removed by Filter: 3069056
Planning time: 0.300 ms
Execution time: 1455.964 ms
