Hash Join  (cost=131179.58..884642.41 rows=267366 width=0) (actual time=2193.717..17690.328 rows=205895 loops=1)
  Hash Cond: (ci.movie_id = t.id)
  ->  Seq Scan on cast_info ci  (cost=0.00..614943.12 rows=36225612 width=4) (actual time=0.019..7829.378 rows=36244344 loops=1)
  ->  Hash  (cost=130946.31..130946.31 rows=18662 width=8) (actual time=2193.071..2193.071 rows=6350 loops=1)
        Buckets: 32768  Batches: 1  Memory Usage: 505kB
        ->  Hash Join  (cost=74369.53..130946.31 rows=18662 width=8) (actual time=1248.980..2190.437 rows=6350 loops=1)
              Hash Cond: (mc.movie_id = t.id)
              ->  Seq Scan on movie_companies mc  (cost=0.00..51404.11 rows=1329612 width=4) (actual time=224.849..849.382 rows=1334883 loops=1)
                    Filter: (company_type_id = 2)
                    Rows Removed by Filter: 1274246
              ->  Hash  (cost=73925.90..73925.90 rows=35490 width=4) (actual time=1023.129..1023.129 rows=39698 loops=1)
                    Buckets: 65536  Batches: 1  Memory Usage: 1908kB
                    ->  Seq Scan on title t  (cost=0.00..73925.90 rows=35490 width=4) (actual time=0.036..1006.502 rows=39698 loops=1)
                          Filter: ((kind_id = 7) AND (production_year = 2001))
                          Rows Removed by Filter: 2488614
Planning time: 1.161 ms
Execution time: 17720.617 ms
