Hash Join  (cost=143575.88..230980.80 rows=74688 width=0) (actual time=3786.457..4327.567 rows=116149 loops=1)
  Hash Cond: (mk.movie_id = t.id)
  ->  Seq Scan on movie_keyword mk  (cost=0.00..69693.30 rows=4523930 width=4) (actual time=0.022..932.673 rows=4523930 loops=1)
  ->  Hash  (cost=143054.07..143054.07 rows=41745 width=8) (actual time=2526.778..2526.778 rows=26704 loops=1)
        Buckets: 65536  Batches: 1  Memory Usage: 1556kB
        ->  Hash Join  (cost=75199.97..143054.07 rows=41745 width=8) (actual time=1096.560..2516.804 rows=26704 loops=1)
              Hash Cond: (mc.movie_id = t.id)
              ->  Seq Scan on movie_companies mc  (cost=0.00..51404.11 rows=1360143 width=4) (actual time=0.039..919.258 rows=1345873 loops=1)
                    Filter: (company_id < 11538)
                    Rows Removed by Filter: 1263256
              ->  Hash  (cost=73925.90..73925.90 rows=77605 width=4) (actual time=1095.665..1095.665 rows=84684 loops=1)
                    Buckets: 131072  Batches: 2  Memory Usage: 2512kB
                    ->  Seq Scan on title t  (cost=0.00..73925.90 rows=77605 width=4) (actual time=0.026..1063.764 rows=84684 loops=1)
                          Filter: ((kind_id = 7) AND (production_year = 2009))
                          Rows Removed by Filter: 2443628
Planning time: 1.234 ms
Execution time: 4342.432 ms
