Hash Join  (cost=83073.88..109984.79 rows=43 width=0) (actual time=1176.976..1705.712 rows=9 loops=1)
  Hash Cond: (mi_idx.movie_id = t.id)
  ->  Seq Scan on movie_info_idx mi_idx  (cost=0.00..21735.35 rows=1380035 width=4) (actual time=0.021..279.524 rows=1380035 loops=1)
  ->  Hash  (cost=83072.90..83072.90 rows=78 width=8) (actual time=1170.708..1170.708 rows=3 loops=1)
        Buckets: 1024  Batches: 1  Memory Usage: 9kB
        ->  Nested Loop  (cost=0.43..83072.90 rows=78 width=8) (actual time=245.397..1170.694 rows=3 loops=1)
              ->  Seq Scan on movie_keyword mk  (cost=0.00..81003.12 rows=246 width=4) (actual time=245.337..1170.409 rows=4 loops=1)
                    Filter: (keyword_id = 67137)
                    Rows Removed by Filter: 4523926
              ->  Index Scan using title_pkey on title t  (cost=0.43..8.40 rows=1 width=4) (actual time=0.063..0.064 rows=1 loops=4)
                    Index Cond: (id = mk.movie_id)
                    Filter: ((kind_id < 7) AND (production_year < 2011))
                    Rows Removed by Filter: 0
Planning time: 1.151 ms
Execution time: 1705.840 ms
