Hash Join  (cost=184803.86..1129685.12 rows=774053 width=0) (actual time=3938.121..25355.666 rows=1089570 loops=1)
  Hash Cond: (ci.movie_id = t.id)
  ->  Seq Scan on cast_info ci  (cost=0.00..796071.18 rows=12146007 width=4) (actual time=0.028..15420.032 rows=11537778 loops=1)
        Filter: ((person_id > 157294) AND (role_id = 1))
        Rows Removed by Filter: 24706566
  ->  Hash  (cost=182159.60..182159.60 rows=161141 width=8) (actual time=3934.758..3934.758 rows=61598 loops=1)
        Buckets: 131072  Batches: 4  Memory Usage: 1583kB
        ->  Hash Join  (cost=70308.29..182159.60 rows=161141 width=8) (actual time=1535.789..3913.351 rows=61598 loops=1)
              Hash Cond: (mk.movie_id = t.id)
              ->  Seq Scan on movie_keyword mk  (cost=0.00..81003.12 rows=2472740 width=4) (actual time=0.018..1425.836 rows=2464294 loops=1)
                    Filter: (keyword_id > 3661)
                    Rows Removed by Filter: 2059636
              ->  Hash  (cost=67604.59..67604.59 rows=164776 width=4) (actual time=1535.012..1535.012 rows=164307 loops=1)
                    Buckets: 131072  Batches: 4  Memory Usage: 2488kB
                    ->  Seq Scan on title t  (cost=0.00..67604.59 rows=164776 width=4) (actual time=0.017..887.059 rows=164307 loops=1)
                          Filter: (production_year = 2012)
                          Rows Removed by Filter: 2364005
Planning time: 1.364 ms
Execution time: 25492.415 ms
