Seq Scan on cast_info ci  (cost=0.00..796071.18 rows=2075935 width=0) (actual time=0.021..11636.922 rows=3598141 loops=1)
  Filter: ((person_id > 1864511) AND (role_id = 10))
  Rows Removed by Filter: 32646203
Planning time: 0.384 ms
Execution time: 12088.095 ms
