Hash Join  (cost=67697.55..122439.81 rows=7674 width=0) (actual time=679.698..1627.425 rows=7677 loops=1)
  Hash Cond: (mc.movie_id = t.id)
  ->  Seq Scan on movie_companies mc  (cost=0.00..44881.29 rows=2609129 width=4) (actual time=0.020..506.941 rows=2609129 loops=1)
  ->  Hash  (cost=67604.59..67604.59 rows=7437 width=4) (actual time=679.539..679.539 rows=3847 loops=1)
        Buckets: 8192  Batches: 1  Memory Usage: 200kB
        ->  Seq Scan on title t  (cost=0.00..67604.59 rows=7437 width=4) (actual time=0.143..677.517 rows=3847 loops=1)
              Filter: (production_year = 1949)
              Rows Removed by Filter: 2524465
Planning time: 0.551 ms
Execution time: 1628.807 ms
