Hash Join  (cost=166953.23..531628.21 rows=1906 width=0) (actual time=2636.731..9232.827 rows=44355 loops=1)
  Hash Cond: (mi.movie_id = t.id)
  ->  Seq Scan on movie_info mi  (cost=0.00..309384.22 rows=14739122 width=4) (actual time=0.015..3648.868 rows=14835720 loops=1)
  ->  Hash  (cost=166949.14..166949.14 rows=327 width=8) (actual time=2636.579..2636.579 rows=4011 loops=1)
        Buckets: 4096 (originally 1024)  Batches: 1 (originally 1)  Memory Usage: 189kB
        ->  Hash Join  (cost=73929.13..166949.14 rows=327 width=8) (actual time=766.045..2634.696 rows=4011 loops=1)
              Hash Cond: (mk.movie_id = t.id)
              ->  Seq Scan on movie_keyword mk  (cost=0.00..81003.12 rows=3203630 width=4) (actual time=0.016..1389.727 rows=3189798 loops=1)
                    Filter: (keyword_id < 12897)
                    Rows Removed by Filter: 1334132
              ->  Hash  (cost=73925.90..73925.90 rows=258 width=4) (actual time=757.299..757.299 rows=3378 loops=1)
                    Buckets: 4096 (originally 1024)  Batches: 1 (originally 1)  Memory Usage: 151kB
                    ->  Seq Scan on title t  (cost=0.00..73925.90 rows=258 width=4) (actual time=16.303..756.185 rows=3378 loops=1)
                          Filter: ((kind_id < 7) AND (production_year > 2013))
                          Rows Removed by Filter: 2524934
Planning time: 1.200 ms
Execution time: 9239.457 ms
