Nested Loop  (cost=44377.22..431294.25 rows=9790 width=0) (actual time=3309.992..6634.447 rows=180496 loops=1)
  Join Filter: (mi.movie_id = t.id)
  ->  Hash Join  (cost=44376.79..399813.99 rows=53320 width=8) (actual time=3309.901..5615.883 rows=180496 loops=1)
        Hash Cond: (mi.movie_id = mi_idx.movie_id)
        ->  Seq Scan on movie_info mi  (cost=0.00..346232.03 rows=17937 width=4) (actual time=2480.892..4465.529 rows=68025 loops=1)
              Filter: (info_type_id = 94)
              Rows Removed by Filter: 14767695
        ->  Hash  (cost=21735.35..21735.35 rows=1380035 width=4) (actual time=827.768..827.768 rows=1380035 loops=1)
              Buckets: 131072  Batches: 32  Memory Usage: 2557kB
              ->  Seq Scan on movie_info_idx mi_idx  (cost=0.00..21735.35 rows=1380035 width=4) (actual time=0.025..397.602 rows=1380035 loops=1)
  ->  Index Only Scan using title_pkey on title t  (cost=0.43..0.58 rows=1 width=4) (actual time=0.005..0.005 rows=1 loops=180496)
        Index Cond: (id = mi_idx.movie_id)
        Heap Fetches: 180496
Planning time: 1.182 ms
Execution time: 6663.617 ms
