Hash Join  (cost=601814.03..1761859.11 rows=18072234 width=0) (actual time=15655.727..53933.330 rows=65739336 loops=1)
  Hash Cond: (ci.movie_id = t.id)
  ->  Seq Scan on cast_info ci  (cost=0.00..705507.15 rows=17204206 width=4) (actual time=0.018..12802.847 rows=17320308 loops=1)
        Filter: (person_id > 1886072)
        Rows Removed by Filter: 18924036
  ->  Hash  (cost=558236.74..558236.74 rows=2656103 width=8) (actual time=15653.444..15653.444 rows=5911984 loops=1)
        Buckets: 131072 (originally 131072)  Batches: 128 (originally 64)  Memory Usage: 3073kB
        ->  Hash Join  (cost=80042.24..558236.74 rows=2656103 width=8) (actual time=1223.777..13811.387 rows=5911984 loops=1)
              Hash Cond: (mi.movie_id = t.id)
              ->  Seq Scan on movie_info mi  (cost=0.00..346232.03 rows=8859586 width=4) (actual time=0.014..6129.068 rows=8966694 loops=1)
                    Filter: (info_type_id < 15)
                    Rows Removed by Filter: 5869026
              ->  Hash  (cost=67604.59..67604.59 rows=758052 width=4) (actual time=1221.725..1221.725 rows=753677 loops=1)
                    Buckets: 131072  Batches: 16  Memory Usage: 2686kB
                    ->  Seq Scan on title t  (cost=0.00..67604.59 rows=758052 width=4) (actual time=0.017..967.010 rows=753677 loops=1)
                          Filter: (kind_id < 3)
                          Rows Removed by Filter: 1774635
Planning time: 1.119 ms
Execution time: 60764.390 ms
