Hash Join  (cost=448026.41..546116.33 rows=31723 width=0) (actual time=5664.067..11744.883 rows=13608956 loops=1)
  Hash Cond: (mk.movie_id = t.id)
  ->  Seq Scan on movie_keyword mk  (cost=0.00..81003.12 rows=4471882 width=4) (actual time=0.022..1544.626 rows=4475978 loops=1)
        Filter: (keyword_id > 47)
        Rows Removed by Filter: 47952
  ->  Hash  (cost=447802.20..447802.20 rows=17937 width=8) (actual time=5650.062..5650.062 rows=147487 loops=1)
        Buckets: 131072 (originally 32768)  Batches: 2 (originally 1)  Memory Usage: 3921kB
        ->  Nested Loop  (cost=0.43..447802.20 rows=17937 width=8) (actual time=1690.978..5589.895 rows=147487 loops=1)
              ->  Seq Scan on movie_info mi  (cost=0.00..346232.03 rows=17937 width=4) (actual time=1690.860..4637.338 rows=147487 loops=1)
                    Filter: (info_type_id = 107)
                    Rows Removed by Filter: 14688233
              ->  Index Only Scan using title_pkey on title t  (cost=0.43..5.65 rows=1 width=4) (actual time=0.006..0.006 rows=1 loops=147487)
                    Index Cond: (id = mi.movie_id)
                    Heap Fetches: 147487
Planning time: 1.207 ms
Execution time: 13427.928 ms
