Hash Join  (cost=709678.15..1103429.82 rows=2504 width=0) (actual time=9794.542..16621.232 rows=5099 loops=1)
  Hash Cond: (mi.movie_id = t.id)
  ->  Seq Scan on movie_info mi  (cost=0.00..346232.03 rows=12665229 width=4) (actual time=0.014..5204.081 rows=12744652 loops=1)
        Filter: (info_type_id > 2)
        Rows Removed by Filter: 2091068
  ->  Hash  (cost=709671.90..709671.90 rows=500 width=8) (actual time=9633.005..9633.005 rows=1776 loops=1)
        Buckets: 2048 (originally 1024)  Batches: 1 (originally 1)  Memory Usage: 86kB
        ->  Nested Loop  (cost=0.43..709671.90 rows=500 width=8) (actual time=4062.279..9632.431 rows=1776 loops=1)
              ->  Seq Scan on cast_info ci  (cost=0.00..705507.15 rows=500 width=4) (actual time=4062.158..9309.247 rows=1776 loops=1)
                    Filter: (person_id = 3812008)
                    Rows Removed by Filter: 36242568
              ->  Index Only Scan using title_pkey on title t  (cost=0.43..8.32 rows=1 width=4) (actual time=0.181..0.181 rows=1 loops=1776)
                    Index Cond: (id = ci.movie_id)
                    Heap Fetches: 1776
Planning time: 1.348 ms
Execution time: 16622.321 ms
