Seq Scan on cast_info ci  (cost=0.00..705507.15 rows=27822126 width=0) (actual time=0.021..12067.141 rows=27873647 loops=1)
  Filter: (person_id < 2846648)
  Rows Removed by Filter: 8370697
Planning time: 0.297 ms
Execution time: 15609.924 ms
