Hash Join  (cost=1012777.78..1443404.34 rows=3120133 width=0) (actual time=19166.621..26898.196 rows=3468327 loops=1)
  Hash Cond: (mi.movie_id = t.id)
  ->  Seq Scan on movie_info mi  (cost=0.00..346232.03 rows=3068194 width=4) (actual time=606.219..5788.260 rows=3036719 loops=1)
        Filter: (info_type_id = 16)
        Rows Removed by Filter: 11799001
  ->  Hash  (cost=970591.15..970591.15 rows=2571330 width=8) (actual time=18558.637..18558.637 rows=1570225 loops=1)
        Buckets: 131072  Batches: 64  Memory Usage: 2003kB
        ->  Hash Join  (cost=102767.86..970591.15 rows=2571330 width=8) (actual time=6127.320..18112.549 rows=1570225 loops=1)
              Hash Cond: (ci.movie_id = t.id)
              ->  Seq Scan on cast_info ci  (cost=0.00..796071.18 rows=2571330 width=4) (actual time=4237.798..14584.075 rows=1570225 loops=1)
                    Filter: ((person_id < 2371256) AND (role_id = 3))
                    Rows Removed by Filter: 34674119
              ->  Hash  (cost=61283.27..61283.27 rows=2528527 width=4) (actual time=1888.282..1888.282 rows=2528312 loops=1)
                    Buckets: 131072  Batches: 64  Memory Usage: 2415kB
                    ->  Seq Scan on title t  (cost=0.00..61283.27 rows=2528527 width=4) (actual time=0.013..1035.085 rows=2528312 loops=1)
Planning time: 0.947 ms
Execution time: 27291.227 ms
