Seq Scan on cast_info ci  (cost=0.00..705507.15 rows=500 width=0) (actual time=4212.402..10580.067 rows=340 loops=1)
  Filter: (person_id = 2763193)
  Rows Removed by Filter: 36244004
Planning time: 1.091 ms
Execution time: 10580.232 ms
