Seq Scan on movie_keyword mk  (cost=0.00..81003.12 rows=246 width=0) (actual time=8.935..1227.431 rows=343 loops=1)
  Filter: (keyword_id = 26334)
  Rows Removed by Filter: 4523587
Planning time: 0.352 ms
Execution time: 1227.717 ms
