Seq Scan on cast_info ci  (cost=0.00..796071.18 rows=16932785 width=0) (actual time=0.039..11866.955 rows=13421264 loops=1)
  Filter: ((person_id < 2700863) AND (role_id > 1))
  Rows Removed by Filter: 22823080
Planning time: 0.344 ms
Execution time: 13272.934 ms
