Seq Scan on cast_info ci  (cost=0.00..705507.15 rows=27581801 width=0) (actual time=0.015..11481.324 rows=27601512 loops=1)
  Filter: (person_id < 2824592)
  Rows Removed by Filter: 8642832
Planning time: 0.750 ms
Execution time: 14728.323 ms
