Hash Join  (cost=83074.74..447745.01 rows=1434 width=0) (actual time=1140.527..6789.117 rows=27619 loops=1)
  Hash Cond: (mi.movie_id = t.id)
  ->  Seq Scan on movie_info mi  (cost=0.00..309384.22 rows=14739122 width=4) (actual time=0.017..3133.052 rows=14835720 loops=1)
  ->  Hash  (cost=83071.67..83071.67 rows=246 width=8) (actual time=1138.375..1138.375 rows=400 loops=1)
        Buckets: 1024  Batches: 1  Memory Usage: 24kB
        ->  Nested Loop  (cost=0.43..83071.67 rows=246 width=8) (actual time=0.787..1137.985 rows=400 loops=1)
              ->  Seq Scan on movie_keyword mk  (cost=0.00..81003.12 rows=246 width=4) (actual time=0.727..1124.022 rows=400 loops=1)
                    Filter: (keyword_id = 6824)
                    Rows Removed by Filter: 4523530
              ->  Index Only Scan using title_pkey on title t  (cost=0.43..8.40 rows=1 width=4) (actual time=0.032..0.033 rows=1 loops=400)
                    Index Cond: (id = mk.movie_id)
                    Heap Fetches: 400
Planning time: 1.126 ms
Execution time: 6793.469 ms
