Hash Join  (cost=73454.11..114485.44 rows=194585 width=0) (actual time=1089.531..2202.462 rows=209413 loops=1)
  Hash Cond: (mi_idx.movie_id = t.id)
  ->  Seq Scan on movie_info_idx mi_idx  (cost=0.00..21735.35 rows=1380035 width=4) (actual time=0.014..388.525 rows=1380035 loops=1)
  ->  Hash  (cost=67604.59..67604.59 rows=356522 width=4) (actual time=1088.253..1088.253 rows=352081 loops=1)
        Buckets: 131072  Batches: 8  Memory Usage: 2565kB
        ->  Seq Scan on title t  (cost=0.00..67604.59 rows=356522 width=4) (actual time=0.022..971.481 rows=352081 loops=1)
              Filter: (production_year < 1969)
              Rows Removed by Filter: 2176231
Planning time: 0.694 ms
Execution time: 2230.675 ms
