Hash Join  (cost=222461.88..715410.46 rows=4752289 width=0) (actual time=6746.416..17541.556 rows=11062053 loops=1)
  Hash Cond: (mi.movie_id = t.id)
  ->  Seq Scan on movie_info mi  (cost=0.00..346232.03 rows=7235534 width=4) (actual time=1498.228..5520.849 rows=7286865 loops=1)
        Filter: (info_type_id < 8)
        Rows Removed by Filter: 7548855
  ->  Hash  (cost=195214.71..195214.71 rows=1660733 width=8) (actual time=5245.738..5245.738 rows=1369982 loops=1)
        Buckets: 131072  Batches: 32  Memory Usage: 2734kB
        ->  Hash Join  (cost=94009.45..195214.71 rows=1660733 width=8) (actual time=1623.297..4761.122 rows=1369982 loops=1)
              Hash Cond: (mc.movie_id = t.id)
              ->  Seq Scan on movie_companies mc  (cost=0.00..44881.29 rows=2609129 width=4) (actual time=0.040..835.735 rows=2609129 loops=1)
              ->  Hash  (cost=67604.59..67604.59 rows=1609429 width=4) (actual time=1621.915..1621.915 rows=1607077 loops=1)
                    Buckets: 131072  Batches: 32  Memory Usage: 2791kB
                    ->  Seq Scan on title t  (cost=0.00..67604.59 rows=1609429 width=4) (actual time=0.028..1101.253 rows=1607077 loops=1)
                          Filter: (production_year > 1995)
                          Rows Removed by Filter: 921235
Planning time: 1.207 ms
Execution time: 18665.067 ms
