Hash Join  (cost=92883.59..929883.92 rows=1125179 width=0) (actual time=10740.921..15879.696 rows=918009 loops=1)
  Hash Cond: (ci.movie_id = t.id)
  ->  Seq Scan on cast_info ci  (cost=0.00..796071.18 rows=1846473 width=4) (actual time=9152.904..12463.304 rows=1395449 loops=1)
        Filter: ((person_id < 2506254) AND (role_id = 4))
        Rows Removed by Filter: 34848895
  ->  Hash  (cost=67604.59..67604.59 rows=1540800 width=4) (actual time=1586.338..1586.338 rows=1543264 loops=1)
        Buckets: 131072  Batches: 32  Memory Usage: 2722kB
        ->  Seq Scan on title t  (cost=0.00..67604.59 rows=1540800 width=4) (actual time=0.025..1077.197 rows=1543264 loops=1)
              Filter: (kind_id = 7)
              Rows Removed by Filter: 985048
Planning time: 0.786 ms
Execution time: 15982.323 ms
