Seq Scan on movie_keyword mk  (cost=0.00..81003.12 rows=246 width=0) (actual time=6.683..1246.659 rows=139 loops=1)
  Filter: (keyword_id = 10687)
  Rows Removed by Filter: 4523791
Planning time: 8.413 ms
Execution time: 1247.058 ms
