Hash Join  (cost=310871.35..1262069.31 rows=10521604 width=0) (actual time=7360.328..33123.689 rows=36081240 loops=1)
  Hash Cond: (ci.movie_id = t.id)
  ->  Seq Scan on cast_info ci  (cost=0.00..705507.15 rows=9184604 width=4) (actual time=0.025..11726.035 rows=9046148 loops=1)
        Filter: (person_id < 890466)
        Rows Removed by Filter: 27198196
  ->  Hash  (cost=263348.80..263348.80 rows=2896604 width=8) (actual time=7358.626..7358.626 rows=2885704 loops=1)
        Buckets: 131072  Batches: 64  Memory Usage: 2804kB
        ->  Hash Join  (cost=102767.86..263348.80 rows=2896604 width=8) (actual time=1782.242..6591.845 rows=2885704 loops=1)
              Hash Cond: (mk.movie_id = t.id)
              ->  Seq Scan on movie_keyword mk  (cost=0.00..81003.12 rows=2896604 width=4) (actual time=0.024..1548.429 rows=2885704 loops=1)
                    Filter: (keyword_id < 9041)
                    Rows Removed by Filter: 1638226
              ->  Hash  (cost=61283.27..61283.27 rows=2528527 width=4) (actual time=1779.621..1779.621 rows=2528312 loops=1)
                    Buckets: 131072  Batches: 64  Memory Usage: 2425kB
                    ->  Seq Scan on title t  (cost=0.00..61283.27 rows=2528527 width=4) (actual time=0.013..931.592 rows=2528312 loops=1)
Planning time: 1.133 ms
Execution time: 37172.843 ms
