Seq Scan on movie_keyword mk  (cost=0.00..81003.12 rows=246 width=0) (actual time=3.375..1143.729 rows=1712 loops=1)
  Filter: (keyword_id = 2935)
  Rows Removed by Filter: 4522218
Planning time: 0.330 ms
Execution time: 1144.309 ms
