Hash Join  (cost=102767.86..1038543.57 rows=5395356 width=0) (actual time=13897.971..46918.683 rows=7451973 loops=1)
  Hash Cond: (ci.movie_id = t.id)
  ->  Seq Scan on cast_info ci  (cost=0.00..796071.18 rows=5395356 width=4) (actual time=9635.272..34734.166 rows=7451973 loops=1)
        Filter: ((person_id < 2761456) AND (role_id = 2))
        Rows Removed by Filter: 28792371
  ->  Hash  (cost=61283.27..61283.27 rows=2528527 width=4) (actual time=4260.738..4260.738 rows=2528312 loops=1)
        Buckets: 131072  Batches: 64  Memory Usage: 2415kB
        ->  Seq Scan on title t  (cost=0.00..61283.27 rows=2528527 width=4) (actual time=0.024..3285.687 rows=2528312 loops=1)
Planning time: 0.518 ms
Execution time: 47964.969 ms
