Seq Scan on movie_keyword mk  (cost=0.00..81003.12 rows=246 width=0) (actual time=0.091..1184.287 rows=600 loops=1)
  Filter: (keyword_id = 3761)
  Rows Removed by Filter: 4523330
Planning time: 0.264 ms
Execution time: 1184.575 ms
