Hash Join  (cost=271306.68..824299.60 rows=7412377 width=0) (actual time=6481.537..35884.784 rows=84394242 loops=1)
  Hash Cond: (mi.movie_id = t.id)
  ->  Seq Scan on movie_info mi  (cost=0.00..346232.03 rows=9767026 width=4) (actual time=336.809..6411.636 rows=9911754 loops=1)
        Filter: (info_type_id > 4)
        Rows Removed by Filter: 4923966
  ->  Hash  (cost=239823.86..239823.86 rows=1918946 width=8) (actual time=6143.849..6143.849 rows=1936064 loops=1)
        Buckets: 131072  Batches: 32  Memory Usage: 3454kB
        ->  Hash Join  (cost=102767.86..239823.86 rows=1918946 width=8) (actual time=1965.217..5556.807 rows=1936064 loops=1)
              Hash Cond: (mk.movie_id = t.id)
              ->  Seq Scan on movie_keyword mk  (cost=0.00..81003.12 rows=1918946 width=4) (actual time=0.039..1599.397 rows=1936064 loops=1)
                    Filter: (keyword_id < 3328)
                    Rows Removed by Filter: 2587866
              ->  Hash  (cost=61283.27..61283.27 rows=2528527 width=4) (actual time=1964.011..1964.011 rows=2528312 loops=1)
                    Buckets: 131072  Batches: 64  Memory Usage: 2425kB
                    ->  Seq Scan on title t  (cost=0.00..61283.27 rows=2528527 width=4) (actual time=0.026..1104.025 rows=2528312 loops=1)
Planning time: 0.740 ms
Execution time: 45079.171 ms
