Hash Join  (cost=135058.39..1223080.22 rows=5277866 width=0) (actual time=5057.488..59241.260 rows=7246344 loops=1)
  Hash Cond: (ci.movie_id = t.id)
  ->  Seq Scan on cast_info ci  (cost=0.00..614943.12 rows=36225612 width=4) (actual time=0.013..34093.517 rows=36244344 loops=1)
  ->  Hash  (cost=129013.49..129013.49 rows=368392 width=8) (actual time=5056.744..5056.744 rows=173847 loops=1)
        Buckets: 131072  Batches: 8  Memory Usage: 1866kB
        ->  Hash Join  (cost=85000.09..129013.49 rows=368392 width=8) (actual time=3672.073..4995.146 rows=173847 loops=1)
              Hash Cond: (mi_idx.movie_id = t.id)
              ->  Seq Scan on movie_info_idx mi_idx  (cost=0.00..21735.35 rows=1380035 width=4) (actual time=0.024..1168.367 rows=1380035 loops=1)
              ->  Hash  (cost=73925.90..73925.90 rows=674975 width=4) (actual time=3019.938..3019.938 rows=739679 loops=1)
                    Buckets: 131072  Batches: 16  Memory Usage: 2654kB
                    ->  Seq Scan on title t  (cost=0.00..73925.90 rows=674975 width=4) (actual time=0.021..2770.285 rows=739679 loops=1)
                          Filter: ((production_year > 2004) AND (kind_id = 7))
                          Rows Removed by Filter: 1788633
Planning time: 1.046 ms
Execution time: 60125.251 ms
