Hash Join  (cost=491650.71..1504515.13 rows=4633605 width=0) (actual time=7542.067..34347.524 rows=7675262 loops=1)
  Hash Cond: (ci.movie_id = t.id)
  ->  Seq Scan on cast_info ci  (cost=0.00..796071.18 rows=14468583 width=4) (actual time=0.020..15807.191 rows=17035857 loops=1)
        Filter: ((person_id < 1950043) AND (role_id < 5))
        Rows Removed by Filter: 19208487
  ->  Hash  (cost=478364.61..478364.61 rows=809768 width=8) (actual time=7541.198..7541.198 rows=802140 loops=1)
        Buckets: 131072  Batches: 16  Memory Usage: 2973kB
        ->  Hash Join  (cost=102767.86..478364.61 rows=809768 width=8) (actual time=5024.583..7313.703 rows=802140 loops=1)
              Hash Cond: (mi.movie_id = t.id)
              ->  Seq Scan on movie_info mi  (cost=0.00..346232.03 rows=809768 width=4) (actual time=3156.780..4045.322 rows=802140 loops=1)
                    Filter: (info_type_id < 2)
                    Rows Removed by Filter: 14033580
              ->  Hash  (cost=61283.27..61283.27 rows=2528527 width=4) (actual time=1866.659..1866.659 rows=2528312 loops=1)
                    Buckets: 131072  Batches: 64  Memory Usage: 2425kB
                    ->  Seq Scan on title t  (cost=0.00..61283.27 rows=2528527 width=4) (actual time=0.031..1009.049 rows=2528312 loops=1)
Planning time: 1.143 ms
Execution time: 35237.114 ms
