Hash Join  (cost=150949.19..264662.70 rows=528721 width=0) (actual time=4170.091..6133.911 rows=457290 loops=1)
  Hash Cond: (mk.movie_id = t.id)
  ->  Seq Scan on movie_keyword mk  (cost=0.00..81003.12 rows=2162711 width=4) (actual time=0.018..1584.087 rows=2159727 loops=1)
        Filter: (keyword_id > 5329)
        Rows Removed by Filter: 2364203
  ->  Hash  (cost=140807.29..140807.29 rows=618152 width=8) (actual time=3496.391..3496.391 rows=333258 loops=1)
        Buckets: 131072  Batches: 16  Memory Usage: 1852kB
        ->  Hash Join  (cost=92508.29..140807.29 rows=618152 width=8) (actual time=2325.409..3392.757 rows=333258 loops=1)
              Hash Cond: (mi_idx.movie_id = t.id)
              ->  Seq Scan on movie_info_idx mi_idx  (cost=0.00..21735.35 rows=1380035 width=4) (actual time=0.024..487.521 rows=1380035 loops=1)
              ->  Hash  (cost=73925.90..73925.90 rows=1132591 width=4) (actual time=1943.497..1943.497 rows=1224674 loops=1)
                    Buckets: 131072  Batches: 16  Memory Usage: 3727kB
                    ->  Seq Scan on title t  (cost=0.00..73925.90 rows=1132591 width=4) (actual time=0.037..1565.180 rows=1224674 loops=1)
                          Filter: ((production_year > 1985) AND (kind_id = 7))
                          Rows Removed by Filter: 1303638
Planning time: 1.160 ms
Execution time: 6189.122 ms
