Hash Join  (cost=202720.00..1387409.02 rows=14688086 width=0) (actual time=4278.567..45968.583 rows=26572884 loops=1)
  Hash Cond: (ci.movie_id = t.id)
  ->  Seq Scan on cast_info ci  (cost=0.00..614943.12 rows=36225612 width=4) (actual time=0.020..12827.371 rows=36244344 loops=1)
  ->  Hash  (cost=185899.75..185899.75 rows=1025220 width=8) (actual time=4277.426..4277.426 rows=910786 loops=1)
        Buckets: 131072  Batches: 16  Memory Usage: 3245kB
        ->  Hash Join  (cost=99591.38..185899.75 rows=1025220 width=8) (actual time=1806.152..4008.134 rows=910786 loops=1)
              Hash Cond: (mc.movie_id = t.id)
              ->  Seq Scan on movie_companies mc  (cost=0.00..51404.11 rows=1329612 width=4) (actual time=0.024..939.335 rows=1334883 loops=1)
                    Filter: (company_type_id > 1)
                    Rows Removed by Filter: 1274246
              ->  Hash  (cost=67604.59..67604.59 rows=1949663 width=4) (actual time=1805.307..1805.307 rows=1947263 loops=1)
                    Buckets: 131072  Batches: 32  Memory Usage: 3171kB
                    ->  Seq Scan on title t  (cost=0.00..67604.59 rows=1949663 width=4) (actual time=0.018..1193.190 rows=1947263 loops=1)
                          Filter: (production_year > 1979)
                          Rows Removed by Filter: 581049
Planning time: 12.954 ms
Execution time: 49090.124 ms
