Seq Scan on cast_info ci  (cost=0.00..796071.18 rows=1966810 width=0) (actual time=716.611..12129.847 rows=1158062 loops=1)
  Filter: ((person_id < 557710) AND (role_id > 3))
  Rows Removed by Filter: 35086282
Planning time: 0.344 ms
Execution time: 12284.631 ms
