Hash Join  (cost=102767.86..181560.25 rows=727648 width=0) (actual time=2096.305..4053.749 rows=719447 loops=1)
  Hash Cond: (mc.movie_id = t.id)
  ->  Seq Scan on movie_companies mc  (cost=0.00..51404.11 rows=727648 width=4) (actual time=0.027..964.895 rows=719447 loops=1)
        Filter: (company_id < 1402)
        Rows Removed by Filter: 1889682
  ->  Hash  (cost=61283.27..61283.27 rows=2528527 width=4) (actual time=2094.883..2094.883 rows=2528312 loops=1)
        Buckets: 131072  Batches: 64  Memory Usage: 2415kB
        ->  Seq Scan on title t  (cost=0.00..61283.27 rows=2528527 width=4) (actual time=0.009..1234.768 rows=2528312 loops=1)
Planning time: 0.699 ms
Execution time: 4137.261 ms
