Seq Scan on movie_companies mc  (cost=0.00..57926.93 rows=53 width=0) (actual time=205.439..840.423 rows=493 loops=1)
  Filter: ((company_type_id > 1) AND (company_id = 12832))
  Rows Removed by Filter: 2608636
Planning time: 0.383 ms
Execution time: 840.670 ms
