Hash Join  (cost=102767.86..184955.65 rows=597714 width=0) (actual time=2603.472..4644.369 rows=806416 loops=1)
  Hash Cond: (mc.movie_id = t.id)
  ->  Seq Scan on movie_companies mc  (cost=0.00..57926.93 rows=597714 width=4) (actual time=0.023..1066.296 rows=806416 loops=1)
        Filter: ((company_id < 11135) AND (company_type_id = 1))
        Rows Removed by Filter: 1802713
  ->  Hash  (cost=61283.27..61283.27 rows=2528527 width=4) (actual time=2602.531..2602.531 rows=2528312 loops=1)
        Buckets: 131072  Batches: 64  Memory Usage: 2415kB
        ->  Seq Scan on title t  (cost=0.00..61283.27 rows=2528527 width=4) (actual time=0.016..1093.618 rows=2528312 loops=1)
Planning time: 0.525 ms
Execution time: 4731.353 ms
