Hash Join  (cost=73946.92..133744.76 rows=331 width=0) (actual time=1489.981..1866.748 rows=999 loops=1)
  Hash Cond: (mc.movie_id = t.id)
  ->  Seq Scan on movie_companies mc  (cost=0.00..57926.93 rows=498027 width=4) (actual time=0.033..844.365 rows=291671 loops=1)
        Filter: ((company_id < 4337) AND (company_type_id > 1))
        Rows Removed by Filter: 2317458
  ->  Hash  (cost=73925.90..73925.90 rows=1681 width=4) (actual time=975.297..975.297 rows=2018 loops=1)
        Buckets: 2048  Batches: 1  Memory Usage: 87kB
        ->  Seq Scan on title t  (cost=0.00..73925.90 rows=1681 width=4) (actual time=40.264..974.050 rows=2018 loops=1)
              Filter: ((kind_id = 2) AND (production_year = 1998))
              Rows Removed by Filter: 2526294
Planning time: 3.672 ms
Execution time: 1867.044 ms
