Hash Join  (cost=102602.93..900618.38 rows=215 width=0) (actual time=9964.070..13820.013 rows=2342 loops=1)
  Hash Cond: (ci.movie_id = t.id)
  ->  Seq Scan on cast_info ci  (cost=0.00..796071.18 rows=517897 width=4) (actual time=8147.382..11911.711 rows=473393 loops=1)
        Filter: ((person_id < 656470) AND (role_id = 4))
        Rows Removed by Filter: 35770951
  ->  Hash  (cost=102589.79..102589.79 rows=1051 width=8) (actual time=1816.365..1816.365 rows=7724 loops=1)
        Buckets: 8192 (originally 2048)  Batches: 1 (originally 1)  Memory Usage: 366kB
        ->  Hash Join  (cost=73962.22..102589.79 rows=1051 width=8) (actual time=1148.378..1813.130 rows=7724 loops=1)
              Hash Cond: (mi_idx.movie_id = t.id)
              ->  Seq Scan on movie_info_idx mi_idx  (cost=0.00..25185.44 rows=915101 width=4) (actual time=0.020..498.706 rows=919850 loops=1)
                    Filter: (info_type_id < 101)
                    Rows Removed by Filter: 460185
              ->  Hash  (cost=73925.90..73925.90 rows=2905 width=4) (actual time=1148.267..1148.267 rows=9474 loops=1)
                    Buckets: 16384 (originally 4096)  Batches: 1 (originally 1)  Memory Usage: 462kB
                    ->  Seq Scan on title t  (cost=0.00..73925.90 rows=2905 width=4) (actual time=0.419..1143.611 rows=9474 loops=1)
                          Filter: ((kind_id < 7) AND (production_year = 1991))
                          Rows Removed by Filter: 2518838
Planning time: 1.234 ms
Execution time: 13820.864 ms
