Seq Scan on movie_companies mc  (cost=0.00..51404.11 rows=1568472 width=0) (actual time=0.018..2691.809 rows=1559580 loops=1)
  Filter: (company_id < 14972)
  Rows Removed by Filter: 1049549
Planning time: 0.363 ms
Execution time: 2919.502 ms
