Seq Scan on movie_companies mc  (cost=0.00..51404.11 rows=1203692 width=0) (actual time=0.031..920.821 rows=1214286 loops=1)
  Filter: (company_id > 12123)
  Rows Removed by Filter: 1394843
Planning time: 0.225 ms
Execution time: 1072.041 ms
