Hash Join  (cost=73962.22..128657.72 rows=2998 width=0) (actual time=1090.988..2257.167 rows=18505 loops=1)
  Hash Cond: (mc.movie_id = t.id)
  ->  Seq Scan on movie_companies mc  (cost=0.00..44881.29 rows=2609129 width=4) (actual time=0.029..610.767 rows=2609129 loops=1)
  ->  Hash  (cost=73925.90..73925.90 rows=2905 width=4) (actual time=1090.882..1090.882 rows=9408 loops=1)
        Buckets: 16384 (originally 4096)  Batches: 1 (originally 1)  Memory Usage: 459kB
        ->  Seq Scan on title t  (cost=0.00..73925.90 rows=2905 width=4) (actual time=0.225..1086.577 rows=9408 loops=1)
              Filter: ((kind_id < 7) AND (production_year = 1990))
              Rows Removed by Filter: 2518904
Planning time: 0.725 ms
Execution time: 2260.267 ms
