Seq Scan on cast_info ci  (cost=0.00..796071.18 rows=832190 width=0) (actual time=7084.106..13251.447 rows=898542 loops=1)
  Filter: ((person_id > 1869470) AND (role_id = 8))
  Rows Removed by Filter: 35345802
Planning time: 0.377 ms
Execution time: 13370.784 ms
