Hash Join  (cost=124015.17..215181.74 rows=20675 width=0) (actual time=2408.705..4391.062 rows=106616 loops=1)
  Hash Cond: (mk.movie_id = t.id)
  ->  Seq Scan on movie_keyword mk  (cost=0.00..81003.12 rows=2655120 width=4) (actual time=0.024..1524.940 rows=2646946 loops=1)
        Filter: (keyword_id < 7313)
        Rows Removed by Filter: 1876984
  ->  Hash  (cost=123769.06..123769.06 rows=19689 width=8) (actual time=2408.259..2408.259 rows=15489 loops=1)
        Buckets: 32768  Batches: 1  Memory Usage: 862kB
        ->  Hash Join  (cost=68191.41..123769.06 rows=19689 width=8) (actual time=1132.217..2401.442 rows=15489 loops=1)
              Hash Cond: (mc.movie_id = t.id)
              ->  Seq Scan on movie_companies mc  (cost=0.00..51404.11 rows=1060438 width=4) (actual time=10.856..975.857 rows=1070908 loops=1)
                    Filter: (company_id > 14490)
                    Rows Removed by Filter: 1538221
              ->  Hash  (cost=67604.59..67604.59 rows=46946 width=4) (actual time=1120.730..1120.730 rows=46583 loops=1)
                    Buckets: 65536  Batches: 1  Memory Usage: 2150kB
                    ->  Seq Scan on title t  (cost=0.00..67604.59 rows=46946 width=4) (actual time=0.030..1100.669 rows=46583 loops=1)
                          Filter: (production_year = 1998)
                          Rows Removed by Filter: 2481729
Planning time: 1.074 ms
Execution time: 4405.122 ms
