Nested Loop  (cost=0.43..797957.66 rows=224 width=0) (actual time=13325.044..14206.471 rows=1 loops=1)
  ->  Seq Scan on cast_info ci  (cost=0.00..796071.18 rows=224 width=4) (actual time=13324.943..14206.366 rows=1 loops=1)
        Filter: ((role_id > 2) AND (person_id = 2638274))
        Rows Removed by Filter: 36244343
  ->  Index Only Scan using title_pkey on title t  (cost=0.43..8.41 rows=1 width=4) (actual time=0.076..0.078 rows=1 loops=1)
        Index Cond: (id = ci.movie_id)
        Heap Fetches: 1
Planning time: 0.564 ms
Execution time: 14206.540 ms
