Hash Join  (cost=79111.30..174232.44 rows=125665 width=0) (actual time=1304.257..3339.152 rows=420324 loops=1)
  Hash Cond: (mk.movie_id = t.id)
  ->  Seq Scan on movie_keyword mk  (cost=0.00..81003.12 rows=1005430 width=4) (actual time=0.029..1403.850 rows=1009036 loops=1)
        Filter: (keyword_id < 975)
        Rows Removed by Filter: 3514894
  ->  Hash  (cost=73925.90..73925.90 rows=316032 width=4) (actual time=1303.409..1303.409 rows=400740 loops=1)
        Buckets: 131072  Batches: 8  Memory Usage: 2801kB
        ->  Seq Scan on title t  (cost=0.00..73925.90 rows=316032 width=4) (actual time=0.018..1164.477 rows=400740 loops=1)
              Filter: ((production_year < 2003) AND (kind_id = 1))
              Rows Removed by Filter: 2127572
Planning time: 11.805 ms
Execution time: 3390.948 ms
