Hash Join  (cost=81573.24..1002306.38 rows=2934424 width=0) (actual time=1398.957..23035.760 rows=2660318 loops=1)
  Hash Cond: (ci.movie_id = t.id)
  ->  Seq Scan on cast_info ci  (cost=0.00..705507.15 rows=15918598 width=4) (actual time=0.023..13714.009 rows=15816470 loops=1)
        Filter: (person_id < 1563015)
        Rows Removed by Filter: 20427874
  ->  Hash  (cost=73925.90..73925.90 rows=466107 width=4) (actual time=1398.055..1398.055 rows=396359 loops=1)
        Buckets: 131072  Batches: 8  Memory Usage: 2762kB
        ->  Seq Scan on title t  (cost=0.00..73925.90 rows=466107 width=4) (actual time=0.012..1268.285 rows=396359 loops=1)
              Filter: ((kind_id < 7) AND (production_year > 2003))
              Rows Removed by Filter: 2131953
Planning time: 5.412 ms
Execution time: 23338.841 ms
