Seq Scan on movie_keyword mk  (cost=0.00..81003.12 rows=4212690 width=0) (actual time=0.022..1643.198 rows=4189933 loops=1)
  Filter: (keyword_id > 272)
  Rows Removed by Filter: 333997
Planning time: 0.295 ms
Execution time: 2162.363 ms
