Hash Join  (cost=107945.60..845477.16 rows=185107 width=0) (actual time=2430.154..16781.281 rows=406704 loops=1)
  Hash Cond: (ci.movie_id = t.id)
  ->  Seq Scan on cast_info ci  (cost=0.00..705507.15 rows=8046224 width=4) (actual time=0.124..12050.490 rows=8015942 loops=1)
        Filter: (person_id > 2878667)
        Rows Removed by Filter: 28228402
  ->  Hash  (cost=107218.48..107218.48 rows=58170 width=8) (actual time=2429.563..2429.563 rows=41366 loops=1)
        Buckets: 65536  Batches: 1  Memory Usage: 2128kB
        ->  Hash Join  (cost=70241.71..107218.48 rows=58170 width=8) (actual time=1199.998..2417.663 rows=41366 loops=1)
              Hash Cond: (mi_idx.movie_id = t.id)
              ->  Seq Scan on movie_info_idx mi_idx  (cost=0.00..25185.44 rows=915101 width=4) (actual time=0.023..580.444 rows=919850 loops=1)
                    Filter: (info_type_id < 101)
                    Rows Removed by Filter: 460185
              ->  Hash  (cost=67604.59..67604.59 rows=160730 width=4) (actual time=1198.646..1198.646 rows=160017 loops=1)
                    Buckets: 131072  Batches: 4  Memory Usage: 2436kB
                    ->  Seq Scan on title t  (cost=0.00..67604.59 rows=160730 width=4) (actual time=0.030..1142.945 rows=160017 loops=1)
                          Filter: (production_year = 2011)
                          Rows Removed by Filter: 2368295
Planning time: 1.190 ms
Execution time: 16835.193 ms
