Hash Join  (cost=73990.99..447505.27 rows=14900 width=0) (actual time=2396.711..7892.734 rows=501 loops=1)
  Hash Cond: (mi.movie_id = t.id)
  ->  Seq Scan on movie_info mi  (cost=0.00..346232.03 rows=7235534 width=4) (actual time=740.367..5818.347 rows=7286865 loops=1)
        Filter: (info_type_id < 8)
        Rows Removed by Filter: 7548855
  ->  Hash  (cost=73925.90..73925.90 rows=5207 width=4) (actual time=1092.977..1092.977 rows=124 loops=1)
        Buckets: 8192  Batches: 1  Memory Usage: 69kB
        ->  Seq Scan on title t  (cost=0.00..73925.90 rows=5207 width=4) (actual time=85.180..1092.799 rows=124 loops=1)
              Filter: ((kind_id > 2) AND (production_year = 1939))
              Rows Removed by Filter: 2528188
Planning time: 1.782 ms
Execution time: 7893.097 ms
