Hash Join  (cost=83072.91..137738.45 rows=1 width=0) (actual time=1314.270..2174.936 rows=33 loops=1)
  Hash Cond: (mc.movie_id = t.id)
  ->  Seq Scan on movie_companies mc  (cost=0.00..44881.29 rows=2609129 width=4) (actual time=0.018..498.948 rows=2609129 loops=1)
  ->  Hash  (cost=83072.90..83072.90 rows=1 width=8) (actual time=1284.992..1284.992 rows=2 loops=1)
        Buckets: 1024  Batches: 1  Memory Usage: 9kB
        ->  Nested Loop  (cost=0.43..83072.90 rows=1 width=8) (actual time=504.581..1284.975 rows=2 loops=1)
              ->  Seq Scan on movie_keyword mk  (cost=0.00..81003.12 rows=246 width=4) (actual time=7.501..1277.299 rows=166 loops=1)
                    Filter: (keyword_id = 11598)
                    Rows Removed by Filter: 4523764
              ->  Index Scan using title_pkey on title t  (cost=0.43..8.40 rows=1 width=4) (actual time=0.044..0.044 rows=0 loops=166)
                    Index Cond: (id = mk.movie_id)
                    Filter: ((kind_id = 1) AND (production_year = 1999))
                    Rows Removed by Filter: 1
Planning time: 2.217 ms
Execution time: 2175.098 ms
