Hash Join  (cost=208196.66..724342.54 rows=3405692 width=0) (actual time=4415.609..16352.224 rows=1522345 loops=1)
  Hash Cond: (mi.movie_id = t.id)
  ->  Seq Scan on movie_info mi  (cost=0.00..309384.22 rows=14739122 width=4) (actual time=0.014..5835.982 rows=14835720 loops=1)
  ->  Hash  (cost=198610.49..198610.49 rows=584254 width=8) (actual time=4160.853..4160.853 rows=152634 loops=1)
        Buckets: 131072  Batches: 8  Memory Usage: 1781kB
        ->  Hash Join  (cost=86534.07..198610.49 rows=584254 width=8) (actual time=3206.165..4112.088 rows=152634 loops=1)
              Hash Cond: (mk.movie_id = t.id)
              ->  Seq Scan on movie_keyword mk  (cost=0.00..81003.12 rows=1922335 width=4) (actual time=0.011..1552.987 rows=1939647 loops=1)
                    Filter: (keyword_id < 3338)
                    Rows Removed by Filter: 2584283
              ->  Hash  (cost=73925.90..73925.90 rows=768493 width=4) (actual time=1553.818..1553.818 rows=840010 loops=1)
                    Buckets: 131072  Batches: 16  Memory Usage: 2883kB
                    ->  Seq Scan on title t  (cost=0.00..73925.90 rows=768493 width=4) (actual time=0.023..1280.601 rows=840010 loops=1)
                          Filter: ((production_year > 2002) AND (kind_id = 7))
                          Rows Removed by Filter: 1688302
Planning time: 0.800 ms
Execution time: 16520.726 ms
