Hash Join  (cost=74440.79..129531.36 rows=42504 width=0) (actual time=4336.225..6869.140 rows=14427 loops=1)
  Hash Cond: (mc.movie_id = t.id)
  ->  Seq Scan on movie_companies mc  (cost=0.00..44881.29 rows=2609129 width=4) (actual time=0.014..2363.263 rows=2609129 loops=1)
  ->  Hash  (cost=73925.90..73925.90 rows=41191 width=4) (actual time=3744.384..3744.384 rows=43851 loops=1)
        Buckets: 65536  Batches: 1  Memory Usage: 2054kB
        ->  Seq Scan on title t  (cost=0.00..73925.90 rows=41191 width=4) (actual time=0.058..3723.394 rows=43851 loops=1)
              Filter: ((kind_id = 7) AND (production_year = 2003))
              Rows Removed by Filter: 2484461
Planning time: 0.682 ms
Execution time: 6871.366 ms
