Hash Join  (cost=74547.77..892959.70 rows=111372 width=0) (actual time=1112.075..15069.708 rows=51124 loops=1)
  Hash Cond: (ci.movie_id = t.id)
  ->  Seq Scan on cast_info ci  (cost=0.00..796071.18 rows=5660543 width=4) (actual time=0.014..13194.220 rows=2398859 loops=1)
        Filter: ((person_id < 846641) AND (role_id > 1))
        Rows Removed by Filter: 33845485
  ->  Hash  (cost=73925.90..73925.90 rows=49749 width=4) (actual time=1111.679..1111.679 rows=44012 loops=1)
        Buckets: 65536  Batches: 1  Memory Usage: 2060kB
        ->  Seq Scan on title t  (cost=0.00..73925.90 rows=49749 width=4) (actual time=0.205..1093.283 rows=44012 loops=1)
              Filter: ((kind_id < 7) AND (production_year = 2009))
              Rows Removed by Filter: 2484300
Planning time: 0.757 ms
Execution time: 15078.667 ms
