Hash Join  (cost=102767.86..1237376.67 rows=17422256 width=0) (actual time=2090.674..31302.369 rows=17547563 loops=1)
  Hash Cond: (ci.movie_id = t.id)
  ->  Seq Scan on cast_info ci  (cost=0.00..705507.15 rows=17422256 width=4) (actual time=0.023..14479.527 rows=17547563 loops=1)
        Filter: (person_id > 1862677)
        Rows Removed by Filter: 18696781
  ->  Hash  (cost=61283.27..61283.27 rows=2528527 width=4) (actual time=2089.137..2089.137 rows=2528312 loops=1)
        Buckets: 131072  Batches: 64  Memory Usage: 2415kB
        ->  Seq Scan on title t  (cost=0.00..61283.27 rows=2528527 width=4) (actual time=0.021..1239.181 rows=2528312 loops=1)
Planning time: 2.667 ms
Execution time: 33230.221 ms
