Hash Join  (cost=102767.86..975434.37 rows=2772636 width=0) (actual time=14552.375..18206.315 rows=1639594 loops=1)
  Hash Cond: (ci.movie_id = t.id)
  ->  Seq Scan on cast_info ci  (cost=0.00..796071.18 rows=2772636 width=4) (actual time=12651.942..14626.897 rows=1639594 loops=1)
        Filter: ((person_id < 2593465) AND (role_id = 3))
        Rows Removed by Filter: 34604750
  ->  Hash  (cost=61283.27..61283.27 rows=2528527 width=4) (actual time=1899.261..1899.261 rows=2528312 loops=1)
        Buckets: 131072  Batches: 64  Memory Usage: 2415kB
        ->  Seq Scan on title t  (cost=0.00..61283.27 rows=2528527 width=4) (actual time=0.016..1069.895 rows=2528312 loops=1)
Planning time: 0.752 ms
Execution time: 18394.962 ms
