Seq Scan on movie_keyword mk  (cost=0.00..81003.12 rows=356222 width=0) (actual time=0.022..1275.720 rows=353886 loops=1)
  Filter: (keyword_id > 47155)
  Rows Removed by Filter: 4170044
Planning time: 0.298 ms
Execution time: 1322.028 ms
