Hash Join  (cost=135235.42..200427.79 rows=52001 width=0) (actual time=2937.881..4063.840 rows=48013 loops=1)
  Hash Cond: (mc.movie_id = t.id)
  ->  Seq Scan on movie_companies mc  (cost=0.00..57926.93 rows=493181 width=4) (actual time=0.027..999.779 rows=190337 loops=1)
        Filter: ((company_id > 16210) AND (company_type_id < 2))
        Rows Removed by Filter: 2418792
  ->  Hash  (cost=130860.80..130860.80 rows=266609 width=8) (actual time=2937.108..2937.108 rows=243300 loops=1)
        Buckets: 131072  Batches: 4  Memory Usage: 3396kB
        ->  Hash Join  (cost=91959.31..130860.80 rows=266609 width=8) (actual time=1822.292..2859.911 rows=243300 loops=1)
              Hash Cond: (mi_idx.movie_id = t.id)
              ->  Seq Scan on movie_info_idx mi_idx  (cost=0.00..25185.44 rows=454124 width=4) (actual time=0.019..454.239 rows=459925 loops=1)
                    Filter: (info_type_id = 100)
                    Rows Removed by Filter: 920110
              ->  Hash  (cost=67604.59..67604.59 rows=1484458 width=4) (actual time=1821.241..1821.241 rows=1485030 loops=1)
                    Buckets: 131072  Batches: 32  Memory Usage: 2655kB
                    ->  Seq Scan on title t  (cost=0.00..67604.59 rows=1484458 width=4) (actual time=0.015..1339.321 rows=1485030 loops=1)
                          Filter: (production_year > 1998)
                          Rows Removed by Filter: 1043282
Planning time: 1.147 ms
Execution time: 4070.014 ms
