Seq Scan on movie_companies mc  (cost=0.00..51404.11 rows=104 width=0) (actual time=256.021..692.643 rows=13 loops=1)
  Filter: (company_id = 90279)
  Rows Removed by Filter: 2609116
Planning time: 0.348 ms
Execution time: 692.732 ms
