Seq Scan on movie_keyword mk  (cost=0.00..81003.12 rows=3923843 width=0) (actual time=0.026..1564.167 rows=3920240 loops=1)
  Filter: (keyword_id < 30576)
  Rows Removed by Filter: 603690
Planning time: 0.330 ms
Execution time: 2038.404 ms
