Hash Join  (cost=187297.78..551938.11 rows=207951 width=0) (actual time=6259.303..10523.583 rows=719835 loops=1)
  Hash Cond: (mi.movie_id = t.id)
  ->  Seq Scan on movie_info mi  (cost=0.00..346232.03 rows=1272478 width=4) (actual time=2009.034..5227.453 rows=1325361 loops=1)
        Filter: (info_type_id = 8)
        Rows Removed by Filter: 13510359
  ->  Hash  (cost=180517.57..180517.57 rows=413217 width=8) (actual time=4249.185..4249.185 rows=738406 loops=1)
        Buckets: 131072 (originally 131072)  Batches: 16 (originally 8)  Memory Usage: 3073kB
        ->  Hash Join  (cost=102767.86..180517.57 rows=413217 width=8) (actual time=1953.054..4034.386 rows=738406 loops=1)
              Hash Cond: (mc.movie_id = t.id)
              ->  Seq Scan on movie_companies mc  (cost=0.00..57926.93 rows=413217 width=4) (actual time=0.040..1060.407 rows=738406 loops=1)
                    Filter: ((company_id > 28339) AND (company_type_id > 1))
                    Rows Removed by Filter: 1870723
              ->  Hash  (cost=61283.27..61283.27 rows=2528527 width=4) (actual time=1952.147..1952.147 rows=2528312 loops=1)
                    Buckets: 131072  Batches: 64  Memory Usage: 2415kB
                    ->  Seq Scan on title t  (cost=0.00..61283.27 rows=2528527 width=4) (actual time=0.020..1123.739 rows=2528312 loops=1)
Planning time: 1.195 ms
Execution time: 10611.808 ms
