Hash Join  (cost=81720.25..615039.47 rows=5015229 width=0) (actual time=4334.841..37769.825 rows=9874334 loops=1)
  Hash Cond: (mi.movie_id = t.id)
  ->  Seq Scan on movie_info mi  (cost=0.00..309384.22 rows=14739122 width=4) (actual time=0.018..20953.219 rows=14835720 loops=1)
  ->  Hash  (cost=67604.59..67604.59 rows=860373 width=4) (actual time=4333.907..4333.907 rows=854214 loops=1)
        Buckets: 131072  Batches: 16  Memory Usage: 2906kB
        ->  Seq Scan on title t  (cost=0.00..67604.59 rows=860373 width=4) (actual time=0.027..3758.075 rows=854214 loops=1)
              Filter: (kind_id < 4)
              Rows Removed by Filter: 1674098
Planning time: 12.024 ms
Execution time: 39063.045 ms
