Seq Scan on movie_companies mc  (cost=0.00..51404.11 rows=104 width=0) (actual time=20.894..819.776 rows=473 loops=1)
  Filter: (company_id = 2787)
  Rows Removed by Filter: 2608656
Planning time: 0.343 ms
Execution time: 819.963 ms
