Hash Join  (cost=73928.08..824742.18 rows=2493 width=0) (actual time=1155.908..16519.696 rows=38421 loops=1)
  Hash Cond: (ci.movie_id = t.id)
  ->  Seq Scan on cast_info ci  (cost=0.00..614943.12 rows=36225612 width=4) (actual time=0.016..7896.182 rows=36244344 loops=1)
  ->  Hash  (cost=73925.90..73925.90 rows=174 width=4) (actual time=1155.465..1155.465 rows=3217 loops=1)
        Buckets: 4096 (originally 1024)  Batches: 1 (originally 1)  Memory Usage: 146kB
        ->  Seq Scan on title t  (cost=0.00..73925.90 rows=174 width=4) (actual time=522.301..1153.846 rows=3217 loops=1)
              Filter: ((kind_id < 2) AND (production_year > 2013))
              Rows Removed by Filter: 2525095
Planning time: 0.743 ms
Execution time: 16529.597 ms
