Hash Join  (cost=547692.12..1461730.40 rows=4417817 width=0) (actual time=10801.718..40140.247 rows=34803159 loops=1)
  Hash Cond: (ci.movie_id = t.id)
  ->  Seq Scan on cast_info ci  (cost=0.00..796071.18 rows=5089986 width=4) (actual time=0.021..14442.911 rows=10407032 loops=1)
        Filter: ((person_id < 1419688) AND (role_id = 1))
        Rows Removed by Filter: 25837312
  ->  Hash  (cost=511686.41..511686.41 rows=2194617 width=8) (actual time=10799.895..10799.895 rows=2233850 loops=1)
        Buckets: 131072  Batches: 32  Memory Usage: 3598kB
        ->  Hash Join  (cost=102767.86..511686.41 rows=2194617 width=8) (actual time=2095.783..10193.868 rows=2233850 loops=1)
              Hash Cond: (mi.movie_id = t.id)
              ->  Seq Scan on movie_info mi  (cost=0.00..346232.03 rows=2194617 width=4) (actual time=38.340..5971.428 rows=2233850 loops=1)
                    Filter: (info_type_id > 16)
                    Rows Removed by Filter: 12601870
              ->  Hash  (cost=61283.27..61283.27 rows=2528527 width=4) (actual time=2036.896..2036.896 rows=2528312 loops=1)
                    Buckets: 131072  Batches: 64  Memory Usage: 2425kB
                    ->  Seq Scan on title t  (cost=0.00..61283.27 rows=2528527 width=4) (actual time=0.019..1171.222 rows=2528312 loops=1)
Planning time: 0.773 ms
Execution time: 43944.598 ms
