Hash Join  (cost=83074.74..440815.49 rows=299 width=0) (actual time=3463.428..7009.784 rows=377 loops=1)
  Hash Cond: (mi.movie_id = t.id)
  ->  Seq Scan on movie_info mi  (cost=0.00..346232.03 rows=3068194 width=4) (actual time=1842.635..5293.258 rows=3036719 loops=1)
        Filter: (info_type_id = 16)
        Rows Removed by Filter: 11799001
  ->  Hash  (cost=83071.67..83071.67 rows=246 width=8) (actual time=1299.656..1299.656 rows=42 loops=1)
        Buckets: 1024  Batches: 1  Memory Usage: 10kB
        ->  Nested Loop  (cost=0.43..83071.67 rows=246 width=8) (actual time=2.289..1299.595 rows=42 loops=1)
              ->  Seq Scan on movie_keyword mk  (cost=0.00..81003.12 rows=246 width=4) (actual time=2.159..1297.728 rows=42 loops=1)
                    Filter: (keyword_id = 43542)
                    Rows Removed by Filter: 4523888
              ->  Index Only Scan using title_pkey on title t  (cost=0.43..8.40 rows=1 width=4) (actual time=0.037..0.038 rows=1 loops=42)
                    Index Cond: (id = mk.movie_id)
                    Heap Fetches: 42
Planning time: 1.148 ms
Execution time: 7009.963 ms
