Nested Loop  (cost=0.43..83072.29 rows=1 width=0) (actual time=652.936..1331.938 rows=6 loops=1)
  ->  Seq Scan on movie_keyword mk  (cost=0.00..81003.12 rows=246 width=4) (actual time=0.106..1300.562 rows=497 loops=1)
        Filter: (keyword_id = 5976)
        Rows Removed by Filter: 4523433
  ->  Index Scan using title_pkey on title t  (cost=0.43..8.40 rows=1 width=4) (actual time=0.061..0.061 rows=0 loops=497)
        Index Cond: (id = mk.movie_id)
        Filter: (production_year = 1985)
        Rows Removed by Filter: 1
Planning time: 0.751 ms
Execution time: 1332.041 ms
