Hash Join  (cost=176908.90..1025534.23 rows=248879 width=0) (actual time=8365.717..22914.743 rows=4379581 loops=1)
  Hash Cond: (ci.movie_id = t.id)
  ->  Seq Scan on cast_info ci  (cost=0.00..796071.18 rows=4280095 width=4) (actual time=4702.697..14066.400 rows=8725313 loops=1)
        Filter: ((person_id < 1190138) AND (role_id = 1))
        Rows Removed by Filter: 27519031
  ->  Hash  (cost=174496.04..174496.04 rows=147029 width=8) (actual time=3661.943..3661.943 rows=335795 loops=1)
        Buckets: 131072 (originally 131072)  Batches: 8 (originally 2)  Memory Usage: 3073kB
        ->  Hash Join  (cost=83810.17..174496.04 rows=147029 width=8) (actual time=1568.621..3553.817 rows=335795 loops=1)
              Hash Cond: (mk.movie_id = t.id)
              ->  Seq Scan on movie_keyword mk  (cost=0.00..81003.12 rows=376386 width=4) (actual time=0.033..1268.080 rows=374392 loops=1)
                    Filter: (keyword_id > 45342)
                    Rows Removed by Filter: 4149538
              ->  Hash  (cost=67604.59..67604.59 rows=987727 width=4) (actual time=1567.756..1567.756 rows=985048 loops=1)
                    Buckets: 131072  Batches: 16  Memory Usage: 3197kB
                    ->  Seq Scan on title t  (cost=0.00..67604.59 rows=987727 width=4) (actual time=0.024..1239.194 rows=985048 loops=1)
                          Filter: (kind_id < 7)
                          Rows Removed by Filter: 1543264
Planning time: 1.186 ms
Execution time: 23456.231 ms
