Hash Join  (cost=130355.94..598345.83 rows=1103669 width=0) (actual time=3534.563..13504.407 rows=1082838 loops=1)
  Hash Cond: (mi.movie_id = t.id)
  ->  Seq Scan on movie_info mi  (cost=0.00..346232.03 rows=9476311 width=4) (actual time=532.376..6383.669 rows=9565151 loops=1)
        Filter: (info_type_id < 16)
        Rows Removed by Filter: 5270569
  ->  Hash  (cost=125523.84..125523.84 rows=294488 width=8) (actual time=3001.182..3001.182 rows=157866 loops=1)
        Buckets: 131072  Batches: 4  Memory Usage: 2587kB
        ->  Hash Join  (cost=82778.48..125523.84 rows=294488 width=8) (actual time=2313.135..2965.573 rows=157866 loops=1)
              Hash Cond: (mi_idx.movie_id = t.id)
              ->  Seq Scan on movie_info_idx mi_idx  (cost=0.00..21735.35 rows=1380035 width=4) (actual time=0.043..354.186 rows=1380035 loops=1)
              ->  Hash  (cost=73925.90..73925.90 rows=539566 width=4) (actual time=2024.584..2024.584 rows=428248 loops=1)
                    Buckets: 131072  Batches: 8  Memory Usage: 2890kB
                    ->  Seq Scan on title t  (cost=0.00..73925.90 rows=539566 width=4) (actual time=283.119..1133.260 rows=428248 loops=1)
                          Filter: ((production_year < 1997) AND (kind_id = 7))
                          Rows Removed by Filter: 2100064
Planning time: 1.226 ms
Execution time: 13631.486 ms
