Hash Join  (cost=95809.99..932030.29 rows=117237 width=0) (actual time=1593.674..18943.384 rows=221177 loops=1)
  Hash Cond: (ci.movie_id = t.id)
  ->  Seq Scan on cast_info ci  (cost=0.00..796071.18 rows=10393795 width=4) (actual time=0.020..15481.592 rows=7942736 loops=1)
        Filter: ((person_id > 634496) AND (role_id = 1))
        Rows Removed by Filter: 28301608
  ->  Hash  (cost=95453.48..95453.48 rows=28521 width=8) (actual time=1593.456..1593.456 rows=34547 loops=1)
        Buckets: 65536 (originally 32768)  Batches: 1 (originally 1)  Memory Usage: 1862kB
        ->  Hash Join  (cost=68257.79..95453.48 rows=28521 width=8) (actual time=1062.799..1582.473 rows=34547 loops=1)
              Hash Cond: (mi_idx.movie_id = t.id)
              ->  Seq Scan on movie_info_idx mi_idx  (cost=0.00..21735.35 rows=1380035 width=4) (actual time=0.015..233.562 rows=1380035 loops=1)
              ->  Hash  (cost=67604.59..67604.59 rows=52256 width=4) (actual time=1058.959..1058.959 rows=53013 loops=1)
                    Buckets: 65536  Batches: 1  Memory Usage: 2376kB
                    ->  Seq Scan on title t  (cost=0.00..67604.59 rows=52256 width=4) (actual time=0.065..1036.800 rows=53013 loops=1)
                          Filter: (production_year = 2000)
                          Rows Removed by Filter: 2475299
Planning time: 1.300 ms
Execution time: 18974.390 ms
