Hash Join  (cost=156632.57..261417.26 rows=301166 width=0) (actual time=3408.216..5979.283 rows=1241310 loops=1)
  Hash Cond: (mk.movie_id = t.id)
  ->  Seq Scan on movie_keyword mk  (cost=0.00..81003.12 rows=1639176 width=4) (actual time=0.017..1532.721 rows=1648493 loops=1)
        Filter: (keyword_id < 2511)
        Rows Removed by Filter: 2875437
  ->  Hash  (cost=149010.49..149010.49 rows=464566 width=8) (actual time=3407.231..3407.231 rows=459925 loops=1)
        Buckets: 131072  Batches: 8  Memory Usage: 3284kB
        ->  Hash Join  (cost=102767.86..149010.49 rows=464566 width=8) (actual time=1822.597..3273.880 rows=459925 loops=1)
              Hash Cond: (mi_idx.movie_id = t.id)
              ->  Seq Scan on movie_info_idx mi_idx  (cost=0.00..25185.44 rows=464566 width=4) (actual time=0.034..540.018 rows=459925 loops=1)
                    Filter: (info_type_id = 101)
                    Rows Removed by Filter: 920110
              ->  Hash  (cost=61283.27..61283.27 rows=2528527 width=4) (actual time=1821.601..1821.601 rows=2528312 loops=1)
                    Buckets: 131072  Batches: 64  Memory Usage: 2415kB
                    ->  Seq Scan on title t  (cost=0.00..61283.27 rows=2528527 width=4) (actual time=0.026..962.107 rows=2528312 loops=1)
Planning time: 1.771 ms
Execution time: 6108.868 ms
