Hash Join  (cost=1320612.03..2775324.15 rows=72374326 width=0) (actual time=30240.654..87251.186 rows=161828879 loops=1)
  Hash Cond: (mi.movie_id = t.id)
  ->  Seq Scan on movie_info mi  (cost=0.00..309384.22 rows=14739122 width=4) (actual time=0.010..5894.807 rows=14835720 loops=1)
  ->  Hash  (cost=1116912.46..1116912.46 rows=12415966 width=8) (actual time=30236.397..30236.397 rows=12340822 loops=1)
        Buckets: 131072  Batches: 256  Memory Usage: 2984kB
        ->  Hash Join  (cost=102767.86..1116912.46 rows=12415966 width=8) (actual time=1998.071..26733.702 rows=12340822 loops=1)
              Hash Cond: (ci.movie_id = t.id)
              ->  Seq Scan on cast_info ci  (cost=0.00..705507.15 rows=12415966 width=4) (actual time=0.058..13239.067 rows=12340822 loops=1)
                    Filter: (person_id < 1216004)
                    Rows Removed by Filter: 23903522
              ->  Hash  (cost=61283.27..61283.27 rows=2528527 width=4) (actual time=1997.081..1997.081 rows=2528312 loops=1)
                    Buckets: 131072  Batches: 64  Memory Usage: 2415kB
                    ->  Seq Scan on title t  (cost=0.00..61283.27 rows=2528527 width=4) (actual time=0.027..1170.121 rows=2528312 loops=1)
Planning time: 1.134 ms
Execution time: 105019.975 ms
