Hash Join  (cost=83074.99..109989.48 rows=39 width=0) (actual time=1291.103..1807.031 rows=237 loops=1)
  Hash Cond: (mi_idx.movie_id = t.id)
  ->  Seq Scan on movie_info_idx mi_idx  (cost=0.00..25185.44 rows=460978 width=4) (actual time=0.020..449.982 rows=459925 loops=1)
        Filter: (info_type_id < 100)
        Rows Removed by Filter: 920110
  ->  Hash  (cost=83072.29..83072.29 rows=216 width=8) (actual time=1290.109..1290.109 rows=319 loops=1)
        Buckets: 1024  Batches: 1  Memory Usage: 21kB
        ->  Nested Loop  (cost=0.43..83072.29 rows=216 width=8) (actual time=2.151..1289.777 rows=319 loops=1)
              ->  Seq Scan on movie_keyword mk  (cost=0.00..81003.12 rows=246 width=4) (actual time=2.113..1271.635 rows=319 loops=1)
                    Filter: (keyword_id = 2619)
                    Rows Removed by Filter: 4523611
              ->  Index Scan using title_pkey on title t  (cost=0.43..8.40 rows=1 width=4) (actual time=0.053..0.054 rows=1 loops=319)
                    Index Cond: (id = mk.movie_id)
                    Filter: (production_year > 1959)
Planning time: 1.396 ms
Execution time: 1807.288 ms
