Hash Join  (cost=68426.36..162643.77 rows=85679 width=0) (actual time=3437.429..8514.370 rows=28116 loops=1)
  Hash Cond: (mk.movie_id = t.id)
  ->  Seq Scan on movie_keyword mk  (cost=0.00..81003.12 rows=3295332 width=4) (actual time=0.020..4413.950 rows=3287122 loops=1)
        Filter: (keyword_id > 1571)
        Rows Removed by Filter: 1236808
  ->  Hash  (cost=67604.59..67604.59 rows=65742 width=4) (actual time=3436.624..3436.624 rows=63827 loops=1)
        Buckets: 131072  Batches: 1  Memory Usage: 3268kB
        ->  Seq Scan on title t  (cost=0.00..67604.59 rows=65742 width=4) (actual time=0.028..3409.481 rows=63827 loops=1)
              Filter: (production_year = 2013)
              Rows Removed by Filter: 2464485
Planning time: 0.740 ms
Execution time: 8519.019 ms
