Seq Scan on cast_info ci  (cost=0.00..796071.18 rows=1835386 width=0) (actual time=4836.600..12026.250 rows=922056 loops=1)
  Filter: ((person_id < 672658) AND (role_id > 4))
  Rows Removed by Filter: 35322288
Planning time: 0.372 ms
Execution time: 12142.252 ms
