Hash Join  (cost=130345.65..497955.78 rows=295420 width=0) (actual time=2733.746..10814.070 rows=138510 loops=1)
  Hash Cond: (mi.movie_id = t.id)
  ->  Seq Scan on movie_info mi  (cost=0.00..309384.22 rows=14739122 width=4) (actual time=0.029..4407.881 rows=14835720 loops=1)
  ->  Hash  (cost=129712.15..129712.15 rows=50680 width=8) (actual time=2731.056..2731.056 rows=22540 loops=1)
        Buckets: 65536  Batches: 1  Memory Usage: 1393kB
        ->  Hash Join  (cost=74539.83..129712.15 rows=50680 width=8) (actual time=1313.324..2720.948 rows=22540 loops=1)
              Hash Cond: (mc.movie_id = t.id)
              ->  Seq Scan on movie_companies mc  (cost=0.00..44881.29 rows=2609129 width=4) (actual time=0.025..677.543 rows=2609129 loops=1)
              ->  Hash  (cost=73925.90..73925.90 rows=49114 width=4) (actual time=1312.196..1312.196 rows=45321 loops=1)
                    Buckets: 65536  Batches: 1  Memory Usage: 2106kB
                    ->  Seq Scan on title t  (cost=0.00..73925.90 rows=49114 width=4) (actual time=0.059..1293.256 rows=45321 loops=1)
                          Filter: ((kind_id > 1) AND (production_year > 2012))
                          Rows Removed by Filter: 2482991
Planning time: 11.257 ms
Execution time: 10841.778 ms
