Hash Join  (cost=84005.63..171147.34 rows=64898 width=0) (actual time=1493.798..3123.717 rows=123939 loops=1)
  Hash Cond: (mk.movie_id = t.id)
  ->  Seq Scan on movie_keyword mk  (cost=0.00..81003.12 rows=267094 width=4) (actual time=0.026..1393.023 rows=267942 loops=1)
        Filter: (keyword_id > 58638)
        Rows Removed by Filter: 4255988
  ->  Hash  (cost=73925.90..73925.90 rows=614378 width=4) (actual time=1486.876..1486.876 rows=520376 loops=1)
        Buckets: 131072  Batches: 16  Memory Usage: 2170kB
        ->  Seq Scan on title t  (cost=0.00..73925.90 rows=614378 width=4) (actual time=0.059..1315.366 rows=520376 loops=1)
              Filter: ((kind_id < 7) AND (production_year > 1996))
              Rows Removed by Filter: 2007936
Planning time: 0.736 ms
Execution time: 3138.127 ms
