Seq Scan on movie_keyword mk  (cost=0.00..81003.12 rows=689981 width=0) (actual time=0.028..1391.891 rows=685221 loops=1)
  Filter: (keyword_id < 568)
  Rows Removed by Filter: 3838709
Planning time: 0.386 ms
Execution time: 1480.078 ms
