Nested Loop  (cost=0.43..156680.07 rows=17244 width=0) (actual time=0.070..3251.328 rows=32667 loops=1)
  ->  Seq Scan on movie_companies mc  (cost=0.00..57926.93 rows=17244 width=4) (actual time=0.026..2219.832 rows=32667 loops=1)
        Filter: ((company_id > 205478) AND (company_type_id > 1))
        Rows Removed by Filter: 2576462
  ->  Index Only Scan using title_pkey on title t  (cost=0.43..5.72 rows=1 width=4) (actual time=0.031..0.031 rows=1 loops=32667)
        Index Cond: (id = mc.movie_id)
        Heap Fetches: 32667
Planning time: 0.746 ms
Execution time: 3260.361 ms
