Hash Join  (cost=102767.86..199651.47 rows=1208411 width=0) (actual time=1949.640..4630.668 rows=1274246 loops=1)
  Hash Cond: (mc.movie_id = t.id)
  ->  Seq Scan on movie_companies mc  (cost=0.00..57926.93 rows=1208411 width=4) (actual time=0.021..1127.802 rows=1274246 loops=1)
        Filter: ((company_id < 134693) AND (company_type_id = 1))
        Rows Removed by Filter: 1334883
  ->  Hash  (cost=61283.27..61283.27 rows=2528527 width=4) (actual time=1947.932..1947.932 rows=2528312 loops=1)
        Buckets: 131072  Batches: 64  Memory Usage: 2415kB
        ->  Seq Scan on title t  (cost=0.00..61283.27 rows=2528527 width=4) (actual time=0.019..1087.549 rows=2528312 loops=1)
Planning time: 0.678 ms
Execution time: 4780.639 ms
