Seq Scan on cast_info ci  (cost=0.00..796071.18 rows=11365955 width=0) (actual time=5.161..14002.596 rows=12857420 loops=1)
  Filter: ((person_id < 1407255) AND (role_id < 8))
  Rows Removed by Filter: 23386924
Planning time: 8.984 ms
Execution time: 15633.418 ms
