Hash Join  (cost=101987.64..1432796.80 rows=24504198 width=0) (actual time=2084.932..41651.107 rows=25476445 loops=1)
  Hash Cond: (ci.movie_id = t.id)
  ->  Seq Scan on cast_info ci  (cost=0.00..614943.12 rows=36225612 width=4) (actual time=0.020..13585.533 rows=36244344 loops=1)
  ->  Hash  (cost=73925.90..73925.90 rows=1710379 width=4) (actual time=2084.008..2084.008 rows=1799687 loops=1)
        Buckets: 131072  Batches: 32  Memory Usage: 3007kB
        ->  Seq Scan on title t  (cost=0.00..73925.90 rows=1710379 width=4) (actual time=0.011..1499.563 rows=1799687 loops=1)
              Filter: ((kind_id > 1) AND (production_year > 1938))
              Rows Removed by Filter: 728625
Planning time: 3.453 ms
Execution time: 44344.514 ms
