Hash Join  (cost=106353.25..167887.23 rows=1289045 width=0) (actual time=2150.213..4326.718 rows=1360773 loops=1)
  Hash Cond: (mi_idx.movie_id = t.id)
  ->  Seq Scan on movie_info_idx mi_idx  (cost=0.00..21735.35 rows=1380035 width=4) (actual time=0.022..493.635 rows=1380035 loops=1)
  ->  Hash  (cost=67604.59..67604.59 rows=2361813 width=4) (actual time=2149.129..2149.129 rows=2357639 loops=1)
        Buckets: 131072  Batches: 32  Memory Usage: 3617kB
        ->  Seq Scan on title t  (cost=0.00..67604.59 rows=2361813 width=4) (actual time=0.017..1381.350 rows=2357639 loops=1)
              Filter: (production_year > 1923)
              Rows Removed by Filter: 170673
Planning time: 0.756 ms
Execution time: 4470.652 ms
