Seq Scan on cast_info ci  (cost=0.00..796071.18 rows=2218384 width=0) (actual time=2862.055..11203.775 rows=1314045 loops=1)
  Filter: ((person_id < 628481) AND (role_id > 3))
  Rows Removed by Filter: 34930299
Planning time: 0.357 ms
Execution time: 11368.919 ms
