Hash Join  (cost=70241.71..179695.85 rows=144985 width=0) (actual time=1058.894..3381.078 rows=70344 loops=1)
  Hash Cond: (mk.movie_id = t.id)
  ->  Seq Scan on movie_keyword mk  (cost=0.00..81003.12 rows=2280842 width=4) (actual time=0.024..1449.578 rows=2281067 loops=1)
        Filter: (keyword_id < 4836)
        Rows Removed by Filter: 2242863
  ->  Hash  (cost=67604.59..67604.59 rows=160730 width=4) (actual time=1057.277..1057.277 rows=160017 loops=1)
        Buckets: 131072  Batches: 4  Memory Usage: 2442kB
        ->  Seq Scan on title t  (cost=0.00..67604.59 rows=160730 width=4) (actual time=0.017..1000.093 rows=160017 loops=1)
              Filter: (production_year = 2011)
              Rows Removed by Filter: 2368295
Planning time: 0.775 ms
Execution time: 3390.079 ms
