Hash Join  (cost=709676.74..796338.12 rows=335 width=0) (actual time=12154.307..12959.523 rows=19 loops=1)
  Hash Cond: (mk.movie_id = t.id)
  ->  Seq Scan on movie_keyword mk  (cost=0.00..69693.30 rows=4523930 width=4) (actual time=0.019..1131.981 rows=4523930 loops=1)
  ->  Hash  (cost=709674.40..709674.40 rows=187 width=8) (actual time=11037.273..11037.273 rows=59 loops=1)
        Buckets: 1024  Batches: 1  Memory Usage: 11kB
        ->  Nested Loop  (cost=0.43..709674.40 rows=187 width=8) (actual time=2663.973..11037.180 rows=59 loops=1)
              ->  Seq Scan on cast_info ci  (cost=0.00..705507.15 rows=500 width=4) (actual time=2663.825..11022.047 rows=259 loops=1)
                    Filter: (person_id = 1505466)
                    Rows Removed by Filter: 36244085
              ->  Index Scan using title_pkey on title t  (cost=0.43..8.32 rows=1 width=4) (actual time=0.057..0.057 rows=0 loops=259)
                    Index Cond: (id = ci.movie_id)
                    Filter: ((production_year < 2007) AND (kind_id = 7))
                    Rows Removed by Filter: 1
Planning time: 1.190 ms
Execution time: 12959.678 ms
