Hash Join  (cost=157445.66..910260.49 rows=202566 width=0) (actual time=2948.202..22830.494 rows=833567 loops=1)
  Hash Cond: (ci.movie_id = t.id)
  ->  Seq Scan on cast_info ci  (cost=0.00..614943.12 rows=36225612 width=4) (actual time=0.014..9478.555 rows=36244344 loops=1)
  ->  Hash  (cost=157268.92..157268.92 rows=14139 width=8) (actual time=2940.640..2940.640 rows=35755 loops=1)
        Buckets: 65536 (originally 16384)  Batches: 1 (originally 1)  Memory Usage: 1909kB
        ->  Hash Join  (cost=92883.59..157268.92 rows=14139 width=8) (actual time=1735.352..2929.145 rows=35755 loops=1)
              Hash Cond: (mc.movie_id = t.id)
              ->  Seq Scan on movie_companies mc  (cost=0.00..57926.93 rows=23202 width=4) (actual time=0.038..940.615 rows=42064 loops=1)
                    Filter: ((company_type_id < 2) AND (company_id = 19))
                    Rows Removed by Filter: 2567065
              ->  Hash  (cost=67604.59..67604.59 rows=1540800 width=4) (actual time=1733.872..1733.872 rows=1543264 loops=1)
                    Buckets: 131072  Batches: 32  Memory Usage: 2722kB
                    ->  Seq Scan on title t  (cost=0.00..67604.59 rows=1540800 width=4) (actual time=191.538..1245.894 rows=1543264 loops=1)
                          Filter: (kind_id = 7)
                          Rows Removed by Filter: 985048
Planning time: 5.654 ms
Execution time: 22943.006 ms
