Seq Scan on cast_info ci  (cost=0.00..796071.18 rows=22793044 width=0) (actual time=0.018..18367.803 rows=22459390 loops=1)
  Filter: ((person_id < 3845619) AND (role_id > 1))
  Rows Removed by Filter: 13784954
Planning time: 0.343 ms
Execution time: 21140.003 ms
