Hash Join  (cost=83074.62..447741.45 rows=1091 width=0) (actual time=603.747..8111.904 rows=179736 loops=1)
  Hash Cond: (mi.movie_id = t.id)
  ->  Seq Scan on movie_info mi  (cost=0.00..309384.22 rows=14739122 width=4) (actual time=0.020..4535.026 rows=14835720 loops=1)
  ->  Hash  (cost=83072.29..83072.29 rows=187 width=8) (actual time=602.114..602.114 rows=3087 loops=1)
        Buckets: 4096 (originally 1024)  Batches: 1 (originally 1)  Memory Usage: 153kB
        ->  Nested Loop  (cost=0.43..83072.29 rows=187 width=8) (actual time=0.068..600.739 rows=3087 loops=1)
              ->  Seq Scan on movie_keyword mk  (cost=0.00..81003.12 rows=246 width=4) (actual time=0.029..541.881 rows=3420 loops=1)
                    Filter: (keyword_id = 679)
                    Rows Removed by Filter: 4520510
              ->  Index Scan using title_pkey on title t  (cost=0.43..8.40 rows=1 width=4) (actual time=0.016..0.017 rows=1 loops=3420)
                    Index Cond: (id = mk.movie_id)
                    Filter: (production_year < 2010)
                    Rows Removed by Filter: 0
Planning time: 1.694 ms
Execution time: 8141.996 ms
