Hash Join  (cost=102767.86..262519.95 rows=2862090 width=0) (actual time=1993.562..6542.246 rows=2852422 loops=1)
  Hash Cond: (mk.movie_id = t.id)
  ->  Seq Scan on movie_keyword mk  (cost=0.00..81003.12 rows=2862090 width=4) (actual time=0.024..1772.264 rows=2852422 loops=1)
        Filter: (keyword_id < 8716)
        Rows Removed by Filter: 1671508
  ->  Hash  (cost=61283.27..61283.27 rows=2528527 width=4) (actual time=1990.940..1990.940 rows=2528312 loops=1)
        Buckets: 131072  Batches: 64  Memory Usage: 2425kB
        ->  Seq Scan on title t  (cost=0.00..61283.27 rows=2528527 width=4) (actual time=0.018..1122.303 rows=2528312 loops=1)
Planning time: 3.457 ms
Execution time: 6877.032 ms
