Seq Scan on cast_info ci  (cost=0.00..705507.15 rows=13809500 width=0) (actual time=5.568..12622.024 rows=13796705 loops=1)
  Filter: (person_id < 1358104)
  Rows Removed by Filter: 22447639
Planning time: 0.340 ms
Execution time: 14378.090 ms
