Seq Scan on movie_keyword mk  (cost=0.00..81003.12 rows=1405464 width=0) (actual time=0.029..1426.694 rows=1418388 loops=1)
  Filter: (keyword_id > 11764)
  Rows Removed by Filter: 3105542
Planning time: 0.346 ms
Execution time: 1600.394 ms
