Hash Join  (cost=130148.60..216869.02 rows=6239 width=0) (actual time=2396.017..4182.720 rows=104915 loops=1)
  Hash Cond: (mk.movie_id = t.id)
  ->  Seq Scan on movie_keyword mk  (cost=0.00..69693.30 rows=4523930 width=4) (actual time=0.029..956.648 rows=4523930 loops=1)
  ->  Hash  (cost=130105.01..130105.01 rows=3487 width=8) (actual time=2388.824..2388.824 rows=5195 loops=1)
        Buckets: 8192 (originally 4096)  Batches: 1 (originally 1)  Memory Usage: 267kB
        ->  Hash Join  (cost=67697.55..130105.01 rows=3487 width=8) (actual time=1083.433..2386.415 rows=5195 loops=1)
              Hash Cond: (mc.movie_id = t.id)
              ->  Seq Scan on movie_companies mc  (cost=0.00..57926.93 rows=1185508 width=4) (actual time=0.014..1096.578 rows=1274246 loops=1)
                    Filter: ((company_id < 115852) AND (company_type_id < 2))
                    Rows Removed by Filter: 1334883
              ->  Hash  (cost=67604.59..67604.59 rows=7437 width=4) (actual time=1080.939..1080.939 rows=4763 loops=1)
                    Buckets: 8192  Batches: 1  Memory Usage: 232kB
                    ->  Seq Scan on title t  (cost=0.00..67604.59 rows=7437 width=4) (actual time=1.214..1078.345 rows=4763 loops=1)
                          Filter: (production_year = 1950)
                          Rows Removed by Filter: 2523549
Planning time: 1.161 ms
Execution time: 4196.664 ms
