Seq Scan on cast_info ci  (cost=0.00..796071.18 rows=4448653 width=0) (actual time=1455.045..12861.405 rows=2650896 loops=1)
  Filter: ((person_id < 1299650) AND (role_id > 3))
  Rows Removed by Filter: 33593448
Planning time: 0.473 ms
Execution time: 13187.366 ms
