Hash Join  (cost=96603.40..217828.94 rows=1117814 width=0) (actual time=3369.457..4648.416 rows=302276 loops=1)
  Hash Cond: (mk.movie_id = t.id)
  ->  Seq Scan on movie_keyword mk  (cost=0.00..81003.12 rows=2044873 width=4) (actual time=0.016..1590.644 rows=2048520 loops=1)
        Filter: (keyword_id > 5978)
        Rows Removed by Filter: 2475410
  ->  Hash  (cost=73925.90..73925.90 rows=1382200 width=4) (actual time=1863.438..1863.438 rows=1460524 loops=1)
        Buckets: 131072  Batches: 32  Memory Usage: 2636kB
        ->  Seq Scan on title t  (cost=0.00..73925.90 rows=1382200 width=4) (actual time=0.027..1372.048 rows=1460524 loops=1)
              Filter: ((production_year > 1954) AND (kind_id = 7))
              Rows Removed by Filter: 1067788
Planning time: 0.772 ms
Execution time: 4682.113 ms
