Hash Join  (cost=83074.74..447745.01 rows=1434 width=0) (actual time=1374.122..8764.052 rows=293865 loops=1)
  Hash Cond: (mi.movie_id = t.id)
  ->  Seq Scan on movie_info mi  (cost=0.00..309384.22 rows=14739122 width=4) (actual time=0.018..4290.594 rows=14835720 loops=1)
  ->  Hash  (cost=83071.67..83071.67 rows=246 width=8) (actual time=1374.057..1374.057 rows=5916 loops=1)
        Buckets: 8192 (originally 1024)  Batches: 1 (originally 1)  Memory Usage: 296kB
        ->  Nested Loop  (cost=0.43..83071.67 rows=246 width=8) (actual time=0.114..1370.344 rows=5916 loops=1)
              ->  Seq Scan on movie_keyword mk  (cost=0.00..81003.12 rows=246 width=4) (actual time=0.056..1232.235 rows=5916 loops=1)
                    Filter: (keyword_id = 807)
                    Rows Removed by Filter: 4518014
              ->  Index Only Scan using title_pkey on title t  (cost=0.43..8.40 rows=1 width=4) (actual time=0.022..0.022 rows=1 loops=5916)
                    Index Cond: (id = mk.movie_id)
                    Heap Fetches: 5916
Planning time: 0.802 ms
Execution time: 8804.067 ms
