Seq Scan on movie_companies mc  (cost=0.00..57926.93 rows=688344 width=0) (actual time=862.232..2584.628 rows=927775 loops=1)
  Filter: ((company_id > 11149) AND (company_type_id > 1))
  Rows Removed by Filter: 1681354
Planning time: 0.316 ms
Execution time: 2717.758 ms
