Hash Join  (cost=134908.81..242875.10 rows=244042 width=0) (actual time=4113.318..4915.964 rows=211246 loops=1)
  Hash Cond: (mk.movie_id = t.id)
  ->  Seq Scan on movie_keyword mk  (cost=0.00..81003.12 rows=2017531 width=4) (actual time=0.016..1512.139 rows=2022134 loops=1)
        Filter: (keyword_id > 6115)
        Rows Removed by Filter: 2501796
  ->  Hash  (cost=129890.66..129890.66 rows=305852 width=8) (actual time=2618.171..2618.171 rows=151362 loops=1)
        Buckets: 131072  Batches: 4  Memory Usage: 2491kB
        ->  Hash Join  (cost=87731.24..129890.66 rows=305852 width=8) (actual time=1880.951..2580.246 rows=151362 loops=1)
              Hash Cond: (mi_idx.movie_id = t.id)
              ->  Seq Scan on movie_info_idx mi_idx  (cost=0.00..25185.44 rows=919057 width=4) (actual time=0.020..482.053 rows=920110 loops=1)
                    Filter: (info_type_id > 99)
                    Rows Removed by Filter: 459925
              ->  Hash  (cost=73925.90..73925.90 rows=841467 width=4) (actual time=1567.415..1567.415 rows=921643 loops=1)
                    Buckets: 131072  Batches: 16  Memory Usage: 3057kB
                    ->  Seq Scan on title t  (cost=0.00..73925.90 rows=841467 width=4) (actual time=0.020..1280.632 rows=921643 loops=1)
                          Filter: ((production_year > 2000) AND (kind_id = 7))
                          Rows Removed by Filter: 1606669
Planning time: 1.217 ms
Execution time: 4937.706 ms
