Seq Scan on movie_keyword mk  (cost=0.00..81003.12 rows=4506347 width=0) (actual time=0.011..1543.627 rows=4509433 loops=1)
  Filter: (keyword_id < 121531)
  Rows Removed by Filter: 14497
Planning time: 0.235 ms
Execution time: 2084.651 ms
