Hash Join  (cost=426375.41..513498.54 rows=46509 width=0) (actual time=6916.704..8726.681 rows=5177 loops=1)
  Hash Cond: (mk.movie_id = t.id)
  ->  Seq Scan on movie_keyword mk  (cost=0.00..69693.30 rows=4523930 width=4) (actual time=0.024..1004.177 rows=4523930 loops=1)
  ->  Hash  (cost=426050.48..426050.48 rows=25995 width=8) (actual time=6901.473..6901.473 rows=2648 loops=1)
        Buckets: 32768  Batches: 1  Memory Usage: 360kB
        ->  Hash Join  (cost=74539.83..426050.48 rows=25995 width=8) (actual time=1194.129..6899.880 rows=2648 loops=1)
              Hash Cond: (mi.movie_id = t.id)
              ->  Seq Scan on movie_info mi  (cost=0.00..346232.03 rows=1338312 width=4) (actual time=0.021..5427.049 rows=1401902 loops=1)
                    Filter: (info_type_id = 7)
                    Rows Removed by Filter: 13433818
              ->  Hash  (cost=73925.90..73925.90 rows=49114 width=4) (actual time=1192.836..1192.836 rows=45321 loops=1)
                    Buckets: 65536  Batches: 1  Memory Usage: 2106kB
                    ->  Seq Scan on title t  (cost=0.00..73925.90 rows=49114 width=4) (actual time=0.263..1174.091 rows=45321 loops=1)
                          Filter: ((kind_id > 1) AND (production_year > 2012))
                          Rows Removed by Filter: 2482991
Planning time: 4.024 ms
Execution time: 8727.781 ms
