Seq Scan on movie_keyword mk  (cost=0.00..81003.12 rows=2002751 width=0) (actual time=0.031..1393.058 rows=2012708 loops=1)
  Filter: (keyword_id > 6199)
  Rows Removed by Filter: 2511222
Planning time: 0.364 ms
Execution time: 1638.503 ms
