Hash Join  (cost=102767.86..182286.27 rows=757803 width=0) (actual time=2608.690..4452.857 rows=763315 loops=1)
  Hash Cond: (mc.movie_id = t.id)
  ->  Seq Scan on movie_companies mc  (cost=0.00..51404.11 rows=757803 width=4) (actual time=122.377..935.484 rows=763315 loops=1)
        Filter: (company_id > 34980)
        Rows Removed by Filter: 1845814
  ->  Hash  (cost=61283.27..61283.27 rows=2528527 width=4) (actual time=2484.228..2484.228 rows=2528312 loops=1)
        Buckets: 131072  Batches: 64  Memory Usage: 2415kB
        ->  Seq Scan on title t  (cost=0.00..61283.27 rows=2528527 width=4) (actual time=0.006..1095.328 rows=2528312 loops=1)
Planning time: 0.791 ms
Execution time: 4544.157 ms
