Seq Scan on cast_info ci  (cost=0.00..796071.18 rows=60 width=0) (actual time=253.621..11280.075 rows=19 loops=1)
  Filter: ((person_id = 930402) AND (role_id = 10))
  Rows Removed by Filter: 36244325
Planning time: 0.414 ms
Execution time: 11280.179 ms
