Seq Scan on movie_keyword mk  (cost=0.00..81003.12 rows=5127 width=0) (actual time=0.083..2937.759 rows=4958 loops=1)
  Filter: (keyword_id = 2632)
  Rows Removed by Filter: 4518972
Planning time: 0.310 ms
Execution time: 2939.050 ms
