Seq Scan on cast_info ci  (cost=0.00..796071.18 rows=13092933 width=0) (actual time=6803.036..16232.830 rows=14195188 loops=1)
  Filter: ((person_id > 665468) AND (role_id > 2))
  Rows Removed by Filter: 22049156
Planning time: 0.367 ms
Execution time: 18029.443 ms
