Seq Scan on cast_info ci  (cost=0.00..796071.18 rows=11193331 width=0) (actual time=1783.187..13444.724 rows=8568805 loops=1)
  Filter: ((person_id > 1924287) AND (role_id < 4))
  Rows Removed by Filter: 27675539
Planning time: 0.357 ms
Execution time: 14506.704 ms
