Seq Scan on movie_keyword mk  (cost=0.00..81003.12 rows=246 width=0) (actual time=15.748..1339.418 rows=105 loops=1)
  Filter: (keyword_id = 25766)
  Rows Removed by Filter: 4523825
Planning time: 0.394 ms
Execution time: 1339.562 ms
