Hash Join  (cost=267384.51..878937.16 rows=10620483 width=0) (actual time=6066.393..42513.245 rows=99602660 loops=1)
  Hash Cond: (mi.movie_id = t.id)
  ->  Seq Scan on movie_info mi  (cost=0.00..309384.22 rows=14739122 width=4) (actual time=0.023..6250.566 rows=14835720 loops=1)
  ->  Hash  (cost=237491.93..237491.93 rows=1821966 width=8) (actual time=6064.964..6064.964 rows=1823955 loops=1)
        Buckets: 131072  Batches: 32  Memory Usage: 3319kB
        ->  Hash Join  (cost=102767.86..237491.93 rows=1821966 width=8) (actual time=2159.466..5537.969 rows=1823955 loops=1)
              Hash Cond: (mk.movie_id = t.id)
              ->  Seq Scan on movie_keyword mk  (cost=0.00..81003.12 rows=1821966 width=4) (actual time=0.019..1586.713 rows=1823955 loops=1)
                    Filter: (keyword_id > 7634)
                    Rows Removed by Filter: 2699975
              ->  Hash  (cost=61283.27..61283.27 rows=2528527 width=4) (actual time=2158.765..2158.765 rows=2528312 loops=1)
                    Buckets: 131072  Batches: 64  Memory Usage: 2425kB
                    ->  Seq Scan on title t  (cost=0.00..61283.27 rows=2528527 width=4) (actual time=0.023..969.336 rows=2528312 loops=1)
Planning time: 1.136 ms
Execution time: 52858.496 ms
