Hash Join  (cost=102767.86..299426.86 rows=4395931 width=0) (actual time=1898.614..7508.160 rows=4399402 loops=1)
  Hash Cond: (mk.movie_id = t.id)
  ->  Seq Scan on movie_keyword mk  (cost=0.00..81003.12 rows=4395931 width=4) (actual time=0.016..1844.901 rows=4399402 loops=1)
        Filter: (keyword_id < 77249)
        Rows Removed by Filter: 124528
  ->  Hash  (cost=61283.27..61283.27 rows=2528527 width=4) (actual time=1897.649..1897.649 rows=2528312 loops=1)
        Buckets: 131072  Batches: 64  Memory Usage: 2425kB
        ->  Seq Scan on title t  (cost=0.00..61283.27 rows=2528527 width=4) (actual time=0.015..1068.759 rows=2528312 loops=1)
Planning time: 0.760 ms
Execution time: 7999.582 ms
