Hash Join  (cost=73983.02..825472.68 rows=22051 width=0) (actual time=1147.900..17067.063 rows=8897 loops=1)
  Hash Cond: (ci.movie_id = t.id)
  ->  Seq Scan on cast_info ci  (cost=0.00..705507.15 rows=12203201 width=4) (actual time=0.028..13964.121 rows=12113646 loops=1)
        Filter: (role_id > 3)
        Rows Removed by Filter: 24130698
  ->  Hash  (cost=73925.90..73925.90 rows=4569 width=4) (actual time=1146.653..1146.653 rows=4021 loops=1)
        Buckets: 8192  Batches: 1  Memory Usage: 206kB
        ->  Seq Scan on title t  (cost=0.00..73925.90 rows=4569 width=4) (actual time=0.289..1144.523 rows=4021 loops=1)
              Filter: ((kind_id > 4) AND (production_year = 1954))
              Rows Removed by Filter: 2524291
Planning time: 2.097 ms
Execution time: 17068.903 ms
