Hash Join  (cost=837013.03..3537146.58 rows=126946128 width=0) (actual time=19595.586..85908.190 rows=125409845 loops=1)
  Hash Cond: (ci.movie_id = t.id)
  ->  Seq Scan on cast_info ci  (cost=0.00..614943.12 rows=36225612 width=4) (actual time=0.015..13276.783 rows=36244344 loops=1)
  ->  Hash  (cost=691640.44..691640.44 rows=8860767 width=8) (actual time=19592.834..19592.834 rows=5788204 loops=1)
        Buckets: 131072  Batches: 128  Memory Usage: 2763kB
        ->  Hash Join  (cost=98864.94..691640.44 rows=8860767 width=8) (actual time=2058.309..17825.167 rows=5788204 loops=1)
              Hash Cond: (mi.movie_id = t.id)
              ->  Seq Scan on movie_info mi  (cost=0.00..309384.22 rows=14739122 width=4) (actual time=0.016..5924.149 rows=14835720 loops=1)
              ->  Hash  (cost=73925.90..73925.90 rows=1520083 width=4) (actual time=2056.982..2056.982 rows=1507233 loops=1)
                    Buckets: 131072  Batches: 32  Memory Usage: 2686kB
                    ->  Seq Scan on title t  (cost=0.00..73925.90 rows=1520083 width=4) (actual time=0.023..1539.803 rows=1507233 loops=1)
                          Filter: ((kind_id > 1) AND (production_year < 2011))
                          Rows Removed by Filter: 1021079
Planning time: 3.494 ms
Execution time: 99638.149 ms
