Hash Join  (cost=83074.74..863692.54 rows=1948 width=0) (actual time=1272.451..18355.688 rows=30054 loops=1)
  Hash Cond: (ci.movie_id = t.id)
  ->  Seq Scan on cast_info ci  (cost=0.00..705507.15 rows=20024311 width=4) (actual time=0.026..14095.262 rows=20122661 loops=1)
        Filter: (role_id < 3)
        Rows Removed by Filter: 16121683
  ->  Hash  (cost=83071.67..83071.67 rows=246 width=8) (actual time=1272.336..1272.336 rows=688 loops=1)
        Buckets: 1024  Batches: 1  Memory Usage: 35kB
        ->  Nested Loop  (cost=0.43..83071.67 rows=246 width=8) (actual time=0.124..1271.760 rows=688 loops=1)
              ->  Seq Scan on movie_keyword mk  (cost=0.00..81003.12 rows=246 width=4) (actual time=0.069..1243.251 rows=688 loops=1)
                    Filter: (keyword_id = 964)
                    Rows Removed by Filter: 4523242
              ->  Index Only Scan using title_pkey on title t  (cost=0.43..8.40 rows=1 width=4) (actual time=0.039..0.040 rows=1 loops=688)
                    Index Cond: (id = mk.movie_id)
                    Heap Fetches: 688
Planning time: 1.168 ms
Execution time: 18362.344 ms
