Seq Scan on movie_keyword mk  (cost=0.00..81003.12 rows=1396686 width=0) (actual time=0.018..1392.813 rows=1410138 loops=1)
  Filter: (keyword_id < 1932)
  Rows Removed by Filter: 3113792
Planning time: 0.233 ms
Execution time: 1572.203 ms
