Hash Join  (cost=895828.19..1472007.25 rows=5578633 width=0) (actual time=19440.867..39574.053 rows=24251875 loops=1)
  Hash Cond: (mi.movie_id = t.id)
  ->  Seq Scan on movie_info mi  (cost=0.00..309384.22 rows=14739122 width=4) (actual time=0.011..5622.108 rows=14835720 loops=1)
  ->  Hash  (cost=880126.36..880126.36 rows=957026 width=8) (actual time=19440.151..19440.151 rows=1224205 loops=1)
        Buckets: 131072  Batches: 16  Memory Usage: 4054kB
        ->  Hash Join  (cost=79366.51..880126.36 rows=957026 width=8) (actual time=1469.552..19036.074 rows=1224205 loops=1)
              Hash Cond: (ci.movie_id = t.id)
              ->  Seq Scan on cast_info ci  (cost=0.00..705507.15 rows=7298253 width=4) (actual time=0.016..13572.815 rows=7451973 loops=1)
                    Filter: (role_id = 2)
                    Rows Removed by Filter: 28792371
              ->  Hash  (cost=73925.90..73925.90 rows=331568 width=4) (actual time=1468.801..1468.801 rows=445194 loops=1)
                    Buckets: 131072  Batches: 8  Memory Usage: 2992kB
                    ->  Seq Scan on title t  (cost=0.00..73925.90 rows=331568 width=4) (actual time=0.017..1320.306 rows=445194 loops=1)
                          Filter: ((kind_id < 7) AND (production_year < 1996))
                          Rows Removed by Filter: 2083118
Planning time: 0.785 ms
Execution time: 42304.509 ms
