Hash Join  (cost=150539.25..233521.85 rows=575408 width=0) (actual time=7354.738..12123.348 rows=593784 loops=1)
  Hash Cond: (mc.movie_id = t.id)
  ->  Seq Scan on movie_companies mc  (cost=0.00..44881.29 rows=2609129 width=4) (actual time=0.016..2995.655 rows=2609129 loops=1)
  ->  Hash  (cost=141389.85..141389.85 rows=557632 width=8) (actual time=7353.924..7353.924 rows=283812 loops=1)
        Buckets: 131072  Batches: 8  Memory Usage: 2409kB
        ->  Hash Join  (cost=92883.59..141389.85 rows=557632 width=8) (actual time=5035.878..7269.273 rows=283812 loops=1)
              Hash Cond: (mi_idx.movie_id = t.id)
              ->  Seq Scan on movie_info_idx mi_idx  (cost=0.00..25185.44 rows=915101 width=4) (actual time=0.018..1423.760 rows=919850 loops=1)
                    Filter: (info_type_id < 101)
                    Rows Removed by Filter: 460185
              ->  Hash  (cost=67604.59..67604.59 rows=1540800 width=4) (actual time=5034.250..5034.250 rows=1543264 loops=1)
                    Buckets: 131072  Batches: 32  Memory Usage: 2722kB
                    ->  Seq Scan on title t  (cost=0.00..67604.59 rows=1540800 width=4) (actual time=197.348..3787.080 rows=1543264 loops=1)
                          Filter: (kind_id = 7)
                          Rows Removed by Filter: 985048
Planning time: 0.991 ms
Execution time: 12192.605 ms
