Hash Join  (cost=82008.92..562127.70 rows=1902941 width=0) (actual time=1316.366..13970.319 rows=2606866 loops=1)
  Hash Cond: (mi.movie_id = t.id)
  ->  Seq Scan on movie_info mi  (cost=0.00..346232.03 rows=9767026 width=4) (actual time=10.856..6764.251 rows=9911754 loops=1)
        Filter: (info_type_id > 4)
        Rows Removed by Filter: 4923966
  ->  Hash  (cost=73925.90..73925.90 rows=492641 width=4) (actual time=1302.499..1302.499 rows=420285 loops=1)
        Buckets: 131072  Batches: 8  Memory Usage: 2875kB
        ->  Seq Scan on title t  (cost=0.00..73925.90 rows=492641 width=4) (actual time=0.030..1169.150 rows=420285 loops=1)
              Filter: ((kind_id < 7) AND (production_year > 2002))
              Rows Removed by Filter: 2108027
Planning time: 3.700 ms
Execution time: 14280.259 ms
