Seq Scan on cast_info ci  (cost=0.00..796071.18 rows=4814436 width=0) (actual time=7162.058..13413.537 rows=9881777 loops=1)
  Filter: ((person_id < 1346639) AND (role_id = 1))
  Rows Removed by Filter: 26362567
Planning time: 0.440 ms
Execution time: 14583.175 ms
