Hash Join  (cost=115205.48..191360.89 rows=80189 width=0) (actual time=2066.060..4012.874 rows=348531 loops=1)
  Hash Cond: (mc.movie_id = t.id)
  ->  Seq Scan on movie_companies mc  (cost=0.00..44881.29 rows=2609129 width=4) (actual time=0.014..863.641 rows=2609129 loops=1)
  ->  Hash  (cost=113930.08..113930.08 rows=77712 width=8) (actual time=2065.423..2065.423 rows=104907 loops=1)
        Buckets: 131072  Batches: 2  Memory Usage: 3074kB
        ->  Hash Join  (cost=81025.55..113930.08 rows=77712 width=8) (actual time=1210.598..2029.416 rows=104907 loops=1)
              Hash Cond: (mi_idx.movie_id = t.id)
              ->  Seq Scan on movie_info_idx mi_idx  (cost=0.00..25185.44 rows=454124 width=4) (actual time=0.021..501.819 rows=459925 loops=1)
                    Filter: (info_type_id = 100)
                    Rows Removed by Filter: 920110
              ->  Hash  (cost=73925.90..73925.90 rows=432692 width=4) (actual time=1209.818..1209.818 rows=368246 loops=1)
                    Buckets: 131072  Batches: 8  Memory Usage: 2639kB
                    ->  Seq Scan on title t  (cost=0.00..73925.90 rows=432692 width=4) (actual time=0.017..1098.104 rows=368246 loops=1)
                          Filter: ((kind_id < 7) AND (production_year > 2004))
                          Rows Removed by Filter: 2160066
Planning time: 0.826 ms
Execution time: 4058.412 ms
