Nested Loop  (cost=87687.83..503407.02 rows=18509 width=0) (actual time=5077.040..11258.857 rows=604241 loops=1)
  ->  Hash Join  (cost=87687.40..453057.22 rows=95636 width=8) (actual time=5076.910..8231.756 rows=604241 loops=1)
        Hash Cond: (mi.movie_id = mc.movie_id)
        ->  Seq Scan on movie_info mi  (cost=0.00..346232.03 rows=17937 width=4) (actual time=3325.030..5249.493 rows=30180 loops=1)
              Filter: (info_type_id = 110)
              Rows Removed by Filter: 14805540
        ->  Hash  (cost=44881.29..44881.29 rows=2609129 width=4) (actual time=1711.348..1711.348 rows=2609129 loops=1)
              Buckets: 131072  Batches: 64  Memory Usage: 2532kB
              ->  Seq Scan on movie_companies mc  (cost=0.00..44881.29 rows=2609129 width=4) (actual time=0.034..867.753 rows=2609129 loops=1)
  ->  Index Only Scan using title_pkey on title t  (cost=0.43..0.52 rows=1 width=4) (actual time=0.004..0.005 rows=1 loops=604241)
        Index Cond: (id = mc.movie_id)
        Heap Fetches: 604241
Planning time: 1.015 ms
Execution time: 11358.616 ms
