Hash Join  (cost=94973.51..175675.57 rows=774281 width=0) (actual time=1867.444..3700.079 rows=316231 loops=1)
  Hash Cond: (mc.movie_id = t.id)
  ->  Seq Scan on movie_companies mc  (cost=0.00..51404.11 rows=1173627 width=4) (actual time=0.024..905.877 rows=1181716 loops=1)
        Filter: (company_id > 12594)
        Rows Removed by Filter: 1427413
  ->  Hash  (cost=67604.59..67604.59 rows=1668154 width=4) (actual time=1866.136..1866.136 rows=1674098 loops=1)
        Buckets: 131072  Batches: 32  Memory Usage: 2869kB
        ->  Seq Scan on title t  (cost=0.00..67604.59 rows=1668154 width=4) (actual time=0.021..1320.876 rows=1674098 loops=1)
              Filter: (kind_id > 3)
              Rows Removed by Filter: 854214
Planning time: 0.739 ms
Execution time: 3736.796 ms
