Seq Scan on cast_info ci  (cost=0.00..796071.18 rows=30373050 width=0) (actual time=0.019..43270.902 rows=30483362 loops=1)
  Filter: ((person_id > 4211) AND (role_id < 9))
  Rows Removed by Filter: 5760982
Planning time: 0.307 ms
Execution time: 47690.551 ms
