Hash Join  (cost=83074.74..447745.01 rows=1434 width=0) (actual time=1166.188..7761.987 rows=9801 loops=1)
  Hash Cond: (mi.movie_id = t.id)
  ->  Seq Scan on movie_info mi  (cost=0.00..309384.22 rows=14739122 width=4) (actual time=0.014..3935.568 rows=14835720 loops=1)
  ->  Hash  (cost=83071.67..83071.67 rows=246 width=8) (actual time=1163.839..1163.839 rows=249 loops=1)
        Buckets: 1024  Batches: 1  Memory Usage: 18kB
        ->  Nested Loop  (cost=0.43..83071.67 rows=246 width=8) (actual time=1.866..1163.583 rows=249 loops=1)
              ->  Seq Scan on movie_keyword mk  (cost=0.00..81003.12 rows=246 width=4) (actual time=1.814..1138.911 rows=249 loops=1)
                    Filter: (keyword_id = 15560)
                    Rows Removed by Filter: 4523681
              ->  Index Only Scan using title_pkey on title t  (cost=0.43..8.40 rows=1 width=4) (actual time=0.095..0.096 rows=1 loops=249)
                    Index Cond: (id = mk.movie_id)
                    Heap Fetches: 249
Planning time: 1.567 ms
Execution time: 7764.086 ms
