Hash Join  (cost=73929.67..100841.79 rows=164 width=0) (actual time=1144.290..1702.908 rows=1218 loops=1)
  Hash Cond: (mi_idx.movie_id = t.id)
  ->  Seq Scan on movie_info_idx mi_idx  (cost=0.00..21735.35 rows=1380035 width=4) (actual time=0.009..295.180 rows=1380035 loops=1)
  ->  Hash  (cost=73925.90..73925.90 rows=301 width=4) (actual time=1144.071..1144.071 rows=1407 loops=1)
        Buckets: 2048 (originally 1024)  Batches: 1 (originally 1)  Memory Usage: 66kB
        ->  Seq Scan on title t  (cost=0.00..73925.90 rows=301 width=4) (actual time=0.500..1143.226 rows=1407 loops=1)
              Filter: ((kind_id = 3) AND (production_year = 1981))
              Rows Removed by Filter: 2526905
Planning time: 0.721 ms
Execution time: 1703.165 ms
