Hash Join  (cost=962334.19..1524542.81 rows=7722670 width=0) (actual time=18061.759..34834.348 rows=11650621 loops=1)
  Hash Cond: (mi.movie_id = t.id)
  ->  Seq Scan on movie_info mi  (cost=0.00..309384.22 rows=14739122 width=4) (actual time=0.007..6356.302 rows=14835720 loops=1)
  ->  Hash  (cost=940597.69..940597.69 rows=1324840 width=8) (actual time=18060.741..18060.741 rows=1481199 loops=1)
        Buckets: 131072  Batches: 32  Memory Usage: 2821kB
        ->  Hash Join  (cost=102767.86..940597.69 rows=1324840 width=8) (actual time=14582.487..17654.685 rows=1481199 loops=1)
              Hash Cond: (ci.movie_id = t.id)
              ->  Seq Scan on cast_info ci  (cost=0.00..796071.18 rows=1324840 width=4) (actual time=12258.554..13765.850 rows=1481199 loops=1)
                    Filter: ((person_id > 1848664) AND (role_id = 4))
                    Rows Removed by Filter: 34763145
              ->  Hash  (cost=61283.27..61283.27 rows=2528527 width=4) (actual time=2321.633..2321.633 rows=2528312 loops=1)
                    Buckets: 131072  Batches: 64  Memory Usage: 2415kB
                    ->  Seq Scan on title t  (cost=0.00..61283.27 rows=2528527 width=4) (actual time=0.028..1205.419 rows=2528312 loops=1)
Planning time: 1.142 ms
Execution time: 36077.127 ms
