Hash Join  (cost=79366.51..159133.40 rows=342137 width=0) (actual time=3509.501..7685.617 rows=903250 loops=1)
  Hash Cond: (mc.movie_id = t.id)
  ->  Seq Scan on movie_companies mc  (cost=0.00..44881.29 rows=2609129 width=4) (actual time=0.018..2518.137 rows=2609129 loops=1)
  ->  Hash  (cost=73925.90..73925.90 rows=331568 width=4) (actual time=3508.678..3508.678 rows=445194 loops=1)
        Buckets: 131072  Batches: 8  Memory Usage: 2992kB
        ->  Seq Scan on title t  (cost=0.00..73925.90 rows=331568 width=4) (actual time=0.026..3334.797 rows=445194 loops=1)
              Filter: ((kind_id < 7) AND (production_year < 1996))
              Rows Removed by Filter: 2083118
Planning time: 0.624 ms
Execution time: 7802.997 ms
