Seq Scan on movie_companies mc  (cost=0.00..51404.11 rows=104 width=0) (actual time=350.236..825.131 rows=2 loops=1)
  Filter: (company_id = 69237)
  Rows Removed by Filter: 2609127
Planning time: 0.352 ms
Execution time: 825.197 ms
