Seq Scan on cast_info ci  (cost=0.00..796071.18 rows=3128143 width=0) (actual time=4123.013..15126.090 rows=3412909 loops=1)
  Filter: ((person_id > 755524) AND (role_id = 3))
  Rows Removed by Filter: 32831435
Planning time: 0.367 ms
Execution time: 15531.600 ms
