Hash Join  (cost=73929.23..456797.87 rows=1027 width=0) (actual time=1085.601..9028.283 rows=3931 loops=1)
  Hash Cond: (mi.movie_id = t.id)
  ->  Seq Scan on movie_info mi  (cost=0.00..346232.03 rows=9767026 width=4) (actual time=0.035..6483.521 rows=9911754 loops=1)
        Filter: (info_type_id > 4)
        Rows Removed by Filter: 4923966
  ->  Hash  (cost=73925.90..73925.90 rows=266 width=4) (actual time=1081.375..1081.375 rows=660 loops=1)
        Buckets: 1024  Batches: 1  Memory Usage: 32kB
        ->  Seq Scan on title t  (cost=0.00..73925.90 rows=266 width=4) (actual time=121.320..1080.861 rows=660 loops=1)
              Filter: ((kind_id = 2) AND (production_year = 1975))
              Rows Removed by Filter: 2527652
Planning time: 0.835 ms
Execution time: 9029.306 ms
