Seq Scan on movie_keyword mk  (cost=0.00..81003.12 rows=246 width=0) (actual time=0.240..1279.820 rows=281 loops=1)
  Filter: (keyword_id = 16106)
  Rows Removed by Filter: 4523649
Planning time: 0.363 ms
Execution time: 1280.070 ms
