Hash Join  (cost=190482.90..1296691.31 rows=7048324 width=0) (actual time=3670.619..36146.002 rows=7502959 loops=1)
  Hash Cond: (ci.movie_id = t.id)
  ->  Seq Scan on cast_info ci  (cost=0.00..614943.12 rows=36225612 width=4) (actual time=0.023..13413.533 rows=36244344 loops=1)
  ->  Hash  (cost=182411.29..182411.29 rows=491969 width=8) (actual time=3669.843..3669.843 rows=287021 loops=1)
        Buckets: 131072  Batches: 8  Memory Usage: 2427kB
        ->  Hash Join  (cost=102767.86..182411.29 rows=491969 width=8) (actual time=1954.300..3587.176 rows=287021 loops=1)
              Hash Cond: (mc.movie_id = t.id)
              ->  Seq Scan on movie_companies mc  (cost=0.00..57926.93 rows=491969 width=4) (actual time=0.025..953.191 rows=287021 loops=1)
                    Filter: ((company_id < 4048) AND (company_type_id = 2))
                    Rows Removed by Filter: 2322108
              ->  Hash  (cost=61283.27..61283.27 rows=2528527 width=4) (actual time=1952.873..1952.873 rows=2528312 loops=1)
                    Buckets: 131072  Batches: 64  Memory Usage: 2415kB
                    ->  Seq Scan on title t  (cost=0.00..61283.27 rows=2528527 width=4) (actual time=0.021..1130.190 rows=2528312 loops=1)
Planning time: 1.332 ms
Execution time: 37061.417 ms
