Nested Loop  (cost=351818.38..1062206.03 rows=50 width=0) (actual time=16326.796..16335.465 rows=1 loops=1)
  Join Filter: (ci.movie_id = t.id)
  ->  Hash Join  (cost=351817.95..1062039.53 rows=168 width=8) (actual time=11352.904..16335.081 rows=12 loops=1)
        Hash Cond: (ci.movie_id = mi.movie_id)
        ->  Seq Scan on cast_info ci  (cost=0.00..705507.15 rows=500 width=4) (actual time=6051.079..11002.091 rows=52 loops=1)
              Filter: (person_id = 1507153)
              Rows Removed by Filter: 36244292
        ->  Hash  (cost=346232.03..346232.03 rows=340474 width=4) (actual time=5300.934..5300.934 rows=328857 loops=1)
              Buckets: 131072  Batches: 8  Memory Usage: 2473kB
              ->  Seq Scan on movie_info mi  (cost=0.00..346232.03 rows=340474 width=4) (actual time=1945.577..5193.240 rows=328857 loops=1)
                    Filter: (info_type_id = 98)
                    Rows Removed by Filter: 14506863
  ->  Index Scan using title_pkey on title t  (cost=0.43..0.98 rows=1 width=4) (actual time=0.028..0.028 rows=0 loops=12)
        Index Cond: (id = mi.movie_id)
        Filter: (kind_id > 1)
        Rows Removed by Filter: 1
Planning time: 4.645 ms
Execution time: 16335.796 ms
