Seq Scan on movie_companies mc  (cost=0.00..51404.11 rows=104 width=0) (actual time=105.948..801.329 rows=439 loops=1)
  Filter: (company_id = 30516)
  Rows Removed by Filter: 2608690
Planning time: 0.266 ms
Execution time: 801.449 ms
