Hash Join  (cost=79775.76..112334.89 rows=65003 width=0) (actual time=1490.273..2098.786 rows=144686 loops=1)
  Hash Cond: (mi_idx.movie_id = t.id)
  ->  Seq Scan on movie_info_idx mi_idx  (cost=0.00..25185.44 rows=460978 width=4) (actual time=0.013..468.867 rows=459925 loops=1)
        Filter: (info_type_id = 99)
        Rows Removed by Filter: 920110
  ->  Hash  (cost=73925.90..73925.90 rows=356548 width=4) (actual time=1290.495..1290.495 rows=424572 loops=1)
        Buckets: 131072  Batches: 8  Memory Usage: 2898kB
        ->  Seq Scan on title t  (cost=0.00..73925.90 rows=356548 width=4) (actual time=363.256..1159.385 rows=424572 loops=1)
              Filter: ((production_year < 2005) AND (kind_id = 1))
              Rows Removed by Filter: 2103740
Planning time: 0.746 ms
Execution time: 2115.992 ms
