Hash Join  (cost=310660.87..1538032.91 rows=22897795 width=0) (actual time=7585.331..52875.083 rows=73922513 loops=1)
  Hash Cond: (ci.movie_id = t.id)
  ->  Seq Scan on cast_info ci  (cost=0.00..705507.15 rows=20024311 width=4) (actual time=0.025..15282.087 rows=20122661 loops=1)
        Filter: (role_id < 3)
        Rows Removed by Filter: 16121683
  ->  Hash  (cost=263223.74..263223.74 rows=2891370 width=8) (actual time=7584.522..7584.522 rows=2883031 loops=1)
        Buckets: 131072  Batches: 64  Memory Usage: 2810kB
        ->  Hash Join  (cost=102767.86..263223.74 rows=2891370 width=8) (actual time=2687.623..6784.503 rows=2883031 loops=1)
              Hash Cond: (mk.movie_id = t.id)
              ->  Seq Scan on movie_keyword mk  (cost=0.00..81003.12 rows=2891370 width=4) (actual time=0.016..1603.247 rows=2883031 loops=1)
                    Filter: (keyword_id > 2488)
                    Rows Removed by Filter: 1640899
              ->  Hash  (cost=61283.27..61283.27 rows=2528527 width=4) (actual time=2686.083..2686.083 rows=2528312 loops=1)
                    Buckets: 131072  Batches: 64  Memory Usage: 2425kB
                    ->  Seq Scan on title t  (cost=0.00..61283.27 rows=2528527 width=4) (actual time=0.021..1109.822 rows=2528312 loops=1)
Planning time: 1.073 ms
Execution time: 61114.209 ms
