Hash Join  (cost=797557.90..892475.62 rows=258 width=0) (actual time=31640.399..36699.873 rows=204 loops=1)
  Hash Cond: (mk.movie_id = t.id)
  ->  Seq Scan on movie_keyword mk  (cost=0.00..81003.12 rows=3709870 width=4) (actual time=0.013..4501.258 rows=3703998 loops=1)
        Filter: (keyword_id < 22373)
        Rows Removed by Filter: 819932
  ->  Hash  (cost=797555.70..797555.70 rows=176 width=8) (actual time=31597.115..31597.115 rows=24 loops=1)
        Buckets: 1024  Batches: 1  Memory Usage: 9kB
        ->  Nested Loop  (cost=0.43..797555.70 rows=176 width=8) (actual time=26867.550..31597.093 rows=24 loops=1)
              ->  Seq Scan on cast_info ci  (cost=0.00..796071.18 rows=176 width=4) (actual time=26867.455..31595.718 rows=24 loops=1)
                    Filter: ((role_id < 2) AND (person_id = 1668220))
                    Rows Removed by Filter: 36244320
              ->  Index Only Scan using title_pkey on title t  (cost=0.43..8.42 rows=1 width=4) (actual time=0.055..0.055 rows=1 loops=24)
                    Index Cond: (id = ci.movie_id)
                    Heap Fetches: 24
Planning time: 7.535 ms
Execution time: 36700.018 ms
