Hash Join  (cost=206782.96..706773.65 rows=1891676 width=0) (actual time=3834.280..20210.411 rows=15008177 loops=1)
  Hash Cond: (mi.movie_id = t.id)
  ->  Seq Scan on movie_info mi  (cost=0.00..309384.22 rows=14739122 width=4) (actual time=0.024..6006.543 rows=14835720 loops=1)
  ->  Hash  (cost=201458.45..201458.45 rows=324521 width=8) (actual time=3833.233..3833.233 rows=345359 loops=1)
        Buckets: 131072  Batches: 8  Memory Usage: 2766kB
        ->  Hash Join  (cost=102767.86..201458.45 rows=324521 width=8) (actual time=1845.124..3735.384 rows=345359 loops=1)
              Hash Cond: (mk.movie_id = t.id)
              ->  Seq Scan on movie_keyword mk  (cost=0.00..81003.12 rows=324521 width=4) (actual time=0.029..1280.560 rows=345359 loops=1)
                    Filter: (keyword_id < 287)
                    Rows Removed by Filter: 4178571
              ->  Hash  (cost=61283.27..61283.27 rows=2528527 width=4) (actual time=1842.799..1842.799 rows=2528312 loops=1)
                    Buckets: 131072  Batches: 64  Memory Usage: 2425kB
                    ->  Seq Scan on title t  (cost=0.00..61283.27 rows=2528527 width=4) (actual time=0.012..999.221 rows=2528312 loops=1)
Planning time: 1.124 ms
Execution time: 21936.048 ms
