Hash Join  (cost=134772.43..643392.51 rows=2700414 width=0) (actual time=2853.371..18738.302 rows=9311752 loops=1)
  Hash Cond: (mi.movie_id = t.id)
  ->  Seq Scan on movie_info mi  (cost=0.00..309384.22 rows=14739122 width=4) (actual time=0.005..6190.315 rows=14835720 loops=1)
  ->  Hash  (cost=127171.65..127171.65 rows=463262 width=8) (actual time=2852.655..2852.655 rows=569398 loops=1)
        Buckets: 131072  Batches: 8  Memory Usage: 3827kB
        ->  Hash Join  (cost=81530.55..127171.65 rows=463262 width=8) (actual time=1448.538..2703.652 rows=569398 loops=1)
              Hash Cond: (mi_idx.movie_id = t.id)
              ->  Seq Scan on movie_info_idx mi_idx  (cost=0.00..21735.35 rows=1380035 width=4) (actual time=0.009..408.620 rows=1380035 loops=1)
              ->  Hash  (cost=67604.59..67604.59 rows=848797 width=4) (actual time=1447.696..1447.696 rows=849141 loops=1)
                    Buckets: 131072  Batches: 16  Memory Usage: 2892kB
                    ->  Seq Scan on title t  (cost=0.00..67604.59 rows=848797 width=4) (actual time=0.012..1171.999 rows=849141 loops=1)
                          Filter: (production_year < 1996)
                          Rows Removed by Filter: 1679171
Planning time: 2.719 ms
Execution time: 19835.368 ms
