Seq Scan on movie_companies mc  (cost=0.00..51404.11 rows=104 width=0) (actual time=376.418..795.241 rows=30 loops=1)
  Filter: (company_id = 97188)
  Rows Removed by Filter: 2609099
Planning time: 0.337 ms
Execution time: 795.333 ms
