Hash Join  (cost=131622.73..1224080.51 rows=4777006 width=0) (actual time=2956.465..37122.480 rows=15980438 loops=1)
  Hash Cond: (ci.movie_id = t.id)
  ->  Seq Scan on cast_info ci  (cost=0.00..705507.15 rows=29194559 width=4) (actual time=0.019..15679.239 rows=29274984 loops=1)
        Filter: (person_id > 673545)
        Rows Removed by Filter: 6969360
  ->  Hash  (cost=124834.06..124834.06 rows=413734 width=8) (actual time=2955.624..2955.624 rows=742958 loops=1)
        Buckets: 131072 (originally 131072)  Batches: 16 (originally 8)  Memory Usage: 3073kB
        ->  Hash Join  (cost=80042.24..124834.06 rows=413734 width=8) (actual time=1309.286..2742.777 rows=742958 loops=1)
              Hash Cond: (mi_idx.movie_id = t.id)
              ->  Seq Scan on movie_info_idx mi_idx  (cost=0.00..21735.35 rows=1380035 width=4) (actual time=0.012..469.732 rows=1380035 loops=1)
              ->  Hash  (cost=67604.59..67604.59 rows=758052 width=4) (actual time=1308.076..1308.076 rows=753677 loops=1)
                    Buckets: 131072  Batches: 16  Memory Usage: 2677kB
                    ->  Seq Scan on title t  (cost=0.00..67604.59 rows=758052 width=4) (actual time=0.022..1071.728 rows=753677 loops=1)
                          Filter: (kind_id < 3)
                          Rows Removed by Filter: 1774635
Planning time: 3.770 ms
Execution time: 38975.998 ms
