Nested Loop  (cost=0.43..798386.14 rows=168 width=0) (actual time=13069.674..14158.459 rows=27 loops=1)
  ->  Seq Scan on cast_info ci  (cost=0.00..796071.18 rows=276 width=4) (actual time=13069.216..14157.023 rows=37 loops=1)
        Filter: ((role_id < 3) AND (person_id = 413598))
        Rows Removed by Filter: 36244307
  ->  Index Scan using title_pkey on title t  (cost=0.43..8.38 rows=1 width=4) (actual time=0.037..0.037 rows=1 loops=37)
        Index Cond: (id = ci.movie_id)
        Filter: (kind_id = 7)
        Rows Removed by Filter: 0
Planning time: 0.849 ms
Execution time: 14158.570 ms
