Hash Join  (cost=1049437.71..4864893.31 rows=209070022 width=0) (actual time=27321.017..176594.324 rows=438470175 loops=1)
  Hash Cond: (ci.movie_id = t.id)
  ->  Seq Scan on cast_info ci  (cost=0.00..614943.12 rows=36225612 width=4) (actual time=0.294..14101.558 rows=36244344 loops=1)
  ->  Hash  (cost=810021.61..810021.61 rows=14592968 width=8) (actual time=27317.133..27317.133 rows=14637966 loops=1)
        Buckets: 131072  Batches: 256  Memory Usage: 3242kB
        ->  Hash Join  (cost=102767.86..810021.61 rows=14592968 width=8) (actual time=2040.024..22733.209 rows=14637966 loops=1)
              Hash Cond: (mi.movie_id = t.id)
              ->  Seq Scan on movie_info mi  (cost=0.00..346232.03 rows=14592968 width=4) (actual time=0.040..7969.898 rows=14637966 loops=1)
                    Filter: (info_type_id < 107)
                    Rows Removed by Filter: 197754
              ->  Hash  (cost=61283.27..61283.27 rows=2528527 width=4) (actual time=2038.579..2038.579 rows=2528312 loops=1)
                    Buckets: 131072  Batches: 64  Memory Usage: 2425kB
                    ->  Seq Scan on title t  (cost=0.00..61283.27 rows=2528527 width=4) (actual time=0.014..1194.833 rows=2528312 loops=1)
Planning time: 1.073 ms
Execution time: 224330.835 ms
