Seq Scan on movie_keyword mk  (cost=0.00..81003.12 rows=322821 width=0) (actual time=0.019..1249.269 rows=319103 loops=1)
  Filter: (keyword_id > 51147)
  Rows Removed by Filter: 4204827
Planning time: 0.215 ms
Execution time: 1290.646 ms
