Hash Join  (cost=74288.88..103011.04 rows=10509 width=0) (actual time=1065.349..1901.906 rows=16570 loops=1)
  Hash Cond: (mi_idx.movie_id = t.id)
  ->  Seq Scan on movie_info_idx mi_idx  (cost=0.00..25185.44 rows=915101 width=4) (actual time=0.012..493.987 rows=919850 loops=1)
        Filter: (info_type_id < 101)
        Rows Removed by Filter: 460185
  ->  Hash  (cost=73925.90..73925.90 rows=29038 width=4) (actual time=1064.351..1064.351 rows=112511 loops=1)
        Buckets: 131072 (originally 32768)  Batches: 2 (originally 1)  Memory Usage: 3073kB
        ->  Seq Scan on title t  (cost=0.00..73925.90 rows=29038 width=4) (actual time=0.008..1020.620 rows=112511 loops=1)
              Filter: ((production_year < 1929) AND (kind_id = 1))
              Rows Removed by Filter: 2415801
Planning time: 0.777 ms
Execution time: 1904.727 ms
