Nested Loop  (cost=0.43..83072.90 rows=59 width=0) (actual time=441.806..1351.139 rows=13 loops=1)
  ->  Seq Scan on movie_keyword mk  (cost=0.00..81003.12 rows=246 width=4) (actual time=19.722..1350.161 rows=22 loops=1)
        Filter: (keyword_id = 51599)
        Rows Removed by Filter: 4523908
  ->  Index Scan using title_pkey on title t  (cost=0.43..8.40 rows=1 width=4) (actual time=0.038..0.039 rows=1 loops=22)
        Index Cond: (id = mk.movie_id)
        Filter: ((kind_id < 7) AND (production_year < 2007))
        Rows Removed by Filter: 0
Planning time: 0.720 ms
Execution time: 1351.242 ms
