Hash Join  (cost=217517.61..1422037.38 rows=16618460 width=0) (actual time=10817.284..79871.449 rows=31262992 loops=1)
  Hash Cond: (ci.movie_id = t.id)
  ->  Seq Scan on cast_info ci  (cost=0.00..614943.12 rows=36225612 width=4) (actual time=0.016..37074.220 rows=36244344 loops=1)
  ->  Hash  (cost=198486.13..198486.13 rows=1159959 width=8) (actual time=10815.945..10815.945 rows=1265771 loops=1)
        Buckets: 131072 (originally 131072)  Batches: 32 (originally 16)  Memory Usage: 3073kB
        ->  Hash Join  (cost=102767.86..198486.13 rows=1159959 width=8) (actual time=5534.978..10453.554 rows=1265771 loops=1)
              Hash Cond: (mc.movie_id = t.id)
              ->  Seq Scan on movie_companies mc  (cost=0.00..57926.93 rows=1159959 width=4) (actual time=0.021..3119.749 rows=1265771 loops=1)
                    Filter: ((company_id > 160) AND (company_type_id > 1))
                    Rows Removed by Filter: 1343358
              ->  Hash  (cost=61283.27..61283.27 rows=2528527 width=4) (actual time=5534.006..5534.006 rows=2528312 loops=1)
                    Buckets: 131072  Batches: 64  Memory Usage: 2415kB
                    ->  Seq Scan on title t  (cost=0.00..61283.27 rows=2528527 width=4) (actual time=0.017..4186.346 rows=2528312 loops=1)
Planning time: 1.116 ms
Execution time: 83178.483 ms
