Seq Scan on movie_keyword mk  (cost=0.00..81003.12 rows=246 width=0) (actual time=0.253..1321.109 rows=419 loops=1)
  Filter: (keyword_id = 21472)
  Rows Removed by Filter: 4523511
Planning time: 0.243 ms
Execution time: 1321.365 ms
