Hash Join  (cost=156649.15..263006.30 rows=322924 width=0) (actual time=3659.012..6208.939 rows=1357937 loops=1)
  Hash Cond: (mk.movie_id = t.id)
  ->  Seq Scan on movie_keyword mk  (cost=0.00..81003.12 rows=1756211 width=4) (actual time=0.025..1472.677 rows=1758510 loops=1)
        Filter: (keyword_id > 7877)
        Rows Removed by Filter: 2765420
  ->  Hash  (cost=149020.47..149020.47 rows=464934 width=8) (actual time=3658.217..3658.217 rows=460185 loops=1)
        Buckets: 131072  Batches: 8  Memory Usage: 3286kB
        ->  Hash Join  (cost=102767.86..149020.47 rows=464934 width=8) (actual time=2174.023..3512.847 rows=460185 loops=1)
              Hash Cond: (mi_idx.movie_id = t.id)
              ->  Seq Scan on movie_info_idx mi_idx  (cost=0.00..25185.44 rows=464934 width=4) (actual time=0.016..508.058 rows=460185 loops=1)
                    Filter: (info_type_id > 100)
                    Rows Removed by Filter: 919850
              ->  Hash  (cost=61283.27..61283.27 rows=2528527 width=4) (actual time=2171.913..2171.913 rows=2528312 loops=1)
                    Buckets: 131072  Batches: 64  Memory Usage: 2415kB
                    ->  Seq Scan on title t  (cost=0.00..61283.27 rows=2528527 width=4) (actual time=0.026..1086.746 rows=2528312 loops=1)
Planning time: 3.087 ms
Execution time: 6350.197 ms
