Hash Join  (cost=423142.63..1175240.84 rows=130909 width=0) (actual time=6926.902..23804.622 rows=1965230 loops=1)
  Hash Cond: (ci.movie_id = t.id)
  ->  Seq Scan on cast_info ci  (cost=0.00..614943.12 rows=36225612 width=4) (actual time=0.017..8819.731 rows=36244344 loops=1)
  ->  Hash  (cost=423028.42..423028.42 rows=9137 width=8) (actual time=6926.514..6926.514 rows=16194 loops=1)
        Buckets: 16384  Batches: 1  Memory Usage: 761kB
        ->  Hash Join  (cost=74394.67..423028.42 rows=9137 width=8) (actual time=1885.257..6921.040 rows=16194 loops=1)
              Hash Cond: (mi.movie_id = t.id)
              ->  Seq Scan on movie_info mi  (cost=0.00..346232.03 rows=616095 width=4) (actual time=667.755..5648.650 rows=598457 loops=1)
                    Filter: (info_type_id = 15)
                    Rows Removed by Filter: 14237263
              ->  Hash  (cost=73925.90..73925.90 rows=37501 width=4) (actual time=1162.600..1162.600 rows=32253 loops=1)
                    Buckets: 65536  Batches: 1  Memory Usage: 1646kB
                    ->  Seq Scan on title t  (cost=0.00..73925.90 rows=37501 width=4) (actual time=0.031..1149.216 rows=32253 loops=1)
                          Filter: ((kind_id < 7) AND (production_year = 2005))
                          Rows Removed by Filter: 2496059
Planning time: 1.251 ms
Execution time: 24054.580 ms
