Hash Join  (cost=194044.22..343016.60 rows=1607684 width=0) (actual time=6616.964..8517.202 rows=769134 loops=1)
  Hash Cond: (mk.movie_id = t.id)
  ->  Seq Scan on movie_keyword mk  (cost=0.00..81003.12 rows=4157443 width=4) (actual time=0.023..1742.579 rows=4159321 loops=1)
        Filter: (keyword_id < 46013)
        Rows Removed by Filter: 364609
  ->  Hash  (cost=178001.95..178001.95 rows=977782 width=8) (actual time=4876.013..4876.013 rows=465794 loops=1)
        Buckets: 131072  Batches: 16  Memory Usage: 2160kB
        ->  Hash Join  (cost=89472.60..178001.95 rows=977782 width=8) (actual time=1629.057..4136.764 rows=465794 loops=1)
              Hash Cond: (mc.movie_id = t.id)
              ->  Seq Scan on movie_companies mc  (cost=0.00..44881.29 rows=2609129 width=4) (actual time=0.023..896.244 rows=2609129 loops=1)
              ->  Hash  (cost=73925.90..73925.90 rows=947576 width=4) (actual time=1627.962..1627.962 rows=876037 loops=1)
                    Buckets: 131072  Batches: 16  Memory Usage: 2949kB
                    ->  Seq Scan on title t  (cost=0.00..73925.90 rows=947576 width=4) (actual time=0.036..1349.787 rows=876037 loops=1)
                          Filter: ((production_year < 2007) AND (kind_id = 7))
                          Rows Removed by Filter: 1652275
Planning time: 1.128 ms
Execution time: 8601.094 ms
