Hash Join  (cost=119777.99..244215.40 rows=199838 width=0) (actual time=2251.860..5944.286 rows=2550984 loops=1)
  Hash Cond: (mk.movie_id = t.id)
  ->  Seq Scan on movie_keyword mk  (cost=0.00..69693.30 rows=4523930 width=4) (actual time=0.023..1383.754 rows=4523930 loops=1)
  ->  Hash  (cost=117944.81..117944.81 rows=111694 width=8) (actual time=2250.812..2250.812 rows=240325 loops=1)
        Buckets: 131072 (originally 131072)  Batches: 4 (originally 2)  Memory Usage: 3386kB
        ->  Hash Join  (cost=83891.93..117944.81 rows=111694 width=8) (actual time=1264.275..2166.536 rows=240325 loops=1)
              Hash Cond: (mi_idx.movie_id = t.id)
              ->  Seq Scan on movie_info_idx mi_idx  (cost=0.00..25185.44 rows=464934 width=4) (actual time=0.016..477.103 rows=460185 loops=1)
                    Filter: (info_type_id > 100)
                    Rows Removed by Filter: 919850
              ->  Hash  (cost=73925.90..73925.90 rows=607442 width=4) (actual time=1263.594..1263.594 rows=675690 loops=1)
                    Buckets: 131072  Batches: 8  Memory Usage: 4012kB
                    ->  Seq Scan on title t  (cost=0.00..73925.90 rows=607442 width=4) (actual time=0.032..1068.829 rows=675690 loops=1)
                          Filter: ((kind_id < 7) AND (production_year < 2007))
                          Rows Removed by Filter: 1852622
Planning time: 1.118 ms
Execution time: 6249.121 ms
