Hash Join  (cost=235951.21..403198.69 rows=3249553 width=0) (actual time=5433.257..10180.115 rows=4860262 loops=1)
  Hash Cond: (mk.movie_id = t.id)
  ->  Seq Scan on movie_keyword mk  (cost=0.00..69693.30 rows=4523930 width=4) (actual time=0.017..1459.993 rows=4523930 loops=1)
  ->  Hash  (cost=206153.09..206153.09 rows=1816249 width=8) (actual time=5432.468..5432.468 rows=1264724 loops=1)
        Buckets: 131072  Batches: 32  Memory Usage: 2547kB
        ->  Hash Join  (cost=102803.67..206153.09 rows=1816249 width=8) (actual time=2011.560..5055.085 rows=1264724 loops=1)
              Hash Cond: (mc.movie_id = t.id)
              ->  Seq Scan on movie_companies mc  (cost=0.00..44881.29 rows=2609129 width=4) (actual time=0.024..1007.343 rows=2609129 loops=1)
              ->  Hash  (cost=73925.90..73925.90 rows=1760141 width=4) (actual time=2010.125..2010.125 rows=1754586 loops=1)
                    Buckets: 131072  Batches: 32  Memory Usage: 2955kB
                    ->  Seq Scan on title t  (cost=0.00..73925.90 rows=1760141 width=4) (actual time=0.022..1442.324 rows=1754586 loops=1)
                          Filter: ((kind_id > 1) AND (production_year < 2013))
                          Rows Removed by Filter: 773726
Planning time: 1.004 ms
Execution time: 10747.971 ms
