Seq Scan on cast_info ci  (cost=0.00..796071.18 rows=4957526 width=0) (actual time=10524.314..14909.591 rows=6131876 loops=1)
  Filter: ((person_id < 2528434) AND (role_id = 2))
  Rows Removed by Filter: 30112468
Planning time: 0.398 ms
Execution time: 15670.637 ms
