Hash Join  (cost=192179.41..991006.78 rows=203209 width=0) (actual time=1367.304..19648.358 rows=779133 loops=1)
  Hash Cond: (ci.movie_id = t.id)
  ->  Seq Scan on cast_info ci  (cost=0.00..705507.15 rows=24343500 width=4) (actual time=0.025..12823.999 rows=24443585 loops=1)
        Filter: (person_id > 1159402)
        Rows Removed by Filter: 11800759
  ->  Hash  (cost=191915.58..191915.58 rows=21107 width=8) (actual time=1366.390..1366.390 rows=17737 loops=1)
        Buckets: 32768  Batches: 1  Memory Usage: 949kB
        ->  Nested Loop  (cost=0.43..191915.58 rows=21107 width=8) (actual time=103.784..1358.509 rows=17737 loops=1)
              ->  Seq Scan on movie_keyword mk  (cost=0.00..81003.12 rows=21107 width=4) (actual time=103.687..1167.556 rows=17737 loops=1)
                    Filter: (keyword_id > 119003)
                    Rows Removed by Filter: 4506193
              ->  Index Only Scan using title_pkey on title t  (cost=0.43..5.24 rows=1 width=4) (actual time=0.010..0.010 rows=1 loops=17737)
                    Index Cond: (id = mk.movie_id)
                    Heap Fetches: 17737
Planning time: 1.200 ms
Execution time: 19754.802 ms
