Hash Join  (cost=102767.86..188513.04 rows=745492 width=0) (actual time=2018.648..3868.356 rows=530859 loops=1)
  Hash Cond: (mc.movie_id = t.id)
  ->  Seq Scan on movie_companies mc  (cost=0.00..57926.93 rows=745492 width=4) (actual time=0.023..1055.915 rows=530859 loops=1)
        Filter: ((company_id > 6986) AND (company_type_id = 1))
        Rows Removed by Filter: 2078270
  ->  Hash  (cost=61283.27..61283.27 rows=2528527 width=4) (actual time=2017.312..2017.312 rows=2528312 loops=1)
        Buckets: 131072  Batches: 64  Memory Usage: 2415kB
        ->  Seq Scan on title t  (cost=0.00..61283.27 rows=2528527 width=4) (actual time=0.014..1191.592 rows=2528312 loops=1)
Planning time: 0.733 ms
Execution time: 3926.868 ms
