Nested Loop  (cost=0.43..83072.29 rows=96 width=0) (actual time=124.994..1250.179 rows=6 loops=1)
  ->  Seq Scan on movie_keyword mk  (cost=0.00..81003.12 rows=246 width=4) (actual time=124.917..1247.833 rows=8 loops=1)
        Filter: (keyword_id = 53058)
        Rows Removed by Filter: 4523922
  ->  Index Scan using title_pkey on title t  (cost=0.43..8.40 rows=1 width=4) (actual time=0.285..0.286 rows=1 loops=8)
        Index Cond: (id = mk.movie_id)
        Filter: (kind_id < 7)
        Rows Removed by Filter: 0
Planning time: 0.748 ms
Execution time: 1250.280 ms
