Nested Loop  (cost=0.43..83072.29 rows=41 width=0) (actual time=3.384..1405.776 rows=537 loops=1)
  ->  Seq Scan on movie_keyword mk  (cost=0.00..81003.12 rows=246 width=4) (actual time=0.105..1328.625 rows=1922 loops=1)
        Filter: (keyword_id = 832)
        Rows Removed by Filter: 4522008
  ->  Index Scan using title_pkey on title t  (cost=0.43..8.40 rows=1 width=4) (actual time=0.039..0.039 rows=0 loops=1922)
        Index Cond: (id = mk.movie_id)
        Filter: (production_year < 1973)
        Rows Removed by Filter: 1
Planning time: 0.727 ms
Execution time: 1406.126 ms
