Seq Scan on cast_info ci  (cost=0.00..796071.18 rows=7819620 width=0) (actual time=2863.173..14435.788 rows=2592889 loops=1)
  Filter: ((person_id > 1374610) AND (role_id < 2))
  Rows Removed by Filter: 33651455
Planning time: 0.320 ms
Execution time: 14761.847 ms
