Hash Join  (cost=88295.76..126097.40 rows=231708 width=0) (actual time=1696.382..2732.103 rows=194990 loops=1)
  Hash Cond: (mi_idx.movie_id = t.id)
  ->  Seq Scan on movie_info_idx mi_idx  (cost=0.00..25185.44 rows=464566 width=4) (actual time=0.022..551.805 rows=459925 loops=1)
        Filter: (info_type_id = 101)
        Rows Removed by Filter: 920110
  ->  Hash  (cost=67604.59..67604.59 rows=1261134 width=4) (actual time=1695.144..1695.144 rows=1260295 loops=1)
        Buckets: 131072  Batches: 32  Memory Usage: 2413kB
        ->  Seq Scan on title t  (cost=0.00..67604.59 rows=1261134 width=4) (actual time=0.023..1269.431 rows=1260295 loops=1)
              Filter: (production_year > 2002)
              Rows Removed by Filter: 1268017
Planning time: 0.726 ms
Execution time: 2755.512 ms
