Hash Join  (cost=214030.01..770648.29 rows=7198735 width=0) (actual time=4731.156..27808.967 rows=35631023 loops=1)
  Hash Cond: (mi.movie_id = t.id)
  ->  Seq Scan on movie_info mi  (cost=0.00..309384.22 rows=14739122 width=4) (actual time=0.018..6369.947 rows=14835720 loops=1)
  ->  Hash  (cost=193768.04..193768.04 rows=1234958 width=8) (actual time=4728.614..4728.614 rows=1223559 loops=1)
        Buckets: 131072  Batches: 32  Memory Usage: 2547kB
        ->  Hash Join  (cost=102767.86..193768.04 rows=1234958 width=8) (actual time=1876.021..4364.302 rows=1223559 loops=1)
              Hash Cond: (mc.movie_id = t.id)
              ->  Seq Scan on movie_companies mc  (cost=0.00..51404.11 rows=1234958 width=4) (actual time=0.021..1009.620 rows=1223559 loops=1)
                    Filter: (company_id < 11141)
                    Rows Removed by Filter: 1385570
              ->  Hash  (cost=61283.27..61283.27 rows=2528527 width=4) (actual time=1874.888..1874.888 rows=2528312 loops=1)
                    Buckets: 131072  Batches: 64  Memory Usage: 2415kB
                    ->  Seq Scan on title t  (cost=0.00..61283.27 rows=2528527 width=4) (actual time=0.027..1066.902 rows=2528312 loops=1)
Planning time: 1.161 ms
Execution time: 31746.372 ms
