Hash Join  (cost=83074.51..109985.69 rows=70 width=0) (actual time=1223.667..1778.773 rows=27 loops=1)
  Hash Cond: (mi_idx.movie_id = t.id)
  ->  Seq Scan on movie_info_idx mi_idx  (cost=0.00..21735.35 rows=1380035 width=4) (actual time=0.017..308.925 rows=1380035 loops=1)
  ->  Hash  (cost=83072.90..83072.90 rows=129 width=8) (actual time=1220.282..1220.282 rows=34 loops=1)
        Buckets: 1024  Batches: 1  Memory Usage: 10kB
        ->  Nested Loop  (cost=0.43..83072.90 rows=129 width=8) (actual time=485.700..1220.245 rows=34 loops=1)
              ->  Seq Scan on movie_keyword mk  (cost=0.00..81003.12 rows=246 width=4) (actual time=14.313..1193.663 rows=318 loops=1)
                    Filter: (keyword_id = 22049)
                    Rows Removed by Filter: 4523612
              ->  Index Scan using title_pkey on title t  (cost=0.43..8.40 rows=1 width=4) (actual time=0.081..0.081 rows=0 loops=318)
                    Index Cond: (id = mk.movie_id)
                    Filter: ((production_year > 1963) AND (kind_id = 7))
                    Rows Removed by Filter: 1
Planning time: 1.122 ms
Execution time: 1778.945 ms
