Seq Scan on movie_keyword mk  (cost=0.00..81003.12 rows=368449 width=0) (actual time=0.028..1178.402 rows=366961 loops=1)
  Filter: (keyword_id > 45880)
  Rows Removed by Filter: 4156969
Planning time: 0.311 ms
Execution time: 1219.704 ms
