Seq Scan on cast_info ci  (cost=0.00..796071.18 rows=435 width=0) (actual time=7520.370..14734.175 rows=405 loops=1)
  Filter: ((role_id < 10) AND (person_id = 2919643))
  Rows Removed by Filter: 36243939
Planning time: 0.407 ms
Execution time: 14734.321 ms
