Hash Join  (cost=102767.86..301161.64 rows=4467979 width=0) (actual time=1847.702..7019.592 rows=4466327 loops=1)
  Hash Cond: (mk.movie_id = t.id)
  ->  Seq Scan on movie_keyword mk  (cost=0.00..81003.12 rows=4467979 width=4) (actual time=0.026..1719.122 rows=4466327 loops=1)
        Filter: (keyword_id > 55)
        Rows Removed by Filter: 57603
  ->  Hash  (cost=61283.27..61283.27 rows=2528527 width=4) (actual time=1846.363..1846.363 rows=2528312 loops=1)
        Buckets: 131072  Batches: 64  Memory Usage: 2425kB
        ->  Seq Scan on title t  (cost=0.00..61283.27 rows=2528527 width=4) (actual time=0.016..991.728 rows=2528312 loops=1)
Planning time: 0.763 ms
Execution time: 7508.836 ms
