Hash Join  (cost=191379.31..713188.30 rows=3936507 width=0) (actual time=4139.123..20333.179 rows=14649601 loops=1)
  Hash Cond: (mi.movie_id = t.id)
  ->  Seq Scan on movie_info mi  (cost=0.00..309384.22 rows=14739122 width=4) (actual time=0.023..6031.060 rows=14835720 loops=1)
  ->  Hash  (cost=180299.86..180299.86 rows=675316 width=8) (actual time=4138.070..4138.070 rows=667415 loops=1)
        Buckets: 131072  Batches: 16  Memory Usage: 2680kB
        ->  Hash Join  (cost=102767.86..180299.86 rows=675316 width=8) (actual time=2047.924..3935.905 rows=667415 loops=1)
              Hash Cond: (mc.movie_id = t.id)
              ->  Seq Scan on movie_companies mc  (cost=0.00..51404.11 rows=675316 width=4) (actual time=0.014..954.260 rows=667415 loops=1)
                    Filter: (company_id < 1039)
                    Rows Removed by Filter: 1941714
              ->  Hash  (cost=61283.27..61283.27 rows=2528527 width=4) (actual time=2046.731..2046.731 rows=2528312 loops=1)
                    Buckets: 131072  Batches: 64  Memory Usage: 2415kB
                    ->  Seq Scan on title t  (cost=0.00..61283.27 rows=2528527 width=4) (actual time=0.025..1190.550 rows=2528312 loops=1)
Planning time: 1.180 ms
Execution time: 21841.842 ms
