Seq Scan on movie_keyword mk  (cost=0.00..81003.12 rows=3771991 width=0) (actual time=0.025..1545.801 rows=3766764 loops=1)
  Filter: (keyword_id > 696)
  Rows Removed by Filter: 757166
Planning time: 0.294 ms
Execution time: 1999.881 ms
