Hash Join  (cost=190230.21..276811.17 rows=955131 width=0) (actual time=4208.323..7449.320 rows=2863544 loops=1)
  Hash Cond: (mc.movie_id = t.id)
  ->  Seq Scan on movie_companies mc  (cost=0.00..51404.11 rows=1750009 width=4) (actual time=0.026..1086.324 rows=1742634 loops=1)
        Filter: (company_id < 23893)
        Rows Removed by Filter: 866495
  ->  Hash  (cost=167588.78..167588.78 rows=1380035 width=8) (actual time=4207.214..4207.214 rows=1380035 loops=1)
        Buckets: 131072  Batches: 32  Memory Usage: 2708kB
        ->  Hash Join  (cost=102767.86..167588.78 rows=1380035 width=8) (actual time=1958.192..3837.107 rows=1380035 loops=1)
              Hash Cond: (mi_idx.movie_id = t.id)
              ->  Seq Scan on movie_info_idx mi_idx  (cost=0.00..21735.35 rows=1380035 width=4) (actual time=0.023..454.094 rows=1380035 loops=1)
              ->  Hash  (cost=61283.27..61283.27 rows=2528527 width=4) (actual time=1957.429..1957.429 rows=2528312 loops=1)
                    Buckets: 131072  Batches: 64  Memory Usage: 2415kB
                    ->  Seq Scan on title t  (cost=0.00..61283.27 rows=2528527 width=4) (actual time=0.020..1110.066 rows=2528312 loops=1)
Planning time: 2.762 ms
Execution time: 7784.274 ms
