Seq Scan on movie_companies mc  (cost=0.00..51404.11 rows=104 width=0) (actual time=64.747..807.354 rows=61 loops=1)
  Filter: (company_id = 871)
  Rows Removed by Filter: 2609068
Planning time: 0.823 ms
Execution time: 807.483 ms
