Hash Join  (cost=198986.85..243254.23 rows=383190 width=0) (actual time=3908.821..5124.323 rows=561549 loops=1)
  Hash Cond: (mi_idx.movie_id = t.id)
  ->  Seq Scan on movie_info_idx mi_idx  (cost=0.00..21735.35 rows=1380035 width=4) (actual time=0.015..476.130 rows=1380035 loops=1)
  ->  Hash  (cost=187467.74..187467.74 rows=702089 width=8) (actual time=3908.005..3908.005 rows=443250 loops=1)
        Buckets: 131072  Batches: 16  Memory Usage: 2098kB
        ->  Hash Join  (cost=102767.86..187467.74 rows=702089 width=8) (actual time=1998.029..3774.693 rows=443250 loops=1)
              Hash Cond: (mc.movie_id = t.id)
              ->  Seq Scan on movie_companies mc  (cost=0.00..57926.93 rows=702089 width=4) (actual time=0.030..996.201 rows=443250 loops=1)
                    Filter: ((company_id < 11738) AND (company_type_id > 1))
                    Rows Removed by Filter: 2165879
              ->  Hash  (cost=61283.27..61283.27 rows=2528527 width=4) (actual time=1997.173..1997.173 rows=2528312 loops=1)
                    Buckets: 131072  Batches: 64  Memory Usage: 2415kB
                    ->  Seq Scan on title t  (cost=0.00..61283.27 rows=2528527 width=4) (actual time=0.015..1143.760 rows=2528312 loops=1)
Planning time: 1.392 ms
Execution time: 5179.495 ms
