Hash Join  (cost=102767.86..1093662.75 rows=7686013 width=0) (actual time=6240.166..18421.658 rows=2362603 loops=1)
  Hash Cond: (ci.movie_id = t.id)
  ->  Seq Scan on cast_info ci  (cost=0.00..796071.18 rows=7686013 width=4) (actual time=4330.830..14145.835 rows=2362603 loops=1)
        Filter: ((person_id > 1405789) AND (role_id = 1))
        Rows Removed by Filter: 33881741
  ->  Hash  (cost=61283.27..61283.27 rows=2528527 width=4) (actual time=1907.835..1907.835 rows=2528312 loops=1)
        Buckets: 131072  Batches: 64  Memory Usage: 2415kB
        ->  Seq Scan on title t  (cost=0.00..61283.27 rows=2528527 width=4) (actual time=0.025..1062.698 rows=2528312 loops=1)
Planning time: 0.751 ms
Execution time: 18685.953 ms
