Seq Scan on movie_companies mc  (cost=0.00..51404.11 rows=9045 width=0) (actual time=0.035..826.327 rows=9466 loops=1)
  Filter: (company_id = 1451)
  Rows Removed by Filter: 2599663
Planning time: 0.362 ms
Execution time: 828.208 ms
