Hash Join  (cost=459828.42..1538588.70 rows=4376313 width=0) (actual time=7658.547..36815.414 rows=4469823 loops=1)
  Hash Cond: (ci.movie_id = t.id)
  ->  Seq Scan on cast_info ci  (cost=0.00..614943.12 rows=36225612 width=4) (actual time=0.025..13284.005 rows=36244344 loops=1)
  ->  Hash  (cost=454816.12..454816.12 rows=305464 width=8) (actual time=7657.776..7657.776 rows=164190 loops=1)
        Buckets: 131072  Batches: 4  Memory Usage: 2616kB
        ->  Hash Join  (cost=93362.60..454816.12 rows=305464 width=8) (actual time=4641.454..7600.896 rows=164190 loops=1)
              Hash Cond: (mi.movie_id = t.id)
              ->  Seq Scan on movie_info mi  (cost=0.00..346232.03 rows=651960 width=4) (actual time=2962.076..5400.864 rows=660923 loops=1)
                    Filter: (info_type_id = 18)
                    Rows Removed by Filter: 14174797
              ->  Hash  (cost=73925.90..73925.90 rows=1184696 width=4) (actual time=1678.161..1678.161 rows=1143935 loops=1)
                    Buckets: 131072  Batches: 16  Memory Usage: 3547kB
                    ->  Seq Scan on title t  (cost=0.00..73925.90 rows=1184696 width=4) (actual time=0.026..1321.820 rows=1143935 loops=1)
                          Filter: ((kind_id > 3) AND (production_year < 2009))
                          Rows Removed by Filter: 1384377
Planning time: 1.175 ms
Execution time: 37353.922 ms
