Hash Join  (cost=102767.86..232781.55 rows=1626250 width=0) (actual time=2325.084..5326.672 rows=1637450 loops=1)
  Hash Cond: (mk.movie_id = t.id)
  ->  Seq Scan on movie_keyword mk  (cost=0.00..81003.12 rows=1626250 width=4) (actual time=0.024..1339.797 rows=1637450 loops=1)
        Filter: (keyword_id > 9055)
        Rows Removed by Filter: 2886480
  ->  Hash  (cost=61283.27..61283.27 rows=2528527 width=4) (actual time=2323.194..2323.194 rows=2528312 loops=1)
        Buckets: 131072  Batches: 64  Memory Usage: 2425kB
        ->  Seq Scan on title t  (cost=0.00..61283.27 rows=2528527 width=4) (actual time=0.046..1178.833 rows=2528312 loops=1)
Planning time: 0.763 ms
Execution time: 5531.489 ms
