Seq Scan on movie_companies mc  (cost=0.00..51404.11 rows=993800 width=0) (actual time=0.026..936.595 rows=1003237 loops=1)
  Filter: (company_id > 16586)
  Rows Removed by Filter: 1605892
Planning time: 0.293 ms
Execution time: 1061.065 ms
