Seq Scan on movie_companies mc  (cost=0.00..51404.11 rows=104 width=0) (actual time=368.125..780.379 rows=1 loops=1)
  Filter: (company_id = 193359)
  Rows Removed by Filter: 2609128
Planning time: 0.350 ms
Execution time: 780.453 ms
