Seq Scan on cast_info ci  (cost=0.00..705507.15 rows=500 width=0) (actual time=7014.521..9893.198 rows=326 loops=1)
  Filter: (person_id = 2525969)
  Rows Removed by Filter: 36244018
Planning time: 1.817 ms
Execution time: 9893.341 ms
