Hash Join  (cost=343888.10..2092832.11 rows=56391875 width=0) (actual time=7917.718..85080.089 rows=190432214 loops=1)
  Hash Cond: (ci.movie_id = t.id)
  ->  Seq Scan on cast_info ci  (cost=0.00..614943.12 rows=36225612 width=4) (actual time=0.022..13607.499 rows=36244344 loops=1)
  ->  Hash  (cost=279310.58..279310.58 rows=3936121 width=8) (actual time=7915.953..7915.953 rows=3738158 loops=1)
        Buckets: 131072  Batches: 64  Memory Usage: 3266kB
        ->  Hash Join  (cost=103698.42..279310.58 rows=3936121 width=8) (actual time=2008.967..6908.466 rows=3738158 loops=1)
              Hash Cond: (mk.movie_id = t.id)
              ->  Seq Scan on movie_keyword mk  (cost=0.00..69693.30 rows=4523930 width=4) (actual time=0.014..1374.487 rows=4523930 loops=1)
              ->  Hash  (cost=67604.59..67604.59 rows=2199987 width=4) (actual time=2007.391..2007.391 rows=2192624 loops=1)
                    Buckets: 131072  Batches: 32  Memory Usage: 3445kB
                    ->  Seq Scan on title t  (cost=0.00..67604.59 rows=2199987 width=4) (actual time=0.011..1280.134 rows=2192624 loops=1)
                          Filter: (production_year > 1961)
                          Rows Removed by Filter: 335688
Planning time: 1.171 ms
Execution time: 105573.958 ms
