Hash Join  (cost=119590.12..606232.38 rows=640631 width=0) (actual time=2488.028..16221.081 rows=3904735 loops=1)
  Hash Cond: (mi.movie_id = t.id)
  ->  Seq Scan on movie_info mi  (cost=0.00..309384.22 rows=14739122 width=4) (actual time=0.016..6112.195 rows=14835720 loops=1)
  ->  Hash  (cost=117786.34..117786.34 rows=109902 width=8) (actual time=2415.295..2415.295 rows=179249 loops=1)
        Buckets: 131072 (originally 131072)  Batches: 4 (originally 2)  Memory Usage: 3073kB
        ->  Hash Join  (cost=83816.22..117786.34 rows=109902 width=8) (actual time=1465.329..2352.060 rows=179249 loops=1)
              Hash Cond: (mi_idx.movie_id = t.id)
              ->  Seq Scan on movie_info_idx mi_idx  (cost=0.00..25185.44 rows=460978 width=4) (actual time=0.026..513.130 rows=459925 loops=1)
                    Filter: (info_type_id < 100)
                    Rows Removed by Filter: 920110
              ->  Hash  (cost=73925.90..73925.90 rows=602825 width=4) (actual time=1464.380..1464.380 rows=487361 loops=1)
                    Buckets: 131072  Batches: 8  Memory Usage: 3179kB
                    ->  Seq Scan on title t  (cost=0.00..73925.90 rows=602825 width=4) (actual time=115.988..1311.631 rows=487361 loops=1)
                          Filter: ((production_year > 1952) AND (kind_id = 1))
                          Rows Removed by Filter: 2040951
Planning time: 1.164 ms
Execution time: 16642.639 ms
