Hash Join  (cost=156487.41..227950.03 rows=248665 width=0) (actual time=3317.603..5238.104 rows=655997 loops=1)
  Hash Cond: (mc.movie_id = t.id)
  ->  Seq Scan on movie_companies mc  (cost=0.00..51404.11 rows=1363960 width=4) (actual time=0.030..982.901 rows=1375600 loops=1)
        Filter: (company_id > 11142)
        Rows Removed by Filter: 1233529
  ->  Hash  (cost=148924.19..148924.19 rows=460978 width=8) (actual time=3316.748..3316.748 rows=459925 loops=1)
        Buckets: 131072  Batches: 8  Memory Usage: 3275kB
        ->  Hash Join  (cost=102767.86..148924.19 rows=460978 width=8) (actual time=1924.069..3176.260 rows=459925 loops=1)
              Hash Cond: (mi_idx.movie_id = t.id)
              ->  Seq Scan on movie_info_idx mi_idx  (cost=0.00..25185.44 rows=460978 width=4) (actual time=0.020..427.757 rows=459925 loops=1)
                    Filter: (info_type_id = 99)
                    Rows Removed by Filter: 920110
              ->  Hash  (cost=61283.27..61283.27 rows=2528527 width=4) (actual time=1922.347..1922.347 rows=2528312 loops=1)
                    Buckets: 131072  Batches: 64  Memory Usage: 2415kB
                    ->  Seq Scan on title t  (cost=0.00..61283.27 rows=2528527 width=4) (actual time=0.022..1080.948 rows=2528312 loops=1)
Planning time: 1.168 ms
Execution time: 5320.330 ms
