Seq Scan on movie_keyword mk  (cost=0.00..81003.12 rows=3545411 width=0) (actual time=0.029..1584.309 rows=3538466 loops=1)
  Filter: (keyword_id > 925)
  Rows Removed by Filter: 985464
Planning time: 0.329 ms
Execution time: 2016.830 ms
