Hash Join  (cost=68191.41..452863.18 rows=181340 width=0) (actual time=1033.265..8805.041 rows=173655 loops=1)
  Hash Cond: (mi.movie_id = t.id)
  ->  Seq Scan on movie_info mi  (cost=0.00..346232.03 rows=9767026 width=4) (actual time=0.008..5573.969 rows=9911754 loops=1)
        Filter: (info_type_id > 4)
        Rows Removed by Filter: 4923966
  ->  Hash  (cost=67604.59..67604.59 rows=46946 width=4) (actual time=1032.783..1032.783 rows=46583 loops=1)
        Buckets: 65536  Batches: 1  Memory Usage: 2150kB
        ->  Seq Scan on title t  (cost=0.00..67604.59 rows=46946 width=4) (actual time=0.038..1014.480 rows=46583 loops=1)
              Filter: (production_year = 1998)
              Rows Removed by Filter: 2481729
Planning time: 0.750 ms
Execution time: 8829.566 ms
