Seq Scan on cast_info ci  (cost=0.00..705507.15 rows=20199647 width=0) (actual time=0.016..12133.771 rows=20084694 loops=1)
  Filter: (person_id < 2016870)
  Rows Removed by Filter: 16159650
Planning time: 0.428 ms
Execution time: 14561.591 ms
