Hash Join  (cost=107924.17..289150.83 rows=4396971 width=0) (actual time=2640.466..8086.640 rows=4494374 loops=1)
  Hash Cond: (mk.movie_id = t.id)
  ->  Seq Scan on movie_keyword mk  (cost=0.00..69693.30 rows=4523930 width=4) (actual time=0.012..1506.558 rows=4523930 loops=1)
  ->  Hash  (cost=67604.59..67604.59 rows=2457567 width=4) (actual time=2638.702..2638.702 rows=2452703 loops=1)
        Buckets: 131072  Batches: 64  Memory Usage: 2383kB
        ->  Seq Scan on title t  (cost=0.00..67604.59 rows=2457567 width=4) (actual time=0.018..1322.010 rows=2452703 loops=1)
              Filter: (production_year < 2014)
              Rows Removed by Filter: 75609
Planning time: 0.689 ms
Execution time: 8611.252 ms
