Hash Join  (cost=73962.22..155186.56 rows=68 width=0) (actual time=1146.320..2465.464 rows=758 loops=1)
  Hash Cond: (mk.movie_id = t.id)
  ->  Seq Scan on movie_keyword mk  (cost=0.00..81003.12 rows=58811 width=4) (actual time=0.103..1301.243 rows=58448 loops=1)
        Filter: (keyword_id = 16264)
        Rows Removed by Filter: 4465482
  ->  Hash  (cost=73925.90..73925.90 rows=2905 width=4) (actual time=1145.020..1145.020 rows=8669 loops=1)
        Buckets: 16384 (originally 4096)  Batches: 1 (originally 1)  Memory Usage: 433kB
        ->  Seq Scan on title t  (cost=0.00..73925.90 rows=2905 width=4) (actual time=0.035..1140.787 rows=8669 loops=1)
              Filter: ((kind_id < 7) AND (production_year = 1989))
              Rows Removed by Filter: 2519643
Planning time: 0.734 ms
Execution time: 2465.917 ms
