Hash Join  (cost=174865.45..286822.94 rows=652666 width=0) (actual time=4658.496..7731.019 rows=2718866 loops=1)
  Hash Cond: (mk.movie_id = t.id)
  ->  Seq Scan on movie_keyword mk  (cost=0.00..81003.12 rows=1803389 width=4) (actual time=0.021..1455.697 rows=1808438 loops=1)
        Filter: (keyword_id < 2935)
        Rows Removed by Filter: 2715492
  ->  Hash  (cost=159851.69..159851.69 rows=915101 width=8) (actual time=4657.533..4657.533 rows=919850 loops=1)
        Buckets: 131072  Batches: 16  Memory Usage: 3282kB
        ->  Hash Join  (cost=102767.86..159851.69 rows=915101 width=8) (actual time=1906.897..4373.698 rows=919850 loops=1)
              Hash Cond: (mi_idx.movie_id = t.id)
              ->  Seq Scan on movie_info_idx mi_idx  (cost=0.00..25185.44 rows=915101 width=4) (actual time=0.027..591.191 rows=919850 loops=1)
                    Filter: (info_type_id < 101)
                    Rows Removed by Filter: 460185
              ->  Hash  (cost=61283.27..61283.27 rows=2528527 width=4) (actual time=1905.072..1905.072 rows=2528312 loops=1)
                    Buckets: 131072  Batches: 64  Memory Usage: 2415kB
                    ->  Seq Scan on title t  (cost=0.00..61283.27 rows=2528527 width=4) (actual time=0.024..1058.321 rows=2528312 loops=1)
Planning time: 1.088 ms
Execution time: 8036.812 ms
