Hash Join  (cost=70308.29..122562.28 rows=1094 width=0) (actual time=1162.011..2000.905 rows=5215 loops=1)
  Hash Cond: (mc.movie_id = t.id)
  ->  Seq Scan on movie_companies mc  (cost=0.00..51404.11 rows=16785 width=4) (actual time=24.992..837.928 rows=16220 loops=1)
        Filter: (company_id = 166)
        Rows Removed by Filter: 2592909
  ->  Hash  (cost=67604.59..67604.59 rows=164776 width=4) (actual time=1128.958..1128.958 rows=164307 loops=1)
        Buckets: 131072  Batches: 4  Memory Usage: 2482kB
        ->  Seq Scan on title t  (cost=0.00..67604.59 rows=164776 width=4) (actual time=0.020..1071.852 rows=164307 loops=1)
              Filter: (production_year = 2012)
              Rows Removed by Filter: 2364005
Planning time: 0.723 ms
Execution time: 2001.807 ms
