Hash Join  (cost=585495.18..1608441.57 rows=12850335 width=0) (actual time=16189.155..57226.807 rows=81055189 loops=1)
  Hash Cond: (ci.movie_id = t.id)
  ->  Seq Scan on cast_info ci  (cost=0.00..705507.15 rows=12726058 width=4) (actual time=1594.158..14385.041 rows=12670688 loops=1)
        Filter: (role_id = 1)
        Rows Removed by Filter: 23573656
  ->  Hash  (cost=543605.93..543605.93 rows=2553220 width=8) (actual time=14592.863..14592.863 rows=4583996 loops=1)
        Buckets: 131072  Batches: 64  Memory Usage: 3795kB
        ->  Hash Join  (cost=81720.25..543605.93 rows=2553220 width=8) (actual time=2050.384..13194.125 rows=4583996 loops=1)
              Hash Cond: (mi.movie_id = t.id)
              ->  Seq Scan on movie_info mi  (cost=0.00..346232.03 rows=7503588 width=4) (actual time=577.014..6272.812 rows=7548855 loops=1)
                    Filter: (info_type_id > 7)
                    Rows Removed by Filter: 7286865
              ->  Hash  (cost=67604.59..67604.59 rows=860373 width=4) (actual time=1472.174..1472.174 rows=854214 loops=1)
                    Buckets: 131072  Batches: 16  Memory Usage: 2906kB
                    ->  Seq Scan on title t  (cost=0.00..67604.59 rows=860373 width=4) (actual time=0.014..1186.974 rows=854214 loops=1)
                          Filter: (kind_id < 4)
                          Rows Removed by Filter: 1674098
Planning time: 1.184 ms
Execution time: 66017.342 ms
