Hash Join  (cost=170247.60..1350300.26 rows=14236753 width=0) (actual time=4620.784..44139.044 rows=30321363 loops=1)
  Hash Cond: (ci.movie_id = t.id)
  ->  Seq Scan on cast_info ci  (cost=0.00..614943.12 rows=36225612 width=4) (actual time=0.017..12501.671 rows=36244344 loops=1)
  ->  Hash  (cost=153944.13..153944.13 rows=993717 width=8) (actual time=4619.858..4619.858 rows=959771 loops=1)
        Buckets: 131072  Batches: 16  Memory Usage: 3369kB
        ->  Hash Join  (cost=97476.44..153944.13 rows=993717 width=8) (actual time=1882.125..4343.440 rows=959771 loops=1)
              Hash Cond: (mi_idx.movie_id = t.id)
              ->  Seq Scan on movie_info_idx mi_idx  (cost=0.00..21735.35 rows=1380035 width=4) (actual time=0.015..442.908 rows=1380035 loops=1)
              ->  Hash  (cost=67604.59..67604.59 rows=1820708 width=4) (actual time=1881.356..1881.356 rows=1813245 loops=1)
                    Buckets: 131072  Batches: 32  Memory Usage: 3022kB
                    ->  Seq Scan on title t  (cost=0.00..67604.59 rows=1820708 width=4) (actual time=0.029..1300.540 rows=1813245 loops=1)
                          Filter: (production_year > 1987)
                          Rows Removed by Filter: 715067
Planning time: 1.157 ms
Execution time: 47256.045 ms
