Seq Scan on cast_info ci  (cost=0.00..796071.18 rows=23138193 width=0) (actual time=0.025..17839.794 rows=22992669 loops=1)
  Filter: ((person_id < 3949701) AND (role_id > 1))
  Rows Removed by Filter: 13251675
Planning time: 0.325 ms
Execution time: 20692.115 ms
