Hash Join  (cost=118875.47..239252.67 rows=146121 width=0) (actual time=2270.870..4974.317 rows=472237 loops=1)
  Hash Cond: (mk.movie_id = t.id)
  ->  Seq Scan on movie_keyword mk  (cost=0.00..81003.12 rows=3240231 width=4) (actual time=0.023..1592.224 rows=3229880 loops=1)
        Filter: (keyword_id < 13647)
        Rows Removed by Filter: 1294050
  ->  Hash  (cost=117004.15..117004.15 rows=114026 width=8) (actual time=2269.439..2269.439 rows=115961 loops=1)
        Buckets: 131072  Batches: 2  Memory Usage: 3282kB
        ->  Hash Join  (cost=77354.40..117004.15 rows=114026 width=8) (actual time=1166.646..2231.328 rows=115961 loops=1)
              Hash Cond: (mi_idx.movie_id = t.id)
              ->  Seq Scan on movie_info_idx mi_idx  (cost=0.00..21735.35 rows=1380035 width=4) (actual time=0.015..452.572 rows=1380035 loops=1)
              ->  Hash  (cost=73925.90..73925.90 rows=208920 width=4) (actual time=1165.808..1165.808 rows=183835 loops=1)
                    Buckets: 131072  Batches: 4  Memory Usage: 2649kB
                    ->  Seq Scan on title t  (cost=0.00..73925.90 rows=208920 width=4) (actual time=0.037..1106.383 rows=183835 loops=1)
                          Filter: ((kind_id < 7) AND (production_year > 2009))
                          Rows Removed by Filter: 2344477
Planning time: 1.146 ms
Execution time: 5035.202 ms
