Nested Loop  (cost=0.43..798385.45 rows=276 width=0) (actual time=8187.164..13401.188 rows=1503 loops=1)
  ->  Seq Scan on cast_info ci  (cost=0.00..796071.18 rows=276 width=4) (actual time=8187.063..13383.364 rows=1503 loops=1)
        Filter: ((role_id < 3) AND (person_id = 1554493))
        Rows Removed by Filter: 36242841
  ->  Index Only Scan using title_pkey on title t  (cost=0.43..8.38 rows=1 width=4) (actual time=0.011..0.011 rows=1 loops=1503)
        Index Cond: (id = ci.movie_id)
        Heap Fetches: 1503
Planning time: 0.630 ms
Execution time: 13401.564 ms
