Hash Join  (cost=100331.52..187284.82 rows=29526 width=0) (actual time=2248.809..3719.332 rows=142505 loops=1)
  Hash Cond: (mk.movie_id = t.id)
  ->  Seq Scan on movie_keyword mk  (cost=0.00..69693.30 rows=4523930 width=4) (actual time=0.024..993.066 rows=4523930 loops=1)
  ->  Hash  (cost=100125.23..100125.23 rows=16503 width=8) (actual time=1829.916..1829.916 rows=37686 loops=1)
        Buckets: 65536 (originally 32768)  Batches: 1 (originally 1)  Memory Usage: 1985kB
        ->  Hash Join  (cost=69090.10..100125.23 rows=16503 width=8) (actual time=1199.717..1815.050 rows=37686 loops=1)
              Hash Cond: (mi_idx.movie_id = t.id)
              ->  Seq Scan on movie_info_idx mi_idx  (cost=0.00..25185.44 rows=460978 width=4) (actual time=0.017..494.911 rows=459925 loops=1)
                    Filter: (info_type_id = 99)
                    Rows Removed by Filter: 920110
              ->  Hash  (cost=67604.59..67604.59 rows=90521 width=4) (actual time=1117.028..1117.028 rows=90852 loops=1)
                    Buckets: 131072  Batches: 2  Memory Usage: 2626kB
                    ->  Seq Scan on title t  (cost=0.00..67604.59 rows=90521 width=4) (actual time=0.026..1079.495 rows=90852 loops=1)
                          Filter: (kind_id = 2)
                          Rows Removed by Filter: 2437460
Planning time: 1.133 ms
Execution time: 3737.623 ms
