Hash Join  (cost=74366.84..103126.96 rows=12822 width=0) (actual time=1080.318..1743.629 rows=8696 loops=1)
  Hash Cond: (mi_idx.movie_id = t.id)
  ->  Seq Scan on movie_info_idx mi_idx  (cost=0.00..25185.44 rows=919057 width=4) (actual time=0.022..495.078 rows=920110 loops=1)
        Filter: (info_type_id > 99)
        Rows Removed by Filter: 459925
  ->  Hash  (cost=73925.90..73925.90 rows=35275 width=4) (actual time=1079.884..1079.884 rows=11513 loops=1)
        Buckets: 65536  Batches: 1  Memory Usage: 917kB
        ->  Seq Scan on title t  (cost=0.00..73925.90 rows=35275 width=4) (actual time=437.665..1074.694 rows=11513 loops=1)
              Filter: ((production_year < 1994) AND (kind_id = 4))
              Rows Removed by Filter: 2516799
Planning time: 0.749 ms
Execution time: 1745.135 ms
