Hash Join  (cost=134042.11..263354.63 rows=326414 width=0) (actual time=4379.837..6353.238 rows=272781 loops=1)
  Hash Cond: (mk.movie_id = t.id)
  ->  Seq Scan on movie_keyword mk  (cost=0.00..81003.12 rows=3822736 width=4) (actual time=0.020..1691.640 rows=3820132 loops=1)
        Filter: (keyword_id > 585)
        Rows Removed by Filter: 703798
  ->  Hash  (cost=130499.29..130499.29 rows=215905 width=8) (actual time=2947.414..2947.414 rows=115876 loops=1)
        Buckets: 131072  Batches: 4  Memory Usage: 2160kB
        ->  Hash Join  (cost=93190.30..130499.29 rows=215905 width=8) (actual time=1950.465..2908.046 rows=115876 loops=1)
              Hash Cond: (mi_idx.movie_id = t.id)
              ->  Seq Scan on movie_info_idx mi_idx  (cost=0.00..25185.44 rows=464934 width=4) (actual time=0.020..515.570 rows=460185 loops=1)
                    Filter: (info_type_id > 100)
                    Rows Removed by Filter: 919850
              ->  Hash  (cost=73925.90..73925.90 rows=1174192 width=4) (actual time=1860.116..1860.116 rows=1260829 loops=1)
                    Buckets: 131072  Batches: 16  Memory Usage: 3806kB
                    ->  Seq Scan on title t  (cost=0.00..73925.90 rows=1174192 width=4) (actual time=0.020..1476.462 rows=1260829 loops=1)
                          Filter: ((production_year > 1981) AND (kind_id = 7))
                          Rows Removed by Filter: 1267483
Planning time: 0.630 ms
Execution time: 6387.869 ms
