Hash Join  (cost=204380.13..244555.78 rows=144717 width=0) (actual time=4293.172..5786.593 rows=610206 loops=1)
  Hash Cond: (mi_idx.movie_id = t.id)
  ->  Seq Scan on movie_info_idx mi_idx  (cost=0.00..21735.35 rows=1380035 width=4) (actual time=0.017..499.070 rows=1380035 loops=1)
  ->  Hash  (cost=200029.72..200029.72 rows=265153 width=8) (actual time=4292.359..4292.359 rows=283847 loops=1)
        Buckets: 131072  Batches: 4  Memory Usage: 3813kB
        ->  Hash Join  (cost=102767.86..200029.72 rows=265153 width=8) (actual time=2341.180..4218.851 rows=283847 loops=1)
              Hash Cond: (mk.movie_id = t.id)
              ->  Seq Scan on movie_keyword mk  (cost=0.00..81003.12 rows=265153 width=4) (actual time=0.029..1308.147 rows=283847 loops=1)
                    Filter: (keyword_id < 236)
                    Rows Removed by Filter: 4240083
              ->  Hash  (cost=61283.27..61283.27 rows=2528527 width=4) (actual time=2339.565..2339.565 rows=2528312 loops=1)
                    Buckets: 131072  Batches: 64  Memory Usage: 2425kB
                    ->  Seq Scan on title t  (cost=0.00..61283.27 rows=2528527 width=4) (actual time=0.018..1227.094 rows=2528312 loops=1)
Planning time: 1.096 ms
Execution time: 5843.417 ms
