Hash Join  (cost=70840.90..1133671.02 rows=2825596 width=0) (actual time=1228.483..30835.631 rows=1856977 loops=1)
  Hash Cond: (ci.movie_id = t.id)
  ->  Seq Scan on cast_info ci  (cost=0.00..614943.12 rows=36225612 width=4) (actual time=0.011..13706.785 rows=36244344 loops=1)
  ->  Hash  (cost=67604.59..67604.59 rows=197225 width=4) (actual time=1227.492..1227.492 rows=194989 loops=1)
        Buckets: 131072  Batches: 4  Memory Usage: 2738kB
        ->  Seq Scan on title t  (cost=0.00..67604.59 rows=197225 width=4) (actual time=0.032..1158.708 rows=194989 loops=1)
              Filter: (production_year < 1955)
              Rows Removed by Filter: 2333323
Planning time: 0.753 ms
Execution time: 31069.223 ms
