Nested Loop  (cost=0.43..58375.45 rows=37 width=0) (actual time=573.094..814.266 rows=4 loops=1)
  ->  Seq Scan on movie_companies mc  (cost=0.00..57926.93 rows=53 width=4) (actual time=506.893..813.750 rows=13 loops=1)
        Filter: ((company_id = 33659) AND (company_type_id = 2))
        Rows Removed by Filter: 2609116
  ->  Index Scan using title_pkey on title t  (cost=0.43..8.45 rows=1 width=4) (actual time=0.036..0.036 rows=0 loops=13)
        Index Cond: (id = mc.movie_id)
        Filter: ((kind_id > 1) AND (production_year < 2013))
        Rows Removed by Filter: 1
Planning time: 0.809 ms
Execution time: 814.387 ms
