Nested Loop  (cost=0.43..184948.66 rows=13762 width=0) (actual time=0.088..1737.827 rows=8752 loops=1)
  ->  Seq Scan on movie_keyword mk  (cost=0.00..81003.12 rows=18699 width=4) (actual time=0.039..1279.584 rows=20522 loops=1)
        Filter: (keyword_id = 382)
        Rows Removed by Filter: 4503408
  ->  Index Scan using title_pkey on title t  (cost=0.43..5.55 rows=1 width=4) (actual time=0.022..0.022 rows=0 loops=20522)
        Index Cond: (id = mk.movie_id)
        Filter: (kind_id > 1)
        Rows Removed by Filter: 1
Planning time: 0.709 ms
Execution time: 1740.304 ms
