Hash Join  (cost=798791.46..889650.99 rows=337 width=0) (actual time=14272.096..16098.292 rows=277 loops=1)
  Hash Cond: (mk.movie_id = t.id)
  ->  Seq Scan on movie_keyword mk  (cost=0.00..81003.12 rows=2627475 width=4) (actual time=0.018..1528.957 rows=2617779 loops=1)
        Filter: (keyword_id < 7086)
        Rows Removed by Filter: 1906151
  ->  Hash  (cost=798787.41..798787.41 rows=324 width=8) (actual time=14214.581..14214.581 rows=58 loops=1)
        Buckets: 1024  Batches: 1  Memory Usage: 11kB
        ->  Nested Loop  (cost=0.43..798787.41 rows=324 width=8) (actual time=10315.485..14214.536 rows=58 loops=1)
              ->  Seq Scan on cast_info ci  (cost=0.00..796071.18 rows=324 width=4) (actual time=10315.388..14213.487 rows=58 loops=1)
                    Filter: ((role_id > 1) AND (person_id = 2640409))
                    Rows Removed by Filter: 36244286
              ->  Index Only Scan using title_pkey on title t  (cost=0.43..8.37 rows=1 width=4) (actual time=0.017..0.017 rows=1 loops=58)
                    Index Cond: (id = ci.movie_id)
                    Heap Fetches: 58
Planning time: 0.668 ms
Execution time: 16098.692 ms
