Hash Join  (cost=501625.44..1703332.07 rows=16344649 width=0) (actual time=8423.241..39270.564 rows=6749363 loops=1)
  Hash Cond: (ci.movie_id = t.id)
  ->  Seq Scan on cast_info ci  (cost=0.00..614943.12 rows=36225612 width=4) (actual time=0.020..13424.906 rows=36244344 loops=1)
  ->  Hash  (cost=482907.85..482907.85 rows=1140847 width=8) (actual time=8422.115..8422.115 rows=424052 loops=1)
        Buckets: 131072  Batches: 16  Memory Usage: 2064kB
        ->  Hash Join  (cost=98137.04..482907.85 rows=1140847 width=8) (actual time=4319.224..8301.987 rows=424052 loops=1)
              Hash Cond: (mi.movie_id = t.id)
              ->  Seq Scan on movie_info mi  (cost=0.00..346232.03 rows=1550064 width=4) (actual time=2351.545..4874.301 rows=1533909 loops=1)
                    Filter: (info_type_id = 3)
                    Rows Removed by Filter: 13301811
              ->  Hash  (cost=67604.59..67604.59 rows=1860996 width=4) (actual time=1966.654..1966.654 rows=1865487 loops=1)
                    Buckets: 131072  Batches: 32  Memory Usage: 3085kB
                    ->  Seq Scan on title t  (cost=0.00..67604.59 rows=1860996 width=4) (actual time=0.037..1338.471 rows=1865487 loops=1)
                          Filter: (kind_id > 1)
                          Rows Removed by Filter: 662825
Planning time: 1.170 ms
Execution time: 39992.394 ms
