Hash Join  (cost=169316.61..552446.47 rows=136166 width=0) (actual time=2956.939..11232.280 rows=392455 loops=1)
  Hash Cond: (mi.movie_id = t.id)
  ->  Seq Scan on movie_info mi  (cost=0.00..346232.03 rows=9476311 width=4) (actual time=0.013..6320.821 rows=9565151 loops=1)
        Filter: (info_type_id < 16)
        Rows Removed by Filter: 5270569
  ->  Hash  (cost=168862.44..168862.44 rows=36333 width=8) (actual time=2956.536..2956.536 rows=25047 loops=1)
        Buckets: 65536  Batches: 1  Memory Usage: 1491kB
        ->  Hash Join  (cost=75411.94..168862.44 rows=36333 width=8) (actual time=1125.898..2947.308 rows=25047 loops=1)
              Hash Cond: (mk.movie_id = t.id)
              ->  Seq Scan on movie_keyword mk  (cost=0.00..81003.12 rows=1014412 width=4) (actual time=0.009..1464.527 rows=1015468 loops=1)
                    Filter: (keyword_id < 991)
                    Rows Removed by Filter: 3508462
              ->  Hash  (cost=73925.90..73925.90 rows=90563 width=4) (actual time=1123.565..1123.565 rows=80990 loops=1)
                    Buckets: 131072  Batches: 2  Memory Usage: 2456kB
                    ->  Seq Scan on title t  (cost=0.00..73925.90 rows=90563 width=4) (actual time=1.628..1092.810 rows=80990 loops=1)
                          Filter: ((kind_id < 7) AND (production_year > 2011))
                          Rows Removed by Filter: 2447322
Planning time: 1.195 ms
Execution time: 11282.970 ms
