Seq Scan on movie_keyword mk  (cost=0.00..81003.12 rows=246 width=0) (actual time=2.101..1322.359 rows=1468 loops=1)
  Filter: (keyword_id = 3843)
  Rows Removed by Filter: 4522462
Planning time: 0.350 ms
Execution time: 1322.932 ms
