Seq Scan on movie_companies mc  (cost=0.00..57926.93 rows=788965 width=0) (actual time=0.018..1027.259 rows=1087214 loops=1)
  Filter: ((company_id < 16391) AND (company_type_id = 1))
  Rows Removed by Filter: 1521915
Planning time: 0.601 ms
Execution time: 1157.799 ms
