Hash Join  (cost=74273.35..829044.79 rows=398227 width=0) (actual time=1211.513..20499.511 rows=379555 loops=1)
  Hash Cond: (ci.movie_id = t.id)
  ->  Seq Scan on cast_info ci  (cost=0.00..614943.12 rows=36225612 width=4) (actual time=0.020..8881.827 rows=36244344 loops=1)
  ->  Hash  (cost=73925.90..73925.90 rows=27796 width=4) (actual time=1210.108..1210.108 rows=29246 loops=1)
        Buckets: 32768  Batches: 1  Memory Usage: 1285kB
        ->  Seq Scan on title t  (cost=0.00..73925.90 rows=27796 width=4) (actual time=0.032..1196.970 rows=29246 loops=1)
              Filter: ((kind_id > 2) AND (production_year = 1995))
              Rows Removed by Filter: 2499066
Planning time: 0.714 ms
Execution time: 20557.732 ms
