Hash Join  (cost=52284.99..876136.08 rows=1298 width=0) (actual time=1297.534..19577.621 rows=158 loops=1)
  Hash Cond: (ci.movie_id = t.id)
  ->  Seq Scan on cast_info ci  (cost=0.00..705507.15 rows=31554923 width=4) (actual time=0.023..14639.222 rows=31605208 loops=1)
        Filter: (role_id < 10)
        Rows Removed by Filter: 4639136
  ->  Hash  (cost=52283.69..52283.69 rows=104 width=8) (actual time=851.105..851.105 rows=20 loops=1)
        Buckets: 1024  Batches: 1  Memory Usage: 9kB
        ->  Nested Loop  (cost=0.43..52283.69 rows=104 width=8) (actual time=541.553..851.070 rows=20 loops=1)
              ->  Seq Scan on movie_companies mc  (cost=0.00..51404.11 rows=104 width=4) (actual time=541.458..842.299 rows=20 loops=1)
                    Filter: (company_id = 101258)
                    Rows Removed by Filter: 2609109
              ->  Index Only Scan using title_pkey on title t  (cost=0.43..8.45 rows=1 width=4) (actual time=0.433..0.434 rows=1 loops=20)
                    Index Cond: (id = mc.movie_id)
                    Heap Fetches: 20
Planning time: 2.874 ms
Execution time: 19577.846 ms
