Hash Join  (cost=96147.73..1358639.74 rows=17466979 width=0) (actual time=1833.344..44224.555 rows=18688321 loops=1)
  Hash Cond: (ci.movie_id = t.id)
  ->  Seq Scan on cast_info ci  (cost=0.00..705507.15 rows=32607484 width=4) (actual time=0.023..16839.126 rows=32741599 loops=1)
        Filter: (person_id > 335678)
        Rows Removed by Filter: 3502745
  ->  Hash  (cost=73925.90..73925.90 rows=1354466 width=4) (actual time=1832.012..1832.012 rows=1432013 loops=1)
        Buckets: 131072  Batches: 32  Memory Usage: 2599kB
        ->  Seq Scan on title t  (cost=0.00..73925.90 rows=1354466 width=4) (actual time=0.021..1387.350 rows=1432013 loops=1)
              Filter: ((production_year > 1959) AND (kind_id = 7))
              Rows Removed by Filter: 1096299
Planning time: 0.868 ms
Execution time: 46319.073 ms
