Hash Join  (cost=199944.11..1251680.50 rows=4310592 width=0) (actual time=4408.425..35366.191 rows=16515156 loops=1)
  Hash Cond: (ci.movie_id = t.id)
  ->  Seq Scan on cast_info ci  (cost=0.00..705507.15 rows=26074747 width=4) (actual time=0.024..15190.685 rows=26065590 loops=1)
        Filter: (person_id < 2697531)
        Rows Removed by Filter: 10178754
  ->  Hash  (cost=193086.01..193086.01 rows=418008 width=8) (actual time=4407.372..4407.372 rows=509178 loops=1)
        Buckets: 131072  Batches: 8  Memory Usage: 3548kB
        ->  Hash Join  (cost=93117.31..193086.01 rows=418008 width=8) (actual time=1887.164..4276.721 rows=509178 loops=1)
              Hash Cond: (mk.movie_id = t.id)
              ->  Seq Scan on movie_keyword mk  (cost=0.00..81003.12 rows=679699 width=4) (actual time=0.012..1470.438 rows=686039 loops=1)
                    Filter: (keyword_id > 27439)
                    Rows Removed by Filter: 3837891
              ->  Hash  (cost=67604.59..67604.59 rows=1555018 width=4) (actual time=1885.086..1885.086 rows=1551727 loops=1)
                    Buckets: 131072  Batches: 32  Memory Usage: 2736kB
                    ->  Seq Scan on title t  (cost=0.00..67604.59 rows=1555018 width=4) (actual time=0.017..1365.385 rows=1551727 loops=1)
                          Filter: (production_year < 2007)
                          Rows Removed by Filter: 976585
Planning time: 1.153 ms
Execution time: 37203.485 ms
