Nested Loop  (cost=44377.22..132720.77 rows=9161 width=0) (actual time=890.291..1880.698 rows=561 loops=1)
  Join Filter: (mc.movie_id = t.id)
  ->  Hash Join  (cost=44376.79..104715.61 rows=47434 width=8) (actual time=890.214..1871.476 rows=561 loops=1)
        Hash Cond: (mc.movie_id = mi_idx.movie_id)
        ->  Seq Scan on movie_companies mc  (cost=0.00..51404.11 rows=16785 width=4) (actual time=6.366..810.513 rows=16220 loops=1)
              Filter: (company_id = 166)
              Rows Removed by Filter: 2592909
        ->  Hash  (cost=21735.35..21735.35 rows=1380035 width=4) (actual time=830.933..830.933 rows=1380035 loops=1)
              Buckets: 131072  Batches: 32  Memory Usage: 2540kB
              ->  Seq Scan on movie_info_idx mi_idx  (cost=0.00..21735.35 rows=1380035 width=4) (actual time=0.022..429.373 rows=1380035 loops=1)
  ->  Index Only Scan using title_pkey on title t  (cost=0.43..0.58 rows=1 width=4) (actual time=0.015..0.015 rows=1 loops=561)
        Index Cond: (id = mi_idx.movie_id)
        Heap Fetches: 561
Planning time: 1.175 ms
Execution time: 1880.938 ms
