Nested Loop  (cost=0.43..83072.29 rows=1 width=0) (actual time=71.074..1221.253 rows=2 loops=1)
  ->  Seq Scan on movie_keyword mk  (cost=0.00..81003.12 rows=246 width=4) (actual time=0.044..1195.094 rows=313 loops=1)
        Filter: (keyword_id = 12548)
        Rows Removed by Filter: 4523617
  ->  Index Scan using title_pkey on title t  (cost=0.43..8.40 rows=1 width=4) (actual time=0.082..0.082 rows=0 loops=313)
        Index Cond: (id = mk.movie_id)
        Filter: (production_year = 1941)
        Rows Removed by Filter: 1
Planning time: 0.733 ms
Execution time: 1221.366 ms
