Seq Scan on movie_keyword mk  (cost=0.00..81003.12 rows=3731184 width=0) (actual time=0.027..1599.411 rows=3732771 loops=1)
  Filter: (keyword_id > 760)
  Rows Removed by Filter: 791159
Planning time: 0.303 ms
Execution time: 2067.140 ms
