Hash Join  (cost=126753.00..491573.72 rows=16479 width=0) (actual time=1945.515..9194.503 rows=15263 loops=1)
  Hash Cond: (mi.movie_id = t.id)
  ->  Seq Scan on movie_info mi  (cost=0.00..309384.22 rows=14739122 width=4) (actual time=0.013..4470.134 rows=14835720 loops=1)
  ->  Hash  (cost=126717.66..126717.66 rows=2827 width=8) (actual time=1943.825..1943.825 rows=1259 loops=1)
        Buckets: 4096  Batches: 1  Memory Usage: 82kB
        ->  Hash Join  (cost=68191.41..126717.66 rows=2827 width=8) (actual time=1068.501..1943.117 rows=1259 loops=1)
              Hash Cond: (mc.movie_id = t.id)
              ->  Seq Scan on movie_companies mc  (cost=0.00..57926.93 rows=152279 width=4) (actual time=0.043..851.100 rows=68493 loops=1)
                    Filter: ((company_id < 160) AND (company_type_id = 2))
                    Rows Removed by Filter: 2540636
              ->  Hash  (cost=67604.59..67604.59 rows=46946 width=4) (actual time=1067.198..1067.198 rows=46583 loops=1)
                    Buckets: 65536  Batches: 1  Memory Usage: 2150kB
                    ->  Seq Scan on title t  (cost=0.00..67604.59 rows=46946 width=4) (actual time=0.113..1047.053 rows=46583 loops=1)
                          Filter: (production_year = 1998)
                          Rows Removed by Filter: 2481729
Planning time: 1.272 ms
Execution time: 9197.927 ms
