Seq Scan on movie_keyword mk  (cost=0.00..81003.12 rows=246 width=0) (actual time=11.406..1197.613 rows=72 loops=1)
  Filter: (keyword_id = 26637)
  Rows Removed by Filter: 4523858
Planning time: 0.391 ms
Execution time: 1197.764 ms
