Hash Join  (cost=75628.47..561886.67 rows=604627 width=0) (actual time=3511.560..28376.027 rows=1009670 loops=1)
  Hash Cond: (mi.movie_id = t.id)
  ->  Seq Scan on movie_info mi  (cost=0.00..309384.22 rows=14739122 width=4) (actual time=0.013..18572.458 rows=14835720 loops=1)
  ->  Hash  (cost=73925.90..73925.90 rows=103725 width=4) (actual time=3510.772..3510.772 rows=98992 loops=1)
        Buckets: 131072  Batches: 2  Memory Usage: 2766kB
        ->  Seq Scan on title t  (cost=0.00..73925.90 rows=103725 width=4) (actual time=1463.357..3471.079 rows=98992 loops=1)
              Filter: ((production_year > 2010) AND (kind_id = 1))
              Rows Removed by Filter: 2429320
Planning time: 0.764 ms
Execution time: 28532.221 ms
