Hash Join  (cost=67697.55..125712.17 rows=68 width=0) (actual time=1114.017..1934.761 rows=938 loops=1)
  Hash Cond: (mc.movie_id = t.id)
  ->  Seq Scan on movie_companies mc  (cost=0.00..57926.93 rows=23202 width=4) (actual time=0.072..809.443 rows=42064 loops=1)
        Filter: ((company_id = 19) AND (company_type_id = 1))
        Rows Removed by Filter: 2567065
  ->  Hash  (cost=67604.59..67604.59 rows=7437 width=4) (actual time=1112.347..1112.347 rows=13063 loops=1)
        Buckets: 16384 (originally 8192)  Batches: 1 (originally 1)  Memory Usage: 588kB
        ->  Seq Scan on title t  (cost=0.00..67604.59 rows=7437 width=4) (actual time=0.025..1106.234 rows=13063 loops=1)
              Filter: (production_year = 1965)
              Rows Removed by Filter: 2515249
Planning time: 0.735 ms
Execution time: 1935.078 ms
