Nested Loop  (cost=0.43..58375.31 rows=39 width=0) (actual time=6.855..814.052 rows=14 loops=1)
  ->  Seq Scan on movie_companies mc  (cost=0.00..57926.93 rows=53 width=4) (actual time=6.807..811.531 rows=29 loops=1)
        Filter: ((company_id = 657) AND (company_type_id = 2))
        Rows Removed by Filter: 2609100
  ->  Index Scan using title_pkey on title t  (cost=0.43..8.45 rows=1 width=4) (actual time=0.083..0.083 rows=0 loops=29)
        Index Cond: (id = mc.movie_id)
        Filter: (kind_id > 1)
        Rows Removed by Filter: 1
Planning time: 3.415 ms
Execution time: 814.170 ms
