Seq Scan on movie_keyword mk  (cost=0.00..81003.12 rows=16112 width=0) (actual time=786.200..1263.763 rows=13082 loops=1)
  Filter: (keyword_id > 122586)
  Rows Removed by Filter: 4510848
Planning time: 0.340 ms
Execution time: 1265.970 ms
