Hash Join  (cost=223248.30..1172173.52 rows=2738808 width=0) (actual time=8498.175..27540.213 rows=15679126 loops=1)
  Hash Cond: (ci.movie_id = t.id)
  ->  Seq Scan on cast_info ci  (cost=0.00..796071.18 rows=9571795 width=4) (actual time=3058.037..14924.079 rows=5371632 loops=1)
        Filter: ((person_id < 2149584) AND (role_id > 2))
        Rows Removed by Filter: 30872712
  ->  Hash  (cost=211377.62..211377.62 rows=723495 width=8) (actual time=5438.783..5438.783 rows=1214500 loops=1)
        Buckets: 131072 (originally 131072)  Batches: 32 (originally 16)  Memory Usage: 4063kB
        ->  Hash Join  (cost=80560.63..211377.62 rows=723495 width=8) (actual time=1296.614..5076.341 rows=1214500 loops=1)
              Hash Cond: (mk.movie_id = t.id)
              ->  Seq Scan on movie_keyword mk  (cost=0.00..69693.30 rows=4523930 width=4) (actual time=0.029..1524.147 rows=4523930 loops=1)
              ->  Hash  (cost=73925.90..73925.90 rows=404378 width=4) (actual time=1295.728..1295.728 rows=296768 loops=1)
                    Buckets: 131072  Batches: 8  Memory Usage: 2340kB
                    ->  Seq Scan on title t  (cost=0.00..73925.90 rows=404378 width=4) (actual time=118.345..1197.266 rows=296768 loops=1)
                          Filter: ((production_year > 1997) AND (kind_id = 1))
                          Rows Removed by Filter: 2231544
Planning time: 1.223 ms
Execution time: 29359.263 ms
