Hash Join  (cost=80830.47..433775.38 rows=63782 width=0) (actual time=6020.852..6880.698 rows=189650 loops=1)
  Hash Cond: (mi.movie_id = t.id)
  ->  Seq Scan on movie_info mi  (cost=0.00..346232.03 rows=383217 width=4) (actual time=4640.355..5238.897 rows=368218 loops=1)
        Filter: (info_type_id = 17)
        Rows Removed by Filter: 14467502
  ->  Hash  (cost=73925.90..73925.90 rows=420845 width=4) (actual time=1321.222..1321.222 rows=517968 loops=1)
        Buckets: 131072  Batches: 8  Memory Usage: 3321kB
        ->  Seq Scan on title t  (cost=0.00..73925.90 rows=420845 width=4) (actual time=0.051..1155.116 rows=517968 loops=1)
              Filter: ((kind_id < 7) AND (production_year < 2001))
              Rows Removed by Filter: 2010344
Planning time: 0.574 ms
Execution time: 6905.742 ms
