Seq Scan on movie_keyword mk  (cost=0.00..81003.12 rows=3390083 width=0) (actual time=0.009..1530.451 rows=3383003 loops=1)
  Filter: (keyword_id > 1293)
  Rows Removed by Filter: 1140927
Planning time: 0.345 ms
Execution time: 1947.180 ms
