Seq Scan on movie_keyword mk  (cost=0.00..81003.12 rows=166856 width=0) (actual time=0.025..1275.258 rows=161462 loops=1)
  Filter: (keyword_id > 72721)
  Rows Removed by Filter: 4362468
Planning time: 0.549 ms
Execution time: 1296.651 ms
