Hash Join  (cost=28267.27..392925.76 rows=257 width=0) (actual time=471.556..7549.078 rows=18368 loops=1)
  Hash Cond: (mi.movie_id = t.id)
  ->  Seq Scan on movie_info mi  (cost=0.00..309384.22 rows=14739122 width=4) (actual time=0.017..4427.537 rows=14835720 loops=1)
  ->  Hash  (cost=28266.72..28266.72 rows=44 width=8) (actual time=432.457..432.457 rows=72 loops=1)
        Buckets: 1024  Batches: 1  Memory Usage: 11kB
        ->  Nested Loop  (cost=0.43..28266.72 rows=44 width=8) (actual time=389.440..432.400 rows=72 loops=1)
              ->  Seq Scan on movie_info_idx mi_idx  (cost=0.00..25185.44 rows=368 width=4) (actual time=389.221..427.035 rows=260 loops=1)
                    Filter: (info_type_id > 101)
                    Rows Removed by Filter: 1379775
              ->  Index Scan using title_pkey on title t  (cost=0.43..8.36 rows=1 width=4) (actual time=0.020..0.020 rows=0 loops=260)
                    Index Cond: (id = mi_idx.movie_id)
                    Filter: (production_year < 1965)
                    Rows Removed by Filter: 1
Planning time: 0.757 ms
Execution time: 7552.143 ms
