Seq Scan on cast_info ci  (cost=0.00..796071.18 rows=120278 width=0) (actual time=8314.051..11272.465 rows=47992 loops=1)
  Filter: ((person_id < 351489) AND (role_id = 9))
  Rows Removed by Filter: 36196352
Planning time: 0.389 ms
Execution time: 11278.874 ms
