Seq Scan on movie_keyword mk  (cost=0.00..81003.12 rows=2051490 width=0) (actual time=0.024..1463.366 rows=2054602 loops=1)
  Filter: (keyword_id > 5946)
  Rows Removed by Filter: 2469328
Planning time: 0.287 ms
Execution time: 1731.104 ms
