Seq Scan on cast_info ci  (cost=0.00..705507.15 rows=11752829 width=0) (actual time=398.261..12101.365 rows=11644941 loops=1)
  Filter: (person_id < 1145223)
  Rows Removed by Filter: 24599403
Planning time: 0.315 ms
Execution time: 13545.423 ms
