Seq Scan on movie_companies mc  (cost=0.00..57926.93 rows=940011 width=0) (actual time=0.016..988.958 rows=785780 loops=1)
  Filter: ((company_id > 1194) AND (company_type_id < 2))
  Rows Removed by Filter: 1823349
Planning time: 0.372 ms
Execution time: 1087.961 ms
