Hash Join  (cost=186112.25..540018.81 rows=71671 width=0) (actual time=4224.426..8679.351 rows=161429 loops=1)
  Hash Cond: (mi.movie_id = t.id)
  ->  Seq Scan on movie_info mi  (cost=0.00..346232.03 rows=471955 width=4) (actual time=811.134..4981.066 rows=543367 loops=1)
        Filter: (info_type_id > 98)
        Rows Removed by Filter: 14292353
  ->  Hash  (cost=179812.48..179812.48 rows=383981 width=8) (actual time=3410.410..3410.410 rows=67922 loops=1)
        Buckets: 131072  Batches: 8  Memory Usage: 1373kB
        ->  Hash Join  (cost=102767.86..179812.48 rows=383981 width=8) (actual time=2388.001..3386.278 rows=67922 loops=1)
              Hash Cond: (mc.movie_id = t.id)
              ->  Seq Scan on movie_companies mc  (cost=0.00..57926.93 rows=383981 width=4) (actual time=401.414..884.270 rows=67922 loops=1)
                    Filter: ((company_id > 31609) AND (company_type_id < 2))
                    Rows Removed by Filter: 2541207
              ->  Hash  (cost=61283.27..61283.27 rows=2528527 width=4) (actual time=1984.577..1984.577 rows=2528312 loops=1)
                    Buckets: 131072  Batches: 64  Memory Usage: 2415kB
                    ->  Seq Scan on title t  (cost=0.00..61283.27 rows=2528527 width=4) (actual time=0.014..1133.661 rows=2528312 loops=1)
Planning time: 1.060 ms
Execution time: 8700.812 ms
