Hash Join  (cost=74426.67..808458.58 rows=115631 width=0) (actual time=1270.966..16414.778 rows=119479 loops=1)
  Hash Cond: (ci.movie_id = t.id)
  ->  Seq Scan on cast_info ci  (cost=0.00..705507.15 rows=7298253 width=4) (actual time=0.019..13240.160 rows=7451973 loops=1)
        Filter: (role_id = 2)
        Rows Removed by Filter: 28792371
  ->  Hash  (cost=73925.90..73925.90 rows=40061 width=4) (actual time=1270.523..1270.523 rows=40120 loops=1)
        Buckets: 65536  Batches: 1  Memory Usage: 1923kB
        ->  Seq Scan on title t  (cost=0.00..73925.90 rows=40061 width=4) (actual time=318.198..1254.248 rows=40120 loops=1)
              Filter: ((kind_id > 6) AND (production_year = 2013))
              Rows Removed by Filter: 2488192
Planning time: 1.483 ms
Execution time: 16431.802 ms
