Hash Join  (cost=189115.93..231099.18 rows=250077 width=0) (actual time=3887.017..4992.842 rows=341884 loops=1)
  Hash Cond: (mi_idx.movie_id = t.id)
  ->  Seq Scan on movie_info_idx mi_idx  (cost=0.00..21735.35 rows=1380035 width=4) (actual time=0.018..437.592 rows=1380035 loops=1)
  ->  Hash  (cost=181598.48..181598.48 rows=458196 width=8) (actual time=3885.920..3885.920 rows=261443 loops=1)
        Buckets: 131072  Batches: 8  Memory Usage: 2306kB
        ->  Hash Join  (cost=102767.86..181598.48 rows=458196 width=8) (actual time=2240.518..3802.955 rows=261443 loops=1)
              Hash Cond: (mc.movie_id = t.id)
              ->  Seq Scan on movie_companies mc  (cost=0.00..57926.93 rows=458196 width=4) (actual time=0.031..901.218 rows=261443 loops=1)
                    Filter: ((company_id < 2809) AND (company_type_id > 1))
                    Rows Removed by Filter: 2347686
              ->  Hash  (cost=61283.27..61283.27 rows=2528527 width=4) (actual time=2238.987..2238.987 rows=2528312 loops=1)
                    Buckets: 131072  Batches: 64  Memory Usage: 2415kB
                    ->  Seq Scan on title t  (cost=0.00..61283.27 rows=2528527 width=4) (actual time=0.025..1097.710 rows=2528312 loops=1)
Planning time: 1.097 ms
Execution time: 5027.889 ms
