Seq Scan on movie_keyword mk  (cost=0.00..81003.12 rows=246 width=0) (actual time=7.081..1329.959 rows=295 loops=1)
  Filter: (keyword_id = 5604)
  Rows Removed by Filter: 4523635
Planning time: 0.255 ms
Execution time: 1330.196 ms
