Hash Join  (cost=206877.66..1375629.66 rows=13136684 width=0) (actual time=4646.400..43784.430 rows=26166775 loops=1)
  Hash Cond: (ci.movie_id = t.id)
  ->  Seq Scan on cast_info ci  (cost=0.00..614943.12 rows=36225612 width=4) (actual time=0.024..13338.994 rows=36244344 loops=1)
  ->  Hash  (cost=191833.99..191833.99 rows=916933 width=8) (actual time=4645.563..4645.563 rows=926645 loops=1)
        Buckets: 131072  Batches: 16  Memory Usage: 3282kB
        ->  Hash Join  (cost=102454.22..191833.99 rows=916933 width=8) (actual time=1927.218..4372.750 rows=926645 loops=1)
              Hash Cond: (mc.movie_id = t.id)
              ->  Seq Scan on movie_companies mc  (cost=0.00..57926.93 rows=1091501 width=4) (actual time=0.027..1166.478 rows=1217667 loops=1)
                    Filter: ((company_id > 395) AND (company_type_id = 2))
                    Rows Removed by Filter: 1391462
              ->  Hash  (cost=67604.59..67604.59 rows=2124131 width=4) (actual time=1925.870..1925.870 rows=2118372 loops=1)
                    Buckets: 131072  Batches: 32  Memory Usage: 3356kB
                    ->  Seq Scan on title t  (cost=0.00..67604.59 rows=2124131 width=4) (actual time=0.019..1252.627 rows=2118372 loops=1)
                          Filter: (production_year > 1967)
                          Rows Removed by Filter: 409940
Planning time: 1.053 ms
Execution time: 46924.554 ms
