Seq Scan on title t  (cost=0.00..73925.90 rows=95530 width=0) (actual time=0.908..928.808 rows=776 loops=1)
  Filter: ((production_year < 1949) AND (kind_id = 7))
  Rows Removed by Filter: 2527536
Planning time: 0.341 ms
Execution time: 929.193 ms
