Hash Join  (cost=798791.46..827424.54 rows=118 width=0) (actual time=12275.282..12810.352 rows=66 loops=1)
  Hash Cond: (mi_idx.movie_id = t.id)
  ->  Seq Scan on movie_info_idx mi_idx  (cost=0.00..25185.44 rows=919057 width=4) (actual time=0.032..408.214 rows=920110 loops=1)
        Filter: (info_type_id > 99)
        Rows Removed by Filter: 459925
  ->  Hash  (cost=798787.41..798787.41 rows=324 width=8) (actual time=12264.542..12264.542 rows=130 loops=1)
        Buckets: 1024  Batches: 1  Memory Usage: 14kB
        ->  Nested Loop  (cost=0.43..798787.41 rows=324 width=8) (actual time=885.683..12264.406 rows=130 loops=1)
              ->  Seq Scan on cast_info ci  (cost=0.00..796071.18 rows=324 width=4) (actual time=885.578..12261.946 rows=130 loops=1)
                    Filter: ((role_id > 1) AND (person_id = 928462))
                    Rows Removed by Filter: 36244214
              ->  Index Only Scan using title_pkey on title t  (cost=0.43..8.37 rows=1 width=4) (actual time=0.017..0.017 rows=1 loops=130)
                    Index Cond: (id = ci.movie_id)
                    Heap Fetches: 130
Planning time: 3.718 ms
Execution time: 12810.483 ms
