Hash Join  (cost=168965.13..929613.12 rows=985882 width=0) (actual time=3147.565..27385.918 rows=6183057 loops=1)
  Hash Cond: (ci.movie_id = t.id)
  ->  Seq Scan on cast_info ci  (cost=0.00..614943.12 rows=36225612 width=4) (actual time=0.025..8550.667 rows=36244344 loops=1)
  ->  Hash  (cost=168104.96..168104.96 rows=68814 width=8) (actual time=3146.416..3146.416 rows=90624 loops=1)
        Buckets: 131072 (originally 131072)  Batches: 2 (originally 1)  Memory Usage: 3073kB
        ->  Hash Join  (cost=74617.32..168104.96 rows=68814 width=8) (actual time=1093.658..3111.343 rows=90624 loops=1)
              Hash Cond: (mk.movie_id = t.id)
              ->  Seq Scan on movie_keyword mk  (cost=0.00..81003.12 rows=3145700 width=4) (actual time=0.019..1459.808 rows=3137008 loops=1)
                    Filter: (keyword_id > 1873)
                    Rows Removed by Filter: 1386922
              ->  Hash  (cost=73925.90..73925.90 rows=55313 width=4) (actual time=1093.039..1093.039 rows=49075 loops=1)
                    Buckets: 65536  Batches: 1  Memory Usage: 2238kB
                    ->  Seq Scan on title t  (cost=0.00..73925.90 rows=55313 width=4) (actual time=0.022..1073.351 rows=49075 loops=1)
                          Filter: ((kind_id < 7) AND (production_year = 2010))
                          Rows Removed by Filter: 2479237
Planning time: 1.093 ms
Execution time: 28123.324 ms
