Nested Loop  (cost=0.43..58375.18 rows=53 width=0) (actual time=274.334..875.381 rows=745 loops=1)
  ->  Seq Scan on movie_companies mc  (cost=0.00..57926.93 rows=53 width=4) (actual time=274.251..837.532 rows=745 loops=1)
        Filter: ((company_type_id > 1) AND (company_id = 191))
        Rows Removed by Filter: 2608384
  ->  Index Only Scan using title_pkey on title t  (cost=0.43..8.45 rows=1 width=4) (actual time=0.049..0.050 rows=1 loops=745)
        Index Cond: (id = mc.movie_id)
        Heap Fetches: 745
Planning time: 0.731 ms
Execution time: 875.678 ms
