Nested Loop  (cost=0.43..83072.90 rows=82 width=0) (actual time=230.668..1221.236 rows=4 loops=1)
  ->  Seq Scan on movie_keyword mk  (cost=0.00..81003.12 rows=246 width=4) (actual time=0.131..1198.899 rows=508 loops=1)
        Filter: (keyword_id = 13440)
        Rows Removed by Filter: 4523422
  ->  Index Scan using title_pkey on title t  (cost=0.43..8.40 rows=1 width=4) (actual time=0.043..0.043 rows=0 loops=508)
        Index Cond: (id = mk.movie_id)
        Filter: ((production_year > 2000) AND (kind_id = 7))
        Rows Removed by Filter: 1
Planning time: 0.696 ms
Execution time: 1221.344 ms
