Hash Join  (cost=97209.65..192447.37 rows=1464419 width=0) (actual time=2248.421..4537.493 rows=704352 loops=1)
  Hash Cond: (mc.movie_id = t.id)
  ->  Seq Scan on movie_companies mc  (cost=0.00..44881.29 rows=2609129 width=4) (actual time=0.013..1038.212 rows=2609129 loops=1)
  ->  Hash  (cost=73925.90..73925.90 rows=1419180 width=4) (actual time=1826.673..1826.673 rows=1478425 loops=1)
        Buckets: 131072  Batches: 32  Memory Usage: 2651kB
        ->  Seq Scan on title t  (cost=0.00..73925.90 rows=1419180 width=4) (actual time=122.332..1369.465 rows=1478425 loops=1)
              Filter: ((production_year > 1936) AND (kind_id = 7))
              Rows Removed by Filter: 1049887
Planning time: 4.614 ms
Execution time: 4609.810 ms
