Hash Join  (cost=166959.33..918686.61 rows=93813 width=0) (actual time=3217.612..21368.831 rows=314698 loops=1)
  Hash Cond: (ci.movie_id = t.id)
  ->  Seq Scan on cast_info ci  (cost=0.00..614943.12 rows=36225612 width=4) (actual time=0.018..9604.589 rows=36244344 loops=1)
  ->  Hash  (cost=166877.48..166877.48 rows=6548 width=8) (actual time=3217.510..3217.510 rows=9556 loops=1)
        Buckets: 16384 (originally 8192)  Batches: 1 (originally 1)  Memory Usage: 502kB
        ->  Hash Join  (cost=82131.75..166877.48 rows=6548 width=8) (actual time=1732.943..3213.781 rows=9556 loops=1)
              Hash Cond: (mk.movie_id = t.id)
              ->  Seq Scan on movie_keyword mk  (cost=0.00..81003.12 rows=18699 width=4) (actual time=0.354..1317.909 rows=20522 loops=1)
                    Filter: (keyword_id = 382)
                    Rows Removed by Filter: 4503408
              ->  Hash  (cost=67604.59..67604.59 rows=885453 width=4) (actual time=1731.413..1731.413 rows=885650 loops=1)
                    Buckets: 131072  Batches: 16  Memory Usage: 2979kB
                    ->  Seq Scan on title t  (cost=0.00..67604.59 rows=885453 width=4) (actual time=0.006..1180.802 rows=885650 loops=1)
                          Filter: (production_year < 1997)
                          Rows Removed by Filter: 1642662
Planning time: 1.192 ms
Execution time: 21421.756 ms
