Hash Join  (cost=95609.53..141322.79 rows=478319 width=0) (actual time=1921.833..3243.424 rows=401614 loops=1)
  Hash Cond: (mi_idx.movie_id = t.id)
  ->  Seq Scan on movie_info_idx mi_idx  (cost=0.00..25185.44 rows=915101 width=4) (actual time=0.013..540.134 rows=919850 loops=1)
        Filter: (info_type_id < 101)
        Rows Removed by Filter: 460185
  ->  Hash  (cost=73925.90..73925.90 rows=1321650 width=4) (actual time=1921.036..1921.036 rows=1298128 loops=1)
        Buckets: 131072  Batches: 32  Memory Usage: 2450kB
        ->  Seq Scan on title t  (cost=0.00..73925.90 rows=1321650 width=4) (actual time=0.017..1498.216 rows=1298128 loops=1)
              Filter: ((kind_id > 1) AND (production_year < 2009))
              Rows Removed by Filter: 1230184
Planning time: 0.677 ms
Execution time: 3293.028 ms
