Seq Scan on cast_info ci  (cost=0.00..796071.18 rows=324 width=0) (actual time=4161.849..14653.807 rows=294 loops=1)
  Filter: ((role_id > 1) AND (person_id = 1938953))
  Rows Removed by Filter: 36244050
Planning time: 0.421 ms
Execution time: 14653.953 ms
