Hash Join  (cost=116920.26..602373.58 rows=529236 width=0) (actual time=2681.202..15706.869 rows=3730091 loops=1)
  Hash Cond: (mi.movie_id = t.id)
  ->  Seq Scan on movie_info mi  (cost=0.00..309384.22 rows=14739122 width=4) (actual time=0.022..5871.068 rows=14835720 loops=1)
  ->  Hash  (cost=115430.36..115430.36 rows=90792 width=8) (actual time=2680.418..2680.418 rows=201108 loops=1)
        Buckets: 131072 (originally 131072)  Batches: 4 (originally 2)  Memory Usage: 3073kB
        ->  Hash Join  (cost=82033.88..115430.36 rows=90792 width=8) (actual time=1434.570..2610.634 rows=201108 loops=1)
              Hash Cond: (mi_idx.movie_id = t.id)
              ->  Seq Scan on movie_info_idx mi_idx  (cost=0.00..25185.44 rows=464566 width=4) (actual time=0.022..506.269 rows=459925 loops=1)
                    Filter: (info_type_id = 101)
                    Rows Removed by Filter: 920110
              ->  Hash  (cost=73925.90..73925.90 rows=494158 width=4) (actual time=1433.654..1433.654 rows=581419 loops=1)
                    Buckets: 131072  Batches: 8  Memory Usage: 3592kB
                    ->  Seq Scan on title t  (cost=0.00..73925.90 rows=494158 width=4) (actual time=0.014..1253.392 rows=581419 loops=1)
                          Filter: ((kind_id < 7) AND (production_year < 2004))
                          Rows Removed by Filter: 1946893
Planning time: 1.191 ms
Execution time: 16166.789 ms
