Seq Scan on movie_companies mc  (cost=0.00..57926.93 rows=640461 width=0) (actual time=0.008..1060.013 rows=871652 loops=1)
  Filter: ((company_id < 11274) AND (company_type_id = 1))
  Rows Removed by Filter: 1737477
Planning time: 0.381 ms
Execution time: 1171.457 ms
