Hash Join  (cost=74146.12..101092.34 rows=3212 width=0) (actual time=1082.097..1648.912 rows=1488 loops=1)
  Hash Cond: (mi_idx.movie_id = t.id)
  ->  Seq Scan on movie_info_idx mi_idx  (cost=0.00..25185.44 rows=460978 width=4) (actual time=0.027..451.590 rows=459925 loops=1)
        Filter: (info_type_id = 99)
        Rows Removed by Filter: 920110
  ->  Hash  (cost=73925.90..73925.90 rows=17617 width=4) (actual time=1080.921..1080.921 rows=22021 loops=1)
        Buckets: 32768  Batches: 1  Memory Usage: 1031kB
        ->  Seq Scan on title t  (cost=0.00..73925.90 rows=17617 width=4) (actual time=302.652..1072.437 rows=22021 loops=1)
              Filter: ((production_year > 2012) AND (kind_id = 1))
              Rows Removed by Filter: 2506291
Planning time: 0.696 ms
Execution time: 1649.366 ms
