Seq Scan on cast_info ci  (cost=0.00..796071.18 rows=80309 width=0) (actual time=2944.509..12294.160 rows=33123 loops=1)
  Filter: ((person_id < 802024) AND (role_id > 10))
  Rows Removed by Filter: 36211221
Planning time: 1.024 ms
Execution time: 12298.422 ms
