Nested Loop  (cost=0.43..797555.70 rows=176 width=0) (actual time=2490.057..11407.819 rows=428 loops=1)
  ->  Seq Scan on cast_info ci  (cost=0.00..796071.18 rows=176 width=4) (actual time=2489.956..11399.762 rows=428 loops=1)
        Filter: ((person_id = 710681) AND (role_id = 1))
        Rows Removed by Filter: 36243916
  ->  Index Only Scan using title_pkey on title t  (cost=0.43..8.42 rows=1 width=4) (actual time=0.018..0.018 rows=1 loops=428)
        Index Cond: (id = ci.movie_id)
        Heap Fetches: 428
Planning time: 2.847 ms
Execution time: 11408.008 ms
