Seq Scan on movie_keyword mk  (cost=0.00..81003.12 rows=770360 width=0) (actual time=0.020..1267.773 rows=778605 loops=1)
  Filter: (keyword_id > 24213)
  Rows Removed by Filter: 3745325
Planning time: 0.354 ms
Execution time: 1364.204 ms
