Hash Join  (cost=799707.63..886373.45 rows=778 width=0) (actual time=14892.647..16476.073 rows=151 loops=1)
  Hash Cond: (mk.movie_id = t.id)
  ->  Seq Scan on movie_keyword mk  (cost=0.00..69693.30 rows=4523930 width=4) (actual time=0.023..929.118 rows=4523930 loops=1)
  ->  Hash  (cost=799702.19..799702.19 rows=435 width=8) (actual time=14799.368..14799.368 rows=1160 loops=1)
        Buckets: 2048 (originally 1024)  Batches: 1 (originally 1)  Memory Usage: 62kB
        ->  Nested Loop  (cost=0.43..799702.19 rows=435 width=8) (actual time=13994.697..14798.866 rows=1160 loops=1)
              ->  Seq Scan on cast_info ci  (cost=0.00..796071.18 rows=435 width=4) (actual time=13994.619..14777.829 rows=1160 loops=1)
                    Filter: ((role_id < 10) AND (person_id = 294594))
                    Rows Removed by Filter: 36243184
              ->  Index Only Scan using title_pkey on title t  (cost=0.43..8.34 rows=1 width=4) (actual time=0.017..0.018 rows=1 loops=1160)
                    Index Cond: (id = ci.movie_id)
                    Heap Fetches: 1160
Planning time: 3.923 ms
Execution time: 16476.199 ms
