Hash Join  (cost=69374.09..149969.47 rows=102301 width=0) (actual time=1124.505..3706.559 rows=89603 loops=1)
  Hash Cond: (mc.movie_id = t.id)
  ->  Seq Scan on movie_companies mc  (cost=0.00..51404.11 rows=2399537 width=4) (actual time=0.029..1190.287 rows=2398546 loops=1)
        Filter: (company_id < 110356)
        Rows Removed by Filter: 210583
  ->  Hash  (cost=67604.59..67604.59 rows=107800 width=4) (actual time=1123.721..1123.721 rows=108429 loops=1)
        Buckets: 131072  Batches: 2  Memory Usage: 2931kB
        ->  Seq Scan on title t  (cost=0.00..67604.59 rows=107800 width=4) (actual time=0.019..1080.731 rows=108429 loops=1)
              Filter: (production_year = 2006)
              Rows Removed by Filter: 2419883
Planning time: 0.705 ms
Execution time: 3718.869 ms
