Nested Loop  (cost=44377.22..167564.01 rows=3987 width=0) (actual time=906.226..3061.707 rows=44358 loops=1)
  ->  Hash Join  (cost=44376.79..134747.08 rows=55584 width=8) (actual time=906.172..2537.296 rows=45033 loops=1)
        Hash Cond: (mk.movie_id = mi_idx.movie_id)
        ->  Seq Scan on movie_keyword mk  (cost=0.00..81003.12 rows=18699 width=4) (actual time=0.073..1370.083 rows=20522 loops=1)
              Filter: (keyword_id = 382)
              Rows Removed by Filter: 4503408
        ->  Hash  (cost=21735.35..21735.35 rows=1380035 width=4) (actual time=903.506..903.506 rows=1380035 loops=1)
              Buckets: 131072  Batches: 32  Memory Usage: 2556kB
              ->  Seq Scan on movie_info_idx mi_idx  (cost=0.00..21735.35 rows=1380035 width=4) (actual time=0.008..469.388 rows=1380035 loops=1)
  ->  Index Scan using title_pkey on title t  (cost=0.43..0.58 rows=1 width=4) (actual time=0.011..0.011 rows=1 loops=45033)
        Index Cond: (id = mi_idx.movie_id)
        Filter: (kind_id < 7)
        Rows Removed by Filter: 0
Planning time: 1.112 ms
Execution time: 3069.655 ms
