Hash Join  (cost=76960.10..108536.30 rows=33709 width=0) (actual time=1529.446..1837.295 rows=8603 loops=1)
  Hash Cond: (mi_idx.movie_id = t.id)
  ->  Seq Scan on movie_info_idx mi_idx  (cost=0.00..25185.44 rows=460978 width=4) (actual time=0.015..506.898 rows=459925 loops=1)
        Filter: (info_type_id = 99)
        Rows Removed by Filter: 920110
  ->  Hash  (cost=73925.90..73925.90 rows=184896 width=4) (actual time=1164.635..1164.635 rows=79092 loops=1)
        Buckets: 131072  Batches: 4  Memory Usage: 1718kB
        ->  Seq Scan on title t  (cost=0.00..73925.90 rows=184896 width=4) (actual time=0.028..1137.346 rows=79092 loops=1)
              Filter: ((production_year < 1965) AND (kind_id = 7))
              Rows Removed by Filter: 2449220
Planning time: 0.800 ms
Execution time: 1838.123 ms
