Hash Join  (cost=70308.29..417405.27 rows=1169 width=0) (actual time=3022.873..6363.515 rows=90 loops=1)
  Hash Cond: (mi.movie_id = t.id)
  ->  Seq Scan on movie_info mi  (cost=0.00..346232.03 rows=17937 width=4) (actual time=1932.263..5252.039 rows=18205 loops=1)
        Filter: (info_type_id = 11)
        Rows Removed by Filter: 14817515
  ->  Hash  (cost=67604.59..67604.59 rows=164776 width=4) (actual time=1080.495..1080.495 rows=164307 loops=1)
        Buckets: 131072  Batches: 4  Memory Usage: 2488kB
        ->  Seq Scan on title t  (cost=0.00..67604.59 rows=164776 width=4) (actual time=0.026..1018.211 rows=164307 loops=1)
              Filter: (production_year = 2012)
              Rows Removed by Filter: 2364005
Planning time: 0.768 ms
Execution time: 6363.607 ms
