Seq Scan on movie_keyword mk  (cost=0.00..81003.12 rows=246 width=0) (actual time=46.520..1177.853 rows=88 loops=1)
  Filter: (keyword_id = 26800)
  Rows Removed by Filter: 4523842
Planning time: 0.405 ms
Execution time: 1178.023 ms
