Hash Join  (cost=77232.60..569572.00 rows=1174547 width=0) (actual time=1222.580..14819.013 rows=3480990 loops=1)
  Hash Cond: (mi.movie_id = t.id)
  ->  Seq Scan on movie_info mi  (cost=0.00..309384.22 rows=14739122 width=4) (actual time=0.021..5790.640 rows=14835720 loops=1)
  ->  Hash  (cost=73925.90..73925.90 rows=201496 width=4) (actual time=1221.801..1221.801 rows=307194 loops=1)
        Buckets: 131072  Batches: 4  Memory Usage: 3733kB
        ->  Seq Scan on title t  (cost=0.00..73925.90 rows=201496 width=4) (actual time=0.026..1114.234 rows=307194 loops=1)
              Filter: ((kind_id < 7) AND (production_year < 1980))
              Rows Removed by Filter: 2221118
Planning time: 0.761 ms
Execution time: 15173.528 ms
