Hash Join  (cost=797556.89..852223.03 rows=62 width=0) (actual time=10458.528..11194.831 rows=8 loops=1)
  Hash Cond: (mc.movie_id = t.id)
  ->  Seq Scan on movie_companies mc  (cost=0.00..44881.29 rows=2609129 width=4) (actual time=0.014..640.512 rows=2609129 loops=1)
  ->  Hash  (cost=797556.14..797556.14 rows=60 width=8) (actual time=10097.604..10097.604 rows=2 loops=1)
        Buckets: 1024  Batches: 1  Memory Usage: 9kB
        ->  Nested Loop  (cost=0.43..797556.14 rows=60 width=8) (actual time=1307.410..10097.595 rows=2 loops=1)
              ->  Seq Scan on cast_info ci  (cost=0.00..796071.18 rows=176 width=4) (actual time=1307.365..10097.412 rows=3 loops=1)
                    Filter: ((person_id = 1536342) AND (role_id = 1))
                    Rows Removed by Filter: 36244341
              ->  Index Scan using title_pkey on title t  (cost=0.43..8.43 rows=1 width=4) (actual time=0.056..0.056 rows=1 loops=3)
                    Index Cond: (id = ci.movie_id)
                    Filter: (kind_id < 4)
                    Rows Removed by Filter: 0
Planning time: 0.765 ms
Execution time: 11194.948 ms
