Seq Scan on cast_info ci  (cost=0.00..796071.18 rows=706015 width=0) (actual time=0.015..10358.211 rows=3221148 loops=1)
  Filter: ((person_id > 3250762) AND (role_id > 8))
  Rows Removed by Filter: 33023196
Planning time: 0.376 ms
Execution time: 10757.000 ms
