Hash Join  (cost=1123964.07..2202744.30 rows=44048799 width=0) (actual time=24342.607..73754.819 rows=139378426 loops=1)
  Hash Cond: (mi.movie_id = t.id)
  ->  Seq Scan on movie_info mi  (cost=0.00..309384.22 rows=14739122 width=4) (actual time=0.018..6174.420 rows=14835720 loops=1)
  ->  Hash  (cost=999986.78..999986.78 rows=7556663 width=8) (actual time=24341.789..24341.789 rows=7436237 loops=1)
        Buckets: 131072  Batches: 128  Memory Usage: 3318kB
        ->  Hash Join  (cost=102767.86..999986.78 rows=7556663 width=8) (actual time=9143.175..21942.163 rows=7436237 loops=1)
              Hash Cond: (ci.movie_id = t.id)
              ->  Seq Scan on cast_info ci  (cost=0.00..705507.15 rows=7556663 width=4) (actual time=7294.600..13674.715 rows=7436237 loops=1)
                    Filter: (role_id > 7)
                    Rows Removed by Filter: 28808107
              ->  Hash  (cost=61283.27..61283.27 rows=2528527 width=4) (actual time=1847.163..1847.163 rows=2528312 loops=1)
                    Buckets: 131072  Batches: 64  Memory Usage: 2415kB
                    ->  Seq Scan on title t  (cost=0.00..61283.27 rows=2528527 width=4) (actual time=0.032..988.617 rows=2528312 loops=1)
Planning time: 0.722 ms
Execution time: 88547.157 ms
