Nested Loop  (cost=0.43..58358.52 rows=9 width=0) (actual time=0.591..943.295 rows=2128 loops=1)
  ->  Seq Scan on movie_companies mc  (cost=0.00..57926.93 rows=51 width=4) (actual time=0.539..904.531 rows=2523 loops=1)
        Filter: ((company_type_id < 2) AND (company_id = 10584))
        Rows Removed by Filter: 2606606
  ->  Index Scan using title_pkey on title t  (cost=0.43..8.45 rows=1 width=4) (actual time=0.015..0.015 rows=1 loops=2523)
        Index Cond: (id = mc.movie_id)
        Filter: ((kind_id < 7) AND (production_year > 2004))
        Rows Removed by Filter: 0
Planning time: 0.840 ms
Execution time: 943.840 ms
