Seq Scan on movie_keyword mk  (cost=0.00..81003.12 rows=246 width=0) (actual time=19.910..1218.123 rows=198 loops=1)
  Filter: (keyword_id = 9161)
  Rows Removed by Filter: 4523732
Planning time: 0.303 ms
Execution time: 1218.369 ms
