Hash Join  (cost=263115.61..1749391.81 rows=28779799 width=0) (actual time=6645.466..62010.833 rows=58946182 loops=1)
  Hash Cond: (ci.movie_id = t.id)
  ->  Seq Scan on cast_info ci  (cost=0.00..796071.18 rows=27890725 width=4) (actual time=0.043..20032.223 rows=30006224 loops=1)
        Filter: ((person_id < 3280765) AND (role_id < 10))
        Rows Removed by Filter: 6238120
  ->  Hash  (cost=220309.49..220309.49 rows=2609129 width=8) (actual time=6642.954..6642.954 rows=2609129 loops=1)
        Buckets: 131072  Batches: 64  Memory Usage: 2610kB
        ->  Hash Join  (cost=102767.86..220309.49 rows=2609129 width=8) (actual time=2202.130..5887.162 rows=2609129 loops=1)
              Hash Cond: (mc.movie_id = t.id)
              ->  Seq Scan on movie_companies mc  (cost=0.00..44881.29 rows=2609129 width=4) (actual time=0.025..1010.252 rows=2609129 loops=1)
              ->  Hash  (cost=61283.27..61283.27 rows=2528527 width=4) (actual time=2201.025..2201.025 rows=2528312 loops=1)
                    Buckets: 131072  Batches: 64  Memory Usage: 2415kB
                    ->  Seq Scan on title t  (cost=0.00..61283.27 rows=2528527 width=4) (actual time=0.021..1076.958 rows=2528312 loops=1)
Planning time: 1.222 ms
Execution time: 68599.968 ms
