Hash Join  (cost=114621.11..169805.43 rows=51880 width=0) (actual time=2093.013..3208.340 rows=21 loops=1)
  Hash Cond: (mc.movie_id = t.id)
  ->  Seq Scan on movie_companies mc  (cost=0.00..44881.29 rows=2609129 width=4) (actual time=0.017..667.973 rows=2609129 loops=1)
  ->  Hash  (cost=113992.64..113992.64 rows=50277 width=8) (actual time=2004.773..2004.773 rows=6 loops=1)
        Buckets: 65536  Batches: 1  Memory Usage: 513kB
        ->  Hash Join  (cost=75437.39..113992.64 rows=50277 width=8) (actual time=1505.627..2004.708 rows=6 loops=1)
              Hash Cond: (mi_idx.movie_id = t.id)
              ->  Seq Scan on movie_info_idx mi_idx  (cost=0.00..21735.35 rows=1380035 width=4) (actual time=0.022..405.242 rows=1380035 loops=1)
              ->  Hash  (cost=73925.90..73925.90 rows=92119 width=4) (actual time=1205.001..1205.001 rows=10 loops=1)
                    Buckets: 131072  Batches: 2  Memory Usage: 1025kB
                    ->  Seq Scan on title t  (cost=0.00..73925.90 rows=92119 width=4) (actual time=225.761..1204.905 rows=10 loops=1)
                          Filter: ((kind_id > 1) AND (production_year < 1935))
                          Rows Removed by Filter: 2528302
Planning time: 0.750 ms
Execution time: 3208.480 ms
