Nested Loop  (cost=0.43..58358.27 rows=51 width=0) (actual time=3.405..926.542 rows=547 loops=1)
  ->  Seq Scan on movie_companies mc  (cost=0.00..57926.93 rows=51 width=4) (actual time=3.342..909.868 rows=547 loops=1)
        Filter: ((company_type_id < 2) AND (company_id = 1479))
        Rows Removed by Filter: 2608582
  ->  Index Only Scan using title_pkey on title t  (cost=0.43..8.45 rows=1 width=4) (actual time=0.029..0.029 rows=1 loops=547)
        Index Cond: (id = mc.movie_id)
        Heap Fetches: 547
Planning time: 0.718 ms
Execution time: 926.817 ms
