Hash Join  (cost=122312.22..487302.16 rows=33401 width=0) (actual time=1457.466..8863.851 rows=139377 loops=1)
  Hash Cond: (mi.movie_id = t.id)
  ->  Seq Scan on movie_info mi  (cost=0.00..309384.22 rows=14739122 width=4) (actual time=0.024..4426.417 rows=14835720 loops=1)
  ->  Hash  (cost=122240.60..122240.60 rows=5730 width=8) (actual time=1455.066..1455.066 rows=4517 loops=1)
        Buckets: 8192  Batches: 1  Memory Usage: 241kB
        ->  Nested Loop  (cost=0.43..122240.60 rows=5730 width=8) (actual time=0.108..1450.701 rows=4517 loops=1)
              ->  Seq Scan on movie_keyword mk  (cost=0.00..81003.12 rows=5730 width=4) (actual time=0.051..1315.944 rows=4517 loops=1)
                    Filter: (keyword_id = 115)
                    Rows Removed by Filter: 4519413
              ->  Index Only Scan using title_pkey on title t  (cost=0.43..7.19 rows=1 width=4) (actual time=0.029..0.029 rows=1 loops=4517)
                    Index Cond: (id = mk.movie_id)
                    Heap Fetches: 4517
Planning time: 1.135 ms
Execution time: 8884.677 ms
