Seq Scan on movie_companies mc  (cost=0.00..57926.93 rows=419792 width=0) (actual time=0.031..917.130 rows=101023 loops=1)
  Filter: ((company_id > 24091) AND (company_type_id = 1))
  Rows Removed by Filter: 2508106
Planning time: 5.318 ms
Execution time: 930.395 ms
