Hash Join  (cost=193319.45..330054.99 rows=1209250 width=0) (actual time=4412.208..7860.933 rows=593158 loops=1)
  Hash Cond: (mk.movie_id = t.id)
  ->  Seq Scan on movie_keyword mk  (cost=0.00..69693.30 rows=4523930 width=4) (actual time=0.018..1431.758 rows=4523930 loops=1)
  ->  Hash  (cost=182229.99..182229.99 rows=675877 width=8) (actual time=4411.338..4411.338 rows=343265 loops=1)
        Buckets: 131072  Batches: 16  Memory Usage: 1856kB
        ->  Hash Join  (cost=98498.33..182229.99 rows=675877 width=8) (actual time=1978.293..4305.417 rows=343265 loops=1)
              Hash Cond: (mc.movie_id = t.id)
              ->  Seq Scan on movie_companies mc  (cost=0.00..57926.93 rows=1141055 width=4) (actual time=0.018..1409.790 rows=1249163 loops=1)
                    Filter: ((company_id > 197) AND (company_type_id = 2))
                    Rows Removed by Filter: 1359966
              ->  Hash  (cost=73925.90..73925.90 rows=1497714 width=4) (actual time=1977.076..1977.076 rows=1478440 loops=1)
                    Buckets: 131072  Batches: 32  Memory Usage: 2651kB
                    ->  Seq Scan on title t  (cost=0.00..73925.90 rows=1497714 width=4) (actual time=0.012..1498.516 rows=1478440 loops=1)
                          Filter: ((production_year > 0) AND (kind_id = 7))
                          Rows Removed by Filter: 1049872
Planning time: 0.821 ms
Execution time: 7928.270 ms
