Hash Join  (cost=74401.58..873608.11 rows=361534 width=0) (actual time=1126.736..21379.858 rows=258780 loops=1)
  Hash Cond: (ci.movie_id = t.id)
  ->  Seq Scan on cast_info ci  (cost=0.00..705507.15 rows=24022411 width=4) (actual time=0.018..14578.505 rows=24130698 loops=1)
        Filter: (role_id < 4)
        Rows Removed by Filter: 12113646
  ->  Hash  (cost=73925.90..73925.90 rows=38054 width=4) (actual time=1124.394..1124.394 rows=26139 loops=1)
        Buckets: 65536  Batches: 1  Memory Usage: 1431kB
        ->  Seq Scan on title t  (cost=0.00..73925.90 rows=38054 width=4) (actual time=0.153..1111.650 rows=26139 loops=1)
              Filter: ((kind_id < 3) AND (production_year = 2008))
              Rows Removed by Filter: 2502173
Planning time: 4.188 ms
Execution time: 21421.746 ms
