Hash Join  (cost=219776.99..359534.00 rows=1586153 width=0) (actual time=4862.180..9484.768 rows=4805233 loops=1)
  Hash Cond: (mk.movie_id = t.id)
  ->  Seq Scan on movie_keyword mk  (cost=0.00..81003.12 rows=3298763 width=4) (actual time=0.021..1708.230 rows=3289605 loops=1)
        Filter: (keyword_id > 1559)
        Rows Removed by Filter: 1234325
  ->  Hash  (cost=199829.51..199829.51 rows=1215798 width=8) (actual time=4861.289..4861.289 rows=1110097 loops=1)
        Buckets: 131072  Batches: 16  Memory Usage: 3738kB
        ->  Hash Join  (cost=102767.86..199829.51 rows=1215798 width=8) (actual time=1910.801..4500.458 rows=1110097 loops=1)
              Hash Cond: (mc.movie_id = t.id)
              ->  Seq Scan on movie_companies mc  (cost=0.00..57926.93 rows=1215798 width=4) (actual time=0.020..1166.502 rows=1110097 loops=1)
                    Filter: ((company_id < 106720) AND (company_type_id > 1))
                    Rows Removed by Filter: 1499032
              ->  Hash  (cost=61283.27..61283.27 rows=2528527 width=4) (actual time=1909.122..1909.122 rows=2528312 loops=1)
                    Buckets: 131072  Batches: 64  Memory Usage: 2415kB
                    ->  Seq Scan on title t  (cost=0.00..61283.27 rows=2528527 width=4) (actual time=0.020..1065.740 rows=2528312 loops=1)
Planning time: 1.627 ms
Execution time: 10102.477 ms
