Hash Join  (cost=139105.86..166210.33 rows=19399 width=0) (actual time=2463.501..3053.804 rows=31005 loops=1)
  Hash Cond: (mi_idx.movie_id = t.id)
  ->  Seq Scan on movie_info_idx mi_idx  (cost=0.00..21735.35 rows=1380035 width=4) (actual time=0.016..294.472 rows=1380035 loops=1)
  ->  Hash  (cost=138661.57..138661.57 rows=35543 width=8) (actual time=2463.132..2463.132 rows=18543 loops=1)
        Buckets: 65536  Batches: 1  Memory Usage: 1237kB
        ->  Hash Join  (cost=69179.59..138661.57 rows=35543 width=8) (actual time=1325.677..2455.773 rows=18543 loops=1)
              Hash Cond: (mc.movie_id = t.id)
              ->  Seq Scan on movie_companies mc  (cost=0.00..57926.93 rows=936165 width=4) (actual time=194.272..1083.587 rows=621099 loops=1)
                    Filter: ((company_id < 33003) AND (company_type_id = 2))
                    Rows Removed by Filter: 1988030
              ->  Hash  (cost=67604.59..67604.59 rows=96000 width=4) (actual time=1130.431..1130.431 rows=95005 loops=1)
                    Buckets: 131072  Batches: 2  Memory Usage: 2716kB
                    ->  Seq Scan on title t  (cost=0.00..67604.59 rows=96000 width=4) (actual time=0.018..1093.808 rows=95005 loops=1)
                          Filter: (production_year = 2005)
                          Rows Removed by Filter: 2433307
Planning time: 1.263 ms
Execution time: 3058.103 ms
