Hash Join  (cost=205581.86..1317417.39 rows=7596042 width=0) (actual time=4507.408..34804.976 rows=8241597 loops=1)
  Hash Cond: (ci.movie_id = t.id)
  ->  Seq Scan on cast_info ci  (cost=0.00..614943.12 rows=36225612 width=4) (actual time=0.011..13486.064 rows=36244344 loops=1)
  ->  Hash  (cost=196882.38..196882.38 rows=530199 width=8) (actual time=4506.517..4506.517 rows=288882 loops=1)
        Buckets: 131072  Batches: 8  Memory Usage: 2431kB
        ->  Hash Join  (cost=92421.85..196882.38 rows=530199 width=8) (actual time=1914.791..4422.670 rows=288882 loops=1)
              Hash Cond: (mk.movie_id = t.id)
              ->  Seq Scan on movie_keyword mk  (cost=0.00..81003.12 rows=1189175 width=4) (actual time=0.020..1599.802 rows=1194024 loops=1)
                    Filter: (keyword_id < 1450)
                    Rows Removed by Filter: 3329906
              ->  Hash  (cost=73925.90..73925.90 rows=1127356 width=4) (actual time=1910.372..1910.372 rows=1234845 loops=1)
                    Buckets: 131072  Batches: 16  Memory Usage: 3752kB
                    ->  Seq Scan on title t  (cost=0.00..73925.90 rows=1127356 width=4) (actual time=0.023..1489.493 rows=1234845 loops=1)
                          Filter: ((kind_id > 1) AND (production_year > 1997))
                          Rows Removed by Filter: 1293467
Planning time: 1.139 ms
Execution time: 35639.509 ms
