Hash Join  (cost=269854.32..889854.23 rows=11412207 width=0) (actual time=5641.985..20017.743 rows=4880100 loops=1)
  Hash Cond: (mi.movie_id = t.id)
  ->  Seq Scan on movie_info mi  (cost=0.00..309384.22 rows=14739122 width=4) (actual time=0.016..5910.841 rows=14835720 loops=1)
  ->  Hash  (cost=237733.97..237733.97 rows=1957788 width=8) (actual time=5585.331..5585.331 rows=458671 loops=1)
        Buckets: 131072  Batches: 32  Memory Usage: 1576kB
        ->  Hash Join  (cost=91879.05..237733.97 rows=1957788 width=8) (actual time=4064.910..5459.721 rows=458671 loops=1)
              Hash Cond: (mk.movie_id = t.id)
              ->  Seq Scan on movie_keyword mk  (cost=0.00..69693.30 rows=4523930 width=4) (actual time=0.013..1348.104 rows=4523930 loops=1)
              ->  Hash  (cost=73925.90..73925.90 rows=1094252 width=4) (actual time=1929.253..1929.253 rows=1044222 loops=1)
                    Buckets: 131072  Batches: 16  Memory Usage: 3325kB
                    ->  Seq Scan on title t  (cost=0.00..73925.90 rows=1094252 width=4) (actual time=54.778..1324.156 rows=1044222 loops=1)
                          Filter: ((production_year < 2009) AND (kind_id = 7))
                          Rows Removed by Filter: 1484090
Planning time: 1.200 ms
Execution time: 20580.794 ms
