Hash Join  (cost=156487.41..292233.72 rows=721057 width=0) (actual time=3508.260..7327.895 rows=3022072 loops=1)
  Hash Cond: (mk.movie_id = t.id)
  ->  Seq Scan on movie_keyword mk  (cost=0.00..81003.12 rows=3955098 width=4) (actual time=0.024..1738.319 rows=3958000 loops=1)
        Filter: (keyword_id < 32470)
        Rows Removed by Filter: 565930
  ->  Hash  (cost=148924.19..148924.19 rows=460978 width=8) (actual time=3507.335..3507.335 rows=459925 loops=1)
        Buckets: 131072  Batches: 8  Memory Usage: 3284kB
        ->  Hash Join  (cost=102767.86..148924.19 rows=460978 width=8) (actual time=2040.506..3364.142 rows=459925 loops=1)
              Hash Cond: (mi_idx.movie_id = t.id)
              ->  Seq Scan on movie_info_idx mi_idx  (cost=0.00..25185.44 rows=460978 width=4) (actual time=0.024..488.344 rows=459925 loops=1)
                    Filter: (info_type_id < 100)
                    Rows Removed by Filter: 920110
              ->  Hash  (cost=61283.27..61283.27 rows=2528527 width=4) (actual time=2038.815..2038.815 rows=2528312 loops=1)
                    Buckets: 131072  Batches: 64  Memory Usage: 2415kB
                    ->  Seq Scan on title t  (cost=0.00..61283.27 rows=2528527 width=4) (actual time=0.014..1167.792 rows=2528312 loops=1)
Planning time: 1.209 ms
Execution time: 7601.463 ms
