Hash Join  (cost=102767.86..185593.90 rows=624191 width=0) (actual time=2045.000..3958.996 rows=890737 loops=1)
  Hash Cond: (mc.movie_id = t.id)
  ->  Seq Scan on movie_companies mc  (cost=0.00..57926.93 rows=624191 width=4) (actual time=232.810..1023.056 rows=890737 loops=1)
        Filter: ((company_id > 11817) AND (company_type_id > 1))
        Rows Removed by Filter: 1718392
  ->  Hash  (cost=61283.27..61283.27 rows=2528527 width=4) (actual time=1811.111..1811.111 rows=2528312 loops=1)
        Buckets: 131072  Batches: 64  Memory Usage: 2415kB
        ->  Seq Scan on title t  (cost=0.00..61283.27 rows=2528527 width=4) (actual time=0.012..961.965 rows=2528312 loops=1)
Planning time: 0.791 ms
Execution time: 4063.423 ms
