Hash Join  (cost=107609.88..199572.14 rows=75908 width=0) (actual time=1909.163..3868.928 rows=115149 loops=1)
  Hash Cond: (mk.movie_id = t.id)
  ->  Seq Scan on movie_keyword mk  (cost=0.00..81003.12 rows=2720014 width=4) (actual time=0.017..1514.922 rows=2713537 loops=1)
        Filter: (keyword_id > 2937)
        Rows Removed by Filter: 1810393
  ->  Hash  (cost=106727.83..106727.83 rows=70564 width=8) (actual time=1907.995..1907.995 rows=43838 loops=1)
        Buckets: 131072  Batches: 1  Memory Usage: 2737kB
        ->  Hash Join  (cost=74050.79..106727.83 rows=70564 width=8) (actual time=1174.525..1891.208 rows=43838 loops=1)
              Hash Cond: (mi_idx.movie_id = t.id)
              ->  Seq Scan on movie_info_idx mi_idx  (cost=0.00..25185.44 rows=454124 width=4) (actual time=0.026..437.577 rows=459925 loops=1)
                    Filter: (info_type_id = 100)
                    Rows Removed by Filter: 920110
              ->  Hash  (cost=67604.59..67604.59 rows=392896 width=4) (actual time=1173.443..1173.443 rows=391666 loops=1)
                    Buckets: 131072  Batches: 8  Memory Usage: 2753kB
                    ->  Seq Scan on title t  (cost=0.00..67604.59 rows=392896 width=4) (actual time=0.022..1044.751 rows=391666 loops=1)
                          Filter: (production_year > 2010)
                          Rows Removed by Filter: 2136646
Planning time: 2.216 ms
Execution time: 3883.938 ms
