Seq Scan on movie_companies mc  (cost=0.00..57926.93 rows=606643 width=0) (actual time=384.832..1006.528 rows=882367 loops=1)
  Filter: ((company_id > 12328) AND (company_type_id > 1))
  Rows Removed by Filter: 1726762
Planning time: 0.338 ms
Execution time: 1114.937 ms
