Hash Join  (cost=69687.24..151862.27 rows=2809 width=0) (actual time=1245.619..2533.382 rows=2135 loops=1)
  Hash Cond: (mk.movie_id = t.id)
  ->  Seq Scan on movie_keyword mk  (cost=0.00..81003.12 rows=55951 width=4) (actual time=0.032..1252.028 rows=54826 loops=1)
        Filter: (keyword_id < 55)
        Rows Removed by Filter: 4469104
  ->  Hash  (cost=67604.59..67604.59 rows=126932 width=4) (actual time=1243.578..1243.578 rows=122861 loops=1)
        Buckets: 131072  Batches: 2  Memory Usage: 3197kB
        ->  Seq Scan on title t  (cost=0.00..67604.59 rows=126932 width=4) (actual time=0.021..1195.654 rows=122861 loops=1)
              Filter: (production_year = 2008)
              Rows Removed by Filter: 2405451
Planning time: 0.697 ms
Execution time: 2533.860 ms
