Nested Loop  (cost=0.43..709671.90 rows=500 width=0) (actual time=7233.182..9741.413 rows=60 loops=1)
  ->  Seq Scan on cast_info ci  (cost=0.00..705507.15 rows=500 width=4) (actual time=7233.079..9740.370 rows=60 loops=1)
        Filter: (person_id = 2991941)
        Rows Removed by Filter: 36244284
  ->  Index Only Scan using title_pkey on title t  (cost=0.43..8.32 rows=1 width=4) (actual time=0.016..0.016 rows=1 loops=60)
        Index Cond: (id = ci.movie_id)
        Heap Fetches: 60
Planning time: 0.741 ms
Execution time: 9741.505 ms
