Hash Join  (cost=138419.32..165522.01 rows=19221 width=0) (actual time=2342.180..2932.122 rows=15051 loops=1)
  Hash Cond: (mi_idx.movie_id = t.id)
  ->  Seq Scan on movie_info_idx mi_idx  (cost=0.00..21735.35 rows=1380035 width=4) (actual time=0.021..302.812 rows=1380035 loops=1)
  ->  Hash  (cost=137979.09..137979.09 rows=35218 width=8) (actual time=2341.177..2341.177 rows=14174 loops=1)
        Buckets: 65536  Batches: 1  Memory Usage: 1066kB
        ->  Hash Join  (cost=75574.02..137979.09 rows=35218 width=8) (actual time=1282.165..2335.672 rows=14174 loops=1)
              Hash Cond: (mc.movie_id = t.id)
              ->  Seq Scan on movie_companies mc  (cost=0.00..51404.11 rows=886875 width=4) (actual time=0.015..906.331 rows=893189 loops=1)
                    Filter: (company_id > 21846)
                    Rows Removed by Filter: 1715940
              ->  Hash  (cost=73925.90..73925.90 rows=100409 width=4) (actual time=1087.956..1087.956 rows=110402 loops=1)
                    Buckets: 131072  Batches: 2  Memory Usage: 2964kB
                    ->  Seq Scan on title t  (cost=0.00..73925.90 rows=100409 width=4) (actual time=0.035..1007.911 rows=110402 loops=1)
                          Filter: ((kind_id = 7) AND (production_year = 2012))
                          Rows Removed by Filter: 2417910
Planning time: 1.207 ms
Execution time: 2934.307 ms
