Seq Scan on movie_keyword mk  (cost=0.00..81003.12 rows=456720 width=0) (actual time=0.036..1332.710 rows=453120 loops=1)
  Filter: (keyword_id > 39071)
  Rows Removed by Filter: 4070810
Planning time: 0.342 ms
Execution time: 1390.983 ms
