Hash Join  (cost=150298.95..276300.82 rows=238091 width=0) (actual time=3302.540..6525.077 rows=937730 loops=1)
  Hash Cond: (mk.movie_id = t.id)
  ->  Seq Scan on movie_keyword mk  (cost=0.00..81003.12 rows=3629821 width=4) (actual time=0.015..1685.566 rows=3625594 loops=1)
        Filter: (keyword_id < 20556)
        Rows Removed by Filter: 898336
  ->  Hash  (cost=147577.78..147577.78 rows=165854 width=8) (actual time=3300.011..3300.011 rows=126472 loops=1)
        Buckets: 131072  Batches: 4  Memory Usage: 2259kB
        ->  Hash Join  (cost=70241.71..147577.78 rows=165854 width=8) (actual time=1217.573..3254.485 rows=126472 loops=1)
              Hash Cond: (mc.movie_id = t.id)
              ->  Seq Scan on movie_companies mc  (cost=0.00..44881.29 rows=2609129 width=4) (actual time=0.011..885.237 rows=2609129 loops=1)
              ->  Hash  (cost=67604.59..67604.59 rows=160730 width=4) (actual time=1216.747..1216.747 rows=160017 loops=1)
                    Buckets: 131072  Batches: 4  Memory Usage: 2436kB
                    ->  Seq Scan on title t  (cost=0.00..67604.59 rows=160730 width=4) (actual time=0.025..1160.837 rows=160017 loops=1)
                          Filter: (production_year = 2011)
                          Rows Removed by Filter: 2368295
Planning time: 1.253 ms
Execution time: 6641.208 ms
