Seq Scan on cast_info ci  (cost=0.00..705507.15 rows=500 width=0) (actual time=10936.333..11230.278 rows=137 loops=1)
  Filter: (person_id = 1300857)
  Rows Removed by Filter: 36244207
Planning time: 0.371 ms
Execution time: 11230.399 ms
