Hash Join  (cost=250673.22..1644774.20 rows=30665380 width=0) (actual time=6564.547..56266.796 rows=66726418 loops=1)
  Hash Cond: (ci.movie_id = t.id)
  ->  Seq Scan on cast_info ci  (cost=0.00..614943.12 rows=36225612 width=4) (actual time=0.018..13242.285 rows=36244344 loops=1)
  ->  Hash  (cost=215555.89..215555.89 rows=2140426 width=8) (actual time=6563.706..6563.706 rows=2142849 loops=1)
        Buckets: 131072  Batches: 32  Memory Usage: 3616kB
        ->  Hash Join  (cost=102767.86..215555.89 rows=2140426 width=8) (actual time=1877.514..5936.486 rows=2142849 loops=1)
              Hash Cond: (mc.movie_id = t.id)
              ->  Seq Scan on movie_companies mc  (cost=0.00..51404.11 rows=2140426 width=4) (actual time=0.021..1081.667 rows=2142849 loops=1)
                    Filter: (company_id > 400)
                    Rows Removed by Filter: 466280
              ->  Hash  (cost=61283.27..61283.27 rows=2528527 width=4) (actual time=1875.996..1875.996 rows=2528312 loops=1)
                    Buckets: 131072  Batches: 64  Memory Usage: 2415kB
                    ->  Seq Scan on title t  (cost=0.00..61283.27 rows=2528527 width=4) (actual time=0.021..1013.981 rows=2528312 loops=1)
Planning time: 1.167 ms
Execution time: 63336.632 ms
