Nested Loop  (cost=0.43..83072.29 rows=141 width=0) (actual time=0.181..1687.137 rows=2108 loops=1)
  ->  Seq Scan on movie_keyword mk  (cost=0.00..81003.12 rows=246 width=4) (actual time=0.127..1097.184 rows=2342 loops=1)
        Filter: (keyword_id = 43)
        Rows Removed by Filter: 4521588
  ->  Index Scan using title_pkey on title t  (cost=0.43..8.40 rows=1 width=4) (actual time=0.251..0.251 rows=1 loops=2342)
        Index Cond: (id = mk.movie_id)
        Filter: (production_year < 2006)
        Rows Removed by Filter: 0
Planning time: 0.801 ms
Execution time: 1687.885 ms
