Hash Join  (cost=78556.72..187497.45 rows=470804 width=0) (actual time=1361.648..4022.339 rows=1131681 loops=1)
  Hash Cond: (mk.movie_id = t.id)
  ->  Seq Scan on movie_keyword mk  (cost=0.00..81003.12 rows=1783350 width=4) (actual time=0.010..1477.675 rows=1792776 loops=1)
        Filter: (keyword_id > 7763)
        Rows Removed by Filter: 2731154
  ->  Hash  (cost=67604.59..67604.59 rows=667531 width=4) (actual time=1360.361..1360.361 rows=662825 loops=1)
        Buckets: 131072  Batches: 16  Memory Usage: 2486kB
        ->  Seq Scan on title t  (cost=0.00..67604.59 rows=667531 width=4) (actual time=0.021..1156.901 rows=662825 loops=1)
              Filter: (kind_id = 1)
              Rows Removed by Filter: 1865487
Planning time: 0.608 ms
Execution time: 4157.410 ms
