Hash Join  (cost=162389.03..668910.20 rows=2503724 width=0) (actual time=3589.717..22015.686 rows=20644011 loops=1)
  Hash Cond: (mi.movie_id = t.id)
  ->  Seq Scan on movie_info mi  (cost=0.00..309384.22 rows=14739122 width=4) (actual time=0.015..6117.718 rows=14835720 loops=1)
  ->  Hash  (cost=155342.04..155342.04 rows=429519 width=8) (actual time=3588.708..3588.708 rows=623234 loops=1)
        Buckets: 131072 (originally 131072)  Batches: 16 (originally 8)  Memory Usage: 3073kB
        ->  Hash Join  (cost=81530.55..155342.04 rows=429519 width=8) (actual time=1659.495..3390.643 rows=623234 loops=1)
              Hash Cond: (mc.movie_id = t.id)
              ->  Seq Scan on movie_companies mc  (cost=0.00..51404.11 rows=1279517 width=4) (actual time=223.827..968.678 rows=1274246 loops=1)
                    Filter: (company_type_id = 1)
                    Rows Removed by Filter: 1334883
              ->  Hash  (cost=67604.59..67604.59 rows=848797 width=4) (actual time=1434.684..1434.684 rows=849141 loops=1)
                    Buckets: 131072  Batches: 16  Memory Usage: 2892kB
                    ->  Seq Scan on title t  (cost=0.00..67604.59 rows=848797 width=4) (actual time=0.024..1160.031 rows=849141 loops=1)
                          Filter: (production_year < 1996)
                          Rows Removed by Filter: 1679171
Planning time: 1.034 ms
Execution time: 24049.375 ms
