Hash Join  (cost=83198.94..449197.14 rows=284438 width=0) (actual time=3446.415..7609.854 rows=673679 loops=1)
  Hash Cond: (mi.movie_id = t.id)
  ->  Seq Scan on movie_info mi  (cost=0.00..346232.03 rows=1272478 width=4) (actual time=2071.531..5307.446 rows=1325361 loops=1)
        Filter: (info_type_id = 8)
        Rows Removed by Filter: 13510359
  ->  Hash  (cost=73925.90..73925.90 rows=565203 width=4) (actual time=1373.700..1373.700 rows=641785 loops=1)
        Buckets: 131072  Batches: 8  Memory Usage: 3871kB
        ->  Seq Scan on title t  (cost=0.00..73925.90 rows=565203 width=4) (actual time=0.034..1170.197 rows=641785 loops=1)
              Filter: ((kind_id < 7) AND (production_year < 2006))
              Rows Removed by Filter: 1886527
Planning time: 0.845 ms
Execution time: 7691.907 ms
