Hash Join  (cost=948870.76..1024742.34 rows=521742 width=0) (actual time=17444.981..19121.638 rows=675466 loops=1)
  Hash Cond: (mc.movie_id = t.id)
  ->  Seq Scan on movie_companies mc  (cost=0.00..51404.11 rows=1329612 width=4) (actual time=370.748..1066.810 rows=1334883 loops=1)
        Filter: (company_type_id = 2)
        Rows Removed by Filter: 1274246
  ->  Hash  (cost=932592.27..932592.27 rows=992199 width=8) (actual time=17073.142..17073.142 rows=1009891 loops=1)
        Buckets: 131072  Batches: 16  Memory Usage: 3475kB
        ->  Hash Join  (cost=102767.86..932592.27 rows=992199 width=8) (actual time=4292.233..16795.134 rows=1009891 loops=1)
              Hash Cond: (ci.movie_id = t.id)
              ->  Seq Scan on cast_info ci  (cost=0.00..796071.18 rows=992199 width=4) (actual time=2361.846..13685.228 rows=1009891 loops=1)
                    Filter: ((person_id > 1518195) AND (role_id = 8))
                    Rows Removed by Filter: 35234453
              ->  Hash  (cost=61283.27..61283.27 rows=2528527 width=4) (actual time=1929.294..1929.294 rows=2528312 loops=1)
                    Buckets: 131072  Batches: 64  Memory Usage: 2415kB
                    ->  Seq Scan on title t  (cost=0.00..61283.27 rows=2528527 width=4) (actual time=0.018..1078.511 rows=2528312 loops=1)
Planning time: 1.197 ms
Execution time: 19196.489 ms
