Seq Scan on movie_companies mc  (cost=0.00..51404.11 rows=1175861 width=0) (actual time=0.014..893.148 rows=1169766 loops=1)
  Filter: (company_id < 9831)
  Rows Removed by Filter: 1439363
Planning time: 0.374 ms
Execution time: 1039.840 ms
