Seq Scan on movie_companies mc  (cost=0.00..51404.11 rows=1968958 width=0) (actual time=0.025..970.665 rows=1963576 loops=1)
  Filter: (company_id < 55821)
  Rows Removed by Filter: 645553
Planning time: 0.380 ms
Execution time: 1204.918 ms
