Hash Join  (cost=436990.51..523751.60 rows=10306 width=0) (actual time=6792.562..8629.303 rows=360121 loops=1)
  Hash Cond: (mk.movie_id = t.id)
  ->  Seq Scan on movie_keyword mk  (cost=0.00..69693.30 rows=4523930 width=4) (actual time=0.014..952.575 rows=4523930 loops=1)
  ->  Hash  (cost=436918.51..436918.51 rows=5760 width=8) (actual time=6792.348..6792.348 rows=4409 loops=1)
        Buckets: 8192  Batches: 1  Memory Usage: 237kB
        ->  Hash Join  (cost=87247.62..436918.51 rows=5760 width=8) (actual time=3338.413..6790.836 rows=4409 loops=1)
              Hash Cond: (mi.movie_id = t.id)
              ->  Seq Scan on movie_info mi  (cost=0.00..346232.03 rows=17937 width=4) (actual time=1824.778..5155.222 rows=6142 loops=1)
                    Filter: (info_type_id = 46)
                    Rows Removed by Filter: 14829578
              ->  Hash  (cost=73925.90..73925.90 rows=811977 width=4) (actual time=1510.706..1510.706 rows=725903 loops=1)
                    Buckets: 131072  Batches: 16  Memory Usage: 2630kB
                    ->  Seq Scan on title t  (cost=0.00..73925.90 rows=811977 width=4) (actual time=0.033..1285.788 rows=725903 loops=1)
                          Filter: ((kind_id < 7) AND (production_year > 1970))
                          Rows Removed by Filter: 1802409
Planning time: 9.440 ms
Execution time: 8673.061 ms
