Hash Join  (cost=88334.42..175876.89 rows=906195 width=0) (actual time=1667.576..4136.157 rows=579437 loops=1)
  Hash Cond: (mc.movie_id = t.id)
  ->  Seq Scan on movie_companies mc  (cost=0.00..44881.29 rows=2609129 width=4) (actual time=0.010..889.573 rows=2609129 loops=1)
  ->  Hash  (cost=73925.90..73925.90 rows=878201 width=4) (actual time=1666.742..1666.742 rows=947729 loops=1)
        Buckets: 131072  Batches: 16  Memory Usage: 3113kB
        ->  Seq Scan on title t  (cost=0.00..73925.90 rows=878201 width=4) (actual time=0.021..1370.330 rows=947729 loops=1)
              Filter: ((kind_id > 1) AND (production_year > 2003))
              Rows Removed by Filter: 1580583
Planning time: 0.823 ms
Execution time: 4207.210 ms
