Hash Join  (cost=133411.22..220450.73 rows=38147 width=0) (actual time=2356.095..3922.037 rows=10245 loops=1)
  Hash Cond: (mk.movie_id = t.id)
  ->  Seq Scan on movie_keyword mk  (cost=0.00..69693.30 rows=4523930 width=4) (actual time=0.021..831.908 rows=4523930 loops=1)
  ->  Hash  (cost=133144.71..133144.71 rows=21321 width=8) (actual time=2345.613..2345.613 rows=7894 loops=1)
        Buckets: 32768  Batches: 1  Memory Usage: 565kB
        ->  Hash Join  (cost=71408.55..133144.71 rows=21321 width=8) (actual time=1281.192..2341.862 rows=7894 loops=1)
              Hash Cond: (mc.movie_id = t.id)
              ->  Seq Scan on movie_companies mc  (cost=0.00..57926.93 rows=232537 width=4) (actual time=0.036..974.679 rows=109736 loops=1)
                    Filter: ((company_id < 375) AND (company_type_id = 2))
                    Rows Removed by Filter: 2499393
              ->  Hash  (cost=67604.59..67604.59 rows=231837 width=4) (actual time=1278.594..1278.594 rows=231649 loops=1)
                    Buckets: 131072  Batches: 4  Memory Usage: 3076kB
                    ->  Seq Scan on title t  (cost=0.00..67604.59 rows=231837 width=4) (actual time=0.019..1200.392 rows=231649 loops=1)
                          Filter: (production_year > 2011)
                          Rows Removed by Filter: 2296663
Planning time: 1.117 ms
Execution time: 3923.864 ms
