Seq Scan on cast_info ci  (cost=0.00..796071.18 rows=324 width=0) (actual time=852.240..13257.579 rows=110 loops=1)
  Filter: ((role_id > 1) AND (person_id = 3827522))
  Rows Removed by Filter: 36244234
Planning time: 0.331 ms
Execution time: 13257.693 ms
