Hash Join  (cost=52284.99..410024.01 rows=126 width=0) (actual time=3361.896..7186.531 rows=908 loops=1)
  Hash Cond: (mi.movie_id = t.id)
  ->  Seq Scan on movie_info mi  (cost=0.00..346232.03 rows=3068194 width=4) (actual time=1599.831..5880.752 rows=3036719 loops=1)
        Filter: (info_type_id = 16)
        Rows Removed by Filter: 11799001
  ->  Hash  (cost=52283.69..52283.69 rows=104 width=8) (actual time=844.318..844.318 rows=940 loops=1)
        Buckets: 1024  Batches: 1  Memory Usage: 45kB
        ->  Nested Loop  (cost=0.43..52283.69 rows=104 width=8) (actual time=3.564..843.702 rows=940 loops=1)
              ->  Seq Scan on movie_companies mc  (cost=0.00..51404.11 rows=104 width=4) (actual time=3.495..803.387 rows=940 loops=1)
                    Filter: (company_id = 14890)
                    Rows Removed by Filter: 2608189
              ->  Index Only Scan using title_pkey on title t  (cost=0.43..8.45 rows=1 width=4) (actual time=0.041..0.042 rows=1 loops=940)
                    Index Cond: (id = mc.movie_id)
                    Heap Fetches: 940
Planning time: 1.205 ms
Execution time: 7186.852 ms
