Hash Join  (cost=263115.61..1186744.30 rows=4967173 width=0) (actual time=9812.497..28387.440 rows=13351333 loops=1)
  Hash Cond: (ci.movie_id = t.id)
  ->  Seq Scan on cast_info ci  (cost=0.00..796071.18 rows=4813726 width=4) (actual time=3524.443..14644.210 rows=7450003 loops=1)
        Filter: ((person_id > 1206680) AND (role_id = 2))
        Rows Removed by Filter: 28794341
  ->  Hash  (cost=220309.49..220309.49 rows=2609129 width=8) (actual time=6286.595..6286.595 rows=2609129 loops=1)
        Buckets: 131072  Batches: 64  Memory Usage: 2610kB
        ->  Hash Join  (cost=102767.86..220309.49 rows=2609129 width=8) (actual time=1931.717..5522.150 rows=2609129 loops=1)
              Hash Cond: (mc.movie_id = t.id)
              ->  Seq Scan on movie_companies mc  (cost=0.00..44881.29 rows=2609129 width=4) (actual time=0.025..956.968 rows=2609129 loops=1)
              ->  Hash  (cost=61283.27..61283.27 rows=2528527 width=4) (actual time=1930.355..1930.355 rows=2528312 loops=1)
                    Buckets: 131072  Batches: 64  Memory Usage: 2415kB
                    ->  Seq Scan on title t  (cost=0.00..61283.27 rows=2528527 width=4) (actual time=0.021..1073.620 rows=2528312 loops=1)
Planning time: 4.504 ms
Execution time: 29841.419 ms
