Hash Join  (cost=78556.72..958968.71 rows=1519252 width=0) (actual time=1398.110..21508.321 rows=3522676 loops=1)
  Hash Cond: (ci.movie_id = t.id)
  ->  Seq Scan on cast_info ci  (cost=0.00..796071.18 rows=5754742 width=4) (actual time=94.180..14230.843 rows=11713831 loops=1)
        Filter: ((person_id < 1608278) AND (role_id < 2))
        Rows Removed by Filter: 24530513
  ->  Hash  (cost=67604.59..67604.59 rows=667531 width=4) (actual time=1302.956..1302.956 rows=662825 loops=1)
        Buckets: 131072  Batches: 16  Memory Usage: 2476kB
        ->  Seq Scan on title t  (cost=0.00..67604.59 rows=667531 width=4) (actual time=0.218..1092.524 rows=662825 loops=1)
              Filter: (kind_id = 1)
              Rows Removed by Filter: 1865487
Planning time: 0.669 ms
Execution time: 21860.498 ms
