Hash Join  (cost=151037.17..260072.60 rows=418059 width=0) (actual time=3666.250..6091.502 rows=305964 loops=1)
  Hash Cond: (mk.movie_id = t.id)
  ->  Seq Scan on movie_keyword mk  (cost=0.00..81003.12 rows=1871924 width=4) (actual time=0.013..1561.904 rows=1879527 loops=1)
        Filter: (keyword_id < 3211)
        Rows Removed by Filter: 2644403
  ->  Hash  (cost=141772.44..141772.44 rows=564699 width=8) (actual time=3664.767..3664.767 rows=294920 loops=1)
        Buckets: 131072  Batches: 8  Memory Usage: 2470kB
        ->  Hash Join  (cost=93093.72..141772.44 rows=564699 width=8) (actual time=2265.808..3580.651 rows=294920 loops=1)
              Hash Cond: (mi_idx.movie_id = t.id)
              ->  Seq Scan on movie_info_idx mi_idx  (cost=0.00..25185.44 rows=919057 width=4) (actual time=0.014..549.911 rows=920110 loops=1)
                    Filter: (info_type_id > 99)
                    Rows Removed by Filter: 459925
              ->  Hash  (cost=67604.59..67604.59 rows=1553611 width=4) (actual time=2263.157..2263.157 rows=1555864 loops=1)
                    Buckets: 131072  Batches: 32  Memory Usage: 2734kB
                    ->  Seq Scan on title t  (cost=0.00..67604.59 rows=1553611 width=4) (actual time=0.020..1265.354 rows=1555864 loops=1)
                          Filter: (kind_id > 4)
                          Rows Removed by Filter: 972448
Planning time: 1.196 ms
Execution time: 6126.996 ms
