Nested Loop  (cost=0.43..111762.20 rows=9045 width=0) (actual time=0.089..1164.370 rows=9466 loops=1)
  ->  Seq Scan on movie_companies mc  (cost=0.00..51404.11 rows=9045 width=4) (actual time=0.028..936.354 rows=9466 loops=1)
        Filter: (company_id = 1451)
        Rows Removed by Filter: 2599663
  ->  Index Only Scan using title_pkey on title t  (cost=0.43..6.66 rows=1 width=4) (actual time=0.023..0.023 rows=1 loops=9466)
        Index Cond: (id = mc.movie_id)
        Heap Fetches: 9466
Planning time: 0.778 ms
Execution time: 1166.597 ms
