Hash Join  (cost=102767.86..241621.00 rows=1993601 width=0) (actual time=2026.786..5461.187 rows=2000973 loops=1)
  Hash Cond: (mk.movie_id = t.id)
  ->  Seq Scan on movie_keyword mk  (cost=0.00..81003.12 rows=1993601 width=4) (actual time=0.020..1549.612 rows=2000973 loops=1)
        Filter: (keyword_id > 6251)
        Rows Removed by Filter: 2522957
  ->  Hash  (cost=61283.27..61283.27 rows=2528527 width=4) (actual time=2021.353..2021.353 rows=2528312 loops=1)
        Buckets: 131072  Batches: 64  Memory Usage: 2425kB
        ->  Seq Scan on title t  (cost=0.00..61283.27 rows=2528527 width=4) (actual time=0.015..1145.983 rows=2528312 loops=1)
Planning time: 0.789 ms
Execution time: 5696.107 ms
