Hash Join  (cost=182380.08..707262.43 rows=4224542 width=0) (actual time=4405.045..26750.786 rows=41356059 loops=1)
  Hash Cond: (mi.movie_id = t.id)
  ->  Seq Scan on movie_info mi  (cost=0.00..309384.22 rows=14739122 width=4) (actual time=0.009..5571.558 rows=14835720 loops=1)
  ->  Hash  (cost=170489.97..170489.97 rows=724729 width=8) (actual time=4404.235..4404.235 rows=1116087 loops=1)
        Buckets: 131072  Batches: 16  Memory Usage: 3794kB
        ->  Hash Join  (cost=85449.15..170489.97 rows=724729 width=8) (actual time=1384.441..4039.025 rows=1116087 loops=1)
              Hash Cond: (mc.movie_id = t.id)
              ->  Seq Scan on movie_companies mc  (cost=0.00..44881.29 rows=2609129 width=4) (actual time=0.026..910.449 rows=2609129 loops=1)
              ->  Hash  (cost=73925.90..73925.90 rows=702340 width=4) (actual time=1383.184..1383.184 rows=603836 loops=1)
                    Buckets: 131072  Batches: 16  Memory Usage: 2349kB
                    ->  Seq Scan on title t  (cost=0.00..73925.90 rows=702340 width=4) (actual time=0.039..1187.796 rows=603836 loops=1)
                          Filter: ((kind_id < 7) AND (production_year > 1988))
                          Rows Removed by Filter: 1924476
Planning time: 1.403 ms
Execution time: 31324.199 ms
