Seq Scan on movie_companies mc  (cost=0.00..51404.11 rows=104 width=0) (actual time=91.985..836.217 rows=48 loops=1)
  Filter: (company_id = 18020)
  Rows Removed by Filter: 2609081
Planning time: 0.377 ms
Execution time: 836.319 ms
