Hash Join  (cost=84037.34..441805.23 rows=158901 width=0) (actual time=3248.383..7487.754 rows=41165 loops=1)
  Hash Cond: (mi.movie_id = t.id)
  ->  Seq Scan on movie_info mi  (cost=0.00..346232.03 rows=651960 width=4) (actual time=1810.919..5613.490 rows=660923 loops=1)
        Filter: (info_type_id = 18)
        Rows Removed by Filter: 14174797
  ->  Hash  (cost=73925.90..73925.90 rows=616275 width=4) (actual time=1436.386..1436.386 rows=676927 loops=1)
        Buckets: 131072  Batches: 16  Memory Usage: 2522kB
        ->  Seq Scan on title t  (cost=0.00..73925.90 rows=616275 width=4) (actual time=148.134..1209.918 rows=676927 loops=1)
              Filter: ((production_year > 2005) AND (kind_id = 7))
              Rows Removed by Filter: 1851385
Planning time: 0.813 ms
Execution time: 7493.191 ms
