Hash Join  (cost=94616.01..151013.20 rows=702 width=0) (actual time=1709.197..2640.044 rows=249 loops=1)
  Hash Cond: (mc.movie_id = t.id)
  ->  Seq Scan on movie_companies mc  (cost=0.00..51404.11 rows=1329612 width=4) (actual time=0.015..862.544 rows=1334883 loops=1)
        Filter: (company_type_id = 2)
        Rows Removed by Filter: 1274246
  ->  Hash  (cost=94599.31..94599.31 rows=1336 width=8) (actual time=1588.481..1588.481 rows=244 loops=1)
        Buckets: 2048  Batches: 1  Memory Usage: 26kB
        ->  Hash Join  (cost=67697.55..94599.31 rows=1336 width=8) (actual time=1067.562..1588.298 rows=244 loops=1)
              Hash Cond: (mi_idx.movie_id = t.id)
              ->  Seq Scan on movie_info_idx mi_idx  (cost=0.00..25185.44 rows=454124 width=4) (actual time=0.014..433.166 rows=459925 loops=1)
                    Filter: (info_type_id = 100)
                    Rows Removed by Filter: 920110
              ->  Hash  (cost=67604.59..67604.59 rows=7437 width=4) (actual time=1067.252..1067.252 rows=4012 loops=1)
                    Buckets: 8192  Batches: 1  Memory Usage: 206kB
                    ->  Seq Scan on title t  (cost=0.00..67604.59 rows=7437 width=4) (actual time=0.190..1065.277 rows=4012 loops=1)
                          Filter: (production_year = 1920)
                          Rows Removed by Filter: 2524300
Planning time: 0.765 ms
Execution time: 2640.211 ms
