Seq Scan on cast_info ci  (cost=0.00..705507.15 rows=500 width=0) (actual time=21138.013..28733.183 rows=575 loops=1)
  Filter: (person_id = 1399345)
  Rows Removed by Filter: 36243769
Planning time: 2.086 ms
Execution time: 28733.361 ms
