Hash Join  (cost=189047.47..285373.27 rows=197458 width=0) (actual time=3932.901..6600.843 rows=902922 loops=1)
  Hash Cond: (mk.movie_id = t.id)
  ->  Seq Scan on movie_keyword mk  (cost=0.00..81003.12 rows=982694 width=4) (actual time=0.017..1443.677 rows=990592 loops=1)
        Filter: (keyword_id > 18688)
        Rows Removed by Filter: 3533338
  ->  Hash  (cost=180711.59..180711.59 rows=508070 width=8) (actual time=3931.999..3931.999 rows=522211 loops=1)
        Buckets: 131072  Batches: 8  Memory Usage: 3592kB
        ->  Hash Join  (cost=107928.35..180711.59 rows=508070 width=8) (actual time=2164.136..3785.182 rows=522211 loops=1)
              Hash Cond: (mc.movie_id = t.id)
              ->  Seq Scan on movie_companies mc  (cost=0.00..51404.11 rows=522686 width=4) (actual time=0.015..847.206 rows=523736 loops=1)
                    Filter: (company_id < 483)
                    Rows Removed by Filter: 2085393
              ->  Hash  (cost=67604.59..67604.59 rows=2457821 width=4) (actual time=2162.470..2162.470 rows=2456218 loops=1)
                    Buckets: 131072  Batches: 64  Memory Usage: 2375kB
                    ->  Seq Scan on title t  (cost=0.00..67604.59 rows=2457821 width=4) (actual time=0.011..1342.001 rows=2456218 loops=1)
                          Filter: (production_year > 0)
                          Rows Removed by Filter: 72094
Planning time: 0.832 ms
Execution time: 6706.293 ms
