Seq Scan on cast_info ci  (cost=0.00..796071.18 rows=181218 width=0) (actual time=7114.675..10537.304 rows=431055 loops=1)
  Filter: ((person_id > 3980728) AND (role_id > 2))
  Rows Removed by Filter: 35813289
Planning time: 0.267 ms
Execution time: 10591.350 ms
