Seq Scan on movie_keyword mk  (cost=0.00..81003.12 rows=28059 width=0) (actual time=0.023..1328.764 rows=24590 loops=1)
  Filter: (keyword_id > 114016)
  Rows Removed by Filter: 4499340
Planning time: 0.332 ms
Execution time: 1332.705 ms
