Seq Scan on movie_keyword mk  (cost=0.00..81003.12 rows=732954 width=0) (actual time=0.027..1451.532 rows=740336 loops=1)
  Filter: (keyword_id > 25358)
  Rows Removed by Filter: 3783594
Planning time: 0.379 ms
Execution time: 1546.601 ms
