Seq Scan on movie_info mi  (cost=0.00..346232.03 rows=13770187 width=0) (actual time=0.015..6400.701 rows=13802929 loops=1)
  Filter: (info_type_id < 84)
  Rows Removed by Filter: 1032791
Planning time: 0.253 ms
Execution time: 8113.493 ms
