Seq Scan on movie_keyword mk  (cost=0.00..81003.12 rows=1625097 width=0) (actual time=0.021..1124.957 rows=1636777 loops=1)
  Filter: (keyword_id > 9070)
  Rows Removed by Filter: 2887153
Planning time: 0.331 ms
Execution time: 1297.223 ms
