Hash Join  (cost=74406.99..786690.00 rows=26430 width=0) (actual time=10273.855..14587.430 rows=25647 loops=1)
  Hash Cond: (ci.movie_id = t.id)
  ->  Seq Scan on cast_info ci  (cost=0.00..705507.15 rows=1736414 width=4) (actual time=9079.060..12995.214 rows=1703543 loops=1)
        Filter: (role_id = 8)
        Rows Removed by Filter: 34540801
  ->  Hash  (cost=73925.90..73925.90 rows=38487 width=4) (actual time=1194.243..1194.243 rows=25968 loops=1)
        Buckets: 65536  Batches: 1  Memory Usage: 1425kB
        ->  Seq Scan on title t  (cost=0.00..73925.90 rows=38487 width=4) (actual time=0.037..1182.959 rows=25968 loops=1)
              Filter: ((kind_id < 4) AND (production_year = 2007))
              Rows Removed by Filter: 2502344
Planning time: 0.810 ms
Execution time: 14591.413 ms
