Hash Join  (cost=180218.49..1346612.48 rows=9977154 width=0) (actual time=3992.362..40164.652 rows=18168411 loops=1)
  Hash Cond: (ci.movie_id = t.id)
  ->  Seq Scan on cast_info ci  (cost=0.00..705507.15 rows=30956080 width=4) (actual time=0.018..16455.697 rows=30902510 loops=1)
        Filter: (person_id < 3125485)
        Rows Removed by Filter: 5341834
  ->  Hash  (cost=166847.67..166847.67 rows=814945 width=8) (actual time=3991.046..3991.046 rows=630339 loops=1)
        Buckets: 131072  Batches: 16  Memory Usage: 2532kB
        ->  Hash Join  (cost=80562.70..166847.67 rows=814945 width=8) (actual time=1409.066..3813.275 rows=630339 loops=1)
              Hash Cond: (mc.movie_id = t.id)
              ->  Seq Scan on movie_companies mc  (cost=0.00..44881.29 rows=2609129 width=4) (actual time=0.017..904.752 rows=2609129 loops=1)
              ->  Hash  (cost=67604.59..67604.59 rows=789769 width=4) (actual time=1408.165..1408.165 rows=784926 loops=1)
                    Buckets: 131072  Batches: 16  Memory Usage: 2749kB
                    ->  Seq Scan on title t  (cost=0.00..67604.59 rows=789769 width=4) (actual time=0.018..1147.221 rows=784926 loops=1)
                          Filter: (production_year > 2007)
                          Rows Removed by Filter: 1743386
Planning time: 0.785 ms
Execution time: 42303.432 ms
