Seq Scan on movie_companies mc  (cost=0.00..57926.93 rows=53 width=0) (actual time=256.464..980.472 rows=2 loops=1)
  Filter: ((company_type_id > 1) AND (company_id = 19228))
  Rows Removed by Filter: 2609127
Planning time: 0.270 ms
Execution time: 980.556 ms
