Seq Scan on movie_keyword mk  (cost=0.00..81003.12 rows=246 width=0) (actual time=1.391..1179.778 rows=602 loops=1)
  Filter: (keyword_id = 1039)
  Rows Removed by Filter: 4523328
Planning time: 0.331 ms
Execution time: 1180.079 ms
