Hash Join  (cost=365418.15..1488928.86 rows=20788694 width=0) (actual time=8061.674..45475.428 rows=72109814 loops=1)
  Hash Cond: (ci.movie_id = t.id)
  ->  Seq Scan on cast_info ci  (cost=0.00..705507.15 rows=11619272 width=4) (actual time=0.016..13388.100 rows=11521094 loops=1)
        Filter: (person_id < 1133940)
        Rows Removed by Filter: 24723250
  ->  Hash  (cost=291197.02..291197.02 rows=4523930 width=8) (actual time=8059.825..8059.825 rows=4523930 loops=1)
        Buckets: 131072  Batches: 64  Memory Usage: 3816kB
        ->  Hash Join  (cost=102767.86..291197.02 rows=4523930 width=8) (actual time=1959.452..6893.164 rows=4523930 loops=1)
              Hash Cond: (mk.movie_id = t.id)
              ->  Seq Scan on movie_keyword mk  (cost=0.00..69693.30 rows=4523930 width=4) (actual time=0.015..1444.922 rows=4523930 loops=1)
              ->  Hash  (cost=61283.27..61283.27 rows=2528527 width=4) (actual time=1957.081..1957.081 rows=2528312 loops=1)
                    Buckets: 131072  Batches: 64  Memory Usage: 2425kB
                    ->  Seq Scan on title t  (cost=0.00..61283.27 rows=2528527 width=4) (actual time=0.020..1108.160 rows=2528312 loops=1)
Planning time: 1.205 ms
Execution time: 53375.694 ms
