Seq Scan on movie_keyword mk  (cost=0.00..81003.12 rows=107135 width=0) (actual time=0.011..1381.889 rows=106191 loops=1)
  Filter: (keyword_id > 80897)
  Rows Removed by Filter: 4417739
Planning time: 0.251 ms
Execution time: 1396.317 ms
