Hash Join  (cost=84618.84..161278.95 rows=295057 width=0) (actual time=3346.316..5384.288 rows=710273 loops=1)
  Hash Cond: (mc.movie_id = t.id)
  ->  Seq Scan on movie_companies mc  (cost=0.00..57926.93 rows=1144693 width=4) (actual time=0.018..1206.711 rows=1066879 loops=1)
        Filter: ((company_id > 143) AND (company_type_id < 2))
        Rows Removed by Filter: 1542250
  ->  Hash  (cost=73925.90..73925.90 rows=651755 width=4) (actual time=3345.435..3345.435 rows=711179 loops=1)
        Buckets: 131072  Batches: 16  Memory Usage: 2590kB
        ->  Seq Scan on title t  (cost=0.00..73925.90 rows=651755 width=4) (actual time=0.022..3116.534 rows=711179 loops=1)
              Filter: ((kind_id < 7) AND (production_year < 2008))
              Rows Removed by Filter: 1817133
Planning time: 0.751 ms
Execution time: 5467.102 ms
