Seq Scan on movie_companies mc  (cost=0.00..57926.93 rows=1322 width=0) (actual time=0.231..950.962 rows=2350 loops=1)
  Filter: ((company_type_id < 2) AND (company_id = 774))
  Rows Removed by Filter: 2606779
Planning time: 0.404 ms
Execution time: 951.545 ms
