Seq Scan on cast_info ci  (cost=0.00..705507.15 rows=500 width=0) (actual time=366.152..10381.618 rows=1018 loops=1)
  Filter: (person_id = 60646)
  Rows Removed by Filter: 36243326
Planning time: 0.335 ms
Execution time: 10381.858 ms
