Hash Join  (cost=156649.15..215560.45 rows=78047 width=0) (actual time=3384.730..4695.560 rows=197467 loops=1)
  Hash Cond: (mc.movie_id = t.id)
  ->  Seq Scan on movie_companies mc  (cost=0.00..51404.11 rows=424458 width=4) (actual time=0.016..967.565 rows=428606 loops=1)
        Filter: (company_id > 79300)
        Rows Removed by Filter: 2180523
  ->  Hash  (cost=149020.47..149020.47 rows=464934 width=8) (actual time=3383.900..3383.900 rows=460185 loops=1)
        Buckets: 131072  Batches: 8  Memory Usage: 3276kB
        ->  Hash Join  (cost=102767.86..149020.47 rows=464934 width=8) (actual time=1898.621..3244.801 rows=460185 loops=1)
              Hash Cond: (mi_idx.movie_id = t.id)
              ->  Seq Scan on movie_info_idx mi_idx  (cost=0.00..25185.44 rows=464934 width=4) (actual time=0.031..511.355 rows=460185 loops=1)
                    Filter: (info_type_id > 100)
                    Rows Removed by Filter: 919850
              ->  Hash  (cost=61283.27..61283.27 rows=2528527 width=4) (actual time=1896.992..1896.992 rows=2528312 loops=1)
                    Buckets: 131072  Batches: 64  Memory Usage: 2415kB
                    ->  Seq Scan on title t  (cost=0.00..61283.27 rows=2528527 width=4) (actual time=0.017..1066.942 rows=2528312 loops=1)
Planning time: 1.261 ms
Execution time: 4719.684 ms
