Hash Join  (cost=504942.99..634876.84 rows=1246544 width=0) (actual time=9872.122..20834.954 rows=36575850 loops=1)
  Hash Cond: (mk.movie_id = t.id)
  ->  Seq Scan on movie_keyword mk  (cost=0.00..81003.12 rows=2769141 width=4) (actual time=0.019..1719.560 rows=2759460 loops=1)
        Filter: (keyword_id > 2864)
        Rows Removed by Filter: 1764470
  ->  Hash  (cost=486268.12..486268.12 rows=1138230 width=8) (actual time=9871.176..9871.176 rows=1187158 loops=1)
        Buckets: 131072  Batches: 16  Memory Usage: 3910kB
        ->  Hash Join  (cost=102767.86..486268.12 rows=1138230 width=8) (actual time=5852.303..9534.136 rows=1187158 loops=1)
              Hash Cond: (mi.movie_id = t.id)
              ->  Seq Scan on movie_info mi  (cost=0.00..346232.03 rows=1138230 width=4) (actual time=3826.083..6161.133 rows=1187158 loops=1)
                    Filter: (info_type_id > 41)
                    Rows Removed by Filter: 13648562
              ->  Hash  (cost=61283.27..61283.27 rows=2528527 width=4) (actual time=2023.785..2023.785 rows=2528312 loops=1)
                    Buckets: 131072  Batches: 64  Memory Usage: 2425kB
                    ->  Seq Scan on title t  (cost=0.00..61283.27 rows=2528527 width=4) (actual time=0.023..1169.717 rows=2528312 loops=1)
Planning time: 1.226 ms
Execution time: 24891.410 ms
