Seq Scan on movie_companies mc  (cost=0.00..51404.11 rows=104 width=0) (actual time=129.060..759.415 rows=86 loops=1)
  Filter: (company_id = 76830)
  Rows Removed by Filter: 2609043
Planning time: 11.515 ms
Execution time: 759.495 ms
