Seq Scan on movie_companies mc  (cost=0.00..51404.11 rows=781539 width=0) (actual time=0.026..891.758 rows=787780 loops=1)
  Filter: (company_id > 31775)
  Rows Removed by Filter: 1821349
Planning time: 0.286 ms
Execution time: 991.371 ms
