Hash Join  (cost=180920.99..1182906.09 rows=2376362 width=0) (actual time=6510.879..31263.762 rows=2343563 loops=1)
  Hash Cond: (ci.movie_id = t.id)
  ->  Seq Scan on cast_info ci  (cost=0.00..705507.15 rows=23499554 width=4) (actual time=3057.267..15541.308 rows=23573656 loops=1)
        Filter: (role_id > 1)
        Rows Removed by Filter: 12670688
  ->  Hash  (cost=176725.82..176725.82 rows=255694 width=8) (actual time=3452.705..3452.705 rows=135421 loops=1)
        Buckets: 131072  Batches: 4  Memory Usage: 2351kB
        ->  Hash Join  (cost=102767.86..176725.82 rows=255694 width=8) (actual time=2143.303..3410.778 rows=135421 loops=1)
              Hash Cond: (mc.movie_id = t.id)
              ->  Seq Scan on movie_companies mc  (cost=0.00..57926.93 rows=255694 width=4) (actual time=216.630..947.985 rows=135421 loops=1)
                    Filter: ((company_id < 448) AND (company_type_id > 1))
                    Rows Removed by Filter: 2473708
              ->  Hash  (cost=61283.27..61283.27 rows=2528527 width=4) (actual time=1925.362..1925.362 rows=2528312 loops=1)
                    Buckets: 131072  Batches: 64  Memory Usage: 2415kB
                    ->  Seq Scan on title t  (cost=0.00..61283.27 rows=2528527 width=4) (actual time=0.023..1110.435 rows=2528312 loops=1)
Planning time: 1.157 ms
Execution time: 31558.090 ms
