Seq Scan on cast_info ci  (cost=0.00..796071.18 rows=224 width=0) (actual time=7071.800..13728.786 rows=40 loops=1)
  Filter: ((role_id > 2) AND (person_id = 3540600))
  Rows Removed by Filter: 36244304
Planning time: 0.321 ms
Execution time: 13728.922 ms
