Hash Join  (cost=156649.15..980139.66 rows=1593866 width=0) (actual time=6099.801..21202.781 rows=3414733 loops=1)
  Hash Cond: (ci.movie_id = t.id)
  ->  Seq Scan on cast_info ci  (cost=0.00..705507.15 rows=8668186 width=4) (actual time=2765.919..12604.687 rows=8672400 loops=1)
        Filter: (person_id > 2822489)
        Rows Removed by Filter: 27571944
  ->  Hash  (cost=149020.47..149020.47 rows=464934 width=8) (actual time=3332.957..3332.957 rows=460185 loops=1)
        Buckets: 131072  Batches: 8  Memory Usage: 3276kB
        ->  Hash Join  (cost=102767.86..149020.47 rows=464934 width=8) (actual time=1859.419..3193.302 rows=460185 loops=1)
              Hash Cond: (mi_idx.movie_id = t.id)
              ->  Seq Scan on movie_info_idx mi_idx  (cost=0.00..25185.44 rows=464934 width=4) (actual time=0.019..484.269 rows=460185 loops=1)
                    Filter: (info_type_id > 100)
                    Rows Removed by Filter: 919850
              ->  Hash  (cost=61283.27..61283.27 rows=2528527 width=4) (actual time=1857.900..1857.900 rows=2528312 loops=1)
                    Buckets: 131072  Batches: 64  Memory Usage: 2415kB
                    ->  Seq Scan on title t  (cost=0.00..61283.27 rows=2528527 width=4) (actual time=0.014..1037.696 rows=2528312 loops=1)
Planning time: 1.135 ms
Execution time: 21611.786 ms
