Hash Join  (cost=82999.35..597201.16 rows=3223488 width=0) (actual time=1716.332..14381.415 rows=1501565 loops=1)
  Hash Cond: (mi.movie_id = t.id)
  ->  Seq Scan on movie_info mi  (cost=0.00..309384.22 rows=14739122 width=4) (actual time=0.011..5559.583 rows=14835720 loops=1)
  ->  Hash  (cost=73925.90..73925.90 rows=552996 width=4) (actual time=1715.129..1715.129 rows=576764 loops=1)
        Buckets: 131072  Batches: 8  Memory Usage: 3560kB
        ->  Seq Scan on title t  (cost=0.00..73925.90 rows=552996 width=4) (actual time=0.010..1248.986 rows=576764 loops=1)
              Filter: ((kind_id > 2) AND (production_year > 2007))
              Rows Removed by Filter: 1951548
Planning time: 0.984 ms
Execution time: 14551.050 ms
