Hash Join  (cost=166958.93..531827.56 rows=21273 width=0) (actual time=3389.173..11509.261 rows=1037339 loops=1)
  Hash Cond: (mi.movie_id = t.id)
  ->  Seq Scan on movie_info mi  (cost=0.00..309384.22 rows=14739122 width=4) (actual time=0.027..4670.837 rows=14835720 loops=1)
  ->  Hash  (cost=166913.31..166913.31 rows=3649 width=8) (actual time=3388.603..3388.603 rows=20560 loops=1)
        Buckets: 32768 (originally 4096)  Batches: 1 (originally 1)  Memory Usage: 1060kB
        ->  Hash Join  (cost=73962.22..166913.31 rows=3649 width=8) (actual time=1284.669..3381.381 rows=20560 loops=1)
              Hash Cond: (mk.movie_id = t.id)
              ->  Seq Scan on movie_keyword mk  (cost=0.00..81003.12 rows=3176395 width=4) (actual time=0.024..1595.299 rows=3157712 loops=1)
                    Filter: (keyword_id > 1787)
                    Rows Removed by Filter: 1366218
              ->  Hash  (cost=73925.90..73925.90 rows=2905 width=4) (actual time=1284.128..1284.128 rows=5914 loops=1)
                    Buckets: 8192 (originally 4096)  Batches: 1 (originally 1)  Memory Usage: 272kB
                    ->  Seq Scan on title t  (cost=0.00..73925.90 rows=2905 width=4) (actual time=0.398..1281.127 rows=5914 loops=1)
                          Filter: ((kind_id < 7) AND (production_year = 1974))
                          Rows Removed by Filter: 2522398
Planning time: 1.270 ms
Execution time: 11642.630 ms
