Nested Loop  (cost=0.43..709673.15 rows=25 width=0) (actual time=4498.467..10546.743 rows=1 loops=1)
  ->  Seq Scan on cast_info ci  (cost=0.00..705507.15 rows=500 width=4) (actual time=4497.619..10545.482 rows=25 loops=1)
        Filter: (person_id = 1385469)
        Rows Removed by Filter: 36244319
  ->  Index Scan using title_pkey on title t  (cost=0.43..8.32 rows=1 width=4) (actual time=0.047..0.047 rows=0 loops=25)
        Index Cond: (id = ci.movie_id)
        Filter: (production_year = 2008)
        Rows Removed by Filter: 1
Planning time: 1.386 ms
Execution time: 10546.858 ms
