Hash Join  (cost=102767.86..251131.16 rows=2388811 width=0) (actual time=2192.363..6013.800 rows=2384884 loops=1)
  Hash Cond: (mk.movie_id = t.id)
  ->  Seq Scan on movie_keyword mk  (cost=0.00..81003.12 rows=2388811 width=4) (actual time=0.023..1604.187 rows=2384884 loops=1)
        Filter: (keyword_id > 3989)
        Rows Removed by Filter: 2139046
  ->  Hash  (cost=61283.27..61283.27 rows=2528527 width=4) (actual time=2188.432..2188.432 rows=2528312 loops=1)
        Buckets: 131072  Batches: 64  Memory Usage: 2425kB
        ->  Seq Scan on title t  (cost=0.00..61283.27 rows=2528527 width=4) (actual time=0.020..1077.273 rows=2528312 loops=1)
Planning time: 0.712 ms
Execution time: 6296.119 ms
