Hash Join  (cost=83073.10..440811.64 rows=79 width=0) (actual time=3984.489..7385.891 rows=3870 loops=1)
  Hash Cond: (mi.movie_id = t.id)
  ->  Seq Scan on movie_info mi  (cost=0.00..346232.03 rows=3068194 width=4) (actual time=1675.913..5610.358 rows=3036719 loops=1)
        Filter: (info_type_id = 16)
        Rows Removed by Filter: 11799001
  ->  Hash  (cost=83072.29..83072.29 rows=65 width=8) (actual time=1292.819..1292.819 rows=524 loops=1)
        Buckets: 1024  Batches: 1  Memory Usage: 29kB
        ->  Nested Loop  (cost=0.43..83072.29 rows=65 width=8) (actual time=154.184..1292.401 rows=524 loops=1)
              ->  Seq Scan on movie_keyword mk  (cost=0.00..81003.12 rows=246 width=4) (actual time=0.485..1237.148 rows=758 loops=1)
                    Filter: (keyword_id = 1594)
                    Rows Removed by Filter: 4523172
              ->  Index Scan using title_pkey on title t  (cost=0.43..8.40 rows=1 width=4) (actual time=0.071..0.071 rows=1 loops=758)
                    Index Cond: (id = mk.movie_id)
                    Filter: (kind_id = 1)
                    Rows Removed by Filter: 0
Planning time: 1.124 ms
Execution time: 7386.665 ms
