Hash Join  (cost=196651.86..734061.90 rows=5398611 width=0) (actual time=4461.408..25209.955 rows=31645158 loops=1)
  Hash Cond: (mi.movie_id = t.id)
  ->  Seq Scan on movie_info mi  (cost=0.00..309384.22 rows=14739122 width=4) (actual time=0.027..5787.120 rows=14835720 loops=1)
  ->  Hash  (cost=181457.07..181457.07 rows=926143 width=8) (actual time=4460.341..4460.341 rows=1040480 loops=1)
        Buckets: 131072  Batches: 16  Memory Usage: 3612kB
        ->  Hash Join  (cost=97066.09..181457.07 rows=926143 width=8) (actual time=1895.624..4153.484 rows=1040480 loops=1)
              Hash Cond: (mc.movie_id = t.id)
              ->  Seq Scan on movie_companies mc  (cost=0.00..51404.11 rows=1304088 width=4) (actual time=0.016..983.575 rows=1293892 loops=1)
                    Filter: (company_id < 11264)
                    Rows Removed by Filter: 1315237
              ->  Hash  (cost=67604.59..67604.59 rows=1795720 width=4) (actual time=1894.927..1894.927 rows=1794153 loops=1)
                    Buckets: 131072  Batches: 32  Memory Usage: 2992kB
                    ->  Seq Scan on title t  (cost=0.00..67604.59 rows=1795720 width=4) (actual time=0.024..1321.317 rows=1794153 loops=1)
                          Filter: (production_year < 2009)
                          Rows Removed by Filter: 734159
Planning time: 1.141 ms
Execution time: 28685.173 ms
