Hash Join  (cost=128553.02..255536.17 rows=408811 width=0) (actual time=2687.556..6772.718 rows=4993472 loops=1)
  Hash Cond: (mk.movie_id = t.id)
  ->  Seq Scan on movie_keyword mk  (cost=0.00..69693.30 rows=4523930 width=4) (actual time=0.015..1424.011 rows=4523930 loops=1)
  ->  Hash  (cost=124803.85..124803.85 rows=228494 width=8) (actual time=2686.682..2686.682 rows=416782 loops=1)
        Buckets: 131072 (originally 131072)  Batches: 8 (originally 4)  Memory Usage: 3077kB
        ->  Hash Join  (cost=84284.84..124803.85 rows=228494 width=8) (actual time=1424.729..2574.141 rows=416782 loops=1)
              Hash Cond: (mi_idx.movie_id = t.id)
              ->  Seq Scan on movie_info_idx mi_idx  (cost=0.00..25185.44 rows=915101 width=4) (actual time=0.026..527.908 rows=919850 loops=1)
                    Filter: (info_type_id < 101)
                    Rows Removed by Filter: 460185
              ->  Hash  (cost=73925.90..73925.90 rows=631355 width=4) (actual time=1423.882..1423.882 rows=634290 loops=1)
                    Buckets: 131072  Batches: 16  Memory Usage: 2416kB
                    ->  Seq Scan on title t  (cost=0.00..73925.90 rows=631355 width=4) (actual time=0.015..1231.564 rows=634290 loops=1)
                          Filter: ((kind_id < 2) AND (production_year < 2013))
                          Rows Removed by Filter: 1894022
Planning time: 1.133 ms
Execution time: 7225.199 ms
