Hash Join  (cost=102767.86..192477.23 rows=910304 width=0) (actual time=1907.992..4309.768 rows=1098026 loops=1)
  Hash Cond: (mc.movie_id = t.id)
  ->  Seq Scan on movie_companies mc  (cost=0.00..57926.93 rows=910304 width=4) (actual time=0.016..1134.543 rows=1098026 loops=1)
        Filter: ((company_id > 1886) AND (company_type_id = 2))
        Rows Removed by Filter: 1511103
  ->  Hash  (cost=61283.27..61283.27 rows=2528527 width=4) (actual time=1906.446..1906.446 rows=2528312 loops=1)
        Buckets: 131072  Batches: 64  Memory Usage: 2415kB
        ->  Seq Scan on title t  (cost=0.00..61283.27 rows=2528527 width=4) (actual time=0.022..1056.956 rows=2528312 loops=1)
Planning time: 1.505 ms
Execution time: 4431.332 ms
