Hash Join  (cost=361306.39..961345.94 rows=12583501 width=0) (actual time=12578.942..34275.028 rows=60174399 loops=1)
  Hash Cond: (mi.movie_id = t.id)
  ->  Seq Scan on movie_info mi  (cost=0.00..346232.03 rows=7235534 width=4) (actual time=2037.178..6431.700 rows=7286865 loops=1)
        Filter: (info_type_id < 8)
        Rows Removed by Filter: 7548855
  ->  Hash  (cost=289160.56..289160.56 rows=4397426 width=8) (actual time=10540.237..10540.237 rows=4499972 loops=1)
        Buckets: 131072  Batches: 64  Memory Usage: 3874kB
        ->  Hash Join  (cost=107928.35..289160.56 rows=4397426 width=8) (actual time=2377.426..8401.467 rows=4499972 loops=1)
              Hash Cond: (mk.movie_id = t.id)
              ->  Seq Scan on movie_keyword mk  (cost=0.00..69693.30 rows=4523930 width=4) (actual time=0.032..1569.354 rows=4523930 loops=1)
              ->  Hash  (cost=67604.59..67604.59 rows=2457821 width=4) (actual time=2375.505..2375.505 rows=2456218 loops=1)
                    Buckets: 131072  Batches: 64  Memory Usage: 2385kB
                    ->  Seq Scan on title t  (cost=0.00..67604.59 rows=2457821 width=4) (actual time=0.027..1541.816 rows=2456218 loops=1)
                          Filter: (production_year > 0)
                          Rows Removed by Filter: 72094
Planning time: 1.221 ms
Execution time: 40468.319 ms
