Hash Join  (cost=89253.38..163831.03 rows=472735 width=0) (actual time=1771.147..3639.089 rows=942328 loops=1)
  Hash Cond: (mc.movie_id = t.id)
  ->  Seq Scan on movie_companies mc  (cost=0.00..51404.11 rows=1279517 width=4) (actual time=221.293..1000.157 rows=1274246 loops=1)
        Filter: (company_type_id = 1)
        Rows Removed by Filter: 1334883
  ->  Hash  (cost=73925.90..73925.90 rows=934198 width=4) (actual time=1548.826..1548.826 rows=950693 loops=1)
        Buckets: 131072  Batches: 16  Memory Usage: 3114kB
        ->  Seq Scan on title t  (cost=0.00..73925.90 rows=934198 width=4) (actual time=0.048..1257.788 rows=950693 loops=1)
              Filter: ((kind_id < 7) AND (production_year < 2013))
              Rows Removed by Filter: 1577619
Planning time: 0.727 ms
Execution time: 3755.371 ms
