Seq Scan on movie_keyword mk  (cost=0.00..81003.12 rows=413501 width=0) (actual time=0.014..1285.739 rows=406810 loops=1)
  Filter: (keyword_id > 42599)
  Rows Removed by Filter: 4117120
Planning time: 0.280 ms
Execution time: 1337.797 ms
