Hash Join  (cost=184744.05..682397.14 rows=1672617 width=0) (actual time=3691.001..23793.660 rows=28403555 loops=1)
  Hash Cond: (mi.movie_id = t.id)
  ->  Seq Scan on movie_info mi  (cost=0.00..309384.22 rows=14739122 width=4) (actual time=0.014..6106.191 rows=14835720 loops=1)
  ->  Hash  (cost=180036.28..180036.28 rows=286941 width=8) (actual time=3689.820..3689.820 rows=649629 loops=1)
        Buckets: 131072 (originally 131072)  Batches: 16 (originally 4)  Memory Usage: 3073kB
        ->  Hash Join  (cost=83810.17..180036.28 rows=286941 width=8) (actual time=1412.686..3478.458 rows=649629 loops=1)
              Hash Cond: (mk.movie_id = t.id)
              ->  Seq Scan on movie_keyword mk  (cost=0.00..81003.12 rows=734553 width=4) (actual time=0.021..1331.320 rows=734912 loops=1)
                    Filter: (keyword_id < 659)
                    Rows Removed by Filter: 3789018
              ->  Hash  (cost=67604.59..67604.59 rows=987727 width=4) (actual time=1411.556..1411.556 rows=985048 loops=1)
                    Buckets: 131072  Batches: 16  Memory Usage: 3197kB
                    ->  Seq Scan on title t  (cost=0.00..67604.59 rows=987727 width=4) (actual time=0.026..1114.330 rows=985048 loops=1)
                          Filter: (kind_id < 7)
                          Rows Removed by Filter: 1543264
Planning time: 2.063 ms
Execution time: 27107.214 ms
