Hash Join  (cost=87150.54..122285.17 rows=146952 width=0) (actual time=1374.647..2323.129 rows=255125 loops=1)
  Hash Cond: (mi_idx.movie_id = t.id)
  ->  Seq Scan on movie_info_idx mi_idx  (cost=0.00..25185.44 rows=460978 width=4) (actual time=0.023..513.287 rows=459925 loops=1)
        Filter: (info_type_id = 99)
        Rows Removed by Filter: 920110
  ->  Hash  (cost=73925.90..73925.90 rows=806051 width=4) (actual time=1373.752..1373.752 rows=719730 loops=1)
        Buckets: 131072  Batches: 16  Memory Usage: 2606kB
        ->  Seq Scan on title t  (cost=0.00..73925.90 rows=806051 width=4) (actual time=0.021..1153.272 rows=719730 loops=1)
              Filter: ((kind_id < 7) AND (production_year > 1971))
              Rows Removed by Filter: 1808582
Planning time: 1.940 ms
Execution time: 2354.205 ms
