Hash Join  (cost=157892.71..263396.24 rows=196265 width=0) (actual time=3656.562..7562.501 rows=6794812 loops=1)
  Hash Cond: (mk.movie_id = t.id)
  ->  Seq Scan on movie_keyword mk  (cost=0.00..81003.12 rows=1858870 width=4) (actual time=0.015..1534.393 rows=1869744 loops=1)
        Filter: (keyword_id < 3155)
        Rows Removed by Filter: 2654186
  ->  Hash  (cost=153512.58..153512.58 rows=266970 width=8) (actual time=3655.752..3655.752 rows=660640 loops=1)
        Buckets: 131072 (originally 131072)  Batches: 8 (originally 4)  Memory Usage: 4296kB
        ->  Hash Join  (cost=82581.58..153512.58 rows=266970 width=8) (actual time=1683.658..3444.530 rows=660640 loops=1)
              Hash Cond: (mc.movie_id = t.id)
              ->  Seq Scan on movie_companies mc  (cost=0.00..51404.11 rows=1279517 width=4) (actual time=235.511..1051.165 rows=1274246 loops=1)
                    Filter: (company_type_id < 2)
                    Rows Removed by Filter: 1334883
              ->  Hash  (cost=73925.90..73925.90 rows=527574 width=4) (actual time=1447.142..1447.142 rows=609532 loops=1)
                    Buckets: 131072  Batches: 8  Memory Usage: 3715kB
                    ->  Seq Scan on title t  (cost=0.00..73925.90 rows=527574 width=4) (actual time=0.033..1258.396 rows=609532 loops=1)
                          Filter: ((kind_id < 7) AND (production_year < 2005))
                          Rows Removed by Filter: 1918780
Planning time: 1.252 ms
Execution time: 8251.980 ms
