Seq Scan on movie_keyword mk  (cost=0.00..81003.12 rows=246 width=0) (actual time=9.882..1289.647 rows=42 loops=1)
  Filter: (keyword_id = 11188)
  Rows Removed by Filter: 4523888
Planning time: 0.368 ms
Execution time: 1289.778 ms
