Seq Scan on movie_companies mc  (cost=0.00..57926.93 rows=811296 width=0) (actual time=49.212..1025.531 rows=601879 loops=1)
  Filter: ((company_id > 3797) AND (company_type_id < 2))
  Rows Removed by Filter: 2007250
Planning time: 0.332 ms
Execution time: 1102.264 ms
