Hash Join  (cost=70308.29..189207.37 rows=198742 width=0) (actual time=1020.964..3989.979 rows=67394 loops=1)
  Hash Cond: (mk.movie_id = t.id)
  ->  Seq Scan on movie_keyword mk  (cost=0.00..81003.12 rows=3049744 width=4) (actual time=0.021..1768.365 rows=3037099 loops=1)
        Filter: (keyword_id < 10990)
        Rows Removed by Filter: 1486831
  ->  Hash  (cost=67604.59..67604.59 rows=164776 width=4) (actual time=1019.293..1019.293 rows=164307 loops=1)
        Buckets: 131072  Batches: 4  Memory Usage: 2488kB
        ->  Seq Scan on title t  (cost=0.00..67604.59 rows=164776 width=4) (actual time=0.011..959.287 rows=164307 loops=1)
              Filter: (production_year = 2012)
              Rows Removed by Filter: 2364005
Planning time: 0.741 ms
Execution time: 3999.484 ms
