Hash Join  (cost=137494.55..502981.25 rows=83077 width=0) (actual time=1043.854..9010.750 rows=221473 loops=1)
  Hash Cond: (mi.movie_id = t.id)
  ->  Seq Scan on movie_info mi  (cost=0.00..309384.22 rows=14739122 width=4) (actual time=0.011..4423.856 rows=14835720 loops=1)
  ->  Hash  (cost=137316.40..137316.40 rows=14252 width=8) (actual time=1008.936..1008.936 rows=13119 loops=1)
        Buckets: 16384  Batches: 1  Memory Usage: 641kB
        ->  Nested Loop  (cost=0.43..137316.40 rows=14252 width=8) (actual time=667.496..1002.802 rows=13119 loops=1)
              ->  Seq Scan on movie_companies mc  (cost=0.00..51404.11 rows=14252 width=4) (actual time=667.406..873.889 rows=13119 loops=1)
                    Filter: (company_id > 222574)
                    Rows Removed by Filter: 2596010
              ->  Index Only Scan using title_pkey on title t  (cost=0.43..6.02 rows=1 width=4) (actual time=0.009..0.009 rows=1 loops=13119)
                    Index Cond: (id = mc.movie_id)
                    Heap Fetches: 13119
Planning time: 4.238 ms
Execution time: 9041.318 ms
