Seq Scan on movie_companies mc  (cost=0.00..57926.93 rows=639052 width=0) (actual time=0.020..1052.514 rows=404942 loops=1)
  Filter: ((company_id < 11149) AND (company_type_id = 2))
  Rows Removed by Filter: 2204187
Planning time: 0.423 ms
Execution time: 1104.194 ms
