Seq Scan on movie_companies mc  (cost=0.00..51404.11 rows=104 width=0) (actual time=10.543..756.500 rows=98 loops=1)
  Filter: (company_id = 3857)
  Rows Removed by Filter: 2609031
Planning time: 0.369 ms
Execution time: 756.610 ms
