Seq Scan on movie_keyword mk  (cost=0.00..81003.12 rows=246 width=0) (actual time=5.063..1177.228 rows=81 loops=1)
  Filter: (keyword_id = 12033)
  Rows Removed by Filter: 4523849
Planning time: 0.350 ms
Execution time: 1177.366 ms
