Hash Join  (cost=220420.74..269647.78 rows=672256 width=0) (actual time=4967.229..6661.667 rows=1698050 loops=1)
  Hash Cond: (mi_idx.movie_id = t.id)
  ->  Seq Scan on movie_info_idx mi_idx  (cost=0.00..21735.35 rows=1380035 width=4) (actual time=0.018..456.261 rows=1380035 loops=1)
  ->  Hash  (cost=200212.24..200212.24 rows=1231720 width=8) (actual time=4965.863..4965.863 rows=1295760 loops=1)
        Buckets: 131072  Batches: 32  Memory Usage: 2594kB
        ->  Hash Join  (cost=102767.86..200212.24 rows=1231720 width=8) (actual time=2016.988..4601.963 rows=1295760 loops=1)
              Hash Cond: (mc.movie_id = t.id)
              ->  Seq Scan on movie_companies mc  (cost=0.00..57926.93 rows=1231720 width=4) (actual time=91.653..1227.363 rows=1295760 loops=1)
                    Filter: ((company_id > 49) AND (company_type_id > 1))
                    Rows Removed by Filter: 1313369
              ->  Hash  (cost=61283.27..61283.27 rows=2528527 width=4) (actual time=1924.268..1924.268 rows=2528312 loops=1)
                    Buckets: 131072  Batches: 64  Memory Usage: 2415kB
                    ->  Seq Scan on title t  (cost=0.00..61283.27 rows=2528527 width=4) (actual time=0.012..1059.212 rows=2528312 loops=1)
Planning time: 1.155 ms
Execution time: 6852.182 ms
