Nested Loop  (cost=0.43..58358.52 rows=16 width=0) (actual time=509.379..933.107 rows=38 loops=1)
  ->  Seq Scan on movie_companies mc  (cost=0.00..57926.93 rows=51 width=4) (actual time=59.511..929.840 rows=177 loops=1)
        Filter: ((company_type_id < 2) AND (company_id = 1542))
        Rows Removed by Filter: 2608952
  ->  Index Scan using title_pkey on title t  (cost=0.43..8.45 rows=1 width=4) (actual time=0.017..0.018 rows=0 loops=177)
        Index Cond: (id = mc.movie_id)
        Filter: ((kind_id > 1) AND (production_year > 2004))
        Rows Removed by Filter: 1
Planning time: 0.756 ms
Execution time: 933.219 ms
