Seq Scan on movie_companies mc  (cost=0.00..57926.93 rows=603780 width=0) (actual time=0.024..797.689 rows=819878 loops=1)
  Filter: ((company_id < 11138) AND (company_type_id = 1))
  Rows Removed by Filter: 1789251
Planning time: 0.198 ms
Execution time: 876.601 ms
