Hash Join  (cost=770976.72..2333833.72 rows=48933354 width=0) (actual time=18630.046..74299.981 rows=121340423 loops=1)
  Hash Cond: (ci.movie_id = t.id)
  ->  Seq Scan on cast_info ci  (cost=0.00..705507.15 rows=17888296 width=4) (actual time=0.018..13412.399 rows=18011801 loops=1)
        Filter: (person_id > 1811017)
        Rows Removed by Filter: 18232543
  ->  Hash  (cost=657498.05..657498.05 rows=6916774 width=8) (actual time=18627.420..18627.420 rows=5977643 loops=1)
        Buckets: 131072  Batches: 128  Memory Usage: 2849kB
        ->  Hash Join  (cost=90260.67..657498.05 rows=6916774 width=8) (actual time=1739.161..16936.555 rows=5977643 loops=1)
              Hash Cond: (mi.movie_id = t.id)
              ->  Seq Scan on movie_info mi  (cost=0.00..346232.03 rows=12665229 width=4) (actual time=46.473..7125.022 rows=12744652 loops=1)
                    Filter: (info_type_id > 2)
                    Rows Removed by Filter: 2091068
              ->  Hash  (cost=67604.59..67604.59 rows=1380887 width=4) (actual time=1691.918..1691.918 rows=1381453 loops=1)
                    Buckets: 131072  Batches: 32  Memory Usage: 2550kB
                    ->  Seq Scan on title t  (cost=0.00..67604.59 rows=1380887 width=4) (actual time=0.022..1223.326 rows=1381453 loops=1)
                          Filter: (production_year > 2000)
                          Rows Removed by Filter: 1146859
Planning time: 1.243 ms
Execution time: 87260.839 ms
