Hash Join  (cost=547692.12..1661475.99 rows=12484413 width=0) (actual time=14598.350..50889.538 rows=58008520 loops=1)
  Hash Cond: (ci.movie_id = t.id)
  ->  Seq Scan on cast_info ci  (cost=0.00..796071.18 rows=14383911 width=4) (actual time=3465.001..17496.515 rows=15022320 loops=1)
        Filter: ((person_id > 377681) AND (role_id > 2))
        Rows Removed by Filter: 21222024
  ->  Hash  (cost=511686.41..511686.41 rows=2194617 width=8) (actual time=11132.330..11132.330 rows=2233850 loops=1)
        Buckets: 131072  Batches: 32  Memory Usage: 3598kB
        ->  Hash Join  (cost=102767.86..511686.41 rows=2194617 width=8) (actual time=2323.284..10495.942 rows=2233850 loops=1)
              Hash Cond: (mi.movie_id = t.id)
              ->  Seq Scan on movie_info mi  (cost=0.00..346232.03 rows=2194617 width=4) (actual time=0.035..6040.246 rows=2233850 loops=1)
                    Filter: (info_type_id > 16)
                    Rows Removed by Filter: 12601870
              ->  Hash  (cost=61283.27..61283.27 rows=2528527 width=4) (actual time=2321.922..2321.922 rows=2528312 loops=1)
                    Buckets: 131072  Batches: 64  Memory Usage: 2425kB
                    ->  Seq Scan on title t  (cost=0.00..61283.27 rows=2528527 width=4) (actual time=0.019..1137.919 rows=2528312 loops=1)
Planning time: 3.281 ms
Execution time: 57294.259 ms
