Seq Scan on movie_companies mc  (cost=0.00..51404.11 rows=2370539 width=0) (actual time=0.028..1114.057 rows=2368205 loops=1)
  Filter: (company_id < 102886)
  Rows Removed by Filter: 240924
Planning time: 0.295 ms
Execution time: 1446.456 ms
