Hash Join  (cost=183559.26..312555.83 rows=574053 width=0) (actual time=4025.763..7546.696 rows=724092 loops=1)
  Hash Cond: (mk.movie_id = t.id)
  ->  Seq Scan on movie_keyword mk  (cost=0.00..69693.30 rows=4523930 width=4) (actual time=0.018..1536.918 rows=4523930 loops=1)
  ->  Hash  (cost=178294.62..178294.62 rows=320851 width=8) (actual time=4024.618..4024.618 rows=173879 loops=1)
        Buckets: 131072  Batches: 8  Memory Usage: 1891kB
        ->  Hash Join  (cost=102767.86..178294.62 rows=320851 width=8) (actual time=2626.701..3981.741 rows=173879 loops=1)
              Hash Cond: (mc.movie_id = t.id)
              ->  Seq Scan on movie_companies mc  (cost=0.00..57926.93 rows=320851 width=4) (actual time=0.016..924.064 rows=173879 loops=1)
                    Filter: ((company_id < 795) AND (company_type_id = 2))
                    Rows Removed by Filter: 2435250
              ->  Hash  (cost=61283.27..61283.27 rows=2528527 width=4) (actual time=2625.145..2625.145 rows=2528312 loops=1)
                    Buckets: 131072  Batches: 64  Memory Usage: 2415kB
                    ->  Seq Scan on title t  (cost=0.00..61283.27 rows=2528527 width=4) (actual time=0.013..1089.441 rows=2528312 loops=1)
Planning time: 0.759 ms
Execution time: 7635.854 ms
