Hash Join  (cost=83074.74..434048.47 rows=123 width=0) (actual time=4515.935..7127.840 rows=363 loops=1)
  Hash Cond: (mi.movie_id = t.id)
  ->  Seq Scan on movie_info mi  (cost=0.00..346232.03 rows=1264125 width=4) (actual time=3188.592..5639.916 rows=1288928 loops=1)
        Filter: (info_type_id = 2)
        Rows Removed by Filter: 13546792
  ->  Hash  (cost=83071.67..83071.67 rows=246 width=8) (actual time=1303.963..1303.963 rows=377 loops=1)
        Buckets: 1024  Batches: 1  Memory Usage: 23kB
        ->  Nested Loop  (cost=0.43..83071.67 rows=246 width=8) (actual time=1.334..1303.621 rows=377 loops=1)
              ->  Seq Scan on movie_keyword mk  (cost=0.00..81003.12 rows=246 width=4) (actual time=1.182..1286.292 rows=377 loops=1)
                    Filter: (keyword_id = 13241)
                    Rows Removed by Filter: 4523553
              ->  Index Only Scan using title_pkey on title t  (cost=0.43..8.40 rows=1 width=4) (actual time=0.043..0.043 rows=1 loops=377)
                    Index Cond: (id = mk.movie_id)
                    Heap Fetches: 377
Planning time: 1.174 ms
Execution time: 7128.051 ms
