Hash Join  (cost=219765.47..757258.00 rows=3679672 width=0) (actual time=4952.762..28862.992 rows=49837226 loops=1)
  Hash Cond: (mi.movie_id = t.id)
  ->  Seq Scan on movie_info mi  (cost=0.00..309384.22 rows=14739122 width=4) (actual time=0.023..6099.777 rows=14835720 loops=1)
  ->  Hash  (cost=209408.78..209408.78 rows=631255 width=8) (actual time=4951.886..4951.886 rows=821807 loops=1)
        Buckets: 131072  Batches: 16  Memory Usage: 3134kB
        ->  Hash Join  (cost=79715.19..209408.78 rows=631255 width=8) (actual time=1237.422..4699.900 rows=821807 loops=1)
              Hash Cond: (mk.movie_id = t.id)
              ->  Seq Scan on movie_keyword mk  (cost=0.00..69693.30 rows=4523930 width=4) (actual time=0.013..1386.287 rows=4523930 loops=1)
              ->  Hash  (cost=73925.90..73925.90 rows=352823 width=4) (actual time=1236.612..1236.612 rows=302088 loops=1)
                    Buckets: 131072  Batches: 8  Memory Usage: 2349kB
                    ->  Seq Scan on title t  (cost=0.00..73925.90 rows=352823 width=4) (actual time=0.018..1130.288 rows=302088 loops=1)
                          Filter: ((kind_id < 7) AND (production_year > 2006))
                          Rows Removed by Filter: 2226224
Planning time: 1.149 ms
Execution time: 34233.855 ms
