Hash Join  (cost=1034341.22..1235318.34 rows=5553926 width=0) (actual time=15904.095..20031.931 rows=10575 loops=1)
  Hash Cond: (mk.movie_id = t.id)
  ->  Seq Scan on movie_keyword mk  (cost=0.00..69693.30 rows=4523930 width=4) (actual time=0.025..1531.236 rows=4523930 loops=1)
  ->  Hash  (cost=983412.53..983412.53 rows=3104215 width=8) (actual time=15741.903..15741.903 rows=2685 loops=1)
        Buckets: 131072  Batches: 64  Memory Usage: 1032kB
        ->  Hash Join  (cost=102767.86..983412.53 rows=3104215 width=8) (actual time=2778.064..15738.449 rows=2685 loops=1)
              Hash Cond: (ci.movie_id = t.id)
              ->  Seq Scan on cast_info ci  (cost=0.00..796071.18 rows=3104215 width=4) (actual time=15.685..12820.651 rows=2685 loops=1)
                    Filter: ((person_id < 1505444) AND (role_id = 2))
                    Rows Removed by Filter: 36241659
              ->  Hash  (cost=61283.27..61283.27 rows=2528527 width=4) (actual time=2509.443..2509.443 rows=2528312 loops=1)
                    Buckets: 131072  Batches: 64  Memory Usage: 2415kB
                    ->  Seq Scan on title t  (cost=0.00..61283.27 rows=2528527 width=4) (actual time=1.104..1059.646 rows=2528312 loops=1)
Planning time: 1.138 ms
Execution time: 20033.617 ms
