Hash Join  (cost=74196.44..813549.66 rows=75531 width=0) (actual time=1413.759..15550.908 rows=58625 loops=1)
  Hash Cond: (ci.movie_id = t.id)
  ->  Seq Scan on cast_info ci  (cost=0.00..705507.15 rows=8824201 width=4) (actual time=340.453..12500.805 rows=8708188 loops=1)
        Filter: (person_id < 857479)
        Rows Removed by Filter: 27536156
  ->  Hash  (cost=73925.90..73925.90 rows=21643 width=4) (actual time=1072.282..1072.282 rows=11565 loops=1)
        Buckets: 32768  Batches: 1  Memory Usage: 663kB
        ->  Seq Scan on title t  (cost=0.00..73925.90 rows=21643 width=4) (actual time=555.548..1067.514 rows=11565 loops=1)
              Filter: ((production_year > 2009) AND (kind_id = 3))
              Rows Removed by Filter: 2516747
Planning time: 1.890 ms
Execution time: 15561.247 ms
