Hash Join  (cost=78058.28..139740.87 rows=73720 width=0) (actual time=1283.408..2649.168 rows=172132 loops=1)
  Hash Cond: (mc.movie_id = t.id)
  ->  Seq Scan on movie_companies mc  (cost=0.00..51404.11 rows=740074 width=4) (actual time=0.031..904.862 rows=744689 loops=1)
        Filter: (company_id > 37931)
        Rows Removed by Filter: 1864440
  ->  Hash  (cost=73925.90..73925.90 rows=251870 width=4) (actual time=1282.263..1282.263 rows=365623 loops=1)
        Buckets: 131072 (originally 131072)  Batches: 8 (originally 4)  Memory Usage: 3073kB
        ->  Seq Scan on title t  (cost=0.00..73925.90 rows=251870 width=4) (actual time=0.021..1160.217 rows=365623 loops=1)
              Filter: ((kind_id < 7) AND (production_year < 1988))
              Rows Removed by Filter: 2162689
Planning time: 0.916 ms
Execution time: 2669.425 ms
