Hash Join  (cost=476082.36..607143.42 rows=743502 width=0) (actual time=8844.013..19155.951 rows=31019547 loops=1)
  Hash Cond: (mk.movie_id = t.id)
  ->  Seq Scan on movie_keyword mk  (cost=0.00..69693.30 rows=4523930 width=4) (actual time=0.013..1479.278 rows=4523930 loops=1)
  ->  Hash  (cost=469263.86..469263.86 rows=415560 width=8) (actual time=8843.204..8843.204 rows=503792 loops=1)
        Buckets: 131072  Batches: 8  Memory Usage: 3553kB
        ->  Hash Join  (cost=104131.46..469263.86 rows=415560 width=8) (actual time=5662.796..8720.296 rows=503792 loops=1)
              Hash Cond: (mi.movie_id = t.id)
              ->  Seq Scan on movie_info mi  (cost=0.00..346232.03 rows=471955 width=4) (actual time=3468.561..5851.959 rows=543367 loops=1)
                    Filter: (info_type_id > 98)
                    Rows Removed by Filter: 14292353
              ->  Hash  (cost=67604.59..67604.59 rows=2226390 width=4) (actual time=2191.862..2191.862 rows=2224569 loops=1)
                    Buckets: 131072  Batches: 32  Memory Usage: 3472kB
                    ->  Seq Scan on title t  (cost=0.00..67604.59 rows=2226390 width=4) (actual time=0.029..1440.975 rows=2224569 loops=1)
                          Filter: (production_year < 2012)
                          Rows Removed by Filter: 303743
Planning time: 1.226 ms
Execution time: 22650.076 ms
