Seq Scan on movie_companies mc  (cost=0.00..51404.11 rows=104 width=0) (actual time=146.453..805.618 rows=53 loops=1)
  Filter: (company_id = 16634)
  Rows Removed by Filter: 2609076
Planning time: 0.554 ms
Execution time: 805.726 ms
