Nested Loop  (cost=0.43..58358.39 rows=17 width=0) (actual time=299.171..834.617 rows=68 loops=1)
  ->  Seq Scan on movie_companies mc  (cost=0.00..57926.93 rows=51 width=4) (actual time=299.115..828.354 rows=68 loops=1)
        Filter: ((company_id = 11469) AND (company_type_id = 1))
        Rows Removed by Filter: 2609061
  ->  Index Scan using title_pkey on title t  (cost=0.43..8.45 rows=1 width=4) (actual time=0.089..0.089 rows=1 loops=68)
        Index Cond: (id = mc.movie_id)
        Filter: (kind_id < 4)
Planning time: 0.780 ms
Execution time: 834.756 ms
