Hash Join  (cost=161525.36..579162.98 rows=175885 width=0) (actual time=3192.167..13367.225 rows=8899912 loops=1)
  Hash Cond: (mi.movie_id = t.id)
  ->  Seq Scan on movie_info mi  (cost=0.00..346232.03 rows=13929354 width=4) (actual time=0.004..5873.949 rows=14033580 loops=1)
        Filter: (info_type_id > 1)
        Rows Removed by Filter: 802140
  ->  Hash  (cost=161126.28..161126.28 rows=31927 width=8) (actual time=3179.644..3179.644 rows=72490 loops=1)
        Buckets: 131072 (originally 32768)  Batches: 1 (originally 1)  Memory Usage: 3856kB
        ->  Hash Join  (cost=74148.97..161126.28 rows=31927 width=8) (actual time=1103.015..3156.231 rows=72490 loops=1)
              Hash Cond: (mk.movie_id = t.id)
              ->  Seq Scan on movie_keyword mk  (cost=0.00..69693.30 rows=4523930 width=4) (actual time=0.023..1206.395 rows=4523930 loops=1)
              ->  Hash  (cost=73925.90..73925.90 rows=17845 width=4) (actual time=1102.804..1102.804 rows=10782 loops=1)
                    Buckets: 32768  Batches: 1  Memory Usage: 636kB
                    ->  Seq Scan on title t  (cost=0.00..73925.90 rows=17845 width=4) (actual time=4.374..1098.075 rows=10782 loops=1)
                          Filter: ((kind_id = 1) AND (production_year = 2003))
                          Rows Removed by Filter: 2517530
Planning time: 1.432 ms
Execution time: 14352.171 ms
