Nested Loop  (cost=0.43..74818.78 rows=2133 width=0) (actual time=226.982..761.333 rows=2665 loops=1)
  ->  Seq Scan on movie_companies mc  (cost=0.00..57926.93 rows=2133 width=4) (actual time=226.880..707.019 rows=2665 loops=1)
        Filter: ((company_type_id < 2) AND (company_id = 11149))
        Rows Removed by Filter: 2606464
  ->  Index Only Scan using title_pkey on title t  (cost=0.43..7.91 rows=1 width=4) (actual time=0.019..0.020 rows=1 loops=2665)
        Index Cond: (id = mc.movie_id)
        Heap Fetches: 2665
Planning time: 1.849 ms
Execution time: 762.081 ms
