Seq Scan on cast_info ci  (cost=0.00..796071.18 rows=500108 width=0) (actual time=581.517..11027.847 rows=282940 loops=1)
  Filter: ((person_id < 141494) AND (role_id > 3))
  Rows Removed by Filter: 35961404
Planning time: 0.334 ms
Execution time: 11058.999 ms
