Seq Scan on movie_companies mc  (cost=0.00..51404.11 rows=104 width=0) (actual time=9.086..931.124 rows=434 loops=1)
  Filter: (company_id = 992)
  Rows Removed by Filter: 2608695
Planning time: 0.392 ms
Execution time: 931.291 ms
