Seq Scan on movie_keyword mk  (cost=0.00..81003.12 rows=246 width=0) (actual time=1.428..1344.430 rows=1520 loops=1)
  Filter: (keyword_id = 722)
  Rows Removed by Filter: 4522410
Planning time: 3.293 ms
Execution time: 1344.969 ms
