Seq Scan on cast_info ci  (cost=0.00..796071.18 rows=276 width=0) (actual time=6702.733..13938.192 rows=162 loops=1)
  Filter: ((role_id < 3) AND (person_id = 377851))
  Rows Removed by Filter: 36244182
Planning time: 0.430 ms
Execution time: 13938.355 ms
