Seq Scan on movie_companies mc  (cost=0.00..57926.93 rows=579292 width=0) (actual time=91.824..927.615 rows=311787 loops=1)
  Filter: ((company_id > 12468) AND (company_type_id = 1))
  Rows Removed by Filter: 2297342
Planning time: 0.400 ms
Execution time: 966.853 ms
