Hash Join  (cost=101897.86..467226.24 rows=67244 width=0) (actual time=1903.653..10131.550 rows=198385 loops=1)
  Hash Cond: (mi.movie_id = t.id)
  ->  Seq Scan on movie_info mi  (cost=0.00..309384.22 rows=14739122 width=4) (actual time=0.007..4711.638 rows=14835720 loops=1)
  ->  Hash  (cost=101753.66..101753.66 rows=11536 width=8) (actual time=1890.992..1890.992 rows=12655 loops=1)
        Buckets: 16384  Batches: 1  Memory Usage: 623kB
        ->  Hash Join  (cost=74710.74..101753.66 rows=11536 width=8) (actual time=1252.991..1885.579 rows=12655 loops=1)
              Hash Cond: (mi_idx.movie_id = t.id)
              ->  Seq Scan on movie_info_idx mi_idx  (cost=0.00..25185.44 rows=464566 width=4) (actual time=0.020..482.307 rows=459925 loops=1)
                    Filter: (info_type_id = 101)
                    Rows Removed by Filter: 920110
              ->  Hash  (cost=73925.90..73925.90 rows=62787 width=4) (actual time=1252.615..1252.615 rows=53770 loops=1)
                    Buckets: 65536  Batches: 1  Memory Usage: 2403kB
                    ->  Seq Scan on title t  (cost=0.00..73925.90 rows=62787 width=4) (actual time=0.174..1227.634 rows=53770 loops=1)
                          Filter: ((kind_id < 7) AND (production_year = 2011))
                          Rows Removed by Filter: 2474542
Planning time: 1.142 ms
Execution time: 10162.073 ms
