Hash Join  (cost=129364.46..883353.22 rows=319960 width=0) (actual time=2293.353..21828.618 rows=712813 loops=1)
  Hash Cond: (ci.movie_id = t.id)
  ->  Seq Scan on cast_info ci  (cost=0.00..614943.12 rows=36225612 width=4) (actual time=0.015..9717.814 rows=36244344 loops=1)
  ->  Hash  (cost=129085.30..129085.30 rows=22333 width=8) (actual time=2293.049..2293.049 rows=25176 loops=1)
        Buckets: 32768  Batches: 1  Memory Usage: 1240kB
        ->  Hash Join  (cost=74196.44..129085.30 rows=22333 width=8) (actual time=1273.338..2283.249 rows=25176 loops=1)
              Hash Cond: (mc.movie_id = t.id)
              ->  Seq Scan on movie_companies mc  (cost=0.00..44881.29 rows=2609129 width=4) (actual time=0.022..602.534 rows=2609129 loops=1)
              ->  Hash  (cost=73925.90..73925.90 rows=21643 width=4) (actual time=1118.888..1118.888 rows=11565 loops=1)
                    Buckets: 32768  Batches: 1  Memory Usage: 663kB
                    ->  Seq Scan on title t  (cost=0.00..73925.90 rows=21643 width=4) (actual time=357.311..1113.919 rows=11565 loops=1)
                          Filter: ((production_year > 2009) AND (kind_id = 3))
                          Rows Removed by Filter: 2516747
Planning time: 1.082 ms
Execution time: 21930.998 ms
