Seq Scan on cast_info ci  (cost=0.00..705507.15 rows=22451304 width=0) (actual time=0.015..12525.016 rows=22303769 loops=1)
  Filter: (person_id < 2272855)
  Rows Removed by Filter: 13940575
Planning time: 0.333 ms
Execution time: 15216.403 ms
