Hash Join  (cost=185443.08..287766.80 rows=221969 width=0) (actual time=3788.144..5823.299 rows=323105 loops=1)
  Hash Cond: (mk.movie_id = t.id)
  ->  Seq Scan on movie_keyword mk  (cost=0.00..81003.12 rows=1527708 width=4) (actual time=0.023..1356.638 rows=1538834 loops=1)
        Filter: (keyword_id < 2254)
        Rows Removed by Filter: 2985096
  ->  Hash  (cost=179414.78..179414.78 rows=367384 width=8) (actual time=3787.153..3787.153 rows=206885 loops=1)
        Buckets: 131072  Batches: 8  Memory Usage: 2052kB
        ->  Hash Join  (cost=102767.86..179414.78 rows=367384 width=8) (actual time=1799.582..3723.765 rows=206885 loops=1)
              Hash Cond: (mc.movie_id = t.id)
              ->  Seq Scan on movie_companies mc  (cost=0.00..57926.93 rows=367384 width=4) (actual time=18.145..825.569 rows=206885 loops=1)
                    Filter: ((company_id < 1351) AND (company_type_id = 2))
                    Rows Removed by Filter: 2402244
              ->  Hash  (cost=61283.27..61283.27 rows=2528527 width=4) (actual time=1780.207..1780.207 rows=2528312 loops=1)
                    Buckets: 131072  Batches: 64  Memory Usage: 2415kB
                    ->  Seq Scan on title t  (cost=0.00..61283.27 rows=2528527 width=4) (actual time=0.016..933.932 rows=2528312 loops=1)
Planning time: 1.232 ms
Execution time: 5853.708 ms
