Hash Join  (cost=483811.61..607054.47 rows=693282 width=0) (actual time=8809.107..15854.751 rows=19014286 loops=1)
  Hash Cond: (mk.movie_id = t.id)
  ->  Seq Scan on movie_keyword mk  (cost=0.00..81003.12 rows=2845311 width=4) (actual time=0.021..1748.071 rows=2836951 loops=1)
        Filter: (keyword_id > 2625)
        Rows Removed by Filter: 1686979
  ->  Hash  (cost=473703.43..473703.43 rows=616095 width=8) (actual time=8807.644..8807.644 rows=598457 loops=1)
        Buckets: 131072  Batches: 16  Memory Usage: 2551kB
        ->  Hash Join  (cost=102767.86..473703.43 rows=616095 width=8) (actual time=3986.150..8618.772 rows=598457 loops=1)
              Hash Cond: (mi.movie_id = t.id)
              ->  Seq Scan on movie_info mi  (cost=0.00..346232.03 rows=616095 width=4) (actual time=1671.694..5425.645 rows=598457 loops=1)
                    Filter: (info_type_id = 15)
                    Rows Removed by Filter: 14237263
              ->  Hash  (cost=61283.27..61283.27 rows=2528527 width=4) (actual time=2282.671..2282.671 rows=2528312 loops=1)
                    Buckets: 131072  Batches: 64  Memory Usage: 2425kB
                    ->  Seq Scan on title t  (cost=0.00..61283.27 rows=2528527 width=4) (actual time=0.025..1117.129 rows=2528312 loops=1)
Planning time: 1.100 ms
Execution time: 17811.333 ms
