Hash Join  (cost=168501.82..1090314.62 rows=5279485 width=0) (actual time=6704.931..26393.215 rows=8421711 loops=1)
  Hash Cond: (ci.movie_id = t.id)
  ->  Seq Scan on cast_info ci  (cost=0.00..705507.15 rows=13814873 width=4) (actual time=3084.685..12843.683 rows=13976399 loops=1)
        Filter: (person_id > 2268063)
        Rows Removed by Filter: 22267945
  ->  Hash  (cost=152648.06..152648.06 rows=966301 width=8) (actual time=3618.872..3618.872 rows=637077 loops=1)
        Buckets: 131072  Batches: 16  Memory Usage: 2587kB
        ->  Hash Join  (cost=96651.52..152648.06 rows=966301 width=8) (actual time=1872.560..3444.775 rows=637077 loops=1)
              Hash Cond: (mi_idx.movie_id = t.id)
              ->  Seq Scan on movie_info_idx mi_idx  (cost=0.00..21735.35 rows=1380035 width=4) (actual time=0.041..456.667 rows=1380035 loops=1)
              ->  Hash  (cost=67604.59..67604.59 rows=1770475 width=4) (actual time=1871.364..1871.364 rows=1774635 loops=1)
                    Buckets: 131072  Batches: 32  Memory Usage: 2978kB
                    ->  Seq Scan on title t  (cost=0.00..67604.59 rows=1770475 width=4) (actual time=0.030..1284.323 rows=1774635 loops=1)
                          Filter: (kind_id > 2)
                          Rows Removed by Filter: 753677
Planning time: 0.675 ms
Execution time: 27387.431 ms
