Hash Join  (cost=312285.08..1216498.43 rows=8462110 width=0) (actual time=9664.798..28308.030 rows=8399415 loops=1)
  Hash Cond: (ci.movie_id = t.id)
  ->  Seq Scan on cast_info ci  (cost=0.00..705507.15 rows=7298253 width=4) (actual time=2227.647..13379.472 rows=7451973 loops=1)
        Filter: (role_id = 2)
        Rows Removed by Filter: 28792371
  ->  Hash  (cost=264185.17..264185.17 rows=2931753 width=8) (actual time=7435.678..7435.678 rows=1556225 loops=1)
        Buckets: 131072  Batches: 64  Memory Usage: 1949kB
        ->  Hash Join  (cost=100809.69..264185.17 rows=2931753 width=8) (actual time=1974.029..6981.982 rows=1556225 loops=1)
              Hash Cond: (mk.movie_id = t.id)
              ->  Seq Scan on movie_keyword mk  (cost=0.00..69693.30 rows=4523930 width=4) (actual time=0.023..1498.262 rows=4523930 loops=1)
              ->  Hash  (cost=73925.90..73925.90 rows=1638623 width=4) (actual time=1972.431..1972.431 rows=1629839 loops=1)
                    Buckets: 131072  Batches: 32  Memory Usage: 2819kB
                    ->  Seq Scan on title t  (cost=0.00..73925.90 rows=1638623 width=4) (actual time=0.019..1416.187 rows=1629839 loops=1)
                          Filter: ((kind_id > 1) AND (production_year < 2012))
                          Rows Removed by Filter: 898473
Planning time: 1.163 ms
Execution time: 29337.292 ms
