Seq Scan on movie_keyword mk  (cost=0.00..81003.12 rows=2579907 width=0) (actual time=0.069..1381.679 rows=2568239 loops=1)
  Filter: (keyword_id > 3402)
  Rows Removed by Filter: 1955691
Planning time: 0.296 ms
Execution time: 1694.052 ms
