Hash Join  (cost=289436.68..934884.96 rows=13797245 width=0) (actual time=6774.804..43343.804 rows=117546794 loops=1)
  Hash Cond: (mi.movie_id = t.id)
  ->  Seq Scan on movie_info mi  (cost=0.00..309384.22 rows=14739122 width=4) (actual time=0.017..5823.459 rows=14835720 loops=1)
  ->  Hash  (cost=250603.86..250603.86 rows=2366946 width=8) (actual time=6773.720..6773.720 rows=2369532 loops=1)
        Buckets: 131072  Batches: 32  Memory Usage: 3980kB
        ->  Hash Join  (cost=102767.86..250603.86 rows=2366946 width=8) (actual time=2434.397..6136.931 rows=2369532 loops=1)
              Hash Cond: (mk.movie_id = t.id)
              ->  Seq Scan on movie_keyword mk  (cost=0.00..81003.12 rows=2366946 width=4) (actual time=0.022..1578.591 rows=2369532 loops=1)
                    Filter: (keyword_id < 5370)
                    Rows Removed by Filter: 2154398
              ->  Hash  (cost=61283.27..61283.27 rows=2528527 width=4) (actual time=2433.435..2433.435 rows=2528312 loops=1)
                    Buckets: 131072  Batches: 64  Memory Usage: 2425kB
                    ->  Seq Scan on title t  (cost=0.00..61283.27 rows=2528527 width=4) (actual time=0.013..1038.724 rows=2528312 loops=1)
Planning time: 1.136 ms
Execution time: 55098.569 ms
