Hash Join  (cost=28270.40..110059.06 rows=30 width=0) (actual time=413.237..1580.525 rows=2591 loops=1)
  Hash Cond: (mk.movie_id = t.id)
  ->  Seq Scan on movie_keyword mk  (cost=0.00..81003.12 rows=209397 width=4) (actual time=0.027..1135.967 rows=211393 loops=1)
        Filter: (keyword_id > 66438)
        Rows Removed by Filter: 4312537
  ->  Hash  (cost=28265.80..28265.80 rows=368 width=8) (actual time=411.810..411.810 rows=260 loops=1)
        Buckets: 1024  Batches: 1  Memory Usage: 19kB
        ->  Nested Loop  (cost=0.43..28265.80 rows=368 width=8) (actual time=389.404..411.684 rows=260 loops=1)
              ->  Seq Scan on movie_info_idx mi_idx  (cost=0.00..25185.44 rows=368 width=4) (actual time=389.260..400.615 rows=260 loops=1)
                    Filter: (info_type_id > 101)
                    Rows Removed by Filter: 1379775
              ->  Index Only Scan using title_pkey on title t  (cost=0.43..8.36 rows=1 width=4) (actual time=0.041..0.042 rows=1 loops=260)
                    Index Cond: (id = mi_idx.movie_id)
                    Heap Fetches: 260
Planning time: 1.695 ms
Execution time: 1581.054 ms
