Hash Join  (cost=921071.63..1419863.29 rows=1779273 width=0) (actual time=17725.556..31231.124 rows=3678288 loops=1)
  Hash Cond: (mi.movie_id = t.id)
  ->  Seq Scan on movie_info mi  (cost=0.00..309384.22 rows=14739122 width=4) (actual time=0.016..5995.242 rows=14835720 loops=1)
  ->  Hash  (cost=916063.15..916063.15 rows=305238 width=8) (actual time=17724.744..17724.744 rows=298492 loops=1)
        Buckets: 131072  Batches: 4  Memory Usage: 3945kB
        ->  Hash Join  (cost=102767.86..916063.15 rows=305238 width=8) (actual time=9482.709..17630.708 rows=298492 loops=1)
              Hash Cond: (ci.movie_id = t.id)
              ->  Seq Scan on cast_info ci  (cost=0.00..796071.18 rows=305238 width=4) (actual time=7493.874..14988.125 rows=298492 loops=1)
                    Filter: ((person_id > 438793) AND (role_id > 10))
                    Rows Removed by Filter: 35945852
              ->  Hash  (cost=61283.27..61283.27 rows=2528527 width=4) (actual time=1987.734..1987.734 rows=2528312 loops=1)
                    Buckets: 131072  Batches: 64  Memory Usage: 2415kB
                    ->  Seq Scan on title t  (cost=0.00..61283.27 rows=2528527 width=4) (actual time=0.025..1150.589 rows=2528312 loops=1)
Planning time: 1.178 ms
Execution time: 31630.127 ms
