Seq Scan on movie_keyword mk  (cost=0.00..81003.12 rows=2303521 width=0) (actual time=0.022..1362.160 rows=2305143 loops=1)
  Filter: (keyword_id > 4514)
  Rows Removed by Filter: 2218787
Planning time: 0.290 ms
Execution time: 1653.851 ms
