Hash Join  (cost=83072.95..109983.45 rows=2 width=0) (actual time=1296.010..1726.038 rows=27 loops=1)
  Hash Cond: (mi_idx.movie_id = t.id)
  ->  Seq Scan on movie_info_idx mi_idx  (cost=0.00..21735.35 rows=1380035 width=4) (actual time=0.020..271.336 rows=1380035 loops=1)
  ->  Hash  (cost=83072.90..83072.90 rows=4 width=8) (actual time=1233.531..1233.531 rows=20 loops=1)
        Buckets: 1024  Batches: 1  Memory Usage: 9kB
        ->  Nested Loop  (cost=0.43..83072.90 rows=4 width=8) (actual time=0.077..1233.502 rows=20 loops=1)
              ->  Seq Scan on movie_keyword mk  (cost=0.00..81003.12 rows=246 width=4) (actual time=0.031..1218.833 rows=495 loops=1)
                    Filter: (keyword_id = 764)
                    Rows Removed by Filter: 4523435
              ->  Index Scan using title_pkey on title t  (cost=0.43..8.40 rows=1 width=4) (actual time=0.028..0.028 rows=0 loops=495)
                    Index Cond: (id = mk.movie_id)
                    Filter: ((kind_id < 7) AND (production_year = 2006))
                    Rows Removed by Filter: 1
Planning time: 1.231 ms
Execution time: 1726.211 ms
