Hash Join  (cost=797177.81..3377727.09 rows=119713100 width=0) (actual time=20690.045..121144.826 rows=256651155 loops=1)
  Hash Cond: (ci.movie_id = t.id)
  ->  Seq Scan on cast_info ci  (cost=0.00..614943.12 rows=36225612 width=4) (actual time=0.019..14425.530 rows=36244344 loops=1)
  ->  Hash  (cost=660087.99..660087.99 rows=8355906 width=8) (actual time=20687.750..20687.750 rows=7289318 loops=1)
        Buckets: 131072  Batches: 128  Memory Usage: 3261kB
        ->  Hash Join  (cost=91123.00..660087.99 rows=8355906 width=8) (actual time=1763.405..18112.359 rows=7289318 loops=1)
              Hash Cond: (mi.movie_id = t.id)
              ->  Seq Scan on movie_info mi  (cost=0.00..309384.22 rows=14739122 width=4) (actual time=0.025..6346.261 rows=14835720 loops=1)
              ->  Hash  (cost=67604.59..67604.59 rows=1433473 width=4) (actual time=1762.544..1762.544 rows=1434466 loops=1)
                    Buckets: 131072  Batches: 32  Memory Usage: 2607kB
                    ->  Seq Scan on title t  (cost=0.00..67604.59 rows=1433473 width=4) (actual time=0.022..1266.531 rows=1434466 loops=1)
                          Filter: (production_year > 1999)
                          Rows Removed by Filter: 1093846
Planning time: 8.757 ms
Execution time: 149810.992 ms
