Hash Join  (cost=101407.65..212353.85 rows=797428 width=0) (actual time=1977.203..4934.385 rows=458832 loops=1)
  Hash Cond: (mk.movie_id = t.id)
  ->  Seq Scan on movie_keyword mk  (cost=0.00..81003.12 rows=1203757 width=4) (actual time=0.025..1456.854 rows=1213012 loops=1)
        Filter: (keyword_id > 15078)
        Rows Removed by Filter: 3310918
  ->  Hash  (cost=73925.90..73925.90 rows=1675020 width=4) (actual time=1975.674..1975.674 rows=1783803 loops=1)
        Buckets: 131072  Batches: 32  Memory Usage: 2995kB
        ->  Seq Scan on title t  (cost=0.00..73925.90 rows=1675020 width=4) (actual time=0.011..1396.005 rows=1783803 loops=1)
              Filter: ((kind_id > 1) AND (production_year > 1953))
              Rows Removed by Filter: 744509
Planning time: 0.807 ms
Execution time: 4984.494 ms
