Seq Scan on movie_companies mc  (cost=0.00..57926.93 rows=51 width=0) (actual time=259.480..763.141 rows=111 loops=1)
  Filter: ((company_id = 562) AND (company_type_id = 1))
  Rows Removed by Filter: 2609018
Planning time: 0.397 ms
Execution time: 763.285 ms
