Hash Join  (cost=83074.74..447745.01 rows=1434 width=0) (actual time=1319.095..8373.832 rows=24537 loops=1)
  Hash Cond: (mi.movie_id = t.id)
  ->  Seq Scan on movie_info mi  (cost=0.00..309384.22 rows=14739122 width=4) (actual time=0.023..4327.606 rows=14835720 loops=1)
  ->  Hash  (cost=83071.67..83071.67 rows=246 width=8) (actual time=1318.561..1318.561 rows=303 loops=1)
        Buckets: 1024  Batches: 1  Memory Usage: 20kB
        ->  Nested Loop  (cost=0.43..83071.67 rows=246 width=8) (actual time=1.798..1318.238 rows=303 loops=1)
              ->  Seq Scan on movie_keyword mk  (cost=0.00..81003.12 rows=246 width=4) (actual time=1.747..1296.274 rows=303 loops=1)
                    Filter: (keyword_id = 8631)
                    Rows Removed by Filter: 4523627
              ->  Index Only Scan using title_pkey on title t  (cost=0.43..8.40 rows=1 width=4) (actual time=0.069..0.070 rows=1 loops=303)
                    Index Cond: (id = mk.movie_id)
                    Heap Fetches: 303
Planning time: 1.266 ms
Execution time: 8378.421 ms
