Seq Scan on movie_keyword mk  (cost=0.00..81003.12 rows=4145213 width=0) (actual time=0.022..1486.211 rows=4147236 loops=1)
  Filter: (keyword_id < 45184)
  Rows Removed by Filter: 376694
Planning time: 0.326 ms
Execution time: 1978.206 ms
