Hash Join  (cost=877891.54..964833.16 rows=28358 width=0) (actual time=14788.617..17415.482 rows=1211512 loops=1)
  Hash Cond: (mk.movie_id = t.id)
  ->  Seq Scan on movie_keyword mk  (cost=0.00..69693.30 rows=4523930 width=4) (actual time=0.014..1035.372 rows=4523930 loops=1)
  ->  Hash  (cost=877693.41..877693.41 rows=15850 width=8) (actual time=14678.479..14678.479 rows=134380 loops=1)
        Buckets: 131072 (originally 16384)  Batches: 2 (originally 1)  Memory Usage: 3630kB
        ->  Hash Join  (cost=75203.83..877693.41 rows=15850 width=8) (actual time=1250.171..14628.082 rows=134380 loops=1)
              Hash Cond: (ci.movie_id = t.id)
              ->  Seq Scan on cast_info ci  (cost=0.00..796071.18 rows=514908 width=4) (actual time=0.024..11973.508 rows=3120552 loops=1)
                    Filter: ((person_id > 3464239) AND (role_id > 8))
                    Rows Removed by Filter: 33123792
              ->  Hash  (cost=73925.90..73925.90 rows=77834 width=4) (actual time=1248.740..1248.740 rows=88893 loops=1)
                    Buckets: 131072  Batches: 2  Memory Usage: 2591kB
                    ->  Seq Scan on title t  (cost=0.00..73925.90 rows=77834 width=4) (actual time=0.018..1217.136 rows=88893 loops=1)
                          Filter: ((production_year < 2010) AND (kind_id = 3))
                          Rows Removed by Filter: 2439419
Planning time: 2.894 ms
Execution time: 17556.325 ms
