Seq Scan on cast_info ci  (cost=0.00..705507.15 rows=33664355 width=0) (actual time=0.021..13459.445 rows=33639504 loops=1)
  Filter: (person_id < 3557248)
  Rows Removed by Filter: 2604840
Planning time: 0.353 ms
Execution time: 17491.599 ms
