Hash Join  (cost=175779.00..1227636.79 rows=6789119 width=0) (actual time=4697.173..37622.172 rows=16853841 loops=1)
  Hash Cond: (ci.movie_id = t.id)
  ->  Seq Scan on cast_info ci  (cost=0.00..796071.18 rows=15885183 width=4) (actual time=0.026..17308.172 rows=15968027 loops=1)
        Filter: ((person_id > 64194) AND (role_id > 2))
        Rows Removed by Filter: 20276317
  ->  Hash  (cost=158048.77..158048.77 rows=1080659 width=8) (actual time=4696.132..4696.132 rows=1084141 loops=1)
        Buckets: 131072  Batches: 16  Memory Usage: 3683kB
        ->  Hash Join  (cost=100089.65..158048.77 rows=1080659 width=8) (actual time=2681.772..4393.951 rows=1084141 loops=1)
              Hash Cond: (mi_idx.movie_id = t.id)
              ->  Seq Scan on movie_info_idx mi_idx  (cost=0.00..21735.35 rows=1380035 width=4) (actual time=0.014..468.206 rows=1380035 loops=1)
              ->  Hash  (cost=67604.59..67604.59 rows=1980005 width=4) (actual time=2680.579..2680.579 rows=1976617 loops=1)
                    Buckets: 131072  Batches: 32  Memory Usage: 3203kB
                    ->  Seq Scan on title t  (cost=0.00..67604.59 rows=1980005 width=4) (actual time=0.023..1405.586 rows=1976617 loops=1)
                          Filter: (production_year > 1977)
                          Rows Removed by Filter: 551695
Planning time: 1.181 ms
Execution time: 39584.373 ms
