Hash Join  (cost=79110.05..119761.85 rows=172431 width=0) (actual time=1479.593..2730.187 rows=404651 loops=1)
  Hash Cond: (mi_idx.movie_id = t.id)
  ->  Seq Scan on movie_info_idx mi_idx  (cost=0.00..21735.35 rows=1380035 width=4) (actual time=0.018..479.513 rows=1380035 loops=1)
  ->  Hash  (cost=73925.90..73925.90 rows=315932 width=4) (actual time=1478.019..1478.019 rows=433359 loops=1)
        Buckets: 131072  Batches: 8  Memory Usage: 2939kB
        ->  Seq Scan on title t  (cost=0.00..73925.90 rows=315932 width=4) (actual time=0.018..1342.008 rows=433359 loops=1)
              Filter: ((kind_id < 7) AND (production_year < 1995))
              Rows Removed by Filter: 2094953
Planning time: 0.534 ms
Execution time: 2779.312 ms
