Hash Join  (cost=426390.91..1217640.88 rows=231674 width=0) (actual time=6847.255..24485.858 rows=658620 loops=1)
  Hash Cond: (ci.movie_id = t.id)
  ->  Seq Scan on cast_info ci  (cost=0.00..705507.15 rows=22246965 width=4) (actual time=0.021..12309.823 rows=22291608 loops=1)
        Filter: (person_id > 1375144)
        Rows Removed by Filter: 13952736
  ->  Hash  (cost=426061.77..426061.77 rows=26331 width=8) (actual time=6847.005..6847.005 rows=24805 loops=1)
        Buckets: 32768  Batches: 1  Memory Usage: 1225kB
        ->  Hash Join  (cost=74547.77..426061.77 rows=26331 width=8) (actual time=2090.952..6837.957 rows=24805 loops=1)
              Hash Cond: (mi.movie_id = t.id)
              ->  Seq Scan on movie_info mi  (cost=0.00..346232.03 rows=1338312 width=4) (actual time=1008.477..5468.324 rows=1401902 loops=1)
                    Filter: (info_type_id = 7)
                    Rows Removed by Filter: 13433818
              ->  Hash  (cost=73925.90..73925.90 rows=49749 width=4) (actual time=1082.098..1082.098 rows=44012 loops=1)
                    Buckets: 65536  Batches: 1  Memory Usage: 2060kB
                    ->  Seq Scan on title t  (cost=0.00..73925.90 rows=49749 width=4) (actual time=0.026..1064.606 rows=44012 loops=1)
                          Filter: ((kind_id < 7) AND (production_year = 2009))
                          Rows Removed by Filter: 2484300
Planning time: 1.208 ms
Execution time: 24569.627 ms
