Hash Join  (cost=365418.15..1903796.74 rows=42332248 width=0) (actual time=8367.570..70868.653 rows=139626901 loops=1)
  Hash Cond: (ci.movie_id = t.id)
  ->  Seq Scan on cast_info ci  (cost=0.00..705507.15 rows=23660453 width=4) (actual time=1.882..15011.521 rows=23570966 loops=1)
        Filter: (person_id < 2413444)
        Rows Removed by Filter: 12673378
  ->  Hash  (cost=291197.02..291197.02 rows=4523930 width=8) (actual time=8364.171..8364.171 rows=4523930 loops=1)
        Buckets: 131072  Batches: 64  Memory Usage: 3816kB
        ->  Hash Join  (cost=102767.86..291197.02 rows=4523930 width=8) (actual time=1925.653..7124.449 rows=4523930 loops=1)
              Hash Cond: (mk.movie_id = t.id)
              ->  Seq Scan on movie_keyword mk  (cost=0.00..69693.30 rows=4523930 width=4) (actual time=0.015..1485.164 rows=4523930 loops=1)
              ->  Hash  (cost=61283.27..61283.27 rows=2528527 width=4) (actual time=1923.572..1923.572 rows=2528312 loops=1)
                    Buckets: 131072  Batches: 64  Memory Usage: 2425kB
                    ->  Seq Scan on title t  (cost=0.00..61283.27 rows=2528527 width=4) (actual time=0.016..1052.102 rows=2528312 loops=1)
Planning time: 1.174 ms
Execution time: 85543.121 ms
