Hash Join  (cost=150592.51..653817.99 rows=2194856 width=0) (actual time=3422.705..18354.392 rows=6426429 loops=1)
  Hash Cond: (mi.movie_id = t.id)
  ->  Seq Scan on movie_info mi  (cost=0.00..309384.22 rows=14739122 width=4) (actual time=0.011..6302.424 rows=14835720 loops=1)
  ->  Hash  (cost=144414.86..144414.86 rows=376532 width=8) (actual time=3422.007..3422.007 rows=416027 loops=1)
        Buckets: 131072  Batches: 8  Memory Usage: 3071kB
        ->  Hash Join  (cost=101489.21..144414.86 rows=376532 width=8) (actual time=2009.088..3287.299 rows=416027 loops=1)
              Hash Cond: (mi_idx.movie_id = t.id)
              ->  Seq Scan on movie_info_idx mi_idx  (cost=0.00..25185.44 rows=460978 width=4) (actual time=0.029..531.907 rows=459925 loops=1)
                    Filter: (info_type_id < 100)
                    Rows Removed by Filter: 920110
              ->  Hash  (cost=67604.59..67604.59 rows=2065330 width=4) (actual time=2007.993..2007.993 rows=2064552 loops=1)
                    Buckets: 131072  Batches: 32  Memory Usage: 3289kB
                    ->  Seq Scan on title t  (cost=0.00..67604.59 rows=2065330 width=4) (actual time=0.011..1313.793 rows=2064552 loops=1)
                          Filter: (production_year < 2011)
                          Rows Removed by Filter: 463760
Planning time: 11.927 ms
Execution time: 19087.207 ms
