Seq Scan on cast_info ci  (cost=0.00..796071.18 rows=206305 width=0) (actual time=6575.675..14031.368 rows=76961 loops=1)
  Filter: ((person_id < 2141918) AND (role_id > 10))
  Rows Removed by Filter: 36167383
Planning time: 0.328 ms
Execution time: 14041.480 ms
