Nested Loop  (cost=40199.63..106373.28 rows=1 width=0) (actual time=1836.850..1913.728 rows=2 loops=1)
  Join Filter: (mc.movie_id = t.id)
  ->  Hash Join  (cost=40199.20..102355.04 rows=6073 width=8) (actual time=1255.799..1883.748 rows=870 loops=1)
        Hash Cond: (mc.movie_id = mi_idx.movie_id)
        ->  Seq Scan on movie_companies mc  (cost=0.00..57926.93 rows=3241 width=4) (actual time=347.167..918.119 rows=2462 loops=1)
              Filter: ((company_type_id < 2) AND (company_id = 7851))
              Rows Removed by Filter: 2606667
        ->  Hash  (cost=25185.44..25185.44 rows=915101 width=4) (actual time=817.654..817.654 rows=919850 loops=1)
              Buckets: 131072  Batches: 16  Memory Usage: 3044kB
              ->  Seq Scan on movie_info_idx mi_idx  (cost=0.00..25185.44 rows=915101 width=4) (actual time=0.033..532.802 rows=919850 loops=1)
                    Filter: (info_type_id < 101)
                    Rows Removed by Filter: 460185
  ->  Index Scan using title_pkey on title t  (cost=0.43..0.65 rows=1 width=4) (actual time=0.034..0.034 rows=0 loops=870)
        Index Cond: (id = mi_idx.movie_id)
        Filter: ((kind_id < 4) AND (production_year = 1948))
        Rows Removed by Filter: 1
Planning time: 1.107 ms
Execution time: 1913.874 ms
