Hash Join  (cost=1009144.52..1661723.08 rows=14465473 width=0) (actual time=20407.909..42120.617 rows=21672295 loops=1)
  Hash Cond: (mi.movie_id = t.id)
  ->  Seq Scan on movie_info mi  (cost=0.00..309384.22 rows=14739122 width=4) (actual time=0.005..6416.242 rows=14835720 loops=1)
  ->  Hash  (cost=968430.74..968430.74 rows=2481582 width=8) (actual time=20406.887..20406.887 rows=2497562 loops=1)
        Buckets: 131072  Batches: 64  Memory Usage: 2547kB
        ->  Hash Join  (cost=102767.86..968430.74 rows=2481582 width=8) (actual time=3197.829..19710.948 rows=2497562 loops=1)
              Hash Cond: (ci.movie_id = t.id)
              ->  Seq Scan on cast_info ci  (cost=0.00..796071.18 rows=2481582 width=4) (actual time=1277.882..15390.065 rows=2497562 loops=1)
                    Filter: ((person_id > 313171) AND (role_id = 4))
                    Rows Removed by Filter: 33746782
              ->  Hash  (cost=61283.27..61283.27 rows=2528527 width=4) (actual time=1918.463..1918.463 rows=2528312 loops=1)
                    Buckets: 131072  Batches: 64  Memory Usage: 2415kB
                    ->  Seq Scan on title t  (cost=0.00..61283.27 rows=2528527 width=4) (actual time=0.032..1092.392 rows=2528312 loops=1)
Planning time: 1.219 ms
Execution time: 44777.145 ms
