Seq Scan on title t  (cost=0.00..73925.90 rows=956581 width=0) (actual time=0.020..1361.626 rows=968344 loops=1)
  Filter: ((kind_id < 7) AND (production_year > 1901))
  Rows Removed by Filter: 1559968
Planning time: 0.375 ms
Execution time: 1487.153 ms
