Seq Scan on movie_companies mc  (cost=0.00..51404.11 rows=617285 width=0) (actual time=0.014..2316.937 rows=613107 loops=1)
  Filter: (company_id < 741)
  Rows Removed by Filter: 1996022
Planning time: 0.285 ms
Execution time: 2402.556 ms
