Hash Join  (cost=154654.97..538510.42 rows=77562 width=0) (actual time=2809.150..9743.914 rows=28741 loops=1)
  Hash Cond: (mi.movie_id = t.id)
  ->  Seq Scan on movie_info mi  (cost=0.00..309384.22 rows=14739122 width=4) (actual time=0.008..4071.318 rows=14835720 loops=1)
  ->  Hash  (cost=154488.65..154488.65 rows=13306 width=8) (actual time=2787.070..2787.070 rows=1972 loops=1)
        Buckets: 16384  Batches: 1  Memory Usage: 206kB
        ->  Hash Join  (cost=67697.55..154488.65 rows=13306 width=8) (actual time=1019.572..2785.929 rows=1972 loops=1)
              Hash Cond: (mk.movie_id = t.id)
              ->  Seq Scan on movie_keyword mk  (cost=0.00..69693.30 rows=4523930 width=4) (actual time=0.015..938.830 rows=4523930 loops=1)
              ->  Hash  (cost=67604.59..67604.59 rows=7437 width=4) (actual time=1015.227..1015.227 rows=7770 loops=1)
                    Buckets: 8192  Batches: 1  Memory Usage: 338kB
                    ->  Seq Scan on title t  (cost=0.00..67604.59 rows=7437 width=4) (actual time=0.087..1011.846 rows=7770 loops=1)
                          Filter: (production_year = 1912)
                          Rows Removed by Filter: 2520542
Planning time: 1.305 ms
Execution time: 9748.465 ms
