Nested Loop  (cost=0.43..90919.49 rows=189 width=0) (actual time=2.042..1073.005 rows=28 loops=1)
  ->  Seq Scan on movie_companies mc  (cost=0.00..57926.93 rows=4436 width=4) (actual time=0.345..950.652 rows=5810 loops=1)
        Filter: ((company_type_id < 2) AND (company_id = 1451))
        Rows Removed by Filter: 2603319
  ->  Index Scan using title_pkey on title t  (cost=0.43..7.43 rows=1 width=4) (actual time=0.020..0.020 rows=0 loops=5810)
        Index Cond: (id = mc.movie_id)
        Filter: (production_year = 2006)
        Rows Removed by Filter: 1
Planning time: 0.823 ms
Execution time: 1073.146 ms
