Hash Join  (cost=1087062.81..1847826.20 rows=21151175 width=0) (actual time=29023.615..52238.222 rows=30342663 loops=1)
  Hash Cond: (mi.movie_id = t.id)
  ->  Seq Scan on movie_info mi  (cost=0.00..309384.22 rows=14739122 width=4) (actual time=0.021..6048.841 rows=14835720 loops=1)
  ->  Hash  (cost=1027532.21..1027532.21 rows=3628528 width=8) (actual time=29020.781..29020.781 rows=5042033 loops=1)
        Buckets: 131072 (originally 131072)  Batches: 128 (originally 64)  Memory Usage: 3073kB
        ->  Hash Join  (cost=91397.28..1027532.21 rows=3628528 width=8) (actual time=2804.837..26852.505 rows=5042033 loops=1)
              Hash Cond: (ci.movie_id = t.id)
              ->  Seq Scan on cast_info ci  (cost=0.00..796071.18 rows=8615592 width=4) (actual time=797.765..16457.704 rows=12670688 loops=1)
                    Filter: ((person_id < 2516313) AND (role_id < 2))
                    Rows Removed by Filter: 23573656
              ->  Hash  (cost=73925.90..73925.90 rows=1064910 width=4) (actual time=2006.200..2006.200 rows=1003269 loops=1)
                    Buckets: 131072  Batches: 16  Memory Usage: 3233kB
                    ->  Seq Scan on title t  (cost=0.00..73925.90 rows=1064910 width=4) (actual time=0.034..1466.503 rows=1003269 loops=1)
                          Filter: ((kind_id > 1) AND (production_year < 2006))
                          Rows Removed by Filter: 1525043
Planning time: 2.841 ms
Execution time: 55599.792 ms
