Hash Join  (cost=142731.89..642410.26 rows=1862341 width=0) (actual time=3398.828..17289.190 rows=4340223 loops=1)
  Hash Cond: (mi.movie_id = t.id)
  ->  Seq Scan on movie_info mi  (cost=0.00..309384.22 rows=14739122 width=4) (actual time=0.013..6026.961 rows=14835720 loops=1)
  ->  Hash  (cost=137489.28..137489.28 rows=319489 width=8) (actual time=3397.749..3397.749 rows=303486 loops=1)
        Buckets: 131072  Batches: 8  Memory Usage: 2518kB
        ->  Hash Join  (cost=96356.06..137489.28 rows=319489 width=8) (actual time=2102.677..3308.466 rows=303486 loops=1)
              Hash Cond: (mi_idx.movie_id = t.id)
              ->  Seq Scan on movie_info_idx mi_idx  (cost=0.00..25185.44 rows=460978 width=4) (actual time=0.016..587.081 rows=459925 loops=1)
                    Filter: (info_type_id = 99)
                    Rows Removed by Filter: 920110
              ->  Hash  (cost=67604.59..67604.59 rows=1752438 width=4) (actual time=2101.684..2101.684 rows=1749032 loops=1)
                    Buckets: 131072  Batches: 32  Memory Usage: 2950kB
                    ->  Seq Scan on title t  (cost=0.00..67604.59 rows=1752438 width=4) (actual time=0.019..1534.823 rows=1749032 loops=1)
                          Filter: (production_year > 1990)
                          Rows Removed by Filter: 779280
Planning time: 1.042 ms
Execution time: 17798.374 ms
