Hash Join  (cost=80569.13..556955.63 rows=1564013 width=0) (actual time=1265.530..13996.643 rows=4102931 loops=1)
  Hash Cond: (mi.movie_id = t.id)
  ->  Seq Scan on movie_info mi  (cost=0.00..346232.03 rows=9767026 width=4) (actual time=0.026..6702.867 rows=9911754 loops=1)
        Filter: (info_type_id > 4)
        Rows Removed by Filter: 4923966
  ->  Hash  (cost=73925.90..73925.90 rows=404898 width=4) (actual time=1264.602..1264.602 rows=477683 loops=1)
        Buckets: 131072  Batches: 8  Memory Usage: 3143kB
        ->  Seq Scan on title t  (cost=0.00..73925.90 rows=404898 width=4) (actual time=0.024..1108.325 rows=477683 loops=1)
              Filter: ((kind_id < 3) AND (production_year < 2005))
              Rows Removed by Filter: 2050629
Planning time: 0.808 ms
Execution time: 14504.399 ms
