Hash Join  (cost=448026.41..1241320.25 rows=162982 width=0) (actual time=5525.789..23831.654 rows=771715 loops=1)
  Hash Cond: (ci.movie_id = t.id)
  ->  Seq Scan on cast_info ci  (cost=0.00..705507.15 rows=22975164 width=4) (actual time=0.024..12754.553 rows=22855056 loops=1)
        Filter: (person_id < 2333947)
        Rows Removed by Filter: 13389288
  ->  Hash  (cost=447802.20..447802.20 rows=17937 width=8) (actual time=5525.137..5525.137 rows=18205 loops=1)
        Buckets: 32768  Batches: 1  Memory Usage: 968kB
        ->  Nested Loop  (cost=0.43..447802.20 rows=17937 width=8) (actual time=422.303..5516.998 rows=18205 loops=1)
              ->  Seq Scan on movie_info mi  (cost=0.00..346232.03 rows=17937 width=4) (actual time=422.206..5257.863 rows=18205 loops=1)
                    Filter: (info_type_id = 11)
                    Rows Removed by Filter: 14817515
              ->  Index Only Scan using title_pkey on title t  (cost=0.43..5.65 rows=1 width=4) (actual time=0.013..0.014 rows=1 loops=18205)
                    Index Cond: (id = mi.movie_id)
                    Heap Fetches: 18205
Planning time: 1.230 ms
Execution time: 23937.452 ms
