Hash Join  (cost=167662.88..587178.09 rows=873176 width=0) (actual time=4091.479..12850.811 rows=654628 loops=1)
  Hash Cond: (mi.movie_id = t.id)
  ->  Seq Scan on movie_info mi  (cost=0.00..346232.03 rows=5445713 width=4) (actual time=0.008..6303.795 rows=5410520 loops=1)
        Filter: (info_type_id < 6)
        Rows Removed by Filter: 9425200
  ->  Hash  (cost=161011.02..161011.02 rows=405429 width=8) (actual time=3797.146..3797.146 rows=257715 loops=1)
        Buckets: 131072  Batches: 8  Memory Usage: 2293kB
        ->  Hash Join  (cost=80372.21..161011.02 rows=405429 width=8) (actual time=1789.160..3712.573 rows=257715 loops=1)
              Hash Cond: (mc.movie_id = t.id)
              ->  Seq Scan on movie_companies mc  (cost=0.00..44881.29 rows=2609129 width=4) (actual time=0.013..1040.340 rows=2609129 loops=1)
              ->  Hash  (cost=73925.90..73925.90 rows=392904 width=4) (actual time=1421.749..1421.749 rows=277350 loops=1)
                    Buckets: 131072  Batches: 8  Memory Usage: 2231kB
                    ->  Seq Scan on title t  (cost=0.00..73925.90 rows=392904 width=4) (actual time=378.708..1330.391 rows=277350 loops=1)
                          Filter: ((production_year < 1988) AND (kind_id = 7))
                          Rows Removed by Filter: 2250962
Planning time: 12.648 ms
Execution time: 12929.052 ms
