Seq Scan on movie_companies mc  (cost=0.00..57926.93 rows=51 width=0) (actual time=12.391..906.763 rows=210 loops=1)
  Filter: ((company_type_id < 2) AND (company_id = 817))
  Rows Removed by Filter: 2608919
Planning time: 0.413 ms
Execution time: 906.939 ms
