Hash Join  (cost=102767.86..950152.99 rows=1721966 width=0) (actual time=2734.880..14220.492 rows=736805 loops=1)
  Hash Cond: (ci.movie_id = t.id)
  ->  Seq Scan on cast_info ci  (cost=0.00..796071.18 rows=1721966 width=4) (actual time=852.035..11366.710 rows=736805 loops=1)
        Filter: ((person_id < 250934) AND (role_id > 1))
        Rows Removed by Filter: 35507539
  ->  Hash  (cost=61283.27..61283.27 rows=2528527 width=4) (actual time=1881.769..1881.769 rows=2528312 loops=1)
        Buckets: 131072  Batches: 64  Memory Usage: 2415kB
        ->  Seq Scan on title t  (cost=0.00..61283.27 rows=2528527 width=4) (actual time=0.030..1048.943 rows=2528312 loops=1)
Planning time: 1.317 ms
Execution time: 14302.380 ms
