Seq Scan on movie_keyword mk  (cost=0.00..81003.12 rows=3983761 width=0) (actual time=0.025..1643.030 rows=3987904 loops=1)
  Filter: (keyword_id < 34260)
  Rows Removed by Filter: 536026
Planning time: 6.028 ms
Execution time: 2160.371 ms
