Seq Scan on movie_companies mc  (cost=0.00..57926.93 rows=53 width=0) (actual time=394.599..703.953 rows=2 loops=1)
  Filter: ((company_id = 198037) AND (company_type_id = 2))
  Rows Removed by Filter: 2609127
Planning time: 0.391 ms
Execution time: 704.042 ms
