Seq Scan on movie_keyword mk  (cost=0.00..81003.12 rows=3032738 width=0) (actual time=0.025..1515.349 rows=3020915 loops=1)
  Filter: (keyword_id > 2164)
  Rows Removed by Filter: 1503015
Planning time: 0.325 ms
Execution time: 1917.737 ms
