Nested Loop  (cost=0.43..74818.78 rows=2133 width=0) (actual time=0.141..961.990 rows=4134 loops=1)
  ->  Seq Scan on movie_companies mc  (cost=0.00..57926.93 rows=2133 width=4) (actual time=0.075..897.147 rows=4134 loops=1)
        Filter: ((company_type_id < 2) AND (company_id = 258))
        Rows Removed by Filter: 2604995
  ->  Index Only Scan using title_pkey on title t  (cost=0.43..7.91 rows=1 width=4) (actual time=0.015..0.015 rows=1 loops=4134)
        Index Cond: (id = mc.movie_id)
        Heap Fetches: 4134
Planning time: 0.743 ms
Execution time: 963.028 ms
