Hash Join  (cost=79863.89..795912.65 rows=100544 width=0) (actual time=2797.627..12989.372 rows=120616 loops=1)
  Hash Cond: (ci.movie_id = t.id)
  ->  Seq Scan on cast_info ci  (cost=0.00..705507.15 rows=702446 width=4) (actual time=1495.233..11284.531 rows=587359 loops=1)
        Filter: (person_id < 63818)
        Rows Removed by Filter: 35656985
  ->  Hash  (cost=73925.90..73925.90 rows=361919 width=4) (actual time=1301.249..1301.249 rows=470371 loops=1)
        Buckets: 131072  Batches: 8  Memory Usage: 3103kB
        ->  Seq Scan on title t  (cost=0.00..73925.90 rows=361919 width=4) (actual time=0.036..1156.915 rows=470371 loops=1)
              Filter: ((kind_id < 7) AND (production_year < 1998))
              Rows Removed by Filter: 2057941
Planning time: 0.850 ms
Execution time: 13005.018 ms
