Hash Join  (cost=156018.58..522446.57 rows=177205 width=0) (actual time=2878.396..11088.797 rows=1959061 loops=1)
  Hash Cond: (mi.movie_id = t.id)
  ->  Seq Scan on movie_info mi  (cost=0.00..309384.22 rows=14739122 width=4) (actual time=0.010..4240.429 rows=14835720 loops=1)
  ->  Hash  (cost=155638.58..155638.58 rows=30400 width=8) (actual time=2878.044..2878.044 rows=34344 loops=1)
        Buckets: 65536 (originally 32768)  Batches: 1 (originally 1)  Memory Usage: 1854kB
        ->  Hash Join  (cost=68191.41..155638.58 rows=30400 width=8) (actual time=1112.489..2864.572 rows=34344 loops=1)
              Hash Cond: (mk.movie_id = t.id)
              ->  Seq Scan on movie_keyword mk  (cost=0.00..81003.12 rows=1637346 width=4) (actual time=0.020..1431.694 rows=1647124 loops=1)
                    Filter: (keyword_id < 2505)
                    Rows Removed by Filter: 2876806
              ->  Hash  (cost=67604.59..67604.59 rows=46946 width=4) (actual time=1111.787..1111.787 rows=46583 loops=1)
                    Buckets: 65536  Batches: 1  Memory Usage: 2150kB
                    ->  Seq Scan on title t  (cost=0.00..67604.59 rows=46946 width=4) (actual time=0.020..1091.460 rows=46583 loops=1)
                          Filter: (production_year = 1998)
                          Rows Removed by Filter: 2481729
Planning time: 1.141 ms
Execution time: 11334.853 ms
