Hash Join  (cost=52284.99..416946.98 rows=606 width=0) (actual time=790.000..6533.169 rows=47630 loops=1)
  Hash Cond: (mi.movie_id = t.id)
  ->  Seq Scan on movie_info mi  (cost=0.00..309384.22 rows=14739122 width=4) (actual time=0.010..3199.826 rows=14835720 loops=1)
  ->  Hash  (cost=52283.69..52283.69 rows=104 width=8) (actual time=788.836..788.836 rows=356 loops=1)
        Buckets: 1024  Batches: 1  Memory Usage: 22kB
        ->  Nested Loop  (cost=0.43..52283.69 rows=104 width=8) (actual time=0.166..788.588 rows=356 loops=1)
              ->  Seq Scan on movie_companies mc  (cost=0.00..51404.11 rows=104 width=4) (actual time=0.119..761.214 rows=356 loops=1)
                    Filter: (company_id = 9328)
                    Rows Removed by Filter: 2608773
              ->  Index Only Scan using title_pkey on title t  (cost=0.43..8.45 rows=1 width=4) (actual time=0.075..0.076 rows=1 loops=356)
                    Index Cond: (id = mc.movie_id)
                    Heap Fetches: 356
Planning time: 1.113 ms
Execution time: 6539.489 ms
