Hash Join  (cost=424489.01..511523.42 rows=37638 width=0) (actual time=6444.044..7541.021 rows=13985 loops=1)
  Hash Cond: (mk.movie_id = t.id)
  ->  Seq Scan on movie_keyword mk  (cost=0.00..69693.30 rows=4523930 width=4) (actual time=0.015..583.802 rows=4523930 loops=1)
  ->  Hash  (cost=424226.04..424226.04 rows=21037 width=8) (actual time=6441.962..6441.962 rows=4556 loops=1)
        Buckets: 32768  Batches: 1  Memory Usage: 434kB
        ->  Hash Join  (cost=74747.02..424226.04 rows=21037 width=8) (actual time=2440.817..6439.863 rows=4556 loops=1)
              Hash Cond: (mi.movie_id = t.id)
              ->  Seq Scan on movie_info mi  (cost=0.00..346232.03 rows=809768 width=4) (actual time=1785.090..5540.636 rows=802140 loops=1)
                    Filter: (info_type_id < 2)
                    Rows Removed by Filter: 14033580
              ->  Hash  (cost=73925.90..73925.90 rows=65689 width=4) (actual time=654.876..654.876 rows=74524 loops=1)
                    Buckets: 131072  Batches: 1  Memory Usage: 3644kB
                    ->  Seq Scan on title t  (cost=0.00..73925.90 rows=65689 width=4) (actual time=0.028..632.642 rows=74524 loops=1)
                          Filter: ((kind_id = 7) AND (production_year = 2006))
                          Rows Removed by Filter: 2453788
Planning time: 1.214 ms
Execution time: 7543.375 ms
