Hash Join  (cost=73930.12..100842.44 rows=184 width=0) (actual time=1271.880..1466.288 rows=12 loops=1)
  Hash Cond: (mi_idx.movie_id = t.id)
  ->  Seq Scan on movie_info_idx mi_idx  (cost=0.00..21735.35 rows=1380035 width=4) (actual time=0.026..313.397 rows=1380035 loops=1)
  ->  Hash  (cost=73925.90..73925.90 rows=337 width=4) (actual time=915.151..915.151 rows=5 loops=1)
        Buckets: 1024  Batches: 1  Memory Usage: 9kB
        ->  Seq Scan on title t  (cost=0.00..73925.90 rows=337 width=4) (actual time=47.484..915.130 rows=5 loops=1)
              Filter: ((kind_id = 4) AND (production_year = 1973))
              Rows Removed by Filter: 2528307
Planning time: 0.763 ms
Execution time: 1466.367 ms
