Seq Scan on movie_keyword mk  (cost=0.00..81003.12 rows=1560029 width=0) (actual time=0.023..1403.481 rows=1575090 loops=1)
  Filter: (keyword_id > 9920)
  Rows Removed by Filter: 2948840
Planning time: 2.642 ms
Execution time: 1604.544 ms
