Hash Join  (cost=94616.01..459349.82 rows=7786 width=0) (actual time=1769.131..8424.939 rows=19395 loops=1)
  Hash Cond: (mi.movie_id = t.id)
  ->  Seq Scan on movie_info mi  (cost=0.00..309384.22 rows=14739122 width=4) (actual time=0.014..4119.614 rows=14835720 loops=1)
  ->  Hash  (cost=94599.31..94599.31 rows=1336 width=8) (actual time=1583.859..1583.859 rows=980 loops=1)
        Buckets: 2048  Batches: 1  Memory Usage: 55kB
        ->  Hash Join  (cost=67697.55..94599.31 rows=1336 width=8) (actual time=1258.615..1583.317 rows=980 loops=1)
              Hash Cond: (mi_idx.movie_id = t.id)
              ->  Seq Scan on movie_info_idx mi_idx  (cost=0.00..25185.44 rows=454124 width=4) (actual time=0.024..445.374 rows=459925 loops=1)
                    Filter: (info_type_id = 100)
                    Rows Removed by Filter: 920110
              ->  Hash  (cost=67604.59..67604.59 rows=7437 width=4) (actual time=1063.090..1063.090 rows=2493 loops=1)
                    Buckets: 8192  Batches: 1  Memory Usage: 152kB
                    ->  Seq Scan on title t  (cost=0.00..67604.59 rows=7437 width=4) (actual time=417.618..1061.835 rows=2493 loops=1)
                          Filter: (production_year = 1934)
                          Rows Removed by Filter: 2525819
Planning time: 1.180 ms
Execution time: 8428.834 ms
