Seq Scan on cast_info ci  (cost=0.00..705507.15 rows=500 width=0) (actual time=3543.495..10254.447 rows=725 loops=1)
  Filter: (person_id = 1298665)
  Rows Removed by Filter: 36243619
Planning time: 0.402 ms
Execution time: 10254.622 ms
