Hash Join  (cost=303428.20..1420124.63 rows=17282112 width=0) (actual time=6851.898..34777.801 rows=21459371 loops=1)
  Hash Cond: (ci.movie_id = t.id)
  ->  Seq Scan on cast_info ci  (cost=0.00..705507.15 rows=16201301 width=4) (actual time=0.018..14416.146 rows=16121683 loops=1)
        Filter: (role_id > 2)
        Rows Removed by Filter: 20122661
  ->  Hash  (cost=259177.08..259177.08 rows=2697209 width=8) (actual time=6849.177..6849.177 rows=1504929 loops=1)
        Buckets: 131072  Batches: 64  Memory Usage: 1924kB
        ->  Hash Join  (cost=98659.04..259177.08 rows=2697209 width=8) (actual time=2003.616..5923.989 rows=1504929 loops=1)
              Hash Cond: (mk.movie_id = t.id)
              ->  Seq Scan on movie_keyword mk  (cost=0.00..69693.30 rows=4523930 width=4) (actual time=0.012..1406.697 rows=4523930 loops=1)
              ->  Hash  (cost=73925.90..73925.90 rows=1507531 width=4) (actual time=1998.808..1998.808 rows=1630311 loops=1)
                    Buckets: 131072  Batches: 32  Memory Usage: 2828kB
                    ->  Seq Scan on title t  (cost=0.00..73925.90 rows=1507531 width=4) (actual time=0.016..1465.605 rows=1630311 loops=1)
                          Filter: ((kind_id > 1) AND (production_year > 1972))
                          Rows Removed by Filter: 898001
Planning time: 1.181 ms
Execution time: 37250.291 ms
