Hash Join  (cost=158279.56..294509.42 rows=1167782 width=0) (actual time=4090.942..9100.990 rows=6063420 loops=1)
  Hash Cond: (mk.movie_id = t.id)
  ->  Seq Scan on movie_keyword mk  (cost=0.00..69693.30 rows=4523930 width=4) (actual time=0.015..1471.567 rows=4523930 loops=1)
  ->  Hash  (cost=147570.81..147570.81 rows=652700 width=8) (actual time=4089.993..4089.993 rows=751615 loops=1)
        Buckets: 131072  Batches: 16  Memory Usage: 2879kB
        ->  Hash Join  (cost=97066.09..147570.81 rows=652700 width=8) (actual time=2280.756..3863.955 rows=751615 loops=1)
              Hash Cond: (mi_idx.movie_id = t.id)
              ->  Seq Scan on movie_info_idx mi_idx  (cost=0.00..25185.44 rows=919057 width=4) (actual time=0.031..597.362 rows=920110 loops=1)
                    Filter: (info_type_id > 99)
                    Rows Removed by Filter: 459925
              ->  Hash  (cost=67604.59..67604.59 rows=1795720 width=4) (actual time=2279.420..2279.420 rows=1794153 loops=1)
                    Buckets: 131072  Batches: 32  Memory Usage: 2992kB
                    ->  Seq Scan on title t  (cost=0.00..67604.59 rows=1795720 width=4) (actual time=0.025..1474.416 rows=1794153 loops=1)
                          Filter: (production_year < 2009)
                          Rows Removed by Filter: 734159
Planning time: 1.125 ms
Execution time: 9832.389 ms
