Hash Join  (cost=69555.10..194148.39 rows=212625 width=0) (actual time=944.699..3593.253 rows=148963 loops=1)
  Hash Cond: (mk.movie_id = t.id)
  ->  Seq Scan on movie_keyword mk  (cost=0.00..69693.30 rows=4523930 width=4) (actual time=0.024..1372.094 rows=4523930 loops=1)
  ->  Hash  (cost=67604.59..67604.59 rows=118841 width=4) (actual time=943.835..943.835 rows=122932 loops=1)
        Buckets: 131072  Batches: 2  Memory Usage: 3187kB
        ->  Seq Scan on title t  (cost=0.00..67604.59 rows=118841 width=4) (actual time=336.546..907.861 rows=122932 loops=1)
              Filter: (production_year < 1933)
              Rows Removed by Filter: 2405380
Planning time: 0.814 ms
Execution time: 3609.031 ms
