Seq Scan on cast_info ci  (cost=0.00..796071.18 rows=11867384 width=0) (actual time=184.694..13803.427 rows=14181724 loops=1)
  Filter: ((person_id < 1757616) AND (role_id < 4))
  Rows Removed by Filter: 22062620
Planning time: 0.323 ms
Execution time: 15509.565 ms
