Seq Scan on movie_companies mc  (cost=0.00..57926.93 rows=53 width=0) (actual time=39.844..896.631 rows=2 loops=1)
  Filter: ((company_type_id > 1) AND (company_id = 702))
  Rows Removed by Filter: 2609127
Planning time: 0.422 ms
Execution time: 896.745 ms
