Seq Scan on movie_companies mc  (cost=0.00..57926.93 rows=261853 width=0) (actual time=0.020..938.646 rows=519381 loops=1)
  Filter: ((company_id > 73374) AND (company_type_id > 1))
  Rows Removed by Filter: 2089748
Planning time: 0.363 ms
Execution time: 1002.904 ms
