Hash Join  (cost=125755.56..252600.59 rows=397499 width=0) (actual time=2589.932..5718.782 rows=332796 loops=1)
  Hash Cond: (mk.movie_id = t.id)
  ->  Seq Scan on movie_keyword mk  (cost=0.00..69693.30 rows=4523930 width=4) (actual time=0.027..1430.793 rows=4523930 loops=1)
  ->  Hash  (cost=122110.42..122110.42 rows=222171 width=8) (actual time=2571.225..2571.225 rows=99252 loops=1)
        Buckets: 131072  Batches: 4  Memory Usage: 1990kB
        ->  Hash Join  (cost=80605.23..122110.42 rows=222171 width=8) (actual time=1399.996..2538.068 rows=99252 loops=1)
              Hash Cond: (mi_idx.movie_id = t.id)
              ->  Seq Scan on movie_info_idx mi_idx  (cost=0.00..21735.35 rows=1380035 width=4) (actual time=0.019..462.573 rows=1380035 loops=1)
              ->  Hash  (cost=73925.90..73925.90 rows=407066 width=4) (actual time=1398.379..1398.379 rows=436028 loops=1)
                    Buckets: 131072  Batches: 8  Memory Usage: 2943kB
                    ->  Seq Scan on title t  (cost=0.00..73925.90 rows=407066 width=4) (actual time=0.042..1256.852 rows=436028 loops=1)
                          Filter: ((kind_id > 4) AND (production_year > 2008))
                          Rows Removed by Filter: 2092284
Planning time: 1.064 ms
Execution time: 5759.326 ms
