Seq Scan on cast_info ci  (cost=0.00..796071.18 rows=13482508 width=0) (actual time=0.030..16002.488 rows=14467026 loops=1)
  Filter: ((person_id > 578438) AND (role_id > 2))
  Rows Removed by Filter: 21777318
Planning time: 0.348 ms
Execution time: 17774.466 ms
