Hash Join  (cost=70241.71..206048.71 rows=282316 width=0) (actual time=1011.471..4430.078 rows=144821 loops=1)
  Hash Cond: (mk.movie_id = t.id)
  ->  Seq Scan on movie_keyword mk  (cost=0.00..81003.12 rows=4441257 width=4) (actual time=0.020..1720.514 rows=4442880 loops=1)
        Filter: (keyword_id < 87488)
        Rows Removed by Filter: 81050
  ->  Hash  (cost=67604.59..67604.59 rows=160730 width=4) (actual time=1009.816..1009.816 rows=160017 loops=1)
        Buckets: 131072  Batches: 4  Memory Usage: 2442kB
        ->  Seq Scan on title t  (cost=0.00..67604.59 rows=160730 width=4) (actual time=0.022..951.399 rows=160017 loops=1)
              Filter: (production_year = 2011)
              Rows Removed by Filter: 2368295
Planning time: 0.745 ms
Execution time: 4448.748 ms
