Hash Join  (cost=1017361.15..1700992.55 rows=15649067 width=0) (actual time=15766.429..36439.877 rows=25892583 loops=1)
  Hash Cond: (mi.movie_id = t.id)
  ->  Seq Scan on movie_info mi  (cost=0.00..309384.22 rows=14739122 width=4) (actual time=0.009..5350.037 rows=14835720 loops=1)
  ->  Hash  (cost=973316.28..973316.28 rows=2684630 width=8) (actual time=15764.546..15764.546 rows=863347 loops=1)
        Buckets: 131072  Batches: 64  Memory Usage: 1598kB
        ->  Hash Join  (cost=102767.86..973316.28 rows=2684630 width=8) (actual time=6791.475..15490.780 rows=863347 loops=1)
              Hash Cond: (ci.movie_id = t.id)
              ->  Seq Scan on cast_info ci  (cost=0.00..796071.18 rows=2684630 width=4) (actual time=5040.573..12286.042 rows=863347 loops=1)
                    Filter: ((person_id < 2279727) AND (role_id = 10))
                    Rows Removed by Filter: 35380997
              ->  Hash  (cost=61283.27..61283.27 rows=2528527 width=4) (actual time=1749.698..1749.698 rows=2528312 loops=1)
                    Buckets: 131072  Batches: 64  Memory Usage: 2415kB
                    ->  Seq Scan on title t  (cost=0.00..61283.27 rows=2528527 width=4) (actual time=0.026..896.531 rows=2528312 loops=1)
Planning time: 1.166 ms
Execution time: 39177.881 ms
