Hash Join  (cost=195880.03..714580.28 rows=3645132 width=0) (actual time=4353.794..21181.630 rows=13705446 loops=1)
  Hash Cond: (mi.movie_id = t.id)
  ->  Seq Scan on movie_info mi  (cost=0.00..309384.22 rows=14739122 width=4) (actual time=0.018..5354.452 rows=14835720 loops=1)
  ->  Hash  (cost=185620.41..185620.41 rows=625330 width=8) (actual time=4352.913..4352.913 rows=890859 loops=1)
        Buckets: 131072  Batches: 16  Memory Usage: 3216kB
        ->  Hash Join  (cost=102767.86..185620.41 rows=625330 width=8) (actual time=2000.292..4066.998 rows=890859 loops=1)
              Hash Cond: (mc.movie_id = t.id)
              ->  Seq Scan on movie_companies mc  (cost=0.00..57926.93 rows=625330 width=4) (actual time=154.728..997.008 rows=890859 loops=1)
                    Filter: ((company_id > 11790) AND (company_type_id = 2))
                    Rows Removed by Filter: 1718270
              ->  Hash  (cost=61283.27..61283.27 rows=2528527 width=4) (actual time=1844.446..1844.446 rows=2528312 loops=1)
                    Buckets: 131072  Batches: 64  Memory Usage: 2415kB
                    ->  Seq Scan on title t  (cost=0.00..61283.27 rows=2528527 width=4) (actual time=0.017..1011.790 rows=2528312 loops=1)
Planning time: 1.193 ms
Execution time: 22664.117 ms
