Hash Join  (cost=183574.25..1049072.63 rows=1536398 width=0) (actual time=8062.995..25384.426 rows=14444342 loops=1)
  Hash Cond: (ci.movie_id = t.id)
  ->  Seq Scan on cast_info ci  (cost=0.00..796071.18 rows=4375791 width=4) (actual time=3562.391..13019.303 rows=8073835 loops=1)
        Filter: ((person_id > 2363895) AND (role_id > 3))
        Rows Removed by Filter: 28170509
  ->  Hash  (cost=169008.76..169008.76 rows=887799 width=8) (actual time=4498.854..4498.854 rows=1702315 loops=1)
        Buckets: 131072 (originally 131072)  Batches: 32 (originally 16)  Memory Usage: 3088kB
        ->  Hash Join  (cost=81720.25..169008.76 rows=887799 width=8) (actual time=1273.781..3991.586 rows=1702315 loops=1)
              Hash Cond: (mc.movie_id = t.id)
              ->  Seq Scan on movie_companies mc  (cost=0.00..44881.29 rows=2609129 width=4) (actual time=0.026..756.854 rows=2609129 loops=1)
              ->  Hash  (cost=67604.59..67604.59 rows=860373 width=4) (actual time=1272.803..1272.803 rows=854214 loops=1)
                    Buckets: 131072  Batches: 16  Memory Usage: 2897kB
                    ->  Seq Scan on title t  (cost=0.00..67604.59 rows=860373 width=4) (actual time=0.031..1017.013 rows=854214 loops=1)
                          Filter: (kind_id < 4)
                          Rows Removed by Filter: 1674098
Planning time: 1.347 ms
Execution time: 27035.346 ms
