Hash Join  (cost=83074.33..447736.90 rows=665 width=0) (actual time=1093.018..7209.486 rows=20 loops=1)
  Hash Cond: (mi.movie_id = t.id)
  ->  Seq Scan on movie_info mi  (cost=0.00..309384.22 rows=14739122 width=4) (actual time=0.015..3572.291 rows=14835720 loops=1)
  ->  Hash  (cost=83072.90..83072.90 rows=114 width=8) (actual time=894.420..894.420 rows=2 loops=1)
        Buckets: 1024  Batches: 1  Memory Usage: 9kB
        ->  Nested Loop  (cost=0.43..83072.90 rows=114 width=8) (actual time=716.607..894.404 rows=2 loops=1)
              ->  Seq Scan on movie_keyword mk  (cost=0.00..81003.12 rows=246 width=4) (actual time=61.105..893.434 rows=21 loops=1)
                    Filter: (keyword_id = 25313)
                    Rows Removed by Filter: 4523909
              ->  Index Scan using title_pkey on title t  (cost=0.43..8.40 rows=1 width=4) (actual time=0.041..0.041 rows=0 loops=21)
                    Index Cond: (id = mk.movie_id)
                    Filter: ((production_year < 2010) AND (kind_id = 7))
                    Rows Removed by Filter: 1
Planning time: 1.141 ms
Execution time: 7209.640 ms
