Seq Scan on movie_keyword mk  (cost=0.00..81003.12 rows=246 width=0) (actual time=3.443..1113.786 rows=76 loops=1)
  Filter: (keyword_id = 11826)
  Rows Removed by Filter: 4523854
Planning time: 0.348 ms
Execution time: 1113.918 ms
