Hash Join  (cost=83810.17..1027678.11 rows=3634822 width=0) (actual time=1670.100..25019.619 rows=5440084 loops=1)
  Hash Cond: (ci.movie_id = t.id)
  ->  Seq Scan on cast_info ci  (cost=0.00..796071.18 rows=9304944 width=4) (actual time=337.728..15634.425 rows=12670688 loops=1)
        Filter: ((person_id < 2738304) AND (role_id = 1))
        Rows Removed by Filter: 23573656
  ->  Hash  (cost=67604.59..67604.59 rows=987727 width=4) (actual time=1331.440..1331.440 rows=985048 loops=1)
        Buckets: 131072  Batches: 16  Memory Usage: 3188kB
        ->  Seq Scan on title t  (cost=0.00..67604.59 rows=987727 width=4) (actual time=0.028..1013.885 rows=985048 loops=1)
              Filter: (kind_id < 7)
              Rows Removed by Filter: 1543264
Planning time: 0.791 ms
Execution time: 25658.940 ms
