Hash Join  (cost=75587.46..1124291.61 rows=1450499 width=0) (actual time=1205.241..27142.653 rows=1664563 loops=1)
  Hash Cond: (ci.movie_id = t.id)
  ->  Seq Scan on cast_info ci  (cost=0.00..614943.12 rows=36225612 width=4) (actual time=0.021..11946.801 rows=36244344 loops=1)
  ->  Hash  (cost=73925.90..73925.90 rows=101244 width=4) (actual time=1204.457..1204.457 rows=110779 loops=1)
        Buckets: 131072  Batches: 2  Memory Usage: 2970kB
        ->  Seq Scan on title t  (cost=0.00..73925.90 rows=101244 width=4) (actual time=0.021..1164.166 rows=110779 loops=1)
              Filter: ((kind_id > 4) AND (production_year = 2012))
              Rows Removed by Filter: 2417533
Planning time: 0.778 ms
Execution time: 27366.141 ms
