Seq Scan on movie_keyword mk  (cost=0.00..81003.12 rows=3207963 width=0) (actual time=0.024..1489.854 rows=3195761 loops=1)
  Filter: (keyword_id < 12989)
  Rows Removed by Filter: 1328169
Planning time: 0.301 ms
Execution time: 1884.304 ms
