Hash Join  (cost=82108.53..1189306.83 rows=7144614 width=0) (actual time=1306.630..32435.297 rows=6768958 loops=1)
  Hash Cond: (ci.movie_id = t.id)
  ->  Seq Scan on cast_info ci  (cost=0.00..614943.12 rows=36225612 width=4) (actual time=0.025..12565.626 rows=36244344 loops=1)
  ->  Hash  (cost=73925.90..73925.90 rows=498690 width=4) (actual time=1305.608..1305.608 rows=369177 loops=1)
        Buckets: 131072  Batches: 8  Memory Usage: 2653kB
        ->  Seq Scan on title t  (cost=0.00..73925.90 rows=498690 width=4) (actual time=234.183..1192.506 rows=369177 loops=1)
              Filter: ((production_year > 1983) AND (kind_id = 1))
              Rows Removed by Filter: 2159135
Planning time: 4.392 ms
Execution time: 33167.683 ms
