Hash Join  (cost=892324.12..3986479.98 rows=156486546 width=0) (actual time=22571.946..139460.871 rows=357482099 loops=1)
  Hash Cond: (ci.movie_id = t.id)
  ->  Seq Scan on cast_info ci  (cost=0.00..614943.12 rows=36225612 width=4) (actual time=0.018..12053.600 rows=36244344 loops=1)
  ->  Hash  (cost=713123.72..713123.72 rows=10922672 width=8) (actual time=22568.239..22568.239 rows=9876752 loops=1)
        Buckets: 131072  Batches: 256  Memory Usage: 2490kB
        ->  Hash Join  (cost=98347.17..713123.72 rows=10922672 width=8) (actual time=1776.774..18374.745 rows=9876752 loops=1)
              Hash Cond: (mi.movie_id = t.id)
              ->  Seq Scan on movie_info mi  (cost=0.00..309384.22 rows=14739122 width=4) (actual time=0.010..5208.362 rows=14835720 loops=1)
              ->  Hash  (cost=67604.59..67604.59 rows=1873807 width=4) (actual time=1776.084..1776.084 rows=1871198 loops=1)
                    Buckets: 131072  Batches: 32  Memory Usage: 3097kB
                    ->  Seq Scan on title t  (cost=0.00..67604.59 rows=1873807 width=4) (actual time=0.020..1150.627 rows=1871198 loops=1)
                          Filter: (production_year > 1984)
                          Rows Removed by Filter: 657114
Planning time: 0.780 ms
Execution time: 176877.799 ms
