Hash Join  (cost=448026.41..544673.43 rows=29044 width=0) (actual time=6421.386..11655.426 rows=12193035 loops=1)
  Hash Cond: (mk.movie_id = t.id)
  ->  Seq Scan on movie_keyword mk  (cost=0.00..81003.12 rows=4094252 width=4) (actual time=0.028..1705.993 rows=4099171 loops=1)
        Filter: (keyword_id < 41166)
        Rows Removed by Filter: 424759
  ->  Hash  (cost=447802.20..447802.20 rows=17937 width=8) (actual time=6420.381..6420.381 rows=147487 loops=1)
        Buckets: 131072 (originally 32768)  Batches: 2 (originally 1)  Memory Usage: 3921kB
        ->  Nested Loop  (cost=0.43..447802.20 rows=17937 width=8) (actual time=4714.297..6359.417 rows=147487 loops=1)
              ->  Seq Scan on movie_info mi  (cost=0.00..346232.03 rows=17937 width=4) (actual time=4714.185..5222.904 rows=147487 loops=1)
                    Filter: (info_type_id = 107)
                    Rows Removed by Filter: 14688233
              ->  Index Only Scan using title_pkey on title t  (cost=0.43..5.65 rows=1 width=4) (actual time=0.007..0.007 rows=1 loops=147487)
                    Index Cond: (id = mi.movie_id)
                    Heap Fetches: 147487
Planning time: 1.051 ms
Execution time: 12911.471 ms
