Seq Scan on movie_keyword mk  (cost=0.00..81003.12 rows=2787156 width=0) (actual time=0.014..1437.424 rows=2778149 loops=1)
  Filter: (keyword_id < 7997)
  Rows Removed by Filter: 1745781
Planning time: 0.255 ms
Execution time: 1793.513 ms
