Hash Join  (cost=190230.21..1184540.99 rows=6183966 width=0) (actual time=4130.849..27492.856 rows=10876702 loops=1)
  Hash Cond: (ci.movie_id = t.id)
  ->  Seq Scan on cast_info ci  (cost=0.00..796071.18 rows=11330383 width=4) (actual time=0.017..14786.548 rows=9480564 loops=1)
        Filter: ((person_id < 3553187) AND (role_id > 3))
        Rows Removed by Filter: 26763780
  ->  Hash  (cost=167588.78..167588.78 rows=1380035 width=8) (actual time=4129.047..4129.047 rows=1380035 loops=1)
        Buckets: 131072  Batches: 32  Memory Usage: 2708kB
        ->  Hash Join  (cost=102767.86..167588.78 rows=1380035 width=8) (actual time=1844.443..3747.486 rows=1380035 loops=1)
              Hash Cond: (mi_idx.movie_id = t.id)
              ->  Seq Scan on movie_info_idx mi_idx  (cost=0.00..21735.35 rows=1380035 width=4) (actual time=0.015..383.798 rows=1380035 loops=1)
              ->  Hash  (cost=61283.27..61283.27 rows=2528527 width=4) (actual time=1842.654..1842.654 rows=2528312 loops=1)
                    Buckets: 131072  Batches: 64  Memory Usage: 2415kB
                    ->  Seq Scan on title t  (cost=0.00..61283.27 rows=2528527 width=4) (actual time=0.034..993.729 rows=2528312 loops=1)
Planning time: 1.131 ms
Execution time: 28661.233 ms
