Hash Join  (cost=92883.59..242345.00 rows=2012458 width=0) (actual time=3659.471..6336.467 rows=452601 loops=1)
  Hash Cond: (mk.movie_id = t.id)
  ->  Seq Scan on movie_keyword mk  (cost=0.00..81003.12 rows=3302541 width=4) (actual time=0.019..1563.986 rows=3293303 loops=1)
        Filter: (keyword_id < 14735)
        Rows Removed by Filter: 1230627
  ->  Hash  (cost=67604.59..67604.59 rows=1540800 width=4) (actual time=2356.341..2356.341 rows=1543264 loops=1)
        Buckets: 131072  Batches: 32  Memory Usage: 2728kB
        ->  Seq Scan on title t  (cost=0.00..67604.59 rows=1540800 width=4) (actual time=0.016..1120.730 rows=1543264 loops=1)
              Filter: (kind_id = 7)
              Rows Removed by Filter: 985048
Planning time: 0.714 ms
Execution time: 6385.157 ms
