Hash Join  (cost=155027.89..1235909.52 rows=4582846 width=0) (actual time=2903.973..36391.319 rows=19802418 loops=1)
  Hash Cond: (ci.movie_id = t.id)
  ->  Seq Scan on cast_info ci  (cost=0.00..614943.12 rows=36225612 width=4) (actual time=0.012..12035.369 rows=36244344 loops=1)
  ->  Hash  (cost=149779.39..149779.39 rows=319880 width=8) (actual time=2903.115..2903.115 rows=360310 loops=1)
        Buckets: 131072  Batches: 8  Memory Usage: 2785kB
        ->  Hash Join  (cost=78556.72..149779.39 rows=319880 width=8) (actual time=1189.567..2791.120 rows=360310 loops=1)
              Hash Cond: (mc.movie_id = t.id)
              ->  Seq Scan on movie_companies mc  (cost=0.00..51404.11 rows=1211668 width=4) (actual time=0.020..933.276 rows=1201182 loops=1)
                    Filter: (company_id < 10933)
                    Rows Removed by Filter: 1407947
              ->  Hash  (cost=67604.59..67604.59 rows=667531 width=4) (actual time=1058.376..1058.376 rows=662825 loops=1)
                    Buckets: 131072  Batches: 16  Memory Usage: 2476kB
                    ->  Seq Scan on title t  (cost=0.00..67604.59 rows=667531 width=4) (actual time=0.009..854.261 rows=662825 loops=1)
                          Filter: (kind_id = 1)
                          Rows Removed by Filter: 1865487
Planning time: 1.131 ms
Execution time: 38673.949 ms
