Hash Join  (cost=445714.32..601436.47 rows=446955 width=0) (actual time=9126.098..13410.989 rows=4147770 loops=1)
  Hash Cond: (mk.movie_id = t.id)
  ->  Seq Scan on movie_keyword mk  (cost=0.00..69693.30 rows=4523930 width=4) (actual time=0.011..1324.477 rows=4523930 loops=1)
  ->  Hash  (cost=441615.66..441615.66 rows=249813 width=8) (actual time=9125.168..9125.168 rows=420953 loops=1)
        Buckets: 131072 (originally 131072)  Batches: 8 (originally 4)  Memory Usage: 3073kB
        ->  Hash Join  (cost=74461.60..441615.66 rows=249813 width=8) (actual time=1007.121..8954.044 rows=420953 loops=1)
              Hash Cond: (mi.movie_id = t.id)
              ->  Seq Scan on movie_info mi  (cost=0.00..309384.22 rows=14739122 width=4) (actual time=0.025..3775.852 rows=14835720 loops=1)
              ->  Hash  (cost=73925.90..73925.90 rows=42856 width=4) (actual time=988.616..988.616 rows=46784 loops=1)
                    Buckets: 65536  Batches: 1  Memory Usage: 2157kB
                    ->  Seq Scan on title t  (cost=0.00..73925.90 rows=42856 width=4) (actual time=0.023..970.272 rows=46784 loops=1)
                          Filter: ((production_year < 2003) AND (kind_id = 2))
                          Rows Removed by Filter: 2481528
Planning time: 4.858 ms
Execution time: 13900.008 ms
