Nested Loop  (cost=0.43..52283.95 rows=5 width=0) (actual time=296.627..727.826 rows=7 loops=1)
  ->  Seq Scan on movie_companies mc  (cost=0.00..51404.11 rows=104 width=4) (actual time=256.617..727.279 rows=13 loops=1)
        Filter: (company_id = 92372)
        Rows Removed by Filter: 2609116
  ->  Index Scan using title_pkey on title t  (cost=0.43..8.45 rows=1 width=4) (actual time=0.036..0.038 rows=1 loops=13)
        Index Cond: (id = mc.movie_id)
        Filter: (production_year = 2009)
        Rows Removed by Filter: 0
Planning time: 0.712 ms
Execution time: 727.939 ms
