Hash Join  (cost=83074.80..464850.52 rows=753 width=0) (actual time=2008.956..7271.178 rows=113 loops=1)
  Hash Cond: (mi.movie_id = t.id)
  ->  Seq Scan on movie_info mi  (cost=0.00..346232.03 rows=9476311 width=4) (actual time=0.011..4928.623 rows=9565151 loops=1)
        Filter: (info_type_id < 16)
        Rows Removed by Filter: 5270569
  ->  Hash  (cost=83072.29..83072.29 rows=201 width=8) (actual time=1070.418..1070.418 rows=2 loops=1)
        Buckets: 1024  Batches: 1  Memory Usage: 9kB
        ->  Nested Loop  (cost=0.43..83072.29 rows=201 width=8) (actual time=72.163..1070.409 rows=2 loops=1)
              ->  Seq Scan on movie_keyword mk  (cost=0.00..81003.12 rows=246 width=4) (actual time=72.094..1070.223 rows=3 loops=1)
                    Filter: (keyword_id = 97198)
                    Rows Removed by Filter: 4523927
              ->  Index Scan using title_pkey on title t  (cost=0.43..8.40 rows=1 width=4) (actual time=0.053..0.054 rows=1 loops=3)
                    Index Cond: (id = mk.movie_id)
                    Filter: (production_year < 2011)
                    Rows Removed by Filter: 0
Planning time: 0.835 ms
Execution time: 7271.337 ms
