Hash Join  (cost=144774.58..1001651.24 rows=889062 width=0) (actual time=7748.423..16143.466 rows=1551704 loops=1)
  Hash Cond: (ci.movie_id = t.id)
  ->  Seq Scan on cast_info ci  (cost=0.00..796071.18 rows=4313832 width=4) (actual time=4055.555..10726.056 rows=2267114 loops=1)
        Filter: ((person_id > 3171458) AND (role_id < 10))
        Rows Removed by Filter: 33977230
  ->  Hash  (cost=136224.60..136224.60 rows=521118 width=8) (actual time=3691.744..3691.744 rows=948140 loops=1)
        Buckets: 131072 (originally 131072)  Batches: 16 (originally 8)  Memory Usage: 3338kB
        ->  Hash Join  (cost=89590.94..136224.60 rows=521118 width=8) (actual time=1902.957..3409.809 rows=948140 loops=1)
              Hash Cond: (mi_idx.movie_id = t.id)
              ->  Seq Scan on movie_info_idx mi_idx  (cost=0.00..21735.35 rows=1380035 width=4) (actual time=0.025..417.947 rows=1380035 loops=1)
              ->  Hash  (cost=73925.90..73925.90 rows=954803 width=4) (actual time=1901.820..1901.820 rows=962791 loops=1)
                    Buckets: 131072  Batches: 16  Memory Usage: 3139kB
                    ->  Seq Scan on title t  (cost=0.00..73925.90 rows=954803 width=4) (actual time=0.018..1251.638 rows=962791 loops=1)
                          Filter: ((kind_id < 7) AND (production_year > 1904))
                          Rows Removed by Filter: 1565521
Planning time: 1.162 ms
Execution time: 16331.575 ms
