Hash Join  (cost=127893.64..260894.37 rows=410271 width=0) (actual time=2340.930..6584.002 rows=3542132 loops=1)
  Hash Cond: (mk.movie_id = t.id)
  ->  Seq Scan on movie_keyword mk  (cost=0.00..81003.12 rows=4055706 width=4) (actual time=0.025..1684.678 rows=4058256 loops=1)
        Filter: (keyword_id < 38249)
        Rows Removed by Filter: 465674
  ->  Hash  (cost=123696.35..123696.35 rows=255783 width=8) (actual time=2339.970..2339.970 rows=352768 loops=1)
        Buckets: 131072 (originally 131072)  Batches: 8 (originally 4)  Memory Usage: 3073kB
        ->  Hash Join  (cost=81615.04..123696.35 rows=255783 width=8) (actual time=1320.171..2221.853 rows=352768 loops=1)
              Hash Cond: (mi_idx.movie_id = t.id)
              ->  Seq Scan on movie_info_idx mi_idx  (cost=0.00..21735.35 rows=1380035 width=4) (actual time=0.022..405.963 rows=1380035 loops=1)
              ->  Hash  (cost=73925.90..73925.90 rows=468651 width=4) (actual time=1047.264..1047.264 rows=340746 loops=1)
                    Buckets: 131072  Batches: 8  Memory Usage: 2526kB
                    ->  Seq Scan on title t  (cost=0.00..73925.90 rows=468651 width=4) (actual time=167.520..941.229 rows=340746 loops=1)
                          Filter: ((kind_id < 2) AND (production_year > 1989))
                          Rows Removed by Filter: 2187566
Planning time: 1.153 ms
Execution time: 7030.370 ms
