Hash Join  (cost=83073.61..447732.86 rows=333 width=0) (actual time=1196.089..7341.530 rows=2787 loops=1)
  Hash Cond: (mi.movie_id = t.id)
  ->  Seq Scan on movie_info mi  (cost=0.00..309384.22 rows=14739122 width=4) (actual time=0.012..3472.595 rows=14835720 loops=1)
  ->  Hash  (cost=83072.90..83072.90 rows=57 width=8) (actual time=1196.032..1196.032 rows=111 loops=1)
        Buckets: 1024  Batches: 1  Memory Usage: 13kB
        ->  Nested Loop  (cost=0.43..83072.90 rows=57 width=8) (actual time=11.859..1195.896 rows=111 loops=1)
              ->  Seq Scan on movie_keyword mk  (cost=0.00..81003.12 rows=246 width=4) (actual time=11.808..1187.285 rows=140 loops=1)
                    Filter: (keyword_id = 25674)
                    Rows Removed by Filter: 4523790
              ->  Index Scan using title_pkey on title t  (cost=0.43..8.40 rows=1 width=4) (actual time=0.058..0.058 rows=1 loops=140)
                    Index Cond: (id = mk.movie_id)
                    Filter: ((production_year < 2012) AND (kind_id = 1))
                    Rows Removed by Filter: 0
Planning time: 1.499 ms
Execution time: 7342.376 ms
