Hash Join  (cost=128777.19..215662.65 rows=22742 width=0) (actual time=2101.078..3771.547 rows=176287 loops=1)
  Hash Cond: (mk.movie_id = t.id)
  ->  Seq Scan on movie_keyword mk  (cost=0.00..69693.30 rows=4523930 width=4) (actual time=0.016..839.534 rows=4523930 loops=1)
  ->  Hash  (cost=128618.30..128618.30 rows=12711 width=8) (actual time=2100.529..2100.529 rows=15840 loops=1)
        Buckets: 16384  Batches: 1  Memory Usage: 747kB
        ->  Hash Join  (cost=68257.79..128618.30 rows=12711 width=8) (actual time=892.386..2094.257 rows=15840 loops=1)
              Hash Cond: (mc.movie_id = t.id)
              ->  Seq Scan on movie_companies mc  (cost=0.00..57926.93 rows=615059 width=4) (actual time=0.017..957.748 rows=886225 loops=1)
                    Filter: ((company_id > 12072) AND (company_type_id > 1))
                    Rows Removed by Filter: 1722904
              ->  Hash  (cost=67604.59..67604.59 rows=52256 width=4) (actual time=892.060..892.060 rows=53013 loops=1)
                    Buckets: 65536  Batches: 1  Memory Usage: 2376kB
                    ->  Seq Scan on title t  (cost=0.00..67604.59 rows=52256 width=4) (actual time=0.007..870.581 rows=53013 loops=1)
                          Filter: (production_year = 2000)
                          Rows Removed by Filter: 2475299
Planning time: 0.864 ms
Execution time: 3792.869 ms
