Hash Join  (cost=822058.36..908777.12 rows=6072 width=0) (actual time=9763.215..10771.755 rows=235 loops=1)
  Hash Cond: (mk.movie_id = t.id)
  ->  Seq Scan on movie_keyword mk  (cost=0.00..69693.30 rows=4523930 width=4) (actual time=0.023..581.000 rows=4523930 loops=1)
  ->  Hash  (cost=822015.93..822015.93 rows=3394 width=8) (actual time=9726.152..9726.152 rows=12 loops=1)
        Buckets: 4096  Batches: 1  Memory Usage: 33kB
        ->  Nested Loop  (cost=0.43..822015.93 rows=3394 width=8) (actual time=878.391..9726.129 rows=12 loops=1)
              ->  Seq Scan on cast_info ci  (cost=0.00..796071.18 rows=3394 width=4) (actual time=878.290..9725.727 rows=12 loops=1)
                    Filter: ((person_id = 584150) AND (role_id = 1))
                    Rows Removed by Filter: 36244332
              ->  Index Only Scan using title_pkey on title t  (cost=0.43..7.63 rows=1 width=4) (actual time=0.030..0.030 rows=1 loops=12)
                    Index Cond: (id = ci.movie_id)
                    Heap Fetches: 12
Planning time: 1.117 ms
Execution time: 10771.909 ms
