Hash Join  (cost=74057.18..160903.12 rows=18790 width=0) (actual time=948.451..2640.746 rows=12273 loops=1)
  Hash Cond: (mk.movie_id = t.id)
  ->  Seq Scan on movie_keyword mk  (cost=0.00..69693.30 rows=4523930 width=4) (actual time=0.013..843.532 rows=4523930 loops=1)
  ->  Hash  (cost=73925.90..73925.90 rows=10502 width=4) (actual time=948.237..948.237 rows=6334 loops=1)
        Buckets: 16384  Batches: 1  Memory Usage: 351kB
        ->  Seq Scan on title t  (cost=0.00..73925.90 rows=10502 width=4) (actual time=74.714..945.319 rows=6334 loops=1)
              Filter: ((production_year > 2011) AND (kind_id = 4))
              Rows Removed by Filter: 2521978
Planning time: 0.700 ms
Execution time: 2642.671 ms
