Hash Join  (cost=798388.90..853057.27 rows=285 width=0) (actual time=12781.849..13731.089 rows=66 loops=1)
  Hash Cond: (mc.movie_id = t.id)
  ->  Seq Scan on movie_companies mc  (cost=0.00..44881.29 rows=2609129 width=4) (actual time=0.021..522.484 rows=2609129 loops=1)
  ->  Hash  (cost=798385.45..798385.45 rows=276 width=8) (actual time=12759.738..12759.738 rows=101 loops=1)
        Buckets: 1024  Batches: 1  Memory Usage: 12kB
        ->  Nested Loop  (cost=0.43..798385.45 rows=276 width=8) (actual time=8088.261..12759.660 rows=101 loops=1)
              ->  Seq Scan on cast_info ci  (cost=0.00..796071.18 rows=276 width=4) (actual time=8088.059..12756.850 rows=101 loops=1)
                    Filter: ((role_id < 3) AND (person_id = 2659634))
                    Rows Removed by Filter: 36244243
              ->  Index Only Scan using title_pkey on title t  (cost=0.43..8.38 rows=1 width=4) (actual time=0.026..0.026 rows=1 loops=101)
                    Index Cond: (id = ci.movie_id)
                    Heap Fetches: 101
Planning time: 5.097 ms
Execution time: 13731.264 ms
