Seq Scan on cast_info ci  (cost=0.00..705507.15 rows=500 width=0) (actual time=4157.082..9448.795 rows=155 loops=1)
  Filter: (person_id = 544829)
  Rows Removed by Filter: 36244189
Planning time: 0.348 ms
Execution time: 9448.897 ms
