Hash Join  (cost=216310.17..299325.19 rows=577750 width=0) (actual time=3987.545..7121.702 rows=4494569 loops=1)
  Hash Cond: (mc.movie_id = t.id)
  ->  Seq Scan on movie_companies mc  (cost=0.00..44881.29 rows=2609129 width=4) (actual time=0.025..864.254 rows=2609129 loops=1)
  ->  Hash  (cost=207123.39..207123.39 rows=559902 width=8) (actual time=3986.681..3986.681 rows=555933 loops=1)
        Buckets: 131072  Batches: 8  Memory Usage: 3768kB
        ->  Hash Join  (cost=102767.86..207123.39 rows=559902 width=8) (actual time=1778.094..3836.063 rows=555933 loops=1)
              Hash Cond: (mk.movie_id = t.id)
              ->  Seq Scan on movie_keyword mk  (cost=0.00..81003.12 rows=559902 width=4) (actual time=0.027..1252.466 rows=555933 loops=1)
                    Filter: (keyword_id > 33039)
                    Rows Removed by Filter: 3967997
              ->  Hash  (cost=61283.27..61283.27 rows=2528527 width=4) (actual time=1776.230..1776.230 rows=2528312 loops=1)
                    Buckets: 131072  Batches: 64  Memory Usage: 2425kB
                    ->  Seq Scan on title t  (cost=0.00..61283.27 rows=2528527 width=4) (actual time=0.013..926.651 rows=2528312 loops=1)
Planning time: 1.074 ms
Execution time: 7634.066 ms
