Hash Join  (cost=52284.99..803089.06 rows=1490 width=0) (actual time=813.027..14127.780 rows=2954 loops=1)
  Hash Cond: (ci.movie_id = t.id)
  ->  Seq Scan on cast_info ci  (cost=0.00..614943.12 rows=36225612 width=4) (actual time=0.019..6929.095 rows=36244344 loops=1)
  ->  Hash  (cost=52283.69..52283.69 rows=104 width=8) (actual time=802.347..802.347 rows=48 loops=1)
        Buckets: 1024  Batches: 1  Memory Usage: 10kB
        ->  Nested Loop  (cost=0.43..52283.69 rows=104 width=8) (actual time=41.578..802.281 rows=48 loops=1)
              ->  Seq Scan on movie_companies mc  (cost=0.00..51404.11 rows=104 width=4) (actual time=41.473..800.647 rows=48 loops=1)
                    Filter: (company_id = 13978)
                    Rows Removed by Filter: 2609081
              ->  Index Only Scan using title_pkey on title t  (cost=0.43..8.45 rows=1 width=4) (actual time=0.030..0.030 rows=1 loops=48)
                    Index Cond: (id = mc.movie_id)
                    Heap Fetches: 48
Planning time: 1.117 ms
Execution time: 14129.478 ms
