Hash Join  (cost=114633.27..202194.06 rows=90275 width=0) (actual time=2680.351..3028.638 rows=6 loops=1)
  Hash Cond: (mk.movie_id = t.id)
  ->  Seq Scan on movie_keyword mk  (cost=0.00..69693.30 rows=4523930 width=4) (actual time=0.021..787.782 rows=4523930 loops=1)
  ->  Hash  (cost=114002.56..114002.56 rows=50457 width=8) (actual time=1438.291..1438.291 rows=75 loops=1)
        Buckets: 65536  Batches: 1  Memory Usage: 515kB
        ->  Hash Join  (cost=75443.51..114002.56 rows=50457 width=8) (actual time=1354.453..1438.097 rows=75 loops=1)
              Hash Cond: (mi_idx.movie_id = t.id)
              ->  Seq Scan on movie_info_idx mi_idx  (cost=0.00..21735.35 rows=1380035 width=4) (actual time=0.014..255.029 rows=1380035 loops=1)
              ->  Hash  (cost=73925.90..73925.90 rows=92448 width=4) (actual time=909.526..909.526 rows=84 loops=1)
                    Buckets: 131072  Batches: 2  Memory Usage: 1026kB
                    ->  Seq Scan on title t  (cost=0.00..73925.90 rows=92448 width=4) (actual time=185.753..909.332 rows=84 loops=1)
                          Filter: ((production_year < 1947) AND (kind_id = 7))
                          Rows Removed by Filter: 2528228
Planning time: 1.119 ms
Execution time: 3028.834 ms
