Seq Scan on cast_info ci  (cost=0.00..796071.18 rows=446319 width=0) (actual time=4467.357..10022.515 rows=849002 loops=1)
  Filter: ((person_id < 119144) AND (role_id < 2))
  Rows Removed by Filter: 35395342
Planning time: 0.372 ms
Execution time: 10121.854 ms
