Hash Join  (cost=180790.85..549216.60 rows=376983 width=0) (actual time=3373.094..11109.447 rows=485382 loops=1)
  Hash Cond: (mi.movie_id = t.id)
  ->  Seq Scan on movie_info mi  (cost=0.00..309384.22 rows=14739122 width=4) (actual time=0.022..4082.285 rows=14835720 loops=1)
  ->  Hash  (cost=179982.45..179982.45 rows=64672 width=8) (actual time=3372.404..3372.404 rows=37962 loops=1)
        Buckets: 65536  Batches: 1  Memory Usage: 1995kB
        ->  Hash Join  (cost=75292.52..179982.45 rows=64672 width=8) (actual time=1308.902..3358.510 rows=37962 loops=1)
              Hash Cond: (mk.movie_id = t.id)
              ->  Seq Scan on movie_keyword mk  (cost=0.00..81003.12 rows=1964291 width=4) (actual time=0.010..1395.125 rows=1970461 loops=1)
                    Filter: (keyword_id < 3448)
                    Rows Removed by Filter: 2553469
              ->  Hash  (cost=73925.90..73925.90 rows=83249 width=4) (actual time=1308.009..1308.009 rows=101793 loops=1)
                    Buckets: 131072  Batches: 2  Memory Usage: 2809kB
                    ->  Seq Scan on title t  (cost=0.00..73925.90 rows=83249 width=4) (actual time=0.053..1266.945 rows=101793 loops=1)
                          Filter: ((kind_id > 1) AND (production_year = 2007))
                          Rows Removed by Filter: 2426519
Planning time: 1.187 ms
Execution time: 11175.846 ms
