Hash Join  (cost=83073.49..447735.01 rows=560 width=0) (actual time=1126.792..6990.511 rows=4770 loops=1)
  Hash Cond: (mi.movie_id = t.id)
  ->  Seq Scan on movie_info mi  (cost=0.00..309384.22 rows=14739122 width=4) (actual time=0.012..3405.628 rows=14835720 loops=1)
  ->  Hash  (cost=83072.29..83072.29 rows=96 width=8) (actual time=1126.651..1126.651 rows=143 loops=1)
        Buckets: 1024  Batches: 1  Memory Usage: 14kB
        ->  Nested Loop  (cost=0.43..83072.29 rows=96 width=8) (actual time=4.649..1126.479 rows=143 loops=1)
              ->  Seq Scan on movie_keyword mk  (cost=0.00..81003.12 rows=246 width=4) (actual time=0.383..1121.364 rows=222 loops=1)
                    Filter: (keyword_id = 30620)
                    Rows Removed by Filter: 4523708
              ->  Index Scan using title_pkey on title t  (cost=0.43..8.40 rows=1 width=4) (actual time=0.021..0.021 rows=1 loops=222)
                    Index Cond: (id = mk.movie_id)
                    Filter: (kind_id < 7)
                    Rows Removed by Filter: 0
Planning time: 1.133 ms
Execution time: 6991.690 ms
