Hash Join  (cost=162212.36..961189.28 rows=12161 width=0) (actual time=14890.270..15509.287 rows=3073 loops=1)
  Hash Cond: (ci.movie_id = t.id)
  ->  Seq Scan on cast_info ci  (cost=0.00..796071.18 rows=556822 width=4) (actual time=11898.092..12379.951 rows=715894 loops=1)
        Filter: ((person_id > 1347509) AND (role_id = 5))
        Rows Removed by Filter: 35528450
  ->  Hash  (cost=161522.04..161522.04 rows=55226 width=8) (actual time=2990.521..2990.521 rows=12613 loops=1)
        Buckets: 65536  Batches: 1  Memory Usage: 1005kB
        ->  Hash Join  (cost=74311.74..161522.04 rows=55226 width=8) (actual time=2285.528..2985.571 rows=12613 loops=1)
              Hash Cond: (mk.movie_id = t.id)
              ->  Seq Scan on movie_keyword mk  (cost=0.00..69693.30 rows=4523930 width=4) (actual time=0.029..901.036 rows=4523930 loops=1)
              ->  Hash  (cost=73925.90..73925.90 rows=30867 width=4) (actual time=1228.783..1228.783 rows=34773 loops=1)
                    Buckets: 65536 (originally 32768)  Batches: 1 (originally 1)  Memory Usage: 1735kB
                    ->  Seq Scan on title t  (cost=0.00..73925.90 rows=30867 width=4) (actual time=0.033..1213.803 rows=34773 loops=1)
                          Filter: ((kind_id = 7) AND (production_year = 1999))
                          Rows Removed by Filter: 2493539
Planning time: 1.291 ms
Execution time: 15509.982 ms
