Hash Join  (cost=94554.94..132275.36 rows=229231 width=0) (actual time=1601.091..2539.554 rows=170931 loops=1)
  Hash Cond: (mi_idx.movie_id = t.id)
  ->  Seq Scan on movie_info_idx mi_idx  (cost=0.00..25185.44 rows=460978 width=4) (actual time=0.020..466.622 rows=459925 loops=1)
        Filter: (info_type_id = 99)
        Rows Removed by Filter: 920110
  ->  Hash  (cost=73925.90..73925.90 rows=1257363 width=4) (actual time=1599.377..1599.377 rows=1229210 loops=1)
        Buckets: 131072  Batches: 32  Memory Usage: 2374kB
        ->  Seq Scan on title t  (cost=0.00..73925.90 rows=1257363 width=4) (actual time=0.017..1208.051 rows=1229210 loops=1)
              Filter: ((kind_id > 2) AND (production_year < 2009))
              Rows Removed by Filter: 1299102
Planning time: 0.841 ms
Execution time: 2559.340 ms
