Seq Scan on cast_info ci  (cost=0.00..796071.18 rows=5308361 width=0) (actual time=3886.373..11877.545 rows=7295620 loops=1)
  Filter: ((person_id > 1562682) AND (role_id > 4))
  Rows Removed by Filter: 28948724
Planning time: 0.342 ms
Execution time: 12670.556 ms
