Hash Join  (cost=58375.85..829196.89 rows=365 width=0) (actual time=814.066..14910.863 rows=740 loops=1)
  Hash Cond: (ci.movie_id = t.id)
  ->  Seq Scan on cast_info ci  (cost=0.00..705507.15 rows=17416065 width=4) (actual time=0.008..11358.622 rows=17302634 loops=1)
        Filter: (person_id < 1709149)
        Rows Removed by Filter: 18941710
  ->  Hash  (cost=58375.18..58375.18 rows=53 width=8) (actual time=813.795..813.795 rows=71 loops=1)
        Buckets: 1024  Batches: 1  Memory Usage: 11kB
        ->  Nested Loop  (cost=0.43..58375.18 rows=53 width=8) (actual time=13.634..813.726 rows=71 loops=1)
              ->  Seq Scan on movie_companies mc  (cost=0.00..57926.93 rows=53 width=4) (actual time=13.545..811.638 rows=71 loops=1)
                    Filter: ((company_type_id > 1) AND (company_id = 1111))
                    Rows Removed by Filter: 2609058
              ->  Index Only Scan using title_pkey on title t  (cost=0.43..8.45 rows=1 width=4) (actual time=0.026..0.027 rows=1 loops=71)
                    Index Cond: (id = mc.movie_id)
                    Heap Fetches: 71
Planning time: 1.251 ms
Execution time: 14911.420 ms
