Seq Scan on cast_info ci  (cost=0.00..796071.18 rows=16317957 width=0) (actual time=0.016..13634.673 rows=17833122 loops=1)
  Filter: ((person_id < 1854858) AND (role_id < 10))
  Rows Removed by Filter: 18411222
Planning time: 0.340 ms
Execution time: 15785.134 ms
