Hash Join  (cost=83810.17..231338.13 rows=1582457 width=0) (actual time=1689.623..6236.074 rows=3465755 loops=1)
  Hash Cond: (mk.movie_id = t.id)
  ->  Seq Scan on movie_keyword mk  (cost=0.00..81003.12 rows=4051003 width=4) (actual time=0.023..1765.301 rows=4054970 loops=1)
        Filter: (keyword_id < 37913)
        Rows Removed by Filter: 468960
  ->  Hash  (cost=67604.59..67604.59 rows=987727 width=4) (actual time=1688.557..1688.557 rows=985048 loops=1)
        Buckets: 131072  Batches: 16  Memory Usage: 3197kB
        ->  Seq Scan on title t  (cost=0.00..67604.59 rows=987727 width=4) (actual time=0.016..1082.156 rows=985048 loops=1)
              Filter: (kind_id < 7)
              Rows Removed by Filter: 1543264
Planning time: 0.785 ms
Execution time: 6633.022 ms
