Hash Join  (cost=81976.40..1187995.14 rows=7029857 width=0) (actual time=1119.816..33101.544 rows=6600727 loops=1)
  Hash Cond: (ci.movie_id = t.id)
  ->  Seq Scan on cast_info ci  (cost=0.00..614943.12 rows=36225612 width=4) (actual time=0.022..12214.094 rows=36244344 loops=1)
  ->  Hash  (cost=73925.90..73925.90 rows=490680 width=4) (actual time=1118.905..1118.905 rows=359870 loops=1)
        Buckets: 131072  Batches: 8  Memory Usage: 2611kB
        ->  Seq Scan on title t  (cost=0.00..73925.90 rows=490680 width=4) (actual time=72.885..1006.461 rows=359870 loops=1)
              Filter: ((kind_id < 2) AND (production_year > 1985))
              Rows Removed by Filter: 2168442
Planning time: 0.726 ms
Execution time: 33836.007 ms
