Hash Join  (cost=440753.36..479389.71 rows=54987 width=0) (actual time=6199.447..7025.575 rows=53700 loops=1)
  Hash Cond: (mi_idx.movie_id = t.id)
  ->  Seq Scan on movie_info_idx mi_idx  (cost=0.00..21735.35 rows=1380035 width=4) (actual time=0.020..403.079 rows=1380035 loops=1)
  ->  Hash  (cost=439100.00..439100.00 rows=100749 width=8) (actual time=6198.719..6198.719 rows=24712 loops=1)
        Buckets: 131072  Batches: 2  Memory Usage: 1509kB
        ->  Hash Join  (cost=84832.42..439100.00 rows=100749 width=8) (actual time=4893.750..6188.869 rows=24712 loops=1)
              Hash Cond: (mi.movie_id = t.id)
              ->  Seq Scan on movie_info mi  (cost=0.00..346232.03 rows=383217 width=4) (actual time=3404.582..4433.951 rows=368218 loops=1)
                    Filter: (info_type_id = 17)
                    Rows Removed by Filter: 14467502
              ->  Hash  (cost=73925.90..73925.90 rows=664761 width=4) (actual time=1478.638..1478.638 rows=704326 loops=1)
                    Buckets: 131072  Batches: 16  Memory Usage: 2581kB
                    ->  Seq Scan on title t  (cost=0.00..73925.90 rows=664761 width=4) (actual time=0.046..1237.537 rows=704326 loops=1)
                          Filter: ((kind_id > 1) AND (production_year > 2006))
                          Rows Removed by Filter: 1823986
Planning time: 1.163 ms
Execution time: 7032.019 ms
