Hash Join  (cost=484220.58..1433811.29 rows=5226413 width=0) (actual time=10341.354..29338.879 rows=7149987 loops=1)
  Hash Cond: (ci.movie_id = t.id)
  ->  Seq Scan on cast_info ci  (cost=0.00..705507.15 rows=16316117 width=4) (actual time=2464.470..12282.442 rows=16452907 loops=1)
        Filter: (person_id > 1985184)
        Rows Removed by Filter: 19791437
  ->  Hash  (cost=470932.30..470932.30 rows=809943 width=8) (actual time=7875.991..7875.991 rows=764014 loops=1)
        Buckets: 131072  Batches: 16  Memory Usage: 2883kB
        ->  Hash Join  (cost=94009.45..470932.30 rows=809943 width=8) (actual time=5110.319..7674.403 rows=764014 loops=1)
              Hash Cond: (mi.movie_id = t.id)
              ->  Seq Scan on movie_info mi  (cost=0.00..346232.03 rows=1272478 width=4) (actual time=3455.482..4895.889 rows=1325361 loops=1)
                    Filter: (info_type_id = 8)
                    Rows Removed by Filter: 13510359
              ->  Hash  (cost=67604.59..67604.59 rows=1609429 width=4) (actual time=1653.904..1653.904 rows=1607077 loops=1)
                    Buckets: 131072  Batches: 32  Memory Usage: 2799kB
                    ->  Seq Scan on title t  (cost=0.00..67604.59 rows=1609429 width=4) (actual time=0.028..1134.322 rows=1607077 loops=1)
                          Filter: (production_year > 1995)
                          Rows Removed by Filter: 921235
Planning time: 1.248 ms
Execution time: 30067.129 ms
