Hash Join  (cost=96023.02..499320.97 rows=193122 width=0) (actual time=1353.864..9911.893 rows=631022 loops=1)
  Hash Cond: (mi.movie_id = t.id)
  ->  Seq Scan on movie_info mi  (cost=0.00..346232.03 rows=14702584 width=4) (actual time=0.022..5571.298 rows=14785453 loops=1)
        Filter: (info_type_id < 108)
        Rows Removed by Filter: 50267
  ->  Hash  (cost=95607.86..95607.86 rows=33213 width=8) (actual time=1353.437..1353.437 rows=41527 loops=1)
        Buckets: 65536  Batches: 1  Memory Usage: 2135kB
        ->  Hash Join  (cost=68365.25..95607.86 rows=33213 width=8) (actual time=871.060..1342.069 rows=41527 loops=1)
              Hash Cond: (mi_idx.movie_id = t.id)
              ->  Seq Scan on movie_info_idx mi_idx  (cost=0.00..21735.35 rows=1380035 width=4) (actual time=0.021..186.427 rows=1380035 loops=1)
              ->  Hash  (cost=67604.59..67604.59 rows=60853 width=4) (actual time=870.659..870.659 rows=62568 loops=1)
                    Buckets: 65536  Batches: 1  Memory Usage: 2712kB
                    ->  Seq Scan on title t  (cost=0.00..67604.59 rows=60853 width=4) (actual time=0.020..845.414 rows=62568 loops=1)
                          Filter: (production_year = 2002)
                          Rows Removed by Filter: 2465744
Planning time: 1.174 ms
Execution time: 9993.397 ms
