Seq Scan on movie_companies mc  (cost=0.00..51404.11 rows=104 width=0) (actual time=14.000..715.826 rows=8 loops=1)
  Filter: (company_id = 108929)
  Rows Removed by Filter: 2609121
Planning time: 0.396 ms
Execution time: 715.905 ms
