Nested Loop  (cost=0.43..83072.90 rows=30 width=0) (actual time=8.832..1194.776 rows=108 loops=1)
  ->  Seq Scan on movie_keyword mk  (cost=0.00..81003.12 rows=246 width=4) (actual time=0.155..1129.753 rows=2783 loops=1)
        Filter: (keyword_id = 1037)
        Rows Removed by Filter: 4521147
  ->  Index Scan using title_pkey on title t  (cost=0.43..8.40 rows=1 width=4) (actual time=0.023..0.023 rows=0 loops=2783)
        Index Cond: (id = mk.movie_id)
        Filter: ((kind_id < 7) AND (production_year > 2007))
        Rows Removed by Filter: 1
Planning time: 0.733 ms
Execution time: 1194.972 ms
