Seq Scan on cast_info ci  (cost=0.00..705507.15 rows=26732928 width=0) (actual time=407.431..11795.935 rows=26929286 loops=1)
  Filter: (person_id > 917376)
  Rows Removed by Filter: 9315058
Planning time: 0.337 ms
Execution time: 15176.311 ms
