Hash Join  (cost=112116.41..483127.28 rows=141217 width=0) (actual time=2152.652..8299.566 rows=111905 loops=1)
  Hash Cond: (mi.movie_id = t.id)
  ->  Seq Scan on movie_info mi  (cost=0.00..346232.03 rows=6231111 width=4) (actual time=444.752..5350.998 rows=6223494 loops=1)
        Filter: (info_type_id > 8)
        Rows Removed by Filter: 8612226
  ->  Hash  (cost=111400.10..111400.10 rows=57305 width=8) (actual time=1707.437..1707.437 rows=24162 loops=1)
        Buckets: 65536  Batches: 1  Memory Usage: 1456kB
        ->  Hash Join  (cost=79082.94..111400.10 rows=57305 width=8) (actual time=1292.171..1697.416 rows=24162 loops=1)
              Hash Cond: (mi_idx.movie_id = t.id)
              ->  Seq Scan on movie_info_idx mi_idx  (cost=0.00..25185.44 rows=460978 width=4) (actual time=0.034..446.915 rows=459925 loops=1)
                    Filter: (info_type_id = 99)
                    Rows Removed by Filter: 920110
              ->  Hash  (cost=73925.90..73925.90 rows=314323 width=4) (actual time=1005.540..1005.540 rows=201761 loops=1)
                    Buckets: 131072  Batches: 8  Memory Usage: 1902kB
                    ->  Seq Scan on title t  (cost=0.00..73925.90 rows=314323 width=4) (actual time=0.022..936.502 rows=201761 loops=1)
                          Filter: ((production_year < 1980) AND (kind_id = 7))
                          Rows Removed by Filter: 2326551
Planning time: 1.233 ms
Execution time: 8315.099 ms
