Nested Loop  (cost=0.43..58358.52 rows=2 width=0) (actual time=534.225..827.460 rows=2 loops=1)
  ->  Seq Scan on movie_companies mc  (cost=0.00..57926.93 rows=51 width=4) (actual time=534.163..826.254 rows=3 loops=1)
        Filter: ((company_id = 68902) AND (company_type_id = 1))
        Rows Removed by Filter: 2609126
  ->  Index Scan using title_pkey on title t  (cost=0.43..8.45 rows=1 width=4) (actual time=0.398..0.399 rows=1 loops=3)
        Index Cond: (id = mc.movie_id)
        Filter: ((production_year < 2008) AND (kind_id = 4))
        Rows Removed by Filter: 0
Planning time: 0.625 ms
Execution time: 827.550 ms
