Seq Scan on movie_keyword mk  (cost=0.00..81003.12 rows=4423019 width=0) (actual time=0.036..1835.852 rows=4414069 loops=1)
  Filter: (keyword_id > 107)
  Rows Removed by Filter: 109861
Planning time: 0.287 ms
Execution time: 2390.279 ms
