Seq Scan on movie_companies mc  (cost=0.00..51404.11 rows=1134083 width=0) (actual time=0.017..825.468 rows=1142373 loops=1)
  Filter: (company_id > 13259)
  Rows Removed by Filter: 1466756
Planning time: 0.231 ms
Execution time: 967.103 ms
