Nested Loop  (cost=0.43..83072.29 rows=16 width=0) (actual time=23.178..1243.946 rows=22 loops=1)
  ->  Seq Scan on movie_keyword mk  (cost=0.00..81003.12 rows=246 width=4) (actual time=21.774..1232.412 rows=312 loops=1)
        Filter: (keyword_id = 21)
        Rows Removed by Filter: 4523618
  ->  Index Scan using title_pkey on title t  (cost=0.43..8.40 rows=1 width=4) (actual time=0.035..0.035 rows=0 loops=312)
        Index Cond: (id = mk.movie_id)
        Filter: (production_year = 2011)
        Rows Removed by Filter: 1
Planning time: 0.705 ms
Execution time: 1244.067 ms
