Nested Loop  (cost=0.43..798851.07 rows=332 width=0) (actual time=616.023..13140.959 rows=23 loops=1)
  ->  Seq Scan on cast_info ci  (cost=0.00..796071.18 rows=332 width=4) (actual time=615.930..13140.411 rows=23 loops=1)
        Filter: ((role_id < 4) AND (person_id = 398720))
        Rows Removed by Filter: 36244321
  ->  Index Only Scan using title_pkey on title t  (cost=0.43..8.36 rows=1 width=4) (actual time=0.022..0.022 rows=1 loops=23)
        Index Cond: (id = ci.movie_id)
        Heap Fetches: 23
Planning time: 0.754 ms
Execution time: 13141.067 ms
