Hash Join  (cost=52284.99..142848.43 rows=105 width=0) (actual time=991.482..2878.922 rows=1528 loops=1)
  Hash Cond: (mk.movie_id = t.id)
  ->  Seq Scan on movie_keyword mk  (cost=0.00..81003.12 rows=2549137 width=4) (actual time=0.016..1565.079 rows=2545729 loops=1)
        Filter: (keyword_id > 3481)
        Rows Removed by Filter: 1978201
  ->  Hash  (cost=52283.69..52283.69 rows=104 width=8) (actual time=957.840..957.840 rows=806 loops=1)
        Buckets: 1024  Batches: 1  Memory Usage: 40kB
        ->  Nested Loop  (cost=0.43..52283.69 rows=104 width=8) (actual time=7.997..957.325 rows=806 loops=1)
              ->  Seq Scan on movie_companies mc  (cost=0.00..51404.11 rows=104 width=4) (actual time=7.934..924.604 rows=806 loops=1)
                    Filter: (company_id = 168)
                    Rows Removed by Filter: 2608323
              ->  Index Only Scan using title_pkey on title t  (cost=0.43..8.45 rows=1 width=4) (actual time=0.039..0.039 rows=1 loops=806)
                    Index Cond: (id = mc.movie_id)
                    Heap Fetches: 806
Planning time: 1.133 ms
Execution time: 2879.317 ms
