Hash Join  (cost=983213.15..1087709.92 rows=1899483 width=0) (actual time=14956.656..17826.483 rows=2908983 loops=1)
  Hash Cond: (mc.movie_id = t.id)
  ->  Seq Scan on movie_companies mc  (cost=0.00..44881.29 rows=2609129 width=4) (actual time=0.025..886.022 rows=2609129 loops=1)
  ->  Hash  (cost=953012.10..953012.10 rows=1840804 width=8) (actual time=14955.453..14955.453 rows=1267950 loops=1)
        Buckets: 131072  Batches: 32  Memory Usage: 2553kB
        ->  Hash Join  (cost=102767.86..953012.10 rows=1840804 width=8) (actual time=2962.869..14565.875 rows=1267950 loops=1)
              Hash Cond: (ci.movie_id = t.id)
              ->  Seq Scan on cast_info ci  (cost=0.00..796071.18 rows=1840804 width=4) (actual time=1193.585..11316.445 rows=1267950 loops=1)
                    Filter: ((person_id < 1637005) AND (role_id = 3))
                    Rows Removed by Filter: 34976394
              ->  Hash  (cost=61283.27..61283.27 rows=2528527 width=4) (actual time=1768.143..1768.143 rows=2528312 loops=1)
                    Buckets: 131072  Batches: 64  Memory Usage: 2415kB
                    ->  Seq Scan on title t  (cost=0.00..61283.27 rows=2528527 width=4) (actual time=0.017..929.887 rows=2528312 loops=1)
Planning time: 1.119 ms
Execution time: 18094.382 ms
