Nested Loop  (cost=0.43..798385.45 rows=276 width=0) (actual time=4920.128..11625.063 rows=178 loops=1)
  ->  Seq Scan on cast_info ci  (cost=0.00..796071.18 rows=276 width=4) (actual time=4920.027..11621.540 rows=178 loops=1)
        Filter: ((role_id < 3) AND (person_id = 2025152))
        Rows Removed by Filter: 36244166
  ->  Index Only Scan using title_pkey on title t  (cost=0.43..8.38 rows=1 width=4) (actual time=0.018..0.019 rows=1 loops=178)
        Index Cond: (id = ci.movie_id)
        Heap Fetches: 178
Planning time: 0.705 ms
Execution time: 11625.172 ms
