Nested Loop  (cost=0.43..83071.67 rows=246 width=0) (actual time=159.930..813.707 rows=44 loops=1)
  ->  Seq Scan on movie_keyword mk  (cost=0.00..81003.12 rows=246 width=4) (actual time=159.829..812.227 rows=44 loops=1)
        Filter: (keyword_id = 5625)
        Rows Removed by Filter: 4523886
  ->  Index Only Scan using title_pkey on title t  (cost=0.43..8.40 rows=1 width=4) (actual time=0.029..0.030 rows=1 loops=44)
        Index Cond: (id = mk.movie_id)
        Heap Fetches: 44
Planning time: 0.754 ms
Execution time: 813.801 ms
