Hash Join  (cost=74498.58..101659.11 rows=25005 width=0) (actual time=1261.483..1749.437 rows=25422 loops=1)
  Hash Cond: (mi_idx.movie_id = t.id)
  ->  Seq Scan on movie_info_idx mi_idx  (cost=0.00..21735.35 rows=1380035 width=4) (actual time=0.016..276.586 rows=1380035 loops=1)
  ->  Hash  (cost=73925.90..73925.90 rows=45814 width=4) (actual time=1113.053..1113.053 rows=55711 loops=1)
        Buckets: 65536  Batches: 1  Memory Usage: 2471kB
        ->  Seq Scan on title t  (cost=0.00..73925.90 rows=45814 width=4) (actual time=504.261..1091.854 rows=55711 loops=1)
              Filter: ((production_year > 2005) AND (kind_id = 4))
              Rows Removed by Filter: 2472601
Planning time: 0.765 ms
Execution time: 1753.191 ms
