Hash Join  (cost=69513.49..416418.03 rows=825 width=0) (actual time=1433.074..5742.960 rows=270 loops=1)
  Hash Cond: (mi.movie_id = t.id)
  ->  Seq Scan on movie_info mi  (cost=0.00..346232.03 rows=17937 width=4) (actual time=510.153..4764.483 rows=147487 loops=1)
        Filter: (info_type_id = 107)
        Rows Removed by Filter: 14688233
  ->  Hash  (cost=67604.59..67604.59 rows=116312 width=4) (actual time=920.861..920.861 rows=120365 loops=1)
        Buckets: 131072  Batches: 2  Memory Usage: 3140kB
        ->  Seq Scan on title t  (cost=0.00..67604.59 rows=116312 width=4) (actual time=256.520..876.093 rows=120365 loops=1)
              Filter: (production_year < 1932)
              Rows Removed by Filter: 2407947
Planning time: 0.530 ms
Execution time: 5743.108 ms
