Seq Scan on title t  (cost=0.00..73925.90 rows=30706 width=0) (actual time=0.021..947.655 rows=120357 loops=1)
  Filter: ((production_year < 1932) AND (kind_id = 1))
  Rows Removed by Filter: 2407955
Planning time: 0.352 ms
Execution time: 964.063 ms
