Hash Join  (cost=98137.04..247928.59 rows=2244468 width=0) (actual time=1738.862..5249.093 rows=1073080 loops=1)
  Hash Cond: (mk.movie_id = t.id)
  ->  Seq Scan on movie_keyword mk  (cost=0.00..81003.12 rows=3049549 width=4) (actual time=0.019..1718.263 rows=3036976 loops=1)
        Filter: (keyword_id < 10987)
        Rows Removed by Filter: 1486954
  ->  Hash  (cost=67604.59..67604.59 rows=1860996 width=4) (actual time=1738.060..1738.060 rows=1865487 loops=1)
        Buckets: 131072  Batches: 32  Memory Usage: 3085kB
        ->  Seq Scan on title t  (cost=0.00..67604.59 rows=1860996 width=4) (actual time=0.018..1129.568 rows=1865487 loops=1)
              Filter: (kind_id > 1)
              Rows Removed by Filter: 662825
Planning time: 0.700 ms
Execution time: 5355.215 ms
