Seq Scan on title t  (cost=0.00..73925.90 rows=141274 width=94) (actual time=0.023..1517.719 rows=150659 loops=1)
  Filter: ((production_year > 2011) AND (kind_id = 7))
  Rows Removed by Filter: 2377653
Planning time: 0.517 ms
Execution time: 1526.511 ms
