Seq Scan on cast_info ci  (cost=0.00..705507.15 rows=28310039 width=0) (actual time=0.030..34351.016 rows=28349763 loops=1)
  Filter: (person_id < 2888989)
  Rows Removed by Filter: 7894581
Planning time: 0.375 ms
Execution time: 38522.564 ms
