Hash Join  (cost=213533.53..759365.98 rows=6187952 width=0) (actual time=4655.368..29670.091 rows=47903401 loops=1)
  Hash Cond: (mi.movie_id = t.id)
  ->  Seq Scan on movie_info mi  (cost=0.00..309384.22 rows=14739122 width=4) (actual time=0.012..5425.666 rows=14835720 loops=1)
  ->  Hash  (cost=196117.08..196117.08 rows=1061556 width=8) (actual time=4652.916..4652.916 rows=1274246 loops=1)
        Buckets: 131072 (originally 131072)  Batches: 32 (originally 16)  Memory Usage: 3073kB
        ->  Hash Join  (cost=102767.86..196117.08 rows=1061556 width=8) (actual time=2057.674..4293.128 rows=1274246 loops=1)
              Hash Cond: (mc.movie_id = t.id)
              ->  Seq Scan on movie_companies mc  (cost=0.00..57926.93 rows=1061556 width=4) (actual time=229.893..1093.611 rows=1274246 loops=1)
                    Filter: ((company_id < 77392) AND (company_type_id = 1))
                    Rows Removed by Filter: 1334883
              ->  Hash  (cost=61283.27..61283.27 rows=2528527 width=4) (actual time=1826.390..1826.390 rows=2528312 loops=1)
                    Buckets: 131072  Batches: 64  Memory Usage: 2415kB
                    ->  Seq Scan on title t  (cost=0.00..61283.27 rows=2528527 width=4) (actual time=0.023..992.764 rows=2528312 loops=1)
Planning time: 1.084 ms
Execution time: 35098.520 ms
