Hash Join  (cost=129613.23..495989.92 rows=172076 width=0) (actual time=2403.111..8692.051 rows=76970 loops=1)
  Hash Cond: (mi.movie_id = t.id)
  ->  Seq Scan on movie_info mi  (cost=0.00..309384.22 rows=14739122 width=4) (actual time=0.020..3385.848 rows=14835720 loops=1)
  ->  Hash  (cost=129244.23..129244.23 rows=29520 width=8) (actual time=2290.682..2290.682 rows=10121 loops=1)
        Buckets: 32768  Batches: 1  Memory Usage: 652kB
        ->  Hash Join  (cost=74283.51..129244.23 rows=29520 width=8) (actual time=1079.396..2286.730 rows=10121 loops=1)
              Hash Cond: (mc.movie_id = t.id)
              ->  Seq Scan on movie_companies mc  (cost=0.00..44881.29 rows=2609129 width=4) (actual time=0.010..553.932 rows=2609129 loops=1)
              ->  Hash  (cost=73925.90..73925.90 rows=28608 width=4) (actual time=1079.009..1079.009 rows=32134 loops=1)
                    Buckets: 32768  Batches: 1  Memory Usage: 1386kB
                    ->  Seq Scan on title t  (cost=0.00..73925.90 rows=28608 width=4) (actual time=0.022..1065.584 rows=32134 loops=1)
                          Filter: ((kind_id = 7) AND (production_year = 1998))
                          Rows Removed by Filter: 2496178
Planning time: 1.133 ms
Execution time: 8702.740 ms
