Hash Join  (cost=83073.10..447732.81 rows=379 width=0) (actual time=614.349..6433.628 rows=9930 loops=1)
  Hash Cond: (mi.movie_id = t.id)
  ->  Seq Scan on movie_info mi  (cost=0.00..309384.22 rows=14739122 width=4) (actual time=0.012..3233.769 rows=14835720 loops=1)
  ->  Hash  (cost=83072.29..83072.29 rows=65 width=8) (actual time=605.974..605.974 rows=84 loops=1)
        Buckets: 1024  Batches: 1  Memory Usage: 12kB
        ->  Nested Loop  (cost=0.43..83072.29 rows=65 width=8) (actual time=11.843..605.889 rows=84 loops=1)
              ->  Seq Scan on movie_keyword mk  (cost=0.00..81003.12 rows=246 width=4) (actual time=2.290..602.456 rows=152 loops=1)
                    Filter: (keyword_id = 988)
                    Rows Removed by Filter: 4523778
              ->  Index Scan using title_pkey on title t  (cost=0.43..8.40 rows=1 width=4) (actual time=0.021..0.021 rows=1 loops=152)
                    Index Cond: (id = mk.movie_id)
                    Filter: (kind_id < 2)
                    Rows Removed by Filter: 0
Planning time: 1.112 ms
Execution time: 6435.240 ms
