Hash Join  (cost=595796.56..1685553.07 rows=9016539 width=0) (actual time=12606.371..34568.138 rows=6431971 loops=1)
  Hash Cond: (ci.movie_id = t.id)
  ->  Seq Scan on cast_info ci  (cost=0.00..705507.15 rows=16201301 width=4) (actual time=0.023..13558.271 rows=16121683 loops=1)
        Filter: (role_id > 2)
        Rows Removed by Filter: 20122661
  ->  Hash  (cost=572709.49..572709.49 rows=1407205 width=8) (actual time=12604.781..12604.781 rows=458388 loops=1)
        Buckets: 131072  Batches: 32  Memory Usage: 1579kB
        ->  Hash Join  (cost=77887.52..572709.49 rows=1407205 width=8) (actual time=1169.203..12442.430 rows=458388 loops=1)
              Hash Cond: (mi.movie_id = t.id)
              ->  Seq Scan on movie_info mi  (cost=0.00..309384.22 rows=14739122 width=4) (actual time=0.015..5077.143 rows=14835720 loops=1)
              ->  Hash  (cost=73925.90..73925.90 rows=241409 width=4) (actual time=1167.820..1167.820 rows=257849 loops=1)
                    Buckets: 131072  Batches: 4  Memory Usage: 3311kB
                    ->  Seq Scan on title t  (cost=0.00..73925.90 rows=241409 width=4) (actual time=0.035..1070.251 rows=257849 loops=1)
                          Filter: ((kind_id > 4) AND (production_year > 2010))
                          Rows Removed by Filter: 2270463
Planning time: 5.364 ms
Execution time: 35260.232 ms
