Hash Join  (cost=58358.90..139392.01 rows=1 width=0) (actual time=1802.347..2143.452 rows=1 loops=1)
  Hash Cond: (mk.movie_id = t.id)
  ->  Seq Scan on movie_keyword mk  (cost=0.00..81003.12 rows=7992 width=4) (actual time=0.131..1193.287 rows=7673 loops=1)
        Filter: (keyword_id = 7078)
        Rows Removed by Filter: 4516257
  ->  Hash  (cost=58358.27..58358.27 rows=51 width=8) (actual time=947.596..947.596 rows=527 loops=1)
        Buckets: 1024  Batches: 1  Memory Usage: 29kB
        ->  Nested Loop  (cost=0.43..58358.27 rows=51 width=8) (actual time=420.312..947.315 rows=527 loops=1)
              ->  Seq Scan on movie_companies mc  (cost=0.00..57926.93 rows=51 width=4) (actual time=420.257..928.114 rows=527 loops=1)
                    Filter: ((company_type_id < 2) AND (company_id = 2042))
                    Rows Removed by Filter: 2608602
              ->  Index Only Scan using title_pkey on title t  (cost=0.43..8.45 rows=1 width=4) (actual time=0.035..0.036 rows=1 loops=527)
                    Index Cond: (id = mc.movie_id)
                    Heap Fetches: 527
Planning time: 5.518 ms
Execution time: 2143.584 ms
