Hash Join  (cost=131386.47..1102500.11 rows=3247335 width=0) (actual time=2696.401..28680.676 rows=8182942 loops=1)
  Hash Cond: (ci.movie_id = t.id)
  ->  Seq Scan on cast_info ci  (cost=0.00..705507.15 rows=20024311 width=4) (actual time=0.011..14419.582 rows=20122661 loops=1)
        Filter: (role_id < 3)
        Rows Removed by Filter: 16121683
  ->  Hash  (cost=124658.84..124658.84 rows=410050 width=8) (actual time=2695.520..2695.520 rows=504823 loops=1)
        Buckets: 131072  Batches: 8  Memory Usage: 3499kB
        ->  Hash Join  (cost=79930.86..124658.84 rows=410050 width=8) (actual time=1298.689..2559.426 rows=504823 loops=1)
              Hash Cond: (mi_idx.movie_id = t.id)
              ->  Seq Scan on movie_info_idx mi_idx  (cost=0.00..21735.35 rows=1380035 width=4) (actual time=0.019..402.969 rows=1380035 loops=1)
              ->  Hash  (cost=67604.59..67604.59 rows=751302 width=4) (actual time=1297.723..1297.723 rows=755902 loops=1)
                    Buckets: 131072  Batches: 16  Memory Usage: 2685kB
                    ->  Seq Scan on title t  (cost=0.00..67604.59 rows=751302 width=4) (actual time=0.016..1050.018 rows=755902 loops=1)
                          Filter: (production_year < 1993)
                          Rows Removed by Filter: 1772410
Planning time: 1.168 ms
Execution time: 29660.988 ms
