Hash Join  (cost=81437.64..437698.53 rows=111551 width=0) (actual time=4877.854..6863.845 rows=65708 loops=1)
  Hash Cond: (mi.movie_id = t.id)
  ->  Seq Scan on movie_info mi  (cost=0.00..346232.03 rows=616095 width=4) (actual time=3586.643..4810.648 rows=598457 loops=1)
        Filter: (info_type_id = 15)
        Rows Removed by Filter: 14237263
  ->  Hash  (cost=73925.90..73925.90 rows=457819 width=4) (actual time=1236.746..1236.746 rows=344212 loops=1)
        Buckets: 131072  Batches: 8  Memory Usage: 2529kB
        ->  Seq Scan on title t  (cost=0.00..73925.90 rows=457819 width=4) (actual time=0.025..1121.759 rows=344212 loops=1)
              Filter: ((production_year < 1993) AND (kind_id = 7))
              Rows Removed by Filter: 2184100
Planning time: 0.928 ms
Execution time: 6872.633 ms
