Nested Loop  (cost=0.43..83071.67 rows=246 width=0) (actual time=7.958..1372.780 rows=188 loops=1)
  ->  Seq Scan on movie_keyword mk  (cost=0.00..81003.12 rows=246 width=4) (actual time=7.857..1364.516 rows=188 loops=1)
        Filter: (keyword_id = 2734)
        Rows Removed by Filter: 4523742
  ->  Index Only Scan using title_pkey on title t  (cost=0.43..8.40 rows=1 width=4) (actual time=0.040..0.041 rows=1 loops=188)
        Index Cond: (id = mk.movie_id)
        Heap Fetches: 188
Planning time: 0.708 ms
Execution time: 1372.974 ms
