Hash Join  (cost=207062.88..1310233.53 rows=6752550 width=0) (actual time=3580.980..33807.801 rows=6195296 loops=1)
  Hash Cond: (ci.movie_id = t.id)
  ->  Seq Scan on cast_info ci  (cost=0.00..614943.12 rows=36225612 width=4) (actual time=0.013..11759.188 rows=36244344 loops=1)
  ->  Hash  (cost=199329.33..199329.33 rows=471324 width=8) (actual time=3580.273..3580.273 rows=271879 loops=1)
        Buckets: 131072  Batches: 8  Memory Usage: 2363kB
        ->  Hash Join  (cost=98137.04..199329.33 rows=471324 width=8) (actual time=1672.627..3504.050 rows=271879 loops=1)
              Hash Cond: (mk.movie_id = t.id)
              ->  Seq Scan on movie_keyword mk  (cost=0.00..81003.12 rows=640386 width=4) (actual time=0.013..1182.425 rows=641726 loops=1)
                    Filter: (keyword_id < 498)
                    Rows Removed by Filter: 3882204
              ->  Hash  (cost=67604.59..67604.59 rows=1860996 width=4) (actual time=1671.546..1671.546 rows=1865487 loops=1)
                    Buckets: 131072  Batches: 32  Memory Usage: 3085kB
                    ->  Seq Scan on title t  (cost=0.00..67604.59 rows=1860996 width=4) (actual time=0.015..1067.400 rows=1865487 loops=1)
                          Filter: (kind_id > 1)
                          Rows Removed by Filter: 662825
Planning time: 0.868 ms
Execution time: 34501.709 ms
