Hash Join  (cost=75433.14..199437.68 rows=164350 width=0) (actual time=1110.618..4351.891 rows=677652 loops=1)
  Hash Cond: (mk.movie_id = t.id)
  ->  Seq Scan on movie_keyword mk  (cost=0.00..69693.30 rows=4523930 width=4) (actual time=0.018..1343.855 rows=4523930 loops=1)
  ->  Hash  (cost=73925.90..73925.90 rows=91859 width=4) (actual time=1109.714..1109.714 rows=191138 loops=1)
        Buckets: 131072 (originally 131072)  Batches: 4 (originally 2)  Memory Usage: 3073kB
        ->  Seq Scan on title t  (cost=0.00..73925.90 rows=91859 width=4) (actual time=0.148..1036.804 rows=191138 loops=1)
              Filter: ((kind_id < 7) AND (production_year < 1959))
              Rows Removed by Filter: 2337174
Planning time: 0.691 ms
Execution time: 4440.032 ms
