Hash Join  (cost=92883.59..205000.53 rows=808823 width=0) (actual time=2267.471..3914.268 rows=212729 loops=1)
  Hash Cond: (mk.movie_id = t.id)
  ->  Seq Scan on movie_keyword mk  (cost=0.00..81003.12 rows=1327317 width=4) (actual time=0.040..1316.442 rows=1342046 loops=1)
        Filter: (keyword_id > 12753)
        Rows Removed by Filter: 3181884
  ->  Hash  (cost=67604.59..67604.59 rows=1540800 width=4) (actual time=1630.767..1630.767 rows=1543264 loops=1)
        Buckets: 131072  Batches: 32  Memory Usage: 2728kB
        ->  Seq Scan on title t  (cost=0.00..67604.59 rows=1540800 width=4) (actual time=35.850..1119.824 rows=1543264 loops=1)
              Filter: (kind_id = 7)
              Rows Removed by Filter: 985048
Planning time: 0.681 ms
Execution time: 3942.050 ms
