Hash Join  (cost=116661.75..192973.02 rows=91475 width=0) (actual time=2068.437..4021.567 rows=413584 loops=1)
  Hash Cond: (mc.movie_id = t.id)
  ->  Seq Scan on movie_companies mc  (cost=0.00..44881.29 rows=2609129 width=4) (actual time=0.021..693.449 rows=2609129 loops=1)
  ->  Hash  (cost=115206.64..115206.64 rows=88649 width=8) (actual time=2067.718..2067.718 rows=124980 loops=1)
        Buckets: 131072  Batches: 2  Memory Usage: 3464kB
        ->  Hash Join  (cost=81904.04..115206.64 rows=88649 width=8) (actual time=1207.988..2023.932 rows=124980 loops=1)
              Hash Cond: (mi_idx.movie_id = t.id)
              ->  Seq Scan on movie_info_idx mi_idx  (cost=0.00..25185.44 rows=460978 width=4) (actual time=0.018..367.547 rows=459925 loops=1)
                    Filter: (info_type_id = 99)
                    Rows Removed by Filter: 920110
              ->  Hash  (cost=73925.90..73925.90 rows=486251 width=4) (actual time=1207.180..1207.180 rows=415864 loops=1)
                    Buckets: 131072  Batches: 8  Memory Usage: 2848kB
                    ->  Seq Scan on title t  (cost=0.00..73925.90 rows=486251 width=4) (actual time=0.022..1074.404 rows=415864 loops=1)
                          Filter: ((kind_id < 6) AND (production_year > 2002))
                          Rows Removed by Filter: 2112448
Planning time: 1.435 ms
Execution time: 4068.581 ms
