Seq Scan on movie_keyword mk  (cost=0.00..81003.12 rows=2831528 width=0) (actual time=0.025..998.125 rows=2820145 loops=1)
  Filter: (keyword_id < 8450)
  Rows Removed by Filter: 1703785
Planning time: 0.326 ms
Execution time: 1263.409 ms
