Nested Loop  (cost=0.43..128623.72 rows=6786 width=0) (actual time=0.346..917.705 rows=5392 loops=1)
  ->  Seq Scan on movie_keyword mk  (cost=0.00..81003.12 rows=6786 width=4) (actual time=0.281..787.802 rows=5392 loops=1)
        Filter: (keyword_id = 460)
        Rows Removed by Filter: 4518538
  ->  Index Only Scan using title_pkey on title t  (cost=0.43..7.01 rows=1 width=4) (actual time=0.023..0.023 rows=1 loops=5392)
        Index Cond: (id = mk.movie_id)
        Heap Fetches: 5392
Planning time: 0.659 ms
Execution time: 919.054 ms
