Nested Loop  (cost=0.43..83072.90 rows=1 width=0) (actual time=180.138..1186.221 rows=1 loops=1)
  ->  Seq Scan on movie_keyword mk  (cost=0.00..81003.12 rows=246 width=4) (actual time=2.226..1176.416 rows=259 loops=1)
        Filter: (keyword_id = 2037)
        Rows Removed by Filter: 4523671
  ->  Index Scan using title_pkey on title t  (cost=0.43..8.40 rows=1 width=4) (actual time=0.036..0.036 rows=0 loops=259)
        Index Cond: (id = mk.movie_id)
        Filter: ((kind_id = 7) AND (production_year = 1987))
        Rows Removed by Filter: 1
Planning time: 0.667 ms
Execution time: 1186.335 ms
