Hash Join  (cost=72707.20..562345.75 rows=1367166 width=0) (actual time=1117.204..12945.570 rows=2360516 loops=1)
  Hash Cond: (mi.movie_id = t.id)
  ->  Seq Scan on movie_info mi  (cost=0.00..346232.03 rows=11115165 width=4) (actual time=0.014..6326.765 rows=11210743 loops=1)
        Filter: (info_type_id > 3)
        Rows Removed by Filter: 3624977
  ->  Hash  (cost=67604.59..67604.59 rows=311009 width=4) (actual time=1116.478..1116.478 rows=309534 loops=1)
        Buckets: 131072  Batches: 8  Memory Usage: 2384kB
        ->  Seq Scan on title t  (cost=0.00..67604.59 rows=311009 width=4) (actual time=0.031..1010.046 rows=309534 loops=1)
              Filter: (production_year < 1966)
              Rows Removed by Filter: 2218778
Planning time: 0.729 ms
Execution time: 13205.073 ms
