Seq Scan on movie_companies mc  (cost=0.00..57926.93 rows=1166204 width=0) (actual time=0.018..1037.037 rows=1009510 loops=1)
  Filter: ((company_id < 91400) AND (company_type_id = 2))
  Rows Removed by Filter: 1599619
Planning time: 0.338 ms
Execution time: 1161.064 ms
