Hash Join  (cost=132831.99..1293965.42 rows=4650425 width=0) (actual time=2969.753..42738.469 rows=16823102 loops=1)
  Hash Cond: (ci.movie_id = t.id)
  ->  Seq Scan on cast_info ci  (cost=0.00..705507.15 rows=35270683 width=4) (actual time=0.024..17620.179 rows=35410103 loops=1)
        Filter: (person_id > 87689)
        Rows Removed by Filter: 834241
  ->  Hash  (cost=127361.67..127361.67 rows=333385 width=8) (actual time=2968.703..2968.703 rows=566032 loops=1)
        Buckets: 131072  Batches: 8  Memory Usage: 3802kB
        ->  Hash Join  (cost=83948.34..127361.67 rows=333385 width=8) (actual time=1619.142..2816.361 rows=566032 loops=1)
              Hash Cond: (mi_idx.movie_id = t.id)
              ->  Seq Scan on movie_info_idx mi_idx  (cost=0.00..21735.35 rows=1380035 width=4) (actual time=0.016..431.934 rows=1380035 loops=1)
              ->  Hash  (cost=73925.90..73925.90 rows=610835 width=4) (actual time=1546.056..1546.056 rows=508952 loops=1)
                    Buckets: 131072  Batches: 8  Memory Usage: 3276kB
                    ->  Seq Scan on title t  (cost=0.00..73925.90 rows=610835 width=4) (actual time=561.784..1387.555 rows=508952 loops=1)
                          Filter: ((production_year > 1942) AND (kind_id = 1))
                          Rows Removed by Filter: 2019360
Planning time: 1.194 ms
Execution time: 44509.040 ms
