Hash Join  (cost=73962.22..438787.48 rows=16934 width=0) (actual time=908.507..7462.142 rows=42953 loops=1)
  Hash Cond: (mi.movie_id = t.id)
  ->  Seq Scan on movie_info mi  (cost=0.00..309384.22 rows=14739122 width=4) (actual time=0.030..3473.783 rows=14835720 loops=1)
  ->  Hash  (cost=73925.90..73925.90 rows=2905 width=4) (actual time=907.475..907.475 rows=3835 loops=1)
        Buckets: 4096  Batches: 1  Memory Usage: 167kB
        ->  Seq Scan on title t  (cost=0.00..73925.90 rows=2905 width=4) (actual time=1.268..905.550 rows=3835 loops=1)
              Filter: ((kind_id < 7) AND (production_year = 1959))
              Rows Removed by Filter: 2524477
Planning time: 0.703 ms
Execution time: 7470.066 ms
