Hash Join  (cost=130129.11..948602.51 rows=45 width=0) (actual time=2676.651..12142.837 rows=51 loops=1)
  Hash Cond: (ci.movie_id = t.id)
  ->  Seq Scan on cast_info ci  (cost=0.00..796071.18 rows=5973806 width=4) (actual time=72.075..9787.439 rows=2534952 loops=1)
        Filter: ((person_id < 892850) AND (role_id > 1))
        Rows Removed by Filter: 33709392
  ->  Hash  (cost=130128.87..130128.87 rows=19 width=8) (actual time=2007.621..2007.621 rows=266 loops=1)
        Buckets: 1024  Batches: 1  Memory Usage: 19kB
        ->  Hash Join  (cost=73926.38..130128.87 rows=19 width=8) (actual time=1040.267..2007.425 rows=266 loops=1)
              Hash Cond: (mc.movie_id = t.id)
              ->  Seq Scan on movie_companies mc  (cost=0.00..51404.11 rows=1279517 width=4) (actual time=0.026..832.453 rows=1274246 loops=1)
                    Filter: (company_type_id < 2)
                    Rows Removed by Filter: 1334883
              ->  Hash  (cost=73925.90..73925.90 rows=38 width=4) (actual time=994.625..994.625 rows=145 loops=1)
                    Buckets: 1024  Batches: 1  Memory Usage: 14kB
                    ->  Seq Scan on title t  (cost=0.00..73925.90 rows=38 width=4) (actual time=303.086..994.495 rows=145 loops=1)
                          Filter: ((kind_id = 6) AND (production_year = 1979))
                          Rows Removed by Filter: 2528167
Planning time: 1.950 ms
Execution time: 12142.994 ms
