Hash Join  (cost=28267.94..114926.40 rows=43 width=0) (actual time=428.991..2139.934 rows=11948 loops=1)
  Hash Cond: (mk.movie_id = t.id)
  ->  Seq Scan on movie_keyword mk  (cost=0.00..69693.30 rows=4523930 width=4) (actual time=0.011..986.776 rows=4523930 loops=1)
  ->  Hash  (cost=28267.64..28267.64 rows=24 width=8) (actual time=410.911..410.911 rows=87 loops=1)
        Buckets: 1024  Batches: 1  Memory Usage: 12kB
        ->  Nested Loop  (cost=0.43..28267.64 rows=24 width=8) (actual time=148.615..410.855 rows=87 loops=1)
              ->  Seq Scan on movie_info_idx mi_idx  (cost=0.00..25185.44 rows=368 width=4) (actual time=148.519..405.740 rows=260 loops=1)
                    Filter: (info_type_id > 101)
                    Rows Removed by Filter: 1379775
              ->  Index Scan using title_pkey on title t  (cost=0.43..8.37 rows=1 width=4) (actual time=0.019..0.019 rows=0 loops=260)
                    Index Cond: (id = mi_idx.movie_id)
                    Filter: ((kind_id < 7) AND (production_year < 1973))
                    Rows Removed by Filter: 1
Planning time: 1.496 ms
Execution time: 2141.605 ms
