Hash Join  (cost=81720.25..177776.49 rows=265838 width=0) (actual time=1291.096..3201.946 rows=573469 loops=1)
  Hash Cond: (mk.movie_id = t.id)
  ->  Seq Scan on movie_keyword mk  (cost=0.00..81003.12 rows=781263 width=4) (actual time=0.010..1223.501 rows=784468 loops=1)
        Filter: (keyword_id < 750)
        Rows Removed by Filter: 3739462
  ->  Hash  (cost=67604.59..67604.59 rows=860373 width=4) (actual time=1289.349..1289.349 rows=854214 loops=1)
        Buckets: 131072  Batches: 16  Memory Usage: 2906kB
        ->  Seq Scan on title t  (cost=0.00..67604.59 rows=860373 width=4) (actual time=0.015..1011.418 rows=854214 loops=1)
              Filter: (kind_id < 4)
              Rows Removed by Filter: 1674098
Planning time: 0.466 ms
Execution time: 3271.744 ms
