Seq Scan on movie_keyword mk  (cost=0.00..81003.12 rows=1861062 width=0) (actual time=0.024..1343.635 rows=1866634 loops=1)
  Filter: (keyword_id > 7379)
  Rows Removed by Filter: 2657296
Planning time: 0.277 ms
Execution time: 1588.756 ms
