Hash Join  (cost=101707.31..729222.56 rows=12116542 width=0) (actual time=1802.048..18719.181 rows=11214716 loops=1)
  Hash Cond: (mi.movie_id = t.id)
  ->  Seq Scan on movie_info mi  (cost=0.00..309384.22 rows=14739122 width=4) (actual time=0.012..5047.567 rows=14835720 loops=1)
  ->  Hash  (cost=67604.59..67604.59 rows=2078618 width=4) (actual time=1800.618..1800.618 rows=2074788 loops=1)
        Buckets: 131072  Batches: 32  Memory Usage: 3318kB
        ->  Seq Scan on title t  (cost=0.00..67604.59 rows=2078618 width=4) (actual time=0.010..1113.017 rows=2074788 loops=1)
              Filter: (production_year > 1970)
              Rows Removed by Filter: 453524
Planning time: 0.736 ms
Execution time: 19942.095 ms
