Seq Scan on cast_info ci  (cost=0.00..705507.15 rows=4326772 width=0) (actual time=458.822..9231.451 rows=4194219 loops=1)
  Filter: (person_id < 403644)
  Rows Removed by Filter: 32050125
Planning time: 0.310 ms
Execution time: 9767.913 ms
