Seq Scan on cast_info ci  (cost=0.00..705507.15 rows=500 width=0) (actual time=149.451..10139.989 rows=468 loops=1)
  Filter: (person_id = 2856871)
  Rows Removed by Filter: 36243876
Planning time: 0.381 ms
Execution time: 10140.159 ms
