Hash Join  (cost=81530.55..176478.14 rows=239122 width=0) (actual time=1329.603..3165.956 rows=326742 loops=1)
  Hash Cond: (mk.movie_id = t.id)
  ->  Seq Scan on movie_keyword mk  (cost=0.00..81003.12 rows=712333 width=4) (actual time=0.038..1241.388 rows=711658 loops=1)
        Filter: (keyword_id < 613)
        Rows Removed by Filter: 3812272
  ->  Hash  (cost=67604.59..67604.59 rows=848797 width=4) (actual time=1328.533..1328.533 rows=849141 loops=1)
        Buckets: 131072  Batches: 16  Memory Usage: 2899kB
        ->  Seq Scan on title t  (cost=0.00..67604.59 rows=848797 width=4) (actual time=0.013..1046.141 rows=849141 loops=1)
              Filter: (production_year < 1996)
              Rows Removed by Filter: 1679171
Planning time: 0.713 ms
Execution time: 3205.912 ms
