Seq Scan on movie_keyword mk  (cost=0.00..81003.12 rows=3937265 width=0) (actual time=0.037..1437.695 rows=3938381 loops=1)
  Filter: (keyword_id < 31341)
  Rows Removed by Filter: 585549
Planning time: 0.312 ms
Execution time: 1930.797 ms
