Seq Scan on cast_info ci  (cost=0.00..705507.15 rows=500 width=0) (actual time=4781.983..9840.212 rows=9 loops=1)
  Filter: (person_id = 1469200)
  Rows Removed by Filter: 36244335
Planning time: 0.390 ms
Execution time: 9840.339 ms
