Seq Scan on movie_keyword mk  (cost=0.00..81003.12 rows=3965958 width=0) (actual time=0.014..1413.137 rows=3969016 loops=1)
  Filter: (keyword_id < 33162)
  Rows Removed by Filter: 554914
Planning time: 0.278 ms
Execution time: 1913.695 ms
