Hash Join  (cost=67697.55..887532.92 rows=18494 width=0) (actual time=925.442..16537.759 rows=28168 loops=1)
  Hash Cond: (ci.movie_id = t.id)
  ->  Seq Scan on cast_info ci  (cost=0.00..796071.18 rows=6287801 width=4) (actual time=0.009..13949.303 rows=7800675 loops=1)
        Filter: ((person_id > 1189502) AND (role_id > 4))
        Rows Removed by Filter: 28443669
  ->  Hash  (cost=67604.59..67604.59 rows=7437 width=4) (actual time=924.462..924.462 rows=14349 loops=1)
        Buckets: 16384 (originally 8192)  Batches: 1 (originally 1)  Memory Usage: 633kB
        ->  Seq Scan on title t  (cost=0.00..67604.59 rows=7437 width=4) (actual time=0.012..917.802 rows=14349 loops=1)
              Filter: (production_year = 1969)
              Rows Removed by Filter: 2513963
Planning time: 0.512 ms
Execution time: 16542.883 ms
