Hash Join  (cost=102767.86..281063.15 rows=3632749 width=0) (actual time=2340.533..6841.708 rows=3627342 loops=1)
  Hash Cond: (mk.movie_id = t.id)
  ->  Seq Scan on movie_keyword mk  (cost=0.00..81003.12 rows=3632749 width=4) (actual time=0.021..1524.631 rows=3627342 loops=1)
        Filter: (keyword_id > 847)
        Rows Removed by Filter: 896588
  ->  Hash  (cost=61283.27..61283.27 rows=2528527 width=4) (actual time=2338.975..2338.975 rows=2528312 loops=1)
        Buckets: 131072  Batches: 64  Memory Usage: 2425kB
        ->  Seq Scan on title t  (cost=0.00..61283.27 rows=2528527 width=4) (actual time=0.023..975.831 rows=2528312 loops=1)
Planning time: 0.667 ms
Execution time: 7276.056 ms
