Hash Join  (cost=52284.99..79196.04 rows=57 width=0) (actual time=982.188..1543.188 rows=744 loops=1)
  Hash Cond: (mi_idx.movie_id = t.id)
  ->  Seq Scan on movie_info_idx mi_idx  (cost=0.00..21735.35 rows=1380035 width=4) (actual time=0.016..297.993 rows=1380035 loops=1)
  ->  Hash  (cost=52283.69..52283.69 rows=104 width=8) (actual time=979.704..979.704 rows=1482 loops=1)
        Buckets: 2048 (originally 1024)  Batches: 1 (originally 1)  Memory Usage: 74kB
        ->  Nested Loop  (cost=0.43..52283.69 rows=104 width=8) (actual time=7.282..978.787 rows=1482 loops=1)
              ->  Seq Scan on movie_companies mc  (cost=0.00..51404.11 rows=104 width=4) (actual time=7.213..931.735 rows=1482 loops=1)
                    Filter: (company_id = 2281)
                    Rows Removed by Filter: 2607647
              ->  Index Only Scan using title_pkey on title t  (cost=0.43..8.45 rows=1 width=4) (actual time=0.030..0.031 rows=1 loops=1482)
                    Index Cond: (id = mc.movie_id)
                    Heap Fetches: 1482
Planning time: 1.103 ms
Execution time: 1543.411 ms
