Hash Join  (cost=130677.60..225259.64 rows=16466 width=0) (actual time=1953.665..4098.063 rows=691667 loops=1)
  Hash Cond: (mk.movie_id = t.id)
  ->  Seq Scan on movie_keyword mk  (cost=0.00..81003.12 rows=3577136 width=4) (actual time=0.035..1431.115 rows=3562603 loops=1)
        Filter: (keyword_id < 19775)
        Rows Removed by Filter: 961327
  ->  Hash  (cost=130532.11..130532.11 rows=11639 width=8) (actual time=1952.839..1952.839 rows=19986 loops=1)
        Buckets: 32768 (originally 16384)  Batches: 1 (originally 1)  Memory Usage: 1037kB
        ->  Hash Join  (cost=74213.42..130532.11 rows=11639 width=8) (actual time=971.395..1945.605 rows=19986 loops=1)
              Hash Cond: (mc.movie_id = t.id)
              ->  Seq Scan on movie_companies mc  (cost=0.00..51404.11 rows=1279517 width=4) (actual time=50.929..798.345 rows=1274246 loops=1)
                    Filter: (company_type_id < 2)
                    Rows Removed by Filter: 1334883
              ->  Hash  (cost=73925.90..73925.90 rows=23001 width=4) (actual time=920.211..920.211 rows=17208 loops=1)
                    Buckets: 32768  Batches: 1  Memory Usage: 861kB
                    ->  Seq Scan on title t  (cost=0.00..73925.90 rows=23001 width=4) (actual time=0.817..912.379 rows=17208 loops=1)
                          Filter: ((kind_id < 4) AND (production_year = 2003))
                          Rows Removed by Filter: 2511104
Planning time: 1.052 ms
Execution time: 4184.426 ms
