Hash Join  (cost=98137.04..929772.02 rows=1032294 width=0) (actual time=8501.627..14957.536 rows=1960170 loops=1)
  Hash Cond: (ci.movie_id = t.id)
  ->  Seq Scan on cast_info ci  (cost=0.00..796071.18 rows=1402573 width=4) (actual time=6763.530..10655.570 rows=2789135 loops=1)
        Filter: ((person_id < 370714) AND (role_id = 1))
        Rows Removed by Filter: 33455209
  ->  Hash  (cost=67604.59..67604.59 rows=1860996 width=4) (actual time=1737.071..1737.071 rows=1865487 loops=1)
        Buckets: 131072  Batches: 32  Memory Usage: 3079kB
        ->  Seq Scan on title t  (cost=0.00..67604.59 rows=1860996 width=4) (actual time=0.020..1149.204 rows=1865487 loops=1)
              Filter: (kind_id > 1)
              Rows Removed by Filter: 662825
Planning time: 0.564 ms
Execution time: 15186.264 ms
