Seq Scan on movie_keyword mk  (cost=0.00..81003.12 rows=160062 width=0) (actual time=0.168..1197.812 rows=156382 loops=1)
  Filter: (keyword_id > 73241)
  Rows Removed by Filter: 4367548
Planning time: 0.284 ms
Execution time: 1219.925 ms
