Seq Scan on title t  (cost=0.00..73925.90 rows=20742 width=0) (actual time=0.023..895.486 rows=51721 loops=1)
  Filter: ((kind_id < 7) AND (production_year < 1914))
  Rows Removed by Filter: 2476591
Planning time: 0.330 ms
Execution time: 902.895 ms
