Hash Join  (cost=102767.86..286200.56 rows=3846251 width=0) (actual time=2264.721..7685.467 rows=3839312 loops=1)
  Hash Cond: (mk.movie_id = t.id)
  ->  Seq Scan on movie_keyword mk  (cost=0.00..81003.12 rows=3846251 width=4) (actual time=0.017..1638.273 rows=3839312 loops=1)
        Filter: (keyword_id < 27506)
        Rows Removed by Filter: 684618
  ->  Hash  (cost=61283.27..61283.27 rows=2528527 width=4) (actual time=2263.167..2263.167 rows=2528312 loops=1)
        Buckets: 131072  Batches: 64  Memory Usage: 2425kB
        ->  Seq Scan on title t  (cost=0.00..61283.27 rows=2528527 width=4) (actual time=0.020..874.732 rows=2528312 loops=1)
Planning time: 5.582 ms
Execution time: 8109.472 ms
