Seq Scan on cast_info ci  (cost=0.00..705507.15 rows=14018713 width=0) (actual time=1765.567..11235.769 rows=14200032 loops=1)
  Filter: (person_id > 2245098)
  Rows Removed by Filter: 22044312
Planning time: 0.223 ms
Execution time: 13029.837 ms
