Hash Join  (cost=465659.97..547306.31 rows=478482 width=0) (actual time=6850.636..9674.191 rows=1933919 loops=1)
  Hash Cond: (mc.movie_id = t.id)
  ->  Seq Scan on movie_companies mc  (cost=0.00..44881.29 rows=2609129 width=4) (actual time=0.031..866.424 rows=2609129 loops=1)
  ->  Hash  (cost=458051.72..458051.72 rows=463700 width=8) (actual time=6849.467..6849.467 rows=858333 loops=1)
        Buckets: 131072 (originally 131072)  Batches: 16 (originally 8)  Memory Usage: 3118kB
        ->  Hash Join  (cost=88195.18..458051.72 rows=463700 width=8) (actual time=1945.776..6660.861 rows=858333 loops=1)
              Hash Cond: (mi.movie_id = t.id)
              ->  Seq Scan on movie_info mi  (cost=0.00..346232.03 rows=1348138 width=4) (actual time=533.599..4361.848 rows=1298989 loops=1)
                    Filter: (info_type_id = 4)
                    Rows Removed by Filter: 13536731
              ->  Hash  (cost=73925.90..73925.90 rows=869702 width=4) (actual time=1411.361..1411.361 rows=896788 loops=1)
                    Buckets: 131072  Batches: 16  Memory Usage: 3007kB
                    ->  Seq Scan on title t  (cost=0.00..73925.90 rows=869702 width=4) (actual time=0.035..1129.885 rows=896788 loops=1)
                          Filter: ((kind_id < 7) AND (production_year < 2012))
                          Rows Removed by Filter: 1631524
Planning time: 1.197 ms
Execution time: 9922.921 ms
