Seq Scan on movie_companies mc  (cost=0.00..51404.11 rows=104 width=0) (actual time=199.817..735.065 rows=1 loops=1)
  Filter: (company_id = 205108)
  Rows Removed by Filter: 2609128
Planning time: 3.109 ms
Execution time: 735.144 ms
