Hash Join  (cost=100972.04..155668.40 rows=3083 width=0) (actual time=1645.523..2739.687 rows=8049 loops=1)
  Hash Cond: (mc.movie_id = t.id)
  ->  Seq Scan on movie_companies mc  (cost=0.00..44881.29 rows=2609129 width=4) (actual time=0.023..599.685 rows=2609129 loops=1)
  ->  Hash  (cost=100934.69..100934.69 rows=2988 width=8) (actual time=1644.330..1644.330 rows=3390 loops=1)
        Buckets: 4096  Batches: 1  Memory Usage: 165kB
        ->  Hash Join  (cost=73994.33..100934.69 rows=2988 width=8) (actual time=1082.160..1643.127 rows=3390 loops=1)
              Hash Cond: (mi_idx.movie_id = t.id)
              ->  Seq Scan on movie_info_idx mi_idx  (cost=0.00..21735.35 rows=1380035 width=4) (actual time=0.011..283.842 rows=1380035 loops=1)
              ->  Hash  (cost=73925.90..73925.90 rows=5474 width=4) (actual time=1082.001..1082.001 rows=10394 loops=1)
                    Buckets: 16384 (originally 8192)  Batches: 1 (originally 1)  Memory Usage: 494kB
                    ->  Seq Scan on title t  (cost=0.00..73925.90 rows=5474 width=4) (actual time=0.117..1076.880 rows=10394 loops=1)
                          Filter: ((kind_id > 1) AND (production_year = 1970))
                          Rows Removed by Filter: 2517918
Planning time: 1.189 ms
Execution time: 2741.100 ms
