Seq Scan on movie_companies mc  (cost=0.00..57926.93 rows=1066 width=0) (actual time=10.767..786.577 rows=79 loops=1)
  Filter: ((company_type_id < 2) AND (company_id = 1435))
  Rows Removed by Filter: 2609050
Planning time: 0.353 ms
Execution time: 786.724 ms
