Hash Join  (cost=103544.03..207535.33 rows=1862837 width=0) (actual time=2564.237..5366.720 rows=1287264 loops=1)
  Hash Cond: (mc.movie_id = t.id)
  ->  Seq Scan on movie_companies mc  (cost=0.00..44881.29 rows=2609129 width=4) (actual time=0.012..848.384 rows=2609129 loops=1)
  ->  Hash  (cost=73925.90..73925.90 rows=1805290 width=4) (actual time=2563.088..2563.088 rows=1799907 loops=1)
        Buckets: 131072  Batches: 32  Memory Usage: 3007kB
        ->  Seq Scan on title t  (cost=0.00..73925.90 rows=1805290 width=4) (actual time=0.021..1414.698 rows=1799907 loops=1)
              Filter: ((kind_id > 1) AND (production_year > 1897))
              Rows Removed by Filter: 728405
Planning time: 0.720 ms
Execution time: 5511.325 ms
