Seq Scan on title t  (cost=0.00..73925.90 rows=12205 width=0) (actual time=0.096..907.839 rows=8293 loops=1)
  Filter: ((kind_id < 3) AND (production_year = 1997))
  Rows Removed by Filter: 2520019
Planning time: 0.358 ms
Execution time: 909.764 ms
