Hash Join  (cost=174164.03..1178445.12 rows=5611573 width=0) (actual time=4315.704..31101.039 rows=12474628 loops=1)
  Hash Cond: (ci.movie_id = t.id)
  ->  Seq Scan on cast_info ci  (cost=0.00..705507.15 rows=20755522 width=4) (actual time=0.028..13037.227 rows=20901501 loops=1)
        Filter: (person_id > 1511731)
        Rows Removed by Filter: 15342843
  ->  Hash  (cost=162947.71..162947.71 rows=683626 width=8) (actual time=4314.650..4314.650 rows=524576 loops=1)
        Buckets: 131072  Batches: 16  Memory Usage: 2280kB
        ->  Hash Join  (cost=78473.92..162947.71 rows=683626 width=8) (actual time=1227.747..4151.731 rows=524576 loops=1)
              Hash Cond: (mc.movie_id = t.id)
              ->  Seq Scan on movie_companies mc  (cost=0.00..44881.29 rows=2609129 width=4) (actual time=0.025..753.955 rows=2609129 loops=1)
              ->  Hash  (cost=67604.59..67604.59 rows=662507 width=4) (actual time=1226.442..1226.442 rows=662065 loops=1)
                    Buckets: 131072  Batches: 16  Memory Usage: 2481kB
                    ->  Seq Scan on title t  (cost=0.00..67604.59 rows=662507 width=4) (actual time=0.017..1013.981 rows=662065 loops=1)
                          Filter: (production_year > 2008)
                          Rows Removed by Filter: 1866247
Planning time: 1.376 ms
Execution time: 32570.964 ms
