Hash Join  (cost=190002.71..1255129.52 rows=3049163 width=0) (actual time=3755.992..31976.764 rows=1560432 loops=1)
  Hash Cond: (ci.movie_id = t.id)
  ->  Seq Scan on cast_info ci  (cost=0.00..614943.12 rows=36225612 width=4) (actual time=0.026..11252.271 rows=36244344 loops=1)
  ->  Hash  (cost=186510.33..186510.33 rows=212830 width=8) (actual time=3754.887..3754.887 rows=52179 loops=1)
        Buckets: 131072  Batches: 4  Memory Usage: 1548kB
        ->  Hash Join  (cost=92883.59..186510.33 rows=212830 width=8) (actual time=2102.622..3736.515 rows=52179 loops=1)
              Hash Cond: (mk.movie_id = t.id)
              ->  Seq Scan on movie_keyword mk  (cost=0.00..81003.12 rows=349264 width=4) (actual time=0.029..1244.551 rows=363692 loops=1)
                    Filter: (keyword_id < 335)
                    Rows Removed by Filter: 4160238
              ->  Hash  (cost=67604.59..67604.59 rows=1540800 width=4) (actual time=2029.515..2029.515 rows=1543264 loops=1)
                    Buckets: 131072  Batches: 32  Memory Usage: 2728kB
                    ->  Seq Scan on title t  (cost=0.00..67604.59 rows=1540800 width=4) (actual time=0.014..1036.071 rows=1543264 loops=1)
                          Filter: (kind_id = 7)
                          Rows Removed by Filter: 985048
Planning time: 1.103 ms
Execution time: 32171.276 ms
