Hash Join  (cost=102767.86..1068130.78 rows=6624969 width=0) (actual time=8075.161..23477.440 rows=8805674 loops=1)
  Hash Cond: (ci.movie_id = t.id)
  ->  Seq Scan on cast_info ci  (cost=0.00..796071.18 rows=6624969 width=4) (actual time=6371.619..12670.417 rows=8805674 loops=1)
        Filter: ((person_id > 1625189) AND (role_id > 3))
        Rows Removed by Filter: 27438670
  ->  Hash  (cost=61283.27..61283.27 rows=2528527 width=4) (actual time=1701.500..1701.500 rows=2528312 loops=1)
        Buckets: 131072  Batches: 64  Memory Usage: 2415kB
        ->  Seq Scan on title t  (cost=0.00..61283.27 rows=2528527 width=4) (actual time=0.014..863.110 rows=2528312 loops=1)
Planning time: 0.394 ms
Execution time: 24455.438 ms
