Hash Join  (cost=52284.99..138944.89 rows=186 width=0) (actual time=935.672..2496.938 rows=8685 loops=1)
  Hash Cond: (mk.movie_id = t.id)
  ->  Seq Scan on movie_keyword mk  (cost=0.00..69693.30 rows=4523930 width=4) (actual time=0.020..936.361 rows=4523930 loops=1)
  ->  Hash  (cost=52283.69..52283.69 rows=104 width=8) (actual time=787.824..787.824 rows=107 loops=1)
        Buckets: 1024  Batches: 1  Memory Usage: 13kB
        ->  Nested Loop  (cost=0.43..52283.69 rows=104 width=8) (actual time=320.575..787.727 rows=107 loops=1)
              ->  Seq Scan on movie_companies mc  (cost=0.00..51404.11 rows=104 width=4) (actual time=320.461..784.892 rows=107 loops=1)
                    Filter: (company_id = 4373)
                    Rows Removed by Filter: 2609022
              ->  Index Only Scan using title_pkey on title t  (cost=0.43..8.45 rows=1 width=4) (actual time=0.024..0.024 rows=1 loops=107)
                    Index Cond: (id = mc.movie_id)
                    Heap Fetches: 107
Planning time: 1.384 ms
Execution time: 2498.149 ms
