Nested Loop  (cost=0.43..798789.03 rows=71 width=0) (actual time=589.859..12834.557 rows=600 loops=1)
  ->  Seq Scan on cast_info ci  (cost=0.00..796071.18 rows=324 width=4) (actual time=589.774..12816.947 rows=605 loops=1)
        Filter: ((role_id > 1) AND (person_id = 2938164))
        Rows Removed by Filter: 36243739
  ->  Index Scan using title_pkey on title t  (cost=0.43..8.38 rows=1 width=4) (actual time=0.028..0.028 rows=1 loops=605)
        Index Cond: (id = ci.movie_id)
        Filter: ((production_year > 2006) AND (kind_id = 7))
        Rows Removed by Filter: 0
Planning time: 0.750 ms
Execution time: 12834.829 ms
