Nested Loop  (cost=0.43..797488.46 rows=118 width=0) (actual time=7650.787..12355.431 rows=1 loops=1)
  ->  Seq Scan on cast_info ci  (cost=0.00..796071.18 rows=168 width=4) (actual time=7650.696..12355.333 rows=1 loops=1)
        Filter: ((role_id > 3) AND (person_id = 3524283))
        Rows Removed by Filter: 36244343
  ->  Index Scan using title_pkey on title t  (cost=0.43..8.43 rows=1 width=4) (actual time=0.063..0.064 rows=1 loops=1)
        Index Cond: (id = ci.movie_id)
        Filter: (kind_id > 2)
Planning time: 0.737 ms
Execution time: 12355.534 ms
