Hash Join  (cost=116873.47..240765.17 rows=155066 width=0) (actual time=2033.244..4800.043 rows=935035 loops=1)
  Hash Cond: (mk.movie_id = t.id)
  ->  Seq Scan on movie_keyword mk  (cost=0.00..69693.30 rows=4523930 width=4) (actual time=0.014..1197.580 rows=4523930 loops=1)
  ->  Hash  (cost=115451.09..115451.09 rows=86670 width=8) (actual time=2032.313..2032.313 rows=101091 loops=1)
        Buckets: 131072  Batches: 2  Memory Usage: 2998kB
        ->  Hash Join  (cost=77838.49..115451.09 rows=86670 width=8) (actual time=1210.650..1996.903 rows=101091 loops=1)
              Hash Cond: (mi_idx.movie_id = t.id)
              ->  Seq Scan on movie_info_idx mi_idx  (cost=0.00..25185.44 rows=919057 width=4) (actual time=0.028..466.691 rows=920110 loops=1)
                    Filter: (info_type_id > 99)
                    Rows Removed by Filter: 459925
              ->  Hash  (cost=73925.90..73925.90 rows=238447 width=4) (actual time=1075.088..1075.088 rows=200165 loops=1)
                    Buckets: 131072  Batches: 4  Memory Usage: 2784kB
                    ->  Seq Scan on title t  (cost=0.00..73925.90 rows=238447 width=4) (actual time=0.027..1013.725 rows=200165 loops=1)
                          Filter: ((production_year > 2006) AND (kind_id = 1))
                          Rows Removed by Filter: 2328147
Planning time: 1.183 ms
Execution time: 4888.017 ms
