Hash Join  (cost=76444.38..201792.38 rows=274596 width=0) (actual time=1215.774..4306.620 rows=215166 loops=1)
  Hash Cond: (mk.movie_id = t.id)
  ->  Seq Scan on movie_keyword mk  (cost=0.00..69693.30 rows=4523930 width=4) (actual time=0.018..1427.159 rows=4523930 loops=1)
  ->  Hash  (cost=73925.90..73925.90 rows=153478 width=4) (actual time=1215.054..1215.054 rows=134760 loops=1)
        Buckets: 131072  Batches: 4  Memory Usage: 2222kB
        ->  Seq Scan on title t  (cost=0.00..73925.90 rows=153478 width=4) (actual time=0.027..1167.693 rows=134760 loops=1)
              Filter: ((kind_id < 7) AND (production_year > 2010))
              Rows Removed by Filter: 2393552
Planning time: 0.827 ms
Execution time: 4333.674 ms
