Seq Scan on cast_info ci  (cost=0.00..796071.18 rows=8151506 width=0) (actual time=0.020..12167.124 rows=12673933 loops=1)
  Filter: ((person_id > 2413357) AND (role_id > 1))
  Rows Removed by Filter: 23570411
Planning time: 0.378 ms
Execution time: 13702.184 ms
