Hash Join  (cost=285215.92..1712314.23 rows=33877619 width=0) (actual time=5903.746..41829.507 rows=35495993 loops=1)
  Hash Cond: (ci.movie_id = t.id)
  ->  Seq Scan on cast_info ci  (cost=0.00..614943.12 rows=36225612 width=4) (actual time=0.028..11777.518 rows=36244344 loops=1)
  ->  Hash  (cost=246420.95..246420.95 rows=2364638 width=8) (actual time=5902.163..5902.163 rows=1317349 loops=1)
        Buckets: 131072  Batches: 32  Memory Usage: 2605kB
        ->  Hash Join  (cost=95609.53..246420.95 rows=2364638 width=8) (actual time=1704.819..5546.725 rows=1317349 loops=1)
              Hash Cond: (mk.movie_id = t.id)
              ->  Seq Scan on movie_keyword mk  (cost=0.00..69693.30 rows=4523930 width=4) (actual time=0.015..1407.211 rows=4523930 loops=1)
              ->  Hash  (cost=73925.90..73925.90 rows=1321650 width=4) (actual time=1703.406..1703.406 rows=1298128 loops=1)
                    Buckets: 131072  Batches: 32  Memory Usage: 2456kB
                    ->  Seq Scan on title t  (cost=0.00..73925.90 rows=1321650 width=4) (actual time=0.022..1249.875 rows=1298128 loops=1)
                          Filter: ((kind_id > 1) AND (production_year < 2009))
                          Rows Removed by Filter: 1230184
Planning time: 1.101 ms
Execution time: 45219.035 ms
