Seq Scan on title t  (cost=0.00..67604.59 rows=60685 width=0) (actual time=0.023..883.193 rows=59847 loops=1)
  Filter: (production_year < 1915)
  Rows Removed by Filter: 2468465
Planning time: 0.283 ms
Execution time: 891.746 ms
