Nested Loop  (cost=0.43..83072.29 rows=181 width=0) (actual time=7.904..1202.137 rows=324 loops=1)
  ->  Seq Scan on movie_keyword mk  (cost=0.00..81003.12 rows=246 width=4) (actual time=0.194..1136.801 rows=1938 loops=1)
        Filter: (keyword_id = 1878)
        Rows Removed by Filter: 4521992
  ->  Index Scan using title_pkey on title t  (cost=0.43..8.40 rows=1 width=4) (actual time=0.033..0.033 rows=0 loops=1938)
        Index Cond: (id = mk.movie_id)
        Filter: (kind_id > 1)
        Rows Removed by Filter: 1
Planning time: 0.746 ms
Execution time: 1202.358 ms
