Hash Join  (cost=197247.95..241112.90 rows=359747 width=0) (actual time=3842.708..5088.303 rows=542632 loops=1)
  Hash Cond: (mi_idx.movie_id = t.id)
  ->  Seq Scan on movie_info_idx mi_idx  (cost=0.00..21735.35 rows=1380035 width=4) (actual time=0.019..411.843 rows=1380035 loops=1)
  ->  Hash  (cost=186433.75..186433.75 rows=659136 width=8) (actual time=3840.499..3840.499 rows=419579 loops=1)
        Buckets: 131072  Batches: 16  Memory Usage: 2040kB
        ->  Hash Join  (cost=102767.86..186433.75 rows=659136 width=8) (actual time=2193.110..3715.926 rows=419579 loops=1)
              Hash Cond: (mc.movie_id = t.id)
              ->  Seq Scan on movie_companies mc  (cost=0.00..57926.93 rows=659136 width=4) (actual time=127.625..918.265 rows=419579 loops=1)
                    Filter: ((company_id < 11241) AND (company_type_id > 1))
                    Rows Removed by Filter: 2189550
              ->  Hash  (cost=61283.27..61283.27 rows=2528527 width=4) (actual time=2064.219..2064.219 rows=2528312 loops=1)
                    Buckets: 131072  Batches: 64  Memory Usage: 2415kB
                    ->  Seq Scan on title t  (cost=0.00..61283.27 rows=2528527 width=4) (actual time=0.026..937.903 rows=2528312 loops=1)
Planning time: 1.095 ms
Execution time: 5157.104 ms
