Hash Join  (cost=106582.50..488940.36 rows=58969 width=0) (actual time=1769.690..9074.001 rows=210706 loops=1)
  Hash Cond: (mi.movie_id = t.id)
  ->  Seq Scan on movie_info mi  (cost=0.00..346232.03 rows=9476311 width=4) (actual time=0.021..5229.518 rows=9565151 loops=1)
        Filter: (info_type_id < 16)
        Rows Removed by Filter: 5270569
  ->  Hash  (cost=106385.82..106385.82 rows=15734 width=8) (actual time=1765.590..1765.590 rows=27598 loops=1)
        Buckets: 32768 (originally 16384)  Batches: 1 (originally 1)  Memory Usage: 1335kB
        ->  Hash Join  (cost=75330.54..106385.82 rows=15734 width=8) (actual time=1123.966..1754.656 rows=27598 loops=1)
              Hash Cond: (mi_idx.movie_id = t.id)
              ->  Seq Scan on movie_info_idx mi_idx  (cost=0.00..25185.44 rows=464934 width=4) (actual time=0.016..412.628 rows=460185 loops=1)
                    Filter: (info_type_id > 100)
                    Rows Removed by Filter: 919850
              ->  Hash  (cost=73925.90..73925.90 rows=85571 width=4) (actual time=1123.195..1123.195 rows=117409 loops=1)
                    Buckets: 131072  Batches: 2  Memory Usage: 3086kB
                    ->  Seq Scan on title t  (cost=0.00..73925.90 rows=85571 width=4) (actual time=0.012..1081.520 rows=117409 loops=1)
                          Filter: ((production_year > 1983) AND (kind_id = 4))
                          Rows Removed by Filter: 2410903
Planning time: 1.138 ms
Execution time: 9104.268 ms
