Hash Join  (cost=217537.53..734057.67 rows=3440821 width=0) (actual time=4156.401..21724.047 rows=23197694 loops=1)
  Hash Cond: (mi.movie_id = t.id)
  ->  Seq Scan on movie_info mi  (cost=0.00..309384.22 rows=14739122 width=4) (actual time=0.021..5637.561 rows=14835720 loops=1)
  ->  Hash  (cost=207853.03..207853.03 rows=590280 width=8) (actual time=4155.536..4155.536 rows=597043 loops=1)
        Buckets: 131072  Batches: 8  Memory Usage: 4017kB
        ->  Hash Join  (cost=102767.86..207853.03 rows=590280 width=8) (actual time=1789.489..3961.847 rows=597043 loops=1)
              Hash Cond: (mk.movie_id = t.id)
              ->  Seq Scan on movie_keyword mk  (cost=0.00..81003.12 rows=590280 width=4) (actual time=0.028..1248.462 rows=597043 loops=1)
                    Filter: (keyword_id < 438)
                    Rows Removed by Filter: 3926887
              ->  Hash  (cost=61283.27..61283.27 rows=2528527 width=4) (actual time=1788.207..1788.207 rows=2528312 loops=1)
                    Buckets: 131072  Batches: 64  Memory Usage: 2425kB
                    ->  Seq Scan on title t  (cost=0.00..61283.27 rows=2528527 width=4) (actual time=0.013..942.410 rows=2528312 loops=1)
Planning time: 1.062 ms
Execution time: 24275.388 ms
