Hash Join  (cost=215032.43..746322.13 rows=4824980 width=0) (actual time=4835.424..40895.346 rows=99753154 loops=1)
  Hash Cond: (mi.movie_id = t.id)
  ->  Seq Scan on movie_info mi  (cost=0.00..309384.22 rows=14739122 width=4) (actual time=0.024..5582.815 rows=14835720 loops=1)
  ->  Hash  (cost=201451.74..201451.74 rows=827735 width=8) (actual time=4830.688..4830.688 rows=1840340 loops=1)
        Buckets: 131072 (originally 131072)  Batches: 32 (originally 16)  Memory Usage: 3345kB
        ->  Hash Join  (cost=83810.17..201451.74 rows=827735 width=8) (actual time=1426.285..4322.662 rows=1840340 loops=1)
              Hash Cond: (mk.movie_id = t.id)
              ->  Seq Scan on movie_keyword mk  (cost=0.00..81003.12 rows=2118957 width=4) (actual time=0.026..1359.375 rows=2121880 loops=1)
                    Filter: (keyword_id < 3901)
                    Rows Removed by Filter: 2402050
              ->  Hash  (cost=67604.59..67604.59 rows=987727 width=4) (actual time=1425.389..1425.389 rows=985048 loops=1)
                    Buckets: 131072  Batches: 16  Memory Usage: 3197kB
                    ->  Seq Scan on title t  (cost=0.00..67604.59 rows=987727 width=4) (actual time=0.018..1102.375 rows=985048 loops=1)
                          Filter: (kind_id < 7)
                          Rows Removed by Filter: 1543264
Planning time: 3.532 ms
Execution time: 51597.477 ms
