Hash Join  (cost=273693.34..1655877.80 rows=29505429 width=0) (actual time=5712.232..38060.863 rows=19277369 loops=1)
  Hash Cond: (ci.movie_id = t.id)
  ->  Seq Scan on cast_info ci  (cost=0.00..614943.12 rows=36225612 width=4) (actual time=0.014..12194.106 rows=36244344 loops=1)
  ->  Hash  (cost=239905.06..239905.06 rows=2059462 width=8) (actual time=5711.084..5711.084 rows=515460 loops=1)
        Buckets: 131072  Batches: 32  Memory Usage: 1663kB
        ->  Hash Join  (cost=92811.40..239905.06 rows=2059462 width=8) (actual time=3553.057..5555.454 rows=515460 loops=1)
              Hash Cond: (mk.movie_id = t.id)
              ->  Seq Scan on movie_keyword mk  (cost=0.00..69693.30 rows=4523930 width=4) (actual time=0.015..1290.107 rows=4523930 loops=1)
              ->  Hash  (cost=73925.90..73925.90 rows=1151080 width=4) (actual time=2031.027..2031.027 rows=1244530 loops=1)
                    Buckets: 131072  Batches: 16  Memory Usage: 3777kB
                    ->  Seq Scan on title t  (cost=0.00..73925.90 rows=1151080 width=4) (actual time=0.027..1361.917 rows=1244530 loops=1)
                          Filter: ((production_year > 1983) AND (kind_id = 7))
                          Rows Removed by Filter: 1283782
Planning time: 1.214 ms
Execution time: 40068.422 ms
