Nested Loop  (cost=0.43..58375.31 rows=21 width=0) (actual time=364.756..658.058 rows=2 loops=1)
  ->  Seq Scan on movie_companies mc  (cost=0.00..57926.93 rows=53 width=4) (actual time=362.501..656.325 rows=113 loops=1)
        Filter: ((company_id = 81741) AND (company_type_id = 2))
        Rows Removed by Filter: 2609016
  ->  Index Scan using title_pkey on title t  (cost=0.43..8.45 rows=1 width=4) (actual time=0.015..0.015 rows=0 loops=113)
        Index Cond: (id = mc.movie_id)
        Filter: (kind_id < 7)
        Rows Removed by Filter: 1
Planning time: 0.823 ms
Execution time: 658.165 ms
