Hash Join  (cost=75494.03..1158151.87 rows=1192173 width=0) (actual time=979.675..26376.761 rows=3821 loops=1)
  Hash Cond: (ci.movie_id = t.id)
  ->  Seq Scan on cast_info ci  (cost=0.00..705507.15 rows=31554923 width=4) (actual time=0.019..15685.724 rows=31605208 loops=1)
        Filter: (role_id < 10)
        Rows Removed by Filter: 4639136
  ->  Hash  (cost=73925.90..73925.90 rows=95530 width=4) (actual time=943.111..943.111 rows=776 loops=1)
        Buckets: 131072  Batches: 2  Memory Usage: 1038kB
        ->  Seq Scan on title t  (cost=0.00..73925.90 rows=95530 width=4) (actual time=1.092..942.593 rows=776 loops=1)
              Filter: ((production_year < 1949) AND (kind_id = 7))
              Rows Removed by Filter: 2527536
Planning time: 0.732 ms
Execution time: 26377.803 ms
