Hash Join  (cost=75628.47..106739.67 rows=18910 width=0) (actual time=1137.997..1681.709 rows=17526 loops=1)
  Hash Cond: (mi_idx.movie_id = t.id)
  ->  Seq Scan on movie_info_idx mi_idx  (cost=0.00..25185.44 rows=460978 width=4) (actual time=0.024..506.157 rows=459925 loops=1)
        Filter: (info_type_id = 99)
        Rows Removed by Filter: 920110
  ->  Hash  (cost=73925.90..73925.90 rows=103725 width=4) (actual time=970.864..970.864 rows=98992 loops=1)
        Buckets: 131072  Batches: 2  Memory Usage: 2760kB
        ->  Seq Scan on title t  (cost=0.00..73925.90 rows=103725 width=4) (actual time=48.463..934.045 rows=98992 loops=1)
              Filter: ((production_year > 2010) AND (kind_id = 1))
              Rows Removed by Filter: 2429320
Planning time: 0.812 ms
Execution time: 1684.795 ms
