Hash Join  (cost=98595.81..223028.40 rows=1327782 width=0) (actual time=1896.256..4789.012 rows=1223721 loops=1)
  Hash Cond: (mk.movie_id = t.id)
  ->  Seq Scan on movie_keyword mk  (cost=0.00..81003.12 rows=1777328 width=4) (actual time=0.018..1369.460 rows=1785516 loops=1)
        Filter: (keyword_id < 2891)
        Rows Removed by Filter: 2738414
  ->  Hash  (cost=67604.59..67604.59 rows=1888978 width=4) (actual time=1895.510..1895.510 rows=1887769 loops=1)
        Buckets: 131072  Batches: 32  Memory Usage: 3114kB
        ->  Seq Scan on title t  (cost=0.00..67604.59 rows=1888978 width=4) (actual time=0.009..1290.926 rows=1887769 loops=1)
              Filter: (production_year > 1983)
              Rows Removed by Filter: 640543
Planning time: 5.407 ms
Execution time: 4943.591 ms
