Seq Scan on cast_info ci  (cost=0.00..705507.15 rows=6654199 width=0) (actual time=2159.089..10887.012 rows=6585634 loops=1)
  Filter: (person_id < 636086)
  Rows Removed by Filter: 29658710
Planning time: 0.280 ms
Execution time: 11694.911 ms
