Hash Join  (cost=140026.41..626158.39 rows=592805 width=0) (actual time=2484.502..15396.210 rows=2654500 loops=1)
  Hash Cond: (mi.movie_id = t.id)
  ->  Seq Scan on movie_info mi  (cost=0.00..309384.22 rows=14739122 width=4) (actual time=0.016..4973.514 rows=14835720 loops=1)
  ->  Hash  (cost=138357.20..138357.20 rows=101697 width=8) (actual time=2483.697..2483.697 rows=168914 loops=1)
        Buckets: 131072 (originally 131072)  Batches: 4 (originally 2)  Memory Usage: 3073kB
        ->  Hash Join  (cost=78930.19..138357.20 rows=101697 width=8) (actual time=1292.490..2421.929 rows=168914 loops=1)
              Hash Cond: (mc.movie_id = t.id)
              ->  Seq Scan on movie_companies mc  (cost=0.00..51404.11 rows=372515 width=4) (actual time=0.025..784.894 rows=371931 loops=1)
                    Filter: (company_id < 207)
                    Rows Removed by Filter: 2237198
              ->  Hash  (cost=67604.59..67604.59 rows=690288 width=4) (actual time=1291.581..1291.581 rows=684146 loops=1)
                    Buckets: 131072  Batches: 16  Memory Usage: 2525kB
                    ->  Seq Scan on title t  (cost=0.00..67604.59 rows=690288 width=4) (actual time=0.012..1078.684 rows=684146 loops=1)
                          Filter: (production_year < 1990)
                          Rows Removed by Filter: 1844166
Planning time: 1.190 ms
Execution time: 15715.881 ms
