Seq Scan on movie_keyword mk  (cost=0.00..81003.12 rows=3756921 width=0) (actual time=0.026..1281.839 rows=3752639 loops=1)
  Filter: (keyword_id > 724)
  Rows Removed by Filter: 771291
Planning time: 0.320 ms
Execution time: 1691.697 ms
