Hash Join  (cost=120565.19..485227.41 rows=630 width=0) (actual time=1684.220..7769.641 rows=20837 loops=1)
  Hash Cond: (mi.movie_id = t.id)
  ->  Seq Scan on movie_info mi  (cost=0.00..309384.22 rows=14739122 width=4) (actual time=0.015..3249.165 rows=14835720 loops=1)
  ->  Hash  (cost=120563.84..120563.84 rows=108 width=8) (actual time=1684.121..1684.121 rows=2856 loops=1)
        Buckets: 4096 (originally 1024)  Batches: 1 (originally 1)  Memory Usage: 144kB
        ->  Hash Join  (cost=67612.84..120563.84 rows=108 width=8) (actual time=976.479..1682.981 rows=2856 loops=1)
              Hash Cond: (mc.movie_id = t.id)
              ->  Seq Scan on movie_companies mc  (cost=0.00..51404.11 rows=412215 width=4) (actual time=75.766..723.127 rows=414862 loops=1)
                    Filter: (company_id > 80499)
                    Rows Removed by Filter: 2194267
              ->  Hash  (cost=67604.59..67604.59 rows=660 width=4) (actual time=896.864..896.864 rows=3515 loops=1)
                    Buckets: 4096 (originally 1024)  Batches: 1 (originally 1)  Memory Usage: 156kB
                    ->  Seq Scan on title t  (cost=0.00..67604.59 rows=660 width=4) (actual time=0.031..895.120 rows=3515 loops=1)
                          Filter: (production_year > 2013)
                          Rows Removed by Filter: 2524797
Planning time: 1.117 ms
Execution time: 7773.606 ms
