Hash Join  (cost=102767.86..1190638.80 rows=11716170 width=0) (actual time=2461.807..32531.348 rows=18217642 loops=1)
  Hash Cond: (ci.movie_id = t.id)
  ->  Seq Scan on cast_info ci  (cost=0.00..796071.18 rows=11716170 width=4) (actual time=462.009..15008.058 rows=18217642 loops=1)
        Filter: ((person_id > 1789002) AND (role_id > 1))
        Rows Removed by Filter: 18026702
  ->  Hash  (cost=61283.27..61283.27 rows=2528527 width=4) (actual time=1998.044..1998.044 rows=2528312 loops=1)
        Buckets: 131072  Batches: 64  Memory Usage: 2415kB
        ->  Seq Scan on title t  (cost=0.00..61283.27 rows=2528527 width=4) (actual time=0.015..1126.793 rows=2528312 loops=1)
Planning time: 0.713 ms
Execution time: 34753.130 ms
