Nested Loop  (cost=0.43..52283.69 rows=104 width=0) (actual time=362.428..750.570 rows=4 loops=1)
  ->  Seq Scan on movie_companies mc  (cost=0.00..51404.11 rows=104 width=4) (actual time=362.308..750.302 rows=4 loops=1)
        Filter: (company_id = 31748)
        Rows Removed by Filter: 2609125
  ->  Index Only Scan using title_pkey on title t  (cost=0.43..8.45 rows=1 width=4) (actual time=0.059..0.059 rows=1 loops=4)
        Index Cond: (id = mc.movie_id)
        Heap Fetches: 4
Planning time: 0.732 ms
Execution time: 750.642 ms
