Hash Join  (cost=67667.80..872781.35 rows=4797 width=0) (actual time=5377.035..12721.515 rows=85 loops=1)
  Hash Cond: (ci.movie_id = t.id)
  ->  Seq Scan on cast_info ci  (cost=0.00..796071.18 rows=2398506 width=4) (actual time=4490.781..11131.155 rows=4866908 loops=1)
        Filter: ((person_id < 653289) AND (role_id = 1))
        Rows Removed by Filter: 31377436
  ->  Hash  (cost=67604.59..67604.59 rows=5057 width=4) (actual time=875.628..875.628 rows=1036 loops=1)
        Buckets: 8192  Batches: 1  Memory Usage: 101kB
        ->  Seq Scan on title t  (cost=0.00..67604.59 rows=5057 width=4) (actual time=374.886..874.922 rows=1036 loops=1)
              Filter: (production_year < 1897)
              Rows Removed by Filter: 2527276
Planning time: 0.698 ms
Execution time: 12721.706 ms
