Hash Join  (cost=223040.62..373303.10 rows=2319545 width=0) (actual time=4885.168..10483.131 rows=8407539 loops=1)
  Hash Cond: (mk.movie_id = t.id)
  ->  Seq Scan on movie_keyword mk  (cost=0.00..69693.30 rows=4523930 width=4) (actual time=0.012..1305.433 rows=4523930 loops=1)
  ->  Hash  (cost=201770.04..201770.04 rows=1296446 width=8) (actual time=4884.057..4884.057 rows=1327562 loops=1)
        Buckets: 131072  Batches: 32  Memory Usage: 2652kB
        ->  Hash Join  (cost=102767.86..201770.04 rows=1296446 width=8) (actual time=1984.824..4484.053 rows=1327562 loops=1)
              Hash Cond: (mc.movie_id = t.id)
              ->  Seq Scan on movie_companies mc  (cost=0.00..57926.93 rows=1296446 width=4) (actual time=215.154..1153.547 rows=1327562 loops=1)
                    Filter: ((company_id > 6) AND (company_type_id = 2))
                    Rows Removed by Filter: 1281567
              ->  Hash  (cost=61283.27..61283.27 rows=2528527 width=4) (actual time=1768.345..1768.345 rows=2528312 loops=1)
                    Buckets: 131072  Batches: 64  Memory Usage: 2415kB
                    ->  Seq Scan on title t  (cost=0.00..61283.27 rows=2528527 width=4) (actual time=0.027..917.282 rows=2528312 loops=1)
Planning time: 1.186 ms
Execution time: 11380.228 ms
