Hash Join  (cost=126584.40..252104.27 rows=288684 width=0) (actual time=2524.239..5633.760 rows=391808 loops=1)
  Hash Cond: (mk.movie_id = t.id)
  ->  Seq Scan on movie_keyword mk  (cost=0.00..69693.30 rows=4523930 width=4) (actual time=0.026..1317.401 rows=4523930 loops=1)
  ->  Hash  (cost=123936.50..123936.50 rows=161352 width=8) (actual time=2523.372..2523.372 rows=108199 loops=1)
        Buckets: 131072  Batches: 4  Memory Usage: 2078kB
        ->  Hash Join  (cost=88334.42..123936.50 rows=161352 width=8) (actual time=1593.776..2486.848 rows=108199 loops=1)
              Hash Cond: (mi_idx.movie_id = t.id)
              ->  Seq Scan on movie_info_idx mi_idx  (cost=0.00..25185.44 rows=464566 width=4) (actual time=0.015..450.412 rows=459925 loops=1)
                    Filter: (info_type_id = 101)
                    Rows Removed by Filter: 920110
              ->  Hash  (cost=73925.90..73925.90 rows=878201 width=4) (actual time=1592.100..1592.100 rows=947729 loops=1)
                    Buckets: 131072  Batches: 16  Memory Usage: 3113kB
                    ->  Seq Scan on title t  (cost=0.00..73925.90 rows=878201 width=4) (actual time=0.021..1294.524 rows=947729 loops=1)
                          Filter: ((kind_id > 1) AND (production_year > 2003))
                          Rows Removed by Filter: 1580583
Planning time: 1.135 ms
Execution time: 5684.766 ms
