Hash Join  (cost=73952.40..144276.87 rows=203431 width=0) (actual time=1141.974..2945.158 rows=324680 loops=1)
  Hash Cond: (mc.movie_id = t.id)
  ->  Seq Scan on movie_companies mc  (cost=0.00..51404.11 rows=1329612 width=4) (actual time=0.031..1014.476 rows=1334883 loops=1)
        Filter: (company_type_id > 1)
        Rows Removed by Filter: 1274246
  ->  Hash  (cost=67604.59..67604.59 rows=386865 width=4) (actual time=1141.036..1141.036 rows=381430 loops=1)
        Buckets: 131072  Batches: 8  Memory Usage: 2693kB
        ->  Seq Scan on title t  (cost=0.00..67604.59 rows=386865 width=4) (actual time=0.006..1016.913 rows=381430 loops=1)
              Filter: (production_year < 1971)
              Rows Removed by Filter: 2146882
Planning time: 0.821 ms
Execution time: 2987.384 ms
