Seq Scan on movie_companies mc  (cost=0.00..57926.93 rows=716211 width=0) (actual time=56.212..985.907 rows=449306 loops=1)
  Filter: ((company_id < 12123) AND (company_type_id > 1))
  Rows Removed by Filter: 2159823
Planning time: 0.311 ms
Execution time: 1042.509 ms
