Seq Scan on title t  (cost=0.00..73925.90 rows=22029 width=0) (actual time=0.023..1037.963 rows=81645 loops=1)
  Filter: ((production_year < 1919) AND (kind_id = 1))
  Rows Removed by Filter: 2446667
Planning time: 1.563 ms
Execution time: 1049.398 ms
