Hash Join  (cost=98137.04..1313435.55 rows=18334580 width=0) (actual time=1901.990..36334.113 rows=18027413 loops=1)
  Hash Cond: (ci.movie_id = t.id)
  ->  Seq Scan on cast_info ci  (cost=0.00..705507.15 rows=24911113 width=4) (actual time=0.014..15599.313 rows=25008862 loops=1)
        Filter: (person_id > 1102788)
        Rows Removed by Filter: 11235482
  ->  Hash  (cost=67604.59..67604.59 rows=1860996 width=4) (actual time=1900.641..1900.641 rows=1865487 loops=1)
        Buckets: 131072  Batches: 32  Memory Usage: 3079kB
        ->  Seq Scan on title t  (cost=0.00..67604.59 rows=1860996 width=4) (actual time=0.013..1289.934 rows=1865487 loops=1)
              Filter: (kind_id > 1)
              Rows Removed by Filter: 662825
Planning time: 0.591 ms
Execution time: 38485.971 ms
