Hash Join  (cost=230825.60..786537.71 rows=5387126 width=0) (actual time=5111.134..38943.666 rows=99562353 loops=1)
  Hash Cond: (mi.movie_id = t.id)
  ->  Seq Scan on movie_info mi  (cost=0.00..309384.22 rows=14739122 width=4) (actual time=0.011..5433.706 rows=14835720 loops=1)
  ->  Hash  (cost=215662.43..215662.43 rows=924173 width=8) (actual time=5109.904..5109.904 rows=1490889 loops=1)
        Buckets: 131072 (originally 131072)  Batches: 32 (originally 16)  Memory Usage: 3073kB
        ->  Hash Join  (cost=82400.67..215662.43 rows=924173 width=8) (actual time=1180.888..4672.752 rows=1490889 loops=1)
              Hash Cond: (mk.movie_id = t.id)
              ->  Seq Scan on movie_keyword mk  (cost=0.00..69693.30 rows=4523930 width=4) (actual time=0.030..1233.653 rows=4523930 loops=1)
              ->  Hash  (cost=73925.90..73925.90 rows=516541 width=4) (actual time=1179.640..1179.640 rows=440918 loops=1)
                    Buckets: 131072  Batches: 8  Memory Usage: 2967kB
                    ->  Seq Scan on title t  (cost=0.00..73925.90 rows=516541 width=4) (actual time=0.023..1040.882 rows=440918 loops=1)
                          Filter: ((kind_id < 7) AND (production_year > 2001))
                          Rows Removed by Filter: 2087394
Planning time: 14.258 ms
Execution time: 49013.856 ms
