Hash Join  (cost=321475.18..1031573.95 rows=18129502 width=0) (actual time=7321.122..65351.171 rows=196101827 loops=1)
  Hash Cond: (mi.movie_id = t.id)
  ->  Seq Scan on movie_info mi  (cost=0.00..309384.22 rows=14739122 width=4) (actual time=0.023..5115.746 rows=14835720 loops=1)
  ->  Hash  (cost=270448.26..270448.26 rows=3110154 width=8) (actual time=7319.343..7319.343 rows=3528976 loops=1)
        Buckets: 131072  Batches: 64  Memory Usage: 3279kB
        ->  Hash Join  (cost=101489.21..270448.26 rows=3110154 width=8) (actual time=1847.931..6369.782 rows=3528976 loops=1)
              Hash Cond: (mk.movie_id = t.id)
              ->  Seq Scan on movie_keyword mk  (cost=0.00..81003.12 rows=3807676 width=4) (actual time=0.017..1635.356 rows=3808083 loops=1)
                    Filter: (keyword_id > 613)
                    Rows Removed by Filter: 715847
              ->  Hash  (cost=67604.59..67604.59 rows=2065330 width=4) (actual time=1846.339..1846.339 rows=2064552 loops=1)
                    Buckets: 131072  Batches: 32  Memory Usage: 3298kB
                    ->  Seq Scan on title t  (cost=0.00..67604.59 rows=2065330 width=4) (actual time=0.024..1162.777 rows=2064552 loops=1)
                          Filter: (production_year < 2011)
                          Rows Removed by Filter: 463760
Planning time: 1.317 ms
Execution time: 85829.275 ms
