Seq Scan on movie_keyword mk  (cost=0.00..81003.12 rows=246 width=0) (actual time=35.836..1208.016 rows=131 loops=1)
  Filter: (keyword_id = 7320)
  Rows Removed by Filter: 4523799
Planning time: 0.372 ms
Execution time: 1208.211 ms
