Seq Scan on movie_keyword mk  (cost=0.00..81003.12 rows=3675709 width=0) (actual time=0.033..1521.820 rows=3669237 loops=1)
  Filter: (keyword_id < 21499)
  Rows Removed by Filter: 854693
Planning time: 0.331 ms
Execution time: 1995.863 ms
