Seq Scan on movie_keyword mk  (cost=0.00..81003.12 rows=246 width=0) (actual time=4.828..1239.131 rows=185 loops=1)
  Filter: (keyword_id = 3201)
  Rows Removed by Filter: 4523745
Planning time: 1.138 ms
Execution time: 1239.319 ms
