Hash Join  (cost=709675.22..738292.53 rows=24 width=0) (actual time=10325.437..10922.459 rows=2 loops=1)
  Hash Cond: (mi_idx.movie_id = t.id)
  ->  Seq Scan on movie_info_idx mi_idx  (cost=0.00..25185.44 rows=915101 width=4) (actual time=0.015..479.856 rows=919850 loops=1)
        Filter: (info_type_id < 101)
        Rows Removed by Filter: 460185
  ->  Hash  (cost=709674.40..709674.40 rows=66 width=8) (actual time=10316.965..10316.965 rows=1 loops=1)
        Buckets: 1024  Batches: 1  Memory Usage: 9kB
        ->  Nested Loop  (cost=0.43..709674.40 rows=66 width=8) (actual time=214.917..10316.953 rows=1 loops=1)
              ->  Seq Scan on cast_info ci  (cost=0.00..705507.15 rows=500 width=4) (actual time=214.762..10308.990 rows=55 loops=1)
                    Filter: (person_id = 1787204)
                    Rows Removed by Filter: 36244289
              ->  Index Scan using title_pkey on title t  (cost=0.43..8.32 rows=1 width=4) (actual time=0.144..0.144 rows=0 loops=55)
                    Index Cond: (id = ci.movie_id)
                    Filter: ((production_year > 2002) AND (kind_id = 1))
                    Rows Removed by Filter: 1
Planning time: 1.205 ms
Execution time: 10922.642 ms
