Hash Join  (cost=156632.57..1183618.39 rows=4383030 width=0) (actual time=3094.930..31299.624 rows=8806175 loops=1)
  Hash Cond: (ci.movie_id = t.id)
  ->  Seq Scan on cast_info ci  (cost=0.00..705507.15 rows=23855832 width=4) (actual time=0.031..13566.190 rows=23956687 loops=1)
        Filter: (person_id > 1210863)
        Rows Removed by Filter: 12287657
  ->  Hash  (cost=149010.49..149010.49 rows=464566 width=8) (actual time=3094.190..3094.190 rows=459925 loops=1)
        Buckets: 131072  Batches: 8  Memory Usage: 3275kB
        ->  Hash Join  (cost=102767.86..149010.49 rows=464566 width=8) (actual time=1805.641..2970.731 rows=459925 loops=1)
              Hash Cond: (mi_idx.movie_id = t.id)
              ->  Seq Scan on movie_info_idx mi_idx  (cost=0.00..25185.44 rows=464566 width=4) (actual time=0.016..449.311 rows=459925 loops=1)
                    Filter: (info_type_id = 101)
                    Rows Removed by Filter: 920110
              ->  Hash  (cost=61283.27..61283.27 rows=2528527 width=4) (actual time=1804.738..1804.738 rows=2528312 loops=1)
                    Buckets: 131072  Batches: 64  Memory Usage: 2415kB
                    ->  Seq Scan on title t  (cost=0.00..61283.27 rows=2528527 width=4) (actual time=0.012..956.247 rows=2528312 loops=1)
Planning time: 1.088 ms
Execution time: 32270.258 ms
