Seq Scan on movie_keyword mk  (cost=0.00..81003.12 rows=3955286 width=0) (actual time=0.008..1513.304 rows=3958219 loops=1)
  Filter: (keyword_id < 32482)
  Rows Removed by Filter: 565711
Planning time: 0.209 ms
Execution time: 1998.516 ms
