Seq Scan on cast_info ci  (cost=0.00..796071.18 rows=1134090 width=0) (actual time=8890.576..10234.632 rows=1297 loops=1)
  Filter: ((person_id < 536295) AND (role_id = 2))
  Rows Removed by Filter: 36243047
Planning time: 3.462 ms
Execution time: 10234.870 ms
