Seq Scan on cast_info ci  (cost=0.00..705507.15 rows=25981956 width=0) (actual time=0.015..11083.034 rows=26170808 loops=1)
  Filter: (person_id > 990359)
  Rows Removed by Filter: 10073536
Planning time: 0.241 ms
Execution time: 14181.564 ms
