Hash Join  (cost=102767.86..188425.07 rows=1012991 width=0) (actual time=1758.044..4466.963 rows=1013050 loops=1)
  Hash Cond: (mc.movie_id = t.id)
  ->  Seq Scan on movie_companies mc  (cost=0.00..51404.11 rows=1012991 width=4) (actual time=0.020..840.603 rows=1013050 loops=1)
        Filter: (company_id < 5135)
        Rows Removed by Filter: 1596079
  ->  Hash  (cost=61283.27..61283.27 rows=2528527 width=4) (actual time=1755.902..1755.902 rows=2528312 loops=1)
        Buckets: 131072  Batches: 64  Memory Usage: 2415kB
        ->  Seq Scan on title t  (cost=0.00..61283.27 rows=2528527 width=4) (actual time=0.017..920.449 rows=2528312 loops=1)
Planning time: 0.688 ms
Execution time: 4579.305 ms
