Hash Join  (cost=120126.22..197078.47 rows=137973 width=0) (actual time=2234.565..3732.761 rows=122214 loops=1)
  Hash Cond: (mc.movie_id = t.id)
  ->  Seq Scan on movie_companies mc  (cost=0.00..44881.29 rows=2609129 width=4) (actual time=0.026..773.496 rows=2609129 loops=1)
  ->  Hash  (cost=117931.83..117931.83 rows=133711 width=8) (actual time=2079.489..2079.489 rows=47685 loops=1)
        Buckets: 131072  Batches: 2  Memory Usage: 1958kB
        ->  Hash Join  (cost=77945.24..117931.83 rows=133711 width=8) (actual time=1462.213..2064.147 rows=47685 loops=1)
              Hash Cond: (mi_idx.movie_id = t.id)
              ->  Seq Scan on movie_info_idx mi_idx  (cost=0.00..21735.35 rows=1380035 width=4) (actual time=0.022..459.213 rows=1380035 loops=1)
              ->  Hash  (cost=73925.90..73925.90 rows=244987 width=4) (actual time=1043.105..1043.105 rows=137824 loops=1)
                    Buckets: 131072  Batches: 4  Memory Usage: 2233kB
                    ->  Seq Scan on title t  (cost=0.00..73925.90 rows=244987 width=4) (actual time=0.013..995.297 rows=137824 loops=1)
                          Filter: ((production_year < 1972) AND (kind_id = 7))
                          Rows Removed by Filter: 2390488
Planning time: 1.179 ms
Execution time: 3749.197 ms
