Seq Scan on cast_info ci  (cost=0.00..796071.18 rows=8251020 width=0) (actual time=0.028..12811.537 rows=4155682 loops=1)
  Filter: ((person_id < 2511680) AND (role_id > 3))
  Rows Removed by Filter: 32088662
Planning time: 0.334 ms
Execution time: 13319.980 ms
