Seq Scan on movie_keyword mk  (cost=0.00..81003.12 rows=246 width=0) (actual time=1.041..3397.947 rows=706 loops=1)
  Filter: (keyword_id = 3509)
  Rows Removed by Filter: 4523224
Planning time: 0.342 ms
Execution time: 3398.403 ms
