Seq Scan on cast_info ci  (cost=0.00..705507.15 rows=9386227 width=0) (actual time=785.108..10108.685 rows=9231320 loops=1)
  Filter: (person_id < 908312)
  Rows Removed by Filter: 27013024
Planning time: 0.299 ms
Execution time: 11258.908 ms
