Hash Join  (cost=73946.49..819817.86 rows=6999 width=0) (actual time=880.931..13399.973 rows=13688 loops=1)
  Hash Cond: (ci.movie_id = t.id)
  ->  Seq Scan on cast_info ci  (cost=0.00..705507.15 rows=10745127 width=4) (actual time=0.068..10665.058 rows=10596384 loops=1)
        Filter: (person_id < 1039919)
        Rows Removed by Filter: 25647960
  ->  Hash  (cost=73925.90..73925.90 rows=1647 width=4) (actual time=879.045..879.045 rows=2092 loops=1)
        Buckets: 4096 (originally 2048)  Batches: 1 (originally 1)  Memory Usage: 106kB
        ->  Seq Scan on title t  (cost=0.00..73925.90 rows=1647 width=4) (actual time=150.166..877.880 rows=2092 loops=1)
              Filter: ((kind_id = 3) AND (production_year = 1997))
              Rows Removed by Filter: 2526220
Planning time: 0.891 ms
Execution time: 13403.358 ms
