Seq Scan on cast_info ci  (cost=0.00..705507.15 rows=17122032 width=0) (actual time=0.028..11521.636 rows=17252365 loops=1)
  Filter: (person_id > 1895501)
  Rows Removed by Filter: 18991979
Planning time: 0.321 ms
Execution time: 13714.767 ms
