Seq Scan on movie_keyword mk  (cost=0.00..81003.12 rows=3959562 width=0) (actual time=0.021..1650.634 rows=3957660 loops=1)
  Filter: (keyword_id > 398)
  Rows Removed by Filter: 566270
Planning time: 0.338 ms
Execution time: 2149.689 ms
