Hash Join  (cost=196294.15..957444.29 rows=1036097 width=0) (actual time=3509.250..21177.607 rows=2583364 loops=1)
  Hash Cond: (ci.movie_id = t.id)
  ->  Seq Scan on cast_info ci  (cost=0.00..614943.12 rows=36225612 width=4) (actual time=0.021..6781.501 rows=36244344 loops=1)
  ->  Hash  (cost=195390.17..195390.17 rows=72319 width=8) (actual time=3508.505..3508.505 rows=75008 loops=1)
        Buckets: 131072  Batches: 1  Memory Usage: 3954kB
        ->  Hash Join  (cost=102767.86..195390.17 rows=72319 width=8) (actual time=1893.108..3481.976 rows=75008 loops=1)
              Hash Cond: (mk.movie_id = t.id)
              ->  Seq Scan on movie_keyword mk  (cost=0.00..81003.12 rows=72319 width=4) (actual time=0.036..1150.629 rows=75008 loops=1)
                    Filter: (keyword_id < 70)
                    Rows Removed by Filter: 4448922
              ->  Hash  (cost=61283.27..61283.27 rows=2528527 width=4) (actual time=1886.924..1886.924 rows=2528312 loops=1)
                    Buckets: 131072  Batches: 64  Memory Usage: 2425kB
                    ->  Seq Scan on title t  (cost=0.00..61283.27 rows=2528527 width=4) (actual time=0.029..1024.645 rows=2528312 loops=1)
Planning time: 1.089 ms
Execution time: 21500.558 ms
