Seq Scan on movie_companies mc  (cost=0.00..57926.93 rows=883488 width=0) (actual time=167.829..894.329 rows=563069 loops=1)
  Filter: ((company_id < 22706) AND (company_type_id > 1))
  Rows Removed by Filter: 2046060
Planning time: 0.314 ms
Execution time: 973.600 ms
