Hash Join  (cost=81152.82..856080.83 rows=886416 width=0) (actual time=1228.506..14637.572 rows=1044611 loops=1)
  Hash Cond: (ci.movie_id = t.id)
  ->  Seq Scan on cast_info ci  (cost=0.00..705507.15 rows=5088454 width=4) (actual time=0.026..10586.757 rows=5145417 loops=1)
        Filter: (person_id > 3151922)
        Rows Removed by Filter: 31098927
  ->  Hash  (cost=73925.90..73925.90 rows=440473 width=4) (actual time=1227.510..1227.510 rows=473918 loops=1)
        Buckets: 131072  Batches: 8  Memory Usage: 3117kB
        ->  Seq Scan on title t  (cost=0.00..73925.90 rows=440473 width=4) (actual time=0.013..1084.442 rows=473918 loops=1)
              Filter: ((production_year < 2008) AND (kind_id = 1))
              Rows Removed by Filter: 2054394
Planning time: 0.574 ms
Execution time: 14755.310 ms
