Hash Join  (cost=71408.55..207896.30 rows=401000 width=0) (actual time=1097.642..4353.837 rows=147497 loops=1)
  Hash Cond: (mk.movie_id = t.id)
  ->  Seq Scan on movie_keyword mk  (cost=0.00..81003.12 rows=4373499 width=4) (actual time=0.024..1786.643 rows=4360169 loops=1)
        Filter: (keyword_id > 117)
        Rows Removed by Filter: 163761
  ->  Hash  (cost=67604.59..67604.59 rows=231837 width=4) (actual time=1096.186..1096.186 rows=231649 loops=1)
        Buckets: 131072  Batches: 4  Memory Usage: 3082kB
        ->  Seq Scan on title t  (cost=0.00..67604.59 rows=231837 width=4) (actual time=0.022..1013.096 rows=231649 loops=1)
              Filter: (production_year > 2011)
              Rows Removed by Filter: 2296663
Planning time: 0.752 ms
Execution time: 4368.083 ms
