Nested Loop  (cost=0.43..83071.67 rows=246 width=0) (actual time=0.579..1491.540 rows=5252 loops=1)
  ->  Seq Scan on movie_keyword mk  (cost=0.00..81003.12 rows=246 width=4) (actual time=0.540..1323.299 rows=5252 loops=1)
        Filter: (keyword_id = 3311)
        Rows Removed by Filter: 4518678
  ->  Index Only Scan using title_pkey on title t  (cost=0.43..8.40 rows=1 width=4) (actual time=0.031..0.031 rows=1 loops=5252)
        Index Cond: (id = mk.movie_id)
        Heap Fetches: 5252
Planning time: 0.755 ms
Execution time: 1493.076 ms
