Seq Scan on movie_keyword mk  (cost=0.00..81003.12 rows=3088867 width=0) (actual time=0.023..1423.546 rows=3073337 loops=1)
  Filter: (keyword_id < 11524)
  Rows Removed by Filter: 1450593
Planning time: 0.323 ms
Execution time: 1817.575 ms
