Hash Join  (cost=102767.86..1053873.59 rows=6032403 width=0) (actual time=9165.476..21914.935 rows=7450653 loops=1)
  Hash Cond: (ci.movie_id = t.id)
  ->  Seq Scan on cast_info ci  (cost=0.00..796071.18 rows=6032403 width=4) (actual time=7208.682..13552.687 rows=7450653 loops=1)
        Filter: ((person_id > 595927) AND (role_id = 2))
        Rows Removed by Filter: 28793691
  ->  Hash  (cost=61283.27..61283.27 rows=2528527 width=4) (actual time=1955.716..1955.716 rows=2528312 loops=1)
        Buckets: 131072  Batches: 64  Memory Usage: 2415kB
        ->  Seq Scan on title t  (cost=0.00..61283.27 rows=2528527 width=4) (actual time=0.012..910.362 rows=2528312 loops=1)
Planning time: 0.779 ms
Execution time: 22812.570 ms
