Hash Join  (cost=190230.21..1048509.33 rows=1821899 width=0) (actual time=4212.727..22238.385 rows=4432938 loops=1)
  Hash Cond: (ci.movie_id = t.id)
  ->  Seq Scan on cast_info ci  (cost=0.00..796071.18 rows=3338118 width=4) (actual time=123.842..14543.043 rows=3871908 loops=1)
        Filter: ((person_id < 3043799) AND (role_id = 3))
        Rows Removed by Filter: 32372436
  ->  Hash  (cost=167588.78..167588.78 rows=1380035 width=8) (actual time=4087.943..4087.943 rows=1380035 loops=1)
        Buckets: 131072  Batches: 32  Memory Usage: 2708kB
        ->  Hash Join  (cost=102767.86..167588.78 rows=1380035 width=8) (actual time=1835.799..3696.219 rows=1380035 loops=1)
              Hash Cond: (mi_idx.movie_id = t.id)
              ->  Seq Scan on movie_info_idx mi_idx  (cost=0.00..21735.35 rows=1380035 width=4) (actual time=0.033..406.215 rows=1380035 loops=1)
              ->  Hash  (cost=61283.27..61283.27 rows=2528527 width=4) (actual time=1834.424..1834.424 rows=2528312 loops=1)
                    Buckets: 131072  Batches: 64  Memory Usage: 2415kB
                    ->  Seq Scan on title t  (cost=0.00..61283.27 rows=2528527 width=4) (actual time=0.019..923.525 rows=2528312 loops=1)
Planning time: 4.585 ms
Execution time: 22751.316 ms
