Seq Scan on cast_info ci  (cost=0.00..705507.15 rows=500 width=0) (actual time=460.334..9020.946 rows=248 loops=1)
  Filter: (person_id = 2900861)
  Rows Removed by Filter: 36244096
Planning time: 0.330 ms
Execution time: 9021.100 ms
