Seq Scan on movie_keyword mk  (cost=0.00..81003.12 rows=246 width=0) (actual time=3.025..1123.601 rows=295 loops=1)
  Filter: (keyword_id = 24387)
  Rows Removed by Filter: 4523635
Planning time: 0.362 ms
Execution time: 1123.831 ms
