Hash Join  (cost=365418.15..1403701.59 rows=11660012 width=0) (actual time=8482.954..27337.313 rows=17236408 loops=1)
  Hash Cond: (ci.movie_id = t.id)
  ->  Seq Scan on cast_info ci  (cost=0.00..796071.18 rows=6517045 width=4) (actual time=188.769..11234.007 rows=2762470 loops=1)
        Filter: ((person_id < 968202) AND (role_id > 1))
        Rows Removed by Filter: 33481874
  ->  Hash  (cost=291197.02..291197.02 rows=4523930 width=8) (actual time=8292.098..8292.098 rows=4523930 loops=1)
        Buckets: 131072  Batches: 64  Memory Usage: 3816kB
        ->  Hash Join  (cost=102767.86..291197.02 rows=4523930 width=8) (actual time=1824.501..6941.511 rows=4523930 loops=1)
              Hash Cond: (mk.movie_id = t.id)
              ->  Seq Scan on movie_keyword mk  (cost=0.00..69693.30 rows=4523930 width=4) (actual time=0.031..1282.530 rows=4523930 loops=1)
              ->  Hash  (cost=61283.27..61283.27 rows=2528527 width=4) (actual time=1821.557..1821.557 rows=2528312 loops=1)
                    Buckets: 131072  Batches: 64  Memory Usage: 2425kB
                    ->  Seq Scan on title t  (cost=0.00..61283.27 rows=2528527 width=4) (actual time=0.008..961.601 rows=2528312 loops=1)
Planning time: 1.189 ms
Execution time: 29432.835 ms
