Hash Join  (cost=565153.52..1915758.50 rows=22972491 width=0) (actual time=14679.155..50738.801 rows=44354063 loops=1)
  Hash Cond: (ci.movie_id = t.id)
  ->  Seq Scan on cast_info ci  (cost=0.00..796071.18 rows=22376305 width=4) (actual time=3607.529..17383.158 rows=21812424 loops=1)
        Filter: ((person_id < 3713056) AND (role_id > 1))
        Rows Removed by Filter: 14431920
  ->  Hash  (cost=522563.82..522563.82 rows=2595896 width=8) (actual time=11062.836..11062.836 rows=2645494 loops=1)
        Buckets: 131072  Batches: 64  Memory Usage: 2630kB
        ->  Hash Join  (cost=102702.86..522563.82 rows=2595896 width=8) (actual time=3361.654..10285.118 rows=2645494 loops=1)
              Hash Cond: (mi.movie_id = t.id)
              ->  Seq Scan on movie_info mi  (cost=0.00..346232.03 rows=3068194 width=4) (actual time=1357.233..5272.400 rows=3036719 loops=1)
                    Filter: (info_type_id = 16)
                    Rows Removed by Filter: 11799001
              ->  Hash  (cost=67604.59..67604.59 rows=2139302 width=4) (actual time=2002.941..2002.941 rows=2132973 loops=1)
                    Buckets: 131072  Batches: 32  Memory Usage: 3380kB
                    ->  Seq Scan on title t  (cost=0.00..67604.59 rows=2139302 width=4) (actual time=0.030..1297.063 rows=2132973 loops=1)
                          Filter: (production_year > 1966)
                          Rows Removed by Filter: 395339
Planning time: 1.105 ms
Execution time: 55440.937 ms
