Hash Join  (cost=76352.87..438518.86 rows=73950 width=0) (actual time=3034.247..6775.072 rows=28871 loops=1)
  Hash Cond: (mi.movie_id = t.id)
  ->  Seq Scan on movie_info mi  (cost=0.00..346232.03 rows=1264125 width=4) (actual time=1266.185..4546.369 rows=1288928 loops=1)
        Filter: (info_type_id = 2)
        Rows Removed by Filter: 13546792
  ->  Hash  (cost=73925.90..73925.90 rows=147917 width=4) (actual time=1766.034..1766.034 rows=46427 loops=1)
        Buckets: 131072  Batches: 2  Memory Usage: 1845kB
        ->  Seq Scan on title t  (cost=0.00..73925.90 rows=147917 width=4) (actual time=0.038..981.260 rows=46427 loops=1)
              Filter: ((production_year < 1960) AND (kind_id = 7))
              Rows Removed by Filter: 2481885
Planning time: 0.797 ms
Execution time: 6778.009 ms
