Hash Join  (cost=69484.36..883098.76 rows=64444 width=0) (actual time=2413.535..11524.870 rows=22027 loops=1)
  Hash Cond: (ci.movie_id = t.id)
  ->  Seq Scan on cast_info ci  (cost=0.00..796071.18 rows=1422607 width=4) (actual time=1576.686..10400.356 rows=605115 loops=1)
        Filter: ((person_id < 209157) AND (role_id > 1))
        Rows Removed by Filter: 35639229
  ->  Hash  (cost=67604.59..67604.59 rows=114542 width=4) (actual time=833.449..833.449 rows=118234 loops=1)
        Buckets: 131072  Batches: 2  Memory Usage: 3101kB
        ->  Seq Scan on title t  (cost=0.00..67604.59 rows=114542 width=4) (actual time=158.572..798.672 rows=118234 loops=1)
              Filter: (kind_id = 4)
              Rows Removed by Filter: 2410078
Planning time: 0.735 ms
Execution time: 11528.481 ms
