Seq Scan on movie_keyword mk  (cost=0.00..81003.12 rows=264092 width=0) (actual time=0.068..1264.939 rows=282628 loops=1)
  Filter: (keyword_id < 234)
  Rows Removed by Filter: 4241302
Planning time: 0.326 ms
Execution time: 1302.124 ms
