Hash Join  (cost=466720.29..601182.95 rows=1022762 width=0) (actual time=7645.614..11656.822 rows=2922433 loops=1)
  Hash Cond: (mk.movie_id = t.id)
  ->  Seq Scan on movie_keyword mk  (cost=0.00..69693.30 rows=4523930 width=4) (actual time=0.016..1303.183 rows=4523930 loops=1)
  ->  Hash  (cost=457341.73..457341.73 rows=571645 width=8) (actual time=7644.831..7644.831 rows=704216 loops=1)
        Buckets: 131072 (originally 131072)  Batches: 16 (originally 8)  Memory Usage: 3073kB
        ->  Hash Join  (cost=86241.46..457341.73 rows=571645 width=8) (actual time=4125.605..7437.761 rows=704216 loops=1)
              Hash Cond: (mi.movie_id = t.id)
              ->  Seq Scan on movie_info mi  (cost=0.00..346232.03 rows=1272478 width=4) (actual time=2606.331..4893.293 rows=1325361 loops=1)
                    Filter: (info_type_id = 8)
                    Rows Removed by Filter: 13510359
              ->  Hash  (cost=67604.59..67604.59 rows=1135910 width=4) (actual time=1517.998..1517.998 rows=1133355 loops=1)
                    Buckets: 131072  Batches: 16  Memory Usage: 3524kB
                    ->  Seq Scan on title t  (cost=0.00..67604.59 rows=1135910 width=4) (actual time=0.040..1149.893 rows=1133355 loops=1)
                          Filter: (production_year < 2002)
                          Rows Removed by Filter: 1394957
Planning time: 1.110 ms
Execution time: 11997.016 ms
