Hash Join  (cost=80988.46..587567.54 rows=2509116 width=0) (actual time=1169.278..15334.103 rows=6210534 loops=1)
  Hash Cond: (mi.movie_id = t.id)
  ->  Seq Scan on movie_info mi  (cost=0.00..309384.22 rows=14739122 width=4) (actual time=0.012..5378.293 rows=14835720 loops=1)
  ->  Hash  (cost=73925.90..73925.90 rows=430444 width=4) (actual time=1168.279..1168.279 rows=527346 loops=1)
        Buckets: 131072  Batches: 8  Memory Usage: 3362kB
        ->  Seq Scan on title t  (cost=0.00..73925.90 rows=430444 width=4) (actual time=0.020..988.739 rows=527346 loops=1)
              Filter: ((kind_id < 4) AND (production_year < 2004))
              Rows Removed by Filter: 2000966
Planning time: 0.754 ms
Execution time: 16053.318 ms
