Hash Join  (cost=78556.72..167136.99 rows=92344 width=0) (actual time=1931.004..3508.546 rows=252087 loops=1)
  Hash Cond: (mk.movie_id = t.id)
  ->  Seq Scan on movie_keyword mk  (cost=0.00..81003.12 rows=349788 width=4) (actual time=0.009..1221.739 rows=347526 loops=1)
        Filter: (keyword_id > 47885)
        Rows Removed by Filter: 4176404
  ->  Hash  (cost=67604.59..67604.59 rows=667531 width=4) (actual time=1930.036..1930.036 rows=662825 loops=1)
        Buckets: 131072  Batches: 16  Memory Usage: 2486kB
        ->  Seq Scan on title t  (cost=0.00..67604.59 rows=667531 width=4) (actual time=512.037..1091.559 rows=662825 loops=1)
              Filter: (kind_id = 1)
              Rows Removed by Filter: 1865487
Planning time: 0.728 ms
Execution time: 3539.736 ms
