Hash Join  (cost=370790.74..1838884.24 rows=39558075 width=0) (actual time=8572.842..67414.362 rows=127670012 loops=1)
  Hash Cond: (ci.movie_id = t.id)
  ->  Seq Scan on cast_info ci  (cost=0.00..705507.15 rows=22851013 width=4) (actual time=0.015..13776.061 rows=22905397 loops=1)
        Filter: (person_id > 1315429)
        Rows Removed by Filter: 13338947
  ->  Hash  (cost=298976.63..298976.63 rows=4377209 width=8) (actual time=8570.605..8570.605 rows=4377880 loops=1)
        Buckets: 131072  Batches: 64  Memory Usage: 3722kB
        ->  Hash Join  (cost=102767.86..298976.63 rows=4377209 width=8) (actual time=1848.274..7243.194 rows=4377880 loops=1)
              Hash Cond: (mk.movie_id = t.id)
              ->  Seq Scan on movie_keyword mk  (cost=0.00..81003.12 rows=4377209 width=4) (actual time=0.029..1674.424 rows=4377880 loops=1)
                    Filter: (keyword_id < 74262)
                    Rows Removed by Filter: 146050
              ->  Hash  (cost=61283.27..61283.27 rows=2528527 width=4) (actual time=1846.801..1846.801 rows=2528312 loops=1)
                    Buckets: 131072  Batches: 64  Memory Usage: 2425kB
                    ->  Seq Scan on title t  (cost=0.00..61283.27 rows=2528527 width=4) (actual time=0.013..979.284 rows=2528312 loops=1)
Planning time: 1.195 ms
Execution time: 81865.269 ms
