Hash Join  (cost=365418.15..2009592.11 rows=47826017 width=0) (actual time=8205.426..78526.529 rows=157214428 loops=1)
  Hash Cond: (ci.movie_id = t.id)
  ->  Seq Scan on cast_info ci  (cost=0.00..705507.15 rows=26731045 width=4) (actual time=0.021..15532.987 rows=26925854 loops=1)
        Filter: (person_id > 917546)
        Rows Removed by Filter: 9318490
  ->  Hash  (cost=291197.02..291197.02 rows=4523930 width=8) (actual time=8203.688..8203.688 rows=4523930 loops=1)
        Buckets: 131072  Batches: 64  Memory Usage: 3816kB
        ->  Hash Join  (cost=102767.86..291197.02 rows=4523930 width=8) (actual time=2020.524..7020.104 rows=4523930 loops=1)
              Hash Cond: (mk.movie_id = t.id)
              ->  Seq Scan on movie_keyword mk  (cost=0.00..69693.30 rows=4523930 width=4) (actual time=0.021..1438.436 rows=4523930 loops=1)
              ->  Hash  (cost=61283.27..61283.27 rows=2528527 width=4) (actual time=2018.026..2018.026 rows=2528312 loops=1)
                    Buckets: 131072  Batches: 64  Memory Usage: 2425kB
                    ->  Seq Scan on title t  (cost=0.00..61283.27 rows=2528527 width=4) (actual time=0.020..1138.443 rows=2528312 loops=1)
Planning time: 1.144 ms
Execution time: 95971.304 ms
