Hash Join  (cost=766603.16..2135947.13 rows=32636069 width=0) (actual time=22008.432..50974.997 rows=33138094 loops=1)
  Hash Cond: (ci.movie_id = t.id)
  ->  Seq Scan on cast_info ci  (cost=0.00..796071.18 rows=11479561 width=4) (actual time=5166.927..16660.299 rows=12670688 loops=1)
        Filter: ((person_id < 3417808) AND (role_id = 1))
        Rows Removed by Filter: 23573656
  ->  Hash  (cost=648665.51..648665.51 rows=7188532 width=8) (actual time=16840.147..16840.147 rows=4407679 loops=1)
        Buckets: 131072  Batches: 128  Memory Usage: 2348kB
        ->  Hash Join  (cost=98137.04..648665.51 rows=7188532 width=8) (actual time=1888.688..15613.836 rows=4407679 loops=1)
              Hash Cond: (mi.movie_id = t.id)
              ->  Seq Scan on movie_info mi  (cost=0.00..346232.03 rows=9767026 width=4) (actual time=0.028..6972.494 rows=9911754 loops=1)
                    Filter: (info_type_id > 4)
                    Rows Removed by Filter: 4923966
              ->  Hash  (cost=67604.59..67604.59 rows=1860996 width=4) (actual time=1887.516..1887.516 rows=1865487 loops=1)
                    Buckets: 131072  Batches: 32  Memory Usage: 3085kB
                    ->  Seq Scan on title t  (cost=0.00..67604.59 rows=1860996 width=4) (actual time=0.018..1266.216 rows=1865487 loops=1)
                          Filter: (kind_id > 1)
                          Rows Removed by Filter: 662825
Planning time: 1.944 ms
Execution time: 54836.480 ms
