Hash Join  (cost=143917.06..954761.13 rows=73999 width=0) (actual time=12391.001..20190.193 rows=863236 loops=1)
  Hash Cond: (ci.movie_id = t.id)
  ->  Seq Scan on cast_info ci  (cost=0.00..796071.18 rows=3742105 width=4) (actual time=9771.749..14012.998 rows=7448911 loops=1)
        Filter: ((person_id > 1733190) AND (role_id = 2))
        Rows Removed by Filter: 28795433
  ->  Hash  (cost=143292.05..143292.05 rows=50001 width=8) (actual time=2618.426..2618.426 rows=216082 loops=1)
        Buckets: 131072 (originally 65536)  Batches: 4 (originally 1)  Memory Usage: 3135kB
        ->  Hash Join  (cost=78716.10..143292.05 rows=50001 width=8) (actual time=1183.678..2560.147 rows=216082 loops=1)
              Hash Cond: (mc.movie_id = t.id)
              ->  Seq Scan on movie_companies mc  (cost=0.00..57926.93 rows=433067 width=4) (actual time=0.023..927.359 rows=759222 loops=1)
                    Filter: ((company_id > 24487) AND (company_type_id > 1))
                    Rows Removed by Filter: 1849907
              ->  Hash  (cost=73925.90..73925.90 rows=291936 width=4) (actual time=1182.799..1182.799 rows=403476 loops=1)
                    Buckets: 131072 (originally 131072)  Batches: 8 (originally 4)  Memory Usage: 3073kB
                    ->  Seq Scan on title t  (cost=0.00..73925.90 rows=291936 width=4) (actual time=0.024..1017.337 rows=403476 loops=1)
                          Filter: ((kind_id < 3) AND (production_year < 1999))
                          Rows Removed by Filter: 2124836
Planning time: 1.172 ms
Execution time: 20294.619 ms
