Hash Join  (cost=92883.59..184119.96 rows=135799 width=0) (actual time=2445.946..3194.048 rows=34881 loops=1)
  Hash Cond: (mk.movie_id = t.id)
  ->  Seq Scan on movie_keyword mk  (cost=0.00..81003.12 rows=222852 width=4) (actual time=0.044..1173.966 rows=235890 loops=1)
        Filter: (keyword_id < 196)
        Rows Removed by Filter: 4288040
  ->  Hash  (cost=67604.59..67604.59 rows=1540800 width=4) (actual time=1626.927..1626.927 rows=1543264 loops=1)
        Buckets: 131072  Batches: 32  Memory Usage: 2728kB
        ->  Seq Scan on title t  (cost=0.00..67604.59 rows=1540800 width=4) (actual time=0.024..1117.403 rows=1543264 loops=1)
              Filter: (kind_id = 7)
              Rows Removed by Filter: 985048
Planning time: 0.695 ms
Execution time: 3198.309 ms
