Hash Join  (cost=199807.17..582535.46 rows=766845 width=0) (actual time=5925.971..13564.970 rows=7711541 loops=1)
  Hash Cond: (mi.movie_id = t.id)
  ->  Seq Scan on movie_info mi  (cost=0.00..346232.03 rows=2194617 width=4) (actual time=1642.348..5588.296 rows=2233850 loops=1)
        Filter: (info_type_id > 16)
        Rows Removed by Filter: 12601870
  ->  Hash  (cost=185311.17..185311.17 rows=883520 width=8) (actual time=4274.755..4274.755 rows=877826 loops=1)
        Buckets: 131072  Batches: 16  Memory Usage: 3195kB
        ->  Hash Join  (cost=102767.86..185311.17 rows=883520 width=8) (actual time=1899.363..4003.660 rows=877826 loops=1)
              Hash Cond: (mc.movie_id = t.id)
              ->  Seq Scan on movie_companies mc  (cost=0.00..51404.11 rows=883520 width=4) (actual time=0.047..950.526 rows=877826 loops=1)
                    Filter: (company_id < 2609)
                    Rows Removed by Filter: 1731303
              ->  Hash  (cost=61283.27..61283.27 rows=2528527 width=4) (actual time=1896.673..1896.673 rows=2528312 loops=1)
                    Buckets: 131072  Batches: 64  Memory Usage: 2415kB
                    ->  Seq Scan on title t  (cost=0.00..61283.27 rows=2528527 width=4) (actual time=0.018..1031.553 rows=2528312 loops=1)
Planning time: 1.243 ms
Execution time: 14575.160 ms
