Seq Scan on movie_keyword mk  (cost=0.00..81003.12 rows=246 width=0) (actual time=0.980..1091.417 rows=455 loops=1)
  Filter: (keyword_id = 8460)
  Rows Removed by Filter: 4523475
Planning time: 0.364 ms
Execution time: 1091.705 ms
