Nested Loop  (cost=0.43..150060.35 rows=2827 width=0) (actual time=0.083..1720.190 rows=8545 loops=1)
  ->  Seq Scan on movie_keyword mk  (cost=0.00..81003.12 rows=10707 width=4) (actual time=0.020..1319.223 rows=10307 loops=1)
        Filter: (keyword_id = 870)
        Rows Removed by Filter: 4513623
  ->  Index Scan using title_pkey on title t  (cost=0.43..6.44 rows=1 width=4) (actual time=0.038..0.038 rows=1 loops=10307)
        Index Cond: (id = mk.movie_id)
        Filter: (kind_id < 2)
        Rows Removed by Filter: 0
Planning time: 0.716 ms
Execution time: 1722.677 ms
