Hash Join  (cost=83074.74..109986.57 rows=134 width=0) (actual time=1297.661..1899.665 rows=4027 loops=1)
  Hash Cond: (mi_idx.movie_id = t.id)
  ->  Seq Scan on movie_info_idx mi_idx  (cost=0.00..21735.35 rows=1380035 width=4) (actual time=0.025..345.156 rows=1380035 loops=1)
  ->  Hash  (cost=83071.67..83071.67 rows=246 width=8) (actual time=1296.915..1296.915 rows=1705 loops=1)
        Buckets: 2048 (originally 1024)  Batches: 1 (originally 1)  Memory Usage: 83kB
        ->  Nested Loop  (cost=0.43..83071.67 rows=246 width=8) (actual time=0.493..1295.634 rows=1705 loops=1)
              ->  Seq Scan on movie_keyword mk  (cost=0.00..81003.12 rows=246 width=4) (actual time=0.433..1203.633 rows=1705 loops=1)
                    Filter: (keyword_id = 4032)
                    Rows Removed by Filter: 4522225
              ->  Index Only Scan using title_pkey on title t  (cost=0.43..8.40 rows=1 width=4) (actual time=0.052..0.053 rows=1 loops=1705)
                    Index Cond: (id = mk.movie_id)
                    Heap Fetches: 1705
Planning time: 3.370 ms
Execution time: 1900.450 ms
