Hash Join  (cost=83074.09..833883.88 rows=2069 width=0) (actual time=1399.479..17566.736 rows=43614 loops=1)
  Hash Cond: (ci.movie_id = t.id)
  ->  Seq Scan on cast_info ci  (cost=0.00..614943.12 rows=36225612 width=4) (actual time=0.015..8921.867 rows=36244344 loops=1)
  ->  Hash  (cost=83072.29..83072.29 rows=144 width=8) (actual time=1398.994..1398.994 rows=744 loops=1)
        Buckets: 1024  Batches: 1  Memory Usage: 38kB
        ->  Nested Loop  (cost=0.43..83072.29 rows=144 width=8) (actual time=2.068..1398.331 rows=744 loops=1)
              ->  Seq Scan on movie_keyword mk  (cost=0.00..81003.12 rows=246 width=4) (actual time=2.037..1327.917 rows=1625 loops=1)
                    Filter: (keyword_id = 1064)
                    Rows Removed by Filter: 4522305
              ->  Index Scan using title_pkey on title t  (cost=0.43..8.40 rows=1 width=4) (actual time=0.042..0.042 rows=0 loops=1625)
                    Index Cond: (id = mk.movie_id)
                    Filter: (production_year > 1998)
                    Rows Removed by Filter: 1
Planning time: 1.152 ms
Execution time: 17576.995 ms
