Hash Join  (cost=438999.16..1381075.66 rows=157375 width=0) (actual time=8413.094..29567.234 rows=759356 loops=1)
  Hash Cond: (ci.movie_id = t.id)
  ->  Seq Scan on cast_info ci  (cost=0.00..705507.15 rows=23499554 width=4) (actual time=0.021..14828.989 rows=23573656 loops=1)
        Filter: (role_id > 1)
        Rows Removed by Filter: 12670688
  ->  Hash  (cost=438787.48..438787.48 rows=16934 width=8) (actual time=8412.845..8412.845 rows=53405 loops=1)
        Buckets: 65536 (originally 32768)  Batches: 1 (originally 1)  Memory Usage: 2599kB
        ->  Hash Join  (cost=73962.22..438787.48 rows=16934 width=8) (actual time=1093.195..8386.788 rows=53405 loops=1)
              Hash Cond: (mi.movie_id = t.id)
              ->  Seq Scan on movie_info mi  (cost=0.00..309384.22 rows=14739122 width=4) (actual time=0.025..4265.669 rows=14835720 loops=1)
              ->  Hash  (cost=73925.90..73925.90 rows=2905 width=4) (actual time=1093.017..1093.017 rows=5239 loops=1)
                    Buckets: 8192 (originally 4096)  Batches: 1 (originally 1)  Memory Usage: 249kB
                    ->  Seq Scan on title t  (cost=0.00..73925.90 rows=2905 width=4) (actual time=0.868..1090.385 rows=5239 loops=1)
                          Filter: ((kind_id < 7) AND (production_year = 1965))
                          Rows Removed by Filter: 2523073
Planning time: 1.212 ms
Execution time: 29663.581 ms
