Hash Join  (cost=102767.86..275700.12 rows=3409916 width=0) (actual time=1927.794..6366.257 rows=3403022 loops=1)
  Hash Cond: (mk.movie_id = t.id)
  ->  Seq Scan on movie_keyword mk  (cost=0.00..81003.12 rows=3409916 width=4) (actual time=0.045..1739.391 rows=3403022 loops=1)
        Filter: (keyword_id > 1196)
        Rows Removed by Filter: 1120908
  ->  Hash  (cost=61283.27..61283.27 rows=2528527 width=4) (actual time=1926.455..1926.455 rows=2528312 loops=1)
        Buckets: 131072  Batches: 64  Memory Usage: 2425kB
        ->  Seq Scan on title t  (cost=0.00..61283.27 rows=2528527 width=4) (actual time=0.005..1074.245 rows=2528312 loops=1)
Planning time: 0.757 ms
Execution time: 6747.147 ms
