Nested Loop  (cost=0.43..83072.90 rows=9 width=0) (actual time=11.205..1298.999 rows=6 loops=1)
  ->  Seq Scan on movie_keyword mk  (cost=0.00..81003.12 rows=246 width=4) (actual time=0.789..1287.172 rows=250 loops=1)
        Filter: (keyword_id = 1704)
        Rows Removed by Filter: 4523680
  ->  Index Scan using title_pkey on title t  (cost=0.43..8.40 rows=1 width=4) (actual time=0.045..0.045 rows=0 loops=250)
        Index Cond: (id = mk.movie_id)
        Filter: ((kind_id > 1) AND (production_year = 2009))
        Rows Removed by Filter: 1
Planning time: 0.819 ms
Execution time: 1299.120 ms
