Hash Join  (cost=242293.16..716729.64 rows=4509135 width=0) (actual time=8496.661..18271.916 rows=13321519 loops=1)
  Hash Cond: (mi.movie_id = t.id)
  ->  Seq Scan on movie_info mi  (cost=0.00..346232.03 rows=5897221 width=4) (actual time=1956.137..5863.515 rows=5884963 loops=1)
        Filter: (info_type_id < 7)
        Rows Removed by Filter: 8950757
  ->  Hash  (cost=210573.12..210573.12 rows=1933363 width=8) (actual time=6529.519..6529.519 rows=1940649 loops=1)
        Buckets: 131072  Batches: 32  Memory Usage: 3447kB
        ->  Hash Join  (cost=102767.86..210573.12 rows=1933363 width=8) (actual time=2052.197..5231.980 rows=1940649 loops=1)
              Hash Cond: (mc.movie_id = t.id)
              ->  Seq Scan on movie_companies mc  (cost=0.00..51404.11 rows=1933363 width=4) (actual time=0.026..1117.010 rows=1940649 loops=1)
                    Filter: (company_id > 1043)
                    Rows Removed by Filter: 668480
              ->  Hash  (cost=61283.27..61283.27 rows=2528527 width=4) (actual time=2050.366..2050.366 rows=2528312 loops=1)
                    Buckets: 131072  Batches: 64  Memory Usage: 2415kB
                    ->  Seq Scan on title t  (cost=0.00..61283.27 rows=2528527 width=4) (actual time=0.017..1181.490 rows=2528312 loops=1)
Planning time: 1.077 ms
Execution time: 19520.294 ms
