Hash Join  (cost=136297.41..515877.84 rows=19128 width=0) (actual time=1047.638..8720.631 rows=593717 loops=1)
  Hash Cond: (mi.movie_id = t.id)
  ->  Seq Scan on movie_info mi  (cost=0.00..346232.03 rows=8841901 width=4) (actual time=0.008..6076.179 rows=8950757 loops=1)
        Filter: (info_type_id > 6)
        Rows Removed by Filter: 5884963
  ->  Hash  (cost=136229.03..136229.03 rows=5470 width=8) (actual time=1047.482..1047.482 rows=8223 loops=1)
        Buckets: 16384 (originally 8192)  Batches: 1 (originally 1)  Memory Usage: 450kB
        ->  Nested Loop  (cost=0.43..136229.03 rows=5470 width=8) (actual time=0.053..1043.418 rows=8223 loops=1)
              ->  Seq Scan on movie_companies mc  (cost=0.00..51404.11 rows=14002 width=4) (actual time=0.013..783.729 rows=12894 loops=1)
                    Filter: (company_id = 34)
                    Rows Removed by Filter: 2596235
              ->  Index Scan using title_pkey on title t  (cost=0.43..6.05 rows=1 width=4) (actual time=0.019..0.020 rows=1 loops=12894)
                    Index Cond: (id = mc.movie_id)
                    Filter: (kind_id < 7)
                    Rows Removed by Filter: 0
Planning time: 0.751 ms
Execution time: 8788.960 ms
