Hash Join  (cost=76243.83..153672.41 rows=117411 width=0) (actual time=1161.973..3128.663 rows=46959 loops=1)
  Hash Cond: (mc.movie_id = t.id)
  ->  Seq Scan on movie_companies mc  (cost=0.00..51404.11 rows=2101429 width=4) (actual time=0.045..1126.267 rows=2097057 loops=1)
        Filter: (company_id < 73705)
        Rows Removed by Filter: 512072
  ->  Hash  (cost=73925.90..73925.90 rows=141274 width=4) (actual time=1160.761..1160.761 rows=150659 loops=1)
        Buckets: 131072  Batches: 2  Memory Usage: 3673kB
        ->  Seq Scan on title t  (cost=0.00..73925.90 rows=141274 width=4) (actual time=15.091..1099.105 rows=150659 loops=1)
              Filter: ((production_year > 2011) AND (kind_id = 7))
              Rows Removed by Filter: 2377653
Planning time: 0.741 ms
Execution time: 3135.100 ms
