Hash Join  (cost=184768.05..1042042.46 rows=1372240 width=0) (actual time=4491.136..23669.365 rows=2000989 loops=1)
  Hash Cond: (ci.movie_id = t.id)
  ->  Seq Scan on cast_info ci  (cost=0.00..796071.18 rows=3797554 width=4) (actual time=0.019..16475.239 rows=4008037 loops=1)
        Filter: ((person_id < 3695401) AND (role_id = 3))
        Rows Removed by Filter: 32236307
  ->  Hash  (cost=169777.06..169777.06 rows=913679 width=8) (actual time=4489.907..4489.907 rows=1248606 loops=1)
        Buckets: 131072 (originally 131072)  Batches: 32 (originally 16)  Memory Usage: 4080kB
        ->  Hash Join  (cost=82131.75..169777.06 rows=913679 width=8) (actual time=1508.612..4147.339 rows=1248606 loops=1)
              Hash Cond: (mc.movie_id = t.id)
              ->  Seq Scan on movie_companies mc  (cost=0.00..44881.29 rows=2609129 width=4) (actual time=0.028..897.152 rows=2609129 loops=1)
              ->  Hash  (cost=67604.59..67604.59 rows=885453 width=4) (actual time=1507.437..1507.437 rows=885650 loops=1)
                    Buckets: 131072  Batches: 16  Memory Usage: 2972kB
                    ->  Seq Scan on title t  (cost=0.00..67604.59 rows=885453 width=4) (actual time=0.013..1232.210 rows=885650 loops=1)
                          Filter: (production_year < 1997)
                          Rows Removed by Filter: 1642662
Planning time: 1.288 ms
Execution time: 23874.041 ms
