Hash Join  (cost=1003453.03..1647282.28 rows=13645442 width=0) (actual time=22533.660..60506.481 rows=89093255 loops=1)
  Hash Cond: (mi.movie_id = t.id)
  ->  Seq Scan on movie_info mi  (cost=0.00..309384.22 rows=14739122 width=4) (actual time=0.024..6336.475 rows=14835720 loops=1)
  ->  Hash  (cost=965046.73..965046.73 rows=2340904 width=8) (actual time=22532.180..22532.180 rows=5302491 loops=1)
        Buckets: 131072 (originally 131072)  Batches: 64 (originally 32)  Memory Usage: 4298kB
        ->  Hash Join  (cost=102767.86..965046.73 rows=2340904 width=8) (actual time=6486.669..20183.192 rows=5302491 loops=1)
              Hash Cond: (ci.movie_id = t.id)
              ->  Seq Scan on cast_info ci  (cost=0.00..796071.18 rows=2340904 width=4) (actual time=4626.173..12862.918 rows=5302491 loops=1)
                    Filter: ((person_id > 3130645) AND (role_id > 2))
                    Rows Removed by Filter: 30941853
              ->  Hash  (cost=61283.27..61283.27 rows=2528527 width=4) (actual time=1858.938..1858.938 rows=2528312 loops=1)
                    Buckets: 131072  Batches: 64  Memory Usage: 2415kB
                    ->  Seq Scan on title t  (cost=0.00..61283.27 rows=2528527 width=4) (actual time=0.027..1039.661 rows=2528312 loops=1)
Planning time: 1.150 ms
Execution time: 70439.787 ms
