Hash Join  (cost=93408.25..133511.92 rows=286734 width=0) (actual time=1939.328..3082.065 rows=261891 loops=1)
  Hash Cond: (mi_idx.movie_id = t.id)
  ->  Seq Scan on movie_info_idx mi_idx  (cost=0.00..25185.44 rows=460978 width=4) (actual time=0.029..541.098 rows=459925 loops=1)
        Filter: (info_type_id < 100)
        Rows Removed by Filter: 920110
  ->  Hash  (cost=67604.59..67604.59 rows=1572773 width=4) (actual time=1937.914..1937.914 rows=1570568 loops=1)
        Buckets: 131072  Batches: 32  Memory Usage: 2751kB
        ->  Seq Scan on title t  (cost=0.00..67604.59 rows=1572773 width=4) (actual time=0.020..1438.174 rows=1570568 loops=1)
              Filter: (production_year > 1996)
              Rows Removed by Filter: 957744
Planning time: 0.769 ms
Execution time: 3112.830 ms
