Hash Join  (cost=74251.74..155606.03 rows=940 width=0) (actual time=1206.212..2430.908 rows=1343 loops=1)
  Hash Cond: (mk.movie_id = t.id)
  ->  Seq Scan on movie_keyword mk  (cost=0.00..81003.12 rows=91138 width=4) (actual time=0.029..1202.662 rows=88867 loops=1)
        Filter: (keyword_id > 85207)
        Rows Removed by Filter: 4435063
  ->  Hash  (cost=73925.90..73925.90 rows=26067 width=4) (actual time=1203.965..1203.965 rows=27085 loops=1)
        Buckets: 32768  Batches: 1  Memory Usage: 1209kB
        ->  Seq Scan on title t  (cost=0.00..73925.90 rows=26067 width=4) (actual time=0.155..1192.878 rows=27085 loops=1)
              Filter: ((kind_id < 7) AND (production_year > 2012))
              Rows Removed by Filter: 2501227
Planning time: 1.262 ms
Execution time: 2431.394 ms
