Hash Join  (cost=210818.23..257823.28 rows=542757 width=0) (actual time=4775.165..6679.897 rows=2319621 loops=1)
  Hash Cond: (mi_idx.movie_id = t.id)
  ->  Seq Scan on movie_info_idx mi_idx  (cost=0.00..21735.35 rows=1380035 width=4) (actual time=0.024..498.999 rows=1380035 loops=1)
  ->  Hash  (cost=194502.61..194502.61 rows=994450 width=8) (actual time=4774.045..4774.045 rows=1274195 loops=1)
        Buckets: 131072 (originally 131072)  Batches: 32 (originally 16)  Memory Usage: 3073kB
        ->  Hash Join  (cost=102767.86..194502.61 rows=994450 width=8) (actual time=2301.651..4433.085 rows=1274195 loops=1)
              Hash Cond: (mc.movie_id = t.id)
              ->  Seq Scan on movie_companies mc  (cost=0.00..57926.93 rows=994450 width=4) (actual time=335.622..1133.376 rows=1274195 loops=1)
                    Filter: ((company_id < 70830) AND (company_type_id = 1))
                    Rows Removed by Filter: 1334934
              ->  Hash  (cost=61283.27..61283.27 rows=2528527 width=4) (actual time=1964.693..1964.693 rows=2528312 loops=1)
                    Buckets: 131072  Batches: 64  Memory Usage: 2415kB
                    ->  Seq Scan on title t  (cost=0.00..61283.27 rows=2528527 width=4) (actual time=0.030..1134.445 rows=2528312 loops=1)
Planning time: 1.119 ms
Execution time: 6939.972 ms
