Hash Join  (cost=96071.96..190323.21 rows=1392873 width=0) (actual time=1906.240..4530.848 rows=634744 loops=1)
  Hash Cond: (mc.movie_id = t.id)
  ->  Seq Scan on movie_companies mc  (cost=0.00..44881.29 rows=2609129 width=4) (actual time=0.022..928.449 rows=2609129 loops=1)
  ->  Hash  (cost=73925.90..73925.90 rows=1349844 width=4) (actual time=1905.078..1905.078 rows=1425014 loops=1)
        Buckets: 131072  Batches: 32  Memory Usage: 2591kB
        ->  Seq Scan on title t  (cost=0.00..73925.90 rows=1349844 width=4) (actual time=0.032..1444.031 rows=1425014 loops=1)
              Filter: ((production_year > 1960) AND (kind_id = 7))
              Rows Removed by Filter: 1103298
Planning time: 0.676 ms
Execution time: 4610.341 ms
