Hash Join  (cost=124618.24..215818.56 rows=68084 width=0) (actual time=2575.711..4511.709 rows=77158 loops=1)
  Hash Cond: (mk.movie_id = t.id)
  ->  Seq Scan on movie_keyword mk  (cost=0.00..81003.12 rows=2537694 width=4) (actual time=0.027..1503.325 rows=2531691 loops=1)
        Filter: (keyword_id < 6293)
        Rows Removed by Filter: 1992239
  ->  Hash  (cost=123770.27..123770.27 rows=67838 width=8) (actual time=2574.837..2574.837 rows=47312 loops=1)
        Buckets: 131072  Batches: 1  Memory Usage: 2873kB
        ->  Hash Join  (cost=68426.36..123770.27 rows=67838 width=8) (actual time=1119.099..2555.357 rows=47312 loops=1)
              Hash Cond: (mc.movie_id = t.id)
              ->  Seq Scan on movie_companies mc  (cost=0.00..44881.29 rows=2609129 width=4) (actual time=0.027..680.463 rows=2609129 loops=1)
              ->  Hash  (cost=67604.59..67604.59 rows=65742 width=4) (actual time=1118.350..1118.350 rows=63827 loops=1)
                    Buckets: 131072  Batches: 1  Memory Usage: 3268kB
                    ->  Seq Scan on title t  (cost=0.00..67604.59 rows=65742 width=4) (actual time=0.025..1092.747 rows=63827 loops=1)
                          Filter: (production_year = 2013)
                          Rows Removed by Filter: 2464485
Planning time: 1.192 ms
Execution time: 4522.417 ms
