Hash Join  (cost=74657.14..894610.80 rows=138781 width=0) (actual time=1279.896..19377.031 rows=192104 loops=1)
  Hash Cond: (ci.movie_id = t.id)
  ->  Seq Scan on cast_info ci  (cost=0.00..796071.18 rows=5998577 width=4) (actual time=0.025..15721.154 rows=7450650 loops=1)
        Filter: ((person_id > 613413) AND (role_id = 2))
        Rows Removed by Filter: 28793694
  ->  Hash  (cost=73925.90..73925.90 rows=58499 width=4) (actual time=1279.436..1279.436 rows=62752 loops=1)
        Buckets: 65536  Batches: 1  Memory Usage: 2719kB
        ->  Seq Scan on title t  (cost=0.00..73925.90 rows=58499 width=4) (actual time=0.025..1254.416 rows=62752 loops=1)
              Filter: ((kind_id = 7) AND (production_year = 2005))
              Rows Removed by Filter: 2465560
Planning time: 0.775 ms
Execution time: 19403.867 ms
