Hash Join  (cost=83073.34..833874.53 rows=1199 width=0) (actual time=1277.637..16699.078 rows=36045 loops=1)
  Hash Cond: (ci.movie_id = t.id)
  ->  Seq Scan on cast_info ci  (cost=0.00..614943.12 rows=36225612 width=4) (actual time=0.013..8388.155 rows=36244344 loops=1)
  ->  Hash  (cost=83072.29..83072.29 rows=84 width=8) (actual time=1277.507..1277.507 rows=449 loops=1)
        Buckets: 1024  Batches: 1  Memory Usage: 26kB
        ->  Nested Loop  (cost=0.43..83072.29 rows=84 width=8) (actual time=2.902..1277.096 rows=449 loops=1)
              ->  Seq Scan on movie_keyword mk  (cost=0.00..81003.12 rows=246 width=4) (actual time=2.865..1255.781 rows=560 loops=1)
                    Filter: (keyword_id = 5232)
                    Rows Removed by Filter: 4523370
              ->  Index Scan using title_pkey on title t  (cost=0.43..8.40 rows=1 width=4) (actual time=0.036..0.036 rows=1 loops=560)
                    Index Cond: (id = mk.movie_id)
                    Filter: (kind_id < 4)
                    Rows Removed by Filter: 0
Planning time: 1.163 ms
Execution time: 16708.237 ms
