Hash Join  (cost=108800.68..864279.00 rows=468910 width=0) (actual time=2333.107..27678.152 rows=2485237 loops=1)
  Hash Cond: (ci.movie_id = t.id)
  ->  Seq Scan on cast_info ci  (cost=0.00..614943.12 rows=36225612 width=4) (actual time=0.014..8913.424 rows=36244344 loops=1)
  ->  Hash  (cost=108391.56..108391.56 rows=32730 width=8) (actual time=2332.658..2332.658 rows=92330 loops=1)
        Buckets: 131072 (originally 32768)  Batches: 2 (originally 1)  Memory Usage: 3073kB
        ->  Hash Join  (cost=76915.85..108391.56 rows=32730 width=8) (actual time=1691.901..2306.505 rows=92330 loops=1)
              Hash Cond: (mi_idx.movie_id = t.id)
              ->  Seq Scan on movie_info_idx mi_idx  (cost=0.00..25185.44 rows=454124 width=4) (actual time=0.017..358.450 rows=459925 loops=1)
                    Filter: (info_type_id = 100)
                    Rows Removed by Filter: 920110
              ->  Hash  (cost=73925.90..73925.90 rows=182236 width=4) (actual time=1691.033..1691.033 rows=315565 loops=1)
                    Buckets: 131072  Batches: 4  Memory Usage: 3798kB
                    ->  Seq Scan on title t  (cost=0.00..73925.90 rows=182236 width=4) (actual time=416.814..994.871 rows=315565 loops=1)
                          Filter: ((kind_id < 2) AND (production_year < 1990))
                          Rows Removed by Filter: 2212747
Planning time: 1.316 ms
Execution time: 28006.783 ms
