Seq Scan on cast_info ci  (cost=0.00..705507.15 rows=29916093 width=0) (actual time=904.417..13187.092 rows=30032761 loops=1)
  Filter: (person_id > 598206)
  Rows Removed by Filter: 6211583
Planning time: 0.275 ms
Execution time: 16885.272 ms
