Seq Scan on cast_info ci  (cost=0.00..796071.18 rows=4515876 width=0) (actual time=870.171..12137.277 rows=4105969 loops=1)
  Filter: ((person_id < 2268567) AND (role_id = 2))
  Rows Removed by Filter: 32138375
Planning time: 11.425 ms
Execution time: 12601.059 ms
