Hash Join  (cost=132338.09..1046488.83 rows=1477545 width=0) (actual time=3508.123..24708.498 rows=5383278 loops=1)
  Hash Cond: (ci.movie_id = t.id)
  ->  Seq Scan on cast_info ci  (cost=0.00..796071.18 rows=8790690 width=4) (actual time=467.451..14685.425 rows=11384808 loops=1)
        Filter: ((person_id < 1561292) AND (role_id < 3))
        Rows Removed by Filter: 24859536
  ->  Hash  (cost=125364.63..125364.63 rows=424997 width=8) (actual time=3039.831..3039.831 rows=524504 loops=1)
        Buckets: 131072  Batches: 8  Memory Usage: 3592kB
        ->  Hash Join  (cost=80380.17..125364.63 rows=424997 width=8) (actual time=1573.897..2892.006 rows=524504 loops=1)
              Hash Cond: (mi_idx.movie_id = t.id)
              ->  Seq Scan on movie_info_idx mi_idx  (cost=0.00..21735.35 rows=1380035 width=4) (actual time=0.011..422.415 rows=1380035 loops=1)
              ->  Hash  (cost=67604.59..67604.59 rows=778687 width=4) (actual time=1572.702..1572.702 rows=782677 loops=1)
                    Buckets: 131072  Batches: 16  Memory Usage: 2744kB
                    ->  Seq Scan on title t  (cost=0.00..67604.59 rows=778687 width=4) (actual time=0.035..1321.920 rows=782677 loops=1)
                          Filter: (production_year < 1994)
                          Rows Removed by Filter: 1745635
Planning time: 3.884 ms
Execution time: 25331.142 ms
