Hash Join  (cost=172393.02..683797.23 rows=2961328 width=0) (actual time=4777.488..28589.392 rows=42731033 loops=1)
  Hash Cond: (mi.movie_id = t.id)
  ->  Seq Scan on movie_info mi  (cost=0.00..309384.22 rows=14739122 width=4) (actual time=0.025..6097.113 rows=14835720 loops=1)
  ->  Hash  (cost=164057.75..164057.75 rows=508022 width=8) (actual time=4776.263..4776.263 rows=1206492 loops=1)
        Buckets: 131072 (originally 131072)  Batches: 16 (originally 8)  Memory Usage: 4049kB
        ->  Hash Join  (cost=82004.01..164057.75 rows=508022 width=8) (actual time=1524.749..4106.052 rows=1206492 loops=1)
              Hash Cond: (mc.movie_id = t.id)
              ->  Seq Scan on movie_companies mc  (cost=0.00..44881.29 rows=2609129 width=4) (actual time=0.013..911.556 rows=2609129 loops=1)
              ->  Hash  (cost=73925.90..73925.90 rows=492328 width=4) (actual time=1523.949..1523.949 rows=570276 loops=1)
                    Buckets: 131072  Batches: 8  Memory Usage: 3545kB
                    ->  Seq Scan on title t  (cost=0.00..73925.90 rows=492328 width=4) (actual time=0.014..1344.010 rows=570276 loops=1)
                          Filter: ((kind_id < 4) AND (production_year < 2006))
                          Rows Removed by Filter: 1958036
Planning time: 1.214 ms
Execution time: 33653.043 ms
