Nested Loop  (cost=0.43..58375.45 rows=1 width=0) (actual time=338.458..942.582 rows=3 loops=1)
  ->  Seq Scan on movie_companies mc  (cost=0.00..57926.93 rows=53 width=4) (actual time=279.069..938.147 rows=159 loops=1)
        Filter: ((company_type_id > 1) AND (company_id = 10709))
        Rows Removed by Filter: 2608970
  ->  Index Scan using title_pkey on title t  (cost=0.43..8.45 rows=1 width=4) (actual time=0.027..0.027 rows=0 loops=159)
        Index Cond: (id = mc.movie_id)
        Filter: ((kind_id < 7) AND (production_year = 2002))
        Rows Removed by Filter: 1
Planning time: 0.557 ms
Execution time: 942.682 ms
