Hash Join  (cost=68100.81..127688.59 rows=6674 width=0) (actual time=1435.860..2274.505 rows=8833 loops=1)
  Hash Cond: (mc.movie_id = t.id)
  ->  Seq Scan on movie_companies mc  (cost=0.00..57926.93 rows=425094 width=4) (actual time=279.744..927.005 rows=751559 loops=1)
        Filter: ((company_id > 25908) AND (company_type_id = 2))
        Rows Removed by Filter: 1857570
  ->  Hash  (cost=67604.59..67604.59 rows=39698 width=4) (actual time=1152.767..1152.767 rows=36437 loops=1)
        Buckets: 65536  Batches: 1  Memory Usage: 1793kB
        ->  Seq Scan on title t  (cost=0.00..67604.59 rows=39698 width=4) (actual time=0.037..1136.997 rows=36437 loops=1)
              Filter: (production_year = 1995)
              Rows Removed by Filter: 2491875
Planning time: 0.776 ms
Execution time: 2276.112 ms
