Hash Join  (cost=138936.05..226926.27 rows=133219 width=0) (actual time=2816.153..4743.438 rows=400762 loops=1)
  Hash Cond: (mk.movie_id = t.id)
  ->  Seq Scan on movie_keyword mk  (cost=0.00..69693.30 rows=4523930 width=4) (actual time=0.022..942.367 rows=4523930 loops=1)
  ->  Hash  (cost=138005.31..138005.31 rows=74459 width=8) (actual time=2815.413..2815.413 rows=62484 loops=1)
        Buckets: 131072  Batches: 1  Memory Usage: 3465kB
        ->  Hash Join  (cost=69928.56..138005.31 rows=74459 width=8) (actual time=1354.465..2792.142 rows=62484 loops=1)
              Hash Cond: (mc.movie_id = t.id)
              ->  Seq Scan on movie_companies mc  (cost=0.00..51404.11 rows=1329612 width=4) (actual time=139.163..1058.583 rows=1334883 loops=1)
                    Filter: (company_type_id > 1)
                    Rows Removed by Filter: 1274246
              ->  Hash  (cost=67604.59..67604.59 rows=141598 width=4) (actual time=1214.545..1214.545 rows=141703 loops=1)
                    Buckets: 131072  Batches: 2  Memory Usage: 3511kB
                    ->  Seq Scan on title t  (cost=0.00..67604.59 rows=141598 width=4) (actual time=0.039..1158.196 rows=141703 loops=1)
                          Filter: (production_year = 2010)
                          Rows Removed by Filter: 2386609
Planning time: 1.169 ms
Execution time: 4796.434 ms
