Seq Scan on movie_companies mc  (cost=0.00..51404.11 rows=281357 width=0) (actual time=588.515..993.951 rows=283274 loops=1)
  Filter: (company_id > 95465)
  Rows Removed by Filter: 2325855
Planning time: 0.319 ms
Execution time: 1031.346 ms
