Hash Join  (cost=202249.75..597968.67 rows=239910 width=0) (actual time=4290.490..12360.078 rows=1426748 loops=1)
  Hash Cond: (mi.movie_id = t.id)
  ->  Seq Scan on movie_info mi  (cost=0.00..346232.03 rows=3623957 width=4) (actual time=0.035..5890.928 rows=3624977 loops=1)
        Filter: (info_type_id < 4)
        Rows Removed by Filter: 11210743
  ->  Hash  (cost=199503.35..199503.35 rows=167392 width=8) (actual time=4289.560..4289.560 rows=442981 loops=1)
        Buckets: 131072 (originally 131072)  Batches: 8 (originally 4)  Memory Usage: 3179kB
        ->  Hash Join  (cost=75461.39..199503.35 rows=167392 width=8) (actual time=1211.377..4144.374 rows=442981 loops=1)
              Hash Cond: (mk.movie_id = t.id)
              ->  Seq Scan on movie_keyword mk  (cost=0.00..69693.30 rows=4523930 width=4) (actual time=0.023..1471.460 rows=4523930 loops=1)
              ->  Hash  (cost=73925.90..73925.90 rows=93559 width=4) (actual time=1210.578..1210.578 rows=104574 loops=1)
                    Buckets: 131072  Batches: 2  Memory Usage: 2863kB
                    ->  Seq Scan on title t  (cost=0.00..73925.90 rows=93559 width=4) (actual time=0.018..1172.456 rows=104574 loops=1)
                          Filter: ((production_year < 2011) AND (kind_id = 4))
                          Rows Removed by Filter: 2423738
Planning time: 1.116 ms
Execution time: 12508.981 ms
