Hash Join  (cost=931274.50..971292.20 rows=202579 width=0) (actual time=15413.685..16840.516 rows=363996 loops=1)
  Hash Cond: (mi_idx.movie_id = t.id)
  ->  Seq Scan on movie_info_idx mi_idx  (cost=0.00..25185.44 rows=919057 width=4) (actual time=0.019..554.142 rows=920110 loops=1)
        Filter: (info_type_id > 99)
        Rows Removed by Filter: 459925
  ->  Hash  (cost=922129.78..922129.78 rows=557338 width=8) (actual time=15412.696..15412.696 rows=836113 loops=1)
        Buckets: 131072 (originally 131072)  Batches: 16 (originally 8)  Memory Usage: 3073kB
        ->  Hash Join  (cost=102767.86..922129.78 rows=557338 width=8) (actual time=4193.695..15149.653 rows=836113 loops=1)
              Hash Cond: (ci.movie_id = t.id)
              ->  Seq Scan on cast_info ci  (cost=0.00..796071.18 rows=557338 width=4) (actual time=2324.065..12123.547 rows=836113 loops=1)
                    Filter: ((person_id > 2527119) AND (role_id = 8))
                    Rows Removed by Filter: 35408231
              ->  Hash  (cost=61283.27..61283.27 rows=2528527 width=4) (actual time=1868.418..1868.418 rows=2528312 loops=1)
                    Buckets: 131072  Batches: 64  Memory Usage: 2415kB
                    ->  Seq Scan on title t  (cost=0.00..61283.27 rows=2528527 width=4) (actual time=0.023..1015.413 rows=2528312 loops=1)
Planning time: 1.775 ms
Execution time: 16881.672 ms
