Hash Join  (cost=140197.13..1240107.39 rows=6435215 width=0) (actual time=2746.761..33144.892 rows=7899663 loops=1)
  Hash Cond: (ci.movie_id = t.id)
  ->  Seq Scan on cast_info ci  (cost=0.00..614943.12 rows=36225612 width=4) (actual time=0.019..13101.838 rows=36244344 loops=1)
  ->  Hash  (cost=132827.45..132827.45 rows=449174 width=8) (actual time=2745.796..2745.796 rows=251721 loops=1)
        Buckets: 131072  Batches: 8  Memory Usage: 2259kB
        ->  Hash Join  (cost=87428.23..132827.45 rows=449174 width=8) (actual time=1952.383..2670.813 rows=251721 loops=1)
              Hash Cond: (mi_idx.movie_id = t.id)
              ->  Seq Scan on movie_info_idx mi_idx  (cost=0.00..21735.35 rows=1380035 width=4) (actual time=0.019..398.301 rows=1380035 loops=1)
              ->  Hash  (cost=73925.90..73925.90 rows=822986 width=4) (actual time=1493.204..1493.204 rows=738761 loops=1)
                    Buckets: 131072  Batches: 16  Memory Usage: 2648kB
                    ->  Seq Scan on title t  (cost=0.00..73925.90 rows=822986 width=4) (actual time=377.142..1266.547 rows=738761 loops=1)
                          Filter: ((production_year < 2005) AND (kind_id = 7))
                          Rows Removed by Filter: 1789551
Planning time: 1.147 ms
Execution time: 34044.794 ms
