Hash Join  (cost=159812.38..527154.08 rows=268577 width=0) (actual time=2977.699..10875.642 rows=90796 loops=1)
  Hash Cond: (mi.movie_id = t.id)
  ->  Seq Scan on movie_info mi  (cost=0.00..309384.22 rows=14739122 width=4) (actual time=0.021..4640.662 rows=14835720 loops=1)
  ->  Hash  (cost=159236.44..159236.44 rows=46075 width=8) (actual time=2972.671..2972.671 rows=7046 loops=1)
        Buckets: 65536  Batches: 1  Memory Usage: 788kB
        ->  Hash Join  (cost=68173.50..159236.44 rows=46075 width=8) (actual time=1056.207..2969.037 rows=7046 loops=1)
              Hash Cond: (mk.movie_id = t.id)
              ->  Seq Scan on movie_keyword mk  (cost=0.00..81003.12 rows=2559751 width=4) (actual time=0.019..1491.230 rows=2553391 loops=1)
                    Filter: (keyword_id < 6428)
                    Rows Removed by Filter: 1970539
              ->  Hash  (cost=67604.59..67604.59 rows=45513 width=4) (actual time=1055.577..1055.577 rows=42820 loops=1)
                    Buckets: 65536  Batches: 1  Memory Usage: 2018kB
                    ->  Seq Scan on title t  (cost=0.00..67604.59 rows=45513 width=4) (actual time=0.023..1038.887 rows=42820 loops=1)
                          Filter: (production_year < 1913)
                          Rows Removed by Filter: 2485492
Planning time: 1.170 ms
Execution time: 10889.283 ms
