Seq Scan on movie_keyword mk  (cost=0.00..81003.12 rows=1267078 width=0) (actual time=0.028..1433.409 rows=1277212 loops=1)
  Filter: (keyword_id < 1641)
  Rows Removed by Filter: 3246718
Planning time: 0.657 ms
Execution time: 1595.658 ms
