Seq Scan on movie_keyword mk  (cost=0.00..81003.12 rows=3990037 width=0) (actual time=0.014..1549.252 rows=4000201 loops=1)
  Filter: (keyword_id < 34634)
  Rows Removed by Filter: 523729
Planning time: 0.343 ms
Execution time: 2046.236 ms
