Hash Join  (cost=138864.69..223921.91 rows=11015 width=0) (actual time=2487.855..3927.429 rows=109850 loops=1)
  Hash Cond: (mk.movie_id = t.id)
  ->  Seq Scan on movie_keyword mk  (cost=0.00..81003.12 rows=310651 width=4) (actual time=0.026..1310.793 rows=307583 loops=1)
        Filter: (keyword_id > 52902)
        Rows Removed by Filter: 4216347
  ->  Hash  (cost=137392.97..137392.97 rows=89658 width=8) (actual time=2486.817..2486.817 rows=31613 loops=1)
        Buckets: 131072  Batches: 2  Memory Usage: 1654kB
        ->  Hash Join  (cost=78556.72..137392.97 rows=89658 width=8) (actual time=1326.013..2473.567 rows=31613 loops=1)
              Hash Cond: (mc.movie_id = t.id)
              ->  Seq Scan on movie_companies mc  (cost=0.00..51404.11 rows=339613 width=4) (actual time=0.028..838.715 rows=334457 loops=1)
                    Filter: (company_id < 166)
                    Rows Removed by Filter: 2274672
              ->  Hash  (cost=67604.59..67604.59 rows=667531 width=4) (actual time=1324.331..1324.331 rows=662825 loops=1)
                    Buckets: 131072  Batches: 16  Memory Usage: 2476kB
                    ->  Seq Scan on title t  (cost=0.00..67604.59 rows=667531 width=4) (actual time=26.241..1115.622 rows=662825 loops=1)
                          Filter: (kind_id = 1)
                          Rows Removed by Filter: 1865487
Planning time: 1.160 ms
Execution time: 3940.419 ms
