Hash Join  (cost=243820.77..293122.63 rows=676638 width=0) (actual time=4975.073..7010.615 rows=2760183 loops=1)
  Hash Cond: (mi_idx.movie_id = t.id)
  ->  Seq Scan on movie_info_idx mi_idx  (cost=0.00..21735.35 rows=1380035 width=4) (actual time=0.020..499.796 rows=1380035 loops=1)
  ->  Hash  (cost=223480.90..223480.90 rows=1239749 width=8) (actual time=4974.043..4974.043 rows=1253357 loops=1)
        Buckets: 131072  Batches: 32  Memory Usage: 2551kB
        ->  Hash Join  (cost=102767.86..223480.90 rows=1239749 width=8) (actual time=1875.303..4613.533 rows=1253357 loops=1)
              Hash Cond: (mk.movie_id = t.id)
              ->  Seq Scan on movie_keyword mk  (cost=0.00..81003.12 rows=1239749 width=4) (actual time=0.026..1330.270 rows=1253357 loops=1)
                    Filter: (keyword_id < 1603)
                    Rows Removed by Filter: 3270573
              ->  Hash  (cost=61283.27..61283.27 rows=2528527 width=4) (actual time=1873.215..1873.215 rows=2528312 loops=1)
                    Buckets: 131072  Batches: 64  Memory Usage: 2425kB
                    ->  Seq Scan on title t  (cost=0.00..61283.27 rows=2528527 width=4) (actual time=0.013..1004.832 rows=2528312 loops=1)
Planning time: 1.116 ms
Execution time: 7356.078 ms
