Seq Scan on title t  (cost=0.00..73925.90 rows=619347 width=0) (actual time=41.115..637.165 rows=538460 loops=1)
  Filter: ((production_year > 1930) AND (kind_id = 1))
  Rows Removed by Filter: 1989852
Planning time: 0.350 ms
Execution time: 673.120 ms
