Hash Join  (cost=73997.83..428054.14 rows=4719 width=0) (actual time=3569.693..6629.657 rows=7401 loops=1)
  Hash Cond: (mi.movie_id = t.id)
  ->  Seq Scan on movie_info mi  (cost=0.00..346232.03 rows=2073893 width=4) (actual time=2531.527..5232.237 rows=2091068 loops=1)
        Filter: (info_type_id < 3)
        Rows Removed by Filter: 12744652
  ->  Hash  (cost=73925.90..73925.90 rows=5754 width=4) (actual time=1037.876..1037.876 rows=5353 loops=1)
        Buckets: 8192  Batches: 1  Memory Usage: 253kB
        ->  Seq Scan on title t  (cost=0.00..73925.90 rows=5754 width=4) (actual time=94.233..1035.053 rows=5353 loops=1)
              Filter: ((kind_id = 2) AND (production_year = 2011))
              Rows Removed by Filter: 2522959
Planning time: 0.831 ms
Execution time: 6630.924 ms
