Seq Scan on cast_info ci  (cost=0.00..796071.18 rows=17205664 width=0) (actual time=4109.975..15882.474 rows=16060175 loops=1)
  Filter: ((person_id > 994395) AND (role_id < 4))
  Rows Removed by Filter: 20184169
Planning time: 0.225 ms
Execution time: 17876.140 ms
