Seq Scan on title t  (cost=0.00..73925.90 rows=14936 width=0) (actual time=0.103..1181.242 rows=9597 loops=1)
  Filter: ((production_year < 1973) AND (kind_id = 2))
  Rows Removed by Filter: 2518715
Planning time: 0.395 ms
Execution time: 1183.707 ms
