Hash Join  (cost=180130.14..1248297.16 rows=3345082 width=0) (actual time=3538.681..32116.591 rows=6537129 loops=1)
  Hash Cond: (ci.movie_id = t.id)
  ->  Seq Scan on cast_info ci  (cost=0.00..614943.12 rows=36225612 width=4) (actual time=0.008..13138.356 rows=36244344 loops=1)
  ->  Hash  (cost=176298.58..176298.58 rows=233485 width=8) (actual time=3537.904..3537.904 rows=111721 loops=1)
        Buckets: 131072  Batches: 4  Memory Usage: 2130kB
        ->  Hash Join  (cost=74050.79..176298.58 rows=233485 width=8) (actual time=1335.523..3504.952 rows=111721 loops=1)
              Hash Cond: (mk.movie_id = t.id)
              ->  Seq Scan on movie_keyword mk  (cost=0.00..81003.12 rows=1502618 width=4) (actual time=0.027..1469.261 rows=1521696 loops=1)
                    Filter: (keyword_id > 10584)
                    Rows Removed by Filter: 3002234
              ->  Hash  (cost=67604.59..67604.59 rows=392896 width=4) (actual time=1332.202..1332.202 rows=391666 loops=1)
                    Buckets: 131072  Batches: 8  Memory Usage: 2759kB
                    ->  Seq Scan on title t  (cost=0.00..67604.59 rows=392896 width=4) (actual time=0.019..1200.825 rows=391666 loops=1)
                          Filter: (production_year > 2010)
                          Rows Removed by Filter: 2136646
Planning time: 3.978 ms
Execution time: 32857.411 ms
