Hash Join  (cost=102767.86..175731.09 rows=214295 width=0) (actual time=2187.301..3756.638 rows=333631 loops=1)
  Hash Cond: (mc.movie_id = t.id)
  ->  Seq Scan on movie_companies mc  (cost=0.00..57926.93 rows=214295 width=4) (actual time=0.016..855.852 rows=333631 loops=1)
        Filter: ((company_id < 323) AND (company_type_id < 2))
        Rows Removed by Filter: 2275498
  ->  Hash  (cost=61283.27..61283.27 rows=2528527 width=4) (actual time=2185.477..2185.477 rows=2528312 loops=1)
        Buckets: 131072  Batches: 64  Memory Usage: 2415kB
        ->  Seq Scan on title t  (cost=0.00..61283.27 rows=2528527 width=4) (actual time=0.016..1092.550 rows=2528312 loops=1)
Planning time: 0.793 ms
Execution time: 3796.177 ms
