Hash Join  (cost=73930.12..100844.83 rows=61 width=0) (actual time=1238.609..1396.674 rows=15 loops=1)
  Hash Cond: (mi_idx.movie_id = t.id)
  ->  Seq Scan on movie_info_idx mi_idx  (cost=0.00..25185.44 rows=460978 width=4) (actual time=0.024..399.874 rows=459925 loops=1)
        Filter: (info_type_id = 99)
        Rows Removed by Filter: 920110
  ->  Hash  (cost=73925.90..73925.90 rows=337 width=4) (actual time=942.387..942.387 rows=56 loops=1)
        Buckets: 1024  Batches: 1  Memory Usage: 10kB
        ->  Seq Scan on title t  (cost=0.00..73925.90 rows=337 width=4) (actual time=138.599..942.327 rows=56 loops=1)
              Filter: ((kind_id = 4) AND (production_year = 1980))
              Rows Removed by Filter: 2528256
Planning time: 0.791 ms
Execution time: 1396.751 ms
