Seq Scan on cast_info ci  (cost=0.00..705507.15 rows=25862573 width=0) (actual time=0.020..12695.499 rows=26052095 loops=1)
  Filter: (person_id > 1002041)
  Rows Removed by Filter: 10192249
Planning time: 0.224 ms
Execution time: 15922.782 ms
