Hash Join  (cost=102767.86..1166731.22 rows=14486290 width=0) (actual time=2213.121..28348.194 rows=14411842 loops=1)
  Hash Cond: (ci.movie_id = t.id)
  ->  Seq Scan on cast_info ci  (cost=0.00..705507.15 rows=14486290 width=4) (actual time=275.618..13883.593 rows=14411842 loops=1)
        Filter: (person_id < 1419423)
        Rows Removed by Filter: 21832502
  ->  Hash  (cost=61283.27..61283.27 rows=2528527 width=4) (actual time=1935.324..1935.324 rows=2528312 loops=1)
        Buckets: 131072  Batches: 64  Memory Usage: 2415kB
        ->  Seq Scan on title t  (cost=0.00..61283.27 rows=2528527 width=4) (actual time=0.023..1078.593 rows=2528312 loops=1)
Planning time: 0.802 ms
Execution time: 30062.756 ms
