Hash Join  (cost=83074.20..447739.04 rows=892 width=0) (actual time=1325.101..8091.931 rows=11541 loops=1)
  Hash Cond: (mi.movie_id = t.id)
  ->  Seq Scan on movie_info mi  (cost=0.00..309384.22 rows=14739122 width=4) (actual time=0.018..3989.177 rows=14835720 loops=1)
  ->  Hash  (cost=83072.29..83072.29 rows=153 width=8) (actual time=1323.956..1323.956 rows=355 loops=1)
        Buckets: 1024  Batches: 1  Memory Usage: 22kB
        ->  Nested Loop  (cost=0.43..83072.29 rows=153 width=8) (actual time=1.350..1323.644 rows=355 loops=1)
              ->  Seq Scan on movie_keyword mk  (cost=0.00..81003.12 rows=246 width=4) (actual time=1.321..1277.007 rows=816 loops=1)
                    Filter: (keyword_id = 3618)
                    Rows Removed by Filter: 4523114
              ->  Index Scan using title_pkey on title t  (cost=0.43..8.40 rows=1 width=4) (actual time=0.055..0.056 rows=0 loops=816)
                    Index Cond: (id = mk.movie_id)
                    Filter: (production_year > 1996)
                    Rows Removed by Filter: 1
Planning time: 1.154 ms
Execution time: 8094.349 ms
