Hash Join  (cost=220480.32..372877.56 rows=2494821 width=0) (actual time=4907.624..12139.365 rows=16654689 loops=1)
  Hash Cond: (mk.movie_id = t.id)
  ->  Seq Scan on movie_keyword mk  (cost=0.00..69693.30 rows=4523930 width=4) (actual time=0.013..1443.285 rows=4523930 loops=1)
  ->  Hash  (cost=197603.17..197603.17 rows=1394412 width=8) (actual time=4906.677..4906.677 rows=1405718 loops=1)
        Buckets: 131072  Batches: 32  Memory Usage: 2779kB
        ->  Hash Join  (cost=102767.86..197603.17 rows=1394412 width=8) (actual time=1908.430..4487.842 rows=1405718 loops=1)
              Hash Cond: (mc.movie_id = t.id)
              ->  Seq Scan on movie_companies mc  (cost=0.00..51404.11 rows=1394412 width=4) (actual time=0.023..991.868 rows=1405718 loops=1)
                    Filter: (company_id > 11019)
                    Rows Removed by Filter: 1203411
              ->  Hash  (cost=61283.27..61283.27 rows=2528527 width=4) (actual time=1906.544..1906.544 rows=2528312 loops=1)
                    Buckets: 131072  Batches: 64  Memory Usage: 2415kB
                    ->  Seq Scan on title t  (cost=0.00..61283.27 rows=2528527 width=4) (actual time=0.021..1042.703 rows=2528312 loops=1)
Planning time: 1.103 ms
Execution time: 13815.799 ms
