Seq Scan on title t  (cost=0.00..73925.90 rows=4569 width=0) (actual time=0.678..1201.009 rows=9541 loops=1)
  Filter: ((kind_id > 4) AND (production_year = 1984))
  Rows Removed by Filter: 2518771
Planning time: 0.372 ms
Execution time: 1203.252 ms
