Hash Join  (cost=83810.17..891323.03 rows=191465 width=0) (actual time=2898.590..13198.533 rows=154510 loops=1)
  Hash Cond: (ci.movie_id = t.id)
  ->  Seq Scan on cast_info ci  (cost=0.00..796071.18 rows=490140 width=4) (actual time=1422.359..11292.343 rows=444385 loops=1)
        Filter: ((person_id < 617997) AND (role_id = 4))
        Rows Removed by Filter: 35799959
  ->  Hash  (cost=67604.59..67604.59 rows=987727 width=4) (actual time=1475.109..1475.109 rows=985048 loops=1)
        Buckets: 131072  Batches: 16  Memory Usage: 3188kB
        ->  Seq Scan on title t  (cost=0.00..67604.59 rows=987727 width=4) (actual time=0.034..1182.947 rows=985048 loops=1)
              Filter: (kind_id < 7)
              Rows Removed by Filter: 1543264
Planning time: 0.796 ms
Execution time: 13217.872 ms
