Seq Scan on cast_info ci  (cost=0.00..705507.15 rows=500 width=0) (actual time=6972.710..10568.979 rows=72 loops=1)
  Filter: (person_id = 91571)
  Rows Removed by Filter: 36244272
Planning time: 0.401 ms
Execution time: 10569.093 ms
