Hash Join  (cost=79111.30..605013.93 rows=1740650 width=0) (actual time=1424.582..16492.035 rows=4781354 loops=1)
  Hash Cond: (mi.movie_id = t.id)
  ->  Seq Scan on movie_info mi  (cost=0.00..346232.03 rows=13926693 width=4) (actual time=0.009..7604.262 rows=13963496 loops=1)
        Filter: (info_type_id < 98)
        Rows Removed by Filter: 872224
  ->  Hash  (cost=73925.90..73925.90 rows=316032 width=4) (actual time=1423.627..1423.627 rows=400740 loops=1)
        Buckets: 131072  Batches: 8  Memory Usage: 2801kB
        ->  Seq Scan on title t  (cost=0.00..73925.90 rows=316032 width=4) (actual time=669.617..1295.597 rows=400740 loops=1)
              Filter: ((production_year < 2003) AND (kind_id = 1))
              Rows Removed by Filter: 2127572
Planning time: 0.812 ms
Execution time: 17040.127 ms
