Seq Scan on movie_keyword mk  (cost=0.00..81003.12 rows=246 width=0) (actual time=0.185..1233.725 rows=313 loops=1)
  Filter: (keyword_id = 3375)
  Rows Removed by Filter: 4523617
Planning time: 0.372 ms
Execution time: 1233.976 ms
