Seq Scan on title t  (cost=0.00..73925.90 rows=960008 width=0) (actual time=0.018..1202.005 rows=974400 loops=1)
  Filter: ((kind_id < 7) AND (production_year < 2014))
  Rows Removed by Filter: 1553912
Planning time: 0.319 ms
Execution time: 1322.984 ms
