Hash Join  (cost=73702.75..164504.69 rows=94137 width=0) (actual time=1086.327..3464.582 rows=129373 loops=1)
  Hash Cond: (mk.movie_id = t.id)
  ->  Seq Scan on movie_keyword mk  (cost=0.00..81003.12 rows=640386 width=4) (actual time=0.024..1294.098 rows=641726 loops=1)
        Filter: (keyword_id < 498)
        Rows Removed by Filter: 3882204
  ->  Hash  (cost=67604.59..67604.59 rows=371693 width=4) (actual time=1085.311..1085.311 rows=366430 loops=1)
        Buckets: 131072  Batches: 8  Memory Usage: 2633kB
        ->  Seq Scan on title t  (cost=0.00..67604.59 rows=371693 width=4) (actual time=0.022..968.527 rows=366430 loops=1)
              Filter: (production_year < 1970)
              Rows Removed by Filter: 2161882
Planning time: 0.725 ms
Execution time: 3482.219 ms
