Hash Join  (cost=204744.91..250344.75 rows=460836 width=0) (actual time=4413.055..5821.994 rows=1165281 loops=1)
  Hash Cond: (mi_idx.movie_id = t.id)
  ->  Seq Scan on movie_info_idx mi_idx  (cost=0.00..21735.35 rows=1380035 width=4) (actual time=0.010..436.608 rows=1380035 loops=1)
  ->  Hash  (cost=190891.51..190891.51 rows=844352 width=8) (actual time=4403.833..4403.833 rows=647880 loops=1)
        Buckets: 131072  Batches: 16  Memory Usage: 2598kB
        ->  Hash Join  (cost=102767.86..190891.51 rows=844352 width=8) (actual time=2592.212..4217.417 rows=647880 loops=1)
              Hash Cond: (mc.movie_id = t.id)
              ->  Seq Scan on movie_companies mc  (cost=0.00..57926.93 rows=844352 width=4) (actual time=394.613..1095.220 rows=647880 loops=1)
                    Filter: ((company_id > 2662) AND (company_type_id < 2))
                    Rows Removed by Filter: 1961249
              ->  Hash  (cost=61283.27..61283.27 rows=2528527 width=4) (actual time=2196.653..2196.653 rows=2528312 loops=1)
                    Buckets: 131072  Batches: 64  Memory Usage: 2415kB
                    ->  Seq Scan on title t  (cost=0.00..61283.27 rows=2528527 width=4) (actual time=0.015..1141.202 rows=2528312 loops=1)
Planning time: 1.533 ms
Execution time: 5957.071 ms
