Seq Scan on movie_keyword mk  (cost=0.00..81003.12 rows=246 width=0) (actual time=0.859..1256.099 rows=662 loops=1)
  Filter: (keyword_id = 947)
  Rows Removed by Filter: 4523268
Planning time: 0.484 ms
Execution time: 1256.469 ms
