Hash Join  (cost=96527.63..232554.86 rows=1589882 width=0) (actual time=2144.732..5223.480 rows=376621 loops=1)
  Hash Cond: (mk.movie_id = t.id)
  ->  Seq Scan on movie_keyword mk  (cost=0.00..81003.12 rows=2918209 width=4) (actual time=0.033..1722.656 rows=2905936 loops=1)
        Filter: (keyword_id < 9322)
        Rows Removed by Filter: 1617994
  ->  Hash  (cost=73925.90..73925.90 rows=1377578 width=4) (actual time=1883.588..1883.588 rows=1455833 loops=1)
        Buckets: 131072  Batches: 32  Memory Usage: 2632kB
        ->  Seq Scan on title t  (cost=0.00..73925.90 rows=1377578 width=4) (actual time=0.017..1419.263 rows=1455833 loops=1)
              Filter: ((production_year > 1955) AND (kind_id = 7))
              Rows Removed by Filter: 1072479
Planning time: 1.017 ms
Execution time: 5266.453 ms
