Hash Join  (cost=156209.36..259734.19 rows=278944 width=0) (actual time=3422.607..6031.137 rows=1174012 loops=1)
  Hash Cond: (mk.movie_id = t.id)
  ->  Seq Scan on movie_keyword mk  (cost=0.00..81003.12 rows=1553138 width=4) (actual time=0.012..1539.140 rows=1556646 loops=1)
        Filter: (keyword_id < 2330)
        Rows Removed by Filter: 2967284
  ->  Hash  (cost=148758.81..148758.81 rows=454124 width=8) (actual time=3421.953..3421.953 rows=459925 loops=1)
        Buckets: 131072  Batches: 8  Memory Usage: 3284kB
        ->  Hash Join  (cost=102767.86..148758.81 rows=454124 width=8) (actual time=1992.749..3279.611 rows=459925 loops=1)
              Hash Cond: (mi_idx.movie_id = t.id)
              ->  Seq Scan on movie_info_idx mi_idx  (cost=0.00..25185.44 rows=454124 width=4) (actual time=0.019..518.838 rows=459925 loops=1)
                    Filter: (info_type_id = 100)
                    Rows Removed by Filter: 920110
              ->  Hash  (cost=61283.27..61283.27 rows=2528527 width=4) (actual time=1991.401..1991.401 rows=2528312 loops=1)
                    Buckets: 131072  Batches: 64  Memory Usage: 2415kB
                    ->  Seq Scan on title t  (cost=0.00..61283.27 rows=2528527 width=4) (actual time=0.011..1155.999 rows=2528312 loops=1)
Planning time: 0.780 ms
Execution time: 6177.324 ms
