Seq Scan on movie_keyword mk  (cost=0.00..81003.12 rows=1595956 width=0) (actual time=0.019..1452.303 rows=1608878 loops=1)
  Filter: (keyword_id > 9449)
  Rows Removed by Filter: 2915052
Planning time: 0.237 ms
Execution time: 1651.258 ms
