Seq Scan on title t  (cost=0.00..73925.90 rows=1963 width=0) (actual time=581.872..1133.734 rows=4793 loops=1)
  Filter: ((kind_id < 2) AND (production_year = 1985))
  Rows Removed by Filter: 2523519
Planning time: 0.425 ms
Execution time: 1134.890 ms
