Hash Join  (cost=102767.86..231099.56 rows=1556343 width=0) (actual time=1910.376..5348.930 rows=1561478 loops=1)
  Hash Cond: (mk.movie_id = t.id)
  ->  Seq Scan on movie_keyword mk  (cost=0.00..81003.12 rows=1556343 width=4) (actual time=0.020..1584.365 rows=1561478 loops=1)
        Filter: (keyword_id < 2342)
        Rows Removed by Filter: 2962452
  ->  Hash  (cost=61283.27..61283.27 rows=2528527 width=4) (actual time=1908.680..1908.680 rows=2528312 loops=1)
        Buckets: 131072  Batches: 64  Memory Usage: 2425kB
        ->  Seq Scan on title t  (cost=0.00..61283.27 rows=2528527 width=4) (actual time=0.004..1046.430 rows=2528312 loops=1)
Planning time: 0.778 ms
Execution time: 5517.555 ms
