Hash Join  (cost=94642.16..845625.60 rows=19425 width=0) (actual time=1962.835..18629.965 rows=65551 loops=1)
  Hash Cond: (ci.movie_id = t.id)
  ->  Seq Scan on cast_info ci  (cost=0.00..614943.12 rows=36225612 width=4) (actual time=0.011..9252.463 rows=36244344 loops=1)
  ->  Hash  (cost=94625.21..94625.21 rows=1356 width=8) (actual time=1961.446..1961.446 rows=2791 loops=1)
        Buckets: 4096 (originally 2048)  Batches: 1 (originally 1)  Memory Usage: 142kB
        ->  Hash Join  (cost=67697.55..94625.21 rows=1356 width=8) (actual time=1394.140..1960.068 rows=2791 loops=1)
              Hash Cond: (mi_idx.movie_id = t.id)
              ->  Seq Scan on movie_info_idx mi_idx  (cost=0.00..25185.44 rows=460978 width=4) (actual time=0.015..469.857 rows=459925 loops=1)
                    Filter: (info_type_id < 100)
                    Rows Removed by Filter: 920110
              ->  Hash  (cost=67604.59..67604.59 rows=7437 width=4) (actual time=1390.741..1390.741 rows=11416 loops=1)
                    Buckets: 16384 (originally 8192)  Batches: 1 (originally 1)  Memory Usage: 530kB
                    ->  Seq Scan on title t  (cost=0.00..67604.59 rows=7437 width=4) (actual time=0.318..1384.949 rows=11416 loops=1)
                          Filter: (production_year = 1964)
                          Rows Removed by Filter: 2516896
Planning time: 1.238 ms
Execution time: 18643.231 ms
