Hash Join  (cost=92883.59..1113560.99 rows=7045291 width=0) (actual time=1698.568..19994.151 rows=2897212 loops=1)
  Hash Cond: (ci.movie_id = t.id)
  ->  Seq Scan on cast_info ci  (cost=0.00..796071.18 rows=11561662 width=4) (actual time=0.041..14497.932 rows=4999703 loops=1)
        Filter: ((person_id < 1749977) AND (role_id > 1))
        Rows Removed by Filter: 31244641
  ->  Hash  (cost=67604.59..67604.59 rows=1540800 width=4) (actual time=1697.303..1697.303 rows=1543264 loops=1)
        Buckets: 131072  Batches: 32  Memory Usage: 2722kB
        ->  Seq Scan on title t  (cost=0.00..67604.59 rows=1540800 width=4) (actual time=0.016..1226.557 rows=1543264 loops=1)
              Filter: (kind_id = 7)
              Rows Removed by Filter: 985048
Planning time: 0.563 ms
Execution time: 20317.903 ms
