Hash Join  (cost=94574.69..144053.12 rows=686895 width=0) (actual time=2037.498..3415.589 rows=370623 loops=1)
  Hash Cond: (mi_idx.movie_id = t.id)
  ->  Seq Scan on movie_info_idx mi_idx  (cost=0.00..21735.35 rows=1380035 width=4) (actual time=0.013..441.670 rows=1380035 loops=1)
  ->  Hash  (cost=73925.90..73925.90 rows=1258543 width=4) (actual time=2036.618..2036.618 rows=1221534 loops=1)
        Buckets: 131072  Batches: 32  Memory Usage: 2363kB
        ->  Seq Scan on title t  (cost=0.00..73925.90 rows=1258543 width=4) (actual time=188.127..1369.543 rows=1221534 loops=1)
              Filter: ((kind_id > 6) AND (production_year < 2011))
              Rows Removed by Filter: 1306778
Planning time: 0.596 ms
Execution time: 3461.485 ms
