Hash Join  (cost=163852.20..924835.69 rows=449244 width=0) (actual time=4852.155..18890.454 rows=421074 loops=1)
  Hash Cond: (ci.movie_id = t.id)
  ->  Seq Scan on cast_info ci  (cost=0.00..705507.15 rows=4320508 width=4) (actual time=1059.808..13245.923 rows=4323018 loops=1)
        Filter: (role_id = 10)
        Rows Removed by Filter: 31921326
  ->  Hash  (cost=159537.76..159537.76 rows=262915 width=8) (actual time=3791.468..3791.468 rows=210690 loops=1)
        Buckets: 131072  Batches: 4  Memory Usage: 3083kB
        ->  Hash Join  (cost=83328.83..159537.76 rows=262915 width=8) (actual time=1462.071..3724.666 rows=210690 loops=1)
              Hash Cond: (mc.movie_id = t.id)
              ->  Seq Scan on movie_companies mc  (cost=0.00..57926.93 rows=1159959 width=4) (actual time=0.035..1269.926 rows=1265771 loops=1)
                    Filter: ((company_id > 160) AND (company_type_id > 1))
                    Rows Removed by Filter: 1343358
              ->  Hash  (cost=73925.90..73925.90 rows=573114 width=4) (actual time=1461.064..1461.064 rows=446387 loops=1)
                    Buckets: 131072  Batches: 8  Memory Usage: 2976kB
                    ->  Seq Scan on title t  (cost=0.00..73925.90 rows=573114 width=4) (actual time=0.018..1318.246 rows=446387 loops=1)
                          Filter: ((kind_id > 1) AND (production_year < 1994))
                          Rows Removed by Filter: 2081925
Planning time: 1.177 ms
Execution time: 18935.820 ms
