Hash Join  (cost=100945.93..187621.98 rows=1802 width=0) (actual time=1815.767..3503.537 rows=4455 loops=1)
  Hash Cond: (mk.movie_id = t.id)
  ->  Seq Scan on movie_keyword mk  (cost=0.00..69693.30 rows=4523930 width=4) (actual time=0.025..975.138 rows=4523930 loops=1)
  ->  Hash  (cost=100933.34..100933.34 rows=1007 width=8) (actual time=1779.573..1779.573 rows=1130 loops=1)
        Buckets: 2048 (originally 1024)  Batches: 1 (originally 1)  Memory Usage: 61kB
        ->  Hash Join  (cost=73994.33..100933.34 rows=1007 width=8) (actual time=1183.658..1778.906 rows=1130 loops=1)
              Hash Cond: (mi_idx.movie_id = t.id)
              ->  Seq Scan on movie_info_idx mi_idx  (cost=0.00..25185.44 rows=464934 width=4) (actual time=0.026..496.478 rows=460185 loops=1)
                    Filter: (info_type_id > 100)
                    Rows Removed by Filter: 919850
              ->  Hash  (cost=73925.90..73925.90 rows=5474 width=4) (actual time=1183.232..1183.232 rows=10394 loops=1)
                    Buckets: 16384 (originally 8192)  Batches: 1 (originally 1)  Memory Usage: 494kB
                    ->  Seq Scan on title t  (cost=0.00..73925.90 rows=5474 width=4) (actual time=0.025..1177.841 rows=10394 loops=1)
                          Filter: ((kind_id > 1) AND (production_year = 1970))
                          Rows Removed by Filter: 2517918
Planning time: 1.197 ms
Execution time: 3504.331 ms
