Hash Join  (cost=123818.72..543460.14 rows=447181 width=0) (actual time=4968.510..11905.399 rows=311739 loops=1)
  Hash Cond: (mi.movie_id = t.id)
  ->  Seq Scan on movie_info mi  (cost=0.00..346232.03 rows=5897221 width=4) (actual time=2459.987..5985.462 rows=5884963 loops=1)
        Filter: (info_type_id < 7)
        Rows Removed by Filter: 8950757
  ->  Hash  (cost=120673.02..120673.02 rows=191736 width=8) (actual time=2498.198..2498.198 rows=84558 loops=1)
        Buckets: 131072  Batches: 4  Memory Usage: 1858kB
        ->  Hash Join  (cost=79690.18..120673.02 rows=191736 width=8) (actual time=1451.503..2470.932 rows=84558 loops=1)
              Hash Cond: (mi_idx.movie_id = t.id)
              ->  Seq Scan on movie_info_idx mi_idx  (cost=0.00..21735.35 rows=1380035 width=4) (actual time=0.026..519.833 rows=1380035 loops=1)
              ->  Hash  (cost=73925.90..73925.90 rows=351302 width=4) (actual time=1306.352..1306.352 rows=233910 loops=1)
                    Buckets: 131072  Batches: 8  Memory Usage: 2039kB
                    ->  Seq Scan on title t  (cost=0.00..73925.90 rows=351302 width=4) (actual time=177.646..1227.755 rows=233910 loops=1)
                          Filter: ((production_year < 1984) AND (kind_id = 7))
                          Rows Removed by Filter: 2294402
Planning time: 1.264 ms
Execution time: 11943.868 ms
