Seq Scan on cast_info ci  (cost=0.00..705507.15 rows=24945259 width=0) (actual time=0.016..13038.248 rows=24973202 loops=1)
  Filter: (person_id < 2573539)
  Rows Removed by Filter: 11271142
Planning time: 0.316 ms
Execution time: 16205.420 ms
