Hash Join  (cost=102045.13..857032.47 rows=419815 width=0) (actual time=1893.732..19612.632 rows=696506 loops=1)
  Hash Cond: (ci.movie_id = t.id)
  ->  Seq Scan on cast_info ci  (cost=0.00..614943.12 rows=36225612 width=4) (actual time=0.012..8571.286 rows=36244344 loops=1)
  ->  Hash  (cost=101678.85..101678.85 rows=29303 width=8) (actual time=1893.413..1893.413 rows=20683 loops=1)
        Buckets: 32768  Batches: 1  Memory Usage: 1064kB
        ->  Hash Join  (cost=70241.71..101678.85 rows=29303 width=8) (actual time=1130.993..1886.243 rows=20683 loops=1)
              Hash Cond: (mi_idx.movie_id = t.id)
              ->  Seq Scan on movie_info_idx mi_idx  (cost=0.00..25185.44 rows=460978 width=4) (actual time=0.026..544.196 rows=459925 loops=1)
                    Filter: (info_type_id = 99)
                    Rows Removed by Filter: 920110
              ->  Hash  (cost=67604.59..67604.59 rows=160730 width=4) (actual time=1130.085..1130.085 rows=160017 loops=1)
                    Buckets: 131072  Batches: 4  Memory Usage: 2436kB
                    ->  Seq Scan on title t  (cost=0.00..67604.59 rows=160730 width=4) (actual time=0.018..1074.973 rows=160017 loops=1)
                          Filter: (production_year = 2011)
                          Rows Removed by Filter: 2368295
Planning time: 1.179 ms
Execution time: 19712.421 ms
