Seq Scan on movie_companies mc  (cost=0.00..51404.11 rows=377762 width=0) (actual time=366.917..842.902 rows=381113 loops=1)
  Filter: (company_id > 84145)
  Rows Removed by Filter: 2228016
Planning time: 0.322 ms
Execution time: 896.706 ms
