Seq Scan on title t  (cost=0.00..73925.90 rows=1469415 width=0) (actual time=0.012..1263.512 rows=1450465 loops=1)
  Filter: ((kind_id > 4) AND (production_year < 2013))
  Rows Removed by Filter: 1077847
Planning time: 0.352 ms
Execution time: 1439.266 ms
