Seq Scan on movie_keyword mk  (cost=0.00..81003.12 rows=2843342 width=0) (actual time=0.021..1560.727 rows=2832946 loops=1)
  Filter: (keyword_id < 8552)
  Rows Removed by Filter: 1690984
Planning time: 0.333 ms
Execution time: 1923.135 ms
