Hash Join  (cost=83074.74..109986.57 rows=134 width=0) (actual time=1328.503..1891.341 rows=6519 loops=1)
  Hash Cond: (mi_idx.movie_id = t.id)
  ->  Seq Scan on movie_info_idx mi_idx  (cost=0.00..21735.35 rows=1380035 width=4) (actual time=0.020..276.040 rows=1380035 loops=1)
  ->  Hash  (cost=83071.67..83071.67 rows=246 width=8) (actual time=1327.679..1327.679 rows=2885 loops=1)
        Buckets: 4096 (originally 1024)  Batches: 1 (originally 1)  Memory Usage: 145kB
        ->  Nested Loop  (cost=0.43..83071.67 rows=246 width=8) (actual time=0.799..1325.717 rows=2885 loops=1)
              ->  Seq Scan on movie_keyword mk  (cost=0.00..81003.12 rows=246 width=4) (actual time=0.091..1214.607 rows=2885 loops=1)
                    Filter: (keyword_id = 2102)
                    Rows Removed by Filter: 4521045
              ->  Index Only Scan using title_pkey on title t  (cost=0.43..8.40 rows=1 width=4) (actual time=0.037..0.037 rows=1 loops=2885)
                    Index Cond: (id = mk.movie_id)
                    Heap Fetches: 2885
Planning time: 1.183 ms
Execution time: 1892.515 ms
