Hash Join  (cost=477094.01..637017.38 rows=585694 width=0) (actual time=10998.641..14704.022 rows=292647 loops=1)
  Hash Cond: (mk.movie_id = t.id)
  ->  Seq Scan on movie_keyword mk  (cost=0.00..81003.12 rows=4330664 width=4) (actual time=0.020..1855.019 rows=4327506 loops=1)
        Filter: (keyword_id < 69522)
        Rows Removed by Filter: 196424
  ->  Hash  (cost=471483.42..471483.42 rows=341967 width=8) (actual time=10996.340..10996.340 rows=174867 loops=1)
        Buckets: 131072  Batches: 8  Memory Usage: 1880kB
        ->  Hash Join  (cost=74787.47..471483.42 rows=341967 width=8) (actual time=1655.415..10921.942 rows=174867 loops=1)
              Hash Cond: (mi.movie_id = t.id)
              ->  Seq Scan on movie_info mi  (cost=0.00..346232.03 rows=12545135 width=4) (actual time=490.135..6323.065 rows=12601870 loops=1)
                    Filter: (info_type_id < 17)
                    Rows Removed by Filter: 2233850
              ->  Hash  (cost=73925.90..73925.90 rows=68925 width=4) (actual time=1163.981..1163.981 rows=84076 loops=1)
                    Buckets: 131072  Batches: 1  Memory Usage: 3980kB
                    ->  Seq Scan on title t  (cost=0.00..73925.90 rows=68925 width=4) (actual time=0.031..1131.131 rows=84076 loops=1)
                          Filter: ((kind_id = 7) AND (production_year = 2007))
                          Rows Removed by Filter: 2444236
Planning time: 1.127 ms
Execution time: 14742.049 ms
