Hash Join  (cost=216346.82..363003.70 rows=2023584 width=0) (actual time=5170.327..11033.587 rows=8068454 loops=1)
  Hash Cond: (mk.movie_id = t.id)
  ->  Seq Scan on movie_keyword mk  (cost=0.00..69693.30 rows=4523930 width=4) (actual time=0.022..1515.383 rows=4523930 loops=1)
  ->  Hash  (cost=197789.98..197789.98 rows=1131027 width=8) (actual time=5169.076..5169.076 rows=1242141 loops=1)
        Buckets: 131072  Batches: 16  Memory Usage: 4069kB
        ->  Hash Join  (cost=102767.86..197789.98 rows=1131027 width=8) (actual time=2067.930..4781.979 rows=1242141 loops=1)
              Hash Cond: (mc.movie_id = t.id)
              ->  Seq Scan on movie_companies mc  (cost=0.00..57926.93 rows=1131027 width=4) (actual time=0.014..1198.193 rows=1242141 loops=1)
                    Filter: ((company_id > 228) AND (company_type_id = 2))
                    Rows Removed by Filter: 1366988
              ->  Hash  (cost=61283.27..61283.27 rows=2528527 width=4) (actual time=2066.774..2066.774 rows=2528312 loops=1)
                    Buckets: 131072  Batches: 64  Memory Usage: 2415kB
                    ->  Seq Scan on title t  (cost=0.00..61283.27 rows=2528527 width=4) (actual time=0.015..1175.712 rows=2528312 loops=1)
Planning time: 1.161 ms
Execution time: 11976.416 ms
