Hash Join  (cost=83074.74..447745.01 rows=1434 width=0) (actual time=949.514..8189.944 rows=29426 loops=1)
  Hash Cond: (mi.movie_id = t.id)
  ->  Seq Scan on movie_info mi  (cost=0.00..309384.22 rows=14739122 width=4) (actual time=0.020..4438.489 rows=14835720 loops=1)
  ->  Hash  (cost=83071.67..83071.67 rows=246 width=8) (actual time=936.192..936.192 rows=798 loops=1)
        Buckets: 1024  Batches: 1  Memory Usage: 40kB
        ->  Nested Loop  (cost=0.43..83071.67 rows=246 width=8) (actual time=0.516..935.661 rows=798 loops=1)
              ->  Seq Scan on movie_keyword mk  (cost=0.00..81003.12 rows=246 width=4) (actual time=0.480..911.020 rows=798 loops=1)
                    Filter: (keyword_id = 5817)
                    Rows Removed by Filter: 4523132
              ->  Index Only Scan using title_pkey on title t  (cost=0.43..8.40 rows=1 width=4) (actual time=0.029..0.030 rows=1 loops=798)
                    Index Cond: (id = mk.movie_id)
                    Heap Fetches: 798
Planning time: 2.052 ms
Execution time: 8195.165 ms
