Hash Join  (cost=102123.10..453237.27 rows=14169 width=0) (actual time=2308.276..7235.468 rows=8118 loops=1)
  Hash Cond: (mi.movie_id = t.id)
  ->  Seq Scan on movie_info mi  (cost=0.00..346232.03 rows=1264125 width=4) (actual time=670.638..5352.729 rows=1288928 loops=1)
        Filter: (info_type_id = 2)
        Rows Removed by Filter: 13546792
  ->  Hash  (cost=101768.85..101768.85 rows=28340 width=8) (actual time=1637.004..1637.004 rows=15120 loops=1)
        Buckets: 32768  Batches: 1  Memory Usage: 847kB
        ->  Hash Join  (cost=74574.97..101768.85 rows=28340 width=8) (actual time=1076.169..1631.908 rows=15120 loops=1)
              Hash Cond: (mi_idx.movie_id = t.id)
              ->  Seq Scan on movie_info_idx mi_idx  (cost=0.00..21735.35 rows=1380035 width=4) (actual time=0.037..337.054 rows=1380035 loops=1)
              ->  Hash  (cost=73925.90..73925.90 rows=51925 width=4) (actual time=940.158..940.158 rows=56480 loops=1)
                    Buckets: 65536  Batches: 1  Memory Usage: 2498kB
                    ->  Seq Scan on title t  (cost=0.00..73925.90 rows=51925 width=4) (actual time=0.066..920.788 rows=56480 loops=1)
                          Filter: ((kind_id = 7) AND (production_year = 2004))
                          Rows Removed by Filter: 2471832
Planning time: 1.119 ms
Execution time: 7236.970 ms
