Hash Join  (cost=1290569.46..2504643.26 rows=55001765 width=0) (actual time=31078.411..96661.189 rows=164988226 loops=1)
  Hash Cond: (mi.movie_id = t.id)
  ->  Seq Scan on movie_info mi  (cost=0.00..309384.22 rows=14739122 width=4) (actual time=0.019..6305.970 rows=14835720 loops=1)
  ->  Hash  (cost=1135764.63..1135764.63 rows=9435667 width=8) (actual time=31073.946..31073.946 rows=11931935 loops=1)
        Buckets: 131072 (originally 131072)  Batches: 256 (originally 128)  Memory Usage: 3073kB
        ->  Hash Join  (cost=102767.86..1135764.63 rows=9435667 width=8) (actual time=1898.082..27777.480 rows=11931935 loops=1)
              Hash Cond: (ci.movie_id = t.id)
              ->  Seq Scan on cast_info ci  (cost=0.00..796071.18 rows=9435667 width=4) (actual time=0.021..15926.702 rows=11931935 loops=1)
                    Filter: ((person_id > 1480759) AND (role_id > 2))
                    Rows Removed by Filter: 24312409
              ->  Hash  (cost=61283.27..61283.27 rows=2528527 width=4) (actual time=1897.190..1897.190 rows=2528312 loops=1)
                    Buckets: 131072  Batches: 64  Memory Usage: 2415kB
                    ->  Seq Scan on title t  (cost=0.00..61283.27 rows=2528527 width=4) (actual time=0.014..1081.994 rows=2528312 loops=1)
Planning time: 1.680 ms
Execution time: 115216.399 ms
