Seq Scan on movie_keyword mk  (cost=0.00..81003.12 rows=778668 width=0) (actual time=0.027..1277.612 rows=787046 loops=1)
  Filter: (keyword_id > 23927)
  Rows Removed by Filter: 3736884
Planning time: 0.346 ms
Execution time: 1377.167 ms
