Hash Join  (cost=719511.94..2272876.72 rows=46309984 width=0) (actual time=21951.911..100023.828 rows=208850677 loops=1)
  Hash Cond: (ci.movie_id = t.id)
  ->  Seq Scan on cast_info ci  (cost=0.00..705507.15 rows=20337675 width=4) (actual time=0.015..14516.383 rows=20233968 loops=1)
        Filter: (person_id < 2033196)
        Rows Removed by Filter: 16010376
  ->  Hash  (cost=625051.03..625051.03 rows=5757593 width=8) (actual time=21949.846..21949.846 rows=10872384 loops=1)
        Buckets: 131072 (originally 131072)  Batches: 256 (originally 128)  Memory Usage: 3073kB
        ->  Hash Join  (cost=83810.17..625051.03 rows=5757593 width=8) (actual time=1486.319..18422.331 rows=10872384 loops=1)
              Hash Cond: (mi.movie_id = t.id)
              ->  Seq Scan on movie_info mi  (cost=0.00..309384.22 rows=14739122 width=4) (actual time=0.405..5915.382 rows=14835720 loops=1)
              ->  Hash  (cost=67604.59..67604.59 rows=987727 width=4) (actual time=1484.289..1484.289 rows=985048 loops=1)
                    Buckets: 131072  Batches: 16  Memory Usage: 3197kB
                    ->  Seq Scan on title t  (cost=0.00..67604.59 rows=987727 width=4) (actual time=0.027..1170.869 rows=985048 loops=1)
                          Filter: (kind_id < 7)
                          Rows Removed by Filter: 1543264
Planning time: 8.933 ms
Execution time: 123007.582 ms
