Hash Join  (cost=217858.32..1184617.59 rows=5173551 width=0) (actual time=9742.225..25420.188 rows=5850459 loops=1)
  Hash Cond: (ci.movie_id = t.id)
  ->  Seq Scan on cast_info ci  (cost=0.00..796071.18 rows=9838557 width=4) (actual time=4902.525..14834.909 rows=6824401 loops=1)
        Filter: ((person_id > 791930) AND (role_id < 2))
        Rows Removed by Filter: 29419943
  ->  Hash  (cost=196044.17..196044.17 rows=1329612 width=8) (actual time=4838.452..4838.452 rows=1334883 loops=1)
        Buckets: 131072  Batches: 32  Memory Usage: 2639kB
        ->  Hash Join  (cost=102767.86..196044.17 rows=1329612 width=8) (actual time=1813.858..4415.745 rows=1334883 loops=1)
              Hash Cond: (mc.movie_id = t.id)
              ->  Seq Scan on movie_companies mc  (cost=0.00..51404.11 rows=1329612 width=4) (actual time=0.026..998.911 rows=1334883 loops=1)
                    Filter: (company_type_id > 1)
                    Rows Removed by Filter: 1274246
              ->  Hash  (cost=61283.27..61283.27 rows=2528527 width=4) (actual time=1811.792..1811.792 rows=2528312 loops=1)
                    Buckets: 131072  Batches: 64  Memory Usage: 2415kB
                    ->  Seq Scan on title t  (cost=0.00..61283.27 rows=2528527 width=4) (actual time=0.011..977.583 rows=2528312 loops=1)
Planning time: 1.169 ms
Execution time: 26095.931 ms
