Seq Scan on title t  (cost=0.00..73925.90 rows=21992 width=0) (actual time=97.379..993.029 rows=70 loops=1)
  Filter: ((production_year < 1978) AND (kind_id = 4))
  Rows Removed by Filter: 2528242
Planning time: 0.402 ms
Execution time: 993.180 ms
