Hash Join  (cost=168955.68..210554.43 rows=227626 width=0) (actual time=3966.322..5606.440 rows=1860954 loops=1)
  Hash Cond: (mi_idx.movie_id = t.id)
  ->  Seq Scan on movie_info_idx mi_idx  (cost=0.00..21735.35 rows=1380035 width=4) (actual time=0.022..447.973 rows=1380035 loops=1)
  ->  Hash  (cost=162112.42..162112.42 rows=417061 width=8) (actual time=3965.473..3965.473 rows=957407 loops=1)
        Buckets: 131072 (originally 131072)  Batches: 16 (originally 8)  Memory Usage: 3354kB
        ->  Hash Join  (cost=83810.17..162112.42 rows=417061 width=8) (actual time=1646.714..3721.490 rows=957407 loops=1)
              Hash Cond: (mc.movie_id = t.id)
              ->  Seq Scan on movie_companies mc  (cost=0.00..57926.93 rows=1067654 width=4) (actual time=109.230..1201.452 rows=1274246 loops=1)
                    Filter: ((company_id < 78525) AND (company_type_id = 1))
                    Rows Removed by Filter: 1334883
              ->  Hash  (cost=67604.59..67604.59 rows=987727 width=4) (actual time=1536.636..1536.636 rows=985048 loops=1)
                    Buckets: 131072  Batches: 16  Memory Usage: 3188kB
                    ->  Seq Scan on title t  (cost=0.00..67604.59 rows=987727 width=4) (actual time=0.027..1231.626 rows=985048 loops=1)
                          Filter: (kind_id < 7)
                          Rows Removed by Filter: 1543264
Planning time: 4.890 ms
Execution time: 5821.771 ms
