Hash Join  (cost=83074.74..109986.57 rows=134 width=0) (actual time=1333.826..1877.794 rows=117 loops=1)
  Hash Cond: (mi_idx.movie_id = t.id)
  ->  Seq Scan on movie_info_idx mi_idx  (cost=0.00..21735.35 rows=1380035 width=4) (actual time=0.010..310.399 rows=1380035 loops=1)
  ->  Hash  (cost=83071.67..83071.67 rows=246 width=8) (actual time=1332.696..1332.696 rows=53 loops=1)
        Buckets: 1024  Batches: 1  Memory Usage: 11kB
        ->  Nested Loop  (cost=0.43..83071.67 rows=246 width=8) (actual time=29.123..1332.610 rows=53 loops=1)
              ->  Seq Scan on movie_keyword mk  (cost=0.00..81003.12 rows=246 width=4) (actual time=29.005..1329.474 rows=53 loops=1)
                    Filter: (keyword_id = 9833)
                    Rows Removed by Filter: 4523877
              ->  Index Only Scan using title_pkey on title t  (cost=0.43..8.40 rows=1 width=4) (actual time=0.052..0.053 rows=1 loops=53)
                    Index Cond: (id = mk.movie_id)
                    Heap Fetches: 53
Planning time: 1.152 ms
Execution time: 1877.927 ms
