Hash Join  (cost=166603.58..531277.99 rows=1850 width=0) (actual time=3211.066..10158.959 rows=41287 loops=1)
  Hash Cond: (mi.movie_id = t.id)
  ->  Seq Scan on movie_info mi  (cost=0.00..309384.22 rows=14739122 width=4) (actual time=0.014..4188.440 rows=14835720 loops=1)
  ->  Hash  (cost=166599.62..166599.62 rows=317 width=8) (actual time=3100.664..3100.664 rows=3525 loops=1)
        Buckets: 4096 (originally 1024)  Batches: 1 (originally 1)  Memory Usage: 170kB
        ->  Hash Join  (cost=73929.13..166599.62 rows=317 width=8) (actual time=1182.443..3099.016 rows=3525 loops=1)
              Hash Cond: (mk.movie_id = t.id)
              ->  Seq Scan on movie_keyword mk  (cost=0.00..81003.12 rows=3110451 width=4) (actual time=0.027..1449.101 rows=3091855 loops=1)
                    Filter: (keyword_id > 1969)
                    Rows Removed by Filter: 1432075
              ->  Hash  (cost=73925.90..73925.90 rows=258 width=4) (actual time=1181.119..1181.119 rows=3378 loops=1)
                    Buckets: 4096 (originally 1024)  Batches: 1 (originally 1)  Memory Usage: 151kB
                    ->  Seq Scan on title t  (cost=0.00..73925.90 rows=258 width=4) (actual time=0.342..1179.360 rows=3378 loops=1)
                          Filter: ((kind_id < 7) AND (production_year > 2013))
                          Rows Removed by Filter: 2524934
Planning time: 4.910 ms
Execution time: 10165.046 ms
