Hash Join  (cost=139597.14..1161093.47 rows=4886639 width=0) (actual time=5699.918..33172.141 rows=15574453 loops=1)
  Hash Cond: (ci.movie_id = t.id)
  ->  Seq Scan on cast_info ci  (cost=0.00..705507.15 rows=22920203 width=4) (actual time=2340.038..14885.039 rows=22970016 loops=1)
        Filter: (person_id > 1308735)
        Rows Removed by Filter: 13274328
  ->  Hash  (cost=130752.54..130752.54 rows=539088 width=8) (actual time=3358.740..3358.740 rows=954317 loops=1)
        Buckets: 131072 (originally 131072)  Batches: 16 (originally 8)  Memory Usage: 3354kB
        ->  Hash Join  (cost=83810.17..130752.54 rows=539088 width=8) (actual time=1443.383..3056.264 rows=954317 loops=1)
              Hash Cond: (mi_idx.movie_id = t.id)
              ->  Seq Scan on movie_info_idx mi_idx  (cost=0.00..21735.35 rows=1380035 width=4) (actual time=0.026..477.147 rows=1380035 loops=1)
              ->  Hash  (cost=67604.59..67604.59 rows=987727 width=4) (actual time=1442.570..1442.570 rows=985048 loops=1)
                    Buckets: 131072  Batches: 16  Memory Usage: 3188kB
                    ->  Seq Scan on title t  (cost=0.00..67604.59 rows=987727 width=4) (actual time=0.036..1126.617 rows=985048 loops=1)
                          Filter: (kind_id < 7)
                          Rows Removed by Filter: 1543264
Planning time: 1.074 ms
Execution time: 34870.679 ms
