Hash Join  (cost=174865.45..990056.69 rows=370552 width=0) (actual time=8571.228..16351.120 rows=1606932 loops=1)
  Hash Cond: (ci.movie_id = t.id)
  ->  Seq Scan on cast_info ci  (cost=0.00..796071.18 rows=1023877 width=4) (actual time=4852.548..11197.859 rows=1588666 loops=1)
        Filter: ((person_id > 3747415) AND (role_id > 1))
        Rows Removed by Filter: 34655678
  ->  Hash  (cost=159851.69..159851.69 rows=915101 width=8) (actual time=3717.288..3717.288 rows=919850 loops=1)
        Buckets: 131072  Batches: 16  Memory Usage: 3269kB
        ->  Hash Join  (cost=102767.86..159851.69 rows=915101 width=8) (actual time=1879.420..3493.079 rows=919850 loops=1)
              Hash Cond: (mi_idx.movie_id = t.id)
              ->  Seq Scan on movie_info_idx mi_idx  (cost=0.00..25185.44 rows=915101 width=4) (actual time=0.028..579.764 rows=919850 loops=1)
                    Filter: (info_type_id < 101)
                    Rows Removed by Filter: 460185
              ->  Hash  (cost=61283.27..61283.27 rows=2528527 width=4) (actual time=1877.274..1877.274 rows=2528312 loops=1)
                    Buckets: 131072  Batches: 64  Memory Usage: 2415kB
                    ->  Seq Scan on title t  (cost=0.00..61283.27 rows=2528527 width=4) (actual time=0.025..1044.692 rows=2528312 loops=1)
Planning time: 1.120 ms
Execution time: 16541.637 ms
