Hash Join  (cost=141713.50..230029.95 rows=22853 width=0) (actual time=2565.091..4261.026 rows=6336 loops=1)
  Hash Cond: (mk.movie_id = t.id)
  ->  Seq Scan on movie_keyword mk  (cost=0.00..81003.12 rows=1889279 width=4) (actual time=0.025..1517.504 rows=1894945 loops=1)
        Filter: (keyword_id > 7156)
        Rows Removed by Filter: 2628985
  ->  Hash  (cost=141331.19..141331.19 rows=30585 width=8) (actual time=2436.779..2436.779 rows=14853 loops=1)
        Buckets: 32768  Batches: 1  Memory Usage: 837kB
        ->  Hash Join  (cost=76263.51..141331.19 rows=30585 width=8) (actual time=1706.450..2431.187 rows=14853 loops=1)
              Hash Cond: (mc.movie_id = t.id)
              ->  Seq Scan on movie_companies mc  (cost=0.00..57926.93 rows=542906 width=4) (actual time=424.346..991.518 rows=329862 loops=1)
                    Filter: ((company_id < 6354) AND (company_type_id > 1))
                    Rows Removed by Filter: 2279267
              ->  Hash  (cost=73925.90..73925.90 rows=142448 width=4) (actual time=1281.310..1281.310 rows=151188 loops=1)
                    Buckets: 131072  Batches: 2  Memory Usage: 3682kB
                    ->  Seq Scan on title t  (cost=0.00..73925.90 rows=142448 width=4) (actual time=0.039..1226.483 rows=151188 loops=1)
                          Filter: ((kind_id > 4) AND (production_year > 2011))
                          Rows Removed by Filter: 2377124
Planning time: 1.133 ms
Execution time: 4262.215 ms
