Hash Join  (cost=243319.60..1241725.52 rows=8041526 width=0) (actual time=6715.054..46535.246 rows=71543019 loops=1)
  Hash Cond: (ci.movie_id = t.id)
  ->  Seq Scan on cast_info ci  (cost=0.00..705507.15 rows=16201301 width=4) (actual time=0.014..14349.758 rows=16121683 loops=1)
        Filter: (role_id > 2)
        Rows Removed by Filter: 20122661
  ->  Hash  (cost=222728.65..222728.65 rows=1255036 width=8) (actual time=6713.504..6713.504 rows=3357259 loops=1)
        Buckets: 131072 (originally 131072)  Batches: 64 (originally 32)  Memory Usage: 3107kB
        ->  Hash Join  (cost=85435.26..222728.65 rows=1255036 width=8) (actual time=1418.775..5817.270 rows=3357259 loops=1)
              Hash Cond: (mk.movie_id = t.id)
              ->  Seq Scan on movie_keyword mk  (cost=0.00..69693.30 rows=4523930 width=4) (actual time=0.025..1519.507 rows=4523930 loops=1)
              ->  Hash  (cost=73925.90..73925.90 rows=701468 width=4) (actual time=1417.963..1417.963 rows=749931 loops=1)
                    Buckets: 131072  Batches: 16  Memory Usage: 2682kB
                    ->  Seq Scan on title t  (cost=0.00..73925.90 rows=701468 width=4) (actual time=0.025..1168.675 rows=749931 loops=1)
                          Filter: ((kind_id < 7) AND (production_year < 2009))
                          Rows Removed by Filter: 1778381
Planning time: 1.146 ms
Execution time: 54127.847 ms
