Seq Scan on cast_info ci  (cost=0.00..705507.15 rows=31683513 width=0) (actual time=0.016..13384.799 rows=31821988 loops=1)
  Filter: (person_id > 426999)
  Rows Removed by Filter: 4422356
Planning time: 0.256 ms
Execution time: 17258.205 ms
