Hash Join  (cost=613898.24..2170350.34 rows=28837581 width=0) (actual time=14397.421..48832.225 rows=14804812 loops=1)
  Hash Cond: (ci.movie_id = t.id)
  ->  Seq Scan on cast_info ci  (cost=0.00..614943.12 rows=36225612 width=4) (actual time=0.009..13583.399 rows=36244344 loops=1)
  ->  Hash  (cost=580874.65..580874.65 rows=2012847 width=8) (actual time=14395.587..14395.587 rows=947411 loops=1)
        Buckets: 131072  Batches: 32  Memory Usage: 2113kB
        ->  Hash Join  (cost=79591.26..580874.65 rows=2012847 width=8) (actual time=1388.224..14089.860 rows=947411 loops=1)
              Hash Cond: (mi.movie_id = t.id)
              ->  Seq Scan on movie_info mi  (cost=0.00..309384.22 rows=14739122 width=4) (actual time=0.023..6062.375 rows=14835720 loops=1)
              ->  Hash  (cost=73925.90..73925.90 rows=345308 width=4) (actual time=1365.121..1365.121 rows=211028 loops=1)
                    Buckets: 131072  Batches: 8  Memory Usage: 1948kB
                    ->  Seq Scan on title t  (cost=0.00..73925.90 rows=345308 width=4) (actual time=0.028..1291.673 rows=211028 loops=1)
                          Filter: ((kind_id > 3) AND (production_year < 1981))
                          Rows Removed by Filter: 2317284
Planning time: 1.196 ms
Execution time: 50413.335 ms
