Hash Join  (cost=86907.34..149560.69 rows=34817 width=0) (actual time=2098.589..2611.174 rows=175640 loops=1)
  Hash Cond: (mc.movie_id = t.id)
  ->  Seq Scan on movie_companies mc  (cost=0.00..57926.93 rows=111265 width=4) (actual time=616.602..918.302 rows=219921 loops=1)
        Filter: ((company_id > 108011) AND (company_type_id > 1))
        Rows Removed by Filter: 2389208
  ->  Hash  (cost=73925.90..73925.90 rows=791235 width=4) (actual time=1480.901..1480.901 rows=701949 loops=1)
        Buckets: 131072  Batches: 16  Memory Usage: 2566kB
        ->  Seq Scan on title t  (cost=0.00..73925.90 rows=791235 width=4) (actual time=0.047..1255.760 rows=701949 loops=1)
              Filter: ((kind_id < 7) AND (production_year > 1974))
              Rows Removed by Filter: 1826363
Planning time: 0.731 ms
Execution time: 2626.913 ms
