Hash Join  (cost=463095.67..590381.55 rows=464152 width=0) (actual time=7841.044..10849.398 rows=248464 loops=1)
  Hash Cond: (mk.movie_id = t.id)
  ->  Seq Scan on movie_keyword mk  (cost=0.00..81003.12 rows=3487530 width=4) (actual time=0.024..1656.495 rows=3480444 loops=1)
        Filter: (keyword_id < 16989)
        Rows Removed by Filter: 1043486
  ->  Hash  (cost=457574.18..457574.18 rows=336519 width=8) (actual time=7749.723..7749.723 rows=127520 loops=1)
        Buckets: 131072  Batches: 8  Memory Usage: 1654kB
        ->  Hash Join  (cost=95339.12..457574.18 rows=336519 width=8) (actual time=3607.682..7704.411 rows=127520 loops=1)
              Hash Cond: (mi.movie_id = t.id)
              ->  Seq Scan on movie_info mi  (cost=0.00..346232.03 rows=651960 width=4) (actual time=1275.565..4784.724 rows=660923 loops=1)
                    Filter: (info_type_id = 18)
                    Rows Removed by Filter: 14174797
              ->  Hash  (cost=73925.90..73925.90 rows=1305137 width=4) (actual time=2331.287..2331.287 rows=1386718 loops=1)
                    Buckets: 131072  Batches: 32  Memory Usage: 2556kB
                    ->  Seq Scan on title t  (cost=0.00..73925.90 rows=1305137 width=4) (actual time=0.021..1558.708 rows=1386718 loops=1)
                          Filter: ((kind_id > 4) AND (production_year > 1967))
                          Rows Removed by Filter: 1141594
Planning time: 1.163 ms
Execution time: 10879.819 ms
