Hash Join  (cost=97651.71..934935.30 rows=4174100 width=0) (actual time=1952.142..21626.560 rows=4503392 loops=1)
  Hash Cond: (ci.movie_id = t.id)
  ->  Seq Scan on cast_info ci  (cost=0.00..705507.15 rows=7298253 width=4) (actual time=0.023..14409.427 rows=7451973 loops=1)
        Filter: (role_id = 2)
        Rows Removed by Filter: 28792371
  ->  Hash  (cost=73925.90..73925.90 rows=1446144 width=4) (actual time=1951.192..1951.192 rows=1429781 loops=1)
        Buckets: 131072  Batches: 32  Memory Usage: 2594kB
        ->  Seq Scan on title t  (cost=0.00..73925.90 rows=1446144 width=4) (actual time=0.023..1488.526 rows=1429781 loops=1)
              Filter: ((kind_id > 2) AND (production_year < 2011))
              Rows Removed by Filter: 1098531
Planning time: 0.770 ms
Execution time: 22129.667 ms
