Hash Join  (cost=68058.67..166605.25 rows=64732 width=0) (actual time=1123.824..3435.978 rows=76264 loops=1)
  Hash Cond: (mk.movie_id = t.id)
  ->  Seq Scan on movie_keyword mk  (cost=0.00..81003.12 rows=4505635 width=4) (actual time=0.029..1574.758 rows=4508775 loops=1)
        Filter: (keyword_id < 121020)
        Rows Removed by Filter: 15155
  ->  Hash  (cost=67604.59..67604.59 rows=36327 width=4) (actual time=1123.137..1123.137 rows=36509 loops=1)
        Buckets: 65536  Batches: 1  Memory Usage: 1796kB
        ->  Seq Scan on title t  (cost=0.00..67604.59 rows=36327 width=4) (actual time=0.086..1107.421 rows=36509 loops=1)
              Filter: (production_year = 1996)
              Rows Removed by Filter: 2491803
Planning time: 0.728 ms
Execution time: 3445.994 ms
