Seq Scan on movie_companies mc  (cost=0.00..51404.11 rows=2431049 width=0) (actual time=0.018..797.735 rows=2430407 loops=1)
  Filter: (company_id < 120774)
  Rows Removed by Filter: 178722
Planning time: 0.223 ms
Execution time: 1045.006 ms
