Hash Join  (cost=83074.74..109986.57 rows=134 width=0) (actual time=1314.236..1833.047 rows=1125 loops=1)
  Hash Cond: (mi_idx.movie_id = t.id)
  ->  Seq Scan on movie_info_idx mi_idx  (cost=0.00..21735.35 rows=1380035 width=4) (actual time=0.020..277.448 rows=1380035 loops=1)
  ->  Hash  (cost=83071.67..83071.67 rows=246 width=8) (actual time=1302.341..1302.341 rows=515 loops=1)
        Buckets: 1024  Batches: 1  Memory Usage: 29kB
        ->  Nested Loop  (cost=0.43..83071.67 rows=246 width=8) (actual time=2.859..1301.877 rows=515 loops=1)
              ->  Seq Scan on movie_keyword mk  (cost=0.00..81003.12 rows=246 width=4) (actual time=2.799..1267.646 rows=515 loops=1)
                    Filter: (keyword_id = 6115)
                    Rows Removed by Filter: 4523415
              ->  Index Only Scan using title_pkey on title t  (cost=0.43..8.40 rows=1 width=4) (actual time=0.064..0.064 rows=1 loops=515)
                    Index Cond: (id = mk.movie_id)
                    Heap Fetches: 515
Planning time: 1.113 ms
Execution time: 1833.367 ms
