Hash Join  (cost=102767.86..204920.35 rows=468392 width=0) (actual time=2069.678..4493.920 rows=465868 loops=1)
  Hash Cond: (mk.movie_id = t.id)
  ->  Seq Scan on movie_keyword mk  (cost=0.00..81003.12 rows=468392 width=4) (actual time=0.020..1395.997 rows=465868 loops=1)
        Filter: (keyword_id > 38237)
        Rows Removed by Filter: 4058062
  ->  Hash  (cost=61283.27..61283.27 rows=2528527 width=4) (actual time=2068.007..2068.007 rows=2528312 loops=1)
        Buckets: 131072  Batches: 64  Memory Usage: 2425kB
        ->  Seq Scan on title t  (cost=0.00..61283.27 rows=2528527 width=4) (actual time=0.004..1168.530 rows=2528312 loops=1)
Planning time: 0.470 ms
Execution time: 4549.422 ms
