Hash Join  (cost=261865.67..910429.59 rows=14089209 width=0) (actual time=6332.397..34111.868 rows=63905558 loops=1)
  Hash Cond: (mi.movie_id = t.id)
  ->  Seq Scan on movie_info mi  (cost=0.00..309384.22 rows=14739122 width=4) (actual time=0.013..6271.766 rows=14835720 loops=1)
  ->  Hash  (cost=222210.76..222210.76 rows=2417033 width=8) (actual time=6330.536..6330.536 rows=2417919 loops=1)
        Buckets: 131072  Batches: 32  Memory Usage: 4023kB
        ->  Hash Join  (cost=102767.86..222210.76 rows=2417033 width=8) (actual time=2013.648..5603.582 rows=2417919 loops=1)
              Hash Cond: (mc.movie_id = t.id)
              ->  Seq Scan on movie_companies mc  (cost=0.00..51404.11 rows=2417033 width=4) (actual time=0.026..1182.357 rows=2417919 loops=1)
                    Filter: (company_id > 49)
                    Rows Removed by Filter: 191210
              ->  Hash  (cost=61283.27..61283.27 rows=2528527 width=4) (actual time=2012.553..2012.553 rows=2528312 loops=1)
                    Buckets: 131072  Batches: 64  Memory Usage: 2415kB
                    ->  Seq Scan on title t  (cost=0.00..61283.27 rows=2528527 width=4) (actual time=0.026..1173.009 rows=2528312 loops=1)
Planning time: 1.237 ms
Execution time: 40745.072 ms
