Hash Join  (cost=190230.21..277420.93 rows=974677 width=0) (actual time=4218.683..7167.823 rows=2717569 loops=1)
  Hash Cond: (mc.movie_id = t.id)
  ->  Seq Scan on movie_companies mc  (cost=0.00..51404.11 rows=1785823 width=4) (actual time=0.025..1078.168 rows=1793315 loops=1)
        Filter: (company_id > 1893)
        Rows Removed by Filter: 815814
  ->  Hash  (cost=167588.78..167588.78 rows=1380035 width=8) (actual time=4217.594..4217.594 rows=1380035 loops=1)
        Buckets: 131072  Batches: 32  Memory Usage: 2708kB
        ->  Hash Join  (cost=102767.86..167588.78 rows=1380035 width=8) (actual time=1925.428..3860.136 rows=1380035 loops=1)
              Hash Cond: (mi_idx.movie_id = t.id)
              ->  Seq Scan on movie_info_idx mi_idx  (cost=0.00..21735.35 rows=1380035 width=4) (actual time=0.026..498.404 rows=1380035 loops=1)
              ->  Hash  (cost=61283.27..61283.27 rows=2528527 width=4) (actual time=1923.713..1923.713 rows=2528312 loops=1)
                    Buckets: 131072  Batches: 64  Memory Usage: 2415kB
                    ->  Seq Scan on title t  (cost=0.00..61283.27 rows=2528527 width=4) (actual time=0.009..1087.279 rows=2528312 loops=1)
Planning time: 1.140 ms
Execution time: 7501.185 ms
