Hash Join  (cost=69179.59..162584.47 rows=38234 width=0) (actual time=966.911..2754.383 rows=40787 loops=1)
  Hash Cond: (mk.movie_id = t.id)
  ->  Seq Scan on movie_keyword mk  (cost=0.00..81003.12 rows=1007044 width=4) (actual time=0.031..1438.496 rows=1009410 loops=1)
        Filter: (keyword_id < 978)
        Rows Removed by Filter: 3514520
  ->  Hash  (cost=67604.59..67604.59 rows=96000 width=4) (actual time=965.949..965.949 rows=95005 loops=1)
        Buckets: 131072  Batches: 2  Memory Usage: 2722kB
        ->  Seq Scan on title t  (cost=0.00..67604.59 rows=96000 width=4) (actual time=0.015..928.232 rows=95005 loops=1)
              Filter: (production_year = 2005)
              Rows Removed by Filter: 2433307
Planning time: 3.286 ms
Execution time: 2761.046 ms
