Hash Join  (cost=709675.22..1104394.30 rows=337 width=0) (actual time=10047.545..18042.565 rows=8 loops=1)
  Hash Cond: (mi.movie_id = t.id)
  ->  Seq Scan on movie_info mi  (cost=0.00..346232.03 rows=12928982 width=4) (actual time=0.015..6277.034 rows=12970088 loops=1)
        Filter: (info_type_id < 18)
        Rows Removed by Filter: 1865632
  ->  Hash  (cost=709674.40..709674.40 rows=66 width=8) (actual time=10046.406..10046.406 rows=1 loops=1)
        Buckets: 1024  Batches: 1  Memory Usage: 9kB
        ->  Nested Loop  (cost=0.43..709674.40 rows=66 width=8) (actual time=503.207..10046.398 rows=1 loops=1)
              ->  Seq Scan on cast_info ci  (cost=0.00..705507.15 rows=500 width=4) (actual time=503.133..10043.536 rows=287 loops=1)
                    Filter: (person_id = 398268)
                    Rows Removed by Filter: 36244057
              ->  Index Scan using title_pkey on title t  (cost=0.43..8.32 rows=1 width=4) (actual time=0.009..0.009 rows=0 loops=287)
                    Index Cond: (id = ci.movie_id)
                    Filter: ((production_year < 2004) AND (kind_id = 1))
                    Rows Removed by Filter: 1
Planning time: 0.808 ms
Execution time: 18042.678 ms
