Hash Join  (cost=178329.21..1226967.47 rows=1444112 width=0) (actual time=3583.858..28798.435 rows=811300 loops=1)
  Hash Cond: (ci.movie_id = t.id)
  ->  Seq Scan on cast_info ci  (cost=0.00..614943.12 rows=36225612 width=4) (actual time=0.024..12711.421 rows=36244344 loops=1)
  ->  Hash  (cost=176675.24..176675.24 rows=100798 width=8) (actual time=3582.432..3582.432 rows=25595 loops=1)
        Buckets: 131072  Batches: 2  Memory Usage: 1530kB
        ->  Hash Join  (cost=76725.80..176675.24 rows=100798 width=8) (actual time=1359.797..3572.855 rows=25595 loops=1)
              Hash Cond: (mk.movie_id = t.id)
              ->  Seq Scan on movie_keyword mk  (cost=0.00..81003.12 rows=1493688 width=4) (actual time=0.012..1606.369 rows=1513369 loops=1)
                    Filter: (keyword_id > 10706)
                    Rows Removed by Filter: 3010561
              ->  Hash  (cost=73925.90..73925.90 rows=170632 width=4) (actual time=1355.733..1355.733 rows=170068 loops=1)
                    Buckets: 131072  Batches: 4  Memory Usage: 2540kB
                    ->  Seq Scan on title t  (cost=0.00..73925.90 rows=170632 width=4) (actual time=0.028..1284.369 rows=170068 loops=1)
                          Filter: ((kind_id > 1) AND (production_year > 2011))
                          Rows Removed by Filter: 2358244
Planning time: 1.084 ms
Execution time: 28907.373 ms
