Seq Scan on title t  (cost=0.00..73925.90 rows=26809 width=0) (actual time=0.028..1260.495 rows=15183 loops=1)
  Filter: ((production_year > 2008) AND (kind_id = 3))
  Rows Removed by Filter: 2513129
Planning time: 0.380 ms
Execution time: 1263.093 ms
