Hash Join  (cost=128797.77..625396.89 rows=1573821 width=0) (actual time=2728.811..17055.725 rows=8762988 loops=1)
  Hash Cond: (mi.movie_id = t.id)
  ->  Seq Scan on movie_info mi  (cost=0.00..309384.22 rows=14739122 width=4) (actual time=0.030..5652.575 rows=14835720 loops=1)
  ->  Hash  (cost=124367.87..124367.87 rows=269992 width=8) (actual time=2727.825..2727.825 rows=386479 loops=1)
        Buckets: 131072 (originally 131072)  Batches: 8 (originally 4)  Memory Usage: 3073kB
        ->  Hash Join  (cost=82042.47..124367.87 rows=269992 width=8) (actual time=1390.809..2599.146 rows=386479 loops=1)
              Hash Cond: (mi_idx.movie_id = t.id)
              ->  Seq Scan on movie_info_idx mi_idx  (cost=0.00..21735.35 rows=1380035 width=4) (actual time=0.022..473.267 rows=1380035 loops=1)
              ->  Hash  (cost=73925.90..73925.90 rows=494685 width=4) (actual time=1342.872..1342.872 rows=364663 loops=1)
                    Buckets: 131072  Batches: 8  Memory Usage: 2632kB
                    ->  Seq Scan on title t  (cost=0.00..73925.90 rows=494685 width=4) (actual time=0.013..1225.230 rows=364663 loops=1)
                          Filter: ((production_year > 1984) AND (kind_id = 1))
                          Rows Removed by Filter: 2163649
Planning time: 2.272 ms
Execution time: 18009.109 ms
