Seq Scan on movie_companies mc  (cost=0.00..51404.11 rows=104 width=0) (actual time=340.138..851.802 rows=216 loops=1)
  Filter: (company_id = 10587)
  Rows Removed by Filter: 2608913
Planning time: 5.546 ms
Execution time: 851.965 ms
