Hash Join  (cost=222651.50..1430534.90 rows=12362104 width=0) (actual time=5719.052..61476.548 rows=96251286 loops=1)
  Hash Cond: (ci.movie_id = t.id)
  ->  Seq Scan on cast_info ci  (cost=0.00..705507.15 rows=32431518 width=4) (actual time=0.012..17240.406 rows=32567928 loops=1)
        Filter: (person_id > 351864)
        Rows Removed by Filter: 3676416
  ->  Hash  (cost=206838.83..206838.83 rows=963813 width=8) (actual time=5717.592..5717.592 rows=2089392 loops=1)
        Buckets: 131072 (originally 131072)  Batches: 32 (originally 16)  Memory Usage: 3562kB
        ->  Hash Join  (cost=83810.17..206838.83 rows=963813 width=8) (actual time=1439.115..5099.259 rows=2089392 loops=1)
              Hash Cond: (mk.movie_id = t.id)
              ->  Seq Scan on movie_keyword mk  (cost=0.00..81003.12 rows=2467308 width=4) (actual time=0.007..1609.530 rows=2459956 loops=1)
                    Filter: (keyword_id > 3662)
                    Rows Removed by Filter: 2063974
              ->  Hash  (cost=67604.59..67604.59 rows=987727 width=4) (actual time=1437.517..1437.517 rows=985048 loops=1)
                    Buckets: 131072  Batches: 16  Memory Usage: 3197kB
                    ->  Seq Scan on title t  (cost=0.00..67604.59 rows=987727 width=4) (actual time=0.017..1124.795 rows=985048 loops=1)
                          Filter: (kind_id < 7)
                          Rows Removed by Filter: 1543264
Planning time: 1.157 ms
Execution time: 72190.866 ms
