Hash Join  (cost=94917.47..181684.43 rows=10892 width=0) (actual time=868.638..2281.013 rows=12377 loops=1)
  Hash Cond: (mk.movie_id = t.id)
  ->  Seq Scan on movie_keyword mk  (cost=0.00..69693.30 rows=4523930 width=4) (actual time=0.014..752.073 rows=4523930 loops=1)
  ->  Hash  (cost=94841.37..94841.37 rows=6088 width=8) (actual time=851.275..851.275 rows=4248 loops=1)
        Buckets: 8192  Batches: 1  Memory Usage: 230kB
        ->  Nested Loop  (cost=0.43..94841.37 rows=6088 width=8) (actual time=0.076..849.074 rows=4248 loops=1)
              ->  Seq Scan on movie_companies mc  (cost=0.00..51404.11 rows=6088 width=4) (actual time=0.033..738.635 rows=4248 loops=1)
                    Filter: (company_id = 687)
                    Rows Removed by Filter: 2604881
              ->  Index Only Scan using title_pkey on title t  (cost=0.43..7.12 rows=1 width=4) (actual time=0.025..0.025 rows=1 loops=4248)
                    Index Cond: (id = mc.movie_id)
                    Heap Fetches: 4248
Planning time: 1.166 ms
Execution time: 2282.107 ms
