Hash Join  (cost=156845.23..237996.82 rows=576800 width=0) (actual time=3863.583..6955.146 rows=1436883 loops=1)
  Hash Cond: (mc.movie_id = t.id)
  ->  Seq Scan on movie_companies mc  (cost=0.00..51404.11 rows=1800126 width=4) (actual time=0.024..1047.404 rows=1805336 loops=1)
        Filter: (company_id > 1782)
        Rows Removed by Filter: 803793
  ->  Hash  (cost=143552.76..143552.76 rows=810197 width=8) (actual time=3862.707..3862.707 rows=729984 loops=1)
        Buckets: 131072  Batches: 16  Memory Usage: 2801kB
        ->  Hash Join  (cost=91959.31..143552.76 rows=810197 width=8) (actual time=2129.908..3655.788 rows=729984 loops=1)
              Hash Cond: (mi_idx.movie_id = t.id)
              ->  Seq Scan on movie_info_idx mi_idx  (cost=0.00..21735.35 rows=1380035 width=4) (actual time=0.025..427.625 rows=1380035 loops=1)
              ->  Hash  (cost=67604.59..67604.59 rows=1484458 width=4) (actual time=2128.418..2128.418 rows=1485030 loops=1)
                    Buckets: 131072  Batches: 32  Memory Usage: 2655kB
                    ->  Seq Scan on title t  (cost=0.00..67604.59 rows=1484458 width=4) (actual time=0.013..1265.093 rows=1485030 loops=1)
                          Filter: (production_year > 1998)
                          Rows Removed by Filter: 1043282
Planning time: 1.129 ms
Execution time: 7129.351 ms
