Seq Scan on cast_info ci  (cost=0.00..796071.18 rows=6208070 width=0) (actual time=0.008..15137.666 rows=7450680 loops=1)
  Filter: ((person_id > 515025) AND (role_id = 2))
  Rows Removed by Filter: 28793664
Planning time: 0.407 ms
Execution time: 16037.914 ms
