Hash Join  (cost=87180.69..154452.00 rows=135701 width=0) (actual time=2005.906..3187.560 rows=252286 loops=1)
  Hash Cond: (mc.movie_id = t.id)
  ->  Seq Scan on movie_companies mc  (cost=0.00..57926.93 rows=287564 width=4) (actual time=379.024..964.356 rows=568886 loops=1)
        Filter: ((company_id > 71403) AND (company_type_id > 1))
        Rows Removed by Filter: 2040243
  ->  Hash  (cost=67604.59..67604.59 rows=1193208 width=4) (actual time=1626.057..1626.057 rows=1192518 loops=1)
        Buckets: 131072  Batches: 16  Memory Usage: 3646kB
        ->  Seq Scan on title t  (cost=0.00..67604.59 rows=1193208 width=4) (actual time=0.018..1230.829 rows=1192518 loops=1)
              Filter: (production_year > 2003)
              Rows Removed by Filter: 1335794
Planning time: 0.824 ms
Execution time: 3219.577 ms
