Hash Join  (cost=94978.31..223916.73 rows=1407901 width=0) (actual time=1764.147..5457.675 rows=1688892 loops=1)
  Hash Cond: (mk.movie_id = t.id)
  ->  Seq Scan on movie_keyword mk  (cost=0.00..81003.12 rows=2133656 width=4) (actual time=0.019..1587.533 rows=2133814 loops=1)
        Filter: (keyword_id > 5537)
        Rows Removed by Filter: 2390116
  ->  Hash  (cost=67604.59..67604.59 rows=1668458 width=4) (actual time=1763.296..1763.296 rows=1671292 loops=1)
        Buckets: 131072  Batches: 32  Memory Usage: 2866kB
        ->  Seq Scan on title t  (cost=0.00..67604.59 rows=1668458 width=4) (actual time=0.015..1231.753 rows=1671292 loops=1)
              Filter: (production_year < 2008)
              Rows Removed by Filter: 857020
Planning time: 0.740 ms
Execution time: 5677.970 ms
