Hash Join  (cost=81417.85..203714.95 rows=533725 width=0) (actual time=1322.261..4440.767 rows=939174 loops=1)
  Hash Cond: (mk.movie_id = t.id)
  ->  Seq Scan on movie_keyword mk  (cost=0.00..81003.12 rows=2955393 width=4) (actual time=0.023..1616.181 rows=2946841 loops=1)
        Filter: (keyword_id > 2387)
        Rows Removed by Filter: 1577089
  ->  Hash  (cost=73925.90..73925.90 rows=456636 width=4) (actual time=1321.537..1321.537 rows=330279 loops=1)
        Buckets: 131072  Batches: 8  Memory Usage: 2490kB
        ->  Seq Scan on title t  (cost=0.00..73925.90 rows=456636 width=4) (actual time=191.847..1213.155 rows=330279 loops=1)
              Filter: ((production_year > 1991) AND (kind_id = 1))
              Rows Removed by Filter: 2198033
Planning time: 0.799 ms
Execution time: 4551.316 ms
