Hash Join  (cost=255099.50..1665301.11 rows=32232743 width=0) (actual time=5800.184..57958.991 rows=69825768 loops=1)
  Hash Cond: (ci.movie_id = t.id)
  ->  Seq Scan on cast_info ci  (cost=0.00..614943.12 rows=36225612 width=4) (actual time=0.017..13104.344 rows=36244344 loops=1)
  ->  Hash  (cost=218187.66..218187.66 rows=2249827 width=8) (actual time=5799.347..5799.347 rows=2253273 loops=1)
        Buckets: 131072  Batches: 32  Memory Usage: 3749kB
        ->  Hash Join  (cost=102767.86..218187.66 rows=2249827 width=8) (actual time=1825.446..5144.112 rows=2253273 loops=1)
              Hash Cond: (mc.movie_id = t.id)
              ->  Seq Scan on movie_companies mc  (cost=0.00..51404.11 rows=2249827 width=4) (actual time=0.041..1082.133 rows=2253273 loops=1)
                    Filter: (company_id > 176)
                    Rows Removed by Filter: 355856
              ->  Hash  (cost=61283.27..61283.27 rows=2528527 width=4) (actual time=1823.648..1823.648 rows=2528312 loops=1)
                    Buckets: 131072  Batches: 64  Memory Usage: 2415kB
                    ->  Seq Scan on title t  (cost=0.00..61283.27 rows=2528527 width=4) (actual time=0.010..995.936 rows=2528312 loops=1)
Planning time: 0.907 ms
Execution time: 65651.735 ms
