Hash Join  (cost=101220.01..467224.86 rows=134893 width=0) (actual time=1815.602..10027.094 rows=286626 loops=1)
  Hash Cond: (mi.movie_id = t.id)
  ->  Seq Scan on movie_info mi  (cost=0.00..309384.22 rows=14739122 width=4) (actual time=0.024..4474.845 rows=14835720 loops=1)
  ->  Hash  (cost=100930.75..100930.75 rows=23141 width=8) (actual time=1815.182..1815.182 rows=19531 loops=1)
        Buckets: 32768  Batches: 1  Memory Usage: 1019kB
        ->  Hash Join  (cost=69687.24..100930.75 rows=23141 width=8) (actual time=1121.416..1807.345 rows=19531 loops=1)
              Hash Cond: (mi_idx.movie_id = t.id)
              ->  Seq Scan on movie_info_idx mi_idx  (cost=0.00..25185.44 rows=460978 width=4) (actual time=0.020..490.024 rows=459925 loops=1)
                    Filter: (info_type_id = 99)
                    Rows Removed by Filter: 920110
              ->  Hash  (cost=67604.59..67604.59 rows=126932 width=4) (actual time=1120.672..1120.672 rows=122861 loops=1)
                    Buckets: 131072  Batches: 2  Memory Usage: 3191kB
                    ->  Seq Scan on title t  (cost=0.00..67604.59 rows=126932 width=4) (actual time=0.026..1074.238 rows=122861 loops=1)
                          Filter: (production_year = 2008)
                          Rows Removed by Filter: 2405451
Planning time: 1.191 ms
Execution time: 10070.462 ms
