Hash Join  (cost=102767.86..1113832.13 rows=8524252 width=0) (actual time=1935.849..20481.572 rows=4231672 loops=1)
  Hash Cond: (ci.movie_id = t.id)
  ->  Seq Scan on cast_info ci  (cost=0.00..796071.18 rows=8524252 width=4) (actual time=0.115..14121.359 rows=4231672 loops=1)
        Filter: ((person_id < 2613424) AND (role_id > 3))
        Rows Removed by Filter: 32012672
  ->  Hash  (cost=61283.27..61283.27 rows=2528527 width=4) (actual time=1934.168..1934.168 rows=2528312 loops=1)
        Buckets: 131072  Batches: 64  Memory Usage: 2415kB
        ->  Seq Scan on title t  (cost=0.00..61283.27 rows=2528527 width=4) (actual time=0.013..1108.394 rows=2528312 loops=1)
Planning time: 0.795 ms
Execution time: 20957.971 ms
