Hash Join  (cost=98137.04..1000575.86 rows=6919810 width=0) (actual time=1905.624..21436.746 rows=6424474 loops=1)
  Hash Cond: (ci.movie_id = t.id)
  ->  Seq Scan on cast_info ci  (cost=0.00..705507.15 rows=9401915 width=4) (actual time=0.029..12536.306 rows=9244372 loops=1)
        Filter: (person_id < 909728)
        Rows Removed by Filter: 26999972
  ->  Hash  (cost=67604.59..67604.59 rows=1860996 width=4) (actual time=1904.540..1904.540 rows=1865487 loops=1)
        Buckets: 131072  Batches: 32  Memory Usage: 3079kB
        ->  Seq Scan on title t  (cost=0.00..67604.59 rows=1860996 width=4) (actual time=0.021..1294.779 rows=1865487 loops=1)
              Filter: (kind_id > 1)
              Rows Removed by Filter: 662825
Planning time: 1.036 ms
Execution time: 22160.488 ms
