Hash Join  (cost=220381.24..739325.07 rows=4058493 width=0) (actual time=5377.833..43150.737 rows=105153484 loops=1)
  Hash Cond: (mi.movie_id = t.id)
  ->  Seq Scan on movie_info mi  (cost=0.00..346232.03 rows=11115165 width=4) (actual time=0.017..7255.652 rows=11210743 loops=1)
        Filter: (info_type_id > 3)
        Rows Removed by Filter: 3624977
  ->  Hash  (cost=205233.69..205233.69 rows=923244 width=8) (actual time=5373.879..5373.879 rows=2048101 loops=1)
        Buckets: 131072 (originally 131072)  Batches: 32 (originally 16)  Memory Usage: 3596kB
        ->  Hash Join  (cost=83810.17..205233.69 rows=923244 width=8) (actual time=1339.131..4750.294 rows=2048101 loops=1)
              Hash Cond: (mk.movie_id = t.id)
              ->  Seq Scan on movie_keyword mk  (cost=0.00..81003.12 rows=2363454 width=4) (actual time=0.016..1556.605 rows=2365201 loops=1)
                    Filter: (keyword_id < 5345)
                    Rows Removed by Filter: 2158729
              ->  Hash  (cost=67604.59..67604.59 rows=987727 width=4) (actual time=1337.613..1337.613 rows=985048 loops=1)
                    Buckets: 131072  Batches: 16  Memory Usage: 3197kB
                    ->  Seq Scan on title t  (cost=0.00..67604.59 rows=987727 width=4) (actual time=0.023..1024.109 rows=985048 loops=1)
                          Filter: (kind_id < 7)
                          Rows Removed by Filter: 1543264
Planning time: 1.126 ms
Execution time: 55206.267 ms
