Seq Scan on movie_keyword mk  (cost=0.00..81003.12 rows=246 width=0) (actual time=1018.092..1250.257 rows=2 loops=1)
  Filter: (keyword_id = 35563)
  Rows Removed by Filter: 4523928
Planning time: 0.345 ms
Execution time: 1250.353 ms
