Hash Join  (cost=190230.21..1043285.06 rows=1654375 width=0) (actual time=11085.592..22642.595 rows=3704594 loops=1)
  Hash Cond: (ci.movie_id = t.id)
  ->  Seq Scan on cast_info ci  (cost=0.00..796071.18 rows=3031179 width=4) (actual time=6763.763..14724.816 rows=3343204 loops=1)
        Filter: ((person_id > 850535) AND (role_id = 3))
        Rows Removed by Filter: 32901140
  ->  Hash  (cost=167588.78..167588.78 rows=1380035 width=8) (actual time=4320.889..4320.889 rows=1380035 loops=1)
        Buckets: 131072  Batches: 32  Memory Usage: 2708kB
        ->  Hash Join  (cost=102767.86..167588.78 rows=1380035 width=8) (actual time=1961.199..3925.390 rows=1380035 loops=1)
              Hash Cond: (mi_idx.movie_id = t.id)
              ->  Seq Scan on movie_info_idx mi_idx  (cost=0.00..21735.35 rows=1380035 width=4) (actual time=0.025..499.222 rows=1380035 loops=1)
              ->  Hash  (cost=61283.27..61283.27 rows=2528527 width=4) (actual time=1960.031..1960.031 rows=2528312 loops=1)
                    Buckets: 131072  Batches: 64  Memory Usage: 2415kB
                    ->  Seq Scan on title t  (cost=0.00..61283.27 rows=2528527 width=4) (actual time=0.015..1126.757 rows=2528312 loops=1)
Planning time: 1.190 ms
Execution time: 23069.234 ms
