Seq Scan on movie_keyword mk  (cost=0.00..81003.12 rows=246 width=0) (actual time=0.450..1292.711 rows=109 loops=1)
  Filter: (keyword_id = 36062)
  Rows Removed by Filter: 4523821
Planning time: 0.299 ms
Execution time: 1292.859 ms
