Hash Join  (cost=167095.14..670775.32 rows=2237426 width=0) (actual time=3990.106..24989.405 rows=36278279 loops=1)
  Hash Cond: (mi.movie_id = t.id)
  ->  Seq Scan on movie_info mi  (cost=0.00..309384.22 rows=14739122 width=4) (actual time=0.019..5939.937 rows=14835720 loops=1)
  ->  Hash  (cost=160797.20..160797.20 rows=383835 width=8) (actual time=3989.090..3989.090 rows=775729 loops=1)
        Buckets: 131072 (originally 131072)  Batches: 16 (originally 8)  Memory Usage: 3073kB
        ->  Hash Join  (cost=83810.17..160797.20 rows=383835 width=8) (actual time=2248.274..3764.594 rows=775729 loops=1)
              Hash Cond: (mc.movie_id = t.id)
              ->  Seq Scan on movie_companies mc  (cost=0.00..57926.93 rows=982597 width=4) (actual time=310.940..1048.982 rows=840874 loops=1)
                    Filter: ((company_id > 689) AND (company_type_id < 2))
                    Rows Removed by Filter: 1768255
              ->  Hash  (cost=67604.59..67604.59 rows=987727 width=4) (actual time=1936.256..1936.256 rows=985048 loops=1)
                    Buckets: 131072  Batches: 16  Memory Usage: 3188kB
                    ->  Seq Scan on title t  (cost=0.00..67604.59 rows=987727 width=4) (actual time=0.035..872.979 rows=985048 loops=1)
                          Filter: (kind_id < 7)
                          Rows Removed by Filter: 1543264
Planning time: 1.089 ms
Execution time: 28582.536 ms
