Hash Join  (cost=106685.10..753072.29 rows=13885236 width=0) (actual time=2153.451..20182.174 rows=13925158 loops=1)
  Hash Cond: (mi.movie_id = t.id)
  ->  Seq Scan on movie_info mi  (cost=0.00..309384.22 rows=14739122 width=4) (actual time=0.008..6142.133 rows=14835720 loops=1)
  ->  Hash  (cost=67604.59..67604.59 rows=2382041 width=4) (actual time=2152.220..2152.220 rows=2378352 loops=1)
        Buckets: 131072  Batches: 32  Memory Usage: 3648kB
        ->  Seq Scan on title t  (cost=0.00..67604.59 rows=2382041 width=4) (actual time=0.019..1378.778 rows=2378352 loops=1)
              Filter: (production_year > 1917)
              Rows Removed by Filter: 149960
Planning time: 0.745 ms
Execution time: 21793.693 ms
