Seq Scan on movie_keyword mk  (cost=0.00..81003.12 rows=2482526 width=0) (actual time=0.027..749.100 rows=2477214 loops=1)
  Filter: (keyword_id > 3654)
  Rows Removed by Filter: 2046716
Planning time: 1.360 ms
Execution time: 935.420 ms
