Nested Loop  (cost=0.43..83072.29 rows=150 width=0) (actual time=857.458..1213.839 rows=6 loops=1)
  ->  Seq Scan on movie_keyword mk  (cost=0.00..81003.12 rows=246 width=4) (actual time=0.018..1201.671 rows=173 loops=1)
        Filter: (keyword_id = 32294)
        Rows Removed by Filter: 4523757
  ->  Index Scan using title_pkey on title t  (cost=0.43..8.40 rows=1 width=4) (actual time=0.067..0.067 rows=0 loops=173)
        Index Cond: (id = mk.movie_id)
        Filter: (kind_id = 7)
        Rows Removed by Filter: 1
Planning time: 0.506 ms
Execution time: 1213.928 ms
