Hash Join  (cost=171266.34..560734.12 rows=586803 width=0) (actual time=5646.431..12579.322 rows=6514828 loops=1)
  Hash Cond: (mi.movie_id = t.id)
  ->  Seq Scan on movie_info mi  (cost=0.00..346232.03 rows=3068194 width=4) (actual time=529.750..5738.881 rows=3036719 loops=1)
        Filter: (info_type_id = 16)
        Rows Removed by Filter: 11799001
  ->  Hash  (cost=163331.47..163331.47 rows=483590 width=8) (actual time=3835.151..3835.151 rows=636197 loops=1)
        Buckets: 131072 (originally 131072)  Batches: 16 (originally 8)  Memory Usage: 3073kB
        ->  Hash Join  (cost=81615.04..163331.47 rows=483590 width=8) (actual time=1317.105..3644.296 rows=636197 loops=1)
              Hash Cond: (mc.movie_id = t.id)
              ->  Seq Scan on movie_companies mc  (cost=0.00..44881.29 rows=2609129 width=4) (actual time=0.023..919.726 rows=2609129 loops=1)
              ->  Hash  (cost=73925.90..73925.90 rows=468651 width=4) (actual time=1316.190..1316.190 rows=340746 loops=1)
                    Buckets: 131072  Batches: 8  Memory Usage: 2526kB
                    ->  Seq Scan on title t  (cost=0.00..73925.90 rows=468651 width=4) (actual time=502.944..1209.507 rows=340746 loops=1)
                          Filter: ((production_year > 1989) AND (kind_id = 1))
                          Rows Removed by Filter: 2187566
Planning time: 3.580 ms
Execution time: 13253.500 ms
