Hash Join  (cost=73990.33..438946.69 rows=30043 width=0) (actual time=1384.519..8215.854 rows=29985 loops=1)
  Hash Cond: (mi.movie_id = t.id)
  ->  Seq Scan on movie_info mi  (cost=0.00..309384.22 rows=14739122 width=4) (actual time=0.023..4234.513 rows=14835720 loops=1)
  ->  Hash  (cost=73925.90..73925.90 rows=5154 width=4) (actual time=1009.997..1009.997 rows=3618 loops=1)
        Buckets: 8192  Batches: 1  Memory Usage: 192kB
        ->  Seq Scan on title t  (cost=0.00..73925.90 rows=5154 width=4) (actual time=0.048..1008.093 rows=3618 loops=1)
              Filter: ((kind_id = 3) AND (production_year = 2009))
              Rows Removed by Filter: 2524694
Planning time: 0.793 ms
Execution time: 8221.992 ms
