Hash Join  (cost=83073.55..447732.51 rows=305 width=0) (actual time=1404.525..8947.354 rows=37428 loops=1)
  Hash Cond: (mi.movie_id = t.id)
  ->  Seq Scan on movie_info mi  (cost=0.00..309384.22 rows=14739122 width=4) (actual time=0.022..4713.837 rows=14835720 loops=1)
  ->  Hash  (cost=83072.90..83072.90 rows=52 width=8) (actual time=1403.666..1403.666 rows=657 loops=1)
        Buckets: 1024  Batches: 1  Memory Usage: 34kB
        ->  Nested Loop  (cost=0.43..83072.90 rows=52 width=8) (actual time=0.219..1403.068 rows=657 loops=1)
              ->  Seq Scan on movie_keyword mk  (cost=0.00..81003.12 rows=246 width=4) (actual time=0.168..1370.915 rows=870 loops=1)
                    Filter: (keyword_id = 6224)
                    Rows Removed by Filter: 4523060
              ->  Index Scan using title_pkey on title t  (cost=0.43..8.40 rows=1 width=4) (actual time=0.035..0.035 rows=1 loops=870)
                    Index Cond: (id = mk.movie_id)
                    Filter: ((kind_id < 3) AND (production_year < 2009))
                    Rows Removed by Filter: 0
Planning time: 2.993 ms
Execution time: 8953.606 ms
