Seq Scan on movie_companies mc  (cost=0.00..57926.93 rows=1005743 width=0) (actual time=0.023..1064.394 rows=1159124 loops=1)
  Filter: ((company_id > 829) AND (company_type_id > 1))
  Rows Removed by Filter: 1450005
Planning time: 0.174 ms
Execution time: 1203.239 ms
