Hash Join  (cost=102767.86..231594.52 rows=1576956 width=0) (actual time=2016.842..4971.921 rows=1591898 loops=1)
  Hash Cond: (mk.movie_id = t.id)
  ->  Seq Scan on movie_keyword mk  (cost=0.00..81003.12 rows=1576956 width=4) (actual time=0.025..1515.767 rows=1591898 loops=1)
        Filter: (keyword_id > 9698)
        Rows Removed by Filter: 2932032
  ->  Hash  (cost=61283.27..61283.27 rows=2528527 width=4) (actual time=2015.499..2015.499 rows=2528312 loops=1)
        Buckets: 131072  Batches: 64  Memory Usage: 2425kB
        ->  Seq Scan on title t  (cost=0.00..61283.27 rows=2528527 width=4) (actual time=0.020..1155.303 rows=2528312 loops=1)
Planning time: 0.755 ms
Execution time: 5130.042 ms
