Seq Scan on cast_info ci  (cost=0.00..796071.18 rows=176 width=0) (actual time=8846.325..10103.417 rows=208 loops=1)
  Filter: ((person_id = 1082441) AND (role_id = 1))
  Rows Removed by Filter: 36244136
Planning time: 0.248 ms
Execution time: 10103.555 ms
