Seq Scan on movie_keyword mk  (cost=0.00..81003.12 rows=882785 width=0) (actual time=0.017..1267.201 rows=890226 loops=1)
  Filter: (keyword_id < 843)
  Rows Removed by Filter: 3633704
Planning time: 0.326 ms
Execution time: 1374.441 ms
