Hash Join  (cost=224196.91..341395.16 rows=1024128 width=0) (actual time=5163.509..9709.680 rows=6700625 loops=1)
  Hash Cond: (mk.movie_id = t.id)
  ->  Seq Scan on movie_keyword mk  (cost=0.00..81003.12 rows=1742358 width=4) (actual time=0.016..1553.423 rows=1751800 loops=1)
        Filter: (keyword_id < 2860)
        Rows Removed by Filter: 2772130
  ->  Hash  (cost=199813.11..199813.11 rows=1486224 width=8) (actual time=5161.230..5161.230 rows=1488322 loops=1)
        Buckets: 131072  Batches: 32  Memory Usage: 2882kB
        ->  Hash Join  (cost=102767.86..199813.11 rows=1486224 width=8) (actual time=2053.190..4709.787 rows=1488322 loops=1)
              Hash Cond: (mc.movie_id = t.id)
              ->  Seq Scan on movie_companies mc  (cost=0.00..51404.11 rows=1486224 width=4) (actual time=0.011..1012.767 rows=1488322 loops=1)
                    Filter: (company_id > 7851)
                    Rows Removed by Filter: 1120807
              ->  Hash  (cost=61283.27..61283.27 rows=2528527 width=4) (actual time=2051.600..2051.600 rows=2528312 loops=1)
                    Buckets: 131072  Batches: 64  Memory Usage: 2415kB
                    ->  Seq Scan on title t  (cost=0.00..61283.27 rows=2528527 width=4) (actual time=0.025..1193.759 rows=2528312 loops=1)
Planning time: 0.746 ms
Execution time: 10510.186 ms
