Hash Join  (cost=106283.86..951638.16 rows=525633 width=0) (actual time=1896.196..26737.325 rows=2286968 loops=1)
  Hash Cond: (ci.movie_id = t.id)
  ->  Seq Scan on cast_info ci  (cost=0.00..705507.15 rows=35890888 width=4) (actual time=0.021..14000.438 rows=35880495 loops=1)
        Filter: (person_id < 3995019)
        Rows Removed by Filter: 363849
  ->  Hash  (cost=105820.98..105820.98 rows=37031 width=8) (actual time=1895.664..1895.664 rows=74098 loops=1)
        Buckets: 131072 (originally 65536)  Batches: 1 (originally 1)  Memory Usage: 3919kB
        ->  Hash Join  (cost=69283.60..105820.98 rows=37031 width=8) (actual time=983.291..1868.949 rows=74098 loops=1)
              Hash Cond: (mi_idx.movie_id = t.id)
              ->  Seq Scan on movie_info_idx mi_idx  (cost=0.00..25185.44 rows=915101 width=4) (actual time=0.040..520.258 rows=919850 loops=1)
                    Filter: (info_type_id < 101)
                    Rows Removed by Filter: 460185
              ->  Hash  (cost=67604.59..67604.59 rows=102321 width=4) (actual time=982.469..982.469 rows=100537 loops=1)
                    Buckets: 131072  Batches: 2  Memory Usage: 2797kB
                    ->  Seq Scan on title t  (cost=0.00..67604.59 rows=102321 width=4) (actual time=287.338..946.613 rows=100537 loops=1)
                          Filter: (kind_id = 3)
                          Rows Removed by Filter: 2427775
Planning time: 1.115 ms
Execution time: 27039.883 ms
