Seq Scan on movie_keyword mk  (cost=0.00..81003.12 rows=2220409 width=0) (actual time=0.016..1522.573 rows=2216826 loops=1)
  Filter: (keyword_id < 4514)
  Rows Removed by Filter: 2307104
Planning time: 0.221 ms
Execution time: 1792.085 ms
