Hash Join  (cost=72707.20..105051.18 rows=57142 width=0) (actual time=1198.715..1832.034 rows=59798 loops=1)
  Hash Cond: (mi_idx.movie_id = t.id)
  ->  Seq Scan on movie_info_idx mi_idx  (cost=0.00..25185.44 rows=464566 width=4) (actual time=0.021..378.271 rows=459925 loops=1)
        Filter: (info_type_id = 101)
        Rows Removed by Filter: 920110
  ->  Hash  (cost=67604.59..67604.59 rows=311009 width=4) (actual time=1197.836..1197.836 rows=309534 loops=1)
        Buckets: 131072  Batches: 8  Memory Usage: 2378kB
        ->  Seq Scan on title t  (cost=0.00..67604.59 rows=311009 width=4) (actual time=0.024..1098.348 rows=309534 loops=1)
              Filter: (production_year < 1966)
              Rows Removed by Filter: 2218778
Planning time: 0.716 ms
Execution time: 1839.079 ms
