Hash Join  (cost=70467.44..193514.98 rows=232928 width=0) (actual time=1091.691..4166.256 rows=420339 loops=1)
  Hash Cond: (mk.movie_id = t.id)
  ->  Seq Scan on movie_keyword mk  (cost=0.00..81003.12 rows=3375770 width=4) (actual time=0.017..1772.602 rows=3359110 loops=1)
        Filter: (keyword_id < 16082)
        Rows Removed by Filter: 1164820
  ->  Hash  (cost=67604.59..67604.59 rows=174468 width=4) (actual time=1090.824..1090.824 rows=174610 loops=1)
        Buckets: 131072  Batches: 4  Memory Usage: 2563kB
        ->  Seq Scan on title t  (cost=0.00..67604.59 rows=174468 width=4) (actual time=0.018..1016.800 rows=174610 loops=1)
              Filter: (production_year < 1952)
              Rows Removed by Filter: 2353702
Planning time: 0.750 ms
Execution time: 4211.684 ms
