Seq Scan on movie_companies mc  (cost=0.00..57926.93 rows=615316 width=0) (actual time=0.022..975.415 rows=369612 loops=1)
  Filter: ((company_id > 11475) AND (company_type_id < 2))
  Rows Removed by Filter: 2239517
Planning time: 0.307 ms
Execution time: 1026.860 ms
