Hash Join  (cost=83072.95..137738.51 rows=4 width=0) (actual time=1401.981..2464.146 rows=47 loops=1)
  Hash Cond: (mc.movie_id = t.id)
  ->  Seq Scan on movie_companies mc  (cost=0.00..44881.29 rows=2609129 width=4) (actual time=0.009..678.534 rows=2609129 loops=1)
  ->  Hash  (cost=83072.90..83072.90 rows=4 width=8) (actual time=1325.372..1325.372 rows=7 loops=1)
        Buckets: 1024  Batches: 1  Memory Usage: 9kB
        ->  Nested Loop  (cost=0.43..83072.90 rows=4 width=8) (actual time=164.357..1325.354 rows=7 loops=1)
              ->  Seq Scan on movie_keyword mk  (cost=0.00..81003.12 rows=246 width=4) (actual time=6.830..1307.699 rows=185 loops=1)
                    Filter: (keyword_id = 37001)
                    Rows Removed by Filter: 4523745
              ->  Index Scan using title_pkey on title t  (cost=0.43..8.40 rows=1 width=4) (actual time=0.092..0.092 rows=0 loops=185)
                    Index Cond: (id = mk.movie_id)
                    Filter: ((kind_id < 3) AND (production_year = 2010))
                    Rows Removed by Filter: 1
Planning time: 1.223 ms
Execution time: 2464.324 ms
