Seq Scan on movie_companies mc  (cost=0.00..57926.93 rows=461428 width=0) (actual time=485.004..995.625 rows=150584 loops=1)
  Filter: ((company_id > 18609) AND (company_type_id = 1))
  Rows Removed by Filter: 2458545
Planning time: 0.359 ms
Execution time: 1015.143 ms
