Seq Scan on title t  (cost=0.00..73925.90 rows=87990 width=0) (actual time=0.025..1271.399 rows=90655 loops=1)
  Filter: ((production_year > 0) AND (kind_id = 2))
  Rows Removed by Filter: 2437657
Planning time: 0.420 ms
Execution time: 1285.078 ms
