Seq Scan on movie_companies mc  (cost=0.00..51404.11 rows=104 width=0) (actual time=396.469..704.508 rows=1 loops=1)
  Filter: (company_id = 121716)
  Rows Removed by Filter: 2609128
Planning time: 0.355 ms
Execution time: 704.579 ms
