Seq Scan on movie_keyword mk  (cost=0.00..81003.12 rows=4140124 width=0) (actual time=0.020..1611.150 rows=4142688 loops=1)
  Filter: (keyword_id < 44839)
  Rows Removed by Filter: 381242
Planning time: 0.615 ms
Execution time: 2127.155 ms
