Nested Loop  (cost=0.43..709671.90 rows=500 width=0) (actual time=3831.010..9459.785 rows=13 loops=1)
  ->  Seq Scan on cast_info ci  (cost=0.00..705507.15 rows=500 width=4) (actual time=3830.857..9459.492 rows=13 loops=1)
        Filter: (person_id = 3071311)
        Rows Removed by Filter: 36244331
  ->  Index Only Scan using title_pkey on title t  (cost=0.43..8.32 rows=1 width=4) (actual time=0.016..0.016 rows=1 loops=13)
        Index Cond: (id = ci.movie_id)
        Heap Fetches: 13
Planning time: 0.759 ms
Execution time: 9459.872 ms
