Seq Scan on movie_keyword mk  (cost=0.00..81003.12 rows=4386404 width=0) (actual time=0.016..1559.294 rows=4389527 loops=1)
  Filter: (keyword_id < 75715)
  Rows Removed by Filter: 134403
Planning time: 0.330 ms
Execution time: 2077.329 ms
