Hash Join  (cost=83073.49..435118.84 rows=59 width=0) (actual time=4291.163..7109.278 rows=3741 loops=1)
  Hash Cond: (mi.movie_id = t.id)
  ->  Seq Scan on movie_info mi  (cost=0.00..346232.03 rows=1550064 width=4) (actual time=2903.223..5485.335 rows=1533909 loops=1)
        Filter: (info_type_id = 3)
        Rows Removed by Filter: 13301811
  ->  Hash  (cost=83072.29..83072.29 rows=96 width=8) (actual time=1387.055..1387.055 rows=1972 loops=1)
        Buckets: 2048 (originally 1024)  Batches: 1 (originally 1)  Memory Usage: 94kB
        ->  Nested Loop  (cost=0.43..83072.29 rows=96 width=8) (actual time=0.182..1385.711 rows=1972 loops=1)
              ->  Seq Scan on movie_keyword mk  (cost=0.00..81003.12 rows=246 width=4) (actual time=0.065..1306.191 rows=2039 loops=1)
                    Filter: (keyword_id = 2484)
                    Rows Removed by Filter: 4521891
              ->  Index Scan using title_pkey on title t  (cost=0.43..8.40 rows=1 width=4) (actual time=0.037..0.038 rows=1 loops=2039)
                    Index Cond: (id = mk.movie_id)
                    Filter: (kind_id < 7)
                    Rows Removed by Filter: 0
Planning time: 1.184 ms
Execution time: 7110.101 ms
