Hash Join  (cost=709678.15..736591.36 rows=273 width=0) (actual time=11170.616..11529.146 rows=21 loops=1)
  Hash Cond: (mi_idx.movie_id = t.id)
  ->  Seq Scan on movie_info_idx mi_idx  (cost=0.00..21735.35 rows=1380035 width=4) (actual time=0.013..189.228 rows=1380035 loops=1)
  ->  Hash  (cost=709671.90..709671.90 rows=500 width=8) (actual time=11165.322..11165.322 rows=26 loops=1)
        Buckets: 1024  Batches: 1  Memory Usage: 10kB
        ->  Nested Loop  (cost=0.43..709671.90 rows=500 width=8) (actual time=1738.075..11165.264 rows=26 loops=1)
              ->  Seq Scan on cast_info ci  (cost=0.00..705507.15 rows=500 width=4) (actual time=1737.888..11164.509 rows=26 loops=1)
                    Filter: (person_id = 797048)
                    Rows Removed by Filter: 36244318
              ->  Index Only Scan using title_pkey on title t  (cost=0.43..8.32 rows=1 width=4) (actual time=0.024..0.024 rows=1 loops=26)
                    Index Cond: (id = ci.movie_id)
                    Heap Fetches: 26
Planning time: 1.131 ms
Execution time: 11529.315 ms
