Hash Join  (cost=58375.85..145034.83 rows=95 width=0) (actual time=1094.769..2746.253 rows=15 loops=1)
  Hash Cond: (mk.movie_id = t.id)
  ->  Seq Scan on movie_keyword mk  (cost=0.00..69693.30 rows=4523930 width=4) (actual time=0.014..1014.785 rows=4523930 loops=1)
  ->  Hash  (cost=58375.18..58375.18 rows=53 width=8) (actual time=966.513..966.513 rows=137 loops=1)
        Buckets: 1024  Batches: 1  Memory Usage: 14kB
        ->  Nested Loop  (cost=0.43..58375.18 rows=53 width=8) (actual time=91.664..966.379 rows=137 loops=1)
              ->  Seq Scan on movie_companies mc  (cost=0.00..57926.93 rows=53 width=4) (actual time=91.557..945.334 rows=137 loops=1)
                    Filter: ((company_type_id > 1) AND (company_id = 71987))
                    Rows Removed by Filter: 2608992
              ->  Index Only Scan using title_pkey on title t  (cost=0.43..8.45 rows=1 width=4) (actual time=0.150..0.151 rows=1 loops=137)
                    Index Cond: (id = mc.movie_id)
                    Heap Fetches: 137
Planning time: 1.168 ms
Execution time: 2746.371 ms
