Hash Join  (cost=78741.46..157966.37 rows=302839 width=0) (actual time=1391.229..3777.063 rows=838151 loops=1)
  Hash Cond: (mc.movie_id = t.id)
  ->  Seq Scan on movie_companies mc  (cost=0.00..44881.29 rows=2609129 width=4) (actual time=0.016..921.522 rows=2609129 loops=1)
  ->  Hash  (cost=73925.90..73925.90 rows=293484 width=4) (actual time=1390.103..1390.103 rows=411690 loops=1)
        Buckets: 131072 (originally 131072)  Batches: 8 (originally 4)  Memory Usage: 3073kB
        ->  Seq Scan on title t  (cost=0.00..73925.90 rows=293484 width=4) (actual time=0.017..1251.839 rows=411690 loops=1)
              Filter: ((kind_id < 7) AND (production_year < 1993))
              Rows Removed by Filter: 2116622
Planning time: 0.517 ms
Execution time: 3871.665 ms
