Hash Join  (cost=991191.30..1409426.51 rows=2472921 width=0) (actual time=20898.981..24682.187 rows=3038645 loops=1)
  Hash Cond: (mi.movie_id = t.id)
  ->  Seq Scan on movie_info mi  (cost=0.00..346232.03 rows=3068194 width=4) (actual time=4335.326..5890.459 rows=3036719 loops=1)
        Filter: (info_type_id = 16)
        Rows Removed by Filter: 11799001
  ->  Hash  (cost=957755.84..957755.84 rows=2037957 width=8) (actual time=16562.147..16562.147 rows=700744 loops=1)
        Buckets: 131072  Batches: 32  Memory Usage: 1903kB
        ->  Hash Join  (cost=102767.86..957755.84 rows=2037957 width=8) (actual time=2282.313..16358.867 rows=700744 loops=1)
              Hash Cond: (ci.movie_id = t.id)
              ->  Seq Scan on cast_info ci  (cost=0.00..796071.18 rows=2037957 width=4) (actual time=0.433..13115.936 rows=700744 loops=1)
                    Filter: ((person_id < 1246520) AND (role_id > 8))
                    Rows Removed by Filter: 35543600
              ->  Hash  (cost=61283.27..61283.27 rows=2528527 width=4) (actual time=2279.702..2279.702 rows=2528312 loops=1)
                    Buckets: 131072  Batches: 64  Memory Usage: 2415kB
                    ->  Seq Scan on title t  (cost=0.00..61283.27 rows=2528527 width=4) (actual time=0.023..1169.989 rows=2528312 loops=1)
Planning time: 0.771 ms
Execution time: 25020.735 ms
