Hash Join  (cost=918843.86..997452.98 rows=258160 width=0) (actual time=17061.755..19115.193 rows=309624 loops=1)
  Hash Cond: (mc.movie_id = t.id)
  ->  Seq Scan on movie_companies mc  (cost=0.00..44881.29 rows=2609129 width=4) (actual time=0.025..928.048 rows=2609129 loops=1)
  ->  Hash  (cost=914738.54..914738.54 rows=250185 width=8) (actual time=17060.854..17060.854 rows=83968 loops=1)
        Buckets: 131072  Batches: 4  Memory Usage: 1842kB
        ->  Hash Join  (cost=102767.86..914738.54 rows=250185 width=8) (actual time=14523.348..17033.632 rows=83968 loops=1)
              Hash Cond: (ci.movie_id = t.id)
              ->  Seq Scan on cast_info ci  (cost=0.00..796071.18 rows=250185 width=4) (actual time=12456.334..14515.391 rows=83968 loops=1)
                    Filter: ((person_id < 2675428) AND (role_id > 10))
                    Rows Removed by Filter: 36160376
              ->  Hash  (cost=61283.27..61283.27 rows=2528527 width=4) (actual time=2065.532..2065.532 rows=2528312 loops=1)
                    Buckets: 131072  Batches: 64  Memory Usage: 2415kB
                    ->  Seq Scan on title t  (cost=0.00..61283.27 rows=2528527 width=4) (actual time=0.021..1213.835 rows=2528312 loops=1)
Planning time: 1.189 ms
Execution time: 19152.650 ms
