Hash Join  (cost=146561.29..1246107.26 rows=6399775 width=0) (actual time=3142.391..33739.728 rows=9291290 loops=1)
  Hash Cond: (ci.movie_id = t.id)
  ->  Seq Scan on cast_info ci  (cost=0.00..614943.12 rows=36225612 width=4) (actual time=0.012..12985.072 rows=36244344 loops=1)
  ->  Hash  (cost=139232.53..139232.53 rows=446701 width=8) (actual time=3141.506..3141.506 rows=246494 loops=1)
        Buckets: 131072  Batches: 8  Memory Usage: 2229kB
        ->  Hash Join  (cost=94176.46..139232.53 rows=446701 width=8) (actual time=2208.062..3070.715 rows=246494 loops=1)
              Hash Cond: (mi_idx.movie_id = t.id)
              ->  Seq Scan on movie_info_idx mi_idx  (cost=0.00..25185.44 rows=915101 width=4) (actual time=0.017..575.794 rows=919850 loops=1)
                    Filter: (info_type_id < 101)
                    Rows Removed by Filter: 460185
              ->  Hash  (cost=73925.90..73925.90 rows=1234284 width=4) (actual time=1804.293..1804.293 rows=1316754 loops=1)
                    Buckets: 131072  Batches: 32  Memory Usage: 2476kB
                    ->  Seq Scan on title t  (cost=0.00..73925.90 rows=1234284 width=4) (actual time=242.307..1384.524 rows=1316754 loops=1)
                          Filter: ((production_year > 1974) AND (kind_id = 7))
                          Rows Removed by Filter: 1211558
Planning time: 1.016 ms
Execution time: 34793.967 ms
