Hash Join  (cost=88767.14..176684.81 rows=933414 width=0) (actual time=1778.183..4412.163 rows=363317 loops=1)
  Hash Cond: (mc.movie_id = t.id)
  ->  Seq Scan on movie_companies mc  (cost=0.00..44881.29 rows=2609129 width=4) (actual time=0.017..901.688 rows=2609129 loops=1)
  ->  Hash  (cost=73925.90..73925.90 rows=904579 width=4) (actual time=1777.208..1777.208 rows=992072 loops=1)
        Buckets: 131072  Batches: 16  Memory Usage: 3212kB
        ->  Seq Scan on title t  (cost=0.00..73925.90 rows=904579 width=4) (actual time=0.018..1464.463 rows=992072 loops=1)
              Filter: ((production_year > 1998) AND (kind_id = 7))
              Rows Removed by Filter: 1536240
Planning time: 0.913 ms
Execution time: 4452.588 ms
