Hash Join  (cost=92883.59..224401.67 rows=1434090 width=0) (actual time=3415.237..4756.543 rows=315353 loops=1)
  Hash Cond: (mk.movie_id = t.id)
  ->  Seq Scan on movie_keyword mk  (cost=0.00..81003.12 rows=2353411 width=4) (actual time=0.027..1579.006 rows=2352034 loops=1)
        Filter: (keyword_id < 5274)
        Rows Removed by Filter: 2171896
  ->  Hash  (cost=67604.59..67604.59 rows=1540800 width=4) (actual time=1835.125..1835.125 rows=1543264 loops=1)
        Buckets: 131072  Batches: 32  Memory Usage: 2728kB
        ->  Seq Scan on title t  (cost=0.00..67604.59 rows=1540800 width=4) (actual time=0.017..1336.923 rows=1543264 loops=1)
              Filter: (kind_id = 7)
              Rows Removed by Filter: 985048
Planning time: 9.431 ms
Execution time: 4792.376 ms
