Seq Scan on title t  (cost=0.00..67604.59 rows=903208 width=0) (actual time=0.012..2968.158 rows=904491 loops=1)
  Filter: (production_year > 2006)
  Rows Removed by Filter: 1623821
Planning time: 0.315 ms
Execution time: 3134.688 ms
