Seq Scan on movie_keyword mk  (cost=0.00..81003.12 rows=3747771 width=0) (actual time=0.016..1468.977 rows=3745657 loops=1)
  Filter: (keyword_id > 741)
  Rows Removed by Filter: 778273
Planning time: 0.230 ms
Execution time: 1899.554 ms
