Hash Join  (cost=270763.30..1248931.64 rows=6468154 width=0) (actual time=10713.217..25789.706 rows=11068445 loops=1)
  Hash Cond: (ci.movie_id = t.id)
  ->  Seq Scan on cast_info ci  (cost=0.00..796071.18 rows=8583124 width=4) (actual time=5015.582..14737.792 rows=4225758 loops=1)
        Filter: ((person_id > 1149545) AND (role_id = 1))
        Rows Removed by Filter: 32018586
  ->  Hash  (cost=239500.90..239500.90 rows=1905472 width=8) (actual time=5696.721..5696.721 rows=1915734 loops=1)
        Buckets: 131072  Batches: 32  Memory Usage: 3352kB
        ->  Hash Join  (cost=102767.86..239500.90 rows=1905472 width=8) (actual time=1835.250..5163.396 rows=1915734 loops=1)
              Hash Cond: (mk.movie_id = t.id)
              ->  Seq Scan on movie_keyword mk  (cost=0.00..81003.12 rows=1905472 width=4) (actual time=0.039..1517.732 rows=1915734 loops=1)
                    Filter: (keyword_id > 7076)
                    Rows Removed by Filter: 2608196
              ->  Hash  (cost=61283.27..61283.27 rows=2528527 width=4) (actual time=1834.287..1834.287 rows=2528312 loops=1)
                    Buckets: 131072  Batches: 64  Memory Usage: 2425kB
                    ->  Seq Scan on title t  (cost=0.00..61283.27 rows=2528527 width=4) (actual time=0.020..990.890 rows=2528312 loops=1)
Planning time: 1.159 ms
Execution time: 27043.636 ms
