Hash Join  (cost=81498.39..123513.00 rows=251913 width=0) (actual time=1380.187..3547.769 rows=562621 loops=1)
  Hash Cond: (mi_idx.movie_id = t.id)
  ->  Seq Scan on movie_info_idx mi_idx  (cost=0.00..21735.35 rows=1380035 width=4) (actual time=0.035..415.333 rows=1380035 loops=1)
  ->  Hash  (cost=73925.90..73925.90 rows=461559 width=4) (actual time=1379.482..1379.482 rows=549480 loops=1)
        Buckets: 131072  Batches: 8  Memory Usage: 3450kB
        ->  Seq Scan on title t  (cost=0.00..73925.90 rows=461559 width=4) (actual time=0.020..1210.006 rows=549480 loops=1)
              Filter: ((kind_id < 6) AND (production_year < 2003))
              Rows Removed by Filter: 1978832
Planning time: 0.715 ms
Execution time: 3614.789 ms
