Hash Join  (cost=74730.49..131258.51 rows=32572 width=0) (actual time=1092.477..2474.977 rows=28582 loops=1)
  Hash Cond: (mc.movie_id = t.id)
  ->  Seq Scan on movie_companies mc  (cost=0.00..51404.11 rows=1279517 width=4) (actual time=2.530..1062.998 rows=1274246 loops=1)
        Filter: (company_type_id < 2)
        Rows Removed by Filter: 1334883
  ->  Hash  (cost=73925.90..73925.90 rows=64367 width=4) (actual time=1089.585..1089.585 rows=53905 loops=1)
        Buckets: 65536  Batches: 1  Memory Usage: 2408kB
        ->  Seq Scan on title t  (cost=0.00..73925.90 rows=64367 width=4) (actual time=0.024..1069.178 rows=53905 loops=1)
              Filter: ((kind_id < 7) AND (production_year = 2012))
              Rows Removed by Filter: 2474407
Planning time: 0.801 ms
Execution time: 2479.524 ms
