Hash Join  (cost=102767.86..1171791.69 rows=10932963 width=0) (actual time=9301.579..24211.614 rows=8365728 loops=1)
  Hash Cond: (ci.movie_id = t.id)
  ->  Seq Scan on cast_info ci  (cost=0.00..796071.18 rows=10932963 width=4) (actual time=7383.850..14397.198 rows=8365728 loops=1)
        Filter: ((person_id > 1614491) AND (role_id < 3))
        Rows Removed by Filter: 27878616
  ->  Hash  (cost=61283.27..61283.27 rows=2528527 width=4) (actual time=1916.486..1916.486 rows=2528312 loops=1)
        Buckets: 131072  Batches: 64  Memory Usage: 2415kB
        ->  Seq Scan on title t  (cost=0.00..61283.27 rows=2528527 width=4) (actual time=0.017..1096.869 rows=2528312 loops=1)
Planning time: 5.573 ms
Execution time: 25241.935 ms
