Hash Join  (cost=78556.72..943066.09 rows=1223662 width=0) (actual time=4480.786..20694.822 rows=2484346 loops=1)
  Hash Cond: (ci.movie_id = t.id)
  ->  Seq Scan on cast_info ci  (cost=0.00..796071.18 rows=4635083 width=4) (actual time=2818.090..13891.318 rows=8150813 loops=1)
        Filter: ((person_id > 2274616) AND (role_id > 3))
        Rows Removed by Filter: 28093531
  ->  Hash  (cost=67604.59..67604.59 rows=667531 width=4) (actual time=1661.500..1661.500 rows=662825 loops=1)
        Buckets: 131072  Batches: 16  Memory Usage: 2476kB
        ->  Seq Scan on title t  (cost=0.00..67604.59 rows=667531 width=4) (actual time=0.832..1129.639 rows=662825 loops=1)
              Filter: (kind_id = 1)
              Rows Removed by Filter: 1865487
Planning time: 0.750 ms
Execution time: 21015.298 ms
