Seq Scan on cast_info ci  (cost=0.00..796071.18 rows=15000859 width=0) (actual time=0.026..14432.284 rows=10349051 loops=1)
  Filter: ((person_id < 2351695) AND (role_id > 1))
  Rows Removed by Filter: 25895293
Planning time: 0.336 ms
Execution time: 15687.409 ms
