Hash Join  (cost=75676.34..114368.04 rows=58222 width=0) (actual time=1152.157..2195.158 rows=134369 loops=1)
  Hash Cond: (mi_idx.movie_id = t.id)
  ->  Seq Scan on movie_info_idx mi_idx  (cost=0.00..21735.35 rows=1380035 width=4) (actual time=0.017..430.545 rows=1380035 loops=1)
  ->  Hash  (cost=73925.90..73925.90 rows=106675 width=4) (actual time=1150.725..1150.725 rows=207824 loops=1)
        Buckets: 131072 (originally 131072)  Batches: 4 (originally 2)  Memory Usage: 3073kB
        ->  Seq Scan on title t  (cost=0.00..73925.90 rows=106675 width=4) (actual time=0.082..1076.116 rows=207824 loops=1)
              Filter: ((kind_id < 7) AND (production_year < 1963))
              Rows Removed by Filter: 2320488
Planning time: 3.995 ms
Execution time: 2212.707 ms
