Seq Scan on cast_info ci  (cost=0.00..705507.15 rows=500 width=0) (actual time=259.666..11091.981 rows=248 loops=1)
  Filter: (person_id = 2064252)
  Rows Removed by Filter: 36244096
Planning time: 0.430 ms
Execution time: 11092.132 ms
