Hash Join  (cost=139022.77..198716.83 rows=7447 width=0) (actual time=1508.576..2906.888 rows=11718 loops=1)
  Hash Cond: (mc.movie_id = t.id)
  ->  Seq Scan on movie_companies mc  (cost=0.00..51404.11 rows=2190792 width=4) (actual time=0.024..1001.924 rows=2187605 loops=1)
        Filter: (company_id < 79912)
        Rows Removed by Filter: 421524
  ->  Hash  (cost=138915.34..138915.34 rows=8595 width=8) (actual time=1506.862..1506.862 rows=9060 loops=1)
        Buckets: 16384  Batches: 1  Memory Usage: 482kB
        ->  Nested Loop  (cost=0.43..138915.34 rows=8595 width=8) (actual time=1.287..1502.092 rows=9060 loops=1)
              ->  Seq Scan on movie_keyword mk  (cost=0.00..81003.12 rows=8595 width=4) (actual time=1.233..1272.476 rows=9060 loops=1)
                    Filter: (keyword_id = 47)
                    Rows Removed by Filter: 4514870
              ->  Index Only Scan using title_pkey on title t  (cost=0.43..6.73 rows=1 width=4) (actual time=0.024..0.025 rows=1 loops=9060)
                    Index Cond: (id = mk.movie_id)
                    Heap Fetches: 9060
Planning time: 1.073 ms
Execution time: 2909.005 ms
