Hash Join  (cost=155681.56..1206155.08 rows=1622735 width=0) (actual time=2912.089..31101.563 rows=3379749 loops=1)
  Hash Cond: (ci.movie_id = t.id)
  ->  Seq Scan on cast_info ci  (cost=0.00..614943.12 rows=36225612 width=4) (actual time=0.020..12693.579 rows=36244344 loops=1)
  ->  Hash  (cost=153822.73..153822.73 rows=113266 width=8) (actual time=2911.310..2911.310 rows=138182 loops=1)
        Buckets: 131072  Batches: 2  Memory Usage: 3726kB
        ->  Hash Join  (cost=92883.59..153822.73 rows=113266 width=8) (actual time=1769.850..2866.575 rows=138182 loops=1)
              Hash Cond: (mc.movie_id = t.id)
              ->  Seq Scan on movie_companies mc  (cost=0.00..51404.11 rows=185875 width=4) (actual time=0.016..734.074 rows=185985 loops=1)
                    Filter: (company_id < 47)
                    Rows Removed by Filter: 2423144
              ->  Hash  (cost=67604.59..67604.59 rows=1540800 width=4) (actual time=1737.776..1737.776 rows=1543264 loops=1)
                    Buckets: 131072  Batches: 32  Memory Usage: 2722kB
                    ->  Seq Scan on title t  (cost=0.00..67604.59 rows=1540800 width=4) (actual time=0.013..1248.310 rows=1543264 loops=1)
                          Filter: (kind_id = 7)
                          Rows Removed by Filter: 985048
Planning time: 1.182 ms
Execution time: 31524.345 ms
