Hash Join  (cost=78556.72..164640.17 rows=45955 width=0) (actual time=1327.183..2822.059 rows=104231 loops=1)
  Hash Cond: (mk.movie_id = t.id)
  ->  Seq Scan on movie_keyword mk  (cost=0.00..81003.12 rows=174072 width=4) (actual time=0.027..1306.618 rows=188777 loops=1)
        Filter: (keyword_id < 137)
        Rows Removed by Filter: 4335153
  ->  Hash  (cost=67604.59..67604.59 rows=667531 width=4) (actual time=1325.634..1325.634 rows=662825 loops=1)
        Buckets: 131072  Batches: 16  Memory Usage: 2486kB
        ->  Seq Scan on title t  (cost=0.00..67604.59 rows=667531 width=4) (actual time=18.668..1113.319 rows=662825 loops=1)
              Filter: (kind_id = 1)
              Rows Removed by Filter: 1865487
Planning time: 0.712 ms
Execution time: 2831.515 ms
