Hash Join  (cost=83074.74..833899.15 rows=3524 width=0) (actual time=1288.759..16774.847 rows=26095 loops=1)
  Hash Cond: (ci.movie_id = t.id)
  ->  Seq Scan on cast_info ci  (cost=0.00..614943.12 rows=36225612 width=4) (actual time=0.023..8599.502 rows=36244344 loops=1)
  ->  Hash  (cost=83071.67..83071.67 rows=246 width=8) (actual time=1288.572..1288.572 rows=473 loops=1)
        Buckets: 1024  Batches: 1  Memory Usage: 27kB
        ->  Nested Loop  (cost=0.43..83071.67 rows=246 width=8) (actual time=4.715..1288.113 rows=473 loops=1)
              ->  Seq Scan on movie_keyword mk  (cost=0.00..81003.12 rows=246 width=4) (actual time=4.637..1258.766 rows=473 loops=1)
                    Filter: (keyword_id = 5808)
                    Rows Removed by Filter: 4523457
              ->  Index Only Scan using title_pkey on title t  (cost=0.43..8.40 rows=1 width=4) (actual time=0.059..0.060 rows=1 loops=473)
                    Index Cond: (id = mk.movie_id)
                    Heap Fetches: 473
Planning time: 1.143 ms
Execution time: 16781.900 ms
