Nested Loop  (cost=0.43..798851.90 rows=202 width=0) (actual time=3550.691..13529.013 rows=670 loops=1)
  ->  Seq Scan on cast_info ci  (cost=0.00..796071.18 rows=332 width=4) (actual time=3548.078..13513.643 rows=852 loops=1)
        Filter: ((role_id < 4) AND (person_id = 2325459))
        Rows Removed by Filter: 36243492
  ->  Index Scan using title_pkey on title t  (cost=0.43..8.37 rows=1 width=4) (actual time=0.017..0.017 rows=1 loops=852)
        Index Cond: (id = ci.movie_id)
        Filter: (kind_id = 7)
        Rows Removed by Filter: 0
Planning time: 0.707 ms
Execution time: 13529.306 ms
