Hash Join  (cost=86519.03..121485.77 rows=141018 width=0) (actual time=1497.143..2415.456 rows=238688 loops=1)
  Hash Cond: (mi_idx.movie_id = t.id)
  ->  Seq Scan on movie_info_idx mi_idx  (cost=0.00..25185.44 rows=464566 width=4) (actual time=0.018..512.441 rows=459925 loops=1)
        Filter: (info_type_id = 101)
        Rows Removed by Filter: 920110
  ->  Hash  (cost=73925.90..73925.90 rows=767530 width=4) (actual time=1496.109..1496.109 rows=677132 loops=1)
        Buckets: 131072  Batches: 16  Memory Usage: 2512kB
        ->  Seq Scan on title t  (cost=0.00..73925.90 rows=767530 width=4) (actual time=0.027..1275.440 rows=677132 loops=1)
              Filter: ((kind_id < 7) AND (production_year > 1978))
              Rows Removed by Filter: 1851180
Planning time: 0.736 ms
Execution time: 2444.379 ms
