Hash Join  (cost=421967.43..508674.56 rows=4909 width=0) (actual time=6316.334..8503.174 rows=1049845 loops=1)
  Hash Cond: (mk.movie_id = t.id)
  ->  Seq Scan on movie_keyword mk  (cost=0.00..69693.30 rows=4523930 width=4) (actual time=0.014..1088.515 rows=4523930 loops=1)
  ->  Hash  (cost=421933.13..421933.13 rows=2744 width=8) (actual time=6316.052..6316.052 rows=28322 loops=1)
        Buckets: 32768 (originally 4096)  Batches: 1 (originally 1)  Memory Usage: 1363kB
        ->  Hash Join  (cost=73952.40..421933.13 rows=2744 width=8) (actual time=3255.415..6307.295 rows=28322 loops=1)
              Hash Cond: (mi.movie_id = t.id)
              ->  Seq Scan on movie_info mi  (cost=0.00..346232.03 rows=17937 width=4) (actual time=2021.508..4942.094 rows=140065 loops=1)
                    Filter: (info_type_id = 9)
                    Rows Removed by Filter: 14695655
              ->  Hash  (cost=67604.59..67604.59 rows=386865 width=4) (actual time=1231.976..1231.976 rows=381430 loops=1)
                    Buckets: 131072  Batches: 8  Memory Usage: 2699kB
                    ->  Seq Scan on title t  (cost=0.00..67604.59 rows=386865 width=4) (actual time=0.031..1100.646 rows=381430 loops=1)
                          Filter: (production_year < 1971)
                          Rows Removed by Filter: 2146882
Planning time: 1.184 ms
Execution time: 8631.173 ms
