Hash Join  (cost=124175.70..484053.62 rows=5605 width=0) (actual time=2210.209..8403.212 rows=22357 loops=1)
  Hash Cond: (mi.movie_id = t.id)
  ->  Seq Scan on movie_info mi  (cost=0.00..346232.03 rows=3623957 width=4) (actual time=0.024..5562.518 rows=3624977 loops=1)
        Filter: (info_type_id < 4)
        Rows Removed by Filter: 11210743
  ->  Hash  (cost=124126.82..124126.82 rows=3911 width=8) (actual time=2205.456..2205.456 rows=9245 loops=1)
        Buckets: 16384 (originally 4096)  Batches: 1 (originally 1)  Memory Usage: 490kB
        ->  Hash Join  (cost=67697.55..124126.82 rows=3911 width=8) (actual time=1041.849..2201.442 rows=9245 loops=1)
              Hash Cond: (mc.movie_id = t.id)
              ->  Seq Scan on movie_companies mc  (cost=0.00..51404.11 rows=1329612 width=4) (actual time=1.611..919.676 rows=1334883 loops=1)
                    Filter: (company_type_id = 2)
                    Rows Removed by Filter: 1274246
              ->  Hash  (cost=67604.59..67604.59 rows=7437 width=4) (actual time=1039.368..1039.368 rows=11121 loops=1)
                    Buckets: 16384 (originally 8192)  Batches: 1 (originally 1)  Memory Usage: 519kB
                    ->  Seq Scan on title t  (cost=0.00..67604.59 rows=7437 width=4) (actual time=0.018..1033.731 rows=11121 loops=1)
                          Filter: (production_year = 1960)
                          Rows Removed by Filter: 2517191
Planning time: 1.173 ms
Execution time: 8407.072 ms
