Hash Join  (cost=101341.02..466330.32 rows=33337 width=0) (actual time=1641.228..7397.566 rows=27415 loops=1)
  Hash Cond: (mi.movie_id = t.id)
  ->  Seq Scan on movie_info mi  (cost=0.00..309384.22 rows=14739122 width=4) (actual time=0.007..3240.455 rows=14835720 loops=1)
  ->  Hash  (cost=101269.54..101269.54 rows=5719 width=8) (actual time=1641.036..1641.036 rows=3626 loops=1)
        Buckets: 8192  Batches: 1  Memory Usage: 206kB
        ->  Hash Join  (cost=74323.94..101269.54 rows=5719 width=8) (actual time=1074.499..1639.415 rows=3626 loops=1)
              Hash Cond: (mi_idx.movie_id = t.id)
              ->  Seq Scan on movie_info_idx mi_idx  (cost=0.00..25185.44 rows=454124 width=4) (actual time=0.025..438.256 rows=459925 loops=1)
                    Filter: (info_type_id = 100)
                    Rows Removed by Filter: 920110
              ->  Hash  (cost=73925.90..73925.90 rows=31843 width=4) (actual time=1072.242..1072.242 rows=35656 loops=1)
                    Buckets: 65536 (originally 32768)  Batches: 1 (originally 1)  Memory Usage: 1766kB
                    ->  Seq Scan on title t  (cost=0.00..73925.90 rows=31843 width=4) (actual time=0.019..1056.899 rows=35656 loops=1)
                          Filter: ((kind_id = 7) AND (production_year = 2000))
                          Rows Removed by Filter: 2492656
Planning time: 1.194 ms
Execution time: 7401.654 ms
