Hash Join  (cost=709678.15..1074363.23 rows=2915 width=0) (actual time=10640.293..17657.003 rows=366 loops=1)
  Hash Cond: (mi.movie_id = t.id)
  ->  Seq Scan on movie_info mi  (cost=0.00..309384.22 rows=14739122 width=4) (actual time=0.018..4380.872 rows=14835720 loops=1)
  ->  Hash  (cost=709671.90..709671.90 rows=500 width=8) (actual time=10634.134..10634.134 rows=34 loops=1)
        Buckets: 1024  Batches: 1  Memory Usage: 10kB
        ->  Nested Loop  (cost=0.43..709671.90 rows=500 width=8) (actual time=125.687..10634.080 rows=34 loops=1)
              ->  Seq Scan on cast_info ci  (cost=0.00..705507.15 rows=500 width=4) (actual time=125.601..10633.090 rows=34 loops=1)
                    Filter: (person_id = 2764460)
                    Rows Removed by Filter: 36244310
              ->  Index Only Scan using title_pkey on title t  (cost=0.43..8.32 rows=1 width=4) (actual time=0.025..0.025 rows=1 loops=34)
                    Index Cond: (id = ci.movie_id)
                    Heap Fetches: 34
Planning time: 1.166 ms
Execution time: 17657.325 ms
