Hash Join  (cost=153594.49..277780.62 rows=179209 width=0) (actual time=2784.192..5427.820 rows=984 loops=1)
  Hash Cond: (mk.movie_id = t.id)
  ->  Seq Scan on movie_keyword mk  (cost=0.00..69693.30 rows=4523930 width=4) (actual time=0.011..1402.079 rows=4523930 loops=1)
  ->  Hash  (cost=151950.44..151950.44 rows=100164 width=8) (actual time=2775.079..2775.079 rows=1389 loops=1)
        Buckets: 131072  Batches: 2  Memory Usage: 1056kB
        ->  Hash Join  (cost=75519.28..151950.44 rows=100164 width=8) (actual time=1133.721..2773.786 rows=1389 loops=1)
              Hash Cond: (mc.movie_id = t.id)
              ->  Seq Scan on movie_companies mc  (cost=0.00..44881.29 rows=2609129 width=4) (actual time=0.011..939.252 rows=2609129 loops=1)
              ->  Hash  (cost=73925.90..73925.90 rows=97070 width=4) (actual time=1028.535..1028.535 rows=1972 loops=1)
                    Buckets: 131072  Batches: 2  Memory Usage: 1058kB
                    ->  Seq Scan on title t  (cost=0.00..73925.90 rows=97070 width=4) (actual time=25.818..1027.365 rows=1972 loops=1)
                          Filter: ((production_year < 1950) AND (kind_id = 7))
                          Rows Removed by Filter: 2526340
Planning time: 1.126 ms
Execution time: 5428.284 ms
