Seq Scan on movie_keyword mk  (cost=0.00..81003.12 rows=246 width=0) (actual time=1.563..1253.577 rows=151 loops=1)
  Filter: (keyword_id = 4955)
  Rows Removed by Filter: 4523779
Planning time: 0.355 ms
Execution time: 1253.786 ms
