Hash Join  (cost=98137.04..998205.16 rows=6833306 width=0) (actual time=1859.532..22292.298 rows=6584496 loops=1)
  Hash Cond: (ci.movie_id = t.id)
  ->  Seq Scan on cast_info ci  (cost=0.00..705507.15 rows=9284382 width=4) (actual time=0.026..12443.377 rows=9278680 loops=1)
        Filter: (person_id > 2773570)
        Rows Removed by Filter: 26965664
  ->  Hash  (cost=67604.59..67604.59 rows=1860996 width=4) (actual time=1857.897..1857.897 rows=1865487 loops=1)
        Buckets: 131072  Batches: 32  Memory Usage: 3079kB
        ->  Seq Scan on title t  (cost=0.00..67604.59 rows=1860996 width=4) (actual time=0.021..1248.870 rows=1865487 loops=1)
              Filter: (kind_id > 1)
              Rows Removed by Filter: 662825
Planning time: 0.861 ms
Execution time: 23012.067 ms
