Hash Join  (cost=75533.21..561431.42 rows=570929 width=0) (actual time=1531.908..12474.867 rows=208630 loops=1)
  Hash Cond: (mi.movie_id = t.id)
  ->  Seq Scan on movie_info mi  (cost=0.00..309384.22 rows=14739122 width=4) (actual time=0.014..5967.860 rows=14835720 loops=1)
  ->  Hash  (cost=73925.90..73925.90 rows=97944 width=4) (actual time=1209.514..1209.514 rows=106247 loops=1)
        Buckets: 131072  Batches: 2  Memory Usage: 2896kB
        ->  Seq Scan on title t  (cost=0.00..73925.90 rows=97944 width=4) (actual time=4.453..1167.882 rows=106247 loops=1)
              Filter: ((kind_id = 7) AND (production_year = 2011))
              Rows Removed by Filter: 2422065
Planning time: 0.772 ms
Execution time: 12504.582 ms
