Hash Join  (cost=147466.59..271743.87 rows=186725 width=0) (actual time=2996.665..6199.271 rows=206578 loops=1)
  Hash Cond: (mk.movie_id = t.id)
  ->  Seq Scan on movie_keyword mk  (cost=0.00..69693.30 rows=4523930 width=4) (actual time=0.019..1490.224 rows=4523930 loops=1)
  ->  Hash  (cost=145754.02..145754.02 rows=104365 width=8) (actual time=2991.610..2991.610 rows=191521 loops=1)
        Buckets: 131072 (originally 131072)  Batches: 4 (originally 2)  Memory Usage: 3073kB
        ->  Hash Join  (cost=69264.85..145754.02 rows=104365 width=8) (actual time=1243.235..2929.620 rows=191521 loops=1)
              Hash Cond: (mc.movie_id = t.id)
              ->  Seq Scan on movie_companies mc  (cost=0.00..44881.29 rows=2609129 width=4) (actual time=0.016..915.311 rows=2609129 loops=1)
              ->  Hash  (cost=67604.59..67604.59 rows=101141 width=4) (actual time=1092.739..1092.739 rows=101194 loops=1)
                    Buckets: 131072  Batches: 2  Memory Usage: 2800kB
                    ->  Seq Scan on title t  (cost=0.00..67604.59 rows=101141 width=4) (actual time=59.589..1058.752 rows=101194 loops=1)
                          Filter: (production_year < 1925)
                          Rows Removed by Filter: 2427118
Planning time: 1.154 ms
Execution time: 6225.337 ms
