Hash Join  (cost=102767.86..1610186.81 rows=32915680 width=0) (actual time=1835.929..44617.063 rows=32914261 loops=1)
  Hash Cond: (ci.movie_id = t.id)
  ->  Seq Scan on cast_info ci  (cost=0.00..705507.15 rows=32915680 width=4) (actual time=0.039..16469.241 rows=32914261 loops=1)
        Filter: (person_id < 3449510)
        Rows Removed by Filter: 3330083
  ->  Hash  (cost=61283.27..61283.27 rows=2528527 width=4) (actual time=1835.037..1835.037 rows=2528312 loops=1)
        Buckets: 131072  Batches: 64  Memory Usage: 2415kB
        ->  Seq Scan on title t  (cost=0.00..61283.27 rows=2528527 width=4) (actual time=0.024..1021.705 rows=2528312 loops=1)
Planning time: 0.674 ms
Execution time: 48100.593 ms
