Hash Join  (cost=133543.63..932029.81 rows=11471 width=0) (actual time=6240.465..16048.405 rows=11241 loops=1)
  Hash Cond: (ci.movie_id = t.id)
  ->  Seq Scan on cast_info ci  (cost=0.00..796071.18 rows=613412 width=4) (actual time=3949.296..13688.502 rows=231756 loops=1)
        Filter: ((person_id < 1922395) AND (role_id = 9))
        Rows Removed by Filter: 36012588
  ->  Hash  (cost=132952.55..132952.55 rows=47286 width=8) (actual time=2290.555..2290.555 rows=43522 loops=1)
        Buckets: 65536  Batches: 1  Memory Usage: 2213kB
        ->  Hash Join  (cost=69687.24..132952.55 rows=47286 width=8) (actual time=943.064..2267.622 rows=43522 loops=1)
              Hash Cond: (mc.movie_id = t.id)
              ->  Seq Scan on movie_companies mc  (cost=0.00..51404.11 rows=941958 width=4) (actual time=0.043..942.147 rows=951228 loops=1)
                    Filter: (company_id > 18562)
                    Rows Removed by Filter: 1657901
              ->  Hash  (cost=67604.59..67604.59 rows=126932 width=4) (actual time=812.282..812.282 rows=122861 loops=1)
                    Buckets: 131072  Batches: 2  Memory Usage: 3191kB
                    ->  Seq Scan on title t  (cost=0.00..67604.59 rows=126932 width=4) (actual time=0.024..767.678 rows=122861 loops=1)
                          Filter: (production_year = 2008)
                          Rows Removed by Filter: 2405451
Planning time: 1.195 ms
Execution time: 16050.919 ms
