Hash Join  (cost=167766.94..672928.63 rows=2376276 width=0) (actual time=3897.115..20946.964 rows=17270690 loops=1)
  Hash Cond: (mi.movie_id = t.id)
  ->  Seq Scan on movie_info mi  (cost=0.00..309384.22 rows=14739122 width=4) (actual time=0.021..6245.915 rows=14835720 loops=1)
  ->  Hash  (cost=161078.25..161078.25 rows=407655 width=8) (actual time=3896.150..3896.150 rows=563504 loops=1)
        Buckets: 131072  Batches: 8  Memory Usage: 3756kB
        ->  Hash Join  (cost=80408.18..161078.25 rows=407655 width=8) (actual time=1288.400..3712.742 rows=563504 loops=1)
              Hash Cond: (mc.movie_id = t.id)
              ->  Seq Scan on movie_companies mc  (cost=0.00..44881.29 rows=2609129 width=4) (actual time=0.018..911.908 rows=2609129 loops=1)
              ->  Hash  (cost=73925.90..73925.90 rows=395062 width=4) (actual time=1287.476..1287.476 rows=335993 loops=1)
                    Buckets: 131072  Batches: 8  Memory Usage: 2492kB
                    ->  Seq Scan on title t  (cost=0.00..73925.90 rows=395062 width=4) (actual time=0.012..1178.363 rows=335993 loops=1)
                          Filter: ((kind_id < 7) AND (production_year > 2005))
                          Rows Removed by Filter: 2192319
Planning time: 1.167 ms
Execution time: 22865.824 ms
