Seq Scan on movie_info mi  (cost=0.00..346232.03 rows=1078551 width=0) (actual time=1472.020..5511.504 rows=1135201 loops=1)
  Filter: (info_type_id > 57)
  Rows Removed by Filter: 13700519
Planning time: 0.347 ms
Execution time: 5658.678 ms
