Hash Join  (cost=360594.12..1168007.94 rows=25523218 width=0) (actual time=8736.719..72530.035 rows=235243476 loops=1)
  Hash Cond: (mi.movie_id = t.id)
  ->  Seq Scan on movie_info mi  (cost=0.00..309384.22 rows=14739122 width=4) (actual time=0.022..6668.808 rows=14835720 loops=1)
  ->  Hash  (cost=288758.11..288758.11 rows=4378561 width=8) (actual time=8734.706..8734.706 rows=4496529 loops=1)
        Buckets: 131072  Batches: 64  Memory Usage: 3871kB
        ->  Hash Join  (cost=107755.55..288758.11 rows=4378561 width=8) (actual time=2230.855..7415.539 rows=4496529 loops=1)
              Hash Cond: (mk.movie_id = t.id)
              ->  Seq Scan on movie_keyword mk  (cost=0.00..69693.30 rows=4523930 width=4) (actual time=0.028..1502.811 rows=4523930 loops=1)
              ->  Hash  (cost=67604.59..67604.59 rows=2447277 width=4) (actual time=2229.422..2229.422 rows=2444984 loops=1)
                    Buckets: 131072  Batches: 32  Memory Usage: 3719kB
                    ->  Seq Scan on title t  (cost=0.00..67604.59 rows=2447277 width=4) (actual time=0.025..1438.562 rows=2444984 loops=1)
                          Filter: (production_year > 1902)
                          Rows Removed by Filter: 83328
Planning time: 1.056 ms
Execution time: 97011.215 ms
