Seq Scan on cast_info ci  (cost=0.00..705507.15 rows=7694751 width=0) (actual time=2.642..11086.327 rows=7594199 loops=1)
  Filter: (person_id < 736331)
  Rows Removed by Filter: 28650145
Planning time: 0.323 ms
Execution time: 12012.501 ms
