Seq Scan on movie_companies mc  (cost=0.00..51404.11 rows=1748677 width=0) (actual time=0.034..1051.921 rows=1740946 loops=1)
  Filter: (company_id < 23808)
  Rows Removed by Filter: 868183
Planning time: 0.336 ms
Execution time: 1269.215 ms
