Seq Scan on movie_companies mc  (cost=0.00..51404.11 rows=1977384 width=0) (actual time=0.029..1010.040 rows=1973214 loops=1)
  Filter: (company_id < 58122)
  Rows Removed by Filter: 635915
Planning time: 0.335 ms
Execution time: 1250.022 ms
