Seq Scan on movie_companies mc  (cost=0.00..57926.93 rows=53 width=0) (actual time=581.630..982.178 rows=1 loops=1)
  Filter: ((company_type_id > 1) AND (company_id = 154192))
  Rows Removed by Filter: 2609128
Planning time: 0.387 ms
Execution time: 982.270 ms
