Seq Scan on movie_keyword mk  (cost=0.00..81003.12 rows=246 width=0) (actual time=0.808..1224.803 rows=1737 loops=1)
  Filter: (keyword_id = 2069)
  Rows Removed by Filter: 4522193
Planning time: 0.299 ms
Execution time: 1225.398 ms
