Hash Join  (cost=225058.90..1182596.76 rows=5055137 width=0) (actual time=5701.182..24661.383 rows=7728532 loops=1)
  Hash Cond: (ci.movie_id = t.id)
  ->  Seq Scan on cast_info ci  (cost=0.00..796071.18 rows=8180261 width=4) (actual time=0.030..13570.760 rows=4981497 loops=1)
        Filter: ((person_id < 1805089) AND (role_id > 2))
        Rows Removed by Filter: 31262847
  ->  Hash  (cost=199423.05..199423.05 rows=1562548 width=8) (actual time=5700.168..5700.168 rows=1294496 loops=1)
        Buckets: 131072  Batches: 32  Memory Usage: 2575kB
        ->  Hash Join  (cost=97476.44..199423.05 rows=1562548 width=8) (actual time=1946.997..5350.852 rows=1294496 loops=1)
              Hash Cond: (mc.movie_id = t.id)
              ->  Seq Scan on movie_companies mc  (cost=0.00..51404.11 rows=2170005 width=4) (actual time=0.014..1068.150 rows=2164817 loops=1)
                    Filter: (company_id < 77797)
                    Rows Removed by Filter: 444312
              ->  Hash  (cost=67604.59..67604.59 rows=1820708 width=4) (actual time=1945.855..1945.855 rows=1813245 loops=1)
                    Buckets: 131072  Batches: 32  Memory Usage: 3022kB
                    ->  Seq Scan on title t  (cost=0.00..67604.59 rows=1820708 width=4) (actual time=0.027..1372.320 rows=1813245 loops=1)
                          Filter: (production_year > 1987)
                          Rows Removed by Filter: 715067
Planning time: 1.223 ms
Execution time: 25497.048 ms
