Hash Join  (cost=102767.86..264801.63 rows=2956963 width=0) (actual time=1869.891..5927.795 rows=2939711 loops=1)
  Hash Cond: (mk.movie_id = t.id)
  ->  Seq Scan on movie_keyword mk  (cost=0.00..81003.12 rows=2956963 width=4) (actual time=0.027..1698.305 rows=2939711 loops=1)
        Filter: (keyword_id < 9829)
        Rows Removed by Filter: 1584219
  ->  Hash  (cost=61283.27..61283.27 rows=2528527 width=4) (actual time=1868.823..1868.823 rows=2528312 loops=1)
        Buckets: 131072  Batches: 64  Memory Usage: 2425kB
        ->  Seq Scan on title t  (cost=0.00..61283.27 rows=2528527 width=4) (actual time=0.014..1037.145 rows=2528312 loops=1)
Planning time: 0.740 ms
Execution time: 6227.671 ms
