Seq Scan on movie_keyword mk  (cost=0.00..81003.12 rows=2967854 width=0) (actual time=0.021..1499.295 rows=2962452 loops=1)
  Filter: (keyword_id > 2341)
  Rows Removed by Filter: 1561478
Planning time: 0.259 ms
Execution time: 1855.335 ms
