Seq Scan on movie_keyword mk  (cost=0.00..81003.12 rows=1877959 width=0) (actual time=0.021..1451.389 rows=1889605 loops=1)
  Filter: (keyword_id < 3234)
  Rows Removed by Filter: 2634325
Planning time: 0.307 ms
Execution time: 1687.345 ms
