Hash Join  (cost=135978.91..240438.05 rows=254267 width=0) (actual time=3105.509..6281.788 rows=3129419 loops=1)
  Hash Cond: (mk.movie_id = t.id)
  ->  Seq Scan on movie_keyword mk  (cost=0.00..81003.12 rows=1679294 width=4) (actual time=0.010..1520.653 rows=1687405 loops=1)
        Filter: (keyword_id < 2629)
        Rows Removed by Filter: 2836525
  ->  Hash  (cost=129697.26..129697.26 rows=382852 width=8) (actual time=3104.590..3104.590 rows=798605 loops=1)
        Buckets: 131072 (originally 131072)  Batches: 16 (originally 8)  Memory Usage: 3073kB
        ->  Hash Join  (cost=85435.26..129697.26 rows=382852 width=8) (actual time=1530.105..2870.859 rows=798605 loops=1)
              Hash Cond: (mi_idx.movie_id = t.id)
              ->  Seq Scan on movie_info_idx mi_idx  (cost=0.00..21735.35 rows=1380035 width=4) (actual time=0.018..418.431 rows=1380035 loops=1)
              ->  Hash  (cost=73925.90..73925.90 rows=701468 width=4) (actual time=1529.450..1529.450 rows=749931 loops=1)
                    Buckets: 131072  Batches: 16  Memory Usage: 2673kB
                    ->  Seq Scan on title t  (cost=0.00..73925.90 rows=701468 width=4) (actual time=0.017..1304.340 rows=749931 loops=1)
                          Filter: ((kind_id < 7) AND (production_year < 2009))
                          Rows Removed by Filter: 1778381
Planning time: 0.735 ms
Execution time: 6652.653 ms
