Nested Loop  (cost=0.43..83072.90 rows=28 width=0) (actual time=22.077..1228.561 rows=226 loops=1)
  ->  Seq Scan on movie_keyword mk  (cost=0.00..81003.12 rows=246 width=4) (actual time=0.903..1197.661 rows=519 loops=1)
        Filter: (keyword_id = 3451)
        Rows Removed by Filter: 4523411
  ->  Index Scan using title_pkey on title t  (cost=0.43..8.40 rows=1 width=4) (actual time=0.058..0.058 rows=0 loops=519)
        Index Cond: (id = mk.movie_id)
        Filter: ((production_year > 2004) AND (kind_id = 1))
        Rows Removed by Filter: 1
Planning time: 1.550 ms
Execution time: 1228.794 ms
