Seq Scan on cast_info ci  (cost=0.00..796071.18 rows=22094221 width=0) (actual time=0.036..16822.315 rows=21370854 loops=1)
  Filter: ((person_id < 3631102) AND (role_id > 1))
  Rows Removed by Filter: 14873490
Planning time: 0.341 ms
Execution time: 19368.421 ms
