Hash Join  (cost=197250.98..1351793.49 rows=11753434 width=0) (actual time=4270.139..44148.142 rows=27039480 loops=1)
  Hash Cond: (ci.movie_id = t.id)
  ->  Seq Scan on cast_info ci  (cost=0.00..614943.12 rows=36225612 width=4) (actual time=0.013..13410.229 rows=36244344 loops=1)
  ->  Hash  (cost=183791.19..183791.19 rows=820383 width=8) (actual time=4269.241..4269.241 rows=812591 loops=1)
        Buckets: 131072  Batches: 16  Memory Usage: 2997kB
        ->  Hash Join  (cost=102767.86..183791.19 rows=820383 width=8) (actual time=2168.138..4053.688 rows=812591 loops=1)
              Hash Cond: (mc.movie_id = t.id)
              ->  Seq Scan on movie_companies mc  (cost=0.00..51404.11 rows=820383 width=4) (actual time=0.032..867.889 rows=812591 loops=1)
                    Filter: (company_id < 1886)
                    Rows Removed by Filter: 1796538
              ->  Hash  (cost=61283.27..61283.27 rows=2528527 width=4) (actual time=2167.162..2167.162 rows=2528312 loops=1)
                    Buckets: 131072  Batches: 64  Memory Usage: 2415kB
                    ->  Seq Scan on title t  (cost=0.00..61283.27 rows=2528527 width=4) (actual time=0.022..1034.565 rows=2528312 loops=1)
Planning time: 1.215 ms
Execution time: 47162.482 ms
