Seq Scan on movie_keyword mk  (cost=0.00..81003.12 rows=547435 width=0) (actual time=0.019..1244.579 rows=542961 loops=1)
  Filter: (keyword_id > 33827)
  Rows Removed by Filter: 3980969
Planning time: 0.325 ms
Execution time: 1311.934 ms
