Seq Scan on movie_companies mc  (cost=0.00..57926.93 rows=51 width=0) (actual time=0.431..810.838 rows=362 loops=1)
  Filter: ((company_id = 6558) AND (company_type_id = 1))
  Rows Removed by Filter: 2608767
Planning time: 0.330 ms
Execution time: 811.017 ms
