Hash Join  (cost=108632.59..912866.09 rows=45399 width=0) (actual time=2126.094..13154.022 rows=88638 loops=1)
  Hash Cond: (ci.movie_id = t.id)
  ->  Seq Scan on cast_info ci  (cost=0.00..796071.18 rows=2055555 width=4) (actual time=0.044..10601.651 rows=1019493 loops=1)
        Filter: ((person_id < 753595) AND (role_id > 4))
        Rows Removed by Filter: 35224851
  ->  Hash  (cost=107934.53..107934.53 rows=55845 width=8) (actual time=2125.495..2125.495 rows=111147 loops=1)
        Buckets: 131072 (originally 65536)  Batches: 2 (originally 1)  Memory Usage: 3195kB
        ->  Hash Join  (cost=69283.60..107934.53 rows=55845 width=8) (actual time=1148.189..2086.932 rows=111147 loops=1)
              Hash Cond: (mi_idx.movie_id = t.id)
              ->  Seq Scan on movie_info_idx mi_idx  (cost=0.00..21735.35 rows=1380035 width=4) (actual time=0.018..431.885 rows=1380035 loops=1)
              ->  Hash  (cost=67604.59..67604.59 rows=102321 width=4) (actual time=1147.411..1147.411 rows=100537 loops=1)
                    Buckets: 131072  Batches: 2  Memory Usage: 2797kB
                    ->  Seq Scan on title t  (cost=0.00..67604.59 rows=102321 width=4) (actual time=469.151..1110.905 rows=100537 loops=1)
                          Filter: (kind_id = 3)
                          Rows Removed by Filter: 2427775
Planning time: 1.233 ms
Execution time: 13166.336 ms
