Hash Join  (cost=709677.75..1069504.88 rows=527 width=0) (actual time=13192.168..15359.420 rows=3 loops=1)
  Hash Cond: (mi.movie_id = t.id)
  ->  Seq Scan on movie_info mi  (cost=0.00..346232.03 rows=3623957 width=4) (actual time=120.227..5524.395 rows=3624977 loops=1)
        Filter: (info_type_id < 4)
        Rows Removed by Filter: 11210743
  ->  Hash  (cost=709673.15..709673.15 rows=368 width=8) (actual time=9335.678..9335.678 rows=17 loops=1)
        Buckets: 1024  Batches: 1  Memory Usage: 9kB
        ->  Nested Loop  (cost=0.43..709673.15 rows=368 width=8) (actual time=4067.127..9335.625 rows=17 loops=1)
              ->  Seq Scan on cast_info ci  (cost=0.00..705507.15 rows=500 width=4) (actual time=4066.926..9335.119 rows=18 loops=1)
                    Filter: (person_id = 3017936)
                    Rows Removed by Filter: 36244326
              ->  Index Scan using title_pkey on title t  (cost=0.43..8.32 rows=1 width=4) (actual time=0.021..0.021 rows=1 loops=18)
                    Index Cond: (id = ci.movie_id)
                    Filter: (kind_id > 1)
                    Rows Removed by Filter: 0
Planning time: 1.248 ms
Execution time: 15359.558 ms
