Hash Join  (cost=145268.63..271213.73 rows=323606 width=0) (actual time=2668.272..6997.307 rows=4780047 loops=1)
  Hash Cond: (mk.movie_id = t.id)
  ->  Seq Scan on movie_keyword mk  (cost=0.00..69693.30 rows=4523930 width=4) (actual time=0.029..1544.970 rows=4523930 loops=1)
  ->  Hash  (cost=142300.74..142300.74 rows=180871 width=8) (actual time=2665.882..2665.882 rows=114493 loops=1)
        Buckets: 131072  Batches: 4  Memory Usage: 2166kB
        ->  Hash Join  (cost=78556.72..142300.74 rows=180871 width=8) (actual time=1393.983..2627.756 rows=114493 loops=1)
              Hash Cond: (mc.movie_id = t.id)
              ->  Seq Scan on movie_companies mc  (cost=0.00..51404.11 rows=685119 width=4) (actual time=0.020..956.465 rows=677499 loops=1)
                    Filter: (company_id < 1128)
                    Rows Removed by Filter: 1931630
              ->  Hash  (cost=67604.59..67604.59 rows=667531 width=4) (actual time=1208.871..1208.871 rows=662825 loops=1)
                    Buckets: 131072  Batches: 16  Memory Usage: 2476kB
                    ->  Seq Scan on title t  (cost=0.00..67604.59 rows=667531 width=4) (actual time=0.020..1009.243 rows=662825 loops=1)
                          Filter: (kind_id = 1)
                          Rows Removed by Filter: 1865487
Planning time: 1.146 ms
Execution time: 7481.769 ms
