Hash Join  (cost=93417.65..1302072.38 rows=17021056 width=0) (actual time=1871.832..39254.328 rows=18804105 loops=1)
  Hash Cond: (ci.movie_id = t.id)
  ->  Seq Scan on cast_info ci  (cost=0.00..614943.12 rows=36225612 width=4) (actual time=0.020..13332.283 rows=36244344 loops=1)
  ->  Hash  (cost=73925.90..73925.90 rows=1188060 width=4) (actual time=1870.955..1870.955 rows=1276679 loops=1)
        Buckets: 131072  Batches: 16  Memory Usage: 3840kB
        ->  Seq Scan on title t  (cost=0.00..73925.90 rows=1188060 width=4) (actual time=207.195..1473.675 rows=1276679 loops=1)
              Filter: ((production_year > 1979) AND (kind_id = 7))
              Rows Removed by Filter: 1251633
Planning time: 0.739 ms
Execution time: 41486.835 ms
