Hash Join  (cost=96987.67..191547.94 rows=18620 width=0) (actual time=1796.795..3575.632 rows=98263 loops=1)
  Hash Cond: (mk.movie_id = t.id)
  ->  Seq Scan on movie_keyword mk  (cost=0.00..81003.12 rows=3565587 width=4) (actual time=0.025..1291.426 rows=3561091 loops=1)
        Filter: (keyword_id > 903)
        Rows Removed by Filter: 962839
  ->  Hash  (cost=96822.62..96822.62 rows=13204 width=8) (actual time=1795.849..1795.849 rows=16460 loops=1)
        Buckets: 32768 (originally 16384)  Batches: 1 (originally 1)  Memory Usage: 899kB
        ->  Hash Join  (cost=68058.67..96822.62 rows=13204 width=8) (actual time=1060.383..1788.771 rows=16460 loops=1)
              Hash Cond: (mi_idx.movie_id = t.id)
              ->  Seq Scan on movie_info_idx mi_idx  (cost=0.00..25185.44 rows=919057 width=4) (actual time=0.025..521.442 rows=920110 loops=1)
                    Filter: (info_type_id > 99)
                    Rows Removed by Filter: 459925
              ->  Hash  (cost=67604.59..67604.59 rows=36327 width=4) (actual time=1059.727..1059.727 rows=36509 loops=1)
                    Buckets: 65536  Batches: 1  Memory Usage: 1796kB
                    ->  Seq Scan on title t  (cost=0.00..67604.59 rows=36327 width=4) (actual time=0.041..1043.562 rows=36509 loops=1)
                          Filter: (production_year = 1996)
                          Rows Removed by Filter: 2491803
Planning time: 1.144 ms
Execution time: 3586.280 ms
