Seq Scan on movie_companies mc  (cost=0.00..51404.11 rows=992257 width=0) (actual time=0.027..859.649 rows=994842 loops=1)
  Filter: (company_id < 4625)
  Rows Removed by Filter: 1614287
Planning time: 0.358 ms
Execution time: 986.608 ms
