Seq Scan on cast_info ci  (cost=0.00..705507.15 rows=500 width=0) (actual time=4074.067..11030.442 rows=248 loops=1)
  Filter: (person_id = 517787)
  Rows Removed by Filter: 36244096
Planning time: 0.406 ms
Execution time: 11030.554 ms
