Hash Join  (cost=80661.47..1174883.58 rows=5881495 width=0) (actual time=1496.048..33851.385 rows=6889851 loops=1)
  Hash Cond: (ci.movie_id = t.id)
  ->  Seq Scan on cast_info ci  (cost=0.00..614943.12 rows=36225612 width=4) (actual time=0.022..12857.709 rows=36244344 loops=1)
  ->  Hash  (cost=73925.90..73925.90 rows=410525 width=4) (actual time=1495.179..1495.179 rows=456146 loops=1)
        Buckets: 131072  Batches: 8  Memory Usage: 3040kB
        ->  Seq Scan on title t  (cost=0.00..73925.90 rows=410525 width=4) (actual time=0.022..1354.059 rows=456146 loops=1)
              Filter: ((production_year < 2007) AND (kind_id = 1))
              Rows Removed by Filter: 2072166
Planning time: 0.754 ms
Execution time: 34679.540 ms
