Seq Scan on cast_info ci  (cost=0.00..705507.15 rows=23749643 width=0) (actual time=0.069..12647.048 rows=23844309 loops=1)
  Filter: (person_id > 1222683)
  Rows Removed by Filter: 12400035
Planning time: 0.343 ms
Execution time: 15569.786 ms
