Hash Join  (cost=145515.26..646560.92 rows=1990573 width=0) (actual time=3345.941..17261.701 rows=4737678 loops=1)
  Hash Cond: (mi.movie_id = t.id)
  ->  Seq Scan on movie_info mi  (cost=0.00..309384.22 rows=14739122 width=4) (actual time=0.017..6042.251 rows=14835720 loops=1)
  ->  Hash  (cost=139912.67..139912.67 rows=341487 width=8) (actual time=3345.250..3345.250 rows=329797 loops=1)
        Buckets: 131072  Batches: 8  Memory Usage: 2646kB
        ->  Hash Join  (cost=98098.54..139912.67 rows=341487 width=8) (actual time=2129.038..3243.937 rows=329797 loops=1)
              Hash Cond: (mi_idx.movie_id = t.id)
              ->  Seq Scan on movie_info_idx mi_idx  (cost=0.00..25185.44 rows=464566 width=4) (actual time=0.017..467.903 rows=459925 loops=1)
                    Filter: (info_type_id = 101)
                    Rows Removed by Filter: 920110
              ->  Hash  (cost=67604.59..67604.59 rows=1858636 width=4) (actual time=2128.136..2128.136 rows=1852807 loops=1)
                    Buckets: 131072  Batches: 32  Memory Usage: 3067kB
                    ->  Seq Scan on title t  (cost=0.00..67604.59 rows=1858636 width=4) (actual time=0.017..1334.428 rows=1852807 loops=1)
                          Filter: (production_year > 1985)
                          Rows Removed by Filter: 675505
Planning time: 0.895 ms
Execution time: 17824.045 ms
