Hash Join  (cost=107680.66..169972.25 rows=1333206 width=0) (actual time=2188.623..4079.421 rows=1373333 loops=1)
  Hash Cond: (mi_idx.movie_id = t.id)
  ->  Seq Scan on movie_info_idx mi_idx  (cost=0.00..21735.35 rows=1380035 width=4) (actual time=0.021..445.092 rows=1380035 loops=1)
  ->  Hash  (cost=67604.59..67604.59 rows=2442726 width=4) (actual time=2187.620..2187.620 rows=2440430 loops=1)
        Buckets: 131072  Batches: 32  Memory Usage: 3705kB
        ->  Seq Scan on title t  (cost=0.00..67604.59 rows=2442726 width=4) (actual time=0.025..1401.984 rows=2440430 loops=1)
              Filter: (production_year > 1905)
              Rows Removed by Filter: 87882
Planning time: 0.703 ms
Execution time: 4238.432 ms
