Hash Join  (cost=84466.26..1212818.57 rows=9203915 width=0) (actual time=1420.478..34340.234 rows=6629215 loops=1)
  Hash Cond: (ci.movie_id = t.id)
  ->  Seq Scan on cast_info ci  (cost=0.00..614943.12 rows=36225612 width=4) (actual time=0.032..13516.954 rows=36244344 loops=1)
  ->  Hash  (cost=73925.90..73925.90 rows=642428 width=4) (actual time=1414.082..1414.082 rows=516249 loops=1)
        Buckets: 131072  Batches: 16  Memory Usage: 2158kB
        ->  Seq Scan on title t  (cost=0.00..73925.90 rows=642428 width=4) (actual time=0.021..1245.552 rows=516249 loops=1)
              Filter: ((kind_id > 3) AND (production_year < 1999))
              Rows Removed by Filter: 2012063
Planning time: 0.750 ms
Execution time: 35045.062 ms
