Hash Join  (cost=181897.37..319469.45 rows=1277905 width=0) (actual time=4552.295..7191.749 rows=537703 loops=1)
  Hash Cond: (mk.movie_id = t.id)
  ->  Seq Scan on movie_keyword mk  (cost=0.00..69693.30 rows=4523930 width=4) (actual time=0.022..1477.698 rows=4523930 loops=1)
  ->  Hash  (cost=170178.24..170178.24 rows=714250 width=8) (actual time=3747.375..3747.375 rows=372564 loops=1)
        Buckets: 131072  Batches: 16  Memory Usage: 1931kB
        ->  Hash Join  (cost=85282.22..170178.24 rows=714250 width=8) (actual time=1838.546..3646.076 rows=372564 loops=1)
              Hash Cond: (mc.movie_id = t.id)
              ->  Seq Scan on movie_companies mc  (cost=0.00..44881.29 rows=2609129 width=4) (actual time=0.016..897.373 rows=2609129 loops=1)
              ->  Hash  (cost=73925.90..73925.90 rows=692185 width=4) (actual time=1449.901..1449.901 rows=596495 loops=1)
                    Buckets: 131072  Batches: 16  Memory Usage: 2332kB
                    ->  Seq Scan on title t  (cost=0.00..73925.90 rows=692185 width=4) (actual time=174.566..1259.888 rows=596495 loops=1)
                          Filter: ((production_year < 2002) AND (kind_id = 7))
                          Rows Removed by Filter: 1931817
Planning time: 1.037 ms
Execution time: 7250.431 ms
