Hash Join  (cost=481135.46..615415.92 rows=1007742 width=0) (actual time=8243.327..11713.094 rows=1074961 loops=1)
  Hash Cond: (mk.movie_id = t.id)
  ->  Seq Scan on movie_keyword mk  (cost=0.00..69693.30 rows=4523930 width=4) (actual time=0.027..1452.283 rows=4523930 loops=1)
  ->  Hash  (cost=471893.83..471893.83 rows=563250 width=8) (actual time=8242.028..8242.028 rows=357652 loops=1)
        Buckets: 131072  Batches: 8  Memory Usage: 2770kB
        ->  Hash Join  (cost=102781.47..471893.83 rows=563250 width=8) (actual time=4077.636..8134.711 rows=357652 loops=1)
              Hash Cond: (mi.movie_id = t.id)
              ->  Seq Scan on movie_info mi  (cost=0.00..346232.03 rows=809768 width=4) (actual time=1993.043..5265.194 rows=802140 loops=1)
                    Filter: (info_type_id < 2)
                    Rows Removed by Filter: 14033580
              ->  Hash  (cost=73925.90..73925.90 rows=1758765 width=4) (actual time=2083.781..2083.781 rows=1799906 loops=1)
                    Buckets: 131072  Batches: 32  Memory Usage: 3013kB
                    ->  Seq Scan on title t  (cost=0.00..73925.90 rows=1758765 width=4) (actual time=0.023..1497.630 rows=1799906 loops=1)
                          Filter: ((kind_id > 1) AND (production_year > 1916))
                          Rows Removed by Filter: 728406
Planning time: 1.164 ms
Execution time: 11826.278 ms
