Seq Scan on movie_keyword mk  (cost=0.00..81003.12 rows=3456112 width=0) (actual time=0.025..1542.022 rows=3444761 loops=1)
  Filter: (keyword_id < 16398)
  Rows Removed by Filter: 1079169
Planning time: 0.299 ms
Execution time: 1981.642 ms
