Seq Scan on movie_companies mc  (cost=0.00..57926.93 rows=1307266 width=0) (actual time=213.216..1001.732 rows=1291986 loops=1)
  Filter: ((company_id < 197092) AND (company_type_id > 1))
  Rows Removed by Filter: 1317143
Planning time: 0.366 ms
Execution time: 1158.364 ms
