Hash Join  (cost=160243.35..527098.00 rows=20121 width=0) (actual time=5402.215..9166.918 rows=5445 loops=1)
  Hash Cond: (mi.movie_id = t.id)
  ->  Seq Scan on movie_info mi  (cost=0.00..346232.03 rows=5445713 width=4) (actual time=2703.651..5641.491 rows=5410520 loops=1)
        Filter: (info_type_id < 6)
        Rows Removed by Filter: 9425200
  ->  Hash  (cost=160126.57..160126.57 rows=9342 width=8) (actual time=2679.867..2679.867 rows=2960 loops=1)
        Buckets: 16384  Batches: 1  Memory Usage: 244kB
        ->  Hash Join  (cost=75195.76..160126.57 rows=9342 width=8) (actual time=1688.993..2678.679 rows=2960 loops=1)
              Hash Cond: (mk.movie_id = t.id)
              ->  Seq Scan on movie_keyword mk  (cost=0.00..81003.12 rows=305406 width=4) (actual time=0.033..1348.766 rows=321054 loops=1)
                    Filter: (keyword_id < 261)
                    Rows Removed by Filter: 4202876
              ->  Hash  (cost=73925.90..73925.90 rows=77348 width=4) (actual time=1204.523..1204.523 rows=84109 loops=1)
                    Buckets: 131072  Batches: 2  Memory Usage: 2515kB
                    ->  Seq Scan on title t  (cost=0.00..73925.90 rows=77348 width=4) (actual time=218.360..1164.675 rows=84109 loops=1)
                          Filter: ((kind_id = 7) AND (production_year = 2008))
                          Rows Removed by Filter: 2444203
Planning time: 1.194 ms
Execution time: 9167.908 ms
