Seq Scan on cast_info ci  (cost=0.00..705507.15 rows=500 width=0) (actual time=60.422..9562.344 rows=34 loops=1)
  Filter: (person_id = 1296949)
  Rows Removed by Filter: 36244310
Planning time: 0.366 ms
Execution time: 9562.469 ms
