Seq Scan on cast_info ci  (cost=0.00..796071.18 rows=14066999 width=0) (actual time=2121.063..14289.982 rows=8875158 loops=1)
  Filter: ((person_id < 2185382) AND (role_id > 1))
  Rows Removed by Filter: 27369186
Planning time: 0.339 ms
Execution time: 15350.929 ms
