Seq Scan on movie_companies mc  (cost=0.00..51404.11 rows=104 width=0) (actual time=257.920..804.713 rows=442 loops=1)
  Filter: (company_id = 11135)
  Rows Removed by Filter: 2608687
Planning time: 0.340 ms
Execution time: 804.921 ms
