Seq Scan on title t  (cost=0.00..73925.90 rows=49103 width=0) (actual time=0.085..1038.722 rows=43585 loops=1)
  Filter: ((kind_id < 6) AND (production_year = 2009))
  Rows Removed by Filter: 2484727
Planning time: 0.372 ms
Execution time: 1045.725 ms
