Hash Join  (cost=73959.65..827325.41 rows=13589 width=0) (actual time=3151.238..14945.265 rows=10365 loops=1)
  Hash Cond: (ci.movie_id = t.id)
  ->  Seq Scan on cast_info ci  (cost=0.00..705507.15 rows=12726058 width=4) (actual time=1916.996..11851.114 rows=12670688 loops=1)
        Filter: (role_id < 2)
        Rows Removed by Filter: 23573656
  ->  Hash  (cost=73925.90..73925.90 rows=2700 width=4) (actual time=1233.247..1233.247 rows=1454 loops=1)
        Buckets: 4096  Batches: 1  Memory Usage: 84kB
        ->  Seq Scan on title t  (cost=0.00..73925.90 rows=2700 width=4) (actual time=26.904..1232.381 rows=1454 loops=1)
              Filter: ((production_year > 2012) AND (kind_id = 3))
              Rows Removed by Filter: 2526858
Planning time: 0.483 ms
Execution time: 14948.033 ms
