Hash Join  (cost=1079771.89..2013863.64 rows=33942031 width=0) (actual time=23416.377..63652.957 rows=106377754 loops=1)
  Hash Cond: (mi.movie_id = t.id)
  ->  Seq Scan on movie_info mi  (cost=0.00..309384.22 rows=14739122 width=4) (actual time=0.023..6286.184 rows=14835720 loops=1)
  ->  Hash  (cost=984240.56..984240.56 rows=5822826 width=8) (actual time=23414.512..23414.512 rows=5112799 loops=1)
        Buckets: 131072  Batches: 128  Memory Usage: 2657kB
        ->  Hash Join  (cost=93117.31..984240.56 rows=5822826 width=8) (actual time=6167.867..21940.601 rows=5112799 loops=1)
              Hash Cond: (ci.movie_id = t.id)
              ->  Seq Scan on cast_info ci  (cost=0.00..705507.15 rows=9468168 width=4) (actual time=4465.783..13883.562 rows=9384703 loops=1)
                    Filter: (role_id > 4)
                    Rows Removed by Filter: 26859641
              ->  Hash  (cost=67604.59..67604.59 rows=1555018 width=4) (actual time=1701.080..1701.080 rows=1551727 loops=1)
                    Buckets: 131072  Batches: 32  Memory Usage: 2728kB
                    ->  Seq Scan on title t  (cost=0.00..67604.59 rows=1555018 width=4) (actual time=0.031..1202.591 rows=1551727 loops=1)
                          Filter: (production_year < 2007)
                          Rows Removed by Filter: 976585
Planning time: 1.126 ms
Execution time: 75202.492 ms
