Seq Scan on cast_info ci  (cost=0.00..796071.18 rows=2930772 width=0) (actual time=6041.045..13000.490 rows=6024550 loops=1)
  Filter: ((person_id > 2435157) AND (role_id > 5))
  Rows Removed by Filter: 30219794
Planning time: 0.375 ms
Execution time: 13764.549 ms
