Hash Join  (cost=126373.23..1168907.65 rows=1804598 width=0) (actual time=3340.594..29982.565 rows=4532854 loops=1)
  Hash Cond: (ci.movie_id = t.id)
  ->  Seq Scan on cast_info ci  (cost=0.00..796071.18 rows=19676596 width=4) (actual time=0.020..16745.899 rows=18584807 loops=1)
        Filter: ((person_id > 1339194) AND (role_id < 10))
        Rows Removed by Filter: 17659537
  ->  Hash  (cost=122568.49..122568.49 rows=231899 width=8) (actual time=3339.800..3339.800 rows=311038 loops=1)
        Buckets: 131072  Batches: 4  Memory Usage: 4048kB
        ->  Hash Join  (cost=80897.02..122568.49 rows=231899 width=8) (actual time=1633.924..3247.210 rows=311038 loops=1)
              Hash Cond: (mi_idx.movie_id = t.id)
              ->  Seq Scan on movie_info_idx mi_idx  (cost=0.00..21735.35 rows=1380035 width=4) (actual time=0.026..440.288 rows=1380035 loops=1)
              ->  Hash  (cost=73925.90..73925.90 rows=424889 width=4) (actual time=1348.657..1348.657 rows=309098 loops=1)
                    Buckets: 131072  Batches: 8  Memory Usage: 2386kB
                    ->  Seq Scan on title t  (cost=0.00..73925.90 rows=424889 width=4) (actual time=250.479..1256.018 rows=309098 loops=1)
                          Filter: ((production_year > 1995) AND (kind_id = 1))
                          Rows Removed by Filter: 2219214
Planning time: 1.156 ms
Execution time: 30536.882 ms
