Seq Scan on cast_info ci  (cost=0.00..796071.18 rows=8554738 width=0) (actual time=813.604..14706.109 rows=4163898 loops=1)
  Filter: ((person_id > 1158498) AND (role_id < 2))
  Rows Removed by Filter: 32080446
Planning time: 0.364 ms
Execution time: 15223.089 ms
