Seq Scan on movie_keyword mk  (cost=0.00..81003.12 rows=413817 width=0) (actual time=23.779..1408.173 rows=406942 loops=1)
  Filter: (keyword_id > 42571)
  Rows Removed by Filter: 4116988
Planning time: 0.234 ms
Execution time: 1460.242 ms
