Hash Join  (cost=74617.32..875595.37 rows=27046 width=0) (actual time=9967.127..11861.994 rows=39 loops=1)
  Hash Cond: (ci.movie_id = t.id)
  ->  Seq Scan on cast_info ci  (cost=0.00..796071.18 rows=1236378 width=4) (actual time=9214.976..11121.631 rows=1307 loops=1)
        Filter: ((person_id < 583770) AND (role_id = 2))
        Rows Removed by Filter: 36243037
  ->  Hash  (cost=73925.90..73925.90 rows=55313 width=4) (actual time=739.256..739.256 rows=49075 loops=1)
        Buckets: 65536  Batches: 1  Memory Usage: 2238kB
        ->  Seq Scan on title t  (cost=0.00..73925.90 rows=55313 width=4) (actual time=0.072..722.691 rows=49075 loops=1)
              Filter: ((kind_id < 7) AND (production_year = 2010))
              Rows Removed by Filter: 2479237
Planning time: 1.910 ms
Execution time: 11862.175 ms
