Hash Join  (cost=68449.54..938461.19 rows=492037 width=0) (actual time=903.166..22763.448 rows=617253 loops=1)
  Hash Cond: (ci.movie_id = t.id)
  ->  Seq Scan on cast_info ci  (cost=0.00..796071.18 rows=18405362 width=4) (actual time=0.017..16133.026 rows=21424843 loops=1)
        Filter: ((person_id > 752324) AND (role_id > 1))
        Rows Removed by Filter: 14819501
  ->  Hash  (cost=67604.59..67604.59 rows=67596 width=4) (actual time=902.414..902.414 rows=67777 loops=1)
        Buckets: 131072  Batches: 1  Memory Usage: 3407kB
        ->  Seq Scan on title t  (cost=0.00..67604.59 rows=67596 width=4) (actual time=0.057..875.016 rows=67777 loops=1)
              Filter: (production_year = 2003)
              Rows Removed by Filter: 2460535
Planning time: 0.803 ms
Execution time: 22845.981 ms
