Hash Join  (cost=163435.73..1261256.03 rows=6231713 width=0) (actual time=4377.437..41789.853 rows=23815982 loops=1)
  Hash Cond: (ci.movie_id = t.id)
  ->  Seq Scan on cast_info ci  (cost=0.00..614943.12 rows=36225612 width=4) (actual time=0.022..13388.185 rows=36244344 loops=1)
  ->  Hash  (cost=156298.61..156298.61 rows=434970 width=8) (actual time=4375.894..4375.894 rows=924996 loops=1)
        Buckets: 131072 (originally 131072)  Batches: 16 (originally 8)  Memory Usage: 3291kB
        ->  Hash Join  (cost=83810.17..156298.61 rows=434970 width=8) (actual time=1542.793..4119.217 rows=924996 loops=1)
              Hash Cond: (mc.movie_id = t.id)
              ->  Seq Scan on movie_companies mc  (cost=0.00..51404.11 rows=1113499 width=4) (actual time=0.178..1061.125 rows=1123143 loops=1)
                    Filter: (company_id > 13642)
                    Rows Removed by Filter: 1485986
              ->  Hash  (cost=67604.59..67604.59 rows=987727 width=4) (actual time=1540.939..1540.939 rows=985048 loops=1)
                    Buckets: 131072  Batches: 16  Memory Usage: 3188kB
                    ->  Seq Scan on title t  (cost=0.00..67604.59 rows=987727 width=4) (actual time=0.016..1214.125 rows=985048 loops=1)
                          Filter: (kind_id < 7)
                          Rows Removed by Filter: 1543264
Planning time: 1.149 ms
Execution time: 44451.286 ms
