Hash Join  (cost=190230.21..309978.10 rows=1069525 width=0) (actual time=4735.387..8233.270 rows=4537164 loops=1)
  Hash Cond: (mk.movie_id = t.id)
  ->  Seq Scan on movie_keyword mk  (cost=0.00..81003.12 rows=1959604 width=4) (actual time=0.024..1589.135 rows=1964321 loops=1)
        Filter: (keyword_id > 6456)
        Rows Removed by Filter: 2559609
  ->  Hash  (cost=167588.78..167588.78 rows=1380035 width=8) (actual time=4734.523..4734.523 rows=1380035 loops=1)
        Buckets: 131072  Batches: 32  Memory Usage: 2726kB
        ->  Hash Join  (cost=102767.86..167588.78 rows=1380035 width=8) (actual time=2033.110..4041.179 rows=1380035 loops=1)
              Hash Cond: (mi_idx.movie_id = t.id)
              ->  Seq Scan on movie_info_idx mi_idx  (cost=0.00..21735.35 rows=1380035 width=4) (actual time=0.021..452.667 rows=1380035 loops=1)
              ->  Hash  (cost=61283.27..61283.27 rows=2528527 width=4) (actual time=2030.813..2030.813 rows=2528312 loops=1)
                    Buckets: 131072  Batches: 64  Memory Usage: 2415kB
                    ->  Seq Scan on title t  (cost=0.00..61283.27 rows=2528527 width=4) (actual time=0.016..1170.472 rows=2528312 loops=1)
Planning time: 1.072 ms
Execution time: 8675.464 ms
