Hash Join  (cost=196891.72..1122232.33 rows=722114 width=0) (actual time=10334.807..21950.464 rows=1520449 loops=1)
  Hash Cond: (ci.movie_id = t.id)
  ->  Seq Scan on cast_info ci  (cost=0.00..796071.18 rows=9466860 width=4) (actual time=6205.125..14843.227 rows=6098282 loops=1)
        Filter: ((person_id > 899046) AND (role_id = 1))
        Rows Removed by Filter: 30146062
  ->  Hash  (cost=193726.84..193726.84 rows=192871 width=8) (actual time=4128.227..4128.227 rows=183641 loops=1)
        Buckets: 131072  Batches: 4  Memory Usage: 2816kB
        ->  Hash Join  (cost=69374.09..193726.84 rows=192871 width=8) (actual time=1341.497..4072.765 rows=183641 loops=1)
              Hash Cond: (mk.movie_id = t.id)
              ->  Seq Scan on movie_keyword mk  (cost=0.00..69693.30 rows=4523930 width=4) (actual time=0.022..1368.094 rows=4523930 loops=1)
              ->  Hash  (cost=67604.59..67604.59 rows=107800 width=4) (actual time=1340.667..1340.667 rows=108429 loops=1)
                    Buckets: 131072  Batches: 2  Memory Usage: 2938kB
                    ->  Seq Scan on title t  (cost=0.00..67604.59 rows=107800 width=4) (actual time=0.046..1031.240 rows=108429 loops=1)
                          Filter: (production_year = 2006)
                          Rows Removed by Filter: 2419883
Planning time: 1.139 ms
Execution time: 22121.697 ms
