Hash Join  (cost=131132.68..225987.99 rows=129471 width=0) (actual time=2917.608..5158.642 rows=779310 loops=1)
  Hash Cond: (mk.movie_id = t.id)
  ->  Seq Scan on movie_keyword mk  (cost=0.00..81003.12 rows=972126 width=4) (actual time=0.022..1546.905 rows=977002 loops=1)
        Filter: (keyword_id > 19124)
        Rows Removed by Filter: 3546928
  ->  Hash  (cost=125607.22..125607.22 rows=336757 width=8) (actual time=2916.607..2916.607 rows=414113 loops=1)
        Buckets: 131072  Batches: 8  Memory Usage: 3062kB
        ->  Hash Join  (cost=82805.75..125607.22 rows=336757 width=8) (actual time=1450.564..2789.112 rows=414113 loops=1)
              Hash Cond: (mi_idx.movie_id = t.id)
              ->  Seq Scan on movie_info_idx mi_idx  (cost=0.00..25185.44 rows=919057 width=4) (actual time=0.017..596.892 rows=920110 loops=1)
                    Filter: (info_type_id > 99)
                    Rows Removed by Filter: 459925
              ->  Hash  (cost=67604.59..67604.59 rows=926493 width=4) (actual time=1449.813..1449.813 rows=924605 loops=1)
                    Buckets: 131072  Batches: 16  Memory Usage: 3056kB
                    ->  Seq Scan on title t  (cost=0.00..67604.59 rows=926493 width=4) (actual time=0.018..1157.636 rows=924605 loops=1)
                          Filter: (production_year < 1998)
                          Rows Removed by Filter: 1603707
Planning time: 1.221 ms
Execution time: 5256.905 ms
