Hash Join  (cost=173825.02..980199.58 rows=1030342 width=0) (actual time=3351.042..21433.148 rows=359344 loops=1)
  Hash Cond: (ci.movie_id = t.id)
  ->  Seq Scan on cast_info ci  (cost=0.00..614943.12 rows=36225612 width=4) (actual time=0.021..9144.986 rows=36244344 loops=1)
  ->  Hash  (cost=172926.06..172926.06 rows=71917 width=8) (actual time=3349.329..3349.329 rows=8680 loops=1)
        Buckets: 131072  Batches: 1  Memory Usage: 1364kB
        ->  Hash Join  (cost=74434.21..172926.06 rows=71917 width=8) (actual time=1709.162..3345.717 rows=8680 loops=1)
              Hash Cond: (mk.movie_id = t.id)
              ->  Seq Scan on movie_keyword mk  (cost=0.00..81003.12 rows=4471882 width=4) (actual time=0.021..1555.620 rows=4475978 loops=1)
                    Filter: (keyword_id > 47)
                    Rows Removed by Filter: 47952
              ->  Hash  (cost=73925.90..73925.90 rows=40664 width=4) (actual time=1116.573..1116.573 rows=40257 loops=1)
                    Buckets: 65536  Batches: 1  Memory Usage: 1928kB
                    ->  Seq Scan on title t  (cost=0.00..73925.90 rows=40664 width=4) (actual time=0.024..1099.426 rows=40257 loops=1)
                          Filter: ((production_year > 2012) AND (kind_id = 7))
                          Rows Removed by Filter: 2488055
Planning time: 1.142 ms
Execution time: 21479.488 ms
