Seq Scan on movie_keyword mk  (cost=0.00..81003.12 rows=246 width=0) (actual time=1.112..1267.588 rows=848 loops=1)
  Filter: (keyword_id = 3304)
  Rows Removed by Filter: 4523082
Planning time: 0.364 ms
Execution time: 1268.005 ms
