Seq Scan on cast_info ci  (cost=0.00..705507.15 rows=234395 width=0) (actual time=2853.978..10802.436 rows=191261 loops=1)
  Filter: (person_id < 23025)
  Rows Removed by Filter: 36053083
Planning time: 0.337 ms
Execution time: 10827.116 ms
