Hash Join  (cost=184590.03..317655.30 rows=908024 width=0) (actual time=4025.680..8175.246 rows=3610865 loops=1)
  Hash Cond: (mk.movie_id = t.id)
  ->  Seq Scan on movie_keyword mk  (cost=0.00..69693.30 rows=4523930 width=4) (actual time=0.029..1424.674 rows=4523930 loops=1)
  ->  Hash  (cost=176263.09..176263.09 rows=507515 width=8) (actual time=4024.302..4024.302 rows=510815 loops=1)
        Buckets: 131072  Batches: 8  Memory Usage: 3541kB
        ->  Hash Join  (cost=102767.86..176263.09 rows=507515 width=8) (actual time=1931.233..3851.036 rows=510815 loops=1)
              Hash Cond: (mc.movie_id = t.id)
              ->  Seq Scan on movie_companies mc  (cost=0.00..51404.11 rows=507515 width=4) (actual time=0.015..1027.916 rows=510815 loops=1)
                    Filter: (company_id > 73715)
                    Rows Removed by Filter: 2098314
              ->  Hash  (cost=61283.27..61283.27 rows=2528527 width=4) (actual time=1930.132..1930.132 rows=2528312 loops=1)
                    Buckets: 131072  Batches: 64  Memory Usage: 2415kB
                    ->  Seq Scan on title t  (cost=0.00..61283.27 rows=2528527 width=4) (actual time=0.027..1099.656 rows=2528312 loops=1)
Planning time: 1.192 ms
Execution time: 8551.115 ms
