Hash Join  (cost=92883.59..929414.89 rows=4029013 width=0) (actual time=1592.189..18520.528 rows=3789291 loops=1)
  Hash Cond: (ci.movie_id = t.id)
  ->  Seq Scan on cast_info ci  (cost=0.00..705507.15 rows=6611805 width=4) (actual time=0.025..12351.417 rows=6540158 loops=1)
        Filter: (person_id < 631450)
        Rows Removed by Filter: 29704186
  ->  Hash  (cost=67604.59..67604.59 rows=1540800 width=4) (actual time=1590.807..1590.807 rows=1543264 loops=1)
        Buckets: 131072  Batches: 32  Memory Usage: 2722kB
        ->  Seq Scan on title t  (cost=0.00..67604.59 rows=1540800 width=4) (actual time=0.016..1121.891 rows=1543264 loops=1)
              Filter: (kind_id = 7)
              Rows Removed by Filter: 985048
Planning time: 2.352 ms
Execution time: 18916.420 ms
