Hash Join  (cost=709673.16..1109806.76 rows=6 width=0) (actual time=11388.413..19951.804 rows=365 loops=1)
  Hash Cond: (mi.movie_id = t.id)
  ->  Seq Scan on movie_info mi  (cost=0.00..346232.03 rows=14373737 width=4) (actual time=0.015..6907.590 rows=14407069 loops=1)
        Filter: (info_type_id < 105)
        Rows Removed by Filter: 428651
  ->  Hash  (cost=709673.15..709673.15 rows=1 width=8) (actual time=11094.816..11094.816 rows=4 loops=1)
        Buckets: 1024  Batches: 1  Memory Usage: 9kB
        ->  Nested Loop  (cost=0.43..709673.15 rows=1 width=8) (actual time=420.786..11094.801 rows=4 loops=1)
              ->  Seq Scan on cast_info ci  (cost=0.00..705507.15 rows=500 width=4) (actual time=420.721..11093.642 rows=46 loops=1)
                    Filter: (person_id = 2245050)
                    Rows Removed by Filter: 36244298
              ->  Index Scan using title_pkey on title t  (cost=0.43..8.32 rows=1 width=4) (actual time=0.024..0.024 rows=0 loops=46)
                    Index Cond: (id = ci.movie_id)
                    Filter: (production_year = 1988)
                    Rows Removed by Filter: 1
Planning time: 1.284 ms
Execution time: 19952.053 ms
