Seq Scan on movie_companies mc  (cost=0.00..57926.93 rows=1706 width=0) (actual time=375.470..923.526 rows=3601 loops=1)
  Filter: ((company_type_id < 2) AND (company_id = 521))
  Rows Removed by Filter: 2605528
Planning time: 0.407 ms
Execution time: 924.332 ms
