Hash Join  (cost=684780.58..2142147.83 rows=31982954 width=0) (actual time=19536.803..99626.476 rows=173216591 loops=1)
  Hash Cond: (ci.movie_id = t.id)
  ->  Seq Scan on cast_info ci  (cost=0.00..705507.15 rows=23499554 width=4) (actual time=0.018..17007.734 rows=23573656 loops=1)
        Filter: (role_id > 1)
        Rows Removed by Filter: 12670688
  ->  Hash  (cost=628320.93..628320.93 rows=3441332 width=8) (actual time=19533.152..19533.152 rows=5487912 loops=1)
        Buckets: 131072 (originally 131072)  Batches: 128 (originally 64)  Memory Usage: 3073kB
        ->  Hash Join  (cost=84175.51..628320.93 rows=3441332 width=8) (actual time=1373.638..17538.647 rows=5487912 loops=1)
              Hash Cond: (mi.movie_id = t.id)
              ->  Seq Scan on movie_info mi  (cost=0.00..346232.03 rows=13929354 width=4) (actual time=0.013..7588.261 rows=14033580 loops=1)
                    Filter: (info_type_id > 1)
                    Rows Removed by Filter: 802140
              ->  Hash  (cost=73925.90..73925.90 rows=624688 width=4) (actual time=1372.723..1372.723 rows=494838 loops=1)
                    Buckets: 131072  Batches: 16  Memory Usage: 2115kB
                    ->  Seq Scan on title t  (cost=0.00..73925.90 rows=624688 width=4) (actual time=0.018..1207.908 rows=494838 loops=1)
                          Filter: ((kind_id < 4) AND (production_year > 1986))
                          Rows Removed by Filter: 2033474
Planning time: 1.251 ms
Execution time: 118195.452 ms
