Hash Join  (cost=100949.61..465750.92 rows=14536 width=0) (actual time=1970.219..8880.886 rows=33264 loops=1)
  Hash Cond: (mi.movie_id = t.id)
  ->  Seq Scan on movie_info mi  (cost=0.00..309384.22 rows=14739122 width=4) (actual time=0.023..4216.546 rows=14835720 loops=1)
  ->  Hash  (cost=100918.44..100918.44 rows=2494 width=8) (actual time=1835.346..1835.346 rows=2865 loops=1)
        Buckets: 4096  Batches: 1  Memory Usage: 144kB
        ->  Hash Join  (cost=73983.02..100918.44 rows=2494 width=8) (actual time=1389.916..1834.299 rows=2865 loops=1)
              Hash Cond: (mi_idx.movie_id = t.id)
              ->  Seq Scan on movie_info_idx mi_idx  (cost=0.00..21735.35 rows=1380035 width=4) (actual time=0.019..308.482 rows=1380035 loops=1)
              ->  Hash  (cost=73925.90..73925.90 rows=4569 width=4) (actual time=1237.297..1237.297 rows=6734 loops=1)
                    Buckets: 8192  Batches: 1  Memory Usage: 301kB
                    ->  Seq Scan on title t  (cost=0.00..73925.90 rows=4569 width=4) (actual time=0.993..1233.988 rows=6734 loops=1)
                          Filter: ((kind_id > 4) AND (production_year = 1961))
                          Rows Removed by Filter: 2521578
Planning time: 1.199 ms
Execution time: 8885.452 ms
