Hash Join  (cost=76718.65..116005.18 rows=92904 width=0) (actual time=1225.241..2321.008 rows=263208 loops=1)
  Hash Cond: (mi_idx.movie_id = t.id)
  ->  Seq Scan on movie_info_idx mi_idx  (cost=0.00..21735.35 rows=1380035 width=4) (actual time=0.017..470.964 rows=1380035 loops=1)
  ->  Hash  (cost=73925.90..73925.90 rows=170220 width=4) (actual time=1183.505..1183.505 rows=305766 loops=1)
        Buckets: 131072  Batches: 4  Memory Usage: 3713kB
        ->  Seq Scan on title t  (cost=0.00..73925.90 rows=170220 width=4) (actual time=0.015..1085.389 rows=305766 loops=1)
              Filter: ((production_year < 1988) AND (kind_id = 1))
              Rows Removed by Filter: 2222546
Planning time: 0.740 ms
Execution time: 2354.409 ms
