Hash Join  (cost=102767.86..209674.02 rows=665910 width=0) (actual time=4882.504..9858.659 rows=664261 loops=1)
  Hash Cond: (mk.movie_id = t.id)
  ->  Seq Scan on movie_keyword mk  (cost=0.00..81003.12 rows=665910 width=4) (actual time=0.018..4013.849 rows=664261 loops=1)
        Filter: (keyword_id < 519)
        Rows Removed by Filter: 3859669
  ->  Hash  (cost=61283.27..61283.27 rows=2528527 width=4) (actual time=4881.295..4881.295 rows=2528312 loops=1)
        Buckets: 131072  Batches: 64  Memory Usage: 2425kB
        ->  Seq Scan on title t  (cost=0.00..61283.27 rows=2528527 width=4) (actual time=0.009..3864.777 rows=2528312 loops=1)
Planning time: 0.686 ms
Execution time: 9945.398 ms
