Hash Join  (cost=228244.76..1384034.14 rows=6086328 width=0) (actual time=9664.611..56098.474 rows=70659683 loops=1)
  Hash Cond: (ci.movie_id = t.id)
  ->  Seq Scan on cast_info ci  (cost=0.00..796071.18 rows=23122178 width=4) (actual time=2862.062..19238.239 rows=24130698 loops=1)
        Filter: ((person_id < 3794608) AND (role_id < 4))
        Rows Removed by Filter: 12113646
  ->  Hash  (cost=217325.12..217325.12 rows=665571 width=8) (actual time=6800.260..6800.260 rows=2091289 loops=1)
        Buckets: 131072 (originally 131072)  Batches: 32 (originally 16)  Memory Usage: 3526kB
        ->  Hash Join  (cost=80661.47..217325.12 rows=665571 width=8) (actual time=1359.859..5532.077 rows=2091289 loops=1)
              Hash Cond: (mk.movie_id = t.id)
              ->  Seq Scan on movie_keyword mk  (cost=0.00..81003.12 rows=4099418 width=4) (actual time=0.035..1854.441 rows=4087742 loops=1)
                    Filter: (keyword_id > 335)
                    Rows Removed by Filter: 436188
              ->  Hash  (cost=73925.90..73925.90 rows=410525 width=4) (actual time=1358.917..1358.917 rows=456146 loops=1)
                    Buckets: 131072  Batches: 8  Memory Usage: 3048kB
                    ->  Seq Scan on title t  (cost=0.00..73925.90 rows=410525 width=4) (actual time=0.023..1213.162 rows=456146 loops=1)
                          Filter: ((production_year < 2007) AND (kind_id = 1))
                          Rows Removed by Filter: 2072166
Planning time: 1.269 ms
Execution time: 63746.236 ms
