Hash Join  (cost=259763.46..361314.02 rows=1685763 width=0) (actual time=5574.941..10835.113 rows=11880751 loops=1)
  Hash Cond: (mc.movie_id = t.id)
  ->  Seq Scan on movie_companies mc  (cost=0.00..44881.29 rows=2609129 width=4) (actual time=0.013..946.492 rows=2609129 loops=1)
  ->  Hash  (cost=232960.38..232960.38 rows=1633686 width=8) (actual time=5573.807..5573.807 rows=1643379 loops=1)
        Buckets: 131072  Batches: 32  Memory Usage: 3014kB
        ->  Hash Join  (cost=102767.86..232960.38 rows=1633686 width=8) (actual time=1965.495..5110.391 rows=1643379 loops=1)
              Hash Cond: (mk.movie_id = t.id)
              ->  Seq Scan on movie_keyword mk  (cost=0.00..81003.12 rows=1633686 width=4) (actual time=0.015..1454.779 rows=1643379 loops=1)
                    Filter: (keyword_id < 2492)
                    Rows Removed by Filter: 2880551
              ->  Hash  (cost=61283.27..61283.27 rows=2528527 width=4) (actual time=1962.881..1962.881 rows=2528312 loops=1)
                    Buckets: 131072  Batches: 64  Memory Usage: 2425kB
                    ->  Seq Scan on title t  (cost=0.00..61283.27 rows=2528527 width=4) (actual time=0.007..1104.284 rows=2528312 loops=1)
Planning time: 1.117 ms
Execution time: 12224.882 ms
