Seq Scan on movie_companies mc  (cost=0.00..51404.11 rows=741336 width=0) (actual time=27.530..834.747 rows=745871 loops=1)
  Filter: (company_id > 37700)
  Rows Removed by Filter: 1863258
Planning time: 0.342 ms
Execution time: 929.667 ms
