Hash Join  (cost=111443.53..235540.14 rows=171857 width=0) (actual time=2125.566..4913.521 rows=305628 loops=1)
  Hash Cond: (mk.movie_id = t.id)
  ->  Seq Scan on movie_keyword mk  (cost=0.00..69693.30 rows=4523930 width=4) (actual time=0.011..1417.304 rows=4523930 loops=1)
  ->  Hash  (cost=109866.84..109866.84 rows=96055 width=8) (actual time=2124.693..2124.693 rows=64063 loops=1)
        Buckets: 131072  Batches: 2  Memory Usage: 2278kB
        ->  Hash Join  (cost=76379.89..109866.84 rows=96055 width=8) (actual time=1285.143..2096.621 rows=64063 loops=1)
              Hash Cond: (mi_idx.movie_id = t.id)
              ->  Seq Scan on movie_info_idx mi_idx  (cost=0.00..25185.44 rows=454124 width=4) (actual time=0.010..462.150 rows=459925 loops=1)
                    Filter: (info_type_id = 100)
                    Rows Removed by Filter: 920110
              ->  Hash  (cost=67604.59..67604.59 rows=534824 width=4) (actual time=1284.274..1284.274 rows=533369 loops=1)
                    Buckets: 131072  Batches: 8  Memory Usage: 3369kB
                    ->  Seq Scan on title t  (cost=0.00..67604.59 rows=534824 width=4) (actual time=0.018..1113.711 rows=533369 loops=1)
                          Filter: (production_year > 2009)
                          Rows Removed by Filter: 1994943
Planning time: 0.967 ms
Execution time: 4952.074 ms
