Seq Scan on movie_companies mc  (cost=0.00..51404.11 rows=2061953 width=0) (actual time=0.016..1009.928 rows=2057569 loops=1)
  Filter: (company_id < 71838)
  Rows Removed by Filter: 551560
Planning time: 0.346 ms
Execution time: 1264.591 ms
