Seq Scan on movie_keyword mk  (cost=0.00..81003.12 rows=1639481 width=0) (actual time=0.031..1486.142 rows=1648820 loops=1)
  Filter: (keyword_id < 2512)
  Rows Removed by Filter: 2875110
Planning time: 0.350 ms
Execution time: 1693.868 ms
