Hash Join  (cost=812366.43..949625.04 rows=323875 width=0) (actual time=17495.760..20632.873 rows=476399 loops=1)
  Hash Cond: (mk.movie_id = t.id)
  ->  Seq Scan on movie_keyword mk  (cost=0.00..69693.30 rows=4523930 width=4) (actual time=0.013..1433.149 rows=4523930 loops=1)
  ->  Hash  (cost=809395.66..809395.66 rows=181021 width=8) (actual time=17491.179..17491.179 rows=218861 loops=1)
        Buckets: 131072  Batches: 4  Memory Usage: 3186kB
        ->  Hash Join  (cost=74709.85..809395.66 rows=181021 width=8) (actual time=2445.988..17103.741 rows=218861 loops=1)
              Hash Cond: (ci.movie_id = t.id)
              ->  Seq Scan on cast_info ci  (cost=0.00..705507.15 rows=7298253 width=4) (actual time=1186.739..13641.292 rows=7451973 loops=1)
                    Filter: (role_id = 2)
                    Rows Removed by Filter: 28792371
              ->  Hash  (cost=73925.90..73925.90 rows=62716 width=4) (actual time=1258.824..1258.824 rows=71543 loops=1)
                    Buckets: 131072 (originally 65536)  Batches: 1 (originally 1)  Memory Usage: 3540kB
                    ->  Seq Scan on title t  (cost=0.00..73925.90 rows=62716 width=4) (actual time=0.032..1227.098 rows=71543 loops=1)
                          Filter: ((kind_id > 1) AND (production_year = 2004))
                          Rows Removed by Filter: 2456769
Planning time: 1.178 ms
Execution time: 20686.027 ms
