Hash Join  (cost=73205.47..1097311.15 rows=2370136 width=0) (actual time=1241.208..26580.201 rows=2380765 loops=1)
  Hash Cond: (ci.movie_id = t.id)
  ->  Seq Scan on cast_info ci  (cost=0.00..796071.18 rows=17556568 width=4) (actual time=0.026..16468.696 rows=19181912 loops=1)
        Filter: ((person_id < 2011619) AND (role_id < 10))
        Rows Removed by Filter: 17062432
  ->  Hash  (cost=67604.59..67604.59 rows=341351 width=4) (actual time=1239.774..1239.774 rows=337846 loops=1)
        Buckets: 131072  Batches: 8  Memory Usage: 2501kB
        ->  Seq Scan on title t  (cost=0.00..67604.59 rows=341351 width=4) (actual time=0.022..1128.678 rows=337846 loops=1)
              Filter: (production_year < 1968)
              Rows Removed by Filter: 2190466
Planning time: 0.780 ms
Execution time: 26832.263 ms
