Seq Scan on cast_info ci  (cost=0.00..705507.15 rows=18834139 width=0) (actual time=1785.931..12583.419 rows=18958879 loops=1)
  Filter: (person_id > 1706646)
  Rows Removed by Filter: 17285465
Planning time: 0.339 ms
Execution time: 14907.740 ms
