Hash Join  (cost=102767.86..198053.12 rows=183024 width=0) (actual time=1975.170..3757.159 rows=184956 loops=1)
  Hash Cond: (mk.movie_id = t.id)
  ->  Seq Scan on movie_keyword mk  (cost=0.00..81003.12 rows=183024 width=4) (actual time=0.022..1265.556 rows=184956 loops=1)
        Filter: (keyword_id > 71480)
        Rows Removed by Filter: 4338974
  ->  Hash  (cost=61283.27..61283.27 rows=2528527 width=4) (actual time=1973.949..1973.949 rows=2528312 loops=1)
        Buckets: 131072  Batches: 64  Memory Usage: 2425kB
        ->  Seq Scan on title t  (cost=0.00..61283.27 rows=2528527 width=4) (actual time=0.017..1080.070 rows=2528312 loops=1)
Planning time: 0.743 ms
Execution time: 3777.879 ms
