Seq Scan on movie_keyword mk  (cost=0.00..81003.12 rows=3590491 width=0) (actual time=0.018..1520.950 rows=3583442 loops=1)
  Filter: (keyword_id < 20164)
  Rows Removed by Filter: 940488
Planning time: 0.331 ms
Execution time: 1952.296 ms
