Seq Scan on cast_info ci  (cost=0.00..796071.18 rows=6338238 width=0) (actual time=887.633..15326.615 rows=7450788 loops=1)
  Filter: ((person_id > 451540) AND (role_id = 2))
  Rows Removed by Filter: 28793556
Planning time: 0.415 ms
Execution time: 16196.202 ms
