Seq Scan on movie_companies mc  (cost=0.00..57926.93 rows=737027 width=0) (actual time=307.305..938.487 rows=459301 loops=1)
  Filter: ((company_id < 12784) AND (company_type_id = 2))
  Rows Removed by Filter: 2149828
Planning time: 0.411 ms
Execution time: 997.119 ms
