Hash Join  (cost=219469.84..268476.75 rows=659443 width=0) (actual time=4690.934..6346.554 rows=1403869 loops=1)
  Hash Cond: (mi_idx.movie_id = t.id)
  ->  Seq Scan on movie_info_idx mi_idx  (cost=0.00..21735.35 rows=1380035 width=4) (actual time=0.009..454.435 rows=1380035 loops=1)
  ->  Hash  (cost=199646.77..199646.77 rows=1208245 width=8) (actual time=4690.101..4690.101 rows=1094415 loops=1)
        Buckets: 131072  Batches: 16  Memory Usage: 3682kB
        ->  Hash Join  (cost=102767.86..199646.77 rows=1208245 width=8) (actual time=2166.114..4379.627 rows=1094415 loops=1)
              Hash Cond: (mc.movie_id = t.id)
              ->  Seq Scan on movie_companies mc  (cost=0.00..57926.93 rows=1208245 width=4) (actual time=303.415..1211.206 rows=1094415 loops=1)
                    Filter: ((company_id < 102994) AND (company_type_id = 2))
                    Rows Removed by Filter: 1514714
              ->  Hash  (cost=61283.27..61283.27 rows=2528527 width=4) (actual time=1861.394..1861.394 rows=2528312 loops=1)
                    Buckets: 131072  Batches: 64  Memory Usage: 2415kB
                    ->  Seq Scan on title t  (cost=0.00..61283.27 rows=2528527 width=4) (actual time=0.026..1024.561 rows=2528312 loops=1)
Planning time: 1.289 ms
Execution time: 6515.972 ms
