Hash Join  (cost=190230.21..1054413.15 rows=4915278 width=0) (actual time=4206.317..23906.776 rows=10613093 loops=1)
  Hash Cond: (ci.movie_id = t.id)
  ->  Seq Scan on cast_info ci  (cost=0.00..705507.15 rows=9005868 width=4) (actual time=0.018..12510.740 rows=9014778 loops=1)
        Filter: (person_id > 2795032)
        Rows Removed by Filter: 27229566
  ->  Hash  (cost=167588.78..167588.78 rows=1380035 width=8) (actual time=4205.188..4205.188 rows=1380035 loops=1)
        Buckets: 131072  Batches: 32  Memory Usage: 2708kB
        ->  Hash Join  (cost=102767.86..167588.78 rows=1380035 width=8) (actual time=1888.691..3820.641 rows=1380035 loops=1)
              Hash Cond: (mi_idx.movie_id = t.id)
              ->  Seq Scan on movie_info_idx mi_idx  (cost=0.00..21735.35 rows=1380035 width=4) (actual time=0.015..469.075 rows=1380035 loops=1)
              ->  Hash  (cost=61283.27..61283.27 rows=2528527 width=4) (actual time=1886.749..1886.749 rows=2528312 loops=1)
                    Buckets: 131072  Batches: 64  Memory Usage: 2415kB
                    ->  Seq Scan on title t  (cost=0.00..61283.27 rows=2528527 width=4) (actual time=0.012..1055.449 rows=2528312 loops=1)
Planning time: 0.927 ms
Execution time: 24999.112 ms
