Seq Scan on cast_info ci  (cost=0.00..796071.18 rows=65312 width=0) (actual time=8120.255..12099.889 rows=27204 loops=1)
  Filter: ((person_id < 646234) AND (role_id > 10))
  Rows Removed by Filter: 36217140
Planning time: 0.354 ms
Execution time: 12103.557 ms
