Seq Scan on movie_companies mc  (cost=0.00..51404.11 rows=509166 width=0) (actual time=138.252..774.180 rows=514464 loops=1)
  Filter: (company_id > 73626)
  Rows Removed by Filter: 2094665
Planning time: 0.357 ms
Execution time: 838.260 ms
