Hash Join  (cost=83074.74..447745.01 rows=1434 width=0) (actual time=1094.091..8490.798 rows=27677 loops=1)
  Hash Cond: (mi.movie_id = t.id)
  ->  Seq Scan on movie_info mi  (cost=0.00..309384.22 rows=14739122 width=4) (actual time=0.014..4582.861 rows=14835720 loops=1)
  ->  Hash  (cost=83071.67..83071.67 rows=246 width=8) (actual time=1093.370..1093.370 rows=765 loops=1)
        Buckets: 1024  Batches: 1  Memory Usage: 38kB
        ->  Nested Loop  (cost=0.43..83071.67 rows=246 width=8) (actual time=6.245..1092.863 rows=765 loops=1)
              ->  Seq Scan on movie_keyword mk  (cost=0.00..81003.12 rows=246 width=4) (actual time=6.144..1075.049 rows=765 loops=1)
                    Filter: (keyword_id = 6265)
                    Rows Removed by Filter: 4523165
              ->  Index Only Scan using title_pkey on title t  (cost=0.43..8.40 rows=1 width=4) (actual time=0.022..0.022 rows=1 loops=765)
                    Index Cond: (id = mk.movie_id)
                    Heap Fetches: 765
Planning time: 1.567 ms
Execution time: 8495.658 ms
