Hash Join  (cost=102767.86..833563.70 rows=640412 width=0) (actual time=2603.673..13441.723 rows=531648 loops=1)
  Hash Cond: (ci.movie_id = t.id)
  ->  Seq Scan on cast_info ci  (cost=0.00..705507.15 rows=640412 width=4) (actual time=636.541..10396.105 rows=531648 loops=1)
        Filter: (person_id < 58497)
        Rows Removed by Filter: 35712696
  ->  Hash  (cost=61283.27..61283.27 rows=2528527 width=4) (actual time=1965.647..1965.647 rows=2528312 loops=1)
        Buckets: 131072  Batches: 64  Memory Usage: 2415kB
        ->  Seq Scan on title t  (cost=0.00..61283.27 rows=2528527 width=4) (actual time=0.033..1131.047 rows=2528312 loops=1)
Planning time: 0.705 ms
Execution time: 13505.066 ms
