Seq Scan on movie_companies mc  (cost=0.00..51404.11 rows=104 width=0) (actual time=57.422..889.154 rows=6 loops=1)
  Filter: (company_id = 7182)
  Rows Removed by Filter: 2609123
Planning time: 0.678 ms
Execution time: 889.238 ms
