Seq Scan on cast_info ci  (cost=0.00..705507.15 rows=500 width=0) (actual time=9278.356..9567.368 rows=87 loops=1)
  Filter: (person_id = 1089450)
  Rows Removed by Filter: 36244257
Planning time: 0.360 ms
Execution time: 9567.447 ms
