Hash Join  (cost=102767.86..940055.20 rows=1302287 width=0) (actual time=6225.247..15187.945 rows=1192999 loops=1)
  Hash Cond: (ci.movie_id = t.id)
  ->  Seq Scan on cast_info ci  (cost=0.00..796071.18 rows=1302287 width=4) (actual time=4262.119..11995.792 rows=1192999 loops=1)
        Filter: ((person_id < 1692152) AND (role_id = 4))
        Rows Removed by Filter: 35051345
  ->  Hash  (cost=61283.27..61283.27 rows=2528527 width=4) (actual time=1961.210..1961.210 rows=2528312 loops=1)
        Buckets: 131072  Batches: 64  Memory Usage: 2415kB
        ->  Seq Scan on title t  (cost=0.00..61283.27 rows=2528527 width=4) (actual time=0.026..1111.320 rows=2528312 loops=1)
Planning time: 0.629 ms
Execution time: 15314.630 ms
