Nested Loop  (cost=0.43..58375.45 rows=19 width=0) (actual time=545.463..851.126 rows=4 loops=1)
  ->  Seq Scan on movie_companies mc  (cost=0.00..57926.93 rows=53 width=4) (actual time=545.403..850.917 rows=4 loops=1)
        Filter: ((company_type_id > 1) AND (company_id = 95001))
        Rows Removed by Filter: 2609125
  ->  Index Scan using title_pkey on title t  (cost=0.43..8.45 rows=1 width=4) (actual time=0.046..0.046 rows=1 loops=4)
        Index Cond: (id = mc.movie_id)
        Filter: ((kind_id < 7) AND (production_year > 1934))
Planning time: 0.826 ms
Execution time: 851.252 ms
