Seq Scan on movie_keyword mk  (cost=0.00..81003.12 rows=246 width=0) (actual time=1.725..1311.001 rows=225 loops=1)
  Filter: (keyword_id = 11991)
  Rows Removed by Filter: 4523705
Planning time: 0.313 ms
Execution time: 1311.236 ms
