Hash Join  (cost=70552.56..164141.48 rows=3224 width=0) (actual time=887.340..2880.702 rows=4388 loops=1)
  Hash Cond: (mk.movie_id = t.id)
  ->  Seq Scan on movie_keyword mk  (cost=0.00..81003.12 rows=3347614 width=4) (actual time=0.016..1536.167 rows=3342904 loops=1)
        Filter: (keyword_id > 1398)
        Rows Removed by Filter: 1181026
  ->  Hash  (cost=70522.12..70522.12 rows=2435 width=8) (actual time=865.075..865.075 rows=2115 loops=1)
        Buckets: 4096  Batches: 1  Memory Usage: 115kB
        ->  Nested Loop  (cost=0.43..70522.12 rows=2435 width=8) (actual time=1.431..863.864 rows=2115 loops=1)
              ->  Seq Scan on movie_companies mc  (cost=0.00..51404.11 rows=2435 width=4) (actual time=1.371..798.702 rows=2115 loops=1)
                    Filter: (company_id = 114)
                    Rows Removed by Filter: 2607014
              ->  Index Only Scan using title_pkey on title t  (cost=0.43..7.84 rows=1 width=4) (actual time=0.030..0.030 rows=1 loops=2115)
                    Index Cond: (id = mc.movie_id)
                    Heap Fetches: 2115
Planning time: 1.207 ms
Execution time: 2881.409 ms
