Hash Join  (cost=139561.25..891606.01 rows=125560 width=0) (actual time=2259.155..18767.719 rows=41450 loops=1)
  Hash Cond: (ci.movie_id = t.id)
  ->  Seq Scan on cast_info ci  (cost=0.00..614943.12 rows=36225612 width=4) (actual time=0.011..9252.909 rows=36244344 loops=1)
  ->  Hash  (cost=139451.70..139451.70 rows=8764 width=8) (actual time=2258.337..2258.337 rows=2005 loops=1)
        Buckets: 16384  Batches: 1  Memory Usage: 207kB
        ->  Hash Join  (cost=79366.51..139451.70 rows=8764 width=8) (actual time=1770.275..2257.317 rows=2005 loops=1)
              Hash Cond: (mc.movie_id = t.id)
              ->  Seq Scan on movie_companies mc  (cost=0.00..57926.93 rows=66831 width=4) (actual time=419.164..819.632 rows=23541 loops=1)
                    Filter: ((company_id < 27) AND (company_type_id > 1))
                    Rows Removed by Filter: 2585588
              ->  Hash  (cost=73925.90..73925.90 rows=331568 width=4) (actual time=1347.709..1347.709 rows=445194 loops=1)
                    Buckets: 131072  Batches: 8  Memory Usage: 2992kB
                    ->  Seq Scan on title t  (cost=0.00..73925.90 rows=331568 width=4) (actual time=0.025..1207.088 rows=445194 loops=1)
                          Filter: ((kind_id < 7) AND (production_year < 1996))
                          Rows Removed by Filter: 2083118
Planning time: 1.263 ms
Execution time: 18777.410 ms
