Hash Join  (cost=69374.09..1111656.40 rows=1196105 width=0) (actual time=1118.127..27863.022 rows=1261922 loops=1)
  Hash Cond: (ci.movie_id = t.id)
  ->  Seq Scan on cast_info ci  (cost=0.00..705507.15 rows=28055497 width=4) (actual time=2.622..15556.124 rows=28122200 loops=1)
        Filter: (person_id < 2868879)
        Rows Removed by Filter: 8122144
  ->  Hash  (cost=67604.59..67604.59 rows=107800 width=4) (actual time=1114.709..1114.709 rows=108429 loops=1)
        Buckets: 131072  Batches: 2  Memory Usage: 2931kB
        ->  Seq Scan on title t  (cost=0.00..67604.59 rows=107800 width=4) (actual time=0.025..1071.372 rows=108429 loops=1)
              Filter: (production_year = 2006)
              Rows Removed by Filter: 2419883
Planning time: 3.618 ms
Execution time: 28033.633 ms
