Seq Scan on cast_info ci  (cost=0.00..796071.18 rows=2976414 width=0) (actual time=8.783..12106.190 rows=2652 loops=1)
  Filter: ((person_id < 1447023) AND (role_id = 2))
  Rows Removed by Filter: 36241692
Planning time: 0.411 ms
Execution time: 12106.865 ms
