Seq Scan on cast_info ci  (cost=0.00..796071.18 rows=2742248 width=0) (actual time=556.930..12900.520 rows=2245 loops=1)
  Filter: ((person_id < 1337173) AND (role_id = 2))
  Rows Removed by Filter: 36242099
Planning time: 0.466 ms
Execution time: 12901.043 ms
