Hash Join  (cost=102767.86..235202.04 rows=1726834 width=0) (actual time=1977.593..5162.070 rows=1736498 loops=1)
  Hash Cond: (mk.movie_id = t.id)
  ->  Seq Scan on movie_keyword mk  (cost=0.00..81003.12 rows=1726834 width=4) (actual time=0.028..1492.959 rows=1736498 loops=1)
        Filter: (keyword_id > 8104)
        Rows Removed by Filter: 2787432
  ->  Hash  (cost=61283.27..61283.27 rows=2528527 width=4) (actual time=1976.724..1976.724 rows=2528312 loops=1)
        Buckets: 131072  Batches: 64  Memory Usage: 2425kB
        ->  Seq Scan on title t  (cost=0.00..61283.27 rows=2528527 width=4) (actual time=0.012..1107.669 rows=2528312 loops=1)
Planning time: 0.805 ms
Execution time: 5368.163 ms
