Hash Join  (cost=88872.62..157108.59 rows=160330 width=0) (actual time=2320.189..3826.909 rows=155688 loops=1)
  Hash Cond: (mc.movie_id = t.id)
  ->  Seq Scan on movie_companies mc  (cost=0.00..57926.93 rows=444997 width=4) (actual time=0.012..1022.240 rows=641307 loops=1)
        Filter: ((company_id < 2965) AND (company_type_id = 1))
        Rows Removed by Filter: 1967822
  ->  Hash  (cost=73925.90..73925.90 rows=911017 width=4) (actual time=2319.146..2319.146 rows=1014366 loops=1)
        Buckets: 131072  Batches: 16  Memory Usage: 3262kB
        ->  Seq Scan on title t  (cost=0.00..73925.90 rows=911017 width=4) (actual time=0.016..1322.126 rows=1014366 loops=1)
              Filter: ((kind_id > 3) AND (production_year > 2000))
              Rows Removed by Filter: 1513946
Planning time: 0.546 ms
Execution time: 3842.021 ms
