Hash Join  (cost=90717.09..180325.42 rows=1056080 width=0) (actual time=1764.960..4241.442 rows=409164 loops=1)
  Hash Cond: (mc.movie_id = t.id)
  ->  Seq Scan on movie_companies mc  (cost=0.00..44881.29 rows=2609129 width=4) (actual time=0.014..931.862 rows=2609129 loops=1)
  ->  Hash  (cost=73925.90..73925.90 rows=1023455 width=4) (actual time=1763.975..1763.975 rows=1117981 loops=1)
        Buckets: 131072  Batches: 16  Memory Usage: 3489kB
        ->  Seq Scan on title t  (cost=0.00..73925.90 rows=1023455 width=4) (actual time=0.010..1414.046 rows=1117981 loops=1)
              Filter: ((production_year > 1993) AND (kind_id = 7))
              Rows Removed by Filter: 1410331
Planning time: 1.275 ms
Execution time: 4289.117 ms
