Hash Join  (cost=219713.30..268776.76 rows=662698 width=0) (actual time=4720.756..6858.290 rows=1421425 loops=1)
  Hash Cond: (mi_idx.movie_id = t.id)
  ->  Seq Scan on movie_info_idx mi_idx  (cost=0.00..21735.35 rows=1380035 width=4) (actual time=0.013..531.622 rows=1380035 loops=1)
  ->  Hash  (cost=199791.69..199791.69 rows=1214209 width=8) (actual time=4719.971..4719.971 rows=1106885 loops=1)
        Buckets: 131072  Batches: 16  Memory Usage: 3713kB
        ->  Hash Join  (cost=102767.86..199791.69 rows=1214209 width=8) (actual time=1917.549..4412.668 rows=1106885 loops=1)
              Hash Cond: (mc.movie_id = t.id)
              ->  Seq Scan on movie_companies mc  (cost=0.00..57926.93 rows=1214209 width=4) (actual time=0.019..1218.432 rows=1106885 loops=1)
                    Filter: ((company_id < 105936) AND (company_type_id = 2))
                    Rows Removed by Filter: 1502244
              ->  Hash  (cost=61283.27..61283.27 rows=2528527 width=4) (actual time=1916.462..1916.462 rows=2528312 loops=1)
                    Buckets: 131072  Batches: 64  Memory Usage: 2415kB
                    ->  Seq Scan on title t  (cost=0.00..61283.27 rows=2528527 width=4) (actual time=0.009..1085.073 rows=2528312 loops=1)
Planning time: 0.889 ms
Execution time: 7023.829 ms
