Hash Join  (cost=161048.42..526459.75 rows=75541 width=0) (actual time=3026.780..9404.075 rows=35243 loops=1)
  Hash Cond: (mi.movie_id = t.id)
  ->  Seq Scan on movie_info mi  (cost=0.00..309384.22 rows=14739122 width=4) (actual time=0.017..3843.659 rows=14835720 loops=1)
  ->  Hash  (cost=160886.43..160886.43 rows=12959 width=8) (actual time=2863.380..2863.380 rows=3962 loops=1)
        Buckets: 16384  Batches: 1  Memory Usage: 283kB
        ->  Hash Join  (cost=74202.60..160886.43 rows=12959 width=8) (actual time=1680.442..2861.791 rows=3962 loops=1)
              Hash Cond: (mk.movie_id = t.id)
              ->  Seq Scan on movie_keyword mk  (cost=0.00..81003.12 rows=1480297 width=4) (actual time=0.020..1443.839 rows=1491878 loops=1)
                    Filter: (keyword_id > 10896)
                    Rows Removed by Filter: 3032052
              ->  Hash  (cost=73925.90..73925.90 rows=22136 width=4) (actual time=1159.397..1159.397 rows=24301 loops=1)
                    Buckets: 32768  Batches: 1  Memory Usage: 1111kB
                    ->  Seq Scan on title t  (cost=0.00..73925.90 rows=22136 width=4) (actual time=0.037..1149.246 rows=24301 loops=1)
                          Filter: ((kind_id = 7) AND (production_year = 1996))
                          Rows Removed by Filter: 2504011
Planning time: 1.156 ms
Execution time: 9409.093 ms
