Seq Scan on movie_keyword mk  (cost=0.00..81003.12 rows=767014 width=0) (actual time=0.013..1401.408 rows=775130 loops=1)
  Filter: (keyword_id > 24327)
  Rows Removed by Filter: 3748800
Planning time: 0.263 ms
Execution time: 1499.325 ms
