Hash Join  (cost=74281.64..846548.60 rows=194533 width=0) (actual time=1462.453..18112.955 rows=142665 loops=1)
  Hash Cond: (ci.movie_id = t.id)
  ->  Seq Scan on cast_info ci  (cost=0.00..705507.15 rows=17283861 width=4) (actual time=24.579..12756.847 rows=17165970 loops=1)
        Filter: (person_id < 1695693)
        Rows Removed by Filter: 19078374
  ->  Hash  (cost=73925.90..73925.90 rows=28459 width=4) (actual time=1207.556..1207.556 rows=16117 loops=1)
        Buckets: 32768  Batches: 1  Memory Usage: 823kB
        ->  Seq Scan on title t  (cost=0.00..73925.90 rows=28459 width=4) (actual time=71.851..1200.585 rows=16117 loops=1)
              Filter: ((kind_id = 1) AND (production_year = 2006))
              Rows Removed by Filter: 2512195
Planning time: 0.669 ms
Execution time: 18138.562 ms
