Hash Join  (cost=217279.54..750678.10 rows=3295971 width=0) (actual time=5859.508..46195.110 rows=127931153 loops=1)
  Hash Cond: (mi.movie_id = t.id)
  ->  Seq Scan on movie_info mi  (cost=0.00..309384.22 rows=14739122 width=4) (actual time=0.024..6723.332 rows=14835720 loops=1)
  ->  Hash  (cost=208002.65..208002.65 rows=565431 width=8) (actual time=5858.327..5858.327 rows=1956149 loops=1)
        Buckets: 131072 (originally 131072)  Batches: 32 (originally 8)  Memory Usage: 3430kB
        ->  Hash Join  (cost=79111.30..208002.65 rows=565431 width=8) (actual time=1468.752..5349.451 rows=1956149 loops=1)
              Hash Cond: (mk.movie_id = t.id)
              ->  Seq Scan on movie_keyword mk  (cost=0.00..69693.30 rows=4523930 width=4) (actual time=0.027..1388.448 rows=4523930 loops=1)
              ->  Hash  (cost=73925.90..73925.90 rows=316032 width=4) (actual time=1467.731..1467.731 rows=400740 loops=1)
                    Buckets: 131072  Batches: 8  Memory Usage: 2801kB
                    ->  Seq Scan on title t  (cost=0.00..73925.90 rows=316032 width=4) (actual time=0.014..1339.083 rows=400740 loops=1)
                          Filter: ((production_year < 2003) AND (kind_id = 1))
                          Rows Removed by Filter: 2127572
Planning time: 1.572 ms
Execution time: 59791.832 ms
