Hash Join  (cost=80042.24..632055.52 rows=4176018 width=0) (actual time=1347.777..17285.036 rows=8576956 loops=1)
  Hash Cond: (mi.movie_id = t.id)
  ->  Seq Scan on movie_info mi  (cost=0.00..346232.03 rows=13929354 width=4) (actual time=0.028..7022.995 rows=14033580 loops=1)
        Filter: (info_type_id > 1)
        Rows Removed by Filter: 802140
  ->  Hash  (cost=67604.59..67604.59 rows=758052 width=4) (actual time=1346.709..1346.709 rows=753677 loops=1)
        Buckets: 131072  Batches: 16  Memory Usage: 2686kB
        ->  Seq Scan on title t  (cost=0.00..67604.59 rows=758052 width=4) (actual time=0.023..1106.737 rows=753677 loops=1)
              Filter: (kind_id < 3)
              Rows Removed by Filter: 1774635
Planning time: 6.158 ms
Execution time: 18191.331 ms
