Hash Join  (cost=221735.63..1374723.06 rows=7748755 width=0) (actual time=5657.352..58829.057 rows=82967288 loops=1)
  Hash Cond: (ci.movie_id = t.id)
  ->  Seq Scan on cast_info ci  (cost=0.00..705507.15 rows=28668949 width=4) (actual time=0.048..21316.448 rows=28808107 loops=1)
        Filter: (role_id < 8)
        Rows Removed by Filter: 7436237
  ->  Hash  (cost=210522.88..210522.88 rows=683420 width=8) (actual time=5655.635..5655.635 rows=2195920 loops=1)
        Buckets: 131072 (originally 131072)  Batches: 32 (originally 16)  Memory Usage: 3652kB
        ->  Hash Join  (cost=80193.64..210522.88 rows=683420 width=8) (actual time=1358.317..5092.117 rows=2195920 loops=1)
              Hash Cond: (mk.movie_id = t.id)
              ->  Seq Scan on movie_keyword mk  (cost=0.00..69693.30 rows=4523930 width=4) (actual time=0.019..1381.004 rows=4523930 loops=1)
              ->  Hash  (cost=73925.90..73925.90 rows=381979 width=4) (actual time=1357.426..1357.426 rows=440029 loops=1)
                    Buckets: 131072  Batches: 8  Memory Usage: 2976kB
                    ->  Seq Scan on title t  (cost=0.00..73925.90 rows=381979 width=4) (actual time=30.676..1221.320 rows=440029 loops=1)
                          Filter: ((production_year < 2006) AND (kind_id = 1))
                          Rows Removed by Filter: 2088283
Planning time: 1.191 ms
Execution time: 67389.910 ms
