Seq Scan on cast_info ci  (cost=0.00..796071.18 rows=208962 width=0) (actual time=11514.647..13652.831 rows=77616 loops=1)
  Filter: ((person_id < 2176796) AND (role_id > 10))
  Rows Removed by Filter: 36166728
Planning time: 0.416 ms
Execution time: 13661.934 ms
