Nested Loop  (cost=0.43..83072.90 rows=90 width=0) (actual time=0.378..1273.710 rows=264 loops=1)
  ->  Seq Scan on movie_keyword mk  (cost=0.00..81003.12 rows=246 width=4) (actual time=0.328..1198.423 rows=2521 loops=1)
        Filter: (keyword_id = 411)
        Rows Removed by Filter: 4521409
  ->  Index Scan using title_pkey on title t  (cost=0.43..8.40 rows=1 width=4) (actual time=0.029..0.029 rows=0 loops=2521)
        Index Cond: (id = mk.movie_id)
        Filter: ((kind_id > 1) AND (production_year > 2002))
        Rows Removed by Filter: 1
Planning time: 0.754 ms
Execution time: 1273.963 ms
