Hash Join  (cost=77785.03..156180.63 rows=242708 width=0) (actual time=1292.314..3245.583 rows=137360 loops=1)
  Hash Cond: (mc.movie_id = t.id)
  ->  Seq Scan on movie_companies mc  (cost=0.00..44881.29 rows=2609129 width=4) (actual time=0.014..885.843 rows=2609129 loops=1)
  ->  Hash  (cost=73925.90..73925.90 rows=235210 width=4) (actual time=1291.279..1291.279 rows=112310 loops=1)
        Buckets: 131072  Batches: 4  Memory Usage: 2008kB
        ->  Seq Scan on title t  (cost=0.00..73925.90 rows=235210 width=4) (actual time=0.033..1246.493 rows=112310 loops=1)
              Filter: ((kind_id > 3) AND (production_year < 1969))
              Rows Removed by Filter: 2416002
Planning time: 0.725 ms
Execution time: 3262.697 ms
