Seq Scan on movie_keyword mk  (cost=0.00..81003.12 rows=4044903 width=0) (actual time=0.227..1586.445 rows=4048366 loops=1)
  Filter: (keyword_id < 37550)
  Rows Removed by Filter: 475564
Planning time: 0.323 ms
Execution time: 2073.751 ms
