Hash Join  (cost=89253.38..1034254.95 rows=3518059 width=0) (actual time=7749.116..26395.782 rows=5286985 loops=1)
  Hash Cond: (ci.movie_id = t.id)
  ->  Seq Scan on cast_info ci  (cost=0.00..796071.18 rows=9522079 width=4) (actual time=5967.659..16414.660 rows=12670688 loops=1)
        Filter: ((person_id < 2786207) AND (role_id = 1))
        Rows Removed by Filter: 23573656
  ->  Hash  (cost=73925.90..73925.90 rows=934198 width=4) (actual time=1776.009..1776.009 rows=950693 loops=1)
        Buckets: 131072  Batches: 16  Memory Usage: 3114kB
        ->  Seq Scan on title t  (cost=0.00..73925.90 rows=934198 width=4) (actual time=0.037..1232.929 rows=950693 loops=1)
              Filter: ((kind_id < 7) AND (production_year < 2013))
              Rows Removed by Filter: 1577619
Planning time: 0.757 ms
Execution time: 27041.552 ms
