Hash Join  (cost=156209.36..223011.52 rows=183164 width=0) (actual time=3393.000..5257.113 rows=584371 loops=1)
  Hash Cond: (mc.movie_id = t.id)
  ->  Seq Scan on movie_companies mc  (cost=0.00..51404.11 rows=1019841 width=4) (actual time=0.024..896.166 rows=1018642 loops=1)
        Filter: (company_id < 5359)
        Rows Removed by Filter: 1590487
  ->  Hash  (cost=148758.81..148758.81 rows=454124 width=8) (actual time=3392.223..3392.223 rows=459925 loops=1)
        Buckets: 131072  Batches: 8  Memory Usage: 3275kB
        ->  Hash Join  (cost=102767.86..148758.81 rows=454124 width=8) (actual time=1990.371..3254.994 rows=459925 loops=1)
              Hash Cond: (mi_idx.movie_id = t.id)
              ->  Seq Scan on movie_info_idx mi_idx  (cost=0.00..25185.44 rows=454124 width=4) (actual time=0.023..482.630 rows=459925 loops=1)
                    Filter: (info_type_id = 100)
                    Rows Removed by Filter: 920110
              ->  Hash  (cost=61283.27..61283.27 rows=2528527 width=4) (actual time=1988.692..1988.692 rows=2528312 loops=1)
                    Buckets: 131072  Batches: 64  Memory Usage: 2415kB
                    ->  Seq Scan on title t  (cost=0.00..61283.27 rows=2528527 width=4) (actual time=0.019..1150.785 rows=2528312 loops=1)
Planning time: 1.170 ms
Execution time: 5328.811 ms
