Hash Join  (cost=114612.33..169311.00 rows=3315 width=0) (actual time=1449.135..2696.440 rows=24411 loops=1)
  Hash Cond: (mc.movie_id = t.id)
  ->  Seq Scan on movie_companies mc  (cost=0.00..44881.29 rows=2609129 width=4) (actual time=0.016..716.272 rows=2609129 loops=1)
  ->  Hash  (cost=114572.17..114572.17 rows=3213 width=8) (actual time=1448.783..1448.783 rows=2920 loops=1)
        Buckets: 4096  Batches: 1  Memory Usage: 147kB
        ->  Nested Loop  (cost=0.43..114572.17 rows=3213 width=8) (actual time=0.133..1446.886 rows=2920 loops=1)
              ->  Seq Scan on movie_keyword mk  (cost=0.00..81003.12 rows=4524 width=4) (actual time=0.082..1295.941 rows=3515 loops=1)
                    Filter: (keyword_id = 2926)
                    Rows Removed by Filter: 4520415
              ->  Index Scan using title_pkey on title t  (cost=0.43..7.41 rows=1 width=4) (actual time=0.042..0.042 rows=1 loops=3515)
                    Index Cond: (id = mk.movie_id)
                    Filter: (production_year < 2009)
                    Rows Removed by Filter: 0
Planning time: 1.297 ms
Execution time: 2700.078 ms
