Hash Join  (cost=100894.78..188498.57 rows=894 width=0) (actual time=1670.079..3341.778 rows=9042 loops=1)
  Hash Cond: (mk.movie_id = t.id)
  ->  Seq Scan on movie_keyword mk  (cost=0.00..81003.12 rows=1757793 width=4) (actual time=0.023..1406.937 rows=1762321 loops=1)
        Filter: (keyword_id > 7869)
        Rows Removed by Filter: 2761609
  ->  Hash  (cost=100878.71..100878.71 rows=1286 width=8) (actual time=1663.474..1663.474 rows=4080 loops=1)
        Buckets: 4096 (originally 2048)  Batches: 1 (originally 1)  Memory Usage: 192kB
        ->  Hash Join  (cost=73955.37..100878.71 rows=1286 width=8) (actual time=1076.154..1661.808 rows=4080 loops=1)
              Hash Cond: (mi_idx.movie_id = t.id)
              ->  Seq Scan on movie_info_idx mi_idx  (cost=0.00..21735.35 rows=1380035 width=4) (actual time=0.020..310.696 rows=1380035 loops=1)
              ->  Hash  (cost=73925.90..73925.90 rows=2357 width=4) (actual time=1075.571..1075.571 rows=2995 loops=1)
                    Buckets: 4096  Batches: 1  Memory Usage: 138kB
                    ->  Seq Scan on title t  (cost=0.00..73925.90 rows=2357 width=4) (actual time=100.575..1074.055 rows=2995 loops=1)
                          Filter: ((kind_id = 3) AND (production_year = 2001))
                          Rows Removed by Filter: 2525317
Planning time: 1.141 ms
Execution time: 3343.265 ms
