Hash Join  (cost=73926.24..170302.62 rows=44 width=0) (actual time=961.663..3002.187 rows=30 loops=1)
  Hash Cond: (mk.movie_id = t.id)
  ->  Seq Scan on movie_keyword mk  (cost=0.00..81003.12 rows=4099418 width=4) (actual time=0.025..1499.406 rows=4087742 loops=1)
        Filter: (keyword_id > 335)
        Rows Removed by Filter: 436188
  ->  Hash  (cost=73925.90..73925.90 rows=27 width=4) (actual time=946.343..946.343 rows=55 loops=1)
        Buckets: 1024  Batches: 1  Memory Usage: 10kB
        ->  Seq Scan on title t  (cost=0.00..73925.90 rows=27 width=4) (actual time=11.363..946.260 rows=55 loops=1)
              Filter: ((production_year > 2013) AND (kind_id = 3))
              Rows Removed by Filter: 2528257
Planning time: 0.720 ms
Execution time: 3002.269 ms
