Hash Join  (cost=82581.58..179495.30 rows=211691 width=0) (actual time=1393.022..3610.942 rows=589831 loops=1)
  Hash Cond: (mk.movie_id = t.id)
  ->  Seq Scan on movie_keyword mk  (cost=0.00..81003.12 rows=1014582 width=4) (actual time=0.017..1507.622 rows=1021465 loops=1)
        Filter: (keyword_id > 17606)
        Rows Removed by Filter: 3502465
  ->  Hash  (cost=73925.90..73925.90 rows=527574 width=4) (actual time=1391.921..1391.921 rows=609532 loops=1)
        Buckets: 131072  Batches: 8  Memory Usage: 3723kB
        ->  Seq Scan on title t  (cost=0.00..73925.90 rows=527574 width=4) (actual time=0.014..1178.135 rows=609532 loops=1)
              Filter: ((kind_id < 7) AND (production_year < 2005))
              Rows Removed by Filter: 1918780
Planning time: 0.761 ms
Execution time: 3683.314 ms
