Hash Join  (cost=709678.15..736591.36 rows=273 width=0) (actual time=11246.454..11743.708 rows=81 loops=1)
  Hash Cond: (mi_idx.movie_id = t.id)
  ->  Seq Scan on movie_info_idx mi_idx  (cost=0.00..21735.35 rows=1380035 width=4) (actual time=0.031..278.116 rows=1380035 loops=1)
  ->  Hash  (cost=709671.90..709671.90 rows=500 width=8) (actual time=11230.319..11230.319 rows=132 loops=1)
        Buckets: 1024  Batches: 1  Memory Usage: 14kB
        ->  Nested Loop  (cost=0.43..709671.90 rows=500 width=8) (actual time=3918.750..11230.255 rows=132 loops=1)
              ->  Seq Scan on cast_info ci  (cost=0.00..705507.15 rows=500 width=4) (actual time=3918.630..11226.432 rows=132 loops=1)
                    Filter: (person_id = 2394523)
                    Rows Removed by Filter: 36244212
              ->  Index Only Scan using title_pkey on title t  (cost=0.43..8.32 rows=1 width=4) (actual time=0.028..0.028 rows=1 loops=132)
                    Index Cond: (id = ci.movie_id)
                    Heap Fetches: 132
Planning time: 1.527 ms
Execution time: 11743.833 ms
