Hash Join  (cost=83074.30..109985.39 rows=61 width=0) (actual time=1384.651..1955.493 rows=75 loops=1)
  Hash Cond: (mi_idx.movie_id = t.id)
  ->  Seq Scan on movie_info_idx mi_idx  (cost=0.00..21735.35 rows=1380035 width=4) (actual time=0.012..320.045 rows=1380035 loops=1)
  ->  Hash  (cost=83072.90..83072.90 rows=112 width=8) (actual time=1381.318..1381.318 rows=28 loops=1)
        Buckets: 1024  Batches: 1  Memory Usage: 10kB
        ->  Nested Loop  (cost=0.43..83072.90 rows=112 width=8) (actual time=230.132..1381.278 rows=28 loops=1)
              ->  Seq Scan on movie_keyword mk  (cost=0.00..81003.12 rows=246 width=4) (actual time=1.398..1372.379 rows=222 loops=1)
                    Filter: (keyword_id = 11710)
                    Rows Removed by Filter: 4523708
              ->  Index Scan using title_pkey on title t  (cost=0.43..8.40 rows=1 width=4) (actual time=0.037..0.037 rows=0 loops=222)
                    Index Cond: (id = mk.movie_id)
                    Filter: ((production_year > 1983) AND (kind_id = 7))
                    Rows Removed by Filter: 1
Planning time: 1.190 ms
Execution time: 1955.647 ms
