Seq Scan on cast_info ci  (cost=0.00..705507.15 rows=35092589 width=0) (actual time=0.022..13374.645 rows=35216891 loops=1)
  Filter: (person_id > 104922)
  Rows Removed by Filter: 1027453
Planning time: 0.312 ms
Execution time: 17759.525 ms
