Hash Join  (cost=434500.12..473140.77 rows=55217 width=0) (actual time=7210.100..8454.905 rows=629237 loops=1)
  Hash Cond: (mi_idx.movie_id = t.id)
  ->  Seq Scan on movie_info_idx mi_idx  (cost=0.00..21735.35 rows=1380035 width=4) (actual time=0.015..509.871 rows=1380035 loops=1)
  ->  Hash  (cost=432839.50..432839.50 rows=101169 width=8) (actual time=7209.175..7209.175 rows=248467 loops=1)
        Buckets: 131072 (originally 131072)  Batches: 4 (originally 2)  Memory Usage: 3455kB
        ->  Hash Join  (cost=78556.72..432839.50 rows=101169 width=8) (actual time=5284.217..7127.297 rows=248467 loops=1)
              Hash Cond: (mi.movie_id = t.id)
              ->  Seq Scan on movie_info mi  (cost=0.00..346232.03 rows=383217 width=4) (actual time=3830.331..4941.343 rows=368218 loops=1)
                    Filter: (info_type_id = 17)
                    Rows Removed by Filter: 14467502
              ->  Hash  (cost=67604.59..67604.59 rows=667531 width=4) (actual time=1331.520..1331.520 rows=662825 loops=1)
                    Buckets: 131072  Batches: 16  Memory Usage: 2485kB
                    ->  Seq Scan on title t  (cost=0.00..67604.59 rows=667531 width=4) (actual time=0.029..1107.740 rows=662825 loops=1)
                          Filter: (kind_id = 1)
                          Rows Removed by Filter: 1865487
Planning time: 1.143 ms
Execution time: 8531.847 ms
