Hash Join  (cost=209283.17..255933.09 rows=522044 width=0) (actual time=5157.948..7133.295 rows=2288067 loops=1)
  Hash Cond: (mi_idx.movie_id = t.id)
  ->  Seq Scan on movie_info_idx mi_idx  (cost=0.00..21735.35 rows=1380035 width=4) (actual time=0.015..469.853 rows=1380035 loops=1)
  ->  Hash  (cost=193589.92..193589.92 rows=956500 width=8) (actual time=5156.638..5156.638 rows=1250373 loops=1)
        Buckets: 131072 (originally 131072)  Batches: 32 (originally 16)  Memory Usage: 4052kB
        ->  Hash Join  (cost=102767.86..193589.92 rows=956500 width=8) (actual time=1968.462..4834.861 rows=1250373 loops=1)
              Hash Cond: (mc.movie_id = t.id)
              ->  Seq Scan on movie_companies mc  (cost=0.00..57926.93 rows=956500 width=4) (actual time=0.017..1282.178 rows=1250373 loops=1)
                    Filter: ((company_id < 51784) AND (company_type_id = 1))
                    Rows Removed by Filter: 1358756
              ->  Hash  (cost=61283.27..61283.27 rows=2528527 width=4) (actual time=1967.041..1967.041 rows=2528312 loops=1)
                    Buckets: 131072  Batches: 64  Memory Usage: 2415kB
                    ->  Seq Scan on title t  (cost=0.00..61283.27 rows=2528527 width=4) (actual time=0.023..1129.110 rows=2528312 loops=1)
Planning time: 1.141 ms
Execution time: 7395.751 ms
