Hash Join  (cost=112613.30..479406.07 rows=213686 width=0) (actual time=2700.470..10583.565 rows=552404 loops=1)
  Hash Cond: (mi.movie_id = t.id)
  ->  Seq Scan on movie_info mi  (cost=0.00..309384.22 rows=14739122 width=4) (actual time=0.020..3876.687 rows=14835720 loops=1)
  ->  Hash  (cost=112155.07..112155.07 rows=36658 width=8) (actual time=2700.042..2700.042 rows=54710 loops=1)
        Buckets: 65536  Batches: 1  Memory Usage: 2650kB
        ->  Hash Join  (cost=75580.59..112155.07 rows=36658 width=8) (actual time=1382.816..2681.139 rows=54710 loops=1)
              Hash Cond: (mi_idx.movie_id = t.id)
              ->  Seq Scan on movie_info_idx mi_idx  (cost=0.00..25185.44 rows=919057 width=4) (actual time=0.023..491.496 rows=920110 loops=1)
                    Filter: (info_type_id > 99)
                    Rows Removed by Filter: 459925
              ->  Hash  (cost=73925.90..73925.90 rows=100855 width=4) (actual time=1268.525..1268.525 rows=111586 loops=1)
                    Buckets: 131072  Batches: 2  Memory Usage: 2982kB
                    ->  Seq Scan on title t  (cost=0.00..73925.90 rows=100855 width=4) (actual time=0.022..1229.543 rows=111586 loops=1)
                          Filter: ((production_year < 2012) AND (kind_id = 4))
                          Rows Removed by Filter: 2416726
Planning time: 1.205 ms
Execution time: 10663.647 ms
