Seq Scan on movie_companies mc  (cost=0.00..51404.11 rows=104 width=0) (actual time=2.661..799.390 rows=353 loops=1)
  Filter: (company_id = 969)
  Rows Removed by Filter: 2608776
Planning time: 1.053 ms
Execution time: 799.569 ms
