Hash Join  (cost=227189.89..272643.64 rows=452327 width=0) (actual time=4792.242..6393.358 rows=1759737 loops=1)
  Hash Cond: (mi_idx.movie_id = t.id)
  ->  Seq Scan on movie_info_idx mi_idx  (cost=0.00..21735.35 rows=1380035 width=4) (actual time=0.017..497.099 rows=1380035 loops=1)
  ->  Hash  (cost=213592.36..213592.36 rows=828762 width=8) (actual time=4790.941..4790.941 rows=830240 loops=1)
        Buckets: 131072  Batches: 16  Memory Usage: 3078kB
        ->  Hash Join  (cost=102767.86..213592.36 rows=828762 width=8) (actual time=2090.807..4574.836 rows=830240 loops=1)
              Hash Cond: (mk.movie_id = t.id)
              ->  Seq Scan on movie_keyword mk  (cost=0.00..81003.12 rows=828762 width=4) (actual time=0.028..1508.216 rows=830240 loops=1)
                    Filter: (keyword_id < 797)
                    Rows Removed by Filter: 3693690
              ->  Hash  (cost=61283.27..61283.27 rows=2528527 width=4) (actual time=2089.228..2089.228 rows=2528312 loops=1)
                    Buckets: 131072  Batches: 64  Memory Usage: 2425kB
                    ->  Seq Scan on title t  (cost=0.00..61283.27 rows=2528527 width=4) (actual time=0.019..1226.557 rows=2528312 loops=1)
Planning time: 1.086 ms
Execution time: 6585.506 ms
