Hash Join  (cost=353754.63..1149899.99 rows=24467070 width=0) (actual time=8107.536..72289.277 rows=232912935 loops=1)
  Hash Cond: (mi.movie_id = t.id)
  ->  Seq Scan on movie_info mi  (cost=0.00..309384.22 rows=14739122 width=4) (actual time=0.014..6157.954 rows=14835720 loops=1)
  ->  Hash  (cost=284890.42..284890.42 rows=4197377 width=8) (actual time=8106.362..8106.362 rows=4384883 loops=1)
        Buckets: 131072  Batches: 64  Memory Usage: 3807kB
        ->  Hash Join  (cost=106094.70..284890.42 rows=4197377 width=8) (actual time=2146.645..6970.873 rows=4384883 loops=1)
              Hash Cond: (mk.movie_id = t.id)
              ->  Seq Scan on movie_keyword mk  (cost=0.00..69693.30 rows=4523930 width=4) (actual time=0.013..1436.408 rows=4523930 loops=1)
              ->  Hash  (cost=67604.59..67604.59 rows=2346009 width=4) (actual time=2145.571..2145.571 rows=2338360 loops=1)
                    Buckets: 131072  Batches: 32  Memory Usage: 3606kB
                    ->  Seq Scan on title t  (cost=0.00..67604.59 rows=2346009 width=4) (actual time=0.015..1386.573 rows=2338360 loops=1)
                          Filter: (production_year > 1930)
                          Rows Removed by Filter: 189952
Planning time: 1.084 ms
Execution time: 97549.195 ms
