Hash Join  (cost=102767.86..1056719.75 rows=6150690 width=0) (actual time=8351.384..28236.674 rows=12527259 loops=1)
  Hash Cond: (ci.movie_id = t.id)
  ->  Seq Scan on cast_info ci  (cost=0.00..796071.18 rows=6150690 width=4) (actual time=6517.602..14878.168 rows=12527259 loops=1)
        Filter: ((person_id < 1718544) AND (role_id = 1))
        Rows Removed by Filter: 23717085
  ->  Hash  (cost=61283.27..61283.27 rows=2528527 width=4) (actual time=1832.509..1832.509 rows=2528312 loops=1)
        Buckets: 131072  Batches: 64  Memory Usage: 2415kB
        ->  Seq Scan on title t  (cost=0.00..61283.27 rows=2528527 width=4) (actual time=0.027..1025.586 rows=2528312 loops=1)
Planning time: 0.545 ms
Execution time: 29717.455 ms
