Seq Scan on movie_companies mc  (cost=0.00..57926.93 rows=960650 width=0) (actual time=0.023..1016.790 rows=649729 loops=1)
  Filter: ((company_id < 40907) AND (company_type_id = 2))
  Rows Removed by Filter: 1959400
Planning time: 0.390 ms
Execution time: 1099.322 ms
