Hash Join  (cost=177005.65..317802.10 rows=738287 width=0) (actual time=6330.768..7609.038 rows=296626 loops=1)
  Hash Cond: (mk.movie_id = t.id)
  ->  Seq Scan on movie_keyword mk  (cost=0.00..81003.12 rows=4388920 width=4) (actual time=0.017..1872.268 rows=4392251 loops=1)
        Filter: (keyword_id < 76120)
        Rows Removed by Filter: 131679
  ->  Hash  (cost=170026.92..170026.92 rows=425339 width=8) (actual time=3917.972..3917.972 rows=201900 loops=1)
        Buckets: 131072  Batches: 8  Memory Usage: 2010kB
        ->  Hash Join  (cost=92883.59..170026.92 rows=425339 width=8) (actual time=1749.423..3825.181 rows=201900 loops=1)
              Hash Cond: (mc.movie_id = t.id)
              ->  Seq Scan on movie_companies mc  (cost=0.00..57926.93 rows=698001 width=4) (actual time=0.018..1063.302 rows=440421 loops=1)
                    Filter: ((company_id < 11643) AND (company_type_id > 1))
                    Rows Removed by Filter: 2168708
              ->  Hash  (cost=67604.59..67604.59 rows=1540800 width=4) (actual time=1748.322..1748.322 rows=1543264 loops=1)
                    Buckets: 131072  Batches: 32  Memory Usage: 2722kB
                    ->  Seq Scan on title t  (cost=0.00..67604.59 rows=1540800 width=4) (actual time=169.665..1263.474 rows=1543264 loops=1)
                          Filter: (kind_id = 7)
                          Rows Removed by Filter: 985048
Planning time: 1.105 ms
Execution time: 7644.562 ms
