Hash Join  (cost=78556.72..1087395.05 rows=5589907 width=0) (actual time=1321.962..27013.589 rows=5846809 loops=1)
  Hash Cond: (ci.movie_id = t.id)
  ->  Seq Scan on cast_info ci  (cost=0.00..705507.15 rows=21173895 width=4) (actual time=0.015..14135.824 rows=21301246 loops=1)
        Filter: (person_id > 1475057)
        Rows Removed by Filter: 14943098
  ->  Hash  (cost=67604.59..67604.59 rows=667531 width=4) (actual time=1319.649..1319.649 rows=662825 loops=1)
        Buckets: 131072  Batches: 16  Memory Usage: 2476kB
        ->  Seq Scan on title t  (cost=0.00..67604.59 rows=667531 width=4) (actual time=475.447..1114.081 rows=662825 loops=1)
              Filter: (kind_id < 2)
              Rows Removed by Filter: 1865487
Planning time: 0.704 ms
Execution time: 27676.009 ms
