Seq Scan on cast_info ci  (cost=0.00..796071.18 rows=8673488 width=0) (actual time=2255.026..13585.081 rows=10412337 loops=1)
  Filter: ((person_id < 1287846) AND (role_id < 4))
  Rows Removed by Filter: 25832007
Planning time: 0.389 ms
Execution time: 14887.448 ms
