Hash Join  (cost=161550.75..677456.93 rows=804407 width=0) (actual time=3780.012..15765.091 rows=243395 loops=1)
  Hash Cond: (mi.movie_id = t.id)
  ->  Seq Scan on movie_info mi  (cost=0.00..346232.03 rows=13929354 width=4) (actual time=178.312..7131.297 rows=14033580 loops=1)
        Filter: (info_type_id > 1)
        Rows Removed by Filter: 802140
  ->  Hash  (cost=159154.50..159154.50 rows=146020 width=8) (actual time=3600.689..3600.689 rows=31812 loops=1)
        Buckets: 131072  Batches: 2  Memory Usage: 1652kB
        ->  Hash Join  (cost=76307.02..159154.50 rows=146020 width=8) (actual time=1686.291..3588.804 rows=31812 loops=1)
              Hash Cond: (mc.movie_id = t.id)
              ->  Seq Scan on movie_companies mc  (cost=0.00..51404.11 rows=2544046 width=4) (actual time=0.027..1074.001 rows=2542342 loops=1)
                    Filter: (company_id > 6)
                    Rows Removed by Filter: 66787
              ->  Hash  (cost=73925.90..73925.90 rows=145129 width=4) (actual time=1684.758..1684.758 rows=33655 loops=1)
                    Buckets: 131072  Batches: 2  Memory Usage: 1617kB
                    ->  Seq Scan on title t  (cost=0.00..73925.90 rows=145129 width=4) (actual time=45.678..1122.097 rows=33655 loops=1)
                          Filter: ((kind_id > 3) AND (production_year < 1958))
                          Rows Removed by Filter: 2494657
Planning time: 1.009 ms
Execution time: 15793.620 ms
