Hash Join  (cost=74050.79..1273327.79 rows=4758451 width=0) (actual time=3019.563..38656.794 rows=4968622 loops=1)
  Hash Cond: (ci.movie_id = t.id)
  ->  Seq Scan on cast_info ci  (cost=0.00..796071.18 rows=30623551 width=4) (actual time=1861.110..20736.341 rows=31605208 loops=1)
        Filter: ((person_id < 3849409) AND (role_id < 10))
        Rows Removed by Filter: 4639136
  ->  Hash  (cost=67604.59..67604.59 rows=392896 width=4) (actual time=1157.423..1157.423 rows=391666 loops=1)
        Buckets: 131072  Batches: 8  Memory Usage: 2753kB
        ->  Seq Scan on title t  (cost=0.00..67604.59 rows=392896 width=4) (actual time=0.029..1033.895 rows=391666 loops=1)
              Filter: (production_year > 2010)
              Rows Removed by Filter: 2136646
Planning time: 0.840 ms
Execution time: 39233.581 ms
