Hash Join  (cost=74440.79..133196.97 rows=3452 width=0) (actual time=1625.619..2242.448 rows=963 loops=1)
  Hash Cond: (mc.movie_id = t.id)
  ->  Seq Scan on movie_companies mc  (cost=0.00..57926.93 rows=211925 width=4) (actual time=362.784..944.101 rows=98408 loops=1)
        Filter: ((company_id < 292) AND (company_type_id > 1))
        Rows Removed by Filter: 2510721
  ->  Hash  (cost=73925.90..73925.90 rows=41191 width=4) (actual time=1262.146..1262.146 rows=43851 loops=1)
        Buckets: 65536  Batches: 1  Memory Usage: 2054kB
        ->  Seq Scan on title t  (cost=0.00..73925.90 rows=41191 width=4) (actual time=0.051..1242.175 rows=43851 loops=1)
              Filter: ((kind_id = 7) AND (production_year = 2003))
              Rows Removed by Filter: 2484461
Planning time: 0.730 ms
Execution time: 2242.784 ms
