Hash Join  (cost=104131.46..204973.82 rows=453756 width=0) (actual time=2291.625..4458.567 rows=483420 loops=1)
  Hash Cond: (mk.movie_id = t.id)
  ->  Seq Scan on movie_keyword mk  (cost=0.00..81003.12 rows=515334 width=4) (actual time=0.028..1459.582 rows=507662 loops=1)
        Filter: (keyword_id > 35740)
        Rows Removed by Filter: 4016268
  ->  Hash  (cost=67604.59..67604.59 rows=2226390 width=4) (actual time=2289.673..2289.673 rows=2224569 loops=1)
        Buckets: 131072  Batches: 32  Memory Usage: 3472kB
        ->  Seq Scan on title t  (cost=0.00..67604.59 rows=2226390 width=4) (actual time=0.015..1553.290 rows=2224569 loops=1)
              Filter: (production_year < 2012)
              Rows Removed by Filter: 303743
Planning time: 0.711 ms
Execution time: 4512.061 ms
