Hash Join  (cost=102767.86..187832.79 rows=988358 width=0) (actual time=1908.243..4008.094 rows=997781 loops=1)
  Hash Cond: (mc.movie_id = t.id)
  ->  Seq Scan on movie_companies mc  (cost=0.00..51404.11 rows=988358 width=4) (actual time=0.026..928.851 rows=997781 loops=1)
        Filter: (company_id > 16749)
        Rows Removed by Filter: 1611348
  ->  Hash  (cost=61283.27..61283.27 rows=2528527 width=4) (actual time=1906.248..1906.248 rows=2528312 loops=1)
        Buckets: 131072  Batches: 64  Memory Usage: 2415kB
        ->  Seq Scan on title t  (cost=0.00..61283.27 rows=2528527 width=4) (actual time=0.020..1070.467 rows=2528312 loops=1)
Planning time: 0.749 ms
Execution time: 4115.192 ms
