Hash Join  (cost=210310.10..1388622.20 rows=14067293 width=0) (actual time=4768.354..44892.999 rows=32684886 loops=1)
  Hash Cond: (ci.movie_id = t.id)
  ->  Seq Scan on cast_info ci  (cost=0.00..614943.12 rows=36225612 width=4) (actual time=0.020..13702.843 rows=36244344 loops=1)
  ->  Hash  (cost=194200.49..194200.49 rows=981889 width=8) (actual time=4767.410..4767.410 rows=840073 loops=1)
        Buckets: 131072  Batches: 16  Memory Usage: 3057kB
        ->  Hash Join  (cost=102767.86..194200.49 rows=981889 width=8) (actual time=2374.063..4540.929 rows=840073 loops=1)
              Hash Cond: (mc.movie_id = t.id)
              ->  Seq Scan on movie_companies mc  (cost=0.00..57926.93 rows=981889 width=4) (actual time=0.061..1125.983 rows=840073 loops=1)
                    Filter: ((company_id > 697) AND (company_type_id < 2))
                    Rows Removed by Filter: 1769056
              ->  Hash  (cost=61283.27..61283.27 rows=2528527 width=4) (actual time=2373.130..2373.130 rows=2528312 loops=1)
                    Buckets: 131072  Batches: 64  Memory Usage: 2415kB
                    ->  Seq Scan on title t  (cost=0.00..61283.27 rows=2528527 width=4) (actual time=0.021..1218.248 rows=2528312 loops=1)
Planning time: 1.137 ms
Execution time: 48471.385 ms
