Seq Scan on movie_keyword mk  (cost=0.00..81003.12 rows=2424677 width=0) (actual time=0.014..1417.573 rows=2424345 loops=1)
  Filter: (keyword_id < 5740)
  Rows Removed by Filter: 2099585
Planning time: 0.302 ms
Execution time: 1694.446 ms
