Hash Join  (cost=471537.06..1584352.18 rows=7691399 width=0) (actual time=7950.451..36355.070 rows=3602724 loops=1)
  Hash Cond: (ci.movie_id = t.id)
  ->  Seq Scan on cast_info ci  (cost=0.00..614943.12 rows=36225612 width=4) (actual time=0.012..12727.117 rows=36244344 loops=1)
  ->  Hash  (cost=462728.38..462728.38 rows=536855 width=8) (actual time=7949.290..7949.290 rows=110461 loops=1)
        Buckets: 131072  Batches: 8  Memory Usage: 1565kB
        ->  Hash Join  (cost=93155.63..462728.38 rows=536855 width=8) (actual time=4281.153..7916.455 rows=110461 loops=1)
              Hash Cond: (mi.movie_id = t.id)
              ->  Seq Scan on movie_info mi  (cost=0.00..346232.03 rows=1158179 width=4) (actual time=2493.086..5444.316 rows=1204709 loops=1)
                    Filter: (info_type_id > 18)
                    Rows Removed by Filter: 13631011
              ->  Hash  (cost=73925.90..73925.90 rows=1172058 width=4) (actual time=1694.254..1694.254 rows=1128906 loops=1)
                    Buckets: 131072  Batches: 16  Memory Usage: 3509kB
                    ->  Seq Scan on title t  (cost=0.00..73925.90 rows=1172058 width=4) (actual time=201.361..1346.810 rows=1128906 loops=1)
                          Filter: ((production_year < 2010) AND (kind_id = 7))
                          Rows Removed by Filter: 1399406
Planning time: 1.216 ms
Execution time: 36776.963 ms
