Hash Join  (cost=75227.65..154884.67 rows=73823 width=0) (actual time=1367.198..3324.393 rows=58412 loops=1)
  Hash Cond: (mc.movie_id = t.id)
  ->  Seq Scan on movie_companies mc  (cost=0.00..51404.11 rows=2352714 width=4) (actual time=0.019..1139.395 rows=2349344 loops=1)
        Filter: (company_id < 99434)
        Rows Removed by Filter: 259785
  ->  Hash  (cost=73925.90..73925.90 rows=79340 width=4) (actual time=1366.522..1366.522 rows=92312 loops=1)
        Buckets: 131072  Batches: 2  Memory Usage: 2648kB
        ->  Seq Scan on title t  (cost=0.00..73925.90 rows=79340 width=4) (actual time=0.011..1325.251 rows=92312 loops=1)
              Filter: ((kind_id > 1) AND (production_year = 2006))
              Rows Removed by Filter: 2436000
Planning time: 0.489 ms
Execution time: 3333.187 ms
