Hash Join  (cost=83198.94..211926.17 rows=737374 width=0) (actual time=1563.738..5216.065 rows=2075357 loops=1)
  Hash Cond: (mk.movie_id = t.id)
  ->  Seq Scan on movie_keyword mk  (cost=0.00..81003.12 rows=3298763 width=4) (actual time=0.024..1659.019 rows=3289605 loops=1)
        Filter: (keyword_id > 1559)
        Rows Removed by Filter: 1234325
  ->  Hash  (cost=73925.90..73925.90 rows=565203 width=4) (actual time=1562.682..1562.682 rows=641785 loops=1)
        Buckets: 131072  Batches: 8  Memory Usage: 3870kB
        ->  Seq Scan on title t  (cost=0.00..73925.90 rows=565203 width=4) (actual time=0.029..1358.474 rows=641785 loops=1)
              Filter: ((kind_id < 7) AND (production_year < 2006))
              Rows Removed by Filter: 1886527
Planning time: 0.739 ms
Execution time: 5462.451 ms
