Hash Join  (cost=164775.20..292745.66 rows=489842 width=0) (actual time=3576.298..8343.059 rows=5921159 loops=1)
  Hash Cond: (mk.movie_id = t.id)
  ->  Seq Scan on movie_keyword mk  (cost=0.00..69693.30 rows=4523930 width=4) (actual time=0.021..1471.174 rows=4523930 loops=1)
  ->  Hash  (cost=160282.90..160282.90 rows=273784 width=8) (actual time=3575.534..3575.534 rows=321041 loops=1)
        Buckets: 131072 (originally 131072)  Batches: 8 (originally 4)  Memory Usage: 3073kB
        ->  Hash Join  (cost=78988.28..160282.90 rows=273784 width=8) (actual time=1251.464..3478.985 rows=321041 loops=1)
              Hash Cond: (mc.movie_id = t.id)
              ->  Seq Scan on movie_companies mc  (cost=0.00..51404.11 rows=2243912 width=4) (actual time=0.009..1168.827 rows=2240730 loops=1)
                    Filter: (company_id < 85767)
                    Rows Removed by Filter: 368399
              ->  Hash  (cost=73925.90..73925.90 rows=308510 width=4) (actual time=1250.755..1250.755 rows=266599 loops=1)
                    Buckets: 131072  Batches: 8  Memory Usage: 2191kB
                    ->  Seq Scan on title t  (cost=0.00..73925.90 rows=308510 width=4) (actual time=0.015..1165.136 rows=266599 loops=1)
                          Filter: ((kind_id < 7) AND (production_year > 2007))
                          Rows Removed by Filter: 2261713
Planning time: 1.931 ms
Execution time: 9012.386 ms
