Nested Loop  (cost=0.43..135611.43 rows=1265 width=0) (actual time=0.140..1436.488 rows=2773 loops=1)
  ->  Seq Scan on movie_keyword mk  (cost=0.00..81003.12 rows=7992 width=4) (actual time=0.081..1256.239 rows=7673 loops=1)
        Filter: (keyword_id = 7078)
        Rows Removed by Filter: 4516257
  ->  Index Scan using title_pkey on title t  (cost=0.43..6.82 rows=1 width=4) (actual time=0.023..0.023 rows=0 loops=7673)
        Index Cond: (id = mk.movie_id)
        Filter: ((kind_id < 7) AND (production_year < 2000))
        Rows Removed by Filter: 1
Planning time: 0.720 ms
Execution time: 1437.500 ms
