Hash Join  (cost=454976.12..534601.92 rows=181621 width=0) (actual time=8438.027..10700.464 rows=222553 loops=1)
  Hash Cond: (mc.movie_id = t.id)
  ->  Seq Scan on movie_companies mc  (cost=0.00..51404.11 rows=2213460 width=4) (actual time=0.030..1210.346 rows=2207998 loops=1)
        Filter: (company_id < 82147)
        Rows Removed by Filter: 401131
  ->  Hash  (cost=451571.71..451571.71 rows=207473 width=8) (actual time=7976.886..7976.886 rows=114207 loops=1)
        Buckets: 131072  Batches: 4  Memory Usage: 2135kB
        ->  Hash Join  (cost=92883.59..451571.71 rows=207473 width=8) (actual time=5025.762..7940.660 rows=114207 loops=1)
              Hash Cond: (mi.movie_id = t.id)
              ->  Seq Scan on movie_info mi  (cost=0.00..346232.03 rows=340474 width=4) (actual time=3170.348..5633.204 rows=328857 loops=1)
                    Filter: (info_type_id = 98)
                    Rows Removed by Filter: 14506863
              ->  Hash  (cost=67604.59..67604.59 rows=1540800 width=4) (actual time=1854.148..1854.148 rows=1543264 loops=1)
                    Buckets: 131072  Batches: 32  Memory Usage: 2728kB
                    ->  Seq Scan on title t  (cost=0.00..67604.59 rows=1540800 width=4) (actual time=0.028..1337.076 rows=1543264 loops=1)
                          Filter: (kind_id = 7)
                          Rows Removed by Filter: 985048
Planning time: 1.739 ms
Execution time: 10727.501 ms
