Nested Loop  (cost=0.43..83072.29 rows=1 width=0) (actual time=84.615..1239.727 rows=4 loops=1)
  ->  Seq Scan on movie_keyword mk  (cost=0.00..81003.12 rows=246 width=4) (actual time=2.112..1210.714 rows=530 loops=1)
        Filter: (keyword_id = 4099)
        Rows Removed by Filter: 4523400
  ->  Index Scan using title_pkey on title t  (cost=0.43..8.40 rows=1 width=4) (actual time=0.053..0.053 rows=0 loops=530)
        Index Cond: (id = mk.movie_id)
        Filter: (production_year = 1965)
        Rows Removed by Filter: 1
Planning time: 0.748 ms
Execution time: 1239.818 ms
