Hash Join  (cost=133980.62..248446.52 rows=360385 width=0) (actual time=3004.533..6229.860 rows=2130818 loops=1)
  Hash Cond: (mk.movie_id = t.id)
  ->  Seq Scan on movie_keyword mk  (cost=0.00..81003.12 rows=2457046 width=4) (actual time=0.016..1647.003 rows=2452922 loops=1)
        Filter: (keyword_id < 5877)
        Rows Removed by Filter: 2071008
  ->  Hash  (cost=127895.76..127895.76 rows=370869 width=8) (actual time=3003.623..3003.623 rows=454074 loops=1)
        Buckets: 131072  Batches: 8  Memory Usage: 3261kB
        ->  Hash Join  (cost=84417.00..127895.76 rows=370869 width=8) (actual time=1590.940..2875.297 rows=454074 loops=1)
              Hash Cond: (mi_idx.movie_id = t.id)
              ->  Seq Scan on movie_info_idx mi_idx  (cost=0.00..25185.44 rows=915101 width=4) (actual time=0.024..564.086 rows=919850 loops=1)
                    Filter: (info_type_id < 101)
                    Rows Removed by Filter: 460185
              ->  Hash  (cost=67604.59..67604.59 rows=1024753 width=4) (actual time=1589.738..1589.738 rows=1021752 loops=1)
                    Buckets: 131072  Batches: 16  Memory Usage: 3274kB
                    ->  Seq Scan on title t  (cost=0.00..67604.59 rows=1024753 width=4) (actual time=0.020..1278.712 rows=1021752 loops=1)
                          Filter: (production_year < 2000)
                          Rows Removed by Filter: 1506560
Planning time: 1.191 ms
Execution time: 6478.081 ms
