Hash Join  (cost=74050.79..894949.91 rows=275944 width=0) (actual time=6556.096..15909.043 rows=1061474 loops=1)
  Hash Cond: (ci.movie_id = t.id)
  ->  Seq Scan on cast_info ci  (cost=0.00..796071.18 rows=1775868 width=4) (actual time=5383.126..11468.247 rows=5344949 loops=1)
        Filter: ((person_id > 3125165) AND (role_id > 3))
        Rows Removed by Filter: 30899395
  ->  Hash  (cost=67604.59..67604.59 rows=392896 width=4) (actual time=1171.544..1171.544 rows=391666 loops=1)
        Buckets: 131072  Batches: 8  Memory Usage: 2753kB
        ->  Seq Scan on title t  (cost=0.00..67604.59 rows=392896 width=4) (actual time=0.027..1046.119 rows=391666 loops=1)
              Filter: (production_year > 2010)
              Rows Removed by Filter: 2136646
Planning time: 0.797 ms
Execution time: 16034.645 ms
