Seq Scan on cast_info ci  (cost=0.00..796071.18 rows=10128128 width=0) (actual time=6039.925..15060.776 rows=12670688 loops=1)
  Filter: ((person_id < 2926263) AND (role_id < 2))
  Rows Removed by Filter: 23573656
Planning time: 0.338 ms
Execution time: 16579.992 ms
