Hash Join  (cost=107104.84..874662.64 rows=129578 width=0) (actual time=2890.184..20203.807 rows=346808 loops=1)
  Hash Cond: (ci.movie_id = t.id)
  ->  Seq Scan on cast_info ci  (cost=0.00..705507.15 rows=16201301 width=4) (actual time=537.818..13368.160 rows=16121683 loops=1)
        Filter: (role_id > 2)
        Rows Removed by Filter: 20122661
  ->  Hash  (cost=106852.05..106852.05 rows=20223 width=8) (actual time=2352.021..2352.021 rows=46310 loops=1)
        Buckets: 65536 (originally 32768)  Batches: 1 (originally 1)  Memory Usage: 2321kB
        ->  Hash Join  (cost=75773.42..106852.05 rows=20223 width=8) (actual time=1328.873..2334.258 rows=46310 loops=1)
              Hash Cond: (mi_idx.movie_id = t.id)
              ->  Seq Scan on movie_info_idx mi_idx  (cost=0.00..25185.44 rows=454124 width=4) (actual time=0.029..497.563 rows=459925 loops=1)
                    Filter: (info_type_id = 100)
                    Rows Removed by Filter: 920110
              ->  Hash  (cost=73925.90..73925.90 rows=112601 width=4) (actual time=1328.014..1328.014 rows=212417 loops=1)
                    Buckets: 131072 (originally 131072)  Batches: 4 (originally 2)  Memory Usage: 3073kB
                    ->  Seq Scan on title t  (cost=0.00..73925.90 rows=112601 width=4) (actual time=0.020..1248.273 rows=212417 loops=1)
                          Filter: ((kind_id < 7) AND (production_year < 1964))
                          Rows Removed by Filter: 2315895
Planning time: 2.417 ms
Execution time: 20250.970 ms
