Hash Join  (cost=70241.71..201917.50 rows=260789 width=0) (actual time=1230.144..5237.131 rows=132661 loops=1)
  Hash Cond: (mk.movie_id = t.id)
  ->  Seq Scan on movie_keyword mk  (cost=0.00..81003.12 rows=4102606 width=4) (actual time=0.014..1742.811 rows=4109395 loops=1)
        Filter: (keyword_id < 41906)
        Rows Removed by Filter: 414535
  ->  Hash  (cost=67604.59..67604.59 rows=160730 width=4) (actual time=1228.953..1228.953 rows=160017 loops=1)
        Buckets: 131072  Batches: 4  Memory Usage: 2442kB
        ->  Seq Scan on title t  (cost=0.00..67604.59 rows=160730 width=4) (actual time=0.019..1170.095 rows=160017 loops=1)
              Filter: (production_year = 2011)
              Rows Removed by Filter: 2368295
Planning time: 0.492 ms
Execution time: 5255.219 ms
