Hash Join  (cost=86534.07..467813.99 rows=667008 width=0) (actual time=3538.310..8509.244 rows=150417 loops=1)
  Hash Cond: (mi.movie_id = t.id)
  ->  Seq Scan on movie_info mi  (cost=0.00..346232.03 rows=2194617 width=4) (actual time=0.009..5759.650 rows=2233850 loops=1)
        Filter: (info_type_id > 16)
        Rows Removed by Filter: 12601870
  ->  Hash  (cost=73925.90..73925.90 rows=768493 width=4) (actual time=1536.923..1536.923 rows=840010 loops=1)
        Buckets: 131072  Batches: 16  Memory Usage: 2883kB
        ->  Seq Scan on title t  (cost=0.00..73925.90 rows=768493 width=4) (actual time=0.023..1258.713 rows=840010 loops=1)
              Filter: ((production_year > 2002) AND (kind_id = 7))
              Rows Removed by Filter: 1688302
Planning time: 0.703 ms
Execution time: 8528.531 ms
