Hash Join  (cost=67697.55..418738.80 rows=3743 width=0) (actual time=4500.391..6950.140 rows=7221 loops=1)
  Hash Cond: (mi.movie_id = t.id)
  ->  Seq Scan on movie_info mi  (cost=0.00..346232.03 rows=1272478 width=4) (actual time=3336.586..5518.545 rows=1325361 loops=1)
        Filter: (info_type_id = 8)
        Rows Removed by Filter: 13510359
  ->  Hash  (cost=67604.59..67604.59 rows=7437 width=4) (actual time=1163.019..1163.019 rows=13711 loops=1)
        Buckets: 16384 (originally 8192)  Batches: 1 (originally 1)  Memory Usage: 611kB
        ->  Seq Scan on title t  (cost=0.00..67604.59 rows=7437 width=4) (actual time=0.049..1156.304 rows=13711 loops=1)
              Filter: (production_year = 1966)
              Rows Removed by Filter: 2514601
Planning time: 0.765 ms
Execution time: 6951.580 ms
