Hash Join  (cost=263115.61..427882.82 rows=3113678 width=0) (actual time=6107.417..14452.276 rows=23787275 loops=1)
  Hash Cond: (mk.movie_id = t.id)
  ->  Seq Scan on movie_keyword mk  (cost=0.00..81003.12 rows=3017489 width=4) (actual time=0.019..1704.512 rows=3003274 loops=1)
        Filter: (keyword_id > 2199)
        Rows Removed by Filter: 1520656
  ->  Hash  (cost=220309.49..220309.49 rows=2609129 width=8) (actual time=6105.530..6105.530 rows=2609129 loops=1)
        Buckets: 131072  Batches: 64  Memory Usage: 2691kB
        ->  Hash Join  (cost=102767.86..220309.49 rows=2609129 width=8) (actual time=1926.618..5363.714 rows=2609129 loops=1)
              Hash Cond: (mc.movie_id = t.id)
              ->  Seq Scan on movie_companies mc  (cost=0.00..44881.29 rows=2609129 width=4) (actual time=0.019..986.431 rows=2609129 loops=1)
              ->  Hash  (cost=61283.27..61283.27 rows=2528527 width=4) (actual time=1925.674..1925.674 rows=2528312 loops=1)
                    Buckets: 131072  Batches: 64  Memory Usage: 2415kB
                    ->  Seq Scan on title t  (cost=0.00..61283.27 rows=2528527 width=4) (actual time=0.014..1081.433 rows=2528312 loops=1)
Planning time: 1.060 ms
Execution time: 16941.508 ms
