Hash Join  (cost=78670.55..157833.98 rows=298390 width=0) (actual time=1094.416..3172.919 rows=167483 loops=1)
  Hash Cond: (mc.movie_id = t.id)
  ->  Seq Scan on movie_companies mc  (cost=0.00..44881.29 rows=2609129 width=4) (actual time=0.030..946.649 rows=2609129 loops=1)
  ->  Hash  (cost=73925.90..73925.90 rows=289172 width=4) (actual time=1070.897..1070.897 rows=292674 loops=1)
        Buckets: 131072  Batches: 4  Memory Usage: 3617kB
        ->  Seq Scan on title t  (cost=0.00..73925.90 rows=289172 width=4) (actual time=0.018..974.955 rows=292674 loops=1)
              Filter: ((kind_id > 1) AND (production_year > 2010))
              Rows Removed by Filter: 2235638
Planning time: 0.718 ms
Execution time: 3194.831 ms
