Hash Join  (cost=167987.02..593807.55 rows=976393 width=0) (actual time=3635.460..15546.160 rows=8708802 loops=1)
  Hash Cond: (mi.movie_id = t.id)
  ->  Seq Scan on movie_info mi  (cost=0.00..346232.03 rows=5897221 width=4) (actual time=0.025..6461.697 rows=5884963 loops=1)
        Filter: (info_type_id < 7)
        Rows Removed by Filter: 8950757
  ->  Hash  (cost=161117.97..161117.97 rows=418644 width=8) (actual time=3634.592..3634.592 rows=821259 loops=1)
        Buckets: 131072 (originally 131072)  Batches: 16 (originally 8)  Memory Usage: 3097kB
        ->  Hash Join  (cost=87499.23..161117.97 rows=418644 width=8) (actual time=1777.522..3392.829 rows=821259 loops=1)
              Hash Cond: (mc.movie_id = t.id)
              ->  Seq Scan on movie_companies mc  (cost=0.00..51404.11 rows=1279517 width=4) (actual time=343.048..1019.614 rows=1274246 loops=1)
                    Filter: (company_type_id = 1)
                    Rows Removed by Filter: 1334883
              ->  Hash  (cost=73925.90..73925.90 rows=827306 width=4) (actual time=1433.651..1433.651 rows=818320 loops=1)
                    Buckets: 131072  Batches: 16  Memory Usage: 2818kB
                    ->  Seq Scan on title t  (cost=0.00..73925.90 rows=827306 width=4) (actual time=0.020..1168.517 rows=818320 loops=1)
                          Filter: ((kind_id < 4) AND (production_year > 1910))
                          Rows Removed by Filter: 1709992
Planning time: 1.194 ms
Execution time: 16576.079 ms
