Seq Scan on movie_companies mc  (cost=0.00..51404.11 rows=2194213 width=0) (actual time=0.022..1000.450 rows=2191175 loops=1)
  Filter: (company_id < 80240)
  Rows Removed by Filter: 417954
Planning time: 0.318 ms
Execution time: 1265.868 ms
