Hash Join  (cost=159380.36..910897.04 rows=72751 width=0) (actual time=2702.020..18223.319 rows=20737 loops=1)
  Hash Cond: (ci.movie_id = t.id)
  ->  Seq Scan on cast_info ci  (cost=0.00..614943.12 rows=36225612 width=4) (actual time=0.022..8431.072 rows=36244344 loops=1)
  ->  Hash  (cost=159316.89..159316.89 rows=5078 width=8) (actual time=2691.197..2691.197 rows=1666 loops=1)
        Buckets: 8192  Batches: 1  Memory Usage: 130kB
        ->  Hash Join  (cost=76725.80..159316.89 rows=5078 width=8) (actual time=1398.536..2690.308 rows=1666 loops=1)
              Hash Cond: (mk.movie_id = t.id)
              ->  Seq Scan on movie_keyword mk  (cost=0.00..81003.12 rows=75248 width=4) (actual time=0.088..1235.043 rows=72496 loops=1)
                    Filter: (keyword_id = 335)
                    Rows Removed by Filter: 4451434
              ->  Hash  (cost=73925.90..73925.90 rows=170632 width=4) (actual time=1392.812..1392.812 rows=170068 loops=1)
                    Buckets: 131072  Batches: 4  Memory Usage: 2540kB
                    ->  Seq Scan on title t  (cost=0.00..73925.90 rows=170632 width=4) (actual time=0.036..1330.699 rows=170068 loops=1)
                          Filter: ((kind_id > 1) AND (production_year > 2011))
                          Rows Removed by Filter: 2358244
Planning time: 1.205 ms
Execution time: 18228.136 ms
