Hash Join  (cost=234427.15..735817.95 rows=5495110 width=0) (actual time=6324.737..17138.586 rows=6091724 loops=1)
  Hash Cond: (mi.movie_id = t.id)
  ->  Seq Scan on movie_info mi  (cost=0.00..346232.03 rows=7235534 width=4) (actual time=1195.131..6639.989 rows=7286865 loops=1)
        Filter: (info_type_id < 8)
        Rows Removed by Filter: 7548855
  ->  Hash  (cost=202921.16..202921.16 rows=1920319 width=8) (actual time=5128.710..5128.710 rows=1301439 loops=1)
        Buckets: 131072  Batches: 32  Memory Usage: 2596kB
        ->  Hash Join  (cost=98137.04..202921.16 rows=1920319 width=8) (actual time=1899.524..4746.048 rows=1301439 loops=1)
              Hash Cond: (mc.movie_id = t.id)
              ->  Seq Scan on movie_companies mc  (cost=0.00..44881.29 rows=2609129 width=4) (actual time=0.021..938.416 rows=2609129 loops=1)
              ->  Hash  (cost=67604.59..67604.59 rows=1860996 width=4) (actual time=1898.133..1898.133 rows=1865487 loops=1)
                    Buckets: 131072  Batches: 32  Memory Usage: 3079kB
                    ->  Seq Scan on title t  (cost=0.00..67604.59 rows=1860996 width=4) (actual time=0.025..1295.357 rows=1865487 loops=1)
                          Filter: (kind_id > 1)
                          Rows Removed by Filter: 662825
Planning time: 1.172 ms
Execution time: 17832.656 ms
