Hash Join  (cost=58375.85..152814.19 rows=75 width=0) (actual time=1240.172..3045.590 rows=864 loops=1)
  Hash Cond: (mk.movie_id = t.id)
  ->  Seq Scan on movie_keyword mk  (cost=0.00..81003.12 rows=3582526 width=4) (actual time=0.036..1574.676 rows=3571439 loops=1)
        Filter: (keyword_id < 19932)
        Rows Removed by Filter: 952491
  ->  Hash  (cost=58375.18..58375.18 rows=53 width=8) (actual time=967.951..967.951 rows=197 loops=1)
        Buckets: 1024  Batches: 1  Memory Usage: 16kB
        ->  Nested Loop  (cost=0.43..58375.18 rows=53 width=8) (actual time=12.880..967.809 rows=197 loops=1)
              ->  Seq Scan on movie_companies mc  (cost=0.00..57926.93 rows=53 width=4) (actual time=12.777..963.120 rows=197 loops=1)
                    Filter: ((company_type_id > 1) AND (company_id = 11374))
                    Rows Removed by Filter: 2608932
              ->  Index Only Scan using title_pkey on title t  (cost=0.43..8.45 rows=1 width=4) (actual time=0.022..0.022 rows=1 loops=197)
                    Index Cond: (id = mc.movie_id)
                    Heap Fetches: 197
Planning time: 1.141 ms
Execution time: 3045.858 ms
