Hash Join  (cost=166241.24..975838.56 rows=53794 width=0) (actual time=11022.254..17288.444 rows=637579 loops=1)
  Hash Cond: (ci.movie_id = t.id)
  ->  Seq Scan on cast_info ci  (cost=0.00..796071.18 rows=3463522 width=4) (actual time=7813.881..12405.851 rows=6946604 loops=1)
        Filter: ((person_id < 949639) AND (role_id = 1))
        Rows Removed by Filter: 29297740
  ->  Hash  (cost=165750.34..165750.34 rows=39272 width=8) (actual time=3207.571..3207.571 rows=52493 loops=1)
        Buckets: 65536  Batches: 1  Memory Usage: 2563kB
        ->  Hash Join  (cost=74393.18..165750.34 rows=39272 width=8) (actual time=1191.954..3189.969 rows=52493 loops=1)
              Hash Cond: (mk.movie_id = t.id)
              ->  Seq Scan on movie_keyword mk  (cost=0.00..81003.12 rows=2656350 width=4) (actual time=0.289..1522.689 rows=2648305 loops=1)
                    Filter: (keyword_id < 7325)
                    Rows Removed by Filter: 1875625
              ->  Hash  (cost=73925.90..73925.90 rows=37382 width=4) (actual time=1190.101..1190.101 rows=33190 loops=1)
                    Buckets: 65536  Batches: 1  Memory Usage: 1679kB
                    ->  Seq Scan on title t  (cost=0.00..73925.90 rows=37382 width=4) (actual time=0.031..1177.014 rows=33190 loops=1)
                          Filter: ((kind_id < 2) AND (production_year = 2010))
                          Rows Removed by Filter: 2495122
Planning time: 1.192 ms
Execution time: 17369.284 ms
