Seq Scan on movie_keyword mk  (cost=0.00..81003.12 rows=1205759 width=0) (actual time=0.024..1530.776 rows=1203314 loops=1)
  Filter: (keyword_id < 1508)
  Rows Removed by Filter: 3320616
Planning time: 0.316 ms
Execution time: 1686.530 ms
