Hash Join  (cost=128753.29..880212.37 rows=66992 width=0) (actual time=2574.226..17626.356 rows=93515 loops=1)
  Hash Cond: (ci.movie_id = t.id)
  ->  Seq Scan on cast_info ci  (cost=0.00..614943.12 rows=36225612 width=4) (actual time=0.022..7877.821 rows=36244344 loops=1)
  ->  Hash  (cost=128694.84..128694.84 rows=4676 width=8) (actual time=2573.504..2573.504 rows=8283 loops=1)
        Buckets: 16384 (originally 8192)  Batches: 1 (originally 1)  Memory Usage: 452kB
        ->  Hash Join  (cost=73982.55..128694.84 rows=4676 width=8) (actual time=1361.258..2570.220 rows=8283 loops=1)
              Hash Cond: (mc.movie_id = t.id)
              ->  Seq Scan on movie_companies mc  (cost=0.00..44881.29 rows=2609129 width=4) (actual time=0.011..686.278 rows=2609129 loops=1)
              ->  Hash  (cost=73925.90..73925.90 rows=4532 width=4) (actual time=1360.677..1360.677 rows=5845 loops=1)
                    Buckets: 8192  Batches: 1  Memory Usage: 270kB
                    ->  Seq Scan on title t  (cost=0.00..73925.90 rows=4532 width=4) (actual time=0.079..1344.838 rows=5845 loops=1)
                          Filter: ((kind_id = 7) AND (production_year = 1957))
                          Rows Removed by Filter: 2522467
Planning time: 1.183 ms
Execution time: 17640.183 ms
