Seq Scan on title t  (cost=0.00..67604.59 rows=1193208 width=0) (actual time=2.305..3341.209 rows=1192518 loops=1)
  Filter: (production_year > 2003)
  Rows Removed by Filter: 1335794
Planning time: 0.337 ms
Execution time: 3504.816 ms
