Seq Scan on cast_info ci  (cost=0.00..796071.18 rows=341148 width=0) (actual time=1905.636..14955.975 rows=313188 loops=1)
  Filter: ((person_id > 85587) AND (role_id > 10))
  Rows Removed by Filter: 35931156
Planning time: 0.356 ms
Execution time: 14992.641 ms
