Hash Join  (cost=83073.21..137739.00 rows=26 width=0) (actual time=1773.427..2558.060 rows=174 loops=1)
  Hash Cond: (mc.movie_id = t.id)
  ->  Seq Scan on movie_companies mc  (cost=0.00..44881.29 rows=2609129 width=4) (actual time=0.021..724.992 rows=2609129 loops=1)
  ->  Hash  (cost=83072.90..83072.90 rows=25 width=8) (actual time=1380.154..1380.154 rows=15 loops=1)
        Buckets: 1024  Batches: 1  Memory Usage: 9kB
        ->  Nested Loop  (cost=0.43..83072.90 rows=25 width=8) (actual time=181.309..1380.128 rows=15 loops=1)
              ->  Seq Scan on movie_keyword mk  (cost=0.00..81003.12 rows=246 width=4) (actual time=42.092..1371.383 rows=87 loops=1)
                    Filter: (keyword_id = 77599)
                    Rows Removed by Filter: 4523843
              ->  Index Scan using title_pkey on title t  (cost=0.43..8.40 rows=1 width=4) (actual time=0.097..0.097 rows=0 loops=87)
                    Index Cond: (id = mk.movie_id)
                    Filter: ((kind_id < 7) AND (production_year < 1989))
                    Rows Removed by Filter: 1
Planning time: 1.131 ms
Execution time: 2558.248 ms
