Hash Join  (cost=709674.75..764340.56 rows=29 width=0) (actual time=10059.721..11050.339 rows=8 loops=1)
  Hash Cond: (mc.movie_id = t.id)
  ->  Seq Scan on movie_companies mc  (cost=0.00..44881.29 rows=2609129 width=4) (actual time=0.019..748.112 rows=2609129 loops=1)
  ->  Hash  (cost=709674.40..709674.40 rows=28 width=8) (actual time=9849.782..9849.782 rows=8 loops=1)
        Buckets: 1024  Batches: 1  Memory Usage: 9kB
        ->  Nested Loop  (cost=0.43..709674.40 rows=28 width=8) (actual time=6933.024..9849.761 rows=8 loops=1)
              ->  Seq Scan on cast_info ci  (cost=0.00..705507.15 rows=500 width=4) (actual time=3904.794..9817.528 rows=1976 loops=1)
                    Filter: (person_id = 1127843)
                    Rows Removed by Filter: 36242368
              ->  Index Scan using title_pkey on title t  (cost=0.43..8.32 rows=1 width=4) (actual time=0.016..0.016 rows=0 loops=1976)
                    Index Cond: (id = ci.movie_id)
                    Filter: ((production_year > 2009) AND (kind_id = 1))
                    Rows Removed by Filter: 1
Planning time: 0.763 ms
Execution time: 11050.449 ms
