Hash Join  (cost=822866.10..863935.54 rows=196796 width=0) (actual time=16099.818..17224.619 rows=337851 loops=1)
  Hash Cond: (mi_idx.movie_id = t.id)
  ->  Seq Scan on movie_info_idx mi_idx  (cost=0.00..21735.35 rows=1380035 width=4) (actual time=0.018..454.432 rows=1380035 loops=1)
  ->  Hash  (cost=816949.94..816949.94 rows=360573 width=8) (actual time=16099.132..16099.132 rows=336969 loops=1)
        Buckets: 131072  Batches: 8  Memory Usage: 2659kB
        ->  Hash Join  (cost=94537.60..816949.94 rows=360573 width=8) (actual time=9523.254..16002.701 rows=336969 loops=1)
              Hash Cond: (ci.movie_id = t.id)
              ->  Seq Scan on cast_info ci  (cost=0.00..705507.15 rows=725720 width=4) (actual time=7282.626..13081.834 rows=773674 loops=1)
                    Filter: (role_id = 6)
                    Rows Removed by Filter: 35470670
              ->  Hash  (cost=73925.90..73925.90 rows=1256296 width=4) (actual time=2239.292..2239.292 rows=1375227 loops=1)
                    Buckets: 131072  Batches: 32  Memory Usage: 2542kB
                    ->  Seq Scan on title t  (cost=0.00..73925.90 rows=1256296 width=4) (actual time=0.024..1512.446 rows=1375227 loops=1)
                          Filter: ((kind_id > 1) AND (production_year > 1992))
                          Rows Removed by Filter: 1153085
Planning time: 1.212 ms
Execution time: 17262.744 ms
