Hash Join  (cost=425436.32..1176920.48 rows=69496 width=0) (actual time=6649.000..24242.499 rows=207425 loops=1)
  Hash Cond: (ci.movie_id = t.id)
  ->  Seq Scan on cast_info ci  (cost=0.00..614943.12 rows=36225612 width=4) (actual time=0.010..8993.176 rows=36244344 loops=1)
  ->  Hash  (cost=425375.68..425375.68 rows=4851 width=8) (actual time=6648.795..6648.795 rows=10570 loops=1)
        Buckets: 16384 (originally 8192)  Batches: 1 (originally 1)  Memory Usage: 541kB
        ->  Hash Join  (cost=74039.63..425375.68 rows=4851 width=8) (actual time=1433.071..6644.011 rows=10570 loops=1)
              Hash Cond: (mi.movie_id = t.id)
              ->  Seq Scan on movie_info mi  (cost=0.00..346232.03 rows=1348138 width=4) (actual time=155.332..5368.540 rows=1298989 loops=1)
                    Filter: (info_type_id = 4)
                    Rows Removed by Filter: 13536731
              ->  Hash  (cost=73925.90..73925.90 rows=9098 width=4) (actual time=1021.261..1021.261 rows=10624 loops=1)
                    Buckets: 16384  Batches: 1  Memory Usage: 502kB
                    ->  Seq Scan on title t  (cost=0.00..73925.90 rows=9098 width=4) (actual time=319.550..1016.683 rows=10624 loops=1)
                          Filter: ((production_year < 2009) AND (kind_id = 6))
                          Rows Removed by Filter: 2517688
Planning time: 1.201 ms
Execution time: 24274.505 ms
