Hash Join  (cost=163628.03..1317736.76 rows=11711149 width=0) (actual time=3537.855..40574.762 rows=15146007 loops=1)
  Hash Cond: (ci.movie_id = t.id)
  ->  Seq Scan on cast_info ci  (cost=0.00..614943.12 rows=36225612 width=4) (actual time=0.018..13213.920 rows=36244344 loops=1)
  ->  Hash  (cost=150216.13..150216.13 rows=817432 width=8) (actual time=3536.749..3536.749 rows=425568 loops=1)
        Buckets: 131072  Batches: 16  Memory Usage: 2062kB
        ->  Hash Join  (cost=98498.33..150216.13 rows=817432 width=8) (actual time=2433.028..3414.019 rows=425568 loops=1)
              Hash Cond: (mi_idx.movie_id = t.id)
              ->  Seq Scan on movie_info_idx mi_idx  (cost=0.00..21735.35 rows=1380035 width=4) (actual time=0.024..414.013 rows=1380035 loops=1)
              ->  Hash  (cost=73925.90..73925.90 rows=1497714 width=4) (actual time=1948.217..1948.217 rows=1478440 loops=1)
                    Buckets: 131072  Batches: 32  Memory Usage: 2651kB
                    ->  Seq Scan on title t  (cost=0.00..73925.90 rows=1497714 width=4) (actual time=0.026..1467.405 rows=1478440 loops=1)
                          Filter: ((production_year > 0) AND (kind_id = 7))
                          Rows Removed by Filter: 1049872
Planning time: 1.221 ms
Execution time: 42347.254 ms
