Seq Scan on cast_info ci  (cost=0.00..705507.15 rows=4428160 width=0) (actual time=4974.371..10569.278 rows=4469930 loops=1)
  Filter: (person_id > 3245633)
  Rows Removed by Filter: 31774414
Planning time: 0.345 ms
Execution time: 11127.554 ms
