Seq Scan on cast_info ci  (cost=0.00..796071.18 rows=2245632 width=0) (actual time=0.018..14930.134 rows=1838464 loops=1)
  Filter: ((person_id < 3000892) AND (role_id = 4))
  Rows Removed by Filter: 34405880
Planning time: 0.648 ms
Execution time: 15132.072 ms
