Hash Join  (cost=218107.70..780996.15 rows=7786452 width=0) (actual time=4709.003..27557.312 rows=37943405 loops=1)
  Hash Cond: (mi.movie_id = t.id)
  ->  Seq Scan on movie_info mi  (cost=0.00..309384.22 rows=14739122 width=4) (actual time=0.024..6039.263 rows=14835720 loops=1)
  ->  Hash  (cost=196192.43..196192.43 rows=1335782 width=8) (actual time=4707.902..4707.902 rows=1325898 loops=1)
        Buckets: 131072  Batches: 32  Memory Usage: 2674kB
        ->  Hash Join  (cost=102767.86..196192.43 rows=1335782 width=8) (actual time=1901.932..4354.742 rows=1325898 loops=1)
              Hash Cond: (mc.movie_id = t.id)
              ->  Seq Scan on movie_companies mc  (cost=0.00..51404.11 rows=1335782 width=4) (actual time=0.026..1028.759 rows=1325898 loops=1)
                    Filter: (company_id < 11387)
                    Rows Removed by Filter: 1283231
              ->  Hash  (cost=61283.27..61283.27 rows=2528527 width=4) (actual time=1900.913..1900.913 rows=2528312 loops=1)
                    Buckets: 131072  Batches: 64  Memory Usage: 2415kB
                    ->  Seq Scan on title t  (cost=0.00..61283.27 rows=2528527 width=4) (actual time=0.019..1039.696 rows=2528312 loops=1)
Planning time: 1.196 ms
Execution time: 31920.070 ms
