Hash Join  (cost=218181.03..930944.89 rows=83953 width=0) (actual time=16450.869..17061.394 rows=249422 loops=1)
  Hash Cond: (ci.movie_id = t.id)
  ->  Seq Scan on cast_info ci  (cost=0.00..705507.15 rows=350181 width=4) (actual time=12241.208..12565.906 rows=316118 loops=1)
        Filter: (role_id > 10)
        Rows Removed by Filter: 35928226
  ->  Hash  (cost=208235.62..208235.62 rows=606193 width=8) (actual time=4208.733..4208.733 rows=611147 loops=1)
        Buckets: 131072  Batches: 8  Memory Usage: 4044kB
        ->  Hash Join  (cost=102767.86..208235.62 rows=606193 width=8) (actual time=1877.633..4041.011 rows=611147 loops=1)
              Hash Cond: (mk.movie_id = t.id)
              ->  Seq Scan on movie_keyword mk  (cost=0.00..81003.12 rows=606193 width=4) (actual time=0.026..1308.647 rows=611147 loops=1)
                    Filter: (keyword_id > 30228)
                    Rows Removed by Filter: 3912783
              ->  Hash  (cost=61283.27..61283.27 rows=2528527 width=4) (actual time=1876.914..1876.914 rows=2528312 loops=1)
                    Buckets: 131072  Batches: 64  Memory Usage: 2425kB
                    ->  Seq Scan on title t  (cost=0.00..61283.27 rows=2528527 width=4) (actual time=0.014..1008.295 rows=2528312 loops=1)
Planning time: 1.389 ms
Execution time: 17086.388 ms
