Seq Scan on movie_companies mc  (cost=0.00..57926.93 rows=53 width=0) (actual time=370.031..819.003 rows=40 loops=1)
  Filter: ((company_id = 21112) AND (company_type_id = 2))
  Rows Removed by Filter: 2609089
Planning time: 0.270 ms
Execution time: 819.102 ms
