Seq Scan on movie_companies mc  (cost=0.00..57926.93 rows=40641 width=0) (actual time=193.263..770.654 rows=17180 loops=1)
  Filter: ((company_id < 16) AND (company_type_id = 2))
  Rows Removed by Filter: 2591949
Planning time: 0.393 ms
Execution time: 772.993 ms
