Nested Loop  (cost=0.43..83072.29 rows=173 width=0) (actual time=10.196..1298.681 rows=263 loops=1)
  ->  Seq Scan on movie_keyword mk  (cost=0.00..81003.12 rows=246 width=4) (actual time=10.128..1273.282 rows=541 loops=1)
        Filter: (keyword_id = 5661)
        Rows Removed by Filter: 4523389
  ->  Index Scan using title_pkey on title t  (cost=0.43..8.40 rows=1 width=4) (actual time=0.045..0.045 rows=0 loops=541)
        Index Cond: (id = mk.movie_id)
        Filter: (production_year > 1989)
        Rows Removed by Filter: 1
Planning time: 0.750 ms
Execution time: 1298.993 ms
