Seq Scan on cast_info ci  (cost=0.00..796071.18 rows=13019807 width=0) (actual time=6534.365..15585.629 rows=14144925 loops=1)
  Filter: ((person_id > 681890) AND (role_id > 2))
  Rows Removed by Filter: 22099419
Planning time: 0.347 ms
Execution time: 17290.180 ms
