Seq Scan on movie_keyword mk  (cost=0.00..81003.12 rows=544515 width=0) (actual time=0.025..1292.245 rows=540506 loops=1)
  Filter: (keyword_id > 34001)
  Rows Removed by Filter: 3983424
Planning time: 0.331 ms
Execution time: 1359.985 ms
