Hash Join  (cost=71408.55..536805.43 rows=868869 width=0) (actual time=1165.661..11697.491 rows=594093 loops=1)
  Hash Cond: (mi.movie_id = t.id)
  ->  Seq Scan on movie_info mi  (cost=0.00..346232.03 rows=9476311 width=4) (actual time=12.903..6365.530 rows=9565151 loops=1)
        Filter: (info_type_id < 16)
        Rows Removed by Filter: 5270569
  ->  Hash  (cost=67604.59..67604.59 rows=231837 width=4) (actual time=1151.856..1151.856 rows=231649 loops=1)
        Buckets: 131072  Batches: 4  Memory Usage: 3082kB
        ->  Seq Scan on title t  (cost=0.00..67604.59 rows=231837 width=4) (actual time=0.024..1062.708 rows=231649 loops=1)
              Filter: (production_year > 2011)
              Rows Removed by Filter: 2296663
Planning time: 0.782 ms
Execution time: 11773.056 ms
