Hash Join  (cost=82536.92..115966.86 rows=94254 width=0) (actual time=1285.364..2054.472 rows=61816 loops=1)
  Hash Cond: (mi_idx.movie_id = t.id)
  ->  Seq Scan on movie_info_idx mi_idx  (cost=0.00..25185.44 rows=454124 width=4) (actual time=0.024..444.128 rows=459925 loops=1)
        Filter: (info_type_id = 100)
        Rows Removed by Filter: 920110
  ->  Hash  (cost=73925.90..73925.90 rows=524801 width=4) (actual time=1284.342..1284.342 rows=386160 loops=1)
        Buckets: 131072  Batches: 8  Memory Usage: 2711kB
        ->  Seq Scan on title t  (cost=0.00..73925.90 rows=524801 width=4) (actual time=0.023..1155.462 rows=386160 loops=1)
              Filter: ((kind_id > 1) AND (production_year < 1991))
              Rows Removed by Filter: 2142152
Planning time: 0.794 ms
Execution time: 2063.459 ms
