Hash Join  (cost=73959.65..125491.98 rows=36 width=0) (actual time=420.248..1131.786 rows=29 loops=1)
  Hash Cond: (mc.movie_id = t.id)
  ->  Seq Scan on movie_companies mc  (cost=0.00..51404.11 rows=34093 width=4) (actual time=0.062..704.692 rows=36136 loops=1)
        Filter: (company_id = 160)
        Rows Removed by Filter: 2572993
  ->  Hash  (cost=73925.90..73925.90 rows=2700 width=4) (actual time=419.639..419.639 rows=1454 loops=1)
        Buckets: 4096  Batches: 1  Memory Usage: 84kB
        ->  Seq Scan on title t  (cost=0.00..73925.90 rows=2700 width=4) (actual time=237.062..419.108 rows=1454 loops=1)
              Filter: ((production_year > 2012) AND (kind_id = 3))
              Rows Removed by Filter: 2526858
Planning time: 0.743 ms
Execution time: 1131.874 ms
