Hash Join  (cost=77347.14..159681.11 rows=3422 width=0) (actual time=1358.657..2667.810 rows=2331 loops=1)
  Hash Cond: (mk.movie_id = t.id)
  ->  Seq Scan on movie_keyword mk  (cost=0.00..81003.12 rows=41500 width=4) (actual time=0.126..1260.902 rows=36407 loops=1)
        Filter: (keyword_id < 43)
        Rows Removed by Filter: 4487523
  ->  Hash  (cost=73925.90..73925.90 rows=208499 width=4) (actual time=1357.821..1357.821 rows=182393 loops=1)
        Buckets: 131072  Batches: 4  Memory Usage: 2634kB
        ->  Seq Scan on title t  (cost=0.00..73925.90 rows=208499 width=4) (actual time=274.817..1294.443 rows=182393 loops=1)
              Filter: ((production_year > 2007) AND (kind_id = 1))
              Rows Removed by Filter: 2345919
Planning time: 0.841 ms
Execution time: 2668.675 ms
