Hash Join  (cost=327103.95..1342339.70 rows=9856483 width=0) (actual time=14317.516..26994.225 rows=10823281 loops=1)
  Hash Cond: (ci.movie_id = t.id)
  ->  Seq Scan on cast_info ci  (cost=0.00..796071.18 rows=7673721 width=4) (actual time=5959.481..14298.079 rows=2338625 loops=1)
        Filter: ((person_id > 1409210) AND (role_id = 1))
        Rows Removed by Filter: 33905719
  ->  Hash  (cost=273819.98..273819.98 rows=3247757 width=8) (actual time=8356.458..8356.458 rows=3312625 loops=1)
        Buckets: 131072  Batches: 64  Memory Usage: 3064kB
        ->  Hash Join  (cost=107928.35..273819.98 rows=3247757 width=8) (actual time=2252.623..7350.535 rows=3312625 loops=1)
              Hash Cond: (mk.movie_id = t.id)
              ->  Seq Scan on movie_keyword mk  (cost=0.00..81003.12 rows=3341188 width=4) (actual time=0.025..1802.915 rows=3330326 loops=1)
                    Filter: (keyword_id < 15492)
                    Rows Removed by Filter: 1193604
              ->  Hash  (cost=67604.59..67604.59 rows=2457821 width=4) (actual time=2251.125..2251.125 rows=2456218 loops=1)
                    Buckets: 131072  Batches: 64  Memory Usage: 2385kB
                    ->  Seq Scan on title t  (cost=0.00..67604.59 rows=2457821 width=4) (actual time=0.015..1410.738 rows=2456218 loops=1)
                          Filter: (production_year > 0)
                          Rows Removed by Filter: 72094
Planning time: 1.278 ms
Execution time: 28195.581 ms
