Hash Join  (cost=169379.39..1003500.76 rows=859133 width=0) (actual time=7387.863..15960.527 rows=1297 loops=1)
  Hash Cond: (ci.movie_id = t.id)
  ->  Seq Scan on cast_info ci  (cost=0.00..796071.18 rows=2216495 width=4) (actual time=3592.949..12044.480 rows=1792 loops=1)
        Filter: ((person_id < 1072227) AND (role_id = 2))
        Rows Removed by Filter: 36242552
  ->  Hash  (cost=153299.40..153299.40 rows=980079 width=8) (actual time=3781.165..3781.165 rows=1127306 loops=1)
        Buckets: 131072  Batches: 16  Memory Usage: 3788kB
        ->  Hash Join  (cost=97066.09..153299.40 rows=980079 width=8) (actual time=1879.121..3497.030 rows=1127306 loops=1)
              Hash Cond: (mi_idx.movie_id = t.id)
              ->  Seq Scan on movie_info_idx mi_idx  (cost=0.00..21735.35 rows=1380035 width=4) (actual time=0.016..446.151 rows=1380035 loops=1)
              ->  Hash  (cost=67604.59..67604.59 rows=1795720 width=4) (actual time=1877.700..1877.700 rows=1794153 loops=1)
                    Buckets: 131072  Batches: 32  Memory Usage: 2992kB
                    ->  Seq Scan on title t  (cost=0.00..67604.59 rows=1795720 width=4) (actual time=0.026..1320.630 rows=1794153 loops=1)
                          Filter: (production_year < 2009)
                          Rows Removed by Filter: 734159
Planning time: 1.244 ms
Execution time: 15961.084 ms
