Hash Join  (cost=68365.25..160005.60 rows=64150 width=0) (actual time=1136.806..3155.909 rows=73848 loops=1)
  Hash Cond: (mk.movie_id = t.id)
  ->  Seq Scan on movie_keyword mk  (cost=0.00..81003.12 rows=2665526 width=4) (actual time=0.016..1550.682 rows=2658158 loops=1)
        Filter: (keyword_id > 3153)
        Rows Removed by Filter: 1865772
  ->  Hash  (cost=67604.59..67604.59 rows=60853 width=4) (actual time=1128.964..1128.964 rows=62568 loops=1)
        Buckets: 65536  Batches: 1  Memory Usage: 2712kB
        ->  Seq Scan on title t  (cost=0.00..67604.59 rows=60853 width=4) (actual time=0.022..1103.482 rows=62568 loops=1)
              Filter: (production_year = 2002)
              Rows Removed by Filter: 2465744
Planning time: 2.022 ms
Execution time: 3165.899 ms
