Hash Join  (cost=146971.30..511649.61 rows=2236 width=0) (actual time=1419.264..8219.189 rows=9229 loops=1)
  Hash Cond: (mi.movie_id = t.id)
  ->  Seq Scan on movie_info mi  (cost=0.00..309384.22 rows=14739122 width=4) (actual time=0.022..4221.867 rows=14835720 loops=1)
  ->  Hash  (cost=146966.51..146966.51 rows=384 width=8) (actual time=1383.169..1383.169 rows=292 loops=1)
        Buckets: 1024  Batches: 1  Memory Usage: 20kB
        ->  Nested Loop  (cost=0.43..146966.51 rows=384 width=8) (actual time=10.172..1382.838 rows=292 loops=1)
              ->  Seq Scan on movie_keyword mk  (cost=0.00..81003.12 rows=10103 width=4) (actual time=0.013..1201.138 rows=10544 loops=1)
                    Filter: (keyword_id = 398)
                    Rows Removed by Filter: 4513386
              ->  Index Scan using title_pkey on title t  (cost=0.43..6.52 rows=1 width=4) (actual time=0.017..0.017 rows=0 loops=10544)
                    Index Cond: (id = mk.movie_id)
                    Filter: (production_year = 2005)
                    Rows Removed by Filter: 1
Planning time: 1.199 ms
Execution time: 8221.030 ms
