Hash Join  (cost=875626.55..1241661.36 rows=137888 width=0) (actual time=15146.902..22379.967 rows=167008 loops=1)
  Hash Cond: (mi.movie_id = t.id)
  ->  Seq Scan on movie_info mi  (cost=0.00..309384.22 rows=14739122 width=4) (actual time=0.014..4155.779 rows=14835720 loops=1)
  ->  Hash  (cost=875330.87..875330.87 rows=23655 width=8) (actual time=15146.711..15146.711 rows=15040 loops=1)
        Buckets: 32768  Batches: 1  Memory Usage: 844kB
        ->  Hash Join  (cost=74553.12..875330.87 rows=23655 width=8) (actual time=13215.864..15139.927 rows=15040 loops=1)
              Hash Cond: (ci.movie_id = t.id)
              ->  Seq Scan on cast_info ci  (cost=0.00..796071.18 rows=1192005 width=4) (actual time=12026.966..13597.672 rows=1101577 loops=1)
                    Filter: ((person_id < 1548472) AND (role_id = 4))
                    Rows Removed by Filter: 35142767
              ->  Hash  (cost=73925.90..73925.90 rows=50177 width=4) (actual time=1188.490..1188.490 rows=64542 loops=1)
                    Buckets: 65536  Batches: 1  Memory Usage: 2782kB
                    ->  Seq Scan on title t  (cost=0.00..73925.90 rows=50177 width=4) (actual time=599.485..1165.848 rows=64542 loops=1)
                          Filter: ((production_year > 2004) AND (kind_id = 4))
                          Rows Removed by Filter: 2463770
Planning time: 1.244 ms
Execution time: 22402.769 ms
