Hash Join  (cost=85684.58..181387.09 rows=234238 width=0) (actual time=1554.975..3546.093 rows=130356 loops=1)
  Hash Cond: (mk.movie_id = t.id)
  ->  Seq Scan on movie_keyword mk  (cost=0.00..81003.12 rows=826401 width=4) (actual time=0.025..1464.784 rows=826874 loops=1)
        Filter: (keyword_id < 793)
        Rows Removed by Filter: 3697056
  ->  Hash  (cost=73925.90..73925.90 rows=716694 width=4) (actual time=1554.245..1554.245 rows=604570 loops=1)
        Buckets: 131072  Batches: 16  Memory Usage: 2362kB
        ->  Seq Scan on title t  (cost=0.00..73925.90 rows=716694 width=4) (actual time=0.022..1343.287 rows=604570 loops=1)
              Filter: ((kind_id > 1) AND (production_year < 1999))
              Rows Removed by Filter: 1923742
Planning time: 0.748 ms
Execution time: 3566.194 ms
