Hash Join  (cost=604246.07..2144288.83 rows=27240148 width=0) (actual time=18343.319..66508.965 rows=56003176 loops=1)
  Hash Cond: (ci.movie_id = t.id)
  ->  Seq Scan on cast_info ci  (cost=0.00..614943.12 rows=36225612 width=4) (actual time=0.026..13992.562 rows=36244344 loops=1)
  ->  Hash  (cost=573051.23..573051.23 rows=1901347 width=8) (actual time=18341.082..18341.082 rows=3186653 loops=1)
        Buckets: 131072 (originally 131072)  Batches: 64 (originally 32)  Memory Usage: 3073kB
        ->  Hash Join  (cost=72956.84..573051.23 rows=1901347 width=8) (actual time=1089.997..16650.425 rows=3186653 loops=1)
              Hash Cond: (mi.movie_id = t.id)
              ->  Seq Scan on movie_info mi  (cost=0.00..309384.22 rows=14739122 width=4) (actual time=0.006..6001.700 rows=14835720 loops=1)
              ->  Hash  (cost=67604.59..67604.59 rows=326180 width=4) (actual time=1089.084..1089.084 rows=323245 loops=1)
                    Buckets: 131072  Batches: 8  Memory Usage: 2443kB
                    ->  Seq Scan on title t  (cost=0.00..67604.59 rows=326180 width=4) (actual time=0.031..978.501 rows=323245 loops=1)
                          Filter: (production_year < 1967)
                          Rows Removed by Filter: 2205067
Planning time: 1.310 ms
Execution time: 72668.556 ms
