Nested Loop  (cost=0.43..798788.22 rows=127 width=0) (actual time=13875.170..14280.327 rows=15 loops=1)
  ->  Seq Scan on cast_info ci  (cost=0.00..796071.18 rows=324 width=4) (actual time=13875.026..14277.887 rows=152 loops=1)
        Filter: ((role_id > 1) AND (person_id = 3330062))
        Rows Removed by Filter: 36244192
  ->  Index Scan using title_pkey on title t  (cost=0.43..8.38 rows=1 width=4) (actual time=0.015..0.015 rows=0 loops=152)
        Index Cond: (id = ci.movie_id)
        Filter: (kind_id < 7)
        Rows Removed by Filter: 1
Planning time: 0.756 ms
Execution time: 14280.472 ms
