Hash Join  (cost=52284.99..79173.59 rows=19 width=0) (actual time=798.983..1302.297 rows=58 loops=1)
  Hash Cond: (mi_idx.movie_id = t.id)
  ->  Seq Scan on movie_info_idx mi_idx  (cost=0.00..25185.44 rows=454124 width=4) (actual time=0.013..440.702 rows=459925 loops=1)
        Filter: (info_type_id = 100)
        Rows Removed by Filter: 920110
  ->  Hash  (cost=52283.69..52283.69 rows=104 width=8) (actual time=796.277..796.277 rows=126 loops=1)
        Buckets: 1024  Batches: 1  Memory Usage: 13kB
        ->  Nested Loop  (cost=0.43..52283.69 rows=104 width=8) (actual time=41.047..796.155 rows=126 loops=1)
              ->  Seq Scan on movie_companies mc  (cost=0.00..51404.11 rows=104 width=4) (actual time=40.966..792.068 rows=126 loops=1)
                    Filter: (company_id = 16987)
                    Rows Removed by Filter: 2609003
              ->  Index Only Scan using title_pkey on title t  (cost=0.43..8.45 rows=1 width=4) (actual time=0.029..0.030 rows=1 loops=126)
                    Index Cond: (id = mc.movie_id)
                    Heap Fetches: 126
Planning time: 1.182 ms
Execution time: 1302.424 ms
