Hash Join  (cost=74141.35..827399.88 rows=246936 width=0) (actual time=1169.261..17263.475 rows=229971 loops=1)
  Hash Cond: (ci.movie_id = t.id)
  ->  Seq Scan on cast_info ci  (cost=0.00..614943.12 rows=36225612 width=4) (actual time=0.018..8009.903 rows=36244344 loops=1)
  ->  Hash  (cost=73925.90..73925.90 rows=17236 width=4) (actual time=1169.036..1169.036 rows=12281 loops=1)
        Buckets: 32768  Batches: 1  Memory Usage: 688kB
        ->  Seq Scan on title t  (cost=0.00..73925.90 rows=17236 width=4) (actual time=0.163..1163.078 rows=12281 loops=1)
              Filter: ((kind_id < 4) AND (production_year = 1999))
              Rows Removed by Filter: 2516031
Planning time: 0.881 ms
Execution time: 17303.491 ms
