Seq Scan on cast_info ci  (cost=0.00..705507.15 rows=148454 width=0) (actual time=3320.265..10562.629 rows=179332 loops=1)
  Filter: (person_id > 4032065)
  Rows Removed by Filter: 36065012
Planning time: 0.359 ms
Execution time: 10585.517 ms
