Seq Scan on movie_keyword mk  (cost=0.00..81003.12 rows=246 width=0) (actual time=128.056..948.490 rows=19 loops=1)
  Filter: (keyword_id = 23317)
  Rows Removed by Filter: 4523911
Planning time: 0.383 ms
Execution time: 948.589 ms
