Hash Join  (cost=78556.72..155807.68 rows=431937 width=0) (actual time=1186.428..3340.000 rows=712959 loops=1)
  Hash Cond: (mc.movie_id = t.id)
  ->  Seq Scan on movie_companies mc  (cost=0.00..51404.11 rows=1636125 width=4) (actual time=0.014..1115.938 rows=1624737 loops=1)
        Filter: (company_id < 17247)
        Rows Removed by Filter: 984392
  ->  Hash  (cost=67604.59..67604.59 rows=667531 width=4) (actual time=1185.497..1185.497 rows=662825 loops=1)
        Buckets: 131072  Batches: 16  Memory Usage: 2476kB
        ->  Seq Scan on title t  (cost=0.00..67604.59 rows=667531 width=4) (actual time=195.767..994.501 rows=662825 loops=1)
              Filter: (kind_id = 1)
              Rows Removed by Filter: 1865487
Planning time: 0.701 ms
Execution time: 3416.918 ms
