Seq Scan on movie_keyword mk  (cost=0.00..81003.12 rows=4036105 width=0) (actual time=0.020..1648.286 rows=4041276 loops=1)
  Filter: (keyword_id < 37119)
  Rows Removed by Filter: 482654
Planning time: 0.293 ms
Execution time: 2163.248 ms
