Hash Join  (cost=147219.96..272111.50 rows=142560 width=0) (actual time=2963.627..6068.676 rows=1191850 loops=1)
  Hash Cond: (mk.movie_id = t.id)
  ->  Seq Scan on movie_keyword mk  (cost=0.00..81003.12 rows=3638883 width=4) (actual time=0.014..1676.301 rows=3632454 loops=1)
        Filter: (keyword_id < 20675)
        Rows Removed by Filter: 891476
  ->  Hash  (cost=145594.71..145594.71 rows=99060 width=8) (actual time=2962.650..2962.650 rows=87493 loops=1)
        Buckets: 131072  Batches: 2  Memory Usage: 2780kB
        ->  Hash Join  (cost=69179.59..145594.71 rows=99060 width=8) (actual time=1073.848..2933.327 rows=87493 loops=1)
              Hash Cond: (mc.movie_id = t.id)
              ->  Seq Scan on movie_companies mc  (cost=0.00..44881.29 rows=2609129 width=4) (actual time=0.024..949.136 rows=2609129 loops=1)
              ->  Hash  (cost=67604.59..67604.59 rows=96000 width=4) (actual time=1073.072..1073.072 rows=95005 loops=1)
                    Buckets: 131072  Batches: 2  Memory Usage: 2716kB
                    ->  Seq Scan on title t  (cost=0.00..67604.59 rows=96000 width=4) (actual time=0.021..1037.094 rows=95005 loops=1)
                          Filter: (production_year = 2005)
                          Rows Removed by Filter: 2433307
Planning time: 1.226 ms
Execution time: 6217.383 ms
