Hash Join  (cost=170614.30..296151.78 rows=290144 width=0) (actual time=3462.113..7163.098 rows=1300322 loops=1)
  Hash Cond: (mk.movie_id = t.id)
  ->  Seq Scan on movie_keyword mk  (cost=0.00..69693.30 rows=4523930 width=4) (actual time=0.025..1465.629 rows=4523930 loops=1)
  ->  Hash  (cost=167953.20..167953.20 rows=162168 width=8) (actual time=3460.981..3460.981 rows=160626 loops=1)
        Buckets: 131072  Batches: 4  Memory Usage: 2605kB
        ->  Hash Join  (cost=102767.86..167953.20 rows=162168 width=8) (actual time=2615.120..3416.058 rows=160626 loops=1)
              Hash Cond: (mc.movie_id = t.id)
              ->  Seq Scan on movie_companies mc  (cost=0.00..51404.11 rows=162168 width=4) (actual time=519.193..875.837 rows=160626 loops=1)
                    Filter: (company_id > 127534)
                    Rows Removed by Filter: 2448503
              ->  Hash  (cost=61283.27..61283.27 rows=2528527 width=4) (actual time=2094.429..2094.429 rows=2528312 loops=1)
                    Buckets: 131072  Batches: 64  Memory Usage: 2415kB
                    ->  Seq Scan on title t  (cost=0.00..61283.27 rows=2528527 width=4) (actual time=0.024..1240.328 rows=2528312 loops=1)
Planning time: 1.242 ms
Execution time: 7317.766 ms
