Seq Scan on cast_info ci  (cost=0.00..796071.18 rows=324 width=0) (actual time=11668.771..14435.795 rows=4 loops=1)
  Filter: ((role_id > 1) AND (person_id = 594870))
  Rows Removed by Filter: 36244340
Planning time: 0.390 ms
Execution time: 14435.875 ms
