Seq Scan on movie_companies mc  (cost=0.00..57926.93 rows=393127 width=0) (actual time=227.450..960.700 rows=563725 loops=1)
  Filter: ((company_id < 1717) AND (company_type_id = 1))
  Rows Removed by Filter: 2045404
Planning time: 0.354 ms
Execution time: 1035.746 ms
