Seq Scan on movie_keyword mk  (cost=0.00..81003.12 rows=246 width=0) (actual time=2.373..1386.921 rows=1051 loops=1)
  Filter: (keyword_id = 5159)
  Rows Removed by Filter: 4522879
Planning time: 0.333 ms
Execution time: 1387.355 ms
