Hash Join  (cost=269854.32..818523.09 rows=7337317 width=0) (actual time=6552.402..17822.627 rows=3153934 loops=1)
  Hash Cond: (mi.movie_id = t.id)
  ->  Seq Scan on movie_info mi  (cost=0.00..346232.03 rows=9476311 width=4) (actual time=728.472..6601.202 rows=9565151 loops=1)
        Filter: (info_type_id < 16)
        Rows Removed by Filter: 5270569
  ->  Hash  (cost=237733.97..237733.97 rows=1957788 width=8) (actual time=5822.456..5822.456 rows=458671 loops=1)
        Buckets: 131072  Batches: 32  Memory Usage: 1576kB
        ->  Hash Join  (cost=91879.05..237733.97 rows=1957788 width=8) (actual time=1829.882..5683.572 rows=458671 loops=1)
              Hash Cond: (mk.movie_id = t.id)
              ->  Seq Scan on movie_keyword mk  (cost=0.00..69693.30 rows=4523930 width=4) (actual time=0.031..1513.387 rows=4523930 loops=1)
              ->  Hash  (cost=73925.90..73925.90 rows=1094252 width=4) (actual time=1707.070..1707.070 rows=1044222 loops=1)
                    Buckets: 131072  Batches: 16  Memory Usage: 3325kB
                    ->  Seq Scan on title t  (cost=0.00..73925.90 rows=1094252 width=4) (actual time=182.443..1372.979 rows=1044222 loops=1)
                          Filter: ((production_year < 2009) AND (kind_id = 7))
                          Rows Removed by Filter: 1484090
Planning time: 9.861 ms
Execution time: 18201.676 ms
