Hash Join  (cost=131697.24..223421.27 rows=36311 width=0) (actual time=2675.025..4351.636 rows=33981 loops=1)
  Hash Cond: (mk.movie_id = t.id)
  ->  Seq Scan on movie_keyword mk  (cost=0.00..81003.12 rows=2762079 width=4) (actual time=0.018..1431.012 rows=2754759 loops=1)
        Filter: (keyword_id > 2867)
        Rows Removed by Filter: 1769171
  ->  Hash  (cost=131281.73..131281.73 rows=33241 width=8) (actual time=2502.294..2502.294 rows=14224 loops=1)
        Buckets: 65536  Batches: 1  Memory Usage: 1068kB
        ->  Hash Join  (cost=74747.02..131281.73 rows=33241 width=8) (actual time=1995.877..2497.088 rows=14224 loops=1)
              Hash Cond: (mc.movie_id = t.id)
              ->  Seq Scan on movie_companies mc  (cost=0.00..51404.11 rows=1279517 width=4) (actual time=0.012..925.829 rows=1274246 loops=1)
                    Filter: (company_type_id < 2)
                    Rows Removed by Filter: 1334883
              ->  Hash  (cost=73925.90..73925.90 rows=65689 width=4) (actual time=1273.312..1273.312 rows=74524 loops=1)
                    Buckets: 131072  Batches: 1  Memory Usage: 3644kB
                    ->  Seq Scan on title t  (cost=0.00..73925.90 rows=65689 width=4) (actual time=0.037..1231.831 rows=74524 loops=1)
                          Filter: ((kind_id = 7) AND (production_year = 2006))
                          Rows Removed by Filter: 2453788
Planning time: 1.147 ms
Execution time: 4356.055 ms
