Hash Join  (cost=52284.99..872530.43 rows=265 width=0) (actual time=861.563..16777.986 rows=26026 loops=1)
  Hash Cond: (ci.movie_id = t.id)
  ->  Seq Scan on cast_info ci  (cost=0.00..796071.18 rows=6445763 width=4) (actual time=0.013..13973.846 rows=12670688 loops=1)
        Filter: ((person_id < 1812329) AND (role_id = 1))
        Rows Removed by Filter: 23573656
  ->  Hash  (cost=52283.69..52283.69 rows=104 width=8) (actual time=861.288..861.288 rows=2519 loops=1)
        Buckets: 4096 (originally 1024)  Batches: 1 (originally 1)  Memory Usage: 131kB
        ->  Nested Loop  (cost=0.43..52283.69 rows=104 width=8) (actual time=10.761..859.823 rows=2519 loops=1)
              ->  Seq Scan on movie_companies mc  (cost=0.00..51404.11 rows=104 width=4) (actual time=10.661..805.766 rows=2519 loops=1)
                    Filter: (company_id = 115)
                    Rows Removed by Filter: 2606610
              ->  Index Only Scan using title_pkey on title t  (cost=0.43..8.45 rows=1 width=4) (actual time=0.020..0.021 rows=1 loops=2519)
                    Index Cond: (id = mc.movie_id)
                    Heap Fetches: 2519
Planning time: 1.298 ms
Execution time: 16782.891 ms
