Hash Join  (cost=183631.50..678190.09 rows=1382568 width=0) (actual time=3440.667..17433.269 rows=9800560 loops=1)
  Hash Cond: (mi.movie_id = t.id)
  ->  Seq Scan on movie_info mi  (cost=0.00..309384.22 rows=14739122 width=4) (actual time=0.016..5808.506 rows=14835720 loops=1)
  ->  Hash  (cost=179739.73..179739.73 rows=237182 width=8) (actual time=3439.630..3439.630 rows=178610 loops=1)
        Buckets: 131072  Batches: 4  Memory Usage: 2779kB
        ->  Hash Join  (cost=85777.42..179739.73 rows=237182 width=8) (actual time=1546.363..3379.809 rows=178610 loops=1)
              Hash Cond: (mk.movie_id = t.id)
              ->  Seq Scan on movie_keyword mk  (cost=0.00..81003.12 rows=541428 width=4) (actual time=0.032..1329.257 rows=537840 loops=1)
                    Filter: (keyword_id > 34185)
                    Rows Removed by Filter: 3986090
              ->  Hash  (cost=67604.59..67604.59 rows=1107667 width=4) (actual time=1544.944..1544.944 rows=1107925 loops=1)
                    Buckets: 131072  Batches: 16  Memory Usage: 3467kB
                    ->  Seq Scan on title t  (cost=0.00..67604.59 rows=1107667 width=4) (actual time=0.019..1181.702 rows=1107925 loops=1)
                          Filter: (production_year > 2004)
                          Rows Removed by Filter: 1420387
Planning time: 1.152 ms
Execution time: 18488.646 ms
