Seq Scan on movie_companies mc  (cost=0.00..57926.93 rows=53 width=0) (actual time=39.716..873.517 rows=11 loops=1)
  Filter: ((company_id = 79630) AND (company_type_id = 2))
  Rows Removed by Filter: 2609118
Planning time: 0.372 ms
Execution time: 873.620 ms
