Nested Loop  (cost=32807.94..126742.46 rows=1967 width=0) (actual time=635.607..2204.366 rows=8784 loops=1)
  ->  Hash Join  (cost=32807.51..117690.50 rows=10714 width=8) (actual time=635.534..1986.403 rows=8784 loops=1)
        Hash Cond: (mk.movie_id = mi_idx.movie_id)
        ->  Seq Scan on movie_keyword mk  (cost=0.00..81003.12 rows=10707 width=4) (actual time=0.036..1264.403 rows=10307 loops=1)
              Filter: (keyword_id = 870)
              Rows Removed by Filter: 4513623
        ->  Hash  (cost=25185.44..25185.44 rows=464566 width=4) (actual time=634.810..634.810 rows=459925 loops=1)
              Buckets: 131072  Batches: 8  Memory Usage: 3059kB
              ->  Seq Scan on movie_info_idx mi_idx  (cost=0.00..25185.44 rows=464566 width=4) (actual time=0.014..484.137 rows=459925 loops=1)
                    Filter: (info_type_id = 101)
                    Rows Removed by Filter: 920110
  ->  Index Only Scan using title_pkey on title t  (cost=0.43..0.83 rows=1 width=4) (actual time=0.024..0.024 rows=1 loops=8784)
        Index Cond: (id = mi_idx.movie_id)
        Heap Fetches: 8784
Planning time: 1.186 ms
Execution time: 2206.729 ms
