Hash Join  (cost=102767.86..941118.47 rows=5110244 width=0) (actual time=2528.932..18051.276 rows=5003213 loops=1)
  Hash Cond: (ci.movie_id = t.id)
  ->  Seq Scan on cast_info ci  (cost=0.00..705507.15 rows=5110244 width=4) (actual time=458.694..11686.222 rows=5003213 loops=1)
        Filter: (person_id < 484343)
        Rows Removed by Filter: 31241131
  ->  Hash  (cost=61283.27..61283.27 rows=2528527 width=4) (actual time=2048.345..2048.345 rows=2528312 loops=1)
        Buckets: 131072  Batches: 64  Memory Usage: 2415kB
        ->  Seq Scan on title t  (cost=0.00..61283.27 rows=2528527 width=4) (actual time=0.008..1220.637 rows=2528312 loops=1)
Planning time: 1.836 ms
Execution time: 18612.481 ms
