Hash Join  (cost=74126.72..432059.41 rows=19494 width=0) (actual time=1292.430..7062.887 rows=29559 loops=1)
  Hash Cond: (mi.movie_id = t.id)
  ->  Seq Scan on movie_info mi  (cost=0.00..346232.03 rows=3068194 width=4) (actual time=0.014..5522.901 rows=3036719 loops=1)
        Filter: (info_type_id = 16)
        Rows Removed by Filter: 11799001
  ->  Hash  (cost=73925.90..73925.90 rows=16065 width=4) (actual time=976.362..976.362 rows=9704 loops=1)
        Buckets: 16384  Batches: 1  Memory Usage: 470kB
        ->  Seq Scan on title t  (cost=0.00..73925.90 rows=16065 width=4) (actual time=0.080..972.084 rows=9704 loops=1)
              Filter: ((kind_id = 1) AND (production_year = 2002))
              Rows Removed by Filter: 2518608
Planning time: 0.790 ms
Execution time: 7067.207 ms
