Hash Join  (cost=71408.55..204062.25 rows=372826 width=0) (actual time=1168.719..4428.617 rows=132555 loops=1)
  Hash Cond: (mk.movie_id = t.id)
  ->  Seq Scan on movie_keyword mk  (cost=0.00..81003.12 rows=4066217 width=4) (actual time=0.018..1725.471 rows=4069945 loops=1)
        Filter: (keyword_id < 39000)
        Rows Removed by Filter: 453985
  ->  Hash  (cost=67604.59..67604.59 rows=231837 width=4) (actual time=1167.536..1167.536 rows=231649 loops=1)
        Buckets: 131072  Batches: 4  Memory Usage: 3082kB
        ->  Seq Scan on title t  (cost=0.00..67604.59 rows=231837 width=4) (actual time=0.022..1081.782 rows=231649 loops=1)
              Filter: (production_year > 2011)
              Rows Removed by Filter: 2296663
Planning time: 0.762 ms
Execution time: 4445.489 ms
