Seq Scan on movie_companies mc  (cost=0.00..51404.11 rows=2399248 width=0) (actual time=0.025..989.412 rows=2399063 loops=1)
  Filter: (company_id > 68)
  Rows Removed by Filter: 210066
Planning time: 0.313 ms
Execution time: 1278.175 ms
