Hash Join  (cost=102767.86..853803.20 rows=1481489 width=0) (actual time=2672.337..14758.024 rows=1405769 loops=1)
  Hash Cond: (ci.movie_id = t.id)
  ->  Seq Scan on cast_info ci  (cost=0.00..705507.15 rows=1481489 width=4) (actual time=741.579..11269.324 rows=1405769 loops=1)
        Filter: (person_id < 141149)
        Rows Removed by Filter: 34838575
  ->  Hash  (cost=61283.27..61283.27 rows=2528527 width=4) (actual time=1891.200..1891.200 rows=2528312 loops=1)
        Buckets: 131072  Batches: 64  Memory Usage: 2415kB
        ->  Seq Scan on title t  (cost=0.00..61283.27 rows=2528527 width=4) (actual time=0.021..1052.250 rows=2528312 loops=1)
Planning time: 0.793 ms
Execution time: 14932.967 ms
