Seq Scan on movie_keyword mk  (cost=0.00..81003.12 rows=246 width=0) (actual time=2.743..1122.776 rows=145 loops=1)
  Filter: (keyword_id = 16203)
  Rows Removed by Filter: 4523785
Planning time: 0.393 ms
Execution time: 1122.955 ms
