Hash Join  (cost=28266.89..123344.55 rows=21 width=0) (actual time=1058.053..2221.918 rows=901 loops=1)
  Hash Cond: (mk.movie_id = t.id)
  ->  Seq Scan on movie_keyword mk  (cost=0.00..81003.12 rows=3753153 width=4) (actual time=0.022..1372.498 rows=3749292 loops=1)
        Filter: (keyword_id > 731)
        Rows Removed by Filter: 774638
  ->  Hash  (cost=28266.72..28266.72 rows=14 width=8) (actual time=378.876..378.876 rows=3 loops=1)
        Buckets: 1024  Batches: 1  Memory Usage: 9kB
        ->  Nested Loop  (cost=0.43..28266.72 rows=14 width=8) (actual time=300.940..378.865 rows=3 loops=1)
              ->  Seq Scan on movie_info_idx mi_idx  (cost=0.00..25185.44 rows=368 width=4) (actual time=299.015..374.802 rows=260 loops=1)
                    Filter: (info_type_id > 101)
                    Rows Removed by Filter: 1379775
              ->  Index Scan using title_pkey on title t  (cost=0.43..8.36 rows=1 width=4) (actual time=0.015..0.015 rows=0 loops=260)
                    Index Cond: (id = mi_idx.movie_id)
                    Filter: (production_year = 2005)
                    Rows Removed by Filter: 1
Planning time: 1.156 ms
Execution time: 2222.131 ms
