Hash Join  (cost=151216.33..995597.31 rows=900574 width=0) (actual time=4948.089..20727.474 rows=3072196 loops=1)
  Hash Cond: (ci.movie_id = t.id)
  ->  Seq Scan on cast_info ci  (cost=0.00..796071.18 rows=3155217 width=4) (actual time=1531.034..12960.935 rows=6388566 loops=1)
        Filter: ((person_id < 871490) AND (role_id = 1))
        Rows Removed by Filter: 29855778
  ->  Hash  (cost=139375.05..139375.05 rows=721702 width=8) (actual time=3415.960..3415.960 rows=626561 loops=1)
        Buckets: 131072  Batches: 16  Memory Usage: 2548kB
        ->  Hash Join  (cost=89299.55..139375.05 rows=721702 width=8) (actual time=1736.327..3240.206 rows=626561 loops=1)
              Hash Cond: (mi_idx.movie_id = t.id)
              ->  Seq Scan on movie_info_idx mi_idx  (cost=0.00..21735.35 rows=1380035 width=4) (actual time=0.037..460.692 rows=1380035 loops=1)
              ->  Hash  (cost=67604.59..67604.59 rows=1322317 width=4) (actual time=1735.367..1735.367 rows=1322863 loops=1)
                    Buckets: 131072  Batches: 32  Memory Usage: 2481kB
                    ->  Seq Scan on title t  (cost=0.00..67604.59 rows=1322317 width=4) (actual time=0.037..1311.459 rows=1322863 loops=1)
                          Filter: (production_year > 2001)
                          Rows Removed by Filter: 1205449
Planning time: 10.154 ms
Execution time: 21062.664 ms
