Hash Join  (cost=81152.82..477322.66 rows=631298 width=0) (actual time=4170.301..9158.517 rows=1434733 loops=1)
  Hash Cond: (mi.movie_id = t.id)
  ->  Seq Scan on movie_info mi  (cost=0.00..346232.03 rows=3623957 width=4) (actual time=2343.400..5678.105 rows=3624977 loops=1)
        Filter: (info_type_id < 4)
        Rows Removed by Filter: 11210743
  ->  Hash  (cost=73925.90..73925.90 rows=440473 width=4) (actual time=1484.352..1484.352 rows=473918 loops=1)
        Buckets: 131072  Batches: 8  Memory Usage: 3126kB
        ->  Seq Scan on title t  (cost=0.00..73925.90 rows=440473 width=4) (actual time=0.047..1337.035 rows=473918 loops=1)
              Filter: ((production_year < 2008) AND (kind_id = 1))
              Rows Removed by Filter: 2054394
Planning time: 3.125 ms
Execution time: 9301.409 ms
