Hash Join  (cost=157212.79..295146.03 rows=595527 width=0) (actual time=3601.359..8790.343 rows=6193713 loops=1)
  Hash Cond: (mk.movie_id = t.id)
  ->  Seq Scan on movie_keyword mk  (cost=0.00..81003.12 rows=4289826 width=4) (actual time=0.023..1812.570 rows=4274183 loops=1)
        Filter: (keyword_id > 213)
        Rows Removed by Filter: 249747
  ->  Hash  (cost=151453.06..151453.06 rows=351018 width=8) (actual time=3600.339..3600.339 rows=640620 loops=1)
        Buckets: 131072 (originally 131072)  Batches: 16 (originally 8)  Memory Usage: 3073kB
        ->  Hash Join  (cost=78556.72..151453.06 rows=351018 width=8) (actual time=2246.590..3402.632 rows=640620 loops=1)
              Hash Cond: (mc.movie_id = t.id)
              ->  Seq Scan on movie_companies mc  (cost=0.00..51404.11 rows=1329612 width=4) (actual time=455.868..1063.670 rows=1334883 loops=1)
                    Filter: (company_type_id > 1)
                    Rows Removed by Filter: 1274246
              ->  Hash  (cost=67604.59..67604.59 rows=667531 width=4) (actual time=1423.813..1423.813 rows=662825 loops=1)
                    Buckets: 131072  Batches: 16  Memory Usage: 2476kB
                    ->  Seq Scan on title t  (cost=0.00..67604.59 rows=667531 width=4) (actual time=0.171..1220.891 rows=662825 loops=1)
                          Filter: (kind_id = 1)
                          Rows Removed by Filter: 1865487
Planning time: 2.795 ms
Execution time: 9502.643 ms
