Seq Scan on movie_keyword mk  (cost=0.00..81003.12 rows=2621724 width=0) (actual time=0.017..1434.359 rows=2611485 loops=1)
  Filter: (keyword_id > 3287)
  Rows Removed by Filter: 1912445
Planning time: 0.308 ms
Execution time: 1774.118 ms
