Seq Scan on movie_keyword mk  (cost=0.00..81003.12 rows=3171673 width=0) (actual time=0.023..1494.996 rows=3155572 loops=1)
  Filter: (keyword_id > 1799)
  Rows Removed by Filter: 1368358
Planning time: 0.326 ms
Execution time: 1878.724 ms
