Hash Join  (cost=431273.76..543256.96 rows=82715 width=0) (actual time=6619.448..9279.163 rows=993128 loops=1)
  Hash Cond: (mk.movie_id = t.id)
  ->  Seq Scan on movie_keyword mk  (cost=0.00..81003.12 rows=2580246 width=4) (actual time=0.014..1667.165 rows=2568803 loops=1)
        Filter: (keyword_id > 3401)
        Rows Removed by Filter: 1955127
  ->  Hash  (cost=429943.55..429943.55 rows=81057 width=8) (actual time=6610.277..6610.277 rows=41334 loops=1)
        Buckets: 131072  Batches: 2  Memory Usage: 1829kB
        ->  Hash Join  (cost=76379.89..429943.55 rows=81057 width=8) (actual time=5978.676..6594.411 rows=41334 loops=1)
              Hash Cond: (mi.movie_id = t.id)
              ->  Seq Scan on movie_info mi  (cost=0.00..346232.03 rows=383217 width=4) (actual time=4599.978..4959.759 rows=368218 loops=1)
                    Filter: (info_type_id = 17)
                    Rows Removed by Filter: 14467502
              ->  Hash  (cost=67604.59..67604.59 rows=534824 width=4) (actual time=1368.774..1368.774 rows=533369 loops=1)
                    Buckets: 131072  Batches: 8  Memory Usage: 3376kB
                    ->  Seq Scan on title t  (cost=0.00..67604.59 rows=534824 width=4) (actual time=0.019..1192.536 rows=533369 loops=1)
                          Filter: (production_year > 2009)
                          Rows Removed by Filter: 1994943
Planning time: 1.179 ms
Execution time: 9400.230 ms
