Hash Join  (cost=128478.61..1140668.83 rows=3382490 width=0) (actual time=2787.860..35547.594 rows=11439085 loops=1)
  Hash Cond: (ci.movie_id = t.id)
  ->  Seq Scan on cast_info ci  (cost=0.00..705507.15 rows=23475248 width=4) (actual time=0.015..15192.105 rows=23535524 loops=1)
        Filter: (person_id > 1253288)
        Rows Removed by Filter: 12708820
  ->  Hash  (cost=122500.50..122500.50 rows=364329 width=8) (actual time=2786.664..2786.664 rows=629900 loops=1)
        Buckets: 131072 (originally 131072)  Batches: 16 (originally 8)  Memory Usage: 3073kB
        ->  Hash Join  (cost=78556.72..122500.50 rows=364329 width=8) (actual time=1352.648..2626.499 rows=629900 loops=1)
              Hash Cond: (mi_idx.movie_id = t.id)
              ->  Seq Scan on movie_info_idx mi_idx  (cost=0.00..21735.35 rows=1380035 width=4) (actual time=0.019..428.555 rows=1380035 loops=1)
              ->  Hash  (cost=67604.59..67604.59 rows=667531 width=4) (actual time=1351.569..1351.569 rows=662825 loops=1)
                    Buckets: 131072  Batches: 16  Memory Usage: 2476kB
                    ->  Seq Scan on title t  (cost=0.00..67604.59 rows=667531 width=4) (actual time=0.022..1132.373 rows=662825 loops=1)
                          Filter: (kind_id = 1)
                          Rows Removed by Filter: 1865487
Planning time: 1.199 ms
Execution time: 36956.030 ms
