Hash Join  (cost=332505.46..1954939.47 rows=48484684 width=0) (actual time=8204.401..80257.057 rows=171415403 loops=1)
  Hash Cond: (ci.movie_id = t.id)
  ->  Seq Scan on cast_info ci  (cost=0.00..614943.12 rows=36225612 width=4) (actual time=0.019..13551.657 rows=36244344 loops=1)
  ->  Hash  (cost=276982.92..276982.92 rows=3384203 width=8) (actual time=8203.369..8203.369 rows=3459201 loops=1)
        Buckets: 131072  Batches: 64  Memory Usage: 3155kB
        ->  Hash Join  (cost=107924.17..276982.92 rows=3384203 width=8) (actual time=2326.369..6938.851 rows=3459201 loops=1)
              Hash Cond: (mk.movie_id = t.id)
              ->  Seq Scan on movie_keyword mk  (cost=0.00..81003.12 rows=3481919 width=4) (actual time=0.026..1694.864 rows=3481153 loops=1)
                    Filter: (keyword_id > 1037)
                    Rows Removed by Filter: 1042777
              ->  Hash  (cost=67604.59..67604.59 rows=2457567 width=4) (actual time=2324.678..2324.678 rows=2452703 loops=1)
                    Buckets: 131072  Batches: 64  Memory Usage: 2383kB
                    ->  Seq Scan on title t  (cost=0.00..67604.59 rows=2457567 width=4) (actual time=0.031..1481.682 rows=2452703 loops=1)
                          Filter: (production_year < 2014)
                          Rows Removed by Filter: 75609
Planning time: 1.206 ms
Execution time: 99187.423 ms
