Hash Join  (cost=129423.39..227885.69 rows=142946 width=0) (actual time=2698.278..5047.500 rows=1300058 loops=1)
  Hash Cond: (mk.movie_id = t.id)
  ->  Seq Scan on movie_keyword mk  (cost=0.00..81003.12 rows=1291657 width=4) (actual time=0.039..1392.932 rows=1299567 loops=1)
        Filter: (keyword_id < 1697)
        Rows Removed by Filter: 3224363
  ->  Hash  (cost=124831.53..124831.53 rows=279829 width=8) (actual time=2697.227..2697.227 rows=409887 loops=1)
        Buckets: 131072 (originally 131072)  Batches: 8 (originally 4)  Memory Usage: 3073kB
        ->  Hash Join  (cost=82337.76..124831.53 rows=279829 width=8) (actual time=1339.144..2570.849 rows=409887 loops=1)
              Hash Cond: (mi_idx.movie_id = t.id)
              ->  Seq Scan on movie_info_idx mi_idx  (cost=0.00..21735.35 rows=1380035 width=4) (actual time=0.014..477.394 rows=1380035 loops=1)
              ->  Hash  (cost=73925.90..73925.90 rows=512708 width=4) (actual time=1338.131..1338.131 rows=382109 loops=1)
                    Buckets: 131072  Batches: 8  Memory Usage: 2709kB
                    ->  Seq Scan on title t  (cost=0.00..73925.90 rows=512708 width=4) (actual time=34.170..1217.901 rows=382109 loops=1)
                          Filter: ((production_year > 1980) AND (kind_id = 1))
                          Rows Removed by Filter: 2146203
Planning time: 1.092 ms
Execution time: 5209.844 ms
