Seq Scan on cast_info ci  (cost=0.00..705507.15 rows=26280370 width=0) (actual time=0.025..12524.000 rows=26501851 loops=1)
  Filter: (person_id > 957667)
  Rows Removed by Filter: 9742493
Planning time: 0.283 ms
Execution time: 15890.852 ms
