Seq Scan on cast_info ci  (cost=0.00..705507.15 rows=18961460 width=0) (actual time=0.029..12066.491 rows=19100312 loops=1)
  Filter: (person_id > 1693687)
  Rows Removed by Filter: 17144032
Planning time: 0.329 ms
Execution time: 14393.218 ms
