Seq Scan on cast_info ci  (cost=0.00..796071.18 rows=2953641 width=0) (actual time=5808.018..11184.665 rows=5634851 loops=1)
  Filter: ((person_id > 2289148) AND (role_id > 6))
  Rows Removed by Filter: 30609493
Planning time: 0.220 ms
Execution time: 11862.119 ms
