Hash Join  (cost=175540.97..1305323.95 rows=2011330 width=0) (actual time=3160.538..30499.673 rows=3255593 loops=1)
  Hash Cond: (ci.movie_id = t.id)
  ->  Seq Scan on cast_info ci  (cost=0.00..705507.15 rows=34905220 width=4) (actual time=0.019..15136.662 rows=35010531 loops=1)
        Filter: (person_id > 124699)
        Rows Removed by Filter: 1233813
  ->  Hash  (cost=173149.72..173149.72 rows=145700 width=8) (actual time=3159.497..3159.497 rows=59720 loops=1)
        Buckets: 131072  Batches: 2  Memory Usage: 2176kB
        ->  Hash Join  (cost=71408.55..173149.72 rows=145700 width=8) (actual time=1053.511..3139.086 rows=59720 loops=1)
              Hash Cond: (mk.movie_id = t.id)
              ->  Seq Scan on movie_keyword mk  (cost=0.00..81003.12 rows=1589079 width=4) (actual time=0.025..1412.693 rows=1602196 loops=1)
                    Filter: (keyword_id > 9539)
                    Rows Removed by Filter: 2921734
              ->  Hash  (cost=67604.59..67604.59 rows=231837 width=4) (actual time=1052.324..1052.324 rows=231649 loops=1)
                    Buckets: 131072  Batches: 4  Memory Usage: 3082kB
                    ->  Seq Scan on title t  (cost=0.00..67604.59 rows=231837 width=4) (actual time=0.024..970.823 rows=231649 loops=1)
                          Filter: (production_year > 2011)
                          Rows Removed by Filter: 2296663
Planning time: 1.181 ms
Execution time: 30871.784 ms
