Hash Join  (cost=175940.52..203055.84 rows=20484 width=0) (actual time=3248.719..3902.466 rows=19155 loops=1)
  Hash Cond: (mi_idx.movie_id = t.id)
  ->  Seq Scan on movie_info_idx mi_idx  (cost=0.00..21735.35 rows=1380035 width=4) (actual time=0.026..319.315 rows=1380035 loops=1)
  ->  Hash  (cost=175471.38..175471.38 rows=37531 width=8) (actual time=3247.926..3247.926 rows=35614 loops=1)
        Buckets: 65536  Batches: 1  Memory Usage: 1904kB
        ->  Hash Join  (cost=88295.76..175471.38 rows=37531 width=8) (actual time=1677.562..3233.872 rows=35614 loops=1)
              Hash Cond: (mk.movie_id = t.id)
              ->  Seq Scan on movie_keyword mk  (cost=0.00..81003.12 rows=75248 width=4) (actual time=0.022..1187.107 rows=72496 loops=1)
                    Filter: (keyword_id = 335)
                    Rows Removed by Filter: 4451434
              ->  Hash  (cost=67604.59..67604.59 rows=1261134 width=4) (actual time=1675.990..1675.990 rows=1260295 loops=1)
                    Buckets: 131072  Batches: 32  Memory Usage: 2421kB
                    ->  Seq Scan on title t  (cost=0.00..67604.59 rows=1261134 width=4) (actual time=0.015..1243.583 rows=1260295 loops=1)
                          Filter: (production_year > 2002)
                          Rows Removed by Filter: 1268017
Planning time: 1.145 ms
Execution time: 3905.673 ms
