Hash Join  (cost=76915.85..568056.56 rows=1062278 width=0) (actual time=1155.583..14023.059 rows=3771699 loops=1)
  Hash Cond: (mi.movie_id = t.id)
  ->  Seq Scan on movie_info mi  (cost=0.00..309384.22 rows=14739122 width=4) (actual time=0.024..5359.145 rows=14835720 loops=1)
  ->  Hash  (cost=73925.90..73925.90 rows=182236 width=4) (actual time=1154.795..1154.795 rows=315565 loops=1)
        Buckets: 131072  Batches: 4  Memory Usage: 3805kB
        ->  Seq Scan on title t  (cost=0.00..73925.90 rows=182236 width=4) (actual time=215.188..1050.580 rows=315565 loops=1)
              Filter: ((production_year < 1990) AND (kind_id = 1))
              Rows Removed by Filter: 2212747
Planning time: 0.632 ms
Execution time: 14470.863 ms
