Hash Join  (cost=199688.57..605672.93 rows=1402549 width=0) (actual time=5058.974..11621.885 rows=1356425 loops=1)
  Hash Cond: (mi.movie_id = t.id)
  ->  Seq Scan on movie_info mi  (cost=0.00..346232.03 rows=3623957 width=4) (actual time=1078.804..5476.343 rows=3624977 loops=1)
        Filter: (info_type_id < 4)
        Rows Removed by Filter: 11210743
  ->  Hash  (cost=183633.15..183633.15 rows=978594 width=8) (actual time=3979.298..3979.298 rows=694263 loops=1)
        Buckets: 131072  Batches: 16  Memory Usage: 2722kB
        ->  Hash Join  (cost=98137.04..183633.15 rows=978594 width=8) (actual time=1751.313..3787.200 rows=694263 loops=1)
              Hash Cond: (mc.movie_id = t.id)
              ->  Seq Scan on movie_companies mc  (cost=0.00..51404.11 rows=1329612 width=4) (actual time=0.023..929.745 rows=1334883 loops=1)
                    Filter: (company_type_id > 1)
                    Rows Removed by Filter: 1274246
              ->  Hash  (cost=67604.59..67604.59 rows=1860996 width=4) (actual time=1750.438..1750.438 rows=1865487 loops=1)
                    Buckets: 131072  Batches: 32  Memory Usage: 3079kB
                    ->  Seq Scan on title t  (cost=0.00..67604.59 rows=1860996 width=4) (actual time=0.017..1150.736 rows=1865487 loops=1)
                          Filter: (kind_id > 1)
                          Rows Removed by Filter: 662825
Planning time: 9.378 ms
Execution time: 11781.417 ms
