Hash Join  (cost=83074.74..791304.06 rows=71 width=0) (actual time=1712.568..11830.593 rows=300 loops=1)
  Hash Cond: (ci.movie_id = t.id)
  ->  Seq Scan on cast_info ci  (cost=0.00..705507.15 rows=725720 width=4) (actual time=654.532..10659.116 rows=773674 loops=1)
        Filter: (role_id = 6)
        Rows Removed by Filter: 35470670
  ->  Hash  (cost=83071.67..83071.67 rows=246 width=8) (actual time=1056.586..1056.586 rows=373 loops=1)
        Buckets: 1024  Batches: 1  Memory Usage: 23kB
        ->  Nested Loop  (cost=0.43..83071.67 rows=246 width=8) (actual time=2.117..1056.265 rows=373 loops=1)
              ->  Seq Scan on movie_keyword mk  (cost=0.00..81003.12 rows=246 width=4) (actual time=0.674..1044.802 rows=373 loops=1)
                    Filter: (keyword_id = 6380)
                    Rows Removed by Filter: 4523557
              ->  Index Only Scan using title_pkey on title t  (cost=0.43..8.40 rows=1 width=4) (actual time=0.028..0.029 rows=1 loops=373)
                    Index Cond: (id = mk.movie_id)
                    Heap Fetches: 373
Planning time: 1.222 ms
Execution time: 11830.770 ms
