Seq Scan on movie_companies mc  (cost=0.00..51404.11 rows=806060 width=0) (actual time=0.029..781.919 rows=800723 loops=1)
  Filter: (company_id < 1756)
  Rows Removed by Filter: 1808406
Planning time: 0.309 ms
Execution time: 880.164 ms
