Nested Loop  (cost=32749.09..121951.38 rows=1127 width=0) (actual time=612.583..1903.767 rows=4265 loops=1)
  ->  Hash Join  (cost=32748.66..116746.20 rows=6139 width=8) (actual time=612.506..1807.960 rows=4265 loops=1)
        Hash Cond: (mk.movie_id = mi_idx.movie_id)
        ->  Seq Scan on movie_keyword mk  (cost=0.00..81003.12 rows=6183 width=4) (actual time=0.074..1111.017 rows=5871 loops=1)
              Filter: (keyword_id = 2860)
              Rows Removed by Filter: 4518059
        ->  Hash  (cost=25185.44..25185.44 rows=460978 width=4) (actual time=611.515..611.515 rows=459925 loops=1)
              Buckets: 131072  Batches: 8  Memory Usage: 3059kB
              ->  Seq Scan on movie_info_idx mi_idx  (cost=0.00..25185.44 rows=460978 width=4) (actual time=0.030..471.228 rows=459925 loops=1)
                    Filter: (info_type_id < 100)
                    Rows Removed by Filter: 920110
  ->  Index Only Scan using title_pkey on title t  (cost=0.43..0.84 rows=1 width=4) (actual time=0.021..0.022 rows=1 loops=4265)
        Index Cond: (id = mi_idx.movie_id)
        Heap Fetches: 4265
Planning time: 1.150 ms
Execution time: 1905.540 ms
