Hash Join  (cost=203099.32..1310132.44 rows=2720591 width=0) (actual time=4673.073..46937.539 rows=31091927 loops=1)
  Hash Cond: (ci.movie_id = t.id)
  ->  Seq Scan on cast_info ci  (cost=0.00..614943.12 rows=36225612 width=4) (actual time=0.016..11702.510 rows=36244344 loops=1)
  ->  Hash  (cost=199983.61..199983.61 rows=189896 width=8) (actual time=4671.390..4671.390 rows=896388 loops=1)
        Buckets: 131072 (originally 131072)  Batches: 16 (originally 4)  Memory Usage: 3293kB
        ->  Hash Join  (cost=75667.62..199983.61 rows=189896 width=8) (actual time=1189.615..4387.959 rows=896388 loops=1)
              Hash Cond: (mk.movie_id = t.id)
              ->  Seq Scan on movie_keyword mk  (cost=0.00..69693.30 rows=4523930 width=4) (actual time=0.010..1228.015 rows=4523930 loops=1)
              ->  Hash  (cost=73925.90..73925.90 rows=106137 width=4) (actual time=1188.914..1188.914 rows=235647 loops=1)
                    Buckets: 131072 (originally 131072)  Batches: 4 (originally 2)  Memory Usage: 3102kB
                    ->  Seq Scan on title t  (cost=0.00..73925.90 rows=106137 width=4) (actual time=312.517..1101.585 rows=235647 loops=1)
                          Filter: ((production_year < 1972) AND (kind_id = 1))
                          Rows Removed by Filter: 2292665
Planning time: 1.260 ms
Execution time: 50389.869 ms
