Hash Join  (cost=156649.15..290860.83 rows=705119 width=0) (actual time=3188.789..7130.133 rows=2964298 loops=1)
  Hash Cond: (mk.movie_id = t.id)
  ->  Seq Scan on movie_keyword mk  (cost=0.00..81003.12 rows=3834765 width=4) (actual time=0.017..1640.025 rows=3828960 loops=1)
        Filter: (keyword_id < 27125)
        Rows Removed by Filter: 694970
  ->  Hash  (cost=149020.47..149020.47 rows=464934 width=8) (actual time=3187.548..3187.548 rows=460185 loops=1)
        Buckets: 131072  Batches: 8  Memory Usage: 3286kB
        ->  Hash Join  (cost=102767.86..149020.47 rows=464934 width=8) (actual time=1839.635..3053.785 rows=460185 loops=1)
              Hash Cond: (mi_idx.movie_id = t.id)
              ->  Seq Scan on movie_info_idx mi_idx  (cost=0.00..25185.44 rows=464934 width=4) (actual time=0.025..450.420 rows=460185 loops=1)
                    Filter: (info_type_id > 100)
                    Rows Removed by Filter: 919850
              ->  Hash  (cost=61283.27..61283.27 rows=2528527 width=4) (actual time=1837.958..1837.958 rows=2528312 loops=1)
                    Buckets: 131072  Batches: 64  Memory Usage: 2415kB
                    ->  Seq Scan on title t  (cost=0.00..61283.27 rows=2528527 width=4) (actual time=0.015..989.685 rows=2528312 loops=1)
Planning time: 1.117 ms
Execution time: 7461.458 ms
