Seq Scan on movie_keyword mk  (cost=0.00..81003.12 rows=195865 width=0) (actual time=0.017..1238.663 rows=208584 loops=1)
  Filter: (keyword_id < 140)
  Rows Removed by Filter: 4315346
Planning time: 0.326 ms
Execution time: 1267.666 ms
