Seq Scan on cast_info ci  (cost=0.00..796071.18 rows=710738 width=0) (actual time=13053.681..14916.131 rows=802440 loops=1)
  Filter: ((person_id > 717760) AND (role_id = 5))
  Rows Removed by Filter: 35441904
Planning time: 0.419 ms
Execution time: 15013.272 ms
