Seq Scan on movie_keyword mk  (cost=0.00..81003.12 rows=246 width=0) (actual time=33.159..1142.362 rows=29 loops=1)
  Filter: (keyword_id = 32877)
  Rows Removed by Filter: 4523901
Planning time: 0.278 ms
Execution time: 1142.479 ms
