Nested Loop  (cost=0.43..83072.29 rows=233 width=0) (actual time=3.786..1082.535 rows=38 loops=1)
  ->  Seq Scan on movie_keyword mk  (cost=0.00..81003.12 rows=246 width=4) (actual time=3.745..1080.832 rows=40 loops=1)
        Filter: (keyword_id = 14753)
        Rows Removed by Filter: 4523890
  ->  Index Scan using title_pkey on title t  (cost=0.43..8.40 rows=1 width=4) (actual time=0.038..0.038 rows=1 loops=40)
        Index Cond: (id = mk.movie_id)
        Filter: (production_year < 2013)
        Rows Removed by Filter: 0
Planning time: 0.745 ms
Execution time: 1082.658 ms
