Seq Scan on movie_keyword mk  (cost=0.00..81003.12 rows=4421683 width=0) (actual time=0.013..1609.478 rows=4423618 loops=1)
  Filter: (keyword_id < 82214)
  Rows Removed by Filter: 100312
Planning time: 0.220 ms
Execution time: 2173.477 ms
