Hash Join  (cost=74419.77..129492.97 rows=40768 width=0) (actual time=1032.503..2760.070 rows=191521 loops=1)
  Hash Cond: (mc.movie_id = t.id)
  ->  Seq Scan on movie_companies mc  (cost=0.00..44881.29 rows=2609129 width=4) (actual time=0.023..601.751 rows=2609129 loops=1)
  ->  Hash  (cost=73925.90..73925.90 rows=39509 width=4) (actual time=1031.933..1031.933 rows=101191 loops=1)
        Buckets: 131072 (originally 65536)  Batches: 2 (originally 1)  Memory Usage: 3073kB
        ->  Seq Scan on title t  (cost=0.00..73925.90 rows=39509 width=4) (actual time=479.965..989.155 rows=101191 loops=1)
              Filter: ((kind_id < 7) AND (production_year < 1925))
              Rows Removed by Filter: 2427121
Planning time: 0.710 ms
Execution time: 2786.263 ms
