Hash Join  (cost=263115.61..1785167.43 rows=34126879 width=0) (actual time=6515.956..62595.524 rows=68715689 loops=1)
  Hash Cond: (ci.movie_id = t.id)
  ->  Seq Scan on cast_info ci  (cost=0.00..705507.15 rows=33072621 width=4) (actual time=0.013..15496.290 rows=33043194 loops=1)
        Filter: (person_id < 3471995)
        Rows Removed by Filter: 3201150
  ->  Hash  (cost=220309.49..220309.49 rows=2609129 width=8) (actual time=6514.857..6514.857 rows=2609129 loops=1)
        Buckets: 131072  Batches: 64  Memory Usage: 2610kB
        ->  Hash Join  (cost=102767.86..220309.49 rows=2609129 width=8) (actual time=2481.987..5788.797 rows=2609129 loops=1)
              Hash Cond: (mc.movie_id = t.id)
              ->  Seq Scan on movie_companies mc  (cost=0.00..44881.29 rows=2609129 width=4) (actual time=0.029..839.918 rows=2609129 loops=1)
              ->  Hash  (cost=61283.27..61283.27 rows=2528527 width=4) (actual time=2480.747..2480.747 rows=2528312 loops=1)
                    Buckets: 131072  Batches: 64  Memory Usage: 2415kB
                    ->  Seq Scan on title t  (cost=0.00..61283.27 rows=2528527 width=4) (actual time=0.015..959.501 rows=2528312 loops=1)
Planning time: 1.133 ms
Execution time: 70542.652 ms
