Seq Scan on movie_keyword mk  (cost=0.00..81003.12 rows=3569831 width=0) (actual time=0.022..1444.705 rows=3565962 loops=1)
  Filter: (keyword_id > 895)
  Rows Removed by Filter: 957968
Planning time: 0.332 ms
Execution time: 1878.190 ms
