Seq Scan on cast_info ci  (cost=0.00..796071.18 rows=55857 width=0) (actual time=3450.553..11050.298 rows=207232 loops=1)
  Filter: ((person_id > 3063137) AND (role_id > 10))
  Rows Removed by Filter: 36037112
Planning time: 0.280 ms
Execution time: 11077.064 ms
