Hash Join  (cost=501028.05..1711225.09 rows=17171186 width=0) (actual time=8435.315..52076.157 rows=55852675 loops=1)
  Hash Cond: (ci.movie_id = t.id)
  ->  Seq Scan on cast_info ci  (cost=0.00..614943.12 rows=36225612 width=4) (actual time=0.012..11988.172 rows=36244344 loops=1)
  ->  Hash  (cost=481364.32..481364.32 rows=1198539 width=8) (actual time=8434.185..8434.185 rows=1394915 loops=1)
        Buckets: 131072 (originally 131072)  Batches: 32 (originally 16)  Memory Usage: 3073kB
        ->  Hash Join  (cost=83810.17..481364.32 rows=1198539 width=8) (actual time=2303.969..8011.073 rows=1394915 loops=1)
              Hash Cond: (mi.movie_id = t.id)
              ->  Seq Scan on movie_info mi  (cost=0.00..346232.03 rows=3068194 width=4) (actual time=981.450..4701.517 rows=3036719 loops=1)
                    Filter: (info_type_id = 16)
                    Rows Removed by Filter: 11799001
              ->  Hash  (cost=67604.59..67604.59 rows=987727 width=4) (actual time=1321.258..1321.258 rows=985048 loops=1)
                    Buckets: 131072  Batches: 16  Memory Usage: 3197kB
                    ->  Seq Scan on title t  (cost=0.00..67604.59 rows=987727 width=4) (actual time=0.022..1003.363 rows=985048 loops=1)
                          Filter: (kind_id < 7)
                          Rows Removed by Filter: 1543264
Planning time: 1.424 ms
Execution time: 58316.523 ms
