Seq Scan on cast_info ci  (cost=0.00..705507.15 rows=500 width=0) (actual time=8657.338..10062.564 rows=405 loops=1)
  Filter: (person_id = 2366690)
  Rows Removed by Filter: 36243939
Planning time: 0.342 ms
Execution time: 10062.692 ms
