Hash Join  (cost=583046.46..792871.49 rows=5411763 width=0) (actual time=10956.851..23797.351 rows=35661174 loops=1)
  Hash Cond: (mk.movie_id = t.id)
  ->  Seq Scan on movie_keyword mk  (cost=0.00..81003.12 rows=4459884 width=4) (actual time=0.025..1837.466 rows=4462247 loops=1)
        Filter: (keyword_id < 94504)
        Rows Removed by Filter: 61683
  ->  Hash  (cost=532708.04..532708.04 rows=3068194 width=8) (actual time=10954.739..10954.739 rows=3036719 loops=1)
        Buckets: 131072  Batches: 64  Memory Usage: 2960kB
        ->  Hash Join  (cost=102767.86..532708.04 rows=3068194 width=8) (actual time=2207.214..9967.813 rows=3036719 loops=1)
              Hash Cond: (mi.movie_id = t.id)
              ->  Seq Scan on movie_info mi  (cost=0.00..346232.03 rows=3068194 width=4) (actual time=358.647..5088.625 rows=3036719 loops=1)
                    Filter: (info_type_id = 16)
                    Rows Removed by Filter: 11799001
              ->  Hash  (cost=61283.27..61283.27 rows=2528527 width=4) (actual time=1846.663..1846.663 rows=2528312 loops=1)
                    Buckets: 131072  Batches: 64  Memory Usage: 2425kB
                    ->  Seq Scan on title t  (cost=0.00..61283.27 rows=2528527 width=4) (actual time=0.022..975.982 rows=2528312 loops=1)
Planning time: 1.181 ms
Execution time: 27987.109 ms
