Hash Join  (cost=477671.18..1455202.34 rows=1253241 width=0) (actual time=30102.841..56047.920 rows=4647485 loops=1)
  Hash Cond: (ci.movie_id = t.id)
  ->  Seq Scan on cast_info ci  (cost=0.00..796071.18 rows=10125551 width=4) (actual time=2640.607..21729.139 rows=12670688 loops=1)
        Filter: ((person_id < 2925651) AND (role_id = 1))
        Rows Removed by Filter: 23573656
  ->  Hash  (cost=472536.23..472536.23 rows=312956 width=8) (actual time=27461.210..27461.210 rows=509176 loops=1)
        Buckets: 131072  Batches: 8  Memory Usage: 3441kB
        ->  Hash Join  (cost=74690.97..472536.23 rows=312956 width=8) (actual time=3307.076..26067.684 rows=509176 loops=1)
              Hash Cond: (mi.movie_id = t.id)
              ->  Seq Scan on movie_info mi  (cost=0.00..346232.03 rows=12928982 width=4) (actual time=0.030..18840.957 rows=12970088 loops=1)
                    Filter: (info_type_id < 18)
                    Rows Removed by Filter: 1865632
              ->  Hash  (cost=73925.90..73925.90 rows=61205 width=4) (actual time=2843.058..2843.058 rows=61581 loops=1)
                    Buckets: 65536  Batches: 1  Memory Usage: 2677kB
                    ->  Seq Scan on title t  (cost=0.00..73925.90 rows=61205 width=4) (actual time=1.067..2817.315 rows=61581 loops=1)
                          Filter: ((production_year > 2011) AND (kind_id = 1))
                          Rows Removed by Filter: 2466731
Planning time: 17.968 ms
Execution time: 56525.071 ms
