Seq Scan on movie_companies mc  (cost=0.00..57926.93 rows=545834 width=0) (actual time=0.023..883.032 rows=845758 loops=1)
  Filter: ((company_id > 14326) AND (company_type_id > 1))
  Rows Removed by Filter: 1763371
Planning time: 0.300 ms
Execution time: 1002.826 ms
