Hash Join  (cost=220558.36..1395637.00 rows=9344547 width=0) (actual time=5087.058..53442.616 rows=84217062 loops=1)
  Hash Cond: (ci.movie_id = t.id)
  ->  Seq Scan on cast_info ci  (cost=0.00..614943.12 rows=36225612 width=4) (actual time=0.022..11811.680 rows=36244344 loops=1)
  ->  Hash  (cost=209857.31..209857.31 rows=652244 width=8) (actual time=5085.402..5085.402 rows=1053171 loops=1)
        Buckets: 131072  Batches: 16  Memory Usage: 3626kB
        ->  Hash Join  (cost=79907.83..209857.31 rows=652244 width=8) (actual time=1397.370..4779.599 rows=1053171 loops=1)
              Hash Cond: (mk.movie_id = t.id)
              ->  Seq Scan on movie_keyword mk  (cost=0.00..69693.30 rows=4523930 width=4) (actual time=0.023..1300.458 rows=4523930 loops=1)
              ->  Hash  (cost=73925.90..73925.90 rows=364554 width=4) (actual time=1095.203..1095.203 rows=274015 loops=1)
                    Buckets: 131072  Batches: 8  Memory Usage: 2237kB
                    ->  Seq Scan on title t  (cost=0.00..73925.90 rows=364554 width=4) (actual time=79.937..1007.167 rows=274015 loops=1)
                          Filter: ((production_year > 2000) AND (kind_id = 1))
                          Rows Removed by Filter: 2254297
Planning time: 2.560 ms
Execution time: 62600.183 ms
