Nested Loop  (cost=0.43..83072.29 rows=141 width=0) (actual time=84.473..1167.220 rows=34 loops=1)
  ->  Seq Scan on movie_keyword mk  (cost=0.00..81003.12 rows=246 width=4) (actual time=84.390..1165.642 rows=39 loops=1)
        Filter: (keyword_id = 13039)
        Rows Removed by Filter: 4523891
  ->  Index Scan using title_pkey on title t  (cost=0.43..8.40 rows=1 width=4) (actual time=0.035..0.036 rows=1 loops=39)
        Index Cond: (id = mk.movie_id)
        Filter: (production_year < 2006)
        Rows Removed by Filter: 0
Planning time: 0.681 ms
Execution time: 1167.338 ms
