Seq Scan on movie_keyword mk  (cost=0.00..81003.12 rows=246 width=0) (actual time=0.339..879.438 rows=403 loops=1)
  Filter: (keyword_id = 7996)
  Rows Removed by Filter: 4523527
Planning time: 0.374 ms
Execution time: 879.697 ms
