Hash Join  (cost=219264.00..262883.79 rows=345431 width=0) (actual time=4078.722..5819.112 rows=1308216 loops=1)
  Hash Cond: (mi_idx.movie_id = t.id)
  ->  Seq Scan on movie_info_idx mi_idx  (cost=0.00..21735.35 rows=1380035 width=4) (actual time=0.019..427.626 rows=1380035 loops=1)
  ->  Hash  (cost=208879.69..208879.69 rows=632905 width=8) (actual time=4077.615..4077.615 rows=632848 loops=1)
        Buckets: 131072  Batches: 16  Memory Usage: 2594kB
        ->  Hash Join  (cost=102767.86..208879.69 rows=632905 width=8) (actual time=1705.392..3887.062 rows=632848 loops=1)
              Hash Cond: (mk.movie_id = t.id)
              ->  Seq Scan on movie_keyword mk  (cost=0.00..81003.12 rows=632905 width=4) (actual time=0.025..1248.250 rows=632848 loops=1)
                    Filter: (keyword_id < 495)
                    Rows Removed by Filter: 3891082
              ->  Hash  (cost=61283.27..61283.27 rows=2528527 width=4) (actual time=1704.157..1704.157 rows=2528312 loops=1)
                    Buckets: 131072  Batches: 64  Memory Usage: 2425kB
                    ->  Seq Scan on title t  (cost=0.00..61283.27 rows=2528527 width=4) (actual time=0.011..836.473 rows=2528312 loops=1)
Planning time: 1.120 ms
Execution time: 5967.720 ms
