Seq Scan on movie_companies mc  (cost=0.00..57926.93 rows=1014821 width=0) (actual time=0.013..609.894 rows=723594 loops=1)
  Filter: ((company_id < 61839) AND (company_type_id > 1))
  Rows Removed by Filter: 1885535
Planning time: 0.328 ms
Execution time: 690.249 ms
