Hash Join  (cost=583046.46..1470538.91 rows=3679390 width=0) (actual time=11364.107..23172.096 rows=5537 loops=1)
  Hash Cond: (ci.movie_id = t.id)
  ->  Seq Scan on cast_info ci  (cost=0.00..796071.18 rows=3032219 width=4) (actual time=0.075..11432.365 rows=2662 loops=1)
        Filter: ((person_id < 1474957) AND (role_id = 2))
        Rows Removed by Filter: 36241682
  ->  Hash  (cost=532708.04..532708.04 rows=3068194 width=8) (actual time=11261.971..11261.971 rows=3036719 loops=1)
        Buckets: 131072  Batches: 64  Memory Usage: 2881kB
        ->  Hash Join  (cost=102767.86..532708.04 rows=3068194 width=8) (actual time=3442.583..10319.066 rows=3036719 loops=1)
              Hash Cond: (mi.movie_id = t.id)
              ->  Seq Scan on movie_info mi  (cost=0.00..346232.03 rows=3068194 width=4) (actual time=1577.556..5151.996 rows=3036719 loops=1)
                    Filter: (info_type_id = 16)
                    Rows Removed by Filter: 11799001
              ->  Hash  (cost=61283.27..61283.27 rows=2528527 width=4) (actual time=1863.152..1863.152 rows=2528312 loops=1)
                    Buckets: 131072  Batches: 64  Memory Usage: 2425kB
                    ->  Seq Scan on title t  (cost=0.00..61283.27 rows=2528527 width=4) (actual time=0.031..995.115 rows=2528312 loops=1)
Planning time: 0.750 ms
Execution time: 23173.465 ms
