Hash Join  (cost=458826.33..587119.98 rows=516361 width=0) (actual time=6354.887..9483.381 rows=235742 loops=1)
  Hash Cond: (mk.movie_id = t.id)
  ->  Seq Scan on movie_keyword mk  (cost=0.00..69693.30 rows=4523930 width=4) (actual time=0.012..1397.181 rows=4523930 loops=1)
  ->  Hash  (cost=454090.76..454090.76 rows=288606 width=8) (actual time=6344.470..6344.470 rows=57988 loops=1)
        Buckets: 131072  Batches: 4  Memory Usage: 1587kB
        ->  Hash Join  (cost=92883.59..454090.76 rows=288606 width=8) (actual time=2873.916..6324.459 rows=57988 loops=1)
              Hash Cond: (mi.movie_id = t.id)
              ->  Seq Scan on movie_info mi  (cost=0.00..346232.03 rows=473617 width=4) (actual time=1220.295..4192.353 rows=486554 loops=1)
                    Filter: (info_type_id = 5)
                    Rows Removed by Filter: 14349166
              ->  Hash  (cost=67604.59..67604.59 rows=1540800 width=4) (actual time=1652.794..1652.794 rows=1543264 loops=1)
                    Buckets: 131072  Batches: 32  Memory Usage: 2728kB
                    ->  Seq Scan on title t  (cost=0.00..67604.59 rows=1540800 width=4) (actual time=0.024..1153.129 rows=1543264 loops=1)
                          Filter: (kind_id = 7)
                          Rows Removed by Filter: 985048
Planning time: 1.130 ms
Execution time: 9514.588 ms
