Seq Scan on movie_companies mc  (cost=0.00..51404.11 rows=88053 width=0) (actual time=178.283..827.450 rows=88197 loops=1)
  Filter: (company_id > 164825)
  Rows Removed by Filter: 2520932
Planning time: 0.703 ms
Execution time: 839.117 ms
