Hash Join  (cost=82423.69..1036660.93 rows=5787221 width=0) (actual time=2010.771..26081.988 rows=7137542 loops=1)
  Hash Cond: (ci.movie_id = t.id)
  ->  Seq Scan on cast_info ci  (cost=0.00..705507.15 rows=16201301 width=4) (actual time=603.209..13610.814 rows=16121683 loops=1)
        Filter: (role_id > 2)
        Rows Removed by Filter: 20122661
  ->  Hash  (cost=67604.59..67604.59 rows=903208 width=4) (actual time=1406.627..1406.627 rows=904491 loops=1)
        Buckets: 131072  Batches: 16  Memory Usage: 3010kB
        ->  Seq Scan on title t  (cost=0.00..67604.59 rows=903208 width=4) (actual time=0.020..1116.495 rows=904491 loops=1)
              Filter: (production_year > 2006)
              Rows Removed by Filter: 1623821
Planning time: 0.820 ms
Execution time: 26819.419 ms
