Seq Scan on cast_info ci  (cost=0.00..705507.15 rows=6918072 width=0) (actual time=0.031..10075.128 rows=6996213 loops=1)
  Filter: (person_id > 2965810)
  Rows Removed by Filter: 29248131
Planning time: 0.342 ms
Execution time: 10971.241 ms
