Hash Join  (cost=264611.24..446433.56 rows=4445837 width=0) (actual time=6185.387..18228.638 rows=33842048 loops=1)
  Hash Cond: (mk.movie_id = t.id)
  ->  Seq Scan on movie_keyword mk  (cost=0.00..69693.30 rows=4523930 width=4) (actual time=0.012..1479.022 rows=4523930 loops=1)
  ->  Hash  (cost=223843.25..223843.25 rows=2484879 width=8) (actual time=6183.037..6183.037 rows=2485413 loops=1)
        Buckets: 131072  Batches: 64  Memory Usage: 2611kB
        ->  Hash Join  (cost=102767.86..223843.25 rows=2484879 width=8) (actual time=1950.747..5463.363 rows=2485413 loops=1)
              Hash Cond: (mc.movie_id = t.id)
              ->  Seq Scan on movie_companies mc  (cost=0.00..51404.11 rows=2484879 width=4) (actual time=0.014..1103.523 rows=2485413 loops=1)
                    Filter: (company_id < 144436)
                    Rows Removed by Filter: 123716
              ->  Hash  (cost=61283.27..61283.27 rows=2528527 width=4) (actual time=1769.784..1769.784 rows=2528312 loops=1)
                    Buckets: 131072  Batches: 64  Memory Usage: 2415kB
                    ->  Seq Scan on title t  (cost=0.00..61283.27 rows=2528527 width=4) (actual time=0.010..934.507 rows=2528312 loops=1)
Planning time: 1.046 ms
Execution time: 22251.485 ms
