Hash Join  (cost=199688.57..1021650.97 rows=2824580 width=0) (actual time=10135.021..21059.209 rows=2789510 loops=1)
  Hash Cond: (ci.movie_id = t.id)
  ->  Seq Scan on cast_info ci  (cost=0.00..705507.15 rows=7298253 width=4) (actual time=6170.906..12865.014 rows=7451973 loops=1)
        Filter: (role_id = 2)
        Rows Removed by Filter: 28792371
  ->  Hash  (cost=183633.15..183633.15 rows=978594 width=8) (actual time=3963.161..3963.161 rows=694263 loops=1)
        Buckets: 131072  Batches: 16  Memory Usage: 2715kB
        ->  Hash Join  (cost=98137.04..183633.15 rows=978594 width=8) (actual time=1679.577..3764.353 rows=694263 loops=1)
              Hash Cond: (mc.movie_id = t.id)
              ->  Seq Scan on movie_companies mc  (cost=0.00..51404.11 rows=1329612 width=4) (actual time=0.031..924.564 rows=1334883 loops=1)
                    Filter: (company_type_id = 2)
                    Rows Removed by Filter: 1274246
              ->  Hash  (cost=67604.59..67604.59 rows=1860996 width=4) (actual time=1678.077..1678.077 rows=1865487 loops=1)
                    Buckets: 131072  Batches: 32  Memory Usage: 3079kB
                    ->  Seq Scan on title t  (cost=0.00..67604.59 rows=1860996 width=4) (actual time=0.014..1084.202 rows=1865487 loops=1)
                          Filter: (kind_id > 1)
                          Rows Removed by Filter: 662825
Planning time: 1.222 ms
Execution time: 21389.306 ms
