Seq Scan on movie_companies mc  (cost=0.00..51404.11 rows=2238776 width=0) (actual time=0.031..843.436 rows=2235260 loops=1)
  Filter: (company_id < 85103)
  Rows Removed by Filter: 373869
Planning time: 0.298 ms
Execution time: 1114.338 ms
