Hash Join  (cost=83074.16..137741.23 rows=155 width=0) (actual time=1399.754..2218.690 rows=107 loops=1)
  Hash Cond: (mc.movie_id = t.id)
  ->  Seq Scan on movie_companies mc  (cost=0.00..44881.29 rows=2609129 width=4) (actual time=0.010..600.074 rows=2609129 loops=1)
  ->  Hash  (cost=83072.29..83072.29 rows=150 width=8) (actual time=1141.646..1141.646 rows=24 loops=1)
        Buckets: 1024  Batches: 1  Memory Usage: 9kB
        ->  Nested Loop  (cost=0.43..83072.29 rows=150 width=8) (actual time=7.006..1141.609 rows=24 loops=1)
              ->  Seq Scan on movie_keyword mk  (cost=0.00..81003.12 rows=246 width=4) (actual time=6.946..1137.756 rows=43 loops=1)
                    Filter: (keyword_id = 21562)
                    Rows Removed by Filter: 4523887
              ->  Index Scan using title_pkey on title t  (cost=0.43..8.40 rows=1 width=4) (actual time=0.085..0.085 rows=1 loops=43)
                    Index Cond: (id = mk.movie_id)
                    Filter: (kind_id = 7)
                    Rows Removed by Filter: 0
Planning time: 1.127 ms
Execution time: 2218.847 ms
