Hash Join  (cost=83074.74..137742.81 rows=254 width=0) (actual time=1209.323..2296.745 rows=15942 loops=1)
  Hash Cond: (mc.movie_id = t.id)
  ->  Seq Scan on movie_companies mc  (cost=0.00..44881.29 rows=2609129 width=4) (actual time=0.011..585.335 rows=2609129 loops=1)
  ->  Hash  (cost=83071.67..83071.67 rows=246 width=8) (actual time=1203.967..1203.967 rows=2713 loops=1)
        Buckets: 4096 (originally 1024)  Batches: 1 (originally 1)  Memory Usage: 138kB
        ->  Nested Loop  (cost=0.43..83071.67 rows=246 width=8) (actual time=1.738..1202.211 rows=2713 loops=1)
              ->  Seq Scan on movie_keyword mk  (cost=0.00..81003.12 rows=246 width=4) (actual time=1.688..1144.718 rows=2713 loops=1)
                    Filter: (keyword_id = 2197)
                    Rows Removed by Filter: 4521217
              ->  Index Only Scan using title_pkey on title t  (cost=0.43..8.40 rows=1 width=4) (actual time=0.020..0.020 rows=1 loops=2713)
                    Index Cond: (id = mk.movie_id)
                    Heap Fetches: 2713
Planning time: 0.722 ms
Execution time: 2299.191 ms
