Hash Join  (cost=160526.42..267894.77 rows=515537 width=0) (actual time=5062.706..6048.930 rows=425301 loops=1)
  Hash Cond: (mk.movie_id = t.id)
  ->  Seq Scan on movie_keyword mk  (cost=0.00..81003.12 rows=1550096 width=4) (actual time=0.021..1417.633 rows=1564192 loops=1)
        Filter: (keyword_id > 10030)
        Rows Removed by Filter: 2959738
  ->  Hash  (cost=146729.58..146729.58 rows=840947 width=8) (actual time=3763.124..3763.124 rows=425718 loops=1)
        Buckets: 131072  Batches: 16  Memory Usage: 2068kB
        ->  Hash Join  (cost=92883.59..146729.58 rows=840947 width=8) (actual time=2661.499..3639.290 rows=425718 loops=1)
              Hash Cond: (mi_idx.movie_id = t.id)
              ->  Seq Scan on movie_info_idx mi_idx  (cost=0.00..21735.35 rows=1380035 width=4) (actual time=0.017..412.764 rows=1380035 loops=1)
              ->  Hash  (cost=67604.59..67604.59 rows=1540800 width=4) (actual time=1524.678..1524.678 rows=1543264 loops=1)
                    Buckets: 131072  Batches: 32  Memory Usage: 2722kB
                    ->  Seq Scan on title t  (cost=0.00..67604.59 rows=1540800 width=4) (actual time=181.559..1023.295 rows=1543264 loops=1)
                          Filter: (kind_id = 7)
                          Rows Removed by Filter: 985048
Planning time: 1.044 ms
Execution time: 6102.690 ms
