Seq Scan on cast_info ci  (cost=0.00..796071.18 rows=2630199 width=0) (actual time=6328.611..11542.108 rows=6730780 loops=1)
  Filter: ((person_id > 2897224) AND (role_id > 3))
  Rows Removed by Filter: 29513564
Planning time: 0.351 ms
Execution time: 12390.776 ms
