Hash Join  (cost=78556.72..1037641.69 rows=2981662 width=0) (actual time=5651.473..23433.654 rows=3788218 loops=1)
  Hash Cond: (ci.movie_id = t.id)
  ->  Seq Scan on cast_info ci  (cost=0.00..796071.18 rows=11294178 width=4) (actual time=4452.775..15368.477 rows=13075921 loops=1)
        Filter: ((person_id > 1068353) AND (role_id > 2))
        Rows Removed by Filter: 23168423
  ->  Hash  (cost=67604.59..67604.59 rows=667531 width=4) (actual time=1197.586..1197.586 rows=662825 loops=1)
        Buckets: 131072  Batches: 16  Memory Usage: 2476kB
        ->  Seq Scan on title t  (cost=0.00..67604.59 rows=667531 width=4) (actual time=3.127..992.780 rows=662825 loops=1)
              Filter: (kind_id = 1)
              Rows Removed by Filter: 1865487
Planning time: 0.790 ms
Execution time: 23859.215 ms
