Hash Join  (cost=102767.86..292292.53 rows=4099418 width=0) (actual time=1967.364..7745.754 rows=4087742 loops=1)
  Hash Cond: (mk.movie_id = t.id)
  ->  Seq Scan on movie_keyword mk  (cost=0.00..81003.12 rows=4099418 width=4) (actual time=0.024..1994.112 rows=4087742 loops=1)
        Filter: (keyword_id > 335)
        Rows Removed by Filter: 436188
  ->  Hash  (cost=61283.27..61283.27 rows=2528527 width=4) (actual time=1966.609..1966.609 rows=2528312 loops=1)
        Buckets: 131072  Batches: 64  Memory Usage: 2425kB
        ->  Seq Scan on title t  (cost=0.00..61283.27 rows=2528527 width=4) (actual time=0.014..1110.944 rows=2528312 loops=1)
Planning time: 1.318 ms
Execution time: 8173.063 ms
