Hash Join  (cost=102767.86..228187.61 rows=1435362 width=0) (actual time=1766.978..4671.353 rows=1450628 loops=1)
  Hash Cond: (mk.movie_id = t.id)
  ->  Seq Scan on movie_keyword mk  (cost=0.00..81003.12 rows=1435362 width=4) (actual time=0.019..1345.345 rows=1450628 loops=1)
        Filter: (keyword_id > 11521)
        Rows Removed by Filter: 3073302
  ->  Hash  (cost=61283.27..61283.27 rows=2528527 width=4) (actual time=1765.103..1765.103 rows=2528312 loops=1)
        Buckets: 131072  Batches: 64  Memory Usage: 2425kB
        ->  Seq Scan on title t  (cost=0.00..61283.27 rows=2528527 width=4) (actual time=0.032..895.278 rows=2528312 loops=1)
Planning time: 0.652 ms
Execution time: 4853.000 ms
