Hash Join  (cost=85777.42..1273736.46 rows=13137326 width=0) (actual time=1913.404..35863.312 rows=14710156 loops=1)
  Hash Cond: (ci.movie_id = t.id)
  ->  Seq Scan on cast_info ci  (cost=0.00..705507.15 rows=29989232 width=4) (actual time=0.021..14882.092 rows=30114837 loops=1)
        Filter: (person_id > 591507)
        Rows Removed by Filter: 6129507
  ->  Hash  (cost=67604.59..67604.59 rows=1107667 width=4) (actual time=1912.089..1912.089 rows=1107925 loops=1)
        Buckets: 131072  Batches: 16  Memory Usage: 3460kB
        ->  Seq Scan on title t  (cost=0.00..67604.59 rows=1107667 width=4) (actual time=0.013..1097.063 rows=1107925 loops=1)
              Filter: (production_year > 2004)
              Rows Removed by Filter: 1420387
Planning time: 0.690 ms
Execution time: 37169.246 ms
