Hash Join  (cost=123358.29..488441.85 rows=42763 width=0) (actual time=1729.668..8045.097 rows=122848 loops=1)
  Hash Cond: (mi.movie_id = t.id)
  ->  Seq Scan on movie_info mi  (cost=0.00..309384.22 rows=14739122 width=4) (actual time=0.015..3482.161 rows=14835720 loops=1)
  ->  Hash  (cost=123266.59..123266.59 rows=7336 width=8) (actual time=1729.509..1729.509 rows=5387 loops=1)
        Buckets: 8192  Batches: 1  Memory Usage: 275kB
        ->  Hash Join  (cost=69179.59..123266.59 rows=7336 width=8) (actual time=858.648..1727.199 rows=5387 loops=1)
              Hash Cond: (mc.movie_id = t.id)
              ->  Seq Scan on movie_companies mc  (cost=0.00..51404.11 rows=193209 width=4) (actual time=0.030..784.419 rows=192038 loops=1)
                    Filter: (company_id < 52)
                    Rows Removed by Filter: 2417091
              ->  Hash  (cost=67604.59..67604.59 rows=96000 width=4) (actual time=855.470..855.470 rows=95005 loops=1)
                    Buckets: 131072  Batches: 2  Memory Usage: 2716kB
                    ->  Seq Scan on title t  (cost=0.00..67604.59 rows=96000 width=4) (actual time=0.024..822.941 rows=95005 loops=1)
                          Filter: (production_year = 2005)
                          Rows Removed by Filter: 2433307
Planning time: 1.868 ms
Execution time: 8061.948 ms
