Seq Scan on movie_keyword mk  (cost=0.00..81003.12 rows=1717174 width=0) (actual time=0.015..694.857 rows=1725810 loops=1)
  Filter: (keyword_id > 8208)
  Rows Removed by Filter: 2798120
Planning time: 0.315 ms
Execution time: 827.415 ms
