Seq Scan on movie_keyword mk  (cost=0.00..81003.12 rows=246 width=0) (actual time=11.622..792.876 rows=265 loops=1)
  Filter: (keyword_id = 92)
  Rows Removed by Filter: 4523665
Planning time: 0.361 ms
Execution time: 793.073 ms
