Hash Join  (cost=156021.05..1018765.04 rows=3441 width=0) (actual time=5452.940..18810.581 rows=2073 loops=1)
  Hash Cond: (ci.movie_id = t.id)
  ->  Seq Scan on cast_info ci  (cost=0.00..796071.18 rows=17770232 width=4) (actual time=3081.880..14405.110 rows=14735200 loops=1)
        Filter: ((person_id < 2808355) AND (role_id > 1))
        Rows Removed by Filter: 21509144
  ->  Hash  (cost=156014.93..156014.93 rows=490 width=8) (actual time=2351.980..2351.980 rows=207 loops=1)
        Buckets: 1024  Batches: 1  Memory Usage: 17kB
        ->  Hash Join  (cost=73982.55..156014.93 rows=490 width=8) (actual time=1837.268..2351.880 rows=207 loops=1)
              Hash Cond: (mk.movie_id = t.id)
              ->  Seq Scan on movie_keyword mk  (cost=0.00..81003.12 rows=273160 width=4) (actual time=0.029..1283.035 rows=273067 loops=1)
                    Filter: (keyword_id > 57892)
                    Rows Removed by Filter: 4250863
              ->  Hash  (cost=73925.90..73925.90 rows=4532 width=4) (actual time=1014.210..1014.210 rows=8818 loops=1)
                    Buckets: 16384 (originally 8192)  Batches: 1 (originally 1)  Memory Usage: 439kB
                    ->  Seq Scan on title t  (cost=0.00..73925.90 rows=4532 width=4) (actual time=0.060..1009.957 rows=8818 loops=1)
                          Filter: ((kind_id = 7) AND (production_year = 1967))
                          Rows Removed by Filter: 2519494
Planning time: 0.751 ms
Execution time: 18811.348 ms
