Hash Join  (cost=843361.38..1436112.22 rows=1951740 width=0) (actual time=19478.317..32716.408 rows=6107505 loops=1)
  Hash Cond: (mi.movie_id = t.id)
  ->  Seq Scan on movie_info mi  (cost=0.00..309384.22 rows=14739122 width=4) (actual time=0.011..5541.929 rows=14835720 loops=1)
  ->  Hash  (cost=837868.07..837868.07 rows=334825 width=8) (actual time=19454.936..19454.936 rows=325130 loops=1)
        Buckets: 131072  Batches: 8  Memory Usage: 2643kB
        ->  Hash Join  (cost=68257.79..837868.07 rows=334825 width=8) (actual time=5961.107..18828.754 rows=325130 loops=1)
              Hash Cond: (ci.movie_id = t.id)
              ->  Seq Scan on cast_info ci  (cost=0.00..705507.15 rows=16201301 width=4) (actual time=4872.366..13106.334 rows=16121683 loops=1)
                    Filter: (role_id > 2)
                    Rows Removed by Filter: 20122661
              ->  Hash  (cost=67604.59..67604.59 rows=52256 width=4) (actual time=1088.243..1088.243 rows=53013 loops=1)
                    Buckets: 65536  Batches: 1  Memory Usage: 2376kB
                    ->  Seq Scan on title t  (cost=0.00..67604.59 rows=52256 width=4) (actual time=0.031..1066.026 rows=53013 loops=1)
                          Filter: (production_year = 2000)
                          Rows Removed by Filter: 2475299
Planning time: 1.585 ms
Execution time: 33273.354 ms
