Hash Join  (cost=52284.99..803089.06 rows=1490 width=0) (actual time=708.110..15509.167 rows=59371 loops=1)
  Hash Cond: (ci.movie_id = t.id)
  ->  Seq Scan on cast_info ci  (cost=0.00..614943.12 rows=36225612 width=4) (actual time=0.007..7541.301 rows=36244344 loops=1)
  ->  Hash  (cost=52283.69..52283.69 rows=104 width=8) (actual time=707.769..707.769 rows=559 loops=1)
        Buckets: 1024  Batches: 1  Memory Usage: 30kB
        ->  Nested Loop  (cost=0.43..52283.69 rows=104 width=8) (actual time=42.030..707.424 rows=559 loops=1)
              ->  Seq Scan on movie_companies mc  (cost=0.00..51404.11 rows=104 width=4) (actual time=41.962..694.443 rows=559 loops=1)
                    Filter: (company_id = 10700)
                    Rows Removed by Filter: 2608570
              ->  Index Only Scan using title_pkey on title t  (cost=0.43..8.45 rows=1 width=4) (actual time=0.022..0.022 rows=1 loops=559)
                    Index Cond: (id = mc.movie_id)
                    Heap Fetches: 559
Planning time: 0.627 ms
Execution time: 15521.151 ms
