Hash Join  (cost=52284.99..434057.08 rows=390 width=0) (actual time=1387.253..7935.721 rows=6839 loops=1)
  Hash Cond: (mi.movie_id = t.id)
  ->  Seq Scan on movie_info mi  (cost=0.00..346232.03 rows=9476311 width=4) (actual time=634.382..5749.511 rows=9565151 loops=1)
        Filter: (info_type_id < 16)
        Rows Removed by Filter: 5270569
  ->  Hash  (cost=52283.69..52283.69 rows=104 width=8) (actual time=744.416..744.416 rows=624 loops=1)
        Buckets: 1024  Batches: 1  Memory Usage: 33kB
        ->  Nested Loop  (cost=0.43..52283.69 rows=104 width=8) (actual time=1.513..743.997 rows=624 loops=1)
              ->  Seq Scan on movie_companies mc  (cost=0.00..51404.11 rows=104 width=4) (actual time=1.455..727.058 rows=624 loops=1)
                    Filter: (company_id = 22982)
                    Rows Removed by Filter: 2608505
              ->  Index Only Scan using title_pkey on title t  (cost=0.43..8.45 rows=1 width=4) (actual time=0.026..0.026 rows=1 loops=624)
                    Index Cond: (id = mc.movie_id)
                    Heap Fetches: 624
Planning time: 1.230 ms
Execution time: 7937.091 ms
