Seq Scan on movie_companies mc  (cost=0.00..51404.11 rows=1739973 width=0) (actual time=0.026..889.743 rows=1733028 loops=1)
  Filter: (company_id < 23185)
  Rows Removed by Filter: 876101
Planning time: 0.293 ms
Execution time: 1099.372 ms
