Hash Join  (cost=74712.48..831109.41 rows=316706 width=0) (actual time=3046.961..16583.312 rows=600844 loops=1)
  Hash Cond: (ci.movie_id = t.id)
  ->  Seq Scan on cast_info ci  (cost=0.00..705507.15 rows=12726058 width=4) (actual time=1944.337..11800.037 rows=12670688 loops=1)
        Filter: (role_id = 1)
        Rows Removed by Filter: 23573656
  ->  Hash  (cost=73925.90..73925.90 rows=62926 width=4) (actual time=1101.993..1101.993 rows=77497 loops=1)
        Buckets: 131072 (originally 65536)  Batches: 1 (originally 1)  Memory Usage: 3749kB
        ->  Seq Scan on title t  (cost=0.00..73925.90 rows=62926 width=4) (actual time=0.030..1072.434 rows=77497 loops=1)
              Filter: ((production_year < 2007) AND (kind_id = 3))
              Rows Removed by Filter: 2450815
Planning time: 0.732 ms
Execution time: 16663.547 ms
