Seq Scan on cast_info ci  (cost=0.00..705507.15 rows=11757805 width=0) (actual time=0.016..10743.290 rows=11824518 loops=1)
  Filter: (person_id > 2507906)
  Rows Removed by Filter: 24419826
Planning time: 0.309 ms
Execution time: 12298.517 ms
