Hash Join  (cost=71408.55..818818.82 rows=301205 width=0) (actual time=1633.077..12917.788 rows=268128 loops=1)
  Hash Cond: (ci.movie_id = t.id)
  ->  Seq Scan on cast_info ci  (cost=0.00..705507.15 rows=3285086 width=4) (actual time=678.091..10551.230 rows=3167083 loops=1)
        Filter: (person_id < 306860)
        Rows Removed by Filter: 33077261
  ->  Hash  (cost=67604.59..67604.59 rows=231837 width=4) (actual time=954.250..954.250 rows=231649 loops=1)
        Buckets: 131072  Batches: 4  Memory Usage: 3076kB
        ->  Seq Scan on title t  (cost=0.00..67604.59 rows=231837 width=4) (actual time=0.030..880.028 rows=231649 loops=1)
              Filter: (production_year > 2011)
              Rows Removed by Filter: 2296663
Planning time: 0.730 ms
Execution time: 12948.016 ms
