Hash Join  (cost=190230.21..973461.16 rows=2319436 width=0) (actual time=11246.031..19575.343 rows=5781735 loops=1)
  Hash Cond: (ci.movie_id = t.id)
  ->  Seq Scan on cast_info ci  (cost=0.00..705507.15 rows=4249715 width=4) (actual time=7228.993..10745.649 rows=4302483 loops=1)
        Filter: (person_id > 3273227)
        Rows Removed by Filter: 31941861
  ->  Hash  (cost=167588.78..167588.78 rows=1380035 width=8) (actual time=4015.429..4015.429 rows=1380035 loops=1)
        Buckets: 131072  Batches: 32  Memory Usage: 2708kB
        ->  Hash Join  (cost=102767.86..167588.78 rows=1380035 width=8) (actual time=1778.810..3632.731 rows=1380035 loops=1)
              Hash Cond: (mi_idx.movie_id = t.id)
              ->  Seq Scan on movie_info_idx mi_idx  (cost=0.00..21735.35 rows=1380035 width=4) (actual time=0.033..421.886 rows=1380035 loops=1)
              ->  Hash  (cost=61283.27..61283.27 rows=2528527 width=4) (actual time=1777.489..1777.489 rows=2528312 loops=1)
                    Buckets: 131072  Batches: 64  Memory Usage: 2415kB
                    ->  Seq Scan on title t  (cost=0.00..61283.27 rows=2528527 width=4) (actual time=0.019..927.081 rows=2528312 loops=1)
Planning time: 1.066 ms
Execution time: 20224.399 ms
