Nested Loop  (cost=0.43..709674.40 rows=232 width=0) (actual time=5501.776..9911.240 rows=23 loops=1)
  ->  Seq Scan on cast_info ci  (cost=0.00..705507.15 rows=500 width=4) (actual time=5501.209..9910.251 rows=46 loops=1)
        Filter: (person_id = 1500004)
        Rows Removed by Filter: 36244298
  ->  Index Scan using title_pkey on title t  (cost=0.43..8.32 rows=1 width=4) (actual time=0.020..0.020 rows=0 loops=46)
        Index Cond: (id = ci.movie_id)
        Filter: ((production_year < 2010) AND (kind_id = 7))
        Rows Removed by Filter: 0
Planning time: 0.764 ms
Execution time: 9911.363 ms
