Hash Join  (cost=74207.65..440177.47 rows=131389 width=0) (actual time=1150.737..7870.361 rows=179591 loops=1)
  Hash Cond: (mi.movie_id = t.id)
  ->  Seq Scan on movie_info mi  (cost=0.00..309384.22 rows=14739122 width=4) (actual time=0.010..3486.142 rows=14835720 loops=1)
  ->  Hash  (cost=73925.90..73925.90 rows=22540 width=4) (actual time=926.301..926.301 rows=20257 loops=1)
        Buckets: 32768  Batches: 1  Memory Usage: 969kB
        ->  Seq Scan on title t  (cost=0.00..73925.90 rows=22540 width=4) (actual time=203.993..917.056 rows=20257 loops=1)
              Filter: ((production_year < 1987) AND (kind_id = 2))
              Rows Removed by Filter: 2508055
Planning time: 0.872 ms
Execution time: 7894.607 ms
