Hash Join  (cost=102767.86..1064644.24 rows=6480074 width=0) (actual time=2558.050..17154.946 rows=2744123 loops=1)
  Hash Cond: (ci.movie_id = t.id)
  ->  Seq Scan on cast_info ci  (cost=0.00..796071.18 rows=6480074 width=4) (actual time=465.886..11980.785 rows=2744123 loops=1)
        Filter: ((person_id < 961803) AND (role_id > 1))
        Rows Removed by Filter: 33500221
  ->  Hash  (cost=61283.27..61283.27 rows=2528527 width=4) (actual time=2089.970..2089.970 rows=2528312 loops=1)
        Buckets: 131072  Batches: 64  Memory Usage: 2415kB
        ->  Seq Scan on title t  (cost=0.00..61283.27 rows=2528527 width=4) (actual time=0.017..910.515 rows=2528312 loops=1)
Planning time: 0.731 ms
Execution time: 17483.787 ms
