Hash Join  (cost=156649.15..255922.44 rows=225739 width=0) (actual time=3289.860..5442.598 rows=926828 loops=1)
  Hash Cond: (mk.movie_id = t.id)
  ->  Seq Scan on movie_keyword mk  (cost=0.00..81003.12 rows=1227674 width=4) (actual time=0.024..1342.210 rows=1238062 loops=1)
        Filter: (keyword_id > 14616)
        Rows Removed by Filter: 3285868
  ->  Hash  (cost=149020.47..149020.47 rows=464934 width=8) (actual time=3288.961..3288.961 rows=460185 loops=1)
        Buckets: 131072  Batches: 8  Memory Usage: 3286kB
        ->  Hash Join  (cost=102767.86..149020.47 rows=464934 width=8) (actual time=1798.359..3133.559 rows=460185 loops=1)
              Hash Cond: (mi_idx.movie_id = t.id)
              ->  Seq Scan on movie_info_idx mi_idx  (cost=0.00..25185.44 rows=464934 width=4) (actual time=0.033..494.423 rows=460185 loops=1)
                    Filter: (info_type_id > 100)
                    Rows Removed by Filter: 919850
              ->  Hash  (cost=61283.27..61283.27 rows=2528527 width=4) (actual time=1797.298..1797.298 rows=2528312 loops=1)
                    Buckets: 131072  Batches: 64  Memory Usage: 2415kB
                    ->  Seq Scan on title t  (cost=0.00..61283.27 rows=2528527 width=4) (actual time=0.011..947.492 rows=2528312 loops=1)
Planning time: 1.133 ms
Execution time: 5545.669 ms
