Seq Scan on movie_companies mc  (cost=0.00..51404.11 rows=2402416 width=0) (actual time=0.023..1004.872 rows=2401229 loops=1)
  Filter: (company_id < 111128)
  Rows Removed by Filter: 207900
Planning time: 0.313 ms
Execution time: 1325.046 ms
