Hash Join  (cost=83074.31..432343.11 rows=52 width=0) (actual time=2797.073..5993.923 rows=221 loops=1)
  Hash Cond: (mi.movie_id = t.id)
  ->  Seq Scan on movie_info mi  (cost=0.00..346232.03 rows=809669 width=4) (actual time=1639.155..4729.687 rows=802140 loops=1)
        Filter: (info_type_id = 1)
        Rows Removed by Filter: 14033580
  ->  Hash  (cost=83072.29..83072.29 rows=162 width=8) (actual time=1149.302..1149.302 rows=166 loops=1)
        Buckets: 1024  Batches: 1  Memory Usage: 15kB
        ->  Nested Loop  (cost=0.43..83072.29 rows=162 width=8) (actual time=24.450..1149.104 rows=166 loops=1)
              ->  Seq Scan on movie_keyword mk  (cost=0.00..81003.12 rows=246 width=4) (actual time=24.387..1140.163 rows=171 loops=1)
                    Filter: (keyword_id = 21169)
                    Rows Removed by Filter: 4523759
              ->  Index Scan using title_pkey on title t  (cost=0.43..8.40 rows=1 width=4) (actual time=0.049..0.049 rows=1 loops=171)
                    Index Cond: (id = mk.movie_id)
                    Filter: (production_year < 2008)
                    Rows Removed by Filter: 0
Planning time: 1.229 ms
Execution time: 5994.164 ms
