Hash Join  (cost=73938.02..160613.40 rows=1734 width=0) (actual time=887.343..2711.988 rows=3193 loops=1)
  Hash Cond: (mk.movie_id = t.id)
  ->  Seq Scan on movie_keyword mk  (cost=0.00..69693.30 rows=4523930 width=4) (actual time=0.021..1020.513 rows=4523930 loops=1)
  ->  Hash  (cost=73925.90..73925.90 rows=969 width=4) (actual time=887.095..887.095 rows=1334 loops=1)
        Buckets: 2048 (originally 1024)  Batches: 1 (originally 1)  Memory Usage: 63kB
        ->  Seq Scan on title t  (cost=0.00..73925.90 rows=969 width=4) (actual time=0.253..886.232 rows=1334 loops=1)
              Filter: ((kind_id = 2) AND (production_year = 1993))
              Rows Removed by Filter: 2526978
Planning time: 0.688 ms
Execution time: 2712.515 ms
