Hash Join  (cost=102767.86..944189.37 rows=1474113 width=0) (actual time=4334.870..13875.488 rows=484993 loops=1)
  Hash Cond: (ci.movie_id = t.id)
  ->  Seq Scan on cast_info ci  (cost=0.00..796071.18 rows=1474113 width=4) (actual time=2645.785..11414.618 rows=484993 loops=1)
        Filter: ((person_id < 1114087) AND (role_id > 9))
        Rows Removed by Filter: 35759351
  ->  Hash  (cost=61283.27..61283.27 rows=2528527 width=4) (actual time=1688.037..1688.037 rows=2528312 loops=1)
        Buckets: 131072  Batches: 64  Memory Usage: 2415kB
        ->  Seq Scan on title t  (cost=0.00..61283.27 rows=2528527 width=4) (actual time=0.022..845.366 rows=2528312 loops=1)
Planning time: 0.729 ms
Execution time: 13934.932 ms
