Seq Scan on cast_info ci  (cost=0.00..796071.18 rows=10069222 width=0) (actual time=0.030..13099.241 rows=15643006 loops=1)
  Filter: ((person_id > 2073445) AND (role_id > 1))
  Rows Removed by Filter: 20601338
Planning time: 0.354 ms
Execution time: 15006.396 ms
