Hash Join  (cost=184333.48..295442.36 rows=744514 width=0) (actual time=4288.333..7758.706 rows=3452599 loops=1)
  Hash Cond: (mk.movie_id = t.id)
  ->  Seq Scan on movie_keyword mk  (cost=0.00..81003.12 rows=1549232 width=4) (actual time=0.020..1434.739 rows=1563046 loops=1)
        Filter: (keyword_id > 10039)
        Rows Removed by Filter: 2960884
  ->  Hash  (cost=164397.32..164397.32 rows=1215133 width=8) (actual time=4286.294..4286.294 rows=1310384 loops=1)
        Buckets: 131072 (originally 131072)  Batches: 32 (originally 16)  Memory Usage: 3073kB
        ->  Hash Join  (cost=104131.46..164397.32 rows=1215133 width=8) (actual time=1917.446..3866.037 rows=1310384 loops=1)
              Hash Cond: (mi_idx.movie_id = t.id)
              ->  Seq Scan on movie_info_idx mi_idx  (cost=0.00..21735.35 rows=1380035 width=4) (actual time=0.013..464.974 rows=1380035 loops=1)
              ->  Hash  (cost=67604.59..67604.59 rows=2226390 width=4) (actual time=1916.092..1916.092 rows=2224569 loops=1)
                    Buckets: 131072  Batches: 32  Memory Usage: 3463kB
                    ->  Seq Scan on title t  (cost=0.00..67604.59 rows=2226390 width=4) (actual time=0.011..1210.338 rows=2224569 loops=1)
                          Filter: (production_year < 2012)
                          Rows Removed by Filter: 303743
Planning time: 1.091 ms
Execution time: 8170.747 ms
