Hash Join  (cost=92128.39..129001.20 rows=202270 width=0) (actual time=1572.467..2417.737 rows=108200 loops=1)
  Hash Cond: (mi_idx.movie_id = t.id)
  ->  Seq Scan on movie_info_idx mi_idx  (cost=0.00..25185.44 rows=460978 width=4) (actual time=0.023..386.872 rows=459925 loops=1)
        Filter: (info_type_id = 99)
        Rows Removed by Filter: 920110
  ->  Hash  (cost=73925.90..73925.90 rows=1109479 width=4) (actual time=1571.525..1571.525 rows=1201090 loops=1)
        Buckets: 131072  Batches: 16  Memory Usage: 3674kB
        ->  Seq Scan on title t  (cost=0.00..73925.90 rows=1109479 width=4) (actual time=0.020..1197.847 rows=1201090 loops=1)
              Filter: ((production_year > 1987) AND (kind_id = 7))
              Rows Removed by Filter: 1327222
Planning time: 0.760 ms
Execution time: 2426.884 ms
