Seq Scan on movie_keyword mk  (cost=0.00..81003.12 rows=749334 width=0) (actual time=0.030..900.854 rows=755342 loops=1)
  Filter: (keyword_id > 24765)
  Rows Removed by Filter: 3768588
Planning time: 0.299 ms
Execution time: 974.096 ms
