Hash Join  (cost=145459.16..532611.85 rows=411693 width=0) (actual time=6398.893..9945.615 rows=394253 loops=1)
  Hash Cond: (mi.movie_id = t.id)
  ->  Seq Scan on movie_info mi  (cost=0.00..346232.03 rows=3068194 width=4) (actual time=3176.195..5251.979 rows=3036719 loops=1)
        Filter: (info_type_id = 16)
        Rows Removed by Filter: 11799001
  ->  Hash  (cost=139892.16..139892.16 rows=339280 width=8) (actual time=3221.537..3221.537 rows=250045 loops=1)
        Buckets: 131072  Batches: 8  Memory Usage: 2255kB
        ->  Hash Join  (cost=98137.04..139892.16 rows=339280 width=8) (actual time=1746.665..3095.595 rows=250045 loops=1)
              Hash Cond: (mi_idx.movie_id = t.id)
              ->  Seq Scan on movie_info_idx mi_idx  (cost=0.00..25185.44 rows=460978 width=4) (actual time=0.036..476.160 rows=459925 loops=1)
                    Filter: (info_type_id = 99)
                    Rows Removed by Filter: 920110
              ->  Hash  (cost=67604.59..67604.59 rows=1860996 width=4) (actual time=1745.776..1745.776 rows=1865487 loops=1)
                    Buckets: 131072  Batches: 32  Memory Usage: 3079kB
                    ->  Seq Scan on title t  (cost=0.00..67604.59 rows=1860996 width=4) (actual time=0.027..1169.668 rows=1865487 loops=1)
                          Filter: (kind_id > 1)
                          Rows Removed by Filter: 662825
Planning time: 1.098 ms
Execution time: 9996.776 ms
