Hash Join  (cost=97476.44..492328.34 rows=1493341 width=0) (actual time=3189.621..8685.006 rows=1371440 loops=1)
  Hash Cond: (mi.movie_id = t.id)
  ->  Seq Scan on movie_info mi  (cost=0.00..346232.03 rows=2073893 width=4) (actual time=1037.407..4686.048 rows=2091068 loops=1)
        Filter: (info_type_id < 3)
        Rows Removed by Filter: 12744652
  ->  Hash  (cost=67604.59..67604.59 rows=1820708 width=4) (actual time=2151.389..2151.389 rows=1813245 loops=1)
        Buckets: 131072  Batches: 32  Memory Usage: 3030kB
        ->  Seq Scan on title t  (cost=0.00..67604.59 rows=1820708 width=4) (actual time=0.028..1252.833 rows=1813245 loops=1)
              Filter: (production_year > 1987)
              Rows Removed by Filter: 715067
Planning time: 1.808 ms
Execution time: 8852.562 ms
