Hash Join  (cost=495503.07..583809.21 rows=961562 width=0) (actual time=8328.471..10637.151 rows=800774 loops=1)
  Hash Cond: (mc.movie_id = t.id)
  ->  Seq Scan on movie_companies mc  (cost=0.00..44881.29 rows=2609129 width=4) (actual time=0.021..817.218 rows=2609129 loops=1)
  ->  Hash  (cost=480213.86..480213.86 rows=931857 width=8) (actual time=8327.398..8327.398 rows=369470 loops=1)
        Buckets: 131072  Batches: 16  Memory Usage: 1928kB
        ->  Hash Join  (cost=98864.94..480213.86 rows=931857 width=8) (actual time=4349.037..8217.577 rows=369470 loops=1)
              Hash Cond: (mi.movie_id = t.id)
              ->  Seq Scan on movie_info mi  (cost=0.00..346232.03 rows=1550064 width=4) (actual time=2495.831..5002.557 rows=1533909 loops=1)
                    Filter: (info_type_id = 3)
                    Rows Removed by Filter: 13301811
              ->  Hash  (cost=73925.90..73925.90 rows=1520083 width=4) (actual time=1852.259..1852.259 rows=1507233 loops=1)
                    Buckets: 131072  Batches: 32  Memory Usage: 2686kB
                    ->  Seq Scan on title t  (cost=0.00..73925.90 rows=1520083 width=4) (actual time=0.024..1356.621 rows=1507233 loops=1)
                          Filter: ((kind_id > 1) AND (production_year < 2011))
                          Rows Removed by Filter: 1021079
Planning time: 1.118 ms
Execution time: 10739.262 ms
