Hash Join  (cost=102767.86..1018116.51 rows=4546429 width=0) (actual time=1854.964..17560.616 rows=5251077 loops=1)
  Hash Cond: (ci.movie_id = t.id)
  ->  Seq Scan on cast_info ci  (cost=0.00..796071.18 rows=4546429 width=4) (actual time=3.899..11245.734 rows=5251077 loops=1)
        Filter: ((person_id < 584568) AND (role_id < 5))
        Rows Removed by Filter: 30993267
  ->  Hash  (cost=61283.27..61283.27 rows=2528527 width=4) (actual time=1826.497..1826.497 rows=2528312 loops=1)
        Buckets: 131072  Batches: 64  Memory Usage: 2415kB
        ->  Seq Scan on title t  (cost=0.00..61283.27 rows=2528527 width=4) (actual time=0.016..954.846 rows=2528312 loops=1)
Planning time: 0.702 ms
Execution time: 18152.887 ms
