Seq Scan on movie_companies mc  (cost=0.00..57926.93 rows=53 width=0) (actual time=701.552..828.190 rows=3 loops=1)
  Filter: ((company_type_id > 1) AND (company_id = 60900))
  Rows Removed by Filter: 2609126
Planning time: 0.375 ms
Execution time: 828.278 ms
