Hash Join  (cost=137528.28..258895.62 rows=346812 width=0) (actual time=3497.634..6041.009 rows=272619 loops=1)
  Hash Cond: (mk.movie_id = t.id)
  ->  Seq Scan on movie_keyword mk  (cost=0.00..81003.12 rows=3095226 width=4) (actual time=0.014..1570.471 rows=3079024 loops=1)
        Filter: (keyword_id > 2021)
        Rows Removed by Filter: 1444906
  ->  Hash  (cost=132879.85..132879.85 rows=283315 width=8) (actual time=3276.468..3276.468 rows=141906 loops=1)
        Buckets: 131072  Batches: 4  Memory Usage: 2413kB
        ->  Hash Join  (cost=92883.59..132879.85 rows=283315 width=8) (actual time=2265.886..3233.797 rows=141906 loops=1)
              Hash Cond: (mi_idx.movie_id = t.id)
              ->  Seq Scan on movie_info_idx mi_idx  (cost=0.00..25185.44 rows=464934 width=4) (actual time=0.015..482.162 rows=460185 loops=1)
                    Filter: (info_type_id > 100)
                    Rows Removed by Filter: 919850
              ->  Hash  (cost=67604.59..67604.59 rows=1540800 width=4) (actual time=2264.388..2264.388 rows=1543264 loops=1)
                    Buckets: 131072  Batches: 32  Memory Usage: 2722kB
                    ->  Seq Scan on title t  (cost=0.00..67604.59 rows=1540800 width=4) (actual time=0.020..987.391 rows=1543264 loops=1)
                          Filter: (kind_id = 7)
                          Rows Removed by Filter: 985048
Planning time: 1.079 ms
Execution time: 6075.754 ms
