Hash Join  (cost=77474.80..117192.89 rows=118060 width=0) (actual time=1771.464..2747.977 rows=269914 loops=1)
  Hash Cond: (mi_idx.movie_id = t.id)
  ->  Seq Scan on movie_info_idx mi_idx  (cost=0.00..21735.35 rows=1380035 width=4) (actual time=0.024..379.431 rows=1380035 loops=1)
  ->  Hash  (cost=73925.90..73925.90 rows=216312 width=4) (actual time=1770.788..1770.788 rows=327454 loops=1)
        Buckets: 131072  Batches: 4  Memory Usage: 3902kB
        ->  Seq Scan on title t  (cost=0.00..73925.90 rows=216312 width=4) (actual time=0.093..1044.724 rows=327454 loops=1)
              Filter: ((kind_id < 7) AND (production_year < 1983))
              Rows Removed by Filter: 2200858
Planning time: 0.680 ms
Execution time: 2774.145 ms
