Hash Join  (cost=83743.23..165811.66 rows=481229 width=0) (actual time=1404.916..3701.482 rows=688368 loops=1)
  Hash Cond: (mc.movie_id = t.id)
  ->  Seq Scan on movie_companies mc  (cost=0.00..51404.11 rows=2033607 width=4) (actual time=0.019..1143.576 rows=2029456 loops=1)
        Filter: (company_id < 71079)
        Rows Removed by Filter: 579673
  ->  Hash  (cost=73925.90..73925.90 rows=598346 width=4) (actual time=1404.015..1404.015 rows=507407 loops=1)
        Buckets: 131072  Batches: 8  Memory Usage: 3251kB
        ->  Seq Scan on title t  (cost=0.00..73925.90 rows=598346 width=4) (actual time=0.030..1242.154 rows=507407 loops=1)
              Filter: ((kind_id < 7) AND (production_year > 1997))
              Rows Removed by Filter: 2020905
Planning time: 1.608 ms
Execution time: 3777.569 ms
