Seq Scan on cast_info ci  (cost=0.00..796071.18 rows=1203813 width=0) (actual time=5797.471..12900.422 rows=1210916 loops=1)
  Filter: ((person_id > 1082814) AND (role_id = 8))
  Rows Removed by Filter: 35033428
Planning time: 1.088 ms
Execution time: 13055.345 ms
