Seq Scan on movie_keyword mk  (cost=0.00..81003.12 rows=1197467 width=0) (actual time=0.014..1212.334 rows=1200104 loops=1)
  Filter: (keyword_id < 1479)
  Rows Removed by Filter: 3323826
Planning time: 0.294 ms
Execution time: 1365.477 ms
