Seq Scan on movie_keyword mk  (cost=0.00..81003.12 rows=246 width=0) (actual time=2.032..1199.760 rows=672 loops=1)
  Filter: (keyword_id = 7423)
  Rows Removed by Filter: 4523258
Planning time: 0.271 ms
Execution time: 1200.084 ms
