Nested Loop  (cost=0.43..58375.18 rows=53 width=0) (actual time=128.009..827.754 rows=177 loops=1)
  ->  Seq Scan on movie_companies mc  (cost=0.00..57926.93 rows=53 width=4) (actual time=127.922..810.213 rows=177 loops=1)
        Filter: ((company_type_id > 1) AND (company_id = 4572))
        Rows Removed by Filter: 2608952
  ->  Index Only Scan using title_pkey on title t  (cost=0.43..8.45 rows=1 width=4) (actual time=0.097..0.098 rows=1 loops=177)
        Index Cond: (id = mc.movie_id)
        Heap Fetches: 177
Planning time: 0.690 ms
Execution time: 827.878 ms
