Hash Join  (cost=95609.53..246420.95 rows=2364638 width=0) (actual time=1906.243..6480.118 rows=1317349 loops=1)
  Hash Cond: (mk.movie_id = t.id)
  ->  Seq Scan on movie_keyword mk  (cost=0.00..69693.30 rows=4523930 width=4) (actual time=0.024..1357.978 rows=4523930 loops=1)
  ->  Hash  (cost=73925.90..73925.90 rows=1321650 width=4) (actual time=1903.566..1903.566 rows=1298128 loops=1)
        Buckets: 131072  Batches: 32  Memory Usage: 2456kB
        ->  Seq Scan on title t  (cost=0.00..73925.90 rows=1321650 width=4) (actual time=0.020..1460.144 rows=1298128 loops=1)
              Filter: ((kind_id > 1) AND (production_year < 2009))
              Rows Removed by Filter: 1230184
Planning time: 0.739 ms
Execution time: 6645.411 ms
