Seq Scan on movie_companies mc  (cost=0.00..57926.93 rows=51 width=0) (actual time=337.538..681.850 rows=214 loops=1)
  Filter: ((company_id = 830) AND (company_type_id = 1))
  Rows Removed by Filter: 2608915
Planning time: 0.317 ms
Execution time: 681.988 ms
