Seq Scan on cast_info ci  (cost=0.00..705507.15 rows=9454261 width=0) (actual time=0.240..10224.804 rows=9447149 loops=1)
  Filter: (person_id > 2760775)
  Rows Removed by Filter: 26797195
Planning time: 0.301 ms
Execution time: 11430.205 ms
