Hash Join  (cost=139635.72..256679.39 rows=449220 width=0) (actual time=3121.887..6987.730 rows=5126441 loops=1)
  Hash Cond: (mk.movie_id = t.id)
  ->  Seq Scan on movie_keyword mk  (cost=0.00..81003.12 rows=2579561 width=4) (actual time=0.023..1511.453 rows=2570797 loops=1)
        Filter: (keyword_id < 6589)
        Rows Removed by Filter: 1953133
  ->  Hash  (cost=132410.55..132410.55 rows=440333 width=8) (actual time=3121.027..3121.027 rows=877706 loops=1)
        Buckets: 131072 (originally 131072)  Batches: 16 (originally 8)  Memory Usage: 3188kB
        ->  Hash Join  (cost=87162.74..132410.55 rows=440333 width=8) (actual time=1454.104..2862.781 rows=877706 loops=1)
              Hash Cond: (mi_idx.movie_id = t.id)
              ->  Seq Scan on movie_info_idx mi_idx  (cost=0.00..21735.35 rows=1380035 width=4) (actual time=0.015..380.540 rows=1380035 loops=1)
              ->  Hash  (cost=73925.90..73925.90 rows=806787 width=4) (actual time=1453.042..1453.042 rows=843018 loops=1)
                    Buckets: 131072  Batches: 16  Memory Usage: 2879kB
                    ->  Seq Scan on title t  (cost=0.00..73925.90 rows=806787 width=4) (actual time=0.023..1199.057 rows=843018 loops=1)
                          Filter: ((kind_id < 7) AND (production_year < 2011))
                          Rows Removed by Filter: 1685294
Planning time: 1.131 ms
Execution time: 7453.044 ms
