Seq Scan on movie_keyword mk  (cost=0.00..81003.12 rows=246 width=0) (actual time=18.567..1188.410 rows=84 loops=1)
  Filter: (keyword_id = 22938)
  Rows Removed by Filter: 4523846
Planning time: 0.432 ms
Execution time: 1188.558 ms
