Seq Scan on cast_info ci  (cost=0.00..796071.18 rows=2486288 width=0) (actual time=1165.481..11793.014 rows=2002949 loops=1)
  Filter: ((person_id > 2440678) AND (role_id = 2))
  Rows Removed by Filter: 34241395
Planning time: 0.359 ms
Execution time: 12048.733 ms
