Seq Scan on movie_keyword mk  (cost=0.00..81003.12 rows=246 width=0) (actual time=2.724..1145.420 rows=192 loops=1)
  Filter: (keyword_id = 1736)
  Rows Removed by Filter: 4523738
Planning time: 0.330 ms
Execution time: 1145.622 ms
