Hash Join  (cost=133405.01..886218.54 rows=202437 width=0) (actual time=2152.754..17360.719 rows=1106481 loops=1)
  Hash Cond: (ci.movie_id = t.id)
  ->  Seq Scan on cast_info ci  (cost=0.00..614943.12 rows=36225612 width=4) (actual time=0.017..6878.928 rows=36244344 loops=1)
  ->  Hash  (cost=133228.38..133228.38 rows=14130 width=8) (actual time=2152.579..2152.579 rows=22929 loops=1)
        Buckets: 32768 (originally 16384)  Batches: 1 (originally 1)  Memory Usage: 1152kB
        ->  Hash Join  (cost=74148.17..133228.38 rows=14130 width=8) (actual time=1015.087..2144.186 rows=22929 loops=1)
              Hash Cond: (mc.movie_id = t.id)
              ->  Seq Scan on movie_companies mc  (cost=0.00..51404.11 rows=2009280 width=4) (actual time=0.013..813.079 rows=2004133 loops=1)
                    Filter: (company_id < 66123)
                    Rows Removed by Filter: 604996
              ->  Hash  (cost=73925.90..73925.90 rows=17781 width=4) (actual time=1014.635..1014.635 rows=13117 loops=1)
                    Buckets: 32768  Batches: 1  Memory Usage: 718kB
                    ->  Seq Scan on title t  (cost=0.00..73925.90 rows=17781 width=4) (actual time=0.186..1008.625 rows=13117 loops=1)
                          Filter: ((kind_id < 4) AND (production_year = 2000))
                          Rows Removed by Filter: 2515195
Planning time: 1.145 ms
Execution time: 17502.615 ms
