Nested Loop  (cost=0.43..83072.90 rows=35 width=0) (actual time=12.571..1170.097 rows=55 loops=1)
  ->  Seq Scan on movie_keyword mk  (cost=0.00..81003.12 rows=246 width=4) (actual time=6.802..1162.417 rows=189 loops=1)
        Filter: (keyword_id = 3180)
        Rows Removed by Filter: 4523741
  ->  Index Scan using title_pkey on title t  (cost=0.43..8.40 rows=1 width=4) (actual time=0.038..0.039 rows=0 loops=189)
        Index Cond: (id = mk.movie_id)
        Filter: ((production_year > 2000) AND (kind_id = 1))
        Rows Removed by Filter: 1
Planning time: 5.675 ms
Execution time: 1170.264 ms
