Hash Join  (cost=102767.86..244732.14 rows=2122902 width=0) (actual time=1958.475..5716.685 rows=2124879 loops=1)
  Hash Cond: (mk.movie_id = t.id)
  ->  Seq Scan on movie_keyword mk  (cost=0.00..81003.12 rows=2122902 width=4) (actual time=0.016..1484.089 rows=2124879 loops=1)
        Filter: (keyword_id < 3919)
        Rows Removed by Filter: 2399051
  ->  Hash  (cost=61283.27..61283.27 rows=2528527 width=4) (actual time=1957.510..1957.510 rows=2528312 loops=1)
        Buckets: 131072  Batches: 64  Memory Usage: 2425kB
        ->  Seq Scan on title t  (cost=0.00..61283.27 rows=2528527 width=4) (actual time=0.020..954.081 rows=2528312 loops=1)
Planning time: 0.496 ms
Execution time: 5965.322 ms
