Hash Join  (cost=160971.88..304992.24 rows=1342259 width=0) (actual time=3607.635..7830.396 rows=1122060 loops=1)
  Hash Cond: (mk.movie_id = t.id)
  ->  Seq Scan on movie_keyword mk  (cost=0.00..81003.12 rows=4002572 width=4) (actual time=0.013..1679.795 rows=4011708 loops=1)
        Filter: (keyword_id < 35381)
        Rows Removed by Filter: 512222
  ->  Hash  (cost=147059.64..147059.64 rows=847939 width=8) (actual time=3605.919..3605.919 rows=442380 loops=1)
        Buckets: 131072  Batches: 16  Memory Usage: 2110kB
        ->  Hash Join  (cost=93093.72..147059.64 rows=847939 width=8) (actual time=2017.150..3469.121 rows=442380 loops=1)
              Hash Cond: (mi_idx.movie_id = t.id)
              ->  Seq Scan on movie_info_idx mi_idx  (cost=0.00..21735.35 rows=1380035 width=4) (actual time=0.026..453.378 rows=1380035 loops=1)
              ->  Hash  (cost=67604.59..67604.59 rows=1553611 width=4) (actual time=2000.717..2000.717 rows=1555864 loops=1)
                    Buckets: 131072  Batches: 32  Memory Usage: 2734kB
                    ->  Seq Scan on title t  (cost=0.00..67604.59 rows=1553611 width=4) (actual time=0.014..1156.227 rows=1555864 loops=1)
                          Filter: (kind_id > 4)
                          Rows Removed by Filter: 972448
Planning time: 1.130 ms
Execution time: 7969.731 ms
