Hash Join  (cost=128478.61..930312.08 rows=1051587 width=0) (actual time=6542.144..18669.245 rows=2033420 loops=1)
  Hash Cond: (ci.movie_id = t.id)
  ->  Seq Scan on cast_info ci  (cost=0.00..705507.15 rows=7298253 width=4) (actual time=3904.509..12050.999 rows=7451973 loops=1)
        Filter: (role_id = 2)
        Rows Removed by Filter: 28792371
  ->  Hash  (cost=122500.50..122500.50 rows=364329 width=8) (actual time=2636.459..2636.459 rows=435281 loops=1)
        Buckets: 131072  Batches: 8  Memory Usage: 3158kB
        ->  Hash Join  (cost=78556.72..122500.50 rows=364329 width=8) (actual time=1255.390..2504.669 rows=435281 loops=1)
              Hash Cond: (mi_idx.movie_id = t.id)
              ->  Seq Scan on movie_info_idx mi_idx  (cost=0.00..21735.35 rows=1380035 width=4) (actual time=0.021..398.900 rows=1380035 loops=1)
              ->  Hash  (cost=67604.59..67604.59 rows=667531 width=4) (actual time=1253.877..1253.877 rows=662834 loops=1)
                    Buckets: 131072  Batches: 16  Memory Usage: 2478kB
                    ->  Seq Scan on title t  (cost=0.00..67604.59 rows=667531 width=4) (actual time=0.035..1036.207 rows=662834 loops=1)
                          Filter: (production_year < 1989)
                          Rows Removed by Filter: 1865478
Planning time: 1.148 ms
Execution time: 18925.792 ms
