Hash Join  (cost=128700.80..920654.90 rows=28714 width=0) (actual time=2178.109..20092.564 rows=97986 loops=1)
  Hash Cond: (ci.movie_id = t.id)
  ->  Seq Scan on cast_info ci  (cost=0.00..705507.15 rows=22975947 width=4) (actual time=0.017..13098.883 rows=23029012 loops=1)
        Filter: (person_id > 1303926)
        Rows Removed by Filter: 13215332
  ->  Hash  (cost=128661.30..128661.30 rows=3160 width=8) (actual time=2177.757..2177.757 rows=9502 loops=1)
        Buckets: 16384 (originally 4096)  Batches: 1 (originally 1)  Memory Usage: 500kB
        ->  Hash Join  (cost=73964.18..128661.30 rows=3160 width=8) (actual time=1074.004..2173.389 rows=9502 loops=1)
              Hash Cond: (mc.movie_id = t.id)
              ->  Seq Scan on movie_companies mc  (cost=0.00..44881.29 rows=2609129 width=4) (actual time=0.032..564.338 rows=2609129 loops=1)
              ->  Hash  (cost=73925.90..73925.90 rows=3062 width=4) (actual time=1073.627..1073.627 rows=6309 loops=1)
                    Buckets: 8192 (originally 4096)  Batches: 1 (originally 1)  Memory Usage: 286kB
                    ->  Seq Scan on title t  (cost=0.00..73925.90 rows=3062 width=4) (actual time=37.935..1070.785 rows=6309 loops=1)
                          Filter: ((kind_id = 4) AND (production_year = 2003))
                          Rows Removed by Filter: 2522003
Planning time: 1.206 ms
Execution time: 20108.146 ms
