Hash Join  (cost=97468.80..228659.85 rows=1467733 width=0) (actual time=1482.095..5134.143 rows=817884 loops=1)
  Hash Cond: (mk.movie_id = t.id)
  ->  Seq Scan on movie_keyword mk  (cost=0.00..81003.12 rows=2586291 width=4) (actual time=0.025..1357.702 rows=2576624 loops=1)
        Filter: (keyword_id < 6678)
        Rows Removed by Filter: 1947306
  ->  Hash  (cost=73925.90..73925.90 rows=1434952 width=4) (actual time=1481.091..1481.091 rows=1560688 loops=1)
        Buckets: 131072  Batches: 32  Memory Usage: 2755kB
        ->  Seq Scan on title t  (cost=0.00..73925.90 rows=1434952 width=4) (actual time=0.013..1053.472 rows=1560688 loops=1)
              Filter: ((kind_id > 1) AND (production_year > 1979))
              Rows Removed by Filter: 967624
Planning time: 0.700 ms
Execution time: 5237.778 ms
