Seq Scan on movie_keyword mk  (cost=0.00..81003.12 rows=835423 width=0) (actual time=0.025..1209.674 rows=840933 loops=1)
  Filter: (keyword_id > 21820)
  Rows Removed by Filter: 3682997
Planning time: 0.291 ms
Execution time: 1318.740 ms
