Seq Scan on cast_info ci  (cost=0.00..705507.15 rows=500 width=0) (actual time=217.688..8659.041 rows=116 loops=1)
  Filter: (person_id = 2944580)
  Rows Removed by Filter: 36244228
Planning time: 0.339 ms
Execution time: 8659.133 ms
