Seq Scan on movie_keyword mk  (cost=0.00..81003.12 rows=167026 width=0) (actual time=0.017..1252.381 rows=161535 loops=1)
  Filter: (keyword_id > 72708)
  Rows Removed by Filter: 4362395
Planning time: 0.229 ms
Execution time: 1278.220 ms
