Seq Scan on cast_info ci  (cost=0.00..796071.18 rows=324 width=0) (actual time=8049.942..13025.887 rows=33 loops=1)
  Filter: ((role_id > 1) AND (person_id = 2913766))
  Rows Removed by Filter: 36244311
Planning time: 0.390 ms
Execution time: 13026.037 ms
