Hash Join  (cost=92883.59..228932.96 rows=1580163 width=0) (actual time=2359.715..5197.676 rows=385499 loops=1)
  Hash Cond: (mk.movie_id = t.id)
  ->  Seq Scan on movie_keyword mk  (cost=0.00..81003.12 rows=2593123 width=4) (actual time=0.021..1564.656 rows=2576846 loops=1)
        Filter: (keyword_id > 3363)
        Rows Removed by Filter: 1947084
  ->  Hash  (cost=67604.59..67604.59 rows=1540800 width=4) (actual time=1700.174..1700.174 rows=1543264 loops=1)
        Buckets: 131072  Batches: 32  Memory Usage: 2728kB
        ->  Seq Scan on title t  (cost=0.00..67604.59 rows=1540800 width=4) (actual time=0.029..1204.701 rows=1543264 loops=1)
              Filter: (kind_id = 7)
              Rows Removed by Filter: 985048
Planning time: 2.280 ms
Execution time: 5239.883 ms
