Hash Join  (cost=188113.47..1238079.08 rows=6980813 width=0) (actual time=5055.993..29561.850 rows=4188067 loops=1)
  Hash Cond: (ci.movie_id = t.id)
  ->  Seq Scan on cast_info ci  (cost=0.00..705507.15 rows=23499554 width=4) (actual time=1295.630..14693.635 rows=23573656 loops=1)
        Filter: (role_id > 1)
        Rows Removed by Filter: 12670688
  ->  Hash  (cost=175789.37..175789.37 rows=751128 width=8) (actual time=3759.489..3759.489 rows=174349 loops=1)
        Buckets: 131072  Batches: 16  Memory Usage: 1444kB
        ->  Hash Join  (cost=94403.79..175789.37 rows=751128 width=8) (actual time=1943.264..3706.912 rows=174349 loops=1)
              Hash Cond: (mc.movie_id = t.id)
              ->  Seq Scan on movie_companies mc  (cost=0.00..51404.11 rows=1521649 width=4) (actual time=0.033..1005.655 rows=1526803 loops=1)
                    Filter: (company_id > 6941)
                    Rows Removed by Filter: 1082326
              ->  Hash  (cost=73925.90..73925.90 rows=1248151 width=4) (actual time=1712.930..1712.930 rows=1332982 loops=1)
                    Buckets: 131072  Batches: 32  Memory Usage: 2493kB
                    ->  Seq Scan on title t  (cost=0.00..73925.90 rows=1248151 width=4) (actual time=0.018..1300.809 rows=1332982 loops=1)
                          Filter: ((production_year > 1972) AND (kind_id = 7))
                          Rows Removed by Filter: 1195330
Planning time: 1.150 ms
Execution time: 30021.245 ms
