Hash Join  (cost=78556.72..154205.83 rows=280946 width=0) (actual time=1514.575..3155.491 rows=622438 loops=1)
  Hash Cond: (mc.movie_id = t.id)
  ->  Seq Scan on movie_companies mc  (cost=0.00..57926.93 rows=1064190 width=4) (actual time=0.023..1075.208 rows=1194548 loops=1)
        Filter: ((company_id > 475) AND (company_type_id > 1))
        Rows Removed by Filter: 1414581
  ->  Hash  (cost=67604.59..67604.59 rows=667531 width=4) (actual time=1198.930..1198.930 rows=662825 loops=1)
        Buckets: 131072  Batches: 16  Memory Usage: 2476kB
        ->  Seq Scan on title t  (cost=0.00..67604.59 rows=667531 width=4) (actual time=432.404..989.523 rows=662825 loops=1)
              Filter: (kind_id = 1)
              Rows Removed by Filter: 1865487
Planning time: 0.682 ms
Execution time: 3231.827 ms
