Seq Scan on cast_info ci  (cost=0.00..796071.18 rows=176 width=0) (actual time=13328.076..14254.415 rows=384 loops=1)
  Filter: ((role_id < 2) AND (person_id = 1728459))
  Rows Removed by Filter: 36243960
Planning time: 0.479 ms
Execution time: 14254.588 ms
