Seq Scan on movie_keyword mk  (cost=0.00..81003.12 rows=246 width=0) (actual time=4.994..1153.043 rows=797 loops=1)
  Filter: (keyword_id = 2873)
  Rows Removed by Filter: 4523133
Planning time: 0.318 ms
Execution time: 1153.451 ms
