Hash Join  (cost=83074.74..451427.09 rows=574 width=0) (actual time=1119.623..7181.441 rows=7001 loops=1)
  Hash Cond: (mi.movie_id = t.id)
  ->  Seq Scan on movie_info mi  (cost=0.00..346232.03 rows=5897221 width=4) (actual time=0.028..5253.579 rows=5884963 loops=1)
        Filter: (info_type_id < 7)
        Rows Removed by Filter: 8950757
  ->  Hash  (cost=83071.67..83071.67 rows=246 width=8) (actual time=1119.470..1119.470 rows=722 loops=1)
        Buckets: 1024  Batches: 1  Memory Usage: 37kB
        ->  Nested Loop  (cost=0.43..83071.67 rows=246 width=8) (actual time=1.167..1118.941 rows=722 loops=1)
              ->  Seq Scan on movie_keyword mk  (cost=0.00..81003.12 rows=246 width=4) (actual time=1.108..1102.084 rows=722 loops=1)
                    Filter: (keyword_id = 1946)
                    Rows Removed by Filter: 4523208
              ->  Index Only Scan using title_pkey on title t  (cost=0.43..8.40 rows=1 width=4) (actual time=0.021..0.022 rows=1 loops=722)
                    Index Cond: (id = mk.movie_id)
                    Heap Fetches: 722
Planning time: 1.130 ms
Execution time: 7182.846 ms
