Hash Join  (cost=83073.49..882269.38 rows=32 width=0) (actual time=2637.987..11263.187 rows=20 loops=1)
  Hash Cond: (ci.movie_id = t.id)
  ->  Seq Scan on cast_info ci  (cost=0.00..796071.18 rows=833172 width=4) (actual time=1538.360..10047.666 rows=891160 loops=1)
        Filter: ((person_id < 104362) AND (role_id < 5))
        Rows Removed by Filter: 35353184
  ->  Hash  (cost=83072.29..83072.29 rows=96 width=8) (actual time=1089.143..1089.143 rows=20 loops=1)
        Buckets: 1024  Batches: 1  Memory Usage: 9kB
        ->  Nested Loop  (cost=0.43..83072.29 rows=96 width=8) (actual time=27.260..1089.107 rows=20 loops=1)
              ->  Seq Scan on movie_keyword mk  (cost=0.00..81003.12 rows=246 width=4) (actual time=27.198..1087.795 rows=32 loops=1)
                    Filter: (keyword_id = 9050)
                    Rows Removed by Filter: 4523898
              ->  Index Scan using title_pkey on title t  (cost=0.43..8.40 rows=1 width=4) (actual time=0.036..0.036 rows=1 loops=32)
                    Index Cond: (id = mk.movie_id)
                    Filter: (kind_id < 7)
                    Rows Removed by Filter: 0
Planning time: 1.168 ms
Execution time: 11263.311 ms
