Hash Join  (cost=91342.70..167553.22 rows=418138 width=0) (actual time=1951.338..3172.803 rows=316423 loops=1)
  Hash Cond: (mc.movie_id = t.id)
  ->  Seq Scan on movie_companies mc  (cost=0.00..57926.93 rows=730722 width=4) (actual time=318.256..968.586 rows=456138 loops=1)
        Filter: ((company_id < 12566) AND (company_type_id = 2))
        Rows Removed by Filter: 2152991
  ->  Hash  (cost=67604.59..67604.59 rows=1446889 width=4) (actual time=1631.930..1631.930 rows=1443298 loops=1)
        Buckets: 131072  Batches: 32  Memory Usage: 2608kB
        ->  Seq Scan on title t  (cost=0.00..67604.59 rows=1446889 width=4) (actual time=0.024..1155.173 rows=1443298 loops=1)
              Filter: (production_year < 2006)
              Rows Removed by Filter: 1085014
Planning time: 0.727 ms
Execution time: 3212.655 ms
