Hash Join  (cost=199688.57..1014702.13 rows=379157 width=0) (actual time=4337.358..18526.859 rows=339543 loops=1)
  Hash Cond: (ci.movie_id = t.id)
  ->  Seq Scan on cast_info ci  (cost=0.00..796071.18 rows=979681 width=4) (actual time=227.321..13784.834 rows=997362 loops=1)
        Filter: ((person_id > 1548363) AND (role_id = 8))
        Rows Removed by Filter: 35246982
  ->  Hash  (cost=183633.15..183633.15 rows=978594 width=8) (actual time=4109.003..4109.003 rows=694263 loops=1)
        Buckets: 131072  Batches: 16  Memory Usage: 2715kB
        ->  Hash Join  (cost=98137.04..183633.15 rows=978594 width=8) (actual time=1944.580..3925.142 rows=694263 loops=1)
              Hash Cond: (mc.movie_id = t.id)
              ->  Seq Scan on movie_companies mc  (cost=0.00..51404.11 rows=1329612 width=4) (actual time=0.031..836.761 rows=1334883 loops=1)
                    Filter: (company_type_id = 2)
                    Rows Removed by Filter: 1274246
              ->  Hash  (cost=67604.59..67604.59 rows=1860996 width=4) (actual time=1943.669..1943.669 rows=1865487 loops=1)
                    Buckets: 131072  Batches: 32  Memory Usage: 3079kB
                    ->  Seq Scan on title t  (cost=0.00..67604.59 rows=1860996 width=4) (actual time=0.017..1333.492 rows=1865487 loops=1)
                          Filter: (kind_id > 1)
                          Rows Removed by Filter: 662825
Planning time: 8.318 ms
Execution time: 18564.283 ms
