Hash Join  (cost=878524.84..1243414.29 rows=23352 width=0) (actual time=12842.978..19728.872 rows=19015 loops=1)
  Hash Cond: (mi.movie_id = t.id)
  ->  Seq Scan on movie_info mi  (cost=0.00..309384.22 rows=14739122 width=4) (actual time=0.013..3893.325 rows=14835720 loops=1)
  ->  Hash  (cost=878474.76..878474.76 rows=4006 width=8) (actual time=12841.672..12841.672 rows=2330 loops=1)
        Buckets: 4096  Batches: 1  Memory Usage: 124kB
        ->  Hash Join  (cost=73982.55..878474.76 rows=4006 width=8) (actual time=2769.755..12840.520 rows=2330 loops=1)
              Hash Cond: (ci.movie_id = t.id)
              ->  Seq Scan on cast_info ci  (cost=0.00..796071.18 rows=2234925 width=4) (actual time=1745.260..11579.744 rows=1109106 loops=1)
                    Filter: ((person_id < 827839) AND (role_id > 4))
                    Rows Removed by Filter: 35135238
              ->  Hash  (cost=73925.90..73925.90 rows=4532 width=4) (actual time=1019.540..1019.540 rows=6734 loops=1)
                    Buckets: 8192  Batches: 1  Memory Usage: 301kB
                    ->  Seq Scan on title t  (cost=0.00..73925.90 rows=4532 width=4) (actual time=0.065..1016.210 rows=6734 loops=1)
                          Filter: ((kind_id = 7) AND (production_year = 1961))
                          Rows Removed by Filter: 2521578
Planning time: 1.581 ms
Execution time: 19731.838 ms
