Hash Join  (cost=132153.07..887927.81 rows=498557 width=0) (actual time=2320.008..19764.196 rows=1802272 loops=1)
  Hash Cond: (ci.movie_id = t.id)
  ->  Seq Scan on cast_info ci  (cost=0.00..614943.12 rows=36225612 width=4) (actual time=0.010..7093.156 rows=36244344 loops=1)
  ->  Hash  (cost=131718.08..131718.08 rows=34799 width=8) (actual time=2319.401..2319.401 rows=52794 loops=1)
        Buckets: 65536  Batches: 1  Memory Usage: 2575kB
        ->  Hash Join  (cost=74710.74..131718.08 rows=34799 width=8) (actual time=1120.011..2300.303 rows=52794 loops=1)
              Hash Cond: (mc.movie_id = t.id)
              ->  Seq Scan on movie_companies mc  (cost=0.00..51404.11 rows=1401397 width=4) (actual time=0.018..810.319 rows=1409367 loops=1)
                    Filter: (company_id > 10822)
                    Rows Removed by Filter: 1199762
              ->  Hash  (cost=73925.90..73925.90 rows=62787 width=4) (actual time=1119.658..1119.658 rows=53770 loops=1)
                    Buckets: 65536  Batches: 1  Memory Usage: 2403kB
                    ->  Seq Scan on title t  (cost=0.00..73925.90 rows=62787 width=4) (actual time=0.123..1098.659 rows=53770 loops=1)
                          Filter: ((kind_id < 7) AND (production_year = 2011))
                          Rows Removed by Filter: 2474542
Planning time: 1.177 ms
Execution time: 19993.169 ms
