Seq Scan on cast_info ci  (cost=0.00..705507.15 rows=3488292 width=0) (actual time=0.021..10254.368 rows=3362530 loops=1)
  Filter: (person_id < 323534)
  Rows Removed by Filter: 32881814
Planning time: 0.291 ms
Execution time: 10642.901 ms
