Seq Scan on cast_info ci  (cost=0.00..796071.18 rows=276 width=0) (actual time=11921.944..13606.557 rows=627 loops=1)
  Filter: ((role_id < 3) AND (person_id = 641057))
  Rows Removed by Filter: 36243717
Planning time: 0.441 ms
Execution time: 13606.781 ms
