Hash Join  (cost=102767.86..1039344.99 rows=5428674 width=0) (actual time=1752.411..21437.774 rows=8329048 loops=1)
  Hash Cond: (ci.movie_id = t.id)
  ->  Seq Scan on cast_info ci  (cost=0.00..796071.18 rows=5428674 width=4) (actual time=0.030..12696.697 rows=8329048 loops=1)
        Filter: ((person_id > 2850147) AND (role_id > 1))
        Rows Removed by Filter: 27915296
  ->  Hash  (cost=61283.27..61283.27 rows=2528527 width=4) (actual time=1750.700..1750.700 rows=2528312 loops=1)
        Buckets: 131072  Batches: 64  Memory Usage: 2415kB
        ->  Seq Scan on title t  (cost=0.00..61283.27 rows=2528527 width=4) (actual time=0.022..905.430 rows=2528312 loops=1)
Planning time: 0.762 ms
Execution time: 22346.813 ms
