Hash Join  (cost=116868.21..240668.95 rows=147570 width=0) (actual time=2429.008..5926.054 rows=2205568 loops=1)
  Hash Cond: (mk.movie_id = t.id)
  ->  Seq Scan on movie_keyword mk  (cost=0.00..69693.30 rows=4523930 width=4) (actual time=0.022..1537.601 rows=4523930 loops=1)
  ->  Hash  (cost=115514.21..115514.21 rows=82480 width=8) (actual time=2427.986..2427.986 rows=181824 loops=1)
        Buckets: 131072 (originally 131072)  Batches: 4 (originally 2)  Memory Usage: 3073kB
        ->  Hash Join  (cost=76405.93..115514.21 rows=82480 width=8) (actual time=1298.608..2367.539 rows=181824 loops=1)
              Hash Cond: (mi_idx.movie_id = t.id)
              ->  Seq Scan on movie_info_idx mi_idx  (cost=0.00..21735.35 rows=1380035 width=4) (actual time=0.020..425.240 rows=1380035 loops=1)
              ->  Hash  (cost=73925.90..73925.90 rows=151122 width=4) (actual time=1297.806..1297.806 rows=251875 loops=1)
                    Buckets: 131072 (originally 131072)  Batches: 4 (originally 2)  Memory Usage: 3239kB
                    ->  Seq Scan on title t  (cost=0.00..73925.90 rows=151122 width=4) (actual time=0.087..1206.907 rows=251875 loops=1)
                          Filter: ((kind_id < 7) AND (production_year < 1971))
                          Rows Removed by Filter: 2276437
Planning time: 0.907 ms
Execution time: 6137.435 ms
