Hash Join  (cost=81097.38..435311.06 rows=81582 width=0) (actual time=3732.988..6398.180 rows=13458 loops=1)
  Hash Cond: (mi.movie_id = t.id)
  ->  Seq Scan on movie_info mi  (cost=0.00..346232.03 rows=471955 width=4) (actual time=2200.557..4798.163 rows=543367 loops=1)
        Filter: (info_type_id > 98)
        Rows Removed by Filter: 14292353
  ->  Hash  (cost=73925.90..73925.90 rows=437078 width=4) (actual time=1271.828..1271.828 rows=464859 loops=1)
        Buckets: 131072  Batches: 8  Memory Usage: 3076kB
        ->  Seq Scan on title t  (cost=0.00..73925.90 rows=437078 width=4) (actual time=0.027..1116.775 rows=464859 loops=1)
              Filter: ((kind_id > 3) AND (production_year > 2008))
              Rows Removed by Filter: 2063453
Planning time: 2.070 ms
Execution time: 6400.186 ms
