Seq Scan on movie_keyword mk  (cost=0.00..81003.12 rows=100614 width=0) (actual time=0.029..837.687 rows=98591 loops=1)
  Filter: (keyword_id > 82654)
  Rows Removed by Filter: 4425339
Planning time: 0.286 ms
Execution time: 848.804 ms
