Hash Join  (cost=94276.24..443554.18 rows=965 width=0) (actual time=2445.883..5718.335 rows=65 loops=1)
  Hash Cond: (mi.movie_id = t.id)
  ->  Seq Scan on movie_info mi  (cost=0.00..346232.03 rows=809669 width=4) (actual time=1500.877..4668.218 rows=802140 loops=1)
        Filter: (info_type_id = 1)
        Rows Removed by Filter: 14033580
  ->  Hash  (cost=94238.55..94238.55 rows=3015 width=8) (actual time=931.691..931.691 rows=349 loops=1)
        Buckets: 4096  Batches: 1  Memory Usage: 46kB
        ->  Nested Loop  (cost=0.43..94238.55 rows=3015 width=8) (actual time=290.024..931.546 rows=349 loops=1)
              ->  Seq Scan on movie_companies mc  (cost=0.00..57926.93 rows=4947 width=4) (actual time=280.271..834.187 rows=7120 loops=1)
                    Filter: ((company_type_id < 2) AND (company_id = 2561))
                    Rows Removed by Filter: 2602009
              ->  Index Scan using title_pkey on title t  (cost=0.43..7.33 rows=1 width=4) (actual time=0.013..0.013 rows=0 loops=7120)
                    Index Cond: (id = mc.movie_id)
                    Filter: (kind_id = 7)
                    Rows Removed by Filter: 1
Planning time: 1.258 ms
Execution time: 5718.482 ms
