Hash Join  (cost=70965.72..433639.16 rows=102394 width=0) (actual time=1978.768..6430.265 rows=190876 loops=1)
  Hash Cond: (mi.movie_id = t.id)
  ->  Seq Scan on movie_info mi  (cost=0.00..346232.03 rows=1264125 width=4) (actual time=982.442..4763.337 rows=1288928 loops=1)
        Filter: (info_type_id = 2)
        Rows Removed by Filter: 13546792
  ->  Hash  (cost=67604.59..67604.59 rows=204811 width=4) (actual time=994.260..994.260 rows=202996 loops=1)
        Buckets: 131072  Batches: 4  Memory Usage: 2814kB
        ->  Seq Scan on title t  (cost=0.00..67604.59 rows=204811 width=4) (actual time=0.026..922.352 rows=202996 loops=1)
              Filter: (production_year < 1956)
              Rows Removed by Filter: 2325316
Planning time: 0.703 ms
Execution time: 6452.953 ms
