Seq Scan on cast_info ci  (cost=0.00..796071.18 rows=101 width=0) (actual time=6141.281..11480.002 rows=1 loops=1)
  Filter: ((person_id = 2694593) AND (role_id = 2))
  Rows Removed by Filter: 36244343
Planning time: 0.424 ms
Execution time: 11480.121 ms
