Hash Join  (cost=84832.42..517354.08 rows=1550406 width=0) (actual time=4322.819..10008.616 rows=684271 loops=1)
  Hash Cond: (mi.movie_id = t.id)
  ->  Seq Scan on movie_info mi  (cost=0.00..346232.03 rows=5897221 width=4) (actual time=2337.733..5156.852 rows=5884963 loops=1)
        Filter: (info_type_id < 7)
        Rows Removed by Filter: 8950757
  ->  Hash  (cost=73925.90..73925.90 rows=664761 width=4) (actual time=1983.092..1983.092 rows=704326 loops=1)
        Buckets: 131072  Batches: 16  Memory Usage: 2581kB
        ->  Seq Scan on title t  (cost=0.00..73925.90 rows=664761 width=4) (actual time=0.027..1205.866 rows=704326 loops=1)
              Filter: ((kind_id > 1) AND (production_year > 2006))
              Rows Removed by Filter: 1823986
Planning time: 0.713 ms
Execution time: 10089.488 ms
