Hash Join  (cost=71089.54..197721.67 rows=380010 width=0) (actual time=1396.374..4328.054 rows=664672 loops=1)
  Hash Cond: (mk.movie_id = t.id)
  ->  Seq Scan on movie_keyword mk  (cost=0.00..69693.30 rows=4523930 width=4) (actual time=0.027..1173.492 rows=4523930 loops=1)
  ->  Hash  (cost=67604.59..67604.59 rows=212396 width=4) (actual time=1395.355..1395.355 rows=211624 loops=1)
        Buckets: 131072  Batches: 4  Memory Usage: 2890kB
        ->  Seq Scan on title t  (cost=0.00..67604.59 rows=212396 width=4) (actual time=0.013..1050.035 rows=211624 loops=1)
              Filter: (production_year < 1957)
              Rows Removed by Filter: 2316688
Planning time: 0.698 ms
Execution time: 4410.365 ms
