Hash Join  (cost=83810.17..203420.33 rows=877460 width=0) (actual time=1432.975..4711.812 rows=1947457 loops=1)
  Hash Cond: (mk.movie_id = t.id)
  ->  Seq Scan on movie_keyword mk  (cost=0.00..81003.12 rows=2246249 width=4) (actual time=0.016..1548.736 rows=2245871 loops=1)
        Filter: (keyword_id < 4629)
        Rows Removed by Filter: 2278059
  ->  Hash  (cost=67604.59..67604.59 rows=987727 width=4) (actual time=1432.269..1432.269 rows=985048 loops=1)
        Buckets: 131072  Batches: 16  Memory Usage: 3197kB
        ->  Seq Scan on title t  (cost=0.00..67604.59 rows=987727 width=4) (actual time=0.015..1102.894 rows=985048 loops=1)
              Filter: (kind_id < 7)
              Rows Removed by Filter: 1543264
Planning time: 0.722 ms
Execution time: 4952.304 ms
