Hash Join  (cost=89762.59..936190.41 rows=1424415 width=0) (actual time=13908.580..18418.776 rows=1440502 loops=1)
  Hash Cond: (ci.movie_id = t.id)
  ->  Seq Scan on cast_info ci  (cost=0.00..796071.18 rows=2666799 width=4) (actual time=12312.703..14824.399 rows=2679454 loops=1)
        Filter: ((person_id > 82441) AND (role_id = 4))
        Rows Removed by Filter: 33564890
  ->  Hash  (cost=67604.59..67604.59 rows=1350560 width=4) (actual time=1594.047..1594.047 rows=1348293 loops=1)
        Buckets: 131072  Batches: 32  Memory Usage: 2505kB
        ->  Seq Scan on title t  (cost=0.00..67604.59 rows=1350560 width=4) (actual time=0.019..1192.498 rows=1348293 loops=1)
              Filter: (production_year < 2005)
              Rows Removed by Filter: 1180019
Planning time: 0.724 ms
Execution time: 18599.751 ms
