Hash Join  (cost=233331.70..1305511.73 rows=9112655 width=0) (actual time=7575.111..39955.253 rows=30004225 loops=1)
  Hash Cond: (ci.movie_id = t.id)
  ->  Seq Scan on cast_info ci  (cost=0.00..705507.15 rows=23499554 width=4) (actual time=2889.262..13786.282 rows=23573656 loops=1)
        Filter: (role_id > 1)
        Rows Removed by Filter: 12670688
  ->  Hash  (cost=217244.30..217244.30 rows=980512 width=8) (actual time=4684.537..4684.537 rows=984787 loops=1)
        Buckets: 131072  Batches: 16  Memory Usage: 3480kB
        ->  Hash Join  (cost=102767.86..217244.30 rows=980512 width=8) (actual time=1783.891..4397.882 rows=984787 loops=1)
              Hash Cond: (mk.movie_id = t.id)
              ->  Seq Scan on movie_keyword mk  (cost=0.00..81003.12 rows=980512 width=4) (actual time=0.035..1322.657 rows=984787 loops=1)
                    Filter: (keyword_id > 18778)
                    Rows Removed by Filter: 3539143
              ->  Hash  (cost=61283.27..61283.27 rows=2528527 width=4) (actual time=1782.358..1782.358 rows=2528312 loops=1)
                    Buckets: 131072  Batches: 64  Memory Usage: 2425kB
                    ->  Seq Scan on title t  (cost=0.00..61283.27 rows=2528527 width=4) (actual time=0.027..903.544 rows=2528312 loops=1)
Planning time: 1.044 ms
Execution time: 43499.499 ms
