Seq Scan on movie_companies mc  (cost=0.00..51404.11 rows=1571985 width=0) (actual time=0.029..839.955 rows=1573766 loops=1)
  Filter: (company_id > 5830)
  Rows Removed by Filter: 1035363
Planning time: 0.353 ms
Execution time: 1045.055 ms
