Hash Join  (cost=365418.15..1385738.54 rows=10727271 width=0) (actual time=7853.842..47839.178 rows=75884478 loops=1)
  Hash Cond: (ci.movie_id = t.id)
  ->  Seq Scan on cast_info ci  (cost=0.00..796071.18 rows=5995715 width=4) (actual time=0.015..13963.207 rows=12212647 loops=1)
        Filter: ((person_id < 1674764) AND (role_id = 1))
        Rows Removed by Filter: 24031697
  ->  Hash  (cost=291197.02..291197.02 rows=4523930 width=8) (actual time=7852.032..7852.032 rows=4523930 loops=1)
        Buckets: 131072  Batches: 64  Memory Usage: 3816kB
        ->  Hash Join  (cost=102767.86..291197.02 rows=4523930 width=8) (actual time=1828.934..6656.792 rows=4523930 loops=1)
              Hash Cond: (mk.movie_id = t.id)
              ->  Seq Scan on movie_keyword mk  (cost=0.00..69693.30 rows=4523930 width=4) (actual time=0.031..1255.327 rows=4523930 loops=1)
              ->  Hash  (cost=61283.27..61283.27 rows=2528527 width=4) (actual time=1827.745..1827.745 rows=2528312 loops=1)
                    Buckets: 131072  Batches: 64  Memory Usage: 2425kB
                    ->  Seq Scan on title t  (cost=0.00..61283.27 rows=2528527 width=4) (actual time=0.022..947.151 rows=2528312 loops=1)
Planning time: 1.411 ms
Execution time: 56004.988 ms
