Hash Join  (cost=186720.88..1361226.79 rows=13696774 width=0) (actual time=4301.603..40493.600 rows=30912529 loops=1)
  Hash Cond: (ci.movie_id = t.id)
  ->  Seq Scan on cast_info ci  (cost=0.00..614943.12 rows=36225612 width=4) (actual time=0.024..12075.974 rows=36244344 loops=1)
  ->  Hash  (cost=171035.54..171035.54 rows=956027 width=8) (actual time=4300.338..4300.338 rows=1286436 loops=1)
        Buckets: 131072 (originally 131072)  Batches: 32 (originally 16)  Memory Usage: 3073kB
        ->  Hash Join  (cost=82805.75..171035.54 rows=956027 width=8) (actual time=1340.616..3928.580 rows=1286436 loops=1)
              Hash Cond: (mc.movie_id = t.id)
              ->  Seq Scan on movie_companies mc  (cost=0.00..44881.29 rows=2609129 width=4) (actual time=0.021..829.808 rows=2609129 loops=1)
              ->  Hash  (cost=67604.59..67604.59 rows=926493 width=4) (actual time=1339.551..1339.551 rows=924605 loops=1)
                    Buckets: 131072  Batches: 16  Memory Usage: 3056kB
                    ->  Seq Scan on title t  (cost=0.00..67604.59 rows=926493 width=4) (actual time=0.021..1044.586 rows=924605 loops=1)
                          Filter: (production_year < 1998)
                          Rows Removed by Filter: 1603707
Planning time: 2.801 ms
Execution time: 43572.885 ms
