Hash Join  (cost=128443.16..214249.00 rows=102 width=0) (actual time=2042.268..3558.662 rows=572 loops=1)
  Hash Cond: (mk.movie_id = t.id)
  ->  Seq Scan on movie_keyword mk  (cost=0.00..81003.12 rows=1280451 width=4) (actual time=0.016..1341.314 rows=1290256 loops=1)
        Filter: (keyword_id > 13699)
        Rows Removed by Filter: 3233674
  ->  Hash  (cost=128440.64..128440.64 rows=202 width=8) (actual time=2021.284..2021.284 rows=995 loops=1)
        Buckets: 1024  Batches: 1  Memory Usage: 47kB
        ->  Hash Join  (cost=67612.84..128440.64 rows=202 width=8) (actual time=1248.339..2020.755 rows=995 loops=1)
              Hash Cond: (mc.movie_id = t.id)
              ->  Seq Scan on movie_companies mc  (cost=0.00..57926.93 rows=773025 width=4) (actual time=348.712..945.556 rows=1066109 loops=1)
                    Filter: ((company_id < 15194) AND (company_type_id < 2))
                    Rows Removed by Filter: 1543020
              ->  Hash  (cost=67604.59..67604.59 rows=660 width=4) (actual time=897.055..897.055 rows=3515 loops=1)
                    Buckets: 4096 (originally 1024)  Batches: 1 (originally 1)  Memory Usage: 156kB
                    ->  Seq Scan on title t  (cost=0.00..67604.59 rows=660 width=4) (actual time=0.021..895.309 rows=3515 loops=1)
                          Filter: (production_year > 2013)
                          Rows Removed by Filter: 2524797
Planning time: 1.138 ms
Execution time: 3558.935 ms
