Seq Scan on movie_companies mc  (cost=0.00..51404.11 rows=2107345 width=0) (actual time=0.023..894.098 rows=2104888 loops=1)
  Filter: (company_id < 74024)
  Rows Removed by Filter: 504241
Planning time: 0.275 ms
Execution time: 1162.658 ms
