Nested Loop  (cost=44377.22..168710.93 rows=5611 width=0) (actual time=876.851..2032.979 rows=1125 loops=1)
  Join Filter: (mc.movie_id = t.id)
  ->  Hash Join  (cost=44376.79..114495.96 rows=91056 width=8) (actual time=867.156..1918.510 rows=7923 loops=1)
        Hash Cond: (mc.movie_id = mi_idx.movie_id)
        ->  Seq Scan on movie_companies mc  (cost=0.00..57926.93 rows=32221 width=4) (actual time=0.087..834.286 rows=6578 loops=1)
              Filter: ((company_id = 6) AND (company_type_id = 2))
              Rows Removed by Filter: 2602551
        ->  Hash  (cost=21735.35..21735.35 rows=1380035 width=4) (actual time=852.267..852.267 rows=1380035 loops=1)
              Buckets: 131072  Batches: 32  Memory Usage: 2540kB
              ->  Seq Scan on movie_info_idx mi_idx  (cost=0.00..21735.35 rows=1380035 width=4) (actual time=0.020..428.207 rows=1380035 loops=1)
  ->  Index Scan using title_pkey on title t  (cost=0.43..0.58 rows=1 width=4) (actual time=0.014..0.014 rows=0 loops=7923)
        Index Cond: (id = mi_idx.movie_id)
        Filter: ((kind_id < 7) AND (production_year < 2011))
        Rows Removed by Filter: 1
Planning time: 1.171 ms
Execution time: 2033.362 ms
