Hash Join  (cost=829883.90..958204.00 rows=518506 width=0) (actual time=15122.607..18656.789 rows=2033889 loops=1)
  Hash Cond: (mk.movie_id = t.id)
  ->  Seq Scan on movie_keyword mk  (cost=0.00..69693.30 rows=4523930 width=4) (actual time=0.034..1245.771 rows=4523930 loops=1)
  ->  Hash  (cost=825128.34..825128.34 rows=289805 width=8) (actual time=15121.863..15121.863 rows=276403 loops=1)
        Buckets: 131072  Batches: 4  Memory Usage: 3732kB
        ->  Hash Join  (cost=102767.86..825128.34 rows=289805 width=8) (actual time=8637.074..15033.955 rows=276403 loops=1)
              Hash Cond: (ci.movie_id = t.id)
              ->  Seq Scan on cast_info ci  (cost=0.00..705507.15 rows=289805 width=4) (actual time=6452.434..12021.095 rows=276403 loops=1)
                    Filter: (role_id = 7)
                    Rows Removed by Filter: 35967941
              ->  Hash  (cost=61283.27..61283.27 rows=2528527 width=4) (actual time=2183.583..2183.583 rows=2528312 loops=1)
                    Buckets: 131072  Batches: 64  Memory Usage: 2415kB
                    ->  Seq Scan on title t  (cost=0.00..61283.27 rows=2528527 width=4) (actual time=0.025..1063.375 rows=2528312 loops=1)
Planning time: 1.235 ms
Execution time: 18919.390 ms
