Hash Join  (cost=83600.04..1260886.12 rows=13967392 width=0) (actual time=1779.460..37448.014 rows=14613890 loops=1)
  Hash Cond: (ci.movie_id = t.id)
  ->  Seq Scan on cast_info ci  (cost=0.00..614943.12 rows=36225612 width=4) (actual time=0.030..11526.186 rows=36244344 loops=1)
  ->  Hash  (cost=67604.59..67604.59 rows=974916 width=4) (actual time=1778.398..1778.398 rows=972448 loops=1)
        Buckets: 131072  Batches: 16  Memory Usage: 3160kB
        ->  Seq Scan on title t  (cost=0.00..67604.59 rows=974916 width=4) (actual time=0.021..1002.077 rows=972448 loops=1)
              Filter: (kind_id < 6)
              Rows Removed by Filter: 1555864
Planning time: 0.733 ms
Execution time: 39066.356 ms
