Hash Join  (cost=793163.13..1202541.48 rows=192442 width=0) (actual time=12814.538..20291.054 rows=1290732 loops=1)
  Hash Cond: (mi.movie_id = t.id)
  ->  Seq Scan on movie_info mi  (cost=0.00..346232.03 rows=5263441 width=4) (actual time=0.018..4780.141 rows=5270569 loops=1)
        Filter: (info_type_id > 15)
        Rows Removed by Filter: 9565151
  ->  Hash  (cost=791645.53..791645.53 rows=92448 width=8) (actual time=12813.869..12813.869 rows=108997 loops=1)
        Buckets: 131072  Batches: 2  Memory Usage: 3171kB
        ->  Hash Join  (cost=78556.72..791645.53 rows=92448 width=8) (actual time=10505.379..12787.119 rows=108997 loops=1)
              Hash Cond: (ci.movie_id = t.id)
              ->  Seq Scan on cast_info ci  (cost=0.00..705507.15 rows=350181 width=4) (actual time=9273.210..10643.480 rows=316118 loops=1)
                    Filter: (role_id > 10)
                    Rows Removed by Filter: 35928226
              ->  Hash  (cost=67604.59..67604.59 rows=667531 width=4) (actual time=1231.104..1231.104 rows=662825 loops=1)
                    Buckets: 131072  Batches: 16  Memory Usage: 2476kB
                    ->  Seq Scan on title t  (cost=0.00..67604.59 rows=667531 width=4) (actual time=290.369..1029.957 rows=662825 loops=1)
                          Filter: (kind_id = 1)
                          Rows Removed by Filter: 1865487
Planning time: 2.778 ms
Execution time: 20453.349 ms
