Hash Join  (cost=167437.15..519666.68 rows=18475 width=0) (actual time=5140.632..8151.709 rows=1603 loops=1)
  Hash Cond: (mi.movie_id = t.id)
  ->  Seq Scan on movie_info mi  (cost=0.00..346232.03 rows=1550064 width=4) (actual time=2076.105..4845.990 rows=1533909 loops=1)
        Filter: (info_type_id = 3)
        Rows Removed by Filter: 13301811
  ->  Hash  (cost=167060.42..167060.42 rows=30139 width=8) (actual time=3062.982..3062.982 rows=6361 loops=1)
        Buckets: 32768  Batches: 1  Memory Usage: 505kB
        ->  Hash Join  (cost=74235.99..167060.42 rows=30139 width=8) (actual time=1239.322..3060.751 rows=6361 loops=1)
              Hash Cond: (mk.movie_id = t.id)
              ->  Seq Scan on movie_keyword mk  (cost=0.00..81003.12 rows=3071976 width=4) (actual time=0.037..1318.757 rows=3060796 loops=1)
                    Filter: (keyword_id < 11332)
                    Rows Removed by Filter: 1463134
              ->  Hash  (cost=73925.90..73925.90 rows=24807 width=4) (actual time=1237.931..1237.931 rows=25986 loops=1)
                    Buckets: 32768  Batches: 1  Memory Usage: 1170kB
                    ->  Seq Scan on title t  (cost=0.00..73925.90 rows=24807 width=4) (actual time=48.276..1226.829 rows=25986 loops=1)
                          Filter: ((kind_id = 7) AND (production_year = 1997))
                          Rows Removed by Filter: 2502326
Planning time: 1.141 ms
Execution time: 8152.182 ms
