Hash Join  (cost=99161.12..156590.32 rows=1049767 width=0) (actual time=1898.775..3744.293 rows=1187646 loops=1)
  Hash Cond: (mi_idx.movie_id = t.id)
  ->  Seq Scan on movie_info_idx mi_idx  (cost=0.00..21735.35 rows=1380035 width=4) (actual time=0.024..504.320 rows=1380035 loops=1)
  ->  Hash  (cost=67604.59..67604.59 rows=1923403 width=4) (actual time=1897.501..1897.501 rows=1922849 loops=1)
        Buckets: 131072  Batches: 32  Memory Usage: 3132kB
        ->  Seq Scan on title t  (cost=0.00..67604.59 rows=1923403 width=4) (actual time=0.026..1275.722 rows=1922849 loops=1)
              Filter: (production_year < 2010)
              Rows Removed by Filter: 605463
Planning time: 0.844 ms
Execution time: 3883.929 ms
