Hash Join  (cost=156632.57..876875.50 rows=177136 width=0) (actual time=4007.847..14608.379 rows=327271 loops=1)
  Hash Cond: (ci.movie_id = t.id)
  ->  Seq Scan on cast_info ci  (cost=0.00..705507.15 rows=964113 width=4) (actual time=209.048..9513.480 rows=841616 loops=1)
        Filter: (person_id < 88631)
        Rows Removed by Filter: 35402728
  ->  Hash  (cost=149010.49..149010.49 rows=464566 width=8) (actual time=3797.927..3797.927 rows=459925 loops=1)
        Buckets: 131072  Batches: 8  Memory Usage: 3275kB
        ->  Hash Join  (cost=102767.86..149010.49 rows=464566 width=8) (actual time=2366.296..3661.284 rows=459925 loops=1)
              Hash Cond: (mi_idx.movie_id = t.id)
              ->  Seq Scan on movie_info_idx mi_idx  (cost=0.00..25185.44 rows=464566 width=4) (actual time=0.039..486.367 rows=459925 loops=1)
                    Filter: (info_type_id = 101)
                    Rows Removed by Filter: 920110
              ->  Hash  (cost=61283.27..61283.27 rows=2528527 width=4) (actual time=2365.296..2365.296 rows=2528312 loops=1)
                    Buckets: 131072  Batches: 64  Memory Usage: 2415kB
                    ->  Seq Scan on title t  (cost=0.00..61283.27 rows=2528527 width=4) (actual time=0.014..916.814 rows=2528312 loops=1)
Planning time: 1.147 ms
Execution time: 14640.945 ms
