Hash Join  (cost=78556.72..187970.03 rows=479587 width=0) (actual time=1165.387..3675.522 rows=1150714 loops=1)
  Hash Cond: (mk.movie_id = t.id)
  ->  Seq Scan on movie_keyword mk  (cost=0.00..81003.12 rows=1816617 width=4) (actual time=0.021..1346.247 rows=1818355 loops=1)
        Filter: (keyword_id > 7637)
        Rows Removed by Filter: 2705575
  ->  Hash  (cost=67604.59..67604.59 rows=667531 width=4) (actual time=1164.339..1164.339 rows=662825 loops=1)
        Buckets: 131072  Batches: 16  Memory Usage: 2486kB
        ->  Seq Scan on title t  (cost=0.00..67604.59 rows=667531 width=4) (actual time=0.011..988.092 rows=662825 loops=1)
              Filter: (kind_id = 1)
              Rows Removed by Filter: 1865487
Planning time: 0.704 ms
Execution time: 3811.759 ms
