Seq Scan on movie_keyword mk  (cost=0.00..81003.12 rows=246 width=0) (actual time=27.790..1274.327 rows=83 loops=1)
  Filter: (keyword_id = 7119)
  Rows Removed by Filter: 4523847
Planning time: 0.390 ms
Execution time: 1274.491 ms
