Nested Loop  (cost=0.43..798789.03 rows=3 width=0) (actual time=6988.893..12418.734 rows=1 loops=1)
  ->  Seq Scan on cast_info ci  (cost=0.00..796071.18 rows=324 width=4) (actual time=6983.536..12413.587 rows=443 loops=1)
        Filter: ((role_id > 1) AND (person_id = 2621983))
        Rows Removed by Filter: 36243901
  ->  Index Scan using title_pkey on title t  (cost=0.43..8.38 rows=1 width=4) (actual time=0.011..0.011 rows=0 loops=443)
        Index Cond: (id = ci.movie_id)
        Filter: ((kind_id < 4) AND (production_year > 2012))
        Rows Removed by Filter: 1
Planning time: 0.756 ms
Execution time: 12418.870 ms
