Seq Scan on title t  (cost=0.00..73925.90 rows=219059 width=0) (actual time=204.387..1174.915 rows=112301 loops=1)
  Filter: ((kind_id > 4) AND (production_year < 1969))
  Rows Removed by Filter: 2416011
Planning time: 0.331 ms
Execution time: 1191.345 ms
