Hash Join  (cost=168440.14..244640.08 rows=83442 width=0) (actual time=2912.939..4571.966 rows=224208 loops=1)
  Hash Cond: (mc.movie_id = t.id)
  ->  Seq Scan on movie_companies mc  (cost=0.00..44881.29 rows=2609129 width=4) (actual time=0.014..756.541 rows=2609129 loops=1)
  ->  Hash  (cost=167113.34..167113.34 rows=80864 width=8) (actual time=2912.388..2912.388 rows=33582 loops=1)
        Buckets: 131072  Batches: 2  Memory Usage: 1658kB
        ->  Hash Join  (cost=70308.29..167113.34 rows=80864 width=8) (actual time=1042.696..2900.477 rows=33582 loops=1)
              Hash Cond: (mk.movie_id = t.id)
              ->  Seq Scan on movie_keyword mk  (cost=0.00..81003.12 rows=1240877 width=4) (actual time=0.013..1342.380 rows=1253323 loops=1)
                    Filter: (keyword_id > 14366)
                    Rows Removed by Filter: 3270607
              ->  Hash  (cost=67604.59..67604.59 rows=164776 width=4) (actual time=1041.138..1041.138 rows=164307 loops=1)
                    Buckets: 131072  Batches: 4  Memory Usage: 2488kB
                    ->  Seq Scan on title t  (cost=0.00..67604.59 rows=164776 width=4) (actual time=0.008..975.409 rows=164307 loops=1)
                          Filter: (production_year = 2012)
                          Rows Removed by Filter: 2364005
Planning time: 0.784 ms
Execution time: 4602.388 ms
