Hash Join  (cost=907604.47..1433223.53 rows=859884 width=0) (actual time=13703.261..24913.567 rows=776504 loops=1)
  Hash Cond: (mi.movie_id = t.id)
  ->  Seq Scan on movie_info mi  (cost=0.00..346232.03 rows=14720853 width=4) (actual time=0.021..6303.111 rows=14805540 loops=1)
        Filter: (info_type_id < 110)
        Rows Removed by Filter: 30180
  ->  Hash  (cost=905181.24..905181.24 rows=147698 width=8) (actual time=13560.601..13560.601 rows=76127 loops=1)
        Buckets: 131072  Batches: 2  Memory Usage: 2500kB
        ->  Hash Join  (cost=69484.36..905181.24 rows=147698 width=8) (actual time=8217.769..13528.034 rows=76127 loops=1)
              Hash Cond: (ci.movie_id = t.id)
              ->  Seq Scan on cast_info ci  (cost=0.00..796071.18 rows=3260459 width=4) (actual time=7286.680..11905.088 rows=1622401 loops=1)
                    Filter: ((person_id < 1354718) AND (role_id > 5))
                    Rows Removed by Filter: 34621943
              ->  Hash  (cost=67604.59..67604.59 rows=114542 width=4) (actual time=930.369..930.369 rows=118234 loops=1)
                    Buckets: 131072  Batches: 2  Memory Usage: 3101kB
                    ->  Seq Scan on title t  (cost=0.00..67604.59 rows=114542 width=4) (actual time=480.244..890.285 rows=118234 loops=1)
                          Filter: (kind_id = 4)
                          Rows Removed by Filter: 2410078
Planning time: 1.164 ms
Execution time: 25004.763 ms
