Hash Join  (cost=73982.55..472699.32 rows=24966 width=0) (actual time=964.959..9290.559 rows=27339 loops=1)
  Hash Cond: (mi.movie_id = t.id)
  ->  Seq Scan on movie_info mi  (cost=0.00..346232.03 rows=13929354 width=4) (actual time=0.022..5875.102 rows=14033580 loops=1)
        Filter: (info_type_id > 1)
        Rows Removed by Filter: 802140
  ->  Hash  (cost=73925.90..73925.90 rows=4532 width=4) (actual time=964.551..964.551 rows=7945 loops=1)
        Buckets: 8192  Batches: 1  Memory Usage: 344kB
        ->  Seq Scan on title t  (cost=0.00..73925.90 rows=4532 width=4) (actual time=0.373..960.659 rows=7945 loops=1)
              Filter: ((kind_id > 6) AND (production_year = 1977))
              Rows Removed by Filter: 2520367
Planning time: 0.711 ms
Execution time: 9294.627 ms
