Seq Scan on cast_info ci  (cost=0.00..796071.18 rows=16588106 width=0) (actual time=0.015..12817.125 rows=20640258 loops=1)
  Filter: ((person_id > 1029116) AND (role_id > 1))
  Rows Removed by Filter: 15604086
Planning time: 0.210 ms
Execution time: 15137.168 ms
