Seq Scan on cast_info ci  (cost=0.00..796071.18 rows=225805 width=0) (actual time=2329.425..12800.030 rows=266255 loops=1)
  Filter: ((person_id > 1266666) AND (role_id > 10))
  Rows Removed by Filter: 35978089
Planning time: 0.383 ms
Execution time: 12832.994 ms
