Hash Join  (cost=28268.28..392931.50 rows=730 width=0) (actual time=459.229..6908.540 rows=94028 loops=1)
  Hash Cond: (mi.movie_id = t.id)
  ->  Seq Scan on movie_info mi  (cost=0.00..309384.22 rows=14739122 width=4) (actual time=0.019..3757.647 rows=14835720 loops=1)
  ->  Hash  (cost=28266.72..28266.72 rows=125 width=8) (actual time=368.172..368.172 rows=260 loops=1)
        Buckets: 1024  Batches: 1  Memory Usage: 19kB
        ->  Nested Loop  (cost=0.43..28266.72 rows=125 width=8) (actual time=236.717..368.034 rows=260 loops=1)
              ->  Seq Scan on movie_info_idx mi_idx  (cost=0.00..25185.44 rows=368 width=4) (actual time=236.651..362.747 rows=260 loops=1)
                    Filter: (info_type_id > 101)
                    Rows Removed by Filter: 1379775
              ->  Index Scan using title_pkey on title t  (cost=0.43..8.36 rows=1 width=4) (actual time=0.019..0.020 rows=1 loops=260)
                    Index Cond: (id = mi_idx.movie_id)
                    Filter: (kind_id < 4)
Planning time: 1.143 ms
Execution time: 6921.871 ms
