Hash Join  (cost=165298.14..252566.16 rows=60998 width=0) (actual time=3075.356..5006.152 rows=150952 loops=1)
  Hash Cond: (mk.movie_id = t.id)
  ->  Seq Scan on movie_keyword mk  (cost=0.00..69693.30 rows=4523930 width=4) (actual time=0.006..1020.755 rows=4523930 loops=1)
  ->  Hash  (cost=164871.98..164871.98 rows=34093 width=8) (actual time=3074.289..3074.289 rows=36136 loops=1)
        Buckets: 65536  Batches: 1  Memory Usage: 1924kB
        ->  Hash Join  (cost=102767.86..164871.98 rows=34093 width=8) (actual time=1862.075..3060.931 rows=36136 loops=1)
              Hash Cond: (mc.movie_id = t.id)
              ->  Seq Scan on movie_companies mc  (cost=0.00..51404.11 rows=34093 width=4) (actual time=1.525..798.225 rows=36136 loops=1)
                    Filter: (company_id = 160)
                    Rows Removed by Filter: 2572993
              ->  Hash  (cost=61283.27..61283.27 rows=2528527 width=4) (actual time=1859.877..1859.877 rows=2528312 loops=1)
                    Buckets: 131072  Batches: 64  Memory Usage: 2415kB
                    ->  Seq Scan on title t  (cost=0.00..61283.27 rows=2528527 width=4) (actual time=0.018..1028.329 rows=2528312 loops=1)
Planning time: 1.117 ms
Execution time: 5025.975 ms
