Hash Join  (cost=902707.92..1268502.98 rows=113913 width=0) (actual time=10580.184..17806.934 rows=184724 loops=1)
  Hash Cond: (mi.movie_id = t.id)
  ->  Seq Scan on movie_info mi  (cost=0.00..309384.22 rows=14739122 width=4) (actual time=0.015..4110.897 rows=14835720 loops=1)
  ->  Hash  (cost=902463.65..902463.65 rows=19542 width=8) (actual time=10579.876..10579.876 rows=7084 loops=1)
        Buckets: 32768  Batches: 1  Memory Usage: 533kB
        ->  Nested Loop  (cost=0.43..902463.65 rows=19542 width=8) (actual time=1697.079..10576.316 rows=7084 loops=1)
              ->  Seq Scan on cast_info ci  (cost=0.00..796071.18 rows=19542 width=4) (actual time=1696.956..10414.740 rows=7084 loops=1)
                    Filter: ((person_id < 192706) AND (role_id > 10))
                    Rows Removed by Filter: 36237260
              ->  Index Only Scan using title_pkey on title t  (cost=0.43..5.43 rows=1 width=4) (actual time=0.022..0.022 rows=1 loops=7084)
                    Index Cond: (id = ci.movie_id)
                    Heap Fetches: 7084
Planning time: 1.126 ms
Execution time: 17834.715 ms
