Hash Join  (cost=183175.26..315047.72 rows=810142 width=0) (actual time=3256.956..6576.005 rows=586814 loops=1)
  Hash Cond: (mk.movie_id = t.id)
  ->  Seq Scan on movie_keyword mk  (cost=0.00..69693.30 rows=4523930 width=4) (actual time=0.036..1348.750 rows=4523930 loops=1)
  ->  Hash  (cost=175746.18..175746.18 rows=452807 width=8) (actual time=3255.886..3255.886 rows=79781 loops=1)
        Buckets: 131072  Batches: 8  Memory Usage: 1423kB
        ->  Hash Join  (cost=98137.04..175746.18 rows=452807 width=8) (actual time=1816.339..3227.539 rows=79781 loops=1)
              Hash Cond: (mc.movie_id = t.id)
              ->  Seq Scan on movie_companies mc  (cost=0.00..57926.93 rows=615227 width=4) (actual time=14.521..893.041 rows=369480 loops=1)
                    Filter: ((company_id > 11477) AND (company_type_id = 1))
                    Rows Removed by Filter: 2239649
              ->  Hash  (cost=67604.59..67604.59 rows=1860996 width=4) (actual time=1800.322..1800.322 rows=1865487 loops=1)
                    Buckets: 131072  Batches: 32  Memory Usage: 3079kB
                    ->  Seq Scan on title t  (cost=0.00..67604.59 rows=1860996 width=4) (actual time=0.023..1177.520 rows=1865487 loops=1)
                          Filter: (kind_id > 1)
                          Rows Removed by Filter: 662825
Planning time: 1.340 ms
Execution time: 6651.487 ms
