Hash Join  (cost=146264.75..233591.84 rows=66905 width=0) (actual time=2785.542..4552.595 rows=179993 loops=1)
  Hash Cond: (mk.movie_id = t.id)
  ->  Seq Scan on movie_keyword mk  (cost=0.00..69693.30 rows=4523930 width=4) (actual time=0.022..858.687 rows=4523930 loops=1)
  ->  Hash  (cost=145797.31..145797.31 rows=37395 width=8) (actual time=2782.301..2782.301 rows=31731 loops=1)
        Buckets: 65536  Batches: 1  Memory Usage: 1752kB
        ->  Hash Join  (cost=75464.55..145797.31 rows=37395 width=8) (actual time=1188.860..2770.519 rows=31731 loops=1)
              Hash Cond: (mc.movie_id = t.id)
              ->  Seq Scan on movie_companies mc  (cost=0.00..57926.93 rows=1008766 width=4) (actual time=0.016..1126.727 rows=1274246 loops=1)
                    Filter: ((company_id < 71717) AND (company_type_id = 1))
                    Rows Removed by Filter: 1334883
              ->  Hash  (cost=73925.90..73925.90 rows=93732 width=4) (actual time=1187.946..1187.946 rows=100592 loops=1)
                    Buckets: 131072  Batches: 2  Memory Usage: 2791kB
                    ->  Seq Scan on title t  (cost=0.00..73925.90 rows=93732 width=4) (actual time=0.024..1150.003 rows=100592 loops=1)
                          Filter: ((kind_id > 1) AND (production_year = 2009))
                          Rows Removed by Filter: 2427720
Planning time: 1.152 ms
Execution time: 4575.295 ms
