Hash Join  (cost=104071.89..484008.98 rows=1018117 width=0) (actual time=3488.986..8719.022 rows=1065425 loops=1)
  Hash Cond: (mi.movie_id = t.id)
  ->  Seq Scan on movie_info mi  (cost=0.00..346232.03 rows=1158179 width=4) (actual time=1042.653..5117.395 rows=1204709 loops=1)
        Filter: (info_type_id > 18)
        Rows Removed by Filter: 13631011
  ->  Hash  (cost=67604.59..67604.59 rows=2222744 width=4) (actual time=2399.616..2399.616 rows=2214818 loops=1)
        Buckets: 131072  Batches: 32  Memory Usage: 3469kB
        ->  Seq Scan on title t  (cost=0.00..67604.59 rows=2222744 width=4) (actual time=0.022..1358.310 rows=2214818 loops=1)
              Filter: (production_year > 1959)
              Rows Removed by Filter: 313494
Planning time: 0.755 ms
Execution time: 8839.820 ms
