Seq Scan on movie_companies mc  (cost=0.00..57926.93 rows=547171 width=0) (actual time=217.255..784.718 rows=847115 loops=1)
  Filter: ((company_id > 14282) AND (company_type_id > 1))
  Rows Removed by Filter: 1762014
Planning time: 0.338 ms
Execution time: 883.257 ms
