Nested Loop  (cost=44377.22..906050.27 rows=32889 width=0) (actual time=3355.325..14704.847 rows=279403 loops=1)
  Join Filter: (ci.movie_id = t.id)
  ->  Hash Join  (cost=44376.79..857675.64 rows=81935 width=8) (actual time=3355.229..12262.886 rows=279403 loops=1)
        Hash Cond: (ci.movie_id = mi_idx.movie_id)
        ->  Seq Scan on cast_info ci  (cost=0.00..796071.18 rows=60259 width=4) (actual time=2481.590..10706.620 rows=214353 loops=1)
              Filter: ((person_id > 3021858) AND (role_id > 10))
              Rows Removed by Filter: 36029991
        ->  Hash  (cost=21735.35..21735.35 rows=1380035 width=4) (actual time=872.455..872.455 rows=1380035 loops=1)
              Buckets: 131072  Batches: 32  Memory Usage: 2540kB
              ->  Seq Scan on movie_info_idx mi_idx  (cost=0.00..21735.35 rows=1380035 width=4) (actual time=0.029..447.629 rows=1380035 loops=1)
  ->  Index Only Scan using title_pkey on title t  (cost=0.43..0.58 rows=1 width=4) (actual time=0.008..0.008 rows=1 loops=279403)
        Index Cond: (id = mi_idx.movie_id)
        Heap Fetches: 279403
Planning time: 1.149 ms
Execution time: 14755.283 ms
