Seq Scan on movie_keyword mk  (cost=0.00..81003.12 rows=2950325 width=0) (actual time=0.013..1328.156 rows=2940573 loops=1)
  Filter: (keyword_id > 2405)
  Rows Removed by Filter: 1583357
Planning time: 0.308 ms
Execution time: 1703.742 ms
