Hash Join  (cost=83074.74..447745.01 rows=1434 width=0) (actual time=818.279..6250.201 rows=32 loops=1)
  Hash Cond: (mi.movie_id = t.id)
  ->  Seq Scan on movie_info mi  (cost=0.00..309384.22 rows=14739122 width=4) (actual time=0.016..3070.881 rows=14835720 loops=1)
  ->  Hash  (cost=83071.67..83071.67 rows=246 width=8) (actual time=798.902..798.902 rows=2 loops=1)
        Buckets: 1024  Batches: 1  Memory Usage: 9kB
        ->  Nested Loop  (cost=0.43..83071.67 rows=246 width=8) (actual time=107.428..798.892 rows=2 loops=1)
              ->  Seq Scan on movie_keyword mk  (cost=0.00..81003.12 rows=246 width=4) (actual time=107.329..798.729 rows=2 loops=1)
                    Filter: (keyword_id = 29925)
                    Rows Removed by Filter: 4523928
              ->  Index Only Scan using title_pkey on title t  (cost=0.43..8.40 rows=1 width=4) (actual time=0.067..0.068 rows=1 loops=2)
                    Index Cond: (id = mk.movie_id)
                    Heap Fetches: 2
Planning time: 1.114 ms
Execution time: 6250.352 ms
