Hash Join  (cost=75666.83..114353.25 rows=57894 width=0) (actual time=1484.547..2200.726 rows=83541 loops=1)
  Hash Cond: (mi_idx.movie_id = t.id)
  ->  Seq Scan on movie_info_idx mi_idx  (cost=0.00..21735.35 rows=1380035 width=4) (actual time=0.014..464.760 rows=1380035 loops=1)
  ->  Hash  (cost=73925.90..73925.90 rows=106074 width=4) (actual time=1237.727..1237.727 rows=117919 loops=1)
        Buckets: 131072  Batches: 2  Memory Usage: 3095kB
        ->  Seq Scan on title t  (cost=0.00..73925.90 rows=106074 width=4) (actual time=0.018..1195.949 rows=117919 loops=1)
              Filter: ((production_year > 1932) AND (kind_id = 4))
              Rows Removed by Filter: 2410393
Planning time: 0.755 ms
Execution time: 2212.253 ms
