Hash Join  (cost=174589.04..562806.90 rows=492311 width=0) (actual time=3767.849..10789.775 rows=373933 loops=1)
  Hash Cond: (mi.movie_id = t.id)
  ->  Seq Scan on movie_info mi  (cost=0.00..346232.03 rows=3068194 width=4) (actual time=254.037..5855.984 rows=3036719 loops=1)
        Filter: (info_type_id = 16)
        Rows Removed by Filter: 11799001
  ->  Hash  (cost=167932.57..167932.57 rows=405718 width=8) (actual time=3469.195..3469.195 rows=242661 loops=1)
        Buckets: 131072  Batches: 8  Memory Usage: 2220kB
        ->  Hash Join  (cost=98137.04..167932.57 rows=405718 width=8) (actual time=1858.166..3394.091 rows=242661 loops=1)
              Hash Cond: (mc.movie_id = t.id)
              ->  Seq Scan on movie_companies mc  (cost=0.00..51404.11 rows=551247 width=4) (actual time=0.035..890.162 rows=556036 loops=1)
                    Filter: (company_id > 71738)
                    Rows Removed by Filter: 2053093
              ->  Hash  (cost=67604.59..67604.59 rows=1860996 width=4) (actual time=1856.668..1856.668 rows=1865487 loops=1)
                    Buckets: 131072  Batches: 32  Memory Usage: 3079kB
                    ->  Seq Scan on title t  (cost=0.00..67604.59 rows=1860996 width=4) (actual time=0.027..1246.716 rows=1865487 loops=1)
                          Filter: (kind_id > 1)
                          Rows Removed by Filter: 662825
Planning time: 1.148 ms
Execution time: 10835.566 ms
