Hash Join  (cost=102767.86..950053.58 rows=1717818 width=0) (actual time=7399.221..14535.825 rows=1548 loops=1)
  Hash Cond: (ci.movie_id = t.id)
  ->  Seq Scan on cast_info ci  (cost=0.00..796071.18 rows=1717818 width=4) (actual time=5567.414..12293.908 rows=1548 loops=1)
        Filter: ((person_id < 825130) AND (role_id = 2))
        Rows Removed by Filter: 36242796
  ->  Hash  (cost=61283.27..61283.27 rows=2528527 width=4) (actual time=1804.278..1804.278 rows=2528312 loops=1)
        Buckets: 131072  Batches: 64  Memory Usage: 2415kB
        ->  Seq Scan on title t  (cost=0.00..61283.27 rows=2528527 width=4) (actual time=0.020..956.707 rows=2528312 loops=1)
Planning time: 0.710 ms
Execution time: 14536.158 ms
