Seq Scan on movie_keyword mk  (cost=0.00..81003.12 rows=246 width=0) (actual time=47.238..1214.800 rows=24 loops=1)
  Filter: (keyword_id = 23862)
  Rows Removed by Filter: 4523906
Planning time: 0.360 ms
Execution time: 1214.912 ms
