Seq Scan on cast_info ci  (cost=0.00..796071.18 rows=1760562 width=0) (actual time=7908.827..11675.350 rows=1549 loops=1)
  Filter: ((person_id < 848059) AND (role_id = 2))
  Rows Removed by Filter: 36242795
Planning time: 0.366 ms
Execution time: 11675.766 ms
