Seq Scan on movie_keyword mk  (cost=0.00..81003.12 rows=869349 width=0) (actual time=0.024..1294.871 rows=877621 loops=1)
  Filter: (keyword_id > 21022)
  Rows Removed by Filter: 3646309
Planning time: 0.301 ms
Execution time: 1411.674 ms
