Hash Join  (cost=88195.18..218328.64 rows=1048500 width=0) (actual time=1761.337..5455.078 rows=2491458 loops=1)
  Hash Cond: (mk.movie_id = t.id)
  ->  Seq Scan on movie_keyword mk  (cost=0.00..81003.12 rows=3048356 width=4) (actual time=0.020..1666.328 rows=3031717 loops=1)
        Filter: (keyword_id > 2130)
        Rows Removed by Filter: 1492213
  ->  Hash  (cost=73925.90..73925.90 rows=869702 width=4) (actual time=1760.392..1760.392 rows=896788 loops=1)
        Buckets: 131072  Batches: 16  Memory Usage: 3007kB
        ->  Seq Scan on title t  (cost=0.00..73925.90 rows=869702 width=4) (actual time=0.019..1201.940 rows=896788 loops=1)
              Filter: ((kind_id < 7) AND (production_year < 2012))
              Rows Removed by Filter: 1631524
Planning time: 0.753 ms
Execution time: 5741.039 ms
