Hash Join  (cost=83074.05..109985.30 rows=77 width=0) (actual time=1459.865..1881.978 rows=768 loops=1)
  Hash Cond: (mi_idx.movie_id = t.id)
  ->  Seq Scan on movie_info_idx mi_idx  (cost=0.00..21735.35 rows=1380035 width=4) (actual time=0.028..319.844 rows=1380035 loops=1)
  ->  Hash  (cost=83072.29..83072.29 rows=141 width=8) (actual time=1299.693..1299.693 rows=607 loops=1)
        Buckets: 1024  Batches: 1  Memory Usage: 32kB
        ->  Nested Loop  (cost=0.43..83072.29 rows=141 width=8) (actual time=5.889..1299.269 rows=607 loops=1)
              ->  Seq Scan on movie_keyword mk  (cost=0.00..81003.12 rows=246 width=4) (actual time=5.829..1276.485 rows=936 loops=1)
                    Filter: (keyword_id = 59979)
                    Rows Removed by Filter: 4522994
              ->  Index Scan using title_pkey on title t  (cost=0.43..8.40 rows=1 width=4) (actual time=0.023..0.023 rows=1 loops=936)
                    Index Cond: (id = mk.movie_id)
                    Filter: (production_year < 2006)
                    Rows Removed by Filter: 0
Planning time: 1.107 ms
Execution time: 1882.285 ms
