Hash Join  (cost=113404.01..873796.84 rows=960359 width=0) (actual time=2088.164..27512.299 rows=2708257 loops=1)
  Hash Cond: (ci.movie_id = t.id)
  ->  Seq Scan on cast_info ci  (cost=0.00..614943.12 rows=36225612 width=4) (actual time=0.026..9181.033 rows=36244344 loops=1)
  ->  Hash  (cost=112566.10..112566.10 rows=67033 width=8) (actual time=2087.396..2087.396 rows=86646 loops=1)
        Buckets: 131072 (originally 131072)  Batches: 2 (originally 1)  Memory Usage: 3073kB
        ->  Hash Join  (cost=79907.83..112566.10 rows=67033 width=8) (actual time=1357.445..2050.456 rows=86646 loops=1)
              Hash Cond: (mi_idx.movie_id = t.id)
              ->  Seq Scan on movie_info_idx mi_idx  (cost=0.00..25185.44 rows=464934 width=4) (actual time=0.032..443.843 rows=460185 loops=1)
                    Filter: (info_type_id > 100)
                    Rows Removed by Filter: 919850
              ->  Hash  (cost=73925.90..73925.90 rows=364554 width=4) (actual time=1313.279..1313.279 rows=274015 loops=1)
                    Buckets: 131072  Batches: 8  Memory Usage: 2229kB
                    ->  Seq Scan on title t  (cost=0.00..73925.90 rows=364554 width=4) (actual time=0.018..1223.838 rows=274015 loops=1)
                          Filter: ((production_year > 2000) AND (kind_id = 1))
                          Rows Removed by Filter: 2254297
Planning time: 1.173 ms
Execution time: 27883.492 ms
