Seq Scan on movie_companies mc  (cost=0.00..51404.11 rows=104 width=0) (actual time=0.124..780.366 rows=2632 loops=1)
  Filter: (company_id = 17460)
  Rows Removed by Filter: 2606497
Planning time: 0.338 ms
Execution time: 780.934 ms
