Seq Scan on cast_info ci  (cost=0.00..705507.15 rows=500 width=0) (actual time=1039.754..10025.980 rows=60 loops=1)
  Filter: (person_id = 1018397)
  Rows Removed by Filter: 36244284
Planning time: 0.487 ms
Execution time: 10026.066 ms
