Seq Scan on cast_info ci  (cost=0.00..705507.15 rows=18428400 width=0) (actual time=0.024..13129.494 rows=18318297 loops=1)
  Filter: (person_id < 1821352)
  Rows Removed by Filter: 17926047
Planning time: 0.318 ms
Execution time: 15411.799 ms
