Hash Join  (cost=157039.54..648466.72 rows=1531428 width=0) (actual time=3532.152..17319.724 rows=3003115 loops=1)
  Hash Cond: (mi.movie_id = t.id)
  ->  Seq Scan on movie_info mi  (cost=0.00..346232.03 rows=11115165 width=4) (actual time=172.181..6831.187 rows=11210743 loops=1)
        Filter: (info_type_id > 3)
        Rows Removed by Filter: 3624977
  ->  Hash  (cost=151323.84..151323.84 rows=348376 width=8) (actual time=3359.113..3359.113 rows=299104 loops=1)
        Buckets: 131072  Batches: 8  Memory Usage: 2483kB
        ->  Hash Join  (cost=78473.92..151323.84 rows=348376 width=8) (actual time=1421.502..3256.423 rows=299104 loops=1)
              Hash Cond: (mc.movie_id = t.id)
              ->  Seq Scan on movie_companies mc  (cost=0.00..51404.11 rows=1329612 width=4) (actual time=0.021..998.750 rows=1334883 loops=1)
                    Filter: (company_type_id > 1)
                    Rows Removed by Filter: 1274246
              ->  Hash  (cost=67604.59..67604.59 rows=662507 width=4) (actual time=1420.541..1420.541 rows=662065 loops=1)
                    Buckets: 131072  Batches: 16  Memory Usage: 2481kB
                    ->  Seq Scan on title t  (cost=0.00..67604.59 rows=662507 width=4) (actual time=0.015..1203.347 rows=662065 loops=1)
                          Filter: (production_year > 2008)
                          Rows Removed by Filter: 1866247
Planning time: 0.742 ms
Execution time: 17701.734 ms
