Seq Scan on movie_companies mc  (cost=0.00..57926.93 rows=600047 width=0) (actual time=0.013..932.313 rows=879396 loops=1)
  Filter: ((company_id > 12526) AND (company_type_id > 1))
  Rows Removed by Filter: 1729733
Planning time: 0.329 ms
Execution time: 1035.614 ms
