Hash Join  (cost=163377.58..271032.42 rows=117712 width=0) (actual time=2979.611..5231.148 rows=37811 loops=1)
  Hash Cond: (mk.movie_id = t.id)
  ->  Seq Scan on movie_keyword mk  (cost=0.00..81003.12 rows=2156425 width=4) (actual time=0.019..1635.492 rows=2152877 loops=1)
        Filter: (keyword_id > 5374)
        Rows Removed by Filter: 2371053
  ->  Hash  (cost=161112.28..161112.28 rows=138024 width=8) (actual time=2977.288..2977.288 rows=52652 loops=1)
        Buckets: 131072  Batches: 2  Memory Usage: 2062kB
        ->  Hash Join  (cost=92883.59..161112.28 rows=138024 width=8) (actual time=1859.598..2956.620 rows=52652 loops=1)
              Hash Cond: (mc.movie_id = t.id)
              ->  Seq Scan on movie_companies mc  (cost=0.00..57926.93 rows=226504 width=4) (actual time=149.894..900.562 rows=107319 loops=1)
                    Filter: ((company_id < 338) AND (company_type_id > 1))
                    Rows Removed by Filter: 2501810
              ->  Hash  (cost=67604.59..67604.59 rows=1540800 width=4) (actual time=1708.493..1708.493 rows=1543264 loops=1)
                    Buckets: 131072  Batches: 32  Memory Usage: 2722kB
                    ->  Seq Scan on title t  (cost=0.00..67604.59 rows=1540800 width=4) (actual time=0.030..1207.371 rows=1543264 loops=1)
                          Filter: (kind_id = 7)
                          Rows Removed by Filter: 985048
Planning time: 0.726 ms
Execution time: 5235.863 ms
