Hash Join  (cost=73953.78..158906.44 rows=927 width=0) (actual time=1209.106..2761.979 rows=5293 loops=1)
  Hash Cond: (mk.movie_id = t.id)
  ->  Seq Scan on movie_keyword mk  (cost=0.00..81003.12 rows=1050738 width=4) (actual time=0.019..1358.033 rows=1057793 loops=1)
        Filter: (keyword_id < 1053)
        Rows Removed by Filter: 3466137
  ->  Hash  (cost=73925.90..73925.90 rows=2230 width=4) (actual time=1208.964..1208.964 rows=4907 loops=1)
        Buckets: 8192 (originally 4096)  Batches: 1 (originally 1)  Memory Usage: 237kB
        ->  Seq Scan on title t  (cost=0.00..73925.90 rows=2230 width=4) (actual time=4.576..1206.309 rows=4907 loops=1)
              Filter: ((kind_id < 3) AND (production_year = 1969))
              Rows Removed by Filter: 2523405
Planning time: 0.786 ms
Execution time: 2763.058 ms
