Hash Join  (cost=129965.15..886440.17 rows=568586 width=0) (actual time=2644.072..21296.083 rows=697551 loops=1)
  Hash Cond: (ci.movie_id = t.id)
  ->  Seq Scan on cast_info ci  (cost=0.00..614943.12 rows=36225612 width=4) (actual time=0.015..9004.788 rows=36244344 loops=1)
  ->  Hash  (cost=129469.06..129469.06 rows=39687 width=8) (actual time=2643.646..2643.646 rows=27069 loops=1)
        Buckets: 65536  Batches: 1  Memory Usage: 1570kB
        ->  Hash Join  (cost=74406.67..129469.06 rows=39687 width=8) (actual time=1284.358..2632.195 rows=27069 loops=1)
              Hash Cond: (mc.movie_id = t.id)
              ->  Seq Scan on movie_companies mc  (cost=0.00..44881.29 rows=2609129 width=4) (actual time=0.018..669.644 rows=2609129 loops=1)
              ->  Hash  (cost=73925.90..73925.90 rows=38461 width=4) (actual time=1283.708..1283.708 rows=44913 loops=1)
                    Buckets: 65536  Batches: 1  Memory Usage: 2091kB
                    ->  Seq Scan on title t  (cost=0.00..73925.90 rows=38461 width=4) (actual time=0.050..1264.563 rows=44913 loops=1)
                          Filter: ((kind_id > 1) AND (production_year = 2000))
                          Rows Removed by Filter: 2483399
Planning time: 1.031 ms
Execution time: 21392.978 ms
