Hash Join  (cost=438865.56..1417714.24 rows=164935 width=0) (actual time=8330.872..23887.157 rows=17763 loops=1)
  Hash Cond: (ci.movie_id = t.id)
  ->  Seq Scan on cast_info ci  (cost=0.00..614943.12 rows=36225612 width=4) (actual time=0.008..8291.534 rows=36244344 loops=1)
  ->  Hash  (cost=438721.65..438721.65 rows=11513 width=8) (actual time=7995.564..7995.564 rows=7957 loops=1)
        Buckets: 16384  Batches: 1  Memory Usage: 439kB
        ->  Hash Join  (cost=73950.59..438721.65 rows=11513 width=8) (actual time=1132.022..7990.447 rows=7957 loops=1)
              Hash Cond: (mi.movie_id = t.id)
              ->  Seq Scan on movie_info mi  (cost=0.00..309384.22 rows=14739122 width=4) (actual time=0.014..4076.224 rows=14835720 loops=1)
              ->  Hash  (cost=73925.90..73925.90 rows=1975 width=4) (actual time=1095.292..1095.292 rows=1036 loops=1)
                    Buckets: 2048  Batches: 1  Memory Usage: 53kB
                    ->  Seq Scan on title t  (cost=0.00..73925.90 rows=1975 width=4) (actual time=461.147..1094.699 rows=1036 loops=1)
                          Filter: ((kind_id < 7) AND (production_year < 1897))
                          Rows Removed by Filter: 2527276
Planning time: 0.892 ms
Execution time: 23889.894 ms
