Hash Join  (cost=102445.58..1277386.58 rows=16155308 width=0) (actual time=6202.771..34963.057 rows=16723557 loops=1)
  Hash Cond: (ci.movie_id = t.id)
  ->  Seq Scan on cast_info ci  (cost=0.00..705507.15 rows=23499554 width=4) (actual time=4074.022..15923.278 rows=23573656 loops=1)
        Filter: (role_id > 1)
        Rows Removed by Filter: 12670688
  ->  Hash  (cost=73925.90..73925.90 rows=1738294 width=4) (actual time=2127.771..2127.771 rows=1799904 loops=1)
        Buckets: 131072  Batches: 32  Memory Usage: 3007kB
        ->  Seq Scan on title t  (cost=0.00..73925.90 rows=1738294 width=4) (actual time=0.029..1552.764 rows=1799904 loops=1)
              Filter: ((kind_id > 1) AND (production_year > 1923))
              Rows Removed by Filter: 728408
Planning time: 0.739 ms
Execution time: 36794.846 ms
