Hash Join  (cost=236255.67..1433994.38 rows=11550351 width=0) (actual time=5486.068..54942.106 rows=76671658 loops=1)
  Hash Cond: (ci.movie_id = t.id)
  ->  Seq Scan on cast_info ci  (cost=0.00..614943.12 rows=36225612 width=4) (actual time=0.026..12864.139 rows=36244344 loops=1)
  ->  Hash  (cost=223028.07..223028.07 rows=806208 width=8) (actual time=5484.687..5484.687 rows=1217831 loops=1)
        Buckets: 131072 (originally 131072)  Batches: 32 (originally 16)  Memory Usage: 4085kB
        ->  Hash Join  (cost=81573.24..223028.07 rows=806208 width=8) (actual time=1408.334..5168.430 rows=1217831 loops=1)
              Hash Cond: (mk.movie_id = t.id)
              ->  Seq Scan on movie_keyword mk  (cost=0.00..81003.12 rows=4373499 width=4) (actual time=0.028..1762.634 rows=4360169 loops=1)
                    Filter: (keyword_id > 117)
                    Rows Removed by Filter: 163761
              ->  Hash  (cost=73925.90..73925.90 rows=466107 width=4) (actual time=1407.413..1407.413 rows=396359 loops=1)
                    Buckets: 131072  Batches: 8  Memory Usage: 2769kB
                    ->  Seq Scan on title t  (cost=0.00..73925.90 rows=466107 width=4) (actual time=0.026..1280.646 rows=396359 loops=1)
                          Filter: ((kind_id < 7) AND (production_year > 2003))
                          Rows Removed by Filter: 2131953
Planning time: 2.425 ms
Execution time: 63380.891 ms
