Hash Join  (cost=129382.07..495369.49 rows=133149 width=0) (actual time=2787.733..9988.976 rows=66720 loops=1)
  Hash Cond: (mi.movie_id = t.id)
  ->  Seq Scan on movie_info mi  (cost=0.00..309384.22 rows=14739122 width=4) (actual time=0.014..4425.278 rows=14835720 loops=1)
  ->  Hash  (cost=129096.55..129096.55 rows=22842 width=8) (actual time=2452.407..2452.407 rows=9049 loops=1)
        Buckets: 32768  Batches: 1  Memory Usage: 610kB
        ->  Hash Join  (cost=74202.60..129096.55 rows=22842 width=8) (actual time=1465.189..2448.497 rows=9049 loops=1)
              Hash Cond: (mc.movie_id = t.id)
              ->  Seq Scan on movie_companies mc  (cost=0.00..44881.29 rows=2609129 width=4) (actual time=0.025..618.101 rows=2609129 loops=1)
              ->  Hash  (cost=73925.90..73925.90 rows=22136 width=4) (actual time=1172.253..1172.253 rows=24301 loops=1)
                    Buckets: 32768  Batches: 1  Memory Usage: 1111kB
                    ->  Seq Scan on title t  (cost=0.00..73925.90 rows=22136 width=4) (actual time=149.572..1161.772 rows=24301 loops=1)
                          Filter: ((kind_id = 7) AND (production_year = 1996))
                          Rows Removed by Filter: 2504011
Planning time: 1.177 ms
Execution time: 9998.386 ms
