Hash Join  (cost=102767.86..229934.16 rows=1507888 width=0) (actual time=1980.616..5828.713 rows=1526144 loops=1)
  Hash Cond: (mk.movie_id = t.id)
  ->  Seq Scan on movie_keyword mk  (cost=0.00..81003.12 rows=1507888 width=4) (actual time=0.022..1595.822 rows=1526144 loops=1)
        Filter: (keyword_id > 10512)
        Rows Removed by Filter: 2997786
  ->  Hash  (cost=61283.27..61283.27 rows=2528527 width=4) (actual time=1979.443..1979.443 rows=2528312 loops=1)
        Buckets: 131072  Batches: 64  Memory Usage: 2425kB
        ->  Seq Scan on title t  (cost=0.00..61283.27 rows=2528527 width=4) (actual time=0.004..1126.742 rows=2528312 loops=1)
Planning time: 0.785 ms
Execution time: 6009.553 ms
