Hash Join  (cost=125400.81..937907.46 rows=56519 width=0) (actual time=7906.578..16720.256 rows=136943 loops=1)
  Hash Cond: (ci.movie_id = t.id)
  ->  Seq Scan on cast_info ci  (cost=0.00..796071.18 rows=4232075 width=4) (actual time=5455.600..12622.743 rows=8636184 loops=1)
        Filter: ((person_id < 1176857) AND (role_id = 1))
        Rows Removed by Filter: 27608160
  ->  Hash  (cost=124978.71..124978.71 rows=33768 width=8) (actual time=2450.388..2450.388 rows=17307 loops=1)
        Buckets: 65536  Batches: 1  Memory Usage: 1189kB
        ->  Hash Join  (cost=68438.72..124978.71 rows=33768 width=8) (actual time=1406.676..2443.327 rows=17307 loops=1)
              Hash Cond: (mc.movie_id = t.id)
              ->  Seq Scan on movie_companies mc  (cost=0.00..51404.11 rows=1279517 width=4) (actual time=297.144..1012.425 rows=1274246 loops=1)
                    Filter: (company_type_id < 2)
                    Rows Removed by Filter: 1334883
              ->  Hash  (cost=67604.59..67604.59 rows=66731 width=4) (actual time=1108.848..1108.848 rows=67342 loops=1)
                    Buckets: 131072  Batches: 1  Memory Usage: 3392kB
                    ->  Seq Scan on title t  (cost=0.00..67604.59 rows=66731 width=4) (actual time=0.032..1081.201 rows=67342 loops=1)
                          Filter: (production_year > 2012)
                          Rows Removed by Filter: 2460970
Planning time: 1.268 ms
Execution time: 16739.987 ms
