Hash Join  (cost=224242.03..297220.78 rows=382544 width=0) (actual time=4986.523..7470.724 rows=4647915 loops=1)
  Hash Cond: (mc.movie_id = t.id)
  ->  Seq Scan on movie_companies mc  (cost=0.00..51404.11 rows=1279517 width=4) (actual time=304.963..1059.935 rows=1274246 loops=1)
        Filter: (company_type_id = 1)
        Rows Removed by Filter: 1334883
  ->  Hash  (cost=211839.45..211839.45 rows=755967 width=8) (actual time=4648.108..4648.108 rows=763486 loops=1)
        Buckets: 131072  Batches: 16  Memory Usage: 2924kB
        ->  Hash Join  (cost=102767.86..211839.45 rows=755967 width=8) (actual time=1906.510..4409.323 rows=763486 loops=1)
              Hash Cond: (mk.movie_id = t.id)
              ->  Seq Scan on movie_keyword mk  (cost=0.00..81003.12 rows=755967 width=4) (actual time=0.034..1467.091 rows=763486 loops=1)
                    Filter: (keyword_id > 24539)
                    Rows Removed by Filter: 3760444
              ->  Hash  (cost=61283.27..61283.27 rows=2528527 width=4) (actual time=1905.109..1905.109 rows=2528312 loops=1)
                    Buckets: 131072  Batches: 64  Memory Usage: 2425kB
                    ->  Seq Scan on title t  (cost=0.00..61283.27 rows=2528527 width=4) (actual time=0.017..1048.179 rows=2528312 loops=1)
Planning time: 1.100 ms
Execution time: 8011.884 ms
