Seq Scan on cast_info ci  (cost=0.00..796071.18 rows=4584790 width=0) (actual time=195.063..11799.361 rows=1963481 loops=1)
  Filter: ((person_id < 677240) AND (role_id > 1))
  Rows Removed by Filter: 34280863
Planning time: 3.819 ms
Execution time: 12048.448 ms
