Hash Join  (cost=201666.79..656546.80 rows=2198474 width=0) (actual time=4940.883..17847.868 rows=11359172 loops=1)
  Hash Cond: (mi.movie_id = t.id)
  ->  Seq Scan on movie_info mi  (cost=0.00..346232.03 rows=7235534 width=4) (actual time=0.020..6290.889 rows=7286865 loops=1)
        Filter: (info_type_id < 8)
        Rows Removed by Filter: 7548855
  ->  Hash  (cost=189061.31..189061.31 rows=768278 width=8) (actual time=4940.118..4940.118 rows=1057988 loops=1)
        Buckets: 131072  Batches: 16  Memory Usage: 3658kB
        ->  Hash Join  (cost=102767.86..189061.31 rows=768278 width=8) (actual time=2220.879..4624.430 rows=1057988 loops=1)
              Hash Cond: (mc.movie_id = t.id)
              ->  Seq Scan on movie_companies mc  (cost=0.00..57926.93 rows=768278 width=4) (actual time=0.014..1143.343 rows=1057988 loops=1)
                    Filter: ((company_id < 14920) AND (company_type_id < 2))
                    Rows Removed by Filter: 1551141
              ->  Hash  (cost=61283.27..61283.27 rows=2528527 width=4) (actual time=2220.097..2220.097 rows=2528312 loops=1)
                    Buckets: 131072  Batches: 64  Memory Usage: 2415kB
                    ->  Seq Scan on title t  (cost=0.00..61283.27 rows=2528527 width=4) (actual time=0.014..1088.119 rows=2528312 loops=1)
Planning time: 1.142 ms
Execution time: 19097.974 ms
