Hash Join  (cost=171645.95..933100.77 rows=1340222 width=0) (actual time=3963.319..18960.744 rows=2805954 loops=1)
  Hash Cond: (ci.movie_id = t.id)
  ->  Seq Scan on cast_info ci  (cost=0.00..705507.15 rows=3336386 width=4) (actual time=0.016..11802.632 rows=3354309 loops=1)
        Filter: (person_id > 3445803)
        Rows Removed by Filter: 32890035
  ->  Hash  (cost=154981.62..154981.62 rows=1015706 width=8) (actual time=3962.168..3962.168 rows=750135 loops=1)
        Buckets: 131072  Batches: 16  Memory Usage: 2867kB
        ->  Hash Join  (cost=98137.04..154981.62 rows=1015706 width=8) (actual time=2040.143..3736.721 rows=750135 loops=1)
              Hash Cond: (mi_idx.movie_id = t.id)
              ->  Seq Scan on movie_info_idx mi_idx  (cost=0.00..21735.35 rows=1380035 width=4) (actual time=0.050..507.271 rows=1380035 loops=1)
              ->  Hash  (cost=67604.59..67604.59 rows=1860996 width=4) (actual time=2039.027..2039.027 rows=1865487 loops=1)
                    Buckets: 131072  Batches: 32  Memory Usage: 3079kB
                    ->  Seq Scan on title t  (cost=0.00..67604.59 rows=1860996 width=4) (actual time=0.013..1434.685 rows=1865487 loops=1)
                          Filter: (kind_id > 1)
                          Rows Removed by Filter: 662825
Planning time: 1.190 ms
Execution time: 19288.149 ms
