Hash Join  (cost=28268.91..751574.09 rows=192 width=0) (actual time=3846.928..13284.146 rows=5586 loops=1)
  Hash Cond: (ci.movie_id = t.id)
  ->  Seq Scan on cast_info ci  (cost=0.00..705507.15 rows=4745632 width=4) (actual time=3390.260..12054.674 rows=4780205 loops=1)
        Filter: (person_id > 3199438)
        Rows Removed by Filter: 31464139
  ->  Hash  (cost=28267.64..28267.64 rows=102 width=8) (actual time=426.471..426.471 rows=233 loops=1)
        Buckets: 1024  Batches: 1  Memory Usage: 18kB
        ->  Nested Loop  (cost=0.43..28267.64 rows=102 width=8) (actual time=334.946..426.368 rows=233 loops=1)
              ->  Seq Scan on movie_info_idx mi_idx  (cost=0.00..25185.44 rows=368 width=4) (actual time=334.870..422.141 rows=260 loops=1)
                    Filter: (info_type_id > 101)
                    Rows Removed by Filter: 1379775
              ->  Index Scan using title_pkey on title t  (cost=0.43..8.37 rows=1 width=4) (actual time=0.015..0.016 rows=1 loops=260)
                    Index Cond: (id = mi_idx.movie_id)
                    Filter: ((kind_id < 7) AND (production_year < 2009))
                    Rows Removed by Filter: 0
Planning time: 4.171 ms
Execution time: 13287.627 ms
