Hash Join  (cost=88295.76..161998.35 rows=326890 width=0) (actual time=1630.918..3676.418 rows=160038 loops=1)
  Hash Cond: (mc.movie_id = t.id)
  ->  Seq Scan on movie_companies mc  (cost=0.00..57926.93 rows=655402 width=4) (actual time=0.025..995.052 rows=417462 loops=1)
        Filter: ((company_id < 11209) AND (company_type_id = 2))
        Rows Removed by Filter: 2191667
  ->  Hash  (cost=67604.59..67604.59 rows=1261134 width=4) (actual time=1629.366..1629.366 rows=1260295 loops=1)
        Buckets: 131072  Batches: 32  Memory Usage: 2413kB
        ->  Seq Scan on title t  (cost=0.00..67604.59 rows=1261134 width=4) (actual time=0.016..1216.371 rows=1260295 loops=1)
              Filter: (production_year > 2002)
              Rows Removed by Filter: 1268017
Planning time: 0.739 ms
Execution time: 3694.784 ms
