Hash Join  (cost=98498.33..817585.18 rows=261754 width=0) (actual time=2466.607..13613.891 rows=202664 loops=1)
  Hash Cond: (ci.movie_id = t.id)
  ->  Seq Scan on cast_info ci  (cost=0.00..705507.15 rows=441908 width=4) (actual time=588.073..11262.487 rows=370899 loops=1)
        Filter: (person_id < 42506)
        Rows Removed by Filter: 35873445
  ->  Hash  (cost=73925.90..73925.90 rows=1497714 width=4) (actual time=1877.536..1877.536 rows=1478440 loops=1)
        Buckets: 131072  Batches: 32  Memory Usage: 2651kB
        ->  Seq Scan on title t  (cost=0.00..73925.90 rows=1497714 width=4) (actual time=0.036..1411.202 rows=1478440 loops=1)
              Filter: ((production_year > 0) AND (kind_id = 7))
              Rows Removed by Filter: 1049872
Planning time: 0.539 ms
Execution time: 13638.317 ms
