Hash Join  (cost=844159.30..1055212.79 rows=1275259 width=0) (actual time=23650.305..27517.842 rows=2099302 loops=1)
  Hash Cond: (mk.movie_id = t.id)
  ->  Seq Scan on movie_keyword mk  (cost=0.00..69693.30 rows=4523930 width=4) (actual time=0.014..1449.179 rows=4523930 loops=1)
  ->  Hash  (cost=832464.67..832464.67 rows=712771 width=8) (actual time=23645.916..23645.916 rows=806203 loops=1)
        Buckets: 131072  Batches: 16  Memory Usage: 3048kB
        ->  Hash Join  (cost=74547.79..832464.67 rows=712771 width=8) (actual time=1284.618..22796.389 rows=806203 loops=1)
              Hash Cond: (ci.movie_id = t.id)
              ->  Seq Scan on cast_info ci  (cost=0.00..614943.12 rows=36225612 width=4) (actual time=0.017..9582.840 rows=36244344 loops=1)
              ->  Hash  (cost=73925.90..73925.90 rows=49751 width=4) (actual time=1284.266..1284.266 rows=56995 loops=1)
                    Buckets: 65536  Batches: 1  Memory Usage: 2516kB
                    ->  Seq Scan on title t  (cost=0.00..73925.90 rows=49751 width=4) (actual time=0.038..1250.841 rows=56995 loops=1)
                          Filter: ((kind_id > 1) AND (production_year = 2003))
                          Rows Removed by Filter: 2471317
Planning time: 1.158 ms
Execution time: 27750.604 ms
