Seq Scan on movie_keyword mk  (cost=0.00..81003.12 rows=246 width=0) (actual time=35.646..1309.011 rows=24 loops=1)
  Filter: (keyword_id = 21646)
  Rows Removed by Filter: 4523906
Planning time: 4.867 ms
Execution time: 1309.126 ms
