Seq Scan on cast_info ci  (cost=0.00..705507.15 rows=24664018 width=0) (actual time=0.026..13657.053 rows=24772086 loops=1)
  Filter: (person_id > 1127788)
  Rows Removed by Filter: 11472258
Planning time: 0.321 ms
Execution time: 16791.355 ms
