Hash Join  (cost=73962.22..443632.50 rows=7159 width=0) (actual time=1065.905..8169.722 rows=43448 loops=1)
  Hash Cond: (mi.movie_id = t.id)
  ->  Seq Scan on movie_info mi  (cost=0.00..346232.03 rows=6231111 width=4) (actual time=0.021..5954.252 rows=6223494 loops=1)
        Filter: (info_type_id > 8)
        Rows Removed by Filter: 8612226
  ->  Hash  (cost=73925.90..73925.90 rows=2905 width=4) (actual time=1064.748..1064.748 rows=10197 loops=1)
        Buckets: 16384 (originally 4096)  Batches: 1 (originally 1)  Memory Usage: 487kB
        ->  Seq Scan on title t  (cost=0.00..73925.90 rows=2905 width=4) (actual time=0.016..1060.054 rows=10197 loops=1)
              Filter: ((kind_id < 7) AND (production_year = 1992))
              Rows Removed by Filter: 2518115
Planning time: 0.792 ms
Execution time: 8176.983 ms
