Hash Join  (cost=83072.41..109982.94 rows=5 width=0) (actual time=1737.170..1958.293 rows=3 loops=1)
  Hash Cond: (mi_idx.movie_id = t.id)
  ->  Seq Scan on movie_info_idx mi_idx  (cost=0.00..21735.35 rows=1380035 width=4) (actual time=0.040..353.561 rows=1380035 loops=1)
  ->  Hash  (cost=83072.29..83072.29 rows=10 width=8) (actual time=1360.399..1360.399 rows=3 loops=1)
        Buckets: 1024  Batches: 1  Memory Usage: 9kB
        ->  Nested Loop  (cost=0.43..83072.29 rows=10 width=8) (actual time=445.511..1360.373 rows=3 loops=1)
              ->  Seq Scan on movie_keyword mk  (cost=0.00..81003.12 rows=246 width=4) (actual time=4.246..1277.713 rows=2038 loops=1)
                    Filter: (keyword_id = 430)
                    Rows Removed by Filter: 4521892
              ->  Index Scan using title_pkey on title t  (cost=0.43..8.40 rows=1 width=4) (actual time=0.040..0.040 rows=0 loops=2038)
                    Index Cond: (id = mk.movie_id)
                    Filter: (production_year < 1925)
                    Rows Removed by Filter: 1
Planning time: 1.126 ms
Execution time: 1958.414 ms
