Hash Join  (cost=100901.67..851896.85 rows=20596 width=0) (actual time=2030.377..18218.983 rows=5727 loops=1)
  Hash Cond: (ci.movie_id = t.id)
  ->  Seq Scan on cast_info ci  (cost=0.00..614943.12 rows=36225612 width=4) (actual time=0.022..9213.129 rows=36244344 loops=1)
  ->  Hash  (cost=100883.69..100883.69 rows=1438 width=8) (actual time=1774.331..1774.331 rows=2964 loops=1)
        Buckets: 4096 (originally 2048)  Batches: 1 (originally 1)  Memory Usage: 148kB
        ->  Hash Join  (cost=73958.83..100883.69 rows=1438 width=8) (actual time=1156.127..1773.063 rows=2964 loops=1)
              Hash Cond: (mi_idx.movie_id = t.id)
              ->  Seq Scan on movie_info_idx mi_idx  (cost=0.00..21735.35 rows=1380035 width=4) (actual time=0.027..339.645 rows=1380035 loops=1)
              ->  Hash  (cost=73925.90..73925.90 rows=2634 width=4) (actual time=1155.439..1155.439 rows=4085 loops=1)
                    Buckets: 4096  Batches: 1  Memory Usage: 176kB
                    ->  Seq Scan on title t  (cost=0.00..73925.90 rows=2634 width=4) (actual time=0.406..1153.429 rows=4085 loops=1)
                          Filter: ((kind_id < 7) AND (production_year < 1899))
                          Rows Removed by Filter: 2524227
Planning time: 4.428 ms
Execution time: 18220.192 ms
