Hash Join  (cost=171455.96..893417.23 rows=40801 width=0) (actual time=3356.920..15899.895 rows=11918 loops=1)
  Hash Cond: (ci.movie_id = t.id)
  ->  Seq Scan on cast_info ci  (cost=0.00..705507.15 rows=4278965 width=4) (actual time=0.014..11700.242 rows=4147669 loops=1)
        Filter: (person_id < 398528)
        Rows Removed by Filter: 32096675
  ->  Hash  (cost=171154.58..171154.58 rows=24110 width=8) (actual time=3355.505..3355.505 rows=5188 loops=1)
        Buckets: 32768  Batches: 1  Memory Usage: 459kB
        ->  Hash Join  (cost=102767.86..171154.58 rows=24110 width=8) (actual time=2112.140..3353.347 rows=5188 loops=1)
              Hash Cond: (mc.movie_id = t.id)
              ->  Seq Scan on movie_companies mc  (cost=0.00..57926.93 rows=24110 width=4) (actual time=98.806..949.763 rows=5188 loops=1)
                    Filter: ((company_type_id > 1) AND (company_id = 19))
                    Rows Removed by Filter: 2603941
              ->  Hash  (cost=61283.27..61283.27 rows=2528527 width=4) (actual time=2010.531..2010.531 rows=2528312 loops=1)
                    Buckets: 131072  Batches: 64  Memory Usage: 2415kB
                    ->  Seq Scan on title t  (cost=0.00..61283.27 rows=2528527 width=4) (actual time=0.036..1169.019 rows=2528312 loops=1)
Planning time: 1.115 ms
Execution time: 15902.196 ms
