Hash Join  (cost=218225.37..365894.39 rows=2106698 width=0) (actual time=4940.007..10748.129 rows=8133420 loops=1)
  Hash Cond: (mk.movie_id = t.id)
  ->  Seq Scan on movie_keyword mk  (cost=0.00..69693.30 rows=4523930 width=4) (actual time=0.024..1579.646 rows=4523930 loops=1)
  ->  Hash  (cost=198906.86..198906.86 rows=1177481 width=8) (actual time=4938.748..4938.748 rows=1266390 loops=1)
        Buckets: 131072 (originally 131072)  Batches: 32 (originally 16)  Memory Usage: 3073kB
        ->  Hash Join  (cost=102767.86..198906.86 rows=1177481 width=8) (actual time=2296.358..4578.853 rows=1266390 loops=1)
              Hash Cond: (mc.movie_id = t.id)
              ->  Seq Scan on movie_companies mc  (cost=0.00..57926.93 rows=1177481 width=4) (actual time=328.003..1259.613 rows=1266390 loops=1)
                    Filter: ((company_id > 159) AND (company_type_id = 2))
                    Rows Removed by Filter: 1342739
              ->  Hash  (cost=61283.27..61283.27 rows=2528527 width=4) (actual time=1967.139..1967.139 rows=2528312 loops=1)
                    Buckets: 131072  Batches: 64  Memory Usage: 2415kB
                    ->  Seq Scan on title t  (cost=0.00..61283.27 rows=2528527 width=4) (actual time=0.015..1149.936 rows=2528312 loops=1)
Planning time: 8.330 ms
Execution time: 11705.465 ms
