Hash Join  (cost=73454.11..168081.14 rows=132936 width=0) (actual time=1368.201..3449.950 rows=199644 loops=1)
  Hash Cond: (mk.movie_id = t.id)
  ->  Seq Scan on movie_keyword mk  (cost=0.00..81003.12 rows=942812 width=4) (actual time=0.022..1457.648 rows=953633 loops=1)
        Filter: (keyword_id > 19891)
        Rows Removed by Filter: 3570297
  ->  Hash  (cost=67604.59..67604.59 rows=356522 width=4) (actual time=1367.385..1367.385 rows=352081 loops=1)
        Buckets: 131072  Batches: 8  Memory Usage: 2571kB
        ->  Seq Scan on title t  (cost=0.00..67604.59 rows=356522 width=4) (actual time=0.017..1244.894 rows=352081 loops=1)
              Filter: (production_year < 1969)
              Rows Removed by Filter: 2176231
Planning time: 0.685 ms
Execution time: 3470.460 ms
