Hash Join  (cost=79422.14..168352.12 rows=68027 width=0) (actual time=1266.498..2785.629 rows=15335 loops=1)
  Hash Cond: (mk.movie_id = t.id)
  ->  Seq Scan on movie_keyword mk  (cost=0.00..81003.12 rows=513488 width=4) (actual time=0.027..1274.807 rows=505477 loops=1)
        Filter: (keyword_id > 35850)
        Rows Removed by Filter: 4018453
  ->  Hash  (cost=73925.90..73925.90 rows=334979 width=4) (actual time=1263.382..1263.382 rows=198988 loops=1)
        Buckets: 131072  Batches: 8  Memory Usage: 1900kB
        ->  Seq Scan on title t  (cost=0.00..73925.90 rows=334979 width=4) (actual time=0.021..1191.897 rows=198988 loops=1)
              Filter: ((kind_id > 1) AND (production_year < 1976))
              Rows Removed by Filter: 2329324
Planning time: 0.697 ms
Execution time: 2788.162 ms
