Hash Join  (cost=102767.86..241049.83 rows=1969898 width=0) (actual time=1968.624..5348.296 rows=1978997 loops=1)
  Hash Cond: (mk.movie_id = t.id)
  ->  Seq Scan on movie_keyword mk  (cost=0.00..81003.12 rows=1969898 width=4) (actual time=0.020..1547.973 rows=1978997 loops=1)
        Filter: (keyword_id > 6393)
        Rows Removed by Filter: 2544933
  ->  Hash  (cost=61283.27..61283.27 rows=2528527 width=4) (actual time=1966.571..1966.571 rows=2528312 loops=1)
        Buckets: 131072  Batches: 64  Memory Usage: 2425kB
        ->  Seq Scan on title t  (cost=0.00..61283.27 rows=2528527 width=4) (actual time=0.014..1124.656 rows=2528312 loops=1)
Planning time: 1.958 ms
Execution time: 5564.668 ms
