Hash Join  (cost=133717.74..220481.83 rows=10606 width=0) (actual time=2316.100..3845.243 rows=17672 loops=1)
  Hash Cond: (mk.movie_id = t.id)
  ->  Seq Scan on movie_keyword mk  (cost=0.00..69693.30 rows=4523930 width=4) (actual time=0.013..1037.310 rows=4523930 loops=1)
  ->  Hash  (cost=133643.64..133643.64 rows=5928 width=8) (actual time=2009.629..2009.629 rows=5701 loops=1)
        Buckets: 8192  Batches: 1  Memory Usage: 287kB
        ->  Hash Join  (cost=74574.97..133643.64 rows=5928 width=8) (actual time=1519.692..2007.643 rows=5701 loops=1)
              Hash Cond: (mc.movie_id = t.id)
              ->  Seq Scan on movie_companies mc  (cost=0.00..57926.93 rows=288654 width=4) (actual time=241.171..632.686 rows=422831 loops=1)
                    Filter: ((company_id < 663) AND (company_type_id < 2))
                    Rows Removed by Filter: 2186298
              ->  Hash  (cost=73925.90..73925.90 rows=51925 width=4) (actual time=1276.906..1276.906 rows=56480 loops=1)
                    Buckets: 65536  Batches: 1  Memory Usage: 2498kB
                    ->  Seq Scan on title t  (cost=0.00..73925.90 rows=51925 width=4) (actual time=0.029..1253.986 rows=56480 loops=1)
                          Filter: ((kind_id = 7) AND (production_year = 2004))
                          Rows Removed by Filter: 2471832
Planning time: 1.661 ms
Execution time: 3847.578 ms
