Hash Join  (cost=487933.36..628491.05 rows=1522966 width=0) (actual time=9379.970..12283.312 rows=741817 loops=1)
  Hash Cond: (mk.movie_id = t.id)
  ->  Seq Scan on movie_keyword mk  (cost=0.00..69693.30 rows=4523930 width=4) (actual time=0.009..1407.079 rows=4523930 loops=1)
  ->  Hash  (cost=473967.11..473967.11 rows=851220 width=8) (actual time=8841.495..8841.495 rows=195357 loops=1)
        Buckets: 131072  Batches: 16  Memory Usage: 1505kB
        ->  Hash Join  (cost=90016.07..473967.11 rows=851220 width=8) (actual time=1730.080..8775.462 rows=195357 loops=1)
              Hash Cond: (mi.movie_id = t.id)
              ->  Seq Scan on movie_info mi  (cost=0.00..346232.03 rows=2194617 width=4) (actual time=0.021..5532.837 rows=2233850 loops=1)
                    Filter: (info_type_id > 16)
                    Rows Removed by Filter: 12601870
              ->  Hash  (cost=73925.90..73925.90 rows=980733 width=4) (actual time=1729.145..1729.145 rows=1074493 loops=1)
                    Buckets: 131072  Batches: 16  Memory Usage: 3400kB
                    ->  Seq Scan on title t  (cost=0.00..73925.90 rows=980733 width=4) (actual time=0.018..1389.865 rows=1074493 loops=1)
                          Filter: ((production_year > 1995) AND (kind_id = 7))
                          Rows Removed by Filter: 1453819
Planning time: 0.755 ms
Execution time: 12374.197 ms
