Seq Scan on movie_companies mc  (cost=0.00..57926.93 rows=51 width=0) (actual time=207.282..816.946 rows=425 loops=1)
  Filter: ((company_type_id < 2) AND (company_id = 36))
  Rows Removed by Filter: 2608704
Planning time: 0.481 ms
Execution time: 817.136 ms
