Seq Scan on movie_keyword mk  (cost=0.00..81003.12 rows=3560361 width=0) (actual time=0.024..1694.040 rows=3551690 loops=1)
  Filter: (keyword_id < 19405)
  Rows Removed by Filter: 972240
Planning time: 0.336 ms
Execution time: 2141.939 ms
