Hash Join  (cost=228441.26..1434250.76 rows=12336027 width=0) (actual time=4708.938..36017.564 rows=9275009 loops=1)
  Hash Cond: (ci.movie_id = t.id)
  ->  Seq Scan on cast_info ci  (cost=0.00..614943.12 rows=36225612 width=4) (actual time=0.012..13678.136 rows=36244344 loops=1)
  ->  Hash  (cost=214314.16..214314.16 rows=861048 width=8) (actual time=4704.748..4704.748 rows=218755 loops=1)
        Buckets: 131072  Batches: 16  Memory Usage: 1565kB
        ->  Hash Join  (cost=81821.64..214314.16 rows=861048 width=8) (actual time=1916.379..4647.606 rows=218755 loops=1)
              Hash Cond: (mk.movie_id = t.id)
              ->  Seq Scan on movie_keyword mk  (cost=0.00..69693.30 rows=4523930 width=4) (actual time=0.027..1463.066 rows=4523930 loops=1)
              ->  Hash  (cost=73925.90..73925.90 rows=481259 width=4) (actual time=1328.092..1328.092 rows=518327 loops=1)
                    Buckets: 131072  Batches: 8  Memory Usage: 3307kB
                    ->  Seq Scan on title t  (cost=0.00..73925.90 rows=481259 width=4) (actual time=0.021..1156.176 rows=518327 loops=1)
                          Filter: ((production_year > 2007) AND (kind_id = 7))
                          Rows Removed by Filter: 2009985
Planning time: 1.153 ms
Execution time: 37039.759 ms
