Hash Join  (cost=68365.25..155069.83 rows=34384 width=0) (actual time=1149.724..2818.487 rows=40018 loops=1)
  Hash Cond: (mk.movie_id = t.id)
  ->  Seq Scan on movie_keyword mk  (cost=0.00..81003.12 rows=1428698 width=4) (actual time=0.012..1384.500 rows=1440399 loops=1)
        Filter: (keyword_id > 11588)
        Rows Removed by Filter: 3083531
  ->  Hash  (cost=67604.59..67604.59 rows=60853 width=4) (actual time=1149.299..1149.299 rows=62568 loops=1)
        Buckets: 65536  Batches: 1  Memory Usage: 2712kB
        ->  Seq Scan on title t  (cost=0.00..67604.59 rows=60853 width=4) (actual time=0.018..1124.075 rows=62568 loops=1)
              Filter: (production_year = 2002)
              Rows Removed by Filter: 2465744
Planning time: 1.992 ms
Execution time: 2824.109 ms
