Hash Join  (cost=238134.42..1124892.55 rows=2214142 width=0) (actual time=15962.827..22596.162 rows=1769293 loops=1)
  Hash Cond: (ci.movie_id = t.id)
  ->  Seq Scan on cast_info ci  (cost=0.00..796071.18 rows=5008905 width=4) (actual time=10400.112..13985.190 rows=5459793 loops=1)
        Filter: ((person_id > 478574) AND (role_id > 8))
        Rows Removed by Filter: 30784551
  ->  Hash  (cost=219796.01..219796.01 rows=1117713 width=8) (actual time=5558.988..5558.988 rows=495682 loops=1)
        Buckets: 131072  Batches: 16  Memory Usage: 2228kB
        ->  Hash Join  (cost=84175.84..219796.01 rows=1117713 width=8) (actual time=1324.950..5409.475 rows=495682 loops=1)
              Hash Cond: (mk.movie_id = t.id)
              ->  Seq Scan on movie_keyword mk  (cost=0.00..69693.30 rows=4523930 width=4) (actual time=0.014..1258.806 rows=4523930 loops=1)
              ->  Hash  (cost=73925.90..73925.90 rows=624715 width=4) (actual time=1323.730..1323.730 rows=501928 loops=1)
                    Buckets: 131072  Batches: 16  Memory Usage: 2135kB
                    ->  Seq Scan on title t  (cost=0.00..73925.90 rows=624715 width=4) (actual time=0.023..1155.145 rows=501928 loops=1)
                          Filter: ((kind_id > 1) AND (production_year < 1996))
                          Rows Removed by Filter: 2026384
Planning time: 1.132 ms
Execution time: 22782.017 ms
