Hash Join  (cost=132722.97..219389.19 rows=818 width=0) (actual time=1833.362..3565.780 rows=805 loops=1)
  Hash Cond: (mk.movie_id = t.id)
  ->  Seq Scan on movie_keyword mk  (cost=0.00..69693.30 rows=4523930 width=4) (actual time=0.015..938.602 rows=4523930 loops=1)
  ->  Hash  (cost=132717.26..132717.26 rows=457 width=8) (actual time=1829.509..1829.509 rows=1019 loops=1)
        Buckets: 1024  Batches: 1  Memory Usage: 48kB
        ->  Hash Join  (cost=73994.33..132717.26 rows=457 width=8) (actual time=1228.414..1829.115 rows=1019 loops=1)
              Hash Cond: (mc.movie_id = t.id)
              ->  Seq Scan on movie_companies mc  (cost=0.00..57926.93 rows=211047 width=4) (actual time=0.104..583.413 rows=97094 loops=1)
                    Filter: ((company_id < 284) AND (company_type_id > 1))
                    Rows Removed by Filter: 2512035
              ->  Hash  (cost=73925.90..73925.90 rows=5474 width=4) (actual time=1226.962..1226.962 rows=6970 loops=1)
                    Buckets: 8192  Batches: 1  Memory Usage: 310kB
                    ->  Seq Scan on title t  (cost=0.00..73925.90 rows=5474 width=4) (actual time=0.724..1223.411 rows=6970 loops=1)
                          Filter: ((kind_id > 1) AND (production_year = 1962))
                          Rows Removed by Filter: 2521342
Planning time: 1.128 ms
Execution time: 3566.064 ms
