Hash Join  (cost=102767.86..185186.98 rows=878339 width=0) (actual time=1866.953..3837.704 rows=885204 loops=1)
  Hash Cond: (mc.movie_id = t.id)
  ->  Seq Scan on movie_companies mc  (cost=0.00..51404.11 rows=878339 width=4) (actual time=0.031..888.043 rows=885204 loops=1)
        Filter: (company_id > 22485)
        Rows Removed by Filter: 1723925
  ->  Hash  (cost=61283.27..61283.27 rows=2528527 width=4) (actual time=1865.721..1865.721 rows=2528312 loops=1)
        Buckets: 131072  Batches: 64  Memory Usage: 2415kB
        ->  Seq Scan on title t  (cost=0.00..61283.27 rows=2528527 width=4) (actual time=0.011..1022.761 rows=2528312 loops=1)
Planning time: 0.800 ms
Execution time: 3939.571 ms
