Seq Scan on title t  (cost=0.00..73925.90 rows=609525 width=0) (actual time=0.024..1050.583 rows=492701 loops=1)
  Filter: ((kind_id < 3) AND (production_year > 1973))
  Rows Removed by Filter: 2035611
Planning time: 0.328 ms
Execution time: 1113.336 ms
