Seq Scan on movie_keyword mk  (cost=0.00..81003.12 rows=3049094 width=0) (actual time=0.033..1527.275 rows=3036735 loops=1)
  Filter: (keyword_id < 10980)
  Rows Removed by Filter: 1487195
Planning time: 0.350 ms
Execution time: 1899.373 ms
