Hash Join  (cost=474981.43..612814.16 rows=1299369 width=0) (actual time=8986.634..13835.290 rows=4470433 loops=1)
  Hash Cond: (mk.movie_id = t.id)
  ->  Seq Scan on movie_keyword mk  (cost=0.00..69693.30 rows=4523930 width=4) (actual time=0.037..1497.691 rows=4523930 loops=1)
  ->  Hash  (cost=463066.34..463066.34 rows=726247 width=8) (actual time=8985.764..8985.764 rows=918036 loops=1)
        Buckets: 131072  Batches: 16  Memory Usage: 3272kB
        ->  Hash Join  (cost=82131.75..463066.34 rows=726247 width=8) (actual time=1985.479..8688.669 rows=918036 loops=1)
              Hash Cond: (mi.movie_id = t.id)
              ->  Seq Scan on movie_info mi  (cost=0.00..346232.03 rows=2073893 width=4) (actual time=493.212..5603.087 rows=2091068 loops=1)
                    Filter: (info_type_id < 3)
                    Rows Removed by Filter: 12744652
              ->  Hash  (cost=67604.59..67604.59 rows=885453 width=4) (actual time=1491.086..1491.086 rows=885650 loops=1)
                    Buckets: 131072  Batches: 16  Memory Usage: 2979kB
                    ->  Seq Scan on title t  (cost=0.00..67604.59 rows=885453 width=4) (actual time=0.026..1201.288 rows=885650 loops=1)
                          Filter: (production_year < 1997)
                          Rows Removed by Filter: 1642662
Planning time: 1.209 ms
Execution time: 14409.626 ms
