Hash Join  (cost=95626.56..154058.84 rows=640 width=0) (actual time=1613.533..2511.882 rows=347 loops=1)
  Hash Cond: (mc.movie_id = t.id)
  ->  Seq Scan on movie_companies mc  (cost=0.00..57926.93 rows=133052 width=4) (actual time=0.036..886.171 rows=59971 loops=1)
        Filter: ((company_id < 128) AND (company_type_id = 2))
        Rows Removed by Filter: 2549158
  ->  Hash  (cost=95474.49..95474.49 rows=12166 width=8) (actual time=1610.949..1610.949 rows=4937 loops=1)
        Buckets: 16384  Batches: 1  Memory Usage: 321kB
        ->  Hash Join  (cost=68438.72..95474.49 rows=12166 width=8) (actual time=1023.017..1608.484 rows=4937 loops=1)
              Hash Cond: (mi_idx.movie_id = t.id)
              ->  Seq Scan on movie_info_idx mi_idx  (cost=0.00..25185.44 rows=460978 width=4) (actual time=0.012..441.147 rows=459925 loops=1)
                    Filter: (info_type_id < 100)
                    Rows Removed by Filter: 920110
              ->  Hash  (cost=67604.59..67604.59 rows=66731 width=4) (actual time=1021.020..1021.020 rows=67342 loops=1)
                    Buckets: 131072  Batches: 1  Memory Usage: 3392kB
                    ->  Seq Scan on title t  (cost=0.00..67604.59 rows=66731 width=4) (actual time=0.024..992.909 rows=67342 loops=1)
                          Filter: (production_year > 2012)
                          Rows Removed by Filter: 2460970
Planning time: 1.136 ms
Execution time: 2512.203 ms
