Hash Join  (cost=52284.99..779831.16 rows=242 width=0) (actual time=4827.139..11253.767 rows=444 loops=1)
  Hash Cond: (ci.movie_id = t.id)
  ->  Seq Scan on cast_info ci  (cost=0.00..705507.15 rows=5876425 width=4) (actual time=3947.042..9520.520 rows=5907197 loops=1)
        Filter: (person_id > 3053725)
        Rows Removed by Filter: 30337147
  ->  Hash  (cost=52283.69..52283.69 rows=104 width=8) (actual time=834.593..834.593 rows=646 loops=1)
        Buckets: 1024  Batches: 1  Memory Usage: 34kB
        ->  Nested Loop  (cost=0.43..52283.69 rows=104 width=8) (actual time=1.942..834.088 rows=646 loops=1)
              ->  Seq Scan on movie_companies mc  (cost=0.00..51404.11 rows=104 width=4) (actual time=1.880..805.459 rows=646 loops=1)
                    Filter: (company_id = 2096)
                    Rows Removed by Filter: 2608483
              ->  Index Only Scan using title_pkey on title t  (cost=0.43..8.45 rows=1 width=4) (actual time=0.043..0.043 rows=1 loops=646)
                    Index Cond: (id = mc.movie_id)
                    Heap Fetches: 646
Planning time: 1.210 ms
Execution time: 11254.027 ms
