Hash Join  (cost=159020.44..923914.14 rows=28469 width=0) (actual time=3503.214..17811.842 rows=19312 loops=1)
  Hash Cond: (ci.movie_id = t.id)
  ->  Seq Scan on cast_info ci  (cost=0.00..705507.15 rows=15760502 width=4) (actual time=18.143..12353.495 rows=15651611 loops=1)
        Filter: (person_id < 1545279)
        Rows Removed by Filter: 20592733
  ->  Hash  (cost=158963.35..158963.35 rows=4567 width=8) (actual time=2486.527..2486.527 rows=3610 loops=1)
        Buckets: 8192  Batches: 1  Memory Usage: 206kB
        ->  Hash Join  (cost=76444.38..158963.35 rows=4567 width=8) (actual time=1169.662..2485.363 rows=3610 loops=1)
              Hash Cond: (mk.movie_id = t.id)
              ->  Seq Scan on movie_keyword mk  (cost=0.00..81003.12 rows=75248 width=4) (actual time=0.036..1273.629 rows=72496 loops=1)
                    Filter: (keyword_id = 335)
                    Rows Removed by Filter: 4451434
              ->  Hash  (cost=73925.90..73925.90 rows=153478 width=4) (actual time=1168.387..1168.387 rows=134760 loops=1)
                    Buckets: 131072  Batches: 4  Memory Usage: 2222kB
                    ->  Seq Scan on title t  (cost=0.00..73925.90 rows=153478 width=4) (actual time=0.026..1116.122 rows=134760 loops=1)
                          Filter: ((kind_id < 7) AND (production_year > 2010))
                          Rows Removed by Filter: 2393552
Planning time: 1.156 ms
Execution time: 17816.646 ms
