Hash Join  (cost=81152.82..212281.77 rows=633773 width=0) (actual time=1361.642..5086.056 rows=1909656 loops=1)
  Hash Cond: (mk.movie_id = t.id)
  ->  Seq Scan on movie_keyword mk  (cost=0.00..81003.12 rows=3638160 width=4) (actual time=0.033..1700.027 rows=3632299 loops=1)
        Filter: (keyword_id < 20659)
        Rows Removed by Filter: 891631
  ->  Hash  (cost=73925.90..73925.90 rows=440473 width=4) (actual time=1360.534..1360.534 rows=473918 loops=1)
        Buckets: 131072  Batches: 8  Memory Usage: 3125kB
        ->  Seq Scan on title t  (cost=0.00..73925.90 rows=440473 width=4) (actual time=0.090..1202.521 rows=473918 loops=1)
              Filter: ((production_year < 2008) AND (kind_id = 1))
              Rows Removed by Filter: 2054394
Planning time: 1.486 ms
Execution time: 5317.380 ms
