Hash Join  (cost=102767.86..1200032.54 rows=12106554 width=0) (actual time=7656.528..30321.348 rows=12069288 loops=1)
  Hash Cond: (ci.movie_id = t.id)
  ->  Seq Scan on cast_info ci  (cost=0.00..796071.18 rows=12106554 width=4) (actual time=5703.781..17465.624 rows=12069288 loops=1)
        Filter: ((person_id > 28228) AND (role_id > 3))
        Rows Removed by Filter: 24175056
  ->  Hash  (cost=61283.27..61283.27 rows=2528527 width=4) (actual time=1950.784..1950.784 rows=2528312 loops=1)
        Buckets: 131072  Batches: 64  Memory Usage: 2415kB
        ->  Seq Scan on title t  (cost=0.00..61283.27 rows=2528527 width=4) (actual time=0.015..1119.144 rows=2528312 loops=1)
Planning time: 14.342 ms
Execution time: 31783.620 ms
