Nested Loop  (cost=63834.13..923101.51 rows=3981 width=0) (actual time=10559.734..12624.909 rows=6908 loops=1)
  ->  Hash Join  (cost=63833.70..896449.46 rows=27765 width=8) (actual time=10558.959..12227.487 rows=27056 loops=1)
        Hash Cond: (ci.movie_id = mc.movie_id)
        ->  Seq Scan on cast_info ci  (cost=0.00..796071.18 rows=78281 width=4) (actual time=9478.715..11028.554 rows=57843 loops=1)
              Filter: ((person_id < 362981) AND (role_id = 6))
              Rows Removed by Filter: 36186501
        ->  Hash  (cost=57926.93..57926.93 rows=359981 width=4) (actual time=1078.960..1078.960 rows=516509 loops=1)
              Buckets: 131072  Batches: 8  Memory Usage: 3287kB
              ->  Seq Scan on movie_companies mc  (cost=0.00..57926.93 rows=359981 width=4) (actual time=98.514..918.371 rows=516509 loops=1)
                    Filter: ((company_id < 1427) AND (company_type_id < 2))
                    Rows Removed by Filter: 2092620
  ->  Index Scan using title_pkey on title t  (cost=0.43..0.95 rows=1 width=4) (actual time=0.014..0.014 rows=0 loops=27056)
        Index Cond: (id = mc.movie_id)
        Filter: (production_year > 2006)
        Rows Removed by Filter: 1
Planning time: 1.208 ms
Execution time: 12626.371 ms
