Hash Join  (cost=365418.15..1366202.78 rows=9712820 width=0) (actual time=8337.662..45330.797 rows=65155571 loops=1)
  Hash Cond: (ci.movie_id = t.id)
  ->  Seq Scan on cast_info ci  (cost=0.00..796071.18 rows=5428715 width=4) (actual time=0.012..13927.650 rows=10405531 loops=1)
        Filter: ((person_id > 2465888) AND (role_id > 2))
        Rows Removed by Filter: 25838813
  ->  Hash  (cost=291197.02..291197.02 rows=4523930 width=8) (actual time=8336.185..8336.185 rows=4523930 loops=1)
        Buckets: 131072  Batches: 64  Memory Usage: 3816kB
        ->  Hash Join  (cost=102767.86..291197.02 rows=4523930 width=8) (actual time=1859.849..7092.025 rows=4523930 loops=1)
              Hash Cond: (mk.movie_id = t.id)
              ->  Seq Scan on movie_keyword mk  (cost=0.00..69693.30 rows=4523930 width=4) (actual time=0.017..1580.497 rows=4523930 loops=1)
              ->  Hash  (cost=61283.27..61283.27 rows=2528527 width=4) (actual time=1858.981..1858.981 rows=2528312 loops=1)
                    Buckets: 131072  Batches: 64  Memory Usage: 2425kB
                    ->  Seq Scan on title t  (cost=0.00..61283.27 rows=2528527 width=4) (actual time=0.022..1032.648 rows=2528312 loops=1)
Planning time: 1.191 ms
Execution time: 52599.575 ms
