Seq Scan on cast_info ci  (cost=0.00..796071.18 rows=371048 width=0) (actual time=5266.671..13119.991 rows=201952 loops=1)
  Filter: ((person_id < 1470037) AND (role_id = 5))
  Rows Removed by Filter: 36042392
Planning time: 0.752 ms
Execution time: 13145.799 ms
