Hash Join  (cost=84618.84..229368.26 rows=1115605 width=0) (actual time=1531.318..5999.832 rows=3039368 loops=1)
  Hash Cond: (mk.movie_id = t.id)
  ->  Seq Scan on movie_keyword mk  (cost=0.00..81003.12 rows=4328065 width=4) (actual time=0.024..1796.347 rows=4311912 loops=1)
        Filter: (keyword_id > 140)
        Rows Removed by Filter: 212018
  ->  Hash  (cost=73925.90..73925.90 rows=651755 width=4) (actual time=1530.555..1530.555 rows=711179 loops=1)
        Buckets: 131072  Batches: 16  Memory Usage: 2598kB
        ->  Seq Scan on title t  (cost=0.00..73925.90 rows=651755 width=4) (actual time=0.030..1290.984 rows=711179 loops=1)
              Filter: ((kind_id < 7) AND (production_year < 2008))
              Rows Removed by Filter: 1817133
Planning time: 2.257 ms
Execution time: 6358.230 ms
