Seq Scan on movie_companies mc  (cost=0.00..57926.93 rows=51 width=0) (actual time=0.268..859.832 rows=725 loops=1)
  Filter: ((company_type_id < 2) AND (company_id = 189))
  Rows Removed by Filter: 2608404
Planning time: 0.354 ms
Execution time: 860.060 ms
