Hash Join  (cost=182573.42..226636.52 rows=371262 width=0) (actual time=4052.719..5263.135 rows=642075 loops=1)
  Hash Cond: (mi_idx.movie_id = t.id)
  ->  Seq Scan on movie_info_idx mi_idx  (cost=0.00..21735.35 rows=1380035 width=4) (actual time=0.013..490.913 rows=1380035 loops=1)
  ->  Hash  (cost=171412.51..171412.51 rows=680233 width=8) (actual time=3981.751..3981.751 rows=494961 loops=1)
        Buckets: 131072  Batches: 16  Memory Usage: 2214kB
        ->  Hash Join  (cost=92883.59..171412.51 rows=680233 width=8) (actual time=1904.892..3841.898 rows=494961 loops=1)
              Hash Cond: (mc.movie_id = t.id)
              ->  Seq Scan on movie_companies mc  (cost=0.00..51404.11 rows=1116295 width=4) (actual time=0.024..1061.597 rows=1113656 loops=1)
                    Filter: (company_id < 7851)
                    Rows Removed by Filter: 1495473
              ->  Hash  (cost=67604.59..67604.59 rows=1540800 width=4) (actual time=1669.391..1669.391 rows=1543264 loops=1)
                    Buckets: 131072  Batches: 32  Memory Usage: 2722kB
                    ->  Seq Scan on title t  (cost=0.00..67604.59 rows=1540800 width=4) (actual time=124.694..1167.191 rows=1543264 loops=1)
                          Filter: (kind_id = 7)
                          Rows Removed by Filter: 985048
Planning time: 0.882 ms
Execution time: 5338.501 ms
