Hash Join  (cost=102767.86..1085231.63 rows=7335667 width=0) (actual time=4668.194..26231.761 rows=10955659 loops=1)
  Hash Cond: (ci.movie_id = t.id)
  ->  Seq Scan on cast_info ci  (cost=0.00..796071.18 rows=7335667 width=4) (actual time=2804.657..15072.298 rows=10955659 loops=1)
        Filter: ((person_id > 1975643) AND (role_id > 2))
        Rows Removed by Filter: 25288685
  ->  Hash  (cost=61283.27..61283.27 rows=2528527 width=4) (actual time=1862.545..1862.545 rows=2528312 loops=1)
        Buckets: 131072  Batches: 64  Memory Usage: 2415kB
        ->  Seq Scan on title t  (cost=0.00..61283.27 rows=2528527 width=4) (actual time=0.024..1007.374 rows=2528312 loops=1)
Planning time: 0.757 ms
Execution time: 27448.625 ms
