Hash Join  (cost=149091.20..221463.57 rows=348307 width=0) (actual time=4430.291..5992.845 rows=929869 loops=1)
  Hash Cond: (mc.movie_id = t.id)
  ->  Seq Scan on movie_companies mc  (cost=0.00..51404.11 rows=1279517 width=4) (actual time=398.884..1054.088 rows=1274246 loops=1)
        Filter: (company_type_id < 2)
        Rows Removed by Filter: 1334883
  ->  Hash  (cost=137798.33..137798.33 rows=688309 width=8) (actual time=4030.542..4030.542 rows=585034 loops=1)
        Buckets: 131072  Batches: 16  Memory Usage: 2440kB
        ->  Hash Join  (cost=88295.76..137798.33 rows=688309 width=8) (actual time=2406.910..3857.748 rows=585034 loops=1)
              Hash Cond: (mi_idx.movie_id = t.id)
              ->  Seq Scan on movie_info_idx mi_idx  (cost=0.00..21735.35 rows=1380035 width=4) (actual time=0.024..437.254 rows=1380035 loops=1)
              ->  Hash  (cost=67604.59..67604.59 rows=1261134 width=4) (actual time=2405.241..2405.241 rows=1260295 loops=1)
                    Buckets: 131072  Batches: 32  Memory Usage: 2413kB
                    ->  Seq Scan on title t  (cost=0.00..67604.59 rows=1261134 width=4) (actual time=0.021..1318.079 rows=1260295 loops=1)
                          Filter: (production_year > 2002)
                          Rows Removed by Filter: 1268017
Planning time: 1.137 ms
Execution time: 6104.346 ms
