Seq Scan on movie_keyword mk  (cost=0.00..81003.12 rows=1724326 width=0) (actual time=0.010..1553.874 rows=1734811 loops=1)
  Filter: (keyword_id > 8131)
  Rows Removed by Filter: 2789119
Planning time: 0.365 ms
Execution time: 1773.500 ms
