Seq Scan on cast_info ci  (cost=0.00..705507.15 rows=13433587 width=0) (actual time=0.029..11839.047 rows=13396691 loops=1)
  Filter: (person_id < 1321136)
  Rows Removed by Filter: 22847653
Planning time: 0.312 ms
Execution time: 13498.798 ms
