Nested Loop  (cost=0.43..117504.08 rows=1944 width=0) (actual time=0.190..1326.714 rows=3977 loops=1)
  ->  Seq Scan on movie_keyword mk  (cost=0.00..81003.12 rows=4976 width=4) (actual time=0.149..1216.690 rows=4036 loops=1)
        Filter: (keyword_id = 7763)
        Rows Removed by Filter: 4519894
  ->  Index Scan using title_pkey on title t  (cost=0.43..7.33 rows=1 width=4) (actual time=0.026..0.026 rows=1 loops=4036)
        Index Cond: (id = mk.movie_id)
        Filter: (kind_id < 7)
        Rows Removed by Filter: 0
Planning time: 0.761 ms
Execution time: 1328.053 ms
