Hash Join  (cost=94699.36..459591.89 rows=23660 width=0) (actual time=1568.904..9111.138 rows=102869 loops=1)
  Hash Cond: (mi.movie_id = t.id)
  ->  Seq Scan on movie_info mi  (cost=0.00..309384.22 rows=14739122 width=4) (actual time=0.008..4503.757 rows=14835720 loops=1)
  ->  Hash  (cost=94648.62..94648.62 rows=4059 width=8) (actual time=1568.453..1568.453 rows=5697 loops=1)
        Buckets: 8192 (originally 4096)  Batches: 1 (originally 1)  Memory Usage: 287kB
        ->  Hash Join  (cost=67697.55..94648.62 rows=4059 width=8) (actual time=1042.557..1566.228 rows=5697 loops=1)
              Hash Cond: (mi_idx.movie_id = t.id)
              ->  Seq Scan on movie_info_idx mi_idx  (cost=0.00..21735.35 rows=1380035 width=4) (actual time=0.014..245.448 rows=1380035 loops=1)
              ->  Hash  (cost=67604.59..67604.59 rows=7437 width=4) (actual time=1037.922..1037.922 rows=9491 loops=1)
                    Buckets: 16384 (originally 8192)  Batches: 1 (originally 1)  Memory Usage: 462kB
                    ->  Seq Scan on title t  (cost=0.00..67604.59 rows=7437 width=4) (actual time=0.037..1033.055 rows=9491 loops=1)
                          Filter: (production_year = 1957)
                          Rows Removed by Filter: 2518821
Planning time: 1.211 ms
Execution time: 9126.977 ms
