Hash Join  (cost=547692.12..1354628.35 rows=3749954 width=0) (actual time=11584.809..34437.748 rows=38050429 loops=1)
  Hash Cond: (ci.movie_id = t.id)
  ->  Seq Scan on cast_info ci  (cost=0.00..705507.15 rows=4320508 width=4) (actual time=909.935..12665.069 rows=4323018 loops=1)
        Filter: (role_id = 10)
        Rows Removed by Filter: 31921326
  ->  Hash  (cost=511686.41..511686.41 rows=2194617 width=8) (actual time=10673.727..10673.727 rows=2233850 loops=1)
        Buckets: 131072  Batches: 32  Memory Usage: 3598kB
        ->  Hash Join  (cost=102767.86..511686.41 rows=2194617 width=8) (actual time=2987.852..10017.014 rows=2233850 loops=1)
              Hash Cond: (mi.movie_id = t.id)
              ->  Seq Scan on movie_info mi  (cost=0.00..346232.03 rows=2194617 width=4) (actual time=1153.578..5604.615 rows=2233850 loops=1)
                    Filter: (info_type_id > 16)
                    Rows Removed by Filter: 12601870
              ->  Hash  (cost=61283.27..61283.27 rows=2528527 width=4) (actual time=1833.398..1833.398 rows=2528312 loops=1)
                    Buckets: 131072  Batches: 64  Memory Usage: 2425kB
                    ->  Seq Scan on title t  (cost=0.00..61283.27 rows=2528527 width=4) (actual time=0.018..950.077 rows=2528312 loops=1)
Planning time: 1.155 ms
Execution time: 38420.760 ms
