Hash Join  (cost=76382.22..201647.72 rows=267846 width=0) (actual time=1365.883..5014.668 rows=1021329 loops=1)
  Hash Cond: (mk.movie_id = t.id)
  ->  Seq Scan on movie_keyword mk  (cost=0.00..69693.30 rows=4523930 width=4) (actual time=0.016..1436.844 rows=4523930 loops=1)
  ->  Hash  (cost=73925.90..73925.90 rows=149705 width=4) (actual time=1364.907..1364.907 rows=275667 loops=1)
        Buckets: 131072 (originally 131072)  Batches: 4 (originally 2)  Memory Usage: 3458kB
        ->  Seq Scan on title t  (cost=0.00..73925.90 rows=149705 width=4) (actual time=0.034..1264.791 rows=275667 loops=1)
              Filter: ((kind_id < 4) AND (production_year < 1975))
              Rows Removed by Filter: 2252645
Planning time: 0.737 ms
Execution time: 5134.841 ms
