Hash Join  (cost=254388.52..786106.31 rows=5802220 width=0) (actual time=7983.067..39610.880 rows=94953335 loops=1)
  Hash Cond: (mi.movie_id = t.id)
  ->  Seq Scan on movie_info mi  (cost=0.00..346232.03 rows=9476311 width=4) (actual time=743.160..6653.658 rows=9565151 loops=1)
        Filter: (info_type_id < 16)
        Rows Removed by Filter: 5270569
  ->  Hash  (cost=228988.22..228988.22 rows=1548184 width=8) (actual time=7238.634..7238.634 rows=3158185 loops=1)
        Buckets: 131072 (originally 131072)  Batches: 64 (originally 32)  Memory Usage: 3073kB
        ->  Hash Join  (cost=88123.34..228988.22 rows=1548184 width=8) (actual time=1557.179..6287.711 rows=3158185 loops=1)
              Hash Cond: (mk.movie_id = t.id)
              ->  Seq Scan on movie_keyword mk  (cost=0.00..69693.30 rows=4523930 width=4) (actual time=0.024..1408.505 rows=4523930 loops=1)
              ->  Hash  (cost=73925.90..73925.90 rows=865315 width=4) (actual time=1556.377..1556.377 rows=778683 loops=1)
                    Buckets: 131072  Batches: 16  Memory Usage: 2747kB
                    ->  Seq Scan on title t  (cost=0.00..73925.90 rows=865315 width=4) (actual time=0.020..1300.588 rows=778683 loops=1)
                          Filter: ((kind_id < 7) AND (production_year > 1960))
                          Rows Removed by Filter: 1749629
Planning time: 1.127 ms
Execution time: 49838.309 ms
