Hash Join  (cost=87067.52..931659.00 rows=9326 width=0) (actual time=2942.763..18575.329 rows=8579 loops=1)
  Hash Cond: (ci.movie_id = t.id)
  ->  Seq Scan on cast_info ci  (cost=0.00..796071.18 rows=12913878 width=4) (actual time=1821.212..15157.341 rows=14086689 loops=1)
        Filter: ((person_id > 705067) AND (role_id > 2))
        Rows Removed by Filter: 22157655
  ->  Hash  (cost=87044.69..87044.69 rows=1826 width=8) (actual time=1102.629..1102.629 rows=6165 loops=1)
        Buckets: 8192 (originally 2048)  Batches: 1 (originally 1)  Memory Usage: 305kB
        ->  Nested Loop  (cost=0.43..87044.69 rows=1826 width=8) (actual time=0.307..1099.728 rows=6165 loops=1)
              ->  Seq Scan on movie_companies mc  (cost=0.00..57926.93 rows=3856 width=4) (actual time=0.255..924.801 rows=8606 loops=1)
                    Filter: ((company_type_id > 1) AND (company_id = 596))
                    Rows Removed by Filter: 2600523
              ->  Index Scan using title_pkey on title t  (cost=0.43..7.54 rows=1 width=4) (actual time=0.020..0.020 rows=1 loops=8606)
                    Index Cond: (id = mc.movie_id)
                    Filter: (production_year < 2003)
                    Rows Removed by Filter: 0
Planning time: 0.825 ms
Execution time: 18577.523 ms
