Hash Join  (cost=96223.51..241439.89 rows=1869281 width=0) (actual time=2819.384..5882.685 rows=487775 loops=1)
  Hash Cond: (mk.movie_id = t.id)
  ->  Seq Scan on movie_keyword mk  (cost=0.00..81003.12 rows=3477720 width=4) (actual time=0.019..1812.163 rows=3475695 loops=1)
        Filter: (keyword_id > 1044)
        Rows Removed by Filter: 1048235
  ->  Hash  (cost=73925.90..73925.90 rows=1359088 width=4) (actual time=1955.129..1955.129 rows=1438695 loops=1)
        Buckets: 131072  Batches: 32  Memory Usage: 2613kB
        ->  Seq Scan on title t  (cost=0.00..73925.90 rows=1359088 width=4) (actual time=0.012..1477.835 rows=1438695 loops=1)
              Filter: ((production_year > 1958) AND (kind_id = 7))
              Rows Removed by Filter: 1089617
Planning time: 0.776 ms
Execution time: 5936.438 ms
