Nested Loop  (cost=51746.99..132922.80 rows=3 width=0) (actual time=962.096..2056.760 rows=10 loops=1)
  ->  Hash Join  (cost=51746.56..132857.45 rows=14 width=8) (actual time=962.005..2051.717 rows=10 loops=1)
        Hash Cond: (mk.movie_id = mc.movie_id)
        ->  Seq Scan on movie_keyword mk  (cost=0.00..81003.12 rows=246 width=4) (actual time=1.154..1204.179 rows=298 loops=1)
              Filter: (keyword_id = 7292)
              Rows Removed by Filter: 4523632
        ->  Hash  (cost=51404.11..51404.11 rows=27396 width=4) (actual time=846.303..846.303 rows=27303 loops=1)
              Buckets: 32768  Batches: 1  Memory Usage: 1216kB
              ->  Seq Scan on movie_companies mc  (cost=0.00..51404.11 rows=27396 width=4) (actual time=0.017..835.543 rows=27303 loops=1)
                    Filter: (company_id = 27)
                    Rows Removed by Filter: 2581826
  ->  Index Only Scan using title_pkey on title t  (cost=0.43..4.66 rows=1 width=4) (actual time=0.498..0.499 rows=1 loops=10)
        Index Cond: (id = mc.movie_id)
        Heap Fetches: 10
Planning time: 2.500 ms
Execution time: 2057.018 ms
