Hash Join  (cost=226332.59..315305.65 rows=1009953 width=0) (actual time=4459.018..6675.563 rows=591270 loops=1)
  Hash Cond: (mc.movie_id = t.id)
  ->  Seq Scan on movie_companies mc  (cost=0.00..44881.29 rows=2609129 width=4) (actual time=0.020..917.396 rows=2609129 loops=1)
  ->  Hash  (cost=210274.16..210274.16 rows=978754 width=8) (actual time=4456.353..4456.353 rows=254246 loops=1)
        Buckets: 131072  Batches: 16  Memory Usage: 1657kB
        ->  Hash Join  (cost=92883.59..210274.16 rows=978754 width=8) (actual time=3295.268..4381.676 rows=254246 loops=1)
              Hash Cond: (mk.movie_id = t.id)
              ->  Seq Scan on movie_keyword mk  (cost=0.00..81003.12 rows=1606182 width=4) (actual time=0.017..1634.169 rows=1618142 loops=1)
                    Filter: (keyword_id > 9316)
                    Rows Removed by Filter: 2905788
              ->  Hash  (cost=67604.59..67604.59 rows=1540800 width=4) (actual time=1689.431..1689.431 rows=1543264 loops=1)
                    Buckets: 131072  Batches: 32  Memory Usage: 2728kB
                    ->  Seq Scan on title t  (cost=0.00..67604.59 rows=1540800 width=4) (actual time=0.012..1183.363 rows=1543264 loops=1)
                          Filter: (kind_id = 7)
                          Rows Removed by Filter: 985048
Planning time: 1.146 ms
Execution time: 6747.692 ms
