Seq Scan on movie_keyword mk  (cost=0.00..81003.12 rows=3527580 width=0) (actual time=0.025..1628.082 rows=3518016 loops=1)
  Filter: (keyword_id < 18305)
  Rows Removed by Filter: 1005914
Planning time: 0.371 ms
Execution time: 2088.385 ms
