Seq Scan on movie_keyword mk  (cost=0.00..81003.12 rows=246 width=0) (actual time=3.843..1192.806 rows=765 loops=1)
  Filter: (keyword_id = 6265)
  Rows Removed by Filter: 4523165
Planning time: 0.379 ms
Execution time: 1193.187 ms
