Hash Join  (cost=102767.86..166876.68 rows=117459 width=0) (actual time=2338.841..3104.962 rows=117297 loops=1)
  Hash Cond: (mc.movie_id = t.id)
  ->  Seq Scan on movie_companies mc  (cost=0.00..51404.11 rows=117459 width=4) (actual time=439.431..705.580 rows=117297 loops=1)
        Filter: (company_id > 147839)
        Rows Removed by Filter: 2491832
  ->  Hash  (cost=61283.27..61283.27 rows=2528527 width=4) (actual time=1897.432..1897.432 rows=2528312 loops=1)
        Buckets: 131072  Batches: 64  Memory Usage: 2415kB
        ->  Seq Scan on title t  (cost=0.00..61283.27 rows=2528527 width=4) (actual time=0.038..1084.894 rows=2528312 loops=1)
Planning time: 0.851 ms
Execution time: 3118.841 ms
