Hash Join  (cost=83074.74..139466.19 rows=129 width=0) (actual time=1483.034..2360.433 rows=87 loops=1)
  Hash Cond: (mc.movie_id = t.id)
  ->  Seq Scan on movie_companies mc  (cost=0.00..51404.11 rows=1329612 width=4) (actual time=150.978..855.004 rows=1334883 loops=1)
        Filter: (company_type_id = 2)
        Rows Removed by Filter: 1274246
  ->  Hash  (cost=83071.67..83071.67 rows=246 width=8) (actual time=1328.729..1328.729 rows=53 loops=1)
        Buckets: 1024  Batches: 1  Memory Usage: 11kB
        ->  Nested Loop  (cost=0.43..83071.67 rows=246 width=8) (actual time=42.846..1328.626 rows=53 loops=1)
              ->  Seq Scan on movie_keyword mk  (cost=0.00..81003.12 rows=246 width=4) (actual time=42.752..1326.999 rows=53 loops=1)
                    Filter: (keyword_id = 8464)
                    Rows Removed by Filter: 4523877
              ->  Index Only Scan using title_pkey on title t  (cost=0.43..8.40 rows=1 width=4) (actual time=0.026..0.027 rows=1 loops=53)
                    Index Cond: (id = mk.movie_id)
                    Heap Fetches: 53
Planning time: 1.272 ms
Execution time: 2360.554 ms
