Hash Join  (cost=193236.85..1278427.12 rows=6068353 width=0) (actual time=4000.352..34052.210 rows=6622537 loops=1)
  Hash Cond: (ci.movie_id = t.id)
  ->  Seq Scan on cast_info ci  (cost=0.00..705507.15 rows=27399891 width=4) (actual time=0.015..16301.342 rows=27534277 loops=1)
        Filter: (person_id > 857632)
        Rows Removed by Filter: 8710067
  ->  Hash  (cost=184048.83..184048.83 rows=560002 width=8) (actual time=3999.458..3999.458 rows=282101 loops=1)
        Buckets: 131072  Batches: 8  Memory Usage: 2407kB
        ->  Hash Join  (cost=102767.86..184048.83 rows=560002 width=8) (actual time=2224.188..3593.990 rows=282101 loops=1)
              Hash Cond: (mc.movie_id = t.id)
              ->  Seq Scan on movie_companies mc  (cost=0.00..57926.93 rows=560002 width=4) (actual time=255.935..974.728 rows=282101 loops=1)
                    Filter: ((company_id > 13114) AND (company_type_id < 2))
                    Rows Removed by Filter: 2327028
              ->  Hash  (cost=61283.27..61283.27 rows=2528527 width=4) (actual time=1967.305..1967.305 rows=2528312 loops=1)
                    Buckets: 131072  Batches: 64  Memory Usage: 2415kB
                    ->  Seq Scan on title t  (cost=0.00..61283.27 rows=2528527 width=4) (actual time=0.022..1131.660 rows=2528312 loops=1)
Planning time: 1.811 ms
Execution time: 34833.916 ms
