Hash Join  (cost=99392.34..694165.69 rows=9047952 width=0) (actual time=1982.554..17445.303 rows=5769231 loops=1)
  Hash Cond: (mi.movie_id = t.id)
  ->  Seq Scan on movie_info mi  (cost=0.00..309384.22 rows=14739122 width=4) (actual time=0.007..6388.170 rows=14835720 loops=1)
  ->  Hash  (cost=73925.90..73925.90 rows=1552195 width=4) (actual time=1981.188..1981.188 rows=1669980 loops=1)
        Buckets: 131072  Batches: 32  Memory Usage: 2872kB
        ->  Seq Scan on title t  (cost=0.00..73925.90 rows=1552195 width=4) (actual time=0.014..1409.822 rows=1669980 loops=1)
              Filter: ((kind_id > 1) AND (production_year > 1968))
              Rows Removed by Filter: 858332
Planning time: 0.763 ms
Execution time: 18077.368 ms
