Hash Join  (cost=174895.35..303217.49 rows=518710 width=0) (actual time=3411.655..6742.448 rows=936139 loops=1)
  Hash Cond: (mk.movie_id = t.id)
  ->  Seq Scan on movie_keyword mk  (cost=0.00..69693.30 rows=4523930 width=4) (actual time=0.025..1381.152 rows=4523930 loops=1)
  ->  Hash  (cost=170138.37..170138.37 rows=289919 width=8) (actual time=3409.266..3409.266 rows=185175 loops=1)
        Buckets: 131072  Batches: 4  Memory Usage: 2841kB
        ->  Hash Join  (cost=97066.09..170138.37 rows=289919 width=8) (actual time=2033.155..3348.306 rows=185175 loops=1)
              Hash Cond: (mc.movie_id = t.id)
              ->  Seq Scan on movie_companies mc  (cost=0.00..57926.93 rows=408231 width=4) (actual time=0.017..853.946 rows=230729 loops=1)
                    Filter: ((company_id < 1712) AND (company_type_id > 1))
                    Rows Removed by Filter: 2378400
              ->  Hash  (cost=67604.59..67604.59 rows=1795720 width=4) (actual time=2031.809..2031.809 rows=1794153 loops=1)
                    Buckets: 131072  Batches: 32  Memory Usage: 2992kB
                    ->  Seq Scan on title t  (cost=0.00..67604.59 rows=1795720 width=4) (actual time=0.011..1424.652 rows=1794153 loops=1)
                          Filter: (production_year < 2009)
                          Rows Removed by Filter: 734159
Planning time: 1.175 ms
Execution time: 6866.292 ms
