Seq Scan on movie_info mi  (cost=0.00..346232.03 rows=13715836 width=0) (actual time=0.020..6766.199 rows=13759144 loops=1)
  Filter: (info_type_id < 72)
  Rows Removed by Filter: 1076576
Planning time: 0.317 ms
Execution time: 8504.230 ms
