Nested Loop  (cost=32749.09..94864.64 rows=170 width=0) (actual time=792.533..1536.957 rows=184 loops=1)
  Join Filter: (mc.movie_id = t.id)
  ->  Hash Join  (cost=32748.66..92937.96 rows=2259 width=8) (actual time=792.456..1530.917 rows=197 loops=1)
        Hash Cond: (mc.movie_id = mi_idx.movie_id)
        ->  Seq Scan on movie_companies mc  (cost=0.00..57926.93 rows=2393 width=4) (actual time=183.423..861.487 rows=677 loops=1)
              Filter: ((company_id = 82) AND (company_type_id = 2))
              Rows Removed by Filter: 2608452
        ->  Hash  (cost=25185.44..25185.44 rows=460978 width=4) (actual time=594.377..594.377 rows=459925 loops=1)
              Buckets: 131072  Batches: 8  Memory Usage: 3050kB
              ->  Seq Scan on movie_info_idx mi_idx  (cost=0.00..25185.44 rows=460978 width=4) (actual time=0.027..453.915 rows=459925 loops=1)
                    Filter: (info_type_id < 100)
                    Rows Removed by Filter: 920110
  ->  Index Scan using title_pkey on title t  (cost=0.43..0.84 rows=1 width=4) (actual time=0.029..0.029 rows=1 loops=197)
        Index Cond: (id = mi_idx.movie_id)
        Filter: (kind_id < 7)
        Rows Removed by Filter: 0
Planning time: 1.178 ms
Execution time: 1537.156 ms
