Seq Scan on movie_keyword mk  (cost=0.00..81003.12 rows=3510480 width=0) (actual time=0.021..1554.762 rows=3503479 loops=1)
  Filter: (keyword_id < 17638)
  Rows Removed by Filter: 1020451
Planning time: 0.330 ms
Execution time: 1981.557 ms
