Hash Join  (cost=154732.46..521242.40 rows=185400 width=0) (actual time=2834.257..10706.720 rows=245868 loops=1)
  Hash Cond: (mi.movie_id = t.id)
  ->  Seq Scan on movie_info mi  (cost=0.00..309384.22 rows=14739122 width=4) (actual time=0.012..4624.323 rows=14835720 loops=1)
  ->  Hash  (cost=154334.89..154334.89 rows=31806 width=8) (actual time=2834.038..2834.038 rows=11411 loops=1)
        Buckets: 32768  Batches: 1  Memory Usage: 702kB
        ->  Hash Join  (cost=68426.36..154334.89 rows=31806 width=8) (actual time=1129.218..2829.293 rows=11411 loops=1)
              Hash Cond: (mk.movie_id = t.id)
              ->  Seq Scan on movie_keyword mk  (cost=0.00..81003.12 rows=1223290 width=4) (actual time=0.011..1463.765 rows=1232795 loops=1)
                    Filter: (keyword_id > 14699)
                    Rows Removed by Filter: 3291135
              ->  Hash  (cost=67604.59..67604.59 rows=65742 width=4) (actual time=1128.484..1128.484 rows=63827 loops=1)
                    Buckets: 131072  Batches: 1  Memory Usage: 3268kB
                    ->  Seq Scan on title t  (cost=0.00..67604.59 rows=65742 width=4) (actual time=0.017..1101.977 rows=63827 loops=1)
                          Filter: (production_year = 2013)
                          Rows Removed by Filter: 2464485
Planning time: 0.765 ms
Execution time: 10740.879 ms
