Seq Scan on movie_companies mc  (cost=0.00..57926.93 rows=546698 width=0) (actual time=0.024..1043.379 rows=265257 loops=1)
  Filter: ((company_id > 13614) AND (company_type_id = 1))
  Rows Removed by Filter: 2343872
Planning time: 0.386 ms
Execution time: 1078.420 ms
