Hash Join  (cost=175027.18..268479.54 rows=919780 width=0) (actual time=4136.477..7275.863 rows=2642665 loops=1)
  Hash Cond: (mc.movie_id = t.id)
  ->  Seq Scan on movie_companies mc  (cost=0.00..51404.11 rows=2530517 width=4) (actual time=0.013..1167.136 rows=2530792 loops=1)
        Filter: (company_id < 171104)
        Rows Removed by Filter: 78337
  ->  Hash  (cost=159947.97..159947.97 rows=919057 width=8) (actual time=4135.676..4135.676 rows=920110 loops=1)
        Buckets: 131072  Batches: 16  Memory Usage: 3269kB
        ->  Hash Join  (cost=102767.86..159947.97 rows=919057 width=8) (actual time=2215.270..3878.805 rows=920110 loops=1)
              Hash Cond: (mi_idx.movie_id = t.id)
              ->  Seq Scan on movie_info_idx mi_idx  (cost=0.00..25185.44 rows=919057 width=4) (actual time=0.026..557.952 rows=920110 loops=1)
                    Filter: (info_type_id > 99)
                    Rows Removed by Filter: 459925
              ->  Hash  (cost=61283.27..61283.27 rows=2528527 width=4) (actual time=2214.072..2214.072 rows=2528312 loops=1)
                    Buckets: 131072  Batches: 64  Memory Usage: 2415kB
                    ->  Seq Scan on title t  (cost=0.00..61283.27 rows=2528527 width=4) (actual time=0.023..1141.167 rows=2528312 loops=1)
Planning time: 1.163 ms
Execution time: 7569.751 ms
