Seq Scan on cast_info ci  (cost=0.00..705507.15 rows=500 width=0) (actual time=7569.479..11151.514 rows=439 loops=1)
  Filter: (person_id = 1971488)
  Rows Removed by Filter: 36243905
Planning time: 0.340 ms
Execution time: 11151.704 ms
