Seq Scan on cast_info ci  (cost=0.00..796071.18 rows=5365197 width=0) (actual time=6893.431..15349.280 rows=7451973 loops=1)
  Filter: ((person_id < 2750181) AND (role_id = 2))
  Rows Removed by Filter: 28792371
Planning time: 0.475 ms
Execution time: 16278.786 ms
