Hash Join  (cost=832324.71..897420.07 rows=131812 width=0) (actual time=15420.030..17180.439 rows=259361 loops=1)
  Hash Cond: (mc.movie_id = t.id)
  ->  Seq Scan on movie_companies mc  (cost=0.00..51404.11 rows=951766 width=4) (actual time=33.594..976.492 rows=960143 loops=1)
        Filter: (company_id > 18111)
        Rows Removed by Filter: 1648986
  ->  Hash  (cost=826579.45..826579.45 rows=350181 width=8) (actual time=15383.516..15383.516 rows=316118 loops=1)
        Buckets: 131072  Batches: 8  Memory Usage: 2568kB
        ->  Hash Join  (cost=102767.86..826579.45 rows=350181 width=8) (actual time=9048.482..15289.824 rows=316118 loops=1)
              Hash Cond: (ci.movie_id = t.id)
              ->  Seq Scan on cast_info ci  (cost=0.00..705507.15 rows=350181 width=4) (actual time=7133.869..12696.533 rows=316118 loops=1)
                    Filter: (role_id > 10)
                    Rows Removed by Filter: 35928226
              ->  Hash  (cost=61283.27..61283.27 rows=2528527 width=4) (actual time=1913.488..1913.488 rows=2528312 loops=1)
                    Buckets: 131072  Batches: 64  Memory Usage: 2415kB
                    ->  Seq Scan on title t  (cost=0.00..61283.27 rows=2528527 width=4) (actual time=0.025..1047.960 rows=2528312 loops=1)
Planning time: 0.782 ms
Execution time: 17209.915 ms
