Hash Join  (cost=254471.97..846182.12 rows=8760932 width=0) (actual time=5593.769..37309.651 rows=72923700 loops=1)
  Hash Cond: (mi.movie_id = t.id)
  ->  Seq Scan on movie_info mi  (cost=0.00..309384.22 rows=14739122 width=4) (actual time=0.010..6157.845 rows=14835720 loops=1)
  ->  Hash  (cost=229814.02..229814.02 rows=1502956 width=8) (actual time=5592.941..5592.941 rows=1510951 loops=1)
        Buckets: 131072  Batches: 32  Memory Usage: 2934kB
        ->  Hash Join  (cost=102767.86..229814.02 rows=1502956 width=8) (actual time=2013.270..5161.937 rows=1510951 loops=1)
              Hash Cond: (mk.movie_id = t.id)
              ->  Seq Scan on movie_keyword mk  (cost=0.00..81003.12 rows=1502956 width=4) (actual time=0.025..1592.653 rows=1510951 loops=1)
                    Filter: (keyword_id < 2191)
                    Rows Removed by Filter: 3012979
              ->  Hash  (cost=61283.27..61283.27 rows=2528527 width=4) (actual time=2010.857..2010.857 rows=2528312 loops=1)
                    Buckets: 131072  Batches: 64  Memory Usage: 2425kB
                    ->  Seq Scan on title t  (cost=0.00..61283.27 rows=2528527 width=4) (actual time=0.024..1138.087 rows=2528312 loops=1)
Planning time: 1.244 ms
Execution time: 45057.835 ms
