Hash Join  (cost=203370.80..1356449.08 rows=11610912 width=0) (actual time=3925.912..36760.814 rows=11921144 loops=1)
  Hash Cond: (ci.movie_id = t.id)
  ->  Seq Scan on cast_info ci  (cost=0.00..614943.12 rows=36225612 width=4) (actual time=0.019..13490.433 rows=36244344 loops=1)
  ->  Hash  (cost=190074.36..190074.36 rows=810435 width=8) (actual time=3925.091..3925.091 rows=505208 loops=1)
        Buckets: 131072  Batches: 16  Memory Usage: 2248kB
        ->  Hash Join  (cost=102767.86..190074.36 rows=810435 width=8) (actual time=1969.369..3781.177 rows=505208 loops=1)
              Hash Cond: (mc.movie_id = t.id)
              ->  Seq Scan on movie_companies mc  (cost=0.00..57926.93 rows=810435 width=4) (actual time=0.020..987.245 rows=505208 loops=1)
                    Filter: ((company_id < 15661) AND (company_type_id = 2))
                    Rows Removed by Filter: 2103921
              ->  Hash  (cost=61283.27..61283.27 rows=2528527 width=4) (actual time=1967.957..1967.957 rows=2528312 loops=1)
                    Buckets: 131072  Batches: 64  Memory Usage: 2415kB
                    ->  Seq Scan on title t  (cost=0.00..61283.27 rows=2528527 width=4) (actual time=0.018..1125.978 rows=2528312 loops=1)
Planning time: 5.784 ms
Execution time: 38013.963 ms
