Hash Join  (cost=186469.04..700350.71 rows=1967204 width=0) (actual time=4025.658..21089.293 rows=15699527 loops=1)
  Hash Cond: (mi.movie_id = t.id)
  ->  Seq Scan on movie_info mi  (cost=0.00..346232.03 rows=12665229 width=4) (actual time=0.020..7293.222 rows=12744652 loops=1)
        Filter: (info_type_id > 2)
        Rows Removed by Filter: 2091068
  ->  Hash  (cost=180024.80..180024.80 rows=392739 width=8) (actual time=4024.782..4024.782 rows=560123 loops=1)
        Buckets: 131072  Batches: 8  Memory Usage: 3778kB
        ->  Hash Join  (cost=102767.86..180024.80 rows=392739 width=8) (actual time=1940.735..3846.363 rows=560123 loops=1)
              Hash Cond: (mc.movie_id = t.id)
              ->  Seq Scan on movie_companies mc  (cost=0.00..57926.93 rows=392739 width=4) (actual time=0.025..991.492 rows=560123 loops=1)
                    Filter: ((company_id < 1710) AND (company_type_id < 2))
                    Rows Removed by Filter: 2049006
              ->  Hash  (cost=61283.27..61283.27 rows=2528527 width=4) (actual time=1939.199..1939.199 rows=2528312 loops=1)
                    Buckets: 131072  Batches: 64  Memory Usage: 2415kB
                    ->  Seq Scan on title t  (cost=0.00..61283.27 rows=2528527 width=4) (actual time=0.014..1107.606 rows=2528312 loops=1)
Planning time: 9.003 ms
Execution time: 22849.366 ms
