Seq Scan on cast_info ci  (cost=0.00..796071.18 rows=22715636 width=0) (actual time=0.022..16161.536 rows=24983039 loops=1)
  Filter: ((person_id < 2697914) AND (role_id < 10))
  Rows Removed by Filter: 11261305
Planning time: 0.261 ms
Execution time: 19170.504 ms
