Seq Scan on cast_info ci  (cost=0.00..796071.18 rows=1033520 width=0) (actual time=259.269..11756.996 rows=331689 loops=1)
  Filter: ((person_id < 839927) AND (role_id = 10))
  Rows Removed by Filter: 35912655
Planning time: 0.416 ms
Execution time: 11802.488 ms
