Nested Loop  (cost=0.43..709673.15 rows=203 width=0) (actual time=8042.562..10535.750 rows=144 loops=1)
  ->  Seq Scan on cast_info ci  (cost=0.00..705507.15 rows=500 width=4) (actual time=3954.644..10525.877 rows=708 loops=1)
        Filter: (person_id = 382983)
        Rows Removed by Filter: 36243636
  ->  Index Scan using title_pkey on title t  (cost=0.43..8.32 rows=1 width=4) (actual time=0.013..0.013 rows=0 loops=708)
        Index Cond: (id = ci.movie_id)
        Filter: (production_year < 2000)
        Rows Removed by Filter: 1
Planning time: 0.783 ms
Execution time: 10535.922 ms
