Seq Scan on title t  (cost=0.00..73925.90 rows=286589 width=0) (actual time=293.183..1106.556 rows=177340 loops=1)
  Filter: ((production_year < 1977) AND (kind_id = 7))
  Rows Removed by Filter: 2350972
Planning time: 1.521 ms
Execution time: 1130.617 ms
