Seq Scan on cast_info ci  (cost=0.00..705507.15 rows=9182163 width=0) (actual time=3738.851..12367.508 rows=9188322 loops=1)
  Filter: (person_id > 2781442)
  Rows Removed by Filter: 27056022
Planning time: 0.337 ms
Execution time: 13549.402 ms
