Hash Join  (cost=102767.86..218059.18 rows=1014412 width=0) (actual time=1903.732..4333.714 rows=1015468 loops=1)
  Hash Cond: (mk.movie_id = t.id)
  ->  Seq Scan on movie_keyword mk  (cost=0.00..81003.12 rows=1014412 width=4) (actual time=0.364..1294.049 rows=1015468 loops=1)
        Filter: (keyword_id < 991)
        Rows Removed by Filter: 3508462
  ->  Hash  (cost=61283.27..61283.27 rows=2528527 width=4) (actual time=1899.545..1899.545 rows=2528312 loops=1)
        Buckets: 131072  Batches: 64  Memory Usage: 2425kB
        ->  Seq Scan on title t  (cost=0.00..61283.27 rows=2528527 width=4) (actual time=0.024..1040.472 rows=2528312 loops=1)
Planning time: 0.774 ms
Execution time: 4452.094 ms
