Hash Join  (cost=161422.86..961570.16 rows=407613 width=0) (actual time=3074.073..22687.341 rows=4067464 loops=1)
  Hash Cond: (ci.movie_id = t.id)
  ->  Seq Scan on cast_info ci  (cost=0.00..614943.12 rows=36225612 width=4) (actual time=0.015..9018.964 rows=36244344 loops=1)
  ->  Hash  (cost=161067.23..161067.23 rows=28451 width=8) (actual time=3072.727..3072.727 rows=71019 loops=1)
        Buckets: 131072 (originally 32768)  Batches: 1 (originally 1)  Memory Usage: 3799kB
        ->  Hash Join  (cost=74124.68..161067.23 rows=28451 width=8) (actual time=1115.164..3049.077 rows=71019 loops=1)
              Hash Cond: (mk.movie_id = t.id)
              ->  Seq Scan on movie_keyword mk  (cost=0.00..69693.30 rows=4523930 width=4) (actual time=0.019..1074.499 rows=4523930 loops=1)
              ->  Hash  (cost=73925.90..73925.90 rows=15902 width=4) (actual time=1113.472..1113.472 rows=12969 loops=1)
                    Buckets: 16384  Batches: 1  Memory Usage: 584kB
                    ->  Seq Scan on title t  (cost=0.00..73925.90 rows=15902 width=4) (actual time=0.314..1107.534 rows=12969 loops=1)
                          Filter: ((kind_id < 7) AND (production_year = 1997))
                          Rows Removed by Filter: 2515343
Planning time: 1.241 ms
Execution time: 23185.329 ms
