Hash Join  (cost=69694.50..867199.41 rows=3904 width=0) (actual time=7752.447..13188.901 rows=1785 loops=1)
  Hash Cond: (ci.movie_id = t.id)
  ->  Seq Scan on cast_info ci  (cost=0.00..796071.18 rows=77516 width=4) (actual time=6516.594..11928.537 rows=32694 loops=1)
        Filter: ((person_id < 770327) AND (role_id > 10))
        Rows Removed by Filter: 36211650
  ->  Hash  (cost=67604.59..67604.59 rows=127353 width=4) (actual time=1231.874..1231.874 rows=128696 loops=1)
        Buckets: 131072  Batches: 2  Memory Usage: 3284kB
        ->  Seq Scan on title t  (cost=0.00..67604.59 rows=127353 width=4) (actual time=0.035..1181.072 rows=128696 loops=1)
              Filter: (production_year = 2009)
              Rows Removed by Filter: 2399616
Planning time: 0.883 ms
Execution time: 13189.491 ms
