Hash Join  (cost=137516.40..206213.27 rows=142886 width=0) (actual time=3531.436..4719.945 rows=75328 loops=1)
  Hash Cond: (mc.movie_id = t.id)
  ->  Seq Scan on movie_companies mc  (cost=0.00..51404.11 rows=1276238 width=4) (actual time=0.033..1031.095 rows=1286857 loops=1)
        Filter: (company_id > 11373)
        Rows Removed by Filter: 1322272
  ->  Hash  (cost=132871.77..132871.77 rows=283091 width=8) (actual time=2840.386..2840.386 rows=141906 loops=1)
        Buckets: 131072  Batches: 4  Memory Usage: 2407kB
        ->  Hash Join  (cost=92883.59..132871.77 rows=283091 width=8) (actual time=1701.631..2795.578 rows=141906 loops=1)
              Hash Cond: (mi_idx.movie_id = t.id)
              ->  Seq Scan on movie_info_idx mi_idx  (cost=0.00..25185.44 rows=464566 width=4) (actual time=0.022..544.070 rows=459925 loops=1)
                    Filter: (info_type_id = 101)
                    Rows Removed by Filter: 920110
              ->  Hash  (cost=67604.59..67604.59 rows=1540800 width=4) (actual time=1700.365..1700.365 rows=1543264 loops=1)
                    Buckets: 131072  Batches: 32  Memory Usage: 2722kB
                    ->  Seq Scan on title t  (cost=0.00..67604.59 rows=1540800 width=4) (actual time=140.802..1215.945 rows=1543264 loops=1)
                          Filter: (kind_id = 7)
                          Rows Removed by Filter: 985048
Planning time: 1.154 ms
Execution time: 4730.250 ms
