Seq Scan on cast_info ci  (cost=0.00..796071.18 rows=1349605 width=0) (actual time=3245.736..12183.163 rows=667871 loops=1)
  Filter: ((person_id < 489517) AND (role_id > 4))
  Rows Removed by Filter: 35576473
Planning time: 0.353 ms
Execution time: 12270.085 ms
