Hash Join  (cost=161141.53..514165.21 rows=10009 width=0) (actual time=6099.234..7931.239 rows=147133 loops=1)
  Hash Cond: (mi.movie_id = t.id)
  ->  Seq Scan on movie_info mi  (cost=0.00..346232.03 rows=1338312 width=4) (actual time=3129.898..4780.675 rows=1401902 loops=1)
        Filter: (info_type_id = 7)
        Rows Removed by Filter: 13433818
  ->  Hash  (cost=160905.16..160905.16 rows=18910 width=8) (actual time=2968.154..2968.154 rows=54088 loops=1)
        Buckets: 65536 (originally 32768)  Batches: 1 (originally 1)  Memory Usage: 2625kB
        ->  Hash Join  (cost=74058.02..160905.16 rows=18910 width=8) (actual time=1183.211..2948.729 rows=54088 loops=1)
              Hash Cond: (mk.movie_id = t.id)
              ->  Seq Scan on movie_keyword mk  (cost=0.00..69693.30 rows=4523930 width=4) (actual time=0.032..885.748 rows=4523930 loops=1)
              ->  Hash  (cost=73925.90..73925.90 rows=10569 width=4) (actual time=1182.821..1182.821 rows=10528 loops=1)
                    Buckets: 16384  Batches: 1  Memory Usage: 499kB
                    ->  Seq Scan on title t  (cost=0.00..73925.90 rows=10569 width=4) (actual time=0.856..1177.797 rows=10528 loops=1)
                          Filter: ((kind_id < 7) AND (production_year = 1993))
                          Rows Removed by Filter: 2517784
Planning time: 1.229 ms
Execution time: 7943.504 ms
