Seq Scan on movie_companies mc  (cost=0.00..57926.93 rows=452215 width=0) (actual time=366.562..771.757 rows=138466 loops=1)
  Filter: ((company_id > 19489) AND (company_type_id < 2))
  Rows Removed by Filter: 2470663
Planning time: 0.394 ms
Execution time: 790.250 ms
