Seq Scan on movie_keyword mk  (cost=0.00..81003.12 rows=65498 width=0) (actual time=161.262..1237.410 rows=63362 loops=1)
  Filter: (keyword_id > 93796)
  Rows Removed by Filter: 4460568
Planning time: 0.322 ms
Execution time: 1247.193 ms
