Seq Scan on movie_keyword mk  (cost=0.00..81003.12 rows=3046479 width=0) (actual time=0.023..1516.892 rows=3030804 loops=1)
  Filter: (keyword_id > 2134)
  Rows Removed by Filter: 1493126
Planning time: 0.332 ms
Execution time: 1895.533 ms
