Seq Scan on movie_keyword mk  (cost=0.00..81003.12 rows=4343655 width=0) (actual time=0.023..1610.209 rows=4344711 loops=1)
  Filter: (keyword_id < 71694)
  Rows Removed by Filter: 179219
Planning time: 0.302 ms
Execution time: 2144.668 ms
