Hash Join  (cost=190528.45..284248.41 rows=1354344 width=0) (actual time=5111.605..8580.832 rows=4045289 loops=1)
  Hash Cond: (mc.movie_id = t.id)
  ->  Seq Scan on movie_companies mc  (cost=0.00..44881.29 rows=2609129 width=4) (actual time=0.006..922.093 rows=2609129 loops=1)
  ->  Hash  (cost=168995.14..168995.14 rows=1312505 width=8) (actual time=5110.238..5110.238 rows=1366949 loops=1)
        Buckets: 131072  Batches: 32  Memory Usage: 2692kB
        ->  Hash Join  (cost=107058.56..168995.14 rows=1312505 width=8) (actual time=2836.359..4719.117 rows=1366949 loops=1)
              Hash Cond: (mi_idx.movie_id = t.id)
              ->  Seq Scan on movie_info_idx mi_idx  (cost=0.00..21735.35 rows=1380035 width=4) (actual time=0.029..419.807 rows=1380035 loops=1)
              ->  Hash  (cost=67604.59..67604.59 rows=2404798 width=4) (actual time=2835.587..2835.587 rows=2396371 loops=1)
                    Buckets: 131072  Batches: 32  Memory Usage: 3657kB
                    ->  Seq Scan on title t  (cost=0.00..67604.59 rows=2404798 width=4) (actual time=0.015..1401.929 rows=2396371 loops=1)
                          Filter: (production_year > 1914)
                          Rows Removed by Filter: 131941
Planning time: 2.329 ms
Execution time: 9084.964 ms
