Hash Join  (cost=433328.88..1293235.31 rows=260253 width=0) (actual time=9494.392..24205.244 rows=453845 loops=1)
  Hash Cond: (ci.movie_id = t.id)
  ->  Seq Scan on cast_info ci  (cost=0.00..705507.15 rows=15179677 width=4) (actual time=1387.891..11802.079 rows=15323106 loops=1)
        Filter: (person_id > 2108812)
        Rows Removed by Filter: 20921238
  ->  Hash  (cost=432786.99..432786.99 rows=43351 width=8) (actual time=8105.708..8105.708 rows=77828 loops=1)
        Buckets: 131072 (originally 65536)  Batches: 1 (originally 1)  Memory Usage: 4065kB
        ->  Hash Join  (cost=67697.55..432786.99 rows=43351 width=8) (actual time=1109.677..8071.494 rows=77828 loops=1)
              Hash Cond: (mi.movie_id = t.id)
              ->  Seq Scan on movie_info mi  (cost=0.00..309384.22 rows=14739122 width=4) (actual time=0.028..3987.067 rows=14835720 loops=1)
              ->  Hash  (cost=67604.59..67604.59 rows=7437 width=4) (actual time=1109.476..1109.476 rows=9491 loops=1)
                    Buckets: 16384 (originally 8192)  Batches: 1 (originally 1)  Memory Usage: 462kB
                    ->  Seq Scan on title t  (cost=0.00..67604.59 rows=7437 width=4) (actual time=0.340..1104.585 rows=9491 loops=1)
                          Filter: (production_year = 1957)
                          Rows Removed by Filter: 2518821
Planning time: 1.215 ms
Execution time: 24262.731 ms
