Nested Loop  (cost=0.43..83072.90 rows=68 width=0) (actual time=0.404..1460.988 rows=2176 loops=1)
  ->  Seq Scan on movie_keyword mk  (cost=0.00..81003.12 rows=246 width=4) (actual time=0.365..1344.695 rows=3249 loops=1)
        Filter: (keyword_id = 1714)
        Rows Removed by Filter: 4520681
  ->  Index Scan using title_pkey on title t  (cost=0.43..8.40 rows=1 width=4) (actual time=0.035..0.035 rows=1 loops=3249)
        Index Cond: (id = mk.movie_id)
        Filter: ((kind_id < 7) AND (production_year < 2009))
        Rows Removed by Filter: 0
Planning time: 0.738 ms
Execution time: 1461.796 ms
