Seq Scan on cast_info ci  (cost=0.00..796071.18 rows=2067546 width=0) (actual time=4167.265..11670.167 rows=1219142 loops=1)
  Filter: ((person_id < 583834) AND (role_id > 3))
  Rows Removed by Filter: 35025202
Planning time: 0.341 ms
Execution time: 11828.008 ms
