Seq Scan on cast_info ci  (cost=0.00..705507.15 rows=29135170 width=0) (actual time=0.024..13303.923 rows=29085170 loops=1)
  Filter: (person_id < 2951650)
  Rows Removed by Filter: 7159174
Planning time: 0.336 ms
Execution time: 16918.559 ms
