Hash Join  (cost=723625.78..2851462.91 rows=84459496 width=0) (actual time=17688.751..92167.788 rows=160990773 loops=1)
  Hash Cond: (ci.movie_id = t.id)
  ->  Seq Scan on cast_info ci  (cost=0.00..614943.12 rows=36225612 width=4) (actual time=0.020..13478.079 rows=36244344 loops=1)
  ->  Hash  (cost=626906.48..626906.48 rows=5895224 width=8) (actual time=17686.988..17686.988 rows=4922359 loops=1)
        Buckets: 131072  Batches: 128  Memory Usage: 2548kB
        ->  Hash Join  (cost=84197.31..626906.48 rows=5895224 width=8) (actual time=1599.581..16345.595 rows=4922359 loops=1)
              Hash Cond: (mi.movie_id = t.id)
              ->  Seq Scan on movie_info mi  (cost=0.00..309384.22 rows=14739122 width=4) (actual time=0.032..5910.881 rows=14835720 loops=1)
              ->  Hash  (cost=67604.59..67604.59 rows=1011338 width=4) (actual time=1598.474..1598.474 rows=1012920 loops=1)
                    Buckets: 131072  Batches: 16  Memory Usage: 3256kB
                    ->  Seq Scan on title t  (cost=0.00..67604.59 rows=1011338 width=4) (actual time=0.012..1262.941 rows=1012920 loops=1)
                          Filter: (production_year > 2005)
                          Rows Removed by Filter: 1515392
Planning time: 4.659 ms
Execution time: 110246.252 ms
