Hash Join  (cost=67697.55..819552.20 rows=106548 width=0) (actual time=1009.470..19652.297 rows=241215 loops=1)
  Hash Cond: (ci.movie_id = t.id)
  ->  Seq Scan on cast_info ci  (cost=0.00..614943.12 rows=36225612 width=4) (actual time=0.024..9350.571 rows=36244344 loops=1)
  ->  Hash  (cost=67604.59..67604.59 rows=7437 width=4) (actual time=1009.014..1009.014 rows=15489 loops=1)
        Buckets: 16384 (originally 8192)  Batches: 1 (originally 1)  Memory Usage: 673kB
        ->  Seq Scan on title t  (cost=0.00..67604.59 rows=7437 width=4) (actual time=0.091..1001.889 rows=15489 loops=1)
              Filter: (production_year = 1983)
              Rows Removed by Filter: 2512823
Planning time: 0.743 ms
Execution time: 19693.256 ms
