Seq Scan on movie_companies mc  (cost=0.00..57926.93 rows=252277 width=0) (actual time=0.025..921.670 rows=497172 loops=1)
  Filter: ((company_id > 74344) AND (company_type_id > 1))
  Rows Removed by Filter: 2111957
Planning time: 0.319 ms
Execution time: 982.462 ms
