Seq Scan on movie_companies mc  (cost=0.00..57926.93 rows=630687 width=0) (actual time=0.021..1028.515 rows=893465 loops=1)
  Filter: ((company_id > 11663) AND (company_type_id = 2))
  Rows Removed by Filter: 1715664
Planning time: 0.392 ms
Execution time: 1139.633 ms
