Hash Join  (cost=418342.06..445295.53 rows=4299 width=0) (actual time=6209.830..6798.961 rows=24329 loops=1)
  Hash Cond: (mi_idx.movie_id = t.id)
  ->  Seq Scan on movie_info_idx mi_idx  (cost=0.00..21735.35 rows=1380035 width=4) (actual time=0.024..318.795 rows=1380035 loops=1)
  ->  Hash  (cost=418243.61..418243.61 rows=7876 width=8) (actual time=6209.726..6209.726 rows=8159 loops=1)
        Buckets: 8192  Batches: 1  Memory Usage: 383kB
        ->  Hash Join  (cost=69374.09..418243.61 rows=7876 width=8) (actual time=3367.177..6207.020 rows=8159 loops=1)
              Hash Cond: (mi.movie_id = t.id)
              ->  Seq Scan on movie_info mi  (cost=0.00..346232.03 rows=184730 width=4) (actual time=2257.774..5029.893 rows=180112 loops=1)
                    Filter: (info_type_id = 13)
                    Rows Removed by Filter: 14655608
              ->  Hash  (cost=67604.59..67604.59 rows=107800 width=4) (actual time=1104.282..1104.282 rows=108429 loops=1)
                    Buckets: 131072  Batches: 2  Memory Usage: 2938kB
                    ->  Seq Scan on title t  (cost=0.00..67604.59 rows=107800 width=4) (actual time=0.036..1061.776 rows=108429 loops=1)
                          Filter: (production_year = 2006)
                          Rows Removed by Filter: 2419883
Planning time: 1.160 ms
Execution time: 6802.183 ms
