Hash Join  (cost=83074.74..447745.01 rows=1434 width=0) (actual time=1341.022..8495.924 rows=1071 loops=1)
  Hash Cond: (mi.movie_id = t.id)
  ->  Seq Scan on movie_info mi  (cost=0.00..309384.22 rows=14739122 width=4) (actual time=0.022..4496.270 rows=14835720 loops=1)
  ->  Hash  (cost=83071.67..83071.67 rows=246 width=8) (actual time=1302.248..1302.248 rows=27 loops=1)
        Buckets: 1024  Batches: 1  Memory Usage: 10kB
        ->  Nested Loop  (cost=0.43..83071.67 rows=246 width=8) (actual time=3.078..1302.196 rows=27 loops=1)
              ->  Seq Scan on movie_keyword mk  (cost=0.00..81003.12 rows=246 width=4) (actual time=3.015..1296.537 rows=27 loops=1)
                    Filter: (keyword_id = 48756)
                    Rows Removed by Filter: 4523903
              ->  Index Only Scan using title_pkey on title t  (cost=0.43..8.40 rows=1 width=4) (actual time=0.202..0.202 rows=1 loops=27)
                    Index Cond: (id = mk.movie_id)
                    Heap Fetches: 27
Planning time: 1.190 ms
Execution time: 8496.389 ms
