Hash Join  (cost=76192.15..158687.57 rows=540090 width=0) (actual time=1518.379..4037.912 rows=857905 loops=1)
  Hash Cond: (mc.movie_id = t.id)
  ->  Seq Scan on movie_companies mc  (cost=0.00..44881.29 rows=2609129 width=4) (actual time=0.022..920.735 rows=2609129 loops=1)
  ->  Hash  (cost=67604.59..67604.59 rows=523405 width=4) (actual time=1517.533..1517.533 rows=523734 loops=1)
        Buckets: 131072  Batches: 8  Memory Usage: 3319kB
        ->  Seq Scan on title t  (cost=0.00..67604.59 rows=523405 width=4) (actual time=0.020..1097.642 rows=523734 loops=1)
              Filter: (production_year < 1981)
              Rows Removed by Filter: 2004578
Planning time: 0.714 ms
Execution time: 4143.964 ms
