Hash Join  (cost=82581.58..145280.85 rows=141143 width=0) (actual time=1403.464..2855.913 rows=282488 loops=1)
  Hash Cond: (mc.movie_id = t.id)
  ->  Seq Scan on movie_companies mc  (cost=0.00..51404.11 rows=676461 width=4) (actual time=0.030..935.851 rows=682170 loops=1)
        Filter: (company_id > 48426)
        Rows Removed by Filter: 1926959
  ->  Hash  (cost=73925.90..73925.90 rows=527574 width=4) (actual time=1402.498..1402.498 rows=609532 loops=1)
        Buckets: 131072  Batches: 8  Memory Usage: 3715kB
        ->  Seq Scan on title t  (cost=0.00..73925.90 rows=527574 width=4) (actual time=0.023..1197.312 rows=609532 loops=1)
              Filter: ((kind_id < 7) AND (production_year < 2005))
              Rows Removed by Filter: 1918780
Planning time: 0.762 ms
Execution time: 2893.098 ms
