Seq Scan on movie_keyword mk  (cost=0.00..81003.12 rows=1787453 width=0) (actual time=0.025..1482.194 rows=1797881 loops=1)
  Filter: (keyword_id < 2906)
  Rows Removed by Filter: 2726049
Planning time: 0.323 ms
Execution time: 1714.824 ms
