Hash Join  (cost=762625.50..2998900.55 rows=86266959 width=0) (actual time=18091.394..70265.270 rows=64290668 loops=1)
  Hash Cond: (ci.movie_id = t.id)
  ->  Seq Scan on cast_info ci  (cost=0.00..705507.15 rows=36185231 width=4) (actual time=0.030..17551.436 rows=36189495 loops=1)
        Filter: (person_id < 4053559)
        Rows Removed by Filter: 54849
  ->  Hash  (cost=663726.20..663726.20 rows=6028104 width=8) (actual time=18090.429..18090.429 rows=2946551 loops=1)
        Buckets: 131072  Batches: 128  Memory Usage: 1898kB
        ->  Hash Join  (cost=91879.05..663726.20 rows=6028104 width=8) (actual time=1785.653..17189.041 rows=2946551 loops=1)
              Hash Cond: (mi.movie_id = t.id)
              ->  Seq Scan on movie_info mi  (cost=0.00..346232.03 rows=13929354 width=4) (actual time=0.020..7703.280 rows=14033580 loops=1)
                    Filter: (info_type_id > 1)
                    Rows Removed by Filter: 802140
              ->  Hash  (cost=73925.90..73925.90 rows=1094252 width=4) (actual time=1784.690..1784.690 rows=1044222 loops=1)
                    Buckets: 131072  Batches: 16  Memory Usage: 3325kB
                    ->  Seq Scan on title t  (cost=0.00..73925.90 rows=1094252 width=4) (actual time=0.017..1452.352 rows=1044222 loops=1)
                          Filter: ((production_year < 2009) AND (kind_id = 7))
                          Rows Removed by Filter: 1484090
Planning time: 3.037 ms
Execution time: 76833.865 ms
