Hash Join  (cost=74268.02..157093.48 rows=5112 width=0) (actual time=1093.633..2588.239 rows=7702 loops=1)
  Hash Cond: (mk.movie_id = t.id)
  ->  Seq Scan on movie_keyword mk  (cost=0.00..81003.12 rows=472325 width=4) (actual time=0.024..1329.708 rows=468593 loops=1)
        Filter: (keyword_id > 37956)
        Rows Removed by Filter: 4055337
  ->  Hash  (cost=73925.90..73925.90 rows=27369 width=4) (actual time=1092.800..1092.800 rows=103977 loops=1)
        Buckets: 131072 (originally 32768)  Batches: 2 (originally 1)  Memory Usage: 3073kB
        ->  Seq Scan on title t  (cost=0.00..73925.90 rows=27369 width=4) (actual time=90.897..1044.816 rows=103977 loops=1)
              Filter: ((production_year < 1926) AND (kind_id = 1))
              Rows Removed by Filter: 2424335
Planning time: 0.740 ms
Execution time: 2589.859 ms
