Hash Join  (cost=156489.80..1213907.26 rows=2298729 width=0) (actual time=3553.734..36980.688 rows=9166387 loops=1)
  Hash Cond: (ci.movie_id = t.id)
  ->  Seq Scan on cast_info ci  (cost=0.00..614943.12 rows=36225612 width=4) (actual time=0.023..13161.891 rows=36244344 loops=1)
  ->  Hash  (cost=153857.18..153857.18 rows=160450 width=8) (actual time=3552.946..3552.946 rows=411753 loops=1)
        Buckets: 131072 (originally 131072)  Batches: 8 (originally 4)  Memory Usage: 3073kB
        ->  Hash Join  (cost=79775.76..153857.18 rows=160450 width=8) (actual time=1364.022..3417.402 rows=411753 loops=1)
              Hash Cond: (mc.movie_id = t.id)
              ->  Seq Scan on movie_companies mc  (cost=0.00..57926.93 rows=1137864 width=4) (actual time=0.021..1250.857 rows=1247887 loops=1)
                    Filter: ((company_id > 222) AND (company_type_id > 1))
                    Rows Removed by Filter: 1361242
              ->  Hash  (cost=73925.90..73925.90 rows=356548 width=4) (actual time=1363.171..1363.171 rows=424572 loops=1)
                    Buckets: 131072  Batches: 8  Memory Usage: 2898kB
                    ->  Seq Scan on title t  (cost=0.00..73925.90 rows=356548 width=4) (actual time=0.017..1231.246 rows=424572 loops=1)
                          Filter: ((production_year < 2005) AND (kind_id = 1))
                          Rows Removed by Filter: 2103740
Planning time: 1.149 ms
Execution time: 37987.996 ms
