Hash Join  (cost=75733.69..114458.32 rows=60115 width=0) (actual time=1383.269..2957.786 rows=177072 loops=1)
  Hash Cond: (mi_idx.movie_id = t.id)
  ->  Seq Scan on movie_info_idx mi_idx  (cost=0.00..21735.35 rows=1380035 width=4) (actual time=0.018..472.752 rows=1380035 loops=1)
  ->  Hash  (cost=73925.90..73925.90 rows=110143 width=4) (actual time=1101.398..1101.398 rows=239899 loops=1)
        Buckets: 131072 (originally 131072)  Batches: 4 (originally 2)  Memory Usage: 3134kB
        ->  Seq Scan on title t  (cost=0.00..73925.90 rows=110143 width=4) (actual time=0.016..1013.828 rows=239899 loops=1)
              Filter: ((production_year < 1973) AND (kind_id = 1))
              Rows Removed by Filter: 2288413
Planning time: 0.727 ms
Execution time: 2980.124 ms
