Seq Scan on cast_info ci  (cost=0.00..705507.15 rows=11049161 width=0) (actual time=0.038..12265.038 rows=11042046 loops=1)
  Filter: (person_id > 2599544)
  Rows Removed by Filter: 25202298
Planning time: 0.314 ms
Execution time: 13684.459 ms
