Hash Join  (cost=89472.60..609581.04 rows=4165454 width=0) (actual time=1671.607..15106.841 rows=2304366 loops=1)
  Hash Cond: (mi.movie_id = t.id)
  ->  Seq Scan on movie_info mi  (cost=0.00..346232.03 rows=11115165 width=4) (actual time=0.017..7202.617 rows=11210743 loops=1)
        Filter: (info_type_id > 3)
        Rows Removed by Filter: 3624977
  ->  Hash  (cost=73925.90..73925.90 rows=947576 width=4) (actual time=1670.504..1670.504 rows=876037 loops=1)
        Buckets: 131072  Batches: 16  Memory Usage: 2955kB
        ->  Seq Scan on title t  (cost=0.00..73925.90 rows=947576 width=4) (actual time=0.019..1392.460 rows=876037 loops=1)
              Filter: ((production_year < 2007) AND (kind_id = 7))
              Rows Removed by Filter: 1652275
Planning time: 0.789 ms
Execution time: 15373.970 ms
