Hash Join  (cost=883651.58..1251091.15 rows=278364 width=0) (actual time=16628.489..26030.312 rows=1437014 loops=1)
  Hash Cond: (mi.movie_id = t.id)
  ->  Seq Scan on movie_info mi  (cost=0.00..309384.22 rows=14739122 width=4) (actual time=0.045..4773.951 rows=14835720 loops=1)
  ->  Hash  (cost=883054.66..883054.66 rows=47754 width=8) (actual time=16627.915..16627.915 rows=59143 loops=1)
        Buckets: 65536  Batches: 1  Memory Usage: 2823kB
        ->  Hash Join  (cost=74393.18..883054.66 rows=47754 width=8) (actual time=6781.572..16600.960 rows=59143 loops=1)
              Hash Cond: (ci.movie_id = t.id)
              ->  Seq Scan on cast_info ci  (cost=0.00..796071.18 rows=3230069 width=4) (actual time=5618.932..14163.029 rows=5261558 loops=1)
                    Filter: ((person_id > 2016065) AND (role_id = 2))
                    Rows Removed by Filter: 30982786
              ->  Hash  (cost=73925.90..73925.90 rows=37382 width=4) (actual time=1162.202..1162.202 rows=33190 loops=1)
                    Buckets: 65536  Batches: 1  Memory Usage: 1679kB
                    ->  Seq Scan on title t  (cost=0.00..73925.90 rows=37382 width=4) (actual time=316.084..1148.879 rows=33190 loops=1)
                          Filter: ((kind_id = 1) AND (production_year = 2010))
                          Rows Removed by Filter: 2495122
Planning time: 3.409 ms
Execution time: 26212.744 ms
