Hash Join  (cost=157039.54..286635.57 rows=623299 width=0) (actual time=3257.779..7047.361 rows=1495047 loops=1)
  Hash Cond: (mk.movie_id = t.id)
  ->  Seq Scan on movie_keyword mk  (cost=0.00..69693.30 rows=4523930 width=4) (actual time=0.027..1546.349 rows=4523930 loops=1)
  ->  Hash  (cost=151323.84..151323.84 rows=348376 width=8) (actual time=3256.867..3256.867 rows=299104 loops=1)
        Buckets: 131072  Batches: 8  Memory Usage: 2484kB
        ->  Hash Join  (cost=78473.92..151323.84 rows=348376 width=8) (actual time=1788.869..3167.028 rows=299104 loops=1)
              Hash Cond: (mc.movie_id = t.id)
              ->  Seq Scan on movie_companies mc  (cost=0.00..51404.11 rows=1329612 width=4) (actual time=406.391..1002.405 rows=1334883 loops=1)
                    Filter: (company_type_id > 1)
                    Rows Removed by Filter: 1274246
              ->  Hash  (cost=67604.59..67604.59 rows=662507 width=4) (actual time=1381.618..1381.618 rows=662065 loops=1)
                    Buckets: 131072  Batches: 16  Memory Usage: 2481kB
                    ->  Seq Scan on title t  (cost=0.00..67604.59 rows=662507 width=4) (actual time=0.026..1175.648 rows=662065 loops=1)
                          Filter: (production_year > 2008)
                          Rows Removed by Filter: 1866247
Planning time: 1.269 ms
Execution time: 7232.991 ms
