Seq Scan on cast_info ci  (cost=0.00..796071.18 rows=8291848 width=0) (actual time=9563.090..14891.889 rows=3582883 loops=1)
  Filter: ((person_id > 1239365) AND (role_id < 2))
  Rows Removed by Filter: 32661461
Planning time: 0.336 ms
Execution time: 15338.257 ms
