Nested Loop  (cost=0.43..83072.29 rows=96 width=0) (actual time=16.764..1217.946 rows=218 loops=1)
  ->  Seq Scan on movie_keyword mk  (cost=0.00..81003.12 rows=246 width=4) (actual time=16.720..1199.841 rows=242 loops=1)
        Filter: (keyword_id = 3329)
        Rows Removed by Filter: 4523688
  ->  Index Scan using title_pkey on title t  (cost=0.43..8.40 rows=1 width=4) (actual time=0.072..0.072 rows=1 loops=242)
        Index Cond: (id = mk.movie_id)
        Filter: (kind_id < 7)
        Rows Removed by Filter: 0
Planning time: 0.687 ms
Execution time: 1218.203 ms
