Hash Join  (cost=1018504.83..3421848.82 rows=109454827 width=0) (actual time=25165.493..113371.160 rows=233662394 loops=1)
  Hash Cond: (ci.movie_id = t.id)
  ->  Seq Scan on cast_info ci  (cost=0.00..705507.15 rows=18777203 width=4) (actual time=0.019..14786.476 rows=18909180 loops=1)
        Filter: (person_id > 1712441)
        Rows Removed by Filter: 17335164
  ->  Hash  (cost=776690.81..776690.81 rows=14739122 width=8) (actual time=25164.587..25164.587 rows=14835720 loops=1)
        Buckets: 131072  Batches: 256  Memory Usage: 3268kB
        ->  Hash Join  (cost=102767.86..776690.81 rows=14739122 width=8) (actual time=2221.909..21072.211 rows=14835720 loops=1)
              Hash Cond: (mi.movie_id = t.id)
              ->  Seq Scan on movie_info mi  (cost=0.00..309384.22 rows=14739122 width=4) (actual time=0.018..6361.121 rows=14835720 loops=1)
              ->  Hash  (cost=61283.27..61283.27 rows=2528527 width=4) (actual time=2219.789..2219.789 rows=2528312 loops=1)
                    Buckets: 131072  Batches: 64  Memory Usage: 2425kB
                    ->  Seq Scan on title t  (cost=0.00..61283.27 rows=2528527 width=4) (actual time=0.015..1108.880 rows=2528312 loops=1)
Planning time: 2.373 ms
Execution time: 138847.012 ms
