Seq Scan on movie_companies mc  (cost=0.00..51404.11 rows=409835 width=0) (actual time=0.429..865.818 rows=409066 loops=1)
  Filter: (company_id < 264)
  Rows Removed by Filter: 2200063
Planning time: 0.348 ms
Execution time: 918.126 ms
