Nested Loop  (cost=0.43..75144.87 rows=19 width=0) (actual time=597.634..820.663 rows=2 loops=1)
  ->  Seq Scan on movie_companies mc  (cost=0.00..57926.93 rows=2175 width=4) (actual time=408.976..696.432 rows=3995 loops=1)
        Filter: ((company_id = 150) AND (company_type_id = 1))
        Rows Removed by Filter: 2605134
  ->  Index Scan using title_pkey on title t  (cost=0.43..7.91 rows=1 width=4) (actual time=0.031..0.031 rows=0 loops=3995)
        Index Cond: (id = mc.movie_id)
        Filter: ((kind_id < 4) AND (production_year = 2013))
        Rows Removed by Filter: 1
Planning time: 0.798 ms
Execution time: 820.747 ms
