Hash Join  (cost=196264.23..256566.14 rows=62380 width=0) (actual time=3391.298..5091.727 rows=688818 loops=1)
  Hash Cond: (mc.movie_id = t.id)
  ->  Seq Scan on movie_companies mc  (cost=0.00..51404.11 rows=2206397 width=4) (actual time=0.026..1014.575 rows=2205767 loops=1)
        Filter: (company_id > 253)
        Rows Removed by Filter: 403362
  ->  Hash  (cost=195370.65..195370.65 rows=71487 width=8) (actual time=3390.479..3390.479 rows=70940 loops=1)
        Buckets: 131072  Batches: 1  Memory Usage: 3796kB
        ->  Hash Join  (cost=102767.86..195370.65 rows=71487 width=8) (actual time=1778.216..3366.662 rows=70940 loops=1)
              Hash Cond: (mk.movie_id = t.id)
              ->  Seq Scan on movie_keyword mk  (cost=0.00..81003.12 rows=71487 width=4) (actual time=0.031..1126.908 rows=70940 loops=1)
                    Filter: (keyword_id > 90875)
                    Rows Removed by Filter: 4452990
              ->  Hash  (cost=61283.27..61283.27 rows=2528527 width=4) (actual time=1771.472..1771.472 rows=2528312 loops=1)
                    Buckets: 131072  Batches: 64  Memory Usage: 2425kB
                    ->  Seq Scan on title t  (cost=0.00..61283.27 rows=2528527 width=4) (actual time=0.023..897.712 rows=2528312 loops=1)
Planning time: 1.153 ms
Execution time: 5177.033 ms
