Hash Join  (cost=74148.97..452886.48 rows=60045 width=0) (actual time=1046.036..8193.470 rows=84260 loops=1)
  Hash Cond: (mi.movie_id = t.id)
  ->  Seq Scan on movie_info mi  (cost=0.00..346232.03 rows=8508011 width=4) (actual time=25.992..5702.550 rows=8612226 loops=1)
        Filter: (info_type_id < 9)
        Rows Removed by Filter: 6223494
  ->  Hash  (cost=73925.90..73925.90 rows=17845 width=4) (actual time=948.314..948.314 rows=10782 loops=1)
        Buckets: 32768  Batches: 1  Memory Usage: 636kB
        ->  Seq Scan on title t  (cost=0.00..73925.90 rows=17845 width=4) (actual time=0.071..943.546 rows=10782 loops=1)
              Filter: ((kind_id = 1) AND (production_year = 2003))
              Rows Removed by Filter: 2517530
Planning time: 0.776 ms
Execution time: 8206.219 ms
