Seq Scan on movie_companies mc  (cost=0.00..57926.93 rows=64313 width=0) (actual time=334.042..846.467 rows=111266 loops=1)
  Filter: ((company_id < 27) AND (company_type_id = 1))
  Rows Removed by Filter: 2497863
Planning time: 0.418 ms
Execution time: 861.435 ms
