Hash Join  (cost=128753.29..216757.77 rows=3436 width=0) (actual time=2298.939..4137.061 rows=2976 loops=1)
  Hash Cond: (mk.movie_id = t.id)
  ->  Seq Scan on movie_keyword mk  (cost=0.00..81003.12 rows=1857867 width=4) (actual time=0.016..1542.254 rows=1862557 loops=1)
        Filter: (keyword_id > 7401)
        Rows Removed by Filter: 2661373
  ->  Hash  (cost=128694.84..128694.84 rows=4676 width=8) (actual time=2298.601..2298.601 rows=6488 loops=1)
        Buckets: 8192  Batches: 1  Memory Usage: 318kB
        ->  Hash Join  (cost=73982.55..128694.84 rows=4676 width=8) (actual time=1334.162..2295.937 rows=6488 loops=1)
              Hash Cond: (mc.movie_id = t.id)
              ->  Seq Scan on movie_companies mc  (cost=0.00..44881.29 rows=2609129 width=4) (actual time=0.020..602.624 rows=2609129 loops=1)
              ->  Hash  (cost=73925.90..73925.90 rows=4532 width=4) (actual time=1137.175..1137.175 rows=7895 loops=1)
                    Buckets: 8192  Batches: 1  Memory Usage: 342kB
                    ->  Seq Scan on title t  (cost=0.00..73925.90 rows=4532 width=4) (actual time=0.173..1133.149 rows=7895 loops=1)
                          Filter: ((kind_id = 7) AND (production_year = 1982))
                          Rows Removed by Filter: 2520417
Planning time: 1.197 ms
Execution time: 4137.561 ms
