Hash Join  (cost=161344.24..527109.92 rows=110974 width=0) (actual time=3093.588..9911.379 rows=195987 loops=1)
  Hash Cond: (mi.movie_id = t.id)
  ->  Seq Scan on movie_info mi  (cost=0.00..309384.22 rows=14739122 width=4) (actual time=0.020..3912.441 rows=14835720 loops=1)
  ->  Hash  (cost=161106.26..161106.26 rows=19038 width=8) (actual time=2892.515..2892.515 rows=12177 loops=1)
        Buckets: 32768  Batches: 1  Memory Usage: 732kB
        ->  Hash Join  (cost=74330.09..161106.26 rows=19038 width=8) (actual time=1969.199..2887.905 rows=12177 loops=1)
              Hash Cond: (mk.movie_id = t.id)
              ->  Seq Scan on movie_keyword mk  (cost=0.00..81003.12 rows=1488711 width=4) (actual time=0.025..1388.231 rows=1503925 loops=1)
                    Filter: (keyword_id > 10774)
                    Rows Removed by Filter: 3020005
              ->  Hash  (cost=73925.90..73925.90 rows=32335 width=4) (actual time=1217.249..1217.249 rows=29827 loops=1)
                    Buckets: 32768  Batches: 1  Memory Usage: 1305kB
                    ->  Seq Scan on title t  (cost=0.00..73925.90 rows=32335 width=4) (actual time=278.252..1204.177 rows=29827 loops=1)
                          Filter: ((production_year > 2006) AND (kind_id = 2))
                          Rows Removed by Filter: 2498485
Planning time: 1.102 ms
Execution time: 9936.404 ms
