Hash Join  (cost=168862.30..196186.94 rows=41415 width=0) (actual time=3132.967..3786.806 rows=99440 loops=1)
  Hash Cond: (mi_idx.movie_id = t.id)
  ->  Seq Scan on movie_info_idx mi_idx  (cost=0.00..21735.35 rows=1380035 width=4) (actual time=0.026..334.025 rows=1380035 loops=1)
  ->  Hash  (cost=167913.79..167913.79 rows=75881 width=8) (actual time=3132.271..3132.271 rows=49315 loops=1)
        Buckets: 131072  Batches: 1  Memory Usage: 2951kB
        ->  Hash Join  (cost=69928.56..167913.79 rows=75881 width=8) (actual time=1097.865..3113.945 rows=49315 loops=1)
              Hash Cond: (mk.movie_id = t.id)
              ->  Seq Scan on movie_keyword mk  (cost=0.00..81003.12 rows=1355012 width=4) (actual time=0.023..1523.338 rows=1369460 loops=1)
                    Filter: (keyword_id < 1806)
                    Rows Removed by Filter: 3154470
              ->  Hash  (cost=67604.59..67604.59 rows=141598 width=4) (actual time=1096.558..1096.558 rows=141703 loops=1)
                    Buckets: 131072  Batches: 2  Memory Usage: 3517kB
                    ->  Seq Scan on title t  (cost=0.00..67604.59 rows=141598 width=4) (actual time=0.023..1041.247 rows=141703 loops=1)
                          Filter: (production_year = 2010)
                          Rows Removed by Filter: 2386609
Planning time: 1.136 ms
Execution time: 3801.319 ms
