Hash Join  (cost=103398.66..856305.32 rows=211755 width=0) (actual time=1726.947..18487.460 rows=211282 loops=1)
  Hash Cond: (ci.movie_id = t.id)
  ->  Seq Scan on cast_info ci  (cost=0.00..614943.12 rows=36225612 width=4) (actual time=0.017..9104.999 rows=36244344 loops=1)
  ->  Hash  (cost=103213.91..103213.91 rows=14780 width=8) (actual time=1726.809..1726.809 rows=5512 loops=1)
        Buckets: 16384  Batches: 1  Memory Usage: 344kB
        ->  Hash Join  (cost=74434.21..103213.91 rows=14780 width=8) (actual time=1399.866..1724.585 rows=5512 loops=1)
              Hash Cond: (mi_idx.movie_id = t.id)
              ->  Seq Scan on movie_info_idx mi_idx  (cost=0.00..25185.44 rows=919057 width=4) (actual time=0.019..444.270 rows=920110 loops=1)
                    Filter: (info_type_id > 99)
                    Rows Removed by Filter: 459925
              ->  Hash  (cost=73925.90..73925.90 rows=40664 width=4) (actual time=1081.634..1081.634 rows=40257 loops=1)
                    Buckets: 65536  Batches: 1  Memory Usage: 1928kB
                    ->  Seq Scan on title t  (cost=0.00..73925.90 rows=40664 width=4) (actual time=78.270..1065.369 rows=40257 loops=1)
                          Filter: ((production_year > 2012) AND (kind_id = 7))
                          Rows Removed by Filter: 2488055
Planning time: 1.546 ms
Execution time: 18518.930 ms
