Hash Join  (cost=102767.86..1365336.90 rows=22740055 width=0) (actual time=1814.024..38435.608 rows=22610790 loops=1)
  Hash Cond: (ci.movie_id = t.id)
  ->  Seq Scan on cast_info ci  (cost=0.00..705507.15 rows=22740055 width=4) (actual time=0.021..14786.424 rows=22610790 loops=1)
        Filter: (person_id < 2307100)
        Rows Removed by Filter: 13633554
  ->  Hash  (cost=61283.27..61283.27 rows=2528527 width=4) (actual time=1811.808..1811.808 rows=2528312 loops=1)
        Buckets: 131072  Batches: 64  Memory Usage: 2415kB
        ->  Seq Scan on title t  (cost=0.00..61283.27 rows=2528527 width=4) (actual time=0.010..969.367 rows=2528312 loops=1)
Planning time: 0.751 ms
Execution time: 40895.614 ms
