Nested Loop  (cost=0.43..83072.90 rows=3 width=0) (actual time=930.167..998.329 rows=1 loops=1)
  ->  Seq Scan on movie_keyword mk  (cost=0.00..81003.12 rows=246 width=4) (actual time=11.183..993.358 rows=160 loops=1)
        Filter: (keyword_id = 40044)
        Rows Removed by Filter: 4523770
  ->  Index Scan using title_pkey on title t  (cost=0.43..8.40 rows=1 width=4) (actual time=0.029..0.029 rows=0 loops=160)
        Index Cond: (id = mk.movie_id)
        Filter: ((kind_id = 1) AND (production_year = 2006))
        Rows Removed by Filter: 1
Planning time: 0.720 ms
Execution time: 998.414 ms
