Hash Join  (cost=102767.86..961735.13 rows=5967023 width=0) (actual time=2020.132..19388.243 rows=5873194 loops=1)
  Hash Cond: (ci.movie_id = t.id)
  ->  Seq Scan on cast_info ci  (cost=0.00..705507.15 rows=5967023 width=4) (actual time=0.014..11859.512 rows=5873194 loops=1)
        Filter: (person_id < 568755)
        Rows Removed by Filter: 30371150
  ->  Hash  (cost=61283.27..61283.27 rows=2528527 width=4) (actual time=2018.440..2018.440 rows=2528312 loops=1)
        Buckets: 131072  Batches: 64  Memory Usage: 2415kB
        ->  Seq Scan on title t  (cost=0.00..61283.27 rows=2528527 width=4) (actual time=0.020..1170.947 rows=2528312 loops=1)
Planning time: 0.547 ms
Execution time: 20041.186 ms
