Seq Scan on movie_keyword mk  (cost=0.00..81003.12 rows=3635287 width=0) (actual time=0.025..1466.802 rows=3628218 loops=1)
  Filter: (keyword_id < 20602)
  Rows Removed by Filter: 895712
Planning time: 0.346 ms
Execution time: 1912.776 ms
