Hash Join  (cost=89544.76..208767.32 rows=847409 width=0) (actual time=1615.363..4949.154 rows=1943300 loops=1)
  Hash Cond: (mk.movie_id = t.id)
  ->  Seq Scan on movie_keyword mk  (cost=0.00..81003.12 rows=2250761 width=4) (actual time=0.022..1661.990 rows=2254239 loops=1)
        Filter: (keyword_id < 4656)
        Rows Removed by Filter: 2269691
  ->  Hash  (cost=73925.90..73925.90 rows=951988 width=4) (actual time=1614.363..1614.363 rows=956688 loops=1)
        Buckets: 131072  Batches: 16  Memory Usage: 3135kB
        ->  Seq Scan on title t  (cost=0.00..73925.90 rows=951988 width=4) (actual time=0.027..1309.948 rows=956688 loops=1)
              Filter: ((kind_id < 7) AND (production_year > 1908))
              Rows Removed by Filter: 1571624
Planning time: 4.864 ms
Execution time: 5178.312 ms
