Hash Join  (cost=91673.71..155905.23 rows=56092 width=0) (actual time=1986.592..2833.816 rows=62436 loops=1)
  Hash Cond: (mc.movie_id = t.id)
  ->  Seq Scan on movie_companies mc  (cost=0.00..57926.93 rows=131112 width=4) (actual time=413.749..921.116 rows=201168 loops=1)
        Filter: ((company_id < 137) AND (company_type_id = 1))
        Rows Removed by Filter: 2407961
  ->  Hash  (cost=73925.90..73925.90 rows=1081744 width=4) (actual time=1571.525..1571.525 rows=1176905 loops=1)
        Buckets: 131072  Batches: 16  Memory Usage: 3619kB
        ->  Seq Scan on title t  (cost=0.00..73925.90 rows=1081744 width=4) (actual time=0.036..1221.078 rows=1176905 loops=1)
              Filter: ((production_year > 1989) AND (kind_id = 7))
              Rows Removed by Filter: 1351407
Planning time: 0.747 ms
Execution time: 2842.235 ms
