Hash Join  (cost=433328.88..1416738.92 rows=621083 width=0) (actual time=9058.366..27592.272 rows=1546586 loops=1)
  Hash Cond: (ci.movie_id = t.id)
  ->  Seq Scan on cast_info ci  (cost=0.00..614943.12 rows=36225612 width=4) (actual time=0.015..7973.215 rows=36244344 loops=1)
  ->  Hash  (cost=432786.99..432786.99 rows=43351 width=8) (actual time=9057.556..9057.556 rows=73568 loops=1)
        Buckets: 131072 (originally 65536)  Batches: 1 (originally 1)  Memory Usage: 3898kB
        ->  Hash Join  (cost=67697.55..432786.99 rows=43351 width=8) (actual time=1026.607..9021.234 rows=73568 loops=1)
              Hash Cond: (mi.movie_id = t.id)
              ->  Seq Scan on movie_info mi  (cost=0.00..309384.22 rows=14739122 width=4) (actual time=0.018..4670.939 rows=14835720 loops=1)
              ->  Hash  (cost=67604.59..67604.59 rows=7437 width=4) (actual time=1026.061..1026.061 rows=8007 loops=1)
                    Buckets: 8192  Batches: 1  Memory Usage: 346kB
                    ->  Seq Scan on title t  (cost=0.00..67604.59 rows=7437 width=4) (actual time=0.452..1021.887 rows=8007 loops=1)
                          Filter: (production_year = 1955)
                          Rows Removed by Filter: 2520305
Planning time: 1.182 ms
Execution time: 27768.421 ms
