Hash Join  (cost=204022.79..249455.41 rows=451114 width=0) (actual time=4640.396..6513.814 rows=2092886 loops=1)
  Hash Cond: (mi_idx.movie_id = t.id)
  ->  Seq Scan on movie_info_idx mi_idx  (cost=0.00..21735.35 rows=1380035 width=4) (actual time=0.020..520.224 rows=1380035 loops=1)
  ->  Hash  (cost=190462.05..190462.05 rows=826539 width=8) (actual time=4639.343..4639.343 rows=1134666 loops=1)
        Buckets: 131072  Batches: 16  Memory Usage: 3768kB
        ->  Hash Join  (cost=102767.86..190462.05 rows=826539 width=8) (actual time=1910.832..4303.477 rows=1134666 loops=1)
              Hash Cond: (mc.movie_id = t.id)
              ->  Seq Scan on movie_companies mc  (cost=0.00..57926.93 rows=826539 width=4) (actual time=0.031..1064.649 rows=1134666 loops=1)
                    Filter: ((company_id < 19393) AND (company_type_id = 1))
                    Rows Removed by Filter: 1474463
              ->  Hash  (cost=61283.27..61283.27 rows=2528527 width=4) (actual time=1909.066..1909.066 rows=2528312 loops=1)
                    Buckets: 131072  Batches: 64  Memory Usage: 2415kB
                    ->  Seq Scan on title t  (cost=0.00..61283.27 rows=2528527 width=4) (actual time=0.014..1086.994 rows=2528312 loops=1)
Planning time: 1.142 ms
Execution time: 6760.903 ms
