Hash Join  (cost=202636.32..362753.55 rows=2280187 width=0) (actual time=5453.026..12785.826 rows=14218116 loops=1)
  Hash Cond: (mk.movie_id = t.id)
  ->  Seq Scan on movie_keyword mk  (cost=0.00..81003.12 rows=4430461 width=4) (actual time=0.024..1815.664 rows=4419636 loops=1)
        Filter: (keyword_id > 103)
        Rows Removed by Filter: 104294
  ->  Hash  (cost=181285.64..181285.64 rows=1301335 width=8) (actual time=5451.374..5451.374 rows=1058433 loops=1)
        Buckets: 131072  Batches: 32  Memory Usage: 2366kB
        ->  Hash Join  (cost=88295.76..181285.64 rows=1301335 width=8) (actual time=1670.125..5138.713 rows=1058433 loops=1)
              Hash Cond: (mc.movie_id = t.id)
              ->  Seq Scan on movie_companies mc  (cost=0.00..44881.29 rows=2609129 width=4) (actual time=0.025..902.031 rows=2609129 loops=1)
              ->  Hash  (cost=67604.59..67604.59 rows=1261134 width=4) (actual time=1669.304..1669.304 rows=1260295 loops=1)
                    Buckets: 131072  Batches: 32  Memory Usage: 2413kB
                    ->  Seq Scan on title t  (cost=0.00..67604.59 rows=1261134 width=4) (actual time=0.013..1257.044 rows=1260295 loops=1)
                          Filter: (production_year > 2002)
                          Rows Removed by Filter: 1268017
Planning time: 1.180 ms
Execution time: 14266.198 ms
