Hash Join  (cost=230472.20..770864.74 rows=3951471 width=0) (actual time=6348.942..43364.324 rows=109806720 loops=1)
  Hash Cond: (mi.movie_id = t.id)
  ->  Seq Scan on movie_info mi  (cost=0.00..309384.22 rows=14739122 width=4) (actual time=0.011..5933.816 rows=14835720 loops=1)
  ->  Hash  (cost=219350.66..219350.66 rows=677883 width=8) (actual time=6347.708..6347.708 rows=2039082 loops=1)
        Buckets: 131072 (originally 131072)  Batches: 32 (originally 16)  Memory Usage: 3556kB
        ->  Hash Join  (cost=80493.69..219350.66 rows=677883 width=8) (actual time=1374.181..5729.467 rows=2039082 loops=1)
              Hash Cond: (mk.movie_id = t.id)
              ->  Seq Scan on movie_keyword mk  (cost=0.00..81003.12 rows=4281870 width=4) (actual time=0.022..1939.503 rows=4262997 loops=1)
                    Filter: (keyword_id > 228)
                    Rows Removed by Filter: 260933
              ->  Hash  (cost=73925.90..73925.90 rows=400303 width=4) (actual time=1373.178..1373.178 rows=500611 loops=1)
                    Buckets: 131072  Batches: 8  Memory Usage: 3243kB
                    ->  Seq Scan on title t  (cost=0.00..73925.90 rows=400303 width=4) (actual time=0.059..1205.243 rows=500611 loops=1)
                          Filter: ((kind_id < 7) AND (production_year < 2000))
                          Rows Removed by Filter: 2027701
Planning time: 1.058 ms
Execution time: 55300.582 ms
