Seq Scan on movie_keyword mk  (cost=0.00..81003.12 rows=64331 width=0) (actual time=422.361..1206.890 rows=62000 loops=1)
  Filter: (keyword_id > 94365)
  Rows Removed by Filter: 4461930
Planning time: 0.299 ms
Execution time: 1216.189 ms
