Hash Join  (cost=102767.86..191755.94 rows=880317 width=0) (actual time=2012.380..4431.019 rows=1193689 loops=1)
  Hash Cond: (mc.movie_id = t.id)
  ->  Seq Scan on movie_companies mc  (cost=0.00..57926.93 rows=880317 width=4) (actual time=51.272..1173.910 rows=1193689 loops=1)
        Filter: ((company_id < 28238) AND (company_type_id = 1))
        Rows Removed by Filter: 1415440
  ->  Hash  (cost=61283.27..61283.27 rows=2528527 width=4) (actual time=1959.758..1959.758 rows=2528312 loops=1)
        Buckets: 131072  Batches: 64  Memory Usage: 2415kB
        ->  Seq Scan on title t  (cost=0.00..61283.27 rows=2528527 width=4) (actual time=0.015..1112.977 rows=2528312 loops=1)
Planning time: 0.779 ms
Execution time: 4565.856 ms
