Seq Scan on movie_keyword mk  (cost=0.00..81003.12 rows=246 width=0) (actual time=2.068..1292.054 rows=681 loops=1)
  Filter: (keyword_id = 3324)
  Rows Removed by Filter: 4523249
Planning time: 0.360 ms
Execution time: 1292.395 ms
