Hash Join  (cost=240086.83..792286.71 rows=7657130 width=0) (actual time=5513.766..23117.579 rows=25595300 loops=1)
  Hash Cond: (mi.movie_id = t.id)
  ->  Seq Scan on movie_info mi  (cost=0.00..346232.03 rows=9476311 width=4) (actual time=0.015..6759.348 rows=9565151 loops=1)
        Filter: (info_type_id < 16)
        Rows Removed by Filter: 5270569
  ->  Hash  (cost=206566.80..206566.80 rows=2043122 width=8) (actual time=5512.473..5512.473 rows=1782628 loops=1)
        Buckets: 131072  Batches: 32  Memory Usage: 3249kB
        ->  Hash Join  (cost=100089.65..206566.80 rows=2043122 width=8) (actual time=2031.478..4999.222 rows=1782628 loops=1)
              Hash Cond: (mc.movie_id = t.id)
              ->  Seq Scan on movie_companies mc  (cost=0.00..44881.29 rows=2609129 width=4) (actual time=0.012..867.458 rows=2609129 loops=1)
              ->  Hash  (cost=67604.59..67604.59 rows=1980005 width=4) (actual time=2030.349..2030.349 rows=1976617 loops=1)
                    Buckets: 131072  Batches: 32  Memory Usage: 3203kB
                    ->  Seq Scan on title t  (cost=0.00..67604.59 rows=1980005 width=4) (actual time=0.010..1391.096 rows=1976617 loops=1)
                          Filter: (production_year > 1977)
                          Rows Removed by Filter: 551695
Planning time: 1.167 ms
Execution time: 25913.538 ms
