Hash Join  (cost=69694.50..915989.21 rows=207562 width=0) (actual time=3464.715..17872.180 rows=449592 loops=1)
  Hash Cond: (ci.movie_id = t.id)
  ->  Seq Scan on cast_info ci  (cost=0.00..796071.18 rows=4121043 width=4) (actual time=2330.660..13428.583 rows=8388303 loops=1)
        Filter: ((person_id < 1144294) AND (role_id = 1))
        Rows Removed by Filter: 27856041
  ->  Hash  (cost=67604.59..67604.59 rows=127353 width=4) (actual time=1133.189..1133.189 rows=128696 loops=1)
        Buckets: 131072  Batches: 2  Memory Usage: 3284kB
        ->  Seq Scan on title t  (cost=0.00..67604.59 rows=127353 width=4) (actual time=0.024..1086.008 rows=128696 loops=1)
              Filter: (production_year = 2009)
              Rows Removed by Filter: 2399616
Planning time: 0.772 ms
Execution time: 17928.149 ms
