Hash Join  (cost=275373.85..1651663.29 rows=28931526 width=0) (actual time=5817.912..59692.488 rows=94886921 loops=1)
  Hash Cond: (ci.movie_id = t.id)
  ->  Seq Scan on cast_info ci  (cost=0.00..614943.12 rows=36225612 width=4) (actual time=0.016..13380.682 rows=36244344 loops=1)
  ->  Hash  (cost=242242.30..242242.30 rows=2019404 width=8) (actual time=5816.604..5816.604 rows=2026464 loops=1)
        Buckets: 131072  Batches: 32  Memory Usage: 3482kB
        ->  Hash Join  (cost=102767.86..242242.30 rows=2019404 width=8) (actual time=2062.873..5307.480 rows=2026464 loops=1)
              Hash Cond: (mk.movie_id = t.id)
              ->  Seq Scan on movie_keyword mk  (cost=0.00..81003.12 rows=2019404 width=4) (actual time=0.024..1471.803 rows=2026464 loops=1)
                    Filter: (keyword_id < 3628)
                    Rows Removed by Filter: 2497466
              ->  Hash  (cost=61283.27..61283.27 rows=2528527 width=4) (actual time=2061.453..2061.453 rows=2528312 loops=1)
                    Buckets: 131072  Batches: 64  Memory Usage: 2425kB
                    ->  Seq Scan on title t  (cost=0.00..61283.27 rows=2528527 width=4) (actual time=0.021..1203.541 rows=2528312 loops=1)
Planning time: 1.073 ms
Execution time: 69548.651 ms
