Seq Scan on movie_companies mc  (cost=0.00..51404.11 rows=33918 width=0) (actual time=546.290..767.342 rows=32748 loops=1)
  Filter: (company_id > 205409)
  Rows Removed by Filter: 2576381
Planning time: 0.304 ms
Execution time: 771.472 ms
