Hash Join  (cost=217517.61..803958.35 rows=6694508 width=0) (actual time=4952.397..24960.385 rows=17918341 loops=1)
  Hash Cond: (mi.movie_id = t.id)
  ->  Seq Scan on movie_info mi  (cost=0.00..346232.03 rows=14592968 width=4) (actual time=0.027..7458.449 rows=14637966 loops=1)
        Filter: (info_type_id < 107)
        Rows Removed by Filter: 197754
  ->  Hash  (cost=198486.13..198486.13 rows=1159959 width=8) (actual time=4951.229..4951.229 rows=1265771 loops=1)
        Buckets: 131072 (originally 131072)  Batches: 32 (originally 16)  Memory Usage: 3073kB
        ->  Hash Join  (cost=102767.86..198486.13 rows=1159959 width=8) (actual time=2145.717..4544.694 rows=1265771 loops=1)
              Hash Cond: (mc.movie_id = t.id)
              ->  Seq Scan on movie_companies mc  (cost=0.00..57926.93 rows=1159959 width=4) (actual time=285.950..1178.318 rows=1265771 loops=1)
                    Filter: ((company_id > 160) AND (company_type_id = 2))
                    Rows Removed by Filter: 1343358
              ->  Hash  (cost=61283.27..61283.27 rows=2528527 width=4) (actual time=1858.427..1858.427 rows=2528312 loops=1)
                    Buckets: 131072  Batches: 64  Memory Usage: 2415kB
                    ->  Seq Scan on title t  (cost=0.00..61283.27 rows=2528527 width=4) (actual time=0.014..1019.995 rows=2528312 loops=1)
Planning time: 1.199 ms
Execution time: 27050.085 ms
