Seq Scan on movie_keyword mk  (cost=0.00..81003.12 rows=563402 width=0) (actual time=0.035..1324.438 rows=560623 loops=1)
  Filter: (keyword_id > 32816)
  Rows Removed by Filter: 3963307
Planning time: 2.568 ms
Execution time: 1393.830 ms
