Seq Scan on movie_companies mc  (cost=0.00..57926.93 rows=936226 width=0) (actual time=0.013..1011.426 rows=781509 loops=1)
  Filter: ((company_id > 1263) AND (company_type_id < 2))
  Rows Removed by Filter: 1827620
Planning time: 0.301 ms
Execution time: 1111.603 ms
