Seq Scan on movie_companies mc  (cost=0.00..57926.93 rows=53 width=0) (actual time=927.085..972.468 rows=40 loops=1)
  Filter: ((company_type_id > 1) AND (company_id = 84762))
  Rows Removed by Filter: 2609089
Planning time: 0.395 ms
Execution time: 972.558 ms
