Hash Join  (cost=58375.85..85286.62 rows=29 width=0) (actual time=1052.923..1345.178 rows=78 loops=1)
  Hash Cond: (mi_idx.movie_id = t.id)
  ->  Seq Scan on movie_info_idx mi_idx  (cost=0.00..21735.35 rows=1380035 width=4) (actual time=0.024..262.377 rows=1380035 loops=1)
  ->  Hash  (cost=58375.18..58375.18 rows=53 width=8) (actual time=840.731..840.731 rows=41 loops=1)
        Buckets: 1024  Batches: 1  Memory Usage: 10kB
        ->  Nested Loop  (cost=0.43..58375.18 rows=53 width=8) (actual time=8.155..840.695 rows=41 loops=1)
              ->  Seq Scan on movie_companies mc  (cost=0.00..57926.93 rows=53 width=4) (actual time=8.091..839.876 rows=41 loops=1)
                    Filter: ((company_id = 74949) AND (company_type_id = 2))
                    Rows Removed by Filter: 2609088
              ->  Index Only Scan using title_pkey on title t  (cost=0.43..8.45 rows=1 width=4) (actual time=0.018..0.018 rows=1 loops=41)
                    Index Cond: (id = mc.movie_id)
                    Heap Fetches: 41
Planning time: 1.221 ms
Execution time: 1345.293 ms
