Nested Loop  (cost=0.43..113578.71 rows=13 width=0) (actual time=47.526..1335.999 rows=111 loops=1)
  ->  Seq Scan on movie_keyword mk  (cost=0.00..81003.12 rows=4373 width=4) (actual time=0.244..1219.161 rows=4246 loops=1)
        Filter: (keyword_id = 7281)
        Rows Removed by Filter: 4519684
  ->  Index Scan using title_pkey on title t  (cost=0.43..7.44 rows=1 width=4) (actual time=0.027..0.027 rows=0 loops=4246)
        Index Cond: (id = mk.movie_id)
        Filter: (production_year = 1991)
        Rows Removed by Filter: 1
Planning time: 0.710 ms
Execution time: 1336.186 ms
