Hash Join  (cost=85377.17..126454.91 rows=253684 width=0) (actual time=1416.866..2445.635 rows=145724 loops=1)
  Hash Cond: (mi_idx.movie_id = t.id)
  ->  Seq Scan on movie_info_idx mi_idx  (cost=0.00..25185.44 rows=919057 width=4) (actual time=0.020..505.030 rows=920110 loops=1)
        Filter: (info_type_id > 99)
        Rows Removed by Filter: 459925
  ->  Hash  (cost=73925.90..73925.90 rows=697941 width=4) (actual time=1414.747..1414.747 rows=604056 loops=1)
        Buckets: 131072  Batches: 16  Memory Usage: 2349kB
        ->  Seq Scan on title t  (cost=0.00..73925.90 rows=697941 width=4) (actual time=0.021..1228.219 rows=604056 loops=1)
              Filter: ((kind_id > 4) AND (production_year < 2002))
              Rows Removed by Filter: 1924256
Planning time: 2.250 ms
Execution time: 2463.608 ms
