Seq Scan on movie_companies mc  (cost=0.00..57926.93 rows=870054 width=0) (actual time=0.023..1028.854 rows=550369 loops=1)
  Filter: ((company_id < 20764) AND (company_type_id = 2))
  Rows Removed by Filter: 2058760
Planning time: 0.370 ms
Execution time: 1098.349 ms
