Hash Join  (cost=74176.23..101196.01 rows=10930 width=0) (actual time=763.507..1357.717 rows=14373 loops=1)
  Hash Cond: (mi_idx.movie_id = t.id)
  ->  Seq Scan on movie_info_idx mi_idx  (cost=0.00..21735.35 rows=1380035 width=4) (actual time=0.026..295.143 rows=1380035 loops=1)
  ->  Hash  (cost=73925.90..73925.90 rows=20026 width=4) (actual time=763.267..763.267 rows=73351 loops=1)
        Buckets: 131072 (originally 32768)  Batches: 1 (originally 1)  Memory Usage: 3603kB
        ->  Seq Scan on title t  (cost=0.00..73925.90 rows=20026 width=4) (actual time=66.899..734.908 rows=73351 loops=1)
              Filter: ((production_year < 1917) AND (kind_id = 1))
              Rows Removed by Filter: 2454961
Planning time: 0.742 ms
Execution time: 1359.609 ms
