Hash Join  (cost=510035.48..655419.41 rows=1794362 width=0) (actual time=9370.208..13580.391 rows=3482331 loops=1)
  Hash Cond: (mk.movie_id = t.id)
  ->  Seq Scan on movie_keyword mk  (cost=0.00..81003.12 rows=3589118 width=4) (actual time=0.020..1726.318 rows=3581390 loops=1)
        Filter: (keyword_id < 20124)
        Rows Removed by Filter: 942540
  ->  Hash  (cost=489295.91..489295.91 rows=1264125 width=8) (actual time=9368.280..9368.280 rows=1288928 loops=1)
        Buckets: 131072  Batches: 32  Memory Usage: 2594kB
        ->  Hash Join  (cost=102767.86..489295.91 rows=1264125 width=8) (actual time=3517.225..8985.712 rows=1288928 loops=1)
              Hash Cond: (mi.movie_id = t.id)
              ->  Seq Scan on movie_info mi  (cost=0.00..346232.03 rows=1264125 width=4) (actual time=1474.921..5412.843 rows=1288928 loops=1)
                    Filter: (info_type_id = 2)
                    Rows Removed by Filter: 13546792
              ->  Hash  (cost=61283.27..61283.27 rows=2528527 width=4) (actual time=2041.029..2041.029 rows=2528312 loops=1)
                    Buckets: 131072  Batches: 64  Memory Usage: 2425kB
                    ->  Seq Scan on title t  (cost=0.00..61283.27 rows=2528527 width=4) (actual time=0.031..1175.858 rows=2528312 loops=1)
Planning time: 1.150 ms
Execution time: 13944.181 ms
