Nested Loop  (cost=0.43..797179.11 rows=131 width=0) (actual time=8608.427..13470.023 rows=188 loops=1)
  ->  Seq Scan on cast_info ci  (cost=0.00..796071.18 rows=131 width=4) (actual time=8608.244..13467.324 rows=188 loops=1)
        Filter: ((role_id > 4) AND (person_id = 3775829))
        Rows Removed by Filter: 36244156
  ->  Index Only Scan using title_pkey on title t  (cost=0.43..8.45 rows=1 width=4) (actual time=0.013..0.013 rows=1 loops=188)
        Index Cond: (id = ci.movie_id)
        Heap Fetches: 188
Planning time: 0.608 ms
Execution time: 13470.137 ms
