Hash Join  (cost=198765.59..265516.27 rows=61557 width=0) (actual time=3914.034..5412.203 rows=615188 loops=1)
  Hash Cond: (mc.movie_id = t.id)
  ->  Seq Scan on movie_companies mc  (cost=0.00..51404.11 rows=1231199 width=4) (actual time=0.019..1006.447 rows=1219174 loops=1)
        Filter: (company_id < 11138)
        Rows Removed by Filter: 1389955
  ->  Hash  (cost=196691.32..196691.32 rows=126421 width=8) (actual time=3815.217..3815.217 rows=122953 loops=1)
        Buckets: 131072  Batches: 2  Memory Usage: 3424kB
        ->  Hash Join  (cost=102767.86..196691.32 rows=126421 width=8) (actual time=1904.974..3776.386 rows=122953 loops=1)
              Hash Cond: (mk.movie_id = t.id)
              ->  Seq Scan on movie_keyword mk  (cost=0.00..81003.12 rows=126421 width=4) (actual time=0.030..1375.017 rows=122953 loops=1)
                    Filter: (keyword_id > 77503)
                    Rows Removed by Filter: 4400977
              ->  Hash  (cost=61283.27..61283.27 rows=2528527 width=4) (actual time=1903.855..1903.855 rows=2528312 loops=1)
                    Buckets: 131072  Batches: 64  Memory Usage: 2425kB
                    ->  Seq Scan on title t  (cost=0.00..61283.27 rows=2528527 width=4) (actual time=0.010..1052.094 rows=2528312 loops=1)
Planning time: 1.113 ms
Execution time: 5488.393 ms
