Seq Scan on movie_companies mc  (cost=0.00..51404.11 rows=1141016 width=0) (actual time=0.019..903.409 rows=1136934 loops=1)
  Filter: (company_id < 8488)
  Rows Removed by Filter: 1472195
Planning time: 0.330 ms
Execution time: 1045.570 ms
