Hash Join  (cost=84417.00..526740.66 rows=2390006 width=0) (actual time=1701.317..12733.493 rows=2978622 loops=1)
  Hash Cond: (mi.movie_id = t.id)
  ->  Seq Scan on movie_info mi  (cost=0.00..346232.03 rows=5897221 width=4) (actual time=95.635..6168.726 rows=5884963 loops=1)
        Filter: (info_type_id < 7)
        Rows Removed by Filter: 8950757
  ->  Hash  (cost=67604.59..67604.59 rows=1024753 width=4) (actual time=1604.776..1604.776 rows=1021752 loops=1)
        Buckets: 131072  Batches: 16  Memory Usage: 3282kB
        ->  Seq Scan on title t  (cost=0.00..67604.59 rows=1024753 width=4) (actual time=0.028..1271.185 rows=1021752 loops=1)
              Filter: (production_year < 2000)
              Rows Removed by Filter: 1506560
Planning time: 0.814 ms
Execution time: 13069.765 ms
