Hash Join  (cost=178288.07..697647.62 rows=3706863 width=0) (actual time=4687.205..17850.440 rows=2332158 loops=1)
  Hash Cond: (mi.movie_id = t.id)
  ->  Seq Scan on movie_info mi  (cost=0.00..309384.22 rows=14739122 width=4) (actual time=0.019..6091.613 rows=14835720 loops=1)
  ->  Hash  (cost=167854.07..167854.07 rows=635920 width=8) (actual time=4686.161..4686.161 rows=266135 loops=1)
        Buckets: 131072  Batches: 16  Memory Usage: 1661kB
        ->  Hash Join  (cost=84037.34..167854.07 rows=635920 width=8) (actual time=1610.988..4607.290 rows=266135 loops=1)
              Hash Cond: (mc.movie_id = t.id)
              ->  Seq Scan on movie_companies mc  (cost=0.00..44881.29 rows=2609129 width=4) (actual time=0.020..910.456 rows=2609129 loops=1)
              ->  Hash  (cost=73925.90..73925.90 rows=616275 width=4) (actual time=1425.334..1425.334 rows=676927 loops=1)
                    Buckets: 131072  Batches: 16  Memory Usage: 2516kB
                    ->  Seq Scan on title t  (cost=0.00..73925.90 rows=616275 width=4) (actual time=292.524..1215.701 rows=676927 loops=1)
                          Filter: ((production_year > 2005) AND (kind_id = 7))
                          Rows Removed by Filter: 1851385
Planning time: 1.240 ms
Execution time: 18112.951 ms
