Seq Scan on cast_info ci  (cost=0.00..796071.18 rows=10974778 width=0) (actual time=3191.471..16233.307 rows=9151659 loops=1)
  Filter: ((person_id > 472391) AND (role_id < 2))
  Rows Removed by Filter: 27092685
Planning time: 0.340 ms
Execution time: 17314.297 ms
