Nested Loop  (cost=0.43..62964.64 rows=607 width=0) (actual time=110.798..796.640 rows=1097 loops=1)
  ->  Seq Scan on movie_companies mc  (cost=0.00..57926.93 rows=607 width=4) (actual time=110.722..782.587 rows=1097 loops=1)
        Filter: ((company_id > 233924) AND (company_type_id > 1))
        Rows Removed by Filter: 2608032
  ->  Index Only Scan using title_pkey on title t  (cost=0.43..8.29 rows=1 width=4) (actual time=0.011..0.011 rows=1 loops=1097)
        Index Cond: (id = mc.movie_id)
        Heap Fetches: 1097
Planning time: 3.060 ms
Execution time: 796.927 ms
