Seq Scan on cast_info ci  (cost=0.00..796071.18 rows=101 width=0) (actual time=6645.460..10327.937 rows=1 loops=1)
  Filter: ((person_id = 2065762) AND (role_id = 2))
  Rows Removed by Filter: 36244343
Planning time: 0.469 ms
Execution time: 10328.071 ms
