Seq Scan on cast_info ci  (cost=0.00..796071.18 rows=324 width=0) (actual time=6318.155..14043.107 rows=1 loops=1)
  Filter: ((role_id > 1) AND (person_id = 2199190))
  Rows Removed by Filter: 36244343
Planning time: 0.405 ms
Execution time: 14043.229 ms
