Seq Scan on movie_keyword mk  (cost=0.00..81003.12 rows=1923351 width=0) (actual time=0.029..1270.206 rows=1942847 loops=1)
  Filter: (keyword_id < 3341)
  Rows Removed by Filter: 2581083
Planning time: 0.330 ms
Execution time: 1511.679 ms
