Hash Join  (cost=128786.93..493772.09 rows=32923 width=0) (actual time=2426.752..10253.579 rows=103407 loops=1)
  Hash Cond: (mi.movie_id = t.id)
  ->  Seq Scan on movie_info mi  (cost=0.00..309384.22 rows=14739122 width=4) (actual time=0.016..4650.104 rows=14835720 loops=1)
  ->  Hash  (cost=128716.33..128716.33 rows=5648 width=8) (actual time=2425.729..2425.729 rows=9754 loops=1)
        Buckets: 16384 (originally 8192)  Batches: 1 (originally 1)  Memory Usage: 510kB
        ->  Hash Join  (cost=73994.33..128716.33 rows=5648 width=8) (actual time=1217.739..2421.591 rows=9754 loops=1)
              Hash Cond: (mc.movie_id = t.id)
              ->  Seq Scan on movie_companies mc  (cost=0.00..44881.29 rows=2609129 width=4) (actual time=1.371..657.072 rows=2609129 loops=1)
              ->  Hash  (cost=73925.90..73925.90 rows=5474 width=4) (actual time=1216.155..1216.155 rows=7792 loops=1)
                    Buckets: 8192  Batches: 1  Memory Usage: 338kB
                    ->  Seq Scan on title t  (cost=0.00..73925.90 rows=5474 width=4) (actual time=0.222..1212.276 rows=7792 loops=1)
                          Filter: ((kind_id > 1) AND (production_year = 1963))
                          Rows Removed by Filter: 2520520
Planning time: 0.777 ms
Execution time: 10268.064 ms
