Hash Join  (cost=93117.31..961315.35 rows=2142162 width=0) (actual time=6479.209..20798.534 rows=4107139 loops=1)
  Hash Cond: (ci.movie_id = t.id)
  ->  Seq Scan on cast_info ci  (cost=0.00..796071.18 rows=3483248 width=4) (actual time=4318.379..12996.455 rows=7790890 loops=1)
        Filter: ((person_id > 2898559) AND (role_id > 2))
        Rows Removed by Filter: 28453454
  ->  Hash  (cost=67604.59..67604.59 rows=1555018 width=4) (actual time=2038.903..2038.903 rows=1551727 loops=1)
        Buckets: 131072  Batches: 32  Memory Usage: 2728kB
        ->  Seq Scan on title t  (cost=0.00..67604.59 rows=1555018 width=4) (actual time=0.022..1252.200 rows=1551727 loops=1)
              Filter: (production_year < 2007)
              Rows Removed by Filter: 976585
Planning time: 0.749 ms
Execution time: 21261.183 ms
