Nested Loop  (cost=0.43..83072.90 rows=31 width=0) (actual time=1.924..1274.898 rows=198 loops=1)
  ->  Seq Scan on movie_keyword mk  (cost=0.00..81003.12 rows=246 width=4) (actual time=1.580..1254.099 rows=474 loops=1)
        Filter: (keyword_id = 2903)
        Rows Removed by Filter: 4523456
  ->  Index Scan using title_pkey on title t  (cost=0.43..8.40 rows=1 width=4) (actual time=0.042..0.042 rows=0 loops=474)
        Index Cond: (id = mk.movie_id)
        Filter: ((kind_id < 7) AND (production_year < 1995))
        Rows Removed by Filter: 1
Planning time: 0.749 ms
Execution time: 1275.153 ms
