Hash Join  (cost=83074.74..447745.01 rows=1434 width=0) (actual time=1247.525..8146.841 rows=28542 loops=1)
  Hash Cond: (mi.movie_id = t.id)
  ->  Seq Scan on movie_info mi  (cost=0.00..309384.22 rows=14739122 width=4) (actual time=0.025..4162.228 rows=14835720 loops=1)
  ->  Hash  (cost=83071.67..83071.67 rows=246 width=8) (actual time=1245.714..1245.714 rows=392 loops=1)
        Buckets: 1024  Batches: 1  Memory Usage: 24kB
        ->  Nested Loop  (cost=0.43..83071.67 rows=246 width=8) (actual time=2.334..1245.353 rows=392 loops=1)
              ->  Seq Scan on movie_keyword mk  (cost=0.00..81003.12 rows=246 width=4) (actual time=2.284..1230.697 rows=392 loops=1)
                    Filter: (keyword_id = 2056)
                    Rows Removed by Filter: 4523538
              ->  Index Only Scan using title_pkey on title t  (cost=0.43..8.40 rows=1 width=4) (actual time=0.034..0.035 rows=1 loops=392)
                    Index Cond: (id = mk.movie_id)
                    Heap Fetches: 392
Planning time: 3.467 ms
Execution time: 8151.701 ms
