Hash Join  (cost=95266.94..848428.62 rows=237255 width=0) (actual time=1591.096..17188.709 rows=36456 loops=1)
  Hash Cond: (ci.movie_id = t.id)
  ->  Seq Scan on cast_info ci  (cost=0.00..614943.12 rows=36225612 width=4) (actual time=0.021..8197.507 rows=36244344 loops=1)
  ->  Hash  (cost=95059.94..95059.94 rows=16560 width=8) (actual time=1590.010..1590.010 rows=10038 loops=1)
        Buckets: 32768  Batches: 1  Memory Usage: 649kB
        ->  Hash Join  (cost=67983.86..95059.94 rows=16560 width=8) (actual time=947.840..1586.113 rows=10038 loops=1)
              Hash Cond: (mi_idx.movie_id = t.id)
              ->  Seq Scan on movie_info_idx mi_idx  (cost=0.00..21735.35 rows=1380035 width=4) (actual time=0.025..305.574 rows=1380035 loops=1)
              ->  Hash  (cost=67604.59..67604.59 rows=30342 width=4) (actual time=947.632..947.632 rows=29105 loops=1)
                    Buckets: 32768  Batches: 1  Memory Usage: 1280kB
                    ->  Seq Scan on title t  (cost=0.00..67604.59 rows=30342 width=4) (actual time=178.932..936.771 rows=29105 loops=1)
                          Filter: (production_year < 1911)
                          Rows Removed by Filter: 2499207
Planning time: 1.228 ms
Execution time: 17194.635 ms
