Seq Scan on movie_keyword mk  (cost=0.00..81003.12 rows=4290218 width=0) (actual time=5.354..1609.966 rows=4289662 loops=1)
  Filter: (keyword_id < 62749)
  Rows Removed by Filter: 234268
Planning time: 0.333 ms
Execution time: 2155.152 ms
