Hash Join  (cost=73970.35..160692.01 rows=6362 width=0) (actual time=1072.255..2858.948 rows=2728 loops=1)
  Hash Cond: (mk.movie_id = t.id)
  ->  Seq Scan on movie_keyword mk  (cost=0.00..69693.30 rows=4523930 width=4) (actual time=0.014..959.419 rows=4523930 loops=1)
  ->  Hash  (cost=73925.90..73925.90 rows=3556 width=4) (actual time=1069.640..1069.640 rows=7687 loops=1)
        Buckets: 8192 (originally 4096)  Batches: 1 (originally 1)  Memory Usage: 335kB
        ->  Seq Scan on title t  (cost=0.00..73925.90 rows=3556 width=4) (actual time=493.538..1066.222 rows=7687 loops=1)
              Filter: ((kind_id < 7) AND (production_year < 1901))
              Rows Removed by Filter: 2520625
Planning time: 0.777 ms
Execution time: 2859.718 ms
