Seq Scan on cast_info ci  (cost=0.00..705507.15 rows=33981752 width=0) (actual time=0.027..13343.642 rows=34062569 loops=1)
  Filter: (person_id > 213449)
  Rows Removed by Filter: 2181775
Planning time: 0.343 ms
Execution time: 17476.251 ms
