Seq Scan on movie_companies mc  (cost=0.00..57926.93 rows=53 width=0) (actual time=351.616..812.210 rows=70 loops=1)
  Filter: ((company_type_id > 1) AND (company_id = 212))
  Rows Removed by Filter: 2609059
Planning time: 0.383 ms
Execution time: 812.357 ms
