Nested Loop  (cost=0.43..83071.67 rows=246 width=0) (actual time=57.045..805.696 rows=24 loops=1)
  ->  Seq Scan on movie_keyword mk  (cost=0.00..81003.12 rows=246 width=4) (actual time=56.962..804.658 rows=24 loops=1)
        Filter: (keyword_id = 14726)
        Rows Removed by Filter: 4523906
  ->  Index Only Scan using title_pkey on title t  (cost=0.43..8.40 rows=1 width=4) (actual time=0.038..0.038 rows=1 loops=24)
        Index Cond: (id = mk.movie_id)
        Heap Fetches: 24
Planning time: 0.705 ms
Execution time: 805.785 ms
