Hash Join  (cost=101955.62..849773.40 rows=125006 width=0) (actual time=1863.525..16216.861 rows=271048 loops=1)
  Hash Cond: (ci.movie_id = t.id)
  ->  Seq Scan on cast_info ci  (cost=0.00..705507.15 rows=10949486 width=4) (actual time=0.025..11454.323 rows=10945143 loops=1)
        Filter: (person_id > 2610346)
        Rows Removed by Filter: 25299201
  ->  Hash  (cost=101594.78..101594.78 rows=28867 width=8) (actual time=1863.257..1863.257 rows=20683 loops=1)
        Buckets: 32768  Batches: 1  Memory Usage: 1064kB
        ->  Hash Join  (cost=70241.71..101594.78 rows=28867 width=8) (actual time=1154.233..1855.105 rows=20683 loops=1)
              Hash Cond: (mi_idx.movie_id = t.id)
              ->  Seq Scan on movie_info_idx mi_idx  (cost=0.00..25185.44 rows=454124 width=4) (actual time=0.018..480.024 rows=459925 loops=1)
                    Filter: (info_type_id = 100)
                    Rows Removed by Filter: 920110
              ->  Hash  (cost=67604.59..67604.59 rows=160730 width=4) (actual time=1153.241..1153.241 rows=160017 loops=1)
                    Buckets: 131072  Batches: 4  Memory Usage: 2436kB
                    ->  Seq Scan on title t  (cost=0.00..67604.59 rows=160730 width=4) (actual time=0.012..1097.334 rows=160017 loops=1)
                          Filter: (production_year = 2011)
                          Rows Removed by Filter: 2368295
Planning time: 1.195 ms
Execution time: 16255.903 ms
