Nested Loop  (cost=25190.47..106244.60 rows=1 width=0) (actual time=1477.907..1646.664 rows=1 loops=1)
  ->  Hash Join  (cost=25190.04..106236.22 rows=1 width=8) (actual time=498.292..1646.166 rows=8 loops=1)
        Hash Cond: (mk.movie_id = mi_idx.movie_id)
        ->  Seq Scan on movie_keyword mk  (cost=0.00..81003.12 rows=246 width=4) (actual time=1.281..1233.638 rows=838 loops=1)
              Filter: (keyword_id = 12346)
              Rows Removed by Filter: 4523092
        ->  Hash  (cost=25185.44..25185.44 rows=368 width=4) (actual time=411.993..411.993 rows=260 loops=1)
              Buckets: 1024  Batches: 1  Memory Usage: 18kB
              ->  Seq Scan on movie_info_idx mi_idx  (cost=0.00..25185.44 rows=368 width=4) (actual time=261.078..411.898 rows=260 loops=1)
                    Filter: (info_type_id > 101)
                    Rows Removed by Filter: 1379775
  ->  Index Scan using title_pkey on title t  (cost=0.43..8.36 rows=1 width=4) (actual time=0.052..0.052 rows=0 loops=8)
        Index Cond: (id = mi_idx.movie_id)
        Filter: (production_year > 2007)
        Rows Removed by Filter: 1
Planning time: 4.022 ms
Execution time: 1646.806 ms
