Seq Scan on movie_keyword mk  (cost=0.00..81003.12 rows=246 width=0) (actual time=0.202..1224.937 rows=335 loops=1)
  Filter: (keyword_id = 18430)
  Rows Removed by Filter: 4523595
Planning time: 0.378 ms
Execution time: 1225.197 ms
