Seq Scan on movie_companies mc  (cost=0.00..51404.11 rows=77758 width=0) (actual time=262.729..836.364 rows=77269 loops=1)
  Filter: (company_id > 171720)
  Rows Removed by Filter: 2531860
Planning time: 0.340 ms
Execution time: 846.064 ms
