Hash Join  (cost=67942.77..161740.84 rows=35495 width=0) (actual time=1000.501..3080.187 rows=46875 loops=1)
  Hash Cond: (mk.movie_id = t.id)
  ->  Seq Scan on movie_keyword mk  (cost=0.00..81003.12 rows=3317331 width=4) (actual time=0.024..1516.098 rows=3308835 loops=1)
        Filter: (keyword_id < 15022)
        Rows Removed by Filter: 1215095
  ->  Hash  (cost=67604.59..67604.59 rows=27055 width=4) (actual time=999.830..999.830 rows=26775 loops=1)
        Buckets: 32768  Batches: 1  Memory Usage: 1198kB
        ->  Seq Scan on title t  (cost=0.00..67604.59 rows=27055 width=4) (actual time=0.068..987.645 rows=26775 loops=1)
              Filter: (production_year = 1993)
              Rows Removed by Filter: 2501537
Planning time: 0.761 ms
Execution time: 3086.764 ms
