Hash Join  (cost=84618.84..128414.51 rows=355719 width=0) (actual time=1434.137..2854.183 rows=758992 loops=1)
  Hash Cond: (mi_idx.movie_id = t.id)
  ->  Seq Scan on movie_info_idx mi_idx  (cost=0.00..21735.35 rows=1380035 width=4) (actual time=0.009..472.665 rows=1380035 loops=1)
  ->  Hash  (cost=73925.90..73925.90 rows=651755 width=4) (actual time=1432.993..1432.993 rows=711179 loops=1)
        Buckets: 131072  Batches: 16  Memory Usage: 2590kB
        ->  Seq Scan on title t  (cost=0.00..73925.90 rows=651755 width=4) (actual time=0.014..1201.261 rows=711179 loops=1)
              Filter: ((kind_id < 7) AND (production_year < 2008))
              Rows Removed by Filter: 1817133
Planning time: 0.783 ms
Execution time: 2944.188 ms
