Hash Join  (cost=914992.93..987426.59 rows=70002 width=0) (actual time=13016.087..14596.290 rows=80262 loops=1)
  Hash Cond: (mc.movie_id = t.id)
  ->  Seq Scan on movie_companies mc  (cost=0.00..57926.93 rows=1141523 width=4) (actual time=0.012..1153.028 rows=963499 loops=1)
        Filter: ((company_id < 85266) AND (company_type_id = 2))
        Rows Removed by Filter: 1645630
  ->  Hash  (cost=912448.71..912448.71 rows=155057 width=8) (actual time=13015.373..13015.373 rows=145545 loops=1)
        Buckets: 131072  Batches: 4  Memory Usage: 2447kB
        ->  Hash Join  (cost=102767.86..912448.71 rows=155057 width=8) (actual time=5099.853..12968.744 rows=145545 loops=1)
              Hash Cond: (ci.movie_id = t.id)
              ->  Seq Scan on cast_info ci  (cost=0.00..796071.18 rows=155057 width=4) (actual time=3172.737..10531.276 rows=145545 loops=1)
                    Filter: ((person_id < 302745) AND (role_id = 8))
                    Rows Removed by Filter: 36098799
              ->  Hash  (cost=61283.27..61283.27 rows=2528527 width=4) (actual time=1925.853..1925.853 rows=2528312 loops=1)
                    Buckets: 131072  Batches: 64  Memory Usage: 2415kB
                    ->  Seq Scan on title t  (cost=0.00..61283.27 rows=2528527 width=4) (actual time=0.030..1048.698 rows=2528312 loops=1)
Planning time: 1.150 ms
Execution time: 14607.495 ms
