Hash Join  (cost=74478.21..164005.73 rows=37953 width=0) (actual time=1171.026..3046.927 rows=73047 loops=1)
  Hash Cond: (mk.movie_id = t.id)
  ->  Seq Scan on movie_keyword mk  (cost=0.00..81003.12 rows=2171964 width=4) (actual time=0.025..1492.889 rows=2172624 loops=1)
        Filter: (keyword_id > 5265)
        Rows Removed by Filter: 2351306
  ->  Hash  (cost=73925.90..73925.90 rows=44184 width=4) (actual time=1170.636..1170.636 rows=35489 loops=1)
        Buckets: 65536  Batches: 1  Memory Usage: 1760kB
        ->  Seq Scan on title t  (cost=0.00..73925.90 rows=44184 width=4) (actual time=0.041..1155.981 rows=35489 loops=1)
              Filter: ((kind_id < 7) AND (production_year = 2007))
              Rows Removed by Filter: 2492823
Planning time: 0.736 ms
Execution time: 3056.824 ms
