Hash Join  (cost=920732.39..1296077.00 rows=257677 width=0) (actual time=18481.456..23655.932 rows=589016 loops=1)
  Hash Cond: (mi.movie_id = t.id)
  ->  Seq Scan on movie_info mi  (cost=0.00..346232.03 rows=2194617 width=4) (actual time=1487.572..5550.453 rows=2233850 loops=1)
        Filter: (info_type_id > 16)
        Rows Removed by Filter: 12601870
  ->  Hash  (cost=915861.37..915861.37 rows=296882 width=8) (actual time=16992.997..16992.997 rows=110134 loops=1)
        Buckets: 131072  Batches: 4  Memory Usage: 2104kB
        ->  Hash Join  (cost=102767.86..915861.37 rows=296882 width=8) (actual time=7496.713..16961.856 rows=110134 loops=1)
              Hash Cond: (ci.movie_id = t.id)
              ->  Seq Scan on cast_info ci  (cost=0.00..796071.18 rows=296882 width=4) (actual time=5348.678..14398.891 rows=110134 loops=1)
                    Filter: ((person_id < 3093621) AND (role_id > 10))
                    Rows Removed by Filter: 36134210
              ->  Hash  (cost=61283.27..61283.27 rows=2528527 width=4) (actual time=2146.490..2146.490 rows=2528312 loops=1)
                    Buckets: 131072  Batches: 64  Memory Usage: 2415kB
                    ->  Seq Scan on title t  (cost=0.00..61283.27 rows=2528527 width=4) (actual time=0.021..1026.646 rows=2528312 loops=1)
Planning time: 1.305 ms
Execution time: 23728.729 ms
