Nested Loop  (cost=40265.08..144374.77 rows=11265 width=0) (actual time=809.319..3096.751 rows=33357 loops=1)
  Join Filter: (mc.movie_id = t.id)
  ->  Hash Join  (cost=40264.65..102135.67 rows=64163 width=8) (actual time=809.288..2535.594 rows=33829 loops=1)
        Hash Cond: (mc.movie_id = mi_idx.movie_id)
        ->  Seq Scan on movie_companies mc  (cost=0.00..51404.11 rows=34093 width=4) (actual time=0.713..811.082 rows=36136 loops=1)
              Filter: (company_id = 160)
              Rows Removed by Filter: 2572993
        ->  Hash  (cost=25185.44..25185.44 rows=919057 width=4) (actual time=807.806..807.806 rows=920110 loops=1)
              Buckets: 131072  Batches: 16  Memory Usage: 3045kB
              ->  Seq Scan on movie_info_idx mi_idx  (cost=0.00..25185.44 rows=919057 width=4) (actual time=0.017..534.516 rows=920110 loops=1)
                    Filter: (info_type_id > 99)
                    Rows Removed by Filter: 459925
  ->  Index Scan using title_pkey on title t  (cost=0.43..0.65 rows=1 width=4) (actual time=0.016..0.016 rows=1 loops=33829)
        Index Cond: (id = mi_idx.movie_id)
        Filter: (production_year > 1950)
        Rows Removed by Filter: 0
Planning time: 1.087 ms
Execution time: 3103.356 ms
