Hash Join  (cost=157072.21..1056502.81 rows=581876 width=0) (actual time=7895.129..25523.272 rows=2867089 loops=1)
  Hash Cond: (ci.movie_id = t.id)
  ->  Seq Scan on cast_info ci  (cost=0.00..796071.18 rows=8376441 width=4) (actual time=4164.972..15068.434 rows=11270449 loops=1)
        Filter: ((person_id > 1717300) AND (role_id > 2))
        Rows Removed by Filter: 24973895
  ->  Hash  (cost=154189.64..154189.64 rows=175646 width=8) (actual time=3728.486..3728.486 rows=639513 loops=1)
        Buckets: 131072 (originally 131072)  Batches: 16 (originally 4)  Memory Usage: 3073kB
        ->  Hash Join  (cost=76718.65..154189.64 rows=175646 width=8) (actual time=1238.552..3539.404 rows=639513 loops=1)
              Hash Cond: (mc.movie_id = t.id)
              ->  Seq Scan on movie_companies mc  (cost=0.00..44881.29 rows=2609129 width=4) (actual time=0.022..994.277 rows=2609129 loops=1)
              ->  Hash  (cost=73925.90..73925.90 rows=170220 width=4) (actual time=1237.772..1237.772 rows=305766 loops=1)
                    Buckets: 131072  Batches: 4  Memory Usage: 3713kB
                    ->  Seq Scan on title t  (cost=0.00..73925.90 rows=170220 width=4) (actual time=0.017..1137.759 rows=305766 loops=1)
                          Filter: ((production_year < 1988) AND (kind_id = 1))
                          Rows Removed by Filter: 2222546
Planning time: 1.069 ms
Execution time: 25904.673 ms
