Seq Scan on cast_info ci  (cost=0.00..796071.18 rows=396 width=0) (actual time=2274.799..13682.339 rows=167 loops=1)
  Filter: ((role_id < 8) AND (person_id = 611023))
  Rows Removed by Filter: 36244177
Planning time: 0.432 ms
Execution time: 13682.479 ms
