Hash Join  (cost=709673.50..796332.04 rows=50 width=0) (actual time=10231.992..11348.932 rows=3 loops=1)
  Hash Cond: (mk.movie_id = t.id)
  ->  Seq Scan on movie_keyword mk  (cost=0.00..69693.30 rows=4523930 width=4) (actual time=0.014..958.409 rows=4523930 loops=1)
  ->  Hash  (cost=709673.15..709673.15 rows=28 width=8) (actual time=9652.282..9652.282 rows=4 loops=1)
        Buckets: 1024  Batches: 1  Memory Usage: 9kB
        ->  Nested Loop  (cost=0.43..709673.15 rows=28 width=8) (actual time=2205.418..9652.233 rows=4 loops=1)
              ->  Seq Scan on cast_info ci  (cost=0.00..705507.15 rows=500 width=4) (actual time=747.930..9649.007 rows=325 loops=1)
                    Filter: (person_id = 3088300)
                    Rows Removed by Filter: 36244019
              ->  Index Scan using title_pkey on title t  (cost=0.43..8.32 rows=1 width=4) (actual time=0.009..0.009 rows=0 loops=325)
                    Index Cond: (id = ci.movie_id)
                    Filter: (production_year = 2010)
                    Rows Removed by Filter: 1
Planning time: 1.211 ms
Execution time: 11349.113 ms
