Seq Scan on movie_keyword mk  (cost=0.00..81003.12 rows=2244745 width=0) (actual time=0.027..1574.772 rows=2244535 loops=1)
  Filter: (keyword_id < 4620)
  Rows Removed by Filter: 2279395
Planning time: 0.317 ms
Execution time: 1857.316 ms
