Hash Join  (cost=177650.88..704680.86 rows=4425805 width=0) (actual time=4250.704..23279.440 rows=24473366 loops=1)
  Hash Cond: (mi.movie_id = t.id)
  ->  Seq Scan on movie_info mi  (cost=0.00..309384.22 rows=14739122 width=4) (actual time=0.019..6298.087 rows=14835720 loops=1)
  ->  Hash  (cost=165194.18..165194.18 rows=759256 width=8) (actual time=4249.745..4249.745 rows=1101353 loops=1)
        Buckets: 131072  Batches: 16  Memory Usage: 3758kB
        ->  Hash Join  (cost=79677.10..165194.18 rows=759256 width=8) (actual time=1459.503..3928.345 rows=1101353 loops=1)
              Hash Cond: (mc.movie_id = t.id)
              ->  Seq Scan on movie_companies mc  (cost=0.00..44881.29 rows=2609129 width=4) (actual time=0.019..821.042 rows=2609129 loops=1)
              ->  Hash  (cost=67604.59..67604.59 rows=735801 width=4) (actual time=1458.513..1458.513 rows=730985 loops=1)
                    Buckets: 131072  Batches: 16  Memory Usage: 2631kB
                    ->  Seq Scan on title t  (cost=0.00..67604.59 rows=735801 width=4) (actual time=0.022..1226.323 rows=730985 loops=1)
                          Filter: (production_year < 1992)
                          Rows Removed by Filter: 1797327
Planning time: 1.129 ms
Execution time: 25845.147 ms
