Nested Loop  (cost=44377.22..794969.41 rows=820 width=0) (actual time=4263.934..15560.287 rows=2667 loops=1)
  Join Filter: (ci.movie_id = t.id)
  ->  Hash Join  (cost=44376.79..763051.69 rows=53833 width=8) (actual time=4263.862..11248.967 rows=69473 loops=1)
        Hash Cond: (ci.movie_id = mi_idx.movie_id)
        ->  Seq Scan on cast_info ci  (cost=0.00..705507.15 rows=39591 width=4) (actual time=2867.545..9565.733 rows=53645 loops=1)
              Filter: (person_id > 4053716)
              Rows Removed by Filter: 36190699
        ->  Hash  (cost=21735.35..21735.35 rows=1380035 width=4) (actual time=1395.455..1395.455 rows=1380035 loops=1)
              Buckets: 131072  Batches: 32  Memory Usage: 2540kB
              ->  Seq Scan on movie_info_idx mi_idx  (cost=0.00..21735.35 rows=1380035 width=4) (actual time=0.012..516.621 rows=1380035 loops=1)
  ->  Index Scan using title_pkey on title t  (cost=0.43..0.58 rows=1 width=4) (actual time=0.062..0.062 rows=0 loops=69473)
        Index Cond: (id = mi_idx.movie_id)
        Filter: (production_year = 2005)
        Rows Removed by Filter: 1
Planning time: 1.254 ms
Execution time: 15561.101 ms
