Seq Scan on movie_companies mc  (cost=0.00..51404.11 rows=104 width=0) (actual time=66.992..775.600 rows=474 loops=1)
  Filter: (company_id = 14227)
  Rows Removed by Filter: 2608655
Planning time: 0.396 ms
Execution time: 775.826 ms
