Seq Scan on movie_companies mc  (cost=0.00..51404.11 rows=809299 width=0) (actual time=0.026..858.395 rows=816238 loops=1)
  Filter: (company_id > 28533)
  Rows Removed by Filter: 1792891
Planning time: 0.318 ms
Execution time: 964.252 ms
