Hash Join  (cost=112531.11..868420.60 rows=510036 width=0) (actual time=2114.821..20073.280 rows=689290 loops=1)
  Hash Cond: (ci.movie_id = t.id)
  ->  Seq Scan on cast_info ci  (cost=0.00..614943.12 rows=36225612 width=4) (actual time=0.022..8905.134 rows=36244344 loops=1)
  ->  Hash  (cost=112086.11..112086.11 rows=35600 width=8) (actual time=2114.420..2114.420 rows=16056 loops=1)
        Buckets: 65536  Batches: 1  Memory Usage: 1140kB
        ->  Hash Join  (cost=75533.21..112086.11 rows=35600 width=8) (actual time=1374.835..2108.643 rows=16056 loops=1)
              Hash Cond: (mi_idx.movie_id = t.id)
              ->  Seq Scan on movie_info_idx mi_idx  (cost=0.00..25185.44 rows=919057 width=4) (actual time=0.018..527.491 rows=920110 loops=1)
                    Filter: (info_type_id > 99)
                    Rows Removed by Filter: 459925
              ->  Hash  (cost=73925.90..73925.90 rows=97944 width=4) (actual time=1259.155..1259.155 rows=106247 loops=1)
                    Buckets: 131072  Batches: 2  Memory Usage: 2890kB
                    ->  Seq Scan on title t  (cost=0.00..73925.90 rows=97944 width=4) (actual time=0.027..1218.240 rows=106247 loops=1)
                          Filter: ((kind_id = 7) AND (production_year = 2011))
                          Rows Removed by Filter: 2422065
Planning time: 1.232 ms
Execution time: 20167.223 ms
