Seq Scan on title t  (cost=0.00..67604.59 rows=644774 width=0) (actual time=0.026..990.011 rows=642973 loops=1)
  Filter: (production_year < 1988)
  Rows Removed by Filter: 1885339
Planning time: 0.315 ms
Execution time: 1074.090 ms
