Hash Join  (cost=68449.54..912341.27 rows=318222 width=0) (actual time=4521.316..21399.578 rows=327604 loops=1)
  Hash Cond: (ci.movie_id = t.id)
  ->  Seq Scan on cast_info ci  (cost=0.00..796071.18 rows=11903556 width=4) (actual time=3525.222..16968.301 rows=11964944 loops=1)
        Filter: ((person_id > 80978) AND (role_id > 3))
        Rows Removed by Filter: 24279400
  ->  Hash  (cost=67604.59..67604.59 rows=67596 width=4) (actual time=995.282..995.282 rows=67777 loops=1)
        Buckets: 131072  Batches: 1  Memory Usage: 3407kB
        ->  Seq Scan on title t  (cost=0.00..67604.59 rows=67596 width=4) (actual time=0.034..965.353 rows=67777 loops=1)
              Filter: (production_year = 2003)
              Rows Removed by Filter: 2460535
Planning time: 0.544 ms
Execution time: 21444.802 ms
