Hash Join  (cost=102767.86..195013.06 rows=1015647 width=0) (actual time=2847.660..5310.458 rows=1274246 loops=1)
  Hash Cond: (mc.movie_id = t.id)
  ->  Seq Scan on movie_companies mc  (cost=0.00..57926.93 rows=1015647 width=4) (actual time=155.541..1238.641 rows=1274246 loops=1)
        Filter: ((company_id < 72133) AND (company_type_id = 1))
        Rows Removed by Filter: 1334883
  ->  Hash  (cost=61283.27..61283.27 rows=2528527 width=4) (actual time=2690.764..2690.764 rows=2528312 loops=1)
        Buckets: 131072  Batches: 64  Memory Usage: 2415kB
        ->  Seq Scan on title t  (cost=0.00..61283.27 rows=2528527 width=4) (actual time=0.037..1843.140 rows=2528312 loops=1)
Planning time: 0.793 ms
Execution time: 5445.984 ms
