Seq Scan on cast_info ci  (cost=0.00..705507.15 rows=500 width=0) (actual time=1118.807..11141.126 rows=44 loops=1)
  Filter: (person_id = 3718436)
  Rows Removed by Filter: 36244300
Planning time: 0.359 ms
Execution time: 11141.202 ms
