Hash Join  (cost=125844.89..625736.71 rows=1882391 width=0) (actual time=3052.611..17604.151 rows=6391163 loops=1)
  Hash Cond: (mi.movie_id = t.id)
  ->  Seq Scan on movie_info mi  (cost=0.00..309384.22 rows=14739122 width=4) (actual time=0.014..6367.206 rows=14835720 loops=1)
  ->  Hash  (cost=120546.29..120546.29 rows=322928 width=8) (actual time=3050.242..3050.242 rows=375670 loops=1)
        Buckets: 131072  Batches: 8  Memory Usage: 2873kB
        ->  Hash Join  (cost=77312.52..120546.29 rows=322928 width=8) (actual time=1461.707..2941.252 rows=375670 loops=1)
              Hash Cond: (mi_idx.movie_id = t.id)
              ->  Seq Scan on movie_info_idx mi_idx  (cost=0.00..21735.35 rows=1380035 width=4) (actual time=0.013..445.907 rows=1380035 loops=1)
              ->  Hash  (cost=67604.59..67604.59 rows=591675 width=4) (actual time=1460.259..1460.259 rows=585020 loops=1)
                    Buckets: 131072  Batches: 8  Memory Usage: 3586kB
                    ->  Seq Scan on title t  (cost=0.00..67604.59 rows=591675 width=4) (actual time=0.010..1275.103 rows=585020 loops=1)
                          Filter: (production_year < 1985)
                          Rows Removed by Filter: 1943292
Planning time: 1.162 ms
Execution time: 18312.190 ms
