Hash Join  (cost=157009.10..647655.34 rows=1015931 width=0) (actual time=3609.099..19571.464 rows=12403897 loops=1)
  Hash Cond: (mi.movie_id = t.id)
  ->  Seq Scan on movie_info mi  (cost=0.00..309384.22 rows=14739122 width=4) (actual time=0.010..6278.375 rows=14835720 loops=1)
  ->  Hash  (cost=154149.54..154149.54 rows=174285 width=8) (actual time=3608.201..3608.201 rows=560425 loops=1)
        Buckets: 131072 (originally 131072)  Batches: 8 (originally 4)  Memory Usage: 3789kB
        ->  Hash Join  (cost=76697.17..154149.54 rows=174285 width=8) (actual time=1220.574..3422.651 rows=560425 loops=1)
              Hash Cond: (mc.movie_id = t.id)
              ->  Seq Scan on movie_companies mc  (cost=0.00..44881.29 rows=2609129 width=4) (actual time=0.014..860.458 rows=2609129 loops=1)
              ->  Hash  (cost=73925.90..73925.90 rows=168901 width=4) (actual time=1219.322..1219.322 rows=269915 loops=1)
                    Buckets: 131072  Batches: 4  Memory Usage: 3401kB
                    ->  Seq Scan on title t  (cost=0.00..73925.90 rows=168901 width=4) (actual time=0.032..1124.241 rows=269915 loops=1)
                          Filter: ((kind_id < 7) AND (production_year < 1974))
                          Rows Removed by Filter: 2258397
Planning time: 1.190 ms
Execution time: 20836.613 ms
