Nested Loop  (cost=0.43..709671.90 rows=500 width=0) (actual time=10043.991..11131.558 rows=152 loops=1)
  ->  Seq Scan on cast_info ci  (cost=0.00..705507.15 rows=500 width=4) (actual time=10043.876..11123.385 rows=152 loops=1)
        Filter: (person_id = 608784)
        Rows Removed by Filter: 36244192
  ->  Index Only Scan using title_pkey on title t  (cost=0.43..8.32 rows=1 width=4) (actual time=0.052..0.053 rows=1 loops=152)
        Index Cond: (id = ci.movie_id)
        Heap Fetches: 152
Planning time: 0.722 ms
Execution time: 11131.667 ms
