Seq Scan on cast_info ci  (cost=0.00..796071.18 rows=289418 width=0) (actual time=8216.897..11679.789 rows=114255 loops=1)
  Filter: ((person_id < 883998) AND (role_id = 9))
  Rows Removed by Filter: 36130089
Planning time: 0.376 ms
Execution time: 11695.224 ms
