Hash Join  (cost=28270.40..747422.51 rows=529 width=0) (actual time=342.508..11699.611 rows=7781 loops=1)
  Hash Cond: (ci.movie_id = t.id)
  ->  Seq Scan on cast_info ci  (cost=0.00..705507.15 rows=3637245 width=4) (actual time=0.016..10706.297 rows=3656572 loops=1)
        Filter: (person_id > 3398260)
        Rows Removed by Filter: 32587772
  ->  Hash  (cost=28265.80..28265.80 rows=368 width=8) (actual time=342.033..342.033 rows=260 loops=1)
        Buckets: 1024  Batches: 1  Memory Usage: 19kB
        ->  Nested Loop  (cost=0.43..28265.80 rows=368 width=8) (actual time=12.620..341.901 rows=260 loops=1)
              ->  Seq Scan on movie_info_idx mi_idx  (cost=0.00..25185.44 rows=368 width=4) (actual time=12.523..329.272 rows=260 loops=1)
                    Filter: (info_type_id > 101)
                    Rows Removed by Filter: 1379775
              ->  Index Only Scan using title_pkey on title t  (cost=0.43..8.36 rows=1 width=4) (actual time=0.047..0.048 rows=1 loops=260)
                    Index Cond: (id = mi_idx.movie_id)
                    Heap Fetches: 260
Planning time: 1.205 ms
Execution time: 11701.551 ms
