Seq Scan on movie_keyword mk  (cost=0.00..81003.12 rows=2377105 width=0) (actual time=0.032..1138.540 rows=2369474 loops=1)
  Filter: (keyword_id > 4068)
  Rows Removed by Filter: 2154456
Planning time: 0.329 ms
Execution time: 1389.391 ms
