Seq Scan on cast_info ci  (cost=0.00..796071.18 rows=176 width=0) (actual time=347.605..12383.101 rows=86 loops=1)
  Filter: ((role_id < 2) AND (person_id = 1039075))
  Rows Removed by Filter: 36244258
Planning time: 0.963 ms
Execution time: 12383.240 ms
