Hash Join  (cost=240820.44..1350282.03 rows=9091814 width=0) (actual time=6426.720..41255.312 rows=49132932 loops=1)
  Hash Cond: (ci.movie_id = t.id)
  ->  Seq Scan on cast_info ci  (cost=0.00..796071.18 rows=16950047 width=4) (actual time=0.035..16204.222 rows=15474682 loops=1)
        Filter: ((person_id > 1573878) AND (role_id < 9))
        Rows Removed by Filter: 20769662
  ->  Hash  (cost=218569.01..218569.01 rows=1356274 width=8) (actual time=6424.571..6424.571 rows=3069804 loops=1)
        Buckets: 131072 (originally 131072)  Batches: 64 (originally 32)  Memory Usage: 3073kB
        ->  Hash Join  (cost=80042.24..218569.01 rows=1356274 width=8) (actual time=1782.354..5727.453 rows=3069804 loops=1)
              Hash Cond: (mk.movie_id = t.id)
              ->  Seq Scan on movie_keyword mk  (cost=0.00..69693.30 rows=4523930 width=4) (actual time=0.014..1424.647 rows=4523930 loops=1)
              ->  Hash  (cost=67604.59..67604.59 rows=758052 width=4) (actual time=1781.241..1781.241 rows=753677 loops=1)
                    Buckets: 131072  Batches: 16  Memory Usage: 2686kB
                    ->  Seq Scan on title t  (cost=0.00..67604.59 rows=758052 width=4) (actual time=0.022..1270.238 rows=753677 loops=1)
                          Filter: (kind_id < 3)
                          Rows Removed by Filter: 1774635
Planning time: 0.895 ms
Execution time: 46348.317 ms
