Hash Join  (cost=190230.21..1104999.51 rows=3633321 width=0) (actual time=10604.306..18507.787 rows=1653324 loops=1)
  Hash Cond: (ci.movie_id = t.id)
  ->  Seq Scan on cast_info ci  (cost=0.00..796071.18 rows=6657042 width=4) (actual time=6288.488..12017.068 rows=1706812 loops=1)
        Filter: ((person_id > 2476554) AND (role_id < 3))
        Rows Removed by Filter: 34537532
  ->  Hash  (cost=167588.78..167588.78 rows=1380035 width=8) (actual time=4314.091..4314.091 rows=1380035 loops=1)
        Buckets: 131072  Batches: 32  Memory Usage: 2708kB
        ->  Hash Join  (cost=102767.86..167588.78 rows=1380035 width=8) (actual time=1968.185..3923.674 rows=1380035 loops=1)
              Hash Cond: (mi_idx.movie_id = t.id)
              ->  Seq Scan on movie_info_idx mi_idx  (cost=0.00..21735.35 rows=1380035 width=4) (actual time=0.030..433.850 rows=1380035 loops=1)
              ->  Hash  (cost=61283.27..61283.27 rows=2528527 width=4) (actual time=1966.821..1966.821 rows=2528312 loops=1)
                    Buckets: 131072  Batches: 64  Memory Usage: 2415kB
                    ->  Seq Scan on title t  (cost=0.00..61283.27 rows=2528527 width=4) (actual time=0.023..1130.145 rows=2528312 loops=1)
Planning time: 5.311 ms
Execution time: 18685.167 ms
