Hash Join  (cost=83072.30..833861.60 rows=10 width=0) (actual time=1383.575..17281.593 rows=1046 loops=1)
  Hash Cond: (ci.movie_id = t.id)
  ->  Seq Scan on cast_info ci  (cost=0.00..614943.12 rows=36225612 width=4) (actual time=0.013..9100.562 rows=36244344 loops=1)
  ->  Hash  (cost=83072.29..83072.29 rows=1 width=8) (actual time=1374.052..1374.052 rows=23 loops=1)
        Buckets: 1024  Batches: 1  Memory Usage: 9kB
        ->  Nested Loop  (cost=0.43..83072.29 rows=1 width=8) (actual time=66.259..1373.986 rows=23 loops=1)
              ->  Seq Scan on movie_keyword mk  (cost=0.00..81003.12 rows=246 width=4) (actual time=0.278..1220.063 rows=3797 loops=1)
                    Filter: (keyword_id = 992)
                    Rows Removed by Filter: 4520133
              ->  Index Scan using title_pkey on title t  (cost=0.43..8.40 rows=1 width=4) (actual time=0.040..0.040 rows=0 loops=3797)
                    Index Cond: (id = mk.movie_id)
                    Filter: (production_year = 1977)
                    Rows Removed by Filter: 1
Planning time: 1.192 ms
Execution time: 17282.634 ms
