Seq Scan on movie_keyword mk  (cost=0.00..81003.12 rows=4309198 width=0) (actual time=0.024..1567.420 rows=4307775 loops=1)
  Filter: (keyword_id < 65418)
  Rows Removed by Filter: 216155
Planning time: 0.331 ms
Execution time: 2085.737 ms
