Seq Scan on movie_keyword mk  (cost=0.00..81003.12 rows=246 width=0) (actual time=14.548..1224.696 rows=317 loops=1)
  Filter: (keyword_id = 12173)
  Rows Removed by Filter: 4523613
Planning time: 0.396 ms
Execution time: 1224.948 ms
