Hash Join  (cost=102767.86..1312582.01 rows=20547631 width=0) (actual time=1949.449..34143.835 rows=20446338 loops=1)
  Hash Cond: (ci.movie_id = t.id)
  ->  Seq Scan on cast_info ci  (cost=0.00..705507.15 rows=20547631 width=4) (actual time=5.296..14408.913 rows=20446338 loops=1)
        Filter: (person_id < 2057380)
        Rows Removed by Filter: 15798006
  ->  Hash  (cost=61283.27..61283.27 rows=2528527 width=4) (actual time=1943.411..1943.411 rows=2528312 loops=1)
        Buckets: 131072  Batches: 64  Memory Usage: 2415kB
        ->  Seq Scan on title t  (cost=0.00..61283.27 rows=2528527 width=4) (actual time=0.017..1131.047 rows=2528312 loops=1)
Planning time: 0.737 ms
Execution time: 36496.861 ms
