Seq Scan on movie_info mi  (cost=0.00..346232.03 rows=965281 width=0) (actual time=0.016..5384.332 rows=1019595 loops=1)
  Filter: (info_type_id > 85)
  Rows Removed by Filter: 13816125
Planning time: 0.352 ms
Execution time: 5514.272 ms
