Hash Join  (cost=139635.72..1159502.74 rows=4092356 width=0) (actual time=7357.384..34656.085 rows=14176826 loops=1)
  Hash Cond: (ci.movie_id = t.id)
  ->  Seq Scan on cast_info ci  (cost=0.00..705507.15 rows=23499554 width=4) (actual time=4200.094..15775.809 rows=23573656 loops=1)
        Filter: (role_id > 1)
        Rows Removed by Filter: 12670688
  ->  Hash  (cost=132410.55..132410.55 rows=440333 width=8) (actual time=3156.113..3156.113 rows=877706 loops=1)
        Buckets: 131072 (originally 131072)  Batches: 16 (originally 8)  Memory Usage: 3171kB
        ->  Hash Join  (cost=87162.74..132410.55 rows=440333 width=8) (actual time=1510.743..2898.760 rows=877706 loops=1)
              Hash Cond: (mi_idx.movie_id = t.id)
              ->  Seq Scan on movie_info_idx mi_idx  (cost=0.00..21735.35 rows=1380035 width=4) (actual time=0.026..401.442 rows=1380035 loops=1)
              ->  Hash  (cost=73925.90..73925.90 rows=806787 width=4) (actual time=1509.081..1509.081 rows=843018 loops=1)
                    Buckets: 131072  Batches: 16  Memory Usage: 2879kB
                    ->  Seq Scan on title t  (cost=0.00..73925.90 rows=806787 width=4) (actual time=0.346..1241.301 rows=843018 loops=1)
                          Filter: ((kind_id < 7) AND (production_year < 2011))
                          Rows Removed by Filter: 1685294
Planning time: 1.123 ms
Execution time: 36348.854 ms
