Seq Scan on movie_companies mc  (cost=0.00..57926.93 rows=1168711 width=0) (actual time=0.020..1022.738 rows=1019604 loops=1)
  Filter: ((company_id < 91986) AND (company_type_id = 2))
  Rows Removed by Filter: 1589525
Planning time: 1.146 ms
Execution time: 1134.826 ms
