Hash Join  (cost=73982.55..438902.66 rows=26418 width=0) (actual time=1239.988..8510.631 rows=28269 loops=1)
  Hash Cond: (mi.movie_id = t.id)
  ->  Seq Scan on movie_info mi  (cost=0.00..309384.22 rows=14739122 width=4) (actual time=0.010..4195.343 rows=14835720 loops=1)
  ->  Hash  (cost=73925.90..73925.90 rows=4532 width=4) (actual time=1230.448..1230.448 rows=8406 loops=1)
        Buckets: 16384 (originally 8192)  Batches: 1 (originally 1)  Memory Usage: 424kB
        ->  Seq Scan on title t  (cost=0.00..73925.90 rows=4532 width=4) (actual time=0.094..1226.212 rows=8406 loops=1)
              Filter: ((kind_id = 7) AND (production_year = 1973))
              Rows Removed by Filter: 2519906
Planning time: 1.036 ms
Execution time: 8514.900 ms
