Hash Join  (cost=28268.62..82934.97 rows=81 width=0) (actual time=567.559..1533.521 rows=2437 loops=1)
  Hash Cond: (mc.movie_id = t.id)
  ->  Seq Scan on movie_companies mc  (cost=0.00..44881.29 rows=2609129 width=4) (actual time=0.025..709.465 rows=2609129 loops=1)
  ->  Hash  (cost=28267.64..28267.64 rows=79 width=8) (actual time=363.320..363.320 rows=74 loops=1)
        Buckets: 1024  Batches: 1  Memory Usage: 11kB
        ->  Nested Loop  (cost=0.43..28267.64 rows=79 width=8) (actual time=293.680..363.272 rows=74 loops=1)
              ->  Seq Scan on movie_info_idx mi_idx  (cost=0.00..25185.44 rows=368 width=4) (actual time=293.462..358.041 rows=260 loops=1)
                    Filter: (info_type_id > 101)
                    Rows Removed by Filter: 1379775
              ->  Index Scan using title_pkey on title t  (cost=0.43..8.37 rows=1 width=4) (actual time=0.020..0.020 rows=0 loops=260)
                    Index Cond: (id = mi_idx.movie_id)
                    Filter: ((kind_id < 7) AND (production_year > 2000))
                    Rows Removed by Filter: 1
Planning time: 0.932 ms
Execution time: 1534.080 ms
