Hash Join  (cost=187631.75..1407899.87 rows=18151495 width=0) (actual time=4540.257..46641.407 rows=39836343 loops=1)
  Hash Cond: (ci.movie_id = t.id)
  ->  Seq Scan on cast_info ci  (cost=0.00..614943.12 rows=36225612 width=4) (actual time=0.024..13441.133 rows=36244344 loops=1)
  ->  Hash  (cost=166844.70..166844.70 rows=1266964 width=8) (actual time=4539.142..4539.142 rows=1324999 loops=1)
        Buckets: 131072  Batches: 32  Memory Usage: 2644kB
        ->  Hash Join  (cost=105689.54..166844.70 rows=1266964 width=8) (actual time=2230.653..4158.127 rows=1324999 loops=1)
              Hash Cond: (mi_idx.movie_id = t.id)
              ->  Seq Scan on movie_info_idx mi_idx  (cost=0.00..21735.35 rows=1380035 width=4) (actual time=0.018..469.320 rows=1380035 loops=1)
              ->  Hash  (cost=67604.59..67604.59 rows=2321356 width=4) (actual time=2229.665..2229.665 rows=2315087 loops=1)
                    Buckets: 131072  Batches: 32  Memory Usage: 3571kB
                    ->  Seq Scan on title t  (cost=0.00..67604.59 rows=2321356 width=4) (actual time=0.011..1479.453 rows=2315087 loops=1)
                          Filter: (production_year > 1939)
                          Rows Removed by Filter: 213225
Planning time: 1.116 ms
Execution time: 51126.963 ms
