Seq Scan on movie_companies mc  (cost=0.00..57926.93 rows=2388 width=0) (actual time=99.486..889.581 rows=375 loops=1)
  Filter: ((company_type_id < 2) AND (company_id = 1427))
  Rows Removed by Filter: 2608754
Planning time: 0.407 ms
Execution time: 889.790 ms
