Seq Scan on cast_info ci  (cost=0.00..796071.18 rows=15346013 width=0) (actual time=0.013..12577.583 rows=16730274 loops=1)
  Filter: ((person_id < 1729658) AND (role_id < 10))
  Rows Removed by Filter: 19514070
Planning time: 0.398 ms
Execution time: 14554.431 ms
