Hash Join  (cost=884791.66..1065153.16 rows=1076816 width=0) (actual time=22838.341..26815.922 rows=3157204 loops=1)
  Hash Cond: (mk.movie_id = t.id)
  ->  Seq Scan on movie_keyword mk  (cost=0.00..69693.30 rows=4523930 width=4) (actual time=0.035..1474.242 rows=4523930 loops=1)
  ->  Hash  (cost=874916.45..874916.45 rows=601857 width=8) (actual time=22826.469..22826.469 rows=486098 loops=1)
        Buckets: 131072  Batches: 8  Memory Usage: 3446kB
        ->  Hash Join  (cost=74730.49..874916.45 rows=601857 width=8) (actual time=1145.726..22271.653 rows=486098 loops=1)
              Hash Cond: (ci.movie_id = t.id)
              ->  Seq Scan on cast_info ci  (cost=0.00..705507.15 rows=23642730 width=4) (actual time=0.027..13318.274 rows=23553103 loops=1)
                    Filter: (person_id < 2411392)
                    Rows Removed by Filter: 12691241
              ->  Hash  (cost=73925.90..73925.90 rows=64367 width=4) (actual time=1145.327..1145.327 rows=53905 loops=1)
                    Buckets: 65536  Batches: 1  Memory Usage: 2408kB
                    ->  Seq Scan on title t  (cost=0.00..73925.90 rows=64367 width=4) (actual time=0.042..1124.203 rows=53905 loops=1)
                          Filter: ((kind_id < 7) AND (production_year = 2012))
                          Rows Removed by Filter: 2474407
Planning time: 1.221 ms
Execution time: 27159.747 ms
