Hash Join  (cost=387505.33..1352841.08 rows=14756802 width=181) (actual time=8943.873..82639.650 rows=125861267 loops=1)
  Hash Cond: (mi.movie_id = t.id)
  ->  Seq Scan on movie_info mi  (cost=0.00..309384.22 rows=14739122 width=75) (actual time=0.024..7583.290 rows=14835720 loops=1)
  ->  Hash  (cost=313832.83..313832.83 rows=2531560 width=106) (actual time=8940.562..8940.562 rows=2524800 loops=1)
        Buckets: 32768  Batches: 128  Memory Usage: 2859kB
        ->  Hash Join  (cost=129928.86..313832.83 rows=2531560 width=106) (actual time=2775.484..7592.192 rows=2524800 loops=1)
              Hash Cond: (mk.movie_id = t.id)
              ->  Seq Scan on movie_keyword mk  (cost=0.00..81003.12 rows=2531560 width=12) (actual time=0.026..2006.482 rows=2524800 loops=1)
                    Filter: (keyword_id < 6258)
                    Rows Removed by Filter: 1999130
              ->  Hash  (cost=61283.27..61283.27 rows=2528527 width=94) (actual time=2774.472..2774.472 rows=2528312 loops=1)
                    Buckets: 32768  Batches: 128  Memory Usage: 2470kB
                    ->  Seq Scan on title t  (cost=0.00..61283.27 rows=2528527 width=94) (actual time=0.018..1495.869 rows=2528312 loops=1)
Planning time: 1.369 ms
Execution time: 89545.663 ms
