Seq Scan on movie_companies mc  (cost=0.00..57926.93 rows=997553 width=0) (actual time=0.020..1209.799 rows=1274246 loops=1)
  Filter: ((company_id < 71095) AND (company_type_id = 1))
  Rows Removed by Filter: 1334883
Planning time: 0.376 ms
Execution time: 1370.633 ms
