Seq Scan on movie_companies mc  (cost=0.00..57926.93 rows=2260 width=0) (actual time=46.749..816.442 rows=2438 loops=1)
  Filter: ((company_id = 11146) AND (company_type_id = 2))
  Rows Removed by Filter: 2606691
Planning time: 0.354 ms
Execution time: 817.032 ms
