Hash Join  (cost=73982.55..438949.06 rows=8912 width=0) (actual time=2118.393..7793.966 rows=9462 loops=1)
  Hash Cond: (mi.movie_id = t.id)
  ->  Seq Scan on movie_info mi  (cost=0.00..346232.03 rows=4972096 width=4) (actual time=983.328..5821.091 rows=4923966 loops=1)
        Filter: (info_type_id < 5)
        Rows Removed by Filter: 9911754
  ->  Hash  (cost=73925.90..73925.90 rows=4532 width=4) (actual time=1133.962..1133.962 rows=4691 loops=1)
        Buckets: 8192  Batches: 1  Memory Usage: 229kB
        ->  Seq Scan on title t  (cost=0.00..73925.90 rows=4532 width=4) (actual time=1.608..1131.038 rows=4691 loops=1)
              Filter: ((kind_id = 7) AND (production_year = 1955))
              Rows Removed by Filter: 2523621
Planning time: 1.444 ms
Execution time: 7795.396 ms
