Seq Scan on movie_companies mc  (cost=0.00..51404.11 rows=1923393 width=0) (actual time=0.015..910.737 rows=1916540 loops=1)
  Filter: (company_id < 46856)
  Rows Removed by Filter: 692589
Planning time: 0.317 ms
Execution time: 1168.415 ms
