Hash Join  (cost=102607.86..467315.08 rows=5128 width=0) (actual time=1644.133..8982.610 rows=37974 loops=1)
  Hash Cond: (mi.movie_id = t.id)
  ->  Seq Scan on movie_info mi  (cost=0.00..309384.22 rows=14739122 width=4) (actual time=0.026..4446.466 rows=14835720 loops=1)
  ->  Hash  (cost=102596.86..102596.86 rows=880 width=8) (actual time=1644.061..1644.061 rows=2836 loops=1)
        Buckets: 4096 (originally 1024)  Batches: 1 (originally 1)  Memory Usage: 143kB
        ->  Hash Join  (cost=73956.15..102596.86 rows=880 width=8) (actual time=980.751..1642.809 rows=2836 loops=1)
              Hash Cond: (mi_idx.movie_id = t.id)
              ->  Seq Scan on movie_info_idx mi_idx  (cost=0.00..25185.44 rows=919057 width=4) (actual time=0.021..516.347 rows=920110 loops=1)
                    Filter: (info_type_id > 99)
                    Rows Removed by Filter: 459925
              ->  Hash  (cost=73925.90..73925.90 rows=2420 width=4) (actual time=980.339..980.339 rows=3058 loops=1)
                    Buckets: 4096  Batches: 1  Memory Usage: 140kB
                    ->  Seq Scan on title t  (cost=0.00..73925.90 rows=2420 width=4) (actual time=71.168..978.686 rows=3058 loops=1)
                          Filter: ((kind_id = 2) AND (production_year = 2003))
                          Rows Removed by Filter: 2525254
Planning time: 1.129 ms
Execution time: 8988.569 ms
