Hash Join  (cost=109592.63..893230.79 rows=303983 width=0) (actual time=1956.945..20878.947 rows=559236 loops=1)
  Hash Cond: (ci.movie_id = t.id)
  ->  Seq Scan on cast_info ci  (cost=0.00..705507.15 rows=20024311 width=4) (actual time=0.018..13806.911 rows=20122661 loops=1)
        Filter: (role_id < 3)
        Rows Removed by Filter: 16121683
  ->  Hash  (cost=109112.82..109112.82 rows=38385 width=8) (actual time=1956.494..1956.494 rows=38647 loops=1)
        Buckets: 65536  Batches: 1  Memory Usage: 2022kB
        ->  Hash Join  (cost=77354.40..109112.82 rows=38385 width=8) (actual time=1251.670..1942.146 rows=38647 loops=1)
              Hash Cond: (mi_idx.movie_id = t.id)
              ->  Seq Scan on movie_info_idx mi_idx  (cost=0.00..25185.44 rows=464566 width=4) (actual time=0.017..468.069 rows=459925 loops=1)
                    Filter: (info_type_id = 101)
                    Rows Removed by Filter: 920110
              ->  Hash  (cost=73925.90..73925.90 rows=208920 width=4) (actual time=1250.731..1250.731 rows=183835 loops=1)
                    Buckets: 131072  Batches: 4  Memory Usage: 2649kB
                    ->  Seq Scan on title t  (cost=0.00..73925.90 rows=208920 width=4) (actual time=0.021..1187.694 rows=183835 loops=1)
                          Filter: ((kind_id < 7) AND (production_year > 2009))
                          Rows Removed by Filter: 2344477
Planning time: 1.108 ms
Execution time: 20954.954 ms
