Hash Join  (cost=178157.38..254992.71 rows=129481 width=0) (actual time=3600.312..6308.007 rows=3033209 loops=1)
  Hash Cond: (mc.movie_id = t.id)
  ->  Seq Scan on movie_companies mc  (cost=0.00..44881.29 rows=2609129 width=4) (actual time=0.015..958.412 rows=2609129 loops=1)
  ->  Hash  (cost=176097.86..176097.86 rows=125481 width=8) (actual time=3599.467..3599.467 rows=398129 loops=1)
        Buckets: 131072 (originally 131072)  Batches: 8 (originally 2)  Memory Usage: 3073kB
        ->  Hash Join  (cost=77961.21..176097.86 rows=125481 width=8) (actual time=1280.545..3479.398 rows=398129 loops=1)
              Hash Cond: (mk.movie_id = t.id)
              ->  Seq Scan on movie_keyword mk  (cost=0.00..81003.12 rows=1290060 width=4) (actual time=0.016..1477.316 rows=1301857 loops=1)
                    Filter: (keyword_id > 13539)
                    Rows Removed by Filter: 3222073
              ->  Hash  (cost=73925.90..73925.90 rows=245944 width=4) (actual time=1279.206..1279.206 rows=357497 loops=1)
                    Buckets: 131072 (originally 131072)  Batches: 8 (originally 4)  Memory Usage: 3073kB
                    ->  Seq Scan on title t  (cost=0.00..73925.90 rows=245944 width=4) (actual time=0.020..1155.000 rows=357497 loops=1)
                          Filter: ((kind_id < 7) AND (production_year < 1987))
                          Rows Removed by Filter: 2170815
Planning time: 0.822 ms
Execution time: 6623.793 ms
