Hash Join  (cost=76766.32..202541.91 rows=309655 width=0) (actual time=1341.851..4326.275 rows=34317 loops=1)
  Hash Cond: (mk.movie_id = t.id)
  ->  Seq Scan on movie_keyword mk  (cost=0.00..69693.30 rows=4523930 width=4) (actual time=0.029..1363.039 rows=4523930 loops=1)
  ->  Hash  (cost=73925.90..73925.90 rows=173073 width=4) (actual time=1324.165..1324.165 rows=44674 loops=1)
        Buckets: 131072  Batches: 4  Memory Usage: 1424kB
        ->  Seq Scan on title t  (cost=0.00..73925.90 rows=173073 width=4) (actual time=0.053..1305.249 rows=44674 loops=1)
              Filter: ((kind_id > 1) AND (production_year < 1959))
              Rows Removed by Filter: 2483638
Planning time: 0.772 ms
Execution time: 4330.809 ms
