Hash Join  (cost=253032.74..844948.13 rows=8780157 width=0) (actual time=6649.966..63305.423 rows=193081773 loops=1)
  Hash Cond: (mi.movie_id = t.id)
  ->  Seq Scan on movie_info mi  (cost=0.00..309384.22 rows=14739122 width=4) (actual time=2.298..5987.545 rows=14835720 loops=1)
  ->  Hash  (cost=228320.57..228320.57 rows=1506254 width=8) (actual time=6646.210..6646.210 rows=3313539 loops=1)
        Buckets: 131072 (originally 131072)  Batches: 64 (originally 32)  Memory Usage: 3161kB
        ->  Hash Join  (cost=83810.17..228320.57 rows=1506254 width=8) (actual time=1490.567..5787.796 rows=3313539 loops=1)
              Hash Cond: (mk.movie_id = t.id)
              ->  Seq Scan on movie_keyword mk  (cost=0.00..81003.12 rows=3855928 width=4) (actual time=0.026..1733.378 rows=3850049 loops=1)
                    Filter: (keyword_id < 27827)
                    Rows Removed by Filter: 673881
              ->  Hash  (cost=67604.59..67604.59 rows=987727 width=4) (actual time=1489.715..1489.715 rows=985048 loops=1)
                    Buckets: 131072  Batches: 16  Memory Usage: 3197kB
                    ->  Seq Scan on title t  (cost=0.00..67604.59 rows=987727 width=4) (actual time=0.036..1175.296 rows=985048 loops=1)
                          Filter: (kind_id < 7)
                          Rows Removed by Filter: 1543264
Planning time: 0.992 ms
Execution time: 84272.089 ms
