Hash Join  (cost=148598.05..1267941.24 rows=8326904 width=0) (actual time=2853.461..35609.052 rows=13566450 loops=1)
  Hash Cond: (ci.movie_id = t.id)
  ->  Seq Scan on cast_info ci  (cost=0.00..614943.12 rows=36225612 width=4) (actual time=0.013..12639.140 rows=36244344 loops=1)
  ->  Hash  (cost=139061.89..139061.89 rows=581213 width=8) (actual time=2852.672..2852.672 rows=493329 loops=1)
        Buckets: 131072  Batches: 8  Memory Usage: 3448kB
        ->  Hash Join  (cost=91397.28..139061.89 rows=581213 width=8) (actual time=1439.456..2725.029 rows=493329 loops=1)
              Hash Cond: (mi_idx.movie_id = t.id)
              ->  Seq Scan on movie_info_idx mi_idx  (cost=0.00..21735.35 rows=1380035 width=4) (actual time=0.019..420.798 rows=1380035 loops=1)
              ->  Hash  (cost=73925.90..73925.90 rows=1064910 width=4) (actual time=1438.503..1438.503 rows=1003269 loops=1)
                    Buckets: 131072  Batches: 16  Memory Usage: 3233kB
                    ->  Seq Scan on title t  (cost=0.00..73925.90 rows=1064910 width=4) (actual time=0.011..1155.781 rows=1003269 loops=1)
                          Filter: ((kind_id > 1) AND (production_year < 2006))
                          Rows Removed by Filter: 1525043
Planning time: 1.999 ms
Execution time: 37271.510 ms
