Hash Join  (cost=69484.36..1204616.69 rows=1618048 width=0) (actual time=1244.238..31652.217 rows=1370047 loops=1)
  Hash Cond: (ci.movie_id = t.id)
  ->  Seq Scan on cast_info ci  (cost=0.00..705507.15 rows=35718587 width=4) (actual time=0.023..17013.188 rows=35711632 loops=1)
        Filter: (person_id < 3959923)
        Rows Removed by Filter: 532712
  ->  Hash  (cost=67604.59..67604.59 rows=114542 width=4) (actual time=1243.464..1243.464 rows=118234 loops=1)
        Buckets: 131072  Batches: 2  Memory Usage: 3101kB
        ->  Seq Scan on title t  (cost=0.00..67604.59 rows=114542 width=4) (actual time=55.912..1130.056 rows=118234 loops=1)
              Filter: (kind_id = 4)
              Rows Removed by Filter: 2410078
Planning time: 0.868 ms
Execution time: 31821.741 ms
