Seq Scan on cast_info ci  (cost=0.00..796071.18 rows=224 width=0) (actual time=7895.767..13744.177 rows=31 loops=1)
  Filter: ((role_id > 2) AND (person_id = 3820356))
  Rows Removed by Filter: 36244313
Planning time: 0.374 ms
Execution time: 13744.285 ms
