Seq Scan on movie_keyword mk  (cost=0.00..81003.12 rows=3331696 width=0) (actual time=0.016..1240.898 rows=3322671 loops=1)
  Filter: (keyword_id < 15305)
  Rows Removed by Filter: 1201259
Planning time: 0.330 ms
Execution time: 1606.957 ms
