Hash Join  (cost=93093.72..210960.76 rows=998088 width=0) (actual time=1792.015..4343.439 rows=294276 loops=1)
  Hash Cond: (mk.movie_id = t.id)
  ->  Seq Scan on movie_keyword mk  (cost=0.00..81003.12 rows=1624405 width=4) (actual time=0.028..1526.469 rows=1633674 loops=1)
        Filter: (keyword_id > 9079)
        Rows Removed by Filter: 2890256
  ->  Hash  (cost=67604.59..67604.59 rows=1553611 width=4) (actual time=1790.713..1790.713 rows=1555864 loops=1)
        Buckets: 131072  Batches: 32  Memory Usage: 2740kB
        ->  Seq Scan on title t  (cost=0.00..67604.59 rows=1553611 width=4) (actual time=0.018..1282.041 rows=1555864 loops=1)
              Filter: (kind_id > 4)
              Rows Removed by Filter: 972448
Planning time: 0.722 ms
Execution time: 4375.980 ms
