Seq Scan on title t  (cost=0.00..67604.59 rows=660 width=0) (actual time=2.087..1075.309 rows=3515 loops=1)
  Filter: (production_year > 2013)
  Rows Removed by Filter: 2524797
Planning time: 0.312 ms
Execution time: 1076.327 ms
