Hash Join  (cost=370107.36..1727858.08 rows=28848326 width=0) (actual time=13742.515..48448.135 rows=69909711 loops=1)
  Hash Cond: (ci.movie_id = t.id)
  ->  Seq Scan on cast_info ci  (cost=0.00..796071.18 rows=16728972 width=4) (actual time=5632.324..16747.380 rows=13129565 loops=1)
        Filter: ((person_id < 2665426) AND (role_id > 1))
        Rows Removed by Filter: 23114779
  ->  Hash  (cost=298570.28..298570.28 rows=4360326 width=8) (actual time=8108.844..8108.844 rows=4346368 loops=1)
        Buckets: 131072  Batches: 64  Memory Usage: 3704kB
        ->  Hash Join  (cost=102767.86..298570.28 rows=4360326 width=8) (actual time=1957.065..7013.791 rows=4346368 loops=1)
              Hash Cond: (mk.movie_id = t.id)
              ->  Seq Scan on movie_keyword mk  (cost=0.00..81003.12 rows=4360326 width=4) (actual time=0.043..1782.220 rows=4346368 loops=1)
                    Filter: (keyword_id > 121)
                    Rows Removed by Filter: 177562
              ->  Hash  (cost=61283.27..61283.27 rows=2528527 width=4) (actual time=1955.150..1955.150 rows=2528312 loops=1)
                    Buckets: 131072  Batches: 64  Memory Usage: 2425kB
                    ->  Seq Scan on title t  (cost=0.00..61283.27 rows=2528527 width=4) (actual time=0.027..1126.970 rows=2528312 loops=1)
Planning time: 1.195 ms
Execution time: 55510.511 ms
