Hash Join  (cost=185262.01..342907.46 rows=2126971 width=0) (actual time=4154.171..10004.248 rows=8597326 loops=1)
  Hash Cond: (mk.movie_id = t.id)
  ->  Seq Scan on movie_keyword mk  (cost=0.00..81003.12 rows=4373499 width=4) (actual time=0.023..1778.555 rows=4360169 loops=1)
        Filter: (keyword_id > 117)
        Rows Removed by Filter: 163761
  ->  Hash  (cost=165086.72..165086.72 rows=1229703 width=8) (actual time=4149.316..4149.316 rows=1265788 loops=1)
        Buckets: 131072  Batches: 32  Memory Usage: 2586kB
        ->  Hash Join  (cost=104570.16..165086.72 rows=1229703 width=8) (actual time=1987.346..3797.960 rows=1265788 loops=1)
              Hash Cond: (mi_idx.movie_id = t.id)
              ->  Seq Scan on movie_info_idx mi_idx  (cost=0.00..21735.35 rows=1380035 width=4) (actual time=0.015..468.935 rows=1380035 loops=1)
              ->  Hash  (cost=67604.59..67604.59 rows=2253086 width=4) (actual time=1986.495..1986.495 rows=2244594 loops=1)
                    Buckets: 131072  Batches: 32  Memory Usage: 3493kB
                    ->  Seq Scan on title t  (cost=0.00..67604.59 rows=2253086 width=4) (actual time=0.012..1291.344 rows=2244594 loops=1)
                          Filter: (production_year > 1956)
                          Rows Removed by Filter: 283718
Planning time: 1.148 ms
Execution time: 11013.406 ms
