Seq Scan on cast_info ci  (cost=0.00..705507.15 rows=32974119 width=0) (actual time=269.097..13770.722 rows=33103641 loops=1)
  Filter: (person_id > 304108)
  Rows Removed by Filter: 3140703
Planning time: 0.203 ms
Execution time: 17853.925 ms
