Hash Join  (cost=100338.29..207030.98 rows=2058776 width=0) (actual time=2026.302..5254.271 rows=1801271 loops=1)
  Hash Cond: (mc.movie_id = t.id)
  ->  Seq Scan on movie_companies mc  (cost=0.00..44881.29 rows=2609129 width=4) (actual time=0.022..852.454 rows=2609129 loops=1)
  ->  Hash  (cost=67604.59..67604.59 rows=1995176 width=4) (actual time=2025.144..2025.144 rows=1990655 loops=1)
        Buckets: 131072  Batches: 32  Memory Usage: 3218kB
        ->  Seq Scan on title t  (cost=0.00..67604.59 rows=1995176 width=4) (actual time=0.024..1383.941 rows=1990655 loops=1)
              Filter: (production_year > 1976)
              Rows Removed by Filter: 537657
Planning time: 0.725 ms
Execution time: 5476.205 ms
