Hash Join  (cost=83073.25..447733.66 rows=448 width=0) (actual time=1434.571..8815.290 rows=313 loops=1)
  Hash Cond: (mi.movie_id = t.id)
  ->  Seq Scan on movie_info mi  (cost=0.00..309384.22 rows=14739122 width=4) (actual time=0.025..4829.556 rows=14835720 loops=1)
  ->  Hash  (cost=83072.29..83072.29 rows=77 width=8) (actual time=1287.022..1287.022 rows=29 loops=1)
        Buckets: 1024  Batches: 1  Memory Usage: 10kB
        ->  Nested Loop  (cost=0.43..83072.29 rows=77 width=8) (actual time=81.265..1286.966 rows=29 loops=1)
              ->  Seq Scan on movie_keyword mk  (cost=0.00..81003.12 rows=246 width=4) (actual time=81.183..1283.957 rows=46 loops=1)
                    Filter: (keyword_id = 22305)
                    Rows Removed by Filter: 4523884
              ->  Index Scan using title_pkey on title t  (cost=0.43..8.40 rows=1 width=4) (actual time=0.061..0.061 rows=1 loops=46)
                    Index Cond: (id = mk.movie_id)
                    Filter: (production_year > 2007)
                    Rows Removed by Filter: 0
Planning time: 1.170 ms
Execution time: 8815.621 ms
