Seq Scan on movie_keyword mk  (cost=0.00..81003.12 rows=1126691 width=0) (actual time=0.025..1345.909 rows=1134410 loops=1)
  Filter: (keyword_id < 1258)
  Rows Removed by Filter: 3389520
Planning time: 0.328 ms
Execution time: 1484.610 ms
