Hash Join  (cost=192570.62..1085920.71 rows=3595070 width=0) (actual time=4581.067..26738.298 rows=6414227 loops=1)
  Hash Cond: (ci.movie_id = t.id)
  ->  Seq Scan on cast_info ci  (cost=0.00..705507.15 rows=12898464 width=4) (actual time=0.089..12664.639 rows=12869298 loops=1)
        Filter: (person_id < 1270090)
        Rows Removed by Filter: 23375046
  ->  Hash  (cost=181008.21..181008.21 rows=704753 width=8) (actual time=4579.725..4579.725 rows=709790 loops=1)
        Buckets: 131072  Batches: 16  Memory Usage: 2765kB
        ->  Hash Join  (cost=102767.86..181008.21 rows=704753 width=8) (actual time=2510.251..4344.798 rows=709790 loops=1)
              Hash Cond: (mc.movie_id = t.id)
              ->  Seq Scan on movie_companies mc  (cost=0.00..51404.11 rows=704753 width=4) (actual time=0.020..749.111 rows=709790 loops=1)
                    Filter: (company_id > 43936)
                    Rows Removed by Filter: 1899339
              ->  Hash  (cost=61283.27..61283.27 rows=2528527 width=4) (actual time=2509.165..2509.165 rows=2528312 loops=1)
                    Buckets: 131072  Batches: 64  Memory Usage: 2415kB
                    ->  Seq Scan on title t  (cost=0.00..61283.27 rows=2528527 width=4) (actual time=0.013..1077.989 rows=2528312 loops=1)
Planning time: 1.135 ms
Execution time: 27429.206 ms
