Hash Join  (cost=74007.21..100953.19 rows=3550 width=0) (actual time=1222.296..1382.839 rows=3708 loops=1)
  Hash Cond: (mi_idx.movie_id = t.id)
  ->  Seq Scan on movie_info_idx mi_idx  (cost=0.00..21735.35 rows=1380035 width=4) (actual time=0.033..159.171 rows=1380035 loops=1)
  ->  Hash  (cost=73925.90..73925.90 rows=6504 width=4) (actual time=1063.774..1063.774 rows=3580 loops=1)
        Buckets: 8192  Batches: 1  Memory Usage: 190kB
        ->  Seq Scan on title t  (cost=0.00..73925.90 rows=6504 width=4) (actual time=0.034..1062.185 rows=3580 loops=1)
              Filter: ((kind_id = 3) AND (production_year = 2011))
              Rows Removed by Filter: 2524732
Planning time: 0.814 ms
Execution time: 1383.269 ms
