Hash Join  (cost=171720.24..555261.33 rows=46129 width=0) (actual time=3571.679..10902.770 rows=30904 loops=1)
  Hash Cond: (mi.movie_id = t.id)
  ->  Seq Scan on movie_info mi  (cost=0.00..309384.22 rows=14739122 width=4) (actual time=0.026..4530.852 rows=14835720 loops=1)
  ->  Hash  (cost=171621.33..171621.33 rows=7913 width=8) (actual time=3569.019..3569.019 rows=3484 loops=1)
        Buckets: 8192  Batches: 1  Memory Usage: 201kB
        ->  Hash Join  (cost=73982.55..171621.33 rows=7913 width=8) (actual time=2480.741..3567.655 rows=3484 loops=1)
              Hash Cond: (mk.movie_id = t.id)
              ->  Seq Scan on movie_keyword mk  (cost=0.00..81003.12 rows=4415071 width=4) (actual time=0.016..1718.438 rows=4402019 loops=1)
                    Filter: (keyword_id > 115)
                    Rows Removed by Filter: 121911
              ->  Hash  (cost=73925.90..73925.90 rows=4532 width=4) (actual time=1174.566..1174.566 rows=9242 loops=1)
                    Buckets: 16384 (originally 8192)  Batches: 1 (originally 1)  Memory Usage: 453kB
                    ->  Seq Scan on title t  (cost=0.00..73925.90 rows=4532 width=4) (actual time=0.139..1169.953 rows=9242 loops=1)
                          Filter: ((kind_id = 7) AND (production_year = 1984))
                          Rows Removed by Filter: 2519070
Planning time: 1.160 ms
Execution time: 10907.277 ms
