Hash Join  (cost=174403.47..315756.12 rows=1099420 width=0) (actual time=4377.450..13794.085 rows=26452174 loops=1)
  Hash Cond: (mk.movie_id = t.id)
  ->  Seq Scan on movie_keyword mk  (cost=0.00..81003.12 rows=4035819 width=4) (actual time=0.019..1813.293 rows=4041052 loops=1)
        Filter: (keyword_id < 37105)
        Rows Removed by Filter: 482878
  ->  Hash  (cost=163102.35..163102.35 rows=688810 width=8) (actual time=4375.642..4375.642 rows=1307690 loops=1)
        Buckets: 131072 (originally 131072)  Batches: 32 (originally 16)  Memory Usage: 3073kB
        ->  Hash Join  (cost=78556.72..163102.35 rows=688810 width=8) (actual time=1319.661..3962.690 rows=1307690 loops=1)
              Hash Cond: (mc.movie_id = t.id)
              ->  Seq Scan on movie_companies mc  (cost=0.00..44881.29 rows=2609129 width=4) (actual time=0.021..903.093 rows=2609129 loops=1)
              ->  Hash  (cost=67604.59..67604.59 rows=667531 width=4) (actual time=1318.583..1318.583 rows=662825 loops=1)
                    Buckets: 131072  Batches: 16  Memory Usage: 2476kB
                    ->  Seq Scan on title t  (cost=0.00..67604.59 rows=667531 width=4) (actual time=267.089..1122.674 rows=662825 loops=1)
                          Filter: (kind_id = 1)
                          Rows Removed by Filter: 1865487
Planning time: 0.759 ms
Execution time: 16688.679 ms
