Hash Join  (cost=273852.33..896179.73 rows=11630355 width=0) (actual time=6227.360..42690.524 rows=100013405 loops=1)
  Hash Cond: (mi.movie_id = t.id)
  ->  Seq Scan on movie_info mi  (cost=0.00..309384.22 rows=14739122 width=4) (actual time=3.643..6344.243 rows=14835720 loops=1)
  ->  Hash  (cost=241118.17..241118.17 rows=1995212 width=8) (actual time=6222.205..6222.205 rows=1814001 loops=1)
        Buckets: 131072  Batches: 32  Memory Usage: 3286kB
        ->  Hash Join  (cost=98347.17..241118.17 rows=1995212 width=8) (actual time=2031.819..5681.765 rows=1814001 loops=1)
              Hash Cond: (mk.movie_id = t.id)
              ->  Seq Scan on movie_keyword mk  (cost=0.00..81003.12 rows=2692351 width=4) (actual time=0.025..1591.371 rows=2686465 loops=1)
                    Filter: (keyword_id < 7582)
                    Rows Removed by Filter: 1837465
              ->  Hash  (cost=67604.59..67604.59 rows=1873807 width=4) (actual time=2030.872..2030.872 rows=1871198 loops=1)
                    Buckets: 131072  Batches: 32  Memory Usage: 3096kB
                    ->  Seq Scan on title t  (cost=0.00..67604.59 rows=1873807 width=4) (actual time=0.016..1429.905 rows=1871198 loops=1)
                          Filter: (production_year > 1984)
                          Rows Removed by Filter: 657114
Planning time: 1.424 ms
Execution time: 53532.376 ms
