Hash Join  (cost=777305.09..1142801.86 rows=84085 width=0) (actual time=13771.366..21899.979 rows=140678 loops=1)
  Hash Cond: (mi.movie_id = t.id)
  ->  Seq Scan on movie_info mi  (cost=0.00..309384.22 rows=14739122 width=4) (actual time=0.017..4742.408 rows=14835720 loops=1)
  ->  Hash  (cost=777124.77..777124.77 rows=14425 width=8) (actual time=13770.409..13770.409 rows=11620 loops=1)
        Buckets: 16384  Batches: 1  Memory Usage: 582kB
        ->  Hash Join  (cost=68113.45..777124.77 rows=14425 width=8) (actual time=10805.072..13765.365 rows=11620 loops=1)
              Hash Cond: (ci.movie_id = t.id)
              ->  Seq Scan on cast_info ci  (cost=0.00..705507.15 rows=895980 width=4) (actual time=9740.303..12471.732 rows=898389 loops=1)
                    Filter: (role_id = 5)
                    Rows Removed by Filter: 35345955
              ->  Hash  (cost=67604.59..67604.59 rows=40709 width=4) (actual time=1064.040..1064.040 rows=38955 loops=1)
                    Buckets: 65536  Batches: 1  Memory Usage: 1882kB
                    ->  Seq Scan on title t  (cost=0.00..67604.59 rows=40709 width=4) (actual time=0.063..1047.567 rows=38955 loops=1)
                          Filter: (production_year = 1997)
                          Rows Removed by Filter: 2489357
Planning time: 1.169 ms
Execution time: 21922.548 ms
