Seq Scan on title t  (cost=0.00..73925.90 rows=36686 width=0) (actual time=0.039..1148.038 rows=39125 loops=1)
  Filter: ((production_year < 2000) AND (kind_id = 2))
  Rows Removed by Filter: 2489187
Planning time: 0.420 ms
Execution time: 1154.890 ms
