Hash Join  (cost=917634.18..985563.50 rows=64056 width=0) (actual time=13230.386..14527.254 rows=159027 loops=1)
  Hash Cond: (mc.movie_id = t.id)
  ->  Seq Scan on movie_companies mc  (cost=0.00..57926.93 rows=735154 width=4) (actual time=279.176..1080.513 rows=1012965 loops=1)
        Filter: ((company_id < 13713) AND (company_type_id = 1))
        Rows Removed by Filter: 1596164
  ->  Hash  (cost=914019.21..914019.21 rows=220318 width=8) (actual time=12950.440..12950.440 rows=206483 loops=1)
        Buckets: 131072  Batches: 4  Memory Usage: 3050kB
        ->  Hash Join  (cost=102767.86..914019.21 rows=220318 width=8) (actual time=5085.339..12884.941 rows=206483 loops=1)
              Hash Cond: (ci.movie_id = t.id)
              ->  Seq Scan on cast_info ci  (cost=0.00..796071.18 rows=220318 width=4) (actual time=3219.658..10475.766 rows=206483 loops=1)
                    Filter: ((person_id < 277193) AND (role_id = 4))
                    Rows Removed by Filter: 36037861
              ->  Hash  (cost=61283.27..61283.27 rows=2528527 width=4) (actual time=1863.798..1863.798 rows=2528312 loops=1)
                    Buckets: 131072  Batches: 64  Memory Usage: 2415kB
                    ->  Seq Scan on title t  (cost=0.00..61283.27 rows=2528527 width=4) (actual time=0.021..987.653 rows=2528312 loops=1)
Planning time: 1.262 ms
Execution time: 14548.076 ms
