Seq Scan on cast_info ci  (cost=0.00..796071.18 rows=168 width=0) (actual time=2134.918..13833.312 rows=118 loops=1)
  Filter: ((role_id > 3) AND (person_id = 2424167))
  Rows Removed by Filter: 36244226
Planning time: 0.289 ms
Execution time: 13833.419 ms
