Hash Join  (cost=436409.88..512550.49 rows=79109 width=0) (actual time=7259.164..8732.705 rows=31709 loops=1)
  Hash Cond: (mc.movie_id = t.id)
  ->  Seq Scan on movie_companies mc  (cost=0.00..44881.29 rows=2609129 width=4) (actual time=0.029..951.037 rows=2609129 loops=1)
  ->  Hash  (cost=435151.56..435151.56 rows=76665 width=8) (actual time=6975.404..6975.404 rows=16395 loops=1)
        Buckets: 131072  Batches: 2  Memory Usage: 1347kB
        ->  Hash Join  (cost=77854.63..435151.56 rows=76665 width=8) (actual time=3724.213..6968.907 rows=16395 loops=1)
              Hash Cond: (mi.movie_id = t.id)
              ->  Seq Scan on movie_info mi  (cost=0.00..346232.03 rows=809669 width=4) (actual time=2572.742..5425.833 rows=802140 loops=1)
                    Filter: (info_type_id = 1)
                    Rows Removed by Filter: 14033580
              ->  Hash  (cost=73925.90..73925.90 rows=239418 width=4) (actual time=1150.436..1150.436 rows=256906 loops=1)
                    Buckets: 131072  Batches: 4  Memory Usage: 3302kB
                    ->  Seq Scan on title t  (cost=0.00..73925.90 rows=239418 width=4) (actual time=10.370..1060.566 rows=256906 loops=1)
                          Filter: ((production_year > 2010) AND (kind_id = 7))
                          Rows Removed by Filter: 2271406
Planning time: 2.183 ms
Execution time: 8737.314 ms
