Hash Join  (cost=160735.66..545971.92 rows=266750 width=0) (actual time=8081.400..10495.516 rows=429571 loops=1)
  Hash Cond: (mi.movie_id = t.id)
  ->  Seq Scan on movie_info mi  (cost=0.00..346232.03 rows=3068194 width=4) (actual time=0.017..5894.393 rows=3036719 loops=1)
        Filter: (info_type_id = 16)
        Rows Removed by Filter: 11799001
  ->  Hash  (cost=157128.77..157128.77 rows=219831 width=8) (actual time=3194.111..3194.111 rows=235800 loops=1)
        Buckets: 131072  Batches: 4  Memory Usage: 3328kB
        ->  Hash Join  (cost=92883.59..157128.77 rows=219831 width=8) (actual time=2009.032..3119.405 rows=235800 loops=1)
              Hash Cond: (mc.movie_id = t.id)
              ->  Seq Scan on movie_companies mc  (cost=0.00..51404.11 rows=360753 width=4) (actual time=0.034..821.860 rows=358065 loops=1)
                    Filter: (company_id < 181)
                    Rows Removed by Filter: 2251064
              ->  Hash  (cost=67604.59..67604.59 rows=1540800 width=4) (actual time=1767.373..1767.373 rows=1543264 loops=1)
                    Buckets: 131072  Batches: 32  Memory Usage: 2722kB
                    ->  Seq Scan on title t  (cost=0.00..67604.59 rows=1540800 width=4) (actual time=205.584..1270.892 rows=1543264 loops=1)
                          Filter: (kind_id = 7)
                          Rows Removed by Filter: 985048
Planning time: 2.969 ms
Execution time: 10545.122 ms
