Hash Join  (cost=222049.66..1172094.09 rows=4680238 width=0) (actual time=5386.032..29323.401 rows=15317485 loops=1)
  Hash Cond: (ci.movie_id = t.id)
  ->  Seq Scan on cast_info ci  (cost=0.00..705507.15 rows=16864239 width=4) (actual time=804.437..13657.789 rows=16970187 loops=1)
        Filter: (person_id > 1926093)
        Rows Removed by Filter: 19274157
  ->  Hash  (cost=210536.06..210536.06 rows=701728 width=8) (actual time=4580.629..4580.629 rows=707504 loops=1)
        Buckets: 131072  Batches: 16  Memory Usage: 2784kB
        ->  Hash Join  (cost=102767.86..210536.06 rows=701728 width=8) (actual time=2034.943..4383.102 rows=707504 loops=1)
              Hash Cond: (mk.movie_id = t.id)
              ->  Seq Scan on movie_keyword mk  (cost=0.00..81003.12 rows=701728 width=4) (actual time=0.023..1415.691 rows=707504 loops=1)
                    Filter: (keyword_id > 26695)
                    Rows Removed by Filter: 3816426
              ->  Hash  (cost=61283.27..61283.27 rows=2528527 width=4) (actual time=2031.491..2031.491 rows=2528312 loops=1)
                    Buckets: 131072  Batches: 64  Memory Usage: 2425kB
                    ->  Seq Scan on title t  (cost=0.00..61283.27 rows=2528527 width=4) (actual time=0.016..1171.754 rows=2528312 loops=1)
Planning time: 1.105 ms
Execution time: 30959.058 ms
