Hash Join  (cost=102767.86..1409294.01 rows=24566831 width=0) (actual time=1941.679..41019.223 rows=24678201 loops=1)
  Hash Cond: (ci.movie_id = t.id)
  ->  Seq Scan on cast_info ci  (cost=0.00..705507.15 rows=24566831 width=4) (actual time=0.017..15348.478 rows=24678201 loops=1)
        Filter: (person_id > 1138154)
        Rows Removed by Filter: 11566143
  ->  Hash  (cost=61283.27..61283.27 rows=2528527 width=4) (actual time=1940.730..1940.730 rows=2528312 loops=1)
        Buckets: 131072  Batches: 64  Memory Usage: 2415kB
        ->  Seq Scan on title t  (cost=0.00..61283.27 rows=2528527 width=4) (actual time=0.021..1123.479 rows=2528312 loops=1)
Planning time: 0.779 ms
Execution time: 43952.959 ms
