Seq Scan on movie_keyword mk  (cost=0.00..81003.12 rows=3901320 width=0) (actual time=0.030..1623.070 rows=3897254 loops=1)
  Filter: (keyword_id < 29301)
  Rows Removed by Filter: 626676
Planning time: 0.326 ms
Execution time: 2120.322 ms
