Seq Scan on movie_keyword mk  (cost=0.00..81003.12 rows=246 width=0) (actual time=0.457..1260.753 rows=1594 loops=1)
  Filter: (keyword_id = 7632)
  Rows Removed by Filter: 4522336
Planning time: 5.405 ms
Execution time: 1261.332 ms
