Hash Join  (cost=102767.86..233453.52 rows=1654187 width=0) (actual time=1962.509..5173.623 rows=1662789 loops=1)
  Hash Cond: (mk.movie_id = t.id)
  ->  Seq Scan on movie_keyword mk  (cost=0.00..81003.12 rows=1654187 width=4) (actual time=0.019..1535.611 rows=1662789 loops=1)
        Filter: (keyword_id > 8785)
        Rows Removed by Filter: 2861141
  ->  Hash  (cost=61283.27..61283.27 rows=2528527 width=4) (actual time=1960.242..1960.242 rows=2528312 loops=1)
        Buckets: 131072  Batches: 64  Memory Usage: 2425kB
        ->  Seq Scan on title t  (cost=0.00..61283.27 rows=2528527 width=4) (actual time=0.011..1075.813 rows=2528312 loops=1)
Planning time: 0.755 ms
Execution time: 5379.911 ms
