Hash Join  (cost=104131.46..1064886.15 rows=6353432 width=0) (actual time=2362.940..17300.197 rows=2395368 loops=1)
  Hash Cond: (ci.movie_id = t.id)
  ->  Seq Scan on cast_info ci  (cost=0.00..796071.18 rows=7215638 width=4) (actual time=352.936..12850.370 rows=2657873 loops=1)
        Filter: ((person_id > 2357315) AND (role_id < 3))
        Rows Removed by Filter: 33586471
  ->  Hash  (cost=67604.59..67604.59 rows=2226390 width=4) (actual time=2008.702..2008.702 rows=2224569 loops=1)
        Buckets: 131072  Batches: 32  Memory Usage: 3463kB
        ->  Seq Scan on title t  (cost=0.00..67604.59 rows=2226390 width=4) (actual time=0.030..1309.967 rows=2224569 loops=1)
              Filter: (production_year < 2012)
              Rows Removed by Filter: 303743
Planning time: 0.765 ms
Execution time: 17549.741 ms
