Hash Join  (cost=230774.36..1552512.22 rows=23621168 width=0) (actual time=5127.908..46492.578 rows=47034197 loops=1)
  Hash Cond: (ci.movie_id = t.id)
  ->  Seq Scan on cast_info ci  (cost=0.00..614943.12 rows=36225612 width=4) (actual time=0.011..12988.225 rows=36244344 loops=1)
  ->  Hash  (cost=203724.06..203724.06 rows=1648744 width=8) (actual time=5126.385..5126.385 rows=1647579 loops=1)
        Buckets: 131072  Batches: 32  Memory Usage: 3026kB
        ->  Hash Join  (cost=102767.86..203724.06 rows=1648744 width=8) (actual time=1841.072..4676.840 rows=1647579 loops=1)
              Hash Cond: (mc.movie_id = t.id)
              ->  Seq Scan on movie_companies mc  (cost=0.00..51404.11 rows=1648744 width=4) (actual time=0.023..1060.631 rows=1647579 loops=1)
                    Filter: (company_id > 3926)
                    Rows Removed by Filter: 961550
              ->  Hash  (cost=61283.27..61283.27 rows=2528527 width=4) (actual time=1839.326..1839.326 rows=2528312 loops=1)
                    Buckets: 131072  Batches: 64  Memory Usage: 2415kB
                    ->  Seq Scan on title t  (cost=0.00..61283.27 rows=2528527 width=4) (actual time=0.016..1007.100 rows=2528312 loops=1)
Planning time: 1.178 ms
Execution time: 51031.812 ms
