Hash Join  (cost=96184.51..184786.54 rows=1010999 width=0) (actual time=2168.955..4146.682 rows=293115 loops=1)
  Hash Cond: (mc.movie_id = t.id)
  ->  Seq Scan on movie_companies mc  (cost=0.00..51404.11 rows=1884249 width=4) (actual time=0.020..1101.544 rows=1891526 loops=1)
        Filter: (company_id > 1381)
        Rows Removed by Filter: 717603
  ->  Hash  (cost=73925.90..73925.90 rows=1356688 width=4) (actual time=1815.030..1815.030 rows=1327781 loops=1)
        Buckets: 131072  Batches: 32  Memory Usage: 2479kB
        ->  Seq Scan on title t  (cost=0.00..73925.90 rows=1356688 width=4) (actual time=0.023..1396.276 rows=1327781 loops=1)
              Filter: ((production_year < 2012) AND (kind_id = 7))
              Rows Removed by Filter: 1200531
Planning time: 1.550 ms
Execution time: 4182.089 ms
