Hash Join  (cost=88511.62..229892.55 rows=1590590 width=0) (actual time=1549.750..4932.357 rows=427137 loops=1)
  Hash Cond: (mk.movie_id = t.id)
  ->  Seq Scan on movie_keyword mk  (cost=0.00..69693.30 rows=4523930 width=4) (actual time=0.024..1394.095 rows=4523930 loops=1)
  ->  Hash  (cost=73925.90..73925.90 rows=889017 width=4) (actual time=1547.546..1547.546 rows=810813 loops=1)
        Buckets: 131072  Batches: 16  Memory Usage: 2812kB
        ->  Seq Scan on title t  (cost=0.00..73925.90 rows=889017 width=4) (actual time=0.017..1274.338 rows=810813 loops=1)
              Filter: ((kind_id > 4) AND (production_year < 2006))
              Rows Removed by Filter: 1717499
Planning time: 0.738 ms
Execution time: 4978.874 ms
