Hash Join  (cost=476662.12..612518.29 rows=1137113 width=0) (actual time=8590.130..12374.541 rows=358497 loops=1)
  Hash Cond: (mk.movie_id = t.id)
  ->  Seq Scan on movie_keyword mk  (cost=0.00..69693.30 rows=4523930 width=4) (actual time=0.011..1454.123 rows=4523930 loops=1)
  ->  Hash  (cost=466234.65..466234.65 rows=635558 width=8) (actual time=8559.479..8559.479 rows=195336 loops=1)
        Buckets: 131072  Batches: 16  Memory Usage: 1503kB
        ->  Hash Join  (cost=86638.94..466234.65 rows=635558 width=8) (actual time=1968.062..8497.377 rows=195336 loops=1)
              Hash Cond: (mi.movie_id = t.id)
              ->  Seq Scan on movie_info mi  (cost=0.00..346232.03 rows=2073893 width=4) (actual time=381.395..5700.233 rows=2091068 loops=1)
                    Filter: (info_type_id < 3)
                    Rows Removed by Filter: 12744652
              ->  Hash  (cost=73925.90..73925.90 rows=774883 width=4) (actual time=1585.691..1585.691 rows=844431 loops=1)
                    Buckets: 131072  Batches: 16  Memory Usage: 2894kB
                    ->  Seq Scan on title t  (cost=0.00..73925.90 rows=774883 width=4) (actual time=0.022..1313.661 rows=844431 loops=1)
                          Filter: ((kind_id > 4) AND (production_year > 2002))
                          Rows Removed by Filter: 1683881
Planning time: 1.200 ms
Execution time: 12415.366 ms
