Hash Join  (cost=84873.07..1216873.27 rows=9559004 width=0) (actual time=1552.921..36261.795 rows=11355348 loops=1)
  Hash Cond: (ci.movie_id = t.id)
  ->  Seq Scan on cast_info ci  (cost=0.00..614943.12 rows=36225612 width=4) (actual time=0.017..13586.598 rows=36244344 loops=1)
  ->  Hash  (cost=73925.90..73925.90 rows=667213 width=4) (actual time=1551.765..1551.765 rows=735772 loops=1)
        Buckets: 131072  Batches: 16  Memory Usage: 2647kB
        ->  Seq Scan on title t  (cost=0.00..73925.90 rows=667213 width=4) (actual time=0.021..1314.949 rows=735772 loops=1)
              Filter: ((kind_id > 3) AND (production_year > 2005))
              Rows Removed by Filter: 1792540
Planning time: 1.476 ms
Execution time: 37511.881 ms
