Seq Scan on movie_keyword mk  (cost=0.00..81003.12 rows=1181015 width=0) (actual time=0.020..1327.327 rows=1187878 loops=1)
  Filter: (keyword_id < 1417)
  Rows Removed by Filter: 3336052
Planning time: 0.333 ms
Execution time: 1471.494 ms
