Hash Join  (cost=161780.96..290847.03 rows=579803 width=0) (actual time=4962.296..6510.113 rows=325673 loops=1)
  Hash Cond: (mk.movie_id = t.id)
  ->  Seq Scan on movie_keyword mk  (cost=0.00..69693.30 rows=4523930 width=4) (actual time=0.018..1525.652 rows=4523930 loops=1)
  ->  Hash  (cost=156464.15..156464.15 rows=324065 width=8) (actual time=3224.504..3224.504 rows=147855 loops=1)
        Buckets: 131072  Batches: 8  Memory Usage: 1748kB
        ->  Hash Join  (cost=84037.34..156464.15 rows=324065 width=8) (actual time=1428.023..3179.355 rows=147855 loops=1)
              Hash Cond: (mc.movie_id = t.id)
              ->  Seq Scan on movie_companies mc  (cost=0.00..51404.11 rows=1329612 width=4) (actual time=0.018..985.874 rows=1334883 loops=1)
                    Filter: (company_type_id = 2)
                    Rows Removed by Filter: 1274246
              ->  Hash  (cost=73925.90..73925.90 rows=616275 width=4) (actual time=1426.867..1426.867 rows=676927 loops=1)
                    Buckets: 131072  Batches: 16  Memory Usage: 2516kB
                    ->  Seq Scan on title t  (cost=0.00..73925.90 rows=616275 width=4) (actual time=0.018..1213.074 rows=676927 loops=1)
                          Filter: ((production_year > 2005) AND (kind_id = 7))
                          Rows Removed by Filter: 1851385
Planning time: 1.332 ms
Execution time: 6544.794 ms
