Hash Join  (cost=74201.04..579013.18 rows=2343522 width=0) (actual time=1203.216..14967.689 rows=3656419 loops=1)
  Hash Cond: (mi.movie_id = t.id)
  ->  Seq Scan on movie_info mi  (cost=0.00..309384.22 rows=14739122 width=4) (actual time=0.006..6113.816 rows=14835720 loops=1)
  ->  Hash  (cost=67604.59..67604.59 rows=402036 width=4) (actual time=1202.249..1202.249 rows=395872 loops=1)
        Buckets: 131072  Batches: 8  Memory Usage: 2765kB
        ->  Seq Scan on title t  (cost=0.00..67604.59 rows=402036 width=4) (actual time=0.010..1072.568 rows=395872 loops=1)
              Filter: (production_year < 1972)
              Rows Removed by Filter: 2132440
Planning time: 0.634 ms
Execution time: 15408.237 ms
