Hash Join  (cost=217858.32..1106592.82 rows=2734357 width=0) (actual time=4906.420..20022.299 rows=3025499 loops=1)
  Hash Cond: (ci.movie_id = t.id)
  ->  Seq Scan on cast_info ci  (cost=0.00..796071.18 rows=5199935 width=4) (actual time=0.019..12833.690 rows=3104502 loops=1)
        Filter: ((person_id < 1508065) AND (role_id > 3))
        Rows Removed by Filter: 33139842
  ->  Hash  (cost=196044.17..196044.17 rows=1329612 width=8) (actual time=4905.164..4905.164 rows=1334883 loops=1)
        Buckets: 131072  Batches: 32  Memory Usage: 2639kB
        ->  Hash Join  (cost=102767.86..196044.17 rows=1329612 width=8) (actual time=1939.996..4527.273 rows=1334883 loops=1)
              Hash Cond: (mc.movie_id = t.id)
              ->  Seq Scan on movie_companies mc  (cost=0.00..51404.11 rows=1329612 width=4) (actual time=0.026..1029.311 rows=1334883 loops=1)
                    Filter: (company_type_id = 2)
                    Rows Removed by Filter: 1274246
              ->  Hash  (cost=61283.27..61283.27 rows=2528527 width=4) (actual time=1938.489..1938.489 rows=2528312 loops=1)
                    Buckets: 131072  Batches: 64  Memory Usage: 2415kB
                    ->  Seq Scan on title t  (cost=0.00..61283.27 rows=2528527 width=4) (actual time=0.014..1088.690 rows=2528312 loops=1)
Planning time: 1.163 ms
Execution time: 20297.768 ms
