Nested Loop  (cost=0.43..799703.28 rows=152 width=0) (actual time=4242.695..14533.320 rows=166 loops=1)
  ->  Seq Scan on cast_info ci  (cost=0.00..796071.18 rows=435 width=4) (actual time=4242.589..14528.896 rows=193 loops=1)
        Filter: ((role_id < 10) AND (person_id = 996170))
        Rows Removed by Filter: 36244151
  ->  Index Scan using title_pkey on title t  (cost=0.43..8.34 rows=1 width=4) (actual time=0.022..0.022 rows=1 loops=193)
        Index Cond: (id = ci.movie_id)
        Filter: (production_year < 1997)
        Rows Removed by Filter: 0
Planning time: 0.926 ms
Execution time: 14533.465 ms
