Seq Scan on cast_info ci  (cost=0.00..796071.18 rows=176 width=0) (actual time=2143.332..9894.869 rows=7 loops=1)
  Filter: ((person_id = 1621214) AND (role_id = 1))
  Rows Removed by Filter: 36244337
Planning time: 0.423 ms
Execution time: 9895.007 ms
