Seq Scan on cast_info ci  (cost=0.00..796071.18 rows=8943648 width=0) (actual time=1052.965..14654.065 rows=5020901 loops=1)
  Filter: ((person_id > 1042766) AND (role_id = 1))
  Rows Removed by Filter: 31223443
Planning time: 0.467 ms
Execution time: 15277.485 ms
