Hash Join  (cost=207381.56..1237498.46 rows=5469261 width=0) (actual time=5530.177..39282.304 rows=13463945 loops=1)
  Hash Cond: (ci.movie_id = t.id)
  ->  Seq Scan on cast_info ci  (cost=0.00..796071.18 rows=15204297 width=4) (actual time=180.215..17689.922 rows=20122661 loops=1)
        Filter: ((person_id < 2818036) AND (role_id < 3))
        Rows Removed by Filter: 16121683
  ->  Hash  (cost=192459.09..192459.09 rows=909557 width=8) (actual time=5349.037..5349.037 rows=1097627 loops=1)
        Buckets: 131072  Batches: 16  Memory Usage: 3698kB
        ->  Hash Join  (cost=102767.86..192459.09 rows=909557 width=8) (actual time=2770.542..5019.566 rows=1097627 loops=1)
              Hash Cond: (mc.movie_id = t.id)
              ->  Seq Scan on movie_companies mc  (cost=0.00..57926.93 rows=909557 width=4) (actual time=175.899..1088.299 rows=1097627 loops=1)
                    Filter: ((company_id > 1907) AND (company_type_id > 1))
                    Rows Removed by Filter: 1511502
              ->  Hash  (cost=61283.27..61283.27 rows=2528527 width=4) (actual time=2593.347..2593.347 rows=2528312 loops=1)
                    Buckets: 131072  Batches: 64  Memory Usage: 2415kB
                    ->  Seq Scan on title t  (cost=0.00..61283.27 rows=2528527 width=4) (actual time=0.026..1040.614 rows=2528312 loops=1)
Planning time: 2.792 ms
Execution time: 40837.665 ms
