Hash Join  (cost=69460.45..441043.29 rows=92772 width=0) (actual time=1254.737..7850.672 rows=82590 loops=1)
  Hash Cond: (mi.movie_id = t.id)
  ->  Seq Scan on movie_info mi  (cost=0.00..346232.03 rows=2073893 width=4) (actual time=0.018..5772.116 rows=2091068 loops=1)
        Filter: (info_type_id < 3)
        Rows Removed by Filter: 12744652
  ->  Hash  (cost=67604.59..67604.59 rows=113109 width=4) (actual time=1253.959..1253.959 rows=119565 loops=1)
        Buckets: 131072  Batches: 2  Memory Usage: 3121kB
        ->  Seq Scan on title t  (cost=0.00..67604.59 rows=113109 width=4) (actual time=0.026..1207.746 rows=119565 loops=1)
              Filter: (production_year = 2007)
              Rows Removed by Filter: 2408747
Planning time: 1.535 ms
Execution time: 7861.947 ms
