Hash Join  (cost=102767.86..223622.47 rows=1245630 width=0) (actual time=2235.495..5068.284 rows=1257671 loops=1)
  Hash Cond: (mk.movie_id = t.id)
  ->  Seq Scan on movie_keyword mk  (cost=0.00..81003.12 rows=1245630 width=4) (actual time=0.022..1554.581 rows=1257671 loops=1)
        Filter: (keyword_id > 14276)
        Rows Removed by Filter: 3266259
  ->  Hash  (cost=61283.27..61283.27 rows=2528527 width=4) (actual time=2234.114..2234.114 rows=2528312 loops=1)
        Buckets: 131072  Batches: 64  Memory Usage: 2425kB
        ->  Seq Scan on title t  (cost=0.00..61283.27 rows=2528527 width=4) (actual time=0.007..1087.728 rows=2528312 loops=1)
Planning time: 0.739 ms
Execution time: 5207.036 ms
