Hash Join  (cost=83810.17..222421.14 rows=1357302 width=0) (actual time=1536.784..5634.825 rows=2951120 loops=1)
  Hash Cond: (mk.movie_id = t.id)
  ->  Seq Scan on movie_keyword mk  (cost=0.00..81003.12 rows=3474618 width=4) (actual time=0.024..1825.450 rows=3466287 loops=1)
        Filter: (keyword_id > 1050)
        Rows Removed by Filter: 1057643
  ->  Hash  (cost=67604.59..67604.59 rows=987727 width=4) (actual time=1531.618..1531.618 rows=985048 loops=1)
        Buckets: 131072  Batches: 16  Memory Usage: 3197kB
        ->  Seq Scan on title t  (cost=0.00..67604.59 rows=987727 width=4) (actual time=0.015..1223.966 rows=985048 loops=1)
              Filter: (kind_id < 7)
              Rows Removed by Filter: 1543264
Planning time: 0.733 ms
Execution time: 5946.907 ms
