Seq Scan on movie_companies mc  (cost=0.00..57926.93 rows=778529 width=0) (actual time=0.026..1111.019 rows=1072770 loops=1)
  Filter: ((company_id < 15544) AND (company_type_id = 1))
  Rows Removed by Filter: 1536359
Planning time: 0.394 ms
Execution time: 1241.244 ms
