Hash Join  (cost=124985.26..490889.03 rows=124784 width=0) (actual time=2414.895..10212.310 rows=347937 loops=1)
  Hash Cond: (mi.movie_id = t.id)
  ->  Seq Scan on movie_info mi  (cost=0.00..309384.22 rows=14739122 width=4) (actual time=0.011..4322.052 rows=14835720 loops=1)
  ->  Hash  (cost=124717.68..124717.68 rows=21407 width=8) (actual time=2414.163..2414.163 rows=19780 loops=1)
        Buckets: 32768  Batches: 1  Memory Usage: 1029kB
        ->  Hash Join  (cost=68113.45..124717.68 rows=21407 width=8) (actual time=1244.970..2406.267 rows=19780 loops=1)
              Hash Cond: (mc.movie_id = t.id)
              ->  Seq Scan on movie_companies mc  (cost=0.00..51404.11 rows=1329612 width=4) (actual time=97.892..949.651 rows=1334883 loops=1)
                    Filter: (company_type_id > 1)
                    Rows Removed by Filter: 1274246
              ->  Hash  (cost=67604.59..67604.59 rows=40709 width=4) (actual time=1146.542..1146.542 rows=38955 loops=1)
                    Buckets: 65536  Batches: 1  Memory Usage: 1882kB
                    ->  Seq Scan on title t  (cost=0.00..67604.59 rows=40709 width=4) (actual time=0.028..1130.124 rows=38955 loops=1)
                          Filter: (production_year = 1997)
                          Rows Removed by Filter: 2489357
Planning time: 1.200 ms
Execution time: 10260.091 ms
