Hash Join  (cost=532159.52..1472390.66 rows=4914992 width=0) (actual time=10399.244..27339.551 rows=9043873 loops=1)
  Hash Cond: (ci.movie_id = t.id)
  ->  Seq Scan on cast_info ci  (cost=0.00..796071.18 rows=6863208 width=4) (actual time=360.107..13126.244 rows=2918032 loops=1)
        Filter: ((person_id < 1022895) AND (role_id > 1))
        Rows Removed by Filter: 33326312
  ->  Hash  (cost=502450.90..502450.90 rows=1810770 width=8) (actual time=10037.388..10037.388 rows=1865632 loops=1)
        Buckets: 131072  Batches: 32  Memory Usage: 3181kB
        ->  Hash Join  (cost=102767.86..502450.90 rows=1810770 width=8) (actual time=2025.385..9562.613 rows=1865632 loops=1)
              Hash Cond: (mi.movie_id = t.id)
              ->  Seq Scan on movie_info mi  (cost=0.00..346232.03 rows=1810770 width=4) (actual time=144.714..5934.389 rows=1865632 loops=1)
                    Filter: (info_type_id > 17)
                    Rows Removed by Filter: 12970088
              ->  Hash  (cost=61283.27..61283.27 rows=2528527 width=4) (actual time=1879.876..1879.876 rows=2528312 loops=1)
                    Buckets: 131072  Batches: 64  Memory Usage: 2425kB
                    ->  Seq Scan on title t  (cost=0.00..61283.27 rows=2528527 width=4) (actual time=0.013..1031.838 rows=2528312 loops=1)
Planning time: 1.236 ms
Execution time: 28378.207 ms
