Hash Join  (cost=100948.70..187651.00 rows=4426 width=0) (actual time=2948.642..3601.507 rows=9702 loops=1)
  Hash Cond: (mk.movie_id = t.id)
  ->  Seq Scan on movie_keyword mk  (cost=0.00..69693.30 rows=4523930 width=4) (actual time=0.022..940.904 rows=4523930 loops=1)
  ->  Hash  (cost=100917.78..100917.78 rows=2474 width=8) (actual time=1839.682..1839.682 rows=2970 loops=1)
        Buckets: 4096  Batches: 1  Memory Usage: 149kB
        ->  Hash Join  (cost=73982.55..100917.78 rows=2474 width=8) (actual time=1380.999..1838.498 rows=2970 loops=1)
              Hash Cond: (mi_idx.movie_id = t.id)
              ->  Seq Scan on movie_info_idx mi_idx  (cost=0.00..21735.35 rows=1380035 width=4) (actual time=0.016..361.937 rows=1380035 loops=1)
              ->  Hash  (cost=73925.90..73925.90 rows=4532 width=4) (actual time=1175.842..1175.842 rows=7822 loops=1)
                    Buckets: 8192  Batches: 1  Memory Usage: 339kB
                    ->  Seq Scan on title t  (cost=0.00..73925.90 rows=4532 width=4) (actual time=68.186..1172.191 rows=7822 loops=1)
                          Filter: ((kind_id = 7) AND (production_year = 1974))
                          Rows Removed by Filter: 2520490
Planning time: 1.240 ms
Execution time: 3602.944 ms
