Seq Scan on movie_keyword mk  (cost=0.00..81003.12 rows=3554349 width=0) (actual time=0.026..1452.284 rows=3548898 loops=1)
  Filter: (keyword_id < 19229)
  Rows Removed by Filter: 975032
Planning time: 0.331 ms
Execution time: 1879.548 ms
