Nested Loop  (cost=0.43..83072.29 rows=181 width=0) (actual time=0.993..1334.613 rows=4350 loops=1)
  ->  Seq Scan on movie_keyword mk  (cost=0.00..81003.12 rows=246 width=4) (actual time=0.944..1284.179 rows=4361 loops=1)
        Filter: (keyword_id = 29032)
        Rows Removed by Filter: 4519569
  ->  Index Scan using title_pkey on title t  (cost=0.43..8.40 rows=1 width=4) (actual time=0.011..0.011 rows=1 loops=4361)
        Index Cond: (id = mk.movie_id)
        Filter: (kind_id > 1)
        Rows Removed by Filter: 0
Planning time: 0.544 ms
Execution time: 1336.770 ms
