Hash Join  (cost=83074.74..434326.74 rows=130 width=0) (actual time=4561.945..7096.946 rows=18 loops=1)
  Hash Cond: (mi.movie_id = t.id)
  ->  Seq Scan on movie_info mi  (cost=0.00..346232.03 rows=1338312 width=4) (actual time=2959.498..5571.439 rows=1401902 loops=1)
        Filter: (info_type_id = 7)
        Rows Removed by Filter: 13433818
  ->  Hash  (cost=83071.67..83071.67 rows=246 width=8) (actual time=1329.948..1329.948 rows=5 loops=1)
        Buckets: 1024  Batches: 1  Memory Usage: 9kB
        ->  Nested Loop  (cost=0.43..83071.67 rows=246 width=8) (actual time=151.463..1329.934 rows=5 loops=1)
              ->  Seq Scan on movie_keyword mk  (cost=0.00..81003.12 rows=246 width=4) (actual time=151.299..1329.595 rows=5 loops=1)
                    Filter: (keyword_id = 87686)
                    Rows Removed by Filter: 4523925
              ->  Index Only Scan using title_pkey on title t  (cost=0.43..8.40 rows=1 width=4) (actual time=0.050..0.051 rows=1 loops=5)
                    Index Cond: (id = mk.movie_id)
                    Heap Fetches: 5
Planning time: 1.214 ms
Execution time: 7097.049 ms
