Hash Join  (cost=74574.97..442257.68 rows=302678 width=0) (actual time=1335.196..8701.338 rows=126499 loops=1)
  Hash Cond: (mi.movie_id = t.id)
  ->  Seq Scan on movie_info mi  (cost=0.00..309384.22 rows=14739122 width=4) (actual time=0.012..3816.003 rows=14835720 loops=1)
  ->  Hash  (cost=73925.90..73925.90 rows=51925 width=4) (actual time=1186.679..1186.679 rows=56480 loops=1)
        Buckets: 65536  Batches: 1  Memory Usage: 2498kB
        ->  Seq Scan on title t  (cost=0.00..73925.90 rows=51925 width=4) (actual time=0.022..1163.616 rows=56480 loops=1)
              Filter: ((kind_id = 7) AND (production_year = 2004))
              Rows Removed by Filter: 2471832
Planning time: 0.759 ms
Execution time: 8730.356 ms
