Seq Scan on cast_info ci  (cost=0.00..796071.18 rows=2875961 width=0) (actual time=3249.931..14804.589 rows=1673517 loops=1)
  Filter: ((person_id < 2695559) AND (role_id = 3))
  Rows Removed by Filter: 34570827
Planning time: 0.309 ms
Execution time: 15016.942 ms
