Seq Scan on movie_keyword mk  (cost=0.00..81003.12 rows=3588122 width=0) (actual time=0.016..1669.440 rows=3579118 loops=1)
  Filter: (keyword_id < 20095)
  Rows Removed by Filter: 944812
Planning time: 0.321 ms
Execution time: 2112.687 ms
