Hash Join  (cost=263679.65..856762.88 rows=8889543 width=0) (actual time=5426.120..19201.812 rows=3567450 loops=1)
  Hash Cond: (mi.movie_id = t.id)
  ->  Seq Scan on movie_info mi  (cost=0.00..309384.22 rows=14739122 width=4) (actual time=0.010..6259.710 rows=14835720 loops=1)
  ->  Hash  (cost=238658.92..238658.92 rows=1525019 width=8) (actual time=5423.698..5423.698 rows=336063 loops=1)
        Buckets: 131072  Batches: 32  Memory Usage: 1426kB
        ->  Hash Join  (cost=88391.98..238658.92 rows=1525019 width=8) (actual time=1524.072..5327.692 rows=336063 loops=1)
              Hash Cond: (mk.movie_id = t.id)
              ->  Seq Scan on movie_keyword mk  (cost=0.00..81003.12 rows=4373499 width=4) (actual time=0.024..1885.054 rows=4360169 loops=1)
                    Filter: (keyword_id > 117)
                    Rows Removed by Filter: 163761
              ->  Hash  (cost=73925.90..73925.90 rows=881686 width=4) (actual time=1521.292..1521.292 rows=801513 loops=1)
                    Buckets: 131072  Batches: 16  Memory Usage: 2792kB
                    ->  Seq Scan on title t  (cost=0.00..73925.90 rows=881686 width=4) (actual time=0.016..1253.795 rows=801513 loops=1)
                          Filter: ((production_year < 2006) AND (kind_id = 7))
                          Rows Removed by Filter: 1726799
Planning time: 1.204 ms
Execution time: 19588.903 ms
