Hash Join  (cost=93155.63..951838.07 rows=1660709 width=0) (actual time=4345.684..19715.610 rows=1689121 loops=1)
  Hash Cond: (ci.movie_id = t.id)
  ->  Seq Scan on cast_info ci  (cost=0.00..796071.18 rows=3582713 width=4) (actual time=2580.615..15011.119 rows=3726430 loops=1)
        Filter: ((person_id > 349596) AND (role_id = 3))
        Rows Removed by Filter: 32517914
  ->  Hash  (cost=73925.90..73925.90 rows=1172058 width=4) (actual time=1763.457..1763.457 rows=1128906 loops=1)
        Buckets: 131072  Batches: 16  Memory Usage: 3503kB
        ->  Seq Scan on title t  (cost=0.00..73925.90 rows=1172058 width=4) (actual time=0.042..1411.075 rows=1128906 loops=1)
              Filter: ((production_year < 2010) AND (kind_id = 7))
              Rows Removed by Filter: 1399406
Planning time: 0.745 ms
Execution time: 19900.305 ms
