Hash Join  (cost=68113.45..129782.98 rows=15407 width=0) (actual time=1021.667..2182.554 rows=15795 loops=1)
  Hash Cond: (mc.movie_id = t.id)
  ->  Seq Scan on movie_companies mc  (cost=0.00..57926.93 rows=956939 width=4) (actual time=0.028..934.257 rows=1124751 loops=1)
        Filter: ((company_id > 1406) AND (company_type_id > 1))
        Rows Removed by Filter: 1484378
  ->  Hash  (cost=67604.59..67604.59 rows=40709 width=4) (actual time=1021.094..1021.094 rows=38955 loops=1)
        Buckets: 65536  Batches: 1  Memory Usage: 1882kB
        ->  Seq Scan on title t  (cost=0.00..67604.59 rows=40709 width=4) (actual time=0.018..1004.764 rows=38955 loops=1)
              Filter: (production_year = 1997)
              Rows Removed by Filter: 2489357
Planning time: 2.947 ms
Execution time: 2184.676 ms
