Hash Join  (cost=797960.46..824872.16 rows=122 width=0) (actual time=13901.687..14017.121 rows=3 loops=1)
  Hash Cond: (mi_idx.movie_id = t.id)
  ->  Seq Scan on movie_info_idx mi_idx  (cost=0.00..21735.35 rows=1380035 width=4) (actual time=0.020..301.340 rows=1380035 loops=1)
  ->  Hash  (cost=797957.66..797957.66 rows=224 width=8) (actual time=13468.698..13468.698 rows=1 loops=1)
        Buckets: 1024  Batches: 1  Memory Usage: 9kB
        ->  Nested Loop  (cost=0.43..797957.66 rows=224 width=8) (actual time=5516.717..13468.668 rows=1 loops=1)
              ->  Seq Scan on cast_info ci  (cost=0.00..796071.18 rows=224 width=4) (actual time=5516.531..13468.475 rows=1 loops=1)
                    Filter: ((role_id > 2) AND (person_id = 2698355))
                    Rows Removed by Filter: 36244343
              ->  Index Only Scan using title_pkey on title t  (cost=0.43..8.41 rows=1 width=4) (actual time=0.103..0.104 rows=1 loops=1)
                    Index Cond: (id = ci.movie_id)
                    Heap Fetches: 1
Planning time: 1.210 ms
Execution time: 14017.218 ms
