Seq Scan on cast_info ci  (cost=0.00..705507.15 rows=500 width=0) (actual time=2424.121..9073.399 rows=161 loops=1)
  Filter: (person_id = 2564986)
  Rows Removed by Filter: 36244183
Planning time: 0.355 ms
Execution time: 9073.501 ms
