Hash Join  (cost=97892.67..207946.41 rows=777733 width=0) (actual time=3119.742..4281.757 rows=211784 loops=1)
  Hash Cond: (mk.movie_id = t.id)
  ->  Seq Scan on movie_keyword mk  (cost=0.00..81003.12 rows=1346210 width=4) (actual time=0.016..1390.739 rows=1355799 loops=1)
        Filter: (keyword_id > 12403)
        Rows Removed by Filter: 3168131
  ->  Hash  (cost=73925.90..73925.90 rows=1460781 width=4) (actual time=1943.176..1943.176 rows=1478439 loops=1)
        Buckets: 131072  Batches: 32  Memory Usage: 2656kB
        ->  Seq Scan on title t  (cost=0.00..73925.90 rows=1460781 width=4) (actual time=142.146..1448.134 rows=1478439 loops=1)
              Filter: ((production_year > 1915) AND (kind_id = 7))
              Rows Removed by Filter: 1049873
Planning time: 0.756 ms
Execution time: 4308.741 ms
