Hash Join  (cost=114617.40..866054.71 rows=64814 width=0) (actual time=1396.019..17875.765 rows=184167 loops=1)
  Hash Cond: (ci.movie_id = t.id)
  ->  Seq Scan on cast_info ci  (cost=0.00..614943.12 rows=36225612 width=4) (actual time=0.013..8880.682 rows=36244344 loops=1)
  ->  Hash  (cost=114560.85..114560.85 rows=4524 width=8) (actual time=1395.770..1395.770 rows=3515 loops=1)
        Buckets: 8192  Batches: 1  Memory Usage: 202kB
        ->  Nested Loop  (cost=0.43..114560.85 rows=4524 width=8) (actual time=0.522..1393.521 rows=3515 loops=1)
              ->  Seq Scan on movie_keyword mk  (cost=0.00..81003.12 rows=4524 width=4) (actual time=0.441..1245.859 rows=3515 loops=1)
                    Filter: (keyword_id = 2926)
                    Rows Removed by Filter: 4520415
              ->  Index Only Scan using title_pkey on title t  (cost=0.43..7.41 rows=1 width=4) (actual time=0.041..0.041 rows=1 loops=3515)
                    Index Cond: (id = mk.movie_id)
                    Heap Fetches: 3515
Planning time: 1.077 ms
Execution time: 17909.685 ms
