Hash Join  (cost=240808.68..867090.32 rows=12000881 width=0) (actual time=5919.143..31499.300 rows=52122230 loops=1)
  Hash Cond: (mi.movie_id = t.id)
  ->  Seq Scan on movie_info mi  (cost=0.00..309384.22 rows=14739122 width=4) (actual time=0.018..5826.644 rows=14835720 loops=1)
  ->  Hash  (cost=207030.98..207030.98 rows=2058776 width=8) (actual time=5917.207..5917.207 rows=1801271 loops=1)
        Buckets: 131072  Batches: 32  Memory Usage: 3273kB
        ->  Hash Join  (cost=100338.29..207030.98 rows=2058776 width=8) (actual time=2067.432..5348.610 rows=1801271 loops=1)
              Hash Cond: (mc.movie_id = t.id)
              ->  Seq Scan on movie_companies mc  (cost=0.00..44881.29 rows=2609129 width=4) (actual time=0.011..846.403 rows=2609129 loops=1)
              ->  Hash  (cost=67604.59..67604.59 rows=1995176 width=4) (actual time=2066.564..2066.564 rows=1990655 loops=1)
                    Buckets: 131072  Batches: 32  Memory Usage: 3218kB
                    ->  Seq Scan on title t  (cost=0.00..67604.59 rows=1995176 width=4) (actual time=0.011..1425.450 rows=1990655 loops=1)
                          Filter: (production_year > 1976)
                          Rows Removed by Filter: 537657
Planning time: 1.950 ms
Execution time: 36944.494 ms
