Hash Join  (cost=122558.31..613058.04 rows=1002182 width=0) (actual time=2373.463..14351.874 rows=4574113 loops=1)
  Hash Cond: (mi.movie_id = t.id)
  ->  Seq Scan on movie_info mi  (cost=0.00..309384.22 rows=14739122 width=4) (actual time=0.010..5251.727 rows=14835720 loops=1)
  ->  Hash  (cost=119737.23..119737.23 rows=171926 width=8) (actual time=2356.158..2356.158 rows=215128 loops=1)
        Buckets: 131072  Batches: 4  Memory Usage: 3132kB
        ->  Hash Join  (cost=79094.49..119737.23 rows=171926 width=8) (actual time=1337.600..2298.233 rows=215128 loops=1)
              Hash Cond: (mi_idx.movie_id = t.id)
              ->  Seq Scan on movie_info_idx mi_idx  (cost=0.00..21735.35 rows=1380035 width=4) (actual time=0.014..447.992 rows=1380035 loops=1)
              ->  Hash  (cost=73925.90..73925.90 rows=315007 width=4) (actual time=1223.865..1223.865 rows=244789 loops=1)
                    Buckets: 131072  Batches: 8  Memory Usage: 2099kB
                    ->  Seq Scan on title t  (cost=0.00..73925.90 rows=315007 width=4) (actual time=359.044..1145.338 rows=244789 loops=1)
                          Filter: ((production_year > 2003) AND (kind_id = 1))
                          Rows Removed by Filter: 2283523
Planning time: 1.191 ms
Execution time: 14838.227 ms
