Hash Join  (cost=204380.13..1277207.15 rows=3798785 width=0) (actual time=4295.450..37031.128 rows=11534719 loops=1)
  Hash Cond: (ci.movie_id = t.id)
  ->  Seq Scan on cast_info ci  (cost=0.00..614943.12 rows=36225612 width=4) (actual time=0.018..13105.203 rows=36244344 loops=1)
  ->  Hash  (cost=200029.72..200029.72 rows=265153 width=8) (actual time=4294.639..4294.639 rows=283847 loops=1)
        Buckets: 131072  Batches: 4  Memory Usage: 3813kB
        ->  Hash Join  (cost=102767.86..200029.72 rows=265153 width=8) (actual time=2122.723..4202.519 rows=283847 loops=1)
              Hash Cond: (mk.movie_id = t.id)
              ->  Seq Scan on movie_keyword mk  (cost=0.00..81003.12 rows=265153 width=4) (actual time=0.027..1400.737 rows=283847 loops=1)
                    Filter: (keyword_id < 236)
                    Rows Removed by Filter: 4240083
              ->  Hash  (cost=61283.27..61283.27 rows=2528527 width=4) (actual time=2120.325..2120.325 rows=2528312 loops=1)
                    Buckets: 131072  Batches: 64  Memory Usage: 2425kB
                    ->  Seq Scan on title t  (cost=0.00..61283.27 rows=2528527 width=4) (actual time=0.022..1034.119 rows=2528312 loops=1)
Planning time: 1.119 ms
Execution time: 38351.793 ms
