Hash Join  (cost=84865.68..477271.37 rows=809094 width=0) (actual time=1812.734..9217.977 rows=888245 loops=1)
  Hash Cond: (mi.movie_id = t.id)
  ->  Seq Scan on movie_info mi  (cost=0.00..346232.03 rows=3068194 width=4) (actual time=436.356..5809.367 rows=3036719 loops=1)
        Filter: (info_type_id = 16)
        Rows Removed by Filter: 11799001
  ->  Hash  (cost=73925.90..73925.90 rows=666782 width=4) (actual time=1375.176..1375.176 rows=566088 loops=1)
        Buckets: 131072  Batches: 16  Memory Usage: 2272kB
        ->  Seq Scan on title t  (cost=0.00..73925.90 rows=666782 width=4) (actual time=0.039..1195.760 rows=566088 loops=1)
              Filter: ((kind_id < 7) AND (production_year > 1992))
              Rows Removed by Filter: 1962224
Planning time: 0.737 ms
Execution time: 9324.859 ms
