Hash Join  (cost=84175.84..219796.01 rows=1117713 width=0) (actual time=1410.130..4992.701 rows=495682 loops=1)
  Hash Cond: (mk.movie_id = t.id)
  ->  Seq Scan on movie_keyword mk  (cost=0.00..69693.30 rows=4523930 width=4) (actual time=0.015..1485.177 rows=4523930 loops=1)
  ->  Hash  (cost=73925.90..73925.90 rows=624715 width=4) (actual time=1405.160..1405.160 rows=501928 loops=1)
        Buckets: 131072  Batches: 16  Memory Usage: 2135kB
        ->  Seq Scan on title t  (cost=0.00..73925.90 rows=624715 width=4) (actual time=0.022..1237.496 rows=501928 loops=1)
              Filter: ((kind_id > 1) AND (production_year < 1996))
              Rows Removed by Filter: 2026384
Planning time: 0.757 ms
Execution time: 5048.738 ms
