Hash Join  (cost=206357.69..1271422.47 rows=2539070 width=0) (actual time=4167.142..33337.995 rows=8257365 loops=1)
  Hash Cond: (ci.movie_id = t.id)
  ->  Seq Scan on cast_info ci  (cost=0.00..705507.15 rows=28825594 width=4) (actual time=0.028..15591.432 rows=28787474 loops=1)
        Filter: (person_id < 2925860)
        Rows Removed by Filter: 7456870
  ->  Hash  (cost=202702.67..202702.67 rows=222722 width=8) (actual time=4166.304..4166.304 rows=176938 loops=1)
        Buckets: 131072  Batches: 4  Memory Usage: 2753kB
        ->  Hash Join  (cost=76444.38..202702.67 rows=222722 width=8) (actual time=1225.421..4119.865 rows=176938 loops=1)
              Hash Cond: (mk.movie_id = t.id)
              ->  Seq Scan on movie_keyword mk  (cost=0.00..81003.12 rows=3669318 width=4) (actual time=0.019..1631.904 rows=3664519 loops=1)
                    Filter: (keyword_id > 816)
                    Rows Removed by Filter: 859411
              ->  Hash  (cost=73925.90..73925.90 rows=153478 width=4) (actual time=1223.664..1223.664 rows=134760 loops=1)
                    Buckets: 131072  Batches: 4  Memory Usage: 2222kB
                    ->  Seq Scan on title t  (cost=0.00..73925.90 rows=153478 width=4) (actual time=0.012..1174.924 rows=134760 loops=1)
                          Filter: ((kind_id < 7) AND (production_year > 2010))
                          Rows Removed by Filter: 2393552
Planning time: 3.336 ms
Execution time: 34262.337 ms
