Seq Scan on movie_companies mc  (cost=0.00..57926.93 rows=51 width=0) (actual time=130.392..835.104 rows=156 loops=1)
  Filter: ((company_id = 14329) AND (company_type_id = 1))
  Rows Removed by Filter: 2608973
Planning time: 0.339 ms
Execution time: 835.256 ms
