Hash Join  (cost=762539.04..2189720.24 rows=41102376 width=0) (actual time=18328.369..69228.169 rows=119776913 loops=1)
  Hash Cond: (ci.movie_id = t.id)
  ->  Seq Scan on cast_info ci  (cost=0.00..705507.15 rows=13850503 width=4) (actual time=1184.958..13582.445 rows=14025555 loops=1)
        Filter: (person_id > 2263854)
        Rows Removed by Filter: 22218789
  ->  Hash  (cost=639433.19..639433.19 rows=7503588 width=8) (actual time=17142.264..17142.264 rows=7548855 loops=1)
        Buckets: 131072  Batches: 128  Memory Usage: 3325kB
        ->  Hash Join  (cost=102767.86..639433.19 rows=7503588 width=8) (actual time=1899.470..15043.332 rows=7548855 loops=1)
              Hash Cond: (mi.movie_id = t.id)
              ->  Seq Scan on movie_info mi  (cost=0.00..346232.03 rows=7503588 width=4) (actual time=0.028..6327.686 rows=7548855 loops=1)
                    Filter: (info_type_id > 7)
                    Rows Removed by Filter: 7286865
              ->  Hash  (cost=61283.27..61283.27 rows=2528527 width=4) (actual time=1898.058..1898.058 rows=2528312 loops=1)
                    Buckets: 131072  Batches: 64  Memory Usage: 2425kB
                    ->  Seq Scan on title t  (cost=0.00..61283.27 rows=2528527 width=4) (actual time=0.018..1023.254 rows=2528312 loops=1)
Planning time: 1.507 ms
Execution time: 82308.960 ms
