Hash Join  (cost=159603.36..543297.30 rows=192576 width=0) (actual time=2981.821..10541.373 rows=68239 loops=1)
  Hash Cond: (mi.movie_id = t.id)
  ->  Seq Scan on movie_info mi  (cost=0.00..346232.03 rows=9476311 width=4) (actual time=0.016..5895.700 rows=9565151 loops=1)
        Filter: (info_type_id < 16)
        Rows Removed by Filter: 5270569
  ->  Hash  (cost=158961.06..158961.06 rows=51384 width=8) (actual time=2910.908..2910.908 rows=6802 loops=1)
        Buckets: 65536  Batches: 1  Memory Usage: 778kB
        ->  Hash Join  (cost=68268.32..158961.06 rows=51384 width=8) (actual time=1031.876..2907.424 rows=6802 loops=1)
              Hash Cond: (mk.movie_id = t.id)
              ->  Seq Scan on movie_keyword mk  (cost=0.00..81003.12 rows=2446873 width=4) (actual time=0.020..1414.909 rows=2436727 loops=1)
                    Filter: (keyword_id > 3729)
                    Rows Removed by Filter: 2087203
              ->  Hash  (cost=67604.59..67604.59 rows=53099 width=4) (actual time=1031.432..1031.432 rows=51722 loops=1)
                    Buckets: 65536  Batches: 1  Memory Usage: 2331kB
                    ->  Seq Scan on title t  (cost=0.00..67604.59 rows=53099 width=4) (actual time=145.836..1011.617 rows=51722 loops=1)
                          Filter: (production_year < 1914)
                          Rows Removed by Filter: 2476590
Planning time: 1.150 ms
Execution time: 10551.035 ms
