Seq Scan on cast_info ci  (cost=0.00..705507.15 rows=24565898 width=0) (actual time=0.039..13088.156 rows=24538872 loops=1)
  Filter: (person_id < 2522354)
  Rows Removed by Filter: 11705472
Planning time: 0.316 ms
Execution time: 16171.569 ms
