Nested Loop  (cost=0.43..98876.19 rows=1202 width=0) (actual time=718.560..944.646 rows=2535 loops=1)
  ->  Seq Scan on movie_companies mc  (cost=0.00..57926.93 rows=5681 width=4) (actual time=718.516..832.293 rows=10189 loops=1)
        Filter: ((company_id > 225271) AND (company_type_id > 1))
        Rows Removed by Filter: 2598940
  ->  Index Scan using title_pkey on title t  (cost=0.43..7.20 rows=1 width=4) (actual time=0.011..0.011 rows=0 loops=10189)
        Index Cond: (id = mc.movie_id)
        Filter: (production_year > 2009)
        Rows Removed by Filter: 1
Planning time: 0.509 ms
Execution time: 945.188 ms
