Seq Scan on title t  (cost=0.00..73925.90 rows=1446144 width=0) (actual time=0.012..1269.373 rows=1429781 loops=1)
  Filter: ((kind_id > 2) AND (production_year < 2011))
  Rows Removed by Filter: 1098531
Planning time: 0.340 ms
Execution time: 1464.833 ms
