Seq Scan on movie_companies mc  (cost=0.00..57926.93 rows=51 width=0) (actual time=245.116..966.775 rows=1457 loops=1)
  Filter: ((company_type_id < 2) AND (company_id = 265))
  Rows Removed by Filter: 2607672
Planning time: 1.716 ms
Execution time: 967.112 ms
