Nested Loop  (cost=0.43..80587.75 rows=380 width=0) (actual time=724.000..1091.252 rows=3555 loops=1)
  ->  Seq Scan on movie_companies mc  (cost=0.00..57926.93 rows=2925 width=4) (actual time=0.799..906.497 rows=6282 loops=1)
        Filter: ((company_type_id > 1) AND (company_id = 1284))
        Rows Removed by Filter: 2602847
  ->  Index Scan using title_pkey on title t  (cost=0.43..7.74 rows=1 width=4) (actual time=0.029..0.029 rows=1 loops=6282)
        Index Cond: (id = mc.movie_id)
        Filter: ((production_year < 1982) AND (kind_id = 7))
        Rows Removed by Filter: 0
Planning time: 0.531 ms
Execution time: 1092.211 ms
