Hash Join  (cost=86300.63..234332.69 rows=1314107 width=0) (actual time=1540.553..5413.176 rows=647814 loops=1)
  Hash Cond: (mk.movie_id = t.id)
  ->  Seq Scan on movie_keyword mk  (cost=0.00..81003.12 rows=4405564 width=4) (actual time=0.025..1860.487 rows=4407486 loops=1)
        Filter: (keyword_id < 78800)
        Rows Removed by Filter: 116444
  ->  Hash  (cost=73925.90..73925.90 rows=754218 width=4) (actual time=1538.061..1538.061 rows=647556 loops=1)
        Buckets: 131072  Batches: 16  Memory Usage: 2457kB
        ->  Seq Scan on title t  (cost=0.00..73925.90 rows=754218 width=4) (actual time=0.024..1318.582 rows=647556 loops=1)
              Filter: ((kind_id > 1) AND (production_year < 2000))
              Rows Removed by Filter: 1880756
Planning time: 0.746 ms
Execution time: 5482.384 ms
