Hash Join  (cost=28270.40..122953.21 rows=531 width=0) (actual time=392.015..2451.800 rows=34142 loops=1)
  Hash Cond: (mk.movie_id = t.id)
  ->  Seq Scan on movie_keyword mk  (cost=0.00..81003.12 rows=3646501 width=4) (actual time=0.030..1561.489 rows=3636915 loops=1)
        Filter: (keyword_id > 837)
        Rows Removed by Filter: 887015
  ->  Hash  (cost=28265.80..28265.80 rows=368 width=8) (actual time=382.301..382.301 rows=260 loops=1)
        Buckets: 1024  Batches: 1  Memory Usage: 19kB
        ->  Nested Loop  (cost=0.43..28265.80 rows=368 width=8) (actual time=99.937..382.171 rows=260 loops=1)
              ->  Seq Scan on movie_info_idx mi_idx  (cost=0.00..25185.44 rows=368 width=4) (actual time=99.844..376.197 rows=260 loops=1)
                    Filter: (info_type_id > 101)
                    Rows Removed by Filter: 1379775
              ->  Index Only Scan using title_pkey on title t  (cost=0.43..8.36 rows=1 width=4) (actual time=0.022..0.022 rows=1 loops=260)
                    Index Cond: (id = mi_idx.movie_id)
                    Heap Fetches: 260
Planning time: 1.473 ms
Execution time: 2456.286 ms
