Hash Join  (cost=477150.74..550356.15 rows=180786 width=0) (actual time=8612.556..9978.152 rows=349897 loops=1)
  Hash Cond: (mc.movie_id = t.id)
  ->  Seq Scan on movie_companies mc  (cost=0.00..57926.93 rows=1012432 width=4) (actual time=490.971..1087.177 rows=720022 loops=1)
        Filter: ((company_id < 60671) AND (company_type_id > 1))
        Rows Removed by Filter: 1889107
  ->  Hash  (cost=469742.89..469742.89 rows=451508 width=8) (actual time=8120.764..8120.764 rows=474443 loops=1)
        Buckets: 131072  Batches: 8  Memory Usage: 3338kB
        ->  Hash Join  (cost=102767.86..469742.89 rows=451508 width=8) (actual time=2624.602..7995.161 rows=474443 loops=1)
              Hash Cond: (mi.movie_id = t.id)
              ->  Seq Scan on movie_info mi  (cost=0.00..346232.03 rows=451508 width=4) (actual time=626.178..5221.035 rows=474443 loops=1)
                    Filter: (info_type_id = 6)
                    Rows Removed by Filter: 14361277
              ->  Hash  (cost=61283.27..61283.27 rows=2528527 width=4) (actual time=1997.023..1997.023 rows=2528312 loops=1)
                    Buckets: 131072  Batches: 64  Memory Usage: 2425kB
                    ->  Seq Scan on title t  (cost=0.00..61283.27 rows=2528527 width=4) (actual time=0.014..1125.504 rows=2528312 loops=1)
Planning time: 1.142 ms
Execution time: 10020.762 ms
