Hash Join  (cost=78556.72..1210603.49 rows=9563560 width=0) (actual time=1315.273..35235.462 rows=10396795 loops=1)
  Hash Cond: (ci.movie_id = t.id)
  ->  Seq Scan on cast_info ci  (cost=0.00..614943.12 rows=36225612 width=4) (actual time=0.027..13267.273 rows=36244344 loops=1)
  ->  Hash  (cost=67604.59..67604.59 rows=667531 width=4) (actual time=1314.130..1314.130 rows=662825 loops=1)
        Buckets: 131072  Batches: 16  Memory Usage: 2476kB
        ->  Seq Scan on title t  (cost=0.00..67604.59 rows=667531 width=4) (actual time=0.024..1092.136 rows=662825 loops=1)
              Filter: (kind_id = 1)
              Rows Removed by Filter: 1865487
Planning time: 1.015 ms
Execution time: 36492.787 ms
