Seq Scan on movie_keyword mk  (cost=0.00..81003.12 rows=422871 width=0) (actual time=0.025..1241.003 rows=416523 loops=1)
  Filter: (keyword_id > 41769)
  Rows Removed by Filter: 4107407
Planning time: 0.332 ms
Execution time: 1293.508 ms
