Seq Scan on movie_companies mc  (cost=0.00..51404.11 rows=104 width=0) (actual time=282.794..898.855 rows=231 loops=1)
  Filter: (company_id = 11263)
  Rows Removed by Filter: 2608898
Planning time: 0.392 ms
Execution time: 899.032 ms
