Seq Scan on movie_companies mc  (cost=0.00..51404.11 rows=1838372 width=0) (actual time=0.030..884.557 rows=1833484 loops=1)
  Filter: (company_id < 33174)
  Rows Removed by Filter: 775645
Planning time: 0.219 ms
Execution time: 1116.667 ms
