Seq Scan on movie_companies mc  (cost=0.00..57926.93 rows=889337 width=0) (actual time=0.016..957.544 rows=1201523 loops=1)
  Filter: ((company_id < 30169) AND (company_type_id = 1))
  Rows Removed by Filter: 1407606
Planning time: 0.365 ms
Execution time: 1076.969 ms
