Hash Join  (cost=299355.01..900191.16 rows=10648522 width=0) (actual time=6101.256..18664.363 rows=5467697 loops=1)
  Hash Cond: (mi.movie_id = t.id)
  ->  Seq Scan on movie_info mi  (cost=0.00..346232.03 rows=9767026 width=4) (actual time=204.704..6890.017 rows=9911754 loops=1)
        Filter: (info_type_id > 4)
        Rows Removed by Filter: 4923966
  ->  Hash  (cost=254126.86..254126.86 rows=2756732 width=8) (actual time=5895.028..5895.028 rows=645461 loops=1)
        Buckets: 131072  Batches: 64  Memory Usage: 1408kB
        ->  Hash Join  (cost=92883.59..254126.86 rows=2756732 width=8) (actual time=2342.598..5693.107 rows=645461 loops=1)
              Hash Cond: (mk.movie_id = t.id)
              ->  Seq Scan on movie_keyword mk  (cost=0.00..69693.30 rows=4523930 width=4) (actual time=0.022..1480.947 rows=4523930 loops=1)
              ->  Hash  (cost=67604.59..67604.59 rows=1540800 width=4) (actual time=1786.986..1786.986 rows=1543264 loops=1)
                    Buckets: 131072  Batches: 32  Memory Usage: 2728kB
                    ->  Seq Scan on title t  (cost=0.00..67604.59 rows=1540800 width=4) (actual time=299.262..1280.187 rows=1543264 loops=1)
                          Filter: (kind_id = 7)
                          Rows Removed by Filter: 985048
Planning time: 1.135 ms
Execution time: 19276.057 ms
