Nested Loop  (cost=0.43..113578.71 rows=3333 width=0) (actual time=1.679..1373.086 rows=2888 loops=1)
  ->  Seq Scan on movie_keyword mk  (cost=0.00..81003.12 rows=4373 width=4) (actual time=1.441..1219.884 rows=4246 loops=1)
        Filter: (keyword_id = 7281)
        Rows Removed by Filter: 4519684
  ->  Index Scan using title_pkey on title t  (cost=0.43..7.44 rows=1 width=4) (actual time=0.035..0.035 rows=1 loops=4246)
        Index Cond: (id = mk.movie_id)
        Filter: (production_year > 1981)
        Rows Removed by Filter: 0
Planning time: 1.417 ms
Execution time: 1374.141 ms
