Hash Join  (cost=213150.03..740659.54 rows=4470757 width=0) (actual time=5152.146..25329.127 rows=31704624 loops=1)
  Hash Cond: (mi.movie_id = t.id)
  ->  Seq Scan on movie_info mi  (cost=0.00..309384.22 rows=14739122 width=4) (actual time=0.018..6050.524 rows=14835720 loops=1)
  ->  Hash  (cost=200566.93..200566.93 rows=766968 width=8) (actual time=5151.010..5151.010 rows=613326 loops=1)
        Buckets: 131072  Batches: 16  Memory Usage: 2592kB
        ->  Hash Join  (cost=90260.67..200566.93 rows=766968 width=8) (actual time=1740.208..4766.518 rows=613326 loops=1)
              Hash Cond: (mk.movie_id = t.id)
              ->  Seq Scan on movie_keyword mk  (cost=0.00..81003.12 rows=1404386 width=4) (actual time=0.016..1382.608 rows=1421831 loops=1)
                    Filter: (keyword_id < 1957)
                    Rows Removed by Filter: 3102099
              ->  Hash  (cost=67604.59..67604.59 rows=1380887 width=4) (actual time=1738.201..1738.201 rows=1381453 loops=1)
                    Buckets: 131072  Batches: 32  Memory Usage: 2551kB
                    ->  Seq Scan on title t  (cost=0.00..67604.59 rows=1380887 width=4) (actual time=0.015..1272.949 rows=1381453 loops=1)
                          Filter: (production_year > 2000)
                          Rows Removed by Filter: 1146859
Planning time: 1.148 ms
Execution time: 28948.320 ms
