Hash Join  (cost=203124.47..1287204.88 rows=2128421 width=0) (actual time=3989.394..36432.160 rows=5614773 loops=1)
  Hash Cond: (ci.movie_id = t.id)
  ->  Seq Scan on cast_info ci  (cost=0.00..796071.18 rows=22988805 width=4) (actual time=0.023..19155.586 rows=22753512 loops=1)
        Filter: ((person_id < 3904707) AND (role_id > 1))
        Rows Removed by Filter: 13490832
  ->  Hash  (cost=199283.17..199283.17 rows=234104 width=8) (actual time=3988.535..3988.535 rows=246484 loops=1)
        Buckets: 131072  Batches: 4  Memory Usage: 3447kB
        ->  Hash Join  (cost=102767.86..199283.17 rows=234104 width=8) (actual time=1880.699..3914.759 rows=246484 loops=1)
              Hash Cond: (mk.movie_id = t.id)
              ->  Seq Scan on movie_keyword mk  (cost=0.00..81003.12 rows=234104 width=4) (actual time=0.027..1422.131 rows=246484 loops=1)
                    Filter: (keyword_id < 213)
                    Rows Removed by Filter: 4277446
              ->  Hash  (cost=61283.27..61283.27 rows=2528527 width=4) (actual time=1878.105..1878.105 rows=2528312 loops=1)
                    Buckets: 131072  Batches: 64  Memory Usage: 2425kB
                    ->  Seq Scan on title t  (cost=0.00..61283.27 rows=2528527 width=4) (actual time=0.023..1051.560 rows=2528312 loops=1)
Planning time: 1.197 ms
Execution time: 37094.703 ms
