Seq Scan on cast_info ci  (cost=0.00..796071.18 rows=1001834 width=0) (actual time=5611.732..11211.831 rows=593648 loops=1)
  Filter: ((person_id < 282462) AND (role_id > 3))
  Rows Removed by Filter: 35650696
Planning time: 0.361 ms
Execution time: 11297.111 ms
