Nested Loop  (cost=0.43..799703.28 rows=28 width=0) (actual time=2719.531..14556.804 rows=2 loops=1)
  ->  Seq Scan on cast_info ci  (cost=0.00..796071.18 rows=435 width=4) (actual time=2719.376..14556.454 rows=8 loops=1)
        Filter: ((role_id < 10) AND (person_id = 1016344))
        Rows Removed by Filter: 36244336
  ->  Index Scan using title_pkey on title t  (cost=0.43..8.34 rows=1 width=4) (actual time=0.035..0.035 rows=0 loops=8)
        Index Cond: (id = ci.movie_id)
        Filter: (production_year = 2012)
        Rows Removed by Filter: 1
Planning time: 0.751 ms
Execution time: 14556.907 ms
