Hash Join  (cost=102702.86..490266.78 rows=1311457 width=0) (actual time=6660.354..9140.359 rows=1179410 loops=1)
  Hash Cond: (mi.movie_id = t.id)
  ->  Seq Scan on movie_info mi  (cost=0.00..346232.03 rows=1550064 width=4) (actual time=4533.431..5512.187 rows=1533909 loops=1)
        Filter: (info_type_id = 3)
        Rows Removed by Filter: 13301811
  ->  Hash  (cost=67604.59..67604.59 rows=2139302 width=4) (actual time=2125.917..2125.917 rows=2132973 loops=1)
        Buckets: 131072  Batches: 32  Memory Usage: 3380kB
        ->  Seq Scan on title t  (cost=0.00..67604.59 rows=2139302 width=4) (actual time=0.025..1427.486 rows=2132973 loops=1)
              Filter: (production_year > 1966)
              Rows Removed by Filter: 395339
Planning time: 0.763 ms
Execution time: 9286.967 ms
