Hash Join  (cost=71408.55..131783.53 rows=11317 width=0) (actual time=1520.855..2038.150 rows=2151 loops=1)
  Hash Cond: (mc.movie_id = t.id)
  ->  Seq Scan on movie_companies mc  (cost=0.00..57926.93 rows=123434 width=4) (actual time=380.973..838.083 rows=54868 loops=1)
        Filter: ((company_id < 94) AND (company_type_id = 2))
        Rows Removed by Filter: 2554261
  ->  Hash  (cost=67604.59..67604.59 rows=231837 width=4) (actual time=1138.901..1138.901 rows=231649 loops=1)
        Buckets: 131072  Batches: 4  Memory Usage: 3076kB
        ->  Seq Scan on title t  (cost=0.00..67604.59 rows=231837 width=4) (actual time=0.022..1060.330 rows=231649 loops=1)
              Filter: (production_year > 2011)
              Rows Removed by Filter: 2296663
Planning time: 0.738 ms
Execution time: 2038.862 ms
