Hash Join  (cost=75411.94..131219.24 rows=12164 width=0) (actual time=1032.255..2097.870 rows=4284 loops=1)
  Hash Cond: (mc.movie_id = t.id)
  ->  Seq Scan on movie_companies mc  (cost=0.00..51404.11 rows=339613 width=4) (actual time=0.022..952.636 rows=334457 loops=1)
        Filter: (company_id < 166)
        Rows Removed by Filter: 2274672
  ->  Hash  (cost=73925.90..73925.90 rows=90563 width=4) (actual time=1023.796..1023.796 rows=80990 loops=1)
        Buckets: 131072  Batches: 2  Memory Usage: 2450kB
        ->  Seq Scan on title t  (cost=0.00..73925.90 rows=90563 width=4) (actual time=0.122..998.108 rows=80990 loops=1)
              Filter: ((kind_id < 7) AND (production_year > 2011))
              Rows Removed by Filter: 2447322
Planning time: 0.687 ms
Execution time: 2098.880 ms
