Hash Join  (cost=58358.55..145016.62 rows=4 width=0) (actual time=2053.973..2825.408 rows=72 loops=1)
  Hash Cond: (mk.movie_id = t.id)
  ->  Seq Scan on movie_keyword mk  (cost=0.00..69693.30 rows=4523930 width=4) (actual time=0.018..1062.847 rows=4523930 loops=1)
  ->  Hash  (cost=58358.52..58358.52 rows=2 width=8) (actual time=960.921..960.921 rows=32 loops=1)
        Buckets: 1024  Batches: 1  Memory Usage: 10kB
        ->  Nested Loop  (cost=0.43..58358.52 rows=2 width=8) (actual time=564.250..960.888 rows=32 loops=1)
              ->  Seq Scan on movie_companies mc  (cost=0.00..57926.93 rows=51 width=4) (actual time=1.820..923.257 rows=712 loops=1)
                    Filter: ((company_type_id < 2) AND (company_id = 680))
                    Rows Removed by Filter: 2608417
              ->  Index Scan using title_pkey on title t  (cost=0.43..8.45 rows=1 width=4) (actual time=0.051..0.051 rows=0 loops=712)
                    Index Cond: (id = mc.movie_id)
                    Filter: ((kind_id = 7) AND (production_year = 2012))
                    Rows Removed by Filter: 1
Planning time: 1.199 ms
Execution time: 2825.587 ms
