Seq Scan on movie_keyword mk  (cost=0.00..81003.12 rows=978519 width=0) (actual time=0.026..1372.775 rows=984236 loops=1)
  Filter: (keyword_id < 925)
  Rows Removed by Filter: 3539694
Planning time: 0.307 ms
Execution time: 1499.624 ms
