Hash Join  (cost=128796.80..214313.72 rows=2807 width=0) (actual time=2418.166..4086.889 rows=21463 loops=1)
  Hash Cond: (mk.movie_id = t.id)
  ->  Seq Scan on movie_keyword mk  (cost=0.00..81003.12 rows=1196193 width=4) (actual time=0.031..1444.490 rows=1205415 loops=1)
        Filter: (keyword_id > 15227)
        Rows Removed by Filter: 3318515
  ->  Hash  (cost=128722.63..128722.63 rows=5933 width=8) (actual time=2417.849..2417.849 rows=11721 loops=1)
        Buckets: 16384 (originally 8192)  Batches: 1 (originally 1)  Memory Usage: 586kB
        ->  Hash Join  (cost=73997.78..128722.63 rows=5933 width=8) (actual time=1205.556..2412.849 rows=11721 loops=1)
              Hash Cond: (mc.movie_id = t.id)
              ->  Seq Scan on movie_companies mc  (cost=0.00..44881.29 rows=2609129 width=4) (actual time=0.020..723.279 rows=2609129 loops=1)
              ->  Hash  (cost=73925.90..73925.90 rows=5750 width=4) (actual time=1144.421..1144.421 rows=8526 loops=1)
                    Buckets: 16384 (originally 8192)  Batches: 1 (originally 1)  Memory Usage: 428kB
                    ->  Seq Scan on title t  (cost=0.00..73925.90 rows=5750 width=4) (actual time=0.028..1131.826 rows=8526 loops=1)
                          Filter: ((kind_id = 4) AND (production_year = 2008))
                          Rows Removed by Filter: 2519786
Planning time: 1.279 ms
Execution time: 4090.078 ms
