Seq Scan on movie_keyword mk  (cost=0.00..81003.12 rows=341029 width=0) (actual time=0.031..1064.849 rows=338291 loops=1)
  Filter: (keyword_id > 48879)
  Rows Removed by Filter: 4185639
Planning time: 0.333 ms
Execution time: 1104.479 ms
