Hash Join  (cost=248836.08..1474532.19 rows=18679893 width=0) (actual time=5832.918..55366.475 rows=64159718 loops=1)
  Hash Cond: (ci.movie_id = t.id)
  ->  Seq Scan on cast_info ci  (cost=0.00..614943.12 rows=36225612 width=4) (actual time=0.022..14157.361 rows=36244344 loops=1)
  ->  Hash  (cost=227444.00..227444.00 rows=1303846 width=8) (actual time=5831.561..5831.561 rows=1377620 loops=1)
        Buckets: 131072  Batches: 32  Memory Usage: 2696kB
        ->  Hash Join  (cost=106271.04..227444.00 rows=1303846 width=8) (actual time=2366.028..5448.209 rows=1377620 loops=1)
              Hash Cond: (mk.movie_id = t.id)
              ->  Seq Scan on movie_keyword mk  (cost=0.00..81003.12 rows=1398876 width=4) (actual time=0.020..1633.583 rows=1413868 loops=1)
                    Filter: (keyword_id < 1939)
                    Rows Removed by Filter: 3110062
              ->  Hash  (cost=67604.59..67604.59 rows=2356756 width=4) (actual time=2364.907..2364.907 rows=2352238 loops=1)
                    Buckets: 131072  Batches: 32  Memory Usage: 3622kB
                    ->  Seq Scan on title t  (cost=0.00..67604.59 rows=2356756 width=4) (actual time=0.024..1582.836 rows=2352238 loops=1)
                          Filter: (production_year > 1925)
                          Rows Removed by Filter: 176074
Planning time: 1.237 ms
Execution time: 62169.861 ms
