Hash Join  (cost=709677.90..766070.06 rows=200 width=0) (actual time=12432.284..12455.655 rows=3 loops=1)
  Hash Cond: (mc.movie_id = t.id)
  ->  Seq Scan on movie_companies mc  (cost=0.00..51404.11 rows=1329612 width=4) (actual time=0.020..989.464 rows=1334883 loops=1)
        Filter: (company_type_id = 2)
        Rows Removed by Filter: 1274246
  ->  Hash  (cost=709673.15..709673.15 rows=380 width=8) (actual time=11267.720..11267.720 rows=64 loops=1)
        Buckets: 1024  Batches: 1  Memory Usage: 11kB
        ->  Nested Loop  (cost=0.43..709673.15 rows=380 width=8) (actual time=8804.960..11267.635 rows=64 loops=1)
              ->  Seq Scan on cast_info ci  (cost=0.00..705507.15 rows=500 width=4) (actual time=8804.819..11266.572 rows=74 loops=1)
                    Filter: (person_id = 3069004)
                    Rows Removed by Filter: 36244270
              ->  Index Scan using title_pkey on title t  (cost=0.43..8.32 rows=1 width=4) (actual time=0.012..0.012 rows=1 loops=74)
                    Index Cond: (id = ci.movie_id)
                    Filter: (production_year < 2010)
                    Rows Removed by Filter: 0
Planning time: 1.127 ms
Execution time: 12455.806 ms
