Hash Join  (cost=178118.07..679545.29 rows=2026329 width=0) (actual time=3680.446..18261.691 rows=6168329 loops=1)
  Hash Cond: (mi.movie_id = t.id)
  ->  Seq Scan on movie_info mi  (cost=0.00..309384.22 rows=14739122 width=4) (actual time=0.011..6054.070 rows=14835720 loops=1)
  ->  Hash  (cost=172414.81..172414.81 rows=347621 width=8) (actual time=3679.576..3679.576 rows=352092 loops=1)
        Buckets: 131072  Batches: 8  Memory Usage: 2766kB
        ->  Hash Join  (cost=102767.86..172414.81 rows=347621 width=8) (actual time=1952.089..3571.280 rows=352092 loops=1)
              Hash Cond: (mc.movie_id = t.id)
              ->  Seq Scan on movie_companies mc  (cost=0.00..51404.11 rows=347621 width=4) (actual time=12.850..929.122 rows=352092 loops=1)
                    Filter: (company_id > 88042)
                    Rows Removed by Filter: 2257037
              ->  Hash  (cost=61283.27..61283.27 rows=2528527 width=4) (actual time=1938.449..1938.449 rows=2528312 loops=1)
                    Buckets: 131072  Batches: 64  Memory Usage: 2415kB
                    ->  Seq Scan on title t  (cost=0.00..61283.27 rows=2528527 width=4) (actual time=0.018..1109.344 rows=2528312 loops=1)
Planning time: 1.111 ms
Execution time: 18972.321 ms
