Hash Join  (cost=102767.86..234384.04 rows=1692865 width=0) (actual time=1918.834..5215.318 rows=1704842 loops=1)
  Hash Cond: (mk.movie_id = t.id)
  ->  Seq Scan on movie_keyword mk  (cost=0.00..81003.12 rows=1692865 width=4) (actual time=0.026..1545.731 rows=1704842 loops=1)
        Filter: (keyword_id > 8446)
        Rows Removed by Filter: 2819088
  ->  Hash  (cost=61283.27..61283.27 rows=2528527 width=4) (actual time=1917.345..1917.345 rows=2528312 loops=1)
        Buckets: 131072  Batches: 64  Memory Usage: 2425kB
        ->  Seq Scan on title t  (cost=0.00..61283.27 rows=2528527 width=4) (actual time=0.028..1047.271 rows=2528312 loops=1)
Planning time: 0.773 ms
Execution time: 5421.752 ms
