Hash Join  (cost=102767.86..180111.98 rows=396381 width=0) (actual time=2250.677..3519.116 rows=78689 loops=1)
  Hash Cond: (mc.movie_id = t.id)
  ->  Seq Scan on movie_companies mc  (cost=0.00..57926.93 rows=396381 width=4) (actual time=203.262..1024.855 rows=78689 loops=1)
        Filter: ((company_id > 28659) AND (company_type_id < 2))
        Rows Removed by Filter: 2530440
  ->  Hash  (cost=61283.27..61283.27 rows=2528527 width=4) (actual time=2044.068..2044.068 rows=2528312 loops=1)
        Buckets: 131072  Batches: 64  Memory Usage: 2415kB
        ->  Seq Scan on title t  (cost=0.00..61283.27 rows=2528527 width=4) (actual time=0.042..1168.847 rows=2528312 loops=1)
Planning time: 0.763 ms
Execution time: 3527.917 ms
