Seq Scan on cast_info ci  (cost=0.00..796071.18 rows=176 width=0) (actual time=6906.723..13457.203 rows=50 loops=1)
  Filter: ((role_id < 2) AND (person_id = 767633))
  Rows Removed by Filter: 36244294
Planning time: 0.572 ms
Execution time: 13457.342 ms
