Hash Join  (cost=95982.60..1077376.24 rows=6215266 width=0) (actual time=1854.555..20939.938 rows=3807148 loops=1)
  Hash Cond: (ci.movie_id = t.id)
  ->  Seq Scan on cast_info ci  (cost=0.00..796071.18 rows=9085761 width=4) (actual time=0.020..14674.990 rows=5232563 loops=1)
        Filter: ((person_id < 2030571) AND (role_id > 2))
        Rows Removed by Filter: 31011781
  ->  Hash  (cost=67604.59..67604.59 rows=1729681 width=4) (actual time=1853.713..1853.713 rows=1725233 loops=1)
        Buckets: 131072  Batches: 32  Memory Usage: 2923kB
        ->  Seq Scan on title t  (cost=0.00..67604.59 rows=1729681 width=4) (actual time=0.011..1304.291 rows=1725233 loops=1)
              Filter: (production_year > 1991)
              Rows Removed by Filter: 803079
Planning time: 0.770 ms
Execution time: 21396.216 ms
