Seq Scan on title t  (cost=0.00..67604.59 rows=7437 width=0) (actual time=1.280..947.190 rows=1104 loops=1)
  Filter: (production_year = 1906)
  Rows Removed by Filter: 2527208
Planning time: 0.323 ms
Execution time: 947.594 ms
