Seq Scan on movie_companies mc  (cost=0.00..57926.93 rows=410601 width=0) (actual time=632.702..877.196 rows=93090 loops=1)
  Filter: ((company_id > 25572) AND (company_type_id = 1))
  Rows Removed by Filter: 2516039
Planning time: 3.072 ms
Execution time: 889.803 ms
