Hash Join  (cost=100948.70..155639.76 rows=2552 width=0) (actual time=1764.864..2899.480 rows=5142 loops=1)
  Hash Cond: (mc.movie_id = t.id)
  ->  Seq Scan on movie_companies mc  (cost=0.00..44881.29 rows=2609129 width=4) (actual time=0.018..680.346 rows=2609129 loops=1)
  ->  Hash  (cost=100917.78..100917.78 rows=2474 width=8) (actual time=1716.577..1716.577 rows=1968 loops=1)
        Buckets: 4096  Batches: 1  Memory Usage: 109kB
        ->  Hash Join  (cost=73982.55..100917.78 rows=2474 width=8) (actual time=1214.844..1715.860 rows=1968 loops=1)
              Hash Cond: (mi_idx.movie_id = t.id)
              ->  Seq Scan on movie_info_idx mi_idx  (cost=0.00..21735.35 rows=1380035 width=4) (actual time=0.015..302.474 rows=1380035 loops=1)
              ->  Hash  (cost=73925.90..73925.90 rows=4532 width=4) (actual time=1132.226..1132.226 rows=6092 loops=1)
                    Buckets: 8192  Batches: 1  Memory Usage: 279kB
                    ->  Seq Scan on title t  (cost=0.00..73925.90 rows=4532 width=4) (actual time=137.067..1129.130 rows=6092 loops=1)
                          Filter: ((kind_id = 7) AND (production_year = 1958))
                          Rows Removed by Filter: 2522220
Planning time: 1.128 ms
Execution time: 2900.312 ms
