Seq Scan on movie_companies mc  (cost=0.00..51404.11 rows=1687384 width=0) (actual time=0.014..908.999 rows=1678791 loops=1)
  Filter: (company_id < 19513)
  Rows Removed by Filter: 930338
Planning time: 0.294 ms
Execution time: 1134.404 ms
