Seq Scan on movie_keyword mk  (cost=0.00..81003.12 rows=246 width=0) (actual time=0.975..1221.607 rows=411 loops=1)
  Filter: (keyword_id = 9290)
  Rows Removed by Filter: 4523519
Planning time: 0.344 ms
Execution time: 1221.877 ms
