Hash Join  (cost=126233.00..620325.92 rows=1338902 width=0) (actual time=2746.139..18841.799 rows=9639511 loops=1)
  Hash Cond: (mi.movie_id = t.id)
  ->  Seq Scan on movie_info mi  (cost=0.00..309384.22 rows=14739122 width=4) (actual time=0.010..6077.238 rows=14835720 loops=1)
  ->  Hash  (cost=122463.86..122463.86 rows=229691 width=8) (actual time=2745.400..2745.400 rows=517314 loops=1)
        Buckets: 131072 (originally 131072)  Batches: 8 (originally 4)  Memory Usage: 3575kB
        ->  Hash Join  (cost=80830.47..122463.86 rows=229691 width=8) (actual time=1314.780..2596.695 rows=517314 loops=1)
              Hash Cond: (mi_idx.movie_id = t.id)
              ->  Seq Scan on movie_info_idx mi_idx  (cost=0.00..21735.35 rows=1380035 width=4) (actual time=0.023..476.983 rows=1380035 loops=1)
              ->  Hash  (cost=73925.90..73925.90 rows=420845 width=4) (actual time=1313.984..1313.984 rows=517968 loops=1)
                    Buckets: 131072  Batches: 8  Memory Usage: 3313kB
                    ->  Seq Scan on title t  (cost=0.00..73925.90 rows=420845 width=4) (actual time=0.024..1152.895 rows=517968 loops=1)
                          Filter: ((kind_id < 7) AND (production_year < 2001))
                          Rows Removed by Filter: 2010344
Planning time: 0.973 ms
Execution time: 19994.291 ms
