Hash Join  (cost=229924.10..765479.54 rows=5224752 width=0) (actual time=4856.439..26592.225 rows=37617502 loops=1)
  Hash Cond: (mi.movie_id = t.id)
  ->  Seq Scan on movie_info mi  (cost=0.00..309384.22 rows=14739122 width=4) (actual time=0.023..5971.204 rows=14835720 loops=1)
  ->  Hash  (cost=215218.13..215218.13 rows=896317 width=8) (actual time=4855.630..4855.630 rows=902369 loops=1)
        Buckets: 131072  Batches: 16  Memory Usage: 3320kB
        ->  Hash Join  (cost=102767.86..215218.13 rows=896317 width=8) (actual time=1966.954..4585.577 rows=902369 loops=1)
              Hash Cond: (mk.movie_id = t.id)
              ->  Seq Scan on movie_keyword mk  (cost=0.00..81003.12 rows=896317 width=4) (actual time=0.027..1457.480 rows=902369 loops=1)
                    Filter: (keyword_id < 856)
                    Rows Removed by Filter: 3621561
              ->  Hash  (cost=61283.27..61283.27 rows=2528527 width=4) (actual time=1964.093..1964.093 rows=2528312 loops=1)
                    Buckets: 131072  Batches: 64  Memory Usage: 2425kB
                    ->  Seq Scan on title t  (cost=0.00..61283.27 rows=2528527 width=4) (actual time=0.013..1084.568 rows=2528312 loops=1)
Planning time: 1.106 ms
Execution time: 30864.771 ms
