Hash Join  (cost=102767.86..236849.00 rows=1795324 width=0) (actual time=1956.977..5461.015 rows=1803837 loops=1)
  Hash Cond: (mk.movie_id = t.id)
  ->  Seq Scan on movie_keyword mk  (cost=0.00..81003.12 rows=1795324 width=4) (actual time=0.020..1629.203 rows=1803837 loops=1)
        Filter: (keyword_id < 2926)
        Rows Removed by Filter: 2720093
  ->  Hash  (cost=61283.27..61283.27 rows=2528527 width=4) (actual time=1955.554..1955.554 rows=2528312 loops=1)
        Buckets: 131072  Batches: 64  Memory Usage: 2425kB
        ->  Seq Scan on title t  (cost=0.00..61283.27 rows=2528527 width=4) (actual time=0.018..1083.824 rows=2528312 loops=1)
Planning time: 0.766 ms
Execution time: 5692.665 ms
