Seq Scan on movie_keyword mk  (cost=0.00..81003.12 rows=628145 width=0) (actual time=0.010..1480.733 rows=630505 loops=1)
  Filter: (keyword_id > 29097)
  Rows Removed by Filter: 3893425
Planning time: 0.261 ms
Execution time: 1561.775 ms
