Seq Scan on movie_companies mc  (cost=0.00..57926.93 rows=51 width=0) (actual time=9.032..924.489 rows=145 loops=1)
  Filter: ((company_type_id < 2) AND (company_id = 1128))
  Rows Removed by Filter: 2608984
Planning time: 0.346 ms
Execution time: 924.636 ms
