Hash Join  (cost=656143.79..2420600.64 rows=49085969 width=0) (actual time=18985.467..120524.451 rows=299946335 loops=1)
  Hash Cond: (ci.movie_id = t.id)
  ->  Seq Scan on cast_info ci  (cost=0.00..614943.12 rows=36225612 width=4) (actual time=0.022..13742.020 rows=36244344 loops=1)
  ->  Hash  (cost=599932.64..599932.64 rows=3426172 width=8) (actual time=18983.233..18983.233 rows=7672928 loops=1)
        Buckets: 131072 (originally 131072)  Batches: 128 (originally 64)  Memory Usage: 3381kB
        ->  Hash Join  (cost=83568.99..599932.64 rows=3426172 width=8) (actual time=1445.368..16720.160 rows=7672928 loops=1)
              Hash Cond: (mi.movie_id = t.id)
              ->  Seq Scan on movie_info mi  (cost=0.00..309384.22 rows=14739122 width=4) (actual time=0.017..5969.917 rows=14835720 loops=1)
              ->  Hash  (cost=73925.90..73925.90 rows=587767 width=4) (actual time=1444.470..1444.470 rows=594730 loops=1)
                    Buckets: 131072  Batches: 8  Memory Usage: 3657kB
                    ->  Seq Scan on title t  (cost=0.00..73925.90 rows=587767 width=4) (actual time=0.013..1260.390 rows=594730 loops=1)
                          Filter: ((production_year < 2012) AND (kind_id = 1))
                          Rows Removed by Filter: 1933582
Planning time: 1.237 ms
Execution time: 151447.357 ms
