Hash Join  (cost=156346.49..531961.87 rows=124489 width=0) (actual time=2816.014..9875.406 rows=242527 loops=1)
  Hash Cond: (mi.movie_id = t.id)
  ->  Seq Scan on movie_info mi  (cost=0.00..346232.03 rows=7503588 width=4) (actual time=0.014..5752.002 rows=7548855 loops=1)
        Filter: (info_type_id > 7)
        Rows Removed by Filter: 7286865
  ->  Hash  (cost=155822.11..155822.11 rows=41950 width=8) (actual time=2812.462..2812.462 rows=16494 loops=1)
        Buckets: 65536  Batches: 1  Memory Usage: 1157kB
        ->  Hash Join  (cost=68438.72..155822.11 rows=41950 width=8) (actual time=1104.646..2804.962 rows=16494 loops=1)
              Hash Cond: (mk.movie_id = t.id)
              ->  Seq Scan on movie_keyword mk  (cost=0.00..81003.12 rows=1589537 width=4) (actual time=0.017..1418.417 rows=1603081 loops=1)
                    Filter: (keyword_id > 9533)
                    Rows Removed by Filter: 2920849
              ->  Hash  (cost=67604.59..67604.59 rows=66731 width=4) (actual time=1103.692..1103.692 rows=67342 loops=1)
                    Buckets: 131072  Batches: 1  Memory Usage: 3392kB
                    ->  Seq Scan on title t  (cost=0.00..67604.59 rows=66731 width=4) (actual time=0.020..1075.351 rows=67342 loops=1)
                          Filter: (production_year > 2012)
                          Rows Removed by Filter: 2460970
Planning time: 1.416 ms
Execution time: 9905.662 ms
