Seq Scan on movie_keyword mk  (cost=0.00..81003.12 rows=2388959 width=0) (actual time=0.021..1433.683 rows=2384919 loops=1)
  Filter: (keyword_id > 3988)
  Rows Removed by Filter: 2139011
Planning time: 0.351 ms
Execution time: 1733.839 ms
