Hash Join  (cost=695519.91..2713434.30 rows=78167012 width=0) (actual time=16847.470..99126.003 rows=201106554 loops=1)
  Hash Cond: (ci.movie_id = t.id)
  ->  Seq Scan on cast_info ci  (cost=0.00..614943.12 rows=36225612 width=4) (actual time=0.020..13488.571 rows=36244344 loops=1)
  ->  Hash  (cost=606006.75..606006.75 rows=5456013 width=8) (actual time=16846.213..16846.213 rows=4698968 loops=1)
        Buckets: 131072  Batches: 128  Memory Usage: 2458kB
        ->  Hash Join  (cost=91959.31..606006.75 rows=5456013 width=8) (actual time=2124.484..15278.680 rows=4698968 loops=1)
              Hash Cond: (mi.movie_id = t.id)
              ->  Seq Scan on movie_info mi  (cost=0.00..346232.03 rows=9293409 width=4) (actual time=0.021..6849.911 rows=9425200 loops=1)
                    Filter: (info_type_id > 5)
                    Rows Removed by Filter: 5410520
              ->  Hash  (cost=67604.59..67604.59 rows=1484458 width=4) (actual time=2123.460..2123.460 rows=1485030 loops=1)
                    Buckets: 131072  Batches: 32  Memory Usage: 2663kB
                    ->  Seq Scan on title t  (cost=0.00..67604.59 rows=1484458 width=4) (actual time=0.019..1359.485 rows=1485030 loops=1)
                          Filter: (production_year > 1998)
                          Rows Removed by Filter: 1043282
Planning time: 1.186 ms
Execution time: 120117.765 ms
