Seq Scan on cast_info ci  (cost=0.00..705507.15 rows=21945216 width=0) (actual time=0.015..13428.282 rows=21811380 loops=1)
  Filter: (person_id < 2217272)
  Rows Removed by Filter: 14432964
Planning time: 0.322 ms
Execution time: 16195.607 ms
