Nested Loop  (cost=0.43..83072.90 rows=70 width=0) (actual time=129.612..1193.104 rows=3 loops=1)
  ->  Seq Scan on movie_keyword mk  (cost=0.00..81003.12 rows=246 width=4) (actual time=45.025..1191.740 rows=27 loops=1)
        Filter: (keyword_id = 21225)
        Rows Removed by Filter: 4523903
  ->  Index Scan using title_pkey on title t  (cost=0.43..8.40 rows=1 width=4) (actual time=0.045..0.045 rows=0 loops=27)
        Index Cond: (id = mk.movie_id)
        Filter: ((kind_id > 1) AND (production_year < 1999))
        Rows Removed by Filter: 1
Planning time: 0.628 ms
Execution time: 1193.186 ms
