Hash Join  (cost=282959.98..1210939.58 rows=8665006 width=0) (actual time=7732.518..31389.279 rows=28889786 loops=1)
  Hash Cond: (ci.movie_id = t.id)
  ->  Seq Scan on cast_info ci  (cost=0.00..705507.15 rows=9927877 width=4) (actual time=1381.102..12799.633 rows=9724889 loops=1)
        Filter: (person_id < 955776)
        Rows Removed by Filter: 26519455
  ->  Hash  (cost=246752.90..246752.90 rows=2206887 width=8) (actual time=6337.882..6337.882 rows=2206261 loops=1)
        Buckets: 131072  Batches: 32  Memory Usage: 3703kB
        ->  Hash Join  (cost=102767.86..246752.90 rows=2206887 width=8) (actual time=2254.802..5773.289 rows=2206261 loops=1)
              Hash Cond: (mk.movie_id = t.id)
              ->  Seq Scan on movie_keyword mk  (cost=0.00..81003.12 rows=2206887 width=4) (actual time=0.036..1558.269 rows=2206261 loops=1)
                    Filter: (keyword_id < 4452)
                    Rows Removed by Filter: 2317669
              ->  Hash  (cost=61283.27..61283.27 rows=2528527 width=4) (actual time=2252.853..2252.853 rows=2528312 loops=1)
                    Buckets: 131072  Batches: 64  Memory Usage: 2425kB
                    ->  Seq Scan on title t  (cost=0.00..61283.27 rows=2528527 width=4) (actual time=0.017..1167.512 rows=2528312 loops=1)
Planning time: 0.867 ms
Execution time: 34421.475 ms
