Hash Join  (cost=83074.74..879784.66 rows=17 width=0) (actual time=11063.332..12017.007 rows=3195 loops=1)
  Hash Cond: (ci.movie_id = t.id)
  ->  Seq Scan on cast_info ci  (cost=0.00..796071.18 rows=170285 width=4) (actual time=10315.659..11113.690 rows=1263071 loops=1)
        Filter: ((person_id > 3781191) AND (role_id = 10))
        Rows Removed by Filter: 34981273
  ->  Hash  (cost=83071.67..83071.67 rows=246 width=8) (actual time=747.412..747.412 rows=753 loops=1)
        Buckets: 1024  Batches: 1  Memory Usage: 38kB
        ->  Nested Loop  (cost=0.43..83071.67 rows=246 width=8) (actual time=0.982..746.975 rows=753 loops=1)
              ->  Seq Scan on movie_keyword mk  (cost=0.00..81003.12 rows=246 width=4) (actual time=0.908..730.345 rows=753 loops=1)
                    Filter: (keyword_id = 1773)
                    Rows Removed by Filter: 4523177
              ->  Index Only Scan using title_pkey on title t  (cost=0.43..8.40 rows=1 width=4) (actual time=0.021..0.021 rows=1 loops=753)
                    Index Cond: (id = mk.movie_id)
                    Heap Fetches: 753
Planning time: 1.153 ms
Execution time: 12017.854 ms
