Hash Join  (cost=285068.90..768113.17 rows=5246413 width=0) (actual time=7457.775..23578.087 rows=28959432 loops=1)
  Hash Cond: (mi.movie_id = t.id)
  ->  Seq Scan on movie_info mi  (cost=0.00..346232.03 rows=5897221 width=4) (actual time=258.890..6503.153 rows=5884963 loops=1)
        Filter: (info_type_id < 7)
        Rows Removed by Filter: 8950757
  ->  Hash  (cost=248162.36..248162.36 rows=2249483 width=8) (actual time=7197.582..7197.582 rows=2679729 loops=1)
        Buckets: 131072 (originally 131072)  Batches: 64 (originally 32)  Memory Usage: 3073kB
        ->  Hash Join  (cost=97066.09..248162.36 rows=2249483 width=8) (actual time=2130.804..6392.936 rows=2679729 loops=1)
              Hash Cond: (mk.movie_id = t.id)
              ->  Seq Scan on movie_keyword mk  (cost=0.00..81003.12 rows=3167464 width=4) (actual time=0.027..1775.958 rows=3156599 loops=1)
                    Filter: (keyword_id < 12213)
                    Rows Removed by Filter: 1367331
              ->  Hash  (cost=67604.59..67604.59 rows=1795720 width=4) (actual time=2129.403..2129.403 rows=1794153 loops=1)
                    Buckets: 131072  Batches: 32  Memory Usage: 3001kB
                    ->  Seq Scan on title t  (cost=0.00..67604.59 rows=1795720 width=4) (actual time=0.016..1382.557 rows=1794153 loops=1)
                          Filter: (production_year < 2009)
                          Rows Removed by Filter: 734159
Planning time: 1.216 ms
Execution time: 26760.438 ms
