Seq Scan on movie_keyword mk  (cost=0.00..81003.12 rows=2404973 width=0) (actual time=0.022..1510.257 rows=2401868 loops=1)
  Filter: (keyword_id > 3901)
  Rows Removed by Filter: 2122062
Planning time: 0.323 ms
Execution time: 1807.849 ms
