Seq Scan on cast_info ci  (cost=0.00..705507.15 rows=500 width=0) (actual time=2498.274..10710.789 rows=2 loops=1)
  Filter: (person_id = 3879808)
  Rows Removed by Filter: 36244342
Planning time: 0.384 ms
Execution time: 10710.879 ms
