Seq Scan on cast_info ci  (cost=0.00..796071.18 rows=11557686 width=0) (actual time=6262.938..16249.260 rows=12670688 loops=1)
  Filter: ((person_id < 3447279) AND (role_id < 2))
  Rows Removed by Filter: 23573656
Planning time: 0.625 ms
Execution time: 17783.861 ms
