Seq Scan on movie_keyword mk  (cost=0.00..81003.12 rows=2510974 width=0) (actual time=0.009..1572.352 rows=2504982 loops=1)
  Filter: (keyword_id < 6141)
  Rows Removed by Filter: 2018948
Planning time: 0.309 ms
Execution time: 1886.799 ms
