Hash Join  (cost=256337.17..1636178.50 rows=23557238 width=0) (actual time=7591.441..82775.129 rows=163062156 loops=1)
  Hash Cond: (ci.movie_id = t.id)
  ->  Seq Scan on cast_info ci  (cost=0.00..705507.15 rows=33705963 width=4) (actual time=0.018..17057.140 rows=33681474 loops=1)
        Filter: (person_id < 3562931)
        Rows Removed by Filter: 2562870
  ->  Hash  (cost=227343.19..227343.19 rows=1767198 width=8) (actual time=7589.394..7589.394 rows=3878469 loops=1)
        Buckets: 131072 (originally 131072)  Batches: 64 (originally 32)  Memory Usage: 3438kB
        ->  Hash Join  (cost=83810.17..227343.19 rows=1767198 width=8) (actual time=1443.262..6407.948 rows=3878469 loops=1)
              Hash Cond: (mk.movie_id = t.id)
              ->  Seq Scan on movie_keyword mk  (cost=0.00..69693.30 rows=4523930 width=4) (actual time=0.013..1416.154 rows=4523930 loops=1)
              ->  Hash  (cost=67604.59..67604.59 rows=987727 width=4) (actual time=1442.151..1442.151 rows=985048 loops=1)
                    Buckets: 131072  Batches: 16  Memory Usage: 3197kB
                    ->  Seq Scan on title t  (cost=0.00..67604.59 rows=987727 width=4) (actual time=0.015..1129.837 rows=985048 loops=1)
                          Filter: (kind_id < 7)
                          Rows Removed by Filter: 1543264
Planning time: 1.057 ms
Execution time: 100389.974 ms
