Hash Join  (cost=163557.49..190684.89 rows=21692 width=0) (actual time=2757.708..3435.629 rows=87824 loops=1)
  Hash Cond: (mi_idx.movie_id = t.id)
  ->  Seq Scan on movie_info_idx mi_idx  (cost=0.00..21735.35 rows=1380035 width=4) (actual time=0.015..342.769 rows=1380035 loops=1)
  ->  Hash  (cost=163060.69..163060.69 rows=39744 width=8) (actual time=2757.126..2757.126 rows=42098 loops=1)
        Buckets: 65536  Batches: 1  Memory Usage: 2157kB
        ->  Hash Join  (cost=69179.59..163060.69 rows=39744 width=8) (actual time=1071.429..2742.178 rows=42098 loops=1)
              Hash Cond: (mk.movie_id = t.id)
              ->  Seq Scan on movie_keyword mk  (cost=0.00..81003.12 rows=1046810 width=4) (actual time=0.021..1273.894 rows=1048235 loops=1)
                    Filter: (keyword_id < 1045)
                    Rows Removed by Filter: 3475695
              ->  Hash  (cost=67604.59..67604.59 rows=96000 width=4) (actual time=1070.220..1070.220 rows=95005 loops=1)
                    Buckets: 131072  Batches: 2  Memory Usage: 2722kB
                    ->  Seq Scan on title t  (cost=0.00..67604.59 rows=96000 width=4) (actual time=0.024..1032.952 rows=95005 loops=1)
                          Filter: (production_year = 2005)
                          Rows Removed by Filter: 2433307
Planning time: 1.177 ms
Execution time: 3447.641 ms
