Hash Join  (cost=141141.46..649458.61 rows=2672023 width=0) (actual time=3143.129..17128.961 rows=5439539 loops=1)
  Hash Cond: (mi.movie_id = t.id)
  ->  Seq Scan on movie_info mi  (cost=0.00..309384.22 rows=14739122 width=4) (actual time=0.011..6289.090 rows=14835720 loops=1)
  ->  Hash  (cost=133620.57..133620.57 rows=458391 width=8) (actual time=3142.239..3142.239 rows=390044 loops=1)
        Buckets: 131072  Batches: 8  Memory Usage: 2928kB
        ->  Hash Join  (cost=88295.76..133620.57 rows=458391 width=8) (actual time=1642.124..3014.426 rows=390044 loops=1)
              Hash Cond: (mi_idx.movie_id = t.id)
              ->  Seq Scan on movie_info_idx mi_idx  (cost=0.00..25185.44 rows=919057 width=4) (actual time=0.024..569.708 rows=920110 loops=1)
                    Filter: (info_type_id > 99)
                    Rows Removed by Filter: 459925
              ->  Hash  (cost=67604.59..67604.59 rows=1261134 width=4) (actual time=1641.244..1641.244 rows=1260295 loops=1)
                    Buckets: 131072  Batches: 32  Memory Usage: 2413kB
                    ->  Seq Scan on title t  (cost=0.00..67604.59 rows=1261134 width=4) (actual time=0.021..1224.705 rows=1260295 loops=1)
                          Filter: (production_year > 2002)
                          Rows Removed by Filter: 1268017
Planning time: 1.156 ms
Execution time: 17706.834 ms
