Hash Join  (cost=1012370.04..4647739.04 rows=195947365 width=0) (actual time=25231.821..163503.918 rows=390502789 loops=1)
  Hash Cond: (ci.movie_id = t.id)
  ->  Seq Scan on cast_info ci  (cost=0.00..614943.12 rows=36225612 width=4) (actual time=0.018..14153.460 rows=36244344 loops=1)
  ->  Hash  (cost=787981.36..787981.36 rows=13677014 width=8) (actual time=25229.506..25229.506 rows=13713748 loops=1)
        Buckets: 131072  Batches: 256  Memory Usage: 3095kB
        ->  Hash Join  (cost=102767.86..787981.36 rows=13677014 width=8) (actual time=2052.253..21027.743 rows=13713748 loops=1)
              Hash Cond: (mi.movie_id = t.id)
              ->  Seq Scan on movie_info mi  (cost=0.00..346232.03 rows=13677014 width=4) (actual time=0.029..7203.422 rows=13713748 loops=1)
                    Filter: (info_type_id < 63)
                    Rows Removed by Filter: 1121972
              ->  Hash  (cost=61283.27..61283.27 rows=2528527 width=4) (actual time=2050.479..2050.479 rows=2528312 loops=1)
                    Buckets: 131072  Batches: 64  Memory Usage: 2425kB
                    ->  Seq Scan on title t  (cost=0.00..61283.27 rows=2528527 width=4) (actual time=0.011..1178.620 rows=2528312 loops=1)
Planning time: 1.194 ms
Execution time: 206842.039 ms
