Hash Join  (cost=84197.31..167638.84 rows=721854 width=0) (actual time=1531.277..3959.775 rows=588858 loops=1)
  Hash Cond: (mc.movie_id = t.id)
  ->  Seq Scan on movie_companies mc  (cost=0.00..51404.11 rows=1804766 width=4) (actual time=0.043..1063.320 rows=1809500 loops=1)
        Filter: (company_id > 1741)
        Rows Removed by Filter: 799629
  ->  Hash  (cost=67604.59..67604.59 rows=1011338 width=4) (actual time=1530.437..1530.437 rows=1012920 loops=1)
        Buckets: 131072  Batches: 16  Memory Usage: 3250kB
        ->  Seq Scan on title t  (cost=0.00..67604.59 rows=1011338 width=4) (actual time=0.016..1213.073 rows=1012920 loops=1)
              Filter: (production_year > 2005)
              Rows Removed by Filter: 1515392
Planning time: 2.601 ms
Execution time: 4019.232 ms
