Seq Scan on title t  (cost=0.00..67604.59 rows=145643 width=0) (actual time=40.990..874.606 rows=147720 loops=1)
  Filter: (production_year < 1943)
  Rows Removed by Filter: 2380592
Planning time: 0.290 ms
Execution time: 893.982 ms
