Hash Join  (cost=239050.40..331189.92 rows=1239699 width=0) (actual time=4692.889..7210.871 rows=1765070 loops=1)
  Hash Cond: (mc.movie_id = t.id)
  ->  Seq Scan on movie_companies mc  (cost=0.00..44881.29 rows=2609129 width=4) (actual time=0.008..831.086 rows=2609129 loops=1)
  ->  Hash  (cost=219339.88..219339.88 rows=1201402 width=8) (actual time=4692.115..4692.115 rows=616674 loops=1)
        Buckets: 131072  Batches: 16  Memory Usage: 2572kB
        ->  Hash Join  (cost=98137.04..219339.88 rows=1201402 width=8) (actual time=1837.336..4528.632 rows=616674 loops=1)
              Hash Cond: (mk.movie_id = t.id)
              ->  Seq Scan on movie_keyword mk  (cost=0.00..81003.12 rows=1632339 width=4) (actual time=0.018..1477.022 rows=1643185 loops=1)
                    Filter: (keyword_id > 8982)
                    Rows Removed by Filter: 2880745
              ->  Hash  (cost=67604.59..67604.59 rows=1860996 width=4) (actual time=1835.271..1835.271 rows=1865487 loops=1)
                    Buckets: 131072  Batches: 32  Memory Usage: 3085kB
                    ->  Seq Scan on title t  (cost=0.00..67604.59 rows=1860996 width=4) (actual time=0.008..1228.497 rows=1865487 loops=1)
                          Filter: (kind_id > 1)
                          Rows Removed by Filter: 662825
Planning time: 0.793 ms
Execution time: 7414.495 ms
