Hash Join  (cost=96369.51..1117746.49 rows=9898149 width=0) (actual time=1733.257..26234.521 rows=9440589 loops=1)
  Hash Cond: (ci.movie_id = t.id)
  ->  Seq Scan on cast_info ci  (cost=0.00..705507.15 rows=18295558 width=4) (actual time=0.026..12722.487 rows=18186088 loops=1)
        Filter: (person_id < 1805694)
        Rows Removed by Filter: 18058256
  ->  Hash  (cost=73925.90..73925.90 rows=1367968 width=4) (actual time=1731.298..1731.298 rows=1339686 loops=1)
        Buckets: 131072  Batches: 32  Memory Usage: 2491kB
        ->  Seq Scan on title t  (cost=0.00..73925.90 rows=1367968 width=4) (actual time=0.018..1309.680 rows=1339686 loops=1)
              Filter: ((kind_id > 4) AND (production_year < 2012))
              Rows Removed by Filter: 1188626
Planning time: 13.091 ms
Execution time: 27303.778 ms
