Hash Join  (cost=89253.38..1260546.90 rows=13384035 width=0) (actual time=1517.161..36664.957 rows=14307607 loops=1)
  Hash Cond: (ci.movie_id = t.id)
  ->  Seq Scan on cast_info ci  (cost=0.00..614943.12 rows=36225612 width=4) (actual time=0.025..13415.757 rows=36244344 loops=1)
  ->  Hash  (cost=73925.90..73925.90 rows=934198 width=4) (actual time=1516.091..1516.091 rows=950693 loops=1)
        Buckets: 131072  Batches: 16  Memory Usage: 3114kB
        ->  Seq Scan on title t  (cost=0.00..73925.90 rows=934198 width=4) (actual time=0.021..1242.714 rows=950693 loops=1)
              Filter: ((kind_id < 7) AND (production_year < 2013))
              Rows Removed by Filter: 1577619
Planning time: 0.766 ms
Execution time: 38203.541 ms
