Hash Join  (cost=100948.70..852092.31 rows=35437 width=0) (actual time=1792.914..18068.795 rows=64407 loops=1)
  Hash Cond: (ci.movie_id = t.id)
  ->  Seq Scan on cast_info ci  (cost=0.00..614943.12 rows=36225612 width=4) (actual time=0.022..8969.731 rows=36244344 loops=1)
  ->  Hash  (cost=100917.78..100917.78 rows=2474 width=8) (actual time=1791.321..1791.321 rows=2715 loops=1)
        Buckets: 4096  Batches: 1  Memory Usage: 139kB
        ->  Hash Join  (cost=73982.55..100917.78 rows=2474 width=8) (actual time=1182.281..1790.326 rows=2715 loops=1)
              Hash Cond: (mi_idx.movie_id = t.id)
              ->  Seq Scan on movie_info_idx mi_idx  (cost=0.00..21735.35 rows=1380035 width=4) (actual time=0.023..319.850 rows=1380035 loops=1)
              ->  Hash  (cost=73925.90..73925.90 rows=4532 width=4) (actual time=1182.063..1182.063 rows=8488 loops=1)
                    Buckets: 16384 (originally 8192)  Batches: 1 (originally 1)  Memory Usage: 427kB
                    ->  Seq Scan on title t  (cost=0.00..73925.90 rows=4532 width=4) (actual time=0.095..1177.896 rows=8488 loops=1)
                          Filter: ((kind_id = 7) AND (production_year = 1969))
                          Rows Removed by Filter: 2519824
Planning time: 1.241 ms
Execution time: 18079.334 ms
