Seq Scan on movie_companies mc  (cost=0.00..51404.11 rows=610715 width=0) (actual time=1.693..928.348 rows=614962 loops=1)
  Filter: (company_id > 63512)
  Rows Removed by Filter: 1994167
Planning time: 0.243 ms
Execution time: 1003.753 ms
