Hash Join  (cost=74323.94..915649.63 rows=147039 width=0) (actual time=1118.719..15877.036 rows=157931 loops=1)
  Hash Cond: (ci.movie_id = t.id)
  ->  Seq Scan on cast_info ci  (cost=0.00..796071.18 rows=11675764 width=4) (actual time=108.580..12059.984 rows=12794081 loops=1)
        Filter: ((person_id < 1318272) AND (role_id < 10))
        Rows Removed by Filter: 23450263
  ->  Hash  (cost=73925.90..73925.90 rows=31843 width=4) (actual time=1009.811..1009.811 rows=35656 loops=1)
        Buckets: 65536 (originally 32768)  Batches: 1 (originally 1)  Memory Usage: 1766kB
        ->  Seq Scan on title t  (cost=0.00..73925.90 rows=31843 width=4) (actual time=0.031..994.075 rows=35656 loops=1)
              Filter: ((kind_id = 7) AND (production_year = 2000))
              Rows Removed by Filter: 2492656
Planning time: 0.856 ms
Execution time: 15899.439 ms
