Seq Scan on movie_companies mc  (cost=0.00..57926.93 rows=549723 width=0) (actual time=384.430..902.425 rows=848384 loops=1)
  Filter: ((company_id > 14198) AND (company_type_id = 2))
  Rows Removed by Filter: 1760745
Planning time: 0.451 ms
Execution time: 1011.706 ms
