Hash Join  (cost=215685.06..746456.45 rows=3049758 width=0) (actual time=5259.811..34402.584 rows=65061155 loops=1)
  Hash Cond: (mi.movie_id = t.id)
  ->  Seq Scan on movie_info mi  (cost=0.00..309384.22 rows=14739122 width=4) (actual time=0.018..5212.375 rows=14835720 loops=1)
  ->  Hash  (cost=207101.16..207101.16 rows=523192 width=8) (actual time=5258.591..5258.591 rows=769466 loops=1)
        Buckets: 131072 (originally 131072)  Batches: 16 (originally 8)  Memory Usage: 3074kB
        ->  Hash Join  (cost=78724.21..207101.16 rows=523192 width=8) (actual time=1125.964..5015.560 rows=769466 loops=1)
              Hash Cond: (mk.movie_id = t.id)
              ->  Seq Scan on movie_keyword mk  (cost=0.00..69693.30 rows=4523930 width=4) (actual time=0.020..1358.801 rows=4523930 loops=1)
              ->  Hash  (cost=73925.90..73925.90 rows=292424 width=4) (actual time=1124.956..1124.956 rows=231739 loops=1)
                    Buckets: 131072  Batches: 4  Memory Usage: 3074kB
                    ->  Seq Scan on title t  (cost=0.00..73925.90 rows=292424 width=4) (actual time=522.449..1046.728 rows=231739 loops=1)
                          Filter: ((production_year > 2004) AND (kind_id = 1))
                          Rows Removed by Filter: 2296573
Planning time: 1.001 ms
Execution time: 42164.154 ms
