Hash Join  (cost=201497.69..727536.04 rows=4332842 width=0) (actual time=3904.134..21555.476 rows=22866663 loops=1)
  Hash Cond: (mi.movie_id = t.id)
  ->  Seq Scan on movie_info mi  (cost=0.00..309384.22 rows=14739122 width=4) (actual time=0.014..5315.219 rows=14835720 loops=1)
  ->  Hash  (cost=189302.34..189302.34 rows=743308 width=8) (actual time=3903.395..3903.395 rows=462020 loops=1)
        Buckets: 131072  Batches: 16  Memory Usage: 2191kB
        ->  Hash Join  (cost=104445.35..189302.34 rows=743308 width=8) (actual time=2121.955..3752.652 rows=462020 loops=1)
              Hash Cond: (mc.movie_id = t.id)
              ->  Seq Scan on movie_companies mc  (cost=0.00..57926.93 rows=836995 width=4) (actual time=205.420..963.090 rows=636319 loops=1)
                    Filter: ((company_id > 2870) AND (company_type_id < 2))
                    Rows Removed by Filter: 1972810
              ->  Hash  (cost=67604.59..67604.59 rows=2245501 width=4) (actual time=1915.547..1915.547 rows=2235103 loops=1)
                    Buckets: 131072  Batches: 32  Memory Usage: 3482kB
                    ->  Seq Scan on title t  (cost=0.00..67604.59 rows=2245501 width=4) (actual time=0.027..1206.568 rows=2235103 loops=1)
                          Filter: (production_year > 1957)
                          Rows Removed by Filter: 293209
Planning time: 1.167 ms
Execution time: 24220.630 ms
