Hash Join  (cost=358896.28..1070778.17 rows=17949712 width=0) (actual time=8692.171..64511.543 rows=201608750 loops=1)
  Hash Cond: (mi.movie_id = t.id)
  ->  Seq Scan on movie_info mi  (cost=0.00..346232.03 rows=11115165 width=4) (actual time=0.015..6735.134 rows=11210743 loops=1)
        Filter: (info_type_id > 3)
        Rows Removed by Filter: 3624977
  ->  Hash  (cost=291904.28..291904.28 rows=4083280 width=8) (actual time=8691.585..8691.585 rows=4070600 loops=1)
        Buckets: 131072  Batches: 64  Memory Usage: 3615kB
        ->  Hash Join  (cost=102767.86..291904.28 rows=4083280 width=8) (actual time=2100.971..7464.231 rows=4070600 loops=1)
              Hash Cond: (mk.movie_id = t.id)
              ->  Seq Scan on movie_keyword mk  (cost=0.00..81003.12 rows=4083280 width=4) (actual time=0.010..1737.659 rows=4070600 loops=1)
                    Filter: (keyword_id > 347)
                    Rows Removed by Filter: 453330
              ->  Hash  (cost=61283.27..61283.27 rows=2528527 width=4) (actual time=2099.763..2099.763 rows=2528312 loops=1)
                    Buckets: 131072  Batches: 64  Memory Usage: 2425kB
                    ->  Seq Scan on title t  (cost=0.00..61283.27 rows=2528527 width=4) (actual time=0.018..941.215 rows=2528312 loops=1)
Planning time: 0.770 ms
Execution time: 86301.897 ms
