Hash Join  (cost=190230.21..1427339.27 rows=13969732 width=0) (actual time=4724.719..42988.250 rows=28679632 loops=1)
  Hash Cond: (ci.movie_id = t.id)
  ->  Seq Scan on cast_info ci  (cost=0.00..796071.18 rows=25595615 width=4) (actual time=360.076..18690.698 rows=26859641 loops=1)
        Filter: ((person_id < 3748628) AND (role_id < 5))
        Rows Removed by Filter: 9384703
  ->  Hash  (cost=167588.78..167588.78 rows=1380035 width=8) (actual time=4363.074..4363.074 rows=1380035 loops=1)
        Buckets: 131072  Batches: 32  Memory Usage: 2708kB
        ->  Hash Join  (cost=102767.86..167588.78 rows=1380035 width=8) (actual time=1809.810..3636.404 rows=1380035 loops=1)
              Hash Cond: (mi_idx.movie_id = t.id)
              ->  Seq Scan on movie_info_idx mi_idx  (cost=0.00..21735.35 rows=1380035 width=4) (actual time=0.027..430.355 rows=1380035 loops=1)
              ->  Hash  (cost=61283.27..61283.27 rows=2528527 width=4) (actual time=1809.020..1809.020 rows=2528312 loops=1)
                    Buckets: 131072  Batches: 64  Memory Usage: 2415kB
                    ->  Seq Scan on title t  (cost=0.00..61283.27 rows=2528527 width=4) (actual time=0.008..949.270 rows=2528312 loops=1)
Planning time: 0.823 ms
Execution time: 46155.649 ms
