Hash Join  (cost=108676.04..163925.42 rows=58385 width=0) (actual time=2106.628..3053.951 rows=55025 loops=1)
  Hash Cond: (mc.movie_id = t.id)
  ->  Seq Scan on movie_companies mc  (cost=0.00..44881.29 rows=2609129 width=4) (actual time=0.026..490.509 rows=2609129 loops=1)
  ->  Hash  (cost=107968.76..107968.76 rows=56582 width=8) (actual time=2048.265..2048.265 rows=21126 loops=1)
        Buckets: 65536  Batches: 1  Memory Usage: 1338kB
        ->  Hash Join  (cost=69305.46..107968.76 rows=56582 width=8) (actual time=1130.132..2040.545 rows=21126 loops=1)
              Hash Cond: (mi_idx.movie_id = t.id)
              ->  Seq Scan on movie_info_idx mi_idx  (cost=0.00..21735.35 rows=1380035 width=4) (actual time=0.021..463.849 rows=1380035 loops=1)
              ->  Hash  (cost=67604.59..67604.59 rows=103670 width=4) (actual time=1129.449..1129.449 rows=103980 loops=1)
                    Buckets: 131072  Batches: 2  Memory Usage: 2847kB
                    ->  Seq Scan on title t  (cost=0.00..67604.59 rows=103670 width=4) (actual time=215.413..1094.127 rows=103980 loops=1)
                          Filter: (production_year < 1926)
                          Rows Removed by Filter: 2424332
Planning time: 6.827 ms
Execution time: 3061.000 ms
