Hash Join  (cost=83072.91..109987.03 rows=1 width=0) (actual time=1296.822..1712.295 rows=22 loops=1)
  Hash Cond: (mi_idx.movie_id = t.id)
  ->  Seq Scan on movie_info_idx mi_idx  (cost=0.00..25185.44 rows=460978 width=4) (actual time=0.023..403.270 rows=459925 loops=1)
        Filter: (info_type_id = 99)
        Rows Removed by Filter: 920110
  ->  Hash  (cost=83072.90..83072.90 rows=1 width=8) (actual time=1250.248..1250.248 rows=24 loops=1)
        Buckets: 1024  Batches: 1  Memory Usage: 9kB
        ->  Nested Loop  (cost=0.43..83072.90 rows=1 width=8) (actual time=23.804..1250.197 rows=24 loops=1)
              ->  Seq Scan on movie_keyword mk  (cost=0.00..81003.12 rows=246 width=4) (actual time=0.640..1203.880 rows=1285 loops=1)
                    Filter: (keyword_id = 1302)
                    Rows Removed by Filter: 4522645
              ->  Index Scan using title_pkey on title t  (cost=0.43..8.40 rows=1 width=4) (actual time=0.035..0.035 rows=0 loops=1285)
                    Index Cond: (id = mk.movie_id)
                    Filter: ((kind_id < 7) AND (production_year = 1996))
                    Rows Removed by Filter: 1
Planning time: 0.745 ms
Execution time: 1712.456 ms
