Hash Join  (cost=69994.12..558858.78 rows=848973 width=0) (actual time=970.507..12427.489 rows=1698674 loops=1)
  Hash Cond: (mi.movie_id = t.id)
  ->  Seq Scan on movie_info mi  (cost=0.00..309384.22 rows=14739122 width=4) (actual time=0.011..5598.448 rows=14835720 loops=1)
  ->  Hash  (cost=67604.59..67604.59 rows=145643 width=4) (actual time=969.786..969.786 rows=147720 loops=1)
        Buckets: 131072  Batches: 2  Memory Usage: 3624kB
        ->  Seq Scan on title t  (cost=0.00..67604.59 rows=145643 width=4) (actual time=0.019..919.844 rows=147720 loops=1)
              Filter: (production_year < 1943)
              Rows Removed by Filter: 2380592
Planning time: 0.786 ms
Execution time: 12634.815 ms
