Nested Loop  (cost=44377.22..115193.13 rows=2177 width=0) (actual time=900.872..2031.577 rows=1824 loops=1)
  Join Filter: (mc.movie_id = t.id)
  ->  Hash Join  (cost=44376.79..108537.53 rows=11273 width=8) (actual time=900.799..1999.602 rows=1824 loops=1)
        Hash Cond: (mc.movie_id = mi_idx.movie_id)
        ->  Seq Scan on movie_companies mc  (cost=0.00..57926.93 rows=3989 width=4) (actual time=0.505..886.760 rows=2708 loops=1)
              Filter: ((company_type_id > 1) AND (company_id = 302))
              Rows Removed by Filter: 2606421
        ->  Hash  (cost=21735.35..21735.35 rows=1380035 width=4) (actual time=893.651..893.651 rows=1380035 loops=1)
              Buckets: 131072  Batches: 32  Memory Usage: 2540kB
              ->  Seq Scan on movie_info_idx mi_idx  (cost=0.00..21735.35 rows=1380035 width=4) (actual time=0.017..479.299 rows=1380035 loops=1)
  ->  Index Only Scan using title_pkey on title t  (cost=0.43..0.58 rows=1 width=4) (actual time=0.016..0.017 rows=1 loops=1824)
        Index Cond: (id = mi_idx.movie_id)
        Heap Fetches: 1824
Planning time: 1.128 ms
Execution time: 2032.052 ms
