Seq Scan on cast_info ci  (cost=0.00..705507.15 rows=26531102 width=0) (actual time=0.016..11120.457 rows=26578516 loops=1)
  Filter: (person_id < 2742064)
  Rows Removed by Filter: 9665828
Planning time: 0.369 ms
Execution time: 14254.648 ms
