Seq Scan on movie_keyword mk  (cost=0.00..81003.12 rows=3239856 width=0) (actual time=0.016..1452.362 rows=3228709 loops=1)
  Filter: (keyword_id < 13641)
  Rows Removed by Filter: 1295221
Planning time: 0.314 ms
Execution time: 1857.761 ms
