Hash Join  (cost=891462.38..1379842.89 rows=803558 width=0) (actual time=12426.720..22726.906 rows=1809312 loops=1)
  Hash Cond: (mi.movie_id = t.id)
  ->  Seq Scan on movie_info mi  (cost=0.00..309384.22 rows=14739122 width=4) (actual time=0.014..4980.412 rows=14835720 loops=1)
  ->  Hash  (cost=889200.23..889200.23 rows=137852 width=8) (actual time=12425.554..12425.554 rows=78558 loops=1)
        Buckets: 131072  Batches: 2  Memory Usage: 2567kB
        ->  Hash Join  (cost=83810.17..889200.23 rows=137852 width=8) (actual time=5495.462..12397.512 rows=78558 loops=1)
              Hash Cond: (ci.movie_id = t.id)
              ->  Seq Scan on cast_info ci  (cost=0.00..796071.18 rows=352894 width=4) (actual time=4155.321..10759.223 rows=234701 loops=1)
                    Filter: ((person_id < 299682) AND (role_id = 3))
                    Rows Removed by Filter: 36009643
              ->  Hash  (cost=67604.59..67604.59 rows=987727 width=4) (actual time=1339.256..1339.256 rows=985048 loops=1)
                    Buckets: 131072  Batches: 16  Memory Usage: 3188kB
                    ->  Seq Scan on title t  (cost=0.00..67604.59 rows=987727 width=4) (actual time=0.025..1021.595 rows=985048 loops=1)
                          Filter: (kind_id < 7)
                          Rows Removed by Filter: 1543264
Planning time: 1.223 ms
Execution time: 22941.997 ms
