Hash Join  (cost=965606.21..1662414.00 rows=16883905 width=0) (actual time=21364.961..38687.613 rows=16473207 loops=1)
  Hash Cond: (mi.movie_id = t.id)
  ->  Seq Scan on movie_info mi  (cost=0.00..309384.22 rows=14739122 width=4) (actual time=0.026..5416.827 rows=14835720 loops=1)
  ->  Hash  (cost=918085.35..918085.35 rows=2896469 width=8) (actual time=21364.041..21364.041 rows=3445221 loops=1)
        Buckets: 131072  Batches: 64  Memory Usage: 3084kB
        ->  Hash Join  (cost=89240.26..918085.35 rows=2896469 width=8) (actual time=3616.414..20273.279 rows=3445221 loops=1)
              Hash Cond: (ci.movie_id = t.id)
              ->  Seq Scan on cast_info ci  (cost=0.00..705507.15 rows=7846468 width=4) (actual time=1396.674..12675.363 rows=7712640 loops=1)
                    Filter: (role_id > 6)
                    Rows Removed by Filter: 28531704
              ->  Hash  (cost=73925.90..73925.90 rows=933388 width=4) (actual time=2218.461..2218.461 rows=1024206 loops=1)
                    Buckets: 131072  Batches: 16  Memory Usage: 3285kB
                    ->  Seq Scan on title t  (cost=0.00..73925.90 rows=933388 width=4) (actual time=123.378..1183.998 rows=1024206 loops=1)
                          Filter: ((production_year > 1997) AND (kind_id = 7))
                          Rows Removed by Filter: 1504106
Planning time: 1.215 ms
Execution time: 40436.474 ms
