Seq Scan on cast_info ci  (cost=0.00..796071.18 rows=14936125 width=0) (actual time=0.018..13772.188 rows=19927499 loops=1)
  Filter: ((person_id > 1299153) AND (role_id > 1))
  Rows Removed by Filter: 16316845
Planning time: 0.758 ms
Execution time: 16173.998 ms
