Hash Join  (cost=79677.10..605248.85 rows=4289082 width=0) (actual time=1202.747..14954.343 rows=5831987 loops=1)
  Hash Cond: (mi.movie_id = t.id)
  ->  Seq Scan on movie_info mi  (cost=0.00..309384.22 rows=14739122 width=4) (actual time=0.016..5001.296 rows=14835720 loops=1)
  ->  Hash  (cost=67604.59..67604.59 rows=735801 width=4) (actual time=1200.204..1200.204 rows=730985 loops=1)
        Buckets: 131072  Batches: 16  Memory Usage: 2638kB
        ->  Seq Scan on title t  (cost=0.00..67604.59 rows=735801 width=4) (actual time=0.020..965.295 rows=730985 loops=1)
              Filter: (production_year < 1992)
              Rows Removed by Filter: 1797327
Planning time: 0.705 ms
Execution time: 15621.279 ms
