Hash Join  (cost=73950.44..133082.38 rows=249 width=0) (actual time=1271.640..1762.164 rows=788 loops=1)
  Hash Cond: (mc.movie_id = t.id)
  ->  Seq Scan on movie_companies mc  (cost=0.00..57926.93 rows=320670 width=4) (actual time=166.806..799.747 rows=462461 loops=1)
        Filter: ((company_id < 864) AND (company_type_id = 1))
        Rows Removed by Filter: 2146668
  ->  Hash  (cost=73925.90..73925.90 rows=1963 width=4) (actual time=881.530..881.530 rows=4860 loops=1)
        Buckets: 8192 (originally 2048)  Batches: 1 (originally 1)  Memory Usage: 235kB
        ->  Seq Scan on title t  (cost=0.00..73925.90 rows=1963 width=4) (actual time=175.771..879.217 rows=4860 loops=1)
              Filter: ((kind_id = 1) AND (production_year = 1988))
              Rows Removed by Filter: 2523452
Planning time: 1.021 ms
Execution time: 1762.482 ms
