Hash Join  (cost=129473.60..216587.62 rows=45598 width=0) (actual time=2676.422..5022.621 rows=152750 loops=1)
  Hash Cond: (mk.movie_id = t.id)
  ->  Seq Scan on movie_keyword mk  (cost=0.00..69693.30 rows=4523930 width=4) (actual time=0.016..888.964 rows=4523930 loops=1)
  ->  Hash  (cost=129155.03..129155.03 rows=25486 width=8) (actual time=2676.063..2676.063 rows=176586 loops=1)
        Buckets: 131072 (originally 32768)  Batches: 2 (originally 1)  Memory Usage: 4478kB
        ->  Hash Join  (cost=74234.64..129155.03 rows=25486 width=8) (actual time=917.999..2618.687 rows=176586 loops=1)
              Hash Cond: (mc.movie_id = t.id)
              ->  Seq Scan on movie_companies mc  (cost=0.00..44881.29 rows=2609129 width=4) (actual time=0.014..632.832 rows=2609129 loops=1)
              ->  Hash  (cost=73925.90..73925.90 rows=24699 width=4) (actual time=917.734..917.734 rows=92897 loops=1)
                    Buckets: 131072 (originally 32768)  Batches: 2 (originally 1)  Memory Usage: 3073kB
                    ->  Seq Scan on title t  (cost=0.00..73925.90 rows=24699 width=4) (actual time=0.027..881.069 rows=92897 loops=1)
                          Filter: ((production_year < 1922) AND (kind_id = 1))
                          Rows Removed by Filter: 2435415
Planning time: 3.156 ms
Execution time: 5042.175 ms
