Hash Join  (cost=101576.35..467182.31 rows=95002 width=0) (actual time=1551.138..7367.254 rows=517837 loops=1)
  Hash Cond: (mi.movie_id = t.id)
  ->  Seq Scan on movie_info mi  (cost=0.00..309384.22 rows=14739122 width=4) (actual time=0.011..2913.849 rows=14835720 loops=1)
  ->  Hash  (cost=101372.63..101372.63 rows=16298 width=8) (actual time=1550.949..1550.949 rows=22000 loops=1)
        Buckets: 32768 (originally 16384)  Batches: 1 (originally 1)  Memory Usage: 1116kB
        ->  Hash Join  (cost=74299.17..101372.63 rows=16298 width=8) (actual time=958.186..1542.391 rows=22000 loops=1)
              Hash Cond: (mi_idx.movie_id = t.id)
              ->  Seq Scan on movie_info_idx mi_idx  (cost=0.00..21735.35 rows=1380035 width=4) (actual time=0.021..254.447 rows=1380035 loops=1)
              ->  Hash  (cost=73925.90..73925.90 rows=29861 width=4) (actual time=957.911..957.911 rows=17772 loops=1)
                    Buckets: 32768  Batches: 1  Memory Usage: 881kB
                    ->  Seq Scan on title t  (cost=0.00..73925.90 rows=29861 width=4) (actual time=0.022..950.705 rows=17772 loops=1)
                          Filter: ((kind_id = 1) AND (production_year = 2007))
                          Rows Removed by Filter: 2510540
Planning time: 1.144 ms
Execution time: 7424.993 ms
