Seq Scan on movie_keyword mk  (cost=0.00..81003.12 rows=1275705 width=0) (actual time=0.025..1251.370 rows=1283147 loops=1)
  Filter: (keyword_id > 13775)
  Rows Removed by Filter: 3240783
Planning time: 0.310 ms
Execution time: 1422.948 ms
