Hash Join  (cost=100930.89..465644.99 rows=5817 width=0) (actual time=1595.723..7129.777 rows=9831 loops=1)
  Hash Cond: (mi.movie_id = t.id)
  ->  Seq Scan on movie_info mi  (cost=0.00..309384.22 rows=14739122 width=4) (actual time=0.020..3069.067 rows=14835720 loops=1)
  ->  Hash  (cost=100918.42..100918.42 rows=998 width=8) (actual time=1584.952..1584.952 rows=830 loops=1)
        Buckets: 1024  Batches: 1  Memory Usage: 41kB
        ->  Hash Join  (cost=73994.33..100918.42 rows=998 width=8) (actual time=1105.637..1584.507 rows=830 loops=1)
              Hash Cond: (mi_idx.movie_id = t.id)
              ->  Seq Scan on movie_info_idx mi_idx  (cost=0.00..25185.44 rows=460978 width=4) (actual time=0.015..395.711 rows=459925 loops=1)
                    Filter: (info_type_id = 99)
                    Rows Removed by Filter: 920110
              ->  Hash  (cost=73925.90..73925.90 rows=5474 width=4) (actual time=1103.150..1103.150 rows=6736 loops=1)
                    Buckets: 8192  Batches: 1  Memory Usage: 301kB
                    ->  Seq Scan on title t  (cost=0.00..73925.90 rows=5474 width=4) (actual time=0.237..1099.791 rows=6736 loops=1)
                          Filter: ((kind_id > 1) AND (production_year = 1958))
                          Rows Removed by Filter: 2521576
Planning time: 0.641 ms
Execution time: 7131.465 ms
