Seq Scan on cast_info ci  (cost=0.00..705507.15 rows=500 width=0) (actual time=6409.149..8809.745 rows=1057 loops=1)
  Filter: (person_id = 1303393)
  Rows Removed by Filter: 36243287
Planning time: 0.345 ms
Execution time: 8809.956 ms
