Hash Join  (cost=81878.30..561658.27 rows=1872159 width=0) (actual time=1142.839..12420.342 rows=3034780 loops=1)
  Hash Cond: (mi.movie_id = t.id)
  ->  Seq Scan on movie_info mi  (cost=0.00..346232.03 rows=9767026 width=4) (actual time=0.019..6303.147 rows=9911754 loops=1)
        Filter: (info_type_id > 4)
        Rows Removed by Filter: 4923966
  ->  Hash  (cost=73925.90..73925.90 rows=484672 width=4) (actual time=1092.769..1092.769 rows=355227 loops=1)
        Buckets: 131072  Batches: 8  Memory Usage: 2599kB
        ->  Seq Scan on title t  (cost=0.00..73925.90 rows=484672 width=4) (actual time=0.014..980.893 rows=355227 loops=1)
              Filter: ((kind_id < 2) AND (production_year > 1986))
              Rows Removed by Filter: 2173085
Planning time: 0.693 ms
Execution time: 12756.896 ms
