Hash Join  (cost=102767.86..178479.23 rows=328519 width=0) (actual time=2353.407..2957.821 rows=27052 loops=1)
  Hash Cond: (mc.movie_id = t.id)
  ->  Seq Scan on movie_companies mc  (cost=0.00..57926.93 rows=328519 width=4) (actual time=610.206..805.758 rows=27052 loops=1)
        Filter: ((company_id > 49638) AND (company_type_id < 2))
        Rows Removed by Filter: 2582077
  ->  Hash  (cost=61283.27..61283.27 rows=2528527 width=4) (actual time=1741.862..1741.862 rows=2528312 loops=1)
        Buckets: 131072  Batches: 64  Memory Usage: 2415kB
        ->  Seq Scan on title t  (cost=0.00..61283.27 rows=2528527 width=4) (actual time=0.025..891.886 rows=2528312 loops=1)
Planning time: 0.706 ms
Execution time: 2961.310 ms
