Hash Join  (cost=106934.74..1538827.85 rows=34344293 width=0) (actual time=1984.263..45387.995 rows=35631753 loops=1)
  Hash Cond: (ci.movie_id = t.id)
  ->  Seq Scan on cast_info ci  (cost=0.00..614943.12 rows=36225612 width=4) (actual time=0.015..13699.222 rows=36244344 loops=1)
  ->  Hash  (cost=67604.59..67604.59 rows=2397212 width=4) (actual time=1982.946..1982.946 rows=2388701 loops=1)
        Buckets: 131072  Batches: 32  Memory Usage: 3650kB
        ->  Seq Scan on title t  (cost=0.00..67604.59 rows=2397212 width=4) (actual time=0.020..1269.229 rows=2388701 loops=1)
              Filter: (production_year > 1915)
              Rows Removed by Filter: 139611
Planning time: 0.786 ms
Execution time: 49334.696 ms
