Hash Join  (cost=73950.44..160643.60 rows=3512 width=0) (actual time=1234.515..2662.346 rows=29057 loops=1)
  Hash Cond: (mk.movie_id = t.id)
  ->  Seq Scan on movie_keyword mk  (cost=0.00..69693.30 rows=4523930 width=4) (actual time=0.011..907.870 rows=4523930 loops=1)
  ->  Hash  (cost=73925.90..73925.90 rows=1963 width=4) (actual time=957.241..957.241 rows=4793 loops=1)
        Buckets: 8192 (originally 2048)  Batches: 1 (originally 1)  Memory Usage: 233kB
        ->  Seq Scan on title t  (cost=0.00..73925.90 rows=1963 width=4) (actual time=0.268..955.064 rows=4793 loops=1)
              Filter: ((kind_id = 1) AND (production_year = 1985))
              Rows Removed by Filter: 2523519
Planning time: 0.746 ms
Execution time: 2666.274 ms
