Hash Join  (cost=70093.99..433317.41 rows=80888 width=0) (actual time=4347.120..7221.571 rows=109540 loops=1)
  Hash Cond: (mi.movie_id = t.id)
  ->  Seq Scan on movie_info mi  (cost=0.00..346232.03 rows=1348138 width=4) (actual time=3316.129..5602.176 rows=1298989 loops=1)
        Filter: (info_type_id = 4)
        Rows Removed by Filter: 13536731
  ->  Hash  (cost=67604.59..67604.59 rows=151712 width=4) (actual time=1015.143..1015.143 rows=155206 loops=1)
        Buckets: 131072  Batches: 2  Memory Usage: 3758kB
        ->  Seq Scan on title t  (cost=0.00..67604.59 rows=151712 width=4) (actual time=4.693..961.529 rows=155206 loops=1)
              Filter: (production_year < 1947)
              Rows Removed by Filter: 2373106
Planning time: 0.712 ms
Execution time: 7234.967 ms
