Hash Join  (cost=246215.57..1521300.16 rows=19079638 width=0) (actual time=5061.751..40677.298 rows=19329042 loops=1)
  Hash Cond: (ci.movie_id = t.id)
  ->  Seq Scan on cast_info ci  (cost=0.00..614943.12 rows=36225612 width=4) (actual time=0.018..12172.777 rows=36244344 loops=1)
  ->  Hash  (cost=224365.72..224365.72 rows=1331748 width=8) (actual time=5060.951..5060.951 rows=570736 loops=1)
        Buckets: 131072  Batches: 32  Memory Usage: 1741kB
        ->  Hash Join  (cost=86138.21..224365.72 rows=1331748 width=8) (actual time=1393.944..4891.209 rows=570736 loops=1)
              Hash Cond: (mk.movie_id = t.id)
              ->  Seq Scan on movie_keyword mk  (cost=0.00..69693.30 rows=4523930 width=4) (actual time=0.019..1288.166 rows=4523930 loops=1)
              ->  Hash  (cost=73925.90..73925.90 rows=744344 width=4) (actual time=1392.392..1392.392 rows=796638 loops=1)
                    Buckets: 131072  Batches: 16  Memory Usage: 2785kB
                    ->  Seq Scan on title t  (cost=0.00..73925.90 rows=744344 width=4) (actual time=0.021..1124.448 rows=796638 loops=1)
                          Filter: ((kind_id > 1) AND (production_year > 2005))
                          Rows Removed by Filter: 1731674
Planning time: 1.127 ms
Execution time: 42969.013 ms
