Seq Scan on movie_companies mc  (cost=0.00..51404.11 rows=373323 width=0) (actual time=448.119..808.635 rows=377229 loops=1)
  Filter: (company_id > 84719)
  Rows Removed by Filter: 2231900
Planning time: 0.324 ms
Execution time: 857.626 ms
