Hash Join  (cost=918200.25..1048521.10 rows=682781 width=0) (actual time=16173.022..19287.463 rows=628772 loops=1)
  Hash Cond: (mk.movie_id = t.id)
  ->  Seq Scan on movie_keyword mk  (cost=0.00..69693.30 rows=4523930 width=4) (actual time=0.014..1220.519 rows=4523930 loops=1)
  ->  Hash  (cost=911938.98..911938.98 rows=381622 width=8) (actual time=16170.286..16170.286 rows=348221 loops=1)
        Buckets: 131072  Batches: 8  Memory Usage: 2720kB
        ->  Hash Join  (cost=98137.04..911938.98 rows=381622 width=8) (actual time=13613.438..16058.413 rows=348221 loops=1)
              Hash Cond: (ci.movie_id = t.id)
              ->  Seq Scan on cast_info ci  (cost=0.00..796071.18 rows=518508 width=4) (actual time=11590.842..13289.114 rows=605460 loops=1)
                    Filter: ((person_id > 1000146) AND (role_id = 6))
                    Rows Removed by Filter: 35638884
              ->  Hash  (cost=67604.59..67604.59 rows=1860996 width=4) (actual time=2021.283..2021.283 rows=1865487 loops=1)
                    Buckets: 131072  Batches: 32  Memory Usage: 3079kB
                    ->  Seq Scan on title t  (cost=0.00..67604.59 rows=1860996 width=4) (actual time=0.025..1182.001 rows=1865487 loops=1)
                          Filter: (kind_id > 1)
                          Rows Removed by Filter: 662825
Planning time: 1.208 ms
Execution time: 19353.143 ms
