Hash Join  (cost=74629.65..129876.13 rows=58095 width=0) (actual time=1184.494..2897.796 rows=299495 loops=1)
  Hash Cond: (mc.movie_id = t.id)
  ->  Seq Scan on movie_companies mc  (cost=0.00..44881.29 rows=2609129 width=4) (actual time=0.017..600.761 rows=2609129 loops=1)
  ->  Hash  (cost=73925.90..73925.90 rows=56300 width=4) (actual time=1139.763..1139.763 rows=145502 loops=1)
        Buckets: 131072 (originally 65536)  Batches: 2 (originally 1)  Memory Usage: 3579kB
        ->  Seq Scan on title t  (cost=0.00..73925.90 rows=56300 width=4) (actual time=33.909..1081.945 rows=145502 loops=1)
              Filter: ((kind_id < 7) AND (production_year < 1942))
              Rows Removed by Filter: 2382810
Planning time: 0.738 ms
Execution time: 2934.334 ms
