Seq Scan on cast_info ci  (cost=0.00..796071.18 rows=10607273 width=0) (actual time=2322.654..14332.449 rows=8377448 loops=1)
  Filter: ((person_id > 574687) AND (role_id = 1))
  Rows Removed by Filter: 27866896
Planning time: 0.430 ms
Execution time: 15351.869 ms
