Seq Scan on movie_companies mc  (cost=0.00..51404.11 rows=2004025 width=0) (actual time=0.025..867.418 rows=2008969 loops=1)
  Filter: (company_id > 687)
  Rows Removed by Filter: 600160
Planning time: 0.317 ms
Execution time: 1121.640 ms
