Seq Scan on cast_info ci  (cost=0.00..796071.18 rows=62149 width=0) (actual time=3379.326..9763.708 rows=54364 loops=1)
  Filter: ((person_id < 122049) AND (role_id = 8))
  Rows Removed by Filter: 36189980
Planning time: 0.356 ms
Execution time: 9770.826 ms
