Nested Loop  (cost=0.43..88896.37 rows=3127 width=0) (actual time=198.334..770.883 rows=4474 loops=1)
  ->  Seq Scan on movie_companies mc  (cost=0.00..51404.11 rows=5131 width=4) (actual time=1.773..705.340 rows=4726 loops=1)
        Filter: (company_id = 394)
        Rows Removed by Filter: 2604403
  ->  Index Scan using title_pkey on title t  (cost=0.43..7.30 rows=1 width=4) (actual time=0.013..0.013 rows=1 loops=4726)
        Index Cond: (id = mc.movie_id)
        Filter: (kind_id = 7)
        Rows Removed by Filter: 0
Planning time: 1.772 ms
Execution time: 772.051 ms
