Hash Join  (cost=74539.83..926952.93 rows=277464 width=0) (actual time=1370.155..21358.475 rows=179592 loops=1)
  Hash Cond: (ci.movie_id = t.id)
  ->  Seq Scan on cast_info ci  (cost=0.00..796071.18 rows=14284607 width=4) (actual time=0.024..16706.197 rows=11781135 loops=1)
        Filter: ((person_id < 3267206) AND (role_id > 2))
        Rows Removed by Filter: 24463209
  ->  Hash  (cost=73925.90..73925.90 rows=49114 width=4) (actual time=1368.401..1368.401 rows=45321 loops=1)
        Buckets: 65536  Batches: 1  Memory Usage: 2106kB
        ->  Seq Scan on title t  (cost=0.00..73925.90 rows=49114 width=4) (actual time=0.022..1349.380 rows=45321 loops=1)
              Filter: ((kind_id > 1) AND (production_year > 2012))
              Rows Removed by Filter: 2482991
Planning time: 0.842 ms
Execution time: 21387.124 ms
