Seq Scan on movie_keyword mk  (cost=0.00..81003.12 rows=3524260 width=0) (actual time=0.020..1477.007 rows=3514329 loops=1)
  Filter: (keyword_id < 18168)
  Rows Removed by Filter: 1009601
Planning time: 0.230 ms
Execution time: 1916.425 ms
