Hash Join  (cost=83074.74..142138.16 rows=29 width=0) (actual time=1194.939..2139.624 rows=683 loops=1)
  Hash Cond: (mc.movie_id = t.id)
  ->  Seq Scan on movie_companies mc  (cost=0.00..57926.93 rows=302983 width=4) (actual time=0.323..852.751 rows=597155 loops=1)
        Filter: ((company_id > 67467) AND (company_type_id > 1))
        Rows Removed by Filter: 2011974
  ->  Hash  (cost=83071.67..83071.67 rows=246 width=8) (actual time=1191.536..1191.536 rows=793 loops=1)
        Buckets: 1024  Batches: 1  Memory Usage: 39kB
        ->  Nested Loop  (cost=0.43..83071.67 rows=246 width=8) (actual time=0.240..1190.950 rows=793 loops=1)
              ->  Seq Scan on movie_keyword mk  (cost=0.00..81003.12 rows=246 width=4) (actual time=0.195..1168.787 rows=793 loops=1)
                    Filter: (keyword_id = 6104)
                    Rows Removed by Filter: 4523137
              ->  Index Only Scan using title_pkey on title t  (cost=0.43..8.40 rows=1 width=4) (actual time=0.026..0.027 rows=1 loops=793)
                    Index Cond: (id = mk.movie_id)
                    Heap Fetches: 793
Planning time: 1.099 ms
Execution time: 2139.865 ms
