Hash Join  (cost=95252.32..848367.87 rows=232641 width=0) (actual time=1599.091..17028.827 rows=653312 loops=1)
  Hash Cond: (ci.movie_id = t.id)
  ->  Seq Scan on cast_info ci  (cost=0.00..614943.12 rows=36225612 width=4) (actual time=0.015..7164.251 rows=36244344 loops=1)
  ->  Hash  (cost=95049.35..95049.35 rows=16238 width=8) (actual time=1598.743..1598.743 rows=21438 loops=1)
        Buckets: 32768 (originally 16384)  Batches: 1 (originally 1)  Memory Usage: 1094kB
        ->  Hash Join  (cost=67976.49..95049.35 rows=16238 width=8) (actual time=958.295..1590.188 rows=21438 loops=1)
              Hash Cond: (mi_idx.movie_id = t.id)
              ->  Seq Scan on movie_info_idx mi_idx  (cost=0.00..21735.35 rows=1380035 width=4) (actual time=0.012..286.088 rows=1380035 loops=1)
              ->  Hash  (cost=67604.59..67604.59 rows=29752 width=4) (actual time=958.008..958.008 rows=30027 loops=1)
                    Buckets: 32768  Batches: 1  Memory Usage: 1312kB
                    ->  Seq Scan on title t  (cost=0.00..67604.59 rows=29752 width=4) (actual time=0.062..944.756 rows=30027 loops=1)
                          Filter: (production_year = 1994)
                          Rows Removed by Filter: 2498285
Planning time: 1.150 ms
Execution time: 17117.582 ms
