Hash Join  (cost=101828.11..156604.64 rows=11099 width=0) (actual time=1729.909..2761.311 rows=12513 loops=1)
  Hash Cond: (mc.movie_id = t.id)
  ->  Seq Scan on movie_companies mc  (cost=0.00..44881.29 rows=2609129 width=4) (actual time=0.019..504.687 rows=2609129 loops=1)
  ->  Hash  (cost=101693.65..101693.65 rows=10757 width=8) (actual time=1729.032..1729.032 rows=6070 loops=1)
        Buckets: 16384  Batches: 1  Memory Usage: 366kB
        ->  Hash Join  (cost=74657.14..101693.65 rows=10757 width=8) (actual time=1191.370..1726.214 rows=6070 loops=1)
              Hash Cond: (mi_idx.movie_id = t.id)
              ->  Seq Scan on movie_info_idx mi_idx  (cost=0.00..25185.44 rows=464934 width=4) (actual time=0.014..388.761 rows=460185 loops=1)
                    Filter: (info_type_id > 100)
                    Rows Removed by Filter: 919850
              ->  Hash  (cost=73925.90..73925.90 rows=58499 width=4) (actual time=1191.024..1191.024 rows=62752 loops=1)
                    Buckets: 65536  Batches: 1  Memory Usage: 2719kB
                    ->  Seq Scan on title t  (cost=0.00..73925.90 rows=58499 width=4) (actual time=0.018..1166.150 rows=62752 loops=1)
                          Filter: ((kind_id = 7) AND (production_year = 2005))
                          Rows Removed by Filter: 2465560
Planning time: 1.106 ms
Execution time: 2763.274 ms
