Seq Scan on movie_keyword mk  (cost=0.00..81003.12 rows=246 width=0) (actual time=3.185..1124.755 rows=1293 loops=1)
  Filter: (keyword_id = 3534)
  Rows Removed by Filter: 4522637
Planning time: 0.365 ms
Execution time: 1125.240 ms
