Seq Scan on movie_companies mc  (cost=0.00..51404.11 rows=104 width=0) (actual time=193.274..727.456 rows=1 loops=1)
  Filter: (company_id = 188085)
  Rows Removed by Filter: 2609128
Planning time: 0.355 ms
Execution time: 727.522 ms
