Hash Join  (cost=74222.38..440260.86 rows=138255 width=0) (actual time=1644.353..8226.424 rows=159030 loops=1)
  Hash Cond: (mi.movie_id = t.id)
  ->  Seq Scan on movie_info mi  (cost=0.00..309384.22 rows=14739122 width=4) (actual time=0.010..3817.655 rows=14835720 loops=1)
  ->  Hash  (cost=73925.90..73925.90 rows=23718 width=4) (actual time=1043.957..1043.957 rows=21737 loops=1)
        Buckets: 32768  Batches: 1  Memory Usage: 1021kB
        ->  Seq Scan on title t  (cost=0.00..73925.90 rows=23718 width=4) (actual time=0.020..1034.275 rows=21737 loops=1)
              Filter: ((production_year > 2008) AND (kind_id = 2))
              Rows Removed by Filter: 2506575
Planning time: 1.036 ms
Execution time: 8247.299 ms
