Hash Join  (cost=709678.15..1074363.23 rows=2915 width=0) (actual time=10154.687..15935.550 rows=1845 loops=1)
  Hash Cond: (mi.movie_id = t.id)
  ->  Seq Scan on movie_info mi  (cost=0.00..309384.22 rows=14739122 width=4) (actual time=0.011..3283.674 rows=14835720 loops=1)
  ->  Hash  (cost=709671.90..709671.90 rows=500 width=8) (actual time=10147.069..10147.069 rows=105 loops=1)
        Buckets: 1024  Batches: 1  Memory Usage: 13kB
        ->  Nested Loop  (cost=0.43..709671.90 rows=500 width=8) (actual time=6663.405..10146.980 rows=105 loops=1)
              ->  Seq Scan on cast_info ci  (cost=0.00..705507.15 rows=500 width=4) (actual time=6663.208..10144.782 rows=105 loops=1)
                    Filter: (person_id = 261538)
                    Rows Removed by Filter: 36244239
              ->  Index Only Scan using title_pkey on title t  (cost=0.43..8.32 rows=1 width=4) (actual time=0.019..0.019 rows=1 loops=105)
                    Index Cond: (id = ci.movie_id)
                    Heap Fetches: 105
Planning time: 1.217 ms
Execution time: 15936.213 ms
