Hash Join  (cost=365418.15..1385393.61 rows=15412188 width=0) (actual time=8320.410..37763.635 rows=56795703 loops=1)
  Hash Cond: (ci.movie_id = t.id)
  ->  Seq Scan on cast_info ci  (cost=0.00..705507.15 rows=8614221 width=4) (actual time=0.020..11541.240 rows=8614769 loops=1)
        Filter: (person_id > 2827145)
        Rows Removed by Filter: 27629575
  ->  Hash  (cost=291197.02..291197.02 rows=4523930 width=8) (actual time=8319.277..8319.277 rows=4523930 loops=1)
        Buckets: 131072  Batches: 64  Memory Usage: 3816kB
        ->  Hash Join  (cost=102767.86..291197.02 rows=4523930 width=8) (actual time=1931.380..7038.087 rows=4523930 loops=1)
              Hash Cond: (mk.movie_id = t.id)
              ->  Seq Scan on movie_keyword mk  (cost=0.00..69693.30 rows=4523930 width=4) (actual time=0.014..1410.744 rows=4523930 loops=1)
              ->  Hash  (cost=61283.27..61283.27 rows=2528527 width=4) (actual time=1929.430..1929.430 rows=2528312 loops=1)
                    Buckets: 131072  Batches: 64  Memory Usage: 2425kB
                    ->  Seq Scan on title t  (cost=0.00..61283.27 rows=2528527 width=4) (actual time=0.024..1067.469 rows=2528312 loops=1)
Planning time: 3.508 ms
Execution time: 44037.515 ms
