Seq Scan on movie_companies mc  (cost=0.00..57926.93 rows=743608 width=0) (actual time=0.015..843.145 rows=463868 loops=1)
  Filter: ((company_id < 13015) AND (company_type_id = 2))
  Rows Removed by Filter: 2145261
Planning time: 0.350 ms
Execution time: 903.691 ms
