Hash Join  (cost=74500.48..426827.03 rows=28179 width=0) (actual time=1006.053..6207.068 rows=63188 loops=1)
  Hash Cond: (mi.movie_id = t.id)
  ->  Seq Scan on movie_info mi  (cost=0.00..346232.03 rows=1550064 width=4) (actual time=0.011..4800.458 rows=1533909 loops=1)
        Filter: (info_type_id = 3)
        Rows Removed by Filter: 13301811
  ->  Hash  (cost=73925.90..73925.90 rows=45966 width=4) (actual time=1005.733..1005.733 rows=59574 loops=1)
        Buckets: 65536  Batches: 1  Memory Usage: 2607kB
        ->  Seq Scan on title t  (cost=0.00..73925.90 rows=45966 width=4) (actual time=180.914..983.578 rows=59574 loops=1)
              Filter: ((production_year < 2002) AND (kind_id = 3))
              Rows Removed by Filter: 2468738
Planning time: 0.614 ms
Execution time: 6215.899 ms
