Seq Scan on movie_companies mc  (cost=0.00..57926.93 rows=930217 width=0) (actual time=0.022..972.959 rows=610762 loops=1)
  Filter: ((company_id < 31524) AND (company_type_id = 2))
  Rows Removed by Filter: 1998367
Planning time: 0.321 ms
Execution time: 1047.570 ms
