Seq Scan on movie_keyword mk  (cost=0.00..81003.12 rows=246 width=0) (actual time=844.914..1106.472 rows=1 loops=1)
  Filter: (keyword_id = 49968)
  Rows Removed by Filter: 4523929
Planning time: 0.384 ms
Execution time: 1106.552 ms
