Hash Join  (cost=87646.84..619469.69 rows=4874992 width=0) (actual time=1384.410..16269.114 rows=9846340 loops=1)
  Hash Cond: (mi.movie_id = t.id)
  ->  Seq Scan on movie_info mi  (cost=0.00..309384.22 rows=14739122 width=4) (actual time=0.005..5253.373 rows=14835720 loops=1)
  ->  Hash  (cost=73925.90..73925.90 rows=836315 width=4) (actual time=1383.683..1383.683 rows=847424 loops=1)
        Buckets: 131072  Batches: 16  Memory Usage: 2891kB
        ->  Seq Scan on title t  (cost=0.00..73925.90 rows=836315 width=4) (actual time=0.007..1119.551 rows=847424 loops=1)
              Filter: ((kind_id < 4) AND (production_year > 0))
              Rows Removed by Filter: 1680888
Planning time: 0.526 ms
Execution time: 17254.174 ms
