Hash Join  (cost=155075.81..241255.43 rows=807309 width=0) (actual time=3201.170..5856.129 rows=2032653 loops=1)
  Hash Cond: (mc.movie_id = t.id)
  ->  Seq Scan on movie_companies mc  (cost=0.00..44881.29 rows=2609129 width=4) (actual time=0.018..777.616 rows=2609129 loops=1)
  ->  Hash  (cost=142239.18..142239.18 rows=782370 width=8) (actual time=3200.225..3200.225 rows=698563 loops=1)
        Buckets: 131072  Batches: 16  Memory Usage: 2723kB
        ->  Hash Join  (cost=91123.00..142239.18 rows=782370 width=8) (actual time=1627.729..3031.348 rows=698563 loops=1)
              Hash Cond: (mi_idx.movie_id = t.id)
              ->  Seq Scan on movie_info_idx mi_idx  (cost=0.00..21735.35 rows=1380035 width=4) (actual time=0.016..428.679 rows=1380035 loops=1)
              ->  Hash  (cost=67604.59..67604.59 rows=1433473 width=4) (actual time=1626.644..1626.644 rows=1434466 loops=1)
                    Buckets: 131072  Batches: 32  Memory Usage: 2600kB
                    ->  Seq Scan on title t  (cost=0.00..67604.59 rows=1433473 width=4) (actual time=0.016..1153.291 rows=1434466 loops=1)
                          Filter: (production_year > 1999)
                          Rows Removed by Filter: 1093846
Planning time: 1.137 ms
Execution time: 6108.089 ms
