Seq Scan on cast_info ci  (cost=0.00..796071.18 rows=324 width=0) (actual time=175.850..13659.714 rows=376 loops=1)
  Filter: ((role_id > 1) AND (person_id = 2879172))
  Rows Removed by Filter: 36243968
Planning time: 0.425 ms
Execution time: 13659.925 ms
