Seq Scan on cast_info ci  (cost=0.00..705507.15 rows=23208403 width=0) (actual time=0.012..11849.116 rows=23091779 loops=1)
  Filter: (person_id < 2360634)
  Rows Removed by Filter: 13152565
Planning time: 0.297 ms
Execution time: 14763.666 ms
