Seq Scan on movie_companies mc  (cost=0.00..51404.11 rows=2464034 width=0) (actual time=0.020..812.151 rows=2465103 loops=1)
  Filter: (company_id < 134652)
  Rows Removed by Filter: 144026
Planning time: 0.329 ms
Execution time: 1099.869 ms
