Hash Join  (cost=139703.93..166943.27 rows=32886 width=0) (actual time=3048.127..3606.778 rows=10302 loops=1)
  Hash Cond: (mi_idx.movie_id = t.id)
  ->  Seq Scan on movie_info_idx mi_idx  (cost=0.00..21735.35 rows=1380035 width=4) (actual time=0.014..288.429 rows=1380035 loops=1)
  ->  Hash  (cost=138950.74..138950.74 rows=60255 width=8) (actual time=3047.682..3047.682 rows=8280 loops=1)
        Buckets: 65536  Batches: 1  Memory Usage: 836kB
        ->  Hash Join  (cost=81253.89..138950.74 rows=60255 width=8) (actual time=1978.948..3044.524 rows=8280 loops=1)
              Hash Cond: (mc.movie_id = t.id)
              ->  Seq Scan on movie_companies mc  (cost=0.00..51404.11 rows=341117 width=4) (actual time=0.067..892.350 rows=343942 loops=1)
                    Filter: (company_id > 88883)
                    Rows Removed by Filter: 2265187
              ->  Hash  (cost=73925.90..73925.90 rows=446639 width=4) (actual time=1977.933..1977.933 rows=306970 loops=1)
                    Buckets: 131072  Batches: 8  Memory Usage: 2364kB
                    ->  Seq Scan on title t  (cost=0.00..73925.90 rows=446639 width=4) (actual time=0.011..1287.650 rows=306970 loops=1)
                          Filter: ((kind_id > 1) AND (production_year < 1986))
                          Rows Removed by Filter: 2221342
Planning time: 3.324 ms
Execution time: 3608.543 ms
