Hash Join  (cost=85935.55..163643.12 rows=338792 width=0) (actual time=1330.271..3910.155 rows=578659 loops=1)
  Hash Cond: (mc.movie_id = t.id)
  ->  Seq Scan on movie_companies mc  (cost=0.00..57926.93 rows=1170323 width=4) (actual time=0.010..1170.382 rows=1274246 loops=1)
        Filter: ((company_id < 106890) AND (company_type_id = 1))
        Rows Removed by Filter: 1334883
  ->  Hash  (cost=73925.90..73925.90 rows=731972 width=4) (actual time=1329.153..1329.153 rows=635910 loops=1)
        Buckets: 131072  Batches: 16  Memory Usage: 2421kB
        ->  Seq Scan on title t  (cost=0.00..73925.90 rows=731972 width=4) (actual time=0.035..1132.254 rows=635910 loops=1)
              Filter: ((kind_id < 7) AND (production_year > 1984))
              Rows Removed by Filter: 1892402
Planning time: 0.530 ms
Execution time: 3985.653 ms
