Hash Join  (cost=191072.24..1303891.48 rows=2057432 width=0) (actual time=3525.687..32211.725 rows=6255506 loops=1)
  Hash Cond: (ci.movie_id = t.id)
  ->  Seq Scan on cast_info ci  (cost=0.00..705507.15 rows=33394859 width=4) (actual time=0.021..14709.132 rows=33364809 loops=1)
        Filter: (person_id < 3520439)
        Rows Removed by Filter: 2879535
  ->  Hash  (cost=188515.98..188515.98 rows=155781 width=8) (actual time=3524.370..3524.370 rows=137647 loops=1)
        Buckets: 131072  Batches: 4  Memory Usage: 2325kB
        ->  Hash Join  (cost=69694.50..188515.98 rows=155781 width=8) (actual time=1002.404..3486.018 rows=137647 loops=1)
              Hash Cond: (mk.movie_id = t.id)
              ->  Seq Scan on movie_keyword mk  (cost=0.00..81003.12 rows=3092944 width=4) (actual time=0.015..1576.272 rows=3078848 loops=1)
                    Filter: (keyword_id < 11565)
                    Rows Removed by Filter: 1445082
              ->  Hash  (cost=67604.59..67604.59 rows=127353 width=4) (actual time=1001.503..1001.503 rows=128696 loops=1)
                    Buckets: 131072  Batches: 2  Memory Usage: 3290kB
                    ->  Seq Scan on title t  (cost=0.00..67604.59 rows=127353 width=4) (actual time=0.026..951.842 rows=128696 loops=1)
                          Filter: (production_year = 2009)
                          Rows Removed by Filter: 2399616
Planning time: 1.102 ms
Execution time: 32845.680 ms
