Seq Scan on movie_keyword mk  (cost=0.00..81003.12 rows=246 width=0) (actual time=16.847..1201.411 rows=92 loops=1)
  Filter: (keyword_id = 9502)
  Rows Removed by Filter: 4523838
Planning time: 0.350 ms
Execution time: 1201.555 ms
