Hash Join  (cost=216739.53..615281.79 rows=817740 width=0) (actual time=4787.146..12331.062 rows=2279265 loops=1)
  Hash Cond: (mi.movie_id = t.id)
  ->  Seq Scan on movie_info mi  (cost=0.00..346232.03 rows=3623957 width=4) (actual time=0.014..4956.744 rows=3624977 loops=1)
        Filter: (info_type_id < 4)
        Rows Removed by Filter: 11210743
  ->  Hash  (cost=207378.55..207378.55 rows=570558 width=8) (actual time=4786.231..4786.231 rows=567218 loops=1)
        Buckets: 131072  Batches: 8  Memory Usage: 3887kB
        ->  Hash Join  (cost=102767.86..207378.55 rows=570558 width=8) (actual time=2490.006..4619.065 rows=567218 loops=1)
              Hash Cond: (mk.movie_id = t.id)
              ->  Seq Scan on movie_keyword mk  (cost=0.00..81003.12 rows=570558 width=4) (actual time=0.017..1271.403 rows=567218 loops=1)
                    Filter: (keyword_id > 32360)
                    Rows Removed by Filter: 3956712
              ->  Hash  (cost=61283.27..61283.27 rows=2528527 width=4) (actual time=2488.668..2488.668 rows=2528312 loops=1)
                    Buckets: 131072  Batches: 64  Memory Usage: 2425kB
                    ->  Seq Scan on title t  (cost=0.00..61283.27 rows=2528527 width=4) (actual time=0.025..924.042 rows=2528312 loops=1)
Planning time: 1.157 ms
Execution time: 12602.842 ms
