Seq Scan on cast_info ci  (cost=0.00..705507.15 rows=20649106 width=0) (actual time=0.022..10785.681 rows=20783615 loops=1)
  Filter: (person_id > 1524024)
  Rows Removed by Filter: 15460729
Planning time: 0.749 ms
Execution time: 13242.493 ms
