Hash Join  (cost=309586.79..1855587.18 rows=41044219 width=0) (actual time=7221.299..67800.602 rows=135615103 loops=1)
  Hash Cond: (ci.movie_id = t.id)
  ->  Seq Scan on cast_info ci  (cost=0.00..614943.12 rows=36225612 width=4) (actual time=0.019..12266.281 rows=36244344 loops=1)
  ->  Hash  (cost=262585.01..262585.01 rows=2864863 width=8) (actual time=7219.612..7219.612 rows=2858196 loops=1)
        Buckets: 131072  Batches: 64  Memory Usage: 2787kB
        ->  Hash Join  (cost=102767.86..262585.01 rows=2864863 width=8) (actual time=1831.098..6345.093 rows=2858196 loops=1)
              Hash Cond: (mk.movie_id = t.id)
              ->  Seq Scan on movie_keyword mk  (cost=0.00..81003.12 rows=2864863 width=4) (actual time=0.022..1596.974 rows=2858196 loops=1)
                    Filter: (keyword_id < 8741)
                    Rows Removed by Filter: 1665734
              ->  Hash  (cost=61283.27..61283.27 rows=2528527 width=4) (actual time=1829.230..1829.230 rows=2528312 loops=1)
                    Buckets: 131072  Batches: 64  Memory Usage: 2425kB
                    ->  Seq Scan on title t  (cost=0.00..61283.27 rows=2528527 width=4) (actual time=0.020..971.047 rows=2528312 loops=1)
Planning time: 1.094 ms
Execution time: 81363.212 ms
