Hash Join  (cost=67697.55..119205.21 rows=81 width=0) (actual time=879.799..1601.008 rows=327 loops=1)
  Hash Cond: (mc.movie_id = t.id)
  ->  Seq Scan on movie_companies mc  (cost=0.00..51404.11 rows=27396 width=4) (actual time=0.042..712.727 rows=27303 loops=1)
        Filter: (company_id = 27)
        Rows Removed by Filter: 2581826
  ->  Hash  (cost=67604.59..67604.59 rows=7437 width=4) (actual time=878.333..878.333 rows=11121 loops=1)
        Buckets: 16384 (originally 8192)  Batches: 1 (originally 1)  Memory Usage: 519kB
        ->  Seq Scan on title t  (cost=0.00..67604.59 rows=7437 width=4) (actual time=0.037..873.210 rows=11121 loops=1)
              Filter: (production_year = 1960)
              Rows Removed by Filter: 2517191
Planning time: 0.747 ms
Execution time: 1601.298 ms
