Hash Join  (cost=74299.17..134565.27 rows=7142 width=0) (actual time=1553.675..2023.041 rows=9191 loops=1)
  Hash Cond: (mc.movie_id = t.id)
  ->  Seq Scan on movie_companies mc  (cost=0.00..57926.93 rows=604733 width=4) (actual time=493.959..886.741 rows=352791 loops=1)
        Filter: ((company_id > 11717) AND (company_type_id = 1))
        Rows Removed by Filter: 2256338
  ->  Hash  (cost=73925.90..73925.90 rows=29861 width=4) (actual time=1059.352..1059.352 rows=17772 loops=1)
        Buckets: 32768  Batches: 1  Memory Usage: 881kB
        ->  Seq Scan on title t  (cost=0.00..73925.90 rows=29861 width=4) (actual time=1.824..1052.133 rows=17772 loops=1)
              Filter: ((kind_id = 1) AND (production_year = 2007))
              Rows Removed by Filter: 2510540
Planning time: 0.563 ms
Execution time: 2024.710 ms
