Seq Scan on movie_keyword mk  (cost=0.00..81003.12 rows=3770370 width=0) (actual time=0.017..1427.920 rows=3762130 loops=1)
  Filter: (keyword_id < 24621)
  Rows Removed by Filter: 761800
Planning time: 0.309 ms
Execution time: 1887.847 ms
