Nested Loop  (cost=0.43..83072.29 rows=65 width=0) (actual time=84.011..1247.169 rows=34 loops=1)
  ->  Seq Scan on movie_keyword mk  (cost=0.00..81003.12 rows=246 width=4) (actual time=83.939..1245.490 rows=35 loops=1)
        Filter: (keyword_id = 77803)
        Rows Removed by Filter: 4523895
  ->  Index Scan using title_pkey on title t  (cost=0.43..8.40 rows=1 width=4) (actual time=0.042..0.042 rows=1 loops=35)
        Index Cond: (id = mk.movie_id)
        Filter: (kind_id = 1)
        Rows Removed by Filter: 0
Planning time: 0.845 ms
Execution time: 1247.294 ms
