Hash Join  (cost=87180.69..223288.71 rows=1461996 width=0) (actual time=1443.081..4651.349 rows=1060774 loops=1)
  Hash Cond: (mk.movie_id = t.id)
  ->  Seq Scan on movie_keyword mk  (cost=0.00..81003.12 rows=3098116 width=4) (actual time=0.024..1513.805 rows=3085090 loops=1)
        Filter: (keyword_id < 11617)
        Rows Removed by Filter: 1438840
  ->  Hash  (cost=67604.59..67604.59 rows=1193208 width=4) (actual time=1442.041..1442.041 rows=1192518 loops=1)
        Buckets: 131072  Batches: 16  Memory Usage: 3654kB
        ->  Seq Scan on title t  (cost=0.00..67604.59 rows=1193208 width=4) (actual time=0.024..1066.484 rows=1192518 loops=1)
              Filter: (production_year > 2003)
              Rows Removed by Filter: 1335794
Planning time: 0.744 ms
Execution time: 4767.096 ms
