Nested Loop  (cost=0.43..58358.27 rows=51 width=0) (actual time=543.441..825.986 rows=94 loops=1)
  ->  Seq Scan on movie_companies mc  (cost=0.00..57926.93 rows=51 width=4) (actual time=543.368..823.699 rows=94 loops=1)
        Filter: ((company_type_id < 2) AND (company_id = 12871))
        Rows Removed by Filter: 2609035
  ->  Index Only Scan using title_pkey on title t  (cost=0.43..8.45 rows=1 width=4) (actual time=0.022..0.023 rows=1 loops=94)
        Index Cond: (id = mc.movie_id)
        Heap Fetches: 94
Planning time: 0.702 ms
Execution time: 826.094 ms
