Hash Join  (cost=95011.03..188342.51 rows=1326096 width=0) (actual time=1647.166..3951.158 rows=567003 loops=1)
  Hash Cond: (mc.movie_id = t.id)
  ->  Seq Scan on movie_companies mc  (cost=0.00..44881.29 rows=2609129 width=4) (actual time=0.028..782.736 rows=2609129 loops=1)
  ->  Hash  (cost=73925.90..73925.90 rows=1285130 width=4) (actual time=1645.666..1645.666 rows=1366141 loops=1)
        Buckets: 131072  Batches: 32  Memory Usage: 2529kB
        ->  Seq Scan on title t  (cost=0.00..73925.90 rows=1285130 width=4) (actual time=0.020..1207.856 rows=1366141 loops=1)
              Filter: ((production_year > 1968) AND (kind_id = 7))
              Rows Removed by Filter: 1162171
Planning time: 0.762 ms
Execution time: 4014.883 ms
