Hash Join  (cost=75482.52..149348.90 rows=69413 width=0) (actual time=1207.001..2811.203 rows=146866 loops=1)
  Hash Cond: (mc.movie_id = t.id)
  ->  Seq Scan on movie_companies mc  (cost=0.00..51404.11 rows=1850438 width=4) (actual time=0.025..978.392 rows=1855970 loops=1)
        Filter: (company_id > 1475)
        Rows Removed by Filter: 753159
  ->  Hash  (cost=73925.90..73925.90 rows=94849 width=4) (actual time=1057.706..1057.706 rows=117911 loops=1)
        Buckets: 131072  Batches: 2  Memory Usage: 3095kB
        ->  Seq Scan on title t  (cost=0.00..73925.90 rows=94849 width=4) (actual time=0.039..1016.006 rows=117911 loops=1)
              Filter: ((production_year > 1969) AND (kind_id = 4))
              Rows Removed by Filter: 2410401
Planning time: 0.801 ms
Execution time: 2831.610 ms
