Seq Scan on movie_keyword mk  (cost=0.00..81003.12 rows=246 width=0) (actual time=36.184..1143.177 rows=109 loops=1)
  Filter: (keyword_id = 8280)
  Rows Removed by Filter: 4523821
Planning time: 0.355 ms
Execution time: 1143.341 ms
