Hash Join  (cost=82955.87..1197763.11 rows=7885408 width=0) (actual time=1140.206..31135.402 rows=7213535 loops=1)
  Hash Cond: (ci.movie_id = t.id)
  ->  Seq Scan on cast_info ci  (cost=0.00..614943.12 rows=36225612 width=4) (actual time=0.012..11628.092 rows=36244344 loops=1)
  ->  Hash  (cost=73925.90..73925.90 rows=550397 width=4) (actual time=1139.322..1139.322 rows=425625 loops=1)
        Buckets: 131072  Batches: 8  Memory Usage: 2903kB
        ->  Seq Scan on title t  (cost=0.00..73925.90 rows=550397 width=4) (actual time=0.024..1004.334 rows=425625 loops=1)
              Filter: ((kind_id < 3) AND (production_year > 1986))
              Rows Removed by Filter: 2102687
Planning time: 0.700 ms
Execution time: 32004.156 ms
