Hash Join  (cost=101528.60..927471.14 rows=47270 width=0) (actual time=2013.575..16975.712 rows=182457 loops=1)
  Hash Cond: (ci.movie_id = t.id)
  ->  Seq Scan on cast_info ci  (cost=0.00..796071.18 rows=7839643 width=4) (actual time=353.636..12596.249 rows=12144345 loops=1)
        Filter: ((person_id > 2471886) AND (role_id > 1))
        Rows Removed by Filter: 24099999
  ->  Hash  (cost=101338.02..101338.02 rows=15246 width=8) (actual time=1659.692..1659.692 rows=29577 loops=1)
        Buckets: 32768 (originally 16384)  Batches: 1 (originally 1)  Memory Usage: 1412kB
        ->  Hash Join  (cost=74275.08..101338.02 rows=15246 width=8) (actual time=1117.911..1648.878 rows=29577 loops=1)
              Hash Cond: (mi_idx.movie_id = t.id)
              ->  Seq Scan on movie_info_idx mi_idx  (cost=0.00..21735.35 rows=1380035 width=4) (actual time=0.047..336.435 rows=1380035 loops=1)
              ->  Hash  (cost=73925.90..73925.90 rows=27934 width=4) (actual time=965.457..965.457 rows=35197 loops=1)
                    Buckets: 65536 (originally 32768)  Batches: 1 (originally 1)  Memory Usage: 1750kB
                    ->  Seq Scan on title t  (cost=0.00..73925.90 rows=27934 width=4) (actual time=66.618..950.798 rows=35197 loops=1)
                          Filter: ((production_year < 1990) AND (kind_id = 3))
                          Rows Removed by Filter: 2493115
Planning time: 1.301 ms
Execution time: 17001.518 ms
