Hash Join  (cost=140197.13..647941.00 rows=2618297 width=0) (actual time=2897.328..15115.508 rows=2270316 loops=1)
  Hash Cond: (mi.movie_id = t.id)
  ->  Seq Scan on movie_info mi  (cost=0.00..309384.22 rows=14739122 width=4) (actual time=0.010..5191.577 rows=14835720 loops=1)
  ->  Hash  (cost=132827.45..132827.45 rows=449174 width=8) (actual time=2894.609..2894.609 rows=251721 loops=1)
        Buckets: 131072  Batches: 8  Memory Usage: 2265kB
        ->  Hash Join  (cost=87428.23..132827.45 rows=449174 width=8) (actual time=1471.309..2828.235 rows=251721 loops=1)
              Hash Cond: (mi_idx.movie_id = t.id)
              ->  Seq Scan on movie_info_idx mi_idx  (cost=0.00..21735.35 rows=1380035 width=4) (actual time=0.014..445.292 rows=1380035 loops=1)
              ->  Hash  (cost=73925.90..73925.90 rows=822986 width=4) (actual time=1470.410..1470.410 rows=738761 loops=1)
                    Buckets: 131072  Batches: 16  Memory Usage: 2648kB
                    ->  Seq Scan on title t  (cost=0.00..73925.90 rows=822986 width=4) (actual time=0.022..1235.405 rows=738761 loops=1)
                          Filter: ((production_year < 2005) AND (kind_id = 7))
                          Rows Removed by Filter: 1789551
Planning time: 1.069 ms
Execution time: 15397.890 ms
