Hash Join  (cost=83074.55..881644.23 rows=48 width=0) (actual time=11381.849..12478.373 rows=214 loops=1)
  Hash Cond: (ci.movie_id = t.id)
  ->  Seq Scan on cast_info ci  (cost=0.00..796071.18 rows=666140 width=4) (actual time=10245.671..11259.368 rows=863876 loops=1)
        Filter: ((person_id > 2258335) AND (role_id = 8))
        Rows Removed by Filter: 35380468
  ->  Hash  (cost=83072.29..83072.29 rows=181 width=8) (actual time=1117.532..1117.532 rows=384 loops=1)
        Buckets: 1024  Batches: 1  Memory Usage: 23kB
        ->  Nested Loop  (cost=0.43..83072.29 rows=181 width=8) (actual time=14.096..1117.212 rows=384 loops=1)
              ->  Seq Scan on movie_keyword mk  (cost=0.00..81003.12 rows=246 width=4) (actual time=1.762..1085.721 rows=1113 loops=1)
                    Filter: (keyword_id = 834)
                    Rows Removed by Filter: 4522817
              ->  Index Scan using title_pkey on title t  (cost=0.43..8.40 rows=1 width=4) (actual time=0.027..0.027 rows=0 loops=1113)
                    Index Cond: (id = mk.movie_id)
                    Filter: (kind_id > 1)
                    Rows Removed by Filter: 1
Planning time: 1.190 ms
Execution time: 12478.569 ms
