Hash Join  (cost=121292.64..1177469.79 rows=2177994 width=0) (actual time=2841.465..34229.749 rows=9007432 loops=1)
  Hash Cond: (ci.movie_id = t.id)
  ->  Seq Scan on cast_info ci  (cost=0.00..614943.12 rows=36225612 width=4) (actual time=0.018..13441.693 rows=36244344 loops=1)
  ->  Hash  (cost=118798.35..118798.35 rows=152023 width=8) (actual time=2840.548..2840.548 rows=353189 loops=1)
        Buckets: 131072 (originally 131072)  Batches: 8 (originally 2)  Memory Usage: 3073kB
        ->  Hash Join  (cost=78496.64..118798.35 rows=152023 width=8) (actual time=1378.135..2728.562 rows=353189 loops=1)
              Hash Cond: (mi_idx.movie_id = t.id)
              ->  Seq Scan on movie_info_idx mi_idx  (cost=0.00..21735.35 rows=1380035 width=4) (actual time=0.029..586.075 rows=1380035 loops=1)
              ->  Hash  (cost=73925.90..73925.90 rows=278539 width=4) (actual time=1377.122..1377.122 rows=392019 loops=1)
                    Buckets: 131072 (originally 131072)  Batches: 8 (originally 4)  Memory Usage: 3073kB
                    ->  Seq Scan on title t  (cost=0.00..73925.90 rows=278539 width=4) (actual time=0.043..1244.831 rows=392019 loops=1)
                          Filter: ((kind_id < 7) AND (production_year < 1991))
                          Rows Removed by Filter: 2136293
Planning time: 1.263 ms
Execution time: 35224.300 ms
