Hash Join  (cost=89154.34..631947.67 rows=4649269 width=0) (actual time=1823.254..15643.730 rows=2644556 loops=1)
  Hash Cond: (mi.movie_id = t.id)
  ->  Seq Scan on movie_info mi  (cost=0.00..346232.03 rows=12665229 width=4) (actual time=275.342..6550.627 rows=12744652 loops=1)
        Filter: (info_type_id > 2)
        Rows Removed by Filter: 2091068
  ->  Hash  (cost=73925.90..73925.90 rows=928195 width=4) (actual time=1546.990..1546.990 rows=1004724 loops=1)
        Buckets: 131072  Batches: 16  Memory Usage: 3245kB
        ->  Seq Scan on title t  (cost=0.00..73925.90 rows=928195 width=4) (actual time=0.033..1230.389 rows=1004724 loops=1)
              Filter: ((kind_id > 1) AND (production_year > 2002))
              Rows Removed by Filter: 1523588
Planning time: 0.711 ms
Execution time: 15937.455 ms
