Seq Scan on movie_companies mc  (cost=0.00..57926.93 rows=781921 width=0) (actual time=0.026..966.987 rows=567496 loops=1)
  Filter: ((company_id > 5190) AND (company_type_id < 2))
  Rows Removed by Filter: 2041633
Planning time: 0.319 ms
Execution time: 1040.691 ms
