Seq Scan on movie_companies mc  (cost=0.00..51404.11 rows=1233142 width=0) (actual time=0.025..890.703 rows=1244475 loops=1)
  Filter: (company_id > 11717)
  Rows Removed by Filter: 1364654
Planning time: 0.315 ms
Execution time: 1046.567 ms
