Seq Scan on movie_keyword mk  (cost=0.00..81003.12 rows=246 width=0) (actual time=16.654..1098.101 rows=124 loops=1)
  Filter: (keyword_id = 19877)
  Rows Removed by Filter: 4523806
Planning time: 0.325 ms
Execution time: 1098.274 ms
