Hash Join  (cost=896720.46..923966.13 rows=33519 width=0) (actual time=12736.347..13208.465 rows=16008 loops=1)
  Hash Cond: (mi_idx.movie_id = t.id)
  ->  Seq Scan on movie_info_idx mi_idx  (cost=0.00..21735.35 rows=1380035 width=4) (actual time=0.020..229.835 rows=1380035 loops=1)
  ->  Hash  (cost=895952.79..895952.79 rows=61414 width=8) (actual time=12735.812..12735.812 rows=12129 loops=1)
        Buckets: 65536  Batches: 1  Memory Usage: 986kB
        ->  Hash Join  (cost=93155.63..895952.79 rows=61414 width=8) (actual time=11486.420..12731.232 rows=12129 loops=1)
              Hash Cond: (ci.movie_id = t.id)
              ->  Seq Scan on cast_info ci  (cost=0.00..796071.18 rows=132490 width=4) (actual time=9454.684..10480.109 rows=67162 loops=1)
                    Filter: ((person_id < 509412) AND (role_id = 5))
                    Rows Removed by Filter: 36177182
              ->  Hash  (cost=73925.90..73925.90 rows=1172058 width=4) (actual time=2029.865..2029.865 rows=1128906 loops=1)
                    Buckets: 131072  Batches: 16  Memory Usage: 3503kB
                    ->  Seq Scan on title t  (cost=0.00..73925.90 rows=1172058 width=4) (actual time=0.018..1112.916 rows=1128906 loops=1)
                          Filter: ((production_year < 2010) AND (kind_id = 7))
                          Rows Removed by Filter: 1399406
Planning time: 1.147 ms
Execution time: 13210.565 ms
