Hash Join  (cost=58358.75..85269.33 rows=10 width=0) (actual time=733.643..1201.754 rows=174 loops=1)
  Hash Cond: (mi_idx.movie_id = t.id)
  ->  Seq Scan on movie_info_idx mi_idx  (cost=0.00..21735.35 rows=1380035 width=4) (actual time=0.016..241.911 rows=1380035 loops=1)
  ->  Hash  (cost=58358.52..58358.52 rows=18 width=8) (actual time=728.627..728.627 rows=87 loops=1)
        Buckets: 1024  Batches: 1  Memory Usage: 12kB
        ->  Nested Loop  (cost=0.43..58358.52 rows=18 width=8) (actual time=375.068..728.550 rows=87 loops=1)
              ->  Seq Scan on movie_companies mc  (cost=0.00..57926.93 rows=51 width=4) (actual time=374.997..725.994 rows=88 loops=1)
                    Filter: ((company_id = 21464) AND (company_type_id = 1))
                    Rows Removed by Filter: 2609041
              ->  Index Scan using title_pkey on title t  (cost=0.43..8.45 rows=1 width=4) (actual time=0.027..0.027 rows=1 loops=88)
                    Index Cond: (id = mc.movie_id)
                    Filter: ((kind_id < 7) AND (production_year > 1941))
                    Rows Removed by Filter: 0
Planning time: 1.188 ms
Execution time: 1201.922 ms
