Hash Join  (cost=141441.38..506303.31 rows=20603 width=0) (actual time=1525.140..8273.032 rows=437497 loops=1)
  Hash Cond: (mi.movie_id = t.id)
  ->  Seq Scan on movie_info mi  (cost=0.00..309384.22 rows=14739122 width=4) (actual time=0.019..3559.560 rows=14835720 loops=1)
  ->  Hash  (cost=141397.20..141397.20 rows=3534 width=8) (actual time=1525.045..1525.045 rows=9136 loops=1)
        Buckets: 16384 (originally 4096)  Batches: 1 (originally 1)  Memory Usage: 485kB
        ->  Nested Loop  (cost=0.43..141397.20 rows=3534 width=8) (actual time=0.068..1519.542 rows=9136 loops=1)
              ->  Seq Scan on movie_keyword mk  (cost=0.00..81003.12 rows=9048 width=4) (actual time=0.023..1238.326 rows=9942 loops=1)
                    Filter: (keyword_id = 56)
                    Rows Removed by Filter: 4513988
              ->  Index Scan using title_pkey on title t  (cost=0.43..6.66 rows=1 width=4) (actual time=0.027..0.027 rows=1 loops=9942)
                    Index Cond: (id = mk.movie_id)
                    Filter: (kind_id < 7)
                    Rows Removed by Filter: 0
Planning time: 1.214 ms
Execution time: 8335.063 ms
