Hash Join  (cost=203723.73..1210659.55 rows=1258265 width=0) (actual time=3606.913..22524.281 rows=460337 loops=1)
  Hash Cond: (ci.movie_id = t.id)
  ->  Seq Scan on cast_info ci  (cost=0.00..796071.18 rows=15412597 width=4) (actual time=0.018..14270.209 rows=11002915 loops=1)
        Filter: ((person_id < 2425058) AND (role_id > 1))
        Rows Removed by Filter: 25241429
  ->  Hash  (cost=200336.40..200336.40 rows=206426 width=8) (actual time=3598.576..3598.576 rows=45424 loops=1)
        Buckets: 131072  Batches: 4  Memory Usage: 1459kB
        ->  Hash Join  (cost=75819.10..200336.40 rows=206426 width=8) (actual time=1070.647..3584.703 rows=45424 loops=1)
              Hash Cond: (mk.movie_id = t.id)
              ->  Seq Scan on movie_keyword mk  (cost=0.00..69693.30 rows=4523930 width=4) (actual time=0.029..1221.725 rows=4523930 loops=1)
              ->  Hash  (cost=73925.90..73925.90 rows=115376 width=4) (actual time=1069.352..1069.352 rows=119207 loops=1)
                    Buckets: 131072  Batches: 2  Memory Usage: 3125kB
                    ->  Seq Scan on title t  (cost=0.00..73925.90 rows=115376 width=4) (actual time=0.105..1019.519 rows=119207 loops=1)
                          Filter: ((kind_id > 2) AND (production_year = 2012))
                          Rows Removed by Filter: 2409105
Planning time: 1.129 ms
Execution time: 22581.833 ms
