Seq Scan on movie_companies mc  (cost=0.00..57926.93 rows=646542 width=0) (actual time=1.354..873.410 rows=881489 loops=1)
  Filter: ((company_id < 11339) AND (company_type_id = 1))
  Rows Removed by Filter: 1727640
Planning time: 0.259 ms
Execution time: 983.972 ms
