Seq Scan on movie_keyword mk  (cost=0.00..81003.12 rows=821709 width=0) (actual time=0.013..973.159 rows=830420 loops=1)
  Filter: (keyword_id > 22164)
  Rows Removed by Filter: 3693510
Planning time: 0.285 ms
Execution time: 1062.623 ms
