Hash Join  (cost=102767.86..1148627.47 rows=9970242 width=0) (actual time=2530.629..27557.615 rows=12946509 loops=1)
  Hash Cond: (ci.movie_id = t.id)
  ->  Seq Scan on cast_info ci  (cost=0.00..796071.18 rows=9970242 width=4) (actual time=820.391..13814.660 rows=12946509 loops=1)
        Filter: ((person_id < 1773656) AND (role_id < 3))
        Rows Removed by Filter: 23297835
  ->  Hash  (cost=61283.27..61283.27 rows=2528527 width=4) (actual time=1708.912..1708.912 rows=2528312 loops=1)
        Buckets: 131072  Batches: 64  Memory Usage: 2415kB
        ->  Seq Scan on title t  (cost=0.00..61283.27 rows=2528527 width=4) (actual time=0.014..872.555 rows=2528312 loops=1)
Planning time: 0.574 ms
Execution time: 29129.516 ms
