Hash Join  (cost=74434.21..135597.71 rows=13309 width=0) (actual time=1654.503..1958.996 rows=4007 loops=1)
  Hash Cond: (mc.movie_id = t.id)
  ->  Seq Scan on movie_companies mc  (cost=0.00..57926.93 rows=827595 width=4) (actual time=0.025..888.982 rows=518546 loops=1)
        Filter: ((company_id < 16846) AND (company_type_id > 1))
        Rows Removed by Filter: 2090583
  ->  Hash  (cost=73925.90..73925.90 rows=40664 width=4) (actual time=938.362..938.362 rows=40257 loops=1)
        Buckets: 65536  Batches: 1  Memory Usage: 1928kB
        ->  Seq Scan on title t  (cost=0.00..73925.90 rows=40664 width=4) (actual time=247.431..922.001 rows=40257 loops=1)
              Filter: ((production_year > 2012) AND (kind_id = 7))
              Rows Removed by Filter: 2488055
Planning time: 0.733 ms
Execution time: 1959.679 ms
