Seq Scan on movie_companies mc  (cost=0.00..51404.11 rows=2223758 width=0) (actual time=0.013..837.732 rows=2223482 loops=1)
  Filter: (company_id > 225)
  Rows Removed by Filter: 385647
Planning time: 0.297 ms
Execution time: 1112.626 ms
