Hash Join  (cost=166086.76..983287.44 rows=230779 width=0) (actual time=4586.347..18217.709 rows=125793 loops=1)
  Hash Cond: (ci.movie_id = t.id)
  ->  Seq Scan on cast_info ci  (cost=0.00..796071.18 rows=1495925 width=4) (actual time=1534.561..14521.039 rows=1387403 loops=1)
        Filter: ((person_id < 3162330) AND (role_id = 8))
        Rows Removed by Filter: 34856941
  ->  Hash  (cost=159686.76..159686.76 rows=390080 width=8) (actual time=3050.218..3050.218 rows=177958 loops=1)
        Buckets: 131072  Batches: 8  Memory Usage: 1895kB
        ->  Hash Join  (cost=86573.65..159686.76 rows=390080 width=8) (actual time=1998.166..3002.889 rows=177958 loops=1)
              Hash Cond: (mc.movie_id = t.id)
              ->  Seq Scan on movie_companies mc  (cost=0.00..51404.11 rows=1279517 width=4) (actual time=0.024..1036.680 rows=1274246 loops=1)
                    Filter: (company_type_id < 2)
                    Rows Removed by Filter: 1334883
              ->  Hash  (cost=73925.90..73925.90 rows=770860 width=4) (actual time=1256.184..1256.184 rows=682281 loops=1)
                    Buckets: 131072  Batches: 16  Memory Usage: 2522kB
                    ->  Seq Scan on title t  (cost=0.00..73925.90 rows=770860 width=4) (actual time=96.898..1040.978 rows=682281 loops=1)
                          Filter: ((production_year < 2004) AND (kind_id = 7))
                          Rows Removed by Filter: 1846031
Planning time: 1.187 ms
Execution time: 18234.318 ms
