Hash Join  (cost=102767.86..191131.05 rows=854293 width=0) (actual time=1756.499..3960.961 rows=1061633 loops=1)
  Hash Cond: (mc.movie_id = t.id)
  ->  Seq Scan on movie_companies mc  (cost=0.00..57926.93 rows=854293 width=4) (actual time=35.628..1023.178 rows=1061633 loops=1)
        Filter: ((company_id > 3351) AND (company_type_id = 2))
        Rows Removed by Filter: 1547496
  ->  Hash  (cost=61283.27..61283.27 rows=2528527 width=4) (actual time=1719.598..1719.598 rows=2528312 loops=1)
        Buckets: 131072  Batches: 64  Memory Usage: 2415kB
        ->  Seq Scan on title t  (cost=0.00..61283.27 rows=2528527 width=4) (actual time=0.021..886.398 rows=2528312 loops=1)
Planning time: 5.345 ms
Execution time: 4080.293 ms
