Hash Join  (cost=834301.82..3553406.12 rows=123115396 width=0) (actual time=17324.276..76793.022 rows=86659369 loops=1)
  Hash Cond: (ci.movie_id = t.id)
  ->  Seq Scan on cast_info ci  (cost=0.00..705507.15 rows=34660089 width=4) (actual time=0.019..15969.587 rows=34756849 loops=1)
        Filter: (person_id > 149477)
        Rows Removed by Filter: 1487495
  ->  Hash  (cost=686947.71..686947.71 rows=8981529 width=8) (actual time=17322.850..17322.850 rows=3963336 loops=1)
        Buckets: 131072  Batches: 128  Memory Usage: 2196kB
        ->  Hash Join  (cost=92883.59..686947.71 rows=8981529 width=8) (actual time=1677.407..16120.465 rows=3963336 loops=1)
              Hash Cond: (mi.movie_id = t.id)
              ->  Seq Scan on movie_info mi  (cost=0.00..309384.22 rows=14739122 width=4) (actual time=0.018..5246.953 rows=14835720 loops=1)
              ->  Hash  (cost=67604.59..67604.59 rows=1540800 width=4) (actual time=1640.647..1640.647 rows=1543264 loops=1)
                    Buckets: 131072  Batches: 32  Memory Usage: 2728kB
                    ->  Seq Scan on title t  (cost=0.00..67604.59 rows=1540800 width=4) (actual time=97.605..1125.732 rows=1543264 loops=1)
                          Filter: (kind_id = 7)
                          Rows Removed by Filter: 985048
Planning time: 1.175 ms
Execution time: 86595.317 ms
