Nested Loop  (cost=0.43..83072.90 rows=73 width=0) (actual time=7.005..1382.867 rows=739 loops=1)
  ->  Seq Scan on movie_keyword mk  (cost=0.00..81003.12 rows=246 width=4) (actual time=6.054..1343.048 rows=898 loops=1)
        Filter: (keyword_id = 1411)
        Rows Removed by Filter: 4523032
  ->  Index Scan using title_pkey on title t  (cost=0.43..8.40 rows=1 width=4) (actual time=0.043..0.043 rows=1 loops=898)
        Index Cond: (id = mk.movie_id)
        Filter: ((kind_id < 7) AND (production_year < 2010))
        Rows Removed by Filter: 0
Planning time: 0.712 ms
Execution time: 1383.293 ms
