Hash Join  (cost=137397.52..234945.76 rows=117995 width=0) (actual time=2437.291..5820.058 rows=1954533 loops=1)
  Hash Cond: (mk.movie_id = t.id)
  ->  Seq Scan on movie_keyword mk  (cost=0.00..81003.12 rows=4097379 width=4) (actual time=0.014..1328.635 rows=4103045 loops=1)
        Filter: (keyword_id < 41443)
        Rows Removed by Filter: 420885
  ->  Hash  (cost=136487.32..136487.32 rows=72816 width=8) (actual time=2436.537..2436.537 rows=235930 loops=1)
        Buckets: 131072 (originally 131072)  Batches: 4 (originally 1)  Memory Usage: 3326kB
        ->  Hash Join  (cost=78556.72..136487.32 rows=72816 width=8) (actual time=1161.098..2348.405 rows=235930 loops=1)
              Hash Cond: (mc.movie_id = t.id)
              ->  Seq Scan on movie_companies mc  (cost=0.00..51404.11 rows=275818 width=4) (actual time=0.016..862.100 rows=277632 loops=1)
                    Filter: (company_id > 96270)
                    Rows Removed by Filter: 2331497
              ->  Hash  (cost=67604.59..67604.59 rows=667531 width=4) (actual time=1160.247..1160.247 rows=662825 loops=1)
                    Buckets: 131072  Batches: 16  Memory Usage: 2476kB
                    ->  Seq Scan on title t  (cost=0.00..67604.59 rows=667531 width=4) (actual time=484.949..969.683 rows=662825 loops=1)
                          Filter: (kind_id = 1)
                          Rows Removed by Filter: 1865487
Planning time: 1.235 ms
Execution time: 6037.054 ms
