Seq Scan on movie_companies mc  (cost=0.00..51404.11 rows=905557 width=0) (actual time=0.026..890.912 rows=903252 loops=1)
  Filter: (company_id < 2930)
  Rows Removed by Filter: 1705877
Planning time: 0.291 ms
Execution time: 1005.205 ms
