Seq Scan on movie_keyword mk  (cost=0.00..81003.12 rows=2652659 width=0) (actual time=0.015..1366.158 rows=2643743 loops=1)
  Filter: (keyword_id < 7289)
  Rows Removed by Filter: 1880187
Planning time: 0.293 ms
Execution time: 1698.931 ms
