Seq Scan on title t  (cost=0.00..73925.90 rows=97785 width=0) (actual time=0.081..970.803 rows=199095 loops=1)
  Filter: ((kind_id < 7) AND (production_year < 1961))
  Rows Removed by Filter: 2329217
Planning time: 0.325 ms
Execution time: 997.602 ms
