Hash Join  (cost=709676.20..764343.21 rows=148 width=0) (actual time=9017.667..10012.043 rows=67 loops=1)
  Hash Cond: (mc.movie_id = t.id)
  ->  Seq Scan on movie_companies mc  (cost=0.00..44881.29 rows=2609129 width=4) (actual time=0.010..724.399 rows=2609129 loops=1)
  ->  Hash  (cost=709674.40..709674.40 rows=144 width=8) (actual time=8808.557..8808.557 rows=25 loops=1)
        Buckets: 1024  Batches: 1  Memory Usage: 9kB
        ->  Nested Loop  (cost=0.43..709674.40 rows=144 width=8) (actual time=5179.913..8808.528 rows=25 loops=1)
              ->  Seq Scan on cast_info ci  (cost=0.00..705507.15 rows=500 width=4) (actual time=5179.808..8765.677 rows=2319 loops=1)
                    Filter: (person_id = 2373516)
                    Rows Removed by Filter: 36242025
              ->  Index Scan using title_pkey on title t  (cost=0.43..8.32 rows=1 width=4) (actual time=0.018..0.018 rows=0 loops=2319)
                    Index Cond: (id = ci.movie_id)
                    Filter: ((kind_id < 7) AND (production_year > 1985))
                    Rows Removed by Filter: 1
Planning time: 1.157 ms
Execution time: 10012.209 ms
