Hash Join  (cost=76113.69..439167.18 rows=71095 width=0) (actual time=3632.274..7102.114 rows=186720 loops=1)
  Hash Cond: (mi.movie_id = t.id)
  ->  Seq Scan on movie_info mi  (cost=0.00..346232.03 rows=1348138 width=4) (actual time=2434.102..5276.355 rows=1298989 loops=1)
        Filter: (info_type_id = 4)
        Rows Removed by Filter: 13536731
  ->  Hash  (cost=73925.90..73925.90 rows=133343 width=4) (actual time=1196.385..1196.385 rows=233692 loops=1)
        Buckets: 131072 (originally 131072)  Batches: 4 (originally 2)  Memory Usage: 3085kB
        ->  Seq Scan on title t  (cost=0.00..73925.90 rows=133343 width=4) (actual time=0.096..1110.156 rows=233692 loops=1)
              Filter: ((kind_id < 7) AND (production_year < 1968))
              Rows Removed by Filter: 2294620
Planning time: 0.520 ms
Execution time: 7123.572 ms
