Hash Join  (cost=102767.86..1184709.68 rows=11469824 width=0) (actual time=1730.444..27754.089 rows=12670688 loops=1)
  Hash Cond: (ci.movie_id = t.id)
  ->  Seq Scan on cast_info ci  (cost=0.00..796071.18 rows=11469824 width=4) (actual time=0.019..16072.040 rows=12670688 loops=1)
        Filter: ((person_id < 3412878) AND (role_id = 1))
        Rows Removed by Filter: 23573656
  ->  Hash  (cost=61283.27..61283.27 rows=2528527 width=4) (actual time=1728.495..1728.495 rows=2528312 loops=1)
        Buckets: 131072  Batches: 64  Memory Usage: 2415kB
        ->  Seq Scan on title t  (cost=0.00..61283.27 rows=2528527 width=4) (actual time=0.011..897.516 rows=2528312 loops=1)
Planning time: 0.747 ms
Execution time: 29086.764 ms
