Nested Loop  (cost=0.43..83072.29 rows=235 width=0) (actual time=0.485..1092.926 rows=708 loops=1)
  ->  Seq Scan on movie_keyword mk  (cost=0.00..81003.12 rows=246 width=4) (actual time=0.443..1071.069 rows=716 loops=1)
        Filter: (keyword_id = 6431)
        Rows Removed by Filter: 4523214
  ->  Index Scan using title_pkey on title t  (cost=0.43..8.40 rows=1 width=4) (actual time=0.029..0.029 rows=1 loops=716)
        Index Cond: (id = mk.movie_id)
        Filter: (production_year > 1913)
        Rows Removed by Filter: 0
Planning time: 0.714 ms
Execution time: 1093.302 ms
