Seq Scan on cast_info ci  (cost=0.00..705507.15 rows=500 width=0) (actual time=7037.878..11327.810 rows=392 loops=1)
  Filter: (person_id = 650394)
  Rows Removed by Filter: 36243952
Planning time: 0.396 ms
Execution time: 11327.985 ms
