Seq Scan on movie_keyword mk  (cost=0.00..81003.12 rows=2674151 width=0) (actual time=0.014..1279.350 rows=2662854 loops=1)
  Filter: (keyword_id > 3116)
  Rows Removed by Filter: 1861076
Planning time: 0.310 ms
Execution time: 1590.884 ms
