Seq Scan on cast_info ci  (cost=0.00..705507.15 rows=1498930 width=0) (actual time=238.546..9047.656 rows=1423035 loops=1)
  Filter: (person_id < 142937)
  Rows Removed by Filter: 34821309
Planning time: 0.302 ms
Execution time: 9230.244 ms
