Hash Join  (cost=102767.86..1117680.67 rows=8684162 width=0) (actual time=9543.570..20052.628 rows=4441504 loops=1)
  Hash Cond: (ci.movie_id = t.id)
  ->  Seq Scan on cast_info ci  (cost=0.00..796071.18 rows=8684162 width=4) (actual time=7780.597..13607.400 rows=4441504 loops=1)
        Filter: ((person_id > 1121809) AND (role_id = 1))
        Rows Removed by Filter: 31802840
  ->  Hash  (cost=61283.27..61283.27 rows=2528527 width=4) (actual time=1761.769..1761.769 rows=2528312 loops=1)
        Buckets: 131072  Batches: 64  Memory Usage: 2415kB
        ->  Seq Scan on title t  (cost=0.00..61283.27 rows=2528527 width=4) (actual time=0.016..904.039 rows=2528312 loops=1)
Planning time: 0.717 ms
Execution time: 20569.728 ms
