Hash Join  (cost=207066.04..1044288.37 rows=886946 width=0) (actual time=11903.319..18883.320 rows=960220 loops=1)
  Hash Cond: (ci.movie_id = t.id)
  ->  Seq Scan on cast_info ci  (cost=0.00..796071.18 rows=2487117 width=4) (actual time=7923.029..13448.494 rows=1542596 loops=1)
        Filter: ((person_id < 2282746) AND (role_id = 3))
        Rows Removed by Filter: 34701748
  ->  Hash  (cost=192271.63..192271.63 rows=901713 width=8) (actual time=3979.109..3979.109 rows=738724 loops=1)
        Buckets: 131072  Batches: 16  Memory Usage: 2813kB
        ->  Hash Join  (cost=102767.86..192271.63 rows=901713 width=8) (actual time=1915.933..3805.522 rows=738724 loops=1)
              Hash Cond: (mc.movie_id = t.id)
              ->  Seq Scan on movie_companies mc  (cost=0.00..57926.93 rows=901713 width=4) (actual time=0.034..1034.870 rows=738724 loops=1)
                    Filter: ((company_id > 1564) AND (company_type_id < 2))
                    Rows Removed by Filter: 1870405
              ->  Hash  (cost=61283.27..61283.27 rows=2528527 width=4) (actual time=1914.480..1914.480 rows=2528312 loops=1)
                    Buckets: 131072  Batches: 64  Memory Usage: 2415kB
                    ->  Seq Scan on title t  (cost=0.00..61283.27 rows=2528527 width=4) (actual time=0.017..980.043 rows=2528312 loops=1)
Planning time: 1.143 ms
Execution time: 19002.858 ms
