Hash Join  (cost=128096.74..624010.90 rows=1509622 width=0) (actual time=2286.082..15033.998 rows=1375188 loops=1)
  Hash Cond: (mi.movie_id = t.id)
  ->  Seq Scan on movie_info mi  (cost=0.00..309384.22 rows=14739122 width=4) (actual time=0.009..4909.330 rows=14835720 loops=1)
  ->  Hash  (cost=123847.50..123847.50 rows=258979 width=8) (actual time=2251.833..2251.833 rows=134070 loops=1)
        Buckets: 131072  Batches: 4  Memory Usage: 2352kB
        ->  Hash Join  (cost=81711.23..123847.50 rows=258979 width=8) (actual time=1574.061..2220.207 rows=134070 loops=1)
              Hash Cond: (mi_idx.movie_id = t.id)
              ->  Seq Scan on movie_info_idx mi_idx  (cost=0.00..21735.35 rows=1380035 width=4) (actual time=0.018..390.846 rows=1380035 loops=1)
              ->  Hash  (cost=73925.90..73925.90 rows=474506 width=4) (actual time=1210.754..1210.754 rows=360459 loops=1)
                    Buckets: 131072  Batches: 8  Memory Usage: 2595kB
                    ->  Seq Scan on title t  (cost=0.00..73925.90 rows=474506 width=4) (actual time=0.016..1099.120 rows=360459 loops=1)
                          Filter: ((production_year < 1994) AND (kind_id = 7))
                          Rows Removed by Filter: 2167853
Planning time: 1.096 ms
Execution time: 15191.963 ms
