Hash Join  (cost=171708.24..986375.11 rows=58884 width=0) (actual time=10194.361..17755.958 rows=329970 loops=1)
  Hash Cond: (ci.movie_id = t.id)
  ->  Seq Scan on cast_info ci  (cost=0.00..796071.18 rows=4801827 width=4) (actual time=6847.221..11734.845 rows=9855798 loops=1)
        Filter: ((person_id < 1342715) AND (role_id = 1))
        Rows Removed by Filter: 26388546
  ->  Hash  (cost=171320.66..171320.66 rows=31007 width=8) (actual time=3346.563..3346.563 rows=55497 loops=1)
        Buckets: 65536 (originally 32768)  Batches: 1 (originally 1)  Memory Usage: 2680kB
        ->  Hash Join  (cost=102767.86..171320.66 rows=31007 width=8) (actual time=1953.382..3326.168 rows=55497 loops=1)
              Hash Cond: (mc.movie_id = t.id)
              ->  Seq Scan on movie_companies mc  (cost=0.00..57926.93 rows=31007 width=4) (actual time=142.983..596.755 rows=55497 loops=1)
                    Filter: ((company_id = 6) AND (company_type_id = 1))
                    Rows Removed by Filter: 2553632
              ->  Hash  (cost=61283.27..61283.27 rows=2528527 width=4) (actual time=1809.254..1809.254 rows=2528312 loops=1)
                    Buckets: 131072  Batches: 64  Memory Usage: 2415kB
                    ->  Seq Scan on title t  (cost=0.00..61283.27 rows=2528527 width=4) (actual time=0.029..958.670 rows=2528312 loops=1)
Planning time: 1.174 ms
Execution time: 17797.979 ms
