Seq Scan on movie_keyword mk  (cost=0.00..81003.12 rows=3384814 width=0) (actual time=0.024..1406.396 rows=3375919 loops=1)
  Filter: (keyword_id < 16224)
  Rows Removed by Filter: 1148011
Planning time: 0.272 ms
Execution time: 1830.687 ms
