Seq Scan on title t  (cost=0.00..73925.90 rows=5474 width=0) (actual time=127.313..1038.479 rows=17 loops=1)
  Filter: ((kind_id > 1) AND (production_year = 1945))
  Rows Removed by Filter: 2528295
Planning time: 0.345 ms
Execution time: 1038.598 ms
