Hash Join  (cost=74080.83..160960.62 rows=22175 width=0) (actual time=967.550..2605.610 rows=49157 loops=1)
  Hash Cond: (mk.movie_id = t.id)
  ->  Seq Scan on movie_keyword mk  (cost=0.00..69693.30 rows=4523930 width=4) (actual time=0.027..838.721 rows=4523930 loops=1)
  ->  Hash  (cost=73925.90..73925.90 rows=12394 width=4) (actual time=966.520..966.520 rows=7075 loops=1)
        Buckets: 16384  Batches: 1  Memory Usage: 377kB
        ->  Seq Scan on title t  (cost=0.00..73925.90 rows=12394 width=4) (actual time=280.015..963.322 rows=7075 loops=1)
              Filter: ((kind_id = 1) AND (production_year = 1998))
              Rows Removed by Filter: 2521237
Planning time: 0.702 ms
Execution time: 2612.021 ms
