Hash Join  (cost=161021.74..530536.52 rows=449208 width=0) (actual time=5957.492..9850.333 rows=1490043 loops=1)
  Hash Cond: (mi.movie_id = t.id)
  ->  Seq Scan on movie_info mi  (cost=0.00..346232.03 rows=1338312 width=4) (actual time=2262.070..5025.149 rows=1401902 loops=1)
        Filter: (info_type_id = 7)
        Rows Removed by Filter: 13433818
  ->  Hash  (cost=147096.91..147096.91 rows=848707 width=8) (actual time=3694.288..3694.288 rows=1010682 loops=1)
        Buckets: 131072  Batches: 16  Memory Usage: 3521kB
        ->  Hash Join  (cost=93117.31..147096.91 rows=848707 width=8) (actual time=1729.478..3374.526 rows=1010682 loops=1)
              Hash Cond: (mi_idx.movie_id = t.id)
              ->  Seq Scan on movie_info_idx mi_idx  (cost=0.00..21735.35 rows=1380035 width=4) (actual time=0.031..414.213 rows=1380035 loops=1)
              ->  Hash  (cost=67604.59..67604.59 rows=1555018 width=4) (actual time=1728.683..1728.683 rows=1551727 loops=1)
                    Buckets: 131072  Batches: 32  Memory Usage: 2728kB
                    ->  Seq Scan on title t  (cost=0.00..67604.59 rows=1555018 width=4) (actual time=0.028..1206.238 rows=1551727 loops=1)
                          Filter: (production_year < 2007)
                          Rows Removed by Filter: 976585
Planning time: 1.204 ms
Execution time: 10014.440 ms
