Hash Join  (cost=100890.38..851849.89 rows=17038 width=0) (actual time=1400.524..16693.388 rows=72261 loops=1)
  Hash Cond: (ci.movie_id = t.id)
  ->  Seq Scan on cast_info ci  (cost=0.00..614943.12 rows=36225612 width=4) (actual time=0.016..7656.742 rows=36244344 loops=1)
  ->  Hash  (cost=100875.51..100875.51 rows=1189 width=8) (actual time=1400.045..1400.045 rows=3735 loops=1)
        Buckets: 4096 (originally 2048)  Batches: 1 (originally 1)  Memory Usage: 178kB
        ->  Hash Join  (cost=73953.14..100875.51 rows=1189 width=8) (actual time=912.249..1398.730 rows=3735 loops=1)
              Hash Cond: (mi_idx.movie_id = t.id)
              ->  Seq Scan on movie_info_idx mi_idx  (cost=0.00..21735.35 rows=1380035 width=4) (actual time=0.016..244.831 rows=1380035 loops=1)
              ->  Hash  (cost=73925.90..73925.90 rows=2179 width=4) (actual time=891.941..891.941 rows=2700 loops=1)
                    Buckets: 4096  Batches: 1  Memory Usage: 127kB
                    ->  Seq Scan on title t  (cost=0.00..73925.90 rows=2179 width=4) (actual time=0.021..890.355 rows=2700 loops=1)
                          Filter: ((kind_id = 2) AND (production_year = 2002))
                          Rows Removed by Filter: 2525612
Planning time: 1.127 ms
Execution time: 16706.012 ms
