Hash Join  (cost=67697.55..154488.65 rows=13306 width=0) (actual time=812.671..2470.813 rows=48214 loops=1)
  Hash Cond: (mk.movie_id = t.id)
  ->  Seq Scan on movie_keyword mk  (cost=0.00..69693.30 rows=4523930 width=4) (actual time=0.029..819.488 rows=4523930 loops=1)
  ->  Hash  (cost=67604.59..67604.59 rows=7437 width=4) (actual time=811.861..811.861 rows=18391 loops=1)
        Buckets: 32768 (originally 8192)  Batches: 1 (originally 1)  Memory Usage: 903kB
        ->  Seq Scan on title t  (cost=0.00..67604.59 rows=7437 width=4) (actual time=0.078..803.969 rows=18391 loops=1)
              Filter: (production_year = 1985)
              Rows Removed by Filter: 2509921
Planning time: 0.709 ms
Execution time: 2477.366 ms
