Hash Join  (cost=842044.42..998388.80 rows=497978 width=0) (actual time=16992.862..20434.954 rows=1332184 loops=1)
  Hash Cond: (mk.movie_id = t.id)
  ->  Seq Scan on movie_keyword mk  (cost=0.00..69693.30 rows=4523930 width=4) (actual time=0.018..1227.285 rows=4523930 loops=1)
  ->  Hash  (cost=837477.28..837477.28 rows=278331 width=8) (actual time=16986.451..16986.451 rows=289076 loops=1)
        Buckets: 131072  Batches: 4  Memory Usage: 3835kB
        ->  Hash Join  (cost=74529.47..837477.28 rows=278331 width=8) (actual time=992.217..15918.608 rows=289076 loops=1)
              Hash Cond: (ci.movie_id = t.id)
              ->  Seq Scan on cast_info ci  (cost=0.00..705507.15 rows=14575295 width=4) (actual time=0.015..10927.523 rows=14499701 loops=1)
                    Filter: (person_id < 1428125)
                    Rows Removed by Filter: 21744643
              ->  Hash  (cost=73925.90..73925.90 rows=48285 width=4) (actual time=991.828..991.828 rows=34476 loops=1)
                    Buckets: 65536  Batches: 1  Memory Usage: 1725kB
                    ->  Seq Scan on title t  (cost=0.00..73925.90 rows=48285 width=4) (actual time=210.433..978.339 rows=34476 loops=1)
                          Filter: ((production_year > 2003) AND (kind_id = 3))
                          Rows Removed by Filter: 2493836
Planning time: 1.111 ms
Execution time: 20593.606 ms
