Hash Join  (cost=83074.74..447745.01 rows=1434 width=0) (actual time=1084.765..7742.572 rows=19157 loops=1)
  Hash Cond: (mi.movie_id = t.id)
  ->  Seq Scan on movie_info mi  (cost=0.00..309384.22 rows=14739122 width=4) (actual time=0.015..3725.843 rows=14835720 loops=1)
  ->  Hash  (cost=83071.67..83071.67 rows=246 width=8) (actual time=1083.859..1083.859 rows=637 loops=1)
        Buckets: 1024  Batches: 1  Memory Usage: 33kB
        ->  Nested Loop  (cost=0.43..83071.67 rows=246 width=8) (actual time=3.700..1083.365 rows=637 loops=1)
              ->  Seq Scan on movie_keyword mk  (cost=0.00..81003.12 rows=246 width=4) (actual time=3.626..1066.354 rows=637 loops=1)
                    Filter: (keyword_id = 13436)
                    Rows Removed by Filter: 4523293
              ->  Index Only Scan using title_pkey on title t  (cost=0.43..8.40 rows=1 width=4) (actual time=0.025..0.025 rows=1 loops=637)
                    Index Cond: (id = mk.movie_id)
                    Heap Fetches: 637
Planning time: 1.117 ms
Execution time: 7746.171 ms
