Hash Join  (cost=83810.17..130752.54 rows=539088 width=0) (actual time=1568.287..3023.973 rows=954317 loops=1)
  Hash Cond: (mi_idx.movie_id = t.id)
  ->  Seq Scan on movie_info_idx mi_idx  (cost=0.00..21735.35 rows=1380035 width=4) (actual time=0.021..468.875 rows=1380035 loops=1)
  ->  Hash  (cost=67604.59..67604.59 rows=987727 width=4) (actual time=1567.481..1567.481 rows=985048 loops=1)
        Buckets: 131072  Batches: 16  Memory Usage: 3188kB
        ->  Seq Scan on title t  (cost=0.00..67604.59 rows=987727 width=4) (actual time=0.014..1265.436 rows=985048 loops=1)
              Filter: (kind_id < 7)
              Rows Removed by Filter: 1543264
Planning time: 0.674 ms
Execution time: 3125.299 ms
