Hash Join  (cost=96651.52..1215760.62 rows=14371309 width=0) (actual time=1793.561..31757.098 rows=14459027 loops=1)
  Hash Cond: (ci.movie_id = t.id)
  ->  Seq Scan on cast_info ci  (cost=0.00..705507.15 rows=20524572 width=4) (actual time=0.016..13354.558 rows=20651404 loops=1)
        Filter: (person_id > 1538410)
        Rows Removed by Filter: 15592940
  ->  Hash  (cost=67604.59..67604.59 rows=1770475 width=4) (actual time=1792.178..1792.178 rows=1774635 loops=1)
        Buckets: 131072  Batches: 32  Memory Usage: 2978kB
        ->  Seq Scan on title t  (cost=0.00..67604.59 rows=1770475 width=4) (actual time=0.015..1216.322 rows=1774635 loops=1)
              Filter: (kind_id > 2)
              Rows Removed by Filter: 753677
Planning time: 0.719 ms
Execution time: 33401.819 ms
