Hash Join  (cost=81097.38..122883.37 rows=238551 width=0) (actual time=2041.674..3134.654 rows=109056 loops=1)
  Hash Cond: (mi_idx.movie_id = t.id)
  ->  Seq Scan on movie_info_idx mi_idx  (cost=0.00..21735.35 rows=1380035 width=4) (actual time=0.027..402.164 rows=1380035 loops=1)
  ->  Hash  (cost=73925.90..73925.90 rows=437078 width=4) (actual time=2040.720..2040.720 rows=464859 loops=1)
        Buckets: 131072  Batches: 8  Memory Usage: 3070kB
        ->  Seq Scan on title t  (cost=0.00..73925.90 rows=437078 width=4) (actual time=0.027..1165.675 rows=464859 loops=1)
              Filter: ((kind_id > 3) AND (production_year > 2008))
              Rows Removed by Filter: 2063453
Planning time: 0.730 ms
Execution time: 3148.283 ms
