Hash Join  (cost=926158.42..1432768.13 rows=2511978 width=0) (actual time=12561.697..25137.084 rows=3052427 loops=1)
  Hash Cond: (mi.movie_id = t.id)
  ->  Seq Scan on movie_info mi  (cost=0.00..309384.22 rows=14739122 width=4) (actual time=0.022..5476.665 rows=14835720 loops=1)
  ->  Hash  (cost=919087.73..919087.73 rows=430935 width=8) (actual time=12560.835..12560.835 rows=219320 loops=1)
        Buckets: 131072  Batches: 8  Memory Usage: 2098kB
        ->  Hash Join  (cost=102767.86..919087.73 rows=430935 width=8) (actual time=2406.671..12493.606 rows=219320 loops=1)
              Hash Cond: (ci.movie_id = t.id)
              ->  Seq Scan on cast_info ci  (cost=0.00..796071.18 rows=430935 width=4) (actual time=611.700..9923.228 rows=219320 loops=1)
                    Filter: ((person_id < 88574) AND (role_id > 2))
                    Rows Removed by Filter: 36025024
              ->  Hash  (cost=61283.27..61283.27 rows=2528527 width=4) (actual time=1792.950..1792.950 rows=2528312 loops=1)
                    Buckets: 131072  Batches: 64  Memory Usage: 2415kB
                    ->  Seq Scan on title t  (cost=0.00..61283.27 rows=2528527 width=4) (actual time=0.024..918.035 rows=2528312 loops=1)
Planning time: 1.434 ms
Execution time: 25492.463 ms
