Hash Join  (cost=162223.50..282527.84 rows=774047 width=0) (actual time=3566.496..6174.789 rows=540399 loops=1)
  Hash Cond: (mk.movie_id = t.id)
  ->  Seq Scan on movie_keyword mk  (cost=0.00..81003.12 rows=2460731 width=4) (actual time=0.016..1504.855 rows=2458117 loops=1)
        Filter: (keyword_id < 5892)
        Rows Removed by Filter: 2065813
  ->  Hash  (cost=149174.34..149174.34 rows=795373 width=8) (actual time=3173.600..3173.600 rows=417300 loops=1)
        Buckets: 131072  Batches: 16  Memory Usage: 2046kB
        ->  Hash Join  (cost=97835.13..149174.34 rows=795373 width=8) (actual time=1880.452..3044.753 rows=417300 loops=1)
              Hash Cond: (mi_idx.movie_id = t.id)
              ->  Seq Scan on movie_info_idx mi_idx  (cost=0.00..21735.35 rows=1380035 width=4) (actual time=0.017..398.129 rows=1380035 loops=1)
              ->  Hash  (cost=73925.90..73925.90 rows=1457298 width=4) (actual time=1672.856..1672.856 rows=1438183 loops=1)
                    Buckets: 131072  Batches: 32  Memory Usage: 2604kB
                    ->  Seq Scan on title t  (cost=0.00..73925.90 rows=1457298 width=4) (actual time=322.817..1224.747 rows=1438183 loops=1)
                          Filter: ((production_year < 2013) AND (kind_id = 7))
                          Rows Removed by Filter: 1090129
Planning time: 0.991 ms
Execution time: 6238.157 ms
