Hash Join  (cost=83072.91..447728.90 rows=2 width=0) (actual time=1399.328..8076.202 rows=1019 loops=1)
  Hash Cond: (mi.movie_id = t.id)
  ->  Seq Scan on movie_info mi  (cost=0.00..309384.22 rows=14739122 width=4) (actual time=0.018..4111.350 rows=14835720 loops=1)
  ->  Hash  (cost=83072.90..83072.90 rows=1 width=8) (actual time=1377.441..1377.441 rows=13 loops=1)
        Buckets: 1024  Batches: 1  Memory Usage: 9kB
        ->  Nested Loop  (cost=0.43..83072.90 rows=1 width=8) (actual time=55.443..1377.409 rows=13 loops=1)
              ->  Seq Scan on movie_keyword mk  (cost=0.00..81003.12 rows=246 width=4) (actual time=0.530..1321.376 rows=1409 loops=1)
                    Filter: (keyword_id = 795)
                    Rows Removed by Filter: 4522521
              ->  Index Scan using title_pkey on title t  (cost=0.43..8.40 rows=1 width=4) (actual time=0.039..0.039 rows=0 loops=1409)
                    Index Cond: (id = mk.movie_id)
                    Filter: ((kind_id < 7) AND (production_year = 1988))
                    Rows Removed by Filter: 1
Planning time: 10.142 ms
Execution time: 8076.619 ms
