Seq Scan on movie_companies mc  (cost=0.00..57926.93 rows=399177 width=0) (actual time=86.167..940.343 rows=572698 loops=1)
  Filter: ((company_id < 1826) AND (company_type_id = 1))
  Rows Removed by Filter: 2036431
Planning time: 0.340 ms
Execution time: 1011.699 ms
