Seq Scan on movie_keyword mk  (cost=0.00..81003.12 rows=2246249 width=0) (actual time=0.026..884.680 rows=2245871 loops=1)
  Filter: (keyword_id < 4629)
  Rows Removed by Filter: 2278059
Planning time: 0.319 ms
Execution time: 1088.415 ms
