Seq Scan on movie_companies mc  (cost=0.00..57926.93 rows=1122865 width=0) (actual time=7.346..1085.147 rows=1274246 loops=1)
  Filter: ((company_id < 91546) AND (company_type_id = 1))
  Rows Removed by Filter: 1334883
Planning time: 0.349 ms
Execution time: 1247.524 ms
