Hash Join  (cost=83074.74..833899.15 rows=3524 width=0) (actual time=1229.663..15801.201 rows=12973 loops=1)
  Hash Cond: (ci.movie_id = t.id)
  ->  Seq Scan on cast_info ci  (cost=0.00..614943.12 rows=36225612 width=4) (actual time=0.025..7359.532 rows=36244344 loops=1)
  ->  Hash  (cost=83071.67..83071.67 rows=246 width=8) (actual time=1229.222..1229.222 rows=435 loops=1)
        Buckets: 1024  Batches: 1  Memory Usage: 25kB
        ->  Nested Loop  (cost=0.43..83071.67 rows=246 width=8) (actual time=0.159..1228.864 rows=435 loops=1)
              ->  Seq Scan on movie_keyword mk  (cost=0.00..81003.12 rows=246 width=4) (actual time=0.099..1211.651 rows=435 loops=1)
                    Filter: (keyword_id = 4973)
                    Rows Removed by Filter: 4523495
              ->  Index Only Scan using title_pkey on title t  (cost=0.43..8.40 rows=1 width=4) (actual time=0.037..0.038 rows=1 loops=435)
                    Index Cond: (id = mk.movie_id)
                    Heap Fetches: 435
Planning time: 1.118 ms
Execution time: 15805.323 ms
