Seq Scan on movie_keyword mk  (cost=0.00..81003.12 rows=2427327 width=0) (actual time=0.027..1331.299 rows=2417668 loops=1)
  Filter: (keyword_id > 3799)
  Rows Removed by Filter: 2106262
Planning time: 0.289 ms
Execution time: 1633.474 ms
