Hash Join  (cost=74574.97..161223.60 rows=29311 width=0) (actual time=1871.055..2703.011 rows=6342 loops=1)
  Hash Cond: (mk.movie_id = t.id)
  ->  Seq Scan on movie_keyword mk  (cost=0.00..81003.12 rows=1427306 width=4) (actual time=0.013..1354.461 rows=1439189 loops=1)
        Filter: (keyword_id > 11602)
        Rows Removed by Filter: 3084741
  ->  Hash  (cost=73925.90..73925.90 rows=51925 width=4) (actual time=1083.766..1083.766 rows=56480 loops=1)
        Buckets: 65536  Batches: 1  Memory Usage: 2498kB
        ->  Seq Scan on title t  (cost=0.00..73925.90 rows=51925 width=4) (actual time=0.045..1061.450 rows=56480 loops=1)
              Filter: ((kind_id = 7) AND (production_year = 2004))
              Rows Removed by Filter: 2471832
Planning time: 0.738 ms
Execution time: 2704.031 ms
