Seq Scan on movie_keyword mk  (cost=0.00..81003.12 rows=3479362 width=0) (actual time=0.020..1381.389 rows=3469497 loops=1)
  Filter: (keyword_id < 16758)
  Rows Removed by Filter: 1054433
Planning time: 0.308 ms
Execution time: 1813.133 ms
