Seq Scan on movie_keyword mk  (cost=0.00..81003.12 rows=382670 width=0) (actual time=0.025..1330.096 rows=380094 loops=1)
  Filter: (keyword_id > 44916)
  Rows Removed by Filter: 4143836
Planning time: 2.475 ms
Execution time: 1379.377 ms
