Hash Join  (cost=156649.15..979371.95 rows=340743 width=0) (actual time=7523.950..18483.153 rows=1894648 loops=1)
  Hash Cond: (ci.movie_id = t.id)
  ->  Seq Scan on cast_info ci  (cost=0.00..796071.18 rows=1853119 width=4) (actual time=3986.015..12718.541 rows=3725148 loops=1)
        Filter: ((person_id > 2206554) AND (role_id > 9))
        Rows Removed by Filter: 32519196
  ->  Hash  (cost=149020.47..149020.47 rows=464934 width=8) (actual time=3535.541..3535.541 rows=460185 loops=1)
        Buckets: 131072  Batches: 8  Memory Usage: 3276kB
        ->  Hash Join  (cost=102767.86..149020.47 rows=464934 width=8) (actual time=2172.914..3394.774 rows=460185 loops=1)
              Hash Cond: (mi_idx.movie_id = t.id)
              ->  Seq Scan on movie_info_idx mi_idx  (cost=0.00..25185.44 rows=464934 width=4) (actual time=0.035..417.271 rows=460185 loops=1)
                    Filter: (info_type_id > 100)
                    Rows Removed by Filter: 919850
              ->  Hash  (cost=61283.27..61283.27 rows=2528527 width=4) (actual time=2171.121..2171.121 rows=2528312 loops=1)
                    Buckets: 131072  Batches: 64  Memory Usage: 2415kB
                    ->  Seq Scan on title t  (cost=0.00..61283.27 rows=2528527 width=4) (actual time=0.028..1062.476 rows=2528312 loops=1)
Planning time: 1.208 ms
Execution time: 18680.177 ms
