Hash Join  (cost=101012.98..852054.59 rows=25243 width=0) (actual time=1549.648..17483.773 rows=94972 loops=1)
  Hash Cond: (ci.movie_id = t.id)
  ->  Seq Scan on cast_info ci  (cost=0.00..614943.12 rows=36225612 width=4) (actual time=0.013..8194.815 rows=36244344 loops=1)
  ->  Hash  (cost=100990.96..100990.96 rows=1762 width=8) (actual time=1549.462..1549.462 rows=2750 loops=1)
        Buckets: 4096 (originally 2048)  Batches: 1 (originally 1)  Memory Usage: 140kB
        ->  Hash Join  (cost=74045.78..100990.96 rows=1762 width=8) (actual time=1006.196..1548.074 rows=2750 loops=1)
              Hash Cond: (mi_idx.movie_id = t.id)
              ->  Seq Scan on movie_info_idx mi_idx  (cost=0.00..25185.44 rows=464566 width=4) (actual time=0.033..455.276 rows=459925 loops=1)
                    Filter: (info_type_id = 101)
                    Rows Removed by Filter: 920110
              ->  Hash  (cost=73925.90..73925.90 rows=9590 width=4) (actual time=1006.003..1006.003 rows=5862 loops=1)
                    Buckets: 16384  Batches: 1  Memory Usage: 335kB
                    ->  Seq Scan on title t  (cost=0.00..73925.90 rows=9590 width=4) (actual time=0.053..1003.299 rows=5862 loops=1)
                          Filter: ((kind_id = 1) AND (production_year = 1996))
                          Rows Removed by Filter: 2522450
Planning time: 2.219 ms
Execution time: 17503.438 ms
