Seq Scan on cast_info ci  (cost=0.00..705507.15 rows=13496040 width=0) (actual time=2803.995..11294.090 rows=13643644 loops=1)
  Filter: (person_id > 2305845)
  Rows Removed by Filter: 22600700
Planning time: 0.296 ms
Execution time: 12984.326 ms
