Seq Scan on movie_keyword mk  (cost=0.00..81003.12 rows=303564 width=0) (actual time=0.018..1372.908 rows=299815 loops=1)
  Filter: (keyword_id > 53924)
  Rows Removed by Filter: 4224115
Planning time: 0.325 ms
Execution time: 1413.107 ms
