Hash Join  (cost=170409.62..1228256.63 rows=4809967 width=0) (actual time=3632.739..37899.107 rows=22625694 loops=1)
  Hash Cond: (ci.movie_id = t.id)
  ->  Seq Scan on cast_info ci  (cost=0.00..705507.15 rows=26155516 width=4) (actual time=0.022..14272.083 rows=26375510 loops=1)
        Filter: (person_id > 970872)
        Rows Removed by Filter: 9868834
  ->  Hash  (cost=162780.21..162780.21 rows=464993 width=8) (actual time=3631.938..3631.938 rows=603904 loops=1)
        Buckets: 131072  Batches: 8  Memory Usage: 3958kB
        ->  Hash Join  (cost=81319.76..162780.21 rows=464993 width=8) (actual time=1160.051..3442.998 rows=603904 loops=1)
              Hash Cond: (mc.movie_id = t.id)
              ->  Seq Scan on movie_companies mc  (cost=0.00..44881.29 rows=2609129 width=4) (actual time=0.030..835.749 rows=2609129 loops=1)
              ->  Hash  (cost=73925.90..73925.90 rows=450628 width=4) (actual time=1159.228..1159.228 rows=325089 loops=1)
                    Buckets: 131072  Batches: 8  Memory Usage: 2458kB
                    ->  Seq Scan on title t  (cost=0.00..73925.90 rows=450628 width=4) (actual time=0.014..1057.124 rows=325089 loops=1)
                          Filter: ((production_year > 1992) AND (kind_id = 1))
                          Rows Removed by Filter: 2203223
Planning time: 1.215 ms
Execution time: 40287.612 ms
