Hash Join  (cost=67697.55..432786.99 rows=43351 width=0) (actual time=922.853..7822.662 rows=20335 loops=1)
  Hash Cond: (mi.movie_id = t.id)
  ->  Seq Scan on movie_info mi  (cost=0.00..309384.22 rows=14739122 width=4) (actual time=0.013..4021.919 rows=14835720 loops=1)
  ->  Hash  (cost=67604.59..67604.59 rows=7437 width=4) (actual time=905.166..905.166 rows=3077 loops=1)
        Buckets: 8192  Batches: 1  Memory Usage: 173kB
        ->  Seq Scan on title t  (cost=0.00..67604.59 rows=7437 width=4) (actual time=1.930..903.485 rows=3077 loops=1)
              Filter: (production_year = 2014)
              Rows Removed by Filter: 2525235
Planning time: 0.798 ms
Execution time: 7827.280 ms
