Hash Join  (cost=207981.32..1377827.22 rows=13243174 width=0) (actual time=5093.318..46742.544 rows=46438150 loops=1)
  Hash Cond: (ci.movie_id = t.id)
  ->  Seq Scan on cast_info ci  (cost=0.00..614943.12 rows=36225612 width=4) (actual time=0.017..12063.079 rows=36244344 loops=1)
  ->  Hash  (cost=192815.74..192815.74 rows=924366 width=8) (actual time=5092.493..5092.493 rows=1231099 loops=1)
        Buckets: 131072  Batches: 16  Memory Usage: 4005kB
        ->  Hash Join  (cost=102767.86..192815.74 rows=924366 width=8) (actual time=1628.018..4660.976 rows=1231099 loops=1)
              Hash Cond: (mc.movie_id = t.id)
              ->  Seq Scan on movie_companies mc  (cost=0.00..57926.93 rows=924366 width=4) (actual time=0.028..1146.936 rows=1231099 loops=1)
                    Filter: ((company_id < 40873) AND (company_type_id < 2))
                    Rows Removed by Filter: 1378030
              ->  Hash  (cost=61283.27..61283.27 rows=2528527 width=4) (actual time=1626.395..1626.395 rows=2528312 loops=1)
                    Buckets: 131072  Batches: 64  Memory Usage: 2415kB
                    ->  Seq Scan on title t  (cost=0.00..61283.27 rows=2528527 width=4) (actual time=0.016..875.902 rows=2528312 loops=1)
Planning time: 2.152 ms
Execution time: 51730.727 ms
