Hash Join  (cost=83074.74..111707.54 rows=89 width=0) (actual time=1203.654..1808.390 rows=1615 loops=1)
  Hash Cond: (mi_idx.movie_id = t.id)
  ->  Seq Scan on movie_info_idx mi_idx  (cost=0.00..25185.44 rows=919057 width=4) (actual time=0.028..459.959 rows=920110 loops=1)
        Filter: (info_type_id > 99)
        Rows Removed by Filter: 459925
  ->  Hash  (cost=83071.67..83071.67 rows=246 width=8) (actual time=1203.357..1203.357 rows=973 loops=1)
        Buckets: 1024  Batches: 1  Memory Usage: 47kB
        ->  Nested Loop  (cost=0.43..83071.67 rows=246 width=8) (actual time=2.715..1202.627 rows=973 loops=1)
              ->  Seq Scan on movie_keyword mk  (cost=0.00..81003.12 rows=246 width=4) (actual time=2.657..1178.008 rows=973 loops=1)
                    Filter: (keyword_id = 2035)
                    Rows Removed by Filter: 4522957
              ->  Index Only Scan using title_pkey on title t  (cost=0.43..8.40 rows=1 width=4) (actual time=0.024..0.024 rows=1 loops=973)
                    Index Cond: (id = mk.movie_id)
                    Heap Fetches: 973
Planning time: 3.945 ms
Execution time: 1808.802 ms
