Hash Join  (cost=489632.19..631056.42 rows=1594119 width=0) (actual time=7870.358..11391.411 rows=1223413 loops=1)
  Hash Cond: (mk.movie_id = t.id)
  ->  Seq Scan on movie_keyword mk  (cost=0.00..69693.30 rows=4523930 width=4) (actual time=0.023..1242.482 rows=4523930 loops=1)
  ->  Hash  (cost=475013.83..475013.83 rows=890989 width=8) (actual time=7868.751..7868.751 rows=525664 loops=1)
        Buckets: 131072  Batches: 16  Memory Usage: 2312kB
        ->  Hash Join  (cost=96651.52..475013.83 rows=890989 width=8) (actual time=2368.698..7721.427 rows=525664 loops=1)
              Hash Cond: (mi.movie_id = t.id)
              ->  Seq Scan on movie_info mi  (cost=0.00..346232.03 rows=1272478 width=4) (actual time=528.621..4824.250 rows=1325361 loops=1)
                    Filter: (info_type_id = 8)
                    Rows Removed by Filter: 13510359
              ->  Hash  (cost=67604.59..67604.59 rows=1770475 width=4) (actual time=1838.822..1838.822 rows=1774635 loops=1)
                    Buckets: 131072  Batches: 32  Memory Usage: 2984kB
                    ->  Seq Scan on title t  (cost=0.00..67604.59 rows=1770475 width=4) (actual time=0.032..1231.736 rows=1774635 loops=1)
                          Filter: (kind_id > 2)
                          Rows Removed by Filter: 753677
Planning time: 1.186 ms
Execution time: 11543.228 ms
