Hash Join  (cost=485262.73..622153.18 rows=972560 width=0) (actual time=8021.510..13331.961 rows=8011851 loops=1)
  Hash Cond: (mk.movie_id = t.id)
  ->  Seq Scan on movie_keyword mk  (cost=0.00..81003.12 rows=3771926 width=4) (actual time=0.019..1541.567 rows=3764217 loops=1)
        Filter: (keyword_id < 24674)
        Rows Removed by Filter: 759713
  ->  Hash  (cost=474566.23..474566.23 rows=651960 width=8) (actual time=8020.113..8020.113 rows=660923 loops=1)
        Buckets: 131072  Batches: 16  Memory Usage: 2648kB
        ->  Hash Join  (cost=102767.86..474566.23 rows=651960 width=8) (actual time=4731.512..7822.064 rows=660923 loops=1)
              Hash Cond: (mi.movie_id = t.id)
              ->  Seq Scan on movie_info mi  (cost=0.00..346232.03 rows=651960 width=4) (actual time=2954.520..4983.151 rows=660923 loops=1)
                    Filter: (info_type_id = 18)
                    Rows Removed by Filter: 14174797
              ->  Hash  (cost=61283.27..61283.27 rows=2528527 width=4) (actual time=1776.097..1776.097 rows=2528312 loops=1)
                    Buckets: 131072  Batches: 64  Memory Usage: 2425kB
                    ->  Seq Scan on title t  (cost=0.00..61283.27 rows=2528527 width=4) (actual time=0.022..902.412 rows=2528312 loops=1)
Planning time: 1.249 ms
Execution time: 14279.443 ms
