Hash Join  (cost=115917.08..1228450.96 rows=1126012 width=0) (actual time=2127.393..31872.674 rows=3383412 loops=1)
  Hash Cond: (ci.movie_id = t.id)
  ->  Seq Scan on cast_info ci  (cost=0.00..705507.15 rows=34200152 width=4) (actual time=0.015..14829.363 rows=34266281 loops=1)
        Filter: (person_id > 193077)
        Rows Removed by Filter: 1978063
  ->  Hash  (cost=114550.46..114550.46 rows=83250 width=8) (actual time=2126.618..2126.618 rows=113175 loops=1)
        Buckets: 131072  Batches: 2  Memory Usage: 3238kB
        ->  Hash Join  (cost=81417.85..114550.46 rows=83250 width=8) (actual time=1330.974..2088.686 rows=113175 loops=1)
              Hash Cond: (mi_idx.movie_id = t.id)
              ->  Seq Scan on movie_info_idx mi_idx  (cost=0.00..25185.44 rows=460978 width=4) (actual time=0.014..451.391 rows=459925 loops=1)
                    Filter: (info_type_id = 99)
                    Rows Removed by Filter: 920110
              ->  Hash  (cost=73925.90..73925.90 rows=456636 width=4) (actual time=1329.985..1329.985 rows=330279 loops=1)
                    Buckets: 131072  Batches: 8  Memory Usage: 2482kB
                    ->  Seq Scan on title t  (cost=0.00..73925.90 rows=456636 width=4) (actual time=7.678..1226.072 rows=330279 loops=1)
                          Filter: ((production_year > 1991) AND (kind_id = 1))
                          Rows Removed by Filter: 2198033
Planning time: 1.245 ms
Execution time: 32286.926 ms
