Seq Scan on movie_keyword mk  (cost=0.00..81003.12 rows=4136938 width=0) (actual time=0.025..1615.392 rows=4139006 loops=1)
  Filter: (keyword_id < 44623)
  Rows Removed by Filter: 384924
Planning time: 0.303 ms
Execution time: 2140.720 ms
