Seq Scan on movie_companies mc  (cost=0.00..51404.11 rows=1927602 width=0) (actual time=0.067..889.598 rows=1935380 loops=1)
  Filter: (company_id > 1095)
  Rows Removed by Filter: 673749
Planning time: 0.291 ms
Execution time: 1135.068 ms
