Hash Join  (cost=81821.64..591560.80 rows=2805323 width=0) (actual time=1599.147..13309.640 rows=1043249 loops=1)
  Hash Cond: (mi.movie_id = t.id)
  ->  Seq Scan on movie_info mi  (cost=0.00..309384.22 rows=14739122 width=4) (actual time=1.164..5030.910 rows=14835720 loops=1)
  ->  Hash  (cost=73925.90..73925.90 rows=481259 width=4) (actual time=1243.737..1243.737 rows=518327 loops=1)
        Buckets: 131072  Batches: 8  Memory Usage: 3307kB
        ->  Seq Scan on title t  (cost=0.00..73925.90 rows=481259 width=4) (actual time=0.014..1083.862 rows=518327 loops=1)
              Filter: ((kind_id > 6) AND (production_year > 2007))
              Rows Removed by Filter: 2009985
Planning time: 7.930 ms
Execution time: 13437.636 ms
