Hash Join  (cost=149728.65..264421.81 rows=364226 width=0) (actual time=3194.954..6596.264 rows=1409371 loops=1)
  Hash Cond: (mk.movie_id = t.id)
  ->  Seq Scan on movie_keyword mk  (cost=0.00..81003.12 rows=2472740 width=4) (actual time=0.025..1514.324 rows=2464294 loops=1)
        Filter: (keyword_id > 3661)
        Rows Removed by Filter: 2059636
  ->  Hash  (cost=143618.11..143618.11 rows=372443 width=8) (actual time=3194.066..3194.066 rows=371554 loops=1)
        Buckets: 131072  Batches: 8  Memory Usage: 2852kB
        ->  Hash Join  (cost=100836.57..143618.11 rows=372443 width=8) (actual time=1908.559..3080.046 rows=371554 loops=1)
              Hash Cond: (mi_idx.movie_id = t.id)
              ->  Seq Scan on movie_info_idx mi_idx  (cost=0.00..25185.44 rows=464934 width=4) (actual time=0.020..477.762 rows=460185 loops=1)
                    Filter: (info_type_id > 100)
                    Rows Removed by Filter: 919850
              ->  Hash  (cost=67604.59..67604.59 rows=2025519 width=4) (actual time=1907.515..1907.515 rows=2018703 loops=1)
                    Buckets: 131072  Batches: 32  Memory Usage: 3247kB
                    ->  Seq Scan on title t  (cost=0.00..67604.59 rows=2025519 width=4) (actual time=0.041..1261.848 rows=2018703 loops=1)
                          Filter: (production_year > 1974)
                          Rows Removed by Filter: 509609
Planning time: 1.187 ms
Execution time: 6761.879 ms
