Hash Join  (cost=867662.57..962519.93 rows=7033 width=0) (actual time=10633.849..12299.810 rows=296327 loops=1)
  Hash Cond: (mk.movie_id = t.id)
  ->  Seq Scan on movie_keyword mk  (cost=0.00..81003.12 rows=3675709 width=4) (actual time=0.024..1136.237 rows=3669237 loops=1)
        Filter: (keyword_id < 21499)
        Rows Removed by Filter: 854693
  ->  Hash  (cost=867602.09..867602.09 rows=4838 width=8) (actual time=10632.920..10632.920 rows=39479 loops=1)
        Buckets: 65536 (originally 8192)  Batches: 1 (originally 1)  Memory Usage: 2055kB
        ->  Hash Join  (cost=69928.56..867602.09 rows=4838 width=8) (actual time=9344.069..10618.786 rows=39479 loops=1)
              Hash Cond: (ci.movie_id = t.id)
              ->  Seq Scan on cast_info ci  (cost=0.00..796071.18 rows=86392 width=4) (actual time=8330.695..9361.984 rows=563308 loops=1)
                    Filter: ((person_id > 3953654) AND (role_id > 8))
                    Rows Removed by Filter: 35681036
              ->  Hash  (cost=67604.59..67604.59 rows=141598 width=4) (actual time=1012.402..1012.402 rows=141703 loops=1)
                    Buckets: 131072  Batches: 2  Memory Usage: 3511kB
                    ->  Seq Scan on title t  (cost=0.00..67604.59 rows=141598 width=4) (actual time=0.027..961.934 rows=141703 loops=1)
                          Filter: (production_year = 2010)
                          Rows Removed by Filter: 2386609
Planning time: 1.151 ms
Execution time: 12330.118 ms
