Seq Scan on title t  (cost=0.00..67604.59 rows=7437 width=0) (actual time=321.150..916.184 rows=3417 loops=1)
  Filter: (production_year = 1909)
  Rows Removed by Filter: 2524895
Planning time: 0.324 ms
Execution time: 917.024 ms
