Hash Join  (cost=909215.09..1039097.70 rows=646757 width=0) (actual time=13005.083..16801.849 rows=2725048 loops=1)
  Hash Cond: (mk.movie_id = t.id)
  ->  Seq Scan on movie_keyword mk  (cost=0.00..69693.30 rows=4523930 width=4) (actual time=0.014..1257.456 rows=4523930 loops=1)
  ->  Hash  (cost=903283.50..903283.50 rows=361487 width=8) (actual time=13004.183..13004.183 rows=223869 loops=1)
        Buckets: 131072  Batches: 8  Memory Usage: 2133kB
        ->  Hash Join  (cost=87783.05..903283.50 rows=361487 width=8) (actual time=4428.471..12922.987 rows=223869 loops=1)
              Hash Cond: (ci.movie_id = t.id)
              ->  Seq Scan on cast_info ci  (cost=0.00..796071.18 rows=1082239 width=4) (actual time=3366.060..11302.422 rows=751455 loops=1)
                    Filter: ((person_id < 944878) AND (role_id = 3))
                    Rows Removed by Filter: 35492889
              ->  Hash  (cost=73925.90..73925.90 rows=844572 width=4) (actual time=1061.431..1061.431 rows=760399 loops=1)
                    Buckets: 131072  Batches: 16  Memory Usage: 2698kB
                    ->  Seq Scan on title t  (cost=0.00..73925.90 rows=844572 width=4) (actual time=0.031..876.518 rows=760399 loops=1)
                          Filter: ((kind_id < 7) AND (production_year > 1964))
                          Rows Removed by Filter: 1767913
Planning time: 1.175 ms
Execution time: 17131.634 ms
