Hash Join  (cost=88391.98..124014.46 rows=161992 width=0) (actual time=1651.016..2503.505 rows=89977 loops=1)
  Hash Cond: (mi_idx.movie_id = t.id)
  ->  Seq Scan on movie_info_idx mi_idx  (cost=0.00..25185.44 rows=464566 width=4) (actual time=0.022..476.481 rows=459925 loops=1)
        Filter: (info_type_id = 101)
        Rows Removed by Filter: 920110
  ->  Hash  (cost=73925.90..73925.90 rows=881686 width=4) (actual time=1650.142..1650.142 rows=801513 loops=1)
        Buckets: 131072  Batches: 16  Memory Usage: 2786kB
        ->  Seq Scan on title t  (cost=0.00..73925.90 rows=881686 width=4) (actual time=0.015..1383.150 rows=801513 loops=1)
              Filter: ((production_year < 2006) AND (kind_id = 7))
              Rows Removed by Filter: 1726799
Planning time: 1.348 ms
Execution time: 2514.731 ms
