Seq Scan on movie_companies mc  (cost=0.00..57926.93 rows=835588 width=0) (actual time=361.385..892.074 rows=634969 loops=1)
  Filter: ((company_id > 2924) AND (company_type_id < 2))
  Rows Removed by Filter: 1974160
Planning time: 0.318 ms
Execution time: 965.842 ms
