Seq Scan on cast_info ci  (cost=0.00..796071.18 rows=3834049 width=0) (actual time=4453.404..14226.460 rows=1872755 loops=1)
  Filter: ((person_id < 3303092) AND (role_id = 10))
  Rows Removed by Filter: 34371589
Planning time: 0.311 ms
Execution time: 14462.545 ms
