Seq Scan on cast_info ci  (cost=0.00..705507.15 rows=11732142 width=0) (actual time=4851.221..10884.091 rows=11796568 loops=1)
  Filter: (person_id > 2511686)
  Rows Removed by Filter: 24447776
Planning time: 0.286 ms
Execution time: 12342.644 ms
