Hash Join  (cost=130345.36..495038.18 rows=3690 width=0) (actual time=4125.008..10433.696 rows=21590 loops=1)
  Hash Cond: (mi.movie_id = t.id)
  ->  Seq Scan on movie_info mi  (cost=0.00..309384.22 rows=14739122 width=4) (actual time=0.025..3633.161 rows=14835720 loops=1)
  ->  Hash  (cost=130337.44..130337.44 rows=633 width=8) (actual time=4124.498..4124.498 rows=1958 loops=1)
        Buckets: 2048 (originally 1024)  Batches: 1 (originally 1)  Memory Usage: 93kB
        ->  Hash Join  (cost=73940.96..130337.44 rows=633 width=8) (actual time=3544.406..4123.587 rows=1958 loops=1)
              Hash Cond: (mc.movie_id = t.id)
              ->  Seq Scan on movie_companies mc  (cost=0.00..51404.11 rows=1329612 width=4) (actual time=323.507..934.372 rows=1334883 loops=1)
                    Filter: (company_type_id = 2)
                    Rows Removed by Filter: 1274246
              ->  Hash  (cost=73925.90..73925.90 rows=1204 width=4) (actual time=2979.231..2979.231 rows=1696 loops=1)
                    Buckets: 2048  Batches: 1  Memory Usage: 76kB
                    ->  Seq Scan on title t  (cost=0.00..73925.90 rows=1204 width=4) (actual time=0.022..2978.335 rows=1696 loops=1)
                          Filter: ((kind_id = 3) AND (production_year = 1994))
                          Rows Removed by Filter: 2526616
Planning time: 1.133 ms
Execution time: 10437.482 ms
