Seq Scan on movie_keyword mk  (cost=0.00..81003.12 rows=2443214 width=0) (actual time=0.009..1491.241 rows=2432077 loops=1)
  Filter: (keyword_id > 3741)
  Rows Removed by Filter: 2091853
Planning time: 0.254 ms
Execution time: 1810.752 ms
