Nested Loop  (cost=0.43..58375.18 rows=53 width=0) (actual time=107.070..813.076 rows=2 loops=1)
  ->  Seq Scan on movie_companies mc  (cost=0.00..57926.93 rows=53 width=4) (actual time=106.969..812.916 rows=2 loops=1)
        Filter: ((company_type_id > 1) AND (company_id = 3595))
        Rows Removed by Filter: 2609127
  ->  Index Only Scan using title_pkey on title t  (cost=0.43..8.45 rows=1 width=4) (actual time=0.065..0.066 rows=1 loops=2)
        Index Cond: (id = mc.movie_id)
        Heap Fetches: 2
Planning time: 1.315 ms
Execution time: 813.150 ms
