Hash Join  (cost=92883.59..169345.30 rows=613593 width=0) (actual time=2420.413..3927.080 rows=460574 loops=1)
  Hash Cond: (mc.movie_id = t.id)
  ->  Seq Scan on movie_companies mc  (cost=0.00..51404.11 rows=1006935 width=4) (actual time=0.015..826.913 rows=1008393 loops=1)
        Filter: (company_id < 4937)
        Rows Removed by Filter: 1600736
  ->  Hash  (cost=67604.59..67604.59 rows=1540800 width=4) (actual time=1468.008..1468.008 rows=1543264 loops=1)
        Buckets: 131072  Batches: 32  Memory Usage: 2722kB
        ->  Seq Scan on title t  (cost=0.00..67604.59 rows=1540800 width=4) (actual time=211.157..975.044 rows=1543264 loops=1)
              Filter: (kind_id = 7)
              Rows Removed by Filter: 985048
Planning time: 0.725 ms
Execution time: 3979.792 ms
