Hash Join  (cost=67756.30..433119.71 rows=70748 width=0) (actual time=955.673..7051.131 rows=95957 loops=1)
  Hash Cond: (mi.movie_id = t.id)
  ->  Seq Scan on movie_info mi  (cost=0.00..309384.22 rows=14739122 width=4) (actual time=0.011..3110.507 rows=14835720 loops=1)
  ->  Hash  (cost=67604.59..67604.59 rows=12137 width=4) (actual time=955.070..955.070 rows=11234 loops=1)
        Buckets: 16384  Batches: 1  Memory Usage: 523kB
        ->  Seq Scan on title t  (cost=0.00..67604.59 rows=12137 width=4) (actual time=76.201..950.162 rows=11234 loops=1)
              Filter: (production_year < 1903)
              Rows Removed by Filter: 2517078
Planning time: 0.683 ms
Execution time: 7064.845 ms
