Seq Scan on movie_keyword mk  (cost=0.00..81003.12 rows=246 width=0) (actual time=1.199..1193.523 rows=716 loops=1)
  Filter: (keyword_id = 4392)
  Rows Removed by Filter: 4523214
Planning time: 0.372 ms
Execution time: 1193.838 ms
