Hash Join  (cost=208707.09..928991.23 rows=270454 width=0) (actual time=13468.309..16374.724 rows=530053 loops=1)
  Hash Cond: (ci.movie_id = t.id)
  ->  Seq Scan on cast_info ci  (cost=0.00..705507.15 rows=725720 width=4) (actual time=9507.488..11737.440 rows=773674 loops=1)
        Filter: (role_id = 6)
        Rows Removed by Filter: 35470670
  ->  Hash  (cost=193247.27..193247.27 rows=942306 width=8) (actual time=3959.817..3959.817 rows=787062 loops=1)
        Buckets: 131072  Batches: 16  Memory Usage: 2928kB
        ->  Hash Join  (cost=102767.86..193247.27 rows=942306 width=8) (actual time=1805.972..3750.192 rows=787062 loops=1)
              Hash Cond: (mc.movie_id = t.id)
              ->  Seq Scan on movie_companies mc  (cost=0.00..57926.93 rows=942306 width=4) (actual time=0.039..976.092 rows=787062 loops=1)
                    Filter: ((company_id > 1151) AND (company_type_id < 2))
                    Rows Removed by Filter: 1822067
              ->  Hash  (cost=61283.27..61283.27 rows=2528527 width=4) (actual time=1804.351..1804.351 rows=2528312 loops=1)
                    Buckets: 131072  Batches: 64  Memory Usage: 2415kB
                    ->  Seq Scan on title t  (cost=0.00..61283.27 rows=2528527 width=4) (actual time=0.017..960.146 rows=2528312 loops=1)
Planning time: 0.732 ms
Execution time: 16448.026 ms
