Hash Join  (cost=204373.82..953802.48 rows=903413 width=0) (actual time=11545.252..16817.726 rows=808955 loops=1)
  Hash Cond: (ci.movie_id = t.id)
  ->  Seq Scan on cast_info ci  (cost=0.00..705507.15 rows=2735034 width=4) (actual time=7172.253..10927.337 rows=2728943 loops=1)
        Filter: (role_id = 4)
        Rows Removed by Filter: 33515401
  ->  Hash  (cost=190670.81..190670.81 rows=835201 width=8) (actual time=4371.848..4371.848 rows=523101 loops=1)
        Buckets: 131072  Batches: 16  Memory Usage: 2290kB
        ->  Hash Join  (cost=102767.86..190670.81 rows=835201 width=8) (actual time=2169.617..4215.186 rows=523101 loops=1)
              Hash Cond: (mc.movie_id = t.id)
              ->  Seq Scan on movie_companies mc  (cost=0.00..57926.93 rows=835201 width=4) (actual time=472.125..947.756 rows=523101 loops=1)
                    Filter: ((company_id < 17341) AND (company_type_id > 1))
                    Rows Removed by Filter: 2086028
              ->  Hash  (cost=61283.27..61283.27 rows=2528527 width=4) (actual time=1696.191..1696.191 rows=2528312 loops=1)
                    Buckets: 131072  Batches: 64  Memory Usage: 2415kB
                    ->  Seq Scan on title t  (cost=0.00..61283.27 rows=2528527 width=4) (actual time=0.071..859.278 rows=2528312 loops=1)
Planning time: 0.822 ms
Execution time: 16912.099 ms
