Seq Scan on movie_keyword mk  (cost=0.00..81003.12 rows=4332788 width=0) (actual time=0.023..1647.281 rows=4329742 loops=1)
  Filter: (keyword_id < 69928)
  Rows Removed by Filter: 194188
Planning time: 0.321 ms
Execution time: 2200.598 ms
