Seq Scan on cast_info ci  (cost=0.00..705507.15 rows=31265992 width=0) (actual time=437.595..11019.051 rows=31406691 loops=1)
  Filter: (person_id > 469953)
  Rows Removed by Filter: 4837653
Planning time: 0.313 ms
Execution time: 14687.884 ms
