Seq Scan on movie_keyword mk  (cost=0.00..81003.12 rows=2720541 width=0) (actual time=0.013..1338.062 rows=2713780 loops=1)
  Filter: (keyword_id > 2935)
  Rows Removed by Filter: 1810150
Planning time: 0.244 ms
Execution time: 1658.116 ms
