Hash Join  (cost=165405.94..295118.29 rows=632832 width=0) (actual time=3873.955..13678.493 rows=24869701 loops=1)
  Hash Cond: (mk.movie_id = t.id)
  ->  Seq Scan on movie_keyword mk  (cost=0.00..69693.30 rows=4523930 width=4) (actual time=0.018..1264.855 rows=4523930 loops=1)
  ->  Hash  (cost=159602.64..159602.64 rows=353704 width=8) (actual time=3873.076..3873.076 rows=898004 loops=1)
        Buckets: 131072 (originally 131072)  Batches: 16 (originally 8)  Memory Usage: 3280kB
        ->  Hash Join  (cost=83810.17..159602.64 rows=353704 width=8) (actual time=1891.892..3591.072 rows=898004 loops=1)
              Hash Cond: (mc.movie_id = t.id)
              ->  Seq Scan on movie_companies mc  (cost=0.00..57926.93 rows=905463 width=4) (actual time=405.336..1086.118 rows=1214843 loops=1)
                    Filter: ((company_id < 34216) AND (company_type_id < 2))
                    Rows Removed by Filter: 1394286
              ->  Hash  (cost=67604.59..67604.59 rows=987727 width=4) (actual time=1485.696..1485.696 rows=985048 loops=1)
                    Buckets: 131072  Batches: 16  Memory Usage: 3188kB
                    ->  Seq Scan on title t  (cost=0.00..67604.59 rows=987727 width=4) (actual time=0.031..1183.076 rows=985048 loops=1)
                          Filter: (kind_id < 7)
                          Rows Removed by Filter: 1543264
Planning time: 1.130 ms
Execution time: 16404.373 ms
