Hash Join  (cost=439858.93..1424482.44 rows=742428 width=0) (actual time=8783.645..33913.788 rows=240131 loops=1)
  Hash Cond: (ci.movie_id = t.id)
  ->  Seq Scan on cast_info ci  (cost=0.00..614943.12 rows=36225612 width=4) (actual time=0.022..8809.025 rows=36244344 loops=1)
  ->  Hash  (cost=439211.17..439211.17 rows=51821 width=8) (actual time=8742.868..8742.868 rows=202888 loops=1)
        Buckets: 131072 (originally 65536)  Batches: 4 (originally 1)  Memory Usage: 3073kB
        ->  Hash Join  (cost=74037.03..439211.17 rows=51821 width=8) (actual time=1100.355..8648.487 rows=202888 loops=1)
              Hash Cond: (mi.movie_id = t.id)
              ->  Seq Scan on movie_info mi  (cost=0.00..309384.22 rows=14739122 width=4) (actual time=0.016..3969.013 rows=14835720 loops=1)
              ->  Hash  (cost=73925.90..73925.90 rows=8890 width=4) (actual time=1090.627..1090.627 rows=21090 loops=1)
                    Buckets: 32768 (originally 16384)  Batches: 1 (originally 1)  Memory Usage: 998kB
                    ->  Seq Scan on title t  (cost=0.00..73925.90 rows=8890 width=4) (actual time=0.047..1081.482 rows=21090 loops=1)
                          Filter: ((kind_id < 7) AND (production_year < 1909))
                          Rows Removed by Filter: 2507222
Planning time: 1.150 ms
Execution time: 33944.054 ms
