Hash Join  (cost=91790.21..235568.66 rows=1588016 width=0) (actual time=2331.915..5722.262 rows=801895 loops=1)
  Hash Cond: (mk.movie_id = t.id)
  ->  Seq Scan on movie_keyword mk  (cost=0.00..81003.12 rows=3687779 width=4) (actual time=0.019..1643.465 rows=3685986 loops=1)
        Filter: (keyword_id > 797)
        Rows Removed by Filter: 837944
  ->  Hash  (cost=73925.90..73925.90 rows=1088824 width=4) (actual time=2330.517..2330.517 rows=1034753 loops=1)
        Buckets: 131072  Batches: 16  Memory Usage: 3309kB
        ->  Seq Scan on title t  (cost=0.00..73925.90 rows=1088824 width=4) (actual time=0.023..1277.905 rows=1034753 loops=1)
              Filter: ((kind_id > 2) AND (production_year < 2007))
              Rows Removed by Filter: 1493559
Planning time: 2.735 ms
Execution time: 5796.980 ms
