Hash Join  (cost=73950.44..102589.48 rows=714 width=0) (actual time=969.990..1542.917 rows=3691 loops=1)
  Hash Cond: (mi_idx.movie_id = t.id)
  ->  Seq Scan on movie_info_idx mi_idx  (cost=0.00..25185.44 rows=919057 width=4) (actual time=0.031..430.085 rows=920110 loops=1)
        Filter: (info_type_id > 99)
        Rows Removed by Filter: 459925
  ->  Hash  (cost=73925.90..73925.90 rows=1963 width=4) (actual time=969.623..969.623 rows=4585 loops=1)
        Buckets: 8192 (originally 2048)  Batches: 1 (originally 1)  Memory Usage: 226kB
        ->  Seq Scan on title t  (cost=0.00..73925.90 rows=1963 width=4) (actual time=0.059..967.508 rows=4585 loops=1)
              Filter: ((kind_id = 1) AND (production_year = 1971))
              Rows Removed by Filter: 2523727
Planning time: 0.786 ms
Execution time: 1543.720 ms
