Hash Join  (cost=102767.86..1667442.90 rows=35295132 width=0) (actual time=1805.357..46854.031 rows=35435033 loops=1)
  Hash Cond: (ci.movie_id = t.id)
  ->  Seq Scan on cast_info ci  (cost=0.00..705507.15 rows=35295132 width=4) (actual time=0.023..15946.454 rows=35435033 loops=1)
        Filter: (person_id > 85181)
        Rows Removed by Filter: 809311
  ->  Hash  (cost=61283.27..61283.27 rows=2528527 width=4) (actual time=1804.536..1804.536 rows=2528312 loops=1)
        Buckets: 131072  Batches: 64  Memory Usage: 2415kB
        ->  Seq Scan on title t  (cost=0.00..61283.27 rows=2528527 width=4) (actual time=0.025..943.848 rows=2528312 loops=1)
Planning time: 0.727 ms
Execution time: 50260.266 ms
