Hash Join  (cost=234427.15..377476.57 rows=2029853 width=0) (actual time=4960.360..8688.795 rows=2883098 loops=1)
  Hash Cond: (mk.movie_id = t.id)
  ->  Seq Scan on movie_keyword mk  (cost=0.00..81003.12 rows=2672753 width=4) (actual time=0.015..1457.854 rows=2662496 loops=1)
        Filter: (keyword_id > 3122)
        Rows Removed by Filter: 1861434
  ->  Hash  (cost=202921.16..202921.16 rows=1920319 width=8) (actual time=4958.557..4958.557 rows=1301439 loops=1)
        Buckets: 131072  Batches: 32  Memory Usage: 2591kB
        ->  Hash Join  (cost=98137.04..202921.16 rows=1920319 width=8) (actual time=1649.648..4569.100 rows=1301439 loops=1)
              Hash Cond: (mc.movie_id = t.id)
              ->  Seq Scan on movie_companies mc  (cost=0.00..44881.29 rows=2609129 width=4) (actual time=0.013..803.684 rows=2609129 loops=1)
              ->  Hash  (cost=67604.59..67604.59 rows=1860996 width=4) (actual time=1648.825..1648.825 rows=1865487 loops=1)
                    Buckets: 131072  Batches: 32  Memory Usage: 3079kB
                    ->  Seq Scan on title t  (cost=0.00..67604.59 rows=1860996 width=4) (actual time=0.020..1050.447 rows=1865487 loops=1)
                          Filter: (kind_id > 1)
                          Rows Removed by Filter: 662825
Planning time: 1.131 ms
Execution time: 9021.494 ms
