Seq Scan on movie_keyword mk  (cost=0.00..81003.12 rows=4303851 width=0) (actual time=0.018..1667.458 rows=4289311 loops=1)
  Filter: (keyword_id > 186)
  Rows Removed by Filter: 234619
Planning time: 0.322 ms
Execution time: 2197.977 ms
