Seq Scan on cast_info ci  (cost=0.00..796071.18 rows=101 width=0) (actual time=3756.861..9373.865 rows=1 loops=1)
  Filter: ((person_id = 2502415) AND (role_id = 2))
  Rows Removed by Filter: 36244343
Planning time: 0.347 ms
Execution time: 9374.778 ms
