Seq Scan on movie_keyword mk  (cost=0.00..81003.12 rows=2477403 width=0) (actual time=0.017..1398.135 rows=2472978 loops=1)
  Filter: (keyword_id < 5970)
  Rows Removed by Filter: 2050952
Planning time: 1.242 ms
Execution time: 1709.775 ms
