Hash Join  (cost=94699.36..155540.73 rows=4022 width=0) (actual time=1623.639..3004.595 rows=39339 loops=1)
  Hash Cond: (mc.movie_id = t.id)
  ->  Seq Scan on movie_companies mc  (cost=0.00..51404.11 rows=2505874 width=4) (actual time=0.011..939.881 rows=2505227 loops=1)
        Filter: (company_id < 155282)
        Rows Removed by Filter: 103902
  ->  Hash  (cost=94648.62..94648.62 rows=4059 width=8) (actual time=1623.513..1623.513 rows=14292 loops=1)
        Buckets: 16384 (originally 4096)  Batches: 1 (originally 1)  Memory Usage: 687kB
        ->  Hash Join  (cost=67697.55..94648.62 rows=4059 width=8) (actual time=1031.067..1618.031 rows=14292 loops=1)
              Hash Cond: (mi_idx.movie_id = t.id)
              ->  Seq Scan on movie_info_idx mi_idx  (cost=0.00..21735.35 rows=1380035 width=4) (actual time=0.027..278.095 rows=1380035 loops=1)
              ->  Hash  (cost=67604.59..67604.59 rows=7437 width=4) (actual time=1029.467..1029.467 rows=19440 loops=1)
                    Buckets: 32768 (originally 8192)  Batches: 1 (originally 1)  Memory Usage: 940kB
                    ->  Seq Scan on title t  (cost=0.00..67604.59 rows=7437 width=4) (actual time=0.079..1020.149 rows=19440 loops=1)
                          Filter: (production_year = 1986)
                          Rows Removed by Filter: 2508872
Planning time: 1.107 ms
Execution time: 3010.204 ms
