Hash Join  (cost=94206.67..243716.55 rows=1892279 width=0) (actual time=2490.398..5007.650 rows=987661 loops=1)
  Hash Cond: (mk.movie_id = t.id)
  ->  Seq Scan on movie_keyword mk  (cost=0.00..81003.12 rows=3870658 width=4) (actual time=0.384..773.434 rows=3869227 loops=1)
        Filter: (keyword_id > 500)
        Rows Removed by Filter: 654703
  ->  Hash  (cost=73925.90..73925.90 rows=1236141 width=4) (actual time=2487.536..2487.536 rows=1353520 loops=1)
        Buckets: 131072  Batches: 32  Memory Usage: 2525kB
        ->  Seq Scan on title t  (cost=0.00..73925.90 rows=1236141 width=4) (actual time=0.021..1235.725 rows=1353520 loops=1)
              Filter: ((kind_id > 1) AND (production_year > 1993))
              Rows Removed by Filter: 1174792
Planning time: 0.496 ms
Execution time: 5123.662 ms
