Hash Join  (cost=101551.66..907108.53 rows=7754 width=0) (actual time=4902.176..13727.355 rows=30647 loops=1)
  Hash Cond: (ci.movie_id = t.id)
  ->  Seq Scan on cast_info ci  (cost=0.00..796071.18 rows=2508841 width=4) (actual time=3368.684..11241.880 rows=5102288 loops=1)
        Filter: ((person_id < 684703) AND (role_id = 1))
        Rows Removed by Filter: 31142056
  ->  Hash  (cost=101453.97..101453.97 rows=7815 width=8) (actual time=1532.989..1532.989 rows=8031 loops=1)
        Buckets: 8192  Batches: 1  Memory Usage: 378kB
        ->  Hash Join  (cost=74461.72..101453.97 rows=7815 width=8) (actual time=998.648..1529.397 rows=8031 loops=1)
              Hash Cond: (mi_idx.movie_id = t.id)
              ->  Seq Scan on movie_info_idx mi_idx  (cost=0.00..25185.44 rows=460978 width=4) (actual time=0.028..384.530 rows=459925 loops=1)
                    Filter: (info_type_id = 99)
                    Rows Removed by Filter: 920110
              ->  Hash  (cost=73925.90..73925.90 rows=42865 width=4) (actual time=997.980..997.980 rows=49850 loops=1)
                    Buckets: 65536  Batches: 1  Memory Usage: 2265kB
                    ->  Seq Scan on title t  (cost=0.00..73925.90 rows=42865 width=4) (actual time=0.030..977.716 rows=49850 loops=1)
                          Filter: ((kind_id > 1) AND (production_year = 2001))
                          Rows Removed by Filter: 2478462
Planning time: 1.190 ms
Execution time: 13733.106 ms
