Hash Join  (cost=709675.16..796334.29 rows=109 width=0) (actual time=10128.577..11433.305 rows=1 loops=1)
  Hash Cond: (mk.movie_id = t.id)
  ->  Seq Scan on movie_keyword mk  (cost=0.00..69693.30 rows=4523930 width=4) (actual time=0.015..957.403 rows=4523930 loops=1)
  ->  Hash  (cost=709674.40..709674.40 rows=61 width=8) (actual time=9720.111..9720.111 rows=1 loops=1)
        Buckets: 1024  Batches: 1  Memory Usage: 9kB
        ->  Nested Loop  (cost=0.43..709674.40 rows=61 width=8) (actual time=1291.545..9720.085 rows=1 loops=1)
              ->  Seq Scan on cast_info ci  (cost=0.00..705507.15 rows=500 width=4) (actual time=1291.416..9719.953 rows=2 loops=1)
                    Filter: (person_id = 3301518)
                    Rows Removed by Filter: 36244342
              ->  Index Scan using title_pkey on title t  (cost=0.43..8.32 rows=1 width=4) (actual time=0.054..0.055 rows=0 loops=2)
                    Index Cond: (id = ci.movie_id)
                    Filter: ((kind_id < 7) AND (production_year > 2007))
                    Rows Removed by Filter: 0
Planning time: 1.207 ms
Execution time: 11433.431 ms
