Nested Loop  (cost=0.43..83071.67 rows=246 width=0) (actual time=63.497..1108.014 rows=68 loops=1)
  ->  Seq Scan on movie_keyword mk  (cost=0.00..81003.12 rows=246 width=4) (actual time=63.404..1104.523 rows=68 loops=1)
        Filter: (keyword_id = 75861)
        Rows Removed by Filter: 4523862
  ->  Index Only Scan using title_pkey on title t  (cost=0.43..8.40 rows=1 width=4) (actual time=0.047..0.048 rows=1 loops=68)
        Index Cond: (id = mk.movie_id)
        Heap Fetches: 68
Planning time: 0.707 ms
Execution time: 1108.112 ms
