Hash Join  (cost=482211.66..1612019.03 rows=9345527 width=0) (actual time=9561.726..44969.193 rows=13094998 loops=1)
  Hash Cond: (ci.movie_id = t.id)
  ->  Seq Scan on cast_info ci  (cost=0.00..614943.12 rows=36225612 width=4) (actual time=0.011..13418.557 rows=36244344 loops=1)
  ->  Hash  (cost=471508.76..471508.76 rows=652312 width=8) (actual time=9558.982..9558.982 rows=943253 loops=1)
        Buckets: 131072  Batches: 16  Memory Usage: 3317kB
        ->  Hash Join  (cost=75071.77..471508.76 rows=652312 width=8) (actual time=2905.787..9295.201 rows=943253 loops=1)
              Hash Cond: (mi.movie_id = t.id)
              ->  Seq Scan on movie_info mi  (cost=0.00..346232.03 rows=3623957 width=4) (actual time=1593.320..5999.953 rows=3624977 loops=1)
                    Filter: (info_type_id < 4)
                    Rows Removed by Filter: 11210743
              ->  Hash  (cost=67604.59..67604.59 rows=455135 width=4) (actual time=1311.360..1311.360 rows=451569 loops=1)
                    Buckets: 131072  Batches: 8  Memory Usage: 3009kB
                    ->  Seq Scan on title t  (cost=0.00..67604.59 rows=455135 width=4) (actual time=0.020..1160.432 rows=451569 loops=1)
                          Filter: (production_year < 1976)
                          Rows Removed by Filter: 2076743
Planning time: 4.022 ms
Execution time: 46422.969 ms
