Seq Scan on cast_info ci  (cost=0.00..705507.15 rows=500 width=0) (actual time=6713.237..10948.832 rows=2 loops=1)
  Filter: (person_id = 1126409)
  Rows Removed by Filter: 36244342
Planning time: 0.347 ms
Execution time: 10948.936 ms
