Seq Scan on cast_info ci  (cost=0.00..796071.18 rows=2950583 width=0) (actual time=0.013..13348.974 rows=3881398 loops=1)
  Filter: ((person_id > 1119750) AND (role_id = 10))
  Rows Removed by Filter: 32362946
Planning time: 0.441 ms
Execution time: 13852.464 ms
