Hash Join  (cost=75342.47..154302.68 rows=78021 width=0) (actual time=1509.605..3308.388 rows=39462 loops=1)
  Hash Cond: (mc.movie_id = t.id)
  ->  Seq Scan on movie_companies mc  (cost=0.00..51404.11 rows=2286370 width=4) (actual time=0.029..1170.734 rows=2281003 loops=1)
        Filter: (company_id < 91142)
        Rows Removed by Filter: 328126
  ->  Hash  (cost=73925.90..73925.90 rows=86285 width=4) (actual time=1297.672..1297.672 rows=92628 loops=1)
        Buckets: 131072  Batches: 2  Memory Usage: 2653kB
        ->  Seq Scan on title t  (cost=0.00..73925.90 rows=86285 width=4) (actual time=98.814..1262.728 rows=92628 loops=1)
              Filter: ((kind_id = 7) AND (production_year = 2010))
              Rows Removed by Filter: 2435684
Planning time: 0.793 ms
Execution time: 3314.087 ms
