Hash Join  (cost=101194.45..154249.74 rows=651 width=0) (actual time=1597.479..2549.038 rows=4256 loops=1)
  Hash Cond: (mc.movie_id = t.id)
  ->  Seq Scan on movie_companies mc  (cost=0.00..51404.11 rows=438577 width=4) (actual time=0.025..862.527 rows=443652 loops=1)
        Filter: (company_id > 77853)
        Rows Removed by Filter: 2165477
  ->  Hash  (cost=101147.54..101147.54 rows=3753 width=8) (actual time=1596.154..1596.154 rows=7893 loops=1)
        Buckets: 8192 (originally 4096)  Batches: 1 (originally 1)  Memory Usage: 373kB
        ->  Hash Join  (cost=74181.07..101147.54 rows=3753 width=8) (actual time=1069.662..1592.458 rows=7893 loops=1)
              Hash Cond: (mi_idx.movie_id = t.id)
              ->  Seq Scan on movie_info_idx mi_idx  (cost=0.00..25185.44 rows=464934 width=4) (actual time=0.019..405.471 rows=460185 loops=1)
                    Filter: (info_type_id > 100)
                    Rows Removed by Filter: 919850
              ->  Hash  (cost=73925.90..73925.90 rows=20413 width=4) (actual time=1069.443..1069.443 rows=17357 loops=1)
                    Buckets: 32768  Batches: 1  Memory Usage: 867kB
                    ->  Seq Scan on title t  (cost=0.00..73925.90 rows=20413 width=4) (actual time=0.858..1061.680 rows=17357 loops=1)
                          Filter: ((kind_id < 7) AND (production_year = 2000))
                          Rows Removed by Filter: 2510955
Planning time: 1.224 ms
Execution time: 2550.126 ms
