Seq Scan on cast_info ci  (cost=0.00..705507.15 rows=32520702 width=0) (actual time=0.023..13155.345 rows=32513481 loops=1)
  Filter: (person_id < 3382121)
  Rows Removed by Filter: 3730863
Planning time: 0.321 ms
Execution time: 17186.112 ms
