Hash Join  (cost=176304.94..1370371.83 rows=15600979 width=0) (actual time=4730.260..43545.737 rows=34040326 loops=1)
  Hash Cond: (ci.movie_id = t.id)
  ->  Seq Scan on cast_info ci  (cost=0.00..614943.12 rows=36225612 width=4) (actual time=0.026..12159.295 rows=36244344 loops=1)
  ->  Hash  (cost=158439.20..158439.20 rows=1088939 width=8) (actual time=4729.266..4729.266 rows=1094400 loops=1)
        Buckets: 131072  Batches: 16  Memory Usage: 3707kB
        ->  Hash Join  (cost=100338.29..158439.20 rows=1088939 width=8) (actual time=2544.412..4326.048 rows=1094400 loops=1)
              Hash Cond: (mi_idx.movie_id = t.id)
              ->  Seq Scan on movie_info_idx mi_idx  (cost=0.00..21735.35 rows=1380035 width=4) (actual time=0.024..449.510 rows=1380035 loops=1)
              ->  Hash  (cost=67604.59..67604.59 rows=1995176 width=4) (actual time=2543.460..2543.460 rows=1990655 loops=1)
                    Buckets: 131072  Batches: 32  Memory Usage: 3218kB
                    ->  Seq Scan on title t  (cost=0.00..67604.59 rows=1995176 width=4) (actual time=0.033..1212.920 rows=1990655 loops=1)
                          Filter: (production_year > 1976)
                          Rows Removed by Filter: 537657
Planning time: 1.118 ms
Execution time: 47251.274 ms
