Seq Scan on movie_keyword mk  (cost=0.00..81003.12 rows=871972 width=0) (actual time=0.024..1219.934 rows=879751 loops=1)
  Filter: (keyword_id > 20964)
  Rows Removed by Filter: 3644179
Planning time: 3.316 ms
Execution time: 1331.919 ms
