Seq Scan on movie_keyword mk  (cost=0.00..81003.12 rows=1961728 width=0) (actual time=1.275..1571.426 rows=1965102 loops=1)
  Filter: (keyword_id > 6443)
  Rows Removed by Filter: 2558828
Planning time: 0.304 ms
Execution time: 1823.046 ms
