Hash Join  (cost=83073.08..137738.74 rows=14 width=0) (actual time=2003.251..2376.600 rows=1 loops=1)
  Hash Cond: (mc.movie_id = t.id)
  ->  Seq Scan on movie_companies mc  (cost=0.00..44881.29 rows=2609129 width=4) (actual time=0.025..616.079 rows=2609129 loops=1)
  ->  Hash  (cost=83072.90..83072.90 rows=14 width=8) (actual time=1271.447..1271.447 rows=1 loops=1)
        Buckets: 1024  Batches: 1  Memory Usage: 9kB
        ->  Nested Loop  (cost=0.43..83072.90 rows=14 width=8) (actual time=468.669..1271.439 rows=1 loops=1)
              ->  Seq Scan on movie_keyword mk  (cost=0.00..81003.12 rows=246 width=4) (actual time=8.657..1267.557 rows=42 loops=1)
                    Filter: (keyword_id = 5764)
                    Rows Removed by Filter: 4523888
              ->  Index Scan using title_pkey on title t  (cost=0.43..8.40 rows=1 width=4) (actual time=0.088..0.088 rows=0 loops=42)
                    Index Cond: (id = mk.movie_id)
                    Filter: ((kind_id > 6) AND (production_year > 2011))
                    Rows Removed by Filter: 1
Planning time: 2.333 ms
Execution time: 2376.758 ms
