Hash Join  (cost=133302.41..220142.82 rows=18237 width=0) (actual time=2002.599..3883.689 rows=91959 loops=1)
  Hash Cond: (mk.movie_id = t.id)
  ->  Seq Scan on movie_keyword mk  (cost=0.00..69693.30 rows=4523930 width=4) (actual time=0.036..989.879 rows=4523930 loops=1)
  ->  Hash  (cost=133175.00..133175.00 rows=10193 width=8) (actual time=2000.242..2000.242 rows=19942 loops=1)
        Buckets: 32768 (originally 16384)  Batches: 1 (originally 1)  Memory Usage: 1035kB
        ->  Hash Join  (cost=72956.84..133175.00 rows=10193 width=8) (actual time=1178.676..1993.860 rows=19942 loops=1)
              Hash Cond: (mc.movie_id = t.id)
              ->  Seq Scan on movie_companies mc  (cost=0.00..57926.93 rows=79012 width=4) (actual time=134.375..837.273 rows=153684 loops=1)
                    Filter: ((company_id > 130513) AND (company_type_id > 1))
                    Rows Removed by Filter: 2455445
              ->  Hash  (cost=67604.59..67604.59 rows=326180 width=4) (actual time=1043.244..1043.244 rows=323245 loops=1)
                    Buckets: 131072  Batches: 8  Memory Usage: 2437kB
                    ->  Seq Scan on title t  (cost=0.00..67604.59 rows=326180 width=4) (actual time=0.064..941.584 rows=323245 loops=1)
                          Filter: (production_year < 1967)
                          Rows Removed by Filter: 2205067
Planning time: 1.110 ms
Execution time: 3895.899 ms
