Hash Join  (cost=154105.81..971693.21 rows=117012 width=0) (actual time=11038.646..16338.787 rows=987515 loops=1)
  Hash Cond: (ci.movie_id = t.id)
  ->  Seq Scan on cast_info ci  (cost=0.00..796071.18 rows=1700827 width=4) (actual time=7892.166..11749.503 rows=2663558 loops=1)
        Filter: ((person_id > 3548965) AND (role_id > 1))
        Rows Removed by Filter: 33580786
  ->  Hash  (cost=151251.37..151251.37 rows=173955 width=8) (actual time=3145.289..3145.289 rows=269129 loops=1)
        Buckets: 131072  Batches: 4  Memory Usage: 3647kB
        ->  Hash Join  (cost=82423.69..151251.37 rows=173955 width=8) (actual time=1562.091..3063.092 rows=269129 loops=1)
              Hash Cond: (mc.movie_id = t.id)
              ->  Seq Scan on movie_companies mc  (cost=0.00..57926.93 rows=486987 width=4) (actual time=92.461..970.511 rows=804188 loops=1)
                    Filter: ((company_id > 17933) AND (company_type_id = 2))
                    Rows Removed by Filter: 1804941
              ->  Hash  (cost=67604.59..67604.59 rows=903208 width=4) (actual time=1468.899..1468.899 rows=904491 loops=1)
                    Buckets: 131072  Batches: 16  Memory Usage: 3010kB
                    ->  Seq Scan on title t  (cost=0.00..67604.59 rows=903208 width=4) (actual time=0.023..1186.757 rows=904491 loops=1)
                          Filter: (production_year > 2006)
                          Rows Removed by Filter: 1623821
Planning time: 1.222 ms
Execution time: 16458.507 ms
