Hash Join  (cost=152973.35..638171.96 rows=505368 width=0) (actual time=2674.246..13975.664 rows=500515 loops=1)
  Hash Cond: (mi.movie_id = t.id)
  ->  Seq Scan on movie_info mi  (cost=0.00..309384.22 rows=14739122 width=4) (actual time=0.020..5543.712 rows=14835720 loops=1)
  ->  Hash  (cost=151550.64..151550.64 rows=86697 width=8) (actual time=2672.278..2672.278 rows=46931 loops=1)
        Buckets: 131072  Batches: 2  Memory Usage: 1955kB
        ->  Hash Join  (cost=75305.14..151550.64 rows=86697 width=8) (actual time=803.566..2652.143 rows=46931 loops=1)
              Hash Cond: (mc.movie_id = t.id)
              ->  Seq Scan on movie_companies mc  (cost=0.00..44881.29 rows=2609129 width=4) (actual time=0.019..901.791 rows=2609129 loops=1)
              ->  Hash  (cost=73925.90..73925.90 rows=84019 width=4) (actual time=672.218..672.218 rows=92860 loops=1)
                    Buckets: 131072  Batches: 2  Memory Usage: 2656kB
                    ->  Seq Scan on title t  (cost=0.00..73925.90 rows=84019 width=4) (actual time=0.028..536.433 rows=92860 loops=1)
                          Filter: ((kind_id > 3) AND (production_year = 2009))
                          Rows Removed by Filter: 2435452
Planning time: 1.148 ms
Execution time: 14038.424 ms
