Seq Scan on movie_keyword mk  (cost=0.00..81003.12 rows=242192 width=0) (actual time=52.230..1189.969 rows=240987 loops=1)
  Filter: (keyword_id > 61704)
  Rows Removed by Filter: 4282943
Planning time: 0.344 ms
Execution time: 1222.198 ms
