Hash Join  (cost=167068.47..272764.90 rows=332001 width=0) (actual time=3848.655..8532.237 rows=9834190 loops=1)
  Hash Cond: (mk.movie_id = t.id)
  ->  Seq Scan on movie_keyword mk  (cost=0.00..81003.12 rows=1679546 width=4) (actual time=0.021..1611.379 rows=1689732 loops=1)
        Filter: (keyword_id > 8561)
        Rows Removed by Filter: 2834198
  ->  Hash  (cost=158867.70..158867.70 rows=499822 width=8) (actual time=3847.658..3847.658 rows=957407 loops=1)
        Buckets: 131072 (originally 131072)  Batches: 16 (originally 8)  Memory Usage: 3430kB
        ->  Hash Join  (cost=83810.17..158867.70 rows=499822 width=8) (actual time=1673.796..3556.556 rows=957407 loops=1)
              Hash Cond: (mc.movie_id = t.id)
              ->  Seq Scan on movie_companies mc  (cost=0.00..51404.11 rows=1279517 width=4) (actual time=285.510..1058.493 rows=1274246 loops=1)
                    Filter: (company_type_id < 2)
                    Rows Removed by Filter: 1334883
              ->  Hash  (cost=67604.59..67604.59 rows=987727 width=4) (actual time=1387.398..1387.398 rows=985048 loops=1)
                    Buckets: 131072  Batches: 16  Memory Usage: 3188kB
                    ->  Seq Scan on title t  (cost=0.00..67604.59 rows=987727 width=4) (actual time=0.025..1084.230 rows=985048 loops=1)
                          Filter: (kind_id < 7)
                          Rows Removed by Filter: 1543264
Planning time: 0.722 ms
Execution time: 9653.449 ms
