Hash Join  (cost=74530.28..856934.17 rows=373084 width=0) (actual time=1213.783..19482.988 rows=337039 loops=1)
  Hash Cond: (ci.movie_id = t.id)
  ->  Seq Scan on cast_info ci  (cost=0.00..705507.15 rows=19510906 width=4) (actual time=0.018..12258.015 rows=19674778 loops=1)
        Filter: (person_id > 1640528)
        Rows Removed by Filter: 16569566
  ->  Hash  (cost=73925.90..73925.90 rows=48350 width=4) (actual time=1213.358..1213.358 rows=53111 loops=1)
        Buckets: 65536  Batches: 1  Memory Usage: 2380kB
        ->  Seq Scan on title t  (cost=0.00..73925.90 rows=48350 width=4) (actual time=0.050..1191.140 rows=53111 loops=1)
              Filter: ((production_year < 2005) AND (kind_id = 2))
              Rows Removed by Filter: 2475201
Planning time: 0.717 ms
Execution time: 19533.505 ms
