Seq Scan on movie_companies mc  (cost=0.00..57926.93 rows=1080987 width=0) (actual time=436.882..1113.952 rows=1274246 loops=1)
  Filter: ((company_id < 81207) AND (company_type_id < 2))
  Rows Removed by Filter: 1334883
Planning time: 0.330 ms
Execution time: 1273.737 ms
