Hash Join  (cost=94706.90..244319.11 rows=2266217 width=0) (actual time=2083.973..5748.942 rows=562825 loops=1)
  Hash Cond: (mk.movie_id = t.id)
  ->  Seq Scan on movie_keyword mk  (cost=0.00..69693.30 rows=4523930 width=4) (actual time=0.025..1336.113 rows=4523930 loops=1)
  ->  Hash  (cost=73925.90..73925.90 rows=1266640 width=4) (actual time=2082.967..2082.967 rows=1348885 loops=1)
        Buckets: 131072  Batches: 32  Memory Usage: 2517kB
        ->  Seq Scan on title t  (cost=0.00..73925.90 rows=1266640 width=4) (actual time=0.019..1350.224 rows=1348885 loops=1)
              Filter: ((production_year > 1970) AND (kind_id = 7))
              Rows Removed by Filter: 1179427
Planning time: 0.760 ms
Execution time: 5814.394 ms
