Seq Scan on movie_companies mc  (cost=0.00..57926.93 rows=53 width=0) (actual time=82.957..862.253 rows=50 loops=1)
  Filter: ((company_type_id > 1) AND (company_id = 425))
  Rows Removed by Filter: 2609079
Planning time: 0.355 ms
Execution time: 862.379 ms
