Nested Loop  (cost=0.43..52283.95 rows=2 width=0) (actual time=652.930..868.557 rows=2 loops=1)
  ->  Seq Scan on movie_companies mc  (cost=0.00..51404.11 rows=104 width=4) (actual time=588.352..866.884 rows=78 loops=1)
        Filter: (company_id = 23430)
        Rows Removed by Filter: 2609051
  ->  Index Scan using title_pkey on title t  (cost=0.43..8.45 rows=1 width=4) (actual time=0.020..0.020 rows=0 loops=78)
        Index Cond: (id = mc.movie_id)
        Filter: (production_year = 2000)
        Rows Removed by Filter: 1
Planning time: 0.812 ms
Execution time: 868.678 ms
