Hash Join  (cost=91879.05..215219.76 rows=1036609 width=0) (actual time=2541.132..4409.451 rows=258654 loops=1)
  Hash Cond: (mk.movie_id = t.id)
  ->  Seq Scan on movie_keyword mk  (cost=0.00..81003.12 rows=2395330 width=4) (actual time=0.022..1575.395 rows=2389057 loops=1)
        Filter: (keyword_id > 3945)
        Rows Removed by Filter: 2134873
  ->  Hash  (cost=73925.90..73925.90 rows=1094252 width=4) (actual time=1652.710..1652.710 rows=1044222 loops=1)
        Buckets: 131072  Batches: 16  Memory Usage: 3325kB
        ->  Seq Scan on title t  (cost=0.00..73925.90 rows=1094252 width=4) (actual time=0.025..1311.845 rows=1044222 loops=1)
              Filter: ((production_year < 2009) AND (kind_id = 7))
              Rows Removed by Filter: 1484090
Planning time: 0.714 ms
Execution time: 4436.408 ms
