Seq Scan on movie_keyword mk  (cost=0.00..81003.12 rows=4379268 width=0) (actual time=0.023..991.946 rows=4380423 loops=1)
  Filter: (keyword_id < 74566)
  Rows Removed by Filter: 143507
Planning time: 0.311 ms
Execution time: 1386.264 ms
