Hash Join  (cost=101342.22..188199.59 rows=19933 width=0) (actual time=1719.775..3667.322 rows=242276 loops=1)
  Hash Cond: (mk.movie_id = t.id)
  ->  Seq Scan on movie_keyword mk  (cost=0.00..69693.30 rows=4523930 width=4) (actual time=0.023..1021.451 rows=4523930 loops=1)
  ->  Hash  (cost=101202.96..101202.96 rows=11141 width=8) (actual time=1719.358..1719.358 rows=23669 loops=1)
        Buckets: 32768 (originally 16384)  Batches: 1 (originally 1)  Memory Usage: 1181kB
        ->  Hash Join  (cost=74181.07..101202.96 rows=11141 width=8) (actual time=1060.455..1710.605 rows=23669 loops=1)
              Hash Cond: (mi_idx.movie_id = t.id)
              ->  Seq Scan on movie_info_idx mi_idx  (cost=0.00..21735.35 rows=1380035 width=4) (actual time=0.021..336.529 rows=1380035 loops=1)
              ->  Hash  (cost=73925.90..73925.90 rows=20413 width=4) (actual time=1060.068..1060.068 rows=17357 loops=1)
                    Buckets: 32768  Batches: 1  Memory Usage: 867kB
                    ->  Seq Scan on title t  (cost=0.00..73925.90 rows=20413 width=4) (actual time=0.262..1052.503 rows=17357 loops=1)
                          Filter: ((kind_id < 7) AND (production_year = 2000))
                          Rows Removed by Filter: 2510955
Planning time: 1.322 ms
Execution time: 3697.886 ms
