Hash Join  (cost=28268.09..125472.64 rows=188 width=0) (actual time=666.666..2687.368 rows=36735 loops=1)
  Hash Cond: (mk.movie_id = t.id)
  ->  Seq Scan on movie_keyword mk  (cost=0.00..81003.12 rows=4319879 width=4) (actual time=0.025..1642.255 rows=4318745 loops=1)
        Filter: (keyword_id < 67460)
        Rows Removed by Filter: 205185
  ->  Hash  (cost=28266.72..28266.72 rows=110 width=8) (actual time=441.296..441.296 rows=260 loops=1)
        Buckets: 1024  Batches: 1  Memory Usage: 19kB
        ->  Nested Loop  (cost=0.43..28266.72 rows=110 width=8) (actual time=165.966..441.179 rows=260 loops=1)
              ->  Seq Scan on movie_info_idx mi_idx  (cost=0.00..25185.44 rows=368 width=4) (actual time=165.916..434.835 rows=260 loops=1)
                    Filter: (info_type_id > 101)
                    Rows Removed by Filter: 1379775
              ->  Index Scan using title_pkey on title t  (cost=0.43..8.36 rows=1 width=4) (actual time=0.023..0.024 rows=1 loops=260)
                    Index Cond: (id = mi_idx.movie_id)
                    Filter: (kind_id < 3)
Planning time: 3.969 ms
Execution time: 2692.091 ms
