Hash Join  (cost=74199.63..456086.78 rows=80484 width=0) (actual time=1386.827..9831.623 rows=62146 loops=1)
  Hash Cond: (mi.movie_id = t.id)
  ->  Seq Scan on movie_info mi  (cost=0.00..346232.03 rows=9293409 width=4) (actual time=0.010..6433.361 rows=9425200 loops=1)
        Filter: (info_type_id > 5)
        Rows Removed by Filter: 5410520
  ->  Hash  (cost=73925.90..73925.90 rows=21898 width=4) (actual time=1386.208..1386.208 rows=24691 loops=1)
        Buckets: 32768  Batches: 1  Memory Usage: 1125kB
        ->  Seq Scan on title t  (cost=0.00..73925.90 rows=21898 width=4) (actual time=0.045..1369.969 rows=24691 loops=1)
              Filter: ((kind_id > 1) AND (production_year = 1994))
              Rows Removed by Filter: 2503621
Planning time: 0.767 ms
Execution time: 9841.810 ms
