Hash Join  (cost=69002.72..141275.02 rows=39681 width=0) (actual time=1163.310..2857.188 rows=35456 loops=1)
  Hash Cond: (mc.movie_id = t.id)
  ->  Seq Scan on movie_companies mc  (cost=0.00..57926.93 rows=1177481 width=4) (actual time=0.030..1208.976 rows=1266390 loops=1)
        Filter: ((company_id > 159) AND (company_type_id = 2))
        Rows Removed by Filter: 1342739
  ->  Hash  (cost=67604.59..67604.59 rows=85211 width=4) (actual time=1162.566..1162.566 rows=84593 loops=1)
        Buckets: 131072  Batches: 2  Memory Usage: 2518kB
        ->  Seq Scan on title t  (cost=0.00..67604.59 rows=85211 width=4) (actual time=0.035..1129.931 rows=84593 loops=1)
              Filter: (production_year = 2004)
              Rows Removed by Filter: 2443719
Planning time: 0.708 ms
Execution time: 2862.633 ms
