Hash Join  (cost=129252.22..257295.68 rows=495843 width=0) (actual time=2847.487..7720.694 rows=6981806 loops=1)
  Hash Cond: (mk.movie_id = t.id)
  ->  Seq Scan on movie_keyword mk  (cost=0.00..69693.30 rows=4523930 width=4) (actual time=0.023..1533.441 rows=4523930 loops=1)
  ->  Hash  (cost=124704.99..124704.99 rows=277138 width=8) (actual time=2846.701..2846.701 rows=550776 loops=1)
        Buckets: 131072 (originally 131072)  Batches: 8 (originally 4)  Memory Usage: 3739kB
        ->  Hash Join  (cost=82257.13..124704.99 rows=277138 width=8) (actual time=1360.304..2681.839 rows=550776 loops=1)
              Hash Cond: (mi_idx.movie_id = t.id)
              ->  Seq Scan on movie_info_idx mi_idx  (cost=0.00..21735.35 rows=1380035 width=4) (actual time=0.020..467.854 rows=1380035 loops=1)
              ->  Hash  (cost=73925.90..73925.90 rows=507778 width=4) (actual time=1359.539..1359.539 rows=524129 loops=1)
                    Buckets: 131072  Batches: 8  Memory Usage: 3340kB
                    ->  Seq Scan on title t  (cost=0.00..73925.90 rows=507778 width=4) (actual time=5.949..1207.550 rows=524129 loops=1)
                          Filter: ((kind_id < 2) AND (production_year < 2010))
                          Rows Removed by Filter: 2004183
Planning time: 1.156 ms
Execution time: 8470.817 ms
