Hash Join  (cost=114308.20..920067.73 rows=43911 width=0) (actual time=2336.070..14075.926 rows=49032 loops=1)
  Hash Cond: (ci.movie_id = t.id)
  ->  Seq Scan on cast_info ci  (cost=0.00..796071.18 rows=2466466 width=4) (actual time=0.020..11335.729 rows=1031241 loops=1)
        Filter: ((person_id < 352655) AND (role_id > 1))
        Rows Removed by Filter: 35213103
  ->  Hash  (cost=113745.51..113745.51 rows=45015 width=8) (actual time=2334.474..2334.474 rows=79428 loops=1)
        Buckets: 131072 (originally 65536)  Batches: 2 (originally 1)  Memory Usage: 3073kB
        ->  Hash Join  (cost=75279.88..113745.51 rows=45015 width=8) (actual time=1566.927..2304.353 rows=79428 loops=1)
              Hash Cond: (mi_idx.movie_id = t.id)
              ->  Seq Scan on movie_info_idx mi_idx  (cost=0.00..21735.35 rows=1380035 width=4) (actual time=0.021..488.786 rows=1380035 loops=1)
              ->  Hash  (cost=73925.90..73925.90 rows=82478 width=4) (actual time=1328.330..1328.330 rows=114795 loops=1)
                    Buckets: 131072  Batches: 2  Memory Usage: 3042kB
                    ->  Seq Scan on title t  (cost=0.00..73925.90 rows=82478 width=4) (actual time=362.643..1288.457 rows=114795 loops=1)
                          Filter: ((production_year > 1987) AND (kind_id = 4))
                          Rows Removed by Filter: 2413517
Planning time: 1.188 ms
Execution time: 14082.987 ms
