Seq Scan on movie_companies mc  (cost=0.00..51404.11 rows=104 width=0) (actual time=31.499..774.141 rows=15 loops=1)
  Filter: (company_id = 20444)
  Rows Removed by Filter: 2609114
Planning time: 0.376 ms
Execution time: 774.232 ms
