Seq Scan on movie_keyword mk  (cost=0.00..81003.12 rows=246 width=0) (actual time=2.095..1257.873 rows=18 loops=1)
  Filter: (keyword_id = 49103)
  Rows Removed by Filter: 4523912
Planning time: 0.344 ms
Execution time: 1257.971 ms
