Seq Scan on movie_keyword mk  (cost=0.00..81003.12 rows=3812860 width=0) (actual time=0.015..1687.640 rows=3807687 loops=1)
  Filter: (keyword_id < 26295)
  Rows Removed by Filter: 716243
Planning time: 0.216 ms
Execution time: 2157.771 ms
