Hash Join  (cost=161925.84..964516.99 rows=651997 width=0) (actual time=2667.032..21281.535 rows=882516 loops=1)
  Hash Cond: (ci.movie_id = t.id)
  ->  Seq Scan on cast_info ci  (cost=0.00..614943.12 rows=36225612 width=4) (actual time=0.022..9325.769 rows=36244344 loops=1)
  ->  Hash  (cost=161356.98..161356.98 rows=45509 width=8) (actual time=2666.271..2666.271 rows=30629 loops=1)
        Buckets: 65536  Batches: 1  Memory Usage: 1709kB
        ->  Hash Join  (cost=74243.85..161356.98 rows=45509 width=8) (actual time=825.664..2655.815 rows=30629 loops=1)
              Hash Cond: (mk.movie_id = t.id)
              ->  Seq Scan on movie_keyword mk  (cost=0.00..69693.30 rows=4523930 width=4) (actual time=0.018..939.903 rows=4523930 loops=1)
              ->  Hash  (cost=73925.90..73925.90 rows=25436 width=4) (actual time=823.985..823.985 rows=28946 loops=1)
                    Buckets: 32768  Batches: 1  Memory Usage: 1274kB
                    ->  Seq Scan on title t  (cost=0.00..73925.90 rows=25436 width=4) (actual time=0.056..814.281 rows=28946 loops=1)
                          Filter: ((kind_id > 2) AND (production_year = 1996))
                          Rows Removed by Filter: 2499366
Planning time: 1.159 ms
Execution time: 21401.614 ms
