Seq Scan on movie_companies mc  (cost=0.00..57926.93 rows=863656 width=0) (actual time=0.029..1127.202 rows=677737 loops=1)
  Filter: ((company_id > 2248) AND (company_type_id < 2))
  Rows Removed by Filter: 1931392
Planning time: 0.297 ms
Execution time: 1210.566 ms
