Hash Join  (cost=209142.15..748225.99 rows=5555491 width=0) (actual time=4995.949..23395.548 rows=16933435 loops=1)
  Hash Cond: (mi.movie_id = t.id)
  ->  Seq Scan on movie_info mi  (cost=0.00..309384.22 rows=14739122 width=4) (actual time=0.019..6392.401 rows=14835720 loops=1)
  ->  Hash  (cost=193505.95..193505.95 rows=953056 width=8) (actual time=4995.147..4995.147 rows=1119668 loops=1)
        Buckets: 131072  Batches: 16  Memory Usage: 3766kB
        ->  Hash Join  (cost=102767.86..193505.95 rows=953056 width=8) (actual time=2200.418..4654.101 rows=1119668 loops=1)
              Hash Cond: (mc.movie_id = t.id)
              ->  Seq Scan on movie_companies mc  (cost=0.00..57926.93 rows=953056 width=4) (actual time=0.027..1108.334 rows=1119668 loops=1)
                    Filter: ((company_id > 1427) AND (company_type_id > 1))
                    Rows Removed by Filter: 1489461
              ->  Hash  (cost=61283.27..61283.27 rows=2528527 width=4) (actual time=2198.727..2198.727 rows=2528312 loops=1)
                    Buckets: 131072  Batches: 64  Memory Usage: 2415kB
                    ->  Seq Scan on title t  (cost=0.00..61283.27 rows=2528527 width=4) (actual time=0.018..1094.687 rows=2528312 loops=1)
Planning time: 0.878 ms
Execution time: 25296.487 ms
