Hash Join  (cost=97835.13..178610.46 rows=570646 width=0) (actual time=3067.776..3932.245 rows=289370 loops=1)
  Hash Cond: (mc.movie_id = t.id)
  ->  Seq Scan on movie_companies mc  (cost=0.00..57926.93 rows=990116 width=4) (actual time=0.015..1197.378 rows=1148612 loops=1)
        Filter: ((company_id > 958) AND (company_type_id = 2))
        Rows Removed by Filter: 1460517
  ->  Hash  (cost=73925.90..73925.90 rows=1457298 width=4) (actual time=1890.150..1890.150 rows=1438183 loops=1)
        Buckets: 131072  Batches: 32  Memory Usage: 2604kB
        ->  Seq Scan on title t  (cost=0.00..73925.90 rows=1457298 width=4) (actual time=0.025..1430.954 rows=1438183 loops=1)
              Filter: ((production_year < 2013) AND (kind_id = 7))
              Rows Removed by Filter: 1090129
Planning time: 1.758 ms
Execution time: 3966.090 ms
