Hash Join  (cost=191078.36..326982.35 rows=1140995 width=0) (actual time=4721.456..7658.068 rows=892474 loops=1)
  Hash Cond: (mk.movie_id = t.id)
  ->  Seq Scan on movie_keyword mk  (cost=0.00..69693.30 rows=4523930 width=4) (actual time=0.029..1410.824 rows=4523930 loops=1)
  ->  Hash  (cost=180614.76..180614.76 rows=637728 width=8) (actual time=4135.697..4135.697 rows=314718 loops=1)
        Buckets: 131072  Batches: 16  Memory Usage: 1785kB
        ->  Hash Join  (cost=97816.89..180614.76 rows=637728 width=8) (actual time=2306.233..4043.894 rows=314718 loops=1)
              Hash Cond: (mc.movie_id = t.id)
              ->  Seq Scan on movie_companies mc  (cost=0.00..57926.93 rows=1107374 width=4) (actual time=422.354..1253.551 rows=1274246 loops=1)
                    Filter: ((company_id < 87602) AND (company_type_id = 1))
                    Rows Removed by Filter: 1334883
              ->  Hash  (cost=73925.90..73925.90 rows=1456159 width=4) (actual time=1882.326..1882.326 rows=1478439 loops=1)
                    Buckets: 131072  Batches: 32  Memory Usage: 2651kB
                    ->  Seq Scan on title t  (cost=0.00..73925.90 rows=1456159 width=4) (actual time=0.026..1405.456 rows=1478439 loops=1)
                          Filter: ((production_year > 1916) AND (kind_id = 7))
                          Rows Removed by Filter: 1049873
Planning time: 1.178 ms
Execution time: 7763.845 ms
