Seq Scan on movie_companies mc  (cost=0.00..57926.93 rows=53 width=0) (actual time=87.285..880.120 rows=337 loops=1)
  Filter: ((company_type_id > 1) AND (company_id = 610))
  Rows Removed by Filter: 2608792
Planning time: 0.342 ms
Execution time: 880.269 ms
