Seq Scan on movie_keyword mk  (cost=0.00..81003.12 rows=246 width=0) (actual time=2.177..1252.767 rows=239 loops=1)
  Filter: (keyword_id = 3545)
  Rows Removed by Filter: 4523691
Planning time: 0.372 ms
Execution time: 1252.976 ms
