Nested Loop  (cost=0.43..68608.15 rows=1600 width=0) (actual time=3.333..975.530 rows=2048 loops=1)
  ->  Seq Scan on movie_companies mc  (cost=0.00..51404.11 rows=2174 width=4) (actual time=3.280..888.680 rows=2164 loops=1)
        Filter: (company_id = 439)
        Rows Removed by Filter: 2606965
  ->  Index Scan using title_pkey on title t  (cost=0.43..7.90 rows=1 width=4) (actual time=0.038..0.039 rows=1 loops=2164)
        Index Cond: (id = mc.movie_id)
        Filter: (kind_id > 1)
        Rows Removed by Filter: 0
Planning time: 0.710 ms
Execution time: 976.258 ms
