Hash Join  (cost=151670.85..918079.55 rows=14668 width=0) (actual time=2644.802..19170.016 rows=39608 loops=1)
  Hash Cond: (ci.movie_id = t.id)
  ->  Seq Scan on cast_info ci  (cost=0.00..705507.15 rows=16201301 width=4) (actual time=0.029..13982.577 rows=16121683 loops=1)
        Filter: (role_id > 2)
        Rows Removed by Filter: 20122661
  ->  Hash  (cost=151642.23..151642.23 rows=2289 width=8) (actual time=2638.987..2638.987 rows=4226 loops=1)
        Buckets: 8192 (originally 4096)  Batches: 1 (originally 1)  Memory Usage: 230kB
        ->  Hash Join  (cost=67697.55..151642.23 rows=2289 width=8) (actual time=1181.598..2636.953 rows=4226 loops=1)
              Hash Cond: (mk.movie_id = t.id)
              ->  Seq Scan on movie_keyword mk  (cost=0.00..81003.12 rows=778312 width=4) (actual time=0.025..1293.894 rows=779380 loops=1)
                    Filter: (keyword_id < 745)
                    Rows Removed by Filter: 3744550
              ->  Hash  (cost=67604.59..67604.59 rows=7437 width=4) (actual time=1181.296..1181.296 rows=13711 loops=1)
                    Buckets: 16384 (originally 8192)  Batches: 1 (originally 1)  Memory Usage: 611kB
                    ->  Seq Scan on title t  (cost=0.00..67604.59 rows=7437 width=4) (actual time=0.032..1174.575 rows=13711 loops=1)
                          Filter: (production_year = 1966)
                          Rows Removed by Filter: 2514601
Planning time: 1.136 ms
Execution time: 19177.062 ms
