Seq Scan on cast_info ci  (cost=0.00..796071.18 rows=131 width=0) (actual time=4330.518..13215.574 rows=4 loops=1)
  Filter: ((role_id > 4) AND (person_id = 2869347))
  Rows Removed by Filter: 36244340
Planning time: 0.396 ms
Execution time: 13215.701 ms
