Seq Scan on cast_info ci  (cost=0.00..796071.18 rows=4170527 width=0) (actual time=7837.911..13158.824 rows=2644529 loops=1)
  Filter: ((person_id < 2073174) AND (role_id = 2))
  Rows Removed by Filter: 33599815
Planning time: 0.411 ms
Execution time: 13476.215 ms
