Hash Join  (cost=75553.24..114174.85 rows=54113 width=0) (actual time=1352.627..2254.160 rows=28542 loops=1)
  Hash Cond: (mi_idx.movie_id = t.id)
  ->  Seq Scan on movie_info_idx mi_idx  (cost=0.00..21735.35 rows=1380035 width=4) (actual time=0.014..434.533 rows=1380035 loops=1)
  ->  Hash  (cost=73925.90..73925.90 rows=99147 width=4) (actual time=1351.662..1351.662 rows=104093 loops=1)
        Buckets: 131072  Batches: 2  Memory Usage: 2855kB
        ->  Seq Scan on title t  (cost=0.00..73925.90 rows=99147 width=4) (actual time=0.040..1312.153 rows=104093 loops=1)
              Filter: ((kind_id > 2) AND (production_year = 2010))
              Rows Removed by Filter: 2424219
Planning time: 5.322 ms
Execution time: 2258.396 ms
