Seq Scan on movie_keyword mk  (cost=0.00..81003.12 rows=767601 width=0) (actual time=0.025..1332.667 rows=775859 loops=1)
  Filter: (keyword_id > 24307)
  Rows Removed by Filter: 3748071
Planning time: 0.299 ms
Execution time: 1428.861 ms
