Seq Scan on cast_info ci  (cost=0.00..796071.18 rows=324 width=0) (actual time=52.549..14726.530 rows=362 loops=1)
  Filter: ((role_id > 1) AND (person_id = 1477508))
  Rows Removed by Filter: 36243982
Planning time: 0.966 ms
Execution time: 14726.705 ms
