Seq Scan on movie_keyword mk  (cost=0.00..81003.12 rows=1353605 width=0) (actual time=0.027..1476.669 rows=1364538 loops=1)
  Filter: (keyword_id > 12266)
  Rows Removed by Filter: 3159392
Planning time: 0.303 ms
Execution time: 1650.061 ms
