Seq Scan on movie_keyword mk  (cost=0.00..81003.12 rows=4071549 width=0) (actual time=0.025..1699.821 rows=4073370 loops=1)
  Filter: (keyword_id < 39381)
  Rows Removed by Filter: 450560
Planning time: 0.336 ms
Execution time: 2206.097 ms
