Hash Join  (cost=190230.21..350686.25 rows=2374864 width=0) (actual time=4273.505..10965.110 rows=10020981 loops=1)
  Hash Cond: (mk.movie_id = t.id)
  ->  Seq Scan on movie_keyword mk  (cost=0.00..81003.12 rows=4351272 width=4) (actual time=0.017..1796.670 rows=4356423 loops=1)
        Filter: (keyword_id < 72277)
        Rows Removed by Filter: 167507
  ->  Hash  (cost=167588.78..167588.78 rows=1380035 width=8) (actual time=4272.484..4272.484 rows=1380035 loops=1)
        Buckets: 131072  Batches: 32  Memory Usage: 2726kB
        ->  Hash Join  (cost=102767.86..167588.78 rows=1380035 width=8) (actual time=1948.818..3894.025 rows=1380035 loops=1)
              Hash Cond: (mi_idx.movie_id = t.id)
              ->  Seq Scan on movie_info_idx mi_idx  (cost=0.00..21735.35 rows=1380035 width=4) (actual time=0.037..538.120 rows=1380035 loops=1)
              ->  Hash  (cost=61283.27..61283.27 rows=2528527 width=4) (actual time=1947.182..1947.182 rows=2528312 loops=1)
                    Buckets: 131072  Batches: 64  Memory Usage: 2415kB
                    ->  Seq Scan on title t  (cost=0.00..61283.27 rows=2528527 width=4) (actual time=1.887..1131.062 rows=2528312 loops=1)
Planning time: 1.162 ms
Execution time: 12015.168 ms
