Seq Scan on cast_info ci  (cost=0.00..796071.18 rows=2515444 width=0) (actual time=0.028..15992.683 rows=2728943 loops=1)
  Filter: ((person_id < 3508900) AND (role_id = 4))
  Rows Removed by Filter: 33515401
Planning time: 0.374 ms
Execution time: 16341.067 ms
