Hash Join  (cost=123473.14..545672.28 rows=666255 width=0) (actual time=3509.851..11875.021 rows=1991671 loops=1)
  Hash Cond: (mi.movie_id = t.id)
  ->  Seq Scan on movie_info mi  (cost=0.00..346232.03 rows=5897221 width=4) (actual time=747.507..6107.507 rows=5884963 loops=1)
        Filter: (info_type_id < 7)
        Rows Removed by Filter: 8950757
  ->  Hash  (cost=118786.30..118786.30 rows=285667 width=8) (actual time=2751.786..2751.786 rows=328739 loops=1)
        Buckets: 131072 (originally 131072)  Batches: 8 (originally 4)  Memory Usage: 3073kB
        ->  Hash Join  (cost=76192.15..118786.30 rows=285667 width=8) (actual time=1456.974..2650.213 rows=328739 loops=1)
              Hash Cond: (mi_idx.movie_id = t.id)
              ->  Seq Scan on movie_info_idx mi_idx  (cost=0.00..21735.35 rows=1380035 width=4) (actual time=0.037..442.927 rows=1380035 loops=1)
              ->  Hash  (cost=67604.59..67604.59 rows=523405 width=4) (actual time=1456.088..1456.088 rows=523734 loops=1)
                    Buckets: 131072  Batches: 8  Memory Usage: 3319kB
                    ->  Seq Scan on title t  (cost=0.00..67604.59 rows=523405 width=4) (actual time=0.018..1284.529 rows=523734 loops=1)
                          Filter: (production_year < 1981)
                          Rows Removed by Filter: 2004578
Planning time: 3.894 ms
Execution time: 12106.579 ms
