Hash Join  (cost=103492.83..190868.41 rows=71754 width=0) (actual time=2030.385..3956.195 rows=531651 loops=1)
  Hash Cond: (mk.movie_id = t.id)
  ->  Seq Scan on movie_keyword mk  (cost=0.00..69693.30 rows=4523930 width=4) (actual time=0.024..949.608 rows=4523930 loops=1)
  ->  Hash  (cost=102991.52..102991.52 rows=40105 width=8) (actual time=2029.356..2029.356 rows=39904 loops=1)
        Buckets: 65536  Batches: 1  Memory Usage: 2071kB
        ->  Hash Join  (cost=71214.36..102991.52 rows=40105 width=8) (actual time=1287.649..2013.585 rows=39904 loops=1)
              Hash Cond: (mi_idx.movie_id = t.id)
              ->  Seq Scan on movie_info_idx mi_idx  (cost=0.00..25185.44 rows=460978 width=4) (actual time=0.020..463.332 rows=459925 loops=1)
                    Filter: (info_type_id < 100)
                    Rows Removed by Filter: 920110
              ->  Hash  (cost=67604.59..67604.59 rows=219982 width=4) (actual time=1283.882..1283.882 rows=221115 loops=1)
                    Buckets: 131072  Batches: 4  Memory Usage: 2967kB
                    ->  Seq Scan on title t  (cost=0.00..67604.59 rows=219982 width=4) (actual time=0.027..1206.877 rows=221115 loops=1)
                          Filter: (production_year < 1958)
                          Rows Removed by Filter: 2307197
Planning time: 1.119 ms
Execution time: 4023.561 ms
