Hash Join  (cost=171421.85..962366.79 rows=204069 width=0) (actual time=3413.915..22938.213 rows=590301 loops=1)
  Hash Cond: (ci.movie_id = t.id)
  ->  Seq Scan on cast_info ci  (cost=0.00..705507.15 rows=22239227 width=4) (actual time=0.013..13030.053 rows=22284426 loops=1)
        Filter: (person_id > 1375990)
        Rows Removed by Filter: 13959918
  ->  Hash  (cost=171131.83..171131.83 rows=23202 width=8) (actual time=3413.687..3413.687 rows=42064 loops=1)
        Buckets: 65536 (originally 32768)  Batches: 1 (originally 1)  Memory Usage: 2156kB
        ->  Hash Join  (cost=102767.86..171131.83 rows=23202 width=8) (actual time=2080.123..3398.298 rows=42064 loops=1)
              Hash Cond: (mc.movie_id = t.id)
              ->  Seq Scan on movie_companies mc  (cost=0.00..57926.93 rows=23202 width=4) (actual time=98.802..1002.582 rows=42064 loops=1)
                    Filter: ((company_type_id < 2) AND (company_id = 19))
                    Rows Removed by Filter: 2567065
              ->  Hash  (cost=61283.27..61283.27 rows=2528527 width=4) (actual time=1980.608..1980.608 rows=2528312 loops=1)
                    Buckets: 131072  Batches: 64  Memory Usage: 2415kB
                    ->  Seq Scan on title t  (cost=0.00..61283.27 rows=2528527 width=4) (actual time=0.025..1160.955 rows=2528312 loops=1)
Planning time: 1.113 ms
Execution time: 23016.354 ms
