Hash Join  (cost=81925.97..163911.97 rows=503148 width=0) (actual time=1834.260..4015.959 rows=298870 loops=1)
  Hash Cond: (mc.movie_id = t.id)
  ->  Seq Scan on movie_companies mc  (cost=0.00..44881.29 rows=2609129 width=4) (actual time=0.022..825.591 rows=2609129 loops=1)
  ->  Hash  (cost=73925.90..73925.90 rows=487605 width=4) (actual time=1833.412..1833.412 rows=501779 loops=1)
        Buckets: 131072  Batches: 8  Memory Usage: 3231kB
        ->  Seq Scan on title t  (cost=0.00..73925.90 rows=487605 width=4) (actual time=0.017..1314.664 rows=501779 loops=1)
              Filter: ((kind_id > 1) AND (production_year > 2008))
              Rows Removed by Filter: 2026533
Planning time: 0.691 ms
Execution time: 4050.317 ms
