Hash Join  (cost=84618.84..156924.92 rows=334603 width=0) (actual time=1561.033..3372.094 rows=624599 loops=1)
  Hash Cond: (mc.movie_id = t.id)
  ->  Seq Scan on movie_companies mc  (cost=0.00..51404.11 rows=1298115 width=4) (actual time=0.029..851.746 rows=1289537 loops=1)
        Filter: (company_id < 11245)
        Rows Removed by Filter: 1319592
  ->  Hash  (cost=73925.90..73925.90 rows=651755 width=4) (actual time=1559.967..1559.967 rows=711179 loops=1)
        Buckets: 131072  Batches: 16  Memory Usage: 2590kB
        ->  Seq Scan on title t  (cost=0.00..73925.90 rows=651755 width=4) (actual time=5.166..1334.137 rows=711179 loops=1)
              Filter: ((kind_id < 7) AND (production_year < 2008))
              Rows Removed by Filter: 1817133
Planning time: 0.708 ms
Execution time: 3454.044 ms
