Seq Scan on movie_companies mc  (cost=0.00..51404.11 rows=271386 width=0) (actual time=43.520..826.532 rows=273210 loops=1)
  Filter: (company_id > 96965)
  Rows Removed by Filter: 2335919
Planning time: 0.301 ms
Execution time: 860.771 ms
