Seq Scan on cast_info ci  (cost=0.00..705507.15 rows=28133333 width=0) (actual time=0.015..13293.397 rows=28281224 loops=1)
  Filter: (person_id > 778372)
  Rows Removed by Filter: 7963120
Planning time: 1.280 ms
Execution time: 16821.330 ms
