Seq Scan on movie_keyword mk  (cost=0.00..81003.12 rows=246 width=0) (actual time=0.535..1185.274 rows=771 loops=1)
  Filter: (keyword_id = 3818)
  Rows Removed by Filter: 4523159
Planning time: 0.366 ms
Execution time: 1185.620 ms
