Seq Scan on movie_keyword mk  (cost=0.00..81003.12 rows=2296055 width=0) (actual time=0.025..1490.016 rows=2297513 loops=1)
  Filter: (keyword_id < 4925)
  Rows Removed by Filter: 2226417
Planning time: 0.332 ms
Execution time: 1783.772 ms
