Seq Scan on cast_info ci  (cost=0.00..705507.15 rows=12542191 width=0) (actual time=0.433..10527.748 rows=12476304 loops=1)
  Filter: (person_id < 1230136)
  Rows Removed by Filter: 23768040
Planning time: 0.318 ms
Execution time: 12006.042 ms
