Hash Join  (cost=536696.81..1479777.58 rows=7513761 width=0) (actual time=14878.335..41469.101 rows=31241100 loops=1)
  Hash Cond: (ci.movie_id = t.id)
  ->  Seq Scan on cast_info ci  (cost=0.00..705507.15 rows=12203201 width=4) (actual time=2397.325..14429.155 rows=12113646 loops=1)
        Filter: (role_id > 3)
        Rows Removed by Filter: 24130698
  ->  Hash  (cost=511153.99..511153.99 rows=1556866 width=8) (actual time=12479.142..12479.142 rows=3438417 loops=1)
        Buckets: 131072 (originally 131072)  Batches: 64 (originally 32)  Memory Usage: 3133kB
        ->  Hash Join  (cost=78556.72..511153.99 rows=1556866 width=8) (actual time=1326.052..11398.302 rows=3438417 loops=1)
              Hash Cond: (mi.movie_id = t.id)
              ->  Seq Scan on movie_info mi  (cost=0.00..346232.03 rows=5897221 width=4) (actual time=0.028..5988.101 rows=5884963 loops=1)
                    Filter: (info_type_id < 7)
                    Rows Removed by Filter: 8950757
              ->  Hash  (cost=67604.59..67604.59 rows=667531 width=4) (actual time=1325.225..1325.225 rows=662825 loops=1)
                    Buckets: 131072  Batches: 16  Memory Usage: 2485kB
                    ->  Seq Scan on title t  (cost=0.00..67604.59 rows=667531 width=4) (actual time=0.021..1129.025 rows=662825 loops=1)
                          Filter: (kind_id = 1)
                          Rows Removed by Filter: 1865487
Planning time: 1.130 ms
Execution time: 44905.469 ms
