Nested Loop  (cost=0.43..28266.72 rows=97 width=0) (actual time=278.243..386.429 rows=260 loops=1)
  ->  Seq Scan on movie_info_idx mi_idx  (cost=0.00..25185.44 rows=368 width=4) (actual time=278.158..378.800 rows=260 loops=1)
        Filter: (info_type_id > 101)
        Rows Removed by Filter: 1379775
  ->  Index Scan using title_pkey on title t  (cost=0.43..8.36 rows=1 width=4) (actual time=0.028..0.029 rows=1 loops=260)
        Index Cond: (id = mi_idx.movie_id)
        Filter: (kind_id < 2)
Planning time: 0.741 ms
Execution time: 386.617 ms
