Hash Join  (cost=162514.62..563054.05 rows=74843 width=0) (actual time=1530.194..10398.267 rows=715723 loops=1)
  Hash Cond: (mi.movie_id = t.id)
  ->  Seq Scan on movie_info mi  (cost=0.00..346232.03 rows=14282391 width=4) (actual time=0.020..6426.057 rows=14308956 loops=1)
        Filter: (info_type_id < 103)
        Rows Removed by Filter: 526764
  ->  Hash  (cost=162349.00..162349.00 rows=13250 width=8) (actual time=1303.772..1303.772 rows=10528 loops=1)
        Buckets: 16384  Batches: 1  Memory Usage: 540kB
        ->  Nested Loop  (cost=0.43..162349.00 rows=13250 width=8) (actual time=212.225..1299.173 rows=10528 loops=1)
              ->  Seq Scan on movie_keyword mk  (cost=0.00..81003.12 rows=13250 width=4) (actual time=212.133..1170.032 rows=10528 loops=1)
                    Filter: (keyword_id > 124639)
                    Rows Removed by Filter: 4513402
              ->  Index Only Scan using title_pkey on title t  (cost=0.43..6.13 rows=1 width=4) (actual time=0.011..0.012 rows=1 loops=10528)
                    Index Cond: (id = mk.movie_id)
                    Heap Fetches: 10528
Planning time: 3.229 ms
Execution time: 10495.015 ms
