Nested Loop  (cost=0.43..755813.74 rows=7245 width=0) (actual time=2651.953..11256.411 rows=1816 loops=1)
  ->  Seq Scan on cast_info ci  (cost=0.00..705507.15 rows=7245 width=4) (actual time=2651.787..11234.794 rows=1816 loops=1)
        Filter: (person_id = 703702)
        Rows Removed by Filter: 36242528
  ->  Index Only Scan using title_pkey on title t  (cost=0.43..6.93 rows=1 width=4) (actual time=0.011..0.011 rows=1 loops=1816)
        Index Cond: (id = ci.movie_id)
        Heap Fetches: 1816
Planning time: 0.659 ms
Execution time: 11256.875 ms
