Hash Join  (cost=88803.89..625011.35 rows=5285853 width=0) (actual time=1521.606..17691.167 rows=9247084 loops=1)
  Hash Cond: (mi.movie_id = t.id)
  ->  Seq Scan on movie_info mi  (cost=0.00..309384.22 rows=14739122 width=4) (actual time=0.016..6061.301 rows=14835720 loops=1)
  ->  Hash  (cost=73925.90..73925.90 rows=906799 width=4) (actual time=1520.707..1520.707 rows=836680 loops=1)
        Buckets: 131072  Batches: 16  Memory Usage: 2873kB
        ->  Seq Scan on title t  (cost=0.00..73925.90 rows=906799 width=4) (actual time=0.035..1249.142 rows=836680 loops=1)
              Filter: ((kind_id < 7) AND (production_year > 1939))
              Rows Removed by Filter: 1691632
Planning time: 0.545 ms
Execution time: 18782.690 ms
