Hash Join  (cost=439959.48..1425167.52 rows=800888 width=0) (actual time=7053.599..32065.797 rows=6069663 loops=1)
  Hash Cond: (ci.movie_id = t.id)
  ->  Seq Scan on cast_info ci  (cost=0.00..614943.12 rows=36225612 width=4) (actual time=0.024..9081.389 rows=36244344 loops=1)
  ->  Hash  (cost=439260.72..439260.72 rows=55901 width=8) (actual time=7052.680..7052.680 rows=89484 loops=1)
        Buckets: 131072 (originally 65536)  Batches: 2 (originally 1)  Memory Usage: 3073kB
        ->  Hash Join  (cost=74045.78..439260.72 rows=55901 width=8) (actual time=542.800..7014.507 rows=89484 loops=1)
              Hash Cond: (mi.movie_id = t.id)
              ->  Seq Scan on movie_info mi  (cost=0.00..309384.22 rows=14739122 width=4) (actual time=0.175..3739.427 rows=14835720 loops=1)
              ->  Hash  (cost=73925.90..73925.90 rows=9590 width=4) (actual time=541.503..541.503 rows=5862 loops=1)
                    Buckets: 16384  Batches: 1  Memory Usage: 335kB
                    ->  Seq Scan on title t  (cost=0.00..73925.90 rows=9590 width=4) (actual time=238.024..539.571 rows=5862 loops=1)
                          Filter: ((kind_id = 1) AND (production_year = 1996))
                          Rows Removed by Filter: 2522450
Planning time: 1.162 ms
Execution time: 32779.513 ms
