Hash Join  (cost=243643.50..292904.39 rows=674241 width=0) (actual time=5637.230..7542.569 rows=2753972 loops=1)
  Hash Cond: (mi_idx.movie_id = t.id)
  ->  Seq Scan on movie_info_idx mi_idx  (cost=0.00..21735.35 rows=1380035 width=4) (actual time=0.015..427.757 rows=1380035 loops=1)
  ->  Hash  (cost=223375.53..223375.53 rows=1235357 width=8) (actual time=5636.071..5636.071 rows=1250805 loops=1)
        Buckets: 131072  Batches: 32  Memory Usage: 2548kB
        ->  Hash Join  (cost=102767.86..223375.53 rows=1235357 width=8) (actual time=1863.123..5274.187 rows=1250805 loops=1)
              Hash Cond: (mk.movie_id = t.id)
              ->  Seq Scan on movie_keyword mk  (cost=0.00..81003.12 rows=1235357 width=4) (actual time=0.029..1411.324 rows=1250805 loops=1)
                    Filter: (keyword_id < 1591)
                    Rows Removed by Filter: 3273125
              ->  Hash  (cost=61283.27..61283.27 rows=2528527 width=4) (actual time=1862.133..1862.133 rows=2528312 loops=1)
                    Buckets: 131072  Batches: 64  Memory Usage: 2425kB
                    ->  Seq Scan on title t  (cost=0.00..61283.27 rows=2528527 width=4) (actual time=0.017..995.840 rows=2528312 loops=1)
Planning time: 1.128 ms
Execution time: 7865.844 ms
