Hash Join  (cost=152822.15..286865.55 rows=243191 width=0) (actual time=2650.700..6038.032 rows=242504 loops=1)
  Hash Cond: (mk.movie_id = t.id)
  ->  Seq Scan on movie_keyword mk  (cost=0.00..81003.12 rows=4328897 width=4) (actual time=0.016..1753.067 rows=4315625 loops=1)
        Filter: (keyword_id > 137)
        Rows Removed by Filter: 208305
  ->  Hash  (cost=150491.54..150491.54 rows=142049 width=8) (actual time=2649.543..2649.543 rows=171560 loops=1)
        Buckets: 131072 (originally 131072)  Batches: 4 (originally 2)  Memory Usage: 3073kB
        ->  Hash Join  (cost=89586.92..150491.54 rows=142049 width=8) (actual time=1463.694..2596.080 rows=171560 loops=1)
              Hash Cond: (mc.movie_id = t.id)
              ->  Seq Scan on movie_companies mc  (cost=0.00..51404.11 rows=376271 width=4) (actual time=0.159..780.819 rows=375909 loops=1)
                    Filter: (company_id < 222)
                    Rows Removed by Filter: 2233220
              ->  Hash  (cost=73925.90..73925.90 rows=954561 width=4) (actual time=1462.378..1462.378 rows=873022 loops=1)
                    Buckets: 131072  Batches: 16  Memory Usage: 2945kB
                    ->  Seq Scan on title t  (cost=0.00..73925.90 rows=954561 width=4) (actual time=0.018..1193.002 rows=873022 loops=1)
                          Filter: ((kind_id > 3) AND (production_year < 2006))
                          Rows Removed by Filter: 1655290
Planning time: 1.252 ms
Execution time: 6069.169 ms
