Hash Join  (cost=299355.01..1247471.99 rows=10124750 width=0) (actual time=5904.373..25278.171 rows=6657784 loops=1)
  Hash Cond: (ci.movie_id = t.id)
  ->  Seq Scan on cast_info ci  (cost=0.00..705507.15 rows=9286613 width=4) (actual time=158.515..13167.060 rows=9280579 loops=1)
        Filter: (person_id > 2773402)
        Rows Removed by Filter: 26963765
  ->  Hash  (cost=254126.86..254126.86 rows=2756732 width=8) (actual time=5743.479..5743.479 rows=645461 loops=1)
        Buckets: 131072  Batches: 64  Memory Usage: 1402kB
        ->  Hash Join  (cost=92883.59..254126.86 rows=2756732 width=8) (actual time=3066.037..5538.771 rows=645461 loops=1)
              Hash Cond: (mk.movie_id = t.id)
              ->  Seq Scan on movie_keyword mk  (cost=0.00..69693.30 rows=4523930 width=4) (actual time=0.032..1467.106 rows=4523930 loops=1)
              ->  Hash  (cost=67604.59..67604.59 rows=1540800 width=4) (actual time=1691.840..1691.840 rows=1543264 loops=1)
                    Buckets: 131072  Batches: 32  Memory Usage: 2728kB
                    ->  Seq Scan on title t  (cost=0.00..67604.59 rows=1540800 width=4) (actual time=0.029..1199.199 rows=1543264 loops=1)
                          Filter: (kind_id = 7)
                          Rows Removed by Filter: 985048
Planning time: 1.153 ms
Execution time: 26120.391 ms
