Seq Scan on cast_info ci  (cost=0.00..705507.15 rows=6106047 width=0) (actual time=198.361..9733.989 rows=6178396 loops=1)
  Filter: (person_id > 3032883)
  Rows Removed by Filter: 30065948
Planning time: 0.292 ms
Execution time: 10461.262 ms
