Hash Join  (cost=533427.52..1726756.96 rows=4274207 width=0) (actual time=10927.478..42180.917 rows=3220052 loops=1)
  Hash Cond: (ci.movie_id = t.id)
  ->  Seq Scan on cast_info ci  (cost=0.00..705507.15 rows=31554923 width=4) (actual time=0.019..17536.496 rows=31605208 loops=1)
        Filter: (role_id < 10)
        Rows Removed by Filter: 4639136
  ->  Hash  (cost=527808.32..527808.32 rows=342496 width=8) (actual time=10926.135..10926.135 rows=168812 loops=1)
        Buckets: 131072  Batches: 8  Memory Usage: 1857kB
        ->  Hash Join  (cost=75533.21..527808.32 rows=342496 width=8) (actual time=1657.223..10820.341 rows=168812 loops=1)
              Hash Cond: (mi.movie_id = t.id)
              ->  Seq Scan on movie_info mi  (cost=0.00..346232.03 rows=8841901 width=4) (actual time=432.451..6452.266 rows=8950757 loops=1)
                    Filter: (info_type_id > 6)
                    Rows Removed by Filter: 5884963
              ->  Hash  (cost=73925.90..73925.90 rows=97944 width=4) (actual time=1223.997..1223.997 rows=106247 loops=1)
                    Buckets: 131072  Batches: 2  Memory Usage: 2896kB
                    ->  Seq Scan on title t  (cost=0.00..73925.90 rows=97944 width=4) (actual time=20.733..1182.438 rows=106247 loops=1)
                          Filter: ((kind_id = 7) AND (production_year = 2011))
                          Rows Removed by Filter: 2422065
Planning time: 1.188 ms
Execution time: 42546.917 ms
