Hash Join  (cost=365418.15..1615028.47 rows=22633994 width=0) (actual time=13992.887..52714.736 rows=78018860 loops=1)
  Hash Cond: (ci.movie_id = t.id)
  ->  Seq Scan on cast_info ci  (cost=0.00..796071.18 rows=12650652 width=4) (actual time=5063.194..17366.786 rows=12545090 loops=1)
        Filter: ((person_id > 21068) AND (role_id = 1))
        Rows Removed by Filter: 23699254
  ->  Hash  (cost=291197.02..291197.02 rows=4523930 width=8) (actual time=8927.605..8927.605 rows=4523930 loops=1)
        Buckets: 131072  Batches: 64  Memory Usage: 3816kB
        ->  Hash Join  (cost=102767.86..291197.02 rows=4523930 width=8) (actual time=2039.075..7611.742 rows=4523930 loops=1)
              Hash Cond: (mk.movie_id = t.id)
              ->  Seq Scan on movie_keyword mk  (cost=0.00..69693.30 rows=4523930 width=4) (actual time=0.035..1547.916 rows=4523930 loops=1)
              ->  Hash  (cost=61283.27..61283.27 rows=2528527 width=4) (actual time=2038.043..2038.043 rows=2528312 loops=1)
                    Buckets: 131072  Batches: 64  Memory Usage: 2425kB
                    ->  Seq Scan on title t  (cost=0.00..61283.27 rows=2528527 width=4) (actual time=0.020..1163.074 rows=2528312 loops=1)
Planning time: 1.116 ms
Execution time: 61461.686 ms
