Hash Join  (cost=102084.65..856812.68 rows=393892 width=0) (actual time=2137.019..21385.006 rows=663227 loops=1)
  Hash Cond: (ci.movie_id = t.id)
  ->  Seq Scan on cast_info ci  (cost=0.00..614943.12 rows=36225612 width=4) (actual time=0.026..8859.088 rows=36244344 loops=1)
  ->  Hash  (cost=101740.99..101740.99 rows=27493 width=8) (actual time=2136.252..2136.252 rows=42237 loops=1)
        Buckets: 65536 (originally 32768)  Batches: 1 (originally 1)  Memory Usage: 2162kB
        ->  Hash Join  (cost=74555.58..101740.99 rows=27493 width=8) (actual time=1270.668..2121.293 rows=42237 loops=1)
              Hash Cond: (mi_idx.movie_id = t.id)
              ->  Seq Scan on movie_info_idx mi_idx  (cost=0.00..21735.35 rows=1380035 width=4) (actual time=0.023..307.626 rows=1380035 loops=1)
              ->  Hash  (cost=73925.90..73925.90 rows=50374 width=4) (actual time=1270.100..1270.100 rows=130321 loops=1)
                    Buckets: 131072 (originally 65536)  Batches: 2 (originally 1)  Memory Usage: 3310kB
                    ->  Seq Scan on title t  (cost=0.00..73925.90 rows=50374 width=4) (actual time=2.381..1219.151 rows=130321 loops=1)
                          Filter: ((kind_id < 7) AND (production_year < 1936))
                          Rows Removed by Filter: 2397991
Planning time: 1.537 ms
Execution time: 21478.518 ms
