Hash Join  (cost=73950.44..168054.24 rows=2707 width=0) (actual time=1094.297..3142.934 rows=24998 loops=1)
  Hash Cond: (mk.movie_id = t.id)
  ->  Seq Scan on movie_keyword mk  (cost=0.00..81003.12 rows=3486293 width=4) (actual time=0.023..1523.766 rows=3476686 loops=1)
        Filter: (keyword_id < 16954)
        Rows Removed by Filter: 1047244
  ->  Hash  (cost=73925.90..73925.90 rows=1963 width=4) (actual time=1094.227..1094.227 rows=4860 loops=1)
        Buckets: 8192 (originally 2048)  Batches: 1 (originally 1)  Memory Usage: 235kB
        ->  Seq Scan on title t  (cost=0.00..73925.90 rows=1963 width=4) (actual time=0.041..1092.013 rows=4860 loops=1)
              Filter: ((kind_id = 1) AND (production_year = 1988))
              Rows Removed by Filter: 2523452
Planning time: 0.793 ms
Execution time: 3146.609 ms
