Seq Scan on cast_info ci  (cost=0.00..705507.15 rows=24835139 width=0) (actual time=0.033..13083.610 rows=24864926 loops=1)
  Filter: (person_id < 2561127)
  Rows Removed by Filter: 11379418
Planning time: 0.312 ms
Execution time: 16151.678 ms
