Seq Scan on movie_keyword mk  (cost=0.00..81003.12 rows=2862695 width=0) (actual time=0.028..1577.416 rows=2847866 loops=1)
  Filter: (keyword_id > 2568)
  Rows Removed by Filter: 1676064
Planning time: 0.263 ms
Execution time: 1937.429 ms
