Seq Scan on movie_companies mc  (cost=0.00..57926.93 rows=51 width=0) (actual time=580.419..964.890 rows=3 loops=1)
  Filter: ((company_type_id < 2) AND (company_id = 58018))
  Rows Removed by Filter: 2609126
Planning time: 0.389 ms
Execution time: 964.982 ms
