Hash Join  (cost=94554.94..187490.91 rows=1297444 width=0) (actual time=1774.151..4317.314 rows=840314 loops=1)
  Hash Cond: (mc.movie_id = t.id)
  ->  Seq Scan on movie_companies mc  (cost=0.00..44881.29 rows=2609129 width=4) (actual time=0.014..808.176 rows=2609129 loops=1)
  ->  Hash  (cost=73925.90..73925.90 rows=1257363 width=4) (actual time=1772.848..1772.848 rows=1229210 loops=1)
        Buckets: 131072  Batches: 32  Memory Usage: 2374kB
        ->  Seq Scan on title t  (cost=0.00..73925.90 rows=1257363 width=4) (actual time=0.027..1366.627 rows=1229210 loops=1)
              Filter: ((kind_id > 2) AND (production_year < 2009))
              Rows Removed by Filter: 1299102
Planning time: 0.577 ms
Execution time: 4420.726 ms
