Hash Join  (cost=73950.44..887021.98 rows=3512 width=0) (actual time=1155.208..16824.774 rows=18104 loops=1)
  Hash Cond: (ci.movie_id = t.id)
  ->  Seq Scan on cast_info ci  (cost=0.00..796071.18 rows=4524063 width=4) (actual time=16.288..14251.367 rows=9288912 loops=1)
        Filter: ((person_id < 1268002) AND (role_id = 1))
        Rows Removed by Filter: 26955432
  ->  Hash  (cost=73925.90..73925.90 rows=1963 width=4) (actual time=1138.126..1138.126 rows=2465 loops=1)
        Buckets: 4096 (originally 2048)  Batches: 1 (originally 1)  Memory Usage: 119kB
        ->  Seq Scan on title t  (cost=0.00..73925.90 rows=1963 width=4) (actual time=288.419..1136.775 rows=2465 loops=1)
              Filter: ((kind_id = 1) AND (production_year = 1951))
              Rows Removed by Filter: 2525847
Planning time: 0.784 ms
Execution time: 16828.531 ms
