Seq Scan on cast_info ci  (cost=0.00..705507.15 rows=19128572 width=0) (actual time=0.026..11793.714 rows=19277312 loops=1)
  Filter: (person_id > 1677015)
  Rows Removed by Filter: 16967032
Planning time: 0.330 ms
Execution time: 14025.116 ms
