Seq Scan on movie_companies mc  (cost=0.00..51404.11 rows=778355 width=0) (actual time=0.024..985.835 rows=768745 loops=1)
  Filter: (company_id < 1620)
  Rows Removed by Filter: 1840384
Planning time: 0.324 ms
Execution time: 1080.820 ms
