Hash Join  (cost=161733.70..901840.22 rows=62001 width=0) (actual time=3496.197..17221.630 rows=262413 loops=1)
  Hash Cond: (ci.movie_id = t.id)
  ->  Seq Scan on cast_info ci  (cost=0.00..705507.15 rows=9061158 width=4) (actual time=789.785..12383.079 rows=8928381 loops=1)
        Filter: (person_id < 878651)
        Rows Removed by Filter: 27315963
  ->  Hash  (cost=161517.43..161517.43 rows=17302 width=8) (actual time=2706.143..2706.143 rows=18955 loops=1)
        Buckets: 32768  Batches: 1  Memory Usage: 997kB
        ->  Hash Join  (cost=76444.38..161517.43 rows=17302 width=8) (actual time=1279.992..2699.344 rows=18955 loops=1)
              Hash Cond: (mk.movie_id = t.id)
              ->  Seq Scan on movie_keyword mk  (cost=0.00..81003.12 rows=285040 width=4) (actual time=0.032..1268.659 rows=284078 loops=1)
                    Filter: (keyword_id > 56431)
                    Rows Removed by Filter: 4239852
              ->  Hash  (cost=73925.90..73925.90 rows=153478 width=4) (actual time=1279.101..1279.101 rows=134760 loops=1)
                    Buckets: 131072  Batches: 4  Memory Usage: 2222kB
                    ->  Seq Scan on title t  (cost=0.00..73925.90 rows=153478 width=4) (actual time=0.022..1231.002 rows=134760 loops=1)
                          Filter: ((kind_id < 7) AND (production_year > 2010))
                          Rows Removed by Filter: 2393552
Planning time: 3.667 ms
Execution time: 17258.639 ms
