Hash Join  (cost=789459.81..844572.91 rows=44758 width=0) (actual time=12533.426..13837.465 rows=127015 loops=1)
  Hash Cond: (mc.movie_id = t.id)
  ->  Seq Scan on movie_companies mc  (cost=0.00..44881.29 rows=2609129 width=4) (actual time=0.019..576.459 rows=2609129 loops=1)
  ->  Hash  (cost=788917.62..788917.62 rows=43375 width=8) (actual time=12532.943..12532.943 rows=52213 loops=1)
        Buckets: 65536  Batches: 1  Memory Usage: 2552kB
        ->  Hash Join  (cost=78473.92..788917.62 rows=43375 width=8) (actual time=11410.290..12514.786 rows=52213 loops=1)
              Hash Cond: (ci.movie_id = t.id)
              ->  Seq Scan on cast_info ci  (cost=0.00..705507.15 rows=165545 width=4) (actual time=10028.207..10917.139 rows=192805 loops=1)
                    Filter: (person_id > 4028666)
                    Rows Removed by Filter: 36051539
              ->  Hash  (cost=67604.59..67604.59 rows=662507 width=4) (actual time=1380.892..1380.892 rows=662065 loops=1)
                    Buckets: 131072  Batches: 16  Memory Usage: 2481kB
                    ->  Seq Scan on title t  (cost=0.00..67604.59 rows=662507 width=4) (actual time=0.011..1134.046 rows=662065 loops=1)
                          Filter: (production_year > 2008)
                          Rows Removed by Filter: 1866247
Planning time: 1.163 ms
Execution time: 13854.668 ms
