Hash Join  (cost=605537.65..1887591.61 rows=27189616 width=0) (actual time=14026.283..46385.766 rows=32878842 loops=1)
  Hash Cond: (ci.movie_id = t.id)
  ->  Seq Scan on cast_info ci  (cost=0.00..705507.15 rows=18970887 width=4) (actual time=2139.549..14614.651 rows=19109523 loops=1)
        Filter: (person_id > 1692739)
        Rows Removed by Filter: 17134821
  ->  Hash  (cost=546081.18..546081.18 rows=3623957 width=8) (actual time=11885.481..11885.481 rows=3624977 loops=1)
        Buckets: 131072  Batches: 64  Memory Usage: 3234kB
        ->  Hash Join  (cost=102767.86..546081.18 rows=3623957 width=8) (actual time=1891.726..10870.868 rows=3624977 loops=1)
              Hash Cond: (mi.movie_id = t.id)
              ->  Seq Scan on movie_info mi  (cost=0.00..346232.03 rows=3623957 width=4) (actual time=0.029..5619.170 rows=3624977 loops=1)
                    Filter: (info_type_id < 4)
                    Rows Removed by Filter: 11210743
              ->  Hash  (cost=61283.27..61283.27 rows=2528527 width=4) (actual time=1890.246..1890.246 rows=2528312 loops=1)
                    Buckets: 131072  Batches: 64  Memory Usage: 2425kB
                    ->  Seq Scan on title t  (cost=0.00..61283.27 rows=2528527 width=4) (actual time=0.018..1050.412 rows=2528312 loops=1)
Planning time: 1.180 ms
Execution time: 50076.123 ms
