Seq Scan on movie_companies mc  (cost=0.00..51404.11 rows=1135400 width=0) (actual time=0.026..956.291 rows=1143109 loops=1)
  Filter: (company_id > 13232)
  Rows Removed by Filter: 1466020
Planning time: 0.234 ms
Execution time: 1104.531 ms
