Hash Join  (cost=28270.40..848481.61 rows=937 width=0) (actual time=10172.261..16819.442 rows=3816 loops=1)
  Hash Cond: (ci.movie_id = t.id)
  ->  Seq Scan on cast_info ci  (cost=0.00..796071.18 rows=6434844 width=4) (actual time=10015.517..15704.312 rows=7450814 loops=1)
        Filter: ((person_id > 399240) AND (role_id = 2))
        Rows Removed by Filter: 28793530
  ->  Hash  (cost=28265.80..28265.80 rows=368 width=8) (actual time=156.276..156.276 rows=260 loops=1)
        Buckets: 1024  Batches: 1  Memory Usage: 19kB
        ->  Nested Loop  (cost=0.43..28265.80 rows=368 width=8) (actual time=19.683..156.206 rows=260 loops=1)
              ->  Seq Scan on movie_info_idx mi_idx  (cost=0.00..25185.44 rows=368 width=4) (actual time=19.563..152.438 rows=260 loops=1)
                    Filter: (info_type_id > 101)
                    Rows Removed by Filter: 1379775
              ->  Index Only Scan using title_pkey on title t  (cost=0.43..8.36 rows=1 width=4) (actual time=0.014..0.014 rows=1 loops=260)
                    Index Cond: (id = mi_idx.movie_id)
                    Heap Fetches: 260
Planning time: 1.264 ms
Execution time: 16820.529 ms
