Hash Join  (cost=71161.99..98073.25 rows=77 width=0) (actual time=1026.916..1643.853 rows=252 loops=1)
  Hash Cond: (mi_idx.movie_id = t.id)
  ->  Seq Scan on movie_info_idx mi_idx  (cost=0.00..21735.35 rows=1380035 width=4) (actual time=0.020..334.661 rows=1380035 loops=1)
  ->  Hash  (cost=71160.23..71160.23 rows=141 width=8) (actual time=1026.228..1026.228 rows=2805 loops=1)
        Buckets: 4096 (originally 1024)  Batches: 1 (originally 1)  Memory Usage: 142kB
        ->  Nested Loop  (cost=0.43..71160.23 rows=141 width=8) (actual time=0.093..1024.752 rows=2805 loops=1)
              ->  Seq Scan on movie_companies mc  (cost=0.00..51404.11 rows=2522 width=4) (actual time=0.048..918.644 rows=2805 loops=1)
                    Filter: (company_id = 13015)
                    Rows Removed by Filter: 2606324
              ->  Index Scan using title_pkey on title t  (cost=0.43..7.82 rows=1 width=4) (actual time=0.037..0.037 rows=1 loops=2805)
                    Index Cond: (id = mc.movie_id)
                    Filter: (production_year < 1941)
Planning time: 1.167 ms
Execution time: 1644.070 ms
