Seq Scan on cast_info ci  (cost=0.00..796071.18 rows=3919906 width=0) (actual time=9919.177..12733.837 rows=1563602 loops=1)
  Filter: ((person_id < 1937071) AND (role_id = 2))
  Rows Removed by Filter: 34680742
Planning time: 0.409 ms
Execution time: 12929.147 ms
