Seq Scan on cast_info ci  (cost=0.00..705507.15 rows=18228642 width=0) (actual time=1.546..11986.498 rows=18106484 loops=1)
  Filter: (person_id < 1797164)
  Rows Removed by Filter: 18137860
Planning time: 0.329 ms
Execution time: 14121.413 ms
