Seq Scan on cast_info ci  (cost=0.00..705507.15 rows=500 width=0) (actual time=3933.830..11209.341 rows=452 loops=1)
  Filter: (person_id = 2015814)
  Rows Removed by Filter: 36243892
Planning time: 1.131 ms
Execution time: 11209.516 ms
