Seq Scan on movie_companies mc  (cost=0.00..57926.93 rows=250241 width=0) (actual time=0.029..907.582 rows=372031 loops=1)
  Filter: ((company_id < 465) AND (company_type_id < 2))
  Rows Removed by Filter: 2237098
Planning time: 0.343 ms
Execution time: 955.697 ms
