Hash Join  (cost=219251.83..370455.42 rows=2063724 width=0) (actual time=4852.317..11679.751 rows=13898351 loops=1)
  Hash Cond: (mk.movie_id = t.id)
  ->  Seq Scan on movie_keyword mk  (cost=0.00..81003.12 rows=3825661 width=4) (actual time=0.019..1793.453 rows=3820210 loops=1)
        Filter: (keyword_id < 26823)
        Rows Removed by Filter: 703720
  ->  Hash  (cost=196872.89..196872.89 rows=1363995 width=8) (actual time=4851.607..4851.607 rows=1376340 loops=1)
        Buckets: 131072  Batches: 32  Memory Usage: 2744kB
        ->  Hash Join  (cost=102767.86..196872.89 rows=1363995 width=8) (actual time=2063.977..4486.166 rows=1376340 loops=1)
              Hash Cond: (mc.movie_id = t.id)
              ->  Seq Scan on movie_companies mc  (cost=0.00..51404.11 rows=1363995 width=4) (actual time=0.029..984.989 rows=1376340 loops=1)
                    Filter: (company_id > 11141)
                    Rows Removed by Filter: 1232789
              ->  Hash  (cost=61283.27..61283.27 rows=2528527 width=4) (actual time=2062.825..2062.825 rows=2528312 loops=1)
                    Buckets: 131072  Batches: 64  Memory Usage: 2415kB
                    ->  Seq Scan on title t  (cost=0.00..61283.27 rows=2528527 width=4) (actual time=0.009..1203.094 rows=2528312 loops=1)
Planning time: 1.158 ms
Execution time: 13141.867 ms
