Seq Scan on movie_keyword mk  (cost=0.00..81003.12 rows=246 width=0) (actual time=0.042..1357.086 rows=3093 loops=1)
  Filter: (keyword_id = 20319)
  Rows Removed by Filter: 4520837
Planning time: 0.389 ms
Execution time: 1357.857 ms
