Nested Loop  (cost=0.43..709673.15 rows=305 width=0) (actual time=6398.546..11111.031 rows=387 loops=1)
  ->  Seq Scan on cast_info ci  (cost=0.00..705507.15 rows=500 width=4) (actual time=6398.158..11105.564 rows=397 loops=1)
        Filter: (person_id = 1326325)
        Rows Removed by Filter: 36243947
  ->  Index Scan using title_pkey on title t  (cost=0.43..8.32 rows=1 width=4) (actual time=0.013..0.013 rows=1 loops=397)
        Index Cond: (id = ci.movie_id)
        Filter: (kind_id = 7)
        Rows Removed by Filter: 0
Planning time: 0.820 ms
Execution time: 11111.255 ms
