Hash Join  (cost=102767.86..182188.67 rows=482700 width=0) (actual time=2059.944..3914.348 rows=801361 loops=1)
  Hash Cond: (mc.movie_id = t.id)
  ->  Seq Scan on movie_companies mc  (cost=0.00..57926.93 rows=482700 width=4) (actual time=98.691..969.379 rows=801361 loops=1)
        Filter: ((company_id > 18321) AND (company_type_id = 2))
        Rows Removed by Filter: 1807768
  ->  Hash  (cost=61283.27..61283.27 rows=2528527 width=4) (actual time=1959.994..1959.994 rows=2528312 loops=1)
        Buckets: 131072  Batches: 64  Memory Usage: 2415kB
        ->  Seq Scan on title t  (cost=0.00..61283.27 rows=2528527 width=4) (actual time=0.021..1126.763 rows=2528312 loops=1)
Planning time: 0.770 ms
Execution time: 3999.524 ms
