Hash Join  (cost=160985.26..628967.27 rows=800764 width=0) (actual time=3769.124..15009.773 rows=521523 loops=1)
  Hash Cond: (mi.movie_id = t.id)
  ->  Seq Scan on movie_info mi  (cost=0.00..346232.03 rows=9767026 width=4) (actual time=0.019..7089.765 rows=9911754 loops=1)
        Filter: (info_type_id > 4)
        Rows Removed by Filter: 4923966
  ->  Hash  (cost=157583.95..157583.95 rows=207305 width=8) (actual time=3720.562..3720.562 rows=96419 loops=1)
        Buckets: 131072  Batches: 4  Memory Usage: 1978kB
        ->  Hash Join  (cost=77854.63..157583.95 rows=207305 width=8) (actual time=1303.889..3685.695 rows=96419 loops=1)
              Hash Cond: (mc.movie_id = t.id)
              ->  Seq Scan on movie_companies mc  (cost=0.00..51404.11 rows=2189374 width=4) (actual time=0.021..1165.183 rows=2185175 loops=1)
                    Filter: (company_id < 79776)
                    Rows Removed by Filter: 423954
              ->  Hash  (cost=73925.90..73925.90 rows=239418 width=4) (actual time=1206.067..1206.067 rows=256906 loops=1)
                    Buckets: 131072  Batches: 4  Memory Usage: 3296kB
                    ->  Seq Scan on title t  (cost=0.00..73925.90 rows=239418 width=4) (actual time=0.007..1120.808 rows=256906 loops=1)
                          Filter: ((production_year > 2010) AND (kind_id = 7))
                          Rows Removed by Filter: 2271406
Planning time: 1.192 ms
Execution time: 15071.302 ms
