Seq Scan on movie_companies mc  (cost=0.00..51404.11 rows=2257981 width=0) (actual time=0.025..1122.196 rows=2253076 loops=1)
  Filter: (company_id < 87586)
  Rows Removed by Filter: 356053
Planning time: 0.324 ms
Execution time: 1415.943 ms
