Hash Join  (cost=482152.89..619807.41 rows=1284748 width=0) (actual time=9600.023..11908.914 rows=443340 loops=1)
  Hash Cond: (mk.movie_id = t.id)
  ->  Seq Scan on movie_keyword mk  (cost=0.00..69693.30 rows=4523930 width=4) (actual time=0.029..1459.244 rows=4523930 loops=1)
  ->  Hash  (cost=470371.95..470371.95 rows=718075 width=8) (actual time=8161.807..8161.807 rows=301464 loops=1)
        Buckets: 131072  Batches: 16  Memory Usage: 1758kB
        ->  Hash Join  (cost=96184.51..470371.95 rows=718075 width=8) (actual time=2431.822..8073.082 rows=301464 loops=1)
              Hash Cond: (mi.movie_id = t.id)
              ->  Seq Scan on movie_info mi  (cost=0.00..346232.03 rows=1338312 width=4) (actual time=415.495..5121.849 rows=1401902 loops=1)
                    Filter: (info_type_id = 7)
                    Rows Removed by Filter: 13433818
              ->  Hash  (cost=73925.90..73925.90 rows=1356688 width=4) (actual time=2015.136..2015.136 rows=1327781 loops=1)
                    Buckets: 131072  Batches: 32  Memory Usage: 2485kB
                    ->  Seq Scan on title t  (cost=0.00..73925.90 rows=1356688 width=4) (actual time=0.023..1334.205 rows=1327781 loops=1)
                          Filter: ((production_year < 2012) AND (kind_id = 7))
                          Rows Removed by Filter: 1200531
Planning time: 1.671 ms
Execution time: 11962.298 ms
