Seq Scan on movie_keyword mk  (cost=0.00..81003.12 rows=246 width=0) (actual time=17.039..1241.288 rows=75 loops=1)
  Filter: (keyword_id = 8940)
  Rows Removed by Filter: 4523855
Planning time: 0.277 ms
Execution time: 1241.420 ms
