Seq Scan on movie_companies mc  (cost=0.00..57926.93 rows=780961 width=0) (actual time=369.664..1035.512 rows=565912 loops=1)
  Filter: ((company_id > 5254) AND (company_type_id < 2))
  Rows Removed by Filter: 2043217
Planning time: 0.344 ms
Execution time: 1111.101 ms
