Seq Scan on cast_info ci  (cost=0.00..796071.18 rows=9724176 width=0) (actual time=5209.556..15164.739 rows=6582591 loops=1)
  Filter: ((person_id > 827188) AND (role_id = 1))
  Rows Removed by Filter: 29661753
Planning time: 0.434 ms
Execution time: 15991.806 ms
