Hash Join  (cost=184958.03..304990.09 rows=407976 width=0) (actual time=4804.998..8888.495 rows=4035621 loops=1)
  Hash Cond: (mk.movie_id = t.id)
  ->  Seq Scan on movie_keyword mk  (cost=0.00..81003.12 rows=2902447 width=4) (actual time=0.013..1429.622 rows=2892837 loops=1)
        Filter: (keyword_id < 9117)
        Rows Removed by Filter: 1631093
  ->  Hash  (cost=179126.32..179126.32 rows=355417 width=8) (actual time=4804.292..4804.292 rows=507324 loops=1)
        Buckets: 131072  Batches: 8  Memory Usage: 3515kB
        ->  Hash Join  (cost=102767.86..179126.32 rows=355417 width=8) (actual time=2289.313..4654.574 rows=507324 loops=1)
              Hash Cond: (mc.movie_id = t.id)
              ->  Seq Scan on movie_companies mc  (cost=0.00..57926.93 rows=355417 width=4) (actual time=408.471..1003.636 rows=507324 loops=1)
                    Filter: ((company_id < 1380) AND (company_type_id < 2))
                    Rows Removed by Filter: 2101805
              ->  Hash  (cost=61283.27..61283.27 rows=2528527 width=4) (actual time=1879.578..1879.578 rows=2528312 loops=1)
                    Buckets: 131072  Batches: 64  Memory Usage: 2415kB
                    ->  Seq Scan on title t  (cost=0.00..61283.27 rows=2528527 width=4) (actual time=0.019..1077.510 rows=2528312 loops=1)
Planning time: 1.163 ms
Execution time: 9364.726 ms
