Hash Join  (cost=796926.65..1154665.63 rows=123 width=0) (actual time=14383.863..16777.895 rows=4 loops=1)
  Hash Cond: (mi.movie_id = t.id)
  ->  Seq Scan on movie_info mi  (cost=0.00..346232.03 rows=3068194 width=4) (actual time=2269.595..5363.495 rows=3036719 loops=1)
        Filter: (info_type_id = 16)
        Rows Removed by Filter: 11799001
  ->  Hash  (cost=796925.39..796925.39 rows=101 width=8) (actual time=11003.199..11003.199 rows=4 loops=1)
        Buckets: 1024  Batches: 1  Memory Usage: 9kB
        ->  Nested Loop  (cost=0.43..796925.39 rows=101 width=8) (actual time=5747.673..11003.179 rows=4 loops=1)
              ->  Seq Scan on cast_info ci  (cost=0.00..796071.18 rows=101 width=4) (actual time=5747.550..11002.978 rows=4 loops=1)
                    Filter: ((person_id = 2489906) AND (role_id = 2))
                    Rows Removed by Filter: 36244340
              ->  Index Only Scan using title_pkey on title t  (cost=0.43..8.45 rows=1 width=4) (actual time=0.034..0.035 rows=1 loops=4)
                    Index Cond: (id = ci.movie_id)
                    Heap Fetches: 4
Planning time: 1.278 ms
Execution time: 16778.008 ms
