Seq Scan on movie_companies mc  (cost=0.00..57926.93 rows=965607 width=0) (actual time=0.027..1070.627 rows=655447 loops=1)
  Filter: ((company_id < 42483) AND (company_type_id > 1))
  Rows Removed by Filter: 1953682
Planning time: 0.328 ms
Execution time: 1160.266 ms
