Seq Scan on cast_info ci  (cost=0.00..796071.18 rows=5345524 width=0) (actual time=353.816..11638.487 rows=6342075 loops=1)
  Filter: ((person_id < 774897) AND (role_id < 4))
  Rows Removed by Filter: 29902269
Planning time: 0.265 ms
Execution time: 12314.345 ms
