Hash Join  (cost=58375.80..795217.48 rows=129 width=0) (actual time=1026.343..14142.517 rows=986 loops=1)
  Hash Cond: (ci.movie_id = t.id)
  ->  Seq Scan on cast_info ci  (cost=0.00..705507.15 rows=8355531 width=4) (actual time=0.030..11697.708 rows=8313946 loops=1)
        Filter: (person_id > 2851450)
        Rows Removed by Filter: 27930398
  ->  Hash  (cost=58375.31..58375.31 rows=39 width=8) (actual time=987.324..987.324 rows=443 loops=1)
        Buckets: 1024  Batches: 1  Memory Usage: 26kB
        ->  Nested Loop  (cost=0.43..58375.31 rows=39 width=8) (actual time=120.476..987.022 rows=443 loops=1)
              ->  Seq Scan on movie_companies mc  (cost=0.00..57926.93 rows=53 width=4) (actual time=120.411..950.276 rows=515 loops=1)
                    Filter: ((company_type_id > 1) AND (company_id = 1236))
                    Rows Removed by Filter: 2608614
              ->  Index Scan using title_pkey on title t  (cost=0.43..8.45 rows=1 width=4) (actual time=0.070..0.070 rows=1 loops=515)
                    Index Cond: (id = mc.movie_id)
                    Filter: (kind_id > 1)
                    Rows Removed by Filter: 0
Planning time: 1.230 ms
Execution time: 14143.174 ms
