Hash Join  (cost=28270.40..856298.24 rows=1240 width=0) (actual time=531.472..14422.621 rows=8286 loops=1)
  Hash Cond: (ci.movie_id = t.id)
  ->  Seq Scan on cast_info ci  (cost=0.00..796071.18 rows=8518470 width=4) (actual time=116.705..12839.111 rows=8456849 loops=1)
        Filter: ((person_id < 833479) AND (role_id < 11))
        Rows Removed by Filter: 27787495
  ->  Hash  (cost=28265.80..28265.80 rows=368 width=8) (actual time=413.395..413.395 rows=260 loops=1)
        Buckets: 1024  Batches: 1  Memory Usage: 19kB
        ->  Nested Loop  (cost=0.43..28265.80 rows=368 width=8) (actual time=283.818..413.262 rows=260 loops=1)
              ->  Seq Scan on movie_info_idx mi_idx  (cost=0.00..25185.44 rows=368 width=4) (actual time=283.723..401.594 rows=260 loops=1)
                    Filter: (info_type_id > 101)
                    Rows Removed by Filter: 1379775
              ->  Index Only Scan using title_pkey on title t  (cost=0.43..8.36 rows=1 width=4) (actual time=0.044..0.044 rows=1 loops=260)
                    Index Cond: (id = mi_idx.movie_id)
                    Heap Fetches: 260
Planning time: 1.248 ms
Execution time: 14424.984 ms
