Nested Loop  (cost=44377.22..140822.17 rows=2798 width=0) (actual time=924.221..2423.438 rows=2711 loops=1)
  ->  Hash Join  (cost=44376.79..131862.54 rows=15240 width=8) (actual time=924.098..2367.871 rows=2711 loops=1)
        Hash Cond: (mk.movie_id = mi_idx.movie_id)
        ->  Seq Scan on movie_keyword mk  (cost=0.00..81003.12 rows=5127 width=4) (actual time=2.106..1280.254 rows=4540 loops=1)
              Filter: (keyword_id = 2762)
              Rows Removed by Filter: 4519390
        ->  Hash  (cost=21735.35..21735.35 rows=1380035 width=4) (actual time=870.526..870.526 rows=1380035 loops=1)
              Buckets: 131072  Batches: 32  Memory Usage: 2556kB
              ->  Seq Scan on movie_info_idx mi_idx  (cost=0.00..21735.35 rows=1380035 width=4) (actual time=0.021..441.460 rows=1380035 loops=1)
  ->  Index Only Scan using title_pkey on title t  (cost=0.43..0.58 rows=1 width=4) (actual time=0.020..0.020 rows=1 loops=2711)
        Index Cond: (id = mi_idx.movie_id)
        Heap Fetches: 2711
Planning time: 1.133 ms
Execution time: 2424.083 ms
