Hash Join  (cost=213954.24..608633.69 rows=981069 width=0) (actual time=5050.229..15796.710 rows=15055712 loops=1)
  Hash Cond: (mi.movie_id = t.id)
  ->  Seq Scan on movie_info mi  (cost=0.00..346232.03 rows=3068194 width=4) (actual time=0.015..5776.447 rows=3036719 loops=1)
        Filter: (info_type_id = 16)
        Rows Removed by Filter: 11799001
  ->  Hash  (cost=200688.89..200688.89 rows=808508 width=8) (actual time=5048.979..5048.979 rows=1807138 loops=1)
        Buckets: 131072 (originally 131072)  Batches: 32 (originally 16)  Memory Usage: 3304kB
        ->  Hash Join  (cost=83810.17..200688.89 rows=808508 width=8) (actual time=1479.785..4519.518 rows=1807138 loops=1)
              Hash Cond: (mk.movie_id = t.id)
              ->  Seq Scan on movie_keyword mk  (cost=0.00..81003.12 rows=2069737 width=4) (actual time=0.012..1458.247 rows=2083222 loops=1)
                    Filter: (keyword_id < 3705)
                    Rows Removed by Filter: 2440708
              ->  Hash  (cost=67604.59..67604.59 rows=987727 width=4) (actual time=1478.681..1478.681 rows=985048 loops=1)
                    Buckets: 131072  Batches: 16  Memory Usage: 3197kB
                    ->  Seq Scan on title t  (cost=0.00..67604.59 rows=987727 width=4) (actual time=0.027..1183.633 rows=985048 loops=1)
                          Filter: (kind_id < 7)
                          Rows Removed by Filter: 1543264
Planning time: 1.172 ms
Execution time: 17361.378 ms
