Seq Scan on cast_info ci  (cost=0.00..705507.15 rows=500 width=0) (actual time=2138.227..10467.248 rows=3576 loops=1)
  Filter: (person_id = 2806960)
  Rows Removed by Filter: 36240768
Planning time: 0.836 ms
Execution time: 10467.803 ms
