Hash Join  (cost=1263158.20..2435103.46 rows=51053512 width=0) (actual time=21982.853..51627.446 rows=56938748 loops=1)
  Hash Cond: (mi.movie_id = t.id)
  ->  Seq Scan on movie_info mi  (cost=0.00..309384.22 rows=14739122 width=4) (actual time=0.023..6162.644 rows=14835720 loops=1)
  ->  Hash  (cost=1119466.00..1119466.00 rows=8758336 width=8) (actual time=21981.491..21981.491 rows=4591199 loops=1)
        Buckets: 131072  Batches: 128  Memory Usage: 2483kB
        ->  Hash Join  (cost=102767.86..1119466.00 rows=8758336 width=8) (actual time=8234.059..20639.560 rows=4591199 loops=1)
              Hash Cond: (ci.movie_id = t.id)
              ->  Seq Scan on cast_info ci  (cost=0.00..796071.18 rows=8758336 width=4) (actual time=6263.569..14335.118 rows=4591199 loops=1)
                    Filter: ((person_id > 1100812) AND (role_id = 1))
                    Rows Removed by Filter: 31653145
              ->  Hash  (cost=61283.27..61283.27 rows=2528527 width=4) (actual time=1969.218..1969.218 rows=2528312 loops=1)
                    Buckets: 131072  Batches: 64  Memory Usage: 2415kB
                    ->  Seq Scan on title t  (cost=0.00..61283.27 rows=2528527 width=4) (actual time=0.077..1112.530 rows=2528312 loops=1)
Planning time: 1.208 ms
Execution time: 57673.471 ms
