Hash Join  (cost=69687.24..985621.41 rows=496675 width=0) (actual time=4706.612..16856.567 rows=220679 loops=1)
  Hash Cond: (ci.movie_id = t.id)
  ->  Seq Scan on cast_info ci  (cost=0.00..796071.18 rows=9893931 width=4) (actual time=3558.018..13672.980 rows=4231089 loops=1)
        Filter: ((person_id < 1492343) AND (role_id > 1))
        Rows Removed by Filter: 32013255
  ->  Hash  (cost=67604.59..67604.59 rows=126932 width=4) (actual time=1121.825..1121.825 rows=122861 loops=1)
        Buckets: 131072  Batches: 2  Memory Usage: 3191kB
        ->  Seq Scan on title t  (cost=0.00..67604.59 rows=126932 width=4) (actual time=0.025..1071.854 rows=122861 loops=1)
              Filter: (production_year = 2008)
              Rows Removed by Filter: 2405451
Planning time: 0.790 ms
Execution time: 16888.123 ms
