Nested Loop  (cost=0.43..83071.67 rows=246 width=0) (actual time=0.876..1288.970 rows=4655 loops=1)
  ->  Seq Scan on movie_keyword mk  (cost=0.00..81003.12 rows=246 width=4) (actual time=0.813..1179.300 rows=4655 loops=1)
        Filter: (keyword_id = 1515)
        Rows Removed by Filter: 4519275
  ->  Index Only Scan using title_pkey on title t  (cost=0.43..8.40 rows=1 width=4) (actual time=0.022..0.023 rows=1 loops=4655)
        Index Cond: (id = mk.movie_id)
        Heap Fetches: 4655
Planning time: 0.668 ms
Execution time: 1290.510 ms
