Nested Loop  (cost=44377.22..143825.78 rows=1415 width=0) (actual time=859.034..2514.573 rows=8521 loops=1)
  ->  Hash Join  (cost=44376.79..132181.27 rows=19723 width=8) (actual time=858.978..2361.178 rows=8866 loops=1)
        Hash Cond: (mk.movie_id = mi_idx.movie_id)
        ->  Seq Scan on movie_keyword mk  (cost=0.00..81003.12 rows=6635 width=4) (actual time=0.240..1282.057 rows=6649 loops=1)
              Filter: (keyword_id = 500)
              Rows Removed by Filter: 4517281
        ->  Hash  (cost=21735.35..21735.35 rows=1380035 width=4) (actual time=853.324..853.324 rows=1380035 loops=1)
              Buckets: 131072  Batches: 32  Memory Usage: 2556kB
              ->  Seq Scan on movie_info_idx mi_idx  (cost=0.00..21735.35 rows=1380035 width=4) (actual time=0.022..425.594 rows=1380035 loops=1)
  ->  Index Scan using title_pkey on title t  (cost=0.43..0.58 rows=1 width=4) (actual time=0.016..0.017 rows=1 loops=8866)
        Index Cond: (id = mi_idx.movie_id)
        Filter: (kind_id < 7)
        Rows Removed by Filter: 0
Planning time: 1.263 ms
Execution time: 2516.360 ms
