Hash Join  (cost=263115.61..462707.41 rows=4587596 width=0) (actual time=6103.763..17365.783 rows=34075781 loops=1)
  Hash Cond: (mk.movie_id = t.id)
  ->  Seq Scan on movie_keyword mk  (cost=0.00..81003.12 rows=4445875 width=4) (actual time=0.025..1928.291 rows=4446976 loops=1)
        Filter: (keyword_id < 88732)
        Rows Removed by Filter: 76954
  ->  Hash  (cost=220309.49..220309.49 rows=2609129 width=8) (actual time=6102.183..6102.183 rows=2609129 loops=1)
        Buckets: 131072  Batches: 64  Memory Usage: 2691kB
        ->  Hash Join  (cost=102767.86..220309.49 rows=2609129 width=8) (actual time=1829.909..5307.134 rows=2609129 loops=1)
              Hash Cond: (mc.movie_id = t.id)
              ->  Seq Scan on movie_companies mc  (cost=0.00..44881.29 rows=2609129 width=4) (actual time=0.014..857.829 rows=2609129 loops=1)
              ->  Hash  (cost=61283.27..61283.27 rows=2528527 width=4) (actual time=1828.256..1828.256 rows=2528312 loops=1)
                    Buckets: 131072  Batches: 64  Memory Usage: 2415kB
                    ->  Seq Scan on title t  (cost=0.00..61283.27 rows=2528527 width=4) (actual time=0.052..977.141 rows=2528312 loops=1)
Planning time: 1.124 ms
Execution time: 20893.636 ms
