Hash Join  (cost=82955.87..173564.27 rows=118089 width=0) (actual time=1372.377..3109.677 rows=214985 loops=1)
  Hash Cond: (mk.movie_id = t.id)
  ->  Seq Scan on movie_keyword mk  (cost=0.00..81003.12 rows=542502 width=4) (actual time=0.026..1349.468 rows=538768 loops=1)
        Filter: (keyword_id > 34121)
        Rows Removed by Filter: 3985162
  ->  Hash  (cost=73925.90..73925.90 rows=550397 width=4) (actual time=1371.395..1371.395 rows=425625 loops=1)
        Buckets: 131072  Batches: 8  Memory Usage: 2911kB
        ->  Seq Scan on title t  (cost=0.00..73925.90 rows=550397 width=4) (actual time=0.018..1226.065 rows=425625 loops=1)
              Filter: ((kind_id < 3) AND (production_year > 1986))
              Rows Removed by Filter: 2102687
Planning time: 0.796 ms
Execution time: 3138.476 ms
