Hash Join  (cost=92883.59..224983.98 rows=1452893 width=0) (actual time=1865.948..4624.322 rows=320653 loops=1)
  Hash Cond: (mk.movie_id = t.id)
  ->  Seq Scan on movie_keyword mk  (cost=0.00..81003.12 rows=2384267 width=4) (actual time=0.019..1596.233 rows=2384903 loops=1)
        Filter: (keyword_id < 5494)
        Rows Removed by Filter: 2139027
  ->  Hash  (cost=67604.59..67604.59 rows=1540800 width=4) (actual time=1631.462..1631.462 rows=1543264 loops=1)
        Buckets: 131072  Batches: 32  Memory Usage: 2728kB
        ->  Seq Scan on title t  (cost=0.00..67604.59 rows=1540800 width=4) (actual time=0.013..1154.376 rows=1543264 loops=1)
              Filter: (kind_id = 7)
              Rows Removed by Filter: 985048
Planning time: 0.729 ms
Execution time: 4661.588 ms
