Hash Join  (cost=102767.86..172974.17 rows=99777 width=0) (actual time=1997.304..3346.367 rows=161275 loops=1)
  Hash Cond: (mc.movie_id = t.id)
  ->  Seq Scan on movie_companies mc  (cost=0.00..57926.93 rows=99777 width=4) (actual time=0.022..855.847 rows=161275 loops=1)
        Filter: ((company_id < 67) AND (company_type_id < 2))
        Rows Removed by Filter: 2447854
  ->  Hash  (cost=61283.27..61283.27 rows=2528527 width=4) (actual time=1989.623..1989.623 rows=2528312 loops=1)
        Buckets: 131072  Batches: 64  Memory Usage: 2415kB
        ->  Seq Scan on title t  (cost=0.00..61283.27 rows=2528527 width=4) (actual time=0.015..1145.388 rows=2528312 loops=1)
Planning time: 0.774 ms
Execution time: 3365.583 ms
