Hash Join  (cost=290243.93..943829.93 rows=14559916 width=0) (actual time=5699.405..20432.100 rows=6594420 loops=1)
  Hash Cond: (mi.movie_id = t.id)
  ->  Seq Scan on movie_info mi  (cost=0.00..309384.22 rows=14739122 width=4) (actual time=0.013..6104.911 rows=14835720 loops=1)
  ->  Hash  (cost=249264.63..249264.63 rows=2497784 width=8) (actual time=5695.728..5695.728 rows=633330 loops=1)
        Buckets: 131072  Batches: 64  Memory Usage: 1402kB
        ->  Hash Join  (cost=96830.76..249264.63 rows=2497784 width=8) (actual time=2284.983..5509.074 rows=633330 loops=1)
              Hash Cond: (mk.movie_id = t.id)
              ->  Seq Scan on movie_keyword mk  (cost=0.00..69693.30 rows=4523930 width=4) (actual time=0.011..1302.331 rows=4523930 loops=1)
              ->  Hash  (cost=73925.90..73925.90 rows=1396068 width=4) (actual time=1836.240..1836.240 rows=1471510 loops=1)
                    Buckets: 131072  Batches: 32  Memory Usage: 2649kB
                    ->  Seq Scan on title t  (cost=0.00..73925.90 rows=1396068 width=4) (actual time=0.023..1360.233 rows=1471510 loops=1)
                          Filter: ((production_year > 1951) AND (kind_id = 7))
                          Rows Removed by Filter: 1056802
Planning time: 1.974 ms
Execution time: 21148.779 ms
