Seq Scan on movie_keyword mk  (cost=0.00..81003.12 rows=246 width=0) (actual time=6.069..1285.945 rows=60 loops=1)
  Filter: (keyword_id = 20763)
  Rows Removed by Filter: 4523870
Planning time: 0.393 ms
Execution time: 1286.093 ms
