Hash Join  (cost=86678.77..468069.86 rows=674625 width=0) (actual time=1564.590..8422.493 rows=229956 loops=1)
  Hash Cond: (mi.movie_id = t.id)
  ->  Seq Scan on movie_info mi  (cost=0.00..346232.03 rows=2194617 width=4) (actual time=0.026..5705.035 rows=2233850 loops=1)
        Filter: (info_type_id > 16)
        Rows Removed by Filter: 12601870
  ->  Hash  (cost=73925.90..73925.90 rows=777269 width=4) (actual time=1563.448..1563.448 rows=690703 loops=1)
        Buckets: 131072  Batches: 16  Memory Usage: 2547kB
        ->  Seq Scan on title t  (cost=0.00..73925.90 rows=777269 width=4) (actual time=0.032..1331.269 rows=690703 loops=1)
              Filter: ((kind_id > 4) AND (production_year < 2004))
              Rows Removed by Filter: 1837609
Planning time: 0.503 ms
Execution time: 8450.002 ms
