Hash Join  (cost=96280.99..175547.13 rows=716498 width=0) (actual time=2228.042..3787.766 rows=398846 loops=1)
  Hash Cond: (mc.movie_id = t.id)
  ->  Seq Scan on movie_companies mc  (cost=0.00..51404.11 rows=1329612 width=4) (actual time=446.804..1099.070 rows=1334883 loops=1)
        Filter: (company_type_id > 1)
        Rows Removed by Filter: 1274246
  ->  Hash  (cost=73925.90..73925.90 rows=1362567 width=4) (actual time=1779.933..1779.933 rows=1337599 loops=1)
        Buckets: 131072  Batches: 32  Memory Usage: 2494kB
        ->  Seq Scan on title t  (cost=0.00..73925.90 rows=1362567 width=4) (actual time=0.029..1332.719 rows=1337599 loops=1)
              Filter: ((kind_id > 3) AND (production_year < 2011))
              Rows Removed by Filter: 1190713
Planning time: 0.737 ms
Execution time: 3828.142 ms
