Hash Join  (cost=225947.18..299303.92 rows=403844 width=0) (actual time=4573.317..7183.992 rows=3685566 loops=1)
  Hash Cond: (mc.movie_id = t.id)
  ->  Seq Scan on movie_companies mc  (cost=0.00..51404.11 rows=1279517 width=4) (actual time=0.012..1044.553 rows=1274246 loops=1)
        Filter: (company_type_id = 1)
        Rows Removed by Filter: 1334883
  ->  Hash  (cost=212853.44..212853.44 rows=798059 width=8) (actual time=4572.405..4572.405 rows=797854 loops=1)
        Buckets: 131072  Batches: 16  Memory Usage: 2999kB
        ->  Hash Join  (cost=102767.86..212853.44 rows=798059 width=8) (actual time=1752.081..4326.860 rows=797854 loops=1)
              Hash Cond: (mk.movie_id = t.id)
              ->  Seq Scan on movie_keyword mk  (cost=0.00..81003.12 rows=798059 width=4) (actual time=0.020..1447.533 rows=797854 loops=1)
                    Filter: (keyword_id < 769)
                    Rows Removed by Filter: 3726076
              ->  Hash  (cost=61283.27..61283.27 rows=2528527 width=4) (actual time=1750.082..1750.082 rows=2528312 loops=1)
                    Buckets: 131072  Batches: 64  Memory Usage: 2425kB
                    ->  Seq Scan on title t  (cost=0.00..61283.27 rows=2528527 width=4) (actual time=0.019..977.949 rows=2528312 loops=1)
Planning time: 0.786 ms
Execution time: 7606.861 ms
