Hash Join  (cost=633919.44..2285373.24 rows=46901662 width=0) (actual time=13688.758..50897.562 rows=26227821 loops=1)
  Hash Cond: (ci.movie_id = t.id)
  ->  Seq Scan on cast_info ci  (cost=0.00..614943.12 rows=36225612 width=4) (actual time=0.013..13614.173 rows=36244344 loops=1)
  ->  Hash  (cost=580210.07..580210.07 rows=3273709 width=8) (actual time=13686.282..13686.282 rows=807450 loops=1)
        Buckets: 131072  Batches: 64  Memory Usage: 1506kB
        ->  Hash Join  (cost=88257.79..580210.07 rows=3273709 width=8) (actual time=1781.339..13427.571 rows=807450 loops=1)
              Hash Cond: (mi.movie_id = t.id)
              ->  Seq Scan on movie_info mi  (cost=0.00..346232.03 rows=9476311 width=4) (actual time=0.014..6837.786 rows=9565151 loops=1)
                    Filter: (info_type_id < 16)
                    Rows Removed by Filter: 5270569
              ->  Hash  (cost=73925.90..73925.90 rows=873511 width=4) (actual time=1750.435..1750.435 rows=957299 loops=1)
                    Buckets: 131072  Batches: 16  Memory Usage: 3140kB
                    ->  Seq Scan on title t  (cost=0.00..73925.90 rows=873511 width=4) (actual time=0.023..1429.425 rows=957299 loops=1)
                          Filter: ((production_year > 1999) AND (kind_id = 7))
                          Rows Removed by Filter: 1571013
Planning time: 5.853 ms
Execution time: 53492.451 ms
