Hash Join  (cost=74148.97..780763.34 rows=2045 width=0) (actual time=4090.529..14808.042 rows=2439 loops=1)
  Hash Cond: (ci.movie_id = t.id)
  ->  Seq Scan on cast_info ci  (cost=0.00..705507.15 rows=289805 width=4) (actual time=2852.796..13517.564 rows=276403 loops=1)
        Filter: (role_id = 7)
        Rows Removed by Filter: 35967941
  ->  Hash  (cost=73925.90..73925.90 rows=17845 width=4) (actual time=1237.451..1237.451 rows=10782 loops=1)
        Buckets: 32768  Batches: 1  Memory Usage: 636kB
        ->  Seq Scan on title t  (cost=0.00..73925.90 rows=17845 width=4) (actual time=609.021..1232.770 rows=10782 loops=1)
              Filter: ((kind_id = 1) AND (production_year = 2003))
              Rows Removed by Filter: 2517530
Planning time: 0.691 ms
Execution time: 14808.628 ms
