Hash Join  (cost=262529.46..912113.94 rows=14184865 width=0) (actual time=6029.051..35582.548 rows=64307732 loops=1)
  Hash Cond: (mi.movie_id = t.id)
  ->  Seq Scan on movie_info mi  (cost=0.00..309384.22 rows=14739122 width=4) (actual time=0.017..6497.094 rows=14835720 loops=1)
  ->  Hash  (cost=222605.42..222605.42 rows=2433443 width=8) (actual time=6027.957..6027.957 rows=2433488 loops=1)
        Buckets: 131072  Batches: 32  Memory Usage: 4035kB
        ->  Hash Join  (cost=102767.86..222605.42 rows=2433443 width=8) (actual time=1845.156..5340.773 rows=2433488 loops=1)
              Hash Cond: (mc.movie_id = t.id)
              ->  Seq Scan on movie_companies mc  (cost=0.00..51404.11 rows=2433443 width=4) (actual time=0.018..1168.575 rows=2433488 loops=1)
                    Filter: (company_id < 121791)
                    Rows Removed by Filter: 175641
              ->  Hash  (cost=61283.27..61283.27 rows=2528527 width=4) (actual time=1843.917..1843.917 rows=2528312 loops=1)
                    Buckets: 131072  Batches: 64  Memory Usage: 2415kB
                    ->  Seq Scan on title t  (cost=0.00..61283.27 rows=2528527 width=4) (actual time=0.011..1015.562 rows=2528312 loops=1)
Planning time: 1.000 ms
Execution time: 42745.410 ms
