Hash Join  (cost=156487.41..1005526.87 rows=696886 width=0) (actual time=7277.985..22153.652 rows=2175816 loops=1)
  Hash Cond: (ci.movie_id = t.id)
  ->  Seq Scan on cast_info ci  (cost=0.00..796071.18 rows=3822512 width=4) (actual time=3945.064..15813.220 rows=4165014 loops=1)
        Filter: ((person_id > 388229) AND (role_id = 10))
        Rows Removed by Filter: 32079330
  ->  Hash  (cost=148924.19..148924.19 rows=460978 width=8) (actual time=3331.823..3331.823 rows=459925 loops=1)
        Buckets: 131072  Batches: 8  Memory Usage: 3275kB
        ->  Hash Join  (cost=102767.86..148924.19 rows=460978 width=8) (actual time=1925.044..3197.765 rows=459925 loops=1)
              Hash Cond: (mi_idx.movie_id = t.id)
              ->  Seq Scan on movie_info_idx mi_idx  (cost=0.00..25185.44 rows=460978 width=4) (actual time=0.022..512.034 rows=459925 loops=1)
                    Filter: (info_type_id < 100)
                    Rows Removed by Filter: 920110
              ->  Hash  (cost=61283.27..61283.27 rows=2528527 width=4) (actual time=1924.299..1924.299 rows=2528312 loops=1)
                    Buckets: 131072  Batches: 64  Memory Usage: 2415kB
                    ->  Seq Scan on title t  (cost=0.00..61283.27 rows=2528527 width=4) (actual time=0.020..1092.340 rows=2528312 loops=1)
Planning time: 1.270 ms
Execution time: 22408.313 ms
