Hash Join  (cost=74299.17..162516.02 rows=22024 width=0) (actual time=1173.116..2943.280 rows=41968 loops=1)
  Hash Cond: (mk.movie_id = t.id)
  ->  Seq Scan on movie_keyword mk  (cost=0.00..81003.12 rows=1864931 width=4) (actual time=0.019..1436.294 rows=1874550 loops=1)
        Filter: (keyword_id < 3181)
        Rows Removed by Filter: 2649380
  ->  Hash  (cost=73925.90..73925.90 rows=29861 width=4) (actual time=1172.866..1172.866 rows=17772 loops=1)
        Buckets: 32768  Batches: 1  Memory Usage: 881kB
        ->  Seq Scan on title t  (cost=0.00..73925.90 rows=29861 width=4) (actual time=478.745..1165.840 rows=17772 loops=1)
              Filter: ((kind_id < 2) AND (production_year = 2007))
              Rows Removed by Filter: 2510540
Planning time: 0.683 ms
Execution time: 2948.840 ms
