Hash Join  (cost=80661.47..122198.54 rows=224059 width=0) (actual time=1555.202..2821.091 rows=478281 loops=1)
  Hash Cond: (mi_idx.movie_id = t.id)
  ->  Seq Scan on movie_info_idx mi_idx  (cost=0.00..21735.35 rows=1380035 width=4) (actual time=0.017..472.044 rows=1380035 loops=1)
  ->  Hash  (cost=73925.90..73925.90 rows=410525 width=4) (actual time=1554.333..1554.333 rows=456146 loops=1)
        Buckets: 131072  Batches: 8  Memory Usage: 3040kB
        ->  Seq Scan on title t  (cost=0.00..73925.90 rows=410525 width=4) (actual time=0.020..1355.529 rows=456146 loops=1)
              Filter: ((kind_id < 2) AND (production_year < 2007))
              Rows Removed by Filter: 2072166
Planning time: 0.751 ms
Execution time: 2878.603 ms
