Hash Join  (cost=573621.82..1749068.39 rows=4849758 width=0) (actual time=15270.705..51449.903 rows=25018088 loops=1)
  Hash Cond: (ci.movie_id = t.id)
  ->  Seq Scan on cast_info ci  (cost=0.00..796071.18 rows=18429580 width=4) (actual time=0.020..18902.178 rows=21432438 loops=1)
        Filter: ((person_id > 748274) AND (role_id > 1))
        Rows Removed by Filter: 14811906
  ->  Hash  (cost=562704.52..562704.52 rows=665384 width=8) (actual time=15268.774..15268.774 rows=2894158 loops=1)
        Buckets: 131072 (originally 131072)  Batches: 64 (originally 16)  Memory Usage: 3073kB
        ->  Hash Join  (cost=75798.76..562704.52 rows=665384 width=8) (actual time=1187.337..14373.434 rows=2894158 loops=1)
              Hash Cond: (mi.movie_id = t.id)
              ->  Seq Scan on movie_info mi  (cost=0.00..309384.22 rows=14739122 width=4) (actual time=0.019..6031.913 rows=14835720 loops=1)
              ->  Hash  (cost=73925.90..73925.90 rows=114148 width=4) (actual time=1186.506..1186.506 rows=244041 loops=1)
                    Buckets: 131072 (originally 131072)  Batches: 4 (originally 2)  Memory Usage: 3178kB
                    ->  Seq Scan on title t  (cost=0.00..73925.90 rows=114148 width=4) (actual time=353.691..1099.154 rows=244041 loops=1)
                          Filter: ((production_year < 1974) AND (kind_id = 1))
                          Rows Removed by Filter: 2284271
Planning time: 1.088 ms
Execution time: 54204.488 ms
