Hash Join  (cost=123321.83..1177285.51 rows=1962457 width=0) (actual time=2558.602..34511.441 rows=7484405 loops=1)
  Hash Cond: (ci.movie_id = t.id)
  ->  Seq Scan on cast_info ci  (cost=0.00..614943.12 rows=36225612 width=4) (actual time=0.020..13702.554 rows=36244344 loops=1)
  ->  Hash  (cost=121073.60..121073.60 rows=136978 width=8) (actual time=2557.783..2557.783 rows=279362 loops=1)
        Buckets: 131072 (originally 131072)  Batches: 4 (originally 2)  Memory Usage: 3756kB
        ->  Hash Join  (cost=86252.72..121073.60 rows=136978 width=8) (actual time=1537.303..2472.067 rows=279362 loops=1)
              Hash Cond: (mi_idx.movie_id = t.id)
              ->  Seq Scan on movie_info_idx mi_idx  (cost=0.00..25185.44 rows=460978 width=4) (actual time=0.029..511.909 rows=459925 loops=1)
                    Filter: (info_type_id < 100)
                    Rows Removed by Filter: 920110
              ->  Hash  (cost=73925.90..73925.90 rows=751345 width=4) (actual time=1536.494..1536.494 rows=793943 loops=1)
                    Buckets: 131072  Batches: 16  Memory Usage: 2771kB
                    ->  Seq Scan on title t  (cost=0.00..73925.90 rows=751345 width=4) (actual time=0.016..1295.411 rows=793943 loops=1)
                          Filter: ((kind_id < 7) AND (production_year < 2010))
                          Rows Removed by Filter: 1734369
Planning time: 3.466 ms
Execution time: 35346.402 ms
