Hash Join  (cost=190066.81..277549.50 rows=956156 width=0) (actual time=4642.563..7487.654 rows=2833110 loops=1)
  Hash Cond: (mc.movie_id = t.id)
  ->  Seq Scan on movie_companies mc  (cost=0.00..51404.11 rows=1852271 width=4) (actual time=0.030..1102.555 rows=1858175 loops=1)
        Filter: (company_id > 1461)
        Rows Removed by Filter: 750954
  ->  Hash  (cost=168652.25..168652.25 rows=1305245 width=8) (actual time=4641.179..4641.179 rows=1365044 loops=1)
        Buckets: 131072  Batches: 32  Memory Usage: 2692kB
        ->  Hash Join  (cost=106840.27..168652.25 rows=1305245 width=8) (actual time=2264.796..4236.255 rows=1365044 loops=1)
              Hash Cond: (mi_idx.movie_id = t.id)
              ->  Seq Scan on movie_info_idx mi_idx  (cost=0.00..21735.35 rows=1380035 width=4) (actual time=0.027..475.995 rows=1380035 loops=1)
              ->  Hash  (cost=67604.59..67604.59 rows=2391495 width=4) (actual time=2263.530..2263.530 rows=2388876 loops=1)
                    Buckets: 131072  Batches: 32  Memory Usage: 3646kB
                    ->  Seq Scan on title t  (cost=0.00..67604.59 rows=2391495 width=4) (actual time=0.019..1506.911 rows=2388876 loops=1)
                          Filter: (production_year < 2013)
                          Rows Removed by Filter: 139436
Planning time: 1.175 ms
Execution time: 7800.827 ms
