Hash Join  (cost=418753.70..1170075.53 rows=53268 width=0) (actual time=6693.598..24170.155 rows=146991 loops=1)
  Hash Cond: (ci.movie_id = t.id)
  ->  Seq Scan on cast_info ci  (cost=0.00..614943.12 rows=36225612 width=4) (actual time=0.022..9299.421 rows=36244344 loops=1)
  ->  Hash  (cost=418707.22..418707.22 rows=3718 width=8) (actual time=6693.302..6693.302 rows=7746 loops=1)
        Buckets: 8192 (originally 4096)  Batches: 1 (originally 1)  Memory Usage: 367kB
        ->  Hash Join  (cost=67697.55..418707.22 rows=3718 width=8) (actual time=3326.012..6689.665 rows=7746 loops=1)
              Hash Cond: (mi.movie_id = t.id)
              ->  Seq Scan on movie_info mi  (cost=0.00..346232.03 rows=1264125 width=4) (actual time=2352.944..5469.676 rows=1288928 loops=1)
                    Filter: (info_type_id = 2)
                    Rows Removed by Filter: 13546792
              ->  Hash  (cost=67604.59..67604.59 rows=7437 width=4) (actual time=972.662..972.662 rows=14038 loops=1)
                    Buckets: 16384 (originally 8192)  Batches: 1 (originally 1)  Memory Usage: 622kB
                    ->  Seq Scan on title t  (cost=0.00..67604.59 rows=7437 width=4) (actual time=0.114..966.050 rows=14038 loops=1)
                          Filter: (production_year = 1977)
                          Rows Removed by Filter: 2514274
Planning time: 1.204 ms
Execution time: 24198.004 ms
