Hash Join  (cost=58375.34..85285.83 rows=1 width=0) (actual time=1026.190..1629.695 rows=150 loops=1)
  Hash Cond: (mi_idx.movie_id = t.id)
  ->  Seq Scan on movie_info_idx mi_idx  (cost=0.00..21735.35 rows=1380035 width=4) (actual time=0.028..364.151 rows=1380035 loops=1)
  ->  Hash  (cost=58375.31..58375.31 rows=2 width=8) (actual time=1016.452..1016.452 rows=57 loops=1)
        Buckets: 1024  Batches: 1  Memory Usage: 11kB
        ->  Nested Loop  (cost=0.43..58375.31 rows=2 width=8) (actual time=314.986..1016.388 rows=57 loops=1)
              ->  Seq Scan on movie_companies mc  (cost=0.00..57926.93 rows=53 width=4) (actual time=98.250..998.832 rows=197 loops=1)
                    Filter: ((company_type_id > 1) AND (company_id = 125))
                    Rows Removed by Filter: 2608932
              ->  Index Scan using title_pkey on title t  (cost=0.43..8.45 rows=1 width=4) (actual time=0.087..0.087 rows=0 loops=197)
                    Index Cond: (id = mc.movie_id)
                    Filter: (kind_id = 3)
                    Rows Removed by Filter: 1
Planning time: 1.193 ms
Execution time: 1629.882 ms
