Hash Join  (cost=156632.57..222092.17 rows=78383 width=0) (actual time=3727.008..5220.127 rows=373345 loops=1)
  Hash Cond: (mc.movie_id = t.id)
  ->  Seq Scan on movie_companies mc  (cost=0.00..57926.93 rows=426622 width=4) (actual time=113.384..1123.118 rows=611506 loops=1)
        Filter: ((company_id < 2561) AND (company_type_id < 2))
        Rows Removed by Filter: 1997623
  ->  Hash  (cost=149010.49..149010.49 rows=464566 width=8) (actual time=3612.834..3612.834 rows=459925 loops=1)
        Buckets: 131072  Batches: 8  Memory Usage: 3275kB
        ->  Hash Join  (cost=102767.86..149010.49 rows=464566 width=8) (actual time=2119.822..3474.396 rows=459925 loops=1)
              Hash Cond: (mi_idx.movie_id = t.id)
              ->  Seq Scan on movie_info_idx mi_idx  (cost=0.00..25185.44 rows=464566 width=4) (actual time=0.036..511.624 rows=459925 loops=1)
                    Filter: (info_type_id = 101)
                    Rows Removed by Filter: 920110
              ->  Hash  (cost=61283.27..61283.27 rows=2528527 width=4) (actual time=2118.423..2118.423 rows=2528312 loops=1)
                    Buckets: 131072  Batches: 64  Memory Usage: 2415kB
                    ->  Seq Scan on title t  (cost=0.00..61283.27 rows=2528527 width=4) (actual time=0.023..1288.222 rows=2528312 loops=1)
Planning time: 1.237 ms
Execution time: 5270.195 ms
