Hash Join  (cost=58358.90..145017.85 rows=91 width=0) (actual time=992.071..2609.902 rows=343 loops=1)
  Hash Cond: (mk.movie_id = t.id)
  ->  Seq Scan on movie_keyword mk  (cost=0.00..69693.30 rows=4523930 width=4) (actual time=0.035..942.285 rows=4523930 loops=1)
  ->  Hash  (cost=58358.27..58358.27 rows=51 width=8) (actual time=897.300..897.300 rows=66 loops=1)
        Buckets: 1024  Batches: 1  Memory Usage: 11kB
        ->  Nested Loop  (cost=0.43..58358.27 rows=51 width=8) (actual time=9.648..897.214 rows=66 loops=1)
              ->  Seq Scan on movie_companies mc  (cost=0.00..57926.93 rows=51 width=4) (actual time=9.564..894.671 rows=66 loops=1)
                    Filter: ((company_type_id < 2) AND (company_id = 836))
                    Rows Removed by Filter: 2609063
              ->  Index Only Scan using title_pkey on title t  (cost=0.43..8.45 rows=1 width=4) (actual time=0.034..0.035 rows=1 loops=66)
                    Index Cond: (id = mc.movie_id)
                    Heap Fetches: 66
Planning time: 1.154 ms
Execution time: 2610.090 ms
