Seq Scan on cast_info ci  (cost=0.00..796071.18 rows=18966053 width=0) (actual time=0.014..15541.391 rows=17855537 loops=1)
  Filter: ((person_id > 1198690) AND (role_id < 8))
  Rows Removed by Filter: 18388807
Planning time: 0.409 ms
Execution time: 17754.611 ms
