Nested Loop  (cost=0.43..797957.66 rows=224 width=0) (actual time=157.678..12455.024 rows=5 loops=1)
  ->  Seq Scan on cast_info ci  (cost=0.00..796071.18 rows=224 width=4) (actual time=157.593..12454.693 rows=5 loops=1)
        Filter: ((role_id > 2) AND (person_id = 2790708))
        Rows Removed by Filter: 36244339
  ->  Index Only Scan using title_pkey on title t  (cost=0.43..8.41 rows=1 width=4) (actual time=0.041..0.042 rows=1 loops=5)
        Index Cond: (id = ci.movie_id)
        Heap Fetches: 5
Planning time: 0.756 ms
Execution time: 12455.115 ms
