Hash Join  (cost=429839.10..517195.44 rows=69831 width=0) (actual time=7527.192..10082.424 rows=2608181 loops=1)
  Hash Cond: (mk.movie_id = t.id)
  ->  Seq Scan on movie_keyword mk  (cost=0.00..69693.30 rows=4523930 width=4) (actual time=0.018..1114.678 rows=4523930 loops=1)
  ->  Hash  (cost=429351.22..429351.22 rows=39030 width=8) (actual time=7526.670..7526.670 rows=41490 loops=1)
        Buckets: 65536  Batches: 1  Memory Usage: 2133kB
        ->  Hash Join  (cost=69002.72..429351.22 rows=39030 width=8) (actual time=3782.369..7511.975 rows=41490 loops=1)
              Hash Cond: (mi.movie_id = t.id)
              ->  Seq Scan on movie_info mi  (cost=0.00..346232.03 rows=1158179 width=4) (actual time=2419.010..5875.790 rows=1204709 loops=1)
                    Filter: (info_type_id > 18)
                    Rows Removed by Filter: 13631011
              ->  Hash  (cost=67604.59..67604.59 rows=85211 width=4) (actual time=1197.279..1197.279 rows=84593 loops=1)
                    Buckets: 131072  Batches: 2  Memory Usage: 2524kB
                    ->  Seq Scan on title t  (cost=0.00..67604.59 rows=85211 width=4) (actual time=0.040..1162.326 rows=84593 loops=1)
                          Filter: (production_year = 2004)
                          Rows Removed by Filter: 2443719
Planning time: 8.691 ms
Execution time: 10395.937 ms
