Hash Join  (cost=52284.46..803079.50 rows=587 width=0) (actual time=706.395..16639.390 rows=7441 loops=1)
  Hash Cond: (ci.movie_id = t.id)
  ->  Seq Scan on cast_info ci  (cost=0.00..614943.12 rows=36225612 width=4) (actual time=0.021..9116.443 rows=36244344 loops=1)
  ->  Hash  (cost=52283.95..52283.95 rows=41 width=8) (actual time=703.928..703.928 rows=136 loops=1)
        Buckets: 1024  Batches: 1  Memory Usage: 14kB
        ->  Nested Loop  (cost=0.43..52283.95 rows=41 width=8) (actual time=39.101..703.821 rows=136 loops=1)
              ->  Seq Scan on movie_companies mc  (cost=0.00..51404.11 rows=104 width=4) (actual time=39.021..699.979 rows=136 loops=1)
                    Filter: (company_id = 10192)
                    Rows Removed by Filter: 2608993
              ->  Index Scan using title_pkey on title t  (cost=0.43..8.45 rows=1 width=4) (actual time=0.026..0.026 rows=1 loops=136)
                    Index Cond: (id = mc.movie_id)
                    Filter: (kind_id < 7)
Planning time: 1.152 ms
Execution time: 16642.041 ms
