Hash Join  (cost=83073.11..833864.72 rows=238 width=0) (actual time=956.625..15208.671 rows=1566 loops=1)
  Hash Cond: (ci.movie_id = t.id)
  ->  Seq Scan on cast_info ci  (cost=0.00..614943.12 rows=36225612 width=4) (actual time=0.014..7802.901 rows=36244344 loops=1)
  ->  Hash  (cost=83072.90..83072.90 rows=17 width=8) (actual time=922.491..922.491 rows=115 loops=1)
        Buckets: 1024  Batches: 1  Memory Usage: 13kB
        ->  Nested Loop  (cost=0.43..83072.90 rows=17 width=8) (actual time=44.707..922.363 rows=115 loops=1)
              ->  Seq Scan on movie_keyword mk  (cost=0.00..81003.12 rows=246 width=4) (actual time=0.170..832.452 rows=4387 loops=1)
                    Filter: (keyword_id = 20321)
                    Rows Removed by Filter: 4519543
              ->  Index Scan using title_pkey on title t  (cost=0.43..8.40 rows=1 width=4) (actual time=0.020..0.020 rows=0 loops=4387)
                    Index Cond: (id = mk.movie_id)
                    Filter: ((kind_id > 1) AND (production_year > 2011))
                    Rows Removed by Filter: 1
Planning time: 1.134 ms
Execution time: 15209.379 ms
