Seq Scan on movie_keyword mk  (cost=0.00..81003.12 rows=246 width=0) (actual time=792.325..933.369 rows=1 loops=1)
  Filter: (keyword_id = 104626)
  Rows Removed by Filter: 4523929
Planning time: 0.395 ms
Execution time: 933.457 ms
