Seq Scan on movie_keyword mk  (cost=0.00..81003.12 rows=2999161 width=0) (actual time=0.028..1327.562 rows=2986294 loops=1)
  Filter: (keyword_id > 2243)
  Rows Removed by Filter: 1537636
Planning time: 0.291 ms
Execution time: 1684.227 ms
