Hash Join  (cost=73982.55..161570.89 rows=3132 width=0) (actual time=2357.635..2943.857 rows=1565 loops=1)
  Hash Cond: (mk.movie_id = t.id)
  ->  Seq Scan on movie_keyword mk  (cost=0.00..81003.12 rows=1747704 width=4) (actual time=0.028..1393.017 rows=1754043 loops=1)
        Filter: (keyword_id > 7920)
        Rows Removed by Filter: 2769887
  ->  Hash  (cost=73925.90..73925.90 rows=4532 width=4) (actual time=1259.761..1259.761 rows=7895 loops=1)
        Buckets: 8192  Batches: 1  Memory Usage: 342kB
        ->  Seq Scan on title t  (cost=0.00..73925.90 rows=4532 width=4) (actual time=324.625..1255.925 rows=7895 loops=1)
              Filter: ((kind_id = 7) AND (production_year = 1982))
              Rows Removed by Filter: 2520417
Planning time: 0.758 ms
Execution time: 2944.199 ms
