Hash Join  (cost=190542.31..329248.86 rows=1371052 width=0) (actual time=5206.825..7825.185 rows=650494 loops=1)
  Hash Cond: (mk.movie_id = t.id)
  ->  Seq Scan on movie_keyword mk  (cost=0.00..69693.30 rows=4523930 width=4) (actual time=0.023..1323.044 rows=4523930 loops=1)
  ->  Hash  (cost=177969.41..177969.41 rows=766312 width=8) (actual time=4019.463..4019.463 rows=380905 loops=1)
        Buckets: 131072  Batches: 16  Memory Usage: 1947kB
        ->  Hash Join  (cost=97835.13..177969.41 rows=766312 width=8) (actual time=1905.828..3904.117 rows=380905 loops=1)
              Hash Cond: (mc.movie_id = t.id)
              ->  Seq Scan on movie_companies mc  (cost=0.00..51404.11 rows=1329612 width=4) (actual time=39.534..1015.276 rows=1334883 loops=1)
                    Filter: (company_type_id = 2)
                    Rows Removed by Filter: 1274246
              ->  Hash  (cost=73925.90..73925.90 rows=1457298 width=4) (actual time=1864.989..1864.989 rows=1438183 loops=1)
                    Buckets: 131072  Batches: 32  Memory Usage: 2604kB
                    ->  Seq Scan on title t  (cost=0.00..73925.90 rows=1457298 width=4) (actual time=0.031..1395.041 rows=1438183 loops=1)
                          Filter: ((production_year < 2013) AND (kind_id = 7))
                          Rows Removed by Filter: 1090129
Planning time: 1.177 ms
Execution time: 7906.956 ms
