Hash Join  (cost=502263.82..656303.55 rows=2017569 width=0) (actual time=9465.137..16071.980 rows=11947626 loops=1)
  Hash Cond: (mk.movie_id = t.id)
  ->  Seq Scan on movie_keyword mk  (cost=0.00..81003.12 rows=4157044 width=4) (actual time=0.024..1830.523 rows=4159075 loops=1)
        Filter: (keyword_id < 45986)
        Rows Removed by Filter: 364855
  ->  Hash  (cost=482129.96..482129.96 rows=1227189 width=8) (actual time=9450.606..9450.606 rows=1283187 loops=1)
        Buckets: 131072  Batches: 32  Memory Usage: 2668kB
        ->  Hash Join  (cost=84197.31..482129.96 rows=1227189 width=8) (actual time=3290.084..9065.473 rows=1283187 loops=1)
              Hash Cond: (mi.movie_id = t.id)
              ->  Seq Scan on movie_info mi  (cost=0.00..346232.03 rows=3068194 width=4) (actual time=1783.821..5506.776 rows=3036719 loops=1)
                    Filter: (info_type_id = 16)
                    Rows Removed by Filter: 11799001
              ->  Hash  (cost=67604.59..67604.59 rows=1011338 width=4) (actual time=1505.246..1505.246 rows=1012920 loops=1)
                    Buckets: 131072  Batches: 16  Memory Usage: 3256kB
                    ->  Seq Scan on title t  (cost=0.00..67604.59 rows=1011338 width=4) (actual time=0.028..1181.468 rows=1012920 loops=1)
                          Filter: (production_year > 2005)
                          Rows Removed by Filter: 1515392
Planning time: 1.209 ms
Execution time: 17506.957 ms
