Seq Scan on movie_companies mc  (cost=0.00..51404.11 rows=2529378 width=0) (actual time=0.021..1003.580 rows=2525503 loops=1)
  Filter: (company_id > 16)
  Rows Removed by Filter: 83626
Planning time: 0.301 ms
Execution time: 1317.595 ms
