Hash Join  (cost=190230.21..348516.04 rows=2305264 width=0) (actual time=4878.012..11664.031 rows=9740345 loops=1)
  Hash Cond: (mk.movie_id = t.id)
  ->  Seq Scan on movie_keyword mk  (cost=0.00..81003.12 rows=4223749 width=4) (actual time=0.018..1840.921 rows=4228658 loops=1)
        Filter: (keyword_id < 54412)
        Rows Removed by Filter: 295272
  ->  Hash  (cost=167588.78..167588.78 rows=1380035 width=8) (actual time=4876.759..4876.759 rows=1380035 loops=1)
        Buckets: 131072  Batches: 32  Memory Usage: 2726kB
        ->  Hash Join  (cost=102767.86..167588.78 rows=1380035 width=8) (actual time=1835.193..4445.209 rows=1380035 loops=1)
              Hash Cond: (mi_idx.movie_id = t.id)
              ->  Seq Scan on movie_info_idx mi_idx  (cost=0.00..21735.35 rows=1380035 width=4) (actual time=0.022..418.323 rows=1380035 loops=1)
              ->  Hash  (cost=61283.27..61283.27 rows=2528527 width=4) (actual time=1833.231..1833.231 rows=2528312 loops=1)
                    Buckets: 131072  Batches: 64  Memory Usage: 2415kB
                    ->  Seq Scan on title t  (cost=0.00..61283.27 rows=2528527 width=4) (actual time=0.014..1006.922 rows=2528312 loops=1)
Planning time: 1.108 ms
Execution time: 12696.959 ms
