Hash Join  (cost=936857.11..1372280.54 rows=1479674 width=0) (actual time=16020.662..26692.124 rows=2569424 loops=1)
  Hash Cond: (mi.movie_id = t.id)
  ->  Seq Scan on movie_info mi  (cost=0.00..346232.03 rows=6231111 width=4) (actual time=0.019..6402.242 rows=6223494 loops=1)
        Filter: (info_type_id > 8)
        Rows Removed by Filter: 8612226
  ->  Hash  (cost=927005.64..927005.64 rows=600438 width=8) (actual time=16019.870..16019.870 rows=572170 loops=1)
        Buckets: 131072  Batches: 8  Memory Usage: 3835kB
        ->  Hash Join  (cost=107432.01..927005.64 rows=600438 width=8) (actual time=7475.431..15844.947 rows=572170 loops=1)
              Hash Cond: (ci.movie_id = t.id)
              ->  Seq Scan on cast_info ci  (cost=0.00..796071.18 rows=625413 width=4) (actual time=5412.144..12277.147 rows=583946 loops=1)
                    Filter: ((person_id < 1284709) AND (role_id = 8))
                    Rows Removed by Filter: 35660398
              ->  Hash  (cost=67604.59..67604.59 rows=2427554 width=4) (actual time=2062.455..2062.455 rows=2421168 loops=1)
                    Buckets: 131072  Batches: 32  Memory Usage: 3685kB
                    ->  Seq Scan on title t  (cost=0.00..67604.59 rows=2427554 width=4) (actual time=0.017..1324.145 rows=2421168 loops=1)
                          Filter: (production_year > 1911)
                          Rows Removed by Filter: 107144
Planning time: 2.131 ms
Execution time: 26989.180 ms
