Hash Join  (cost=83072.68..109983.34 rows=17 width=0) (actual time=1263.522..1786.864 rows=36 loops=1)
  Hash Cond: (mi_idx.movie_id = t.id)
  ->  Seq Scan on movie_info_idx mi_idx  (cost=0.00..21735.35 rows=1380035 width=4) (actual time=0.017..291.844 rows=1380035 loops=1)
  ->  Hash  (cost=83072.29..83072.29 rows=32 width=8) (actual time=1246.656..1246.656 rows=16 loops=1)
        Buckets: 1024  Batches: 1  Memory Usage: 9kB
        ->  Nested Loop  (cost=0.43..83072.29 rows=32 width=8) (actual time=151.274..1246.617 rows=16 loops=1)
              ->  Seq Scan on movie_keyword mk  (cost=0.00..81003.12 rows=246 width=4) (actual time=31.147..1239.655 rows=56 loops=1)
                    Filter: (keyword_id = 14649)
                    Rows Removed by Filter: 4523874
              ->  Index Scan using title_pkey on title t  (cost=0.43..8.40 rows=1 width=4) (actual time=0.119..0.119 rows=0 loops=56)
                    Index Cond: (id = mk.movie_id)
                    Filter: (production_year < 1967)
                    Rows Removed by Filter: 1
Planning time: 0.775 ms
Execution time: 1786.980 ms
