Seq Scan on movie_keyword mk  (cost=0.00..81003.12 rows=4064761 width=0) (actual time=0.038..1153.769 rows=4068157 loops=1)
  Filter: (keyword_id < 38896)
  Rows Removed by Filter: 455773
Planning time: 0.313 ms
Execution time: 1551.578 ms
