Seq Scan on movie_companies mc  (cost=0.00..51404.11 rows=156946 width=0) (actual time=115.280..764.974 rows=155489 loops=1)
  Filter: (company_id > 129723)
  Rows Removed by Filter: 2453640
Planning time: 0.237 ms
Execution time: 785.158 ms
