Hash Join  (cost=52284.90..79195.68 rows=30 width=0) (actual time=920.148..1492.528 rows=633 loops=1)
  Hash Cond: (mi_idx.movie_id = t.id)
  ->  Seq Scan on movie_info_idx mi_idx  (cost=0.00..21735.35 rows=1380035 width=4) (actual time=0.029..325.713 rows=1380035 loops=1)
  ->  Hash  (cost=52284.21..52284.21 rows=55 width=8) (actual time=915.126..915.126 rows=343 loops=1)
        Buckets: 1024  Batches: 1  Memory Usage: 22kB
        ->  Nested Loop  (cost=0.43..52284.21 rows=55 width=8) (actual time=7.320..914.843 rows=343 loops=1)
              ->  Seq Scan on movie_companies mc  (cost=0.00..51404.11 rows=104 width=4) (actual time=0.968..876.377 rows=746 loops=1)
                    Filter: (company_id = 158)
                    Rows Removed by Filter: 2608383
              ->  Index Scan using title_pkey on title t  (cost=0.43..8.45 rows=1 width=4) (actual time=0.050..0.050 rows=0 loops=746)
                    Index Cond: (id = mc.movie_id)
                    Filter: ((kind_id > 2) AND (production_year > 1982))
                    Rows Removed by Filter: 1
Planning time: 1.173 ms
Execution time: 1492.816 ms
