Seq Scan on cast_info ci  (cost=0.00..796071.18 rows=14430693 width=0) (actual time=0.017..14613.918 rows=19701961 loops=1)
  Filter: ((person_id > 1375298) AND (role_id > 1))
  Rows Removed by Filter: 16542383
Planning time: 0.351 ms
Execution time: 16894.874 ms
