Hash Join  (cost=102767.86..1199422.55 rows=12081201 width=0) (actual time=10833.358..29696.942 rows=11403020 loops=1)
  Hash Cond: (ci.movie_id = t.id)
  ->  Seq Scan on cast_info ci  (cost=0.00..796071.18 rows=12081201 width=4) (actual time=8876.559..17647.948 rows=11403020 loops=1)
        Filter: ((person_id > 175411) AND (role_id = 1))
        Rows Removed by Filter: 24841324
  ->  Hash  (cost=61283.27..61283.27 rows=2528527 width=4) (actual time=1955.736..1955.736 rows=2528312 loops=1)
        Buckets: 131072  Batches: 64  Memory Usage: 2415kB
        ->  Seq Scan on title t  (cost=0.00..61283.27 rows=2528527 width=4) (actual time=0.022..1092.487 rows=2528312 loops=1)
Planning time: 1.058 ms
Execution time: 30982.329 ms
