Hash Join  (cost=100957.39..155650.41 rows=2750 width=0) (actual time=1743.158..2699.463 rows=14433 loops=1)
  Hash Cond: (mc.movie_id = t.id)
  ->  Seq Scan on movie_companies mc  (cost=0.00..44881.29 rows=2609129 width=4) (actual time=0.017..631.905 rows=2609129 loops=1)
  ->  Hash  (cost=100924.07..100924.07 rows=2665 width=8) (actual time=1585.563..1585.563 rows=6435 loops=1)
        Buckets: 8192 (originally 4096)  Batches: 1 (originally 1)  Memory Usage: 316kB
        ->  Hash Join  (cost=73986.94..100924.07 rows=2665 width=8) (actual time=1188.808..1583.045 rows=6435 loops=1)
              Hash Cond: (mi_idx.movie_id = t.id)
              ->  Seq Scan on movie_info_idx mi_idx  (cost=0.00..21735.35 rows=1380035 width=4) (actual time=0.026..315.802 rows=1380035 loops=1)
              ->  Hash  (cost=73925.90..73925.90 rows=4883 width=4) (actual time=968.999..968.999 rows=9263 loops=1)
                    Buckets: 16384 (originally 8192)  Batches: 1 (originally 1)  Memory Usage: 454kB
                    ->  Seq Scan on title t  (cost=0.00..73925.90 rows=4883 width=4) (actual time=0.012..965.090 rows=9263 loops=1)
                          Filter: ((kind_id = 4) AND (production_year = 2006))
                          Rows Removed by Filter: 2519049
Planning time: 1.185 ms
Execution time: 2701.931 ms
