Seq Scan on movie_companies mc  (cost=0.00..57926.93 rows=53 width=0) (actual time=8.244..807.358 rows=63 loops=1)
  Filter: ((company_type_id > 1) AND (company_id = 77201))
  Rows Removed by Filter: 2609066
Planning time: 0.374 ms
Execution time: 807.488 ms
