Seq Scan on movie_keyword mk  (cost=0.00..81003.12 rows=2335593 width=0) (actual time=0.019..1424.411 rows=2336230 loops=1)
  Filter: (keyword_id < 5163)
  Rows Removed by Filter: 2187700
Planning time: 0.332 ms
Execution time: 1712.619 ms
