Hash Join  (cost=122535.74..958656.95 rows=32153 width=0) (actual time=2170.065..20780.133 rows=163106 loops=1)
  Hash Cond: (ci.movie_id = t.id)
  ->  Seq Scan on cast_info ci  (cost=0.00..796071.18 rows=10594266 width=4) (actual time=0.021..15962.432 rows=12670688 loops=1)
        Filter: ((person_id < 3036144) AND (role_id = 1))
        Rows Removed by Filter: 23573656
  ->  Hash  (cost=122439.81..122439.81 rows=7674 width=8) (actual time=2169.548..2169.548 rows=17357 loops=1)
        Buckets: 32768 (originally 8192)  Batches: 1 (originally 1)  Memory Usage: 935kB
        ->  Hash Join  (cost=67697.55..122439.81 rows=7674 width=8) (actual time=947.267..2162.136 rows=17357 loops=1)
              Hash Cond: (mc.movie_id = t.id)
              ->  Seq Scan on movie_companies mc  (cost=0.00..44881.29 rows=2609129 width=4) (actual time=0.021..622.600 rows=2609129 loops=1)
              ->  Hash  (cost=67604.59..67604.59 rows=7437 width=4) (actual time=947.073..947.073 rows=11121 loops=1)
                    Buckets: 16384 (originally 8192)  Batches: 1 (originally 1)  Memory Usage: 519kB
                    ->  Seq Scan on title t  (cost=0.00..67604.59 rows=7437 width=4) (actual time=0.024..941.544 rows=11121 loops=1)
                          Filter: (production_year = 1960)
                          Rows Removed by Filter: 2517191
Planning time: 1.582 ms
Execution time: 20803.048 ms
