Hash Join  (cost=83810.17..886182.62 rows=61647 width=0) (actual time=3785.260..14061.051 rows=30819 loops=1)
  Hash Cond: (ci.movie_id = t.id)
  ->  Seq Scan on cast_info ci  (cost=0.00..796071.18 rows=157813 width=4) (actual time=2326.127..12401.796 rows=64196 loops=1)
        Filter: ((person_id < 1604030) AND (role_id > 10))
        Rows Removed by Filter: 36180148
  ->  Hash  (cost=67604.59..67604.59 rows=987727 width=4) (actual time=1458.194..1458.194 rows=985048 loops=1)
        Buckets: 131072  Batches: 16  Memory Usage: 3188kB
        ->  Seq Scan on title t  (cost=0.00..67604.59 rows=987727 width=4) (actual time=0.025..1154.070 rows=985048 loops=1)
              Filter: (kind_id < 7)
              Rows Removed by Filter: 1543264
Planning time: 0.528 ms
Execution time: 14064.872 ms
