Hash Join  (cost=94655.84..153219.52 rows=1030 width=0) (actual time=1628.684..2937.197 rows=5885 loops=1)
  Hash Cond: (mc.movie_id = t.id)
  ->  Seq Scan on movie_companies mc  (cost=0.00..51404.11 rows=1906470 width=4) (actual time=0.026..997.085 rows=1916403 loops=1)
        Filter: (company_id > 1283)
        Rows Removed by Filter: 692726
  ->  Hash  (cost=94638.77..94638.77 rows=1366 width=8) (actual time=1623.982..1623.982 rows=2791 loops=1)
        Buckets: 4096 (originally 2048)  Batches: 1 (originally 1)  Memory Usage: 142kB
        ->  Hash Join  (cost=67697.55..94638.77 rows=1366 width=8) (actual time=999.958..1622.566 rows=2791 loops=1)
              Hash Cond: (mi_idx.movie_id = t.id)
              ->  Seq Scan on movie_info_idx mi_idx  (cost=0.00..25185.44 rows=464566 width=4) (actual time=0.023..516.562 rows=459925 loops=1)
                    Filter: (info_type_id = 101)
                    Rows Removed by Filter: 920110
              ->  Hash  (cost=67604.59..67604.59 rows=7437 width=4) (actual time=999.774..999.774 rows=11416 loops=1)
                    Buckets: 16384 (originally 8192)  Batches: 1 (originally 1)  Memory Usage: 530kB
                    ->  Seq Scan on title t  (cost=0.00..67604.59 rows=7437 width=4) (actual time=0.059..994.098 rows=11416 loops=1)
                          Filter: (production_year = 1964)
                          Rows Removed by Filter: 2516896
Planning time: 1.153 ms
Execution time: 2938.428 ms
