Hash Join  (cost=83074.74..142829.04 rows=217 width=0) (actual time=1198.148..2456.797 rows=206 loops=1)
  Hash Cond: (mc.movie_id = t.id)
  ->  Seq Scan on movie_companies mc  (cost=0.00..51404.11 rows=2226137 width=4) (actual time=0.024..983.752 rows=2222939 loops=1)
        Filter: (company_id < 83519)
        Rows Removed by Filter: 386190
  ->  Hash  (cost=83071.67..83071.67 rows=246 width=8) (actual time=1162.116..1162.116 rows=20 loops=1)
        Buckets: 1024  Batches: 1  Memory Usage: 9kB
        ->  Nested Loop  (cost=0.43..83071.67 rows=246 width=8) (actual time=72.720..1162.088 rows=20 loops=1)
              ->  Seq Scan on movie_keyword mk  (cost=0.00..81003.12 rows=246 width=4) (actual time=72.610..1161.281 rows=20 loops=1)
                    Filter: (keyword_id = 84792)
                    Rows Removed by Filter: 4523910
              ->  Index Only Scan using title_pkey on title t  (cost=0.43..8.40 rows=1 width=4) (actual time=0.034..0.035 rows=1 loops=20)
                    Index Cond: (id = mk.movie_id)
                    Heap Fetches: 20
Planning time: 1.523 ms
Execution time: 2456.970 ms
