Seq Scan on movie_keyword mk  (cost=0.00..81003.12 rows=7461 width=0) (actual time=92.227..1163.997 rows=5794 loops=1)
  Filter: (keyword_id > 128792)
  Rows Removed by Filter: 4518136
Planning time: 0.302 ms
Execution time: 1164.918 ms
