Hash Join  (cost=220733.48..1353026.36 rows=9587471 width=0) (actual time=5110.848..42592.024 rows=26114522 loops=1)
  Hash Cond: (ci.movie_id = t.id)
  ->  Seq Scan on cast_info ci  (cost=0.00..614943.12 rows=36225612 width=4) (actual time=0.016..12945.163 rows=36244344 loops=1)
  ->  Hash  (cost=209753.48..209753.48 rows=669200 width=8) (actual time=5109.639..5109.639 rows=669665 loops=1)
        Buckets: 131072  Batches: 16  Memory Usage: 2685kB
        ->  Hash Join  (cost=102767.86..209753.48 rows=669200 width=8) (actual time=1965.509..4922.139 rows=669665 loops=1)
              Hash Cond: (mk.movie_id = t.id)
              ->  Seq Scan on movie_keyword mk  (cost=0.00..81003.12 rows=669200 width=4) (actual time=0.022..1309.561 rows=669665 loops=1)
                    Filter: (keyword_id < 527)
                    Rows Removed by Filter: 3854265
              ->  Hash  (cost=61283.27..61283.27 rows=2528527 width=4) (actual time=1963.359..1963.359 rows=2528312 loops=1)
                    Buckets: 131072  Batches: 64  Memory Usage: 2425kB
                    ->  Seq Scan on title t  (cost=0.00..61283.27 rows=2528527 width=4) (actual time=0.020..1098.309 rows=2528312 loops=1)
Planning time: 1.145 ms
Execution time: 45394.898 ms
