Hash Join  (cost=145840.62..634622.34 rows=841179 width=0) (actual time=2721.318..14164.188 rows=1480769 loops=1)
  Hash Cond: (mi.movie_id = t.id)
  ->  Seq Scan on movie_info mi  (cost=0.00..309384.22 rows=14739122 width=4) (actual time=0.009..5628.390 rows=14835720 loops=1)
  ->  Hash  (cost=143472.80..143472.80 rows=144306 width=8) (actual time=2720.388..2720.388 rows=103108 loops=1)
        Buckets: 131072  Batches: 2  Memory Usage: 3051kB
        ->  Hash Join  (cost=82423.69..143472.80 rows=144306 width=8) (actual time=1485.659..2685.825 rows=103108 loops=1)
              Hash Cond: (mc.movie_id = t.id)
              ->  Seq Scan on movie_companies mc  (cost=0.00..51404.11 rows=403984 width=4) (actual time=0.019..830.074 rows=403659 loops=1)
                    Filter: (company_id < 258)
                    Rows Removed by Filter: 2205470
              ->  Hash  (cost=67604.59..67604.59 rows=903208 width=4) (actual time=1484.087..1484.087 rows=904491 loops=1)
                    Buckets: 131072  Batches: 16  Memory Usage: 3010kB
                    ->  Seq Scan on title t  (cost=0.00..67604.59 rows=903208 width=4) (actual time=0.018..1190.347 rows=904491 loops=1)
                          Filter: (production_year > 2006)
                          Rows Removed by Filter: 1623821
Planning time: 3.726 ms
Execution time: 14354.806 ms
