Hash Join  (cost=174336.24..301878.71 rows=454743 width=0) (actual time=3540.303..7265.927 rows=2192037 loops=1)
  Hash Cond: (mk.movie_id = t.id)
  ->  Seq Scan on movie_keyword mk  (cost=0.00..69693.30 rows=4523930 width=4) (actual time=0.012..1410.108 rows=4523930 loops=1)
  ->  Hash  (cost=170166.17..170166.17 rows=254166 width=8) (actual time=3538.194..3538.194 rows=257501 loops=1)
        Buckets: 131072  Batches: 4  Memory Usage: 3550kB
        ->  Hash Join  (cost=102767.86..170166.17 rows=254166 width=8) (actual time=2273.248..3440.273 rows=257501 loops=1)
              Hash Cond: (mc.movie_id = t.id)
              ->  Seq Scan on movie_companies mc  (cost=0.00..51404.11 rows=254166 width=4) (actual time=434.436..918.945 rows=257501 loops=1)
                    Filter: (company_id > 99855)
                    Rows Removed by Filter: 2351628
              ->  Hash  (cost=61283.27..61283.27 rows=2528527 width=4) (actual time=1837.353..1837.353 rows=2528312 loops=1)
                    Buckets: 131072  Batches: 64  Memory Usage: 2415kB
                    ->  Seq Scan on title t  (cost=0.00..61283.27 rows=2528527 width=4) (actual time=0.017..993.235 rows=2528312 loops=1)
Planning time: 1.081 ms
Execution time: 7564.380 ms
