Seq Scan on movie_companies mc  (cost=0.00..51404.11 rows=104 width=0) (actual time=17.776..753.606 rows=39 loops=1)
  Filter: (company_id = 11216)
  Rows Removed by Filter: 2609090
Planning time: 0.362 ms
Execution time: 753.714 ms
