Hash Join  (cost=77347.14..994353.50 rows=799609 width=0) (actual time=7156.883..21689.949 rows=1278901 loops=1)
  Hash Cond: (ci.movie_id = t.id)
  ->  Seq Scan on cast_info ci  (cost=0.00..796071.18 rows=9697089 width=4) (actual time=6055.113..15073.180 rows=12097844 loops=1)
        Filter: ((person_id > 1424989) AND (role_id > 2))
        Rows Removed by Filter: 24146500
  ->  Hash  (cost=73925.90..73925.90 rows=208499 width=4) (actual time=1100.920..1100.920 rows=182393 loops=1)
        Buckets: 131072  Batches: 4  Memory Usage: 2628kB
        ->  Seq Scan on title t  (cost=0.00..73925.90 rows=208499 width=4) (actual time=84.566..1043.291 rows=182393 loops=1)
              Filter: ((production_year > 2007) AND (kind_id = 1))
              Rows Removed by Filter: 2345919
Planning time: 0.767 ms
Execution time: 21855.108 ms
