Nested Loop  (cost=0.43..52283.95 rows=41 width=0) (actual time=0.392..828.316 rows=1765 loops=1)
  ->  Seq Scan on movie_companies mc  (cost=0.00..51404.11 rows=104 width=4) (actual time=0.346..759.182 rows=1968 loops=1)
        Filter: (company_id = 425)
        Rows Removed by Filter: 2607161
  ->  Index Scan using title_pkey on title t  (cost=0.43..8.45 rows=1 width=4) (actual time=0.034..0.034 rows=1 loops=1968)
        Index Cond: (id = mc.movie_id)
        Filter: (kind_id < 7)
        Rows Removed by Filter: 0
Planning time: 0.744 ms
Execution time: 828.891 ms
