Seq Scan on movie_keyword mk  (cost=0.00..81003.12 rows=246 width=0) (actual time=10.132..1176.087 rows=107 loops=1)
  Filter: (keyword_id = 10752)
  Rows Removed by Filter: 4523823
Planning time: 0.360 ms
Execution time: 1176.250 ms
