Hash Join  (cost=74223.04..880159.17 rows=24126 width=0) (actual time=1711.027..13832.426 rows=48101 loops=1)
  Hash Cond: (ci.movie_id = t.id)
  ->  Seq Scan on cast_info ci  (cost=0.00..796071.18 rows=2566317 width=4) (actual time=508.293..11585.658 rows=5231937 loops=1)
        Filter: ((person_id < 701218) AND (role_id = 1))
        Rows Removed by Filter: 31012407
  ->  Hash  (cost=73925.90..73925.90 rows=23771 width=4) (actual time=1202.430..1202.430 rows=20633 loops=1)
        Buckets: 32768  Batches: 1  Memory Usage: 982kB
        ->  Seq Scan on title t  (cost=0.00..73925.90 rows=23771 width=4) (actual time=1.283..1193.209 rows=20633 loops=1)
              Filter: ((kind_id < 7) AND (production_year = 2002))
              Rows Removed by Filter: 2507679
Planning time: 0.756 ms
Execution time: 13840.273 ms
