Seq Scan on movie_keyword mk  (cost=0.00..81003.12 rows=246 width=0) (actual time=3.439..1307.421 rows=563 loops=1)
  Filter: (keyword_id = 20337)
  Rows Removed by Filter: 4523367
Planning time: 0.358 ms
Execution time: 1307.754 ms
