Hash Join  (cost=639835.35..1890537.97 rows=20827862 width=0) (actual time=18805.722..74598.606 rows=119430342 loops=1)
  Hash Cond: (ci.movie_id = t.id)
  ->  Seq Scan on cast_info ci  (cost=0.00..705507.15 rows=18282787 width=4) (actual time=0.012..14549.211 rows=18169898 loops=1)
        Filter: (person_id < 1804066)
        Rows Removed by Filter: 18074446
  ->  Hash  (cost=592575.94..592575.94 rows=2880513 width=8) (actual time=18802.469..18802.469 rows=6611605 loops=1)
        Buckets: 131072 (originally 131072)  Batches: 128 (originally 64)  Memory Usage: 3073kB
        ->  Hash Join  (cost=82033.88..592575.94 rows=2880513 width=8) (actual time=1695.029..16845.741 rows=6611605 loops=1)
              Hash Cond: (mi.movie_id = t.id)
              ->  Seq Scan on movie_info mi  (cost=0.00..309384.22 rows=14739122 width=4) (actual time=0.011..6209.884 rows=14835720 loops=1)
              ->  Hash  (cost=73925.90..73925.90 rows=494158 width=4) (actual time=1694.275..1694.275 rows=581419 loops=1)
                    Buckets: 131072  Batches: 8  Memory Usage: 3601kB
                    ->  Seq Scan on title t  (cost=0.00..73925.90 rows=494158 width=4) (actual time=0.032..1233.417 rows=581419 loops=1)
                          Filter: ((kind_id < 7) AND (production_year < 2004))
                          Rows Removed by Filter: 1946893
Planning time: 1.677 ms
Execution time: 87656.360 ms
