Hash Join  (cost=101435.84..198492.72 rows=22047 width=0) (actual time=1915.794..3919.925 rows=15993 loops=1)
  Hash Cond: (mk.movie_id = t.id)
  ->  Seq Scan on movie_keyword mk  (cost=0.00..81003.12 rows=4222210 width=4) (actual time=0.015..1447.305 rows=4226878 loops=1)
        Filter: (keyword_id < 54190)
        Rows Removed by Filter: 297052
  ->  Hash  (cost=101270.80..101270.80 rows=13203 width=8) (actual time=1913.993..1913.993 rows=8031 loops=1)
        Buckets: 16384  Batches: 1  Memory Usage: 442kB
        ->  Hash Join  (cost=74228.29..101270.80 rows=13203 width=8) (actual time=1661.701..1910.998 rows=8031 loops=1)
              Hash Cond: (mi_idx.movie_id = t.id)
              ->  Seq Scan on movie_info_idx mi_idx  (cost=0.00..21735.35 rows=1380035 width=4) (actual time=0.021..308.859 rows=1380035 loops=1)
              ->  Hash  (cost=73925.90..73925.90 rows=24191 width=4) (actual time=1301.878..1301.878 rows=24602 loops=1)
                    Buckets: 32768  Batches: 1  Memory Usage: 1121kB
                    ->  Seq Scan on title t  (cost=0.00..73925.90 rows=24191 width=4) (actual time=0.029..1291.361 rows=24602 loops=1)
                          Filter: ((kind_id = 7) AND (production_year = 1995))
                          Rows Removed by Filter: 2503710
Planning time: 1.188 ms
Execution time: 3922.104 ms
