Hash Join  (cost=169152.53..534202.80 rows=39432 width=0) (actual time=3521.131..10653.615 rows=133424 loops=1)
  Hash Cond: (mi.movie_id = t.id)
  ->  Seq Scan on movie_info mi  (cost=0.00..309384.22 rows=14739122 width=4) (actual time=0.019..4418.763 rows=14835720 loops=1)
  ->  Hash  (cost=169067.97..169067.97 rows=6765 width=8) (actual time=3257.774..3257.774 rows=7397 loops=1)
        Buckets: 8192  Batches: 1  Memory Usage: 353kB
        ->  Hash Join  (cost=73983.12..169067.97 rows=6765 width=8) (actual time=1078.690..3254.904 rows=7397 loops=1)
              Hash Cond: (mk.movie_id = t.id)
              ->  Seq Scan on movie_keyword mk  (cost=0.00..81003.12 rows=3737087 width=4) (actual time=0.024..1634.025 rows=3733700 loops=1)
                    Filter: (keyword_id > 750)
                    Rows Removed by Filter: 790230
              ->  Hash  (cost=73925.90..73925.90 rows=4577 width=4) (actual time=1077.613..1077.613 rows=4138 loops=1)
                    Buckets: 8192  Batches: 1  Memory Usage: 210kB
                    ->  Seq Scan on title t  (cost=0.00..73925.90 rows=4577 width=4) (actual time=303.105..1075.624 rows=4138 loops=1)
                          Filter: ((kind_id = 3) AND (production_year = 2007))
                          Rows Removed by Filter: 2524174
Planning time: 1.201 ms
Execution time: 10679.272 ms
