Seq Scan on cast_info ci  (cost=0.00..796071.18 rows=3579449 width=0) (actual time=6495.574..12548.787 rows=4602173 loops=1)
  Filter: ((person_id < 616156) AND (role_id < 3))
  Rows Removed by Filter: 31642171
Planning time: 0.240 ms
Execution time: 13120.488 ms
