Hash Join  (cost=73244.86..879390.68 rows=2035 width=0) (actual time=3705.050..14879.451 rows=3 loops=1)
  Hash Cond: (ci.movie_id = t.id)
  ->  Seq Scan on cast_info ci  (cost=0.00..796071.18 rows=2681142 width=4) (actual time=2486.501..13744.124 rows=862511 loops=1)
        Filter: ((person_id < 2276272) AND (role_id = 10))
        Rows Removed by Filter: 35381833
  ->  Hash  (cost=73220.88..73220.88 rows=1919 width=8) (actual time=980.085..980.085 rows=1840 loops=1)
        Buckets: 2048  Batches: 1  Memory Usage: 88kB
        ->  Nested Loop  (cost=0.43..73220.88 rows=1919 width=8) (actual time=1.908..979.108 rows=1840 loops=1)
              ->  Seq Scan on movie_companies mc  (cost=0.00..57926.93 rows=1919 width=4) (actual time=1.797..927.393 rows=1840 loops=1)
                    Filter: ((company_type_id < 2) AND (company_id = 11244))
                    Rows Removed by Filter: 2607289
              ->  Index Only Scan using title_pkey on title t  (cost=0.43..7.96 rows=1 width=4) (actual time=0.027..0.027 rows=1 loops=1840)
                    Index Cond: (id = mc.movie_id)
                    Heap Fetches: 1840
Planning time: 0.799 ms
Execution time: 14879.542 ms
