Hash Join  (cost=98842.62..1401440.95 rows=21758015 width=0) (actual time=2038.409..40080.704 rows=23839216 loops=1)
  Hash Cond: (ci.movie_id = t.id)
  ->  Seq Scan on cast_info ci  (cost=0.00..614943.12 rows=36225612 width=4) (actual time=0.037..13546.130 rows=36244344 loops=1)
  ->  Hash  (cost=73925.90..73925.90 rows=1518697 width=4) (actual time=2037.122..2037.122 rows=1639682 loops=1)
        Buckets: 131072  Batches: 32  Memory Usage: 2832kB
        ->  Seq Scan on title t  (cost=0.00..73925.90 rows=1518697 width=4) (actual time=0.023..1518.392 rows=1639682 loops=1)
              Filter: ((kind_id > 1) AND (production_year > 1971))
              Rows Removed by Filter: 888630
Planning time: 0.768 ms
Execution time: 42551.334 ms
