Hash Join  (cost=223393.04..384636.72 rows=2756773 width=0) (actual time=6646.238..8813.622 rows=1558318 loops=1)
  Hash Cond: (mk.movie_id = t.id)
  ->  Seq Scan on movie_keyword mk  (cost=0.00..69693.30 rows=4523930 width=4) (actual time=0.019..1583.396 rows=4523930 loops=1)
  ->  Hash  (cost=198113.76..198113.76 rows=1540823 width=8) (actual time=4899.834..4899.834 rows=717308 loops=1)
        Buckets: 131072  Batches: 32  Memory Usage: 1877kB
        ->  Hash Join  (cost=92883.59..198113.76 rows=1540823 width=8) (actual time=1748.408..4695.441 rows=717308 loops=1)
              Hash Cond: (mc.movie_id = t.id)
              ->  Seq Scan on movie_companies mc  (cost=0.00..51404.11 rows=2528565 width=4) (actual time=0.025..1295.231 rows=2528623 loops=1)
                    Filter: (company_id < 169725)
                    Rows Removed by Filter: 80506
              ->  Hash  (cost=67604.59..67604.59 rows=1540800 width=4) (actual time=1747.423..1747.423 rows=1543264 loops=1)
                    Buckets: 131072  Batches: 32  Memory Usage: 2722kB
                    ->  Seq Scan on title t  (cost=0.00..67604.59 rows=1540800 width=4) (actual time=0.025..1245.708 rows=1543264 loops=1)
                          Filter: (kind_id = 7)
                          Rows Removed by Filter: 985048
Planning time: 1.090 ms
Execution time: 8982.398 ms
