Seq Scan on movie_companies mc  (cost=0.00..57926.93 rows=1190101 width=0) (actual time=222.737..1107.110 rows=1271683 loops=1)
  Filter: ((company_id > 139) AND (company_type_id > 1))
  Rows Removed by Filter: 1337446
Planning time: 0.329 ms
Execution time: 1259.735 ms
