Hash Join  (cost=86252.72..1230634.31 rows=10764343 width=0) (actual time=1477.847..35339.058 rows=11919353 loops=1)
  Hash Cond: (ci.movie_id = t.id)
  ->  Seq Scan on cast_info ci  (cost=0.00..614943.12 rows=36225612 width=4) (actual time=0.018..13273.702 rows=36244344 loops=1)
  ->  Hash  (cost=73925.90..73925.90 rows=751345 width=4) (actual time=1476.407..1476.407 rows=793943 loops=1)
        Buckets: 131072  Batches: 16  Memory Usage: 2771kB
        ->  Seq Scan on title t  (cost=0.00..73925.90 rows=751345 width=4) (actual time=0.024..1215.607 rows=793943 loops=1)
              Filter: ((kind_id < 7) AND (production_year < 2010))
              Rows Removed by Filter: 1734369
Planning time: 0.785 ms
Execution time: 36735.798 ms
