Seq Scan on cast_info ci  (cost=0.00..705507.15 rows=11677145 width=0) (actual time=0.062..10207.194 rows=11580578 loops=1)
  Filter: (person_id < 1139340)
  Rows Removed by Filter: 24663766
Planning time: 0.327 ms
Execution time: 11503.713 ms
