Seq Scan on movie_keyword mk  (cost=0.00..81003.12 rows=640121 width=0) (actual time=0.024..1368.914 rows=651688 loops=1)
  Filter: (keyword_id > 28839)
  Rows Removed by Filter: 3872242
Planning time: 0.322 ms
Execution time: 1449.847 ms
