Hash Join  (cost=238310.95..638042.30 rows=1363260 width=0) (actual time=8812.843..19337.544 rows=23578491 loops=1)
  Hash Cond: (mi.movie_id = t.id)
  ->  Seq Scan on movie_info mi  (cost=0.00..346232.03 rows=3068194 width=4) (actual time=2643.652..5890.364 rows=3036719 loops=1)
        Filter: (info_type_id = 16)
        Rows Removed by Filter: 11799001
  ->  Hash  (cost=219878.51..219878.51 rows=1123475 width=8) (actual time=6157.340..6157.340 rows=2495714 loops=1)
        Buckets: 131072 (originally 131072)  Batches: 64 (originally 16)  Memory Usage: 4140kB
        ->  Hash Join  (cost=89678.24..219878.51 rows=1123475 width=8) (actual time=1604.637..5408.036 rows=2495714 loops=1)
              Hash Cond: (mk.movie_id = t.id)
              ->  Seq Scan on movie_keyword mk  (cost=0.00..81003.12 rows=2958771 width=4) (actual time=0.023..1646.319 rows=2949101 loops=1)
                    Filter: (keyword_id > 2375)
                    Rows Removed by Filter: 1574829
              ->  Hash  (cost=73925.90..73925.90 rows=960107 width=4) (actual time=1603.677..1603.677 rows=977778 loops=1)
                    Buckets: 131072  Batches: 16  Memory Usage: 3181kB
                    ->  Seq Scan on title t  (cost=0.00..73925.90 rows=960107 width=4) (actual time=0.015..1292.118 rows=977778 loops=1)
                          Filter: ((kind_id < 7) AND (production_year > 0))
                          Rows Removed by Filter: 1550534
Planning time: 1.244 ms
Execution time: 21943.578 ms
