Hash Join  (cost=444982.62..1284109.05 rows=321021 width=0) (actual time=9109.973..30565.517 rows=3931883 loops=1)
  Hash Cond: (ci.movie_id = t.id)
  ->  Seq Scan on cast_info ci  (cost=0.00..796071.18 rows=10625342 width=4) (actual time=1432.366..15268.016 rows=14020705 loops=1)
        Filter: ((person_id < 1909567) AND (role_id < 3))
        Rows Removed by Filter: 22223639
  ->  Hash  (cost=444027.70..444027.70 rows=76394 width=8) (actual time=7676.794..7676.794 rows=196497 loops=1)
        Buckets: 131072 (originally 131072)  Batches: 4 (originally 1)  Memory Usage: 3073kB
        ->  Hash Join  (cost=75676.34..444027.70 rows=76394 width=8) (actual time=2334.557..7610.868 rows=196497 loops=1)
              Hash Cond: (mi.movie_id = t.id)
              ->  Seq Scan on movie_info mi  (cost=0.00..346232.03 rows=1810770 width=4) (actual time=1078.971..5544.078 rows=1865632 loops=1)
                    Filter: (info_type_id > 17)
                    Rows Removed by Filter: 12970088
              ->  Hash  (cost=73925.90..73925.90 rows=106675 width=4) (actual time=1254.104..1254.104 rows=207824 loops=1)
                    Buckets: 131072 (originally 131072)  Batches: 4 (originally 2)  Memory Usage: 3073kB
                    ->  Seq Scan on title t  (cost=0.00..73925.90 rows=106675 width=4) (actual time=0.034..1173.893 rows=207824 loops=1)
                          Filter: ((kind_id < 7) AND (production_year < 1963))
                          Rows Removed by Filter: 2320488
Planning time: 1.238 ms
Execution time: 30990.965 ms
