Seq Scan on movie_keyword mk  (cost=0.00..81003.12 rows=3872632 width=0) (actual time=0.018..1513.084 rows=3862346 loops=1)
  Filter: (keyword_id < 28427)
  Rows Removed by Filter: 661584
Planning time: 0.453 ms
Execution time: 1980.319 ms
