Hash Join  (cost=93117.31..898392.35 rows=101425 width=0) (actual time=9086.889..13113.196 rows=130987 loops=1)
  Hash Cond: (ci.movie_id = t.id)
  ->  Seq Scan on cast_info ci  (cost=0.00..796071.18 rows=164921 width=4) (actual time=7004.566..10655.482 rows=225118 loops=1)
        Filter: ((person_id > 3432887) AND (role_id = 8))
        Rows Removed by Filter: 36019226
  ->  Hash  (cost=67604.59..67604.59 rows=1555018 width=4) (actual time=2081.014..2081.014 rows=1551727 loops=1)
        Buckets: 131072  Batches: 32  Memory Usage: 2728kB
        ->  Seq Scan on title t  (cost=0.00..67604.59 rows=1555018 width=4) (actual time=0.034..1283.142 rows=1551727 loops=1)
              Filter: (production_year < 2007)
              Rows Removed by Filter: 976585
Planning time: 0.766 ms
Execution time: 13127.601 ms
