Seq Scan on cast_info ci  (cost=0.00..796071.18 rows=2019495 width=0) (actual time=0.027..13680.217 rows=670413 loops=1)
  Filter: ((person_id < 1534027) AND (role_id > 9))
  Rows Removed by Filter: 35573931
Planning time: 0.344 ms
Execution time: 13765.418 ms
