Hash Join  (cost=124460.89..222643.98 rows=105842 width=0) (actual time=2211.576..4175.678 rows=47508 loops=1)
  Hash Cond: (mk.movie_id = t.id)
  ->  Seq Scan on movie_keyword mk  (cost=0.00..81003.12 rows=1326012 width=4) (actual time=0.019..1416.330 rows=1345582 loops=1)
        Filter: (keyword_id < 1753)
        Rows Removed by Filter: 3178348
  ->  Hash  (cost=121149.06..121149.06 rows=201827 width=8) (actual time=2210.602..2210.602 rows=92310 loops=1)
        Buckets: 131072  Batches: 4  Memory Usage: 1939kB
        ->  Hash Join  (cost=79993.30..121149.06 rows=201827 width=8) (actual time=1105.875..2178.942 rows=92310 loops=1)
              Hash Cond: (mi_idx.movie_id = t.id)
              ->  Seq Scan on movie_info_idx mi_idx  (cost=0.00..21735.35 rows=1380035 width=4) (actual time=0.020..453.277 rows=1380035 loops=1)
              ->  Hash  (cost=73925.90..73925.90 rows=369792 width=4) (actual time=1105.010..1105.010 rows=253766 loops=1)
                    Buckets: 131072  Batches: 8  Memory Usage: 2127kB
                    ->  Seq Scan on title t  (cost=0.00..73925.90 rows=369792 width=4) (actual time=0.022..1023.170 rows=253766 loops=1)
                          Filter: ((production_year < 1986) AND (kind_id = 7))
                          Rows Removed by Filter: 2274546
Planning time: 1.130 ms
Execution time: 4182.200 ms
