Seq Scan on title t  (cost=0.00..73925.90 rows=17781 width=0) (actual time=0.040..1207.550 rows=13117 loops=1)
  Filter: ((kind_id < 4) AND (production_year = 2000))
  Rows Removed by Filter: 2515195
Planning time: 0.885 ms
Execution time: 1210.329 ms
