Hash Join  (cost=80887.74..161973.60 rows=437833 width=0) (actual time=1453.498..3573.055 rows=314297 loops=1)
  Hash Cond: (mc.movie_id = t.id)
  ->  Seq Scan on movie_companies mc  (cost=0.00..44881.29 rows=2609129 width=4) (actual time=0.016..861.753 rows=2609129 loops=1)
  ->  Hash  (cost=73925.90..73925.90 rows=424307 width=4) (actual time=1452.626..1452.626 rows=281315 loops=1)
        Buckets: 131072  Batches: 8  Memory Usage: 2250kB
        ->  Seq Scan on title t  (cost=0.00..73925.90 rows=424307 width=4) (actual time=0.034..1356.504 rows=281315 loops=1)
              Filter: ((kind_id > 1) AND (production_year < 1984))
              Rows Removed by Filter: 2246997
Planning time: 3.571 ms
Execution time: 3608.518 ms
