Seq Scan on movie_keyword mk  (cost=0.00..81003.12 rows=3296837 width=0) (actual time=0.032..1529.230 rows=3286483 loops=1)
  Filter: (keyword_id < 14627)
  Rows Removed by Filter: 1237447
Planning time: 0.312 ms
Execution time: 1932.307 ms
