Seq Scan on movie_keyword mk  (cost=0.00..81003.12 rows=2978925 width=0) (actual time=0.019..1535.004 rows=2963841 loops=1)
  Filter: (keyword_id < 10083)
  Rows Removed by Filter: 1560089
Planning time: 0.324 ms
Execution time: 1905.914 ms
