Seq Scan on cast_info ci  (cost=0.00..796071.18 rows=2121 width=0) (actual time=9379.356..10198.908 rows=398 loops=1)
  Filter: ((person_id = 598206) AND (role_id = 1))
  Rows Removed by Filter: 36243946
Planning time: 0.415 ms
Execution time: 10199.081 ms
