Hash Join  (cost=709675.72..764342.34 rows=109 width=0) (actual time=10806.392..11638.312 rows=350 loops=1)
  Hash Cond: (mc.movie_id = t.id)
  ->  Seq Scan on movie_companies mc  (cost=0.00..44881.29 rows=2609129 width=4) (actual time=0.018..564.304 rows=2609129 loops=1)
  ->  Hash  (cost=709674.40..709674.40 rows=106 width=8) (actual time=10629.290..10629.290 rows=31 loops=1)
        Buckets: 1024  Batches: 1  Memory Usage: 10kB
        ->  Nested Loop  (cost=0.43..709674.40 rows=106 width=8) (actual time=1052.093..10629.228 rows=31 loops=1)
              ->  Seq Scan on cast_info ci  (cost=0.00..705507.15 rows=500 width=4) (actual time=1052.011..10628.195 rows=37 loops=1)
                    Filter: (person_id = 2282456)
                    Rows Removed by Filter: 36244307
              ->  Index Scan using title_pkey on title t  (cost=0.43..8.32 rows=1 width=4) (actual time=0.024..0.024 rows=1 loops=37)
                    Index Cond: (id = ci.movie_id)
                    Filter: ((kind_id < 4) AND (production_year > 1996))
                    Rows Removed by Filter: 0
Planning time: 1.171 ms
Execution time: 11638.541 ms
