Hash Join  (cost=93843.90..1306317.00 rows=17392693 width=0) (actual time=1787.023..42071.092 rows=19397571 loops=1)
  Hash Cond: (ci.movie_id = t.id)
  ->  Seq Scan on cast_info ci  (cost=0.00..614943.12 rows=36225612 width=4) (actual time=0.019..12929.750 rows=36244344 loops=1)
  ->  Hash  (cost=73925.90..73925.90 rows=1214000 width=4) (actual time=1785.956..1785.956 rows=1328829 loops=1)
        Buckets: 131072  Batches: 16  Memory Usage: 3951kB
        ->  Seq Scan on title t  (cost=0.00..73925.90 rows=1214000 width=4) (actual time=0.027..1359.474 rows=1328829 loops=1)
              Filter: ((kind_id > 1) AND (production_year > 1994))
              Rows Removed by Filter: 1199483
Planning time: 0.755 ms
Execution time: 44359.391 ms
