Hash Join  (cost=190230.21..278996.91 rows=1025177 width=0) (actual time=4322.385..7421.866 rows=2908884 loops=1)
  Hash Cond: (mc.movie_id = t.id)
  ->  Seq Scan on movie_companies mc  (cost=0.00..51404.11 rows=1878350 width=4) (actual time=0.023..1146.227 rows=1886673 loops=1)
        Filter: (company_id > 1402)
        Rows Removed by Filter: 722456
  ->  Hash  (cost=167588.78..167588.78 rows=1380035 width=8) (actual time=4321.067..4321.067 rows=1380035 loops=1)
        Buckets: 131072  Batches: 32  Memory Usage: 2708kB
        ->  Hash Join  (cost=102767.86..167588.78 rows=1380035 width=8) (actual time=1844.482..3911.167 rows=1380035 loops=1)
              Hash Cond: (mi_idx.movie_id = t.id)
              ->  Seq Scan on movie_info_idx mi_idx  (cost=0.00..21735.35 rows=1380035 width=4) (actual time=0.019..512.599 rows=1380035 loops=1)
              ->  Hash  (cost=61283.27..61283.27 rows=2528527 width=4) (actual time=1842.769..1842.769 rows=2528312 loops=1)
                    Buckets: 131072  Batches: 64  Memory Usage: 2415kB
                    ->  Seq Scan on title t  (cost=0.00..61283.27 rows=2528527 width=4) (actual time=0.015..1040.034 rows=2528312 loops=1)
Planning time: 1.140 ms
Execution time: 7784.121 ms
