Hash Join  (cost=76940.37..154603.62 rows=189573 width=0) (actual time=1620.269..3945.486 rows=596649 loops=1)
  Hash Cond: (mc.movie_id = t.id)
  ->  Seq Scan on movie_companies mc  (cost=0.00..44881.29 rows=2609129 width=4) (actual time=0.025..893.183 rows=2609129 loops=1)
  ->  Hash  (cost=73925.90..73925.90 rows=183717 width=4) (actual time=1619.241..1619.241 rows=288223 loops=1)
        Buckets: 131072  Batches: 4  Memory Usage: 3562kB
        ->  Seq Scan on title t  (cost=0.00..73925.90 rows=183717 width=4) (actual time=0.017..1213.701 rows=288223 loops=1)
              Filter: ((kind_id < 7) AND (production_year < 1977))
              Rows Removed by Filter: 2240089
Planning time: 0.707 ms
Execution time: 4022.270 ms
