Hash Join  (cost=129105.36..493828.97 rows=6768 width=0) (actual time=2872.119..8109.630 rows=7 loops=1)
  Hash Cond: (mi.movie_id = t.id)
  ->  Seq Scan on movie_info mi  (cost=0.00..309384.22 rows=14739122 width=4) (actual time=0.013..3611.722 rows=14835720 loops=1)
  ->  Hash  (cost=129090.85..129090.85 rows=1161 width=8) (actual time=2090.099..2090.099 rows=1 loops=1)
        Buckets: 2048  Batches: 1  Memory Usage: 17kB
        ->  Hash Join  (cost=76796.18..129090.85 rows=1161 width=8) (actual time=2089.985..2090.069 rows=1 loops=1)
              Hash Cond: (mc.movie_id = t.id)
              ->  Seq Scan on movie_companies mc  (cost=0.00..51404.11 rows=16785 width=4) (actual time=14.934..912.385 rows=16220 loops=1)
                    Filter: (company_id = 166)
                    Rows Removed by Filter: 2592909
              ->  Hash  (cost=73925.90..73925.90 rows=174902 width=4) (actual time=1145.434..1145.434 rows=160286 loops=1)
                    Buckets: 131072  Batches: 4  Memory Usage: 2435kB
                    ->  Seq Scan on title t  (cost=0.00..73925.90 rows=174902 width=4) (actual time=308.160..1094.086 rows=160286 loops=1)
                          Filter: ((production_year > 2008) AND (kind_id = 1))
                          Rows Removed by Filter: 2368026
Planning time: 1.323 ms
Execution time: 8109.823 ms
