Seq Scan on movie_companies mc  (cost=0.00..51404.11 rows=104 width=0) (actual time=50.235..753.650 rows=15 loops=1)
  Filter: (company_id = 861)
  Rows Removed by Filter: 2609114
Planning time: 0.389 ms
Execution time: 753.734 ms
