Hash Join  (cost=189640.80..718718.32 rows=4617659 width=0) (actual time=4228.448..18930.487 rows=5893176 loops=1)
  Hash Cond: (mi.movie_id = t.id)
  ->  Seq Scan on movie_info mi  (cost=0.00..309384.22 rows=14739122 width=4) (actual time=0.020..6097.390 rows=14835720 loops=1)
  ->  Hash  (cost=176643.69..176643.69 rows=792169 width=8) (actual time=4227.458..4227.458 rows=536205 loops=1)
        Buckets: 131072  Batches: 16  Memory Usage: 2311kB
        ->  Hash Join  (cost=91850.92..176643.69 rows=792169 width=8) (actual time=1631.878..4056.869 rows=536205 loops=1)
              Hash Cond: (mc.movie_id = t.id)
              ->  Seq Scan on movie_companies mc  (cost=0.00..51404.11 rows=1833326 width=4) (actual time=0.019..1087.725 rows=1827573 loops=1)
                    Filter: (company_id < 32517)
                    Rows Removed by Filter: 781556
              ->  Hash  (cost=73925.90..73925.90 rows=1092561 width=4) (actual time=1630.974..1630.974 rows=1195337 loops=1)
                    Buckets: 131072  Batches: 16  Memory Usage: 3656kB
                    ->  Seq Scan on title t  (cost=0.00..73925.90 rows=1092561 width=4) (actual time=0.022..1268.876 rows=1195337 loops=1)
                          Filter: ((kind_id > 1) AND (production_year > 1998))
                          Rows Removed by Filter: 1332975
Planning time: 1.155 ms
Execution time: 19624.762 ms
