Nested Loop  (cost=0.43..798787.41 rows=324 width=0) (actual time=571.543..14063.881 rows=25 loops=1)
  ->  Seq Scan on cast_info ci  (cost=0.00..796071.18 rows=324 width=4) (actual time=571.460..14063.176 rows=25 loops=1)
        Filter: ((role_id > 1) AND (person_id = 852670))
        Rows Removed by Filter: 36244319
  ->  Index Only Scan using title_pkey on title t  (cost=0.43..8.37 rows=1 width=4) (actual time=0.022..0.023 rows=1 loops=25)
        Index Cond: (id = ci.movie_id)
        Heap Fetches: 25
Planning time: 0.649 ms
Execution time: 14063.971 ms
