Nested Loop  (cost=0.43..83071.67 rows=246 width=0) (actual time=2.158..1110.769 rows=283 loops=1)
  ->  Seq Scan on movie_keyword mk  (cost=0.00..81003.12 rows=246 width=4) (actual time=2.090..1097.127 rows=283 loops=1)
        Filter: (keyword_id = 13654)
        Rows Removed by Filter: 4523647
  ->  Index Only Scan using title_pkey on title t  (cost=0.43..8.40 rows=1 width=4) (actual time=0.045..0.046 rows=1 loops=283)
        Index Cond: (id = mk.movie_id)
        Heap Fetches: 283
Planning time: 0.742 ms
Execution time: 1111.006 ms
