Seq Scan on cast_info ci  (cost=0.00..796071.18 rows=10114900 width=0) (actual time=0.022..14383.572 rows=12063674 loops=1)
  Filter: ((person_id < 1492460) AND (role_id < 4))
  Rows Removed by Filter: 24180670
Planning time: 0.373 ms
Execution time: 15876.246 ms
