Hash Join  (cost=106560.98..857489.54 rows=13940 width=0) (actual time=957.531..15990.248 rows=7489 loops=1)
  Hash Cond: (ci.movie_id = t.id)
  ->  Seq Scan on cast_info ci  (cost=0.00..614943.12 rows=36225612 width=4) (actual time=0.015..8314.626 rows=36244344 loops=1)
  ->  Hash  (cost=106548.81..106548.81 rows=973 width=8) (actual time=956.839..956.839 rows=365 loops=1)
        Buckets: 1024  Batches: 1  Memory Usage: 23kB
        ->  Nested Loop  (cost=0.43..106548.81 rows=973 width=8) (actual time=7.063..956.503 rows=365 loops=1)
              ->  Seq Scan on movie_companies mc  (cost=0.00..51404.11 rows=8088 width=4) (actual time=4.952..789.805 rows=8235 loops=1)
                    Filter: (company_id = 424)
                    Rows Removed by Filter: 2600894
              ->  Index Scan using title_pkey on title t  (cost=0.43..6.81 rows=1 width=4) (actual time=0.020..0.020 rows=0 loops=8235)
                    Index Cond: (id = mc.movie_id)
                    Filter: ((kind_id < 7) AND (production_year < 1994))
                    Rows Removed by Filter: 1
Planning time: 1.199 ms
Execution time: 15993.127 ms
