Hash Join  (cost=190230.21..1189173.07 rows=9236580 width=0) (actual time=4619.790..34401.641 rows=19732665 loops=1)
  Hash Cond: (ci.movie_id = t.id)
  ->  Seq Scan on cast_info ci  (cost=0.00..705507.15 rows=16923441 width=4) (actual time=0.023..13545.402 rows=16790848 loops=1)
        Filter: (person_id < 1661149)
        Rows Removed by Filter: 19453496
  ->  Hash  (cost=167588.78..167588.78 rows=1380035 width=8) (actual time=4618.646..4618.646 rows=1380035 loops=1)
        Buckets: 131072  Batches: 32  Memory Usage: 2708kB
        ->  Hash Join  (cost=102767.86..167588.78 rows=1380035 width=8) (actual time=1776.946..4220.498 rows=1380035 loops=1)
              Hash Cond: (mi_idx.movie_id = t.id)
              ->  Seq Scan on movie_info_idx mi_idx  (cost=0.00..21735.35 rows=1380035 width=4) (actual time=0.017..463.366 rows=1380035 loops=1)
              ->  Hash  (cost=61283.27..61283.27 rows=2528527 width=4) (actual time=1775.605..1775.605 rows=2528312 loops=1)
                    Buckets: 131072  Batches: 64  Memory Usage: 2415kB
                    ->  Seq Scan on title t  (cost=0.00..61283.27 rows=2528527 width=4) (actual time=0.023..962.564 rows=2528312 loops=1)
Planning time: 1.144 ms
Execution time: 36630.233 ms
