Hash Join  (cost=244126.91..802168.59 rows=6188240 width=0) (actual time=5026.616..28218.209 rows=41861101 loops=1)
  Hash Cond: (mi.movie_id = t.id)
  ->  Seq Scan on movie_info mi  (cost=0.00..346232.03 rows=12545135 width=4) (actual time=0.020..7072.297 rows=12601870 loops=1)
        Filter: (info_type_id < 17)
        Rows Removed by Filter: 2233850
  ->  Hash  (cost=223663.07..223663.07 rows=1247267 width=8) (actual time=5023.994..5023.994 rows=1259238 loops=1)
        Buckets: 131072  Batches: 32  Memory Usage: 2634kB
        ->  Hash Join  (cost=102767.86..223663.07 rows=1247267 width=8) (actual time=1915.557..4663.269 rows=1259238 loops=1)
              Hash Cond: (mk.movie_id = t.id)
              ->  Seq Scan on movie_keyword mk  (cost=0.00..81003.12 rows=1247267 width=4) (actual time=0.014..1408.729 rows=1259238 loops=1)
                    Filter: (keyword_id > 14245)
                    Rows Removed by Filter: 3264692
              ->  Hash  (cost=61283.27..61283.27 rows=2528527 width=4) (actual time=1914.197..1914.197 rows=2528312 loops=1)
                    Buckets: 131072  Batches: 64  Memory Usage: 2425kB
                    ->  Seq Scan on title t  (cost=0.00..61283.27 rows=2528527 width=4) (actual time=0.014..1053.212 rows=2528312 loops=1)
Planning time: 1.099 ms
Execution time: 32932.263 ms
