Hash Join  (cost=102767.86..293055.54 rows=4131111 width=0) (actual time=1859.808..8295.541 rows=4135197 loops=1)
  Hash Cond: (mk.movie_id = t.id)
  ->  Seq Scan on movie_keyword mk  (cost=0.00..81003.12 rows=4131111 width=4) (actual time=0.021..2673.098 rows=4135197 loops=1)
        Filter: (keyword_id < 44228)
        Rows Removed by Filter: 388733
  ->  Hash  (cost=61283.27..61283.27 rows=2528527 width=4) (actual time=1858.073..1858.073 rows=2528312 loops=1)
        Buckets: 131072  Batches: 64  Memory Usage: 2425kB
        ->  Seq Scan on title t  (cost=0.00..61283.27 rows=2528527 width=4) (actual time=0.022..1012.966 rows=2528312 loops=1)
Planning time: 0.713 ms
Execution time: 8726.789 ms
