Hash Join  (cost=83810.17..1039874.77 rows=3942818 width=0) (actual time=6891.989..20674.354 rows=2773723 loops=1)
  Hash Cond: (ci.movie_id = t.id)
  ->  Seq Scan on cast_info ci  (cost=0.00..796071.18 rows=10093397 width=4) (actual time=5304.264..14515.192 rows=7245786 loops=1)
        Filter: ((person_id > 1764921) AND (role_id < 3))
        Rows Removed by Filter: 28998558
  ->  Hash  (cost=67604.59..67604.59 rows=987727 width=4) (actual time=1586.587..1586.587 rows=985048 loops=1)
        Buckets: 131072  Batches: 16  Memory Usage: 3188kB
        ->  Seq Scan on title t  (cost=0.00..67604.59 rows=987727 width=4) (actual time=0.024..1282.715 rows=985048 loops=1)
              Filter: (kind_id < 7)
              Rows Removed by Filter: 1543264
Planning time: 2.316 ms
Execution time: 20989.971 ms
