Seq Scan on cast_info ci  (cost=0.00..796071.18 rows=11673289 width=0) (actual time=0.014..15656.323 rows=13341120 loops=1)
  Filter: ((person_id > 976980) AND (role_id > 2))
  Rows Removed by Filter: 22903224
Planning time: 0.392 ms
Execution time: 17308.876 ms
