Seq Scan on cast_info ci  (cost=0.00..796071.18 rows=15697334 width=0) (actual time=216.168..13842.514 rows=14301731 loops=1)
  Filter: ((person_id > 1794124) AND (role_id < 10))
  Rows Removed by Filter: 21942613
Planning time: 0.280 ms
Execution time: 15596.509 ms
