Hash Join  (cost=83074.45..109985.61 rows=68 width=0) (actual time=1314.987..1867.039 rows=525 loops=1)
  Hash Cond: (mi_idx.movie_id = t.id)
  ->  Seq Scan on movie_info_idx mi_idx  (cost=0.00..21735.35 rows=1380035 width=4) (actual time=0.024..307.265 rows=1380035 loops=1)
  ->  Hash  (cost=83072.90..83072.90 rows=124 width=8) (actual time=1311.070..1311.070 rows=190 loops=1)
        Buckets: 1024  Batches: 1  Memory Usage: 16kB
        ->  Nested Loop  (cost=0.43..83072.90 rows=124 width=8) (actual time=15.415..1310.933 rows=190 loops=1)
              ->  Seq Scan on movie_keyword mk  (cost=0.00..81003.12 rows=246 width=4) (actual time=2.404..1287.674 rows=405 loops=1)
                    Filter: (keyword_id = 1776)
                    Rows Removed by Filter: 4523525
              ->  Index Scan using title_pkey on title t  (cost=0.43..8.40 rows=1 width=4) (actual time=0.055..0.055 rows=0 loops=405)
                    Index Cond: (id = mk.movie_id)
                    Filter: ((kind_id > 1) AND (production_year > 1991))
                    Rows Removed by Filter: 1
Planning time: 0.782 ms
Execution time: 1867.268 ms
