Seq Scan on movie_companies mc  (cost=0.00..57926.93 rows=1090415 width=0) (actual time=436.717..1146.059 rows=1274246 loops=1)
  Filter: ((company_id < 83236) AND (company_type_id < 2))
  Rows Removed by Filter: 1334883
Planning time: 1.215 ms
Execution time: 1305.638 ms
