Seq Scan on movie_keyword mk  (cost=0.00..81003.12 rows=246 width=0) (actual time=66.167..1245.567 rows=29 loops=1)
  Filter: (keyword_id = 43102)
  Rows Removed by Filter: 4523901
Planning time: 0.366 ms
Execution time: 1245.696 ms
