Hash Join  (cost=102431.42..161492.26 rows=27355 width=0) (actual time=1822.968..3286.124 rows=67925 loops=1)
  Hash Cond: (mc.movie_id = t.id)
  ->  Seq Scan on movie_companies mc  (cost=0.00..51404.11 rows=1968848 width=4) (actual time=0.023..1030.975 rows=1963495 loops=1)
        Filter: (company_id < 55791)
        Rows Removed by Filter: 645634
  ->  Hash  (cost=101992.28..101992.28 rows=35131 width=8) (actual time=1822.490..1822.490 rows=32067 loops=1)
        Buckets: 65536  Batches: 1  Memory Usage: 1765kB
        ->  Hash Join  (cost=74730.49..101992.28 rows=35131 width=8) (actual time=1153.010..1811.111 rows=32067 loops=1)
              Hash Cond: (mi_idx.movie_id = t.id)
              ->  Seq Scan on movie_info_idx mi_idx  (cost=0.00..21735.35 rows=1380035 width=4) (actual time=0.018..310.164 rows=1380035 loops=1)
              ->  Hash  (cost=73925.90..73925.90 rows=64367 width=4) (actual time=1152.608..1152.608 rows=53905 loops=1)
                    Buckets: 65536  Batches: 1  Memory Usage: 2408kB
                    ->  Seq Scan on title t  (cost=0.00..73925.90 rows=64367 width=4) (actual time=0.150..1130.389 rows=53905 loops=1)
                          Filter: ((kind_id < 7) AND (production_year = 2012))
                          Rows Removed by Filter: 2474407
Planning time: 1.132 ms
Execution time: 3304.982 ms
