Hash Join  (cost=83074.74..109989.30 rows=45 width=0) (actual time=1280.450..1790.274 rows=406 loops=1)
  Hash Cond: (mi_idx.movie_id = t.id)
  ->  Seq Scan on movie_info_idx mi_idx  (cost=0.00..25185.44 rows=460978 width=4) (actual time=0.037..439.349 rows=459925 loops=1)
        Filter: (info_type_id = 99)
        Rows Removed by Filter: 920110
  ->  Hash  (cost=83071.67..83071.67 rows=246 width=8) (actual time=1280.194..1280.194 rows=578 loops=1)
        Buckets: 1024  Batches: 1  Memory Usage: 31kB
        ->  Nested Loop  (cost=0.43..83071.67 rows=246 width=8) (actual time=3.624..1279.711 rows=578 loops=1)
              ->  Seq Scan on movie_keyword mk  (cost=0.00..81003.12 rows=246 width=4) (actual time=3.554..1241.708 rows=578 loops=1)
                    Filter: (keyword_id = 3722)
                    Rows Removed by Filter: 4523352
              ->  Index Only Scan using title_pkey on title t  (cost=0.43..8.40 rows=1 width=4) (actual time=0.063..0.064 rows=1 loops=578)
                    Index Cond: (id = mk.movie_id)
                    Heap Fetches: 578
Planning time: 1.106 ms
Execution time: 1790.498 ms
