Seq Scan on movie_keyword mk  (cost=0.00..81003.12 rows=1718004 width=0) (actual time=0.015..1572.456 rows=1722626 loops=1)
  Filter: (keyword_id < 2770)
  Rows Removed by Filter: 2801304
Planning time: 0.318 ms
Execution time: 1786.765 ms
