Hash Join  (cost=164861.70..532670.42 rows=315281 width=0) (actual time=3147.217..11759.043 rows=2815161 loops=1)
  Hash Cond: (mi.movie_id = t.id)
  ->  Seq Scan on movie_info mi  (cost=0.00..309384.22 rows=14739122 width=4) (actual time=0.011..4339.254 rows=14835720 loops=1)
  ->  Hash  (cost=164185.61..164185.61 rows=54087 width=8) (actual time=3146.335..3146.335 rows=49075 loops=1)
        Buckets: 65536  Batches: 1  Memory Usage: 2429kB
        ->  Hash Join  (cost=69687.24..164185.61 rows=54087 width=8) (actual time=1109.603..3132.420 rows=49075 loops=1)
              Hash Cond: (mk.movie_id = t.id)
              ->  Seq Scan on movie_keyword mk  (cost=0.00..81003.12 rows=1077434 width=4) (actual time=0.009..1397.635 rows=1088237 loops=1)
                    Filter: (keyword_id > 16264)
                    Rows Removed by Filter: 3435693
              ->  Hash  (cost=67604.59..67604.59 rows=126932 width=4) (actual time=1108.330..1108.330 rows=122861 loops=1)
                    Buckets: 131072  Batches: 2  Memory Usage: 3197kB
                    ->  Seq Scan on title t  (cost=0.00..67604.59 rows=126932 width=4) (actual time=0.019..1060.552 rows=122861 loops=1)
                          Filter: (production_year = 2008)
                          Rows Removed by Filter: 2405451
Planning time: 1.179 ms
Execution time: 12104.549 ms
