Seq Scan on movie_keyword mk  (cost=0.00..81003.12 rows=4033288 width=0) (actual time=0.032..1622.608 rows=4038639 loops=1)
  Filter: (keyword_id < 36981)
  Rows Removed by Filter: 485291
Planning time: 0.360 ms
Execution time: 2118.785 ms
