Hash Join  (cost=83074.74..447745.01 rows=1434 width=0) (actual time=1383.265..8787.129 rows=92454 loops=1)
  Hash Cond: (mi.movie_id = t.id)
  ->  Seq Scan on movie_info mi  (cost=0.00..309384.22 rows=14739122 width=4) (actual time=0.015..4632.033 rows=14835720 loops=1)
  ->  Hash  (cost=83071.67..83071.67 rows=246 width=8) (actual time=1377.411..1377.411 rows=1300 loops=1)
        Buckets: 2048 (originally 1024)  Batches: 1 (originally 1)  Memory Usage: 67kB
        ->  Nested Loop  (cost=0.43..83071.67 rows=246 width=8) (actual time=0.108..1376.436 rows=1300 loops=1)
              ->  Seq Scan on movie_keyword mk  (cost=0.00..81003.12 rows=246 width=4) (actual time=0.062..1304.992 rows=1300 loops=1)
                    Filter: (keyword_id = 576)
                    Rows Removed by Filter: 4522630
              ->  Index Only Scan using title_pkey on title t  (cost=0.43..8.40 rows=1 width=4) (actual time=0.053..0.054 rows=1 loops=1300)
                    Index Cond: (id = mk.movie_id)
                    Heap Fetches: 1300
Planning time: 1.103 ms
Execution time: 8800.945 ms
