Hash Join  (cost=78556.72..1030765.11 rows=2853811 width=0) (actual time=7755.933..23678.597 rows=2659342 loops=1)
  Hash Cond: (ci.movie_id = t.id)
  ->  Seq Scan on cast_info ci  (cost=0.00..796071.18 rows=10809891 width=4) (actual time=6026.184..15982.831 rows=8786838 loops=1)
        Filter: ((person_id > 518612) AND (role_id = 1))
        Rows Removed by Filter: 27457506
  ->  Hash  (cost=67604.59..67604.59 rows=667531 width=4) (actual time=1728.596..1728.596 rows=662825 loops=1)
        Buckets: 131072  Batches: 16  Memory Usage: 2476kB
        ->  Seq Scan on title t  (cost=0.00..67604.59 rows=667531 width=4) (actual time=0.024..1275.228 rows=662825 loops=1)
              Filter: (kind_id = 1)
              Rows Removed by Filter: 1865487
Planning time: 0.771 ms
Execution time: 23956.640 ms
