Seq Scan on movie_companies mc  (cost=0.00..57926.93 rows=1017408 width=0) (actual time=0.021..1169.897 rows=1274246 loops=1)
  Filter: ((company_id < 72313) AND (company_type_id < 2))
  Rows Removed by Filter: 1334883
Planning time: 0.351 ms
Execution time: 1331.274 ms
