Seq Scan on movie_keyword mk  (cost=0.00..81003.12 rows=246 width=0) (actual time=1.194..1028.583 rows=365 loops=1)
  Filter: (keyword_id = 2682)
  Rows Removed by Filter: 4523565
Planning time: 0.367 ms
Execution time: 1028.834 ms
