Hash Join  (cost=177514.14..219290.45 rows=237983 width=0) (actual time=3556.866..4275.840 rows=2439 loops=1)
  Hash Cond: (mi_idx.movie_id = t.id)
  ->  Seq Scan on movie_info_idx mi_idx  (cost=0.00..21735.35 rows=1380035 width=4) (actual time=0.013..515.073 rows=1380035 loops=1)
  ->  Hash  (cost=170359.68..170359.68 rows=436037 width=8) (actual time=3208.081..3208.081 rows=2489 loops=1)
        Buckets: 131072  Batches: 8  Memory Usage: 1037kB
        ->  Hash Join  (cost=92883.59..170359.68 rows=436037 width=8) (actual time=2262.569..3206.481 rows=2489 loops=1)
              Hash Cond: (mc.movie_id = t.id)
              ->  Seq Scan on movie_companies mc  (cost=0.00..57926.93 rows=715557 width=4) (actual time=553.259..1016.379 rows=501030 loops=1)
                    Filter: ((company_id > 8819) AND (company_type_id = 1))
                    Rows Removed by Filter: 2108099
              ->  Hash  (cost=67604.59..67604.59 rows=1540800 width=4) (actual time=1706.904..1706.904 rows=1543264 loops=1)
                    Buckets: 131072  Batches: 32  Memory Usage: 2722kB
                    ->  Seq Scan on title t  (cost=0.00..67604.59 rows=1540800 width=4) (actual time=0.020..1231.594 rows=1543264 loops=1)
                          Filter: (kind_id = 7)
                          Rows Removed by Filter: 985048
Planning time: 1.160 ms
Execution time: 4276.508 ms
