Seq Scan on movie_keyword mk  (cost=0.00..81003.12 rows=246 width=0) (actual time=30.653..1241.710 rows=65 loops=1)
  Filter: (keyword_id = 23016)
  Rows Removed by Filter: 4523865
Planning time: 0.345 ms
Execution time: 1241.851 ms
