Hash Join  (cost=72085.10..419612.76 rows=1937 width=0) (actual time=3003.190..6452.521 rows=22944 loops=1)
  Hash Cond: (mi.movie_id = t.id)
  ->  Seq Scan on movie_info mi  (cost=0.00..346232.03 rows=17937 width=4) (actual time=1729.727..5075.882 rows=140065 loops=1)
        Filter: (info_type_id = 9)
        Rows Removed by Filter: 14695655
  ->  Hash  (cost=67604.59..67604.59 rows=273081 width=4) (actual time=1272.333..1272.333 rows=273902 loops=1)
        Buckets: 131072  Batches: 4  Memory Usage: 3434kB
        ->  Seq Scan on title t  (cost=0.00..67604.59 rows=273081 width=4) (actual time=0.051..1176.856 rows=273902 loops=1)
              Filter: (production_year < 1963)
              Rows Removed by Filter: 2254410
Planning time: 4.816 ms
Execution time: 6455.834 ms
