Hash Join  (cost=540871.64..1762050.15 rows=5016132 width=0) (actual time=11611.606..41643.010 rows=4331249 loops=1)
  Hash Cond: (ci.movie_id = t.id)
  ->  Seq Scan on cast_info ci  (cost=0.00..614943.12 rows=36225612 width=4) (actual time=0.021..13721.717 rows=36244344 loops=1)
  ->  Hash  (cost=535127.10..535127.10 rows=350123 width=8) (actual time=11610.557..11610.557 rows=169687 loops=1)
        Buckets: 131072  Batches: 8  Memory Usage: 1842kB
        ->  Hash Join  (cost=75458.68..535127.10 rows=350123 width=8) (actual time=1333.691..11548.790 rows=169687 loops=1)
              Hash Cond: (mi.movie_id = t.id)
              ->  Seq Scan on movie_info mi  (cost=0.00..346232.03 rows=9476311 width=4) (actual time=0.016..6847.413 rows=9565151 loops=1)
                    Filter: (info_type_id < 16)
                    Rows Removed by Filter: 5270569
              ->  Hash  (cost=73925.90..73925.90 rows=93422 width=4) (actual time=1332.319..1332.319 rows=100754 loops=1)
                    Buckets: 131072  Batches: 2  Memory Usage: 2808kB
                    ->  Seq Scan on title t  (cost=0.00..73925.90 rows=93422 width=4) (actual time=0.018..1292.969 rows=100754 loops=1)
                          Filter: ((kind_id > 1) AND (production_year = 2008))
                          Rows Removed by Filter: 2427558
Planning time: 1.161 ms
Execution time: 42123.505 ms
