Hash Join  (cost=118524.20..1174214.12 rows=2130575 width=0) (actual time=2366.984..33221.182 rows=4793402 loops=1)
  Hash Cond: (ci.movie_id = t.id)
  ->  Seq Scan on cast_info ci  (cost=0.00..614943.12 rows=36225612 width=4) (actual time=0.016..13777.758 rows=36244344 loops=1)
  ->  Hash  (cost=116084.28..116084.28 rows=148713 width=8) (actual time=2366.132..2366.132 rows=182084 loops=1)
        Buckets: 131072 (originally 131072)  Batches: 4 (originally 2)  Memory Usage: 3073kB
        ->  Hash Join  (cost=80874.21..116084.28 rows=148713 width=8) (actual time=1433.705..2311.963 rows=182084 loops=1)
              Hash Cond: (mi_idx.movie_id = t.id)
              ->  Seq Scan on movie_info_idx mi_idx  (cost=0.00..25185.44 rows=464934 width=4) (actual time=0.025..490.716 rows=460185 loops=1)
                    Filter: (info_type_id > 100)
                    Rows Removed by Filter: 919850
              ->  Hash  (cost=67604.59..67604.59 rows=808770 width=4) (actual time=1432.391..1432.391 rows=812704 loops=1)
                    Buckets: 131072  Batches: 16  Memory Usage: 2812kB
                    ->  Seq Scan on title t  (cost=0.00..67604.59 rows=808770 width=4) (actual time=0.022..1165.738 rows=812704 loops=1)
                          Filter: (production_year < 1995)
                          Rows Removed by Filter: 1715608
Planning time: 1.191 ms
Execution time: 33761.297 ms
