Hash Join  (cost=127399.09..881555.19 rows=336693 width=0) (actual time=2615.447..20521.355 rows=841306 loops=1)
  Hash Cond: (ci.movie_id = t.id)
  ->  Seq Scan on cast_info ci  (cost=0.00..614943.12 rows=36225612 width=4) (actual time=0.011..8825.196 rows=36244344 loops=1)
  ->  Hash  (cost=127105.33..127105.33 rows=23501 width=8) (actual time=2615.219..2615.219 rows=21601 loops=1)
        Buckets: 32768  Batches: 1  Memory Usage: 1100kB
        ->  Hash Join  (cost=67976.49..127105.33 rows=23501 width=8) (actual time=1108.350..2606.468 rows=21601 loops=1)
              Hash Cond: (mc.movie_id = t.id)
              ->  Seq Scan on movie_companies mc  (cost=0.00..51404.11 rows=1997258 width=4) (actual time=0.025..1009.467 rows=1998692 loops=1)
                    Filter: (company_id > 711)
                    Rows Removed by Filter: 610437
              ->  Hash  (cost=67604.59..67604.59 rows=29752 width=4) (actual time=1107.889..1107.889 rows=30027 loops=1)
                    Buckets: 32768  Batches: 1  Memory Usage: 1312kB
                    ->  Seq Scan on title t  (cost=0.00..67604.59 rows=29752 width=4) (actual time=0.057..1093.150 rows=30027 loops=1)
                          Filter: (production_year = 1994)
                          Rows Removed by Filter: 2498285
Planning time: 1.138 ms
Execution time: 20635.431 ms
