Seq Scan on movie_companies mc  (cost=0.00..57926.93 rows=292030 width=0) (actual time=171.746..819.479 rows=156126 loops=1)
  Filter: ((company_id < 604) AND (company_type_id > 1))
  Rows Removed by Filter: 2453003
Planning time: 0.254 ms
Execution time: 839.987 ms
