Hash Join  (cost=863246.45..3768951.82 rows=142549711 width=0) (actual time=21347.076..131827.402 rows=318661653 loops=1)
  Hash Cond: (ci.movie_id = t.id)
  ->  Seq Scan on cast_info ci  (cost=0.00..614943.12 rows=36225612 width=4) (actual time=0.020..14047.877 rows=36244344 loops=1)
  ->  Hash  (cost=700005.85..700005.85 rows=9949888 width=8) (actual time=21344.621..21344.621 rows=8797203 loops=1)
        Buckets: 131072  Batches: 256  Memory Usage: 2340kB
        ->  Hash Join  (cost=95609.14..700005.85 rows=9949888 width=8) (actual time=1925.702..18863.001 rows=8797203 loops=1)
              Hash Cond: (mi.movie_id = t.id)
              ->  Seq Scan on movie_info mi  (cost=0.00..309384.22 rows=14739122 width=4) (actual time=0.020..6316.754 rows=14835720 loops=1)
              ->  Hash  (cost=67604.59..67604.59 rows=1706924 width=4) (actual time=1924.041..1924.041 rows=1700316 loops=1)
                    Buckets: 131072  Batches: 32  Memory Usage: 2903kB
                    ->  Seq Scan on title t  (cost=0.00..67604.59 rows=1706924 width=4) (actual time=0.017..1378.217 rows=1700316 loops=1)
                          Filter: (production_year > 1992)
                          Rows Removed by Filter: 827996
Planning time: 1.163 ms
Execution time: 166434.380 ms
