Hash Join  (cost=76243.83..181952.28 rows=111328 width=0) (actual time=2552.063..3443.094 rows=16459 loops=1)
  Hash Cond: (mk.movie_id = t.id)
  ->  Seq Scan on movie_keyword mk  (cost=0.00..81003.12 rows=1992546 width=4) (actual time=0.020..1572.629 rows=1999356 loops=1)
        Filter: (keyword_id < 3537)
        Rows Removed by Filter: 2524574
  ->  Hash  (cost=73925.90..73925.90 rows=141274 width=4) (actual time=1221.680..1221.680 rows=150659 loops=1)
        Buckets: 131072  Batches: 2  Memory Usage: 3679kB
        ->  Seq Scan on title t  (cost=0.00..73925.90 rows=141274 width=4) (actual time=0.072..1166.569 rows=150659 loops=1)
              Filter: ((production_year > 2011) AND (kind_id = 7))
              Rows Removed by Filter: 2377653
Planning time: 0.718 ms
Execution time: 3445.441 ms
