Seq Scan on movie_keyword mk  (cost=0.00..81003.12 rows=246 width=0) (actual time=17.858..1311.567 rows=71 loops=1)
  Filter: (keyword_id = 31865)
  Rows Removed by Filter: 4523859
Planning time: 0.374 ms
Execution time: 1311.714 ms
