Seq Scan on cast_info ci  (cost=0.00..705507.15 rows=15841411 width=0) (actual time=2681.929..11811.594 rows=15952966 loops=1)
  Filter: (person_id > 2038699)
  Rows Removed by Filter: 20291378
Planning time: 0.365 ms
Execution time: 13773.547 ms
