Seq Scan on cast_info ci  (cost=0.00..796071.18 rows=3336775 width=0) (actual time=282.535..15491.005 rows=4006492 loops=1)
  Filter: ((person_id > 795208) AND (role_id = 10))
  Rows Removed by Filter: 32237852
Planning time: 0.417 ms
Execution time: 15973.246 ms
