Hash Join  (cost=102767.86..192432.81 rows=1179498 width=0) (actual time=1891.773..4344.253 rows=1190195 loops=1)
  Hash Cond: (mc.movie_id = t.id)
  ->  Seq Scan on movie_companies mc  (cost=0.00..51404.11 rows=1179498 width=4) (actual time=0.026..1023.911 rows=1190195 loops=1)
        Filter: (company_id > 12495)
        Rows Removed by Filter: 1418934
  ->  Hash  (cost=61283.27..61283.27 rows=2528527 width=4) (actual time=1889.886..1889.886 rows=2528312 loops=1)
        Buckets: 131072  Batches: 64  Memory Usage: 2415kB
        ->  Seq Scan on title t  (cost=0.00..61283.27 rows=2528527 width=4) (actual time=0.008..1041.933 rows=2528312 loops=1)
Planning time: 0.710 ms
Execution time: 4490.075 ms
