Hash Join  (cost=101315.87..188788.95 rows=782914 width=0) (actual time=2078.002..4481.700 rows=613744 loops=1)
  Hash Cond: (mc.movie_id = t.id)
  ->  Seq Scan on movie_companies mc  (cost=0.00..57926.93 rows=1185801 width=4) (actual time=0.024..1074.913 rows=1270818 loops=1)
        Filter: ((company_id > 145) AND (company_type_id = 2))
        Rows Removed by Filter: 1338311
  ->  Hash  (cost=73925.90..73925.90 rows=1669437 width=4) (actual time=2076.582..2076.582 rows=1779316 loops=1)
        Buckets: 131072  Batches: 32  Memory Usage: 2983kB
        ->  Seq Scan on title t  (cost=0.00..73925.90 rows=1669437 width=4) (actual time=0.012..1521.923 rows=1779316 loops=1)
              Filter: ((kind_id > 1) AND (production_year > 1954))
              Rows Removed by Filter: 748996
Planning time: 0.587 ms
Execution time: 4555.948 ms
