Seq Scan on cast_info ci  (cost=0.00..796071.18 rows=435 width=0) (actual time=4634.034..14764.849 rows=75 loops=1)
  Filter: ((role_id < 10) AND (person_id = 2785517))
  Rows Removed by Filter: 36244269
Planning time: 0.402 ms
Execution time: 14765.001 ms
