Seq Scan on movie_keyword mk  (cost=0.00..81003.12 rows=3857197 width=0) (actual time=0.016..1583.988 rows=3854983 loops=1)
  Filter: (keyword_id > 521)
  Rows Removed by Filter: 668947
Planning time: 0.341 ms
Execution time: 2059.737 ms
