Hash Join  (cost=101351.65..852927.50 rows=78664 width=0) (actual time=1537.873..18279.833 rows=236924 loops=1)
  Hash Cond: (ci.movie_id = t.id)
  ->  Seq Scan on cast_info ci  (cost=0.00..614943.12 rows=36225612 width=4) (actual time=0.021..8430.311 rows=36244344 loops=1)
  ->  Hash  (cost=101283.02..101283.02 rows=5491 width=8) (actual time=1537.751..1537.751 rows=7338 loops=1)
        Buckets: 8192  Batches: 1  Memory Usage: 351kB
        ->  Hash Join  (cost=74299.17..101283.02 rows=5491 width=8) (actual time=1153.091..1534.657 rows=7338 loops=1)
              Hash Cond: (mi_idx.movie_id = t.id)
              ->  Seq Scan on movie_info_idx mi_idx  (cost=0.00..25185.44 rows=464934 width=4) (actual time=0.023..414.339 rows=460185 loops=1)
                    Filter: (info_type_id > 100)
                    Rows Removed by Filter: 919850
              ->  Hash  (cost=73925.90..73925.90 rows=29861 width=4) (actual time=1005.917..1005.917 rows=17772 loops=1)
                    Buckets: 32768  Batches: 1  Memory Usage: 881kB
                    ->  Seq Scan on title t  (cost=0.00..73925.90 rows=29861 width=4) (actual time=0.020..998.493 rows=17772 loops=1)
                          Filter: ((kind_id = 1) AND (production_year = 2007))
                          Rows Removed by Filter: 2510540
Planning time: 1.205 ms
Execution time: 18322.691 ms
