Hash Join  (cost=28266.84..123280.51 rows=15 width=0) (actual time=635.557..2276.719 rows=1130 loops=1)
  Hash Cond: (mk.movie_id = t.id)
  ->  Seq Scan on movie_keyword mk  (cost=0.00..81003.12 rows=3736106 width=4) (actual time=0.019..1381.117 rows=3730537 loops=1)
        Filter: (keyword_id < 23525)
        Rows Removed by Filter: 793393
  ->  Hash  (cost=28266.72..28266.72 rows=10 width=8) (actual time=427.738..427.738 rows=9 loops=1)
        Buckets: 1024  Batches: 1  Memory Usage: 9kB
        ->  Nested Loop  (cost=0.43..28266.72 rows=10 width=8) (actual time=389.426..427.727 rows=9 loops=1)
              ->  Seq Scan on movie_info_idx mi_idx  (cost=0.00..25185.44 rows=368 width=4) (actual time=389.143..423.712 rows=260 loops=1)
                    Filter: (info_type_id > 101)
                    Rows Removed by Filter: 1379775
              ->  Index Scan using title_pkey on title t  (cost=0.43..8.36 rows=1 width=4) (actual time=0.015..0.015 rows=0 loops=260)
                    Index Cond: (id = mi_idx.movie_id)
                    Filter: (production_year = 2003)
                    Rows Removed by Filter: 1
Planning time: 1.163 ms
Execution time: 2276.983 ms
