Hash Join  (cost=85449.15..642119.65 rows=4022990 width=0) (actual time=1528.401..18031.838 rows=6365416 loops=1)
  Hash Cond: (mi.movie_id = t.id)
  ->  Seq Scan on movie_info mi  (cost=0.00..346232.03 rows=14483353 width=4) (actual time=0.020..7556.677 rows=14528932 loops=1)
        Filter: (info_type_id < 106)
        Rows Removed by Filter: 306788
  ->  Hash  (cost=73925.90..73925.90 rows=702340 width=4) (actual time=1527.509..1527.509 rows=603836 loops=1)
        Buckets: 131072  Batches: 16  Memory Usage: 2357kB
        ->  Seq Scan on title t  (cost=0.00..73925.90 rows=702340 width=4) (actual time=0.024..1326.560 rows=603836 loops=1)
              Filter: ((kind_id < 7) AND (production_year > 1988))
              Rows Removed by Filter: 1924476
Planning time: 1.723 ms
Execution time: 18821.800 ms
