Seq Scan on cast_info ci  (cost=0.00..796071.18 rows=1289158 width=0) (actual time=5084.974..12419.679 rows=416776 loops=1)
  Filter: ((person_id < 1047015) AND (role_id = 10))
  Rows Removed by Filter: 35827568
Planning time: 0.410 ms
Execution time: 12472.557 ms
