Seq Scan on movie_keyword mk  (cost=0.00..81003.12 rows=246 width=0) (actual time=66.151..1195.314 rows=26 loops=1)
  Filter: (keyword_id = 16746)
  Rows Removed by Filter: 4523904
Planning time: 0.444 ms
Execution time: 1195.434 ms
