Seq Scan on cast_info ci  (cost=0.00..796071.18 rows=224 width=0) (actual time=8599.389..13513.875 rows=640 loops=1)
  Filter: ((role_id > 2) AND (person_id = 479967))
  Rows Removed by Filter: 36243704
Planning time: 0.386 ms
Execution time: 13514.091 ms
