Hash Join  (cost=198508.12..1255889.20 rows=2295191 width=0) (actual time=4227.268..39992.961 rows=19729758 loops=1)
  Hash Cond: (ci.movie_id = t.id)
  ->  Seq Scan on cast_info ci  (cost=0.00..614943.12 rows=36225612 width=4) (actual time=0.011..12696.460 rows=36244344 loops=1)
  ->  Hash  (cost=195879.58..195879.58 rows=160203 width=8) (actual time=4225.958..4225.958 rows=568602 loops=1)
        Buckets: 131072 (originally 131072)  Batches: 8 (originally 4)  Memory Usage: 3846kB
        ->  Hash Join  (cost=76016.62..195879.58 rows=160203 width=8) (actual time=1152.642..4088.109 rows=568602 loops=1)
              Hash Cond: (mk.movie_id = t.id)
              ->  Seq Scan on movie_keyword mk  (cost=0.00..81003.12 rows=3179150 width=4) (actual time=0.010..1705.888 rows=3158860 loops=1)
                    Filter: (keyword_id > 1780)
                    Rows Removed by Filter: 1365070
              ->  Hash  (cost=73925.90..73925.90 rows=127417 width=4) (actual time=1150.855..1150.855 rows=227909 loops=1)
                    Buckets: 131072 (originally 131072)  Batches: 4 (originally 2)  Memory Usage: 3073kB
                    ->  Seq Scan on title t  (cost=0.00..73925.90 rows=127417 width=4) (actual time=0.012..1063.601 rows=227909 loops=1)
                          Filter: ((kind_id < 7) AND (production_year < 1967))
                          Rows Removed by Filter: 2300403
Planning time: 0.815 ms
Execution time: 42147.503 ms
