Hash Join  (cost=374077.22..1516262.91 rows=22439311 width=0) (actual time=8476.660..46421.197 rows=77909417 loops=1)
  Hash Cond: (ci.movie_id = t.id)
  ->  Seq Scan on cast_info ci  (cost=0.00..705507.15 rows=12726058 width=4) (actual time=0.025..14453.482 rows=12670688 loops=1)
        Filter: (role_id < 2)
        Rows Removed by Filter: 23573656
  ->  Hash  (cost=300930.68..300930.68 rows=4458443 width=8) (actual time=8474.612..8474.612 rows=4456385 loops=1)
        Buckets: 131072  Batches: 64  Memory Usage: 3773kB
        ->  Hash Join  (cost=102767.86..300930.68 rows=4458443 width=8) (actual time=1869.691..7309.965 rows=4456385 loops=1)
              Hash Cond: (mk.movie_id = t.id)
              ->  Seq Scan on movie_keyword mk  (cost=0.00..81003.12 rows=4458443 width=4) (actual time=0.023..1921.315 rows=4456385 loops=1)
                    Filter: (keyword_id > 56)
                    Rows Removed by Filter: 67545
              ->  Hash  (cost=61283.27..61283.27 rows=2528527 width=4) (actual time=1868.003..1868.003 rows=2528312 loops=1)
                    Buckets: 131072  Batches: 64  Memory Usage: 2425kB
                    ->  Seq Scan on title t  (cost=0.00..61283.27 rows=2528527 width=4) (actual time=0.020..1015.369 rows=2528312 loops=1)
Planning time: 1.147 ms
Execution time: 54238.529 ms
