Hash Join  (cost=454976.12..1503729.06 rows=2269049 width=0) (actual time=8847.385..36282.244 rows=2558999 loops=1)
  Hash Cond: (ci.movie_id = t.id)
  ->  Seq Scan on cast_info ci  (cost=0.00..705507.15 rows=27653425 width=4) (actual time=1159.989..16514.956 rows=27758030 loops=1)
        Filter: (role_id < 6)
        Rows Removed by Filter: 8486314
  ->  Hash  (cost=451571.71..451571.71 rows=207473 width=8) (actual time=7686.548..7686.548 rows=114207 loops=1)
        Buckets: 131072  Batches: 4  Memory Usage: 2135kB
        ->  Hash Join  (cost=92883.59..451571.71 rows=207473 width=8) (actual time=6369.671..7650.804 rows=114207 loops=1)
              Hash Cond: (mi.movie_id = t.id)
              ->  Seq Scan on movie_info mi  (cost=0.00..346232.03 rows=340474 width=4) (actual time=4576.456..5392.985 rows=328857 loops=1)
                    Filter: (info_type_id = 98)
                    Rows Removed by Filter: 14506863
              ->  Hash  (cost=67604.59..67604.59 rows=1540800 width=4) (actual time=1792.132..1792.132 rows=1543264 loops=1)
                    Buckets: 131072  Batches: 32  Memory Usage: 2728kB
                    ->  Seq Scan on title t  (cost=0.00..67604.59 rows=1540800 width=4) (actual time=0.040..1286.981 rows=1543264 loops=1)
                          Filter: (kind_id = 7)
                          Rows Removed by Filter: 985048
Planning time: 1.152 ms
Execution time: 36602.414 ms
