Seq Scan on movie_companies mc  (cost=0.00..57926.93 rows=85336 width=0) (actual time=0.021..975.370 rows=166349 loops=1)
  Filter: ((company_id > 125287) AND (company_type_id > 1))
  Rows Removed by Filter: 2442780
Planning time: 0.335 ms
Execution time: 996.440 ms
