Hash Join  (cost=83074.74..138123.98 rows=95 width=0) (actual time=1378.099..2374.702 rows=15 loops=1)
  Hash Cond: (mc.movie_id = t.id)
  ->  Seq Scan on movie_companies mc  (cost=0.00..51404.11 rows=971779 width=4) (actual time=0.026..875.731 rows=983505 loops=1)
        Filter: (company_id > 17288)
        Rows Removed by Filter: 1625624
  ->  Hash  (cost=83071.67..83071.67 rows=246 width=8) (actual time=1361.911..1361.911 rows=9 loops=1)
        Buckets: 1024  Batches: 1  Memory Usage: 9kB
        ->  Nested Loop  (cost=0.43..83071.67 rows=246 width=8) (actual time=219.061..1361.886 rows=9 loops=1)
              ->  Seq Scan on movie_keyword mk  (cost=0.00..81003.12 rows=246 width=4) (actual time=218.927..1361.277 rows=9 loops=1)
                    Filter: (keyword_id = 34328)
                    Rows Removed by Filter: 4523921
              ->  Index Only Scan using title_pkey on title t  (cost=0.43..8.40 rows=1 width=4) (actual time=0.057..0.058 rows=1 loops=9)
                    Index Cond: (id = mk.movie_id)
                    Heap Fetches: 9
Planning time: 1.105 ms
Execution time: 2374.844 ms
