Nested Loop  (cost=0.43..71777.49 rows=1728 width=0) (actual time=99.805..880.094 rows=2 loops=1)
  ->  Seq Scan on movie_companies mc  (cost=0.00..57926.93 rows=1728 width=4) (actual time=99.695..879.899 rows=2 loops=1)
        Filter: ((company_id = 428) AND (company_type_id = 2))
        Rows Removed by Filter: 2609127
  ->  Index Only Scan using title_pkey on title t  (cost=0.43..8.01 rows=1 width=4) (actual time=0.083..0.083 rows=1 loops=2)
        Index Cond: (id = mc.movie_id)
        Heap Fetches: 2
Planning time: 0.720 ms
Execution time: 880.170 ms
