Hash Join  (cost=99392.34..509836.16 rows=1883482 width=0) (actual time=2260.802..10345.916 rows=1820761 loops=1)
  Hash Cond: (mi.movie_id = t.id)
  ->  Seq Scan on movie_info mi  (cost=0.00..346232.03 rows=3068194 width=4) (actual time=197.262..5904.115 rows=3036719 loops=1)
        Filter: (info_type_id = 16)
        Rows Removed by Filter: 11799001
  ->  Hash  (cost=73925.90..73925.90 rows=1552195 width=4) (actual time=2062.044..2062.044 rows=1669980 loops=1)
        Buckets: 131072  Batches: 32  Memory Usage: 2872kB
        ->  Seq Scan on title t  (cost=0.00..73925.90 rows=1552195 width=4) (actual time=0.035..1505.617 rows=1669980 loops=1)
              Filter: ((kind_id > 1) AND (production_year > 1968))
              Rows Removed by Filter: 858332
Planning time: 0.754 ms
Execution time: 10559.249 ms
