Hash Join  (cost=68113.45..882555.81 rows=448439 width=0) (actual time=718.793..20604.065 rows=478692 loops=1)
  Hash Cond: (ci.movie_id = t.id)
  ->  Seq Scan on cast_info ci  (cost=0.00..705507.15 rows=27853553 width=4) (actual time=0.020..12320.146 rows=27910724 loops=1)
        Filter: (person_id < 2849795)
        Rows Removed by Filter: 8333620
  ->  Hash  (cost=67604.59..67604.59 rows=40709 width=4) (actual time=718.303..718.303 rows=38955 loops=1)
        Buckets: 65536  Batches: 1  Memory Usage: 1882kB
        ->  Seq Scan on title t  (cost=0.00..67604.59 rows=40709 width=4) (actual time=0.026..702.661 rows=38955 loops=1)
              Filter: (production_year = 1997)
              Rows Removed by Filter: 2489357
Planning time: 0.710 ms
Execution time: 20673.894 ms
