Hash Join  (cost=840311.69..926970.04 rows=32 width=0) (actual time=10273.457..12054.701 rows=538 loops=1)
  Hash Cond: (mk.movie_id = t.id)
  ->  Seq Scan on movie_keyword mk  (cost=0.00..69693.30 rows=4523930 width=4) (actual time=0.028..1035.826 rows=4523930 loops=1)
  ->  Hash  (cost=840311.46..840311.46 rows=18 width=8) (actual time=10224.925..10224.925 rows=115 loops=1)
        Buckets: 1024  Batches: 1  Memory Usage: 13kB
        ->  Nested Loop  (cost=0.43..840311.46 rows=18 width=8) (actual time=3546.430..10224.815 rows=115 loops=1)
              ->  Seq Scan on cast_info ci  (cost=0.00..796071.18 rows=6218 width=4) (actual time=3525.023..9928.123 rows=11901 loops=1)
                    Filter: ((person_id < 2150) AND (role_id = 1))
                    Rows Removed by Filter: 36232443
              ->  Index Scan using title_pkey on title t  (cost=0.43..7.10 rows=1 width=4) (actual time=0.024..0.024 rows=0 loops=11901)
                    Index Cond: (id = ci.movie_id)
                    Filter: (production_year = 1955)
                    Rows Removed by Filter: 1
Planning time: 1.116 ms
Execution time: 12054.941 ms
