Hash Join  (cost=106729.43..464671.98 rows=20479 width=0) (actual time=4410.806..8237.662 rows=104232 loops=1)
  Hash Cond: (mi.movie_id = t.id)
  ->  Seq Scan on movie_info mi  (cost=0.00..346232.03 rows=3068194 width=4) (actual time=2454.116..5559.514 rows=3036719 loops=1)
        Filter: (info_type_id = 16)
        Rows Removed by Filter: 11799001
  ->  Hash  (cost=106518.47..106518.47 rows=16877 width=8) (actual time=1953.131..1953.131 rows=38861 loops=1)
        Buckets: 65536 (originally 32768)  Batches: 1 (originally 1)  Memory Usage: 2031kB
        ->  Hash Join  (cost=75433.14..106518.47 rows=16877 width=8) (actual time=1245.581..1939.375 rows=38861 loops=1)
              Hash Cond: (mi_idx.movie_id = t.id)
              ->  Seq Scan on movie_info_idx mi_idx  (cost=0.00..25185.44 rows=464566 width=4) (actual time=0.027..456.395 rows=459925 loops=1)
                    Filter: (info_type_id = 101)
                    Rows Removed by Filter: 920110
              ->  Hash  (cost=73925.90..73925.90 rows=91859 width=4) (actual time=1244.638..1244.638 rows=191138 loops=1)
                    Buckets: 131072 (originally 131072)  Batches: 4 (originally 2)  Memory Usage: 3073kB
                    ->  Seq Scan on title t  (cost=0.00..73925.90 rows=91859 width=4) (actual time=0.019..1171.661 rows=191138 loops=1)
                          Filter: ((kind_id < 7) AND (production_year < 1959))
                          Rows Removed by Filter: 2337174
Planning time: 1.180 ms
Execution time: 8251.855 ms
