Hash Join  (cost=67697.55..124473.90 rows=4181 width=0) (actual time=1093.414..2339.351 rows=13970 loops=1)
  Hash Cond: (mc.movie_id = t.id)
  ->  Seq Scan on movie_companies mc  (cost=0.00..51404.11 rows=1421448 width=4) (actual time=0.026..934.800 rows=1411933 loops=1)
        Filter: (company_id < 12370)
        Rows Removed by Filter: 1197196
  ->  Hash  (cost=67604.59..67604.59 rows=7437 width=4) (actual time=1093.235..1093.235 rows=21312 loops=1)
        Buckets: 32768 (originally 8192)  Batches: 1 (originally 1)  Memory Usage: 1006kB
        ->  Seq Scan on title t  (cost=0.00..67604.59 rows=7437 width=4) (actual time=0.045..1083.334 rows=21312 loops=1)
              Filter: (production_year = 1989)
              Rows Removed by Filter: 2507000
Planning time: 0.725 ms
Execution time: 2341.841 ms
