Hash Join  (cost=452146.04..1523239.84 rows=2393970 width=0) (actual time=8781.938..39488.115 rows=4514567 loops=1)
  Hash Cond: (ci.movie_id = t.id)
  ->  Seq Scan on cast_info ci  (cost=0.00..796071.18 rows=21620525 width=4) (actual time=0.024..18341.724 rows=25258103 loops=1)
        Filter: ((person_id < 2962807) AND (role_id < 5))
        Rows Removed by Filter: 10986241
  ->  Hash  (cost=447552.35..447552.35 rows=279975 width=8) (actual time=8779.574..8779.574 rows=421766 loops=1)
        Buckets: 131072 (originally 131072)  Batches: 8 (originally 4)  Memory Usage: 3076kB
        ->  Hash Join  (cost=73205.47..447552.35 rows=279975 width=8) (actual time=2472.938..8637.118 rows=421766 loops=1)
              Hash Cond: (mi.movie_id = t.id)
              ->  Seq Scan on movie_info mi  (cost=0.00..346232.03 rows=2073893 width=4) (actual time=1072.929..5835.311 rows=2091068 loops=1)
                    Filter: (info_type_id < 3)
                    Rows Removed by Filter: 12744652
              ->  Hash  (cost=67604.59..67604.59 rows=341351 width=4) (actual time=1398.800..1398.800 rows=337846 loops=1)
                    Buckets: 131072  Batches: 8  Memory Usage: 2507kB
                    ->  Seq Scan on title t  (cost=0.00..67604.59 rows=341351 width=4) (actual time=0.039..1277.341 rows=337846 loops=1)
                          Filter: (production_year < 1968)
                          Rows Removed by Filter: 2190466
Planning time: 1.202 ms
Execution time: 39999.439 ms
