Hash Join  (cost=69374.09..157752.93 rows=24722 width=0) (actual time=1238.052..2805.933 rows=21759 loops=1)
  Hash Cond: (mk.movie_id = t.id)
  ->  Seq Scan on movie_keyword mk  (cost=0.00..81003.12 rows=579865 width=4) (actual time=0.031..1352.503 rows=577459 loops=1)
        Filter: (keyword_id > 31767)
        Rows Removed by Filter: 3946471
  ->  Hash  (cost=67604.59..67604.59 rows=107800 width=4) (actual time=1237.081..1237.081 rows=108429 loops=1)
        Buckets: 131072  Batches: 2  Memory Usage: 2938kB
        ->  Seq Scan on title t  (cost=0.00..67604.59 rows=107800 width=4) (actual time=0.014..1121.048 rows=108429 loops=1)
              Filter: (production_year = 2006)
              Rows Removed by Filter: 2419883
Planning time: 0.696 ms
Execution time: 2809.323 ms
