Hash Join  (cost=94009.45..566027.58 rows=3966155 width=0) (actual time=1877.923..12689.777 rows=3928628 loops=1)
  Hash Cond: (mi.movie_id = t.id)
  ->  Seq Scan on movie_info mi  (cost=0.00..346232.03 rows=6231111 width=4) (actual time=0.026..6371.629 rows=6223494 loops=1)
        Filter: (info_type_id > 8)
        Rows Removed by Filter: 8612226
  ->  Hash  (cost=67604.59..67604.59 rows=1609429 width=4) (actual time=1876.948..1876.948 rows=1607077 loops=1)
        Buckets: 131072  Batches: 32  Memory Usage: 2799kB
        ->  Seq Scan on title t  (cost=0.00..67604.59 rows=1609429 width=4) (actual time=0.029..1360.819 rows=1607077 loops=1)
              Filter: (production_year > 1995)
              Rows Removed by Filter: 921235
Planning time: 4.776 ms
Execution time: 13136.714 ms
