Hash Join  (cost=709678.15..796345.14 rows=895 width=0) (actual time=9897.167..11735.426 rows=193 loops=1)
  Hash Cond: (mk.movie_id = t.id)
  ->  Seq Scan on movie_keyword mk  (cost=0.00..69693.30 rows=4523930 width=4) (actual time=0.023..1126.764 rows=4523930 loops=1)
  ->  Hash  (cost=709671.90..709671.90 rows=500 width=8) (actual time=9853.747..9853.747 rows=214 loops=1)
        Buckets: 1024  Batches: 1  Memory Usage: 17kB
        ->  Nested Loop  (cost=0.43..709671.90 rows=500 width=8) (actual time=187.230..9853.646 rows=214 loops=1)
              ->  Seq Scan on cast_info ci  (cost=0.00..705507.15 rows=500 width=4) (actual time=187.134..9849.991 rows=214 loops=1)
                    Filter: (person_id = 2267845)
                    Rows Removed by Filter: 36244130
              ->  Index Only Scan using title_pkey on title t  (cost=0.43..8.32 rows=1 width=4) (actual time=0.016..0.016 rows=1 loops=214)
                    Index Cond: (id = ci.movie_id)
                    Heap Fetches: 214
Planning time: 1.264 ms
Execution time: 11735.565 ms
