Hash Join  (cost=102767.86..188743.88 rows=1026210 width=0) (actual time=1974.938..4205.091 rows=1026002 loops=1)
  Hash Cond: (mc.movie_id = t.id)
  ->  Seq Scan on movie_companies mc  (cost=0.00..51404.11 rows=1026210 width=4) (actual time=0.026..977.039 rows=1026002 loops=1)
        Filter: (company_id < 5544)
        Rows Removed by Filter: 1583127
  ->  Hash  (cost=61283.27..61283.27 rows=2528527 width=4) (actual time=1973.182..1973.182 rows=2528312 loops=1)
        Buckets: 131072  Batches: 64  Memory Usage: 2415kB
        ->  Seq Scan on title t  (cost=0.00..61283.27 rows=2528527 width=4) (actual time=0.012..1125.633 rows=2528312 loops=1)
Planning time: 0.731 ms
Execution time: 4329.706 ms
