Hash Join  (cost=162562.34..549553.23 rows=391106 width=0) (actual time=3087.825..16227.197 rows=10421645 loops=1)
  Hash Cond: (mi.movie_id = t.id)
  ->  Seq Scan on movie_info mi  (cost=0.00..309384.22 rows=14739122 width=4) (actual time=0.016..4929.971 rows=14835720 loops=1)
  ->  Hash  (cost=161723.65..161723.65 rows=67095 width=8) (actual time=3087.091..3087.091 rows=146269 loops=1)
        Buckets: 131072 (originally 131072)  Batches: 2 (originally 1)  Memory Usage: 3906kB
        ->  Hash Join  (cost=74394.67..161723.65 rows=67095 width=8) (actual time=1097.168..3034.143 rows=146269 loops=1)
              Hash Cond: (mk.movie_id = t.id)
              ->  Seq Scan on movie_keyword mk  (cost=0.00..69693.30 rows=4523930 width=4) (actual time=0.026..1028.624 rows=4523930 loops=1)
              ->  Hash  (cost=73925.90..73925.90 rows=37501 width=4) (actual time=1096.769..1096.769 rows=32253 loops=1)
                    Buckets: 65536  Batches: 1  Memory Usage: 1646kB
                    ->  Seq Scan on title t  (cost=0.00..73925.90 rows=37501 width=4) (actual time=0.240..1083.696 rows=32253 loops=1)
                          Filter: ((kind_id < 7) AND (production_year = 2005))
                          Rows Removed by Filter: 2496059
Planning time: 1.211 ms
Execution time: 17462.505 ms
