Hash Join  (cost=77561.16..151634.44 rows=236774 width=0) (actual time=1398.456..3332.052 rows=396133 loops=1)
  Hash Cond: (mc.movie_id = t.id)
  ->  Seq Scan on movie_companies mc  (cost=0.00..57926.93 rows=986561 width=4) (actual time=0.023..1177.687 rows=1145865 loops=1)
        Filter: ((company_id > 1020) AND (company_type_id > 1))
        Rows Removed by Filter: 1463264
  ->  Hash  (cost=67604.59..67604.59 rows=606846 width=4) (actual time=1397.411..1397.411 rows=603411 loops=1)
        Buckets: 131072  Batches: 8  Memory Usage: 3668kB
        ->  Seq Scan on title t  (cost=0.00..67604.59 rows=606846 width=4) (actual time=0.026..1206.425 rows=603411 loops=1)
              Filter: (production_year < 1986)
              Rows Removed by Filter: 1924901
Planning time: 0.747 ms
Execution time: 3379.923 ms
