Seq Scan on cast_info ci  (cost=0.00..705507.15 rows=25200861 width=0) (actual time=1497.478..13050.726 rows=25312004 loops=1)
  Filter: (person_id > 1074440)
  Rows Removed by Filter: 10932340
Planning time: 0.358 ms
Execution time: 16170.597 ms
