Hash Join  (cost=153250.71..1094557.96 rows=2916293 width=0) (actual time=3798.355..25814.037 rows=5674430 loops=1)
  Hash Cond: (ci.movie_id = t.id)
  ->  Seq Scan on cast_info ci  (cost=0.00..796071.18 rows=9784037 width=4) (actual time=0.029..14545.421 rows=10679099 loops=1)
        Filter: ((person_id < 1094703) AND (role_id < 10))
        Rows Removed by Filter: 25565245
  ->  Hash  (cost=140884.85..140884.85 rows=753669 width=8) (actual time=3797.451..3797.451 rows=664016 loops=1)
        Buckets: 131072  Batches: 16  Memory Usage: 2638kB
        ->  Hash Join  (cost=90260.67..140884.85 rows=753669 width=8) (actual time=2093.879..3597.899 rows=664016 loops=1)
              Hash Cond: (mi_idx.movie_id = t.id)
              ->  Seq Scan on movie_info_idx mi_idx  (cost=0.00..21735.35 rows=1380035 width=4) (actual time=0.022..460.820 rows=1380035 loops=1)
              ->  Hash  (cost=67604.59..67604.59 rows=1380887 width=4) (actual time=2091.598..2091.598 rows=1381453 loops=1)
                    Buckets: 131072  Batches: 32  Memory Usage: 2543kB
                    ->  Seq Scan on title t  (cost=0.00..67604.59 rows=1380887 width=4) (actual time=0.020..1038.346 rows=1381453 loops=1)
                          Filter: (production_year > 2000)
                          Rows Removed by Filter: 1146859
Planning time: 1.163 ms
Execution time: 26514.179 ms
