Seq Scan on cast_info ci  (cost=0.00..705507.15 rows=500 width=0) (actual time=965.013..9088.752 rows=171 loops=1)
  Filter: (person_id = 2008752)
  Rows Removed by Filter: 36244173
Planning time: 0.385 ms
Execution time: 9088.862 ms
