Hash Join  (cost=102767.86..973486.82 rows=2691679 width=0) (actual time=2208.755..18974.150 rows=1612037 loops=1)
  Hash Cond: (ci.movie_id = t.id)
  ->  Seq Scan on cast_info ci  (cost=0.00..796071.18 rows=2691679 width=4) (actual time=129.057..15221.578 rows=1612037 loops=1)
        Filter: ((person_id < 2498634) AND (role_id = 3))
        Rows Removed by Filter: 34632307
  ->  Hash  (cost=61283.27..61283.27 rows=2528527 width=4) (actual time=2078.535..2078.535 rows=2528312 loops=1)
        Buckets: 131072  Batches: 64  Memory Usage: 2415kB
        ->  Seq Scan on title t  (cost=0.00..61283.27 rows=2528527 width=4) (actual time=0.014..1212.052 rows=2528312 loops=1)
Planning time: 0.762 ms
Execution time: 19161.476 ms
