Hash Join  (cost=81466.28..123462.92 rows=250816 width=0) (actual time=1414.697..2639.883 rows=576850 loops=1)
  Hash Cond: (mi_idx.movie_id = t.id)
  ->  Seq Scan on movie_info_idx mi_idx  (cost=0.00..21735.35 rows=1380035 width=4) (actual time=0.024..401.604 rows=1380035 loops=1)
  ->  Hash  (cost=73925.90..73925.90 rows=459550 width=4) (actual time=1413.996..1413.996 rows=547302 loops=1)
        Buckets: 131072  Batches: 8  Memory Usage: 3441kB
        ->  Seq Scan on title t  (cost=0.00..73925.90 rows=459550 width=4) (actual time=0.039..1230.087 rows=547302 loops=1)
              Filter: ((kind_id < 4) AND (production_year < 2005))
              Rows Removed by Filter: 1981010
Planning time: 2.353 ms
Execution time: 2704.493 ms
