Hash Join  (cost=163798.56..920904.25 rows=631652 width=0) (actual time=3006.471..20382.918 rows=505337 loops=1)
  Hash Cond: (ci.movie_id = t.id)
  ->  Seq Scan on cast_info ci  (cost=0.00..614943.12 rows=36225612 width=4) (actual time=0.023..8746.864 rows=36244344 loops=1)
  ->  Hash  (cost=163247.45..163247.45 rows=44089 width=8) (actual time=3005.715..3005.715 rows=11887 loops=1)
        Buckets: 65536  Batches: 1  Memory Usage: 977kB
        ->  Hash Join  (cost=74657.14..163247.45 rows=44089 width=8) (actual time=1297.498..3001.159 rows=11887 loops=1)
              Hash Cond: (mk.movie_id = t.id)
              ->  Seq Scan on movie_keyword mk  (cost=0.00..81003.12 rows=1905677 width=4) (actual time=0.023..1375.357 rows=1917348 loops=1)
                    Filter: (keyword_id > 7074)
                    Rows Removed by Filter: 2606582
              ->  Hash  (cost=73925.90..73925.90 rows=58499 width=4) (actual time=1245.337..1245.337 rows=62752 loops=1)
                    Buckets: 65536  Batches: 1  Memory Usage: 2719kB
                    ->  Seq Scan on title t  (cost=0.00..73925.90 rows=58499 width=4) (actual time=223.971..1219.008 rows=62752 loops=1)
                          Filter: ((kind_id = 7) AND (production_year = 2005))
                          Rows Removed by Filter: 2465560
Planning time: 1.191 ms
Execution time: 20451.264 ms
