Hash Join  (cost=137413.28..1064835.08 rows=1935650 width=0) (actual time=3138.495..25517.382 rows=2375235 loops=1)
  Hash Cond: (ci.movie_id = t.id)
  ->  Seq Scan on cast_info ci  (cost=0.00..705507.15 rows=17423503 width=4) (actual time=0.519..14396.693 rows=17311581 loops=1)
        Filter: (person_id < 1709906)
        Rows Removed by Filter: 18932763
  ->  Hash  (cost=132803.96..132803.96 rows=280905 width=8) (actual time=3056.048..3056.048 rows=141906 loops=1)
        Buckets: 131072  Batches: 4  Memory Usage: 2407kB
        ->  Hash Join  (cost=92883.59..132803.96 rows=280905 width=8) (actual time=1919.367..3012.579 rows=141906 loops=1)
              Hash Cond: (mi_idx.movie_id = t.id)
              ->  Seq Scan on movie_info_idx mi_idx  (cost=0.00..25185.44 rows=460978 width=4) (actual time=0.018..486.937 rows=459925 loops=1)
                    Filter: (info_type_id < 100)
                    Rows Removed by Filter: 920110
              ->  Hash  (cost=67604.59..67604.59 rows=1540800 width=4) (actual time=1737.668..1737.668 rows=1543264 loops=1)
                    Buckets: 131072  Batches: 32  Memory Usage: 2722kB
                    ->  Seq Scan on title t  (cost=0.00..67604.59 rows=1540800 width=4) (actual time=188.336..1254.580 rows=1543264 loops=1)
                          Filter: (kind_id = 7)
                          Rows Removed by Filter: 985048
Planning time: 1.194 ms
Execution time: 25809.183 ms
