Seq Scan on cast_info ci  (cost=0.00..796071.18 rows=8969273 width=0) (actual time=8413.438..12701.672 rows=5083082 loops=1)
  Filter: ((person_id > 1034015) AND (role_id < 2))
  Rows Removed by Filter: 31161262
Planning time: 0.401 ms
Execution time: 13216.144 ms
