Seq Scan on movie_keyword mk  (cost=0.00..81003.12 rows=1060785 width=0) (actual time=0.042..1536.437 rows=1068659 loops=1)
  Filter: (keyword_id > 16496)
  Rows Removed by Filter: 3455271
Planning time: 0.354 ms
Execution time: 1668.852 ms
