Hash Join  (cost=83074.06..833876.55 rows=1338 width=0) (actual time=1279.912..15373.983 rows=53254 loops=1)
  Hash Cond: (ci.movie_id = t.id)
  ->  Seq Scan on cast_info ci  (cost=0.00..614943.12 rows=36225612 width=4) (actual time=0.031..7429.987 rows=36244344 loops=1)
  ->  Hash  (cost=83072.90..83072.90 rows=93 width=8) (actual time=1279.316..1279.316 rows=1205 loops=1)
        Buckets: 2048 (originally 1024)  Batches: 1 (originally 1)  Memory Usage: 64kB
        ->  Nested Loop  (cost=0.43..83072.90 rows=93 width=8) (actual time=0.252..1278.483 rows=1205 loops=1)
              ->  Seq Scan on movie_keyword mk  (cost=0.00..81003.12 rows=246 width=4) (actual time=0.189..1213.284 rows=1285 loops=1)
                    Filter: (keyword_id = 4194)
                    Rows Removed by Filter: 4522645
              ->  Index Scan using title_pkey on title t  (cost=0.43..8.40 rows=1 width=4) (actual time=0.049..0.050 rows=1 loops=1285)
                    Index Cond: (id = mk.movie_id)
                    Filter: ((kind_id < 7) AND (production_year < 2015))
                    Rows Removed by Filter: 0
Planning time: 1.134 ms
Execution time: 15385.062 ms
