Hash Join  (cost=153815.38..278818.96 rows=246354 width=0) (actual time=3210.946..6838.972 rows=3248802 loops=1)
  Hash Cond: (mk.movie_id = t.id)
  ->  Seq Scan on movie_keyword mk  (cost=0.00..69693.30 rows=4523930 width=4) (actual time=0.022..1450.882 rows=4523930 loops=1)
  ->  Hash  (cost=151556.22..151556.22 rows=137693 width=8) (actual time=2880.646..2880.646 rows=260679 loops=1)
        Buckets: 131072 (originally 131072)  Batches: 4 (originally 2)  Memory Usage: 3581kB
        ->  Hash Join  (cost=80135.37..151556.22 rows=137693 width=8) (actual time=1287.742..2800.348 rows=260679 loops=1)
              Hash Cond: (mc.movie_id = t.id)
              ->  Seq Scan on movie_companies mc  (cost=0.00..57926.93 rows=919997 width=4) (actual time=0.024..1084.038 rows=1103804 loops=1)
                    Filter: ((company_id > 1736) AND (company_type_id = 2))
                    Rows Removed by Filter: 1505325
              ->  Hash  (cost=73925.90..73925.90 rows=378437 width=4) (actual time=1139.294..1139.294 rows=282115 loops=1)
                    Buckets: 131072  Batches: 8  Memory Usage: 2266kB
                    ->  Seq Scan on title t  (cost=0.00..73925.90 rows=378437 width=4) (actual time=0.024..1050.665 rows=282115 loops=1)
                          Filter: ((kind_id < 2) AND (production_year > 1999))
                          Rows Removed by Filter: 2246197
Planning time: 1.168 ms
Execution time: 7247.367 ms
