Seq Scan on movie_companies mc  (cost=0.00..57926.93 rows=333427 width=0) (actual time=389.152..845.000 rows=29942 loops=1)
  Filter: ((company_id > 47789) AND (company_type_id = 1))
  Rows Removed by Filter: 2579187
Planning time: 0.377 ms
Execution time: 849.266 ms
