Seq Scan on cast_info ci  (cost=0.00..705507.15 rows=24629085 width=0) (actual time=0.027..13241.747 rows=24618990 loops=1)
  Filter: (person_id < 2531661)
  Rows Removed by Filter: 11625354
Planning time: 0.340 ms
Execution time: 16366.094 ms
