Hash Join  (cost=83586.99..167013.28 rows=607576 width=0) (actual time=1555.428..3900.398 rows=897388 loops=1)
  Hash Cond: (mc.movie_id = t.id)
  ->  Seq Scan on movie_companies mc  (cost=0.00..44881.29 rows=2609129 width=4) (actual time=0.019..919.180 rows=2609129 loops=1)
  ->  Hash  (cost=73925.90..73925.90 rows=588807 width=4) (actual time=1443.768..1443.768 rows=470102 loops=1)
        Buckets: 131072  Batches: 8  Memory Usage: 3104kB
        ->  Seq Scan on title t  (cost=0.00..73925.90 rows=588807 width=4) (actual time=0.021..1298.462 rows=470102 loops=1)
              Filter: ((production_year > 1958) AND (kind_id = 1))
              Rows Removed by Filter: 2058210
Planning time: 0.651 ms
Execution time: 4006.932 ms
