Hash Join  (cost=83072.30..447728.28 rows=4 width=0) (actual time=1837.078..8223.754 rows=29 loops=1)
  Hash Cond: (mi.movie_id = t.id)
  ->  Seq Scan on movie_info mi  (cost=0.00..309384.22 rows=14739122 width=4) (actual time=0.016..4330.270 rows=14835720 loops=1)
  ->  Hash  (cost=83072.29..83072.29 rows=1 width=8) (actual time=1247.019..1247.019 rows=2 loops=1)
        Buckets: 1024  Batches: 1  Memory Usage: 9kB
        ->  Nested Loop  (cost=0.43..83072.29 rows=1 width=8) (actual time=493.738..1246.998 rows=2 loops=1)
              ->  Seq Scan on movie_keyword mk  (cost=0.00..81003.12 rows=246 width=4) (actual time=3.503..1224.344 rows=953 loops=1)
                    Filter: (keyword_id = 5706)
                    Rows Removed by Filter: 4522977
              ->  Index Scan using title_pkey on title t  (cost=0.43..8.40 rows=1 width=4) (actual time=0.023..0.023 rows=0 loops=953)
                    Index Cond: (id = mk.movie_id)
                    Filter: (production_year = 1917)
                    Rows Removed by Filter: 1
Planning time: 1.203 ms
Execution time: 8223.929 ms
