Hash Join  (cost=198025.53..1331665.16 rows=9718647 width=0) (actual time=4572.761..44021.174 rows=35181164 loops=1)
  Hash Cond: (ci.movie_id = t.id)
  ->  Seq Scan on cast_info ci  (cost=0.00..614943.12 rows=36225612 width=4) (actual time=0.014..13464.210 rows=36244344 loops=1)
  ->  Hash  (cost=186896.08..186896.08 rows=678356 width=8) (actual time=4569.071..4569.071 rows=927548 loops=1)
        Buckets: 131072  Batches: 16  Memory Usage: 3265kB
        ->  Hash Join  (cost=102767.86..186896.08 rows=678356 width=8) (actual time=2336.140..4295.327 rows=927548 loops=1)
              Hash Cond: (mc.movie_id = t.id)
              ->  Seq Scan on movie_companies mc  (cost=0.00..57926.93 rows=678356 width=4) (actual time=345.933..1084.629 rows=927548 loops=1)
                    Filter: ((company_id < 11805) AND (company_type_id < 2))
                    Rows Removed by Filter: 1681581
              ->  Hash  (cost=61283.27..61283.27 rows=2528527 width=4) (actual time=1988.741..1988.741 rows=2528312 loops=1)
                    Buckets: 131072  Batches: 64  Memory Usage: 2415kB
                    ->  Seq Scan on title t  (cost=0.00..61283.27 rows=2528527 width=4) (actual time=0.026..1130.239 rows=2528312 loops=1)
Planning time: 1.131 ms
Execution time: 47859.215 ms
