Seq Scan on cast_info ci  (cost=0.00..796071.18 rows=6767131 width=0) (actual time=10970.567..14623.647 rows=2846672 loops=1)
  Filter: ((person_id < 2676634) AND (role_id > 4))
  Rows Removed by Filter: 33397672
Planning time: 0.354 ms
Execution time: 14974.958 ms
