Seq Scan on title t  (cost=0.00..73925.90 rows=1132591 width=0) (actual time=0.018..1241.390 rows=1224674 loops=1)
  Filter: ((production_year > 1985) AND (kind_id = 7))
  Rows Removed by Filter: 1303638
Planning time: 0.440 ms
Execution time: 1404.041 ms
