Hash Join  (cost=101464.41..160442.03 rows=1511 width=0) (actual time=2008.669..2695.531 rows=4170 loops=1)
  Hash Cond: (mc.movie_id = t.id)
  ->  Seq Scan on movie_companies mc  (cost=0.00..57926.93 rows=276154 width=4) (actual time=26.569..879.519 rows=413870 loops=1)
        Filter: ((company_id < 595) AND (company_type_id = 1))
        Rows Removed by Filter: 2195259
  ->  Hash  (cost=101291.51..101291.51 rows=13832 width=8) (actual time=1729.359..1729.359 rows=21510 loops=1)
        Buckets: 32768 (originally 16384)  Batches: 1 (originally 1)  Memory Usage: 1097kB
        ->  Hash Join  (cost=74242.71..101291.51 rows=13832 width=8) (actual time=1057.307..1721.212 rows=21510 loops=1)
              Hash Cond: (mi_idx.movie_id = t.id)
              ->  Seq Scan on movie_info_idx mi_idx  (cost=0.00..21735.35 rows=1380035 width=4) (actual time=0.019..351.938 rows=1380035 loops=1)
              ->  Hash  (cost=73925.90..73925.90 rows=25344 width=4) (actual time=1057.077..1057.077 rows=15457 loops=1)
                    Buckets: 32768  Batches: 1  Memory Usage: 800kB
                    ->  Seq Scan on title t  (cost=0.00..73925.90 rows=25344 width=4) (actual time=0.023..1050.567 rows=15457 loops=1)
                          Filter: ((kind_id = 1) AND (production_year = 2005))
                          Rows Removed by Filter: 2512855
Planning time: 1.257 ms
Execution time: 2696.553 ms
