Seq Scan on cast_info ci  (cost=0.00..796071.18 rows=61336 width=0) (actual time=7749.541..11739.085 rows=215578 loops=1)
  Filter: ((person_id > 3012236) AND (role_id > 10))
  Rows Removed by Filter: 36028766
Planning time: 0.379 ms
Execution time: 11766.352 ms
