Seq Scan on movie_keyword mk  (cost=0.00..81003.12 rows=246 width=0) (actual time=0.733..1320.312 rows=990 loops=1)
  Filter: (keyword_id = 3007)
  Rows Removed by Filter: 4522940
Planning time: 1.629 ms
Execution time: 1320.790 ms
