Hash Join  (cost=94655.84..896018.05 rows=761 width=0) (actual time=10557.506..15003.163 rows=3515 loops=1)
  Hash Cond: (ci.movie_id = t.id)
  ->  Seq Scan on cast_info ci  (cost=0.00..796071.18 rows=1408910 width=4) (actual time=8853.178..13086.654 rows=1247530 loops=1)
        Filter: ((person_id < 1846749) AND (role_id = 4))
        Rows Removed by Filter: 34996814
  ->  Hash  (cost=94638.77..94638.77 rows=1366 width=8) (actual time=1702.707..1702.707 rows=3145 loops=1)
        Buckets: 4096 (originally 2048)  Batches: 1 (originally 1)  Memory Usage: 155kB
        ->  Hash Join  (cost=67697.55..94638.77 rows=1366 width=8) (actual time=1139.777..1701.265 rows=3145 loops=1)
              Hash Cond: (mi_idx.movie_id = t.id)
              ->  Seq Scan on movie_info_idx mi_idx  (cost=0.00..25185.44 rows=464566 width=4) (actual time=0.038..451.356 rows=459925 loops=1)
                    Filter: (info_type_id = 101)
                    Rows Removed by Filter: 920110
              ->  Hash  (cost=67604.59..67604.59 rows=7437 width=4) (actual time=1139.284..1139.284 rows=13623 loops=1)
                    Buckets: 16384 (originally 8192)  Batches: 1 (originally 1)  Memory Usage: 607kB
                    ->  Seq Scan on title t  (cost=0.00..67604.59 rows=7437 width=4) (actual time=0.238..1132.665 rows=13623 loops=1)
                          Filter: (production_year = 1972)
                          Rows Removed by Filter: 2514689
Planning time: 1.171 ms
Execution time: 15004.178 ms
