Seq Scan on cast_info ci  (cost=0.00..796071.18 rows=3075288 width=0) (actual time=5130.207..13593.547 rows=4111423 loops=1)
  Filter: ((person_id > 1211315) AND (role_id > 9))
  Rows Removed by Filter: 32132921
Planning time: 0.378 ms
Execution time: 14098.345 ms
