Hash Join  (cost=126296.79..251755.64 rows=283681 width=0) (actual time=2525.841..6942.016 rows=3034889 loops=1)
  Hash Cond: (mk.movie_id = t.id)
  ->  Seq Scan on movie_keyword mk  (cost=0.00..69693.30 rows=4523930 width=4) (actual time=0.021..1407.816 rows=4523930 loops=1)
  ->  Hash  (cost=123694.85..123694.85 rows=158556 width=8) (actual time=2524.743..2524.743 rows=305141 loops=1)
        Buckets: 131072  Batches: 4  Memory Usage: 4017kB
        ->  Hash Join  (cost=88195.18..123694.85 rows=158556 width=8) (actual time=1492.182..2433.336 rows=305141 loops=1)
              Hash Cond: (mi_idx.movie_id = t.id)
              ->  Seq Scan on movie_info_idx mi_idx  (cost=0.00..25185.44 rows=460978 width=4) (actual time=0.014..471.990 rows=459925 loops=1)
                    Filter: (info_type_id < 100)
                    Rows Removed by Filter: 920110
              ->  Hash  (cost=73925.90..73925.90 rows=869702 width=4) (actual time=1491.142..1491.142 rows=896788 loops=1)
                    Buckets: 131072  Batches: 16  Memory Usage: 2998kB
                    ->  Seq Scan on title t  (cost=0.00..73925.90 rows=869702 width=4) (actual time=0.020..1210.294 rows=896788 loops=1)
                          Filter: ((kind_id < 7) AND (production_year < 2012))
                          Rows Removed by Filter: 1631524
Planning time: 1.246 ms
Execution time: 7275.423 ms
