Nested Loop  (cost=0.43..110562.79 rows=1035 width=0) (actual time=0.461..1038.970 rows=2696 loops=1)
  ->  Seq Scan on movie_keyword mk  (cost=0.00..81003.12 rows=3921 width=4) (actual time=0.404..954.159 rows=3426 loops=1)
        Filter: (keyword_id = 562)
        Rows Removed by Filter: 4520504
  ->  Index Scan using title_pkey on title t  (cost=0.43..7.53 rows=1 width=4) (actual time=0.024..0.024 rows=1 loops=3426)
        Index Cond: (id = mk.movie_id)
        Filter: (kind_id < 2)
        Rows Removed by Filter: 0
Planning time: 0.765 ms
Execution time: 1039.845 ms
