Seq Scan on movie_companies mc  (cost=0.00..51404.11 rows=1021830 width=0) (actual time=0.020..907.533 rows=1032306 loops=1)
  Filter: (company_id > 15534)
  Rows Removed by Filter: 1576823
Planning time: 0.260 ms
Execution time: 1031.531 ms
