Hash Join  (cost=125875.28..252762.08 rows=400877 width=0) (actual time=2780.710..7348.000 rows=6149821 loops=1)
  Hash Cond: (mk.movie_id = t.id)
  ->  Seq Scan on movie_keyword mk  (cost=0.00..69693.30 rows=4523930 width=4) (actual time=0.030..1398.624 rows=4523930 loops=1)
  ->  Hash  (cost=122198.54..122198.54 rows=224059 width=8) (actual time=2538.794..2538.794 rows=478281 loops=1)
        Buckets: 131072 (originally 131072)  Batches: 8 (originally 4)  Memory Usage: 3386kB
        ->  Hash Join  (cost=80661.47..122198.54 rows=224059 width=8) (actual time=1285.885..2425.901 rows=478281 loops=1)
              Hash Cond: (mi_idx.movie_id = t.id)
              ->  Seq Scan on movie_info_idx mi_idx  (cost=0.00..21735.35 rows=1380035 width=4) (actual time=0.020..451.046 rows=1380035 loops=1)
              ->  Hash  (cost=73925.90..73925.90 rows=410525 width=4) (actual time=1284.925..1284.925 rows=456146 loops=1)
                    Buckets: 131072  Batches: 8  Memory Usage: 3040kB
                    ->  Seq Scan on title t  (cost=0.00..73925.90 rows=410525 width=4) (actual time=0.014..1147.326 rows=456146 loops=1)
                          Filter: ((production_year < 2007) AND (kind_id = 1))
                          Rows Removed by Filter: 2072166
Planning time: 1.249 ms
Execution time: 8093.113 ms
