Seq Scan on movie_keyword mk  (cost=0.00..81003.12 rows=2387922 width=0) (actual time=0.011..1476.668 rows=2381799 loops=1)
  Filter: (keyword_id > 3995)
  Rows Removed by Filter: 2142131
Planning time: 0.386 ms
Execution time: 1772.044 ms
