Hash Join  (cost=83073.49..451422.33 rows=224 width=0) (actual time=1260.656..7755.904 rows=4496 loops=1)
  Hash Cond: (mi.movie_id = t.id)
  ->  Seq Scan on movie_info mi  (cost=0.00..346232.03 rows=5897221 width=4) (actual time=0.020..5652.153 rows=5884963 loops=1)
        Filter: (info_type_id < 7)
        Rows Removed by Filter: 8950757
  ->  Hash  (cost=83072.29..83072.29 rows=96 width=8) (actual time=1260.100..1260.100 rows=348 loops=1)
        Buckets: 1024  Batches: 1  Memory Usage: 22kB
        ->  Nested Loop  (cost=0.43..83072.29 rows=96 width=8) (actual time=7.405..1259.760 rows=348 loops=1)
              ->  Seq Scan on movie_keyword mk  (cost=0.00..81003.12 rows=246 width=4) (actual time=7.377..1234.923 rows=389 loops=1)
                    Filter: (keyword_id = 1348)
                    Rows Removed by Filter: 4523541
              ->  Index Scan using title_pkey on title t  (cost=0.43..8.40 rows=1 width=4) (actual time=0.061..0.062 rows=1 loops=389)
                    Index Cond: (id = mk.movie_id)
                    Filter: (kind_id < 7)
                    Rows Removed by Filter: 0
Planning time: 5.603 ms
Execution time: 7757.060 ms
