Seq Scan on movie_keyword mk  (cost=0.00..81003.12 rows=1995713 width=0) (actual time=0.023..1391.935 rows=2005444 loops=1)
  Filter: (keyword_id > 6239)
  Rows Removed by Filter: 2518486
Planning time: 0.333 ms
Execution time: 1641.024 ms
