Hash Join  (cost=798855.22..893379.10 rows=473 width=0) (actual time=14752.762..16430.733 rows=109 loops=1)
  Hash Cond: (mk.movie_id = t.id)
  ->  Seq Scan on movie_keyword mk  (cost=0.00..81003.12 rows=3604273 width=4) (actual time=0.025..1502.430 rows=3611575 loops=1)
        Filter: (keyword_id < 20341)
        Rows Removed by Filter: 912355
  ->  Hash  (cost=798851.07..798851.07 rows=332 width=8) (actual time=14464.373..14464.373 rows=5 loops=1)
        Buckets: 1024  Batches: 1  Memory Usage: 9kB
        ->  Nested Loop  (cost=0.43..798851.07 rows=332 width=8) (actual time=9471.227..14464.356 rows=5 loops=1)
              ->  Seq Scan on cast_info ci  (cost=0.00..796071.18 rows=332 width=4) (actual time=9471.128..14464.125 rows=5 loops=1)
                    Filter: ((role_id < 4) AND (person_id = 2891029))
                    Rows Removed by Filter: 36244339
              ->  Index Only Scan using title_pkey on title t  (cost=0.43..8.36 rows=1 width=4) (actual time=0.038..0.039 rows=1 loops=5)
                    Index Cond: (id = ci.movie_id)
                    Heap Fetches: 5
Planning time: 1.262 ms
Execution time: 16430.851 ms
