Seq Scan on movie_companies mc  (cost=0.00..57926.93 rows=1122110 width=0) (actual time=0.022..1175.382 rows=1274246 loops=1)
  Filter: ((company_id < 91361) AND (company_type_id = 1))
  Rows Removed by Filter: 1334883
Planning time: 0.409 ms
Execution time: 1340.563 ms
