Seq Scan on cast_info ci  (cost=0.00..705507.15 rows=500 width=0) (actual time=1794.703..10653.848 rows=123 loops=1)
  Filter: (person_id = 131685)
  Rows Removed by Filter: 36244221
Planning time: 0.357 ms
Execution time: 10653.949 ms
