Nested Loop  (cost=0.43..798386.83 rows=1 width=0) (actual time=11894.300..13944.615 rows=1 loops=1)
  ->  Seq Scan on cast_info ci  (cost=0.00..796071.18 rows=276 width=4) (actual time=11894.145..13916.181 rows=193 loops=1)
        Filter: ((role_id < 3) AND (person_id = 208457))
        Rows Removed by Filter: 36244151
  ->  Index Scan using title_pkey on title t  (cost=0.43..8.38 rows=1 width=4) (actual time=0.146..0.146 rows=0 loops=193)
        Index Cond: (id = ci.movie_id)
        Filter: ((kind_id < 4) AND (production_year = 1985))
        Rows Removed by Filter: 1
Planning time: 0.907 ms
Execution time: 13944.708 ms
