Hash Join  (cost=102767.86..247203.81 rows=2225651 width=0) (actual time=1924.188..5418.100 rows=2219697 loops=1)
  Hash Cond: (mk.movie_id = t.id)
  ->  Seq Scan on movie_keyword mk  (cost=0.00..81003.12 rows=2225651 width=4) (actual time=0.014..1521.310 rows=2219697 loops=1)
        Filter: (keyword_id > 4938)
        Rows Removed by Filter: 2304233
  ->  Hash  (cost=61283.27..61283.27 rows=2528527 width=4) (actual time=1923.081..1923.081 rows=2528312 loops=1)
        Buckets: 131072  Batches: 64  Memory Usage: 2425kB
        ->  Seq Scan on title t  (cost=0.00..61283.27 rows=2528527 width=4) (actual time=0.010..1065.428 rows=2528312 loops=1)
Planning time: 0.762 ms
Execution time: 5666.073 ms
