Seq Scan on movie_companies mc  (cost=0.00..57926.93 rows=870099 width=0) (actual time=139.441..1053.562 rows=1182662 loops=1)
  Filter: ((company_id < 25833) AND (company_type_id < 2))
  Rows Removed by Filter: 1426467
Planning time: 0.311 ms
Execution time: 1198.785 ms
