Hash Join  (cost=174487.14..305727.87 rows=758269 width=0) (actual time=3261.573..6727.894 rows=1237707 loops=1)
  Hash Cond: (mk.movie_id = t.id)
  ->  Seq Scan on movie_keyword mk  (cost=0.00..69693.30 rows=4523930 width=4) (actual time=0.024..1373.058 rows=4523930 loops=1)
  ->  Hash  (cost=167533.47..167533.47 rows=423814 width=8) (actual time=3260.712..3260.712 rows=200590 loops=1)
        Buckets: 131072  Batches: 8  Memory Usage: 2008kB
        ->  Hash Join  (cost=91123.00..167533.47 rows=423814 width=8) (actual time=1967.624..3197.987 rows=200590 loops=1)
              Hash Cond: (mc.movie_id = t.id)
              ->  Seq Scan on movie_companies mc  (cost=0.00..57926.93 rows=747572 width=4) (actual time=327.364..1020.682 rows=466701 loops=1)
                    Filter: ((company_id < 13110) AND (company_type_id > 1))
                    Rows Removed by Filter: 2142428
              ->  Hash  (cost=67604.59..67604.59 rows=1433473 width=4) (actual time=1639.387..1639.387 rows=1434466 loops=1)
                    Buckets: 131072  Batches: 32  Memory Usage: 2600kB
                    ->  Seq Scan on title t  (cost=0.00..67604.59 rows=1433473 width=4) (actual time=0.030..1195.002 rows=1434466 loops=1)
                          Filter: (production_year > 1999)
                          Rows Removed by Filter: 1093846
Planning time: 2.200 ms
Execution time: 6878.270 ms
