Hash Join  (cost=247426.33..787408.61 rows=7218833 width=0) (actual time=6001.527..24680.494 rows=24238640 loops=1)
  Hash Cond: (mi.movie_id = t.id)
  ->  Seq Scan on movie_info mi  (cost=0.00..346232.03 rows=8859586 width=4) (actual time=0.018..6748.969 rows=8966694 loops=1)
        Filter: (info_type_id < 15)
        Rows Removed by Filter: 5869026
  ->  Hash  (cost=213625.13..213625.13 rows=2060256 width=8) (actual time=6000.490..6000.490 rows=2062635 loops=1)
        Buckets: 131072  Batches: 32  Memory Usage: 3598kB
        ->  Hash Join  (cost=102767.86..213625.13 rows=2060256 width=8) (actual time=1946.700..5335.725 rows=2062635 loops=1)
              Hash Cond: (mc.movie_id = t.id)
              ->  Seq Scan on movie_companies mc  (cost=0.00..51404.11 rows=2060256 width=4) (actual time=0.017..1116.767 rows=2062635 loops=1)
                    Filter: (company_id > 549)
                    Rows Removed by Filter: 546494
              ->  Hash  (cost=61283.27..61283.27 rows=2528527 width=4) (actual time=1945.469..1945.469 rows=2528312 loops=1)
                    Buckets: 131072  Batches: 64  Memory Usage: 2415kB
                    ->  Seq Scan on title t  (cost=0.00..61283.27 rows=2528527 width=4) (actual time=0.019..1106.921 rows=2528312 loops=1)
Planning time: 3.157 ms
Execution time: 27530.339 ms
