Nested Loop  (cost=0.43..76088.07 rows=332 width=0) (actual time=0.599..1079.956 rows=320 loops=1)
  ->  Seq Scan on movie_companies mc  (cost=0.00..57926.93 rows=2303 width=4) (actual time=0.069..948.771 rows=3454 loops=1)
        Filter: ((company_type_id < 2) AND (company_id = 475))
        Rows Removed by Filter: 2605675
  ->  Index Scan using title_pkey on title t  (cost=0.43..7.88 rows=1 width=4) (actual time=0.037..0.037 rows=0 loops=3454)
        Index Cond: (id = mc.movie_id)
        Filter: ((production_year > 2000) AND (kind_id = 1))
        Rows Removed by Filter: 1
Planning time: 0.777 ms
Execution time: 1080.203 ms
