Seq Scan on cast_info ci  (cost=0.00..705507.15 rows=3937843 width=0) (actual time=7274.432..10785.041 rows=3987694 loops=1)
  Filter: (person_id > 3327707)
  Rows Removed by Filter: 32256650
Planning time: 0.335 ms
Execution time: 11278.918 ms
