Hash Join  (cost=103161.98..868017.06 rows=65735 width=0) (actual time=1481.501..15563.792 rows=124508 loops=1)
  Hash Cond: (ci.movie_id = t.id)
  ->  Seq Scan on cast_info ci  (cost=0.00..705507.15 rows=15650822 width=4) (actual time=0.014..11005.442 rows=15764225 loops=1)
        Filter: (person_id > 2060180)
        Rows Removed by Filter: 20480119
  ->  Hash  (cost=103029.23..103029.23 rows=10620 width=8) (actual time=1481.278..1481.278 rows=10540 loops=1)
        Buckets: 16384  Batches: 1  Memory Usage: 540kB
        ->  Hash Join  (cost=74291.13..103029.23 rows=10620 width=8) (actual time=1153.832..1478.845 rows=10540 loops=1)
              Hash Cond: (mi_idx.movie_id = t.id)
              ->  Seq Scan on movie_info_idx mi_idx  (cost=0.00..25185.44 rows=919057 width=4) (actual time=0.013..207.109 rows=920110 loops=1)
                    Filter: (info_type_id > 99)
                    Rows Removed by Filter: 459925
              ->  Hash  (cost=73925.90..73925.90 rows=29218 width=4) (actual time=1153.635..1153.635 rows=30850 loops=1)
                    Buckets: 32768  Batches: 1  Memory Usage: 1341kB
                    ->  Seq Scan on title t  (cost=0.00..73925.90 rows=29218 width=4) (actual time=0.018..1140.233 rows=30850 loops=1)
                          Filter: ((kind_id > 1) AND (production_year = 1995))
                          Rows Removed by Filter: 2497462
Planning time: 1.196 ms
Execution time: 15582.444 ms
