Hash Join  (cost=218563.57..772124.43 rows=6912193 width=0) (actual time=6017.899..24659.636 rows=18797306 loops=1)
  Hash Cond: (mi.movie_id = t.id)
  ->  Seq Scan on movie_info mi  (cost=0.00..309384.22 rows=14739122 width=4) (actual time=0.014..5968.439 rows=14835720 loops=1)
  ->  Hash  (cost=199108.06..199108.06 rows=1185801 width=8) (actual time=6016.757..6016.757 rows=1270818 loops=1)
        Buckets: 131072 (originally 131072)  Batches: 32 (originally 16)  Memory Usage: 3073kB
        ->  Hash Join  (cost=102767.86..199108.06 rows=1185801 width=8) (actual time=2981.583..5649.297 rows=1270818 loops=1)
              Hash Cond: (mc.movie_id = t.id)
              ->  Seq Scan on movie_companies mc  (cost=0.00..57926.93 rows=1185801 width=4) (actual time=0.016..1243.015 rows=1270818 loops=1)
                    Filter: ((company_id > 145) AND (company_type_id > 1))
                    Rows Removed by Filter: 1338311
              ->  Hash  (cost=61283.27..61283.27 rows=2528527 width=4) (actual time=1883.200..1883.200 rows=2528312 loops=1)
                    Buckets: 131072  Batches: 64  Memory Usage: 2415kB
                    ->  Seq Scan on title t  (cost=0.00..61283.27 rows=2528527 width=4) (actual time=0.010..1071.751 rows=2528312 loops=1)
Planning time: 1.203 ms
Execution time: 26796.115 ms
