Seq Scan on cast_info ci  (cost=0.00..705507.15 rows=21963352 width=0) (actual time=0.017..13227.140 rows=22039151 loops=1)
  Filter: (person_id > 1398801)
  Rows Removed by Filter: 14205193
Planning time: 0.387 ms
Execution time: 15907.727 ms
