Seq Scan on cast_info ci  (cost=0.00..796071.18 rows=11284067 width=0) (actual time=4306.676..13360.588 rows=4834364 loops=1)
  Filter: ((person_id < 1706994) AND (role_id > 1))
  Rows Removed by Filter: 31409980
Planning time: 0.359 ms
Execution time: 13949.328 ms
