Hash Join  (cost=96851.70..153298.72 rows=5687 width=0) (actual time=1719.877..2848.733 rows=17637 loops=1)
  Hash Cond: (mc.movie_id = t.id)
  ->  Seq Scan on movie_companies mc  (cost=0.00..51404.11 rows=1329612 width=4) (actual time=0.011..891.255 rows=1334883 loops=1)
        Filter: (company_type_id > 1)
        Rows Removed by Filter: 1274246
  ->  Hash  (cost=96716.53..96716.53 rows=10814 width=8) (actual time=1719.712..1719.712 rows=14294 loops=1)
        Buckets: 16384  Batches: 1  Memory Usage: 687kB
        ->  Hash Join  (cost=67976.49..96716.53 rows=10814 width=8) (actual time=1038.489..1714.512 rows=14294 loops=1)
              Hash Cond: (mi_idx.movie_id = t.id)
              ->  Seq Scan on movie_info_idx mi_idx  (cost=0.00..25185.44 rows=919057 width=4) (actual time=0.015..470.152 rows=920110 loops=1)
                    Filter: (info_type_id > 99)
                    Rows Removed by Filter: 459925
              ->  Hash  (cost=67604.59..67604.59 rows=29752 width=4) (actual time=1038.325..1038.325 rows=30027 loops=1)
                    Buckets: 32768  Batches: 1  Memory Usage: 1312kB
                    ->  Seq Scan on title t  (cost=0.00..67604.59 rows=29752 width=4) (actual time=0.020..1025.797 rows=30027 loops=1)
                          Filter: (production_year = 1994)
                          Rows Removed by Filter: 2498285
Planning time: 0.822 ms
Execution time: 2851.287 ms
