Seq Scan on movie_companies mc  (cost=0.00..57926.93 rows=883920 width=0) (actual time=0.026..1120.702 rows=1196484 loops=1)
  Filter: ((company_id < 28857) AND (company_type_id = 1))
  Rows Removed by Filter: 1412645
Planning time: 0.378 ms
Execution time: 1269.152 ms
