Hash Join  (cost=114149.56..169226.44 rows=26135 width=0) (actual time=2270.932..3591.074 rows=121745 loops=1)
  Hash Cond: (mc.movie_id = t.id)
  ->  Seq Scan on movie_companies mc  (cost=0.00..51404.11 rows=909710 width=4) (actual time=0.020..928.091 rows=918705 loops=1)
        Filter: (company_id > 20255)
        Rows Removed by Filter: 1690424
  ->  Hash  (cost=113241.54..113241.54 rows=72642 width=8) (actual time=2270.217..2270.217 rows=91734 loops=1)
        Buckets: 131072 (originally 131072)  Batches: 2 (originally 1)  Memory Usage: 3073kB
        ->  Hash Join  (cost=80408.18..113241.54 rows=72642 width=8) (actual time=1243.716..2231.250 rows=91734 loops=1)
              Hash Cond: (mi_idx.movie_id = t.id)
              ->  Seq Scan on movie_info_idx mi_idx  (cost=0.00..25185.44 rows=464934 width=4) (actual time=0.025..429.601 rows=460185 loops=1)
                    Filter: (info_type_id > 100)
                    Rows Removed by Filter: 919850
              ->  Hash  (cost=73925.90..73925.90 rows=395062 width=4) (actual time=1242.803..1242.803 rows=335993 loops=1)
                    Buckets: 131072  Batches: 8  Memory Usage: 2492kB
                    ->  Seq Scan on title t  (cost=0.00..73925.90 rows=395062 width=4) (actual time=0.012..1131.632 rows=335993 loops=1)
                          Filter: ((kind_id < 7) AND (production_year > 2005))
                          Rows Removed by Filter: 2192319
Planning time: 1.207 ms
Execution time: 3608.307 ms
