Hash Join  (cost=378589.61..2281486.58 rows=37380378 width=176) (actual time=2999.491..32183.930 rows=80274241 loops=1)
  Hash Cond: (ci.movie_id = t.id)
  ->  Seq Scan on cast_info ci  (cost=0.00..614943.12 rows=36225612 width=42) (actual time=0.020..2815.656 rows=36244344 loops=1)
  ->  Hash  (cost=295015.49..295015.49 rows=2609129 width=134) (actual time=2998.190..2998.190 rows=2609129 loops=1)
        Buckets: 32768  Batches: 128  Memory Usage: 3084kB
        ->  Hash Join  (cost=129928.86..295015.49 rows=2609129 width=134) (actual time=701.171..2295.923 rows=2609129 loops=1)
              Hash Cond: (mc.movie_id = t.id)
              ->  Seq Scan on movie_companies mc  (cost=0.00..44881.29 rows=2609129 width=40) (actual time=0.011..204.977 rows=2609129 loops=1)
              ->  Hash  (cost=61283.27..61283.27 rows=2528527 width=94) (actual time=700.304..700.304 rows=2528312 loops=1)
                    Buckets: 32768  Batches: 128  Memory Usage: 2453kB
                    ->  Seq Scan on title t  (cost=0.00..61283.27 rows=2528527 width=94) (actual time=0.008..256.294 rows=2528312 loops=1)
Planning time: 0.673 ms
Execution time: 34215.575 ms
