Hash Join  (cost=79775.76..165063.82 rows=31424 width=0) (actual time=1366.950..3024.550 rows=105611 loops=1)
  Hash Cond: (mk.movie_id = t.id)
  ->  Seq Scan on movie_keyword mk  (cost=0.00..81003.12 rows=222852 width=4) (actual time=0.023..1432.738 rows=235890 loops=1)
        Filter: (keyword_id < 196)
        Rows Removed by Filter: 4288040
  ->  Hash  (cost=73925.90..73925.90 rows=356548 width=4) (actual time=1366.056..1366.056 rows=424572 loops=1)
        Buckets: 131072  Batches: 8  Memory Usage: 2905kB
        ->  Seq Scan on title t  (cost=0.00..73925.90 rows=356548 width=4) (actual time=586.231..1239.754 rows=424572 loops=1)
              Filter: ((production_year < 2005) AND (kind_id = 1))
              Rows Removed by Filter: 2103740
Planning time: 0.844 ms
Execution time: 3038.908 ms
