Hash Join  (cost=73952.40..141299.90 rows=168630 width=0) (actual time=1200.751..2854.594 rows=283555 loops=1)
  Hash Cond: (mc.movie_id = t.id)
  ->  Seq Scan on movie_companies mc  (cost=0.00..51404.11 rows=1102157 width=4) (actual time=0.027..947.997 rows=1114321 loops=1)
        Filter: (company_id > 13870)
        Rows Removed by Filter: 1494808
  ->  Hash  (cost=67604.59..67604.59 rows=386865 width=4) (actual time=1199.836..1199.836 rows=381430 loops=1)
        Buckets: 131072  Batches: 8  Memory Usage: 2693kB
        ->  Seq Scan on title t  (cost=0.00..67604.59 rows=386865 width=4) (actual time=0.027..1087.026 rows=381430 loops=1)
              Filter: (production_year < 1971)
              Rows Removed by Filter: 2146882
Planning time: 0.783 ms
Execution time: 2890.580 ms
