Hash Join  (cost=102767.86..1425046.24 rows=21457797 width=0) (actual time=3527.893..37422.563 rows=20736619 loops=1)
  Hash Cond: (ci.movie_id = t.id)
  ->  Seq Scan on cast_info ci  (cost=0.00..796071.18 rows=21457797 width=4) (actual time=1556.928..18205.752 rows=20736619 loops=1)
        Filter: ((person_id > 883149) AND (role_id < 8))
        Rows Removed by Filter: 15507725
  ->  Hash  (cost=61283.27..61283.27 rows=2528527 width=4) (actual time=1969.430..1969.430 rows=2528312 loops=1)
        Buckets: 131072  Batches: 64  Memory Usage: 2415kB
        ->  Seq Scan on title t  (cost=0.00..61283.27 rows=2528527 width=4) (actual time=0.015..1160.567 rows=2528312 loops=1)
Planning time: 0.576 ms
Execution time: 39613.079 ms
