Hash Join  (cost=171546.18..304222.37 rows=876116 width=0) (actual time=3879.463..7643.778 rows=859674 loops=1)
  Hash Cond: (mk.movie_id = t.id)
  ->  Seq Scan on movie_keyword mk  (cost=0.00..69693.30 rows=4523930 width=4) (actual time=0.024..1478.827 rows=4523930 loops=1)
  ->  Hash  (cost=163512.16..163512.16 rows=489681 width=8) (actual time=3878.149..3878.149 rows=365079 loops=1)
        Buckets: 131072  Batches: 8  Memory Usage: 2824kB
        ->  Hash Join  (cost=81711.83..163512.16 rows=489681 width=8) (actual time=1409.615..3756.611 rows=365079 loops=1)
              Hash Cond: (mc.movie_id = t.id)
              ->  Seq Scan on movie_companies mc  (cost=0.00..44881.29 rows=2609129 width=4) (actual time=0.028..979.420 rows=2609129 loops=1)
              ->  Hash  (cost=73925.90..73925.90 rows=474554 width=4) (actual time=1408.651..1408.651 rows=337207 loops=1)
                    Buckets: 131072  Batches: 8  Memory Usage: 2496kB
                    ->  Seq Scan on title t  (cost=0.00..73925.90 rows=474554 width=4) (actual time=0.011..1294.253 rows=337207 loops=1)
                          Filter: ((kind_id > 1) AND (production_year < 1988))
                          Rows Removed by Filter: 2191105
Planning time: 3.978 ms
Execution time: 7723.835 ms
