Seq Scan on movie_keyword mk  (cost=0.00..81003.12 rows=2709333 width=0) (actual time=0.019..1545.018 rows=2708242 loops=1)
  Filter: (keyword_id < 7646)
  Rows Removed by Filter: 1815688
Planning time: 0.264 ms
Execution time: 1882.183 ms
