Hash Join  (cost=156920.31..1237618.13 rows=4564966 width=0) (actual time=3555.420..36054.996 rows=13966194 loops=1)
  Hash Cond: (ci.movie_id = t.id)
  ->  Seq Scan on cast_info ci  (cost=0.00..614943.12 rows=36225612 width=4) (actual time=0.010..13352.508 rows=36244344 loops=1)
  ->  Hash  (cost=151692.41..151692.41 rows=318632 width=8) (actual time=3554.695..3554.695 rows=400420 loops=1)
        Buckets: 131072  Batches: 8  Memory Usage: 2979kB
        ->  Hash Join  (cost=83810.17..151692.41 rows=318632 width=8) (actual time=1556.347..3448.973 rows=400420 loops=1)
              Hash Cond: (mc.movie_id = t.id)
              ->  Seq Scan on movie_companies mc  (cost=0.00..51404.11 rows=815680 width=4) (actual time=0.022..975.264 rows=807155 loops=1)
                    Filter: (company_id < 1841)
                    Rows Removed by Filter: 1801974
              ->  Hash  (cost=67604.59..67604.59 rows=987727 width=4) (actual time=1555.677..1555.677 rows=985048 loops=1)
                    Buckets: 131072  Batches: 16  Memory Usage: 3188kB
                    ->  Seq Scan on title t  (cost=0.00..67604.59 rows=987727 width=4) (actual time=0.021..1235.658 rows=985048 loops=1)
                          Filter: (kind_id < 7)
                          Rows Removed by Filter: 1543264
Planning time: 0.792 ms
Execution time: 37454.324 ms
