Seq Scan on movie_companies mc  (cost=0.00..51404.11 rows=3131 width=0) (actual time=1.096..847.761 rows=3681 loops=1)
  Filter: (company_id = 67)
  Rows Removed by Filter: 2605448
Planning time: 0.381 ms
Execution time: 848.485 ms
