Hash Join  (cost=232020.81..1043881.15 rows=295953 width=0) (actual time=11446.971..17892.165 rows=587068 loops=1)
  Hash Cond: (ci.movie_id = t.id)
  ->  Seq Scan on cast_info ci  (cost=0.00..796071.18 rows=789233 width=4) (actual time=6624.273..12357.273 rows=732280 loops=1)
        Filter: ((person_id < 1616214) AND (role_id = 8))
        Rows Removed by Filter: 35512064
  ->  Hash  (cost=216464.71..216464.71 rows=948168 width=8) (actual time=4821.228..4821.228 rows=962301 loops=1)
        Buckets: 131072  Batches: 16  Memory Usage: 3422kB
        ->  Hash Join  (cost=102767.86..216464.71 rows=948168 width=8) (actual time=1965.428..4552.971 rows=962301 loops=1)
              Hash Cond: (mk.movie_id = t.id)
              ->  Seq Scan on movie_keyword mk  (cost=0.00..81003.12 rows=948168 width=4) (actual time=0.029..1459.667 rows=962301 loops=1)
                    Filter: (keyword_id > 19735)
                    Rows Removed by Filter: 3561629
              ->  Hash  (cost=61283.27..61283.27 rows=2528527 width=4) (actual time=1964.293..1964.293 rows=2528312 loops=1)
                    Buckets: 131072  Batches: 64  Memory Usage: 2425kB
                    ->  Seq Scan on title t  (cost=0.00..61283.27 rows=2528527 width=4) (actual time=0.021..1104.772 rows=2528312 loops=1)
Planning time: 1.232 ms
Execution time: 17964.738 ms
