Hash Join  (cost=77314.03..497357.55 rows=481592 width=0) (actual time=1341.655..10770.274 rows=1652161 loops=1)
  Hash Cond: (mi.movie_id = t.id)
  ->  Seq Scan on movie_info mi  (cost=0.00..346232.03 rows=5897221 width=4) (actual time=74.197..6057.052 rows=5884963 loops=1)
        Filter: (info_type_id < 7)
        Rows Removed by Filter: 8950757
  ->  Hash  (cost=73925.90..73925.90 rows=206490 width=4) (actual time=1266.389..1266.389 rows=345804 loops=1)
        Buckets: 131072  Batches: 4  Memory Usage: 4074kB
        ->  Seq Scan on title t  (cost=0.00..73925.90 rows=206490 width=4) (actual time=0.030..1159.763 rows=345804 loops=1)
              Filter: ((kind_id < 4) AND (production_year < 1986))
              Rows Removed by Filter: 2182508
Planning time: 0.792 ms
Execution time: 10943.684 ms
