Hash Join  (cost=102767.86..931087.74 rows=929643 width=0) (actual time=2129.273..16361.686 rows=2806524 loops=1)
  Hash Cond: (ci.movie_id = t.id)
  ->  Seq Scan on cast_info ci  (cost=0.00..796071.18 rows=929643 width=4) (actual time=120.776..11974.192 rows=2806524 loops=1)
        Filter: ((person_id > 3530147) AND (role_id > 3))
        Rows Removed by Filter: 33437820
  ->  Hash  (cost=61283.27..61283.27 rows=2528527 width=4) (actual time=2006.515..2006.515 rows=2528312 loops=1)
        Buckets: 131072  Batches: 64  Memory Usage: 2415kB
        ->  Seq Scan on title t  (cost=0.00..61283.27 rows=2528527 width=4) (actual time=0.024..1167.286 rows=2528312 loops=1)
Planning time: 0.576 ms
Execution time: 16656.370 ms
