Hash Join  (cost=83074.74..434326.74 rows=130 width=0) (actual time=1874.110..5727.669 rows=337 loops=1)
  Hash Cond: (mi.movie_id = t.id)
  ->  Seq Scan on movie_info mi  (cost=0.00..346232.03 rows=1338312 width=4) (actual time=1285.235..4968.508 rows=1401902 loops=1)
        Filter: (info_type_id = 7)
        Rows Removed by Filter: 13433818
  ->  Hash  (cost=83071.67..83071.67 rows=246 width=8) (actual time=569.089..569.089 rows=143 loops=1)
        Buckets: 1024  Batches: 1  Memory Usage: 14kB
        ->  Nested Loop  (cost=0.43..83071.67 rows=246 width=8) (actual time=4.272..568.979 rows=143 loops=1)
              ->  Seq Scan on movie_keyword mk  (cost=0.00..81003.12 rows=246 width=4) (actual time=4.161..565.370 rows=143 loops=1)
                    Filter: (keyword_id = 19988)
                    Rows Removed by Filter: 4523787
              ->  Index Only Scan using title_pkey on title t  (cost=0.43..8.40 rows=1 width=4) (actual time=0.023..0.023 rows=1 loops=143)
                    Index Cond: (id = mk.movie_id)
                    Heap Fetches: 143
Planning time: 1.247 ms
Execution time: 5727.864 ms
