Hash Join  (cost=83891.93..1232433.17 rows=7580613 width=0) (actual time=1408.101..37808.293 rows=9010087 loops=1)
  Hash Cond: (ci.movie_id = t.id)
  ->  Seq Scan on cast_info ci  (cost=0.00..705507.15 rows=31554923 width=4) (actual time=0.021..17253.656 rows=31605208 loops=1)
        Filter: (role_id < 10)
        Rows Removed by Filter: 4639136
  ->  Hash  (cost=73925.90..73925.90 rows=607442 width=4) (actual time=1407.205..1407.205 rows=675690 loops=1)
        Buckets: 131072  Batches: 8  Memory Usage: 4012kB
        ->  Seq Scan on title t  (cost=0.00..73925.90 rows=607442 width=4) (actual time=0.014..1199.058 rows=675690 loops=1)
              Filter: ((kind_id < 7) AND (production_year < 2007))
              Rows Removed by Filter: 1852622
Planning time: 0.810 ms
Execution time: 38848.636 ms
