Nested Loop  (cost=0.43..709671.90 rows=500 width=0) (actual time=1249.037..11501.702 rows=318 loops=1)
  ->  Seq Scan on cast_info ci  (cost=0.00..705507.15 rows=500 width=4) (actual time=1248.953..11494.890 rows=318 loops=1)
        Filter: (person_id = 1812979)
        Rows Removed by Filter: 36244026
  ->  Index Only Scan using title_pkey on title t  (cost=0.43..8.32 rows=1 width=4) (actual time=0.020..0.021 rows=1 loops=318)
        Index Cond: (id = ci.movie_id)
        Heap Fetches: 318
Planning time: 0.795 ms
Execution time: 11501.861 ms
