Seq Scan on cast_info ci  (cost=0.00..705507.15 rows=34993002 width=0) (actual time=0.020..14137.455 rows=34987141 loops=1)
  Filter: (person_id < 3818350)
  Rows Removed by Filter: 1257203
Planning time: 0.323 ms
Execution time: 18369.403 ms
