Nested Loop  (cost=0.43..83072.90 rows=90 width=0) (actual time=30.184..1272.429 rows=50 loops=1)
  ->  Seq Scan on movie_keyword mk  (cost=0.00..81003.12 rows=246 width=4) (actual time=0.519..1260.922 rows=327 loops=1)
        Filter: (keyword_id = 4399)
        Rows Removed by Filter: 4523603
  ->  Index Scan using title_pkey on title t  (cost=0.43..8.40 rows=1 width=4) (actual time=0.033..0.033 rows=0 loops=327)
        Index Cond: (id = mk.movie_id)
        Filter: ((kind_id > 1) AND (production_year > 2002))
        Rows Removed by Filter: 1
Planning time: 0.799 ms
Execution time: 1272.582 ms
