Seq Scan on movie_companies mc  (cost=0.00..57926.93 rows=53 width=0) (actual time=233.873..914.979 rows=159 loops=1)
  Filter: ((company_type_id > 1) AND (company_id = 11649))
  Rows Removed by Filter: 2608970
Planning time: 0.383 ms
Execution time: 915.117 ms
