Nested Loop  (cost=0.43..797488.04 rows=168 width=0) (actual time=3086.423..13603.705 rows=1 loops=1)
  ->  Seq Scan on cast_info ci  (cost=0.00..796071.18 rows=168 width=4) (actual time=3086.291..13603.567 rows=1 loops=1)
        Filter: ((role_id > 3) AND (person_id = 1282380))
        Rows Removed by Filter: 36244343
  ->  Index Only Scan using title_pkey on title t  (cost=0.43..8.42 rows=1 width=4) (actual time=0.076..0.078 rows=1 loops=1)
        Index Cond: (id = ci.movie_id)
        Heap Fetches: 1
Planning time: 3.375 ms
Execution time: 13603.786 ms
