Seq Scan on movie_companies mc  (cost=0.00..51404.11 rows=1774218 width=0) (actual time=0.018..1021.452 rows=1765368 loops=1)
  Filter: (company_id < 25828)
  Rows Removed by Filter: 843761
Planning time: 0.348 ms
Execution time: 1241.685 ms
