Hash Join  (cost=859793.84..1426759.03 rows=5575007 width=0) (actual time=16174.735..33163.714 rows=8885563 loops=1)
  Hash Cond: (mi.movie_id = t.id)
  ->  Seq Scan on movie_info mi  (cost=0.00..346232.03 rows=13926693 width=4) (actual time=0.016..7095.232 rows=13963496 loops=1)
        Filter: (info_type_id < 98)
        Rows Removed by Filter: 872224
  ->  Hash  (cost=843187.38..843187.38 rows=1012197 width=8) (actual time=16173.612..16173.612 rows=946254 loops=1)
        Buckets: 131072  Batches: 16  Memory Usage: 3321kB
        ->  Hash Join  (cost=104131.46..843187.38 rows=1012197 width=8) (actual time=8036.854..15904.419 rows=946254 loops=1)
              Hash Cond: (ci.movie_id = t.id)
              ->  Seq Scan on cast_info ci  (cost=0.00..705507.15 rows=1149559 width=4) (actual time=5913.648..12555.188 rows=1093558 loops=1)
                    Filter: (role_id = 9)
                    Rows Removed by Filter: 35150786
              ->  Hash  (cost=67604.59..67604.59 rows=2226390 width=4) (actual time=2122.036..2122.036 rows=2224569 loops=1)
                    Buckets: 131072  Batches: 32  Memory Usage: 3463kB
                    ->  Seq Scan on title t  (cost=0.00..67604.59 rows=2226390 width=4) (actual time=0.022..1403.778 rows=2224569 loops=1)
                          Filter: (production_year < 2012)
                          Rows Removed by Filter: 303743
Planning time: 2.864 ms
Execution time: 34202.188 ms
