Hash Join  (cost=211661.31..788358.41 rows=6481000 width=0) (actual time=4818.807..24909.141 rows=22954649 loops=1)
  Hash Cond: (mi.movie_id = t.id)
  ->  Seq Scan on movie_info mi  (cost=0.00..346232.03 rows=13929354 width=4) (actual time=0.046..7210.502 rows=14033580 loops=1)
        Filter: (info_type_id > 1)
        Rows Removed by Filter: 802140
  ->  Hash  (cost=192359.51..192359.51 rows=1176464 width=8) (actual time=4816.791..4816.791 rows=1185418 loops=1)
        Buckets: 131072  Batches: 16  Memory Usage: 3951kB
        ->  Hash Join  (cost=102767.86..192359.51 rows=1176464 width=8) (actual time=2038.992..4454.584 rows=1185418 loops=1)
              Hash Cond: (mc.movie_id = t.id)
              ->  Seq Scan on movie_companies mc  (cost=0.00..51404.11 rows=1176464 width=4) (actual time=0.015..960.955 rows=1185418 loops=1)
                    Filter: (company_id > 12544)
                    Rows Removed by Filter: 1423711
              ->  Hash  (cost=61283.27..61283.27 rows=2528527 width=4) (actual time=2038.113..2038.113 rows=2528312 loops=1)
                    Buckets: 131072  Batches: 64  Memory Usage: 2415kB
                    ->  Seq Scan on title t  (cost=0.00..61283.27 rows=2528527 width=4) (actual time=0.025..1200.306 rows=2528312 loops=1)
Planning time: 1.173 ms
Execution time: 27561.388 ms
