Hash Join  (cost=319850.88..1447384.87 rows=14918107 width=0) (actual time=16379.816..46990.808 rows=56698430 loops=1)
  Hash Cond: (ci.movie_id = t.id)
  ->  Seq Scan on cast_info ci  (cost=0.00..796071.18 rows=12095959 width=4) (actual time=8479.014..16890.195 rows=11766002 loops=1)
        Filter: ((person_id < 3998275) AND (role_id > 3))
        Rows Removed by Filter: 24478342
  ->  Hash  (cost=268688.06..268688.06 rows=3118466 width=8) (actual time=7898.650..7898.650 rows=3104184 loops=1)
        Buckets: 131072  Batches: 64  Memory Usage: 2938kB
        ->  Hash Join  (cost=102767.86..268688.06 rows=3118466 width=8) (actual time=1968.479..7029.180 rows=3104184 loops=1)
              Hash Cond: (mk.movie_id = t.id)
              ->  Seq Scan on movie_keyword mk  (cost=0.00..81003.12 rows=3118466 width=4) (actual time=0.034..1778.481 rows=3104184 loops=1)
                    Filter: (keyword_id < 11764)
                    Rows Removed by Filter: 1419746
              ->  Hash  (cost=61283.27..61283.27 rows=2528527 width=4) (actual time=1967.268..1967.268 rows=2528312 loops=1)
                    Buckets: 131072  Batches: 64  Memory Usage: 2425kB
                    ->  Seq Scan on title t  (cost=0.00..61283.27 rows=2528527 width=4) (actual time=0.017..1094.529 rows=2528312 loops=1)
Planning time: 1.157 ms
Execution time: 53119.768 ms
