Hash Join  (cost=82213.80..215227.08 rows=903724 width=0) (actual time=1371.547..5018.999 rows=1389424 loops=1)
  Hash Cond: (mk.movie_id = t.id)
  ->  Seq Scan on movie_keyword mk  (cost=0.00..69693.30 rows=4523930 width=4) (actual time=0.023..1478.263 rows=4523930 loops=1)
  ->  Hash  (cost=73925.90..73925.90 rows=505112 width=4) (actual time=1370.665..1370.665 rows=392485 loops=1)
        Buckets: 131072  Batches: 8  Memory Usage: 2756kB
        ->  Seq Scan on title t  (cost=0.00..73925.90 rows=505112 width=4) (actual time=0.028..1235.892 rows=392485 loops=1)
              Filter: ((kind_id < 4) AND (production_year > 1998))
              Rows Removed by Filter: 2135827
Planning time: 1.076 ms
Execution time: 5174.475 ms
