Seq Scan on movie_keyword mk  (cost=0.00..81003.12 rows=703409 width=0) (actual time=0.020..1232.559 rows=709512 loops=1)
  Filter: (keyword_id > 26623)
  Rows Removed by Filter: 3814418
Planning time: 0.310 ms
Execution time: 1322.825 ms
