Seq Scan on movie_keyword mk  (cost=0.00..81003.12 rows=246 width=0) (actual time=0.975..1221.766 rows=946 loops=1)
  Filter: (keyword_id = 7778)
  Rows Removed by Filter: 4522984
Planning time: 0.348 ms
Execution time: 1222.185 ms
