Hash Join  (cost=94983.65..892998.66 rows=1014 width=0) (actual time=6577.238..13888.237 rows=2432 loops=1)
  Hash Cond: (ci.movie_id = t.id)
  ->  Seq Scan on cast_info ci  (cost=0.00..796071.18 rows=515647 width=4) (actual time=5013.265..12229.477 rows=474863 loops=1)
        Filter: ((person_id < 1041550) AND (role_id = 8))
        Rows Removed by Filter: 35769481
  ->  Hash  (cost=94921.46..94921.46 rows=4975 width=8) (actual time=1563.581..1563.581 rows=6563 loops=1)
        Buckets: 8192  Batches: 1  Memory Usage: 321kB
        ->  Hash Join  (cost=67942.77..94921.46 rows=4975 width=8) (actual time=962.676..1560.443 rows=6563 loops=1)
              Hash Cond: (mi_idx.movie_id = t.id)
              ->  Seq Scan on movie_info_idx mi_idx  (cost=0.00..25185.44 rows=464934 width=4) (actual time=1.974..460.286 rows=460185 loops=1)
                    Filter: (info_type_id > 100)
                    Rows Removed by Filter: 919850
              ->  Hash  (cost=67604.59..67604.59 rows=27055 width=4) (actual time=960.483..960.483 rows=26775 loops=1)
                    Buckets: 32768  Batches: 1  Memory Usage: 1198kB
                    ->  Seq Scan on title t  (cost=0.00..67604.59 rows=27055 width=4) (actual time=0.016..948.685 rows=26775 loops=1)
                          Filter: (production_year = 1993)
                          Rows Removed by Filter: 2501537
Planning time: 3.902 ms
Execution time: 13888.888 ms
