Hash Join  (cost=83072.30..440810.06 rows=1 width=0) (actual time=3916.243..6966.005 rows=34 loops=1)
  Hash Cond: (mi.movie_id = t.id)
  ->  Seq Scan on movie_info mi  (cost=0.00..346232.03 rows=3068194 width=4) (actual time=1789.295..5219.251 rows=3036719 loops=1)
        Filter: (info_type_id = 16)
        Rows Removed by Filter: 11799001
  ->  Hash  (cost=83072.29..83072.29 rows=1 width=8) (actual time=1333.626..1333.626 rows=11 loops=1)
        Buckets: 1024  Batches: 1  Memory Usage: 9kB
        ->  Nested Loop  (cost=0.43..83072.29 rows=1 width=8) (actual time=116.518..1333.595 rows=11 loops=1)
              ->  Seq Scan on movie_keyword mk  (cost=0.00..81003.12 rows=246 width=4) (actual time=2.151..1283.376 rows=1224 loops=1)
                    Filter: (keyword_id = 216)
                    Rows Removed by Filter: 4522706
              ->  Index Scan using title_pkey on title t  (cost=0.43..8.40 rows=1 width=4) (actual time=0.040..0.040 rows=0 loops=1224)
                    Index Cond: (id = mk.movie_id)
                    Filter: (production_year = 1978)
                    Rows Removed by Filter: 1
Planning time: 1.198 ms
Execution time: 6966.139 ms
