Seq Scan on cast_info ci  (cost=0.00..796071.18 rows=6154299 width=0) (actual time=1056.296..12630.512 rows=7967213 loops=1)
  Filter: ((person_id < 1085009) AND (role_id < 3))
  Rows Removed by Filter: 28277131
Planning time: 0.400 ms
Execution time: 13643.907 ms
