Seq Scan on cast_info ci  (cost=0.00..796071.18 rows=495 width=0) (actual time=2297.003..15026.347 rows=500 loops=1)
  Filter: ((role_id < 11) AND (person_id = 2426722))
  Rows Removed by Filter: 36243844
Planning time: 4.049 ms
Execution time: 15026.510 ms
