Hash Join  (cost=84037.34..159839.62 rows=269257 width=0) (actual time=1680.190..3259.875 rows=67502 loops=1)
  Hash Cond: (mc.movie_id = t.id)
  ->  Seq Scan on movie_companies mc  (cost=0.00..57926.93 rows=1104739 width=4) (actual time=196.682..1224.234 rows=1001060 loops=1)
        Filter: ((company_id > 166) AND (company_type_id < 2))
        Rows Removed by Filter: 1608069
  ->  Hash  (cost=73925.90..73925.90 rows=616275 width=4) (actual time=1482.210..1482.210 rows=676927 loops=1)
        Buckets: 131072  Batches: 16  Memory Usage: 2516kB
        ->  Seq Scan on title t  (cost=0.00..73925.90 rows=616275 width=4) (actual time=0.026..1260.452 rows=676927 loops=1)
              Filter: ((production_year > 2005) AND (kind_id = 7))
              Rows Removed by Filter: 1851385
Planning time: 3.268 ms
Execution time: 3266.812 ms
