Hash Join  (cost=798387.49..885047.46 rows=193 width=0) (actual time=14840.453..16137.659 rows=79 loops=1)
  Hash Cond: (mk.movie_id = t.id)
  ->  Seq Scan on movie_keyword mk  (cost=0.00..69693.30 rows=4523930 width=4) (actual time=0.017..932.144 rows=4523930 loops=1)
  ->  Hash  (cost=798386.14..798386.14 rows=108 width=8) (actual time=14420.427..14420.427 rows=39 loops=1)
        Buckets: 1024  Batches: 1  Memory Usage: 10kB
        ->  Nested Loop  (cost=0.43..798386.14 rows=108 width=8) (actual time=5382.524..14420.397 rows=39 loops=1)
              ->  Seq Scan on cast_info ci  (cost=0.00..796071.18 rows=276 width=4) (actual time=5382.460..14369.725 rows=1816 loops=1)
                    Filter: ((role_id < 3) AND (person_id = 1871288))
                    Rows Removed by Filter: 36242528
              ->  Index Scan using title_pkey on title t  (cost=0.43..8.38 rows=1 width=4) (actual time=0.027..0.027 rows=0 loops=1816)
                    Index Cond: (id = ci.movie_id)
                    Filter: (kind_id < 7)
                    Rows Removed by Filter: 1
Planning time: 3.771 ms
Execution time: 16137.781 ms
