Seq Scan on movie_companies mc  (cost=0.00..51404.11 rows=104 width=0) (actual time=31.618..828.081 rows=62 loops=1)
  Filter: (company_id = 38634)
  Rows Removed by Filter: 2609067
Planning time: 0.350 ms
Execution time: 828.190 ms
