Nested Loop  (cost=0.43..83071.67 rows=246 width=0) (actual time=0.072..1283.484 rows=4147 loops=1)
  ->  Seq Scan on movie_keyword mk  (cost=0.00..81003.12 rows=246 width=4) (actual time=0.025..1169.781 rows=4147 loops=1)
        Filter: (keyword_id = 813)
        Rows Removed by Filter: 4519783
  ->  Index Only Scan using title_pkey on title t  (cost=0.43..8.40 rows=1 width=4) (actual time=0.026..0.027 rows=1 loops=4147)
        Index Cond: (id = mk.movie_id)
        Heap Fetches: 4147
Planning time: 0.737 ms
Execution time: 1284.812 ms
