Hash Join  (cost=102767.86..267913.05 rows=3086281 width=0) (actual time=1834.068..6323.767 rows=3070954 loops=1)
  Hash Cond: (mk.movie_id = t.id)
  ->  Seq Scan on movie_keyword mk  (cost=0.00..81003.12 rows=3086281 width=4) (actual time=0.013..1714.929 rows=3070954 loops=1)
        Filter: (keyword_id < 11498)
        Rows Removed by Filter: 1452976
  ->  Hash  (cost=61283.27..61283.27 rows=2528527 width=4) (actual time=1832.920..1832.920 rows=2528312 loops=1)
        Buckets: 131072  Batches: 64  Memory Usage: 2425kB
        ->  Seq Scan on title t  (cost=0.00..61283.27 rows=2528527 width=4) (actual time=0.008..997.693 rows=2528312 loops=1)
Planning time: 0.596 ms
Execution time: 6699.464 ms
