Hash Join  (cost=83810.17..149377.50 rows=95480 width=0) (actual time=1441.938..2971.493 rows=388142 loops=1)
  Hash Cond: (mc.movie_id = t.id)
  ->  Seq Scan on movie_companies mc  (cost=0.00..57926.93 rows=244424 width=4) (actual time=0.020..968.204 rows=482595 loops=1)
        Filter: ((company_id > 75082) AND (company_type_id = 2))
        Rows Removed by Filter: 2126534
  ->  Hash  (cost=67604.59..67604.59 rows=987727 width=4) (actual time=1441.255..1441.255 rows=985048 loops=1)
        Buckets: 131072  Batches: 16  Memory Usage: 3188kB
        ->  Seq Scan on title t  (cost=0.00..67604.59 rows=987727 width=4) (actual time=0.009..1150.812 rows=985048 loops=1)
              Filter: (kind_id < 7)
              Rows Removed by Filter: 1543264
Planning time: 0.477 ms
Execution time: 3019.835 ms
