Hash Join  (cost=73950.44..100842.38 rows=353 width=0) (actual time=1167.597..1678.084 rows=1786 loops=1)
  Hash Cond: (mi_idx.movie_id = t.id)
  ->  Seq Scan on movie_info_idx mi_idx  (cost=0.00..25185.44 rows=454124 width=4) (actual time=0.014..431.817 rows=459925 loops=1)
        Filter: (info_type_id = 100)
        Rows Removed by Filter: 920110
  ->  Hash  (cost=73925.90..73925.90 rows=1963 width=4) (actual time=1167.541..1167.541 rows=4281 loops=1)
        Buckets: 8192 (originally 2048)  Batches: 1 (originally 1)  Memory Usage: 215kB
        ->  Seq Scan on title t  (cost=0.00..73925.90 rows=1963 width=4) (actual time=0.048..1165.480 rows=4281 loops=1)
              Filter: ((kind_id = 1) AND (production_year = 1978))
              Rows Removed by Filter: 2524031
Planning time: 0.558 ms
Execution time: 1678.622 ms
