Hash Join  (cost=951618.60..1506805.54 rows=7064601 width=0) (actual time=19358.712..56124.714 rows=87435093 loops=1)
  Hash Cond: (mi.movie_id = t.id)
  ->  Seq Scan on movie_info mi  (cost=0.00..309384.22 rows=14739122 width=4) (actual time=0.016..5955.299 rows=14835720 loops=1)
  ->  Hash  (cost=931734.27..931734.27 rows=1211947 width=8) (actual time=19356.766..19356.766 rows=2893555 loops=1)
        Buckets: 131072 (originally 131072)  Batches: 64 (originally 16)  Memory Usage: 3073kB
        ->  Hash Join  (cost=83810.17..931734.27 rows=1211947 width=8) (actual time=1391.261..18389.311 rows=2893555 loops=1)
              Hash Cond: (ci.movie_id = t.id)
              ->  Seq Scan on cast_info ci  (cost=0.00..796071.18 rows=3102518 width=4) (actual time=0.029..12318.162 rows=7009922 loops=1)
                    Filter: ((person_id > 2964244) AND (role_id > 2))
                    Rows Removed by Filter: 29234422
              ->  Hash  (cost=67604.59..67604.59 rows=987727 width=4) (actual time=1390.422..1390.422 rows=985048 loops=1)
                    Buckets: 131072  Batches: 16  Memory Usage: 3188kB
                    ->  Seq Scan on title t  (cost=0.00..67604.59 rows=987727 width=4) (actual time=0.020..1090.516 rows=985048 loops=1)
                          Filter: (kind_id < 7)
                          Rows Removed by Filter: 1543264
Planning time: 4.327 ms
Execution time: 66416.981 ms
