Hash Join  (cost=68438.72..868098.98 rows=23598 width=0) (actual time=3237.640..11280.914 rows=9943 loops=1)
  Hash Cond: (ci.movie_id = t.id)
  ->  Seq Scan on cast_info ci  (cost=0.00..796071.18 rows=894160 width=4) (actual time=2223.732..10160.155 rows=359982 loops=1)
        Filter: ((person_id < 129675) AND (role_id > 1))
        Rows Removed by Filter: 35884362
  ->  Hash  (cost=67604.59..67604.59 rows=66731 width=4) (actual time=1008.157..1008.157 rows=67342 loops=1)
        Buckets: 131072  Batches: 1  Memory Usage: 3392kB
        ->  Seq Scan on title t  (cost=0.00..67604.59 rows=66731 width=4) (actual time=0.066..980.767 rows=67342 loops=1)
              Filter: (production_year > 2012)
              Rows Removed by Filter: 2460970
Planning time: 0.730 ms
Execution time: 11282.853 ms
