Hash Join  (cost=365418.15..1992148.79 rows=46920255 width=0) (actual time=8492.051..75450.134 rows=153001313 loops=1)
  Hash Cond: (ci.movie_id = t.id)
  ->  Seq Scan on cast_info ci  (cost=0.00..705507.15 rows=26224794 width=4) (actual time=0.031..16022.930 rows=26250155 loops=1)
        Filter: (person_id < 2715452)
        Rows Removed by Filter: 9994189
  ->  Hash  (cost=291197.02..291197.02 rows=4523930 width=8) (actual time=8489.714..8489.714 rows=4523930 loops=1)
        Buckets: 131072  Batches: 64  Memory Usage: 3816kB
        ->  Hash Join  (cost=102767.86..291197.02 rows=4523930 width=8) (actual time=1812.841..7272.721 rows=4523930 loops=1)
              Hash Cond: (mk.movie_id = t.id)
              ->  Seq Scan on movie_keyword mk  (cost=0.00..69693.30 rows=4523930 width=4) (actual time=0.022..1505.842 rows=4523930 loops=1)
              ->  Hash  (cost=61283.27..61283.27 rows=2528527 width=4) (actual time=1738.284..1738.284 rows=2528312 loops=1)
                    Buckets: 131072  Batches: 64  Memory Usage: 2425kB
                    ->  Seq Scan on title t  (cost=0.00..61283.27 rows=2528527 width=4) (actual time=0.019..912.377 rows=2528312 loops=1)
Planning time: 11.101 ms
Execution time: 92614.087 ms
