Seq Scan on movie_keyword mk  (cost=0.00..81003.12 rows=246 width=0) (actual time=0.123..1165.591 rows=262 loops=1)
  Filter: (keyword_id = 6402)
  Rows Removed by Filter: 4523668
Planning time: 0.362 ms
Execution time: 1165.834 ms
