Hash Join  (cost=109448.91..203203.43 rows=87090 width=0) (actual time=2034.504..4177.787 rows=310074 loops=1)
  Hash Cond: (mk.movie_id = t.id)
  ->  Seq Scan on movie_keyword mk  (cost=0.00..81003.12 rows=3168131 width=4) (actual time=0.014..1578.881 rows=3150848 loops=1)
        Filter: (keyword_id > 1808)
        Rows Removed by Filter: 1373082
  ->  Hash  (cost=108580.06..108580.06 rows=69508 width=8) (actual time=2032.306..2032.306 rows=60340 loops=1)
        Buckets: 131072  Batches: 1  Memory Usage: 3382kB
        ->  Hash Join  (cost=69694.50..108580.06 rows=69508 width=8) (actual time=1166.966..2015.456 rows=60340 loops=1)
              Hash Cond: (mi_idx.movie_id = t.id)
              ->  Seq Scan on movie_info_idx mi_idx  (cost=0.00..21735.35 rows=1380035 width=4) (actual time=0.014..414.108 rows=1380035 loops=1)
              ->  Hash  (cost=67604.59..67604.59 rows=127353 width=4) (actual time=1166.092..1166.092 rows=128696 loops=1)
                    Buckets: 131072  Batches: 2  Memory Usage: 3284kB
                    ->  Seq Scan on title t  (cost=0.00..67604.59 rows=127353 width=4) (actual time=0.015..1118.121 rows=128696 loops=1)
                          Filter: (production_year = 2009)
                          Rows Removed by Filter: 2399616
Planning time: 2.566 ms
Execution time: 4216.989 ms
