Hash Join  (cost=52284.99..410024.01 rows=126 width=0) (actual time=807.489..6508.506 rows=137 loops=1)
  Hash Cond: (mi.movie_id = t.id)
  ->  Seq Scan on movie_info mi  (cost=0.00..346232.03 rows=3068194 width=4) (actual time=6.279..5400.459 rows=3036719 loops=1)
        Filter: (info_type_id = 16)
        Rows Removed by Filter: 11799001
  ->  Hash  (cost=52283.69..52283.69 rows=104 width=8) (actual time=744.245..744.245 rows=29 loops=1)
        Buckets: 1024  Batches: 1  Memory Usage: 10kB
        ->  Nested Loop  (cost=0.43..52283.69 rows=104 width=8) (actual time=148.969..744.201 rows=29 loops=1)
              ->  Seq Scan on movie_companies mc  (cost=0.00..51404.11 rows=104 width=4) (actual time=148.872..741.575 rows=29 loops=1)
                    Filter: (company_id = 3635)
                    Rows Removed by Filter: 2609100
              ->  Index Only Scan using title_pkey on title t  (cost=0.43..8.45 rows=1 width=4) (actual time=0.085..0.086 rows=1 loops=29)
                    Index Cond: (id = mc.movie_id)
                    Heap Fetches: 29
Planning time: 0.827 ms
Execution time: 6508.647 ms
