Hash Join  (cost=102767.86..256646.54 rows=2618065 width=0) (actual time=1930.457..6508.355 rows=2607944 loops=1)
  Hash Cond: (mk.movie_id = t.id)
  ->  Seq Scan on movie_keyword mk  (cost=0.00..81003.12 rows=2618065 width=4) (actual time=0.018..1611.498 rows=2607944 loops=1)
        Filter: (keyword_id > 3295)
        Rows Removed by Filter: 1915986
  ->  Hash  (cost=61283.27..61283.27 rows=2528527 width=4) (actual time=1928.536..1928.536 rows=2528312 loops=1)
        Buckets: 131072  Batches: 64  Memory Usage: 2425kB
        ->  Seq Scan on title t  (cost=0.00..61283.27 rows=2528527 width=4) (actual time=0.013..1045.133 rows=2528312 loops=1)
Planning time: 0.707 ms
Execution time: 6816.509 ms
