Hash Join  (cost=584803.78..1918222.79 rows=11534281 width=0) (actual time=15630.134..51388.583 rows=19815133 loops=1)
  Hash Cond: (ci.movie_id = t.id)
  ->  Seq Scan on cast_info ci  (cost=0.00..614943.12 rows=36225612 width=4) (actual time=0.011..13530.719 rows=36244344 loops=1)
  ->  Hash  (cost=571595.21..571595.21 rows=805086 width=8) (actual time=15628.934..15628.934 rows=627760 loops=1)
        Buckets: 131072  Batches: 16  Memory Usage: 2606kB
        ->  Hash Join  (cost=70241.71..571595.21 rows=805086 width=8) (actual time=1794.607..15440.062 rows=627760 loops=1)
              Hash Cond: (mi.movie_id = t.id)
              ->  Seq Scan on movie_info mi  (cost=0.00..346232.03 rows=12665229 width=4) (actual time=0.026..7365.822 rows=12744652 loops=1)
                    Filter: (info_type_id > 2)
                    Rows Removed by Filter: 2091068
              ->  Hash  (cost=67604.59..67604.59 rows=160730 width=4) (actual time=1793.386..1793.386 rows=160017 loops=1)
                    Buckets: 131072  Batches: 4  Memory Usage: 2442kB
                    ->  Seq Scan on title t  (cost=0.00..67604.59 rows=160730 width=4) (actual time=0.017..1077.775 rows=160017 loops=1)
                          Filter: (production_year = 2011)
                          Rows Removed by Filter: 2368295
Planning time: 1.182 ms
Execution time: 53621.819 ms
