Hash Join  (cost=74501.30..129641.82 rows=47499 width=0) (actual time=1312.247..2691.000 rows=17999 loops=1)
  Hash Cond: (mc.movie_id = t.id)
  ->  Seq Scan on movie_companies mc  (cost=0.00..44881.29 rows=2609129 width=4) (actual time=0.014..715.329 rows=2609129 loops=1)
  ->  Hash  (cost=73925.90..73925.90 rows=46032 width=4) (actual time=1311.859..1311.859 rows=42799 loops=1)
        Buckets: 65536  Batches: 1  Memory Usage: 2017kB
        ->  Seq Scan on title t  (cost=0.00..73925.90 rows=46032 width=4) (actual time=0.031..1294.513 rows=42799 loops=1)
              Filter: ((kind_id > 2) AND (production_year = 2013))
              Rows Removed by Filter: 2485513
Planning time: 0.728 ms
Execution time: 2693.798 ms
