Seq Scan on movie_companies mc  (cost=0.00..51404.11 rows=636755 width=0) (actual time=0.047..850.406 rows=629809 loops=1)
  Filter: (company_id < 836)
  Rows Removed by Filter: 1979320
Planning time: 2.886 ms
Execution time: 930.855 ms
