Hash Join  (cost=709678.15..796345.14 rows=895 width=0) (actual time=12553.893..13107.686 rows=1 loops=1)
  Hash Cond: (mk.movie_id = t.id)
  ->  Seq Scan on movie_keyword mk  (cost=0.00..69693.30 rows=4523930 width=4) (actual time=0.012..950.227 rows=4523930 loops=1)
  ->  Hash  (cost=709671.90..709671.90 rows=500 width=8) (actual time=11415.283..11415.283 rows=8 loops=1)
        Buckets: 1024  Batches: 1  Memory Usage: 9kB
        ->  Nested Loop  (cost=0.43..709671.90 rows=500 width=8) (actual time=2910.578..11415.261 rows=8 loops=1)
              ->  Seq Scan on cast_info ci  (cost=0.00..705507.15 rows=500 width=4) (actual time=2910.464..11414.916 rows=8 loops=1)
                    Filter: (person_id = 1375613)
                    Rows Removed by Filter: 36244336
              ->  Index Only Scan using title_pkey on title t  (cost=0.43..8.32 rows=1 width=4) (actual time=0.036..0.037 rows=1 loops=8)
                    Index Cond: (id = ci.movie_id)
                    Heap Fetches: 8
Planning time: 1.172 ms
Execution time: 13107.782 ms
