Hash Join  (cost=101850.51..197710.52 rows=34192 width=0) (actual time=1811.959..4050.797 rows=105693 loops=1)
  Hash Cond: (mk.movie_id = t.id)
  ->  Seq Scan on movie_keyword mk  (cost=0.00..81003.12 rows=3870658 width=4) (actual time=0.017..1682.410 rows=3869227 loops=1)
        Filter: (keyword_id > 500)
        Rows Removed by Filter: 654703
  ->  Hash  (cost=101571.31..101571.31 rows=22336 width=8) (actual time=1740.171..1740.171 rows=29895 loops=1)
        Buckets: 32768  Batches: 1  Memory Usage: 1424kB
        ->  Hash Join  (cost=74437.47..101571.31 rows=22336 width=8) (actual time=1201.905..1729.747 rows=29895 loops=1)
              Hash Cond: (mi_idx.movie_id = t.id)
              ->  Seq Scan on movie_info_idx mi_idx  (cost=0.00..21735.35 rows=1380035 width=4) (actual time=0.013..283.772 rows=1380035 loops=1)
              ->  Hash  (cost=73925.90..73925.90 rows=40925 width=4) (actual time=1118.834..1118.834 rows=26947 loops=1)
                    Buckets: 65536  Batches: 1  Memory Usage: 1460kB
                    ->  Seq Scan on title t  (cost=0.00..73925.90 rows=40925 width=4) (actual time=0.028..1108.319 rows=26947 loops=1)
                          Filter: ((production_year > 2005) AND (kind_id = 3))
                          Rows Removed by Filter: 2501365
Planning time: 1.158 ms
Execution time: 4064.573 ms
