Seq Scan on movie_companies mc  (cost=0.00..51404.11 rows=1479576 width=0) (actual time=0.013..775.993 rows=1483281 loops=1)
  Filter: (company_id > 8078)
  Rows Removed by Filter: 1125848
Planning time: 0.318 ms
Execution time: 944.098 ms
