Hash Join  (cost=104818.80..281919.41 rows=4058266 width=0) (actual time=2106.941..7061.730 rows=3876660 loops=1)
  Hash Cond: (mk.movie_id = t.id)
  ->  Seq Scan on movie_keyword mk  (cost=0.00..69693.30 rows=4523930 width=4) (actual time=0.023..1473.512 rows=4523930 loops=1)
  ->  Hash  (cost=67604.59..67604.59 rows=2268257 width=4) (actual time=2105.784..2105.784 rows=2261229 loops=1)
        Buckets: 131072  Batches: 32  Memory Usage: 3520kB
        ->  Seq Scan on title t  (cost=0.00..67604.59 rows=2268257 width=4) (actual time=0.006..1356.704 rows=2261229 loops=1)
              Filter: (production_year > 1954)
              Rows Removed by Filter: 267083
Planning time: 0.785 ms
Execution time: 7484.523 ms
