Hash Join  (cost=189485.55..1292063.12 rows=6694840 width=0) (actual time=3786.518..34994.377 rows=6952263 loops=1)
  Hash Cond: (ci.movie_id = t.id)
  ->  Seq Scan on cast_info ci  (cost=0.00..614943.12 rows=36225612 width=4) (actual time=0.013..13637.113 rows=36244344 loops=1)
  ->  Hash  (cost=181818.35..181818.35 rows=467296 width=8) (actual time=3785.674..3785.674 rows=268033 loops=1)
        Buckets: 131072  Batches: 8  Memory Usage: 2337kB
        ->  Hash Join  (cost=102767.86..181818.35 rows=467296 width=8) (actual time=2355.230..3708.308 rows=268033 loops=1)
              Hash Cond: (mc.movie_id = t.id)
              ->  Seq Scan on movie_companies mc  (cost=0.00..57926.93 rows=467296 width=4) (actual time=273.436..987.894 rows=268033 loops=1)
                    Filter: ((company_id < 3139) AND (company_type_id = 2))
                    Rows Removed by Filter: 2341096
              ->  Hash  (cost=61283.27..61283.27 rows=2528527 width=4) (actual time=2080.479..2080.479 rows=2528312 loops=1)
                    Buckets: 131072  Batches: 64  Memory Usage: 2415kB
                    ->  Seq Scan on title t  (cost=0.00..61283.27 rows=2528527 width=4) (actual time=0.027..1228.006 rows=2528312 loops=1)
Planning time: 1.939 ms
Execution time: 35736.299 ms
