Hash Join  (cost=102767.86..1128699.66 rows=9142069 width=0) (actual time=6455.447..26718.963 rows=10306421 loops=1)
  Hash Cond: (ci.movie_id = t.id)
  ->  Seq Scan on cast_info ci  (cost=0.00..796071.18 rows=9142069 width=4) (actual time=4539.986..16120.899 rows=10306421 loops=1)
        Filter: ((person_id > 881259) AND (role_id > 3))
        Rows Removed by Filter: 25937923
  ->  Hash  (cost=61283.27..61283.27 rows=2528527 width=4) (actual time=1913.570..1913.570 rows=2528312 loops=1)
        Buckets: 131072  Batches: 64  Memory Usage: 2415kB
        ->  Seq Scan on title t  (cost=0.00..61283.27 rows=2528527 width=4) (actual time=0.016..1097.761 rows=2528312 loops=1)
Planning time: 0.879 ms
Execution time: 27792.537 ms
