Hash Join  (cost=157523.54..241727.44 rows=664038 width=0) (actual time=3563.551..5938.361 rows=943698 loops=1)
  Hash Cond: (mc.movie_id = t.id)
  ->  Seq Scan on movie_companies mc  (cost=0.00..44881.29 rows=2609129 width=4) (actual time=0.028..1015.302 rows=2609129 loops=1)
  ->  Hash  (cost=146965.49..146965.49 rows=643524 width=8) (actual time=3562.471..3562.471 rows=424718 loops=1)
        Buckets: 131072  Batches: 16  Memory Usage: 2066kB
        ->  Hash Join  (cost=96651.52..146965.49 rows=643524 width=8) (actual time=1973.774..3433.228 rows=424718 loops=1)
              Hash Cond: (mi_idx.movie_id = t.id)
              ->  Seq Scan on movie_info_idx mi_idx  (cost=0.00..25185.44 rows=919057 width=4) (actual time=0.016..586.735 rows=920110 loops=1)
                    Filter: (info_type_id > 99)
                    Rows Removed by Filter: 459925
              ->  Hash  (cost=67604.59..67604.59 rows=1770475 width=4) (actual time=1972.925..1972.925 rows=1774635 loops=1)
                    Buckets: 131072  Batches: 32  Memory Usage: 2978kB
                    ->  Seq Scan on title t  (cost=0.00..67604.59 rows=1770475 width=4) (actual time=0.019..1384.968 rows=1774635 loops=1)
                          Filter: (kind_id > 2)
                          Rows Removed by Filter: 753677
Planning time: 1.137 ms
Execution time: 6037.376 ms
