Hash Join  (cost=183330.36..260378.01 rows=144913 width=0) (actual time=3323.152..5659.960 rows=71429 loops=1)
  Hash Cond: (mc.movie_id = t.id)
  ->  Seq Scan on movie_companies mc  (cost=0.00..44881.29 rows=2609129 width=4) (actual time=0.014..963.995 rows=2609129 loops=1)
  ->  Hash  (cost=181025.90..181025.90 rows=140436 width=8) (actual time=3316.081..3316.081 rows=37074 loops=1)
        Buckets: 131072  Batches: 2  Memory Usage: 1759kB
        ->  Hash Join  (cost=90606.68..181025.90 rows=140436 width=8) (actual time=2729.013..3303.460 rows=37074 loops=1)
              Hash Cond: (mk.movie_id = t.id)
              ->  Seq Scan on movie_keyword mk  (cost=0.00..81003.12 rows=349264 width=4) (actual time=0.014..1448.342 rows=363692 loops=1)
                    Filter: (keyword_id < 335)
                    Rows Removed by Filter: 4160238
              ->  Hash  (cost=73925.90..73925.90 rows=1016702 width=4) (actual time=1527.971..1527.971 rows=960113 loops=1)
                    Buckets: 131072  Batches: 16  Memory Usage: 3141kB
                    ->  Seq Scan on title t  (cost=0.00..73925.90 rows=1016702 width=4) (actual time=0.023..1227.147 rows=960113 loops=1)
                          Filter: ((production_year < 2008) AND (kind_id = 7))
                          Rows Removed by Filter: 1568199
Planning time: 1.157 ms
Execution time: 5668.630 ms
