Seq Scan on cast_info ci  (cost=0.00..705507.15 rows=500 width=0) (actual time=8248.215..9274.980 rows=287 loops=1)
  Filter: (person_id = 2666555)
  Rows Removed by Filter: 36244057
Planning time: 0.388 ms
Execution time: 9275.099 ms
