Hash Join  (cost=142861.21..231754.39 rows=23589 width=0) (actual time=2710.628..4598.462 rows=10478 loops=1)
  Hash Cond: (mk.movie_id = t.id)
  ->  Seq Scan on movie_keyword mk  (cost=0.00..81003.12 rows=629908 width=4) (actual time=0.025..1401.685 rows=635903 loops=1)
        Filter: (keyword_id > 29032)
        Rows Removed by Filter: 3888027
  ->  Hash  (cost=141307.59..141307.59 rows=94690 width=8) (actual time=2709.503..2709.503 rows=51814 loops=1)
        Buckets: 131072  Batches: 2  Memory Usage: 2042kB
        ->  Hash Join  (cost=79605.72..141307.59 rows=94690 width=8) (actual time=1445.056..2691.840 rows=51814 loops=1)
              Hash Cond: (mc.movie_id = t.id)
              ->  Seq Scan on movie_companies mc  (cost=0.00..51404.11 rows=691696 width=4) (actual time=0.021..906.685 rows=697223 loops=1)
                    Filter: (company_id > 45939)
                    Rows Removed by Filter: 1911906
              ->  Hash  (cost=73925.90..73925.90 rows=346145 width=4) (actual time=1442.477..1442.477 rows=208615 loops=1)
                    Buckets: 131072  Batches: 8  Memory Usage: 1935kB
                    ->  Seq Scan on title t  (cost=0.00..73925.90 rows=346145 width=4) (actual time=0.020..1371.962 rows=208615 loops=1)
                          Filter: ((kind_id > 1) AND (production_year < 1977))
                          Rows Removed by Filter: 2319697
Planning time: 1.229 ms
Execution time: 4600.369 ms
