Seq Scan on movie_companies mc  (cost=0.00..57926.93 rows=1493 width=0) (actual time=437.515..974.421 rows=2500 loops=1)
  Filter: ((company_type_id < 2) AND (company_id = 292))
  Rows Removed by Filter: 2606629
Planning time: 0.331 ms
Execution time: 974.914 ms
