Hash Join  (cost=704786.31..2567278.60 rows=61247116 width=0) (actual time=18900.878..81147.764 rows=116032360 loops=1)
  Hash Cond: (ci.movie_id = t.id)
  ->  Seq Scan on cast_info ci  (cost=0.00..705507.15 rows=29414499 width=4) (actual time=0.014..16533.178 rows=29500132 loops=1)
        Filter: (person_id > 651661)
        Rows Removed by Filter: 6744212
  ->  Hash  (cost=618407.81..618407.81 rows=5264920 width=8) (actual time=18898.398..18898.398 rows=4351816 loops=1)
        Buckets: 131072  Batches: 128  Memory Usage: 2375kB
        ->  Hash Join  (cost=82423.69..618407.81 rows=5264920 width=8) (actual time=2033.608..17684.806 rows=4351816 loops=1)
              Hash Cond: (mi.movie_id = t.id)
              ->  Seq Scan on movie_info mi  (cost=0.00..309384.22 rows=14739122 width=4) (actual time=0.009..6203.932 rows=14835720 loops=1)
              ->  Hash  (cost=67604.59..67604.59 rows=903208 width=4) (actual time=2032.296..2032.296 rows=904491 loops=1)
                    Buckets: 131072  Batches: 16  Memory Usage: 3017kB
                    ->  Seq Scan on title t  (cost=0.00..67604.59 rows=903208 width=4) (actual time=0.027..1161.234 rows=904491 loops=1)
                          Filter: (production_year > 2006)
                          Rows Removed by Filter: 1623821
Planning time: 1.162 ms
Execution time: 94051.818 ms
