Hash Join  (cost=65409.84..152068.30 rows=43 width=0) (actual time=1086.953..2743.289 rows=446 loops=1)
  Hash Cond: (mk.movie_id = t.id)
  ->  Seq Scan on movie_keyword mk  (cost=0.00..69693.30 rows=4523930 width=4) (actual time=0.013..986.479 rows=4523930 loops=1)
  ->  Hash  (cost=65409.54..65409.54 rows=24 width=8) (actual time=956.588..956.588 rows=352 loops=1)
        Buckets: 1024  Batches: 1  Memory Usage: 22kB
        ->  Nested Loop  (cost=0.43..65409.54 rows=24 width=8) (actual time=288.073..956.318 rows=352 loops=1)
              ->  Seq Scan on movie_companies mc  (cost=0.00..57926.93 rows=910 width=4) (actual time=287.994..840.154 rows=3969 loops=1)
                    Filter: ((company_id < 6) AND (company_type_id < 2))
                    Rows Removed by Filter: 2605160
              ->  Index Scan using title_pkey on title t  (cost=0.43..8.21 rows=1 width=4) (actual time=0.029..0.029 rows=0 loops=3969)
                    Index Cond: (id = mc.movie_id)
                    Filter: (production_year > 2012)
                    Rows Removed by Filter: 1
Planning time: 4.192 ms
Execution time: 2743.521 ms
