Hash Join  (cost=73982.55..443211.44 rows=10939 width=0) (actual time=1201.478..7994.202 rows=13730 loops=1)
  Hash Cond: (mi.movie_id = t.id)
  ->  Seq Scan on movie_info mi  (cost=0.00..346232.03 rows=6103325 width=4) (actual time=0.020..5765.813 rows=6083429 loops=1)
        Filter: (info_type_id > 9)
        Rows Removed by Filter: 8752291
  ->  Hash  (cost=73925.90..73925.90 rows=4532 width=4) (actual time=1187.847..1187.847 rows=6734 loops=1)
        Buckets: 8192  Batches: 1  Memory Usage: 301kB
        ->  Seq Scan on title t  (cost=0.00..73925.90 rows=4532 width=4) (actual time=106.783..1184.481 rows=6734 loops=1)
              Filter: ((kind_id = 7) AND (production_year = 1961))
              Rows Removed by Filter: 2521578
Planning time: 0.824 ms
Execution time: 7996.357 ms
