Hash Join  (cost=83073.19..879927.67 rows=2 width=0) (actual time=7349.022..13192.256 rows=43 loops=1)
  Hash Cond: (ci.movie_id = t.id)
  ->  Seq Scan on cast_info ci  (cost=0.00..796071.18 rows=208875 width=4) (actual time=6034.705..11819.013 rows=462184 loops=1)
        Filter: ((person_id > 2666579) AND (role_id = 6))
        Rows Removed by Filter: 35782160
  ->  Hash  (cost=83072.90..83072.90 rows=23 width=8) (actual time=1308.746..1308.746 rows=206 loops=1)
        Buckets: 1024  Batches: 1  Memory Usage: 17kB
        ->  Nested Loop  (cost=0.43..83072.90 rows=23 width=8) (actual time=94.861..1308.470 rows=206 loops=1)
              ->  Seq Scan on movie_keyword mk  (cost=0.00..81003.12 rows=246 width=4) (actual time=1.069..1242.017 rows=1134 loops=1)
                    Filter: (keyword_id = 10648)
                    Rows Removed by Filter: 4522796
              ->  Index Scan using title_pkey on title t  (cost=0.43..8.40 rows=1 width=4) (actual time=0.057..0.057 rows=0 loops=1134)
                    Index Cond: (id = mk.movie_id)
                    Filter: ((kind_id < 7) AND (production_year < 1986))
                    Rows Removed by Filter: 1
Planning time: 1.622 ms
Execution time: 13192.451 ms
