Hash Join  (cost=212771.09..289198.73 rows=221241 width=0) (actual time=4383.666..6760.503 rows=2633524 loops=1)
  Hash Cond: (mc.movie_id = t.id)
  ->  Seq Scan on movie_companies mc  (cost=0.00..57926.93 rows=1258481 width=4) (actual time=0.025..1198.780 rows=1274246 loops=1)
        Filter: ((company_id < 197835) AND (company_type_id < 2))
        Rows Removed by Filter: 1334883
  ->  Hash  (cost=205477.66..205477.66 rows=444514 width=8) (actual time=4382.622..4382.622 rows=407446 loops=1)
        Buckets: 131072  Batches: 8  Memory Usage: 3041kB
        ->  Hash Join  (cost=104818.80..205477.66 rows=444514 width=8) (actual time=2090.500..4261.708 rows=407446 loops=1)
              Hash Cond: (mk.movie_id = t.id)
              ->  Seq Scan on movie_keyword mk  (cost=0.00..81003.12 rows=495520 width=4) (actual time=0.020..1427.510 rows=489408 loops=1)
                    Filter: (keyword_id > 36742)
                    Rows Removed by Filter: 4034522
              ->  Hash  (cost=67604.59..67604.59 rows=2268257 width=4) (actual time=2088.693..2088.693 rows=2261229 loops=1)
                    Buckets: 131072  Batches: 32  Memory Usage: 3520kB
                    ->  Seq Scan on title t  (cost=0.00..67604.59 rows=2268257 width=4) (actual time=0.013..1352.992 rows=2261229 loops=1)
                          Filter: (production_year > 1954)
                          Rows Removed by Filter: 267083
Planning time: 1.151 ms
Execution time: 7044.017 ms
