Hash Join  (cost=86713.18..225704.58 rows=1394436 width=0) (actual time=1528.549..5586.457 rows=2782671 loops=1)
  Hash Cond: (mk.movie_id = t.id)
  ->  Seq Scan on movie_keyword mk  (cost=0.00..69693.30 rows=4523930 width=4) (actual time=0.015..1407.503 rows=4523930 loops=1)
  ->  Hash  (cost=73925.90..73925.90 rows=779382 width=4) (actual time=1527.329..1527.329 rows=689555 loops=1)
        Buckets: 131072  Batches: 16  Memory Usage: 2549kB
        ->  Seq Scan on title t  (cost=0.00..73925.90 rows=779382 width=4) (actual time=0.026..1303.229 rows=689555 loops=1)
              Filter: ((kind_id < 7) AND (production_year > 1976))
              Rows Removed by Filter: 1838757
Planning time: 0.800 ms
Execution time: 5899.542 ms
