Seq Scan on cast_info ci  (cost=0.00..796071.18 rows=581389 width=0) (actual time=5521.378..14144.775 rows=728309 loops=1)
  Filter: ((person_id > 1249710) AND (role_id = 5))
  Rows Removed by Filter: 35516035
Planning time: 5.202 ms
Execution time: 14235.386 ms
