Hash Join  (cost=112562.93..460553.29 rows=6518 width=0) (actual time=3305.631..7312.144 rows=12488 loops=1)
  Hash Cond: (mi.movie_id = t.id)
  ->  Seq Scan on movie_info mi  (cost=0.00..346232.03 rows=451508 width=4) (actual time=1167.024..5122.045 rows=474443 loops=1)
        Filter: (info_type_id = 6)
        Rows Removed by Filter: 14361277
  ->  Hash  (cost=112106.67..112106.67 rows=36501 width=8) (actual time=2072.923..2072.923 rows=54710 loops=1)
        Buckets: 65536  Batches: 1  Memory Usage: 2650kB
        ->  Hash Join  (cost=75580.59..112106.67 rows=36501 width=8) (actual time=1363.973..2056.634 rows=54710 loops=1)
              Hash Cond: (mi_idx.movie_id = t.id)
              ->  Seq Scan on movie_info_idx mi_idx  (cost=0.00..25185.44 rows=915101 width=4) (actual time=0.026..538.400 rows=919850 loops=1)
                    Filter: (info_type_id < 101)
                    Rows Removed by Filter: 460185
              ->  Hash  (cost=73925.90..73925.90 rows=100855 width=4) (actual time=1203.397..1203.397 rows=111586 loops=1)
                    Buckets: 131072  Batches: 2  Memory Usage: 2982kB
                    ->  Seq Scan on title t  (cost=0.00..73925.90 rows=100855 width=4) (actual time=382.183..1163.586 rows=111586 loops=1)
                          Filter: ((production_year < 2012) AND (kind_id = 4))
                          Rows Removed by Filter: 2416726
Planning time: 2.217 ms
Execution time: 7314.982 ms
