Hash Join  (cost=102767.86..940661.09 rows=1327511 width=0) (actual time=2492.477..18277.479 rows=1481931 loops=1)
  Hash Cond: (ci.movie_id = t.id)
  ->  Seq Scan on cast_info ci  (cost=0.00..796071.18 rows=1327511 width=4) (actual time=0.018..14247.658 rows=1481931 loops=1)
        Filter: ((person_id > 1844678) AND (role_id = 4))
        Rows Removed by Filter: 34762413
  ->  Hash  (cost=61283.27..61283.27 rows=2528527 width=4) (actual time=2490.566..2490.566 rows=2528312 loops=1)
        Buckets: 131072  Batches: 64  Memory Usage: 2415kB
        ->  Seq Scan on title t  (cost=0.00..61283.27 rows=2528527 width=4) (actual time=0.010..1037.624 rows=2528312 loops=1)
Planning time: 0.769 ms
Execution time: 18447.755 ms
