Hash Join  (cost=74148.97..128998.63 rows=18414 width=0) (actual time=1014.668..2164.434 rows=25922 loops=1)
  Hash Cond: (mc.movie_id = t.id)
  ->  Seq Scan on movie_companies mc  (cost=0.00..44881.29 rows=2609129 width=4) (actual time=0.012..580.924 rows=2609129 loops=1)
  ->  Hash  (cost=73925.90..73925.90 rows=17845 width=4) (actual time=1014.364..1014.364 rows=10782 loops=1)
        Buckets: 32768  Batches: 1  Memory Usage: 636kB
        ->  Seq Scan on title t  (cost=0.00..73925.90 rows=17845 width=4) (actual time=0.077..1009.981 rows=10782 loops=1)
              Filter: ((kind_id = 1) AND (production_year = 2003))
              Rows Removed by Filter: 2517530
Planning time: 0.751 ms
Execution time: 2168.664 ms
