Hash Join  (cost=74389.43..165202.42 rows=36920 width=0) (actual time=1401.230..3054.881 rows=8904 loops=1)
  Hash Cond: (mk.movie_id = t.id)
  ->  Seq Scan on movie_keyword mk  (cost=0.00..81003.12 rows=2517512 width=4) (actual time=0.014..1506.968 rows=2511404 loops=1)
        Filter: (keyword_id > 3584)
        Rows Removed by Filter: 2012526
  ->  Hash  (cost=73925.90..73925.90 rows=37082 width=4) (actual time=1128.797..1128.797 rows=41935 loops=1)
        Buckets: 65536  Batches: 1  Memory Usage: 1987kB
        ->  Seq Scan on title t  (cost=0.00..73925.90 rows=37082 width=4) (actual time=0.079..1111.157 rows=41935 loops=1)
              Filter: ((kind_id = 7) AND (production_year = 2002))
              Rows Removed by Filter: 2486377
Planning time: 0.686 ms
Execution time: 3056.269 ms
