Seq Scan on cast_info ci  (cost=0.00..796071.18 rows=1054061 width=0) (actual time=6854.216..10874.289 rows=730262 loops=1)
  Filter: ((person_id < 922598) AND (role_id = 3))
  Rows Removed by Filter: 35514082
Planning time: 0.397 ms
Execution time: 10978.151 ms
