Seq Scan on cast_info ci  (cost=0.00..796071.18 rows=4937867 width=0) (actual time=0.030..12554.569 rows=2943175 loops=1)
  Filter: ((person_id < 1436233) AND (role_id > 3))
  Rows Removed by Filter: 33301169
Planning time: 0.927 ms
Execution time: 12903.804 ms
