Hash Join  (cost=83073.18..447730.38 rows=128 width=0) (actual time=1411.354..7672.623 rows=897 loops=1)
  Hash Cond: (mi.movie_id = t.id)
  ->  Seq Scan on movie_info mi  (cost=0.00..309384.22 rows=14739122 width=4) (actual time=0.017..3839.375 rows=14835720 loops=1)
  ->  Hash  (cost=83072.90..83072.90 rows=22 width=8) (actual time=1330.082..1330.082 rows=17 loops=1)
        Buckets: 1024  Batches: 1  Memory Usage: 9kB
        ->  Nested Loop  (cost=0.43..83072.90 rows=22 width=8) (actual time=201.201..1330.045 rows=17 loops=1)
              ->  Seq Scan on movie_keyword mk  (cost=0.00..81003.12 rows=246 width=4) (actual time=201.144..1328.924 rows=23 loops=1)
                    Filter: (keyword_id = 53535)
                    Rows Removed by Filter: 4523907
              ->  Index Scan using title_pkey on title t  (cost=0.43..8.40 rows=1 width=4) (actual time=0.042..0.042 rows=1 loops=23)
                    Index Cond: (id = mk.movie_id)
                    Filter: ((kind_id < 7) AND (production_year < 1984))
                    Rows Removed by Filter: 0
Planning time: 1.082 ms
Execution time: 7673.008 ms
