Hash Join  (cost=92883.59..1046377.08 rows=7798817 width=0) (actual time=2055.547..24607.551 rows=7319642 loops=1)
  Hash Cond: (ci.movie_id = t.id)
  ->  Seq Scan on cast_info ci  (cost=0.00..705507.15 rows=12798235 width=4) (actual time=303.634..13264.645 rows=12764782 loops=1)
        Filter: (person_id < 1258804)
        Rows Removed by Filter: 23479562
  ->  Hash  (cost=67604.59..67604.59 rows=1540800 width=4) (actual time=1750.985..1750.985 rows=1543264 loops=1)
        Buckets: 131072  Batches: 32  Memory Usage: 2722kB
        ->  Seq Scan on title t  (cost=0.00..67604.59 rows=1540800 width=4) (actual time=373.974..1270.149 rows=1543264 loops=1)
              Filter: (kind_id = 7)
              Rows Removed by Filter: 985048
Planning time: 0.770 ms
Execution time: 25474.991 ms
