Seq Scan on cast_info ci  (cost=0.00..796071.18 rows=332 width=0) (actual time=4353.844..12090.331 rows=20 loops=1)
  Filter: ((role_id < 4) AND (person_id = 424715))
  Rows Removed by Filter: 36244324
Planning time: 0.391 ms
Execution time: 12090.456 ms
