Hash Join  (cost=73962.22..128657.72 rows=2998 width=0) (actual time=1077.056..2222.499 rows=7164 loops=1)
  Hash Cond: (mc.movie_id = t.id)
  ->  Seq Scan on movie_companies mc  (cost=0.00..44881.29 rows=2609129 width=4) (actual time=0.014..608.207 rows=2609129 loops=1)
  ->  Hash  (cost=73925.90..73925.90 rows=2905 width=4) (actual time=1076.884..1076.884 rows=3427 loops=1)
        Buckets: 4096  Batches: 1  Memory Usage: 153kB
        ->  Seq Scan on title t  (cost=0.00..73925.90 rows=2905 width=4) (actual time=0.643..1075.023 rows=3427 loops=1)
              Filter: ((kind_id < 7) AND (production_year = 1956))
              Rows Removed by Filter: 2524885
Planning time: 2.715 ms
Execution time: 2223.904 ms
