Hash Join  (cost=146658.24..522821.58 rows=179286 width=0) (actual time=3061.275..10306.841 rows=96629 loops=1)
  Hash Cond: (mi.movie_id = t.id)
  ->  Seq Scan on movie_info mi  (cost=0.00..346232.03 rows=7503588 width=4) (actual time=0.014..6182.189 rows=7548855 loops=1)
        Filter: (info_type_id > 7)
        Rows Removed by Filter: 7286865
  ->  Hash  (cost=145903.05..145903.05 rows=60415 width=8) (actual time=2544.595..2544.595 rows=25368 loops=1)
        Buckets: 65536  Batches: 1  Memory Usage: 1503kB
        ->  Hash Join  (cost=81821.64..145903.05 rows=60415 width=8) (actual time=1413.168..2534.477 rows=25368 loops=1)
              Hash Cond: (mc.movie_id = t.id)
              ->  Seq Scan on movie_companies mc  (cost=0.00..57926.93 rows=317419 width=4) (actual time=0.024..949.767 rows=173271 loops=1)
                    Filter: ((company_id < 772) AND (company_type_id = 2))
                    Rows Removed by Filter: 2435858
              ->  Hash  (cost=73925.90..73925.90 rows=481259 width=4) (actual time=1411.601..1411.601 rows=518327 loops=1)
                    Buckets: 131072  Batches: 8  Memory Usage: 3301kB
                    ->  Seq Scan on title t  (cost=0.00..73925.90 rows=481259 width=4) (actual time=1.280..1248.447 rows=518327 loops=1)
                          Filter: ((production_year > 2007) AND (kind_id = 7))
                          Rows Removed by Filter: 2009985
Planning time: 1.123 ms
Execution time: 10320.302 ms
