Hash Join  (cost=263115.61..421313.93 rows=2835736 width=0) (actual time=6216.630..15120.240 rows=20774944 loops=1)
  Hash Cond: (mk.movie_id = t.id)
  ->  Seq Scan on movie_keyword mk  (cost=0.00..81003.12 rows=2748134 width=4) (actual time=0.024..1600.031 rows=2745848 loops=1)
        Filter: (keyword_id < 7778)
        Rows Removed by Filter: 1778082
  ->  Hash  (cost=220309.49..220309.49 rows=2609129 width=8) (actual time=6215.722..6215.722 rows=2609129 loops=1)
        Buckets: 131072  Batches: 64  Memory Usage: 2691kB
        ->  Hash Join  (cost=102767.86..220309.49 rows=2609129 width=8) (actual time=1927.592..5413.705 rows=2609129 loops=1)
              Hash Cond: (mc.movie_id = t.id)
              ->  Seq Scan on movie_companies mc  (cost=0.00..44881.29 rows=2609129 width=4) (actual time=0.022..873.612 rows=2609129 loops=1)
              ->  Hash  (cost=61283.27..61283.27 rows=2528527 width=4) (actual time=1926.543..1926.543 rows=2528312 loops=1)
                    Buckets: 131072  Batches: 64  Memory Usage: 2415kB
                    ->  Seq Scan on title t  (cost=0.00..61283.27 rows=2528527 width=4) (actual time=0.016..1037.378 rows=2528312 loops=1)
Planning time: 1.602 ms
Execution time: 17497.158 ms
