Hash Join  (cost=195643.47..252247.09 rows=26530 width=0) (actual time=4497.466..5596.182 rows=119342 loops=1)
  Hash Cond: (mc.movie_id = t.id)
  ->  Seq Scan on movie_companies mc  (cost=0.00..51404.11 rows=364321 width=4) (actual time=0.026..867.055 rows=361826 loops=1)
        Filter: (company_id < 184)
        Rows Removed by Filter: 2247303
  ->  Hash  (cost=192621.85..192621.85 rows=184130 width=8) (actual time=4496.458..4496.458 rows=235008 loops=1)
        Buckets: 131072  Batches: 4  Memory Usage: 3331kB
        ->  Hash Join  (cost=99161.12..192621.85 rows=184130 width=8) (actual time=2506.010..4418.435 rows=235008 loops=1)
              Hash Cond: (mk.movie_id = t.id)
              ->  Seq Scan on movie_keyword mk  (cost=0.00..81003.12 rows=242060 width=4) (actual time=0.025..1326.333 rows=256327 loops=1)
                    Filter: (keyword_id < 228)
                    Rows Removed by Filter: 4267603
              ->  Hash  (cost=67604.59..67604.59 rows=1923403 width=4) (actual time=2505.009..2505.009 rows=1922849 loops=1)
                    Buckets: 131072  Batches: 32  Memory Usage: 3141kB
                    ->  Seq Scan on title t  (cost=0.00..67604.59 rows=1923403 width=4) (actual time=0.029..1270.728 rows=1922849 loops=1)
                          Filter: (production_year < 2010)
                          Rows Removed by Filter: 605463
Planning time: 1.164 ms
Execution time: 5611.873 ms
