Seq Scan on cast_info ci  (cost=0.00..796071.18 rows=2361929 width=0) (actual time=10943.856..12702.126 rows=1902 loops=1)
  Filter: ((person_id < 1143530) AND (role_id = 2))
  Rows Removed by Filter: 36242442
Planning time: 1.037 ms
Execution time: 12702.605 ms
