Seq Scan on cast_info ci  (cost=0.00..705507.15 rows=500 width=0) (actual time=3240.713..10016.286 rows=825 loops=1)
  Filter: (person_id = 2068516)
  Rows Removed by Filter: 36243519
Planning time: 0.368 ms
Execution time: 10016.524 ms
