Seq Scan on cast_info ci  (cost=0.00..796071.18 rows=9562484 width=0) (actual time=0.022..13041.106 rows=4082492 loops=1)
  Filter: ((person_id < 1443722) AND (role_id > 1))
  Rows Removed by Filter: 32161852
Planning time: 0.347 ms
Execution time: 13550.595 ms
