Nested Loop  (cost=0.43..83071.67 rows=246 width=0) (actual time=11.944..1295.990 rows=131 loops=1)
  ->  Seq Scan on movie_keyword mk  (cost=0.00..81003.12 rows=246 width=4) (actual time=11.843..1290.426 rows=131 loops=1)
        Filter: (keyword_id = 9357)
        Rows Removed by Filter: 4523799
  ->  Index Only Scan using title_pkey on title t  (cost=0.43..8.40 rows=1 width=4) (actual time=0.038..0.038 rows=1 loops=131)
        Index Cond: (id = mk.movie_id)
        Heap Fetches: 131
Planning time: 0.735 ms
Execution time: 1296.163 ms
