Seq Scan on movie_keyword mk  (cost=0.00..81003.12 rows=246 width=0) (actual time=1049.558..1330.950 rows=4 loops=1)
  Filter: (keyword_id = 79784)
  Rows Removed by Filter: 4523926
Planning time: 0.377 ms
Execution time: 1331.031 ms
