Seq Scan on cast_info ci  (cost=0.00..705507.15 rows=22678584 width=0) (actual time=282.479..12899.003 rows=22743291 loops=1)
  Filter: (person_id > 1330943)
  Rows Removed by Filter: 13501053
Planning time: 0.327 ms
Execution time: 15694.977 ms
