Seq Scan on cast_info ci  (cost=0.00..796071.18 rows=18218714 width=0) (actual time=0.026..15148.696 rows=16871171 loops=1)
  Filter: ((person_id > 1422664) AND (role_id < 9))
  Rows Removed by Filter: 19373173
Planning time: 1.058 ms
Execution time: 17273.476 ms
