Hash Join  (cost=133946.58..215233.92 rows=203 width=0) (actual time=2359.533..3701.667 rows=49 loops=1)
  Hash Cond: (mk.movie_id = t.id)
  ->  Seq Scan on movie_keyword mk  (cost=0.00..81003.12 rows=75248 width=4) (actual time=0.048..1319.697 rows=72496 loops=1)
        Filter: (keyword_id = 335)
        Rows Removed by Filter: 4451434
  ->  Hash  (cost=133861.40..133861.40 rows=6815 width=8) (actual time=2357.122..2357.122 rows=7143 loops=1)
        Buckets: 8192  Batches: 1  Memory Usage: 344kB
        ->  Hash Join  (cost=74530.73..133861.40 rows=6815 width=8) (actual time=1234.899..2354.118 rows=7143 loops=1)
              Hash Cond: (mc.movie_id = t.id)
              ->  Seq Scan on movie_companies mc  (cost=0.00..57926.93 rows=356155 width=4) (actual time=32.204..967.880 rows=668418 loops=1)
                    Filter: ((company_id > 44832) AND (company_type_id = 2))
                    Rows Removed by Filter: 1940711
              ->  Hash  (cost=73925.90..73925.90 rows=48386 width=4) (actual time=1201.831..1201.831 rows=45023 loops=1)
                    Buckets: 65536  Batches: 1  Memory Usage: 2095kB
                    ->  Seq Scan on title t  (cost=0.00..73925.90 rows=48386 width=4) (actual time=0.040..1182.982 rows=45023 loops=1)
                          Filter: ((kind_id > 1) AND (production_year = 2013))
                          Rows Removed by Filter: 2483289
Planning time: 1.226 ms
Execution time: 3701.908 ms
