Hash Join  (cost=491644.87..1661476.46 rows=10001573 width=0) (actual time=9231.338..44138.435 rows=14043952 loops=1)
  Hash Cond: (ci.movie_id = t.id)
  ->  Seq Scan on cast_info ci  (cost=0.00..705507.15 rows=31234057 width=4) (actual time=0.015..15867.891 rows=31373145 loops=1)
        Filter: (person_id > 473004)
        Rows Removed by Filter: 4871199
  ->  Hash  (cost=478361.00..478361.00 rows=809669 width=8) (actual time=9230.632..9230.632 rows=802140 loops=1)
        Buckets: 131072  Batches: 16  Memory Usage: 2973kB
        ->  Hash Join  (cost=102767.86..478361.00 rows=809669 width=8) (actual time=6883.533..8985.074 rows=802140 loops=1)
              Hash Cond: (mi.movie_id = t.id)
              ->  Seq Scan on movie_info mi  (cost=0.00..346232.03 rows=809669 width=4) (actual time=4890.218..5787.149 rows=802140 loops=1)
                    Filter: (info_type_id = 1)
                    Rows Removed by Filter: 14033580
              ->  Hash  (cost=61283.27..61283.27 rows=2528527 width=4) (actual time=1992.317..1992.317 rows=2528312 loops=1)
                    Buckets: 131072  Batches: 64  Memory Usage: 2425kB
                    ->  Seq Scan on title t  (cost=0.00..61283.27 rows=2528527 width=4) (actual time=0.026..1111.871 rows=2528312 loops=1)
Planning time: 1.194 ms
Execution time: 45636.703 ms
