Hash Join  (cost=190230.21..1135374.45 rows=4607366 width=0) (actual time=11491.074..23060.284 rows=4445747 loops=1)
  Hash Cond: (ci.movie_id = t.id)
  ->  Seq Scan on cast_info ci  (cost=0.00..796071.18 rows=8441705 width=4) (actual time=6989.381..15165.633 rows=3935931 loops=1)
        Filter: ((person_id > 1191487) AND (role_id = 1))
        Rows Removed by Filter: 32308413
  ->  Hash  (cost=167588.78..167588.78 rows=1380035 width=8) (actual time=4500.510..4500.510 rows=1380035 loops=1)
        Buckets: 131072  Batches: 32  Memory Usage: 2708kB
        ->  Hash Join  (cost=102767.86..167588.78 rows=1380035 width=8) (actual time=2179.354..4120.855 rows=1380035 loops=1)
              Hash Cond: (mi_idx.movie_id = t.id)
              ->  Seq Scan on movie_info_idx mi_idx  (cost=0.00..21735.35 rows=1380035 width=4) (actual time=0.027..499.456 rows=1380035 loops=1)
              ->  Hash  (cost=61283.27..61283.27 rows=2528527 width=4) (actual time=2177.112..2177.112 rows=2528312 loops=1)
                    Buckets: 131072  Batches: 64  Memory Usage: 2415kB
                    ->  Seq Scan on title t  (cost=0.00..61283.27 rows=2528527 width=4) (actual time=0.029..1060.281 rows=2528312 loops=1)
Planning time: 1.164 ms
Execution time: 23541.767 ms
