Seq Scan on movie_companies mc  (cost=0.00..57926.93 rows=1005122 width=0) (actual time=0.014..1112.688 rows=1157360 loops=1)
  Filter: ((company_id > 836) AND (company_type_id > 1))
  Rows Removed by Filter: 1451769
Planning time: 0.886 ms
Execution time: 1261.212 ms
