Seq Scan on title t  (cost=0.00..73925.90 rows=871241 width=0) (actual time=0.020..1252.948 rows=786640 loops=1)
  Filter: ((kind_id < 7) AND (production_year > 1958))
  Rows Removed by Filter: 1741672
Planning time: 0.330 ms
Execution time: 1354.847 ms
