Hash Join  (cost=181009.27..631952.62 rows=1852108 width=0) (actual time=4246.200..13857.750 rows=1872009 loops=1)
  Hash Cond: (mi.movie_id = t.id)
  ->  Seq Scan on movie_info mi  (cost=0.00..346232.03 rows=7235534 width=4) (actual time=451.582..6373.491 rows=7286865 loops=1)
        Filter: (info_type_id < 8)
        Rows Removed by Filter: 7548855
  ->  Hash  (cost=170389.80..170389.80 rows=647237 width=8) (actual time=3793.723..3793.723 rows=477296 loops=1)
        Buckets: 131072  Batches: 16  Memory Usage: 2176kB
        ->  Hash Join  (cost=92883.59..170389.80 rows=647237 width=8) (actual time=1738.816..3645.094 rows=477296 loops=1)
              Hash Cond: (mc.movie_id = t.id)
              ->  Seq Scan on movie_companies mc  (cost=0.00..51404.11 rows=1062147 width=4) (actual time=0.031..981.943 rows=1059756 loops=1)
                    Filter: (company_id < 6292)
                    Rows Removed by Filter: 1549373
              ->  Hash  (cost=67604.59..67604.59 rows=1540800 width=4) (actual time=1721.195..1721.195 rows=1543264 loops=1)
                    Buckets: 131072  Batches: 32  Memory Usage: 2722kB
                    ->  Seq Scan on title t  (cost=0.00..67604.59 rows=1540800 width=4) (actual time=24.286..1232.406 rows=1543264 loops=1)
                          Filter: (kind_id = 7)
                          Rows Removed by Filter: 985048
Planning time: 2.385 ms
Execution time: 14047.455 ms
