Hash Join  (cost=292844.57..1732675.39 rows=35117064 width=0) (actual time=6945.115..64647.373 rows=115318776 loops=1)
  Hash Cond: (ci.movie_id = t.id)
  ->  Seq Scan on cast_info ci  (cost=0.00..614943.12 rows=36225612 width=4) (actual time=0.008..13402.564 rows=36244344 loops=1)
  ->  Hash  (cost=252630.19..252630.19 rows=2451151 width=8) (actual time=6943.447..6943.447 rows=2451004 loops=1)
        Buckets: 131072  Batches: 64  Memory Usage: 2536kB
        ->  Hash Join  (cost=102767.86..252630.19 rows=2451151 width=8) (actual time=2479.446..6285.330 rows=2451004 loops=1)
              Hash Cond: (mk.movie_id = t.id)
              ->  Seq Scan on movie_keyword mk  (cost=0.00..81003.12 rows=2451151 width=4) (actual time=0.008..1600.883 rows=2451004 loops=1)
                    Filter: (keyword_id < 5853)
                    Rows Removed by Filter: 2072926
              ->  Hash  (cost=61283.27..61283.27 rows=2528527 width=4) (actual time=2478.082..2478.082 rows=2528312 loops=1)
                    Buckets: 131072  Batches: 64  Memory Usage: 2425kB
                    ->  Seq Scan on title t  (cost=0.00..61283.27 rows=2528527 width=4) (actual time=0.012..1099.418 rows=2528312 loops=1)
Planning time: 0.750 ms
Execution time: 76339.502 ms
