Hash Join  (cost=159421.06..1235837.80 rows=4148157 width=0) (actual time=3257.341..37140.553 rows=8254058 loops=1)
  Hash Cond: (ci.movie_id = t.id)
  ->  Seq Scan on cast_info ci  (cost=0.00..614943.12 rows=36225612 width=4) (actual time=0.023..13132.032 rows=36244344 loops=1)
  ->  Hash  (cost=154669.83..154669.83 rows=289539 width=8) (actual time=3256.094..3256.094 rows=336845 loops=1)
        Buckets: 131072 (originally 131072)  Batches: 8 (originally 4)  Memory Usage: 3073kB
        ->  Hash Join  (cost=78556.72..154669.83 rows=289539 width=8) (actual time=2027.807..3167.906 rows=336845 loops=1)
              Hash Cond: (mc.movie_id = t.id)
              ->  Seq Scan on movie_companies mc  (cost=0.00..57926.93 rows=1096740 width=4) (actual time=180.081..1111.999 rows=874779 loops=1)
                    Filter: ((company_id < 76581) AND (company_type_id > 1))
                    Rows Removed by Filter: 1734350
              ->  Hash  (cost=67604.59..67604.59 rows=667531 width=4) (actual time=1503.688..1503.688 rows=662825 loops=1)
                    Buckets: 131072  Batches: 16  Memory Usage: 2476kB
                    ->  Seq Scan on title t  (cost=0.00..67604.59 rows=667531 width=4) (actual time=0.025..1299.400 rows=662825 loops=1)
                          Filter: (kind_id = 1)
                          Rows Removed by Filter: 1865487
Planning time: 1.178 ms
Execution time: 38073.319 ms
