Seq Scan on cast_info ci  (cost=0.00..796071.18 rows=187722 width=0) (actual time=2782.434..14134.162 rows=53347 loops=1)
  Filter: ((person_id < 2390843) AND (role_id = 7))
  Rows Removed by Filter: 36190997
Planning time: 0.448 ms
Execution time: 14141.053 ms
