Seq Scan on movie_companies mc  (cost=0.00..57926.93 rows=703607 width=0) (actual time=140.729..978.282 rows=443884 loops=1)
  Filter: ((company_id < 11774) AND (company_type_id = 2))
  Rows Removed by Filter: 2165245
Planning time: 0.384 ms
Execution time: 1033.621 ms
