Hash Join  (cost=84037.34..997642.36 rows=2004252 width=0) (actual time=6627.031..24538.258 rows=3186318 loops=1)
  Hash Cond: (ci.movie_id = t.id)
  ->  Seq Scan on cast_info ci  (cost=0.00..796071.18 rows=8223286 width=4) (actual time=5104.060..16091.295 rows=12670688 loops=1)
        Filter: ((person_id < 2384233) AND (role_id = 1))
        Rows Removed by Filter: 23573656
  ->  Hash  (cost=73925.90..73925.90 rows=616275 width=4) (actual time=1521.848..1521.848 rows=676927 loops=1)
        Buckets: 131072  Batches: 16  Memory Usage: 2516kB
        ->  Seq Scan on title t  (cost=0.00..73925.90 rows=616275 width=4) (actual time=205.690..1302.114 rows=676927 loops=1)
              Filter: ((production_year > 2005) AND (kind_id = 7))
              Rows Removed by Filter: 1851385
Planning time: 0.767 ms
Execution time: 24907.906 ms
