Seq Scan on title t  (cost=0.00..73925.90 rows=244594 width=0) (actual time=344.695..940.057 rows=359543 loops=1)
  Filter: ((production_year < 1998) AND (kind_id = 1))
  Rows Removed by Filter: 2168769
Planning time: 1.710 ms
Execution time: 975.468 ms
