Hash Join  (cost=74406.54..441303.83 rows=224136 width=0) (actual time=1228.041..8685.527 rows=111669 loops=1)
  Hash Cond: (mi.movie_id = t.id)
  ->  Seq Scan on movie_info mi  (cost=0.00..309384.22 rows=14739122 width=4) (actual time=0.021..4144.696 rows=14835720 loops=1)
  ->  Hash  (cost=73925.90..73925.90 rows=38451 width=4) (actual time=1197.558..1197.558 rows=16287 loops=1)
        Buckets: 65536  Batches: 1  Memory Usage: 1085kB
        ->  Seq Scan on title t  (cost=0.00..73925.90 rows=38451 width=4) (actual time=0.028..1190.982 rows=16287 loops=1)
              Filter: ((production_year < 1996) AND (kind_id = 4))
              Rows Removed by Filter: 2512025
Planning time: 0.783 ms
Execution time: 8702.629 ms
