Seq Scan on movie_companies mc  (cost=0.00..51404.11 rows=2388098 width=40) (actual time=0.012..373.168 rows=2388249 loops=1)
  Filter: (company_id > 73)
  Rows Removed by Filter: 220880
Planning time: 0.257 ms
Execution time: 446.323 ms
