Hash Join  (cost=102767.86..976155.03 rows=2802584 width=0) (actual time=7083.050..20840.973 rows=6344084 loops=1)
  Hash Cond: (ci.movie_id = t.id)
  ->  Seq Scan on cast_info ci  (cost=0.00..796071.18 rows=2802584 width=4) (actual time=4959.820..13303.851 rows=6344084 loops=1)
        Filter: ((person_id > 3019024) AND (role_id > 2))
        Rows Removed by Filter: 29900260
  ->  Hash  (cost=61283.27..61283.27 rows=2528527 width=4) (actual time=2122.005..2122.005 rows=2528312 loops=1)
        Buckets: 131072  Batches: 64  Memory Usage: 2415kB
        ->  Seq Scan on title t  (cost=0.00..61283.27 rows=2528527 width=4) (actual time=0.030..1148.295 rows=2528312 loops=1)
Planning time: 0.770 ms
Execution time: 21568.621 ms
