Hash Join  (cost=81720.25..198230.37 rows=730896 width=0) (actual time=1302.813..4356.740 rows=1603120 loops=1)
  Hash Cond: (mk.movie_id = t.id)
  ->  Seq Scan on movie_keyword mk  (cost=0.00..81003.12 rows=2148010 width=4) (actual time=0.009..1566.932 rows=2155232 loops=1)
        Filter: (keyword_id < 4076)
        Rows Removed by Filter: 2368698
  ->  Hash  (cost=67604.59..67604.59 rows=860373 width=4) (actual time=1300.665..1300.665 rows=854214 loops=1)
        Buckets: 131072  Batches: 16  Memory Usage: 2906kB
        ->  Seq Scan on title t  (cost=0.00..67604.59 rows=860373 width=4) (actual time=0.020..1007.258 rows=854214 loops=1)
              Filter: (kind_id < 4)
              Rows Removed by Filter: 1674098
Planning time: 0.755 ms
Execution time: 4541.341 ms
