Hash Join  (cost=239602.12..287927.91 rows=619731 width=0) (actual time=5035.433..7176.161 rows=2504433 loops=1)
  Hash Cond: (mi_idx.movie_id = t.id)
  ->  Seq Scan on movie_info_idx mi_idx  (cost=0.00..21735.35 rows=1380035 width=4) (actual time=0.010..475.326 rows=1380035 loops=1)
  ->  Hash  (cost=220972.58..220972.58 rows=1135483 width=8) (actual time=5034.372..5034.372 rows=1142414 loops=1)
        Buckets: 131072  Batches: 16  Memory Usage: 3849kB
        ->  Hash Join  (cost=102767.86..220972.58 rows=1135483 width=8) (actual time=1880.272..4697.966 rows=1142414 loops=1)
              Hash Cond: (mk.movie_id = t.id)
              ->  Seq Scan on movie_keyword mk  (cost=0.00..81003.12 rows=1135483 width=4) (actual time=0.029..1447.094 rows=1142414 loops=1)
                    Filter: (keyword_id < 1301)
                    Rows Removed by Filter: 3381516
              ->  Hash  (cost=61283.27..61283.27 rows=2528527 width=4) (actual time=1878.932..1878.932 rows=2528312 loops=1)
                    Buckets: 131072  Batches: 64  Memory Usage: 2425kB
                    ->  Seq Scan on title t  (cost=0.00..61283.27 rows=2528527 width=4) (actual time=0.017..1027.520 rows=2528312 loops=1)
Planning time: 1.154 ms
Execution time: 7462.113 ms
