Hash Join  (cost=74478.21..169998.45 rows=64635 width=0) (actual time=1186.902..3398.222 rows=127838 loops=1)
  Hash Cond: (mk.movie_id = t.id)
  ->  Seq Scan on movie_keyword mk  (cost=0.00..81003.12 rows=3698873 width=4) (actual time=0.014..1605.166 rows=3690442 loops=1)
        Filter: (keyword_id < 22080)
        Rows Removed by Filter: 833488
  ->  Hash  (cost=73925.90..73925.90 rows=44184 width=4) (actual time=1186.406..1186.406 rows=35489 loops=1)
        Buckets: 65536  Batches: 1  Memory Usage: 1760kB
        ->  Seq Scan on title t  (cost=0.00..73925.90 rows=44184 width=4) (actual time=0.109..1172.251 rows=35489 loops=1)
              Filter: ((kind_id < 7) AND (production_year = 2007))
              Rows Removed by Filter: 2492823
Planning time: 0.789 ms
Execution time: 3414.126 ms
