Hash Join  (cost=171645.95..599310.17 rows=1997284 width=0) (actual time=4016.124..12377.117 rows=2096934 loops=1)
  Hash Cond: (mi.movie_id = t.id)
  ->  Seq Scan on movie_info mi  (cost=0.00..346232.03 rows=4972096 width=4) (actual time=0.015..5347.282 rows=4923966 loops=1)
        Filter: (info_type_id < 5)
        Rows Removed by Filter: 9911754
  ->  Hash  (cost=154981.62..154981.62 rows=1015706 width=8) (actual time=4015.229..4015.229 rows=750135 loops=1)
        Buckets: 131072  Batches: 16  Memory Usage: 2874kB
        ->  Hash Join  (cost=98137.04..154981.62 rows=1015706 width=8) (actual time=1825.164..3791.866 rows=750135 loops=1)
              Hash Cond: (mi_idx.movie_id = t.id)
              ->  Seq Scan on movie_info_idx mi_idx  (cost=0.00..21735.35 rows=1380035 width=4) (actual time=0.017..480.568 rows=1380035 loops=1)
              ->  Hash  (cost=67604.59..67604.59 rows=1860996 width=4) (actual time=1824.450..1824.450 rows=1865487 loops=1)
                    Buckets: 131072  Batches: 32  Memory Usage: 3079kB
                    ->  Seq Scan on title t  (cost=0.00..67604.59 rows=1860996 width=4) (actual time=0.014..1242.133 rows=1865487 loops=1)
                          Filter: (kind_id > 1)
                          Rows Removed by Filter: 662825
Planning time: 0.833 ms
Execution time: 12651.019 ms
