Hash Join  (cost=454308.60..583335.25 rows=576561 width=0) (actual time=8191.998..11723.960 rows=460516 loops=1)
  Hash Cond: (mk.movie_id = t.id)
  ->  Seq Scan on movie_keyword mk  (cost=0.00..69693.30 rows=4523930 width=4) (actual time=0.020..1557.838 rows=4523930 loops=1)
  ->  Hash  (cost=449021.44..449021.44 rows=322253 width=8) (actual time=8189.478..8189.478 rows=264525 loops=1)
        Buckets: 131072  Batches: 8  Memory Usage: 2317kB
        ->  Hash Join  (cost=74050.79..449021.44 rows=322253 width=8) (actual time=4258.577..8098.346 rows=264525 loops=1)
              Hash Cond: (mi.movie_id = t.id)
              ->  Seq Scan on movie_info mi  (cost=0.00..346232.03 rows=2073893 width=4) (actual time=2873.244..5522.023 rows=2091068 loops=1)
                    Filter: (info_type_id < 3)
                    Rows Removed by Filter: 12744652
              ->  Hash  (cost=67604.59..67604.59 rows=392896 width=4) (actual time=1384.436..1384.436 rows=391666 loops=1)
                    Buckets: 131072  Batches: 8  Memory Usage: 2759kB
                    ->  Seq Scan on title t  (cost=0.00..67604.59 rows=392896 width=4) (actual time=0.028..1249.603 rows=391666 loops=1)
                          Filter: (production_year > 2010)
                          Rows Removed by Filter: 2136646
Planning time: 1.196 ms
Execution time: 11776.152 ms
