Hash Join  (cost=84197.31..202384.29 rows=854105 width=0) (actual time=1554.555..4366.743 rows=587166 loops=1)
  Hash Cond: (mk.movie_id = t.id)
  ->  Seq Scan on movie_keyword mk  (cost=0.00..81003.12 rows=2135415 width=4) (actual time=0.013..1657.799 rows=2139237 loops=1)
        Filter: (keyword_id < 3991)
        Rows Removed by Filter: 2384693
  ->  Hash  (cost=67604.59..67604.59 rows=1011338 width=4) (actual time=1553.716..1553.716 rows=1012920 loops=1)
        Buckets: 131072  Batches: 16  Memory Usage: 3257kB
        ->  Seq Scan on title t  (cost=0.00..67604.59 rows=1011338 width=4) (actual time=0.025..1205.770 rows=1012920 loops=1)
              Filter: (production_year > 2005)
              Rows Removed by Filter: 1515392
Planning time: 0.751 ms
Execution time: 4424.463 ms
