Hash Join  (cost=83810.17..152583.97 rows=176423 width=0) (actual time=1543.139..2688.284 rows=137564 loops=1)
  Hash Cond: (mc.movie_id = t.id)
  ->  Seq Scan on movie_companies mc  (cost=0.00..57926.93 rows=451634 width=4) (actual time=87.859..951.398 rows=137564 loops=1)
        Filter: ((company_id > 19562) AND (company_type_id = 1))
        Rows Removed by Filter: 2471565
  ->  Hash  (cost=67604.59..67604.59 rows=987727 width=4) (actual time=1454.073..1454.073 rows=985048 loops=1)
        Buckets: 131072  Batches: 16  Memory Usage: 3188kB
        ->  Seq Scan on title t  (cost=0.00..67604.59 rows=987727 width=4) (actual time=0.024..1133.113 rows=985048 loops=1)
              Filter: (kind_id < 7)
              Rows Removed by Filter: 1543264
Planning time: 0.724 ms
Execution time: 2705.491 ms
