Hash Join  (cost=73982.55..136916.52 rows=2382 width=0) (actual time=1292.027..2668.634 rows=2973 loops=1)
  Hash Cond: (mc.movie_id = t.id)
  ->  Seq Scan on movie_companies mc  (cost=0.00..57926.93 rows=1328856 width=4) (actual time=124.636..1263.210 rows=1334140 loops=1)
        Filter: ((company_id > 5) AND (company_type_id = 2))
        Rows Removed by Filter: 1274989
  ->  Hash  (cost=73925.90..73925.90 rows=4532 width=4) (actual time=1163.263..1163.263 rows=7858 loops=1)
        Buckets: 8192  Batches: 1  Memory Usage: 341kB
        ->  Seq Scan on title t  (cost=0.00..73925.90 rows=4532 width=4) (actual time=0.070..1159.523 rows=7858 loops=1)
              Filter: ((kind_id = 7) AND (production_year = 1975))
              Rows Removed by Filter: 2520454
Planning time: 3.385 ms
Execution time: 2669.131 ms
