Hash Join  (cost=83810.17..198293.26 rows=748016 width=0) (actual time=1457.069..4423.264 rows=1670851 loops=1)
  Hash Cond: (mk.movie_id = t.id)
  ->  Seq Scan on movie_keyword mk  (cost=0.00..81003.12 rows=1914879 width=4) (actual time=0.024..1544.021 rows=1928794 loops=1)
        Filter: (keyword_id < 3316)
        Rows Removed by Filter: 2595136
  ->  Hash  (cost=67604.59..67604.59 rows=987727 width=4) (actual time=1455.870..1455.870 rows=985048 loops=1)
        Buckets: 131072  Batches: 16  Memory Usage: 3197kB
        ->  Seq Scan on title t  (cost=0.00..67604.59 rows=987727 width=4) (actual time=0.012..1145.307 rows=985048 loops=1)
              Filter: (kind_id < 7)
              Rows Removed by Filter: 1543264
Planning time: 6.532 ms
Execution time: 4610.309 ms
