Seq Scan on movie_keyword mk  (cost=0.00..81003.12 rows=3933107 width=0) (actual time=0.025..1535.659 rows=3932963 loops=1)
  Filter: (keyword_id < 31104)
  Rows Removed by Filter: 590967
Planning time: 0.311 ms
Execution time: 2022.540 ms
