Hash Join  (cost=711045.32..2553817.13 rows=64599065 width=0) (actual time=15386.128..99252.690 rows=200311898 loops=1)
  Hash Cond: (ci.movie_id = t.id)
  ->  Seq Scan on cast_info ci  (cost=0.00..705507.15 rows=26213701 width=4) (actual time=0.022..15721.262 rows=26440722 loops=1)
        Filter: (person_id > 964339)
        Rows Removed by Filter: 9803622
  ->  Hash  (cost=608815.44..608815.44 rows=6231111 width=8) (actual time=15385.160..15385.160 rows=6223494 loops=1)
        Buckets: 131072  Batches: 128  Memory Usage: 2920kB
        ->  Hash Join  (cost=102767.86..608815.44 rows=6231111 width=8) (actual time=2235.482..13721.424 rows=6223494 loops=1)
              Hash Cond: (mi.movie_id = t.id)
              ->  Seq Scan on movie_info mi  (cost=0.00..346232.03 rows=6231111 width=4) (actual time=315.392..6343.798 rows=6223494 loops=1)
                    Filter: (info_type_id > 8)
                    Rows Removed by Filter: 8612226
              ->  Hash  (cost=61283.27..61283.27 rows=2528527 width=4) (actual time=1918.231..1918.231 rows=2528312 loops=1)
                    Buckets: 131072  Batches: 64  Memory Usage: 2425kB
                    ->  Seq Scan on title t  (cost=0.00..61283.27 rows=2528527 width=4) (actual time=0.018..1072.596 rows=2528312 loops=1)
Planning time: 0.993 ms
Execution time: 121316.185 ms
