Hash Join  (cost=214495.70..782715.24 rows=8286061 width=0) (actual time=5435.809..19235.351 rows=5950986 loops=1)
  Hash Cond: (mi.movie_id = t.id)
  ->  Seq Scan on movie_info mi  (cost=0.00..309384.22 rows=14739122 width=4) (actual time=0.033..5752.574 rows=14835720 loops=1)
  ->  Hash  (cost=191174.06..191174.06 rows=1421491 width=8) (actual time=5171.356..5171.356 rows=677270 loops=1)
        Buckets: 131072  Batches: 32  Memory Usage: 1830kB
        ->  Hash Join  (cost=96527.63..191174.06 rows=1421491 width=8) (actual time=2157.482..4964.945 rows=677270 loops=1)
              Hash Cond: (mc.movie_id = t.id)
              ->  Seq Scan on movie_companies mc  (cost=0.00..44881.29 rows=2609129 width=4) (actual time=0.020..906.610 rows=2609129 loops=1)
              ->  Hash  (cost=73925.90..73925.90 rows=1377578 width=4) (actual time=1816.692..1816.692 rows=1455833 loops=1)
                    Buckets: 131072  Batches: 32  Memory Usage: 2626kB
                    ->  Seq Scan on title t  (cost=0.00..73925.90 rows=1377578 width=4) (actual time=0.016..1358.426 rows=1455833 loops=1)
                          Filter: ((production_year > 1955) AND (kind_id = 7))
                          Rows Removed by Filter: 1072479
Planning time: 1.305 ms
Execution time: 19879.550 ms
