Hash Join  (cost=127475.92..254911.00 rows=445904 width=0) (actual time=2458.380..6603.245 rows=3812087 loops=1)
  Hash Cond: (mk.movie_id = t.id)
  ->  Seq Scan on movie_keyword mk  (cost=0.00..69693.30 rows=4523930 width=4) (actual time=0.024..1412.796 rows=4523930 loops=1)
  ->  Hash  (cost=123386.60..123386.60 rows=249226 width=8) (actual time=2457.561..2457.561 rows=339642 loops=1)
        Buckets: 131072 (originally 131072)  Batches: 8 (originally 4)  Memory Usage: 3073kB
        ->  Hash Join  (cost=81417.85..123386.60 rows=249226 width=8) (actual time=1343.624..2342.808 rows=339642 loops=1)
              Hash Cond: (mi_idx.movie_id = t.id)
              ->  Seq Scan on movie_info_idx mi_idx  (cost=0.00..21735.35 rows=1380035 width=4) (actual time=0.014..424.777 rows=1380035 loops=1)
              ->  Hash  (cost=73925.90..73925.90 rows=456636 width=4) (actual time=1148.541..1148.541 rows=330279 loops=1)
                    Buckets: 131072  Batches: 8  Memory Usage: 2482kB
                    ->  Seq Scan on title t  (cost=0.00..73925.90 rows=456636 width=4) (actual time=422.451..1051.730 rows=330279 loops=1)
                          Filter: ((kind_id < 2) AND (production_year > 1991))
                          Rows Removed by Filter: 2198033
Planning time: 1.164 ms
Execution time: 7041.316 ms
