Nested Loop  (cost=0.43..52283.69 rows=104 width=0) (actual time=263.421..866.033 rows=70 loops=1)
  ->  Seq Scan on movie_companies mc  (cost=0.00..51404.11 rows=104 width=4) (actual time=263.323..862.993 rows=70 loops=1)
        Filter: (company_id = 88257)
        Rows Removed by Filter: 2609059
  ->  Index Only Scan using title_pkey on title t  (cost=0.43..8.45 rows=1 width=4) (actual time=0.042..0.043 rows=1 loops=70)
        Index Cond: (id = mc.movie_id)
        Heap Fetches: 70
Planning time: 1.016 ms
Execution time: 866.111 ms
