Hash Join  (cost=83074.55..137741.94 rows=187 width=0) (actual time=708.448..1649.169 rows=42 loops=1)
  Hash Cond: (mc.movie_id = t.id)
  ->  Seq Scan on movie_companies mc  (cost=0.00..44881.29 rows=2609129 width=4) (actual time=0.011..546.674 rows=2609129 loops=1)
  ->  Hash  (cost=83072.29..83072.29 rows=181 width=8) (actual time=679.049..679.049 rows=15 loops=1)
        Buckets: 1024  Batches: 1  Memory Usage: 9kB
        ->  Nested Loop  (cost=0.43..83072.29 rows=181 width=8) (actual time=78.502..679.012 rows=15 loops=1)
              ->  Seq Scan on movie_keyword mk  (cost=0.00..81003.12 rows=246 width=4) (actual time=4.044..676.283 rows=108 loops=1)
                    Filter: (keyword_id = 3162)
                    Rows Removed by Filter: 4523822
              ->  Index Scan using title_pkey on title t  (cost=0.43..8.40 rows=1 width=4) (actual time=0.024..0.024 rows=0 loops=108)
                    Index Cond: (id = mk.movie_id)
                    Filter: (kind_id > 1)
                    Rows Removed by Filter: 1
Planning time: 0.827 ms
Execution time: 1649.291 ms
