Hash Join  (cost=122535.74..844764.88 rows=13425 width=0) (actual time=2265.270..14303.550 rows=92064 loops=1)
  Hash Cond: (ci.movie_id = t.id)
  ->  Seq Scan on cast_info ci  (cost=0.00..705507.15 rows=4423398 width=4) (actual time=0.022..10821.810 rows=4465884 loops=1)
        Filter: (person_id > 3246354)
        Rows Removed by Filter: 31778460
  ->  Hash  (cost=122439.81..122439.81 rows=7674 width=8) (actual time=2265.144..2265.144 rows=22297 loops=1)
        Buckets: 32768 (originally 8192)  Batches: 1 (originally 1)  Memory Usage: 1127kB
        ->  Hash Join  (cost=67697.55..122439.81 rows=7674 width=8) (actual time=972.447..2255.733 rows=22297 loops=1)
              Hash Cond: (mc.movie_id = t.id)
              ->  Seq Scan on movie_companies mc  (cost=0.00..44881.29 rows=2609129 width=4) (actual time=0.014..662.282 rows=2609129 loops=1)
              ->  Hash  (cost=67604.59..67604.59 rows=7437 width=4) (actual time=972.361..972.361 rows=18391 loops=1)
                    Buckets: 32768 (originally 8192)  Batches: 1 (originally 1)  Memory Usage: 903kB
                    ->  Seq Scan on title t  (cost=0.00..67604.59 rows=7437 width=4) (actual time=0.243..963.293 rows=18391 loops=1)
                          Filter: (production_year = 1985)
                          Rows Removed by Filter: 2509921
Planning time: 4.112 ms
Execution time: 14317.157 ms
