Hash Join  (cost=52284.44..426655.45 rows=53 width=0) (actual time=877.522..7876.130 rows=1406 loops=1)
  Hash Cond: (mi.movie_id = t.id)
  ->  Seq Scan on movie_info mi  (cost=0.00..346232.03 rows=7503588 width=4) (actual time=0.012..5896.081 rows=7548855 loops=1)
        Filter: (info_type_id > 7)
        Rows Removed by Filter: 7286865
  ->  Hash  (cost=52284.21..52284.21 rows=18 width=8) (actual time=873.466..873.466 rows=460 loops=1)
        Buckets: 1024  Batches: 1  Memory Usage: 26kB
        ->  Nested Loop  (cost=0.43..52284.21 rows=18 width=8) (actual time=118.413..873.133 rows=460 loops=1)
              ->  Seq Scan on movie_companies mc  (cost=0.00..51404.11 rows=104 width=4) (actual time=118.325..859.500 rows=460 loops=1)
                    Filter: (company_id = 18630)
                    Rows Removed by Filter: 2608669
              ->  Index Scan using title_pkey on title t  (cost=0.43..8.45 rows=1 width=4) (actual time=0.028..0.028 rows=1 loops=460)
                    Index Cond: (id = mc.movie_id)
                    Filter: ((production_year < 2008) AND (kind_id = 1))
Planning time: 0.846 ms
Execution time: 7876.723 ms
