Hash Join  (cost=146868.26..272174.94 rows=762566 width=0) (actual time=3378.411..7685.806 rows=4428591 loops=1)
  Hash Cond: (mk.movie_id = t.id)
  ->  Seq Scan on movie_keyword mk  (cost=0.00..81003.12 rows=2951170 width=4) (actual time=0.023..1637.026 rows=2941811 loops=1)
        Filter: (keyword_id > 2402)
        Rows Removed by Filter: 1582119
  ->  Hash  (cost=136148.30..136148.30 rows=653357 width=8) (actual time=3376.668..3376.668 rows=794821 loops=1)
        Buckets: 131072  Batches: 16  Memory Usage: 2987kB
        ->  Hash Join  (cost=87245.25..136148.30 rows=653357 width=8) (actual time=1613.461..3137.186 rows=794821 loops=1)
              Hash Cond: (mi_idx.movie_id = t.id)
              ->  Seq Scan on movie_info_idx mi_idx  (cost=0.00..21735.35 rows=1380035 width=4) (actual time=0.030..429.523 rows=1380035 loops=1)
              ->  Hash  (cost=67604.59..67604.59 rows=1197093 width=4) (actual time=1612.698..1612.698 rows=1195923 loops=1)
                    Buckets: 131072  Batches: 16  Memory Usage: 3653kB
                    ->  Seq Scan on title t  (cost=0.00..67604.59 rows=1197093 width=4) (actual time=0.029..1236.149 rows=1195923 loops=1)
                          Filter: (production_year < 2003)
                          Rows Removed by Filter: 1332389
Planning time: 1.108 ms
Execution time: 8211.938 ms
