Hash Join  (cost=89241.26..135675.48 rows=509474 width=0) (actual time=1515.540..3071.024 rows=939914 loops=1)
  Hash Cond: (mi_idx.movie_id = t.id)
  ->  Seq Scan on movie_info_idx mi_idx  (cost=0.00..21735.35 rows=1380035 width=4) (actual time=0.016..460.583 rows=1380035 loops=1)
  ->  Hash  (cost=73925.90..73925.90 rows=933468 width=4) (actual time=1514.477..1514.477 rows=904427 loops=1)
        Buckets: 131072  Batches: 16  Memory Usage: 3012kB
        ->  Seq Scan on title t  (cost=0.00..73925.90 rows=933468 width=4) (actual time=0.015..1229.440 rows=904427 loops=1)
              Filter: ((kind_id < 7) AND (production_year > 1916))
              Rows Removed by Filter: 1623885
Planning time: 0.759 ms
Execution time: 3188.528 ms
