Seq Scan on movie_keyword mk  (cost=0.00..81003.12 rows=1203452 width=0) (actual time=0.016..1397.750 rows=1211701 loops=1)
  Filter: (keyword_id > 15084)
  Rows Removed by Filter: 3312229
Planning time: 0.303 ms
Execution time: 1554.401 ms
