Nested Loop  (cost=81006.63..432866.77 rows=2 width=0) (actual time=5574.680..6461.083 rows=50 loops=1)
  ->  Hash Join  (cost=81006.20..432798.82 rows=12 width=8) (actual time=5574.547..6460.133 rows=50 loops=1)
        Hash Cond: (mi.movie_id = mk.movie_id)
        ->  Seq Scan on movie_info mi  (cost=0.00..346232.03 rows=17937 width=4) (actual time=4295.194..5183.784 rows=6621 loops=1)
              Filter: (info_type_id = 85)
              Rows Removed by Filter: 14829099
        ->  Hash  (cost=81003.12..81003.12 rows=246 width=4) (actual time=1275.036..1275.036 rows=197 loops=1)
              Buckets: 1024  Batches: 1  Memory Usage: 15kB
              ->  Seq Scan on movie_keyword mk  (cost=0.00..81003.12 rows=246 width=4) (actual time=2.221..1274.775 rows=197 loops=1)
                    Filter: (keyword_id = 3051)
                    Rows Removed by Filter: 4523733
  ->  Index Only Scan using title_pkey on title t  (cost=0.43..5.65 rows=1 width=4) (actual time=0.017..0.017 rows=1 loops=50)
        Index Cond: (id = mi.movie_id)
        Heap Fetches: 50
Planning time: 1.195 ms
Execution time: 6461.192 ms
