Seq Scan on movie_keyword mk  (cost=0.00..81003.12 rows=1224664 width=0) (actual time=0.011..1400.823 rows=1234387 loops=1)
  Filter: (keyword_id > 14673)
  Rows Removed by Filter: 3289543
Planning time: 0.311 ms
Execution time: 1560.589 ms
