Hash Join  (cost=196891.72..737766.02 rows=1089433 width=0) (actual time=3799.815..20081.674 rows=8288762 loops=1)
  Hash Cond: (mi.movie_id = t.id)
  ->  Seq Scan on movie_info mi  (cost=0.00..346232.03 rows=14282391 width=4) (actual time=0.026..7225.790 rows=14308956 loops=1)
        Filter: (info_type_id < 103)
        Rows Removed by Filter: 526764
  ->  Hash  (cost=193726.84..193726.84 rows=192871 width=8) (actual time=3796.341..3796.341 rows=183641 loops=1)
        Buckets: 131072  Batches: 4  Memory Usage: 2838kB
        ->  Hash Join  (cost=69374.09..193726.84 rows=192871 width=8) (actual time=857.019..3733.122 rows=183641 loops=1)
              Hash Cond: (mk.movie_id = t.id)
              ->  Seq Scan on movie_keyword mk  (cost=0.00..69693.30 rows=4523930 width=4) (actual time=0.016..1442.412 rows=4523930 loops=1)
              ->  Hash  (cost=67604.59..67604.59 rows=107800 width=4) (actual time=732.552..732.552 rows=108429 loops=1)
                    Buckets: 131072  Batches: 2  Memory Usage: 2938kB
                    ->  Seq Scan on title t  (cost=0.00..67604.59 rows=107800 width=4) (actual time=0.035..645.181 rows=108429 loops=1)
                          Filter: (production_year = 2006)
                          Rows Removed by Filter: 2419883
Planning time: 1.185 ms
Execution time: 21020.103 ms
