Hash Join  (cost=173584.60..213483.60 rows=128552 width=0) (actual time=3386.071..4397.638 rows=334231 loops=1)
  Hash Cond: (mi_idx.movie_id = t.id)
  ->  Seq Scan on movie_info_idx mi_idx  (cost=0.00..21735.35 rows=1380035 width=4) (actual time=0.022..409.421 rows=1380035 loops=1)
  ->  Hash  (cost=169719.41..169719.41 rows=235535 width=8) (actual time=3385.175..3385.175 rows=232665 loops=1)
        Buckets: 131072  Batches: 4  Memory Usage: 3304kB
        ->  Hash Join  (cost=102767.86..169719.41 rows=235535 width=8) (actual time=1909.191..3314.678 rows=232665 loops=1)
              Hash Cond: (mc.movie_id = t.id)
              ->  Seq Scan on movie_companies mc  (cost=0.00..51404.11 rows=235535 width=4) (actual time=0.087..819.611 rows=232665 loops=1)
                    Filter: (company_id < 93)
                    Rows Removed by Filter: 2376464
              ->  Hash  (cost=61283.27..61283.27 rows=2528527 width=4) (actual time=1908.421..1908.421 rows=2528312 loops=1)
                    Buckets: 131072  Batches: 64  Memory Usage: 2415kB
                    ->  Seq Scan on title t  (cost=0.00..61283.27 rows=2528527 width=4) (actual time=0.025..1053.647 rows=2528312 loops=1)
Planning time: 1.148 ms
Execution time: 4431.835 ms
