Hash Join  (cost=102767.86..231249.57 rows=1562621 width=0) (actual time=2270.948..5480.869 rows=1577834 loops=1)
  Hash Cond: (mk.movie_id = t.id)
  ->  Seq Scan on movie_keyword mk  (cost=0.00..81003.12 rows=1562621 width=4) (actual time=0.029..1603.356 rows=1577834 loops=1)
        Filter: (keyword_id > 9886)
        Rows Removed by Filter: 2946096
  ->  Hash  (cost=61283.27..61283.27 rows=2528527 width=4) (actual time=2269.036..2269.036 rows=2528312 loops=1)
        Buckets: 131072  Batches: 64  Memory Usage: 2425kB
        ->  Seq Scan on title t  (cost=0.00..61283.27 rows=2528527 width=4) (actual time=0.010..1111.902 rows=2528312 loops=1)
Planning time: 3.974 ms
Execution time: 5666.165 ms
