Seq Scan on movie_keyword mk  (cost=0.00..81003.12 rows=3290403 width=0) (actual time=0.020..1522.201 rows=3274586 loops=1)
  Filter: (keyword_id > 1586)
  Rows Removed by Filter: 1249344
Planning time: 0.382 ms
Execution time: 1924.803 ms
