Hash Join  (cost=102767.86..1295506.74 rows=16074320 width=0) (actual time=8526.045..32397.011 rows=15810880 loops=1)
  Hash Cond: (ci.movie_id = t.id)
  ->  Seq Scan on cast_info ci  (cost=0.00..796071.18 rows=16074320 width=4) (actual time=6549.706..17973.890 rows=15810880 loops=1)
        Filter: ((person_id < 4005122) AND (role_id > 2))
        Rows Removed by Filter: 20433464
  ->  Hash  (cost=61283.27..61283.27 rows=2528527 width=4) (actual time=1975.246..1975.246 rows=2528312 loops=1)
        Buckets: 131072  Batches: 64  Memory Usage: 2415kB
        ->  Seq Scan on title t  (cost=0.00..61283.27 rows=2528527 width=4) (actual time=0.018..1127.740 rows=2528312 loops=1)
Planning time: 0.737 ms
Execution time: 34059.289 ms
