Hash Join  (cost=166597.08..677051.59 rows=2872358 width=0) (actual time=3682.817..22442.973 rows=23693939 loops=1)
  Hash Cond: (mi.movie_id = t.id)
  ->  Seq Scan on movie_info mi  (cost=0.00..309384.22 rows=14739122 width=4) (actual time=0.006..5877.422 rows=14835720 loops=1)
  ->  Hash  (cost=158512.59..158512.59 rows=492759 width=8) (actual time=3681.747..3681.747 rows=676797 loops=1)
        Buckets: 131072 (originally 131072)  Batches: 16 (originally 8)  Memory Usage: 3073kB
        ->  Hash Join  (cost=83580.70..158512.59 rows=492759 width=8) (actual time=1457.213..3454.311 rows=676797 loops=1)
              Hash Cond: (mc.movie_id = t.id)
              ->  Seq Scan on movie_companies mc  (cost=0.00..51404.11 rows=1279517 width=4) (actual time=0.021..959.520 rows=1274246 loops=1)
                    Filter: (company_type_id < 2)
                    Rows Removed by Filter: 1334883
              ->  Hash  (cost=67604.59..67604.59 rows=973769 width=4) (actual time=1456.086..1456.086 rows=971188 loops=1)
                    Buckets: 131072  Batches: 16  Memory Usage: 3161kB
                    ->  Seq Scan on title t  (cost=0.00..67604.59 rows=973769 width=4) (actual time=0.020..1150.690 rows=971188 loops=1)
                          Filter: (production_year < 1999)
                          Rows Removed by Filter: 1557124
Planning time: 1.093 ms
Execution time: 25086.314 ms
