Hash Join  (cost=365418.15..1581684.00 rows=25605374 width=0) (actual time=9847.462..50567.600 rows=85017137 loops=1)
  Hash Cond: (ci.movie_id = t.id)
  ->  Seq Scan on cast_info ci  (cost=0.00..705507.15 rows=14311424 width=4) (actual time=0.016..12200.051 rows=14463756 loops=1)
        Filter: (person_id > 2214275)
        Rows Removed by Filter: 21780588
  ->  Hash  (cost=291197.02..291197.02 rows=4523930 width=8) (actual time=9845.678..9845.678 rows=4523930 loops=1)
        Buckets: 131072  Batches: 64  Memory Usage: 3816kB
        ->  Hash Join  (cost=102767.86..291197.02 rows=4523930 width=8) (actual time=1686.821..8416.557 rows=4523930 loops=1)
              Hash Cond: (mk.movie_id = t.id)
              ->  Seq Scan on movie_keyword mk  (cost=0.00..69693.30 rows=4523930 width=4) (actual time=0.025..1364.705 rows=4523930 loops=1)
              ->  Hash  (cost=61283.27..61283.27 rows=2528527 width=4) (actual time=1685.776..1685.776 rows=2528312 loops=1)
                    Buckets: 131072  Batches: 64  Memory Usage: 2425kB
                    ->  Seq Scan on title t  (cost=0.00..61283.27 rows=2528527 width=4) (actual time=0.022..819.083 rows=2528312 loops=1)
Planning time: 1.155 ms
Execution time: 59835.117 ms
