Hash Join  (cost=78230.90..880987.13 rows=46603 width=0) (actual time=4204.772..12929.085 rows=44470 loops=1)
  Hash Cond: (ci.movie_id = t.id)
  ->  Seq Scan on cast_info ci  (cost=0.00..796071.18 rows=449071 width=4) (actual time=2899.936..11243.345 rows=857029 loops=1)
        Filter: ((person_id < 120016) AND (role_id = 1))
        Rows Removed by Filter: 35387315
  ->  Hash  (cost=73925.90..73925.90 rows=262400 width=4) (actual time=1303.578..1303.578 rows=129927 loops=1)
        Buckets: 131072  Batches: 4  Memory Usage: 2165kB
        ->  Seq Scan on title t  (cost=0.00..73925.90 rows=262400 width=4) (actual time=0.043..1255.147 rows=129927 loops=1)
              Filter: ((kind_id > 1) AND (production_year < 1969))
              Rows Removed by Filter: 2398385
Planning time: 2.545 ms
Execution time: 12934.481 ms
