Nested Loop  (cost=0.43..52284.21 rows=19 width=0) (actual time=21.027..681.596 rows=237 loops=1)
  ->  Seq Scan on movie_companies mc  (cost=0.00..51404.11 rows=104 width=4) (actual time=20.963..673.888 rows=353 loops=1)
        Filter: (company_id = 154)
        Rows Removed by Filter: 2608776
  ->  Index Scan using title_pkey on title t  (cost=0.43..8.45 rows=1 width=4) (actual time=0.020..0.021 rows=1 loops=353)
        Index Cond: (id = mc.movie_id)
        Filter: ((kind_id < 7) AND (production_year < 2003))
        Rows Removed by Filter: 0
Planning time: 0.776 ms
Execution time: 681.771 ms
