Hash Join  (cost=69687.24..1010182.00 rows=598877 width=0) (actual time=1122.636..19381.322 rows=619968 loops=1)
  Hash Cond: (ci.movie_id = t.id)
  ->  Seq Scan on cast_info ci  (cost=0.00..796071.18 rows=11929816 width=4) (actual time=0.032..13967.498 rows=10162299 loops=1)
        Filter: ((person_id > 2282148) AND (role_id < 10))
        Rows Removed by Filter: 26082045
  ->  Hash  (cost=67604.59..67604.59 rows=126932 width=4) (actual time=1121.883..1121.883 rows=122861 loops=1)
        Buckets: 131072  Batches: 2  Memory Usage: 3191kB
        ->  Seq Scan on title t  (cost=0.00..67604.59 rows=126932 width=4) (actual time=0.028..1075.225 rows=122861 loops=1)
              Filter: (production_year = 2008)
              Rows Removed by Filter: 2405451
Planning time: 0.748 ms
Execution time: 19456.654 ms
