Hash Join  (cost=114191.20..871148.75 rows=616837 width=0) (actual time=2046.490..19434.355 rows=1091987 loops=1)
  Hash Cond: (ci.movie_id = t.id)
  ->  Seq Scan on cast_info ci  (cost=0.00..614943.12 rows=36225612 width=4) (actual time=0.014..7785.413 rows=36244344 loops=1)
  ->  Hash  (cost=113653.01..113653.01 rows=43055 width=8) (actual time=2046.083..2046.083 rows=36582 loops=1)
        Buckets: 65536  Batches: 1  Memory Usage: 1941kB
        ->  Hash Join  (cost=75220.98..113653.01 rows=43055 width=8) (actual time=1169.789..2033.549 rows=36582 loops=1)
              Hash Cond: (mi_idx.movie_id = t.id)
              ->  Seq Scan on movie_info_idx mi_idx  (cost=0.00..21735.35 rows=1380035 width=4) (actual time=0.026..415.280 rows=1380035 loops=1)
              ->  Hash  (cost=73925.90..73925.90 rows=78886 width=4) (actual time=1168.979..1168.979 rows=74127 loops=1)
                    Buckets: 131072  Batches: 2  Memory Usage: 2328kB
                    ->  Seq Scan on title t  (cost=0.00..73925.90 rows=78886 width=4) (actual time=0.051..1140.687 rows=74127 loops=1)
                          Filter: ((kind_id < 4) AND (production_year > 2011))
                          Rows Removed by Filter: 2454185
Planning time: 1.315 ms
Execution time: 19587.817 ms
