Hash Join  (cost=130055.91..481272.64 rows=21292 width=0) (actual time=4485.509..6755.896 rows=4521 loops=1)
  Hash Cond: (mi.movie_id = t.id)
  ->  Seq Scan on movie_info mi  (cost=0.00..346232.03 rows=1272478 width=4) (actual time=2045.252..4071.143 rows=1325361 loops=1)
        Filter: (info_type_id = 8)
        Rows Removed by Filter: 13510359
  ->  Hash  (cost=129527.04..129527.04 rows=42309 width=8) (actual time=2438.301..2438.301 rows=13597 loops=1)
        Buckets: 65536  Batches: 1  Memory Usage: 1044kB
        ->  Hash Join  (cost=74438.43..129527.04 rows=42309 width=8) (actual time=1075.144..2431.992 rows=13597 loops=1)
              Hash Cond: (mc.movie_id = t.id)
              ->  Seq Scan on movie_companies mc  (cost=0.00..44881.29 rows=2609129 width=4) (actual time=0.013..671.722 rows=2609129 loops=1)
              ->  Hash  (cost=73925.90..73925.90 rows=41002 width=4) (actual time=1071.874..1071.874 rows=40409 loops=1)
                    Buckets: 65536  Batches: 1  Memory Usage: 1933kB
                    ->  Seq Scan on title t  (cost=0.00..73925.90 rows=41002 width=4) (actual time=0.022..1056.960 rows=40409 loops=1)
                          Filter: ((kind_id > 4) AND (production_year > 2012))
                          Rows Removed by Filter: 2487903
Planning time: 1.178 ms
Execution time: 6756.835 ms
