Hash Join  (cost=260383.38..1689801.44 rows=34103388 width=0) (actual time=6296.936..59354.902 rows=74056051 loops=1)
  Hash Cond: (ci.movie_id = t.id)
  ->  Seq Scan on cast_info ci  (cost=0.00..614943.12 rows=36225612 width=4) (actual time=0.017..13707.258 rows=36244344 loops=1)
  ->  Hash  (cost=221329.42..221329.42 rows=2380397 width=8) (actual time=6295.746..6295.746 rows=2381694 loops=1)
        Buckets: 131072  Batches: 32  Memory Usage: 3898kB
        ->  Hash Join  (cost=102767.86..221329.42 rows=2380397 width=8) (actual time=1842.772..5579.038 rows=2381694 loops=1)
              Hash Cond: (mc.movie_id = t.id)
              ->  Seq Scan on movie_companies mc  (cost=0.00..51404.11 rows=2380397 width=4) (actual time=0.026..1029.972 rows=2381694 loops=1)
                    Filter: (company_id > 82)
                    Rows Removed by Filter: 227435
              ->  Hash  (cost=61283.27..61283.27 rows=2528527 width=4) (actual time=1841.422..1841.422 rows=2528312 loops=1)
                    Buckets: 131072  Batches: 64  Memory Usage: 2415kB
                    ->  Seq Scan on title t  (cost=0.00..61283.27 rows=2528527 width=4) (actual time=0.015..991.641 rows=2528312 loops=1)
Planning time: 1.210 ms
Execution time: 67668.861 ms
