Hash Join  (cost=102767.86..238074.51 rows=1846248 width=0) (actual time=2136.067..5306.943 rows=1849128 loops=1)
  Hash Cond: (mk.movie_id = t.id)
  ->  Seq Scan on movie_keyword mk  (cost=0.00..81003.12 rows=1846248 width=4) (actual time=0.014..1448.890 rows=1849128 loops=1)
        Filter: (keyword_id > 7481)
        Rows Removed by Filter: 2674802
  ->  Hash  (cost=61283.27..61283.27 rows=2528527 width=4) (actual time=2134.730..2134.730 rows=2528312 loops=1)
        Buckets: 131072  Batches: 64  Memory Usage: 2425kB
        ->  Seq Scan on title t  (cost=0.00..61283.27 rows=2528527 width=4) (actual time=0.030..955.693 rows=2528312 loops=1)
Planning time: 0.749 ms
Execution time: 5506.815 ms
