Hash Join  (cost=28268.83..392930.29 rows=553 width=0) (actual time=391.796..7019.631 rows=82533 loops=1)
  Hash Cond: (mi.movie_id = t.id)
  ->  Seq Scan on movie_info mi  (cost=0.00..309384.22 rows=14739122 width=4) (actual time=0.012..3845.626 rows=14835720 loops=1)
  ->  Hash  (cost=28267.64..28267.64 rows=95 width=8) (actual time=386.998..386.998 rows=226 loops=1)
        Buckets: 1024  Batches: 1  Memory Usage: 17kB
        ->  Nested Loop  (cost=0.43..28267.64 rows=95 width=8) (actual time=141.056..386.890 rows=226 loops=1)
              ->  Seq Scan on movie_info_idx mi_idx  (cost=0.00..25185.44 rows=368 width=4) (actual time=141.001..382.501 rows=260 loops=1)
                    Filter: (info_type_id > 101)
                    Rows Removed by Filter: 1379775
              ->  Index Scan using title_pkey on title t  (cost=0.43..8.37 rows=1 width=4) (actual time=0.016..0.016 rows=1 loops=260)
                    Index Cond: (id = mi_idx.movie_id)
                    Filter: ((kind_id < 7) AND (production_year < 2008))
                    Rows Removed by Filter: 0
Planning time: 0.728 ms
Execution time: 7031.301 ms
