Hash Join  (cost=83074.31..110002.08 rows=21 width=0) (actual time=1215.306..1646.822 rows=30 loops=1)
  Hash Cond: (mi_idx.movie_id = t.id)
  ->  Seq Scan on movie_info_idx mi_idx  (cost=0.00..25185.44 rows=464566 width=4) (actual time=0.024..400.236 rows=459925 loops=1)
        Filter: (info_type_id = 101)
        Rows Removed by Filter: 920110
  ->  Hash  (cost=83072.90..83072.90 rows=113 width=8) (actual time=1187.432..1187.432 rows=31 loops=1)
        Buckets: 1024  Batches: 1  Memory Usage: 10kB
        ->  Nested Loop  (cost=0.43..83072.90 rows=113 width=8) (actual time=856.489..1187.397 rows=31 loops=1)
              ->  Seq Scan on movie_keyword mk  (cost=0.00..81003.12 rows=246 width=4) (actual time=4.468..1164.496 rows=586 loops=1)
                    Filter: (keyword_id = 4678)
                    Rows Removed by Filter: 4523344
              ->  Index Scan using title_pkey on title t  (cost=0.43..8.40 rows=1 width=4) (actual time=0.038..0.038 rows=0 loops=586)
                    Index Cond: (id = mk.movie_id)
                    Filter: ((production_year > 1982) AND (kind_id = 7))
                    Rows Removed by Filter: 1
Planning time: 2.842 ms
Execution time: 1647.019 ms
