Hash Join  (cost=148469.06..235427.41 rows=30031 width=0) (actual time=869.713..2655.200 rows=10586 loops=1)
  Hash Cond: (mk.movie_id = t.id)
  ->  Seq Scan on movie_keyword mk  (cost=0.00..69693.30 rows=4523930 width=4) (actual time=0.023..932.436 rows=4523930 loops=1)
  ->  Hash  (cost=148259.25..148259.25 rows=16785 width=8) (actual time=830.753..830.753 rows=16220 loops=1)
        Buckets: 32768  Batches: 1  Memory Usage: 890kB
        ->  Nested Loop  (cost=0.43..148259.25 rows=16785 width=8) (actual time=0.164..823.438 rows=16220 loops=1)
              ->  Seq Scan on movie_companies mc  (cost=0.00..51404.11 rows=16785 width=4) (actual time=0.097..684.337 rows=16220 loops=1)
                    Filter: (company_id = 166)
                    Rows Removed by Filter: 2592909
              ->  Index Only Scan using title_pkey on title t  (cost=0.43..5.76 rows=1 width=4) (actual time=0.008..0.008 rows=1 loops=16220)
                    Index Cond: (id = mc.movie_id)
                    Heap Fetches: 16220
Planning time: 1.160 ms
Execution time: 2656.781 ms
