Seq Scan on movie_keyword mk  (cost=0.00..81003.12 rows=246 width=0) (actual time=214.367..1150.285 rows=5 loops=1)
  Filter: (keyword_id = 87490)
  Rows Removed by Filter: 4523925
Planning time: 0.363 ms
Execution time: 1150.388 ms
