Hash Join  (cost=74787.47..163442.39 rows=51852 width=0) (actual time=1121.775..2690.878 rows=14209 loops=1)
  Hash Cond: (mk.movie_id = t.id)
  ->  Seq Scan on movie_keyword mk  (cost=0.00..81003.12 rows=1902206 width=4) (actual time=0.018..1291.830 rows=1909519 loops=1)
        Filter: (keyword_id < 3287)
        Rows Removed by Filter: 2614411
  ->  Hash  (cost=73925.90..73925.90 rows=68925 width=4) (actual time=1050.933..1050.933 rows=84076 loops=1)
        Buckets: 131072  Batches: 1  Memory Usage: 3980kB
        ->  Seq Scan on title t  (cost=0.00..73925.90 rows=68925 width=4) (actual time=0.012..1017.853 rows=84076 loops=1)
              Filter: ((kind_id = 7) AND (production_year = 2007))
              Rows Removed by Filter: 2444236
Planning time: 0.988 ms
Execution time: 2693.063 ms
