Hash Join  (cost=102767.86..1641095.48 rows=34200152 width=0) (actual time=1782.846..44746.950 rows=34266281 loops=1)
  Hash Cond: (ci.movie_id = t.id)
  ->  Seq Scan on cast_info ci  (cost=0.00..705507.15 rows=34200152 width=4) (actual time=0.020..15885.501 rows=34266281 loops=1)
        Filter: (person_id > 193077)
        Rows Removed by Filter: 1978063
  ->  Hash  (cost=61283.27..61283.27 rows=2528527 width=4) (actual time=1780.801..1780.801 rows=2528312 loops=1)
        Buckets: 131072  Batches: 64  Memory Usage: 2415kB
        ->  Seq Scan on title t  (cost=0.00..61283.27 rows=2528527 width=4) (actual time=0.018..943.633 rows=2528312 loops=1)
Planning time: 0.759 ms
Execution time: 48488.948 ms
