Seq Scan on movie_keyword mk  (cost=0.00..81003.12 rows=3778705 width=0) (actual time=0.028..1237.247 rows=3773362 loops=1)
  Filter: (keyword_id < 24905)
  Rows Removed by Filter: 750568
Planning time: 0.326 ms
Execution time: 1654.122 ms
