Seq Scan on cast_info ci  (cost=0.00..796071.18 rows=8334141 width=0) (actual time=7860.137..13654.460 rows=3686512 loops=1)
  Filter: ((person_id > 1225569) AND (role_id = 1))
  Rows Removed by Filter: 32557832
Planning time: 0.399 ms
Execution time: 14124.185 ms
