Hash Join  (cost=100948.70..915892.66 rows=4910 width=0) (actual time=3710.014..12719.533 rows=7023 loops=1)
  Hash Cond: (ci.movie_id = t.id)
  ->  Seq Scan on cast_info ci  (cost=0.00..796071.18 rows=5019646 width=4) (actual time=2159.687..10713.554 rows=3116881 loops=1)
        Filter: ((person_id < 1093870) AND (role_id > 2))
        Rows Removed by Filter: 33127463
  ->  Hash  (cost=100917.78..100917.78 rows=2474 width=8) (actual time=1549.599..1549.599 rows=2865 loops=1)
        Buckets: 4096  Batches: 1  Memory Usage: 144kB
        ->  Hash Join  (cost=73982.55..100917.78 rows=2474 width=8) (actual time=1235.070..1548.556 rows=2865 loops=1)
              Hash Cond: (mi_idx.movie_id = t.id)
              ->  Seq Scan on movie_info_idx mi_idx  (cost=0.00..21735.35 rows=1380035 width=4) (actual time=0.025..213.187 rows=1380035 loops=1)
              ->  Hash  (cost=73925.90..73925.90 rows=4532 width=4) (actual time=1090.429..1090.429 rows=6734 loops=1)
                    Buckets: 8192  Batches: 1  Memory Usage: 301kB
                    ->  Seq Scan on title t  (cost=0.00..73925.90 rows=4532 width=4) (actual time=0.295..1087.129 rows=6734 loops=1)
                          Filter: ((kind_id = 7) AND (production_year = 1961))
                          Rows Removed by Filter: 2521578
Planning time: 1.167 ms
Execution time: 12720.639 ms
