Nested Loop  (cost=0.43..83072.29 rows=194 width=0) (actual time=3.708..1225.716 rows=463 loops=1)
  ->  Seq Scan on movie_keyword mk  (cost=0.00..81003.12 rows=246 width=4) (actual time=1.405..1184.703 rows=684 loops=1)
        Filter: (keyword_id = 612)
        Rows Removed by Filter: 4523246
  ->  Index Scan using title_pkey on title t  (cost=0.43..8.40 rows=1 width=4) (actual time=0.058..0.059 rows=1 loops=684)
        Index Cond: (id = mk.movie_id)
        Filter: (production_year > 1976)
        Rows Removed by Filter: 0
Planning time: 0.747 ms
Execution time: 1226.076 ms
