Seq Scan on movie_keyword mk  (cost=0.00..81003.12 rows=246 width=0) (actual time=6.161..1099.993 rows=10 loops=1)
  Filter: (keyword_id = 77959)
  Rows Removed by Filter: 4523920
Planning time: 0.420 ms
Execution time: 1100.122 ms
