Hash Join  (cost=95330.88..179174.64 rows=2700 width=0) (actual time=1511.269..2821.944 rows=11838 loops=1)
  Hash Cond: (mk.movie_id = t.id)
  ->  Seq Scan on movie_keyword mk  (cost=0.00..81003.12 rows=750302 width=4) (actual time=0.015..1177.516 rows=756942 loops=1)
        Filter: (keyword_id > 24732)
        Rows Removed by Filter: 3766988
  ->  Hash  (cost=95217.16..95217.16 rows=9098 width=8) (actual time=1510.919..1510.919 rows=10472 loops=1)
        Buckets: 16384  Batches: 1  Memory Usage: 538kB
        ->  Hash Join  (cost=68237.77..95217.16 rows=9098 width=8) (actual time=986.520..1506.531 rows=10472 loops=1)
              Hash Cond: (mi_idx.movie_id = t.id)
              ->  Seq Scan on movie_info_idx mi_idx  (cost=0.00..25185.44 rows=454124 width=4) (actual time=0.014..389.879 rows=459925 loops=1)
                    Filter: (info_type_id = 100)
                    Rows Removed by Filter: 920110
              ->  Hash  (cost=67604.59..67604.59 rows=50655 width=4) (actual time=985.657..985.657 rows=50564 loops=1)
                    Buckets: 65536  Batches: 1  Memory Usage: 2290kB
                    ->  Seq Scan on title t  (cost=0.00..67604.59 rows=50655 width=4) (actual time=0.048..965.159 rows=50564 loops=1)
                          Filter: (production_year = 1999)
                          Rows Removed by Filter: 2477748
Planning time: 7.986 ms
Execution time: 2823.870 ms
