Seq Scan on movie_keyword mk  (cost=0.00..81003.12 rows=246 width=0) (actual time=31.511..1163.903 rows=55 loops=1)
  Filter: (keyword_id = 74906)
  Rows Removed by Filter: 4523875
Planning time: 0.339 ms
Execution time: 1164.037 ms
