Seq Scan on movie_keyword mk  (cost=0.00..81003.12 rows=246 width=0) (actual time=0.669..1210.833 rows=369 loops=1)
  Filter: (keyword_id = 5906)
  Rows Removed by Filter: 4523561
Planning time: 0.782 ms
Execution time: 1211.113 ms
