Hash Join  (cost=1038877.28..1726917.66 rows=16062265 width=0) (actual time=22577.545..50693.946 rows=59433403 loops=1)
  Hash Cond: (mi.movie_id = t.id)
  ->  Seq Scan on movie_info mi  (cost=0.00..309384.22 rows=14739122 width=4) (actual time=0.019..5249.988 rows=14835720 loops=1)
  ->  Hash  (cost=993669.34..993669.34 rows=2755515 width=8) (actual time=22575.883..22575.883 rows=2825726 loops=1)
        Buckets: 131072  Batches: 64  Memory Usage: 2819kB
        ->  Hash Join  (cost=83600.04..993669.34 rows=2755515 width=8) (actual time=2404.140..21663.254 rows=2825726 loops=1)
              Hash Cond: (ci.movie_id = t.id)
              ->  Seq Scan on cast_info ci  (cost=0.00..796071.18 rows=7146660 width=4) (actual time=929.778..14674.815 rows=7451825 loops=1)
                    Filter: ((person_id > 68529) AND (role_id = 2))
                    Rows Removed by Filter: 28792519
              ->  Hash  (cost=67604.59..67604.59 rows=974916 width=4) (actual time=1473.254..1473.254 rows=972448 loops=1)
                    Buckets: 131072  Batches: 16  Memory Usage: 3160kB
                    ->  Seq Scan on title t  (cost=0.00..67604.59 rows=974916 width=4) (actual time=0.017..998.077 rows=972448 loops=1)
                          Filter: (kind_id < 6)
                          Rows Removed by Filter: 1555864
Planning time: 1.234 ms
Execution time: 57223.514 ms
