Seq Scan on movie_keyword mk  (cost=0.00..81003.12 rows=598491 width=0) (actual time=0.021..1191.762 rows=598725 loops=1)
  Filter: (keyword_id > 30667)
  Rows Removed by Filter: 3925205
Planning time: 0.273 ms
Execution time: 1268.969 ms
