Seq Scan on movie_companies mc  (cost=0.00..57926.93 rows=716048 width=0) (actual time=377.982..853.411 rows=449284 loops=1)
  Filter: ((company_id < 12118) AND (company_type_id > 1))
  Rows Removed by Filter: 2159845
Planning time: 0.333 ms
Execution time: 909.501 ms
