Nested Loop  (cost=0.43..709671.90 rows=500 width=0) (actual time=887.404..8642.429 rows=582 loops=1)
  ->  Seq Scan on cast_info ci  (cost=0.00..705507.15 rows=500 width=4) (actual time=887.297..8633.257 rows=582 loops=1)
        Filter: (person_id = 2673992)
        Rows Removed by Filter: 36243762
  ->  Index Only Scan using title_pkey on title t  (cost=0.43..8.32 rows=1 width=4) (actual time=0.015..0.015 rows=1 loops=582)
        Index Cond: (id = ci.movie_id)
        Heap Fetches: 582
Planning time: 0.719 ms
Execution time: 8642.650 ms
