Seq Scan on cast_info ci  (cost=0.00..705507.15 rows=500 width=0) (actual time=1141.795..10173.576 rows=38 loops=1)
  Filter: (person_id = 2620584)
  Rows Removed by Filter: 36244306
Planning time: 0.398 ms
Execution time: 10173.692 ms
