Seq Scan on title t  (cost=0.00..67604.59 rows=128955 width=0) (actual time=101.511..1079.127 rows=130325 loops=1)
  Filter: (production_year < 1936)
  Rows Removed by Filter: 2397987
Planning time: 0.369 ms
Execution time: 1096.730 ms
