Hash Join  (cost=28268.41..87395.90 rows=17 width=0) (actual time=599.155..807.773 rows=42 loops=1)
  Hash Cond: (mc.movie_id = t.id)
  ->  Seq Scan on movie_companies mc  (cost=0.00..57926.93 rows=320103 width=4) (actual time=328.794..538.719 rows=21994 loops=1)
        Filter: ((company_id > 53064) AND (company_type_id < 2))
        Rows Removed by Filter: 2587135
  ->  Hash  (cost=28266.72..28266.72 rows=135 width=8) (actual time=266.973..266.973 rows=169 loops=1)
        Buckets: 1024  Batches: 1  Memory Usage: 15kB
        ->  Nested Loop  (cost=0.43..28266.72 rows=135 width=8) (actual time=125.598..266.887 rows=169 loops=1)
              ->  Seq Scan on movie_info_idx mi_idx  (cost=0.00..25185.44 rows=368 width=4) (actual time=125.516..262.495 rows=260 loops=1)
                    Filter: (info_type_id > 101)
                    Rows Removed by Filter: 1379775
              ->  Index Scan using title_pkey on title t  (cost=0.43..8.36 rows=1 width=4) (actual time=0.016..0.016 rows=1 loops=260)
                    Index Cond: (id = mi_idx.movie_id)
                    Filter: (production_year < 1998)
                    Rows Removed by Filter: 0
Planning time: 1.172 ms
Execution time: 807.891 ms
