Hash Join  (cost=448318.52..606029.11 rows=610099 width=0) (actual time=11025.972..12377.007 rows=294209 loops=1)
  Hash Cond: (mk.movie_id = t.id)
  ->  Seq Scan on movie_keyword mk  (cost=0.00..69693.30 rows=4523930 width=4) (actual time=0.014..1364.157 rows=4523930 loops=1)
  ->  Hash  (cost=442723.05..442723.05 rows=340998 width=8) (actual time=9142.209..9142.209 rows=145880 loops=1)
        Buckets: 131072  Batches: 8  Memory Usage: 1741kB
        ->  Hash Join  (cost=74657.14..442723.05 rows=340998 width=8) (actual time=1047.494..9071.521 rows=145880 loops=1)
              Hash Cond: (mi.movie_id = t.id)
              ->  Seq Scan on movie_info mi  (cost=0.00..309384.22 rows=14739122 width=4) (actual time=0.023..3688.650 rows=14835720 loops=1)
              ->  Hash  (cost=73925.90..73925.90 rows=58499 width=4) (actual time=1045.632..1045.632 rows=62752 loops=1)
                    Buckets: 65536  Batches: 1  Memory Usage: 2719kB
                    ->  Seq Scan on title t  (cost=0.00..73925.90 rows=58499 width=4) (actual time=0.033..1020.036 rows=62752 loops=1)
                          Filter: ((kind_id = 7) AND (production_year = 2005))
                          Rows Removed by Filter: 2465560
Planning time: 1.075 ms
Execution time: 12411.667 ms
