Seq Scan on movie_keyword mk  (cost=0.00..81003.12 rows=246 width=0) (actual time=0.457..1174.463 rows=728 loops=1)
  Filter: (keyword_id = 6999)
  Rows Removed by Filter: 4523202
Planning time: 0.252 ms
Execution time: 1174.817 ms
