Hash Join  (cost=89240.26..164573.58 rows=490817 width=0) (actual time=2475.324..3402.487 rows=206449 loops=1)
  Hash Cond: (mc.movie_id = t.id)
  ->  Seq Scan on movie_companies mc  (cost=0.00..51404.11 rows=1329612 width=4) (actual time=0.012..910.271 rows=1334883 loops=1)
        Filter: (company_type_id = 2)
        Rows Removed by Filter: 1274246
  ->  Hash  (cost=73925.90..73925.90 rows=933388 width=4) (actual time=1583.959..1583.959 rows=1024206 loops=1)
        Buckets: 131072  Batches: 16  Memory Usage: 3285kB
        ->  Seq Scan on title t  (cost=0.00..73925.90 rows=933388 width=4) (actual time=0.016..1265.696 rows=1024206 loops=1)
              Filter: ((production_year > 1997) AND (kind_id = 7))
              Rows Removed by Filter: 1504106
Planning time: 0.508 ms
Execution time: 3427.965 ms
