Hash Join  (cost=102767.86..236416.56 rows=1777328 width=0) (actual time=1710.318..5091.851 rows=1785516 loops=1)
  Hash Cond: (mk.movie_id = t.id)
  ->  Seq Scan on movie_keyword mk  (cost=0.00..81003.12 rows=1777328 width=4) (actual time=0.024..1391.505 rows=1785516 loops=1)
        Filter: (keyword_id < 2891)
        Rows Removed by Filter: 2738414
  ->  Hash  (cost=61283.27..61283.27 rows=2528527 width=4) (actual time=1709.090..1709.090 rows=2528312 loops=1)
        Buckets: 131072  Batches: 64  Memory Usage: 2425kB
        ->  Seq Scan on title t  (cost=0.00..61283.27 rows=2528527 width=4) (actual time=0.014..844.669 rows=2528312 loops=1)
Planning time: 1.419 ms
Execution time: 5302.922 ms
