Seq Scan on movie_companies mc  (cost=0.00..51404.11 rows=1457206 width=0) (actual time=0.013..887.531 rows=1449305 loops=1)
  Filter: (company_id < 12979)
  Rows Removed by Filter: 1159824
Planning time: 0.311 ms
Execution time: 1072.964 ms
