Seq Scan on cast_info ci  (cost=0.00..796071.18 rows=23227781 width=0) (actual time=61.484..16278.632 rows=23131538 loops=1)
  Filter: ((person_id < 3977918) AND (role_id > 1))
  Rows Removed by Filter: 13112806
Planning time: 0.359 ms
Execution time: 19060.425 ms
