Hash Join  (cost=1395735.03..2826713.12 rows=70149923 width=0) (actual time=32528.138..96008.036 rows=174162249 loops=1)
  Hash Cond: (mi.movie_id = t.id)
  ->  Seq Scan on movie_info mi  (cost=0.00..309384.22 rows=14739122 width=4) (actual time=0.014..6010.923 rows=14835720 loops=1)
  ->  Hash  (cost=1198295.47..1198295.47 rows=12034365 width=8) (actual time=32526.306..32526.306 rows=11586136 loops=1)
        Buckets: 131072  Batches: 256  Memory Usage: 2849kB
        ->  Hash Join  (cost=102767.86..1198295.47 rows=12034365 width=8) (actual time=4519.118..28354.904 rows=11586136 loops=1)
              Hash Cond: (ci.movie_id = t.id)
              ->  Seq Scan on cast_info ci  (cost=0.00..796071.18 rows=12034365 width=4) (actual time=2783.591..15035.511 rows=11586136 loops=1)
                    Filter: ((person_id < 3961114) AND (role_id > 3))
                    Rows Removed by Filter: 24658208
              ->  Hash  (cost=61283.27..61283.27 rows=2528527 width=4) (actual time=1733.270..1733.270 rows=2528312 loops=1)
                    Buckets: 131072  Batches: 64  Memory Usage: 2415kB
                    ->  Seq Scan on title t  (cost=0.00..61283.27 rows=2528527 width=4) (actual time=0.022..875.867 rows=2528312 loops=1)
Planning time: 1.147 ms
Execution time: 116273.378 ms
