Hash Join  (cost=216544.47..256624.75 rows=205638 width=0) (actual time=4558.449..5652.194 rows=879493 loops=1)
  Hash Cond: (mi_idx.movie_id = t.id)
  ->  Seq Scan on movie_info_idx mi_idx  (cost=0.00..25185.44 rows=919057 width=4) (actual time=0.016..475.228 rows=920110 loops=1)
        Filter: (info_type_id > 99)
        Rows Removed by Filter: 459925
  ->  Hash  (cost=207262.52..207262.52 rows=565756 width=8) (actual time=4557.679..4557.679 rows=562236 loops=1)
        Buckets: 131072  Batches: 8  Memory Usage: 3800kB
        ->  Hash Join  (cost=102767.86..207262.52 rows=565756 width=8) (actual time=1723.564..4390.328 rows=562236 loops=1)
              Hash Cond: (mk.movie_id = t.id)
              ->  Seq Scan on movie_keyword mk  (cost=0.00..81003.12 rows=565756 width=4) (actual time=0.023..1248.124 rows=562236 loops=1)
                    Filter: (keyword_id > 32666)
                    Rows Removed by Filter: 3961694
              ->  Hash  (cost=61283.27..61283.27 rows=2528527 width=4) (actual time=1722.202..1722.202 rows=2528312 loops=1)
                    Buckets: 131072  Batches: 64  Memory Usage: 2425kB
                    ->  Seq Scan on title t  (cost=0.00..61283.27 rows=2528527 width=4) (actual time=0.029..903.556 rows=2528312 loops=1)
Planning time: 1.226 ms
Execution time: 5738.836 ms
