Hash Join  (cost=891678.79..946862.70 rows=51838 width=0) (actual time=11848.904..12781.194 rows=118339 loops=1)
  Hash Cond: (mc.movie_id = t.id)
  ->  Seq Scan on movie_companies mc  (cost=0.00..44881.29 rows=2609129 width=4) (actual time=0.025..464.535 rows=2609129 loops=1)
  ->  Hash  (cost=891050.83..891050.83 rows=50237 width=8) (actual time=11847.568..11847.568 rows=12569 loops=1)
        Buckets: 65536  Batches: 1  Memory Usage: 1003kB
        ->  Hash Join  (cost=89253.38..891050.83 rows=50237 width=8) (actual time=5084.608..11842.765 rows=12569 loops=1)
              Hash Cond: (ci.movie_id = t.id)
              ->  Seq Scan on cast_info ci  (cost=0.00..796071.18 rows=135973 width=4) (actual time=3714.226..10303.492 rows=37608 loops=1)
                    Filter: ((person_id < 105707) AND (role_id = 10))
                    Rows Removed by Filter: 36206736
              ->  Hash  (cost=73925.90..73925.90 rows=934198 width=4) (actual time=1369.062..1369.062 rows=950693 loops=1)
                    Buckets: 131072  Batches: 16  Memory Usage: 3114kB
                    ->  Seq Scan on title t  (cost=0.00..73925.90 rows=934198 width=4) (actual time=0.032..1085.171 rows=950693 loops=1)
                          Filter: ((kind_id < 7) AND (production_year < 2013))
                          Rows Removed by Filter: 1577619
Planning time: 1.195 ms
Execution time: 12795.931 ms
