Seq Scan on movie_companies mc  (cost=0.00..57926.93 rows=297805 width=0) (actual time=0.029..880.852 rows=434456 loops=1)
  Filter: ((company_id < 699) AND (company_type_id < 2))
  Rows Removed by Filter: 2174673
Planning time: 0.393 ms
Execution time: 935.408 ms
