Hash Join  (cost=513038.35..630694.99 rows=986800 width=0) (actual time=8599.051..12365.858 rows=5503833 loops=1)
  Hash Cond: (mk.movie_id = t.id)
  ->  Seq Scan on movie_keyword mk  (cost=0.00..81003.12 rows=1864402 width=4) (actual time=0.014..1477.470 rows=1870394 loops=1)
        Filter: (keyword_id > 7356)
        Rows Removed by Filter: 2653536
  ->  Hash  (cost=491081.45..491081.45 rows=1338312 width=8) (actual time=8597.490..8597.490 rows=1401902 loops=1)
        Buckets: 131072  Batches: 32  Memory Usage: 2722kB
        ->  Hash Join  (cost=102767.86..491081.45 rows=1338312 width=8) (actual time=3570.191..8179.080 rows=1401902 loops=1)
              Hash Cond: (mi.movie_id = t.id)
              ->  Seq Scan on movie_info mi  (cost=0.00..346232.03 rows=1338312 width=4) (actual time=1763.554..4838.194 rows=1401902 loops=1)
                    Filter: (info_type_id = 7)
                    Rows Removed by Filter: 13433818
              ->  Hash  (cost=61283.27..61283.27 rows=2528527 width=4) (actual time=1805.115..1805.115 rows=2528312 loops=1)
                    Buckets: 131072  Batches: 64  Memory Usage: 2425kB
                    ->  Seq Scan on title t  (cost=0.00..61283.27 rows=2528527 width=4) (actual time=0.020..934.632 rows=2528312 loops=1)
Planning time: 0.736 ms
Execution time: 13010.647 ms
