Hash Join  (cost=101882.40..164164.59 rows=5195 width=0) (actual time=1593.190..2873.737 rows=19706 loops=1)
  Hash Cond: (mc.movie_id = t.id)
  ->  Seq Scan on movie_companies mc  (cost=0.00..57926.93 rows=1147548 width=4) (actual time=0.014..1025.498 rows=1256947 loops=1)
        Filter: ((company_id > 169) AND (company_type_id > 1))
        Rows Removed by Filter: 1352182
  ->  Hash  (cost=101739.32..101739.32 rows=11447 width=8) (actual time=1592.927..1592.927 rows=12655 loops=1)
        Buckets: 16384  Batches: 1  Memory Usage: 623kB
        ->  Hash Join  (cost=74710.74..101739.32 rows=11447 width=8) (actual time=1030.831..1587.440 rows=12655 loops=1)
              Hash Cond: (mi_idx.movie_id = t.id)
              ->  Seq Scan on movie_info_idx mi_idx  (cost=0.00..25185.44 rows=460978 width=4) (actual time=0.009..408.639 rows=459925 loops=1)
                    Filter: (info_type_id < 100)
                    Rows Removed by Filter: 920110
              ->  Hash  (cost=73925.90..73925.90 rows=62787 width=4) (actual time=1030.481..1030.481 rows=53770 loops=1)
                    Buckets: 65536  Batches: 1  Memory Usage: 2403kB
                    ->  Seq Scan on title t  (cost=0.00..73925.90 rows=62787 width=4) (actual time=0.255..1009.760 rows=53770 loops=1)
                          Filter: ((kind_id < 7) AND (production_year = 2011))
                          Rows Removed by Filter: 2474542
Planning time: 1.184 ms
Execution time: 2876.797 ms
