Seq Scan on movie_companies mc  (cost=0.00..51404.11 rows=104 width=0) (actual time=117.200..761.394 rows=257 loops=1)
  Filter: (company_id = 532)
  Rows Removed by Filter: 2608872
Planning time: 0.326 ms
Execution time: 761.509 ms
