Hash Join  (cost=79572.46..911634.16 rows=364849 width=0) (actual time=5643.115..15768.552 rows=900141 loops=1)
  Hash Cond: (ci.movie_id = t.id)
  ->  Seq Scan on cast_info ci  (cost=0.00..796071.18 rows=2680810 width=4) (actual time=4742.975..11880.925 rows=5949780 loops=1)
        Filter: ((person_id > 2568060) AND (role_id > 5))
        Rows Removed by Filter: 30294564
  ->  Hash  (cost=73925.90..73925.90 rows=344124 width=4) (actual time=899.155..899.155 rows=277148 loops=1)
        Buckets: 131072  Batches: 8  Memory Usage: 2235kB
        ->  Seq Scan on title t  (cost=0.00..73925.90 rows=344124 width=4) (actual time=0.789..826.131 rows=277148 loops=1)
              Filter: ((kind_id < 4) AND (production_year > 2005))
              Rows Removed by Filter: 2251164
Planning time: 0.733 ms
Execution time: 15884.023 ms
