Hash Join  (cost=101216.99..808043.04 rows=573 width=0) (actual time=6815.334..12770.868 rows=788 loops=1)
  Hash Cond: (ci.movie_id = t.id)
  ->  Seq Scan on cast_info ci  (cost=0.00..705507.15 rows=350181 width=4) (actual time=5295.522..11203.151 rows=316118 loops=1)
        Filter: (role_id > 10)
        Rows Removed by Filter: 35928226
  ->  Hash  (cost=101165.24..101165.24 rows=4140 width=8) (actual time=1519.318..1519.318 rows=2109 loops=1)
        Buckets: 8192  Batches: 1  Memory Usage: 147kB
        ->  Hash Join  (cost=74209.73..101165.24 rows=4140 width=8) (actual time=949.214..1518.183 rows=2109 loops=1)
              Hash Cond: (mi_idx.movie_id = t.id)
              ->  Seq Scan on movie_info_idx mi_idx  (cost=0.00..25185.44 rows=460978 width=4) (actual time=0.040..447.339 rows=459925 loops=1)
                    Filter: (info_type_id = 99)
                    Rows Removed by Filter: 920110
              ->  Hash  (cost=73925.90..73925.90 rows=22706 width=4) (actual time=948.875..948.875 rows=25785 loops=1)
                    Buckets: 32768  Batches: 1  Memory Usage: 1163kB
                    ->  Seq Scan on title t  (cost=0.00..73925.90 rows=22706 width=4) (actual time=0.161..937.855 rows=25785 loops=1)
                          Filter: ((kind_id < 4) AND (production_year > 2012))
                          Rows Removed by Filter: 2502527
Planning time: 0.818 ms
Execution time: 12771.295 ms
