Seq Scan on movie_keyword mk  (cost=0.00..81003.12 rows=246 width=0) (actual time=159.407..1222.615 rows=4 loops=1)
  Filter: (keyword_id = 556)
  Rows Removed by Filter: 4523926
Planning time: 0.330 ms
Execution time: 1222.693 ms
