Seq Scan on movie_keyword mk  (cost=0.00..81003.12 rows=3379889 width=0) (actual time=0.016..1393.180 rows=3369573 loops=1)
  Filter: (keyword_id < 16151)
  Rows Removed by Filter: 1154357
Planning time: 0.344 ms
Execution time: 1828.672 ms
