Hash Join  (cost=102767.86..221034.08 rows=2368130 width=0) (actual time=1754.475..5173.692 rows=2365695 loops=1)
  Hash Cond: (mc.movie_id = t.id)
  ->  Seq Scan on movie_companies mc  (cost=0.00..51404.11 rows=2368130 width=4) (actual time=0.019..1048.496 rows=2365695 loops=1)
        Filter: (company_id < 102320)
        Rows Removed by Filter: 243434
  ->  Hash  (cost=61283.27..61283.27 rows=2528527 width=4) (actual time=1753.740..1753.740 rows=2528312 loops=1)
        Buckets: 131072  Batches: 64  Memory Usage: 2415kB
        ->  Seq Scan on title t  (cost=0.00..61283.27 rows=2528527 width=4) (actual time=0.020..911.089 rows=2528312 loops=1)
Planning time: 0.746 ms
Execution time: 5471.113 ms
