Hash Join  (cost=110582.43..479720.92 rows=1901 width=0) (actual time=2088.905..6986.306 rows=130717 loops=1)
  Hash Cond: (mi.movie_id = t.id)
  ->  Seq Scan on movie_info mi  (cost=0.00..346232.03 rows=6103325 width=4) (actual time=0.822..4822.177 rows=6083429 loops=1)
        Filter: (info_type_id > 9)
        Rows Removed by Filter: 8752291
  ->  Hash  (cost=110572.59..110572.59 rows=787 width=8) (actual time=1255.071..1255.071 rows=2516 loops=1)
        Buckets: 4096 (originally 1024)  Batches: 1 (originally 1)  Memory Usage: 131kB
        ->  Nested Loop  (cost=0.43..110572.59 rows=787 width=8) (actual time=155.683..1253.392 rows=2516 loops=1)
              ->  Seq Scan on movie_keyword mk  (cost=0.00..81003.12 rows=3921 width=4) (actual time=0.066..1159.174 rows=3426 loops=1)
                    Filter: (keyword_id = 562)
                    Rows Removed by Filter: 4520504
              ->  Index Scan using title_pkey on title t  (cost=0.43..7.53 rows=1 width=4) (actual time=0.026..0.027 rows=1 loops=3426)
                    Index Cond: (id = mk.movie_id)
                    Filter: ((kind_id < 2) AND (production_year < 2010))
                    Rows Removed by Filter: 0
Planning time: 1.119 ms
Execution time: 7003.356 ms
