Seq Scan on cast_info ci  (cost=0.00..796071.18 rows=425383 width=0) (actual time=5723.606..9982.080 rows=2689496 loops=1)
  Filter: ((person_id > 3545453) AND (role_id > 8))
  Rows Removed by Filter: 33554848
Planning time: 0.335 ms
Execution time: 10329.609 ms
