Seq Scan on cast_info ci  (cost=0.00..705507.15 rows=500 width=0) (actual time=7120.398..9514.449 rows=523 loops=1)
  Filter: (person_id = 3143718)
  Rows Removed by Filter: 36243821
Planning time: 0.262 ms
Execution time: 9514.649 ms
