Hash Join  (cost=102637.10..469604.91 rows=231187 width=0) (actual time=1673.144..11482.681 rows=1077993 loops=1)
  Hash Cond: (mi.movie_id = t.id)
  ->  Seq Scan on movie_info mi  (cost=0.00..309384.22 rows=14739122 width=4) (actual time=0.015..3523.099 rows=14835720 loops=1)
  ->  Hash  (cost=102141.33..102141.33 rows=39661 width=8) (actual time=1649.125..1649.125 rows=96078 loops=1)
        Buckets: 131072 (originally 65536)  Batches: 2 (originally 1)  Memory Usage: 3073kB
        ->  Hash Join  (cost=74834.24..102141.33 rows=39661 width=8) (actual time=1012.292..1616.266 rows=96078 loops=1)
              Hash Cond: (mi_idx.movie_id = t.id)
              ->  Seq Scan on movie_info_idx mi_idx  (cost=0.00..21735.35 rows=1380035 width=4) (actual time=0.014..262.615 rows=1380035 loops=1)
              ->  Hash  (cost=73925.90..73925.90 rows=72667 width=4) (actual time=1011.647..1011.647 rows=85275 loops=1)
                    Buckets: 131072  Batches: 1  Memory Usage: 4022kB
                    ->  Seq Scan on title t  (cost=0.00..73925.90 rows=72667 width=4) (actual time=318.102..979.247 rows=85275 loops=1)
                          Filter: ((production_year < 2009) AND (kind_id = 3))
                          Rows Removed by Filter: 2443037
Planning time: 1.121 ms
Execution time: 11625.570 ms
