Hash Join  (cost=116534.88..227999.98 rows=87753 width=0) (actual time=3088.026..4263.329 rows=59929 loops=1)
  Hash Cond: (mk.movie_id = t.id)
  ->  Seq Scan on movie_keyword mk  (cost=0.00..81003.12 rows=2528921 width=4) (actual time=0.012..1393.651 rows=2519869 loops=1)
        Filter: (keyword_id < 6243)
        Rows Removed by Filter: 2004061
  ->  Hash  (cost=115095.14..115095.14 rows=87739 width=8) (actual time=2110.235..2110.235 rows=38618 loops=1)
        Buckets: 131072  Batches: 2  Memory Usage: 1786kB
        ->  Hash Join  (cost=81821.64..115095.14 rows=87739 width=8) (actual time=1626.014..2096.573 rows=38618 loops=1)
              Hash Cond: (mi_idx.movie_id = t.id)
              ->  Seq Scan on movie_info_idx mi_idx  (cost=0.00..25185.44 rows=460978 width=4) (actual time=0.017..448.310 rows=459925 loops=1)
                    Filter: (info_type_id < 100)
                    Rows Removed by Filter: 920110
              ->  Hash  (cost=73925.90..73925.90 rows=481259 width=4) (actual time=1353.275..1353.275 rows=518327 loops=1)
                    Buckets: 131072  Batches: 8  Memory Usage: 3301kB
                    ->  Seq Scan on title t  (cost=0.00..73925.90 rows=481259 width=4) (actual time=0.023..1188.504 rows=518327 loops=1)
                          Filter: ((production_year > 2007) AND (kind_id = 7))
                          Rows Removed by Filter: 2009985
Planning time: 1.204 ms
Execution time: 4271.824 ms
