Hash Join  (cost=213501.57..366019.63 rows=2504703 width=0) (actual time=5327.824..8595.116 rows=1456284 loops=1)
  Hash Cond: (mk.movie_id = t.id)
  ->  Seq Scan on movie_keyword mk  (cost=0.00..69693.30 rows=4523930 width=4) (actual time=0.018..1331.827 rows=4523930 loops=1)
  ->  Hash  (cost=190533.38..190533.38 rows=1399935 width=8) (actual time=5111.326..5111.326 rows=645461 loops=1)
        Buckets: 131072  Batches: 32  Memory Usage: 1796kB
        ->  Hash Join  (cost=96184.51..190533.38 rows=1399935 width=8) (actual time=1698.113..4920.260 rows=645461 loops=1)
              Hash Cond: (mc.movie_id = t.id)
              ->  Seq Scan on movie_companies mc  (cost=0.00..44881.29 rows=2609129 width=4) (actual time=0.019..832.207 rows=2609129 loops=1)
              ->  Hash  (cost=73925.90..73925.90 rows=1356688 width=4) (actual time=1696.800..1696.800 rows=1327781 loops=1)
                    Buckets: 131072  Batches: 32  Memory Usage: 2479kB
                    ->  Seq Scan on title t  (cost=0.00..73925.90 rows=1356688 width=4) (actual time=0.011..1264.825 rows=1327781 loops=1)
                          Filter: ((production_year < 2012) AND (kind_id = 7))
                          Rows Removed by Filter: 1200531
Planning time: 1.036 ms
Execution time: 8719.545 ms
