Hash Join  (cost=101031.03..198810.53 rows=7551 width=0) (actual time=1941.858..4046.992 rows=98447 loops=1)
  Hash Cond: (mk.movie_id = t.id)
  ->  Seq Scan on movie_keyword mk  (cost=0.00..81003.12 rows=4453563 width=4) (actual time=0.014..1654.851 rows=4449218 loops=1)
        Filter: (keyword_id > 66)
        Rows Removed by Filter: 74712
  ->  Hash  (cost=100977.44..100977.44 rows=4287 width=8) (actual time=1702.247..1702.247 rows=7305 loops=1)
        Buckets: 8192  Batches: 1  Memory Usage: 350kB
        ->  Hash Join  (cost=74024.09..100977.44 rows=4287 width=8) (actual time=1129.962..1699.626 rows=7305 loops=1)
              Hash Cond: (mi_idx.movie_id = t.id)
              ->  Seq Scan on movie_info_idx mi_idx  (cost=0.00..21735.35 rows=1380035 width=4) (actual time=0.030..291.981 rows=1380035 loops=1)
              ->  Hash  (cost=73925.90..73925.90 rows=7855 width=4) (actual time=1129.752..1129.752 rows=5336 loops=1)
                    Buckets: 8192  Batches: 1  Memory Usage: 252kB
                    ->  Seq Scan on title t  (cost=0.00..73925.90 rows=7855 width=4) (actual time=10.164..1127.257 rows=5336 loops=1)
                          Filter: ((kind_id = 1) AND (production_year = 1994))
                          Rows Removed by Filter: 2522976
Planning time: 1.178 ms
Execution time: 4059.417 ms
