Hash Join  (cost=88334.42..161381.02 rows=269974 width=0) (actual time=1640.744..2947.889 rows=61156 loops=1)
  Hash Cond: (mc.movie_id = t.id)
  ->  Seq Scan on movie_companies mc  (cost=0.00..57926.93 rows=777313 width=4) (actual time=0.017..942.937 rows=561622 loops=1)
        Filter: ((company_id > 5488) AND (company_type_id < 2))
        Rows Removed by Filter: 2047507
  ->  Hash  (cost=73925.90..73925.90 rows=878201 width=4) (actual time=1639.678..1639.678 rows=947729 loops=1)
        Buckets: 131072  Batches: 16  Memory Usage: 3113kB
        ->  Seq Scan on title t  (cost=0.00..73925.90 rows=878201 width=4) (actual time=0.015..1333.701 rows=947729 loops=1)
              Filter: ((kind_id > 1) AND (production_year > 2003))
              Rows Removed by Filter: 1580583
Planning time: 0.714 ms
Execution time: 2953.480 ms
