Hash Join  (cost=513038.35..1336242.50 rows=3531689 width=0) (actual time=13069.630..25281.406 rows=6346898 loops=1)
  Hash Cond: (ci.movie_id = t.id)
  ->  Seq Scan on cast_info ci  (cost=0.00..705507.15 rows=6672562 width=4) (actual time=4188.273..11034.817 rows=6757822 loops=1)
        Filter: (person_id > 2985742)
        Rows Removed by Filter: 29486522
  ->  Hash  (cost=491081.45..491081.45 rows=1338312 width=8) (actual time=8879.877..8879.877 rows=1401902 loops=1)
        Buckets: 131072  Batches: 32  Memory Usage: 2687kB
        ->  Hash Join  (cost=102767.86..491081.45 rows=1338312 width=8) (actual time=5343.949..8469.302 rows=1401902 loops=1)
              Hash Cond: (mi.movie_id = t.id)
              ->  Seq Scan on movie_info mi  (cost=0.00..346232.03 rows=1338312 width=4) (actual time=3450.447..5055.667 rows=1401902 loops=1)
                    Filter: (info_type_id = 7)
                    Rows Removed by Filter: 13433818
              ->  Hash  (cost=61283.27..61283.27 rows=2528527 width=4) (actual time=1892.049..1892.049 rows=2528312 loops=1)
                    Buckets: 131072  Batches: 64  Memory Usage: 2425kB
                    ->  Seq Scan on title t  (cost=0.00..61283.27 rows=2528527 width=4) (actual time=0.020..1056.025 rows=2528312 loops=1)
Planning time: 1.221 ms
Execution time: 26002.013 ms
