Hash Join  (cost=171756.43..1256727.45 rows=4980886 width=0) (actual time=3556.027..29762.221 rows=592406 loops=1)
  Hash Cond: (ci.movie_id = t.id)
  ->  Seq Scan on cast_info ci  (cost=0.00..614943.12 rows=36225612 width=4) (actual time=0.010..11601.677 rows=36244344 loops=1)
  ->  Hash  (cost=166051.64..166051.64 rows=347663 width=8) (actual time=3553.135..3553.135 rows=17874 loops=1)
        Buckets: 131072  Batches: 8  Memory Usage: 1108kB
        ->  Hash Join  (cost=90717.09..166051.64 rows=347663 width=8) (actual time=2216.326..3546.704 rows=17874 loops=1)
              Hash Cond: (mc.movie_id = t.id)
              ->  Seq Scan on movie_companies mc  (cost=0.00..57926.93 rows=858929 width=4) (actual time=32.330..874.950 rows=672542 loops=1)
                    Filter: ((company_id > 2388) AND (company_type_id < 2))
                    Rows Removed by Filter: 1936587
              ->  Hash  (cost=73925.90..73925.90 rows=1023455 width=4) (actual time=2182.949..2182.949 rows=1117981 loops=1)
                    Buckets: 131072  Batches: 16  Memory Usage: 3489kB
                    ->  Seq Scan on title t  (cost=0.00..73925.90 rows=1023455 width=4) (actual time=0.020..1138.172 rows=1117981 loops=1)
                          Filter: ((production_year > 1993) AND (kind_id = 7))
                          Rows Removed by Filter: 1410331
Planning time: 1.098 ms
Execution time: 29841.508 ms
