Seq Scan on movie_keyword mk  (cost=0.00..81003.12 rows=1026463 width=0) (actual time=0.026..1226.498 rows=1029401 loops=1)
  Filter: (keyword_id > 17270)
  Rows Removed by Filter: 3494529
Planning time: 0.314 ms
Execution time: 1361.156 ms
