Seq Scan on title t  (cost=0.00..73925.90 rows=785309 width=0) (actual time=0.054..979.209 rows=695753 loops=1)
  Filter: ((kind_id < 7) AND (production_year > 1975))
  Rows Removed by Filter: 1832559
Planning time: 1.395 ms
Execution time: 1069.704 ms
