Hash Join  (cost=789506.74..885162.91 rows=53028 width=0) (actual time=13214.626..15484.539 rows=550389 loops=1)
  Hash Cond: (mk.movie_id = t.id)
  ->  Seq Scan on movie_keyword mk  (cost=0.00..81003.12 rows=3766070 width=4) (actual time=0.010..1520.716 rows=3764857 loops=1)
        Filter: (keyword_id > 707)
        Rows Removed by Filter: 759073
  ->  Hash  (cost=789061.70..789061.70 rows=35603 width=8) (actual time=13214.325..13214.325 rows=48547 loops=1)
        Buckets: 65536  Batches: 1  Memory Usage: 2409kB
        ->  Hash Join  (cost=78144.34..789061.70 rows=35603 width=8) (actual time=11133.544..13199.475 rows=48547 loops=1)
              Hash Cond: (ci.movie_id = t.id)
              ->  Seq Scan on cast_info ci  (cost=0.00..705507.15 rows=350181 width=4) (actual time=9745.121..11589.989 rows=316118 loops=1)
                    Filter: (role_id > 10)
                    Rows Removed by Filter: 35928226
              ->  Hash  (cost=73925.90..73925.90 rows=257075 width=4) (actual time=1387.533..1387.533 rows=366618 loops=1)
                    Buckets: 131072 (originally 131072)  Batches: 8 (originally 4)  Memory Usage: 3073kB
                    ->  Seq Scan on title t  (cost=0.00..73925.90 rows=257075 width=4) (actual time=0.032..906.542 rows=366618 loops=1)
                          Filter: ((production_year < 1999) AND (kind_id = 1))
                          Rows Removed by Filter: 2161694
Planning time: 1.076 ms
Execution time: 15555.318 ms
