Seq Scan on movie_companies mc  (cost=0.00..57926.93 rows=547414 width=0) (actual time=237.333..951.444 rows=847264 loops=1)
  Filter: ((company_id > 14274) AND (company_type_id > 1))
  Rows Removed by Filter: 1761865
Planning time: 5.069 ms
Execution time: 1058.249 ms
