Hash Join  (cost=83073.00..136751.89 rows=2 width=0) (actual time=1944.612..2146.762 rows=3 loops=1)
  Hash Cond: (mc.movie_id = t.id)
  ->  Seq Scan on movie_companies mc  (cost=0.00..51404.11 rows=606602 width=4) (actual time=0.016..793.928 rows=611714 loops=1)
        Filter: (company_id > 64494)
        Rows Removed by Filter: 1997415
  ->  Hash  (cost=83072.90..83072.90 rows=8 width=8) (actual time=1266.897..1266.897 rows=4 loops=1)
        Buckets: 1024  Batches: 1  Memory Usage: 9kB
        ->  Nested Loop  (cost=0.43..83072.90 rows=8 width=8) (actual time=502.012..1266.878 rows=4 loops=1)
              ->  Seq Scan on movie_keyword mk  (cost=0.00..81003.12 rows=246 width=4) (actual time=1.148..1239.710 rows=990 loops=1)
                    Filter: (keyword_id = 4668)
                    Rows Removed by Filter: 4522940
              ->  Index Scan using title_pkey on title t  (cost=0.43..8.40 rows=1 width=4) (actual time=0.026..0.026 rows=0 loops=990)
                    Index Cond: (id = mk.movie_id)
                    Filter: ((kind_id = 7) AND (production_year = 2010))
                    Rows Removed by Filter: 1
Planning time: 1.099 ms
Execution time: 2146.930 ms
