Seq Scan on movie_keyword mk  (cost=0.00..81003.12 rows=246 width=12) (actual time=0.956..502.666 rows=3641 loops=1)
  Filter: (keyword_id = 2888)
  Rows Removed by Filter: 4520289
Planning time: 0.223 ms
Execution time: 502.911 ms
