Hash Join  (cost=123688.00..929166.18 rows=38956 width=0) (actual time=6889.550..14600.902 rows=53989 loops=1)
  Hash Cond: (ci.movie_id = t.id)
  ->  Seq Scan on cast_info ci  (cost=0.00..796071.18 rows=2404651 width=4) (actual time=4546.052..11863.411 rows=1516357 loops=1)
        Filter: ((person_id < 2198353) AND (role_id = 3))
        Rows Removed by Filter: 34727987
  ->  Hash  (cost=123175.97..123175.97 rows=40963 width=8) (actual time=2342.763..2342.763 rows=32641 loops=1)
        Buckets: 65536  Batches: 1  Memory Usage: 1788kB
        ->  Hash Join  (cost=68100.81..123175.97 rows=40963 width=8) (actual time=1067.228..2329.720 rows=32641 loops=1)
              Hash Cond: (mc.movie_id = t.id)
              ->  Seq Scan on movie_companies mc  (cost=0.00..44881.29 rows=2609129 width=4) (actual time=0.026..596.060 rows=2609129 loops=1)
              ->  Hash  (cost=67604.59..67604.59 rows=39698 width=4) (actual time=1066.628..1066.628 rows=36437 loops=1)
                    Buckets: 65536  Batches: 1  Memory Usage: 1793kB
                    ->  Seq Scan on title t  (cost=0.00..67604.59 rows=39698 width=4) (actual time=0.028..1051.500 rows=36437 loops=1)
                          Filter: (production_year = 1995)
                          Rows Removed by Filter: 2491875
Planning time: 1.271 ms
Execution time: 14608.740 ms
