Hash Join  (cost=133304.41..498275.09 rows=181713 width=0) (actual time=4237.977..8483.948 rows=139458 loops=1)
  Hash Cond: (mi.movie_id = t.id)
  ->  Seq Scan on movie_info mi  (cost=0.00..346232.03 rows=1348138 width=4) (actual time=1150.911..4790.258 rows=1298989 loops=1)
        Filter: (info_type_id = 4)
        Rows Removed by Filter: 13536731
  ->  Hash  (cost=127712.19..127712.19 rows=340817 width=8) (actual time=3086.028..3086.028 rows=187647 loops=1)
        Buckets: 131072  Batches: 8  Memory Usage: 1955kB
        ->  Hash Join  (cost=84171.54..127712.19 rows=340817 width=8) (actual time=2302.491..3026.101 rows=187647 loops=1)
              Hash Cond: (mi_idx.movie_id = t.id)
              ->  Seq Scan on movie_info_idx mi_idx  (cost=0.00..21735.35 rows=1380035 width=4) (actual time=0.023..445.411 rows=1380035 loops=1)
              ->  Hash  (cost=73925.90..73925.90 rows=624451 width=4) (actual time=1833.898..1833.898 rows=521141 loops=1)
                    Buckets: 131072  Batches: 16  Memory Usage: 2168kB
                    ->  Seq Scan on title t  (cost=0.00..73925.90 rows=624451 width=4) (actual time=0.026..1115.090 rows=521141 loops=1)
                          Filter: ((production_year < 2000) AND (kind_id = 7))
                          Rows Removed by Filter: 2007171
Planning time: 1.120 ms
Execution time: 8501.431 ms
