Hash Join  (cost=144899.60..278304.34 rows=935870 width=0) (actual time=4528.669..6475.292 rows=737520 loops=1)
  Hash Cond: (mk.movie_id = t.id)
  ->  Seq Scan on movie_keyword mk  (cost=0.00..69693.30 rows=4523930 width=4) (actual time=0.018..1311.929 rows=4523930 loops=1)
  ->  Hash  (cost=136317.11..136317.11 rows=523079 width=8) (actual time=2921.975..2921.975 rows=267702 loops=1)
        Buckets: 131072  Batches: 8  Memory Usage: 2332kB
        ->  Hash Join  (cost=89649.84..136317.11 rows=523079 width=8) (actual time=1933.757..2839.194 rows=267702 loops=1)
              Hash Cond: (mi_idx.movie_id = t.id)
              ->  Seq Scan on movie_info_idx mi_idx  (cost=0.00..21735.35 rows=1380035 width=4) (actual time=0.025..404.305 rows=1380035 loops=1)
              ->  Hash  (cost=73925.90..73925.90 rows=958395 width=4) (actual time=1546.252..1546.252 rows=1050192 loops=1)
                    Buckets: 131072  Batches: 16  Memory Usage: 3340kB
                    ->  Seq Scan on title t  (cost=0.00..73925.90 rows=958395 width=4) (actual time=0.020..1221.336 rows=1050192 loops=1)
                          Filter: ((production_year > 1996) AND (kind_id = 7))
                          Rows Removed by Filter: 1478120
Planning time: 1.136 ms
Execution time: 6562.488 ms
