Seq Scan on movie_companies mc  (cost=0.00..57926.93 rows=1231720 width=0) (actual time=184.958..1105.350 rows=1295760 loops=1)
  Filter: ((company_id > 49) AND (company_type_id = 2))
  Rows Removed by Filter: 1313369
Planning time: 0.359 ms
Execution time: 1271.130 ms
