Hash Join  (cost=304645.68..1008570.21 rows=15109604 width=0) (actual time=7045.751..52414.090 rows=135148927 loops=1)
  Hash Cond: (mi.movie_id = t.id)
  ->  Seq Scan on movie_info mi  (cost=0.00..346232.03 rows=13929354 width=4) (actual time=0.012..7023.776 rows=14033580 loops=1)
        Filter: (info_type_id > 1)
        Rows Removed by Filter: 802140
  ->  Hash  (cost=259647.03..259647.03 rows=2742772 width=8) (actual time=7043.388..7043.388 rows=2738476 loops=1)
        Buckets: 131072  Batches: 64  Memory Usage: 2794kB
        ->  Hash Join  (cost=102767.86..259647.03 rows=2742772 width=8) (actual time=1808.625..6229.377 rows=2738476 loops=1)
              Hash Cond: (mk.movie_id = t.id)
              ->  Seq Scan on movie_keyword mk  (cost=0.00..81003.12 rows=2742772 width=4) (actual time=0.016..1637.841 rows=2738476 loops=1)
                    Filter: (keyword_id < 7773)
                    Rows Removed by Filter: 1785454
              ->  Hash  (cost=61283.27..61283.27 rows=2528527 width=4) (actual time=1807.658..1807.658 rows=2528312 loops=1)
                    Buckets: 131072  Batches: 64  Memory Usage: 2425kB
                    ->  Seq Scan on title t  (cost=0.00..61283.27 rows=2528527 width=4) (actual time=0.022..963.798 rows=2528312 loops=1)
Planning time: 1.888 ms
Execution time: 67662.752 ms
