Hash Join  (cost=312192.60..1011036.55 rows=17074722 width=0) (actual time=6725.209..53942.295 rows=148746142 loops=1)
  Hash Cond: (mi.movie_id = t.id)
  ->  Seq Scan on movie_info mi  (cost=0.00..309384.22 rows=14739122 width=4) (actual time=0.019..5201.156 rows=14835720 loops=1)
  ->  Hash  (cost=264134.55..264134.55 rows=2929204 width=8) (actual time=6721.717..6721.717 rows=2915346 loops=1)
        Buckets: 131072  Batches: 64  Memory Usage: 2905kB
        ->  Hash Join  (cost=102767.86..264134.55 rows=2929204 width=8) (actual time=1819.915..5926.516 rows=2915346 loops=1)
              Hash Cond: (mk.movie_id = t.id)
              ->  Seq Scan on movie_keyword mk  (cost=0.00..81003.12 rows=2929204 width=4) (actual time=0.021..1567.070 rows=2915346 loops=1)
                    Filter: (keyword_id < 9465)
                    Rows Removed by Filter: 1608584
              ->  Hash  (cost=61283.27..61283.27 rows=2528527 width=4) (actual time=1818.497..1818.497 rows=2528312 loops=1)
                    Buckets: 131072  Batches: 64  Memory Usage: 2425kB
                    ->  Seq Scan on title t  (cost=0.00..61283.27 rows=2528527 width=4) (actual time=0.020..936.789 rows=2528312 loops=1)
Planning time: 1.077 ms
Execution time: 69969.474 ms
