Seq Scan on cast_info ci  (cost=0.00..796071.18 rows=435 width=0) (actual time=9024.567..13999.871 rows=382 loops=1)
  Filter: ((role_id < 10) AND (person_id = 2278563))
  Rows Removed by Filter: 36243962
Planning time: 0.381 ms
Execution time: 14000.027 ms
