Hash Join  (cost=83074.84..109986.43 rows=111 width=0) (actual time=1262.983..1799.609 rows=281 loops=1)
  Hash Cond: (mi_idx.movie_id = t.id)
  ->  Seq Scan on movie_info_idx mi_idx  (cost=0.00..21735.35 rows=1380035 width=4) (actual time=0.014..290.684 rows=1380035 loops=1)
  ->  Hash  (cost=83072.29..83072.29 rows=204 width=8) (actual time=1257.265..1257.265 rows=95 loops=1)
        Buckets: 1024  Batches: 1  Memory Usage: 12kB
        ->  Nested Loop  (cost=0.43..83072.29 rows=204 width=8) (actual time=3.702..1257.128 rows=95 loops=1)
              ->  Seq Scan on movie_keyword mk  (cost=0.00..81003.12 rows=246 width=4) (actual time=3.649..1251.385 rows=107 loops=1)
                    Filter: (keyword_id = 14423)
                    Rows Removed by Filter: 4523823
              ->  Index Scan using title_pkey on title t  (cost=0.43..8.40 rows=1 width=4) (actual time=0.048..0.049 rows=1 loops=107)
                    Index Cond: (id = mk.movie_id)
                    Filter: (production_year > 1969)
                    Rows Removed by Filter: 0
Planning time: 1.200 ms
Execution time: 1799.816 ms
