Seq Scan on movie_keyword mk  (cost=0.00..81003.12 rows=246 width=0) (actual time=0.281..1279.018 rows=4023 loops=1)
  Filter: (keyword_id = 782)
  Rows Removed by Filter: 4519907
Planning time: 0.356 ms
Execution time: 1280.105 ms
