Hash Join  (cost=200291.15..1282207.07 rows=7498592 width=0) (actual time=4206.881..33445.508 rows=8072583 loops=1)
  Hash Cond: (ci.movie_id = t.id)
  ->  Seq Scan on cast_info ci  (cost=0.00..705507.15 rows=25820761 width=4) (actual time=0.022..14236.946 rows=26017267 loops=1)
        Filter: (person_id > 1006061)
        Rows Removed by Filter: 10227077
  ->  Hash  (cost=188243.30..188243.30 rows=734308 width=8) (actual time=4205.761..4205.761 rows=458643 loops=1)
        Buckets: 131072  Batches: 16  Memory Usage: 2135kB
        ->  Hash Join  (cost=102767.86..188243.30 rows=734308 width=8) (actual time=1926.937..3470.777 rows=458643 loops=1)
              Hash Cond: (mc.movie_id = t.id)
              ->  Seq Scan on movie_companies mc  (cost=0.00..57926.93 rows=734308 width=4) (actual time=0.017..867.862 rows=458643 loops=1)
                    Filter: ((company_id < 12690) AND (company_type_id = 2))
                    Rows Removed by Filter: 2150486
              ->  Hash  (cost=61283.27..61283.27 rows=2528527 width=4) (actual time=1925.214..1925.214 rows=2528312 loops=1)
                    Buckets: 131072  Batches: 64  Memory Usage: 2415kB
                    ->  Seq Scan on title t  (cost=0.00..61283.27 rows=2528527 width=4) (actual time=0.021..1059.338 rows=2528312 loops=1)
Planning time: 1.160 ms
Execution time: 34270.380 ms
