Seq Scan on cast_info ci  (cost=0.00..705507.15 rows=31187193 width=0) (actual time=0.011..11919.415 rows=31152697 loops=1)
  Filter: (person_id < 3159227)
  Rows Removed by Filter: 5091647
Planning time: 0.299 ms
Execution time: 15752.605 ms
