Hash Join  (cost=102767.86..1596516.09 rows=32347513 width=0) (actual time=1895.576..45731.182 rows=32322448 loops=1)
  Hash Cond: (ci.movie_id = t.id)
  ->  Seq Scan on cast_info ci  (cost=0.00..705507.15 rows=32347513 width=4) (actual time=0.017..15477.233 rows=32322448 loops=1)
        Filter: (person_id < 3340813)
        Rows Removed by Filter: 3921896
  ->  Hash  (cost=61283.27..61283.27 rows=2528527 width=4) (actual time=1894.488..1894.488 rows=2528312 loops=1)
        Buckets: 131072  Batches: 64  Memory Usage: 2415kB
        ->  Seq Scan on title t  (cost=0.00..61283.27 rows=2528527 width=4) (actual time=0.009..1056.559 rows=2528312 loops=1)
Planning time: 0.728 ms
Execution time: 49502.947 ms
