Hash Join  (cost=69460.45..192641.70 rows=155452 width=0) (actual time=1628.228..4331.005 rows=139505 loops=1)
  Hash Cond: (mk.movie_id = t.id)
  ->  Seq Scan on movie_keyword mk  (cost=0.00..81003.12 rows=3475094 width=4) (actual time=0.019..1604.700 rows=3468321 loops=1)
        Filter: (keyword_id > 1049)
        Rows Removed by Filter: 1055609
  ->  Hash  (cost=67604.59..67604.59 rows=113109 width=4) (actual time=1627.342..1627.342 rows=119565 loops=1)
        Buckets: 131072  Batches: 2  Memory Usage: 3121kB
        ->  Seq Scan on title t  (cost=0.00..67604.59 rows=113109 width=4) (actual time=0.028..960.037 rows=119565 loops=1)
              Filter: (production_year = 2007)
              Rows Removed by Filter: 2408747
Planning time: 0.521 ms
Execution time: 4348.991 ms
