Seq Scan on cast_info ci  (cost=0.00..796071.18 rows=13813583 width=0) (actual time=0.021..13218.595 rows=8475986 loops=1)
  Filter: ((person_id < 2135871) AND (role_id > 1))
  Rows Removed by Filter: 27768358
Planning time: 0.244 ms
Execution time: 14307.357 ms
