Hash Join  (cost=71408.55..140182.34 rows=73024 width=0) (actual time=1180.748..3216.861 rows=27144 loops=1)
  Hash Cond: (mc.movie_id = t.id)
  ->  Seq Scan on movie_companies mc  (cost=0.00..57926.93 rows=796430 width=4) (actual time=0.025..953.982 rows=582731 loops=1)
        Filter: ((company_id > 4515) AND (company_type_id < 2))
        Rows Removed by Filter: 2026398
  ->  Hash  (cost=67604.59..67604.59 rows=231837 width=4) (actual time=1179.967..1179.967 rows=231649 loops=1)
        Buckets: 131072  Batches: 4  Memory Usage: 3076kB
        ->  Seq Scan on title t  (cost=0.00..67604.59 rows=231837 width=4) (actual time=0.022..1101.757 rows=231649 loops=1)
              Filter: (production_year > 2011)
              Rows Removed by Filter: 2296663
Planning time: 0.730 ms
Execution time: 3220.881 ms
