Hash Join  (cost=81987.19..1188098.19 rows=7038783 width=0) (actual time=1211.121..30698.719 rows=4326718 loops=1)
  Hash Cond: (ci.movie_id = t.id)
  ->  Seq Scan on cast_info ci  (cost=0.00..614943.12 rows=36225612 width=4) (actual time=0.014..11784.499 rows=36244344 loops=1)
  ->  Hash  (cost=73925.90..73925.90 rows=491303 width=4) (actual time=1210.121..1210.121 rows=352208 loops=1)
        Buckets: 131072  Batches: 8  Memory Usage: 2561kB
        ->  Seq Scan on title t  (cost=0.00..73925.90 rows=491303 width=4) (actual time=0.028..1095.969 rows=352208 loops=1)
              Filter: ((kind_id > 1) AND (production_year < 1989))
              Rows Removed by Filter: 2176104
Planning time: 0.748 ms
Execution time: 31245.696 ms
