Hash Join  (cost=80605.23..585730.58 rows=2372842 width=0) (actual time=1341.973..12589.373 rows=872497 loops=1)
  Hash Cond: (mi.movie_id = t.id)
  ->  Seq Scan on movie_info mi  (cost=0.00..309384.22 rows=14739122 width=4) (actual time=0.011..4619.764 rows=14835720 loops=1)
  ->  Hash  (cost=73925.90..73925.90 rows=407066 width=4) (actual time=1329.317..1329.317 rows=436028 loops=1)
        Buckets: 131072  Batches: 8  Memory Usage: 2949kB
        ->  Seq Scan on title t  (cost=0.00..73925.90 rows=407066 width=4) (actual time=0.011..1185.502 rows=436028 loops=1)
              Filter: ((kind_id > 4) AND (production_year > 2008))
              Rows Removed by Filter: 2092284
Planning time: 0.700 ms
Execution time: 12697.924 ms
