Hash Join  (cost=225532.37..1528206.77 rows=21765422 width=0) (actual time=4832.951..48842.847 rows=51429558 loops=1)
  Hash Cond: (ci.movie_id = t.id)
  ->  Seq Scan on cast_info ci  (cost=0.00..614943.12 rows=36225612 width=4) (actual time=0.014..12206.043 rows=36244344 loops=1)
  ->  Hash  (cost=200607.20..200607.20 rows=1519214 width=8) (actual time=4831.823..4831.823 rows=1502862 loops=1)
        Buckets: 131072  Batches: 32  Memory Usage: 2822kB
        ->  Hash Join  (cost=102767.86..200607.20 rows=1519214 width=8) (actual time=1837.182..4377.885 rows=1502862 loops=1)
              Hash Cond: (mc.movie_id = t.id)
              ->  Seq Scan on movie_companies mc  (cost=0.00..51404.11 rows=1519214 width=4) (actual time=0.022..881.127 rows=1502862 loops=1)
                    Filter: (company_id < 14048)
                    Rows Removed by Filter: 1106267
              ->  Hash  (cost=61283.27..61283.27 rows=2528527 width=4) (actual time=1835.474..1835.474 rows=2528312 loops=1)
                    Buckets: 131072  Batches: 64  Memory Usage: 2415kB
                    ->  Seq Scan on title t  (cost=0.00..61283.27 rows=2528527 width=4) (actual time=0.020..983.412 rows=2528312 loops=1)
Planning time: 1.096 ms
Execution time: 54223.440 ms
