Hash Join  (cost=101931.27..156845.64 rows=24883 width=0) (actual time=1715.702..2756.686 rows=131609 loops=1)
  Hash Cond: (mc.movie_id = t.id)
  ->  Seq Scan on movie_companies mc  (cost=0.00..44881.29 rows=2609129 width=4) (actual time=0.020..471.486 rows=2609129 loops=1)
  ->  Hash  (cost=101629.84..101629.84 rows=24115 width=8) (actual time=1715.435..1715.435 rows=38455 loops=1)
        Buckets: 65536 (originally 32768)  Batches: 1 (originally 1)  Memory Usage: 2015kB
        ->  Hash Join  (cost=74478.21..101629.84 rows=24115 width=8) (actual time=1114.179..1701.001 rows=38455 loops=1)
              Hash Cond: (mi_idx.movie_id = t.id)
              ->  Seq Scan on movie_info_idx mi_idx  (cost=0.00..21735.35 rows=1380035 width=4) (actual time=0.024..253.680 rows=1380035 loops=1)
              ->  Hash  (cost=73925.90..73925.90 rows=44184 width=4) (actual time=1113.824..1113.824 rows=35489 loops=1)
                    Buckets: 65536  Batches: 1  Memory Usage: 1760kB
                    ->  Seq Scan on title t  (cost=0.00..73925.90 rows=44184 width=4) (actual time=0.282..1098.603 rows=35489 loops=1)
                          Filter: ((kind_id < 7) AND (production_year = 2007))
                          Rows Removed by Filter: 2492823
Planning time: 2.530 ms
Execution time: 2773.659 ms
