Hash Join  (cost=102767.86..269094.86 rows=3135377 width=0) (actual time=2349.027..7160.643 rows=3120870 loops=1)
  Hash Cond: (mk.movie_id = t.id)
  ->  Seq Scan on movie_keyword mk  (cost=0.00..81003.12 rows=3135377 width=4) (actual time=0.019..1521.228 rows=3120870 loops=1)
        Filter: (keyword_id > 1906)
        Rows Removed by Filter: 1403060
  ->  Hash  (cost=61283.27..61283.27 rows=2528527 width=4) (actual time=2348.210..2348.210 rows=2528312 loops=1)
        Buckets: 131072  Batches: 64  Memory Usage: 2425kB
        ->  Seq Scan on title t  (cost=0.00..61283.27 rows=2528527 width=4) (actual time=0.022..822.992 rows=2528312 loops=1)
Planning time: 0.723 ms
Execution time: 7548.338 ms
