Seq Scan on movie_keyword mk  (cost=0.00..81003.12 rows=2757234 width=0) (actual time=0.021..1260.547 rows=2752106 loops=1)
  Filter: (keyword_id < 7824)
  Rows Removed by Filter: 1771824
Planning time: 0.796 ms
Execution time: 1586.210 ms
