Hash Join  (cost=117822.52..1165976.42 rows=1396974 width=0) (actual time=1984.343..25326.460 rows=257496 loops=1)
  Hash Cond: (ci.movie_id = t.id)
  ->  Seq Scan on cast_info ci  (cost=0.00..614943.12 rows=36225612 width=4) (actual time=0.019..11603.763 rows=36244344 loops=1)
  ->  Hash  (cost=116222.67..116222.67 rows=97508 width=8) (actual time=1983.044..1983.044 rows=15726 loops=1)
        Buckets: 131072  Batches: 2  Memory Usage: 1340kB
        ->  Hash Join  (cost=76857.10..116222.67 rows=97508 width=8) (actual time=1036.638..1976.551 rows=15726 loops=1)
              Hash Cond: (mi_idx.movie_id = t.id)
              ->  Seq Scan on movie_info_idx mi_idx  (cost=0.00..21735.35 rows=1380035 width=4) (actual time=0.021..423.845 rows=1380035 loops=1)
              ->  Hash  (cost=73925.90..73925.90 rows=178656 width=4) (actual time=1033.734..1033.734 rows=52230 loops=1)
                    Buckets: 131072  Batches: 4  Memory Usage: 1486kB
                    ->  Seq Scan on title t  (cost=0.00..73925.90 rows=178656 width=4) (actual time=0.025..1014.689 rows=52230 loops=1)
                          Filter: ((kind_id > 1) AND (production_year < 1960))
                          Rows Removed by Filter: 2476082
Planning time: 1.404 ms
Execution time: 25360.326 ms
