Seq Scan on title t  (cost=0.00..67604.59 rows=7437 width=0) (actual time=0.044..1027.902 rows=14054 loops=1)
  Filter: (production_year = 1975)
  Rows Removed by Filter: 2514258
Planning time: 0.375 ms
Execution time: 1030.981 ms
