Hash Join  (cost=90416.96..947557.62 rows=1461923 width=0) (actual time=12354.632..18279.757 rows=2141009 loops=1)
  Hash Cond: (ci.movie_id = t.id)
  ->  Seq Scan on cast_info ci  (cost=0.00..796071.18 rows=3677668 width=4) (actual time=11008.155..13860.665 rows=4008037 loops=1)
        Filter: ((person_id < 3509674) AND (role_id = 3))
        Rows Removed by Filter: 32236307
  ->  Hash  (cost=73925.90..73925.90 rows=1005124 width=4) (actual time=1345.315..1345.315 rows=1099095 loops=1)
        Buckets: 131072  Batches: 16  Memory Usage: 3447kB
        ->  Seq Scan on title t  (cost=0.00..73925.90 rows=1005124 width=4) (actual time=0.022..1038.492 rows=1099095 loops=1)
              Filter: ((production_year > 1994) AND (kind_id = 7))
              Rows Removed by Filter: 1429217
Planning time: 0.758 ms
Execution time: 18539.199 ms
