Seq Scan on cast_info ci  (cost=0.00..796071.18 rows=20276432 width=0) (actual time=0.014..14710.883 rows=19250648 loops=1)
  Filter: ((person_id > 1274938) AND (role_id < 10))
  Rows Removed by Filter: 16993696
Planning time: 0.391 ms
Execution time: 17051.390 ms
