Hash Join  (cost=190230.21..301333.33 rows=792314 width=0) (actual time=4169.076..7086.979 rows=3303536 loops=1)
  Hash Cond: (mk.movie_id = t.id)
  ->  Seq Scan on movie_keyword mk  (cost=0.00..81003.12 rows=1451694 width=4) (actual time=0.017..1216.544 rows=1462946 loops=1)
        Filter: (keyword_id > 11336)
        Rows Removed by Filter: 3060984
  ->  Hash  (cost=167588.78..167588.78 rows=1380035 width=8) (actual time=4168.284..4168.284 rows=1380035 loops=1)
        Buckets: 131072  Batches: 32  Memory Usage: 2726kB
        ->  Hash Join  (cost=102767.86..167588.78 rows=1380035 width=8) (actual time=1888.690..3793.465 rows=1380035 loops=1)
              Hash Cond: (mi_idx.movie_id = t.id)
              ->  Seq Scan on movie_info_idx mi_idx  (cost=0.00..21735.35 rows=1380035 width=4) (actual time=0.028..495.151 rows=1380035 loops=1)
              ->  Hash  (cost=61283.27..61283.27 rows=2528527 width=4) (actual time=1887.901..1887.901 rows=2528312 loops=1)
                    Buckets: 131072  Batches: 64  Memory Usage: 2415kB
                    ->  Seq Scan on title t  (cost=0.00..61283.27 rows=2528527 width=4) (actual time=0.025..1051.641 rows=2528312 loops=1)
Planning time: 1.070 ms
Execution time: 7496.281 ms
