Hash Join  (cost=346963.22..2107891.66 rows=57558527 width=0) (actual time=8223.153..83666.665 rows=192752731 loops=1)
  Hash Cond: (ci.movie_id = t.id)
  ->  Seq Scan on cast_info ci  (cost=0.00..614943.12 rows=36225612 width=4) (actual time=0.016..12269.966 rows=36244344 loops=1)
  ->  Hash  (cost=281049.82..281049.82 rows=4017552 width=8) (actual time=8220.889..8220.889 rows=3814675 loops=1)
        Buckets: 131072  Batches: 64  Memory Usage: 3316kB
        ->  Hash Join  (cost=104445.35..281049.82 rows=4017552 width=8) (actual time=1972.948..6857.946 rows=3814675 loops=1)
              Hash Cond: (mk.movie_id = t.id)
              ->  Seq Scan on movie_keyword mk  (cost=0.00..69693.30 rows=4523930 width=4) (actual time=0.021..1305.953 rows=4523930 loops=1)
              ->  Hash  (cost=67604.59..67604.59 rows=2245501 width=4) (actual time=1971.814..1971.814 rows=2235103 loops=1)
                    Buckets: 131072  Batches: 32  Memory Usage: 3492kB
                    ->  Seq Scan on title t  (cost=0.00..67604.59 rows=2245501 width=4) (actual time=0.020..1248.918 rows=2235103 loops=1)
                          Filter: (production_year > 1957)
                          Rows Removed by Filter: 293209
Planning time: 1.145 ms
Execution time: 103365.480 ms
