Nested Loop  (cost=0.43..798788.22 rows=185 width=0) (actual time=989.681..12372.605 rows=507 loops=1)
  ->  Seq Scan on cast_info ci  (cost=0.00..796071.18 rows=324 width=4) (actual time=989.616..12354.047 rows=676 loops=1)
        Filter: ((role_id > 1) AND (person_id = 2585653))
        Rows Removed by Filter: 36243668
  ->  Index Scan using title_pkey on title t  (cost=0.43..8.38 rows=1 width=4) (actual time=0.027..0.027 rows=1 loops=676)
        Index Cond: (id = ci.movie_id)
        Filter: (production_year < 2006)
        Rows Removed by Filter: 0
Planning time: 1.902 ms
Execution time: 12372.848 ms
