Hash Join  (cost=102767.86..200710.94 rows=293413 width=0) (actual time=1935.784..3677.075 rows=290304 loops=1)
  Hash Cond: (mk.movie_id = t.id)
  ->  Seq Scan on movie_keyword mk  (cost=0.00..81003.12 rows=293413 width=4) (actual time=0.022..1108.996 rows=290304 loops=1)
        Filter: (keyword_id > 55388)
        Rows Removed by Filter: 4233626
  ->  Hash  (cost=61283.27..61283.27 rows=2528527 width=4) (actual time=1933.528..1933.528 rows=2528312 loops=1)
        Buckets: 131072  Batches: 64  Memory Usage: 2425kB
        ->  Seq Scan on title t  (cost=0.00..61283.27 rows=2528527 width=4) (actual time=0.023..997.944 rows=2528312 loops=1)
Planning time: 0.666 ms
Execution time: 3713.950 ms
