Hash Join  (cost=192349.20..687970.72 rows=1916563 width=0) (actual time=4144.617..21235.781 rows=22955281 loops=1)
  Hash Cond: (mi.movie_id = t.id)
  ->  Seq Scan on movie_info mi  (cost=0.00..346232.03 rows=11115165 width=4) (actual time=81.438..6628.032 rows=11210743 loops=1)
        Filter: (info_type_id > 3)
        Rows Removed by Filter: 3624977
  ->  Hash  (cost=185195.35..185195.35 rows=435988 width=8) (actual time=4062.263..4062.263 rows=615357 loops=1)
        Buckets: 131072  Batches: 8  Memory Usage: 4110kB
        ->  Hash Join  (cost=79930.86..185195.35 rows=435988 width=8) (actual time=1525.785..3884.358 rows=615357 loops=1)
              Hash Cond: (mk.movie_id = t.id)
              ->  Seq Scan on movie_keyword mk  (cost=0.00..81003.12 rows=1467330 width=4) (actual time=0.034..1404.255 rows=1484357 loops=1)
                    Filter: (keyword_id < 2124)
                    Rows Removed by Filter: 3039573
              ->  Hash  (cost=67604.59..67604.59 rows=751302 width=4) (actual time=1524.414..1524.414 rows=755902 loops=1)
                    Buckets: 131072  Batches: 16  Memory Usage: 2692kB
                    ->  Seq Scan on title t  (cost=0.00..67604.59 rows=751302 width=4) (actual time=0.024..1264.018 rows=755902 loops=1)
                          Filter: (production_year < 1993)
                          Rows Removed by Filter: 1772410
Planning time: 1.169 ms
Execution time: 23597.449 ms
