Seq Scan on movie_companies mc  (cost=0.00..57926.93 rows=703143 width=0) (actual time=0.017..958.656 rows=443746 loops=1)
  Filter: ((company_id < 11763) AND (company_type_id > 1))
  Rows Removed by Filter: 2165383
Planning time: 0.308 ms
Execution time: 1015.753 ms
