Seq Scan on movie_keyword mk  (cost=0.00..81003.12 rows=2792451 width=0) (actual time=0.033..1411.843 rows=2781614 loops=1)
  Filter: (keyword_id < 8054)
  Rows Removed by Filter: 1742316
Planning time: 0.316 ms
Execution time: 1760.265 ms
