Hash Join  (cost=102767.86..188787.28 rows=756953 width=0) (actual time=2039.122..4347.563 rows=1040910 loops=1)
  Hash Cond: (mc.movie_id = t.id)
  ->  Seq Scan on movie_companies mc  (cost=0.00..57926.93 rows=756953 width=4) (actual time=1.337..1045.975 rows=1040910 loops=1)
        Filter: ((company_id < 14424) AND (company_type_id < 2))
        Rows Removed by Filter: 1568219
  ->  Hash  (cost=61283.27..61283.27 rows=2528527 width=4) (actual time=2036.522..2036.522 rows=2528312 loops=1)
        Buckets: 131072  Batches: 64  Memory Usage: 2415kB
        ->  Seq Scan on title t  (cost=0.00..61283.27 rows=2528527 width=4) (actual time=0.006..926.076 rows=2528312 loops=1)
Planning time: 0.790 ms
Execution time: 4474.378 ms
