Hash Join  (cost=100891.64..851855.17 rows=17437 width=0) (actual time=1499.076..16699.858 rows=153037 loops=1)
  Hash Cond: (ci.movie_id = t.id)
  ->  Seq Scan on cast_info ci  (cost=0.00..614943.12 rows=36225612 width=4) (actual time=0.021..7575.482 rows=36244344 loops=1)
  ->  Hash  (cost=100876.43..100876.43 rows=1217 width=8) (actual time=1498.154..1498.154 rows=6012 loops=1)
        Buckets: 8192 (originally 2048)  Batches: 1 (originally 1)  Memory Usage: 299kB
        ->  Hash Join  (cost=73953.78..100876.43 rows=1217 width=8) (actual time=927.346..1495.631 rows=6012 loops=1)
              Hash Cond: (mi_idx.movie_id = t.id)
              ->  Seq Scan on movie_info_idx mi_idx  (cost=0.00..21735.35 rows=1380035 width=4) (actual time=0.028..285.367 rows=1380035 loops=1)
              ->  Hash  (cost=73925.90..73925.90 rows=2230 width=4) (actual time=925.995..925.995 rows=4769 loops=1)
                    Buckets: 8192 (originally 4096)  Batches: 1 (originally 1)  Memory Usage: 232kB
                    ->  Seq Scan on title t  (cost=0.00..73925.90 rows=2230 width=4) (actual time=0.090..923.667 rows=4769 loops=1)
                          Filter: ((kind_id < 3) AND (production_year = 1973))
                          Rows Removed by Filter: 2523543
Planning time: 1.152 ms
Execution time: 16724.461 ms
