Seq Scan on movie_keyword mk  (cost=0.00..81003.12 rows=4062774 width=0) (actual time=0.048..1571.293 rows=4066257 loops=1)
  Filter: (keyword_id < 38754)
  Rows Removed by Filter: 457673
Planning time: 0.290 ms
Execution time: 2080.680 ms
