Seq Scan on title t  (cost=0.00..73925.90 rows=1963 width=0) (actual time=29.003..992.907 rows=4169 loops=1)
  Filter: ((kind_id < 2) AND (production_year = 1974))
  Rows Removed by Filter: 2524143
Planning time: 0.362 ms
Execution time: 993.964 ms
