Hash Join  (cost=810262.95..878794.75 rows=100564 width=0) (actual time=13572.180..15219.675 rows=203392 loops=1)
  Hash Cond: (mc.movie_id = t.id)
  ->  Seq Scan on movie_companies mc  (cost=0.00..51404.11 rows=1329612 width=4) (actual time=51.132..1049.505 rows=1334883 loops=1)
        Filter: (company_type_id = 2)
        Rows Removed by Filter: 1274246
  ->  Hash  (cost=807124.42..807124.42 rows=191242 width=8) (actual time=13520.246..13520.246 rows=172914 loops=1)
        Buckets: 131072  Batches: 4  Memory Usage: 2709kB
        ->  Hash Join  (cost=90260.67..807124.42 rows=191242 width=8) (actual time=8193.135..13467.238 rows=172914 loops=1)
              Hash Cond: (ci.movie_id = t.id)
              ->  Seq Scan on cast_info ci  (cost=0.00..705507.15 rows=350181 width=4) (actual time=6647.556..11532.288 rows=316118 loops=1)
                    Filter: (role_id > 10)
                    Rows Removed by Filter: 35928226
              ->  Hash  (cost=67604.59..67604.59 rows=1380887 width=4) (actual time=1544.092..1544.092 rows=1381453 loops=1)
                    Buckets: 131072  Batches: 32  Memory Usage: 2543kB
                    ->  Seq Scan on title t  (cost=0.00..67604.59 rows=1380887 width=4) (actual time=0.027..1107.901 rows=1381453 loops=1)
                          Filter: (production_year > 2000)
                          Rows Removed by Filter: 1146859
Planning time: 1.108 ms
Execution time: 15246.881 ms
