Seq Scan on movie_companies mc  (cost=0.00..51404.11 rows=715340 width=0) (actual time=0.036..831.227 rows=719920 loops=1)
  Filter: (company_id > 42324)
  Rows Removed by Filter: 1889209
Planning time: 0.295 ms
Execution time: 926.712 ms
