Seq Scan on movie_keyword mk  (cost=0.00..81003.12 rows=154522 width=0) (actual time=195.690..1161.538 rows=151802 loops=1)
  Filter: (keyword_id > 73665)
  Rows Removed by Filter: 4372128
Planning time: 0.295 ms
Execution time: 1182.993 ms
