Hash Join  (cost=212382.95..643878.79 rows=1140615 width=0) (actual time=4738.394..16272.567 rows=12536541 loops=1)
  Hash Cond: (mi.movie_id = t.id)
  ->  Seq Scan on movie_info mi  (cost=0.00..346232.03 rows=6231111 width=4) (actual time=759.486..6353.274 rows=6223494 loops=1)
        Filter: (info_type_id > 8)
        Rows Removed by Filter: 8612226
  ->  Hash  (cost=204788.31..204788.31 rows=462851 width=8) (actual time=3978.065..3978.065 rows=472545 loops=1)
        Buckets: 131072  Batches: 8  Memory Usage: 3394kB
        ->  Hash Join  (cost=102767.86..204788.31 rows=462851 width=8) (actual time=1876.529..3842.112 rows=472545 loops=1)
              Hash Cond: (mk.movie_id = t.id)
              ->  Seq Scan on movie_keyword mk  (cost=0.00..81003.12 rows=462851 width=4) (actual time=0.056..1234.228 rows=472545 loops=1)
                    Filter: (keyword_id < 359)
                    Rows Removed by Filter: 4051385
              ->  Hash  (cost=61283.27..61283.27 rows=2528527 width=4) (actual time=1875.648..1875.648 rows=2528312 loops=1)
                    Buckets: 131072  Batches: 64  Memory Usage: 2425kB
                    ->  Seq Scan on title t  (cost=0.00..61283.27 rows=2528527 width=4) (actual time=0.020..1012.349 rows=2528312 loops=1)
Planning time: 3.826 ms
Execution time: 17580.364 ms
