Hash Join  (cost=102767.86..269256.46 rows=3142122 width=0) (actual time=1815.014..6143.681 rows=3126260 loops=1)
  Hash Cond: (mk.movie_id = t.id)
  ->  Seq Scan on movie_keyword mk  (cost=0.00..81003.12 rows=3142122 width=4) (actual time=0.024..1660.394 rows=3126260 loops=1)
        Filter: (keyword_id < 11987)
        Rows Removed by Filter: 1397670
  ->  Hash  (cost=61283.27..61283.27 rows=2528527 width=4) (actual time=1812.870..1812.870 rows=2528312 loops=1)
        Buckets: 131072  Batches: 64  Memory Usage: 2425kB
        ->  Seq Scan on title t  (cost=0.00..61283.27 rows=2528527 width=4) (actual time=0.020..951.634 rows=2528312 loops=1)
Planning time: 0.751 ms
Execution time: 6502.558 ms
