Hash Join  (cost=102767.86..202483.97 rows=1326103 width=0) (actual time=1755.967..4292.669 rows=1328651 loops=1)
  Hash Cond: (mc.movie_id = t.id)
  ->  Seq Scan on movie_companies mc  (cost=0.00..57926.93 rows=1326103 width=4) (actual time=0.023..1140.622 rows=1328651 loops=1)
        Filter: ((company_id < 228975) AND (company_type_id > 1))
        Rows Removed by Filter: 1280478
  ->  Hash  (cost=61283.27..61283.27 rows=2528527 width=4) (actual time=1754.265..1754.265 rows=2528312 loops=1)
        Buckets: 131072  Batches: 64  Memory Usage: 2415kB
        ->  Seq Scan on title t  (cost=0.00..61283.27 rows=2528527 width=4) (actual time=0.017..882.692 rows=2528312 loops=1)
Planning time: 0.499 ms
Execution time: 4433.157 ms
