Hash Join  (cost=78556.72..216827.65 rows=1015999 width=0) (actual time=1947.034..5649.097 rows=2433132 loops=1)
  Hash Cond: (mk.movie_id = t.id)
  ->  Seq Scan on movie_keyword mk  (cost=0.00..81003.12 rows=3848482 width=4) (actual time=0.021..1501.056 rows=3845044 loops=1)
        Filter: (keyword_id < 27580)
        Rows Removed by Filter: 678886
  ->  Hash  (cost=67604.59..67604.59 rows=667531 width=4) (actual time=1945.947..1945.947 rows=662825 loops=1)
        Buckets: 131072  Batches: 16  Memory Usage: 2486kB
        ->  Seq Scan on title t  (cost=0.00..67604.59 rows=667531 width=4) (actual time=421.384..998.843 rows=662825 loops=1)
              Filter: (kind_id = 1)
              Rows Removed by Filter: 1865487
Planning time: 1.309 ms
Execution time: 5909.173 ms
