Seq Scan on cast_info ci  (cost=0.00..796071.18 rows=15964831 width=0) (actual time=0.013..14861.159 rows=14470258 loops=1)
  Filter: ((person_id > 1576293) AND (role_id < 8))
  Rows Removed by Filter: 21774086
Planning time: 1.730 ms
Execution time: 16666.561 ms
