Hash Join  (cost=67697.55..154488.65 rows=13306 width=0) (actual time=797.199..1613.220 rows=20967 loops=1)
  Hash Cond: (mk.movie_id = t.id)
  ->  Seq Scan on movie_keyword mk  (cost=0.00..69693.30 rows=4523930 width=4) (actual time=0.028..399.034 rows=4523930 loops=1)
  ->  Hash  (cost=67604.59..67604.59 rows=7437 width=4) (actual time=796.837..796.837 rows=2840 loops=1)
        Buckets: 8192  Batches: 1  Memory Usage: 164kB
        ->  Seq Scan on title t  (cost=0.00..67604.59 rows=7437 width=4) (actual time=0.096..795.261 rows=2840 loops=1)
              Filter: (production_year = 1948)
              Rows Removed by Filter: 2525472
Planning time: 0.689 ms
Execution time: 1614.933 ms
