Hash Join  (cost=191581.36..723891.34 rows=4920605 width=0) (actual time=3637.090..17862.934 rows=4302522 loops=1)
  Hash Cond: (mi.movie_id = t.id)
  ->  Seq Scan on movie_info mi  (cost=0.00..309384.22 rows=14739122 width=4) (actual time=0.023..5013.820 rows=14835720 loops=1)
  ->  Hash  (cost=177731.61..177731.61 rows=844140 width=8) (actual time=3634.346..3634.346 rows=423110 loops=1)
        Buckets: 131072  Batches: 16  Memory Usage: 2053kB
        ->  Hash Join  (cost=94973.51..177731.61 rows=844140 width=8) (actual time=1575.753..3491.766 rows=423110 loops=1)
              Hash Cond: (mc.movie_id = t.id)
              ->  Seq Scan on movie_companies mc  (cost=0.00..51404.11 rows=1279517 width=4) (actual time=0.024..854.233 rows=1274246 loops=1)
                    Filter: (company_type_id < 2)
                    Rows Removed by Filter: 1334883
              ->  Hash  (cost=67604.59..67604.59 rows=1668154 width=4) (actual time=1574.107..1574.107 rows=1674098 loops=1)
                    Buckets: 131072  Batches: 32  Memory Usage: 2869kB
                    ->  Seq Scan on title t  (cost=0.00..67604.59 rows=1668154 width=4) (actual time=0.025..1040.852 rows=1674098 loops=1)
                          Filter: (kind_id > 3)
                          Rows Removed by Filter: 854214
Planning time: 1.221 ms
Execution time: 18298.537 ms
