Seq Scan on movie_keyword mk  (cost=0.00..81003.12 rows=246 width=0) (actual time=0.298..1119.287 rows=1477 loops=1)
  Filter: (keyword_id = 1740)
  Rows Removed by Filter: 4522453
Planning time: 0.317 ms
Execution time: 1119.830 ms
