Hash Join  (cost=199531.19..279813.02 rows=379529 width=0) (actual time=3694.542..6825.153 rows=2014083 loops=1)
  Hash Cond: (mc.movie_id = t.id)
  ->  Seq Scan on movie_companies mc  (cost=0.00..44881.29 rows=2609129 width=4) (actual time=0.018..998.641 rows=2609129 loops=1)
  ->  Hash  (cost=193496.63..193496.63 rows=367805 width=8) (actual time=3693.550..3693.550 rows=313355 loops=1)
        Buckets: 131072  Batches: 8  Memory Usage: 2568kB
        ->  Hash Join  (cost=95159.82..193496.63 rows=367805 width=8) (actual time=1714.072..3595.529 rows=313355 loops=1)
              Hash Cond: (mk.movie_id = t.id)
              ->  Seq Scan on movie_keyword mk  (cost=0.00..81003.12 rows=553726 width=4) (actual time=0.019..1214.789 rows=553955 loops=1)
                    Filter: (keyword_id < 397)
                    Rows Removed by Filter: 3969975
              ->  Hash  (cost=67604.59..67604.59 rows=1679539 width=4) (actual time=1712.978..1712.978 rows=1673541 loops=1)
                    Buckets: 131072  Batches: 32  Memory Usage: 2874kB
                    ->  Seq Scan on title t  (cost=0.00..67604.59 rows=1679539 width=4) (actual time=0.023..1163.072 rows=1673541 loops=1)
                          Filter: (production_year > 1993)
                          Rows Removed by Filter: 854771
Planning time: 1.073 ms
Execution time: 7005.502 ms
