Hash Join  (cost=52284.39..416942.36 rows=204 width=0) (actual time=627.219..6277.280 rows=3697 loops=1)
  Hash Cond: (mi.movie_id = t.id)
  ->  Seq Scan on movie_info mi  (cost=0.00..309384.22 rows=14739122 width=4) (actual time=0.008..3169.985 rows=14835720 loops=1)
  ->  Hash  (cost=52283.95..52283.95 rows=35 width=8) (actual time=625.735..625.735 rows=68 loops=1)
        Buckets: 1024  Batches: 1  Memory Usage: 11kB
        ->  Nested Loop  (cost=0.43..52283.95 rows=35 width=8) (actual time=22.719..625.678 rows=68 loops=1)
              ->  Seq Scan on movie_companies mc  (cost=0.00..51404.11 rows=104 width=4) (actual time=22.642..623.652 rows=71 loops=1)
                    Filter: (company_id = 19467)
                    Rows Removed by Filter: 2609058
              ->  Index Scan using title_pkey on title t  (cost=0.43..8.45 rows=1 width=4) (actual time=0.026..0.026 rows=1 loops=71)
                    Index Cond: (id = mc.movie_id)
                    Filter: (kind_id < 4)
                    Rows Removed by Filter: 0
Planning time: 1.178 ms
Execution time: 6278.215 ms
