Hash Join  (cost=162829.61..201808.73 rows=74964 width=0) (actual time=3559.404..4670.197 rows=224487 loops=1)
  Hash Cond: (mi_idx.movie_id = t.id)
  ->  Seq Scan on movie_info_idx mi_idx  (cost=0.00..21735.35 rows=1380035 width=4) (actual time=0.013..449.717 rows=1380035 loops=1)
  ->  Hash  (cost=160575.73..160575.73 rows=137350 width=8) (actual time=3558.558..3558.558 rows=172651 loops=1)
        Buckets: 131072 (originally 131072)  Batches: 4 (originally 2)  Memory Usage: 3073kB
        ->  Hash Join  (cost=98137.04..160575.73 rows=137350 width=8) (actual time=1872.816..3496.398 rows=172651 loops=1)
              Hash Cond: (mc.movie_id = t.id)
              ->  Seq Scan on movie_companies mc  (cost=0.00..51404.11 rows=186617 width=4) (actual time=0.091..859.748 rows=186044 loops=1)
                    Filter: (company_id < 49)
                    Rows Removed by Filter: 2423085
              ->  Hash  (cost=67604.59..67604.59 rows=1860996 width=4) (actual time=1870.686..1870.686 rows=1865487 loops=1)
                    Buckets: 131072  Batches: 32  Memory Usage: 3079kB
                    ->  Seq Scan on title t  (cost=0.00..67604.59 rows=1860996 width=4) (actual time=0.024..1282.048 rows=1865487 loops=1)
                          Filter: (kind_id > 1)
                          Rows Removed by Filter: 662825
Planning time: 1.124 ms
Execution time: 4699.743 ms
