Seq Scan on movie_keyword mk  (cost=0.00..81003.12 rows=3270209 width=0) (actual time=0.025..1410.409 rows=3258405 loops=1)
  Filter: (keyword_id < 14127)
  Rows Removed by Filter: 1265525
Planning time: 0.285 ms
Execution time: 1813.002 ms
