Hash Join  (cost=85838.47..171216.88 rows=749189 width=0) (actual time=1398.220..4013.457 rows=1165667 loops=1)
  Hash Cond: (mc.movie_id = t.id)
  ->  Seq Scan on movie_companies mc  (cost=0.00..44881.29 rows=2609129 width=4) (actual time=0.009..874.011 rows=2609129 loops=1)
  ->  Hash  (cost=73925.90..73925.90 rows=726045 width=4) (actual time=1397.264..1397.264 rows=628133 loops=1)
        Buckets: 131072  Batches: 16  Memory Usage: 2403kB
        ->  Seq Scan on title t  (cost=0.00..73925.90 rows=726045 width=4) (actual time=0.003..1190.300 rows=628133 loops=1)
              Filter: ((kind_id < 7) AND (production_year > 1985))
              Rows Removed by Filter: 1900179
Planning time: 0.742 ms
Execution time: 4156.586 ms
