Hash Join  (cost=83074.74..432502.65 rows=83 width=0) (actual time=2972.192..6428.503 rows=1127 loops=1)
  Hash Cond: (mi.movie_id = t.id)
  ->  Seq Scan on movie_info mi  (cost=0.00..346232.03 rows=852012 width=4) (actual time=1571.977..4927.046 rows=900340 loops=1)
        Filter: (info_type_id > 94)
        Rows Removed by Filter: 13935380
  ->  Hash  (cost=83071.67..83071.67 rows=246 width=8) (actual time=1366.922..1366.922 rows=474 loops=1)
        Buckets: 1024  Batches: 1  Memory Usage: 27kB
        ->  Nested Loop  (cost=0.43..83071.67 rows=246 width=8) (actual time=0.438..1366.480 rows=474 loops=1)
              ->  Seq Scan on movie_keyword mk  (cost=0.00..81003.12 rows=246 width=4) (actual time=0.358..1336.687 rows=474 loops=1)
                    Filter: (keyword_id = 9976)
                    Rows Removed by Filter: 4523456
              ->  Index Only Scan using title_pkey on title t  (cost=0.43..8.40 rows=1 width=4) (actual time=0.060..0.061 rows=1 loops=474)
                    Index Cond: (id = mk.movie_id)
                    Heap Fetches: 474
Planning time: 1.155 ms
Execution time: 6428.860 ms
