Hash Join  (cost=92883.59..1038028.85 rows=7529761 width=0) (actual time=1723.822..22531.917 rows=7048727 loops=1)
  Hash Cond: (ci.movie_id = t.id)
  ->  Seq Scan on cast_info ci  (cost=0.00..705507.15 rows=12356700 width=4) (actual time=132.350..11859.180 rows=12278084 loops=1)
        Filter: (person_id < 1209407)
        Rows Removed by Filter: 23966260
  ->  Hash  (cost=67604.59..67604.59 rows=1540800 width=4) (actual time=1589.828..1589.828 rows=1543264 loops=1)
        Buckets: 131072  Batches: 32  Memory Usage: 2722kB
        ->  Seq Scan on title t  (cost=0.00..67604.59 rows=1540800 width=4) (actual time=0.029..1109.091 rows=1543264 loops=1)
              Filter: (kind_id = 7)
              Rows Removed by Filter: 985048
Planning time: 0.705 ms
Execution time: 23356.240 ms
