Seq Scan on title t  (cost=0.00..73925.90 rows=58551 width=0) (actual time=0.024..1071.657 rows=73511 loops=1)
  Filter: ((production_year < 2006) AND (kind_id = 3))
  Rows Removed by Filter: 2454801
Planning time: 0.361 ms
Execution time: 1081.483 ms
