Seq Scan on movie_keyword mk  (cost=0.00..81003.12 rows=4110937 width=0) (actual time=0.025..1562.765 rows=4117386 loops=1)
  Filter: (keyword_id < 42644)
  Rows Removed by Filter: 406544
Planning time: 0.305 ms
Execution time: 2090.807 ms
