Hash Join  (cost=74690.97..442914.61 rows=356772 width=0) (actual time=1473.798..9062.025 rows=601390 loops=1)
  Hash Cond: (mi.movie_id = t.id)
  ->  Seq Scan on movie_info mi  (cost=0.00..309384.22 rows=14739122 width=4) (actual time=0.021..3770.724 rows=14835720 loops=1)
  ->  Hash  (cost=73925.90..73925.90 rows=61205 width=4) (actual time=758.240..758.240 rows=61581 loops=1)
        Buckets: 65536  Batches: 1  Memory Usage: 2677kB
        ->  Seq Scan on title t  (cost=0.00..73925.90 rows=61205 width=4) (actual time=0.038..734.546 rows=61581 loops=1)
              Filter: ((production_year > 2011) AND (kind_id = 1))
              Rows Removed by Filter: 2466731
Planning time: 0.800 ms
Execution time: 9144.629 ms
