Hash Join  (cost=250404.64..1490603.63 rows=20091683 width=0) (actual time=5501.723..49603.516 rows=66537489 loops=1)
  Hash Cond: (ci.movie_id = t.id)
  ->  Seq Scan on cast_info ci  (cost=0.00..614943.12 rows=36225612 width=4) (actual time=0.019..12200.838 rows=36244344 loops=1)
  ->  Hash  (cost=227395.79..227395.79 rows=1402388 width=8) (actual time=5500.354..5500.354 rows=1416170 loops=1)
        Buckets: 131072  Batches: 32  Memory Usage: 2741kB
        ->  Hash Join  (cost=102767.86..227395.79 rows=1402388 width=8) (actual time=2133.006..5070.345 rows=1416170 loops=1)
              Hash Cond: (mk.movie_id = t.id)
              ->  Seq Scan on movie_keyword mk  (cost=0.00..81003.12 rows=1402388 width=4) (actual time=0.017..1408.403 rows=1416170 loops=1)
                    Filter: (keyword_id > 11793)
                    Rows Removed by Filter: 3107760
              ->  Hash  (cost=61283.27..61283.27 rows=2528527 width=4) (actual time=2131.160..2131.160 rows=2528312 loops=1)
                    Buckets: 131072  Batches: 64  Memory Usage: 2425kB
                    ->  Seq Scan on title t  (cost=0.00..61283.27 rows=2528527 width=4) (actual time=0.013..1016.434 rows=2528312 loops=1)
Planning time: 3.766 ms
Execution time: 56394.704 ms
