Hash Join  (cost=28268.01..878009.53 rows=172 width=0) (actual time=7620.641..17961.852 rows=3159 loops=1)
  Hash Cond: (ci.movie_id = t.id)
  ->  Seq Scan on cast_info ci  (cost=0.00..796071.18 rows=14311637 width=4) (actual time=7200.506..15479.748 rows=14984204 loops=1)
        Filter: ((person_id > 393553) AND (role_id > 2))
        Rows Removed by Filter: 21260140
  ->  Hash  (cost=28267.64..28267.64 rows=30 width=8) (actual time=403.271..403.271 rows=20 loops=1)
        Buckets: 1024  Batches: 1  Memory Usage: 9kB
        ->  Nested Loop  (cost=0.43..28267.64 rows=30 width=8) (actual time=198.874..403.242 rows=20 loops=1)
              ->  Seq Scan on movie_info_idx mi_idx  (cost=0.00..25185.44 rows=368 width=4) (actual time=198.513..392.716 rows=260 loops=1)
                    Filter: (info_type_id > 101)
                    Rows Removed by Filter: 1379775
              ->  Index Scan using title_pkey on title t  (cost=0.43..8.37 rows=1 width=4) (actual time=0.040..0.040 rows=0 loops=260)
                    Index Cond: (id = mi_idx.movie_id)
                    Filter: ((kind_id < 7) AND (production_year > 2009))
                    Rows Removed by Filter: 1
Planning time: 1.193 ms
Execution time: 17963.090 ms
