Seq Scan on cast_info ci  (cost=0.00..705507.15 rows=15001444 width=0) (actual time=1462.203..9544.814 rows=15174409 loops=1)
  Filter: (person_id > 2127079)
  Rows Removed by Filter: 21069935
Planning time: 0.310 ms
Execution time: 11192.457 ms
