Hash Join  (cost=87162.74..165190.43 rows=366517 width=0) (actual time=1924.936..3645.489 rows=816536 loops=1)
  Hash Cond: (mc.movie_id = t.id)
  ->  Seq Scan on movie_companies mc  (cost=0.00..57926.93 rows=1148690 width=4) (actual time=118.177..960.678 rows=1073330 loops=1)
        Filter: ((company_id > 135) AND (company_type_id = 1))
        Rows Removed by Filter: 1535799
  ->  Hash  (cost=73925.90..73925.90 rows=806787 width=4) (actual time=1805.583..1805.583 rows=843018 loops=1)
        Buckets: 131072  Batches: 16  Memory Usage: 2879kB
        ->  Seq Scan on title t  (cost=0.00..73925.90 rows=806787 width=4) (actual time=0.023..1047.353 rows=843018 loops=1)
              Filter: ((kind_id < 7) AND (production_year < 2011))
              Rows Removed by Filter: 1685294
Planning time: 0.504 ms
Execution time: 3747.025 ms
