Seq Scan on movie_companies mc  (cost=0.00..57926.93 rows=1098702 width=0) (actual time=0.022..898.290 rows=1225812 loops=1)
  Filter: ((company_id > 364) AND (company_type_id > 1))
  Rows Removed by Filter: 1383317
Planning time: 0.296 ms
Execution time: 1031.653 ms
