Seq Scan on cast_info ci  (cost=0.00..705507.15 rows=500 width=0) (actual time=4654.799..9837.254 rows=2085 loops=1)
  Filter: (person_id = 300227)
  Rows Removed by Filter: 36242259
Planning time: 0.566 ms
Execution time: 9837.524 ms
