Seq Scan on movie_companies mc  (cost=0.00..57926.93 rows=808623 width=0) (actual time=396.953..702.064 rows=1023931 loops=1)
  Filter: ((company_id > 5441) AND (company_type_id = 2))
  Rows Removed by Filter: 1585198
Planning time: 0.409 ms
Execution time: 783.634 ms
