Hash Join  (cost=52284.99..138944.89 rows=186 width=0) (actual time=829.345..2594.298 rows=1264 loops=1)
  Hash Cond: (mk.movie_id = t.id)
  ->  Seq Scan on movie_keyword mk  (cost=0.00..69693.30 rows=4523930 width=4) (actual time=0.022..970.066 rows=4523930 loops=1)
  ->  Hash  (cost=52283.69..52283.69 rows=104 width=8) (actual time=826.338..826.338 rows=1077 loops=1)
        Buckets: 2048 (originally 1024)  Batches: 1 (originally 1)  Memory Usage: 59kB
        ->  Nested Loop  (cost=0.43..52283.69 rows=104 width=8) (actual time=32.250..825.635 rows=1077 loops=1)
              ->  Seq Scan on movie_companies mc  (cost=0.00..51404.11 rows=104 width=4) (actual time=32.142..803.416 rows=1077 loops=1)
                    Filter: (company_id = 1841)
                    Rows Removed by Filter: 2608052
              ->  Index Only Scan using title_pkey on title t  (cost=0.43..8.45 rows=1 width=4) (actual time=0.019..0.020 rows=1 loops=1077)
                    Index Cond: (id = mc.movie_id)
                    Heap Fetches: 1077
Planning time: 1.106 ms
Execution time: 2594.597 ms
