Nested Loop  (cost=0.43..83072.90 rows=8 width=0) (actual time=17.631..1295.185 rows=12 loops=1)
  ->  Seq Scan on movie_keyword mk  (cost=0.00..81003.12 rows=246 width=4) (actual time=0.054..1232.410 rows=2543 loops=1)
        Filter: (keyword_id = 1082)
        Rows Removed by Filter: 4521387
  ->  Index Scan using title_pkey on title t  (cost=0.43..8.40 rows=1 width=4) (actual time=0.024..0.024 rows=0 loops=2543)
        Index Cond: (id = mk.movie_id)
        Filter: ((kind_id = 7) AND (production_year = 2008))
        Rows Removed by Filter: 1
Planning time: 0.764 ms
Execution time: 1295.293 ms
