Seq Scan on cast_info ci  (cost=0.00..796071.18 rows=100976 width=0) (actual time=5547.260..10920.189 rows=429093 loops=1)
  Filter: ((person_id > 3158936) AND (role_id = 6))
  Rows Removed by Filter: 35815251
Planning time: 0.382 ms
Execution time: 10974.771 ms
