Hash Join  (cost=76423.37..130692.62 rows=11233 width=0) (actual time=1339.275..2302.494 rows=7775 loops=1)
  Hash Cond: (mc.movie_id = t.id)
  ->  Seq Scan on movie_companies mc  (cost=0.00..51404.11 rows=186617 width=4) (actual time=0.059..818.872 rows=186044 loops=1)
        Filter: (company_id < 49)
        Rows Removed by Filter: 2423085
  ->  Hash  (cost=73925.90..73925.90 rows=152197 width=4) (actual time=1338.537..1338.537 rows=287134 loops=1)
        Buckets: 131072 (originally 131072)  Batches: 4 (originally 2)  Memory Usage: 3548kB
        ->  Seq Scan on title t  (cost=0.00..73925.90 rows=152197 width=4) (actual time=16.791..1238.813 rows=287134 loops=1)
              Filter: ((kind_id < 2) AND (production_year < 1984))
              Rows Removed by Filter: 2241178
Planning time: 0.797 ms
Execution time: 2304.056 ms
