Hash Join  (cost=79677.10..140080.20 rows=123128 width=0) (actual time=1694.421..2834.175 rows=162479 loops=1)
  Hash Cond: (mc.movie_id = t.id)
  ->  Seq Scan on movie_companies mc  (cost=0.00..51404.11 rows=423122 width=4) (actual time=33.440..828.139 rows=427459 loops=1)
        Filter: (company_id > 79437)
        Rows Removed by Filter: 2181670
  ->  Hash  (cost=67604.59..67604.59 rows=735801 width=4) (actual time=1659.867..1659.867 rows=730985 loops=1)
        Buckets: 131072  Batches: 16  Memory Usage: 2631kB
        ->  Seq Scan on title t  (cost=0.00..67604.59 rows=735801 width=4) (actual time=0.021..1137.425 rows=730985 loops=1)
              Filter: (production_year < 1992)
              Rows Removed by Filter: 1797327
Planning time: 0.734 ms
Execution time: 2852.300 ms
