Hash Join  (cost=83074.74..476813.70 rows=1232 width=0) (actual time=1112.828..8690.349 rows=24635 loops=1)
  Hash Cond: (mi.movie_id = t.id)
  ->  Seq Scan on movie_info mi  (cost=0.00..346232.03 rows=12665229 width=4) (actual time=0.028..5682.281 rows=12744652 loops=1)
        Filter: (info_type_id > 2)
        Rows Removed by Filter: 2091068
  ->  Hash  (cost=83071.67..83071.67 rows=246 width=8) (actual time=1112.205..1112.205 rows=637 loops=1)
        Buckets: 1024  Batches: 1  Memory Usage: 33kB
        ->  Nested Loop  (cost=0.43..83071.67 rows=246 width=8) (actual time=0.730..1111.704 rows=637 loops=1)
              ->  Seq Scan on movie_keyword mk  (cost=0.00..81003.12 rows=246 width=4) (actual time=0.692..1073.811 rows=637 loops=1)
                    Filter: (keyword_id = 3319)
                    Rows Removed by Filter: 4523293
              ->  Index Only Scan using title_pkey on title t  (cost=0.43..8.40 rows=1 width=4) (actual time=0.057..0.058 rows=1 loops=637)
                    Index Cond: (id = mk.movie_id)
                    Heap Fetches: 637
Planning time: 1.120 ms
Execution time: 8694.885 ms
