Hash Join  (cost=581121.89..1882250.26 rows=8390919 width=0) (actual time=13917.004..48959.601 rows=11989509 loops=1)
  Hash Cond: (ci.movie_id = t.id)
  ->  Seq Scan on cast_info ci  (cost=0.00..614943.12 rows=36225612 width=4) (actual time=0.020..13055.424 rows=36244344 loops=1)
  ->  Hash  (cost=571512.88..571512.88 rows=585681 width=8) (actual time=13915.900..13915.900 rows=812860 loops=1)
        Buckets: 131072 (originally 131072)  Batches: 16 (originally 8)  Memory Usage: 3073kB
        ->  Hash Join  (cost=69484.36..571512.88 rows=585681 width=8) (actual time=1266.632..13383.788 rows=812860 loops=1)
              Hash Cond: (mi.movie_id = t.id)
              ->  Seq Scan on movie_info mi  (cost=0.00..346232.03 rows=12928982 width=4) (actual time=0.016..6947.785 rows=12970088 loops=1)
                    Filter: (info_type_id < 18)
                    Rows Removed by Filter: 1865632
              ->  Hash  (cost=67604.59..67604.59 rows=114542 width=4) (actual time=1256.027..1256.027 rows=118234 loops=1)
                    Buckets: 131072  Batches: 2  Memory Usage: 3107kB
                    ->  Seq Scan on title t  (cost=0.00..67604.59 rows=114542 width=4) (actual time=0.025..1213.270 rows=118234 loops=1)
                          Filter: (kind_id = 4)
                          Rows Removed by Filter: 2410078
Planning time: 1.229 ms
Execution time: 50381.021 ms
