Hash Join  (cost=709675.15..736585.96 rows=33 width=0) (actual time=9571.923..10036.765 rows=6 loops=1)
  Hash Cond: (mi_idx.movie_id = t.id)
  ->  Seq Scan on movie_info_idx mi_idx  (cost=0.00..21735.35 rows=1380035 width=4) (actual time=0.017..252.548 rows=1380035 loops=1)
  ->  Hash  (cost=709674.40..709674.40 rows=60 width=8) (actual time=9527.086..9527.086 rows=2 loops=1)
        Buckets: 1024  Batches: 1  Memory Usage: 9kB
        ->  Nested Loop  (cost=0.43..709674.40 rows=60 width=8) (actual time=7315.111..9527.039 rows=2 loops=1)
              ->  Seq Scan on cast_info ci  (cost=0.00..705507.15 rows=500 width=4) (actual time=1124.973..9511.047 rows=1337 loops=1)
                    Filter: (person_id = 1148486)
                    Rows Removed by Filter: 36243007
              ->  Index Scan using title_pkey on title t  (cost=0.43..8.32 rows=1 width=4) (actual time=0.011..0.011 rows=0 loops=1337)
                    Index Cond: (id = ci.movie_id)
                    Filter: ((kind_id < 7) AND (production_year < 1994))
                    Rows Removed by Filter: 1
Planning time: 1.168 ms
Execution time: 10036.911 ms
