Seq Scan on cast_info ci  (cost=0.00..705507.15 rows=500 width=0) (actual time=6264.342..9807.713 rows=4 loops=1)
  Filter: (person_id = 2808917)
  Rows Removed by Filter: 36244340
Planning time: 0.337 ms
Execution time: 9807.815 ms
