Seq Scan on title t  (cost=0.00..67604.59 rows=2366870 width=0) (actual time=0.027..1058.156 rows=2363319 loops=1)
  Filter: (production_year > 1921)
  Rows Removed by Filter: 164993
Planning time: 0.307 ms
Execution time: 1351.815 ms
