Hash Join  (cost=80661.47..177476.26 rows=174929 width=0) (actual time=1151.142..3264.084 rows=541828 loops=1)
  Hash Cond: (mk.movie_id = t.id)
  ->  Seq Scan on movie_keyword mk  (cost=0.00..81003.12 rows=1077434 width=4) (actual time=0.014..1408.587 rows=1088237 loops=1)
        Filter: (keyword_id > 16264)
        Rows Removed by Filter: 3435693
  ->  Hash  (cost=73925.90..73925.90 rows=410525 width=4) (actual time=1150.447..1150.447 rows=456146 loops=1)
        Buckets: 131072  Batches: 8  Memory Usage: 3048kB
        ->  Seq Scan on title t  (cost=0.00..73925.90 rows=410525 width=4) (actual time=0.017..1009.890 rows=456146 loops=1)
              Filter: ((production_year < 2007) AND (kind_id = 1))
              Rows Removed by Filter: 2072166
Planning time: 0.749 ms
Execution time: 3333.246 ms
