Seq Scan on cast_info ci  (cost=0.00..796071.18 rows=1180152 width=0) (actual time=8263.717..10446.452 rows=2332801 loops=1)
  Filter: ((person_id < 313397) AND (role_id = 1))
  Rows Removed by Filter: 33911543
Planning time: 0.385 ms
Execution time: 10749.172 ms
