Hash Join  (cost=447605.59..1516310.15 rows=1913559 width=0) (actual time=6582.738..42252.685 rows=20572252 loops=1)
  Hash Cond: (ci.movie_id = t.id)
  ->  Seq Scan on cast_info ci  (cost=0.00..705507.15 rows=29701565 width=4) (actual time=0.020..14630.598 rows=29807766 loops=1)
        Filter: (person_id > 621602)
        Rows Removed by Filter: 6436578
  ->  Hash  (cost=444932.30..444932.30 rows=162903 width=8) (actual time=6581.800..6581.800 rows=417206 loops=1)
        Buckets: 131072 (originally 131072)  Batches: 8 (originally 4)  Memory Usage: 3073kB
        ->  Hash Join  (cost=88195.18..444932.30 rows=162903 width=8) (actual time=2800.992..6454.177 rows=417206 loops=1)
              Hash Cond: (mi.movie_id = t.id)
              ->  Seq Scan on movie_info mi  (cost=0.00..346232.03 rows=473617 width=4) (actual time=1021.608..4077.724 rows=486554 loops=1)
                    Filter: (info_type_id = 5)
                    Rows Removed by Filter: 14349166
              ->  Hash  (cost=73925.90..73925.90 rows=869702 width=4) (actual time=1778.227..1778.227 rows=896788 loops=1)
                    Buckets: 131072  Batches: 16  Memory Usage: 3007kB
                    ->  Seq Scan on title t  (cost=0.00..73925.90 rows=869702 width=4) (actual time=0.018..1152.321 rows=896788 loops=1)
                          Filter: ((kind_id < 7) AND (production_year < 2012))
                          Rows Removed by Filter: 1631524
Planning time: 1.632 ms
Execution time: 44369.844 ms
