Seq Scan on movie_keyword mk  (cost=0.00..81003.12 rows=1325618 width=0) (actual time=0.027..1195.793 rows=1345258 loops=1)
  Filter: (keyword_id < 1752)
  Rows Removed by Filter: 3178672
Planning time: 0.295 ms
Execution time: 1352.576 ms
