Hash Join  (cost=97062.01..188946.99 rows=16649 width=0) (actual time=1004.562..2826.268 rows=89720 loops=1)
  Hash Cond: (mk.movie_id = t.id)
  ->  Seq Scan on movie_keyword mk  (cost=0.00..81003.12 rows=2857432 width=4) (actual time=0.033..1335.951 rows=2846882 loops=1)
        Filter: (keyword_id < 8674)
        Rows Removed by Filter: 1677048
  ->  Hash  (cost=96877.85..96877.85 rows=14733 width=8) (actual time=1004.355..1004.355 rows=17996 loops=1)
        Buckets: 32768 (originally 16384)  Batches: 1 (originally 1)  Memory Usage: 959kB
        ->  Hash Join  (cost=68113.45..96877.85 rows=14733 width=8) (actual time=566.197..999.551 rows=17996 loops=1)
              Hash Cond: (mi_idx.movie_id = t.id)
              ->  Seq Scan on movie_info_idx mi_idx  (cost=0.00..25185.44 rows=915101 width=4) (actual time=0.016..300.698 rows=919850 loops=1)
                    Filter: (info_type_id < 101)
                    Rows Removed by Filter: 460185
              ->  Hash  (cost=67604.59..67604.59 rows=40709 width=4) (actual time=565.844..565.844 rows=38955 loops=1)
                    Buckets: 65536  Batches: 1  Memory Usage: 1882kB
                    ->  Seq Scan on title t  (cost=0.00..67604.59 rows=40709 width=4) (actual time=0.050..553.636 rows=38955 loops=1)
                          Filter: (production_year = 1997)
                          Rows Removed by Filter: 2489357
Planning time: 1.200 ms
Execution time: 2838.630 ms
