Hash Join  (cost=73983.02..825426.77 rows=65459 width=0) (actual time=1024.853..15862.582 rows=136747 loops=1)
  Hash Cond: (ci.movie_id = t.id)
  ->  Seq Scan on cast_info ci  (cost=0.00..614943.12 rows=36225612 width=4) (actual time=0.010..7193.493 rows=36244344 loops=1)
  ->  Hash  (cost=73925.90..73925.90 rows=4569 width=4) (actual time=1024.551..1024.551 rows=9541 loops=1)
        Buckets: 16384 (originally 8192)  Batches: 1 (originally 1)  Memory Usage: 464kB
        ->  Seq Scan on title t  (cost=0.00..73925.90 rows=4569 width=4) (actual time=0.058..1019.982 rows=9541 loops=1)
              Filter: ((kind_id > 4) AND (production_year = 1984))
              Rows Removed by Filter: 2518771
Planning time: 0.762 ms
Execution time: 15884.074 ms
