Hash Join  (cost=78556.72..205825.40 rows=811482 width=0) (actual time=1741.530..5509.203 rows=1979793 loops=1)
  Hash Cond: (mk.movie_id = t.id)
  ->  Seq Scan on movie_keyword mk  (cost=0.00..81003.12 rows=3073796 width=4) (actual time=0.017..1719.180 rows=3062454 loops=1)
        Filter: (keyword_id < 11360)
        Rows Removed by Filter: 1461476
  ->  Hash  (cost=67604.59..67604.59 rows=667531 width=4) (actual time=1732.266..1732.266 rows=662825 loops=1)
        Buckets: 131072  Batches: 16  Memory Usage: 2486kB
        ->  Seq Scan on title t  (cost=0.00..67604.59 rows=667531 width=4) (actual time=0.539..1220.890 rows=662825 loops=1)
              Filter: (kind_id = 1)
              Rows Removed by Filter: 1865487
Planning time: 0.765 ms
Execution time: 5765.938 ms
