Seq Scan on cast_info ci  (cost=0.00..796071.18 rows=176 width=0) (actual time=2252.919..12548.739 rows=311 loops=1)
  Filter: ((role_id < 2) AND (person_id = 86019))
  Rows Removed by Filter: 36244033
Planning time: 0.397 ms
Execution time: 12548.883 ms
