Hash Join  (cost=67697.55..96341.54 rows=2692 width=0) (actual time=1000.430..1402.412 rows=2 loops=1)
  Hash Cond: (mi_idx.movie_id = t.id)
  ->  Seq Scan on movie_info_idx mi_idx  (cost=0.00..25185.44 rows=915101 width=4) (actual time=0.026..350.041 rows=919850 loops=1)
        Filter: (info_type_id < 101)
        Rows Removed by Filter: 460185
  ->  Hash  (cost=67604.59..67604.59 rows=7437 width=4) (actual time=944.323..944.323 rows=3077 loops=1)
        Buckets: 8192  Batches: 1  Memory Usage: 173kB
        ->  Seq Scan on title t  (cost=0.00..67604.59 rows=7437 width=4) (actual time=0.044..942.713 rows=3077 loops=1)
              Filter: (production_year = 2014)
              Rows Removed by Filter: 2525235
Planning time: 0.723 ms
Execution time: 1402.486 ms
