Hash Join  (cost=145459.16..970439.39 rows=286793 width=0) (actual time=3673.372..15274.667 rows=230331 loops=1)
  Hash Cond: (ci.movie_id = t.id)
  ->  Seq Scan on cast_info ci  (cost=0.00..796071.18 rows=2137364 width=4) (actual time=726.188..10995.463 rows=734327 loops=1)
        Filter: ((person_id < 1308511) AND (role_id > 8))
        Rows Removed by Filter: 35510017
  ->  Hash  (cost=139892.16..139892.16 rows=339280 width=8) (actual time=2945.772..2945.772 rows=250045 loops=1)
        Buckets: 131072  Batches: 8  Memory Usage: 2248kB
        ->  Hash Join  (cost=98137.04..139892.16 rows=339280 width=8) (actual time=1701.189..2862.623 rows=250045 loops=1)
              Hash Cond: (mi_idx.movie_id = t.id)
              ->  Seq Scan on movie_info_idx mi_idx  (cost=0.00..25185.44 rows=460978 width=4) (actual time=0.016..491.366 rows=459925 loops=1)
                    Filter: (info_type_id = 99)
                    Rows Removed by Filter: 920110
              ->  Hash  (cost=67604.59..67604.59 rows=1860996 width=4) (actual time=1699.651..1699.651 rows=1865487 loops=1)
                    Buckets: 131072  Batches: 32  Memory Usage: 3079kB
                    ->  Seq Scan on title t  (cost=0.00..67604.59 rows=1860996 width=4) (actual time=0.013..1109.183 rows=1865487 loops=1)
                          Filter: (kind_id > 1)
                          Rows Removed by Filter: 662825
Planning time: 1.187 ms
Execution time: 15303.965 ms
