Hash Join  (cost=125097.13..922959.19 rows=1160 width=0) (actual time=1337.242..11024.868 rows=3069 loops=1)
  Hash Cond: (ci.movie_id = t.id)
  ->  Seq Scan on cast_info ci  (cost=0.00..796071.18 rows=474474 width=4) (actual time=0.016..9603.756 rows=452358 loops=1)
        Filter: ((person_id < 56034) AND (role_id < 7))
        Rows Removed by Filter: 35791986
  ->  Hash  (cost=125019.85..125019.85 rows=6183 width=8) (actual time=1336.504..1336.504 rows=5871 loops=1)
        Buckets: 8192  Batches: 1  Memory Usage: 294kB
        ->  Nested Loop  (cost=0.43..125019.85 rows=6183 width=8) (actual time=0.177..1332.867 rows=5871 loops=1)
              ->  Seq Scan on movie_keyword mk  (cost=0.00..81003.12 rows=6183 width=4) (actual time=0.122..1176.209 rows=5871 loops=1)
                    Filter: (keyword_id = 2860)
                    Rows Removed by Filter: 4518059
              ->  Index Only Scan using title_pkey on title t  (cost=0.43..7.11 rows=1 width=4) (actual time=0.025..0.026 rows=1 loops=5871)
                    Index Cond: (id = mk.movie_id)
                    Heap Fetches: 5871
Planning time: 1.159 ms
Execution time: 11025.523 ms
