Hash Join  (cost=74617.32..135399.83 rows=15740 width=0) (actual time=951.535..2078.759 rows=23536 loops=1)
  Hash Cond: (mc.movie_id = t.id)
  ->  Seq Scan on movie_companies mc  (cost=0.00..57926.93 rows=719514 width=4) (actual time=6.920..898.823 rows=990751 loops=1)
        Filter: ((company_id < 13114) AND (company_type_id < 2))
        Rows Removed by Filter: 1618378
  ->  Hash  (cost=73925.90..73925.90 rows=55313 width=4) (actual time=944.292..944.292 rows=49075 loops=1)
        Buckets: 65536  Batches: 1  Memory Usage: 2238kB
        ->  Seq Scan on title t  (cost=0.00..73925.90 rows=55313 width=4) (actual time=0.040..926.121 rows=49075 loops=1)
              Filter: ((kind_id < 7) AND (production_year = 2010))
              Rows Removed by Filter: 2479237
Planning time: 0.561 ms
Execution time: 2082.394 ms
