Hash Join  (cost=271312.71..373003.99 rows=456566 width=146) (actual time=6396.000..10946.361 rows=3469105 loops=1)
  Hash Cond: (mc.movie_id = t.id)
  ->  Seq Scan on movie_companies mc  (cost=0.00..51404.11 rows=1814538 width=40) (actual time=0.015..1182.541 rows=1825415 loops=1)
        Filter: (company_id > 1700)
        Rows Removed by Filter: 783714
  ->  Hash  (cost=252797.01..252797.01 rows=636216 width=106) (actual time=6394.820..6394.820 rows=732201 loops=1)
        Buckets: 32768  Batches: 32  Memory Usage: 3167kB
        ->  Hash Join  (cost=123675.21..252797.01 rows=636216 width=106) (actual time=3065.178..5965.700 rows=732201 loops=1)
              Hash Cond: (mk.movie_id = t.id)
              ->  Seq Scan on movie_keyword mk  (cost=0.00..81003.12 rows=778902 width=12) (actual time=0.028..1592.128 rows=781566 loops=1)
                    Filter: (keyword_id < 746)
                    Rows Removed by Filter: 3742364
              ->  Hash  (cost=67604.59..67604.59 rows=2065330 width=94) (actual time=3063.946..3063.946 rows=2064552 loops=1)
                    Buckets: 32768  Batches: 128  Memory Usage: 2069kB
                    ->  Seq Scan on title t  (cost=0.00..67604.59 rows=2065330 width=94) (actual time=0.023..1502.789 rows=2064552 loops=1)
                          Filter: (production_year < 2011)
                          Rows Removed by Filter: 463760
Planning time: 9.572 ms
Execution time: 11141.662 ms
