Hash Join  (cost=129928.86..321037.45 rows=2808521 width=106) (actual time=1006.499..3523.247 rows=2800070 loops=1)
  Hash Cond: (mk.movie_id = t.id)
  ->  Seq Scan on movie_keyword mk  (cost=0.00..81003.12 rows=2808521 width=12) (actual time=0.011..730.163 rows=2800070 loops=1)
        Filter: (keyword_id < 8227)
        Rows Removed by Filter: 1723860
  ->  Hash  (cost=61283.27..61283.27 rows=2528527 width=94) (actual time=1005.236..1005.236 rows=2528312 loops=1)
        Buckets: 32768  Batches: 128  Memory Usage: 2470kB
        ->  Seq Scan on title t  (cost=0.00..61283.27 rows=2528527 width=94) (actual time=0.018..373.618 rows=2528312 loops=1)
Planning time: 0.512 ms
Execution time: 3615.387 ms
