Hash Join  (cost=129455.46..495566.46 rows=145507 width=0) (actual time=2683.823..9886.965 rows=65656 loops=1)
  Hash Cond: (mi.movie_id = t.id)
  ->  Seq Scan on movie_info mi  (cost=0.00..309384.22 rows=14739122 width=4) (actual time=0.015..4368.273 rows=14835720 loops=1)
  ->  Hash  (cost=129143.44..129143.44 rows=24962 width=8) (actual time=2548.831..2548.831 rows=8534 loops=1)
        Buckets: 32768  Batches: 1  Memory Usage: 590kB
        ->  Hash Join  (cost=74228.29..129143.44 rows=24962 width=8) (actual time=1228.390..2545.133 rows=8534 loops=1)
              Hash Cond: (mc.movie_id = t.id)
              ->  Seq Scan on movie_companies mc  (cost=0.00..44881.29 rows=2609129 width=4) (actual time=0.027..658.830 rows=2609129 loops=1)
              ->  Hash  (cost=73925.90..73925.90 rows=24191 width=4) (actual time=1227.771..1227.771 rows=24602 loops=1)
                    Buckets: 32768  Batches: 1  Memory Usage: 1121kB
                    ->  Seq Scan on title t  (cost=0.00..73925.90 rows=24191 width=4) (actual time=0.009..1209.682 rows=24602 loops=1)
                          Filter: ((kind_id = 7) AND (production_year = 1995))
                          Rows Removed by Filter: 2503710
Planning time: 1.122 ms
Execution time: 9895.685 ms
