Hash Join  (cost=164960.81..281297.85 rows=754626 width=0) (actual time=3695.824..7975.517 rows=3969041 loops=1)
  Hash Cond: (mk.movie_id = t.id)
  ->  Seq Scan on movie_keyword mk  (cost=0.00..81003.12 rows=2095376 width=4) (actual time=0.026..1659.451 rows=2092386 loops=1)
        Filter: (keyword_id > 5761)
        Rows Removed by Filter: 2431544
  ->  Hash  (cost=150020.05..150020.05 rows=910621 width=8) (actual time=3694.836..3694.836 rows=1068706 loops=1)
        Buckets: 131072  Batches: 16  Memory Usage: 3660kB
        ->  Hash Join  (cost=94978.31..150020.05 rows=910621 width=8) (actual time=1822.757..3413.457 rows=1068706 loops=1)
              Hash Cond: (mi_idx.movie_id = t.id)
              ->  Seq Scan on movie_info_idx mi_idx  (cost=0.00..21735.35 rows=1380035 width=4) (actual time=0.023..448.165 rows=1380035 loops=1)
              ->  Hash  (cost=67604.59..67604.59 rows=1668458 width=4) (actual time=1821.899..1821.899 rows=1671292 loops=1)
                    Buckets: 131072  Batches: 32  Memory Usage: 2858kB
                    ->  Seq Scan on title t  (cost=0.00..67604.59 rows=1668458 width=4) (actual time=0.013..1286.820 rows=1671292 loops=1)
                          Filter: (production_year < 2008)
                          Rows Removed by Filter: 857020
Planning time: 1.105 ms
Execution time: 8399.977 ms
