Seq Scan on movie_keyword mk  (cost=0.00..81003.12 rows=246 width=0) (actual time=58.139..1204.462 rows=10 loops=1)
  Filter: (keyword_id = 4486)
  Rows Removed by Filter: 4523920
Planning time: 0.336 ms
Execution time: 1204.543 ms
