Seq Scan on movie_keyword mk  (cost=0.00..81003.12 rows=1118513 width=0) (actual time=0.027..1350.768 rows=1125754 loops=1)
  Filter: (keyword_id < 1218)
  Rows Removed by Filter: 3398176
Planning time: 0.337 ms
Execution time: 1485.943 ms
