Hash Join  (cost=126133.56..1242683.72 rows=2616896 width=0) (actual time=2458.280..35068.850 rows=3573472 loops=1)
  Hash Cond: (ci.movie_id = t.id)
  ->  Seq Scan on cast_info ci  (cost=0.00..705507.15 rows=33218956 width=4) (actual time=0.020..16749.369 rows=33312516 loops=1)
        Filter: (person_id > 285139)
        Rows Removed by Filter: 2931828
  ->  Hash  (cost=122864.68..122864.68 rows=199190 width=8) (actual time=2457.314..2457.314 rows=90282 loops=1)
        Buckets: 131072  Batches: 4  Memory Usage: 1898kB
        ->  Hash Join  (cost=82955.72..122864.68 rows=199190 width=8) (actual time=1525.224..2430.384 rows=90282 loops=1)
              Hash Cond: (mi_idx.movie_id = t.id)
              ->  Seq Scan on movie_info_idx mi_idx  (cost=0.00..25185.44 rows=915101 width=4) (actual time=0.023..552.522 rows=919850 loops=1)
                    Filter: (info_type_id < 101)
                    Rows Removed by Filter: 460185
              ->  Hash  (cost=73925.90..73925.90 rows=550385 width=4) (actual time=1344.366..1344.366 rows=602403 loops=1)
                    Buckets: 131072  Batches: 8  Memory Usage: 3672kB
                    ->  Seq Scan on title t  (cost=0.00..73925.90 rows=550385 width=4) (actual time=108.281..1157.499 rows=602403 loops=1)
                          Filter: ((production_year > 2006) AND (kind_id = 7))
                          Rows Removed by Filter: 1925909
Planning time: 1.284 ms
Execution time: 35481.433 ms
