Nested Loop  (cost=0.43..709673.15 rows=156 width=0) (actual time=7040.328..9017.925 rows=1 loops=1)
  ->  Seq Scan on cast_info ci  (cost=0.00..705507.15 rows=500 width=4) (actual time=7039.812..9017.053 rows=40 loops=1)
        Filter: (person_id = 426688)
        Rows Removed by Filter: 36244304
  ->  Index Scan using title_pkey on title t  (cost=0.43..8.32 rows=1 width=4) (actual time=0.021..0.021 rows=0 loops=40)
        Index Cond: (id = ci.movie_id)
        Filter: (production_year > 2007)
        Rows Removed by Filter: 1
Planning time: 2.161 ms
Execution time: 9018.045 ms
