Nested Loop  (cost=0.43..83072.29 rows=23 width=0) (actual time=246.098..1251.113 rows=14 loops=1)
  ->  Seq Scan on movie_keyword mk  (cost=0.00..81003.12 rows=246 width=4) (actual time=2.189..1232.870 rows=345 loops=1)
        Filter: (keyword_id = 5279)
        Rows Removed by Filter: 4523585
  ->  Index Scan using title_pkey on title t  (cost=0.43..8.40 rows=1 width=4) (actual time=0.051..0.051 rows=0 loops=345)
        Index Cond: (id = mk.movie_id)
        Filter: (production_year > 2011)
        Rows Removed by Filter: 1
Planning time: 5.127 ms
Execution time: 1251.247 ms
