Seq Scan on title t  (cost=0.00..73925.90 rows=318685 width=0) (actual time=0.031..1246.070 rows=187479 loops=1)
  Filter: ((kind_id > 2) AND (production_year < 1976))
  Rows Removed by Filter: 2340833
Planning time: 0.433 ms
Execution time: 1271.939 ms
