Hash Join  (cost=52284.99..79196.04 rows=57 width=0) (actual time=777.032..1285.929 rows=12 loops=1)
  Hash Cond: (mi_idx.movie_id = t.id)
  ->  Seq Scan on movie_info_idx mi_idx  (cost=0.00..21735.35 rows=1380035 width=4) (actual time=0.025..319.377 rows=1380035 loops=1)
  ->  Hash  (cost=52283.69..52283.69 rows=104 width=8) (actual time=719.320..719.320 rows=4 loops=1)
        Buckets: 1024  Batches: 1  Memory Usage: 9kB
        ->  Nested Loop  (cost=0.43..52283.69 rows=104 width=8) (actual time=423.196..719.308 rows=4 loops=1)
              ->  Seq Scan on movie_companies mc  (cost=0.00..51404.11 rows=104 width=4) (actual time=423.076..719.005 rows=4 loops=1)
                    Filter: (company_id = 165079)
                    Rows Removed by Filter: 2609125
              ->  Index Only Scan using title_pkey on title t  (cost=0.43..8.45 rows=1 width=4) (actual time=0.062..0.063 rows=1 loops=4)
                    Index Cond: (id = mc.movie_id)
                    Heap Fetches: 4
Planning time: 0.740 ms
Execution time: 1286.026 ms
