Seq Scan on cast_info ci  (cost=0.00..705507.15 rows=34826776 width=0) (actual time=0.018..14458.056 rows=34834937 loops=1)
  Filter: (person_id < 3786761)
  Rows Removed by Filter: 1409407
Planning time: 0.255 ms
Execution time: 18923.544 ms
