Hash Join  (cost=128478.61..231347.35 rows=226493 width=0) (actual time=2766.491..5337.381 rows=1374617 loops=1)
  Hash Cond: (mk.movie_id = t.id)
  ->  Seq Scan on movie_keyword mk  (cost=0.00..81003.12 rows=1571916 width=4) (actual time=0.019..1471.929 rows=1580163 loops=1)
        Filter: (keyword_id < 2399)
        Rows Removed by Filter: 2943767
  ->  Hash  (cost=122500.50..122500.50 rows=364329 width=8) (actual time=2765.557..2765.557 rows=435281 loops=1)
        Buckets: 131072  Batches: 8  Memory Usage: 3166kB
        ->  Hash Join  (cost=78556.72..122500.50 rows=364329 width=8) (actual time=1381.178..2638.869 rows=435281 loops=1)
              Hash Cond: (mi_idx.movie_id = t.id)
              ->  Seq Scan on movie_info_idx mi_idx  (cost=0.00..21735.35 rows=1380035 width=4) (actual time=0.020..419.304 rows=1380035 loops=1)
              ->  Hash  (cost=67604.59..67604.59 rows=667531 width=4) (actual time=1379.975..1379.975 rows=662834 loops=1)
                    Buckets: 131072  Batches: 16  Memory Usage: 2478kB
                    ->  Seq Scan on title t  (cost=0.00..67604.59 rows=667531 width=4) (actual time=0.031..1169.313 rows=662834 loops=1)
                          Filter: (production_year < 1989)
                          Rows Removed by Filter: 1865478
Planning time: 1.165 ms
Execution time: 5501.511 ms
