Hash Join  (cost=130552.70..253220.66 rows=374171 width=0) (actual time=2970.775..7233.386 rows=5128060 loops=1)
  Hash Cond: (mk.movie_id = t.id)
  ->  Seq Scan on movie_keyword mk  (cost=0.00..81003.12 rows=3179232 width=4) (actual time=0.025..1754.890 rows=3168652 loops=1)
        Filter: (keyword_id < 12431)
        Rows Removed by Filter: 1355278
  ->  Hash  (cost=125669.85..125669.85 rows=297588 width=8) (actual time=2969.285..2969.285 rows=577307 loops=1)
        Buckets: 131072 (originally 131072)  Batches: 8 (originally 4)  Memory Usage: 3870kB
        ->  Hash Join  (cost=82871.49..125669.85 rows=297588 width=8) (actual time=1452.118..2789.134 rows=577307 loops=1)
              Hash Cond: (mi_idx.movie_id = t.id)
              ->  Seq Scan on movie_info_idx mi_idx  (cost=0.00..21735.35 rows=1380035 width=4) (actual time=0.023..455.642 rows=1380035 loops=1)
              ->  Hash  (cost=73925.90..73925.90 rows=545247 width=4) (actual time=1451.354..1451.354 rows=557319 loops=1)
                    Buckets: 131072  Batches: 8  Memory Usage: 3485kB
                    ->  Seq Scan on title t  (cost=0.00..73925.90 rows=545247 width=4) (actual time=0.024..1280.676 rows=557319 loops=1)
                          Filter: ((production_year < 2011) AND (kind_id = 1))
                          Rows Removed by Filter: 1970993
Planning time: 2.629 ms
Execution time: 7816.704 ms
