Nested Loop  (cost=0.43..83072.90 rows=9 width=0) (actual time=0.922..1233.698 rows=2340 loops=1)
  ->  Seq Scan on movie_keyword mk  (cost=0.00..81003.12 rows=246 width=4) (actual time=0.868..1159.437 rows=2661 loops=1)
        Filter: (keyword_id = 20344)
        Rows Removed by Filter: 4521269
  ->  Index Scan using title_pkey on title t  (cost=0.43..8.40 rows=1 width=4) (actual time=0.027..0.027 rows=1 loops=2661)
        Index Cond: (id = mk.movie_id)
        Filter: ((production_year < 2011) AND (kind_id = 4))
        Rows Removed by Filter: 0
Planning time: 17.350 ms
Execution time: 1234.443 ms
