Hash Join  (cost=71408.55..936636.76 rows=1166834 width=0) (actual time=7629.307..21302.985 rows=1037114 loops=1)
  Hash Cond: (ci.movie_id = t.id)
  ->  Seq Scan on cast_info ci  (cost=0.00..705507.15 rows=12726058 width=4) (actual time=6452.525..14450.067 rows=12670688 loops=1)
        Filter: (role_id < 2)
        Rows Removed by Filter: 23573656
  ->  Hash  (cost=67604.59..67604.59 rows=231837 width=4) (actual time=1175.854..1175.854 rows=231649 loops=1)
        Buckets: 131072  Batches: 4  Memory Usage: 3076kB
        ->  Seq Scan on title t  (cost=0.00..67604.59 rows=231837 width=4) (actual time=0.020..1096.547 rows=231649 loops=1)
              Filter: (production_year > 2011)
              Rows Removed by Filter: 2296663
Planning time: 0.527 ms
Execution time: 21433.035 ms
