Hash Join  (cost=102767.86..1235182.64 rows=13567360 width=0) (actual time=6411.935..31378.389 rows=14518706 loops=1)
  Hash Cond: (ci.movie_id = t.id)
  ->  Seq Scan on cast_info ci  (cost=0.00..796071.18 rows=13567360 width=4) (actual time=4306.530..16989.448 rows=14518706 loops=1)
        Filter: ((person_id > 562076) AND (role_id > 2))
        Rows Removed by Filter: 21725638
  ->  Hash  (cost=61283.27..61283.27 rows=2528527 width=4) (actual time=2104.273..2104.273 rows=2528312 loops=1)
        Buckets: 131072  Batches: 64  Memory Usage: 2415kB
        ->  Seq Scan on title t  (cost=0.00..61283.27 rows=2528527 width=4) (actual time=0.029..1243.578 rows=2528312 loops=1)
Planning time: 0.737 ms
Execution time: 32964.664 ms
