Hash Join  (cost=74617.32..830631.09 rows=278390 width=0) (actual time=5714.519..18596.562 rows=233900 loops=1)
  Hash Cond: (ci.movie_id = t.id)
  ->  Seq Scan on cast_info ci  (cost=0.00..705507.15 rows=12726058 width=4) (actual time=4684.482..14138.997 rows=12670688 loops=1)
        Filter: (role_id = 1)
        Rows Removed by Filter: 23573656
  ->  Hash  (cost=73925.90..73925.90 rows=55313 width=4) (actual time=1029.570..1029.570 rows=49075 loops=1)
        Buckets: 65536  Batches: 1  Memory Usage: 2238kB
        ->  Seq Scan on title t  (cost=0.00..73925.90 rows=55313 width=4) (actual time=0.036..1011.278 rows=49075 loops=1)
              Filter: ((kind_id < 7) AND (production_year = 2010))
              Rows Removed by Filter: 2479237
Planning time: 13.646 ms
Execution time: 18630.739 ms
