Hash Join  (cost=179715.18..218842.79 rows=83613 width=0) (actual time=3084.417..4041.101 rows=88005 loops=1)
  Hash Cond: (mi_idx.movie_id = t.id)
  ->  Seq Scan on movie_info_idx mi_idx  (cost=0.00..21735.35 rows=1380035 width=4) (actual time=0.010..452.892 rows=1380035 loops=1)
  ->  Hash  (cost=177201.22..177201.22 rows=153197 width=8) (actual time=3083.526..3083.526 rows=51614 loops=1)
        Buckets: 131072  Batches: 4  Memory Usage: 1522kB
        ->  Hash Join  (cost=85587.37..177201.22 rows=153197 width=8) (actual time=1439.776..3069.067 rows=51614 loops=1)
              Hash Cond: (mk.movie_id = t.id)
              ->  Seq Scan on movie_keyword mk  (cost=0.00..81003.12 rows=545002 width=4) (actual time=0.025..1304.755 rows=540671 loops=1)
                    Filter: (keyword_id > 33972)
                    Rows Removed by Filter: 3983259
              ->  Hash  (cost=73925.90..73925.90 rows=710757 width=4) (actual time=1438.846..1438.846 rows=594428 loops=1)
                    Buckets: 131072  Batches: 16  Memory Usage: 2336kB
                    ->  Seq Scan on title t  (cost=0.00..73925.90 rows=710757 width=4) (actual time=0.024..1249.920 rows=594428 loops=1)
                          Filter: ((kind_id > 3) AND (production_year < 2001))
                          Rows Removed by Filter: 1933884
Planning time: 1.192 ms
Execution time: 4051.531 ms
