Seq Scan on movie_keyword mk  (cost=0.00..81003.12 rows=3110609 width=0) (actual time=0.024..1619.408 rows=3096912 loops=1)
  Filter: (keyword_id < 11685)
  Rows Removed by Filter: 1427018
Planning time: 0.327 ms
Execution time: 2005.659 ms
