Seq Scan on movie_keyword mk  (cost=0.00..81003.12 rows=4423301 width=0) (actual time=0.024..1666.728 rows=4425303 loops=1)
  Filter: (keyword_id < 82650)
  Rows Removed by Filter: 98627
Planning time: 0.358 ms
Execution time: 2206.776 ms
