Hash Join  (cost=199401.86..730408.23 rows=4798444 width=0) (actual time=4328.721..18111.657 rows=5362985 loops=1)
  Hash Cond: (mi.movie_id = t.id)
  ->  Seq Scan on movie_info mi  (cost=0.00..309384.22 rows=14739122 width=4) (actual time=0.025..6250.449 rows=14835720 loops=1)
  ->  Hash  (cost=185896.08..185896.08 rows=823183 width=8) (actual time=4327.486..4327.486 rows=609079 loops=1)
        Buckets: 131072  Batches: 16  Memory Usage: 2511kB
        ->  Hash Join  (cost=98137.04..185896.08 rows=823183 width=8) (actual time=1895.513..4155.524 rows=609079 loops=1)
              Hash Cond: (mc.movie_id = t.id)
              ->  Seq Scan on movie_companies mc  (cost=0.00..57926.93 rows=1118455 width=4) (actual time=0.026..1209.405 rows=1237666 loops=1)
                    Filter: ((company_id > 285) AND (company_type_id = 2))
                    Rows Removed by Filter: 1371463
              ->  Hash  (cost=67604.59..67604.59 rows=1860996 width=4) (actual time=1894.732..1894.732 rows=1865487 loops=1)
                    Buckets: 131072  Batches: 32  Memory Usage: 3079kB
                    ->  Seq Scan on title t  (cost=0.00..67604.59 rows=1860996 width=4) (actual time=0.023..1285.547 rows=1865487 loops=1)
                          Filter: (kind_id > 1)
                          Rows Removed by Filter: 662825
Planning time: 1.137 ms
Execution time: 18625.743 ms
