Hash Join  (cost=111611.26..460887.86 rows=795 width=0) (actual time=3051.763..6829.916 rows=279 loops=1)
  Hash Cond: (mi.movie_id = t.id)
  ->  Seq Scan on movie_info mi  (cost=0.00..346232.03 rows=809768 width=4) (actual time=1639.910..5307.269 rows=802140 loops=1)
        Filter: (info_type_id < 2)
        Rows Removed by Filter: 14033580
  ->  Hash  (cost=111580.24..111580.24 rows=2481 width=8) (actual time=1411.025..1411.025 rows=445 loops=1)
        Buckets: 4096  Batches: 1  Memory Usage: 50kB
        ->  Nested Loop  (cost=0.43..111580.24 rows=2481 width=8) (actual time=924.697..1410.750 rows=445 loops=1)
              ->  Seq Scan on movie_keyword mk  (cost=0.00..81003.12 rows=4072 width=4) (actual time=0.289..1261.023 rows=3792 loops=1)
                    Filter: (keyword_id = 1617)
                    Rows Removed by Filter: 4520138
              ->  Index Scan using title_pkey on title t  (cost=0.43..7.50 rows=1 width=4) (actual time=0.039..0.039 rows=0 loops=3792)
                    Index Cond: (id = mk.movie_id)
                    Filter: (kind_id = 7)
                    Rows Removed by Filter: 1
Planning time: 1.127 ms
Execution time: 6830.097 ms
