Hash Join  (cost=238351.49..286387.77 rows=602880 width=0) (actual time=5150.231..6960.709 rows=2433250 loops=1)
  Hash Cond: (mi_idx.movie_id = t.id)
  ->  Seq Scan on movie_info_idx mi_idx  (cost=0.00..21735.35 rows=1380035 width=4) (actual time=0.029..496.543 rows=1380035 loops=1)
  ->  Hash  (cost=220228.88..220228.88 rows=1104609 width=8) (actual time=5149.270..5149.270 rows=1113237 loops=1)
        Buckets: 131072  Batches: 16  Memory Usage: 3774kB
        ->  Hash Join  (cost=102767.86..220228.88 rows=1104609 width=8) (actual time=2004.831..4794.076 rows=1113237 loops=1)
              Hash Cond: (mk.movie_id = t.id)
              ->  Seq Scan on movie_keyword mk  (cost=0.00..81003.12 rows=1104609 width=4) (actual time=0.031..1436.020 rows=1113237 loops=1)
                    Filter: (keyword_id < 1150)
                    Rows Removed by Filter: 3410693
              ->  Hash  (cost=61283.27..61283.27 rows=2528527 width=4) (actual time=2003.482..2003.482 rows=2528312 loops=1)
                    Buckets: 131072  Batches: 64  Memory Usage: 2425kB
                    ->  Seq Scan on title t  (cost=0.00..61283.27 rows=2528527 width=4) (actual time=0.018..1161.249 rows=2528312 loops=1)
Planning time: 1.137 ms
Execution time: 7222.931 ms
