Seq Scan on movie_keyword mk  (cost=0.00..81003.12 rows=1090228 width=0) (actual time=0.024..1445.164 rows=1094487 loops=1)
  Filter: (keyword_id < 1118)
  Rows Removed by Filter: 3429443
Planning time: 0.311 ms
Execution time: 1576.799 ms
