Hash Join  (cost=74296.74..825097.50 rows=1160 width=0) (actual time=853.428..16700.865 rows=3858 loops=1)
  Hash Cond: (ci.movie_id = t.id)
  ->  Seq Scan on cast_info ci  (cost=0.00..614943.12 rows=36225612 width=4) (actual time=0.014..8802.927 rows=36244344 loops=1)
  ->  Hash  (cost=74295.73..74295.73 rows=81 width=8) (actual time=851.281..851.281 rows=394 loops=1)
        Buckets: 1024  Batches: 1  Memory Usage: 24kB
        ->  Nested Loop  (cost=0.43..74295.73 rows=81 width=8) (actual time=117.728..850.972 rows=394 loops=1)
              ->  Seq Scan on movie_companies mc  (cost=0.00..51404.11 rows=2957 width=4) (actual time=0.493..768.634 rows=3172 loops=1)
                    Filter: (company_id = 137)
                    Rows Removed by Filter: 2605957
              ->  Index Scan using title_pkey on title t  (cost=0.43..7.73 rows=1 width=4) (actual time=0.025..0.025 rows=0 loops=3172)
                    Index Cond: (id = mc.movie_id)
                    Filter: ((production_year < 2010) AND (kind_id = 2))
                    Rows Removed by Filter: 1
Planning time: 0.845 ms
Execution time: 16702.829 ms
