Hash Join  (cost=105979.79..666392.09 rows=8597023 width=0) (actual time=2244.127..17654.816 rows=8461777 loops=1)
  Hash Cond: (mi.movie_id = t.id)
  ->  Seq Scan on movie_info mi  (cost=0.00..346232.03 rows=9293409 width=4) (actual time=0.023..6900.419 rows=9425200 loops=1)
        Filter: (info_type_id > 5)
        Rows Removed by Filter: 5410520
  ->  Hash  (cost=67604.59..67604.59 rows=2339056 width=4) (actual time=2137.325..2137.325 rows=2330853 loops=1)
        Buckets: 131072  Batches: 32  Memory Usage: 3597kB
        ->  Seq Scan on title t  (cost=0.00..67604.59 rows=2339056 width=4) (actual time=0.041..1391.670 rows=2330853 loops=1)
              Filter: (production_year > 1933)
              Rows Removed by Filter: 197459
Planning time: 0.734 ms
Execution time: 18602.745 ms
