Seq Scan on movie_keyword mk  (cost=0.00..81003.12 rows=3161850 width=0) (actual time=0.019..1655.280 rows=3145598 loops=1)
  Filter: (keyword_id < 12109)
  Rows Removed by Filter: 1378332
Planning time: 0.231 ms
Execution time: 2053.141 ms
