Hash Join  (cost=102767.86..192900.34 rows=927849 width=0) (actual time=1883.763..4011.196 rows=775943 loops=1)
  Hash Cond: (mc.movie_id = t.id)
  ->  Seq Scan on movie_companies mc  (cost=0.00..57926.93 rows=927849 width=4) (actual time=0.026..1110.165 rows=775943 loops=1)
        Filter: ((company_id > 1322) AND (company_type_id < 2))
        Rows Removed by Filter: 1833186
  ->  Hash  (cost=61283.27..61283.27 rows=2528527 width=4) (actual time=1882.579..1882.579 rows=2528312 loops=1)
        Buckets: 131072  Batches: 64  Memory Usage: 2415kB
        ->  Seq Scan on title t  (cost=0.00..61283.27 rows=2528527 width=4) (actual time=0.020..1076.788 rows=2528312 loops=1)
Planning time: 0.746 ms
Execution time: 4103.353 ms
