Hash Join  (cost=85777.42..1085687.59 rows=5481911 width=0) (actual time=1758.275..28246.412 rows=5152214 loops=1)
  Hash Cond: (ci.movie_id = t.id)
  ->  Seq Scan on cast_info ci  (cost=0.00..796071.18 rows=12513834 width=4) (actual time=0.014..17713.416 rows=12296560 loops=1)
        Filter: ((person_id > 55901) AND (role_id < 2))
        Rows Removed by Filter: 23947784
  ->  Hash  (cost=67604.59..67604.59 rows=1107667 width=4) (actual time=1757.352..1757.352 rows=1107925 loops=1)
        Buckets: 131072  Batches: 16  Memory Usage: 3460kB
        ->  Seq Scan on title t  (cost=0.00..67604.59 rows=1107667 width=4) (actual time=0.017..1395.252 rows=1107925 loops=1)
              Filter: (production_year > 2004)
              Rows Removed by Filter: 1420387
Planning time: 0.510 ms
Execution time: 28858.973 ms
