Hash Join  (cost=74058.02..100991.39 rows=1927 width=0) (actual time=1168.248..1724.453 rows=4375 loops=1)
  Hash Cond: (mi_idx.movie_id = t.id)
  ->  Seq Scan on movie_info_idx mi_idx  (cost=0.00..25185.44 rows=460978 width=4) (actual time=0.028..445.874 rows=459925 loops=1)
        Filter: (info_type_id = 99)
        Rows Removed by Filter: 920110
  ->  Hash  (cost=73925.90..73925.90 rows=10569 width=4) (actual time=1167.998..1167.998 rows=10528 loops=1)
        Buckets: 16384  Batches: 1  Memory Usage: 499kB
        ->  Seq Scan on title t  (cost=0.00..73925.90 rows=10569 width=4) (actual time=0.032..1163.106 rows=10528 loops=1)
              Filter: ((kind_id < 7) AND (production_year = 1993))
              Rows Removed by Filter: 2517784
Planning time: 0.724 ms
Execution time: 1725.402 ms
