Hash Join  (cost=74094.76..101048.54 rows=2484 width=0) (actual time=1194.917..1702.144 rows=4141 loops=1)
  Hash Cond: (mi_idx.movie_id = t.id)
  ->  Seq Scan on movie_info_idx mi_idx  (cost=0.00..25185.44 rows=464934 width=4) (actual time=0.040..415.136 rows=460185 loops=1)
        Filter: (info_type_id > 100)
        Rows Removed by Filter: 919850
  ->  Hash  (cost=73925.90..73925.90 rows=13508 width=4) (actual time=1194.701..1194.701 rows=9158 loops=1)
        Buckets: 16384  Batches: 1  Memory Usage: 450kB
        ->  Seq Scan on title t  (cost=0.00..73925.90 rows=13508 width=4) (actual time=0.022..1190.151 rows=9158 loops=1)
              Filter: ((kind_id < 4) AND (production_year = 1995))
              Rows Removed by Filter: 2519154
Planning time: 0.734 ms
Execution time: 1703.056 ms
