Seq Scan on cast_info ci  (cost=0.00..796071.18 rows=176 width=0) (actual time=9258.686..13107.697 rows=2 loops=1)
  Filter: ((role_id < 2) AND (person_id = 1369011))
  Rows Removed by Filter: 36244342
Planning time: 0.292 ms
Execution time: 13107.798 ms
