Hash Join  (cost=160493.38..525811.73 rows=66244 width=0) (actual time=2698.671..9721.310 rows=48535 loops=1)
  Hash Cond: (mi.movie_id = t.id)
  ->  Seq Scan on movie_info mi  (cost=0.00..309384.22 rows=14739122 width=4) (actual time=0.017..4112.534 rows=14835720 loops=1)
  ->  Hash  (cost=160351.33..160351.33 rows=11364 width=8) (actual time=2698.336..2698.336 rows=4190 loops=1)
        Buckets: 16384  Batches: 1  Memory Usage: 292kB
        ->  Hash Join  (cost=75636.60..160351.33 rows=11364 width=8) (actual time=1254.996..2696.295 rows=4190 loops=1)
              Hash Cond: (mk.movie_id = t.id)
              ->  Seq Scan on movie_keyword mk  (cost=0.00..81003.12 rows=275724 width=4) (actual time=0.017..1317.105 rows=295905 loops=1)
                    Filter: (keyword_id < 242)
                    Rows Removed by Filter: 4228025
              ->  Hash  (cost=73925.90..73925.90 rows=104216 width=4) (actual time=1253.233..1253.233 rows=108513 loops=1)
                    Buckets: 131072  Batches: 2  Memory Usage: 2937kB
                    ->  Seq Scan on title t  (cost=0.00..73925.90 rows=104216 width=4) (actual time=0.027..1209.808 rows=108513 loops=1)
                          Filter: ((kind_id > 1) AND (production_year = 2010))
                          Rows Removed by Filter: 2419799
Planning time: 1.211 ms
Execution time: 9729.420 ms
