Seq Scan on movie_keyword mk  (cost=0.00..81003.12 rows=3710326 width=0) (actual time=0.031..1553.838 rows=3706466 loops=1)
  Filter: (keyword_id < 22393)
  Rows Removed by Filter: 817464
Planning time: 0.344 ms
Execution time: 2025.977 ms
