Hash Join  (cost=709678.15..736591.36 rows=273 width=0) (actual time=9725.088..9917.685 rows=42 loops=1)
  Hash Cond: (mi_idx.movie_id = t.id)
  ->  Seq Scan on movie_info_idx mi_idx  (cost=0.00..21735.35 rows=1380035 width=4) (actual time=0.017..107.455 rows=1380035 loops=1)
  ->  Hash  (cost=709671.90..709671.90 rows=500 width=8) (actual time=9704.369..9704.369 rows=33 loops=1)
        Buckets: 1024  Batches: 1  Memory Usage: 10kB
        ->  Nested Loop  (cost=0.43..709671.90 rows=500 width=8) (actual time=4529.945..9704.290 rows=33 loops=1)
              ->  Seq Scan on cast_info ci  (cost=0.00..705507.15 rows=500 width=4) (actual time=4529.765..9703.356 rows=33 loops=1)
                    Filter: (person_id = 272887)
                    Rows Removed by Filter: 36244311
              ->  Index Only Scan using title_pkey on title t  (cost=0.43..8.32 rows=1 width=4) (actual time=0.021..0.021 rows=1 loops=33)
                    Index Cond: (id = ci.movie_id)
                    Heap Fetches: 33
Planning time: 1.202 ms
Execution time: 9917.797 ms
