Seq Scan on cast_info ci  (cost=0.00..796071.18 rows=10259936 width=0) (actual time=0.029..14624.119 rows=7661794 loops=1)
  Filter: ((person_id > 672428) AND (role_id < 2))
  Rows Removed by Filter: 28582550
Planning time: 0.366 ms
Execution time: 15452.178 ms
