Hash Join  (cost=97665.33..193298.22 rows=1493037 width=0) (actual time=2466.188..4503.731 rows=704352 loops=1)
  Hash Cond: (mc.movie_id = t.id)
  ->  Seq Scan on movie_companies mc  (cost=0.00..44881.29 rows=2609129 width=4) (actual time=0.027..851.633 rows=2609129 loops=1)
  ->  Hash  (cost=73925.90..73925.90 rows=1446914 width=4) (actual time=2022.048..2022.048 rows=1478438 loops=1)
        Buckets: 131072  Batches: 32  Memory Usage: 2651kB
        ->  Seq Scan on title t  (cost=0.00..73925.90 rows=1446914 width=4) (actual time=0.011..1533.620 rows=1478438 loops=1)
              Filter: ((production_year > 1919) AND (kind_id = 7))
              Rows Removed by Filter: 1049874
Planning time: 0.769 ms
Execution time: 4576.983 ms
