Hash Join  (cost=83074.58..109985.79 rows=73 width=0) (actual time=1365.199..1861.247 rows=51 loops=1)
  Hash Cond: (mi_idx.movie_id = t.id)
  ->  Seq Scan on movie_info_idx mi_idx  (cost=0.00..21735.35 rows=1380035 width=4) (actual time=0.029..293.707 rows=1380035 loops=1)
  ->  Hash  (cost=83072.90..83072.90 rows=134 width=8) (actual time=1341.132..1341.132 rows=24 loops=1)
        Buckets: 1024  Batches: 1  Memory Usage: 9kB
        ->  Nested Loop  (cost=0.43..83072.90 rows=134 width=8) (actual time=116.998..1341.092 rows=24 loops=1)
              ->  Seq Scan on movie_keyword mk  (cost=0.00..81003.12 rows=246 width=4) (actual time=60.598..1338.101 rows=54 loops=1)
                    Filter: (keyword_id = 6220)
                    Rows Removed by Filter: 4523876
              ->  Index Scan using title_pkey on title t  (cost=0.43..8.40 rows=1 width=4) (actual time=0.050..0.050 rows=0 loops=54)
                    Index Cond: (id = mk.movie_id)
                    Filter: ((kind_id > 1) AND (production_year > 1984))
                    Rows Removed by Filter: 1
Planning time: 1.229 ms
Execution time: 1861.404 ms
