Hash Join  (cost=74698.31..505323.20 rows=1065520 width=0) (actual time=1420.402..11784.306 rows=1105856 loops=1)
  Hash Cond: (mi.movie_id = t.id)
  ->  Seq Scan on movie_info mi  (cost=0.00..346232.03 rows=6231111 width=4) (actual time=0.010..6481.219 rows=6223494 loops=1)
        Filter: (info_type_id > 8)
        Rows Removed by Filter: 8612226
  ->  Hash  (cost=67604.59..67604.59 rows=432378 width=4) (actual time=1419.502..1419.502 rows=423779 loops=1)
        Buckets: 131072  Batches: 8  Memory Usage: 2891kB
        ->  Seq Scan on title t  (cost=0.00..67604.59 rows=432378 width=4) (actual time=0.011..1218.839 rows=423779 loops=1)
              Filter: (production_year < 1974)
              Rows Removed by Filter: 2104533
Planning time: 2.502 ms
Execution time: 11931.572 ms
