Seq Scan on movie_companies mc  (cost=0.00..57926.93 rows=53 width=0) (actual time=13.423..897.228 rows=29 loops=1)
  Filter: ((company_type_id > 1) AND (company_id = 817))
  Rows Removed by Filter: 2609100
Planning time: 0.381 ms
Execution time: 897.319 ms
