Seq Scan on cast_info ci  (cost=0.00..796071.18 rows=16862272 width=0) (actual time=1002.730..15322.127 rows=18448722 loops=1)
  Filter: ((person_id < 1925715) AND (role_id < 10))
  Rows Removed by Filter: 17795622
Planning time: 0.352 ms
Execution time: 17604.338 ms
