Hash Join  (cost=96958.35..183621.22 rows=483 width=0) (actual time=1188.687..2513.166 rows=485 loops=1)
  Hash Cond: (mk.movie_id = t.id)
  ->  Seq Scan on movie_keyword mk  (cost=0.00..69693.30 rows=4523930 width=4) (actual time=0.022..934.424 rows=4523930 loops=1)
  ->  Hash  (cost=96954.97..96954.97 rows=270 width=8) (actual time=844.961..844.961 rows=35 loops=1)
        Buckets: 1024  Batches: 1  Memory Usage: 10kB
        ->  Nested Loop  (cost=0.43..96954.97 rows=270 width=8) (actual time=117.670..844.914 rows=35 loops=1)
              ->  Seq Scan on movie_companies mc  (cost=0.00..57926.93 rows=5374 width=4) (actual time=48.616..785.131 rows=2411 loops=1)
                    Filter: ((company_id = 11) AND (company_type_id = 1))
                    Rows Removed by Filter: 2606718
              ->  Index Scan using title_pkey on title t  (cost=0.43..7.25 rows=1 width=4) (actual time=0.024..0.024 rows=0 loops=2411)
                    Index Cond: (id = mc.movie_id)
                    Filter: (production_year = 2008)
                    Rows Removed by Filter: 1
Planning time: 1.189 ms
Execution time: 2513.400 ms
