Hash Join  (cost=169379.39..1035411.41 rows=3934081 width=0) (actual time=9836.791..25188.883 rows=8808222 loops=1)
  Hash Cond: (ci.movie_id = t.id)
  ->  Seq Scan on cast_info ci  (cost=0.00..705507.15 rows=10149618 width=4) (actual time=5894.409..13283.640 rows=10178203 loops=1)
        Filter: (person_id > 2697680)
        Rows Removed by Filter: 26066141
  ->  Hash  (cost=153299.40..153299.40 rows=980079 width=8) (actual time=3941.426..3941.426 rows=1127306 loops=1)
        Buckets: 131072  Batches: 16  Memory Usage: 3788kB
        ->  Hash Join  (cost=97066.09..153299.40 rows=980079 width=8) (actual time=1853.932..3634.404 rows=1127306 loops=1)
              Hash Cond: (mi_idx.movie_id = t.id)
              ->  Seq Scan on movie_info_idx mi_idx  (cost=0.00..21735.35 rows=1380035 width=4) (actual time=0.017..522.013 rows=1380035 loops=1)
              ->  Hash  (cost=67604.59..67604.59 rows=1795720 width=4) (actual time=1853.072..1853.072 rows=1794153 loops=1)
                    Buckets: 131072  Batches: 32  Memory Usage: 2992kB
                    ->  Seq Scan on title t  (cost=0.00..67604.59 rows=1795720 width=4) (actual time=0.024..1286.275 rows=1794153 loops=1)
                          Filter: (production_year < 2009)
                          Rows Removed by Filter: 734159
Planning time: 7.873 ms
Execution time: 26348.028 ms
