Hash Join  (cost=459309.10..1530321.33 rows=3622108 width=0) (actual time=7267.746..35384.180 rows=2978118 loops=1)
  Hash Cond: (ci.movie_id = t.id)
  ->  Seq Scan on cast_info ci  (cost=0.00..614943.12 rows=36225612 width=4) (actual time=0.009..12653.597 rows=36244344 loops=1)
  ->  Hash  (cost=455160.83..455160.83 rows=252821 width=8) (actual time=7266.984..7266.984 rows=75228 loops=1)
        Buckets: 131072  Batches: 4  Memory Usage: 1746kB
        ->  Hash Join  (cost=94973.51..455160.83 rows=252821 width=8) (actual time=2199.275..7242.284 rows=75228 loops=1)
              Hash Cond: (mi.movie_id = t.id)
              ->  Seq Scan on movie_info mi  (cost=0.00..346232.03 rows=383217 width=4) (actual time=461.849..5042.572 rows=368218 loops=1)
                    Filter: (info_type_id = 17)
                    Rows Removed by Filter: 14467502
              ->  Hash  (cost=67604.59..67604.59 rows=1668154 width=4) (actual time=1727.995..1727.995 rows=1674098 loops=1)
                    Buckets: 131072  Batches: 32  Memory Usage: 2875kB
                    ->  Seq Scan on title t  (cost=0.00..67604.59 rows=1668154 width=4) (actual time=0.022..1164.146 rows=1674098 loops=1)
                          Filter: (kind_id > 3)
                          Rows Removed by Filter: 854214
Planning time: 1.225 ms
Execution time: 35745.694 ms
