Seq Scan on movie_companies mc  (cost=0.00..57926.93 rows=53 width=0) (actual time=456.418..847.771 rows=5 loops=1)
  Filter: ((company_type_id > 1) AND (company_id = 20215))
  Rows Removed by Filter: 2609124
Planning time: 0.374 ms
Execution time: 847.865 ms
