Hash Join  (cost=196520.67..713287.18 rows=908283 width=0) (actual time=4799.828..17443.123 rows=3778296 loops=1)
  Hash Cond: (mi.movie_id = t.id)
  ->  Seq Scan on movie_info mi  (cost=0.00..346232.03 rows=12545135 width=4) (actual time=318.681..7006.172 rows=12601870 loops=1)
        Filter: (info_type_id < 17)
        Rows Removed by Filter: 2233850
  ->  Hash  (cost=193516.32..193516.32 rows=183068 width=8) (actual time=4357.736..4357.736 rows=250907 loops=1)
        Buckets: 131072  Batches: 4  Memory Usage: 3470kB
        ->  Hash Join  (cost=69283.60..193516.32 rows=183068 width=8) (actual time=1060.853..4275.912 rows=250907 loops=1)
              Hash Cond: (mk.movie_id = t.id)
              ->  Seq Scan on movie_keyword mk  (cost=0.00..69693.30 rows=4523930 width=4) (actual time=0.025..1488.202 rows=4523930 loops=1)
              ->  Hash  (cost=67604.59..67604.59 rows=102321 width=4) (actual time=1060.022..1060.022 rows=100537 loops=1)
                    Buckets: 131072  Batches: 2  Memory Usage: 2803kB
                    ->  Seq Scan on title t  (cost=0.00..67604.59 rows=102321 width=4) (actual time=0.022..1022.835 rows=100537 loops=1)
                          Filter: (kind_id = 3)
                          Rows Removed by Filter: 2427775
Planning time: 1.169 ms
Execution time: 17905.939 ms
