Seq Scan on movie_keyword mk  (cost=0.00..81003.12 rows=776697 width=0) (actual time=0.019..1324.453 rows=778273 loops=1)
  Filter: (keyword_id < 742)
  Rows Removed by Filter: 3745657
Planning time: 0.244 ms
Execution time: 1419.292 ms
