Hash Join  (cost=73976.52..160706.99 rows=7244 width=0) (actual time=2024.105..2974.980 rows=8149 loops=1)
  Hash Cond: (mk.movie_id = t.id)
  ->  Seq Scan on movie_keyword mk  (cost=0.00..69693.30 rows=4523930 width=4) (actual time=0.012..1067.464 rows=4523930 loops=1)
  ->  Hash  (cost=73925.90..73925.90 rows=4049 width=4) (actual time=1097.615..1097.615 rows=4058 loops=1)
        Buckets: 4096  Batches: 1  Memory Usage: 175kB
        ->  Seq Scan on title t  (cost=0.00..73925.90 rows=4049 width=4) (actual time=0.092..1095.398 rows=4058 loops=1)
              Filter: ((kind_id = 2) AND (production_year = 2007))
              Rows Removed by Filter: 2524254
Planning time: 0.528 ms
Execution time: 2976.043 ms
