Seq Scan on movie_keyword mk  (cost=0.00..81003.12 rows=95559 width=0) (actual time=0.026..1257.394 rows=93681 loops=1)
  Filter: (keyword_id > 84016)
  Rows Removed by Filter: 4430249
Planning time: 0.350 ms
Execution time: 1270.802 ms
