Seq Scan on cast_info ci  (cost=0.00..796071.18 rows=3972698 width=0) (actual time=12576.183..15244.524 rows=3996264 loops=1)
  Filter: ((person_id > 22605) AND (role_id = 3))
  Rows Removed by Filter: 32248080
Planning time: 0.480 ms
Execution time: 15628.294 ms
