Hash Join  (cost=83074.74..791304.06 rows=71 width=0) (actual time=10475.907..13819.735 rows=826 loops=1)
  Hash Cond: (ci.movie_id = t.id)
  ->  Seq Scan on cast_info ci  (cost=0.00..705507.15 rows=725720 width=4) (actual time=9180.692..12408.781 rows=773674 loops=1)
        Filter: (role_id = 6)
        Rows Removed by Filter: 35470670
  ->  Hash  (cost=83071.67..83071.67 rows=246 width=8) (actual time=1294.141..1294.141 rows=854 loops=1)
        Buckets: 1024  Batches: 1  Memory Usage: 42kB
        ->  Nested Loop  (cost=0.43..83071.67 rows=246 width=8) (actual time=3.119..1293.465 rows=854 loops=1)
              ->  Seq Scan on movie_keyword mk  (cost=0.00..81003.12 rows=246 width=4) (actual time=3.034..1261.427 rows=854 loops=1)
                    Filter: (keyword_id = 11824)
                    Rows Removed by Filter: 4523076
              ->  Index Only Scan using title_pkey on title t  (cost=0.43..8.40 rows=1 width=4) (actual time=0.035..0.036 rows=1 loops=854)
                    Index Cond: (id = mk.movie_id)
                    Heap Fetches: 854
Planning time: 6.701 ms
Execution time: 13820.007 ms
