Hash Join  (cost=144177.97..269784.39 rows=295839 width=0) (actual time=2722.616..7058.710 rows=3425308 loops=1)
  Hash Cond: (mk.movie_id = t.id)
  ->  Seq Scan on movie_keyword mk  (cost=0.00..69693.30 rows=4523930 width=4) (actual time=0.014..1444.095 rows=4523930 loops=1)
  ->  Hash  (cost=141465.08..141465.08 rows=165351 width=8) (actual time=2721.931..2721.931 rows=342651 loops=1)
        Buckets: 131072 (originally 131072)  Batches: 8 (originally 4)  Memory Usage: 3073kB
        ->  Hash Join  (cost=78556.72..141465.08 rows=165351 width=8) (actual time=1357.043..2622.577 rows=342651 loops=1)
              Hash Cond: (mc.movie_id = t.id)
              ->  Seq Scan on movie_companies mc  (cost=0.00..51404.11 rows=626328 width=4) (actual time=111.506..901.787 rows=630608 loops=1)
                    Filter: (company_id > 59601)
                    Rows Removed by Filter: 1978521
              ->  Hash  (cost=67604.59..67604.59 rows=667531 width=4) (actual time=1244.408..1244.408 rows=662825 loops=1)
                    Buckets: 131072  Batches: 16  Memory Usage: 2476kB
                    ->  Seq Scan on title t  (cost=0.00..67604.59 rows=667531 width=4) (actual time=0.023..1028.854 rows=662825 loops=1)
                          Filter: (kind_id = 1)
                          Rows Removed by Filter: 1865487
Planning time: 1.318 ms
Execution time: 7450.965 ms
