Seq Scan on movie_keyword mk  (cost=0.00..81003.12 rows=1705624 width=0) (actual time=0.025..1423.317 rows=1711677 loops=1)
  Filter: (keyword_id < 2727)
  Rows Removed by Filter: 2812253
Planning time: 0.306 ms
Execution time: 1645.998 ms
