Hash Join  (cost=102767.86..201167.17 rows=1271408 width=0) (actual time=2802.503..5032.885 rows=1220656 loops=1)
  Hash Cond: (mc.movie_id = t.id)
  ->  Seq Scan on movie_companies mc  (cost=0.00..57926.93 rows=1271408 width=4) (actual time=456.936..1302.151 rows=1220656 loops=1)
        Filter: ((company_id < 149539) AND (company_type_id = 2))
        Rows Removed by Filter: 1388473
  ->  Hash  (cost=61283.27..61283.27 rows=2528527 width=4) (actual time=2344.221..2344.221 rows=2528312 loops=1)
        Buckets: 131072  Batches: 64  Memory Usage: 2415kB
        ->  Seq Scan on title t  (cost=0.00..61283.27 rows=2528527 width=4) (actual time=0.022..1193.213 rows=2528312 loops=1)
Planning time: 0.726 ms
Execution time: 5166.369 ms
