Hash Join  (cost=915427.99..1041044.58 rows=296655 width=0) (actual time=14757.341..18618.048 rows=1566315 loops=1)
  Hash Cond: (mk.movie_id = t.id)
  ->  Seq Scan on movie_keyword mk  (cost=0.00..69693.30 rows=4523930 width=4) (actual time=0.021..1590.775 rows=4523930 loops=1)
  ->  Hash  (cost=912707.40..912707.40 rows=165807 width=8) (actual time=14756.124..14756.124 rows=450183 loops=1)
        Buckets: 131072 (originally 131072)  Batches: 8 (originally 4)  Memory Usage: 3222kB
        ->  Hash Join  (cost=102767.86..912707.40 rows=165807 width=8) (actual time=6053.752..14620.523 rows=450183 loops=1)
              Hash Cond: (ci.movie_id = t.id)
              ->  Seq Scan on cast_info ci  (cost=0.00..796071.18 rows=165807 width=4) (actual time=4072.461..11915.204 rows=450183 loops=1)
                    Filter: ((person_id > 2858635) AND (role_id = 6))
                    Rows Removed by Filter: 35794161
              ->  Hash  (cost=61283.27..61283.27 rows=2528527 width=4) (actual time=1979.577..1979.577 rows=2528312 loops=1)
                    Buckets: 131072  Batches: 64  Memory Usage: 2415kB
                    ->  Seq Scan on title t  (cost=0.00..61283.27 rows=2528527 width=4) (actual time=0.021..1131.145 rows=2528312 loops=1)
Planning time: 1.146 ms
Execution time: 18800.297 ms
