Hash Join  (cost=173996.43..1232594.75 rows=2413615 width=0) (actual time=3475.202..40371.209 rows=24850212 loops=1)
  Hash Cond: (ci.movie_id = t.id)
  ->  Seq Scan on cast_info ci  (cost=0.00..614943.12 rows=36225612 width=4) (actual time=0.016..13446.762 rows=36244344 loops=1)
  ->  Hash  (cost=171231.57..171231.57 rows=168469 width=8) (actual time=3474.380..3474.380 rows=434893 loops=1)
        Buckets: 131072 (originally 131072)  Batches: 8 (originally 4)  Memory Usage: 3186kB
        ->  Hash Join  (cost=78556.72..171231.57 rows=168469 width=8) (actual time=1374.200..3354.252 rows=434893 loops=1)
              Hash Cond: (mk.movie_id = t.id)
              ->  Seq Scan on movie_keyword mk  (cost=0.00..81003.12 rows=638140 width=4) (actual time=0.019..1457.404 rows=650349 loops=1)
                    Filter: (keyword_id > 28912)
                    Rows Removed by Filter: 3873581
              ->  Hash  (cost=67604.59..67604.59 rows=667531 width=4) (actual time=1373.265..1373.265 rows=662825 loops=1)
                    Buckets: 131072  Batches: 16  Memory Usage: 2486kB
                    ->  Seq Scan on title t  (cost=0.00..67604.59 rows=667531 width=4) (actual time=0.277..1163.524 rows=662825 loops=1)
                          Filter: (kind_id = 1)
                          Rows Removed by Filter: 1865487
Planning time: 1.218 ms
Execution time: 43247.317 ms
