Hash Join  (cost=67697.55..162954.00 rows=11092 width=0) (actual time=992.913..2684.103 rows=16365 loops=1)
  Hash Cond: (mk.movie_id = t.id)
  ->  Seq Scan on movie_keyword mk  (cost=0.00..81003.12 rows=3771309 width=4) (actual time=0.016..1214.445 rows=3763066 loops=1)
        Filter: (keyword_id < 24653)
        Rows Removed by Filter: 760864
  ->  Hash  (cost=67604.59..67604.59 rows=7437 width=4) (actual time=992.826..992.826 rows=10517 loops=1)
        Buckets: 16384 (originally 8192)  Batches: 1 (originally 1)  Memory Usage: 498kB
        ->  Seq Scan on title t  (cost=0.00..67604.59 rows=7437 width=4) (actual time=0.053..987.529 rows=10517 loops=1)
              Filter: (production_year = 1959)
              Rows Removed by Filter: 2517795
Planning time: 0.820 ms
Execution time: 2686.208 ms
