Hash Join  (cost=74343.64..440947.61 rows=194804 width=0) (actual time=1058.508..9435.215 rows=118048 loops=1)
  Hash Cond: (mi.movie_id = t.id)
  ->  Seq Scan on movie_info mi  (cost=0.00..309384.22 rows=14739122 width=4) (actual time=0.009..4402.248 rows=14835720 loops=1)
  ->  Hash  (cost=73925.90..73925.90 rows=33419 width=4) (actual time=1058.100..1058.100 rows=38283 loops=1)
        Buckets: 65536  Batches: 1  Memory Usage: 1858kB
        ->  Seq Scan on title t  (cost=0.00..73925.90 rows=33419 width=4) (actual time=0.013..1043.679 rows=38283 loops=1)
              Filter: ((kind_id > 3) AND (production_year = 1999))
              Rows Removed by Filter: 2490029
Planning time: 0.539 ms
Execution time: 9453.209 ms
