Hash Join  (cost=224360.04..1241860.06 rows=4120354 width=0) (actual time=5934.521..38337.431 rows=32741755 loops=1)
  Hash Cond: (ci.movie_id = t.id)
  ->  Seq Scan on cast_info ci  (cost=0.00..796071.18 rows=13836669 width=4) (actual time=0.017..17363.814 rows=14683702 loops=1)
        Filter: ((person_id > 502251) AND (role_id > 2))
        Rows Removed by Filter: 21560642
  ->  Hash  (cost=212006.08..212006.08 rows=752957 width=8) (actual time=5933.497..5933.497 rows=2271977 loops=1)
        Buckets: 131072 (originally 131072)  Batches: 32 (originally 16)  Memory Usage: 3736kB
        ->  Hash Join  (cost=80830.47..212006.08 rows=752957 width=8) (actual time=1370.993..5297.741 rows=2271977 loops=1)
              Hash Cond: (mk.movie_id = t.id)
              ->  Seq Scan on movie_keyword mk  (cost=0.00..69693.30 rows=4523930 width=4) (actual time=0.015..1475.758 rows=4523930 loops=1)
              ->  Hash  (cost=73925.90..73925.90 rows=420845 width=4) (actual time=1370.060..1370.060 rows=517968 loops=1)
                    Buckets: 131072  Batches: 8  Memory Usage: 3320kB
                    ->  Seq Scan on title t  (cost=0.00..73925.90 rows=420845 width=4) (actual time=0.026..1203.851 rows=517968 loops=1)
                          Filter: ((kind_id < 7) AND (production_year < 2001))
                          Rows Removed by Filter: 2010344
Planning time: 1.218 ms
Execution time: 41908.191 ms
