Hash Join  (cost=131218.31..884801.06 rows=279358 width=0) (actual time=2458.248..19683.303 rows=244273 loops=1)
  Hash Cond: (ci.movie_id = t.id)
  ->  Seq Scan on cast_info ci  (cost=0.00..614943.12 rows=36225612 width=4) (actual time=0.013..9339.245 rows=36244344 loops=1)
  ->  Hash  (cost=130974.58..130974.58 rows=19499 width=8) (actual time=2455.990..2455.990 rows=6965 loops=1)
        Buckets: 32768  Batches: 1  Memory Usage: 529kB
        ->  Hash Join  (cost=74389.43..130974.58 rows=19499 width=8) (actual time=1482.525..2453.048 rows=6965 loops=1)
              Hash Cond: (mc.movie_id = t.id)
              ->  Seq Scan on movie_companies mc  (cost=0.00..51404.11 rows=1329612 width=4) (actual time=279.577..902.061 rows=1334883 loops=1)
                    Filter: (company_type_id > 1)
                    Rows Removed by Filter: 1274246
              ->  Hash  (cost=73925.90..73925.90 rows=37082 width=4) (actual time=1202.415..1202.415 rows=41935 loops=1)
                    Buckets: 65536  Batches: 1  Memory Usage: 1987kB
                    ->  Seq Scan on title t  (cost=0.00..73925.90 rows=37082 width=4) (actual time=0.035..1184.968 rows=41935 loops=1)
                          Filter: ((kind_id = 7) AND (production_year = 2002))
                          Rows Removed by Filter: 2486377
Planning time: 1.160 ms
Execution time: 19718.391 ms
