Hash Join  (cost=709678.15..736591.36 rows=273 width=0) (actual time=11039.596..11284.537 rows=3 loops=1)
  Hash Cond: (mi_idx.movie_id = t.id)
  ->  Seq Scan on movie_info_idx mi_idx  (cost=0.00..21735.35 rows=1380035 width=4) (actual time=0.023..331.970 rows=1380035 loops=1)
  ->  Hash  (cost=709671.90..709671.90 rows=500 width=8) (actual time=10710.405..10710.405 rows=13 loops=1)
        Buckets: 1024  Batches: 1  Memory Usage: 9kB
        ->  Nested Loop  (cost=0.43..709671.90 rows=500 width=8) (actual time=2116.011..10710.356 rows=13 loops=1)
              ->  Seq Scan on cast_info ci  (cost=0.00..705507.15 rows=500 width=4) (actual time=2115.829..10709.957 rows=13 loops=1)
                    Filter: (person_id = 809552)
                    Rows Removed by Filter: 36244331
              ->  Index Only Scan using title_pkey on title t  (cost=0.43..8.32 rows=1 width=4) (actual time=0.022..0.022 rows=1 loops=13)
                    Index Cond: (id = ci.movie_id)
                    Heap Fetches: 13
Planning time: 1.164 ms
Execution time: 11284.657 ms
