Hash Join  (cost=84121.39..602577.50 rows=3622218 width=0) (actual time=1644.704..15374.410 rows=1439802 loops=1)
  Hash Cond: (mi.movie_id = t.id)
  ->  Seq Scan on movie_info mi  (cost=0.00..309384.22 rows=14739122 width=4) (actual time=0.018..4719.850 rows=14835720 loops=1)
  ->  Hash  (cost=73925.90..73925.90 rows=621399 width=4) (actual time=1643.853..1643.853 rows=680061 loops=1)
        Buckets: 131072  Batches: 16  Memory Usage: 2530kB
        ->  Seq Scan on title t  (cost=0.00..73925.90 rows=621399 width=4) (actual time=0.026..1411.090 rows=680061 loops=1)
              Filter: ((kind_id > 4) AND (production_year > 2005))
              Rows Removed by Filter: 1848251
Planning time: 0.784 ms
Execution time: 15531.328 ms
