Seq Scan on movie_keyword mk  (cost=0.00..81003.12 rows=3331609 width=0) (actual time=0.033..1516.052 rows=3324656 loops=1)
  Filter: (keyword_id > 1461)
  Rows Removed by Filter: 1199274
Planning time: 0.263 ms
Execution time: 1933.821 ms
