Seq Scan on movie_keyword mk  (cost=0.00..81003.12 rows=246 width=0) (actual time=22.100..1317.348 rows=346 loops=1)
  Filter: (keyword_id = 13476)
  Rows Removed by Filter: 4523584
Planning time: 0.389 ms
Execution time: 1317.593 ms
