Hash Join  (cost=206888.38..1505145.46 rows=16034976 width=0) (actual time=5479.368..52227.974 rows=36834754 loops=1)
  Hash Cond: (ci.movie_id = t.id)
  ->  Seq Scan on cast_info ci  (cost=0.00..796071.18 rows=29093370 width=4) (actual time=0.023..20274.099 rows=31301189 loops=1)
        Filter: ((person_id < 3521101) AND (role_id < 10))
        Rows Removed by Filter: 4943155
  ->  Hash  (cost=184024.23..184024.23 rows=1393612 width=8) (actual time=5478.467..5478.467 rows=1667421 loops=1)
        Buckets: 131072  Batches: 32  Memory Usage: 3029kB
        ->  Hash Join  (cost=89762.59..184024.23 rows=1393612 width=8) (actual time=1747.580..4978.768 rows=1667421 loops=1)
              Hash Cond: (mc.movie_id = t.id)
              ->  Seq Scan on movie_companies mc  (cost=0.00..44881.29 rows=2609129 width=4) (actual time=0.015..905.271 rows=2609129 loops=1)
              ->  Hash  (cost=67604.59..67604.59 rows=1350560 width=4) (actual time=1746.743..1746.743 rows=1348293 loops=1)
                    Buckets: 131072  Batches: 32  Memory Usage: 2505kB
                    ->  Seq Scan on title t  (cost=0.00..67604.59 rows=1350560 width=4) (actual time=0.017..1300.289 rows=1348293 loops=1)
                          Filter: (production_year < 2005)
                          Rows Removed by Filter: 1180019
Planning time: 1.202 ms
Execution time: 56491.806 ms
