Hash Join  (cost=1168998.97..2140957.89 rows=37490948 width=0) (actual time=33750.216..91115.803 rows=160233289 loops=1)
  Hash Cond: (mi.movie_id = t.id)
  ->  Seq Scan on movie_info mi  (cost=0.00..309384.22 rows=14739122 width=4) (actual time=0.020..6048.519 rows=14835720 loops=1)
  ->  Hash  (cost=1063479.35..1063479.35 rows=6431650 width=8) (actual time=33746.379..33746.379 rows=12670688 loops=1)
        Buckets: 131072 (originally 131072)  Batches: 256 (originally 128)  Memory Usage: 3073kB
        ->  Hash Join  (cost=102767.86..1063479.35 rows=6431650 width=8) (actual time=1964.177..29911.937 rows=12670688 loops=1)
              Hash Cond: (ci.movie_id = t.id)
              ->  Seq Scan on cast_info ci  (cost=0.00..796071.18 rows=6431650 width=4) (actual time=0.027..15736.000 rows=12670688 loops=1)
                    Filter: ((person_id < 1807298) AND (role_id < 2))
                    Rows Removed by Filter: 23573656
              ->  Hash  (cost=61283.27..61283.27 rows=2528527 width=4) (actual time=1963.278..1963.278 rows=2528312 loops=1)
                    Buckets: 131072  Batches: 64  Memory Usage: 2415kB
                    ->  Seq Scan on title t  (cost=0.00..61283.27 rows=2528527 width=4) (actual time=0.024..1129.681 rows=2528312 loops=1)
Planning time: 4.408 ms
Execution time: 109120.519 ms
