Nested Loop  (cost=0.43..83072.29 rows=150 width=0) (actual time=612.272..1189.604 rows=3 loops=1)
  ->  Seq Scan on movie_keyword mk  (cost=0.00..81003.12 rows=246 width=4) (actual time=2.121..1184.261 rows=83 loops=1)
        Filter: (keyword_id = 40318)
        Rows Removed by Filter: 4523847
  ->  Index Scan using title_pkey on title t  (cost=0.43..8.40 rows=1 width=4) (actual time=0.061..0.061 rows=0 loops=83)
        Index Cond: (id = mk.movie_id)
        Filter: (kind_id = 7)
        Rows Removed by Filter: 1
Planning time: 0.761 ms
Execution time: 1189.700 ms
