Seq Scan on cast_info ci  (cost=0.00..796071.18 rows=460445 width=0) (actual time=1596.361..11538.279 rows=273 loops=1)
  Filter: ((person_id < 217430) AND (role_id = 2))
  Rows Removed by Filter: 36244071
Planning time: 0.591 ms
Execution time: 11538.469 ms
