Seq Scan on movie_keyword mk  (cost=0.00..81003.12 rows=246 width=0) (actual time=56.462..1302.979 rows=44 loops=1)
  Filter: (keyword_id = 42302)
  Rows Removed by Filter: 4523886
Planning time: 0.442 ms
Execution time: 1303.116 ms
