Seq Scan on movie_keyword mk  (cost=0.00..81003.12 rows=246 width=0) (actual time=9.212..1246.188 rows=151 loops=1)
  Filter: (keyword_id = 6985)
  Rows Removed by Filter: 4523779
Planning time: 0.371 ms
Execution time: 1246.381 ms
