Hash Join  (cost=102767.86..286009.71 rows=3838322 width=0) (actual time=2126.710..7337.994 rows=3832386 loops=1)
  Hash Cond: (mk.movie_id = t.id)
  ->  Seq Scan on movie_keyword mk  (cost=0.00..81003.12 rows=3838322 width=4) (actual time=0.015..1806.593 rows=3832386 loops=1)
        Filter: (keyword_id < 27243)
        Rows Removed by Filter: 691544
  ->  Hash  (cost=61283.27..61283.27 rows=2528527 width=4) (actual time=2124.937..2124.937 rows=2528312 loops=1)
        Buckets: 131072  Batches: 64  Memory Usage: 2425kB
        ->  Seq Scan on title t  (cost=0.00..61283.27 rows=2528527 width=4) (actual time=0.027..1237.617 rows=2528312 loops=1)
Planning time: 0.717 ms
Execution time: 7833.305 ms
