Hash Join  (cost=69460.45..193928.19 rows=202370 width=0) (actual time=1174.069..4015.879 rows=183280 loops=1)
  Hash Cond: (mk.movie_id = t.id)
  ->  Seq Scan on movie_keyword mk  (cost=0.00..69693.30 rows=4523930 width=4) (actual time=0.018..1453.656 rows=4523930 loops=1)
  ->  Hash  (cost=67604.59..67604.59 rows=113109 width=4) (actual time=1173.034..1173.034 rows=119565 loops=1)
        Buckets: 131072  Batches: 2  Memory Usage: 3121kB
        ->  Seq Scan on title t  (cost=0.00..67604.59 rows=113109 width=4) (actual time=0.031..1126.215 rows=119565 loops=1)
              Filter: (production_year = 2007)
              Rows Removed by Filter: 2408747
Planning time: 2.374 ms
Execution time: 4039.214 ms
