Seq Scan on movie_keyword mk  (cost=0.00..81003.12 rows=246 width=0) (actual time=0.074..1105.945 rows=915 loops=1)
  Filter: (keyword_id = 15005)
  Rows Removed by Filter: 4523015
Planning time: 0.341 ms
Execution time: 1106.360 ms
