Hash Join  (cost=114905.59..202548.46 rows=98484 width=0) (actual time=2302.219..4949.759 rows=567315 loops=1)
  Hash Cond: (mk.movie_id = t.id)
  ->  Seq Scan on movie_keyword mk  (cost=0.00..69693.30 rows=4523930 width=4) (actual time=0.009..1065.060 rows=4523930 loops=1)
  ->  Hash  (cost=114217.52..114217.52 rows=55045 width=8) (actual time=2301.863..2301.863 rows=82065 loops=1)
        Buckets: 131072 (originally 65536)  Batches: 2 (originally 1)  Memory Usage: 3073kB
        ->  Hash Join  (cost=75580.59..114217.52 rows=55045 width=8) (actual time=1309.302..2269.999 rows=82065 loops=1)
              Hash Cond: (mi_idx.movie_id = t.id)
              ->  Seq Scan on movie_info_idx mi_idx  (cost=0.00..21735.35 rows=1380035 width=4) (actual time=0.013..459.852 rows=1380035 loops=1)
              ->  Hash  (cost=73925.90..73925.90 rows=100855 width=4) (actual time=1308.667..1308.667 rows=111586 loops=1)
                    Buckets: 131072  Batches: 2  Memory Usage: 2982kB
                    ->  Seq Scan on title t  (cost=0.00..73925.90 rows=100855 width=4) (actual time=0.012..1269.348 rows=111586 loops=1)
                          Filter: ((production_year < 2012) AND (kind_id = 4))
                          Rows Removed by Filter: 2416726
Planning time: 0.849 ms
Execution time: 5024.422 ms
