Hash Join  (cost=325203.63..1850557.92 rows=39660548 width=0) (actual time=8285.667..77260.869 rows=145193674 loops=1)
  Hash Cond: (ci.movie_id = t.id)
  ->  Seq Scan on cast_info ci  (cost=0.00..705507.15 rows=29141220 width=4) (actual time=0.011..16258.838 rows=29090797 loops=1)
        Filter: (person_id < 2952147)
        Rows Removed by Filter: 7153547
  ->  Hash  (cost=268744.77..268744.77 rows=3441269 width=8) (actual time=8284.587..8284.587 rows=4024094 loops=1)
        Buckets: 131072  Batches: 64  Memory Usage: 3493kB
        ->  Hash Join  (cost=99161.12..268744.77 rows=3441269 width=8) (actual time=2084.322..7083.253 rows=4024094 loops=1)
              Hash Cond: (mk.movie_id = t.id)
              ->  Seq Scan on movie_keyword mk  (cost=0.00..69693.30 rows=4523930 width=4) (actual time=0.015..1433.199 rows=4523930 loops=1)
              ->  Hash  (cost=67604.59..67604.59 rows=1923403 width=4) (actual time=2082.740..2082.740 rows=1922849 loops=1)
                    Buckets: 131072  Batches: 32  Memory Usage: 3141kB
                    ->  Seq Scan on title t  (cost=0.00..67604.59 rows=1923403 width=4) (actual time=0.009..1216.407 rows=1922849 loops=1)
                          Filter: (production_year < 2010)
                          Rows Removed by Filter: 605463
Planning time: 0.723 ms
Execution time: 94294.332 ms
