Hash Join  (cost=76379.89..195996.10 rows=564788 width=0) (actual time=1279.671..4249.591 rows=287502 loops=1)
  Hash Cond: (mk.movie_id = t.id)
  ->  Seq Scan on movie_keyword mk  (cost=0.00..81003.12 rows=2670188 width=4) (actual time=0.026..1687.418 rows=2662026 loops=1)
        Filter: (keyword_id > 3133)
        Rows Removed by Filter: 1861904
  ->  Hash  (cost=67604.59..67604.59 rows=534824 width=4) (actual time=1278.718..1278.718 rows=533369 loops=1)
        Buckets: 131072  Batches: 8  Memory Usage: 3376kB
        ->  Seq Scan on title t  (cost=0.00..67604.59 rows=534824 width=4) (actual time=0.019..1097.714 rows=533369 loops=1)
              Filter: (production_year > 2009)
              Rows Removed by Filter: 1994943
Planning time: 0.697 ms
Execution time: 4286.664 ms
