Hash Join  (cost=164335.34..1003035.83 rows=141390 width=0) (actual time=3354.831..18975.881 rows=2314415 loops=1)
  Hash Cond: (ci.movie_id = t.id)
  ->  Seq Scan on cast_info ci  (cost=0.00..796071.18 rows=3182483 width=4) (actual time=514.866..13401.182 rows=6658467 loops=1)
        Filter: ((person_id > 2461173) AND (role_id > 4))
        Rows Removed by Filter: 29585877
  ->  Hash  (cost=162492.14..162492.14 rows=112336 width=8) (actual time=2838.808..2838.808 rows=103028 loops=1)
        Buckets: 131072  Batches: 2  Memory Usage: 3050kB
        ->  Hash Join  (cost=74710.74..162492.14 rows=112336 width=8) (actual time=971.379..2804.479 rows=103028 loops=1)
              Hash Cond: (mk.movie_id = t.id)
              ->  Seq Scan on movie_keyword mk  (cost=0.00..69693.30 rows=4523930 width=4) (actual time=0.024..918.867 rows=4523930 loops=1)
              ->  Hash  (cost=73925.90..73925.90 rows=62787 width=4) (actual time=970.702..970.702 rows=53770 loops=1)
                    Buckets: 65536  Batches: 1  Memory Usage: 2403kB
                    ->  Seq Scan on title t  (cost=0.00..73925.90 rows=62787 width=4) (actual time=0.119..948.808 rows=53770 loops=1)
                          Filter: ((kind_id < 7) AND (production_year = 2011))
                          Rows Removed by Filter: 2474542
Planning time: 1.150 ms
Execution time: 19207.306 ms
