Hash Join  (cost=102767.86..254305.32 rows=2520759 width=0) (actual time=2034.671..5802.090 rows=2516619 loops=1)
  Hash Cond: (mk.movie_id = t.id)
  ->  Seq Scan on movie_keyword mk  (cost=0.00..81003.12 rows=2520759 width=4) (actual time=0.018..1620.331 rows=2516619 loops=1)
        Filter: (keyword_id > 3573)
        Rows Removed by Filter: 2007311
  ->  Hash  (cost=61283.27..61283.27 rows=2528527 width=4) (actual time=2032.825..2032.825 rows=2528312 loops=1)
        Buckets: 131072  Batches: 64  Memory Usage: 2425kB
        ->  Seq Scan on title t  (cost=0.00..61283.27 rows=2528527 width=4) (actual time=0.021..1165.732 rows=2528312 loops=1)
Planning time: 0.768 ms
Execution time: 6074.441 ms
