Seq Scan on movie_keyword mk  (cost=0.00..81003.12 rows=246 width=0) (actual time=10.295..1099.863 rows=58 loops=1)
  Filter: (keyword_id = 4811)
  Rows Removed by Filter: 4523872
Planning time: 0.350 ms
Execution time: 1100.015 ms
