Hash Join  (cost=83072.39..447728.78 rows=48 width=0) (actual time=1320.021..7940.056 rows=381 loops=1)
  Hash Cond: (mi.movie_id = t.id)
  ->  Seq Scan on movie_info mi  (cost=0.00..309384.22 rows=14739122 width=4) (actual time=0.011..4126.635 rows=14835720 loops=1)
  ->  Hash  (cost=83072.29..83072.29 rows=8 width=8) (actual time=1259.999..1259.999 rows=2 loops=1)
        Buckets: 1024  Batches: 1  Memory Usage: 9kB
        ->  Nested Loop  (cost=0.43..83072.29 rows=8 width=8) (actual time=543.590..1259.979 rows=2 loops=1)
              ->  Seq Scan on movie_keyword mk  (cost=0.00..81003.12 rows=246 width=4) (actual time=37.015..1258.115 rows=43 loops=1)
                    Filter: (keyword_id = 13256)
                    Rows Removed by Filter: 4523887
              ->  Index Scan using title_pkey on title t  (cost=0.43..8.40 rows=1 width=4) (actual time=0.039..0.039 rows=0 loops=43)
                    Index Cond: (id = mk.movie_id)
                    Filter: (production_year = 2004)
                    Rows Removed by Filter: 1
Planning time: 1.241 ms
Execution time: 7940.280 ms
