Hash Join  (cost=97816.89..149145.88 rows=794751 width=0) (actual time=2452.329..3472.910 rows=425568 loops=1)
  Hash Cond: (mi_idx.movie_id = t.id)
  ->  Seq Scan on movie_info_idx mi_idx  (cost=0.00..21735.35 rows=1380035 width=4) (actual time=0.014..448.774 rows=1380035 loops=1)
  ->  Hash  (cost=73925.90..73925.90 rows=1456159 width=4) (actual time=2070.884..2070.884 rows=1478439 loops=1)
        Buckets: 131072  Batches: 32  Memory Usage: 2651kB
        ->  Seq Scan on title t  (cost=0.00..73925.90 rows=1456159 width=4) (actual time=0.022..1581.777 rows=1478439 loops=1)
              Filter: ((production_year > 1916) AND (kind_id = 7))
              Rows Removed by Filter: 1049873
Planning time: 0.722 ms
Execution time: 3519.711 ms
