Hash Join  (cost=73950.44..160643.60 rows=3512 width=0) (actual time=1017.644..2819.379 rows=24931 loops=1)
  Hash Cond: (mk.movie_id = t.id)
  ->  Seq Scan on movie_keyword mk  (cost=0.00..69693.30 rows=4523930 width=4) (actual time=0.022..1005.215 rows=4523930 loops=1)
  ->  Hash  (cost=73925.90..73925.90 rows=1963 width=4) (actual time=1016.005..1016.005 rows=2778 loops=1)
        Buckets: 4096 (originally 2048)  Batches: 1 (originally 1)  Memory Usage: 130kB
        ->  Seq Scan on title t  (cost=0.00..73925.90 rows=1963 width=4) (actual time=312.970..1014.581 rows=2778 loops=1)
              Filter: ((kind_id = 1) AND (production_year = 1936))
              Rows Removed by Filter: 2525534
Planning time: 0.705 ms
Execution time: 2822.814 ms
