Hash Join  (cost=133031.74..520960.44 rows=1483 width=0) (actual time=1549.785..9750.476 rows=20298 loops=1)
  Hash Cond: (mi.movie_id = t.id)
  ->  Seq Scan on movie_info mi  (cost=0.00..346232.03 rows=11115165 width=4) (actual time=0.009..6606.689 rows=11210743 loops=1)
        Filter: (info_type_id > 3)
        Rows Removed by Filter: 3624977
  ->  Hash  (cost=133027.52..133027.52 rows=337 width=8) (actual time=1548.452..1548.452 rows=385 loops=1)
        Buckets: 1024  Batches: 1  Memory Usage: 24kB
        ->  Nested Loop  (cost=0.43..133027.52 rows=337 width=8) (actual time=3.368..1548.021 rows=385 loops=1)
              ->  Seq Scan on movie_keyword mk  (cost=0.00..81003.12 rows=7540 width=4) (actual time=0.021..1272.819 rows=7668 loops=1)
                    Filter: (keyword_id = 231)
                    Rows Removed by Filter: 4516262
              ->  Index Scan using title_pkey on title t  (cost=0.43..6.89 rows=1 width=4) (actual time=0.035..0.035 rows=0 loops=7668)
                    Index Cond: (id = mk.movie_id)
                    Filter: (production_year = 2007)
                    Rows Removed by Filter: 1
Planning time: 1.224 ms
Execution time: 9754.003 ms
