Seq Scan on cast_info ci  (cost=0.00..705507.15 rows=32416943 width=0) (actual time=0.017..12289.633 rows=32555750 loops=1)
  Filter: (person_id > 353292)
  Rows Removed by Filter: 3688594
Planning time: 0.222 ms
Execution time: 16100.562 ms
