Hash Join  (cost=69687.24..1122171.65 rows=1818525 width=0) (actual time=1171.101..28498.958 rows=2028036 loops=1)
  Hash Cond: (ci.movie_id = t.id)
  ->  Seq Scan on cast_info ci  (cost=0.00..614943.12 rows=36225612 width=4) (actual time=0.011..12626.995 rows=36244344 loops=1)
  ->  Hash  (cost=67604.59..67604.59 rows=126932 width=4) (actual time=1170.261..1170.261 rows=122861 loops=1)
        Buckets: 131072  Batches: 2  Memory Usage: 3191kB
        ->  Seq Scan on title t  (cost=0.00..67604.59 rows=126932 width=4) (actual time=0.011..1125.051 rows=122861 loops=1)
              Filter: (production_year = 2008)
              Rows Removed by Filter: 2405451
Planning time: 0.725 ms
Execution time: 28777.957 ms
