Hash Join  (cost=485262.73..595376.26 rows=484334 width=0) (actual time=9063.645..12603.044 rows=3876226 loops=1)
  Hash Cond: (mk.movie_id = t.id)
  ->  Seq Scan on movie_keyword mk  (cost=0.00..81003.12 rows=1878416 width=4) (actual time=0.023..1679.158 rows=1889994 loops=1)
        Filter: (keyword_id < 3235)
        Rows Removed by Filter: 2633936
  ->  Hash  (cost=474566.23..474566.23 rows=651960 width=8) (actual time=9061.929..9061.929 rows=660923 loops=1)
        Buckets: 131072  Batches: 16  Memory Usage: 2648kB
        ->  Hash Join  (cost=102767.86..474566.23 rows=651960 width=8) (actual time=7023.120..8861.158 rows=660923 loops=1)
              Hash Cond: (mi.movie_id = t.id)
              ->  Seq Scan on movie_info mi  (cost=0.00..346232.03 rows=651960 width=4) (actual time=4993.112..5886.110 rows=660923 loops=1)
                    Filter: (info_type_id = 18)
                    Rows Removed by Filter: 14174797
              ->  Hash  (cost=61283.27..61283.27 rows=2528527 width=4) (actual time=2029.057..2029.057 rows=2528312 loops=1)
                    Buckets: 131072  Batches: 64  Memory Usage: 2425kB
                    ->  Seq Scan on title t  (cost=0.00..61283.27 rows=2528527 width=4) (actual time=0.023..1170.711 rows=2528312 loops=1)
Planning time: 1.157 ms
Execution time: 13060.359 ms
