Hash Join  (cost=1165061.38..2161276.14 rows=37682521 width=0) (actual time=25985.407..73751.747 rows=135487722 loops=1)
  Hash Cond: (mi.movie_id = t.id)
  ->  Seq Scan on movie_info mi  (cost=0.00..346232.03 rows=11115165 width=4) (actual time=0.012..7633.378 rows=11210743 loops=1)
        Filter: (info_type_id > 3)
        Rows Removed by Filter: 3624977
  ->  Hash  (cost=1024423.05..1024423.05 rows=8572187 width=8) (actual time=25983.469..25983.469 rows=8486314 loops=1)
        Buckets: 131072  Batches: 128  Memory Usage: 3627kB
        ->  Hash Join  (cost=102767.86..1024423.05 rows=8572187 width=8) (actual time=2094.376..23600.511 rows=8486314 loops=1)
              Hash Cond: (ci.movie_id = t.id)
              ->  Seq Scan on cast_info ci  (cost=0.00..705507.15 rows=8572187 width=4) (actual time=0.017..14016.682 rows=8486314 loops=1)
                    Filter: (role_id > 5)
                    Rows Removed by Filter: 27758030
              ->  Hash  (cost=61283.27..61283.27 rows=2528527 width=4) (actual time=2093.560..2093.560 rows=2528312 loops=1)
                    Buckets: 131072  Batches: 64  Memory Usage: 2415kB
                    ->  Seq Scan on title t  (cost=0.00..61283.27 rows=2528527 width=4) (actual time=0.017..1015.318 rows=2528312 loops=1)
Planning time: 0.884 ms
Execution time: 88437.788 ms
