Seq Scan on cast_info ci  (cost=0.00..796071.18 rows=64 width=0) (actual time=7535.810..13313.053 rows=18 loops=1)
  Filter: ((role_id > 9) AND (person_id = 2890108))
  Rows Removed by Filter: 36244326
Planning time: 0.394 ms
Execution time: 13313.168 ms
