Hash Join  (cost=190755.30..735469.66 rows=6083144 width=0) (actual time=4618.332..22154.851 rows=19602848 loops=1)
  Hash Cond: (mi.movie_id = t.id)
  ->  Seq Scan on movie_info mi  (cost=0.00..309384.22 rows=14739122 width=4) (actual time=0.021..6278.423 rows=14835720 loops=1)
  ->  Hash  (cost=173633.60..173633.60 rows=1043576 width=8) (actual time=4617.286..4617.286 rows=829639 loops=1)
        Buckets: 131072  Batches: 16  Memory Usage: 3043kB
        ->  Hash Join  (cost=84197.31..173633.60 rows=1043576 width=8) (actual time=1537.085..4348.356 rows=829639 loops=1)
              Hash Cond: (mc.movie_id = t.id)
              ->  Seq Scan on movie_companies mc  (cost=0.00..44881.29 rows=2609129 width=4) (actual time=0.023..1062.310 rows=2609129 loops=1)
              ->  Hash  (cost=67604.59..67604.59 rows=1011338 width=4) (actual time=1535.945..1535.945 rows=1012920 loops=1)
                    Buckets: 131072  Batches: 16  Memory Usage: 3250kB
                    ->  Seq Scan on title t  (cost=0.00..67604.59 rows=1011338 width=4) (actual time=0.023..1214.907 rows=1012920 loops=1)
                          Filter: (production_year > 2005)
                          Rows Removed by Filter: 1515392
Planning time: 1.156 ms
Execution time: 24231.088 ms
