Hash Join  (cost=137607.99..495657.81 rows=31207 width=0) (actual time=6516.155..9969.764 rows=503341 loops=1)
  Hash Cond: (mi.movie_id = t.id)
  ->  Seq Scan on movie_info mi  (cost=0.00..346232.03 rows=3068194 width=4) (actual time=3634.150..5818.848 rows=3036719 loops=1)
        Filter: (info_type_id = 16)
        Rows Removed by Filter: 11799001
  ->  Hash  (cost=137286.52..137286.52 rows=25718 width=8) (actual time=2877.371..2877.371 rows=189948 loops=1)
        Buckets: 131072 (originally 32768)  Batches: 2 (originally 1)  Memory Usage: 4754kB
        ->  Hash Join  (cost=74603.46..137286.52 rows=25718 width=8) (actual time=1669.557..2817.455 rows=189948 loops=1)
              Hash Cond: (mc.movie_id = t.id)
              ->  Seq Scan on movie_companies mc  (cost=0.00..57926.93 rows=1199719 width=4) (actual time=516.321..1145.038 rows=1146688 loops=1)
                    Filter: ((company_id > 31) AND (company_type_id = 1))
                    Rows Removed by Filter: 1462441
              ->  Hash  (cost=73925.90..73925.90 rows=54204 width=4) (actual time=1151.590..1151.590 rows=162211 loops=1)
                    Buckets: 131072 (originally 65536)  Batches: 2 (originally 1)  Memory Usage: 3877kB
                    ->  Seq Scan on title t  (cost=0.00..73925.90 rows=54204 width=4) (actual time=0.217..1090.752 rows=162211 loops=1)
                          Filter: ((kind_id < 4) AND (production_year < 1950))
                          Rows Removed by Filter: 2366101
Planning time: 1.262 ms
Execution time: 10028.619 ms
