Nested Loop  (cost=44377.22..124220.87 rows=6693 width=0) (actual time=1098.080..1938.630 rows=1257 loops=1)
  Join Filter: (mc.movie_id = t.id)
  ->  Hash Join  (cost=44376.79..103760.48 rows=34655 width=8) (actual time=1098.004..1916.320 rows=1257 loops=1)
        Hash Cond: (mc.movie_id = mi_idx.movie_id)
        ->  Seq Scan on movie_companies mc  (cost=0.00..51404.11 rows=12263 width=4) (actual time=186.938..803.621 rows=12948 loops=1)
              Filter: (company_id = 11137)
              Rows Removed by Filter: 2596181
        ->  Hash  (cost=21735.35..21735.35 rows=1380035 width=4) (actual time=906.393..906.393 rows=1380035 loops=1)
              Buckets: 131072  Batches: 32  Memory Usage: 2540kB
              ->  Seq Scan on movie_info_idx mi_idx  (cost=0.00..21735.35 rows=1380035 width=4) (actual time=0.022..479.878 rows=1380035 loops=1)
  ->  Index Only Scan using title_pkey on title t  (cost=0.43..0.58 rows=1 width=4) (actual time=0.017..0.017 rows=1 loops=1257)
        Index Cond: (id = mi_idx.movie_id)
        Heap Fetches: 1257
Planning time: 0.774 ms
Execution time: 1938.994 ms
