Hash Join  (cost=73962.22..438787.48 rows=16934 width=0) (actual time=1318.713..7353.004 rows=51577 loops=1)
  Hash Cond: (mi.movie_id = t.id)
  ->  Seq Scan on movie_info mi  (cost=0.00..309384.22 rows=14739122 width=4) (actual time=0.018..3626.857 rows=14835720 loops=1)
  ->  Hash  (cost=73925.90..73925.90 rows=2905 width=4) (actual time=1162.680..1162.680 rows=4597 loops=1)
        Buckets: 8192 (originally 4096)  Batches: 1 (originally 1)  Memory Usage: 226kB
        ->  Seq Scan on title t  (cost=0.00..73925.90 rows=2905 width=4) (actual time=0.120..1160.397 rows=4597 loops=1)
              Filter: ((kind_id < 7) AND (production_year = 1910))
              Rows Removed by Filter: 2523715
Planning time: 0.885 ms
Execution time: 7361.032 ms
