Hash Join  (cost=459710.98..1324191.14 rows=1653400 width=0) (actual time=8181.809..27205.749 rows=1156283 loops=1)
  Hash Cond: (ci.movie_id = t.id)
  ->  Seq Scan on cast_info ci  (cost=0.00..705507.15 rows=12203201 width=4) (actual time=646.462..14354.791 rows=12113646 loops=1)
        Filter: (role_id > 3)
        Rows Removed by Filter: 24130698
  ->  Hash  (cost=454089.63..454089.63 rows=342588 width=8) (actual time=7534.168..7534.168 rows=92529 loops=1)
        Buckets: 131072  Batches: 8  Memory Usage: 1478kB
        ->  Hash Join  (cost=90606.68..454089.63 rows=342588 width=8) (actual time=3230.915..7505.076 rows=92529 loops=1)
              Hash Cond: (mi.movie_id = t.id)
              ->  Seq Scan on movie_info mi  (cost=0.00..346232.03 rows=852012 width=4) (actual time=1400.619..5183.559 rows=900340 loops=1)
                    Filter: (info_type_id > 94)
                    Rows Removed by Filter: 13935380
              ->  Hash  (cost=73925.90..73925.90 rows=1016702 width=4) (actual time=1716.058..1716.058 rows=960113 loops=1)
                    Buckets: 131072  Batches: 16  Memory Usage: 3141kB
                    ->  Seq Scan on title t  (cost=0.00..73925.90 rows=1016702 width=4) (actual time=108.513..1400.369 rows=960113 loops=1)
                          Filter: ((production_year < 2008) AND (kind_id = 7))
                          Rows Removed by Filter: 1568199
Planning time: 1.172 ms
Execution time: 27345.718 ms
