Hash Join  (cost=303343.32..483939.19 rows=2378884 width=146) (actual time=3227.028..6960.167 rows=8420451 loops=1)
  Hash Cond: (mk.movie_id = t.id)
  ->  Seq Scan on movie_keyword mk  (cost=0.00..69693.30 rows=4523930 width=12) (actual time=0.010..417.635 rows=4523930 loops=1)
  ->  Hash  (cost=260754.17..260754.17 rows=1329612 width=134) (actual time=3226.584..3226.584 rows=1334883 loops=1)
        Buckets: 32768  Batches: 64  Memory Usage: 3035kB
        ->  Hash Join  (cost=129928.86..260754.17 rows=1329612 width=134) (actual time=1062.566..2725.565 rows=1334883 loops=1)
              Hash Cond: (mc.movie_id = t.id)
              ->  Seq Scan on movie_companies mc  (cost=0.00..51404.11 rows=1329612 width=40) (actual time=0.190..438.147 rows=1334883 loops=1)
                    Filter: (company_type_id > 1)
                    Rows Removed by Filter: 1274246
              ->  Hash  (cost=61283.27..61283.27 rows=2528527 width=94) (actual time=1061.691..1061.691 rows=2528312 loops=1)
                    Buckets: 32768  Batches: 128  Memory Usage: 2453kB
                    ->  Seq Scan on title t  (cost=0.00..61283.27 rows=2528527 width=94) (actual time=0.011..388.876 rows=2528312 loops=1)
Planning time: 0.891 ms
Execution time: 7221.887 ms
