Nested Loop  (cost=70818.36..164441.17 rows=1874 width=0) (actual time=1470.739..3516.502 rows=32080 loops=1)
  ->  Hash Join  (cost=70817.93..157676.59 rows=9853 width=8) (actual time=1470.650..3111.170 rows=32080 loops=1)
        Hash Cond: (mk.movie_id = mc.movie_id)
        ->  Seq Scan on movie_keyword mk  (cost=0.00..81003.12 rows=6032 width=4) (actual time=0.036..1441.241 rows=6303 loops=1)
              Filter: (keyword_id = 135)
              Rows Removed by Filter: 4517627
        ->  Hash  (cost=57926.93..57926.93 rows=785680 width=4) (actual time=1468.788..1468.788 rows=1083125 loops=1)
              Buckets: 131072  Batches: 16  Memory Usage: 3446kB
              ->  Seq Scan on movie_companies mc  (cost=0.00..57926.93 rows=785680 width=4) (actual time=114.715..1143.130 rows=1083125 loops=1)
                    Filter: ((company_id < 16154) AND (company_type_id = 1))
                    Rows Removed by Filter: 1526004
  ->  Index Only Scan using title_pkey on title t  (cost=0.43..0.68 rows=1 width=4) (actual time=0.012..0.012 rows=1 loops=32080)
        Index Cond: (id = mc.movie_id)
        Heap Fetches: 32080
Planning time: 1.191 ms
Execution time: 3523.398 ms
