Hash Join  (cost=92703.08..911531.92 rows=514451 width=0) (actual time=9453.071..17142.631 rows=415301 loops=1)
  Hash Cond: (ci.movie_id = t.id)
  ->  Seq Scan on cast_info ci  (cost=0.00..796071.18 rows=1136574 width=4) (actual time=7673.997..14221.655 rows=1146309 loops=1)
        Filter: ((person_id > 1226922) AND (role_id = 8))
        Rows Removed by Filter: 35098035
  ->  Hash  (cost=73925.90..73925.90 rows=1144494 width=4) (actual time=1778.063..1778.063 rows=1095581 loops=1)
        Buckets: 131072  Batches: 16  Memory Usage: 3437kB
        ->  Seq Scan on title t  (cost=0.00..73925.90 rows=1144494 width=4) (actual time=0.033..1427.167 rows=1095581 loops=1)
              Filter: ((kind_id > 1) AND (production_year < 2007))
              Rows Removed by Filter: 1432731
Planning time: 0.771 ms
Execution time: 17193.500 ms
