Hash Join  (cost=88767.14..177826.66 rows=106844 width=0) (actual time=2844.003..3611.780 rows=13077 loops=1)
  Hash Cond: (mk.movie_id = t.id)
  ->  Seq Scan on movie_keyword mk  (cost=0.00..81003.12 rows=298655 width=4) (actual time=0.026..1211.536 rows=294543 loops=1)
        Filter: (keyword_id > 54632)
        Rows Removed by Filter: 4229387
  ->  Hash  (cost=73925.90..73925.90 rows=904579 width=4) (actual time=1806.180..1806.180 rows=992072 loops=1)
        Buckets: 131072  Batches: 16  Memory Usage: 3218kB
        ->  Seq Scan on title t  (cost=0.00..73925.90 rows=904579 width=4) (actual time=0.020..1488.804 rows=992072 loops=1)
              Filter: ((production_year > 1998) AND (kind_id = 7))
              Rows Removed by Filter: 1536240
Planning time: 0.807 ms
Execution time: 3613.437 ms
