Seq Scan on movie_keyword mk  (cost=0.00..81003.12 rows=1450134 width=0) (actual time=0.014..1356.169 rows=1461243 loops=1)
  Filter: (keyword_id > 11360)
  Rows Removed by Filter: 3062687
Planning time: 0.234 ms
Execution time: 1545.477 ms
