Hash Join  (cost=58358.49..145016.67 rows=14 width=0) (actual time=956.060..2283.374 rows=3 loops=1)
  Hash Cond: (mk.movie_id = t.id)
  ->  Seq Scan on movie_keyword mk  (cost=0.00..69693.30 rows=4523930 width=4) (actual time=0.018..911.707 rows=4523930 loops=1)
  ->  Hash  (cost=58358.39..58358.39 rows=8 width=8) (actual time=615.954..615.954 rows=1 loops=1)
        Buckets: 1024  Batches: 1  Memory Usage: 9kB
        ->  Nested Loop  (cost=0.43..58358.39 rows=8 width=8) (actual time=153.298..615.942 rows=1 loops=1)
              ->  Seq Scan on movie_companies mc  (cost=0.00..57926.93 rows=51 width=4) (actual time=131.499..615.472 rows=8 loops=1)
                    Filter: ((company_id = 5593) AND (company_type_id = 1))
                    Rows Removed by Filter: 2609121
              ->  Index Scan using title_pkey on title t  (cost=0.43..8.45 rows=1 width=4) (actual time=0.053..0.053 rows=0 loops=8)
                    Index Cond: (id = mc.movie_id)
                    Filter: (production_year > 2010)
                    Rows Removed by Filter: 1
Planning time: 2.389 ms
Execution time: 2292.802 ms
