Hash Join  (cost=94858.47..654021.44 rows=7437304 width=0) (actual time=1811.238..17576.580 rows=3306079 loops=1)
  Hash Cond: (mi.movie_id = t.id)
  ->  Seq Scan on movie_info mi  (cost=0.00..309384.22 rows=14739122 width=4) (actual time=0.009..5896.413 rows=14835720 loops=1)
  ->  Hash  (cost=73925.90..73925.90 rows=1275885 width=4) (actual time=1810.120..1810.120 rows=1357653 loops=1)
        Buckets: 131072  Batches: 32  Memory Usage: 2525kB
        ->  Seq Scan on title t  (cost=0.00..73925.90 rows=1275885 width=4) (actual time=0.012..1357.074 rows=1357653 loops=1)
              Filter: ((production_year > 1969) AND (kind_id = 7))
              Rows Removed by Filter: 1170659
Planning time: 0.754 ms
Execution time: 17948.101 ms
