Seq Scan on cast_info ci  (cost=0.00..705507.15 rows=500 width=0) (actual time=889.629..10932.704 rows=5 loops=1)
  Filter: (person_id = 2801232)
  Rows Removed by Filter: 36244339
Planning time: 0.401 ms
Execution time: 10932.800 ms
