Hash Join  (cost=428104.48..1230057.76 rows=2772 width=0) (actual time=14956.656..18147.960 rows=3452 loops=1)
  Hash Cond: (ci.movie_id = t.id)
  ->  Seq Scan on cast_info ci  (cost=0.00..796071.18 rows=1561168 width=4) (actual time=8757.586..11727.833 rows=1065439 loops=1)
        Filter: ((person_id < 1389175) AND (role_id = 3))
        Rows Removed by Filter: 35178905
  ->  Hash  (cost=428048.35..428048.35 rows=4490 width=8) (actual time=6192.569..6192.569 rows=6509 loops=1)
        Buckets: 8192  Batches: 1  Memory Usage: 319kB
        ->  Hash Join  (cost=73994.33..428048.35 rows=4490 width=8) (actual time=1315.582..6189.598 rows=6509 loops=1)
              Hash Cond: (mi.movie_id = t.id)
              ->  Seq Scan on movie_info mi  (cost=0.00..346232.03 rows=2073893 width=4) (actual time=0.031..4477.664 rows=2091068 loops=1)
                    Filter: (info_type_id < 3)
                    Rows Removed by Filter: 12744652
              ->  Hash  (cost=73925.90..73925.90 rows=5474 width=4) (actual time=1315.353..1315.353 rows=10142 loops=1)
                    Buckets: 16384 (originally 8192)  Batches: 1 (originally 1)  Memory Usage: 485kB
                    ->  Seq Scan on title t  (cost=0.00..73925.90 rows=5474 width=4) (actual time=0.179..1309.932 rows=10142 loops=1)
                          Filter: ((kind_id > 1) AND (production_year = 1973))
                          Rows Removed by Filter: 2518170
Planning time: 1.216 ms
Execution time: 18148.731 ms
