Nested Loop  (cost=0.43..58358.27 rows=51 width=0) (actual time=460.045..893.945 rows=64 loops=1)
  ->  Seq Scan on movie_companies mc  (cost=0.00..57926.93 rows=51 width=4) (actual time=459.949..892.171 rows=64 loops=1)
        Filter: ((company_type_id < 2) AND (company_id = 16987))
        Rows Removed by Filter: 2609065
  ->  Index Only Scan using title_pkey on title t  (cost=0.43..8.45 rows=1 width=4) (actual time=0.025..0.025 rows=1 loops=64)
        Index Cond: (id = mc.movie_id)
        Heap Fetches: 64
Planning time: 0.745 ms
Execution time: 894.050 ms
