Hash Join  (cost=136847.92..233573.25 rows=76624 width=0) (actual time=2314.289..4660.411 rows=951384 loops=1)
  Hash Cond: (mk.movie_id = t.id)
  ->  Seq Scan on movie_keyword mk  (cost=0.00..81003.12 rows=3988258 width=4) (actual time=0.021..1502.513 rows=3997472 loops=1)
        Filter: (keyword_id < 34528)
        Rows Removed by Filter: 526458
  ->  Hash  (cost=136240.68..136240.68 rows=48579 width=8) (actual time=2313.872..2313.872 rows=44162 loops=1)
        Buckets: 65536  Batches: 1  Memory Usage: 2238kB
        ->  Hash Join  (cost=69179.59..136240.68 rows=48579 width=8) (actual time=924.782..2297.614 rows=44162 loops=1)
              Hash Cond: (mc.movie_id = t.id)
              ->  Seq Scan on movie_companies mc  (cost=0.00..51404.11 rows=1279517 width=4) (actual time=0.014..900.037 rows=1274246 loops=1)
                    Filter: (company_type_id = 1)
                    Rows Removed by Filter: 1334883
              ->  Hash  (cost=67604.59..67604.59 rows=96000 width=4) (actual time=924.002..924.002 rows=95005 loops=1)
                    Buckets: 131072  Batches: 2  Memory Usage: 2716kB
                    ->  Seq Scan on title t  (cost=0.00..67604.59 rows=96000 width=4) (actual time=0.025..888.071 rows=95005 loops=1)
                          Filter: (production_year = 2005)
                          Rows Removed by Filter: 2433307
Planning time: 1.111 ms
Execution time: 4778.690 ms
