Hash Join  (cost=74438.43..132820.49 rows=28923 width=0) (actual time=934.556..1951.604 rows=7540 loops=1)
  Hash Cond: (mc.movie_id = t.id)
  ->  Seq Scan on movie_companies mc  (cost=0.00..51404.11 rows=1783659 width=4) (actual time=0.015..708.852 rows=1790694 loops=1)
        Filter: (company_id > 1924)
        Rows Removed by Filter: 818435
  ->  Hash  (cost=73925.90..73925.90 rows=41002 width=4) (actual time=933.389..933.389 rows=40409 loops=1)
        Buckets: 65536  Batches: 1  Memory Usage: 1933kB
        ->  Seq Scan on title t  (cost=0.00..73925.90 rows=41002 width=4) (actual time=0.023..919.310 rows=40409 loops=1)
              Filter: ((kind_id > 4) AND (production_year > 2012))
              Rows Removed by Filter: 2487903
Planning time: 0.777 ms
Execution time: 1952.695 ms
