Seq Scan on movie_companies mc  (cost=0.00..57926.93 rows=813563 width=0) (actual time=0.009..1077.123 rows=1027908 loops=1)
  Filter: ((company_id > 5124) AND (company_type_id > 1))
  Rows Removed by Filter: 1581221
Planning time: 0.245 ms
Execution time: 1210.523 ms
