Hash Join  (cost=210703.69..1023252.51 rows=1995422 width=0) (actual time=10258.473..27063.963 rows=15714350 loops=1)
  Hash Cond: (ci.movie_id = t.id)
  ->  Seq Scan on cast_info ci  (cost=0.00..705507.15 rows=7298253 width=4) (actual time=5126.660..14080.865 rows=7451973 loops=1)
        Filter: (role_id = 2)
        Rows Removed by Filter: 28792371
  ->  Hash  (cost=199361.11..199361.11 rows=691327 width=8) (actual time=5130.324..5130.324 rows=1670511 loops=1)
        Buckets: 131072 (originally 131072)  Batches: 32 (originally 16)  Memory Usage: 3073kB
        ->  Hash Join  (cost=78556.72..199361.11 rows=691327 width=8) (actual time=1725.720..4698.763 rows=1670511 loops=1)
              Hash Cond: (mk.movie_id = t.id)
              ->  Seq Scan on movie_keyword mk  (cost=0.00..81003.12 rows=2618663 width=4) (actual time=0.027..1732.948 rows=2608208 loops=1)
                    Filter: (keyword_id < 7078)
                    Rows Removed by Filter: 1915722
              ->  Hash  (cost=67604.59..67604.59 rows=667531 width=4) (actual time=1371.276..1371.276 rows=662825 loops=1)
                    Buckets: 131072  Batches: 16  Memory Usage: 2486kB
                    ->  Seq Scan on title t  (cost=0.00..67604.59 rows=667531 width=4) (actual time=588.366..1158.341 rows=662825 loops=1)
                          Filter: (kind_id = 1)
                          Rows Removed by Filter: 1865487
Planning time: 1.129 ms
Execution time: 28841.290 ms
