Hash Join  (cost=78204.40..1158382.39 rows=3059731 width=0) (actual time=1313.207..32533.196 rows=4068201 loops=1)
  Hash Cond: (ci.movie_id = t.id)
  ->  Seq Scan on cast_info ci  (cost=0.00..705507.15 rows=29669474 width=4) (actual time=0.015..16059.747 rows=29604312 loops=1)
        Filter: (person_id < 2995005)
        Rows Removed by Filter: 6640032
  ->  Hash  (cost=73925.90..73925.90 rows=260760 width=4) (actual time=1312.103..1312.103 rows=373942 loops=1)
        Buckets: 131072 (originally 131072)  Batches: 8 (originally 4)  Memory Usage: 3073kB
        ->  Seq Scan on title t  (cost=0.00..73925.90 rows=260760 width=4) (actual time=0.046..1186.756 rows=373942 loops=1)
              Filter: ((kind_id < 7) AND (production_year < 1989))
              Rows Removed by Filter: 2154370
Planning time: 5.955 ms
Execution time: 33029.262 ms
