Hash Join  (cost=156487.41..233829.76 rows=328737 width=0) (actual time=3247.286..5692.906 rows=978491 loops=1)
  Hash Cond: (mc.movie_id = t.id)
  ->  Seq Scan on movie_companies mc  (cost=0.00..51404.11 rows=1803165 width=4) (actual time=0.013..1181.033 rows=1796322 loops=1)
        Filter: (company_id < 28946)
        Rows Removed by Filter: 812807
  ->  Hash  (cost=148924.19..148924.19 rows=460978 width=8) (actual time=3246.604..3246.604 rows=459925 loops=1)
        Buckets: 131072  Batches: 8  Memory Usage: 3275kB
        ->  Hash Join  (cost=102767.86..148924.19 rows=460978 width=8) (actual time=1787.093..3105.441 rows=459925 loops=1)
              Hash Cond: (mi_idx.movie_id = t.id)
              ->  Seq Scan on movie_info_idx mi_idx  (cost=0.00..25185.44 rows=460978 width=4) (actual time=0.025..521.351 rows=459925 loops=1)
                    Filter: (info_type_id = 99)
                    Rows Removed by Filter: 920110
              ->  Hash  (cost=61283.27..61283.27 rows=2528527 width=4) (actual time=1785.344..1785.344 rows=2528312 loops=1)
                    Buckets: 131072  Batches: 64  Memory Usage: 2415kB
                    ->  Seq Scan on title t  (cost=0.00..61283.27 rows=2528527 width=4) (actual time=0.011..928.278 rows=2528312 loops=1)
Planning time: 1.218 ms
Execution time: 5819.899 ms
