Seq Scan on cast_info ci  (cost=0.00..796071.18 rows=55 width=0) (actual time=5547.353..10685.434 rows=1 loops=1)
  Filter: ((person_id = 2260009) AND (role_id = 3))
  Rows Removed by Filter: 36244343
Planning time: 2.294 ms
Execution time: 10685.544 ms
