Hash Join  (cost=106283.86..862378.37 rows=530535 width=0) (actual time=2058.260..22814.767 rows=2319080 loops=1)
  Hash Cond: (ci.movie_id = t.id)
  ->  Seq Scan on cast_info ci  (cost=0.00..614943.12 rows=36225612 width=4) (actual time=0.006..8748.112 rows=36244344 loops=1)
  ->  Hash  (cost=105820.98..105820.98 rows=37031 width=8) (actual time=2057.789..2057.789 rows=74098 loops=1)
        Buckets: 131072 (originally 65536)  Batches: 1 (originally 1)  Memory Usage: 3919kB
        ->  Hash Join  (cost=69283.60..105820.98 rows=37031 width=8) (actual time=1134.612..2024.678 rows=74098 loops=1)
              Hash Cond: (mi_idx.movie_id = t.id)
              ->  Seq Scan on movie_info_idx mi_idx  (cost=0.00..25185.44 rows=915101 width=4) (actual time=0.016..544.751 rows=919850 loops=1)
                    Filter: (info_type_id < 101)
                    Rows Removed by Filter: 460185
              ->  Hash  (cost=67604.59..67604.59 rows=102321 width=4) (actual time=1133.754..1133.754 rows=100537 loops=1)
                    Buckets: 131072  Batches: 2  Memory Usage: 2797kB
                    ->  Seq Scan on title t  (cost=0.00..67604.59 rows=102321 width=4) (actual time=0.015..1097.409 rows=100537 loops=1)
                          Filter: (kind_id = 3)
                          Rows Removed by Filter: 2427775
Planning time: 2.619 ms
Execution time: 23122.299 ms
