Hash Join  (cost=449939.54..1507502.54 rows=2312883 width=0) (actual time=7963.086..46771.084 rows=15267901 loops=1)
  Hash Cond: (ci.movie_id = t.id)
  ->  Seq Scan on cast_info ci  (cost=0.00..614943.12 rows=36225612 width=4) (actual time=0.020..12879.794 rows=36244344 loops=1)
  ->  Hash  (cost=447290.56..447290.56 rows=161438 width=8) (actual time=7962.166..7962.166 rows=312889 loops=1)
        Buckets: 131072 (originally 131072)  Batches: 8 (originally 4)  Memory Usage: 4058kB
        ->  Hash Join  (cost=77624.77..447290.56 rows=161438 width=8) (actual time=2841.872..7866.803 rows=312889 loops=1)
              Hash Cond: (mi.movie_id = t.id)
              ->  Seq Scan on movie_info mi  (cost=0.00..346232.03 rows=1810770 width=4) (actual time=1636.274..5717.360 rows=1865632 loops=1)
                    Filter: (info_type_id > 17)
                    Rows Removed by Filter: 12970088
              ->  Hash  (cost=73925.90..73925.90 rows=225429 width=4) (actual time=1204.611..1204.611 rows=197206 loops=1)
                    Buckets: 131072  Batches: 4  Memory Usage: 2768kB
                    ->  Seq Scan on title t  (cost=0.00..73925.90 rows=225429 width=4) (actual time=0.037..1135.436 rows=197206 loops=1)
                          Filter: ((kind_id < 4) AND (production_year > 2008))
                          Rows Removed by Filter: 2331106
Planning time: 1.237 ms
Execution time: 48429.825 ms
