Hash Join  (cost=74567.38..162143.58 rows=91816 width=0) (actual time=2655.246..3061.916 rows=94555 loops=1)
  Hash Cond: (mk.movie_id = t.id)
  ->  Seq Scan on movie_keyword mk  (cost=0.00..69693.30 rows=4523930 width=4) (actual time=0.024..982.029 rows=4523930 loops=1)
  ->  Hash  (cost=73925.90..73925.90 rows=51318 width=4) (actual time=1179.596..1179.596 rows=51530 loops=1)
        Buckets: 65536  Batches: 1  Memory Usage: 2324kB
        ->  Seq Scan on title t  (cost=0.00..73925.90 rows=51318 width=4) (actual time=0.029..1158.599 rows=51530 loops=1)
              Filter: ((production_year > 1999) AND (kind_id = 2))
              Rows Removed by Filter: 2476782
Planning time: 0.751 ms
Execution time: 3075.432 ms
