Seq Scan on movie_companies mc  (cost=0.00..51404.11 rows=2225989 width=0) (actual time=0.025..879.631 rows=2221623 loops=1)
  Filter: (company_id < 83503)
  Rows Removed by Filter: 387506
Planning time: 0.300 ms
Execution time: 1156.701 ms
