Hash Join  (cost=83073.96..447737.70 rows=783 width=0) (actual time=1425.332..7321.064 rows=7162 loops=1)
  Hash Cond: (mi.movie_id = t.id)
  ->  Seq Scan on movie_info mi  (cost=0.00..309384.22 rows=14739122 width=4) (actual time=0.009..3609.083 rows=14835720 loops=1)
  ->  Hash  (cost=83072.29..83072.29 rows=134 width=8) (actual time=1401.549..1401.549 rows=96 loops=1)
        Buckets: 1024  Batches: 1  Memory Usage: 12kB
        ->  Nested Loop  (cost=0.43..83072.29 rows=134 width=8) (actual time=26.359..1401.384 rows=96 loops=1)
              ->  Seq Scan on movie_keyword mk  (cost=0.00..81003.12 rows=246 width=4) (actual time=15.725..1366.528 rows=420 loops=1)
                    Filter: (keyword_id = 6407)
                    Rows Removed by Filter: 4523510
              ->  Index Scan using title_pkey on title t  (cost=0.43..8.40 rows=1 width=4) (actual time=0.081..0.081 rows=0 loops=420)
                    Index Cond: (id = mk.movie_id)
                    Filter: (production_year > 2000)
                    Rows Removed by Filter: 1
Planning time: 1.131 ms
Execution time: 7322.553 ms
