Hash Join  (cost=215833.08..1105314.34 rows=2691412 width=0) (actual time=8815.046..31021.428 rows=14027824 loops=1)
  Hash Cond: (ci.movie_id = t.id)
  ->  Seq Scan on cast_info ci  (cost=0.00..796071.18 rows=5318654 width=4) (actual time=3870.457..14762.601 rows=10819438 loops=1)
        Filter: ((person_id < 1481894) AND (role_id = 1))
        Rows Removed by Filter: 25424906
  ->  Hash  (cost=194840.12..194840.12 rows=1279517 width=8) (actual time=4943.699..4943.699 rows=1274246 loops=1)
        Buckets: 131072  Batches: 32  Memory Usage: 2553kB
        ->  Hash Join  (cost=102767.86..194840.12 rows=1279517 width=8) (actual time=2352.902..4561.270 rows=1274246 loops=1)
              Hash Cond: (mc.movie_id = t.id)
              ->  Seq Scan on movie_companies mc  (cost=0.00..51404.11 rows=1279517 width=4) (actual time=286.498..1000.621 rows=1274246 loops=1)
                    Filter: (company_type_id = 1)
                    Rows Removed by Filter: 1334883
              ->  Hash  (cost=61283.27..61283.27 rows=2528527 width=4) (actual time=2065.246..2065.246 rows=2528312 loops=1)
                    Buckets: 131072  Batches: 64  Memory Usage: 2415kB
                    ->  Seq Scan on title t  (cost=0.00..61283.27 rows=2528527 width=4) (actual time=0.026..1239.034 rows=2528312 loops=1)
Planning time: 1.033 ms
Execution time: 32639.653 ms
