Hash Join  (cost=73950.44..431712.02 rows=2382 width=0) (actual time=6196.291..6864.743 rows=3268 loops=1)
  Hash Cond: (mi.movie_id = t.id)
  ->  Seq Scan on movie_info mi  (cost=0.00..346232.03 rows=3068194 width=4) (actual time=4116.649..5361.862 rows=3036719 loops=1)
        Filter: (info_type_id = 16)
        Rows Removed by Filter: 11799001
  ->  Hash  (cost=73925.90..73925.90 rows=1963 width=4) (actual time=1057.700..1057.700 rows=2506 loops=1)
        Buckets: 4096 (originally 2048)  Batches: 1 (originally 1)  Memory Usage: 121kB
        ->  Seq Scan on title t  (cost=0.00..73925.90 rows=1963 width=4) (actual time=0.036..1056.396 rows=2506 loops=1)
              Filter: ((kind_id = 1) AND (production_year = 1931))
              Rows Removed by Filter: 2525806
Planning time: 0.757 ms
Execution time: 6865.491 ms
