Hash Join  (cost=99574.92..1408746.16 rows=22397906 width=0) (actual time=1936.826..40606.612 rows=24276999 loops=1)
  Hash Cond: (ci.movie_id = t.id)
  ->  Seq Scan on cast_info ci  (cost=0.00..614943.12 rows=36225612 width=4) (actual time=0.022..13633.269 rows=36244344 loops=1)
  ->  Hash  (cost=73925.90..73925.90 rows=1563361 width=4) (actual time=1935.795..1935.795 rows=1679658 loops=1)
        Buckets: 131072  Batches: 32  Memory Usage: 2875kB
        ->  Seq Scan on title t  (cost=0.00..73925.90 rows=1563361 width=4) (actual time=0.017..1397.334 rows=1679658 loops=1)
              Filter: ((kind_id > 1) AND (production_year > 1967))
              Rows Removed by Filter: 848654
Planning time: 0.727 ms
Execution time: 43282.425 ms
