Seq Scan on title t  (cost=0.00..67604.59 rows=83441 width=0) (actual time=295.380..1080.475 rows=81647 loops=1)
  Filter: (production_year < 1919)
  Rows Removed by Filter: 2446665
Planning time: 0.324 ms
Execution time: 1091.906 ms
