Hash Join  (cost=185681.38..289649.74 rows=311503 width=0) (actual time=4012.355..6403.095 rows=884750 loops=1)
  Hash Cond: (mk.movie_id = t.id)
  ->  Seq Scan on movie_keyword mk  (cost=0.00..81003.12 rows=1544322 width=4) (actual time=0.024..1463.189 rows=1552994 loops=1)
        Filter: (keyword_id < 2297)
        Rows Removed by Filter: 2970936
  ->  Hash  (cost=177313.07..177313.07 rows=510025 width=8) (actual time=4011.050..4011.050 rows=537777 loops=1)
        Buckets: 131072  Batches: 8  Memory Usage: 3632kB
        ->  Hash Join  (cost=98137.04..177313.07 rows=510025 width=8) (actual time=1803.914..3846.589 rows=537777 loops=1)
              Hash Cond: (mc.movie_id = t.id)
              ->  Seq Scan on movie_companies mc  (cost=0.00..57926.93 rows=692969 width=4) (actual time=0.031..1076.728 rows=951798 loops=1)
                    Filter: ((company_id < 12242) AND (company_type_id < 2))
                    Rows Removed by Filter: 1657331
              ->  Hash  (cost=67604.59..67604.59 rows=1860996 width=4) (actual time=1802.288..1802.288 rows=1865487 loops=1)
                    Buckets: 131072  Batches: 32  Memory Usage: 3079kB
                    ->  Seq Scan on title t  (cost=0.00..67604.59 rows=1860996 width=4) (actual time=0.023..1211.483 rows=1865487 loops=1)
                          Filter: (kind_id > 1)
                          Rows Removed by Filter: 662825
Planning time: 1.123 ms
Execution time: 6499.790 ms
