Hash Join  (cost=102767.86..196130.83 rows=103129 width=0) (actual time=2236.990..4078.980 rows=117394 loops=1)
  Hash Cond: (mk.movie_id = t.id)
  ->  Seq Scan on movie_keyword mk  (cost=0.00..81003.12 rows=103129 width=4) (actual time=0.032..1316.514 rows=117394 loops=1)
        Filter: (keyword_id < 115)
        Rows Removed by Filter: 4406536
  ->  Hash  (cost=61283.27..61283.27 rows=2528527 width=4) (actual time=2235.858..2235.858 rows=2528312 loops=1)
        Buckets: 131072  Batches: 64  Memory Usage: 2425kB
        ->  Seq Scan on title t  (cost=0.00..61283.27 rows=2528527 width=4) (actual time=0.020..1125.478 rows=2528312 loops=1)
Planning time: 10.685 ms
Execution time: 4094.270 ms
