Seq Scan on movie_keyword mk  (cost=0.00..81003.12 rows=348233 width=0) (actual time=0.019..1391.726 rows=362095 loops=1)
  Filter: (keyword_id < 333)
  Rows Removed by Filter: 4161835
Planning time: 0.244 ms
Execution time: 1439.871 ms
