Hash Join  (cost=163462.80..529186.28 rows=106758 width=0) (actual time=2946.071..10136.336 rows=34015 loops=1)
  Hash Cond: (mi.movie_id = t.id)
  ->  Seq Scan on movie_info mi  (cost=0.00..309384.22 rows=14739122 width=4) (actual time=0.016..4140.329 rows=14835720 loops=1)
  ->  Hash  (cost=163233.87..163233.87 rows=18314 width=8) (actual time=2944.850..2944.850 rows=4136 loops=1)
        Buckets: 32768  Batches: 1  Memory Usage: 418kB
        ->  Hash Join  (cost=74202.60..163233.87 rows=18314 width=8) (actual time=1792.770..2942.879 rows=4136 loops=1)
              Hash Cond: (mk.movie_id = t.id)
              ->  Seq Scan on movie_keyword mk  (cost=0.00..81003.12 rows=2092001 width=4) (actual time=0.020..1394.579 rows=2097982 loops=1)
                    Filter: (keyword_id < 3778)
                    Rows Removed by Filter: 2425948
              ->  Hash  (cost=73925.90..73925.90 rows=22136 width=4) (actual time=1189.307..1189.307 rows=24301 loops=1)
                    Buckets: 32768  Batches: 1  Memory Usage: 1111kB
                    ->  Seq Scan on title t  (cost=0.00..73925.90 rows=22136 width=4) (actual time=0.033..1178.642 rows=24301 loops=1)
                          Filter: ((kind_id = 7) AND (production_year = 1996))
                          Rows Removed by Filter: 2504011
Planning time: 1.923 ms
Execution time: 10141.431 ms
