Hash Join  (cost=157633.15..526478.24 rows=49847 width=0) (actual time=2991.506..10196.804 rows=386513 loops=1)
  Hash Cond: (mi.movie_id = t.id)
  ->  Seq Scan on movie_info mi  (cost=0.00..346232.03 rows=5897221 width=4) (actual time=146.668..6041.536 rows=5884963 loops=1)
        Filter: (info_type_id < 7)
        Rows Removed by Filter: 8950757
  ->  Hash  (cost=157365.99..157365.99 rows=21373 width=8) (actual time=2758.107..2758.107 rows=39339 loops=1)
        Buckets: 65536 (originally 32768)  Batches: 1 (originally 1)  Memory Usage: 2049kB
        ->  Hash Join  (cost=72956.84..157365.99 rows=21373 width=8) (actual time=1326.974..2744.011 rows=39339 loops=1)
              Hash Cond: (mk.movie_id = t.id)
              ->  Seq Scan on movie_keyword mk  (cost=0.00..81003.12 rows=165680 width=4) (actual time=96.014..1375.614 rows=160399 loops=1)
                    Filter: (keyword_id > 72811)
                    Rows Removed by Filter: 4363531
              ->  Hash  (cost=67604.59..67604.59 rows=326180 width=4) (actual time=1226.493..1226.493 rows=323245 loops=1)
                    Buckets: 131072  Batches: 8  Memory Usage: 2443kB
                    ->  Seq Scan on title t  (cost=0.00..67604.59 rows=326180 width=4) (actual time=0.032..1121.340 rows=323245 loops=1)
                          Filter: (production_year < 1967)
                          Rows Removed by Filter: 2205067
Planning time: 3.292 ms
Execution time: 10244.949 ms
