Hash Join  (cost=342397.26..1106090.10 rows=21425721 width=0) (actual time=8220.041..66287.795 rows=199968279 loops=1)
  Hash Cond: (mi.movie_id = t.id)
  ->  Seq Scan on movie_info mi  (cost=0.00..309384.22 rows=14739122 width=4) (actual time=0.017..6569.003 rows=14835720 loops=1)
  ->  Hash  (cost=282093.92..282093.92 rows=3675627 width=8) (actual time=8218.439..8218.439 rows=3670466 loops=1)
        Buckets: 131072  Batches: 64  Memory Usage: 3364kB
        ->  Hash Join  (cost=102767.86..282093.92 rows=3675627 width=8) (actual time=1939.660..7128.595 rows=3670466 loops=1)
              Hash Cond: (mk.movie_id = t.id)
              ->  Seq Scan on movie_keyword mk  (cost=0.00..81003.12 rows=3675627 width=4) (actual time=0.018..1854.976 rows=3670466 loops=1)
                    Filter: (keyword_id > 814)
                    Rows Removed by Filter: 853464
              ->  Hash  (cost=61283.27..61283.27 rows=2528527 width=4) (actual time=1938.973..1938.973 rows=2528312 loops=1)
                    Buckets: 131072  Batches: 64  Memory Usage: 2425kB
                    ->  Seq Scan on title t  (cost=0.00..61283.27 rows=2528527 width=4) (actual time=0.009..1085.366 rows=2528312 loops=1)
Planning time: 1.114 ms
Execution time: 87787.659 ms
