Hash Join  (cost=129211.33..494911.20 rows=104394 width=0) (actual time=2408.573..10390.557 rows=433192 loops=1)
  Hash Cond: (mi.movie_id = t.id)
  ->  Seq Scan on movie_info mi  (cost=0.00..309384.22 rows=14739122 width=4) (actual time=0.011..4409.471 rows=14835720 loops=1)
  ->  Hash  (cost=128987.47..128987.47 rows=17909 width=8) (actual time=2405.903..2405.903 rows=25115 loops=1)
        Buckets: 32768  Batches: 1  Memory Usage: 1238kB
        ->  Hash Join  (cost=74142.85..128987.47 rows=17909 width=8) (actual time=1145.416..2396.324 rows=25115 loops=1)
              Hash Cond: (mc.movie_id = t.id)
              ->  Seq Scan on movie_companies mc  (cost=0.00..44881.29 rows=2609129 width=4) (actual time=0.019..654.863 rows=2609129 loops=1)
              ->  Hash  (cost=73925.90..73925.90 rows=17356 width=4) (actual time=1145.145..1145.145 rows=18804 loops=1)
                    Buckets: 32768  Batches: 1  Memory Usage: 918kB
                    ->  Seq Scan on title t  (cost=0.00..73925.90 rows=17356 width=4) (actual time=19.248..1137.436 rows=18804 loops=1)
                          Filter: ((kind_id = 1) AND (production_year = 2013))
                          Rows Removed by Filter: 2509508
Planning time: 1.155 ms
Execution time: 10449.213 ms
