Hash Join  (cost=571893.04..1749583.42 rows=5583628 width=0) (actual time=12627.987..39717.524 rows=5403312 loops=1)
  Hash Cond: (ci.movie_id = t.id)
  ->  Seq Scan on cast_info ci  (cost=0.00..705507.15 rows=23240499 width=4) (actual time=0.032..15137.865 rows=23305208 loops=1)
        Filter: (person_id > 1278586)
        Rows Removed by Filter: 12939136
  ->  Hash  (cost=561925.42..561925.42 rows=607489 width=8) (actual time=12626.920..12626.920 rows=328593 loops=1)
        Buckets: 131072  Batches: 8  Memory Usage: 2585kB
        ->  Hash Join  (cost=75636.60..561925.42 rows=607489 width=8) (actual time=1575.316..12518.001 rows=328593 loops=1)
              Hash Cond: (mi.movie_id = t.id)
              ->  Seq Scan on movie_info mi  (cost=0.00..309384.22 rows=14739122 width=4) (actual time=0.019..5923.291 rows=14835720 loops=1)
              ->  Hash  (cost=73925.90..73925.90 rows=104216 width=4) (actual time=1384.817..1384.817 rows=108513 loops=1)
                    Buckets: 131072  Batches: 2  Memory Usage: 2937kB
                    ->  Seq Scan on title t  (cost=0.00..73925.90 rows=104216 width=4) (actual time=0.032..1342.289 rows=108513 loops=1)
                          Filter: ((kind_id > 1) AND (production_year = 2010))
                          Rows Removed by Filter: 2419799
Planning time: 1.238 ms
Execution time: 40318.347 ms
