Seq Scan on title t  (cost=0.00..73925.90 rows=32666 width=0) (actual time=0.174..1157.714 rows=22974 loops=1)
  Filter: ((kind_id < 4) AND (production_year = 2005))
  Rows Removed by Filter: 2505338
Planning time: 0.373 ms
Execution time: 1161.854 ms
