Hash Join  (cost=935946.30..1076886.53 rows=1132675 width=0) (actual time=18457.633..27767.498 rows=26475102 loops=1)
  Hash Cond: (mk.movie_id = t.id)
  ->  Seq Scan on movie_keyword mk  (cost=0.00..81003.12 rows=3959562 width=4) (actual time=0.017..1908.574 rows=3957660 loops=1)
        Filter: (keyword_id > 398)
        Rows Removed by Filter: 566270
  ->  Hash  (cost=924078.90..924078.90 rows=723312 width=8) (actual time=18456.306..18456.306 rows=1626577 loops=1)
        Buckets: 131072 (originally 131072)  Batches: 32 (originally 16)  Memory Usage: 3102kB
        ->  Hash Join  (cost=84029.93..924078.90 rows=723312 width=8) (actual time=6454.962..17973.288 rows=1626577 loops=1)
              Hash Cond: (ci.movie_id = t.id)
              ->  Seq Scan on cast_info ci  (cost=0.00..796071.18 rows=2969778 width=4) (actual time=4956.604..13215.631 rows=6021150 loops=1)
                    Filter: ((person_id < 817018) AND (role_id = 1))
                    Rows Removed by Filter: 30223194
              ->  Hash  (cost=73925.90..73925.90 rows=615842 width=4) (actual time=1497.345..1497.345 rows=525997 loops=1)
                    Buckets: 131072  Batches: 16  Memory Usage: 2178kB
                    ->  Seq Scan on title t  (cost=0.00..73925.90 rows=615842 width=4) (actual time=0.036..1330.411 rows=525997 loops=1)
                          Filter: ((production_year > 1935) AND (kind_id = 1))
                          Rows Removed by Filter: 2002315
Planning time: 0.909 ms
Execution time: 30385.081 ms
