Hash Join  (cost=82805.75..210458.51 rows=1035453 width=0) (actual time=1628.802..4937.276 rows=1383183 loops=1)
  Hash Cond: (mk.movie_id = t.id)
  ->  Seq Scan on movie_keyword mk  (cost=0.00..81003.12 rows=2825895 width=4) (actual time=0.025..1665.211 rows=2817382 loops=1)
        Filter: (keyword_id > 2682)
        Rows Removed by Filter: 1706548
  ->  Hash  (cost=67604.59..67604.59 rows=926493 width=4) (actual time=1627.805..1627.805 rows=924605 loops=1)
        Buckets: 131072  Batches: 16  Memory Usage: 3063kB
        ->  Seq Scan on title t  (cost=0.00..67604.59 rows=926493 width=4) (actual time=0.015..1319.447 rows=924605 loops=1)
              Filter: (production_year < 1998)
              Rows Removed by Filter: 1603707
Planning time: 0.740 ms
Execution time: 5092.306 ms
