Hash Join  (cost=67697.55..94648.62 rows=4059 width=0) (actual time=1228.584..1828.878 rows=777 loops=1)
  Hash Cond: (mi_idx.movie_id = t.id)
  ->  Seq Scan on movie_info_idx mi_idx  (cost=0.00..21735.35 rows=1380035 width=4) (actual time=0.015..317.933 rows=1380035 loops=1)
  ->  Hash  (cost=67604.59..67604.59 rows=7437 width=4) (actual time=1219.875..1219.875 rows=7670 loops=1)
        Buckets: 8192  Batches: 1  Memory Usage: 334kB
        ->  Seq Scan on title t  (cost=0.00..67604.59 rows=7437 width=4) (actual time=0.022..1216.763 rows=7670 loops=1)
              Filter: (production_year = 1915)
              Rows Removed by Filter: 2520642
Planning time: 0.758 ms
Execution time: 1829.177 ms
