Hash Join  (cost=225255.37..1190910.52 rows=5650719 width=0) (actual time=4810.159..21562.411 rows=1989737 loops=1)
  Hash Cond: (ci.movie_id = t.id)
  ->  Seq Scan on cast_info ci  (cost=0.00..796071.18 rows=8300556 width=4) (actual time=0.018..14541.292 rows=3600775 loops=1)
        Filter: ((person_id > 1236509) AND (role_id = 1))
        Rows Removed by Filter: 32643569
  ->  Hash  (cost=197014.75..197014.75 rows=1721330 width=8) (actual time=4809.050..4809.050 rows=906814 loops=1)
        Buckets: 131072  Batches: 32  Memory Usage: 2105kB
        ->  Hash Join  (cost=94973.51..197014.75 rows=1721330 width=8) (actual time=1811.588..4539.520 rows=906814 loops=1)
              Hash Cond: (mc.movie_id = t.id)
              ->  Seq Scan on movie_companies mc  (cost=0.00..44881.29 rows=2609129 width=4) (actual time=0.019..875.238 rows=2609129 loops=1)
              ->  Hash  (cost=67604.59..67604.59 rows=1668154 width=4) (actual time=1810.557..1810.557 rows=1674098 loops=1)
                    Buckets: 131072  Batches: 32  Memory Usage: 2869kB
                    ->  Seq Scan on title t  (cost=0.00..67604.59 rows=1668154 width=4) (actual time=0.025..1282.315 rows=1674098 loops=1)
                          Filter: (kind_id > 3)
                          Rows Removed by Filter: 854214
Planning time: 1.184 ms
Execution time: 21765.764 ms
