Nested Loop  (cost=0.43..52283.69 rows=104 width=0) (actual time=55.109..660.208 rows=51 loops=1)
  ->  Seq Scan on movie_companies mc  (cost=0.00..51404.11 rows=104 width=4) (actual time=54.999..659.064 rows=51 loops=1)
        Filter: (company_id = 9543)
        Rows Removed by Filter: 2609078
  ->  Index Only Scan using title_pkey on title t  (cost=0.43..8.45 rows=1 width=4) (actual time=0.020..0.021 rows=1 loops=51)
        Index Cond: (id = mc.movie_id)
        Heap Fetches: 51
Planning time: 0.762 ms
Execution time: 660.294 ms
