Seq Scan on movie_keyword mk  (cost=0.00..81003.12 rows=3812393 width=0) (actual time=0.031..1554.830 rows=3812956 loops=1)
  Filter: (keyword_id > 611)
  Rows Removed by Filter: 710974
Planning time: 0.346 ms
Execution time: 2021.875 ms
