Hash Join  (cost=940461.18..1476280.95 rows=5249584 width=0) (actual time=19379.340..39095.207 rows=18583320 loops=1)
  Hash Cond: (mi.movie_id = t.id)
  ->  Seq Scan on movie_info mi  (cost=0.00..309384.22 rows=14739122 width=4) (actual time=0.013..5978.055 rows=14835720 loops=1)
  ->  Hash  (cost=925685.97..925685.97 rows=900577 width=8) (actual time=19378.261..19378.261 rows=838468 loops=1)
        Buckets: 131072  Batches: 16  Memory Usage: 3083kB
        ->  Hash Join  (cost=78556.72..925685.97 rows=900577 width=8) (actual time=10160.059..19162.998 rows=838468 loops=1)
              Hash Cond: (ci.movie_id = t.id)
              ->  Seq Scan on cast_info ci  (cost=0.00..796071.18 rows=3411279 width=4) (actual time=8808.235..15579.204 rows=3616898 loops=1)
                    Filter: ((person_id > 505318) AND (role_id = 3))
                    Rows Removed by Filter: 32627446
              ->  Hash  (cost=67604.59..67604.59 rows=667531 width=4) (actual time=1350.871..1350.871 rows=662825 loops=1)
                    Buckets: 131072  Batches: 16  Memory Usage: 2476kB
                    ->  Seq Scan on title t  (cost=0.00..67604.59 rows=667531 width=4) (actual time=0.021..1150.463 rows=662825 loops=1)
                          Filter: (kind_id = 1)
                          Rows Removed by Filter: 1865487
Planning time: 1.170 ms
Execution time: 41390.408 ms
