Seq Scan on movie_keyword mk  (cost=0.00..81003.12 rows=2608674 width=0) (actual time=0.010..1512.767 rows=2599736 loops=1)
  Filter: (keyword_id < 6974)
  Rows Removed by Filter: 1924194
Planning time: 0.230 ms
Execution time: 1847.981 ms
