Nested Loop  (cost=40199.63..472049.79 rows=19836 width=0) (actual time=3185.052..6986.771 rows=98022 loops=1)
  Join Filter: (mi.movie_id = t.id)
  ->  Hash Join  (cost=40199.20..401107.98 rows=108035 width=8) (actual time=3184.935..6299.112 rows=98022 loops=1)
        Hash Cond: (mi.movie_id = mi_idx.movie_id)
        ->  Seq Scan on movie_info mi  (cost=0.00..346232.03 rows=54808 width=4) (actual time=2331.448..4802.213 rows=50267 loops=1)
              Filter: (info_type_id > 107)
              Rows Removed by Filter: 14785453
        ->  Hash  (cost=25185.44..25185.44 rows=915101 width=4) (actual time=812.034..812.034 rows=919850 loops=1)
              Buckets: 131072  Batches: 16  Memory Usage: 3057kB
              ->  Seq Scan on movie_info_idx mi_idx  (cost=0.00..25185.44 rows=915101 width=4) (actual time=0.030..529.298 rows=919850 loops=1)
                    Filter: (info_type_id < 101)
                    Rows Removed by Filter: 460185
  ->  Index Only Scan using title_pkey on title t  (cost=0.43..0.64 rows=1 width=4) (actual time=0.006..0.006 rows=1 loops=98022)
        Index Cond: (id = mi_idx.movie_id)
        Heap Fetches: 98022
Planning time: 1.175 ms
Execution time: 7002.155 ms
