Seq Scan on title t  (cost=0.00..73925.90 rows=32595 width=0) (actual time=0.011..1119.081 rows=81645 loops=1)
  Filter: ((kind_id < 7) AND (production_year < 1919))
  Rows Removed by Filter: 2446667
Planning time: 0.341 ms
Execution time: 1130.088 ms
