Hash Join  (cost=161961.80..543599.27 rows=218198 width=0) (actual time=3347.576..11225.025 rows=1467825 loops=1)
  Hash Cond: (mi.movie_id = t.id)
  ->  Seq Scan on movie_info mi  (cost=0.00..346232.03 rows=8859586 width=4) (actual time=82.958..5729.131 rows=8966694 loops=1)
        Filter: (info_type_id < 15)
        Rows Removed by Filter: 5869026
  ->  Hash  (cost=161183.38..161183.38 rows=62274 width=8) (actual time=3263.192..3263.192 rows=72573 loops=1)
        Buckets: 131072 (originally 65536)  Batches: 1 (originally 1)  Memory Usage: 3859kB
        ->  Hash Join  (cost=68257.79..161183.38 rows=62274 width=8) (actual time=1104.888..3237.006 rows=72573 loops=1)
              Hash Cond: (mk.movie_id = t.id)
              ->  Seq Scan on movie_keyword mk  (cost=0.00..81003.12 rows=3013260 width=4) (actual time=0.030..1590.597 rows=2993790 loops=1)
                    Filter: (keyword_id < 10474)
                    Rows Removed by Filter: 1530140
              ->  Hash  (cost=67604.59..67604.59 rows=52256 width=4) (actual time=1104.488..1104.488 rows=53013 loops=1)
                    Buckets: 65536  Batches: 1  Memory Usage: 2376kB
                    ->  Seq Scan on title t  (cost=0.00..67604.59 rows=52256 width=4) (actual time=0.037..1082.881 rows=53013 loops=1)
                          Filter: (production_year = 2000)
                          Rows Removed by Filter: 2475299
Planning time: 1.204 ms
Execution time: 11404.655 ms
