Hash Join  (cost=123741.96..201502.52 rows=196603 width=0) (actual time=2660.720..4522.560 rows=909760 loops=1)
  Hash Cond: (mc.movie_id = t.id)
  ->  Seq Scan on movie_companies mc  (cost=0.00..44881.29 rows=2609129 width=4) (actual time=0.013..765.170 rows=2609129 loops=1)
  ->  Hash  (cost=120615.34..120615.34 rows=190530 width=8) (actual time=2518.112..2518.112 rows=246428 loops=1)
        Buckets: 131072  Batches: 4  Memory Usage: 3430kB
        ->  Hash Join  (cost=79653.55..120615.34 rows=190530 width=8) (actual time=1444.118..2444.536 rows=246428 loops=1)
              Hash Cond: (mi_idx.movie_id = t.id)
              ->  Seq Scan on movie_info_idx mi_idx  (cost=0.00..21735.35 rows=1380035 width=4) (actual time=0.033..397.841 rows=1380035 loops=1)
              ->  Hash  (cost=73925.90..73925.90 rows=349092 width=4) (actual time=1333.906..1333.906 rows=265275 loops=1)
                    Buckets: 131072  Batches: 8  Memory Usage: 2190kB
                    ->  Seq Scan on title t  (cost=0.00..73925.90 rows=349092 width=4) (actual time=0.025..1247.713 rows=265275 loops=1)
                          Filter: ((production_year > 2001) AND (kind_id = 1))
                          Rows Removed by Filter: 2263037
Planning time: 1.485 ms
Execution time: 4614.887 ms
