Hash Join  (cost=137413.28..1007493.84 rows=1433006 width=0) (actual time=2858.435..21962.228 rows=2019860 loops=1)
  Hash Cond: (ci.movie_id = t.id)
  ->  Seq Scan on cast_info ci  (cost=0.00..705507.15 rows=12899023 width=4) (actual time=0.009..13256.065 rows=13019244 loops=1)
        Filter: (person_id > 2374635)
        Rows Removed by Filter: 23225100
  ->  Hash  (cost=132803.96..132803.96 rows=280905 width=8) (actual time=2857.617..2857.617 rows=141906 loops=1)
        Buckets: 131072  Batches: 4  Memory Usage: 2407kB
        ->  Hash Join  (cost=92883.59..132803.96 rows=280905 width=8) (actual time=1924.218..2809.846 rows=141906 loops=1)
              Hash Cond: (mi_idx.movie_id = t.id)
              ->  Seq Scan on movie_info_idx mi_idx  (cost=0.00..25185.44 rows=460978 width=4) (actual time=0.012..549.688 rows=459925 loops=1)
                    Filter: (info_type_id < 100)
                    Rows Removed by Filter: 920110
              ->  Hash  (cost=67604.59..67604.59 rows=1540800 width=4) (actual time=1696.002..1696.002 rows=1543264 loops=1)
                    Buckets: 131072  Batches: 32  Memory Usage: 2722kB
                    ->  Seq Scan on title t  (cost=0.00..67604.59 rows=1540800 width=4) (actual time=136.270..1207.585 rows=1543264 loops=1)
                          Filter: (kind_id = 7)
                          Rows Removed by Filter: 985048
Planning time: 0.795 ms
Execution time: 22203.860 ms
