Nested Loop  (cost=0.43..83071.67 rows=246 width=0) (actual time=1.319..698.443 rows=1052 loops=1)
  ->  Seq Scan on movie_keyword mk  (cost=0.00..81003.12 rows=246 width=4) (actual time=1.261..680.505 rows=1052 loops=1)
        Filter: (keyword_id = 858)
        Rows Removed by Filter: 4522878
  ->  Index Only Scan using title_pkey on title t  (cost=0.43..8.40 rows=1 width=4) (actual time=0.016..0.016 rows=1 loops=1052)
        Index Cond: (id = mk.movie_id)
        Heap Fetches: 1052
Planning time: 0.745 ms
Execution time: 698.809 ms
