Hash Join  (cost=94699.36..459591.89 rows=23660 width=0) (actual time=1507.027..8298.831 rows=7320 loops=1)
  Hash Cond: (mi.movie_id = t.id)
  ->  Seq Scan on movie_info mi  (cost=0.00..309384.22 rows=14739122 width=4) (actual time=0.026..4085.843 rows=14835720 loops=1)
  ->  Hash  (cost=94648.62..94648.62 rows=4059 width=8) (actual time=1503.822..1503.822 rows=615 loops=1)
        Buckets: 4096  Batches: 1  Memory Usage: 57kB
        ->  Hash Join  (cost=67697.55..94648.62 rows=4059 width=8) (actual time=1092.056..1503.458 rows=615 loops=1)
              Hash Cond: (mi_idx.movie_id = t.id)
              ->  Seq Scan on movie_info_idx mi_idx  (cost=0.00..21735.35 rows=1380035 width=4) (actual time=0.036..301.650 rows=1380035 loops=1)
              ->  Hash  (cost=67604.59..67604.59 rows=7437 width=4) (actual time=950.096..950.096 rows=2618 loops=1)
                    Buckets: 8192  Batches: 1  Memory Usage: 157kB
                    ->  Seq Scan on title t  (cost=0.00..67604.59 rows=7437 width=4) (actual time=346.157..948.711 rows=2618 loops=1)
                          Filter: (production_year = 1903)
                          Rows Removed by Filter: 2525694
Planning time: 2.085 ms
Execution time: 8300.401 ms
