Seq Scan on movie_companies mc  (cost=0.00..51404.11 rows=104 width=0) (actual time=66.298..868.682 rows=66 loops=1)
  Filter: (company_id = 15236)
  Rows Removed by Filter: 2609063
Planning time: 0.380 ms
Execution time: 868.792 ms
