Seq Scan on cast_info ci  (cost=0.00..796071.18 rows=2525930 width=0) (actual time=2460.404..14455.141 rows=2728943 loops=1)
  Filter: ((person_id < 3528793) AND (role_id = 4))
  Rows Removed by Filter: 33515401
Planning time: 0.409 ms
Execution time: 14752.920 ms
