Hash Join  (cost=156632.57..247308.41 rows=107717 width=0) (actual time=3216.102..5609.802 rows=455390 loops=1)
  Hash Cond: (mk.movie_id = t.id)
  ->  Seq Scan on movie_keyword mk  (cost=0.00..81003.12 rows=586279 width=4) (actual time=0.027..1306.157 rows=585084 loops=1)
        Filter: (keyword_id > 31363)
        Rows Removed by Filter: 3938846
  ->  Hash  (cost=149010.49..149010.49 rows=464566 width=8) (actual time=3215.501..3215.501 rows=459925 loops=1)
        Buckets: 131072  Batches: 8  Memory Usage: 3284kB
        ->  Hash Join  (cost=102767.86..149010.49 rows=464566 width=8) (actual time=1683.259..3065.635 rows=459925 loops=1)
              Hash Cond: (mi_idx.movie_id = t.id)
              ->  Seq Scan on movie_info_idx mi_idx  (cost=0.00..25185.44 rows=464566 width=4) (actual time=0.021..528.725 rows=459925 loops=1)
                    Filter: (info_type_id = 101)
                    Rows Removed by Filter: 920110
              ->  Hash  (cost=61283.27..61283.27 rows=2528527 width=4) (actual time=1682.034..1682.034 rows=2528312 loops=1)
                    Buckets: 131072  Batches: 64  Memory Usage: 2415kB
                    ->  Seq Scan on title t  (cost=0.00..61283.27 rows=2528527 width=4) (actual time=0.012..852.939 rows=2528312 loops=1)
Planning time: 2.023 ms
Execution time: 5664.757 ms
