Seq Scan on movie_keyword mk  (cost=0.00..81003.12 rows=1926977 width=0) (actual time=0.020..1485.498 rows=1939172 loops=1)
  Filter: (keyword_id > 6819)
  Rows Removed by Filter: 2584758
Planning time: 0.321 ms
Execution time: 1730.131 ms
