Hash Join  (cost=162556.06..558676.22 rows=250659 width=0) (actual time=2952.163..13429.601 rows=3231398 loops=1)
  Hash Cond: (mi.movie_id = t.id)
  ->  Seq Scan on movie_info mi  (cost=0.00..346232.03 rows=9476311 width=4) (actual time=0.017..6611.810 rows=9565151 loops=1)
        Filter: (info_type_id < 16)
        Rows Removed by Filter: 5270569
  ->  Hash  (cost=161720.04..161720.04 rows=66882 width=8) (actual time=2951.254..2951.254 rows=94279 loops=1)
        Buckets: 131072 (originally 131072)  Batches: 2 (originally 1)  Memory Usage: 3073kB
        ->  Hash Join  (cost=74393.18..161720.04 rows=66882 width=8) (actual time=1129.778..2917.321 rows=94279 loops=1)
              Hash Cond: (mk.movie_id = t.id)
              ->  Seq Scan on movie_keyword mk  (cost=0.00..69693.30 rows=4523930 width=4) (actual time=0.016..920.432 rows=4523930 loops=1)
              ->  Hash  (cost=73925.90..73925.90 rows=37382 width=4) (actual time=1129.235..1129.235 rows=33190 loops=1)
                    Buckets: 65536  Batches: 1  Memory Usage: 1679kB
                    ->  Seq Scan on title t  (cost=0.00..73925.90 rows=37382 width=4) (actual time=0.024..1115.911 rows=33190 loops=1)
                          Filter: ((kind_id = 1) AND (production_year = 2010))
                          Rows Removed by Filter: 2495122
Planning time: 1.223 ms
Execution time: 13788.706 ms
