Hash Join  (cost=420545.05..481279.90 rows=14101 width=0) (actual time=6570.532..8054.233 rows=141984 loops=1)
  Hash Cond: (mc.movie_id = t.id)
  ->  Seq Scan on movie_companies mc  (cost=0.00..51404.11 rows=2450590 width=4) (actual time=0.027..1014.151 rows=2447019 loops=1)
        Filter: (company_id > 27)
        Rows Removed by Filter: 162110
  ->  Hash  (cost=420363.18..420363.18 rows=14550 width=8) (actual time=6569.832..6569.832 rows=12097 loops=1)
        Buckets: 16384  Batches: 1  Memory Usage: 601kB
        ->  Hash Join  (cost=69179.59..420363.18 rows=14550 width=8) (actual time=4424.513..6565.635 rows=12097 loops=1)
              Hash Cond: (mi.movie_id = t.id)
              ->  Seq Scan on movie_info mi  (cost=0.00..346232.03 rows=383217 width=4) (actual time=3278.296..5331.010 rows=368218 loops=1)
                    Filter: (info_type_id = 17)
                    Rows Removed by Filter: 14467502
              ->  Hash  (cost=67604.59..67604.59 rows=96000 width=4) (actual time=1099.290..1099.290 rows=95005 loops=1)
                    Buckets: 131072  Batches: 2  Memory Usage: 2722kB
                    ->  Seq Scan on title t  (cost=0.00..67604.59 rows=96000 width=4) (actual time=0.040..1060.289 rows=95005 loops=1)
                          Filter: (production_year = 2005)
                          Rows Removed by Filter: 2433307
Planning time: 3.229 ms
Execution time: 8072.526 ms
