Seq Scan on movie_keyword mk  (cost=0.00..81003.12 rows=3290341 width=0) (actual time=0.014..1490.698 rows=3277746 loops=1)
  Filter: (keyword_id < 14504)
  Rows Removed by Filter: 1246184
Planning time: 0.320 ms
Execution time: 1885.838 ms
