Hash Join  (cost=82805.75..444989.53 rows=296712 width=0) (actual time=6124.485..7443.023 rows=354460 loops=1)
  Hash Cond: (mi.movie_id = t.id)
  ->  Seq Scan on movie_info mi  (cost=0.00..346232.03 rows=809768 width=4) (actual time=4523.754..5231.635 rows=802140 loops=1)
        Filter: (info_type_id < 2)
        Rows Removed by Filter: 14033580
  ->  Hash  (cost=67604.59..67604.59 rows=926493 width=4) (actual time=1599.534..1599.534 rows=924605 loops=1)
        Buckets: 131072  Batches: 16  Memory Usage: 3064kB
        ->  Seq Scan on title t  (cost=0.00..67604.59 rows=926493 width=4) (actual time=0.031..1290.602 rows=924605 loops=1)
              Filter: (production_year < 1998)
              Rows Removed by Filter: 1603707
Planning time: 0.651 ms
Execution time: 7479.626 ms
