Hash Join  (cost=124175.70..875525.19 rows=56032 width=0) (actual time=2155.484..18498.796 rows=46756 loops=1)
  Hash Cond: (ci.movie_id = t.id)
  ->  Seq Scan on cast_info ci  (cost=0.00..614943.12 rows=36225612 width=4) (actual time=0.026..8833.479 rows=36244344 loops=1)
  ->  Hash  (cost=124126.82..124126.82 rows=3911 width=8) (actual time=2151.579..2151.579 rows=2185 loops=1)
        Buckets: 4096  Batches: 1  Memory Usage: 118kB
        ->  Hash Join  (cost=67697.55..124126.82 rows=3911 width=8) (actual time=985.311..2150.473 rows=2185 loops=1)
              Hash Cond: (mc.movie_id = t.id)
              ->  Seq Scan on movie_companies mc  (cost=0.00..51404.11 rows=1329612 width=4) (actual time=32.104..1005.338 rows=1334883 loops=1)
                    Filter: (company_type_id > 1)
                    Rows Removed by Filter: 1274246
              ->  Hash  (cost=67604.59..67604.59 rows=7437 width=4) (actual time=948.557..948.557 rows=2840 loops=1)
                    Buckets: 8192  Batches: 1  Memory Usage: 164kB
                    ->  Seq Scan on title t  (cost=0.00..67604.59 rows=7437 width=4) (actual time=8.673..946.938 rows=2840 loops=1)
                          Filter: (production_year = 1948)
                          Rows Removed by Filter: 2525472
Planning time: 1.247 ms
Execution time: 18508.723 ms
