Hash Join  (cost=100089.65..228029.25 rows=1487046 width=0) (actual time=1926.434..5086.797 rows=1402506 loops=1)
  Hash Cond: (mk.movie_id = t.id)
  ->  Seq Scan on movie_keyword mk  (cost=0.00..81003.12 rows=1899003 width=4) (actual time=0.018..1481.557 rows=1908772 loops=1)
        Filter: (keyword_id < 3280)
        Rows Removed by Filter: 2615158
  ->  Hash  (cost=67604.59..67604.59 rows=1980005 width=4) (actual time=1924.733..1924.733 rows=1976617 loops=1)
        Buckets: 131072  Batches: 32  Memory Usage: 3212kB
        ->  Seq Scan on title t  (cost=0.00..67604.59 rows=1980005 width=4) (actual time=0.022..1270.210 rows=1976617 loops=1)
              Filter: (production_year > 1977)
              Rows Removed by Filter: 551695
Planning time: 0.741 ms
Execution time: 5252.888 ms
