Hash Join  (cost=184333.48..343759.60 rows=2163089 width=0) (actual time=4301.813..10766.757 rows=10151727 loops=1)
  Hash Cond: (mk.movie_id = t.id)
  ->  Seq Scan on movie_keyword mk  (cost=0.00..81003.12 rows=4501095 width=4) (actual time=0.034..1888.616 rows=4501684 loops=1)
        Filter: (keyword_id > 3)
        Rows Removed by Filter: 22246
  ->  Hash  (cost=164397.32..164397.32 rows=1215133 width=8) (actual time=4300.587..4300.587 rows=1310384 loops=1)
        Buckets: 131072 (originally 131072)  Batches: 32 (originally 16)  Memory Usage: 3073kB
        ->  Hash Join  (cost=104131.46..164397.32 rows=1215133 width=8) (actual time=2018.752..3903.732 rows=1310384 loops=1)
              Hash Cond: (mi_idx.movie_id = t.id)
              ->  Seq Scan on movie_info_idx mi_idx  (cost=0.00..21735.35 rows=1380035 width=4) (actual time=0.014..458.060 rows=1380035 loops=1)
              ->  Hash  (cost=67604.59..67604.59 rows=2226390 width=4) (actual time=2017.781..2017.781 rows=2224569 loops=1)
                    Buckets: 131072  Batches: 32  Memory Usage: 3463kB
                    ->  Seq Scan on title t  (cost=0.00..67604.59 rows=2226390 width=4) (actual time=0.016..1314.456 rows=2224569 loops=1)
                          Filter: (production_year < 2012)
                          Rows Removed by Filter: 303743
Planning time: 1.158 ms
Execution time: 11839.802 ms
