Nested Loop  (cost=0.43..83072.90 rows=32 width=0) (actual time=5.268..1271.760 rows=18 loops=1)
  ->  Seq Scan on movie_keyword mk  (cost=0.00..81003.12 rows=246 width=4) (actual time=1.282..1217.549 rows=1922 loops=1)
        Filter: (keyword_id = 832)
        Rows Removed by Filter: 4522008
  ->  Index Scan using title_pkey on title t  (cost=0.43..8.40 rows=1 width=4) (actual time=0.027..0.027 rows=0 loops=1922)
        Index Cond: (id = mk.movie_id)
        Filter: ((production_year > 2009) AND (kind_id = 7))
        Rows Removed by Filter: 1
Planning time: 0.800 ms
Execution time: 1271.871 ms
