Seq Scan on cast_info ci  (cost=0.00..796071.18 rows=15036989 width=0) (actual time=1419.404..14862.424 rows=10398521 loops=1)
  Filter: ((person_id < 2358293) AND (role_id > 1))
  Rows Removed by Filter: 25845823
Planning time: 0.355 ms
Execution time: 16120.362 ms
