Hash Join  (cost=80135.37..184133.55 rows=246581 width=0) (actual time=1275.447..3870.685 rows=404271 loops=1)
  Hash Cond: (mk.movie_id = t.id)
  ->  Seq Scan on movie_keyword mk  (cost=0.00..81003.12 rows=1647533 width=4) (actual time=0.026..1524.372 rows=1652780 loops=1)
        Filter: (keyword_id > 8845)
        Rows Removed by Filter: 2871150
  ->  Hash  (cost=73925.90..73925.90 rows=378437 width=4) (actual time=1274.561..1274.561 rows=282115 loops=1)
        Buckets: 131072  Batches: 8  Memory Usage: 2273kB
        ->  Seq Scan on title t  (cost=0.00..73925.90 rows=378437 width=4) (actual time=451.591..1181.502 rows=282115 loops=1)
              Filter: ((production_year > 1999) AND (kind_id = 1))
              Rows Removed by Filter: 2246197
Planning time: 0.745 ms
Execution time: 3921.675 ms
