Hash Join  (cost=213615.30..366187.68 rows=2509134 width=0) (actual time=5210.082..8670.599 rows=1498528 loops=1)
  Hash Cond: (mk.movie_id = t.id)
  ->  Seq Scan on movie_keyword mk  (cost=0.00..69693.30 rows=4523930 width=4) (actual time=0.024..1472.106 rows=4523930 loops=1)
  ->  Hash  (cost=190606.15..190606.15 rows=1402412 width=8) (actual time=4779.981..4779.981 rows=653440 loops=1)
        Buckets: 131072  Batches: 32  Memory Usage: 1801kB
        ->  Hash Join  (cost=96223.51..190606.15 rows=1402412 width=8) (actual time=2472.332..4588.731 rows=653440 loops=1)
              Hash Cond: (mc.movie_id = t.id)
              ->  Seq Scan on movie_companies mc  (cost=0.00..44881.29 rows=2609129 width=4) (actual time=0.018..960.254 rows=2609129 loops=1)
              ->  Hash  (cost=73925.90..73925.90 rows=1359088 width=4) (actual time=1966.042..1966.042 rows=1438695 loops=1)
                    Buckets: 131072  Batches: 32  Memory Usage: 2607kB
                    ->  Seq Scan on title t  (cost=0.00..73925.90 rows=1359088 width=4) (actual time=0.019..1499.453 rows=1438695 loops=1)
                          Filter: ((production_year > 1958) AND (kind_id = 7))
                          Rows Removed by Filter: 1089617
Planning time: 1.201 ms
Execution time: 8856.589 ms
