Hash Join  (cost=250995.53..346202.69 rows=1462163 width=0) (actual time=5172.958..10435.232 rows=10346563 loops=1)
  Hash Cond: (mc.movie_id = t.id)
  ->  Seq Scan on movie_companies mc  (cost=0.00..44881.29 rows=2609129 width=4) (actual time=0.028..891.226 rows=2609129 loops=1)
  ->  Hash  (cost=227747.12..227747.12 rows=1416993 width=8) (actual time=5171.074..5171.074 rows=1433452 loops=1)
        Buckets: 131072  Batches: 32  Memory Usage: 2763kB
        ->  Hash Join  (cost=102767.86..227747.12 rows=1416993 width=8) (actual time=1767.307..4770.977 rows=1433452 loops=1)
              Hash Cond: (mk.movie_id = t.id)
              ->  Seq Scan on movie_keyword mk  (cost=0.00..81003.12 rows=1416993 width=4) (actual time=0.022..1485.615 rows=1433452 loops=1)
                    Filter: (keyword_id < 1981)
                    Rows Removed by Filter: 3090478
              ->  Hash  (cost=61283.27..61283.27 rows=2528527 width=4) (actual time=1766.029..1766.029 rows=2528312 loops=1)
                    Buckets: 131072  Batches: 64  Memory Usage: 2425kB
                    ->  Seq Scan on title t  (cost=0.00..61283.27 rows=2528527 width=4) (actual time=0.017..930.870 rows=2528312 loops=1)
Planning time: 1.141 ms
Execution time: 11612.435 ms
