Seq Scan on movie_keyword mk  (cost=0.00..81003.12 rows=302754 width=0) (actual time=0.024..1382.360 rows=320234 loops=1)
  Filter: (keyword_id < 256)
  Rows Removed by Filter: 4203696
Planning time: 0.368 ms
Execution time: 1424.276 ms
