Hash Join  (cost=105731.15..150217.09 rows=426967 width=0) (actual time=2135.971..3999.434 rows=442578 loops=1)
  Hash Cond: (mi_idx.movie_id = t.id)
  ->  Seq Scan on movie_info_idx mi_idx  (cost=0.00..25185.44 rows=464566 width=4) (actual time=0.019..440.573 rows=459925 loops=1)
        Filter: (info_type_id = 101)
        Rows Removed by Filter: 920110
  ->  Hash  (cost=67604.59..67604.59 rows=2323885 width=4) (actual time=2134.948..2134.948 rows=2317570 loops=1)
        Buckets: 131072  Batches: 32  Memory Usage: 3574kB
        ->  Seq Scan on title t  (cost=0.00..67604.59 rows=2323885 width=4) (actual time=0.011..1380.069 rows=2317570 loops=1)
              Filter: (production_year > 1938)
              Rows Removed by Filter: 210742
Planning time: 0.520 ms
Execution time: 4052.224 ms
