Hash Join  (cost=102767.86..170935.19 rows=286106 width=0) (actual time=2477.267..3552.167 rows=288623 loops=1)
  Hash Cond: (mc.movie_id = t.id)
  ->  Seq Scan on movie_companies mc  (cost=0.00..51404.11 rows=286106 width=4) (actual time=459.155..932.569 rows=288623 loops=1)
        Filter: (company_id > 95052)
        Rows Removed by Filter: 2320506
  ->  Hash  (cost=61283.27..61283.27 rows=2528527 width=4) (actual time=2016.548..2016.548 rows=2528312 loops=1)
        Buckets: 131072  Batches: 64  Memory Usage: 2415kB
        ->  Seq Scan on title t  (cost=0.00..61283.27 rows=2528527 width=4) (actual time=0.034..1161.805 rows=2528312 loops=1)
Planning time: 0.718 ms
Execution time: 3586.294 ms
