Seq Scan on movie_keyword mk  (cost=0.00..81003.12 rows=3903438 width=0) (actual time=0.022..1501.314 rows=3903854 loops=1)
  Filter: (keyword_id < 29413)
  Rows Removed by Filter: 620076
Planning time: 0.527 ms
Execution time: 1992.016 ms
