Seq Scan on cast_info ci  (cost=0.00..705507.15 rows=26032865 width=0) (actual time=0.028..13103.292 rows=26236373 loops=1)
  Filter: (person_id > 984643)
  Rows Removed by Filter: 10007971
Planning time: 0.291 ms
Execution time: 16369.838 ms
