Hash Join  (cost=709676.55..796337.67 rows=308 width=0) (actual time=11056.230..12581.239 rows=137 loops=1)
  Hash Cond: (mk.movie_id = t.id)
  ->  Seq Scan on movie_keyword mk  (cost=0.00..69693.30 rows=4523930 width=4) (actual time=0.012..971.210 rows=4523930 loops=1)
  ->  Hash  (cost=709674.40..709674.40 rows=172 width=8) (actual time=10834.749..10834.749 rows=19 loops=1)
        Buckets: 1024  Batches: 1  Memory Usage: 9kB
        ->  Nested Loop  (cost=0.43..709674.40 rows=172 width=8) (actual time=1483.977..10834.644 rows=19 loops=1)
              ->  Seq Scan on cast_info ci  (cost=0.00..705507.15 rows=500 width=4) (actual time=1483.823..10831.139 rows=131 loops=1)
                    Filter: (person_id = 1289098)
                    Rows Removed by Filter: 36244213
              ->  Index Scan using title_pkey on title t  (cost=0.43..8.32 rows=1 width=4) (actual time=0.025..0.025 rows=0 loops=131)
                    Index Cond: (id = ci.movie_id)
                    Filter: ((kind_id < 7) AND (production_year < 2012))
                    Rows Removed by Filter: 1
Planning time: 0.753 ms
Execution time: 12581.367 ms
