Hash Join  (cost=198034.36..1094564.01 rows=1842414 width=0) (actual time=8326.382..18566.907 rows=754286 loops=1)
  Hash Cond: (ci.movie_id = t.id)
  ->  Seq Scan on cast_info ci  (cost=0.00..796071.18 rows=6865420 width=4) (actual time=3881.790..13444.980 rows=735165 loops=1)
        Filter: ((person_id > 1637373) AND (role_id = 1))
        Rows Removed by Filter: 35509179
  ->  Hash  (cost=186901.38..186901.38 rows=678559 width=8) (actual time=4443.458..4443.458 rows=927721 loops=1)
        Buckets: 131072  Batches: 16  Memory Usage: 3266kB
        ->  Hash Join  (cost=102767.86..186901.38 rows=678559 width=8) (actual time=1835.025..4175.963 rows=927721 loops=1)
              Hash Cond: (mc.movie_id = t.id)
              ->  Seq Scan on movie_companies mc  (cost=0.00..57926.93 rows=678559 width=4) (actual time=0.037..1131.713 rows=927721 loops=1)
                    Filter: ((company_id < 11810) AND (company_type_id < 2))
                    Rows Removed by Filter: 1681408
              ->  Hash  (cost=61283.27..61283.27 rows=2528527 width=4) (actual time=1834.182..1834.182 rows=2528312 loops=1)
                    Buckets: 131072  Batches: 64  Memory Usage: 2415kB
                    ->  Seq Scan on title t  (cost=0.00..61283.27 rows=2528527 width=4) (actual time=0.013..1014.261 rows=2528312 loops=1)
Planning time: 1.145 ms
Execution time: 18648.751 ms
