Hash Join  (cost=102767.86..1206749.83 rows=16149466 width=0) (actual time=4167.397..31247.943 rows=16303920 loops=1)
  Hash Cond: (ci.movie_id = t.id)
  ->  Seq Scan on cast_info ci  (cost=0.00..705507.15 rows=16149466 width=4) (actual time=2165.022..13315.584 rows=16303920 loops=1)
        Filter: (person_id > 2002826)
        Rows Removed by Filter: 19940424
  ->  Hash  (cost=61283.27..61283.27 rows=2528527 width=4) (actual time=2001.008..2001.008 rows=2528312 loops=1)
        Buckets: 131072  Batches: 64  Memory Usage: 2415kB
        ->  Seq Scan on title t  (cost=0.00..61283.27 rows=2528527 width=4) (actual time=0.014..1123.905 rows=2528312 loops=1)
Planning time: 1.094 ms
Execution time: 33153.016 ms
