Hash Join  (cost=74528.17..832220.11 rows=690278 width=0) (actual time=1167.991..21477.989 rows=657698 loops=1)
  Hash Cond: (ci.movie_id = t.id)
  ->  Seq Scan on cast_info ci  (cost=0.00..614943.12 rows=36225612 width=4) (actual time=0.020..9328.075 rows=36244344 loops=1)
  ->  Hash  (cost=73925.90..73925.90 rows=48181 width=4) (actual time=1167.587..1167.587 rows=40899 loops=1)
        Buckets: 65536  Batches: 1  Memory Usage: 1950kB
        ->  Seq Scan on title t  (cost=0.00..73925.90 rows=48181 width=4) (actual time=0.081..1150.938 rows=40899 loops=1)
              Filter: ((kind_id < 4) AND (production_year = 2010))
              Rows Removed by Filter: 2487413
Planning time: 0.743 ms
Execution time: 21577.882 ms
