Hash Join  (cost=250903.95..1430470.86 rows=14522338 width=0) (actual time=8787.449..66243.285 rows=122327542 loops=1)
  Hash Cond: (ci.movie_id = t.id)
  ->  Seq Scan on cast_info ci  (cost=0.00..705507.15 rows=25221272 width=4) (actual time=1689.584..16076.498 rows=25326948 loops=1)
        Filter: (person_id > 1072560)
        Rows Removed by Filter: 10917396
  ->  Hash  (cost=227016.96..227016.96 rows=1455919 width=8) (actual time=7095.556..7095.556 rows=3279336 loops=1)
        Buckets: 131072 (originally 131072)  Batches: 64 (originally 32)  Memory Usage: 3081kB
        ->  Hash Join  (cost=87276.73..227016.96 rows=1455919 width=8) (actual time=1653.550..6142.243 rows=3279336 loops=1)
              Hash Cond: (mk.movie_id = t.id)
              ->  Seq Scan on movie_keyword mk  (cost=0.00..69693.30 rows=4523930 width=4) (actual time=0.040..1518.409 rows=4523930 loops=1)
              ->  Hash  (cost=73925.90..73925.90 rows=813746 width=4) (actual time=1652.756..1652.756 rows=821639 loops=1)
                    Buckets: 131072  Batches: 16  Memory Usage: 2836kB
                    ->  Seq Scan on title t  (cost=0.00..73925.90 rows=813746 width=4) (actual time=0.034..1382.174 rows=821639 loops=1)
                          Filter: ((kind_id < 4) AND (production_year < 2013))
                          Rows Removed by Filter: 1706673
Planning time: 2.250 ms
Execution time: 79651.771 ms
