Seq Scan on movie_companies mc  (cost=0.00..51404.11 rows=104 width=0) (actual time=143.823..827.513 rows=1776 loops=1)
  Filter: (company_id = 11153)
  Rows Removed by Filter: 2607353
Planning time: 0.406 ms
Execution time: 828.025 ms
