Hash Join  (cost=93093.72..451849.11 rows=209199 width=0) (actual time=2713.740..7758.376 rows=115911 loops=1)
  Hash Cond: (mi.movie_id = t.id)
  ->  Seq Scan on movie_info mi  (cost=0.00..346232.03 rows=340474 width=4) (actual time=902.151..5508.974 rows=328857 loops=1)
        Filter: (info_type_id = 98)
        Rows Removed by Filter: 14506863
  ->  Hash  (cost=67604.59..67604.59 rows=1553611 width=4) (actual time=1810.424..1810.424 rows=1555864 loops=1)
        Buckets: 131072  Batches: 32  Memory Usage: 2740kB
        ->  Seq Scan on title t  (cost=0.00..67604.59 rows=1553611 width=4) (actual time=0.035..1307.359 rows=1555864 loops=1)
              Filter: (kind_id > 4)
              Rows Removed by Filter: 972448
Planning time: 0.747 ms
Execution time: 7773.318 ms
