Seq Scan on cast_info ci  (cost=0.00..705507.15 rows=28182717 width=0) (actual time=0.029..13481.066 rows=28231519 loops=1)
  Filter: (person_id < 2878930)
  Rows Removed by Filter: 8012825
Planning time: 0.322 ms
Execution time: 16956.013 ms
