Hash Join  (cost=52284.65..417163.14 rows=110 width=0) (actual time=4246.601..7400.655 rows=9 loops=1)
  Hash Cond: (mi.movie_id = t.id)
  ->  Seq Scan on movie_info mi  (cost=0.00..346232.03 rows=4972096 width=4) (actual time=2833.169..5941.207 rows=4923966 loops=1)
        Filter: (info_type_id < 5)
        Rows Removed by Filter: 9911754
  ->  Hash  (cost=52283.95..52283.95 rows=56 width=8) (actual time=801.279..801.279 rows=2 loops=1)
        Buckets: 1024  Batches: 1  Memory Usage: 9kB
        ->  Nested Loop  (cost=0.43..52283.95 rows=56 width=8) (actual time=551.339..801.271 rows=2 loops=1)
              ->  Seq Scan on movie_companies mc  (cost=0.00..51404.11 rows=104 width=4) (actual time=551.221..801.111 rows=2 loops=1)
                    Filter: (company_id = 207642)
                    Rows Removed by Filter: 2609127
              ->  Index Scan using title_pkey on title t  (cost=0.43..8.45 rows=1 width=4) (actual time=0.046..0.048 rows=1 loops=2)
                    Index Cond: (id = mc.movie_id)
                    Filter: (production_year < 2005)
Planning time: 1.182 ms
Execution time: 7400.792 ms
