Hash Join  (cost=52284.22..403571.78 rows=1 width=0) (actual time=3257.582..6358.220 rows=8 loops=1)
  Hash Cond: (mi.movie_id = t.id)
  ->  Seq Scan on movie_info mi  (cost=0.00..346232.03 rows=1348138 width=4) (actual time=2409.878..5342.659 rows=1298989 loops=1)
        Filter: (info_type_id = 4)
        Rows Removed by Filter: 13536731
  ->  Hash  (cost=52284.21..52284.21 rows=1 width=8) (actual time=845.406..845.406 rows=8 loops=1)
        Buckets: 1024  Batches: 1  Memory Usage: 9kB
        ->  Nested Loop  (cost=0.43..52284.21 rows=1 width=8) (actual time=23.343..845.389 rows=8 loops=1)
              ->  Seq Scan on movie_companies mc  (cost=0.00..51404.11 rows=104 width=4) (actual time=7.335..840.169 rows=267 loops=1)
                    Filter: (company_id = 732)
                    Rows Removed by Filter: 2608862
              ->  Index Scan using title_pkey on title t  (cost=0.43..8.45 rows=1 width=4) (actual time=0.018..0.018 rows=0 loops=267)
                    Index Cond: (id = mc.movie_id)
                    Filter: ((kind_id = 2) AND (production_year = 2009))
                    Rows Removed by Filter: 1
Planning time: 3.500 ms
Execution time: 6358.342 ms
