Nested Loop  (cost=32807.94..120963.18 rows=660 width=0) (actual time=839.693..1884.232 rows=233 loops=1)
  ->  Hash Join  (cost=32807.51..116616.16 rows=5130 width=8) (actual time=619.935..1858.585 rows=902 loops=1)
        Hash Cond: (mk.movie_id = mi_idx.movie_id)
        ->  Seq Scan on movie_keyword mk  (cost=0.00..81003.12 rows=5127 width=4) (actual time=0.113..1172.159 rows=4540 loops=1)
              Filter: (keyword_id = 2762)
              Rows Removed by Filter: 4519390
        ->  Hash  (cost=25185.44..25185.44 rows=464566 width=4) (actual time=605.119..605.119 rows=459925 loops=1)
              Buckets: 131072  Batches: 8  Memory Usage: 3059kB
              ->  Seq Scan on movie_info_idx mi_idx  (cost=0.00..25185.44 rows=464566 width=4) (actual time=0.020..465.551 rows=459925 loops=1)
                    Filter: (info_type_id = 101)
                    Rows Removed by Filter: 920110
  ->  Index Scan using title_pkey on title t  (cost=0.43..0.84 rows=1 width=4) (actual time=0.027..0.028 rows=0 loops=902)
        Index Cond: (id = mi_idx.movie_id)
        Filter: (kind_id > 2)
        Rows Removed by Filter: 1
Planning time: 3.537 ms
Execution time: 1884.677 ms
