Nested Loop  (cost=0.43..798788.22 rows=97 width=0) (actual time=4328.702..13939.622 rows=11 loops=1)
  ->  Seq Scan on cast_info ci  (cost=0.00..796071.18 rows=324 width=4) (actual time=4328.558..13939.169 rows=11 loops=1)
        Filter: ((role_id > 1) AND (person_id = 2809443))
        Rows Removed by Filter: 36244333
  ->  Index Scan using title_pkey on title t  (cost=0.43..8.38 rows=1 width=4) (actual time=0.030..0.030 rows=1 loops=11)
        Index Cond: (id = ci.movie_id)
        Filter: (kind_id < 3)
Planning time: 0.838 ms
Execution time: 13939.788 ms
