Hash Join  (cost=52284.99..138944.89 rows=186 width=0) (actual time=509.918..1742.713 rows=1 loops=1)
  Hash Cond: (mk.movie_id = t.id)
  ->  Seq Scan on movie_keyword mk  (cost=0.00..69693.30 rows=4523930 width=4) (actual time=0.015..740.950 rows=4523930 loops=1)
  ->  Hash  (cost=52283.69..52283.69 rows=104 width=8) (actual time=396.160..396.160 rows=12 loops=1)
        Buckets: 1024  Batches: 1  Memory Usage: 9kB
        ->  Nested Loop  (cost=0.43..52283.69 rows=104 width=8) (actual time=55.354..396.131 rows=12 loops=1)
              ->  Seq Scan on movie_companies mc  (cost=0.00..51404.11 rows=104 width=4) (actual time=55.257..395.523 rows=12 loops=1)
                    Filter: (company_id = 10013)
                    Rows Removed by Filter: 2609117
              ->  Index Only Scan using title_pkey on title t  (cost=0.43..8.45 rows=1 width=4) (actual time=0.043..0.044 rows=1 loops=12)
                    Index Cond: (id = mc.movie_id)
                    Heap Fetches: 12
Planning time: 1.113 ms
Execution time: 1742.834 ms
