Hash Join  (cost=123473.14..1199319.14 rows=4092687 width=0) (actual time=2566.635..34636.758 rows=8031561 loops=1)
  Hash Cond: (ci.movie_id = t.id)
  ->  Seq Scan on cast_info ci  (cost=0.00..614943.12 rows=36225612 width=4) (actual time=0.014..13087.923 rows=36244344 loops=1)
  ->  Hash  (cost=118786.30..118786.30 rows=285667 width=8) (actual time=2565.793..2565.793 rows=328739 loops=1)
        Buckets: 131072 (originally 131072)  Batches: 8 (originally 4)  Memory Usage: 3073kB
        ->  Hash Join  (cost=76192.15..118786.30 rows=285667 width=8) (actual time=1306.880..2480.932 rows=328739 loops=1)
              Hash Cond: (mi_idx.movie_id = t.id)
              ->  Seq Scan on movie_info_idx mi_idx  (cost=0.00..21735.35 rows=1380035 width=4) (actual time=0.012..479.381 rows=1380035 loops=1)
              ->  Hash  (cost=67604.59..67604.59 rows=523405 width=4) (actual time=1305.618..1305.618 rows=523734 loops=1)
                    Buckets: 131072  Batches: 8  Memory Usage: 3319kB
                    ->  Seq Scan on title t  (cost=0.00..67604.59 rows=523405 width=4) (actual time=0.021..1134.929 rows=523734 loops=1)
                          Filter: (production_year < 1981)
                          Rows Removed by Filter: 2004578
Planning time: 1.192 ms
Execution time: 35554.208 ms
