Hash Join  (cost=58375.69..85286.33 rows=16 width=0) (actual time=1076.330..1474.422 rows=66 loops=1)
  Hash Cond: (mi_idx.movie_id = t.id)
  ->  Seq Scan on movie_info_idx mi_idx  (cost=0.00..21735.35 rows=1380035 width=4) (actual time=0.019..346.827 rows=1380035 loops=1)
  ->  Hash  (cost=58375.31..58375.31 rows=30 width=8) (actual time=873.872..873.872 rows=48 loops=1)
        Buckets: 1024  Batches: 1  Memory Usage: 10kB
        ->  Nested Loop  (cost=0.43..58375.31 rows=30 width=8) (actual time=0.081..873.819 rows=48 loops=1)
              ->  Seq Scan on movie_companies mc  (cost=0.00..57926.93 rows=53 width=4) (actual time=0.037..872.051 rows=48 loops=1)
                    Filter: ((company_type_id > 1) AND (company_id = 18115))
                    Rows Removed by Filter: 2609081
              ->  Index Scan using title_pkey on title t  (cost=0.43..8.45 rows=1 width=4) (actual time=0.032..0.033 rows=1 loops=48)
                    Index Cond: (id = mc.movie_id)
                    Filter: (production_year > 1999)
Planning time: 1.199 ms
Execution time: 1474.640 ms
