Hash Join  (cost=102091.72..450844.74 rows=7614 width=0) (actual time=2983.726..7805.074 rows=13992 loops=1)
  Hash Cond: (mi.movie_id = t.id)
  ->  Seq Scan on movie_info mi  (cost=0.00..346232.03 rows=651960 width=4) (actual time=1236.215..5912.419 rows=660923 loops=1)
        Filter: (info_type_id = 18)
        Rows Removed by Filter: 14174797
  ->  Hash  (cost=101722.58..101722.58 rows=29531 width=8) (actual time=1747.115..1747.115 rows=20683 loops=1)
        Buckets: 32768  Batches: 1  Memory Usage: 1064kB
        ->  Hash Join  (cost=70241.71..101722.58 rows=29531 width=8) (actual time=1035.906..1738.347 rows=20683 loops=1)
              Hash Cond: (mi_idx.movie_id = t.id)
              ->  Seq Scan on movie_info_idx mi_idx  (cost=0.00..25185.44 rows=464566 width=4) (actual time=0.025..477.130 rows=459925 loops=1)
                    Filter: (info_type_id = 101)
                    Rows Removed by Filter: 920110
              ->  Hash  (cost=67604.59..67604.59 rows=160730 width=4) (actual time=1034.957..1034.957 rows=160017 loops=1)
                    Buckets: 131072  Batches: 4  Memory Usage: 2436kB
                    ->  Seq Scan on title t  (cost=0.00..67604.59 rows=160730 width=4) (actual time=0.020..980.438 rows=160017 loops=1)
                          Filter: (production_year = 2011)
                          Rows Removed by Filter: 2368295
Planning time: 1.175 ms
Execution time: 7807.490 ms
