Seq Scan on movie_companies mc  (cost=0.00..57926.93 rows=128751 width=0) (actual time=60.516..952.488 rows=199105 loops=1)
  Filter: ((company_id < 133) AND (company_type_id < 2))
  Rows Removed by Filter: 2410024
Planning time: 0.351 ms
Execution time: 978.330 ms
