Hash Join  (cost=76428.64..115549.66 rows=83254 width=0) (actual time=1400.273..2036.892 rows=14517 loops=1)
  Hash Cond: (mi_idx.movie_id = t.id)
  ->  Seq Scan on movie_info_idx mi_idx  (cost=0.00..21735.35 rows=1380035 width=4) (actual time=0.015..447.978 rows=1380035 loops=1)
  ->  Hash  (cost=73925.90..73925.90 rows=152539 width=4) (actual time=1147.918..1147.918 rows=53426 loops=1)
        Buckets: 131072  Batches: 2  Memory Usage: 1963kB
        ->  Seq Scan on title t  (cost=0.00..73925.90 rows=152539 width=4) (actual time=0.015..1125.667 rows=53426 loops=1)
              Filter: ((production_year < 1961) AND (kind_id = 7))
              Rows Removed by Filter: 2474886
Planning time: 0.696 ms
Execution time: 2038.992 ms
