Hash Join  (cost=101277.01..189181.58 rows=6992 width=0) (actual time=1862.048..3674.248 rows=75315 loops=1)
  Hash Cond: (mk.movie_id = t.id)
  ->  Seq Scan on movie_keyword mk  (cost=0.00..81003.12 rows=1821741 width=4) (actual time=0.029..1495.303 rows=1822785 loops=1)
        Filter: (keyword_id > 7635)
        Rows Removed by Filter: 2701145
  ->  Hash  (cost=101155.70..101155.70 rows=9705 width=8) (actual time=1861.097..1861.097 rows=19442 loops=1)
        Buckets: 32768 (originally 16384)  Batches: 1 (originally 1)  Memory Usage: 1016kB
        ->  Hash Join  (cost=74148.17..101155.70 rows=9705 width=8) (actual time=1214.415..1853.846 rows=19442 loops=1)
              Hash Cond: (mi_idx.movie_id = t.id)
              ->  Seq Scan on movie_info_idx mi_idx  (cost=0.00..21735.35 rows=1380035 width=4) (actual time=0.012..332.642 rows=1380035 loops=1)
              ->  Hash  (cost=73925.90..73925.90 rows=17781 width=4) (actual time=1213.924..1213.924 rows=13117 loops=1)
                    Buckets: 32768  Batches: 1  Memory Usage: 718kB
                    ->  Seq Scan on title t  (cost=0.00..73925.90 rows=17781 width=4) (actual time=0.112..1207.838 rows=13117 loops=1)
                          Filter: ((kind_id < 4) AND (production_year = 2000))
                          Rows Removed by Filter: 2515195
Planning time: 1.281 ms
Execution time: 3684.003 ms
