Hash Join  (cost=107183.38..197732.93 rows=1268538 width=0) (actual time=2251.045..5320.690 rows=1264378 loops=1)
  Hash Cond: (mc.movie_id = t.id)
  ->  Seq Scan on movie_companies mc  (cost=0.00..51404.11 rows=1329612 width=4) (actual time=0.030..930.610 rows=1334883 loops=1)
        Filter: (company_type_id = 2)
        Rows Removed by Filter: 1274246
  ->  Hash  (cost=67604.59..67604.59 rows=2412383 width=4) (actual time=2250.210..2250.210 rows=2404496 loops=1)
        Buckets: 131072  Batches: 32  Memory Usage: 3666kB
        ->  Seq Scan on title t  (cost=0.00..67604.59 rows=2412383 width=4) (actual time=0.015..1488.350 rows=2404496 loops=1)
              Filter: (production_year > 1913)
              Rows Removed by Filter: 123816
Planning time: 0.725 ms
Execution time: 5465.020 ms
