Hash Join  (cost=91620.84..1601836.64 rows=8573710 width=136) (actual time=580.569..18141.143 rows=9671553 loops=1)
  Hash Cond: (ci.movie_id = t.id)
  ->  Seq Scan on cast_info ci  (cost=0.00..705507.15 rows=33262279 width=42) (actual time=0.015..5382.715 rows=33346732 loops=1)
        Filter: (person_id > 281590)
        Rows Removed by Filter: 2897612
  ->  Hash  (cost=73925.90..73925.90 rows=651755 width=94) (actual time=580.253..580.253 rows=711179 loops=1)
        Buckets: 32768  Batches: 32  Memory Usage: 2708kB
        ->  Seq Scan on title t  (cost=0.00..73925.90 rows=651755 width=94) (actual time=0.003..439.815 rows=711179 loops=1)
              Filter: ((kind_id < 7) AND (production_year < 2008))
              Rows Removed by Filter: 1817133
Planning time: 0.593 ms
Execution time: 18439.624 ms
