Hash Join  (cost=513437.85..660488.23 rows=1918130 width=0) (actual time=9917.050..14619.615 rows=4115073 loops=1)
  Hash Cond: (mk.movie_id = t.id)
  ->  Seq Scan on movie_keyword mk  (cost=0.00..81003.12 rows=3597587 width=4) (actual time=0.025..1825.740 rows=3589443 loops=1)
        Filter: (keyword_id < 20319)
        Rows Removed by Filter: 934487
  ->  Hash  (cost=491319.12..491319.12 rows=1348138 width=8) (actual time=9914.719..9914.719 rows=1298989 loops=1)
        Buckets: 131072  Batches: 32  Memory Usage: 2610kB
        ->  Hash Join  (cost=102767.86..491319.12 rows=1348138 width=8) (actual time=5919.074..9507.215 rows=1298989 loops=1)
              Hash Cond: (mi.movie_id = t.id)
              ->  Seq Scan on movie_info mi  (cost=0.00..346232.03 rows=1348138 width=4) (actual time=3552.372..5609.445 rows=1298989 loops=1)
                    Filter: (info_type_id = 4)
                    Rows Removed by Filter: 13536731
              ->  Hash  (cost=61283.27..61283.27 rows=2528527 width=4) (actual time=2365.413..2365.413 rows=2528312 loops=1)
                    Buckets: 131072  Batches: 64  Memory Usage: 2425kB
                    ->  Seq Scan on title t  (cost=0.00..61283.27 rows=2528527 width=4) (actual time=0.016..1246.233 rows=2528312 loops=1)
Planning time: 1.146 ms
Execution time: 15108.880 ms
