Seq Scan on cast_info ci  (cost=0.00..705507.15 rows=14143754 width=0) (actual time=3543.867..12638.784 rows=14308835 loops=1)
  Filter: (person_id > 2231811)
  Rows Removed by Filter: 21935509
Planning time: 0.344 ms
Execution time: 14395.696 ms
