Seq Scan on movie_keyword mk  (cost=0.00..81003.12 rows=1357060 width=0) (actual time=0.021..1336.328 rows=1368251 loops=1)
  Filter: (keyword_id > 12202)
  Rows Removed by Filter: 3155679
Planning time: 0.303 ms
Execution time: 1501.903 ms
