Seq Scan on movie_companies mc  (cost=0.00..51404.11 rows=4696 width=0) (actual time=0.469..863.030 rows=3552 loops=1)
  Filter: (company_id = 82)
  Rows Removed by Filter: 2605577
Planning time: 3.599 ms
Execution time: 863.710 ms
