Seq Scan on movie_companies mc  (cost=0.00..51404.11 rows=47312 width=0) (actual time=0.325..861.216 rows=47252 loops=1)
  Filter: (company_id = 19)
  Rows Removed by Filter: 2561877
Planning time: 0.372 ms
Execution time: 876.090 ms
