Seq Scan on title t  (cost=0.00..73925.90 rows=356548 width=0) (actual time=10.003..1192.351 rows=424572 loops=1)
  Filter: ((kind_id < 2) AND (production_year < 2005))
  Rows Removed by Filter: 2103740
Planning time: 0.383 ms
Execution time: 1241.959 ms
