Hash Join  (cost=140520.18..167785.58 rows=35492 width=0) (actual time=2451.274..3035.820 rows=3009 loops=1)
  Hash Cond: (mi_idx.movie_id = t.id)
  ->  Seq Scan on movie_info_idx mi_idx  (cost=0.00..21735.35 rows=1380035 width=4) (actual time=0.022..315.599 rows=1380035 loops=1)
  ->  Hash  (cost=139707.30..139707.30 rows=65030 width=8) (actual time=2442.828..2442.828 rows=2464 loops=1)
        Buckets: 65536  Batches: 1  Memory Usage: 609kB
        ->  Hash Join  (cost=81821.64..139707.30 rows=65030 width=8) (actual time=1320.419..2441.407 rows=2464 loops=1)
              Hash Cond: (mc.movie_id = t.id)
              ->  Seq Scan on movie_companies mc  (cost=0.00..51404.11 rows=341666 width=4) (actual time=26.382..893.710 rows=344656 loops=1)
                    Filter: (company_id > 88812)
                    Rows Removed by Filter: 2264473
              ->  Hash  (cost=73925.90..73925.90 rows=481259 width=4) (actual time=1293.013..1293.013 rows=518327 loops=1)
                    Buckets: 131072  Batches: 8  Memory Usage: 3301kB
                    ->  Seq Scan on title t  (cost=0.00..73925.90 rows=481259 width=4) (actual time=0.033..1124.290 rows=518327 loops=1)
                          Filter: ((production_year > 2007) AND (kind_id = 7))
                          Rows Removed by Filter: 2009985
Planning time: 1.125 ms
Execution time: 3036.784 ms
