Hash Join  (cost=709678.15..796345.14 rows=895 width=0) (actual time=11005.918..12745.942 rows=1242 loops=1)
  Hash Cond: (mk.movie_id = t.id)
  ->  Seq Scan on movie_keyword mk  (cost=0.00..69693.30 rows=4523930 width=4) (actual time=0.020..1030.133 rows=4523930 loops=1)
  ->  Hash  (cost=709671.90..709671.90 rows=500 width=8) (actual time=10933.034..10933.034 rows=40 loops=1)
        Buckets: 1024  Batches: 1  Memory Usage: 10kB
        ->  Nested Loop  (cost=0.43..709671.90 rows=500 width=8) (actual time=324.342..10932.993 rows=40 loops=1)
              ->  Seq Scan on cast_info ci  (cost=0.00..705507.15 rows=500 width=4) (actual time=316.759..10924.400 rows=40 loops=1)
                    Filter: (person_id = 1798602)
                    Rows Removed by Filter: 36244304
              ->  Index Only Scan using title_pkey on title t  (cost=0.43..8.32 rows=1 width=4) (actual time=0.212..0.213 rows=1 loops=40)
                    Index Cond: (id = ci.movie_id)
                    Heap Fetches: 40
Planning time: 0.738 ms
Execution time: 12746.196 ms
