Seq Scan on movie_keyword mk  (cost=0.00..81003.12 rows=2064552 width=0) (actual time=0.020..1124.675 rows=2081005 loops=1)
  Filter: (keyword_id < 3688)
  Rows Removed by Filter: 2442925
Planning time: 0.349 ms
Execution time: 1348.681 ms
