Hash Join  (cost=117086.46..241077.16 rows=163166 width=0) (actual time=2231.176..5860.683 rows=2315041 loops=1)
  Hash Cond: (mk.movie_id = t.id)
  ->  Seq Scan on movie_keyword mk  (cost=0.00..69693.30 rows=4523930 width=4) (actual time=0.020..1364.579 rows=4523930 loops=1)
  ->  Hash  (cost=115589.50..115589.50 rows=91197 width=8) (actual time=2230.343..2230.343 rows=183512 loops=1)
        Buckets: 131072 (originally 131072)  Batches: 4 (originally 2)  Memory Usage: 3073kB
        ->  Hash Join  (cost=82257.13..115589.50 rows=91197 width=8) (actual time=1314.391..2174.615 rows=183512 loops=1)
              Hash Cond: (mi_idx.movie_id = t.id)
              ->  Seq Scan on movie_info_idx mi_idx  (cost=0.00..25185.44 rows=454124 width=4) (actual time=0.026..514.139 rows=459925 loops=1)
                    Filter: (info_type_id = 100)
                    Rows Removed by Filter: 920110
              ->  Hash  (cost=73925.90..73925.90 rows=507778 width=4) (actual time=1313.601..1313.601 rows=524129 loops=1)
                    Buckets: 131072  Batches: 8  Memory Usage: 3340kB
                    ->  Seq Scan on title t  (cost=0.00..73925.90 rows=507778 width=4) (actual time=0.016..1155.945 rows=524129 loops=1)
                          Filter: ((kind_id < 2) AND (production_year < 2010))
                          Rows Removed by Filter: 2004183
Planning time: 1.269 ms
Execution time: 6135.703 ms
