Hash Join  (cost=70308.29..170937.33 rows=101265 width=0) (actual time=1769.689..3858.251 rows=33739 loops=1)
  Hash Cond: (mk.movie_id = t.id)
  ->  Seq Scan on movie_keyword mk  (cost=0.00..81003.12 rows=1553939 width=4) (actual time=0.014..1464.785 rows=1557782 loops=1)
        Filter: (keyword_id < 2333)
        Rows Removed by Filter: 2966148
  ->  Hash  (cost=67604.59..67604.59 rows=164776 width=4) (actual time=1768.464..1768.464 rows=164307 loops=1)
        Buckets: 131072  Batches: 4  Memory Usage: 2488kB
        ->  Seq Scan on title t  (cost=0.00..67604.59 rows=164776 width=4) (actual time=0.020..1037.002 rows=164307 loops=1)
              Filter: (production_year = 2012)
              Rows Removed by Filter: 2364005
Planning time: 0.762 ms
Execution time: 3863.350 ms
