Hash Join  (cost=170652.81..952428.68 rows=399602 width=0) (actual time=3359.603..17595.891 rows=731798 loops=1)
  Hash Cond: (ci.movie_id = t.id)
  ->  Seq Scan on cast_info ci  (cost=0.00..705507.15 rows=6195387 width=4) (actual time=0.015..11543.001 rows=6088531 loops=1)
        Filter: (person_id < 587722)
        Rows Removed by Filter: 30155813
  ->  Hash  (cost=167976.18..167976.18 rows=163090 width=8) (actual time=3358.659..3358.659 rows=165636 loops=1)
        Buckets: 131072  Batches: 4  Memory Usage: 2651kB
        ->  Hash Join  (cost=102767.86..167976.18 rows=163090 width=8) (actual time=1968.059..3311.882 rows=165636 loops=1)
              Hash Cond: (mc.movie_id = t.id)
              ->  Seq Scan on movie_companies mc  (cost=0.00..51404.11 rows=163090 width=4) (actual time=0.026..850.244 rows=165636 loops=1)
                    Filter: (company_id < 32)
                    Rows Removed by Filter: 2443493
              ->  Hash  (cost=61283.27..61283.27 rows=2528527 width=4) (actual time=1965.692..1965.692 rows=2528312 loops=1)
                    Buckets: 131072  Batches: 64  Memory Usage: 2415kB
                    ->  Seq Scan on title t  (cost=0.00..61283.27 rows=2528527 width=4) (actual time=0.023..1079.998 rows=2528312 loops=1)
Planning time: 1.248 ms
Execution time: 17690.542 ms
