Hash Join  (cost=52284.82..79195.68 rows=38 width=0) (actual time=912.256..1263.779 rows=315 loops=1)
  Hash Cond: (mi_idx.movie_id = t.id)
  ->  Seq Scan on movie_info_idx mi_idx  (cost=0.00..21735.35 rows=1380035 width=4) (actual time=0.015..202.878 rows=1380035 loops=1)
  ->  Hash  (cost=52283.95..52283.95 rows=69 width=8) (actual time=905.413..905.413 rows=121 loops=1)
        Buckets: 1024  Batches: 1  Memory Usage: 13kB
        ->  Nested Loop  (cost=0.43..52283.95 rows=69 width=8) (actual time=38.512..905.272 rows=121 loops=1)
              ->  Seq Scan on movie_companies mc  (cost=0.00..51404.11 rows=104 width=4) (actual time=38.445..896.759 rows=124 loops=1)
                    Filter: (company_id = 12607)
                    Rows Removed by Filter: 2609005
              ->  Index Scan using title_pkey on title t  (cost=0.43..8.45 rows=1 width=4) (actual time=0.065..0.066 rows=1 loops=124)
                    Index Cond: (id = mc.movie_id)
                    Filter: (production_year > 1993)
                    Rows Removed by Filter: 0
Planning time: 1.219 ms
Execution time: 1263.968 ms
