Hash Join  (cost=83074.74..891949.03 rows=332 width=0) (actual time=5461.719..16135.058 rows=21118 loops=1)
  Hash Cond: (ci.movie_id = t.id)
  ->  Seq Scan on cast_info ci  (cost=0.00..796071.18 rows=3413276 width=4) (actual time=4078.497..13826.940 rows=6041492 loops=1)
        Filter: ((person_id > 1916849) AND (role_id = 2))
        Rows Removed by Filter: 30202852
  ->  Hash  (cost=83071.67..83071.67 rows=246 width=8) (actual time=1382.857..1382.857 rows=3432 loops=1)
        Buckets: 4096 (originally 1024)  Batches: 1 (originally 1)  Memory Usage: 167kB
        ->  Nested Loop  (cost=0.43..83071.67 rows=246 width=8) (actual time=0.985..1380.664 rows=3432 loops=1)
              ->  Seq Scan on movie_keyword mk  (cost=0.00..81003.12 rows=246 width=4) (actual time=0.913..1268.140 rows=3432 loops=1)
                    Filter: (keyword_id = 3219)
                    Rows Removed by Filter: 4520498
              ->  Index Only Scan using title_pkey on title t  (cost=0.43..8.40 rows=1 width=4) (actual time=0.031..0.032 rows=1 loops=3432)
                    Index Cond: (id = mk.movie_id)
                    Heap Fetches: 3432
Planning time: 1.223 ms
Execution time: 16139.390 ms
