Hash Join  (cost=58375.85..409379.93 rows=27 width=0) (actual time=1137.507..5575.225 rows=10 loops=1)
  Hash Cond: (mi.movie_id = t.id)
  ->  Seq Scan on movie_info mi  (cost=0.00..346232.03 rows=1272478 width=4) (actual time=247.339..4545.659 rows=1325361 loops=1)
        Filter: (info_type_id = 8)
        Rows Removed by Filter: 13510359
  ->  Hash  (cost=58375.18..58375.18 rows=53 width=8) (actual time=868.696..868.696 rows=33 loops=1)
        Buckets: 1024  Batches: 1  Memory Usage: 10kB
        ->  Nested Loop  (cost=0.43..58375.18 rows=53 width=8) (actual time=87.340..868.663 rows=33 loops=1)
              ->  Seq Scan on movie_companies mc  (cost=0.00..57926.93 rows=53 width=4) (actual time=87.258..867.838 rows=33 loops=1)
                    Filter: ((company_id = 43093) AND (company_type_id = 2))
                    Rows Removed by Filter: 2609096
              ->  Index Only Scan using title_pkey on title t  (cost=0.43..8.45 rows=1 width=4) (actual time=0.022..0.022 rows=1 loops=33)
                    Index Cond: (id = mc.movie_id)
                    Heap Fetches: 33
Planning time: 0.799 ms
Execution time: 5575.332 ms
