Seq Scan on movie_keyword mk  (cost=0.00..81003.12 rows=940649 width=0) (actual time=0.024..678.264 rows=951879 loops=1)
  Filter: (keyword_id > 19954)
  Rows Removed by Filter: 3572051
Planning time: 0.548 ms
Execution time: 751.555 ms
