Hash Join  (cost=100885.02..900950.61 rows=451 width=0) (actual time=8576.860..15031.446 rows=4689 loops=1)
  Hash Cond: (ci.movie_id = t.id)
  ->  Seq Scan on cast_info ci  (cost=0.00..796071.18 rows=1063972 width=4) (actual time=6798.237..13020.267 rows=1396143 loops=1)
        Filter: ((person_id > 2237274) AND (role_id = 4))
        Rows Removed by Filter: 34848201
  ->  Hash  (cost=100871.63..100871.63 rows=1071 width=8) (actual time=1777.597..1777.597 rows=4340 loops=1)
        Buckets: 8192 (originally 2048)  Batches: 1 (originally 1)  Memory Usage: 234kB
        ->  Hash Join  (cost=73950.44..100871.63 rows=1071 width=8) (actual time=1214.672..1775.805 rows=4340 loops=1)
              Hash Cond: (mi_idx.movie_id = t.id)
              ->  Seq Scan on movie_info_idx mi_idx  (cost=0.00..21735.35 rows=1380035 width=4) (actual time=0.032..291.795 rows=1380035 loops=1)
              ->  Hash  (cost=73925.90..73925.90 rows=1963 width=4) (actual time=1214.208..1214.208 rows=3692 loops=1)
                    Buckets: 4096 (originally 2048)  Batches: 1 (originally 1)  Memory Usage: 162kB
                    ->  Seq Scan on title t  (cost=0.00..73925.90 rows=1963 width=4) (actual time=8.413..1212.415 rows=3692 loops=1)
                          Filter: ((kind_id = 1) AND (production_year = 1964))
                          Rows Removed by Filter: 2524620
Planning time: 1.272 ms
Execution time: 15032.498 ms
