Seq Scan on movie_keyword mk  (cost=0.00..81003.12 rows=1877899 width=0) (actual time=0.016..1453.841 rows=1886220 loops=1)
  Filter: (keyword_id > 7267)
  Rows Removed by Filter: 2637710
Planning time: 0.268 ms
Execution time: 1686.224 ms
