Hash Join  (cost=459698.70..589756.48 rows=661174 width=0) (actual time=8222.653..23914.707 rows=54766186 loops=1)
  Hash Cond: (mk.movie_id = t.id)
  ->  Seq Scan on movie_keyword mk  (cost=0.00..69693.30 rows=4523930 width=4) (actual time=0.018..1309.244 rows=4523930 loops=1)
  ->  Hash  (cost=453635.39..453635.39 rows=369545 width=8) (actual time=8221.547..8221.547 rows=943364 loops=1)
        Buckets: 131072 (originally 131072)  Batches: 16 (originally 8)  Memory Usage: 3317kB
        ->  Hash Join  (cost=87162.74..453635.39 rows=369545 width=8) (actual time=1449.129..7938.266 rows=943364 loops=1)
              Hash Cond: (mi.movie_id = t.id)
              ->  Seq Scan on movie_info mi  (cost=0.00..346232.03 rows=1158179 width=4) (actual time=0.014..5315.479 rows=1204709 loops=1)
                    Filter: (info_type_id > 18)
                    Rows Removed by Filter: 13631011
              ->  Hash  (cost=73925.90..73925.90 rows=806787 width=4) (actual time=1448.084..1448.084 rows=843018 loops=1)
                    Buckets: 131072  Batches: 16  Memory Usage: 2888kB
                    ->  Seq Scan on title t  (cost=0.00..73925.90 rows=806787 width=4) (actual time=0.014..1163.336 rows=843018 loops=1)
                          Filter: ((kind_id < 7) AND (production_year < 2011))
                          Rows Removed by Filter: 1685294
Planning time: 1.106 ms
Execution time: 30102.362 ms
