Hash Join  (cost=190230.21..1148582.25 rows=5030926 width=0) (actual time=4255.356..31196.042 rows=13857516 loops=1)
  Hash Cond: (ci.movie_id = t.id)
  ->  Seq Scan on cast_info ci  (cost=0.00..796071.18 rows=9217760 width=4) (actual time=0.023..15483.741 rows=11785971 loops=1)
        Filter: ((person_id > 1528469) AND (role_id > 2))
        Rows Removed by Filter: 24458373
  ->  Hash  (cost=167588.78..167588.78 rows=1380035 width=8) (actual time=4254.116..4254.116 rows=1380035 loops=1)
        Buckets: 131072  Batches: 32  Memory Usage: 2708kB
        ->  Hash Join  (cost=102767.86..167588.78 rows=1380035 width=8) (actual time=1883.245..3857.017 rows=1380035 loops=1)
              Hash Cond: (mi_idx.movie_id = t.id)
              ->  Seq Scan on movie_info_idx mi_idx  (cost=0.00..21735.35 rows=1380035 width=4) (actual time=0.025..487.479 rows=1380035 loops=1)
              ->  Hash  (cost=61283.27..61283.27 rows=2528527 width=4) (actual time=1881.834..1881.834 rows=2528312 loops=1)
                    Buckets: 131072  Batches: 64  Memory Usage: 2415kB
                    ->  Seq Scan on title t  (cost=0.00..61283.27 rows=2528527 width=4) (actual time=0.015..1025.793 rows=2528312 loops=1)
Planning time: 4.237 ms
Execution time: 32754.229 ms
