Hash Join  (cost=74351.87..160343.45 rows=17306 width=0) (actual time=1076.142..2782.967 rows=17553 loops=1)
  Hash Cond: (mk.movie_id = t.id)
  ->  Seq Scan on movie_keyword mk  (cost=0.00..81003.12 rows=1284105 width=4) (actual time=0.023..1441.436 rows=1297042 loops=1)
        Filter: (keyword_id < 1684)
        Rows Removed by Filter: 3226888
  ->  Hash  (cost=73925.90..73925.90 rows=34077 width=4) (actual time=1075.565..1075.565 rows=85258 loops=1)
        Buckets: 131072 (originally 65536)  Batches: 1 (originally 1)  Memory Usage: 4022kB
        ->  Seq Scan on title t  (cost=0.00..73925.90 rows=34077 width=4) (actual time=0.020..1041.971 rows=85258 loops=1)
              Filter: ((kind_id < 7) AND (production_year < 1920))
              Rows Removed by Filter: 2443054
Planning time: 0.552 ms
Execution time: 2786.145 ms
