Hash Join  (cost=77184.65..161262.36 rows=202905 width=0) (actual time=1185.409..3264.699 rows=264382 loops=1)
  Hash Cond: (mc.movie_id = t.id)
  ->  Seq Scan on movie_companies mc  (cost=0.00..51404.11 rows=2583077 width=4) (actual time=0.028..1055.455 rows=2584459 loops=1)
        Filter: (company_id < 212287)
        Rows Removed by Filter: 24670
  ->  Hash  (cost=73925.90..73925.90 rows=198620 width=4) (actual time=1184.629..1184.629 rows=182023 loops=1)
        Buckets: 131072  Batches: 4  Memory Usage: 2629kB
        ->  Seq Scan on title t  (cost=0.00..73925.90 rows=198620 width=4) (actual time=0.031..1122.845 rows=182023 loops=1)
              Filter: ((kind_id < 3) AND (production_year > 2008))
              Rows Removed by Filter: 2346289
Planning time: 4.478 ms
Execution time: 3289.770 ms
