Hash Join  (cost=130937.66..1050608.54 rows=824618 width=0) (actual time=2602.239..28205.677 rows=779922 loops=1)
  Hash Cond: (ci.movie_id = t.id)
  ->  Seq Scan on cast_info ci  (cost=0.00..796071.18 rows=30760938 width=4) (actual time=0.014..18304.621 rows=30846393 loops=1)
        Filter: ((person_id > 83235) AND (role_id < 10))
        Rows Removed by Filter: 5397951
  ->  Hash  (cost=130090.37..130090.37 rows=67783 width=8) (actual time=2601.098..2601.098 rows=27577 loops=1)
        Buckets: 131072  Batches: 1  Memory Usage: 2102kB
        ->  Hash Join  (cost=74747.02..130090.37 rows=67783 width=8) (actual time=1201.149..2589.765 rows=27577 loops=1)
              Hash Cond: (mc.movie_id = t.id)
              ->  Seq Scan on movie_companies mc  (cost=0.00..44881.29 rows=2609129 width=4) (actual time=0.026..645.272 rows=2609129 loops=1)
              ->  Hash  (cost=73925.90..73925.90 rows=65689 width=4) (actual time=1200.073..1200.073 rows=74524 loops=1)
                    Buckets: 131072  Batches: 1  Memory Usage: 3644kB
                    ->  Seq Scan on title t  (cost=0.00..73925.90 rows=65689 width=4) (actual time=263.733..1170.147 rows=74524 loops=1)
                          Filter: ((kind_id = 7) AND (production_year = 2006))
                          Rows Removed by Filter: 2453788
Planning time: 1.920 ms
Execution time: 28307.880 ms
