Hash Join  (cost=874299.71..1530778.02 rows=2744216 width=0) (actual time=23165.746..37434.569 rows=7629730 loops=1)
  Hash Cond: (mi.movie_id = t.id)
  ->  Seq Scan on movie_info mi  (cost=0.00..309384.22 rows=14739122 width=4) (actual time=0.021..5785.767 rows=14835720 loops=1)
  ->  Hash  (cost=866576.01..866576.01 rows=470776 width=8) (actual time=23163.083..23163.083 rows=454935 loops=1)
        Buckets: 131072  Batches: 8  Memory Usage: 3286kB
        ->  Hash Join  (cost=68237.77..866576.01 rows=470776 width=8) (actual time=1086.273..22754.738 rows=454935 loops=1)
              Hash Cond: (ci.movie_id = t.id)
              ->  Seq Scan on cast_info ci  (cost=0.00..705507.15 rows=23499554 width=4) (actual time=0.027..14935.722 rows=23573656 loops=1)
                    Filter: (role_id > 1)
                    Rows Removed by Filter: 12670688
              ->  Hash  (cost=67604.59..67604.59 rows=50655 width=4) (actual time=1085.889..1085.889 rows=50564 loops=1)
                    Buckets: 65536  Batches: 1  Memory Usage: 2290kB
                    ->  Seq Scan on title t  (cost=0.00..67604.59 rows=50655 width=4) (actual time=0.026..1064.700 rows=50564 loops=1)
                          Filter: (production_year = 1999)
                          Rows Removed by Filter: 2477748
Planning time: 1.258 ms
Execution time: 38327.157 ms
