Seq Scan on cast_info ci  (cost=0.00..705507.15 rows=500 width=0) (actual time=4164.246..10733.207 rows=24 loops=1)
  Filter: (person_id = 4036421)
  Rows Removed by Filter: 36244320
Planning time: 0.676 ms
Execution time: 10733.308 ms
