Seq Scan on movie_keyword mk  (cost=0.00..81003.12 rows=246 width=0) (actual time=3.158..1232.567 rows=1225 loops=1)
  Filter: (keyword_id = 660)
  Rows Removed by Filter: 4522705
Planning time: 0.423 ms
Execution time: 1233.088 ms
