Hash Join  (cost=286567.56..927606.51 rows=13384012 width=0) (actual time=6359.618..44470.758 rows=113086891 loops=1)
  Hash Cond: (mi.movie_id = t.id)
  ->  Seq Scan on movie_info mi  (cost=0.00..309384.22 rows=14739122 width=4) (actual time=0.025..6112.347 rows=14835720 loops=1)
  ->  Hash  (cost=248897.88..248897.88 rows=2296055 width=8) (actual time=6358.225..6358.225 rows=2297513 loops=1)
        Buckets: 131072  Batches: 32  Memory Usage: 3893kB
        ->  Hash Join  (cost=102767.86..248897.88 rows=2296055 width=8) (actual time=1958.022..5721.174 rows=2297513 loops=1)
              Hash Cond: (mk.movie_id = t.id)
              ->  Seq Scan on movie_keyword mk  (cost=0.00..81003.12 rows=2296055 width=4) (actual time=0.030..1657.680 rows=2297513 loops=1)
                    Filter: (keyword_id < 4925)
                    Rows Removed by Filter: 2226417
              ->  Hash  (cost=61283.27..61283.27 rows=2528527 width=4) (actual time=1956.643..1956.643 rows=2528312 loops=1)
                    Buckets: 131072  Batches: 64  Memory Usage: 2425kB
                    ->  Seq Scan on title t  (cost=0.00..61283.27 rows=2528527 width=4) (actual time=0.033..1096.385 rows=2528312 loops=1)
Planning time: 1.049 ms
Execution time: 56286.647 ms
