Hash Join  (cost=156649.15..242019.22 rows=441102 width=0) (actual time=3358.840..5782.159 rows=1260380 loops=1)
  Hash Cond: (mc.movie_id = t.id)
  ->  Seq Scan on movie_companies mc  (cost=0.00..51404.11 rows=2398918 width=4) (actual time=0.008..1105.396 rows=2397790 loops=1)
        Filter: (company_id < 110190)
        Rows Removed by Filter: 211339
  ->  Hash  (cost=149020.47..149020.47 rows=464934 width=8) (actual time=3358.022..3358.022 rows=460185 loops=1)
        Buckets: 131072  Batches: 8  Memory Usage: 3276kB
        ->  Hash Join  (cost=102767.86..149020.47 rows=464934 width=8) (actual time=1972.626..3237.406 rows=460185 loops=1)
              Hash Cond: (mi_idx.movie_id = t.id)
              ->  Seq Scan on movie_info_idx mi_idx  (cost=0.00..25185.44 rows=464934 width=4) (actual time=0.039..509.261 rows=460185 loops=1)
                    Filter: (info_type_id > 100)
                    Rows Removed by Filter: 919850
              ->  Hash  (cost=61283.27..61283.27 rows=2528527 width=4) (actual time=1971.785..1971.785 rows=2528312 loops=1)
                    Buckets: 131072  Batches: 64  Memory Usage: 2415kB
                    ->  Seq Scan on title t  (cost=0.00..61283.27 rows=2528527 width=4) (actual time=0.034..1133.038 rows=2528312 loops=1)
Planning time: 1.162 ms
Execution time: 5901.010 ms
