Hash Join  (cost=102767.86..228765.47 rows=1459353 width=0) (actual time=1982.523..4891.012 rows=1476110 loops=1)
  Hash Cond: (mk.movie_id = t.id)
  ->  Seq Scan on movie_keyword mk  (cost=0.00..81003.12 rows=1459353 width=4) (actual time=0.024..1520.936 rows=1476110 loops=1)
        Filter: (keyword_id < 2107)
        Rows Removed by Filter: 3047820
  ->  Hash  (cost=61283.27..61283.27 rows=2528527 width=4) (actual time=1981.279..1981.279 rows=2528312 loops=1)
        Buckets: 131072  Batches: 64  Memory Usage: 2425kB
        ->  Seq Scan on title t  (cost=0.00..61283.27 rows=2528527 width=4) (actual time=0.016..1159.272 rows=2528312 loops=1)
Planning time: 1.545 ms
Execution time: 5040.626 ms
