Seq Scan on cast_info ci  (cost=0.00..796071.18 rows=12574699 width=0) (actual time=0.023..16302.451 rows=13907192 loops=1)
  Filter: ((person_id > 780278) AND (role_id > 2))
  Rows Removed by Filter: 22337152
Planning time: 5.572 ms
Execution time: 18042.592 ms
