Hash Join  (cost=150154.86..636666.04 rows=1079929 width=0) (actual time=3175.488..17742.140 rows=9470039 loops=1)
  Hash Cond: (mi.movie_id = t.id)
  ->  Seq Scan on movie_info mi  (cost=0.00..346232.03 rows=11115165 width=4) (actual time=0.011..7180.772 rows=11210743 loops=1)
        Filter: (info_type_id > 3)
        Rows Removed by Filter: 3624977
  ->  Hash  (cost=146124.02..146124.02 rows=245667 width=8) (actual time=3173.409..3173.409 rows=416488 loops=1)
        Buckets: 131072 (originally 131072)  Batches: 8 (originally 4)  Memory Usage: 3093kB
        ->  Hash Join  (cost=75570.05..146124.02 rows=245667 width=8) (actual time=1558.368..3038.773 rows=416488 loops=1)
              Hash Cond: (mc.movie_id = t.id)
              ->  Seq Scan on movie_companies mc  (cost=0.00..51404.11 rows=1279517 width=4) (actual time=344.367..1048.047 rows=1274246 loops=1)
                    Filter: (company_type_id = 1)
                    Rows Removed by Filter: 1334883
              ->  Hash  (cost=67604.59..67604.59 rows=485477 width=4) (actual time=1213.007..1213.007 rows=479601 loops=1)
                    Buckets: 131072  Batches: 8  Memory Usage: 3125kB
                    ->  Seq Scan on title t  (cost=0.00..67604.59 rows=485477 width=4) (actual time=0.018..1066.690 rows=479601 loops=1)
                          Filter: (production_year < 1978)
                          Rows Removed by Filter: 2048711
Planning time: 1.148 ms
Execution time: 18800.410 ms
