Seq Scan on movie_keyword mk  (cost=0.00..81003.12 rows=246 width=0) (actual time=9.263..1274.248 rows=445 loops=1)
  Filter: (keyword_id = 3714)
  Rows Removed by Filter: 4523485
Planning time: 0.359 ms
Execution time: 1274.538 ms
