Seq Scan on cast_info ci  (cost=0.00..796071.18 rows=158962 width=0) (actual time=4276.698..13260.319 rows=241609 loops=1)
  Filter: ((person_id > 1971008) AND (role_id > 10))
  Rows Removed by Filter: 36002735
Planning time: 0.356 ms
Execution time: 13290.046 ms
