Hash Join  (cost=101537.03..496036.65 rows=77296 width=0) (actual time=2092.262..11060.319 rows=204582 loops=1)
  Hash Cond: (mi.movie_id = t.id)
  ->  Seq Scan on movie_info mi  (cost=0.00..346232.03 rows=12665229 width=4) (actual time=237.928..6611.255 rows=12744652 loops=1)
        Filter: (info_type_id > 2)
        Rows Removed by Filter: 2091068
  ->  Hash  (cost=101344.13..101344.13 rows=15432 width=8) (actual time=1854.140..1854.140 rows=29034 loops=1)
        Buckets: 32768 (originally 16384)  Batches: 1 (originally 1)  Memory Usage: 1391kB
        ->  Hash Join  (cost=74279.33..101344.13 rows=15432 width=8) (actual time=1332.242..1843.959 rows=29034 loops=1)
              Hash Cond: (mi_idx.movie_id = t.id)
              ->  Seq Scan on movie_info_idx mi_idx  (cost=0.00..21735.35 rows=1380035 width=4) (actual time=0.027..349.483 rows=1380035 loops=1)
              ->  Hash  (cost=73925.90..73925.90 rows=28274 width=4) (actual time=1167.842..1167.842 rows=25769 loops=1)
                    Buckets: 32768  Batches: 1  Memory Usage: 1162kB
                    ->  Seq Scan on title t  (cost=0.00..73925.90 rows=28274 width=4) (actual time=0.053..1157.031 rows=25769 loops=1)
                          Filter: ((production_year > 2007) AND (kind_id = 2))
                          Rows Removed by Filter: 2502543
Planning time: 1.189 ms
Execution time: 11087.836 ms
