Hash Join  (cost=798854.45..885516.14 rows=365 width=0) (actual time=13251.138..14942.767 rows=118 loops=1)
  Hash Cond: (mk.movie_id = t.id)
  ->  Seq Scan on movie_keyword mk  (cost=0.00..69693.30 rows=4523930 width=4) (actual time=0.023..1090.397 rows=4523930 loops=1)
  ->  Hash  (cost=798851.90..798851.90 rows=204 width=8) (actual time=13067.897..13067.897 rows=332 loops=1)
        Buckets: 1024  Batches: 1  Memory Usage: 21kB
        ->  Nested Loop  (cost=0.43..798851.90 rows=204 width=8) (actual time=30.026..13067.723 rows=332 loops=1)
              ->  Seq Scan on cast_info ci  (cost=0.00..796071.18 rows=332 width=4) (actual time=23.264..13056.478 rows=337 loops=1)
                    Filter: ((role_id < 4) AND (person_id = 1666709))
                    Rows Removed by Filter: 36244007
              ->  Index Scan using title_pkey on title t  (cost=0.43..8.37 rows=1 width=4) (actual time=0.032..0.033 rows=1 loops=337)
                    Index Cond: (id = ci.movie_id)
                    Filter: (kind_id > 4)
                    Rows Removed by Filter: 0
Planning time: 1.165 ms
Execution time: 14942.934 ms
