Hash Join  (cost=92883.59..1147789.13 rows=11067439 width=0) (actual time=3482.140..28763.354 rows=11131609 loops=1)
  Hash Cond: (ci.movie_id = t.id)
  ->  Seq Scan on cast_info ci  (cost=0.00..705507.15 rows=18162201 width=4) (actual time=1769.341..14646.308 rows=18317859 loops=1)
        Filter: (person_id > 1777025)
        Rows Removed by Filter: 17926485
  ->  Hash  (cost=67604.59..67604.59 rows=1540800 width=4) (actual time=1711.306..1711.306 rows=1543264 loops=1)
        Buckets: 131072  Batches: 32  Memory Usage: 2722kB
        ->  Seq Scan on title t  (cost=0.00..67604.59 rows=1540800 width=4) (actual time=0.022..1234.478 rows=1543264 loops=1)
              Filter: (kind_id = 7)
              Rows Removed by Filter: 985048
Planning time: 0.753 ms
Execution time: 30015.642 ms
