Hash Join  (cost=102767.86..240110.60 rows=1930807 width=0) (actual time=2379.065..5773.556 rows=1946607 loops=1)
  Hash Cond: (mk.movie_id = t.id)
  ->  Seq Scan on movie_keyword mk  (cost=0.00..81003.12 rows=1930807 width=4) (actual time=0.025..1634.456 rows=1946607 loops=1)
        Filter: (keyword_id < 3363)
        Rows Removed by Filter: 2577323
  ->  Hash  (cost=61283.27..61283.27 rows=2528527 width=4) (actual time=2378.067..2378.067 rows=2528312 loops=1)
        Buckets: 131072  Batches: 64  Memory Usage: 2425kB
        ->  Seq Scan on title t  (cost=0.00..61283.27 rows=2528527 width=4) (actual time=0.017..959.991 rows=2528312 loops=1)
Planning time: 0.703 ms
Execution time: 5986.093 ms
