Hash Join  (cost=131843.76..480466.59 rows=8045 width=0) (actual time=3361.291..8160.418 rows=23793 loops=1)
  Hash Cond: (mi.movie_id = t.id)
  ->  Seq Scan on movie_info mi  (cost=0.00..346232.03 rows=616095 width=4) (actual time=811.599..5545.298 rows=598457 loops=1)
        Filter: (info_type_id = 15)
        Rows Removed by Filter: 14237263
  ->  Hash  (cost=131431.06..131431.06 rows=33016 width=8) (actual time=2503.753..2503.753 rows=43901 loops=1)
        Buckets: 65536  Batches: 1  Memory Usage: 2227kB
        ->  Hash Join  (cost=74710.74..131431.06 rows=33016 width=8) (actual time=1297.428..2487.825 rows=43901 loops=1)
              Hash Cond: (mc.movie_id = t.id)
              ->  Seq Scan on movie_companies mc  (cost=0.00..51404.11 rows=1329612 width=4) (actual time=90.070..924.538 rows=1334883 loops=1)
                    Filter: (company_type_id = 2)
                    Rows Removed by Filter: 1274246
              ->  Hash  (cost=73925.90..73925.90 rows=62787 width=4) (actual time=1206.950..1206.950 rows=53770 loops=1)
                    Buckets: 65536  Batches: 1  Memory Usage: 2403kB
                    ->  Seq Scan on title t  (cost=0.00..73925.90 rows=62787 width=4) (actual time=0.222..1185.335 rows=53770 loops=1)
                          Filter: ((kind_id < 7) AND (production_year = 2011))
                          Rows Removed by Filter: 2474542
Planning time: 1.091 ms
Execution time: 8164.218 ms
