Hash Join  (cost=161987.13..914191.78 rows=141544 width=0) (actual time=2679.245..19295.867 rows=37158 loops=1)
  Hash Cond: (ci.movie_id = t.id)
  ->  Seq Scan on cast_info ci  (cost=0.00..614943.12 rows=36225612 width=4) (actual time=0.011..9181.998 rows=36244344 loops=1)
  ->  Hash  (cost=161863.63..161863.63 rows=9880 width=8) (actual time=2677.002..2677.002 rows=4851 loops=1)
        Buckets: 16384  Batches: 1  Memory Usage: 318kB
        ->  Hash Join  (cost=74101.73..161863.63 rows=9880 width=8) (actual time=2272.344..2675.172 rows=4851 loops=1)
              Hash Cond: (mk.movie_id = t.id)
              ->  Seq Scan on movie_keyword mk  (cost=0.00..81003.12 rows=1775994 width=4) (actual time=0.023..1517.668 rows=1778082 loops=1)
                    Filter: (keyword_id > 7777)
                    Rows Removed by Filter: 2745848
              ->  Hash  (cost=73925.90..73925.90 rows=14066 width=4) (actual time=871.684..871.684 rows=13203 loops=1)
                    Buckets: 16384  Batches: 1  Memory Usage: 593kB
                    ->  Seq Scan on title t  (cost=0.00..73925.90 rows=14066 width=4) (actual time=14.819..866.152 rows=13203 loops=1)
                          Filter: ((production_year > 2010) AND (kind_id = 2))
                          Rows Removed by Filter: 2515109
Planning time: 1.216 ms
Execution time: 19303.043 ms
