Seq Scan on movie_companies mc  (cost=0.00..57926.93 rows=350645 width=0) (actual time=145.955..875.208 rows=39947 loops=1)
  Filter: ((company_id > 42373) AND (company_type_id = 1))
  Rows Removed by Filter: 2569182
Planning time: 0.402 ms
Execution time: 880.869 ms
