Hash Join  (cost=190230.21..351779.76 rows=2409925 width=0) (actual time=4368.164..10378.235 rows=10154330 loops=1)
  Hash Cond: (mk.movie_id = t.id)
  ->  Seq Scan on movie_keyword mk  (cost=0.00..81003.12 rows=4415511 width=4) (actual time=0.025..1788.204 rows=4415857 loops=1)
        Filter: (keyword_id < 80551)
        Rows Removed by Filter: 108073
  ->  Hash  (cost=167588.78..167588.78 rows=1380035 width=8) (actual time=4365.426..4365.426 rows=1380035 loops=1)
        Buckets: 131072  Batches: 32  Memory Usage: 2726kB
        ->  Hash Join  (cost=102767.86..167588.78 rows=1380035 width=8) (actual time=2024.299..3966.607 rows=1380035 loops=1)
              Hash Cond: (mi_idx.movie_id = t.id)
              ->  Seq Scan on movie_info_idx mi_idx  (cost=0.00..21735.35 rows=1380035 width=4) (actual time=0.015..466.587 rows=1380035 loops=1)
              ->  Hash  (cost=61283.27..61283.27 rows=2528527 width=4) (actual time=2023.314..2023.314 rows=2528312 loops=1)
                    Buckets: 131072  Batches: 64  Memory Usage: 2415kB
                    ->  Seq Scan on title t  (cost=0.00..61283.27 rows=2528527 width=4) (actual time=0.022..1163.318 rows=2528312 loops=1)
Planning time: 1.145 ms
Execution time: 11433.515 ms
