Hash Join  (cost=73952.33..825044.36 rows=30287 width=0) (actual time=2779.526..17362.609 rows=44 loops=1)
  Hash Cond: (ci.movie_id = t.id)
  ->  Seq Scan on cast_info ci  (cost=0.00..614943.12 rows=36225612 width=4) (actual time=0.018..9367.720 rows=36244344 loops=1)
  ->  Hash  (cost=73925.90..73925.90 rows=2114 width=4) (actual time=1017.288..1017.288 rows=42 loops=1)
        Buckets: 4096  Batches: 1  Memory Usage: 34kB
        ->  Seq Scan on title t  (cost=0.00..73925.90 rows=2114 width=4) (actual time=154.795..1017.215 rows=42 loops=1)
              Filter: ((production_year < 1973) AND (kind_id = 6))
              Rows Removed by Filter: 2528270
Planning time: 0.830 ms
Execution time: 17362.785 ms
