Hash Join  (cost=83074.74..834355.77 rows=1187 width=0) (actual time=8406.391..17114.001 rows=22407 loops=1)
  Hash Cond: (ci.movie_id = t.id)
  ->  Seq Scan on cast_info ci  (cost=0.00..705507.15 rows=12203201 width=4) (actual time=7135.946..13928.044 rows=12113646 loops=1)
        Filter: (role_id > 3)
        Rows Removed by Filter: 24130698
  ->  Hash  (cost=83071.67..83071.67 rows=246 width=8) (actual time=1270.183..1270.183 rows=1469 loops=1)
        Buckets: 2048 (originally 1024)  Batches: 1 (originally 1)  Memory Usage: 74kB
        ->  Nested Loop  (cost=0.43..83071.67 rows=246 width=8) (actual time=0.228..1269.045 rows=1469 loops=1)
              ->  Seq Scan on movie_keyword mk  (cost=0.00..81003.12 rows=246 width=4) (actual time=0.144..1227.824 rows=1469 loops=1)
                    Filter: (keyword_id = 2128)
                    Rows Removed by Filter: 4522461
              ->  Index Only Scan using title_pkey on title t  (cost=0.43..8.40 rows=1 width=4) (actual time=0.026..0.027 rows=1 loops=1469)
                    Index Cond: (id = mk.movie_id)
                    Heap Fetches: 1469
Planning time: 1.203 ms
Execution time: 17119.402 ms
