Hash Join  (cost=102767.86..910019.98 rows=54089 width=0) (actual time=5607.362..14458.230 rows=206411 loops=1)
  Hash Cond: (ci.movie_id = t.id)
  ->  Seq Scan on cast_info ci  (cost=0.00..796071.18 rows=54089 width=4) (actual time=3694.712..12029.085 rows=206411 loops=1)
        Filter: ((person_id > 3083463) AND (role_id > 10))
        Rows Removed by Filter: 36037933
  ->  Hash  (cost=61283.27..61283.27 rows=2528527 width=4) (actual time=1911.525..1911.525 rows=2528312 loops=1)
        Buckets: 131072  Batches: 64  Memory Usage: 2415kB
        ->  Seq Scan on title t  (cost=0.00..61283.27 rows=2528527 width=4) (actual time=0.029..1057.789 rows=2528312 loops=1)
Planning time: 1.225 ms
Execution time: 14482.089 ms
