Hash Join  (cost=211778.78..590945.07 rows=521245 width=0) (actual time=4563.856..14697.579 rows=15150807 loops=1)
  Hash Cond: (mi.movie_id = t.id)
  ->  Seq Scan on movie_info mi  (cost=0.00..346232.03 rows=2194617 width=4) (actual time=0.027..5875.346 rows=2233850 loops=1)
        Filter: (info_type_id > 16)
        Rows Removed by Filter: 12601870
  ->  Hash  (cost=201925.88..201925.88 rows=600552 width=8) (actual time=4562.597..4562.597 rows=702225 loops=1)
        Buckets: 131072 (originally 131072)  Batches: 16 (originally 8)  Memory Usage: 3073kB
        ->  Hash Join  (cost=97066.09..201925.88 rows=600552 width=8) (actual time=2015.629..4359.363 rows=702225 loops=1)
              Hash Cond: (mk.movie_id = t.id)
              ->  Seq Scan on movie_keyword mk  (cost=0.00..81003.12 rows=845629 width=4) (actual time=0.027..1450.752 rows=851674 loops=1)
                    Filter: (keyword_id > 21564)
                    Rows Removed by Filter: 3672256
              ->  Hash  (cost=67604.59..67604.59 rows=1795720 width=4) (actual time=2014.503..2014.503 rows=1794153 loops=1)
                    Buckets: 131072  Batches: 32  Memory Usage: 3001kB
                    ->  Seq Scan on title t  (cost=0.00..67604.59 rows=1795720 width=4) (actual time=0.019..1420.487 rows=1794153 loops=1)
                          Filter: (production_year < 2009)
                          Rows Removed by Filter: 734159
Planning time: 5.869 ms
Execution time: 16271.107 ms
