Hash Join  (cost=77761.90..1128750.80 rows=1880544 width=0) (actual time=6066.202..27716.757 rows=2177947 loops=1)
  Hash Cond: (ci.movie_id = t.id)
  ->  Seq Scan on cast_info ci  (cost=0.00..796071.18 rows=20341407 width=4) (actual time=4790.264..18041.120 rows=18669128 loops=1)
        Filter: ((person_id < 3182818) AND (role_id > 1))
        Rows Removed by Filter: 17575216
  ->  Hash  (cost=73925.90..73925.90 rows=233760 width=4) (actual time=1274.679..1274.679 rows=353075 loops=1)
        Buckets: 131072 (originally 131072)  Batches: 8 (originally 4)  Memory Usage: 3073kB
        ->  Seq Scan on title t  (cost=0.00..73925.90 rows=233760 width=4) (actual time=97.509..1155.351 rows=353075 loops=1)
              Filter: ((kind_id < 2) AND (production_year < 1997))
              Rows Removed by Filter: 2175237
Planning time: 0.831 ms
Execution time: 27935.361 ms
