Hash Join  (cost=78556.72..218732.98 rows=1051419 width=0) (actual time=1379.971..5480.017 rows=2582016 loops=1)
  Hash Cond: (mk.movie_id = t.id)
  ->  Seq Scan on movie_keyword mk  (cost=0.00..81003.12 rows=3982650 width=4) (actual time=0.026..1736.420 rows=3982530 loops=1)
        Filter: (keyword_id > 382)
        Rows Removed by Filter: 541400
  ->  Hash  (cost=67604.59..67604.59 rows=667531 width=4) (actual time=1378.757..1378.757 rows=662825 loops=1)
        Buckets: 131072  Batches: 16  Memory Usage: 2486kB
        ->  Seq Scan on title t  (cost=0.00..67604.59 rows=667531 width=4) (actual time=285.358..1156.053 rows=662825 loops=1)
              Filter: (kind_id = 1)
              Rows Removed by Filter: 1865487
Planning time: 0.733 ms
Execution time: 5769.928 ms
