Hash Join  (cost=156487.41..262243.55 rows=312602 width=0) (actual time=3494.515..6118.387 rows=1308895 loops=1)
  Hash Cond: (mk.movie_id = t.id)
  ->  Seq Scan on movie_keyword mk  (cost=0.00..81003.12 rows=1714666 width=4) (actual time=0.027..1521.648 rows=1721095 loops=1)
        Filter: (keyword_id > 8235)
        Rows Removed by Filter: 2802835
  ->  Hash  (cost=148924.19..148924.19 rows=460978 width=8) (actual time=3493.424..3493.424 rows=459925 loops=1)
        Buckets: 131072  Batches: 8  Memory Usage: 3284kB
        ->  Hash Join  (cost=102767.86..148924.19 rows=460978 width=8) (actual time=1970.387..3349.586 rows=459925 loops=1)
              Hash Cond: (mi_idx.movie_id = t.id)
              ->  Seq Scan on movie_info_idx mi_idx  (cost=0.00..25185.44 rows=460978 width=4) (actual time=0.022..530.476 rows=459925 loops=1)
                    Filter: (info_type_id = 99)
                    Rows Removed by Filter: 920110
              ->  Hash  (cost=61283.27..61283.27 rows=2528527 width=4) (actual time=1968.691..1968.691 rows=2528312 loops=1)
                    Buckets: 131072  Batches: 64  Memory Usage: 2415kB
                    ->  Seq Scan on title t  (cost=0.00..61283.27 rows=2528527 width=4) (actual time=0.013..1129.877 rows=2528312 loops=1)
Planning time: 1.289 ms
Execution time: 6266.279 ms
