Hash Join  (cost=206389.47..624929.02 rows=409832 width=0) (actual time=5216.882..13487.027 rows=1144760 loops=1)
  Hash Cond: (mi.movie_id = t.id)
  ->  Seq Scan on movie_info mi  (cost=0.00..346232.03 rows=5263441 width=4) (actual time=361.969..6189.417 rows=5270569 loops=1)
        Filter: (info_type_id > 15)
        Rows Removed by Filter: 9565151
  ->  Hash  (cost=203158.46..203158.46 rows=196881 width=8) (actual time=4700.603..4700.603 rows=459093 loops=1)
        Buckets: 131072 (originally 131072)  Batches: 8 (originally 4)  Memory Usage: 3271kB
        ->  Hash Join  (cost=69484.36..203158.46 rows=196881 width=8) (actual time=1117.427..4300.888 rows=459093 loops=1)
              Hash Cond: (mk.movie_id = t.id)
              ->  Seq Scan on movie_keyword mk  (cost=0.00..81003.12 rows=4346177 width=4) (actual time=0.037..1776.292 rows=4348548 loops=1)
                    Filter: (keyword_id < 71887)
                    Rows Removed by Filter: 175382
              ->  Hash  (cost=67604.59..67604.59 rows=114542 width=4) (actual time=1116.410..1116.410 rows=118234 loops=1)
                    Buckets: 131072  Batches: 2  Memory Usage: 3107kB
                    ->  Seq Scan on title t  (cost=0.00..67604.59 rows=114542 width=4) (actual time=517.038..1074.237 rows=118234 loops=1)
                          Filter: (kind_id = 4)
                          Rows Removed by Filter: 2410078
Planning time: 1.276 ms
Execution time: 13629.879 ms
