Hash Join  (cost=325155.06..939126.71 rows=12178468 width=0) (actual time=8504.095..43247.638 rows=85153039 loops=1)
  Hash Cond: (mi.movie_id = t.id)
  ->  Seq Scan on movie_info mi  (cost=0.00..346232.03 rows=9476311 width=4) (actual time=598.351..7054.011 rows=9565151 loops=1)
        Filter: (info_type_id < 16)
        Rows Removed by Filter: 5270569
  ->  Hash  (cost=271841.89..271841.89 rows=3249533 width=8) (actual time=7891.328..7891.328 rows=3237625 loops=1)
        Buckets: 131072  Batches: 64  Memory Usage: 3103kB
        ->  Hash Join  (cost=102767.86..271841.89 rows=3249533 width=8) (actual time=2128.778..6587.588 rows=3237625 loops=1)
              Hash Cond: (mk.movie_id = t.id)
              ->  Seq Scan on movie_keyword mk  (cost=0.00..81003.12 rows=3249533 width=4) (actual time=0.040..1588.027 rows=3237625 loops=1)
                    Filter: (keyword_id > 1661)
                    Rows Removed by Filter: 1286305
              ->  Hash  (cost=61283.27..61283.27 rows=2528527 width=4) (actual time=2127.171..2127.171 rows=2528312 loops=1)
                    Buckets: 131072  Batches: 64  Memory Usage: 2425kB
                    ->  Seq Scan on title t  (cost=0.00..61283.27 rows=2528527 width=4) (actual time=0.017..1082.645 rows=2528312 loops=1)
Planning time: 1.295 ms
Execution time: 52950.607 ms
