Nested Loop  (cost=0.43..110562.79 rows=159 width=0) (actual time=0.141..1494.951 rows=189 loops=1)
  ->  Seq Scan on movie_keyword mk  (cost=0.00..81003.12 rows=3921 width=4) (actual time=0.106..1366.723 rows=3163 loops=1)
        Filter: (keyword_id = 1060)
        Rows Removed by Filter: 4520767
  ->  Index Scan using title_pkey on title t  (cost=0.43..7.53 rows=1 width=4) (actual time=0.040..0.040 rows=0 loops=3163)
        Index Cond: (id = mk.movie_id)
        Filter: (kind_id = 3)
        Rows Removed by Filter: 1
Planning time: 0.616 ms
Execution time: 1495.161 ms
