Seq Scan on cast_info ci  (cost=0.00..796071.18 rows=13782075 width=0) (actual time=0.042..13049.804 rows=8422799 loops=1)
  Filter: ((person_id < 2129703) AND (role_id > 1))
  Rows Removed by Filter: 27821545
Planning time: 4.611 ms
Execution time: 14045.286 ms
