Seq Scan on cast_info ci  (cost=0.00..705507.15 rows=500 width=0) (actual time=7137.597..10003.804 rows=72 loops=1)
  Filter: (person_id = 3900385)
  Rows Removed by Filter: 36244272
Planning time: 0.403 ms
Execution time: 10003.927 ms
