Hash Join  (cost=81703.78..471018.04 rows=575251 width=0) (actual time=3527.833..8903.706 rows=856339 loops=1)
  Hash Cond: (mi.movie_id = t.id)
  ->  Seq Scan on movie_info mi  (cost=0.00..346232.03 rows=3068194 width=4) (actual time=795.870..5744.032 rows=3036719 loops=1)
        Filter: (info_type_id = 16)
        Rows Removed by Filter: 11799001
  ->  Hash  (cost=73925.90..73925.90 rows=474070 width=4) (actual time=1408.979..1408.979 rows=496025 loops=1)
        Buckets: 131072  Batches: 8  Memory Usage: 3223kB
        ->  Seq Scan on title t  (cost=0.00..73925.90 rows=474070 width=4) (actual time=435.640..1251.579 rows=496025 loops=1)
              Filter: ((production_year < 2009) AND (kind_id = 1))
              Rows Removed by Filter: 2032287
Planning time: 0.768 ms
Execution time: 9008.972 ms
