Hash Join  (cost=137771.32..272844.49 rows=468163 width=0) (actual time=3225.646..7414.879 rows=2539721 loops=1)
  Hash Cond: (mk.movie_id = t.id)
  ->  Seq Scan on movie_keyword mk  (cost=0.00..81003.12 rows=4175578 width=4) (actual time=0.024..1813.872 rows=4177434 loops=1)
        Filter: (keyword_id < 48048)
        Rows Removed by Filter: 346496
  ->  Hash  (cost=133119.61..133119.61 rows=283497 width=8) (actual time=3224.942..3224.942 rows=336821 loops=1)
        Buckets: 131072 (originally 131072)  Batches: 8 (originally 4)  Memory Usage: 3073kB
        ->  Hash Join  (cost=93117.31..133119.61 rows=283497 width=8) (actual time=1758.763..3118.180 rows=336821 loops=1)
              Hash Cond: (mi_idx.movie_id = t.id)
              ->  Seq Scan on movie_info_idx mi_idx  (cost=0.00..25185.44 rows=460978 width=4) (actual time=0.031..477.210 rows=459925 loops=1)
                    Filter: (info_type_id = 99)
                    Rows Removed by Filter: 920110
              ->  Hash  (cost=67604.59..67604.59 rows=1555018 width=4) (actual time=1758.004..1758.004 rows=1551727 loops=1)
                    Buckets: 131072  Batches: 32  Memory Usage: 2728kB
                    ->  Seq Scan on title t  (cost=0.00..67604.59 rows=1555018 width=4) (actual time=0.011..1260.953 rows=1551727 loops=1)
                          Filter: (production_year < 2007)
                          Rows Removed by Filter: 976585
Planning time: 6.670 ms
Execution time: 7722.082 ms
