Hash Join  (cost=217517.61..266072.99 rows=633090 width=0) (actual time=4761.613..6496.402 rows=1656717 loops=1)
  Hash Cond: (mi_idx.movie_id = t.id)
  ->  Seq Scan on movie_info_idx mi_idx  (cost=0.00..21735.35 rows=1380035 width=4) (actual time=0.030..512.756 rows=1380035 loops=1)
  ->  Hash  (cost=198486.13..198486.13 rows=1159959 width=8) (actual time=4760.705..4760.705 rows=1265771 loops=1)
        Buckets: 131072 (originally 131072)  Batches: 32 (originally 16)  Memory Usage: 3073kB
        ->  Hash Join  (cost=102767.86..198486.13 rows=1159959 width=8) (actual time=2226.316..4405.489 rows=1265771 loops=1)
              Hash Cond: (mc.movie_id = t.id)
              ->  Seq Scan on movie_companies mc  (cost=0.00..57926.93 rows=1159959 width=4) (actual time=340.403..1150.847 rows=1265771 loops=1)
                    Filter: ((company_id > 160) AND (company_type_id > 1))
                    Rows Removed by Filter: 1343358
              ->  Hash  (cost=61283.27..61283.27 rows=2528527 width=4) (actual time=1884.588..1884.588 rows=2528312 loops=1)
                    Buckets: 131072  Batches: 64  Memory Usage: 2415kB
                    ->  Seq Scan on title t  (cost=0.00..61283.27 rows=2528527 width=4) (actual time=0.022..1041.809 rows=2528312 loops=1)
Planning time: 1.212 ms
Execution time: 6666.958 ms
