Hash Join  (cost=190340.79..725964.88 rows=5231216 width=0) (actual time=4831.287..30029.163 rows=58892511 loops=1)
  Hash Cond: (mi.movie_id = t.id)
  ->  Seq Scan on movie_info mi  (cost=0.00..309384.22 rows=14739122 width=4) (actual time=0.018..6066.846 rows=14835720 loops=1)
  ->  Hash  (cost=175616.96..175616.96 rows=897426 width=8) (actual time=4830.165..4830.165 rows=1770929 loops=1)
        Buckets: 131072 (originally 131072)  Batches: 32 (originally 16)  Memory Usage: 3259kB
        ->  Hash Join  (cost=88195.18..175616.96 rows=897426 width=8) (actual time=1475.038..4288.084 rows=1770929 loops=1)
              Hash Cond: (mc.movie_id = t.id)
              ->  Seq Scan on movie_companies mc  (cost=0.00..44881.29 rows=2609129 width=4) (actual time=0.013..877.006 rows=2609129 loops=1)
              ->  Hash  (cost=73925.90..73925.90 rows=869702 width=4) (actual time=1474.006..1474.006 rows=896788 loops=1)
                    Buckets: 131072  Batches: 16  Memory Usage: 2998kB
                    ->  Seq Scan on title t  (cost=0.00..73925.90 rows=869702 width=4) (actual time=0.013..1205.445 rows=896788 loops=1)
                          Filter: ((kind_id < 7) AND (production_year < 2012))
                          Rows Removed by Filter: 1631524
Planning time: 1.206 ms
Execution time: 35712.557 ms
