Hash Join  (cost=505750.53..1710008.27 rows=16592958 width=0) (actual time=8398.459..59544.843 rows=76154311 loops=1)
  Hash Cond: (ci.movie_id = t.id)
  ->  Seq Scan on cast_info ci  (cost=0.00..614943.12 rows=36225612 width=4) (actual time=0.019..13510.923 rows=36244344 loops=1)
  ->  Hash  (cost=486748.29..486748.29 rows=1158179 width=8) (actual time=8397.722..8397.722 rows=1204709 loops=1)
        Buckets: 131072  Batches: 16  Memory Usage: 3882kB
        ->  Hash Join  (cost=102767.86..486748.29 rows=1158179 width=8) (actual time=2322.398..8024.884 rows=1204709 loops=1)
              Hash Cond: (mi.movie_id = t.id)
              ->  Seq Scan on movie_info mi  (cost=0.00..346232.03 rows=1158179 width=4) (actual time=428.590..4695.885 rows=1204709 loops=1)
                    Filter: (info_type_id > 18)
                    Rows Removed by Filter: 13631011
              ->  Hash  (cost=61283.27..61283.27 rows=2528527 width=4) (actual time=1891.400..1891.400 rows=2528312 loops=1)
                    Buckets: 131072  Batches: 64  Memory Usage: 2425kB
                    ->  Seq Scan on title t  (cost=0.00..61283.27 rows=2528527 width=4) (actual time=0.026..1013.535 rows=2528312 loops=1)
Planning time: 1.342 ms
Execution time: 68084.869 ms
