Seq Scan on movie_companies mc  (cost=0.00..57926.93 rows=53 width=0) (actual time=357.120..968.586 rows=15 loops=1)
  Filter: ((company_type_id > 1) AND (company_id = 1942))
  Rows Removed by Filter: 2609114
Planning time: 0.403 ms
Execution time: 968.695 ms
