Hash Join  (cost=191999.48..1363177.68 rows=13372803 width=0) (actual time=4273.815..39366.755 rows=14261872 loops=1)
  Hash Cond: (ci.movie_id = t.id)
  ->  Seq Scan on cast_info ci  (cost=0.00..614943.12 rows=36225612 width=4) (actual time=0.013..13312.127 rows=36244344 loops=1)
  ->  Hash  (cost=176684.81..176684.81 rows=933414 width=8) (actual time=4272.833..4272.833 rows=363317 loops=1)
        Buckets: 131072  Batches: 16  Memory Usage: 1891kB
        ->  Hash Join  (cost=88767.14..176684.81 rows=933414 width=8) (actual time=1679.387..4162.633 rows=363317 loops=1)
              Hash Cond: (mc.movie_id = t.id)
              ->  Seq Scan on movie_companies mc  (cost=0.00..44881.29 rows=2609129 width=4) (actual time=0.017..885.818 rows=2609129 loops=1)
              ->  Hash  (cost=73925.90..73925.90 rows=904579 width=4) (actual time=1678.593..1678.593 rows=992072 loops=1)
                    Buckets: 131072  Batches: 16  Memory Usage: 3212kB
                    ->  Seq Scan on title t  (cost=0.00..73925.90 rows=904579 width=4) (actual time=260.659..1362.643 rows=992072 loops=1)
                          Filter: ((production_year > 1998) AND (kind_id = 7))
                          Rows Removed by Filter: 1536240
Planning time: 1.165 ms
Execution time: 40957.973 ms
