Hash Join  (cost=91362.58..842873.46 rows=1115729 width=0) (actual time=1870.739..15109.640 rows=1157462 loops=1)
  Hash Cond: (ci.movie_id = t.id)
  ->  Seq Scan on cast_info ci  (cost=0.00..705507.15 rows=2654516 width=4) (actual time=145.057..10726.875 rows=2610290 loops=1)
        Filter: (person_id < 250937)
        Rows Removed by Filter: 33634054
  ->  Hash  (cost=73925.90..73925.90 rows=1062774 width=4) (actual time=1723.900..1723.900 rows=1157083 loops=1)
        Buckets: 131072  Batches: 16  Memory Usage: 3575kB
        ->  Seq Scan on title t  (cost=0.00..73925.90 rows=1062774 width=4) (actual time=0.021..1366.191 rows=1157083 loops=1)
              Filter: ((kind_id > 4) AND (production_year > 1991))
              Rows Removed by Filter: 1371229
Planning time: 0.767 ms
Execution time: 15250.589 ms
