Seq Scan on movie_companies mc  (cost=0.00..51404.11 rows=2056693 width=0) (actual time=0.020..643.106 rows=2060391 loops=1)
  Filter: (company_id > 554)
  Rows Removed by Filter: 548738
Planning time: 0.338 ms
Execution time: 851.761 ms
