Hash Join  (cost=251550.16..1092770.75 rows=1299818 width=0) (actual time=11317.863..26248.224 rows=13872468 loops=1)
  Hash Cond: (ci.movie_id = t.id)
  ->  Seq Scan on cast_info ci  (cost=0.00..796071.18 rows=2297128 width=4) (actual time=5334.042..14719.203 rows=3670424 loops=1)
        Filter: ((person_id > 1664588) AND (role_id = 10))
        Rows Removed by Filter: 32573920
  ->  Hash  (cost=228076.74..228076.74 rows=1430754 width=8) (actual time=5982.394..5982.394 rows=1446350 loops=1)
        Buckets: 131072  Batches: 32  Memory Usage: 2779kB
        ->  Hash Join  (cost=102767.86..228076.74 rows=1430754 width=8) (actual time=2082.553..5529.294 rows=1446350 loops=1)
              Hash Cond: (mk.movie_id = t.id)
              ->  Seq Scan on movie_keyword mk  (cost=0.00..81003.12 rows=1430754 width=4) (actual time=0.035..1543.629 rows=1446350 loops=1)
                    Filter: (keyword_id < 2028)
                    Rows Removed by Filter: 3077580
              ->  Hash  (cost=61283.27..61283.27 rows=2528527 width=4) (actual time=2081.564..2081.564 rows=2528312 loops=1)
                    Buckets: 131072  Batches: 64  Memory Usage: 2425kB
                    ->  Seq Scan on title t  (cost=0.00..61283.27 rows=2528527 width=4) (actual time=0.018..1226.405 rows=2528312 loops=1)
Planning time: 1.212 ms
Execution time: 27854.287 ms
