Hash Join  (cost=52284.99..416946.98 rows=606 width=0) (actual time=1545.604..7577.212 rows=273 loops=1)
  Hash Cond: (mi.movie_id = t.id)
  ->  Seq Scan on movie_info mi  (cost=0.00..309384.22 rows=14739122 width=4) (actual time=0.025..4188.659 rows=14835720 loops=1)
  ->  Hash  (cost=52283.69..52283.69 rows=104 width=8) (actual time=748.184..748.184 rows=32 loops=1)
        Buckets: 1024  Batches: 1  Memory Usage: 10kB
        ->  Nested Loop  (cost=0.43..52283.69 rows=104 width=8) (actual time=44.706..748.141 rows=32 loops=1)
              ->  Seq Scan on movie_companies mc  (cost=0.00..51404.11 rows=104 width=4) (actual time=44.606..746.426 rows=32 loops=1)
                    Filter: (company_id = 4106)
                    Rows Removed by Filter: 2609097
              ->  Index Only Scan using title_pkey on title t  (cost=0.43..8.45 rows=1 width=4) (actual time=0.046..0.049 rows=1 loops=32)
                    Index Cond: (id = mc.movie_id)
                    Heap Fetches: 32
Planning time: 2.165 ms
Execution time: 7577.501 ms
