Hash Join  (cost=83074.74..142928.79 rows=219 width=0) (actual time=1226.824..2579.430 rows=7808 loops=1)
  Hash Cond: (mc.movie_id = t.id)
  ->  Seq Scan on movie_companies mc  (cost=0.00..51404.11 rows=2252730 width=4) (actual time=0.010..1012.609 rows=2258452 loops=1)
        Filter: (company_id > 166)
        Rows Removed by Filter: 350677
  ->  Hash  (cost=83071.67..83071.67 rows=246 width=8) (actual time=1226.578..1226.578 rows=941 loops=1)
        Buckets: 1024  Batches: 1  Memory Usage: 45kB
        ->  Nested Loop  (cost=0.43..83071.67 rows=246 width=8) (actual time=0.194..1225.902 rows=941 loops=1)
              ->  Seq Scan on movie_keyword mk  (cost=0.00..81003.12 rows=246 width=4) (actual time=0.158..1186.666 rows=941 loops=1)
                    Filter: (keyword_id = 8816)
                    Rows Removed by Filter: 4522989
              ->  Index Only Scan using title_pkey on title t  (cost=0.43..8.40 rows=1 width=4) (actual time=0.040..0.040 rows=1 loops=941)
                    Index Cond: (id = mk.movie_id)
                    Heap Fetches: 941
Planning time: 0.764 ms
Execution time: 2580.808 ms
