Hash Join  (cost=78556.72..157614.95 rows=465537 width=0) (actual time=1376.920..3560.813 rows=1119011 loops=1)
  Hash Cond: (mc.movie_id = t.id)
  ->  Seq Scan on movie_companies mc  (cost=0.00..51404.11 rows=1763397 width=4) (actual time=0.013..1015.248 rows=1768237 loops=1)
        Filter: (company_id > 2215)
        Rows Removed by Filter: 840892
  ->  Hash  (cost=67604.59..67604.59 rows=667531 width=4) (actual time=1376.006..1376.006 rows=662825 loops=1)
        Buckets: 131072  Batches: 16  Memory Usage: 2476kB
        ->  Seq Scan on title t  (cost=0.00..67604.59 rows=667531 width=4) (actual time=0.014..1165.358 rows=662825 loops=1)
              Filter: (kind_id = 1)
              Rows Removed by Filter: 1865487
Planning time: 0.848 ms
Execution time: 3674.401 ms
