Nested Loop  (cost=0.43..799702.19 rows=435 width=0) (actual time=11668.970..14432.940 rows=1 loops=1)
  ->  Seq Scan on cast_info ci  (cost=0.00..796071.18 rows=435 width=4) (actual time=11668.882..14432.850 rows=1 loops=1)
        Filter: ((role_id < 10) AND (person_id = 2943324))
        Rows Removed by Filter: 36244343
  ->  Index Only Scan using title_pkey on title t  (cost=0.43..8.34 rows=1 width=4) (actual time=0.061..0.063 rows=1 loops=1)
        Index Cond: (id = ci.movie_id)
        Heap Fetches: 1
Planning time: 2.255 ms
Execution time: 14433.007 ms
