Seq Scan on movie_keyword mk  (cost=0.00..81003.12 rows=219351 width=0) (actual time=0.021..1299.783 rows=221203 loops=1)
  Filter: (keyword_id > 64535)
  Rows Removed by Filter: 4302727
Planning time: 3.322 ms
Execution time: 1329.502 ms
