Hash Join  (cost=450982.06..1261243.18 rows=132710 width=0) (actual time=13985.247..20227.551 rows=266354 loops=1)
  Hash Cond: (ci.movie_id = t.id)
  ->  Seq Scan on cast_info ci  (cost=0.00..796071.18 rows=998892 width=4) (actual time=6612.757..12195.531 rows=924390 loops=1)
        Filter: ((person_id < 1302040) AND (role_id = 4))
        Rows Removed by Filter: 35319954
  ->  Hash  (cost=445469.88..445469.88 rows=335934 width=8) (actual time=7371.364..7371.364 rows=705350 loops=1)
        Buckets: 131072 (originally 131072)  Batches: 16 (originally 8)  Memory Usage: 3073kB
        ->  Hash Join  (cost=78556.72..445469.88 rows=335934 width=8) (actual time=2896.313..7155.937 rows=705350 loops=1)
              Hash Cond: (mi.movie_id = t.id)
              ->  Seq Scan on movie_info mi  (cost=0.00..346232.03 rows=1272478 width=4) (actual time=1271.454..4852.592 rows=1325361 loops=1)
                    Filter: (info_type_id = 8)
                    Rows Removed by Filter: 13510359
              ->  Hash  (cost=67604.59..67604.59 rows=667531 width=4) (actual time=1345.202..1345.202 rows=662825 loops=1)
                    Buckets: 131072  Batches: 16  Memory Usage: 2485kB
                    ->  Seq Scan on title t  (cost=0.00..67604.59 rows=667531 width=4) (actual time=0.023..1141.718 rows=662825 loops=1)
                          Filter: (kind_id = 1)
                          Rows Removed by Filter: 1865487
Planning time: 1.216 ms
Execution time: 20259.504 ms
