Hash Join  (cost=475192.00..610780.30 rows=1115126 width=0) (actual time=8369.149..11231.765 rows=56654 loops=1)
  Hash Cond: (mk.movie_id = t.id)
  ->  Seq Scan on movie_keyword mk  (cost=0.00..69693.30 rows=4523930 width=4) (actual time=0.014..1513.007 rows=4523930 loops=1)
  ->  Hash  (cost=464966.14..464966.14 rows=623269 width=8) (actual time=7929.407..7929.407 rows=12274 loops=1)
        Buckets: 131072  Batches: 16  Memory Usage: 1061kB
        ->  Hash Join  (cost=90606.68..464966.14 rows=623269 width=8) (actual time=2363.612..7923.847 rows=12274 loops=1)
              Hash Cond: (mi.movie_id = t.id)
              ->  Seq Scan on movie_info mi  (cost=0.00..346232.03 rows=1550064 width=4) (actual time=683.454..5381.649 rows=1533909 loops=1)
                    Filter: (info_type_id = 3)
                    Rows Removed by Filter: 13301811
              ->  Hash  (cost=73925.90..73925.90 rows=1016702 width=4) (actual time=1678.990..1678.990 rows=960113 loops=1)
                    Buckets: 131072  Batches: 16  Memory Usage: 3141kB
                    ->  Seq Scan on title t  (cost=0.00..73925.90 rows=1016702 width=4) (actual time=0.044..1379.579 rows=960113 loops=1)
                          Filter: ((production_year < 2008) AND (kind_id = 7))
                          Rows Removed by Filter: 1568199
Planning time: 1.425 ms
Execution time: 11238.557 ms
