Hash Join  (cost=58358.64..431724.49 rows=57 width=0) (actual time=1401.694..7883.365 rows=9 loops=1)
  Hash Cond: (mi.movie_id = t.id)
  ->  Seq Scan on movie_info mi  (cost=0.00..346232.03 rows=7235534 width=4) (actual time=170.363..5965.415 rows=7286865 loops=1)
        Filter: (info_type_id < 8)
        Rows Removed by Filter: 7548855
  ->  Hash  (cost=58358.39..58358.39 rows=20 width=8) (actual time=939.981..939.981 rows=1 loops=1)
        Buckets: 1024  Batches: 1  Memory Usage: 9kB
        ->  Nested Loop  (cost=0.43..58358.39 rows=20 width=8) (actual time=674.016..939.973 rows=1 loops=1)
              ->  Seq Scan on movie_companies mc  (cost=0.00..57926.93 rows=51 width=4) (actual time=673.956..939.911 rows=1 loops=1)
                    Filter: ((company_type_id < 2) AND (company_id = 66567))
                    Rows Removed by Filter: 2609128
              ->  Index Scan using title_pkey on title t  (cost=0.43..8.45 rows=1 width=4) (actual time=0.051..0.052 rows=1 loops=1)
                    Index Cond: (id = mc.movie_id)
                    Filter: (kind_id < 6)
Planning time: 1.243 ms
Execution time: 7883.497 ms
