Hash Join  (cost=83073.34..110000.96 rows=6 width=0) (actual time=1389.772..1820.934 rows=8 loops=1)
  Hash Cond: (mi_idx.movie_id = t.id)
  ->  Seq Scan on movie_info_idx mi_idx  (cost=0.00..25185.44 rows=464566 width=4) (actual time=0.017..449.190 rows=459925 loops=1)
        Filter: (info_type_id = 101)
        Rows Removed by Filter: 920110
  ->  Hash  (cost=83072.90..83072.90 rows=35 width=8) (actual time=1309.543..1309.543 rows=8 loops=1)
        Buckets: 1024  Batches: 1  Memory Usage: 9kB
        ->  Nested Loop  (cost=0.43..83072.90 rows=35 width=8) (actual time=503.750..1309.523 rows=8 loops=1)
              ->  Seq Scan on movie_keyword mk  (cost=0.00..81003.12 rows=246 width=4) (actual time=143.872..1305.846 rows=53 loops=1)
                    Filter: (keyword_id = 55591)
                    Rows Removed by Filter: 4523877
              ->  Index Scan using title_pkey on title t  (cost=0.43..8.40 rows=1 width=4) (actual time=0.064..0.065 rows=0 loops=53)
                    Index Cond: (id = mk.movie_id)
                    Filter: ((kind_id < 7) AND (production_year < 1998))
                    Rows Removed by Filter: 1
Planning time: 1.209 ms
Execution time: 1821.107 ms
