Hash Join  (cost=70308.29..1043196.36 rows=1423132 width=0) (actual time=1188.980..25036.769 rows=1319794 loops=1)
  Hash Cond: (ci.movie_id = t.id)
  ->  Seq Scan on cast_info ci  (cost=0.00..705507.15 rows=21838293 width=4) (actual time=0.033..14640.491 rows=21699942 loops=1)
        Filter: (person_id < 2204711)
        Rows Removed by Filter: 14544402
  ->  Hash  (cost=67604.59..67604.59 rows=164776 width=4) (actual time=1187.914..1187.914 rows=164307 loops=1)
        Buckets: 131072  Batches: 4  Memory Usage: 2482kB
        ->  Seq Scan on title t  (cost=0.00..67604.59 rows=164776 width=4) (actual time=0.804..1129.436 rows=164307 loops=1)
              Filter: (production_year = 2012)
              Rows Removed by Filter: 2364005
Planning time: 0.826 ms
Execution time: 25189.419 ms
