Hash Join  (cost=188159.73..1409646.24 rows=18270129 width=0) (actual time=4478.203..48270.992 rows=40338535 loops=1)
  Hash Cond: (ci.movie_id = t.id)
  ->  Seq Scan on cast_info ci  (cost=0.00..614943.12 rows=36225612 width=4) (actual time=0.021..13650.269 rows=36244344 loops=1)
  ->  Hash  (cost=167237.16..167237.16 rows=1275245 width=8) (actual time=4477.400..4477.400 rows=1340645 loops=1)
        Buckets: 131072  Batches: 32  Memory Usage: 2663kB
        ->  Hash Join  (cost=105939.19..167237.16 rows=1275245 width=8) (actual time=2201.912..4107.333 rows=1340645 loops=1)
              Hash Cond: (mi_idx.movie_id = t.id)
              ->  Seq Scan on movie_info_idx mi_idx  (cost=0.00..21735.35 rows=1380035 width=4) (actual time=0.011..471.337 rows=1380035 loops=1)
              ->  Hash  (cost=67604.59..67604.59 rows=2336528 width=4) (actual time=2200.665..2200.665 rows=2328360 loops=1)
                    Buckets: 131072  Batches: 32  Memory Usage: 3585kB
                    ->  Seq Scan on title t  (cost=0.00..67604.59 rows=2336528 width=4) (actual time=0.022..1441.519 rows=2328360 loops=1)
                          Filter: (production_year > 1934)
                          Rows Removed by Filter: 199952
Planning time: 1.118 ms
Execution time: 52985.909 ms
