Hash Join  (cost=260477.93..865032.35 rows=9964661 width=0) (actual time=5784.884..19052.365 rows=5588528 loops=1)
  Hash Cond: (mi.movie_id = t.id)
  ->  Seq Scan on movie_info mi  (cost=0.00..309384.22 rows=14739122 width=4) (actual time=0.004..6153.681 rows=14835720 loops=1)
  ->  Hash  (cost=232431.71..232431.71 rows=1709458 width=8) (actual time=5783.429..5783.429 rows=461591 loops=1)
        Buckets: 131072  Batches: 32  Memory Usage: 1555kB
        ->  Hash Join  (cost=89602.09..232431.71 rows=1709458 width=8) (actual time=1629.451..5648.216 rows=461591 loops=1)
              Hash Cond: (mk.movie_id = t.id)
              ->  Seq Scan on movie_keyword mk  (cost=0.00..69693.30 rows=4523930 width=4) (actual time=0.020..1545.297 rows=4523930 loops=1)
              ->  Hash  (cost=73925.90..73925.90 rows=955455 width=4) (actual time=1627.751..1627.751 rows=885784 loops=1)
                    Buckets: 131072  Batches: 16  Memory Usage: 2977kB
                    ->  Seq Scan on title t  (cost=0.00..73925.90 rows=955455 width=4) (actual time=0.099..1338.937 rows=885784 loops=1)
                          Filter: ((kind_id > 4) AND (production_year < 2007))
                          Rows Removed by Filter: 1642528
Planning time: 1.157 ms
Execution time: 19565.163 ms
