Hash Join  (cost=161332.55..545892.28 rows=147990 width=0) (actual time=2861.495..11383.841 rows=4467896 loops=1)
  Hash Cond: (mi.movie_id = t.id)
  ->  Seq Scan on movie_info mi  (cost=0.00..309384.22 rows=14739122 width=4) (actual time=0.014..4054.635 rows=14835720 loops=1)
  ->  Hash  (cost=161015.20..161015.20 rows=25388 width=8) (actual time=2861.235..2861.235 rows=66025 loops=1)
        Buckets: 131072 (originally 32768)  Batches: 1 (originally 1)  Memory Usage: 3604kB
        ->  Hash Join  (cost=74103.28..161015.20 rows=25388 width=8) (actual time=981.743..2839.079 rows=66025 loops=1)
              Hash Cond: (mk.movie_id = t.id)
              ->  Seq Scan on movie_keyword mk  (cost=0.00..69693.30 rows=4523930 width=4) (actual time=0.021..980.798 rows=4523930 loops=1)
              ->  Hash  (cost=73925.90..73925.90 rows=14190 width=4) (actual time=980.589..980.589 rows=12208 loops=1)
                    Buckets: 16384  Batches: 1  Memory Usage: 558kB
                    ->  Seq Scan on title t  (cost=0.00..73925.90 rows=14190 width=4) (actual time=0.135..974.651 rows=12208 loops=1)
                          Filter: ((kind_id < 7) AND (production_year = 1996))
                          Rows Removed by Filter: 2516104
Planning time: 1.158 ms
Execution time: 11921.251 ms
