Hash Join  (cost=80830.47..428945.61 rows=2985 width=0) (actual time=1875.568..6780.922 rows=6619 loops=1)
  Hash Cond: (mi.movie_id = t.id)
  ->  Seq Scan on movie_info mi  (cost=0.00..346232.03 rows=17937 width=4) (actual time=548.642..5366.924 rows=6620 loops=1)
        Filter: (info_type_id = 65)
        Rows Removed by Filter: 14829100
  ->  Hash  (cost=73925.90..73925.90 rows=420845 width=4) (actual time=1326.075..1326.075 rows=517968 loops=1)
        Buckets: 131072  Batches: 8  Memory Usage: 3321kB
        ->  Seq Scan on title t  (cost=0.00..73925.90 rows=420845 width=4) (actual time=0.027..1152.632 rows=517968 loops=1)
              Filter: ((kind_id < 7) AND (production_year < 2001))
              Rows Removed by Filter: 2010344
Planning time: 5.860 ms
Execution time: 6781.853 ms
