Hash Join  (cost=263115.61..1441585.71 rows=19585630 width=0) (actual time=6235.959..42373.785 rows=41669387 loops=1)
  Hash Cond: (ci.movie_id = t.id)
  ->  Seq Scan on cast_info ci  (cost=0.00..705507.15 rows=18980585 width=4) (actual time=0.018..14892.995 rows=18890241 loops=1)
        Filter: (person_id < 1882459)
        Rows Removed by Filter: 17354103
  ->  Hash  (cost=220309.49..220309.49 rows=2609129 width=8) (actual time=6234.810..6234.810 rows=2609129 loops=1)
        Buckets: 131072  Batches: 64  Memory Usage: 2610kB
        ->  Hash Join  (cost=102767.86..220309.49 rows=2609129 width=8) (actual time=1977.758..5500.797 rows=2609129 loops=1)
              Hash Cond: (mc.movie_id = t.id)
              ->  Seq Scan on movie_companies mc  (cost=0.00..44881.29 rows=2609129 width=4) (actual time=0.016..992.932 rows=2609129 loops=1)
              ->  Hash  (cost=61283.27..61283.27 rows=2528527 width=4) (actual time=1976.124..1976.124 rows=2528312 loops=1)
                    Buckets: 131072  Batches: 64  Memory Usage: 2415kB
                    ->  Seq Scan on title t  (cost=0.00..61283.27 rows=2528527 width=4) (actual time=0.015..1146.262 rows=2528312 loops=1)
Planning time: 0.791 ms
Execution time: 47016.341 ms
