Hash Join  (cost=203168.76..586942.44 rows=838985 width=0) (actual time=4378.086..12336.037 rows=4342631 loops=1)
  Hash Cond: (mi.movie_id = t.id)
  ->  Seq Scan on movie_info mi  (cost=0.00..346232.03 rows=2194617 width=4) (actual time=0.023..5712.210 rows=2233850 loops=1)
        Filter: (info_type_id > 16)
        Rows Removed by Filter: 12601870
  ->  Hash  (cost=187309.80..187309.80 rows=966636 width=8) (actual time=4377.164..4377.164 rows=976779 loops=1)
        Buckets: 131072  Batches: 16  Memory Usage: 3435kB
        ->  Hash Join  (cost=102767.86..187309.80 rows=966636 width=8) (actual time=1847.356..4082.894 rows=976779 loops=1)
              Hash Cond: (mc.movie_id = t.id)
              ->  Seq Scan on movie_companies mc  (cost=0.00..51404.11 rows=966636 width=4) (actual time=0.014..975.107 rows=976779 loops=1)
                    Filter: (company_id > 17460)
                    Rows Removed by Filter: 1632350
              ->  Hash  (cost=61283.27..61283.27 rows=2528527 width=4) (actual time=1846.548..1846.548 rows=2528312 loops=1)
                    Buckets: 131072  Batches: 64  Memory Usage: 2415kB
                    ->  Seq Scan on title t  (cost=0.00..61283.27 rows=2528527 width=4) (actual time=0.018..991.676 rows=2528312 loops=1)
Planning time: 1.140 ms
Execution time: 12828.243 ms
