Hash Join  (cost=365418.15..1685990.80 rows=31021875 width=0) (actual time=9062.969..54988.485 rows=100444403 loops=1)
  Hash Cond: (ci.movie_id = t.id)
  ->  Seq Scan on cast_info ci  (cost=0.00..705507.15 rows=17338829 width=4) (actual time=0.025..14517.155 rows=17461408 loops=1)
        Filter: (person_id > 1871989)
        Rows Removed by Filter: 18782936
  ->  Hash  (cost=291197.02..291197.02 rows=4523930 width=8) (actual time=9061.348..9061.348 rows=4523930 loops=1)
        Buckets: 131072  Batches: 64  Memory Usage: 3816kB
        ->  Hash Join  (cost=102767.86..291197.02 rows=4523930 width=8) (actual time=2599.177..7762.347 rows=4523930 loops=1)
              Hash Cond: (mk.movie_id = t.id)
              ->  Seq Scan on movie_keyword mk  (cost=0.00..69693.30 rows=4523930 width=4) (actual time=0.017..1451.967 rows=4523930 loops=1)
              ->  Hash  (cost=61283.27..61283.27 rows=2528527 width=4) (actual time=2597.191..2597.191 rows=2528312 loops=1)
                    Buckets: 131072  Batches: 64  Memory Usage: 2425kB
                    ->  Seq Scan on title t  (cost=0.00..61283.27 rows=2528527 width=4) (actual time=0.020..1198.425 rows=2528312 loops=1)
Planning time: 1.073 ms
Execution time: 65528.093 ms
