Hash Join  (cost=173835.85..297595.45 rows=144256 width=0) (actual time=3464.263..6778.641 rows=1262536 loops=1)
  Hash Cond: (mk.movie_id = t.id)
  ->  Seq Scan on movie_keyword mk  (cost=0.00..69693.30 rows=4523930 width=4) (actual time=0.022..1471.755 rows=4523930 loops=1)
  ->  Hash  (cost=172513.00..172513.00 rows=80628 width=8) (actual time=3463.482..3463.482 rows=156732 loops=1)
        Buckets: 131072 (originally 131072)  Batches: 4 (originally 2)  Memory Usage: 3073kB
        ->  Hash Join  (cost=102767.86..172513.00 rows=80628 width=8) (actual time=2620.382..3407.720 rows=156732 loops=1)
              Hash Cond: (mc.movie_id = t.id)
              ->  Seq Scan on movie_companies mc  (cost=0.00..57926.93 rows=80628 width=4) (actual time=562.612..830.618 rows=156732 loops=1)
                    Filter: ((company_id > 129194) AND (company_type_id > 1))
                    Rows Removed by Filter: 2452397
              ->  Hash  (cost=61283.27..61283.27 rows=2528527 width=4) (actual time=2056.659..2056.659 rows=2528312 loops=1)
                    Buckets: 131072  Batches: 64  Memory Usage: 2415kB
                    ->  Seq Scan on title t  (cost=0.00..61283.27 rows=2528527 width=4) (actual time=0.013..1219.830 rows=2528312 loops=1)
Planning time: 1.156 ms
Execution time: 6911.003 ms
