Hash Join  (cost=100831.63..941360.72 rows=94406 width=0) (actual time=1764.704..19862.545 rows=181148 loops=1)
  Hash Cond: (ci.movie_id = t.id)
  ->  Seq Scan on cast_info ci  (cost=0.00..796071.18 rows=11603689 width=4) (actual time=0.023..15735.753 rows=10448980 loops=1)
        Filter: ((person_id > 299472) AND (role_id = 1))
        Rows Removed by Filter: 25795364
  ->  Hash  (cost=100574.48..100574.48 rows=20572 width=8) (actual time=1764.176..1764.176 rows=27850 loops=1)
        Buckets: 32768  Batches: 1  Memory Usage: 1344kB
        ->  Hash Join  (cost=69484.36..100574.48 rows=20572 width=8) (actual time=1074.680..1754.075 rows=27850 loops=1)
              Hash Cond: (mi_idx.movie_id = t.id)
              ->  Seq Scan on movie_info_idx mi_idx  (cost=0.00..25185.44 rows=454124 width=4) (actual time=0.034..483.399 rows=459925 loops=1)
                    Filter: (info_type_id = 100)
                    Rows Removed by Filter: 920110
              ->  Hash  (cost=67604.59..67604.59 rows=114542 width=4) (actual time=1073.958..1073.958 rows=118234 loops=1)
                    Buckets: 131072  Batches: 2  Memory Usage: 3101kB
                    ->  Seq Scan on title t  (cost=0.00..67604.59 rows=114542 width=4) (actual time=0.018..1030.353 rows=118234 loops=1)
                          Filter: (kind_id = 4)
                          Rows Removed by Filter: 2410078
Planning time: 1.198 ms
Execution time: 19887.649 ms
