Hash Join  (cost=263115.61..1411642.79 rows=14485465 width=0) (actual time=6834.374..36860.928 rows=24948505 loops=1)
  Hash Cond: (ci.movie_id = t.id)
  ->  Seq Scan on cast_info ci  (cost=0.00..796071.18 rows=14037976 width=4) (actual time=0.023..17822.831 rows=11249298 loops=1)
        Filter: ((person_id < 3187054) AND (role_id > 2))
        Rows Removed by Filter: 24995046
  ->  Hash  (cost=220309.49..220309.49 rows=2609129 width=8) (actual time=6833.472..6833.472 rows=2609129 loops=1)
        Buckets: 131072  Batches: 64  Memory Usage: 2610kB
        ->  Hash Join  (cost=102767.86..220309.49 rows=2609129 width=8) (actual time=2250.135..6060.029 rows=2609129 loops=1)
              Hash Cond: (mc.movie_id = t.id)
              ->  Seq Scan on movie_companies mc  (cost=0.00..44881.29 rows=2609129 width=4) (actual time=0.014..989.632 rows=2609129 loops=1)
              ->  Hash  (cost=61283.27..61283.27 rows=2528527 width=4) (actual time=2248.934..2248.934 rows=2528312 loops=1)
                    Buckets: 131072  Batches: 64  Memory Usage: 2415kB
                    ->  Seq Scan on title t  (cost=0.00..61283.27 rows=2528527 width=4) (actual time=0.013..1241.291 rows=2528312 loops=1)
Planning time: 1.270 ms
Execution time: 39425.325 ms
