Hash Join  (cost=283335.26..408661.56 rows=1145777 width=146) (actual time=7360.925..9692.073 rows=665661 loops=1)
  Hash Cond: (mc.movie_id = t.id)
  ->  Seq Scan on movie_companies mc  (cost=0.00..44881.29 rows=2609129 width=40) (actual time=0.018..974.208 rows=2609129 loops=1)
  ->  Hash  (cost=251020.48..251020.48 rows=1110382 width=106) (actual time=6951.504..6951.504 rows=282043 loops=1)
        Buckets: 32768  Batches: 64  Memory Usage: 876kB
        ->  Hash Join  (cost=109435.59..251020.48 rows=1110382 width=106) (actual time=3563.965..6768.565 rows=282043 loops=1)
              Hash Cond: (mk.movie_id = t.id)
              ->  Seq Scan on movie_keyword mk  (cost=0.00..81003.12 rows=1822190 width=12) (actual time=0.010..1857.328 rows=1826370 loops=1)
                    Filter: (keyword_id > 7633)
                    Rows Removed by Filter: 2697560
              ->  Hash  (cost=67604.59..67604.59 rows=1540800 width=94) (actual time=2934.998..2934.998 rows=1543264 loops=1)
                    Buckets: 32768  Batches: 64  Memory Usage: 3017kB
                    ->  Seq Scan on title t  (cost=0.00..67604.59 rows=1540800 width=94) (actual time=0.008..1487.813 rows=1543264 loops=1)
                          Filter: (kind_id = 7)
                          Rows Removed by Filter: 985048
Planning time: 4.520 ms
Execution time: 9730.121 ms
