Hash Join  (cost=90606.68..1167711.26 rows=9485638 width=0) (actual time=1734.535..29345.341 rows=8159457 loops=1)
  Hash Cond: (ci.movie_id = t.id)
  ->  Seq Scan on cast_info ci  (cost=0.00..705507.15 rows=23590681 width=4) (actual time=0.018..14152.448 rows=23662696 loops=1)
        Filter: (person_id > 1240822)
        Rows Removed by Filter: 12581648
  ->  Hash  (cost=73925.90..73925.90 rows=1016702 width=4) (actual time=1733.560..1733.560 rows=960113 loops=1)
        Buckets: 131072  Batches: 16  Memory Usage: 3135kB
        ->  Seq Scan on title t  (cost=0.00..73925.90 rows=1016702 width=4) (actual time=0.013..1424.008 rows=960113 loops=1)
              Filter: ((production_year < 2008) AND (kind_id = 7))
              Rows Removed by Filter: 1568199
Planning time: 0.707 ms
Execution time: 30266.571 ms
