Hash Join  (cost=120992.22..1058864.43 rows=559711 width=0) (actual time=3331.020..25159.527 rows=1724811 loops=1)
  Hash Cond: (ci.movie_id = t.id)
  ->  Seq Scan on cast_info ci  (cost=0.00..796071.18 rows=11738913 width=4) (actual time=0.016..16768.087 rows=10678240 loops=1)
        Filter: ((person_id > 266169) AND (role_id < 2))
        Rows Removed by Filter: 25566104
  ->  Hash  (cost=119014.22..119014.22 rows=120560 width=8) (actual time=3330.134..3330.134 rows=197804 loops=1)
        Buckets: 131072 (originally 131072)  Batches: 4 (originally 2)  Memory Usage: 3073kB
        ->  Hash Join  (cost=84683.68..119014.22 rows=120560 width=8) (actual time=2298.138..3258.717 rows=197804 loops=1)
              Hash Cond: (mi_idx.movie_id = t.id)
              ->  Seq Scan on movie_info_idx mi_idx  (cost=0.00..25185.44 rows=464934 width=4) (actual time=0.022..557.733 rows=460185 loops=1)
                    Filter: (info_type_id > 100)
                    Rows Removed by Filter: 919850
              ->  Hash  (cost=73925.90..73925.90 rows=655662 width=4) (actual time=2296.193..2296.193 rows=528362 loops=1)
                    Buckets: 131072  Batches: 16  Memory Usage: 2181kB
                    ->  Seq Scan on title t  (cost=0.00..73925.90 rows=655662 width=4) (actual time=817.376..2124.443 rows=528362 loops=1)
                          Filter: ((kind_id < 4) AND (production_year > 1981))
                          Rows Removed by Filter: 1999950
Planning time: 1.771 ms
Execution time: 25359.675 ms
