Hash Join  (cost=155965.51..909556.84 rows=280215 width=0) (actual time=2755.743..19965.555 rows=612981 loops=1)
  Hash Cond: (ci.movie_id = t.id)
  ->  Seq Scan on cast_info ci  (cost=0.00..614943.12 rows=36225612 width=4) (actual time=0.017..8937.708 rows=36244344 loops=1)
  ->  Hash  (cost=155721.02..155721.02 rows=19559 width=8) (actual time=2755.182..2755.182 rows=11364 loops=1)
        Buckets: 32768  Batches: 1  Memory Usage: 700kB
        ->  Hash Join  (cost=69928.56..155721.02 rows=19559 width=8) (actual time=1242.174..2750.651 rows=11364 loops=1)
              Hash Cond: (mk.movie_id = t.id)
              ->  Seq Scan on movie_keyword mk  (cost=0.00..81003.12 rows=349264 width=4) (actual time=0.011..1355.309 rows=363692 loops=1)
                    Filter: (keyword_id < 335)
                    Rows Removed by Filter: 4160238
              ->  Hash  (cost=67604.59..67604.59 rows=141598 width=4) (actual time=1241.019..1241.019 rows=141703 loops=1)
                    Buckets: 131072  Batches: 2  Memory Usage: 3517kB
                    ->  Seq Scan on title t  (cost=0.00..67604.59 rows=141598 width=4) (actual time=0.023..1186.740 rows=141703 loops=1)
                          Filter: (production_year = 2010)
                          Rows Removed by Filter: 2386609
Planning time: 1.242 ms
Execution time: 20052.415 ms
