Hash Join  (cost=77620.93..210386.73 rows=363898 width=0) (actual time=2065.037..5606.458 rows=1159320 loops=1)
  Hash Cond: (mk.movie_id = t.id)
  ->  Seq Scan on movie_keyword mk  (cost=0.00..81003.12 rows=4085785 width=4) (actual time=0.023..1715.445 rows=4090159 loops=1)
        Filter: (keyword_id < 40416)
        Rows Removed by Filter: 433771
  ->  Hash  (cost=73925.90..73925.90 rows=225202 width=4) (actual time=2064.218..2064.218 rows=334539 loops=1)
        Buckets: 131072  Batches: 4  Memory Usage: 3972kB
        ->  Seq Scan on title t  (cost=0.00..73925.90 rows=225202 width=4) (actual time=0.022..1086.340 rows=334539 loops=1)
              Filter: ((kind_id < 7) AND (production_year < 1984))
              Rows Removed by Filter: 2193773
Planning time: 0.774 ms
Execution time: 5746.309 ms
