Seq Scan on movie_keyword mk  (cost=0.00..81003.12 rows=246 width=0) (actual time=12.635..1274.239 rows=36 loops=1)
  Filter: (keyword_id = 8030)
  Rows Removed by Filter: 4523894
Planning time: 0.349 ms
Execution time: 1274.357 ms
