Hash Join  (cost=69283.60..1007167.11 rows=478181 width=0) (actual time=1992.472..21860.012 rows=670906 loops=1)
  Hash Cond: (ci.movie_id = t.id)
  ->  Seq Scan on cast_info ci  (cost=0.00..796071.18 rows=11816673 width=4) (actual time=928.925..16568.915 rows=10851375 loops=1)
        Filter: ((person_id > 245205) AND (role_id = 1))
        Rows Removed by Filter: 25392969
  ->  Hash  (cost=67604.59..67604.59 rows=102321 width=4) (actual time=1062.545..1062.545 rows=100537 loops=1)
        Buckets: 131072  Batches: 2  Memory Usage: 2797kB
        ->  Seq Scan on title t  (cost=0.00..67604.59 rows=102321 width=4) (actual time=33.874..1025.603 rows=100537 loops=1)
              Filter: (kind_id = 3)
              Rows Removed by Filter: 2427775
Planning time: 0.476 ms
Execution time: 21950.520 ms
