Nested Loop  (cost=0.43..83071.67 rows=246 width=0) (actual time=0.652..1256.881 rows=41 loops=1)
  ->  Seq Scan on movie_keyword mk  (cost=0.00..81003.12 rows=246 width=4) (actual time=0.593..1249.831 rows=41 loops=1)
        Filter: (keyword_id = 71892)
        Rows Removed by Filter: 4523889
  ->  Index Only Scan using title_pkey on title t  (cost=0.43..8.40 rows=1 width=4) (actual time=0.165..0.166 rows=1 loops=41)
        Index Cond: (id = mk.movie_id)
        Heap Fetches: 41
Planning time: 2.038 ms
Execution time: 1256.980 ms
