Hash Join  (cost=96023.02..154094.67 rows=22564 width=0) (actual time=1735.760..3058.668 rows=80288 loops=1)
  Hash Cond: (mc.movie_id = t.id)
  ->  Seq Scan on movie_companies mc  (cost=0.00..51404.11 rows=1717839 width=4) (actual time=0.016..932.985 rows=1710742 loops=1)
        Filter: (company_id < 21526)
        Rows Removed by Filter: 898387
  ->  Hash  (cost=95607.86..95607.86 rows=33213 width=8) (actual time=1735.189..1735.189 rows=41527 loops=1)
        Buckets: 65536  Batches: 1  Memory Usage: 2135kB
        ->  Hash Join  (cost=68365.25..95607.86 rows=33213 width=8) (actual time=1078.779..1721.013 rows=41527 loops=1)
              Hash Cond: (mi_idx.movie_id = t.id)
              ->  Seq Scan on movie_info_idx mi_idx  (cost=0.00..21735.35 rows=1380035 width=4) (actual time=0.032..296.101 rows=1380035 loops=1)
              ->  Hash  (cost=67604.59..67604.59 rows=60853 width=4) (actual time=1078.367..1078.367 rows=62568 loops=1)
                    Buckets: 65536  Batches: 1  Memory Usage: 2712kB
                    ->  Seq Scan on title t  (cost=0.00..67604.59 rows=60853 width=4) (actual time=0.043..1052.614 rows=62568 loops=1)
                          Filter: (production_year = 2002)
                          Rows Removed by Filter: 2465744
Planning time: 1.245 ms
Execution time: 3069.615 ms
