Hash Join  (cost=644037.17..2371512.88 rows=54302044 width=0) (actual time=15206.482..71195.947 rows=83054618 loops=1)
  Hash Cond: (ci.movie_id = t.id)
  ->  Seq Scan on cast_info ci  (cost=0.00..614943.12 rows=36225612 width=4) (actual time=0.020..13488.819 rows=36244344 loops=1)
  ->  Hash  (cost=581853.02..581853.02 rows=3790252 width=8) (actual time=15204.057..15204.057 rows=2895252 loops=1)
        Buckets: 131072  Batches: 64  Memory Usage: 2790kB
        ->  Hash Join  (cost=84197.31..581853.02 rows=3790252 width=8) (actual time=1991.649..14348.344 rows=2895252 loops=1)
              Hash Cond: (mi.movie_id = t.id)
              ->  Seq Scan on movie_info mi  (cost=0.00..346232.03 rows=9476311 width=4) (actual time=468.257..6591.350 rows=9565151 loops=1)
                    Filter: (info_type_id < 16)
                    Rows Removed by Filter: 5270569
              ->  Hash  (cost=67604.59..67604.59 rows=1011338 width=4) (actual time=1522.333..1522.333 rows=1012920 loops=1)
                    Buckets: 131072  Batches: 16  Memory Usage: 3256kB
                    ->  Seq Scan on title t  (cost=0.00..67604.59 rows=1011338 width=4) (actual time=0.022..1180.725 rows=1012920 loops=1)
                          Filter: (production_year > 2005)
                          Rows Removed by Filter: 1515392
Planning time: 1.139 ms
Execution time: 79786.864 ms
