Hash Join  (cost=74666.71..442777.21 rows=345458 width=0) (actual time=1093.339..13018.099 rows=1809107 loops=1)
  Hash Cond: (mi.movie_id = t.id)
  ->  Seq Scan on movie_info mi  (cost=0.00..309384.22 rows=14739122 width=4) (actual time=0.022..4844.605 rows=14835720 loops=1)
  ->  Hash  (cost=73925.90..73925.90 rows=59264 width=4) (actual time=1092.819..1092.819 rows=155122 loops=1)
        Buckets: 131072 (originally 65536)  Batches: 2 (originally 1)  Memory Usage: 3750kB
        ->  Seq Scan on title t  (cost=0.00..73925.90 rows=59264 width=4) (actual time=0.021..1032.371 rows=155122 loops=1)
              Filter: ((kind_id < 7) AND (production_year < 1947))
              Rows Removed by Filter: 2373190
Planning time: 2.482 ms
Execution time: 13244.218 ms
