Seq Scan on cast_info ci  (cost=0.00..705507.15 rows=500 width=0) (actual time=4628.932..11069.859 rows=162 loops=1)
  Filter: (person_id = 2988270)
  Rows Removed by Filter: 36244182
Planning time: 0.370 ms
Execution time: 11070.006 ms
