Nested Loop  (cost=0.43..709671.90 rows=500 width=0) (actual time=4541.582..9847.830 rows=125 loops=1)
  ->  Seq Scan on cast_info ci  (cost=0.00..705507.15 rows=500 width=4) (actual time=4541.407..9846.046 rows=125 loops=1)
        Filter: (person_id = 36114)
        Rows Removed by Filter: 36244219
  ->  Index Only Scan using title_pkey on title t  (cost=0.43..8.32 rows=1 width=4) (actual time=0.013..0.013 rows=1 loops=125)
        Index Cond: (id = ci.movie_id)
        Heap Fetches: 125
Planning time: 0.762 ms
Execution time: 9847.924 ms
