Seq Scan on movie_keyword mk  (cost=0.00..81003.12 rows=1864465 width=0) (actual time=0.022..1309.402 rows=1874319 loops=1)
  Filter: (keyword_id < 3179)
  Rows Removed by Filter: 2649611
Planning time: 0.309 ms
Execution time: 1521.750 ms
