Seq Scan on movie_keyword mk  (cost=0.00..81003.12 rows=1829837 width=0) (actual time=0.028..1427.394 rows=1835712 loops=1)
  Filter: (keyword_id > 7594)
  Rows Removed by Filter: 2688218
Planning time: 0.376 ms
Execution time: 1650.035 ms
