Seq Scan on cast_info ci  (cost=0.00..796071.18 rows=176 width=0) (actual time=6757.759..10998.290 rows=107 loops=1)
  Filter: ((person_id = 283002) AND (role_id = 1))
  Rows Removed by Filter: 36244237
Planning time: 0.426 ms
Execution time: 10998.417 ms
