Hash Join  (cost=178721.67..687233.32 rows=2690273 width=0) (actual time=3870.234..16447.317 rows=1659948 loops=1)
  Hash Cond: (mi.movie_id = t.id)
  ->  Seq Scan on movie_info mi  (cost=0.00..309384.22 rows=14739122 width=4) (actual time=0.016..5925.601 rows=14835720 loops=1)
  ->  Hash  (cost=171149.64..171149.64 rows=461522 width=8) (actual time=3684.618..3684.618 rows=218918 loops=1)
        Buckets: 131072  Batches: 8  Memory Usage: 2094kB
        ->  Hash Join  (cost=92883.59..171149.64 rows=461522 width=8) (actual time=2299.793..3620.294 rows=218918 loops=1)
              Hash Cond: (mc.movie_id = t.id)
              ->  Seq Scan on movie_companies mc  (cost=0.00..57926.93 rows=757380 width=4) (actual time=0.013..1089.928 rows=974613 loops=1)
                    Filter: ((company_id > 7851) AND (company_type_id = 2))
                    Rows Removed by Filter: 1634516
              ->  Hash  (cost=67604.59..67604.59 rows=1540800 width=4) (actual time=1752.001..1752.001 rows=1543264 loops=1)
                    Buckets: 131072  Batches: 32  Memory Usage: 2722kB
                    ->  Seq Scan on title t  (cost=0.00..67604.59 rows=1540800 width=4) (actual time=76.101..1257.320 rows=1543264 loops=1)
                          Filter: (kind_id = 7)
                          Rows Removed by Filter: 985048
Planning time: 1.072 ms
Execution time: 16604.286 ms
