Hash Join  (cost=83074.74..447745.01 rows=1434 width=0) (actual time=1290.613..7678.007 rows=18316 loops=1)
  Hash Cond: (mi.movie_id = t.id)
  ->  Seq Scan on movie_info mi  (cost=0.00..309384.22 rows=14739122 width=4) (actual time=0.013..3834.078 rows=14835720 loops=1)
  ->  Hash  (cost=83071.67..83071.67 rows=246 width=8) (actual time=1284.971..1284.971 rows=384 loops=1)
        Buckets: 1024  Batches: 1  Memory Usage: 23kB
        ->  Nested Loop  (cost=0.43..83071.67 rows=246 width=8) (actual time=30.820..1284.612 rows=384 loops=1)
              ->  Seq Scan on movie_keyword mk  (cost=0.00..81003.12 rows=246 width=4) (actual time=30.708..1265.442 rows=384 loops=1)
                    Filter: (keyword_id = 10290)
                    Rows Removed by Filter: 4523546
              ->  Index Only Scan using title_pkey on title t  (cost=0.43..8.40 rows=1 width=4) (actual time=0.047..0.048 rows=1 loops=384)
                    Index Cond: (id = mk.movie_id)
                    Heap Fetches: 384
Planning time: 1.152 ms
Execution time: 7681.239 ms
