Seq Scan on movie_keyword mk  (cost=0.00..81003.12 rows=246 width=0) (actual time=0.989..1243.704 rows=102 loops=1)
  Filter: (keyword_id = 20694)
  Rows Removed by Filter: 4523828
Planning time: 0.266 ms
Execution time: 1243.850 ms
