Hash Join  (cost=364002.30..2017092.00 rows=43784623 width=0) (actual time=9381.438..71286.170 rows=123833961 loops=1)
  Hash Cond: (ci.movie_id = t.id)
  ->  Seq Scan on cast_info ci  (cost=0.00..796071.18 rows=26300572 width=4) (actual time=510.101..19324.300 rows=26188822 loops=1)
        Filter: ((person_id > 283991) AND (role_id < 8))
        Rows Removed by Filter: 10055522
  ->  Hash  (cost=294940.33..294940.33 rows=4209437 width=8) (actual time=8870.137..8870.137 rows=4212162 loops=1)
        Buckets: 131072  Batches: 64  Memory Usage: 3618kB
        ->  Hash Join  (cost=102767.86..294940.33 rows=4209437 width=8) (actual time=1950.103..7753.649 rows=4212162 loops=1)
              Hash Cond: (mk.movie_id = t.id)
              ->  Seq Scan on movie_keyword mk  (cost=0.00..81003.12 rows=4209437 width=4) (actual time=0.030..1969.740 rows=4212162 loops=1)
                    Filter: (keyword_id < 52348)
                    Rows Removed by Filter: 311768
              ->  Hash  (cost=61283.27..61283.27 rows=2528527 width=4) (actual time=1947.733..1947.733 rows=2528312 loops=1)
                    Buckets: 131072  Batches: 64  Memory Usage: 2425kB
                    ->  Seq Scan on title t  (cost=0.00..61283.27 rows=2528527 width=4) (actual time=0.018..1098.465 rows=2528312 loops=1)
Planning time: 1.613 ms
Execution time: 84618.714 ms
