Nested Loop  (cost=0.43..141419.83 rows=1931 width=0) (actual time=0.742..1528.105 rows=608 loops=1)
  ->  Seq Scan on movie_keyword mk  (cost=0.00..81003.12 rows=9048 width=4) (actual time=0.181..1262.871 rows=9234 loops=1)
        Filter: (keyword_id = 784)
        Rows Removed by Filter: 4514696
  ->  Index Scan using title_pkey on title t  (cost=0.43..6.67 rows=1 width=4) (actual time=0.028..0.028 rows=0 loops=9234)
        Index Cond: (id = mk.movie_id)
        Filter: ((production_year < 1997) AND (kind_id = 7))
        Rows Removed by Filter: 1
Planning time: 0.765 ms
Execution time: 1528.416 ms
