Hash Join  (cost=83074.16..833884.82 rows=2148 width=0) (actual time=1520.080..17666.130 rows=8082 loops=1)
  Hash Cond: (ci.movie_id = t.id)
  ->  Seq Scan on cast_info ci  (cost=0.00..614943.12 rows=36225612 width=4) (actual time=0.014..9171.981 rows=36244344 loops=1)
  ->  Hash  (cost=83072.29..83072.29 rows=150 width=8) (actual time=1502.888..1502.888 rows=200 loops=1)
        Buckets: 1024  Batches: 1  Memory Usage: 16kB
        ->  Nested Loop  (cost=0.43..83072.29 rows=150 width=8) (actual time=698.944..1502.731 rows=200 loops=1)
              ->  Seq Scan on movie_keyword mk  (cost=0.00..81003.12 rows=246 width=4) (actual time=0.332..1430.662 rows=1446 loops=1)
                    Filter: (keyword_id = 3575)
                    Rows Removed by Filter: 4522484
              ->  Index Scan using title_pkey on title t  (cost=0.43..8.40 rows=1 width=4) (actual time=0.049..0.049 rows=0 loops=1446)
                    Index Cond: (id = mk.movie_id)
                    Filter: (kind_id = 7)
                    Rows Removed by Filter: 1
Planning time: 4.799 ms
Execution time: 17669.242 ms
