Hash Join  (cost=129149.15..1197663.42 rows=3378915 width=0) (actual time=2986.924..36663.479 rows=12437736 loops=1)
  Hash Cond: (ci.movie_id = t.id)
  ->  Seq Scan on cast_info ci  (cost=0.00..614943.12 rows=36225612 width=4) (actual time=0.014..13626.666 rows=36244344 loops=1)
  ->  Hash  (cost=125279.08..125279.08 rows=235846 width=8) (actual time=2986.103..2986.103 rows=420018 loops=1)
        Buckets: 131072 (originally 131072)  Batches: 8 (originally 4)  Memory Usage: 3079kB
        ->  Hash Join  (cost=84571.72..125279.08 rows=235846 width=8) (actual time=1430.034..2874.380 rows=420018 loops=1)
              Hash Cond: (mi_idx.movie_id = t.id)
              ->  Seq Scan on movie_info_idx mi_idx  (cost=0.00..25185.44 rows=919057 width=4) (actual time=0.012..522.654 rows=920110 loops=1)
                    Filter: (info_type_id > 99)
                    Rows Removed by Filter: 459925
              ->  Hash  (cost=73925.90..73925.90 rows=648865 width=4) (actual time=1417.687..1417.687 rows=656311 loops=1)
                    Buckets: 131072  Batches: 16  Memory Usage: 2462kB
                    ->  Seq Scan on title t  (cost=0.00..73925.90 rows=648865 width=4) (actual time=0.447..1205.122 rows=656311 loops=1)
                          Filter: ((production_year > 0) AND (kind_id = 1))
                          Rows Removed by Filter: 1872001
Planning time: 3.294 ms
Execution time: 38151.959 ms
