Hash Join  (cost=102767.86..1186082.58 rows=11526864 width=0) (actual time=1896.233..27260.491 rows=12631563 loops=1)
  Hash Cond: (ci.movie_id = t.id)
  ->  Seq Scan on cast_info ci  (cost=0.00..796071.18 rows=11526864 width=4) (actual time=0.020..15348.333 rows=12631563 loops=1)
        Filter: ((person_id < 1302304) AND (role_id < 10))
        Rows Removed by Filter: 23612781
  ->  Hash  (cost=61283.27..61283.27 rows=2528527 width=4) (actual time=1895.044..1895.044 rows=2528312 loops=1)
        Buckets: 131072  Batches: 64  Memory Usage: 2415kB
        ->  Seq Scan on title t  (cost=0.00..61283.27 rows=2528527 width=4) (actual time=0.004..1069.860 rows=2528312 loops=1)
Planning time: 1.415 ms
Execution time: 28525.851 ms
