Seq Scan on movie_keyword mk  (cost=0.00..81003.12 rows=2894220 width=0) (actual time=0.019..1445.187 rows=2883134 loops=1)
  Filter: (keyword_id < 9010)
  Rows Removed by Filter: 1640796
Planning time: 0.312 ms
Execution time: 1795.804 ms
