Seq Scan on movie_companies mc  (cost=0.00..57926.93 rows=230804 width=0) (actual time=199.236..1019.329 rows=455776 loops=1)
  Filter: ((company_id > 76844) AND (company_type_id > 1))
  Rows Removed by Filter: 2153353
Planning time: 0.317 ms
Execution time: 1074.886 ms
