Hash Join  (cost=330052.08..2065428.35 rows=44389474 width=0) (actual time=9261.467..73629.492 rows=120021718 loops=1)
  Hash Cond: (ci.movie_id = t.id)
  ->  Seq Scan on cast_info ci  (cost=0.00..796071.18 rows=31442575 width=4) (actual time=1707.704..20436.886 rows=31496298 loops=1)
        Filter: ((person_id > 13177) AND (role_id < 10))
        Rows Removed by Filter: 4748046
  ->  Hash  (cost=271486.06..271486.06 rows=3569682 width=8) (actual time=7544.796..7544.796 rows=3322338 loops=1)
        Buckets: 131072  Batches: 64  Memory Usage: 3037kB
        ->  Hash Join  (cost=100338.29..271486.06 rows=3569682 width=8) (actual time=2032.913..6623.579 rows=3322338 loops=1)
              Hash Cond: (mk.movie_id = t.id)
              ->  Seq Scan on movie_keyword mk  (cost=0.00..69693.30 rows=4523930 width=4) (actual time=0.018..1444.160 rows=4523930 loops=1)
              ->  Hash  (cost=67604.59..67604.59 rows=1995176 width=4) (actual time=2031.631..2031.631 rows=1990655 loops=1)
                    Buckets: 131072  Batches: 32  Memory Usage: 3227kB
                    ->  Seq Scan on title t  (cost=0.00..67604.59 rows=1995176 width=4) (actual time=0.026..1387.586 rows=1990655 loops=1)
                          Filter: (production_year > 1976)
                          Rows Removed by Filter: 537657
Planning time: 10.559 ms
Execution time: 86214.632 ms
