Hash Join  (cost=70177.20..973671.06 rows=1004483 width=0) (actual time=5078.142..22417.073 rows=475204 loops=1)
  Hash Cond: (ci.movie_id = t.id)
  ->  Seq Scan on cast_info ci  (cost=0.00..705507.15 rows=16201301 width=4) (actual time=3922.695..14834.429 rows=16121683 loops=1)
        Filter: (role_id > 2)
        Rows Removed by Filter: 20122661
  ->  Hash  (cost=67604.59..67604.59 rows=156769 width=4) (actual time=1153.743..1153.743 rows=160337 loops=1)
        Buckets: 131072  Batches: 4  Memory Usage: 2431kB
        ->  Seq Scan on title t  (cost=0.00..67604.59 rows=156769 width=4) (actual time=0.027..1095.200 rows=160337 loops=1)
              Filter: (production_year < 1949)
              Rows Removed by Filter: 2367975
Planning time: 0.713 ms
Execution time: 22476.666 ms
