Hash Join  (cost=74547.77..915106.79 rows=221778 width=0) (actual time=971.789..19684.498 rows=176369 loops=1)
  Hash Cond: (ci.movie_id = t.id)
  ->  Seq Scan on cast_info ci  (cost=0.00..796071.18 rows=11272018 width=4) (actual time=0.023..16043.578 rows=9778147 loops=1)
        Filter: ((person_id > 384328) AND (role_id < 2))
        Rows Removed by Filter: 26466197
  ->  Hash  (cost=73925.90..73925.90 rows=49749 width=4) (actual time=971.458..971.458 rows=44012 loops=1)
        Buckets: 65536  Batches: 1  Memory Usage: 2060kB
        ->  Seq Scan on title t  (cost=0.00..73925.90 rows=49749 width=4) (actual time=0.027..952.673 rows=44012 loops=1)
              Filter: ((kind_id < 7) AND (production_year = 2009))
              Rows Removed by Filter: 2484300
Planning time: 0.681 ms
Execution time: 19711.429 ms
