Hash Join  (cost=237395.15..703899.74 rows=4274500 width=0) (actual time=9909.695..20365.802 rows=13340629 loops=1)
  Hash Cond: (mi.movie_id = t.id)
  ->  Seq Scan on movie_info mi  (cost=0.00..346232.03 rows=5445713 width=4) (actual time=2631.986..6123.772 rows=5410520 loops=1)
        Filter: (info_type_id < 6)
        Rows Removed by Filter: 9425200
  ->  Hash  (cost=204833.21..204833.21 rows=1984715 width=8) (actual time=7276.630..7276.630 rows=2175302 loops=1)
        Buckets: 131072  Batches: 32  Memory Usage: 3730kB
        ->  Hash Join  (cost=99161.12..204833.21 rows=1984715 width=8) (actual time=2783.082..6667.017 rows=2175302 loops=1)
              Hash Cond: (mc.movie_id = t.id)
              ->  Seq Scan on movie_companies mc  (cost=0.00..44881.29 rows=2609129 width=4) (actual time=0.027..977.494 rows=2609129 loops=1)
              ->  Hash  (cost=67604.59..67604.59 rows=1923403 width=4) (actual time=2781.907..2781.907 rows=1922849 loops=1)
                    Buckets: 131072  Batches: 32  Memory Usage: 3132kB
                    ->  Seq Scan on title t  (cost=0.00..67604.59 rows=1923403 width=4) (actual time=0.036..1386.846 rows=1922849 loops=1)
                          Filter: (production_year < 2010)
                          Rows Removed by Filter: 605463
Planning time: 0.949 ms
Execution time: 21876.842 ms
