Seq Scan on movie_companies mc  (cost=0.00..57926.93 rows=297894 width=0) (actual time=0.026..886.946 rows=435790 loops=1)
  Filter: ((company_id < 700) AND (company_type_id < 2))
  Rows Removed by Filter: 2173339
Planning time: 0.331 ms
Execution time: 940.589 ms
