Hash Join  (cost=114474.52..239409.32 rows=240677 width=0) (actual time=2440.208..5607.375 rows=1490340 loops=1)
  Hash Cond: (mk.movie_id = t.id)
  ->  Seq Scan on movie_keyword mk  (cost=0.00..69693.30 rows=4523930 width=4) (actual time=0.023..1471.930 rows=4523930 loops=1)
  ->  Hash  (cost=112267.02..112267.02 rows=134520 width=8) (actual time=2439.396..2439.396 rows=145798 loops=1)
        Buckets: 131072  Batches: 2  Memory Usage: 3881kB
        ->  Hash Join  (cost=73702.75..112267.02 rows=134520 width=8) (actual time=1356.968..2398.569 rows=145798 loops=1)
              Hash Cond: (mi_idx.movie_id = t.id)
              ->  Seq Scan on movie_info_idx mi_idx  (cost=0.00..25185.44 rows=915101 width=4) (actual time=0.021..567.767 rows=919850 loops=1)
                    Filter: (info_type_id < 101)
                    Rows Removed by Filter: 460185
              ->  Hash  (cost=67604.59..67604.59 rows=371693 width=4) (actual time=1355.966..1355.966 rows=366430 loops=1)
                    Buckets: 131072  Batches: 8  Memory Usage: 2627kB
                    ->  Seq Scan on title t  (cost=0.00..67604.59 rows=371693 width=4) (actual time=0.013..1235.433 rows=366430 loops=1)
                          Filter: (production_year < 1970)
                          Rows Removed by Filter: 2161882
Planning time: 1.257 ms
Execution time: 5791.216 ms
