Hash Join  (cost=154654.97..538510.42 rows=77562 width=0) (actual time=3032.212..10325.141 rows=182964 loops=1)
  Hash Cond: (mi.movie_id = t.id)
  ->  Seq Scan on movie_info mi  (cost=0.00..309384.22 rows=14739122 width=4) (actual time=0.015..4383.956 rows=14835720 loops=1)
  ->  Hash  (cost=154488.65..154488.65 rows=13306 width=8) (actual time=3028.933..3028.933 rows=7819 loops=1)
        Buckets: 16384  Batches: 1  Memory Usage: 434kB
        ->  Hash Join  (cost=67697.55..154488.65 rows=13306 width=8) (actual time=1114.554..3025.652 rows=7819 loops=1)
              Hash Cond: (mk.movie_id = t.id)
              ->  Seq Scan on movie_keyword mk  (cost=0.00..69693.30 rows=4523930 width=4) (actual time=0.016..1095.227 rows=4523930 loops=1)
              ->  Hash  (cost=67604.59..67604.59 rows=7437 width=4) (actual time=1114.122..1114.122 rows=2800 loops=1)
                    Buckets: 8192  Batches: 1  Memory Usage: 163kB
                    ->  Seq Scan on title t  (cost=0.00..67604.59 rows=7437 width=4) (actual time=64.166..1112.686 rows=2800 loops=1)
                          Filter: (production_year = 1929)
                          Rows Removed by Filter: 2525512
Planning time: 1.141 ms
Execution time: 10349.469 ms
