Hash Join  (cost=453221.87..532125.54 rows=279513 width=0) (actual time=7635.763..9707.987 rows=361295 loops=1)
  Hash Cond: (mc.movie_id = t.id)
  ->  Seq Scan on movie_companies mc  (cost=0.00..44881.29 rows=2609129 width=4) (actual time=0.012..910.557 rows=2609129 loops=1)
  ->  Hash  (cost=448776.89..448776.89 rows=270879 width=8) (actual time=7634.931..7634.931 rows=183174 loops=1)
        Buckets: 131072  Batches: 4  Memory Usage: 2815kB
        ->  Hash Join  (cost=82261.55..448776.89 rows=270879 width=8) (actual time=3003.419..7572.124 rows=183174 loops=1)
              Hash Cond: (mi.movie_id = t.id)
              ->  Seq Scan on movie_info mi  (cost=0.00..346232.03 rows=1348138 width=4) (actual time=1663.197..5464.115 rows=1298989 loops=1)
                    Filter: (info_type_id = 4)
                    Rows Removed by Filter: 13536731
              ->  Hash  (cost=73925.90..73925.90 rows=508052 width=4) (actual time=1339.053..1339.053 rows=368581 loops=1)
                    Buckets: 131072  Batches: 8  Memory Usage: 2640kB
                    ->  Seq Scan on title t  (cost=0.00..73925.90 rows=508052 width=4) (actual time=0.032..1212.766 rows=368581 loops=1)
                          Filter: ((kind_id > 1) AND (production_year < 1990))
                          Rows Removed by Filter: 2159731
Planning time: 4.698 ms
Execution time: 9752.078 ms
