Seq Scan on movie_companies mc  (cost=0.00..51404.11 rows=104 width=0) (actual time=14.419..907.344 rows=156 loops=1)
  Filter: (company_id = 379)
  Rows Removed by Filter: 2608973
Planning time: 0.341 ms
Execution time: 907.488 ms
