Hash Join  (cost=117678.76..1180120.66 rows=2787770 width=0) (actual time=2467.151..31564.800 rows=5019278 loops=1)
  Hash Cond: (ci.movie_id = t.id)
  ->  Seq Scan on cast_info ci  (cost=0.00..614943.12 rows=36225612 width=4) (actual time=0.015..12897.763 rows=36244344 loops=1)
  ->  Hash  (cost=114485.44..114485.44 rows=194585 width=8) (actual time=2466.144..2466.144 rows=209413 loops=1)
        Buckets: 131072  Batches: 4  Memory Usage: 3071kB
        ->  Hash Join  (cost=73454.11..114485.44 rows=194585 width=8) (actual time=1189.969..2399.510 rows=209413 loops=1)
              Hash Cond: (mi_idx.movie_id = t.id)
              ->  Seq Scan on movie_info_idx mi_idx  (cost=0.00..21735.35 rows=1380035 width=4) (actual time=0.020..485.477 rows=1380035 loops=1)
              ->  Hash  (cost=67604.59..67604.59 rows=356522 width=4) (actual time=1189.070..1189.070 rows=352081 loops=1)
                    Buckets: 131072  Batches: 8  Memory Usage: 2565kB
                    ->  Seq Scan on title t  (cost=0.00..67604.59 rows=356522 width=4) (actual time=0.014..1081.590 rows=352081 loops=1)
                          Filter: (production_year < 1969)
                          Rows Removed by Filter: 2176231
Planning time: 1.175 ms
Execution time: 32164.040 ms
