Hash Join  (cost=103992.63..470118.73 rows=147016 width=0) (actual time=1973.065..9759.223 rows=428214 loops=1)
  Hash Cond: (mi.movie_id = t.id)
  ->  Seq Scan on movie_info mi  (cost=0.00..309384.22 rows=14739122 width=4) (actual time=0.017..4005.517 rows=14835720 loops=1)
  ->  Hash  (cost=103677.37..103677.37 rows=25221 width=8) (actual time=1972.832..1972.832 rows=40626 loops=1)
        Buckets: 65536 (originally 32768)  Batches: 1 (originally 1)  Memory Usage: 2099kB
        ->  Hash Join  (cost=74793.26..103677.37 rows=25221 width=8) (actual time=1318.338..1957.380 rows=40626 loops=1)
              Hash Cond: (mi_idx.movie_id = t.id)
              ->  Seq Scan on movie_info_idx mi_idx  (cost=0.00..25185.44 rows=919057 width=4) (actual time=0.016..457.087 rows=920110 loops=1)
                    Filter: (info_type_id > 99)
                    Rows Removed by Filter: 459925
              ->  Hash  (cost=73925.90..73925.90 rows=69388 width=4) (actual time=1173.550..1173.550 rows=97066 loops=1)
                    Buckets: 131072 (originally 131072)  Batches: 2 (originally 1)  Memory Usage: 3073kB
                    ->  Seq Scan on title t  (cost=0.00..73925.90 rows=69388 width=4) (actual time=363.011..1136.356 rows=97066 loops=1)
                          Filter: ((production_year > 1997) AND (kind_id = 4))
                          Rows Removed by Filter: 2431246
Planning time: 1.189 ms
Execution time: 9816.671 ms
