Hash Join  (cost=76440.79..210182.79 rows=963597 width=0) (actual time=1350.467..5149.652 rows=1343967 loops=1)
  Hash Cond: (mk.movie_id = t.id)
  ->  Seq Scan on movie_keyword mk  (cost=0.00..69693.30 rows=4523930 width=4) (actual time=0.022..1402.725 rows=4523930 loops=1)
  ->  Hash  (cost=67604.59..67604.59 rows=538576 width=4) (actual time=1349.415..1349.415 rows=538190 loops=1)
        Buckets: 131072  Batches: 8  Memory Usage: 3387kB
        ->  Seq Scan on title t  (cost=0.00..67604.59 rows=538576 width=4) (actual time=0.011..1174.566 rows=538190 loops=1)
              Filter: (production_year < 1982)
              Rows Removed by Filter: 1990122
Planning time: 0.791 ms
Execution time: 5325.816 ms
