Hash Join  (cost=354930.50..1137884.90 rows=23230876 width=0) (actual time=8746.787..63607.560 rows=205674997 loops=1)
  Hash Cond: (mi.movie_id = t.id)
  ->  Seq Scan on movie_info mi  (cost=0.00..309384.22 rows=14739122 width=4) (actual time=0.022..6462.216 rows=14835720 loops=1)
  ->  Hash  (cost=289546.19..289546.19 rows=3985305 width=8) (actual time=8744.439..8744.439 rows=3991761 loops=1)
        Buckets: 131072  Batches: 64  Memory Usage: 3561kB
        ->  Hash Join  (cost=102767.86..289546.19 rows=3985305 width=8) (actual time=2034.532..7559.204 rows=3991761 loops=1)
              Hash Cond: (mk.movie_id = t.id)
              ->  Seq Scan on movie_keyword mk  (cost=0.00..81003.12 rows=3985305 width=4) (actual time=0.029..1849.868 rows=3991761 loops=1)
                    Filter: (keyword_id < 34352)
                    Rows Removed by Filter: 532169
              ->  Hash  (cost=61283.27..61283.27 rows=2528527 width=4) (actual time=2032.671..2032.671 rows=2528312 loops=1)
                    Buckets: 131072  Batches: 64  Memory Usage: 2425kB
                    ->  Seq Scan on title t  (cost=0.00..61283.27 rows=2528527 width=4) (actual time=0.012..1168.500 rows=2528312 loops=1)
Planning time: 1.108 ms
Execution time: 84193.727 ms
