Seq Scan on cast_info ci  (cost=0.00..705507.15 rows=30645374 width=0) (actual time=0.017..12741.414 rows=30740665 loops=1)
  Filter: (person_id > 531111)
  Rows Removed by Filter: 5503679
Planning time: 0.306 ms
Execution time: 16396.481 ms
