Hash Join  (cost=76405.93..201702.78 rows=270381 width=0) (actual time=1227.814..4293.095 rows=898215 loops=1)
  Hash Cond: (mk.movie_id = t.id)
  ->  Seq Scan on movie_keyword mk  (cost=0.00..69693.30 rows=4523930 width=4) (actual time=0.032..1312.931 rows=4523930 loops=1)
  ->  Hash  (cost=73925.90..73925.90 rows=151122 width=4) (actual time=1226.938..1226.938 rows=251875 loops=1)
        Buckets: 131072 (originally 131072)  Batches: 4 (originally 2)  Memory Usage: 3245kB
        ->  Seq Scan on title t  (cost=0.00..73925.90 rows=151122 width=4) (actual time=0.037..1121.747 rows=251875 loops=1)
              Filter: ((kind_id < 7) AND (production_year < 1971))
              Rows Removed by Filter: 2276437
Planning time: 0.770 ms
Execution time: 4386.990 ms
