Hash Join  (cost=365418.15..1445652.18 rows=18541320 width=0) (actual time=8963.614..44782.560 rows=63713601 loops=1)
  Hash Cond: (ci.movie_id = t.id)
  ->  Seq Scan on cast_info ci  (cost=0.00..705507.15 rows=10363164 width=4) (actual time=0.037..12557.429 rows=10192606 loops=1)
        Filter: (person_id < 1002053)
        Rows Removed by Filter: 26051738
  ->  Hash  (cost=291197.02..291197.02 rows=4523930 width=8) (actual time=8960.758..8960.758 rows=4523930 loops=1)
        Buckets: 131072  Batches: 64  Memory Usage: 3816kB
        ->  Hash Join  (cost=102767.86..291197.02 rows=4523930 width=8) (actual time=2001.481..7780.143 rows=4523930 loops=1)
              Hash Cond: (mk.movie_id = t.id)
              ->  Seq Scan on movie_keyword mk  (cost=0.00..69693.30 rows=4523930 width=4) (actual time=0.013..1442.653 rows=4523930 loops=1)
              ->  Hash  (cost=61283.27..61283.27 rows=2528527 width=4) (actual time=2000.266..2000.266 rows=2528312 loops=1)
                    Buckets: 131072  Batches: 64  Memory Usage: 2425kB
                    ->  Seq Scan on title t  (cost=0.00..61283.27 rows=2528527 width=4) (actual time=0.016..1159.550 rows=2528312 loops=1)
Planning time: 1.130 ms
Execution time: 51566.660 ms
