Hash Join  (cost=220208.64..684082.08 rows=3604431 width=0) (actual time=4977.191..14576.757 rows=1887613 loops=1)
  Hash Cond: (mi.movie_id = t.id)
  ->  Seq Scan on movie_info mi  (cost=0.00..346232.03 rows=5897221 width=4) (actual time=311.131..6151.597 rows=5884963 loops=1)
        Filter: (info_type_id < 7)
        Rows Removed by Filter: 8950757
  ->  Hash  (cost=194853.42..194853.42 rows=1545457 width=8) (actual time=4663.971..4663.971 rows=704352 loops=1)
        Buckets: 131072  Batches: 32  Memory Usage: 1863kB
        ->  Hash Join  (cost=98498.33..194853.42 rows=1545457 width=8) (actual time=1999.726..4477.518 rows=704352 loops=1)
              Hash Cond: (mc.movie_id = t.id)
              ->  Seq Scan on movie_companies mc  (cost=0.00..44881.29 rows=2609129 width=4) (actual time=0.022..912.862 rows=2609129 loops=1)
              ->  Hash  (cost=73925.90..73925.90 rows=1497714 width=4) (actual time=1998.462..1998.462 rows=1478440 loops=1)
                    Buckets: 131072  Batches: 32  Memory Usage: 2651kB
                    ->  Seq Scan on title t  (cost=0.00..73925.90 rows=1497714 width=4) (actual time=0.026..1522.235 rows=1478440 loops=1)
                          Filter: ((production_year > 0) AND (kind_id = 7))
                          Rows Removed by Filter: 1049872
Planning time: 1.207 ms
Execution time: 14791.909 ms
