Hash Join  (cost=101579.51..901936.91 rows=11360 width=0) (actual time=5458.964..12976.755 rows=59405 loops=1)
  Hash Cond: (ci.movie_id = t.id)
  ->  Seq Scan on cast_info ci  (cost=0.00..796071.18 rows=1112699 width=4) (actual time=3695.238..10784.531 rows=1743124 loops=1)
        Filter: ((person_id > 3716704) AND (role_id > 1))
        Rows Removed by Filter: 34501220
  ->  Hash  (cost=101256.82..101256.82 rows=25815 width=8) (actual time=1763.320..1763.320 rows=20225 loops=1)
        Buckets: 32768  Batches: 1  Memory Usage: 1047kB
        ->  Hash Join  (cost=69928.56..101256.82 rows=25815 width=8) (actual time=1111.456..1755.762 rows=20225 loops=1)
              Hash Cond: (mi_idx.movie_id = t.id)
              ->  Seq Scan on movie_info_idx mi_idx  (cost=0.00..25185.44 rows=460978 width=4) (actual time=0.040..451.433 rows=459925 loops=1)
                    Filter: (info_type_id = 99)
                    Rows Removed by Filter: 920110
              ->  Hash  (cost=67604.59..67604.59 rows=141598 width=4) (actual time=1110.559..1110.559 rows=141703 loops=1)
                    Buckets: 131072  Batches: 2  Memory Usage: 3511kB
                    ->  Seq Scan on title t  (cost=0.00..67604.59 rows=141598 width=4) (actual time=0.029..1056.608 rows=141703 loops=1)
                          Filter: (production_year = 2010)
                          Rows Removed by Filter: 2386609
Planning time: 1.216 ms
Execution time: 12986.101 ms
