Hash Join  (cost=52284.29..416941.79 rows=157 width=0) (actual time=1107.705..8098.681 rows=116 loops=1)
  Hash Cond: (mi.movie_id = t.id)
  ->  Seq Scan on movie_info mi  (cost=0.00..309384.22 rows=14739122 width=4) (actual time=0.027..4635.045 rows=14835720 loops=1)
  ->  Hash  (cost=52283.95..52283.95 rows=27 width=8) (actual time=790.197..790.197 rows=2 loops=1)
        Buckets: 1024  Batches: 1  Memory Usage: 9kB
        ->  Nested Loop  (cost=0.43..52283.95 rows=27 width=8) (actual time=341.034..790.178 rows=2 loops=1)
              ->  Seq Scan on movie_companies mc  (cost=0.00..51404.11 rows=104 width=4) (actual time=187.997..789.679 rows=29 loops=1)
                    Filter: (company_id = 89892)
                    Rows Removed by Filter: 2609100
              ->  Index Scan using title_pkey on title t  (cost=0.43..8.45 rows=1 width=4) (actual time=0.016..0.016 rows=0 loops=29)
                    Index Cond: (id = mc.movie_id)
                    Filter: (kind_id = 1)
                    Rows Removed by Filter: 1
Planning time: 1.156 ms
Execution time: 8098.851 ms
