Hash Join  (cost=190230.21..311832.96 rows=1128968 width=0) (actual time=4417.469..8226.449 rows=4697421 loops=1)
  Hash Cond: (mk.movie_id = t.id)
  ->  Seq Scan on movie_keyword mk  (cost=0.00..81003.12 rows=2068517 width=4) (actual time=0.020..1500.732 rows=2082722 loops=1)
        Filter: (keyword_id < 3701)
        Rows Removed by Filter: 2441208
  ->  Hash  (cost=167588.78..167588.78 rows=1380035 width=8) (actual time=4415.547..4415.547 rows=1380035 loops=1)
        Buckets: 131072  Batches: 32  Memory Usage: 2726kB
        ->  Hash Join  (cost=102767.86..167588.78 rows=1380035 width=8) (actual time=2015.443..4012.251 rows=1380035 loops=1)
              Hash Cond: (mi_idx.movie_id = t.id)
              ->  Seq Scan on movie_info_idx mi_idx  (cost=0.00..21735.35 rows=1380035 width=4) (actual time=0.025..500.780 rows=1380035 loops=1)
              ->  Hash  (cost=61283.27..61283.27 rows=2528527 width=4) (actual time=2014.721..2014.721 rows=2528312 loops=1)
                    Buckets: 131072  Batches: 64  Memory Usage: 2415kB
                    ->  Seq Scan on title t  (cost=0.00..61283.27 rows=2528527 width=4) (actual time=0.016..1146.240 rows=2528312 loops=1)
Planning time: 1.640 ms
Execution time: 8780.430 ms
