Hash Join  (cost=109216.87..196512.83 rows=63792 width=0) (actual time=2094.778..4856.960 rows=945329 loops=1)
  Hash Cond: (mk.movie_id = t.id)
  ->  Seq Scan on movie_keyword mk  (cost=0.00..69693.30 rows=4523930 width=4) (actual time=0.024..1077.447 rows=4523930 loops=1)
  ->  Hash  (cost=108771.18..108771.18 rows=35655 width=8) (actual time=2094.355..2094.355 rows=79321 loops=1)
        Buckets: 131072 (originally 65536)  Batches: 2 (originally 1)  Memory Usage: 3073kB
        ->  Hash Join  (cost=77134.53..108771.18 rows=35655 width=8) (actual time=1253.267..2063.889 rows=79321 loops=1)
              Hash Cond: (mi_idx.movie_id = t.id)
              ->  Seq Scan on movie_info_idx mi_idx  (cost=0.00..25185.44 rows=460978 width=4) (actual time=0.032..520.931 rows=459925 loops=1)
                    Filter: (info_type_id = 99)
                    Rows Removed by Filter: 920110
              ->  Hash  (cost=73925.90..73925.90 rows=195570 width=4) (actual time=1252.493..1252.493 rows=300646 loops=1)
                    Buckets: 131072  Batches: 4  Memory Usage: 3670kB
                    ->  Seq Scan on title t  (cost=0.00..73925.90 rows=195570 width=4) (actual time=0.030..1150.557 rows=300646 loops=1)
                          Filter: ((kind_id < 7) AND (production_year < 1979))
                          Rows Removed by Filter: 2227666
Planning time: 1.088 ms
Execution time: 4979.151 ms
