Hash Join  (cost=201972.37..1121951.02 rows=1087172 width=0) (actual time=10260.209..25444.120 rows=933745 loops=1)
  Hash Cond: (ci.movie_id = t.id)
  ->  Seq Scan on cast_info ci  (cost=0.00..796071.18 rows=9679930 width=4) (actual time=5574.124..15555.109 rows=12088718 loops=1)
        Filter: ((person_id > 1428740) AND (role_id > 2))
        Rows Removed by Filter: 24155626
  ->  Hash  (cost=197312.57..197312.57 rows=283984 width=8) (actual time=4684.313..4684.313 rows=51209 loops=1)
        Buckets: 131072  Batches: 4  Memory Usage: 1540kB
        ->  Hash Join  (cost=77854.63..197312.57 rows=283984 width=8) (actual time=1701.175..4668.356 rows=51209 loops=1)
              Hash Cond: (mk.movie_id = t.id)
              ->  Seq Scan on movie_keyword mk  (cost=0.00..81003.12 rows=2999193 width=4) (actual time=0.026..1821.720 rows=2983936 loops=1)
                    Filter: (keyword_id < 10294)
                    Rows Removed by Filter: 1539994
              ->  Hash  (cost=73925.90..73925.90 rows=239418 width=4) (actual time=1698.674..1698.674 rows=256906 loops=1)
                    Buckets: 131072  Batches: 4  Memory Usage: 3302kB
                    ->  Seq Scan on title t  (cost=0.00..73925.90 rows=239418 width=4) (actual time=0.048..1125.761 rows=256906 loops=1)
                          Filter: ((production_year > 2010) AND (kind_id = 7))
                          Rows Removed by Filter: 2271406
Planning time: 1.204 ms
Execution time: 25551.936 ms
