Hash Join  (cost=162889.97..528183.37 rows=63748 width=0) (actual time=3315.887..11207.038 rows=707195 loops=1)
  Hash Cond: (mi.movie_id = t.id)
  ->  Seq Scan on movie_info mi  (cost=0.00..309384.22 rows=14739122 width=4) (actual time=0.024..4671.385 rows=14835720 loops=1)
  ->  Hash  (cost=162753.27..162753.27 rows=10936 width=8) (actual time=3314.474..3314.474 rows=16592 loops=1)
        Buckets: 32768 (originally 16384)  Batches: 1 (originally 1)  Memory Usage: 905kB
        ->  Hash Join  (cost=67697.55..162753.27 rows=10936 width=8) (actual time=1091.553..3307.971 rows=16592 loops=1)
              Hash Cond: (mk.movie_id = t.id)
              ->  Seq Scan on movie_keyword mk  (cost=0.00..81003.12 rows=3718197 width=4) (actual time=0.014..1651.797 rows=3715618 loops=1)
                    Filter: (keyword_id > 782)
                    Rows Removed by Filter: 808312
              ->  Hash  (cost=67604.59..67604.59 rows=7437 width=4) (actual time=1091.460..1091.460 rows=5663 loops=1)
                    Buckets: 8192  Batches: 1  Memory Usage: 264kB
                    ->  Seq Scan on title t  (cost=0.00..67604.59 rows=7437 width=4) (actual time=0.143..1088.386 rows=5663 loops=1)
                          Filter: (production_year = 1951)
                          Rows Removed by Filter: 2522649
Planning time: 1.169 ms
Execution time: 11297.119 ms
