Hash Join  (cost=501625.44..1327076.67 rows=699514 width=0) (actual time=21892.369..24716.051 rows=316944 loops=1)
  Hash Cond: (ci.movie_id = t.id)
  ->  Seq Scan on cast_info ci  (cost=0.00..796071.18 rows=1550375 width=4) (actual time=13663.147..15710.859 rows=1476343 loops=1)
        Filter: ((person_id < 3340072) AND (role_id = 8))
        Rows Removed by Filter: 34768001
  ->  Hash  (cost=482907.85..482907.85 rows=1140847 width=8) (actual time=8228.076..8228.076 rows=424052 loops=1)
        Buckets: 131072  Batches: 16  Memory Usage: 2064kB
        ->  Hash Join  (cost=98137.04..482907.85 rows=1140847 width=8) (actual time=3225.979..8115.853 rows=424052 loops=1)
              Hash Cond: (mi.movie_id = t.id)
              ->  Seq Scan on movie_info mi  (cost=0.00..346232.03 rows=1550064 width=4) (actual time=1202.294..5013.462 rows=1533909 loops=1)
                    Filter: (info_type_id = 3)
                    Rows Removed by Filter: 13301811
              ->  Hash  (cost=67604.59..67604.59 rows=1860996 width=4) (actual time=2022.672..2022.672 rows=1865487 loops=1)
                    Buckets: 131072  Batches: 32  Memory Usage: 3085kB
                    ->  Seq Scan on title t  (cost=0.00..67604.59 rows=1860996 width=4) (actual time=0.028..1424.228 rows=1865487 loops=1)
                          Filter: (kind_id > 1)
                          Rows Removed by Filter: 662825
Planning time: 2.799 ms
Execution time: 24748.838 ms
