Hash Join  (cost=73957.54..100891.13 rows=465 width=0) (actual time=1010.589..1613.440 rows=2821 loops=1)
  Hash Cond: (mi_idx.movie_id = t.id)
  ->  Seq Scan on movie_info_idx mi_idx  (cost=0.00..25185.44 rows=464934 width=4) (actual time=0.025..509.751 rows=460185 loops=1)
        Filter: (info_type_id > 100)
        Rows Removed by Filter: 919850
  ->  Hash  (cost=73925.90..73925.90 rows=2531 width=4) (actual time=1010.304..1010.304 rows=6727 loops=1)
        Buckets: 8192 (originally 4096)  Batches: 1 (originally 1)  Memory Usage: 301kB
        ->  Seq Scan on title t  (cost=0.00..73925.90 rows=2531 width=4) (actual time=0.061..1006.925 rows=6727 loops=1)
              Filter: ((kind_id < 4) AND (production_year = 1984))
              Rows Removed by Filter: 2521585
Planning time: 2.022 ms
Execution time: 1614.277 ms
