Hash Join  (cost=95541.49..1323244.93 rows=18875327 width=0) (actual time=1875.163..40532.380 rows=20283227 loops=1)
  Hash Cond: (ci.movie_id = t.id)
  ->  Seq Scan on cast_info ci  (cost=0.00..614943.12 rows=36225612 width=4) (actual time=0.020..13038.927 rows=36244344 loops=1)
  ->  Hash  (cost=73925.90..73925.90 rows=1317487 width=4) (actual time=1874.196..1874.196 rows=1399348 loops=1)
        Buckets: 131072  Batches: 32  Memory Usage: 2563kB
        ->  Seq Scan on title t  (cost=0.00..73925.90 rows=1317487 width=4) (actual time=0.015..1259.296 rows=1399348 loops=1)
              Filter: ((production_year > 1964) AND (kind_id = 7))
              Rows Removed by Filter: 1128964
Planning time: 0.787 ms
Execution time: 42699.864 ms
