Hash Join  (cost=154708.42..285420.31 rows=200846 width=0) (actual time=3679.990..8403.229 rows=5969512 loops=1)
  Hash Cond: (mk.movie_id = t.id)
  ->  Seq Scan on movie_keyword mk  (cost=0.00..81003.12 rows=4083280 width=4) (actual time=0.015..1830.534 rows=4070600 loops=1)
        Filter: (keyword_id > 347)
        Rows Removed by Filter: 453330
  ->  Hash  (cost=152667.77..152667.77 rows=124372 width=8) (actual time=3679.259..3679.259 rows=515667 loops=1)
        Buckets: 131072 (originally 131072)  Batches: 4 (originally 2)  Memory Usage: 6108kB
        ->  Hash Join  (cost=75903.53..152667.77 rows=124372 width=8) (actual time=1305.379..3505.053 rows=515667 loops=1)
              Hash Cond: (mc.movie_id = t.id)
              ->  Seq Scan on movie_companies mc  (cost=0.00..44881.29 rows=2609129 width=4) (actual time=0.019..893.057 rows=2609129 loops=1)
              ->  Hash  (cost=73925.90..73925.90 rows=120530 width=4) (actual time=1304.258..1304.258 rows=244583 loops=1)
                    Buckets: 131072 (originally 131072)  Batches: 4 (originally 2)  Memory Usage: 3177kB
                    ->  Seq Scan on title t  (cost=0.00..73925.90 rows=120530 width=4) (actual time=0.020..1214.742 rows=244583 loops=1)
                          Filter: ((kind_id < 3) AND (production_year < 1972))
                          Rows Removed by Filter: 2283729
Planning time: 2.491 ms
Execution time: 9068.994 ms
