Hash Join  (cost=102767.86..177286.54 rows=550066 width=0) (actual time=1838.874..3558.448 rows=553942 loops=1)
  Hash Cond: (mc.movie_id = t.id)
  ->  Seq Scan on movie_companies mc  (cost=0.00..51404.11 rows=550066 width=4) (actual time=0.013..912.907 rows=553942 loops=1)
        Filter: (company_id > 71767)
        Rows Removed by Filter: 2055187
  ->  Hash  (cost=61283.27..61283.27 rows=2528527 width=4) (actual time=1837.811..1837.811 rows=2528312 loops=1)
        Buckets: 131072  Batches: 64  Memory Usage: 2415kB
        ->  Seq Scan on title t  (cost=0.00..61283.27 rows=2528527 width=4) (actual time=0.023..1001.778 rows=2528312 loops=1)
Planning time: 4.647 ms
Execution time: 3618.788 ms
