Hash Join  (cost=81537.49..458984.60 rows=402627 width=0) (actual time=2757.328..6597.248 rows=114929 loops=1)
  Hash Cond: (mi.movie_id = t.id)
  ->  Seq Scan on movie_info mi  (cost=0.00..346232.03 rows=2194617 width=4) (actual time=1343.317..4138.768 rows=2233850 loops=1)
        Filter: (info_type_id > 16)
        Rows Removed by Filter: 12601870
  ->  Hash  (cost=73925.90..73925.90 rows=463887 width=4) (actual time=1413.132..1413.132 rows=480042 loops=1)
        Buckets: 131072  Batches: 8  Memory Usage: 3139kB
        ->  Seq Scan on title t  (cost=0.00..73925.90 rows=463887 width=4) (actual time=0.034..1250.322 rows=480042 loops=1)
              Filter: ((kind_id > 2) AND (production_year > 2008))
              Rows Removed by Filter: 2048270
Planning time: 0.760 ms
Execution time: 6613.171 ms
