Seq Scan on cast_info ci  (cost=0.00..705507.15 rows=500 width=0) (actual time=6942.816..10667.058 rows=2 loops=1)
  Filter: (person_id = 2413488)
  Rows Removed by Filter: 36244342
Planning time: 0.392 ms
Execution time: 10667.159 ms
