Seq Scan on movie_keyword mk  (cost=0.00..81003.12 rows=1218626 width=0) (actual time=0.014..1472.519 rows=1224718 loops=1)
  Filter: (keyword_id < 1553)
  Rows Removed by Filter: 3299212
Planning time: 0.359 ms
Execution time: 1633.323 ms
