Seq Scan on movie_companies mc  (cost=0.00..57926.93 rows=870225 width=0) (actual time=0.019..581.973 rows=1073035 loops=1)
  Filter: ((company_id > 2853) AND (company_type_id = 2))
  Rows Removed by Filter: 1536094
Planning time: 0.752 ms
Execution time: 685.885 ms
