Hash Join  (cost=124884.90..617658.35 rows=1215251 width=0) (actual time=2980.803..17730.355 rows=10033251 loops=1)
  Hash Cond: (mi.movie_id = t.id)
  ->  Seq Scan on movie_info mi  (cost=0.00..309384.22 rows=14739122 width=4) (actual time=0.021..6126.554 rows=14835720 loops=1)
  ->  Hash  (cost=121463.91..121463.91 rows=208479 width=8) (actual time=2826.311..2826.311 rows=455779 loops=1)
        Buckets: 131072 (originally 131072)  Batches: 8 (originally 4)  Memory Usage: 3277kB
        ->  Hash Join  (cost=80193.64..121463.91 rows=208479 width=8) (actual time=1539.666..2707.897 rows=455779 loops=1)
              Hash Cond: (mi_idx.movie_id = t.id)
              ->  Seq Scan on movie_info_idx mi_idx  (cost=0.00..21735.35 rows=1380035 width=4) (actual time=0.025..423.070 rows=1380035 loops=1)
              ->  Hash  (cost=73925.90..73925.90 rows=381979 width=4) (actual time=1538.779..1538.779 rows=440029 loops=1)
                    Buckets: 131072  Batches: 8  Memory Usage: 2968kB
                    ->  Seq Scan on title t  (cost=0.00..73925.90 rows=381979 width=4) (actual time=320.621..1257.974 rows=440029 loops=1)
                          Filter: ((production_year < 2006) AND (kind_id = 1))
                          Rows Removed by Filter: 2088283
Planning time: 1.208 ms
Execution time: 18808.540 ms
