Hash Join  (cost=69460.45..1146195.31 rows=1381063 width=0) (actual time=1077.937..30905.327 rows=1581929 loops=1)
  Hash Cond: (ci.movie_id = t.id)
  ->  Seq Scan on cast_info ci  (cost=0.00..705507.15 rows=30873355 width=4) (actual time=0.025..16306.118 rows=30816911 loops=1)
        Filter: (person_id < 3113708)
        Rows Removed by Filter: 5427433
  ->  Hash  (cost=67604.59..67604.59 rows=113109 width=4) (actual time=1077.160..1077.160 rows=119565 loops=1)
        Buckets: 131072  Batches: 2  Memory Usage: 3115kB
        ->  Seq Scan on title t  (cost=0.00..67604.59 rows=113109 width=4) (actual time=0.022..1031.674 rows=119565 loops=1)
              Filter: (production_year = 2007)
              Rows Removed by Filter: 2408747
Planning time: 0.824 ms
Execution time: 31107.002 ms
