Hash Join  (cost=173819.42..1219421.07 rows=1148448 width=0) (actual time=3314.776..31528.641 rows=3159256 loops=1)
  Hash Cond: (ci.movie_id = t.id)
  ->  Seq Scan on cast_info ci  (cost=0.00..614943.12 rows=36225612 width=4) (actual time=0.011..13153.980 rows=36244344 loops=1)
  ->  Hash  (cost=172503.41..172503.41 rows=80161 width=8) (actual time=3313.975..3313.975 rows=127941 loops=1)
        Buckets: 131072  Batches: 2  Memory Usage: 3525kB
        ->  Hash Join  (cost=102767.86..172503.41 rows=80161 width=8) (actual time=1968.875..3273.384 rows=127941 loops=1)
              Hash Cond: (mc.movie_id = t.id)
              ->  Seq Scan on movie_companies mc  (cost=0.00..57926.93 rows=80161 width=4) (actual time=0.023..817.211 rows=127941 loops=1)
                    Filter: ((company_id < 33) AND (company_type_id = 1))
                    Rows Removed by Filter: 2481188
              ->  Hash  (cost=61283.27..61283.27 rows=2528527 width=4) (actual time=1964.927..1964.927 rows=2528312 loops=1)
                    Buckets: 131072  Batches: 64  Memory Usage: 2415kB
                    ->  Seq Scan on title t  (cost=0.00..61283.27 rows=2528527 width=4) (actual time=0.016..1124.946 rows=2528312 loops=1)
Planning time: 1.221 ms
Execution time: 31925.705 ms
