Seq Scan on cast_info ci  (cost=0.00..705507.15 rows=500 width=0) (actual time=2705.189..10902.876 rows=6 loops=1)
  Filter: (person_id = 2707852)
  Rows Removed by Filter: 36244338
Planning time: 0.428 ms
Execution time: 10907.399 ms
