Seq Scan on cast_info ci  (cost=0.00..796071.18 rows=24 width=0) (actual time=629.244..10926.894 rows=48 loops=1)
  Filter: ((person_id = 858695) AND (role_id = 8))
  Rows Removed by Filter: 36244296
Planning time: 0.414 ms
Execution time: 10927.005 ms
