Seq Scan on cast_info ci  (cost=0.00..705507.15 rows=14175140 width=0) (actual time=0.022..10916.711 rows=14336436 loops=1)
  Filter: (person_id > 2228476)
  Rows Removed by Filter: 21907908
Planning time: 0.325 ms
Execution time: 12553.110 ms
