Hash Join  (cost=103781.64..191195.88 rows=75620 width=0) (actual time=1824.316..3675.957 rows=78602 loops=1)
  Hash Cond: (mk.movie_id = t.id)
  ->  Seq Scan on movie_keyword mk  (cost=0.00..69693.30 rows=4523930 width=4) (actual time=0.025..1004.525 rows=4523930 loops=1)
  ->  Hash  (cost=103253.31..103253.31 rows=42266 width=8) (actual time=1823.516..1823.516 rows=23155 loops=1)
        Buckets: 65536  Batches: 1  Memory Usage: 1417kB
        ->  Hash Join  (cost=71408.55..103253.31 rows=42266 width=8) (actual time=1085.116..1814.989 rows=23155 loops=1)
              Hash Cond: (mi_idx.movie_id = t.id)
              ->  Seq Scan on movie_info_idx mi_idx  (cost=0.00..25185.44 rows=460978 width=4) (actual time=0.021..503.655 rows=459925 loops=1)
                    Filter: (info_type_id < 100)
                    Rows Removed by Filter: 920110
              ->  Hash  (cost=67604.59..67604.59 rows=231837 width=4) (actual time=1083.571..1083.571 rows=231649 loops=1)
                    Buckets: 131072  Batches: 4  Memory Usage: 3076kB
                    ->  Seq Scan on title t  (cost=0.00..67604.59 rows=231837 width=4) (actual time=0.011..1004.633 rows=231649 loops=1)
                          Filter: (production_year > 2011)
                          Rows Removed by Filter: 2296663
Planning time: 1.138 ms
Execution time: 3686.559 ms
