Seq Scan on cast_info ci  (cost=0.00..796071.18 rows=1284206 width=0) (actual time=4940.618..12626.203 rows=415476 loops=1)
  Filter: ((person_id < 1042848) AND (role_id = 10))
  Rows Removed by Filter: 35828868
Planning time: 0.459 ms
Execution time: 12682.875 ms
