Hash Join  (cost=100903.17..161032.05 rows=124 width=0) (actual time=1777.858..2978.640 rows=1845 loops=1)
  Hash Cond: (mc.movie_id = t.id)
  ->  Seq Scan on movie_companies mc  (cost=0.00..57926.93 rows=586855 width=4) (actual time=0.023..1070.086 rows=794823 loops=1)
        Filter: ((company_id < 10583) AND (company_type_id = 1))
        Rows Removed by Filter: 1814306
  ->  Hash  (cost=100896.50..100896.50 rows=534 width=8) (actual time=1776.458..1776.458 rows=1123 loops=1)
        Buckets: 2048 (originally 1024)  Batches: 1 (originally 1)  Memory Usage: 60kB
        ->  Hash Join  (cost=73962.22..100896.50 rows=534 width=8) (actual time=1227.323..1775.825 rows=1123 loops=1)
              Hash Cond: (mi_idx.movie_id = t.id)
              ->  Seq Scan on movie_info_idx mi_idx  (cost=0.00..25185.44 rows=464934 width=4) (actual time=0.024..477.998 rows=460185 loops=1)
                    Filter: (info_type_id > 100)
                    Rows Removed by Filter: 919850
              ->  Hash  (cost=73925.90..73925.90 rows=2905 width=4) (actual time=1225.387..1225.387 rows=2720 loops=1)
                    Buckets: 4096  Batches: 1  Memory Usage: 128kB
                    ->  Seq Scan on title t  (cost=0.00..73925.90 rows=2905 width=4) (actual time=4.997..1223.818 rows=2720 loops=1)
                          Filter: ((kind_id < 7) AND (production_year = 1950))
                          Rows Removed by Filter: 2525592
Planning time: 0.844 ms
Execution time: 2979.082 ms
