Nested Loop  (cost=0.43..83071.67 rows=246 width=0) (actual time=9.939..1264.190 rows=225 loops=1)
  ->  Seq Scan on movie_keyword mk  (cost=0.00..81003.12 rows=246 width=4) (actual time=9.860..1250.784 rows=225 loops=1)
        Filter: (keyword_id = 11991)
        Rows Removed by Filter: 4523705
  ->  Index Only Scan using title_pkey on title t  (cost=0.43..8.40 rows=1 width=4) (actual time=0.056..0.057 rows=1 loops=225)
        Index Cond: (id = mk.movie_id)
        Heap Fetches: 225
Planning time: 3.154 ms
Execution time: 1264.422 ms
