Nested Loop  (cost=0.43..58375.18 rows=53 width=0) (actual time=2.316..977.464 rows=397 loops=1)
  ->  Seq Scan on movie_companies mc  (cost=0.00..57926.93 rows=53 width=4) (actual time=2.244..966.750 rows=397 loops=1)
        Filter: ((company_type_id > 1) AND (company_id = 16522))
        Rows Removed by Filter: 2608732
  ->  Index Only Scan using title_pkey on title t  (cost=0.43..8.45 rows=1 width=4) (actual time=0.025..0.026 rows=1 loops=397)
        Index Cond: (id = mc.movie_id)
        Heap Fetches: 397
Planning time: 0.738 ms
Execution time: 977.680 ms
