Hash Join  (cost=178741.37..1269998.56 rows=8091570 width=0) (actual time=4101.254..34670.602 rows=15222962 loops=1)
  Hash Cond: (ci.movie_id = t.id)
  ->  Seq Scan on cast_info ci  (cost=0.00..796071.18 rows=18150493 width=4) (actual time=0.026..15657.859 rows=16843728 loops=1)
        Filter: ((person_id > 1219649) AND (role_id < 6))
        Rows Removed by Filter: 19400616
  ->  Hash  (cost=160247.02..160247.02 rows=1127228 width=8) (actual time=4100.323..4100.323 rows=1248329 loops=1)
        Buckets: 131072 (originally 131072)  Batches: 32 (originally 16)  Memory Usage: 4076kB
        ->  Hash Join  (cost=101489.21..160247.02 rows=1127228 width=8) (actual time=1831.589..3728.371 rows=1248329 loops=1)
              Hash Cond: (mi_idx.movie_id = t.id)
              ->  Seq Scan on movie_info_idx mi_idx  (cost=0.00..21735.35 rows=1380035 width=4) (actual time=0.020..451.339 rows=1380035 loops=1)
              ->  Hash  (cost=67604.59..67604.59 rows=2065330 width=4) (actual time=1830.120..1830.120 rows=2064552 loops=1)
                    Buckets: 131072  Batches: 32  Memory Usage: 3289kB
                    ->  Seq Scan on title t  (cost=0.00..67604.59 rows=2065330 width=4) (actual time=0.023..1179.609 rows=2064552 loops=1)
                          Filter: (production_year < 2011)
                          Rows Removed by Filter: 463760
Planning time: 1.263 ms
Execution time: 36313.091 ms
