Seq Scan on movie_keyword mk  (cost=0.00..81003.12 rows=2026057 width=0) (actual time=0.011..1409.507 rows=2030563 loops=1)
  Filter: (keyword_id > 6069)
  Rows Removed by Filter: 2493367
Planning time: 0.234 ms
Execution time: 1666.218 ms
