Hash Join  (cost=212422.16..756545.12 rows=6027703 width=0) (actual time=4578.334..20543.327 rows=10523188 loops=1)
  Hash Cond: (mi.movie_id = t.id)
  ->  Seq Scan on movie_info mi  (cost=0.00..309384.22 rows=14739122 width=4) (actual time=0.018..5909.465 rows=14835720 loops=1)
  ->  Hash  (cost=195456.35..195456.35 rows=1034065 width=8) (actual time=4577.509..4577.509 rows=749901 loops=1)
        Buckets: 131072  Batches: 16  Memory Usage: 2854kB
        ->  Hash Join  (cost=102767.86..195456.35 rows=1034065 width=8) (actual time=2275.348..4357.663 rows=749901 loops=1)
              Hash Cond: (mc.movie_id = t.id)
              ->  Seq Scan on movie_companies mc  (cost=0.00..57926.93 rows=1034065 width=4) (actual time=0.012..1057.968 rows=749901 loops=1)
                    Filter: ((company_id < 70951) AND (company_type_id = 2))
                    Rows Removed by Filter: 1859228
              ->  Hash  (cost=61283.27..61283.27 rows=2528527 width=4) (actual time=2273.931..2273.931 rows=2528312 loops=1)
                    Buckets: 131072  Batches: 64  Memory Usage: 2415kB
                    ->  Seq Scan on title t  (cost=0.00..61283.27 rows=2528527 width=4) (actual time=0.015..1151.840 rows=2528312 loops=1)
Planning time: 1.165 ms
Execution time: 21744.189 ms
