Hash Join  (cost=79572.46..112113.15 rows=63276 width=0) (actual time=1336.460..2143.513 rows=81684 loops=1)
  Hash Cond: (mi_idx.movie_id = t.id)
  ->  Seq Scan on movie_info_idx mi_idx  (cost=0.00..25185.44 rows=464934 width=4) (actual time=0.023..551.798 rows=460185 loops=1)
        Filter: (info_type_id > 100)
        Rows Removed by Filter: 919850
  ->  Hash  (cost=73925.90..73925.90 rows=344124 width=4) (actual time=1335.439..1335.439 rows=277148 loops=1)
        Buckets: 131072  Batches: 8  Memory Usage: 2235kB
        ->  Seq Scan on title t  (cost=0.00..73925.90 rows=344124 width=4) (actual time=0.012..1251.393 rows=277148 loops=1)
              Filter: ((kind_id < 4) AND (production_year > 2005))
              Rows Removed by Filter: 2251164
Planning time: 0.792 ms
Execution time: 2151.793 ms
