Hash Join  (cost=74486.21..441754.98 rows=261285 width=0) (actual time=1275.655..9203.413 rows=251882 loops=1)
  Hash Cond: (mi.movie_id = t.id)
  ->  Seq Scan on movie_info mi  (cost=0.00..309384.22 rows=14739122 width=4) (actual time=0.004..4145.150 rows=14835720 loops=1)
  ->  Hash  (cost=73925.90..73925.90 rows=44824 width=4) (actual time=1275.303..1275.303 rows=30839 loops=1)
        Buckets: 65536  Batches: 1  Memory Usage: 1597kB
        ->  Seq Scan on title t  (cost=0.00..73925.90 rows=44824 width=4) (actual time=0.019..1262.176 rows=30839 loops=1)
              Filter: ((production_year > 2004) AND (kind_id = 3))
              Rows Removed by Filter: 2497473
Planning time: 0.804 ms
Execution time: 9240.565 ms
