Seq Scan on movie_companies mc  (cost=0.00..57926.93 rows=796889 width=0) (actual time=454.692..1020.227 rows=1095205 loops=1)
  Filter: ((company_id < 16875) AND (company_type_id = 1))
  Rows Removed by Filter: 1513924
Planning time: 0.682 ms
Execution time: 1156.353 ms
