Hash Join  (cost=156487.41..1104089.36 rows=3272758 width=0) (actual time=5872.523..27766.443 rows=6545435 loops=1)
  Hash Cond: (ci.movie_id = t.id)
  ->  Seq Scan on cast_info ci  (cost=0.00..705507.15 rows=17951525 width=4) (actual time=2382.964..14091.480 rows=18083943 loops=1)
        Filter: (person_id > 1802957)
        Rows Removed by Filter: 18160401
  ->  Hash  (cost=148924.19..148924.19 rows=460978 width=8) (actual time=3488.371..3488.371 rows=459925 loops=1)
        Buckets: 131072  Batches: 8  Memory Usage: 3275kB
        ->  Hash Join  (cost=102767.86..148924.19 rows=460978 width=8) (actual time=2079.077..3351.567 rows=459925 loops=1)
              Hash Cond: (mi_idx.movie_id = t.id)
              ->  Seq Scan on movie_info_idx mi_idx  (cost=0.00..25185.44 rows=460978 width=4) (actual time=0.034..470.004 rows=459925 loops=1)
                    Filter: (info_type_id = 99)
                    Rows Removed by Filter: 920110
              ->  Hash  (cost=61283.27..61283.27 rows=2528527 width=4) (actual time=2077.268..2077.268 rows=2528312 loops=1)
                    Buckets: 131072  Batches: 64  Memory Usage: 2415kB
                    ->  Seq Scan on title t  (cost=0.00..61283.27 rows=2528527 width=4) (actual time=0.020..1116.145 rows=2528312 loops=1)
Planning time: 3.530 ms
Execution time: 28500.611 ms
