Seq Scan on movie_keyword mk  (cost=0.00..81003.12 rows=3569940 width=0) (actual time=0.031..1449.146 rows=3556512 loops=1)
  Filter: (keyword_id < 19684)
  Rows Removed by Filter: 967418
Planning time: 0.397 ms
Execution time: 1886.067 ms
