Seq Scan on cast_info ci  (cost=0.00..796071.18 rows=2227190 width=0) (actual time=0.015..15124.614 rows=1811605 loops=1)
  Filter: ((person_id < 2981458) AND (role_id = 4))
  Rows Removed by Filter: 34432739
Planning time: 0.410 ms
Execution time: 15355.689 ms
