Hash Join  (cost=73950.44..825020.84 rows=28123 width=0) (actual time=1018.534..16891.179 rows=50609 loops=1)
  Hash Cond: (ci.movie_id = t.id)
  ->  Seq Scan on cast_info ci  (cost=0.00..614943.12 rows=36225612 width=4) (actual time=0.011..8683.230 rows=36244344 loops=1)
  ->  Hash  (cost=73925.90..73925.90 rows=1963 width=4) (actual time=1016.222..1016.222 rows=2657 loops=1)
        Buckets: 4096 (originally 2048)  Batches: 1 (originally 1)  Memory Usage: 126kB
        ->  Seq Scan on title t  (cost=0.00..73925.90 rows=1963 width=4) (actual time=225.202..1014.778 rows=2657 loops=1)
              Filter: ((kind_id < 2) AND (production_year = 1952))
              Rows Removed by Filter: 2525655
Planning time: 1.608 ms
Execution time: 16901.392 ms
