Hash Join  (cost=114441.61..824474.42 rows=21481 width=0) (actual time=9062.367..16371.620 rows=90549 loops=1)
  Hash Cond: (ci.movie_id = t.id)
  ->  Seq Scan on cast_info ci  (cost=0.00..705507.15 rows=1149559 width=4) (actual time=6816.126..13725.950 rows=1093558 loops=1)
        Filter: (role_id = 9)
        Rows Removed by Filter: 35150786
  ->  Hash  (cost=113851.00..113851.00 rows=47249 width=8) (actual time=2245.436..2245.436 rows=106266 loops=1)
        Buckets: 131072 (originally 65536)  Batches: 2 (originally 1)  Memory Usage: 3095kB
        ->  Hash Join  (cost=75347.03..113851.00 rows=47249 width=8) (actual time=1489.090..2199.782 rows=106266 loops=1)
              Hash Cond: (mi_idx.movie_id = t.id)
              ->  Seq Scan on movie_info_idx mi_idx  (cost=0.00..21735.35 rows=1380035 width=4) (actual time=0.029..476.945 rows=1380035 loops=1)
              ->  Hash  (cost=73925.90..73925.90 rows=86570 width=4) (actual time=1216.645..1216.645 rows=92238 loops=1)
                    Buckets: 131072  Batches: 2  Memory Usage: 2649kB
                    ->  Seq Scan on title t  (cost=0.00..73925.90 rows=86570 width=4) (actual time=466.242..1177.076 rows=92238 loops=1)
                          Filter: ((production_year > 1966) AND (kind_id = 3))
                          Rows Removed by Filter: 2436074
Planning time: 1.180 ms
Execution time: 16382.009 ms
