Hash Join  (cost=83074.74..834355.77 rows=1187 width=0) (actual time=1301.553..16696.757 rows=17652 loops=1)
  Hash Cond: (ci.movie_id = t.id)
  ->  Seq Scan on cast_info ci  (cost=0.00..705507.15 rows=12203201 width=4) (actual time=0.021..13643.696 rows=12113646 loops=1)
        Filter: (role_id > 3)
        Rows Removed by Filter: 24130698
  ->  Hash  (cost=83071.67..83071.67 rows=246 width=8) (actual time=1300.023..1300.023 rows=406 loops=1)
        Buckets: 1024  Batches: 1  Memory Usage: 24kB
        ->  Nested Loop  (cost=0.43..83071.67 rows=246 width=8) (actual time=1.727..1299.652 rows=406 loops=1)
              ->  Seq Scan on movie_keyword mk  (cost=0.00..81003.12 rows=246 width=4) (actual time=1.680..1237.950 rows=406 loops=1)
                    Filter: (keyword_id = 4095)
                    Rows Removed by Filter: 4523524
              ->  Index Only Scan using title_pkey on title t  (cost=0.43..8.40 rows=1 width=4) (actual time=0.149..0.150 rows=1 loops=406)
                    Index Cond: (id = mk.movie_id)
                    Heap Fetches: 406
Planning time: 1.226 ms
Execution time: 16700.693 ms
