Nested Loop  (cost=0.43..709671.90 rows=500 width=0) (actual time=546.647..9500.783 rows=647 loops=1)
  ->  Seq Scan on cast_info ci  (cost=0.00..705507.15 rows=500 width=4) (actual time=546.543..9476.711 rows=647 loops=1)
        Filter: (person_id = 208251)
        Rows Removed by Filter: 36243697
  ->  Index Only Scan using title_pkey on title t  (cost=0.43..8.32 rows=1 width=4) (actual time=0.036..0.037 rows=1 loops=647)
        Index Cond: (id = ci.movie_id)
        Heap Fetches: 647
Planning time: 0.783 ms
Execution time: 9501.027 ms
