Hash Join  (cost=224702.23..1195357.62 rows=3566975 width=0) (actual time=10694.232..31017.774 rows=14809476 loops=1)
  Hash Cond: (ci.movie_id = t.id)
  ->  Seq Scan on cast_info ci  (cost=0.00..796071.18 rows=11754792 width=4) (actual time=6024.787..16510.935 rows=13389527 loops=1)
        Filter: ((person_id > 957332) AND (role_id > 2))
        Rows Removed by Filter: 22854817
  ->  Hash  (cost=212113.25..212113.25 rows=767278 width=8) (actual time=4668.078..4668.078 rows=775426 loops=1)
        Buckets: 131072  Batches: 16  Memory Usage: 2952kB
        ->  Hash Join  (cost=102767.86..212113.25 rows=767278 width=8) (actual time=2035.244..4439.443 rows=775426 loops=1)
              Hash Cond: (mk.movie_id = t.id)
              ->  Seq Scan on movie_keyword mk  (cost=0.00..81003.12 rows=767278 width=4) (actual time=0.030..1374.430 rows=775426 loops=1)
                    Filter: (keyword_id > 24318)
                    Rows Removed by Filter: 3748504
              ->  Hash  (cost=61283.27..61283.27 rows=2528527 width=4) (actual time=2034.165..2034.165 rows=2528312 loops=1)
                    Buckets: 131072  Batches: 64  Memory Usage: 2425kB
                    ->  Seq Scan on title t  (cost=0.00..61283.27 rows=2528527 width=4) (actual time=0.018..1167.819 rows=2528312 loops=1)
Planning time: 1.193 ms
Execution time: 32712.901 ms
