Hash Join  (cost=917706.97..1069211.15 rows=564849 width=0) (actual time=21679.868..25003.327 rows=773277 loops=1)
  Hash Cond: (mk.movie_id = t.id)
  ->  Seq Scan on movie_keyword mk  (cost=0.00..69693.30 rows=4523930 width=4) (actual time=0.022..1344.859 rows=4523930 loops=1)
  ->  Hash  (cost=912526.63..912526.63 rows=315707 width=8) (actual time=21677.308..21677.308 rows=403173 loops=1)
        Buckets: 131072  Batches: 8  Memory Usage: 2966kB
        ->  Hash Join  (cost=68438.72..912526.63 rows=315707 width=8) (actual time=8693.354..21225.866 rows=403173 loops=1)
              Hash Cond: (ci.movie_id = t.id)
              ->  Seq Scan on cast_info ci  (cost=0.00..796071.18 rows=11962575 width=4) (actual time=7654.272..16210.702 rows=13509275 loops=1)
                    Filter: ((person_id > 916020) AND (role_id > 2))
                    Rows Removed by Filter: 22735069
              ->  Hash  (cost=67604.59..67604.59 rows=66731 width=4) (actual time=1038.399..1038.399 rows=67342 loops=1)
                    Buckets: 131072  Batches: 1  Memory Usage: 3392kB
                    ->  Seq Scan on title t  (cost=0.00..67604.59 rows=66731 width=4) (actual time=0.027..1010.198 rows=67342 loops=1)
                          Filter: (production_year > 2012)
                          Rows Removed by Filter: 2460970
Planning time: 1.235 ms
Execution time: 25095.671 ms
