Seq Scan on movie_keyword mk  (cost=0.00..81003.12 rows=3135651 width=0) (actual time=0.020..1501.474 rows=3120252 loops=1)
  Filter: (keyword_id < 11926)
  Rows Removed by Filter: 1403678
Planning time: 0.314 ms
Execution time: 1889.786 ms
