Seq Scan on title t  (cost=0.00..67604.59 rows=7437 width=0) (actual time=617.055..987.479 rows=5945 loops=1)
  Filter: (production_year = 1911)
  Rows Removed by Filter: 2522367
Planning time: 0.374 ms
Execution time: 988.696 ms
