Seq Scan on title t  (cost=0.00..73925.90 rows=1646659 width=0) (actual time=0.014..1105.055 rows=1709249 loops=1)
  Filter: ((kind_id > 2) AND (production_year > 1927))
  Rows Removed by Filter: 819063
Planning time: 0.423 ms
Execution time: 1313.784 ms
