Seq Scan on cast_info ci  (cost=0.00..796071.18 rows=30324998 width=0) (actual time=0.013..18275.412 rows=30511650 loops=1)
  Filter: ((person_id < 4042547) AND (role_id < 9))
  Rows Removed by Filter: 5732694
Planning time: 0.328 ms
Execution time: 21993.494 ms
