Hash Join  (cost=67697.55..94648.62 rows=4059 width=0) (actual time=1250.042..1607.146 rows=2941 loops=1)
  Hash Cond: (mi_idx.movie_id = t.id)
  ->  Seq Scan on movie_info_idx mi_idx  (cost=0.00..21735.35 rows=1380035 width=4) (actual time=0.024..311.229 rows=1380035 loops=1)
  ->  Hash  (cost=67604.59..67604.59 rows=7437 width=4) (actual time=1047.545..1047.545 rows=2493 loops=1)
        Buckets: 8192  Batches: 1  Memory Usage: 152kB
        ->  Seq Scan on title t  (cost=0.00..67604.59 rows=7437 width=4) (actual time=582.866..1046.291 rows=2493 loops=1)
              Filter: (production_year = 1934)
              Rows Removed by Filter: 2525819
Planning time: 0.744 ms
Execution time: 1607.722 ms
