Hash Join  (cost=67697.55..866406.50 rows=2053 width=0) (actual time=3765.275..15027.460 rows=4840 loops=1)
  Hash Cond: (ci.movie_id = t.id)
  ->  Seq Scan on cast_info ci  (cost=0.00..796071.18 rows=697932 width=4) (actual time=2828.700..13973.297 rows=795339 loops=1)
        Filter: ((person_id > 769073) AND (role_id = 5))
        Rows Removed by Filter: 35449005
  ->  Hash  (cost=67604.59..67604.59 rows=7437 width=4) (actual time=935.892..935.892 rows=13994 loops=1)
        Buckets: 16384 (originally 8192)  Batches: 1 (originally 1)  Memory Usage: 620kB
        ->  Seq Scan on title t  (cost=0.00..67604.59 rows=7437 width=4) (actual time=0.140..929.409 rows=13994 loops=1)
              Filter: (production_year = 1976)
              Rows Removed by Filter: 2514318
Planning time: 6.082 ms
Execution time: 15028.330 ms
