Seq Scan on title t  (cost=0.00..73925.90 rows=836315 width=0) (actual time=0.019..1107.632 rows=847424 loops=1)
  Filter: ((kind_id < 4) AND (production_year > 0))
  Rows Removed by Filter: 1680888
Planning time: 0.349 ms
Execution time: 1221.936 ms
