Hash Join  (cost=159955.59..301697.98 rows=701618 width=0) (actual time=3614.427..10015.291 rows=5731271 loops=1)
  Hash Cond: (mk.movie_id = t.id)
  ->  Seq Scan on movie_keyword mk  (cost=0.00..81003.12 rows=4513356 width=4) (actual time=0.017..1812.726 rows=4515616 loops=1)
        Filter: (keyword_id < 126559)
        Rows Removed by Filter: 8314
  ->  Hash  (cost=153506.23..153506.23 rows=393069 width=8) (actual time=3613.275..3613.275 rows=572609 loops=1)
        Buckets: 131072  Batches: 8  Memory Usage: 3849kB
        ->  Hash Join  (cost=79677.10..153506.23 rows=393069 width=8) (actual time=1456.250..3423.288 rows=572609 loops=1)
              Hash Cond: (mc.movie_id = t.id)
              ->  Seq Scan on movie_companies mc  (cost=0.00..51404.11 rows=1350753 width=4) (actual time=0.024..967.956 rows=1359783 loops=1)
                    Filter: (company_id > 11149)
                    Rows Removed by Filter: 1249346
              ->  Hash  (cost=67604.59..67604.59 rows=735801 width=4) (actual time=1455.266..1455.266 rows=730985 loops=1)
                    Buckets: 131072  Batches: 16  Memory Usage: 2631kB
                    ->  Seq Scan on title t  (cost=0.00..67604.59 rows=735801 width=4) (actual time=0.013..1189.695 rows=730985 loops=1)
                          Filter: (production_year < 1992)
                          Rows Removed by Filter: 1797327
Planning time: 1.188 ms
Execution time: 10736.276 ms
