Seq Scan on cast_info ci  (cost=0.00..796071.18 rows=24507840 width=0) (actual time=0.029..15137.019 rows=23986631 loops=1)
  Filter: ((person_id > 778132) AND (role_id < 10))
  Rows Removed by Filter: 12257713
Planning time: 0.272 ms
Execution time: 18007.216 ms
