Hash Join  (cost=160737.19..544119.96 rows=30298 width=181) (actual time=2783.750..11135.178 rows=1481522 loops=1)
  Hash Cond: (mi.movie_id = t.id)
  ->  Seq Scan on movie_info mi  (cost=0.00..309384.22 rows=14739122 width=75) (actual time=0.009..4711.537 rows=14835720 loops=1)
  ->  Hash  (cost=160672.23..160672.23 rows=5197 width=106) (actual time=2773.660..2773.660 rows=30630 loops=1)
        Buckets: 32768 (originally 8192)  Batches: 1 (originally 1)  Memory Usage: 4068kB
        ->  Hash Join  (cost=73962.22..160672.23 rows=5197 width=106) (actual time=892.806..2755.704 rows=30630 loops=1)
              Hash Cond: (mk.movie_id = t.id)
              ->  Seq Scan on movie_keyword mk  (cost=0.00..69693.30 rows=4523930 width=12) (actual time=0.010..1126.879 rows=4523930 loops=1)
              ->  Hash  (cost=73925.90..73925.90 rows=2905 width=94) (actual time=890.983..890.983 rows=5989 loops=1)
                    Buckets: 8192 (originally 4096)  Batches: 1 (originally 1)  Memory Usage: 724kB
                    ->  Seq Scan on title t  (cost=0.00..73925.90 rows=2905 width=94) (actual time=10.564..888.349 rows=5989 loops=1)
                          Filter: ((kind_id < 7) AND (production_year = 1972))
                          Rows Removed by Filter: 2522323
Planning time: 1.513 ms
Execution time: 11211.887 ms
