Hash Join  (cost=102767.86..937033.96 rows=1176795 width=0) (actual time=12029.100..15328.095 rows=1092199 loops=1)
  Hash Cond: (ci.movie_id = t.id)
  ->  Seq Scan on cast_info ci  (cost=0.00..796071.18 rows=1176795 width=4) (actual time=10171.727..12181.872 rows=1092199 loops=1)
        Filter: ((person_id < 1525201) AND (role_id = 4))
        Rows Removed by Filter: 35152145
  ->  Hash  (cost=61283.27..61283.27 rows=2528527 width=4) (actual time=1855.336..1855.336 rows=2528312 loops=1)
        Buckets: 131072  Batches: 64  Memory Usage: 2415kB
        ->  Seq Scan on title t  (cost=0.00..61283.27 rows=2528527 width=4) (actual time=0.015..1044.349 rows=2528312 loops=1)
Planning time: 0.744 ms
Execution time: 15461.420 ms
