Seq Scan on cast_info ci  (cost=0.00..796071.18 rows=14627605 width=0) (actual time=0.014..13186.190 rows=13089380 loops=1)
  Filter: ((person_id > 1934465) AND (role_id < 10))
  Rows Removed by Filter: 23154964
Planning time: 0.249 ms
Execution time: 14780.666 ms
