Nested Loop  (cost=0.43..83072.29 rows=6 width=0) (actual time=3.374..1253.924 rows=20 loops=1)
  ->  Seq Scan on movie_keyword mk  (cost=0.00..81003.12 rows=246 width=4) (actual time=3.342..1233.218 rows=497 loops=1)
        Filter: (keyword_id = 2204)
        Rows Removed by Filter: 4523433
  ->  Index Scan using title_pkey on title t  (cost=0.43..8.40 rows=1 width=4) (actual time=0.040..0.040 rows=0 loops=497)
        Index Cond: (id = mk.movie_id)
        Filter: (production_year = 2002)
        Rows Removed by Filter: 1
Planning time: 0.748 ms
Execution time: 1254.054 ms
