Seq Scan on title t  (cost=0.00..73925.90 rows=933468 width=0) (actual time=0.018..1231.683 rows=904427 loops=1)
  Filter: ((kind_id < 7) AND (production_year > 1916))
  Rows Removed by Filter: 1623885
Planning time: 0.382 ms
Execution time: 1349.385 ms
