Seq Scan on movie_keyword mk  (cost=0.00..81003.12 rows=1692469 width=0) (actual time=0.024..1522.218 rows=1698835 loops=1)
  Filter: (keyword_id < 2649)
  Rows Removed by Filter: 2825095
Planning time: 0.288 ms
Execution time: 1731.665 ms
