Seq Scan on cast_info ci  (cost=0.00..796071.18 rows=22284120 width=0) (actual time=1052.704..16411.387 rows=24130698 loops=1)
  Filter: ((person_id < 3549043) AND (role_id < 4))
  Rows Removed by Filter: 12113646
Planning time: 0.350 ms
Execution time: 19426.358 ms
