Hash Join  (cost=102767.86..1430977.05 rows=21704247 width=0) (actual time=2568.974..39128.392 rows=20857327 loops=1)
  Hash Cond: (ci.movie_id = t.id)
  ->  Seq Scan on cast_info ci  (cost=0.00..796071.18 rows=21704247 width=4) (actual time=0.020..17681.897 rows=20857327 loops=1)
        Filter: ((person_id > 1102223) AND (role_id < 10))
        Rows Removed by Filter: 15387017
  ->  Hash  (cost=61283.27..61283.27 rows=2528527 width=4) (actual time=2567.927..2567.927 rows=2528312 loops=1)
        Buckets: 131072  Batches: 64  Memory Usage: 2415kB
        ->  Seq Scan on title t  (cost=0.00..61283.27 rows=2528527 width=4) (actual time=0.010..1047.796 rows=2528312 loops=1)
Planning time: 3.122 ms
Execution time: 41597.866 ms
