Hash Join  (cost=102767.86..285605.04 rows=3821542 width=0) (actual time=1885.571..6757.468 rows=3818743 loops=1)
  Hash Cond: (mk.movie_id = t.id)
  ->  Seq Scan on movie_keyword mk  (cost=0.00..81003.12 rows=3821542 width=4) (actual time=0.013..1639.260 rows=3818743 loops=1)
        Filter: (keyword_id > 588)
        Rows Removed by Filter: 705187
  ->  Hash  (cost=61283.27..61283.27 rows=2528527 width=4) (actual time=1884.437..1884.437 rows=2528312 loops=1)
        Buckets: 131072  Batches: 64  Memory Usage: 2425kB
        ->  Seq Scan on title t  (cost=0.00..61283.27 rows=2528527 width=4) (actual time=0.015..1032.193 rows=2528312 loops=1)
Planning time: 0.747 ms
Execution time: 7237.138 ms
