Seq Scan on movie_keyword mk  (cost=0.00..81003.12 rows=4221537 width=0) (actual time=0.030..1684.522 rows=4225351 loops=1)
  Filter: (keyword_id < 54093)
  Rows Removed by Filter: 298579
Planning time: 0.355 ms
Execution time: 2209.742 ms
