Hash Join  (cost=76211.77..113076.88 rows=50621 width=0) (actual time=1260.318..2251.961 rows=112492 loops=1)
  Hash Cond: (mi_idx.movie_id = t.id)
  ->  Seq Scan on movie_info_idx mi_idx  (cost=0.00..25185.44 rows=919057 width=4) (actual time=0.015..528.672 rows=920110 loops=1)
        Filter: (info_type_id > 99)
        Rows Removed by Filter: 459925
  ->  Hash  (cost=73925.90..73925.90 rows=139269 width=4) (actual time=1257.744..1257.744 rows=239782 loops=1)
        Buckets: 131072 (originally 131072)  Batches: 4 (originally 2)  Memory Usage: 3133kB
        ->  Seq Scan on title t  (cost=0.00..73925.90 rows=139269 width=4) (actual time=0.008..1171.278 rows=239782 loops=1)
              Filter: ((kind_id < 7) AND (production_year < 1969))
              Rows Removed by Filter: 2288530
Planning time: 0.488 ms
Execution time: 2266.339 ms
