Hash Join  (cost=167935.99..919781.61 rows=105642 width=0) (actual time=2884.233..17723.958 rows=133488 loops=1)
  Hash Cond: (ci.movie_id = t.id)
  ->  Seq Scan on cast_info ci  (cost=0.00..614943.12 rows=36225612 width=4) (actual time=0.018..7393.670 rows=36244344 loops=1)
  ->  Hash  (cost=167843.81..167843.81 rows=7374 width=8) (actual time=2883.199..2883.199 rows=5958 loops=1)
        Buckets: 8192  Batches: 1  Memory Usage: 297kB
        ->  Hash Join  (cost=73994.33..167843.81 rows=7374 width=8) (actual time=1023.036..2881.221 rows=5958 loops=1)
              Hash Cond: (mk.movie_id = t.id)
              ->  Seq Scan on movie_keyword mk  (cost=0.00..81003.12 rows=3406031 width=4) (actual time=0.021..1362.157 rows=3398380 loops=1)
                    Filter: (keyword_id > 1215)
                    Rows Removed by Filter: 1125550
              ->  Hash  (cost=73925.90..73925.90 rows=5474 width=4) (actual time=1020.563..1020.563 rows=9919 loops=1)
                    Buckets: 16384 (originally 8192)  Batches: 1 (originally 1)  Memory Usage: 477kB
                    ->  Seq Scan on title t  (cost=0.00..73925.90 rows=5474 width=4) (actual time=0.079..1015.502 rows=9919 loops=1)
                          Filter: ((kind_id > 1) AND (production_year = 1966))
                          Rows Removed by Filter: 2518393
Planning time: 1.208 ms
Execution time: 17742.954 ms
