Hash Join  (cost=74213.42..133616.65 rows=3496 width=0) (actual time=1159.443..2120.615 rows=11975 loops=1)
  Hash Cond: (mc.movie_id = t.id)
  ->  Seq Scan on movie_companies mc  (cost=0.00..57926.93 rows=384356 width=4) (actual time=118.498..922.073 rows=703783 loops=1)
        Filter: ((company_id > 35570) AND (company_type_id = 2))
        Rows Removed by Filter: 1905346
  ->  Hash  (cost=73925.90..73925.90 rows=23001 width=4) (actual time=1040.477..1040.477 rows=17208 loops=1)
        Buckets: 32768  Batches: 1  Memory Usage: 861kB
        ->  Seq Scan on title t  (cost=0.00..73925.90 rows=23001 width=4) (actual time=0.048..1032.362 rows=17208 loops=1)
              Filter: ((kind_id < 4) AND (production_year = 2003))
              Rows Removed by Filter: 2511104
Planning time: 0.881 ms
Execution time: 2122.777 ms
