Hash Join  (cost=154654.97..511975.57 rows=11549 width=0) (actual time=1901.215..6821.699 rows=1332485 loops=1)
  Hash Cond: (mi.movie_id = t.id)
  ->  Seq Scan on movie_info mi  (cost=0.00..346232.03 rows=2194617 width=4) (actual time=0.012..4287.219 rows=2233850 loops=1)
        Filter: (info_type_id > 16)
        Rows Removed by Filter: 12601870
  ->  Hash  (cost=154488.65..154488.65 rows=13306 width=8) (actual time=1900.992..1900.992 rows=49065 loops=1)
        Buckets: 65536 (originally 16384)  Batches: 1 (originally 1)  Memory Usage: 2429kB
        ->  Hash Join  (cost=67697.55..154488.65 rows=13306 width=8) (actual time=579.164..1887.083 rows=49065 loops=1)
              Hash Cond: (mk.movie_id = t.id)
              ->  Seq Scan on movie_keyword mk  (cost=0.00..69693.30 rows=4523930 width=4) (actual time=0.018..627.091 rows=4523930 loops=1)
              ->  Hash  (cost=67604.59..67604.59 rows=7437 width=4) (actual time=579.079..579.079 rows=20122 loops=1)
                    Buckets: 32768 (originally 8192)  Batches: 1 (originally 1)  Memory Usage: 964kB
                    ->  Seq Scan on title t  (cost=0.00..67604.59 rows=7437 width=4) (actual time=0.037..572.315 rows=20122 loops=1)
                          Filter: (production_year = 1987)
                          Rows Removed by Filter: 2508190
Planning time: 1.072 ms
Execution time: 6960.541 ms
