Hash Join  (cost=143472.50..231312.53 rows=118199 width=0) (actual time=2848.710..5183.820 rows=2271541 loops=1)
  Hash Cond: (mk.movie_id = t.id)
  ->  Seq Scan on movie_keyword mk  (cost=0.00..69693.30 rows=4523930 width=4) (actual time=0.026..961.457 rows=4523930 loops=1)
  ->  Hash  (cost=142646.70..142646.70 rows=66064 width=8) (actual time=2847.852..2847.852 rows=44627 loops=1)
        Buckets: 131072  Batches: 1  Memory Usage: 2768kB
        ->  Hash Join  (cost=78556.72..142646.70 rows=66064 width=8) (actual time=1376.262..2830.605 rows=44627 loops=1)
              Hash Cond: (mc.movie_id = t.id)
              ->  Seq Scan on movie_companies mc  (cost=0.00..57926.93 rows=250241 width=4) (actual time=0.028..899.399 rows=372031 loops=1)
                    Filter: ((company_id < 465) AND (company_type_id < 2))
                    Rows Removed by Filter: 2237098
              ->  Hash  (cost=67604.59..67604.59 rows=667531 width=4) (actual time=1301.761..1301.761 rows=662825 loops=1)
                    Buckets: 131072  Batches: 16  Memory Usage: 2476kB
                    ->  Seq Scan on title t  (cost=0.00..67604.59 rows=667531 width=4) (actual time=0.018..1091.306 rows=662825 loops=1)
                          Filter: (kind_id = 1)
                          Rows Removed by Filter: 1865487
Planning time: 1.268 ms
Execution time: 5462.989 ms
