Hash Join  (cost=130004.04..484466.63 rows=75 width=0) (actual time=2278.110..6681.416 rows=2885 loops=1)
  Hash Cond: (mi.movie_id = t.id)
  ->  Seq Scan on movie_info mi  (cost=0.00..346232.03 rows=2194617 width=4) (actual time=180.704..4368.106 rows=2233850 loops=1)
        Filter: (info_type_id > 16)
        Rows Removed by Filter: 12601870
  ->  Hash  (cost=130002.97..130002.97 rows=86 width=8) (actual time=1975.233..1975.233 rows=1105 loops=1)
        Buckets: 2048 (originally 1024)  Batches: 1 (originally 1)  Memory Usage: 60kB
        ->  Hash Join  (cost=73928.08..130002.97 rows=86 width=8) (actual time=888.208..1974.553 rows=1105 loops=1)
              Hash Cond: (mc.movie_id = t.id)
              ->  Seq Scan on movie_companies mc  (cost=0.00..51404.11 rows=1245311 width=4) (actual time=0.032..881.985 rows=1235854 loops=1)
                    Filter: (company_id < 11146)
                    Rows Removed by Filter: 1373275
              ->  Hash  (cost=73925.90..73925.90 rows=174 width=4) (actual time=887.699..887.699 rows=3217 loops=1)
                    Buckets: 4096 (originally 1024)  Batches: 1 (originally 1)  Memory Usage: 146kB
                    ->  Seq Scan on title t  (cost=0.00..73925.90 rows=174 width=4) (actual time=7.570..886.166 rows=3217 loops=1)
                          Filter: ((production_year > 2013) AND (kind_id = 1))
                          Rows Removed by Filter: 2525095
Planning time: 1.200 ms
Execution time: 6682.051 ms
