Nested Loop  (cost=0.43..797556.14 rows=144 width=0) (actual time=9955.653..10218.667 rows=35 loops=1)
  ->  Seq Scan on cast_info ci  (cost=0.00..796071.18 rows=176 width=4) (actual time=9955.521..10217.580 rows=45 loops=1)
        Filter: ((person_id = 1219597) AND (role_id = 1))
        Rows Removed by Filter: 36244299
  ->  Index Scan using title_pkey on title t  (cost=0.43..8.43 rows=1 width=4) (actual time=0.022..0.022 rows=1 loops=45)
        Index Cond: (id = ci.movie_id)
        Filter: (production_year < 2011)
        Rows Removed by Filter: 0
Planning time: 0.798 ms
Execution time: 10218.781 ms
