Hash Join  (cost=162957.69..914365.77 rows=61888 width=0) (actual time=2812.029..18370.283 rows=34423 loops=1)
  Hash Cond: (ci.movie_id = t.id)
  ->  Seq Scan on cast_info ci  (cost=0.00..614943.12 rows=36225612 width=4) (actual time=0.015..8268.876 rows=36244344 loops=1)
  ->  Hash  (cost=162903.69..162903.69 rows=4320 width=8) (actual time=2811.060..2811.060 rows=2105 loops=1)
        Buckets: 8192  Batches: 1  Memory Usage: 147kB
        ->  Hash Join  (cost=73990.99..162903.69 rows=4320 width=8) (actual time=1233.717..2810.058 rows=2105 loops=1)
              Hash Cond: (mk.movie_id = t.id)
              ->  Seq Scan on movie_keyword mk  (cost=0.00..81003.12 rows=2097699 width=4) (actual time=0.025..1273.173 rows=2107504 loops=1)
                    Filter: (keyword_id < 3804)
                    Rows Removed by Filter: 2416426
              ->  Hash  (cost=73925.90..73925.90 rows=5207 width=4) (actual time=1201.964..1201.964 rows=6427 loops=1)
                    Buckets: 8192  Batches: 1  Memory Usage: 290kB
                    ->  Seq Scan on title t  (cost=0.00..73925.90 rows=5207 width=4) (actual time=0.040..1198.664 rows=6427 loops=1)
                          Filter: ((kind_id > 2) AND (production_year = 1958))
                          Rows Removed by Filter: 2521885
Planning time: 1.259 ms
Execution time: 18376.457 ms
