Hash Join  (cost=128753.29..215494.99 rows=8366 width=0) (actual time=2507.501..2893.873 rows=14446 loops=1)
  Hash Cond: (mk.movie_id = t.id)
  ->  Seq Scan on movie_keyword mk  (cost=0.00..69693.30 rows=4523930 width=4) (actual time=0.011..732.936 rows=4523930 loops=1)
  ->  Hash  (cost=128694.84..128694.84 rows=4676 width=8) (actual time=1404.932..1404.932 rows=9214 loops=1)
        Buckets: 16384 (originally 8192)  Batches: 1 (originally 1)  Memory Usage: 488kB
        ->  Hash Join  (cost=73982.55..128694.84 rows=4676 width=8) (actual time=985.528..1402.918 rows=9214 loops=1)
              Hash Cond: (mc.movie_id = t.id)
              ->  Seq Scan on movie_companies mc  (cost=0.00..44881.29 rows=2609129 width=4) (actual time=0.011..219.506 rows=2609129 loops=1)
              ->  Hash  (cost=73925.90..73925.90 rows=4532 width=4) (actual time=935.491..935.491 rows=8420 loops=1)
                    Buckets: 16384 (originally 8192)  Batches: 1 (originally 1)  Memory Usage: 425kB
                    ->  Seq Scan on title t  (cost=0.00..73925.90 rows=4532 width=4) (actual time=0.205..931.765 rows=8420 loops=1)
                          Filter: ((kind_id = 7) AND (production_year = 1966))
                          Rows Removed by Filter: 2519892
Planning time: 1.143 ms
Execution time: 2895.781 ms
