Hash Join  (cost=109943.74..569040.68 rows=298374 width=0) (actual time=2332.128..11543.231 rows=1028464 loops=1)
  Hash Cond: (mi.movie_id = t.id)
  ->  Seq Scan on movie_info mi  (cost=0.00..346232.03 rows=9476311 width=4) (actual time=397.668..6106.928 rows=9565151 loops=1)
        Filter: (info_type_id < 16)
        Rows Removed by Filter: 5270569
  ->  Hash  (cost=108637.57..108637.57 rows=79614 width=8) (actual time=1933.634..1933.634 rows=79808 loops=1)
        Buckets: 131072  Batches: 2  Memory Usage: 2586kB
        ->  Hash Join  (cost=71214.36..108637.57 rows=79614 width=8) (actual time=1026.313..1905.903 rows=79808 loops=1)
              Hash Cond: (mi_idx.movie_id = t.id)
              ->  Seq Scan on movie_info_idx mi_idx  (cost=0.00..25185.44 rows=915101 width=4) (actual time=0.031..459.339 rows=919850 loops=1)
                    Filter: (info_type_id < 101)
                    Rows Removed by Filter: 460185
              ->  Hash  (cost=67604.59..67604.59 rows=219982 width=4) (actual time=1025.442..1025.442 rows=221115 loops=1)
                    Buckets: 131072  Batches: 4  Memory Usage: 2967kB
                    ->  Seq Scan on title t  (cost=0.00..67604.59 rows=219982 width=4) (actual time=0.022..946.116 rows=221115 loops=1)
                          Filter: (production_year < 1958)
                          Rows Removed by Filter: 2307197
Planning time: 1.166 ms
Execution time: 11672.083 ms
