Seq Scan on movie_companies mc  (cost=0.00..57926.93 rows=1365 width=0) (actual time=0.114..857.193 rows=367 loops=1)
  Filter: ((company_type_id < 2) AND (company_id = 13543))
  Rows Removed by Filter: 2608762
Planning time: 0.403 ms
Execution time: 857.380 ms
