Hash Join  (cost=102767.86..1042487.13 rows=5559267 width=0) (actual time=4673.359..15161.921 rows=2354695 loops=1)
  Hash Cond: (ci.movie_id = t.id)
  ->  Seq Scan on cast_info ci  (cost=0.00..796071.18 rows=5559267 width=4) (actual time=2898.190..11235.578 rows=2354695 loops=1)
        Filter: ((person_id < 829946) AND (role_id > 1))
        Rows Removed by Filter: 33889649
  ->  Hash  (cost=61283.27..61283.27 rows=2528527 width=4) (actual time=1748.269..1748.269 rows=2528312 loops=1)
        Buckets: 131072  Batches: 64  Memory Usage: 2415kB
        ->  Seq Scan on title t  (cost=0.00..61283.27 rows=2528527 width=4) (actual time=0.022..895.291 rows=2528312 loops=1)
Planning time: 0.747 ms
Execution time: 15430.941 ms
