Hash Join  (cost=263115.61..1463419.87 rows=16676737 width=0) (actual time=6228.865..43849.168 rows=40678086 loops=1)
  Hash Cond: (ci.movie_id = t.id)
  ->  Seq Scan on cast_info ci  (cost=0.00..796071.18 rows=16161554 width=4) (actual time=0.020..16777.188 rows=20122661 loops=1)
        Filter: ((person_id < 2960062) AND (role_id < 3))
        Rows Removed by Filter: 16121683
  ->  Hash  (cost=220309.49..220309.49 rows=2609129 width=8) (actual time=6227.480..6227.480 rows=2609129 loops=1)
        Buckets: 131072  Batches: 64  Memory Usage: 2610kB
        ->  Hash Join  (cost=102767.86..220309.49 rows=2609129 width=8) (actual time=1846.825..5201.758 rows=2609129 loops=1)
              Hash Cond: (mc.movie_id = t.id)
              ->  Seq Scan on movie_companies mc  (cost=0.00..44881.29 rows=2609129 width=4) (actual time=0.024..939.828 rows=2609129 loops=1)
              ->  Hash  (cost=61283.27..61283.27 rows=2528527 width=4) (actual time=1845.940..1845.940 rows=2528312 loops=1)
                    Buckets: 131072  Batches: 64  Memory Usage: 2415kB
                    ->  Seq Scan on title t  (cost=0.00..61283.27 rows=2528527 width=4) (actual time=0.020..1000.915 rows=2528312 loops=1)
Planning time: 1.148 ms
Execution time: 48151.972 ms
