Hash Join  (cost=130550.02..498504.31 rows=329836 width=0) (actual time=2589.177..11663.473 rows=1870286 loops=1)
  Hash Cond: (mi.movie_id = t.id)
  ->  Seq Scan on movie_info mi  (cost=0.00..309384.22 rows=14739122 width=4) (actual time=0.019..3297.011 rows=14835720 loops=1)
  ->  Hash  (cost=129842.72..129842.72 rows=56584 width=8) (actual time=2423.853..2423.853 rows=124442 loops=1)
        Buckets: 131072 (originally 65536)  Batches: 2 (originally 1)  Memory Usage: 3460kB
        ->  Hash Join  (cost=74611.35..129842.72 rows=56584 width=8) (actual time=1115.242..2375.791 rows=124442 loops=1)
              Hash Cond: (mc.movie_id = t.id)
              ->  Seq Scan on movie_companies mc  (cost=0.00..44881.29 rows=2609129 width=4) (actual time=0.023..513.426 rows=2609129 loops=1)
              ->  Hash  (cost=73925.90..73925.90 rows=54836 width=4) (actual time=1114.848..1114.848 rows=55815 loops=1)
                    Buckets: 65536  Batches: 1  Memory Usage: 2475kB
                    ->  Seq Scan on title t  (cost=0.00..73925.90 rows=54836 width=4) (actual time=271.188..1091.839 rows=55815 loops=1)
                          Filter: ((production_year > 1997) AND (kind_id = 2))
                          Rows Removed by Filter: 2472497
Planning time: 5.428 ms
Execution time: 11876.399 ms
