Nested Loop  (cost=0.43..83071.67 rows=246 width=0) (actual time=2.392..1236.692 rows=643 loops=1)
  ->  Seq Scan on movie_keyword mk  (cost=0.00..81003.12 rows=246 width=4) (actual time=2.340..1212.882 rows=643 loops=1)
        Filter: (keyword_id = 2791)
        Rows Removed by Filter: 4523287
  ->  Index Only Scan using title_pkey on title t  (cost=0.43..8.40 rows=1 width=4) (actual time=0.035..0.035 rows=1 loops=643)
        Index Cond: (id = mk.movie_id)
        Heap Fetches: 643
Planning time: 0.742 ms
Execution time: 1237.028 ms
