Hash Join  (cost=96375.19..461188.03 rows=15689 width=0) (actual time=1660.183..8686.651 rows=121752 loops=1)
  Hash Cond: (mi.movie_id = t.id)
  ->  Seq Scan on movie_info mi  (cost=0.00..309384.22 rows=14739122 width=4) (actual time=0.022..3870.241 rows=14835720 loops=1)
  ->  Hash  (cost=96341.54..96341.54 rows=2692 width=8) (actual time=1659.980..1659.980 rows=8080 loops=1)
        Buckets: 8192 (originally 4096)  Batches: 1 (originally 1)  Memory Usage: 380kB
        ->  Hash Join  (cost=67697.55..96341.54 rows=2692 width=8) (actual time=1024.106..1656.533 rows=8080 loops=1)
              Hash Cond: (mi_idx.movie_id = t.id)
              ->  Seq Scan on movie_info_idx mi_idx  (cost=0.00..25185.44 rows=915101 width=4) (actual time=0.023..449.421 rows=919850 loops=1)
                    Filter: (info_type_id < 101)
                    Rows Removed by Filter: 460185
              ->  Hash  (cost=67604.59..67604.59 rows=7437 width=4) (actual time=1023.941..1023.941 rows=15489 loops=1)
                    Buckets: 16384 (originally 8192)  Batches: 1 (originally 1)  Memory Usage: 673kB
                    ->  Seq Scan on title t  (cost=0.00..67604.59 rows=7437 width=4) (actual time=0.068..1016.468 rows=15489 loops=1)
                          Filter: (production_year = 1983)
                          Rows Removed by Filter: 2512823
Planning time: 2.387 ms
Execution time: 8705.506 ms
