Seq Scan on movie_keyword mk  (cost=0.00..81003.12 rows=3992722 width=0) (actual time=0.020..1198.451 rows=4003830 loops=1)
  Filter: (keyword_id < 34794)
  Rows Removed by Filter: 520100
Planning time: 0.292 ms
Execution time: 1630.781 ms
