Nested Loop  (cost=0.43..797488.46 rows=128 width=0) (actual time=6180.521..13002.466 rows=3 loops=1)
  ->  Seq Scan on cast_info ci  (cost=0.00..796071.18 rows=168 width=4) (actual time=5654.725..13002.205 rows=6 loops=1)
        Filter: ((role_id > 3) AND (person_id = 2974074))
        Rows Removed by Filter: 36244338
  ->  Index Scan using title_pkey on title t  (cost=0.43..8.43 rows=1 width=4) (actual time=0.031..0.031 rows=0 loops=6)
        Index Cond: (id = ci.movie_id)
        Filter: (production_year < 2010)
        Rows Removed by Filter: 0
Planning time: 0.578 ms
Execution time: 13002.574 ms
