Seq Scan on cast_info ci  (cost=0.00..705507.15 rows=7001957 width=0) (actual time=0.014..10272.967 rows=7071422 loops=1)
  Filter: (person_id > 2958919)
  Rows Removed by Filter: 29172922
Planning time: 0.347 ms
Execution time: 11154.986 ms
