Seq Scan on movie_keyword mk  (cost=0.00..81003.12 rows=246 width=0) (actual time=0.084..1094.649 rows=1409 loops=1)
  Filter: (keyword_id = 795)
  Rows Removed by Filter: 4522521
Planning time: 0.345 ms
Execution time: 1095.223 ms
