Seq Scan on movie_keyword mk  (cost=0.00..81003.12 rows=222424 width=0) (actual time=0.018..1143.909 rows=224302 loops=1)
  Filter: (keyword_id > 64140)
  Rows Removed by Filter: 4299628
Planning time: 0.241 ms
Execution time: 1173.460 ms
