Hash Join  (cost=156410.74..662418.54 rows=2455588 width=0) (actual time=3930.538..17988.064 rows=6422108 loops=1)
  Hash Cond: (mi.movie_id = t.id)
  ->  Seq Scan on movie_info mi  (cost=0.00..309384.22 rows=14739122 width=4) (actual time=0.006..5494.019 rows=14835720 loops=1)
  ->  Hash  (cost=149498.98..149498.98 rows=421261 width=8) (actual time=3929.775..3929.775 rows=429934 loops=1)
        Buckets: 131072  Batches: 8  Memory Usage: 3139kB
        ->  Hash Join  (cost=105192.26..149498.98 rows=421261 width=8) (actual time=2390.074..3789.254 rows=429934 loops=1)
              Hash Cond: (mi_idx.movie_id = t.id)
              ->  Seq Scan on movie_info_idx mi_idx  (cost=0.00..25185.44 rows=464934 width=4) (actual time=0.028..561.781 rows=460185 loops=1)
                    Filter: (info_type_id > 100)
                    Rows Removed by Filter: 919850
              ->  Hash  (cost=67604.59..67604.59 rows=2291014 width=4) (actual time=2389.094..2389.094 rows=2281608 loops=1)
                    Buckets: 131072  Batches: 32  Memory Usage: 3535kB
                    ->  Seq Scan on title t  (cost=0.00..67604.59 rows=2291014 width=4) (actual time=0.024..1470.870 rows=2281608 loops=1)
                          Filter: (production_year > 1951)
                          Rows Removed by Filter: 246704
Planning time: 10.644 ms
Execution time: 18719.035 ms
