Hash Join  (cost=219566.08..1347617.85 rows=9174660 width=0) (actual time=3969.459..40269.830 rows=25201681 loops=1)
  Hash Cond: (ci.movie_id = t.id)
  ->  Seq Scan on cast_info ci  (cost=0.00..614943.12 rows=36225612 width=4) (actual time=0.021..12060.098 rows=36244344 loops=1)
  ->  Hash  (cost=209059.26..209059.26 rows=640386 width=8) (actual time=3968.528..3968.528 rows=641726 loops=1)
        Buckets: 131072  Batches: 16  Memory Usage: 2617kB
        ->  Hash Join  (cost=102767.86..209059.26 rows=640386 width=8) (actual time=1744.604..3781.671 rows=641726 loops=1)
              Hash Cond: (mk.movie_id = t.id)
              ->  Seq Scan on movie_keyword mk  (cost=0.00..81003.12 rows=640386 width=4) (actual time=0.022..1134.778 rows=641726 loops=1)
                    Filter: (keyword_id < 498)
                    Rows Removed by Filter: 3882204
              ->  Hash  (cost=61283.27..61283.27 rows=2528527 width=4) (actual time=1742.894..1742.894 rows=2528312 loops=1)
                    Buckets: 131072  Batches: 64  Memory Usage: 2425kB
                    ->  Seq Scan on title t  (cost=0.00..61283.27 rows=2528527 width=4) (actual time=0.016..890.909 rows=2528312 loops=1)
Planning time: 1.128 ms
Execution time: 43063.822 ms
