Seq Scan on movie_companies mc  (cost=0.00..57926.93 rows=253485 width=0) (actual time=0.010..846.305 rows=499640 loops=1)
  Filter: ((company_id > 74234) AND (company_type_id > 1))
  Rows Removed by Filter: 2109489
Planning time: 1.767 ms
Execution time: 915.117 ms
