Hash Join  (cost=207785.32..280911.34 rows=147626 width=0) (actual time=3889.676..5569.415 rows=599264 loops=1)
  Hash Cond: (mc.movie_id = t.id)
  ->  Seq Scan on movie_companies mc  (cost=0.00..57926.93 rows=1068753 width=4) (actual time=0.009..979.834 rows=1197929 loops=1)
        Filter: ((company_id > 472) AND (company_type_id = 2))
        Rows Removed by Filter: 1411200
  ->  Hash  (cost=202054.52..202054.52 rows=349264 width=8) (actual time=3888.805..3888.805 rows=363692 loops=1)
        Buckets: 131072  Batches: 8  Memory Usage: 2828kB
        ->  Hash Join  (cost=102767.86..202054.52 rows=349264 width=8) (actual time=1837.758..3775.350 rows=363692 loops=1)
              Hash Cond: (mk.movie_id = t.id)
              ->  Seq Scan on movie_keyword mk  (cost=0.00..81003.12 rows=349264 width=4) (actual time=0.026..1201.729 rows=363692 loops=1)
                    Filter: (keyword_id < 335)
                    Rows Removed by Filter: 4160238
              ->  Hash  (cost=61283.27..61283.27 rows=2528527 width=4) (actual time=1834.904..1834.904 rows=2528312 loops=1)
                    Buckets: 131072  Batches: 64  Memory Usage: 2425kB
                    ->  Seq Scan on title t  (cost=0.00..61283.27 rows=2528527 width=4) (actual time=0.013..955.021 rows=2528312 loops=1)
Planning time: 1.096 ms
Execution time: 5642.057 ms
