Hash Join  (cost=70308.29..199323.10 rows=252717 width=0) (actual time=989.697..3968.046 rows=88484 loops=1)
  Hash Cond: (mk.movie_id = t.id)
  ->  Seq Scan on movie_keyword mk  (cost=0.00..81003.12 rows=3878004 width=4) (actual time=0.014..1604.363 rows=3867459 loops=1)
        Filter: (keyword_id < 28625)
        Rows Removed by Filter: 656471
  ->  Hash  (cost=67604.59..67604.59 rows=164776 width=4) (actual time=987.467..987.467 rows=164307 loops=1)
        Buckets: 131072  Batches: 4  Memory Usage: 2488kB
        ->  Seq Scan on title t  (cost=0.00..67604.59 rows=164776 width=4) (actual time=0.024..928.450 rows=164307 loops=1)
              Filter: (production_year = 2012)
              Rows Removed by Filter: 2364005
Planning time: 0.780 ms
Execution time: 3978.301 ms
