Hash Join  (cost=83072.94..109983.44 rows=2 width=0) (actual time=1343.182..1685.647 rows=9 loops=1)
  Hash Cond: (mi_idx.movie_id = t.id)
  ->  Seq Scan on movie_info_idx mi_idx  (cost=0.00..21735.35 rows=1380035 width=4) (actual time=0.013..300.752 rows=1380035 loops=1)
  ->  Hash  (cost=83072.90..83072.90 rows=3 width=8) (actual time=1129.769..1129.769 rows=3 loops=1)
        Buckets: 1024  Batches: 1  Memory Usage: 9kB
        ->  Nested Loop  (cost=0.43..83072.90 rows=3 width=8) (actual time=42.557..1129.749 rows=3 loops=1)
              ->  Seq Scan on movie_keyword mk  (cost=0.00..81003.12 rows=246 width=4) (actual time=2.103..1126.613 rows=76 loops=1)
                    Filter: (keyword_id = 31003)
                    Rows Removed by Filter: 4523854
              ->  Index Scan using title_pkey on title t  (cost=0.43..8.40 rows=1 width=4) (actual time=0.037..0.037 rows=0 loops=76)
                    Index Cond: (id = mk.movie_id)
                    Filter: ((kind_id = 1) AND (production_year = 2008))
                    Rows Removed by Filter: 1
Planning time: 1.213 ms
Execution time: 1685.800 ms
