Hash Join  (cost=149400.90..241196.48 rows=44898 width=0) (actual time=2583.480..4191.274 rows=14188 loops=1)
  Hash Cond: (mk.movie_id = t.id)
  ->  Seq Scan on movie_keyword mk  (cost=0.00..81003.12 rows=849195 width=4) (actual time=0.034..1314.495 rows=853464 loops=1)
        Filter: (keyword_id < 815)
        Rows Removed by Filter: 3670466
  ->  Hash  (cost=147206.82..147206.82 rows=133686 width=8) (actual time=2582.671..2582.671 rows=90897 loops=1)
        Buckets: 131072  Batches: 2  Memory Usage: 2797kB
        ->  Hash Join  (cost=78097.80..147206.82 rows=133686 width=8) (actual time=1304.340..2551.546 rows=90897 loops=1)
              Hash Cond: (mc.movie_id = t.id)
              ->  Seq Scan on movie_companies mc  (cost=0.00..51404.11 rows=1329612 width=4) (actual time=271.990..940.347 rows=1334883 loops=1)
                    Filter: (company_type_id = 2)
                    Rows Removed by Filter: 1274246
              ->  Hash  (cost=73925.90..73925.90 rows=254232 width=4) (actual time=1031.348..1031.348 rows=145458 loops=1)
                    Buckets: 131072  Batches: 4  Memory Usage: 2301kB
                    ->  Seq Scan on title t  (cost=0.00..73925.90 rows=254232 width=4) (actual time=0.033..981.318 rows=145458 loops=1)
                          Filter: ((production_year < 1973) AND (kind_id = 7))
                          Rows Removed by Filter: 2382854
Planning time: 1.210 ms
Execution time: 4193.768 ms
