Hash Join  (cost=102767.86..194347.84 rows=28976 width=0) (actual time=1771.736..3209.839 rows=25578 loops=1)
  Hash Cond: (mk.movie_id = t.id)
  ->  Seq Scan on movie_keyword mk  (cost=0.00..81003.12 rows=28976 width=4) (actual time=0.024..1069.876 rows=25578 loops=1)
        Filter: (keyword_id > 113358)
        Rows Removed by Filter: 4498352
  ->  Hash  (cost=61283.27..61283.27 rows=2528527 width=4) (actual time=1769.105..1769.105 rows=2528312 loops=1)
        Buckets: 131072  Batches: 64  Memory Usage: 2425kB
        ->  Seq Scan on title t  (cost=0.00..61283.27 rows=2528527 width=4) (actual time=0.008..886.824 rows=2528312 loops=1)
Planning time: 0.676 ms
Execution time: 3212.834 ms
