Hash Join  (cost=265124.10..867987.06 rows=9806114 width=0) (actual time=5252.542..17857.378 rows=4556848 loops=1)
  Hash Cond: (mi.movie_id = t.id)
  ->  Seq Scan on movie_info mi  (cost=0.00..309384.22 rows=14739122 width=4) (actual time=0.014..5262.335 rows=14835720 loops=1)
  ->  Hash  (cost=237523.86..237523.86 rows=1682259 width=8) (actual time=5155.532..5155.532 rows=413398 loops=1)
        Buckets: 131072  Batches: 32  Memory Usage: 1519kB
        ->  Hash Join  (cost=93155.63..237523.86 rows=1682259 width=8) (actual time=3318.922..5026.762 rows=413398 loops=1)
              Hash Cond: (mk.movie_id = t.id)
              ->  Seq Scan on movie_keyword mk  (cost=0.00..81003.12 rows=3629204 width=4) (actual time=0.020..1637.403 rows=3621964 loops=1)
                    Filter: (keyword_id > 853)
                    Rows Removed by Filter: 901966
              ->  Hash  (cost=73925.90..73925.90 rows=1172058 width=4) (actual time=1537.113..1537.113 rows=1128906 loops=1)
                    Buckets: 131072  Batches: 16  Memory Usage: 3509kB
                    ->  Seq Scan on title t  (cost=0.00..73925.90 rows=1172058 width=4) (actual time=0.011..1181.204 rows=1128906 loops=1)
                          Filter: ((production_year < 2010) AND (kind_id = 7))
                          Rows Removed by Filter: 1399406
Planning time: 1.133 ms
Execution time: 18304.974 ms
