Hash Join  (cost=68363.15..827846.52 rows=869420 width=0) (actual time=948.384..20035.979 rows=161000 loops=1)
  Hash Cond: (ci.movie_id = t.id)
  ->  Seq Scan on cast_info ci  (cost=0.00..614943.12 rows=36225612 width=4) (actual time=0.014..7601.604 rows=36244344 loops=1)
  ->  Hash  (cost=67604.59..67604.59 rows=60685 width=4) (actual time=947.067..947.067 rows=59847 loops=1)
        Buckets: 65536  Batches: 1  Memory Usage: 2616kB
        ->  Seq Scan on title t  (cost=0.00..67604.59 rows=60685 width=4) (actual time=283.074..924.022 rows=59847 loops=1)
              Filter: (production_year < 1915)
              Rows Removed by Filter: 2468465
Planning time: 0.745 ms
Execution time: 20059.739 ms
