Seq Scan on cast_info ci  (cost=0.00..705507.15 rows=26272407 width=0) (actual time=0.015..11396.111 rows=26303791 loops=1)
  Filter: (person_id < 2719921)
  Rows Removed by Filter: 9940553
Planning time: 0.343 ms
Execution time: 14403.615 ms
