Hash Join  (cost=1022582.81..3714662.05 rows=128394109 width=0) (actual time=28712.419..128447.336 rows=281373196 loops=1)
  Hash Cond: (ci.movie_id = t.id)
  ->  Seq Scan on cast_info ci  (cost=0.00..705507.15 rows=23306750 width=4) (actual time=1598.000..14545.501 rows=23359409 loops=1)
        Filter: (person_id > 1272090)
        Rows Removed by Filter: 12884935
  ->  Hash  (cost=794053.89..794053.89 rows=13929354 width=8) (actual time=27110.984..27110.984 rows=14033580 loops=1)
        Buckets: 131072  Batches: 256  Memory Usage: 3148kB
        ->  Hash Join  (cost=102767.86..794053.89 rows=13929354 width=8) (actual time=1949.344..21227.257 rows=14033580 loops=1)
              Hash Cond: (mi.movie_id = t.id)
              ->  Seq Scan on movie_info mi  (cost=0.00..346232.03 rows=13929354 width=4) (actual time=0.029..6589.778 rows=14033580 loops=1)
                    Filter: (info_type_id > 1)
                    Rows Removed by Filter: 802140
              ->  Hash  (cost=61283.27..61283.27 rows=2528527 width=4) (actual time=1948.453..1948.453 rows=2528312 loops=1)
                    Buckets: 131072  Batches: 64  Memory Usage: 2425kB
                    ->  Seq Scan on title t  (cost=0.00..61283.27 rows=2528527 width=4) (actual time=0.013..1072.649 rows=2528312 loops=1)
Planning time: 0.791 ms
Execution time: 159220.834 ms
