Seq Scan on movie_keyword mk  (cost=0.00..81003.12 rows=246 width=0) (actual time=8.074..1115.509 rows=79 loops=1)
  Filter: (keyword_id = 27434)
  Rows Removed by Filter: 4523851
Planning time: 0.372 ms
Execution time: 1115.667 ms
