Hash Join  (cost=160585.21..1018124.35 rows=517 width=0) (actual time=2678.145..20480.589 rows=634 loops=1)
  Hash Cond: (ci.movie_id = t.id)
  ->  Seq Scan on cast_info ci  (cost=0.00..705507.15 rows=30405364 width=4) (actual time=0.008..13783.810 rows=30511650 loops=1)
        Filter: (role_id < 9)
        Rows Removed by Filter: 5732694
  ->  Hash  (cost=160584.67..160584.67 rows=43 width=8) (actual time=2542.230..2542.230 rows=100 loops=1)
        Buckets: 1024  Batches: 1  Memory Usage: 12kB
        ->  Hash Join  (cost=73926.21..160584.67 rows=43 width=8) (actual time=2086.872..2542.138 rows=100 loops=1)
              Hash Cond: (mk.movie_id = t.id)
              ->  Seq Scan on movie_keyword mk  (cost=0.00..69693.30 rows=4523930 width=4) (actual time=0.024..870.702 rows=4523930 loops=1)
              ->  Hash  (cost=73925.90..73925.90 rows=24 width=4) (actual time=900.471..900.471 rows=86 loops=1)
                    Buckets: 1024  Batches: 1  Memory Usage: 12kB
                    ->  Seq Scan on title t  (cost=0.00..73925.90 rows=24 width=4) (actual time=173.849..900.352 rows=86 loops=1)
                          Filter: ((production_year > 2013) AND (kind_id = 2))
                          Rows Removed by Filter: 2528226
Planning time: 1.106 ms
Execution time: 20481.009 ms
