Hash Join  (cost=197518.10..1254424.13 rows=2248891 width=0) (actual time=3802.534..31624.057 rows=8827406 loops=1)
  Hash Cond: (ci.movie_id = t.id)
  ->  Seq Scan on cast_info ci  (cost=0.00..614943.12 rows=36225612 width=4) (actual time=0.021..12197.602 rows=36244344 loops=1)
  ->  Hash  (cost=194941.96..194941.96 rows=156971 width=8) (actual time=3801.513..3801.513 rows=148461 loops=1)
        Buckets: 131072  Batches: 4  Memory Usage: 2474kB
        ->  Hash Join  (cost=69374.09..194941.96 rows=156971 width=8) (actual time=947.350..3752.042 rows=148461 loops=1)
              Hash Cond: (mk.movie_id = t.id)
              ->  Seq Scan on movie_keyword mk  (cost=0.00..81003.12 rows=3681876 width=4) (actual time=0.040..1633.996 rows=3676355 loops=1)
                    Filter: (keyword_id > 807)
                    Rows Removed by Filter: 847575
              ->  Hash  (cost=67604.59..67604.59 rows=107800 width=4) (actual time=945.624..945.624 rows=108429 loops=1)
                    Buckets: 131072  Batches: 2  Memory Usage: 2938kB
                    ->  Seq Scan on title t  (cost=0.00..67604.59 rows=107800 width=4) (actual time=0.052..903.545 rows=108429 loops=1)
                          Filter: (production_year = 2006)
                          Rows Removed by Filter: 2419883
Planning time: 1.190 ms
Execution time: 32569.542 ms
