Seq Scan on cast_info ci  (cost=0.00..796071.18 rows=624729 width=0) (actual time=2080.721..13044.045 rows=885761 loops=1)
  Filter: ((person_id > 1623178) AND (role_id = 9))
  Rows Removed by Filter: 35358583
Planning time: 0.417 ms
Execution time: 13157.213 ms
