Seq Scan on movie_companies mc  (cost=0.00..57926.93 rows=53 width=0) (actual time=368.779..821.365 rows=9 loops=1)
  Filter: ((company_type_id > 1) AND (company_id = 101598))
  Rows Removed by Filter: 2609120
Planning time: 0.374 ms
Execution time: 821.464 ms
