Hash Join  (cost=94699.36..181430.02 rows=7262 width=0) (actual time=1631.136..3343.017 rows=90938 loops=1)
  Hash Cond: (mk.movie_id = t.id)
  ->  Seq Scan on movie_keyword mk  (cost=0.00..69693.30 rows=4523930 width=4) (actual time=0.021..850.636 rows=4523930 loops=1)
  ->  Hash  (cost=94648.62..94648.62 rows=4059 width=8) (actual time=1630.650..1630.650 rows=10055 loops=1)
        Buckets: 16384 (originally 4096)  Batches: 1 (originally 1)  Memory Usage: 521kB
        ->  Hash Join  (cost=67697.55..94648.62 rows=4059 width=8) (actual time=1054.301..1626.637 rows=10055 loops=1)
              Hash Cond: (mi_idx.movie_id = t.id)
              ->  Seq Scan on movie_info_idx mi_idx  (cost=0.00..21735.35 rows=1380035 width=4) (actual time=0.024..271.807 rows=1380035 loops=1)
              ->  Hash  (cost=67604.59..67604.59 rows=7437 width=4) (actual time=1054.193..1054.193 rows=13736 loops=1)
                    Buckets: 16384 (originally 8192)  Batches: 1 (originally 1)  Memory Usage: 611kB
                    ->  Seq Scan on title t  (cost=0.00..67604.59 rows=7437 width=4) (actual time=0.034..1047.649 rows=13736 loops=1)
                          Filter: (production_year = 1974)
                          Rows Removed by Filter: 2514576
Planning time: 2.465 ms
Execution time: 3354.938 ms
