Seq Scan on movie_keyword mk  (cost=0.00..81003.12 rows=246 width=0) (actual time=11.661..1130.882 rows=204 loops=1)
  Filter: (keyword_id = 24607)
  Rows Removed by Filter: 4523726
Planning time: 2.970 ms
Execution time: 1131.114 ms
