Nested Loop  (cost=32814.54..740427.18 rows=2 width=0) (actual time=10580.533..10600.183 rows=4 loops=1)
  Join Filter: (ci.movie_id = t.id)
  ->  Hash Join  (cost=32814.11..740232.05 rows=229 width=8) (actual time=1249.205..10599.353 rows=30 loops=1)
        Hash Cond: (ci.movie_id = mi_idx.movie_id)
        ->  Seq Scan on cast_info ci  (cost=0.00..705507.15 rows=500 width=4) (actual time=750.390..10041.408 rows=35 loops=1)
              Filter: (person_id = 3044018)
              Rows Removed by Filter: 36244309
        ->  Hash  (cost=25185.44..25185.44 rows=464934 width=4) (actual time=498.043..498.043 rows=460185 loops=1)
              Buckets: 131072  Batches: 8  Memory Usage: 3051kB
              ->  Seq Scan on movie_info_idx mi_idx  (cost=0.00..25185.44 rows=464934 width=4) (actual time=0.015..370.959 rows=460185 loops=1)
                    Filter: (info_type_id > 100)
                    Rows Removed by Filter: 919850
  ->  Index Scan using title_pkey on title t  (cost=0.43..0.84 rows=1 width=4) (actual time=0.024..0.024 rows=0 loops=30)
        Index Cond: (id = mi_idx.movie_id)
        Filter: ((production_year < 2002) AND (kind_id = 3))
        Rows Removed by Filter: 1
Planning time: 1.280 ms
Execution time: 10600.322 ms
