Hash Join  (cost=928313.87..1060871.06 rows=866315 width=0) (actual time=13347.675..17500.348 rows=2002376 loops=1)
  Hash Cond: (mk.movie_id = t.id)
  ->  Seq Scan on movie_keyword mk  (cost=0.00..69693.30 rows=4523930 width=4) (actual time=0.013..1394.508 rows=4523930 loops=1)
  ->  Hash  (cost=920369.34..920369.34 rows=484203 width=8) (actual time=13346.133..13346.133 rows=164654 loops=1)
        Buckets: 131072  Batches: 8  Memory Usage: 1828kB
        ->  Hash Join  (cost=102767.86..920369.34 rows=484203 width=8) (actual time=6038.545..13290.603 rows=164654 loops=1)
              Hash Cond: (ci.movie_id = t.id)
              ->  Seq Scan on cast_info ci  (cost=0.00..796071.18 rows=484203 width=4) (actual time=4219.802..10917.642 rows=164654 loops=1)
                    Filter: ((person_id < 285717) AND (role_id > 8))
                    Rows Removed by Filter: 36079690
              ->  Hash  (cost=61283.27..61283.27 rows=2528527 width=4) (actual time=1817.332..1817.332 rows=2528312 loops=1)
                    Buckets: 131072  Batches: 64  Memory Usage: 2415kB
                    ->  Seq Scan on title t  (cost=0.00..61283.27 rows=2528527 width=4) (actual time=0.017..977.091 rows=2528312 loops=1)
Planning time: 1.169 ms
Execution time: 17738.508 ms
