Hash Join  (cost=102767.86..184899.38 rows=595359 width=0) (actual time=2375.468..3891.881 rows=336871 loops=1)
  Hash Cond: (mc.movie_id = t.id)
  ->  Seq Scan on movie_companies mc  (cost=0.00..57926.93 rows=595359 width=4) (actual time=0.027..852.103 rows=336871 loops=1)
        Filter: ((company_id > 11961) AND (company_type_id < 2))
        Rows Removed by Filter: 2272258
  ->  Hash  (cost=61283.27..61283.27 rows=2528527 width=4) (actual time=2374.092..2374.092 rows=2528312 loops=1)
        Buckets: 131072  Batches: 64  Memory Usage: 2415kB
        ->  Seq Scan on title t  (cost=0.00..61283.27 rows=2528527 width=4) (actual time=0.051..946.962 rows=2528312 loops=1)
Planning time: 0.722 ms
Execution time: 3933.310 ms
