Hash Join  (cost=102767.86..178974.38 rows=349144 width=0) (actual time=2638.057..4081.043 rows=496058 loops=1)
  Hash Cond: (mc.movie_id = t.id)
  ->  Seq Scan on movie_companies mc  (cost=0.00..57926.93 rows=349144 width=4) (actual time=299.400..928.949 rows=496058 loops=1)
        Filter: ((company_id < 1310) AND (company_type_id < 2))
        Rows Removed by Filter: 2113071
  ->  Hash  (cost=61283.27..61283.27 rows=2528527 width=4) (actual time=2337.308..2337.308 rows=2528312 loops=1)
        Buckets: 131072  Batches: 64  Memory Usage: 2415kB
        ->  Seq Scan on title t  (cost=0.00..61283.27 rows=2528527 width=4) (actual time=0.016..963.421 rows=2528312 loops=1)
Planning time: 0.780 ms
Execution time: 4143.393 ms
