Seq Scan on cast_info ci  (cost=0.00..705507.15 rows=17310172 width=0) (actual time=27.919..11369.021 rows=17191598 loops=1)
  Filter: (person_id < 1698371)
  Rows Removed by Filter: 19052746
Planning time: 0.307 ms
Execution time: 13542.515 ms
