Hash Join  (cost=318738.94..1027643.57 rows=18017590 width=0) (actual time=8031.063..55495.132 rows=158603329 loops=1)
  Hash Cond: (mi.movie_id = t.id)
  ->  Seq Scan on movie_info mi  (cost=0.00..309384.22 rows=14739122 width=4) (actual time=0.018..6189.489 rows=14835720 loops=1)
  ->  Hash  (cost=268027.00..268027.00 rows=3090955 width=8) (actual time=8030.093..8030.093 rows=3076840 loops=1)
        Buckets: 131072  Batches: 64  Memory Usage: 2999kB
        ->  Hash Join  (cost=102767.86..268027.00 rows=3090955 width=8) (actual time=1956.588..7082.225 rows=3076840 loops=1)
              Hash Cond: (mk.movie_id = t.id)
              ->  Seq Scan on movie_keyword mk  (cost=0.00..81003.12 rows=3090955 width=4) (actual time=0.027..1698.060 rows=3076840 loops=1)
                    Filter: (keyword_id < 11545)
                    Rows Removed by Filter: 1447090
              ->  Hash  (cost=61283.27..61283.27 rows=2528527 width=4) (actual time=1955.547..1955.547 rows=2528312 loops=1)
                    Buckets: 131072  Batches: 64  Memory Usage: 2425kB
                    ->  Seq Scan on title t  (cost=0.00..61283.27 rows=2528527 width=4) (actual time=0.016..1075.488 rows=2528312 loops=1)
Planning time: 1.189 ms
Execution time: 72493.218 ms
