Hash Join  (cost=709678.15..1075658.49 rows=1041 width=0) (actual time=9831.548..15509.208 rows=411 loops=1)
  Hash Cond: (mi.movie_id = t.id)
  ->  Seq Scan on movie_info mi  (cost=0.00..346232.03 rows=5263441 width=4) (actual time=0.020..5023.791 rows=5270569 loops=1)
        Filter: (info_type_id > 15)
        Rows Removed by Filter: 9565151
  ->  Hash  (cost=709671.90..709671.90 rows=500 width=8) (actual time=9770.159..9770.159 rows=79 loops=1)
        Buckets: 1024  Batches: 1  Memory Usage: 12kB
        ->  Nested Loop  (cost=0.43..709671.90 rows=500 width=8) (actual time=2045.691..9770.130 rows=79 loops=1)
              ->  Seq Scan on cast_info ci  (cost=0.00..705507.15 rows=500 width=4) (actual time=2045.586..9768.890 rows=79 loops=1)
                    Filter: (person_id = 2401575)
                    Rows Removed by Filter: 36244265
              ->  Index Only Scan using title_pkey on title t  (cost=0.43..8.32 rows=1 width=4) (actual time=0.015..0.015 rows=1 loops=79)
                    Index Cond: (id = ci.movie_id)
                    Heap Fetches: 79
Planning time: 1.152 ms
Execution time: 15509.399 ms
