Seq Scan on title t  (cost=0.00..73925.90 rows=1164948 width=0) (actual time=0.022..1146.798 rows=1252934 loops=1)
  Filter: ((production_year > 1982) AND (kind_id = 7))
  Rows Removed by Filter: 1275378
Planning time: 0.334 ms
Execution time: 1308.878 ms
