Hash Join  (cost=1018504.83..3532540.13 rows=110797930 width=0) (actual time=24582.912..128547.390 rows=272899522 loops=1)
  Hash Cond: (ci.movie_id = t.id)
  ->  Seq Scan on cast_info ci  (cost=0.00..796071.18 rows=19007615 width=4) (actual time=0.015..16739.121 rows=21652912 loops=1)
        Filter: ((person_id > 662918) AND (role_id > 1))
        Rows Removed by Filter: 14591432
  ->  Hash  (cost=776690.81..776690.81 rows=14739122 width=8) (actual time=24580.481..24580.481 rows=14835720 loops=1)
        Buckets: 131072  Batches: 256  Memory Usage: 3268kB
        ->  Hash Join  (cost=102767.86..776690.81 rows=14739122 width=8) (actual time=1776.740..20337.156 rows=14835720 loops=1)
              Hash Cond: (mi.movie_id = t.id)
              ->  Seq Scan on movie_info mi  (cost=0.00..309384.22 rows=14739122 width=4) (actual time=0.021..5337.107 rows=14835720 loops=1)
              ->  Hash  (cost=61283.27..61283.27 rows=2528527 width=4) (actual time=1775.701..1775.701 rows=2528312 loops=1)
                    Buckets: 131072  Batches: 64  Memory Usage: 2425kB
                    ->  Seq Scan on title t  (cost=0.00..61283.27 rows=2528527 width=4) (actual time=0.014..886.852 rows=2528312 loops=1)
Planning time: 1.106 ms
Execution time: 159361.152 ms
