Hash Join  (cost=83074.17..462534.93 rows=530 width=0) (actual time=1665.822..7230.575 rows=88 loops=1)
  Hash Cond: (mi.movie_id = t.id)
  ->  Seq Scan on movie_info mi  (cost=0.00..346232.03 rows=8859586 width=4) (actual time=338.077..4951.647 rows=8966694 loops=1)
        Filter: (info_type_id < 15)
        Rows Removed by Filter: 5869026
  ->  Hash  (cost=83072.29..83072.29 rows=151 width=8) (actual time=1147.422..1147.422 rows=5 loops=1)
        Buckets: 1024  Batches: 1  Memory Usage: 9kB
        ->  Nested Loop  (cost=0.43..83072.29 rows=151 width=8) (actual time=456.321..1147.395 rows=5 loops=1)
              ->  Seq Scan on movie_keyword mk  (cost=0.00..81003.12 rows=246 width=4) (actual time=135.117..1146.944 rows=7 loops=1)
                    Filter: (keyword_id = 9703)
                    Rows Removed by Filter: 4523923
              ->  Index Scan using title_pkey on title t  (cost=0.43..8.40 rows=1 width=4) (actual time=0.049..0.050 rows=1 loops=7)
                    Index Cond: (id = mk.movie_id)
                    Filter: (production_year < 2007)
                    Rows Removed by Filter: 0
Planning time: 1.138 ms
Execution time: 7230.749 ms
