Nested Loop  (cost=0.43..83072.90 rows=25 width=0) (actual time=0.223..1276.699 rows=327 loops=1)
  ->  Seq Scan on movie_keyword mk  (cost=0.00..81003.12 rows=246 width=4) (actual time=0.181..1237.137 rows=1026 loops=1)
        Filter: (keyword_id = 412)
        Rows Removed by Filter: 4522904
  ->  Index Scan using title_pkey on title t  (cost=0.43..8.40 rows=1 width=4) (actual time=0.037..0.037 rows=0 loops=1026)
        Index Cond: (id = mk.movie_id)
        Filter: ((production_year < 1999) AND (kind_id = 1))
        Rows Removed by Filter: 1
Planning time: 0.737 ms
Execution time: 1276.967 ms
