Hash Join  (cost=174067.92..1233699.26 rows=5525482 width=0) (actual time=4501.123..40114.411 rows=26163098 loops=1)
  Hash Cond: (ci.movie_id = t.id)
  ->  Seq Scan on cast_info ci  (cost=0.00..705507.15 rows=25664098 width=4) (actual time=0.018..13837.701 rows=25678397 loops=1)
        Filter: (person_id < 2652153)
        Rows Removed by Filter: 10565947
  ->  Hash  (cost=165136.02..165136.02 rows=544392 width=8) (actual time=4500.363..4500.363 rows=1250619 loops=1)
        Buckets: 131072 (originally 131072)  Batches: 32 (originally 8)  Memory Usage: 4078kB
        ->  Hash Join  (cost=82581.58..165136.02 rows=544392 width=8) (actual time=1481.407..4098.649 rows=1250619 loops=1)
              Hash Cond: (mc.movie_id = t.id)
              ->  Seq Scan on movie_companies mc  (cost=0.00..44881.29 rows=2609129 width=4) (actual time=0.044..830.045 rows=2609129 loops=1)
              ->  Hash  (cost=73925.90..73925.90 rows=527574 width=4) (actual time=1480.488..1480.488 rows=609532 loops=1)
                    Buckets: 131072  Batches: 8  Memory Usage: 3715kB
                    ->  Seq Scan on title t  (cost=0.00..73925.90 rows=527574 width=4) (actual time=0.017..1290.311 rows=609532 loops=1)
                          Filter: ((kind_id < 7) AND (production_year < 2005))
                          Rows Removed by Filter: 1918780
Planning time: 2.113 ms
Execution time: 43086.747 ms
