Hash Join  (cost=156487.41..1101697.08 rows=2006705 width=0) (actual time=4151.285..23898.682 rows=3491838 loops=1)
  Hash Cond: (ci.movie_id = t.id)
  ->  Seq Scan on cast_info ci  (cost=0.00..796071.18 rows=11007049 width=4) (actual time=948.337..15218.406 rows=9215012 loops=1)
        Filter: ((person_id > 463615) AND (role_id < 2))
        Rows Removed by Filter: 27029332
  ->  Hash  (cost=148924.19..148924.19 rows=460978 width=8) (actual time=3202.150..3202.150 rows=459925 loops=1)
        Buckets: 131072  Batches: 8  Memory Usage: 3275kB
        ->  Hash Join  (cost=102767.86..148924.19 rows=460978 width=8) (actual time=1821.039..3066.729 rows=459925 loops=1)
              Hash Cond: (mi_idx.movie_id = t.id)
              ->  Seq Scan on movie_info_idx mi_idx  (cost=0.00..25185.44 rows=460978 width=4) (actual time=0.022..479.983 rows=459925 loops=1)
                    Filter: (info_type_id < 100)
                    Rows Removed by Filter: 920110
              ->  Hash  (cost=61283.27..61283.27 rows=2528527 width=4) (actual time=1820.103..1820.103 rows=2528312 loops=1)
                    Buckets: 131072  Batches: 64  Memory Usage: 2415kB
                    ->  Seq Scan on title t  (cost=0.00..61283.27 rows=2528527 width=4) (actual time=0.014..977.723 rows=2528312 loops=1)
Planning time: 1.139 ms
Execution time: 24303.791 ms
