Hash Join  (cost=102767.86..1641710.16 rows=34225671 width=0) (actual time=1570.111..45209.801 rows=34300183 loops=1)
  Hash Cond: (ci.movie_id = t.id)
  ->  Seq Scan on cast_info ci  (cost=0.00..705507.15 rows=34225671 width=4) (actual time=0.015..15691.249 rows=34300183 loops=1)
        Filter: (person_id > 190628)
        Rows Removed by Filter: 1944161
  ->  Hash  (cost=61283.27..61283.27 rows=2528527 width=4) (actual time=1568.104..1568.104 rows=2528312 loops=1)
        Buckets: 131072  Batches: 64  Memory Usage: 2415kB
        ->  Seq Scan on title t  (cost=0.00..61283.27 rows=2528527 width=4) (actual time=0.009..782.505 rows=2528312 loops=1)
Planning time: 0.627 ms
Execution time: 49115.528 ms
