Hash Join  (cost=196157.95..339230.89 rows=1729490 width=0) (actual time=3611.105..7210.615 rows=447886 loops=1)
  Hash Cond: (mk.movie_id = t.id)
  ->  Seq Scan on movie_keyword mk  (cost=0.00..69693.30 rows=4523930 width=4) (actual time=0.025..1330.610 rows=4523930 loops=1)
  ->  Hash  (cost=180298.82..180298.82 rows=966651 width=8) (actual time=3609.819..3609.819 rows=253018 loops=1)
        Buckets: 131072  Batches: 16  Memory Usage: 1640kB
        ->  Hash Join  (cost=92883.59..180298.82 rows=966651 width=8) (actual time=1923.000..3531.437 rows=253018 loops=1)
              Hash Cond: (mc.movie_id = t.id)
              ->  Seq Scan on movie_companies mc  (cost=0.00..51404.11 rows=1586321 width=4) (actual time=0.021..931.988 rows=1586019 loops=1)
                    Filter: (company_id > 5455)
                    Rows Removed by Filter: 1023110
              ->  Hash  (cost=67604.59..67604.59 rows=1540800 width=4) (actual time=1512.653..1512.653 rows=1543264 loops=1)
                    Buckets: 131072  Batches: 32  Memory Usage: 2722kB
                    ->  Seq Scan on title t  (cost=0.00..67604.59 rows=1540800 width=4) (actual time=0.013..1003.375 rows=1543264 loops=1)
                          Filter: (kind_id = 7)
                          Rows Removed by Filter: 985048
Planning time: 1.144 ms
Execution time: 7258.904 ms
