Hash Join  (cost=359549.25..907708.14 rows=9560971 width=0) (actual time=8334.001..26757.936 rows=43445870 loops=1)
  Hash Cond: (mi.movie_id = t.id)
  ->  Seq Scan on movie_info mi  (cost=0.00..346232.03 rows=5897221 width=4) (actual time=0.024..5077.216 rows=5884963 loops=1)
        Filter: (info_type_id < 7)
        Rows Removed by Filter: 8950757
  ->  Hash  (cost=292292.53..292292.53 rows=4099418 width=8) (actual time=8332.835..8332.835 rows=4087742 loops=1)
        Buckets: 131072  Batches: 64  Memory Usage: 3626kB
        ->  Hash Join  (cost=102767.86..292292.53 rows=4099418 width=8) (actual time=1792.585..7249.708 rows=4087742 loops=1)
              Hash Cond: (mk.movie_id = t.id)
              ->  Seq Scan on movie_keyword mk  (cost=0.00..81003.12 rows=4099418 width=4) (actual time=0.025..1739.640 rows=4087742 loops=1)
                    Filter: (keyword_id > 335)
                    Rows Removed by Filter: 436188
              ->  Hash  (cost=61283.27..61283.27 rows=2528527 width=4) (actual time=1790.272..1790.272 rows=2528312 loops=1)
                    Buckets: 131072  Batches: 64  Memory Usage: 2425kB
                    ->  Seq Scan on title t  (cost=0.00..61283.27 rows=2528527 width=4) (actual time=0.017..919.765 rows=2528312 loops=1)
Planning time: 1.228 ms
Execution time: 31284.236 ms
