Seq Scan on cast_info ci  (cost=0.00..705507.15 rows=500 width=0) (actual time=433.841..10711.857 rows=805 loops=1)
  Filter: (person_id = 1103774)
  Rows Removed by Filter: 36243539
Planning time: 0.368 ms
Execution time: 10712.080 ms
