Seq Scan on cast_info ci  (cost=0.00..796071.18 rows=176 width=0) (actual time=7272.020..11532.727 rows=40 loops=1)
  Filter: ((role_id < 2) AND (person_id = 1437881))
  Rows Removed by Filter: 36244304
Planning time: 0.373 ms
Execution time: 11532.853 ms
