Hash Join  (cost=78171.87..584820.48 rows=1296298 width=0) (actual time=1131.015..13029.503 rows=1872914 loops=1)
  Hash Cond: (mi.movie_id = t.id)
  ->  Seq Scan on movie_info mi  (cost=0.00..346232.03 rows=12665229 width=4) (actual time=0.020..6352.186 rows=12744652 loops=1)
        Filter: (info_type_id > 2)
        Rows Removed by Filter: 2091068
  ->  Hash  (cost=73925.90..73925.90 rows=258797 width=4) (actual time=1130.202..1130.202 rows=227847 loops=1)
        Buckets: 131072  Batches: 4  Memory Usage: 3038kB
        ->  Seq Scan on title t  (cost=0.00..73925.90 rows=258797 width=4) (actual time=0.028..1050.694 rows=227847 loops=1)
              Filter: ((kind_id < 7) AND (production_year > 2008))
              Rows Removed by Filter: 2300465
Planning time: 1.016 ms
Execution time: 13235.066 ms
