Hash Join  (cost=841754.52..1221151.06 rows=622041 width=0) (actual time=14435.978..20199.142 rows=340242 loops=1)
  Hash Cond: (mi.movie_id = t.id)
  ->  Seq Scan on movie_info mi  (cost=0.00..346232.03 rows=2073893 width=4) (actual time=288.433..4647.080 rows=2091068 loops=1)
        Filter: (info_type_id < 3)
        Rows Removed by Filter: 12744652
  ->  Hash  (cost=829311.49..829311.49 rows=758403 width=8) (actual time=14146.597..14146.597 rows=584234 loops=1)
        Buckets: 131072  Batches: 16  Memory Usage: 2447kB
        ->  Hash Join  (cost=94973.51..829311.49 rows=758403 width=8) (actual time=8680.768..13961.704 rows=584234 loops=1)
              Hash Cond: (ci.movie_id = t.id)
              ->  Seq Scan on cast_info ci  (cost=0.00..705507.15 rows=1149559 width=4) (actual time=6198.504..10444.468 rows=1093558 loops=1)
                    Filter: (role_id = 9)
                    Rows Removed by Filter: 35150786
              ->  Hash  (cost=67604.59..67604.59 rows=1668154 width=4) (actual time=2481.096..2481.096 rows=1674098 loops=1)
                    Buckets: 131072  Batches: 32  Memory Usage: 2869kB
                    ->  Seq Scan on title t  (cost=0.00..67604.59 rows=1668154 width=4) (actual time=0.026..1281.080 rows=1674098 loops=1)
                          Filter: (kind_id > 3)
                          Rows Removed by Filter: 854214
Planning time: 1.065 ms
Execution time: 20239.251 ms
