Hash Join  (cost=79111.30..578574.16 rows=1842193 width=0) (actual time=1169.003..14897.295 rows=5061929 loops=1)
  Hash Cond: (mi.movie_id = t.id)
  ->  Seq Scan on movie_info mi  (cost=0.00..309384.22 rows=14739122 width=4) (actual time=0.011..5299.434 rows=14835720 loops=1)
  ->  Hash  (cost=73925.90..73925.90 rows=316032 width=4) (actual time=1168.341..1168.341 rows=400740 loops=1)
        Buckets: 131072  Batches: 8  Memory Usage: 2801kB
        ->  Seq Scan on title t  (cost=0.00..73925.90 rows=316032 width=4) (actual time=456.652..1043.802 rows=400740 loops=1)
              Filter: ((kind_id < 2) AND (production_year < 2003))
              Rows Removed by Filter: 2127572
Planning time: 0.478 ms
Execution time: 15476.912 ms
