Seq Scan on movie_keyword mk  (cost=0.00..81003.12 rows=246 width=0) (actual time=130.452..1111.386 rows=12 loops=1)
  Filter: (keyword_id = 13080)
  Rows Removed by Filter: 4523918
Planning time: 0.314 ms
Execution time: 1111.471 ms
