Hash Join  (cost=28270.40..122782.08 rows=524 width=0) (actual time=355.220..2283.760 rows=33692 loops=1)
  Hash Cond: (mk.movie_id = t.id)
  ->  Seq Scan on movie_keyword mk  (cost=0.00..81003.12 rows=3600885 width=4) (actual time=0.014..1444.440 rows=3593291 loops=1)
        Filter: (keyword_id > 870)
        Rows Removed by Filter: 930639
  ->  Hash  (cost=28265.80..28265.80 rows=368 width=8) (actual time=341.085..341.085 rows=260 loops=1)
        Buckets: 1024  Batches: 1  Memory Usage: 19kB
        ->  Nested Loop  (cost=0.43..28265.80 rows=368 width=8) (actual time=254.029..340.980 rows=260 loops=1)
              ->  Seq Scan on movie_info_idx mi_idx  (cost=0.00..25185.44 rows=368 width=4) (actual time=253.924..334.607 rows=260 loops=1)
                    Filter: (info_type_id > 101)
                    Rows Removed by Filter: 1379775
              ->  Index Only Scan using title_pkey on title t  (cost=0.43..8.36 rows=1 width=4) (actual time=0.024..0.024 rows=1 loops=260)
                    Index Cond: (id = mi_idx.movie_id)
                    Heap Fetches: 260
Planning time: 1.033 ms
Execution time: 2288.051 ms
