Hash Join  (cost=87146.10..232283.67 rows=1317672 width=0) (actual time=1514.691..5085.283 rows=342346 loops=1)
  Hash Cond: (mk.movie_id = t.id)
  ->  Seq Scan on movie_keyword mk  (cost=0.00..81003.12 rows=4134858 width=4) (actual time=0.025..1675.412 rows=4137066 loops=1)
        Filter: (keyword_id < 44482)
        Rows Removed by Filter: 386864
  ->  Hash  (cost=73925.90..73925.90 rows=805776 width=4) (actual time=1513.978..1513.978 rows=881945 loops=1)
        Buckets: 131072  Batches: 16  Memory Usage: 2976kB
        ->  Seq Scan on title t  (cost=0.00..73925.90 rows=805776 width=4) (actual time=288.767..1231.866 rows=881945 loops=1)
              Filter: ((production_year > 2001) AND (kind_id = 7))
              Rows Removed by Filter: 1646367
Planning time: 0.686 ms
Execution time: 5122.053 ms
