Hash Join  (cost=102767.86..911411.49 rows=111905 width=0) (actual time=6741.805..13679.575 rows=233960 loops=1)
  Hash Cond: (ci.movie_id = t.id)
  ->  Seq Scan on cast_info ci  (cost=0.00..796071.18 rows=111905 width=4) (actual time=4819.975..11120.808 rows=233960 loops=1)
        Filter: ((person_id > 2534627) AND (role_id > 10))
        Rows Removed by Filter: 36010384
  ->  Hash  (cost=61283.27..61283.27 rows=2528527 width=4) (actual time=1920.764..1920.764 rows=2528312 loops=1)
        Buckets: 131072  Batches: 64  Memory Usage: 2415kB
        ->  Seq Scan on title t  (cost=0.00..61283.27 rows=2528527 width=4) (actual time=0.015..1071.388 rows=2528312 loops=1)
Planning time: 0.720 ms
Execution time: 13708.506 ms
