Seq Scan on movie_companies mc  (cost=0.00..57926.93 rows=946804 width=0) (actual time=82.960..993.926 rows=1244776 loops=1)
  Filter: ((company_id < 48058) AND (company_type_id < 2))
  Rows Removed by Filter: 1364353
Planning time: 0.307 ms
Execution time: 1160.260 ms
