Hash Join  (cost=69002.72..806730.50 rows=90303 width=0) (actual time=2016.781..12568.786 rows=83408 loops=1)
  Hash Cond: (ci.movie_id = t.id)
  ->  Seq Scan on cast_info ci  (cost=0.00..705507.15 rows=2679624 width=4) (actual time=1007.443..10425.397 rows=2632167 loops=1)
        Filter: (person_id < 252881)
        Rows Removed by Filter: 33612177
  ->  Hash  (cost=67604.59..67604.59 rows=85211 width=4) (actual time=1008.344..1008.344 rows=84593 loops=1)
        Buckets: 131072  Batches: 2  Memory Usage: 2518kB
        ->  Seq Scan on title t  (cost=0.00..67604.59 rows=85211 width=4) (actual time=0.021..975.834 rows=84593 loops=1)
              Filter: (production_year = 2004)
              Rows Removed by Filter: 2443719
Planning time: 0.721 ms
Execution time: 12580.361 ms
