Hash Join  (cost=68365.25..128223.93 rows=50987 width=0) (actual time=888.439..2341.713 rows=47994 loops=1)
  Hash Cond: (mc.movie_id = t.id)
  ->  Seq Scan on movie_companies mc  (cost=0.00..51404.11 rows=2118586 width=4) (actual time=0.014..924.836 rows=2123742 loops=1)
        Filter: (company_id > 424)
        Rows Removed by Filter: 485387
  ->  Hash  (cost=67604.59..67604.59 rows=60853 width=4) (actual time=888.068..888.068 rows=62568 loops=1)
        Buckets: 65536  Batches: 1  Memory Usage: 2712kB
        ->  Seq Scan on title t  (cost=0.00..67604.59 rows=60853 width=4) (actual time=0.021..862.071 rows=62568 loops=1)
              Filter: (production_year = 2002)
              Rows Removed by Filter: 2465744
Planning time: 1.414 ms
Execution time: 2348.742 ms
