Hash Join  (cost=190230.21..339773.25 rows=2024970 width=0) (actual time=3699.024..9486.364 rows=8520838 loops=1)
  Hash Cond: (mk.movie_id = t.id)
  ->  Seq Scan on movie_keyword mk  (cost=0.00..81003.12 rows=3710189 width=4) (actual time=0.029..1603.384 rows=3706408 loops=1)
        Filter: (keyword_id < 22387)
        Rows Removed by Filter: 817522
  ->  Hash  (cost=167588.78..167588.78 rows=1380035 width=8) (actual time=3698.012..3698.012 rows=1380035 loops=1)
        Buckets: 131072  Batches: 32  Memory Usage: 2726kB
        ->  Hash Join  (cost=102767.86..167588.78 rows=1380035 width=8) (actual time=1576.253..3343.579 rows=1380035 loops=1)
              Hash Cond: (mi_idx.movie_id = t.id)
              ->  Seq Scan on movie_info_idx mi_idx  (cost=0.00..21735.35 rows=1380035 width=4) (actual time=0.019..432.739 rows=1380035 loops=1)
              ->  Hash  (cost=61283.27..61283.27 rows=2528527 width=4) (actual time=1574.970..1574.970 rows=2528312 loops=1)
                    Buckets: 131072  Batches: 64  Memory Usage: 2415kB
                    ->  Seq Scan on title t  (cost=0.00..61283.27 rows=2528527 width=4) (actual time=0.022..818.016 rows=2528312 loops=1)
Planning time: 1.124 ms
Execution time: 10486.924 ms
