Hash Join  (cost=28269.25..386008.57 rows=156 width=0) (actual time=2616.984..5703.642 rows=9472 loops=1)
  Hash Cond: (mi.movie_id = t.id)
  ->  Seq Scan on movie_info mi  (cost=0.00..346232.03 rows=3068194 width=4) (actual time=1313.507..4897.477 rows=3036719 loops=1)
        Filter: (info_type_id = 16)
        Rows Removed by Filter: 11799001
  ->  Hash  (cost=28267.64..28267.64 rows=129 width=8) (actual time=370.179..370.179 rows=225 loops=1)
        Buckets: 1024  Batches: 1  Memory Usage: 17kB
        ->  Nested Loop  (cost=0.43..28267.64 rows=129 width=8) (actual time=160.373..370.076 rows=225 loops=1)
              ->  Seq Scan on movie_info_idx mi_idx  (cost=0.00..25185.44 rows=368 width=4) (actual time=160.283..363.678 rows=260 loops=1)
                    Filter: (info_type_id > 101)
                    Rows Removed by Filter: 1379775
              ->  Index Scan using title_pkey on title t  (cost=0.43..8.37 rows=1 width=4) (actual time=0.024..0.024 rows=1 loops=260)
                    Index Cond: (id = mi_idx.movie_id)
                    Filter: ((kind_id < 6) AND (production_year > 1951))
                    Rows Removed by Filter: 0
Planning time: 0.772 ms
Execution time: 5705.053 ms
