Hash Join  (cost=78964.21..163833.06 rows=25336 width=0) (actual time=1284.181..2462.463 rows=1532 loops=1)
  Hash Cond: (mk.movie_id = t.id)
  ->  Seq Scan on movie_keyword mk  (cost=0.00..81003.12 rows=208633 width=4) (actual time=0.026..1119.890 rows=210774 loops=1)
        Filter: (keyword_id > 66584)
        Rows Removed by Filter: 4313156
  ->  Hash  (cost=73925.90..73925.90 rows=307064 width=4) (actual time=1222.067..1222.067 rows=169596 loops=1)
        Buckets: 131072  Batches: 8  Memory Usage: 1773kB
        ->  Seq Scan on title t  (cost=0.00..73925.90 rows=307064 width=4) (actual time=0.020..1162.190 rows=169596 loops=1)
              Filter: ((kind_id > 1) AND (production_year < 1973))
              Rows Removed by Filter: 2358716
Planning time: 0.724 ms
Execution time: 2463.111 ms
