Hash Join  (cost=97027.98..664414.13 rows=8207922 width=0) (actual time=1807.522..15378.392 rows=3937290 loops=1)
  Hash Cond: (mi.movie_id = t.id)
  ->  Seq Scan on movie_info mi  (cost=0.00..309384.22 rows=14739122 width=4) (actual time=0.012..5371.622 rows=14835720 loops=1)
  ->  Hash  (cost=73925.90..73925.90 rows=1408086 width=4) (actual time=1714.655..1714.655 rows=1478390 loops=1)
        Buckets: 131072  Batches: 32  Memory Usage: 2656kB
        ->  Seq Scan on title t  (cost=0.00..73925.90 rows=1408086 width=4) (actual time=282.867..1221.386 rows=1478390 loops=1)
              Filter: ((production_year > 1944) AND (kind_id = 7))
              Rows Removed by Filter: 1049922
Planning time: 0.717 ms
Execution time: 15826.293 ms
