Seq Scan on movie_keyword mk  (cost=0.00..81003.12 rows=246 width=0) (actual time=53.477..1109.556 rows=23 loops=1)
  Filter: (keyword_id = 65543)
  Rows Removed by Filter: 4523907
Planning time: 0.318 ms
Execution time: 1109.660 ms
