Hash Join  (cost=140535.14..227694.72 rows=50155 width=0) (actual time=2605.390..4296.484 rows=589040 loops=1)
  Hash Cond: (mk.movie_id = t.id)
  ->  Seq Scan on movie_keyword mk  (cost=0.00..69693.30 rows=4523930 width=4) (actual time=0.017..882.834 rows=4523930 loops=1)
  ->  Hash  (cost=140184.72..140184.72 rows=28033 width=8) (actual time=2410.069..2410.069 rows=71019 loops=1)
        Buckets: 131072 (originally 32768)  Batches: 1 (originally 1)  Memory Usage: 3799kB
        ->  Hash Join  (cost=83810.17..140184.72 rows=28033 width=8) (actual time=2008.132..2383.986 rows=71019 loops=1)
              Hash Cond: (mc.movie_id = t.id)
              ->  Seq Scan on movie_companies mc  (cost=0.00..51404.11 rows=71762 width=4) (actual time=575.616..722.496 rows=71019 loops=1)
                    Filter: (company_id > 176047)
                    Rows Removed by Filter: 2538110
              ->  Hash  (cost=67604.59..67604.59 rows=987727 width=4) (actual time=1431.825..1431.825 rows=985048 loops=1)
                    Buckets: 131072  Batches: 16  Memory Usage: 3188kB
                    ->  Seq Scan on title t  (cost=0.00..67604.59 rows=987727 width=4) (actual time=0.025..1121.452 rows=985048 loops=1)
                          Filter: (kind_id < 7)
                          Rows Removed by Filter: 1543264
Planning time: 1.075 ms
Execution time: 4373.128 ms
