Hash Join  (cost=831409.44..872169.52 rows=178760 width=0) (actual time=11917.837..13073.683 rows=316568 loops=1)
  Hash Cond: (mi_idx.movie_id = t.id)
  ->  Seq Scan on movie_info_idx mi_idx  (cost=0.00..21735.35 rows=1380035 width=4) (actual time=0.023..437.342 rows=1380035 loops=1)
  ->  Hash  (cost=826035.34..826035.34 rows=327528 width=8) (actual time=11916.828..11916.828 rows=274254 loops=1)
        Buckets: 131072  Batches: 8  Memory Usage: 2359kB
        ->  Hash Join  (cost=102767.86..826035.34 rows=327528 width=8) (actual time=3033.224..11833.207 rows=274254 loops=1)
              Hash Cond: (ci.movie_id = t.id)
              ->  Seq Scan on cast_info ci  (cost=0.00..705507.15 rows=327528 width=4) (actual time=1401.789..9587.986 rows=274254 loops=1)
                    Filter: (person_id < 32254)
                    Rows Removed by Filter: 35970090
              ->  Hash  (cost=61283.27..61283.27 rows=2528527 width=4) (actual time=1630.364..1630.364 rows=2528312 loops=1)
                    Buckets: 131072  Batches: 64  Memory Usage: 2415kB
                    ->  Seq Scan on title t  (cost=0.00..61283.27 rows=2528527 width=4) (actual time=0.020..839.818 rows=2528312 loops=1)
Planning time: 1.052 ms
Execution time: 13113.147 ms
