Hash Join  (cost=80042.24..190826.44 rows=552199 width=0) (actual time=1263.282..4043.925 rows=1222687 loops=1)
  Hash Cond: (mk.movie_id = t.id)
  ->  Seq Scan on movie_keyword mk  (cost=0.00..81003.12 rows=1841891 width=4) (actual time=0.022..1484.094 rows=1845219 loops=1)
        Filter: (keyword_id > 7511)
        Rows Removed by Filter: 2678711
  ->  Hash  (cost=67604.59..67604.59 rows=758052 width=4) (actual time=1261.494..1261.494 rows=753677 loops=1)
        Buckets: 131072  Batches: 16  Memory Usage: 2686kB
        ->  Seq Scan on title t  (cost=0.00..67604.59 rows=758052 width=4) (actual time=0.035..1003.429 rows=753677 loops=1)
              Filter: (kind_id < 3)
              Rows Removed by Filter: 1774635
Planning time: 0.667 ms
Execution time: 4193.091 ms
