Seq Scan on cast_info ci  (cost=0.00..705507.15 rows=18939295 width=0) (actual time=0.023..11671.095 rows=19073813 loops=1)
  Filter: (person_id > 1695943)
  Rows Removed by Filter: 17170531
Planning time: 0.395 ms
Execution time: 14031.527 ms
