Hash Join  (cost=129928.86..312955.42 rows=2497873 width=106) (actual time=2418.093..7241.328 rows=2490882 loops=1)
  Hash Cond: (mk.movie_id = t.id)
  ->  Seq Scan on movie_keyword mk  (cost=0.00..81003.12 rows=2497873 width=12) (actual time=0.024..1776.904 rows=2490882 loops=1)
        Filter: (keyword_id < 6069)
        Rows Removed by Filter: 2033048
  ->  Hash  (cost=61283.27..61283.27 rows=2528527 width=94) (actual time=2417.853..2417.853 rows=2528312 loops=1)
        Buckets: 32768  Batches: 128  Memory Usage: 2470kB
        ->  Seq Scan on title t  (cost=0.00..61283.27 rows=2528527 width=94) (actual time=0.022..1105.536 rows=2528312 loops=1)
Planning time: 0.918 ms
Execution time: 7370.870 ms
