Hash Join  (cost=148220.95..231454.49 rows=593602 width=0) (actual time=3929.830..6339.807 rows=616221 loops=1)
  Hash Cond: (mc.movie_id = t.id)
  ->  Seq Scan on movie_companies mc  (cost=0.00..44881.29 rows=2609129 width=4) (actual time=0.021..760.175 rows=2609129 loops=1)
  ->  Hash  (cost=138782.15..138782.15 rows=575264 width=8) (actual time=3732.199..3732.199 rows=303951 loops=1)
        Buckets: 131072  Batches: 8  Memory Usage: 2504kB
        ->  Hash Join  (cost=91219.03..138782.15 rows=575264 width=8) (actual time=2676.425..3641.704 rows=303951 loops=1)
              Hash Cond: (mi_idx.movie_id = t.id)
              ->  Seq Scan on movie_info_idx mi_idx  (cost=0.00..21735.35 rows=1380035 width=4) (actual time=0.025..439.591 rows=1380035 loops=1)
              ->  Hash  (cost=73925.90..73925.90 rows=1054010 width=4) (actual time=2281.849..2281.849 rows=1148948 loops=1)
                    Buckets: 131072  Batches: 16  Memory Usage: 3556kB
                    ->  Seq Scan on title t  (cost=0.00..73925.90 rows=1054010 width=4) (actual time=0.043..1924.179 rows=1148948 loops=1)
                          Filter: ((production_year > 1991) AND (kind_id = 7))
                          Rows Removed by Filter: 1379364
Planning time: 2.236 ms
Execution time: 6412.521 ms
