Seq Scan on movie_companies mc  (cost=0.00..51404.11 rows=449841 width=0) (actual time=373.399..720.276 rows=452789 loops=1)
  Filter: (company_id > 77043)
  Rows Removed by Filter: 2156340
Planning time: 0.374 ms
Execution time: 777.242 ms
