Seq Scan on cast_info ci  (cost=0.00..705507.15 rows=3318103 width=0) (actual time=3035.714..8080.041 rows=3337643 loops=1)
  Filter: (person_id > 3448365)
  Rows Removed by Filter: 32906701
Planning time: 0.314 ms
Execution time: 8508.878 ms
