Hash Join  (cost=102767.86..186461.89 rows=660252 width=0) (actual time=1709.648..3362.185 rows=426768 loops=1)
  Hash Cond: (mc.movie_id = t.id)
  ->  Seq Scan on movie_companies mc  (cost=0.00..57926.93 rows=660252 width=4) (actual time=0.007..862.964 rows=426768 loops=1)
        Filter: ((company_id > 11156) AND (company_type_id = 1))
        Rows Removed by Filter: 2182361
  ->  Hash  (cost=61283.27..61283.27 rows=2528527 width=4) (actual time=1708.221..1708.221 rows=2528312 loops=1)
        Buckets: 131072  Batches: 64  Memory Usage: 2415kB
        ->  Seq Scan on title t  (cost=0.00..61283.27 rows=2528527 width=4) (actual time=0.008..887.586 rows=2528312 loops=1)
Planning time: 0.768 ms
Execution time: 3418.715 ms
