Hash Join  (cost=149617.17..252522.21 rows=331918 width=0) (actual time=4162.064..4995.722 rows=206577 loops=1)
  Hash Cond: (mk.movie_id = t.id)
  ->  Seq Scan on movie_keyword mk  (cost=0.00..81003.12 rows=1405265 width=4) (actual time=0.022..1260.935 rows=1423222 loops=1)
        Filter: (keyword_id < 1960)
        Rows Removed by Filter: 3100708
  ->  Hash  (cost=139818.82..139818.82 rows=597228 width=8) (actual time=2820.173..2820.173 rows=328701 loops=1)
        Buckets: 131072  Batches: 8  Memory Usage: 2639kB
        ->  Hash Join  (cost=91879.05..139818.82 rows=597228 width=8) (actual time=1997.023..2745.755 rows=328701 loops=1)
              Hash Cond: (mi_idx.movie_id = t.id)
              ->  Seq Scan on movie_info_idx mi_idx  (cost=0.00..21735.35 rows=1380035 width=4) (actual time=0.016..382.126 rows=1380035 loops=1)
              ->  Hash  (cost=73925.90..73925.90 rows=1094252 width=4) (actual time=1651.729..1651.729 rows=1044222 loops=1)
                    Buckets: 131072  Batches: 16  Memory Usage: 3319kB
                    ->  Seq Scan on title t  (cost=0.00..73925.90 rows=1094252 width=4) (actual time=0.016..1325.617 rows=1044222 loops=1)
                          Filter: ((production_year < 2009) AND (kind_id = 7))
                          Rows Removed by Filter: 1484090
Planning time: 1.125 ms
Execution time: 5021.875 ms
