Hash Join  (cost=67697.55..149427.21 rows=565 width=0) (actual time=1016.260..2216.261 rows=953 loops=1)
  Hash Cond: (mk.movie_id = t.id)
  ->  Seq Scan on movie_keyword mk  (cost=0.00..81003.12 rows=192235 width=4) (actual time=0.023..1158.219 rows=195581 loops=1)
        Filter: (keyword_id > 69719)
        Rows Removed by Filter: 4328349
  ->  Hash  (cost=67604.59..67604.59 rows=7437 width=4) (actual time=1014.639..1014.639 rows=13711 loops=1)
        Buckets: 16384 (originally 8192)  Batches: 1 (originally 1)  Memory Usage: 611kB
        ->  Seq Scan on title t  (cost=0.00..67604.59 rows=7437 width=4) (actual time=0.021..1007.999 rows=13711 loops=1)
              Filter: (production_year = 1966)
              Rows Removed by Filter: 2514601
Planning time: 4.785 ms
Execution time: 2216.631 ms
