Seq Scan on movie_keyword mk  (cost=0.00..81003.12 rows=1905865 width=0) (actual time=0.017..1497.409 rows=1914203 loops=1)
  Filter: (keyword_id < 3295)
  Rows Removed by Filter: 2609727
Planning time: 0.347 ms
Execution time: 1746.917 ms
