Hash Join  (cost=158999.03..524451.34 rows=79640 width=0) (actual time=2717.094..8245.808 rows=249324 loops=1)
  Hash Cond: (mi.movie_id = t.id)
  ->  Seq Scan on movie_info mi  (cost=0.00..309384.22 rows=14739122 width=4) (actual time=0.009..2950.400 rows=14835720 loops=1)
  ->  Hash  (cost=158828.25..158828.25 rows=13662 width=8) (actual time=2337.078..2337.078 rows=17022 loops=1)
        Buckets: 32768 (originally 16384)  Batches: 1 (originally 1)  Memory Usage: 921kB
        ->  Hash Join  (cost=74421.58..158828.25 rows=13662 width=8) (actual time=976.085..2330.957 rows=17022 loops=1)
              Hash Cond: (mk.movie_id = t.id)
              ->  Seq Scan on movie_keyword mk  (cost=0.00..81003.12 rows=871181 width=4) (actual time=0.013..1194.783 rows=873331 loops=1)
                    Filter: (keyword_id < 830)
                    Rows Removed by Filter: 3650599
              ->  Hash  (cost=73925.90..73925.90 rows=39654 width=4) (actual time=947.856..947.856 rows=37544 loops=1)
                    Buckets: 65536  Batches: 1  Memory Usage: 1832kB
                    ->  Seq Scan on title t  (cost=0.00..73925.90 rows=39654 width=4) (actual time=0.024..932.319 rows=37544 loops=1)
                          Filter: ((production_year > 2004) AND (kind_id = 2))
                          Rows Removed by Filter: 2490768
Planning time: 0.709 ms
Execution time: 8276.651 ms
