Hash Join  (cost=102767.86..944288.84 rows=1478265 width=0) (actual time=2635.092..14480.387 rows=858075 loops=1)
  Hash Cond: (ci.movie_id = t.id)
  ->  Seq Scan on cast_info ci  (cost=0.00..796071.18 rows=1478265 width=4) (actual time=890.494..10561.217 rows=858075 loops=1)
        Filter: ((person_id < 410226) AND (role_id > 3))
        Rows Removed by Filter: 35386269
  ->  Hash  (cost=61283.27..61283.27 rows=2528527 width=4) (actual time=1742.520..1742.520 rows=2528312 loops=1)
        Buckets: 131072  Batches: 64  Memory Usage: 2415kB
        ->  Seq Scan on title t  (cost=0.00..61283.27 rows=2528527 width=4) (actual time=0.021..929.563 rows=2528312 loops=1)
Planning time: 0.780 ms
Execution time: 14590.243 ms
