Seq Scan on cast_info ci  (cost=0.00..705507.15 rows=22479299 width=0) (actual time=0.019..11440.592 rows=22331199 loops=1)
  Filter: (person_id < 2276162)
  Rows Removed by Filter: 13913145
Planning time: 0.319 ms
Execution time: 14179.068 ms
