Hash Join  (cost=102767.86..270697.17 rows=3201981 width=0) (actual time=1919.311..6082.113 rows=3187820 loops=1)
  Hash Cond: (mk.movie_id = t.id)
  ->  Seq Scan on movie_keyword mk  (cost=0.00..81003.12 rows=3201981 width=4) (actual time=0.023..1463.242 rows=3187820 loops=1)
        Filter: (keyword_id < 12862)
        Rows Removed by Filter: 1336110
  ->  Hash  (cost=61283.27..61283.27 rows=2528527 width=4) (actual time=1918.389..1918.389 rows=2528312 loops=1)
        Buckets: 131072  Batches: 64  Memory Usage: 2425kB
        ->  Seq Scan on title t  (cost=0.00..61283.27 rows=2528527 width=4) (actual time=0.013..1026.737 rows=2528312 loops=1)
Planning time: 0.572 ms
Execution time: 6461.988 ms
