Seq Scan on movie_companies mc  (cost=0.00..57926.93 rows=528778 width=0) (actual time=575.021..903.143 rows=242746 loops=1)
  Filter: ((company_id > 14206) AND (company_type_id < 2))
  Rows Removed by Filter: 2366383
Planning time: 0.277 ms
Execution time: 934.423 ms
