Nested Loop  (cost=59245.65..765397.52 rows=12 width=0) (actual time=2694.170..9756.387 rows=30 loops=1)
  ->  Hash Join  (cost=59245.22..765289.52 rows=40 width=8) (actual time=2690.040..9750.781 rows=31 loops=1)
        Hash Cond: (ci.movie_id = mc.movie_id)
        ->  Seq Scan on cast_info ci  (cost=0.00..705507.15 rows=500 width=4) (actual time=1920.992..8759.534 rows=44 loops=1)
              Filter: (person_id = 1651367)
              Rows Removed by Filter: 36244300
        ->  Hash  (cost=57926.93..57926.93 rows=80343 width=4) (actual time=768.201..768.201 rows=129553 loops=1)
              Buckets: 131072  Batches: 2  Memory Usage: 3303kB
              ->  Seq Scan on movie_companies mc  (cost=0.00..57926.93 rows=80343 width=4) (actual time=0.027..724.035 rows=129553 loops=1)
                    Filter: ((company_id < 34) AND (company_type_id < 2))
                    Rows Removed by Filter: 2479576
  ->  Index Scan using title_pkey on title t  (cost=0.43..2.69 rows=1 width=4) (actual time=0.178..0.178 rows=1 loops=31)
        Index Cond: (id = mc.movie_id)
        Filter: (kind_id > 1)
        Rows Removed by Filter: 0
Planning time: 1.153 ms
Execution time: 9756.549 ms
