Nested Loop  (cost=0.43..709673.15 rows=449 width=0) (actual time=4496.532..10225.116 rows=153 loops=1)
  ->  Seq Scan on cast_info ci  (cost=0.00..705507.15 rows=500 width=4) (actual time=4496.467..10223.186 rows=153 loops=1)
        Filter: (person_id = 2377323)
        Rows Removed by Filter: 36244191
  ->  Index Scan using title_pkey on title t  (cost=0.43..8.32 rows=1 width=4) (actual time=0.012..0.012 rows=1 loops=153)
        Index Cond: (id = ci.movie_id)
        Filter: (production_year > 1954)
Planning time: 0.768 ms
Execution time: 10225.242 ms
