Hash Join  (cost=799382.65..854049.26 rows=108 width=0) (actual time=13230.396..14190.561 rows=12 loops=1)
  Hash Cond: (mc.movie_id = t.id)
  ->  Seq Scan on movie_companies mc  (cost=0.00..44881.29 rows=2609129 width=4) (actual time=0.014..542.937 rows=2609129 loops=1)
  ->  Hash  (cost=799381.34..799381.34 rows=105 width=8) (actual time=13176.169..13176.169 rows=19 loops=1)
        Buckets: 1024  Batches: 1  Memory Usage: 9kB
        ->  Nested Loop  (cost=0.43..799381.34 rows=105 width=8) (actual time=5591.023..13176.080 rows=19 loops=1)
              ->  Seq Scan on cast_info ci  (cost=0.00..796071.18 rows=396 width=4) (actual time=5590.885..13175.444 rows=20 loops=1)
                    Filter: ((role_id < 8) AND (person_id = 2154647))
                    Rows Removed by Filter: 36244324
              ->  Index Scan using title_pkey on title t  (cost=0.43..8.35 rows=1 width=4) (actual time=0.024..0.025 rows=1 loops=20)
                    Index Cond: (id = ci.movie_id)
                    Filter: (kind_id = 1)
                    Rows Removed by Filter: 0
Planning time: 1.186 ms
Execution time: 14190.723 ms
