Hash Join  (cost=231113.77..675823.64 rows=2281218 width=0) (actual time=5062.030..19767.788 rows=27658399 loops=1)
  Hash Cond: (mi.movie_id = t.id)
  ->  Seq Scan on movie_info mi  (cost=0.00..346232.03 rows=6231111 width=4) (actual time=79.895..5462.409 rows=6223494 loops=1)
        Filter: (info_type_id > 8)
        Rows Removed by Filter: 8612226
  ->  Hash  (cost=215925.56..215925.56 rows=925697 width=8) (actual time=4981.303..4981.303 rows=934355 loops=1)
        Buckets: 131072  Batches: 16  Memory Usage: 3402kB
        ->  Hash Join  (cost=102767.86..215925.56 rows=925697 width=8) (actual time=1853.975..4698.129 rows=934355 loops=1)
              Hash Cond: (mk.movie_id = t.id)
              ->  Seq Scan on movie_keyword mk  (cost=0.00..81003.12 rows=925697 width=4) (actual time=0.036..1347.376 rows=934355 loops=1)
                    Filter: (keyword_id < 875)
                    Rows Removed by Filter: 3589575
              ->  Hash  (cost=61283.27..61283.27 rows=2528527 width=4) (actual time=1853.003..1853.003 rows=2528312 loops=1)
                    Buckets: 131072  Batches: 64  Memory Usage: 2425kB
                    ->  Seq Scan on title t  (cost=0.00..61283.27 rows=2528527 width=4) (actual time=0.018..997.886 rows=2528312 loops=1)
Planning time: 1.069 ms
Execution time: 22807.227 ms
