Hash Join  (cost=201473.51..960866.52 rows=319796 width=0) (actual time=4081.709..16931.813 rows=267452 loops=1)
  Hash Cond: (ci.movie_id = t.id)
  ->  Seq Scan on cast_info ci  (cost=0.00..705507.15 rows=4320508 width=4) (actual time=261.666..10895.050 rows=4323018 loops=1)
        Filter: (role_id = 10)
        Rows Removed by Filter: 31921326
  ->  Hash  (cost=198402.05..198402.05 rows=187157 width=8) (actual time=3813.376..3813.376 rows=28297 loops=1)
        Buckets: 131072  Batches: 4  Memory Usage: 1296kB
        ->  Hash Join  (cost=76243.83..198402.05 rows=187157 width=8) (actual time=1629.372..3802.061 rows=28297 loops=1)
              Hash Cond: (mk.movie_id = t.id)
              ->  Seq Scan on movie_keyword mk  (cost=0.00..81003.12 rows=3349739 width=4) (actual time=0.020..1629.484 rows=3336933 loops=1)
                    Filter: (keyword_id < 15646)
                    Rows Removed by Filter: 1186997
              ->  Hash  (cost=73925.90..73925.90 rows=141274 width=4) (actual time=1125.489..1125.489 rows=150659 loops=1)
                    Buckets: 131072  Batches: 2  Memory Usage: 3679kB
                    ->  Seq Scan on title t  (cost=0.00..73925.90 rows=141274 width=4) (actual time=0.029..1063.379 rows=150659 loops=1)
                          Filter: ((production_year > 2011) AND (kind_id = 7))
                          Rows Removed by Filter: 2377653
Planning time: 1.160 ms
Execution time: 16966.813 ms
