Seq Scan on movie_keyword mk  (cost=0.00..81003.12 rows=462851 width=0) (actual time=0.026..1259.666 rows=472545 loops=1)
  Filter: (keyword_id < 359)
  Rows Removed by Filter: 4051385
Planning time: 0.341 ms
Execution time: 1322.509 ms
