Hash Join  (cost=135966.22..222884.98 rows=26072 width=0) (actual time=2068.952..3846.510 rows=88089 loops=1)
  Hash Cond: (mk.movie_id = t.id)
  ->  Seq Scan on movie_keyword mk  (cost=0.00..69693.30 rows=4523930 width=4) (actual time=0.019..888.526 rows=4523930 loops=1)
  ->  Hash  (cost=135784.07..135784.07 rows=14572 width=8) (actual time=2065.393..2065.393 rows=7637 loops=1)
        Buckets: 16384  Batches: 1  Memory Usage: 427kB
        ->  Hash Join  (cost=74456.54..135784.07 rows=14572 width=8) (actual time=979.807..2061.803 rows=7637 loops=1)
              Hash Cond: (mc.movie_id = t.id)
              ->  Seq Scan on movie_companies mc  (cost=0.00..57926.93 rows=867967 width=4) (actual time=0.089..936.643 rows=548724 loops=1)
                    Filter: ((company_id < 20490) AND (company_type_id = 2))
                    Rows Removed by Filter: 2060405
              ->  Hash  (cost=73925.90..73925.90 rows=42451 width=4) (actual time=979.348..979.348 rows=37610 loops=1)
                    Buckets: 65536  Batches: 1  Memory Usage: 1835kB
                    ->  Seq Scan on title t  (cost=0.00..73925.90 rows=42451 width=4) (actual time=0.032..963.908 rows=37610 loops=1)
                          Filter: ((kind_id < 3) AND (production_year = 2010))
                          Rows Removed by Filter: 2490702
Planning time: 1.180 ms
Execution time: 3858.649 ms
