Hash Join  (cost=102767.86..204893.70 rows=467244 width=0) (actual time=1931.005..3875.053 rows=464351 loops=1)
  Hash Cond: (mk.movie_id = t.id)
  ->  Seq Scan on movie_keyword mk  (cost=0.00..81003.12 rows=467244 width=4) (actual time=0.021..1202.111 rows=464351 loops=1)
        Filter: (keyword_id > 38319)
        Rows Removed by Filter: 4059579
  ->  Hash  (cost=61283.27..61283.27 rows=2528527 width=4) (actual time=1928.389..1928.389 rows=2528312 loops=1)
        Buckets: 131072  Batches: 64  Memory Usage: 2425kB
        ->  Seq Scan on title t  (cost=0.00..61283.27 rows=2528527 width=4) (actual time=0.008..1049.285 rows=2528312 loops=1)
Planning time: 0.722 ms
Execution time: 3928.977 ms
