Hash Join  (cost=79317.58..202865.24 rows=416903 width=0) (actual time=1319.788..4087.691 rows=104599 loops=1)
  Hash Cond: (mk.movie_id = t.id)
  ->  Seq Scan on movie_keyword mk  (cost=0.00..81003.12 rows=3207869 width=4) (actual time=0.020..1576.490 rows=3197475 loops=1)
        Filter: (keyword_id > 1732)
        Rows Removed by Filter: 1326455
  ->  Hash  (cost=73925.90..73925.90 rows=328614 width=4) (actual time=1196.262..1196.262 rows=350917 loops=1)
        Buckets: 131072  Batches: 8  Memory Usage: 2578kB
        ->  Seq Scan on title t  (cost=0.00..73925.90 rows=328614 width=4) (actual time=0.036..1075.096 rows=350917 loops=1)
              Filter: ((kind_id > 4) AND (production_year > 2009))
              Rows Removed by Filter: 2177395
Planning time: 2.167 ms
Execution time: 4099.888 ms
