Hash Join  (cost=1032600.57..1232640.10 rows=5476967 width=0) (actual time=19369.174..34677.955 rows=50701244 loops=1)
  Hash Cond: (mk.movie_id = t.id)
  ->  Seq Scan on movie_keyword mk  (cost=0.00..69693.30 rows=4523930 width=4) (actual time=0.014..1450.723 rows=4523930 loops=1)
  ->  Hash  (cost=982377.55..982377.55 rows=3061201 width=8) (actual time=19368.143..19368.143 rows=3917241 loops=1)
        Buckets: 131072  Batches: 64  Memory Usage: 3454kB
        ->  Hash Join  (cost=102767.86..982377.55 rows=3061201 width=8) (actual time=9661.703..18209.367 rows=3917241 loops=1)
              Hash Cond: (ci.movie_id = t.id)
              ->  Seq Scan on cast_info ci  (cost=0.00..796071.18 rows=3061201 width=4) (actual time=7961.255..12990.739 rows=3917241 loops=1)
                    Filter: ((person_id > 1020858) AND (role_id = 10))
                    Rows Removed by Filter: 32327103
              ->  Hash  (cost=61283.27..61283.27 rows=2528527 width=4) (actual time=1698.464..1698.464 rows=2528312 loops=1)
                    Buckets: 131072  Batches: 64  Memory Usage: 2415kB
                    ->  Seq Scan on title t  (cost=0.00..61283.27 rows=2528527 width=4) (actual time=0.029..885.312 rows=2528312 loops=1)
Planning time: 1.184 ms
Execution time: 40451.236 ms
