Nested Loop  (cost=0.43..156768.57 rows=7413 width=0) (actual time=641.806..1304.997 rows=651 loops=1)
  ->  Seq Scan on movie_keyword mk  (cost=0.00..81003.12 rows=12064 width=4) (actual time=1.138..1074.498 rows=13753 loops=1)
        Filter: (keyword_id = 121)
        Rows Removed by Filter: 4510177
  ->  Index Scan using title_pkey on title t  (cost=0.43..6.27 rows=1 width=4) (actual time=0.016..0.016 rows=0 loops=13753)
        Index Cond: (id = mk.movie_id)
        Filter: (kind_id > 4)
        Rows Removed by Filter: 1
Planning time: 8.185 ms
Execution time: 1305.285 ms
