Hash Join  (cost=428719.54..1185875.54 rows=110800 width=0) (actual time=9091.647..21051.341 rows=256614 loops=1)
  Hash Cond: (ci.movie_id = t.id)
  ->  Seq Scan on cast_info ci  (cost=0.00..705507.15 rows=13477564 width=4) (actual time=2889.845..11107.103 rows=13625565 loops=1)
        Filter: (person_id > 2308057)
        Rows Removed by Filter: 22618779
  ->  Hash  (cost=428459.70..428459.70 rows=20787 width=8) (actual time=6201.481..6201.481 rows=29751 loops=1)
        Buckets: 32768  Batches: 1  Memory Usage: 1419kB
        ->  Hash Join  (cost=74242.71..428459.70 rows=20787 width=8) (actual time=3706.931..6189.521 rows=29751 loops=1)
              Hash Cond: (mi.movie_id = t.id)
              ->  Seq Scan on movie_info mi  (cost=0.00..346232.03 rows=2073893 width=4) (actual time=2441.874..4730.678 rows=2091068 loops=1)
                    Filter: (info_type_id < 3)
                    Rows Removed by Filter: 12744652
              ->  Hash  (cost=73925.90..73925.90 rows=25344 width=4) (actual time=1045.971..1045.971 rows=15457 loops=1)
                    Buckets: 32768  Batches: 1  Memory Usage: 800kB
                    ->  Seq Scan on title t  (cost=0.00..73925.90 rows=25344 width=4) (actual time=77.732..1039.582 rows=15457 loops=1)
                          Filter: ((kind_id = 1) AND (production_year = 2005))
                          Rows Removed by Filter: 2512855
Planning time: 1.207 ms
Execution time: 21090.304 ms
