Hash Join  (cost=122940.92..188795.76 rows=41910 width=0) (actual time=2492.328..3914.839 rows=360165 loops=1)
  Hash Cond: (mc.movie_id = t.id)
  ->  Seq Scan on movie_companies mc  (cost=0.00..57926.93 rows=588481 width=4) (actual time=0.029..937.089 rows=798687 loops=1)
        Filter: ((company_id < 10604) AND (company_type_id = 1))
        Rows Removed by Filter: 1810442
  ->  Hash  (cost=119986.01..119986.01 rows=180073 width=8) (actual time=2491.310..2491.310 rows=318019 loops=1)
        Buckets: 131072 (originally 131072)  Batches: 8 (originally 4)  Memory Usage: 3073kB
        ->  Hash Join  (cost=83810.17..119986.01 rows=180073 width=8) (actual time=1393.192..2386.730 rows=318019 loops=1)
              Hash Cond: (mi_idx.movie_id = t.id)
              ->  Seq Scan on movie_info_idx mi_idx  (cost=0.00..25185.44 rows=460978 width=4) (actual time=0.021..469.837 rows=459925 loops=1)
                    Filter: (info_type_id = 99)
                    Rows Removed by Filter: 920110
              ->  Hash  (cost=67604.59..67604.59 rows=987727 width=4) (actual time=1392.198..1392.198 rows=985048 loops=1)
                    Buckets: 131072  Batches: 16  Memory Usage: 3188kB
                    ->  Seq Scan on title t  (cost=0.00..67604.59 rows=987727 width=4) (actual time=0.024..1089.482 rows=985048 loops=1)
                          Filter: (kind_id < 7)
                          Rows Removed by Filter: 1543264
Planning time: 1.235 ms
Execution time: 3955.387 ms
