Hash Join  (cost=365418.15..1653912.54 rows=29356106 width=0) (actual time=9367.560..57807.948 rows=100932766 loops=1)
  Hash Cond: (ci.movie_id = t.id)
  ->  Seq Scan on cast_info ci  (cost=0.00..705507.15 rows=16407793 width=4) (actual time=0.013..12945.267 rows=16267896 loops=1)
        Filter: (person_id < 1610785)
        Rows Removed by Filter: 19976448
  ->  Hash  (cost=291197.02..291197.02 rows=4523930 width=8) (actual time=9365.074..9365.074 rows=4523930 loops=1)
        Buckets: 131072  Batches: 64  Memory Usage: 3816kB
        ->  Hash Join  (cost=102767.86..291197.02 rows=4523930 width=8) (actual time=1831.825..8033.292 rows=4523930 loops=1)
              Hash Cond: (mk.movie_id = t.id)
              ->  Seq Scan on movie_keyword mk  (cost=0.00..69693.30 rows=4523930 width=4) (actual time=0.019..1339.230 rows=4523930 loops=1)
              ->  Hash  (cost=61283.27..61283.27 rows=2528527 width=4) (actual time=1829.771..1829.771 rows=2528312 loops=1)
                    Buckets: 131072  Batches: 64  Memory Usage: 2425kB
                    ->  Seq Scan on title t  (cost=0.00..61283.27 rows=2528527 width=4) (actual time=0.012..974.795 rows=2528312 loops=1)
Planning time: 1.165 ms
Execution time: 68431.055 ms
