Hash Join  (cost=158378.06..916945.66 rows=777842 width=0) (actual time=2819.052..18749.880 rows=851259 loops=1)
  Hash Cond: (ci.movie_id = t.id)
  ->  Seq Scan on cast_info ci  (cost=0.00..614943.12 rows=36225612 width=4) (actual time=0.013..7340.846 rows=36244344 loops=1)
  ->  Hash  (cost=157699.40..157699.40 rows=54293 width=8) (actual time=2818.506..2818.506 rows=20369 loops=1)
        Buckets: 65536  Batches: 1  Memory Usage: 1308kB
        ->  Hash Join  (cost=68438.72..157699.40 rows=54293 width=8) (actual time=995.008..2810.292 rows=20369 loops=1)
              Hash Cond: (mk.movie_id = t.id)
              ->  Seq Scan on movie_keyword mk  (cost=0.00..81003.12 rows=2057232 width=4) (actual time=0.025..1441.156 rows=2066242 loops=1)
                    Filter: (keyword_id < 3664)
                    Rows Removed by Filter: 2457688
              ->  Hash  (cost=67604.59..67604.59 rows=66731 width=4) (actual time=994.258..994.258 rows=67342 loops=1)
                    Buckets: 131072  Batches: 1  Memory Usage: 3392kB
                    ->  Seq Scan on title t  (cost=0.00..67604.59 rows=66731 width=4) (actual time=0.033..966.022 rows=67342 loops=1)
                          Filter: (production_year > 2012)
                          Rows Removed by Filter: 2460970
Planning time: 1.094 ms
Execution time: 18863.902 ms
