Seq Scan on movie_companies mc  (cost=0.00..57926.93 rows=490891 width=0) (actual time=0.009..847.798 rows=700090 loops=1)
  Filter: ((company_id < 4759) AND (company_type_id = 1))
  Rows Removed by Filter: 1909039
Planning time: 0.272 ms
Execution time: 936.179 ms
