Seq Scan on movie_companies mc  (cost=0.00..51404.11 rows=104 width=0) (actual time=10.755..589.623 rows=183 loops=1)
  Filter: (company_id = 1388)
  Rows Removed by Filter: 2608946
Planning time: 0.351 ms
Execution time: 589.767 ms
