Seq Scan on movie_keyword mk  (cost=0.00..81003.12 rows=1995009 width=0) (actual time=0.019..1301.949 rows=2003616 loops=1)
  Filter: (keyword_id > 6243)
  Rows Removed by Filter: 2520314
Planning time: 0.307 ms
Execution time: 1555.234 ms
