Hash Join  (cost=58375.85..85290.05 rows=10 width=0) (actual time=993.392..1251.344 rows=31 loops=1)
  Hash Cond: (mi_idx.movie_id = t.id)
  ->  Seq Scan on movie_info_idx mi_idx  (cost=0.00..25185.44 rows=460978 width=4) (actual time=0.018..405.016 rows=459925 loops=1)
        Filter: (info_type_id < 100)
        Rows Removed by Filter: 920110
  ->  Hash  (cost=58375.18..58375.18 rows=53 width=8) (actual time=780.624..780.624 rows=33 loops=1)
        Buckets: 1024  Batches: 1  Memory Usage: 10kB
        ->  Nested Loop  (cost=0.43..58375.18 rows=53 width=8) (actual time=731.195..780.602 rows=33 loops=1)
              ->  Seq Scan on movie_companies mc  (cost=0.00..57926.93 rows=53 width=4) (actual time=731.105..780.079 rows=33 loops=1)
                    Filter: ((company_type_id > 1) AND (company_id = 79942))
                    Rows Removed by Filter: 2609096
              ->  Index Only Scan using title_pkey on title t  (cost=0.43..8.45 rows=1 width=4) (actual time=0.014..0.014 rows=1 loops=33)
                    Index Cond: (id = mc.movie_id)
                    Heap Fetches: 33
Planning time: 0.791 ms
Execution time: 1251.436 ms
