Seq Scan on movie_keyword mk  (cost=0.00..81003.12 rows=1494640 width=0) (actual time=0.022..817.888 rows=1514237 loops=1)
  Filter: (keyword_id > 10693)
  Rows Removed by Filter: 3009693
Planning time: 0.314 ms
Execution time: 947.989 ms
