Hash Join  (cost=173629.23..944331.72 rows=444045 width=0) (actual time=6636.415..23981.130 rows=3277811 loops=1)
  Hash Cond: (ci.movie_id = t.id)
  ->  Seq Scan on cast_info ci  (cost=0.00..705507.15 rows=16201301 width=4) (actual time=3397.525..12786.868 rows=16121683 loops=1)
        Filter: (role_id > 2)
        Rows Removed by Filter: 20122661
  ->  Hash  (cost=172762.95..172762.95 rows=69302 width=8) (actual time=3237.993..3237.993 rows=312423 loops=1)
        Buckets: 131072 (originally 131072)  Batches: 8 (originally 1)  Memory Usage: 3073kB
        ->  Hash Join  (cost=76259.21..172762.95 rows=69302 width=8) (actual time=1159.914..3125.226 rows=312423 loops=1)
              Hash Cond: (mk.movie_id = t.id)
              ->  Seq Scan on movie_keyword mk  (cost=0.00..81003.12 rows=1232427 width=4) (actual time=0.023..1329.945 rows=1244424 loops=1)
                    Filter: (keyword_id > 14526)
                    Rows Removed by Filter: 3279506
              ->  Hash  (cost=73925.90..73925.90 rows=142184 width=4) (actual time=1146.779..1146.779 rows=278391 loops=1)
                    Buckets: 131072 (originally 131072)  Batches: 4 (originally 2)  Memory Usage: 3477kB
                    ->  Seq Scan on title t  (cost=0.00..73925.90 rows=142184 width=4) (actual time=2.351..1040.065 rows=278391 loops=1)
                          Filter: ((production_year < 1982) AND (kind_id = 1))
                          Rows Removed by Filter: 2249921
Planning time: 1.099 ms
Execution time: 24384.320 ms
