Hash Join  (cost=102767.86..280168.95 rows=3595567 width=0) (actual time=1904.601..7101.346 rows=3588475 loops=1)
  Hash Cond: (mk.movie_id = t.id)
  ->  Seq Scan on movie_keyword mk  (cost=0.00..81003.12 rows=3595567 width=4) (actual time=0.020..1628.899 rows=3588475 loops=1)
        Filter: (keyword_id < 20302)
        Rows Removed by Filter: 935455
  ->  Hash  (cost=61283.27..61283.27 rows=2528527 width=4) (actual time=1902.039..1902.039 rows=2528312 loops=1)
        Buckets: 131072  Batches: 64  Memory Usage: 2425kB
        ->  Seq Scan on title t  (cost=0.00..61283.27 rows=2528527 width=4) (actual time=0.018..1037.627 rows=2528312 loops=1)
Planning time: 0.711 ms
Execution time: 7516.010 ms
