Hash Join  (cost=74016.92..825849.21 rows=104313 width=0) (actual time=917.412..16728.972 rows=74923 loops=1)
  Hash Cond: (ci.movie_id = t.id)
  ->  Seq Scan on cast_info ci  (cost=0.00..614943.12 rows=36225612 width=4) (actual time=0.019..7604.397 rows=36244344 loops=1)
  ->  Hash  (cost=73925.90..73925.90 rows=7281 width=4) (actual time=917.176..917.176 rows=7012 loops=1)
        Buckets: 8192  Batches: 1  Memory Usage: 311kB
        ->  Seq Scan on title t  (cost=0.00..73925.90 rows=7281 width=4) (actual time=0.057..914.054 rows=7012 loops=1)
              Filter: ((kind_id = 4) AND (production_year = 2011))
              Rows Removed by Filter: 2521300
Planning time: 0.750 ms
Execution time: 16744.453 ms
