Seq Scan on movie_keyword mk  (cost=0.00..81003.12 rows=246 width=0) (actual time=586.473..1211.411 rows=2 loops=1)
  Filter: (keyword_id = 85332)
  Rows Removed by Filter: 4523928
Planning time: 0.334 ms
Execution time: 1211.508 ms
