Hash Join  (cost=73929.67..160593.10 rows=539 width=0) (actual time=861.978..2574.151 rows=3454 loops=1)
  Hash Cond: (mk.movie_id = t.id)
  ->  Seq Scan on movie_keyword mk  (cost=0.00..69693.30 rows=4523930 width=4) (actual time=0.020..911.196 rows=4523930 loops=1)
  ->  Hash  (cost=73925.90..73925.90 rows=301 width=4) (actual time=861.711..861.711 rows=1244 loops=1)
        Buckets: 2048 (originally 1024)  Batches: 1 (originally 1)  Memory Usage: 60kB
        ->  Seq Scan on title t  (cost=0.00..73925.90 rows=301 width=4) (actual time=300.641..860.966 rows=1244 loops=1)
              Filter: ((kind_id = 3) AND (production_year = 1979))
              Rows Removed by Filter: 2527068
Planning time: 0.698 ms
Execution time: 2574.851 ms
