Hash Join  (cost=77312.52..444600.71 rows=315464 width=0) (actual time=3854.772..6691.039 rows=392725 loops=1)
  Hash Cond: (mi.movie_id = t.id)
  ->  Seq Scan on movie_info mi  (cost=0.00..346232.03 rows=1348138 width=4) (actual time=2716.886..4686.233 rows=1298989 loops=1)
        Filter: (info_type_id = 4)
        Rows Removed by Filter: 13536731
  ->  Hash  (cost=67604.59..67604.59 rows=591675 width=4) (actual time=1136.814..1136.814 rows=585020 loops=1)
        Buckets: 131072  Batches: 8  Memory Usage: 3593kB
        ->  Seq Scan on title t  (cost=0.00..67604.59 rows=591675 width=4) (actual time=0.020..947.471 rows=585020 loops=1)
              Filter: (production_year < 1985)
              Rows Removed by Filter: 1943292
Planning time: 0.712 ms
Execution time: 6741.951 ms
