Hash Join  (cost=192891.06..237702.86 rows=414932 width=0) (actual time=4335.822..5027.707 rows=410526 loops=1)
  Hash Cond: (mi_idx.movie_id = t.id)
  ->  Seq Scan on movie_info_idx mi_idx  (cost=0.00..21735.35 rows=1380035 width=4) (actual time=0.017..430.912 rows=1380035 loops=1)
  ->  Hash  (cost=180417.98..180417.98 rows=760246 width=8) (actual time=3842.754..3842.754 rows=265110 loops=1)
        Buckets: 131072  Batches: 16  Memory Usage: 1655kB
        ->  Hash Join  (cost=92883.59..180417.98 rows=760246 width=8) (actual time=2816.450..3762.769 rows=265110 loops=1)
              Hash Cond: (mc.movie_id = t.id)
              ->  Seq Scan on movie_companies mc  (cost=0.00..57926.93 rows=1247600 width=4) (actual time=0.018..1215.659 rows=1214780 loops=1)
                    Filter: ((company_id > 6) AND (company_type_id = 1))
                    Rows Removed by Filter: 1394349
              ->  Hash  (cost=67604.59..67604.59 rows=1540800 width=4) (actual time=1647.592..1647.592 rows=1543264 loops=1)
                    Buckets: 131072  Batches: 32  Memory Usage: 2722kB
                    ->  Seq Scan on title t  (cost=0.00..67604.59 rows=1540800 width=4) (actual time=277.994..1160.452 rows=1543264 loops=1)
                          Filter: (kind_id = 7)
                          Rows Removed by Filter: 985048
Planning time: 3.348 ms
Execution time: 5078.588 ms
