Hash Join  (cost=128919.48..215697.38 rows=11986 width=0) (actual time=2077.129..3765.621 rows=37731 loops=1)
  Hash Cond: (mk.movie_id = t.id)
  ->  Seq Scan on movie_keyword mk  (cost=0.00..69693.30 rows=4523930 width=4) (actual time=0.012..828.187 rows=4523930 loops=1)
  ->  Hash  (cost=128835.75..128835.75 rows=6699 width=8) (actual time=2076.356..2076.356 rows=7333 loops=1)
        Buckets: 8192  Batches: 1  Memory Usage: 351kB
        ->  Hash Join  (cost=74174.82..128835.75 rows=6699 width=8) (actual time=1054.423..2073.127 rows=7333 loops=1)
              Hash Cond: (mc.movie_id = t.id)
              ->  Seq Scan on movie_companies mc  (cost=0.00..51404.11 rows=850620 width=4) (actual time=0.024..832.058 rows=846115 loops=1)
                    Filter: (company_id < 2286)
                    Rows Removed by Filter: 1763014
              ->  Hash  (cost=73925.90..73925.90 rows=19913 width=4) (actual time=1053.829..1053.829 rows=21707 loops=1)
                    Buckets: 32768  Batches: 1  Memory Usage: 1020kB
                    ->  Seq Scan on title t  (cost=0.00..73925.90 rows=19913 width=4) (actual time=0.034..1044.033 rows=21707 loops=1)
                          Filter: ((kind_id > 1) AND (production_year = 1993))
                          Rows Removed by Filter: 2506605
Planning time: 1.171 ms
Execution time: 3770.433 ms
