Seq Scan on movie_keyword mk  (cost=0.00..81003.12 rows=246 width=0) (actual time=0.465..1170.263 rows=763 loops=1)
  Filter: (keyword_id = 5071)
  Rows Removed by Filter: 4523167
Planning time: 0.334 ms
Execution time: 1170.655 ms
