Hash Join  (cost=798791.46..1163466.28 rows=1889 width=0) (actual time=13625.039..19608.144 rows=882 loops=1)
  Hash Cond: (mi.movie_id = t.id)
  ->  Seq Scan on movie_info mi  (cost=0.00..309384.22 rows=14739122 width=4) (actual time=0.018..3467.299 rows=14835720 loops=1)
  ->  Hash  (cost=798787.41..798787.41 rows=324 width=8) (actual time=13537.317..13537.317 rows=99 loops=1)
        Buckets: 1024  Batches: 1  Memory Usage: 12kB
        ->  Nested Loop  (cost=0.43..798787.41 rows=324 width=8) (actual time=6550.545..13537.231 rows=99 loops=1)
              ->  Seq Scan on cast_info ci  (cost=0.00..796071.18 rows=324 width=4) (actual time=6550.419..13535.646 rows=99 loops=1)
                    Filter: ((role_id > 1) AND (person_id = 973000))
                    Rows Removed by Filter: 36244245
              ->  Index Only Scan using title_pkey on title t  (cost=0.43..8.37 rows=1 width=4) (actual time=0.014..0.014 rows=1 loops=99)
                    Index Cond: (id = ci.movie_id)
                    Heap Fetches: 99
Planning time: 1.146 ms
Execution time: 19608.508 ms
