Hash Join  (cost=52284.46..79195.17 rows=22 width=0) (actual time=784.493..1281.190 rows=177 loops=1)
  Hash Cond: (mi_idx.movie_id = t.id)
  ->  Seq Scan on movie_info_idx mi_idx  (cost=0.00..21735.35 rows=1380035 width=4) (actual time=0.029..261.325 rows=1380035 loops=1)
  ->  Hash  (cost=52283.95..52283.95 rows=41 width=8) (actual time=771.200..771.200 rows=59 loops=1)
        Buckets: 1024  Batches: 1  Memory Usage: 11kB
        ->  Nested Loop  (cost=0.43..52283.95 rows=41 width=8) (actual time=4.028..771.153 rows=59 loops=1)
              ->  Seq Scan on movie_companies mc  (cost=0.00..51404.11 rows=104 width=4) (actual time=3.994..769.831 rows=59 loops=1)
                    Filter: (company_id = 19687)
                    Rows Removed by Filter: 2609070
              ->  Index Scan using title_pkey on title t  (cost=0.43..8.45 rows=1 width=4) (actual time=0.020..0.020 rows=1 loops=59)
                    Index Cond: (id = mc.movie_id)
                    Filter: (kind_id < 7)
Planning time: 1.143 ms
Execution time: 1281.392 ms
