Hash Join  (cost=74498.58..129636.84 rows=47274 width=0) (actual time=1148.004..2469.337 rows=71281 loops=1)
  Hash Cond: (mc.movie_id = t.id)
  ->  Seq Scan on movie_companies mc  (cost=0.00..44881.29 rows=2609129 width=4) (actual time=0.017..564.066 rows=2609129 loops=1)
  ->  Hash  (cost=73925.90..73925.90 rows=45814 width=4) (actual time=1147.604..1147.604 rows=55711 loops=1)
        Buckets: 65536  Batches: 1  Memory Usage: 2471kB
        ->  Seq Scan on title t  (cost=0.00..73925.90 rows=45814 width=4) (actual time=0.021..1127.327 rows=55711 loops=1)
              Filter: ((production_year > 2005) AND (kind_id = 4))
              Rows Removed by Filter: 2472601
Planning time: 4.049 ms
Execution time: 2479.474 ms
