Seq Scan on movie_companies mc  (cost=0.00..57926.93 rows=1264911 width=0) (actual time=0.023..1053.722 rows=1274246 loops=1)
  Filter: ((company_id < 209025) AND (company_type_id = 1))
  Rows Removed by Filter: 1334883
Planning time: 0.257 ms
Execution time: 1210.273 ms
