Seq Scan on movie_keyword mk  (cost=0.00..81003.12 rows=1866862 width=0) (actual time=0.026..1386.431 rows=1874646 loops=1)
  Filter: (keyword_id > 7332)
  Rows Removed by Filter: 2649284
Planning time: 0.282 ms
Execution time: 1626.422 ms
