Hash Join  (cost=75342.47..928517.10 rows=162726 width=0) (actual time=9124.301..17227.060 rows=316135 loops=1)
  Hash Cond: (ci.movie_id = t.id)
  ->  Seq Scan on cast_info ci  (cost=0.00..796071.18 rows=4768584 width=4) (actual time=8129.292..13065.878 rows=7449805 loops=1)
        Filter: ((person_id > 1231758) AND (role_id = 2))
        Rows Removed by Filter: 28794539
  ->  Hash  (cost=73925.90..73925.90 rows=86285 width=4) (actual time=994.047..994.047 rows=92628 loops=1)
        Buckets: 131072  Batches: 2  Memory Usage: 2653kB
        ->  Seq Scan on title t  (cost=0.00..73925.90 rows=86285 width=4) (actual time=0.047..961.992 rows=92628 loops=1)
              Filter: ((kind_id = 7) AND (production_year = 2010))
              Rows Removed by Filter: 2435684
Planning time: 0.794 ms
Execution time: 17265.314 ms
