Seq Scan on movie_companies mc  (cost=0.00..51404.11 rows=1084637 width=0) (actual time=0.017..821.778 rows=1096621 loops=1)
  Filter: (company_id > 14099)
  Rows Removed by Filter: 1512508
Planning time: 0.306 ms
Execution time: 960.746 ms
