Hash Join  (cost=83072.42..833863.17 rows=160 width=0) (actual time=1282.099..15514.557 rows=544 loops=1)
  Hash Cond: (ci.movie_id = t.id)
  ->  Seq Scan on cast_info ci  (cost=0.00..614943.12 rows=36225612 width=4) (actual time=0.035..7496.855 rows=36244344 loops=1)
  ->  Hash  (cost=83072.29..83072.29 rows=11 width=8) (actual time=1176.138..1176.138 rows=15 loops=1)
        Buckets: 1024  Batches: 1  Memory Usage: 9kB
        ->  Nested Loop  (cost=0.43..83072.29 rows=11 width=8) (actual time=141.621..1176.114 rows=15 loops=1)
              ->  Seq Scan on movie_keyword mk  (cost=0.00..81003.12 rows=246 width=4) (actual time=0.416..1169.302 rows=122 loops=1)
                    Filter: (keyword_id = 13716)
                    Rows Removed by Filter: 4523808
              ->  Index Scan using title_pkey on title t  (cost=0.43..8.40 rows=1 width=4) (actual time=0.053..0.053 rows=0 loops=122)
                    Index Cond: (id = mk.movie_id)
                    Filter: (kind_id = 4)
                    Rows Removed by Filter: 1
Planning time: 2.929 ms
Execution time: 15515.117 ms
