Hash Join  (cost=73962.22..169344.97 rows=4392 width=0) (actual time=851.560..2774.997 rows=30687 loops=1)
  Hash Cond: (mk.movie_id = t.id)
  ->  Seq Scan on movie_keyword mk  (cost=0.00..81003.12 rows=3822856 width=4) (actual time=0.027..1348.798 rows=3817217 loops=1)
        Filter: (keyword_id < 26723)
        Rows Removed by Filter: 706713
  ->  Hash  (cost=73925.90..73925.90 rows=2905 width=4) (actual time=851.443..851.443 rows=7085 loops=1)
        Buckets: 8192 (originally 4096)  Batches: 1 (originally 1)  Memory Usage: 314kB
        ->  Seq Scan on title t  (cost=0.00..73925.90 rows=2905 width=4) (actual time=2.394..848.250 rows=7085 loops=1)
              Filter: ((kind_id < 7) AND (production_year = 1983))
              Rows Removed by Filter: 2521227
Planning time: 0.750 ms
Execution time: 2779.299 ms
