Hash Join  (cost=78556.72..1254207.81 rows=8690678 width=0) (actual time=1112.820..36178.145 rows=9585871 loops=1)
  Hash Cond: (ci.movie_id = t.id)
  ->  Seq Scan on cast_info ci  (cost=0.00..705507.15 rows=32919241 width=4) (actual time=0.024..15170.108 rows=32916071 loops=1)
        Filter: (person_id < 3450009)
        Rows Removed by Filter: 3328273
  ->  Hash  (cost=67604.59..67604.59 rows=667531 width=4) (actual time=1111.946..1111.946 rows=662825 loops=1)
        Buckets: 131072  Batches: 16  Memory Usage: 2476kB
        ->  Seq Scan on title t  (cost=0.00..67604.59 rows=667531 width=4) (actual time=0.012..898.341 rows=662825 loops=1)
              Filter: (kind_id = 1)
              Rows Removed by Filter: 1865487
Planning time: 0.785 ms
Execution time: 37253.316 ms
