Hash Join  (cost=457072.38..588385.91 rows=764249 width=0) (actual time=7751.534..11704.173 rows=2231975 loops=1)
  Hash Cond: (mk.movie_id = t.id)
  ->  Seq Scan on movie_keyword mk  (cost=0.00..69693.30 rows=4523930 width=4) (actual time=0.031..1405.278 rows=4523930 loops=1)
  ->  Hash  (cost=450063.93..450063.93 rows=427156 width=8) (actual time=7750.725..7750.725 rows=550897 loops=1)
        Buckets: 131072  Batches: 8  Memory Usage: 3734kB
        ->  Hash Join  (cost=81530.55..450063.93 rows=427156 width=8) (actual time=3233.238..7579.542 rows=550897 loops=1)
              Hash Cond: (mi.movie_id = t.id)
              ->  Seq Scan on movie_info mi  (cost=0.00..346232.03 rows=1272478 width=4) (actual time=1557.993..4930.375 rows=1325361 loops=1)
                    Filter: (info_type_id = 8)
                    Rows Removed by Filter: 13510359
              ->  Hash  (cost=67604.59..67604.59 rows=848797 width=4) (actual time=1674.083..1674.083 rows=849141 loops=1)
                    Buckets: 131072  Batches: 16  Memory Usage: 2900kB
                    ->  Seq Scan on title t  (cost=0.00..67604.59 rows=848797 width=4) (actual time=0.028..1114.211 rows=849141 loops=1)
                          Filter: (production_year < 1996)
                          Rows Removed by Filter: 1679171
Planning time: 1.759 ms
Execution time: 11933.598 ms
