Seq Scan on cast_info ci  (cost=0.00..705507.15 rows=2852176 width=0) (actual time=2356.112..10108.977 rows=2807434 loops=1)
  Filter: (person_id < 270471)
  Rows Removed by Filter: 33436910
Planning time: 0.298 ms
Execution time: 10455.636 ms
