Hash Join  (cost=168162.63..1067983.37 rows=1534493 width=0) (actual time=3863.945..20200.446 rows=2536228 loops=1)
  Hash Cond: (ci.movie_id = t.id)
  ->  Seq Scan on cast_info ci  (cost=0.00..796071.18 rows=7470302 width=4) (actual time=0.035..13592.821 rows=3940069 loops=1)
        Filter: ((person_id < 2241798) AND (role_id > 3))
        Rows Removed by Filter: 32304275
  ->  Hash  (cost=159641.24..159641.24 rows=519391 width=8) (actual time=3862.750..3862.750 rows=934414 loops=1)
        Buckets: 131072 (originally 131072)  Batches: 16 (originally 8)  Memory Usage: 3312kB
        ->  Hash Join  (cost=83810.17..159641.24 rows=519391 width=8) (actual time=1446.898..3582.516 rows=934414 loops=1)
              Hash Cond: (mc.movie_id = t.id)
              ->  Seq Scan on movie_companies mc  (cost=0.00..51404.11 rows=1329612 width=4) (actual time=0.030..1020.408 rows=1334883 loops=1)
                    Filter: (company_type_id > 1)
                    Rows Removed by Filter: 1274246
              ->  Hash  (cost=67604.59..67604.59 rows=987727 width=4) (actual time=1445.583..1445.583 rows=985048 loops=1)
                    Buckets: 131072  Batches: 16  Memory Usage: 3188kB
                    ->  Seq Scan on title t  (cost=0.00..67604.59 rows=987727 width=4) (actual time=0.025..1120.447 rows=985048 loops=1)
                          Filter: (kind_id < 7)
                          Rows Removed by Filter: 1543264
Planning time: 1.195 ms
Execution time: 20478.687 ms
