Hash Join  (cost=73980.43..825394.53 rows=62493 width=0) (actual time=1085.741..15761.719 rows=85938 loops=1)
  Hash Cond: (ci.movie_id = t.id)
  ->  Seq Scan on cast_info ci  (cost=0.00..614943.12 rows=36225612 width=4) (actual time=0.012..7242.437 rows=36244344 loops=1)
  ->  Hash  (cost=73925.90..73925.90 rows=4362 width=4) (actual time=1085.604..1085.604 rows=3986 loops=1)
        Buckets: 8192  Batches: 1  Memory Usage: 205kB
        ->  Seq Scan on title t  (cost=0.00..73925.90 rows=4362 width=4) (actual time=352.609..1083.588 rows=3986 loops=1)
              Filter: ((kind_id = 3) AND (production_year = 2006))
              Rows Removed by Filter: 2524326
Planning time: 0.739 ms
Execution time: 15779.469 ms
