Seq Scan on cast_info ci  (cost=0.00..705507.15 rows=34800528 width=0) (actual time=0.028..12824.913 rows=34813185 loops=1)
  Filter: (person_id < 3781773)
  Rows Removed by Filter: 1431159
Planning time: 0.292 ms
Execution time: 17105.390 ms
