Hash Join  (cost=102767.86..997435.52 rows=3686922 width=0) (actual time=2833.804..18244.653 rows=4022898 loops=1)
  Hash Cond: (ci.movie_id = t.id)
  ->  Seq Scan on cast_info ci  (cost=0.00..796071.18 rows=3686922 width=4) (actual time=922.601..12568.833 rows=4022898 loops=1)
        Filter: ((person_id < 410697) AND (role_id < 9))
        Rows Removed by Filter: 32221446
  ->  Hash  (cost=61283.27..61283.27 rows=2528527 width=4) (actual time=1886.161..1886.161 rows=2528312 loops=1)
        Buckets: 131072  Batches: 64  Memory Usage: 2415kB
        ->  Seq Scan on title t  (cost=0.00..61283.27 rows=2528527 width=4) (actual time=0.025..1048.637 rows=2528312 loops=1)
Planning time: 0.760 ms
Execution time: 18693.453 ms
