Seq Scan on cast_info ci  (cost=0.00..796071.18 rows=5381564 width=0) (actual time=7414.447..13149.794 rows=10943004 loops=1)
  Filter: ((person_id < 1497810) AND (role_id = 1))
  Rows Removed by Filter: 25301340
Planning time: 0.375 ms
Execution time: 14528.365 ms
