Hash Join  (cost=98018.53..177386.67 rows=743084 width=0) (actual time=1895.375..3715.753 rows=496317 loops=1)
  Hash Cond: (mc.movie_id = t.id)
  ->  Seq Scan on movie_companies mc  (cost=0.00..51404.11 rows=1279517 width=4) (actual time=0.015..863.805 rows=1274246 loops=1)
        Filter: (company_type_id < 2)
        Rows Removed by Filter: 1334883
  ->  Hash  (cost=73925.90..73925.90 rows=1468450 width=4) (actual time=1894.489..1894.489 rows=1591292 loops=1)
        Buckets: 131072  Batches: 32  Memory Usage: 2782kB
        ->  Seq Scan on title t  (cost=0.00..73925.90 rows=1468450 width=4) (actual time=0.012..1362.090 rows=1591292 loops=1)
              Filter: ((kind_id > 1) AND (production_year > 1976))
              Rows Removed by Filter: 937020
Planning time: 0.689 ms
Execution time: 3769.079 ms
