Hash Join  (cost=82871.49..149534.33 rows=103829 width=0) (actual time=1701.845..2625.948 rows=194171 loops=1)
  Hash Cond: (mc.movie_id = t.id)
  ->  Seq Scan on movie_companies mc  (cost=0.00..57926.93 rows=481496 width=4) (actual time=101.143..928.016 rows=689796 loops=1)
        Filter: ((company_id < 4441) AND (company_type_id = 1))
        Rows Removed by Filter: 1919333
  ->  Hash  (cost=73925.90..73925.90 rows=545247 width=4) (actual time=1245.379..1245.379 rows=557319 loops=1)
        Buckets: 131072  Batches: 8  Memory Usage: 3485kB
        ->  Seq Scan on title t  (cost=0.00..73925.90 rows=545247 width=4) (actual time=299.200..1075.763 rows=557319 loops=1)
              Filter: ((production_year < 2011) AND (kind_id = 1))
              Rows Removed by Filter: 1970993
Planning time: 6.501 ms
Execution time: 2651.444 ms
