Hash Join  (cost=96603.40..905719.60 rows=245374 width=0) (actual time=9927.330..15499.429 rows=151358 loops=1)
  Hash Cond: (ci.movie_id = t.id)
  ->  Seq Scan on cast_info ci  (cost=0.00..796071.18 rows=448874 width=4) (actual time=8038.696..13196.850 rows=305339 loops=1)
        Filter: ((person_id < 2267548) AND (role_id = 6))
        Rows Removed by Filter: 35939005
  ->  Hash  (cost=73925.90..73925.90 rows=1382200 width=4) (actual time=1886.469..1886.469 rows=1460524 loops=1)
        Buckets: 131072  Batches: 32  Memory Usage: 2630kB
        ->  Seq Scan on title t  (cost=0.00..73925.90 rows=1382200 width=4) (actual time=0.043..1424.423 rows=1460524 loops=1)
              Filter: ((production_year > 1954) AND (kind_id = 7))
              Rows Removed by Filter: 1067788
Planning time: 0.789 ms
Execution time: 15517.921 ms
