Hash Join  (cost=164542.18..191825.90 rows=37324 width=0) (actual time=2914.992..3703.771 rows=248322 loops=1)
  Hash Cond: (mi_idx.movie_id = t.id)
  ->  Seq Scan on movie_info_idx mi_idx  (cost=0.00..21735.35 rows=1380035 width=4) (actual time=0.008..255.215 rows=1380035 loops=1)
  ->  Hash  (cost=163687.35..163687.35 rows=68386 width=8) (actual time=2914.187..2914.187 rows=120887 loops=1)
        Buckets: 131072 (originally 131072)  Batches: 2 (originally 1)  Memory Usage: 3403kB
        ->  Hash Join  (cost=70716.09..163687.35 rows=68386 width=8) (actual time=1108.632..2870.296 rows=120887 loops=1)
              Hash Cond: (mk.movie_id = t.id)
              ->  Seq Scan on movie_keyword mk  (cost=0.00..81003.12 rows=911808 width=4) (actual time=0.019..1314.324 rows=917718 loops=1)
                    Filter: (keyword_id < 869)
                    Rows Removed by Filter: 3606212
              ->  Hash  (cost=67604.59..67604.59 rows=189640 width=4) (actual time=1107.844..1107.844 rows=187790 loops=1)
                    Buckets: 131072  Batches: 4  Memory Usage: 2679kB
                    ->  Seq Scan on title t  (cost=0.00..67604.59 rows=189640 width=4) (actual time=0.193..1043.187 rows=187790 loops=1)
                          Filter: (production_year < 1954)
                          Rows Removed by Filter: 2340522
Planning time: 1.509 ms
Execution time: 3736.501 ms
