Hash Join  (cost=160673.87..656265.21 rows=1479341 width=0) (actual time=3885.227..21898.342 rows=18411661 loops=1)
  Hash Cond: (mi.movie_id = t.id)
  ->  Seq Scan on movie_info mi  (cost=0.00..309384.22 rows=14739122 width=4) (actual time=0.010..6033.655 rows=14835720 loops=1)
  ->  Hash  (cost=156509.57..156509.57 rows=253784 width=8) (actual time=3884.338..3884.338 rows=730062 loops=1)
        Buckets: 131072 (originally 131072)  Batches: 8 (originally 4)  Memory Usage: 4650kB
        ->  Hash Join  (cost=77961.21..156509.57 rows=253784 width=8) (actual time=1390.419..3665.878 rows=730062 loops=1)
              Hash Cond: (mc.movie_id = t.id)
              ->  Seq Scan on movie_companies mc  (cost=0.00..44881.29 rows=2609129 width=4) (actual time=0.025..851.062 rows=2609129 loops=1)
              ->  Hash  (cost=73925.90..73925.90 rows=245944 width=4) (actual time=1389.624..1389.624 rows=357497 loops=1)
                    Buckets: 131072 (originally 131072)  Batches: 8 (originally 4)  Memory Usage: 3073kB
                    ->  Seq Scan on title t  (cost=0.00..73925.90 rows=245944 width=4) (actual time=0.014..1270.158 rows=357497 loops=1)
                          Filter: ((kind_id < 7) AND (production_year < 1987))
                          Rows Removed by Filter: 2170815
Planning time: 1.186 ms
Execution time: 24131.289 ms
