Hash Join  (cost=115307.01..964203.53 rows=266603 width=0) (actual time=2280.206..19085.023 rows=1408778 loops=1)
  Hash Cond: (ci.movie_id = t.id)
  ->  Seq Scan on cast_info ci  (cost=0.00..796071.18 rows=4284880 width=4) (actual time=0.017..12158.099 rows=8737384 loops=1)
        Filter: ((person_id < 1191654) AND (role_id = 1))
        Rows Removed by Filter: 27506960
  ->  Hash  (cost=112725.46..112725.46 rows=157324 width=8) (actual time=2279.358..2279.358 rows=161776 loops=1)
        Buckets: 131072  Batches: 4  Memory Usage: 2604kB
        ->  Hash Join  (cost=72333.74..112725.46 rows=157324 width=8) (actual time=1100.645..2227.480 rows=161776 loops=1)
              Hash Cond: (mi_idx.movie_id = t.id)
              ->  Seq Scan on movie_info_idx mi_idx  (cost=0.00..21735.35 rows=1380035 width=4) (actual time=0.015..490.342 rows=1380035 loops=1)
              ->  Hash  (cost=67604.59..67604.59 rows=288252 width=4) (actual time=1099.789..1099.789 rows=285055 loops=1)
                    Buckets: 131072  Batches: 4  Memory Usage: 3527kB
                    ->  Seq Scan on title t  (cost=0.00..67604.59 rows=288252 width=4) (actual time=0.027..1005.053 rows=285055 loops=1)
                          Filter: (production_year < 1964)
                          Rows Removed by Filter: 2243257
Planning time: 6.229 ms
Execution time: 19231.450 ms
