Hash Join  (cost=156966.56..970775.12 rows=11725 width=0) (actual time=9915.451..15757.118 rows=39802 loops=1)
  Hash Cond: (ci.movie_id = t.id)
  ->  Seq Scan on cast_info ci  (cost=0.00..796071.18 rows=4698703 width=4) (actual time=7514.400..12302.686 rows=7024779 loops=1)
        Filter: ((person_id > 1799654) AND (role_id > 4))
        Rows Removed by Filter: 29219565
  ->  Hash  (cost=156887.70..156887.70 rows=6309 width=8) (actual time=2400.381..2400.381 rows=3143 loops=1)
        Buckets: 8192  Batches: 1  Memory Usage: 187kB
        ->  Hash Join  (cost=74485.76..156887.70 rows=6309 width=8) (actual time=1175.517..2398.951 rows=3143 loops=1)
              Hash Cond: (mk.movie_id = t.id)
              ->  Seq Scan on movie_keyword mk  (cost=0.00..81003.12 rows=356195 width=4) (actual time=0.033..1143.980 rows=353848 loops=1)
                    Filter: (keyword_id > 47158)
                    Rows Removed by Filter: 4170082
              ->  Hash  (cost=73925.90..73925.90 rows=44788 width=4) (actual time=1173.344..1173.344 rows=52864 loops=1)
                    Buckets: 65536  Batches: 1  Memory Usage: 2371kB
                    ->  Seq Scan on title t  (cost=0.00..73925.90 rows=44788 width=4) (actual time=0.038..1146.481 rows=52864 loops=1)
                          Filter: ((kind_id > 1) AND (production_year = 2002))
                          Rows Removed by Filter: 2475448
Planning time: 1.195 ms
Execution time: 15763.183 ms
