Seq Scan on cast_info ci  (cost=0.00..705507.15 rows=15039490 width=0) (actual time=0.069..11173.715 rows=14929687 loops=1)
  Filter: (person_id < 1473824)
  Rows Removed by Filter: 21314657
Planning time: 0.203 ms
Execution time: 13077.429 ms
