Hash Join  (cost=102767.86..194220.87 rows=982774 width=0) (actual time=1766.833..3928.159 rows=843467 loops=1)
  Hash Cond: (mc.movie_id = t.id)
  ->  Seq Scan on movie_companies mc  (cost=0.00..57926.93 rows=982774 width=4) (actual time=0.024..1014.511 rows=843467 loops=1)
        Filter: ((company_id > 687) AND (company_type_id = 1))
        Rows Removed by Filter: 1765662
  ->  Hash  (cost=61283.27..61283.27 rows=2528527 width=4) (actual time=1764.803..1764.803 rows=2528312 loops=1)
        Buckets: 131072  Batches: 64  Memory Usage: 2415kB
        ->  Seq Scan on title t  (cost=0.00..61283.27 rows=2528527 width=4) (actual time=0.017..949.464 rows=2528312 loops=1)
Planning time: 0.741 ms
Execution time: 4021.577 ms
