Hash Join  (cost=106548.99..193207.28 rows=25 width=0) (actual time=1379.447..2584.613 rows=3 loops=1)
  Hash Cond: (mk.movie_id = t.id)
  ->  Seq Scan on movie_keyword mk  (cost=0.00..69693.30 rows=4523930 width=4) (actual time=0.012..859.974 rows=4523930 loops=1)
  ->  Hash  (cost=106548.81..106548.81 rows=14 width=8) (actual time=950.084..950.084 rows=42 loops=1)
        Buckets: 1024  Batches: 1  Memory Usage: 10kB
        ->  Nested Loop  (cost=0.43..106548.81 rows=14 width=8) (actual time=260.773..950.046 rows=42 loops=1)
              ->  Seq Scan on movie_companies mc  (cost=0.00..51404.11 rows=8088 width=4) (actual time=6.882..781.666 rows=8235 loops=1)
                    Filter: (company_id = 424)
                    Rows Removed by Filter: 2600894
              ->  Index Scan using title_pkey on title t  (cost=0.43..6.81 rows=1 width=4) (actual time=0.020..0.020 rows=0 loops=8235)
                    Index Cond: (id = mc.movie_id)
                    Filter: ((kind_id = 7) AND (production_year = 1985))
                    Rows Removed by Filter: 1
Planning time: 3.162 ms
Execution time: 2584.755 ms
