Hash Join  (cost=102767.86..970831.55 rows=2581324 width=0) (actual time=2301.916..19422.256 rows=2728943 loops=1)
  Hash Cond: (ci.movie_id = t.id)
  ->  Seq Scan on cast_info ci  (cost=0.00..796071.18 rows=2581324 width=4) (actual time=314.487..14847.493 rows=2728943 loops=1)
        Filter: ((person_id < 3655431) AND (role_id = 4))
        Rows Removed by Filter: 33515401
  ->  Hash  (cost=61283.27..61283.27 rows=2528527 width=4) (actual time=1985.353..1985.353 rows=2528312 loops=1)
        Buckets: 131072  Batches: 64  Memory Usage: 2415kB
        ->  Seq Scan on title t  (cost=0.00..61283.27 rows=2528527 width=4) (actual time=0.024..900.346 rows=2528312 loops=1)
Planning time: 0.759 ms
Execution time: 19731.735 ms
