Hash Join  (cost=122535.74..212411.81 rows=7123 width=0) (actual time=1817.251..3617.993 rows=43425 loops=1)
  Hash Cond: (mk.movie_id = t.id)
  ->  Seq Scan on movie_keyword mk  (cost=0.00..81003.12 rows=2347124 width=4) (actual time=0.009..1436.386 rows=2346441 loops=1)
        Filter: (keyword_id > 4277)
        Rows Removed by Filter: 2177489
  ->  Hash  (cost=122439.81..122439.81 rows=7674 width=8) (actual time=1813.616..1813.616 rows=5623 loops=1)
        Buckets: 8192  Batches: 1  Memory Usage: 284kB
        ->  Hash Join  (cost=67697.55..122439.81 rows=7674 width=8) (actual time=1007.178..1811.545 rows=5623 loops=1)
              Hash Cond: (mc.movie_id = t.id)
              ->  Seq Scan on movie_companies mc  (cost=0.00..44881.29 rows=2609129 width=4) (actual time=0.011..422.927 rows=2609129 loops=1)
              ->  Hash  (cost=67604.59..67604.59 rows=7437 width=4) (actual time=1003.614..1003.614 rows=2507 loops=1)
                    Buckets: 8192  Batches: 1  Memory Usage: 153kB
                    ->  Seq Scan on title t  (cost=0.00..67604.59 rows=7437 width=4) (actual time=0.089..1002.468 rows=2507 loops=1)
                          Filter: (production_year = 1931)
                          Rows Removed by Filter: 2525805
Planning time: 1.138 ms
Execution time: 3623.654 ms
