Hash Join  (cost=81530.55..195322.83 rows=663129 width=0) (actual time=1363.853..4003.331 rows=893725 loops=1)
  Hash Cond: (mk.movie_id = t.id)
  ->  Seq Scan on movie_keyword mk  (cost=0.00..81003.12 rows=1975430 width=4) (actual time=0.013..1449.302 rows=1978373 loops=1)
        Filter: (keyword_id < 3483)
        Rows Removed by Filter: 2545557
  ->  Hash  (cost=67604.59..67604.59 rows=848797 width=4) (actual time=1362.680..1362.680 rows=849141 loops=1)
        Buckets: 131072  Batches: 16  Memory Usage: 2899kB
        ->  Seq Scan on title t  (cost=0.00..67604.59 rows=848797 width=4) (actual time=0.024..1070.599 rows=849141 loops=1)
              Filter: (production_year < 1996)
              Rows Removed by Filter: 1679171
Planning time: 0.689 ms
Execution time: 4101.489 ms
