Hash Join  (cost=102767.86..238123.55 rows=1848281 width=0) (actual time=1868.071..5239.165 rows=1853064 loops=1)
  Hash Cond: (mk.movie_id = t.id)
  ->  Seq Scan on movie_keyword mk  (cost=0.00..81003.12 rows=1848281 width=4) (actual time=0.020..1358.216 rows=1853064 loops=1)
        Filter: (keyword_id > 7467)
        Rows Removed by Filter: 2670866
  ->  Hash  (cost=61283.27..61283.27 rows=2528527 width=4) (actual time=1866.716..1866.716 rows=2528312 loops=1)
        Buckets: 131072  Batches: 64  Memory Usage: 2425kB
        ->  Seq Scan on title t  (cost=0.00..61283.27 rows=2528527 width=4) (actual time=0.018..991.708 rows=2528312 loops=1)
Planning time: 0.775 ms
Execution time: 5458.156 ms
