Nested Loop  (cost=0.43..797958.22 rows=148 width=0) (actual time=3678.553..12316.947 rows=13 loops=1)
  ->  Seq Scan on cast_info ci  (cost=0.00..796071.18 rows=224 width=4) (actual time=2572.647..12316.184 rows=38 loops=1)
        Filter: ((role_id > 2) AND (person_id = 3035208))
        Rows Removed by Filter: 36244306
  ->  Index Scan using title_pkey on title t  (cost=0.43..8.41 rows=1 width=4) (actual time=0.017..0.017 rows=0 loops=38)
        Index Cond: (id = ci.movie_id)
        Filter: (production_year < 2008)
        Rows Removed by Filter: 1
Planning time: 0.818 ms
Execution time: 12317.071 ms
