Hash Join  (cost=167187.78..300792.84 rows=952302 width=0) (actual time=3850.610..9178.931 rows=8670037 loops=1)
  Hash Cond: (mk.movie_id = t.id)
  ->  Seq Scan on movie_keyword mk  (cost=0.00..69693.30 rows=4523930 width=4) (actual time=0.013..1314.239 rows=4523930 loops=1)
  ->  Hash  (cost=158454.49..158454.49 rows=532263 width=8) (actual time=3849.496..3849.496 rows=839922 loops=1)
        Buckets: 131072 (originally 131072)  Batches: 16 (originally 8)  Memory Usage: 3098kB
        ->  Hash Join  (cost=76067.34..158454.49 rows=532263 width=8) (actual time=1121.944..3567.648 rows=839922 loops=1)
              Hash Cond: (mc.movie_id = t.id)
              ->  Seq Scan on movie_companies mc  (cost=0.00..44881.29 rows=2609129 width=4) (actual time=0.014..830.256 rows=2609129 loops=1)
              ->  Hash  (cost=67604.59..67604.59 rows=515820 width=4) (actual time=1121.120..1121.120 rows=508955 loops=1)
                    Buckets: 131072  Batches: 8  Memory Usage: 3255kB
                    ->  Seq Scan on title t  (cost=0.00..67604.59 rows=515820 width=4) (actual time=0.007..963.942 rows=508955 loops=1)
                          Filter: (production_year < 1980)
                          Rows Removed by Filter: 2019357
Planning time: 1.132 ms
Execution time: 10177.982 ms
