Hash Join  (cost=75458.68..156832.01 rows=91664 width=0) (actual time=1182.727..3656.583 rows=57525 loops=1)
  Hash Cond: (mc.movie_id = t.id)
  ->  Seq Scan on movie_companies mc  (cost=0.00..51404.11 rows=2480953 width=4) (actual time=0.015..1065.826 rows=2477806 loops=1)
        Filter: (company_id > 19)
        Rows Removed by Filter: 131323
  ->  Hash  (cost=73925.90..73925.90 rows=93422 width=4) (actual time=1181.539..1181.539 rows=100754 loops=1)
        Buckets: 131072  Batches: 2  Memory Usage: 2802kB
        ->  Seq Scan on title t  (cost=0.00..73925.90 rows=93422 width=4) (actual time=0.033..1142.971 rows=100754 loops=1)
              Filter: ((kind_id > 1) AND (production_year = 2008))
              Rows Removed by Filter: 2427558
Planning time: 0.814 ms
Execution time: 3665.169 ms
