Hash Join  (cost=246687.92..758466.81 rows=4700734 width=0) (actual time=6746.713..54941.676 rows=167454763 loops=1)
  Hash Cond: (mi.movie_id = t.id)
  ->  Seq Scan on movie_info mi  (cost=0.00..346232.03 rows=8841901 width=4) (actual time=183.391..6258.277 rows=8950757 loops=1)
        Filter: (info_type_id > 6)
        Rows Removed by Filter: 5884963
  ->  Hash  (cost=224632.49..224632.49 rows=1344274 width=8) (actual time=6561.333..6561.333 rows=3521790 loops=1)
        Buckets: 131072 (originally 131072)  Batches: 64 (originally 32)  Memory Usage: 3281kB
        ->  Hash Join  (cost=86252.72..224632.49 rows=1344274 width=8) (actual time=1420.975..5617.673 rows=3521790 loops=1)
              Hash Cond: (mk.movie_id = t.id)
              ->  Seq Scan on movie_keyword mk  (cost=0.00..69693.30 rows=4523930 width=4) (actual time=0.032..1324.281 rows=4523930 loops=1)
              ->  Hash  (cost=73925.90..73925.90 rows=751345 width=4) (actual time=1420.044..1420.044 rows=793943 loops=1)
                    Buckets: 131072  Batches: 16  Memory Usage: 2779kB
                    ->  Seq Scan on title t  (cost=0.00..73925.90 rows=751345 width=4) (actual time=0.020..1162.139 rows=793943 loops=1)
                          Filter: ((kind_id < 7) AND (production_year < 2010))
                          Rows Removed by Filter: 1734369
Planning time: 9.015 ms
Execution time: 72597.804 ms
