Hash Join  (cost=440691.39..1388898.29 rows=1486114 width=0) (actual time=15494.212..29751.313 rows=3530332 loops=1)
  Hash Cond: (ci.movie_id = t.id)
  ->  Seq Scan on cast_info ci  (cost=0.00..705507.15 rows=12726058 width=4) (actual time=6391.909..13431.826 rows=12670688 loops=1)
        Filter: (role_id < 2)
        Rows Removed by Filter: 23573656
  ->  Hash  (cost=435846.45..435846.45 rows=295275 width=8) (actual time=9101.192..9101.192 rows=277213 loops=1)
        Buckets: 131072  Batches: 4  Memory Usage: 3713kB
        ->  Hash Join  (cost=68237.77..435846.45 rows=295275 width=8) (actual time=985.076..8463.495 rows=277213 loops=1)
              Hash Cond: (mi.movie_id = t.id)
              ->  Seq Scan on movie_info mi  (cost=0.00..309384.22 rows=14739122 width=4) (actual time=0.028..3438.105 rows=14835720 loops=1)
              ->  Hash  (cost=67604.59..67604.59 rows=50655 width=4) (actual time=984.504..984.504 rows=50564 loops=1)
                    Buckets: 65536  Batches: 1  Memory Usage: 2290kB
                    ->  Seq Scan on title t  (cost=0.00..67604.59 rows=50655 width=4) (actual time=0.057..964.257 rows=50564 loops=1)
                          Filter: (production_year = 1999)
                          Rows Removed by Filter: 2477748
Planning time: 3.380 ms
Execution time: 30131.467 ms
