Seq Scan on cast_info ci  (cost=0.00..796071.18 rows=2552664 width=0) (actual time=9685.725..12004.257 rows=881892 loops=1)
  Filter: ((person_id < 1559613) AND (role_id > 8))
  Rows Removed by Filter: 35362452
Planning time: 0.335 ms
Execution time: 12117.731 ms
