Hash Join  (cost=218491.62..735738.70 rows=2626621 width=0) (actual time=7240.136..45867.414 rows=127455038 loops=1)
  Hash Cond: (mi.movie_id = t.id)
  ->  Seq Scan on movie_info mi  (cost=0.00..346232.03 rows=11115165 width=4) (actual time=0.017..6287.377 rows=11210743 loops=1)
        Filter: (info_type_id > 3)
        Rows Removed by Filter: 3624977
  ->  Hash  (cost=208687.67..208687.67 rows=597516 width=8) (actual time=6359.643..6359.643 rows=2028639 loops=1)
        Buckets: 131072 (originally 131072)  Batches: 32 (originally 8)  Memory Usage: 3522kB
        ->  Hash Join  (cost=79405.47..208687.67 rows=597516 width=8) (actual time=1184.473..5738.661 rows=2028639 loops=1)
              Hash Cond: (mk.movie_id = t.id)
              ->  Seq Scan on movie_keyword mk  (cost=0.00..69693.30 rows=4523930 width=4) (actual time=0.013..1318.890 rows=4523930 loops=1)
              ->  Hash  (cost=73925.90..73925.90 rows=333965 width=4) (actual time=1183.537..1183.537 rows=411522 loops=1)
                    Buckets: 131072  Batches: 8  Memory Usage: 2849kB
                    ->  Seq Scan on title t  (cost=0.00..73925.90 rows=333965 width=4) (actual time=377.767..1047.698 rows=411522 loops=1)
                          Filter: ((production_year < 2004) AND (kind_id = 1))
                          Rows Removed by Filter: 2116790
Planning time: 0.971 ms
Execution time: 59820.437 ms
