Hash Join  (cost=102767.86..223331.80 rows=1233527 width=0) (actual time=1842.850..4569.793 rows=1246943 loops=1)
  Hash Cond: (mk.movie_id = t.id)
  ->  Seq Scan on movie_keyword mk  (cost=0.00..81003.12 rows=1233527 width=4) (actual time=0.025..1376.212 rows=1246943 loops=1)
        Filter: (keyword_id < 1586)
        Rows Removed by Filter: 3276987
  ->  Hash  (cost=61283.27..61283.27 rows=2528527 width=4) (actual time=1841.724..1841.724 rows=2528312 loops=1)
        Buckets: 131072  Batches: 64  Memory Usage: 2425kB
        ->  Seq Scan on title t  (cost=0.00..61283.27 rows=2528527 width=4) (actual time=0.021..987.739 rows=2528312 loops=1)
Planning time: 0.727 ms
Execution time: 4717.435 ms
