Hash Join  (cost=158668.35..916124.61 rows=666710 width=0) (actual time=2796.569..22315.656 rows=1192351 loops=1)
  Hash Cond: (ci.movie_id = t.id)
  ->  Seq Scan on cast_info ci  (cost=0.00..614943.12 rows=36225612 width=4) (actual time=0.011..7688.930 rows=36244344 loops=1)
  ->  Hash  (cost=158086.65..158086.65 rows=46536 width=8) (actual time=2796.184..2796.184 rows=60452 loops=1)
        Buckets: 65536  Batches: 1  Memory Usage: 2874kB
        ->  Hash Join  (cost=98137.04..158086.65 rows=46536 width=8) (actual time=1781.504..2779.984 rows=60452 loops=1)
              Hash Cond: (mc.movie_id = t.id)
              ->  Seq Scan on movie_companies mc  (cost=0.00..51404.11 rows=63228 width=4) (actual time=0.126..754.328 rows=62075 loops=1)
                    Filter: (company_id = 6)
                    Rows Removed by Filter: 2547054
              ->  Hash  (cost=67604.59..67604.59 rows=1860996 width=4) (actual time=1772.885..1772.885 rows=1865487 loops=1)
                    Buckets: 131072  Batches: 32  Memory Usage: 3079kB
                    ->  Seq Scan on title t  (cost=0.00..67604.59 rows=1860996 width=4) (actual time=0.016..1178.055 rows=1865487 loops=1)
                          Filter: (kind_id > 1)
                          Rows Removed by Filter: 662825
Planning time: 1.113 ms
Execution time: 22477.105 ms
