Seq Scan on cast_info ci  (cost=0.00..796071.18 rows=28064329 width=0) (actual time=0.022..14427.683 rows=28191619 loops=1)
  Filter: ((person_id > 756058) AND (role_id < 11))
  Rows Removed by Filter: 8052725
Planning time: 0.349 ms
Execution time: 17711.980 ms
