Hash Join  (cost=77854.63..604830.19 rows=1361002 width=0) (actual time=953.900..13678.280 rows=449758 loops=1)
  Hash Cond: (mi.movie_id = t.id)
  ->  Seq Scan on movie_info mi  (cost=0.00..346232.03 rows=14373737 width=4) (actual time=0.012..6326.740 rows=14407069 loops=1)
        Filter: (info_type_id < 105)
        Rows Removed by Filter: 428651
  ->  Hash  (cost=73925.90..73925.90 rows=239418 width=4) (actual time=953.039..953.039 rows=256906 loops=1)
        Buckets: 131072  Batches: 4  Memory Usage: 3302kB
        ->  Seq Scan on title t  (cost=0.00..73925.90 rows=239418 width=4) (actual time=0.025..875.261 rows=256906 loops=1)
              Filter: ((production_year > 2010) AND (kind_id = 7))
              Rows Removed by Filter: 2271406
Planning time: 1.208 ms
Execution time: 13736.120 ms
