Seq Scan on movie_keyword mk  (cost=0.00..81003.12 rows=246 width=0) (actual time=13.069..1261.816 rows=84 loops=1)
  Filter: (keyword_id = 21761)
  Rows Removed by Filter: 4523846
Planning time: 0.360 ms
Execution time: 1261.988 ms
