Seq Scan on title t  (cost=0.00..73925.90 rows=4049 width=0) (actual time=0.284..921.074 rows=4058 loops=1)
  Filter: ((kind_id = 2) AND (production_year = 2007))
  Rows Removed by Filter: 2524254
Planning time: 0.414 ms
Execution time: 922.307 ms
