Seq Scan on movie_companies mc  (cost=0.00..51404.11 rows=726822 width=0) (actual time=0.025..825.846 rows=731487 loops=1)
  Filter: (company_id > 40388)
  Rows Removed by Filter: 1877642
Planning time: 0.400 ms
Execution time: 920.671 ms
