Hash Join  (cost=88123.34..914364.94 rows=611772 width=0) (actual time=2066.274..14509.421 rows=393677 loops=1)
  Hash Cond: (ci.movie_id = t.id)
  ->  Seq Scan on cast_info ci  (cost=0.00..796071.18 rows=1787652 width=4) (actual time=374.342..12062.389 rows=1052953 loops=1)
        Filter: ((person_id < 504256) AND (role_id > 3))
        Rows Removed by Filter: 35191391
  ->  Hash  (cost=73925.90..73925.90 rows=865315 width=4) (actual time=1691.178..1691.178 rows=778683 loops=1)
        Buckets: 131072  Batches: 16  Memory Usage: 2738kB
        ->  Seq Scan on title t  (cost=0.00..73925.90 rows=865315 width=4) (actual time=0.035..1438.374 rows=778683 loops=1)
              Filter: ((kind_id < 7) AND (production_year > 1960))
              Rows Removed by Filter: 1749629
Planning time: 0.793 ms
Execution time: 14557.173 ms
