Hash Join  (cost=78670.55..505207.39 rows=712614 width=0) (actual time=1234.545..10243.599 rows=415008 loops=1)
  Hash Cond: (mi.movie_id = t.id)
  ->  Seq Scan on movie_info mi  (cost=0.00..346232.03 rows=6231111 width=4) (actual time=0.023..5910.499 rows=6223494 loops=1)
        Filter: (info_type_id > 8)
        Rows Removed by Filter: 8612226
  ->  Hash  (cost=73925.90..73925.90 rows=289172 width=4) (actual time=1233.646..1233.646 rows=292674 loops=1)
        Buckets: 131072  Batches: 4  Memory Usage: 3623kB
        ->  Seq Scan on title t  (cost=0.00..73925.90 rows=289172 width=4) (actual time=0.030..1131.251 rows=292674 loops=1)
              Filter: ((kind_id > 1) AND (production_year > 2010))
              Rows Removed by Filter: 2235638
Planning time: 0.755 ms
Execution time: 10297.716 ms
