Seq Scan on movie_keyword mk  (cost=0.00..81003.12 rows=246 width=0) (actual time=9.420..1100.129 rows=80 loops=1)
  Filter: (keyword_id = 24531)
  Rows Removed by Filter: 4523850
Planning time: 0.330 ms
Execution time: 1100.266 ms
