Hash Join  (cost=81573.24..163253.42 rows=480965 width=0) (actual time=1155.827..3461.077 rows=688704 loops=1)
  Hash Cond: (mc.movie_id = t.id)
  ->  Seq Scan on movie_companies mc  (cost=0.00..44881.29 rows=2609129 width=4) (actual time=0.013..879.309 rows=2609129 loops=1)
  ->  Hash  (cost=73925.90..73925.90 rows=466107 width=4) (actual time=1155.059..1155.059 rows=396359 loops=1)
        Buckets: 131072  Batches: 8  Memory Usage: 2762kB
        ->  Seq Scan on title t  (cost=0.00..73925.90 rows=466107 width=4) (actual time=0.013..1038.691 rows=396359 loops=1)
              Filter: ((kind_id < 7) AND (production_year > 2003))
              Rows Removed by Filter: 2131953
Planning time: 0.780 ms
Execution time: 3540.001 ms
