Nested Loop  (cost=0.43..83071.67 rows=246 width=0) (actual time=2.039..1149.039 rows=255 loops=1)
  ->  Seq Scan on movie_keyword mk  (cost=0.00..81003.12 rows=246 width=4) (actual time=1.971..1133.475 rows=255 loops=1)
        Filter: (keyword_id = 2505)
        Rows Removed by Filter: 4523675
  ->  Index Only Scan using title_pkey on title t  (cost=0.43..8.40 rows=1 width=4) (actual time=0.058..0.058 rows=1 loops=255)
        Index Cond: (id = mk.movie_id)
        Heap Fetches: 255
Planning time: 0.705 ms
Execution time: 1149.247 ms
