Seq Scan on cast_info ci  (cost=0.00..796071.18 rows=7809752 width=0) (actual time=8960.985..13314.737 rows=2574060 loops=1)
  Filter: ((person_id > 1376776) AND (role_id < 2))
  Rows Removed by Filter: 33670284
Planning time: 0.346 ms
Execution time: 13643.391 ms
