Hash Join  (cost=128695.20..879913.88 rows=42952 width=0) (actual time=2114.114..18215.357 rows=366971 loops=1)
  Hash Cond: (ci.movie_id = t.id)
  ->  Seq Scan on cast_info ci  (cost=0.00..614943.12 rows=36225612 width=4) (actual time=0.018..7736.862 rows=36244344 loops=1)
  ->  Hash  (cost=128657.72..128657.72 rows=2998 width=8) (actual time=2113.241..2113.241 rows=12495 loops=1)
        Buckets: 16384 (originally 4096)  Batches: 1 (originally 1)  Memory Usage: 617kB
        ->  Hash Join  (cost=73962.22..128657.72 rows=2998 width=8) (actual time=887.724..2107.740 rows=12495 loops=1)
              Hash Cond: (mc.movie_id = t.id)
              ->  Seq Scan on movie_companies mc  (cost=0.00..44881.29 rows=2609129 width=4) (actual time=0.028..669.460 rows=2609129 loops=1)
              ->  Hash  (cost=73925.90..73925.90 rows=2905 width=4) (actual time=887.359..887.359 rows=6548 loops=1)
                    Buckets: 8192 (originally 4096)  Batches: 1 (originally 1)  Memory Usage: 295kB
                    ->  Seq Scan on title t  (cost=0.00..73925.90 rows=2905 width=4) (actual time=0.412..884.511 rows=6548 loops=1)
                          Filter: ((kind_id < 7) AND (production_year = 1979))
                          Rows Removed by Filter: 2521764
Planning time: 1.149 ms
Execution time: 18268.721 ms
