Hash Join  (cost=74802.04..130190.82 rows=72325 width=0) (actual time=1007.352..2851.391 rows=418738 loops=1)
  Hash Cond: (mc.movie_id = t.id)
  ->  Seq Scan on movie_companies mc  (cost=0.00..44881.29 rows=2609129 width=4) (actual time=0.027..607.696 rows=2609129 loops=1)
  ->  Hash  (cost=73925.90..73925.90 rows=70091 width=4) (actual time=1006.514..1006.514 rows=195608 loops=1)
        Buckets: 131072 (originally 131072)  Batches: 4 (originally 1)  Memory Usage: 3073kB
        ->  Seq Scan on title t  (cost=0.00..73925.90 rows=70091 width=4) (actual time=50.241..929.763 rows=195608 loops=1)
              Filter: ((production_year < 1962) AND (kind_id = 1))
              Rows Removed by Filter: 2332704
Planning time: 0.729 ms
Execution time: 2896.799 ms
