Hash Join  (cost=102767.86..181524.04 rows=726158 width=0) (actual time=1787.377..3612.756 rows=730754 loops=1)
  Hash Cond: (mc.movie_id = t.id)
  ->  Seq Scan on movie_companies mc  (cost=0.00..51404.11 rows=726158 width=4) (actual time=0.025..843.313 rows=730754 loops=1)
        Filter: (company_id > 40511)
        Rows Removed by Filter: 1878375
  ->  Hash  (cost=61283.27..61283.27 rows=2528527 width=4) (actual time=1786.314..1786.314 rows=2528312 loops=1)
        Buckets: 131072  Batches: 64  Memory Usage: 2415kB
        ->  Seq Scan on title t  (cost=0.00..61283.27 rows=2528527 width=4) (actual time=0.024..947.689 rows=2528312 loops=1)
Planning time: 0.687 ms
Execution time: 3696.301 ms
