Seq Scan on movie_companies mc  (cost=0.00..57926.93 rows=846417 width=0) (actual time=0.019..926.958 rows=653341 loops=1)
  Filter: ((company_id > 2604) AND (company_type_id < 2))
  Rows Removed by Filter: 1955788
Planning time: 0.259 ms
Execution time: 1010.938 ms
