Hash Join  (cost=161938.76..547696.90 rows=267833 width=0) (actual time=2558.736..10067.737 rows=824259 loops=1)
  Hash Cond: (mi.movie_id = t.id)
  ->  Seq Scan on movie_info mi  (cost=0.00..309384.22 rows=14739122 width=4) (actual time=0.015..3969.849 rows=14835720 loops=1)
  ->  Hash  (cost=161364.42..161364.42 rows=45947 width=8) (actual time=2558.291..2558.291 rows=29821 loops=1)
        Buckets: 65536  Batches: 1  Memory Usage: 1677kB
        ->  Hash Join  (cost=74246.92..161364.42 rows=45947 width=8) (actual time=1002.440..2549.082 rows=29821 loops=1)
              Hash Cond: (mk.movie_id = t.id)
              ->  Seq Scan on movie_keyword mk  (cost=0.00..69693.30 rows=4523930 width=4) (actual time=0.022..774.579 rows=4523930 loops=1)
              ->  Hash  (cost=73925.90..73925.90 rows=25681 width=4) (actual time=1001.157..1001.157 rows=23707 loops=1)
                    Buckets: 32768  Batches: 1  Memory Usage: 1090kB
                    ->  Seq Scan on title t  (cost=0.00..73925.90 rows=25681 width=4) (actual time=0.359..990.805 rows=23707 loops=1)
                          Filter: ((kind_id < 7) AND (production_year = 2013))
                          Rows Removed by Filter: 2504605
Planning time: 1.261 ms
Execution time: 10174.611 ms
