Seq Scan on movie_companies mc  (cost=0.00..51404.11 rows=245961 width=0) (actual time=0.029..700.169 rows=248845 loops=1)
  Filter: (company_id > 101391)
  Rows Removed by Filter: 2360284
Planning time: 0.294 ms
Execution time: 731.844 ms
