Nested Loop  (cost=0.43..83071.67 rows=246 width=0) (actual time=2.533..1196.250 rows=283 loops=1)
  ->  Seq Scan on movie_keyword mk  (cost=0.00..81003.12 rows=246 width=4) (actual time=2.498..1187.507 rows=283 loops=1)
        Filter: (keyword_id = 8624)
        Rows Removed by Filter: 4523647
  ->  Index Only Scan using title_pkey on title t  (cost=0.43..8.40 rows=1 width=4) (actual time=0.028..0.028 rows=1 loops=283)
        Index Cond: (id = mk.movie_id)
        Heap Fetches: 283
Planning time: 1.066 ms
Execution time: 1196.488 ms
