Seq Scan on movie_companies mc  (cost=0.00..57926.93 rows=917848 width=0) (actual time=232.113..985.348 rows=598598 loops=1)
  Filter: ((company_id < 28692) AND (company_type_id > 1))
  Rows Removed by Filter: 2010531
Planning time: 0.307 ms
Execution time: 1063.504 ms
