Hash Join  (cost=200485.09..690796.89 rows=984587 width=0) (actual time=4483.343..17411.208 rows=10721490 loops=1)
  Hash Cond: (mi.movie_id = t.id)
  ->  Seq Scan on movie_info mi  (cost=0.00..309384.22 rows=14739122 width=4) (actual time=0.026..5234.540 rows=14835720 loops=1)
  ->  Hash  (cost=197713.74..197713.74 rows=168908 width=8) (actual time=3601.165..3601.165 rows=163598 loops=1)
        Buckets: 131072  Batches: 4  Memory Usage: 2649kB
        ->  Hash Join  (cost=102767.86..197713.74 rows=168908 width=8) (actual time=1750.766..3546.331 rows=163598 loops=1)
              Hash Cond: (mk.movie_id = t.id)
              ->  Seq Scan on movie_keyword mk  (cost=0.00..81003.12 rows=168908 width=4) (actual time=0.028..1234.278 rows=163598 loops=1)
                    Filter: (keyword_id > 72564)
                    Rows Removed by Filter: 4360332
              ->  Hash  (cost=61283.27..61283.27 rows=2528527 width=4) (actual time=1750.064..1750.064 rows=2528312 loops=1)
                    Buckets: 131072  Batches: 64  Memory Usage: 2425kB
                    ->  Seq Scan on title t  (cost=0.00..61283.27 rows=2528527 width=4) (actual time=0.012..905.270 rows=2528312 loops=1)
Planning time: 1.139 ms
Execution time: 18648.127 ms
