Hash Join  (cost=77642.13..452100.84 rows=196587 width=0) (actual time=1166.711..6900.055 rows=72028 loops=1)
  Hash Cond: (mi.movie_id = t.id)
  ->  Seq Scan on movie_info mi  (cost=0.00..346232.03 rows=2194617 width=4) (actual time=0.023..4898.214 rows=2233850 loops=1)
        Filter: (info_type_id > 16)
        Rows Removed by Filter: 12601870
  ->  Hash  (cost=73925.90..73925.90 rows=226498 width=4) (actual time=1091.424..1091.424 rows=120787 loops=1)
        Buckets: 131072  Batches: 4  Memory Usage: 2088kB
        ->  Seq Scan on title t  (cost=0.00..73925.90 rows=226498 width=4) (actual time=0.021..1046.665 rows=120787 loops=1)
              Filter: ((production_year < 1970) AND (kind_id = 7))
              Rows Removed by Filter: 2407525
Planning time: 0.753 ms
Execution time: 6907.960 ms
