Hash Join  (cost=75628.47..561886.67 rows=604627 width=0) (actual time=1005.939..11739.870 rows=1009670 loops=1)
  Hash Cond: (mi.movie_id = t.id)
  ->  Seq Scan on movie_info mi  (cost=0.00..309384.22 rows=14739122 width=4) (actual time=0.024..5177.306 rows=14835720 loops=1)
  ->  Hash  (cost=73925.90..73925.90 rows=103725 width=4) (actual time=1004.933..1004.933 rows=98992 loops=1)
        Buckets: 131072  Batches: 2  Memory Usage: 2766kB
        ->  Seq Scan on title t  (cost=0.00..73925.90 rows=103725 width=4) (actual time=378.109..969.172 rows=98992 loops=1)
              Filter: ((kind_id < 2) AND (production_year > 2010))
              Rows Removed by Filter: 2429320
Planning time: 0.757 ms
Execution time: 11857.096 ms
