Seq Scan on movie_keyword mk  (cost=0.00..81003.12 rows=1020523 width=0) (actual time=0.032..1264.224 rows=1026031 loops=1)
  Filter: (keyword_id > 17438)
  Rows Removed by Filter: 3497899
Planning time: 0.298 ms
Execution time: 1397.464 ms
