Hash Join  (cost=76557.15..179424.81 rows=110412 width=0) (actual time=1104.446..3224.295 rows=105041 loops=1)
  Hash Cond: (mk.movie_id = t.id)
  ->  Seq Scan on movie_keyword mk  (cost=0.00..81003.12 rows=1741177 width=4) (actual time=0.014..1431.088 rows=1749729 loops=1)
        Filter: (keyword_id < 2857)
        Rows Removed by Filter: 2774201
  ->  Hash  (cost=73925.90..73925.90 rows=160340 width=4) (actual time=1103.584..1103.584 rows=149805 loops=1)
        Buckets: 131072  Batches: 4  Memory Usage: 2354kB
        ->  Seq Scan on title t  (cost=0.00..73925.90 rows=160340 width=4) (actual time=0.021..1050.458 rows=149805 loops=1)
              Filter: ((kind_id < 3) AND (production_year > 2009))
              Rows Removed by Filter: 2378507
Planning time: 0.664 ms
Execution time: 3237.350 ms
