Hash Join  (cost=160001.03..219158.72 rows=35296 width=0) (actual time=2692.146..4228.750 rows=350354 loops=1)
  Hash Cond: (mc.movie_id = t.id)
  ->  Seq Scan on movie_companies mc  (cost=0.00..51404.11 rows=1973499 width=4) (actual time=0.031..977.418 rows=1968804 loops=1)
        Filter: (company_id < 57061)
        Rows Removed by Filter: 640325
  ->  Hash  (cost=159435.74..159435.74 rows=45223 width=8) (actual time=2691.584..2691.584 rows=70892 loops=1)
        Buckets: 131072 (originally 65536)  Batches: 1 (originally 1)  Memory Usage: 3794kB
        ->  Hash Join  (cost=71961.27..159435.74 rows=45223 width=8) (actual time=1176.146..2663.681 rows=70892 loops=1)
              Hash Cond: (mk.movie_id = t.id)
              ->  Seq Scan on movie_keyword mk  (cost=0.00..81003.12 rows=430697 width=4) (actual time=0.020..1241.638 rows=442531 loops=1)
                    Filter: (keyword_id < 347)
                    Rows Removed by Filter: 4081399
              ->  Hash  (cost=67604.59..67604.59 rows=265495 width=4) (actual time=1175.272..1175.272 rows=263594 loops=1)
                    Buckets: 131072  Batches: 4  Memory Usage: 3346kB
                    ->  Seq Scan on title t  (cost=0.00..67604.59 rows=265495 width=4) (actual time=0.023..1083.646 rows=263594 loops=1)
                          Filter: (production_year < 1962)
                          Rows Removed by Filter: 2264718
Planning time: 1.174 ms
Execution time: 4271.698 ms
