Seq Scan on movie_keyword mk  (cost=0.00..81003.12 rows=4482699 width=0) (actual time=0.012..1390.694 rows=4485734 loops=1)
  Filter: (keyword_id < 105631)
  Rows Removed by Filter: 38196
Planning time: 0.363 ms
Execution time: 1948.524 ms
