Hash Join  (cost=101914.34..188997.16 rows=42478 width=0) (actual time=1782.844..3713.762 rows=126445 loops=1)
  Hash Cond: (mk.movie_id = t.id)
  ->  Seq Scan on movie_keyword mk  (cost=0.00..69693.30 rows=4523930 width=4) (actual time=0.013..1034.346 rows=4523930 loops=1)
  ->  Hash  (cost=101617.57..101617.57 rows=23742 width=8) (actual time=1781.738..1781.738 rows=22395 loops=1)
        Buckets: 32768  Batches: 1  Memory Usage: 1131kB
        ->  Hash Join  (cost=74469.67..101617.57 rows=23742 width=8) (actual time=1258.551..1774.436 rows=22395 loops=1)
              Hash Cond: (mi_idx.movie_id = t.id)
              ->  Seq Scan on movie_info_idx mi_idx  (cost=0.00..21735.35 rows=1380035 width=4) (actual time=0.016..366.183 rows=1380035 loops=1)
              ->  Hash  (cost=73925.90..73925.90 rows=43501 width=4) (actual time=1088.932..1088.932 rows=39560 loops=1)
                    Buckets: 65536  Batches: 1  Memory Usage: 1903kB
                    ->  Seq Scan on title t  (cost=0.00..73925.90 rows=43501 width=4) (actual time=0.025..1073.658 rows=39560 loops=1)
                          Filter: ((kind_id = 1) AND (production_year = 2012))
                          Rows Removed by Filter: 2488752
Planning time: 1.133 ms
Execution time: 3730.395 ms
