Hash Join  (cost=203753.69..1358223.85 rows=11746400 width=0) (actual time=3846.031..36061.970 rows=22308389 loops=1)
  Hash Cond: (ci.movie_id = t.id)
  ->  Seq Scan on cast_info ci  (cost=0.00..614943.12 rows=36225612 width=4) (actual time=0.009..11910.649 rows=36244344 loops=1)
  ->  Hash  (cost=190302.04..190302.04 rows=819892 width=8) (actual time=3845.154..3845.154 rows=613242 loops=1)
        Buckets: 131072  Batches: 16  Memory Usage: 2517kB
        ->  Hash Join  (cost=102767.86..190302.04 rows=819892 width=8) (actual time=1876.803..3679.132 rows=613242 loops=1)
              Hash Cond: (mc.movie_id = t.id)
              ->  Seq Scan on movie_companies mc  (cost=0.00..57926.93 rows=819892 width=4) (actual time=0.011..945.967 rows=613242 loops=1)
                    Filter: ((company_id > 3422) AND (company_type_id < 2))
                    Rows Removed by Filter: 1995887
              ->  Hash  (cost=61283.27..61283.27 rows=2528527 width=4) (actual time=1870.924..1870.924 rows=2528312 loops=1)
                    Buckets: 131072  Batches: 64  Memory Usage: 2415kB
                    ->  Seq Scan on title t  (cost=0.00..61283.27 rows=2528527 width=4) (actual time=0.017..1028.370 rows=2528312 loops=1)
Planning time: 0.891 ms
Execution time: 38005.777 ms
