Hash Join  (cost=123959.55..615486.14 rows=1098366 width=0) (actual time=2661.205..16363.096 rows=3708742 loops=1)
  Hash Cond: (mi.movie_id = t.id)
  ->  Seq Scan on movie_info mi  (cost=0.00..309384.22 rows=14739122 width=4) (actual time=0.015..5745.886 rows=14835720 loops=1)
  ->  Hash  (cost=120867.21..120867.21 rows=188427 width=8) (actual time=2660.324..2660.324 rows=227218 loops=1)
        Buckets: 131072  Batches: 4  Memory Usage: 3254kB
        ->  Hash Join  (cost=84417.00..120867.21 rows=188427 width=8) (actual time=1561.583..2586.302 rows=227218 loops=1)
              Hash Cond: (mi_idx.movie_id = t.id)
              ->  Seq Scan on movie_info_idx mi_idx  (cost=0.00..25185.44 rows=464934 width=4) (actual time=0.025..532.955 rows=460185 loops=1)
                    Filter: (info_type_id > 100)
                    Rows Removed by Filter: 919850
              ->  Hash  (cost=67604.59..67604.59 rows=1024753 width=4) (actual time=1560.751..1560.751 rows=1021752 loops=1)
                    Buckets: 131072  Batches: 16  Memory Usage: 3274kB
                    ->  Seq Scan on title t  (cost=0.00..67604.59 rows=1024753 width=4) (actual time=0.014..1235.741 rows=1021752 loops=1)
                          Filter: (production_year < 2000)
                          Rows Removed by Filter: 1506560
Planning time: 1.040 ms
Execution time: 16811.445 ms
