Seq Scan on cast_info ci  (cost=0.00..705507.15 rows=14362641 width=0) (actual time=22.621..12855.383 rows=14294726 loops=1)
  Filter: (person_id < 1407334)
  Rows Removed by Filter: 21949618
Planning time: 0.349 ms
Execution time: 14659.299 ms
