Seq Scan on movie_keyword mk  (cost=0.00..81003.12 rows=2804898 width=0) (actual time=0.005..1389.573 rows=2794133 loops=1)
  Filter: (keyword_id < 8188)
  Rows Removed by Filter: 1729797
Planning time: 0.252 ms
Execution time: 1749.840 ms
