Seq Scan on cast_info ci  (cost=0.00..705507.15 rows=6286149 width=0) (actual time=97.845..11482.203 rows=6184126 loops=1)
  Filter: (person_id < 596261)
  Rows Removed by Filter: 30060218
Planning time: 0.370 ms
Execution time: 12188.533 ms
