Hash Join  (cost=798788.28..825698.79 rows=3 width=0) (actual time=13323.006..13698.341 rows=3 loops=1)
  Hash Cond: (mi_idx.movie_id = t.id)
  ->  Seq Scan on movie_info_idx mi_idx  (cost=0.00..21735.35 rows=1380035 width=4) (actual time=0.009..272.538 rows=1380035 loops=1)
  ->  Hash  (cost=798788.22..798788.22 rows=5 width=8) (actual time=13171.036..13171.036 rows=7 loops=1)
        Buckets: 1024  Batches: 1  Memory Usage: 9kB
        ->  Nested Loop  (cost=0.43..798788.22 rows=5 width=8) (actual time=7412.254..13170.999 rows=7 loops=1)
              ->  Seq Scan on cast_info ci  (cost=0.00..796071.18 rows=324 width=4) (actual time=7402.694..13157.923 rows=783 loops=1)
                    Filter: ((role_id > 1) AND (person_id = 1051053))
                    Rows Removed by Filter: 36243561
              ->  Index Scan using title_pkey on title t  (cost=0.43..8.38 rows=1 width=4) (actual time=0.016..0.016 rows=0 loops=783)
                    Index Cond: (id = ci.movie_id)
                    Filter: (production_year = 1997)
                    Rows Removed by Filter: 1
Planning time: 1.156 ms
Execution time: 13698.476 ms
