Hash Join  (cost=97151.21..1407417.13 rows=19549109 width=0) (actual time=1889.576..41730.481 rows=18822658 loops=1)
  Hash Cond: (ci.movie_id = t.id)
  ->  Seq Scan on cast_info ci  (cost=0.00..705507.15 rows=34917782 width=4) (actual time=0.022..17033.851 rows=35024524 loops=1)
        Filter: (person_id > 123301)
        Rows Removed by Filter: 1219820
  ->  Hash  (cost=73925.90..73925.90 rows=1415624 width=4) (actual time=1888.255..1888.255 rows=1398720 loops=1)
        Buckets: 131072  Batches: 32  Memory Usage: 2560kB
        ->  Seq Scan on title t  (cost=0.00..73925.90 rows=1415624 width=4) (actual time=0.011..1448.544 rows=1398720 loops=1)
              Filter: ((kind_id > 1) AND (production_year < 2010))
              Rows Removed by Filter: 1129592
Planning time: 0.728 ms
Execution time: 43844.957 ms
