Seq Scan on cast_info ci  (cost=0.00..796071.18 rows=10694263 width=0) (actual time=0.008..15236.700 rows=12728405 loops=1)
  Filter: ((person_id > 1204606) AND (role_id > 2))
  Rows Removed by Filter: 23515939
Planning time: 0.334 ms
Execution time: 16775.784 ms
