Hash Join  (cost=223040.62..1053230.26 rows=892551 width=0) (actual time=8580.548..18993.503 rows=1896357 loops=1)
  Hash Cond: (ci.movie_id = t.id)
  ->  Seq Scan on cast_info ci  (cost=0.00..796071.18 rows=1740789 width=4) (actual time=3609.926..11678.842 rows=2199153 loops=1)
        Filter: ((person_id < 296324) AND (role_id < 3))
        Rows Removed by Filter: 34045191
  ->  Hash  (cost=201770.04..201770.04 rows=1296446 width=8) (actual time=4969.294..4969.294 rows=1327562 loops=1)
        Buckets: 131072  Batches: 32  Memory Usage: 2631kB
        ->  Hash Join  (cost=102767.86..201770.04 rows=1296446 width=8) (actual time=1972.003..4616.646 rows=1327562 loops=1)
              Hash Cond: (mc.movie_id = t.id)
              ->  Seq Scan on movie_companies mc  (cost=0.00..57926.93 rows=1296446 width=4) (actual time=0.033..1271.712 rows=1327562 loops=1)
                    Filter: ((company_id > 6) AND (company_type_id > 1))
                    Rows Removed by Filter: 1281567
              ->  Hash  (cost=61283.27..61283.27 rows=2528527 width=4) (actual time=1970.855..1970.855 rows=2528312 loops=1)
                    Buckets: 131072  Batches: 64  Memory Usage: 2415kB
                    ->  Seq Scan on title t  (cost=0.00..61283.27 rows=2528527 width=4) (actual time=0.021..1096.947 rows=2528312 loops=1)
Planning time: 3.068 ms
Execution time: 19177.867 ms
