Hash Join  (cost=74210.29..172322.50 rows=40090 width=0) (actual time=1120.806..2969.332 rows=99818 loops=1)
  Hash Cond: (mk.movie_id = t.id)
  ->  Seq Scan on movie_keyword mk  (cost=0.00..81003.12 rows=4455515 width=4) (actual time=0.019..1245.191 rows=4451961 loops=1)
        Filter: (keyword_id > 62)
        Rows Removed by Filter: 71969
  ->  Hash  (cost=73925.90..73925.90 rows=22751 width=4) (actual time=1120.533..1120.533 rows=18892 loops=1)
        Buckets: 32768  Batches: 1  Memory Usage: 921kB
        ->  Seq Scan on title t  (cost=0.00..73925.90 rows=22751 width=4) (actual time=0.041..1112.376 rows=18892 loops=1)
              Filter: ((kind_id < 7) AND (production_year = 2001))
              Rows Removed by Filter: 2509420
Planning time: 0.810 ms
Execution time: 2979.796 ms
