Nested Loop  (cost=0.43..83072.29 rows=131 width=0) (actual time=99.111..1186.642 rows=3 loops=1)
  ->  Seq Scan on movie_keyword mk  (cost=0.00..81003.12 rows=246 width=4) (actual time=99.052..1186.384 rows=3 loops=1)
        Filter: (keyword_id = 1931)
        Rows Removed by Filter: 4523927
  ->  Index Scan using title_pkey on title t  (cost=0.43..8.40 rows=1 width=4) (actual time=0.054..0.055 rows=1 loops=3)
        Index Cond: (id = mk.movie_id)
        Filter: (production_year < 2005)
Planning time: 0.514 ms
Execution time: 1186.720 ms
