Hash Join  (cost=205340.91..1389302.61 rows=14617254 width=0) (actual time=4427.987..42836.307 rows=26868287 loops=1)
  Hash Cond: (ci.movie_id = t.id)
  ->  Seq Scan on cast_info ci  (cost=0.00..614943.12 rows=36225612 width=4) (actual time=0.022..13314.665 rows=36244344 loops=1)
  ->  Hash  (cost=188601.46..188601.46 rows=1020276 width=8) (actual time=4427.205..4427.205 rows=1029878 loops=1)
        Buckets: 131072  Batches: 16  Memory Usage: 3546kB
        ->  Hash Join  (cost=102767.86..188601.46 rows=1020276 width=8) (actual time=2047.832..4123.956 rows=1029878 loops=1)
              Hash Cond: (mc.movie_id = t.id)
              ->  Seq Scan on movie_companies mc  (cost=0.00..51404.11 rows=1020276 width=4) (actual time=174.311..965.576 rows=1029878 loops=1)
                    Filter: (company_id > 15599)
                    Rows Removed by Filter: 1579251
              ->  Hash  (cost=61283.27..61283.27 rows=2528527 width=4) (actual time=1872.441..1872.441 rows=2528312 loops=1)
                    Buckets: 131072  Batches: 64  Memory Usage: 2415kB
                    ->  Seq Scan on title t  (cost=0.00..61283.27 rows=2528527 width=4) (actual time=0.026..1037.775 rows=2528312 loops=1)
Planning time: 2.260 ms
Execution time: 45615.004 ms
