Nested Loop  (cost=0.43..83072.29 rows=105 width=0) (actual time=0.594..1358.968 rows=837 loops=1)
  ->  Seq Scan on movie_keyword mk  (cost=0.00..81003.12 rows=246 width=4) (actual time=0.560..1300.560 rows=1219 loops=1)
        Filter: (keyword_id = 5589)
        Rows Removed by Filter: 4522711
  ->  Index Scan using title_pkey on title t  (cost=0.43..8.40 rows=1 width=4) (actual time=0.046..0.046 rows=1 loops=1219)
        Index Cond: (id = mk.movie_id)
        Filter: (production_year < 2001)
        Rows Removed by Filter: 0
Planning time: 0.518 ms
Execution time: 1359.401 ms
