Seq Scan on cast_info ci  (cost=0.00..705507.15 rows=15554847 width=0) (actual time=0.021..12503.302 rows=15429720 loops=1)
  Filter: (person_id < 1521522)
  Rows Removed by Filter: 20814624
Planning time: 1.302 ms
Execution time: 14398.787 ms
