Seq Scan on movie_companies mc  (cost=0.00..57926.93 rows=1223266 width=0) (actual time=0.026..1121.944 rows=1125140 loops=1)
  Filter: ((company_id < 110599) AND (company_type_id > 1))
  Rows Removed by Filter: 1483989
Planning time: 0.333 ms
Execution time: 1260.652 ms
