Seq Scan on cast_info ci  (cost=0.00..796071.18 rows=250369 width=0) (actual time=1641.478..12237.955 rows=645361 loops=1)
  Filter: ((person_id > 2700892) AND (role_id = 5))
  Rows Removed by Filter: 35598983
Planning time: 0.266 ms
Execution time: 12317.510 ms
