Hash Join  (cost=326464.78..1059235.20 rows=20254371 width=0) (actual time=7400.698..62171.341 rows=182131950 loops=1)
  Hash Cond: (mi.movie_id = t.id)
  ->  Seq Scan on movie_info mi  (cost=0.00..309384.22 rows=14739122 width=4) (actual time=0.013..6298.080 rows=14835720 loops=1)
  ->  Hash  (cost=269458.29..269458.29 rows=3474679 width=8) (actual time=7395.398..7395.398 rows=3193535 loops=1)
        Buckets: 131072  Batches: 64  Memory Usage: 3036kB
        ->  Hash Join  (cost=99467.55..269458.29 rows=3474679 width=8) (actual time=2034.011..6541.173 rows=3193535 loops=1)
              Hash Cond: (mk.movie_id = t.id)
              ->  Seq Scan on movie_keyword mk  (cost=0.00..69693.30 rows=4523930 width=4) (actual time=0.013..1446.038 rows=4523930 loops=1)
              ->  Hash  (cost=67604.59..67604.59 rows=1942077 width=4) (actual time=2032.464..2032.464 rows=1932484 loops=1)
                    Buckets: 131072  Batches: 32  Memory Usage: 3163kB
                    ->  Seq Scan on title t  (cost=0.00..67604.59 rows=1942077 width=4) (actual time=0.016..1416.975 rows=1932484 loops=1)
                          Filter: (production_year > 1980)
                          Rows Removed by Filter: 595828
Planning time: 0.766 ms
Execution time: 81585.953 ms
