Hash Join  (cost=118875.47..243363.61 rows=204010 width=0) (actual time=2373.080..5251.342 rows=684437 loops=1)
  Hash Cond: (mk.movie_id = t.id)
  ->  Seq Scan on movie_keyword mk  (cost=0.00..69693.30 rows=4523930 width=4) (actual time=0.031..1371.432 rows=4523930 loops=1)
  ->  Hash  (cost=117004.15..117004.15 rows=114026 width=8) (actual time=2371.959..2371.959 rows=115961 loops=1)
        Buckets: 131072  Batches: 2  Memory Usage: 3282kB
        ->  Hash Join  (cost=77354.40..117004.15 rows=114026 width=8) (actual time=1295.690..2333.464 rows=115961 loops=1)
              Hash Cond: (mi_idx.movie_id = t.id)
              ->  Seq Scan on movie_info_idx mi_idx  (cost=0.00..21735.35 rows=1380035 width=4) (actual time=0.016..466.859 rows=1380035 loops=1)
              ->  Hash  (cost=73925.90..73925.90 rows=208920 width=4) (actual time=1294.540..1294.540 rows=183835 loops=1)
                    Buckets: 131072  Batches: 4  Memory Usage: 2649kB
                    ->  Seq Scan on title t  (cost=0.00..73925.90 rows=208920 width=4) (actual time=0.030..1229.202 rows=183835 loops=1)
                          Filter: ((kind_id < 7) AND (production_year > 2009))
                          Rows Removed by Filter: 2344477
Planning time: 1.163 ms
Execution time: 5337.021 ms
