Hash Join  (cost=78556.72..220369.25 rows=1081838 width=0) (actual time=1331.846..5582.605 rows=2645643 loops=1)
  Hash Cond: (mk.movie_id = t.id)
  ->  Seq Scan on movie_keyword mk  (cost=0.00..81003.12 rows=4097872 width=4) (actual time=0.021..1749.598 rows=4085328 loops=1)
        Filter: (keyword_id > 338)
        Rows Removed by Filter: 438602
  ->  Hash  (cost=67604.59..67604.59 rows=667531 width=4) (actual time=1330.367..1330.367 rows=662825 loops=1)
        Buckets: 131072  Batches: 16  Memory Usage: 2486kB
        ->  Seq Scan on title t  (cost=0.00..67604.59 rows=667531 width=4) (actual time=224.961..1123.606 rows=662825 loops=1)
              Filter: (kind_id = 1)
              Rows Removed by Filter: 1865487
Planning time: 1.579 ms
Execution time: 5895.048 ms
