Hash Join  (cost=204335.70..348036.60 rows=1780987 width=0) (actual time=4439.400..11114.580 rows=14301841 loops=1)
  Hash Cond: (mk.movie_id = t.id)
  ->  Seq Scan on movie_keyword mk  (cost=0.00..69693.30 rows=4523930 width=4) (actual time=0.020..1431.733 rows=4523930 loops=1)
  ->  Hash  (cost=188003.77..188003.77 rows=995434 width=8) (actual time=4438.055..4438.055 rows=1000538 loops=1)
        Buckets: 131072  Batches: 16  Memory Usage: 3482kB
        ->  Hash Join  (cost=102767.86..188003.77 rows=995434 width=8) (actual time=1869.191..4135.913 rows=1000538 loops=1)
              Hash Cond: (mc.movie_id = t.id)
              ->  Seq Scan on movie_companies mc  (cost=0.00..51404.11 rows=995434 width=4) (actual time=0.020..1011.625 rows=1000538 loops=1)
                    Filter: (company_id < 4632)
                    Rows Removed by Filter: 1608591
              ->  Hash  (cost=61283.27..61283.27 rows=2528527 width=4) (actual time=1867.824..1867.824 rows=2528312 loops=1)
                    Buckets: 131072  Batches: 64  Memory Usage: 2415kB
                    ->  Seq Scan on title t  (cost=0.00..61283.27 rows=2528527 width=4) (actual time=0.012..1055.432 rows=2528312 loops=1)
Planning time: 4.350 ms
Execution time: 12715.820 ms
