Hash Join  (cost=128829.60..481901.29 rows=4928 width=0) (actual time=4311.984..8014.527 rows=8436 loops=1)
  Hash Cond: (mi.movie_id = t.id)
  ->  Seq Scan on movie_info mi  (cost=0.00..346232.03 rows=1810770 width=4) (actual time=1992.003..5604.619 rows=1865632 loops=1)
        Filter: (info_type_id > 17)
        Rows Removed by Filter: 12970088
  ->  Hash  (cost=128743.59..128743.59 rows=6881 width=8) (actual time=2080.785..2080.785 rows=6707 loops=1)
        Buckets: 8192  Batches: 1  Memory Usage: 326kB
        ->  Hash Join  (cost=74009.26..128743.59 rows=6881 width=8) (actual time=937.778..2077.726 rows=6707 loops=1)
              Hash Cond: (mc.movie_id = t.id)
              ->  Seq Scan on movie_companies mc  (cost=0.00..44881.29 rows=2609129 width=4) (actual time=0.033..638.329 rows=2609129 loops=1)
              ->  Hash  (cost=73925.90..73925.90 rows=6668 width=4) (actual time=937.579..937.579 rows=3242 loops=1)
                    Buckets: 8192  Batches: 1  Memory Usage: 178kB
                    ->  Seq Scan on title t  (cost=0.00..73925.90 rows=6668 width=4) (actual time=305.899..935.882 rows=3242 loops=1)
                          Filter: ((kind_id = 3) AND (production_year = 2012))
                          Rows Removed by Filter: 2525070
Planning time: 2.840 ms
Execution time: 8015.986 ms
