Seq Scan on movie_keyword mk  (cost=0.00..81003.12 rows=246 width=0) (actual time=372.594..1318.345 rows=2 loops=1)
  Filter: (keyword_id = 102419)
  Rows Removed by Filter: 4523928
Planning time: 0.357 ms
Execution time: 1318.424 ms
