Seq Scan on cast_info ci  (cost=0.00..796071.18 rows=1801993 width=0) (actual time=493.945..11114.346 rows=4062590 loops=1)
  Filter: ((person_id > 3311748) AND (role_id > 2))
  Rows Removed by Filter: 32181754
Planning time: 0.358 ms
Execution time: 11590.627 ms
