Hash Join  (cost=76379.89..1084319.75 rows=4644596 width=0) (actual time=1333.123..28588.621 rows=5349693 loops=1)
  Hash Cond: (ci.movie_id = t.id)
  ->  Seq Scan on cast_info ci  (cost=0.00..705507.15 rows=21958601 width=4) (actual time=0.027..14772.283 rows=22035781 loops=1)
        Filter: (person_id > 1399192)
        Rows Removed by Filter: 14208563
  ->  Hash  (cost=67604.59..67604.59 rows=534824 width=4) (actual time=1332.227..1332.227 rows=533369 loops=1)
        Buckets: 131072  Batches: 8  Memory Usage: 3369kB
        ->  Seq Scan on title t  (cost=0.00..67604.59 rows=534824 width=4) (actual time=0.023..1153.657 rows=533369 loops=1)
              Filter: (production_year > 2009)
              Rows Removed by Filter: 1994943
Planning time: 0.788 ms
Execution time: 29243.708 ms
