Hash Join  (cost=74569.12..808929.96 rows=148524 width=0) (actual time=2946.075..16396.390 rows=125681 loops=1)
  Hash Cond: (ci.movie_id = t.id)
  ->  Seq Scan on cast_info ci  (cost=0.00..705507.15 rows=7298253 width=4) (actual time=1782.762..13391.411 rows=7451973 loops=1)
        Filter: (role_id = 2)
        Rows Removed by Filter: 28792371
  ->  Hash  (cost=73925.90..73925.90 rows=51457 width=4) (actual time=1162.752..1162.752 rows=34605 loops=1)
        Buckets: 65536  Batches: 1  Memory Usage: 1729kB
        ->  Seq Scan on title t  (cost=0.00..73925.90 rows=51457 width=4) (actual time=542.059..1148.758 rows=34605 loops=1)
              Filter: ((production_year < 2002) AND (kind_id = 4))
              Rows Removed by Filter: 2493707
Planning time: 0.988 ms
Execution time: 16413.784 ms
