Hash Join  (cost=83810.17..145970.70 rows=9418 width=0) (actual time=1465.378..2399.708 rows=865 loops=1)
  Hash Cond: (mc.movie_id = t.id)
  ->  Seq Scan on movie_companies mc  (cost=0.00..57926.93 rows=24110 width=4) (actual time=0.387..779.991 rows=5188 loops=1)
        Filter: ((company_id = 19) AND (company_type_id = 2))
        Rows Removed by Filter: 2603941
  ->  Hash  (cost=67604.59..67604.59 rows=987727 width=4) (actual time=1455.251..1455.251 rows=985048 loops=1)
        Buckets: 131072  Batches: 16  Memory Usage: 3188kB
        ->  Seq Scan on title t  (cost=0.00..67604.59 rows=987727 width=4) (actual time=0.018..1151.908 rows=985048 loops=1)
              Filter: (kind_id < 7)
              Rows Removed by Filter: 1543264
Planning time: 0.880 ms
Execution time: 2399.942 ms
