Hash Join  (cost=102767.86..994118.32 rows=3549125 width=0) (actual time=7763.749..18877.808 rows=5543849 loops=1)
  Hash Cond: (ci.movie_id = t.id)
  ->  Seq Scan on cast_info ci  (cost=0.00..796071.18 rows=3549125 width=4) (actual time=5800.321..12293.407 rows=5543849 loops=1)
        Filter: ((person_id > 3098919) AND (role_id > 1))
        Rows Removed by Filter: 30700495
  ->  Hash  (cost=61283.27..61283.27 rows=2528527 width=4) (actual time=1961.461..1961.461 rows=2528312 loops=1)
        Buckets: 131072  Batches: 64  Memory Usage: 2415kB
        ->  Seq Scan on title t  (cost=0.00..61283.27 rows=2528527 width=4) (actual time=0.023..1137.328 rows=2528312 loops=1)
Planning time: 1.672 ms
Execution time: 19475.807 ms
