Seq Scan on cast_info ci  (cost=0.00..796071.18 rows=225162 width=0) (actual time=5800.619..10646.404 rows=215084 loops=1)
  Filter: ((person_id < 444088) AND (role_id = 8))
  Rows Removed by Filter: 36029260
Planning time: 0.413 ms
Execution time: 10660.314 ms
