Hash Join  (cost=102767.86..176534.65 rows=518811 width=0) (actual time=1804.374..4072.953 rows=524051 loops=1)
  Hash Cond: (mc.movie_id = t.id)
  ->  Seq Scan on movie_companies mc  (cost=0.00..51404.11 rows=518811 width=4) (actual time=0.032..845.518 rows=524051 loops=1)
        Filter: (company_id > 73106)
        Rows Removed by Filter: 2085078
  ->  Hash  (cost=61283.27..61283.27 rows=2528527 width=4) (actual time=1803.489..1803.489 rows=2528312 loops=1)
        Buckets: 131072  Batches: 64  Memory Usage: 2415kB
        ->  Seq Scan on title t  (cost=0.00..61283.27 rows=2528527 width=4) (actual time=0.015..933.248 rows=2528312 loops=1)
Planning time: 5.139 ms
Execution time: 4141.186 ms
