Hash Join  (cost=214883.50..772815.48 rows=7321905 width=0) (actual time=4758.051..25394.326 rows=28553228 loops=1)
  Hash Cond: (mi.movie_id = t.id)
  ->  Seq Scan on movie_info mi  (cost=0.00..309384.22 rows=14739122 width=4) (actual time=0.023..5807.532 rows=14835720 loops=1)
  ->  Hash  (cost=194275.40..194275.40 rows=1256088 width=8) (actual time=4757.099..4757.099 rows=1267663 loops=1)
        Buckets: 131072  Batches: 32  Memory Usage: 2601kB
        ->  Hash Join  (cost=102767.86..194275.40 rows=1256088 width=8) (actual time=1845.038..4356.286 rows=1267663 loops=1)
              Hash Cond: (mc.movie_id = t.id)
              ->  Seq Scan on movie_companies mc  (cost=0.00..51404.11 rows=1256088 width=4) (actual time=51.372..993.333 rows=1267663 loops=1)
                    Filter: (company_id > 11460)
                    Rows Removed by Filter: 1341466
              ->  Hash  (cost=61283.27..61283.27 rows=2528527 width=4) (actual time=1554.901..1554.901 rows=2528312 loops=1)
                    Buckets: 131072  Batches: 64  Memory Usage: 2415kB
                    ->  Seq Scan on title t  (cost=0.00..61283.27 rows=2528527 width=4) (actual time=0.022..776.667 rows=2528312 loops=1)
Planning time: 1.153 ms
Execution time: 28662.755 ms
