Seq Scan on movie_keyword mk  (cost=0.00..81003.12 rows=246 width=0) (actual time=337.142..1259.874 rows=5 loops=1)
  Filter: (keyword_id = 68191)
  Rows Removed by Filter: 4523925
Planning time: 0.340 ms
Execution time: 1259.962 ms
