Seq Scan on cast_info ci  (cost=0.00..796071.18 rows=2245058 width=0) (actual time=7024.404..11480.164 rows=3459733 loops=1)
  Filter: ((person_id > 3430053) AND (role_id > 1))
  Rows Removed by Filter: 32784611
Planning time: 0.351 ms
Execution time: 11901.794 ms
