Nested Loop  (cost=0.43..798787.41 rows=324 width=0) (actual time=6767.000..13870.677 rows=2 loops=1)
  ->  Seq Scan on cast_info ci  (cost=0.00..796071.18 rows=324 width=4) (actual time=6766.895..13870.508 rows=2 loops=1)
        Filter: ((role_id > 1) AND (person_id = 3162834))
        Rows Removed by Filter: 36244342
  ->  Index Only Scan using title_pkey on title t  (cost=0.43..8.37 rows=1 width=4) (actual time=0.049..0.050 rows=1 loops=2)
        Index Cond: (id = ci.movie_id)
        Heap Fetches: 2
Planning time: 0.754 ms
Execution time: 13870.791 ms
