Seq Scan on cast_info ci  (cost=0.00..705507.15 rows=864246 width=0) (actual time=2585.832..11253.946 rows=896830 loops=1)
  Filter: (person_id > 3889621)
  Rows Removed by Filter: 35347514
Planning time: 0.349 ms
Execution time: 11366.170 ms
