Hash Join  (cost=115693.89..832278.81 rows=82139 width=0) (actual time=8506.329..15738.150 rows=107134 loops=1)
  Hash Cond: (ci.movie_id = t.id)
  ->  Seq Scan on cast_info ci  (cost=0.00..705507.15 rows=2735034 width=4) (actual time=6367.590..12899.844 rows=2728943 loops=1)
        Filter: (role_id = 4)
        Rows Removed by Filter: 33515401
  ->  Hash  (cost=114744.68..114744.68 rows=75937 width=8) (actual time=2137.980..2137.980 rows=77314 loops=1)
        Buckets: 131072  Batches: 1  Memory Usage: 4045kB
        ->  Hash Join  (cost=77354.40..114744.68 rows=75937 width=8) (actual time=1165.613..2114.882 rows=77314 loops=1)
              Hash Cond: (mi_idx.movie_id = t.id)
              ->  Seq Scan on movie_info_idx mi_idx  (cost=0.00..25185.44 rows=919057 width=4) (actual time=0.025..534.609 rows=920110 loops=1)
                    Filter: (info_type_id > 99)
                    Rows Removed by Filter: 459925
              ->  Hash  (cost=73925.90..73925.90 rows=208920 width=4) (actual time=1164.676..1164.676 rows=183835 loops=1)
                    Buckets: 131072  Batches: 4  Memory Usage: 2649kB
                    ->  Seq Scan on title t  (cost=0.00..73925.90 rows=208920 width=4) (actual time=0.054..1099.169 rows=183835 loops=1)
                          Filter: ((kind_id < 7) AND (production_year > 2009))
                          Rows Removed by Filter: 2344477
Planning time: 1.226 ms
Execution time: 15752.749 ms
