Seq Scan on cast_info ci  (cost=0.00..705507.15 rows=2326943 width=0) (actual time=3198.276..8796.641 rows=2370324 loops=1)
  Filter: (person_id > 3599272)
  Rows Removed by Filter: 33874020
Planning time: 0.250 ms
Execution time: 8949.115 ms
