Hash Join  (cost=102767.86..246260.16 rows=2186411 width=0) (actual time=2036.180..5863.895 rows=2184682 loops=1)
  Hash Cond: (mk.movie_id = t.id)
  ->  Seq Scan on movie_keyword mk  (cost=0.00..81003.12 rows=2186411 width=4) (actual time=0.024..1676.165 rows=2184682 loops=1)
        Filter: (keyword_id > 5175)
        Rows Removed by Filter: 2339248
  ->  Hash  (cost=61283.27..61283.27 rows=2528527 width=4) (actual time=2034.756..2034.756 rows=2528312 loops=1)
        Buckets: 131072  Batches: 64  Memory Usage: 2425kB
        ->  Seq Scan on title t  (cost=0.00..61283.27 rows=2528527 width=4) (actual time=0.024..1153.436 rows=2528312 loops=1)
Planning time: 0.690 ms
Execution time: 6153.782 ms
