Hash Join  (cost=504860.79..1420581.43 rows=3336488 width=0) (actual time=15445.625..32690.485 rows=6704523 loops=1)
  Hash Cond: (ci.movie_id = t.id)
  ->  Seq Scan on cast_info ci  (cost=0.00..796071.18 rows=7058552 width=4) (actual time=6030.280..15743.088 rows=12670688 loops=1)
        Filter: ((person_id < 2004654) AND (role_id < 2))
        Rows Removed by Filter: 23573656
  ->  Hash  (cost=485251.75..485251.75 rows=1195203 width=8) (actual time=9414.290..9414.290 rows=1081000 loops=1)
        Buckets: 131072  Batches: 16  Memory Usage: 3661kB
        ->  Hash Join  (cost=99591.38..485251.75 rows=1195203 width=8) (actual time=2387.892..9095.516 rows=1081000 loops=1)
              Hash Cond: (mi.movie_id = t.id)
              ->  Seq Scan on movie_info mi  (cost=0.00..346232.03 rows=1550064 width=4) (actual time=326.537..5636.378 rows=1533909 loops=1)
                    Filter: (info_type_id = 3)
                    Rows Removed by Filter: 13301811
              ->  Hash  (cost=67604.59..67604.59 rows=1949663 width=4) (actual time=2060.409..2060.409 rows=1947263 loops=1)
                    Buckets: 131072  Batches: 32  Memory Usage: 3180kB
                    ->  Seq Scan on title t  (cost=0.00..67604.59 rows=1949663 width=4) (actual time=0.039..1421.045 rows=1947263 loops=1)
                          Filter: (production_year > 1979)
                          Rows Removed by Filter: 581049
Planning time: 1.200 ms
Execution time: 33379.261 ms
