Seq Scan on cast_info ci  (cost=0.00..705507.15 rows=14059756 width=0) (actual time=227.513..12224.296 rows=14027324 loops=1)
  Filter: (person_id < 1382137)
  Rows Removed by Filter: 22217020
Planning time: 0.304 ms
Execution time: 14007.122 ms
