Hash Join  (cost=82257.13..176051.43 rows=159910 width=0) (actual time=1601.224..3266.942 rows=432695 loops=1)
  Hash Cond: (mk.movie_id = t.id)
  ->  Seq Scan on movie_keyword mk  (cost=0.00..81003.12 rows=796288 width=4) (actual time=0.022..1367.289 rows=795406 loops=1)
        Filter: (keyword_id < 766)
        Rows Removed by Filter: 3728524
  ->  Hash  (cost=73925.90..73925.90 rows=507778 width=4) (actual time=1362.500..1362.500 rows=524129 loops=1)
        Buckets: 131072  Batches: 8  Memory Usage: 3348kB
        ->  Seq Scan on title t  (cost=0.00..73925.90 rows=507778 width=4) (actual time=579.408..1190.642 rows=524129 loops=1)
              Filter: ((production_year < 2010) AND (kind_id = 1))
              Rows Removed by Filter: 2004183
Planning time: 0.757 ms
Execution time: 3322.079 ms
