Hash Join  (cost=463053.91..532268.13 rows=170092 width=0) (actual time=8179.741..9404.299 rows=151057 loops=1)
  Hash Cond: (mc.movie_id = t.id)
  ->  Seq Scan on movie_companies mc  (cost=0.00..51404.11 rows=1279517 width=4) (actual time=334.212..1015.695 rows=1274246 loops=1)
        Filter: (company_type_id = 1)
        Rows Removed by Filter: 1334883
  ->  Hash  (cost=457539.31..457539.31 rows=336128 width=8) (actual time=7844.543..7844.543 rows=130030 loops=1)
        Buckets: 131072  Batches: 8  Memory Usage: 1660kB
        ->  Hash Join  (cost=95314.15..457539.31 rows=336128 width=8) (actual time=3074.210..7806.416 rows=130030 loops=1)
              Hash Cond: (mi.movie_id = t.id)
              ->  Seq Scan on movie_info mi  (cost=0.00..346232.03 rows=651960 width=4) (actual time=1221.912..5406.311 rows=660923 loops=1)
                    Filter: (info_type_id = 18)
                    Rows Removed by Filter: 14174797
              ->  Hash  (cost=73925.90..73925.90 rows=1303620 width=4) (actual time=1851.287..1851.287 rows=1383104 loops=1)
                    Buckets: 131072  Batches: 32  Memory Usage: 2552kB
                    ->  Seq Scan on title t  (cost=0.00..73925.90 rows=1303620 width=4) (actual time=0.036..1396.226 rows=1383104 loops=1)
                          Filter: ((production_year > 1966) AND (kind_id = 7))
                          Rows Removed by Filter: 1145208
Planning time: 1.171 ms
Execution time: 9420.310 ms
