Hash Join  (cost=102767.86..260001.25 rows=2757432 width=0) (actual time=2128.875..6011.834 rows=2752300 loops=1)
  Hash Cond: (mk.movie_id = t.id)
  ->  Seq Scan on movie_keyword mk  (cost=0.00..81003.12 rows=2757432 width=4) (actual time=0.015..1677.499 rows=2752300 loops=1)
        Filter: (keyword_id < 7825)
        Rows Removed by Filter: 1771630
  ->  Hash  (cost=61283.27..61283.27 rows=2528527 width=4) (actual time=2128.044..2128.044 rows=2528312 loops=1)
        Buckets: 131072  Batches: 64  Memory Usage: 2425kB
        ->  Seq Scan on title t  (cost=0.00..61283.27 rows=2528527 width=4) (actual time=0.010..1033.096 rows=2528312 loops=1)
Planning time: 0.723 ms
Execution time: 6297.132 ms
