Seq Scan on movie_keyword mk  (cost=0.00..81003.12 rows=4086384 width=0) (actual time=0.019..1613.373 rows=4090809 loops=1)
  Filter: (keyword_id < 40469)
  Rows Removed by Filter: 433121
Planning time: 0.239 ms
Execution time: 2135.058 ms
