Hash Join  (cost=214086.60..257694.39 rows=344731 width=0) (actual time=4181.628..5469.837 rows=543882 loops=1)
  Hash Cond: (mi_idx.movie_id = t.id)
  ->  Seq Scan on movie_info_idx mi_idx  (cost=0.00..21735.35 rows=1380035 width=4) (actual time=0.032..476.233 rows=1380035 loops=1)
  ->  Hash  (cost=203723.31..203723.31 rows=631623 width=8) (actual time=4180.478..4180.478 rows=345673 loops=1)
        Buckets: 131072  Batches: 16  Memory Usage: 1882kB
        ->  Hash Join  (cost=98137.04..203723.31 rows=631623 width=8) (actual time=1888.311..4081.813 rows=345673 loops=1)
              Hash Cond: (mk.movie_id = t.id)
              ->  Seq Scan on movie_keyword mk  (cost=0.00..81003.12 rows=858183 width=4) (actual time=0.022..1341.648 rows=861326 loops=1)
                    Filter: (keyword_id < 820)
                    Rows Removed by Filter: 3662604
              ->  Hash  (cost=67604.59..67604.59 rows=1860996 width=4) (actual time=1886.079..1886.079 rows=1865487 loops=1)
                    Buckets: 131072  Batches: 32  Memory Usage: 3085kB
                    ->  Seq Scan on title t  (cost=0.00..67604.59 rows=1860996 width=4) (actual time=0.029..1260.476 rows=1865487 loops=1)
                          Filter: (kind_id > 1)
                          Rows Removed by Filter: 662825
Planning time: 5.241 ms
Execution time: 5539.930 ms
