Hash Join  (cost=160526.42..298482.31 rows=1198841 width=0) (actual time=3240.652..6832.695 rows=862911 loops=1)
  Hash Cond: (mk.movie_id = t.id)
  ->  Seq Scan on movie_keyword mk  (cost=0.00..81003.12 rows=3604629 width=4) (actual time=0.025..1780.011 rows=3614700 loops=1)
        Filter: (keyword_id < 20344)
        Rows Removed by Filter: 909230
  ->  Hash  (cost=146729.58..146729.58 rows=840947 width=8) (actual time=3239.819..3239.819 rows=425718 loops=1)
        Buckets: 131072  Batches: 16  Memory Usage: 2068kB
        ->  Hash Join  (cost=92883.59..146729.58 rows=840947 width=8) (actual time=1618.515..3111.905 rows=425718 loops=1)
              Hash Cond: (mi_idx.movie_id = t.id)
              ->  Seq Scan on movie_info_idx mi_idx  (cost=0.00..21735.35 rows=1380035 width=4) (actual time=0.019..468.633 rows=1380035 loops=1)
              ->  Hash  (cost=67604.59..67604.59 rows=1540800 width=4) (actual time=1617.351..1617.351 rows=1543264 loops=1)
                    Buckets: 131072  Batches: 32  Memory Usage: 2722kB
                    ->  Seq Scan on title t  (cost=0.00..67604.59 rows=1540800 width=4) (actual time=0.015..1147.429 rows=1543264 loops=1)
                          Filter: (kind_id = 7)
                          Rows Removed by Filter: 985048
Planning time: 1.165 ms
Execution time: 6938.983 ms
