Seq Scan on cast_info ci  (cost=0.00..705507.15 rows=500 width=0) (actual time=1221.385..10905.707 rows=17 loops=1)
  Filter: (person_id = 2140770)
  Rows Removed by Filter: 36244327
Planning time: 0.425 ms
Execution time: 10905.800 ms
