Hash Join  (cost=98137.04..1157872.92 rows=9354626 width=0) (actual time=1962.601..25342.945 rows=7802268 loops=1)
  Hash Cond: (ci.movie_id = t.id)
  ->  Seq Scan on cast_info ci  (cost=0.00..796071.18 rows=12710089 width=4) (actual time=0.015..15634.376 rows=10581167 loops=1)
        Filter: ((person_id > 1302204) AND (role_id < 3))
        Rows Removed by Filter: 25663177
  ->  Hash  (cost=67604.59..67604.59 rows=1860996 width=4) (actual time=1961.534..1961.534 rows=1865487 loops=1)
        Buckets: 131072  Batches: 32  Memory Usage: 3079kB
        ->  Seq Scan on title t  (cost=0.00..67604.59 rows=1860996 width=4) (actual time=0.033..1387.275 rows=1865487 loops=1)
              Filter: (kind_id > 1)
              Rows Removed by Filter: 662825
Planning time: 1.273 ms
Execution time: 26197.815 ms
