Hash Join  (cost=102767.86..230243.51 rows=1520771 width=0) (actual time=1971.205..5137.144 rows=1536388 loops=1)
  Hash Cond: (mk.movie_id = t.id)
  ->  Seq Scan on movie_keyword mk  (cost=0.00..81003.12 rows=1520771 width=4) (actual time=0.019..1579.946 rows=1536388 loops=1)
        Filter: (keyword_id > 10336)
        Rows Removed by Filter: 2987542
  ->  Hash  (cost=61283.27..61283.27 rows=2528527 width=4) (actual time=1968.636..1968.636 rows=2528312 loops=1)
        Buckets: 131072  Batches: 64  Memory Usage: 2425kB
        ->  Seq Scan on title t  (cost=0.00..61283.27 rows=2528527 width=4) (actual time=0.021..1101.216 rows=2528312 loops=1)
Planning time: 0.587 ms
Execution time: 5309.895 ms
