Hash Join  (cost=135303.72..500880.42 rows=92077 width=0) (actual time=2664.657..14153.788 rows=2699805 loops=1)
  Hash Cond: (mi.movie_id = t.id)
  ->  Seq Scan on movie_info mi  (cost=0.00..309384.22 rows=14739122 width=4) (actual time=0.018..4950.619 rows=14835720 loops=1)
  ->  Hash  (cost=135106.27..135106.27 rows=15796 width=8) (actual time=2663.094..2663.094 rows=83999 loops=1)
        Buckets: 131072 (originally 16384)  Batches: 2 (originally 1)  Memory Usage: 3073kB
        ->  Hash Join  (cost=74750.29..135106.27 rows=15796 width=8) (actual time=1331.817..2632.415 rows=83999 loops=1)
              Hash Cond: (mc.movie_id = t.id)
              ->  Seq Scan on movie_companies mc  (cost=0.00..57926.93 rows=605623 width=4) (actual time=107.618..999.807 rows=824205 loops=1)
                    Filter: ((company_id < 11141) AND (company_type_id = 1))
                    Rows Removed by Filter: 1784924
              ->  Hash  (cost=73925.90..73925.90 rows=65951 width=4) (actual time=1222.094..1222.094 rows=185602 loops=1)
                    Buckets: 131072 (originally 131072)  Batches: 4 (originally 1)  Memory Usage: 3073kB
                    ->  Seq Scan on title t  (cost=0.00..73925.90 rows=65951 width=4) (actual time=0.039..1146.021 rows=185602 loops=1)
                          Filter: ((kind_id < 3) AND (production_year < 1958))
                          Rows Removed by Filter: 2342710
Planning time: 1.317 ms
Execution time: 14452.989 ms
