Hash Join  (cost=1018504.83..3184377.22 rows=93608292 width=0) (actual time=25311.406..108349.844 rows=208772944 loops=1)
  Hash Cond: (ci.movie_id = t.id)
  ->  Seq Scan on cast_info ci  (cost=0.00..705507.15 rows=16058697 width=4) (actual time=0.022..14445.228 rows=15950645 loops=1)
        Filter: (person_id < 1576957)
        Rows Removed by Filter: 20293699
  ->  Hash  (cost=776690.81..776690.81 rows=14739122 width=8) (actual time=25307.527..25307.527 rows=14835720 loops=1)
        Buckets: 131072  Batches: 256  Memory Usage: 3268kB
        ->  Hash Join  (cost=102767.86..776690.81 rows=14739122 width=8) (actual time=2103.018..20858.945 rows=14835720 loops=1)
              Hash Cond: (mi.movie_id = t.id)
              ->  Seq Scan on movie_info mi  (cost=0.00..309384.22 rows=14739122 width=4) (actual time=0.021..6460.521 rows=14835720 loops=1)
              ->  Hash  (cost=61283.27..61283.27 rows=2528527 width=4) (actual time=2101.871..2101.871 rows=2528312 loops=1)
                    Buckets: 131072  Batches: 64  Memory Usage: 2425kB
                    ->  Seq Scan on title t  (cost=0.00..61283.27 rows=2528527 width=4) (actual time=0.016..1015.468 rows=2528312 loops=1)
Planning time: 1.309 ms
Execution time: 131802.291 ms
