Seq Scan on movie_companies mc  (cost=0.00..57926.93 rows=494221 width=0) (actual time=0.014..1055.678 rows=703724 loops=1)
  Filter: ((company_id < 4965) AND (company_type_id < 2))
  Rows Removed by Filter: 1905405
Planning time: 0.341 ms
Execution time: 1158.916 ms
