Hash Join  (cost=762539.04..2101331.71 rows=30478786 width=0) (actual time=17978.103..68107.675 rows=102256505 loops=1)
  Hash Cond: (ci.movie_id = t.id)
  ->  Seq Scan on cast_info ci  (cost=0.00..796071.18 rows=10270611 width=4) (actual time=0.027..16694.399 rows=12670688 loops=1)
        Filter: ((person_id < 2959934) AND (role_id < 2))
        Rows Removed by Filter: 23573656
  ->  Hash  (cost=639433.19..639433.19 rows=7503588 width=8) (actual time=17977.096..17977.096 rows=7548855 loops=1)
        Buckets: 131072  Batches: 128  Memory Usage: 3325kB
        ->  Hash Join  (cost=102767.86..639433.19 rows=7503588 width=8) (actual time=2266.942..14914.106 rows=7548855 loops=1)
              Hash Cond: (mi.movie_id = t.id)
              ->  Seq Scan on movie_info mi  (cost=0.00..346232.03 rows=7503588 width=4) (actual time=0.015..6631.836 rows=7548855 loops=1)
                    Filter: (info_type_id > 7)
                    Rows Removed by Filter: 7286865
              ->  Hash  (cost=61283.27..61283.27 rows=2528527 width=4) (actual time=2265.954..2265.954 rows=2528312 loops=1)
                    Buckets: 131072  Batches: 64  Memory Usage: 2425kB
                    ->  Seq Scan on title t  (cost=0.00..61283.27 rows=2528527 width=4) (actual time=0.016..1107.382 rows=2528312 loops=1)
Planning time: 1.188 ms
Execution time: 78494.549 ms
