Hash Join  (cost=70309.16..156967.61 rows=41 width=0) (actual time=2140.872..2590.332 rows=118 loops=1)
  Hash Cond: (mk.movie_id = t.id)
  ->  Seq Scan on movie_keyword mk  (cost=0.00..69693.30 rows=4523930 width=4) (actual time=0.014..993.993 rows=4523930 loops=1)
  ->  Hash  (cost=70308.87..70308.87 rows=23 width=8) (actual time=828.145..828.145 rows=38 loops=1)
        Buckets: 1024  Batches: 1  Memory Usage: 10kB
        ->  Nested Loop  (cost=0.43..70308.87 rows=23 width=8) (actual time=1.561..828.098 rows=38 loops=1)
              ->  Seq Scan on movie_companies mc  (cost=0.00..57926.93 rows=1535 width=4) (actual time=0.607..808.424 rows=340 loops=1)
                    Filter: ((company_id = 677) AND (company_type_id = 1))
                    Rows Removed by Filter: 2608789
              ->  Index Scan using title_pkey on title t  (cost=0.43..8.06 rows=1 width=4) (actual time=0.056..0.056 rows=0 loops=340)
                    Index Cond: (id = mc.movie_id)
                    Filter: ((production_year < 2001) AND (kind_id = 2))
                    Rows Removed by Filter: 1
Planning time: 9.630 ms
Execution time: 2590.510 ms
