Seq Scan on cast_info ci  (cost=0.00..705507.15 rows=500 width=0) (actual time=359.508..10058.481 rows=1414 loops=1)
  Filter: (person_id = 329664)
  Rows Removed by Filter: 36242930
Planning time: 5.423 ms
Execution time: 10058.699 ms
