Seq Scan on movie_keyword mk  (cost=0.00..81003.12 rows=3795344 width=0) (actual time=0.025..1513.671 rows=3798679 loops=1)
  Filter: (keyword_id > 644)
  Rows Removed by Filter: 725251
Planning time: 0.443 ms
Execution time: 1969.237 ms
