Seq Scan on cast_info ci  (cost=0.00..796071.18 rows=569960 width=0) (actual time=6803.545..11939.428 rows=1005931 loops=1)
  Filter: ((person_id > 2914529) AND (role_id = 4))
  Rows Removed by Filter: 35238413
Planning time: 0.434 ms
Execution time: 12039.708 ms
