Hash Join  (cost=838816.78..1604698.77 rows=4364033 width=0) (actual time=23039.334..39153.636 rows=11832856 loops=1)
  Hash Cond: (mi.movie_id = t.id)
  ->  Seq Scan on movie_info mi  (cost=0.00..309384.22 rows=14739122 width=4) (actual time=0.012..5795.365 rows=14835720 loops=1)
  ->  Hash  (cost=826533.54..826533.54 rows=748659 width=8) (actual time=23037.816..23037.816 rows=759384 loops=1)
        Buckets: 131072  Batches: 16  Memory Usage: 2919kB
        ->  Hash Join  (cost=68257.79..826533.54 rows=748659 width=8) (actual time=1036.367..22045.324 rows=759384 loops=1)
              Hash Cond: (ci.movie_id = t.id)
              ->  Seq Scan on cast_info ci  (cost=0.00..614943.12 rows=36225612 width=4) (actual time=0.013..9163.813 rows=36244344 loops=1)
              ->  Hash  (cost=67604.59..67604.59 rows=52256 width=4) (actual time=1035.948..1035.948 rows=53013 loops=1)
                    Buckets: 65536  Batches: 1  Memory Usage: 2376kB
                    ->  Seq Scan on title t  (cost=0.00..67604.59 rows=52256 width=4) (actual time=0.021..1013.641 rows=53013 loops=1)
                          Filter: (production_year = 2000)
                          Rows Removed by Filter: 2475299
Planning time: 1.233 ms
Execution time: 40526.233 ms
