Hash Join  (cost=52284.90..452833.85 rows=435 width=0) (actual time=890.819..9447.483 rows=866 loops=1)
  Hash Cond: (mi.movie_id = t.id)
  ->  Seq Scan on movie_info mi  (cost=0.00..346232.03 rows=14483353 width=4) (actual time=0.017..6537.140 rows=14528932 loops=1)
        Filter: (info_type_id < 106)
        Rows Removed by Filter: 306788
  ->  Hash  (cost=52283.95..52283.95 rows=76 width=8) (actual time=851.739..851.739 rows=168 loops=1)
        Buckets: 1024  Batches: 1  Memory Usage: 15kB
        ->  Nested Loop  (cost=0.43..52283.95 rows=76 width=8) (actual time=31.051..851.614 rows=168 loops=1)
              ->  Seq Scan on movie_companies mc  (cost=0.00..51404.11 rows=104 width=4) (actual time=30.975..848.105 rows=168 loops=1)
                    Filter: (company_id = 4387)
                    Rows Removed by Filter: 2608961
              ->  Index Scan using title_pkey on title t  (cost=0.43..8.45 rows=1 width=4) (actual time=0.019..0.019 rows=1 loops=168)
                    Index Cond: (id = mc.movie_id)
                    Filter: (production_year > 1986)
Planning time: 1.205 ms
Execution time: 9447.988 ms
