Hash Join  (cost=92883.59..166589.55 rows=314526 width=0) (actual time=2653.908..3603.587 rows=309917 loops=1)
  Hash Cond: (mc.movie_id = t.id)
  ->  Seq Scan on movie_companies mc  (cost=0.00..57926.93 rows=516153 width=4) (actual time=0.014..1130.377 rows=726703 loops=1)
        Filter: ((company_id < 6158) AND (company_type_id = 1))
        Rows Removed by Filter: 1882426
  ->  Hash  (cost=67604.59..67604.59 rows=1540800 width=4) (actual time=1742.647..1742.647 rows=1543264 loops=1)
        Buckets: 131072  Batches: 32  Memory Usage: 2722kB
        ->  Seq Scan on title t  (cost=0.00..67604.59 rows=1540800 width=4) (actual time=0.021..1258.971 rows=1543264 loops=1)
              Filter: (kind_id = 7)
              Rows Removed by Filter: 985048
Planning time: 0.547 ms
Execution time: 3640.958 ms
