Hash Join  (cost=976491.01..1578884.04 rows=9762120 width=0) (actual time=15104.074..32267.094 rows=14422859 loops=1)
  Hash Cond: (mi.movie_id = t.id)
  ->  Seq Scan on movie_info mi  (cost=0.00..309384.22 rows=14739122 width=4) (actual time=0.015..5971.963 rows=14835720 loops=1)
  ->  Hash  (cost=949015.11..949015.11 rows=1674712 width=8) (actual time=15103.217..15103.217 rows=976095 loops=1)
        Buckets: 131072  Batches: 32  Memory Usage: 2220kB
        ->  Hash Join  (cost=102767.86..949015.11 rows=1674712 width=8) (actual time=5763.408..14807.048 rows=976095 loops=1)
              Hash Cond: (ci.movie_id = t.id)
              ->  Seq Scan on cast_info ci  (cost=0.00..796071.18 rows=1674712 width=4) (actual time=3846.076..11685.532 rows=976095 loops=1)
                    Filter: ((person_id < 471082) AND (role_id > 3))
                    Rows Removed by Filter: 35268249
              ->  Hash  (cost=61283.27..61283.27 rows=2528527 width=4) (actual time=1915.155..1915.155 rows=2528312 loops=1)
                    Buckets: 131072  Batches: 64  Memory Usage: 2415kB
                    ->  Seq Scan on title t  (cost=0.00..61283.27 rows=2528527 width=4) (actual time=0.028..1090.736 rows=2528312 loops=1)
Planning time: 1.209 ms
Execution time: 33933.779 ms
