Hash Join  (cost=80408.18..552560.34 rows=1480597 width=0) (actual time=1805.607..13841.336 rows=2390588 loops=1)
  Hash Cond: (mi.movie_id = t.id)
  ->  Seq Scan on movie_info mi  (cost=0.00..346232.03 rows=9476311 width=4) (actual time=0.015..6805.721 rows=9565151 loops=1)
        Filter: (info_type_id < 16)
        Rows Removed by Filter: 5270569
  ->  Hash  (cost=73925.90..73925.90 rows=395062 width=4) (actual time=1802.880..1802.880 rows=335993 loops=1)
        Buckets: 131072  Batches: 8  Memory Usage: 2498kB
        ->  Seq Scan on title t  (cost=0.00..73925.90 rows=395062 width=4) (actual time=0.028..1131.180 rows=335993 loops=1)
              Filter: ((kind_id < 7) AND (production_year > 2005))
              Rows Removed by Filter: 2192319
Planning time: 0.907 ms
Execution time: 14143.968 ms
