Seq Scan on movie_companies mc  (cost=0.00..51404.11 rows=104 width=0) (actual time=8.535..867.534 rows=1091 loops=1)
  Filter: (company_id = 11185)
  Rows Removed by Filter: 2608038
Planning time: 0.356 ms
Execution time: 867.848 ms
