Seq Scan on cast_info ci  (cost=0.00..796071.18 rows=16040528 width=0) (actual time=0.024..14636.674 rows=17521871 loops=1)
  Filter: ((person_id < 1819821) AND (role_id < 10))
  Rows Removed by Filter: 18722473
Planning time: 0.382 ms
Execution time: 16717.335 ms
