Nested Loop  (cost=0.43..76082.31 rows=900 width=0) (actual time=314.568..821.389 rows=3437 loops=1)
  ->  Seq Scan on movie_companies mc  (cost=0.00..57926.93 rows=2303 width=4) (actual time=314.524..757.987 rows=3454 loops=1)
        Filter: ((company_id = 475) AND (company_type_id = 1))
        Rows Removed by Filter: 2605675
  ->  Index Scan using title_pkey on title t  (cost=0.43..7.87 rows=1 width=4) (actual time=0.017..0.018 rows=1 loops=3454)
        Index Cond: (id = mc.movie_id)
        Filter: (kind_id < 7)
        Rows Removed by Filter: 0
Planning time: 2.835 ms
Execution time: 822.407 ms
