Seq Scan on cast_info ci  (cost=0.00..796071.18 rows=324 width=0) (actual time=6609.890..13721.971 rows=44 loops=1)
  Filter: ((role_id > 1) AND (person_id = 2968240))
  Rows Removed by Filter: 36244300
Planning time: 0.313 ms
Execution time: 13722.091 ms
