Hash Join  (cost=203751.63..1008975.36 rows=1350213 width=0) (actual time=4952.993..21965.492 rows=1779539 loops=1)
  Hash Cond: (ci.movie_id = t.id)
  ->  Seq Scan on cast_info ci  (cost=0.00..705507.15 rows=7298253 width=4) (actual time=532.017..13900.530 rows=7451973 loops=1)
        Filter: (role_id = 2)
        Rows Removed by Filter: 28792371
  ->  Hash  (cost=196076.26..196076.26 rows=467790 width=8) (actual time=4419.540..4419.540 rows=205025 loops=1)
        Buckets: 131072  Batches: 8  Memory Usage: 2031kB
        ->  Hash Join  (cost=74050.79..196076.26 rows=467790 width=8) (actual time=1250.013..4352.930 rows=205025 loops=1)
              Hash Cond: (mk.movie_id = t.id)
              ->  Seq Scan on movie_keyword mk  (cost=0.00..81003.12 rows=3010518 width=4) (actual time=0.030..1743.407 rows=2996518 loops=1)
                    Filter: (keyword_id > 2215)
                    Rows Removed by Filter: 1527412
              ->  Hash  (cost=67604.59..67604.59 rows=392896 width=4) (actual time=1248.342..1248.342 rows=391666 loops=1)
                    Buckets: 131072  Batches: 8  Memory Usage: 2759kB
                    ->  Seq Scan on title t  (cost=0.00..67604.59 rows=392896 width=4) (actual time=0.018..1102.489 rows=391666 loops=1)
                          Filter: (production_year > 2010)
                          Rows Removed by Filter: 2136646
Planning time: 11.874 ms
Execution time: 22173.049 ms
