Hash Join  (cost=106934.74..918124.72 rows=4096129 width=0) (actual time=5937.374..19371.343 rows=4259484 loops=1)
  Hash Cond: (ci.movie_id = t.id)
  ->  Seq Scan on cast_info ci  (cost=0.00..705507.15 rows=4320508 width=4) (actual time=3754.182..13500.787 rows=4323018 loops=1)
        Filter: (role_id = 10)
        Rows Removed by Filter: 31921326
  ->  Hash  (cost=67604.59..67604.59 rows=2397212 width=4) (actual time=2181.585..2181.585 rows=2388701 loops=1)
        Buckets: 131072  Batches: 32  Memory Usage: 3650kB
        ->  Seq Scan on title t  (cost=0.00..67604.59 rows=2397212 width=4) (actual time=0.044..1396.849 rows=2388701 loops=1)
              Filter: (production_year > 1915)
              Rows Removed by Filter: 139611
Planning time: 0.698 ms
Execution time: 19831.801 ms
