Hash Join  (cost=279148.14..908783.14 rows=12315217 width=0) (actual time=5900.244..44323.745 rows=115591616 loops=1)
  Hash Cond: (mi.movie_id = t.id)
  ->  Seq Scan on movie_info mi  (cost=0.00..309384.22 rows=14739122 width=4) (actual time=0.196..6007.741 rows=14835720 loops=1)
  ->  Hash  (cost=244486.37..244486.37 rows=2112701 width=8) (actual time=5898.743..5898.743 rows=2111348 loops=1)
        Buckets: 131072  Batches: 32  Memory Usage: 3666kB
        ->  Hash Join  (cost=102767.86..244486.37 rows=2112701 width=8) (actual time=1973.369..5353.885 rows=2111348 loops=1)
              Hash Cond: (mk.movie_id = t.id)
              ->  Seq Scan on movie_keyword mk  (cost=0.00..81003.12 rows=2112701 width=4) (actual time=0.018..1560.936 rows=2111348 loops=1)
                    Filter: (keyword_id > 5661)
                    Rows Removed by Filter: 2412582
              ->  Hash  (cost=61283.27..61283.27 rows=2528527 width=4) (actual time=1972.247..1972.247 rows=2528312 loops=1)
                    Buckets: 131072  Batches: 64  Memory Usage: 2425kB
                    ->  Seq Scan on title t  (cost=0.00..61283.27 rows=2528527 width=4) (actual time=0.019..1121.499 rows=2528312 loops=1)
Planning time: 0.774 ms
Execution time: 56929.227 ms
