Hash Join  (cost=73962.22..877048.60 rows=2143 width=0) (actual time=5564.512..15862.970 rows=7045 loops=1)
  Hash Cond: (ci.movie_id = t.id)
  ->  Seq Scan on cast_info ci  (cost=0.00..796071.18 rows=1865005 width=4) (actual time=4466.526..14329.514 rows=1923702 loops=1)
        Filter: ((person_id > 1123731) AND (role_id = 4))
        Rows Removed by Filter: 34320642
  ->  Hash  (cost=73925.90..73925.90 rows=2905 width=4) (actual time=1097.478..1097.478 rows=9474 loops=1)
        Buckets: 16384 (originally 4096)  Batches: 1 (originally 1)  Memory Usage: 462kB
        ->  Seq Scan on title t  (cost=0.00..73925.90 rows=2905 width=4) (actual time=2.118..1092.829 rows=9474 loops=1)
              Filter: ((kind_id < 7) AND (production_year = 1991))
              Rows Removed by Filter: 2518838
Planning time: 0.727 ms
Execution time: 15864.637 ms
