Hash Join  (cost=102767.86..191551.49 rows=871797 width=0) (actual time=2018.661..4056.350 rows=690809 loops=1)
  Hash Cond: (mc.movie_id = t.id)
  ->  Seq Scan on movie_companies mc  (cost=0.00..57926.93 rows=871797 width=4) (actual time=0.023..1050.711 rows=690809 loops=1)
        Filter: ((company_id > 2009) AND (company_type_id = 1))
        Rows Removed by Filter: 1918320
  ->  Hash  (cost=61283.27..61283.27 rows=2528527 width=4) (actual time=2016.838..2016.838 rows=2528312 loops=1)
        Buckets: 131072  Batches: 64  Memory Usage: 2415kB
        ->  Seq Scan on title t  (cost=0.00..61283.27 rows=2528527 width=4) (actual time=0.015..1152.809 rows=2528312 loops=1)
Planning time: 0.728 ms
Execution time: 4141.461 ms
