Seq Scan on cast_info ci  (cost=0.00..705507.15 rows=500 width=0) (actual time=10455.500..10919.959 rows=46 loops=1)
  Filter: (person_id = 744436)
  Rows Removed by Filter: 36244298
Planning time: 0.345 ms
Execution time: 10920.088 ms
