Seq Scan on cast_info ci  (cost=0.00..796071.18 rows=7201512 width=0) (actual time=5580.301..16627.354 rows=7451874 loops=1)
  Filter: ((person_id > 45789) AND (role_id = 2))
  Rows Removed by Filter: 28792470
Planning time: 0.425 ms
Execution time: 17583.372 ms
