Seq Scan on movie_companies mc  (cost=0.00..51404.11 rows=104 width=40) (actual time=8.029..976.814 rows=521 loops=1)
  Filter: (company_id = 538)
  Rows Removed by Filter: 2608608
Planning time: 0.426 ms
Execution time: 976.921 ms
