Hash Join  (cost=181218.88..221374.94 rows=143558 width=0) (actual time=3383.764..4411.669 rows=178215 loops=1)
  Hash Cond: (mi_idx.movie_id = t.id)
  ->  Seq Scan on movie_info_idx mi_idx  (cost=0.00..21735.35 rows=1380035 width=4) (actual time=0.008..438.737 rows=1380035 loops=1)
  ->  Hash  (cost=176903.01..176903.01 rows=263029 width=8) (actual time=3382.609..3382.609 rows=138709 loops=1)
        Buckets: 131072  Batches: 4  Memory Usage: 2382kB
        ->  Hash Join  (cost=102767.86..176903.01 rows=263029 width=8) (actual time=1930.264..3339.254 rows=138709 loops=1)
              Hash Cond: (mc.movie_id = t.id)
              ->  Seq Scan on movie_companies mc  (cost=0.00..57926.93 rows=263029 width=4) (actual time=0.037..886.414 rows=138709 loops=1)
                    Filter: ((company_id < 475) AND (company_type_id = 2))
                    Rows Removed by Filter: 2470420
              ->  Hash  (cost=61283.27..61283.27 rows=2528527 width=4) (actual time=1929.144..1929.144 rows=2528312 loops=1)
                    Buckets: 131072  Batches: 64  Memory Usage: 2415kB
                    ->  Seq Scan on title t  (cost=0.00..61283.27 rows=2528527 width=4) (actual time=0.027..1100.084 rows=2528312 loops=1)
Planning time: 2.274 ms
Execution time: 4434.713 ms
