Seq Scan on movie_companies mc  (cost=0.00..57926.93 rows=875421 width=0) (actual time=76.266..996.108 rows=1188423 loops=1)
  Filter: ((company_id < 27007) AND (company_type_id < 2))
  Rows Removed by Filter: 1420706
Planning time: 0.335 ms
Execution time: 1143.431 ms
