Hash Join  (cost=163809.90..663525.95 rows=1865912 width=0) (actual time=3464.501..16504.166 rows=2653170 loops=1)
  Hash Cond: (mi.movie_id = t.id)
  ->  Seq Scan on movie_info mi  (cost=0.00..309384.22 rows=14739122 width=4) (actual time=0.008..5936.726 rows=14835720 loops=1)
  ->  Hash  (cost=158557.64..158557.64 rows=320101 width=8) (actual time=3462.438..3462.438 rows=262386 loops=1)
        Buckets: 131072  Batches: 8  Memory Usage: 2318kB
        ->  Hash Join  (cost=81253.89..158557.64 rows=320101 width=8) (actual time=1419.611..3374.154 rows=262386 loops=1)
              Hash Cond: (mc.movie_id = t.id)
              ->  Seq Scan on movie_companies mc  (cost=0.00..51404.11 rows=1812167 width=4) (actual time=0.027..1033.095 rows=1805407 loops=1)
                    Filter: (company_id < 30018)
                    Rows Removed by Filter: 803722
              ->  Hash  (cost=73925.90..73925.90 rows=446639 width=4) (actual time=1416.278..1416.278 rows=306970 loops=1)
                    Buckets: 131072  Batches: 8  Memory Usage: 2364kB
                    ->  Seq Scan on title t  (cost=0.00..73925.90 rows=446639 width=4) (actual time=0.023..1313.434 rows=306970 loops=1)
                          Filter: ((kind_id > 1) AND (production_year < 1986))
                          Rows Removed by Filter: 2221342
Planning time: 1.200 ms
Execution time: 16801.372 ms
