Hash Join  (cost=162159.29..965884.69 rows=765423 width=0) (actual time=3064.826..30052.625 rows=8581283 loops=1)
  Hash Cond: (ci.movie_id = t.id)
  ->  Seq Scan on cast_info ci  (cost=0.00..614943.12 rows=36225612 width=4) (actual time=0.014..10236.297 rows=36244344 loops=1)
  ->  Hash  (cost=161491.46..161491.46 rows=53426 width=8) (actual time=3064.197..3064.197 rows=100482 loops=1)
        Buckets: 131072 (originally 65536)  Batches: 2 (originally 1)  Memory Usage: 3073kB
        ->  Hash Join  (cost=74299.17..161491.46 rows=53426 width=8) (actual time=1154.739..3025.651 rows=100482 loops=1)
              Hash Cond: (mk.movie_id = t.id)
              ->  Seq Scan on movie_keyword mk  (cost=0.00..69693.30 rows=4523930 width=4) (actual time=0.022..1001.074 rows=4523930 loops=1)
              ->  Hash  (cost=73925.90..73925.90 rows=29861 width=4) (actual time=1154.548..1154.548 rows=17772 loops=1)
                    Buckets: 32768  Batches: 1  Memory Usage: 881kB
                    ->  Seq Scan on title t  (cost=0.00..73925.90 rows=29861 width=4) (actual time=0.029..1143.206 rows=17772 loops=1)
                          Filter: ((kind_id = 1) AND (production_year = 2007))
                          Rows Removed by Filter: 2510540
Planning time: 1.103 ms
Execution time: 31088.755 ms
