Hash Join  (cost=100888.25..155559.24 rows=547 width=0) (actual time=1233.126..2182.520 rows=4553 loops=1)
  Hash Cond: (mc.movie_id = t.id)
  ->  Seq Scan on movie_companies mc  (cost=0.00..44881.29 rows=2609129 width=4) (actual time=0.055..524.259 rows=2609129 loops=1)
  ->  Hash  (cost=100881.62..100881.62 rows=530 width=8) (actual time=1232.246..1232.246 rows=1158 loops=1)
        Buckets: 2048 (originally 1024)  Batches: 1 (originally 1)  Memory Usage: 62kB
        ->  Hash Join  (cost=73962.22..100881.62 rows=530 width=8) (actual time=1003.456..1231.844 rows=1158 loops=1)
              Hash Cond: (mi_idx.movie_id = t.id)
              ->  Seq Scan on movie_info_idx mi_idx  (cost=0.00..25185.44 rows=460978 width=4) (actual time=0.011..184.797 rows=459925 loops=1)
                    Filter: (info_type_id < 100)
                    Rows Removed by Filter: 920110
              ->  Hash  (cost=73925.90..73925.90 rows=2905 width=4) (actual time=1003.080..1003.080 rows=3043 loops=1)
                    Buckets: 4096  Batches: 1  Memory Usage: 139kB
                    ->  Seq Scan on title t  (cost=0.00..73925.90 rows=2905 width=4) (actual time=0.159..1001.440 rows=3043 loops=1)
                          Filter: ((kind_id < 7) AND (production_year = 1952))
                          Rows Removed by Filter: 2525269
Planning time: 1.153 ms
Execution time: 2183.364 ms
