Hash Join  (cost=250707.93..844366.04 rows=8067500 width=0) (actual time=7813.318..57295.666 rows=158000213 loops=1)
  Hash Cond: (mi.movie_id = t.id)
  ->  Seq Scan on movie_info mi  (cost=0.00..346232.03 rows=13926693 width=4) (actual time=0.015..7276.779 rows=13963496 loops=1)
        Filter: (info_type_id < 98)
        Rows Removed by Filter: 872224
  ->  Hash  (cost=226676.77..226676.77 rows=1464733 width=8) (actual time=7810.257..7810.257 rows=3221601 loops=1)
        Buckets: 131072 (originally 131072)  Batches: 64 (originally 32)  Memory Usage: 3106kB
        ->  Hash Join  (cost=83810.17..226676.77 rows=1464733 width=8) (actual time=1605.349..6826.569 rows=3221601 loops=1)
              Hash Cond: (mk.movie_id = t.id)
              ->  Seq Scan on movie_keyword mk  (cost=0.00..81003.12 rows=3749637 width=4) (actual time=0.012..1864.341 rows=3741177 loops=1)
                    Filter: (keyword_id < 24079)
                    Rows Removed by Filter: 782753
              ->  Hash  (cost=67604.59..67604.59 rows=987727 width=4) (actual time=1604.233..1604.233 rows=985048 loops=1)
                    Buckets: 131072  Batches: 16  Memory Usage: 3197kB
                    ->  Seq Scan on title t  (cost=0.00..67604.59 rows=987727 width=4) (actual time=0.021..1296.124 rows=985048 loops=1)
                          Filter: (kind_id < 7)
                          Rows Removed by Filter: 1543264
Planning time: 1.140 ms
Execution time: 74663.349 ms
