Seq Scan on movie_keyword mk  (cost=0.00..81003.12 rows=246 width=0) (actual time=8.980..1320.191 rows=337 loops=1)
  Filter: (keyword_id = 3452)
  Rows Removed by Filter: 4523593
Planning time: 0.360 ms
Execution time: 1320.470 ms
