Seq Scan on movie_companies mc  (cost=0.00..51404.11 rows=104 width=0) (actual time=13.905..831.504 rows=19 loops=1)
  Filter: (company_id = 2013)
  Rows Removed by Filter: 2609110
Planning time: 0.364 ms
Execution time: 831.598 ms
