Seq Scan on cast_info ci  (cost=0.00..705507.15 rows=13844770 width=0) (actual time=1.069..12217.362 rows=13827608 loops=1)
  Filter: (person_id < 1361960)
  Rows Removed by Filter: 22416736
Planning time: 0.337 ms
Execution time: 13892.223 ms
