Seq Scan on cast_info ci  (cost=0.00..705507.15 rows=500 width=0) (actual time=989.239..11266.727 rows=2 loops=1)
  Filter: (person_id = 2788063)
  Rows Removed by Filter: 36244342
Planning time: 0.273 ms
Execution time: 11266.818 ms
