Hash Join  (cost=796926.65..1161588.47 rows=589 width=0) (actual time=11158.267..18281.888 rows=311 loops=1)
  Hash Cond: (mi.movie_id = t.id)
  ->  Seq Scan on movie_info mi  (cost=0.00..309384.22 rows=14739122 width=4) (actual time=0.268..4447.921 rows=14835720 loops=1)
  ->  Hash  (cost=796925.39..796925.39 rows=101 width=8) (actual time=11154.686..11154.686 rows=53 loops=1)
        Buckets: 1024  Batches: 1  Memory Usage: 11kB
        ->  Nested Loop  (cost=0.43..796925.39 rows=101 width=8) (actual time=5231.896..11154.648 rows=53 loops=1)
              ->  Seq Scan on cast_info ci  (cost=0.00..796071.18 rows=101 width=4) (actual time=5231.791..11153.399 rows=53 loops=1)
                    Filter: ((person_id = 2146161) AND (role_id = 2))
                    Rows Removed by Filter: 36244291
              ->  Index Only Scan using title_pkey on title t  (cost=0.43..8.45 rows=1 width=4) (actual time=0.022..0.022 rows=1 loops=53)
                    Index Cond: (id = ci.movie_id)
                    Heap Fetches: 53
Planning time: 0.767 ms
Execution time: 18282.199 ms
