Hash Join  (cost=100970.42..187876.07 rows=890 width=0) (actual time=1938.822..3413.443 rows=11849 loops=1)
  Hash Cond: (mk.movie_id = t.id)
  ->  Seq Scan on movie_keyword mk  (cost=0.00..81003.12 rows=1571634 width=4) (actual time=0.026..1463.362 rows=1580031 loops=1)
        Filter: (keyword_id < 2398)
        Rows Removed by Filter: 2943899
  ->  Hash  (cost=100952.52..100952.52 rows=1432 width=8) (actual time=1706.709..1706.709 rows=2433 loops=1)
        Buckets: 4096 (originally 2048)  Batches: 1 (originally 1)  Memory Usage: 128kB
        ->  Hash Join  (cost=74024.09..100952.52 rows=1432 width=8) (actual time=1210.761..1705.543 rows=2433 loops=1)
              Hash Cond: (mi_idx.movie_id = t.id)
              ->  Seq Scan on movie_info_idx mi_idx  (cost=0.00..25185.44 rows=460978 width=4) (actual time=0.016..414.452 rows=459925 loops=1)
                    Filter: (info_type_id = 99)
                    Rows Removed by Filter: 920110
              ->  Hash  (cost=73925.90..73925.90 rows=7855 width=4) (actual time=1210.432..1210.432 rows=5336 loops=1)
                    Buckets: 8192  Batches: 1  Memory Usage: 252kB
                    ->  Seq Scan on title t  (cost=0.00..73925.90 rows=7855 width=4) (actual time=255.565..1207.819 rows=5336 loops=1)
                          Filter: ((kind_id = 1) AND (production_year = 1994))
                          Rows Removed by Filter: 2522976
Planning time: 1.147 ms
Execution time: 3415.278 ms
