Hash Join  (cost=94699.36..838763.76 rows=16435 width=0) (actual time=2358.104..15461.599 rows=60721 loops=1)
  Hash Cond: (ci.movie_id = t.id)
  ->  Seq Scan on cast_info ci  (cost=0.00..705507.15 rows=10238107 width=4) (actual time=537.022..11670.859 rows=10066112 loops=1)
        Filter: (person_id < 989736)
        Rows Removed by Filter: 26178232
  ->  Hash  (cost=94648.62..94648.62 rows=4059 width=8) (actual time=1820.822..1820.822 rows=7484 loops=1)
        Buckets: 8192 (originally 4096)  Batches: 1 (originally 1)  Memory Usage: 357kB
        ->  Hash Join  (cost=67697.55..94648.62 rows=4059 width=8) (actual time=1181.564..1817.890 rows=7484 loops=1)
              Hash Cond: (mi_idx.movie_id = t.id)
              ->  Seq Scan on movie_info_idx mi_idx  (cost=0.00..21735.35 rows=1380035 width=4) (actual time=0.027..341.357 rows=1380035 loops=1)
              ->  Hash  (cost=67604.59..67604.59 rows=7437 width=4) (actual time=1179.752..1179.752 rows=11073 loops=1)
                    Buckets: 16384 (originally 8192)  Batches: 1 (originally 1)  Memory Usage: 518kB
                    ->  Seq Scan on title t  (cost=0.00..67604.59 rows=7437 width=4) (actual time=0.049..1173.679 rows=11073 loops=1)
                          Filter: (production_year = 1961)
                          Rows Removed by Filter: 2517239
Planning time: 7.563 ms
Execution time: 15471.304 ms
