Hash Join  (cost=154654.97..1013563.66 rows=159768 width=0) (actual time=3071.669..24048.110 rows=1242844 loops=1)
  Hash Cond: (ci.movie_id = t.id)
  ->  Seq Scan on cast_info ci  (cost=0.00..705507.15 rows=30360769 width=4) (actual time=0.022..13870.902 rows=30348472 loops=1)
        Filter: (person_id < 3054836)
        Rows Removed by Filter: 5895872
  ->  Hash  (cost=154488.65..154488.65 rows=13306 width=8) (actual time=3071.490..3071.490 rows=37530 loops=1)
        Buckets: 65536 (originally 16384)  Batches: 1 (originally 1)  Memory Usage: 1979kB
        ->  Hash Join  (cost=67697.55..154488.65 rows=13306 width=8) (actual time=1112.900..3058.488 rows=37530 loops=1)
              Hash Cond: (mk.movie_id = t.id)
              ->  Seq Scan on movie_keyword mk  (cost=0.00..69693.30 rows=4523930 width=4) (actual time=0.011..1056.688 rows=4523930 loops=1)
              ->  Hash  (cost=67604.59..67604.59 rows=7437 width=4) (actual time=1112.758..1112.758 rows=14456 loops=1)
                    Buckets: 16384 (originally 8192)  Batches: 1 (originally 1)  Memory Usage: 637kB
                    ->  Seq Scan on title t  (cost=0.00..67604.59 rows=7437 width=4) (actual time=0.103..1105.808 rows=14456 loops=1)
                          Filter: (production_year = 1981)
                          Rows Removed by Filter: 2513856
Planning time: 1.150 ms
Execution time: 24206.078 ms
